<?xml version="1.0" encoding="UTF-8"?>
<testsuite xmlns:xsi="http://www.w3.org/2001/XMLSchema-instance" xsi:noNamespaceSchemaLocation="https://maven.apache.org/surefire/maven-surefire-plugin/xsd/surefire-test-report-3.0.xsd" version="3.0" name="org.apache.hadoop.fs.ozone.TestOzoneFileSystem" time="236.619" tests="172" errors="0" skipped="0" failures="1">
  <properties>
    <property name="awt.toolkit" value="sun.awt.X11.XToolkit"/>
    <property name="file.encoding.pkg" value="sun.io"/>
    <property name="java.specification.version" value="1.8"/>
    <property name="sun.cpu.isalist" value=""/>
    <property name="sun.jnu.encoding" value="UTF-8"/>
    <property name="java.class.path" value="/home/runner/work/ozone/ozone/hadoop-ozone/integration-test/target/test-classes:/home/runner/work/ozone/ozone/hadoop-ozone/integration-test/target/classes:/home/runner/.m2/repository/org/apache/ozone/ozone-common/1.4.0-SNAPSHOT/ozone-common-1.4.0-SNAPSHOT.jar:/home/runner/.m2/repository/io/grpc/grpc-netty/1.51.1/grpc-netty-1.51.1.jar:/home/runner/.m2/repository/io/grpc/grpc-core/1.51.1/grpc-core-1.51.1.jar:/home/runner/.m2/repository/com/google/android/annotations/4.1.1.4/annotations-4.1.1.4.jar:/home/runner/.m2/repository/org/codehaus/mojo/animal-sniffer-annotations/1.21/animal-sniffer-annotations-1.21.jar:/home/runner/.m2/repository/com/google/errorprone/error_prone_annotations/2.2.0/error_prone_annotations-2.2.0.jar:/home/runner/.m2/repository/io/perfmark/perfmark-api/0.25.0/perfmark-api-0.25.0.jar:/home/runner/.m2/repository/io/netty/netty-codec-http2/4.1.86.Final/netty-codec-http2-4.1.86.Final.jar:/home/runner/.m2/repository/io/netty/netty-common/4.1.86.Final/netty-common-4.1.86.Final.jar:/home/runner/.m2/repository/io/netty/netty-buffer/4.1.86.Final/netty-buffer-4.1.86.Final.jar:/home/runner/.m2/repository/io/netty/netty-codec-http/4.1.86.Final/netty-codec-http-4.1.86.Final.jar:/home/runner/.m2/repository/io/netty/netty-handler-proxy/4.1.86.Final/netty-handler-proxy-4.1.86.Final.jar:/home/runner/.m2/repository/io/netty/netty-codec-socks/4.1.86.Final/netty-codec-socks-4.1.86.Final.jar:/home/runner/.m2/repository/io/netty/netty-tcnative-boringssl-static/2.0.54.Final/netty-tcnative-boringssl-static-2.0.54.Final.jar:/home/runner/.m2/repository/io/netty/netty-tcnative-classes/2.0.54.Final/netty-tcnative-classes-2.0.54.Final.jar:/home/runner/.m2/repository/io/netty/netty-tcnative-boringssl-static/2.0.54.Final/netty-tcnative-boringssl-static-2.0.54.Final-linux-x86_64.jar:/home/runner/.m2/repository/io/netty/netty-tcnative-boringssl-static/2.0.54.Final/netty-tcnative-boringssl-static-2.0.54.Final-linux-aarch_64.jar:/home/runner/.m2/repository/io/netty/netty-tcnative-boringssl-static/2.0.54.Final/netty-tcnative-boringssl-static-2.0.54.Final-osx-x86_64.jar:/home/runner/.m2/repository/io/netty/netty-tcnative-boringssl-static/2.0.54.Final/netty-tcnative-boringssl-static-2.0.54.Final-osx-aarch_64.jar:/home/runner/.m2/repository/io/netty/netty-tcnative-boringssl-static/2.0.54.Final/netty-tcnative-boringssl-static-2.0.54.Final-windows-x86_64.jar:/home/runner/.m2/repository/org/apache/commons/commons-compress/1.21/commons-compress-1.21.jar:/home/runner/.m2/repository/org/apache/ozone/hdds-common/1.4.0-SNAPSHOT/hdds-common-1.4.0-SNAPSHOT.jar:/home/runner/.m2/repository/org/apache/ozone/hdds-client/1.4.0-SNAPSHOT/hdds-client-1.4.0-SNAPSHOT.jar:/home/runner/.m2/repository/org/apache/ozone/ozone-interface-client/1.4.0-SNAPSHOT/ozone-interface-client-1.4.0-SNAPSHOT.jar:/home/runner/.m2/repository/org/apache/ozone/hdds-test-utils/1.4.0-SNAPSHOT/hdds-test-utils-1.4.0-SNAPSHOT.jar:/home/runner/.m2/repository/com/google/guava/guava/31.1-jre/guava-31.1-jre.jar:/home/runner/.m2/repository/com/google/guava/failureaccess/1.0.1/failureaccess-1.0.1.jar:/home/runner/.m2/repository/com/google/guava/listenablefuture/9999.0-empty-to-avoid-conflict-with-guava/listenablefuture-9999.0-empty-to-avoid-conflict-with-guava.jar:/home/runner/.m2/repository/com/google/code/findbugs/jsr305/3.0.0/jsr305-3.0.0.jar:/home/runner/.m2/repository/org/checkerframework/checker-qual/3.12.0/checker-qual-3.12.0.jar:/home/runner/.m2/repository/com/google/j2objc/j2objc-annotations/1.3/j2objc-annotations-1.3.jar:/home/runner/.m2/repository/commons-io/commons-io/2.11.0/commons-io-2.11.0.jar:/home/runner/.m2/repository/commons-logging/commons-logging/1.2/commons-logging-1.2.jar:/home/runner/.m2/repository/ch/qos/reload4j/reload4j/1.2.22/reload4j-1.2.22.jar:/home/runner/.m2/repository/org/slf4j/slf4j-api/1.7.36/slf4j-api-1.7.36.jar:/home/runner/.m2/repository/org/apache/ozone/hdds-server-scm/1.4.0-SNAPSHOT/hdds-server-scm-1.4.0-SNAPSHOT.jar:/home/runner/.m2/repository/org/apache/ozone/hdds-container-service/1.4.0-SNAPSHOT/hdds-container-service-1.4.0-SNAPSHOT.jar:/home/runner/.m2/repository/org/apache/ozone/hdds-hadoop-dependency-server/1.4.0-SNAPSHOT/hdds-hadoop-dependency-server-1.4.0-SNAPSHOT.jar:/home/runner/.m2/repository/org/apache/hadoop/hadoop-hdfs/3.3.5/hadoop-hdfs-3.3.5.jar:/home/runner/.m2/repository/commons-daemon/commons-daemon/1.0.13/commons-daemon-1.0.13.jar:/home/runner/.m2/repository/org/apache/ozone/hdds-server-framework/1.4.0-SNAPSHOT/hdds-server-framework-1.4.0-SNAPSHOT.jar:/home/runner/.m2/repository/io/dropwizard/metrics/metrics-core/3.2.4/metrics-core-3.2.4.jar:/home/runner/.m2/repository/org/apache/commons/commons-text/1.4/commons-text-1.4.jar:/home/runner/.m2/repository/org/apache/hadoop/hadoop-hdfs-client/3.3.5/hadoop-hdfs-client-3.3.5.jar:/home/runner/.m2/repository/com/squareup/okhttp3/okhttp/4.9.3/okhttp-4.9.3.jar:/home/runner/.m2/repository/com/squareup/okio/okio/2.8.0/okio-2.8.0.jar:/home/runner/.m2/repository/org/jetbrains/kotlin/kotlin-stdlib-common/1.6.21/kotlin-stdlib-common-1.6.21.jar:/home/runner/.m2/repository/org/bouncycastle/bcprov-jdk15on/1.67/bcprov-jdk15on-1.67.jar:/home/runner/.m2/repository/com/google/protobuf/protobuf-java/2.5.0/protobuf-java-2.5.0.jar:/home/runner/.m2/repository/org/apache/ozone/hdds-server-framework/1.4.0-SNAPSHOT/hdds-server-framework-1.4.0-SNAPSHOT-tests.jar:/home/runner/.m2/repository/org/apache/ozone/hdds-interface-server/1.4.0-SNAPSHOT/hdds-interface-server-1.4.0-SNAPSHOT.jar:/home/runner/.m2/repository/org/apache/ozone/hdds-interface-admin/1.4.0-SNAPSHOT/hdds-interface-admin-1.4.0-SNAPSHOT.jar:/home/runner/.m2/repository/org/apache/ozone/hdds-managed-rocksdb/1.4.0-SNAPSHOT/hdds-managed-rocksdb-1.4.0-SNAPSHOT.jar:/home/runner/.m2/repository/org/rocksdb/rocksdbjni/7.7.3/rocksdbjni-7.7.3.jar:/home/runner/.m2/repository/org/slf4j/slf4j-reload4j/1.7.36/slf4j-reload4j-1.7.36.jar:/home/runner/.m2/repository/org/apache/commons/commons-configuration2/2.1.1/commons-configuration2-2.1.1.jar:/home/runner/.m2/repository/org/apache/logging/log4j/log4j-core/2.17.1/log4j-core-2.17.1.jar:/home/runner/.m2/repository/com/lmax/disruptor/3.4.2/disruptor-3.4.2.jar:/home/runner/.m2/repository/org/eclipse/jetty/jetty-util/9.4.49.v20220914/jetty-util-9.4.49.v20220914.jar:/home/runner/.m2/repository/org/eclipse/jetty/jetty-server/9.4.49.v20220914/jetty-server-9.4.49.v20220914.jar:/home/runner/.m2/repository/org/eclipse/jetty/jetty-http/9.4.49.v20220914/jetty-http-9.4.49.v20220914.jar:/home/runner/.m2/repository/org/eclipse/jetty/jetty-io/9.4.49.v20220914/jetty-io-9.4.49.v20220914.jar:/home/runner/.m2/repository/org/eclipse/jetty/jetty-servlet/9.4.49.v20220914/jetty-servlet-9.4.49.v20220914.jar:/home/runner/.m2/repository/org/eclipse/jetty/jetty-security/9.4.49.v20220914/jetty-security-9.4.49.v20220914.jar:/home/runner/.m2/repository/org/eclipse/jetty/jetty-util-ajax/9.4.49.v20220914/jetty-util-ajax-9.4.49.v20220914.jar:/home/runner/.m2/repository/org/eclipse/jetty/jetty-webapp/9.4.49.v20220914/jetty-webapp-9.4.49.v20220914.jar:/home/runner/.m2/repository/org/eclipse/jetty/jetty-xml/9.4.49.v20220914/jetty-xml-9.4.49.v20220914.jar:/home/runner/.m2/repository/org/apache/ratis/ratis-server/2.4.2-8b8bdda-SNAPSHOT/ratis-server-2.4.2-8b8bdda-SNAPSHOT.jar:/home/runner/.m2/repository/org/apache/ratis/ratis-thirdparty-misc/1.0.3/ratis-thirdparty-misc-1.0.3.jar:/home/runner/.m2/repository/org/apache/ratis/ratis-proto/2.4.2-8b8bdda-SNAPSHOT/ratis-proto-2.4.2-8b8bdda-SNAPSHOT.jar:/home/runner/.m2/repository/org/apache/ratis/ratis-common/2.4.2-8b8bdda-SNAPSHOT/ratis-common-2.4.2-8b8bdda-SNAPSHOT.jar:/home/runner/.m2/repository/org/apache/ratis/ratis-client/2.4.2-8b8bdda-SNAPSHOT/ratis-client-2.4.2-8b8bdda-SNAPSHOT.jar:/home/runner/.m2/repository/org/apache/ratis/ratis-server-api/2.4.2-8b8bdda-SNAPSHOT/ratis-server-api-2.4.2-8b8bdda-SNAPSHOT.jar:/home/runner/.m2/repository/org/apache/ratis/ratis-metrics/2.4.2-8b8bdda-SNAPSHOT/ratis-metrics-2.4.2-8b8bdda-SNAPSHOT.jar:/home/runner/.m2/repository/io/prometheus/simpleclient_dropwizard/0.7.0/simpleclient_dropwizard-0.7.0.jar:/home/runner/.m2/repository/io/prometheus/simpleclient/0.7.0/simpleclient-0.7.0.jar:/home/runner/.m2/repository/io/prometheus/simpleclient_common/0.7.0/simpleclient_common-0.7.0.jar:/home/runner/.m2/repository/com/fasterxml/jackson/datatype/jackson-datatype-jsr310/2.13.4/jackson-datatype-jsr310-2.13.4.jar:/home/runner/.m2/repository/com/fasterxml/jackson/core/jackson-core/2.13.4/jackson-core-2.13.4.jar:/home/runner/.m2/repository/com/github/spotbugs/spotbugs-annotations/3.1.12/spotbugs-annotations-3.1.12.jar:/home/runner/.m2/repository/org/apache/ozone/rocksdb-checkpoint-differ/1.4.0-SNAPSHOT/rocksdb-checkpoint-differ-1.4.0-SNAPSHOT.jar:/home/runner/.m2/repository/org/awaitility/awaitility/4.2.0/awaitility-4.2.0.jar:/home/runner/.m2/repository/org/hamcrest/hamcrest/2.1/hamcrest-2.1.jar:/home/runner/.m2/repository/org/apache/ozone/ozone-manager/1.4.0-SNAPSHOT/ozone-manager-1.4.0-SNAPSHOT.jar:/home/runner/.m2/repository/org/aspectj/aspectjrt/1.9.7/aspectjrt-1.9.7.jar:/home/runner/.m2/repository/org/aspectj/aspectjweaver/1.9.7/aspectjweaver-1.9.7.jar:/home/runner/.m2/repository/org/apache/ozone/hdds-interface-client/1.4.0-SNAPSHOT/hdds-interface-client-1.4.0-SNAPSHOT.jar:/home/runner/.m2/repository/org/apache/hadoop/thirdparty/hadoop-shaded-protobuf_3_7/1.1.1/hadoop-shaded-protobuf_3_7-1.1.1.jar:/home/runner/.m2/repository/org/apache/ozone/ozone-interface-storage/1.4.0-SNAPSHOT/ozone-interface-storage-1.4.0-SNAPSHOT.jar:/home/runner/.m2/repository/org/reflections/reflections/0.9.11/reflections-0.9.11.jar:/home/runner/.m2/repository/com/sun/jersey/jersey-client/1.19/jersey-client-1.19.jar:/home/runner/.m2/repository/org/codehaus/jackson/jackson-core-asl/1.9.13/jackson-core-asl-1.9.13.jar:/home/runner/.m2/repository/org/codehaus/jackson/jackson-mapper-asl/1.9.13/jackson-mapper-asl-1.9.13.jar:/home/runner/.m2/repository/org/codehaus/jackson/jackson-jaxrs/1.9.13/jackson-jaxrs-1.9.13.jar:/home/runner/.m2/repository/org/apache/ranger/ranger-intg/2.3.0/ranger-intg-2.3.0.jar:/home/runner/.m2/repository/org/apache/ranger/ranger-plugins-common/2.3.0/ranger-plugins-common-2.3.0.jar:/home/runner/.m2/repository/commons-lang/commons-lang/2.6/commons-lang-2.6.jar:/home/runner/.m2/repository/org/apache/ranger/ranger-plugins-cred/2.3.0/ranger-plugins-cred-2.3.0.jar:/home/runner/.m2/repository/org/apache/ranger/ranger-plugins-audit/2.3.0/ranger-plugins-audit-2.3.0.jar:/home/runner/.m2/repository/org/eclipse/jetty/jetty-client/9.4.49.v20220914/jetty-client-9.4.49.v20220914.jar:/home/runner/.m2/repository/org/apache/httpcomponents/httpmime/4.5.6/httpmime-4.5.6.jar:/home/runner/.m2/repository/org/apache/httpcomponents/httpcore-nio/4.4.13/httpcore-nio-4.4.13.jar:/home/runner/.m2/repository/org/apache/httpcomponents/httpasyncclient/4.1.3/httpasyncclient-4.1.3.jar:/home/runner/.m2/repository/com/carrotsearch/hppc/0.8.0/hppc-0.8.0.jar:/home/runner/.m2/repository/org/apache/orc/orc-core/1.5.8/orc-core-1.5.8.jar:/home/runner/.m2/repository/net/java/dev/jna/jna/5.2.0/jna-5.2.0.jar:/home/runner/.m2/repository/net/java/dev/jna/jna-platform/5.2.0/jna-platform-5.2.0.jar:/home/runner/.m2/repository/com/kstruct/gethostname4j/0.0.2/gethostname4j-0.0.2.jar:/home/runner/.m2/repository/org/apache/ranger/ranger-plugin-classloader/2.3.0/ranger-plugin-classloader-2.3.0.jar:/home/runner/.m2/repository/org/apache/hadoop/hadoop-minikdc/3.3.5/hadoop-minikdc-3.3.5.jar:/home/runner/.m2/repository/org/apache/kerby/kerb-simplekdc/1.0.1/kerb-simplekdc-1.0.1.jar:/home/runner/.m2/repository/org/apache/kerby/kerb-client/1.0.1/kerb-client-1.0.1.jar:/home/runner/.m2/repository/org/apache/kerby/kerby-config/1.0.1/kerby-config-1.0.1.jar:/home/runner/.m2/repository/org/apache/kerby/kerb-common/1.0.1/kerb-common-1.0.1.jar:/home/runner/.m2/repository/org/apache/kerby/kerb-crypto/1.0.1/kerb-crypto-1.0.1.jar:/home/runner/.m2/repository/org/apache/kerby/kerb-util/1.0.1/kerb-util-1.0.1.jar:/home/runner/.m2/repository/org/apache/kerby/token-provider/1.0.1/token-provider-1.0.1.jar:/home/runner/.m2/repository/org/apache/kerby/kerb-admin/1.0.1/kerb-admin-1.0.1.jar:/home/runner/.m2/repository/org/apache/kerby/kerb-server/1.0.1/kerb-server-1.0.1.jar:/home/runner/.m2/repository/org/apache/kerby/kerb-identity/1.0.1/kerb-identity-1.0.1.jar:/home/runner/.m2/repository/org/apache/kerby/kerby-xdr/1.0.1/kerby-xdr-1.0.1.jar:/home/runner/.m2/repository/org/apache/ozone/ozone-s3gateway/1.4.0-SNAPSHOT/ozone-s3gateway-1.4.0-SNAPSHOT.jar:/home/runner/.m2/repository/org/javassist/javassist/3.21.0-GA/javassist-3.21.0-GA.jar:/home/runner/.m2/repository/org/jboss/weld/servlet/weld-servlet-shaded/3.1.9.Final/weld-servlet-shaded-3.1.9.Final.jar:/home/runner/.m2/repository/org/glassfish/jersey/containers/jersey-container-servlet-core/2.34/jersey-container-servlet-core-2.34.jar:/home/runner/.m2/repository/org/glassfish/hk2/external/jakarta.inject/2.6.1/jakarta.inject-2.6.1.jar:/home/runner/.m2/repository/org/glassfish/jersey/core/jersey-common/2.34/jersey-common-2.34.jar:/home/runner/.m2/repository/jakarta/ws/rs/jakarta.ws.rs-api/2.1.6/jakarta.ws.rs-api-2.1.6.jar:/home/runner/.m2/repository/org/glassfish/jersey/ext/cdi/jersey-cdi1x/2.34/jersey-cdi1x-2.34.jar:/home/runner/.m2/repository/org/glassfish/jersey/inject/jersey-hk2/2.34/jersey-hk2-2.34.jar:/home/runner/.m2/repository/org/glassfish/hk2/hk2-locator/2.6.1/hk2-locator-2.6.1.jar:/home/runner/.m2/repository/org/glassfish/jersey/media/jersey-media-jaxb/2.34/jersey-media-jaxb-2.34.jar:/home/runner/.m2/repository/org/glassfish/hk2/osgi-resource-locator/1.0.3/osgi-resource-locator-1.0.3.jar:/home/runner/.m2/repository/org/glassfish/hk2/hk2-api/2.5.0/hk2-api-2.5.0.jar:/home/runner/.m2/repository/org/glassfish/hk2/hk2-utils/2.5.0/hk2-utils-2.5.0.jar:/home/runner/.m2/repository/org/glassfish/hk2/external/aopalliance-repackaged/2.5.0/aopalliance-repackaged-2.5.0.jar:/home/runner/.m2/repository/com/fasterxml/jackson/dataformat/jackson-dataformat-xml/2.13.4/jackson-dataformat-xml-2.13.4.jar:/home/runner/.m2/repository/org/codehaus/woodstox/stax2-api/4.2.1/stax2-api-4.2.1.jar:/home/runner/.m2/repository/com/fasterxml/woodstox/woodstox-core/5.4.0/woodstox-core-5.4.0.jar:/home/runner/.m2/repository/com/fasterxml/jackson/module/jackson-module-jaxb-annotations/2.13.4/jackson-module-jaxb-annotations-2.13.4.jar:/home/runner/.m2/repository/jakarta/xml/bind/jakarta.xml.bind-api/2.3.3/jakarta.xml.bind-api-2.3.3.jar:/home/runner/.m2/repository/jakarta/activation/jakarta.activation-api/1.2.2/jakarta.activation-api-1.2.2.jar:/home/runner/.m2/repository/javax/enterprise/cdi-api/2.0/cdi-api-2.0.jar:/home/runner/.m2/repository/javax/el/javax.el-api/3.0.0/javax.el-api-3.0.0.jar:/home/runner/.m2/repository/javax/interceptor/javax.interceptor-api/1.2/javax.interceptor-api-1.2.jar:/home/runner/.m2/repository/javax/inject/javax.inject/1/javax.inject-1.jar:/home/runner/.m2/repository/javax/xml/bind/jaxb-api/2.3.0/jaxb-api-2.3.0.jar:/home/runner/.m2/repository/org/glassfish/jaxb/jaxb-runtime/2.3.0.1/jaxb-runtime-2.3.0.1.jar:/home/runner/.m2/repository/org/glassfish/jaxb/jaxb-core/2.3.0.1/jaxb-core-2.3.0.1.jar:/home/runner/.m2/repository/org/glassfish/jaxb/txw2/2.3.0.1/txw2-2.3.0.1.jar:/home/runner/.m2/repository/com/sun/istack/istack-commons-runtime/3.0.5/istack-commons-runtime-3.0.5.jar:/home/runner/.m2/repository/org/jvnet/staxex/stax-ex/1.7.8/stax-ex-1.7.8.jar:/home/runner/.m2/repository/com/sun/xml/fastinfoset/FastInfoset/1.2.13/FastInfoset-1.2.13.jar:/home/runner/.m2/repository/javax/activation/activation/1.1.1/activation-1.1.1.jar:/home/runner/.m2/repository/io/grpc/grpc-protobuf/1.51.1/grpc-protobuf-1.51.1.jar:/home/runner/.m2/repository/io/grpc/grpc-api/1.51.1/grpc-api-1.51.1.jar:/home/runner/.m2/repository/io/grpc/grpc-context/1.51.1/grpc-context-1.51.1.jar:/home/runner/.m2/repository/com/google/api/grpc/proto-google-common-protos/2.9.0/proto-google-common-protos-2.9.0.jar:/home/runner/.m2/repository/io/grpc/grpc-protobuf-lite/1.51.1/grpc-protobuf-lite-1.51.1.jar:/home/runner/.m2/repository/io/grpc/grpc-stub/1.51.1/grpc-stub-1.51.1.jar:/home/runner/.m2/repository/io/netty/netty-transport/4.1.86.Final/netty-transport-4.1.86.Final.jar:/home/runner/.m2/repository/io/netty/netty-resolver/4.1.86.Final/netty-resolver-4.1.86.Final.jar:/home/runner/.m2/repository/org/apache/ozone/ozone-csi/1.4.0-SNAPSHOT/ozone-csi-1.4.0-SNAPSHOT.jar:/home/runner/.m2/repository/com/google/protobuf/protobuf-java-util/3.19.6/protobuf-java-util-3.19.6.jar:/home/runner/.m2/repository/com/google/code/gson/gson/2.9.0/gson-2.9.0.jar:/home/runner/.m2/repository/org/apache/ozone/hdds-config/1.4.0-SNAPSHOT/hdds-config-1.4.0-SNAPSHOT.jar:/home/runner/.m2/repository/io/netty/netty-transport-native-epoll/4.1.86.Final/netty-transport-native-epoll-4.1.86.Final-linux-x86_64.jar:/home/runner/.m2/repository/io/netty/netty-transport-classes-epoll/4.1.86.Final/netty-transport-classes-epoll-4.1.86.Final.jar:/home/runner/.m2/repository/io/netty/netty-transport-native-unix-common/4.1.86.Final/netty-transport-native-unix-common-4.1.86.Final.jar:/home/runner/.m2/repository/org/apache/ozone/ozone-recon/1.4.0-SNAPSHOT/ozone-recon-1.4.0-SNAPSHOT.jar:/home/runner/.m2/repository/org/apache/ozone/ozone-reconcodegen/1.4.0-SNAPSHOT/ozone-reconcodegen-1.4.0-SNAPSHOT.jar:/home/runner/.m2/repository/com/google/inject/guice/5.1.0/guice-5.1.0.jar:/home/runner/.m2/repository/aopalliance/aopalliance/1.0/aopalliance-1.0.jar:/home/runner/.m2/repository/com/google/inject/extensions/guice-assistedinject/5.1.0/guice-assistedinject-5.1.0.jar:/home/runner/.m2/repository/com/google/inject/extensions/guice-servlet/5.1.0/guice-servlet-5.1.0.jar:/home/runner/.m2/repository/org/glassfish/jersey/containers/jersey-container-servlet/2.34/jersey-container-servlet-2.34.jar:/home/runner/.m2/repository/org/glassfish/hk2/guice-bridge/2.5.0/guice-bridge-2.5.0.jar:/home/runner/.m2/repository/org/glassfish/jersey/core/jersey-server/2.34/jersey-server-2.34.jar:/home/runner/.m2/repository/org/glassfish/jersey/core/jersey-client/2.34/jersey-client-2.34.jar:/home/runner/.m2/repository/jakarta/annotation/jakarta.annotation-api/1.3.5/jakarta.annotation-api-1.3.5.jar:/home/runner/.m2/repository/jakarta/validation/jakarta.validation-api/2.0.2/jakarta.validation-api-2.0.2.jar:/home/runner/.m2/repository/org/glassfish/jersey/media/jersey-media-json-jackson/2.34/jersey-media-json-jackson-2.34.jar:/home/runner/.m2/repository/org/glassfish/jersey/ext/jersey-entity-filtering/2.34/jersey-entity-filtering-2.34.jar:/home/runner/.m2/repository/org/jooq/jooq/3.11.10/jooq-3.11.10.jar:/home/runner/.m2/repository/org/jooq/jooq-meta/3.11.10/jooq-meta-3.11.10.jar:/home/runner/.m2/repository/org/jooq/jooq-codegen/3.11.10/jooq-codegen-3.11.10.jar:/home/runner/.m2/repository/com/jolbox/bonecp/0.8.0.RELEASE/bonecp-0.8.0.RELEASE.jar:/home/runner/.m2/repository/org/apache/derby/derby/10.14.2.0/derby-10.14.2.0.jar:/home/runner/.m2/repository/org/xerial/sqlite-jdbc/3.25.2/sqlite-jdbc-3.25.2.jar:/home/runner/.m2/repository/org/springframework/spring-jdbc/5.3.26/spring-jdbc-5.3.26.jar:/home/runner/.m2/repository/org/springframework/spring-beans/5.3.26/spring-beans-5.3.26.jar:/home/runner/.m2/repository/org/springframework/spring-core/5.3.26/spring-core-5.3.26.jar:/home/runner/.m2/repository/org/springframework/spring-jcl/5.3.26/spring-jcl-5.3.26.jar:/home/runner/.m2/repository/org/springframework/spring-tx/5.3.26/spring-tx-5.3.26.jar:/home/runner/.m2/repository/org/apache/ozone/ozone-client/1.4.0-SNAPSHOT/ozone-client-1.4.0-SNAPSHOT.jar:/home/runner/.m2/repository/org/apache/ozone/hdds-erasurecode/1.4.0-SNAPSHOT/hdds-erasurecode-1.4.0-SNAPSHOT.jar:/home/runner/.m2/repository/org/apache/ozone/ozone-filesystem/1.4.0-SNAPSHOT/ozone-filesystem-1.4.0-SNAPSHOT.jar:/home/runner/.m2/repository/org/apache/ozone/ozone-filesystem-common/1.4.0-SNAPSHOT/ozone-filesystem-common-1.4.0-SNAPSHOT.jar:/home/runner/.m2/repository/org/apache/ozone/ozone-tools/1.4.0-SNAPSHOT/ozone-tools-1.4.0-SNAPSHOT.jar:/home/runner/.m2/repository/com/amazonaws/aws-java-sdk-core/1.12.261/aws-java-sdk-core-1.12.261.jar:/home/runner/.m2/repository/org/apache/httpcomponents/httpclient/4.5.13/httpclient-4.5.13.jar:/home/runner/.m2/repository/org/apache/httpcomponents/httpcore/4.4.13/httpcore-4.4.13.jar:/home/runner/.m2/repository/software/amazon/ion/ion-java/1.0.2/ion-java-1.0.2.jar:/home/runner/.m2/repository/com/fasterxml/jackson/dataformat/jackson-dataformat-cbor/2.13.4/jackson-dataformat-cbor-2.13.4.jar:/home/runner/.m2/repository/joda-time/joda-time/2.10.6/joda-time-2.10.6.jar:/home/runner/.m2/repository/com/amazonaws/aws-java-sdk-s3/1.12.261/aws-java-sdk-s3-1.12.261.jar:/home/runner/.m2/repository/com/amazonaws/aws-java-sdk-kms/1.12.261/aws-java-sdk-kms-1.12.261.jar:/home/runner/.m2/repository/com/amazonaws/jmespath-java/1.12.261/jmespath-java-1.12.261.jar:/home/runner/.m2/repository/org/kohsuke/metainf-services/metainf-services/1.8/metainf-services-1.8.jar:/home/runner/.m2/repository/org/apache/ozone/hdds-tools/1.4.0-SNAPSHOT/hdds-tools-1.4.0-SNAPSHOT.jar:/home/runner/.m2/repository/org/apache/ratis/ratis-tools/2.4.2-8b8bdda-SNAPSHOT/ratis-tools-2.4.2-8b8bdda-SNAPSHOT.jar:/home/runner/.m2/repository/commons-cli/commons-cli/1.2/commons-cli-1.2.jar:/home/runner/.m2/repository/org/apache/commons/commons-lang3/3.7/commons-lang3-3.7.jar:/home/runner/.m2/repository/org/apache/ozone/ozone-manager/1.4.0-SNAPSHOT/ozone-manager-1.4.0-SNAPSHOT-tests.jar:/home/runner/.m2/repository/org/apache/ozone/hdds-common/1.4.0-SNAPSHOT/hdds-common-1.4.0-SNAPSHOT-tests.jar:/home/runner/.m2/repository/org/apache/ozone/hdds-hadoop-dependency-client/1.4.0-SNAPSHOT/hdds-hadoop-dependency-client-1.4.0-SNAPSHOT.jar:/home/runner/.m2/repository/info/picocli/picocli/4.6.1/picocli-4.6.1.jar:/home/runner/.m2/repository/com/fasterxml/jackson/core/jackson-annotations/2.13.4/jackson-annotations-2.13.4.jar:/home/runner/.m2/repository/org/apache/ozone/hdds-annotation-processing/1.4.0-SNAPSHOT/hdds-annotation-processing-1.4.0-SNAPSHOT.jar:/home/runner/.m2/repository/javax/annotation/javax.annotation-api/1.2/javax.annotation-api-1.2.jar:/home/runner/.m2/repository/org/apache/ratis/ratis-netty/2.4.2-8b8bdda-SNAPSHOT/ratis-netty-2.4.2-8b8bdda-SNAPSHOT.jar:/home/runner/.m2/repository/org/apache/ratis/ratis-grpc/2.4.2-8b8bdda-SNAPSHOT/ratis-grpc-2.4.2-8b8bdda-SNAPSHOT.jar:/home/runner/.m2/repository/org/apache/logging/log4j/log4j-api/2.17.1/log4j-api-2.17.1.jar:/home/runner/.m2/repository/org/apache/commons/commons-pool2/2.6.0/commons-pool2-2.6.0.jar:/home/runner/.m2/repository/org/bouncycastle/bcpkix-jdk15on/1.67/bcpkix-jdk15on-1.67.jar:/home/runner/.m2/repository/commons-validator/commons-validator/1.6/commons-validator-1.6.jar:/home/runner/.m2/repository/commons-beanutils/commons-beanutils/1.9.4/commons-beanutils-1.9.4.jar:/home/runner/.m2/repository/commons-digester/commons-digester/1.8.1/commons-digester-1.8.1.jar:/home/runner/.m2/repository/commons-collections/commons-collections/3.2.2/commons-collections-3.2.2.jar:/home/runner/.m2/repository/io/jaegertracing/jaeger-client/1.6.0/jaeger-client-1.6.0.jar:/home/runner/.m2/repository/io/jaegertracing/jaeger-thrift/1.6.0/jaeger-thrift-1.6.0.jar:/home/runner/.m2/repository/org/apache/thrift/libthrift/0.14.1/libthrift-0.14.1.jar:/home/runner/.m2/repository/io/jaegertracing/jaeger-core/1.6.0/jaeger-core-1.6.0.jar:/home/runner/.m2/repository/io/jaegertracing/jaeger-tracerresolver/1.6.0/jaeger-tracerresolver-1.6.0.jar:/home/runner/.m2/repository/io/opentracing/contrib/opentracing-tracerresolver/0.1.8/opentracing-tracerresolver-0.1.8.jar:/home/runner/.m2/repository/org/jetbrains/kotlin/kotlin-stdlib/1.6.21/kotlin-stdlib-1.6.21.jar:/home/runner/.m2/repository/org/jetbrains/annotations/13.0/annotations-13.0.jar:/home/runner/.m2/repository/io/opentracing/opentracing-util/0.33.0/opentracing-util-0.33.0.jar:/home/runner/.m2/repository/io/opentracing/opentracing-api/0.33.0/opentracing-api-0.33.0.jar:/home/runner/.m2/repository/io/opentracing/opentracing-noop/0.33.0/opentracing-noop-0.33.0.jar:/home/runner/.m2/repository/org/yaml/snakeyaml/2.0/snakeyaml-2.0.jar:/home/runner/.m2/repository/junit/junit/4.13.1/junit-4.13.1.jar:/home/runner/.m2/repository/org/hamcrest/hamcrest-core/1.3/hamcrest-core-1.3.jar:/home/runner/.m2/repository/org/junit/jupiter/junit-jupiter-api/5.8.2/junit-jupiter-api-5.8.2.jar:/home/runner/.m2/repository/org/opentest4j/opentest4j/1.2.0/opentest4j-1.2.0.jar:/home/runner/.m2/repository/org/junit/platform/junit-platform-commons/1.8.2/junit-platform-commons-1.8.2.jar:/home/runner/.m2/repository/org/apiguardian/apiguardian-api/1.1.2/apiguardian-api-1.1.2.jar:/home/runner/.m2/repository/org/junit/jupiter/junit-jupiter-params/5.8.2/junit-jupiter-params-5.8.2.jar:/home/runner/.m2/repository/org/junit/jupiter/junit-jupiter-migrationsupport/5.8.2/junit-jupiter-migrationsupport-5.8.2.jar:/home/runner/.m2/repository/org/junit/jupiter/junit-jupiter-engine/5.8.2/junit-jupiter-engine-5.8.2.jar:/home/runner/.m2/repository/org/junit/platform/junit-platform-engine/1.8.2/junit-platform-engine-1.8.2.jar:/home/runner/.m2/repository/org/junit/vintage/junit-vintage-engine/5.8.2/junit-vintage-engine-5.8.2.jar:/home/runner/.m2/repository/org/junit/platform/junit-platform-launcher/1.8.2/junit-platform-launcher-1.8.2.jar:/home/runner/.m2/repository/org/mockito/mockito-core/2.28.2/mockito-core-2.28.2.jar:/home/runner/.m2/repository/net/bytebuddy/byte-buddy/1.9.10/byte-buddy-1.9.10.jar:/home/runner/.m2/repository/net/bytebuddy/byte-buddy-agent/1.9.10/byte-buddy-agent-1.9.10.jar:/home/runner/.m2/repository/org/objenesis/objenesis/1.0/objenesis-1.0.jar:/home/runner/.m2/repository/org/apache/hadoop/hadoop-kms/3.3.5/hadoop-kms-3.3.5.jar:/home/runner/.m2/repository/org/apache/hadoop/hadoop-auth/3.3.5/hadoop-auth-3.3.5.jar:/home/runner/.m2/repository/com/nimbusds/nimbus-jose-jwt/9.8.1/nimbus-jose-jwt-9.8.1.jar:/home/runner/.m2/repository/com/github/stephenc/jcip/jcip-annotations/1.0-1/jcip-annotations-1.0-1.jar:/home/runner/.m2/repository/net/minidev/json-smart/2.4.7/json-smart-2.4.7.jar:/home/runner/.m2/repository/net/minidev/accessors-smart/2.4.7/accessors-smart-2.4.7.jar:/home/runner/.m2/repository/org/ow2/asm/asm/5.0.4/asm-5.0.4.jar:/home/runner/.m2/repository/org/apache/zookeeper/zookeeper/3.5.6/zookeeper-3.5.6.jar:/home/runner/.m2/repository/org/apache/zookeeper/zookeeper-jute/3.5.6/zookeeper-jute-3.5.6.jar:/home/runner/.m2/repository/org/apache/yetus/audience-annotations/0.5.0/audience-annotations-0.5.0.jar:/home/runner/.m2/repository/org/apache/curator/curator-framework/4.2.0/curator-framework-4.2.0.jar:/home/runner/.m2/repository/org/apache/hadoop/thirdparty/hadoop-shaded-guava/1.1.1/hadoop-shaded-guava-1.1.1.jar:/home/runner/.m2/repository/com/sun/jersey/jersey-core/1.19/jersey-core-1.19.jar:/home/runner/.m2/repository/javax/ws/rs/jsr311-api/1.1.1/jsr311-api-1.1.1.jar:/home/runner/.m2/repository/com/sun/jersey/jersey-server/1.19/jersey-server-1.19.jar:/home/runner/.m2/repository/javax/servlet/javax.servlet-api/3.1.0/javax.servlet-api-3.1.0.jar:/home/runner/.m2/repository/org/apache/hadoop/hadoop-common/3.3.5/hadoop-common-3.3.5.jar:/home/runner/.m2/repository/org/apache/commons/commons-math3/3.1.1/commons-math3-3.1.1.jar:/home/runner/.m2/repository/commons-net/commons-net/3.9.0/commons-net-3.9.0.jar:/home/runner/.m2/repository/com/sun/jersey/jersey-servlet/1.19/jersey-servlet-1.19.jar:/home/runner/.m2/repository/com/github/pjfanning/jersey-json/1.20/jersey-json-1.20.jar:/home/runner/.m2/repository/org/codehaus/jettison/jettison/1.1/jettison-1.1.jar:/home/runner/.m2/repository/com/sun/xml/bind/jaxb-impl/2.2.3-1/jaxb-impl-2.2.3-1.jar:/home/runner/.m2/repository/com/google/re2j/re2j/1.1/re2j-1.1.jar:/home/runner/.m2/repository/com/jcraft/jsch/0.1.54/jsch-0.1.54.jar:/home/runner/.m2/repository/org/apache/curator/curator-client/4.2.0/curator-client-4.2.0.jar:/home/runner/.m2/repository/org/apache/curator/curator-recipes/4.2.0/curator-recipes-4.2.0.jar:/home/runner/.m2/repository/org/apache/kerby/kerb-core/1.0.1/kerb-core-1.0.1.jar:/home/runner/.m2/repository/org/apache/kerby/kerby-pkix/1.0.1/kerby-pkix-1.0.1.jar:/home/runner/.m2/repository/org/apache/kerby/kerby-asn1/1.0.1/kerby-asn1-1.0.1.jar:/home/runner/.m2/repository/org/apache/kerby/kerby-util/1.0.1/kerby-util-1.0.1.jar:/home/runner/.m2/repository/dnsjava/dnsjava/2.1.7/dnsjava-2.1.7.jar:/home/runner/.m2/repository/org/xerial/snappy/snappy-java/1.1.8.2/snappy-java-1.1.8.2.jar:/home/runner/.m2/repository/com/fasterxml/jackson/core/jackson-databind/2.13.4.2/jackson-databind-2.13.4.2.jar:/home/runner/.m2/repository/org/apache/hadoop/hadoop-kms/3.3.5/hadoop-kms-3.3.5-tests.jar:/home/runner/.m2/repository/org/apache/ozone/hdds-server-scm/1.4.0-SNAPSHOT/hdds-server-scm-1.4.0-SNAPSHOT-tests.jar:/home/runner/.m2/repository/org/apache/ozone/hdds-container-service/1.4.0-SNAPSHOT/hdds-container-service-1.4.0-SNAPSHOT-tests.jar:/home/runner/.m2/repository/com/github/luben/zstd-jni/1.5.2-5/zstd-jni-1.5.2-5.jar:/home/runner/.m2/repository/commons-codec/commons-codec/1.15/commons-codec-1.15.jar:/home/runner/.m2/repository/io/netty/netty-codec/4.1.86.Final/netty-codec-4.1.86.Final.jar:/home/runner/.m2/repository/io/netty/netty-handler/4.1.86.Final/netty-handler-4.1.86.Final.jar:/home/runner/.m2/repository/org/apache/ozone/hdds-hadoop-dependency-test/1.4.0-SNAPSHOT/hdds-hadoop-dependency-test-1.4.0-SNAPSHOT.jar:/home/runner/.m2/repository/org/apache/hadoop/hadoop-common/3.3.5/hadoop-common-3.3.5-tests.jar:/home/runner/.m2/repository/org/apache/hadoop/hadoop-hdfs/3.3.5/hadoop-hdfs-3.3.5-tests.jar:/home/runner/.m2/repository/org/assertj/assertj-core/3.12.2/assertj-core-3.12.2.jar:/home/runner/.m2/repository/org/apache/hadoop/hadoop-distcp/3.3.5/hadoop-distcp-3.3.5.jar:/home/runner/.m2/repository/org/apache/hadoop/hadoop-mapreduce-client-jobclient/3.3.5/hadoop-mapreduce-client-jobclient-3.3.5.jar:/home/runner/.m2/repository/org/apache/hadoop/hadoop-mapreduce-client-common/3.3.5/hadoop-mapreduce-client-common-3.3.5.jar:/home/runner/.m2/repository/org/apache/hadoop/hadoop-yarn-common/3.3.5/hadoop-yarn-common-3.3.5.jar:/home/runner/.m2/repository/org/apache/hadoop/hadoop-yarn-api/3.3.5/hadoop-yarn-api-3.3.5.jar:/home/runner/.m2/repository/com/sun/jersey/contribs/jersey-guice/1.19/jersey-guice-1.19.jar:/home/runner/.m2/repository/com/fasterxml/jackson/jaxrs/jackson-jaxrs-json-provider/2.13.4/jackson-jaxrs-json-provider-2.13.4.jar:/home/runner/.m2/repository/com/fasterxml/jackson/jaxrs/jackson-jaxrs-base/2.13.4/jackson-jaxrs-base-2.13.4.jar:/home/runner/.m2/repository/org/apache/hadoop/hadoop-yarn-client/3.3.5/hadoop-yarn-client-3.3.5.jar:/home/runner/.m2/repository/org/eclipse/jetty/websocket/websocket-client/9.4.48.v20220622/websocket-client-9.4.48.v20220622.jar:/home/runner/.m2/repository/org/eclipse/jetty/websocket/websocket-common/9.4.48.v20220622/websocket-common-9.4.48.v20220622.jar:/home/runner/.m2/repository/org/eclipse/jetty/websocket/websocket-api/9.4.48.v20220622/websocket-api-9.4.48.v20220622.jar:/home/runner/.m2/repository/org/jline/jline/3.9.0/jline-3.9.0.jar:/home/runner/.m2/repository/org/apache/hadoop/hadoop-mapreduce-client-core/3.3.5/hadoop-mapreduce-client-core-3.3.5.jar:/home/runner/.m2/repository/org/apache/avro/avro/1.7.7/avro-1.7.7.jar:/home/runner/.m2/repository/com/thoughtworks/paranamer/paranamer/2.3/paranamer-2.3.jar:/home/runner/.m2/repository/org/apache/hadoop/hadoop-annotations/3.3.5/hadoop-annotations-3.3.5.jar:/usr/lib/jvm/temurin-8-jdk-amd64/jre/../lib/tools.jar:/home/runner/.m2/repository/io/netty/netty/3.10.6.Final/netty-3.10.6.Final.jar:/home/runner/.m2/repository/org/apache/hadoop/hadoop-distcp/3.3.5/hadoop-distcp-3.3.5-tests.jar:/home/runner/.m2/repository/org/slf4j/jul-to-slf4j/1.7.36/jul-to-slf4j-1.7.36.jar:"/>
    <property name="java.vm.vendor" value="Temurin"/>
    <property name="sun.arch.data.model" value="64"/>
    <property name="test.build.dir" value="/home/runner/work/ozone/ozone/hadoop-ozone/integration-test/target/test-dir"/>
    <property name="test.cache.data" value=""/>
    <property name="java.vendor.url" value="https://adoptium.net/"/>
    <property name="user.timezone" value="Etc/UTC"/>
    <property name="java.vm.specification.version" value="1.8"/>
    <property name="os.name" value="Linux"/>
    <property name="test.build.data" value="/home/runner/work/ozone/ozone/hadoop-ozone/integration-test/target/test-dir"/>
    <property name="sun.java.launcher" value="SUN_STANDARD"/>
    <property name="sun.boot.library.path" value="/usr/lib/jvm/temurin-8-jdk-amd64/jre/lib/amd64"/>
    <property name="sun.java.command" value="/home/runner/work/ozone/ozone/hadoop-ozone/integration-test/target/surefire/surefirebooter4150334195384895876.jar /home/runner/work/ozone/ozone/hadoop-ozone/integration-test/target/surefire 2023-04-11T11-03-01_700-jvmRun1 surefire9211565248386368683tmp surefire_253171019130821608433tmp"/>
    <property name="surefire.test.class.path" value="/home/runner/work/ozone/ozone/hadoop-ozone/integration-test/target/test-classes:/home/runner/work/ozone/ozone/hadoop-ozone/integration-test/target/classes:/home/runner/.m2/repository/org/apache/ozone/ozone-common/1.4.0-SNAPSHOT/ozone-common-1.4.0-SNAPSHOT.jar:/home/runner/.m2/repository/io/grpc/grpc-netty/1.51.1/grpc-netty-1.51.1.jar:/home/runner/.m2/repository/io/grpc/grpc-core/1.51.1/grpc-core-1.51.1.jar:/home/runner/.m2/repository/com/google/android/annotations/4.1.1.4/annotations-4.1.1.4.jar:/home/runner/.m2/repository/org/codehaus/mojo/animal-sniffer-annotations/1.21/animal-sniffer-annotations-1.21.jar:/home/runner/.m2/repository/com/google/errorprone/error_prone_annotations/2.2.0/error_prone_annotations-2.2.0.jar:/home/runner/.m2/repository/io/perfmark/perfmark-api/0.25.0/perfmark-api-0.25.0.jar:/home/runner/.m2/repository/io/netty/netty-codec-http2/4.1.86.Final/netty-codec-http2-4.1.86.Final.jar:/home/runner/.m2/repository/io/netty/netty-common/4.1.86.Final/netty-common-4.1.86.Final.jar:/home/runner/.m2/repository/io/netty/netty-buffer/4.1.86.Final/netty-buffer-4.1.86.Final.jar:/home/runner/.m2/repository/io/netty/netty-codec-http/4.1.86.Final/netty-codec-http-4.1.86.Final.jar:/home/runner/.m2/repository/io/netty/netty-handler-proxy/4.1.86.Final/netty-handler-proxy-4.1.86.Final.jar:/home/runner/.m2/repository/io/netty/netty-codec-socks/4.1.86.Final/netty-codec-socks-4.1.86.Final.jar:/home/runner/.m2/repository/io/netty/netty-tcnative-boringssl-static/2.0.54.Final/netty-tcnative-boringssl-static-2.0.54.Final.jar:/home/runner/.m2/repository/io/netty/netty-tcnative-classes/2.0.54.Final/netty-tcnative-classes-2.0.54.Final.jar:/home/runner/.m2/repository/io/netty/netty-tcnative-boringssl-static/2.0.54.Final/netty-tcnative-boringssl-static-2.0.54.Final-linux-x86_64.jar:/home/runner/.m2/repository/io/netty/netty-tcnative-boringssl-static/2.0.54.Final/netty-tcnative-boringssl-static-2.0.54.Final-linux-aarch_64.jar:/home/runner/.m2/repository/io/netty/netty-tcnative-boringssl-static/2.0.54.Final/netty-tcnative-boringssl-static-2.0.54.Final-osx-x86_64.jar:/home/runner/.m2/repository/io/netty/netty-tcnative-boringssl-static/2.0.54.Final/netty-tcnative-boringssl-static-2.0.54.Final-osx-aarch_64.jar:/home/runner/.m2/repository/io/netty/netty-tcnative-boringssl-static/2.0.54.Final/netty-tcnative-boringssl-static-2.0.54.Final-windows-x86_64.jar:/home/runner/.m2/repository/org/apache/commons/commons-compress/1.21/commons-compress-1.21.jar:/home/runner/.m2/repository/org/apache/ozone/hdds-common/1.4.0-SNAPSHOT/hdds-common-1.4.0-SNAPSHOT.jar:/home/runner/.m2/repository/org/apache/ozone/hdds-client/1.4.0-SNAPSHOT/hdds-client-1.4.0-SNAPSHOT.jar:/home/runner/.m2/repository/org/apache/ozone/ozone-interface-client/1.4.0-SNAPSHOT/ozone-interface-client-1.4.0-SNAPSHOT.jar:/home/runner/.m2/repository/org/apache/ozone/hdds-test-utils/1.4.0-SNAPSHOT/hdds-test-utils-1.4.0-SNAPSHOT.jar:/home/runner/.m2/repository/com/google/guava/guava/31.1-jre/guava-31.1-jre.jar:/home/runner/.m2/repository/com/google/guava/failureaccess/1.0.1/failureaccess-1.0.1.jar:/home/runner/.m2/repository/com/google/guava/listenablefuture/9999.0-empty-to-avoid-conflict-with-guava/listenablefuture-9999.0-empty-to-avoid-conflict-with-guava.jar:/home/runner/.m2/repository/com/google/code/findbugs/jsr305/3.0.0/jsr305-3.0.0.jar:/home/runner/.m2/repository/org/checkerframework/checker-qual/3.12.0/checker-qual-3.12.0.jar:/home/runner/.m2/repository/com/google/j2objc/j2objc-annotations/1.3/j2objc-annotations-1.3.jar:/home/runner/.m2/repository/commons-io/commons-io/2.11.0/commons-io-2.11.0.jar:/home/runner/.m2/repository/commons-logging/commons-logging/1.2/commons-logging-1.2.jar:/home/runner/.m2/repository/ch/qos/reload4j/reload4j/1.2.22/reload4j-1.2.22.jar:/home/runner/.m2/repository/org/slf4j/slf4j-api/1.7.36/slf4j-api-1.7.36.jar:/home/runner/.m2/repository/org/apache/ozone/hdds-server-scm/1.4.0-SNAPSHOT/hdds-server-scm-1.4.0-SNAPSHOT.jar:/home/runner/.m2/repository/org/apache/ozone/hdds-container-service/1.4.0-SNAPSHOT/hdds-container-service-1.4.0-SNAPSHOT.jar:/home/runner/.m2/repository/org/apache/ozone/hdds-hadoop-dependency-server/1.4.0-SNAPSHOT/hdds-hadoop-dependency-server-1.4.0-SNAPSHOT.jar:/home/runner/.m2/repository/org/apache/hadoop/hadoop-hdfs/3.3.5/hadoop-hdfs-3.3.5.jar:/home/runner/.m2/repository/commons-daemon/commons-daemon/1.0.13/commons-daemon-1.0.13.jar:/home/runner/.m2/repository/org/apache/ozone/hdds-server-framework/1.4.0-SNAPSHOT/hdds-server-framework-1.4.0-SNAPSHOT.jar:/home/runner/.m2/repository/io/dropwizard/metrics/metrics-core/3.2.4/metrics-core-3.2.4.jar:/home/runner/.m2/repository/org/apache/commons/commons-text/1.4/commons-text-1.4.jar:/home/runner/.m2/repository/org/apache/hadoop/hadoop-hdfs-client/3.3.5/hadoop-hdfs-client-3.3.5.jar:/home/runner/.m2/repository/com/squareup/okhttp3/okhttp/4.9.3/okhttp-4.9.3.jar:/home/runner/.m2/repository/com/squareup/okio/okio/2.8.0/okio-2.8.0.jar:/home/runner/.m2/repository/org/jetbrains/kotlin/kotlin-stdlib-common/1.6.21/kotlin-stdlib-common-1.6.21.jar:/home/runner/.m2/repository/org/bouncycastle/bcprov-jdk15on/1.67/bcprov-jdk15on-1.67.jar:/home/runner/.m2/repository/com/google/protobuf/protobuf-java/2.5.0/protobuf-java-2.5.0.jar:/home/runner/.m2/repository/org/apache/ozone/hdds-server-framework/1.4.0-SNAPSHOT/hdds-server-framework-1.4.0-SNAPSHOT-tests.jar:/home/runner/.m2/repository/org/apache/ozone/hdds-interface-server/1.4.0-SNAPSHOT/hdds-interface-server-1.4.0-SNAPSHOT.jar:/home/runner/.m2/repository/org/apache/ozone/hdds-interface-admin/1.4.0-SNAPSHOT/hdds-interface-admin-1.4.0-SNAPSHOT.jar:/home/runner/.m2/repository/org/apache/ozone/hdds-managed-rocksdb/1.4.0-SNAPSHOT/hdds-managed-rocksdb-1.4.0-SNAPSHOT.jar:/home/runner/.m2/repository/org/rocksdb/rocksdbjni/7.7.3/rocksdbjni-7.7.3.jar:/home/runner/.m2/repository/org/slf4j/slf4j-reload4j/1.7.36/slf4j-reload4j-1.7.36.jar:/home/runner/.m2/repository/org/apache/commons/commons-configuration2/2.1.1/commons-configuration2-2.1.1.jar:/home/runner/.m2/repository/org/apache/logging/log4j/log4j-core/2.17.1/log4j-core-2.17.1.jar:/home/runner/.m2/repository/com/lmax/disruptor/3.4.2/disruptor-3.4.2.jar:/home/runner/.m2/repository/org/eclipse/jetty/jetty-util/9.4.49.v20220914/jetty-util-9.4.49.v20220914.jar:/home/runner/.m2/repository/org/eclipse/jetty/jetty-server/9.4.49.v20220914/jetty-server-9.4.49.v20220914.jar:/home/runner/.m2/repository/org/eclipse/jetty/jetty-http/9.4.49.v20220914/jetty-http-9.4.49.v20220914.jar:/home/runner/.m2/repository/org/eclipse/jetty/jetty-io/9.4.49.v20220914/jetty-io-9.4.49.v20220914.jar:/home/runner/.m2/repository/org/eclipse/jetty/jetty-servlet/9.4.49.v20220914/jetty-servlet-9.4.49.v20220914.jar:/home/runner/.m2/repository/org/eclipse/jetty/jetty-security/9.4.49.v20220914/jetty-security-9.4.49.v20220914.jar:/home/runner/.m2/repository/org/eclipse/jetty/jetty-util-ajax/9.4.49.v20220914/jetty-util-ajax-9.4.49.v20220914.jar:/home/runner/.m2/repository/org/eclipse/jetty/jetty-webapp/9.4.49.v20220914/jetty-webapp-9.4.49.v20220914.jar:/home/runner/.m2/repository/org/eclipse/jetty/jetty-xml/9.4.49.v20220914/jetty-xml-9.4.49.v20220914.jar:/home/runner/.m2/repository/org/apache/ratis/ratis-server/2.4.2-8b8bdda-SNAPSHOT/ratis-server-2.4.2-8b8bdda-SNAPSHOT.jar:/home/runner/.m2/repository/org/apache/ratis/ratis-thirdparty-misc/1.0.3/ratis-thirdparty-misc-1.0.3.jar:/home/runner/.m2/repository/org/apache/ratis/ratis-proto/2.4.2-8b8bdda-SNAPSHOT/ratis-proto-2.4.2-8b8bdda-SNAPSHOT.jar:/home/runner/.m2/repository/org/apache/ratis/ratis-common/2.4.2-8b8bdda-SNAPSHOT/ratis-common-2.4.2-8b8bdda-SNAPSHOT.jar:/home/runner/.m2/repository/org/apache/ratis/ratis-client/2.4.2-8b8bdda-SNAPSHOT/ratis-client-2.4.2-8b8bdda-SNAPSHOT.jar:/home/runner/.m2/repository/org/apache/ratis/ratis-server-api/2.4.2-8b8bdda-SNAPSHOT/ratis-server-api-2.4.2-8b8bdda-SNAPSHOT.jar:/home/runner/.m2/repository/org/apache/ratis/ratis-metrics/2.4.2-8b8bdda-SNAPSHOT/ratis-metrics-2.4.2-8b8bdda-SNAPSHOT.jar:/home/runner/.m2/repository/io/prometheus/simpleclient_dropwizard/0.7.0/simpleclient_dropwizard-0.7.0.jar:/home/runner/.m2/repository/io/prometheus/simpleclient/0.7.0/simpleclient-0.7.0.jar:/home/runner/.m2/repository/io/prometheus/simpleclient_common/0.7.0/simpleclient_common-0.7.0.jar:/home/runner/.m2/repository/com/fasterxml/jackson/datatype/jackson-datatype-jsr310/2.13.4/jackson-datatype-jsr310-2.13.4.jar:/home/runner/.m2/repository/com/fasterxml/jackson/core/jackson-core/2.13.4/jackson-core-2.13.4.jar:/home/runner/.m2/repository/com/github/spotbugs/spotbugs-annotations/3.1.12/spotbugs-annotations-3.1.12.jar:/home/runner/.m2/repository/org/apache/ozone/rocksdb-checkpoint-differ/1.4.0-SNAPSHOT/rocksdb-checkpoint-differ-1.4.0-SNAPSHOT.jar:/home/runner/.m2/repository/org/awaitility/awaitility/4.2.0/awaitility-4.2.0.jar:/home/runner/.m2/repository/org/hamcrest/hamcrest/2.1/hamcrest-2.1.jar:/home/runner/.m2/repository/org/apache/ozone/ozone-manager/1.4.0-SNAPSHOT/ozone-manager-1.4.0-SNAPSHOT.jar:/home/runner/.m2/repository/org/aspectj/aspectjrt/1.9.7/aspectjrt-1.9.7.jar:/home/runner/.m2/repository/org/aspectj/aspectjweaver/1.9.7/aspectjweaver-1.9.7.jar:/home/runner/.m2/repository/org/apache/ozone/hdds-interface-client/1.4.0-SNAPSHOT/hdds-interface-client-1.4.0-SNAPSHOT.jar:/home/runner/.m2/repository/org/apache/hadoop/thirdparty/hadoop-shaded-protobuf_3_7/1.1.1/hadoop-shaded-protobuf_3_7-1.1.1.jar:/home/runner/.m2/repository/org/apache/ozone/ozone-interface-storage/1.4.0-SNAPSHOT/ozone-interface-storage-1.4.0-SNAPSHOT.jar:/home/runner/.m2/repository/org/reflections/reflections/0.9.11/reflections-0.9.11.jar:/home/runner/.m2/repository/com/sun/jersey/jersey-client/1.19/jersey-client-1.19.jar:/home/runner/.m2/repository/org/codehaus/jackson/jackson-core-asl/1.9.13/jackson-core-asl-1.9.13.jar:/home/runner/.m2/repository/org/codehaus/jackson/jackson-mapper-asl/1.9.13/jackson-mapper-asl-1.9.13.jar:/home/runner/.m2/repository/org/codehaus/jackson/jackson-jaxrs/1.9.13/jackson-jaxrs-1.9.13.jar:/home/runner/.m2/repository/org/apache/ranger/ranger-intg/2.3.0/ranger-intg-2.3.0.jar:/home/runner/.m2/repository/org/apache/ranger/ranger-plugins-common/2.3.0/ranger-plugins-common-2.3.0.jar:/home/runner/.m2/repository/commons-lang/commons-lang/2.6/commons-lang-2.6.jar:/home/runner/.m2/repository/org/apache/ranger/ranger-plugins-cred/2.3.0/ranger-plugins-cred-2.3.0.jar:/home/runner/.m2/repository/org/apache/ranger/ranger-plugins-audit/2.3.0/ranger-plugins-audit-2.3.0.jar:/home/runner/.m2/repository/org/eclipse/jetty/jetty-client/9.4.49.v20220914/jetty-client-9.4.49.v20220914.jar:/home/runner/.m2/repository/org/apache/httpcomponents/httpmime/4.5.6/httpmime-4.5.6.jar:/home/runner/.m2/repository/org/apache/httpcomponents/httpcore-nio/4.4.13/httpcore-nio-4.4.13.jar:/home/runner/.m2/repository/org/apache/httpcomponents/httpasyncclient/4.1.3/httpasyncclient-4.1.3.jar:/home/runner/.m2/repository/com/carrotsearch/hppc/0.8.0/hppc-0.8.0.jar:/home/runner/.m2/repository/org/apache/orc/orc-core/1.5.8/orc-core-1.5.8.jar:/home/runner/.m2/repository/net/java/dev/jna/jna/5.2.0/jna-5.2.0.jar:/home/runner/.m2/repository/net/java/dev/jna/jna-platform/5.2.0/jna-platform-5.2.0.jar:/home/runner/.m2/repository/com/kstruct/gethostname4j/0.0.2/gethostname4j-0.0.2.jar:/home/runner/.m2/repository/org/apache/ranger/ranger-plugin-classloader/2.3.0/ranger-plugin-classloader-2.3.0.jar:/home/runner/.m2/repository/org/apache/hadoop/hadoop-minikdc/3.3.5/hadoop-minikdc-3.3.5.jar:/home/runner/.m2/repository/org/apache/kerby/kerb-simplekdc/1.0.1/kerb-simplekdc-1.0.1.jar:/home/runner/.m2/repository/org/apache/kerby/kerb-client/1.0.1/kerb-client-1.0.1.jar:/home/runner/.m2/repository/org/apache/kerby/kerby-config/1.0.1/kerby-config-1.0.1.jar:/home/runner/.m2/repository/org/apache/kerby/kerb-common/1.0.1/kerb-common-1.0.1.jar:/home/runner/.m2/repository/org/apache/kerby/kerb-crypto/1.0.1/kerb-crypto-1.0.1.jar:/home/runner/.m2/repository/org/apache/kerby/kerb-util/1.0.1/kerb-util-1.0.1.jar:/home/runner/.m2/repository/org/apache/kerby/token-provider/1.0.1/token-provider-1.0.1.jar:/home/runner/.m2/repository/org/apache/kerby/kerb-admin/1.0.1/kerb-admin-1.0.1.jar:/home/runner/.m2/repository/org/apache/kerby/kerb-server/1.0.1/kerb-server-1.0.1.jar:/home/runner/.m2/repository/org/apache/kerby/kerb-identity/1.0.1/kerb-identity-1.0.1.jar:/home/runner/.m2/repository/org/apache/kerby/kerby-xdr/1.0.1/kerby-xdr-1.0.1.jar:/home/runner/.m2/repository/org/apache/ozone/ozone-s3gateway/1.4.0-SNAPSHOT/ozone-s3gateway-1.4.0-SNAPSHOT.jar:/home/runner/.m2/repository/org/javassist/javassist/3.21.0-GA/javassist-3.21.0-GA.jar:/home/runner/.m2/repository/org/jboss/weld/servlet/weld-servlet-shaded/3.1.9.Final/weld-servlet-shaded-3.1.9.Final.jar:/home/runner/.m2/repository/org/glassfish/jersey/containers/jersey-container-servlet-core/2.34/jersey-container-servlet-core-2.34.jar:/home/runner/.m2/repository/org/glassfish/hk2/external/jakarta.inject/2.6.1/jakarta.inject-2.6.1.jar:/home/runner/.m2/repository/org/glassfish/jersey/core/jersey-common/2.34/jersey-common-2.34.jar:/home/runner/.m2/repository/jakarta/ws/rs/jakarta.ws.rs-api/2.1.6/jakarta.ws.rs-api-2.1.6.jar:/home/runner/.m2/repository/org/glassfish/jersey/ext/cdi/jersey-cdi1x/2.34/jersey-cdi1x-2.34.jar:/home/runner/.m2/repository/org/glassfish/jersey/inject/jersey-hk2/2.34/jersey-hk2-2.34.jar:/home/runner/.m2/repository/org/glassfish/hk2/hk2-locator/2.6.1/hk2-locator-2.6.1.jar:/home/runner/.m2/repository/org/glassfish/jersey/media/jersey-media-jaxb/2.34/jersey-media-jaxb-2.34.jar:/home/runner/.m2/repository/org/glassfish/hk2/osgi-resource-locator/1.0.3/osgi-resource-locator-1.0.3.jar:/home/runner/.m2/repository/org/glassfish/hk2/hk2-api/2.5.0/hk2-api-2.5.0.jar:/home/runner/.m2/repository/org/glassfish/hk2/hk2-utils/2.5.0/hk2-utils-2.5.0.jar:/home/runner/.m2/repository/org/glassfish/hk2/external/aopalliance-repackaged/2.5.0/aopalliance-repackaged-2.5.0.jar:/home/runner/.m2/repository/com/fasterxml/jackson/dataformat/jackson-dataformat-xml/2.13.4/jackson-dataformat-xml-2.13.4.jar:/home/runner/.m2/repository/org/codehaus/woodstox/stax2-api/4.2.1/stax2-api-4.2.1.jar:/home/runner/.m2/repository/com/fasterxml/woodstox/woodstox-core/5.4.0/woodstox-core-5.4.0.jar:/home/runner/.m2/repository/com/fasterxml/jackson/module/jackson-module-jaxb-annotations/2.13.4/jackson-module-jaxb-annotations-2.13.4.jar:/home/runner/.m2/repository/jakarta/xml/bind/jakarta.xml.bind-api/2.3.3/jakarta.xml.bind-api-2.3.3.jar:/home/runner/.m2/repository/jakarta/activation/jakarta.activation-api/1.2.2/jakarta.activation-api-1.2.2.jar:/home/runner/.m2/repository/javax/enterprise/cdi-api/2.0/cdi-api-2.0.jar:/home/runner/.m2/repository/javax/el/javax.el-api/3.0.0/javax.el-api-3.0.0.jar:/home/runner/.m2/repository/javax/interceptor/javax.interceptor-api/1.2/javax.interceptor-api-1.2.jar:/home/runner/.m2/repository/javax/inject/javax.inject/1/javax.inject-1.jar:/home/runner/.m2/repository/javax/xml/bind/jaxb-api/2.3.0/jaxb-api-2.3.0.jar:/home/runner/.m2/repository/org/glassfish/jaxb/jaxb-runtime/2.3.0.1/jaxb-runtime-2.3.0.1.jar:/home/runner/.m2/repository/org/glassfish/jaxb/jaxb-core/2.3.0.1/jaxb-core-2.3.0.1.jar:/home/runner/.m2/repository/org/glassfish/jaxb/txw2/2.3.0.1/txw2-2.3.0.1.jar:/home/runner/.m2/repository/com/sun/istack/istack-commons-runtime/3.0.5/istack-commons-runtime-3.0.5.jar:/home/runner/.m2/repository/org/jvnet/staxex/stax-ex/1.7.8/stax-ex-1.7.8.jar:/home/runner/.m2/repository/com/sun/xml/fastinfoset/FastInfoset/1.2.13/FastInfoset-1.2.13.jar:/home/runner/.m2/repository/javax/activation/activation/1.1.1/activation-1.1.1.jar:/home/runner/.m2/repository/io/grpc/grpc-protobuf/1.51.1/grpc-protobuf-1.51.1.jar:/home/runner/.m2/repository/io/grpc/grpc-api/1.51.1/grpc-api-1.51.1.jar:/home/runner/.m2/repository/io/grpc/grpc-context/1.51.1/grpc-context-1.51.1.jar:/home/runner/.m2/repository/com/google/api/grpc/proto-google-common-protos/2.9.0/proto-google-common-protos-2.9.0.jar:/home/runner/.m2/repository/io/grpc/grpc-protobuf-lite/1.51.1/grpc-protobuf-lite-1.51.1.jar:/home/runner/.m2/repository/io/grpc/grpc-stub/1.51.1/grpc-stub-1.51.1.jar:/home/runner/.m2/repository/io/netty/netty-transport/4.1.86.Final/netty-transport-4.1.86.Final.jar:/home/runner/.m2/repository/io/netty/netty-resolver/4.1.86.Final/netty-resolver-4.1.86.Final.jar:/home/runner/.m2/repository/org/apache/ozone/ozone-csi/1.4.0-SNAPSHOT/ozone-csi-1.4.0-SNAPSHOT.jar:/home/runner/.m2/repository/com/google/protobuf/protobuf-java-util/3.19.6/protobuf-java-util-3.19.6.jar:/home/runner/.m2/repository/com/google/code/gson/gson/2.9.0/gson-2.9.0.jar:/home/runner/.m2/repository/org/apache/ozone/hdds-config/1.4.0-SNAPSHOT/hdds-config-1.4.0-SNAPSHOT.jar:/home/runner/.m2/repository/io/netty/netty-transport-native-epoll/4.1.86.Final/netty-transport-native-epoll-4.1.86.Final-linux-x86_64.jar:/home/runner/.m2/repository/io/netty/netty-transport-classes-epoll/4.1.86.Final/netty-transport-classes-epoll-4.1.86.Final.jar:/home/runner/.m2/repository/io/netty/netty-transport-native-unix-common/4.1.86.Final/netty-transport-native-unix-common-4.1.86.Final.jar:/home/runner/.m2/repository/org/apache/ozone/ozone-recon/1.4.0-SNAPSHOT/ozone-recon-1.4.0-SNAPSHOT.jar:/home/runner/.m2/repository/org/apache/ozone/ozone-reconcodegen/1.4.0-SNAPSHOT/ozone-reconcodegen-1.4.0-SNAPSHOT.jar:/home/runner/.m2/repository/com/google/inject/guice/5.1.0/guice-5.1.0.jar:/home/runner/.m2/repository/aopalliance/aopalliance/1.0/aopalliance-1.0.jar:/home/runner/.m2/repository/com/google/inject/extensions/guice-assistedinject/5.1.0/guice-assistedinject-5.1.0.jar:/home/runner/.m2/repository/com/google/inject/extensions/guice-servlet/5.1.0/guice-servlet-5.1.0.jar:/home/runner/.m2/repository/org/glassfish/jersey/containers/jersey-container-servlet/2.34/jersey-container-servlet-2.34.jar:/home/runner/.m2/repository/org/glassfish/hk2/guice-bridge/2.5.0/guice-bridge-2.5.0.jar:/home/runner/.m2/repository/org/glassfish/jersey/core/jersey-server/2.34/jersey-server-2.34.jar:/home/runner/.m2/repository/org/glassfish/jersey/core/jersey-client/2.34/jersey-client-2.34.jar:/home/runner/.m2/repository/jakarta/annotation/jakarta.annotation-api/1.3.5/jakarta.annotation-api-1.3.5.jar:/home/runner/.m2/repository/jakarta/validation/jakarta.validation-api/2.0.2/jakarta.validation-api-2.0.2.jar:/home/runner/.m2/repository/org/glassfish/jersey/media/jersey-media-json-jackson/2.34/jersey-media-json-jackson-2.34.jar:/home/runner/.m2/repository/org/glassfish/jersey/ext/jersey-entity-filtering/2.34/jersey-entity-filtering-2.34.jar:/home/runner/.m2/repository/org/jooq/jooq/3.11.10/jooq-3.11.10.jar:/home/runner/.m2/repository/org/jooq/jooq-meta/3.11.10/jooq-meta-3.11.10.jar:/home/runner/.m2/repository/org/jooq/jooq-codegen/3.11.10/jooq-codegen-3.11.10.jar:/home/runner/.m2/repository/com/jolbox/bonecp/0.8.0.RELEASE/bonecp-0.8.0.RELEASE.jar:/home/runner/.m2/repository/org/apache/derby/derby/10.14.2.0/derby-10.14.2.0.jar:/home/runner/.m2/repository/org/xerial/sqlite-jdbc/3.25.2/sqlite-jdbc-3.25.2.jar:/home/runner/.m2/repository/org/springframework/spring-jdbc/5.3.26/spring-jdbc-5.3.26.jar:/home/runner/.m2/repository/org/springframework/spring-beans/5.3.26/spring-beans-5.3.26.jar:/home/runner/.m2/repository/org/springframework/spring-core/5.3.26/spring-core-5.3.26.jar:/home/runner/.m2/repository/org/springframework/spring-jcl/5.3.26/spring-jcl-5.3.26.jar:/home/runner/.m2/repository/org/springframework/spring-tx/5.3.26/spring-tx-5.3.26.jar:/home/runner/.m2/repository/org/apache/ozone/ozone-client/1.4.0-SNAPSHOT/ozone-client-1.4.0-SNAPSHOT.jar:/home/runner/.m2/repository/org/apache/ozone/hdds-erasurecode/1.4.0-SNAPSHOT/hdds-erasurecode-1.4.0-SNAPSHOT.jar:/home/runner/.m2/repository/org/apache/ozone/ozone-filesystem/1.4.0-SNAPSHOT/ozone-filesystem-1.4.0-SNAPSHOT.jar:/home/runner/.m2/repository/org/apache/ozone/ozone-filesystem-common/1.4.0-SNAPSHOT/ozone-filesystem-common-1.4.0-SNAPSHOT.jar:/home/runner/.m2/repository/org/apache/ozone/ozone-tools/1.4.0-SNAPSHOT/ozone-tools-1.4.0-SNAPSHOT.jar:/home/runner/.m2/repository/com/amazonaws/aws-java-sdk-core/1.12.261/aws-java-sdk-core-1.12.261.jar:/home/runner/.m2/repository/org/apache/httpcomponents/httpclient/4.5.13/httpclient-4.5.13.jar:/home/runner/.m2/repository/org/apache/httpcomponents/httpcore/4.4.13/httpcore-4.4.13.jar:/home/runner/.m2/repository/software/amazon/ion/ion-java/1.0.2/ion-java-1.0.2.jar:/home/runner/.m2/repository/com/fasterxml/jackson/dataformat/jackson-dataformat-cbor/2.13.4/jackson-dataformat-cbor-2.13.4.jar:/home/runner/.m2/repository/joda-time/joda-time/2.10.6/joda-time-2.10.6.jar:/home/runner/.m2/repository/com/amazonaws/aws-java-sdk-s3/1.12.261/aws-java-sdk-s3-1.12.261.jar:/home/runner/.m2/repository/com/amazonaws/aws-java-sdk-kms/1.12.261/aws-java-sdk-kms-1.12.261.jar:/home/runner/.m2/repository/com/amazonaws/jmespath-java/1.12.261/jmespath-java-1.12.261.jar:/home/runner/.m2/repository/org/kohsuke/metainf-services/metainf-services/1.8/metainf-services-1.8.jar:/home/runner/.m2/repository/org/apache/ozone/hdds-tools/1.4.0-SNAPSHOT/hdds-tools-1.4.0-SNAPSHOT.jar:/home/runner/.m2/repository/org/apache/ratis/ratis-tools/2.4.2-8b8bdda-SNAPSHOT/ratis-tools-2.4.2-8b8bdda-SNAPSHOT.jar:/home/runner/.m2/repository/commons-cli/commons-cli/1.2/commons-cli-1.2.jar:/home/runner/.m2/repository/org/apache/commons/commons-lang3/3.7/commons-lang3-3.7.jar:/home/runner/.m2/repository/org/apache/ozone/ozone-manager/1.4.0-SNAPSHOT/ozone-manager-1.4.0-SNAPSHOT-tests.jar:/home/runner/.m2/repository/org/apache/ozone/hdds-common/1.4.0-SNAPSHOT/hdds-common-1.4.0-SNAPSHOT-tests.jar:/home/runner/.m2/repository/org/apache/ozone/hdds-hadoop-dependency-client/1.4.0-SNAPSHOT/hdds-hadoop-dependency-client-1.4.0-SNAPSHOT.jar:/home/runner/.m2/repository/info/picocli/picocli/4.6.1/picocli-4.6.1.jar:/home/runner/.m2/repository/com/fasterxml/jackson/core/jackson-annotations/2.13.4/jackson-annotations-2.13.4.jar:/home/runner/.m2/repository/org/apache/ozone/hdds-annotation-processing/1.4.0-SNAPSHOT/hdds-annotation-processing-1.4.0-SNAPSHOT.jar:/home/runner/.m2/repository/javax/annotation/javax.annotation-api/1.2/javax.annotation-api-1.2.jar:/home/runner/.m2/repository/org/apache/ratis/ratis-netty/2.4.2-8b8bdda-SNAPSHOT/ratis-netty-2.4.2-8b8bdda-SNAPSHOT.jar:/home/runner/.m2/repository/org/apache/ratis/ratis-grpc/2.4.2-8b8bdda-SNAPSHOT/ratis-grpc-2.4.2-8b8bdda-SNAPSHOT.jar:/home/runner/.m2/repository/org/apache/logging/log4j/log4j-api/2.17.1/log4j-api-2.17.1.jar:/home/runner/.m2/repository/org/apache/commons/commons-pool2/2.6.0/commons-pool2-2.6.0.jar:/home/runner/.m2/repository/org/bouncycastle/bcpkix-jdk15on/1.67/bcpkix-jdk15on-1.67.jar:/home/runner/.m2/repository/commons-validator/commons-validator/1.6/commons-validator-1.6.jar:/home/runner/.m2/repository/commons-beanutils/commons-beanutils/1.9.4/commons-beanutils-1.9.4.jar:/home/runner/.m2/repository/commons-digester/commons-digester/1.8.1/commons-digester-1.8.1.jar:/home/runner/.m2/repository/commons-collections/commons-collections/3.2.2/commons-collections-3.2.2.jar:/home/runner/.m2/repository/io/jaegertracing/jaeger-client/1.6.0/jaeger-client-1.6.0.jar:/home/runner/.m2/repository/io/jaegertracing/jaeger-thrift/1.6.0/jaeger-thrift-1.6.0.jar:/home/runner/.m2/repository/org/apache/thrift/libthrift/0.14.1/libthrift-0.14.1.jar:/home/runner/.m2/repository/io/jaegertracing/jaeger-core/1.6.0/jaeger-core-1.6.0.jar:/home/runner/.m2/repository/io/jaegertracing/jaeger-tracerresolver/1.6.0/jaeger-tracerresolver-1.6.0.jar:/home/runner/.m2/repository/io/opentracing/contrib/opentracing-tracerresolver/0.1.8/opentracing-tracerresolver-0.1.8.jar:/home/runner/.m2/repository/org/jetbrains/kotlin/kotlin-stdlib/1.6.21/kotlin-stdlib-1.6.21.jar:/home/runner/.m2/repository/org/jetbrains/annotations/13.0/annotations-13.0.jar:/home/runner/.m2/repository/io/opentracing/opentracing-util/0.33.0/opentracing-util-0.33.0.jar:/home/runner/.m2/repository/io/opentracing/opentracing-api/0.33.0/opentracing-api-0.33.0.jar:/home/runner/.m2/repository/io/opentracing/opentracing-noop/0.33.0/opentracing-noop-0.33.0.jar:/home/runner/.m2/repository/org/yaml/snakeyaml/2.0/snakeyaml-2.0.jar:/home/runner/.m2/repository/junit/junit/4.13.1/junit-4.13.1.jar:/home/runner/.m2/repository/org/hamcrest/hamcrest-core/1.3/hamcrest-core-1.3.jar:/home/runner/.m2/repository/org/junit/jupiter/junit-jupiter-api/5.8.2/junit-jupiter-api-5.8.2.jar:/home/runner/.m2/repository/org/opentest4j/opentest4j/1.2.0/opentest4j-1.2.0.jar:/home/runner/.m2/repository/org/junit/platform/junit-platform-commons/1.8.2/junit-platform-commons-1.8.2.jar:/home/runner/.m2/repository/org/apiguardian/apiguardian-api/1.1.2/apiguardian-api-1.1.2.jar:/home/runner/.m2/repository/org/junit/jupiter/junit-jupiter-params/5.8.2/junit-jupiter-params-5.8.2.jar:/home/runner/.m2/repository/org/junit/jupiter/junit-jupiter-migrationsupport/5.8.2/junit-jupiter-migrationsupport-5.8.2.jar:/home/runner/.m2/repository/org/junit/jupiter/junit-jupiter-engine/5.8.2/junit-jupiter-engine-5.8.2.jar:/home/runner/.m2/repository/org/junit/platform/junit-platform-engine/1.8.2/junit-platform-engine-1.8.2.jar:/home/runner/.m2/repository/org/junit/vintage/junit-vintage-engine/5.8.2/junit-vintage-engine-5.8.2.jar:/home/runner/.m2/repository/org/junit/platform/junit-platform-launcher/1.8.2/junit-platform-launcher-1.8.2.jar:/home/runner/.m2/repository/org/mockito/mockito-core/2.28.2/mockito-core-2.28.2.jar:/home/runner/.m2/repository/net/bytebuddy/byte-buddy/1.9.10/byte-buddy-1.9.10.jar:/home/runner/.m2/repository/net/bytebuddy/byte-buddy-agent/1.9.10/byte-buddy-agent-1.9.10.jar:/home/runner/.m2/repository/org/objenesis/objenesis/1.0/objenesis-1.0.jar:/home/runner/.m2/repository/org/apache/hadoop/hadoop-kms/3.3.5/hadoop-kms-3.3.5.jar:/home/runner/.m2/repository/org/apache/hadoop/hadoop-auth/3.3.5/hadoop-auth-3.3.5.jar:/home/runner/.m2/repository/com/nimbusds/nimbus-jose-jwt/9.8.1/nimbus-jose-jwt-9.8.1.jar:/home/runner/.m2/repository/com/github/stephenc/jcip/jcip-annotations/1.0-1/jcip-annotations-1.0-1.jar:/home/runner/.m2/repository/net/minidev/json-smart/2.4.7/json-smart-2.4.7.jar:/home/runner/.m2/repository/net/minidev/accessors-smart/2.4.7/accessors-smart-2.4.7.jar:/home/runner/.m2/repository/org/ow2/asm/asm/5.0.4/asm-5.0.4.jar:/home/runner/.m2/repository/org/apache/zookeeper/zookeeper/3.5.6/zookeeper-3.5.6.jar:/home/runner/.m2/repository/org/apache/zookeeper/zookeeper-jute/3.5.6/zookeeper-jute-3.5.6.jar:/home/runner/.m2/repository/org/apache/yetus/audience-annotations/0.5.0/audience-annotations-0.5.0.jar:/home/runner/.m2/repository/org/apache/curator/curator-framework/4.2.0/curator-framework-4.2.0.jar:/home/runner/.m2/repository/org/apache/hadoop/thirdparty/hadoop-shaded-guava/1.1.1/hadoop-shaded-guava-1.1.1.jar:/home/runner/.m2/repository/com/sun/jersey/jersey-core/1.19/jersey-core-1.19.jar:/home/runner/.m2/repository/javax/ws/rs/jsr311-api/1.1.1/jsr311-api-1.1.1.jar:/home/runner/.m2/repository/com/sun/jersey/jersey-server/1.19/jersey-server-1.19.jar:/home/runner/.m2/repository/javax/servlet/javax.servlet-api/3.1.0/javax.servlet-api-3.1.0.jar:/home/runner/.m2/repository/org/apache/hadoop/hadoop-common/3.3.5/hadoop-common-3.3.5.jar:/home/runner/.m2/repository/org/apache/commons/commons-math3/3.1.1/commons-math3-3.1.1.jar:/home/runner/.m2/repository/commons-net/commons-net/3.9.0/commons-net-3.9.0.jar:/home/runner/.m2/repository/com/sun/jersey/jersey-servlet/1.19/jersey-servlet-1.19.jar:/home/runner/.m2/repository/com/github/pjfanning/jersey-json/1.20/jersey-json-1.20.jar:/home/runner/.m2/repository/org/codehaus/jettison/jettison/1.1/jettison-1.1.jar:/home/runner/.m2/repository/com/sun/xml/bind/jaxb-impl/2.2.3-1/jaxb-impl-2.2.3-1.jar:/home/runner/.m2/repository/com/google/re2j/re2j/1.1/re2j-1.1.jar:/home/runner/.m2/repository/com/jcraft/jsch/0.1.54/jsch-0.1.54.jar:/home/runner/.m2/repository/org/apache/curator/curator-client/4.2.0/curator-client-4.2.0.jar:/home/runner/.m2/repository/org/apache/curator/curator-recipes/4.2.0/curator-recipes-4.2.0.jar:/home/runner/.m2/repository/org/apache/kerby/kerb-core/1.0.1/kerb-core-1.0.1.jar:/home/runner/.m2/repository/org/apache/kerby/kerby-pkix/1.0.1/kerby-pkix-1.0.1.jar:/home/runner/.m2/repository/org/apache/kerby/kerby-asn1/1.0.1/kerby-asn1-1.0.1.jar:/home/runner/.m2/repository/org/apache/kerby/kerby-util/1.0.1/kerby-util-1.0.1.jar:/home/runner/.m2/repository/dnsjava/dnsjava/2.1.7/dnsjava-2.1.7.jar:/home/runner/.m2/repository/org/xerial/snappy/snappy-java/1.1.8.2/snappy-java-1.1.8.2.jar:/home/runner/.m2/repository/com/fasterxml/jackson/core/jackson-databind/2.13.4.2/jackson-databind-2.13.4.2.jar:/home/runner/.m2/repository/org/apache/hadoop/hadoop-kms/3.3.5/hadoop-kms-3.3.5-tests.jar:/home/runner/.m2/repository/org/apache/ozone/hdds-server-scm/1.4.0-SNAPSHOT/hdds-server-scm-1.4.0-SNAPSHOT-tests.jar:/home/runner/.m2/repository/org/apache/ozone/hdds-container-service/1.4.0-SNAPSHOT/hdds-container-service-1.4.0-SNAPSHOT-tests.jar:/home/runner/.m2/repository/com/github/luben/zstd-jni/1.5.2-5/zstd-jni-1.5.2-5.jar:/home/runner/.m2/repository/commons-codec/commons-codec/1.15/commons-codec-1.15.jar:/home/runner/.m2/repository/io/netty/netty-codec/4.1.86.Final/netty-codec-4.1.86.Final.jar:/home/runner/.m2/repository/io/netty/netty-handler/4.1.86.Final/netty-handler-4.1.86.Final.jar:/home/runner/.m2/repository/org/apache/ozone/hdds-hadoop-dependency-test/1.4.0-SNAPSHOT/hdds-hadoop-dependency-test-1.4.0-SNAPSHOT.jar:/home/runner/.m2/repository/org/apache/hadoop/hadoop-common/3.3.5/hadoop-common-3.3.5-tests.jar:/home/runner/.m2/repository/org/apache/hadoop/hadoop-hdfs/3.3.5/hadoop-hdfs-3.3.5-tests.jar:/home/runner/.m2/repository/org/assertj/assertj-core/3.12.2/assertj-core-3.12.2.jar:/home/runner/.m2/repository/org/apache/hadoop/hadoop-distcp/3.3.5/hadoop-distcp-3.3.5.jar:/home/runner/.m2/repository/org/apache/hadoop/hadoop-mapreduce-client-jobclient/3.3.5/hadoop-mapreduce-client-jobclient-3.3.5.jar:/home/runner/.m2/repository/org/apache/hadoop/hadoop-mapreduce-client-common/3.3.5/hadoop-mapreduce-client-common-3.3.5.jar:/home/runner/.m2/repository/org/apache/hadoop/hadoop-yarn-common/3.3.5/hadoop-yarn-common-3.3.5.jar:/home/runner/.m2/repository/org/apache/hadoop/hadoop-yarn-api/3.3.5/hadoop-yarn-api-3.3.5.jar:/home/runner/.m2/repository/com/sun/jersey/contribs/jersey-guice/1.19/jersey-guice-1.19.jar:/home/runner/.m2/repository/com/fasterxml/jackson/jaxrs/jackson-jaxrs-json-provider/2.13.4/jackson-jaxrs-json-provider-2.13.4.jar:/home/runner/.m2/repository/com/fasterxml/jackson/jaxrs/jackson-jaxrs-base/2.13.4/jackson-jaxrs-base-2.13.4.jar:/home/runner/.m2/repository/org/apache/hadoop/hadoop-yarn-client/3.3.5/hadoop-yarn-client-3.3.5.jar:/home/runner/.m2/repository/org/eclipse/jetty/websocket/websocket-client/9.4.48.v20220622/websocket-client-9.4.48.v20220622.jar:/home/runner/.m2/repository/org/eclipse/jetty/websocket/websocket-common/9.4.48.v20220622/websocket-common-9.4.48.v20220622.jar:/home/runner/.m2/repository/org/eclipse/jetty/websocket/websocket-api/9.4.48.v20220622/websocket-api-9.4.48.v20220622.jar:/home/runner/.m2/repository/org/jline/jline/3.9.0/jline-3.9.0.jar:/home/runner/.m2/repository/org/apache/hadoop/hadoop-mapreduce-client-core/3.3.5/hadoop-mapreduce-client-core-3.3.5.jar:/home/runner/.m2/repository/org/apache/avro/avro/1.7.7/avro-1.7.7.jar:/home/runner/.m2/repository/com/thoughtworks/paranamer/paranamer/2.3/paranamer-2.3.jar:/home/runner/.m2/repository/org/apache/hadoop/hadoop-annotations/3.3.5/hadoop-annotations-3.3.5.jar:/usr/lib/jvm/temurin-8-jdk-amd64/jre/../lib/tools.jar:/home/runner/.m2/repository/io/netty/netty/3.10.6.Final/netty-3.10.6.Final.jar:/home/runner/.m2/repository/org/apache/hadoop/hadoop-distcp/3.3.5/hadoop-distcp-3.3.5-tests.jar:/home/runner/.m2/repository/org/slf4j/jul-to-slf4j/1.7.36/jul-to-slf4j-1.7.36.jar:"/>
    <property name="sun.cpu.endian" value="little"/>
    <property name="user.home" value="/home/runner"/>
    <property name="user.language" value="en"/>
    <property name="java.specification.vendor" value="Oracle Corporation"/>
    <property name="java.home" value="/usr/lib/jvm/temurin-8-jdk-amd64/jre"/>
    <property name="java.security.krb5.conf" value="/home/runner/work/ozone/ozone/hadoop-ozone/integration-test/target/test-classes/krb5.conf"/>
    <property name="basedir" value="/home/runner/work/ozone/ozone/hadoop-ozone/integration-test"/>
    <property name="file.separator" value="/"/>
    <property name="line.separator" value="&#10;"/>
    <property name="java.vm.specification.vendor" value="Oracle Corporation"/>
    <property name="java.specification.name" value="Java Platform API Specification"/>
    <property name="java.awt.graphicsenv" value="sun.awt.X11GraphicsEnvironment"/>
    <property name="skip.installnpx" value="true"/>
    <property name="surefire.real.class.path" value="/home/runner/work/ozone/ozone/hadoop-ozone/integration-test/target/surefire/surefirebooter4150334195384895876.jar:/home/runner/.m2/repository/org/jacoco/org.jacoco.agent/0.8.5/org.jacoco.agent-0.8.5-runtime.jar"/>
    <property name="hadoop.log.dir" value="/home/runner/work/ozone/ozone/hadoop-ozone/integration-test/target/log"/>
    <property name="sun.boot.class.path" value="/usr/lib/jvm/temurin-8-jdk-amd64/jre/lib/resources.jar:/usr/lib/jvm/temurin-8-jdk-amd64/jre/lib/rt.jar:/usr/lib/jvm/temurin-8-jdk-amd64/jre/lib/sunrsasign.jar:/usr/lib/jvm/temurin-8-jdk-amd64/jre/lib/jsse.jar:/usr/lib/jvm/temurin-8-jdk-amd64/jre/lib/jce.jar:/usr/lib/jvm/temurin-8-jdk-amd64/jre/lib/charsets.jar:/usr/lib/jvm/temurin-8-jdk-amd64/jre/lib/jfr.jar:/usr/lib/jvm/temurin-8-jdk-amd64/jre/classes"/>
    <property name="sun.management.compiler" value="HotSpot 64-Bit Tiered Compilers"/>
    <property name="skip.npx" value="true"/>
    <property name="java.runtime.version" value="1.8.0_362-b09"/>
    <property name="java.net.preferIPv4Stack" value="true"/>
    <property name="user.name" value="runner"/>
    <property name="path.separator" value=":"/>
    <property name="java.security.egd" value="file:///dev/urandom"/>
    <property name="os.version" value="5.15.0-1035-azure"/>
    <property name="java.endorsed.dirs" value="/usr/lib/jvm/temurin-8-jdk-amd64/jre/lib/endorsed"/>
    <property name="java.runtime.name" value="OpenJDK Runtime Environment"/>
    <property name="file.encoding" value="UTF-8"/>
    <property name="java.vm.name" value="OpenJDK 64-Bit Server VM"/>
    <property name="test.build.webapps" value=""/>
    <property name="localRepository" value="/home/runner/.m2/repository"/>
    <property name="jetty.git.hash" value="4231a3b2e4cb8548a412a789936d640a97b1aa0a"/>
    <property name="java.vendor.url.bug" value="https://github.com/adoptium/adoptium-support/issues"/>
    <property name="java.io.tmpdir" value="/tmp"/>
    <property name="require.test.libhadoop" value=""/>
    <property name="java.version" value="1.8.0_362"/>
    <property name="user.dir" value="/home/runner/work/ozone/ozone/hadoop-ozone/integration-test"/>
    <property name="os.arch" value="amd64"/>
    <property name="java.vm.specification.name" value="Java Virtual Machine Specification"/>
    <property name="test.build.classes" value="/home/runner/work/ozone/ozone/hadoop-ozone/integration-test/target/test-classes"/>
    <property name="java.awt.printerjob" value="sun.print.PSPrinterJob"/>
    <property name="sun.os.patch.level" value="unknown"/>
    <property name="org.apache.ratis.thirdparty.io.netty.allocator.useCacheForAllThreads" value="false"/>
    <property name="hadoop.tmp.dir" value="/home/runner/work/ozone/ozone/hadoop-ozone/integration-test/target/tmp"/>
    <property name="java.library.path" value="/usr/java/packages/lib/amd64:/usr/lib64:/lib64:/lib:/usr/lib"/>
    <property name="java.vm.info" value="mixed mode"/>
    <property name="java.vendor" value="Temurin"/>
    <property name="java.vm.version" value="25.362-b09"/>
    <property name="java.specification.maintenance.version" value="4"/>
    <property name="java.ext.dirs" value="/usr/lib/jvm/temurin-8-jdk-amd64/jre/lib/ext:/usr/java/packages/lib/ext"/>
    <property name="sun.io.unicode.encoding" value="UnicodeLittle"/>
    <property name="java.class.version" value="52.0"/>
  </properties>
  <testcase name="testGetTrashRoot" classname="TestOzoneFileSystem" time="22.027">
    <system-out><![CDATA[2023-04-11 11:23:06,864 [main] WARN  server.ServerUtils (ServerUtils.java:getScmDbDir(148)) - ozone.scm.db.dirs is not configured. We recommend adding this setting. Falling back to ozone.metadata.dirs instead.
2023-04-11 11:23:06,957 [main] WARN  server.ServerUtils (ServerUtils.java:getScmDbDir(148)) - ozone.scm.db.dirs is not configured. We recommend adding this setting. Falling back to ozone.metadata.dirs instead.
2023-04-11 11:23:06,961 [main] INFO  ha.SCMHANodeDetails (SCMHANodeDetails.java:loadSCMHAConfig(209)) - ServiceID for StorageContainerManager is null
2023-04-11 11:23:06,974 [main] WARN  ha.SCMHANodeDetails (SCMHANodeDetails.java:validateSCMHAConfig(182)) - Invalid config ozone.scm.ratis.enable. The config was not specified, but the default value true conflicts with the expected config value false. Falling back to the expected value. Current State of SCM: SCM is running in Non-HA without Ratis Ratis SCM -> Non Ratis SCM or Non HA SCM -> HA SCM is not supported
2023-04-11 11:23:06,975 [main] INFO  ha.SCMHANodeDetails (SCMHANodeDetails.java:loadSCMHAConfig(214)) - ozone.scm.default.service.id is not defined, falling back to ozone.scm.service.ids to find serviceID for StorageContainerManager if it is HA enabled cluster
2023-04-11 11:23:07,585 [main] WARN  utils.HAUtils (HAUtils.java:getMetaDir(342)) - ozone.scm.db.dirs is not configured. We recommend adding this setting. Falling back to ozone.metadata.dirs instead.
2023-04-11 11:23:07,734 [main] WARN  db.DBStoreBuilder (DBStoreBuilder.java:applyDBDefinition(182)) - ozone.scm.db.dirs is not configured. We recommend adding this setting. Falling back to ozone.metadata.dirs instead.
2023-04-11 11:23:07,964 [main] INFO  net.NodeSchemaLoader (NodeSchemaLoader.java:loadSchemaFromFile(129)) - Loading schema from [jar:file:/home/runner/.m2/repository/org/apache/ozone/hdds-common/1.4.0-SNAPSHOT/hdds-common-1.4.0-SNAPSHOT.jar!/network-topology-default.xml]
2023-04-11 11:23:07,968 [main] INFO  net.NodeSchemaLoader (NodeSchemaLoader.java:loadSchema(176)) - Loading network topology layer schema file
2023-04-11 11:23:08,014 [main] INFO  metrics.MetricRegistries (MetricRegistriesLoader.java:load(64)) - Loaded MetricRegistries class org.apache.ratis.metrics.impl.MetricRegistriesImpl
2023-04-11 11:23:08,020 [main] INFO  upgrade.AbstractLayoutVersionManager (AbstractLayoutVersionManager.java:init(83)) - Initializing Layout version manager with metadata layout = WEBUI_PORTS_IN_DATANODEDETAILS (version = 6), software layout = WEBUI_PORTS_IN_DATANODEDETAILS (version = 6)
2023-04-11 11:23:08,280 [main] INFO  reflections.Reflections (Reflections.java:scan(232)) - Reflections took 168 ms to scan 7 urls, producing 156 keys and 369 values 
2023-04-11 11:23:08,392 [main] INFO  ha.SequenceIdGenerator (SequenceIdGenerator.java:upgradeToSequenceId(349)) - upgrade localId to 111677748019200000
2023-04-11 11:23:08,392 [main] INFO  ha.SequenceIdGenerator (SequenceIdGenerator.java:upgradeToSequenceId(359)) - upgrade delTxnId to 0
2023-04-11 11:23:08,402 [main] INFO  ha.SequenceIdGenerator (SequenceIdGenerator.java:upgradeToSequenceId(376)) - upgrade containerId to 0
2023-04-11 11:23:08,404 [main] INFO  ha.SequenceIdGenerator (SequenceIdGenerator.java:<init>(220)) - Init the HA SequenceIdGenerator.
2023-04-11 11:23:08,474 [main] WARN  server.ServerUtils (ServerUtils.java:sanitizeUserArgs(73)) - ozone.scm.stale.node.interval value = 300000 is larger than max = 100000 based on the key value of ozone.scm.heartbeat.thread.interval, reset to the max value 100000.
2023-04-11 11:23:08,475 [main] WARN  server.ServerUtils (ServerUtils.java:sanitizeUserArgs(73)) - ozone.scm.stale.node.interval value = 300000 is larger than max = 100000 based on the key value of ozone.scm.heartbeat.thread.interval, reset to the max value 100000.
2023-04-11 11:23:08,481 [main] INFO  node.SCMNodeManager (SCMNodeManager.java:<init>(156)) - Entering startup safe mode.
2023-04-11 11:23:08,495 [main] INFO  algorithms.ContainerPlacementPolicyFactory (ContainerPlacementPolicyFactory.java:getPolicyInternal(86)) - Create container placement policy of type org.apache.hadoop.hdds.scm.container.placement.algorithms.SCMContainerPlacementRandom
2023-04-11 11:23:08,498 [main] INFO  algorithms.ContainerPlacementPolicyFactory (ContainerPlacementPolicyFactory.java:getPolicyInternal(86)) - Create container placement policy of type org.apache.hadoop.hdds.scm.container.placement.algorithms.SCMContainerPlacementRackScatter
2023-04-11 11:23:08,506 [main] INFO  pipeline.PipelineStateManagerImpl (PipelineStateManagerImpl.java:initialize(78)) - No pipeline exists in current db
2023-04-11 11:23:08,539 [main] INFO  algorithms.LeaderChoosePolicyFactory (LeaderChoosePolicyFactory.java:getPolicy(57)) - Create leader choose policy of type org.apache.hadoop.hdds.scm.pipeline.leader.choose.algorithms.MinLeaderCountChoosePolicy
2023-04-11 11:23:08,540 [main] INFO  algorithms.ContainerPlacementPolicyFactory (ContainerPlacementPolicyFactory.java:getPolicyInternal(86)) - Create container placement policy of type org.apache.hadoop.hdds.scm.container.placement.algorithms.SCMContainerPlacementRackScatter
2023-04-11 11:23:08,545 [main] INFO  ha.SCMServiceManager (SCMServiceManager.java:register(42)) - Registering service BackgroundPipelineCreator.
2023-04-11 11:23:08,546 [main] INFO  pipeline.BackgroundPipelineCreator (BackgroundPipelineCreator.java:start(124)) - Starting RatisPipelineUtilsThread.
2023-04-11 11:23:08,552 [main] INFO  BackgroundPipelineScrubber (BackgroundSCMService.java:start(68)) - Starting BackgroundPipelineScrubber Service.
2023-04-11 11:23:08,553 [main] INFO  ha.SCMServiceManager (SCMServiceManager.java:register(42)) - Registering service BackgroundPipelineScrubber.
2023-04-11 11:23:08,560 [main] INFO  ExpiredContainerReplicaOpScrubber (BackgroundSCMService.java:start(68)) - Starting ExpiredContainerReplicaOpScrubber Service.
2023-04-11 11:23:08,560 [main] INFO  ha.SCMServiceManager (SCMServiceManager.java:register(42)) - Registering service ExpiredContainerReplicaOpScrubber.
2023-04-11 11:23:08,603 [main] INFO  algorithms.PipelineChoosePolicyFactory (PipelineChoosePolicyFactory.java:createPipelineChoosePolicyFromClass(73)) - Create pipeline choose policy of type org.apache.hadoop.hdds.scm.pipeline.choose.algorithms.RandomPipelineChoosePolicy
2023-04-11 11:23:08,620 [main] INFO  ha.SCMServiceManager (SCMServiceManager.java:register(42)) - Registering service SCMBlockDeletingService.
2023-04-11 11:23:08,679 [main] INFO  replication.ReplicationManager (ReplicationManager.java:start(288)) - Starting Replication Monitor Thread.
2023-04-11 11:23:08,690 [main] INFO  ha.SCMServiceManager (SCMServiceManager.java:register(42)) - Registering service ReplicationManager.
2023-04-11 11:23:08,693 [ReplicationMonitor] INFO  replication.ReplicationManager (ReplicationManager.java:processAll(363)) - Replication Manager is not ready to run until 3000ms after safemode exit
2023-04-11 11:23:08,700 [main] INFO  safemode.ContainerSafeModeRule (ContainerSafeModeRule.java:<init>(89)) - containers with one replica threshold count 0
2023-04-11 11:23:08,704 [main] INFO  safemode.HealthyPipelineSafeModeRule (HealthyPipelineSafeModeRule.java:initializeRule(169)) - Total pipeline count is 0, healthy pipeline threshold count is 1
2023-04-11 11:23:08,706 [main] INFO  safemode.OneReplicaPipelineSafeModeRule (OneReplicaPipelineSafeModeRule.java:initializeRule(180)) - Total pipeline count is 0, pipeline's with at least one datanode reported threshold count is 0
2023-04-11 11:23:08,746 [main] INFO  server.StorageContainerManager (StorageContainerManager.java:<init>(398)) - SCM start with adminUsers: [runner]
2023-04-11 11:23:09,000 [main] INFO  audit.AuditLogger (AuditLogger.java:refreshDebugCmdSet(126)) - Refresh DebugCmdSet for SCMAudit to [].
2023-04-11 11:23:09,034 [main] INFO  ipc.CallQueueManager (CallQueueManager.java:<init>(90)) - Using callQueue: class java.util.concurrent.LinkedBlockingQueue, queueCapacity: 2000, scheduler: class org.apache.hadoop.ipc.DefaultRpcScheduler, ipcBackoff: false.
2023-04-11 11:23:09,077 [Socket Reader #1 for port 0] INFO  ipc.Server (Server.java:run(1319)) - Starting Socket Reader #1 for port 0
2023-04-11 11:23:09,159 [Listener at 0.0.0.0/41917] INFO  audit.AuditLogger (AuditLogger.java:refreshDebugCmdSet(126)) - Refresh DebugCmdSet for SCMAudit to [].
2023-04-11 11:23:09,165 [Listener at 0.0.0.0/41917] INFO  ipc.CallQueueManager (CallQueueManager.java:<init>(90)) - Using callQueue: class java.util.concurrent.LinkedBlockingQueue, queueCapacity: 2000, scheduler: class org.apache.hadoop.ipc.DefaultRpcScheduler, ipcBackoff: false.
2023-04-11 11:23:09,170 [Socket Reader #1 for port 0] INFO  ipc.Server (Server.java:run(1319)) - Starting Socket Reader #1 for port 0
2023-04-11 11:23:09,206 [Listener at 0.0.0.0/39469] INFO  audit.AuditLogger (AuditLogger.java:refreshDebugCmdSet(126)) - Refresh DebugCmdSet for SCMAudit to [].
2023-04-11 11:23:09,217 [Listener at 0.0.0.0/39469] INFO  ipc.CallQueueManager (CallQueueManager.java:<init>(90)) - Using callQueue: class java.util.concurrent.LinkedBlockingQueue, queueCapacity: 2000, scheduler: class org.apache.hadoop.ipc.DefaultRpcScheduler, ipcBackoff: false.
2023-04-11 11:23:09,221 [Socket Reader #1 for port 0] INFO  ipc.Server (Server.java:run(1319)) - Starting Socket Reader #1 for port 0
2023-04-11 11:23:09,358 [Listener at 0.0.0.0/42813] INFO  ha.SCMServiceManager (SCMServiceManager.java:register(42)) - Registering service ContainerBalancer.
2023-04-11 11:23:09,360 [Listener at 0.0.0.0/42813] INFO  server.StorageContainerManager (StorageContainerManager.java:<init>(415)) - 
Container Balancer status:
Key                            Value
Running                        false
Container Balancer Configuration values:
Key                                                Value
Threshold                                          10
Max Datanodes to Involve per Iteration(percent)    20
Max Size to Move per Iteration                     500GB
Max Size Entering Target per Iteration             26GB
Max Size Leaving Source per Iteration              26GB

2023-04-11 11:23:09,361 [Listener at 0.0.0.0/42813] INFO  ha.SCMContext (SCMContext.java:updateSafeModeStatus(228)) - Update SafeModeStatus from SafeModeStatus{safeModeStatus=true, preCheckPassed=false} to SafeModeStatus{safeModeStatus=true, preCheckPassed=false}.
2023-04-11 11:23:09,366 [Listener at 0.0.0.0/42813] INFO  server.StorageContainerManager (StorageContainerManager.java:start(1453)) - StorageContainerLocationProtocol RPC server is listening at /0.0.0.0:42813
2023-04-11 11:23:09,434 [Listener at 0.0.0.0/42813] WARN  impl.MetricsConfig (MetricsConfig.java:loadFirst(136)) - Cannot locate configuration: tried hadoop-metrics2-storagecontainermanager.properties,hadoop-metrics2.properties
2023-04-11 11:23:09,450 [Listener at 0.0.0.0/42813] INFO  impl.MetricsSystemImpl (MetricsSystemImpl.java:startTimer(378)) - Scheduled Metric snapshot period at 10 second(s).
2023-04-11 11:23:09,450 [Listener at 0.0.0.0/42813] INFO  impl.MetricsSystemImpl (MetricsSystemImpl.java:start(191)) - StorageContainerManager metrics system started
2023-04-11 11:23:09,706 [Listener at 0.0.0.0/42813] INFO  server.SCMClientProtocolServer (SCMClientProtocolServer.java:start(197)) - RPC server for Client  is listening at /0.0.0.0:42813
2023-04-11 11:23:09,710 [IPC Server Responder] INFO  ipc.Server (Server.java:run(1558)) - IPC Server Responder: starting
2023-04-11 11:23:09,715 [IPC Server listener on 0] INFO  ipc.Server (Server.java:run(1398)) - IPC Server listener on 0: starting
2023-04-11 11:23:09,754 [Listener at 0.0.0.0/42813] INFO  server.StorageContainerManager (StorageContainerManager.java:start(1467)) - ScmBlockLocationProtocol RPC server is listening at /0.0.0.0:39469
2023-04-11 11:23:09,755 [Listener at 0.0.0.0/42813] INFO  server.SCMBlockProtocolServer (SCMBlockProtocolServer.java:start(152)) - RPC server for Block Protocol is listening at /0.0.0.0:39469
2023-04-11 11:23:09,757 [IPC Server Responder] INFO  ipc.Server (Server.java:run(1558)) - IPC Server Responder: starting
2023-04-11 11:23:09,757 [IPC Server listener on 0] INFO  ipc.Server (Server.java:run(1398)) - IPC Server listener on 0: starting
2023-04-11 11:23:09,760 [Listener at 0.0.0.0/42813] INFO  server.SCMDatanodeProtocolServer (SCMDatanodeProtocolServer.java:start(193)) - ScmDatanodeProtocol RPC server for DataNodes is listening at /0.0.0.0:41917
2023-04-11 11:23:09,762 [IPC Server Responder] INFO  ipc.Server (Server.java:run(1558)) - IPC Server Responder: starting
2023-04-11 11:23:09,762 [IPC Server listener on 0] INFO  ipc.Server (Server.java:run(1398)) - IPC Server listener on 0: starting
2023-04-11 11:23:09,791 [org.apache.hadoop.util.JvmPauseMonitor$Monitor@1d5fc340] INFO  util.JvmPauseMonitor (JvmPauseMonitor.java:run(188)) - Starting JVM pause monitor
2023-04-11 11:23:09,798 [Listener at 0.0.0.0/42813] INFO  http.BaseHttpServer (BaseHttpServer.java:newHttpServer2BuilderForOzone(224)) - Starting Web-server for scm at: http://0.0.0.0:0
2023-04-11 11:23:09,798 [Listener at 0.0.0.0/42813] INFO  http.BaseHttpServer (BaseHttpServer.java:<init>(111)) - Hadoop Security Enabled: false Ozone Security Enabled: false Ozone HTTP Security Enabled: false 
2023-04-11 11:23:09,825 [Listener at 0.0.0.0/42813] INFO  util.log (Log.java:initialized(170)) - Logging initialized @4452ms to org.eclipse.jetty.util.log.Slf4jLog
2023-04-11 11:23:09,919 [Listener at 0.0.0.0/42813] WARN  server.AuthenticationFilter (AuthenticationFilter.java:constructSecretProvider(240)) - Unable to initialize FileSignerSecretProvider, falling back to use random secrets. Reason: Could not read signature secret file: /home/runner/hadoop-http-auth-signature-secret
2023-04-11 11:23:09,925 [Listener at 0.0.0.0/42813] WARN  http.HttpRequestLog (HttpRequestLog.java:getRequestLog(103)) - Jetty request log can only be enabled using Log4j
2023-04-11 11:23:09,934 [Listener at 0.0.0.0/42813] INFO  http.HttpServer2 (HttpServer2.java:addGlobalFilter(1031)) - Added global filter 'safety' (class=org.apache.hadoop.hdds.server.http.HttpServer2$QuotingInputFilter)
2023-04-11 11:23:09,936 [Listener at 0.0.0.0/42813] INFO  http.HttpServer2 (HttpServer2.java:addFilter(1007)) - Added filter static_user_filter (class=org.apache.hadoop.http.lib.StaticUserWebFilter$StaticUserFilter) to context scm
2023-04-11 11:23:09,937 [Listener at 0.0.0.0/42813] INFO  http.HttpServer2 (HttpServer2.java:addFilter(1015)) - Added filter static_user_filter (class=org.apache.hadoop.http.lib.StaticUserWebFilter$StaticUserFilter) to context static
2023-04-11 11:23:09,937 [Listener at 0.0.0.0/42813] INFO  http.HttpServer2 (HttpServer2.java:addFilter(1015)) - Added filter static_user_filter (class=org.apache.hadoop.http.lib.StaticUserWebFilter$StaticUserFilter) to context logs
2023-04-11 11:23:09,973 [Listener at 0.0.0.0/42813] INFO  http.BaseHttpServer (BaseHttpServer.java:<init>(190)) - HTTP server of scm uses base directory /home/runner/work/ozone/ozone/hadoop-ozone/integration-test/target/test-dir/MiniOzoneClusterImpl-9bce2823-b07a-4470-87a5-870b50b19846/ozone-meta/webserver
2023-04-11 11:23:09,974 [Listener at 0.0.0.0/42813] INFO  http.HttpServer2 (HttpServer2.java:bindListener(1250)) - Jetty bound to port 45209
2023-04-11 11:23:09,976 [Listener at 0.0.0.0/42813] INFO  server.Server (Server.java:doStart(375)) - jetty-9.4.49.v20220914; built: 2022-09-14T01:07:36.601Z; git: 4231a3b2e4cb8548a412a789936d640a97b1aa0a; jvm 1.8.0_362-b09
2023-04-11 11:23:10,004 [Listener at 0.0.0.0/42813] INFO  server.session (DefaultSessionIdManager.java:doStart(334)) - DefaultSessionIdManager workerName=node0
2023-04-11 11:23:10,004 [Listener at 0.0.0.0/42813] INFO  server.session (DefaultSessionIdManager.java:doStart(339)) - No SessionScavenger set, using defaults
2023-04-11 11:23:10,006 [Listener at 0.0.0.0/42813] INFO  server.session (HouseKeeper.java:startScavenging(132)) - node0 Scavenging every 600000ms
2023-04-11 11:23:10,025 [Listener at 0.0.0.0/42813] INFO  handler.ContextHandler (ContextHandler.java:doStart(921)) - Started o.e.j.s.ServletContextHandler@4a561f7d{logs,/logs,file:///home/runner/work/ozone/ozone/hadoop-ozone/integration-test/target/log,AVAILABLE}
2023-04-11 11:23:10,026 [Listener at 0.0.0.0/42813] INFO  handler.ContextHandler (ContextHandler.java:doStart(921)) - Started o.e.j.s.ServletContextHandler@58dea0a7{static,/static,file:///home/runner/work/ozone/ozone/hadoop-ozone/integration-test/target/test-classes/webapps/static,AVAILABLE}
2023-04-11 11:23:10,065 [Listener at 0.0.0.0/42813] INFO  handler.ContextHandler (ContextHandler.java:doStart(921)) - Started o.e.j.w.WebAppContext@60c33609{scm,/,file:///home/runner/work/ozone/ozone/hadoop-ozone/integration-test/target/test-classes/webapps/scm/,AVAILABLE}{file:/home/runner/work/ozone/ozone/hadoop-ozone/integration-test/target/test-classes/webapps/scm}
2023-04-11 11:23:10,074 [Listener at 0.0.0.0/42813] INFO  server.AbstractConnector (AbstractConnector.java:doStart(333)) - Started ServerConnector@588614f9{HTTP/1.1, (http/1.1)}{0.0.0.0:45209}
2023-04-11 11:23:10,074 [Listener at 0.0.0.0/42813] INFO  server.Server (Server.java:doStart(415)) - Started @4701ms
2023-04-11 11:23:10,078 [Listener at 0.0.0.0/42813] INFO  impl.MetricsSinkAdapter (MetricsSinkAdapter.java:start(204)) - Sink prometheus started
2023-04-11 11:23:10,078 [Listener at 0.0.0.0/42813] INFO  impl.MetricsSystemImpl (MetricsSystemImpl.java:registerSink(305)) - Registered sink prometheus
2023-04-11 11:23:10,079 [Listener at 0.0.0.0/42813] INFO  http.BaseHttpServer (BaseHttpServer.java:updateConnectorAddress(344)) - HTTP server of scm listening at http://0.0.0.0:45209
2023-04-11 11:23:10,081 [Listener at 0.0.0.0/42813] WARN  server.ServerUtils (ServerUtils.java:getDBPath(225)) - ozone.om.db.dirs is not configured. We recommend adding this setting. Falling back to ozone.metadata.dirs instead.
2023-04-11 11:23:10,168 [Listener at 0.0.0.0/42813] INFO  audit.AuditLogger (AuditLogger.java:refreshDebugCmdSet(126)) - Refresh DebugCmdSet for OMAudit to [].
2023-04-11 11:23:10,254 [Listener at 0.0.0.0/42813] INFO  ha.OMHANodeDetails (OMHANodeDetails.java:loadOMHAConfig(115)) - ozone.om.internal.service.id is not defined, falling back to ozone.om.service.ids to find serviceID for OzoneManager if it is HA enabled cluster
2023-04-11 11:23:10,258 [Listener at 0.0.0.0/42813] INFO  ha.OMHANodeDetails (OMHANodeDetails.java:loadOMHAConfig(226)) - Configuration does not have ozone.om.address set. Falling back to the default OM address /127.0.0.1:0
2023-04-11 11:23:10,258 [Listener at 0.0.0.0/42813] INFO  ha.OMHANodeDetails (OMHANodeDetails.java:getOMNodeDetailsForNonHA(254)) - OM Service ID is not set. Setting it to the default ID: omServiceIdDefault
2023-04-11 11:23:10,260 [Listener at 0.0.0.0/42813] INFO  ha.OMHANodeDetails (OMHANodeDetails.java:getOMNodeDetailsForNonHA(261)) - OM Node ID is not set. Setting it to the default ID: om1
2023-04-11 11:23:10,266 [Listener at 0.0.0.0/42813] WARN  server.ServerUtils (ServerUtils.java:getDBPath(225)) - ozone.om.db.dirs is not configured. We recommend adding this setting. Falling back to ozone.metadata.dirs instead.
2023-04-11 11:23:10,269 [Listener at 0.0.0.0/42813] INFO  upgrade.AbstractLayoutVersionManager (AbstractLayoutVersionManager.java:init(83)) - Initializing Layout version manager with metadata layout = MULTITENANCY_SCHEMA (version = 3), software layout = MULTITENANCY_SCHEMA (version = 3)
2023-04-11 11:23:10,364 [Listener at 0.0.0.0/42813] INFO  reflections.Reflections (Reflections.java:scan(232)) - Reflections took 90 ms to scan 2 urls, producing 171 keys and 471 values [using 2 cores]
2023-04-11 11:23:10,369 [Listener at 0.0.0.0/42813] INFO  upgrade.OMLayoutVersionManager (OMLayoutVersionManager.java:lambda$0(115)) - Skipping Upgrade Action MockOmUpgradeAction since it has been finalized.
2023-04-11 11:23:10,374 [Listener at 0.0.0.0/42813] WARN  server.ServerUtils (ServerUtils.java:getDBPath(225)) - ozone.om.db.dirs is not configured. We recommend adding this setting. Falling back to ozone.metadata.dirs instead.
2023-04-11 11:23:10,534 [Listener at 0.0.0.0/42813] INFO  proxy.SCMBlockLocationFailoverProxyProvider (SCMBlockLocationFailoverProxyProvider.java:<init>(114)) - Created block location fail-over proxy with 1 nodes: [nodeId=scmNodeId,nodeAddress=/0.0.0.0:39469]
2023-04-11 11:23:10,567 [Listener at 0.0.0.0/42813] INFO  proxy.SCMBlockLocationFailoverProxyProvider (SCMBlockLocationFailoverProxyProvider.java:<init>(114)) - Created block location fail-over proxy with 1 nodes: [nodeId=scmNodeId,nodeAddress=/0.0.0.0:39469]
2023-04-11 11:23:10,797 [Listener at 0.0.0.0/42813] INFO  om.OzoneManager (OzoneManager.java:<init>(627)) - OM start with adminUsers: [runner]
2023-04-11 11:23:10,810 [Listener at 0.0.0.0/42813] WARN  server.ServerUtils (ServerUtils.java:getDBPath(225)) - ozone.om.db.dirs is not configured. We recommend adding this setting. Falling back to ozone.metadata.dirs instead.
2023-04-11 11:23:10,819 [Listener at 0.0.0.0/42813] INFO  codec.OmKeyInfoCodec (OmKeyInfoCodec.java:<init>(49)) - OmKeyInfoCodec ignorePipeline = true
2023-04-11 11:23:10,844 [Listener at 0.0.0.0/42813] INFO  codec.RepeatedOmKeyInfoCodec (RepeatedOmKeyInfoCodec.java:<init>(41)) - RepeatedOmKeyInfoCodec ignorePipeline = true
2023-04-11 11:23:11,111 [Listener at 0.0.0.0/42813] INFO  om.OzoneManager (OzoneManager.java:instantiateServices(757)) - S3 Multi-Tenancy is disabled
2023-04-11 11:23:11,140 [Listener at 0.0.0.0/42813] WARN  server.ServerUtils (ServerUtils.java:getDBPath(225)) - ozone.om.snapshot.diff.db.dir is not configured. We recommend adding this setting. Falling back to ozone.metadata.dirs instead.
2023-04-11 11:23:11,237 [Listener at 0.0.0.0/42813] INFO  om.OzoneManager (OzoneManager.java:addS3GVolumeToDB(4257)) - Created Volume s3v With Owner runner required for S3Gateway operations.
2023-04-11 11:23:11,299 [Listener at 0.0.0.0/42813] WARN  server.ServerUtils (ServerUtils.java:getDefaultRatisDirectory(237)) - Storage directory for Ratis is not configured. It is a good idea to map this to an SSD disk. Falling back to ozone.metadata.dirs
2023-04-11 11:23:11,300 [Listener at 0.0.0.0/42813] WARN  utils.OzoneManagerRatisUtils (OzoneManagerRatisUtils.java:getOMRatisSnapshotDirectory(446)) - ozone.om.ratis.snapshot.dir is not configured. Falling back to ozone.metadata.dirs config
2023-04-11 11:23:11,318 [Listener at 0.0.0.0/42813] WARN  server.ServerUtils (ServerUtils.java:getDefaultRatisDirectory(237)) - Storage directory for Ratis is not configured. It is a good idea to map this to an SSD disk. Falling back to ozone.metadata.dirs
2023-04-11 11:23:11,350 [Listener at 0.0.0.0/42813] INFO  ratis.OzoneManagerRatisServer (OzoneManagerRatisServer.java:<init>(163)) - Instantiating OM Ratis server with groupID: omServiceIdDefault and peers: localhost:9872
2023-04-11 11:23:11,358 [Listener at 0.0.0.0/42813] INFO  ratis.OzoneManagerStateMachine (OzoneManagerStateMachine.java:loadSnapshotInfoFromDB(644)) - LastAppliedIndex is set from TransactionInfo from OM DB as (t:0, i:~)
2023-04-11 11:23:11,408 [Listener at 0.0.0.0/42813] INFO  server.RaftServer (ConfUtils.java:logGet(46)) - raft.rpc.type = GRPC (default)
2023-04-11 11:23:11,483 [Listener at 0.0.0.0/42813] INFO  grpc.GrpcConfigKeys (ConfUtils.java:logFallback(53)) - raft.grpc.admin.host = null (fallback to raft.grpc.server.host)
2023-04-11 11:23:11,485 [Listener at 0.0.0.0/42813] INFO  grpc.GrpcConfigKeys (ConfUtils.java:logFallback(53)) - raft.grpc.admin.port = 9872 (fallback to raft.grpc.server.port)
2023-04-11 11:23:11,485 [Listener at 0.0.0.0/42813] INFO  grpc.GrpcConfigKeys (ConfUtils.java:logFallback(53)) - raft.grpc.client.host = null (fallback to raft.grpc.server.host)
2023-04-11 11:23:11,486 [Listener at 0.0.0.0/42813] INFO  grpc.GrpcConfigKeys (ConfUtils.java:logFallback(53)) - raft.grpc.client.port = 9872 (fallback to raft.grpc.server.port)
2023-04-11 11:23:11,486 [Listener at 0.0.0.0/42813] INFO  grpc.GrpcConfigKeys (ConfUtils.java:logGet(46)) - raft.grpc.server.host = null (default)
2023-04-11 11:23:11,486 [Listener at 0.0.0.0/42813] INFO  grpc.GrpcConfigKeys (ConfUtils.java:logGet(46)) - raft.grpc.server.port = 9872 (custom)
2023-04-11 11:23:11,487 [Listener at 0.0.0.0/42813] INFO  server.GrpcService (ConfUtils.java:logGet(46)) - raft.grpc.message.size.max = 33554432 (custom)
2023-04-11 11:23:11,488 [Listener at 0.0.0.0/42813] INFO  server.RaftServerConfigKeys (ConfUtils.java:logGet(46)) - raft.server.log.appender.buffer.byte-limit = 33554432 (custom)
2023-04-11 11:23:11,489 [Listener at 0.0.0.0/42813] INFO  server.GrpcService (ConfUtils.java:logGet(46)) - raft.grpc.flow.control.window = 1MB (=1048576) (default)
2023-04-11 11:23:11,490 [Listener at 0.0.0.0/42813] INFO  server.RaftServerConfigKeys (ConfUtils.java:logGet(46)) - raft.server.rpc.request.timeout = 3000ms (default)
2023-04-11 11:23:11,502 [Listener at 0.0.0.0/42813] INFO  grpc.GrpcConfigKeys (ConfUtils.java:logGet(46)) - raft.grpc.server.heartbeat.channel = true (default)
2023-04-11 11:23:11,505 [Listener at 0.0.0.0/42813] INFO  grpc.GrpcConfigKeys (ConfUtils.java:logGet(46)) - raft.grpc.server.async.request.thread.pool.cached = true (default)
2023-04-11 11:23:11,505 [Listener at 0.0.0.0/42813] INFO  grpc.GrpcConfigKeys (ConfUtils.java:logGet(46)) - raft.grpc.server.async.request.thread.pool.size = 32 (default)
2023-04-11 11:23:11,732 [Listener at 0.0.0.0/42813] INFO  impl.DataStreamServerImpl (ConfUtils.java:logGet(46)) - raft.datastream.type = DISABLED (default)
2023-04-11 11:23:11,735 [Listener at 0.0.0.0/42813] INFO  server.RaftServerConfigKeys (ConfUtils.java:logGet(46)) - raft.server.threadpool.proxy.cached = true (default)
2023-04-11 11:23:11,736 [Listener at 0.0.0.0/42813] INFO  server.RaftServerConfigKeys (ConfUtils.java:logGet(46)) - raft.server.threadpool.proxy.size = 0 (default)
2023-04-11 11:23:11,736 [Listener at 0.0.0.0/42813] INFO  server.RaftServerConfigKeys (ConfUtils.java:logGet(46)) - raft.server.rpc.slowness.timeout = 120s (custom)
2023-04-11 11:23:11,736 [Listener at 0.0.0.0/42813] INFO  server.RaftServerConfigKeys (ConfUtils.java:logGet(46)) - raft.server.leaderelection.leader.step-down.wait-time = 10s (default)
2023-04-11 11:23:11,739 [Listener at 0.0.0.0/42813] INFO  server.RaftServerConfigKeys (ConfUtils.java:logGet(46)) - raft.server.storage.dir = [/home/runner/work/ozone/ozone/hadoop-ozone/integration-test/target/test-dir/MiniOzoneClusterImpl-9bce2823-b07a-4470-87a5-870b50b19846/ozone-meta/ratis] (custom)
2023-04-11 11:23:11,747 [Listener at 0.0.0.0/42813] INFO  server.RaftServer (RaftServerProxy.java:addNew(96)) - om1: addNew group-C5BA1605619E:[om1|rpc:localhost:9872|priority:0|startupRole:FOLLOWER] returns group-C5BA1605619E:java.util.concurrent.CompletableFuture@76117cac[Not completed]
2023-04-11 11:23:11,747 [Listener at 0.0.0.0/42813] INFO  om.OzoneManager (OzoneManager.java:initializeRatisServer(2095)) - OzoneManager Ratis server initialized at port 9872
2023-04-11 11:23:11,750 [Listener at 0.0.0.0/42813] INFO  om.OzoneManager (OzoneManager.java:getRpcServer(1142)) - Creating RPC Server
2023-04-11 11:23:11,780 [pool-60-thread-1] INFO  server.RaftServer$Division (RaftServerImpl.java:<init>(195)) - om1: new RaftServerImpl for group-C5BA1605619E:[om1|rpc:localhost:9872|priority:0|startupRole:FOLLOWER] with OzoneManagerStateMachine:uninitialized
2023-04-11 11:23:11,782 [pool-60-thread-1] INFO  server.RaftServerConfigKeys (ConfUtils.java:logGet(46)) - raft.server.rpc.timeout.min = 1s (custom)
2023-04-11 11:23:11,783 [pool-60-thread-1] INFO  server.RaftServerConfigKeys (ConfUtils.java:logGet(46)) - raft.server.rpc.timeout.max = 1200ms (custom)
2023-04-11 11:23:11,783 [pool-60-thread-1] INFO  server.RaftServerConfigKeys (ConfUtils.java:logGet(46)) - raft.server.rpc.sleep.time = 25ms (default)
2023-04-11 11:23:11,783 [pool-60-thread-1] INFO  server.RaftServerConfigKeys (ConfUtils.java:logGet(46)) - raft.server.rpc.slowness.timeout = 120s (custom)
2023-04-11 11:23:11,783 [pool-60-thread-1] INFO  server.RaftServerConfigKeys (ConfUtils.java:logGet(46)) - raft.server.leaderelection.leader.step-down.wait-time = 10s (default)
2023-04-11 11:23:11,784 [pool-60-thread-1] INFO  server.RaftServerConfigKeys (ConfUtils.java:logGet(46)) - raft.server.sleep.deviation.threshold = 300ms (default)
2023-04-11 11:23:11,791 [pool-60-thread-1] INFO  server.RaftServer$Division (ServerState.java:<init>(118)) - om1@group-C5BA1605619E: ConfigurationManager, init=-1: peers:[om1|rpc:localhost:9872|priority:0|startupRole:FOLLOWER]|listeners:[], old=null, confs=<EMPTY_MAP>
2023-04-11 11:23:11,791 [pool-60-thread-1] INFO  server.RaftServerConfigKeys (ConfUtils.java:logGet(46)) - raft.server.storage.dir = [/home/runner/work/ozone/ozone/hadoop-ozone/integration-test/target/test-dir/MiniOzoneClusterImpl-9bce2823-b07a-4470-87a5-870b50b19846/ozone-meta/ratis] (custom)
2023-04-11 11:23:11,799 [pool-60-thread-1] INFO  server.RaftServerConfigKeys (ConfUtils.java:logGet(46)) - raft.server.log.corruption.policy = EXCEPTION (default)
2023-04-11 11:23:11,799 [pool-60-thread-1] INFO  server.RaftServerConfigKeys (ConfUtils.java:logGet(46)) - raft.server.storage.free-space.min = 0MB (=0) (default)
2023-04-11 11:23:11,811 [pool-60-thread-1] INFO  server.RaftServerConfigKeys (ConfUtils.java:logGet(46)) - raft.server.notification.no-leader.timeout = 120s (custom)
2023-04-11 11:23:11,814 [pool-60-thread-1] INFO  server.RaftServerConfigKeys (ConfUtils.java:logGet(46)) - raft.server.retrycache.expirytime = 300s (custom)
2023-04-11 11:23:11,814 [pool-60-thread-1] INFO  server.RaftServerConfigKeys (ConfUtils.java:logGet(46)) - raft.server.retrycache.statistics.expirytime = 100μs (default)
2023-04-11 11:23:11,927 [pool-60-thread-1] INFO  server.RaftServerConfigKeys (ConfUtils.java:logGet(46)) - raft.server.log.appender.install.snapshot.enabled = false (custom)
2023-04-11 11:23:11,929 [pool-60-thread-1] INFO  server.RaftServerConfigKeys (ConfUtils.java:logGet(46)) - raft.server.threadpool.server.cached = true (default)
2023-04-11 11:23:11,939 [pool-60-thread-1] INFO  server.RaftServerConfigKeys (ConfUtils.java:logGet(46)) - raft.server.threadpool.server.size = 0 (default)
2023-04-11 11:23:11,940 [pool-60-thread-1] INFO  server.RaftServerConfigKeys (ConfUtils.java:logGet(46)) - raft.server.threadpool.client.cached = true (default)
2023-04-11 11:23:11,940 [pool-60-thread-1] INFO  server.RaftServerConfigKeys (ConfUtils.java:logGet(46)) - raft.server.threadpool.client.size = 0 (default)
2023-04-11 11:23:12,455 [Listener at 0.0.0.0/42813] INFO  reflections.Reflections (Reflections.java:scan(232)) - Reflections took 605 ms to scan 19 urls, producing 68 keys and 5029 values [using 2 cores]
2023-04-11 11:23:12,814 [Listener at 0.0.0.0/42813] INFO  ipc.CallQueueManager (CallQueueManager.java:<init>(90)) - Using callQueue: class java.util.concurrent.LinkedBlockingQueue, queueCapacity: 2000, scheduler: class org.apache.hadoop.ipc.DefaultRpcScheduler, ipcBackoff: false.
2023-04-11 11:23:12,815 [Socket Reader #1 for port 0] INFO  ipc.Server (Server.java:run(1319)) - Starting Socket Reader #1 for port 0
2023-04-11 11:23:12,862 [Listener at 127.0.0.1/36763] INFO  impl.MetricsSystemImpl (MetricsSystemImpl.java:init(158)) - OzoneManager metrics system started (again)
2023-04-11 11:23:12,875 [Listener at 127.0.0.1/36763] INFO  om.OzoneManager (OzoneManager.java:start(1563)) - OzoneManager RPC server is listening at localhost/127.0.0.1:36763
2023-04-11 11:23:12,876 [Listener at 127.0.0.1/36763] INFO  ratis.OzoneManagerRatisServer (OzoneManagerRatisServer.java:start(558)) - Starting OzoneManagerRatisServer om1 at port 9872
2023-04-11 11:23:12,879 [om1-impl-thread1] INFO  storage.RaftStorageDirectory (RaftStorageDirectoryImpl.java:analyzeStorage(137)) - The storage directory /home/runner/work/ozone/ozone/hadoop-ozone/integration-test/target/test-dir/MiniOzoneClusterImpl-9bce2823-b07a-4470-87a5-870b50b19846/ozone-meta/ratis/bf265839-605b-3f16-9796-c5ba1605619e does not exist. Creating ...
2023-04-11 11:23:12,883 [om1-impl-thread1] INFO  storage.RaftStorageDirectory (RaftStorageDirectoryImpl.java:tryLock(231)) - Lock on /home/runner/work/ozone/ozone/hadoop-ozone/integration-test/target/test-dir/MiniOzoneClusterImpl-9bce2823-b07a-4470-87a5-870b50b19846/ozone-meta/ratis/bf265839-605b-3f16-9796-c5ba1605619e/in_use.lock acquired by nodename 48974@fv-az590-525
2023-04-11 11:23:12,888 [om1-impl-thread1] INFO  storage.RaftStorage (RaftStorageImpl.java:format(96)) - Storage directory /home/runner/work/ozone/ozone/hadoop-ozone/integration-test/target/test-dir/MiniOzoneClusterImpl-9bce2823-b07a-4470-87a5-870b50b19846/ozone-meta/ratis/bf265839-605b-3f16-9796-c5ba1605619e has been successfully formatted.
2023-04-11 11:23:12,892 [om1-impl-thread1] INFO  server.RaftServerConfigKeys (ConfUtils.java:logGet(46)) - raft.server.log.use.memory = false (default)
2023-04-11 11:23:12,899 [om1-impl-thread1] INFO  server.RaftServerConfigKeys (ConfUtils.java:logGet(46)) - raft.server.log.purge.gap = 1000000 (custom)
2023-04-11 11:23:12,900 [om1-impl-thread1] INFO  server.RaftServerConfigKeys (ConfUtils.java:logGet(46)) - raft.server.log.appender.buffer.byte-limit = 33554432 (custom)
2023-04-11 11:23:12,901 [om1-impl-thread1] INFO  server.RaftServerConfigKeys (ConfUtils.java:logGet(46)) - raft.server.log.statemachine.data.read.timeout = 1000ms (default)
2023-04-11 11:23:12,902 [om1-impl-thread1] INFO  server.RaftServerConfigKeys (ConfUtils.java:logGet(46)) - raft.server.log.purge.preservation.log.num = 0 (default)
2023-04-11 11:23:12,904 [om1-impl-thread1] INFO  server.RaftServerConfigKeys (ConfUtils.java:logGet(46)) - raft.server.log.segment.size.max = 4194304 (custom)
2023-04-11 11:23:12,909 [om1-impl-thread1] INFO  server.RaftServerConfigKeys (ConfUtils.java:logGet(46)) - raft.server.log.segment.cache.num.max = 2 (custom)
2023-04-11 11:23:12,910 [om1-impl-thread1] INFO  server.RaftServerConfigKeys (ConfUtils.java:logGet(46)) - raft.server.log.segment.cache.size.max = 200MB (=209715200) (default)
2023-04-11 11:23:12,915 [om1-impl-thread1] INFO  segmented.SegmentedRaftLogWorker (SegmentedRaftLogWorker.java:<init>(189)) - new om1@group-C5BA1605619E-SegmentedRaftLogWorker for RaftStorageImpl:Storage Directory /home/runner/work/ozone/ozone/hadoop-ozone/integration-test/target/test-dir/MiniOzoneClusterImpl-9bce2823-b07a-4470-87a5-870b50b19846/ozone-meta/ratis/bf265839-605b-3f16-9796-c5ba1605619e
2023-04-11 11:23:12,916 [om1-impl-thread1] INFO  server.RaftServerConfigKeys (ConfUtils.java:logGet(46)) - raft.server.log.queue.byte-limit = 64MB (=67108864) (default)
2023-04-11 11:23:12,916 [om1-impl-thread1] INFO  server.RaftServerConfigKeys (ConfUtils.java:logGet(46)) - raft.server.log.queue.element-limit = 4096 (default)
2023-04-11 11:23:12,917 [om1-impl-thread1] INFO  server.RaftServerConfigKeys (ConfUtils.java:logGet(46)) - raft.server.log.segment.size.max = 4194304 (custom)
2023-04-11 11:23:12,917 [om1-impl-thread1] INFO  server.RaftServerConfigKeys (ConfUtils.java:logGet(46)) - raft.server.log.preallocated.size = 4194304 (custom)
2023-04-11 11:23:12,917 [om1-impl-thread1] INFO  server.RaftServerConfigKeys (ConfUtils.java:logGet(46)) - raft.server.log.force.sync.num = 128 (default)
2023-04-11 11:23:12,918 [om1-impl-thread1] INFO  server.RaftServerConfigKeys (ConfUtils.java:logGet(46)) - raft.server.log.statemachine.data.sync = true (default)
2023-04-11 11:23:12,918 [om1-impl-thread1] INFO  server.RaftServerConfigKeys (ConfUtils.java:logGet(46)) - raft.server.log.statemachine.data.sync.timeout = 10s (default)
2023-04-11 11:23:12,919 [om1-impl-thread1] INFO  server.RaftServerConfigKeys (ConfUtils.java:logGet(46)) - raft.server.log.statemachine.data.sync.timeout.retry = -1 (default)
2023-04-11 11:23:12,929 [om1-impl-thread1] INFO  server.RaftServerConfigKeys (ConfUtils.java:logGet(46)) - raft.server.log.write.buffer.size = 64KB (=65536) (default)
2023-04-11 11:23:12,930 [om1-impl-thread1] INFO  server.RaftServerConfigKeys (ConfUtils.java:logGet(46)) - raft.server.log.appender.buffer.byte-limit = 33554432 (custom)
2023-04-11 11:23:12,935 [om1-impl-thread1] INFO  server.RaftServerConfigKeys (ConfUtils.java:logGet(46)) - raft.server.log.unsafe-flush.enabled = false (default)
2023-04-11 11:23:12,935 [om1-impl-thread1] INFO  server.RaftServerConfigKeys (ConfUtils.java:logGet(46)) - raft.server.log.async-flush.enabled = false (default)
2023-04-11 11:23:12,936 [om1-impl-thread1] INFO  server.RaftServerConfigKeys (ConfUtils.java:logGet(46)) - raft.server.log.statemachine.data.caching.enabled = false (default)
2023-04-11 11:23:12,943 [om1-impl-thread1] INFO  segmented.SegmentedRaftLogWorker (SegmentedRaftLogWorker.java:lambda$new$0(135)) - om1@group-C5BA1605619E-SegmentedRaftLogWorker: flushIndex: setUnconditionally 0 -> -1
2023-04-11 11:23:12,943 [om1-impl-thread1] INFO  segmented.SegmentedRaftLogWorker (SegmentedRaftLogWorker.java:lambda$new$0(135)) - om1@group-C5BA1605619E-SegmentedRaftLogWorker: safeCacheEvictIndex: setUnconditionally 0 -> -1
2023-04-11 11:23:12,945 [om1-impl-thread1] INFO  server.RaftServer$Division (RaftServerImpl.java:start(334)) - om1@group-C5BA1605619E: start as a follower, conf=-1: peers:[om1|rpc:localhost:9872|priority:0|startupRole:FOLLOWER]|listeners:[], old=null
2023-04-11 11:23:12,945 [om1-impl-thread1] INFO  server.RaftServer$Division (RaftServerImpl.java:setRole(321)) - om1@group-C5BA1605619E: changes role from      null to FOLLOWER at term 0 for startAsFollower
2023-04-11 11:23:12,947 [om1-impl-thread1] INFO  impl.RoleInfo (RoleInfo.java:updateAndGet(139)) - om1: start om1@group-C5BA1605619E-FollowerState
2023-04-11 11:23:12,951 [om1-impl-thread1] INFO  util.JmxRegister (JmxRegister.java:tryRegister(44)) - Successfully registered JMX Bean with object name Ratis:service=RaftServer,group=group-C5BA1605619E,id=om1
2023-04-11 11:23:12,953 [om1-impl-thread1] INFO  server.RaftServerConfigKeys (ConfUtils.java:logGet(46)) - raft.server.snapshot.auto.trigger.enabled = true (custom)
2023-04-11 11:23:12,954 [om1-impl-thread1] INFO  server.RaftServerConfigKeys (ConfUtils.java:logGet(46)) - raft.server.snapshot.auto.trigger.threshold = 400000 (default)
2023-04-11 11:23:12,954 [om1-impl-thread1] INFO  server.RaftServerConfigKeys (ConfUtils.java:logGet(46)) - raft.server.snapshot.retention.file.num = -1 (default)
2023-04-11 11:23:12,955 [om1-impl-thread1] INFO  server.RaftServerConfigKeys (ConfUtils.java:logGet(46)) - raft.server.log.purge.upto.snapshot.index = true (custom)
2023-04-11 11:23:12,957 [om1@group-C5BA1605619E-FollowerState] INFO  server.RaftServerConfigKeys (ConfUtils.java:logFallback(53)) - raft.server.rpc.first-election.timeout.min = 1s (fallback to raft.server.rpc.timeout.min)
2023-04-11 11:23:12,957 [om1@group-C5BA1605619E-FollowerState] INFO  server.RaftServerConfigKeys (ConfUtils.java:logFallback(53)) - raft.server.rpc.first-election.timeout.max = 1200ms (fallback to raft.server.rpc.timeout.max)
2023-04-11 11:23:12,961 [Listener at 127.0.0.1/36763] INFO  server.RaftServer (RaftServerProxy.java:startImpl(393)) - om1: start RPC server
2023-04-11 11:23:13,011 [Listener at 127.0.0.1/36763] INFO  server.GrpcService (GrpcService.java:startImpl(262)) - om1: GrpcService started, listening on 9872
2023-04-11 11:23:13,013 [JvmPauseMonitor0] INFO  util.JvmPauseMonitor (JvmPauseMonitor.java:run(105)) - JvmPauseMonitor-om1: Started
2023-04-11 11:23:13,013 [Listener at 127.0.0.1/36763] INFO  om.OzoneManager (OzoneManager.java:start(1579)) - Version File has different layout version (3) than OM DB (null). That is expected if this OM has never been finalized to a newer layout version.
2023-04-11 11:23:13,039 [Listener at 127.0.0.1/36763] INFO  http.BaseHttpServer (BaseHttpServer.java:newHttpServer2BuilderForOzone(224)) - Starting Web-server for ozoneManager at: http://0.0.0.0:0
2023-04-11 11:23:13,039 [Listener at 127.0.0.1/36763] INFO  http.BaseHttpServer (BaseHttpServer.java:<init>(111)) - Hadoop Security Enabled: false Ozone Security Enabled: false Ozone HTTP Security Enabled: false 
2023-04-11 11:23:13,041 [Listener at 127.0.0.1/36763] WARN  server.AuthenticationFilter (AuthenticationFilter.java:constructSecretProvider(240)) - Unable to initialize FileSignerSecretProvider, falling back to use random secrets. Reason: Could not read signature secret file: /home/runner/hadoop-http-auth-signature-secret
2023-04-11 11:23:13,046 [Listener at 127.0.0.1/36763] WARN  http.HttpRequestLog (HttpRequestLog.java:getRequestLog(103)) - Jetty request log can only be enabled using Log4j
2023-04-11 11:23:13,048 [Listener at 127.0.0.1/36763] INFO  http.HttpServer2 (HttpServer2.java:addGlobalFilter(1031)) - Added global filter 'safety' (class=org.apache.hadoop.hdds.server.http.HttpServer2$QuotingInputFilter)
2023-04-11 11:23:13,049 [Listener at 127.0.0.1/36763] INFO  http.HttpServer2 (HttpServer2.java:addFilter(1007)) - Added filter static_user_filter (class=org.apache.hadoop.http.lib.StaticUserWebFilter$StaticUserFilter) to context ozoneManager
2023-04-11 11:23:13,050 [Listener at 127.0.0.1/36763] INFO  http.HttpServer2 (HttpServer2.java:addFilter(1015)) - Added filter static_user_filter (class=org.apache.hadoop.http.lib.StaticUserWebFilter$StaticUserFilter) to context logs
2023-04-11 11:23:13,050 [Listener at 127.0.0.1/36763] INFO  http.HttpServer2 (HttpServer2.java:addFilter(1015)) - Added filter static_user_filter (class=org.apache.hadoop.http.lib.StaticUserWebFilter$StaticUserFilter) to context static
2023-04-11 11:23:13,050 [Listener at 127.0.0.1/36763] INFO  http.BaseHttpServer (BaseHttpServer.java:<init>(190)) - HTTP server of ozoneManager uses base directory /home/runner/work/ozone/ozone/hadoop-ozone/integration-test/target/test-dir/MiniOzoneClusterImpl-9bce2823-b07a-4470-87a5-870b50b19846/ozone-meta/webserver
2023-04-11 11:23:13,054 [Listener at 127.0.0.1/36763] INFO  http.HttpServer2 (HttpServer2.java:bindListener(1250)) - Jetty bound to port 38407
2023-04-11 11:23:13,054 [Listener at 127.0.0.1/36763] INFO  server.Server (Server.java:doStart(375)) - jetty-9.4.49.v20220914; built: 2022-09-14T01:07:36.601Z; git: 4231a3b2e4cb8548a412a789936d640a97b1aa0a; jvm 1.8.0_362-b09
2023-04-11 11:23:13,057 [Listener at 127.0.0.1/36763] INFO  server.session (DefaultSessionIdManager.java:doStart(334)) - DefaultSessionIdManager workerName=node0
2023-04-11 11:23:13,057 [Listener at 127.0.0.1/36763] INFO  server.session (DefaultSessionIdManager.java:doStart(339)) - No SessionScavenger set, using defaults
2023-04-11 11:23:13,058 [Listener at 127.0.0.1/36763] INFO  server.session (HouseKeeper.java:startScavenging(132)) - node0 Scavenging every 660000ms
2023-04-11 11:23:13,058 [Listener at 127.0.0.1/36763] INFO  handler.ContextHandler (ContextHandler.java:doStart(921)) - Started o.e.j.s.ServletContextHandler@2016e374{logs,/logs,file:///home/runner/work/ozone/ozone/hadoop-ozone/integration-test/target/log,AVAILABLE}
2023-04-11 11:23:13,059 [Listener at 127.0.0.1/36763] INFO  handler.ContextHandler (ContextHandler.java:doStart(921)) - Started o.e.j.s.ServletContextHandler@4d0648d8{static,/static,file:///home/runner/work/ozone/ozone/hadoop-ozone/integration-test/target/test-classes/webapps/static,AVAILABLE}
2023-04-11 11:23:13,063 [Listener at 127.0.0.1/36763] INFO  handler.ContextHandler (ContextHandler.java:doStart(921)) - Started o.e.j.w.WebAppContext@3f159c49{ozoneManager,/,file:///home/runner/work/ozone/ozone/hadoop-ozone/integration-test/target/test-classes/webapps/ozoneManager/,AVAILABLE}{file:/home/runner/work/ozone/ozone/hadoop-ozone/integration-test/target/test-classes/webapps/ozoneManager}
2023-04-11 11:23:13,068 [Listener at 127.0.0.1/36763] INFO  server.AbstractConnector (AbstractConnector.java:doStart(333)) - Started ServerConnector@743f40cc{HTTP/1.1, (http/1.1)}{0.0.0.0:38407}
2023-04-11 11:23:13,068 [Listener at 127.0.0.1/36763] INFO  server.Server (Server.java:doStart(415)) - Started @7695ms
2023-04-11 11:23:13,068 [Listener at 127.0.0.1/36763] WARN  impl.MetricsSystemImpl (MetricsSystemImpl.java:register(279)) - Sink prometheus already exists!
2023-04-11 11:23:13,069 [Listener at 127.0.0.1/36763] INFO  http.BaseHttpServer (BaseHttpServer.java:updateConnectorAddress(344)) - HTTP server of ozoneManager listening at http://0.0.0.0:38407
2023-04-11 11:23:13,069 [IPC Server Responder] INFO  ipc.Server (Server.java:run(1558)) - IPC Server Responder: starting
2023-04-11 11:23:13,070 [IPC Server listener on 0] INFO  ipc.Server (Server.java:run(1398)) - IPC Server listener on 0: starting
2023-04-11 11:23:13,116 [Listener at 127.0.0.1/36763] INFO  om.TrashPolicyOzone (TrashPolicyOzone.java:<init>(277)) - Ozone Manager trash configuration: Deletion interval = 0 minutes, Emptier interval = 0 minutes.
2023-04-11 11:23:13,127 [org.apache.hadoop.util.JvmPauseMonitor$Monitor@77025469] INFO  util.JvmPauseMonitor (JvmPauseMonitor.java:run(188)) - Starting JVM pause monitor
2023-04-11 11:23:13,288 [Listener at 127.0.0.1/36763] WARN  impl.MetricRegistriesImpl (MetricRegistriesImpl.java:addReporterRegistration(111)) - New reporters are added after registries were created. Some metrics will be missing from the reporter. Please add reporter before adding any new registry.
2023-04-11 11:23:13,289 [Listener at 127.0.0.1/36763] WARN  impl.MetricRegistriesImpl (MetricRegistriesImpl.java:addReporterRegistration(111)) - New reporters are added after registries were created. Some metrics will be missing from the reporter. Please add reporter before adding any new registry.
2023-04-11 11:23:13,289 [Listener at 127.0.0.1/36763] INFO  impl.MetricsSystemImpl (MetricsSystemImpl.java:init(158)) - HddsDatanode metrics system started (again)
2023-04-11 11:23:13,311 [Listener at 127.0.0.1/36763] INFO  ozone.HddsDatanodeService (HddsDatanodeService.java:start(252)) - HddsDatanodeService host:fv-az590-525.scpgifznvsounmmscp2whtfmwe.cx.internal.cloudapp.net ip:10.1.0.37
2023-04-11 11:23:13,347 [Listener at 127.0.0.1/36763] INFO  upgrade.AbstractLayoutVersionManager (AbstractLayoutVersionManager.java:init(83)) - Initializing Layout version manager with metadata layout = WEBUI_PORTS_IN_DATANODEDETAILS (version = 6), software layout = WEBUI_PORTS_IN_DATANODEDETAILS (version = 6)
2023-04-11 11:23:13,414 [Listener at 127.0.0.1/36763] INFO  reflections.Reflections (Reflections.java:scan(232)) - Reflections took 64 ms to scan 7 urls, producing 156 keys and 369 values 
2023-04-11 11:23:13,423 [Listener at 127.0.0.1/36763] INFO  statemachine.DatanodeStateMachine (DatanodeStateMachine.java:getEndPointTaskThreadPoolSize(260)) - Datanode State Machine Task Thread Pool size 2
2023-04-11 11:23:13,490 [Listener at 127.0.0.1/36763] INFO  volume.HddsVolume (HddsVolume.java:<init>(130)) - Creating HddsVolume: /home/runner/work/ozone/ozone/hadoop-ozone/integration-test/target/test-dir/MiniOzoneClusterImpl-9bce2823-b07a-4470-87a5-870b50b19846/datanode-0/data-0/containers/hdds of storage type : DISK capacity : 9223372036854775807
2023-04-11 11:23:13,493 [Listener at 127.0.0.1/36763] INFO  volume.MutableVolumeSet (MutableVolumeSet.java:initializeVolumeSet(175)) - Added Volume : /home/runner/work/ozone/ozone/hadoop-ozone/integration-test/target/test-dir/MiniOzoneClusterImpl-9bce2823-b07a-4470-87a5-870b50b19846/datanode-0/data-0/containers/hdds to VolumeSet
2023-04-11 11:23:13,494 [Listener at 127.0.0.1/36763] INFO  volume.ThrottledAsyncChecker (ThrottledAsyncChecker.java:schedule(141)) - Scheduling a check for /home/runner/work/ozone/ozone/hadoop-ozone/integration-test/target/test-dir/MiniOzoneClusterImpl-9bce2823-b07a-4470-87a5-870b50b19846/datanode-0/data-0/containers/hdds
2023-04-11 11:23:13,511 [Listener at 127.0.0.1/36763] INFO  volume.StorageVolumeChecker (StorageVolumeChecker.java:checkAllVolumes(202)) - Scheduled health check for volume /home/runner/work/ozone/ozone/hadoop-ozone/integration-test/target/test-dir/MiniOzoneClusterImpl-9bce2823-b07a-4470-87a5-870b50b19846/datanode-0/data-0/containers/hdds
2023-04-11 11:23:13,532 [Listener at 127.0.0.1/36763] INFO  volume.MutableVolumeSet (MutableVolumeSet.java:initializeVolumeSet(175)) - Added Volume : /home/runner/work/ozone/ozone/hadoop-ozone/integration-test/target/test-dir/MiniOzoneClusterImpl-9bce2823-b07a-4470-87a5-870b50b19846/datanode-0/data/ratis to VolumeSet
2023-04-11 11:23:13,532 [Listener at 127.0.0.1/36763] INFO  volume.ThrottledAsyncChecker (ThrottledAsyncChecker.java:schedule(141)) - Scheduling a check for /home/runner/work/ozone/ozone/hadoop-ozone/integration-test/target/test-dir/MiniOzoneClusterImpl-9bce2823-b07a-4470-87a5-870b50b19846/datanode-0/data/ratis
2023-04-11 11:23:13,532 [Listener at 127.0.0.1/36763] INFO  volume.StorageVolumeChecker (StorageVolumeChecker.java:checkAllVolumes(202)) - Scheduled health check for volume /home/runner/work/ozone/ozone/hadoop-ozone/integration-test/target/test-dir/MiniOzoneClusterImpl-9bce2823-b07a-4470-87a5-870b50b19846/datanode-0/data/ratis
2023-04-11 11:23:13,558 [Thread-137] INFO  ozoneimpl.ContainerReader (ContainerReader.java:readVolume(175)) - Finish verifying containers on volume /home/runner/work/ozone/ozone/hadoop-ozone/integration-test/target/test-dir/MiniOzoneClusterImpl-9bce2823-b07a-4470-87a5-870b50b19846/datanode-0/data-0/containers/hdds
2023-04-11 11:23:13,558 [Listener at 127.0.0.1/36763] INFO  ozoneimpl.OzoneContainer (OzoneContainer.java:buildContainerSet(303)) - Build ContainerSet costs 0s
2023-04-11 11:23:13,608 [Listener at 127.0.0.1/36763] INFO  audit.AuditLogger (AuditLogger.java:refreshDebugCmdSet(126)) - Refresh DebugCmdSet for DNAudit to [].
2023-04-11 11:23:13,640 [Listener at 127.0.0.1/36763] INFO  server.RaftServer (ConfUtils.java:logGet(46)) - raft.rpc.type = GRPC (default)
2023-04-11 11:23:13,640 [Listener at 127.0.0.1/36763] INFO  grpc.GrpcConfigKeys (ConfUtils.java:logFallback(53)) - raft.grpc.admin.host = null (fallback to raft.grpc.server.host)
2023-04-11 11:23:13,641 [Listener at 127.0.0.1/36763] INFO  grpc.GrpcConfigKeys (ConfUtils.java:logGet(46)) - raft.grpc.admin.port = 0 (custom)
2023-04-11 11:23:13,641 [Listener at 127.0.0.1/36763] INFO  grpc.GrpcConfigKeys (ConfUtils.java:logFallback(53)) - raft.grpc.client.host = null (fallback to raft.grpc.server.host)
2023-04-11 11:23:13,641 [Listener at 127.0.0.1/36763] INFO  grpc.GrpcConfigKeys (ConfUtils.java:logGet(46)) - raft.grpc.client.port = 0 (custom)
2023-04-11 11:23:13,641 [Listener at 127.0.0.1/36763] INFO  grpc.GrpcConfigKeys (ConfUtils.java:logGet(46)) - raft.grpc.server.host = null (default)
2023-04-11 11:23:13,641 [Listener at 127.0.0.1/36763] INFO  grpc.GrpcConfigKeys (ConfUtils.java:logGet(46)) - raft.grpc.server.port = 0 (default)
2023-04-11 11:23:13,641 [Listener at 127.0.0.1/36763] INFO  server.GrpcService (ConfUtils.java:logGet(46)) - raft.grpc.message.size.max = 32MB (=33554432) (custom)
2023-04-11 11:23:13,642 [Listener at 127.0.0.1/36763] INFO  server.RaftServerConfigKeys (ConfUtils.java:logGet(46)) - raft.server.log.appender.buffer.byte-limit = 33554432 (custom)
2023-04-11 11:23:13,642 [Listener at 127.0.0.1/36763] INFO  server.GrpcService (ConfUtils.java:logGet(46)) - raft.grpc.flow.control.window = 5MB (=5242880) (custom)
2023-04-11 11:23:13,642 [Listener at 127.0.0.1/36763] INFO  server.RaftServerConfigKeys (ConfUtils.java:logGet(46)) - raft.server.rpc.request.timeout = 60s (custom)
2023-04-11 11:23:13,642 [Listener at 127.0.0.1/36763] INFO  grpc.GrpcConfigKeys (ConfUtils.java:logGet(46)) - raft.grpc.server.heartbeat.channel = true (default)
2023-04-11 11:23:13,642 [Listener at 127.0.0.1/36763] INFO  grpc.GrpcConfigKeys (ConfUtils.java:logGet(46)) - raft.grpc.server.async.request.thread.pool.cached = true (default)
2023-04-11 11:23:13,642 [Listener at 127.0.0.1/36763] INFO  grpc.GrpcConfigKeys (ConfUtils.java:logGet(46)) - raft.grpc.server.async.request.thread.pool.size = 32 (default)
2023-04-11 11:23:13,644 [Listener at 127.0.0.1/36763] INFO  impl.DataStreamServerImpl (ConfUtils.java:logGet(46)) - raft.datastream.type = NETTY (custom)
2023-04-11 11:23:13,653 [Listener at 127.0.0.1/36763] INFO  server.RaftServerConfigKeys (ConfUtils.java:logGet(46)) - raft.server.data-stream.async.request.thread.pool.cached = false (default)
2023-04-11 11:23:13,654 [Listener at 127.0.0.1/36763] INFO  server.RaftServerConfigKeys (ConfUtils.java:logGet(46)) - raft.server.data-stream.async.request.thread.pool.size = 20 (custom)
2023-04-11 11:23:13,655 [Listener at 127.0.0.1/36763] INFO  server.RaftServerConfigKeys (ConfUtils.java:logGet(46)) - raft.server.data-stream.async.write.thread.pool.size = 16 (default)
2023-04-11 11:23:13,656 [Listener at 127.0.0.1/36763] INFO  server.RaftServerConfigKeys (ConfUtils.java:logGet(46)) - raft.server.data-stream.client.pool.size = 10 (default)
2023-04-11 11:23:13,658 [Listener at 127.0.0.1/36763] INFO  netty.NettyConfigKeys$DataStream (ConfUtils.java:logGet(46)) - raft.netty.dataStream.server.use-epoll = false (default)
2023-04-11 11:23:13,659 [Listener at 127.0.0.1/36763] INFO  netty.NettyConfigKeys$DataStream (ConfUtils.java:logGet(46)) - raft.netty.dataStream.server.boss-group.size = 0 (default)
2023-04-11 11:23:13,666 [Listener at 127.0.0.1/36763] INFO  netty.NettyConfigKeys$DataStream (ConfUtils.java:logGet(46)) - raft.netty.dataStream.server.worker-group.size = 0 (default)
2023-04-11 11:23:13,667 [Listener at 127.0.0.1/36763] INFO  netty.NettyConfigKeys$DataStream (ConfUtils.java:logGet(46)) - raft.netty.dataStream.server.tls.conf = null (default)
2023-04-11 11:23:13,668 [Listener at 127.0.0.1/36763] INFO  netty.NettyConfigKeys$DataStream (ConfUtils.java:logGet(46)) - raft.netty.dataStream.host = null (default)
2023-04-11 11:23:13,668 [Listener at 127.0.0.1/36763] INFO  netty.NettyConfigKeys$DataStream (ConfUtils.java:logGet(46)) - raft.netty.dataStream.port = 0 (default)
2023-04-11 11:23:13,678 [Listener at 127.0.0.1/36763] INFO  server.RaftServerConfigKeys (ConfUtils.java:logGet(46)) - raft.server.threadpool.proxy.cached = true (default)
2023-04-11 11:23:13,679 [Listener at 127.0.0.1/36763] INFO  server.RaftServerConfigKeys (ConfUtils.java:logGet(46)) - raft.server.threadpool.proxy.size = 0 (default)
2023-04-11 11:23:13,679 [Listener at 127.0.0.1/36763] INFO  server.RaftServerConfigKeys (ConfUtils.java:logGet(46)) - raft.server.rpc.slowness.timeout = 300s (custom)
2023-04-11 11:23:13,679 [Listener at 127.0.0.1/36763] INFO  server.RaftServerConfigKeys (ConfUtils.java:logGet(46)) - raft.server.leaderelection.leader.step-down.wait-time = 10s (default)
2023-04-11 11:23:13,679 [Listener at 127.0.0.1/36763] INFO  server.RaftServerConfigKeys (ConfUtils.java:logGet(46)) - raft.server.storage.dir = [/home/runner/work/ozone/ozone/hadoop-ozone/integration-test/target/test-dir/MiniOzoneClusterImpl-9bce2823-b07a-4470-87a5-870b50b19846/datanode-0/data/ratis] (custom)
2023-04-11 11:23:13,706 [243d07fb-de29-4324-a32b-24d5948493a7-NettyServerStreamRpc-bossGroup--thread1] INFO  logging.LoggingHandler (AbstractInternalLogger.java:log(148)) - [id: 0x674eb3f7] REGISTERED
2023-04-11 11:23:13,707 [243d07fb-de29-4324-a32b-24d5948493a7-NettyServerStreamRpc-bossGroup--thread1] INFO  logging.LoggingHandler (AbstractInternalLogger.java:log(148)) - [id: 0x674eb3f7] BIND: 0.0.0.0/0.0.0.0:0
2023-04-11 11:23:13,709 [243d07fb-de29-4324-a32b-24d5948493a7-NettyServerStreamRpc-bossGroup--thread1] INFO  logging.LoggingHandler (AbstractInternalLogger.java:log(148)) - [id: 0x674eb3f7, L:/0:0:0:0:0:0:0:0:37595] ACTIVE
2023-04-11 11:23:13,718 [Listener at 127.0.0.1/36763] INFO  server.XceiverServerGrpc (XceiverServerGrpc.java:<init>(132)) - GrpcServer channel type EpollServerSocketChannel
2023-04-11 11:23:13,801 [Listener at 127.0.0.1/36763] INFO  http.BaseHttpServer (BaseHttpServer.java:newHttpServer2BuilderForOzone(224)) - Starting Web-server for hddsDatanode at: http://0.0.0.0:0
2023-04-11 11:23:13,801 [Listener at 127.0.0.1/36763] INFO  http.BaseHttpServer (BaseHttpServer.java:<init>(111)) - Hadoop Security Enabled: false Ozone Security Enabled: false Ozone HTTP Security Enabled: false 
2023-04-11 11:23:13,803 [Listener at 127.0.0.1/36763] WARN  server.AuthenticationFilter (AuthenticationFilter.java:constructSecretProvider(240)) - Unable to initialize FileSignerSecretProvider, falling back to use random secrets. Reason: Could not read signature secret file: /home/runner/hadoop-http-auth-signature-secret
2023-04-11 11:23:13,803 [Listener at 127.0.0.1/36763] WARN  http.HttpRequestLog (HttpRequestLog.java:getRequestLog(103)) - Jetty request log can only be enabled using Log4j
2023-04-11 11:23:13,805 [Listener at 127.0.0.1/36763] INFO  http.HttpServer2 (HttpServer2.java:addGlobalFilter(1031)) - Added global filter 'safety' (class=org.apache.hadoop.hdds.server.http.HttpServer2$QuotingInputFilter)
2023-04-11 11:23:13,806 [Listener at 127.0.0.1/36763] INFO  http.HttpServer2 (HttpServer2.java:addFilter(1007)) - Added filter static_user_filter (class=org.apache.hadoop.http.lib.StaticUserWebFilter$StaticUserFilter) to context hddsDatanode
2023-04-11 11:23:13,806 [Listener at 127.0.0.1/36763] INFO  http.HttpServer2 (HttpServer2.java:addFilter(1015)) - Added filter static_user_filter (class=org.apache.hadoop.http.lib.StaticUserWebFilter$StaticUserFilter) to context static
2023-04-11 11:23:13,806 [Listener at 127.0.0.1/36763] INFO  http.HttpServer2 (HttpServer2.java:addFilter(1015)) - Added filter static_user_filter (class=org.apache.hadoop.http.lib.StaticUserWebFilter$StaticUserFilter) to context logs
2023-04-11 11:23:13,807 [Listener at 127.0.0.1/36763] INFO  http.BaseHttpServer (BaseHttpServer.java:<init>(190)) - HTTP server of hddsDatanode uses base directory /home/runner/work/ozone/ozone/hadoop-ozone/integration-test/target/test-dir/MiniOzoneClusterImpl-9bce2823-b07a-4470-87a5-870b50b19846/datanode-0/meta/webserver
2023-04-11 11:23:13,808 [Listener at 127.0.0.1/36763] INFO  http.HttpServer2 (HttpServer2.java:bindListener(1250)) - Jetty bound to port 34875
2023-04-11 11:23:13,808 [Listener at 127.0.0.1/36763] INFO  server.Server (Server.java:doStart(375)) - jetty-9.4.49.v20220914; built: 2022-09-14T01:07:36.601Z; git: 4231a3b2e4cb8548a412a789936d640a97b1aa0a; jvm 1.8.0_362-b09
2023-04-11 11:23:13,811 [Listener at 127.0.0.1/36763] INFO  server.session (DefaultSessionIdManager.java:doStart(334)) - DefaultSessionIdManager workerName=node0
2023-04-11 11:23:13,811 [Listener at 127.0.0.1/36763] INFO  server.session (DefaultSessionIdManager.java:doStart(339)) - No SessionScavenger set, using defaults
2023-04-11 11:23:13,811 [Listener at 127.0.0.1/36763] INFO  server.session (HouseKeeper.java:startScavenging(132)) - node0 Scavenging every 600000ms
2023-04-11 11:23:13,812 [Listener at 127.0.0.1/36763] INFO  handler.ContextHandler (ContextHandler.java:doStart(921)) - Started o.e.j.s.ServletContextHandler@459245c9{logs,/logs,file:///home/runner/work/ozone/ozone/hadoop-ozone/integration-test/target/log,AVAILABLE}
2023-04-11 11:23:13,813 [Listener at 127.0.0.1/36763] INFO  handler.ContextHandler (ContextHandler.java:doStart(921)) - Started o.e.j.s.ServletContextHandler@71b03e9a{static,/static,jar:file:/home/runner/.m2/repository/org/apache/ozone/hdds-container-service/1.4.0-SNAPSHOT/hdds-container-service-1.4.0-SNAPSHOT.jar!/webapps/static,AVAILABLE}
2023-04-11 11:23:13,986 [om1@group-C5BA1605619E-FollowerState] INFO  impl.FollowerState (FollowerState.java:run(143)) - om1@group-C5BA1605619E-FollowerState: change to CANDIDATE, lastRpcElapsedTime:1039226771ns, electionTimeout:1028ms
2023-04-11 11:23:13,987 [om1@group-C5BA1605619E-FollowerState] INFO  impl.RoleInfo (RoleInfo.java:shutdownFollowerState(110)) - om1: shutdown om1@group-C5BA1605619E-FollowerState
2023-04-11 11:23:13,988 [om1@group-C5BA1605619E-FollowerState] INFO  server.RaftServer$Division (RaftServerImpl.java:setRole(321)) - om1@group-C5BA1605619E: changes role from  FOLLOWER to CANDIDATE at term 0 for changeToCandidate
2023-04-11 11:23:13,991 [om1@group-C5BA1605619E-FollowerState] INFO  server.RaftServerConfigKeys (ConfUtils.java:logGet(46)) - raft.server.leaderelection.pre-vote = true (default)
2023-04-11 11:23:13,991 [om1@group-C5BA1605619E-FollowerState] INFO  impl.RoleInfo (RoleInfo.java:updateAndGet(139)) - om1: start om1@group-C5BA1605619E-LeaderElection1
2023-04-11 11:23:14,011 [om1@group-C5BA1605619E-LeaderElection1] INFO  impl.LeaderElection (LeaderElection.java:askForVotes(312)) - om1@group-C5BA1605619E-LeaderElection1 PRE_VOTE round 0: submit vote requests at term 0 for -1: peers:[om1|rpc:localhost:9872|priority:0|startupRole:FOLLOWER]|listeners:[], old=null
2023-04-11 11:23:14,012 [om1@group-C5BA1605619E-LeaderElection1] INFO  impl.LeaderElection (LeaderElection.java:askForVotes(314)) - om1@group-C5BA1605619E-LeaderElection1 PRE_VOTE round 0: result PASSED (term=0)
2023-04-11 11:23:14,017 [om1@group-C5BA1605619E-LeaderElection1] INFO  impl.LeaderElection (LeaderElection.java:askForVotes(312)) - om1@group-C5BA1605619E-LeaderElection1 ELECTION round 0: submit vote requests at term 1 for -1: peers:[om1|rpc:localhost:9872|priority:0|startupRole:FOLLOWER]|listeners:[], old=null
2023-04-11 11:23:14,017 [om1@group-C5BA1605619E-LeaderElection1] INFO  impl.LeaderElection (LeaderElection.java:askForVotes(314)) - om1@group-C5BA1605619E-LeaderElection1 ELECTION round 0: result PASSED (term=1)
2023-04-11 11:23:14,017 [om1@group-C5BA1605619E-LeaderElection1] INFO  impl.RoleInfo (RoleInfo.java:shutdownLeaderElection(130)) - om1: shutdown om1@group-C5BA1605619E-LeaderElection1
2023-04-11 11:23:14,023 [om1@group-C5BA1605619E-LeaderElection1] INFO  server.RaftServer$Division (RaftServerImpl.java:setRole(321)) - om1@group-C5BA1605619E: changes role from CANDIDATE to LEADER at term 1 for changeToLeader
2023-04-11 11:23:14,029 [om1@group-C5BA1605619E-LeaderElection1] INFO  server.RaftServer$Division (ServerState.java:setLeader(313)) - om1@group-C5BA1605619E: change Leader from null to om1 at term 1 for becomeLeader, leader elected after 2213ms
2023-04-11 11:23:14,036 [om1@group-C5BA1605619E-LeaderElection1] INFO  server.RaftServerConfigKeys (ConfUtils.java:logGet(46)) - raft.server.staging.catchup.gap = 1000 (default)
2023-04-11 11:23:14,040 [om1@group-C5BA1605619E-LeaderElection1] INFO  server.RaftServerConfigKeys (ConfUtils.java:logGet(46)) - raft.server.write.element-limit = 4096 (default)
2023-04-11 11:23:14,041 [om1@group-C5BA1605619E-LeaderElection1] INFO  server.RaftServerConfigKeys (ConfUtils.java:logGet(46)) - raft.server.write.byte-limit = 64MB (=67108864) (default)
2023-04-11 11:23:14,047 [Listener at 127.0.0.1/36763] INFO  handler.ContextHandler (ContextHandler.java:doStart(921)) - Started o.e.j.w.WebAppContext@5715e1dd{hddsDatanode,/,file:///home/runner/work/ozone/ozone/hadoop-ozone/integration-test/target/test-dir/MiniOzoneClusterImpl-9bce2823-b07a-4470-87a5-870b50b19846/datanode-0/meta/webserver/jetty-0_0_0_0-34875-hdds-container-service-1_4_0-SNAPSHOT_jar-_-any-3028080468706713856/webapp/,AVAILABLE}{jar:file:/home/runner/.m2/repository/org/apache/ozone/hdds-container-service/1.4.0-SNAPSHOT/hdds-container-service-1.4.0-SNAPSHOT.jar!/webapps/hddsDatanode}
2023-04-11 11:23:14,048 [om1@group-C5BA1605619E-LeaderElection1] INFO  server.RaftServerConfigKeys (ConfUtils.java:logGet(46)) - raft.server.watch.timeout = 10s (default)
2023-04-11 11:23:14,048 [Listener at 127.0.0.1/36763] INFO  server.AbstractConnector (AbstractConnector.java:doStart(333)) - Started ServerConnector@5f971e3d{HTTP/1.1, (http/1.1)}{0.0.0.0:34875}
2023-04-11 11:23:14,049 [om1@group-C5BA1605619E-LeaderElection1] INFO  server.RaftServerConfigKeys (ConfUtils.java:logGet(46)) - raft.server.watch.timeout.denomination = 1s (default)
2023-04-11 11:23:14,049 [Listener at 127.0.0.1/36763] INFO  server.Server (Server.java:doStart(415)) - Started @8676ms
2023-04-11 11:23:14,049 [Listener at 127.0.0.1/36763] WARN  impl.MetricsSystemImpl (MetricsSystemImpl.java:register(279)) - Sink prometheus already exists!
2023-04-11 11:23:14,050 [Listener at 127.0.0.1/36763] INFO  http.BaseHttpServer (BaseHttpServer.java:updateConnectorAddress(344)) - HTTP server of hddsDatanode listening at http://0.0.0.0:34875
2023-04-11 11:23:14,052 [om1@group-C5BA1605619E-LeaderElection1] INFO  server.RaftServerConfigKeys (ConfUtils.java:logGet(46)) - raft.server.watch.element-limit = 65536 (default)
2023-04-11 11:23:14,056 [Listener at 127.0.0.1/36763] WARN  impl.MetricRegistriesImpl (MetricRegistriesImpl.java:addReporterRegistration(111)) - New reporters are added after registries were created. Some metrics will be missing from the reporter. Please add reporter before adding any new registry.
2023-04-11 11:23:14,056 [Listener at 127.0.0.1/36763] WARN  impl.MetricRegistriesImpl (MetricRegistriesImpl.java:addReporterRegistration(111)) - New reporters are added after registries were created. Some metrics will be missing from the reporter. Please add reporter before adding any new registry.
2023-04-11 11:23:14,057 [Listener at 127.0.0.1/36763] INFO  impl.MetricsSystemImpl (MetricsSystemImpl.java:init(158)) - HddsDatanode metrics system started (again)
2023-04-11 11:23:14,058 [om1@group-C5BA1605619E-LeaderElection1] INFO  server.RaftServerConfigKeys (ConfUtils.java:logGet(46)) - raft.server.write.element-limit = 4096 (default)
2023-04-11 11:23:14,060 [om1@group-C5BA1605619E-LeaderElection1] INFO  server.RaftServerConfigKeys (ConfUtils.java:logGet(46)) - raft.server.write.follower.gap.ratio.max = -1.0 (default)
2023-04-11 11:23:14,064 [om1@group-C5BA1605619E-LeaderElection1] INFO  impl.RoleInfo (RoleInfo.java:updateAndGet(139)) - om1: start om1@group-C5BA1605619E-LeaderStateImpl
2023-04-11 11:23:14,063 [Datanode State Machine Daemon Thread] INFO  statemachine.DatanodeStateMachine (DatanodeStateMachine.java:lambda$startDaemon$0(517)) - Ozone container server started.
2023-04-11 11:23:14,076 [Listener at 127.0.0.1/36763] INFO  ozone.HddsDatanodeService (HddsDatanodeService.java:start(252)) - HddsDatanodeService host:fv-az590-525.scpgifznvsounmmscp2whtfmwe.cx.internal.cloudapp.net ip:10.1.0.37
2023-04-11 11:23:14,101 [org.apache.hadoop.util.JvmPauseMonitor$Monitor@672cbdc3] INFO  util.JvmPauseMonitor (JvmPauseMonitor.java:run(188)) - Starting JVM pause monitor
2023-04-11 11:23:14,115 [Listener at 127.0.0.1/36763] INFO  upgrade.AbstractLayoutVersionManager (AbstractLayoutVersionManager.java:init(83)) - Initializing Layout version manager with metadata layout = WEBUI_PORTS_IN_DATANODEDETAILS (version = 6), software layout = WEBUI_PORTS_IN_DATANODEDETAILS (version = 6)
2023-04-11 11:23:14,135 [om1@group-C5BA1605619E-LeaderElection1] INFO  segmented.SegmentedRaftLogWorker (SegmentedRaftLogWorker.java:startLogSegment(452)) - om1@group-C5BA1605619E-SegmentedRaftLogWorker: Starting segment from index:0
2023-04-11 11:23:14,229 [om1@group-C5BA1605619E-LeaderElection1] INFO  server.RaftServer$Division (ServerState.java:setRaftConf(430)) - om1@group-C5BA1605619E: set configuration 0: peers:[om1|rpc:localhost:9872|admin:|client:|dataStream:|priority:0|startupRole:FOLLOWER]|listeners:[], old=null
2023-04-11 11:23:14,280 [Listener at 127.0.0.1/36763] INFO  reflections.Reflections (Reflections.java:scan(232)) - Reflections took 153 ms to scan 7 urls, producing 156 keys and 369 values 
2023-04-11 11:23:14,289 [Listener at 127.0.0.1/36763] INFO  statemachine.DatanodeStateMachine (DatanodeStateMachine.java:getEndPointTaskThreadPoolSize(260)) - Datanode State Machine Task Thread Pool size 2
2023-04-11 11:23:14,299 [Listener at 127.0.0.1/36763] INFO  volume.HddsVolume (HddsVolume.java:<init>(130)) - Creating HddsVolume: /home/runner/work/ozone/ozone/hadoop-ozone/integration-test/target/test-dir/MiniOzoneClusterImpl-9bce2823-b07a-4470-87a5-870b50b19846/datanode-1/data-0/containers/hdds of storage type : DISK capacity : 9223372036854775807
2023-04-11 11:23:14,300 [Listener at 127.0.0.1/36763] INFO  volume.MutableVolumeSet (MutableVolumeSet.java:initializeVolumeSet(175)) - Added Volume : /home/runner/work/ozone/ozone/hadoop-ozone/integration-test/target/test-dir/MiniOzoneClusterImpl-9bce2823-b07a-4470-87a5-870b50b19846/datanode-1/data-0/containers/hdds to VolumeSet
2023-04-11 11:23:14,300 [Listener at 127.0.0.1/36763] INFO  volume.ThrottledAsyncChecker (ThrottledAsyncChecker.java:schedule(141)) - Scheduling a check for /home/runner/work/ozone/ozone/hadoop-ozone/integration-test/target/test-dir/MiniOzoneClusterImpl-9bce2823-b07a-4470-87a5-870b50b19846/datanode-1/data-0/containers/hdds
2023-04-11 11:23:14,305 [Listener at 127.0.0.1/36763] INFO  volume.StorageVolumeChecker (StorageVolumeChecker.java:checkAllVolumes(202)) - Scheduled health check for volume /home/runner/work/ozone/ozone/hadoop-ozone/integration-test/target/test-dir/MiniOzoneClusterImpl-9bce2823-b07a-4470-87a5-870b50b19846/datanode-1/data-0/containers/hdds
2023-04-11 11:23:14,350 [om1@group-C5BA1605619E-SegmentedRaftLogWorker] INFO  segmented.SegmentedRaftLogWorker (SegmentedRaftLogWorker.java:execute(656)) - om1@group-C5BA1605619E-SegmentedRaftLogWorker: created new log segment /home/runner/work/ozone/ozone/hadoop-ozone/integration-test/target/test-dir/MiniOzoneClusterImpl-9bce2823-b07a-4470-87a5-870b50b19846/ozone-meta/ratis/bf265839-605b-3f16-9796-c5ba1605619e/current/log_inprogress_0
2023-04-11 11:23:14,373 [Listener at 127.0.0.1/36763] INFO  volume.MutableVolumeSet (MutableVolumeSet.java:initializeVolumeSet(175)) - Added Volume : /home/runner/work/ozone/ozone/hadoop-ozone/integration-test/target/test-dir/MiniOzoneClusterImpl-9bce2823-b07a-4470-87a5-870b50b19846/datanode-1/data/ratis to VolumeSet
2023-04-11 11:23:14,373 [Listener at 127.0.0.1/36763] INFO  volume.ThrottledAsyncChecker (ThrottledAsyncChecker.java:schedule(141)) - Scheduling a check for /home/runner/work/ozone/ozone/hadoop-ozone/integration-test/target/test-dir/MiniOzoneClusterImpl-9bce2823-b07a-4470-87a5-870b50b19846/datanode-1/data/ratis
2023-04-11 11:23:14,374 [Listener at 127.0.0.1/36763] INFO  volume.StorageVolumeChecker (StorageVolumeChecker.java:checkAllVolumes(202)) - Scheduled health check for volume /home/runner/work/ozone/ozone/hadoop-ozone/integration-test/target/test-dir/MiniOzoneClusterImpl-9bce2823-b07a-4470-87a5-870b50b19846/datanode-1/data/ratis
2023-04-11 11:23:14,386 [Thread-153] INFO  ozoneimpl.ContainerReader (ContainerReader.java:readVolume(175)) - Finish verifying containers on volume /home/runner/work/ozone/ozone/hadoop-ozone/integration-test/target/test-dir/MiniOzoneClusterImpl-9bce2823-b07a-4470-87a5-870b50b19846/datanode-1/data-0/containers/hdds
2023-04-11 11:23:14,387 [Listener at 127.0.0.1/36763] INFO  ozoneimpl.OzoneContainer (OzoneContainer.java:buildContainerSet(303)) - Build ContainerSet costs 0s
2023-04-11 11:23:14,395 [Listener at 127.0.0.1/36763] INFO  server.RaftServer (ConfUtils.java:logGet(46)) - raft.rpc.type = GRPC (default)
2023-04-11 11:23:14,396 [Listener at 127.0.0.1/36763] INFO  grpc.GrpcConfigKeys (ConfUtils.java:logFallback(53)) - raft.grpc.admin.host = null (fallback to raft.grpc.server.host)
2023-04-11 11:23:14,396 [Listener at 127.0.0.1/36763] INFO  grpc.GrpcConfigKeys (ConfUtils.java:logGet(46)) - raft.grpc.admin.port = 0 (custom)
2023-04-11 11:23:14,396 [Listener at 127.0.0.1/36763] INFO  grpc.GrpcConfigKeys (ConfUtils.java:logFallback(53)) - raft.grpc.client.host = null (fallback to raft.grpc.server.host)
2023-04-11 11:23:14,396 [Listener at 127.0.0.1/36763] INFO  grpc.GrpcConfigKeys (ConfUtils.java:logGet(46)) - raft.grpc.client.port = 0 (custom)
2023-04-11 11:23:14,396 [Listener at 127.0.0.1/36763] INFO  grpc.GrpcConfigKeys (ConfUtils.java:logGet(46)) - raft.grpc.server.host = null (default)
2023-04-11 11:23:14,396 [Listener at 127.0.0.1/36763] INFO  grpc.GrpcConfigKeys (ConfUtils.java:logGet(46)) - raft.grpc.server.port = 0 (default)
2023-04-11 11:23:14,397 [Listener at 127.0.0.1/36763] INFO  server.GrpcService (ConfUtils.java:logGet(46)) - raft.grpc.message.size.max = 32MB (=33554432) (custom)
2023-04-11 11:23:14,397 [Listener at 127.0.0.1/36763] INFO  server.RaftServerConfigKeys (ConfUtils.java:logGet(46)) - raft.server.log.appender.buffer.byte-limit = 33554432 (custom)
2023-04-11 11:23:14,397 [Listener at 127.0.0.1/36763] INFO  server.GrpcService (ConfUtils.java:logGet(46)) - raft.grpc.flow.control.window = 5MB (=5242880) (custom)
2023-04-11 11:23:14,397 [Listener at 127.0.0.1/36763] INFO  server.RaftServerConfigKeys (ConfUtils.java:logGet(46)) - raft.server.rpc.request.timeout = 60s (custom)
2023-04-11 11:23:14,397 [Listener at 127.0.0.1/36763] INFO  grpc.GrpcConfigKeys (ConfUtils.java:logGet(46)) - raft.grpc.server.heartbeat.channel = true (default)
2023-04-11 11:23:14,397 [Listener at 127.0.0.1/36763] INFO  grpc.GrpcConfigKeys (ConfUtils.java:logGet(46)) - raft.grpc.server.async.request.thread.pool.cached = true (default)
2023-04-11 11:23:14,397 [Listener at 127.0.0.1/36763] INFO  grpc.GrpcConfigKeys (ConfUtils.java:logGet(46)) - raft.grpc.server.async.request.thread.pool.size = 32 (default)
2023-04-11 11:23:14,405 [Listener at 127.0.0.1/36763] INFO  impl.DataStreamServerImpl (ConfUtils.java:logGet(46)) - raft.datastream.type = NETTY (custom)
2023-04-11 11:23:14,410 [Listener at 127.0.0.1/36763] INFO  server.RaftServerConfigKeys (ConfUtils.java:logGet(46)) - raft.server.data-stream.async.request.thread.pool.cached = false (default)
2023-04-11 11:23:14,410 [Listener at 127.0.0.1/36763] INFO  server.RaftServerConfigKeys (ConfUtils.java:logGet(46)) - raft.server.data-stream.async.request.thread.pool.size = 20 (custom)
2023-04-11 11:23:14,411 [Listener at 127.0.0.1/36763] INFO  server.RaftServerConfigKeys (ConfUtils.java:logGet(46)) - raft.server.data-stream.async.write.thread.pool.size = 16 (default)
2023-04-11 11:23:14,411 [Listener at 127.0.0.1/36763] INFO  server.RaftServerConfigKeys (ConfUtils.java:logGet(46)) - raft.server.data-stream.client.pool.size = 10 (default)
2023-04-11 11:23:14,412 [Listener at 127.0.0.1/36763] INFO  netty.NettyConfigKeys$DataStream (ConfUtils.java:logGet(46)) - raft.netty.dataStream.server.use-epoll = false (default)
2023-04-11 11:23:14,412 [Listener at 127.0.0.1/36763] INFO  netty.NettyConfigKeys$DataStream (ConfUtils.java:logGet(46)) - raft.netty.dataStream.server.boss-group.size = 0 (default)
2023-04-11 11:23:14,412 [Listener at 127.0.0.1/36763] INFO  netty.NettyConfigKeys$DataStream (ConfUtils.java:logGet(46)) - raft.netty.dataStream.server.worker-group.size = 0 (default)
2023-04-11 11:23:14,412 [Listener at 127.0.0.1/36763] INFO  netty.NettyConfigKeys$DataStream (ConfUtils.java:logGet(46)) - raft.netty.dataStream.server.tls.conf = null (default)
2023-04-11 11:23:14,413 [Listener at 127.0.0.1/36763] INFO  netty.NettyConfigKeys$DataStream (ConfUtils.java:logGet(46)) - raft.netty.dataStream.host = null (default)
2023-04-11 11:23:14,413 [Listener at 127.0.0.1/36763] INFO  netty.NettyConfigKeys$DataStream (ConfUtils.java:logGet(46)) - raft.netty.dataStream.port = 0 (default)
2023-04-11 11:23:14,425 [Listener at 127.0.0.1/36763] INFO  server.RaftServerConfigKeys (ConfUtils.java:logGet(46)) - raft.server.threadpool.proxy.cached = true (default)
2023-04-11 11:23:14,426 [Listener at 127.0.0.1/36763] INFO  server.RaftServerConfigKeys (ConfUtils.java:logGet(46)) - raft.server.threadpool.proxy.size = 0 (default)
2023-04-11 11:23:14,426 [Listener at 127.0.0.1/36763] INFO  server.RaftServerConfigKeys (ConfUtils.java:logGet(46)) - raft.server.rpc.slowness.timeout = 300s (custom)
2023-04-11 11:23:14,426 [Listener at 127.0.0.1/36763] INFO  server.RaftServerConfigKeys (ConfUtils.java:logGet(46)) - raft.server.leaderelection.leader.step-down.wait-time = 10s (default)
2023-04-11 11:23:14,426 [Listener at 127.0.0.1/36763] INFO  server.RaftServerConfigKeys (ConfUtils.java:logGet(46)) - raft.server.storage.dir = [/home/runner/work/ozone/ozone/hadoop-ozone/integration-test/target/test-dir/MiniOzoneClusterImpl-9bce2823-b07a-4470-87a5-870b50b19846/datanode-1/data/ratis] (custom)
2023-04-11 11:23:14,432 [c75a143a-6faf-4f8e-9847-b3e7e26fc01f-NettyServerStreamRpc-bossGroup--thread1] INFO  logging.LoggingHandler (AbstractInternalLogger.java:log(148)) - [id: 0xb7a5a800] REGISTERED
2023-04-11 11:23:14,433 [c75a143a-6faf-4f8e-9847-b3e7e26fc01f-NettyServerStreamRpc-bossGroup--thread1] INFO  logging.LoggingHandler (AbstractInternalLogger.java:log(148)) - [id: 0xb7a5a800] BIND: 0.0.0.0/0.0.0.0:0
2023-04-11 11:23:14,433 [c75a143a-6faf-4f8e-9847-b3e7e26fc01f-NettyServerStreamRpc-bossGroup--thread1] INFO  logging.LoggingHandler (AbstractInternalLogger.java:log(148)) - [id: 0xb7a5a800, L:/0:0:0:0:0:0:0:0:34813] ACTIVE
2023-04-11 11:23:14,438 [Listener at 127.0.0.1/36763] INFO  server.XceiverServerGrpc (XceiverServerGrpc.java:<init>(132)) - GrpcServer channel type EpollServerSocketChannel
2023-04-11 11:23:14,450 [Listener at 127.0.0.1/36763] INFO  http.BaseHttpServer (BaseHttpServer.java:newHttpServer2BuilderForOzone(224)) - Starting Web-server for hddsDatanode at: http://0.0.0.0:0
2023-04-11 11:23:14,450 [Listener at 127.0.0.1/36763] INFO  http.BaseHttpServer (BaseHttpServer.java:<init>(111)) - Hadoop Security Enabled: false Ozone Security Enabled: false Ozone HTTP Security Enabled: false 
2023-04-11 11:23:14,454 [Listener at 127.0.0.1/36763] WARN  server.AuthenticationFilter (AuthenticationFilter.java:constructSecretProvider(240)) - Unable to initialize FileSignerSecretProvider, falling back to use random secrets. Reason: Could not read signature secret file: /home/runner/hadoop-http-auth-signature-secret
2023-04-11 11:23:14,458 [Listener at 127.0.0.1/36763] WARN  http.HttpRequestLog (HttpRequestLog.java:getRequestLog(103)) - Jetty request log can only be enabled using Log4j
2023-04-11 11:23:14,460 [Listener at 127.0.0.1/36763] INFO  http.HttpServer2 (HttpServer2.java:addGlobalFilter(1031)) - Added global filter 'safety' (class=org.apache.hadoop.hdds.server.http.HttpServer2$QuotingInputFilter)
2023-04-11 11:23:14,463 [Listener at 127.0.0.1/36763] INFO  http.HttpServer2 (HttpServer2.java:addFilter(1007)) - Added filter static_user_filter (class=org.apache.hadoop.http.lib.StaticUserWebFilter$StaticUserFilter) to context hddsDatanode
2023-04-11 11:23:14,464 [Listener at 127.0.0.1/36763] INFO  http.HttpServer2 (HttpServer2.java:addFilter(1015)) - Added filter static_user_filter (class=org.apache.hadoop.http.lib.StaticUserWebFilter$StaticUserFilter) to context logs
2023-04-11 11:23:14,464 [Listener at 127.0.0.1/36763] INFO  http.HttpServer2 (HttpServer2.java:addFilter(1015)) - Added filter static_user_filter (class=org.apache.hadoop.http.lib.StaticUserWebFilter$StaticUserFilter) to context static
2023-04-11 11:23:14,465 [Listener at 127.0.0.1/36763] INFO  http.BaseHttpServer (BaseHttpServer.java:<init>(190)) - HTTP server of hddsDatanode uses base directory /home/runner/work/ozone/ozone/hadoop-ozone/integration-test/target/test-dir/MiniOzoneClusterImpl-9bce2823-b07a-4470-87a5-870b50b19846/datanode-1/meta/webserver
2023-04-11 11:23:14,467 [Listener at 127.0.0.1/36763] INFO  http.HttpServer2 (HttpServer2.java:bindListener(1250)) - Jetty bound to port 37559
2023-04-11 11:23:14,467 [Datanode State Machine Task Thread - 0] INFO  datanode.InitDatanodeState (InitDatanodeState.java:persistContainerDatanodeDetails(138)) - DatanodeDetails is persisted to /home/runner/work/ozone/ozone/hadoop-ozone/integration-test/target/test-dir/MiniOzoneClusterImpl-9bce2823-b07a-4470-87a5-870b50b19846/datanode-0/meta/datanode.id
2023-04-11 11:23:14,469 [Listener at 127.0.0.1/36763] INFO  server.Server (Server.java:doStart(375)) - jetty-9.4.49.v20220914; built: 2022-09-14T01:07:36.601Z; git: 4231a3b2e4cb8548a412a789936d640a97b1aa0a; jvm 1.8.0_362-b09
2023-04-11 11:23:14,475 [Listener at 127.0.0.1/36763] INFO  server.session (DefaultSessionIdManager.java:doStart(334)) - DefaultSessionIdManager workerName=node0
2023-04-11 11:23:14,475 [Listener at 127.0.0.1/36763] INFO  server.session (DefaultSessionIdManager.java:doStart(339)) - No SessionScavenger set, using defaults
2023-04-11 11:23:14,476 [Listener at 127.0.0.1/36763] INFO  server.session (HouseKeeper.java:startScavenging(132)) - node0 Scavenging every 600000ms
2023-04-11 11:23:14,478 [Listener at 127.0.0.1/36763] INFO  handler.ContextHandler (ContextHandler.java:doStart(921)) - Started o.e.j.s.ServletContextHandler@5b0ed695{logs,/logs,file:///home/runner/work/ozone/ozone/hadoop-ozone/integration-test/target/log,AVAILABLE}
2023-04-11 11:23:14,479 [Listener at 127.0.0.1/36763] INFO  handler.ContextHandler (ContextHandler.java:doStart(921)) - Started o.e.j.s.ServletContextHandler@7f4e26a3{static,/static,jar:file:/home/runner/.m2/repository/org/apache/ozone/hdds-container-service/1.4.0-SNAPSHOT/hdds-container-service-1.4.0-SNAPSHOT.jar!/webapps/static,AVAILABLE}
2023-04-11 11:23:14,525 [om1@group-C5BA1605619E-StateMachineUpdater] INFO  ratis.OzoneManagerStateMachine (OzoneManagerStateMachine.java:notifyConfigurationChanged(200)) - Received Configuration change notification from Ratis. New Peer list:
[id: "om1"
address: "localhost:9872"
startupRole: FOLLOWER
]
2023-04-11 11:23:14,690 [Listener at 127.0.0.1/36763] INFO  handler.ContextHandler (ContextHandler.java:doStart(921)) - Started o.e.j.w.WebAppContext@36cd8553{hddsDatanode,/,file:///home/runner/work/ozone/ozone/hadoop-ozone/integration-test/target/test-dir/MiniOzoneClusterImpl-9bce2823-b07a-4470-87a5-870b50b19846/datanode-1/meta/webserver/jetty-0_0_0_0-37559-hdds-container-service-1_4_0-SNAPSHOT_jar-_-any-8029906851479770313/webapp/,AVAILABLE}{jar:file:/home/runner/.m2/repository/org/apache/ozone/hdds-container-service/1.4.0-SNAPSHOT/hdds-container-service-1.4.0-SNAPSHOT.jar!/webapps/hddsDatanode}
2023-04-11 11:23:14,693 [Listener at 127.0.0.1/36763] INFO  server.AbstractConnector (AbstractConnector.java:doStart(333)) - Started ServerConnector@5434c18d{HTTP/1.1, (http/1.1)}{0.0.0.0:37559}
2023-04-11 11:23:14,694 [Listener at 127.0.0.1/36763] INFO  server.Server (Server.java:doStart(415)) - Started @9321ms
2023-04-11 11:23:14,694 [Listener at 127.0.0.1/36763] WARN  impl.MetricsSystemImpl (MetricsSystemImpl.java:register(279)) - Sink prometheus already exists!
2023-04-11 11:23:14,697 [Listener at 127.0.0.1/36763] INFO  http.BaseHttpServer (BaseHttpServer.java:updateConnectorAddress(344)) - HTTP server of hddsDatanode listening at http://0.0.0.0:37559
2023-04-11 11:23:14,698 [Listener at 127.0.0.1/36763] WARN  impl.MetricRegistriesImpl (MetricRegistriesImpl.java:addReporterRegistration(111)) - New reporters are added after registries were created. Some metrics will be missing from the reporter. Please add reporter before adding any new registry.
2023-04-11 11:23:14,698 [Listener at 127.0.0.1/36763] WARN  impl.MetricRegistriesImpl (MetricRegistriesImpl.java:addReporterRegistration(111)) - New reporters are added after registries were created. Some metrics will be missing from the reporter. Please add reporter before adding any new registry.
2023-04-11 11:23:14,698 [Listener at 127.0.0.1/36763] INFO  impl.MetricsSystemImpl (MetricsSystemImpl.java:init(158)) - HddsDatanode metrics system started (again)
2023-04-11 11:23:14,704 [Datanode State Machine Daemon Thread] INFO  statemachine.DatanodeStateMachine (DatanodeStateMachine.java:lambda$startDaemon$0(517)) - Ozone container server started.
2023-04-11 11:23:14,718 [org.apache.hadoop.util.JvmPauseMonitor$Monitor@5f15aca] INFO  util.JvmPauseMonitor (JvmPauseMonitor.java:run(188)) - Starting JVM pause monitor
2023-04-11 11:23:14,728 [Listener at 127.0.0.1/36763] INFO  ozone.HddsDatanodeService (HddsDatanodeService.java:start(252)) - HddsDatanodeService host:fv-az590-525.scpgifznvsounmmscp2whtfmwe.cx.internal.cloudapp.net ip:10.1.0.37
2023-04-11 11:23:14,733 [Datanode State Machine Task Thread - 0] INFO  datanode.InitDatanodeState (InitDatanodeState.java:persistContainerDatanodeDetails(138)) - DatanodeDetails is persisted to /home/runner/work/ozone/ozone/hadoop-ozone/integration-test/target/test-dir/MiniOzoneClusterImpl-9bce2823-b07a-4470-87a5-870b50b19846/datanode-1/meta/datanode.id
2023-04-11 11:23:14,762 [Listener at 127.0.0.1/36763] INFO  upgrade.AbstractLayoutVersionManager (AbstractLayoutVersionManager.java:init(83)) - Initializing Layout version manager with metadata layout = WEBUI_PORTS_IN_DATANODEDETAILS (version = 6), software layout = WEBUI_PORTS_IN_DATANODEDETAILS (version = 6)
2023-04-11 11:23:14,824 [Listener at 127.0.0.1/36763] INFO  reflections.Reflections (Reflections.java:scan(232)) - Reflections took 61 ms to scan 7 urls, producing 156 keys and 369 values 
2023-04-11 11:23:14,826 [Listener at 127.0.0.1/36763] INFO  statemachine.DatanodeStateMachine (DatanodeStateMachine.java:getEndPointTaskThreadPoolSize(260)) - Datanode State Machine Task Thread Pool size 2
2023-04-11 11:23:14,829 [Listener at 127.0.0.1/36763] INFO  volume.HddsVolume (HddsVolume.java:<init>(130)) - Creating HddsVolume: /home/runner/work/ozone/ozone/hadoop-ozone/integration-test/target/test-dir/MiniOzoneClusterImpl-9bce2823-b07a-4470-87a5-870b50b19846/datanode-2/data-0/containers/hdds of storage type : DISK capacity : 9223372036854775807
2023-04-11 11:23:14,829 [Listener at 127.0.0.1/36763] INFO  volume.MutableVolumeSet (MutableVolumeSet.java:initializeVolumeSet(175)) - Added Volume : /home/runner/work/ozone/ozone/hadoop-ozone/integration-test/target/test-dir/MiniOzoneClusterImpl-9bce2823-b07a-4470-87a5-870b50b19846/datanode-2/data-0/containers/hdds to VolumeSet
2023-04-11 11:23:14,829 [Listener at 127.0.0.1/36763] INFO  volume.ThrottledAsyncChecker (ThrottledAsyncChecker.java:schedule(141)) - Scheduling a check for /home/runner/work/ozone/ozone/hadoop-ozone/integration-test/target/test-dir/MiniOzoneClusterImpl-9bce2823-b07a-4470-87a5-870b50b19846/datanode-2/data-0/containers/hdds
2023-04-11 11:23:14,830 [Listener at 127.0.0.1/36763] INFO  volume.StorageVolumeChecker (StorageVolumeChecker.java:checkAllVolumes(202)) - Scheduled health check for volume /home/runner/work/ozone/ozone/hadoop-ozone/integration-test/target/test-dir/MiniOzoneClusterImpl-9bce2823-b07a-4470-87a5-870b50b19846/datanode-2/data-0/containers/hdds
2023-04-11 11:23:14,842 [Listener at 127.0.0.1/36763] INFO  volume.MutableVolumeSet (MutableVolumeSet.java:initializeVolumeSet(175)) - Added Volume : /home/runner/work/ozone/ozone/hadoop-ozone/integration-test/target/test-dir/MiniOzoneClusterImpl-9bce2823-b07a-4470-87a5-870b50b19846/datanode-2/data/ratis to VolumeSet
2023-04-11 11:23:14,842 [Listener at 127.0.0.1/36763] INFO  volume.ThrottledAsyncChecker (ThrottledAsyncChecker.java:schedule(141)) - Scheduling a check for /home/runner/work/ozone/ozone/hadoop-ozone/integration-test/target/test-dir/MiniOzoneClusterImpl-9bce2823-b07a-4470-87a5-870b50b19846/datanode-2/data/ratis
2023-04-11 11:23:14,842 [Listener at 127.0.0.1/36763] INFO  volume.StorageVolumeChecker (StorageVolumeChecker.java:checkAllVolumes(202)) - Scheduled health check for volume /home/runner/work/ozone/ozone/hadoop-ozone/integration-test/target/test-dir/MiniOzoneClusterImpl-9bce2823-b07a-4470-87a5-870b50b19846/datanode-2/data/ratis
2023-04-11 11:23:14,853 [Thread-167] INFO  ozoneimpl.ContainerReader (ContainerReader.java:readVolume(175)) - Finish verifying containers on volume /home/runner/work/ozone/ozone/hadoop-ozone/integration-test/target/test-dir/MiniOzoneClusterImpl-9bce2823-b07a-4470-87a5-870b50b19846/datanode-2/data-0/containers/hdds
2023-04-11 11:23:14,853 [Listener at 127.0.0.1/36763] INFO  ozoneimpl.OzoneContainer (OzoneContainer.java:buildContainerSet(303)) - Build ContainerSet costs 0s
2023-04-11 11:23:14,857 [Listener at 127.0.0.1/36763] INFO  server.RaftServer (ConfUtils.java:logGet(46)) - raft.rpc.type = GRPC (default)
2023-04-11 11:23:14,857 [Listener at 127.0.0.1/36763] INFO  grpc.GrpcConfigKeys (ConfUtils.java:logFallback(53)) - raft.grpc.admin.host = null (fallback to raft.grpc.server.host)
2023-04-11 11:23:14,857 [Listener at 127.0.0.1/36763] INFO  grpc.GrpcConfigKeys (ConfUtils.java:logGet(46)) - raft.grpc.admin.port = 0 (custom)
2023-04-11 11:23:14,857 [Listener at 127.0.0.1/36763] INFO  grpc.GrpcConfigKeys (ConfUtils.java:logFallback(53)) - raft.grpc.client.host = null (fallback to raft.grpc.server.host)
2023-04-11 11:23:14,857 [Listener at 127.0.0.1/36763] INFO  grpc.GrpcConfigKeys (ConfUtils.java:logGet(46)) - raft.grpc.client.port = 0 (custom)
2023-04-11 11:23:14,857 [Listener at 127.0.0.1/36763] INFO  grpc.GrpcConfigKeys (ConfUtils.java:logGet(46)) - raft.grpc.server.host = null (default)
2023-04-11 11:23:14,857 [Listener at 127.0.0.1/36763] INFO  grpc.GrpcConfigKeys (ConfUtils.java:logGet(46)) - raft.grpc.server.port = 0 (default)
2023-04-11 11:23:14,858 [Listener at 127.0.0.1/36763] INFO  server.GrpcService (ConfUtils.java:logGet(46)) - raft.grpc.message.size.max = 32MB (=33554432) (custom)
2023-04-11 11:23:14,858 [Listener at 127.0.0.1/36763] INFO  server.RaftServerConfigKeys (ConfUtils.java:logGet(46)) - raft.server.log.appender.buffer.byte-limit = 33554432 (custom)
2023-04-11 11:23:14,858 [Listener at 127.0.0.1/36763] INFO  server.GrpcService (ConfUtils.java:logGet(46)) - raft.grpc.flow.control.window = 5MB (=5242880) (custom)
2023-04-11 11:23:14,858 [Listener at 127.0.0.1/36763] INFO  server.RaftServerConfigKeys (ConfUtils.java:logGet(46)) - raft.server.rpc.request.timeout = 60s (custom)
2023-04-11 11:23:14,858 [Listener at 127.0.0.1/36763] INFO  grpc.GrpcConfigKeys (ConfUtils.java:logGet(46)) - raft.grpc.server.heartbeat.channel = true (default)
2023-04-11 11:23:14,858 [Listener at 127.0.0.1/36763] INFO  grpc.GrpcConfigKeys (ConfUtils.java:logGet(46)) - raft.grpc.server.async.request.thread.pool.cached = true (default)
2023-04-11 11:23:14,858 [Listener at 127.0.0.1/36763] INFO  grpc.GrpcConfigKeys (ConfUtils.java:logGet(46)) - raft.grpc.server.async.request.thread.pool.size = 32 (default)
2023-04-11 11:23:14,860 [Listener at 127.0.0.1/36763] INFO  impl.DataStreamServerImpl (ConfUtils.java:logGet(46)) - raft.datastream.type = NETTY (custom)
2023-04-11 11:23:14,860 [Listener at 127.0.0.1/36763] INFO  server.RaftServerConfigKeys (ConfUtils.java:logGet(46)) - raft.server.data-stream.async.request.thread.pool.cached = false (default)
2023-04-11 11:23:14,860 [Listener at 127.0.0.1/36763] INFO  server.RaftServerConfigKeys (ConfUtils.java:logGet(46)) - raft.server.data-stream.async.request.thread.pool.size = 20 (custom)
2023-04-11 11:23:14,860 [Listener at 127.0.0.1/36763] INFO  server.RaftServerConfigKeys (ConfUtils.java:logGet(46)) - raft.server.data-stream.async.write.thread.pool.size = 16 (default)
2023-04-11 11:23:14,861 [Listener at 127.0.0.1/36763] INFO  server.RaftServerConfigKeys (ConfUtils.java:logGet(46)) - raft.server.data-stream.client.pool.size = 10 (default)
2023-04-11 11:23:14,861 [Listener at 127.0.0.1/36763] INFO  netty.NettyConfigKeys$DataStream (ConfUtils.java:logGet(46)) - raft.netty.dataStream.server.use-epoll = false (default)
2023-04-11 11:23:14,861 [Listener at 127.0.0.1/36763] INFO  netty.NettyConfigKeys$DataStream (ConfUtils.java:logGet(46)) - raft.netty.dataStream.server.boss-group.size = 0 (default)
2023-04-11 11:23:14,861 [Listener at 127.0.0.1/36763] INFO  netty.NettyConfigKeys$DataStream (ConfUtils.java:logGet(46)) - raft.netty.dataStream.server.worker-group.size = 0 (default)
2023-04-11 11:23:14,862 [Listener at 127.0.0.1/36763] INFO  netty.NettyConfigKeys$DataStream (ConfUtils.java:logGet(46)) - raft.netty.dataStream.server.tls.conf = null (default)
2023-04-11 11:23:14,862 [Listener at 127.0.0.1/36763] INFO  netty.NettyConfigKeys$DataStream (ConfUtils.java:logGet(46)) - raft.netty.dataStream.host = null (default)
2023-04-11 11:23:14,862 [Listener at 127.0.0.1/36763] INFO  netty.NettyConfigKeys$DataStream (ConfUtils.java:logGet(46)) - raft.netty.dataStream.port = 0 (default)
2023-04-11 11:23:14,862 [Listener at 127.0.0.1/36763] INFO  server.RaftServerConfigKeys (ConfUtils.java:logGet(46)) - raft.server.threadpool.proxy.cached = true (default)
2023-04-11 11:23:14,863 [Listener at 127.0.0.1/36763] INFO  server.RaftServerConfigKeys (ConfUtils.java:logGet(46)) - raft.server.threadpool.proxy.size = 0 (default)
2023-04-11 11:23:14,863 [Listener at 127.0.0.1/36763] INFO  server.RaftServerConfigKeys (ConfUtils.java:logGet(46)) - raft.server.rpc.slowness.timeout = 300s (custom)
2023-04-11 11:23:14,863 [Listener at 127.0.0.1/36763] INFO  server.RaftServerConfigKeys (ConfUtils.java:logGet(46)) - raft.server.leaderelection.leader.step-down.wait-time = 10s (default)
2023-04-11 11:23:14,863 [Listener at 127.0.0.1/36763] INFO  server.RaftServerConfigKeys (ConfUtils.java:logGet(46)) - raft.server.storage.dir = [/home/runner/work/ozone/ozone/hadoop-ozone/integration-test/target/test-dir/MiniOzoneClusterImpl-9bce2823-b07a-4470-87a5-870b50b19846/datanode-2/data/ratis] (custom)
2023-04-11 11:23:14,867 [ca122d53-8fd1-4cec-b324-69d908933b08-NettyServerStreamRpc-bossGroup--thread1] INFO  logging.LoggingHandler (AbstractInternalLogger.java:log(148)) - [id: 0x8b300991] REGISTERED
2023-04-11 11:23:14,867 [ca122d53-8fd1-4cec-b324-69d908933b08-NettyServerStreamRpc-bossGroup--thread1] INFO  logging.LoggingHandler (AbstractInternalLogger.java:log(148)) - [id: 0x8b300991] BIND: 0.0.0.0/0.0.0.0:0
2023-04-11 11:23:14,867 [ca122d53-8fd1-4cec-b324-69d908933b08-NettyServerStreamRpc-bossGroup--thread1] INFO  logging.LoggingHandler (AbstractInternalLogger.java:log(148)) - [id: 0x8b300991, L:/0:0:0:0:0:0:0:0:34703] ACTIVE
2023-04-11 11:23:14,869 [Listener at 127.0.0.1/36763] INFO  server.XceiverServerGrpc (XceiverServerGrpc.java:<init>(132)) - GrpcServer channel type EpollServerSocketChannel
2023-04-11 11:23:14,873 [Listener at 127.0.0.1/36763] INFO  http.BaseHttpServer (BaseHttpServer.java:newHttpServer2BuilderForOzone(224)) - Starting Web-server for hddsDatanode at: http://0.0.0.0:0
2023-04-11 11:23:14,873 [Listener at 127.0.0.1/36763] INFO  http.BaseHttpServer (BaseHttpServer.java:<init>(111)) - Hadoop Security Enabled: false Ozone Security Enabled: false Ozone HTTP Security Enabled: false 
2023-04-11 11:23:14,875 [Listener at 127.0.0.1/36763] WARN  server.AuthenticationFilter (AuthenticationFilter.java:constructSecretProvider(240)) - Unable to initialize FileSignerSecretProvider, falling back to use random secrets. Reason: Could not read signature secret file: /home/runner/hadoop-http-auth-signature-secret
2023-04-11 11:23:14,878 [Listener at 127.0.0.1/36763] WARN  http.HttpRequestLog (HttpRequestLog.java:getRequestLog(103)) - Jetty request log can only be enabled using Log4j
2023-04-11 11:23:14,879 [Listener at 127.0.0.1/36763] INFO  http.HttpServer2 (HttpServer2.java:addGlobalFilter(1031)) - Added global filter 'safety' (class=org.apache.hadoop.hdds.server.http.HttpServer2$QuotingInputFilter)
2023-04-11 11:23:14,880 [Listener at 127.0.0.1/36763] INFO  http.HttpServer2 (HttpServer2.java:addFilter(1007)) - Added filter static_user_filter (class=org.apache.hadoop.http.lib.StaticUserWebFilter$StaticUserFilter) to context hddsDatanode
2023-04-11 11:23:14,880 [Listener at 127.0.0.1/36763] INFO  http.HttpServer2 (HttpServer2.java:addFilter(1015)) - Added filter static_user_filter (class=org.apache.hadoop.http.lib.StaticUserWebFilter$StaticUserFilter) to context logs
2023-04-11 11:23:14,880 [Listener at 127.0.0.1/36763] INFO  http.HttpServer2 (HttpServer2.java:addFilter(1015)) - Added filter static_user_filter (class=org.apache.hadoop.http.lib.StaticUserWebFilter$StaticUserFilter) to context static
2023-04-11 11:23:14,881 [Listener at 127.0.0.1/36763] INFO  http.BaseHttpServer (BaseHttpServer.java:<init>(190)) - HTTP server of hddsDatanode uses base directory /home/runner/work/ozone/ozone/hadoop-ozone/integration-test/target/test-dir/MiniOzoneClusterImpl-9bce2823-b07a-4470-87a5-870b50b19846/datanode-2/meta/webserver
2023-04-11 11:23:14,881 [Listener at 127.0.0.1/36763] INFO  http.HttpServer2 (HttpServer2.java:bindListener(1250)) - Jetty bound to port 41609
2023-04-11 11:23:14,881 [Listener at 127.0.0.1/36763] INFO  server.Server (Server.java:doStart(375)) - jetty-9.4.49.v20220914; built: 2022-09-14T01:07:36.601Z; git: 4231a3b2e4cb8548a412a789936d640a97b1aa0a; jvm 1.8.0_362-b09
2023-04-11 11:23:14,889 [Listener at 127.0.0.1/36763] INFO  server.session (DefaultSessionIdManager.java:doStart(334)) - DefaultSessionIdManager workerName=node0
2023-04-11 11:23:14,890 [Listener at 127.0.0.1/36763] INFO  server.session (DefaultSessionIdManager.java:doStart(339)) - No SessionScavenger set, using defaults
2023-04-11 11:23:14,890 [Listener at 127.0.0.1/36763] INFO  server.session (HouseKeeper.java:startScavenging(132)) - node0 Scavenging every 660000ms
2023-04-11 11:23:14,892 [Listener at 127.0.0.1/36763] INFO  handler.ContextHandler (ContextHandler.java:doStart(921)) - Started o.e.j.s.ServletContextHandler@31bd4a6c{logs,/logs,file:///home/runner/work/ozone/ozone/hadoop-ozone/integration-test/target/log,AVAILABLE}
2023-04-11 11:23:14,893 [Listener at 127.0.0.1/36763] INFO  handler.ContextHandler (ContextHandler.java:doStart(921)) - Started o.e.j.s.ServletContextHandler@de3cdeb{static,/static,jar:file:/home/runner/.m2/repository/org/apache/ozone/hdds-container-service/1.4.0-SNAPSHOT/hdds-container-service-1.4.0-SNAPSHOT.jar!/webapps/static,AVAILABLE}
2023-04-11 11:23:15,092 [Listener at 127.0.0.1/36763] INFO  handler.ContextHandler (ContextHandler.java:doStart(921)) - Started o.e.j.w.WebAppContext@6c3529ed{hddsDatanode,/,file:///home/runner/work/ozone/ozone/hadoop-ozone/integration-test/target/test-dir/MiniOzoneClusterImpl-9bce2823-b07a-4470-87a5-870b50b19846/datanode-2/meta/webserver/jetty-0_0_0_0-41609-hdds-container-service-1_4_0-SNAPSHOT_jar-_-any-2919949867577810126/webapp/,AVAILABLE}{jar:file:/home/runner/.m2/repository/org/apache/ozone/hdds-container-service/1.4.0-SNAPSHOT/hdds-container-service-1.4.0-SNAPSHOT.jar!/webapps/hddsDatanode}
2023-04-11 11:23:15,094 [Listener at 127.0.0.1/36763] INFO  server.AbstractConnector (AbstractConnector.java:doStart(333)) - Started ServerConnector@363bd52e{HTTP/1.1, (http/1.1)}{0.0.0.0:41609}
2023-04-11 11:23:15,094 [Listener at 127.0.0.1/36763] INFO  server.Server (Server.java:doStart(415)) - Started @9721ms
2023-04-11 11:23:15,094 [Listener at 127.0.0.1/36763] WARN  impl.MetricsSystemImpl (MetricsSystemImpl.java:register(279)) - Sink prometheus already exists!
2023-04-11 11:23:15,095 [Listener at 127.0.0.1/36763] INFO  http.BaseHttpServer (BaseHttpServer.java:updateConnectorAddress(344)) - HTTP server of hddsDatanode listening at http://0.0.0.0:41609
2023-04-11 11:23:15,097 [Listener at 127.0.0.1/36763] WARN  impl.MetricRegistriesImpl (MetricRegistriesImpl.java:addReporterRegistration(111)) - New reporters are added after registries were created. Some metrics will be missing from the reporter. Please add reporter before adding any new registry.
2023-04-11 11:23:15,098 [Listener at 127.0.0.1/36763] WARN  impl.MetricRegistriesImpl (MetricRegistriesImpl.java:addReporterRegistration(111)) - New reporters are added after registries were created. Some metrics will be missing from the reporter. Please add reporter before adding any new registry.
2023-04-11 11:23:15,098 [Listener at 127.0.0.1/36763] INFO  impl.MetricsSystemImpl (MetricsSystemImpl.java:init(158)) - HddsDatanode metrics system started (again)
2023-04-11 11:23:15,102 [Datanode State Machine Daemon Thread] INFO  statemachine.DatanodeStateMachine (DatanodeStateMachine.java:lambda$startDaemon$0(517)) - Ozone container server started.
2023-04-11 11:23:15,114 [Listener at 127.0.0.1/36763] INFO  ozone.HddsDatanodeService (HddsDatanodeService.java:start(252)) - HddsDatanodeService host:fv-az590-525.scpgifznvsounmmscp2whtfmwe.cx.internal.cloudapp.net ip:10.1.0.37
2023-04-11 11:23:15,128 [org.apache.hadoop.util.JvmPauseMonitor$Monitor@1f5b1ee7] INFO  util.JvmPauseMonitor (JvmPauseMonitor.java:run(188)) - Starting JVM pause monitor
2023-04-11 11:23:15,134 [Datanode State Machine Task Thread - 0] INFO  datanode.InitDatanodeState (InitDatanodeState.java:persistContainerDatanodeDetails(138)) - DatanodeDetails is persisted to /home/runner/work/ozone/ozone/hadoop-ozone/integration-test/target/test-dir/MiniOzoneClusterImpl-9bce2823-b07a-4470-87a5-870b50b19846/datanode-2/meta/datanode.id
2023-04-11 11:23:15,143 [Listener at 127.0.0.1/36763] INFO  upgrade.AbstractLayoutVersionManager (AbstractLayoutVersionManager.java:init(83)) - Initializing Layout version manager with metadata layout = WEBUI_PORTS_IN_DATANODEDETAILS (version = 6), software layout = WEBUI_PORTS_IN_DATANODEDETAILS (version = 6)
2023-04-11 11:23:15,192 [Listener at 127.0.0.1/36763] INFO  reflections.Reflections (Reflections.java:scan(232)) - Reflections took 47 ms to scan 7 urls, producing 156 keys and 369 values 
2023-04-11 11:23:15,193 [Listener at 127.0.0.1/36763] INFO  statemachine.DatanodeStateMachine (DatanodeStateMachine.java:getEndPointTaskThreadPoolSize(260)) - Datanode State Machine Task Thread Pool size 2
2023-04-11 11:23:15,196 [Listener at 127.0.0.1/36763] INFO  volume.HddsVolume (HddsVolume.java:<init>(130)) - Creating HddsVolume: /home/runner/work/ozone/ozone/hadoop-ozone/integration-test/target/test-dir/MiniOzoneClusterImpl-9bce2823-b07a-4470-87a5-870b50b19846/datanode-3/data-0/containers/hdds of storage type : DISK capacity : 9223372036854775807
2023-04-11 11:23:15,196 [Listener at 127.0.0.1/36763] INFO  volume.MutableVolumeSet (MutableVolumeSet.java:initializeVolumeSet(175)) - Added Volume : /home/runner/work/ozone/ozone/hadoop-ozone/integration-test/target/test-dir/MiniOzoneClusterImpl-9bce2823-b07a-4470-87a5-870b50b19846/datanode-3/data-0/containers/hdds to VolumeSet
2023-04-11 11:23:15,196 [Listener at 127.0.0.1/36763] INFO  volume.ThrottledAsyncChecker (ThrottledAsyncChecker.java:schedule(141)) - Scheduling a check for /home/runner/work/ozone/ozone/hadoop-ozone/integration-test/target/test-dir/MiniOzoneClusterImpl-9bce2823-b07a-4470-87a5-870b50b19846/datanode-3/data-0/containers/hdds
2023-04-11 11:23:15,197 [Listener at 127.0.0.1/36763] INFO  volume.StorageVolumeChecker (StorageVolumeChecker.java:checkAllVolumes(202)) - Scheduled health check for volume /home/runner/work/ozone/ozone/hadoop-ozone/integration-test/target/test-dir/MiniOzoneClusterImpl-9bce2823-b07a-4470-87a5-870b50b19846/datanode-3/data-0/containers/hdds
2023-04-11 11:23:15,210 [Listener at 127.0.0.1/36763] INFO  volume.MutableVolumeSet (MutableVolumeSet.java:initializeVolumeSet(175)) - Added Volume : /home/runner/work/ozone/ozone/hadoop-ozone/integration-test/target/test-dir/MiniOzoneClusterImpl-9bce2823-b07a-4470-87a5-870b50b19846/datanode-3/data/ratis to VolumeSet
2023-04-11 11:23:15,211 [Listener at 127.0.0.1/36763] INFO  volume.ThrottledAsyncChecker (ThrottledAsyncChecker.java:schedule(141)) - Scheduling a check for /home/runner/work/ozone/ozone/hadoop-ozone/integration-test/target/test-dir/MiniOzoneClusterImpl-9bce2823-b07a-4470-87a5-870b50b19846/datanode-3/data/ratis
2023-04-11 11:23:15,211 [Listener at 127.0.0.1/36763] INFO  volume.StorageVolumeChecker (StorageVolumeChecker.java:checkAllVolumes(202)) - Scheduled health check for volume /home/runner/work/ozone/ozone/hadoop-ozone/integration-test/target/test-dir/MiniOzoneClusterImpl-9bce2823-b07a-4470-87a5-870b50b19846/datanode-3/data/ratis
2023-04-11 11:23:15,222 [Thread-181] INFO  ozoneimpl.ContainerReader (ContainerReader.java:readVolume(175)) - Finish verifying containers on volume /home/runner/work/ozone/ozone/hadoop-ozone/integration-test/target/test-dir/MiniOzoneClusterImpl-9bce2823-b07a-4470-87a5-870b50b19846/datanode-3/data-0/containers/hdds
2023-04-11 11:23:15,222 [Listener at 127.0.0.1/36763] INFO  ozoneimpl.OzoneContainer (OzoneContainer.java:buildContainerSet(303)) - Build ContainerSet costs 0s
2023-04-11 11:23:15,226 [Listener at 127.0.0.1/36763] INFO  server.RaftServer (ConfUtils.java:logGet(46)) - raft.rpc.type = GRPC (default)
2023-04-11 11:23:15,226 [Listener at 127.0.0.1/36763] INFO  grpc.GrpcConfigKeys (ConfUtils.java:logFallback(53)) - raft.grpc.admin.host = null (fallback to raft.grpc.server.host)
2023-04-11 11:23:15,226 [Listener at 127.0.0.1/36763] INFO  grpc.GrpcConfigKeys (ConfUtils.java:logGet(46)) - raft.grpc.admin.port = 0 (custom)
2023-04-11 11:23:15,227 [Listener at 127.0.0.1/36763] INFO  grpc.GrpcConfigKeys (ConfUtils.java:logFallback(53)) - raft.grpc.client.host = null (fallback to raft.grpc.server.host)
2023-04-11 11:23:15,227 [Listener at 127.0.0.1/36763] INFO  grpc.GrpcConfigKeys (ConfUtils.java:logGet(46)) - raft.grpc.client.port = 0 (custom)
2023-04-11 11:23:15,227 [Listener at 127.0.0.1/36763] INFO  grpc.GrpcConfigKeys (ConfUtils.java:logGet(46)) - raft.grpc.server.host = null (default)
2023-04-11 11:23:15,227 [Listener at 127.0.0.1/36763] INFO  grpc.GrpcConfigKeys (ConfUtils.java:logGet(46)) - raft.grpc.server.port = 0 (default)
2023-04-11 11:23:15,227 [Listener at 127.0.0.1/36763] INFO  server.GrpcService (ConfUtils.java:logGet(46)) - raft.grpc.message.size.max = 32MB (=33554432) (custom)
2023-04-11 11:23:15,227 [Listener at 127.0.0.1/36763] INFO  server.RaftServerConfigKeys (ConfUtils.java:logGet(46)) - raft.server.log.appender.buffer.byte-limit = 33554432 (custom)
2023-04-11 11:23:15,227 [Listener at 127.0.0.1/36763] INFO  server.GrpcService (ConfUtils.java:logGet(46)) - raft.grpc.flow.control.window = 5MB (=5242880) (custom)
2023-04-11 11:23:15,227 [Listener at 127.0.0.1/36763] INFO  server.RaftServerConfigKeys (ConfUtils.java:logGet(46)) - raft.server.rpc.request.timeout = 60s (custom)
2023-04-11 11:23:15,228 [Listener at 127.0.0.1/36763] INFO  grpc.GrpcConfigKeys (ConfUtils.java:logGet(46)) - raft.grpc.server.heartbeat.channel = true (default)
2023-04-11 11:23:15,228 [Listener at 127.0.0.1/36763] INFO  grpc.GrpcConfigKeys (ConfUtils.java:logGet(46)) - raft.grpc.server.async.request.thread.pool.cached = true (default)
2023-04-11 11:23:15,228 [Listener at 127.0.0.1/36763] INFO  grpc.GrpcConfigKeys (ConfUtils.java:logGet(46)) - raft.grpc.server.async.request.thread.pool.size = 32 (default)
2023-04-11 11:23:15,229 [Listener at 127.0.0.1/36763] INFO  impl.DataStreamServerImpl (ConfUtils.java:logGet(46)) - raft.datastream.type = NETTY (custom)
2023-04-11 11:23:15,229 [Listener at 127.0.0.1/36763] INFO  server.RaftServerConfigKeys (ConfUtils.java:logGet(46)) - raft.server.data-stream.async.request.thread.pool.cached = false (default)
2023-04-11 11:23:15,230 [Listener at 127.0.0.1/36763] INFO  server.RaftServerConfigKeys (ConfUtils.java:logGet(46)) - raft.server.data-stream.async.request.thread.pool.size = 20 (custom)
2023-04-11 11:23:15,230 [Listener at 127.0.0.1/36763] INFO  server.RaftServerConfigKeys (ConfUtils.java:logGet(46)) - raft.server.data-stream.async.write.thread.pool.size = 16 (default)
2023-04-11 11:23:15,230 [Listener at 127.0.0.1/36763] INFO  server.RaftServerConfigKeys (ConfUtils.java:logGet(46)) - raft.server.data-stream.client.pool.size = 10 (default)
2023-04-11 11:23:15,230 [Listener at 127.0.0.1/36763] INFO  netty.NettyConfigKeys$DataStream (ConfUtils.java:logGet(46)) - raft.netty.dataStream.server.use-epoll = false (default)
2023-04-11 11:23:15,230 [Listener at 127.0.0.1/36763] INFO  netty.NettyConfigKeys$DataStream (ConfUtils.java:logGet(46)) - raft.netty.dataStream.server.boss-group.size = 0 (default)
2023-04-11 11:23:15,231 [Listener at 127.0.0.1/36763] INFO  netty.NettyConfigKeys$DataStream (ConfUtils.java:logGet(46)) - raft.netty.dataStream.server.worker-group.size = 0 (default)
2023-04-11 11:23:15,231 [Listener at 127.0.0.1/36763] INFO  netty.NettyConfigKeys$DataStream (ConfUtils.java:logGet(46)) - raft.netty.dataStream.server.tls.conf = null (default)
2023-04-11 11:23:15,231 [Listener at 127.0.0.1/36763] INFO  netty.NettyConfigKeys$DataStream (ConfUtils.java:logGet(46)) - raft.netty.dataStream.host = null (default)
2023-04-11 11:23:15,231 [Listener at 127.0.0.1/36763] INFO  netty.NettyConfigKeys$DataStream (ConfUtils.java:logGet(46)) - raft.netty.dataStream.port = 0 (default)
2023-04-11 11:23:15,232 [Listener at 127.0.0.1/36763] INFO  server.RaftServerConfigKeys (ConfUtils.java:logGet(46)) - raft.server.threadpool.proxy.cached = true (default)
2023-04-11 11:23:15,232 [Listener at 127.0.0.1/36763] INFO  server.RaftServerConfigKeys (ConfUtils.java:logGet(46)) - raft.server.threadpool.proxy.size = 0 (default)
2023-04-11 11:23:15,232 [Listener at 127.0.0.1/36763] INFO  server.RaftServerConfigKeys (ConfUtils.java:logGet(46)) - raft.server.rpc.slowness.timeout = 300s (custom)
2023-04-11 11:23:15,232 [Listener at 127.0.0.1/36763] INFO  server.RaftServerConfigKeys (ConfUtils.java:logGet(46)) - raft.server.leaderelection.leader.step-down.wait-time = 10s (default)
2023-04-11 11:23:15,232 [Listener at 127.0.0.1/36763] INFO  server.RaftServerConfigKeys (ConfUtils.java:logGet(46)) - raft.server.storage.dir = [/home/runner/work/ozone/ozone/hadoop-ozone/integration-test/target/test-dir/MiniOzoneClusterImpl-9bce2823-b07a-4470-87a5-870b50b19846/datanode-3/data/ratis] (custom)
2023-04-11 11:23:15,238 [cea8b5f9-ee25-46f1-ad4b-37d39f533b4e-NettyServerStreamRpc-bossGroup--thread1] INFO  logging.LoggingHandler (AbstractInternalLogger.java:log(148)) - [id: 0xa63c05a8] REGISTERED
2023-04-11 11:23:15,240 [Listener at 127.0.0.1/36763] INFO  server.XceiverServerGrpc (XceiverServerGrpc.java:<init>(132)) - GrpcServer channel type EpollServerSocketChannel
2023-04-11 11:23:15,243 [cea8b5f9-ee25-46f1-ad4b-37d39f533b4e-NettyServerStreamRpc-bossGroup--thread1] INFO  logging.LoggingHandler (AbstractInternalLogger.java:log(148)) - [id: 0xa63c05a8] BIND: 0.0.0.0/0.0.0.0:0
2023-04-11 11:23:15,243 [cea8b5f9-ee25-46f1-ad4b-37d39f533b4e-NettyServerStreamRpc-bossGroup--thread1] INFO  logging.LoggingHandler (AbstractInternalLogger.java:log(148)) - [id: 0xa63c05a8, L:/0:0:0:0:0:0:0:0:34841] ACTIVE
2023-04-11 11:23:15,244 [Listener at 127.0.0.1/36763] INFO  http.BaseHttpServer (BaseHttpServer.java:newHttpServer2BuilderForOzone(224)) - Starting Web-server for hddsDatanode at: http://0.0.0.0:0
2023-04-11 11:23:15,244 [Listener at 127.0.0.1/36763] INFO  http.BaseHttpServer (BaseHttpServer.java:<init>(111)) - Hadoop Security Enabled: false Ozone Security Enabled: false Ozone HTTP Security Enabled: false 
2023-04-11 11:23:15,245 [Listener at 127.0.0.1/36763] WARN  server.AuthenticationFilter (AuthenticationFilter.java:constructSecretProvider(240)) - Unable to initialize FileSignerSecretProvider, falling back to use random secrets. Reason: Could not read signature secret file: /home/runner/hadoop-http-auth-signature-secret
2023-04-11 11:23:15,247 [Listener at 127.0.0.1/36763] WARN  http.HttpRequestLog (HttpRequestLog.java:getRequestLog(103)) - Jetty request log can only be enabled using Log4j
2023-04-11 11:23:15,249 [Listener at 127.0.0.1/36763] INFO  http.HttpServer2 (HttpServer2.java:addGlobalFilter(1031)) - Added global filter 'safety' (class=org.apache.hadoop.hdds.server.http.HttpServer2$QuotingInputFilter)
2023-04-11 11:23:15,249 [Listener at 127.0.0.1/36763] INFO  http.HttpServer2 (HttpServer2.java:addFilter(1007)) - Added filter static_user_filter (class=org.apache.hadoop.http.lib.StaticUserWebFilter$StaticUserFilter) to context hddsDatanode
2023-04-11 11:23:15,250 [Listener at 127.0.0.1/36763] INFO  http.HttpServer2 (HttpServer2.java:addFilter(1015)) - Added filter static_user_filter (class=org.apache.hadoop.http.lib.StaticUserWebFilter$StaticUserFilter) to context logs
2023-04-11 11:23:15,250 [Listener at 127.0.0.1/36763] INFO  http.HttpServer2 (HttpServer2.java:addFilter(1015)) - Added filter static_user_filter (class=org.apache.hadoop.http.lib.StaticUserWebFilter$StaticUserFilter) to context static
2023-04-11 11:23:15,250 [Listener at 127.0.0.1/36763] INFO  http.BaseHttpServer (BaseHttpServer.java:<init>(190)) - HTTP server of hddsDatanode uses base directory /home/runner/work/ozone/ozone/hadoop-ozone/integration-test/target/test-dir/MiniOzoneClusterImpl-9bce2823-b07a-4470-87a5-870b50b19846/datanode-3/meta/webserver
2023-04-11 11:23:15,251 [Listener at 127.0.0.1/36763] INFO  http.HttpServer2 (HttpServer2.java:bindListener(1250)) - Jetty bound to port 38595
2023-04-11 11:23:15,251 [Listener at 127.0.0.1/36763] INFO  server.Server (Server.java:doStart(375)) - jetty-9.4.49.v20220914; built: 2022-09-14T01:07:36.601Z; git: 4231a3b2e4cb8548a412a789936d640a97b1aa0a; jvm 1.8.0_362-b09
2023-04-11 11:23:15,254 [Listener at 127.0.0.1/36763] INFO  server.session (DefaultSessionIdManager.java:doStart(334)) - DefaultSessionIdManager workerName=node0
2023-04-11 11:23:15,254 [Listener at 127.0.0.1/36763] INFO  server.session (DefaultSessionIdManager.java:doStart(339)) - No SessionScavenger set, using defaults
2023-04-11 11:23:15,254 [Listener at 127.0.0.1/36763] INFO  server.session (HouseKeeper.java:startScavenging(132)) - node0 Scavenging every 660000ms
2023-04-11 11:23:15,255 [Listener at 127.0.0.1/36763] INFO  handler.ContextHandler (ContextHandler.java:doStart(921)) - Started o.e.j.s.ServletContextHandler@47de972{logs,/logs,file:///home/runner/work/ozone/ozone/hadoop-ozone/integration-test/target/log,AVAILABLE}
2023-04-11 11:23:15,256 [Listener at 127.0.0.1/36763] INFO  handler.ContextHandler (ContextHandler.java:doStart(921)) - Started o.e.j.s.ServletContextHandler@4c0c0193{static,/static,jar:file:/home/runner/.m2/repository/org/apache/ozone/hdds-container-service/1.4.0-SNAPSHOT/hdds-container-service-1.4.0-SNAPSHOT.jar!/webapps/static,AVAILABLE}
2023-04-11 11:23:15,448 [Listener at 127.0.0.1/36763] INFO  handler.ContextHandler (ContextHandler.java:doStart(921)) - Started o.e.j.w.WebAppContext@3eab736e{hddsDatanode,/,file:///home/runner/work/ozone/ozone/hadoop-ozone/integration-test/target/test-dir/MiniOzoneClusterImpl-9bce2823-b07a-4470-87a5-870b50b19846/datanode-3/meta/webserver/jetty-0_0_0_0-38595-hdds-container-service-1_4_0-SNAPSHOT_jar-_-any-6177211516646190106/webapp/,AVAILABLE}{jar:file:/home/runner/.m2/repository/org/apache/ozone/hdds-container-service/1.4.0-SNAPSHOT/hdds-container-service-1.4.0-SNAPSHOT.jar!/webapps/hddsDatanode}
2023-04-11 11:23:15,449 [Listener at 127.0.0.1/36763] INFO  server.AbstractConnector (AbstractConnector.java:doStart(333)) - Started ServerConnector@7e85a0da{HTTP/1.1, (http/1.1)}{0.0.0.0:38595}
2023-04-11 11:23:15,450 [Listener at 127.0.0.1/36763] INFO  server.Server (Server.java:doStart(415)) - Started @10077ms
2023-04-11 11:23:15,450 [Listener at 127.0.0.1/36763] WARN  impl.MetricsSystemImpl (MetricsSystemImpl.java:register(279)) - Sink prometheus already exists!
2023-04-11 11:23:15,450 [Listener at 127.0.0.1/36763] INFO  http.BaseHttpServer (BaseHttpServer.java:updateConnectorAddress(344)) - HTTP server of hddsDatanode listening at http://0.0.0.0:38595
2023-04-11 11:23:15,454 [Listener at 127.0.0.1/36763] WARN  impl.MetricRegistriesImpl (MetricRegistriesImpl.java:addReporterRegistration(111)) - New reporters are added after registries were created. Some metrics will be missing from the reporter. Please add reporter before adding any new registry.
2023-04-11 11:23:15,454 [Listener at 127.0.0.1/36763] WARN  impl.MetricRegistriesImpl (MetricRegistriesImpl.java:addReporterRegistration(111)) - New reporters are added after registries were created. Some metrics will be missing from the reporter. Please add reporter before adding any new registry.
2023-04-11 11:23:15,454 [Listener at 127.0.0.1/36763] INFO  impl.MetricsSystemImpl (MetricsSystemImpl.java:init(158)) - HddsDatanode metrics system started (again)
2023-04-11 11:23:15,457 [Datanode State Machine Daemon Thread] INFO  statemachine.DatanodeStateMachine (DatanodeStateMachine.java:lambda$startDaemon$0(517)) - Ozone container server started.
2023-04-11 11:23:15,461 [org.apache.hadoop.util.JvmPauseMonitor$Monitor@5088d2b6] INFO  util.JvmPauseMonitor (JvmPauseMonitor.java:run(188)) - Starting JVM pause monitor
2023-04-11 11:23:15,472 [Listener at 127.0.0.1/36763] INFO  ozone.HddsDatanodeService (HddsDatanodeService.java:start(252)) - HddsDatanodeService host:fv-az590-525.scpgifznvsounmmscp2whtfmwe.cx.internal.cloudapp.net ip:10.1.0.37
2023-04-11 11:23:15,478 [Datanode State Machine Task Thread - 0] INFO  datanode.InitDatanodeState (InitDatanodeState.java:persistContainerDatanodeDetails(138)) - DatanodeDetails is persisted to /home/runner/work/ozone/ozone/hadoop-ozone/integration-test/target/test-dir/MiniOzoneClusterImpl-9bce2823-b07a-4470-87a5-870b50b19846/datanode-3/meta/datanode.id
2023-04-11 11:23:15,501 [Listener at 127.0.0.1/36763] INFO  upgrade.AbstractLayoutVersionManager (AbstractLayoutVersionManager.java:init(83)) - Initializing Layout version manager with metadata layout = WEBUI_PORTS_IN_DATANODEDETAILS (version = 6), software layout = WEBUI_PORTS_IN_DATANODEDETAILS (version = 6)
2023-04-11 11:23:15,552 [Listener at 127.0.0.1/36763] INFO  reflections.Reflections (Reflections.java:scan(232)) - Reflections took 49 ms to scan 7 urls, producing 156 keys and 369 values 
2023-04-11 11:23:15,554 [Listener at 127.0.0.1/36763] INFO  statemachine.DatanodeStateMachine (DatanodeStateMachine.java:getEndPointTaskThreadPoolSize(260)) - Datanode State Machine Task Thread Pool size 2
2023-04-11 11:23:15,560 [Listener at 127.0.0.1/36763] INFO  volume.HddsVolume (HddsVolume.java:<init>(130)) - Creating HddsVolume: /home/runner/work/ozone/ozone/hadoop-ozone/integration-test/target/test-dir/MiniOzoneClusterImpl-9bce2823-b07a-4470-87a5-870b50b19846/datanode-4/data-0/containers/hdds of storage type : DISK capacity : 9223372036854775807
2023-04-11 11:23:15,561 [Listener at 127.0.0.1/36763] INFO  volume.MutableVolumeSet (MutableVolumeSet.java:initializeVolumeSet(175)) - Added Volume : /home/runner/work/ozone/ozone/hadoop-ozone/integration-test/target/test-dir/MiniOzoneClusterImpl-9bce2823-b07a-4470-87a5-870b50b19846/datanode-4/data-0/containers/hdds to VolumeSet
2023-04-11 11:23:15,561 [Listener at 127.0.0.1/36763] INFO  volume.ThrottledAsyncChecker (ThrottledAsyncChecker.java:schedule(141)) - Scheduling a check for /home/runner/work/ozone/ozone/hadoop-ozone/integration-test/target/test-dir/MiniOzoneClusterImpl-9bce2823-b07a-4470-87a5-870b50b19846/datanode-4/data-0/containers/hdds
2023-04-11 11:23:15,563 [Listener at 127.0.0.1/36763] INFO  volume.StorageVolumeChecker (StorageVolumeChecker.java:checkAllVolumes(202)) - Scheduled health check for volume /home/runner/work/ozone/ozone/hadoop-ozone/integration-test/target/test-dir/MiniOzoneClusterImpl-9bce2823-b07a-4470-87a5-870b50b19846/datanode-4/data-0/containers/hdds
2023-04-11 11:23:15,576 [Listener at 127.0.0.1/36763] INFO  volume.MutableVolumeSet (MutableVolumeSet.java:initializeVolumeSet(175)) - Added Volume : /home/runner/work/ozone/ozone/hadoop-ozone/integration-test/target/test-dir/MiniOzoneClusterImpl-9bce2823-b07a-4470-87a5-870b50b19846/datanode-4/data/ratis to VolumeSet
2023-04-11 11:23:15,576 [Listener at 127.0.0.1/36763] INFO  volume.ThrottledAsyncChecker (ThrottledAsyncChecker.java:schedule(141)) - Scheduling a check for /home/runner/work/ozone/ozone/hadoop-ozone/integration-test/target/test-dir/MiniOzoneClusterImpl-9bce2823-b07a-4470-87a5-870b50b19846/datanode-4/data/ratis
2023-04-11 11:23:15,577 [Listener at 127.0.0.1/36763] INFO  volume.StorageVolumeChecker (StorageVolumeChecker.java:checkAllVolumes(202)) - Scheduled health check for volume /home/runner/work/ozone/ozone/hadoop-ozone/integration-test/target/test-dir/MiniOzoneClusterImpl-9bce2823-b07a-4470-87a5-870b50b19846/datanode-4/data/ratis
2023-04-11 11:23:15,588 [Thread-195] INFO  ozoneimpl.ContainerReader (ContainerReader.java:readVolume(175)) - Finish verifying containers on volume /home/runner/work/ozone/ozone/hadoop-ozone/integration-test/target/test-dir/MiniOzoneClusterImpl-9bce2823-b07a-4470-87a5-870b50b19846/datanode-4/data-0/containers/hdds
2023-04-11 11:23:15,588 [Listener at 127.0.0.1/36763] INFO  ozoneimpl.OzoneContainer (OzoneContainer.java:buildContainerSet(303)) - Build ContainerSet costs 0s
2023-04-11 11:23:15,592 [Listener at 127.0.0.1/36763] INFO  server.RaftServer (ConfUtils.java:logGet(46)) - raft.rpc.type = GRPC (default)
2023-04-11 11:23:15,592 [Listener at 127.0.0.1/36763] INFO  grpc.GrpcConfigKeys (ConfUtils.java:logFallback(53)) - raft.grpc.admin.host = null (fallback to raft.grpc.server.host)
2023-04-11 11:23:15,592 [Listener at 127.0.0.1/36763] INFO  grpc.GrpcConfigKeys (ConfUtils.java:logGet(46)) - raft.grpc.admin.port = 0 (custom)
2023-04-11 11:23:15,592 [Listener at 127.0.0.1/36763] INFO  grpc.GrpcConfigKeys (ConfUtils.java:logFallback(53)) - raft.grpc.client.host = null (fallback to raft.grpc.server.host)
2023-04-11 11:23:15,592 [Listener at 127.0.0.1/36763] INFO  grpc.GrpcConfigKeys (ConfUtils.java:logGet(46)) - raft.grpc.client.port = 0 (custom)
2023-04-11 11:23:15,592 [Listener at 127.0.0.1/36763] INFO  grpc.GrpcConfigKeys (ConfUtils.java:logGet(46)) - raft.grpc.server.host = null (default)
2023-04-11 11:23:15,592 [Listener at 127.0.0.1/36763] INFO  grpc.GrpcConfigKeys (ConfUtils.java:logGet(46)) - raft.grpc.server.port = 0 (default)
2023-04-11 11:23:15,593 [Listener at 127.0.0.1/36763] INFO  server.GrpcService (ConfUtils.java:logGet(46)) - raft.grpc.message.size.max = 32MB (=33554432) (custom)
2023-04-11 11:23:15,593 [Listener at 127.0.0.1/36763] INFO  server.RaftServerConfigKeys (ConfUtils.java:logGet(46)) - raft.server.log.appender.buffer.byte-limit = 33554432 (custom)
2023-04-11 11:23:15,593 [Listener at 127.0.0.1/36763] INFO  server.GrpcService (ConfUtils.java:logGet(46)) - raft.grpc.flow.control.window = 5MB (=5242880) (custom)
2023-04-11 11:23:15,593 [Listener at 127.0.0.1/36763] INFO  server.RaftServerConfigKeys (ConfUtils.java:logGet(46)) - raft.server.rpc.request.timeout = 60s (custom)
2023-04-11 11:23:15,593 [Listener at 127.0.0.1/36763] INFO  grpc.GrpcConfigKeys (ConfUtils.java:logGet(46)) - raft.grpc.server.heartbeat.channel = true (default)
2023-04-11 11:23:15,593 [Listener at 127.0.0.1/36763] INFO  grpc.GrpcConfigKeys (ConfUtils.java:logGet(46)) - raft.grpc.server.async.request.thread.pool.cached = true (default)
2023-04-11 11:23:15,593 [Listener at 127.0.0.1/36763] INFO  grpc.GrpcConfigKeys (ConfUtils.java:logGet(46)) - raft.grpc.server.async.request.thread.pool.size = 32 (default)
2023-04-11 11:23:15,594 [Listener at 127.0.0.1/36763] INFO  impl.DataStreamServerImpl (ConfUtils.java:logGet(46)) - raft.datastream.type = NETTY (custom)
2023-04-11 11:23:15,597 [Listener at 127.0.0.1/36763] INFO  server.RaftServerConfigKeys (ConfUtils.java:logGet(46)) - raft.server.data-stream.async.request.thread.pool.cached = false (default)
2023-04-11 11:23:15,597 [Listener at 127.0.0.1/36763] INFO  server.RaftServerConfigKeys (ConfUtils.java:logGet(46)) - raft.server.data-stream.async.request.thread.pool.size = 20 (custom)
2023-04-11 11:23:15,597 [Listener at 127.0.0.1/36763] INFO  server.RaftServerConfigKeys (ConfUtils.java:logGet(46)) - raft.server.data-stream.async.write.thread.pool.size = 16 (default)
2023-04-11 11:23:15,597 [Listener at 127.0.0.1/36763] INFO  server.RaftServerConfigKeys (ConfUtils.java:logGet(46)) - raft.server.data-stream.client.pool.size = 10 (default)
2023-04-11 11:23:15,598 [Listener at 127.0.0.1/36763] INFO  netty.NettyConfigKeys$DataStream (ConfUtils.java:logGet(46)) - raft.netty.dataStream.server.use-epoll = false (default)
2023-04-11 11:23:15,598 [Listener at 127.0.0.1/36763] INFO  netty.NettyConfigKeys$DataStream (ConfUtils.java:logGet(46)) - raft.netty.dataStream.server.boss-group.size = 0 (default)
2023-04-11 11:23:15,598 [Listener at 127.0.0.1/36763] INFO  netty.NettyConfigKeys$DataStream (ConfUtils.java:logGet(46)) - raft.netty.dataStream.server.worker-group.size = 0 (default)
2023-04-11 11:23:15,599 [Listener at 127.0.0.1/36763] INFO  netty.NettyConfigKeys$DataStream (ConfUtils.java:logGet(46)) - raft.netty.dataStream.server.tls.conf = null (default)
2023-04-11 11:23:15,599 [Listener at 127.0.0.1/36763] INFO  netty.NettyConfigKeys$DataStream (ConfUtils.java:logGet(46)) - raft.netty.dataStream.host = null (default)
2023-04-11 11:23:15,599 [Listener at 127.0.0.1/36763] INFO  netty.NettyConfigKeys$DataStream (ConfUtils.java:logGet(46)) - raft.netty.dataStream.port = 0 (default)
2023-04-11 11:23:15,601 [Listener at 127.0.0.1/36763] INFO  server.RaftServerConfigKeys (ConfUtils.java:logGet(46)) - raft.server.threadpool.proxy.cached = true (default)
2023-04-11 11:23:15,601 [Listener at 127.0.0.1/36763] INFO  server.RaftServerConfigKeys (ConfUtils.java:logGet(46)) - raft.server.threadpool.proxy.size = 0 (default)
2023-04-11 11:23:15,601 [Listener at 127.0.0.1/36763] INFO  server.RaftServerConfigKeys (ConfUtils.java:logGet(46)) - raft.server.rpc.slowness.timeout = 300s (custom)
2023-04-11 11:23:15,601 [Listener at 127.0.0.1/36763] INFO  server.RaftServerConfigKeys (ConfUtils.java:logGet(46)) - raft.server.leaderelection.leader.step-down.wait-time = 10s (default)
2023-04-11 11:23:15,601 [Listener at 127.0.0.1/36763] INFO  server.RaftServerConfigKeys (ConfUtils.java:logGet(46)) - raft.server.storage.dir = [/home/runner/work/ozone/ozone/hadoop-ozone/integration-test/target/test-dir/MiniOzoneClusterImpl-9bce2823-b07a-4470-87a5-870b50b19846/datanode-4/data/ratis] (custom)
2023-04-11 11:23:15,605 [977ecd76-07f1-4d4a-bcc7-583ed48225e4-NettyServerStreamRpc-bossGroup--thread1] INFO  logging.LoggingHandler (AbstractInternalLogger.java:log(148)) - [id: 0xd61fa61d] REGISTERED
2023-04-11 11:23:15,605 [977ecd76-07f1-4d4a-bcc7-583ed48225e4-NettyServerStreamRpc-bossGroup--thread1] INFO  logging.LoggingHandler (AbstractInternalLogger.java:log(148)) - [id: 0xd61fa61d] BIND: 0.0.0.0/0.0.0.0:0
2023-04-11 11:23:15,605 [977ecd76-07f1-4d4a-bcc7-583ed48225e4-NettyServerStreamRpc-bossGroup--thread1] INFO  logging.LoggingHandler (AbstractInternalLogger.java:log(148)) - [id: 0xd61fa61d, L:/0:0:0:0:0:0:0:0:34851] ACTIVE
2023-04-11 11:23:15,606 [Listener at 127.0.0.1/36763] INFO  server.XceiverServerGrpc (XceiverServerGrpc.java:<init>(132)) - GrpcServer channel type EpollServerSocketChannel
2023-04-11 11:23:15,610 [Listener at 127.0.0.1/36763] INFO  http.BaseHttpServer (BaseHttpServer.java:newHttpServer2BuilderForOzone(224)) - Starting Web-server for hddsDatanode at: http://0.0.0.0:0
2023-04-11 11:23:15,610 [Listener at 127.0.0.1/36763] INFO  http.BaseHttpServer (BaseHttpServer.java:<init>(111)) - Hadoop Security Enabled: false Ozone Security Enabled: false Ozone HTTP Security Enabled: false 
2023-04-11 11:23:15,611 [Listener at 127.0.0.1/36763] WARN  server.AuthenticationFilter (AuthenticationFilter.java:constructSecretProvider(240)) - Unable to initialize FileSignerSecretProvider, falling back to use random secrets. Reason: Could not read signature secret file: /home/runner/hadoop-http-auth-signature-secret
2023-04-11 11:23:15,612 [Listener at 127.0.0.1/36763] WARN  http.HttpRequestLog (HttpRequestLog.java:getRequestLog(103)) - Jetty request log can only be enabled using Log4j
2023-04-11 11:23:15,613 [Listener at 127.0.0.1/36763] INFO  http.HttpServer2 (HttpServer2.java:addGlobalFilter(1031)) - Added global filter 'safety' (class=org.apache.hadoop.hdds.server.http.HttpServer2$QuotingInputFilter)
2023-04-11 11:23:15,614 [Listener at 127.0.0.1/36763] INFO  http.HttpServer2 (HttpServer2.java:addFilter(1007)) - Added filter static_user_filter (class=org.apache.hadoop.http.lib.StaticUserWebFilter$StaticUserFilter) to context hddsDatanode
2023-04-11 11:23:15,614 [Listener at 127.0.0.1/36763] INFO  http.HttpServer2 (HttpServer2.java:addFilter(1015)) - Added filter static_user_filter (class=org.apache.hadoop.http.lib.StaticUserWebFilter$StaticUserFilter) to context logs
2023-04-11 11:23:15,614 [Listener at 127.0.0.1/36763] INFO  http.HttpServer2 (HttpServer2.java:addFilter(1015)) - Added filter static_user_filter (class=org.apache.hadoop.http.lib.StaticUserWebFilter$StaticUserFilter) to context static
2023-04-11 11:23:15,615 [Listener at 127.0.0.1/36763] INFO  http.BaseHttpServer (BaseHttpServer.java:<init>(190)) - HTTP server of hddsDatanode uses base directory /home/runner/work/ozone/ozone/hadoop-ozone/integration-test/target/test-dir/MiniOzoneClusterImpl-9bce2823-b07a-4470-87a5-870b50b19846/datanode-4/meta/webserver
2023-04-11 11:23:15,615 [Listener at 127.0.0.1/36763] INFO  http.HttpServer2 (HttpServer2.java:bindListener(1250)) - Jetty bound to port 32825
2023-04-11 11:23:15,615 [Listener at 127.0.0.1/36763] INFO  server.Server (Server.java:doStart(375)) - jetty-9.4.49.v20220914; built: 2022-09-14T01:07:36.601Z; git: 4231a3b2e4cb8548a412a789936d640a97b1aa0a; jvm 1.8.0_362-b09
2023-04-11 11:23:15,617 [Listener at 127.0.0.1/36763] INFO  server.session (DefaultSessionIdManager.java:doStart(334)) - DefaultSessionIdManager workerName=node0
2023-04-11 11:23:15,617 [Listener at 127.0.0.1/36763] INFO  server.session (DefaultSessionIdManager.java:doStart(339)) - No SessionScavenger set, using defaults
2023-04-11 11:23:15,617 [Listener at 127.0.0.1/36763] INFO  server.session (HouseKeeper.java:startScavenging(132)) - node0 Scavenging every 600000ms
2023-04-11 11:23:15,618 [Listener at 127.0.0.1/36763] INFO  handler.ContextHandler (ContextHandler.java:doStart(921)) - Started o.e.j.s.ServletContextHandler@55875ea7{logs,/logs,file:///home/runner/work/ozone/ozone/hadoop-ozone/integration-test/target/log,AVAILABLE}
2023-04-11 11:23:15,618 [Listener at 127.0.0.1/36763] INFO  handler.ContextHandler (ContextHandler.java:doStart(921)) - Started o.e.j.s.ServletContextHandler@664c7b76{static,/static,jar:file:/home/runner/.m2/repository/org/apache/ozone/hdds-container-service/1.4.0-SNAPSHOT/hdds-container-service-1.4.0-SNAPSHOT.jar!/webapps/static,AVAILABLE}
2023-04-11 11:23:15,814 [Listener at 127.0.0.1/36763] INFO  handler.ContextHandler (ContextHandler.java:doStart(921)) - Started o.e.j.w.WebAppContext@5d493952{hddsDatanode,/,file:///home/runner/work/ozone/ozone/hadoop-ozone/integration-test/target/test-dir/MiniOzoneClusterImpl-9bce2823-b07a-4470-87a5-870b50b19846/datanode-4/meta/webserver/jetty-0_0_0_0-32825-hdds-container-service-1_4_0-SNAPSHOT_jar-_-any-8045742978519688376/webapp/,AVAILABLE}{jar:file:/home/runner/.m2/repository/org/apache/ozone/hdds-container-service/1.4.0-SNAPSHOT/hdds-container-service-1.4.0-SNAPSHOT.jar!/webapps/hddsDatanode}
2023-04-11 11:23:15,816 [Listener at 127.0.0.1/36763] INFO  server.AbstractConnector (AbstractConnector.java:doStart(333)) - Started ServerConnector@294c39a0{HTTP/1.1, (http/1.1)}{0.0.0.0:32825}
2023-04-11 11:23:15,816 [Listener at 127.0.0.1/36763] INFO  server.Server (Server.java:doStart(415)) - Started @10443ms
2023-04-11 11:23:15,816 [Listener at 127.0.0.1/36763] WARN  impl.MetricsSystemImpl (MetricsSystemImpl.java:register(279)) - Sink prometheus already exists!
2023-04-11 11:23:15,817 [Listener at 127.0.0.1/36763] INFO  http.BaseHttpServer (BaseHttpServer.java:updateConnectorAddress(344)) - HTTP server of hddsDatanode listening at http://0.0.0.0:32825
2023-04-11 11:23:15,818 [Datanode State Machine Daemon Thread] INFO  statemachine.DatanodeStateMachine (DatanodeStateMachine.java:lambda$startDaemon$0(517)) - Ozone container server started.
2023-04-11 11:23:15,820 [Listener at 127.0.0.1/36763] INFO  ozone.MiniOzoneClusterImpl (MiniOzoneClusterImpl.java:lambda$waitForClusterToBeReady$0(222)) - Waiting for nodes to be ready. Got 0 of 5 DN Heartbeats.
2023-04-11 11:23:15,820 [Listener at 127.0.0.1/36763] INFO  ozone.MiniOzoneClusterImpl (MiniOzoneClusterImpl.java:lambda$waitForClusterToBeReady$0(225)) - Waiting for cluster to exit safe mode
2023-04-11 11:23:15,821 [Listener at 127.0.0.1/36763] INFO  ozone.MiniOzoneClusterImpl (MiniOzoneClusterImpl.java:lambda$waitForClusterToBeReady$0(227)) - SCM became leader
2023-04-11 11:23:15,821 [org.apache.hadoop.util.JvmPauseMonitor$Monitor@17e3b7cb] INFO  util.JvmPauseMonitor (JvmPauseMonitor.java:run(188)) - Starting JVM pause monitor
2023-04-11 11:23:15,828 [Datanode State Machine Task Thread - 0] INFO  datanode.InitDatanodeState (InitDatanodeState.java:persistContainerDatanodeDetails(138)) - DatanodeDetails is persisted to /home/runner/work/ozone/ozone/hadoop-ozone/integration-test/target/test-dir/MiniOzoneClusterImpl-9bce2823-b07a-4470-87a5-870b50b19846/datanode-4/meta/datanode.id
2023-04-11 11:23:16,207 [EndpointStateMachine task thread for /0.0.0.0:41917 - 0 ] INFO  utils.DatanodeStoreCache (DatanodeStoreCache.java:addDB(58)) - Added db /home/runner/work/ozone/ozone/hadoop-ozone/integration-test/target/test-dir/MiniOzoneClusterImpl-9bce2823-b07a-4470-87a5-870b50b19846/datanode-0/data-0/containers/hdds/9bce2823-b07a-4470-87a5-870b50b19846/DS-3c0f895d-acb3-4241-be3c-2fb1bf0410be/container.db to cache
2023-04-11 11:23:16,207 [EndpointStateMachine task thread for /0.0.0.0:41917 - 0 ] INFO  volume.HddsVolume (HddsVolume.java:createDbStore(350)) - SchemaV3 db is created and loaded at /home/runner/work/ozone/ozone/hadoop-ozone/integration-test/target/test-dir/MiniOzoneClusterImpl-9bce2823-b07a-4470-87a5-870b50b19846/datanode-0/data-0/containers/hdds/9bce2823-b07a-4470-87a5-870b50b19846/DS-3c0f895d-acb3-4241-be3c-2fb1bf0410be/container.db for volume DS-3c0f895d-acb3-4241-be3c-2fb1bf0410be
2023-04-11 11:23:16,209 [EndpointStateMachine task thread for /0.0.0.0:41917 - 0 ] INFO  ozoneimpl.OzoneContainer (OzoneContainer.java:start(397)) - Attempting to start container services.
2023-04-11 11:23:16,211 [EndpointStateMachine task thread for /0.0.0.0:41917 - 0 ] INFO  ozoneimpl.OzoneContainer (OzoneContainer.java:startContainerScrub(314)) - Scheduled background container scanners and the on-demand container scanner have been disabled.
2023-04-11 11:23:16,214 [EndpointStateMachine task thread for /0.0.0.0:41917 - 0 ] INFO  replication.ReplicationServer (ReplicationServer.java:start(109)) - ReplicationServer is started using port 39321
2023-04-11 11:23:16,214 [EndpointStateMachine task thread for /0.0.0.0:41917 - 0 ] INFO  ratis.XceiverServerRatis (XceiverServerRatis.java:start(517)) - Starting XceiverServerRatis 243d07fb-de29-4324-a32b-24d5948493a7
2023-04-11 11:23:16,215 [EndpointStateMachine task thread for /0.0.0.0:41917 - 0 ] INFO  server.RaftServer (RaftServerProxy.java:startImpl(393)) - 243d07fb-de29-4324-a32b-24d5948493a7: start RPC server
2023-04-11 11:23:16,221 [EndpointStateMachine task thread for /0.0.0.0:41917 - 0 ] INFO  server.GrpcService (GrpcService.java:startImpl(262)) - 243d07fb-de29-4324-a32b-24d5948493a7: GrpcService started, listening on 43063
2023-04-11 11:23:16,223 [EndpointStateMachine task thread for /0.0.0.0:41917 - 0 ] INFO  ratis.XceiverServerRatis (XceiverServerRatis.java:getRealPort(543)) - XceiverServerRatis 243d07fb-de29-4324-a32b-24d5948493a7 is started using port 43063 for RATIS
2023-04-11 11:23:16,223 [JvmPauseMonitor1] INFO  util.JvmPauseMonitor (JvmPauseMonitor.java:run(105)) - JvmPauseMonitor-243d07fb-de29-4324-a32b-24d5948493a7: Started
2023-04-11 11:23:16,223 [EndpointStateMachine task thread for /0.0.0.0:41917 - 0 ] INFO  ratis.XceiverServerRatis (XceiverServerRatis.java:getRealPort(543)) - XceiverServerRatis 243d07fb-de29-4324-a32b-24d5948493a7 is started using port 43063 for RATIS_ADMIN
2023-04-11 11:23:16,223 [EndpointStateMachine task thread for /0.0.0.0:41917 - 0 ] INFO  ratis.XceiverServerRatis (XceiverServerRatis.java:getRealPort(543)) - XceiverServerRatis 243d07fb-de29-4324-a32b-24d5948493a7 is started using port 43063 for RATIS_SERVER
2023-04-11 11:23:16,223 [EndpointStateMachine task thread for /0.0.0.0:41917 - 0 ] INFO  ratis.XceiverServerRatis (XceiverServerRatis.java:getRealPort(543)) - XceiverServerRatis 243d07fb-de29-4324-a32b-24d5948493a7 is started using port 37595 for RATIS_DATASTREAM
2023-04-11 11:23:16,236 [EndpointStateMachine task thread for /0.0.0.0:41917 - 0 ] INFO  server.XceiverServerGrpc (XceiverServerGrpc.java:start(180)) - XceiverServerGrpc 243d07fb-de29-4324-a32b-24d5948493a7 is started using port 33385
2023-04-11 11:23:16,247 [BlockDeletingService#0] INFO  interfaces.ContainerDeletionChoosingPolicyTemplate (ContainerDeletionChoosingPolicyTemplate.java:chooseContainerForBlockDeletion(83)) - Chosen 0/5000 blocks from 0 candidate containers.
2023-04-11 11:23:16,759 [EndpointStateMachine task thread for /0.0.0.0:41917 - 0 ] INFO  utils.DatanodeStoreCache (DatanodeStoreCache.java:addDB(58)) - Added db /home/runner/work/ozone/ozone/hadoop-ozone/integration-test/target/test-dir/MiniOzoneClusterImpl-9bce2823-b07a-4470-87a5-870b50b19846/datanode-1/data-0/containers/hdds/9bce2823-b07a-4470-87a5-870b50b19846/DS-a054a154-d2e6-44f2-8a10-43f42e63abdd/container.db to cache
2023-04-11 11:23:16,759 [EndpointStateMachine task thread for /0.0.0.0:41917 - 0 ] INFO  volume.HddsVolume (HddsVolume.java:createDbStore(350)) - SchemaV3 db is created and loaded at /home/runner/work/ozone/ozone/hadoop-ozone/integration-test/target/test-dir/MiniOzoneClusterImpl-9bce2823-b07a-4470-87a5-870b50b19846/datanode-1/data-0/containers/hdds/9bce2823-b07a-4470-87a5-870b50b19846/DS-a054a154-d2e6-44f2-8a10-43f42e63abdd/container.db for volume DS-a054a154-d2e6-44f2-8a10-43f42e63abdd
2023-04-11 11:23:16,760 [EndpointStateMachine task thread for /0.0.0.0:41917 - 0 ] INFO  ozoneimpl.OzoneContainer (OzoneContainer.java:start(397)) - Attempting to start container services.
2023-04-11 11:23:16,761 [EndpointStateMachine task thread for /0.0.0.0:41917 - 0 ] INFO  ozoneimpl.OzoneContainer (OzoneContainer.java:startContainerScrub(314)) - Scheduled background container scanners and the on-demand container scanner have been disabled.
2023-04-11 11:23:16,762 [EndpointStateMachine task thread for /0.0.0.0:41917 - 0 ] INFO  replication.ReplicationServer (ReplicationServer.java:start(109)) - ReplicationServer is started using port 45323
2023-04-11 11:23:16,763 [EndpointStateMachine task thread for /0.0.0.0:41917 - 0 ] INFO  ratis.XceiverServerRatis (XceiverServerRatis.java:start(517)) - Starting XceiverServerRatis c75a143a-6faf-4f8e-9847-b3e7e26fc01f
2023-04-11 11:23:16,764 [EndpointStateMachine task thread for /0.0.0.0:41917 - 0 ] INFO  server.RaftServer (RaftServerProxy.java:startImpl(393)) - c75a143a-6faf-4f8e-9847-b3e7e26fc01f: start RPC server
2023-04-11 11:23:16,767 [EndpointStateMachine task thread for /0.0.0.0:41917 - 0 ] INFO  server.GrpcService (GrpcService.java:startImpl(262)) - c75a143a-6faf-4f8e-9847-b3e7e26fc01f: GrpcService started, listening on 42913
2023-04-11 11:23:16,767 [EndpointStateMachine task thread for /0.0.0.0:41917 - 0 ] INFO  ratis.XceiverServerRatis (XceiverServerRatis.java:getRealPort(543)) - XceiverServerRatis c75a143a-6faf-4f8e-9847-b3e7e26fc01f is started using port 42913 for RATIS
2023-04-11 11:23:16,767 [EndpointStateMachine task thread for /0.0.0.0:41917 - 0 ] INFO  ratis.XceiverServerRatis (XceiverServerRatis.java:getRealPort(543)) - XceiverServerRatis c75a143a-6faf-4f8e-9847-b3e7e26fc01f is started using port 42913 for RATIS_ADMIN
2023-04-11 11:23:16,767 [EndpointStateMachine task thread for /0.0.0.0:41917 - 0 ] INFO  ratis.XceiverServerRatis (XceiverServerRatis.java:getRealPort(543)) - XceiverServerRatis c75a143a-6faf-4f8e-9847-b3e7e26fc01f is started using port 42913 for RATIS_SERVER
2023-04-11 11:23:16,767 [EndpointStateMachine task thread for /0.0.0.0:41917 - 0 ] INFO  ratis.XceiverServerRatis (XceiverServerRatis.java:getRealPort(543)) - XceiverServerRatis c75a143a-6faf-4f8e-9847-b3e7e26fc01f is started using port 34813 for RATIS_DATASTREAM
2023-04-11 11:23:16,768 [JvmPauseMonitor2] INFO  util.JvmPauseMonitor (JvmPauseMonitor.java:run(105)) - JvmPauseMonitor-c75a143a-6faf-4f8e-9847-b3e7e26fc01f: Started
2023-04-11 11:23:16,770 [EndpointStateMachine task thread for /0.0.0.0:41917 - 0 ] INFO  server.XceiverServerGrpc (XceiverServerGrpc.java:start(180)) - XceiverServerGrpc c75a143a-6faf-4f8e-9847-b3e7e26fc01f is started using port 38723
2023-04-11 11:23:16,773 [BlockDeletingService#0] INFO  interfaces.ContainerDeletionChoosingPolicyTemplate (ContainerDeletionChoosingPolicyTemplate.java:chooseContainerForBlockDeletion(83)) - Chosen 0/5000 blocks from 0 candidate containers.
2023-04-11 11:23:16,821 [Listener at 127.0.0.1/36763] INFO  ozone.MiniOzoneClusterImpl (MiniOzoneClusterImpl.java:lambda$waitForClusterToBeReady$0(222)) - Waiting for nodes to be ready. Got 0 of 5 DN Heartbeats.
2023-04-11 11:23:16,821 [Listener at 127.0.0.1/36763] INFO  ozone.MiniOzoneClusterImpl (MiniOzoneClusterImpl.java:lambda$waitForClusterToBeReady$0(225)) - Waiting for cluster to exit safe mode
2023-04-11 11:23:16,821 [Listener at 127.0.0.1/36763] INFO  ozone.MiniOzoneClusterImpl (MiniOzoneClusterImpl.java:lambda$waitForClusterToBeReady$0(227)) - SCM became leader
2023-04-11 11:23:17,163 [EndpointStateMachine task thread for /0.0.0.0:41917 - 0 ] INFO  utils.DatanodeStoreCache (DatanodeStoreCache.java:addDB(58)) - Added db /home/runner/work/ozone/ozone/hadoop-ozone/integration-test/target/test-dir/MiniOzoneClusterImpl-9bce2823-b07a-4470-87a5-870b50b19846/datanode-2/data-0/containers/hdds/9bce2823-b07a-4470-87a5-870b50b19846/DS-e5e93dc3-e542-4656-982d-fa01f39b4ba2/container.db to cache
2023-04-11 11:23:17,163 [EndpointStateMachine task thread for /0.0.0.0:41917 - 0 ] INFO  volume.HddsVolume (HddsVolume.java:createDbStore(350)) - SchemaV3 db is created and loaded at /home/runner/work/ozone/ozone/hadoop-ozone/integration-test/target/test-dir/MiniOzoneClusterImpl-9bce2823-b07a-4470-87a5-870b50b19846/datanode-2/data-0/containers/hdds/9bce2823-b07a-4470-87a5-870b50b19846/DS-e5e93dc3-e542-4656-982d-fa01f39b4ba2/container.db for volume DS-e5e93dc3-e542-4656-982d-fa01f39b4ba2
2023-04-11 11:23:17,164 [EndpointStateMachine task thread for /0.0.0.0:41917 - 0 ] INFO  ozoneimpl.OzoneContainer (OzoneContainer.java:start(397)) - Attempting to start container services.
2023-04-11 11:23:17,164 [EndpointStateMachine task thread for /0.0.0.0:41917 - 0 ] INFO  ozoneimpl.OzoneContainer (OzoneContainer.java:startContainerScrub(314)) - Scheduled background container scanners and the on-demand container scanner have been disabled.
2023-04-11 11:23:17,166 [EndpointStateMachine task thread for /0.0.0.0:41917 - 0 ] INFO  replication.ReplicationServer (ReplicationServer.java:start(109)) - ReplicationServer is started using port 44591
2023-04-11 11:23:17,166 [EndpointStateMachine task thread for /0.0.0.0:41917 - 0 ] INFO  ratis.XceiverServerRatis (XceiverServerRatis.java:start(517)) - Starting XceiverServerRatis ca122d53-8fd1-4cec-b324-69d908933b08
2023-04-11 11:23:17,167 [EndpointStateMachine task thread for /0.0.0.0:41917 - 0 ] INFO  server.RaftServer (RaftServerProxy.java:startImpl(393)) - ca122d53-8fd1-4cec-b324-69d908933b08: start RPC server
2023-04-11 11:23:17,168 [EndpointStateMachine task thread for /0.0.0.0:41917 - 0 ] INFO  server.GrpcService (GrpcService.java:startImpl(262)) - ca122d53-8fd1-4cec-b324-69d908933b08: GrpcService started, listening on 44515
2023-04-11 11:23:17,169 [EndpointStateMachine task thread for /0.0.0.0:41917 - 0 ] INFO  ratis.XceiverServerRatis (XceiverServerRatis.java:getRealPort(543)) - XceiverServerRatis ca122d53-8fd1-4cec-b324-69d908933b08 is started using port 44515 for RATIS
2023-04-11 11:23:17,169 [JvmPauseMonitor3] INFO  util.JvmPauseMonitor (JvmPauseMonitor.java:run(105)) - JvmPauseMonitor-ca122d53-8fd1-4cec-b324-69d908933b08: Started
2023-04-11 11:23:17,169 [EndpointStateMachine task thread for /0.0.0.0:41917 - 0 ] INFO  ratis.XceiverServerRatis (XceiverServerRatis.java:getRealPort(543)) - XceiverServerRatis ca122d53-8fd1-4cec-b324-69d908933b08 is started using port 44515 for RATIS_ADMIN
2023-04-11 11:23:17,169 [EndpointStateMachine task thread for /0.0.0.0:41917 - 0 ] INFO  ratis.XceiverServerRatis (XceiverServerRatis.java:getRealPort(543)) - XceiverServerRatis ca122d53-8fd1-4cec-b324-69d908933b08 is started using port 44515 for RATIS_SERVER
2023-04-11 11:23:17,169 [EndpointStateMachine task thread for /0.0.0.0:41917 - 0 ] INFO  ratis.XceiverServerRatis (XceiverServerRatis.java:getRealPort(543)) - XceiverServerRatis ca122d53-8fd1-4cec-b324-69d908933b08 is started using port 34703 for RATIS_DATASTREAM
2023-04-11 11:23:17,174 [EndpointStateMachine task thread for /0.0.0.0:41917 - 0 ] INFO  server.XceiverServerGrpc (XceiverServerGrpc.java:start(180)) - XceiverServerGrpc ca122d53-8fd1-4cec-b324-69d908933b08 is started using port 44279
2023-04-11 11:23:17,175 [BlockDeletingService#0] INFO  interfaces.ContainerDeletionChoosingPolicyTemplate (ContainerDeletionChoosingPolicyTemplate.java:chooseContainerForBlockDeletion(83)) - Chosen 0/5000 blocks from 0 candidate containers.
2023-04-11 11:23:17,495 [EndpointStateMachine task thread for /0.0.0.0:41917 - 0 ] INFO  utils.DatanodeStoreCache (DatanodeStoreCache.java:addDB(58)) - Added db /home/runner/work/ozone/ozone/hadoop-ozone/integration-test/target/test-dir/MiniOzoneClusterImpl-9bce2823-b07a-4470-87a5-870b50b19846/datanode-3/data-0/containers/hdds/9bce2823-b07a-4470-87a5-870b50b19846/DS-e0454265-5237-407f-81be-405291c20b53/container.db to cache
2023-04-11 11:23:17,495 [EndpointStateMachine task thread for /0.0.0.0:41917 - 0 ] INFO  volume.HddsVolume (HddsVolume.java:createDbStore(350)) - SchemaV3 db is created and loaded at /home/runner/work/ozone/ozone/hadoop-ozone/integration-test/target/test-dir/MiniOzoneClusterImpl-9bce2823-b07a-4470-87a5-870b50b19846/datanode-3/data-0/containers/hdds/9bce2823-b07a-4470-87a5-870b50b19846/DS-e0454265-5237-407f-81be-405291c20b53/container.db for volume DS-e0454265-5237-407f-81be-405291c20b53
2023-04-11 11:23:17,496 [EndpointStateMachine task thread for /0.0.0.0:41917 - 0 ] INFO  ozoneimpl.OzoneContainer (OzoneContainer.java:start(397)) - Attempting to start container services.
2023-04-11 11:23:17,496 [EndpointStateMachine task thread for /0.0.0.0:41917 - 0 ] INFO  ozoneimpl.OzoneContainer (OzoneContainer.java:startContainerScrub(314)) - Scheduled background container scanners and the on-demand container scanner have been disabled.
2023-04-11 11:23:17,498 [EndpointStateMachine task thread for /0.0.0.0:41917 - 0 ] INFO  replication.ReplicationServer (ReplicationServer.java:start(109)) - ReplicationServer is started using port 33049
2023-04-11 11:23:17,498 [EndpointStateMachine task thread for /0.0.0.0:41917 - 0 ] INFO  ratis.XceiverServerRatis (XceiverServerRatis.java:start(517)) - Starting XceiverServerRatis cea8b5f9-ee25-46f1-ad4b-37d39f533b4e
2023-04-11 11:23:17,499 [EndpointStateMachine task thread for /0.0.0.0:41917 - 0 ] INFO  server.RaftServer (RaftServerProxy.java:startImpl(393)) - cea8b5f9-ee25-46f1-ad4b-37d39f533b4e: start RPC server
2023-04-11 11:23:17,500 [EndpointStateMachine task thread for /0.0.0.0:41917 - 0 ] INFO  server.GrpcService (GrpcService.java:startImpl(262)) - cea8b5f9-ee25-46f1-ad4b-37d39f533b4e: GrpcService started, listening on 45437
2023-04-11 11:23:17,502 [EndpointStateMachine task thread for /0.0.0.0:41917 - 0 ] INFO  ratis.XceiverServerRatis (XceiverServerRatis.java:getRealPort(543)) - XceiverServerRatis cea8b5f9-ee25-46f1-ad4b-37d39f533b4e is started using port 45437 for RATIS
2023-04-11 11:23:17,502 [EndpointStateMachine task thread for /0.0.0.0:41917 - 0 ] INFO  ratis.XceiverServerRatis (XceiverServerRatis.java:getRealPort(543)) - XceiverServerRatis cea8b5f9-ee25-46f1-ad4b-37d39f533b4e is started using port 45437 for RATIS_ADMIN
2023-04-11 11:23:17,502 [EndpointStateMachine task thread for /0.0.0.0:41917 - 0 ] INFO  ratis.XceiverServerRatis (XceiverServerRatis.java:getRealPort(543)) - XceiverServerRatis cea8b5f9-ee25-46f1-ad4b-37d39f533b4e is started using port 45437 for RATIS_SERVER
2023-04-11 11:23:17,502 [EndpointStateMachine task thread for /0.0.0.0:41917 - 0 ] INFO  ratis.XceiverServerRatis (XceiverServerRatis.java:getRealPort(543)) - XceiverServerRatis cea8b5f9-ee25-46f1-ad4b-37d39f533b4e is started using port 34841 for RATIS_DATASTREAM
2023-04-11 11:23:17,502 [JvmPauseMonitor4] INFO  util.JvmPauseMonitor (JvmPauseMonitor.java:run(105)) - JvmPauseMonitor-cea8b5f9-ee25-46f1-ad4b-37d39f533b4e: Started
2023-04-11 11:23:17,507 [EndpointStateMachine task thread for /0.0.0.0:41917 - 0 ] INFO  server.XceiverServerGrpc (XceiverServerGrpc.java:start(180)) - XceiverServerGrpc cea8b5f9-ee25-46f1-ad4b-37d39f533b4e is started using port 42229
2023-04-11 11:23:17,515 [BlockDeletingService#0] INFO  interfaces.ContainerDeletionChoosingPolicyTemplate (ContainerDeletionChoosingPolicyTemplate.java:chooseContainerForBlockDeletion(83)) - Chosen 0/5000 blocks from 0 candidate containers.
2023-04-11 11:23:17,822 [Listener at 127.0.0.1/36763] INFO  ozone.MiniOzoneClusterImpl (MiniOzoneClusterImpl.java:lambda$waitForClusterToBeReady$0(222)) - Waiting for nodes to be ready. Got 0 of 5 DN Heartbeats.
2023-04-11 11:23:17,822 [Listener at 127.0.0.1/36763] INFO  ozone.MiniOzoneClusterImpl (MiniOzoneClusterImpl.java:lambda$waitForClusterToBeReady$0(225)) - Waiting for cluster to exit safe mode
2023-04-11 11:23:17,822 [Listener at 127.0.0.1/36763] INFO  ozone.MiniOzoneClusterImpl (MiniOzoneClusterImpl.java:lambda$waitForClusterToBeReady$0(227)) - SCM became leader
2023-04-11 11:23:17,859 [EndpointStateMachine task thread for /0.0.0.0:41917 - 0 ] INFO  utils.DatanodeStoreCache (DatanodeStoreCache.java:addDB(58)) - Added db /home/runner/work/ozone/ozone/hadoop-ozone/integration-test/target/test-dir/MiniOzoneClusterImpl-9bce2823-b07a-4470-87a5-870b50b19846/datanode-4/data-0/containers/hdds/9bce2823-b07a-4470-87a5-870b50b19846/DS-19d2de3c-b45c-4f3a-8ef9-c05d8be8f104/container.db to cache
2023-04-11 11:23:17,859 [EndpointStateMachine task thread for /0.0.0.0:41917 - 0 ] INFO  volume.HddsVolume (HddsVolume.java:createDbStore(350)) - SchemaV3 db is created and loaded at /home/runner/work/ozone/ozone/hadoop-ozone/integration-test/target/test-dir/MiniOzoneClusterImpl-9bce2823-b07a-4470-87a5-870b50b19846/datanode-4/data-0/containers/hdds/9bce2823-b07a-4470-87a5-870b50b19846/DS-19d2de3c-b45c-4f3a-8ef9-c05d8be8f104/container.db for volume DS-19d2de3c-b45c-4f3a-8ef9-c05d8be8f104
2023-04-11 11:23:17,860 [EndpointStateMachine task thread for /0.0.0.0:41917 - 0 ] INFO  ozoneimpl.OzoneContainer (OzoneContainer.java:start(397)) - Attempting to start container services.
2023-04-11 11:23:17,860 [EndpointStateMachine task thread for /0.0.0.0:41917 - 0 ] INFO  ozoneimpl.OzoneContainer (OzoneContainer.java:startContainerScrub(314)) - Scheduled background container scanners and the on-demand container scanner have been disabled.
2023-04-11 11:23:17,862 [EndpointStateMachine task thread for /0.0.0.0:41917 - 0 ] INFO  replication.ReplicationServer (ReplicationServer.java:start(109)) - ReplicationServer is started using port 33695
2023-04-11 11:23:17,863 [EndpointStateMachine task thread for /0.0.0.0:41917 - 0 ] INFO  ratis.XceiverServerRatis (XceiverServerRatis.java:start(517)) - Starting XceiverServerRatis 977ecd76-07f1-4d4a-bcc7-583ed48225e4
2023-04-11 11:23:17,863 [EndpointStateMachine task thread for /0.0.0.0:41917 - 0 ] INFO  server.RaftServer (RaftServerProxy.java:startImpl(393)) - 977ecd76-07f1-4d4a-bcc7-583ed48225e4: start RPC server
2023-04-11 11:23:17,865 [EndpointStateMachine task thread for /0.0.0.0:41917 - 0 ] INFO  server.GrpcService (GrpcService.java:startImpl(262)) - 977ecd76-07f1-4d4a-bcc7-583ed48225e4: GrpcService started, listening on 39833
2023-04-11 11:23:17,865 [EndpointStateMachine task thread for /0.0.0.0:41917 - 0 ] INFO  ratis.XceiverServerRatis (XceiverServerRatis.java:getRealPort(543)) - XceiverServerRatis 977ecd76-07f1-4d4a-bcc7-583ed48225e4 is started using port 39833 for RATIS
2023-04-11 11:23:17,865 [JvmPauseMonitor5] INFO  util.JvmPauseMonitor (JvmPauseMonitor.java:run(105)) - JvmPauseMonitor-977ecd76-07f1-4d4a-bcc7-583ed48225e4: Started
2023-04-11 11:23:17,865 [EndpointStateMachine task thread for /0.0.0.0:41917 - 0 ] INFO  ratis.XceiverServerRatis (XceiverServerRatis.java:getRealPort(543)) - XceiverServerRatis 977ecd76-07f1-4d4a-bcc7-583ed48225e4 is started using port 39833 for RATIS_ADMIN
2023-04-11 11:23:17,865 [EndpointStateMachine task thread for /0.0.0.0:41917 - 0 ] INFO  ratis.XceiverServerRatis (XceiverServerRatis.java:getRealPort(543)) - XceiverServerRatis 977ecd76-07f1-4d4a-bcc7-583ed48225e4 is started using port 39833 for RATIS_SERVER
2023-04-11 11:23:17,865 [EndpointStateMachine task thread for /0.0.0.0:41917 - 0 ] INFO  ratis.XceiverServerRatis (XceiverServerRatis.java:getRealPort(543)) - XceiverServerRatis 977ecd76-07f1-4d4a-bcc7-583ed48225e4 is started using port 34851 for RATIS_DATASTREAM
2023-04-11 11:23:17,870 [EndpointStateMachine task thread for /0.0.0.0:41917 - 0 ] INFO  server.XceiverServerGrpc (XceiverServerGrpc.java:start(180)) - XceiverServerGrpc 977ecd76-07f1-4d4a-bcc7-583ed48225e4 is started using port 39755
2023-04-11 11:23:17,872 [BlockDeletingService#0] INFO  interfaces.ContainerDeletionChoosingPolicyTemplate (ContainerDeletionChoosingPolicyTemplate.java:chooseContainerForBlockDeletion(83)) - Chosen 0/5000 blocks from 0 candidate containers.
2023-04-11 11:23:18,126 [IPC Server handler 1 on default port 41917] INFO  net.NetworkTopologyImpl (NetworkTopologyImpl.java:add(112)) - Added a new node: /default-rack/243d07fb-de29-4324-a32b-24d5948493a7
2023-04-11 11:23:18,130 [IPC Server handler 1 on default port 41917] INFO  node.SCMNodeManager (SCMNodeManager.java:register(404)) - Registered Data node : 243d07fb-de29-4324-a32b-24d5948493a7{ip: 10.1.0.37, host: fv-az590-525.scpgifznvsounmmscp2whtfmwe.cx.internal.cloudapp.net, ports: [HTTP=34875, REPLICATION=39321, RATIS=43063, RATIS_ADMIN=43063, RATIS_SERVER=43063, RATIS_DATASTREAM=37595, STANDALONE=33385], networkLocation: /default-rack, certSerialId: null, persistedOpState: null, persistedOpStateExpiryEpochSec: 0}
2023-04-11 11:23:18,141 [EventQueue-NewNodeForNewNodeHandler] INFO  pipeline.BackgroundPipelineCreator (BackgroundPipelineCreator.java:notifyEventTriggered(276)) - trigger a one-shot run on RatisPipelineUtilsThread.
2023-04-11 11:23:18,150 [EventQueue-NodeRegistrationContainerReportForContainerSafeModeRule] INFO  safemode.SCMSafeModeManager (SCMSafeModeManager.java:validateSafeModeExitRules(200)) - ContainerSafeModeRule rule is successfully validated
2023-04-11 11:23:18,152 [RatisPipelineUtilsThread - 0] INFO  pipeline.RatisPipelineProvider (RatisPipelineProvider.java:lambda$create$0(206)) - Sending CreatePipelineCommand for pipeline:PipelineID=a003b3f7-b699-4489-b40e-394e36f022e0 to datanode:243d07fb-de29-4324-a32b-24d5948493a7
2023-04-11 11:23:18,154 [EventQueue-PipelineReportForOneReplicaPipelineSafeModeRule] INFO  safemode.SCMSafeModeManager (SCMSafeModeManager.java:validateSafeModeExitRules(200)) - AtleastOneDatanodeReportedRule rule is successfully validated
2023-04-11 11:23:18,157 [EventQueue-NodeRegistrationContainerReportForDataNodeSafeModeRule] INFO  safemode.SCMSafeModeManager (DataNodeSafeModeRule.java:process(71)) - SCM in safe mode. 1 DataNodes registered, 3 required.
2023-04-11 11:23:18,174 [RatisPipelineUtilsThread - 0] INFO  pipeline.PipelineStateManagerImpl (PipelineStateManagerImpl.java:addPipeline(103)) - Created pipeline Pipeline[ Id: a003b3f7-b699-4489-b40e-394e36f022e0, Nodes: 243d07fb-de29-4324-a32b-24d5948493a7(fv-az590-525.scpgifznvsounmmscp2whtfmwe.cx.internal.cloudapp.net/10.1.0.37), ReplicationConfig: RATIS/ONE, State:ALLOCATED, leaderId:, CreationTimestamp2023-04-11T11:23:18.151Z[Etc/UTC]].
2023-04-11 11:23:18,720 [IPC Server handler 8 on default port 41917] INFO  net.NetworkTopologyImpl (NetworkTopologyImpl.java:add(112)) - Added a new node: /default-rack/c75a143a-6faf-4f8e-9847-b3e7e26fc01f
2023-04-11 11:23:18,721 [IPC Server handler 8 on default port 41917] INFO  node.SCMNodeManager (SCMNodeManager.java:register(404)) - Registered Data node : c75a143a-6faf-4f8e-9847-b3e7e26fc01f{ip: 10.1.0.37, host: fv-az590-525.scpgifznvsounmmscp2whtfmwe.cx.internal.cloudapp.net, ports: [HTTP=37559, REPLICATION=45323, RATIS=42913, RATIS_ADMIN=42913, RATIS_SERVER=42913, RATIS_DATASTREAM=34813, STANDALONE=38723], networkLocation: /default-rack, certSerialId: null, persistedOpState: null, persistedOpStateExpiryEpochSec: 0}
2023-04-11 11:23:18,721 [EventQueue-NewNodeForNewNodeHandler] INFO  pipeline.BackgroundPipelineCreator (BackgroundPipelineCreator.java:notifyEventTriggered(276)) - trigger a one-shot run on RatisPipelineUtilsThread.
2023-04-11 11:23:18,721 [EventQueue-NodeRegistrationContainerReportForDataNodeSafeModeRule] INFO  safemode.SCMSafeModeManager (DataNodeSafeModeRule.java:process(71)) - SCM in safe mode. 2 DataNodes registered, 3 required.
2023-04-11 11:23:18,730 [RatisPipelineUtilsThread - 0] INFO  pipeline.RatisPipelineProvider (RatisPipelineProvider.java:lambda$create$0(206)) - Sending CreatePipelineCommand for pipeline:PipelineID=d15c7985-e906-4bb9-9105-4f0c056cb064 to datanode:c75a143a-6faf-4f8e-9847-b3e7e26fc01f
2023-04-11 11:23:18,731 [RatisPipelineUtilsThread - 0] INFO  pipeline.PipelineStateManagerImpl (PipelineStateManagerImpl.java:addPipeline(103)) - Created pipeline Pipeline[ Id: d15c7985-e906-4bb9-9105-4f0c056cb064, Nodes: c75a143a-6faf-4f8e-9847-b3e7e26fc01f(fv-az590-525.scpgifznvsounmmscp2whtfmwe.cx.internal.cloudapp.net/10.1.0.37), ReplicationConfig: RATIS/ONE, State:ALLOCATED, leaderId:, CreationTimestamp2023-04-11T11:23:18.730Z[Etc/UTC]].
2023-04-11 11:23:18,822 [Listener at 127.0.0.1/36763] INFO  ozone.MiniOzoneClusterImpl (MiniOzoneClusterImpl.java:lambda$waitForClusterToBeReady$0(222)) - Waiting for nodes to be ready. Got 2 of 5 DN Heartbeats.
2023-04-11 11:23:18,823 [Listener at 127.0.0.1/36763] INFO  ozone.MiniOzoneClusterImpl (MiniOzoneClusterImpl.java:lambda$waitForClusterToBeReady$0(225)) - Waiting for cluster to exit safe mode
2023-04-11 11:23:18,823 [Listener at 127.0.0.1/36763] INFO  ozone.MiniOzoneClusterImpl (MiniOzoneClusterImpl.java:lambda$waitForClusterToBeReady$0(227)) - SCM became leader
2023-04-11 11:23:19,131 [IPC Server handler 1 on default port 41917] INFO  net.NetworkTopologyImpl (NetworkTopologyImpl.java:add(112)) - Added a new node: /default-rack/ca122d53-8fd1-4cec-b324-69d908933b08
2023-04-11 11:23:19,132 [IPC Server handler 1 on default port 41917] INFO  node.SCMNodeManager (SCMNodeManager.java:register(404)) - Registered Data node : ca122d53-8fd1-4cec-b324-69d908933b08{ip: 10.1.0.37, host: fv-az590-525.scpgifznvsounmmscp2whtfmwe.cx.internal.cloudapp.net, ports: [HTTP=41609, REPLICATION=44591, RATIS=44515, RATIS_ADMIN=44515, RATIS_SERVER=44515, RATIS_DATASTREAM=34703, STANDALONE=44279], networkLocation: /default-rack, certSerialId: null, persistedOpState: null, persistedOpStateExpiryEpochSec: 0}
2023-04-11 11:23:19,133 [EventQueue-NewNodeForNewNodeHandler] INFO  pipeline.BackgroundPipelineCreator (BackgroundPipelineCreator.java:notifyEventTriggered(276)) - trigger a one-shot run on RatisPipelineUtilsThread.
2023-04-11 11:23:19,133 [EventQueue-NodeRegistrationContainerReportForDataNodeSafeModeRule] INFO  safemode.SCMSafeModeManager (DataNodeSafeModeRule.java:process(71)) - SCM in safe mode. 3 DataNodes registered, 3 required.
2023-04-11 11:23:19,134 [EventQueue-NodeRegistrationContainerReportForDataNodeSafeModeRule] INFO  safemode.SCMSafeModeManager (SCMSafeModeManager.java:validateSafeModeExitRules(200)) - DataNodeSafeModeRule rule is successfully validated
2023-04-11 11:23:19,134 [EventQueue-NodeRegistrationContainerReportForDataNodeSafeModeRule] INFO  safemode.SCMSafeModeManager (SCMSafeModeManager.java:completePreCheck(229)) - All SCM safe mode pre check rules have passed
2023-04-11 11:23:19,134 [EventQueue-NodeRegistrationContainerReportForDataNodeSafeModeRule] INFO  ha.SCMContext (SCMContext.java:updateSafeModeStatus(228)) - Update SafeModeStatus from SafeModeStatus{safeModeStatus=true, preCheckPassed=false} to SafeModeStatus{safeModeStatus=true, preCheckPassed=true}.
2023-04-11 11:23:19,134 [EventQueue-NodeRegistrationContainerReportForDataNodeSafeModeRule] INFO  pipeline.BackgroundPipelineCreator (BackgroundPipelineCreator.java:notifyEventTriggered(276)) - trigger a one-shot run on RatisPipelineUtilsThread.
2023-04-11 11:23:19,133 [RatisPipelineUtilsThread - 0] INFO  pipeline.RatisPipelineProvider (RatisPipelineProvider.java:lambda$create$0(206)) - Sending CreatePipelineCommand for pipeline:PipelineID=5ffc162c-4520-4174-9edf-e6c880774131 to datanode:ca122d53-8fd1-4cec-b324-69d908933b08
2023-04-11 11:23:19,135 [RatisPipelineUtilsThread - 0] INFO  pipeline.PipelineStateManagerImpl (PipelineStateManagerImpl.java:addPipeline(103)) - Created pipeline Pipeline[ Id: 5ffc162c-4520-4174-9edf-e6c880774131, Nodes: ca122d53-8fd1-4cec-b324-69d908933b08(fv-az590-525.scpgifznvsounmmscp2whtfmwe.cx.internal.cloudapp.net/10.1.0.37), ReplicationConfig: RATIS/ONE, State:ALLOCATED, leaderId:, CreationTimestamp2023-04-11T11:23:19.133Z[Etc/UTC]].
2023-04-11 11:23:19,140 [RatisPipelineUtilsThread - 0] INFO  pipeline.RatisPipelineProvider (RatisPipelineProvider.java:lambda$create$0(206)) - Sending CreatePipelineCommand for pipeline:PipelineID=be83539e-4791-44fc-840f-7affc49c57b1 to datanode:ca122d53-8fd1-4cec-b324-69d908933b08
2023-04-11 11:23:19,140 [RatisPipelineUtilsThread - 0] INFO  pipeline.RatisPipelineProvider (RatisPipelineProvider.java:lambda$create$0(206)) - Sending CreatePipelineCommand for pipeline:PipelineID=be83539e-4791-44fc-840f-7affc49c57b1 to datanode:243d07fb-de29-4324-a32b-24d5948493a7
2023-04-11 11:23:19,140 [RatisPipelineUtilsThread - 0] INFO  pipeline.RatisPipelineProvider (RatisPipelineProvider.java:lambda$create$0(206)) - Sending CreatePipelineCommand for pipeline:PipelineID=be83539e-4791-44fc-840f-7affc49c57b1 to datanode:c75a143a-6faf-4f8e-9847-b3e7e26fc01f
2023-04-11 11:23:19,141 [RatisPipelineUtilsThread - 0] INFO  pipeline.PipelineStateManagerImpl (PipelineStateManagerImpl.java:addPipeline(103)) - Created pipeline Pipeline[ Id: be83539e-4791-44fc-840f-7affc49c57b1, Nodes: ca122d53-8fd1-4cec-b324-69d908933b08(fv-az590-525.scpgifznvsounmmscp2whtfmwe.cx.internal.cloudapp.net/10.1.0.37)243d07fb-de29-4324-a32b-24d5948493a7(fv-az590-525.scpgifznvsounmmscp2whtfmwe.cx.internal.cloudapp.net/10.1.0.37)c75a143a-6faf-4f8e-9847-b3e7e26fc01f(fv-az590-525.scpgifznvsounmmscp2whtfmwe.cx.internal.cloudapp.net/10.1.0.37), ReplicationConfig: RATIS/THREE, State:ALLOCATED, leaderId:, CreationTimestamp2023-04-11T11:23:19.140Z[Etc/UTC]].
2023-04-11 11:23:19,142 [RatisPipelineUtilsThread - 0] INFO  pipeline.RatisPipelineProvider (RatisPipelineProvider.java:lambda$create$0(206)) - Sending CreatePipelineCommand for pipeline:PipelineID=80057f08-6aec-4d77-88ef-9d155bee1d9d to datanode:ca122d53-8fd1-4cec-b324-69d908933b08
2023-04-11 11:23:19,142 [RatisPipelineUtilsThread - 0] INFO  pipeline.RatisPipelineProvider (RatisPipelineProvider.java:lambda$create$0(206)) - Sending CreatePipelineCommand for pipeline:PipelineID=80057f08-6aec-4d77-88ef-9d155bee1d9d to datanode:c75a143a-6faf-4f8e-9847-b3e7e26fc01f
2023-04-11 11:23:19,142 [RatisPipelineUtilsThread - 0] INFO  pipeline.RatisPipelineProvider (RatisPipelineProvider.java:lambda$create$0(206)) - Sending CreatePipelineCommand for pipeline:PipelineID=80057f08-6aec-4d77-88ef-9d155bee1d9d to datanode:243d07fb-de29-4324-a32b-24d5948493a7
2023-04-11 11:23:19,143 [RatisPipelineUtilsThread - 0] INFO  pipeline.PipelineStateManagerImpl (PipelineStateManagerImpl.java:addPipeline(103)) - Created pipeline Pipeline[ Id: 80057f08-6aec-4d77-88ef-9d155bee1d9d, Nodes: ca122d53-8fd1-4cec-b324-69d908933b08(fv-az590-525.scpgifznvsounmmscp2whtfmwe.cx.internal.cloudapp.net/10.1.0.37)c75a143a-6faf-4f8e-9847-b3e7e26fc01f(fv-az590-525.scpgifznvsounmmscp2whtfmwe.cx.internal.cloudapp.net/10.1.0.37)243d07fb-de29-4324-a32b-24d5948493a7(fv-az590-525.scpgifznvsounmmscp2whtfmwe.cx.internal.cloudapp.net/10.1.0.37), ReplicationConfig: RATIS/THREE, State:ALLOCATED, leaderId:, CreationTimestamp2023-04-11T11:23:19.142Z[Etc/UTC]].
2023-04-11 11:23:19,144 [RatisPipelineUtilsThread - 0] INFO  pipeline.PipelineManagerImpl (PipelineManagerImpl.java:recordMetricsForPipeline(826)) - Pipeline: PipelineID=80057f08-6aec-4d77-88ef-9d155bee1d9d contains same datanodes as previous pipelines: PipelineID=be83539e-4791-44fc-840f-7affc49c57b1 nodeIds: ca122d53-8fd1-4cec-b324-69d908933b08, c75a143a-6faf-4f8e-9847-b3e7e26fc01f, 243d07fb-de29-4324-a32b-24d5948493a7
2023-04-11 11:23:19,144 [RatisPipelineUtilsThread - 0] WARN  pipeline.PipelinePlacementPolicy (PipelinePlacementPolicy.java:filterViableNodes(160)) - Pipeline creation failed due to no sufficient healthy datanodes. Required 3. Found 0. Excluded 3.
2023-04-11 11:23:19,145 [RatisPipelineUtilsThread - 0] WARN  pipeline.PipelinePlacementPolicy (PipelinePlacementPolicy.java:filterViableNodes(160)) - Pipeline creation failed due to no sufficient healthy datanodes. Required 3. Found 0. Excluded 3.
2023-04-11 11:23:19,462 [IPC Server handler 8 on default port 41917] INFO  net.NetworkTopologyImpl (NetworkTopologyImpl.java:add(112)) - Added a new node: /default-rack/cea8b5f9-ee25-46f1-ad4b-37d39f533b4e
2023-04-11 11:23:19,463 [IPC Server handler 8 on default port 41917] INFO  node.SCMNodeManager (SCMNodeManager.java:register(404)) - Registered Data node : cea8b5f9-ee25-46f1-ad4b-37d39f533b4e{ip: 10.1.0.37, host: fv-az590-525.scpgifznvsounmmscp2whtfmwe.cx.internal.cloudapp.net, ports: [HTTP=38595, REPLICATION=33049, RATIS=45437, RATIS_ADMIN=45437, RATIS_SERVER=45437, RATIS_DATASTREAM=34841, STANDALONE=42229], networkLocation: /default-rack, certSerialId: null, persistedOpState: null, persistedOpStateExpiryEpochSec: 0}
2023-04-11 11:23:19,464 [EventQueue-NewNodeForNewNodeHandler] INFO  pipeline.BackgroundPipelineCreator (BackgroundPipelineCreator.java:notifyEventTriggered(276)) - trigger a one-shot run on RatisPipelineUtilsThread.
2023-04-11 11:23:19,464 [RatisPipelineUtilsThread - 0] INFO  pipeline.RatisPipelineProvider (RatisPipelineProvider.java:lambda$create$0(206)) - Sending CreatePipelineCommand for pipeline:PipelineID=d1d7c35b-2092-4634-9233-9d8617117d36 to datanode:cea8b5f9-ee25-46f1-ad4b-37d39f533b4e
2023-04-11 11:23:19,465 [RatisPipelineUtilsThread - 0] INFO  pipeline.PipelineStateManagerImpl (PipelineStateManagerImpl.java:addPipeline(103)) - Created pipeline Pipeline[ Id: d1d7c35b-2092-4634-9233-9d8617117d36, Nodes: cea8b5f9-ee25-46f1-ad4b-37d39f533b4e(fv-az590-525.scpgifznvsounmmscp2whtfmwe.cx.internal.cloudapp.net/10.1.0.37), ReplicationConfig: RATIS/ONE, State:ALLOCATED, leaderId:, CreationTimestamp2023-04-11T11:23:19.464Z[Etc/UTC]].
2023-04-11 11:23:19,466 [RatisPipelineUtilsThread - 0] WARN  pipeline.PipelinePlacementPolicy (PipelinePlacementPolicy.java:filterViableNodes(160)) - Pipeline creation failed due to no sufficient healthy datanodes. Required 3. Found 1. Excluded 3.
2023-04-11 11:23:19,824 [Listener at 127.0.0.1/36763] INFO  ozone.MiniOzoneClusterImpl (MiniOzoneClusterImpl.java:lambda$waitForClusterToBeReady$0(222)) - Waiting for nodes to be ready. Got 4 of 5 DN Heartbeats.
2023-04-11 11:23:19,825 [Listener at 127.0.0.1/36763] INFO  ozone.MiniOzoneClusterImpl (MiniOzoneClusterImpl.java:lambda$waitForClusterToBeReady$0(225)) - Waiting for cluster to exit safe mode
2023-04-11 11:23:19,825 [Listener at 127.0.0.1/36763] INFO  ozone.MiniOzoneClusterImpl (MiniOzoneClusterImpl.java:lambda$waitForClusterToBeReady$0(227)) - SCM became leader
2023-04-11 11:23:19,824 [IPC Server handler 0 on default port 41917] INFO  net.NetworkTopologyImpl (NetworkTopologyImpl.java:add(112)) - Added a new node: /default-rack/977ecd76-07f1-4d4a-bcc7-583ed48225e4
2023-04-11 11:23:19,825 [IPC Server handler 0 on default port 41917] INFO  node.SCMNodeManager (SCMNodeManager.java:register(404)) - Registered Data node : 977ecd76-07f1-4d4a-bcc7-583ed48225e4{ip: 10.1.0.37, host: fv-az590-525.scpgifznvsounmmscp2whtfmwe.cx.internal.cloudapp.net, ports: [HTTP=32825, REPLICATION=33695, RATIS=39833, RATIS_ADMIN=39833, RATIS_SERVER=39833, RATIS_DATASTREAM=34851, STANDALONE=39755], networkLocation: /default-rack, certSerialId: null, persistedOpState: null, persistedOpStateExpiryEpochSec: 0}
2023-04-11 11:23:19,826 [EventQueue-NewNodeForNewNodeHandler] INFO  pipeline.BackgroundPipelineCreator (BackgroundPipelineCreator.java:notifyEventTriggered(276)) - trigger a one-shot run on RatisPipelineUtilsThread.
2023-04-11 11:23:19,826 [RatisPipelineUtilsThread - 0] INFO  pipeline.RatisPipelineProvider (RatisPipelineProvider.java:lambda$create$0(206)) - Sending CreatePipelineCommand for pipeline:PipelineID=c9a9fcd4-9cee-46f9-99db-697c47503325 to datanode:977ecd76-07f1-4d4a-bcc7-583ed48225e4
2023-04-11 11:23:19,828 [RatisPipelineUtilsThread - 0] INFO  pipeline.PipelineStateManagerImpl (PipelineStateManagerImpl.java:addPipeline(103)) - Created pipeline Pipeline[ Id: c9a9fcd4-9cee-46f9-99db-697c47503325, Nodes: 977ecd76-07f1-4d4a-bcc7-583ed48225e4(fv-az590-525.scpgifznvsounmmscp2whtfmwe.cx.internal.cloudapp.net/10.1.0.37), ReplicationConfig: RATIS/ONE, State:ALLOCATED, leaderId:, CreationTimestamp2023-04-11T11:23:19.826Z[Etc/UTC]].
2023-04-11 11:23:19,829 [RatisPipelineUtilsThread - 0] WARN  pipeline.PipelinePlacementPolicy (PipelinePlacementPolicy.java:filterViableNodes(160)) - Pipeline creation failed due to no sufficient healthy datanodes. Required 3. Found 2. Excluded 3.
2023-04-11 11:23:20,825 [Listener at 127.0.0.1/36763] INFO  ozone.MiniOzoneClusterImpl (MiniOzoneClusterImpl.java:lambda$waitForClusterToBeReady$0(222)) - Nodes are ready. Got 5 of 5 DN Heartbeats.
2023-04-11 11:23:20,825 [Listener at 127.0.0.1/36763] INFO  ozone.MiniOzoneClusterImpl (MiniOzoneClusterImpl.java:lambda$waitForClusterToBeReady$0(225)) - Waiting for cluster to exit safe mode
2023-04-11 11:23:20,826 [Listener at 127.0.0.1/36763] INFO  ozone.MiniOzoneClusterImpl (MiniOzoneClusterImpl.java:lambda$waitForClusterToBeReady$0(227)) - SCM became leader
2023-04-11 11:23:21,131 [Command processor thread] INFO  server.RaftServer (RaftServerProxy.java:addNew(96)) - 243d07fb-de29-4324-a32b-24d5948493a7: addNew group-394E36F022E0:[243d07fb-de29-4324-a32b-24d5948493a7|rpc:10.1.0.37:43063|dataStream:10.1.0.37:37595|priority:1|startupRole:FOLLOWER] returns group-394E36F022E0:java.util.concurrent.CompletableFuture@6753523c[Not completed]
2023-04-11 11:23:21,202 [pool-79-thread-1] INFO  server.RaftServer$Division (RaftServerImpl.java:<init>(195)) - 243d07fb-de29-4324-a32b-24d5948493a7: new RaftServerImpl for group-394E36F022E0:[243d07fb-de29-4324-a32b-24d5948493a7|rpc:10.1.0.37:43063|dataStream:10.1.0.37:37595|priority:1|startupRole:FOLLOWER] with ContainerStateMachine:uninitialized
2023-04-11 11:23:21,202 [pool-79-thread-1] INFO  server.RaftServerConfigKeys (ConfUtils.java:logGet(46)) - raft.server.rpc.timeout.min = 5s (custom)
2023-04-11 11:23:21,202 [pool-79-thread-1] INFO  server.RaftServerConfigKeys (ConfUtils.java:logGet(46)) - raft.server.rpc.timeout.max = 5200ms (custom)
2023-04-11 11:23:21,202 [pool-79-thread-1] INFO  server.RaftServerConfigKeys (ConfUtils.java:logGet(46)) - raft.server.rpc.sleep.time = 25ms (default)
2023-04-11 11:23:21,202 [pool-79-thread-1] INFO  server.RaftServerConfigKeys (ConfUtils.java:logGet(46)) - raft.server.rpc.slowness.timeout = 300s (custom)
2023-04-11 11:23:21,202 [pool-79-thread-1] INFO  server.RaftServerConfigKeys (ConfUtils.java:logGet(46)) - raft.server.leaderelection.leader.step-down.wait-time = 10s (default)
2023-04-11 11:23:21,202 [pool-79-thread-1] INFO  server.RaftServerConfigKeys (ConfUtils.java:logGet(46)) - raft.server.sleep.deviation.threshold = 300ms (default)
2023-04-11 11:23:21,202 [pool-79-thread-1] INFO  server.RaftServer$Division (ServerState.java:<init>(118)) - 243d07fb-de29-4324-a32b-24d5948493a7@group-394E36F022E0: ConfigurationManager, init=-1: peers:[243d07fb-de29-4324-a32b-24d5948493a7|rpc:10.1.0.37:43063|dataStream:10.1.0.37:37595|priority:1|startupRole:FOLLOWER]|listeners:[], old=null, confs=<EMPTY_MAP>
2023-04-11 11:23:21,203 [pool-79-thread-1] INFO  server.RaftServerConfigKeys (ConfUtils.java:logGet(46)) - raft.server.storage.dir = [/home/runner/work/ozone/ozone/hadoop-ozone/integration-test/target/test-dir/MiniOzoneClusterImpl-9bce2823-b07a-4470-87a5-870b50b19846/datanode-0/data/ratis] (custom)
2023-04-11 11:23:21,203 [pool-79-thread-1] INFO  server.RaftServerConfigKeys (ConfUtils.java:logGet(46)) - raft.server.log.corruption.policy = EXCEPTION (default)
2023-04-11 11:23:21,203 [pool-79-thread-1] INFO  server.RaftServerConfigKeys (ConfUtils.java:logGet(46)) - raft.server.storage.free-space.min = 0MB (=0) (default)
2023-04-11 11:23:21,203 [pool-79-thread-1] INFO  server.RaftServerConfigKeys (ConfUtils.java:logGet(46)) - raft.server.notification.no-leader.timeout = 300s (custom)
2023-04-11 11:23:21,203 [pool-79-thread-1] INFO  server.RaftServerConfigKeys (ConfUtils.java:logGet(46)) - raft.server.retrycache.expirytime = 600000ms (custom)
2023-04-11 11:23:21,203 [pool-79-thread-1] INFO  server.RaftServerConfigKeys (ConfUtils.java:logGet(46)) - raft.server.retrycache.statistics.expirytime = 100μs (default)
2023-04-11 11:23:21,206 [pool-79-thread-1] INFO  server.RaftServerConfigKeys (ConfUtils.java:logGet(46)) - raft.server.log.appender.install.snapshot.enabled = false (custom)
2023-04-11 11:23:21,206 [pool-79-thread-1] INFO  server.RaftServerConfigKeys (ConfUtils.java:logGet(46)) - raft.server.threadpool.server.cached = true (default)
2023-04-11 11:23:21,206 [pool-79-thread-1] INFO  server.RaftServerConfigKeys (ConfUtils.java:logGet(46)) - raft.server.threadpool.server.size = 0 (default)
2023-04-11 11:23:21,206 [pool-79-thread-1] INFO  server.RaftServerConfigKeys (ConfUtils.java:logGet(46)) - raft.server.threadpool.client.cached = true (default)
2023-04-11 11:23:21,208 [pool-79-thread-1] INFO  server.RaftServerConfigKeys (ConfUtils.java:logGet(46)) - raft.server.threadpool.client.size = 0 (default)
2023-04-11 11:23:21,208 [pool-79-thread-1] INFO  storage.RaftStorageDirectory (RaftStorageDirectoryImpl.java:analyzeStorage(137)) - The storage directory /home/runner/work/ozone/ozone/hadoop-ozone/integration-test/target/test-dir/MiniOzoneClusterImpl-9bce2823-b07a-4470-87a5-870b50b19846/datanode-0/data/ratis/a003b3f7-b699-4489-b40e-394e36f022e0 does not exist. Creating ...
2023-04-11 11:23:21,210 [pool-79-thread-1] INFO  storage.RaftStorageDirectory (RaftStorageDirectoryImpl.java:tryLock(231)) - Lock on /home/runner/work/ozone/ozone/hadoop-ozone/integration-test/target/test-dir/MiniOzoneClusterImpl-9bce2823-b07a-4470-87a5-870b50b19846/datanode-0/data/ratis/a003b3f7-b699-4489-b40e-394e36f022e0/in_use.lock acquired by nodename 48974@fv-az590-525
2023-04-11 11:23:21,212 [pool-79-thread-1] INFO  storage.RaftStorage (RaftStorageImpl.java:format(96)) - Storage directory /home/runner/work/ozone/ozone/hadoop-ozone/integration-test/target/test-dir/MiniOzoneClusterImpl-9bce2823-b07a-4470-87a5-870b50b19846/datanode-0/data/ratis/a003b3f7-b699-4489-b40e-394e36f022e0 has been successfully formatted.
2023-04-11 11:23:21,218 [pool-79-thread-1] INFO  ratis.ContainerStateMachine (ContainerStateMachine.java:loadSnapshot(262)) - group-394E36F022E0: The snapshot info is null. Setting the last applied indexto:(t:0, i:~)
2023-04-11 11:23:21,218 [pool-79-thread-1] INFO  server.RaftServerConfigKeys (ConfUtils.java:logGet(46)) - raft.server.log.use.memory = false (default)
2023-04-11 11:23:21,218 [pool-79-thread-1] INFO  server.RaftServerConfigKeys (ConfUtils.java:logGet(46)) - raft.server.log.purge.gap = 1000000 (custom)
2023-04-11 11:23:21,218 [pool-79-thread-1] INFO  server.RaftServerConfigKeys (ConfUtils.java:logGet(46)) - raft.server.log.appender.buffer.byte-limit = 33554432 (custom)
2023-04-11 11:23:21,218 [pool-79-thread-1] INFO  server.RaftServerConfigKeys (ConfUtils.java:logGet(46)) - raft.server.log.statemachine.data.read.timeout = 1000ms (default)
2023-04-11 11:23:21,218 [pool-79-thread-1] INFO  server.RaftServerConfigKeys (ConfUtils.java:logGet(46)) - raft.server.log.purge.preservation.log.num = 0 (default)
2023-04-11 11:23:21,218 [pool-79-thread-1] INFO  server.RaftServerConfigKeys (ConfUtils.java:logGet(46)) - raft.server.log.segment.size.max = 1048576 (custom)
2023-04-11 11:23:21,219 [pool-79-thread-1] INFO  server.RaftServerConfigKeys (ConfUtils.java:logGet(46)) - raft.server.log.segment.cache.num.max = 2 (custom)
2023-04-11 11:23:21,221 [pool-79-thread-1] INFO  server.RaftServerConfigKeys (ConfUtils.java:logGet(46)) - raft.server.log.segment.cache.size.max = 200MB (=209715200) (default)
2023-04-11 11:23:21,221 [pool-79-thread-1] INFO  segmented.SegmentedRaftLogWorker (SegmentedRaftLogWorker.java:<init>(189)) - new 243d07fb-de29-4324-a32b-24d5948493a7@group-394E36F022E0-SegmentedRaftLogWorker for RaftStorageImpl:Storage Directory /home/runner/work/ozone/ozone/hadoop-ozone/integration-test/target/test-dir/MiniOzoneClusterImpl-9bce2823-b07a-4470-87a5-870b50b19846/datanode-0/data/ratis/a003b3f7-b699-4489-b40e-394e36f022e0
2023-04-11 11:23:21,221 [pool-79-thread-1] INFO  server.RaftServerConfigKeys (ConfUtils.java:logGet(46)) - raft.server.log.queue.byte-limit = 4294967296 (custom)
2023-04-11 11:23:21,222 [pool-79-thread-1] INFO  server.RaftServerConfigKeys (ConfUtils.java:logGet(46)) - raft.server.log.queue.element-limit = 1024 (custom)
2023-04-11 11:23:21,222 [pool-79-thread-1] INFO  server.RaftServerConfigKeys (ConfUtils.java:logGet(46)) - raft.server.log.segment.size.max = 1048576 (custom)
2023-04-11 11:23:21,222 [pool-79-thread-1] INFO  server.RaftServerConfigKeys (ConfUtils.java:logGet(46)) - raft.server.log.preallocated.size = 16384 (custom)
2023-04-11 11:23:21,222 [pool-79-thread-1] INFO  server.RaftServerConfigKeys (ConfUtils.java:logGet(46)) - raft.server.log.force.sync.num = 128 (default)
2023-04-11 11:23:21,222 [pool-79-thread-1] INFO  server.RaftServerConfigKeys (ConfUtils.java:logGet(46)) - raft.server.log.statemachine.data.sync = true (default)
2023-04-11 11:23:21,222 [pool-79-thread-1] INFO  server.RaftServerConfigKeys (ConfUtils.java:logGet(46)) - raft.server.log.statemachine.data.sync.timeout = 10s (default)
2023-04-11 11:23:21,222 [pool-79-thread-1] INFO  server.RaftServerConfigKeys (ConfUtils.java:logGet(46)) - raft.server.log.statemachine.data.sync.timeout.retry = -1 (default)
2023-04-11 11:23:21,226 [pool-79-thread-1] INFO  server.RaftServerConfigKeys (ConfUtils.java:logGet(46)) - raft.server.log.write.buffer.size = 1048576 (custom)
2023-04-11 11:23:21,228 [pool-79-thread-1] INFO  server.RaftServerConfigKeys (ConfUtils.java:logGet(46)) - raft.server.log.appender.buffer.byte-limit = 33554432 (custom)
2023-04-11 11:23:21,235 [pool-79-thread-1] INFO  server.RaftServerConfigKeys (ConfUtils.java:logGet(46)) - raft.server.log.unsafe-flush.enabled = false (default)
2023-04-11 11:23:21,235 [pool-79-thread-1] INFO  server.RaftServerConfigKeys (ConfUtils.java:logGet(46)) - raft.server.log.async-flush.enabled = false (default)
2023-04-11 11:23:21,235 [pool-79-thread-1] INFO  server.RaftServerConfigKeys (ConfUtils.java:logGet(46)) - raft.server.log.statemachine.data.caching.enabled = true (custom)
2023-04-11 11:23:21,237 [EventQueue-PipelineReportForPipelineReportHandler] INFO  pipeline.PipelineManagerImpl (PipelineManagerImpl.java:openPipeline(367)) - Pipeline Pipeline[ Id: a003b3f7-b699-4489-b40e-394e36f022e0, Nodes: 243d07fb-de29-4324-a32b-24d5948493a7(fv-az590-525.scpgifznvsounmmscp2whtfmwe.cx.internal.cloudapp.net/10.1.0.37), ReplicationConfig: RATIS/ONE, State:ALLOCATED, leaderId:243d07fb-de29-4324-a32b-24d5948493a7, CreationTimestamp2023-04-11T11:23:18.151Z[Etc/UTC]] moved to OPEN state
2023-04-11 11:23:21,239 [pool-79-thread-1] INFO  segmented.SegmentedRaftLogWorker (SegmentedRaftLogWorker.java:lambda$new$0(135)) - 243d07fb-de29-4324-a32b-24d5948493a7@group-394E36F022E0-SegmentedRaftLogWorker: flushIndex: setUnconditionally 0 -> -1
2023-04-11 11:23:21,239 [pool-79-thread-1] INFO  segmented.SegmentedRaftLogWorker (SegmentedRaftLogWorker.java:lambda$new$0(135)) - 243d07fb-de29-4324-a32b-24d5948493a7@group-394E36F022E0-SegmentedRaftLogWorker: safeCacheEvictIndex: setUnconditionally 0 -> -1
2023-04-11 11:23:21,240 [pool-79-thread-1] INFO  server.RaftServer$Division (RaftServerImpl.java:start(334)) - 243d07fb-de29-4324-a32b-24d5948493a7@group-394E36F022E0: start as a follower, conf=-1: peers:[243d07fb-de29-4324-a32b-24d5948493a7|rpc:10.1.0.37:43063|dataStream:10.1.0.37:37595|priority:1|startupRole:FOLLOWER]|listeners:[], old=null
2023-04-11 11:23:21,240 [pool-79-thread-1] INFO  server.RaftServer$Division (RaftServerImpl.java:setRole(321)) - 243d07fb-de29-4324-a32b-24d5948493a7@group-394E36F022E0: changes role from      null to FOLLOWER at term 0 for startAsFollower
2023-04-11 11:23:21,240 [pool-79-thread-1] INFO  impl.RoleInfo (RoleInfo.java:updateAndGet(139)) - 243d07fb-de29-4324-a32b-24d5948493a7: start 243d07fb-de29-4324-a32b-24d5948493a7@group-394E36F022E0-FollowerState
2023-04-11 11:23:21,240 [EventQueue-OpenPipelineForHealthyPipelineSafeModeRule] INFO  safemode.SCMSafeModeManager (HealthyPipelineSafeModeRule.java:process(137)) - SCM in safe mode. Healthy pipelines reported count is 0, required healthy pipeline reported count is 1
2023-04-11 11:23:21,241 [243d07fb-de29-4324-a32b-24d5948493a7@group-394E36F022E0-FollowerState] INFO  server.RaftServerConfigKeys (ConfUtils.java:logFallback(53)) - raft.server.rpc.first-election.timeout.min = 5s (fallback to raft.server.rpc.timeout.min)
2023-04-11 11:23:21,241 [pool-79-thread-1] INFO  util.JmxRegister (JmxRegister.java:tryRegister(44)) - Successfully registered JMX Bean with object name Ratis:service=RaftServer,group=group-394E36F022E0,id=243d07fb-de29-4324-a32b-24d5948493a7
2023-04-11 11:23:21,241 [243d07fb-de29-4324-a32b-24d5948493a7@group-394E36F022E0-FollowerState] INFO  server.RaftServerConfigKeys (ConfUtils.java:logFallback(53)) - raft.server.rpc.first-election.timeout.max = 5200ms (fallback to raft.server.rpc.timeout.max)
2023-04-11 11:23:21,241 [pool-79-thread-1] INFO  server.RaftServerConfigKeys (ConfUtils.java:logGet(46)) - raft.server.snapshot.auto.trigger.enabled = true (custom)
2023-04-11 11:23:21,244 [pool-79-thread-1] INFO  server.RaftServerConfigKeys (ConfUtils.java:logGet(46)) - raft.server.snapshot.auto.trigger.threshold = 10000 (custom)
2023-04-11 11:23:21,244 [pool-79-thread-1] INFO  server.RaftServerConfigKeys (ConfUtils.java:logGet(46)) - raft.server.snapshot.retention.file.num = 5 (custom)
2023-04-11 11:23:21,244 [pool-79-thread-1] INFO  server.RaftServerConfigKeys (ConfUtils.java:logGet(46)) - raft.server.log.purge.upto.snapshot.index = false (default)
2023-04-11 11:23:21,254 [Command processor thread] INFO  ratis.XceiverServerRatis (XceiverServerRatis.java:addGroup(806)) - Created group PipelineID=a003b3f7-b699-4489-b40e-394e36f022e0
2023-04-11 11:23:21,254 [Command processor thread] INFO  commandhandler.CreatePipelineCommandHandler (CreatePipelineCommandHandler.java:handle(113)) - Created Pipeline RATIS ONE PipelineID=a003b3f7-b699-4489-b40e-394e36f022e0.
2023-04-11 11:23:21,255 [Command processor thread] INFO  server.RaftServer (RaftServerProxy.java:addNew(96)) - 243d07fb-de29-4324-a32b-24d5948493a7: addNew group-7AFFC49C57B1:[ca122d53-8fd1-4cec-b324-69d908933b08|rpc:10.1.0.37:44515|dataStream:10.1.0.37:34703|priority:0|startupRole:FOLLOWER, 243d07fb-de29-4324-a32b-24d5948493a7|rpc:10.1.0.37:43063|dataStream:10.1.0.37:37595|priority:0|startupRole:FOLLOWER, c75a143a-6faf-4f8e-9847-b3e7e26fc01f|rpc:10.1.0.37:42913|dataStream:10.1.0.37:34813|priority:1|startupRole:FOLLOWER] returns group-7AFFC49C57B1:java.util.concurrent.CompletableFuture@48b29d34[Not completed]
2023-04-11 11:23:21,256 [pool-79-thread-1] INFO  server.RaftServer$Division (RaftServerImpl.java:<init>(195)) - 243d07fb-de29-4324-a32b-24d5948493a7: new RaftServerImpl for group-7AFFC49C57B1:[ca122d53-8fd1-4cec-b324-69d908933b08|rpc:10.1.0.37:44515|dataStream:10.1.0.37:34703|priority:0|startupRole:FOLLOWER, 243d07fb-de29-4324-a32b-24d5948493a7|rpc:10.1.0.37:43063|dataStream:10.1.0.37:37595|priority:0|startupRole:FOLLOWER, c75a143a-6faf-4f8e-9847-b3e7e26fc01f|rpc:10.1.0.37:42913|dataStream:10.1.0.37:34813|priority:1|startupRole:FOLLOWER] with ContainerStateMachine:uninitialized
2023-04-11 11:23:21,256 [pool-79-thread-1] INFO  server.RaftServerConfigKeys (ConfUtils.java:logGet(46)) - raft.server.rpc.timeout.min = 5s (custom)
2023-04-11 11:23:21,257 [pool-79-thread-1] INFO  server.RaftServerConfigKeys (ConfUtils.java:logGet(46)) - raft.server.rpc.timeout.max = 5200ms (custom)
2023-04-11 11:23:21,257 [pool-79-thread-1] INFO  server.RaftServerConfigKeys (ConfUtils.java:logGet(46)) - raft.server.rpc.sleep.time = 25ms (default)
2023-04-11 11:23:21,257 [pool-79-thread-1] INFO  server.RaftServerConfigKeys (ConfUtils.java:logGet(46)) - raft.server.rpc.slowness.timeout = 300s (custom)
2023-04-11 11:23:21,257 [pool-79-thread-1] INFO  server.RaftServerConfigKeys (ConfUtils.java:logGet(46)) - raft.server.leaderelection.leader.step-down.wait-time = 10s (default)
2023-04-11 11:23:21,257 [pool-79-thread-1] INFO  server.RaftServerConfigKeys (ConfUtils.java:logGet(46)) - raft.server.sleep.deviation.threshold = 300ms (default)
2023-04-11 11:23:21,257 [pool-79-thread-1] INFO  server.RaftServer$Division (ServerState.java:<init>(118)) - 243d07fb-de29-4324-a32b-24d5948493a7@group-7AFFC49C57B1: ConfigurationManager, init=-1: peers:[ca122d53-8fd1-4cec-b324-69d908933b08|rpc:10.1.0.37:44515|dataStream:10.1.0.37:34703|priority:0|startupRole:FOLLOWER, 243d07fb-de29-4324-a32b-24d5948493a7|rpc:10.1.0.37:43063|dataStream:10.1.0.37:37595|priority:0|startupRole:FOLLOWER, c75a143a-6faf-4f8e-9847-b3e7e26fc01f|rpc:10.1.0.37:42913|dataStream:10.1.0.37:34813|priority:1|startupRole:FOLLOWER]|listeners:[], old=null, confs=<EMPTY_MAP>
2023-04-11 11:23:21,257 [pool-79-thread-1] INFO  server.RaftServerConfigKeys (ConfUtils.java:logGet(46)) - raft.server.storage.dir = [/home/runner/work/ozone/ozone/hadoop-ozone/integration-test/target/test-dir/MiniOzoneClusterImpl-9bce2823-b07a-4470-87a5-870b50b19846/datanode-0/data/ratis] (custom)
2023-04-11 11:23:21,257 [pool-79-thread-1] INFO  server.RaftServerConfigKeys (ConfUtils.java:logGet(46)) - raft.server.log.corruption.policy = EXCEPTION (default)
2023-04-11 11:23:21,257 [pool-79-thread-1] INFO  server.RaftServerConfigKeys (ConfUtils.java:logGet(46)) - raft.server.storage.free-space.min = 0MB (=0) (default)
2023-04-11 11:23:21,257 [pool-79-thread-1] INFO  server.RaftServerConfigKeys (ConfUtils.java:logGet(46)) - raft.server.notification.no-leader.timeout = 300s (custom)
2023-04-11 11:23:21,258 [pool-79-thread-1] INFO  server.RaftServerConfigKeys (ConfUtils.java:logGet(46)) - raft.server.retrycache.expirytime = 600000ms (custom)
2023-04-11 11:23:21,258 [pool-79-thread-1] INFO  server.RaftServerConfigKeys (ConfUtils.java:logGet(46)) - raft.server.retrycache.statistics.expirytime = 100μs (default)
2023-04-11 11:23:21,271 [pool-79-thread-1] INFO  server.RaftServerConfigKeys (ConfUtils.java:logGet(46)) - raft.server.log.appender.install.snapshot.enabled = false (custom)
2023-04-11 11:23:21,271 [pool-79-thread-1] INFO  server.RaftServerConfigKeys (ConfUtils.java:logGet(46)) - raft.server.threadpool.server.cached = true (default)
2023-04-11 11:23:21,271 [pool-79-thread-1] INFO  server.RaftServerConfigKeys (ConfUtils.java:logGet(46)) - raft.server.threadpool.server.size = 0 (default)
2023-04-11 11:23:21,271 [pool-79-thread-1] INFO  server.RaftServerConfigKeys (ConfUtils.java:logGet(46)) - raft.server.threadpool.client.cached = true (default)
2023-04-11 11:23:21,271 [pool-79-thread-1] INFO  server.RaftServerConfigKeys (ConfUtils.java:logGet(46)) - raft.server.threadpool.client.size = 0 (default)
2023-04-11 11:23:21,273 [pool-79-thread-1] INFO  storage.RaftStorageDirectory (RaftStorageDirectoryImpl.java:analyzeStorage(137)) - The storage directory /home/runner/work/ozone/ozone/hadoop-ozone/integration-test/target/test-dir/MiniOzoneClusterImpl-9bce2823-b07a-4470-87a5-870b50b19846/datanode-0/data/ratis/be83539e-4791-44fc-840f-7affc49c57b1 does not exist. Creating ...
2023-04-11 11:23:21,275 [pool-79-thread-1] INFO  storage.RaftStorageDirectory (RaftStorageDirectoryImpl.java:tryLock(231)) - Lock on /home/runner/work/ozone/ozone/hadoop-ozone/integration-test/target/test-dir/MiniOzoneClusterImpl-9bce2823-b07a-4470-87a5-870b50b19846/datanode-0/data/ratis/be83539e-4791-44fc-840f-7affc49c57b1/in_use.lock acquired by nodename 48974@fv-az590-525
2023-04-11 11:23:21,276 [pool-79-thread-1] INFO  storage.RaftStorage (RaftStorageImpl.java:format(96)) - Storage directory /home/runner/work/ozone/ozone/hadoop-ozone/integration-test/target/test-dir/MiniOzoneClusterImpl-9bce2823-b07a-4470-87a5-870b50b19846/datanode-0/data/ratis/be83539e-4791-44fc-840f-7affc49c57b1 has been successfully formatted.
2023-04-11 11:23:21,277 [pool-79-thread-1] INFO  ratis.ContainerStateMachine (ContainerStateMachine.java:loadSnapshot(262)) - group-7AFFC49C57B1: The snapshot info is null. Setting the last applied indexto:(t:0, i:~)
2023-04-11 11:23:21,277 [pool-79-thread-1] INFO  server.RaftServerConfigKeys (ConfUtils.java:logGet(46)) - raft.server.log.use.memory = false (default)
2023-04-11 11:23:21,277 [pool-79-thread-1] INFO  server.RaftServerConfigKeys (ConfUtils.java:logGet(46)) - raft.server.log.purge.gap = 1000000 (custom)
2023-04-11 11:23:21,277 [pool-79-thread-1] INFO  server.RaftServerConfigKeys (ConfUtils.java:logGet(46)) - raft.server.log.appender.buffer.byte-limit = 33554432 (custom)
2023-04-11 11:23:21,278 [pool-79-thread-1] INFO  server.RaftServerConfigKeys (ConfUtils.java:logGet(46)) - raft.server.log.statemachine.data.read.timeout = 1000ms (default)
2023-04-11 11:23:21,278 [pool-79-thread-1] INFO  server.RaftServerConfigKeys (ConfUtils.java:logGet(46)) - raft.server.log.purge.preservation.log.num = 0 (default)
2023-04-11 11:23:21,278 [pool-79-thread-1] INFO  server.RaftServerConfigKeys (ConfUtils.java:logGet(46)) - raft.server.log.segment.size.max = 1048576 (custom)
2023-04-11 11:23:21,280 [EventQueue-OpenPipelineForHealthyPipelineSafeModeRule] INFO  safemode.SCMSafeModeManager (HealthyPipelineSafeModeRule.java:process(137)) - SCM in safe mode. Healthy pipelines reported count is 0, required healthy pipeline reported count is 1
2023-04-11 11:23:21,282 [pool-79-thread-1] INFO  server.RaftServerConfigKeys (ConfUtils.java:logGet(46)) - raft.server.log.segment.cache.num.max = 2 (custom)
2023-04-11 11:23:21,282 [pool-79-thread-1] INFO  server.RaftServerConfigKeys (ConfUtils.java:logGet(46)) - raft.server.log.segment.cache.size.max = 200MB (=209715200) (default)
2023-04-11 11:23:21,282 [pool-79-thread-1] INFO  segmented.SegmentedRaftLogWorker (SegmentedRaftLogWorker.java:<init>(189)) - new 243d07fb-de29-4324-a32b-24d5948493a7@group-7AFFC49C57B1-SegmentedRaftLogWorker for RaftStorageImpl:Storage Directory /home/runner/work/ozone/ozone/hadoop-ozone/integration-test/target/test-dir/MiniOzoneClusterImpl-9bce2823-b07a-4470-87a5-870b50b19846/datanode-0/data/ratis/be83539e-4791-44fc-840f-7affc49c57b1
2023-04-11 11:23:21,282 [pool-79-thread-1] INFO  server.RaftServerConfigKeys (ConfUtils.java:logGet(46)) - raft.server.log.queue.byte-limit = 4294967296 (custom)
2023-04-11 11:23:21,282 [pool-79-thread-1] INFO  server.RaftServerConfigKeys (ConfUtils.java:logGet(46)) - raft.server.log.queue.element-limit = 1024 (custom)
2023-04-11 11:23:21,282 [pool-79-thread-1] INFO  server.RaftServerConfigKeys (ConfUtils.java:logGet(46)) - raft.server.log.segment.size.max = 1048576 (custom)
2023-04-11 11:23:21,282 [pool-79-thread-1] INFO  server.RaftServerConfigKeys (ConfUtils.java:logGet(46)) - raft.server.log.preallocated.size = 16384 (custom)
2023-04-11 11:23:21,283 [pool-79-thread-1] INFO  server.RaftServerConfigKeys (ConfUtils.java:logGet(46)) - raft.server.log.force.sync.num = 128 (default)
2023-04-11 11:23:21,283 [pool-79-thread-1] INFO  server.RaftServerConfigKeys (ConfUtils.java:logGet(46)) - raft.server.log.statemachine.data.sync = true (default)
2023-04-11 11:23:21,283 [pool-79-thread-1] INFO  server.RaftServerConfigKeys (ConfUtils.java:logGet(46)) - raft.server.log.statemachine.data.sync.timeout = 10s (default)
2023-04-11 11:23:21,283 [pool-79-thread-1] INFO  server.RaftServerConfigKeys (ConfUtils.java:logGet(46)) - raft.server.log.statemachine.data.sync.timeout.retry = -1 (default)
2023-04-11 11:23:21,284 [pool-79-thread-1] INFO  server.RaftServerConfigKeys (ConfUtils.java:logGet(46)) - raft.server.log.write.buffer.size = 1048576 (custom)
2023-04-11 11:23:21,285 [pool-79-thread-1] INFO  server.RaftServerConfigKeys (ConfUtils.java:logGet(46)) - raft.server.log.appender.buffer.byte-limit = 33554432 (custom)
2023-04-11 11:23:21,290 [pool-79-thread-1] INFO  server.RaftServerConfigKeys (ConfUtils.java:logGet(46)) - raft.server.log.unsafe-flush.enabled = false (default)
2023-04-11 11:23:21,290 [pool-79-thread-1] INFO  server.RaftServerConfigKeys (ConfUtils.java:logGet(46)) - raft.server.log.async-flush.enabled = false (default)
2023-04-11 11:23:21,290 [pool-79-thread-1] INFO  server.RaftServerConfigKeys (ConfUtils.java:logGet(46)) - raft.server.log.statemachine.data.caching.enabled = true (custom)
2023-04-11 11:23:21,290 [pool-79-thread-1] INFO  segmented.SegmentedRaftLogWorker (SegmentedRaftLogWorker.java:lambda$new$0(135)) - 243d07fb-de29-4324-a32b-24d5948493a7@group-7AFFC49C57B1-SegmentedRaftLogWorker: flushIndex: setUnconditionally 0 -> -1
2023-04-11 11:23:21,290 [pool-79-thread-1] INFO  segmented.SegmentedRaftLogWorker (SegmentedRaftLogWorker.java:lambda$new$0(135)) - 243d07fb-de29-4324-a32b-24d5948493a7@group-7AFFC49C57B1-SegmentedRaftLogWorker: safeCacheEvictIndex: setUnconditionally 0 -> -1
2023-04-11 11:23:21,291 [pool-79-thread-1] INFO  server.RaftServer$Division (RaftServerImpl.java:start(334)) - 243d07fb-de29-4324-a32b-24d5948493a7@group-7AFFC49C57B1: start as a follower, conf=-1: peers:[ca122d53-8fd1-4cec-b324-69d908933b08|rpc:10.1.0.37:44515|dataStream:10.1.0.37:34703|priority:0|startupRole:FOLLOWER, 243d07fb-de29-4324-a32b-24d5948493a7|rpc:10.1.0.37:43063|dataStream:10.1.0.37:37595|priority:0|startupRole:FOLLOWER, c75a143a-6faf-4f8e-9847-b3e7e26fc01f|rpc:10.1.0.37:42913|dataStream:10.1.0.37:34813|priority:1|startupRole:FOLLOWER]|listeners:[], old=null
2023-04-11 11:23:21,291 [pool-79-thread-1] INFO  server.RaftServer$Division (RaftServerImpl.java:setRole(321)) - 243d07fb-de29-4324-a32b-24d5948493a7@group-7AFFC49C57B1: changes role from      null to FOLLOWER at term 0 for startAsFollower
2023-04-11 11:23:21,291 [pool-79-thread-1] INFO  impl.RoleInfo (RoleInfo.java:updateAndGet(139)) - 243d07fb-de29-4324-a32b-24d5948493a7: start 243d07fb-de29-4324-a32b-24d5948493a7@group-7AFFC49C57B1-FollowerState
2023-04-11 11:23:21,291 [pool-79-thread-1] INFO  util.JmxRegister (JmxRegister.java:tryRegister(44)) - Successfully registered JMX Bean with object name Ratis:service=RaftServer,group=group-7AFFC49C57B1,id=243d07fb-de29-4324-a32b-24d5948493a7
2023-04-11 11:23:21,291 [pool-79-thread-1] INFO  server.RaftServerConfigKeys (ConfUtils.java:logGet(46)) - raft.server.snapshot.auto.trigger.enabled = true (custom)
2023-04-11 11:23:21,291 [pool-79-thread-1] INFO  server.RaftServerConfigKeys (ConfUtils.java:logGet(46)) - raft.server.snapshot.auto.trigger.threshold = 10000 (custom)
2023-04-11 11:23:21,291 [pool-79-thread-1] INFO  server.RaftServerConfigKeys (ConfUtils.java:logGet(46)) - raft.server.snapshot.retention.file.num = 5 (custom)
2023-04-11 11:23:21,291 [pool-79-thread-1] INFO  server.RaftServerConfigKeys (ConfUtils.java:logGet(46)) - raft.server.log.purge.upto.snapshot.index = false (default)
2023-04-11 11:23:21,292 [243d07fb-de29-4324-a32b-24d5948493a7@group-7AFFC49C57B1-FollowerState] INFO  server.RaftServerConfigKeys (ConfUtils.java:logFallback(53)) - raft.server.rpc.first-election.timeout.min = 5s (fallback to raft.server.rpc.timeout.min)
2023-04-11 11:23:21,304 [Command processor thread] INFO  ratis.XceiverServerRatis (XceiverServerRatis.java:addGroup(806)) - Created group PipelineID=be83539e-4791-44fc-840f-7affc49c57b1
2023-04-11 11:23:21,310 [243d07fb-de29-4324-a32b-24d5948493a7@group-7AFFC49C57B1-FollowerState] INFO  server.RaftServerConfigKeys (ConfUtils.java:logFallback(53)) - raft.server.rpc.first-election.timeout.max = 5200ms (fallback to raft.server.rpc.timeout.max)
2023-04-11 11:23:21,750 [Command processor thread] INFO  server.RaftServer (RaftServerProxy.java:addNew(96)) - c75a143a-6faf-4f8e-9847-b3e7e26fc01f: addNew group-4F0C056CB064:[c75a143a-6faf-4f8e-9847-b3e7e26fc01f|rpc:10.1.0.37:42913|dataStream:10.1.0.37:34813|priority:1|startupRole:FOLLOWER] returns group-4F0C056CB064:java.util.concurrent.CompletableFuture@62ff4caf[Not completed]
2023-04-11 11:23:21,759 [grpc-default-executor-0] INFO  server.RaftServer (RaftServerProxy.java:addNew(96)) - ca122d53-8fd1-4cec-b324-69d908933b08: addNew group-7AFFC49C57B1:[ca122d53-8fd1-4cec-b324-69d908933b08|rpc:10.1.0.37:44515|dataStream:10.1.0.37:34703|priority:0|startupRole:FOLLOWER, 243d07fb-de29-4324-a32b-24d5948493a7|rpc:10.1.0.37:43063|dataStream:10.1.0.37:37595|priority:0|startupRole:FOLLOWER, c75a143a-6faf-4f8e-9847-b3e7e26fc01f|rpc:10.1.0.37:42913|dataStream:10.1.0.37:34813|priority:1|startupRole:FOLLOWER] returns group-7AFFC49C57B1:java.util.concurrent.CompletableFuture@7594a0a4[Not completed]
2023-04-11 11:23:21,760 [pool-101-thread-1] INFO  server.RaftServer$Division (RaftServerImpl.java:<init>(195)) - c75a143a-6faf-4f8e-9847-b3e7e26fc01f: new RaftServerImpl for group-4F0C056CB064:[c75a143a-6faf-4f8e-9847-b3e7e26fc01f|rpc:10.1.0.37:42913|dataStream:10.1.0.37:34813|priority:1|startupRole:FOLLOWER] with ContainerStateMachine:uninitialized
2023-04-11 11:23:21,760 [pool-101-thread-1] INFO  server.RaftServerConfigKeys (ConfUtils.java:logGet(46)) - raft.server.rpc.timeout.min = 5s (custom)
2023-04-11 11:23:21,760 [pool-101-thread-1] INFO  server.RaftServerConfigKeys (ConfUtils.java:logGet(46)) - raft.server.rpc.timeout.max = 5200ms (custom)
2023-04-11 11:23:21,760 [pool-101-thread-1] INFO  server.RaftServerConfigKeys (ConfUtils.java:logGet(46)) - raft.server.rpc.sleep.time = 25ms (default)
2023-04-11 11:23:21,760 [pool-101-thread-1] INFO  server.RaftServerConfigKeys (ConfUtils.java:logGet(46)) - raft.server.rpc.slowness.timeout = 300s (custom)
2023-04-11 11:23:21,760 [pool-101-thread-1] INFO  server.RaftServerConfigKeys (ConfUtils.java:logGet(46)) - raft.server.leaderelection.leader.step-down.wait-time = 10s (default)
2023-04-11 11:23:21,760 [pool-101-thread-1] INFO  server.RaftServerConfigKeys (ConfUtils.java:logGet(46)) - raft.server.sleep.deviation.threshold = 300ms (default)
2023-04-11 11:23:21,760 [pool-101-thread-1] INFO  server.RaftServer$Division (ServerState.java:<init>(118)) - c75a143a-6faf-4f8e-9847-b3e7e26fc01f@group-4F0C056CB064: ConfigurationManager, init=-1: peers:[c75a143a-6faf-4f8e-9847-b3e7e26fc01f|rpc:10.1.0.37:42913|dataStream:10.1.0.37:34813|priority:1|startupRole:FOLLOWER]|listeners:[], old=null, confs=<EMPTY_MAP>
2023-04-11 11:23:21,760 [pool-101-thread-1] INFO  server.RaftServerConfigKeys (ConfUtils.java:logGet(46)) - raft.server.storage.dir = [/home/runner/work/ozone/ozone/hadoop-ozone/integration-test/target/test-dir/MiniOzoneClusterImpl-9bce2823-b07a-4470-87a5-870b50b19846/datanode-1/data/ratis] (custom)
2023-04-11 11:23:21,761 [pool-101-thread-1] INFO  server.RaftServerConfigKeys (ConfUtils.java:logGet(46)) - raft.server.log.corruption.policy = EXCEPTION (default)
2023-04-11 11:23:21,761 [pool-101-thread-1] INFO  server.RaftServerConfigKeys (ConfUtils.java:logGet(46)) - raft.server.storage.free-space.min = 0MB (=0) (default)
2023-04-11 11:23:21,761 [pool-101-thread-1] INFO  server.RaftServerConfigKeys (ConfUtils.java:logGet(46)) - raft.server.notification.no-leader.timeout = 300s (custom)
2023-04-11 11:23:21,761 [pool-101-thread-1] INFO  server.RaftServerConfigKeys (ConfUtils.java:logGet(46)) - raft.server.retrycache.expirytime = 600000ms (custom)
2023-04-11 11:23:21,761 [pool-101-thread-1] INFO  server.RaftServerConfigKeys (ConfUtils.java:logGet(46)) - raft.server.retrycache.statistics.expirytime = 100μs (default)
2023-04-11 11:23:21,761 [pool-123-thread-1] INFO  server.RaftServer$Division (RaftServerImpl.java:<init>(195)) - ca122d53-8fd1-4cec-b324-69d908933b08: new RaftServerImpl for group-7AFFC49C57B1:[ca122d53-8fd1-4cec-b324-69d908933b08|rpc:10.1.0.37:44515|dataStream:10.1.0.37:34703|priority:0|startupRole:FOLLOWER, 243d07fb-de29-4324-a32b-24d5948493a7|rpc:10.1.0.37:43063|dataStream:10.1.0.37:37595|priority:0|startupRole:FOLLOWER, c75a143a-6faf-4f8e-9847-b3e7e26fc01f|rpc:10.1.0.37:42913|dataStream:10.1.0.37:34813|priority:1|startupRole:FOLLOWER] with ContainerStateMachine:uninitialized
2023-04-11 11:23:21,762 [pool-123-thread-1] INFO  server.RaftServerConfigKeys (ConfUtils.java:logGet(46)) - raft.server.rpc.timeout.min = 5s (custom)
2023-04-11 11:23:21,762 [pool-123-thread-1] INFO  server.RaftServerConfigKeys (ConfUtils.java:logGet(46)) - raft.server.rpc.timeout.max = 5200ms (custom)
2023-04-11 11:23:21,762 [pool-123-thread-1] INFO  server.RaftServerConfigKeys (ConfUtils.java:logGet(46)) - raft.server.rpc.sleep.time = 25ms (default)
2023-04-11 11:23:21,762 [pool-123-thread-1] INFO  server.RaftServerConfigKeys (ConfUtils.java:logGet(46)) - raft.server.rpc.slowness.timeout = 300s (custom)
2023-04-11 11:23:21,762 [pool-123-thread-1] INFO  server.RaftServerConfigKeys (ConfUtils.java:logGet(46)) - raft.server.leaderelection.leader.step-down.wait-time = 10s (default)
2023-04-11 11:23:21,762 [pool-123-thread-1] INFO  server.RaftServerConfigKeys (ConfUtils.java:logGet(46)) - raft.server.sleep.deviation.threshold = 300ms (default)
2023-04-11 11:23:21,762 [pool-123-thread-1] INFO  server.RaftServer$Division (ServerState.java:<init>(118)) - ca122d53-8fd1-4cec-b324-69d908933b08@group-7AFFC49C57B1: ConfigurationManager, init=-1: peers:[ca122d53-8fd1-4cec-b324-69d908933b08|rpc:10.1.0.37:44515|dataStream:10.1.0.37:34703|priority:0|startupRole:FOLLOWER, 243d07fb-de29-4324-a32b-24d5948493a7|rpc:10.1.0.37:43063|dataStream:10.1.0.37:37595|priority:0|startupRole:FOLLOWER, c75a143a-6faf-4f8e-9847-b3e7e26fc01f|rpc:10.1.0.37:42913|dataStream:10.1.0.37:34813|priority:1|startupRole:FOLLOWER]|listeners:[], old=null, confs=<EMPTY_MAP>
2023-04-11 11:23:21,763 [pool-123-thread-1] INFO  server.RaftServerConfigKeys (ConfUtils.java:logGet(46)) - raft.server.storage.dir = [/home/runner/work/ozone/ozone/hadoop-ozone/integration-test/target/test-dir/MiniOzoneClusterImpl-9bce2823-b07a-4470-87a5-870b50b19846/datanode-2/data/ratis] (custom)
2023-04-11 11:23:21,763 [pool-123-thread-1] INFO  server.RaftServerConfigKeys (ConfUtils.java:logGet(46)) - raft.server.log.corruption.policy = EXCEPTION (default)
2023-04-11 11:23:21,763 [pool-123-thread-1] INFO  server.RaftServerConfigKeys (ConfUtils.java:logGet(46)) - raft.server.storage.free-space.min = 0MB (=0) (default)
2023-04-11 11:23:21,763 [pool-123-thread-1] INFO  server.RaftServerConfigKeys (ConfUtils.java:logGet(46)) - raft.server.notification.no-leader.timeout = 300s (custom)
2023-04-11 11:23:21,763 [pool-123-thread-1] INFO  server.RaftServerConfigKeys (ConfUtils.java:logGet(46)) - raft.server.retrycache.expirytime = 600000ms (custom)
2023-04-11 11:23:21,763 [pool-123-thread-1] INFO  server.RaftServerConfigKeys (ConfUtils.java:logGet(46)) - raft.server.retrycache.statistics.expirytime = 100μs (default)
2023-04-11 11:23:21,765 [pool-123-thread-1] INFO  server.RaftServerConfigKeys (ConfUtils.java:logGet(46)) - raft.server.log.appender.install.snapshot.enabled = false (custom)
2023-04-11 11:23:21,765 [pool-123-thread-1] INFO  server.RaftServerConfigKeys (ConfUtils.java:logGet(46)) - raft.server.threadpool.server.cached = true (default)
2023-04-11 11:23:21,765 [pool-123-thread-1] INFO  server.RaftServerConfigKeys (ConfUtils.java:logGet(46)) - raft.server.threadpool.server.size = 0 (default)
2023-04-11 11:23:21,765 [pool-123-thread-1] INFO  server.RaftServerConfigKeys (ConfUtils.java:logGet(46)) - raft.server.threadpool.client.cached = true (default)
2023-04-11 11:23:21,765 [pool-123-thread-1] INFO  server.RaftServerConfigKeys (ConfUtils.java:logGet(46)) - raft.server.threadpool.client.size = 0 (default)
2023-04-11 11:23:21,765 [pool-123-thread-1] INFO  storage.RaftStorageDirectory (RaftStorageDirectoryImpl.java:analyzeStorage(137)) - The storage directory /home/runner/work/ozone/ozone/hadoop-ozone/integration-test/target/test-dir/MiniOzoneClusterImpl-9bce2823-b07a-4470-87a5-870b50b19846/datanode-2/data/ratis/be83539e-4791-44fc-840f-7affc49c57b1 does not exist. Creating ...
2023-04-11 11:23:21,767 [pool-101-thread-1] INFO  server.RaftServerConfigKeys (ConfUtils.java:logGet(46)) - raft.server.log.appender.install.snapshot.enabled = false (custom)
2023-04-11 11:23:21,777 [pool-101-thread-1] INFO  server.RaftServerConfigKeys (ConfUtils.java:logGet(46)) - raft.server.threadpool.server.cached = true (default)
2023-04-11 11:23:21,777 [pool-101-thread-1] INFO  server.RaftServerConfigKeys (ConfUtils.java:logGet(46)) - raft.server.threadpool.server.size = 0 (default)
2023-04-11 11:23:21,777 [pool-101-thread-1] INFO  server.RaftServerConfigKeys (ConfUtils.java:logGet(46)) - raft.server.threadpool.client.cached = true (default)
2023-04-11 11:23:21,777 [pool-101-thread-1] INFO  server.RaftServerConfigKeys (ConfUtils.java:logGet(46)) - raft.server.threadpool.client.size = 0 (default)
2023-04-11 11:23:21,778 [pool-101-thread-1] INFO  storage.RaftStorageDirectory (RaftStorageDirectoryImpl.java:analyzeStorage(137)) - The storage directory /home/runner/work/ozone/ozone/hadoop-ozone/integration-test/target/test-dir/MiniOzoneClusterImpl-9bce2823-b07a-4470-87a5-870b50b19846/datanode-1/data/ratis/d15c7985-e906-4bb9-9105-4f0c056cb064 does not exist. Creating ...
2023-04-11 11:23:21,778 [pool-123-thread-1] INFO  storage.RaftStorageDirectory (RaftStorageDirectoryImpl.java:tryLock(231)) - Lock on /home/runner/work/ozone/ozone/hadoop-ozone/integration-test/target/test-dir/MiniOzoneClusterImpl-9bce2823-b07a-4470-87a5-870b50b19846/datanode-2/data/ratis/be83539e-4791-44fc-840f-7affc49c57b1/in_use.lock acquired by nodename 48974@fv-az590-525
2023-04-11 11:23:21,780 [pool-101-thread-1] INFO  storage.RaftStorageDirectory (RaftStorageDirectoryImpl.java:tryLock(231)) - Lock on /home/runner/work/ozone/ozone/hadoop-ozone/integration-test/target/test-dir/MiniOzoneClusterImpl-9bce2823-b07a-4470-87a5-870b50b19846/datanode-1/data/ratis/d15c7985-e906-4bb9-9105-4f0c056cb064/in_use.lock acquired by nodename 48974@fv-az590-525
2023-04-11 11:23:21,780 [pool-123-thread-1] INFO  storage.RaftStorage (RaftStorageImpl.java:format(96)) - Storage directory /home/runner/work/ozone/ozone/hadoop-ozone/integration-test/target/test-dir/MiniOzoneClusterImpl-9bce2823-b07a-4470-87a5-870b50b19846/datanode-2/data/ratis/be83539e-4791-44fc-840f-7affc49c57b1 has been successfully formatted.
2023-04-11 11:23:21,782 [pool-101-thread-1] INFO  storage.RaftStorage (RaftStorageImpl.java:format(96)) - Storage directory /home/runner/work/ozone/ozone/hadoop-ozone/integration-test/target/test-dir/MiniOzoneClusterImpl-9bce2823-b07a-4470-87a5-870b50b19846/datanode-1/data/ratis/d15c7985-e906-4bb9-9105-4f0c056cb064 has been successfully formatted.
2023-04-11 11:23:21,782 [pool-123-thread-1] INFO  ratis.ContainerStateMachine (ContainerStateMachine.java:loadSnapshot(262)) - group-7AFFC49C57B1: The snapshot info is null. Setting the last applied indexto:(t:0, i:~)
2023-04-11 11:23:21,784 [pool-123-thread-1] INFO  server.RaftServerConfigKeys (ConfUtils.java:logGet(46)) - raft.server.log.use.memory = false (default)
2023-04-11 11:23:21,784 [pool-123-thread-1] INFO  server.RaftServerConfigKeys (ConfUtils.java:logGet(46)) - raft.server.log.purge.gap = 1000000 (custom)
2023-04-11 11:23:21,784 [pool-123-thread-1] INFO  server.RaftServerConfigKeys (ConfUtils.java:logGet(46)) - raft.server.log.appender.buffer.byte-limit = 33554432 (custom)
2023-04-11 11:23:21,784 [pool-123-thread-1] INFO  server.RaftServerConfigKeys (ConfUtils.java:logGet(46)) - raft.server.log.statemachine.data.read.timeout = 1000ms (default)
2023-04-11 11:23:21,784 [pool-123-thread-1] INFO  server.RaftServerConfigKeys (ConfUtils.java:logGet(46)) - raft.server.log.purge.preservation.log.num = 0 (default)
2023-04-11 11:23:21,784 [pool-123-thread-1] INFO  server.RaftServerConfigKeys (ConfUtils.java:logGet(46)) - raft.server.log.segment.size.max = 1048576 (custom)
2023-04-11 11:23:21,786 [pool-101-thread-1] INFO  ratis.ContainerStateMachine (ContainerStateMachine.java:loadSnapshot(262)) - group-4F0C056CB064: The snapshot info is null. Setting the last applied indexto:(t:0, i:~)
2023-04-11 11:23:21,786 [pool-101-thread-1] INFO  server.RaftServerConfigKeys (ConfUtils.java:logGet(46)) - raft.server.log.use.memory = false (default)
2023-04-11 11:23:21,786 [pool-101-thread-1] INFO  server.RaftServerConfigKeys (ConfUtils.java:logGet(46)) - raft.server.log.purge.gap = 1000000 (custom)
2023-04-11 11:23:21,786 [pool-101-thread-1] INFO  server.RaftServerConfigKeys (ConfUtils.java:logGet(46)) - raft.server.log.appender.buffer.byte-limit = 33554432 (custom)
2023-04-11 11:23:21,786 [pool-101-thread-1] INFO  server.RaftServerConfigKeys (ConfUtils.java:logGet(46)) - raft.server.log.statemachine.data.read.timeout = 1000ms (default)
2023-04-11 11:23:21,787 [pool-101-thread-1] INFO  server.RaftServerConfigKeys (ConfUtils.java:logGet(46)) - raft.server.log.purge.preservation.log.num = 0 (default)
2023-04-11 11:23:21,787 [pool-101-thread-1] INFO  server.RaftServerConfigKeys (ConfUtils.java:logGet(46)) - raft.server.log.segment.size.max = 1048576 (custom)
2023-04-11 11:23:21,791 [pool-101-thread-1] INFO  server.RaftServerConfigKeys (ConfUtils.java:logGet(46)) - raft.server.log.segment.cache.num.max = 2 (custom)
2023-04-11 11:23:21,791 [pool-123-thread-1] INFO  server.RaftServerConfigKeys (ConfUtils.java:logGet(46)) - raft.server.log.segment.cache.num.max = 2 (custom)
2023-04-11 11:23:21,791 [pool-123-thread-1] INFO  server.RaftServerConfigKeys (ConfUtils.java:logGet(46)) - raft.server.log.segment.cache.size.max = 200MB (=209715200) (default)
2023-04-11 11:23:21,792 [pool-123-thread-1] INFO  segmented.SegmentedRaftLogWorker (SegmentedRaftLogWorker.java:<init>(189)) - new ca122d53-8fd1-4cec-b324-69d908933b08@group-7AFFC49C57B1-SegmentedRaftLogWorker for RaftStorageImpl:Storage Directory /home/runner/work/ozone/ozone/hadoop-ozone/integration-test/target/test-dir/MiniOzoneClusterImpl-9bce2823-b07a-4470-87a5-870b50b19846/datanode-2/data/ratis/be83539e-4791-44fc-840f-7affc49c57b1
2023-04-11 11:23:21,792 [pool-123-thread-1] INFO  server.RaftServerConfigKeys (ConfUtils.java:logGet(46)) - raft.server.log.queue.byte-limit = 4294967296 (custom)
2023-04-11 11:23:21,792 [pool-123-thread-1] INFO  server.RaftServerConfigKeys (ConfUtils.java:logGet(46)) - raft.server.log.queue.element-limit = 1024 (custom)
2023-04-11 11:23:21,792 [pool-123-thread-1] INFO  server.RaftServerConfigKeys (ConfUtils.java:logGet(46)) - raft.server.log.segment.size.max = 1048576 (custom)
2023-04-11 11:23:21,792 [pool-123-thread-1] INFO  server.RaftServerConfigKeys (ConfUtils.java:logGet(46)) - raft.server.log.preallocated.size = 16384 (custom)
2023-04-11 11:23:21,791 [pool-101-thread-1] INFO  server.RaftServerConfigKeys (ConfUtils.java:logGet(46)) - raft.server.log.segment.cache.size.max = 200MB (=209715200) (default)
2023-04-11 11:23:21,792 [pool-101-thread-1] INFO  segmented.SegmentedRaftLogWorker (SegmentedRaftLogWorker.java:<init>(189)) - new c75a143a-6faf-4f8e-9847-b3e7e26fc01f@group-4F0C056CB064-SegmentedRaftLogWorker for RaftStorageImpl:Storage Directory /home/runner/work/ozone/ozone/hadoop-ozone/integration-test/target/test-dir/MiniOzoneClusterImpl-9bce2823-b07a-4470-87a5-870b50b19846/datanode-1/data/ratis/d15c7985-e906-4bb9-9105-4f0c056cb064
2023-04-11 11:23:21,793 [pool-101-thread-1] INFO  server.RaftServerConfigKeys (ConfUtils.java:logGet(46)) - raft.server.log.queue.byte-limit = 4294967296 (custom)
2023-04-11 11:23:21,793 [pool-101-thread-1] INFO  server.RaftServerConfigKeys (ConfUtils.java:logGet(46)) - raft.server.log.queue.element-limit = 1024 (custom)
2023-04-11 11:23:21,793 [pool-101-thread-1] INFO  server.RaftServerConfigKeys (ConfUtils.java:logGet(46)) - raft.server.log.segment.size.max = 1048576 (custom)
2023-04-11 11:23:21,793 [pool-101-thread-1] INFO  server.RaftServerConfigKeys (ConfUtils.java:logGet(46)) - raft.server.log.preallocated.size = 16384 (custom)
2023-04-11 11:23:21,793 [pool-101-thread-1] INFO  server.RaftServerConfigKeys (ConfUtils.java:logGet(46)) - raft.server.log.force.sync.num = 128 (default)
2023-04-11 11:23:21,793 [pool-101-thread-1] INFO  server.RaftServerConfigKeys (ConfUtils.java:logGet(46)) - raft.server.log.statemachine.data.sync = true (default)
2023-04-11 11:23:21,793 [pool-101-thread-1] INFO  server.RaftServerConfigKeys (ConfUtils.java:logGet(46)) - raft.server.log.statemachine.data.sync.timeout = 10s (default)
2023-04-11 11:23:21,793 [pool-101-thread-1] INFO  server.RaftServerConfigKeys (ConfUtils.java:logGet(46)) - raft.server.log.statemachine.data.sync.timeout.retry = -1 (default)
2023-04-11 11:23:21,792 [pool-123-thread-1] INFO  server.RaftServerConfigKeys (ConfUtils.java:logGet(46)) - raft.server.log.force.sync.num = 128 (default)
2023-04-11 11:23:21,792 [EventQueue-PipelineReportForPipelineReportHandler] INFO  pipeline.PipelineManagerImpl (PipelineManagerImpl.java:openPipeline(367)) - Pipeline Pipeline[ Id: d15c7985-e906-4bb9-9105-4f0c056cb064, Nodes: c75a143a-6faf-4f8e-9847-b3e7e26fc01f(fv-az590-525.scpgifznvsounmmscp2whtfmwe.cx.internal.cloudapp.net/10.1.0.37), ReplicationConfig: RATIS/ONE, State:ALLOCATED, leaderId:c75a143a-6faf-4f8e-9847-b3e7e26fc01f, CreationTimestamp2023-04-11T11:23:18.730Z[Etc/UTC]] moved to OPEN state
2023-04-11 11:23:21,794 [pool-101-thread-1] INFO  server.RaftServerConfigKeys (ConfUtils.java:logGet(46)) - raft.server.log.write.buffer.size = 1048576 (custom)
2023-04-11 11:23:21,794 [pool-101-thread-1] INFO  server.RaftServerConfigKeys (ConfUtils.java:logGet(46)) - raft.server.log.appender.buffer.byte-limit = 33554432 (custom)
2023-04-11 11:23:21,794 [EventQueue-OpenPipelineForHealthyPipelineSafeModeRule] INFO  safemode.SCMSafeModeManager (HealthyPipelineSafeModeRule.java:process(137)) - SCM in safe mode. Healthy pipelines reported count is 0, required healthy pipeline reported count is 1
2023-04-11 11:23:21,795 [pool-123-thread-1] INFO  server.RaftServerConfigKeys (ConfUtils.java:logGet(46)) - raft.server.log.statemachine.data.sync = true (default)
2023-04-11 11:23:21,795 [pool-123-thread-1] INFO  server.RaftServerConfigKeys (ConfUtils.java:logGet(46)) - raft.server.log.statemachine.data.sync.timeout = 10s (default)
2023-04-11 11:23:21,795 [pool-123-thread-1] INFO  server.RaftServerConfigKeys (ConfUtils.java:logGet(46)) - raft.server.log.statemachine.data.sync.timeout.retry = -1 (default)
2023-04-11 11:23:21,795 [pool-123-thread-1] INFO  server.RaftServerConfigKeys (ConfUtils.java:logGet(46)) - raft.server.log.write.buffer.size = 1048576 (custom)
2023-04-11 11:23:21,796 [pool-123-thread-1] INFO  server.RaftServerConfigKeys (ConfUtils.java:logGet(46)) - raft.server.log.appender.buffer.byte-limit = 33554432 (custom)
2023-04-11 11:23:21,799 [pool-101-thread-1] INFO  server.RaftServerConfigKeys (ConfUtils.java:logGet(46)) - raft.server.log.unsafe-flush.enabled = false (default)
2023-04-11 11:23:21,800 [pool-101-thread-1] INFO  server.RaftServerConfigKeys (ConfUtils.java:logGet(46)) - raft.server.log.async-flush.enabled = false (default)
2023-04-11 11:23:21,800 [pool-101-thread-1] INFO  server.RaftServerConfigKeys (ConfUtils.java:logGet(46)) - raft.server.log.statemachine.data.caching.enabled = true (custom)
2023-04-11 11:23:21,801 [pool-101-thread-1] INFO  segmented.SegmentedRaftLogWorker (SegmentedRaftLogWorker.java:lambda$new$0(135)) - c75a143a-6faf-4f8e-9847-b3e7e26fc01f@group-4F0C056CB064-SegmentedRaftLogWorker: flushIndex: setUnconditionally 0 -> -1
2023-04-11 11:23:21,801 [pool-101-thread-1] INFO  segmented.SegmentedRaftLogWorker (SegmentedRaftLogWorker.java:lambda$new$0(135)) - c75a143a-6faf-4f8e-9847-b3e7e26fc01f@group-4F0C056CB064-SegmentedRaftLogWorker: safeCacheEvictIndex: setUnconditionally 0 -> -1
2023-04-11 11:23:21,806 [pool-101-thread-1] INFO  server.RaftServer$Division (RaftServerImpl.java:start(334)) - c75a143a-6faf-4f8e-9847-b3e7e26fc01f@group-4F0C056CB064: start as a follower, conf=-1: peers:[c75a143a-6faf-4f8e-9847-b3e7e26fc01f|rpc:10.1.0.37:42913|dataStream:10.1.0.37:34813|priority:1|startupRole:FOLLOWER]|listeners:[], old=null
2023-04-11 11:23:21,806 [pool-101-thread-1] INFO  server.RaftServer$Division (RaftServerImpl.java:setRole(321)) - c75a143a-6faf-4f8e-9847-b3e7e26fc01f@group-4F0C056CB064: changes role from      null to FOLLOWER at term 0 for startAsFollower
2023-04-11 11:23:21,806 [pool-101-thread-1] INFO  impl.RoleInfo (RoleInfo.java:updateAndGet(139)) - c75a143a-6faf-4f8e-9847-b3e7e26fc01f: start c75a143a-6faf-4f8e-9847-b3e7e26fc01f@group-4F0C056CB064-FollowerState
2023-04-11 11:23:21,806 [pool-123-thread-1] INFO  server.RaftServerConfigKeys (ConfUtils.java:logGet(46)) - raft.server.log.unsafe-flush.enabled = false (default)
2023-04-11 11:23:21,806 [pool-123-thread-1] INFO  server.RaftServerConfigKeys (ConfUtils.java:logGet(46)) - raft.server.log.async-flush.enabled = false (default)
2023-04-11 11:23:21,806 [pool-123-thread-1] INFO  server.RaftServerConfigKeys (ConfUtils.java:logGet(46)) - raft.server.log.statemachine.data.caching.enabled = true (custom)
2023-04-11 11:23:21,806 [pool-123-thread-1] INFO  segmented.SegmentedRaftLogWorker (SegmentedRaftLogWorker.java:lambda$new$0(135)) - ca122d53-8fd1-4cec-b324-69d908933b08@group-7AFFC49C57B1-SegmentedRaftLogWorker: flushIndex: setUnconditionally 0 -> -1
2023-04-11 11:23:21,806 [pool-123-thread-1] INFO  segmented.SegmentedRaftLogWorker (SegmentedRaftLogWorker.java:lambda$new$0(135)) - ca122d53-8fd1-4cec-b324-69d908933b08@group-7AFFC49C57B1-SegmentedRaftLogWorker: safeCacheEvictIndex: setUnconditionally 0 -> -1
2023-04-11 11:23:21,809 [c75a143a-6faf-4f8e-9847-b3e7e26fc01f@group-4F0C056CB064-FollowerState] INFO  server.RaftServerConfigKeys (ConfUtils.java:logFallback(53)) - raft.server.rpc.first-election.timeout.min = 5s (fallback to raft.server.rpc.timeout.min)
2023-04-11 11:23:21,809 [c75a143a-6faf-4f8e-9847-b3e7e26fc01f@group-4F0C056CB064-FollowerState] INFO  server.RaftServerConfigKeys (ConfUtils.java:logFallback(53)) - raft.server.rpc.first-election.timeout.max = 5200ms (fallback to raft.server.rpc.timeout.max)
2023-04-11 11:23:21,809 [pool-123-thread-1] INFO  server.RaftServer$Division (RaftServerImpl.java:start(334)) - ca122d53-8fd1-4cec-b324-69d908933b08@group-7AFFC49C57B1: start as a follower, conf=-1: peers:[ca122d53-8fd1-4cec-b324-69d908933b08|rpc:10.1.0.37:44515|dataStream:10.1.0.37:34703|priority:0|startupRole:FOLLOWER, 243d07fb-de29-4324-a32b-24d5948493a7|rpc:10.1.0.37:43063|dataStream:10.1.0.37:37595|priority:0|startupRole:FOLLOWER, c75a143a-6faf-4f8e-9847-b3e7e26fc01f|rpc:10.1.0.37:42913|dataStream:10.1.0.37:34813|priority:1|startupRole:FOLLOWER]|listeners:[], old=null
2023-04-11 11:23:21,809 [pool-123-thread-1] INFO  server.RaftServer$Division (RaftServerImpl.java:setRole(321)) - ca122d53-8fd1-4cec-b324-69d908933b08@group-7AFFC49C57B1: changes role from      null to FOLLOWER at term 0 for startAsFollower
2023-04-11 11:23:21,809 [pool-123-thread-1] INFO  impl.RoleInfo (RoleInfo.java:updateAndGet(139)) - ca122d53-8fd1-4cec-b324-69d908933b08: start ca122d53-8fd1-4cec-b324-69d908933b08@group-7AFFC49C57B1-FollowerState
2023-04-11 11:23:21,809 [pool-101-thread-1] INFO  util.JmxRegister (JmxRegister.java:tryRegister(44)) - Successfully registered JMX Bean with object name Ratis:service=RaftServer,group=group-4F0C056CB064,id=c75a143a-6faf-4f8e-9847-b3e7e26fc01f
2023-04-11 11:23:21,830 [ca122d53-8fd1-4cec-b324-69d908933b08@group-7AFFC49C57B1-FollowerState] INFO  server.RaftServerConfigKeys (ConfUtils.java:logFallback(53)) - raft.server.rpc.first-election.timeout.min = 5s (fallback to raft.server.rpc.timeout.min)
2023-04-11 11:23:21,831 [ca122d53-8fd1-4cec-b324-69d908933b08@group-7AFFC49C57B1-FollowerState] INFO  server.RaftServerConfigKeys (ConfUtils.java:logFallback(53)) - raft.server.rpc.first-election.timeout.max = 5200ms (fallback to raft.server.rpc.timeout.max)
2023-04-11 11:23:21,813 [pool-123-thread-1] INFO  util.JmxRegister (JmxRegister.java:tryRegister(44)) - Successfully registered JMX Bean with object name Ratis:service=RaftServer,group=group-7AFFC49C57B1,id=ca122d53-8fd1-4cec-b324-69d908933b08
2023-04-11 11:23:21,831 [pool-123-thread-1] INFO  server.RaftServerConfigKeys (ConfUtils.java:logGet(46)) - raft.server.snapshot.auto.trigger.enabled = true (custom)
2023-04-11 11:23:21,831 [pool-123-thread-1] INFO  server.RaftServerConfigKeys (ConfUtils.java:logGet(46)) - raft.server.snapshot.auto.trigger.threshold = 10000 (custom)
2023-04-11 11:23:21,832 [pool-123-thread-1] INFO  server.RaftServerConfigKeys (ConfUtils.java:logGet(46)) - raft.server.snapshot.retention.file.num = 5 (custom)
2023-04-11 11:23:21,827 [Listener at 127.0.0.1/36763] INFO  ozone.MiniOzoneClusterImpl (MiniOzoneClusterImpl.java:lambda$waitForClusterToBeReady$0(222)) - Nodes are ready. Got 5 of 5 DN Heartbeats.
2023-04-11 11:23:21,832 [Listener at 127.0.0.1/36763] INFO  ozone.MiniOzoneClusterImpl (MiniOzoneClusterImpl.java:lambda$waitForClusterToBeReady$0(225)) - Waiting for cluster to exit safe mode
2023-04-11 11:23:21,832 [Listener at 127.0.0.1/36763] INFO  ozone.MiniOzoneClusterImpl (MiniOzoneClusterImpl.java:lambda$waitForClusterToBeReady$0(227)) - SCM became leader
2023-04-11 11:23:21,832 [pool-123-thread-1] INFO  server.RaftServerConfigKeys (ConfUtils.java:logGet(46)) - raft.server.log.purge.upto.snapshot.index = false (default)
2023-04-11 11:23:21,831 [pool-101-thread-1] INFO  server.RaftServerConfigKeys (ConfUtils.java:logGet(46)) - raft.server.snapshot.auto.trigger.enabled = true (custom)
2023-04-11 11:23:21,834 [pool-101-thread-1] INFO  server.RaftServerConfigKeys (ConfUtils.java:logGet(46)) - raft.server.snapshot.auto.trigger.threshold = 10000 (custom)
2023-04-11 11:23:21,834 [pool-101-thread-1] INFO  server.RaftServerConfigKeys (ConfUtils.java:logGet(46)) - raft.server.snapshot.retention.file.num = 5 (custom)
2023-04-11 11:23:21,834 [pool-101-thread-1] INFO  server.RaftServerConfigKeys (ConfUtils.java:logGet(46)) - raft.server.log.purge.upto.snapshot.index = false (default)
2023-04-11 11:23:21,843 [Command processor thread] INFO  ratis.XceiverServerRatis (XceiverServerRatis.java:addGroup(806)) - Created group PipelineID=d15c7985-e906-4bb9-9105-4f0c056cb064
2023-04-11 11:23:21,843 [Command processor thread] INFO  commandhandler.CreatePipelineCommandHandler (CreatePipelineCommandHandler.java:handle(113)) - Created Pipeline RATIS ONE PipelineID=d15c7985-e906-4bb9-9105-4f0c056cb064.
2023-04-11 11:23:21,844 [Command processor thread] INFO  server.RaftServer (RaftServerProxy.java:addNew(96)) - c75a143a-6faf-4f8e-9847-b3e7e26fc01f: addNew group-7AFFC49C57B1:[ca122d53-8fd1-4cec-b324-69d908933b08|rpc:10.1.0.37:44515|dataStream:10.1.0.37:34703|priority:0|startupRole:FOLLOWER, 243d07fb-de29-4324-a32b-24d5948493a7|rpc:10.1.0.37:43063|dataStream:10.1.0.37:37595|priority:0|startupRole:FOLLOWER, c75a143a-6faf-4f8e-9847-b3e7e26fc01f|rpc:10.1.0.37:42913|dataStream:10.1.0.37:34813|priority:1|startupRole:FOLLOWER] returns group-7AFFC49C57B1:java.util.concurrent.CompletableFuture@66c0c428[Not completed]
2023-04-11 11:23:21,846 [pool-101-thread-1] INFO  server.RaftServer$Division (RaftServerImpl.java:<init>(195)) - c75a143a-6faf-4f8e-9847-b3e7e26fc01f: new RaftServerImpl for group-7AFFC49C57B1:[ca122d53-8fd1-4cec-b324-69d908933b08|rpc:10.1.0.37:44515|dataStream:10.1.0.37:34703|priority:0|startupRole:FOLLOWER, 243d07fb-de29-4324-a32b-24d5948493a7|rpc:10.1.0.37:43063|dataStream:10.1.0.37:37595|priority:0|startupRole:FOLLOWER, c75a143a-6faf-4f8e-9847-b3e7e26fc01f|rpc:10.1.0.37:42913|dataStream:10.1.0.37:34813|priority:1|startupRole:FOLLOWER] with ContainerStateMachine:uninitialized
2023-04-11 11:23:21,846 [pool-101-thread-1] INFO  server.RaftServerConfigKeys (ConfUtils.java:logGet(46)) - raft.server.rpc.timeout.min = 5s (custom)
2023-04-11 11:23:21,846 [pool-101-thread-1] INFO  server.RaftServerConfigKeys (ConfUtils.java:logGet(46)) - raft.server.rpc.timeout.max = 5200ms (custom)
2023-04-11 11:23:21,846 [pool-101-thread-1] INFO  server.RaftServerConfigKeys (ConfUtils.java:logGet(46)) - raft.server.rpc.sleep.time = 25ms (default)
2023-04-11 11:23:21,846 [pool-101-thread-1] INFO  server.RaftServerConfigKeys (ConfUtils.java:logGet(46)) - raft.server.rpc.slowness.timeout = 300s (custom)
2023-04-11 11:23:21,846 [pool-101-thread-1] INFO  server.RaftServerConfigKeys (ConfUtils.java:logGet(46)) - raft.server.leaderelection.leader.step-down.wait-time = 10s (default)
2023-04-11 11:23:21,847 [pool-101-thread-1] INFO  server.RaftServerConfigKeys (ConfUtils.java:logGet(46)) - raft.server.sleep.deviation.threshold = 300ms (default)
2023-04-11 11:23:21,847 [pool-101-thread-1] INFO  server.RaftServer$Division (ServerState.java:<init>(118)) - c75a143a-6faf-4f8e-9847-b3e7e26fc01f@group-7AFFC49C57B1: ConfigurationManager, init=-1: peers:[ca122d53-8fd1-4cec-b324-69d908933b08|rpc:10.1.0.37:44515|dataStream:10.1.0.37:34703|priority:0|startupRole:FOLLOWER, 243d07fb-de29-4324-a32b-24d5948493a7|rpc:10.1.0.37:43063|dataStream:10.1.0.37:37595|priority:0|startupRole:FOLLOWER, c75a143a-6faf-4f8e-9847-b3e7e26fc01f|rpc:10.1.0.37:42913|dataStream:10.1.0.37:34813|priority:1|startupRole:FOLLOWER]|listeners:[], old=null, confs=<EMPTY_MAP>
2023-04-11 11:23:21,847 [pool-101-thread-1] INFO  server.RaftServerConfigKeys (ConfUtils.java:logGet(46)) - raft.server.storage.dir = [/home/runner/work/ozone/ozone/hadoop-ozone/integration-test/target/test-dir/MiniOzoneClusterImpl-9bce2823-b07a-4470-87a5-870b50b19846/datanode-1/data/ratis] (custom)
2023-04-11 11:23:21,847 [pool-101-thread-1] INFO  server.RaftServerConfigKeys (ConfUtils.java:logGet(46)) - raft.server.log.corruption.policy = EXCEPTION (default)
2023-04-11 11:23:21,847 [pool-101-thread-1] INFO  server.RaftServerConfigKeys (ConfUtils.java:logGet(46)) - raft.server.storage.free-space.min = 0MB (=0) (default)
2023-04-11 11:23:21,847 [pool-101-thread-1] INFO  server.RaftServerConfigKeys (ConfUtils.java:logGet(46)) - raft.server.notification.no-leader.timeout = 300s (custom)
2023-04-11 11:23:21,847 [pool-101-thread-1] INFO  server.RaftServerConfigKeys (ConfUtils.java:logGet(46)) - raft.server.retrycache.expirytime = 600000ms (custom)
2023-04-11 11:23:21,847 [pool-101-thread-1] INFO  server.RaftServerConfigKeys (ConfUtils.java:logGet(46)) - raft.server.retrycache.statistics.expirytime = 100μs (default)
2023-04-11 11:23:21,848 [pool-101-thread-1] INFO  server.RaftServerConfigKeys (ConfUtils.java:logGet(46)) - raft.server.log.appender.install.snapshot.enabled = false (custom)
2023-04-11 11:23:21,848 [pool-101-thread-1] INFO  server.RaftServerConfigKeys (ConfUtils.java:logGet(46)) - raft.server.threadpool.server.cached = true (default)
2023-04-11 11:23:21,848 [pool-101-thread-1] INFO  server.RaftServerConfigKeys (ConfUtils.java:logGet(46)) - raft.server.threadpool.server.size = 0 (default)
2023-04-11 11:23:21,848 [pool-101-thread-1] INFO  server.RaftServerConfigKeys (ConfUtils.java:logGet(46)) - raft.server.threadpool.client.cached = true (default)
2023-04-11 11:23:21,848 [pool-101-thread-1] INFO  server.RaftServerConfigKeys (ConfUtils.java:logGet(46)) - raft.server.threadpool.client.size = 0 (default)
2023-04-11 11:23:21,853 [pool-101-thread-1] INFO  storage.RaftStorageDirectory (RaftStorageDirectoryImpl.java:analyzeStorage(137)) - The storage directory /home/runner/work/ozone/ozone/hadoop-ozone/integration-test/target/test-dir/MiniOzoneClusterImpl-9bce2823-b07a-4470-87a5-870b50b19846/datanode-1/data/ratis/be83539e-4791-44fc-840f-7affc49c57b1 does not exist. Creating ...
2023-04-11 11:23:21,855 [pool-101-thread-1] INFO  storage.RaftStorageDirectory (RaftStorageDirectoryImpl.java:tryLock(231)) - Lock on /home/runner/work/ozone/ozone/hadoop-ozone/integration-test/target/test-dir/MiniOzoneClusterImpl-9bce2823-b07a-4470-87a5-870b50b19846/datanode-1/data/ratis/be83539e-4791-44fc-840f-7affc49c57b1/in_use.lock acquired by nodename 48974@fv-az590-525
2023-04-11 11:23:21,856 [pool-101-thread-1] INFO  storage.RaftStorage (RaftStorageImpl.java:format(96)) - Storage directory /home/runner/work/ozone/ozone/hadoop-ozone/integration-test/target/test-dir/MiniOzoneClusterImpl-9bce2823-b07a-4470-87a5-870b50b19846/datanode-1/data/ratis/be83539e-4791-44fc-840f-7affc49c57b1 has been successfully formatted.
2023-04-11 11:23:21,857 [pool-101-thread-1] INFO  ratis.ContainerStateMachine (ContainerStateMachine.java:loadSnapshot(262)) - group-7AFFC49C57B1: The snapshot info is null. Setting the last applied indexto:(t:0, i:~)
2023-04-11 11:23:21,857 [pool-101-thread-1] INFO  server.RaftServerConfigKeys (ConfUtils.java:logGet(46)) - raft.server.log.use.memory = false (default)
2023-04-11 11:23:21,857 [pool-101-thread-1] INFO  server.RaftServerConfigKeys (ConfUtils.java:logGet(46)) - raft.server.log.purge.gap = 1000000 (custom)
2023-04-11 11:23:21,860 [EventQueue-OpenPipelineForHealthyPipelineSafeModeRule] INFO  safemode.SCMSafeModeManager (HealthyPipelineSafeModeRule.java:process(137)) - SCM in safe mode. Healthy pipelines reported count is 0, required healthy pipeline reported count is 1
2023-04-11 11:23:21,861 [pool-101-thread-1] INFO  server.RaftServerConfigKeys (ConfUtils.java:logGet(46)) - raft.server.log.appender.buffer.byte-limit = 33554432 (custom)
2023-04-11 11:23:21,862 [pool-101-thread-1] INFO  server.RaftServerConfigKeys (ConfUtils.java:logGet(46)) - raft.server.log.statemachine.data.read.timeout = 1000ms (default)
2023-04-11 11:23:21,862 [pool-101-thread-1] INFO  server.RaftServerConfigKeys (ConfUtils.java:logGet(46)) - raft.server.log.purge.preservation.log.num = 0 (default)
2023-04-11 11:23:21,862 [pool-101-thread-1] INFO  server.RaftServerConfigKeys (ConfUtils.java:logGet(46)) - raft.server.log.segment.size.max = 1048576 (custom)
2023-04-11 11:23:21,862 [pool-101-thread-1] INFO  server.RaftServerConfigKeys (ConfUtils.java:logGet(46)) - raft.server.log.segment.cache.num.max = 2 (custom)
2023-04-11 11:23:21,864 [pool-101-thread-1] INFO  server.RaftServerConfigKeys (ConfUtils.java:logGet(46)) - raft.server.log.segment.cache.size.max = 200MB (=209715200) (default)
2023-04-11 11:23:21,864 [pool-101-thread-1] INFO  segmented.SegmentedRaftLogWorker (SegmentedRaftLogWorker.java:<init>(189)) - new c75a143a-6faf-4f8e-9847-b3e7e26fc01f@group-7AFFC49C57B1-SegmentedRaftLogWorker for RaftStorageImpl:Storage Directory /home/runner/work/ozone/ozone/hadoop-ozone/integration-test/target/test-dir/MiniOzoneClusterImpl-9bce2823-b07a-4470-87a5-870b50b19846/datanode-1/data/ratis/be83539e-4791-44fc-840f-7affc49c57b1
2023-04-11 11:23:21,864 [pool-101-thread-1] INFO  server.RaftServerConfigKeys (ConfUtils.java:logGet(46)) - raft.server.log.queue.byte-limit = 4294967296 (custom)
2023-04-11 11:23:21,864 [pool-101-thread-1] INFO  server.RaftServerConfigKeys (ConfUtils.java:logGet(46)) - raft.server.log.queue.element-limit = 1024 (custom)
2023-04-11 11:23:21,864 [pool-101-thread-1] INFO  server.RaftServerConfigKeys (ConfUtils.java:logGet(46)) - raft.server.log.segment.size.max = 1048576 (custom)
2023-04-11 11:23:21,864 [pool-101-thread-1] INFO  server.RaftServerConfigKeys (ConfUtils.java:logGet(46)) - raft.server.log.preallocated.size = 16384 (custom)
2023-04-11 11:23:21,864 [pool-101-thread-1] INFO  server.RaftServerConfigKeys (ConfUtils.java:logGet(46)) - raft.server.log.force.sync.num = 128 (default)
2023-04-11 11:23:21,864 [pool-101-thread-1] INFO  server.RaftServerConfigKeys (ConfUtils.java:logGet(46)) - raft.server.log.statemachine.data.sync = true (default)
2023-04-11 11:23:21,864 [pool-101-thread-1] INFO  server.RaftServerConfigKeys (ConfUtils.java:logGet(46)) - raft.server.log.statemachine.data.sync.timeout = 10s (default)
2023-04-11 11:23:21,865 [pool-101-thread-1] INFO  server.RaftServerConfigKeys (ConfUtils.java:logGet(46)) - raft.server.log.statemachine.data.sync.timeout.retry = -1 (default)
2023-04-11 11:23:21,865 [pool-101-thread-1] INFO  server.RaftServerConfigKeys (ConfUtils.java:logGet(46)) - raft.server.log.write.buffer.size = 1048576 (custom)
2023-04-11 11:23:21,867 [pool-101-thread-1] INFO  server.RaftServerConfigKeys (ConfUtils.java:logGet(46)) - raft.server.log.appender.buffer.byte-limit = 33554432 (custom)
2023-04-11 11:23:21,876 [pool-101-thread-1] INFO  server.RaftServerConfigKeys (ConfUtils.java:logGet(46)) - raft.server.log.unsafe-flush.enabled = false (default)
2023-04-11 11:23:21,876 [pool-101-thread-1] INFO  server.RaftServerConfigKeys (ConfUtils.java:logGet(46)) - raft.server.log.async-flush.enabled = false (default)
2023-04-11 11:23:21,876 [pool-101-thread-1] INFO  server.RaftServerConfigKeys (ConfUtils.java:logGet(46)) - raft.server.log.statemachine.data.caching.enabled = true (custom)
2023-04-11 11:23:21,877 [pool-101-thread-1] INFO  segmented.SegmentedRaftLogWorker (SegmentedRaftLogWorker.java:lambda$new$0(135)) - c75a143a-6faf-4f8e-9847-b3e7e26fc01f@group-7AFFC49C57B1-SegmentedRaftLogWorker: flushIndex: setUnconditionally 0 -> -1
2023-04-11 11:23:21,877 [pool-101-thread-1] INFO  segmented.SegmentedRaftLogWorker (SegmentedRaftLogWorker.java:lambda$new$0(135)) - c75a143a-6faf-4f8e-9847-b3e7e26fc01f@group-7AFFC49C57B1-SegmentedRaftLogWorker: safeCacheEvictIndex: setUnconditionally 0 -> -1
2023-04-11 11:23:21,884 [pool-101-thread-1] INFO  server.RaftServer$Division (RaftServerImpl.java:start(334)) - c75a143a-6faf-4f8e-9847-b3e7e26fc01f@group-7AFFC49C57B1: start as a follower, conf=-1: peers:[ca122d53-8fd1-4cec-b324-69d908933b08|rpc:10.1.0.37:44515|dataStream:10.1.0.37:34703|priority:0|startupRole:FOLLOWER, 243d07fb-de29-4324-a32b-24d5948493a7|rpc:10.1.0.37:43063|dataStream:10.1.0.37:37595|priority:0|startupRole:FOLLOWER, c75a143a-6faf-4f8e-9847-b3e7e26fc01f|rpc:10.1.0.37:42913|dataStream:10.1.0.37:34813|priority:1|startupRole:FOLLOWER]|listeners:[], old=null
2023-04-11 11:23:21,884 [pool-101-thread-1] INFO  server.RaftServer$Division (RaftServerImpl.java:setRole(321)) - c75a143a-6faf-4f8e-9847-b3e7e26fc01f@group-7AFFC49C57B1: changes role from      null to FOLLOWER at term 0 for startAsFollower
2023-04-11 11:23:21,884 [pool-101-thread-1] INFO  impl.RoleInfo (RoleInfo.java:updateAndGet(139)) - c75a143a-6faf-4f8e-9847-b3e7e26fc01f: start c75a143a-6faf-4f8e-9847-b3e7e26fc01f@group-7AFFC49C57B1-FollowerState
2023-04-11 11:23:21,889 [pool-101-thread-1] INFO  util.JmxRegister (JmxRegister.java:tryRegister(44)) - Successfully registered JMX Bean with object name Ratis:service=RaftServer,group=group-7AFFC49C57B1,id=c75a143a-6faf-4f8e-9847-b3e7e26fc01f
2023-04-11 11:23:21,889 [pool-101-thread-1] INFO  server.RaftServerConfigKeys (ConfUtils.java:logGet(46)) - raft.server.snapshot.auto.trigger.enabled = true (custom)
2023-04-11 11:23:21,889 [pool-101-thread-1] INFO  server.RaftServerConfigKeys (ConfUtils.java:logGet(46)) - raft.server.snapshot.auto.trigger.threshold = 10000 (custom)
2023-04-11 11:23:21,889 [pool-101-thread-1] INFO  server.RaftServerConfigKeys (ConfUtils.java:logGet(46)) - raft.server.snapshot.retention.file.num = 5 (custom)
2023-04-11 11:23:21,890 [pool-101-thread-1] INFO  server.RaftServerConfigKeys (ConfUtils.java:logGet(46)) - raft.server.log.purge.upto.snapshot.index = false (default)
2023-04-11 11:23:21,890 [c75a143a-6faf-4f8e-9847-b3e7e26fc01f@group-7AFFC49C57B1-FollowerState] INFO  server.RaftServerConfigKeys (ConfUtils.java:logFallback(53)) - raft.server.rpc.first-election.timeout.min = 5s (fallback to raft.server.rpc.timeout.min)
2023-04-11 11:23:21,902 [c75a143a-6faf-4f8e-9847-b3e7e26fc01f@group-7AFFC49C57B1-FollowerState] INFO  server.RaftServerConfigKeys (ConfUtils.java:logFallback(53)) - raft.server.rpc.first-election.timeout.max = 5200ms (fallback to raft.server.rpc.timeout.max)
2023-04-11 11:23:21,894 [Command processor thread] INFO  ratis.XceiverServerRatis (XceiverServerRatis.java:addGroup(806)) - Created group PipelineID=be83539e-4791-44fc-840f-7affc49c57b1
2023-04-11 11:23:22,005 [Command processor thread] INFO  commandhandler.CreatePipelineCommandHandler (CreatePipelineCommandHandler.java:handle(113)) - Created Pipeline RATIS THREE PipelineID=be83539e-4791-44fc-840f-7affc49c57b1.
2023-04-11 11:23:22,007 [pool-79-thread-1] INFO  server.RaftServer$Division (RaftServerImpl.java:<init>(195)) - 243d07fb-de29-4324-a32b-24d5948493a7: new RaftServerImpl for group-9D155BEE1D9D:[ca122d53-8fd1-4cec-b324-69d908933b08|rpc:10.1.0.37:44515|dataStream:10.1.0.37:34703|priority:0|startupRole:FOLLOWER, 243d07fb-de29-4324-a32b-24d5948493a7|rpc:10.1.0.37:43063|dataStream:10.1.0.37:37595|priority:1|startupRole:FOLLOWER, c75a143a-6faf-4f8e-9847-b3e7e26fc01f|rpc:10.1.0.37:42913|dataStream:10.1.0.37:34813|priority:0|startupRole:FOLLOWER] with ContainerStateMachine:uninitialized
2023-04-11 11:23:22,007 [pool-79-thread-1] INFO  server.RaftServerConfigKeys (ConfUtils.java:logGet(46)) - raft.server.rpc.timeout.min = 5s (custom)
2023-04-11 11:23:22,007 [pool-79-thread-1] INFO  server.RaftServerConfigKeys (ConfUtils.java:logGet(46)) - raft.server.rpc.timeout.max = 5200ms (custom)
2023-04-11 11:23:22,007 [pool-79-thread-1] INFO  server.RaftServerConfigKeys (ConfUtils.java:logGet(46)) - raft.server.rpc.sleep.time = 25ms (default)
2023-04-11 11:23:22,007 [pool-79-thread-1] INFO  server.RaftServerConfigKeys (ConfUtils.java:logGet(46)) - raft.server.rpc.slowness.timeout = 300s (custom)
2023-04-11 11:23:22,007 [pool-79-thread-1] INFO  server.RaftServerConfigKeys (ConfUtils.java:logGet(46)) - raft.server.leaderelection.leader.step-down.wait-time = 10s (default)
2023-04-11 11:23:22,007 [pool-79-thread-1] INFO  server.RaftServerConfigKeys (ConfUtils.java:logGet(46)) - raft.server.sleep.deviation.threshold = 300ms (default)
2023-04-11 11:23:22,007 [pool-79-thread-1] INFO  server.RaftServer$Division (ServerState.java:<init>(118)) - 243d07fb-de29-4324-a32b-24d5948493a7@group-9D155BEE1D9D: ConfigurationManager, init=-1: peers:[ca122d53-8fd1-4cec-b324-69d908933b08|rpc:10.1.0.37:44515|dataStream:10.1.0.37:34703|priority:0|startupRole:FOLLOWER, 243d07fb-de29-4324-a32b-24d5948493a7|rpc:10.1.0.37:43063|dataStream:10.1.0.37:37595|priority:1|startupRole:FOLLOWER, c75a143a-6faf-4f8e-9847-b3e7e26fc01f|rpc:10.1.0.37:42913|dataStream:10.1.0.37:34813|priority:0|startupRole:FOLLOWER]|listeners:[], old=null, confs=<EMPTY_MAP>
2023-04-11 11:23:22,007 [pool-79-thread-1] INFO  server.RaftServerConfigKeys (ConfUtils.java:logGet(46)) - raft.server.storage.dir = [/home/runner/work/ozone/ozone/hadoop-ozone/integration-test/target/test-dir/MiniOzoneClusterImpl-9bce2823-b07a-4470-87a5-870b50b19846/datanode-0/data/ratis] (custom)
2023-04-11 11:23:22,007 [pool-79-thread-1] INFO  server.RaftServerConfigKeys (ConfUtils.java:logGet(46)) - raft.server.log.corruption.policy = EXCEPTION (default)
2023-04-11 11:23:22,008 [pool-79-thread-1] INFO  server.RaftServerConfigKeys (ConfUtils.java:logGet(46)) - raft.server.storage.free-space.min = 0MB (=0) (default)
2023-04-11 11:23:22,008 [pool-79-thread-1] INFO  server.RaftServerConfigKeys (ConfUtils.java:logGet(46)) - raft.server.notification.no-leader.timeout = 300s (custom)
2023-04-11 11:23:22,008 [pool-79-thread-1] INFO  server.RaftServerConfigKeys (ConfUtils.java:logGet(46)) - raft.server.retrycache.expirytime = 600000ms (custom)
2023-04-11 11:23:22,008 [pool-79-thread-1] INFO  server.RaftServerConfigKeys (ConfUtils.java:logGet(46)) - raft.server.retrycache.statistics.expirytime = 100μs (default)
2023-04-11 11:23:22,009 [pool-79-thread-1] INFO  server.RaftServerConfigKeys (ConfUtils.java:logGet(46)) - raft.server.log.appender.install.snapshot.enabled = false (custom)
2023-04-11 11:23:22,009 [pool-79-thread-1] INFO  server.RaftServerConfigKeys (ConfUtils.java:logGet(46)) - raft.server.threadpool.server.cached = true (default)
2023-04-11 11:23:22,009 [pool-79-thread-1] INFO  server.RaftServerConfigKeys (ConfUtils.java:logGet(46)) - raft.server.threadpool.server.size = 0 (default)
2023-04-11 11:23:22,009 [pool-79-thread-1] INFO  server.RaftServerConfigKeys (ConfUtils.java:logGet(46)) - raft.server.threadpool.client.cached = true (default)
2023-04-11 11:23:22,009 [pool-79-thread-1] INFO  server.RaftServerConfigKeys (ConfUtils.java:logGet(46)) - raft.server.threadpool.client.size = 0 (default)
2023-04-11 11:23:22,010 [Command processor thread] INFO  server.RaftServer (RaftServerProxy.java:addNew(96)) - 243d07fb-de29-4324-a32b-24d5948493a7: addNew group-9D155BEE1D9D:[ca122d53-8fd1-4cec-b324-69d908933b08|rpc:10.1.0.37:44515|dataStream:10.1.0.37:34703|priority:0|startupRole:FOLLOWER, 243d07fb-de29-4324-a32b-24d5948493a7|rpc:10.1.0.37:43063|dataStream:10.1.0.37:37595|priority:1|startupRole:FOLLOWER, c75a143a-6faf-4f8e-9847-b3e7e26fc01f|rpc:10.1.0.37:42913|dataStream:10.1.0.37:34813|priority:0|startupRole:FOLLOWER] returns      null 243d07fb-de29-4324-a32b-24d5948493a7@group-9D155BEE1D9D:t0, leader=null, voted=null, raftlog=UNINITIALIZED, conf=-1: peers:[ca122d53-8fd1-4cec-b324-69d908933b08|rpc:10.1.0.37:44515|dataStream:10.1.0.37:34703|priority:0|startupRole:FOLLOWER, 243d07fb-de29-4324-a32b-24d5948493a7|rpc:10.1.0.37:43063|dataStream:10.1.0.37:37595|priority:1|startupRole:FOLLOWER, c75a143a-6faf-4f8e-9847-b3e7e26fc01f|rpc:10.1.0.37:42913|dataStream:10.1.0.37:34813|priority:0|startupRole:FOLLOWER]|listeners:[], old=null NEW
2023-04-11 11:23:22,011 [pool-79-thread-1] INFO  storage.RaftStorageDirectory (RaftStorageDirectoryImpl.java:analyzeStorage(137)) - The storage directory /home/runner/work/ozone/ozone/hadoop-ozone/integration-test/target/test-dir/MiniOzoneClusterImpl-9bce2823-b07a-4470-87a5-870b50b19846/datanode-0/data/ratis/80057f08-6aec-4d77-88ef-9d155bee1d9d does not exist. Creating ...
2023-04-11 11:23:22,013 [pool-79-thread-1] INFO  storage.RaftStorageDirectory (RaftStorageDirectoryImpl.java:tryLock(231)) - Lock on /home/runner/work/ozone/ozone/hadoop-ozone/integration-test/target/test-dir/MiniOzoneClusterImpl-9bce2823-b07a-4470-87a5-870b50b19846/datanode-0/data/ratis/80057f08-6aec-4d77-88ef-9d155bee1d9d/in_use.lock acquired by nodename 48974@fv-az590-525
2023-04-11 11:23:22,017 [pool-79-thread-1] INFO  storage.RaftStorage (RaftStorageImpl.java:format(96)) - Storage directory /home/runner/work/ozone/ozone/hadoop-ozone/integration-test/target/test-dir/MiniOzoneClusterImpl-9bce2823-b07a-4470-87a5-870b50b19846/datanode-0/data/ratis/80057f08-6aec-4d77-88ef-9d155bee1d9d has been successfully formatted.
2023-04-11 11:23:22,027 [pool-79-thread-1] INFO  ratis.ContainerStateMachine (ContainerStateMachine.java:loadSnapshot(262)) - group-9D155BEE1D9D: The snapshot info is null. Setting the last applied indexto:(t:0, i:~)
2023-04-11 11:23:22,027 [pool-79-thread-1] INFO  server.RaftServerConfigKeys (ConfUtils.java:logGet(46)) - raft.server.log.use.memory = false (default)
2023-04-11 11:23:22,027 [pool-79-thread-1] INFO  server.RaftServerConfigKeys (ConfUtils.java:logGet(46)) - raft.server.log.purge.gap = 1000000 (custom)
2023-04-11 11:23:22,027 [pool-79-thread-1] INFO  server.RaftServerConfigKeys (ConfUtils.java:logGet(46)) - raft.server.log.appender.buffer.byte-limit = 33554432 (custom)
2023-04-11 11:23:22,027 [pool-79-thread-1] INFO  server.RaftServerConfigKeys (ConfUtils.java:logGet(46)) - raft.server.log.statemachine.data.read.timeout = 1000ms (default)
2023-04-11 11:23:22,027 [pool-79-thread-1] INFO  server.RaftServerConfigKeys (ConfUtils.java:logGet(46)) - raft.server.log.purge.preservation.log.num = 0 (default)
2023-04-11 11:23:22,027 [pool-79-thread-1] INFO  server.RaftServerConfigKeys (ConfUtils.java:logGet(46)) - raft.server.log.segment.size.max = 1048576 (custom)
2023-04-11 11:23:22,030 [pool-79-thread-1] INFO  server.RaftServerConfigKeys (ConfUtils.java:logGet(46)) - raft.server.log.segment.cache.num.max = 2 (custom)
2023-04-11 11:23:22,030 [pool-79-thread-1] INFO  server.RaftServerConfigKeys (ConfUtils.java:logGet(46)) - raft.server.log.segment.cache.size.max = 200MB (=209715200) (default)
2023-04-11 11:23:22,030 [pool-79-thread-1] INFO  segmented.SegmentedRaftLogWorker (SegmentedRaftLogWorker.java:<init>(189)) - new 243d07fb-de29-4324-a32b-24d5948493a7@group-9D155BEE1D9D-SegmentedRaftLogWorker for RaftStorageImpl:Storage Directory /home/runner/work/ozone/ozone/hadoop-ozone/integration-test/target/test-dir/MiniOzoneClusterImpl-9bce2823-b07a-4470-87a5-870b50b19846/datanode-0/data/ratis/80057f08-6aec-4d77-88ef-9d155bee1d9d
2023-04-11 11:23:22,030 [pool-79-thread-1] INFO  server.RaftServerConfigKeys (ConfUtils.java:logGet(46)) - raft.server.log.queue.byte-limit = 4294967296 (custom)
2023-04-11 11:23:22,030 [pool-79-thread-1] INFO  server.RaftServerConfigKeys (ConfUtils.java:logGet(46)) - raft.server.log.queue.element-limit = 1024 (custom)
2023-04-11 11:23:22,030 [pool-79-thread-1] INFO  server.RaftServerConfigKeys (ConfUtils.java:logGet(46)) - raft.server.log.segment.size.max = 1048576 (custom)
2023-04-11 11:23:22,030 [pool-79-thread-1] INFO  server.RaftServerConfigKeys (ConfUtils.java:logGet(46)) - raft.server.log.preallocated.size = 16384 (custom)
2023-04-11 11:23:22,030 [pool-79-thread-1] INFO  server.RaftServerConfigKeys (ConfUtils.java:logGet(46)) - raft.server.log.force.sync.num = 128 (default)
2023-04-11 11:23:22,030 [pool-79-thread-1] INFO  server.RaftServerConfigKeys (ConfUtils.java:logGet(46)) - raft.server.log.statemachine.data.sync = true (default)
2023-04-11 11:23:22,033 [pool-79-thread-1] INFO  server.RaftServerConfigKeys (ConfUtils.java:logGet(46)) - raft.server.log.statemachine.data.sync.timeout = 10s (default)
2023-04-11 11:23:22,034 [EventQueue-OpenPipelineForHealthyPipelineSafeModeRule] INFO  safemode.SCMSafeModeManager (HealthyPipelineSafeModeRule.java:process(137)) - SCM in safe mode. Healthy pipelines reported count is 0, required healthy pipeline reported count is 1
2023-04-11 11:23:22,040 [pool-79-thread-1] INFO  server.RaftServerConfigKeys (ConfUtils.java:logGet(46)) - raft.server.log.statemachine.data.sync.timeout.retry = -1 (default)
2023-04-11 11:23:22,042 [pool-79-thread-1] INFO  server.RaftServerConfigKeys (ConfUtils.java:logGet(46)) - raft.server.log.write.buffer.size = 1048576 (custom)
2023-04-11 11:23:22,045 [pool-79-thread-1] INFO  server.RaftServerConfigKeys (ConfUtils.java:logGet(46)) - raft.server.log.appender.buffer.byte-limit = 33554432 (custom)
2023-04-11 11:23:22,052 [pool-79-thread-1] INFO  server.RaftServerConfigKeys (ConfUtils.java:logGet(46)) - raft.server.log.unsafe-flush.enabled = false (default)
2023-04-11 11:23:22,052 [pool-79-thread-1] INFO  server.RaftServerConfigKeys (ConfUtils.java:logGet(46)) - raft.server.log.async-flush.enabled = false (default)
2023-04-11 11:23:22,055 [pool-79-thread-1] INFO  server.RaftServerConfigKeys (ConfUtils.java:logGet(46)) - raft.server.log.statemachine.data.caching.enabled = true (custom)
2023-04-11 11:23:22,055 [pool-79-thread-1] INFO  segmented.SegmentedRaftLogWorker (SegmentedRaftLogWorker.java:lambda$new$0(135)) - 243d07fb-de29-4324-a32b-24d5948493a7@group-9D155BEE1D9D-SegmentedRaftLogWorker: flushIndex: setUnconditionally 0 -> -1
2023-04-11 11:23:22,056 [pool-79-thread-1] INFO  segmented.SegmentedRaftLogWorker (SegmentedRaftLogWorker.java:lambda$new$0(135)) - 243d07fb-de29-4324-a32b-24d5948493a7@group-9D155BEE1D9D-SegmentedRaftLogWorker: safeCacheEvictIndex: setUnconditionally 0 -> -1
2023-04-11 11:23:22,059 [pool-79-thread-1] INFO  server.RaftServer$Division (RaftServerImpl.java:start(334)) - 243d07fb-de29-4324-a32b-24d5948493a7@group-9D155BEE1D9D: start as a follower, conf=-1: peers:[ca122d53-8fd1-4cec-b324-69d908933b08|rpc:10.1.0.37:44515|dataStream:10.1.0.37:34703|priority:0|startupRole:FOLLOWER, 243d07fb-de29-4324-a32b-24d5948493a7|rpc:10.1.0.37:43063|dataStream:10.1.0.37:37595|priority:1|startupRole:FOLLOWER, c75a143a-6faf-4f8e-9847-b3e7e26fc01f|rpc:10.1.0.37:42913|dataStream:10.1.0.37:34813|priority:0|startupRole:FOLLOWER]|listeners:[], old=null
2023-04-11 11:23:22,059 [pool-79-thread-1] INFO  server.RaftServer$Division (RaftServerImpl.java:setRole(321)) - 243d07fb-de29-4324-a32b-24d5948493a7@group-9D155BEE1D9D: changes role from      null to FOLLOWER at term 0 for startAsFollower
2023-04-11 11:23:22,059 [pool-79-thread-1] INFO  impl.RoleInfo (RoleInfo.java:updateAndGet(139)) - 243d07fb-de29-4324-a32b-24d5948493a7: start 243d07fb-de29-4324-a32b-24d5948493a7@group-9D155BEE1D9D-FollowerState
2023-04-11 11:23:22,063 [pool-79-thread-1] INFO  util.JmxRegister (JmxRegister.java:tryRegister(44)) - Successfully registered JMX Bean with object name Ratis:service=RaftServer,group=group-9D155BEE1D9D,id=243d07fb-de29-4324-a32b-24d5948493a7
2023-04-11 11:23:22,063 [pool-79-thread-1] INFO  server.RaftServerConfigKeys (ConfUtils.java:logGet(46)) - raft.server.snapshot.auto.trigger.enabled = true (custom)
2023-04-11 11:23:22,063 [pool-79-thread-1] INFO  server.RaftServerConfigKeys (ConfUtils.java:logGet(46)) - raft.server.snapshot.auto.trigger.threshold = 10000 (custom)
2023-04-11 11:23:22,063 [pool-79-thread-1] INFO  server.RaftServerConfigKeys (ConfUtils.java:logGet(46)) - raft.server.snapshot.retention.file.num = 5 (custom)
2023-04-11 11:23:22,063 [pool-79-thread-1] INFO  server.RaftServerConfigKeys (ConfUtils.java:logGet(46)) - raft.server.log.purge.upto.snapshot.index = false (default)
2023-04-11 11:23:22,064 [243d07fb-de29-4324-a32b-24d5948493a7@group-9D155BEE1D9D-FollowerState] INFO  server.RaftServerConfigKeys (ConfUtils.java:logFallback(53)) - raft.server.rpc.first-election.timeout.min = 5s (fallback to raft.server.rpc.timeout.min)
2023-04-11 11:23:22,066 [243d07fb-de29-4324-a32b-24d5948493a7@group-9D155BEE1D9D-FollowerState] INFO  server.RaftServerConfigKeys (ConfUtils.java:logFallback(53)) - raft.server.rpc.first-election.timeout.max = 5200ms (fallback to raft.server.rpc.timeout.max)
2023-04-11 11:23:22,064 [Command processor thread] INFO  ratis.XceiverServerRatis (XceiverServerRatis.java:addGroup(806)) - Created group PipelineID=80057f08-6aec-4d77-88ef-9d155bee1d9d
2023-04-11 11:23:22,072 [Command processor thread] INFO  commandhandler.CreatePipelineCommandHandler (CreatePipelineCommandHandler.java:handle(113)) - Created Pipeline RATIS THREE PipelineID=be83539e-4791-44fc-840f-7affc49c57b1.
2023-04-11 11:23:22,073 [Command processor thread] INFO  server.RaftServer (RaftServerProxy.java:addNew(96)) - c75a143a-6faf-4f8e-9847-b3e7e26fc01f: addNew group-9D155BEE1D9D:[ca122d53-8fd1-4cec-b324-69d908933b08|rpc:10.1.0.37:44515|dataStream:10.1.0.37:34703|priority:0|startupRole:FOLLOWER, 243d07fb-de29-4324-a32b-24d5948493a7|rpc:10.1.0.37:43063|dataStream:10.1.0.37:37595|priority:1|startupRole:FOLLOWER, c75a143a-6faf-4f8e-9847-b3e7e26fc01f|rpc:10.1.0.37:42913|dataStream:10.1.0.37:34813|priority:0|startupRole:FOLLOWER] returns group-9D155BEE1D9D:java.util.concurrent.CompletableFuture@6a091ac5[Not completed]
2023-04-11 11:23:22,074 [pool-101-thread-1] INFO  server.RaftServer$Division (RaftServerImpl.java:<init>(195)) - c75a143a-6faf-4f8e-9847-b3e7e26fc01f: new RaftServerImpl for group-9D155BEE1D9D:[ca122d53-8fd1-4cec-b324-69d908933b08|rpc:10.1.0.37:44515|dataStream:10.1.0.37:34703|priority:0|startupRole:FOLLOWER, 243d07fb-de29-4324-a32b-24d5948493a7|rpc:10.1.0.37:43063|dataStream:10.1.0.37:37595|priority:1|startupRole:FOLLOWER, c75a143a-6faf-4f8e-9847-b3e7e26fc01f|rpc:10.1.0.37:42913|dataStream:10.1.0.37:34813|priority:0|startupRole:FOLLOWER] with ContainerStateMachine:uninitialized
2023-04-11 11:23:22,074 [pool-101-thread-1] INFO  server.RaftServerConfigKeys (ConfUtils.java:logGet(46)) - raft.server.rpc.timeout.min = 5s (custom)
2023-04-11 11:23:22,074 [pool-101-thread-1] INFO  server.RaftServerConfigKeys (ConfUtils.java:logGet(46)) - raft.server.rpc.timeout.max = 5200ms (custom)
2023-04-11 11:23:22,074 [pool-101-thread-1] INFO  server.RaftServerConfigKeys (ConfUtils.java:logGet(46)) - raft.server.rpc.sleep.time = 25ms (default)
2023-04-11 11:23:22,074 [pool-101-thread-1] INFO  server.RaftServerConfigKeys (ConfUtils.java:logGet(46)) - raft.server.rpc.slowness.timeout = 300s (custom)
2023-04-11 11:23:22,074 [pool-101-thread-1] INFO  server.RaftServerConfigKeys (ConfUtils.java:logGet(46)) - raft.server.leaderelection.leader.step-down.wait-time = 10s (default)
2023-04-11 11:23:22,074 [pool-101-thread-1] INFO  server.RaftServerConfigKeys (ConfUtils.java:logGet(46)) - raft.server.sleep.deviation.threshold = 300ms (default)
2023-04-11 11:23:22,074 [pool-101-thread-1] INFO  server.RaftServer$Division (ServerState.java:<init>(118)) - c75a143a-6faf-4f8e-9847-b3e7e26fc01f@group-9D155BEE1D9D: ConfigurationManager, init=-1: peers:[ca122d53-8fd1-4cec-b324-69d908933b08|rpc:10.1.0.37:44515|dataStream:10.1.0.37:34703|priority:0|startupRole:FOLLOWER, 243d07fb-de29-4324-a32b-24d5948493a7|rpc:10.1.0.37:43063|dataStream:10.1.0.37:37595|priority:1|startupRole:FOLLOWER, c75a143a-6faf-4f8e-9847-b3e7e26fc01f|rpc:10.1.0.37:42913|dataStream:10.1.0.37:34813|priority:0|startupRole:FOLLOWER]|listeners:[], old=null, confs=<EMPTY_MAP>
2023-04-11 11:23:22,075 [pool-101-thread-1] INFO  server.RaftServerConfigKeys (ConfUtils.java:logGet(46)) - raft.server.storage.dir = [/home/runner/work/ozone/ozone/hadoop-ozone/integration-test/target/test-dir/MiniOzoneClusterImpl-9bce2823-b07a-4470-87a5-870b50b19846/datanode-1/data/ratis] (custom)
2023-04-11 11:23:22,075 [pool-101-thread-1] INFO  server.RaftServerConfigKeys (ConfUtils.java:logGet(46)) - raft.server.log.corruption.policy = EXCEPTION (default)
2023-04-11 11:23:22,075 [pool-101-thread-1] INFO  server.RaftServerConfigKeys (ConfUtils.java:logGet(46)) - raft.server.storage.free-space.min = 0MB (=0) (default)
2023-04-11 11:23:22,075 [pool-101-thread-1] INFO  server.RaftServerConfigKeys (ConfUtils.java:logGet(46)) - raft.server.notification.no-leader.timeout = 300s (custom)
2023-04-11 11:23:22,075 [pool-101-thread-1] INFO  server.RaftServerConfigKeys (ConfUtils.java:logGet(46)) - raft.server.retrycache.expirytime = 600000ms (custom)
2023-04-11 11:23:22,075 [pool-101-thread-1] INFO  server.RaftServerConfigKeys (ConfUtils.java:logGet(46)) - raft.server.retrycache.statistics.expirytime = 100μs (default)
2023-04-11 11:23:22,076 [pool-101-thread-1] INFO  server.RaftServerConfigKeys (ConfUtils.java:logGet(46)) - raft.server.log.appender.install.snapshot.enabled = false (custom)
2023-04-11 11:23:22,076 [pool-101-thread-1] INFO  server.RaftServerConfigKeys (ConfUtils.java:logGet(46)) - raft.server.threadpool.server.cached = true (default)
2023-04-11 11:23:22,076 [pool-101-thread-1] INFO  server.RaftServerConfigKeys (ConfUtils.java:logGet(46)) - raft.server.threadpool.server.size = 0 (default)
2023-04-11 11:23:22,076 [pool-101-thread-1] INFO  server.RaftServerConfigKeys (ConfUtils.java:logGet(46)) - raft.server.threadpool.client.cached = true (default)
2023-04-11 11:23:22,076 [pool-101-thread-1] INFO  server.RaftServerConfigKeys (ConfUtils.java:logGet(46)) - raft.server.threadpool.client.size = 0 (default)
2023-04-11 11:23:22,076 [pool-101-thread-1] INFO  storage.RaftStorageDirectory (RaftStorageDirectoryImpl.java:analyzeStorage(137)) - The storage directory /home/runner/work/ozone/ozone/hadoop-ozone/integration-test/target/test-dir/MiniOzoneClusterImpl-9bce2823-b07a-4470-87a5-870b50b19846/datanode-1/data/ratis/80057f08-6aec-4d77-88ef-9d155bee1d9d does not exist. Creating ...
2023-04-11 11:23:22,081 [pool-101-thread-1] INFO  storage.RaftStorageDirectory (RaftStorageDirectoryImpl.java:tryLock(231)) - Lock on /home/runner/work/ozone/ozone/hadoop-ozone/integration-test/target/test-dir/MiniOzoneClusterImpl-9bce2823-b07a-4470-87a5-870b50b19846/datanode-1/data/ratis/80057f08-6aec-4d77-88ef-9d155bee1d9d/in_use.lock acquired by nodename 48974@fv-az590-525
2023-04-11 11:23:22,090 [pool-101-thread-1] INFO  storage.RaftStorage (RaftStorageImpl.java:format(96)) - Storage directory /home/runner/work/ozone/ozone/hadoop-ozone/integration-test/target/test-dir/MiniOzoneClusterImpl-9bce2823-b07a-4470-87a5-870b50b19846/datanode-1/data/ratis/80057f08-6aec-4d77-88ef-9d155bee1d9d has been successfully formatted.
2023-04-11 11:23:22,091 [pool-101-thread-1] INFO  ratis.ContainerStateMachine (ContainerStateMachine.java:loadSnapshot(262)) - group-9D155BEE1D9D: The snapshot info is null. Setting the last applied indexto:(t:0, i:~)
2023-04-11 11:23:22,091 [pool-101-thread-1] INFO  server.RaftServerConfigKeys (ConfUtils.java:logGet(46)) - raft.server.log.use.memory = false (default)
2023-04-11 11:23:22,091 [pool-101-thread-1] INFO  server.RaftServerConfigKeys (ConfUtils.java:logGet(46)) - raft.server.log.purge.gap = 1000000 (custom)
2023-04-11 11:23:22,091 [pool-101-thread-1] INFO  server.RaftServerConfigKeys (ConfUtils.java:logGet(46)) - raft.server.log.appender.buffer.byte-limit = 33554432 (custom)
2023-04-11 11:23:22,091 [pool-101-thread-1] INFO  server.RaftServerConfigKeys (ConfUtils.java:logGet(46)) - raft.server.log.statemachine.data.read.timeout = 1000ms (default)
2023-04-11 11:23:22,091 [pool-101-thread-1] INFO  server.RaftServerConfigKeys (ConfUtils.java:logGet(46)) - raft.server.log.purge.preservation.log.num = 0 (default)
2023-04-11 11:23:22,091 [pool-101-thread-1] INFO  server.RaftServerConfigKeys (ConfUtils.java:logGet(46)) - raft.server.log.segment.size.max = 1048576 (custom)
2023-04-11 11:23:22,092 [pool-101-thread-1] INFO  server.RaftServerConfigKeys (ConfUtils.java:logGet(46)) - raft.server.log.segment.cache.num.max = 2 (custom)
2023-04-11 11:23:22,092 [pool-101-thread-1] INFO  server.RaftServerConfigKeys (ConfUtils.java:logGet(46)) - raft.server.log.segment.cache.size.max = 200MB (=209715200) (default)
2023-04-11 11:23:22,092 [pool-101-thread-1] INFO  segmented.SegmentedRaftLogWorker (SegmentedRaftLogWorker.java:<init>(189)) - new c75a143a-6faf-4f8e-9847-b3e7e26fc01f@group-9D155BEE1D9D-SegmentedRaftLogWorker for RaftStorageImpl:Storage Directory /home/runner/work/ozone/ozone/hadoop-ozone/integration-test/target/test-dir/MiniOzoneClusterImpl-9bce2823-b07a-4470-87a5-870b50b19846/datanode-1/data/ratis/80057f08-6aec-4d77-88ef-9d155bee1d9d
2023-04-11 11:23:22,092 [pool-101-thread-1] INFO  server.RaftServerConfigKeys (ConfUtils.java:logGet(46)) - raft.server.log.queue.byte-limit = 4294967296 (custom)
2023-04-11 11:23:22,092 [pool-101-thread-1] INFO  server.RaftServerConfigKeys (ConfUtils.java:logGet(46)) - raft.server.log.queue.element-limit = 1024 (custom)
2023-04-11 11:23:22,092 [pool-101-thread-1] INFO  server.RaftServerConfigKeys (ConfUtils.java:logGet(46)) - raft.server.log.segment.size.max = 1048576 (custom)
2023-04-11 11:23:22,092 [pool-101-thread-1] INFO  server.RaftServerConfigKeys (ConfUtils.java:logGet(46)) - raft.server.log.preallocated.size = 16384 (custom)
2023-04-11 11:23:22,092 [pool-101-thread-1] INFO  server.RaftServerConfigKeys (ConfUtils.java:logGet(46)) - raft.server.log.force.sync.num = 128 (default)
2023-04-11 11:23:22,092 [pool-101-thread-1] INFO  server.RaftServerConfigKeys (ConfUtils.java:logGet(46)) - raft.server.log.statemachine.data.sync = true (default)
2023-04-11 11:23:22,092 [pool-101-thread-1] INFO  server.RaftServerConfigKeys (ConfUtils.java:logGet(46)) - raft.server.log.statemachine.data.sync.timeout = 10s (default)
2023-04-11 11:23:22,092 [pool-101-thread-1] INFO  server.RaftServerConfigKeys (ConfUtils.java:logGet(46)) - raft.server.log.statemachine.data.sync.timeout.retry = -1 (default)
2023-04-11 11:23:22,093 [pool-101-thread-1] INFO  server.RaftServerConfigKeys (ConfUtils.java:logGet(46)) - raft.server.log.write.buffer.size = 1048576 (custom)
2023-04-11 11:23:22,100 [pool-101-thread-1] INFO  server.RaftServerConfigKeys (ConfUtils.java:logGet(46)) - raft.server.log.appender.buffer.byte-limit = 33554432 (custom)
2023-04-11 11:23:22,106 [pool-101-thread-1] INFO  server.RaftServerConfigKeys (ConfUtils.java:logGet(46)) - raft.server.log.unsafe-flush.enabled = false (default)
2023-04-11 11:23:22,106 [pool-101-thread-1] INFO  server.RaftServerConfigKeys (ConfUtils.java:logGet(46)) - raft.server.log.async-flush.enabled = false (default)
2023-04-11 11:23:22,106 [pool-101-thread-1] INFO  server.RaftServerConfigKeys (ConfUtils.java:logGet(46)) - raft.server.log.statemachine.data.caching.enabled = true (custom)
2023-04-11 11:23:22,110 [grpc-default-executor-0] INFO  server.RaftServer (RaftServerProxy.java:addNew(96)) - ca122d53-8fd1-4cec-b324-69d908933b08: addNew group-9D155BEE1D9D:[ca122d53-8fd1-4cec-b324-69d908933b08|rpc:10.1.0.37:44515|dataStream:10.1.0.37:34703|priority:0|startupRole:FOLLOWER, 243d07fb-de29-4324-a32b-24d5948493a7|rpc:10.1.0.37:43063|dataStream:10.1.0.37:37595|priority:1|startupRole:FOLLOWER, c75a143a-6faf-4f8e-9847-b3e7e26fc01f|rpc:10.1.0.37:42913|dataStream:10.1.0.37:34813|priority:0|startupRole:FOLLOWER] returns group-9D155BEE1D9D:java.util.concurrent.CompletableFuture@2c62c6c5[Not completed]
2023-04-11 11:23:22,113 [pool-101-thread-1] INFO  segmented.SegmentedRaftLogWorker (SegmentedRaftLogWorker.java:lambda$new$0(135)) - c75a143a-6faf-4f8e-9847-b3e7e26fc01f@group-9D155BEE1D9D-SegmentedRaftLogWorker: flushIndex: setUnconditionally 0 -> -1
2023-04-11 11:23:22,112 [pool-123-thread-1] INFO  server.RaftServer$Division (RaftServerImpl.java:<init>(195)) - ca122d53-8fd1-4cec-b324-69d908933b08: new RaftServerImpl for group-9D155BEE1D9D:[ca122d53-8fd1-4cec-b324-69d908933b08|rpc:10.1.0.37:44515|dataStream:10.1.0.37:34703|priority:0|startupRole:FOLLOWER, 243d07fb-de29-4324-a32b-24d5948493a7|rpc:10.1.0.37:43063|dataStream:10.1.0.37:37595|priority:1|startupRole:FOLLOWER, c75a143a-6faf-4f8e-9847-b3e7e26fc01f|rpc:10.1.0.37:42913|dataStream:10.1.0.37:34813|priority:0|startupRole:FOLLOWER] with ContainerStateMachine:uninitialized
2023-04-11 11:23:22,112 [EventQueue-OpenPipelineForHealthyPipelineSafeModeRule] INFO  safemode.SCMSafeModeManager (HealthyPipelineSafeModeRule.java:process(137)) - SCM in safe mode. Healthy pipelines reported count is 0, required healthy pipeline reported count is 1
2023-04-11 11:23:22,115 [pool-123-thread-1] INFO  server.RaftServerConfigKeys (ConfUtils.java:logGet(46)) - raft.server.rpc.timeout.min = 5s (custom)
2023-04-11 11:23:22,115 [pool-123-thread-1] INFO  server.RaftServerConfigKeys (ConfUtils.java:logGet(46)) - raft.server.rpc.timeout.max = 5200ms (custom)
2023-04-11 11:23:22,115 [pool-123-thread-1] INFO  server.RaftServerConfigKeys (ConfUtils.java:logGet(46)) - raft.server.rpc.sleep.time = 25ms (default)
2023-04-11 11:23:22,115 [pool-123-thread-1] INFO  server.RaftServerConfigKeys (ConfUtils.java:logGet(46)) - raft.server.rpc.slowness.timeout = 300s (custom)
2023-04-11 11:23:22,115 [pool-123-thread-1] INFO  server.RaftServerConfigKeys (ConfUtils.java:logGet(46)) - raft.server.leaderelection.leader.step-down.wait-time = 10s (default)
2023-04-11 11:23:22,115 [pool-123-thread-1] INFO  server.RaftServerConfigKeys (ConfUtils.java:logGet(46)) - raft.server.sleep.deviation.threshold = 300ms (default)
2023-04-11 11:23:22,115 [pool-123-thread-1] INFO  server.RaftServer$Division (ServerState.java:<init>(118)) - ca122d53-8fd1-4cec-b324-69d908933b08@group-9D155BEE1D9D: ConfigurationManager, init=-1: peers:[ca122d53-8fd1-4cec-b324-69d908933b08|rpc:10.1.0.37:44515|dataStream:10.1.0.37:34703|priority:0|startupRole:FOLLOWER, 243d07fb-de29-4324-a32b-24d5948493a7|rpc:10.1.0.37:43063|dataStream:10.1.0.37:37595|priority:1|startupRole:FOLLOWER, c75a143a-6faf-4f8e-9847-b3e7e26fc01f|rpc:10.1.0.37:42913|dataStream:10.1.0.37:34813|priority:0|startupRole:FOLLOWER]|listeners:[], old=null, confs=<EMPTY_MAP>
2023-04-11 11:23:22,116 [pool-123-thread-1] INFO  server.RaftServerConfigKeys (ConfUtils.java:logGet(46)) - raft.server.storage.dir = [/home/runner/work/ozone/ozone/hadoop-ozone/integration-test/target/test-dir/MiniOzoneClusterImpl-9bce2823-b07a-4470-87a5-870b50b19846/datanode-2/data/ratis] (custom)
2023-04-11 11:23:22,116 [pool-123-thread-1] INFO  server.RaftServerConfigKeys (ConfUtils.java:logGet(46)) - raft.server.log.corruption.policy = EXCEPTION (default)
2023-04-11 11:23:22,116 [pool-123-thread-1] INFO  server.RaftServerConfigKeys (ConfUtils.java:logGet(46)) - raft.server.storage.free-space.min = 0MB (=0) (default)
2023-04-11 11:23:22,116 [pool-123-thread-1] INFO  server.RaftServerConfigKeys (ConfUtils.java:logGet(46)) - raft.server.notification.no-leader.timeout = 300s (custom)
2023-04-11 11:23:22,116 [pool-123-thread-1] INFO  server.RaftServerConfigKeys (ConfUtils.java:logGet(46)) - raft.server.retrycache.expirytime = 600000ms (custom)
2023-04-11 11:23:22,116 [pool-123-thread-1] INFO  server.RaftServerConfigKeys (ConfUtils.java:logGet(46)) - raft.server.retrycache.statistics.expirytime = 100μs (default)
2023-04-11 11:23:22,117 [pool-123-thread-1] INFO  server.RaftServerConfigKeys (ConfUtils.java:logGet(46)) - raft.server.log.appender.install.snapshot.enabled = false (custom)
2023-04-11 11:23:22,117 [pool-123-thread-1] INFO  server.RaftServerConfigKeys (ConfUtils.java:logGet(46)) - raft.server.threadpool.server.cached = true (default)
2023-04-11 11:23:22,117 [pool-123-thread-1] INFO  server.RaftServerConfigKeys (ConfUtils.java:logGet(46)) - raft.server.threadpool.server.size = 0 (default)
2023-04-11 11:23:22,117 [pool-123-thread-1] INFO  server.RaftServerConfigKeys (ConfUtils.java:logGet(46)) - raft.server.threadpool.client.cached = true (default)
2023-04-11 11:23:22,117 [pool-123-thread-1] INFO  server.RaftServerConfigKeys (ConfUtils.java:logGet(46)) - raft.server.threadpool.client.size = 0 (default)
2023-04-11 11:23:22,117 [pool-123-thread-1] INFO  storage.RaftStorageDirectory (RaftStorageDirectoryImpl.java:analyzeStorage(137)) - The storage directory /home/runner/work/ozone/ozone/hadoop-ozone/integration-test/target/test-dir/MiniOzoneClusterImpl-9bce2823-b07a-4470-87a5-870b50b19846/datanode-2/data/ratis/80057f08-6aec-4d77-88ef-9d155bee1d9d does not exist. Creating ...
2023-04-11 11:23:22,114 [pool-101-thread-1] INFO  segmented.SegmentedRaftLogWorker (SegmentedRaftLogWorker.java:lambda$new$0(135)) - c75a143a-6faf-4f8e-9847-b3e7e26fc01f@group-9D155BEE1D9D-SegmentedRaftLogWorker: safeCacheEvictIndex: setUnconditionally 0 -> -1
2023-04-11 11:23:22,119 [pool-123-thread-1] INFO  storage.RaftStorageDirectory (RaftStorageDirectoryImpl.java:tryLock(231)) - Lock on /home/runner/work/ozone/ozone/hadoop-ozone/integration-test/target/test-dir/MiniOzoneClusterImpl-9bce2823-b07a-4470-87a5-870b50b19846/datanode-2/data/ratis/80057f08-6aec-4d77-88ef-9d155bee1d9d/in_use.lock acquired by nodename 48974@fv-az590-525
2023-04-11 11:23:22,120 [pool-101-thread-1] INFO  server.RaftServer$Division (RaftServerImpl.java:start(334)) - c75a143a-6faf-4f8e-9847-b3e7e26fc01f@group-9D155BEE1D9D: start as a follower, conf=-1: peers:[ca122d53-8fd1-4cec-b324-69d908933b08|rpc:10.1.0.37:44515|dataStream:10.1.0.37:34703|priority:0|startupRole:FOLLOWER, 243d07fb-de29-4324-a32b-24d5948493a7|rpc:10.1.0.37:43063|dataStream:10.1.0.37:37595|priority:1|startupRole:FOLLOWER, c75a143a-6faf-4f8e-9847-b3e7e26fc01f|rpc:10.1.0.37:42913|dataStream:10.1.0.37:34813|priority:0|startupRole:FOLLOWER]|listeners:[], old=null
2023-04-11 11:23:22,120 [pool-101-thread-1] INFO  server.RaftServer$Division (RaftServerImpl.java:setRole(321)) - c75a143a-6faf-4f8e-9847-b3e7e26fc01f@group-9D155BEE1D9D: changes role from      null to FOLLOWER at term 0 for startAsFollower
2023-04-11 11:23:22,120 [pool-101-thread-1] INFO  impl.RoleInfo (RoleInfo.java:updateAndGet(139)) - c75a143a-6faf-4f8e-9847-b3e7e26fc01f: start c75a143a-6faf-4f8e-9847-b3e7e26fc01f@group-9D155BEE1D9D-FollowerState
2023-04-11 11:23:22,121 [pool-123-thread-1] INFO  storage.RaftStorage (RaftStorageImpl.java:format(96)) - Storage directory /home/runner/work/ozone/ozone/hadoop-ozone/integration-test/target/test-dir/MiniOzoneClusterImpl-9bce2823-b07a-4470-87a5-870b50b19846/datanode-2/data/ratis/80057f08-6aec-4d77-88ef-9d155bee1d9d has been successfully formatted.
2023-04-11 11:23:22,123 [pool-123-thread-1] INFO  ratis.ContainerStateMachine (ContainerStateMachine.java:loadSnapshot(262)) - group-9D155BEE1D9D: The snapshot info is null. Setting the last applied indexto:(t:0, i:~)
2023-04-11 11:23:22,123 [pool-123-thread-1] INFO  server.RaftServerConfigKeys (ConfUtils.java:logGet(46)) - raft.server.log.use.memory = false (default)
2023-04-11 11:23:22,123 [pool-123-thread-1] INFO  server.RaftServerConfigKeys (ConfUtils.java:logGet(46)) - raft.server.log.purge.gap = 1000000 (custom)
2023-04-11 11:23:22,124 [pool-123-thread-1] INFO  server.RaftServerConfigKeys (ConfUtils.java:logGet(46)) - raft.server.log.appender.buffer.byte-limit = 33554432 (custom)
2023-04-11 11:23:22,124 [pool-123-thread-1] INFO  server.RaftServerConfigKeys (ConfUtils.java:logGet(46)) - raft.server.log.statemachine.data.read.timeout = 1000ms (default)
2023-04-11 11:23:22,124 [pool-123-thread-1] INFO  server.RaftServerConfigKeys (ConfUtils.java:logGet(46)) - raft.server.log.purge.preservation.log.num = 0 (default)
2023-04-11 11:23:22,124 [c75a143a-6faf-4f8e-9847-b3e7e26fc01f@group-9D155BEE1D9D-FollowerState] INFO  server.RaftServerConfigKeys (ConfUtils.java:logFallback(53)) - raft.server.rpc.first-election.timeout.min = 5s (fallback to raft.server.rpc.timeout.min)
2023-04-11 11:23:22,124 [c75a143a-6faf-4f8e-9847-b3e7e26fc01f@group-9D155BEE1D9D-FollowerState] INFO  server.RaftServerConfigKeys (ConfUtils.java:logFallback(53)) - raft.server.rpc.first-election.timeout.max = 5200ms (fallback to raft.server.rpc.timeout.max)
2023-04-11 11:23:22,122 [pool-101-thread-1] INFO  util.JmxRegister (JmxRegister.java:tryRegister(44)) - Successfully registered JMX Bean with object name Ratis:service=RaftServer,group=group-9D155BEE1D9D,id=c75a143a-6faf-4f8e-9847-b3e7e26fc01f
2023-04-11 11:23:22,125 [pool-101-thread-1] INFO  server.RaftServerConfigKeys (ConfUtils.java:logGet(46)) - raft.server.snapshot.auto.trigger.enabled = true (custom)
2023-04-11 11:23:22,125 [pool-101-thread-1] INFO  server.RaftServerConfigKeys (ConfUtils.java:logGet(46)) - raft.server.snapshot.auto.trigger.threshold = 10000 (custom)
2023-04-11 11:23:22,125 [pool-101-thread-1] INFO  server.RaftServerConfigKeys (ConfUtils.java:logGet(46)) - raft.server.snapshot.retention.file.num = 5 (custom)
2023-04-11 11:23:22,125 [pool-101-thread-1] INFO  server.RaftServerConfigKeys (ConfUtils.java:logGet(46)) - raft.server.log.purge.upto.snapshot.index = false (default)
2023-04-11 11:23:22,124 [pool-123-thread-1] INFO  server.RaftServerConfigKeys (ConfUtils.java:logGet(46)) - raft.server.log.segment.size.max = 1048576 (custom)
2023-04-11 11:23:22,126 [pool-123-thread-1] INFO  server.RaftServerConfigKeys (ConfUtils.java:logGet(46)) - raft.server.log.segment.cache.num.max = 2 (custom)
2023-04-11 11:23:22,127 [pool-123-thread-1] INFO  server.RaftServerConfigKeys (ConfUtils.java:logGet(46)) - raft.server.log.segment.cache.size.max = 200MB (=209715200) (default)
2023-04-11 11:23:22,127 [pool-123-thread-1] INFO  segmented.SegmentedRaftLogWorker (SegmentedRaftLogWorker.java:<init>(189)) - new ca122d53-8fd1-4cec-b324-69d908933b08@group-9D155BEE1D9D-SegmentedRaftLogWorker for RaftStorageImpl:Storage Directory /home/runner/work/ozone/ozone/hadoop-ozone/integration-test/target/test-dir/MiniOzoneClusterImpl-9bce2823-b07a-4470-87a5-870b50b19846/datanode-2/data/ratis/80057f08-6aec-4d77-88ef-9d155bee1d9d
2023-04-11 11:23:22,127 [pool-123-thread-1] INFO  server.RaftServerConfigKeys (ConfUtils.java:logGet(46)) - raft.server.log.queue.byte-limit = 4294967296 (custom)
2023-04-11 11:23:22,127 [pool-123-thread-1] INFO  server.RaftServerConfigKeys (ConfUtils.java:logGet(46)) - raft.server.log.queue.element-limit = 1024 (custom)
2023-04-11 11:23:22,127 [pool-123-thread-1] INFO  server.RaftServerConfigKeys (ConfUtils.java:logGet(46)) - raft.server.log.segment.size.max = 1048576 (custom)
2023-04-11 11:23:22,127 [pool-123-thread-1] INFO  server.RaftServerConfigKeys (ConfUtils.java:logGet(46)) - raft.server.log.preallocated.size = 16384 (custom)
2023-04-11 11:23:22,127 [pool-123-thread-1] INFO  server.RaftServerConfigKeys (ConfUtils.java:logGet(46)) - raft.server.log.force.sync.num = 128 (default)
2023-04-11 11:23:22,127 [pool-123-thread-1] INFO  server.RaftServerConfigKeys (ConfUtils.java:logGet(46)) - raft.server.log.statemachine.data.sync = true (default)
2023-04-11 11:23:22,127 [pool-123-thread-1] INFO  server.RaftServerConfigKeys (ConfUtils.java:logGet(46)) - raft.server.log.statemachine.data.sync.timeout = 10s (default)
2023-04-11 11:23:22,127 [pool-123-thread-1] INFO  server.RaftServerConfigKeys (ConfUtils.java:logGet(46)) - raft.server.log.statemachine.data.sync.timeout.retry = -1 (default)
2023-04-11 11:23:22,128 [Command processor thread] INFO  ratis.XceiverServerRatis (XceiverServerRatis.java:addGroup(806)) - Created group PipelineID=80057f08-6aec-4d77-88ef-9d155bee1d9d
2023-04-11 11:23:22,132 [Command processor thread] INFO  server.RaftServer (RaftServerProxy.java:addNew(96)) - ca122d53-8fd1-4cec-b324-69d908933b08: addNew group-E6C880774131:[ca122d53-8fd1-4cec-b324-69d908933b08|rpc:10.1.0.37:44515|dataStream:10.1.0.37:34703|priority:1|startupRole:FOLLOWER] returns group-E6C880774131:java.util.concurrent.CompletableFuture@2e620f18[Not completed]
2023-04-11 11:23:22,145 [pool-123-thread-1] INFO  server.RaftServerConfigKeys (ConfUtils.java:logGet(46)) - raft.server.log.write.buffer.size = 1048576 (custom)
2023-04-11 11:23:22,146 [pool-123-thread-1] INFO  server.RaftServerConfigKeys (ConfUtils.java:logGet(46)) - raft.server.log.appender.buffer.byte-limit = 33554432 (custom)
2023-04-11 11:23:22,153 [pool-123-thread-1] INFO  server.RaftServerConfigKeys (ConfUtils.java:logGet(46)) - raft.server.log.unsafe-flush.enabled = false (default)
2023-04-11 11:23:22,154 [pool-123-thread-1] INFO  server.RaftServerConfigKeys (ConfUtils.java:logGet(46)) - raft.server.log.async-flush.enabled = false (default)
2023-04-11 11:23:22,154 [pool-123-thread-1] INFO  server.RaftServerConfigKeys (ConfUtils.java:logGet(46)) - raft.server.log.statemachine.data.caching.enabled = true (custom)
2023-04-11 11:23:22,154 [pool-123-thread-1] INFO  segmented.SegmentedRaftLogWorker (SegmentedRaftLogWorker.java:lambda$new$0(135)) - ca122d53-8fd1-4cec-b324-69d908933b08@group-9D155BEE1D9D-SegmentedRaftLogWorker: flushIndex: setUnconditionally 0 -> -1
2023-04-11 11:23:22,154 [pool-123-thread-1] INFO  segmented.SegmentedRaftLogWorker (SegmentedRaftLogWorker.java:lambda$new$0(135)) - ca122d53-8fd1-4cec-b324-69d908933b08@group-9D155BEE1D9D-SegmentedRaftLogWorker: safeCacheEvictIndex: setUnconditionally 0 -> -1
2023-04-11 11:23:22,154 [pool-123-thread-1] INFO  server.RaftServer$Division (RaftServerImpl.java:start(334)) - ca122d53-8fd1-4cec-b324-69d908933b08@group-9D155BEE1D9D: start as a follower, conf=-1: peers:[ca122d53-8fd1-4cec-b324-69d908933b08|rpc:10.1.0.37:44515|dataStream:10.1.0.37:34703|priority:0|startupRole:FOLLOWER, 243d07fb-de29-4324-a32b-24d5948493a7|rpc:10.1.0.37:43063|dataStream:10.1.0.37:37595|priority:1|startupRole:FOLLOWER, c75a143a-6faf-4f8e-9847-b3e7e26fc01f|rpc:10.1.0.37:42913|dataStream:10.1.0.37:34813|priority:0|startupRole:FOLLOWER]|listeners:[], old=null
2023-04-11 11:23:22,154 [pool-123-thread-1] INFO  server.RaftServer$Division (RaftServerImpl.java:setRole(321)) - ca122d53-8fd1-4cec-b324-69d908933b08@group-9D155BEE1D9D: changes role from      null to FOLLOWER at term 0 for startAsFollower
2023-04-11 11:23:22,154 [pool-123-thread-1] INFO  impl.RoleInfo (RoleInfo.java:updateAndGet(139)) - ca122d53-8fd1-4cec-b324-69d908933b08: start ca122d53-8fd1-4cec-b324-69d908933b08@group-9D155BEE1D9D-FollowerState
2023-04-11 11:23:22,155 [pool-123-thread-1] INFO  util.JmxRegister (JmxRegister.java:tryRegister(44)) - Successfully registered JMX Bean with object name Ratis:service=RaftServer,group=group-9D155BEE1D9D,id=ca122d53-8fd1-4cec-b324-69d908933b08
2023-04-11 11:23:22,155 [pool-123-thread-1] INFO  server.RaftServerConfigKeys (ConfUtils.java:logGet(46)) - raft.server.snapshot.auto.trigger.enabled = true (custom)
2023-04-11 11:23:22,155 [pool-123-thread-1] INFO  server.RaftServerConfigKeys (ConfUtils.java:logGet(46)) - raft.server.snapshot.auto.trigger.threshold = 10000 (custom)
2023-04-11 11:23:22,155 [pool-123-thread-1] INFO  server.RaftServerConfigKeys (ConfUtils.java:logGet(46)) - raft.server.snapshot.retention.file.num = 5 (custom)
2023-04-11 11:23:22,155 [pool-123-thread-1] INFO  server.RaftServerConfigKeys (ConfUtils.java:logGet(46)) - raft.server.log.purge.upto.snapshot.index = false (default)
2023-04-11 11:23:22,156 [ca122d53-8fd1-4cec-b324-69d908933b08@group-9D155BEE1D9D-FollowerState] INFO  server.RaftServerConfigKeys (ConfUtils.java:logFallback(53)) - raft.server.rpc.first-election.timeout.min = 5s (fallback to raft.server.rpc.timeout.min)
2023-04-11 11:23:22,161 [ca122d53-8fd1-4cec-b324-69d908933b08@group-9D155BEE1D9D-FollowerState] INFO  server.RaftServerConfigKeys (ConfUtils.java:logFallback(53)) - raft.server.rpc.first-election.timeout.max = 5200ms (fallback to raft.server.rpc.timeout.max)
2023-04-11 11:23:22,159 [pool-123-thread-1] INFO  server.RaftServer$Division (RaftServerImpl.java:<init>(195)) - ca122d53-8fd1-4cec-b324-69d908933b08: new RaftServerImpl for group-E6C880774131:[ca122d53-8fd1-4cec-b324-69d908933b08|rpc:10.1.0.37:44515|dataStream:10.1.0.37:34703|priority:1|startupRole:FOLLOWER] with ContainerStateMachine:uninitialized
2023-04-11 11:23:22,162 [pool-123-thread-1] INFO  server.RaftServerConfigKeys (ConfUtils.java:logGet(46)) - raft.server.rpc.timeout.min = 5s (custom)
2023-04-11 11:23:22,162 [pool-123-thread-1] INFO  server.RaftServerConfigKeys (ConfUtils.java:logGet(46)) - raft.server.rpc.timeout.max = 5200ms (custom)
2023-04-11 11:23:22,162 [pool-123-thread-1] INFO  server.RaftServerConfigKeys (ConfUtils.java:logGet(46)) - raft.server.rpc.sleep.time = 25ms (default)
2023-04-11 11:23:22,162 [pool-123-thread-1] INFO  server.RaftServerConfigKeys (ConfUtils.java:logGet(46)) - raft.server.rpc.slowness.timeout = 300s (custom)
2023-04-11 11:23:22,162 [pool-123-thread-1] INFO  server.RaftServerConfigKeys (ConfUtils.java:logGet(46)) - raft.server.leaderelection.leader.step-down.wait-time = 10s (default)
2023-04-11 11:23:22,162 [pool-123-thread-1] INFO  server.RaftServerConfigKeys (ConfUtils.java:logGet(46)) - raft.server.sleep.deviation.threshold = 300ms (default)
2023-04-11 11:23:22,162 [pool-123-thread-1] INFO  server.RaftServer$Division (ServerState.java:<init>(118)) - ca122d53-8fd1-4cec-b324-69d908933b08@group-E6C880774131: ConfigurationManager, init=-1: peers:[ca122d53-8fd1-4cec-b324-69d908933b08|rpc:10.1.0.37:44515|dataStream:10.1.0.37:34703|priority:1|startupRole:FOLLOWER]|listeners:[], old=null, confs=<EMPTY_MAP>
2023-04-11 11:23:22,162 [pool-123-thread-1] INFO  server.RaftServerConfigKeys (ConfUtils.java:logGet(46)) - raft.server.storage.dir = [/home/runner/work/ozone/ozone/hadoop-ozone/integration-test/target/test-dir/MiniOzoneClusterImpl-9bce2823-b07a-4470-87a5-870b50b19846/datanode-2/data/ratis] (custom)
2023-04-11 11:23:22,163 [pool-123-thread-1] INFO  server.RaftServerConfigKeys (ConfUtils.java:logGet(46)) - raft.server.log.corruption.policy = EXCEPTION (default)
2023-04-11 11:23:22,163 [pool-123-thread-1] INFO  server.RaftServerConfigKeys (ConfUtils.java:logGet(46)) - raft.server.storage.free-space.min = 0MB (=0) (default)
2023-04-11 11:23:22,163 [pool-123-thread-1] INFO  server.RaftServerConfigKeys (ConfUtils.java:logGet(46)) - raft.server.notification.no-leader.timeout = 300s (custom)
2023-04-11 11:23:22,163 [pool-123-thread-1] INFO  server.RaftServerConfigKeys (ConfUtils.java:logGet(46)) - raft.server.retrycache.expirytime = 600000ms (custom)
2023-04-11 11:23:22,163 [pool-123-thread-1] INFO  server.RaftServerConfigKeys (ConfUtils.java:logGet(46)) - raft.server.retrycache.statistics.expirytime = 100μs (default)
2023-04-11 11:23:22,165 [pool-123-thread-1] INFO  server.RaftServerConfigKeys (ConfUtils.java:logGet(46)) - raft.server.log.appender.install.snapshot.enabled = false (custom)
2023-04-11 11:23:22,165 [pool-123-thread-1] INFO  server.RaftServerConfigKeys (ConfUtils.java:logGet(46)) - raft.server.threadpool.server.cached = true (default)
2023-04-11 11:23:22,165 [pool-123-thread-1] INFO  server.RaftServerConfigKeys (ConfUtils.java:logGet(46)) - raft.server.threadpool.server.size = 0 (default)
2023-04-11 11:23:22,165 [pool-123-thread-1] INFO  server.RaftServerConfigKeys (ConfUtils.java:logGet(46)) - raft.server.threadpool.client.cached = true (default)
2023-04-11 11:23:22,165 [pool-123-thread-1] INFO  server.RaftServerConfigKeys (ConfUtils.java:logGet(46)) - raft.server.threadpool.client.size = 0 (default)
2023-04-11 11:23:22,165 [pool-123-thread-1] INFO  storage.RaftStorageDirectory (RaftStorageDirectoryImpl.java:analyzeStorage(137)) - The storage directory /home/runner/work/ozone/ozone/hadoop-ozone/integration-test/target/test-dir/MiniOzoneClusterImpl-9bce2823-b07a-4470-87a5-870b50b19846/datanode-2/data/ratis/5ffc162c-4520-4174-9edf-e6c880774131 does not exist. Creating ...
2023-04-11 11:23:22,169 [pool-123-thread-1] INFO  storage.RaftStorageDirectory (RaftStorageDirectoryImpl.java:tryLock(231)) - Lock on /home/runner/work/ozone/ozone/hadoop-ozone/integration-test/target/test-dir/MiniOzoneClusterImpl-9bce2823-b07a-4470-87a5-870b50b19846/datanode-2/data/ratis/5ffc162c-4520-4174-9edf-e6c880774131/in_use.lock acquired by nodename 48974@fv-az590-525
2023-04-11 11:23:22,171 [pool-123-thread-1] INFO  storage.RaftStorage (RaftStorageImpl.java:format(96)) - Storage directory /home/runner/work/ozone/ozone/hadoop-ozone/integration-test/target/test-dir/MiniOzoneClusterImpl-9bce2823-b07a-4470-87a5-870b50b19846/datanode-2/data/ratis/5ffc162c-4520-4174-9edf-e6c880774131 has been successfully formatted.
2023-04-11 11:23:22,171 [pool-123-thread-1] INFO  ratis.ContainerStateMachine (ContainerStateMachine.java:loadSnapshot(262)) - group-E6C880774131: The snapshot info is null. Setting the last applied indexto:(t:0, i:~)
2023-04-11 11:23:22,171 [pool-123-thread-1] INFO  server.RaftServerConfigKeys (ConfUtils.java:logGet(46)) - raft.server.log.use.memory = false (default)
2023-04-11 11:23:22,172 [pool-123-thread-1] INFO  server.RaftServerConfigKeys (ConfUtils.java:logGet(46)) - raft.server.log.purge.gap = 1000000 (custom)
2023-04-11 11:23:22,172 [pool-123-thread-1] INFO  server.RaftServerConfigKeys (ConfUtils.java:logGet(46)) - raft.server.log.appender.buffer.byte-limit = 33554432 (custom)
2023-04-11 11:23:22,172 [pool-123-thread-1] INFO  server.RaftServerConfigKeys (ConfUtils.java:logGet(46)) - raft.server.log.statemachine.data.read.timeout = 1000ms (default)
2023-04-11 11:23:22,172 [pool-123-thread-1] INFO  server.RaftServerConfigKeys (ConfUtils.java:logGet(46)) - raft.server.log.purge.preservation.log.num = 0 (default)
2023-04-11 11:23:22,172 [pool-123-thread-1] INFO  server.RaftServerConfigKeys (ConfUtils.java:logGet(46)) - raft.server.log.segment.size.max = 1048576 (custom)
2023-04-11 11:23:22,172 [pool-123-thread-1] INFO  server.RaftServerConfigKeys (ConfUtils.java:logGet(46)) - raft.server.log.segment.cache.num.max = 2 (custom)
2023-04-11 11:23:22,172 [pool-123-thread-1] INFO  server.RaftServerConfigKeys (ConfUtils.java:logGet(46)) - raft.server.log.segment.cache.size.max = 200MB (=209715200) (default)
2023-04-11 11:23:22,172 [pool-123-thread-1] INFO  segmented.SegmentedRaftLogWorker (SegmentedRaftLogWorker.java:<init>(189)) - new ca122d53-8fd1-4cec-b324-69d908933b08@group-E6C880774131-SegmentedRaftLogWorker for RaftStorageImpl:Storage Directory /home/runner/work/ozone/ozone/hadoop-ozone/integration-test/target/test-dir/MiniOzoneClusterImpl-9bce2823-b07a-4470-87a5-870b50b19846/datanode-2/data/ratis/5ffc162c-4520-4174-9edf-e6c880774131
2023-04-11 11:23:22,172 [pool-123-thread-1] INFO  server.RaftServerConfigKeys (ConfUtils.java:logGet(46)) - raft.server.log.queue.byte-limit = 4294967296 (custom)
2023-04-11 11:23:22,173 [pool-123-thread-1] INFO  server.RaftServerConfigKeys (ConfUtils.java:logGet(46)) - raft.server.log.queue.element-limit = 1024 (custom)
2023-04-11 11:23:22,173 [pool-123-thread-1] INFO  server.RaftServerConfigKeys (ConfUtils.java:logGet(46)) - raft.server.log.segment.size.max = 1048576 (custom)
2023-04-11 11:23:22,173 [pool-123-thread-1] INFO  server.RaftServerConfigKeys (ConfUtils.java:logGet(46)) - raft.server.log.preallocated.size = 16384 (custom)
2023-04-11 11:23:22,173 [pool-123-thread-1] INFO  server.RaftServerConfigKeys (ConfUtils.java:logGet(46)) - raft.server.log.force.sync.num = 128 (default)
2023-04-11 11:23:22,173 [pool-123-thread-1] INFO  server.RaftServerConfigKeys (ConfUtils.java:logGet(46)) - raft.server.log.statemachine.data.sync = true (default)
2023-04-11 11:23:22,173 [pool-123-thread-1] INFO  server.RaftServerConfigKeys (ConfUtils.java:logGet(46)) - raft.server.log.statemachine.data.sync.timeout = 10s (default)
2023-04-11 11:23:22,173 [pool-123-thread-1] INFO  server.RaftServerConfigKeys (ConfUtils.java:logGet(46)) - raft.server.log.statemachine.data.sync.timeout.retry = -1 (default)
2023-04-11 11:23:22,178 [pool-123-thread-1] INFO  server.RaftServerConfigKeys (ConfUtils.java:logGet(46)) - raft.server.log.write.buffer.size = 1048576 (custom)
2023-04-11 11:23:22,184 [pool-123-thread-1] INFO  server.RaftServerConfigKeys (ConfUtils.java:logGet(46)) - raft.server.log.appender.buffer.byte-limit = 33554432 (custom)
2023-04-11 11:23:22,183 [EventQueue-PipelineReportForPipelineReportHandler] INFO  pipeline.PipelineManagerImpl (PipelineManagerImpl.java:openPipeline(367)) - Pipeline Pipeline[ Id: 5ffc162c-4520-4174-9edf-e6c880774131, Nodes: ca122d53-8fd1-4cec-b324-69d908933b08(fv-az590-525.scpgifznvsounmmscp2whtfmwe.cx.internal.cloudapp.net/10.1.0.37), ReplicationConfig: RATIS/ONE, State:ALLOCATED, leaderId:ca122d53-8fd1-4cec-b324-69d908933b08, CreationTimestamp2023-04-11T11:23:19.133Z[Etc/UTC]] moved to OPEN state
2023-04-11 11:23:22,186 [EventQueue-OpenPipelineForHealthyPipelineSafeModeRule] INFO  safemode.SCMSafeModeManager (HealthyPipelineSafeModeRule.java:process(137)) - SCM in safe mode. Healthy pipelines reported count is 0, required healthy pipeline reported count is 1
2023-04-11 11:23:22,189 [pool-123-thread-1] INFO  server.RaftServerConfigKeys (ConfUtils.java:logGet(46)) - raft.server.log.unsafe-flush.enabled = false (default)
2023-04-11 11:23:22,189 [pool-123-thread-1] INFO  server.RaftServerConfigKeys (ConfUtils.java:logGet(46)) - raft.server.log.async-flush.enabled = false (default)
2023-04-11 11:23:22,189 [pool-123-thread-1] INFO  server.RaftServerConfigKeys (ConfUtils.java:logGet(46)) - raft.server.log.statemachine.data.caching.enabled = true (custom)
2023-04-11 11:23:22,189 [pool-123-thread-1] INFO  segmented.SegmentedRaftLogWorker (SegmentedRaftLogWorker.java:lambda$new$0(135)) - ca122d53-8fd1-4cec-b324-69d908933b08@group-E6C880774131-SegmentedRaftLogWorker: flushIndex: setUnconditionally 0 -> -1
2023-04-11 11:23:22,191 [pool-123-thread-1] INFO  segmented.SegmentedRaftLogWorker (SegmentedRaftLogWorker.java:lambda$new$0(135)) - ca122d53-8fd1-4cec-b324-69d908933b08@group-E6C880774131-SegmentedRaftLogWorker: safeCacheEvictIndex: setUnconditionally 0 -> -1
2023-04-11 11:23:22,196 [pool-123-thread-1] INFO  server.RaftServer$Division (RaftServerImpl.java:start(334)) - ca122d53-8fd1-4cec-b324-69d908933b08@group-E6C880774131: start as a follower, conf=-1: peers:[ca122d53-8fd1-4cec-b324-69d908933b08|rpc:10.1.0.37:44515|dataStream:10.1.0.37:34703|priority:1|startupRole:FOLLOWER]|listeners:[], old=null
2023-04-11 11:23:22,196 [pool-123-thread-1] INFO  server.RaftServer$Division (RaftServerImpl.java:setRole(321)) - ca122d53-8fd1-4cec-b324-69d908933b08@group-E6C880774131: changes role from      null to FOLLOWER at term 0 for startAsFollower
2023-04-11 11:23:22,196 [pool-123-thread-1] INFO  impl.RoleInfo (RoleInfo.java:updateAndGet(139)) - ca122d53-8fd1-4cec-b324-69d908933b08: start ca122d53-8fd1-4cec-b324-69d908933b08@group-E6C880774131-FollowerState
2023-04-11 11:23:22,197 [pool-123-thread-1] INFO  util.JmxRegister (JmxRegister.java:tryRegister(44)) - Successfully registered JMX Bean with object name Ratis:service=RaftServer,group=group-E6C880774131,id=ca122d53-8fd1-4cec-b324-69d908933b08
2023-04-11 11:23:22,197 [pool-123-thread-1] INFO  server.RaftServerConfigKeys (ConfUtils.java:logGet(46)) - raft.server.snapshot.auto.trigger.enabled = true (custom)
2023-04-11 11:23:22,197 [pool-123-thread-1] INFO  server.RaftServerConfigKeys (ConfUtils.java:logGet(46)) - raft.server.snapshot.auto.trigger.threshold = 10000 (custom)
2023-04-11 11:23:22,197 [pool-123-thread-1] INFO  server.RaftServerConfigKeys (ConfUtils.java:logGet(46)) - raft.server.snapshot.retention.file.num = 5 (custom)
2023-04-11 11:23:22,197 [pool-123-thread-1] INFO  server.RaftServerConfigKeys (ConfUtils.java:logGet(46)) - raft.server.log.purge.upto.snapshot.index = false (default)
2023-04-11 11:23:22,198 [ca122d53-8fd1-4cec-b324-69d908933b08@group-E6C880774131-FollowerState] INFO  server.RaftServerConfigKeys (ConfUtils.java:logFallback(53)) - raft.server.rpc.first-election.timeout.min = 5s (fallback to raft.server.rpc.timeout.min)
2023-04-11 11:23:22,198 [ca122d53-8fd1-4cec-b324-69d908933b08@group-E6C880774131-FollowerState] INFO  server.RaftServerConfigKeys (ConfUtils.java:logFallback(53)) - raft.server.rpc.first-election.timeout.max = 5200ms (fallback to raft.server.rpc.timeout.max)
2023-04-11 11:23:22,198 [Command processor thread] INFO  ratis.XceiverServerRatis (XceiverServerRatis.java:addGroup(806)) - Created group PipelineID=5ffc162c-4520-4174-9edf-e6c880774131
2023-04-11 11:23:22,199 [Command processor thread] INFO  commandhandler.CreatePipelineCommandHandler (CreatePipelineCommandHandler.java:handle(113)) - Created Pipeline RATIS ONE PipelineID=5ffc162c-4520-4174-9edf-e6c880774131.
2023-04-11 11:23:22,235 [Command processor thread] INFO  commandhandler.CreatePipelineCommandHandler (CreatePipelineCommandHandler.java:handle(113)) - Created Pipeline RATIS THREE PipelineID=80057f08-6aec-4d77-88ef-9d155bee1d9d.
2023-04-11 11:23:22,242 [Command processor thread] INFO  commandhandler.CreatePipelineCommandHandler (CreatePipelineCommandHandler.java:handle(113)) - Created Pipeline RATIS THREE PipelineID=80057f08-6aec-4d77-88ef-9d155bee1d9d.
2023-04-11 11:23:22,462 [Command processor thread] INFO  server.RaftServer (RaftServerProxy.java:addNew(96)) - cea8b5f9-ee25-46f1-ad4b-37d39f533b4e: addNew group-9D8617117D36:[cea8b5f9-ee25-46f1-ad4b-37d39f533b4e|rpc:10.1.0.37:45437|dataStream:10.1.0.37:34841|priority:1|startupRole:FOLLOWER] returns group-9D8617117D36:java.util.concurrent.CompletableFuture@996d769[Not completed]
2023-04-11 11:23:22,468 [pool-145-thread-1] INFO  server.RaftServer$Division (RaftServerImpl.java:<init>(195)) - cea8b5f9-ee25-46f1-ad4b-37d39f533b4e: new RaftServerImpl for group-9D8617117D36:[cea8b5f9-ee25-46f1-ad4b-37d39f533b4e|rpc:10.1.0.37:45437|dataStream:10.1.0.37:34841|priority:1|startupRole:FOLLOWER] with ContainerStateMachine:uninitialized
2023-04-11 11:23:22,469 [pool-145-thread-1] INFO  server.RaftServerConfigKeys (ConfUtils.java:logGet(46)) - raft.server.rpc.timeout.min = 5s (custom)
2023-04-11 11:23:22,470 [pool-145-thread-1] INFO  server.RaftServerConfigKeys (ConfUtils.java:logGet(46)) - raft.server.rpc.timeout.max = 5200ms (custom)
2023-04-11 11:23:22,470 [pool-145-thread-1] INFO  server.RaftServerConfigKeys (ConfUtils.java:logGet(46)) - raft.server.rpc.sleep.time = 25ms (default)
2023-04-11 11:23:22,470 [pool-145-thread-1] INFO  server.RaftServerConfigKeys (ConfUtils.java:logGet(46)) - raft.server.rpc.slowness.timeout = 300s (custom)
2023-04-11 11:23:22,470 [pool-145-thread-1] INFO  server.RaftServerConfigKeys (ConfUtils.java:logGet(46)) - raft.server.leaderelection.leader.step-down.wait-time = 10s (default)
2023-04-11 11:23:22,470 [pool-145-thread-1] INFO  server.RaftServerConfigKeys (ConfUtils.java:logGet(46)) - raft.server.sleep.deviation.threshold = 300ms (default)
2023-04-11 11:23:22,470 [pool-145-thread-1] INFO  server.RaftServer$Division (ServerState.java:<init>(118)) - cea8b5f9-ee25-46f1-ad4b-37d39f533b4e@group-9D8617117D36: ConfigurationManager, init=-1: peers:[cea8b5f9-ee25-46f1-ad4b-37d39f533b4e|rpc:10.1.0.37:45437|dataStream:10.1.0.37:34841|priority:1|startupRole:FOLLOWER]|listeners:[], old=null, confs=<EMPTY_MAP>
2023-04-11 11:23:22,470 [pool-145-thread-1] INFO  server.RaftServerConfigKeys (ConfUtils.java:logGet(46)) - raft.server.storage.dir = [/home/runner/work/ozone/ozone/hadoop-ozone/integration-test/target/test-dir/MiniOzoneClusterImpl-9bce2823-b07a-4470-87a5-870b50b19846/datanode-3/data/ratis] (custom)
2023-04-11 11:23:22,470 [pool-145-thread-1] INFO  server.RaftServerConfigKeys (ConfUtils.java:logGet(46)) - raft.server.log.corruption.policy = EXCEPTION (default)
2023-04-11 11:23:22,470 [pool-145-thread-1] INFO  server.RaftServerConfigKeys (ConfUtils.java:logGet(46)) - raft.server.storage.free-space.min = 0MB (=0) (default)
2023-04-11 11:23:22,470 [pool-145-thread-1] INFO  server.RaftServerConfigKeys (ConfUtils.java:logGet(46)) - raft.server.notification.no-leader.timeout = 300s (custom)
2023-04-11 11:23:22,470 [pool-145-thread-1] INFO  server.RaftServerConfigKeys (ConfUtils.java:logGet(46)) - raft.server.retrycache.expirytime = 600000ms (custom)
2023-04-11 11:23:22,471 [pool-145-thread-1] INFO  server.RaftServerConfigKeys (ConfUtils.java:logGet(46)) - raft.server.retrycache.statistics.expirytime = 100μs (default)
2023-04-11 11:23:22,474 [pool-145-thread-1] INFO  server.RaftServerConfigKeys (ConfUtils.java:logGet(46)) - raft.server.log.appender.install.snapshot.enabled = false (custom)
2023-04-11 11:23:22,474 [pool-145-thread-1] INFO  server.RaftServerConfigKeys (ConfUtils.java:logGet(46)) - raft.server.threadpool.server.cached = true (default)
2023-04-11 11:23:22,474 [pool-145-thread-1] INFO  server.RaftServerConfigKeys (ConfUtils.java:logGet(46)) - raft.server.threadpool.server.size = 0 (default)
2023-04-11 11:23:22,474 [pool-145-thread-1] INFO  server.RaftServerConfigKeys (ConfUtils.java:logGet(46)) - raft.server.threadpool.client.cached = true (default)
2023-04-11 11:23:22,474 [pool-145-thread-1] INFO  server.RaftServerConfigKeys (ConfUtils.java:logGet(46)) - raft.server.threadpool.client.size = 0 (default)
2023-04-11 11:23:22,474 [pool-145-thread-1] INFO  storage.RaftStorageDirectory (RaftStorageDirectoryImpl.java:analyzeStorage(137)) - The storage directory /home/runner/work/ozone/ozone/hadoop-ozone/integration-test/target/test-dir/MiniOzoneClusterImpl-9bce2823-b07a-4470-87a5-870b50b19846/datanode-3/data/ratis/d1d7c35b-2092-4634-9233-9d8617117d36 does not exist. Creating ...
2023-04-11 11:23:22,475 [pool-145-thread-1] INFO  storage.RaftStorageDirectory (RaftStorageDirectoryImpl.java:tryLock(231)) - Lock on /home/runner/work/ozone/ozone/hadoop-ozone/integration-test/target/test-dir/MiniOzoneClusterImpl-9bce2823-b07a-4470-87a5-870b50b19846/datanode-3/data/ratis/d1d7c35b-2092-4634-9233-9d8617117d36/in_use.lock acquired by nodename 48974@fv-az590-525
2023-04-11 11:23:22,477 [pool-145-thread-1] INFO  storage.RaftStorage (RaftStorageImpl.java:format(96)) - Storage directory /home/runner/work/ozone/ozone/hadoop-ozone/integration-test/target/test-dir/MiniOzoneClusterImpl-9bce2823-b07a-4470-87a5-870b50b19846/datanode-3/data/ratis/d1d7c35b-2092-4634-9233-9d8617117d36 has been successfully formatted.
2023-04-11 11:23:22,480 [pool-145-thread-1] INFO  ratis.ContainerStateMachine (ContainerStateMachine.java:loadSnapshot(262)) - group-9D8617117D36: The snapshot info is null. Setting the last applied indexto:(t:0, i:~)
2023-04-11 11:23:22,481 [EventQueue-PipelineReportForPipelineReportHandler] INFO  pipeline.PipelineManagerImpl (PipelineManagerImpl.java:openPipeline(367)) - Pipeline Pipeline[ Id: d1d7c35b-2092-4634-9233-9d8617117d36, Nodes: cea8b5f9-ee25-46f1-ad4b-37d39f533b4e(fv-az590-525.scpgifznvsounmmscp2whtfmwe.cx.internal.cloudapp.net/10.1.0.37), ReplicationConfig: RATIS/ONE, State:ALLOCATED, leaderId:cea8b5f9-ee25-46f1-ad4b-37d39f533b4e, CreationTimestamp2023-04-11T11:23:19.464Z[Etc/UTC]] moved to OPEN state
2023-04-11 11:23:22,482 [pool-145-thread-1] INFO  server.RaftServerConfigKeys (ConfUtils.java:logGet(46)) - raft.server.log.use.memory = false (default)
2023-04-11 11:23:22,482 [pool-145-thread-1] INFO  server.RaftServerConfigKeys (ConfUtils.java:logGet(46)) - raft.server.log.purge.gap = 1000000 (custom)
2023-04-11 11:23:22,482 [pool-145-thread-1] INFO  server.RaftServerConfigKeys (ConfUtils.java:logGet(46)) - raft.server.log.appender.buffer.byte-limit = 33554432 (custom)
2023-04-11 11:23:22,482 [pool-145-thread-1] INFO  server.RaftServerConfigKeys (ConfUtils.java:logGet(46)) - raft.server.log.statemachine.data.read.timeout = 1000ms (default)
2023-04-11 11:23:22,482 [EventQueue-OpenPipelineForHealthyPipelineSafeModeRule] INFO  safemode.SCMSafeModeManager (HealthyPipelineSafeModeRule.java:process(137)) - SCM in safe mode. Healthy pipelines reported count is 0, required healthy pipeline reported count is 1
2023-04-11 11:23:22,482 [pool-145-thread-1] INFO  server.RaftServerConfigKeys (ConfUtils.java:logGet(46)) - raft.server.log.purge.preservation.log.num = 0 (default)
2023-04-11 11:23:22,483 [pool-145-thread-1] INFO  server.RaftServerConfigKeys (ConfUtils.java:logGet(46)) - raft.server.log.segment.size.max = 1048576 (custom)
2023-04-11 11:23:22,486 [pool-145-thread-1] INFO  server.RaftServerConfigKeys (ConfUtils.java:logGet(46)) - raft.server.log.segment.cache.num.max = 2 (custom)
2023-04-11 11:23:22,486 [pool-145-thread-1] INFO  server.RaftServerConfigKeys (ConfUtils.java:logGet(46)) - raft.server.log.segment.cache.size.max = 200MB (=209715200) (default)
2023-04-11 11:23:22,486 [pool-145-thread-1] INFO  segmented.SegmentedRaftLogWorker (SegmentedRaftLogWorker.java:<init>(189)) - new cea8b5f9-ee25-46f1-ad4b-37d39f533b4e@group-9D8617117D36-SegmentedRaftLogWorker for RaftStorageImpl:Storage Directory /home/runner/work/ozone/ozone/hadoop-ozone/integration-test/target/test-dir/MiniOzoneClusterImpl-9bce2823-b07a-4470-87a5-870b50b19846/datanode-3/data/ratis/d1d7c35b-2092-4634-9233-9d8617117d36
2023-04-11 11:23:22,486 [pool-145-thread-1] INFO  server.RaftServerConfigKeys (ConfUtils.java:logGet(46)) - raft.server.log.queue.byte-limit = 4294967296 (custom)
2023-04-11 11:23:22,486 [pool-145-thread-1] INFO  server.RaftServerConfigKeys (ConfUtils.java:logGet(46)) - raft.server.log.queue.element-limit = 1024 (custom)
2023-04-11 11:23:22,486 [pool-145-thread-1] INFO  server.RaftServerConfigKeys (ConfUtils.java:logGet(46)) - raft.server.log.segment.size.max = 1048576 (custom)
2023-04-11 11:23:22,486 [pool-145-thread-1] INFO  server.RaftServerConfigKeys (ConfUtils.java:logGet(46)) - raft.server.log.preallocated.size = 16384 (custom)
2023-04-11 11:23:22,486 [pool-145-thread-1] INFO  server.RaftServerConfigKeys (ConfUtils.java:logGet(46)) - raft.server.log.force.sync.num = 128 (default)
2023-04-11 11:23:22,486 [pool-145-thread-1] INFO  server.RaftServerConfigKeys (ConfUtils.java:logGet(46)) - raft.server.log.statemachine.data.sync = true (default)
2023-04-11 11:23:22,486 [pool-145-thread-1] INFO  server.RaftServerConfigKeys (ConfUtils.java:logGet(46)) - raft.server.log.statemachine.data.sync.timeout = 10s (default)
2023-04-11 11:23:22,486 [pool-145-thread-1] INFO  server.RaftServerConfigKeys (ConfUtils.java:logGet(46)) - raft.server.log.statemachine.data.sync.timeout.retry = -1 (default)
2023-04-11 11:23:22,487 [pool-145-thread-1] INFO  server.RaftServerConfigKeys (ConfUtils.java:logGet(46)) - raft.server.log.write.buffer.size = 1048576 (custom)
2023-04-11 11:23:22,488 [pool-145-thread-1] INFO  server.RaftServerConfigKeys (ConfUtils.java:logGet(46)) - raft.server.log.appender.buffer.byte-limit = 33554432 (custom)
2023-04-11 11:23:22,495 [pool-145-thread-1] INFO  server.RaftServerConfigKeys (ConfUtils.java:logGet(46)) - raft.server.log.unsafe-flush.enabled = false (default)
2023-04-11 11:23:22,496 [pool-145-thread-1] INFO  server.RaftServerConfigKeys (ConfUtils.java:logGet(46)) - raft.server.log.async-flush.enabled = false (default)
2023-04-11 11:23:22,496 [pool-145-thread-1] INFO  server.RaftServerConfigKeys (ConfUtils.java:logGet(46)) - raft.server.log.statemachine.data.caching.enabled = true (custom)
2023-04-11 11:23:22,496 [pool-145-thread-1] INFO  segmented.SegmentedRaftLogWorker (SegmentedRaftLogWorker.java:lambda$new$0(135)) - cea8b5f9-ee25-46f1-ad4b-37d39f533b4e@group-9D8617117D36-SegmentedRaftLogWorker: flushIndex: setUnconditionally 0 -> -1
2023-04-11 11:23:22,496 [pool-145-thread-1] INFO  segmented.SegmentedRaftLogWorker (SegmentedRaftLogWorker.java:lambda$new$0(135)) - cea8b5f9-ee25-46f1-ad4b-37d39f533b4e@group-9D8617117D36-SegmentedRaftLogWorker: safeCacheEvictIndex: setUnconditionally 0 -> -1
2023-04-11 11:23:22,496 [pool-145-thread-1] INFO  server.RaftServer$Division (RaftServerImpl.java:start(334)) - cea8b5f9-ee25-46f1-ad4b-37d39f533b4e@group-9D8617117D36: start as a follower, conf=-1: peers:[cea8b5f9-ee25-46f1-ad4b-37d39f533b4e|rpc:10.1.0.37:45437|dataStream:10.1.0.37:34841|priority:1|startupRole:FOLLOWER]|listeners:[], old=null
2023-04-11 11:23:22,496 [pool-145-thread-1] INFO  server.RaftServer$Division (RaftServerImpl.java:setRole(321)) - cea8b5f9-ee25-46f1-ad4b-37d39f533b4e@group-9D8617117D36: changes role from      null to FOLLOWER at term 0 for startAsFollower
2023-04-11 11:23:22,496 [pool-145-thread-1] INFO  impl.RoleInfo (RoleInfo.java:updateAndGet(139)) - cea8b5f9-ee25-46f1-ad4b-37d39f533b4e: start cea8b5f9-ee25-46f1-ad4b-37d39f533b4e@group-9D8617117D36-FollowerState
2023-04-11 11:23:22,497 [pool-145-thread-1] INFO  util.JmxRegister (JmxRegister.java:tryRegister(44)) - Successfully registered JMX Bean with object name Ratis:service=RaftServer,group=group-9D8617117D36,id=cea8b5f9-ee25-46f1-ad4b-37d39f533b4e
2023-04-11 11:23:22,497 [cea8b5f9-ee25-46f1-ad4b-37d39f533b4e@group-9D8617117D36-FollowerState] INFO  server.RaftServerConfigKeys (ConfUtils.java:logFallback(53)) - raft.server.rpc.first-election.timeout.min = 5s (fallback to raft.server.rpc.timeout.min)
2023-04-11 11:23:22,497 [pool-145-thread-1] INFO  server.RaftServerConfigKeys (ConfUtils.java:logGet(46)) - raft.server.snapshot.auto.trigger.enabled = true (custom)
2023-04-11 11:23:22,498 [cea8b5f9-ee25-46f1-ad4b-37d39f533b4e@group-9D8617117D36-FollowerState] INFO  server.RaftServerConfigKeys (ConfUtils.java:logFallback(53)) - raft.server.rpc.first-election.timeout.max = 5200ms (fallback to raft.server.rpc.timeout.max)
2023-04-11 11:23:22,498 [pool-145-thread-1] INFO  server.RaftServerConfigKeys (ConfUtils.java:logGet(46)) - raft.server.snapshot.auto.trigger.threshold = 10000 (custom)
2023-04-11 11:23:22,498 [pool-145-thread-1] INFO  server.RaftServerConfigKeys (ConfUtils.java:logGet(46)) - raft.server.snapshot.retention.file.num = 5 (custom)
2023-04-11 11:23:22,498 [pool-145-thread-1] INFO  server.RaftServerConfigKeys (ConfUtils.java:logGet(46)) - raft.server.log.purge.upto.snapshot.index = false (default)
2023-04-11 11:23:22,499 [Command processor thread] INFO  ratis.XceiverServerRatis (XceiverServerRatis.java:addGroup(806)) - Created group PipelineID=d1d7c35b-2092-4634-9233-9d8617117d36
2023-04-11 11:23:22,499 [Command processor thread] INFO  commandhandler.CreatePipelineCommandHandler (CreatePipelineCommandHandler.java:handle(113)) - Created Pipeline RATIS ONE PipelineID=d1d7c35b-2092-4634-9233-9d8617117d36.
2023-04-11 11:23:22,823 [Command processor thread] INFO  server.RaftServer (RaftServerProxy.java:addNew(96)) - 977ecd76-07f1-4d4a-bcc7-583ed48225e4: addNew group-697C47503325:[977ecd76-07f1-4d4a-bcc7-583ed48225e4|rpc:10.1.0.37:39833|dataStream:10.1.0.37:34851|priority:1|startupRole:FOLLOWER] returns group-697C47503325:java.util.concurrent.CompletableFuture@77ae75aa[Not completed]
2023-04-11 11:23:22,824 [pool-167-thread-1] INFO  server.RaftServer$Division (RaftServerImpl.java:<init>(195)) - 977ecd76-07f1-4d4a-bcc7-583ed48225e4: new RaftServerImpl for group-697C47503325:[977ecd76-07f1-4d4a-bcc7-583ed48225e4|rpc:10.1.0.37:39833|dataStream:10.1.0.37:34851|priority:1|startupRole:FOLLOWER] with ContainerStateMachine:uninitialized
2023-04-11 11:23:22,825 [pool-167-thread-1] INFO  server.RaftServerConfigKeys (ConfUtils.java:logGet(46)) - raft.server.rpc.timeout.min = 5s (custom)
2023-04-11 11:23:22,825 [pool-167-thread-1] INFO  server.RaftServerConfigKeys (ConfUtils.java:logGet(46)) - raft.server.rpc.timeout.max = 5200ms (custom)
2023-04-11 11:23:22,825 [pool-167-thread-1] INFO  server.RaftServerConfigKeys (ConfUtils.java:logGet(46)) - raft.server.rpc.sleep.time = 25ms (default)
2023-04-11 11:23:22,825 [pool-167-thread-1] INFO  server.RaftServerConfigKeys (ConfUtils.java:logGet(46)) - raft.server.rpc.slowness.timeout = 300s (custom)
2023-04-11 11:23:22,825 [pool-167-thread-1] INFO  server.RaftServerConfigKeys (ConfUtils.java:logGet(46)) - raft.server.leaderelection.leader.step-down.wait-time = 10s (default)
2023-04-11 11:23:22,825 [pool-167-thread-1] INFO  server.RaftServerConfigKeys (ConfUtils.java:logGet(46)) - raft.server.sleep.deviation.threshold = 300ms (default)
2023-04-11 11:23:22,825 [pool-167-thread-1] INFO  server.RaftServer$Division (ServerState.java:<init>(118)) - 977ecd76-07f1-4d4a-bcc7-583ed48225e4@group-697C47503325: ConfigurationManager, init=-1: peers:[977ecd76-07f1-4d4a-bcc7-583ed48225e4|rpc:10.1.0.37:39833|dataStream:10.1.0.37:34851|priority:1|startupRole:FOLLOWER]|listeners:[], old=null, confs=<EMPTY_MAP>
2023-04-11 11:23:22,825 [pool-167-thread-1] INFO  server.RaftServerConfigKeys (ConfUtils.java:logGet(46)) - raft.server.storage.dir = [/home/runner/work/ozone/ozone/hadoop-ozone/integration-test/target/test-dir/MiniOzoneClusterImpl-9bce2823-b07a-4470-87a5-870b50b19846/datanode-4/data/ratis] (custom)
2023-04-11 11:23:22,825 [pool-167-thread-1] INFO  server.RaftServerConfigKeys (ConfUtils.java:logGet(46)) - raft.server.log.corruption.policy = EXCEPTION (default)
2023-04-11 11:23:22,825 [pool-167-thread-1] INFO  server.RaftServerConfigKeys (ConfUtils.java:logGet(46)) - raft.server.storage.free-space.min = 0MB (=0) (default)
2023-04-11 11:23:22,826 [pool-167-thread-1] INFO  server.RaftServerConfigKeys (ConfUtils.java:logGet(46)) - raft.server.notification.no-leader.timeout = 300s (custom)
2023-04-11 11:23:22,826 [pool-167-thread-1] INFO  server.RaftServerConfigKeys (ConfUtils.java:logGet(46)) - raft.server.retrycache.expirytime = 600000ms (custom)
2023-04-11 11:23:22,826 [pool-167-thread-1] INFO  server.RaftServerConfigKeys (ConfUtils.java:logGet(46)) - raft.server.retrycache.statistics.expirytime = 100μs (default)
2023-04-11 11:23:22,828 [pool-167-thread-1] INFO  server.RaftServerConfigKeys (ConfUtils.java:logGet(46)) - raft.server.log.appender.install.snapshot.enabled = false (custom)
2023-04-11 11:23:22,828 [pool-167-thread-1] INFO  server.RaftServerConfigKeys (ConfUtils.java:logGet(46)) - raft.server.threadpool.server.cached = true (default)
2023-04-11 11:23:22,828 [pool-167-thread-1] INFO  server.RaftServerConfigKeys (ConfUtils.java:logGet(46)) - raft.server.threadpool.server.size = 0 (default)
2023-04-11 11:23:22,828 [pool-167-thread-1] INFO  server.RaftServerConfigKeys (ConfUtils.java:logGet(46)) - raft.server.threadpool.client.cached = true (default)
2023-04-11 11:23:22,828 [pool-167-thread-1] INFO  server.RaftServerConfigKeys (ConfUtils.java:logGet(46)) - raft.server.threadpool.client.size = 0 (default)
2023-04-11 11:23:22,829 [pool-167-thread-1] INFO  storage.RaftStorageDirectory (RaftStorageDirectoryImpl.java:analyzeStorage(137)) - The storage directory /home/runner/work/ozone/ozone/hadoop-ozone/integration-test/target/test-dir/MiniOzoneClusterImpl-9bce2823-b07a-4470-87a5-870b50b19846/datanode-4/data/ratis/c9a9fcd4-9cee-46f9-99db-697c47503325 does not exist. Creating ...
2023-04-11 11:23:22,832 [pool-167-thread-1] INFO  storage.RaftStorageDirectory (RaftStorageDirectoryImpl.java:tryLock(231)) - Lock on /home/runner/work/ozone/ozone/hadoop-ozone/integration-test/target/test-dir/MiniOzoneClusterImpl-9bce2823-b07a-4470-87a5-870b50b19846/datanode-4/data/ratis/c9a9fcd4-9cee-46f9-99db-697c47503325/in_use.lock acquired by nodename 48974@fv-az590-525
2023-04-11 11:23:22,832 [Listener at 127.0.0.1/36763] INFO  ozone.MiniOzoneClusterImpl (MiniOzoneClusterImpl.java:lambda$waitForClusterToBeReady$0(222)) - Nodes are ready. Got 5 of 5 DN Heartbeats.
2023-04-11 11:23:22,832 [Listener at 127.0.0.1/36763] INFO  ozone.MiniOzoneClusterImpl (MiniOzoneClusterImpl.java:lambda$waitForClusterToBeReady$0(225)) - Waiting for cluster to exit safe mode
2023-04-11 11:23:22,832 [Listener at 127.0.0.1/36763] INFO  ozone.MiniOzoneClusterImpl (MiniOzoneClusterImpl.java:lambda$waitForClusterToBeReady$0(227)) - SCM became leader
2023-04-11 11:23:22,833 [pool-167-thread-1] INFO  storage.RaftStorage (RaftStorageImpl.java:format(96)) - Storage directory /home/runner/work/ozone/ozone/hadoop-ozone/integration-test/target/test-dir/MiniOzoneClusterImpl-9bce2823-b07a-4470-87a5-870b50b19846/datanode-4/data/ratis/c9a9fcd4-9cee-46f9-99db-697c47503325 has been successfully formatted.
2023-04-11 11:23:22,834 [pool-167-thread-1] INFO  ratis.ContainerStateMachine (ContainerStateMachine.java:loadSnapshot(262)) - group-697C47503325: The snapshot info is null. Setting the last applied indexto:(t:0, i:~)
2023-04-11 11:23:22,834 [pool-167-thread-1] INFO  server.RaftServerConfigKeys (ConfUtils.java:logGet(46)) - raft.server.log.use.memory = false (default)
2023-04-11 11:23:22,834 [pool-167-thread-1] INFO  server.RaftServerConfigKeys (ConfUtils.java:logGet(46)) - raft.server.log.purge.gap = 1000000 (custom)
2023-04-11 11:23:22,834 [pool-167-thread-1] INFO  server.RaftServerConfigKeys (ConfUtils.java:logGet(46)) - raft.server.log.appender.buffer.byte-limit = 33554432 (custom)
2023-04-11 11:23:22,834 [pool-167-thread-1] INFO  server.RaftServerConfigKeys (ConfUtils.java:logGet(46)) - raft.server.log.statemachine.data.read.timeout = 1000ms (default)
2023-04-11 11:23:22,834 [pool-167-thread-1] INFO  server.RaftServerConfigKeys (ConfUtils.java:logGet(46)) - raft.server.log.purge.preservation.log.num = 0 (default)
2023-04-11 11:23:22,835 [pool-167-thread-1] INFO  server.RaftServerConfigKeys (ConfUtils.java:logGet(46)) - raft.server.log.segment.size.max = 1048576 (custom)
2023-04-11 11:23:22,837 [EventQueue-PipelineReportForPipelineReportHandler] INFO  pipeline.PipelineManagerImpl (PipelineManagerImpl.java:openPipeline(367)) - Pipeline Pipeline[ Id: c9a9fcd4-9cee-46f9-99db-697c47503325, Nodes: 977ecd76-07f1-4d4a-bcc7-583ed48225e4(fv-az590-525.scpgifznvsounmmscp2whtfmwe.cx.internal.cloudapp.net/10.1.0.37), ReplicationConfig: RATIS/ONE, State:ALLOCATED, leaderId:977ecd76-07f1-4d4a-bcc7-583ed48225e4, CreationTimestamp2023-04-11T11:23:19.826Z[Etc/UTC]] moved to OPEN state
2023-04-11 11:23:22,837 [EventQueue-OpenPipelineForHealthyPipelineSafeModeRule] INFO  safemode.SCMSafeModeManager (HealthyPipelineSafeModeRule.java:process(137)) - SCM in safe mode. Healthy pipelines reported count is 0, required healthy pipeline reported count is 1
2023-04-11 11:23:22,838 [pool-167-thread-1] INFO  server.RaftServerConfigKeys (ConfUtils.java:logGet(46)) - raft.server.log.segment.cache.num.max = 2 (custom)
2023-04-11 11:23:22,838 [pool-167-thread-1] INFO  server.RaftServerConfigKeys (ConfUtils.java:logGet(46)) - raft.server.log.segment.cache.size.max = 200MB (=209715200) (default)
2023-04-11 11:23:22,838 [pool-167-thread-1] INFO  segmented.SegmentedRaftLogWorker (SegmentedRaftLogWorker.java:<init>(189)) - new 977ecd76-07f1-4d4a-bcc7-583ed48225e4@group-697C47503325-SegmentedRaftLogWorker for RaftStorageImpl:Storage Directory /home/runner/work/ozone/ozone/hadoop-ozone/integration-test/target/test-dir/MiniOzoneClusterImpl-9bce2823-b07a-4470-87a5-870b50b19846/datanode-4/data/ratis/c9a9fcd4-9cee-46f9-99db-697c47503325
2023-04-11 11:23:22,838 [pool-167-thread-1] INFO  server.RaftServerConfigKeys (ConfUtils.java:logGet(46)) - raft.server.log.queue.byte-limit = 4294967296 (custom)
2023-04-11 11:23:22,838 [pool-167-thread-1] INFO  server.RaftServerConfigKeys (ConfUtils.java:logGet(46)) - raft.server.log.queue.element-limit = 1024 (custom)
2023-04-11 11:23:22,838 [pool-167-thread-1] INFO  server.RaftServerConfigKeys (ConfUtils.java:logGet(46)) - raft.server.log.segment.size.max = 1048576 (custom)
2023-04-11 11:23:22,838 [pool-167-thread-1] INFO  server.RaftServerConfigKeys (ConfUtils.java:logGet(46)) - raft.server.log.preallocated.size = 16384 (custom)
2023-04-11 11:23:22,838 [pool-167-thread-1] INFO  server.RaftServerConfigKeys (ConfUtils.java:logGet(46)) - raft.server.log.force.sync.num = 128 (default)
2023-04-11 11:23:22,838 [pool-167-thread-1] INFO  server.RaftServerConfigKeys (ConfUtils.java:logGet(46)) - raft.server.log.statemachine.data.sync = true (default)
2023-04-11 11:23:22,838 [pool-167-thread-1] INFO  server.RaftServerConfigKeys (ConfUtils.java:logGet(46)) - raft.server.log.statemachine.data.sync.timeout = 10s (default)
2023-04-11 11:23:22,838 [pool-167-thread-1] INFO  server.RaftServerConfigKeys (ConfUtils.java:logGet(46)) - raft.server.log.statemachine.data.sync.timeout.retry = -1 (default)
2023-04-11 11:23:22,839 [pool-167-thread-1] INFO  server.RaftServerConfigKeys (ConfUtils.java:logGet(46)) - raft.server.log.write.buffer.size = 1048576 (custom)
2023-04-11 11:23:22,840 [pool-167-thread-1] INFO  server.RaftServerConfigKeys (ConfUtils.java:logGet(46)) - raft.server.log.appender.buffer.byte-limit = 33554432 (custom)
2023-04-11 11:23:23,150 [JvmPauseMonitor0] WARN  util.JvmPauseMonitor (JvmPauseMonitor.java:detectPause(126)) - JvmPauseMonitor-om1: Detected pause in JVM or host machine (eg GC): pause of approximately 131396144ns.
GC pool 'PS MarkSweep' had collection(s): count=1 time=189ms
GC pool 'PS Scavenge' had collection(s): count=1 time=114ms
2023-04-11 11:23:23,150 [JvmPauseMonitor4] WARN  util.JvmPauseMonitor (JvmPauseMonitor.java:detectPause(126)) - JvmPauseMonitor-cea8b5f9-ee25-46f1-ad4b-37d39f533b4e: Detected pause in JVM or host machine (eg GC): pause of approximately 145594834ns.
GC pool 'PS MarkSweep' had collection(s): count=1 time=189ms
GC pool 'PS Scavenge' had collection(s): count=1 time=114ms
2023-04-11 11:23:23,158 [JvmPauseMonitor5] WARN  util.JvmPauseMonitor (JvmPauseMonitor.java:detectPause(126)) - JvmPauseMonitor-977ecd76-07f1-4d4a-bcc7-583ed48225e4: Detected pause in JVM or host machine (eg GC): pause of approximately 283956885ns.
GC pool 'PS MarkSweep' had collection(s): count=1 time=189ms
GC pool 'PS Scavenge' had collection(s): count=1 time=114ms
2023-04-11 11:23:23,159 [pool-167-thread-1] INFO  server.RaftServerConfigKeys (ConfUtils.java:logGet(46)) - raft.server.log.unsafe-flush.enabled = false (default)
2023-04-11 11:23:23,160 [pool-167-thread-1] INFO  server.RaftServerConfigKeys (ConfUtils.java:logGet(46)) - raft.server.log.async-flush.enabled = false (default)
2023-04-11 11:23:23,160 [pool-167-thread-1] INFO  server.RaftServerConfigKeys (ConfUtils.java:logGet(46)) - raft.server.log.statemachine.data.caching.enabled = true (custom)
2023-04-11 11:23:23,160 [pool-167-thread-1] INFO  segmented.SegmentedRaftLogWorker (SegmentedRaftLogWorker.java:lambda$new$0(135)) - 977ecd76-07f1-4d4a-bcc7-583ed48225e4@group-697C47503325-SegmentedRaftLogWorker: flushIndex: setUnconditionally 0 -> -1
2023-04-11 11:23:23,160 [pool-167-thread-1] INFO  segmented.SegmentedRaftLogWorker (SegmentedRaftLogWorker.java:lambda$new$0(135)) - 977ecd76-07f1-4d4a-bcc7-583ed48225e4@group-697C47503325-SegmentedRaftLogWorker: safeCacheEvictIndex: setUnconditionally 0 -> -1
2023-04-11 11:23:23,162 [pool-167-thread-1] INFO  server.RaftServer$Division (RaftServerImpl.java:start(334)) - 977ecd76-07f1-4d4a-bcc7-583ed48225e4@group-697C47503325: start as a follower, conf=-1: peers:[977ecd76-07f1-4d4a-bcc7-583ed48225e4|rpc:10.1.0.37:39833|dataStream:10.1.0.37:34851|priority:1|startupRole:FOLLOWER]|listeners:[], old=null
2023-04-11 11:23:23,162 [pool-167-thread-1] INFO  server.RaftServer$Division (RaftServerImpl.java:setRole(321)) - 977ecd76-07f1-4d4a-bcc7-583ed48225e4@group-697C47503325: changes role from      null to FOLLOWER at term 0 for startAsFollower
2023-04-11 11:23:23,162 [pool-167-thread-1] INFO  impl.RoleInfo (RoleInfo.java:updateAndGet(139)) - 977ecd76-07f1-4d4a-bcc7-583ed48225e4: start 977ecd76-07f1-4d4a-bcc7-583ed48225e4@group-697C47503325-FollowerState
2023-04-11 11:23:23,163 [pool-167-thread-1] INFO  util.JmxRegister (JmxRegister.java:tryRegister(44)) - Successfully registered JMX Bean with object name Ratis:service=RaftServer,group=group-697C47503325,id=977ecd76-07f1-4d4a-bcc7-583ed48225e4
2023-04-11 11:23:23,163 [pool-167-thread-1] INFO  server.RaftServerConfigKeys (ConfUtils.java:logGet(46)) - raft.server.snapshot.auto.trigger.enabled = true (custom)
2023-04-11 11:23:23,163 [pool-167-thread-1] INFO  server.RaftServerConfigKeys (ConfUtils.java:logGet(46)) - raft.server.snapshot.auto.trigger.threshold = 10000 (custom)
2023-04-11 11:23:23,164 [pool-167-thread-1] INFO  server.RaftServerConfigKeys (ConfUtils.java:logGet(46)) - raft.server.snapshot.retention.file.num = 5 (custom)
2023-04-11 11:23:23,164 [pool-167-thread-1] INFO  server.RaftServerConfigKeys (ConfUtils.java:logGet(46)) - raft.server.log.purge.upto.snapshot.index = false (default)
2023-04-11 11:23:23,164 [977ecd76-07f1-4d4a-bcc7-583ed48225e4@group-697C47503325-FollowerState] INFO  server.RaftServerConfigKeys (ConfUtils.java:logFallback(53)) - raft.server.rpc.first-election.timeout.min = 5s (fallback to raft.server.rpc.timeout.min)
2023-04-11 11:23:23,164 [977ecd76-07f1-4d4a-bcc7-583ed48225e4@group-697C47503325-FollowerState] INFO  server.RaftServerConfigKeys (ConfUtils.java:logFallback(53)) - raft.server.rpc.first-election.timeout.max = 5200ms (fallback to raft.server.rpc.timeout.max)
2023-04-11 11:23:23,169 [Command processor thread] INFO  ratis.XceiverServerRatis (XceiverServerRatis.java:addGroup(806)) - Created group PipelineID=c9a9fcd4-9cee-46f9-99db-697c47503325
2023-04-11 11:23:23,169 [Command processor thread] INFO  commandhandler.CreatePipelineCommandHandler (CreatePipelineCommandHandler.java:handle(113)) - Created Pipeline RATIS ONE PipelineID=c9a9fcd4-9cee-46f9-99db-697c47503325.
2023-04-11 11:23:23,833 [Listener at 127.0.0.1/36763] INFO  ozone.MiniOzoneClusterImpl (MiniOzoneClusterImpl.java:lambda$waitForClusterToBeReady$0(222)) - Nodes are ready. Got 5 of 5 DN Heartbeats.
2023-04-11 11:23:23,833 [Listener at 127.0.0.1/36763] INFO  ozone.MiniOzoneClusterImpl (MiniOzoneClusterImpl.java:lambda$waitForClusterToBeReady$0(225)) - Waiting for cluster to exit safe mode
2023-04-11 11:23:23,833 [Listener at 127.0.0.1/36763] INFO  ozone.MiniOzoneClusterImpl (MiniOzoneClusterImpl.java:lambda$waitForClusterToBeReady$0(227)) - SCM became leader
2023-04-11 11:23:24,833 [Listener at 127.0.0.1/36763] INFO  ozone.MiniOzoneClusterImpl (MiniOzoneClusterImpl.java:lambda$waitForClusterToBeReady$0(222)) - Nodes are ready. Got 5 of 5 DN Heartbeats.
2023-04-11 11:23:24,834 [Listener at 127.0.0.1/36763] INFO  ozone.MiniOzoneClusterImpl (MiniOzoneClusterImpl.java:lambda$waitForClusterToBeReady$0(225)) - Waiting for cluster to exit safe mode
2023-04-11 11:23:24,834 [Listener at 127.0.0.1/36763] INFO  ozone.MiniOzoneClusterImpl (MiniOzoneClusterImpl.java:lambda$waitForClusterToBeReady$0(227)) - SCM became leader
2023-04-11 11:23:25,834 [Listener at 127.0.0.1/36763] INFO  ozone.MiniOzoneClusterImpl (MiniOzoneClusterImpl.java:lambda$waitForClusterToBeReady$0(222)) - Nodes are ready. Got 5 of 5 DN Heartbeats.
2023-04-11 11:23:25,834 [Listener at 127.0.0.1/36763] INFO  ozone.MiniOzoneClusterImpl (MiniOzoneClusterImpl.java:lambda$waitForClusterToBeReady$0(225)) - Waiting for cluster to exit safe mode
2023-04-11 11:23:25,834 [Listener at 127.0.0.1/36763] INFO  ozone.MiniOzoneClusterImpl (MiniOzoneClusterImpl.java:lambda$waitForClusterToBeReady$0(227)) - SCM became leader
2023-04-11 11:23:26,333 [243d07fb-de29-4324-a32b-24d5948493a7@group-394E36F022E0-FollowerState] INFO  impl.FollowerState (FollowerState.java:run(143)) - 243d07fb-de29-4324-a32b-24d5948493a7@group-394E36F022E0-FollowerState: change to CANDIDATE, lastRpcElapsedTime:5092848408ns, electionTimeout:5092ms
2023-04-11 11:23:26,334 [243d07fb-de29-4324-a32b-24d5948493a7@group-394E36F022E0-FollowerState] INFO  impl.RoleInfo (RoleInfo.java:shutdownFollowerState(110)) - 243d07fb-de29-4324-a32b-24d5948493a7: shutdown 243d07fb-de29-4324-a32b-24d5948493a7@group-394E36F022E0-FollowerState
2023-04-11 11:23:26,334 [243d07fb-de29-4324-a32b-24d5948493a7@group-394E36F022E0-FollowerState] INFO  server.RaftServer$Division (RaftServerImpl.java:setRole(321)) - 243d07fb-de29-4324-a32b-24d5948493a7@group-394E36F022E0: changes role from  FOLLOWER to CANDIDATE at term 0 for changeToCandidate
2023-04-11 11:23:26,335 [243d07fb-de29-4324-a32b-24d5948493a7@group-394E36F022E0-FollowerState] INFO  server.RaftServerConfigKeys (ConfUtils.java:logGet(46)) - raft.server.leaderelection.pre-vote = true (default)
2023-04-11 11:23:26,335 [243d07fb-de29-4324-a32b-24d5948493a7@group-394E36F022E0-FollowerState] INFO  impl.RoleInfo (RoleInfo.java:updateAndGet(139)) - 243d07fb-de29-4324-a32b-24d5948493a7: start 243d07fb-de29-4324-a32b-24d5948493a7@group-394E36F022E0-LeaderElection2
2023-04-11 11:23:26,339 [243d07fb-de29-4324-a32b-24d5948493a7@group-394E36F022E0-LeaderElection2] INFO  impl.LeaderElection (LeaderElection.java:askForVotes(312)) - 243d07fb-de29-4324-a32b-24d5948493a7@group-394E36F022E0-LeaderElection2 PRE_VOTE round 0: submit vote requests at term 0 for -1: peers:[243d07fb-de29-4324-a32b-24d5948493a7|rpc:10.1.0.37:43063|dataStream:10.1.0.37:37595|priority:1|startupRole:FOLLOWER]|listeners:[], old=null
2023-04-11 11:23:26,339 [243d07fb-de29-4324-a32b-24d5948493a7@group-394E36F022E0-LeaderElection2] INFO  impl.LeaderElection (LeaderElection.java:askForVotes(314)) - 243d07fb-de29-4324-a32b-24d5948493a7@group-394E36F022E0-LeaderElection2 PRE_VOTE round 0: result PASSED (term=0)
2023-04-11 11:23:26,341 [243d07fb-de29-4324-a32b-24d5948493a7@group-394E36F022E0-LeaderElection2] INFO  impl.LeaderElection (LeaderElection.java:askForVotes(312)) - 243d07fb-de29-4324-a32b-24d5948493a7@group-394E36F022E0-LeaderElection2 ELECTION round 0: submit vote requests at term 1 for -1: peers:[243d07fb-de29-4324-a32b-24d5948493a7|rpc:10.1.0.37:43063|dataStream:10.1.0.37:37595|priority:1|startupRole:FOLLOWER]|listeners:[], old=null
2023-04-11 11:23:26,341 [243d07fb-de29-4324-a32b-24d5948493a7@group-394E36F022E0-LeaderElection2] INFO  impl.LeaderElection (LeaderElection.java:askForVotes(314)) - 243d07fb-de29-4324-a32b-24d5948493a7@group-394E36F022E0-LeaderElection2 ELECTION round 0: result PASSED (term=1)
2023-04-11 11:23:26,341 [243d07fb-de29-4324-a32b-24d5948493a7@group-394E36F022E0-LeaderElection2] INFO  impl.RoleInfo (RoleInfo.java:shutdownLeaderElection(130)) - 243d07fb-de29-4324-a32b-24d5948493a7: shutdown 243d07fb-de29-4324-a32b-24d5948493a7@group-394E36F022E0-LeaderElection2
2023-04-11 11:23:26,341 [243d07fb-de29-4324-a32b-24d5948493a7@group-394E36F022E0-LeaderElection2] INFO  server.RaftServer$Division (RaftServerImpl.java:setRole(321)) - 243d07fb-de29-4324-a32b-24d5948493a7@group-394E36F022E0: changes role from CANDIDATE to LEADER at term 1 for changeToLeader
2023-04-11 11:23:26,341 [243d07fb-de29-4324-a32b-24d5948493a7@group-394E36F022E0-LeaderElection2] INFO  ratis.XceiverServerRatis (XceiverServerRatis.java:handleLeaderChangedNotification(904)) - Leader change notification received for group: group-394E36F022E0 with new leaderId: 243d07fb-de29-4324-a32b-24d5948493a7
2023-04-11 11:23:26,342 [243d07fb-de29-4324-a32b-24d5948493a7@group-394E36F022E0-LeaderElection2] INFO  server.RaftServer$Division (ServerState.java:setLeader(313)) - 243d07fb-de29-4324-a32b-24d5948493a7@group-394E36F022E0: change Leader from null to 243d07fb-de29-4324-a32b-24d5948493a7 at term 1 for becomeLeader, leader elected after 5138ms
2023-04-11 11:23:26,342 [243d07fb-de29-4324-a32b-24d5948493a7@group-394E36F022E0-LeaderElection2] INFO  server.RaftServerConfigKeys (ConfUtils.java:logGet(46)) - raft.server.staging.catchup.gap = 1000 (default)
2023-04-11 11:23:26,342 [243d07fb-de29-4324-a32b-24d5948493a7@group-394E36F022E0-LeaderElection2] INFO  server.RaftServerConfigKeys (ConfUtils.java:logGet(46)) - raft.server.write.element-limit = 1024 (custom)
2023-04-11 11:23:26,342 [243d07fb-de29-4324-a32b-24d5948493a7@group-394E36F022E0-LeaderElection2] INFO  server.RaftServerConfigKeys (ConfUtils.java:logGet(46)) - raft.server.write.byte-limit = 1024 M (=1073741824) (custom)
2023-04-11 11:23:26,343 [243d07fb-de29-4324-a32b-24d5948493a7@group-394E36F022E0-LeaderElection2] INFO  server.RaftServerConfigKeys (ConfUtils.java:logGet(46)) - raft.server.watch.timeout = 180s (custom)
2023-04-11 11:23:26,343 [243d07fb-de29-4324-a32b-24d5948493a7@group-394E36F022E0-LeaderElection2] INFO  server.RaftServerConfigKeys (ConfUtils.java:logGet(46)) - raft.server.watch.timeout.denomination = 1s (default)
2023-04-11 11:23:26,343 [243d07fb-de29-4324-a32b-24d5948493a7@group-394E36F022E0-LeaderElection2] INFO  server.RaftServerConfigKeys (ConfUtils.java:logGet(46)) - raft.server.watch.element-limit = 65536 (default)
2023-04-11 11:23:26,343 [243d07fb-de29-4324-a32b-24d5948493a7@group-394E36F022E0-LeaderElection2] INFO  server.RaftServerConfigKeys (ConfUtils.java:logGet(46)) - raft.server.write.element-limit = 1024 (custom)
2023-04-11 11:23:26,343 [243d07fb-de29-4324-a32b-24d5948493a7@group-394E36F022E0-LeaderElection2] INFO  server.RaftServerConfigKeys (ConfUtils.java:logGet(46)) - raft.server.write.follower.gap.ratio.max = -1.0 (default)
2023-04-11 11:23:26,343 [243d07fb-de29-4324-a32b-24d5948493a7@group-394E36F022E0-LeaderElection2] INFO  impl.RoleInfo (RoleInfo.java:updateAndGet(139)) - 243d07fb-de29-4324-a32b-24d5948493a7: start 243d07fb-de29-4324-a32b-24d5948493a7@group-394E36F022E0-LeaderStateImpl
2023-04-11 11:23:26,343 [243d07fb-de29-4324-a32b-24d5948493a7@group-394E36F022E0-LeaderElection2] INFO  segmented.SegmentedRaftLogWorker (SegmentedRaftLogWorker.java:startLogSegment(452)) - 243d07fb-de29-4324-a32b-24d5948493a7@group-394E36F022E0-SegmentedRaftLogWorker: Starting segment from index:0
2023-04-11 11:23:26,344 [EventQueue-OpenPipelineForHealthyPipelineSafeModeRule] INFO  safemode.SCMSafeModeManager (HealthyPipelineSafeModeRule.java:process(137)) - SCM in safe mode. Healthy pipelines reported count is 0, required healthy pipeline reported count is 1
2023-04-11 11:23:26,345 [243d07fb-de29-4324-a32b-24d5948493a7@group-394E36F022E0-SegmentedRaftLogWorker] INFO  segmented.SegmentedRaftLogWorker (SegmentedRaftLogWorker.java:execute(656)) - 243d07fb-de29-4324-a32b-24d5948493a7@group-394E36F022E0-SegmentedRaftLogWorker: created new log segment /home/runner/work/ozone/ozone/hadoop-ozone/integration-test/target/test-dir/MiniOzoneClusterImpl-9bce2823-b07a-4470-87a5-870b50b19846/datanode-0/data/ratis/a003b3f7-b699-4489-b40e-394e36f022e0/current/log_inprogress_0
2023-04-11 11:23:26,352 [243d07fb-de29-4324-a32b-24d5948493a7@group-394E36F022E0-LeaderElection2] INFO  server.RaftServer$Division (ServerState.java:setRaftConf(430)) - 243d07fb-de29-4324-a32b-24d5948493a7@group-394E36F022E0: set configuration 0: peers:[243d07fb-de29-4324-a32b-24d5948493a7|rpc:10.1.0.37:43063|dataStream:10.1.0.37:37595|priority:1|startupRole:FOLLOWER]|listeners:[], old=null
2023-04-11 11:23:26,368 [243d07fb-de29-4324-a32b-24d5948493a7@group-7AFFC49C57B1-FollowerState] INFO  impl.FollowerState (FollowerState.java:run(143)) - 243d07fb-de29-4324-a32b-24d5948493a7@group-7AFFC49C57B1-FollowerState: change to CANDIDATE, lastRpcElapsedTime:5077299198ns, electionTimeout:5058ms
2023-04-11 11:23:26,369 [243d07fb-de29-4324-a32b-24d5948493a7@group-7AFFC49C57B1-FollowerState] INFO  impl.RoleInfo (RoleInfo.java:shutdownFollowerState(110)) - 243d07fb-de29-4324-a32b-24d5948493a7: shutdown 243d07fb-de29-4324-a32b-24d5948493a7@group-7AFFC49C57B1-FollowerState
2023-04-11 11:23:26,369 [243d07fb-de29-4324-a32b-24d5948493a7@group-7AFFC49C57B1-FollowerState] INFO  server.RaftServer$Division (RaftServerImpl.java:setRole(321)) - 243d07fb-de29-4324-a32b-24d5948493a7@group-7AFFC49C57B1: changes role from  FOLLOWER to CANDIDATE at term 0 for changeToCandidate
2023-04-11 11:23:26,370 [243d07fb-de29-4324-a32b-24d5948493a7@group-7AFFC49C57B1-FollowerState] INFO  server.RaftServerConfigKeys (ConfUtils.java:logGet(46)) - raft.server.leaderelection.pre-vote = true (default)
2023-04-11 11:23:26,370 [243d07fb-de29-4324-a32b-24d5948493a7@group-7AFFC49C57B1-FollowerState] INFO  impl.RoleInfo (RoleInfo.java:updateAndGet(139)) - 243d07fb-de29-4324-a32b-24d5948493a7: start 243d07fb-de29-4324-a32b-24d5948493a7@group-7AFFC49C57B1-LeaderElection3
2023-04-11 11:23:26,374 [243d07fb-de29-4324-a32b-24d5948493a7@group-7AFFC49C57B1-LeaderElection3] INFO  impl.LeaderElection (LeaderElection.java:askForVotes(312)) - 243d07fb-de29-4324-a32b-24d5948493a7@group-7AFFC49C57B1-LeaderElection3 PRE_VOTE round 0: submit vote requests at term 0 for -1: peers:[ca122d53-8fd1-4cec-b324-69d908933b08|rpc:10.1.0.37:44515|dataStream:10.1.0.37:34703|priority:0|startupRole:FOLLOWER, 243d07fb-de29-4324-a32b-24d5948493a7|rpc:10.1.0.37:43063|dataStream:10.1.0.37:37595|priority:0|startupRole:FOLLOWER, c75a143a-6faf-4f8e-9847-b3e7e26fc01f|rpc:10.1.0.37:42913|dataStream:10.1.0.37:34813|priority:1|startupRole:FOLLOWER]|listeners:[], old=null
2023-04-11 11:23:26,380 [243d07fb-de29-4324-a32b-24d5948493a7@group-7AFFC49C57B1-LeaderElection3] INFO  server.RaftServerConfigKeys (ConfUtils.java:logFallback(53)) - raft.server.rpc.first-election.timeout.min = 5s (fallback to raft.server.rpc.timeout.min)
2023-04-11 11:23:26,380 [243d07fb-de29-4324-a32b-24d5948493a7@group-7AFFC49C57B1-LeaderElection3] INFO  server.RaftServerConfigKeys (ConfUtils.java:logFallback(53)) - raft.server.rpc.first-election.timeout.max = 5200ms (fallback to raft.server.rpc.timeout.max)
2023-04-11 11:23:26,380 [243d07fb-de29-4324-a32b-24d5948493a7@group-7AFFC49C57B1-LeaderElection3-1] INFO  server.GrpcServerProtocolClient (GrpcServerProtocolClient.java:<init>(63)) - Build channel for ca122d53-8fd1-4cec-b324-69d908933b08
2023-04-11 11:23:26,388 [243d07fb-de29-4324-a32b-24d5948493a7@group-7AFFC49C57B1-LeaderElection3-2] INFO  server.GrpcServerProtocolClient (GrpcServerProtocolClient.java:<init>(63)) - Build channel for c75a143a-6faf-4f8e-9847-b3e7e26fc01f
2023-04-11 11:23:26,406 [grpc-default-executor-0] INFO  server.RaftServer$Division (RaftServerImpl.java:requestVote(1218)) - ca122d53-8fd1-4cec-b324-69d908933b08@group-7AFFC49C57B1: receive requestVote(PRE_VOTE, 243d07fb-de29-4324-a32b-24d5948493a7, group-7AFFC49C57B1, 0, (t:0, i:0))
2023-04-11 11:23:26,408 [grpc-default-executor-0] INFO  impl.VoteContext (VoteContext.java:log(49)) - ca122d53-8fd1-4cec-b324-69d908933b08@group-7AFFC49C57B1-FOLLOWER: accept PRE_VOTE from 243d07fb-de29-4324-a32b-24d5948493a7: our priority 0 <= candidate's priority 0
2023-04-11 11:23:26,409 [grpc-default-executor-1] INFO  server.RaftServer$Division (RaftServerImpl.java:requestVote(1218)) - c75a143a-6faf-4f8e-9847-b3e7e26fc01f@group-7AFFC49C57B1: receive requestVote(PRE_VOTE, 243d07fb-de29-4324-a32b-24d5948493a7, group-7AFFC49C57B1, 0, (t:0, i:0))
2023-04-11 11:23:26,409 [grpc-default-executor-1] INFO  impl.VoteContext (VoteContext.java:log(49)) - c75a143a-6faf-4f8e-9847-b3e7e26fc01f@group-7AFFC49C57B1-FOLLOWER: reject PRE_VOTE from 243d07fb-de29-4324-a32b-24d5948493a7: our priority 1 > candidate's priority 0
2023-04-11 11:23:26,413 [grpc-default-executor-1] INFO  server.RaftServer$Division (RaftServerImpl.java:requestVote(1251)) - c75a143a-6faf-4f8e-9847-b3e7e26fc01f@group-7AFFC49C57B1 replies to PRE_VOTE vote request: 243d07fb-de29-4324-a32b-24d5948493a7<-c75a143a-6faf-4f8e-9847-b3e7e26fc01f#0:FAIL-t0. Peer's state: c75a143a-6faf-4f8e-9847-b3e7e26fc01f@group-7AFFC49C57B1:t0, leader=null, voted=, raftlog=Memoized:c75a143a-6faf-4f8e-9847-b3e7e26fc01f@group-7AFFC49C57B1-SegmentedRaftLog:OPENED:c-1, conf=-1: peers:[ca122d53-8fd1-4cec-b324-69d908933b08|rpc:10.1.0.37:44515|dataStream:10.1.0.37:34703|priority:0|startupRole:FOLLOWER, 243d07fb-de29-4324-a32b-24d5948493a7|rpc:10.1.0.37:43063|dataStream:10.1.0.37:37595|priority:0|startupRole:FOLLOWER, c75a143a-6faf-4f8e-9847-b3e7e26fc01f|rpc:10.1.0.37:42913|dataStream:10.1.0.37:34813|priority:1|startupRole:FOLLOWER]|listeners:[], old=null
2023-04-11 11:23:26,415 [grpc-default-executor-0] INFO  server.RaftServer$Division (RaftServerImpl.java:requestVote(1251)) - ca122d53-8fd1-4cec-b324-69d908933b08@group-7AFFC49C57B1 replies to PRE_VOTE vote request: 243d07fb-de29-4324-a32b-24d5948493a7<-ca122d53-8fd1-4cec-b324-69d908933b08#0:OK-t0. Peer's state: ca122d53-8fd1-4cec-b324-69d908933b08@group-7AFFC49C57B1:t0, leader=null, voted=, raftlog=Memoized:ca122d53-8fd1-4cec-b324-69d908933b08@group-7AFFC49C57B1-SegmentedRaftLog:OPENED:c-1, conf=-1: peers:[ca122d53-8fd1-4cec-b324-69d908933b08|rpc:10.1.0.37:44515|dataStream:10.1.0.37:34703|priority:0|startupRole:FOLLOWER, 243d07fb-de29-4324-a32b-24d5948493a7|rpc:10.1.0.37:43063|dataStream:10.1.0.37:37595|priority:0|startupRole:FOLLOWER, c75a143a-6faf-4f8e-9847-b3e7e26fc01f|rpc:10.1.0.37:42913|dataStream:10.1.0.37:34813|priority:1|startupRole:FOLLOWER]|listeners:[], old=null
2023-04-11 11:23:26,419 [243d07fb-de29-4324-a32b-24d5948493a7@group-7AFFC49C57B1-LeaderElection3] INFO  impl.LeaderElection (LeaderElection.java:logAndReturn(90)) - 243d07fb-de29-4324-a32b-24d5948493a7@group-7AFFC49C57B1-LeaderElection3: PRE_VOTE REJECTED received 2 response(s) and 0 exception(s):
2023-04-11 11:23:26,420 [243d07fb-de29-4324-a32b-24d5948493a7@group-7AFFC49C57B1-LeaderElection3] INFO  impl.LeaderElection (LeaderElection.java:logAndReturn(94)) -   Response 0: 243d07fb-de29-4324-a32b-24d5948493a7<-ca122d53-8fd1-4cec-b324-69d908933b08#0:OK-t0
2023-04-11 11:23:26,420 [243d07fb-de29-4324-a32b-24d5948493a7@group-7AFFC49C57B1-LeaderElection3] INFO  impl.LeaderElection (LeaderElection.java:logAndReturn(94)) -   Response 1: 243d07fb-de29-4324-a32b-24d5948493a7<-c75a143a-6faf-4f8e-9847-b3e7e26fc01f#0:FAIL-t0
2023-04-11 11:23:26,420 [243d07fb-de29-4324-a32b-24d5948493a7@group-7AFFC49C57B1-LeaderElection3] INFO  impl.LeaderElection (LeaderElection.java:askForVotes(314)) - 243d07fb-de29-4324-a32b-24d5948493a7@group-7AFFC49C57B1-LeaderElection3 PRE_VOTE round 0: result REJECTED
2023-04-11 11:23:26,421 [243d07fb-de29-4324-a32b-24d5948493a7@group-7AFFC49C57B1-LeaderElection3] INFO  server.RaftServer$Division (RaftServerImpl.java:setRole(321)) - 243d07fb-de29-4324-a32b-24d5948493a7@group-7AFFC49C57B1: changes role from CANDIDATE to FOLLOWER at term 0 for REJECTED
2023-04-11 11:23:26,421 [243d07fb-de29-4324-a32b-24d5948493a7@group-7AFFC49C57B1-LeaderElection3] INFO  impl.RoleInfo (RoleInfo.java:shutdownLeaderElection(130)) - 243d07fb-de29-4324-a32b-24d5948493a7: shutdown 243d07fb-de29-4324-a32b-24d5948493a7@group-7AFFC49C57B1-LeaderElection3
2023-04-11 11:23:26,421 [243d07fb-de29-4324-a32b-24d5948493a7@group-7AFFC49C57B1-LeaderElection3] INFO  impl.RoleInfo (RoleInfo.java:updateAndGet(139)) - 243d07fb-de29-4324-a32b-24d5948493a7: start 243d07fb-de29-4324-a32b-24d5948493a7@group-7AFFC49C57B1-FollowerState
2023-04-11 11:23:26,424 [243d07fb-de29-4324-a32b-24d5948493a7@group-7AFFC49C57B1-FollowerState] INFO  server.RaftServerConfigKeys (ConfUtils.java:logFallback(53)) - raft.server.rpc.first-election.timeout.min = 5s (fallback to raft.server.rpc.timeout.min)
2023-04-11 11:23:26,424 [243d07fb-de29-4324-a32b-24d5948493a7@group-7AFFC49C57B1-FollowerState] INFO  server.RaftServerConfigKeys (ConfUtils.java:logFallback(53)) - raft.server.rpc.first-election.timeout.max = 5200ms (fallback to raft.server.rpc.timeout.max)
2023-04-11 11:23:26,835 [Listener at 127.0.0.1/36763] INFO  ozone.MiniOzoneClusterImpl (MiniOzoneClusterImpl.java:lambda$waitForClusterToBeReady$0(222)) - Nodes are ready. Got 5 of 5 DN Heartbeats.
2023-04-11 11:23:26,835 [Listener at 127.0.0.1/36763] INFO  ozone.MiniOzoneClusterImpl (MiniOzoneClusterImpl.java:lambda$waitForClusterToBeReady$0(225)) - Waiting for cluster to exit safe mode
2023-04-11 11:23:26,835 [Listener at 127.0.0.1/36763] INFO  ozone.MiniOzoneClusterImpl (MiniOzoneClusterImpl.java:lambda$waitForClusterToBeReady$0(227)) - SCM became leader
2023-04-11 11:23:26,842 [ca122d53-8fd1-4cec-b324-69d908933b08@group-7AFFC49C57B1-FollowerState] INFO  server.RaftServerConfigKeys (ConfUtils.java:logFallback(53)) - raft.server.rpc.first-election.timeout.min = 5s (fallback to raft.server.rpc.timeout.min)
2023-04-11 11:23:26,843 [ca122d53-8fd1-4cec-b324-69d908933b08@group-7AFFC49C57B1-FollowerState] INFO  server.RaftServerConfigKeys (ConfUtils.java:logFallback(53)) - raft.server.rpc.first-election.timeout.max = 5200ms (fallback to raft.server.rpc.timeout.max)
2023-04-11 11:23:26,942 [c75a143a-6faf-4f8e-9847-b3e7e26fc01f@group-4F0C056CB064-FollowerState] INFO  impl.FollowerState (FollowerState.java:run(143)) - c75a143a-6faf-4f8e-9847-b3e7e26fc01f@group-4F0C056CB064-FollowerState: change to CANDIDATE, lastRpcElapsedTime:5136257749ns, electionTimeout:5133ms
2023-04-11 11:23:26,942 [c75a143a-6faf-4f8e-9847-b3e7e26fc01f@group-4F0C056CB064-FollowerState] INFO  impl.RoleInfo (RoleInfo.java:shutdownFollowerState(110)) - c75a143a-6faf-4f8e-9847-b3e7e26fc01f: shutdown c75a143a-6faf-4f8e-9847-b3e7e26fc01f@group-4F0C056CB064-FollowerState
2023-04-11 11:23:26,943 [c75a143a-6faf-4f8e-9847-b3e7e26fc01f@group-4F0C056CB064-FollowerState] INFO  server.RaftServer$Division (RaftServerImpl.java:setRole(321)) - c75a143a-6faf-4f8e-9847-b3e7e26fc01f@group-4F0C056CB064: changes role from  FOLLOWER to CANDIDATE at term 0 for changeToCandidate
2023-04-11 11:23:26,944 [c75a143a-6faf-4f8e-9847-b3e7e26fc01f@group-4F0C056CB064-FollowerState] INFO  server.RaftServerConfigKeys (ConfUtils.java:logGet(46)) - raft.server.leaderelection.pre-vote = true (default)
2023-04-11 11:23:26,944 [c75a143a-6faf-4f8e-9847-b3e7e26fc01f@group-4F0C056CB064-FollowerState] INFO  impl.RoleInfo (RoleInfo.java:updateAndGet(139)) - c75a143a-6faf-4f8e-9847-b3e7e26fc01f: start c75a143a-6faf-4f8e-9847-b3e7e26fc01f@group-4F0C056CB064-LeaderElection4
2023-04-11 11:23:26,945 [c75a143a-6faf-4f8e-9847-b3e7e26fc01f@group-4F0C056CB064-LeaderElection4] INFO  impl.LeaderElection (LeaderElection.java:askForVotes(312)) - c75a143a-6faf-4f8e-9847-b3e7e26fc01f@group-4F0C056CB064-LeaderElection4 PRE_VOTE round 0: submit vote requests at term 0 for -1: peers:[c75a143a-6faf-4f8e-9847-b3e7e26fc01f|rpc:10.1.0.37:42913|dataStream:10.1.0.37:34813|priority:1|startupRole:FOLLOWER]|listeners:[], old=null
2023-04-11 11:23:26,946 [c75a143a-6faf-4f8e-9847-b3e7e26fc01f@group-4F0C056CB064-LeaderElection4] INFO  impl.LeaderElection (LeaderElection.java:askForVotes(314)) - c75a143a-6faf-4f8e-9847-b3e7e26fc01f@group-4F0C056CB064-LeaderElection4 PRE_VOTE round 0: result PASSED (term=0)
2023-04-11 11:23:26,948 [c75a143a-6faf-4f8e-9847-b3e7e26fc01f@group-4F0C056CB064-LeaderElection4] INFO  impl.LeaderElection (LeaderElection.java:askForVotes(312)) - c75a143a-6faf-4f8e-9847-b3e7e26fc01f@group-4F0C056CB064-LeaderElection4 ELECTION round 0: submit vote requests at term 1 for -1: peers:[c75a143a-6faf-4f8e-9847-b3e7e26fc01f|rpc:10.1.0.37:42913|dataStream:10.1.0.37:34813|priority:1|startupRole:FOLLOWER]|listeners:[], old=null
2023-04-11 11:23:26,948 [c75a143a-6faf-4f8e-9847-b3e7e26fc01f@group-4F0C056CB064-LeaderElection4] INFO  impl.LeaderElection (LeaderElection.java:askForVotes(314)) - c75a143a-6faf-4f8e-9847-b3e7e26fc01f@group-4F0C056CB064-LeaderElection4 ELECTION round 0: result PASSED (term=1)
2023-04-11 11:23:26,948 [c75a143a-6faf-4f8e-9847-b3e7e26fc01f@group-4F0C056CB064-LeaderElection4] INFO  impl.RoleInfo (RoleInfo.java:shutdownLeaderElection(130)) - c75a143a-6faf-4f8e-9847-b3e7e26fc01f: shutdown c75a143a-6faf-4f8e-9847-b3e7e26fc01f@group-4F0C056CB064-LeaderElection4
2023-04-11 11:23:26,948 [c75a143a-6faf-4f8e-9847-b3e7e26fc01f@group-4F0C056CB064-LeaderElection4] INFO  server.RaftServer$Division (RaftServerImpl.java:setRole(321)) - c75a143a-6faf-4f8e-9847-b3e7e26fc01f@group-4F0C056CB064: changes role from CANDIDATE to LEADER at term 1 for changeToLeader
2023-04-11 11:23:26,948 [c75a143a-6faf-4f8e-9847-b3e7e26fc01f@group-4F0C056CB064-LeaderElection4] INFO  ratis.XceiverServerRatis (XceiverServerRatis.java:handleLeaderChangedNotification(904)) - Leader change notification received for group: group-4F0C056CB064 with new leaderId: c75a143a-6faf-4f8e-9847-b3e7e26fc01f
2023-04-11 11:23:26,948 [c75a143a-6faf-4f8e-9847-b3e7e26fc01f@group-4F0C056CB064-LeaderElection4] INFO  server.RaftServer$Division (ServerState.java:setLeader(313)) - c75a143a-6faf-4f8e-9847-b3e7e26fc01f@group-4F0C056CB064: change Leader from null to c75a143a-6faf-4f8e-9847-b3e7e26fc01f at term 1 for becomeLeader, leader elected after 5187ms
2023-04-11 11:23:26,948 [c75a143a-6faf-4f8e-9847-b3e7e26fc01f@group-4F0C056CB064-LeaderElection4] INFO  server.RaftServerConfigKeys (ConfUtils.java:logGet(46)) - raft.server.staging.catchup.gap = 1000 (default)
2023-04-11 11:23:26,949 [c75a143a-6faf-4f8e-9847-b3e7e26fc01f@group-4F0C056CB064-LeaderElection4] INFO  server.RaftServerConfigKeys (ConfUtils.java:logGet(46)) - raft.server.write.element-limit = 1024 (custom)
2023-04-11 11:23:26,949 [c75a143a-6faf-4f8e-9847-b3e7e26fc01f@group-4F0C056CB064-LeaderElection4] INFO  server.RaftServerConfigKeys (ConfUtils.java:logGet(46)) - raft.server.write.byte-limit = 1024 M (=1073741824) (custom)
2023-04-11 11:23:26,950 [EventQueue-OpenPipelineForHealthyPipelineSafeModeRule] INFO  safemode.SCMSafeModeManager (HealthyPipelineSafeModeRule.java:process(137)) - SCM in safe mode. Healthy pipelines reported count is 0, required healthy pipeline reported count is 1
2023-04-11 11:23:26,950 [c75a143a-6faf-4f8e-9847-b3e7e26fc01f@group-4F0C056CB064-LeaderElection4] INFO  server.RaftServerConfigKeys (ConfUtils.java:logGet(46)) - raft.server.watch.timeout = 180s (custom)
2023-04-11 11:23:26,950 [c75a143a-6faf-4f8e-9847-b3e7e26fc01f@group-4F0C056CB064-LeaderElection4] INFO  server.RaftServerConfigKeys (ConfUtils.java:logGet(46)) - raft.server.watch.timeout.denomination = 1s (default)
2023-04-11 11:23:26,951 [c75a143a-6faf-4f8e-9847-b3e7e26fc01f@group-4F0C056CB064-LeaderElection4] INFO  server.RaftServerConfigKeys (ConfUtils.java:logGet(46)) - raft.server.watch.element-limit = 65536 (default)
2023-04-11 11:23:26,951 [c75a143a-6faf-4f8e-9847-b3e7e26fc01f@group-4F0C056CB064-LeaderElection4] INFO  server.RaftServerConfigKeys (ConfUtils.java:logGet(46)) - raft.server.write.element-limit = 1024 (custom)
2023-04-11 11:23:26,951 [c75a143a-6faf-4f8e-9847-b3e7e26fc01f@group-4F0C056CB064-LeaderElection4] INFO  server.RaftServerConfigKeys (ConfUtils.java:logGet(46)) - raft.server.write.follower.gap.ratio.max = -1.0 (default)
2023-04-11 11:23:26,951 [c75a143a-6faf-4f8e-9847-b3e7e26fc01f@group-4F0C056CB064-LeaderElection4] INFO  impl.RoleInfo (RoleInfo.java:updateAndGet(139)) - c75a143a-6faf-4f8e-9847-b3e7e26fc01f: start c75a143a-6faf-4f8e-9847-b3e7e26fc01f@group-4F0C056CB064-LeaderStateImpl
2023-04-11 11:23:26,951 [c75a143a-6faf-4f8e-9847-b3e7e26fc01f@group-4F0C056CB064-LeaderElection4] INFO  segmented.SegmentedRaftLogWorker (SegmentedRaftLogWorker.java:startLogSegment(452)) - c75a143a-6faf-4f8e-9847-b3e7e26fc01f@group-4F0C056CB064-SegmentedRaftLogWorker: Starting segment from index:0
2023-04-11 11:23:26,954 [c75a143a-6faf-4f8e-9847-b3e7e26fc01f@group-4F0C056CB064-LeaderElection4] INFO  server.RaftServer$Division (ServerState.java:setRaftConf(430)) - c75a143a-6faf-4f8e-9847-b3e7e26fc01f@group-4F0C056CB064: set configuration 0: peers:[c75a143a-6faf-4f8e-9847-b3e7e26fc01f|rpc:10.1.0.37:42913|dataStream:10.1.0.37:34813|priority:1|startupRole:FOLLOWER]|listeners:[], old=null
2023-04-11 11:23:26,955 [c75a143a-6faf-4f8e-9847-b3e7e26fc01f@group-4F0C056CB064-SegmentedRaftLogWorker] INFO  segmented.SegmentedRaftLogWorker (SegmentedRaftLogWorker.java:execute(656)) - c75a143a-6faf-4f8e-9847-b3e7e26fc01f@group-4F0C056CB064-SegmentedRaftLogWorker: created new log segment /home/runner/work/ozone/ozone/hadoop-ozone/integration-test/target/test-dir/MiniOzoneClusterImpl-9bce2823-b07a-4470-87a5-870b50b19846/datanode-1/data/ratis/d15c7985-e906-4bb9-9105-4f0c056cb064/current/log_inprogress_0
2023-04-11 11:23:27,034 [c75a143a-6faf-4f8e-9847-b3e7e26fc01f@group-7AFFC49C57B1-FollowerState] INFO  impl.FollowerState (FollowerState.java:run(143)) - c75a143a-6faf-4f8e-9847-b3e7e26fc01f@group-7AFFC49C57B1-FollowerState: change to CANDIDATE, lastRpcElapsedTime:5150232031ns, electionTimeout:5131ms
2023-04-11 11:23:27,035 [c75a143a-6faf-4f8e-9847-b3e7e26fc01f@group-7AFFC49C57B1-FollowerState] INFO  impl.RoleInfo (RoleInfo.java:shutdownFollowerState(110)) - c75a143a-6faf-4f8e-9847-b3e7e26fc01f: shutdown c75a143a-6faf-4f8e-9847-b3e7e26fc01f@group-7AFFC49C57B1-FollowerState
2023-04-11 11:23:27,035 [c75a143a-6faf-4f8e-9847-b3e7e26fc01f@group-7AFFC49C57B1-FollowerState] INFO  server.RaftServer$Division (RaftServerImpl.java:setRole(321)) - c75a143a-6faf-4f8e-9847-b3e7e26fc01f@group-7AFFC49C57B1: changes role from  FOLLOWER to CANDIDATE at term 0 for changeToCandidate
2023-04-11 11:23:27,035 [c75a143a-6faf-4f8e-9847-b3e7e26fc01f@group-7AFFC49C57B1-FollowerState] INFO  server.RaftServerConfigKeys (ConfUtils.java:logGet(46)) - raft.server.leaderelection.pre-vote = true (default)
2023-04-11 11:23:27,036 [c75a143a-6faf-4f8e-9847-b3e7e26fc01f@group-7AFFC49C57B1-FollowerState] INFO  impl.RoleInfo (RoleInfo.java:updateAndGet(139)) - c75a143a-6faf-4f8e-9847-b3e7e26fc01f: start c75a143a-6faf-4f8e-9847-b3e7e26fc01f@group-7AFFC49C57B1-LeaderElection5
2023-04-11 11:23:27,037 [c75a143a-6faf-4f8e-9847-b3e7e26fc01f@group-7AFFC49C57B1-LeaderElection5] INFO  impl.LeaderElection (LeaderElection.java:askForVotes(312)) - c75a143a-6faf-4f8e-9847-b3e7e26fc01f@group-7AFFC49C57B1-LeaderElection5 PRE_VOTE round 0: submit vote requests at term 0 for -1: peers:[ca122d53-8fd1-4cec-b324-69d908933b08|rpc:10.1.0.37:44515|dataStream:10.1.0.37:34703|priority:0|startupRole:FOLLOWER, 243d07fb-de29-4324-a32b-24d5948493a7|rpc:10.1.0.37:43063|dataStream:10.1.0.37:37595|priority:0|startupRole:FOLLOWER, c75a143a-6faf-4f8e-9847-b3e7e26fc01f|rpc:10.1.0.37:42913|dataStream:10.1.0.37:34813|priority:1|startupRole:FOLLOWER]|listeners:[], old=null
2023-04-11 11:23:27,038 [c75a143a-6faf-4f8e-9847-b3e7e26fc01f@group-7AFFC49C57B1-LeaderElection5-1] INFO  server.GrpcServerProtocolClient (GrpcServerProtocolClient.java:<init>(63)) - Build channel for ca122d53-8fd1-4cec-b324-69d908933b08
2023-04-11 11:23:27,041 [c75a143a-6faf-4f8e-9847-b3e7e26fc01f@group-7AFFC49C57B1-LeaderElection5] INFO  server.RaftServerConfigKeys (ConfUtils.java:logFallback(53)) - raft.server.rpc.first-election.timeout.min = 5s (fallback to raft.server.rpc.timeout.min)
2023-04-11 11:23:27,046 [c75a143a-6faf-4f8e-9847-b3e7e26fc01f@group-7AFFC49C57B1-LeaderElection5] INFO  server.RaftServerConfigKeys (ConfUtils.java:logFallback(53)) - raft.server.rpc.first-election.timeout.max = 5200ms (fallback to raft.server.rpc.timeout.max)
2023-04-11 11:23:27,046 [c75a143a-6faf-4f8e-9847-b3e7e26fc01f@group-7AFFC49C57B1-LeaderElection5-2] INFO  server.GrpcServerProtocolClient (GrpcServerProtocolClient.java:<init>(63)) - Build channel for 243d07fb-de29-4324-a32b-24d5948493a7
2023-04-11 11:23:27,056 [grpc-default-executor-0] INFO  server.RaftServer$Division (RaftServerImpl.java:requestVote(1218)) - ca122d53-8fd1-4cec-b324-69d908933b08@group-7AFFC49C57B1: receive requestVote(PRE_VOTE, c75a143a-6faf-4f8e-9847-b3e7e26fc01f, group-7AFFC49C57B1, 0, (t:0, i:0))
2023-04-11 11:23:27,057 [grpc-default-executor-0] INFO  impl.VoteContext (VoteContext.java:log(49)) - ca122d53-8fd1-4cec-b324-69d908933b08@group-7AFFC49C57B1-FOLLOWER: accept PRE_VOTE from c75a143a-6faf-4f8e-9847-b3e7e26fc01f: our priority 0 <= candidate's priority 1
2023-04-11 11:23:27,057 [grpc-default-executor-0] INFO  server.RaftServer$Division (RaftServerImpl.java:requestVote(1251)) - ca122d53-8fd1-4cec-b324-69d908933b08@group-7AFFC49C57B1 replies to PRE_VOTE vote request: c75a143a-6faf-4f8e-9847-b3e7e26fc01f<-ca122d53-8fd1-4cec-b324-69d908933b08#0:OK-t0. Peer's state: ca122d53-8fd1-4cec-b324-69d908933b08@group-7AFFC49C57B1:t0, leader=null, voted=, raftlog=Memoized:ca122d53-8fd1-4cec-b324-69d908933b08@group-7AFFC49C57B1-SegmentedRaftLog:OPENED:c-1, conf=-1: peers:[ca122d53-8fd1-4cec-b324-69d908933b08|rpc:10.1.0.37:44515|dataStream:10.1.0.37:34703|priority:0|startupRole:FOLLOWER, 243d07fb-de29-4324-a32b-24d5948493a7|rpc:10.1.0.37:43063|dataStream:10.1.0.37:37595|priority:0|startupRole:FOLLOWER, c75a143a-6faf-4f8e-9847-b3e7e26fc01f|rpc:10.1.0.37:42913|dataStream:10.1.0.37:34813|priority:1|startupRole:FOLLOWER]|listeners:[], old=null
2023-04-11 11:23:27,059 [c75a143a-6faf-4f8e-9847-b3e7e26fc01f@group-7AFFC49C57B1-LeaderElection5] INFO  impl.LeaderElection (LeaderElection.java:logAndReturn(90)) - c75a143a-6faf-4f8e-9847-b3e7e26fc01f@group-7AFFC49C57B1-LeaderElection5: PRE_VOTE PASSED received 1 response(s) and 0 exception(s):
2023-04-11 11:23:27,060 [c75a143a-6faf-4f8e-9847-b3e7e26fc01f@group-7AFFC49C57B1-LeaderElection5] INFO  impl.LeaderElection (LeaderElection.java:logAndReturn(94)) -   Response 0: c75a143a-6faf-4f8e-9847-b3e7e26fc01f<-ca122d53-8fd1-4cec-b324-69d908933b08#0:OK-t0
2023-04-11 11:23:27,060 [c75a143a-6faf-4f8e-9847-b3e7e26fc01f@group-7AFFC49C57B1-LeaderElection5] INFO  impl.LeaderElection (LeaderElection.java:askForVotes(314)) - c75a143a-6faf-4f8e-9847-b3e7e26fc01f@group-7AFFC49C57B1-LeaderElection5 PRE_VOTE round 0: result PASSED
2023-04-11 11:23:27,061 [c75a143a-6faf-4f8e-9847-b3e7e26fc01f@group-7AFFC49C57B1-LeaderElection5] INFO  impl.LeaderElection (LeaderElection.java:askForVotes(312)) - c75a143a-6faf-4f8e-9847-b3e7e26fc01f@group-7AFFC49C57B1-LeaderElection5 ELECTION round 0: submit vote requests at term 1 for -1: peers:[ca122d53-8fd1-4cec-b324-69d908933b08|rpc:10.1.0.37:44515|dataStream:10.1.0.37:34703|priority:0|startupRole:FOLLOWER, 243d07fb-de29-4324-a32b-24d5948493a7|rpc:10.1.0.37:43063|dataStream:10.1.0.37:37595|priority:0|startupRole:FOLLOWER, c75a143a-6faf-4f8e-9847-b3e7e26fc01f|rpc:10.1.0.37:42913|dataStream:10.1.0.37:34813|priority:1|startupRole:FOLLOWER]|listeners:[], old=null
2023-04-11 11:23:27,073 [c75a143a-6faf-4f8e-9847-b3e7e26fc01f@group-7AFFC49C57B1-LeaderElection5] INFO  server.RaftServerConfigKeys (ConfUtils.java:logFallback(53)) - raft.server.rpc.first-election.timeout.min = 5s (fallback to raft.server.rpc.timeout.min)
2023-04-11 11:23:27,074 [c75a143a-6faf-4f8e-9847-b3e7e26fc01f@group-7AFFC49C57B1-LeaderElection5] INFO  server.RaftServerConfigKeys (ConfUtils.java:logFallback(53)) - raft.server.rpc.first-election.timeout.max = 5200ms (fallback to raft.server.rpc.timeout.max)
2023-04-11 11:23:27,077 [grpc-default-executor-0] INFO  server.RaftServer$Division (RaftServerImpl.java:requestVote(1218)) - 243d07fb-de29-4324-a32b-24d5948493a7@group-7AFFC49C57B1: receive requestVote(PRE_VOTE, c75a143a-6faf-4f8e-9847-b3e7e26fc01f, group-7AFFC49C57B1, 0, (t:0, i:0))
2023-04-11 11:23:27,078 [grpc-default-executor-1] INFO  server.RaftServer$Division (RaftServerImpl.java:requestVote(1218)) - ca122d53-8fd1-4cec-b324-69d908933b08@group-7AFFC49C57B1: receive requestVote(ELECTION, c75a143a-6faf-4f8e-9847-b3e7e26fc01f, group-7AFFC49C57B1, 1, (t:0, i:0))
2023-04-11 11:23:27,078 [grpc-default-executor-1] INFO  impl.VoteContext (VoteContext.java:log(49)) - ca122d53-8fd1-4cec-b324-69d908933b08@group-7AFFC49C57B1-FOLLOWER: accept ELECTION from c75a143a-6faf-4f8e-9847-b3e7e26fc01f: our priority 0 <= candidate's priority 1
2023-04-11 11:23:27,078 [grpc-default-executor-1] INFO  server.RaftServer$Division (RaftServerImpl.java:setRole(321)) - ca122d53-8fd1-4cec-b324-69d908933b08@group-7AFFC49C57B1: changes role from  FOLLOWER to FOLLOWER at term 1 for candidate:c75a143a-6faf-4f8e-9847-b3e7e26fc01f
2023-04-11 11:23:27,078 [grpc-default-executor-1] INFO  impl.RoleInfo (RoleInfo.java:shutdownFollowerState(110)) - ca122d53-8fd1-4cec-b324-69d908933b08: shutdown ca122d53-8fd1-4cec-b324-69d908933b08@group-7AFFC49C57B1-FollowerState
2023-04-11 11:23:27,078 [ca122d53-8fd1-4cec-b324-69d908933b08@group-7AFFC49C57B1-FollowerState] INFO  impl.FollowerState (FollowerState.java:run(152)) - ca122d53-8fd1-4cec-b324-69d908933b08@group-7AFFC49C57B1-FollowerState was interrupted
2023-04-11 11:23:27,078 [grpc-default-executor-0] INFO  impl.VoteContext (VoteContext.java:log(49)) - 243d07fb-de29-4324-a32b-24d5948493a7@group-7AFFC49C57B1-FOLLOWER: accept PRE_VOTE from c75a143a-6faf-4f8e-9847-b3e7e26fc01f: our priority 0 <= candidate's priority 1
2023-04-11 11:23:27,078 [grpc-default-executor-0] INFO  server.RaftServer$Division (RaftServerImpl.java:requestVote(1251)) - 243d07fb-de29-4324-a32b-24d5948493a7@group-7AFFC49C57B1 replies to PRE_VOTE vote request: c75a143a-6faf-4f8e-9847-b3e7e26fc01f<-243d07fb-de29-4324-a32b-24d5948493a7#0:OK-t0. Peer's state: 243d07fb-de29-4324-a32b-24d5948493a7@group-7AFFC49C57B1:t0, leader=null, voted=, raftlog=Memoized:243d07fb-de29-4324-a32b-24d5948493a7@group-7AFFC49C57B1-SegmentedRaftLog:OPENED:c-1, conf=-1: peers:[ca122d53-8fd1-4cec-b324-69d908933b08|rpc:10.1.0.37:44515|dataStream:10.1.0.37:34703|priority:0|startupRole:FOLLOWER, 243d07fb-de29-4324-a32b-24d5948493a7|rpc:10.1.0.37:43063|dataStream:10.1.0.37:37595|priority:0|startupRole:FOLLOWER, c75a143a-6faf-4f8e-9847-b3e7e26fc01f|rpc:10.1.0.37:42913|dataStream:10.1.0.37:34813|priority:1|startupRole:FOLLOWER]|listeners:[], old=null
2023-04-11 11:23:27,082 [grpc-default-executor-1] INFO  impl.RoleInfo (RoleInfo.java:updateAndGet(139)) - ca122d53-8fd1-4cec-b324-69d908933b08: start ca122d53-8fd1-4cec-b324-69d908933b08@group-7AFFC49C57B1-FollowerState
2023-04-11 11:23:27,083 [ca122d53-8fd1-4cec-b324-69d908933b08@group-7AFFC49C57B1-FollowerState] INFO  server.RaftServerConfigKeys (ConfUtils.java:logFallback(53)) - raft.server.rpc.first-election.timeout.min = 5s (fallback to raft.server.rpc.timeout.min)
2023-04-11 11:23:27,091 [ca122d53-8fd1-4cec-b324-69d908933b08@group-7AFFC49C57B1-FollowerState] INFO  server.RaftServerConfigKeys (ConfUtils.java:logFallback(53)) - raft.server.rpc.first-election.timeout.max = 5200ms (fallback to raft.server.rpc.timeout.max)
2023-04-11 11:23:27,088 [grpc-default-executor-1] INFO  server.RaftServer$Division (RaftServerImpl.java:requestVote(1251)) - ca122d53-8fd1-4cec-b324-69d908933b08@group-7AFFC49C57B1 replies to ELECTION vote request: c75a143a-6faf-4f8e-9847-b3e7e26fc01f<-ca122d53-8fd1-4cec-b324-69d908933b08#0:OK-t1. Peer's state: ca122d53-8fd1-4cec-b324-69d908933b08@group-7AFFC49C57B1:t1, leader=null, voted=c75a143a-6faf-4f8e-9847-b3e7e26fc01f, raftlog=Memoized:ca122d53-8fd1-4cec-b324-69d908933b08@group-7AFFC49C57B1-SegmentedRaftLog:OPENED:c-1, conf=-1: peers:[ca122d53-8fd1-4cec-b324-69d908933b08|rpc:10.1.0.37:44515|dataStream:10.1.0.37:34703|priority:0|startupRole:FOLLOWER, 243d07fb-de29-4324-a32b-24d5948493a7|rpc:10.1.0.37:43063|dataStream:10.1.0.37:37595|priority:0|startupRole:FOLLOWER, c75a143a-6faf-4f8e-9847-b3e7e26fc01f|rpc:10.1.0.37:42913|dataStream:10.1.0.37:34813|priority:1|startupRole:FOLLOWER]|listeners:[], old=null
2023-04-11 11:23:27,093 [grpc-default-executor-0] INFO  server.RaftServer$Division (RaftServerImpl.java:requestVote(1218)) - 243d07fb-de29-4324-a32b-24d5948493a7@group-7AFFC49C57B1: receive requestVote(ELECTION, c75a143a-6faf-4f8e-9847-b3e7e26fc01f, group-7AFFC49C57B1, 1, (t:0, i:0))
2023-04-11 11:23:27,094 [grpc-default-executor-0] INFO  impl.VoteContext (VoteContext.java:log(49)) - 243d07fb-de29-4324-a32b-24d5948493a7@group-7AFFC49C57B1-FOLLOWER: accept ELECTION from c75a143a-6faf-4f8e-9847-b3e7e26fc01f: our priority 0 <= candidate's priority 1
2023-04-11 11:23:27,094 [grpc-default-executor-0] INFO  server.RaftServer$Division (RaftServerImpl.java:setRole(321)) - 243d07fb-de29-4324-a32b-24d5948493a7@group-7AFFC49C57B1: changes role from  FOLLOWER to FOLLOWER at term 1 for candidate:c75a143a-6faf-4f8e-9847-b3e7e26fc01f
2023-04-11 11:23:27,094 [grpc-default-executor-0] INFO  impl.RoleInfo (RoleInfo.java:shutdownFollowerState(110)) - 243d07fb-de29-4324-a32b-24d5948493a7: shutdown 243d07fb-de29-4324-a32b-24d5948493a7@group-7AFFC49C57B1-FollowerState
2023-04-11 11:23:27,094 [grpc-default-executor-0] INFO  impl.RoleInfo (RoleInfo.java:updateAndGet(139)) - 243d07fb-de29-4324-a32b-24d5948493a7: start 243d07fb-de29-4324-a32b-24d5948493a7@group-7AFFC49C57B1-FollowerState
2023-04-11 11:23:27,094 [243d07fb-de29-4324-a32b-24d5948493a7@group-7AFFC49C57B1-FollowerState] INFO  impl.FollowerState (FollowerState.java:run(152)) - 243d07fb-de29-4324-a32b-24d5948493a7@group-7AFFC49C57B1-FollowerState was interrupted
2023-04-11 11:23:27,105 [c75a143a-6faf-4f8e-9847-b3e7e26fc01f@group-7AFFC49C57B1-LeaderElection5] INFO  impl.LeaderElection (LeaderElection.java:logAndReturn(90)) - c75a143a-6faf-4f8e-9847-b3e7e26fc01f@group-7AFFC49C57B1-LeaderElection5: ELECTION PASSED received 1 response(s) and 0 exception(s):
2023-04-11 11:23:27,106 [c75a143a-6faf-4f8e-9847-b3e7e26fc01f@group-7AFFC49C57B1-LeaderElection5] INFO  impl.LeaderElection (LeaderElection.java:logAndReturn(94)) -   Response 0: c75a143a-6faf-4f8e-9847-b3e7e26fc01f<-ca122d53-8fd1-4cec-b324-69d908933b08#0:OK-t1
2023-04-11 11:23:27,106 [c75a143a-6faf-4f8e-9847-b3e7e26fc01f@group-7AFFC49C57B1-LeaderElection5] INFO  impl.LeaderElection (LeaderElection.java:askForVotes(314)) - c75a143a-6faf-4f8e-9847-b3e7e26fc01f@group-7AFFC49C57B1-LeaderElection5 ELECTION round 0: result PASSED
2023-04-11 11:23:27,106 [c75a143a-6faf-4f8e-9847-b3e7e26fc01f@group-7AFFC49C57B1-LeaderElection5] INFO  impl.RoleInfo (RoleInfo.java:shutdownLeaderElection(130)) - c75a143a-6faf-4f8e-9847-b3e7e26fc01f: shutdown c75a143a-6faf-4f8e-9847-b3e7e26fc01f@group-7AFFC49C57B1-LeaderElection5
2023-04-11 11:23:27,106 [c75a143a-6faf-4f8e-9847-b3e7e26fc01f@group-7AFFC49C57B1-LeaderElection5] INFO  server.RaftServer$Division (RaftServerImpl.java:setRole(321)) - c75a143a-6faf-4f8e-9847-b3e7e26fc01f@group-7AFFC49C57B1: changes role from CANDIDATE to LEADER at term 1 for changeToLeader
2023-04-11 11:23:27,106 [c75a143a-6faf-4f8e-9847-b3e7e26fc01f@group-7AFFC49C57B1-LeaderElection5] INFO  ratis.XceiverServerRatis (XceiverServerRatis.java:handleLeaderChangedNotification(904)) - Leader change notification received for group: group-7AFFC49C57B1 with new leaderId: c75a143a-6faf-4f8e-9847-b3e7e26fc01f
2023-04-11 11:23:27,106 [c75a143a-6faf-4f8e-9847-b3e7e26fc01f@group-7AFFC49C57B1-LeaderElection5] INFO  server.RaftServer$Division (ServerState.java:setLeader(313)) - c75a143a-6faf-4f8e-9847-b3e7e26fc01f@group-7AFFC49C57B1: change Leader from null to c75a143a-6faf-4f8e-9847-b3e7e26fc01f at term 1 for becomeLeader, leader elected after 5258ms
2023-04-11 11:23:27,106 [c75a143a-6faf-4f8e-9847-b3e7e26fc01f@group-7AFFC49C57B1-LeaderElection5] INFO  server.RaftServerConfigKeys (ConfUtils.java:logGet(46)) - raft.server.staging.catchup.gap = 1000 (default)
2023-04-11 11:23:27,107 [c75a143a-6faf-4f8e-9847-b3e7e26fc01f@group-7AFFC49C57B1-LeaderElection5] INFO  server.RaftServerConfigKeys (ConfUtils.java:logGet(46)) - raft.server.write.element-limit = 1024 (custom)
2023-04-11 11:23:27,107 [c75a143a-6faf-4f8e-9847-b3e7e26fc01f@group-7AFFC49C57B1-LeaderElection5] INFO  server.RaftServerConfigKeys (ConfUtils.java:logGet(46)) - raft.server.write.byte-limit = 1024 M (=1073741824) (custom)
2023-04-11 11:23:27,107 [c75a143a-6faf-4f8e-9847-b3e7e26fc01f@group-7AFFC49C57B1-LeaderElection5] INFO  server.RaftServerConfigKeys (ConfUtils.java:logGet(46)) - raft.server.watch.timeout = 180s (custom)
2023-04-11 11:23:27,107 [c75a143a-6faf-4f8e-9847-b3e7e26fc01f@group-7AFFC49C57B1-LeaderElection5] INFO  server.RaftServerConfigKeys (ConfUtils.java:logGet(46)) - raft.server.watch.timeout.denomination = 1s (default)
2023-04-11 11:23:27,107 [c75a143a-6faf-4f8e-9847-b3e7e26fc01f@group-7AFFC49C57B1-LeaderElection5] INFO  server.RaftServerConfigKeys (ConfUtils.java:logGet(46)) - raft.server.watch.element-limit = 65536 (default)
2023-04-11 11:23:27,107 [c75a143a-6faf-4f8e-9847-b3e7e26fc01f@group-7AFFC49C57B1-LeaderElection5] INFO  server.RaftServerConfigKeys (ConfUtils.java:logGet(46)) - raft.server.write.element-limit = 1024 (custom)
2023-04-11 11:23:27,107 [c75a143a-6faf-4f8e-9847-b3e7e26fc01f@group-7AFFC49C57B1-LeaderElection5] INFO  server.RaftServerConfigKeys (ConfUtils.java:logGet(46)) - raft.server.write.follower.gap.ratio.max = -1.0 (default)
2023-04-11 11:23:27,105 [grpc-default-executor-0] INFO  server.RaftServer$Division (RaftServerImpl.java:requestVote(1251)) - 243d07fb-de29-4324-a32b-24d5948493a7@group-7AFFC49C57B1 replies to ELECTION vote request: c75a143a-6faf-4f8e-9847-b3e7e26fc01f<-243d07fb-de29-4324-a32b-24d5948493a7#0:OK-t1. Peer's state: 243d07fb-de29-4324-a32b-24d5948493a7@group-7AFFC49C57B1:t1, leader=null, voted=c75a143a-6faf-4f8e-9847-b3e7e26fc01f, raftlog=Memoized:243d07fb-de29-4324-a32b-24d5948493a7@group-7AFFC49C57B1-SegmentedRaftLog:OPENED:c-1, conf=-1: peers:[ca122d53-8fd1-4cec-b324-69d908933b08|rpc:10.1.0.37:44515|dataStream:10.1.0.37:34703|priority:0|startupRole:FOLLOWER, 243d07fb-de29-4324-a32b-24d5948493a7|rpc:10.1.0.37:43063|dataStream:10.1.0.37:37595|priority:0|startupRole:FOLLOWER, c75a143a-6faf-4f8e-9847-b3e7e26fc01f|rpc:10.1.0.37:42913|dataStream:10.1.0.37:34813|priority:1|startupRole:FOLLOWER]|listeners:[], old=null
2023-04-11 11:23:27,110 [EventQueue-PipelineReportForPipelineReportHandler] INFO  pipeline.PipelineManagerImpl (PipelineManagerImpl.java:openPipeline(367)) - Pipeline Pipeline[ Id: be83539e-4791-44fc-840f-7affc49c57b1, Nodes: ca122d53-8fd1-4cec-b324-69d908933b08(fv-az590-525.scpgifznvsounmmscp2whtfmwe.cx.internal.cloudapp.net/10.1.0.37)243d07fb-de29-4324-a32b-24d5948493a7(fv-az590-525.scpgifznvsounmmscp2whtfmwe.cx.internal.cloudapp.net/10.1.0.37)c75a143a-6faf-4f8e-9847-b3e7e26fc01f(fv-az590-525.scpgifznvsounmmscp2whtfmwe.cx.internal.cloudapp.net/10.1.0.37), ReplicationConfig: RATIS/THREE, State:ALLOCATED, leaderId:c75a143a-6faf-4f8e-9847-b3e7e26fc01f, CreationTimestamp2023-04-11T11:23:19.140Z[Etc/UTC]] moved to OPEN state
2023-04-11 11:23:27,111 [EventQueue-OpenPipelineForHealthyPipelineSafeModeRule] INFO  safemode.SCMSafeModeManager (HealthyPipelineSafeModeRule.java:process(137)) - SCM in safe mode. Healthy pipelines reported count is 0, required healthy pipeline reported count is 1
2023-04-11 11:23:27,104 [243d07fb-de29-4324-a32b-24d5948493a7@group-7AFFC49C57B1-FollowerState] INFO  server.RaftServerConfigKeys (ConfUtils.java:logFallback(53)) - raft.server.rpc.first-election.timeout.min = 5s (fallback to raft.server.rpc.timeout.min)
2023-04-11 11:23:27,119 [EventQueue-OpenPipelineForHealthyPipelineSafeModeRule] INFO  safemode.SCMSafeModeManager (HealthyPipelineSafeModeRule.java:process(137)) - SCM in safe mode. Healthy pipelines reported count is 1, required healthy pipeline reported count is 1
2023-04-11 11:23:27,120 [243d07fb-de29-4324-a32b-24d5948493a7@group-7AFFC49C57B1-FollowerState] INFO  server.RaftServerConfigKeys (ConfUtils.java:logFallback(53)) - raft.server.rpc.first-election.timeout.max = 5200ms (fallback to raft.server.rpc.timeout.max)
2023-04-11 11:23:27,120 [EventQueue-OpenPipelineForHealthyPipelineSafeModeRule] INFO  safemode.SCMSafeModeManager (SCMSafeModeManager.java:validateSafeModeExitRules(200)) - HealthyPipelineSafeModeRule rule is successfully validated
2023-04-11 11:23:27,120 [EventQueue-OpenPipelineForHealthyPipelineSafeModeRule] INFO  safemode.SCMSafeModeManager (SCMSafeModeManager.java:validateSafeModeExitRules(215)) - ScmSafeModeManager, all rules are successfully validated
2023-04-11 11:23:27,120 [EventQueue-OpenPipelineForHealthyPipelineSafeModeRule] INFO  safemode.SCMSafeModeManager (SCMSafeModeManager.java:exitSafeMode(244)) - SCM exiting safe mode.
2023-04-11 11:23:27,120 [EventQueue-OpenPipelineForHealthyPipelineSafeModeRule] INFO  ha.SCMContext (SCMContext.java:updateSafeModeStatus(228)) - Update SafeModeStatus from SafeModeStatus{safeModeStatus=true, preCheckPassed=true} to SafeModeStatus{safeModeStatus=false, preCheckPassed=true}.
2023-04-11 11:23:27,120 [EventQueue-OpenPipelineForHealthyPipelineSafeModeRule] INFO  pipeline.BackgroundPipelineCreator (BackgroundPipelineCreator.java:notifyStatusChanged(254)) - Service BackgroundPipelineCreator transitions to RUNNING.
2023-04-11 11:23:27,120 [EventQueue-OpenPipelineForHealthyPipelineSafeModeRule] INFO  BackgroundPipelineScrubber (BackgroundSCMService.java:notifyStatusChanged(82)) - Service BackgroundPipelineScrubber transitions to RUNNING.
2023-04-11 11:23:27,120 [EventQueue-OpenPipelineForHealthyPipelineSafeModeRule] INFO  ExpiredContainerReplicaOpScrubber (BackgroundSCMService.java:notifyStatusChanged(82)) - Service ExpiredContainerReplicaOpScrubber transitions to RUNNING.
2023-04-11 11:23:27,120 [EventQueue-OpenPipelineForHealthyPipelineSafeModeRule] INFO  replication.ReplicationManager (ReplicationManager.java:notifyStatusChanged(1371)) - Service ReplicationManager transitions to RUNNING.
2023-04-11 11:23:27,124 [EventQueue-OpenPipelineForHealthyPipelineSafeModeRule] WARN  balancer.ContainerBalancer (ContainerBalancer.java:shouldRun(132)) - Could not find persisted configuration for ContainerBalancer when checking if ContainerBalancer should run. ContainerBalancer should not run now.
2023-04-11 11:23:27,128 [c75a143a-6faf-4f8e-9847-b3e7e26fc01f@group-7AFFC49C57B1-LeaderElection5] INFO  server.RaftServerConfigKeys (ConfUtils.java:logGet(46)) - raft.server.log.appender.snapshot.chunk.size.max = 16MB (=16777216) (default)
2023-04-11 11:23:27,128 [c75a143a-6faf-4f8e-9847-b3e7e26fc01f@group-7AFFC49C57B1-LeaderElection5] INFO  server.RaftServerConfigKeys (ConfUtils.java:logGet(46)) - raft.server.log.appender.buffer.byte-limit = 33554432 (custom)
2023-04-11 11:23:27,128 [c75a143a-6faf-4f8e-9847-b3e7e26fc01f@group-7AFFC49C57B1-LeaderElection5] INFO  server.RaftServerConfigKeys (ConfUtils.java:logGet(46)) - raft.server.log.appender.buffer.element-limit = 1 (custom)
2023-04-11 11:23:27,131 [c75a143a-6faf-4f8e-9847-b3e7e26fc01f@group-7AFFC49C57B1-LeaderElection5] INFO  grpc.GrpcConfigKeys (ConfUtils.java:logGet(46)) - raft.grpc.server.leader.outstanding.appends.max = 128 (default)
2023-04-11 11:23:27,131 [c75a143a-6faf-4f8e-9847-b3e7e26fc01f@group-7AFFC49C57B1-LeaderElection5] INFO  server.RaftServerConfigKeys (ConfUtils.java:logGet(46)) - raft.server.rpc.request.timeout = 60s (custom)
2023-04-11 11:23:27,131 [c75a143a-6faf-4f8e-9847-b3e7e26fc01f@group-7AFFC49C57B1-LeaderElection5] INFO  server.RaftServerConfigKeys (ConfUtils.java:logGet(46)) - raft.server.log.appender.install.snapshot.enabled = false (custom)
2023-04-11 11:23:27,131 [c75a143a-6faf-4f8e-9847-b3e7e26fc01f@group-7AFFC49C57B1-LeaderElection5] INFO  grpc.GrpcConfigKeys (ConfUtils.java:logGet(46)) - raft.grpc.server.heartbeat.channel = true (default)
2023-04-11 11:23:27,131 [c75a143a-6faf-4f8e-9847-b3e7e26fc01f@group-7AFFC49C57B1-LeaderElection5] INFO  server.RaftServerConfigKeys (ConfUtils.java:logGet(46)) - raft.server.log.appender.wait-time.min = 10ms (default)
2023-04-11 11:23:27,133 [243d07fb-de29-4324-a32b-24d5948493a7@group-9D155BEE1D9D-FollowerState] INFO  impl.FollowerState (FollowerState.java:run(143)) - 243d07fb-de29-4324-a32b-24d5948493a7@group-9D155BEE1D9D-FollowerState: change to CANDIDATE, lastRpcElapsedTime:5073905604ns, electionTimeout:5067ms
2023-04-11 11:23:27,133 [243d07fb-de29-4324-a32b-24d5948493a7@group-9D155BEE1D9D-FollowerState] INFO  impl.RoleInfo (RoleInfo.java:shutdownFollowerState(110)) - 243d07fb-de29-4324-a32b-24d5948493a7: shutdown 243d07fb-de29-4324-a32b-24d5948493a7@group-9D155BEE1D9D-FollowerState
2023-04-11 11:23:27,133 [243d07fb-de29-4324-a32b-24d5948493a7@group-9D155BEE1D9D-FollowerState] INFO  server.RaftServer$Division (RaftServerImpl.java:setRole(321)) - 243d07fb-de29-4324-a32b-24d5948493a7@group-9D155BEE1D9D: changes role from  FOLLOWER to CANDIDATE at term 0 for changeToCandidate
2023-04-11 11:23:27,134 [243d07fb-de29-4324-a32b-24d5948493a7@group-9D155BEE1D9D-FollowerState] INFO  server.RaftServerConfigKeys (ConfUtils.java:logGet(46)) - raft.server.leaderelection.pre-vote = true (default)
2023-04-11 11:23:27,134 [243d07fb-de29-4324-a32b-24d5948493a7@group-9D155BEE1D9D-FollowerState] INFO  impl.RoleInfo (RoleInfo.java:updateAndGet(139)) - 243d07fb-de29-4324-a32b-24d5948493a7: start 243d07fb-de29-4324-a32b-24d5948493a7@group-9D155BEE1D9D-LeaderElection6
2023-04-11 11:23:27,136 [c75a143a-6faf-4f8e-9847-b3e7e26fc01f@group-7AFFC49C57B1-LeaderElection5] INFO  server.RaftServerConfigKeys (ConfUtils.java:logGet(46)) - raft.server.log.appender.snapshot.chunk.size.max = 16MB (=16777216) (default)
2023-04-11 11:23:27,136 [c75a143a-6faf-4f8e-9847-b3e7e26fc01f@group-7AFFC49C57B1-LeaderElection5] INFO  server.RaftServerConfigKeys (ConfUtils.java:logGet(46)) - raft.server.log.appender.buffer.byte-limit = 33554432 (custom)
2023-04-11 11:23:27,136 [c75a143a-6faf-4f8e-9847-b3e7e26fc01f@group-7AFFC49C57B1-LeaderElection5] INFO  server.RaftServerConfigKeys (ConfUtils.java:logGet(46)) - raft.server.log.appender.buffer.element-limit = 1 (custom)
2023-04-11 11:23:27,136 [c75a143a-6faf-4f8e-9847-b3e7e26fc01f@group-7AFFC49C57B1-LeaderElection5] INFO  grpc.GrpcConfigKeys (ConfUtils.java:logGet(46)) - raft.grpc.server.leader.outstanding.appends.max = 128 (default)
2023-04-11 11:23:27,136 [c75a143a-6faf-4f8e-9847-b3e7e26fc01f@group-7AFFC49C57B1-LeaderElection5] INFO  server.RaftServerConfigKeys (ConfUtils.java:logGet(46)) - raft.server.rpc.request.timeout = 60s (custom)
2023-04-11 11:23:27,136 [c75a143a-6faf-4f8e-9847-b3e7e26fc01f@group-7AFFC49C57B1-LeaderElection5] INFO  server.RaftServerConfigKeys (ConfUtils.java:logGet(46)) - raft.server.log.appender.install.snapshot.enabled = false (custom)
2023-04-11 11:23:27,136 [c75a143a-6faf-4f8e-9847-b3e7e26fc01f@group-7AFFC49C57B1-LeaderElection5] INFO  grpc.GrpcConfigKeys (ConfUtils.java:logGet(46)) - raft.grpc.server.heartbeat.channel = true (default)
2023-04-11 11:23:27,137 [c75a143a-6faf-4f8e-9847-b3e7e26fc01f@group-7AFFC49C57B1-LeaderElection5] INFO  server.RaftServerConfigKeys (ConfUtils.java:logGet(46)) - raft.server.log.appender.wait-time.min = 10ms (default)
2023-04-11 11:23:27,138 [c75a143a-6faf-4f8e-9847-b3e7e26fc01f@group-7AFFC49C57B1-LeaderElection5] INFO  impl.RoleInfo (RoleInfo.java:updateAndGet(139)) - c75a143a-6faf-4f8e-9847-b3e7e26fc01f: start c75a143a-6faf-4f8e-9847-b3e7e26fc01f@group-7AFFC49C57B1-LeaderStateImpl
2023-04-11 11:23:27,138 [c75a143a-6faf-4f8e-9847-b3e7e26fc01f@group-7AFFC49C57B1-LeaderElection5] INFO  segmented.SegmentedRaftLogWorker (SegmentedRaftLogWorker.java:startLogSegment(452)) - c75a143a-6faf-4f8e-9847-b3e7e26fc01f@group-7AFFC49C57B1-SegmentedRaftLogWorker: Starting segment from index:0
2023-04-11 11:23:27,140 [c75a143a-6faf-4f8e-9847-b3e7e26fc01f@group-7AFFC49C57B1-SegmentedRaftLogWorker] INFO  segmented.SegmentedRaftLogWorker (SegmentedRaftLogWorker.java:execute(656)) - c75a143a-6faf-4f8e-9847-b3e7e26fc01f@group-7AFFC49C57B1-SegmentedRaftLogWorker: created new log segment /home/runner/work/ozone/ozone/hadoop-ozone/integration-test/target/test-dir/MiniOzoneClusterImpl-9bce2823-b07a-4470-87a5-870b50b19846/datanode-1/data/ratis/be83539e-4791-44fc-840f-7affc49c57b1/current/log_inprogress_0
2023-04-11 11:23:27,140 [243d07fb-de29-4324-a32b-24d5948493a7@group-9D155BEE1D9D-LeaderElection6] INFO  impl.LeaderElection (LeaderElection.java:askForVotes(312)) - 243d07fb-de29-4324-a32b-24d5948493a7@group-9D155BEE1D9D-LeaderElection6 PRE_VOTE round 0: submit vote requests at term 0 for -1: peers:[ca122d53-8fd1-4cec-b324-69d908933b08|rpc:10.1.0.37:44515|dataStream:10.1.0.37:34703|priority:0|startupRole:FOLLOWER, 243d07fb-de29-4324-a32b-24d5948493a7|rpc:10.1.0.37:43063|dataStream:10.1.0.37:37595|priority:1|startupRole:FOLLOWER, c75a143a-6faf-4f8e-9847-b3e7e26fc01f|rpc:10.1.0.37:42913|dataStream:10.1.0.37:34813|priority:0|startupRole:FOLLOWER]|listeners:[], old=null
2023-04-11 11:23:27,151 [c75a143a-6faf-4f8e-9847-b3e7e26fc01f@group-7AFFC49C57B1-LeaderElection5] INFO  server.RaftServer$Division (ServerState.java:setRaftConf(430)) - c75a143a-6faf-4f8e-9847-b3e7e26fc01f@group-7AFFC49C57B1: set configuration 0: peers:[ca122d53-8fd1-4cec-b324-69d908933b08|rpc:10.1.0.37:44515|dataStream:10.1.0.37:34703|priority:0|startupRole:FOLLOWER, 243d07fb-de29-4324-a32b-24d5948493a7|rpc:10.1.0.37:43063|dataStream:10.1.0.37:37595|priority:0|startupRole:FOLLOWER, c75a143a-6faf-4f8e-9847-b3e7e26fc01f|rpc:10.1.0.37:42913|dataStream:10.1.0.37:34813|priority:1|startupRole:FOLLOWER]|listeners:[], old=null
2023-04-11 11:23:27,166 [243d07fb-de29-4324-a32b-24d5948493a7@group-9D155BEE1D9D-LeaderElection6] INFO  server.RaftServerConfigKeys (ConfUtils.java:logFallback(53)) - raft.server.rpc.first-election.timeout.min = 5s (fallback to raft.server.rpc.timeout.min)
2023-04-11 11:23:27,177 [243d07fb-de29-4324-a32b-24d5948493a7@group-9D155BEE1D9D-LeaderElection6] INFO  server.RaftServerConfigKeys (ConfUtils.java:logFallback(53)) - raft.server.rpc.first-election.timeout.max = 5200ms (fallback to raft.server.rpc.timeout.max)
2023-04-11 11:23:27,202 [grpc-default-executor-1] INFO  server.RaftServer$Division (RaftServerImpl.java:requestVote(1218)) - ca122d53-8fd1-4cec-b324-69d908933b08@group-9D155BEE1D9D: receive requestVote(PRE_VOTE, 243d07fb-de29-4324-a32b-24d5948493a7, group-9D155BEE1D9D, 0, (t:0, i:0))
2023-04-11 11:23:27,204 [grpc-default-executor-1] INFO  impl.VoteContext (VoteContext.java:log(49)) - ca122d53-8fd1-4cec-b324-69d908933b08@group-9D155BEE1D9D-FOLLOWER: accept PRE_VOTE from 243d07fb-de29-4324-a32b-24d5948493a7: our priority 0 <= candidate's priority 1
2023-04-11 11:23:27,204 [grpc-default-executor-1] INFO  server.RaftServer$Division (RaftServerImpl.java:requestVote(1251)) - ca122d53-8fd1-4cec-b324-69d908933b08@group-9D155BEE1D9D replies to PRE_VOTE vote request: 243d07fb-de29-4324-a32b-24d5948493a7<-ca122d53-8fd1-4cec-b324-69d908933b08#0:OK-t0. Peer's state: ca122d53-8fd1-4cec-b324-69d908933b08@group-9D155BEE1D9D:t0, leader=null, voted=, raftlog=Memoized:ca122d53-8fd1-4cec-b324-69d908933b08@group-9D155BEE1D9D-SegmentedRaftLog:OPENED:c-1, conf=-1: peers:[ca122d53-8fd1-4cec-b324-69d908933b08|rpc:10.1.0.37:44515|dataStream:10.1.0.37:34703|priority:0|startupRole:FOLLOWER, 243d07fb-de29-4324-a32b-24d5948493a7|rpc:10.1.0.37:43063|dataStream:10.1.0.37:37595|priority:1|startupRole:FOLLOWER, c75a143a-6faf-4f8e-9847-b3e7e26fc01f|rpc:10.1.0.37:42913|dataStream:10.1.0.37:34813|priority:0|startupRole:FOLLOWER]|listeners:[], old=null
2023-04-11 11:23:27,203 [c75a143a-6faf-4f8e-9847-b3e7e26fc01f@group-9D155BEE1D9D-FollowerState] INFO  impl.FollowerState (FollowerState.java:run(143)) - c75a143a-6faf-4f8e-9847-b3e7e26fc01f@group-9D155BEE1D9D-FollowerState: change to CANDIDATE, lastRpcElapsedTime:5082192610ns, electionTimeout:5075ms
2023-04-11 11:23:27,205 [c75a143a-6faf-4f8e-9847-b3e7e26fc01f@group-9D155BEE1D9D-FollowerState] INFO  impl.RoleInfo (RoleInfo.java:shutdownFollowerState(110)) - c75a143a-6faf-4f8e-9847-b3e7e26fc01f: shutdown c75a143a-6faf-4f8e-9847-b3e7e26fc01f@group-9D155BEE1D9D-FollowerState
2023-04-11 11:23:27,205 [c75a143a-6faf-4f8e-9847-b3e7e26fc01f@group-9D155BEE1D9D-FollowerState] INFO  server.RaftServer$Division (RaftServerImpl.java:setRole(321)) - c75a143a-6faf-4f8e-9847-b3e7e26fc01f@group-9D155BEE1D9D: changes role from  FOLLOWER to CANDIDATE at term 0 for changeToCandidate
2023-04-11 11:23:27,205 [c75a143a-6faf-4f8e-9847-b3e7e26fc01f@group-9D155BEE1D9D-FollowerState] INFO  server.RaftServerConfigKeys (ConfUtils.java:logGet(46)) - raft.server.leaderelection.pre-vote = true (default)
2023-04-11 11:23:27,205 [c75a143a-6faf-4f8e-9847-b3e7e26fc01f@group-9D155BEE1D9D-FollowerState] INFO  impl.RoleInfo (RoleInfo.java:updateAndGet(139)) - c75a143a-6faf-4f8e-9847-b3e7e26fc01f: start c75a143a-6faf-4f8e-9847-b3e7e26fc01f@group-9D155BEE1D9D-LeaderElection7
2023-04-11 11:23:27,214 [ca122d53-8fd1-4cec-b324-69d908933b08-server-thread1] INFO  ratis.XceiverServerRatis (XceiverServerRatis.java:handleLeaderChangedNotification(904)) - Leader change notification received for group: group-7AFFC49C57B1 with new leaderId: c75a143a-6faf-4f8e-9847-b3e7e26fc01f
2023-04-11 11:23:27,222 [c75a143a-6faf-4f8e-9847-b3e7e26fc01f@group-9D155BEE1D9D-LeaderElection7] INFO  impl.LeaderElection (LeaderElection.java:askForVotes(312)) - c75a143a-6faf-4f8e-9847-b3e7e26fc01f@group-9D155BEE1D9D-LeaderElection7 PRE_VOTE round 0: submit vote requests at term 0 for -1: peers:[ca122d53-8fd1-4cec-b324-69d908933b08|rpc:10.1.0.37:44515|dataStream:10.1.0.37:34703|priority:0|startupRole:FOLLOWER, 243d07fb-de29-4324-a32b-24d5948493a7|rpc:10.1.0.37:43063|dataStream:10.1.0.37:37595|priority:1|startupRole:FOLLOWER, c75a143a-6faf-4f8e-9847-b3e7e26fc01f|rpc:10.1.0.37:42913|dataStream:10.1.0.37:34813|priority:0|startupRole:FOLLOWER]|listeners:[], old=null
2023-04-11 11:23:27,222 [grpc-default-executor-3] INFO  server.RaftServer$Division (RaftServerImpl.java:requestVote(1218)) - c75a143a-6faf-4f8e-9847-b3e7e26fc01f@group-9D155BEE1D9D: receive requestVote(PRE_VOTE, 243d07fb-de29-4324-a32b-24d5948493a7, group-9D155BEE1D9D, 0, (t:0, i:0))
2023-04-11 11:23:27,221 [243d07fb-de29-4324-a32b-24d5948493a7@group-9D155BEE1D9D-LeaderElection6] INFO  impl.LeaderElection (LeaderElection.java:logAndReturn(90)) - 243d07fb-de29-4324-a32b-24d5948493a7@group-9D155BEE1D9D-LeaderElection6: PRE_VOTE PASSED received 1 response(s) and 0 exception(s):
2023-04-11 11:23:27,222 [grpc-default-executor-3] INFO  impl.VoteContext (VoteContext.java:log(49)) - c75a143a-6faf-4f8e-9847-b3e7e26fc01f@group-9D155BEE1D9D-CANDIDATE: accept PRE_VOTE from 243d07fb-de29-4324-a32b-24d5948493a7: our priority 0 <= candidate's priority 1
2023-04-11 11:23:27,222 [ca122d53-8fd1-4cec-b324-69d908933b08-server-thread1] INFO  server.RaftServer$Division (ServerState.java:setLeader(313)) - ca122d53-8fd1-4cec-b324-69d908933b08@group-7AFFC49C57B1: change Leader from null to c75a143a-6faf-4f8e-9847-b3e7e26fc01f at term 1 for appendEntries, leader elected after 5451ms
2023-04-11 11:23:27,222 [grpc-default-executor-3] INFO  server.RaftServer$Division (RaftServerImpl.java:requestVote(1251)) - c75a143a-6faf-4f8e-9847-b3e7e26fc01f@group-9D155BEE1D9D replies to PRE_VOTE vote request: 243d07fb-de29-4324-a32b-24d5948493a7<-c75a143a-6faf-4f8e-9847-b3e7e26fc01f#0:OK-t0. Peer's state: c75a143a-6faf-4f8e-9847-b3e7e26fc01f@group-9D155BEE1D9D:t0, leader=null, voted=, raftlog=Memoized:c75a143a-6faf-4f8e-9847-b3e7e26fc01f@group-9D155BEE1D9D-SegmentedRaftLog:OPENED:c-1, conf=-1: peers:[ca122d53-8fd1-4cec-b324-69d908933b08|rpc:10.1.0.37:44515|dataStream:10.1.0.37:34703|priority:0|startupRole:FOLLOWER, 243d07fb-de29-4324-a32b-24d5948493a7|rpc:10.1.0.37:43063|dataStream:10.1.0.37:37595|priority:1|startupRole:FOLLOWER, c75a143a-6faf-4f8e-9847-b3e7e26fc01f|rpc:10.1.0.37:42913|dataStream:10.1.0.37:34813|priority:0|startupRole:FOLLOWER]|listeners:[], old=null
2023-04-11 11:23:27,215 [243d07fb-de29-4324-a32b-24d5948493a7-server-thread1] INFO  ratis.XceiverServerRatis (XceiverServerRatis.java:handleLeaderChangedNotification(904)) - Leader change notification received for group: group-7AFFC49C57B1 with new leaderId: c75a143a-6faf-4f8e-9847-b3e7e26fc01f
2023-04-11 11:23:27,222 [243d07fb-de29-4324-a32b-24d5948493a7@group-9D155BEE1D9D-LeaderElection6] INFO  impl.LeaderElection (LeaderElection.java:logAndReturn(94)) -   Response 0: 243d07fb-de29-4324-a32b-24d5948493a7<-ca122d53-8fd1-4cec-b324-69d908933b08#0:OK-t0
2023-04-11 11:23:27,225 [243d07fb-de29-4324-a32b-24d5948493a7-server-thread1] INFO  server.RaftServer$Division (ServerState.java:setLeader(313)) - 243d07fb-de29-4324-a32b-24d5948493a7@group-7AFFC49C57B1: change Leader from null to c75a143a-6faf-4f8e-9847-b3e7e26fc01f at term 1 for appendEntries, leader elected after 5957ms
2023-04-11 11:23:27,227 [c75a143a-6faf-4f8e-9847-b3e7e26fc01f@group-9D155BEE1D9D-LeaderElection7] INFO  server.RaftServerConfigKeys (ConfUtils.java:logFallback(53)) - raft.server.rpc.first-election.timeout.min = 5s (fallback to raft.server.rpc.timeout.min)
2023-04-11 11:23:27,227 [c75a143a-6faf-4f8e-9847-b3e7e26fc01f@group-9D155BEE1D9D-LeaderElection7] INFO  server.RaftServerConfigKeys (ConfUtils.java:logFallback(53)) - raft.server.rpc.first-election.timeout.max = 5200ms (fallback to raft.server.rpc.timeout.max)
2023-04-11 11:23:27,229 [243d07fb-de29-4324-a32b-24d5948493a7@group-9D155BEE1D9D-LeaderElection6] INFO  impl.LeaderElection (LeaderElection.java:askForVotes(314)) - 243d07fb-de29-4324-a32b-24d5948493a7@group-9D155BEE1D9D-LeaderElection6 PRE_VOTE round 0: result PASSED
2023-04-11 11:23:27,229 [ca122d53-8fd1-4cec-b324-69d908933b08-server-thread1] INFO  server.RaftServer$Division (ServerState.java:setRaftConf(430)) - ca122d53-8fd1-4cec-b324-69d908933b08@group-7AFFC49C57B1: set configuration 0: peers:[ca122d53-8fd1-4cec-b324-69d908933b08|rpc:10.1.0.37:44515|dataStream:10.1.0.37:34703|priority:0|startupRole:FOLLOWER, 243d07fb-de29-4324-a32b-24d5948493a7|rpc:10.1.0.37:43063|dataStream:10.1.0.37:37595|priority:0|startupRole:FOLLOWER, c75a143a-6faf-4f8e-9847-b3e7e26fc01f|rpc:10.1.0.37:42913|dataStream:10.1.0.37:34813|priority:1|startupRole:FOLLOWER]|listeners:[], old=null
2023-04-11 11:23:27,230 [243d07fb-de29-4324-a32b-24d5948493a7-server-thread1] INFO  server.RaftServer$Division (ServerState.java:setRaftConf(430)) - 243d07fb-de29-4324-a32b-24d5948493a7@group-7AFFC49C57B1: set configuration 0: peers:[ca122d53-8fd1-4cec-b324-69d908933b08|rpc:10.1.0.37:44515|dataStream:10.1.0.37:34703|priority:0|startupRole:FOLLOWER, 243d07fb-de29-4324-a32b-24d5948493a7|rpc:10.1.0.37:43063|dataStream:10.1.0.37:37595|priority:0|startupRole:FOLLOWER, c75a143a-6faf-4f8e-9847-b3e7e26fc01f|rpc:10.1.0.37:42913|dataStream:10.1.0.37:34813|priority:1|startupRole:FOLLOWER]|listeners:[], old=null
2023-04-11 11:23:27,230 [ca122d53-8fd1-4cec-b324-69d908933b08-server-thread1] INFO  segmented.SegmentedRaftLogWorker (SegmentedRaftLogWorker.java:startLogSegment(452)) - ca122d53-8fd1-4cec-b324-69d908933b08@group-7AFFC49C57B1-SegmentedRaftLogWorker: Starting segment from index:0
2023-04-11 11:23:27,231 [243d07fb-de29-4324-a32b-24d5948493a7-server-thread1] INFO  segmented.SegmentedRaftLogWorker (SegmentedRaftLogWorker.java:startLogSegment(452)) - 243d07fb-de29-4324-a32b-24d5948493a7@group-7AFFC49C57B1-SegmentedRaftLogWorker: Starting segment from index:0
2023-04-11 11:23:27,231 [243d07fb-de29-4324-a32b-24d5948493a7@group-9D155BEE1D9D-LeaderElection6] INFO  impl.LeaderElection (LeaderElection.java:askForVotes(312)) - 243d07fb-de29-4324-a32b-24d5948493a7@group-9D155BEE1D9D-LeaderElection6 ELECTION round 0: submit vote requests at term 1 for -1: peers:[ca122d53-8fd1-4cec-b324-69d908933b08|rpc:10.1.0.37:44515|dataStream:10.1.0.37:34703|priority:0|startupRole:FOLLOWER, 243d07fb-de29-4324-a32b-24d5948493a7|rpc:10.1.0.37:43063|dataStream:10.1.0.37:37595|priority:1|startupRole:FOLLOWER, c75a143a-6faf-4f8e-9847-b3e7e26fc01f|rpc:10.1.0.37:42913|dataStream:10.1.0.37:34813|priority:0|startupRole:FOLLOWER]|listeners:[], old=null
2023-04-11 11:23:27,234 [ca122d53-8fd1-4cec-b324-69d908933b08@group-E6C880774131-FollowerState] INFO  impl.FollowerState (FollowerState.java:run(143)) - ca122d53-8fd1-4cec-b324-69d908933b08@group-E6C880774131-FollowerState: change to CANDIDATE, lastRpcElapsedTime:5037438810ns, electionTimeout:5034ms
2023-04-11 11:23:27,234 [ca122d53-8fd1-4cec-b324-69d908933b08@group-E6C880774131-FollowerState] INFO  impl.RoleInfo (RoleInfo.java:shutdownFollowerState(110)) - ca122d53-8fd1-4cec-b324-69d908933b08: shutdown ca122d53-8fd1-4cec-b324-69d908933b08@group-E6C880774131-FollowerState
2023-04-11 11:23:27,234 [ca122d53-8fd1-4cec-b324-69d908933b08@group-E6C880774131-FollowerState] INFO  server.RaftServer$Division (RaftServerImpl.java:setRole(321)) - ca122d53-8fd1-4cec-b324-69d908933b08@group-E6C880774131: changes role from  FOLLOWER to CANDIDATE at term 0 for changeToCandidate
2023-04-11 11:23:27,236 [243d07fb-de29-4324-a32b-24d5948493a7@group-9D155BEE1D9D-LeaderElection6] INFO  server.RaftServerConfigKeys (ConfUtils.java:logFallback(53)) - raft.server.rpc.first-election.timeout.min = 5s (fallback to raft.server.rpc.timeout.min)
2023-04-11 11:23:27,236 [243d07fb-de29-4324-a32b-24d5948493a7@group-9D155BEE1D9D-LeaderElection6] INFO  server.RaftServerConfigKeys (ConfUtils.java:logFallback(53)) - raft.server.rpc.first-election.timeout.max = 5200ms (fallback to raft.server.rpc.timeout.max)
2023-04-11 11:23:27,239 [ca122d53-8fd1-4cec-b324-69d908933b08@group-E6C880774131-FollowerState] INFO  server.RaftServerConfigKeys (ConfUtils.java:logGet(46)) - raft.server.leaderelection.pre-vote = true (default)
2023-04-11 11:23:27,239 [ca122d53-8fd1-4cec-b324-69d908933b08@group-E6C880774131-FollowerState] INFO  impl.RoleInfo (RoleInfo.java:updateAndGet(139)) - ca122d53-8fd1-4cec-b324-69d908933b08: start ca122d53-8fd1-4cec-b324-69d908933b08@group-E6C880774131-LeaderElection8
2023-04-11 11:23:27,239 [243d07fb-de29-4324-a32b-24d5948493a7@group-7AFFC49C57B1-SegmentedRaftLogWorker] INFO  segmented.SegmentedRaftLogWorker (SegmentedRaftLogWorker.java:execute(656)) - 243d07fb-de29-4324-a32b-24d5948493a7@group-7AFFC49C57B1-SegmentedRaftLogWorker: created new log segment /home/runner/work/ozone/ozone/hadoop-ozone/integration-test/target/test-dir/MiniOzoneClusterImpl-9bce2823-b07a-4470-87a5-870b50b19846/datanode-0/data/ratis/be83539e-4791-44fc-840f-7affc49c57b1/current/log_inprogress_0
2023-04-11 11:23:27,247 [grpc-default-executor-2] INFO  server.RaftServer$Division (RaftServerImpl.java:requestVote(1218)) - ca122d53-8fd1-4cec-b324-69d908933b08@group-9D155BEE1D9D: receive requestVote(PRE_VOTE, c75a143a-6faf-4f8e-9847-b3e7e26fc01f, group-9D155BEE1D9D, 0, (t:0, i:0))
2023-04-11 11:23:27,247 [ca122d53-8fd1-4cec-b324-69d908933b08@group-E6C880774131-LeaderElection8] INFO  impl.LeaderElection (LeaderElection.java:askForVotes(312)) - ca122d53-8fd1-4cec-b324-69d908933b08@group-E6C880774131-LeaderElection8 PRE_VOTE round 0: submit vote requests at term 0 for -1: peers:[ca122d53-8fd1-4cec-b324-69d908933b08|rpc:10.1.0.37:44515|dataStream:10.1.0.37:34703|priority:1|startupRole:FOLLOWER]|listeners:[], old=null
2023-04-11 11:23:27,247 [grpc-default-executor-4] INFO  server.RaftServer$Division (RaftServerImpl.java:requestVote(1218)) - ca122d53-8fd1-4cec-b324-69d908933b08@group-9D155BEE1D9D: receive requestVote(ELECTION, 243d07fb-de29-4324-a32b-24d5948493a7, group-9D155BEE1D9D, 1, (t:0, i:0))
2023-04-11 11:23:27,247 [ca122d53-8fd1-4cec-b324-69d908933b08@group-E6C880774131-LeaderElection8] INFO  impl.LeaderElection (LeaderElection.java:askForVotes(314)) - ca122d53-8fd1-4cec-b324-69d908933b08@group-E6C880774131-LeaderElection8 PRE_VOTE round 0: result PASSED (term=0)
2023-04-11 11:23:27,250 [ca122d53-8fd1-4cec-b324-69d908933b08@group-7AFFC49C57B1-SegmentedRaftLogWorker] INFO  segmented.SegmentedRaftLogWorker (SegmentedRaftLogWorker.java:execute(656)) - ca122d53-8fd1-4cec-b324-69d908933b08@group-7AFFC49C57B1-SegmentedRaftLogWorker: created new log segment /home/runner/work/ozone/ozone/hadoop-ozone/integration-test/target/test-dir/MiniOzoneClusterImpl-9bce2823-b07a-4470-87a5-870b50b19846/datanode-2/data/ratis/be83539e-4791-44fc-840f-7affc49c57b1/current/log_inprogress_0
2023-04-11 11:23:27,251 [grpc-default-executor-2] INFO  impl.VoteContext (VoteContext.java:log(49)) - ca122d53-8fd1-4cec-b324-69d908933b08@group-9D155BEE1D9D-FOLLOWER: accept PRE_VOTE from c75a143a-6faf-4f8e-9847-b3e7e26fc01f: our priority 0 <= candidate's priority 0
2023-04-11 11:23:27,251 [grpc-default-executor-2] INFO  server.RaftServer$Division (RaftServerImpl.java:requestVote(1251)) - ca122d53-8fd1-4cec-b324-69d908933b08@group-9D155BEE1D9D replies to PRE_VOTE vote request: c75a143a-6faf-4f8e-9847-b3e7e26fc01f<-ca122d53-8fd1-4cec-b324-69d908933b08#0:OK-t0. Peer's state: ca122d53-8fd1-4cec-b324-69d908933b08@group-9D155BEE1D9D:t0, leader=null, voted=, raftlog=Memoized:ca122d53-8fd1-4cec-b324-69d908933b08@group-9D155BEE1D9D-SegmentedRaftLog:OPENED:c-1, conf=-1: peers:[ca122d53-8fd1-4cec-b324-69d908933b08|rpc:10.1.0.37:44515|dataStream:10.1.0.37:34703|priority:0|startupRole:FOLLOWER, 243d07fb-de29-4324-a32b-24d5948493a7|rpc:10.1.0.37:43063|dataStream:10.1.0.37:37595|priority:1|startupRole:FOLLOWER, c75a143a-6faf-4f8e-9847-b3e7e26fc01f|rpc:10.1.0.37:42913|dataStream:10.1.0.37:34813|priority:0|startupRole:FOLLOWER]|listeners:[], old=null
2023-04-11 11:23:27,253 [grpc-default-executor-4] INFO  impl.VoteContext (VoteContext.java:log(49)) - ca122d53-8fd1-4cec-b324-69d908933b08@group-9D155BEE1D9D-FOLLOWER: accept ELECTION from 243d07fb-de29-4324-a32b-24d5948493a7: our priority 0 <= candidate's priority 1
2023-04-11 11:23:27,253 [grpc-default-executor-4] INFO  server.RaftServer$Division (RaftServerImpl.java:setRole(321)) - ca122d53-8fd1-4cec-b324-69d908933b08@group-9D155BEE1D9D: changes role from  FOLLOWER to FOLLOWER at term 1 for candidate:243d07fb-de29-4324-a32b-24d5948493a7
2023-04-11 11:23:27,253 [grpc-default-executor-4] INFO  impl.RoleInfo (RoleInfo.java:shutdownFollowerState(110)) - ca122d53-8fd1-4cec-b324-69d908933b08: shutdown ca122d53-8fd1-4cec-b324-69d908933b08@group-9D155BEE1D9D-FollowerState
2023-04-11 11:23:27,253 [ca122d53-8fd1-4cec-b324-69d908933b08@group-9D155BEE1D9D-FollowerState] INFO  impl.FollowerState (FollowerState.java:run(152)) - ca122d53-8fd1-4cec-b324-69d908933b08@group-9D155BEE1D9D-FollowerState was interrupted
2023-04-11 11:23:27,254 [grpc-default-executor-4] INFO  impl.RoleInfo (RoleInfo.java:updateAndGet(139)) - ca122d53-8fd1-4cec-b324-69d908933b08: start ca122d53-8fd1-4cec-b324-69d908933b08@group-9D155BEE1D9D-FollowerState
2023-04-11 11:23:27,255 [ca122d53-8fd1-4cec-b324-69d908933b08@group-E6C880774131-LeaderElection8] INFO  impl.LeaderElection (LeaderElection.java:askForVotes(312)) - ca122d53-8fd1-4cec-b324-69d908933b08@group-E6C880774131-LeaderElection8 ELECTION round 0: submit vote requests at term 1 for -1: peers:[ca122d53-8fd1-4cec-b324-69d908933b08|rpc:10.1.0.37:44515|dataStream:10.1.0.37:34703|priority:1|startupRole:FOLLOWER]|listeners:[], old=null
2023-04-11 11:23:27,255 [ca122d53-8fd1-4cec-b324-69d908933b08@group-E6C880774131-LeaderElection8] INFO  impl.LeaderElection (LeaderElection.java:askForVotes(314)) - ca122d53-8fd1-4cec-b324-69d908933b08@group-E6C880774131-LeaderElection8 ELECTION round 0: result PASSED (term=1)
2023-04-11 11:23:27,255 [ca122d53-8fd1-4cec-b324-69d908933b08@group-E6C880774131-LeaderElection8] INFO  impl.RoleInfo (RoleInfo.java:shutdownLeaderElection(130)) - ca122d53-8fd1-4cec-b324-69d908933b08: shutdown ca122d53-8fd1-4cec-b324-69d908933b08@group-E6C880774131-LeaderElection8
2023-04-11 11:23:27,255 [ca122d53-8fd1-4cec-b324-69d908933b08@group-E6C880774131-LeaderElection8] INFO  server.RaftServer$Division (RaftServerImpl.java:setRole(321)) - ca122d53-8fd1-4cec-b324-69d908933b08@group-E6C880774131: changes role from CANDIDATE to LEADER at term 1 for changeToLeader
2023-04-11 11:23:27,255 [ca122d53-8fd1-4cec-b324-69d908933b08@group-E6C880774131-LeaderElection8] INFO  ratis.XceiverServerRatis (XceiverServerRatis.java:handleLeaderChangedNotification(904)) - Leader change notification received for group: group-E6C880774131 with new leaderId: ca122d53-8fd1-4cec-b324-69d908933b08
2023-04-11 11:23:27,255 [ca122d53-8fd1-4cec-b324-69d908933b08@group-9D155BEE1D9D-FollowerState] INFO  server.RaftServerConfigKeys (ConfUtils.java:logFallback(53)) - raft.server.rpc.first-election.timeout.min = 5s (fallback to raft.server.rpc.timeout.min)
2023-04-11 11:23:27,256 [ca122d53-8fd1-4cec-b324-69d908933b08@group-9D155BEE1D9D-FollowerState] INFO  server.RaftServerConfigKeys (ConfUtils.java:logFallback(53)) - raft.server.rpc.first-election.timeout.max = 5200ms (fallback to raft.server.rpc.timeout.max)
2023-04-11 11:23:27,256 [ca122d53-8fd1-4cec-b324-69d908933b08@group-E6C880774131-LeaderElection8] INFO  server.RaftServer$Division (ServerState.java:setLeader(313)) - ca122d53-8fd1-4cec-b324-69d908933b08@group-E6C880774131: change Leader from null to ca122d53-8fd1-4cec-b324-69d908933b08 at term 1 for becomeLeader, leader elected after 5092ms
2023-04-11 11:23:27,258 [ca122d53-8fd1-4cec-b324-69d908933b08@group-E6C880774131-LeaderElection8] INFO  server.RaftServerConfigKeys (ConfUtils.java:logGet(46)) - raft.server.staging.catchup.gap = 1000 (default)
2023-04-11 11:23:27,259 [ca122d53-8fd1-4cec-b324-69d908933b08@group-E6C880774131-LeaderElection8] INFO  server.RaftServerConfigKeys (ConfUtils.java:logGet(46)) - raft.server.write.element-limit = 1024 (custom)
2023-04-11 11:23:27,259 [ca122d53-8fd1-4cec-b324-69d908933b08@group-E6C880774131-LeaderElection8] INFO  server.RaftServerConfigKeys (ConfUtils.java:logGet(46)) - raft.server.write.byte-limit = 1024 M (=1073741824) (custom)
2023-04-11 11:23:27,259 [ca122d53-8fd1-4cec-b324-69d908933b08@group-E6C880774131-LeaderElection8] INFO  server.RaftServerConfigKeys (ConfUtils.java:logGet(46)) - raft.server.watch.timeout = 180s (custom)
2023-04-11 11:23:27,259 [ca122d53-8fd1-4cec-b324-69d908933b08@group-E6C880774131-LeaderElection8] INFO  server.RaftServerConfigKeys (ConfUtils.java:logGet(46)) - raft.server.watch.timeout.denomination = 1s (default)
2023-04-11 11:23:27,259 [ca122d53-8fd1-4cec-b324-69d908933b08@group-E6C880774131-LeaderElection8] INFO  server.RaftServerConfigKeys (ConfUtils.java:logGet(46)) - raft.server.watch.element-limit = 65536 (default)
2023-04-11 11:23:27,259 [ca122d53-8fd1-4cec-b324-69d908933b08@group-E6C880774131-LeaderElection8] INFO  server.RaftServerConfigKeys (ConfUtils.java:logGet(46)) - raft.server.write.element-limit = 1024 (custom)
2023-04-11 11:23:27,259 [ca122d53-8fd1-4cec-b324-69d908933b08@group-E6C880774131-LeaderElection8] INFO  server.RaftServerConfigKeys (ConfUtils.java:logGet(46)) - raft.server.write.follower.gap.ratio.max = -1.0 (default)
2023-04-11 11:23:27,259 [ca122d53-8fd1-4cec-b324-69d908933b08@group-E6C880774131-LeaderElection8] INFO  impl.RoleInfo (RoleInfo.java:updateAndGet(139)) - ca122d53-8fd1-4cec-b324-69d908933b08: start ca122d53-8fd1-4cec-b324-69d908933b08@group-E6C880774131-LeaderStateImpl
2023-04-11 11:23:27,260 [ca122d53-8fd1-4cec-b324-69d908933b08@group-E6C880774131-LeaderElection8] INFO  segmented.SegmentedRaftLogWorker (SegmentedRaftLogWorker.java:startLogSegment(452)) - ca122d53-8fd1-4cec-b324-69d908933b08@group-E6C880774131-SegmentedRaftLogWorker: Starting segment from index:0
2023-04-11 11:23:27,261 [ca122d53-8fd1-4cec-b324-69d908933b08@group-E6C880774131-SegmentedRaftLogWorker] INFO  segmented.SegmentedRaftLogWorker (SegmentedRaftLogWorker.java:execute(656)) - ca122d53-8fd1-4cec-b324-69d908933b08@group-E6C880774131-SegmentedRaftLogWorker: created new log segment /home/runner/work/ozone/ozone/hadoop-ozone/integration-test/target/test-dir/MiniOzoneClusterImpl-9bce2823-b07a-4470-87a5-870b50b19846/datanode-2/data/ratis/5ffc162c-4520-4174-9edf-e6c880774131/current/log_inprogress_0
2023-04-11 11:23:27,261 [ca122d53-8fd1-4cec-b324-69d908933b08@group-E6C880774131-LeaderElection8] INFO  server.RaftServer$Division (ServerState.java:setRaftConf(430)) - ca122d53-8fd1-4cec-b324-69d908933b08@group-E6C880774131: set configuration 0: peers:[ca122d53-8fd1-4cec-b324-69d908933b08|rpc:10.1.0.37:44515|dataStream:10.1.0.37:34703|priority:1|startupRole:FOLLOWER]|listeners:[], old=null
2023-04-11 11:23:27,263 [grpc-default-executor-4] INFO  server.RaftServer$Division (RaftServerImpl.java:requestVote(1251)) - ca122d53-8fd1-4cec-b324-69d908933b08@group-9D155BEE1D9D replies to ELECTION vote request: 243d07fb-de29-4324-a32b-24d5948493a7<-ca122d53-8fd1-4cec-b324-69d908933b08#0:OK-t1. Peer's state: ca122d53-8fd1-4cec-b324-69d908933b08@group-9D155BEE1D9D:t1, leader=null, voted=243d07fb-de29-4324-a32b-24d5948493a7, raftlog=Memoized:ca122d53-8fd1-4cec-b324-69d908933b08@group-9D155BEE1D9D-SegmentedRaftLog:OPENED:c-1, conf=-1: peers:[ca122d53-8fd1-4cec-b324-69d908933b08|rpc:10.1.0.37:44515|dataStream:10.1.0.37:34703|priority:0|startupRole:FOLLOWER, 243d07fb-de29-4324-a32b-24d5948493a7|rpc:10.1.0.37:43063|dataStream:10.1.0.37:37595|priority:1|startupRole:FOLLOWER, c75a143a-6faf-4f8e-9847-b3e7e26fc01f|rpc:10.1.0.37:42913|dataStream:10.1.0.37:34813|priority:0|startupRole:FOLLOWER]|listeners:[], old=null
2023-04-11 11:23:27,263 [grpc-default-executor-2] INFO  server.RaftServer$Division (RaftServerImpl.java:requestVote(1218)) - c75a143a-6faf-4f8e-9847-b3e7e26fc01f@group-9D155BEE1D9D: receive requestVote(ELECTION, 243d07fb-de29-4324-a32b-24d5948493a7, group-9D155BEE1D9D, 1, (t:0, i:0))
2023-04-11 11:23:27,263 [grpc-default-executor-2] INFO  impl.VoteContext (VoteContext.java:log(49)) - c75a143a-6faf-4f8e-9847-b3e7e26fc01f@group-9D155BEE1D9D-CANDIDATE: accept ELECTION from 243d07fb-de29-4324-a32b-24d5948493a7: our priority 0 <= candidate's priority 1
2023-04-11 11:23:27,263 [grpc-default-executor-2] INFO  server.RaftServer$Division (RaftServerImpl.java:setRole(321)) - c75a143a-6faf-4f8e-9847-b3e7e26fc01f@group-9D155BEE1D9D: changes role from CANDIDATE to FOLLOWER at term 1 for candidate:243d07fb-de29-4324-a32b-24d5948493a7
2023-04-11 11:23:27,263 [grpc-default-executor-2] INFO  impl.RoleInfo (RoleInfo.java:shutdownLeaderElection(130)) - c75a143a-6faf-4f8e-9847-b3e7e26fc01f: shutdown c75a143a-6faf-4f8e-9847-b3e7e26fc01f@group-9D155BEE1D9D-LeaderElection7
2023-04-11 11:23:27,263 [grpc-default-executor-2] INFO  impl.RoleInfo (RoleInfo.java:updateAndGet(139)) - c75a143a-6faf-4f8e-9847-b3e7e26fc01f: start c75a143a-6faf-4f8e-9847-b3e7e26fc01f@group-9D155BEE1D9D-FollowerState
2023-04-11 11:23:27,266 [c75a143a-6faf-4f8e-9847-b3e7e26fc01f@group-9D155BEE1D9D-FollowerState] INFO  server.RaftServerConfigKeys (ConfUtils.java:logFallback(53)) - raft.server.rpc.first-election.timeout.min = 5s (fallback to raft.server.rpc.timeout.min)
2023-04-11 11:23:27,266 [c75a143a-6faf-4f8e-9847-b3e7e26fc01f@group-9D155BEE1D9D-FollowerState] INFO  server.RaftServerConfigKeys (ConfUtils.java:logFallback(53)) - raft.server.rpc.first-election.timeout.max = 5200ms (fallback to raft.server.rpc.timeout.max)
2023-04-11 11:23:27,268 [243d07fb-de29-4324-a32b-24d5948493a7@group-9D155BEE1D9D-LeaderElection6] INFO  impl.LeaderElection (LeaderElection.java:logAndReturn(90)) - 243d07fb-de29-4324-a32b-24d5948493a7@group-9D155BEE1D9D-LeaderElection6: ELECTION PASSED received 1 response(s) and 0 exception(s):
2023-04-11 11:23:27,268 [243d07fb-de29-4324-a32b-24d5948493a7@group-9D155BEE1D9D-LeaderElection6] INFO  impl.LeaderElection (LeaderElection.java:logAndReturn(94)) -   Response 0: 243d07fb-de29-4324-a32b-24d5948493a7<-ca122d53-8fd1-4cec-b324-69d908933b08#0:OK-t1
2023-04-11 11:23:27,268 [243d07fb-de29-4324-a32b-24d5948493a7@group-9D155BEE1D9D-LeaderElection6] INFO  impl.LeaderElection (LeaderElection.java:askForVotes(314)) - 243d07fb-de29-4324-a32b-24d5948493a7@group-9D155BEE1D9D-LeaderElection6 ELECTION round 0: result PASSED
2023-04-11 11:23:27,268 [243d07fb-de29-4324-a32b-24d5948493a7@group-9D155BEE1D9D-LeaderElection6] INFO  impl.RoleInfo (RoleInfo.java:shutdownLeaderElection(130)) - 243d07fb-de29-4324-a32b-24d5948493a7: shutdown 243d07fb-de29-4324-a32b-24d5948493a7@group-9D155BEE1D9D-LeaderElection6
2023-04-11 11:23:27,268 [243d07fb-de29-4324-a32b-24d5948493a7@group-9D155BEE1D9D-LeaderElection6] INFO  server.RaftServer$Division (RaftServerImpl.java:setRole(321)) - 243d07fb-de29-4324-a32b-24d5948493a7@group-9D155BEE1D9D: changes role from CANDIDATE to LEADER at term 1 for changeToLeader
2023-04-11 11:23:27,268 [243d07fb-de29-4324-a32b-24d5948493a7@group-9D155BEE1D9D-LeaderElection6] INFO  ratis.XceiverServerRatis (XceiverServerRatis.java:handleLeaderChangedNotification(904)) - Leader change notification received for group: group-9D155BEE1D9D with new leaderId: 243d07fb-de29-4324-a32b-24d5948493a7
2023-04-11 11:23:27,269 [243d07fb-de29-4324-a32b-24d5948493a7@group-9D155BEE1D9D-LeaderElection6] INFO  server.RaftServer$Division (ServerState.java:setLeader(313)) - 243d07fb-de29-4324-a32b-24d5948493a7@group-9D155BEE1D9D: change Leader from null to 243d07fb-de29-4324-a32b-24d5948493a7 at term 1 for becomeLeader, leader elected after 5260ms
2023-04-11 11:23:27,269 [243d07fb-de29-4324-a32b-24d5948493a7@group-9D155BEE1D9D-LeaderElection6] INFO  server.RaftServerConfigKeys (ConfUtils.java:logGet(46)) - raft.server.staging.catchup.gap = 1000 (default)
2023-04-11 11:23:27,269 [243d07fb-de29-4324-a32b-24d5948493a7@group-9D155BEE1D9D-LeaderElection6] INFO  server.RaftServerConfigKeys (ConfUtils.java:logGet(46)) - raft.server.write.element-limit = 1024 (custom)
2023-04-11 11:23:27,269 [243d07fb-de29-4324-a32b-24d5948493a7@group-9D155BEE1D9D-LeaderElection6] INFO  server.RaftServerConfigKeys (ConfUtils.java:logGet(46)) - raft.server.write.byte-limit = 1024 M (=1073741824) (custom)
2023-04-11 11:23:27,269 [243d07fb-de29-4324-a32b-24d5948493a7@group-9D155BEE1D9D-LeaderElection6] INFO  server.RaftServerConfigKeys (ConfUtils.java:logGet(46)) - raft.server.watch.timeout = 180s (custom)
2023-04-11 11:23:27,269 [243d07fb-de29-4324-a32b-24d5948493a7@group-9D155BEE1D9D-LeaderElection6] INFO  server.RaftServerConfigKeys (ConfUtils.java:logGet(46)) - raft.server.watch.timeout.denomination = 1s (default)
2023-04-11 11:23:27,269 [243d07fb-de29-4324-a32b-24d5948493a7@group-9D155BEE1D9D-LeaderElection6] INFO  server.RaftServerConfigKeys (ConfUtils.java:logGet(46)) - raft.server.watch.element-limit = 65536 (default)
2023-04-11 11:23:27,269 [243d07fb-de29-4324-a32b-24d5948493a7@group-9D155BEE1D9D-LeaderElection6] INFO  server.RaftServerConfigKeys (ConfUtils.java:logGet(46)) - raft.server.write.element-limit = 1024 (custom)
2023-04-11 11:23:27,269 [243d07fb-de29-4324-a32b-24d5948493a7@group-9D155BEE1D9D-LeaderElection6] INFO  server.RaftServerConfigKeys (ConfUtils.java:logGet(46)) - raft.server.write.follower.gap.ratio.max = -1.0 (default)
2023-04-11 11:23:27,270 [243d07fb-de29-4324-a32b-24d5948493a7@group-9D155BEE1D9D-LeaderElection6] INFO  server.RaftServerConfigKeys (ConfUtils.java:logGet(46)) - raft.server.log.appender.snapshot.chunk.size.max = 16MB (=16777216) (default)
2023-04-11 11:23:27,270 [243d07fb-de29-4324-a32b-24d5948493a7@group-9D155BEE1D9D-LeaderElection6] INFO  server.RaftServerConfigKeys (ConfUtils.java:logGet(46)) - raft.server.log.appender.buffer.byte-limit = 33554432 (custom)
2023-04-11 11:23:27,270 [243d07fb-de29-4324-a32b-24d5948493a7@group-9D155BEE1D9D-LeaderElection6] INFO  server.RaftServerConfigKeys (ConfUtils.java:logGet(46)) - raft.server.log.appender.buffer.element-limit = 1 (custom)
2023-04-11 11:23:27,270 [243d07fb-de29-4324-a32b-24d5948493a7@group-9D155BEE1D9D-LeaderElection6] INFO  grpc.GrpcConfigKeys (ConfUtils.java:logGet(46)) - raft.grpc.server.leader.outstanding.appends.max = 128 (default)
2023-04-11 11:23:27,272 [243d07fb-de29-4324-a32b-24d5948493a7@group-9D155BEE1D9D-LeaderElection6] INFO  server.RaftServerConfigKeys (ConfUtils.java:logGet(46)) - raft.server.rpc.request.timeout = 60s (custom)
2023-04-11 11:23:27,272 [243d07fb-de29-4324-a32b-24d5948493a7@group-9D155BEE1D9D-LeaderElection6] INFO  server.RaftServerConfigKeys (ConfUtils.java:logGet(46)) - raft.server.log.appender.install.snapshot.enabled = false (custom)
2023-04-11 11:23:27,272 [243d07fb-de29-4324-a32b-24d5948493a7@group-9D155BEE1D9D-LeaderElection6] INFO  grpc.GrpcConfigKeys (ConfUtils.java:logGet(46)) - raft.grpc.server.heartbeat.channel = true (default)
2023-04-11 11:23:27,272 [243d07fb-de29-4324-a32b-24d5948493a7@group-9D155BEE1D9D-LeaderElection6] INFO  server.RaftServerConfigKeys (ConfUtils.java:logGet(46)) - raft.server.log.appender.wait-time.min = 10ms (default)
2023-04-11 11:23:27,275 [243d07fb-de29-4324-a32b-24d5948493a7@group-9D155BEE1D9D-LeaderElection6] INFO  server.RaftServerConfigKeys (ConfUtils.java:logGet(46)) - raft.server.log.appender.snapshot.chunk.size.max = 16MB (=16777216) (default)
2023-04-11 11:23:27,275 [243d07fb-de29-4324-a32b-24d5948493a7@group-9D155BEE1D9D-LeaderElection6] INFO  server.RaftServerConfigKeys (ConfUtils.java:logGet(46)) - raft.server.log.appender.buffer.byte-limit = 33554432 (custom)
2023-04-11 11:23:27,275 [243d07fb-de29-4324-a32b-24d5948493a7@group-9D155BEE1D9D-LeaderElection6] INFO  server.RaftServerConfigKeys (ConfUtils.java:logGet(46)) - raft.server.log.appender.buffer.element-limit = 1 (custom)
2023-04-11 11:23:27,275 [243d07fb-de29-4324-a32b-24d5948493a7@group-9D155BEE1D9D-LeaderElection6] INFO  grpc.GrpcConfigKeys (ConfUtils.java:logGet(46)) - raft.grpc.server.leader.outstanding.appends.max = 128 (default)
2023-04-11 11:23:27,275 [243d07fb-de29-4324-a32b-24d5948493a7@group-9D155BEE1D9D-LeaderElection6] INFO  server.RaftServerConfigKeys (ConfUtils.java:logGet(46)) - raft.server.rpc.request.timeout = 60s (custom)
2023-04-11 11:23:27,275 [243d07fb-de29-4324-a32b-24d5948493a7@group-9D155BEE1D9D-LeaderElection6] INFO  server.RaftServerConfigKeys (ConfUtils.java:logGet(46)) - raft.server.log.appender.install.snapshot.enabled = false (custom)
2023-04-11 11:23:27,275 [243d07fb-de29-4324-a32b-24d5948493a7@group-9D155BEE1D9D-LeaderElection6] INFO  grpc.GrpcConfigKeys (ConfUtils.java:logGet(46)) - raft.grpc.server.heartbeat.channel = true (default)
2023-04-11 11:23:27,275 [243d07fb-de29-4324-a32b-24d5948493a7@group-9D155BEE1D9D-LeaderElection6] INFO  server.RaftServerConfigKeys (ConfUtils.java:logGet(46)) - raft.server.log.appender.wait-time.min = 10ms (default)
2023-04-11 11:23:27,275 [243d07fb-de29-4324-a32b-24d5948493a7@group-9D155BEE1D9D-LeaderElection6] INFO  impl.RoleInfo (RoleInfo.java:updateAndGet(139)) - 243d07fb-de29-4324-a32b-24d5948493a7: start 243d07fb-de29-4324-a32b-24d5948493a7@group-9D155BEE1D9D-LeaderStateImpl
2023-04-11 11:23:27,275 [243d07fb-de29-4324-a32b-24d5948493a7@group-9D155BEE1D9D-LeaderElection6] INFO  segmented.SegmentedRaftLogWorker (SegmentedRaftLogWorker.java:startLogSegment(452)) - 243d07fb-de29-4324-a32b-24d5948493a7@group-9D155BEE1D9D-SegmentedRaftLogWorker: Starting segment from index:0
2023-04-11 11:23:27,277 [EventQueue-PipelineReportForPipelineReportHandler] INFO  pipeline.PipelineManagerImpl (PipelineManagerImpl.java:openPipeline(367)) - Pipeline Pipeline[ Id: 80057f08-6aec-4d77-88ef-9d155bee1d9d, Nodes: ca122d53-8fd1-4cec-b324-69d908933b08(fv-az590-525.scpgifznvsounmmscp2whtfmwe.cx.internal.cloudapp.net/10.1.0.37)c75a143a-6faf-4f8e-9847-b3e7e26fc01f(fv-az590-525.scpgifznvsounmmscp2whtfmwe.cx.internal.cloudapp.net/10.1.0.37)243d07fb-de29-4324-a32b-24d5948493a7(fv-az590-525.scpgifznvsounmmscp2whtfmwe.cx.internal.cloudapp.net/10.1.0.37), ReplicationConfig: RATIS/THREE, State:ALLOCATED, leaderId:243d07fb-de29-4324-a32b-24d5948493a7, CreationTimestamp2023-04-11T11:23:19.142Z[Etc/UTC]] moved to OPEN state
2023-04-11 11:23:27,277 [grpc-default-executor-2] INFO  server.RaftServer$Division (RaftServerImpl.java:requestVote(1251)) - c75a143a-6faf-4f8e-9847-b3e7e26fc01f@group-9D155BEE1D9D replies to ELECTION vote request: 243d07fb-de29-4324-a32b-24d5948493a7<-c75a143a-6faf-4f8e-9847-b3e7e26fc01f#0:OK-t1. Peer's state: c75a143a-6faf-4f8e-9847-b3e7e26fc01f@group-9D155BEE1D9D:t1, leader=null, voted=243d07fb-de29-4324-a32b-24d5948493a7, raftlog=Memoized:c75a143a-6faf-4f8e-9847-b3e7e26fc01f@group-9D155BEE1D9D-SegmentedRaftLog:OPENED:c-1, conf=-1: peers:[ca122d53-8fd1-4cec-b324-69d908933b08|rpc:10.1.0.37:44515|dataStream:10.1.0.37:34703|priority:0|startupRole:FOLLOWER, 243d07fb-de29-4324-a32b-24d5948493a7|rpc:10.1.0.37:43063|dataStream:10.1.0.37:37595|priority:1|startupRole:FOLLOWER, c75a143a-6faf-4f8e-9847-b3e7e26fc01f|rpc:10.1.0.37:42913|dataStream:10.1.0.37:34813|priority:0|startupRole:FOLLOWER]|listeners:[], old=null
2023-04-11 11:23:27,293 [243d07fb-de29-4324-a32b-24d5948493a7@group-9D155BEE1D9D-LeaderElection6] INFO  server.RaftServer$Division (ServerState.java:setRaftConf(430)) - 243d07fb-de29-4324-a32b-24d5948493a7@group-9D155BEE1D9D: set configuration 0: peers:[ca122d53-8fd1-4cec-b324-69d908933b08|rpc:10.1.0.37:44515|dataStream:10.1.0.37:34703|priority:0|startupRole:FOLLOWER, 243d07fb-de29-4324-a32b-24d5948493a7|rpc:10.1.0.37:43063|dataStream:10.1.0.37:37595|priority:1|startupRole:FOLLOWER, c75a143a-6faf-4f8e-9847-b3e7e26fc01f|rpc:10.1.0.37:42913|dataStream:10.1.0.37:34813|priority:0|startupRole:FOLLOWER]|listeners:[], old=null
2023-04-11 11:23:27,296 [243d07fb-de29-4324-a32b-24d5948493a7@group-9D155BEE1D9D-SegmentedRaftLogWorker] INFO  segmented.SegmentedRaftLogWorker (SegmentedRaftLogWorker.java:execute(656)) - 243d07fb-de29-4324-a32b-24d5948493a7@group-9D155BEE1D9D-SegmentedRaftLogWorker: created new log segment /home/runner/work/ozone/ozone/hadoop-ozone/integration-test/target/test-dir/MiniOzoneClusterImpl-9bce2823-b07a-4470-87a5-870b50b19846/datanode-0/data/ratis/80057f08-6aec-4d77-88ef-9d155bee1d9d/current/log_inprogress_0
2023-04-11 11:23:27,298 [c75a143a-6faf-4f8e-9847-b3e7e26fc01f@group-9D155BEE1D9D-LeaderElection7] INFO  impl.LeaderElection (LeaderElection.java:logAndReturn(90)) - c75a143a-6faf-4f8e-9847-b3e7e26fc01f@group-9D155BEE1D9D-LeaderElection7: PRE_VOTE PASSED received 1 response(s) and 0 exception(s):
2023-04-11 11:23:27,298 [c75a143a-6faf-4f8e-9847-b3e7e26fc01f@group-9D155BEE1D9D-LeaderElection7] INFO  impl.LeaderElection (LeaderElection.java:logAndReturn(94)) -   Response 0: c75a143a-6faf-4f8e-9847-b3e7e26fc01f<-ca122d53-8fd1-4cec-b324-69d908933b08#0:OK-t0
2023-04-11 11:23:27,298 [c75a143a-6faf-4f8e-9847-b3e7e26fc01f@group-9D155BEE1D9D-LeaderElection7] INFO  impl.LeaderElection (LeaderElection.java:askForVotes(314)) - c75a143a-6faf-4f8e-9847-b3e7e26fc01f@group-9D155BEE1D9D-LeaderElection7 PRE_VOTE round 0: result PASSED
2023-04-11 11:23:27,306 [grpc-default-executor-2] INFO  server.RaftServer$Division (RaftServerImpl.java:requestVote(1218)) - 243d07fb-de29-4324-a32b-24d5948493a7@group-9D155BEE1D9D: receive requestVote(PRE_VOTE, c75a143a-6faf-4f8e-9847-b3e7e26fc01f, group-9D155BEE1D9D, 0, (t:0, i:0))
2023-04-11 11:23:27,306 [grpc-default-executor-2] INFO  impl.VoteContext (VoteContext.java:log(49)) - 243d07fb-de29-4324-a32b-24d5948493a7@group-9D155BEE1D9D-LEADER: reject PRE_VOTE from c75a143a-6faf-4f8e-9847-b3e7e26fc01f: this server is the leader and still has leadership
2023-04-11 11:23:27,307 [grpc-default-executor-2] INFO  server.RaftServer$Division (RaftServerImpl.java:requestVote(1251)) - 243d07fb-de29-4324-a32b-24d5948493a7@group-9D155BEE1D9D replies to PRE_VOTE vote request: c75a143a-6faf-4f8e-9847-b3e7e26fc01f<-243d07fb-de29-4324-a32b-24d5948493a7#0:FAIL-t1. Peer's state: 243d07fb-de29-4324-a32b-24d5948493a7@group-9D155BEE1D9D:t1, leader=243d07fb-de29-4324-a32b-24d5948493a7, voted=243d07fb-de29-4324-a32b-24d5948493a7, raftlog=Memoized:243d07fb-de29-4324-a32b-24d5948493a7@group-9D155BEE1D9D-SegmentedRaftLog:OPENED:c0, conf=0: peers:[ca122d53-8fd1-4cec-b324-69d908933b08|rpc:10.1.0.37:44515|dataStream:10.1.0.37:34703|priority:0|startupRole:FOLLOWER, 243d07fb-de29-4324-a32b-24d5948493a7|rpc:10.1.0.37:43063|dataStream:10.1.0.37:37595|priority:1|startupRole:FOLLOWER, c75a143a-6faf-4f8e-9847-b3e7e26fc01f|rpc:10.1.0.37:42913|dataStream:10.1.0.37:34813|priority:0|startupRole:FOLLOWER]|listeners:[], old=null
2023-04-11 11:23:27,318 [c75a143a-6faf-4f8e-9847-b3e7e26fc01f-server-thread1] INFO  ratis.XceiverServerRatis (XceiverServerRatis.java:handleLeaderChangedNotification(904)) - Leader change notification received for group: group-9D155BEE1D9D with new leaderId: 243d07fb-de29-4324-a32b-24d5948493a7
2023-04-11 11:23:27,319 [c75a143a-6faf-4f8e-9847-b3e7e26fc01f-server-thread1] INFO  server.RaftServer$Division (ServerState.java:setLeader(313)) - c75a143a-6faf-4f8e-9847-b3e7e26fc01f@group-9D155BEE1D9D: change Leader from null to 243d07fb-de29-4324-a32b-24d5948493a7 at term 1 for appendEntries, leader elected after 5243ms
2023-04-11 11:23:27,329 [c75a143a-6faf-4f8e-9847-b3e7e26fc01f-server-thread1] INFO  server.RaftServer$Division (ServerState.java:setRaftConf(430)) - c75a143a-6faf-4f8e-9847-b3e7e26fc01f@group-9D155BEE1D9D: set configuration 0: peers:[ca122d53-8fd1-4cec-b324-69d908933b08|rpc:10.1.0.37:44515|dataStream:10.1.0.37:34703|priority:0|startupRole:FOLLOWER, 243d07fb-de29-4324-a32b-24d5948493a7|rpc:10.1.0.37:43063|dataStream:10.1.0.37:37595|priority:1|startupRole:FOLLOWER, c75a143a-6faf-4f8e-9847-b3e7e26fc01f|rpc:10.1.0.37:42913|dataStream:10.1.0.37:34813|priority:0|startupRole:FOLLOWER]|listeners:[], old=null
2023-04-11 11:23:27,329 [c75a143a-6faf-4f8e-9847-b3e7e26fc01f-server-thread1] INFO  segmented.SegmentedRaftLogWorker (SegmentedRaftLogWorker.java:startLogSegment(452)) - c75a143a-6faf-4f8e-9847-b3e7e26fc01f@group-9D155BEE1D9D-SegmentedRaftLogWorker: Starting segment from index:0
2023-04-11 11:23:27,331 [ca122d53-8fd1-4cec-b324-69d908933b08-server-thread1] INFO  ratis.XceiverServerRatis (XceiverServerRatis.java:handleLeaderChangedNotification(904)) - Leader change notification received for group: group-9D155BEE1D9D with new leaderId: 243d07fb-de29-4324-a32b-24d5948493a7
2023-04-11 11:23:27,331 [ca122d53-8fd1-4cec-b324-69d908933b08-server-thread1] INFO  server.RaftServer$Division (ServerState.java:setLeader(313)) - ca122d53-8fd1-4cec-b324-69d908933b08@group-9D155BEE1D9D: change Leader from null to 243d07fb-de29-4324-a32b-24d5948493a7 at term 1 for appendEntries, leader elected after 5215ms
2023-04-11 11:23:27,331 [c75a143a-6faf-4f8e-9847-b3e7e26fc01f@group-9D155BEE1D9D-SegmentedRaftLogWorker] INFO  segmented.SegmentedRaftLogWorker (SegmentedRaftLogWorker.java:execute(656)) - c75a143a-6faf-4f8e-9847-b3e7e26fc01f@group-9D155BEE1D9D-SegmentedRaftLogWorker: created new log segment /home/runner/work/ozone/ozone/hadoop-ozone/integration-test/target/test-dir/MiniOzoneClusterImpl-9bce2823-b07a-4470-87a5-870b50b19846/datanode-1/data/ratis/80057f08-6aec-4d77-88ef-9d155bee1d9d/current/log_inprogress_0
2023-04-11 11:23:27,343 [ca122d53-8fd1-4cec-b324-69d908933b08-server-thread1] INFO  server.RaftServer$Division (ServerState.java:setRaftConf(430)) - ca122d53-8fd1-4cec-b324-69d908933b08@group-9D155BEE1D9D: set configuration 0: peers:[ca122d53-8fd1-4cec-b324-69d908933b08|rpc:10.1.0.37:44515|dataStream:10.1.0.37:34703|priority:0|startupRole:FOLLOWER, 243d07fb-de29-4324-a32b-24d5948493a7|rpc:10.1.0.37:43063|dataStream:10.1.0.37:37595|priority:1|startupRole:FOLLOWER, c75a143a-6faf-4f8e-9847-b3e7e26fc01f|rpc:10.1.0.37:42913|dataStream:10.1.0.37:34813|priority:0|startupRole:FOLLOWER]|listeners:[], old=null
2023-04-11 11:23:27,344 [ca122d53-8fd1-4cec-b324-69d908933b08-server-thread1] INFO  segmented.SegmentedRaftLogWorker (SegmentedRaftLogWorker.java:startLogSegment(452)) - ca122d53-8fd1-4cec-b324-69d908933b08@group-9D155BEE1D9D-SegmentedRaftLogWorker: Starting segment from index:0
2023-04-11 11:23:27,346 [ca122d53-8fd1-4cec-b324-69d908933b08@group-9D155BEE1D9D-SegmentedRaftLogWorker] INFO  segmented.SegmentedRaftLogWorker (SegmentedRaftLogWorker.java:execute(656)) - ca122d53-8fd1-4cec-b324-69d908933b08@group-9D155BEE1D9D-SegmentedRaftLogWorker: created new log segment /home/runner/work/ozone/ozone/hadoop-ozone/integration-test/target/test-dir/MiniOzoneClusterImpl-9bce2823-b07a-4470-87a5-870b50b19846/datanode-2/data/ratis/80057f08-6aec-4d77-88ef-9d155bee1d9d/current/log_inprogress_0
2023-04-11 11:23:27,642 [cea8b5f9-ee25-46f1-ad4b-37d39f533b4e@group-9D8617117D36-FollowerState] INFO  impl.FollowerState (FollowerState.java:run(143)) - cea8b5f9-ee25-46f1-ad4b-37d39f533b4e@group-9D8617117D36-FollowerState: change to CANDIDATE, lastRpcElapsedTime:5145343527ns, electionTimeout:5144ms
2023-04-11 11:23:27,642 [cea8b5f9-ee25-46f1-ad4b-37d39f533b4e@group-9D8617117D36-FollowerState] INFO  impl.RoleInfo (RoleInfo.java:shutdownFollowerState(110)) - cea8b5f9-ee25-46f1-ad4b-37d39f533b4e: shutdown cea8b5f9-ee25-46f1-ad4b-37d39f533b4e@group-9D8617117D36-FollowerState
2023-04-11 11:23:27,642 [cea8b5f9-ee25-46f1-ad4b-37d39f533b4e@group-9D8617117D36-FollowerState] INFO  server.RaftServer$Division (RaftServerImpl.java:setRole(321)) - cea8b5f9-ee25-46f1-ad4b-37d39f533b4e@group-9D8617117D36: changes role from  FOLLOWER to CANDIDATE at term 0 for changeToCandidate
2023-04-11 11:23:27,644 [cea8b5f9-ee25-46f1-ad4b-37d39f533b4e@group-9D8617117D36-FollowerState] INFO  server.RaftServerConfigKeys (ConfUtils.java:logGet(46)) - raft.server.leaderelection.pre-vote = true (default)
2023-04-11 11:23:27,644 [cea8b5f9-ee25-46f1-ad4b-37d39f533b4e@group-9D8617117D36-FollowerState] INFO  impl.RoleInfo (RoleInfo.java:updateAndGet(139)) - cea8b5f9-ee25-46f1-ad4b-37d39f533b4e: start cea8b5f9-ee25-46f1-ad4b-37d39f533b4e@group-9D8617117D36-LeaderElection9
2023-04-11 11:23:27,645 [cea8b5f9-ee25-46f1-ad4b-37d39f533b4e@group-9D8617117D36-LeaderElection9] INFO  impl.LeaderElection (LeaderElection.java:askForVotes(312)) - cea8b5f9-ee25-46f1-ad4b-37d39f533b4e@group-9D8617117D36-LeaderElection9 PRE_VOTE round 0: submit vote requests at term 0 for -1: peers:[cea8b5f9-ee25-46f1-ad4b-37d39f533b4e|rpc:10.1.0.37:45437|dataStream:10.1.0.37:34841|priority:1|startupRole:FOLLOWER]|listeners:[], old=null
2023-04-11 11:23:27,646 [cea8b5f9-ee25-46f1-ad4b-37d39f533b4e@group-9D8617117D36-LeaderElection9] INFO  impl.LeaderElection (LeaderElection.java:askForVotes(314)) - cea8b5f9-ee25-46f1-ad4b-37d39f533b4e@group-9D8617117D36-LeaderElection9 PRE_VOTE round 0: result PASSED (term=0)
2023-04-11 11:23:27,647 [cea8b5f9-ee25-46f1-ad4b-37d39f533b4e@group-9D8617117D36-LeaderElection9] INFO  impl.LeaderElection (LeaderElection.java:askForVotes(312)) - cea8b5f9-ee25-46f1-ad4b-37d39f533b4e@group-9D8617117D36-LeaderElection9 ELECTION round 0: submit vote requests at term 1 for -1: peers:[cea8b5f9-ee25-46f1-ad4b-37d39f533b4e|rpc:10.1.0.37:45437|dataStream:10.1.0.37:34841|priority:1|startupRole:FOLLOWER]|listeners:[], old=null
2023-04-11 11:23:27,647 [cea8b5f9-ee25-46f1-ad4b-37d39f533b4e@group-9D8617117D36-LeaderElection9] INFO  impl.LeaderElection (LeaderElection.java:askForVotes(314)) - cea8b5f9-ee25-46f1-ad4b-37d39f533b4e@group-9D8617117D36-LeaderElection9 ELECTION round 0: result PASSED (term=1)
2023-04-11 11:23:27,647 [cea8b5f9-ee25-46f1-ad4b-37d39f533b4e@group-9D8617117D36-LeaderElection9] INFO  impl.RoleInfo (RoleInfo.java:shutdownLeaderElection(130)) - cea8b5f9-ee25-46f1-ad4b-37d39f533b4e: shutdown cea8b5f9-ee25-46f1-ad4b-37d39f533b4e@group-9D8617117D36-LeaderElection9
2023-04-11 11:23:27,647 [cea8b5f9-ee25-46f1-ad4b-37d39f533b4e@group-9D8617117D36-LeaderElection9] INFO  server.RaftServer$Division (RaftServerImpl.java:setRole(321)) - cea8b5f9-ee25-46f1-ad4b-37d39f533b4e@group-9D8617117D36: changes role from CANDIDATE to LEADER at term 1 for changeToLeader
2023-04-11 11:23:27,647 [cea8b5f9-ee25-46f1-ad4b-37d39f533b4e@group-9D8617117D36-LeaderElection9] INFO  ratis.XceiverServerRatis (XceiverServerRatis.java:handleLeaderChangedNotification(904)) - Leader change notification received for group: group-9D8617117D36 with new leaderId: cea8b5f9-ee25-46f1-ad4b-37d39f533b4e
2023-04-11 11:23:27,650 [cea8b5f9-ee25-46f1-ad4b-37d39f533b4e@group-9D8617117D36-LeaderElection9] INFO  server.RaftServer$Division (ServerState.java:setLeader(313)) - cea8b5f9-ee25-46f1-ad4b-37d39f533b4e@group-9D8617117D36: change Leader from null to cea8b5f9-ee25-46f1-ad4b-37d39f533b4e at term 1 for becomeLeader, leader elected after 5177ms
2023-04-11 11:23:27,650 [cea8b5f9-ee25-46f1-ad4b-37d39f533b4e@group-9D8617117D36-LeaderElection9] INFO  server.RaftServerConfigKeys (ConfUtils.java:logGet(46)) - raft.server.staging.catchup.gap = 1000 (default)
2023-04-11 11:23:27,650 [cea8b5f9-ee25-46f1-ad4b-37d39f533b4e@group-9D8617117D36-LeaderElection9] INFO  server.RaftServerConfigKeys (ConfUtils.java:logGet(46)) - raft.server.write.element-limit = 1024 (custom)
2023-04-11 11:23:27,650 [cea8b5f9-ee25-46f1-ad4b-37d39f533b4e@group-9D8617117D36-LeaderElection9] INFO  server.RaftServerConfigKeys (ConfUtils.java:logGet(46)) - raft.server.write.byte-limit = 1024 M (=1073741824) (custom)
2023-04-11 11:23:27,651 [cea8b5f9-ee25-46f1-ad4b-37d39f533b4e@group-9D8617117D36-LeaderElection9] INFO  server.RaftServerConfigKeys (ConfUtils.java:logGet(46)) - raft.server.watch.timeout = 180s (custom)
2023-04-11 11:23:27,651 [cea8b5f9-ee25-46f1-ad4b-37d39f533b4e@group-9D8617117D36-LeaderElection9] INFO  server.RaftServerConfigKeys (ConfUtils.java:logGet(46)) - raft.server.watch.timeout.denomination = 1s (default)
2023-04-11 11:23:27,651 [cea8b5f9-ee25-46f1-ad4b-37d39f533b4e@group-9D8617117D36-LeaderElection9] INFO  server.RaftServerConfigKeys (ConfUtils.java:logGet(46)) - raft.server.watch.element-limit = 65536 (default)
2023-04-11 11:23:27,651 [cea8b5f9-ee25-46f1-ad4b-37d39f533b4e@group-9D8617117D36-LeaderElection9] INFO  server.RaftServerConfigKeys (ConfUtils.java:logGet(46)) - raft.server.write.element-limit = 1024 (custom)
2023-04-11 11:23:27,651 [cea8b5f9-ee25-46f1-ad4b-37d39f533b4e@group-9D8617117D36-LeaderElection9] INFO  server.RaftServerConfigKeys (ConfUtils.java:logGet(46)) - raft.server.write.follower.gap.ratio.max = -1.0 (default)
2023-04-11 11:23:27,651 [cea8b5f9-ee25-46f1-ad4b-37d39f533b4e@group-9D8617117D36-LeaderElection9] INFO  impl.RoleInfo (RoleInfo.java:updateAndGet(139)) - cea8b5f9-ee25-46f1-ad4b-37d39f533b4e: start cea8b5f9-ee25-46f1-ad4b-37d39f533b4e@group-9D8617117D36-LeaderStateImpl
2023-04-11 11:23:27,651 [cea8b5f9-ee25-46f1-ad4b-37d39f533b4e@group-9D8617117D36-LeaderElection9] INFO  segmented.SegmentedRaftLogWorker (SegmentedRaftLogWorker.java:startLogSegment(452)) - cea8b5f9-ee25-46f1-ad4b-37d39f533b4e@group-9D8617117D36-SegmentedRaftLogWorker: Starting segment from index:0
2023-04-11 11:23:27,653 [cea8b5f9-ee25-46f1-ad4b-37d39f533b4e@group-9D8617117D36-LeaderElection9] INFO  server.RaftServer$Division (ServerState.java:setRaftConf(430)) - cea8b5f9-ee25-46f1-ad4b-37d39f533b4e@group-9D8617117D36: set configuration 0: peers:[cea8b5f9-ee25-46f1-ad4b-37d39f533b4e|rpc:10.1.0.37:45437|dataStream:10.1.0.37:34841|priority:1|startupRole:FOLLOWER]|listeners:[], old=null
2023-04-11 11:23:27,653 [cea8b5f9-ee25-46f1-ad4b-37d39f533b4e@group-9D8617117D36-SegmentedRaftLogWorker] INFO  segmented.SegmentedRaftLogWorker (SegmentedRaftLogWorker.java:execute(656)) - cea8b5f9-ee25-46f1-ad4b-37d39f533b4e@group-9D8617117D36-SegmentedRaftLogWorker: created new log segment /home/runner/work/ozone/ozone/hadoop-ozone/integration-test/target/test-dir/MiniOzoneClusterImpl-9bce2823-b07a-4470-87a5-870b50b19846/datanode-3/data/ratis/d1d7c35b-2092-4634-9233-9d8617117d36/current/log_inprogress_0
2023-04-11 11:23:27,835 [Listener at 127.0.0.1/36763] INFO  ozone.MiniOzoneClusterImpl (MiniOzoneClusterImpl.java:lambda$waitForClusterToBeReady$0(222)) - Nodes are ready. Got 5 of 5 DN Heartbeats.
2023-04-11 11:23:27,836 [Listener at 127.0.0.1/36763] INFO  ozone.MiniOzoneClusterImpl (MiniOzoneClusterImpl.java:lambda$waitForClusterToBeReady$0(225)) - Cluster exits safe mode
2023-04-11 11:23:27,836 [Listener at 127.0.0.1/36763] INFO  ozone.MiniOzoneClusterImpl (MiniOzoneClusterImpl.java:lambda$waitForClusterToBeReady$0(227)) - SCM became leader
2023-04-11 11:23:28,315 [977ecd76-07f1-4d4a-bcc7-583ed48225e4@group-697C47503325-FollowerState] INFO  impl.FollowerState (FollowerState.java:run(143)) - 977ecd76-07f1-4d4a-bcc7-583ed48225e4@group-697C47503325-FollowerState: change to CANDIDATE, lastRpcElapsedTime:5152551779ns, electionTimeout:5150ms
2023-04-11 11:23:28,315 [977ecd76-07f1-4d4a-bcc7-583ed48225e4@group-697C47503325-FollowerState] INFO  impl.RoleInfo (RoleInfo.java:shutdownFollowerState(110)) - 977ecd76-07f1-4d4a-bcc7-583ed48225e4: shutdown 977ecd76-07f1-4d4a-bcc7-583ed48225e4@group-697C47503325-FollowerState
2023-04-11 11:23:28,315 [977ecd76-07f1-4d4a-bcc7-583ed48225e4@group-697C47503325-FollowerState] INFO  server.RaftServer$Division (RaftServerImpl.java:setRole(321)) - 977ecd76-07f1-4d4a-bcc7-583ed48225e4@group-697C47503325: changes role from  FOLLOWER to CANDIDATE at term 0 for changeToCandidate
2023-04-11 11:23:28,316 [977ecd76-07f1-4d4a-bcc7-583ed48225e4@group-697C47503325-FollowerState] INFO  server.RaftServerConfigKeys (ConfUtils.java:logGet(46)) - raft.server.leaderelection.pre-vote = true (default)
2023-04-11 11:23:28,316 [977ecd76-07f1-4d4a-bcc7-583ed48225e4@group-697C47503325-FollowerState] INFO  impl.RoleInfo (RoleInfo.java:updateAndGet(139)) - 977ecd76-07f1-4d4a-bcc7-583ed48225e4: start 977ecd76-07f1-4d4a-bcc7-583ed48225e4@group-697C47503325-LeaderElection10
2023-04-11 11:23:28,321 [Listener at 127.0.0.1/36763] INFO  rpc.RpcClient (RpcClient.java:createVolume(476)) - Creating Volume: volume14578, with user33125 as owner and space quota set to -1 bytes, counts quota set to -1
2023-04-11 11:23:28,322 [977ecd76-07f1-4d4a-bcc7-583ed48225e4@group-697C47503325-LeaderElection10] INFO  impl.LeaderElection (LeaderElection.java:askForVotes(312)) - 977ecd76-07f1-4d4a-bcc7-583ed48225e4@group-697C47503325-LeaderElection10 PRE_VOTE round 0: submit vote requests at term 0 for -1: peers:[977ecd76-07f1-4d4a-bcc7-583ed48225e4|rpc:10.1.0.37:39833|dataStream:10.1.0.37:34851|priority:1|startupRole:FOLLOWER]|listeners:[], old=null
2023-04-11 11:23:28,322 [977ecd76-07f1-4d4a-bcc7-583ed48225e4@group-697C47503325-LeaderElection10] INFO  impl.LeaderElection (LeaderElection.java:askForVotes(314)) - 977ecd76-07f1-4d4a-bcc7-583ed48225e4@group-697C47503325-LeaderElection10 PRE_VOTE round 0: result PASSED (term=0)
2023-04-11 11:23:28,324 [977ecd76-07f1-4d4a-bcc7-583ed48225e4@group-697C47503325-LeaderElection10] INFO  impl.LeaderElection (LeaderElection.java:askForVotes(312)) - 977ecd76-07f1-4d4a-bcc7-583ed48225e4@group-697C47503325-LeaderElection10 ELECTION round 0: submit vote requests at term 1 for -1: peers:[977ecd76-07f1-4d4a-bcc7-583ed48225e4|rpc:10.1.0.37:39833|dataStream:10.1.0.37:34851|priority:1|startupRole:FOLLOWER]|listeners:[], old=null
2023-04-11 11:23:28,324 [977ecd76-07f1-4d4a-bcc7-583ed48225e4@group-697C47503325-LeaderElection10] INFO  impl.LeaderElection (LeaderElection.java:askForVotes(314)) - 977ecd76-07f1-4d4a-bcc7-583ed48225e4@group-697C47503325-LeaderElection10 ELECTION round 0: result PASSED (term=1)
2023-04-11 11:23:28,324 [977ecd76-07f1-4d4a-bcc7-583ed48225e4@group-697C47503325-LeaderElection10] INFO  impl.RoleInfo (RoleInfo.java:shutdownLeaderElection(130)) - 977ecd76-07f1-4d4a-bcc7-583ed48225e4: shutdown 977ecd76-07f1-4d4a-bcc7-583ed48225e4@group-697C47503325-LeaderElection10
2023-04-11 11:23:28,324 [977ecd76-07f1-4d4a-bcc7-583ed48225e4@group-697C47503325-LeaderElection10] INFO  server.RaftServer$Division (RaftServerImpl.java:setRole(321)) - 977ecd76-07f1-4d4a-bcc7-583ed48225e4@group-697C47503325: changes role from CANDIDATE to LEADER at term 1 for changeToLeader
2023-04-11 11:23:28,324 [977ecd76-07f1-4d4a-bcc7-583ed48225e4@group-697C47503325-LeaderElection10] INFO  ratis.XceiverServerRatis (XceiverServerRatis.java:handleLeaderChangedNotification(904)) - Leader change notification received for group: group-697C47503325 with new leaderId: 977ecd76-07f1-4d4a-bcc7-583ed48225e4
2023-04-11 11:23:28,325 [977ecd76-07f1-4d4a-bcc7-583ed48225e4@group-697C47503325-LeaderElection10] INFO  server.RaftServer$Division (ServerState.java:setLeader(313)) - 977ecd76-07f1-4d4a-bcc7-583ed48225e4@group-697C47503325: change Leader from null to 977ecd76-07f1-4d4a-bcc7-583ed48225e4 at term 1 for becomeLeader, leader elected after 5498ms
2023-04-11 11:23:28,325 [977ecd76-07f1-4d4a-bcc7-583ed48225e4@group-697C47503325-LeaderElection10] INFO  server.RaftServerConfigKeys (ConfUtils.java:logGet(46)) - raft.server.staging.catchup.gap = 1000 (default)
2023-04-11 11:23:28,325 [977ecd76-07f1-4d4a-bcc7-583ed48225e4@group-697C47503325-LeaderElection10] INFO  server.RaftServerConfigKeys (ConfUtils.java:logGet(46)) - raft.server.write.element-limit = 1024 (custom)
2023-04-11 11:23:28,325 [977ecd76-07f1-4d4a-bcc7-583ed48225e4@group-697C47503325-LeaderElection10] INFO  server.RaftServerConfigKeys (ConfUtils.java:logGet(46)) - raft.server.write.byte-limit = 1024 M (=1073741824) (custom)
2023-04-11 11:23:28,336 [977ecd76-07f1-4d4a-bcc7-583ed48225e4@group-697C47503325-LeaderElection10] INFO  server.RaftServerConfigKeys (ConfUtils.java:logGet(46)) - raft.server.watch.timeout = 180s (custom)
2023-04-11 11:23:28,336 [977ecd76-07f1-4d4a-bcc7-583ed48225e4@group-697C47503325-LeaderElection10] INFO  server.RaftServerConfigKeys (ConfUtils.java:logGet(46)) - raft.server.watch.timeout.denomination = 1s (default)
2023-04-11 11:23:28,336 [977ecd76-07f1-4d4a-bcc7-583ed48225e4@group-697C47503325-LeaderElection10] INFO  server.RaftServerConfigKeys (ConfUtils.java:logGet(46)) - raft.server.watch.element-limit = 65536 (default)
2023-04-11 11:23:28,337 [977ecd76-07f1-4d4a-bcc7-583ed48225e4@group-697C47503325-LeaderElection10] INFO  server.RaftServerConfigKeys (ConfUtils.java:logGet(46)) - raft.server.write.element-limit = 1024 (custom)
2023-04-11 11:23:28,337 [977ecd76-07f1-4d4a-bcc7-583ed48225e4@group-697C47503325-LeaderElection10] INFO  server.RaftServerConfigKeys (ConfUtils.java:logGet(46)) - raft.server.write.follower.gap.ratio.max = -1.0 (default)
2023-04-11 11:23:28,337 [977ecd76-07f1-4d4a-bcc7-583ed48225e4@group-697C47503325-LeaderElection10] INFO  impl.RoleInfo (RoleInfo.java:updateAndGet(139)) - 977ecd76-07f1-4d4a-bcc7-583ed48225e4: start 977ecd76-07f1-4d4a-bcc7-583ed48225e4@group-697C47503325-LeaderStateImpl
2023-04-11 11:23:28,337 [977ecd76-07f1-4d4a-bcc7-583ed48225e4@group-697C47503325-LeaderElection10] INFO  segmented.SegmentedRaftLogWorker (SegmentedRaftLogWorker.java:startLogSegment(452)) - 977ecd76-07f1-4d4a-bcc7-583ed48225e4@group-697C47503325-SegmentedRaftLogWorker: Starting segment from index:0
2023-04-11 11:23:28,339 [977ecd76-07f1-4d4a-bcc7-583ed48225e4@group-697C47503325-SegmentedRaftLogWorker] INFO  segmented.SegmentedRaftLogWorker (SegmentedRaftLogWorker.java:execute(656)) - 977ecd76-07f1-4d4a-bcc7-583ed48225e4@group-697C47503325-SegmentedRaftLogWorker: created new log segment /home/runner/work/ozone/ozone/hadoop-ozone/integration-test/target/test-dir/MiniOzoneClusterImpl-9bce2823-b07a-4470-87a5-870b50b19846/datanode-4/data/ratis/c9a9fcd4-9cee-46f9-99db-697c47503325/current/log_inprogress_0
2023-04-11 11:23:28,340 [977ecd76-07f1-4d4a-bcc7-583ed48225e4@group-697C47503325-LeaderElection10] INFO  server.RaftServer$Division (ServerState.java:setRaftConf(430)) - 977ecd76-07f1-4d4a-bcc7-583ed48225e4@group-697C47503325: set configuration 0: peers:[977ecd76-07f1-4d4a-bcc7-583ed48225e4|rpc:10.1.0.37:39833|dataStream:10.1.0.37:34851|priority:1|startupRole:FOLLOWER]|listeners:[], old=null
2023-04-11 11:23:28,388 [OM StateMachine ApplyTransaction Thread - 0] INFO  volume.OMVolumeCreateRequest (OMVolumeCreateRequest.java:validateAndUpdateCache(195)) - created volume:volume14578 for user:user33125
2023-04-11 11:23:28,413 [Listener at 127.0.0.1/36763] INFO  rpc.RpcClient (RpcClient.java:createBucket(698)) - Creating Bucket: volume14578/bucket96393, with bucket layout LEGACY, runner as owner, Versioning false, Storage Type set to DISK and Encryption set to false, Replication Type set to server-side default replication type, Namespace Quota set to -1, Space Quota set to -1 
2023-04-11 11:23:28,431 [OM StateMachine ApplyTransaction Thread - 0] INFO  bucket.OMBucketCreateRequest (OMBucketCreateRequest.java:validateAndUpdateCache(269)) - created bucket: bucket96393 of layout LEGACY in volume: volume14578
]]></system-out>
  </testcase>
  <testcase name="testGetTrashRoot" classname="TestOzoneFileSystem" time="21.665">
    <system-out><![CDATA[2023-04-11 11:24:19,616 [Listener at 127.0.0.1/36763] INFO  ozone.MiniOzoneClusterImpl (MiniOzoneClusterImpl.java:shutdown(455)) - Shutting down the Mini Ozone Cluster
2023-04-11 11:24:19,616 [Listener at 127.0.0.1/36763] INFO  ozone.MiniOzoneClusterImpl (MiniOzoneClusterImpl.java:stop(471)) - Stopping the Mini Ozone Cluster
2023-04-11 11:24:19,616 [Listener at 127.0.0.1/36763] INFO  ozone.MiniOzoneClusterImpl (MiniOzoneClusterImpl.java:stopOM(557)) - Stopping the OzoneManager
2023-04-11 11:24:19,617 [Listener at 127.0.0.1/36763] INFO  om.OzoneManager (OzoneManager.java:stop(2154)) - om1[localhost:0]: Stopping Ozone Manager
2023-04-11 11:24:19,618 [Listener at 127.0.0.1/36763] INFO  ipc.Server (Server.java:stop(3501)) - Stopping server on 36763
2023-04-11 11:24:19,622 [IPC Server listener on 0] INFO  ipc.Server (Server.java:run(1430)) - Stopping IPC Server listener on 0
2023-04-11 11:24:19,625 [IPC Server Responder] INFO  ipc.Server (Server.java:run(1563)) - Stopping IPC Server Responder
2023-04-11 11:24:19,630 [Listener at 127.0.0.1/36763] INFO  server.RaftServer (RaftServerProxy.java:lambda$close$6(409)) - om1: close
2023-04-11 11:24:19,633 [Listener at 127.0.0.1/36763] INFO  server.GrpcService (GrpcService.java:closeImpl(271)) - om1: shutdown server GrpcServerProtocolService now
2023-04-11 11:24:19,643 [Listener at 127.0.0.1/36763] INFO  server.GrpcService (GrpcService.java:closeImpl(280)) - om1: shutdown server GrpcServerProtocolService successfully
2023-04-11 11:24:19,644 [om1-impl-thread2] INFO  server.RaftServer$Division (RaftServerImpl.java:lambda$close$4(458)) - om1@group-C5BA1605619E: shutdown
2023-04-11 11:24:19,644 [om1-impl-thread2] INFO  util.JmxRegister (JmxRegister.java:unregister(73)) - Successfully un-registered JMX Bean with object name Ratis:service=RaftServer,group=group-C5BA1605619E,id=om1
2023-04-11 11:24:19,644 [om1-impl-thread2] INFO  impl.RoleInfo (RoleInfo.java:shutdownLeaderState(93)) - om1: shutdown om1@group-C5BA1605619E-LeaderStateImpl
2023-04-11 11:24:19,645 [om1-impl-thread2] INFO  impl.PendingRequests (PendingRequests.java:sendNotLeaderResponses(282)) - om1@group-C5BA1605619E-PendingRequests: sendNotLeaderResponses
2023-04-11 11:24:19,651 [om1@group-C5BA1605619E-StateMachineUpdater] INFO  ratis.OzoneManagerStateMachine (OzoneManagerStateMachine.java:takeSnapshot(453)) - Current Snapshot Index (t:1, i:37013)
2023-04-11 11:24:19,652 [om1-impl-thread2] INFO  impl.StateMachineUpdater (StateMachineUpdater.java:stopAndJoin(153)) - om1@group-C5BA1605619E-StateMachineUpdater: set stopIndex = 37013
2023-04-11 11:24:19,696 [om1@group-C5BA1605619E-StateMachineUpdater] INFO  impl.StateMachineUpdater (StateMachineUpdater.java:takeSnapshot(287)) - om1@group-C5BA1605619E-StateMachineUpdater: Took a snapshot at index 37013
2023-04-11 11:24:19,698 [om1@group-C5BA1605619E-StateMachineUpdater] INFO  impl.StateMachineUpdater (StateMachineUpdater.java:lambda$new$0(92)) - om1@group-C5BA1605619E-StateMachineUpdater: snapshotIndex: updateIncreasingly -1 -> 37013
2023-04-11 11:24:19,698 [om1@group-C5BA1605619E-StateMachineUpdater] INFO  ratis.OzoneManagerStateMachine (OzoneManagerStateMachine.java:close(507)) - StateMachine has shutdown. Shutdown OzoneManager if not already shutdown.
2023-04-11 11:24:19,698 [om1@group-C5BA1605619E-StateMachineUpdater] INFO  ratis.OzoneManagerDoubleBuffer (OzoneManagerDoubleBuffer.java:stopDaemon(540)) - Stopping OMDoubleBuffer flush thread
2023-04-11 11:24:19,699 [OMDoubleBufferFlushThread] INFO  ratis.OzoneManagerDoubleBuffer (OzoneManagerDoubleBuffer.java:canFlush(625)) - OMDoubleBuffer flush thread OMDoubleBufferFlushThread is interrupted and will exit.
2023-04-11 11:24:19,701 [om1-impl-thread2] INFO  server.RaftServer$Division (ServerState.java:close(466)) - om1@group-C5BA1605619E: closes. applyIndex: 37013
2023-04-11 11:24:19,715 [om1@group-C5BA1605619E-SegmentedRaftLogWorker] INFO  segmented.SegmentedRaftLogWorker (SegmentedRaftLogWorker.java:run(347)) - om1@group-C5BA1605619E-SegmentedRaftLogWorker was interrupted, exiting. There are 0 tasks remaining in the queue.
2023-04-11 11:24:19,719 [om1-impl-thread2] INFO  segmented.SegmentedRaftLogWorker (SegmentedRaftLogWorker.java:close(257)) - om1@group-C5BA1605619E-SegmentedRaftLogWorker close()
2023-04-11 11:24:19,721 [JvmPauseMonitor0] INFO  util.JvmPauseMonitor (JvmPauseMonitor.java:run(111)) - JvmPauseMonitor-om1: Stopped
2023-04-11 11:24:19,721 [Listener at 127.0.0.1/36763] INFO  ratis.OzoneManagerStateMachine (OzoneManagerStateMachine.java:close(507)) - StateMachine has shutdown. Shutdown OzoneManager if not already shutdown.
2023-04-11 11:24:19,721 [Listener at 127.0.0.1/36763] INFO  ratis.OzoneManagerDoubleBuffer (OzoneManagerDoubleBuffer.java:stopDaemon(549)) - OMDoubleBuffer flush thread is not running.
2023-04-11 11:24:19,722 [Listener at 127.0.0.1/36763] INFO  utils.BackgroundService (BackgroundService.java:shutdown(141)) - Shutting down service KeyDeletingService
2023-04-11 11:24:19,722 [Listener at 127.0.0.1/36763] INFO  utils.BackgroundService (BackgroundService.java:shutdown(141)) - Shutting down service DirectoryDeletingService
2023-04-11 11:24:19,722 [Listener at 127.0.0.1/36763] INFO  utils.BackgroundService (BackgroundService.java:shutdown(141)) - Shutting down service OpenKeyCleanupService
2023-04-11 11:24:19,722 [Listener at 127.0.0.1/36763] INFO  utils.BackgroundService (BackgroundService.java:shutdown(141)) - Shutting down service SstFilteringService
2023-04-11 11:24:19,723 [Listener at 127.0.0.1/36763] INFO  utils.BackgroundService (BackgroundService.java:shutdown(141)) - Shutting down service SnapshotDeletingService
2023-04-11 11:24:19,725 [Listener at 127.0.0.1/36763] INFO  handler.ContextHandler (ContextHandler.java:doStop(1159)) - Stopped o.e.j.w.WebAppContext@3f159c49{ozoneManager,/,null,STOPPED}{file:/home/runner/work/ozone/ozone/hadoop-ozone/integration-test/target/test-classes/webapps/ozoneManager}
2023-04-11 11:24:19,731 [Listener at 127.0.0.1/36763] INFO  server.AbstractConnector (AbstractConnector.java:doStop(383)) - Stopped ServerConnector@743f40cc{HTTP/1.1, (http/1.1)}{0.0.0.0:0}
2023-04-11 11:24:19,731 [Listener at 127.0.0.1/36763] INFO  server.session (HouseKeeper.java:stopScavenging(149)) - node0 Stopped scavenging
2023-04-11 11:24:19,735 [Listener at 127.0.0.1/36763] INFO  handler.ContextHandler (ContextHandler.java:doStop(1159)) - Stopped o.e.j.s.ServletContextHandler@4d0648d8{static,/static,file:///home/runner/work/ozone/ozone/hadoop-ozone/integration-test/target/test-classes/webapps/static,STOPPED}
2023-04-11 11:24:19,735 [Listener at 127.0.0.1/36763] INFO  handler.ContextHandler (ContextHandler.java:doStop(1159)) - Stopped o.e.j.s.ServletContextHandler@2016e374{logs,/logs,file:///home/runner/work/ozone/ozone/hadoop-ozone/integration-test/target/log,STOPPED}
2023-04-11 11:24:19,739 [Trash Emptier] ERROR om.TrashPolicyOzone (TrashPolicyOzone.java:run(350)) - Error attempting to shutdown
java.lang.InterruptedException
	at java.util.concurrent.locks.AbstractQueuedSynchronizer$ConditionObject.awaitNanos(AbstractQueuedSynchronizer.java:2067)
	at java.util.concurrent.ThreadPoolExecutor.awaitTermination(ThreadPoolExecutor.java:1475)
	at org.apache.hadoop.ozone.om.TrashPolicyOzone$Emptier.run(TrashPolicyOzone.java:348)
	at java.lang.Thread.run(Thread.java:750)
2023-04-11 11:24:19,751 [Listener at 127.0.0.1/36763] INFO  ozone.MiniOzoneClusterImpl (MiniOzoneClusterImpl.java:stopDatanodes(534)) - Stopping the HddsDatanodes
2023-04-11 11:24:19,760 [ForkJoinPool.commonPool-worker-1] INFO  ozoneimpl.OzoneContainer (OzoneContainer.java:stop(419)) - Attempting to stop container services.
2023-04-11 11:24:19,763 [Listener at 127.0.0.1/36763] INFO  ozoneimpl.OzoneContainer (OzoneContainer.java:stop(419)) - Attempting to stop container services.
2023-04-11 11:24:19,765 [ForkJoinPool.commonPool-worker-1] INFO  server.RaftServer (RaftServerProxy.java:lambda$close$6(409)) - c75a143a-6faf-4f8e-9847-b3e7e26fc01f: close
2023-04-11 11:24:19,765 [Listener at 127.0.0.1/36763] INFO  server.RaftServer (RaftServerProxy.java:lambda$close$6(409)) - ca122d53-8fd1-4cec-b324-69d908933b08: close
2023-04-11 11:24:19,766 [c75a143a-6faf-4f8e-9847-b3e7e26fc01f-impl-thread2] INFO  server.RaftServer$Division (RaftServerImpl.java:lambda$close$4(458)) - c75a143a-6faf-4f8e-9847-b3e7e26fc01f@group-4F0C056CB064: shutdown
2023-04-11 11:24:19,766 [c75a143a-6faf-4f8e-9847-b3e7e26fc01f-impl-thread2] INFO  util.JmxRegister (JmxRegister.java:unregister(73)) - Successfully un-registered JMX Bean with object name Ratis:service=RaftServer,group=group-4F0C056CB064,id=c75a143a-6faf-4f8e-9847-b3e7e26fc01f
2023-04-11 11:24:19,766 [c75a143a-6faf-4f8e-9847-b3e7e26fc01f-impl-thread2] INFO  impl.RoleInfo (RoleInfo.java:shutdownLeaderState(93)) - c75a143a-6faf-4f8e-9847-b3e7e26fc01f: shutdown c75a143a-6faf-4f8e-9847-b3e7e26fc01f@group-4F0C056CB064-LeaderStateImpl
2023-04-11 11:24:19,768 [c75a143a-6faf-4f8e-9847-b3e7e26fc01f-impl-thread3] INFO  server.RaftServer$Division (RaftServerImpl.java:lambda$close$4(458)) - c75a143a-6faf-4f8e-9847-b3e7e26fc01f@group-7AFFC49C57B1: shutdown
2023-04-11 11:24:19,768 [c75a143a-6faf-4f8e-9847-b3e7e26fc01f-impl-thread3] INFO  util.JmxRegister (JmxRegister.java:unregister(73)) - Successfully un-registered JMX Bean with object name Ratis:service=RaftServer,group=group-7AFFC49C57B1,id=c75a143a-6faf-4f8e-9847-b3e7e26fc01f
2023-04-11 11:24:19,768 [c75a143a-6faf-4f8e-9847-b3e7e26fc01f-impl-thread3] INFO  impl.RoleInfo (RoleInfo.java:shutdownLeaderState(93)) - c75a143a-6faf-4f8e-9847-b3e7e26fc01f: shutdown c75a143a-6faf-4f8e-9847-b3e7e26fc01f@group-7AFFC49C57B1-LeaderStateImpl
2023-04-11 11:24:19,768 [c75a143a-6faf-4f8e-9847-b3e7e26fc01f-impl-thread4] INFO  server.RaftServer$Division (RaftServerImpl.java:lambda$close$4(458)) - c75a143a-6faf-4f8e-9847-b3e7e26fc01f@group-9D155BEE1D9D: shutdown
2023-04-11 11:24:19,768 [ForkJoinPool.commonPool-worker-1] INFO  server.GrpcService (GrpcService.java:closeImpl(271)) - c75a143a-6faf-4f8e-9847-b3e7e26fc01f: shutdown server GrpcServerProtocolService now
2023-04-11 11:24:19,775 [ca122d53-8fd1-4cec-b324-69d908933b08-impl-thread4] INFO  server.RaftServer$Division (RaftServerImpl.java:lambda$close$4(458)) - ca122d53-8fd1-4cec-b324-69d908933b08@group-9D155BEE1D9D: shutdown
2023-04-11 11:24:19,778 [ca122d53-8fd1-4cec-b324-69d908933b08-impl-thread3] INFO  server.RaftServer$Division (RaftServerImpl.java:lambda$close$4(458)) - ca122d53-8fd1-4cec-b324-69d908933b08@group-7AFFC49C57B1: shutdown
2023-04-11 11:24:19,778 [ca122d53-8fd1-4cec-b324-69d908933b08-impl-thread3] INFO  util.JmxRegister (JmxRegister.java:unregister(73)) - Successfully un-registered JMX Bean with object name Ratis:service=RaftServer,group=group-7AFFC49C57B1,id=ca122d53-8fd1-4cec-b324-69d908933b08
2023-04-11 11:24:19,778 [ca122d53-8fd1-4cec-b324-69d908933b08-impl-thread3] INFO  impl.RoleInfo (RoleInfo.java:shutdownFollowerState(110)) - ca122d53-8fd1-4cec-b324-69d908933b08: shutdown ca122d53-8fd1-4cec-b324-69d908933b08@group-7AFFC49C57B1-FollowerState
2023-04-11 11:24:19,775 [Listener at 127.0.0.1/36763] INFO  server.GrpcService (GrpcService.java:closeImpl(271)) - ca122d53-8fd1-4cec-b324-69d908933b08: shutdown server GrpcServerProtocolService now
2023-04-11 11:24:19,766 [c75a143a-6faf-4f8e-9847-b3e7e26fc01f-impl-thread2] INFO  impl.PendingRequests (PendingRequests.java:sendNotLeaderResponses(282)) - c75a143a-6faf-4f8e-9847-b3e7e26fc01f@group-4F0C056CB064-PendingRequests: sendNotLeaderResponses
2023-04-11 11:24:19,771 [grpc-default-executor-6] INFO  server.GrpcServerProtocolService (GrpcServerProtocolService.java:onCompleted(143)) - ca122d53-8fd1-4cec-b324-69d908933b08: Completed APPEND_ENTRIES, lastRequest: c75a143a-6faf-4f8e-9847-b3e7e26fc01f->ca122d53-8fd1-4cec-b324-69d908933b08#319-t1,previous=(t:1, i:21),leaderCommit=20,initializing? true,entries: size=1, first=(t:1, i:22), METADATAENTRY(c:20)
2023-04-11 11:24:19,775 [c75a143a-6faf-4f8e-9847-b3e7e26fc01f@group-7AFFC49C57B1->243d07fb-de29-4324-a32b-24d5948493a7-GrpcLogAppender-LogAppenderDaemon] WARN  server.GrpcLogAppender (GrpcLogAppender.java:mayWait(200)) - c75a143a-6faf-4f8e-9847-b3e7e26fc01f@group-7AFFC49C57B1->243d07fb-de29-4324-a32b-24d5948493a7-GrpcLogAppender: Wait interrupted by java.lang.InterruptedException
2023-04-11 11:24:19,780 [c75a143a-6faf-4f8e-9847-b3e7e26fc01f@group-4F0C056CB064-StateMachineUpdater] INFO  ratis.ContainerStateMachine (ContainerStateMachine.java:takeSnapshot(330)) - group-4F0C056CB064: Taking a snapshot at:(t:1, i:0) file /home/runner/work/ozone/ozone/hadoop-ozone/integration-test/target/test-dir/MiniOzoneClusterImpl-9bce2823-b07a-4470-87a5-870b50b19846/datanode-1/data/ratis/d15c7985-e906-4bb9-9105-4f0c056cb064/sm/snapshot.1_0
2023-04-11 11:24:19,780 [c75a143a-6faf-4f8e-9847-b3e7e26fc01f-impl-thread2] INFO  impl.StateMachineUpdater (StateMachineUpdater.java:stopAndJoin(153)) - c75a143a-6faf-4f8e-9847-b3e7e26fc01f@group-4F0C056CB064-StateMachineUpdater: set stopIndex = 0
2023-04-11 11:24:19,780 [ca122d53-8fd1-4cec-b324-69d908933b08-impl-thread4] INFO  util.JmxRegister (JmxRegister.java:unregister(73)) - Successfully un-registered JMX Bean with object name Ratis:service=RaftServer,group=group-9D155BEE1D9D,id=ca122d53-8fd1-4cec-b324-69d908933b08
2023-04-11 11:24:19,780 [ca122d53-8fd1-4cec-b324-69d908933b08-impl-thread4] INFO  impl.RoleInfo (RoleInfo.java:shutdownFollowerState(110)) - ca122d53-8fd1-4cec-b324-69d908933b08: shutdown ca122d53-8fd1-4cec-b324-69d908933b08@group-9D155BEE1D9D-FollowerState
2023-04-11 11:24:19,780 [ca122d53-8fd1-4cec-b324-69d908933b08@group-7AFFC49C57B1-FollowerState] INFO  impl.FollowerState (FollowerState.java:run(152)) - ca122d53-8fd1-4cec-b324-69d908933b08@group-7AFFC49C57B1-FollowerState was interrupted
2023-04-11 11:24:19,768 [c75a143a-6faf-4f8e-9847-b3e7e26fc01f-impl-thread4] INFO  util.JmxRegister (JmxRegister.java:unregister(73)) - Successfully un-registered JMX Bean with object name Ratis:service=RaftServer,group=group-9D155BEE1D9D,id=c75a143a-6faf-4f8e-9847-b3e7e26fc01f
2023-04-11 11:24:19,787 [c75a143a-6faf-4f8e-9847-b3e7e26fc01f-impl-thread4] INFO  impl.RoleInfo (RoleInfo.java:shutdownFollowerState(110)) - c75a143a-6faf-4f8e-9847-b3e7e26fc01f: shutdown c75a143a-6faf-4f8e-9847-b3e7e26fc01f@group-9D155BEE1D9D-FollowerState
2023-04-11 11:24:19,788 [c75a143a-6faf-4f8e-9847-b3e7e26fc01f-impl-thread4] INFO  impl.StateMachineUpdater (StateMachineUpdater.java:stopAndJoin(153)) - c75a143a-6faf-4f8e-9847-b3e7e26fc01f@group-9D155BEE1D9D-StateMachineUpdater: set stopIndex = 7
2023-04-11 11:24:19,788 [c75a143a-6faf-4f8e-9847-b3e7e26fc01f@group-9D155BEE1D9D-FollowerState] INFO  impl.FollowerState (FollowerState.java:run(152)) - c75a143a-6faf-4f8e-9847-b3e7e26fc01f@group-9D155BEE1D9D-FollowerState was interrupted
2023-04-11 11:24:19,774 [c75a143a-6faf-4f8e-9847-b3e7e26fc01f-impl-thread3] INFO  impl.PendingRequests (PendingRequests.java:sendNotLeaderResponses(282)) - c75a143a-6faf-4f8e-9847-b3e7e26fc01f@group-7AFFC49C57B1-PendingRequests: sendNotLeaderResponses
2023-04-11 11:24:19,788 [c75a143a-6faf-4f8e-9847-b3e7e26fc01f@group-9D155BEE1D9D-StateMachineUpdater] INFO  ratis.ContainerStateMachine (ContainerStateMachine.java:takeSnapshot(330)) - group-9D155BEE1D9D: Taking a snapshot at:(t:1, i:7) file /home/runner/work/ozone/ozone/hadoop-ozone/integration-test/target/test-dir/MiniOzoneClusterImpl-9bce2823-b07a-4470-87a5-870b50b19846/datanode-1/data/ratis/80057f08-6aec-4d77-88ef-9d155bee1d9d/sm/snapshot.1_7
2023-04-11 11:24:19,771 [grpc-default-executor-5] INFO  server.GrpcServerProtocolService (GrpcServerProtocolService.java:onCompleted(143)) - ca122d53-8fd1-4cec-b324-69d908933b08: Completed APPEND_ENTRIES, lastRequest: null
2023-04-11 11:24:19,788 [grpc-default-executor-4] WARN  server.GrpcClientProtocolService (LogUtils.java:warn(122)) - 1-OrderedRequestStreamObserver1: onError: org.apache.ratis.thirdparty.io.grpc.StatusRuntimeException: CANCELLED: client cancelled
2023-04-11 11:24:19,789 [grpc-default-executor-0] WARN  server.GrpcServerProtocolService (LogUtils.java:warn(122)) - c75a143a-6faf-4f8e-9847-b3e7e26fc01f: installSnapshot onError, lastRequest: 243d07fb-de29-4324-a32b-24d5948493a7->c75a143a-6faf-4f8e-9847-b3e7e26fc01f#114-t1,previous=(t:1, i:6),leaderCommit=5,initializing? true,entries: size=1, first=(t:1, i:7), METADATAENTRY(c:5): org.apache.ratis.thirdparty.io.grpc.StatusRuntimeException: CANCELLED: client cancelled
2023-04-11 11:24:19,789 [grpc-default-executor-3] WARN  server.GrpcServerProtocolService (LogUtils.java:warn(122)) - ca122d53-8fd1-4cec-b324-69d908933b08: installSnapshot onError, lastRequest: null: org.apache.ratis.thirdparty.io.grpc.StatusRuntimeException: CANCELLED: client cancelled
2023-04-11 11:24:19,786 [ca122d53-8fd1-4cec-b324-69d908933b08-impl-thread3] INFO  impl.StateMachineUpdater (StateMachineUpdater.java:stopAndJoin(153)) - ca122d53-8fd1-4cec-b324-69d908933b08@group-7AFFC49C57B1-StateMachineUpdater: set stopIndex = 22
2023-04-11 11:24:19,783 [grpc-default-executor-6] WARN  server.GrpcServerProtocolService (LogUtils.java:warn(122)) - c75a143a-6faf-4f8e-9847-b3e7e26fc01f: installSnapshot onError, lastRequest: null: org.apache.ratis.thirdparty.io.grpc.StatusRuntimeException: CANCELLED: client cancelled
2023-04-11 11:24:19,789 [ca122d53-8fd1-4cec-b324-69d908933b08@group-9D155BEE1D9D-StateMachineUpdater] INFO  ratis.ContainerStateMachine (ContainerStateMachine.java:takeSnapshot(330)) - group-9D155BEE1D9D: Taking a snapshot at:(t:1, i:7) file /home/runner/work/ozone/ozone/hadoop-ozone/integration-test/target/test-dir/MiniOzoneClusterImpl-9bce2823-b07a-4470-87a5-870b50b19846/datanode-2/data/ratis/80057f08-6aec-4d77-88ef-9d155bee1d9d/sm/snapshot.1_7
2023-04-11 11:24:19,782 [ca122d53-8fd1-4cec-b324-69d908933b08-impl-thread4] INFO  impl.StateMachineUpdater (StateMachineUpdater.java:stopAndJoin(153)) - ca122d53-8fd1-4cec-b324-69d908933b08@group-9D155BEE1D9D-StateMachineUpdater: set stopIndex = 7
2023-04-11 11:24:19,781 [ca122d53-8fd1-4cec-b324-69d908933b08@group-9D155BEE1D9D-FollowerState] INFO  impl.FollowerState (FollowerState.java:run(152)) - ca122d53-8fd1-4cec-b324-69d908933b08@group-9D155BEE1D9D-FollowerState was interrupted
2023-04-11 11:24:19,781 [ForkJoinPool.commonPool-worker-1] INFO  server.GrpcServerProtocolClient (GrpcServerProtocolClient.java:close(101)) - ca122d53-8fd1-4cec-b324-69d908933b08 Close channels
2023-04-11 11:24:19,778 [ca122d53-8fd1-4cec-b324-69d908933b08-impl-thread2] INFO  server.RaftServer$Division (RaftServerImpl.java:lambda$close$4(458)) - ca122d53-8fd1-4cec-b324-69d908933b08@group-E6C880774131: shutdown
2023-04-11 11:24:19,794 [ca122d53-8fd1-4cec-b324-69d908933b08-impl-thread2] INFO  util.JmxRegister (JmxRegister.java:unregister(73)) - Successfully un-registered JMX Bean with object name Ratis:service=RaftServer,group=group-E6C880774131,id=ca122d53-8fd1-4cec-b324-69d908933b08
2023-04-11 11:24:19,794 [ca122d53-8fd1-4cec-b324-69d908933b08-impl-thread2] INFO  impl.RoleInfo (RoleInfo.java:shutdownLeaderState(93)) - ca122d53-8fd1-4cec-b324-69d908933b08: shutdown ca122d53-8fd1-4cec-b324-69d908933b08@group-E6C880774131-LeaderStateImpl
2023-04-11 11:24:19,794 [ca122d53-8fd1-4cec-b324-69d908933b08-impl-thread2] INFO  impl.PendingRequests (PendingRequests.java:sendNotLeaderResponses(282)) - ca122d53-8fd1-4cec-b324-69d908933b08@group-E6C880774131-PendingRequests: sendNotLeaderResponses
2023-04-11 11:24:19,796 [ca122d53-8fd1-4cec-b324-69d908933b08@group-E6C880774131-StateMachineUpdater] INFO  ratis.ContainerStateMachine (ContainerStateMachine.java:takeSnapshot(330)) - group-E6C880774131: Taking a snapshot at:(t:1, i:0) file /home/runner/work/ozone/ozone/hadoop-ozone/integration-test/target/test-dir/MiniOzoneClusterImpl-9bce2823-b07a-4470-87a5-870b50b19846/datanode-2/data/ratis/5ffc162c-4520-4174-9edf-e6c880774131/sm/snapshot.1_0
2023-04-11 11:24:19,796 [ca122d53-8fd1-4cec-b324-69d908933b08-impl-thread2] INFO  impl.StateMachineUpdater (StateMachineUpdater.java:stopAndJoin(153)) - ca122d53-8fd1-4cec-b324-69d908933b08@group-E6C880774131-StateMachineUpdater: set stopIndex = 0
2023-04-11 11:24:19,802 [ca122d53-8fd1-4cec-b324-69d908933b08@group-7AFFC49C57B1-StateMachineUpdater] INFO  ratis.ContainerStateMachine (ContainerStateMachine.java:takeSnapshot(330)) - group-7AFFC49C57B1: Taking a snapshot at:(t:1, i:22) file /home/runner/work/ozone/ozone/hadoop-ozone/integration-test/target/test-dir/MiniOzoneClusterImpl-9bce2823-b07a-4470-87a5-870b50b19846/datanode-2/data/ratis/be83539e-4791-44fc-840f-7affc49c57b1/sm/snapshot.1_22
2023-04-11 11:24:19,806 [grpc-default-executor-4] WARN  server.GrpcServerProtocolService (LogUtils.java:warn(122)) - ca122d53-8fd1-4cec-b324-69d908933b08: installSnapshot onError, lastRequest: 243d07fb-de29-4324-a32b-24d5948493a7->ca122d53-8fd1-4cec-b324-69d908933b08#112-t1,previous=(t:1, i:6),leaderCommit=5,initializing? true,entries: size=1, first=(t:1, i:7), METADATAENTRY(c:5): org.apache.ratis.thirdparty.io.grpc.StatusRuntimeException: CANCELLED: client cancelled
2023-04-11 11:24:19,807 [grpc-default-executor-1] INFO  server.GrpcServerProtocolService (GrpcServerProtocolService.java:onCompleted(143)) - 243d07fb-de29-4324-a32b-24d5948493a7: Completed APPEND_ENTRIES, lastRequest: c75a143a-6faf-4f8e-9847-b3e7e26fc01f->243d07fb-de29-4324-a32b-24d5948493a7#317-t1,previous=(t:1, i:21),leaderCommit=20,initializing? true,entries: size=1, first=(t:1, i:22), METADATAENTRY(c:20)
2023-04-11 11:24:19,807 [Listener at 127.0.0.1/36763] INFO  server.GrpcService (GrpcService.java:closeImpl(280)) - ca122d53-8fd1-4cec-b324-69d908933b08: shutdown server GrpcServerProtocolService successfully
2023-04-11 11:24:19,810 [ca122d53-8fd1-4cec-b324-69d908933b08-NettyServerStreamRpc-bossGroup--thread1] INFO  logging.LoggingHandler (AbstractInternalLogger.java:log(148)) - [id: 0x8b300991, L:/0:0:0:0:0:0:0:0:34703] CLOSE
2023-04-11 11:24:19,810 [ca122d53-8fd1-4cec-b324-69d908933b08-NettyServerStreamRpc-bossGroup--thread1] INFO  logging.LoggingHandler (AbstractInternalLogger.java:log(148)) - [id: 0x8b300991, L:/0:0:0:0:0:0:0:0:34703] INACTIVE
2023-04-11 11:24:19,810 [ca122d53-8fd1-4cec-b324-69d908933b08-NettyServerStreamRpc-bossGroup--thread1] INFO  logging.LoggingHandler (AbstractInternalLogger.java:log(148)) - [id: 0x8b300991, L:/0:0:0:0:0:0:0:0:34703] UNREGISTERED
2023-04-11 11:24:19,816 [c75a143a-6faf-4f8e-9847-b3e7e26fc01f-impl-thread3] INFO  impl.StateMachineUpdater (StateMachineUpdater.java:stopAndJoin(153)) - c75a143a-6faf-4f8e-9847-b3e7e26fc01f@group-7AFFC49C57B1-StateMachineUpdater: set stopIndex = 22
2023-04-11 11:24:19,817 [c75a143a-6faf-4f8e-9847-b3e7e26fc01f@group-7AFFC49C57B1-StateMachineUpdater] INFO  ratis.ContainerStateMachine (ContainerStateMachine.java:takeSnapshot(330)) - group-7AFFC49C57B1: Taking a snapshot at:(t:1, i:22) file /home/runner/work/ozone/ozone/hadoop-ozone/integration-test/target/test-dir/MiniOzoneClusterImpl-9bce2823-b07a-4470-87a5-870b50b19846/datanode-1/data/ratis/be83539e-4791-44fc-840f-7affc49c57b1/sm/snapshot.1_22
2023-04-11 11:24:19,811 [grpc-default-executor-6] WARN  server.GrpcLogAppender (LogUtils.java:warn(122)) - 243d07fb-de29-4324-a32b-24d5948493a7@group-9D155BEE1D9D->c75a143a-6faf-4f8e-9847-b3e7e26fc01f-AppendLogResponseHandler: Failed appendEntries: org.apache.ratis.thirdparty.io.grpc.StatusRuntimeException: CANCELLED: RST_STREAM closed stream. HTTP/2 error code: CANCEL
2023-04-11 11:24:19,825 [grpc-default-executor-6] INFO  leader.FollowerInfo (FollowerInfoImpl.java:lambda$new$0(48)) - 243d07fb-de29-4324-a32b-24d5948493a7@group-9D155BEE1D9D->c75a143a-6faf-4f8e-9847-b3e7e26fc01f: nextIndex: updateUnconditionally 8 -> 7
2023-04-11 11:24:19,827 [grpc-default-executor-4] WARN  server.GrpcLogAppender (LogUtils.java:warn(122)) - 243d07fb-de29-4324-a32b-24d5948493a7@group-9D155BEE1D9D->c75a143a-6faf-4f8e-9847-b3e7e26fc01f-AppendLogResponseHandler: Failed appendEntries: org.apache.ratis.thirdparty.io.grpc.StatusRuntimeException: CANCELLED: RST_STREAM closed stream. HTTP/2 error code: CANCEL
2023-04-11 11:24:19,827 [grpc-default-executor-0] INFO  server.GrpcServerProtocolService (GrpcServerProtocolService.java:onCompleted(143)) - 243d07fb-de29-4324-a32b-24d5948493a7: Completed APPEND_ENTRIES, lastRequest: null
2023-04-11 11:24:19,827 [grpc-default-executor-6] WARN  server.GrpcLogAppender (LogUtils.java:warn(122)) - 243d07fb-de29-4324-a32b-24d5948493a7@group-9D155BEE1D9D->ca122d53-8fd1-4cec-b324-69d908933b08-AppendLogResponseHandler: Failed appendEntries: org.apache.ratis.thirdparty.io.grpc.StatusRuntimeException: CANCELLED: RST_STREAM closed stream. HTTP/2 error code: CANCEL
2023-04-11 11:24:19,827 [grpc-default-executor-6] INFO  leader.FollowerInfo (FollowerInfoImpl.java:lambda$new$0(48)) - 243d07fb-de29-4324-a32b-24d5948493a7@group-9D155BEE1D9D->ca122d53-8fd1-4cec-b324-69d908933b08: nextIndex: updateUnconditionally 8 -> 7
2023-04-11 11:24:19,805 [grpc-default-executor-9] INFO  server.GrpcLogAppender (GrpcLogAppender.java:onCompleted(415)) - c75a143a-6faf-4f8e-9847-b3e7e26fc01f@group-7AFFC49C57B1->ca122d53-8fd1-4cec-b324-69d908933b08-AppendLogResponseHandler: follower responses appendEntries COMPLETED
2023-04-11 11:24:19,828 [grpc-default-executor-9] WARN  server.GrpcLogAppender (GrpcLogAppender.java:resetClient(137)) - c75a143a-6faf-4f8e-9847-b3e7e26fc01f@group-7AFFC49C57B1->ca122d53-8fd1-4cec-b324-69d908933b08-GrpcLogAppender: Failed to getClient for ca122d53-8fd1-4cec-b324-69d908933b08
org.apache.ratis.protocol.exceptions.AlreadyClosedException: c75a143a-6faf-4f8e-9847-b3e7e26fc01f is already CLOSED
	at org.apache.ratis.util.PeerProxyMap$PeerAndProxy.getProxy(PeerProxyMap.java:61)
	at org.apache.ratis.util.PeerProxyMap.getProxy(PeerProxyMap.java:115)
	at org.apache.ratis.grpc.server.GrpcLogAppender.getClient(GrpcLogAppender.java:116)
	at org.apache.ratis.grpc.server.GrpcLogAppender.resetClient(GrpcLogAppender.java:121)
	at org.apache.ratis.grpc.server.GrpcLogAppender.access$500(GrpcLogAppender.java:58)
	at org.apache.ratis.grpc.server.GrpcLogAppender$AppendLogResponseHandler.onCompleted(GrpcLogAppender.java:416)
	at org.apache.ratis.thirdparty.io.grpc.stub.ClientCalls$StreamObserverToCallListenerAdapter.onClose(ClientCalls.java:485)
	at org.apache.ratis.thirdparty.io.grpc.internal.ClientCallImpl.closeObserver(ClientCallImpl.java:562)
	at org.apache.ratis.thirdparty.io.grpc.internal.ClientCallImpl.access$300(ClientCallImpl.java:70)
	at org.apache.ratis.thirdparty.io.grpc.internal.ClientCallImpl$ClientStreamListenerImpl$1StreamClosed.runInternal(ClientCallImpl.java:743)
	at org.apache.ratis.thirdparty.io.grpc.internal.ClientCallImpl$ClientStreamListenerImpl$1StreamClosed.runInContext(ClientCallImpl.java:722)
	at org.apache.ratis.thirdparty.io.grpc.internal.ContextRunnable.run(ContextRunnable.java:37)
	at org.apache.ratis.thirdparty.io.grpc.internal.SerializingExecutor.run(SerializingExecutor.java:133)
	at java.util.concurrent.ThreadPoolExecutor.runWorker(ThreadPoolExecutor.java:1149)
	at java.util.concurrent.ThreadPoolExecutor$Worker.run(ThreadPoolExecutor.java:624)
	at java.lang.Thread.run(Thread.java:750)
2023-04-11 11:24:19,827 [grpc-default-executor-4] INFO  leader.FollowerInfo (FollowerInfoImpl.java:lambda$new$0(48)) - 243d07fb-de29-4324-a32b-24d5948493a7@group-9D155BEE1D9D->c75a143a-6faf-4f8e-9847-b3e7e26fc01f: nextIndex: updateUnconditionally 7 -> 6
2023-04-11 11:24:19,835 [grpc-default-executor-9] WARN  server.GrpcLogAppender (LogUtils.java:warn(122)) - 243d07fb-de29-4324-a32b-24d5948493a7@group-9D155BEE1D9D->ca122d53-8fd1-4cec-b324-69d908933b08-AppendLogResponseHandler: Failed appendEntries: org.apache.ratis.thirdparty.io.grpc.StatusRuntimeException: CANCELLED: RST_STREAM closed stream. HTTP/2 error code: CANCEL
2023-04-11 11:24:19,835 [grpc-default-executor-9] INFO  leader.FollowerInfo (FollowerInfoImpl.java:lambda$new$0(48)) - 243d07fb-de29-4324-a32b-24d5948493a7@group-9D155BEE1D9D->ca122d53-8fd1-4cec-b324-69d908933b08: nextIndex: updateUnconditionally 8 -> 7
2023-04-11 11:24:19,838 [grpc-default-executor-4] INFO  server.GrpcLogAppender (GrpcLogAppender.java:onError(404)) - c75a143a-6faf-4f8e-9847-b3e7e26fc01f@group-7AFFC49C57B1->ca122d53-8fd1-4cec-b324-69d908933b08-GrpcLogAppender is already stopped
2023-04-11 11:24:19,840 [grpc-default-executor-9] INFO  server.GrpcLogAppender (GrpcLogAppender.java:onCompleted(415)) - c75a143a-6faf-4f8e-9847-b3e7e26fc01f@group-7AFFC49C57B1->243d07fb-de29-4324-a32b-24d5948493a7-AppendLogResponseHandler: follower responses appendEntries COMPLETED
2023-04-11 11:24:19,840 [grpc-default-executor-9] INFO  leader.FollowerInfo (FollowerInfoImpl.java:lambda$new$0(48)) - c75a143a-6faf-4f8e-9847-b3e7e26fc01f@group-7AFFC49C57B1->243d07fb-de29-4324-a32b-24d5948493a7: nextIndex: updateUnconditionally 23 -> 22
2023-04-11 11:24:19,841 [ForkJoinPool.commonPool-worker-1] INFO  server.GrpcServerProtocolClient (GrpcServerProtocolClient.java:close(101)) - 243d07fb-de29-4324-a32b-24d5948493a7 Close channels
2023-04-11 11:24:19,851 [grpc-default-executor-4] WARN  server.GrpcLogAppender (LogUtils.java:warn(122)) - 243d07fb-de29-4324-a32b-24d5948493a7@group-9D155BEE1D9D->c75a143a-6faf-4f8e-9847-b3e7e26fc01f-AppendLogResponseHandler: Failed appendEntries: org.apache.ratis.thirdparty.io.grpc.StatusRuntimeException: UNAVAILABLE: io exception
2023-04-11 11:24:19,852 [grpc-default-executor-4] INFO  leader.FollowerInfo (FollowerInfoImpl.java:lambda$new$0(48)) - 243d07fb-de29-4324-a32b-24d5948493a7@group-9D155BEE1D9D->c75a143a-6faf-4f8e-9847-b3e7e26fc01f: nextIndex: updateUnconditionally 7 -> 6
2023-04-11 11:24:19,853 [grpc-default-executor-9] WARN  server.GrpcLogAppender (LogUtils.java:warn(122)) - 243d07fb-de29-4324-a32b-24d5948493a7@group-9D155BEE1D9D->ca122d53-8fd1-4cec-b324-69d908933b08-AppendLogResponseHandler: Failed appendEntries: org.apache.ratis.thirdparty.io.grpc.StatusRuntimeException: UNAVAILABLE: io exception
2023-04-11 11:24:19,853 [grpc-default-executor-0] WARN  server.GrpcLogAppender (LogUtils.java:warn(122)) - 243d07fb-de29-4324-a32b-24d5948493a7@group-9D155BEE1D9D->ca122d53-8fd1-4cec-b324-69d908933b08-AppendLogResponseHandler: Failed appendEntries: org.apache.ratis.thirdparty.io.grpc.StatusRuntimeException: UNAVAILABLE: io exception
2023-04-11 11:24:19,854 [grpc-default-executor-9] INFO  leader.FollowerInfo (FollowerInfoImpl.java:lambda$new$0(48)) - 243d07fb-de29-4324-a32b-24d5948493a7@group-9D155BEE1D9D->ca122d53-8fd1-4cec-b324-69d908933b08: nextIndex: updateUnconditionally 7 -> 6
2023-04-11 11:24:19,856 [grpc-default-executor-8] INFO  server.GrpcLogAppender (GrpcLogAppender.java:onCompleted(415)) - c75a143a-6faf-4f8e-9847-b3e7e26fc01f@group-7AFFC49C57B1->243d07fb-de29-4324-a32b-24d5948493a7-AppendLogResponseHandler: follower responses appendEntries COMPLETED
2023-04-11 11:24:19,856 [grpc-default-executor-8] WARN  server.GrpcLogAppender (GrpcLogAppender.java:resetClient(137)) - c75a143a-6faf-4f8e-9847-b3e7e26fc01f@group-7AFFC49C57B1->243d07fb-de29-4324-a32b-24d5948493a7-GrpcLogAppender: Failed to getClient for 243d07fb-de29-4324-a32b-24d5948493a7
org.apache.ratis.protocol.exceptions.AlreadyClosedException: c75a143a-6faf-4f8e-9847-b3e7e26fc01f is already CLOSED
	at org.apache.ratis.util.PeerProxyMap$PeerAndProxy.getProxy(PeerProxyMap.java:61)
	at org.apache.ratis.util.PeerProxyMap.getProxy(PeerProxyMap.java:115)
	at org.apache.ratis.grpc.server.GrpcLogAppender.getClient(GrpcLogAppender.java:116)
	at org.apache.ratis.grpc.server.GrpcLogAppender.resetClient(GrpcLogAppender.java:121)
	at org.apache.ratis.grpc.server.GrpcLogAppender.access$500(GrpcLogAppender.java:58)
	at org.apache.ratis.grpc.server.GrpcLogAppender$AppendLogResponseHandler.onCompleted(GrpcLogAppender.java:416)
	at org.apache.ratis.thirdparty.io.grpc.stub.ClientCalls$StreamObserverToCallListenerAdapter.onClose(ClientCalls.java:485)
	at org.apache.ratis.thirdparty.io.grpc.internal.DelayedClientCall$DelayedListener$3.run(DelayedClientCall.java:468)
	at org.apache.ratis.thirdparty.io.grpc.internal.DelayedClientCall$DelayedListener.delayOrExecute(DelayedClientCall.java:432)
	at org.apache.ratis.thirdparty.io.grpc.internal.DelayedClientCall$DelayedListener.onClose(DelayedClientCall.java:465)
	at org.apache.ratis.thirdparty.io.grpc.internal.ClientCallImpl.closeObserver(ClientCallImpl.java:562)
	at org.apache.ratis.thirdparty.io.grpc.internal.ClientCallImpl.access$300(ClientCallImpl.java:70)
	at org.apache.ratis.thirdparty.io.grpc.internal.ClientCallImpl$ClientStreamListenerImpl$1StreamClosed.runInternal(ClientCallImpl.java:743)
	at org.apache.ratis.thirdparty.io.grpc.internal.ClientCallImpl$ClientStreamListenerImpl$1StreamClosed.runInContext(ClientCallImpl.java:722)
	at org.apache.ratis.thirdparty.io.grpc.internal.ContextRunnable.run(ContextRunnable.java:37)
	at org.apache.ratis.thirdparty.io.grpc.internal.SerializingExecutor.run(SerializingExecutor.java:133)
	at java.util.concurrent.ThreadPoolExecutor.runWorker(ThreadPoolExecutor.java:1149)
	at java.util.concurrent.ThreadPoolExecutor$Worker.run(ThreadPoolExecutor.java:624)
	at java.lang.Thread.run(Thread.java:750)
2023-04-11 11:24:19,857 [grpc-default-executor-8] WARN  server.GrpcLogAppender (LogUtils.java:warn(122)) - 243d07fb-de29-4324-a32b-24d5948493a7@group-9D155BEE1D9D->c75a143a-6faf-4f8e-9847-b3e7e26fc01f-AppendLogResponseHandler: Failed appendEntries: org.apache.ratis.thirdparty.io.grpc.StatusRuntimeException: UNAVAILABLE: io exception
2023-04-11 11:24:19,857 [grpc-default-executor-8] INFO  leader.FollowerInfo (FollowerInfoImpl.java:lambda$new$0(48)) - 243d07fb-de29-4324-a32b-24d5948493a7@group-9D155BEE1D9D->c75a143a-6faf-4f8e-9847-b3e7e26fc01f: nextIndex: updateUnconditionally 6 -> 5
2023-04-11 11:24:19,858 [grpc-default-executor-0] INFO  leader.FollowerInfo (FollowerInfoImpl.java:lambda$new$0(48)) - 243d07fb-de29-4324-a32b-24d5948493a7@group-9D155BEE1D9D->ca122d53-8fd1-4cec-b324-69d908933b08: nextIndex: updateUnconditionally 6 -> 5
2023-04-11 11:24:19,860 [ForkJoinPool.commonPool-worker-1] INFO  server.GrpcService (GrpcService.java:closeImpl(280)) - c75a143a-6faf-4f8e-9847-b3e7e26fc01f: shutdown server GrpcServerProtocolService successfully
2023-04-11 11:24:19,861 [c75a143a-6faf-4f8e-9847-b3e7e26fc01f-NettyServerStreamRpc-bossGroup--thread1] INFO  logging.LoggingHandler (AbstractInternalLogger.java:log(148)) - [id: 0xb7a5a800, L:/0:0:0:0:0:0:0:0:34813] CLOSE
2023-04-11 11:24:19,861 [c75a143a-6faf-4f8e-9847-b3e7e26fc01f-NettyServerStreamRpc-bossGroup--thread1] INFO  logging.LoggingHandler (AbstractInternalLogger.java:log(148)) - [id: 0xb7a5a800, L:/0:0:0:0:0:0:0:0:34813] INACTIVE
2023-04-11 11:24:19,861 [c75a143a-6faf-4f8e-9847-b3e7e26fc01f-NettyServerStreamRpc-bossGroup--thread1] INFO  logging.LoggingHandler (AbstractInternalLogger.java:log(148)) - [id: 0xb7a5a800, L:/0:0:0:0:0:0:0:0:34813] UNREGISTERED
2023-04-11 11:24:19,865 [c75a143a-6faf-4f8e-9847-b3e7e26fc01f@group-4F0C056CB064-StateMachineUpdater] INFO  ratis.ContainerStateMachine (ContainerStateMachine.java:takeSnapshot(341)) - group-4F0C056CB064: Finished taking a snapshot at:(t:1, i:0) file:/home/runner/work/ozone/ozone/hadoop-ozone/integration-test/target/test-dir/MiniOzoneClusterImpl-9bce2823-b07a-4470-87a5-870b50b19846/datanode-1/data/ratis/d15c7985-e906-4bb9-9105-4f0c056cb064/sm/snapshot.1_0 took: 85 ms
2023-04-11 11:24:19,865 [ca122d53-8fd1-4cec-b324-69d908933b08@group-E6C880774131-StateMachineUpdater] INFO  ratis.ContainerStateMachine (ContainerStateMachine.java:takeSnapshot(341)) - group-E6C880774131: Finished taking a snapshot at:(t:1, i:0) file:/home/runner/work/ozone/ozone/hadoop-ozone/integration-test/target/test-dir/MiniOzoneClusterImpl-9bce2823-b07a-4470-87a5-870b50b19846/datanode-2/data/ratis/5ffc162c-4520-4174-9edf-e6c880774131/sm/snapshot.1_0 took: 69 ms
2023-04-11 11:24:19,866 [c75a143a-6faf-4f8e-9847-b3e7e26fc01f@group-4F0C056CB064-StateMachineUpdater] INFO  impl.StateMachineUpdater (StateMachineUpdater.java:takeSnapshot(287)) - c75a143a-6faf-4f8e-9847-b3e7e26fc01f@group-4F0C056CB064-StateMachineUpdater: Took a snapshot at index 0
2023-04-11 11:24:19,866 [ca122d53-8fd1-4cec-b324-69d908933b08@group-E6C880774131-StateMachineUpdater] INFO  impl.StateMachineUpdater (StateMachineUpdater.java:takeSnapshot(287)) - ca122d53-8fd1-4cec-b324-69d908933b08@group-E6C880774131-StateMachineUpdater: Took a snapshot at index 0
2023-04-11 11:24:19,867 [ca122d53-8fd1-4cec-b324-69d908933b08@group-E6C880774131-StateMachineUpdater] INFO  impl.StateMachineUpdater (StateMachineUpdater.java:lambda$new$0(92)) - ca122d53-8fd1-4cec-b324-69d908933b08@group-E6C880774131-StateMachineUpdater: snapshotIndex: updateIncreasingly -1 -> 0
2023-04-11 11:24:19,867 [ca122d53-8fd1-4cec-b324-69d908933b08@group-7AFFC49C57B1-StateMachineUpdater] INFO  ratis.ContainerStateMachine (ContainerStateMachine.java:takeSnapshot(341)) - group-7AFFC49C57B1: Finished taking a snapshot at:(t:1, i:22) file:/home/runner/work/ozone/ozone/hadoop-ozone/integration-test/target/test-dir/MiniOzoneClusterImpl-9bce2823-b07a-4470-87a5-870b50b19846/datanode-2/data/ratis/be83539e-4791-44fc-840f-7affc49c57b1/sm/snapshot.1_22 took: 80 ms
2023-04-11 11:24:19,867 [ca122d53-8fd1-4cec-b324-69d908933b08@group-7AFFC49C57B1-StateMachineUpdater] INFO  impl.StateMachineUpdater (StateMachineUpdater.java:takeSnapshot(287)) - ca122d53-8fd1-4cec-b324-69d908933b08@group-7AFFC49C57B1-StateMachineUpdater: Took a snapshot at index 22
2023-04-11 11:24:19,867 [ca122d53-8fd1-4cec-b324-69d908933b08@group-7AFFC49C57B1-StateMachineUpdater] INFO  impl.StateMachineUpdater (StateMachineUpdater.java:lambda$new$0(92)) - ca122d53-8fd1-4cec-b324-69d908933b08@group-7AFFC49C57B1-StateMachineUpdater: snapshotIndex: updateIncreasingly -1 -> 22
2023-04-11 11:24:19,866 [c75a143a-6faf-4f8e-9847-b3e7e26fc01f@group-4F0C056CB064-StateMachineUpdater] INFO  impl.StateMachineUpdater (StateMachineUpdater.java:lambda$new$0(92)) - c75a143a-6faf-4f8e-9847-b3e7e26fc01f@group-4F0C056CB064-StateMachineUpdater: snapshotIndex: updateIncreasingly -1 -> 0
2023-04-11 11:24:19,867 [c75a143a-6faf-4f8e-9847-b3e7e26fc01f@group-9D155BEE1D9D-StateMachineUpdater] INFO  ratis.ContainerStateMachine (ContainerStateMachine.java:takeSnapshot(341)) - group-9D155BEE1D9D: Finished taking a snapshot at:(t:1, i:7) file:/home/runner/work/ozone/ozone/hadoop-ozone/integration-test/target/test-dir/MiniOzoneClusterImpl-9bce2823-b07a-4470-87a5-870b50b19846/datanode-1/data/ratis/80057f08-6aec-4d77-88ef-9d155bee1d9d/sm/snapshot.1_7 took: 79 ms
2023-04-11 11:24:19,867 [c75a143a-6faf-4f8e-9847-b3e7e26fc01f@group-7AFFC49C57B1-StateMachineUpdater] INFO  ratis.ContainerStateMachine (ContainerStateMachine.java:takeSnapshot(341)) - group-7AFFC49C57B1: Finished taking a snapshot at:(t:1, i:22) file:/home/runner/work/ozone/ozone/hadoop-ozone/integration-test/target/test-dir/MiniOzoneClusterImpl-9bce2823-b07a-4470-87a5-870b50b19846/datanode-1/data/ratis/be83539e-4791-44fc-840f-7affc49c57b1/sm/snapshot.1_22 took: 50 ms
2023-04-11 11:24:19,867 [c75a143a-6faf-4f8e-9847-b3e7e26fc01f@group-7AFFC49C57B1-StateMachineUpdater] INFO  impl.StateMachineUpdater (StateMachineUpdater.java:takeSnapshot(287)) - c75a143a-6faf-4f8e-9847-b3e7e26fc01f@group-7AFFC49C57B1-StateMachineUpdater: Took a snapshot at index 22
2023-04-11 11:24:19,867 [c75a143a-6faf-4f8e-9847-b3e7e26fc01f@group-7AFFC49C57B1-StateMachineUpdater] INFO  impl.StateMachineUpdater (StateMachineUpdater.java:lambda$new$0(92)) - c75a143a-6faf-4f8e-9847-b3e7e26fc01f@group-7AFFC49C57B1-StateMachineUpdater: snapshotIndex: updateIncreasingly -1 -> 22
2023-04-11 11:24:19,868 [c75a143a-6faf-4f8e-9847-b3e7e26fc01f@group-9D155BEE1D9D-StateMachineUpdater] INFO  impl.StateMachineUpdater (StateMachineUpdater.java:takeSnapshot(287)) - c75a143a-6faf-4f8e-9847-b3e7e26fc01f@group-9D155BEE1D9D-StateMachineUpdater: Took a snapshot at index 7
2023-04-11 11:24:19,868 [c75a143a-6faf-4f8e-9847-b3e7e26fc01f@group-9D155BEE1D9D-StateMachineUpdater] INFO  impl.StateMachineUpdater (StateMachineUpdater.java:lambda$new$0(92)) - c75a143a-6faf-4f8e-9847-b3e7e26fc01f@group-9D155BEE1D9D-StateMachineUpdater: snapshotIndex: updateIncreasingly -1 -> 7
2023-04-11 11:24:19,873 [ca122d53-8fd1-4cec-b324-69d908933b08@group-9D155BEE1D9D-StateMachineUpdater] INFO  ratis.ContainerStateMachine (ContainerStateMachine.java:takeSnapshot(341)) - group-9D155BEE1D9D: Finished taking a snapshot at:(t:1, i:7) file:/home/runner/work/ozone/ozone/hadoop-ozone/integration-test/target/test-dir/MiniOzoneClusterImpl-9bce2823-b07a-4470-87a5-870b50b19846/datanode-2/data/ratis/80057f08-6aec-4d77-88ef-9d155bee1d9d/sm/snapshot.1_7 took: 84 ms
2023-04-11 11:24:19,873 [ca122d53-8fd1-4cec-b324-69d908933b08@group-9D155BEE1D9D-StateMachineUpdater] INFO  impl.StateMachineUpdater (StateMachineUpdater.java:takeSnapshot(287)) - ca122d53-8fd1-4cec-b324-69d908933b08@group-9D155BEE1D9D-StateMachineUpdater: Took a snapshot at index 7
2023-04-11 11:24:19,873 [ca122d53-8fd1-4cec-b324-69d908933b08@group-9D155BEE1D9D-StateMachineUpdater] INFO  impl.StateMachineUpdater (StateMachineUpdater.java:lambda$new$0(92)) - ca122d53-8fd1-4cec-b324-69d908933b08@group-9D155BEE1D9D-StateMachineUpdater: snapshotIndex: updateIncreasingly -1 -> 7
2023-04-11 11:24:19,876 [c75a143a-6faf-4f8e-9847-b3e7e26fc01f-impl-thread3] INFO  server.RaftServer$Division (ServerState.java:close(466)) - c75a143a-6faf-4f8e-9847-b3e7e26fc01f@group-7AFFC49C57B1: closes. applyIndex: 22
2023-04-11 11:24:19,876 [ca122d53-8fd1-4cec-b324-69d908933b08-impl-thread3] INFO  server.RaftServer$Division (ServerState.java:close(466)) - ca122d53-8fd1-4cec-b324-69d908933b08@group-7AFFC49C57B1: closes. applyIndex: 22
2023-04-11 11:24:19,876 [c75a143a-6faf-4f8e-9847-b3e7e26fc01f@group-7AFFC49C57B1-SegmentedRaftLogWorker] INFO  segmented.SegmentedRaftLogWorker (SegmentedRaftLogWorker.java:run(347)) - c75a143a-6faf-4f8e-9847-b3e7e26fc01f@group-7AFFC49C57B1-SegmentedRaftLogWorker was interrupted, exiting. There are 0 tasks remaining in the queue.
2023-04-11 11:24:19,876 [ca122d53-8fd1-4cec-b324-69d908933b08@group-7AFFC49C57B1-SegmentedRaftLogWorker] INFO  segmented.SegmentedRaftLogWorker (SegmentedRaftLogWorker.java:run(347)) - ca122d53-8fd1-4cec-b324-69d908933b08@group-7AFFC49C57B1-SegmentedRaftLogWorker was interrupted, exiting. There are 0 tasks remaining in the queue.
2023-04-11 11:24:19,878 [ca122d53-8fd1-4cec-b324-69d908933b08-impl-thread2] INFO  server.RaftServer$Division (ServerState.java:close(466)) - ca122d53-8fd1-4cec-b324-69d908933b08@group-E6C880774131: closes. applyIndex: 0
2023-04-11 11:24:19,878 [c75a143a-6faf-4f8e-9847-b3e7e26fc01f-impl-thread2] INFO  server.RaftServer$Division (ServerState.java:close(466)) - c75a143a-6faf-4f8e-9847-b3e7e26fc01f@group-4F0C056CB064: closes. applyIndex: 0
2023-04-11 11:24:19,878 [c75a143a-6faf-4f8e-9847-b3e7e26fc01f@group-4F0C056CB064-SegmentedRaftLogWorker] INFO  segmented.SegmentedRaftLogWorker (SegmentedRaftLogWorker.java:run(347)) - c75a143a-6faf-4f8e-9847-b3e7e26fc01f@group-4F0C056CB064-SegmentedRaftLogWorker was interrupted, exiting. There are 0 tasks remaining in the queue.
2023-04-11 11:24:19,881 [ca122d53-8fd1-4cec-b324-69d908933b08@group-E6C880774131-SegmentedRaftLogWorker] INFO  segmented.SegmentedRaftLogWorker (SegmentedRaftLogWorker.java:run(347)) - ca122d53-8fd1-4cec-b324-69d908933b08@group-E6C880774131-SegmentedRaftLogWorker was interrupted, exiting. There are 0 tasks remaining in the queue.
2023-04-11 11:24:19,881 [c75a143a-6faf-4f8e-9847-b3e7e26fc01f-impl-thread4] INFO  server.RaftServer$Division (ServerState.java:close(466)) - c75a143a-6faf-4f8e-9847-b3e7e26fc01f@group-9D155BEE1D9D: closes. applyIndex: 7
2023-04-11 11:24:19,882 [c75a143a-6faf-4f8e-9847-b3e7e26fc01f@group-9D155BEE1D9D-SegmentedRaftLogWorker] INFO  segmented.SegmentedRaftLogWorker (SegmentedRaftLogWorker.java:run(347)) - c75a143a-6faf-4f8e-9847-b3e7e26fc01f@group-9D155BEE1D9D-SegmentedRaftLogWorker was interrupted, exiting. There are 0 tasks remaining in the queue.
2023-04-11 11:24:19,883 [ca122d53-8fd1-4cec-b324-69d908933b08-impl-thread4] INFO  server.RaftServer$Division (ServerState.java:close(466)) - ca122d53-8fd1-4cec-b324-69d908933b08@group-9D155BEE1D9D: closes. applyIndex: 7
2023-04-11 11:24:19,883 [ca122d53-8fd1-4cec-b324-69d908933b08@group-9D155BEE1D9D-SegmentedRaftLogWorker] INFO  segmented.SegmentedRaftLogWorker (SegmentedRaftLogWorker.java:run(347)) - ca122d53-8fd1-4cec-b324-69d908933b08@group-9D155BEE1D9D-SegmentedRaftLogWorker was interrupted, exiting. There are 0 tasks remaining in the queue.
2023-04-11 11:24:19,886 [ca122d53-8fd1-4cec-b324-69d908933b08-impl-thread3] INFO  segmented.SegmentedRaftLogWorker (SegmentedRaftLogWorker.java:close(257)) - ca122d53-8fd1-4cec-b324-69d908933b08@group-7AFFC49C57B1-SegmentedRaftLogWorker close()
2023-04-11 11:24:19,888 [c75a143a-6faf-4f8e-9847-b3e7e26fc01f-impl-thread3] INFO  segmented.SegmentedRaftLogWorker (SegmentedRaftLogWorker.java:close(257)) - c75a143a-6faf-4f8e-9847-b3e7e26fc01f@group-7AFFC49C57B1-SegmentedRaftLogWorker close()
2023-04-11 11:24:19,889 [c75a143a-6faf-4f8e-9847-b3e7e26fc01f-impl-thread2] INFO  segmented.SegmentedRaftLogWorker (SegmentedRaftLogWorker.java:close(257)) - c75a143a-6faf-4f8e-9847-b3e7e26fc01f@group-4F0C056CB064-SegmentedRaftLogWorker close()
2023-04-11 11:24:19,889 [ca122d53-8fd1-4cec-b324-69d908933b08-impl-thread2] INFO  segmented.SegmentedRaftLogWorker (SegmentedRaftLogWorker.java:close(257)) - ca122d53-8fd1-4cec-b324-69d908933b08@group-E6C880774131-SegmentedRaftLogWorker close()
2023-04-11 11:24:19,889 [c75a143a-6faf-4f8e-9847-b3e7e26fc01f-impl-thread4] INFO  segmented.SegmentedRaftLogWorker (SegmentedRaftLogWorker.java:close(257)) - c75a143a-6faf-4f8e-9847-b3e7e26fc01f@group-9D155BEE1D9D-SegmentedRaftLogWorker close()
2023-04-11 11:24:19,889 [ca122d53-8fd1-4cec-b324-69d908933b08-impl-thread4] INFO  segmented.SegmentedRaftLogWorker (SegmentedRaftLogWorker.java:close(257)) - ca122d53-8fd1-4cec-b324-69d908933b08@group-9D155BEE1D9D-SegmentedRaftLogWorker close()
2023-04-11 11:24:19,892 [JvmPauseMonitor2] INFO  util.JvmPauseMonitor (JvmPauseMonitor.java:run(111)) - JvmPauseMonitor-c75a143a-6faf-4f8e-9847-b3e7e26fc01f: Stopped
2023-04-11 11:24:19,892 [JvmPauseMonitor3] INFO  util.JvmPauseMonitor (JvmPauseMonitor.java:run(111)) - JvmPauseMonitor-ca122d53-8fd1-4cec-b324-69d908933b08: Stopped
2023-04-11 11:24:20,244 [grpc-default-executor-8] WARN  server.GrpcLogAppender (LogUtils.java:warn(122)) - 243d07fb-de29-4324-a32b-24d5948493a7@group-9D155BEE1D9D->c75a143a-6faf-4f8e-9847-b3e7e26fc01f-AppendLogResponseHandler: Failed appendEntries: org.apache.ratis.thirdparty.io.grpc.StatusRuntimeException: UNAVAILABLE: io exception
2023-04-11 11:24:20,245 [grpc-default-executor-8] INFO  leader.FollowerInfo (FollowerInfoImpl.java:lambda$new$0(48)) - 243d07fb-de29-4324-a32b-24d5948493a7@group-9D155BEE1D9D->c75a143a-6faf-4f8e-9847-b3e7e26fc01f: nextIndex: updateUnconditionally 5 -> 4
2023-04-11 11:24:20,246 [grpc-default-executor-9] WARN  server.GrpcLogAppender (LogUtils.java:warn(122)) - 243d07fb-de29-4324-a32b-24d5948493a7@group-9D155BEE1D9D->c75a143a-6faf-4f8e-9847-b3e7e26fc01f-AppendLogResponseHandler: Failed appendEntries: org.apache.ratis.thirdparty.io.grpc.StatusRuntimeException: UNAVAILABLE: io exception
2023-04-11 11:24:20,244 [grpc-default-executor-6] WARN  server.GrpcLogAppender (LogUtils.java:warn(122)) - 243d07fb-de29-4324-a32b-24d5948493a7@group-9D155BEE1D9D->ca122d53-8fd1-4cec-b324-69d908933b08-AppendLogResponseHandler: Failed appendEntries: org.apache.ratis.thirdparty.io.grpc.StatusRuntimeException: UNAVAILABLE: io exception
2023-04-11 11:24:20,246 [grpc-default-executor-9] INFO  leader.FollowerInfo (FollowerInfoImpl.java:lambda$new$0(48)) - 243d07fb-de29-4324-a32b-24d5948493a7@group-9D155BEE1D9D->c75a143a-6faf-4f8e-9847-b3e7e26fc01f: nextIndex: updateUnconditionally 4 -> 3
2023-04-11 11:24:20,247 [grpc-default-executor-6] INFO  leader.FollowerInfo (FollowerInfoImpl.java:lambda$new$0(48)) - 243d07fb-de29-4324-a32b-24d5948493a7@group-9D155BEE1D9D->ca122d53-8fd1-4cec-b324-69d908933b08: nextIndex: updateUnconditionally 5 -> 4
2023-04-11 11:24:20,244 [grpc-default-executor-0] WARN  server.GrpcLogAppender (LogUtils.java:warn(122)) - 243d07fb-de29-4324-a32b-24d5948493a7@group-9D155BEE1D9D->ca122d53-8fd1-4cec-b324-69d908933b08-AppendLogResponseHandler: Failed appendEntries: org.apache.ratis.thirdparty.io.grpc.StatusRuntimeException: UNAVAILABLE: io exception
2023-04-11 11:24:20,247 [grpc-default-executor-0] INFO  leader.FollowerInfo (FollowerInfoImpl.java:lambda$new$0(48)) - 243d07fb-de29-4324-a32b-24d5948493a7@group-9D155BEE1D9D->ca122d53-8fd1-4cec-b324-69d908933b08: nextIndex: updateUnconditionally 4 -> 3
2023-04-11 11:24:20,255 [grpc-default-executor-0] WARN  server.GrpcLogAppender (LogUtils.java:warn(122)) - 243d07fb-de29-4324-a32b-24d5948493a7@group-9D155BEE1D9D->ca122d53-8fd1-4cec-b324-69d908933b08-AppendLogResponseHandler: Failed appendEntries: org.apache.ratis.thirdparty.io.grpc.StatusRuntimeException: UNAVAILABLE: io exception
2023-04-11 11:24:20,255 [grpc-default-executor-6] WARN  server.GrpcLogAppender (LogUtils.java:warn(122)) - 243d07fb-de29-4324-a32b-24d5948493a7@group-9D155BEE1D9D->ca122d53-8fd1-4cec-b324-69d908933b08-AppendLogResponseHandler: Failed appendEntries: org.apache.ratis.thirdparty.io.grpc.StatusRuntimeException: UNAVAILABLE: io exception
2023-04-11 11:24:20,256 [grpc-default-executor-0] INFO  leader.FollowerInfo (FollowerInfoImpl.java:lambda$new$0(48)) - 243d07fb-de29-4324-a32b-24d5948493a7@group-9D155BEE1D9D->ca122d53-8fd1-4cec-b324-69d908933b08: nextIndex: updateUnconditionally 4 -> 3
2023-04-11 11:24:20,257 [grpc-default-executor-6] INFO  leader.FollowerInfo (FollowerInfoImpl.java:lambda$new$0(48)) - 243d07fb-de29-4324-a32b-24d5948493a7@group-9D155BEE1D9D->ca122d53-8fd1-4cec-b324-69d908933b08: nextIndex: updateUnconditionally 3 -> 2
2023-04-11 11:24:20,258 [grpc-default-executor-9] WARN  server.GrpcLogAppender (LogUtils.java:warn(122)) - 243d07fb-de29-4324-a32b-24d5948493a7@group-9D155BEE1D9D->c75a143a-6faf-4f8e-9847-b3e7e26fc01f-AppendLogResponseHandler: Failed appendEntries: org.apache.ratis.thirdparty.io.grpc.StatusRuntimeException: UNAVAILABLE: io exception
2023-04-11 11:24:20,264 [grpc-default-executor-8] WARN  server.GrpcLogAppender (LogUtils.java:warn(122)) - 243d07fb-de29-4324-a32b-24d5948493a7@group-9D155BEE1D9D->c75a143a-6faf-4f8e-9847-b3e7e26fc01f-AppendLogResponseHandler: Failed appendEntries: org.apache.ratis.thirdparty.io.grpc.StatusRuntimeException: UNAVAILABLE: io exception
2023-04-11 11:24:20,264 [grpc-default-executor-9] INFO  leader.FollowerInfo (FollowerInfoImpl.java:lambda$new$0(48)) - 243d07fb-de29-4324-a32b-24d5948493a7@group-9D155BEE1D9D->c75a143a-6faf-4f8e-9847-b3e7e26fc01f: nextIndex: updateUnconditionally 4 -> 3
2023-04-11 11:24:20,265 [grpc-default-executor-8] INFO  leader.FollowerInfo (FollowerInfoImpl.java:lambda$new$0(48)) - 243d07fb-de29-4324-a32b-24d5948493a7@group-9D155BEE1D9D->c75a143a-6faf-4f8e-9847-b3e7e26fc01f: nextIndex: updateUnconditionally 3 -> 2
2023-04-11 11:24:21,495 [grpc-default-executor-8] WARN  server.GrpcLogAppender (LogUtils.java:warn(122)) - 243d07fb-de29-4324-a32b-24d5948493a7@group-9D155BEE1D9D->ca122d53-8fd1-4cec-b324-69d908933b08-AppendLogResponseHandler: Failed appendEntries: org.apache.ratis.thirdparty.io.grpc.StatusRuntimeException: UNAVAILABLE: io exception
2023-04-11 11:24:21,495 [grpc-default-executor-9] WARN  server.GrpcLogAppender (LogUtils.java:warn(122)) - 243d07fb-de29-4324-a32b-24d5948493a7@group-9D155BEE1D9D->ca122d53-8fd1-4cec-b324-69d908933b08-AppendLogResponseHandler: Failed appendEntries: org.apache.ratis.thirdparty.io.grpc.StatusRuntimeException: UNAVAILABLE: io exception
2023-04-11 11:24:21,497 [grpc-default-executor-6] WARN  server.GrpcLogAppender (LogUtils.java:warn(122)) - 243d07fb-de29-4324-a32b-24d5948493a7@group-9D155BEE1D9D->c75a143a-6faf-4f8e-9847-b3e7e26fc01f-AppendLogResponseHandler: Failed appendEntries: org.apache.ratis.thirdparty.io.grpc.StatusRuntimeException: UNAVAILABLE: io exception
2023-04-11 11:24:21,498 [grpc-default-executor-6] INFO  leader.FollowerInfo (FollowerInfoImpl.java:lambda$new$0(48)) - 243d07fb-de29-4324-a32b-24d5948493a7@group-9D155BEE1D9D->c75a143a-6faf-4f8e-9847-b3e7e26fc01f: nextIndex: updateUnconditionally 2 -> 1
2023-04-11 11:24:21,498 [grpc-default-executor-0] WARN  server.GrpcLogAppender (LogUtils.java:warn(122)) - 243d07fb-de29-4324-a32b-24d5948493a7@group-9D155BEE1D9D->c75a143a-6faf-4f8e-9847-b3e7e26fc01f-AppendLogResponseHandler: Failed appendEntries: org.apache.ratis.thirdparty.io.grpc.StatusRuntimeException: UNAVAILABLE: io exception
2023-04-11 11:24:21,499 [grpc-default-executor-0] INFO  leader.FollowerInfo (FollowerInfoImpl.java:lambda$new$0(48)) - 243d07fb-de29-4324-a32b-24d5948493a7@group-9D155BEE1D9D->c75a143a-6faf-4f8e-9847-b3e7e26fc01f: nextIndex: updateUnconditionally 1 -> 0
2023-04-11 11:24:21,499 [grpc-default-executor-8] INFO  leader.FollowerInfo (FollowerInfoImpl.java:lambda$new$0(48)) - 243d07fb-de29-4324-a32b-24d5948493a7@group-9D155BEE1D9D->ca122d53-8fd1-4cec-b324-69d908933b08: nextIndex: updateUnconditionally 2 -> 1
2023-04-11 11:24:21,500 [grpc-default-executor-9] INFO  leader.FollowerInfo (FollowerInfoImpl.java:lambda$new$0(48)) - 243d07fb-de29-4324-a32b-24d5948493a7@group-9D155BEE1D9D->ca122d53-8fd1-4cec-b324-69d908933b08: nextIndex: updateUnconditionally 1 -> 0
2023-04-11 11:24:21,505 [grpc-default-executor-8] WARN  server.GrpcLogAppender (LogUtils.java:warn(122)) - 243d07fb-de29-4324-a32b-24d5948493a7@group-9D155BEE1D9D->ca122d53-8fd1-4cec-b324-69d908933b08-AppendLogResponseHandler: Failed appendEntries: org.apache.ratis.thirdparty.io.grpc.StatusRuntimeException: UNAVAILABLE: io exception
2023-04-11 11:24:21,506 [grpc-default-executor-9] WARN  server.GrpcLogAppender (LogUtils.java:warn(122)) - 243d07fb-de29-4324-a32b-24d5948493a7@group-9D155BEE1D9D->ca122d53-8fd1-4cec-b324-69d908933b08-AppendLogResponseHandler: Failed appendEntries: org.apache.ratis.thirdparty.io.grpc.StatusRuntimeException: UNAVAILABLE: io exception
2023-04-11 11:24:21,506 [grpc-default-executor-0] WARN  server.GrpcLogAppender (LogUtils.java:warn(122)) - 243d07fb-de29-4324-a32b-24d5948493a7@group-9D155BEE1D9D->c75a143a-6faf-4f8e-9847-b3e7e26fc01f-AppendLogResponseHandler: Failed appendEntries: org.apache.ratis.thirdparty.io.grpc.StatusRuntimeException: UNAVAILABLE: io exception
2023-04-11 11:24:21,506 [grpc-default-executor-0] INFO  leader.FollowerInfo (FollowerInfoImpl.java:lambda$new$0(48)) - 243d07fb-de29-4324-a32b-24d5948493a7@group-9D155BEE1D9D->c75a143a-6faf-4f8e-9847-b3e7e26fc01f: nextIndex: updateUnconditionally 1 -> 0
2023-04-11 11:24:21,507 [grpc-default-executor-6] WARN  server.GrpcLogAppender (LogUtils.java:warn(122)) - 243d07fb-de29-4324-a32b-24d5948493a7@group-9D155BEE1D9D->c75a143a-6faf-4f8e-9847-b3e7e26fc01f-AppendLogResponseHandler: Failed appendEntries: org.apache.ratis.thirdparty.io.grpc.StatusRuntimeException: UNAVAILABLE: io exception
2023-04-11 11:24:21,507 [grpc-default-executor-6] INFO  leader.FollowerInfo (FollowerInfoImpl.java:lambda$new$0(48)) - 243d07fb-de29-4324-a32b-24d5948493a7@group-9D155BEE1D9D->c75a143a-6faf-4f8e-9847-b3e7e26fc01f: nextIndex: updateUnconditionally 0 -> 0
2023-04-11 11:24:21,507 [grpc-default-executor-8] INFO  leader.FollowerInfo (FollowerInfoImpl.java:lambda$new$0(48)) - 243d07fb-de29-4324-a32b-24d5948493a7@group-9D155BEE1D9D->ca122d53-8fd1-4cec-b324-69d908933b08: nextIndex: updateUnconditionally 1 -> 0
2023-04-11 11:24:21,507 [grpc-default-executor-9] INFO  leader.FollowerInfo (FollowerInfoImpl.java:lambda$new$0(48)) - 243d07fb-de29-4324-a32b-24d5948493a7@group-9D155BEE1D9D->ca122d53-8fd1-4cec-b324-69d908933b08: nextIndex: updateUnconditionally 0 -> 0
2023-04-11 11:24:21,928 [Listener at 127.0.0.1/36763] INFO  volume.HddsVolume (HddsVolume.java:closeDbStore(437)) - SchemaV3 db is stopped at /home/runner/work/ozone/ozone/hadoop-ozone/integration-test/target/test-dir/MiniOzoneClusterImpl-9bce2823-b07a-4470-87a5-870b50b19846/datanode-2/data-0/containers/hdds/9bce2823-b07a-4470-87a5-870b50b19846/DS-e5e93dc3-e542-4656-982d-fa01f39b4ba2/container.db for volume DS-e5e93dc3-e542-4656-982d-fa01f39b4ba2
2023-04-11 11:24:21,929 [Listener at 127.0.0.1/36763] INFO  utils.BackgroundService (BackgroundService.java:shutdown(141)) - Shutting down service BlockDeletingService
2023-04-11 11:24:21,930 [Listener at 127.0.0.1/36763] INFO  utils.BackgroundService (BackgroundService.java:shutdown(141)) - Shutting down service StaleRecoveringContainerScrubbingService
2023-04-11 11:24:21,933 [ForkJoinPool.commonPool-worker-1] INFO  volume.HddsVolume (HddsVolume.java:closeDbStore(437)) - SchemaV3 db is stopped at /home/runner/work/ozone/ozone/hadoop-ozone/integration-test/target/test-dir/MiniOzoneClusterImpl-9bce2823-b07a-4470-87a5-870b50b19846/datanode-1/data-0/containers/hdds/9bce2823-b07a-4470-87a5-870b50b19846/DS-a054a154-d2e6-44f2-8a10-43f42e63abdd/container.db for volume DS-a054a154-d2e6-44f2-8a10-43f42e63abdd
2023-04-11 11:24:21,933 [ForkJoinPool.commonPool-worker-1] INFO  utils.BackgroundService (BackgroundService.java:shutdown(141)) - Shutting down service BlockDeletingService
2023-04-11 11:24:21,935 [Listener at 127.0.0.1/36763] INFO  statemachine.DatanodeStateMachine (DatanodeStateMachine.java:stopDaemon(601)) - Ozone container server stopped.
2023-04-11 11:24:21,943 [ForkJoinPool.commonPool-worker-1] INFO  utils.BackgroundService (BackgroundService.java:shutdown(141)) - Shutting down service StaleRecoveringContainerScrubbingService
2023-04-11 11:24:21,949 [ForkJoinPool.commonPool-worker-1] INFO  statemachine.DatanodeStateMachine (DatanodeStateMachine.java:stopDaemon(601)) - Ozone container server stopped.
2023-04-11 11:24:21,954 [Listener at 127.0.0.1/36763] INFO  handler.ContextHandler (ContextHandler.java:doStop(1159)) - Stopped o.e.j.w.WebAppContext@6c3529ed{hddsDatanode,/,null,STOPPED}{jar:file:/home/runner/.m2/repository/org/apache/ozone/hdds-container-service/1.4.0-SNAPSHOT/hdds-container-service-1.4.0-SNAPSHOT.jar!/webapps/hddsDatanode}
2023-04-11 11:24:21,955 [Listener at 127.0.0.1/36763] INFO  server.AbstractConnector (AbstractConnector.java:doStop(383)) - Stopped ServerConnector@363bd52e{HTTP/1.1, (http/1.1)}{0.0.0.0:0}
2023-04-11 11:24:21,955 [Listener at 127.0.0.1/36763] INFO  server.session (HouseKeeper.java:stopScavenging(149)) - node0 Stopped scavenging
2023-04-11 11:24:21,955 [Listener at 127.0.0.1/36763] INFO  handler.ContextHandler (ContextHandler.java:doStop(1159)) - Stopped o.e.j.s.ServletContextHandler@de3cdeb{static,/static,jar:file:/home/runner/.m2/repository/org/apache/ozone/hdds-container-service/1.4.0-SNAPSHOT/hdds-container-service-1.4.0-SNAPSHOT.jar!/webapps/static,STOPPED}
2023-04-11 11:24:21,956 [Listener at 127.0.0.1/36763] INFO  handler.ContextHandler (ContextHandler.java:doStop(1159)) - Stopped o.e.j.s.ServletContextHandler@31bd4a6c{logs,/logs,file:///home/runner/work/ozone/ozone/hadoop-ozone/integration-test/target/log,STOPPED}
2023-04-11 11:24:21,964 [Listener at 127.0.0.1/36763] INFO  ozoneimpl.OzoneContainer (OzoneContainer.java:stop(419)) - Attempting to stop container services.
2023-04-11 11:24:21,964 [Listener at 127.0.0.1/36763] INFO  server.RaftServer (RaftServerProxy.java:lambda$close$6(409)) - 977ecd76-07f1-4d4a-bcc7-583ed48225e4: close
2023-04-11 11:24:21,965 [Listener at 127.0.0.1/36763] INFO  server.GrpcService (GrpcService.java:closeImpl(271)) - 977ecd76-07f1-4d4a-bcc7-583ed48225e4: shutdown server GrpcServerProtocolService now
2023-04-11 11:24:21,965 [Listener at 127.0.0.1/36763] INFO  server.GrpcService (GrpcService.java:closeImpl(280)) - 977ecd76-07f1-4d4a-bcc7-583ed48225e4: shutdown server GrpcServerProtocolService successfully
2023-04-11 11:24:21,965 [977ecd76-07f1-4d4a-bcc7-583ed48225e4-NettyServerStreamRpc-bossGroup--thread1] INFO  logging.LoggingHandler (AbstractInternalLogger.java:log(148)) - [id: 0xd61fa61d, L:/0:0:0:0:0:0:0:0:34851] CLOSE
2023-04-11 11:24:21,965 [977ecd76-07f1-4d4a-bcc7-583ed48225e4-NettyServerStreamRpc-bossGroup--thread1] INFO  logging.LoggingHandler (AbstractInternalLogger.java:log(148)) - [id: 0xd61fa61d, L:/0:0:0:0:0:0:0:0:34851] INACTIVE
2023-04-11 11:24:21,965 [977ecd76-07f1-4d4a-bcc7-583ed48225e4-NettyServerStreamRpc-bossGroup--thread1] INFO  logging.LoggingHandler (AbstractInternalLogger.java:log(148)) - [id: 0xd61fa61d, L:/0:0:0:0:0:0:0:0:34851] UNREGISTERED
2023-04-11 11:24:21,966 [977ecd76-07f1-4d4a-bcc7-583ed48225e4-impl-thread2] INFO  server.RaftServer$Division (RaftServerImpl.java:lambda$close$4(458)) - 977ecd76-07f1-4d4a-bcc7-583ed48225e4@group-697C47503325: shutdown
2023-04-11 11:24:21,966 [977ecd76-07f1-4d4a-bcc7-583ed48225e4-impl-thread2] INFO  util.JmxRegister (JmxRegister.java:unregister(73)) - Successfully un-registered JMX Bean with object name Ratis:service=RaftServer,group=group-697C47503325,id=977ecd76-07f1-4d4a-bcc7-583ed48225e4
2023-04-11 11:24:21,966 [977ecd76-07f1-4d4a-bcc7-583ed48225e4-impl-thread2] INFO  impl.RoleInfo (RoleInfo.java:shutdownLeaderState(93)) - 977ecd76-07f1-4d4a-bcc7-583ed48225e4: shutdown 977ecd76-07f1-4d4a-bcc7-583ed48225e4@group-697C47503325-LeaderStateImpl
2023-04-11 11:24:21,966 [977ecd76-07f1-4d4a-bcc7-583ed48225e4-impl-thread2] INFO  impl.PendingRequests (PendingRequests.java:sendNotLeaderResponses(282)) - 977ecd76-07f1-4d4a-bcc7-583ed48225e4@group-697C47503325-PendingRequests: sendNotLeaderResponses
2023-04-11 11:24:21,966 [977ecd76-07f1-4d4a-bcc7-583ed48225e4-impl-thread2] INFO  impl.StateMachineUpdater (StateMachineUpdater.java:stopAndJoin(153)) - 977ecd76-07f1-4d4a-bcc7-583ed48225e4@group-697C47503325-StateMachineUpdater: set stopIndex = 0
2023-04-11 11:24:21,967 [977ecd76-07f1-4d4a-bcc7-583ed48225e4@group-697C47503325-StateMachineUpdater] INFO  ratis.ContainerStateMachine (ContainerStateMachine.java:takeSnapshot(330)) - group-697C47503325: Taking a snapshot at:(t:1, i:0) file /home/runner/work/ozone/ozone/hadoop-ozone/integration-test/target/test-dir/MiniOzoneClusterImpl-9bce2823-b07a-4470-87a5-870b50b19846/datanode-4/data/ratis/c9a9fcd4-9cee-46f9-99db-697c47503325/sm/snapshot.1_0
2023-04-11 11:24:21,969 [977ecd76-07f1-4d4a-bcc7-583ed48225e4@group-697C47503325-StateMachineUpdater] INFO  ratis.ContainerStateMachine (ContainerStateMachine.java:takeSnapshot(341)) - group-697C47503325: Finished taking a snapshot at:(t:1, i:0) file:/home/runner/work/ozone/ozone/hadoop-ozone/integration-test/target/test-dir/MiniOzoneClusterImpl-9bce2823-b07a-4470-87a5-870b50b19846/datanode-4/data/ratis/c9a9fcd4-9cee-46f9-99db-697c47503325/sm/snapshot.1_0 took: 2 ms
2023-04-11 11:24:21,969 [977ecd76-07f1-4d4a-bcc7-583ed48225e4@group-697C47503325-StateMachineUpdater] INFO  impl.StateMachineUpdater (StateMachineUpdater.java:takeSnapshot(287)) - 977ecd76-07f1-4d4a-bcc7-583ed48225e4@group-697C47503325-StateMachineUpdater: Took a snapshot at index 0
2023-04-11 11:24:21,970 [977ecd76-07f1-4d4a-bcc7-583ed48225e4@group-697C47503325-StateMachineUpdater] INFO  impl.StateMachineUpdater (StateMachineUpdater.java:lambda$new$0(92)) - 977ecd76-07f1-4d4a-bcc7-583ed48225e4@group-697C47503325-StateMachineUpdater: snapshotIndex: updateIncreasingly -1 -> 0
2023-04-11 11:24:21,970 [977ecd76-07f1-4d4a-bcc7-583ed48225e4-impl-thread2] INFO  server.RaftServer$Division (ServerState.java:close(466)) - 977ecd76-07f1-4d4a-bcc7-583ed48225e4@group-697C47503325: closes. applyIndex: 0
2023-04-11 11:24:21,974 [977ecd76-07f1-4d4a-bcc7-583ed48225e4@group-697C47503325-SegmentedRaftLogWorker] INFO  segmented.SegmentedRaftLogWorker (SegmentedRaftLogWorker.java:run(347)) - 977ecd76-07f1-4d4a-bcc7-583ed48225e4@group-697C47503325-SegmentedRaftLogWorker was interrupted, exiting. There are 0 tasks remaining in the queue.
2023-04-11 11:24:21,976 [977ecd76-07f1-4d4a-bcc7-583ed48225e4-impl-thread2] INFO  segmented.SegmentedRaftLogWorker (SegmentedRaftLogWorker.java:close(257)) - 977ecd76-07f1-4d4a-bcc7-583ed48225e4@group-697C47503325-SegmentedRaftLogWorker close()
2023-04-11 11:24:21,982 [ForkJoinPool.commonPool-worker-1] INFO  handler.ContextHandler (ContextHandler.java:doStop(1159)) - Stopped o.e.j.w.WebAppContext@36cd8553{hddsDatanode,/,null,STOPPED}{jar:file:/home/runner/.m2/repository/org/apache/ozone/hdds-container-service/1.4.0-SNAPSHOT/hdds-container-service-1.4.0-SNAPSHOT.jar!/webapps/hddsDatanode}
2023-04-11 11:24:21,984 [ForkJoinPool.commonPool-worker-1] INFO  server.AbstractConnector (AbstractConnector.java:doStop(383)) - Stopped ServerConnector@5434c18d{HTTP/1.1, (http/1.1)}{0.0.0.0:0}
2023-04-11 11:24:21,985 [JvmPauseMonitor5] INFO  util.JvmPauseMonitor (JvmPauseMonitor.java:run(111)) - JvmPauseMonitor-977ecd76-07f1-4d4a-bcc7-583ed48225e4: Stopped
2023-04-11 11:24:21,985 [ForkJoinPool.commonPool-worker-1] INFO  server.session (HouseKeeper.java:stopScavenging(149)) - node0 Stopped scavenging
2023-04-11 11:24:21,988 [ForkJoinPool.commonPool-worker-1] INFO  handler.ContextHandler (ContextHandler.java:doStop(1159)) - Stopped o.e.j.s.ServletContextHandler@7f4e26a3{static,/static,jar:file:/home/runner/.m2/repository/org/apache/ozone/hdds-container-service/1.4.0-SNAPSHOT/hdds-container-service-1.4.0-SNAPSHOT.jar!/webapps/static,STOPPED}
2023-04-11 11:24:21,989 [ForkJoinPool.commonPool-worker-1] INFO  handler.ContextHandler (ContextHandler.java:doStop(1159)) - Stopped o.e.j.s.ServletContextHandler@5b0ed695{logs,/logs,file:///home/runner/work/ozone/ozone/hadoop-ozone/integration-test/target/log,STOPPED}
2023-04-11 11:24:21,998 [ForkJoinPool.commonPool-worker-1] INFO  ozoneimpl.OzoneContainer (OzoneContainer.java:stop(419)) - Attempting to stop container services.
2023-04-11 11:24:21,999 [ForkJoinPool.commonPool-worker-1] INFO  server.RaftServer (RaftServerProxy.java:lambda$close$6(409)) - 243d07fb-de29-4324-a32b-24d5948493a7: close
2023-04-11 11:24:22,000 [243d07fb-de29-4324-a32b-24d5948493a7-impl-thread2] INFO  server.RaftServer$Division (RaftServerImpl.java:lambda$close$4(458)) - 243d07fb-de29-4324-a32b-24d5948493a7@group-394E36F022E0: shutdown
2023-04-11 11:24:22,000 [243d07fb-de29-4324-a32b-24d5948493a7-impl-thread2] INFO  util.JmxRegister (JmxRegister.java:unregister(73)) - Successfully un-registered JMX Bean with object name Ratis:service=RaftServer,group=group-394E36F022E0,id=243d07fb-de29-4324-a32b-24d5948493a7
2023-04-11 11:24:22,000 [243d07fb-de29-4324-a32b-24d5948493a7-impl-thread2] INFO  impl.RoleInfo (RoleInfo.java:shutdownLeaderState(93)) - 243d07fb-de29-4324-a32b-24d5948493a7: shutdown 243d07fb-de29-4324-a32b-24d5948493a7@group-394E36F022E0-LeaderStateImpl
2023-04-11 11:24:22,000 [243d07fb-de29-4324-a32b-24d5948493a7-impl-thread2] INFO  impl.PendingRequests (PendingRequests.java:sendNotLeaderResponses(282)) - 243d07fb-de29-4324-a32b-24d5948493a7@group-394E36F022E0-PendingRequests: sendNotLeaderResponses
2023-04-11 11:24:22,000 [243d07fb-de29-4324-a32b-24d5948493a7-impl-thread2] INFO  impl.StateMachineUpdater (StateMachineUpdater.java:stopAndJoin(153)) - 243d07fb-de29-4324-a32b-24d5948493a7@group-394E36F022E0-StateMachineUpdater: set stopIndex = 0
2023-04-11 11:24:22,000 [243d07fb-de29-4324-a32b-24d5948493a7@group-394E36F022E0-StateMachineUpdater] INFO  ratis.ContainerStateMachine (ContainerStateMachine.java:takeSnapshot(330)) - group-394E36F022E0: Taking a snapshot at:(t:1, i:0) file /home/runner/work/ozone/ozone/hadoop-ozone/integration-test/target/test-dir/MiniOzoneClusterImpl-9bce2823-b07a-4470-87a5-870b50b19846/datanode-0/data/ratis/a003b3f7-b699-4489-b40e-394e36f022e0/sm/snapshot.1_0
2023-04-11 11:24:22,001 [ForkJoinPool.commonPool-worker-1] INFO  server.GrpcService (GrpcService.java:closeImpl(271)) - 243d07fb-de29-4324-a32b-24d5948493a7: shutdown server GrpcServerProtocolService now
2023-04-11 11:24:22,001 [243d07fb-de29-4324-a32b-24d5948493a7-impl-thread3] INFO  server.RaftServer$Division (RaftServerImpl.java:lambda$close$4(458)) - 243d07fb-de29-4324-a32b-24d5948493a7@group-7AFFC49C57B1: shutdown
2023-04-11 11:24:22,007 [243d07fb-de29-4324-a32b-24d5948493a7-impl-thread3] INFO  util.JmxRegister (JmxRegister.java:unregister(73)) - Successfully un-registered JMX Bean with object name Ratis:service=RaftServer,group=group-7AFFC49C57B1,id=243d07fb-de29-4324-a32b-24d5948493a7
2023-04-11 11:24:22,007 [243d07fb-de29-4324-a32b-24d5948493a7-impl-thread3] INFO  impl.RoleInfo (RoleInfo.java:shutdownFollowerState(110)) - 243d07fb-de29-4324-a32b-24d5948493a7: shutdown 243d07fb-de29-4324-a32b-24d5948493a7@group-7AFFC49C57B1-FollowerState
2023-04-11 11:24:22,007 [243d07fb-de29-4324-a32b-24d5948493a7-impl-thread3] INFO  impl.StateMachineUpdater (StateMachineUpdater.java:stopAndJoin(153)) - 243d07fb-de29-4324-a32b-24d5948493a7@group-7AFFC49C57B1-StateMachineUpdater: set stopIndex = 22
2023-04-11 11:24:22,008 [243d07fb-de29-4324-a32b-24d5948493a7@group-7AFFC49C57B1-FollowerState] INFO  impl.FollowerState (FollowerState.java:run(152)) - 243d07fb-de29-4324-a32b-24d5948493a7@group-7AFFC49C57B1-FollowerState was interrupted
2023-04-11 11:24:22,009 [243d07fb-de29-4324-a32b-24d5948493a7@group-7AFFC49C57B1-StateMachineUpdater] INFO  ratis.ContainerStateMachine (ContainerStateMachine.java:takeSnapshot(330)) - group-7AFFC49C57B1: Taking a snapshot at:(t:1, i:22) file /home/runner/work/ozone/ozone/hadoop-ozone/integration-test/target/test-dir/MiniOzoneClusterImpl-9bce2823-b07a-4470-87a5-870b50b19846/datanode-0/data/ratis/be83539e-4791-44fc-840f-7affc49c57b1/sm/snapshot.1_22
2023-04-11 11:24:22,006 [ForkJoinPool.commonPool-worker-1] INFO  server.GrpcServerProtocolClient (GrpcServerProtocolClient.java:close(101)) - ca122d53-8fd1-4cec-b324-69d908933b08 Close channels
2023-04-11 11:24:22,002 [243d07fb-de29-4324-a32b-24d5948493a7-impl-thread4] INFO  server.RaftServer$Division (RaftServerImpl.java:lambda$close$4(458)) - 243d07fb-de29-4324-a32b-24d5948493a7@group-9D155BEE1D9D: shutdown
2023-04-11 11:24:22,001 [243d07fb-de29-4324-a32b-24d5948493a7@group-394E36F022E0-StateMachineUpdater] INFO  ratis.ContainerStateMachine (ContainerStateMachine.java:takeSnapshot(341)) - group-394E36F022E0: Finished taking a snapshot at:(t:1, i:0) file:/home/runner/work/ozone/ozone/hadoop-ozone/integration-test/target/test-dir/MiniOzoneClusterImpl-9bce2823-b07a-4470-87a5-870b50b19846/datanode-0/data/ratis/a003b3f7-b699-4489-b40e-394e36f022e0/sm/snapshot.1_0 took: 1 ms
2023-04-11 11:24:22,009 [243d07fb-de29-4324-a32b-24d5948493a7@group-394E36F022E0-StateMachineUpdater] INFO  impl.StateMachineUpdater (StateMachineUpdater.java:takeSnapshot(287)) - 243d07fb-de29-4324-a32b-24d5948493a7@group-394E36F022E0-StateMachineUpdater: Took a snapshot at index 0
2023-04-11 11:24:22,009 [243d07fb-de29-4324-a32b-24d5948493a7@group-394E36F022E0-StateMachineUpdater] INFO  impl.StateMachineUpdater (StateMachineUpdater.java:lambda$new$0(92)) - 243d07fb-de29-4324-a32b-24d5948493a7@group-394E36F022E0-StateMachineUpdater: snapshotIndex: updateIncreasingly -1 -> 0
2023-04-11 11:24:22,010 [243d07fb-de29-4324-a32b-24d5948493a7-impl-thread4] INFO  util.JmxRegister (JmxRegister.java:unregister(73)) - Successfully un-registered JMX Bean with object name Ratis:service=RaftServer,group=group-9D155BEE1D9D,id=243d07fb-de29-4324-a32b-24d5948493a7
2023-04-11 11:24:22,010 [243d07fb-de29-4324-a32b-24d5948493a7-impl-thread4] INFO  impl.RoleInfo (RoleInfo.java:shutdownLeaderState(93)) - 243d07fb-de29-4324-a32b-24d5948493a7: shutdown 243d07fb-de29-4324-a32b-24d5948493a7@group-9D155BEE1D9D-LeaderStateImpl
2023-04-11 11:24:22,010 [243d07fb-de29-4324-a32b-24d5948493a7-impl-thread4] INFO  impl.PendingRequests (PendingRequests.java:sendNotLeaderResponses(282)) - 243d07fb-de29-4324-a32b-24d5948493a7@group-9D155BEE1D9D-PendingRequests: sendNotLeaderResponses
2023-04-11 11:24:22,011 [243d07fb-de29-4324-a32b-24d5948493a7@group-9D155BEE1D9D->ca122d53-8fd1-4cec-b324-69d908933b08-GrpcLogAppender-LogAppenderDaemon] WARN  server.GrpcLogAppender (GrpcLogAppender.java:mayWait(200)) - 243d07fb-de29-4324-a32b-24d5948493a7@group-9D155BEE1D9D->ca122d53-8fd1-4cec-b324-69d908933b08-GrpcLogAppender: Wait interrupted by java.lang.InterruptedException
2023-04-11 11:24:22,011 [243d07fb-de29-4324-a32b-24d5948493a7@group-9D155BEE1D9D->c75a143a-6faf-4f8e-9847-b3e7e26fc01f-GrpcLogAppender-LogAppenderDaemon] WARN  server.GrpcLogAppender (GrpcLogAppender.java:mayWait(200)) - 243d07fb-de29-4324-a32b-24d5948493a7@group-9D155BEE1D9D->c75a143a-6faf-4f8e-9847-b3e7e26fc01f-GrpcLogAppender: Wait interrupted by java.lang.InterruptedException
2023-04-11 11:24:22,011 [243d07fb-de29-4324-a32b-24d5948493a7-impl-thread2] INFO  server.RaftServer$Division (ServerState.java:close(466)) - 243d07fb-de29-4324-a32b-24d5948493a7@group-394E36F022E0: closes. applyIndex: 0
2023-04-11 11:24:22,011 [243d07fb-de29-4324-a32b-24d5948493a7@group-394E36F022E0-SegmentedRaftLogWorker] INFO  segmented.SegmentedRaftLogWorker (SegmentedRaftLogWorker.java:run(347)) - 243d07fb-de29-4324-a32b-24d5948493a7@group-394E36F022E0-SegmentedRaftLogWorker was interrupted, exiting. There are 0 tasks remaining in the queue.
2023-04-11 11:24:22,012 [243d07fb-de29-4324-a32b-24d5948493a7-impl-thread2] INFO  segmented.SegmentedRaftLogWorker (SegmentedRaftLogWorker.java:close(257)) - 243d07fb-de29-4324-a32b-24d5948493a7@group-394E36F022E0-SegmentedRaftLogWorker close()
2023-04-11 11:24:22,007 [grpc-default-executor-6] WARN  server.GrpcClientProtocolService (LogUtils.java:warn(122)) - 0-OrderedRequestStreamObserver0: onError: org.apache.ratis.thirdparty.io.grpc.StatusRuntimeException: CANCELLED: client cancelled
2023-04-11 11:24:22,013 [243d07fb-de29-4324-a32b-24d5948493a7@group-7AFFC49C57B1-StateMachineUpdater] INFO  ratis.ContainerStateMachine (ContainerStateMachine.java:takeSnapshot(341)) - group-7AFFC49C57B1: Finished taking a snapshot at:(t:1, i:22) file:/home/runner/work/ozone/ozone/hadoop-ozone/integration-test/target/test-dir/MiniOzoneClusterImpl-9bce2823-b07a-4470-87a5-870b50b19846/datanode-0/data/ratis/be83539e-4791-44fc-840f-7affc49c57b1/sm/snapshot.1_22 took: 3 ms
2023-04-11 11:24:22,013 [243d07fb-de29-4324-a32b-24d5948493a7@group-7AFFC49C57B1-StateMachineUpdater] INFO  impl.StateMachineUpdater (StateMachineUpdater.java:takeSnapshot(287)) - 243d07fb-de29-4324-a32b-24d5948493a7@group-7AFFC49C57B1-StateMachineUpdater: Took a snapshot at index 22
2023-04-11 11:24:22,013 [243d07fb-de29-4324-a32b-24d5948493a7@group-7AFFC49C57B1-StateMachineUpdater] INFO  impl.StateMachineUpdater (StateMachineUpdater.java:lambda$new$0(92)) - 243d07fb-de29-4324-a32b-24d5948493a7@group-7AFFC49C57B1-StateMachineUpdater: snapshotIndex: updateIncreasingly -1 -> 22
2023-04-11 11:24:22,013 [ForkJoinPool.commonPool-worker-1] INFO  server.GrpcServerProtocolClient (GrpcServerProtocolClient.java:close(101)) - c75a143a-6faf-4f8e-9847-b3e7e26fc01f Close channels
2023-04-11 11:24:22,014 [243d07fb-de29-4324-a32b-24d5948493a7-impl-thread3] INFO  server.RaftServer$Division (ServerState.java:close(466)) - 243d07fb-de29-4324-a32b-24d5948493a7@group-7AFFC49C57B1: closes. applyIndex: 22
2023-04-11 11:24:22,014 [243d07fb-de29-4324-a32b-24d5948493a7@group-7AFFC49C57B1-SegmentedRaftLogWorker] INFO  segmented.SegmentedRaftLogWorker (SegmentedRaftLogWorker.java:run(347)) - 243d07fb-de29-4324-a32b-24d5948493a7@group-7AFFC49C57B1-SegmentedRaftLogWorker was interrupted, exiting. There are 0 tasks remaining in the queue.
2023-04-11 11:24:22,014 [243d07fb-de29-4324-a32b-24d5948493a7-impl-thread3] INFO  segmented.SegmentedRaftLogWorker (SegmentedRaftLogWorker.java:close(257)) - 243d07fb-de29-4324-a32b-24d5948493a7@group-7AFFC49C57B1-SegmentedRaftLogWorker close()
2023-04-11 11:24:22,014 [ForkJoinPool.commonPool-worker-1] INFO  server.GrpcService (GrpcService.java:closeImpl(280)) - 243d07fb-de29-4324-a32b-24d5948493a7: shutdown server GrpcServerProtocolService successfully
2023-04-11 11:24:22,014 [243d07fb-de29-4324-a32b-24d5948493a7-NettyServerStreamRpc-bossGroup--thread1] INFO  logging.LoggingHandler (AbstractInternalLogger.java:log(148)) - [id: 0x674eb3f7, L:/0:0:0:0:0:0:0:0:37595] CLOSE
2023-04-11 11:24:22,014 [243d07fb-de29-4324-a32b-24d5948493a7-NettyServerStreamRpc-bossGroup--thread1] INFO  logging.LoggingHandler (AbstractInternalLogger.java:log(148)) - [id: 0x674eb3f7, L:/0:0:0:0:0:0:0:0:37595] INACTIVE
2023-04-11 11:24:22,014 [243d07fb-de29-4324-a32b-24d5948493a7-NettyServerStreamRpc-bossGroup--thread1] INFO  logging.LoggingHandler (AbstractInternalLogger.java:log(148)) - [id: 0x674eb3f7, L:/0:0:0:0:0:0:0:0:37595] UNREGISTERED
2023-04-11 11:24:22,029 [243d07fb-de29-4324-a32b-24d5948493a7-impl-thread4] INFO  impl.StateMachineUpdater (StateMachineUpdater.java:stopAndJoin(153)) - 243d07fb-de29-4324-a32b-24d5948493a7@group-9D155BEE1D9D-StateMachineUpdater: set stopIndex = 7
2023-04-11 11:24:22,030 [243d07fb-de29-4324-a32b-24d5948493a7@group-9D155BEE1D9D-StateMachineUpdater] INFO  ratis.ContainerStateMachine (ContainerStateMachine.java:takeSnapshot(330)) - group-9D155BEE1D9D: Taking a snapshot at:(t:1, i:7) file /home/runner/work/ozone/ozone/hadoop-ozone/integration-test/target/test-dir/MiniOzoneClusterImpl-9bce2823-b07a-4470-87a5-870b50b19846/datanode-0/data/ratis/80057f08-6aec-4d77-88ef-9d155bee1d9d/sm/snapshot.1_7
2023-04-11 11:24:22,031 [243d07fb-de29-4324-a32b-24d5948493a7@group-9D155BEE1D9D-StateMachineUpdater] INFO  ratis.ContainerStateMachine (ContainerStateMachine.java:takeSnapshot(341)) - group-9D155BEE1D9D: Finished taking a snapshot at:(t:1, i:7) file:/home/runner/work/ozone/ozone/hadoop-ozone/integration-test/target/test-dir/MiniOzoneClusterImpl-9bce2823-b07a-4470-87a5-870b50b19846/datanode-0/data/ratis/80057f08-6aec-4d77-88ef-9d155bee1d9d/sm/snapshot.1_7 took: 1 ms
2023-04-11 11:24:22,031 [243d07fb-de29-4324-a32b-24d5948493a7@group-9D155BEE1D9D-StateMachineUpdater] INFO  impl.StateMachineUpdater (StateMachineUpdater.java:takeSnapshot(287)) - 243d07fb-de29-4324-a32b-24d5948493a7@group-9D155BEE1D9D-StateMachineUpdater: Took a snapshot at index 7
2023-04-11 11:24:22,031 [243d07fb-de29-4324-a32b-24d5948493a7@group-9D155BEE1D9D-StateMachineUpdater] INFO  impl.StateMachineUpdater (StateMachineUpdater.java:lambda$new$0(92)) - 243d07fb-de29-4324-a32b-24d5948493a7@group-9D155BEE1D9D-StateMachineUpdater: snapshotIndex: updateIncreasingly -1 -> 7
2023-04-11 11:24:22,034 [243d07fb-de29-4324-a32b-24d5948493a7-impl-thread4] INFO  server.RaftServer$Division (ServerState.java:close(466)) - 243d07fb-de29-4324-a32b-24d5948493a7@group-9D155BEE1D9D: closes. applyIndex: 7
2023-04-11 11:24:22,034 [243d07fb-de29-4324-a32b-24d5948493a7@group-9D155BEE1D9D-SegmentedRaftLogWorker] INFO  segmented.SegmentedRaftLogWorker (SegmentedRaftLogWorker.java:run(347)) - 243d07fb-de29-4324-a32b-24d5948493a7@group-9D155BEE1D9D-SegmentedRaftLogWorker was interrupted, exiting. There are 0 tasks remaining in the queue.
2023-04-11 11:24:22,035 [243d07fb-de29-4324-a32b-24d5948493a7-impl-thread4] INFO  segmented.SegmentedRaftLogWorker (SegmentedRaftLogWorker.java:close(257)) - 243d07fb-de29-4324-a32b-24d5948493a7@group-9D155BEE1D9D-SegmentedRaftLogWorker close()
2023-04-11 11:24:22,036 [JvmPauseMonitor1] INFO  util.JvmPauseMonitor (JvmPauseMonitor.java:run(111)) - JvmPauseMonitor-243d07fb-de29-4324-a32b-24d5948493a7: Stopped
2023-04-11 11:24:23,995 [Listener at 127.0.0.1/36763] INFO  volume.HddsVolume (HddsVolume.java:closeDbStore(437)) - SchemaV3 db is stopped at /home/runner/work/ozone/ozone/hadoop-ozone/integration-test/target/test-dir/MiniOzoneClusterImpl-9bce2823-b07a-4470-87a5-870b50b19846/datanode-4/data-0/containers/hdds/9bce2823-b07a-4470-87a5-870b50b19846/DS-19d2de3c-b45c-4f3a-8ef9-c05d8be8f104/container.db for volume DS-19d2de3c-b45c-4f3a-8ef9-c05d8be8f104
2023-04-11 11:24:23,996 [Listener at 127.0.0.1/36763] INFO  utils.BackgroundService (BackgroundService.java:shutdown(141)) - Shutting down service BlockDeletingService
2023-04-11 11:24:23,996 [Listener at 127.0.0.1/36763] INFO  utils.BackgroundService (BackgroundService.java:shutdown(141)) - Shutting down service StaleRecoveringContainerScrubbingService
2023-04-11 11:24:23,999 [Listener at 127.0.0.1/36763] INFO  statemachine.DatanodeStateMachine (DatanodeStateMachine.java:stopDaemon(601)) - Ozone container server stopped.
2023-04-11 11:24:24,009 [Listener at 127.0.0.1/36763] INFO  handler.ContextHandler (ContextHandler.java:doStop(1159)) - Stopped o.e.j.w.WebAppContext@5d493952{hddsDatanode,/,null,STOPPED}{jar:file:/home/runner/.m2/repository/org/apache/ozone/hdds-container-service/1.4.0-SNAPSHOT/hdds-container-service-1.4.0-SNAPSHOT.jar!/webapps/hddsDatanode}
2023-04-11 11:24:24,010 [Listener at 127.0.0.1/36763] INFO  server.AbstractConnector (AbstractConnector.java:doStop(383)) - Stopped ServerConnector@294c39a0{HTTP/1.1, (http/1.1)}{0.0.0.0:0}
2023-04-11 11:24:24,010 [Listener at 127.0.0.1/36763] INFO  server.session (HouseKeeper.java:stopScavenging(149)) - node0 Stopped scavenging
2023-04-11 11:24:24,011 [Listener at 127.0.0.1/36763] INFO  handler.ContextHandler (ContextHandler.java:doStop(1159)) - Stopped o.e.j.s.ServletContextHandler@664c7b76{static,/static,jar:file:/home/runner/.m2/repository/org/apache/ozone/hdds-container-service/1.4.0-SNAPSHOT/hdds-container-service-1.4.0-SNAPSHOT.jar!/webapps/static,STOPPED}
2023-04-11 11:24:24,011 [Listener at 127.0.0.1/36763] INFO  handler.ContextHandler (ContextHandler.java:doStop(1159)) - Stopped o.e.j.s.ServletContextHandler@55875ea7{logs,/logs,file:///home/runner/work/ozone/ozone/hadoop-ozone/integration-test/target/log,STOPPED}
2023-04-11 11:24:24,014 [Listener at 127.0.0.1/36763] INFO  ozoneimpl.OzoneContainer (OzoneContainer.java:stop(419)) - Attempting to stop container services.
2023-04-11 11:24:24,014 [Listener at 127.0.0.1/36763] INFO  server.RaftServer (RaftServerProxy.java:lambda$close$6(409)) - cea8b5f9-ee25-46f1-ad4b-37d39f533b4e: close
2023-04-11 11:24:24,015 [Listener at 127.0.0.1/36763] INFO  server.GrpcService (GrpcService.java:closeImpl(271)) - cea8b5f9-ee25-46f1-ad4b-37d39f533b4e: shutdown server GrpcServerProtocolService now
2023-04-11 11:24:24,015 [cea8b5f9-ee25-46f1-ad4b-37d39f533b4e-impl-thread2] INFO  server.RaftServer$Division (RaftServerImpl.java:lambda$close$4(458)) - cea8b5f9-ee25-46f1-ad4b-37d39f533b4e@group-9D8617117D36: shutdown
2023-04-11 11:24:24,015 [cea8b5f9-ee25-46f1-ad4b-37d39f533b4e-impl-thread2] INFO  util.JmxRegister (JmxRegister.java:unregister(73)) - Successfully un-registered JMX Bean with object name Ratis:service=RaftServer,group=group-9D8617117D36,id=cea8b5f9-ee25-46f1-ad4b-37d39f533b4e
2023-04-11 11:24:24,015 [cea8b5f9-ee25-46f1-ad4b-37d39f533b4e-impl-thread2] INFO  impl.RoleInfo (RoleInfo.java:shutdownLeaderState(93)) - cea8b5f9-ee25-46f1-ad4b-37d39f533b4e: shutdown cea8b5f9-ee25-46f1-ad4b-37d39f533b4e@group-9D8617117D36-LeaderStateImpl
2023-04-11 11:24:24,015 [cea8b5f9-ee25-46f1-ad4b-37d39f533b4e-impl-thread2] INFO  impl.PendingRequests (PendingRequests.java:sendNotLeaderResponses(282)) - cea8b5f9-ee25-46f1-ad4b-37d39f533b4e@group-9D8617117D36-PendingRequests: sendNotLeaderResponses
2023-04-11 11:24:24,015 [cea8b5f9-ee25-46f1-ad4b-37d39f533b4e-impl-thread2] INFO  impl.StateMachineUpdater (StateMachineUpdater.java:stopAndJoin(153)) - cea8b5f9-ee25-46f1-ad4b-37d39f533b4e@group-9D8617117D36-StateMachineUpdater: set stopIndex = 0
2023-04-11 11:24:24,016 [cea8b5f9-ee25-46f1-ad4b-37d39f533b4e@group-9D8617117D36-StateMachineUpdater] INFO  ratis.ContainerStateMachine (ContainerStateMachine.java:takeSnapshot(330)) - group-9D8617117D36: Taking a snapshot at:(t:1, i:0) file /home/runner/work/ozone/ozone/hadoop-ozone/integration-test/target/test-dir/MiniOzoneClusterImpl-9bce2823-b07a-4470-87a5-870b50b19846/datanode-3/data/ratis/d1d7c35b-2092-4634-9233-9d8617117d36/sm/snapshot.1_0
2023-04-11 11:24:24,016 [Listener at 127.0.0.1/36763] INFO  server.GrpcService (GrpcService.java:closeImpl(280)) - cea8b5f9-ee25-46f1-ad4b-37d39f533b4e: shutdown server GrpcServerProtocolService successfully
2023-04-11 11:24:24,017 [cea8b5f9-ee25-46f1-ad4b-37d39f533b4e-NettyServerStreamRpc-bossGroup--thread1] INFO  logging.LoggingHandler (AbstractInternalLogger.java:log(148)) - [id: 0xa63c05a8, L:/0:0:0:0:0:0:0:0:34841] CLOSE
2023-04-11 11:24:24,017 [cea8b5f9-ee25-46f1-ad4b-37d39f533b4e-NettyServerStreamRpc-bossGroup--thread1] INFO  logging.LoggingHandler (AbstractInternalLogger.java:log(148)) - [id: 0xa63c05a8, L:/0:0:0:0:0:0:0:0:34841] INACTIVE
2023-04-11 11:24:24,017 [cea8b5f9-ee25-46f1-ad4b-37d39f533b4e-NettyServerStreamRpc-bossGroup--thread1] INFO  logging.LoggingHandler (AbstractInternalLogger.java:log(148)) - [id: 0xa63c05a8, L:/0:0:0:0:0:0:0:0:34841] UNREGISTERED
2023-04-11 11:24:24,018 [cea8b5f9-ee25-46f1-ad4b-37d39f533b4e@group-9D8617117D36-StateMachineUpdater] INFO  ratis.ContainerStateMachine (ContainerStateMachine.java:takeSnapshot(341)) - group-9D8617117D36: Finished taking a snapshot at:(t:1, i:0) file:/home/runner/work/ozone/ozone/hadoop-ozone/integration-test/target/test-dir/MiniOzoneClusterImpl-9bce2823-b07a-4470-87a5-870b50b19846/datanode-3/data/ratis/d1d7c35b-2092-4634-9233-9d8617117d36/sm/snapshot.1_0 took: 2 ms
2023-04-11 11:24:24,018 [cea8b5f9-ee25-46f1-ad4b-37d39f533b4e@group-9D8617117D36-StateMachineUpdater] INFO  impl.StateMachineUpdater (StateMachineUpdater.java:takeSnapshot(287)) - cea8b5f9-ee25-46f1-ad4b-37d39f533b4e@group-9D8617117D36-StateMachineUpdater: Took a snapshot at index 0
2023-04-11 11:24:24,018 [cea8b5f9-ee25-46f1-ad4b-37d39f533b4e@group-9D8617117D36-StateMachineUpdater] INFO  impl.StateMachineUpdater (StateMachineUpdater.java:lambda$new$0(92)) - cea8b5f9-ee25-46f1-ad4b-37d39f533b4e@group-9D8617117D36-StateMachineUpdater: snapshotIndex: updateIncreasingly -1 -> 0
2023-04-11 11:24:24,020 [cea8b5f9-ee25-46f1-ad4b-37d39f533b4e-impl-thread2] INFO  server.RaftServer$Division (ServerState.java:close(466)) - cea8b5f9-ee25-46f1-ad4b-37d39f533b4e@group-9D8617117D36: closes. applyIndex: 0
2023-04-11 11:24:24,023 [cea8b5f9-ee25-46f1-ad4b-37d39f533b4e@group-9D8617117D36-SegmentedRaftLogWorker] INFO  segmented.SegmentedRaftLogWorker (SegmentedRaftLogWorker.java:run(347)) - cea8b5f9-ee25-46f1-ad4b-37d39f533b4e@group-9D8617117D36-SegmentedRaftLogWorker was interrupted, exiting. There are 0 tasks remaining in the queue.
2023-04-11 11:24:24,023 [cea8b5f9-ee25-46f1-ad4b-37d39f533b4e-impl-thread2] INFO  segmented.SegmentedRaftLogWorker (SegmentedRaftLogWorker.java:close(257)) - cea8b5f9-ee25-46f1-ad4b-37d39f533b4e@group-9D8617117D36-SegmentedRaftLogWorker close()
2023-04-11 11:24:24,027 [JvmPauseMonitor4] INFO  util.JvmPauseMonitor (JvmPauseMonitor.java:run(111)) - JvmPauseMonitor-cea8b5f9-ee25-46f1-ad4b-37d39f533b4e: Stopped
2023-04-11 11:24:24,043 [ForkJoinPool.commonPool-worker-1] INFO  volume.HddsVolume (HddsVolume.java:closeDbStore(437)) - SchemaV3 db is stopped at /home/runner/work/ozone/ozone/hadoop-ozone/integration-test/target/test-dir/MiniOzoneClusterImpl-9bce2823-b07a-4470-87a5-870b50b19846/datanode-0/data-0/containers/hdds/9bce2823-b07a-4470-87a5-870b50b19846/DS-3c0f895d-acb3-4241-be3c-2fb1bf0410be/container.db for volume DS-3c0f895d-acb3-4241-be3c-2fb1bf0410be
2023-04-11 11:24:24,044 [ForkJoinPool.commonPool-worker-1] INFO  utils.BackgroundService (BackgroundService.java:shutdown(141)) - Shutting down service BlockDeletingService
2023-04-11 11:24:24,044 [ForkJoinPool.commonPool-worker-1] INFO  utils.BackgroundService (BackgroundService.java:shutdown(141)) - Shutting down service StaleRecoveringContainerScrubbingService
2023-04-11 11:24:24,046 [ForkJoinPool.commonPool-worker-1] INFO  statemachine.DatanodeStateMachine (DatanodeStateMachine.java:stopDaemon(601)) - Ozone container server stopped.
2023-04-11 11:24:24,105 [ForkJoinPool.commonPool-worker-1] INFO  handler.ContextHandler (ContextHandler.java:doStop(1159)) - Stopped o.e.j.w.WebAppContext@5715e1dd{hddsDatanode,/,null,STOPPED}{jar:file:/home/runner/.m2/repository/org/apache/ozone/hdds-container-service/1.4.0-SNAPSHOT/hdds-container-service-1.4.0-SNAPSHOT.jar!/webapps/hddsDatanode}
2023-04-11 11:24:24,106 [ForkJoinPool.commonPool-worker-1] INFO  server.AbstractConnector (AbstractConnector.java:doStop(383)) - Stopped ServerConnector@5f971e3d{HTTP/1.1, (http/1.1)}{0.0.0.0:0}
2023-04-11 11:24:24,106 [ForkJoinPool.commonPool-worker-1] INFO  server.session (HouseKeeper.java:stopScavenging(149)) - node0 Stopped scavenging
2023-04-11 11:24:24,109 [ForkJoinPool.commonPool-worker-1] INFO  handler.ContextHandler (ContextHandler.java:doStop(1159)) - Stopped o.e.j.s.ServletContextHandler@71b03e9a{static,/static,jar:file:/home/runner/.m2/repository/org/apache/ozone/hdds-container-service/1.4.0-SNAPSHOT/hdds-container-service-1.4.0-SNAPSHOT.jar!/webapps/static,STOPPED}
2023-04-11 11:24:24,110 [ForkJoinPool.commonPool-worker-1] INFO  handler.ContextHandler (ContextHandler.java:doStop(1159)) - Stopped o.e.j.s.ServletContextHandler@459245c9{logs,/logs,file:///home/runner/work/ozone/ozone/hadoop-ozone/integration-test/target/log,STOPPED}
2023-04-11 11:24:26,031 [Listener at 127.0.0.1/36763] INFO  volume.HddsVolume (HddsVolume.java:closeDbStore(437)) - SchemaV3 db is stopped at /home/runner/work/ozone/ozone/hadoop-ozone/integration-test/target/test-dir/MiniOzoneClusterImpl-9bce2823-b07a-4470-87a5-870b50b19846/datanode-3/data-0/containers/hdds/9bce2823-b07a-4470-87a5-870b50b19846/DS-e0454265-5237-407f-81be-405291c20b53/container.db for volume DS-e0454265-5237-407f-81be-405291c20b53
2023-04-11 11:24:26,031 [Listener at 127.0.0.1/36763] INFO  utils.BackgroundService (BackgroundService.java:shutdown(141)) - Shutting down service BlockDeletingService
2023-04-11 11:24:26,032 [Listener at 127.0.0.1/36763] INFO  utils.BackgroundService (BackgroundService.java:shutdown(141)) - Shutting down service StaleRecoveringContainerScrubbingService
2023-04-11 11:24:26,034 [Listener at 127.0.0.1/36763] INFO  statemachine.DatanodeStateMachine (DatanodeStateMachine.java:stopDaemon(601)) - Ozone container server stopped.
2023-04-11 11:24:26,046 [Listener at 127.0.0.1/36763] INFO  handler.ContextHandler (ContextHandler.java:doStop(1159)) - Stopped o.e.j.w.WebAppContext@3eab736e{hddsDatanode,/,null,STOPPED}{jar:file:/home/runner/.m2/repository/org/apache/ozone/hdds-container-service/1.4.0-SNAPSHOT/hdds-container-service-1.4.0-SNAPSHOT.jar!/webapps/hddsDatanode}
2023-04-11 11:24:26,048 [Listener at 127.0.0.1/36763] INFO  server.AbstractConnector (AbstractConnector.java:doStop(383)) - Stopped ServerConnector@7e85a0da{HTTP/1.1, (http/1.1)}{0.0.0.0:0}
2023-04-11 11:24:26,048 [Listener at 127.0.0.1/36763] INFO  server.session (HouseKeeper.java:stopScavenging(149)) - node0 Stopped scavenging
2023-04-11 11:24:26,048 [Listener at 127.0.0.1/36763] INFO  handler.ContextHandler (ContextHandler.java:doStop(1159)) - Stopped o.e.j.s.ServletContextHandler@4c0c0193{static,/static,jar:file:/home/runner/.m2/repository/org/apache/ozone/hdds-container-service/1.4.0-SNAPSHOT/hdds-container-service-1.4.0-SNAPSHOT.jar!/webapps/static,STOPPED}
2023-04-11 11:24:26,048 [Listener at 127.0.0.1/36763] INFO  handler.ContextHandler (ContextHandler.java:doStop(1159)) - Stopped o.e.j.s.ServletContextHandler@47de972{logs,/logs,file:///home/runner/work/ozone/ozone/hadoop-ozone/integration-test/target/log,STOPPED}
2023-04-11 11:24:26,050 [Listener at 127.0.0.1/36763] INFO  ozone.MiniOzoneClusterImpl (MiniOzoneClusterImpl.java:stopSCM(549)) - Stopping the StorageContainerManager
2023-04-11 11:24:26,050 [Listener at 127.0.0.1/36763] INFO  server.StorageContainerManager (StorageContainerManager.java:stop(1550)) - Container Balancer is not running.
2023-04-11 11:24:26,050 [Listener at 127.0.0.1/36763] INFO  server.StorageContainerManager (StorageContainerManager.java:stopReplicationManager(1672)) - Stopping Replication Manager Service.
2023-04-11 11:24:26,050 [Listener at 127.0.0.1/36763] INFO  replication.ReplicationManager (ReplicationManager.java:stop(321)) - Stopping Replication Monitor Thread.
2023-04-11 11:24:26,050 [Over Replicated Processor] WARN  replication.UnhealthyReplicationProcessor (UnhealthyReplicationProcessor.java:run(146)) - Over Replicated Processor interrupted. Exiting...
2023-04-11 11:24:26,051 [Listener at 127.0.0.1/36763] INFO  server.StorageContainerManager (StorageContainerManager.java:stop(1559)) - Stopping the Datanode Admin Monitor.
2023-04-11 11:24:26,051 [Listener at 127.0.0.1/36763] INFO  server.StorageContainerManager (StorageContainerManager.java:stop(1566)) - Stopping datanode service RPC server
2023-04-11 11:24:26,051 [Listener at 127.0.0.1/36763] INFO  server.SCMDatanodeProtocolServer (SCMDatanodeProtocolServer.java:stop(424)) - Stopping the RPC server for DataNodes
2023-04-11 11:24:26,051 [Listener at 127.0.0.1/36763] INFO  ipc.Server (Server.java:stop(3501)) - Stopping server on 41917
2023-04-11 11:24:26,052 [Under Replicated Processor] WARN  replication.UnhealthyReplicationProcessor (UnhealthyReplicationProcessor.java:run(146)) - Under Replicated Processor interrupted. Exiting...
2023-04-11 11:24:26,052 [ReplicationMonitor] INFO  replication.ReplicationManager (ReplicationManager.java:run(975)) - Replication Monitor Thread is stopped
2023-04-11 11:24:26,053 [IPC Server Responder] INFO  ipc.Server (Server.java:run(1563)) - Stopping IPC Server Responder
2023-04-11 11:24:26,054 [IPC Server listener on 0] INFO  ipc.Server (Server.java:run(1430)) - Stopping IPC Server listener on 0
2023-04-11 11:24:26,100 [SCM Heartbeat Processing Thread - 0] WARN  node.NodeStateManager (NodeStateManager.java:scheduleNextHealthCheck(870)) - Current Thread is interrupted, shutting down HB processing thread for Node Manager.
2023-04-11 11:24:26,101 [Listener at 127.0.0.1/36763] INFO  server.StorageContainerManager (StorageContainerManager.java:stop(1574)) - Stopping block service RPC server
2023-04-11 11:24:26,101 [Listener at 127.0.0.1/36763] INFO  server.SCMBlockProtocolServer (SCMBlockProtocolServer.java:stop(161)) - Stopping the RPC server for Block Protocol
2023-04-11 11:24:26,101 [Listener at 127.0.0.1/36763] INFO  ipc.Server (Server.java:stop(3501)) - Stopping server on 39469
2023-04-11 11:24:26,103 [IPC Server listener on 0] INFO  ipc.Server (Server.java:run(1430)) - Stopping IPC Server listener on 0
2023-04-11 11:24:26,103 [IPC Server Responder] INFO  ipc.Server (Server.java:run(1563)) - Stopping IPC Server Responder
2023-04-11 11:24:26,104 [Listener at 127.0.0.1/36763] INFO  server.StorageContainerManager (StorageContainerManager.java:stop(1581)) - Stopping the StorageContainerLocationProtocol RPC server
2023-04-11 11:24:26,104 [Listener at 127.0.0.1/36763] INFO  server.SCMClientProtocolServer (SCMClientProtocolServer.java:stop(206)) - Stopping the RPC server for Client Protocol
2023-04-11 11:24:26,104 [Listener at 127.0.0.1/36763] INFO  ipc.Server (Server.java:stop(3501)) - Stopping server on 42813
2023-04-11 11:24:26,105 [IPC Server listener on 0] INFO  ipc.Server (Server.java:run(1430)) - Stopping IPC Server listener on 0
2023-04-11 11:24:26,106 [IPC Server Responder] INFO  ipc.Server (Server.java:run(1563)) - Stopping IPC Server Responder
2023-04-11 11:24:26,106 [Listener at 127.0.0.1/36763] INFO  server.StorageContainerManager (StorageContainerManager.java:stop(1588)) - Stopping Storage Container Manager HTTP server.
2023-04-11 11:24:26,107 [Listener at 127.0.0.1/36763] INFO  handler.ContextHandler (ContextHandler.java:doStop(1159)) - Stopped o.e.j.w.WebAppContext@60c33609{scm,/,null,STOPPED}{file:/home/runner/work/ozone/ozone/hadoop-ozone/integration-test/target/test-classes/webapps/scm}
2023-04-11 11:24:26,107 [Listener at 127.0.0.1/36763] INFO  server.AbstractConnector (AbstractConnector.java:doStop(383)) - Stopped ServerConnector@588614f9{HTTP/1.1, (http/1.1)}{0.0.0.0:0}
2023-04-11 11:24:26,108 [Listener at 127.0.0.1/36763] INFO  server.session (HouseKeeper.java:stopScavenging(149)) - node0 Stopped scavenging
2023-04-11 11:24:26,108 [Listener at 127.0.0.1/36763] INFO  handler.ContextHandler (ContextHandler.java:doStop(1159)) - Stopped o.e.j.s.ServletContextHandler@58dea0a7{static,/static,file:///home/runner/work/ozone/ozone/hadoop-ozone/integration-test/target/test-classes/webapps/static,STOPPED}
2023-04-11 11:24:26,108 [Listener at 127.0.0.1/36763] INFO  handler.ContextHandler (ContextHandler.java:doStop(1159)) - Stopped o.e.j.s.ServletContextHandler@4a561f7d{logs,/logs,file:///home/runner/work/ozone/ozone/hadoop-ozone/integration-test/target/log,STOPPED}
2023-04-11 11:24:26,109 [Listener at 127.0.0.1/36763] INFO  server.StorageContainerManager (StorageContainerManager.java:stop(1596)) - Stopping SCM LayoutVersionManager Service.
2023-04-11 11:24:26,109 [Listener at 127.0.0.1/36763] INFO  server.StorageContainerManager (StorageContainerManager.java:stop(1604)) - Stopping Block Manager Service.
2023-04-11 11:24:26,109 [Listener at 127.0.0.1/36763] INFO  utils.BackgroundService (BackgroundService.java:shutdown(141)) - Shutting down service SCMBlockDeletingService
2023-04-11 11:24:26,109 [Listener at 127.0.0.1/36763] INFO  utils.BackgroundService (BackgroundService.java:shutdown(141)) - Shutting down service SCMBlockDeletingService
2023-04-11 11:24:26,110 [Listener at 127.0.0.1/36763] INFO  server.StorageContainerManager (StorageContainerManager.java:stop(1626)) - Stopping SCM Event Queue.
2023-04-11 11:24:26,113 [Listener at 127.0.0.1/36763] INFO  server.StorageContainerManager (StorageContainerManager.java:stop(1637)) - Stopping SCM HA services.
2023-04-11 11:24:26,114 [Listener at 127.0.0.1/36763] INFO  pipeline.BackgroundPipelineCreator (BackgroundPipelineCreator.java:stop(149)) - Stopping RatisPipelineUtilsThread.
2023-04-11 11:24:26,114 [RatisPipelineUtilsThread - 0] WARN  pipeline.BackgroundPipelineCreator (BackgroundPipelineCreator.java:run(180)) - RatisPipelineUtilsThread is interrupted.
2023-04-11 11:24:26,114 [Listener at 127.0.0.1/36763] INFO  BackgroundPipelineScrubber (BackgroundSCMService.java:stop(131)) - Stopping BackgroundPipelineScrubber Service.
2023-04-11 11:24:26,114 [BackgroundPipelineScrubberThread] WARN  BackgroundPipelineScrubber (BackgroundSCMService.java:run(115)) - BackgroundPipelineScrubber is interrupted, exit
2023-04-11 11:24:26,115 [Listener at 127.0.0.1/36763] INFO  impl.MetricsSystemImpl (MetricsSystemImpl.java:stop(210)) - Stopping XceiverClientMetrics metrics system...
2023-04-11 11:24:26,117 [prometheus] INFO  impl.MetricsSinkAdapter (MetricsSinkAdapter.java:publishMetricsFromQueue(141)) - prometheus thread interrupted.
2023-04-11 11:24:26,118 [Listener at 127.0.0.1/36763] INFO  impl.MetricsSystemImpl (MetricsSystemImpl.java:stop(216)) - XceiverClientMetrics metrics system stopped.
2023-04-11 11:24:26,118 [Listener at 127.0.0.1/36763] WARN  pipeline.BackgroundPipelineCreator (BackgroundPipelineCreator.java:stop(145)) - RatisPipelineUtilsThread is not running, just ignore.
2023-04-11 11:24:26,118 [Listener at 127.0.0.1/36763] INFO  BackgroundPipelineScrubber (BackgroundSCMService.java:stop(126)) - BackgroundPipelineScrubber Service is not running, skip stop.
2023-04-11 11:24:26,118 [Listener at 127.0.0.1/36763] INFO  ExpiredContainerReplicaOpScrubber (BackgroundSCMService.java:stop(131)) - Stopping ExpiredContainerReplicaOpScrubber Service.
2023-04-11 11:24:26,118 [ExpiredContainerReplicaOpScrubberThread] WARN  ExpiredContainerReplicaOpScrubber (BackgroundSCMService.java:run(115)) - ExpiredContainerReplicaOpScrubber is interrupted, exit
2023-04-11 11:24:26,118 [Listener at 127.0.0.1/36763] INFO  utils.BackgroundService (BackgroundService.java:shutdown(141)) - Shutting down service SCMBlockDeletingService
2023-04-11 11:24:26,119 [Listener at 127.0.0.1/36763] INFO  replication.ReplicationManager (ReplicationManager.java:stop(331)) - Replication Monitor Thread is not running.
2023-04-11 11:24:26,119 [Listener at 127.0.0.1/36763] WARN  balancer.ContainerBalancer (ContainerBalancer.java:stop(324)) - Cannot stop Container Balancer because it's not running or stopping
2023-04-11 11:24:26,119 [Listener at 127.0.0.1/36763] INFO  server.StorageContainerManager (StorageContainerManager.java:stop(1663)) - Stopping SCM MetadataStore.
2023-04-11 11:24:26,191 [Listener at 127.0.0.1/36763] WARN  server.ServerUtils (ServerUtils.java:getScmDbDir(148)) - ozone.scm.db.dirs is not configured. We recommend adding this setting. Falling back to ozone.metadata.dirs instead.
2023-04-11 11:24:26,194 [Listener at 127.0.0.1/36763] WARN  server.ServerUtils (ServerUtils.java:getScmDbDir(148)) - ozone.scm.db.dirs is not configured. We recommend adding this setting. Falling back to ozone.metadata.dirs instead.
2023-04-11 11:24:26,195 [Listener at 127.0.0.1/36763] INFO  ha.SCMHANodeDetails (SCMHANodeDetails.java:loadSCMHAConfig(209)) - ServiceID for StorageContainerManager is null
2023-04-11 11:24:26,195 [Listener at 127.0.0.1/36763] INFO  ha.SCMHANodeDetails (SCMHANodeDetails.java:loadSCMHAConfig(214)) - ozone.scm.default.service.id is not defined, falling back to ozone.scm.service.ids to find serviceID for StorageContainerManager if it is HA enabled cluster
2023-04-11 11:24:26,195 [Listener at 127.0.0.1/36763] WARN  utils.HAUtils (HAUtils.java:getMetaDir(342)) - ozone.scm.db.dirs is not configured. We recommend adding this setting. Falling back to ozone.metadata.dirs instead.
2023-04-11 11:24:26,196 [Listener at 127.0.0.1/36763] WARN  db.DBStoreBuilder (DBStoreBuilder.java:applyDBDefinition(182)) - ozone.scm.db.dirs is not configured. We recommend adding this setting. Falling back to ozone.metadata.dirs instead.
2023-04-11 11:24:26,303 [Listener at 127.0.0.1/36763] INFO  net.NodeSchemaLoader (NodeSchemaLoader.java:loadSchemaFromFile(129)) - Loading schema from [jar:file:/home/runner/.m2/repository/org/apache/ozone/hdds-common/1.4.0-SNAPSHOT/hdds-common-1.4.0-SNAPSHOT.jar!/network-topology-default.xml]
2023-04-11 11:24:26,304 [Listener at 127.0.0.1/36763] INFO  net.NodeSchemaLoader (NodeSchemaLoader.java:loadSchema(176)) - Loading network topology layer schema file
2023-04-11 11:24:26,308 [Listener at 127.0.0.1/36763] INFO  upgrade.AbstractLayoutVersionManager (AbstractLayoutVersionManager.java:init(83)) - Initializing Layout version manager with metadata layout = WEBUI_PORTS_IN_DATANODEDETAILS (version = 6), software layout = WEBUI_PORTS_IN_DATANODEDETAILS (version = 6)
2023-04-11 11:24:26,360 [Listener at 127.0.0.1/36763] INFO  reflections.Reflections (Reflections.java:scan(232)) - Reflections took 51 ms to scan 7 urls, producing 156 keys and 369 values 
2023-04-11 11:24:26,362 [Listener at 127.0.0.1/36763] INFO  ha.SequenceIdGenerator (SequenceIdGenerator.java:upgradeToSequenceId(349)) - upgrade localId to 111677748019200000
2023-04-11 11:24:26,363 [Listener at 127.0.0.1/36763] INFO  ha.SequenceIdGenerator (SequenceIdGenerator.java:upgradeToSequenceId(359)) - upgrade delTxnId to 0
2023-04-11 11:24:26,363 [Listener at 127.0.0.1/36763] INFO  ha.SequenceIdGenerator (SequenceIdGenerator.java:upgradeToSequenceId(376)) - upgrade containerId to 0
2023-04-11 11:24:26,363 [Listener at 127.0.0.1/36763] INFO  ha.SequenceIdGenerator (SequenceIdGenerator.java:<init>(220)) - Init the HA SequenceIdGenerator.
2023-04-11 11:24:26,363 [Listener at 127.0.0.1/36763] WARN  server.ServerUtils (ServerUtils.java:sanitizeUserArgs(73)) - ozone.scm.stale.node.interval value = 300000 is larger than max = 100000 based on the key value of ozone.scm.heartbeat.thread.interval, reset to the max value 100000.
2023-04-11 11:24:26,363 [Listener at 127.0.0.1/36763] WARN  server.ServerUtils (ServerUtils.java:sanitizeUserArgs(73)) - ozone.scm.stale.node.interval value = 300000 is larger than max = 100000 based on the key value of ozone.scm.heartbeat.thread.interval, reset to the max value 100000.
2023-04-11 11:24:26,364 [Listener at 127.0.0.1/36763] INFO  node.SCMNodeManager (SCMNodeManager.java:<init>(156)) - Entering startup safe mode.
2023-04-11 11:24:26,364 [Listener at 127.0.0.1/36763] INFO  algorithms.ContainerPlacementPolicyFactory (ContainerPlacementPolicyFactory.java:getPolicyInternal(86)) - Create container placement policy of type org.apache.hadoop.hdds.scm.container.placement.algorithms.SCMContainerPlacementRandom
2023-04-11 11:24:26,364 [Listener at 127.0.0.1/36763] INFO  algorithms.ContainerPlacementPolicyFactory (ContainerPlacementPolicyFactory.java:getPolicyInternal(86)) - Create container placement policy of type org.apache.hadoop.hdds.scm.container.placement.algorithms.SCMContainerPlacementRackScatter
2023-04-11 11:24:26,364 [Listener at 127.0.0.1/36763] INFO  pipeline.PipelineStateManagerImpl (PipelineStateManagerImpl.java:initialize(78)) - No pipeline exists in current db
2023-04-11 11:24:26,365 [Listener at 127.0.0.1/36763] INFO  algorithms.LeaderChoosePolicyFactory (LeaderChoosePolicyFactory.java:getPolicy(57)) - Create leader choose policy of type org.apache.hadoop.hdds.scm.pipeline.leader.choose.algorithms.MinLeaderCountChoosePolicy
2023-04-11 11:24:26,365 [Listener at 127.0.0.1/36763] INFO  algorithms.ContainerPlacementPolicyFactory (ContainerPlacementPolicyFactory.java:getPolicyInternal(86)) - Create container placement policy of type org.apache.hadoop.hdds.scm.container.placement.algorithms.SCMContainerPlacementRackScatter
2023-04-11 11:24:26,365 [Listener at 127.0.0.1/36763] INFO  ha.SCMServiceManager (SCMServiceManager.java:register(42)) - Registering service BackgroundPipelineCreator.
2023-04-11 11:24:26,365 [Listener at 127.0.0.1/36763] INFO  pipeline.BackgroundPipelineCreator (BackgroundPipelineCreator.java:start(124)) - Starting RatisPipelineUtilsThread.
2023-04-11 11:24:26,365 [Listener at 127.0.0.1/36763] INFO  BackgroundPipelineScrubber (BackgroundSCMService.java:start(68)) - Starting BackgroundPipelineScrubber Service.
2023-04-11 11:24:26,366 [Listener at 127.0.0.1/36763] INFO  ha.SCMServiceManager (SCMServiceManager.java:register(42)) - Registering service BackgroundPipelineScrubber.
2023-04-11 11:24:26,366 [Listener at 127.0.0.1/36763] INFO  ExpiredContainerReplicaOpScrubber (BackgroundSCMService.java:start(68)) - Starting ExpiredContainerReplicaOpScrubber Service.
2023-04-11 11:24:26,366 [Listener at 127.0.0.1/36763] INFO  ha.SCMServiceManager (SCMServiceManager.java:register(42)) - Registering service ExpiredContainerReplicaOpScrubber.
2023-04-11 11:24:26,367 [Listener at 127.0.0.1/36763] INFO  algorithms.PipelineChoosePolicyFactory (PipelineChoosePolicyFactory.java:createPipelineChoosePolicyFromClass(73)) - Create pipeline choose policy of type org.apache.hadoop.hdds.scm.pipeline.choose.algorithms.RandomPipelineChoosePolicy
2023-04-11 11:24:26,368 [Listener at 127.0.0.1/36763] INFO  ha.SCMServiceManager (SCMServiceManager.java:register(42)) - Registering service SCMBlockDeletingService.
2023-04-11 11:24:26,368 [Listener at 127.0.0.1/36763] INFO  replication.ReplicationManager (ReplicationManager.java:start(288)) - Starting Replication Monitor Thread.
2023-04-11 11:24:26,369 [Listener at 127.0.0.1/36763] INFO  ha.SCMServiceManager (SCMServiceManager.java:register(42)) - Registering service ReplicationManager.
2023-04-11 11:24:26,370 [Listener at 127.0.0.1/36763] INFO  safemode.ContainerSafeModeRule (ContainerSafeModeRule.java:<init>(89)) - containers with one replica threshold count 0
2023-04-11 11:24:26,370 [Listener at 127.0.0.1/36763] INFO  safemode.HealthyPipelineSafeModeRule (HealthyPipelineSafeModeRule.java:initializeRule(169)) - Total pipeline count is 0, healthy pipeline threshold count is 1
2023-04-11 11:24:26,370 [Listener at 127.0.0.1/36763] INFO  safemode.OneReplicaPipelineSafeModeRule (OneReplicaPipelineSafeModeRule.java:initializeRule(180)) - Total pipeline count is 0, pipeline's with at least one datanode reported threshold count is 0
2023-04-11 11:24:26,370 [ReplicationMonitor] INFO  replication.ReplicationManager (ReplicationManager.java:processAll(363)) - Replication Manager is not ready to run until 3000ms after safemode exit
2023-04-11 11:24:26,371 [Listener at 127.0.0.1/36763] INFO  server.StorageContainerManager (StorageContainerManager.java:<init>(398)) - SCM start with adminUsers: [runner]
2023-04-11 11:24:26,371 [Listener at 127.0.0.1/36763] INFO  ipc.CallQueueManager (CallQueueManager.java:<init>(90)) - Using callQueue: class java.util.concurrent.LinkedBlockingQueue, queueCapacity: 2000, scheduler: class org.apache.hadoop.ipc.DefaultRpcScheduler, ipcBackoff: false.
2023-04-11 11:24:26,372 [Socket Reader #1 for port 0] INFO  ipc.Server (Server.java:run(1319)) - Starting Socket Reader #1 for port 0
2023-04-11 11:24:26,375 [Listener at 0.0.0.0/35521] INFO  ipc.CallQueueManager (CallQueueManager.java:<init>(90)) - Using callQueue: class java.util.concurrent.LinkedBlockingQueue, queueCapacity: 2000, scheduler: class org.apache.hadoop.ipc.DefaultRpcScheduler, ipcBackoff: false.
2023-04-11 11:24:26,375 [Socket Reader #1 for port 0] INFO  ipc.Server (Server.java:run(1319)) - Starting Socket Reader #1 for port 0
2023-04-11 11:24:26,376 [Listener at 0.0.0.0/40501] INFO  ipc.CallQueueManager (CallQueueManager.java:<init>(90)) - Using callQueue: class java.util.concurrent.LinkedBlockingQueue, queueCapacity: 2000, scheduler: class org.apache.hadoop.ipc.DefaultRpcScheduler, ipcBackoff: false.
2023-04-11 11:24:26,377 [Socket Reader #1 for port 0] INFO  ipc.Server (Server.java:run(1319)) - Starting Socket Reader #1 for port 0
2023-04-11 11:24:26,380 [Listener at 0.0.0.0/38715] INFO  ha.SCMServiceManager (SCMServiceManager.java:register(42)) - Registering service ContainerBalancer.
2023-04-11 11:24:26,381 [Listener at 0.0.0.0/38715] INFO  server.StorageContainerManager (StorageContainerManager.java:<init>(415)) - 
Container Balancer status:
Key                            Value
Running                        false
Container Balancer Configuration values:
Key                                                Value
Threshold                                          10
Max Datanodes to Involve per Iteration(percent)    20
Max Size to Move per Iteration                     500GB
Max Size Entering Target per Iteration             26GB
Max Size Leaving Source per Iteration              26GB

2023-04-11 11:24:26,381 [Listener at 0.0.0.0/38715] INFO  ha.SCMContext (SCMContext.java:updateSafeModeStatus(228)) - Update SafeModeStatus from SafeModeStatus{safeModeStatus=true, preCheckPassed=false} to SafeModeStatus{safeModeStatus=true, preCheckPassed=false}.
2023-04-11 11:24:26,381 [Listener at 0.0.0.0/38715] INFO  server.StorageContainerManager (StorageContainerManager.java:start(1453)) - StorageContainerLocationProtocol RPC server is listening at /0.0.0.0:38715
2023-04-11 11:24:26,384 [Listener at 0.0.0.0/38715] WARN  impl.MetricsConfig (MetricsConfig.java:loadFirst(136)) - Cannot locate configuration: tried hadoop-metrics2-storagecontainermanager.properties,hadoop-metrics2.properties
2023-04-11 11:24:26,385 [Listener at 0.0.0.0/38715] INFO  impl.MetricsSystemImpl (MetricsSystemImpl.java:startTimer(378)) - Scheduled Metric snapshot period at 10 second(s).
2023-04-11 11:24:26,385 [Listener at 0.0.0.0/38715] INFO  impl.MetricsSystemImpl (MetricsSystemImpl.java:start(191)) - StorageContainerManager metrics system started
2023-04-11 11:24:26,413 [Listener at 0.0.0.0/38715] INFO  impl.MetricsSinkAdapter (MetricsSinkAdapter.java:start(204)) - Sink prometheus started
2023-04-11 11:24:26,415 [Listener at 0.0.0.0/38715] INFO  impl.MetricsSystemImpl (MetricsSystemImpl.java:registerSink(305)) - Registered sink prometheus
2023-04-11 11:24:26,433 [Listener at 0.0.0.0/38715] INFO  server.SCMClientProtocolServer (SCMClientProtocolServer.java:start(197)) - RPC server for Client  is listening at /0.0.0.0:38715
2023-04-11 11:24:26,434 [IPC Server Responder] INFO  ipc.Server (Server.java:run(1558)) - IPC Server Responder: starting
2023-04-11 11:24:26,438 [IPC Server listener on 0] INFO  ipc.Server (Server.java:run(1398)) - IPC Server listener on 0: starting
2023-04-11 11:24:26,440 [Listener at 0.0.0.0/38715] INFO  server.StorageContainerManager (StorageContainerManager.java:start(1467)) - ScmBlockLocationProtocol RPC server is listening at /0.0.0.0:40501
2023-04-11 11:24:26,440 [Listener at 0.0.0.0/38715] INFO  server.SCMBlockProtocolServer (SCMBlockProtocolServer.java:start(152)) - RPC server for Block Protocol is listening at /0.0.0.0:40501
2023-04-11 11:24:26,441 [IPC Server Responder] INFO  ipc.Server (Server.java:run(1558)) - IPC Server Responder: starting
2023-04-11 11:24:26,441 [IPC Server listener on 0] INFO  ipc.Server (Server.java:run(1398)) - IPC Server listener on 0: starting
2023-04-11 11:24:26,447 [Listener at 0.0.0.0/38715] INFO  server.SCMDatanodeProtocolServer (SCMDatanodeProtocolServer.java:start(193)) - ScmDatanodeProtocol RPC server for DataNodes is listening at /0.0.0.0:35521
2023-04-11 11:24:26,450 [IPC Server Responder] INFO  ipc.Server (Server.java:run(1558)) - IPC Server Responder: starting
2023-04-11 11:24:26,455 [IPC Server listener on 0] INFO  ipc.Server (Server.java:run(1398)) - IPC Server listener on 0: starting
2023-04-11 11:24:26,468 [Listener at 0.0.0.0/38715] INFO  http.BaseHttpServer (BaseHttpServer.java:newHttpServer2BuilderForOzone(224)) - Starting Web-server for scm at: http://0.0.0.0:0
2023-04-11 11:24:26,470 [Listener at 0.0.0.0/38715] INFO  http.BaseHttpServer (BaseHttpServer.java:<init>(111)) - Hadoop Security Enabled: false Ozone Security Enabled: false Ozone HTTP Security Enabled: false 
2023-04-11 11:24:26,472 [Listener at 0.0.0.0/38715] WARN  server.AuthenticationFilter (AuthenticationFilter.java:constructSecretProvider(240)) - Unable to initialize FileSignerSecretProvider, falling back to use random secrets. Reason: Could not read signature secret file: /home/runner/hadoop-http-auth-signature-secret
2023-04-11 11:24:26,473 [org.apache.hadoop.util.JvmPauseMonitor$Monitor@532dc581] INFO  util.JvmPauseMonitor (JvmPauseMonitor.java:run(188)) - Starting JVM pause monitor
2023-04-11 11:24:26,474 [Listener at 0.0.0.0/38715] WARN  http.HttpRequestLog (HttpRequestLog.java:getRequestLog(103)) - Jetty request log can only be enabled using Log4j
2023-04-11 11:24:26,476 [Listener at 0.0.0.0/38715] INFO  http.HttpServer2 (HttpServer2.java:addGlobalFilter(1031)) - Added global filter 'safety' (class=org.apache.hadoop.hdds.server.http.HttpServer2$QuotingInputFilter)
2023-04-11 11:24:26,477 [Listener at 0.0.0.0/38715] INFO  http.HttpServer2 (HttpServer2.java:addFilter(1007)) - Added filter static_user_filter (class=org.apache.hadoop.http.lib.StaticUserWebFilter$StaticUserFilter) to context scm
2023-04-11 11:24:26,477 [Listener at 0.0.0.0/38715] INFO  http.HttpServer2 (HttpServer2.java:addFilter(1015)) - Added filter static_user_filter (class=org.apache.hadoop.http.lib.StaticUserWebFilter$StaticUserFilter) to context logs
2023-04-11 11:24:26,477 [Listener at 0.0.0.0/38715] INFO  http.HttpServer2 (HttpServer2.java:addFilter(1015)) - Added filter static_user_filter (class=org.apache.hadoop.http.lib.StaticUserWebFilter$StaticUserFilter) to context static
2023-04-11 11:24:26,478 [Listener at 0.0.0.0/38715] INFO  http.BaseHttpServer (BaseHttpServer.java:<init>(190)) - HTTP server of scm uses base directory /home/runner/work/ozone/ozone/hadoop-ozone/integration-test/target/test-dir/MiniOzoneClusterImpl-9aae7230-fa35-4b48-a53d-d03fd74ea8aa/ozone-meta/webserver
2023-04-11 11:24:26,478 [Listener at 0.0.0.0/38715] INFO  http.HttpServer2 (HttpServer2.java:bindListener(1250)) - Jetty bound to port 45193
2023-04-11 11:24:26,478 [Listener at 0.0.0.0/38715] INFO  server.Server (Server.java:doStart(375)) - jetty-9.4.49.v20220914; built: 2022-09-14T01:07:36.601Z; git: 4231a3b2e4cb8548a412a789936d640a97b1aa0a; jvm 1.8.0_362-b09
2023-04-11 11:24:26,480 [Listener at 0.0.0.0/38715] INFO  server.session (DefaultSessionIdManager.java:doStart(334)) - DefaultSessionIdManager workerName=node0
2023-04-11 11:24:26,480 [Listener at 0.0.0.0/38715] INFO  server.session (DefaultSessionIdManager.java:doStart(339)) - No SessionScavenger set, using defaults
2023-04-11 11:24:26,480 [Listener at 0.0.0.0/38715] INFO  server.session (HouseKeeper.java:startScavenging(132)) - node0 Scavenging every 660000ms
2023-04-11 11:24:26,481 [Listener at 0.0.0.0/38715] INFO  handler.ContextHandler (ContextHandler.java:doStart(921)) - Started o.e.j.s.ServletContextHandler@742756b9{logs,/logs,file:///home/runner/work/ozone/ozone/hadoop-ozone/integration-test/target/log,AVAILABLE}
2023-04-11 11:24:26,482 [Listener at 0.0.0.0/38715] INFO  handler.ContextHandler (ContextHandler.java:doStart(921)) - Started o.e.j.s.ServletContextHandler@12e24b8d{static,/static,file:///home/runner/work/ozone/ozone/hadoop-ozone/integration-test/target/test-classes/webapps/static,AVAILABLE}
2023-04-11 11:24:26,485 [Listener at 0.0.0.0/38715] INFO  handler.ContextHandler (ContextHandler.java:doStart(921)) - Started o.e.j.w.WebAppContext@795123b3{scm,/,file:///home/runner/work/ozone/ozone/hadoop-ozone/integration-test/target/test-classes/webapps/scm/,AVAILABLE}{file:/home/runner/work/ozone/ozone/hadoop-ozone/integration-test/target/test-classes/webapps/scm}
2023-04-11 11:24:26,486 [Listener at 0.0.0.0/38715] INFO  server.AbstractConnector (AbstractConnector.java:doStart(333)) - Started ServerConnector@1f1896fe{HTTP/1.1, (http/1.1)}{0.0.0.0:45193}
2023-04-11 11:24:26,486 [Listener at 0.0.0.0/38715] INFO  server.Server (Server.java:doStart(415)) - Started @81113ms
2023-04-11 11:24:26,486 [Listener at 0.0.0.0/38715] WARN  impl.MetricsSystemImpl (MetricsSystemImpl.java:register(279)) - Sink prometheus already exists!
2023-04-11 11:24:26,487 [Listener at 0.0.0.0/38715] INFO  http.BaseHttpServer (BaseHttpServer.java:updateConnectorAddress(344)) - HTTP server of scm listening at http://0.0.0.0:45193
2023-04-11 11:24:26,487 [Listener at 0.0.0.0/38715] WARN  server.ServerUtils (ServerUtils.java:getDBPath(225)) - ozone.om.db.dirs is not configured. We recommend adding this setting. Falling back to ozone.metadata.dirs instead.
2023-04-11 11:24:26,489 [Listener at 0.0.0.0/38715] INFO  ha.OMHANodeDetails (OMHANodeDetails.java:loadOMHAConfig(115)) - ozone.om.internal.service.id is not defined, falling back to ozone.om.service.ids to find serviceID for OzoneManager if it is HA enabled cluster
2023-04-11 11:24:26,489 [Listener at 0.0.0.0/38715] INFO  ha.OMHANodeDetails (OMHANodeDetails.java:loadOMHAConfig(226)) - Configuration does not have ozone.om.address set. Falling back to the default OM address /127.0.0.1:0
2023-04-11 11:24:26,489 [Listener at 0.0.0.0/38715] INFO  ha.OMHANodeDetails (OMHANodeDetails.java:getOMNodeDetailsForNonHA(254)) - OM Service ID is not set. Setting it to the default ID: omServiceIdDefault
2023-04-11 11:24:26,489 [Listener at 0.0.0.0/38715] INFO  ha.OMHANodeDetails (OMHANodeDetails.java:getOMNodeDetailsForNonHA(261)) - OM Node ID is not set. Setting it to the default ID: om1
2023-04-11 11:24:26,489 [Listener at 0.0.0.0/38715] WARN  server.ServerUtils (ServerUtils.java:getDBPath(225)) - ozone.om.db.dirs is not configured. We recommend adding this setting. Falling back to ozone.metadata.dirs instead.
2023-04-11 11:24:26,490 [Listener at 0.0.0.0/38715] INFO  upgrade.AbstractLayoutVersionManager (AbstractLayoutVersionManager.java:init(83)) - Initializing Layout version manager with metadata layout = MULTITENANCY_SCHEMA (version = 3), software layout = MULTITENANCY_SCHEMA (version = 3)
2023-04-11 11:24:26,555 [Listener at 0.0.0.0/38715] INFO  reflections.Reflections (Reflections.java:scan(232)) - Reflections took 64 ms to scan 2 urls, producing 171 keys and 471 values [using 2 cores]
2023-04-11 11:24:26,555 [Listener at 0.0.0.0/38715] INFO  upgrade.OMLayoutVersionManager (OMLayoutVersionManager.java:lambda$0(115)) - Skipping Upgrade Action MockOmUpgradeAction since it has been finalized.
2023-04-11 11:24:26,555 [Listener at 0.0.0.0/38715] WARN  server.ServerUtils (ServerUtils.java:getDBPath(225)) - ozone.om.db.dirs is not configured. We recommend adding this setting. Falling back to ozone.metadata.dirs instead.
2023-04-11 11:24:26,556 [Listener at 0.0.0.0/38715] INFO  proxy.SCMBlockLocationFailoverProxyProvider (SCMBlockLocationFailoverProxyProvider.java:<init>(114)) - Created block location fail-over proxy with 1 nodes: [nodeId=scmNodeId,nodeAddress=/0.0.0.0:40501]
2023-04-11 11:24:26,558 [Listener at 0.0.0.0/38715] INFO  proxy.SCMBlockLocationFailoverProxyProvider (SCMBlockLocationFailoverProxyProvider.java:<init>(114)) - Created block location fail-over proxy with 1 nodes: [nodeId=scmNodeId,nodeAddress=/0.0.0.0:40501]
2023-04-11 11:24:26,568 [Listener at 0.0.0.0/38715] INFO  om.OzoneManager (OzoneManager.java:<init>(627)) - OM start with adminUsers: [runner]
2023-04-11 11:24:26,568 [Listener at 0.0.0.0/38715] WARN  server.ServerUtils (ServerUtils.java:getDBPath(225)) - ozone.om.db.dirs is not configured. We recommend adding this setting. Falling back to ozone.metadata.dirs instead.
2023-04-11 11:24:26,569 [Listener at 0.0.0.0/38715] INFO  codec.OmKeyInfoCodec (OmKeyInfoCodec.java:<init>(49)) - OmKeyInfoCodec ignorePipeline = true
2023-04-11 11:24:26,569 [Listener at 0.0.0.0/38715] INFO  codec.RepeatedOmKeyInfoCodec (RepeatedOmKeyInfoCodec.java:<init>(41)) - RepeatedOmKeyInfoCodec ignorePipeline = true
2023-04-11 11:24:26,761 [Listener at 0.0.0.0/38715] INFO  om.OzoneManager (OzoneManager.java:instantiateServices(757)) - S3 Multi-Tenancy is disabled
2023-04-11 11:24:26,761 [Listener at 0.0.0.0/38715] WARN  server.ServerUtils (ServerUtils.java:getDBPath(225)) - ozone.om.snapshot.diff.db.dir is not configured. We recommend adding this setting. Falling back to ozone.metadata.dirs instead.
2023-04-11 11:24:26,782 [Listener at 0.0.0.0/38715] INFO  om.OzoneManager (OzoneManager.java:addS3GVolumeToDB(4257)) - Created Volume s3v With Owner runner required for S3Gateway operations.
2023-04-11 11:24:26,782 [Listener at 0.0.0.0/38715] INFO  om.OzoneManager (OzoneManager.java:getRpcServer(1142)) - Creating RPC Server
2023-04-11 11:24:27,203 [Listener at 0.0.0.0/38715] INFO  reflections.Reflections (Reflections.java:scan(232)) - Reflections took 417 ms to scan 19 urls, producing 68 keys and 5029 values [using 2 cores]
2023-04-11 11:24:27,205 [Listener at 0.0.0.0/38715] INFO  ipc.CallQueueManager (CallQueueManager.java:<init>(90)) - Using callQueue: class java.util.concurrent.LinkedBlockingQueue, queueCapacity: 2000, scheduler: class org.apache.hadoop.ipc.DefaultRpcScheduler, ipcBackoff: false.
2023-04-11 11:24:27,206 [Socket Reader #1 for port 0] INFO  ipc.Server (Server.java:run(1319)) - Starting Socket Reader #1 for port 0
2023-04-11 11:24:27,226 [Listener at 127.0.0.1/36969] INFO  impl.MetricsSystemImpl (MetricsSystemImpl.java:init(158)) - OzoneManager metrics system started (again)
2023-04-11 11:24:27,236 [Listener at 127.0.0.1/36969] INFO  om.OzoneManager (OzoneManager.java:start(1563)) - OzoneManager RPC server is listening at localhost/127.0.0.1:36969
2023-04-11 11:24:27,236 [Listener at 127.0.0.1/36969] INFO  om.OzoneManager (OzoneManager.java:start(1579)) - Version File has different layout version (3) than OM DB (null). That is expected if this OM has never been finalized to a newer layout version.
2023-04-11 11:24:27,245 [Listener at 127.0.0.1/36969] INFO  http.BaseHttpServer (BaseHttpServer.java:newHttpServer2BuilderForOzone(224)) - Starting Web-server for ozoneManager at: http://0.0.0.0:0
2023-04-11 11:24:27,245 [Listener at 127.0.0.1/36969] INFO  http.BaseHttpServer (BaseHttpServer.java:<init>(111)) - Hadoop Security Enabled: false Ozone Security Enabled: false Ozone HTTP Security Enabled: false 
2023-04-11 11:24:27,247 [Listener at 127.0.0.1/36969] WARN  server.AuthenticationFilter (AuthenticationFilter.java:constructSecretProvider(240)) - Unable to initialize FileSignerSecretProvider, falling back to use random secrets. Reason: Could not read signature secret file: /home/runner/hadoop-http-auth-signature-secret
2023-04-11 11:24:27,250 [Listener at 127.0.0.1/36969] WARN  http.HttpRequestLog (HttpRequestLog.java:getRequestLog(103)) - Jetty request log can only be enabled using Log4j
2023-04-11 11:24:27,253 [Listener at 127.0.0.1/36969] INFO  http.HttpServer2 (HttpServer2.java:addGlobalFilter(1031)) - Added global filter 'safety' (class=org.apache.hadoop.hdds.server.http.HttpServer2$QuotingInputFilter)
2023-04-11 11:24:27,254 [Listener at 127.0.0.1/36969] INFO  http.HttpServer2 (HttpServer2.java:addFilter(1007)) - Added filter static_user_filter (class=org.apache.hadoop.http.lib.StaticUserWebFilter$StaticUserFilter) to context ozoneManager
2023-04-11 11:24:27,254 [Listener at 127.0.0.1/36969] INFO  http.HttpServer2 (HttpServer2.java:addFilter(1015)) - Added filter static_user_filter (class=org.apache.hadoop.http.lib.StaticUserWebFilter$StaticUserFilter) to context static
2023-04-11 11:24:27,255 [Listener at 127.0.0.1/36969] INFO  http.HttpServer2 (HttpServer2.java:addFilter(1015)) - Added filter static_user_filter (class=org.apache.hadoop.http.lib.StaticUserWebFilter$StaticUserFilter) to context logs
2023-04-11 11:24:27,255 [Listener at 127.0.0.1/36969] INFO  http.BaseHttpServer (BaseHttpServer.java:<init>(190)) - HTTP server of ozoneManager uses base directory /home/runner/work/ozone/ozone/hadoop-ozone/integration-test/target/test-dir/MiniOzoneClusterImpl-9aae7230-fa35-4b48-a53d-d03fd74ea8aa/ozone-meta/webserver
2023-04-11 11:24:27,257 [Listener at 127.0.0.1/36969] INFO  http.HttpServer2 (HttpServer2.java:bindListener(1250)) - Jetty bound to port 37555
2023-04-11 11:24:27,257 [Listener at 127.0.0.1/36969] INFO  server.Server (Server.java:doStart(375)) - jetty-9.4.49.v20220914; built: 2022-09-14T01:07:36.601Z; git: 4231a3b2e4cb8548a412a789936d640a97b1aa0a; jvm 1.8.0_362-b09
2023-04-11 11:24:27,258 [Listener at 127.0.0.1/36969] INFO  server.session (DefaultSessionIdManager.java:doStart(334)) - DefaultSessionIdManager workerName=node0
2023-04-11 11:24:27,259 [Listener at 127.0.0.1/36969] INFO  server.session (DefaultSessionIdManager.java:doStart(339)) - No SessionScavenger set, using defaults
2023-04-11 11:24:27,259 [Listener at 127.0.0.1/36969] INFO  server.session (HouseKeeper.java:startScavenging(132)) - node0 Scavenging every 600000ms
2023-04-11 11:24:27,261 [Listener at 127.0.0.1/36969] INFO  handler.ContextHandler (ContextHandler.java:doStart(921)) - Started o.e.j.s.ServletContextHandler@10b6782{logs,/logs,file:///home/runner/work/ozone/ozone/hadoop-ozone/integration-test/target/log,AVAILABLE}
2023-04-11 11:24:27,262 [Listener at 127.0.0.1/36969] INFO  handler.ContextHandler (ContextHandler.java:doStart(921)) - Started o.e.j.s.ServletContextHandler@173a6d09{static,/static,file:///home/runner/work/ozone/ozone/hadoop-ozone/integration-test/target/test-classes/webapps/static,AVAILABLE}
2023-04-11 11:24:27,265 [Listener at 127.0.0.1/36969] INFO  handler.ContextHandler (ContextHandler.java:doStart(921)) - Started o.e.j.w.WebAppContext@5690bde6{ozoneManager,/,file:///home/runner/work/ozone/ozone/hadoop-ozone/integration-test/target/test-classes/webapps/ozoneManager/,AVAILABLE}{file:/home/runner/work/ozone/ozone/hadoop-ozone/integration-test/target/test-classes/webapps/ozoneManager}
2023-04-11 11:24:27,266 [Listener at 127.0.0.1/36969] INFO  server.AbstractConnector (AbstractConnector.java:doStart(333)) - Started ServerConnector@6b722c98{HTTP/1.1, (http/1.1)}{0.0.0.0:37555}
2023-04-11 11:24:27,266 [Listener at 127.0.0.1/36969] INFO  server.Server (Server.java:doStart(415)) - Started @81893ms
2023-04-11 11:24:27,266 [Listener at 127.0.0.1/36969] WARN  impl.MetricsSystemImpl (MetricsSystemImpl.java:register(279)) - Sink prometheus already exists!
2023-04-11 11:24:27,267 [Listener at 127.0.0.1/36969] INFO  http.BaseHttpServer (BaseHttpServer.java:updateConnectorAddress(344)) - HTTP server of ozoneManager listening at http://0.0.0.0:37555
2023-04-11 11:24:27,267 [IPC Server Responder] INFO  ipc.Server (Server.java:run(1558)) - IPC Server Responder: starting
2023-04-11 11:24:27,267 [IPC Server listener on 0] INFO  ipc.Server (Server.java:run(1398)) - IPC Server listener on 0: starting
2023-04-11 11:24:27,269 [Listener at 127.0.0.1/36969] INFO  om.TrashPolicyOzone (TrashPolicyOzone.java:<init>(277)) - Ozone Manager trash configuration: Deletion interval = 0 minutes, Emptier interval = 0 minutes.
2023-04-11 11:24:27,275 [org.apache.hadoop.util.JvmPauseMonitor$Monitor@28ce6168] INFO  util.JvmPauseMonitor (JvmPauseMonitor.java:run(188)) - Starting JVM pause monitor
2023-04-11 11:24:27,299 [Listener at 127.0.0.1/36969] INFO  impl.MetricsSystemImpl (MetricsSystemImpl.java:init(158)) - HddsDatanode metrics system started (again)
2023-04-11 11:24:27,311 [Listener at 127.0.0.1/36969] INFO  ozone.HddsDatanodeService (HddsDatanodeService.java:start(252)) - HddsDatanodeService host:fv-az590-525.scpgifznvsounmmscp2whtfmwe.cx.internal.cloudapp.net ip:10.1.0.37
2023-04-11 11:24:27,337 [Listener at 127.0.0.1/36969] INFO  upgrade.AbstractLayoutVersionManager (AbstractLayoutVersionManager.java:init(83)) - Initializing Layout version manager with metadata layout = WEBUI_PORTS_IN_DATANODEDETAILS (version = 6), software layout = WEBUI_PORTS_IN_DATANODEDETAILS (version = 6)
2023-04-11 11:24:27,385 [Listener at 127.0.0.1/36969] INFO  reflections.Reflections (Reflections.java:scan(232)) - Reflections took 46 ms to scan 7 urls, producing 156 keys and 369 values 
2023-04-11 11:24:27,387 [Listener at 127.0.0.1/36969] INFO  statemachine.DatanodeStateMachine (DatanodeStateMachine.java:getEndPointTaskThreadPoolSize(260)) - Datanode State Machine Task Thread Pool size 2
2023-04-11 11:24:27,389 [Listener at 127.0.0.1/36969] INFO  volume.HddsVolume (HddsVolume.java:<init>(130)) - Creating HddsVolume: /home/runner/work/ozone/ozone/hadoop-ozone/integration-test/target/test-dir/MiniOzoneClusterImpl-9aae7230-fa35-4b48-a53d-d03fd74ea8aa/datanode-0/data-0/containers/hdds of storage type : DISK capacity : 9223372036854775807
2023-04-11 11:24:27,389 [Listener at 127.0.0.1/36969] INFO  volume.MutableVolumeSet (MutableVolumeSet.java:initializeVolumeSet(175)) - Added Volume : /home/runner/work/ozone/ozone/hadoop-ozone/integration-test/target/test-dir/MiniOzoneClusterImpl-9aae7230-fa35-4b48-a53d-d03fd74ea8aa/datanode-0/data-0/containers/hdds to VolumeSet
2023-04-11 11:24:27,389 [Listener at 127.0.0.1/36969] INFO  volume.ThrottledAsyncChecker (ThrottledAsyncChecker.java:schedule(141)) - Scheduling a check for /home/runner/work/ozone/ozone/hadoop-ozone/integration-test/target/test-dir/MiniOzoneClusterImpl-9aae7230-fa35-4b48-a53d-d03fd74ea8aa/datanode-0/data-0/containers/hdds
2023-04-11 11:24:27,389 [Listener at 127.0.0.1/36969] INFO  volume.StorageVolumeChecker (StorageVolumeChecker.java:checkAllVolumes(202)) - Scheduled health check for volume /home/runner/work/ozone/ozone/hadoop-ozone/integration-test/target/test-dir/MiniOzoneClusterImpl-9aae7230-fa35-4b48-a53d-d03fd74ea8aa/datanode-0/data-0/containers/hdds
2023-04-11 11:24:27,401 [Listener at 127.0.0.1/36969] INFO  volume.MutableVolumeSet (MutableVolumeSet.java:initializeVolumeSet(175)) - Added Volume : /home/runner/work/ozone/ozone/hadoop-ozone/integration-test/target/test-dir/MiniOzoneClusterImpl-9aae7230-fa35-4b48-a53d-d03fd74ea8aa/datanode-0/data/ratis to VolumeSet
2023-04-11 11:24:27,401 [Listener at 127.0.0.1/36969] INFO  volume.ThrottledAsyncChecker (ThrottledAsyncChecker.java:schedule(141)) - Scheduling a check for /home/runner/work/ozone/ozone/hadoop-ozone/integration-test/target/test-dir/MiniOzoneClusterImpl-9aae7230-fa35-4b48-a53d-d03fd74ea8aa/datanode-0/data/ratis
2023-04-11 11:24:27,401 [Listener at 127.0.0.1/36969] INFO  volume.StorageVolumeChecker (StorageVolumeChecker.java:checkAllVolumes(202)) - Scheduled health check for volume /home/runner/work/ozone/ozone/hadoop-ozone/integration-test/target/test-dir/MiniOzoneClusterImpl-9aae7230-fa35-4b48-a53d-d03fd74ea8aa/datanode-0/data/ratis
2023-04-11 11:24:27,412 [Thread-617] INFO  ozoneimpl.ContainerReader (ContainerReader.java:readVolume(175)) - Finish verifying containers on volume /home/runner/work/ozone/ozone/hadoop-ozone/integration-test/target/test-dir/MiniOzoneClusterImpl-9aae7230-fa35-4b48-a53d-d03fd74ea8aa/datanode-0/data-0/containers/hdds
2023-04-11 11:24:27,412 [Listener at 127.0.0.1/36969] INFO  ozoneimpl.OzoneContainer (OzoneContainer.java:buildContainerSet(303)) - Build ContainerSet costs 0s
2023-04-11 11:24:27,415 [Listener at 127.0.0.1/36969] INFO  server.RaftServer (ConfUtils.java:logGet(46)) - raft.rpc.type = GRPC (default)
2023-04-11 11:24:27,415 [Listener at 127.0.0.1/36969] INFO  grpc.GrpcConfigKeys (ConfUtils.java:logFallback(53)) - raft.grpc.admin.host = null (fallback to raft.grpc.server.host)
2023-04-11 11:24:27,415 [Listener at 127.0.0.1/36969] INFO  grpc.GrpcConfigKeys (ConfUtils.java:logGet(46)) - raft.grpc.admin.port = 0 (custom)
2023-04-11 11:24:27,415 [Listener at 127.0.0.1/36969] INFO  grpc.GrpcConfigKeys (ConfUtils.java:logFallback(53)) - raft.grpc.client.host = null (fallback to raft.grpc.server.host)
2023-04-11 11:24:27,415 [Listener at 127.0.0.1/36969] INFO  grpc.GrpcConfigKeys (ConfUtils.java:logGet(46)) - raft.grpc.client.port = 0 (custom)
2023-04-11 11:24:27,415 [Listener at 127.0.0.1/36969] INFO  grpc.GrpcConfigKeys (ConfUtils.java:logGet(46)) - raft.grpc.server.host = null (default)
2023-04-11 11:24:27,416 [Listener at 127.0.0.1/36969] INFO  grpc.GrpcConfigKeys (ConfUtils.java:logGet(46)) - raft.grpc.server.port = 0 (default)
2023-04-11 11:24:27,416 [Listener at 127.0.0.1/36969] INFO  server.GrpcService (ConfUtils.java:logGet(46)) - raft.grpc.message.size.max = 32MB (=33554432) (custom)
2023-04-11 11:24:27,416 [Listener at 127.0.0.1/36969] INFO  server.RaftServerConfigKeys (ConfUtils.java:logGet(46)) - raft.server.log.appender.buffer.byte-limit = 33554432 (custom)
2023-04-11 11:24:27,416 [Listener at 127.0.0.1/36969] INFO  server.GrpcService (ConfUtils.java:logGet(46)) - raft.grpc.flow.control.window = 5MB (=5242880) (custom)
2023-04-11 11:24:27,416 [Listener at 127.0.0.1/36969] INFO  server.RaftServerConfigKeys (ConfUtils.java:logGet(46)) - raft.server.rpc.request.timeout = 60s (custom)
2023-04-11 11:24:27,416 [Listener at 127.0.0.1/36969] INFO  grpc.GrpcConfigKeys (ConfUtils.java:logGet(46)) - raft.grpc.server.heartbeat.channel = true (default)
2023-04-11 11:24:27,416 [Listener at 127.0.0.1/36969] INFO  grpc.GrpcConfigKeys (ConfUtils.java:logGet(46)) - raft.grpc.server.async.request.thread.pool.cached = true (default)
2023-04-11 11:24:27,416 [Listener at 127.0.0.1/36969] INFO  grpc.GrpcConfigKeys (ConfUtils.java:logGet(46)) - raft.grpc.server.async.request.thread.pool.size = 32 (default)
2023-04-11 11:24:27,417 [Listener at 127.0.0.1/36969] INFO  impl.DataStreamServerImpl (ConfUtils.java:logGet(46)) - raft.datastream.type = NETTY (custom)
2023-04-11 11:24:27,418 [Listener at 127.0.0.1/36969] INFO  server.RaftServerConfigKeys (ConfUtils.java:logGet(46)) - raft.server.data-stream.async.request.thread.pool.cached = false (default)
2023-04-11 11:24:27,419 [Listener at 127.0.0.1/36969] INFO  server.RaftServerConfigKeys (ConfUtils.java:logGet(46)) - raft.server.data-stream.async.request.thread.pool.size = 20 (custom)
2023-04-11 11:24:27,419 [Listener at 127.0.0.1/36969] INFO  server.RaftServerConfigKeys (ConfUtils.java:logGet(46)) - raft.server.data-stream.async.write.thread.pool.size = 16 (default)
2023-04-11 11:24:27,419 [Listener at 127.0.0.1/36969] INFO  server.RaftServerConfigKeys (ConfUtils.java:logGet(46)) - raft.server.data-stream.client.pool.size = 10 (default)
2023-04-11 11:24:27,419 [Listener at 127.0.0.1/36969] INFO  netty.NettyConfigKeys$DataStream (ConfUtils.java:logGet(46)) - raft.netty.dataStream.server.use-epoll = false (default)
2023-04-11 11:24:27,419 [Listener at 127.0.0.1/36969] INFO  netty.NettyConfigKeys$DataStream (ConfUtils.java:logGet(46)) - raft.netty.dataStream.server.boss-group.size = 0 (default)
2023-04-11 11:24:27,419 [Listener at 127.0.0.1/36969] INFO  netty.NettyConfigKeys$DataStream (ConfUtils.java:logGet(46)) - raft.netty.dataStream.server.worker-group.size = 0 (default)
2023-04-11 11:24:27,420 [Listener at 127.0.0.1/36969] INFO  netty.NettyConfigKeys$DataStream (ConfUtils.java:logGet(46)) - raft.netty.dataStream.server.tls.conf = null (default)
2023-04-11 11:24:27,420 [Listener at 127.0.0.1/36969] INFO  netty.NettyConfigKeys$DataStream (ConfUtils.java:logGet(46)) - raft.netty.dataStream.host = null (default)
2023-04-11 11:24:27,420 [Listener at 127.0.0.1/36969] INFO  netty.NettyConfigKeys$DataStream (ConfUtils.java:logGet(46)) - raft.netty.dataStream.port = 0 (default)
2023-04-11 11:24:27,420 [Listener at 127.0.0.1/36969] INFO  server.RaftServerConfigKeys (ConfUtils.java:logGet(46)) - raft.server.threadpool.proxy.cached = true (default)
2023-04-11 11:24:27,420 [Listener at 127.0.0.1/36969] INFO  server.RaftServerConfigKeys (ConfUtils.java:logGet(46)) - raft.server.threadpool.proxy.size = 0 (default)
2023-04-11 11:24:27,421 [Listener at 127.0.0.1/36969] INFO  server.RaftServerConfigKeys (ConfUtils.java:logGet(46)) - raft.server.rpc.slowness.timeout = 300s (custom)
2023-04-11 11:24:27,421 [Listener at 127.0.0.1/36969] INFO  server.RaftServerConfigKeys (ConfUtils.java:logGet(46)) - raft.server.leaderelection.leader.step-down.wait-time = 10s (default)
2023-04-11 11:24:27,421 [Listener at 127.0.0.1/36969] INFO  server.RaftServerConfigKeys (ConfUtils.java:logGet(46)) - raft.server.storage.dir = [/home/runner/work/ozone/ozone/hadoop-ozone/integration-test/target/test-dir/MiniOzoneClusterImpl-9aae7230-fa35-4b48-a53d-d03fd74ea8aa/datanode-0/data/ratis] (custom)
2023-04-11 11:24:27,422 [Listener at 127.0.0.1/36969] INFO  server.XceiverServerGrpc (XceiverServerGrpc.java:<init>(132)) - GrpcServer channel type EpollServerSocketChannel
2023-04-11 11:24:27,423 [bdac8111-12cf-4b14-9a03-ea98a7d0b884-NettyServerStreamRpc-bossGroup--thread1] INFO  logging.LoggingHandler (AbstractInternalLogger.java:log(148)) - [id: 0x1dc50721] REGISTERED
2023-04-11 11:24:27,423 [bdac8111-12cf-4b14-9a03-ea98a7d0b884-NettyServerStreamRpc-bossGroup--thread1] INFO  logging.LoggingHandler (AbstractInternalLogger.java:log(148)) - [id: 0x1dc50721] BIND: 0.0.0.0/0.0.0.0:0
2023-04-11 11:24:27,423 [bdac8111-12cf-4b14-9a03-ea98a7d0b884-NettyServerStreamRpc-bossGroup--thread1] INFO  logging.LoggingHandler (AbstractInternalLogger.java:log(148)) - [id: 0x1dc50721, L:/0:0:0:0:0:0:0:0:41845] ACTIVE
2023-04-11 11:24:27,430 [Listener at 127.0.0.1/36969] INFO  http.BaseHttpServer (BaseHttpServer.java:newHttpServer2BuilderForOzone(224)) - Starting Web-server for hddsDatanode at: http://0.0.0.0:0
2023-04-11 11:24:27,430 [Listener at 127.0.0.1/36969] INFO  http.BaseHttpServer (BaseHttpServer.java:<init>(111)) - Hadoop Security Enabled: false Ozone Security Enabled: false Ozone HTTP Security Enabled: false 
2023-04-11 11:24:27,431 [Listener at 127.0.0.1/36969] WARN  server.AuthenticationFilter (AuthenticationFilter.java:constructSecretProvider(240)) - Unable to initialize FileSignerSecretProvider, falling back to use random secrets. Reason: Could not read signature secret file: /home/runner/hadoop-http-auth-signature-secret
2023-04-11 11:24:27,434 [Listener at 127.0.0.1/36969] WARN  http.HttpRequestLog (HttpRequestLog.java:getRequestLog(103)) - Jetty request log can only be enabled using Log4j
2023-04-11 11:24:27,435 [Listener at 127.0.0.1/36969] INFO  http.HttpServer2 (HttpServer2.java:addGlobalFilter(1031)) - Added global filter 'safety' (class=org.apache.hadoop.hdds.server.http.HttpServer2$QuotingInputFilter)
2023-04-11 11:24:27,436 [Listener at 127.0.0.1/36969] INFO  http.HttpServer2 (HttpServer2.java:addFilter(1007)) - Added filter static_user_filter (class=org.apache.hadoop.http.lib.StaticUserWebFilter$StaticUserFilter) to context hddsDatanode
2023-04-11 11:24:27,437 [Listener at 127.0.0.1/36969] INFO  http.HttpServer2 (HttpServer2.java:addFilter(1015)) - Added filter static_user_filter (class=org.apache.hadoop.http.lib.StaticUserWebFilter$StaticUserFilter) to context logs
2023-04-11 11:24:27,437 [Listener at 127.0.0.1/36969] INFO  http.HttpServer2 (HttpServer2.java:addFilter(1015)) - Added filter static_user_filter (class=org.apache.hadoop.http.lib.StaticUserWebFilter$StaticUserFilter) to context static
2023-04-11 11:24:27,438 [Listener at 127.0.0.1/36969] INFO  http.BaseHttpServer (BaseHttpServer.java:<init>(190)) - HTTP server of hddsDatanode uses base directory /home/runner/work/ozone/ozone/hadoop-ozone/integration-test/target/test-dir/MiniOzoneClusterImpl-9aae7230-fa35-4b48-a53d-d03fd74ea8aa/datanode-0/meta/webserver
2023-04-11 11:24:27,438 [Listener at 127.0.0.1/36969] INFO  http.HttpServer2 (HttpServer2.java:bindListener(1250)) - Jetty bound to port 40991
2023-04-11 11:24:27,438 [Listener at 127.0.0.1/36969] INFO  server.Server (Server.java:doStart(375)) - jetty-9.4.49.v20220914; built: 2022-09-14T01:07:36.601Z; git: 4231a3b2e4cb8548a412a789936d640a97b1aa0a; jvm 1.8.0_362-b09
2023-04-11 11:24:27,440 [Listener at 127.0.0.1/36969] INFO  server.session (DefaultSessionIdManager.java:doStart(334)) - DefaultSessionIdManager workerName=node0
2023-04-11 11:24:27,440 [Listener at 127.0.0.1/36969] INFO  server.session (DefaultSessionIdManager.java:doStart(339)) - No SessionScavenger set, using defaults
2023-04-11 11:24:27,440 [Listener at 127.0.0.1/36969] INFO  server.session (HouseKeeper.java:startScavenging(132)) - node0 Scavenging every 660000ms
2023-04-11 11:24:27,441 [Listener at 127.0.0.1/36969] INFO  handler.ContextHandler (ContextHandler.java:doStart(921)) - Started o.e.j.s.ServletContextHandler@42bf941f{logs,/logs,file:///home/runner/work/ozone/ozone/hadoop-ozone/integration-test/target/log,AVAILABLE}
2023-04-11 11:24:27,441 [Listener at 127.0.0.1/36969] INFO  handler.ContextHandler (ContextHandler.java:doStart(921)) - Started o.e.j.s.ServletContextHandler@72d006a4{static,/static,jar:file:/home/runner/.m2/repository/org/apache/ozone/hdds-container-service/1.4.0-SNAPSHOT/hdds-container-service-1.4.0-SNAPSHOT.jar!/webapps/static,AVAILABLE}
2023-04-11 11:24:27,638 [Listener at 127.0.0.1/36969] INFO  handler.ContextHandler (ContextHandler.java:doStart(921)) - Started o.e.j.w.WebAppContext@43f1d733{hddsDatanode,/,file:///home/runner/work/ozone/ozone/hadoop-ozone/integration-test/target/test-dir/MiniOzoneClusterImpl-9aae7230-fa35-4b48-a53d-d03fd74ea8aa/datanode-0/meta/webserver/jetty-0_0_0_0-40991-hdds-container-service-1_4_0-SNAPSHOT_jar-_-any-8437628309399724897/webapp/,AVAILABLE}{jar:file:/home/runner/.m2/repository/org/apache/ozone/hdds-container-service/1.4.0-SNAPSHOT/hdds-container-service-1.4.0-SNAPSHOT.jar!/webapps/hddsDatanode}
2023-04-11 11:24:27,640 [Listener at 127.0.0.1/36969] INFO  server.AbstractConnector (AbstractConnector.java:doStart(333)) - Started ServerConnector@15ab8f31{HTTP/1.1, (http/1.1)}{0.0.0.0:40991}
2023-04-11 11:24:27,640 [Listener at 127.0.0.1/36969] INFO  server.Server (Server.java:doStart(415)) - Started @82267ms
2023-04-11 11:24:27,640 [Listener at 127.0.0.1/36969] WARN  impl.MetricsSystemImpl (MetricsSystemImpl.java:register(279)) - Sink prometheus already exists!
2023-04-11 11:24:27,641 [Listener at 127.0.0.1/36969] INFO  http.BaseHttpServer (BaseHttpServer.java:updateConnectorAddress(344)) - HTTP server of hddsDatanode listening at http://0.0.0.0:40991
2023-04-11 11:24:27,642 [Listener at 127.0.0.1/36969] WARN  impl.MetricRegistriesImpl (MetricRegistriesImpl.java:addReporterRegistration(111)) - New reporters are added after registries were created. Some metrics will be missing from the reporter. Please add reporter before adding any new registry.
2023-04-11 11:24:27,642 [Listener at 127.0.0.1/36969] WARN  impl.MetricRegistriesImpl (MetricRegistriesImpl.java:addReporterRegistration(111)) - New reporters are added after registries were created. Some metrics will be missing from the reporter. Please add reporter before adding any new registry.
2023-04-11 11:24:27,642 [Listener at 127.0.0.1/36969] INFO  impl.MetricsSystemImpl (MetricsSystemImpl.java:init(158)) - HddsDatanode metrics system started (again)
2023-04-11 11:24:27,646 [Datanode State Machine Daemon Thread] INFO  statemachine.DatanodeStateMachine (DatanodeStateMachine.java:lambda$startDaemon$0(517)) - Ozone container server started.
2023-04-11 11:24:27,655 [Listener at 127.0.0.1/36969] INFO  ozone.HddsDatanodeService (HddsDatanodeService.java:start(252)) - HddsDatanodeService host:fv-az590-525.scpgifznvsounmmscp2whtfmwe.cx.internal.cloudapp.net ip:10.1.0.37
2023-04-11 11:24:27,661 [org.apache.hadoop.util.JvmPauseMonitor$Monitor@44d7b112] INFO  util.JvmPauseMonitor (JvmPauseMonitor.java:run(188)) - Starting JVM pause monitor
2023-04-11 11:24:27,670 [Datanode State Machine Task Thread - 0] INFO  datanode.InitDatanodeState (InitDatanodeState.java:persistContainerDatanodeDetails(138)) - DatanodeDetails is persisted to /home/runner/work/ozone/ozone/hadoop-ozone/integration-test/target/test-dir/MiniOzoneClusterImpl-9aae7230-fa35-4b48-a53d-d03fd74ea8aa/datanode-0/meta/datanode.id
2023-04-11 11:24:27,683 [Listener at 127.0.0.1/36969] INFO  upgrade.AbstractLayoutVersionManager (AbstractLayoutVersionManager.java:init(83)) - Initializing Layout version manager with metadata layout = WEBUI_PORTS_IN_DATANODEDETAILS (version = 6), software layout = WEBUI_PORTS_IN_DATANODEDETAILS (version = 6)
2023-04-11 11:24:27,733 [Listener at 127.0.0.1/36969] INFO  reflections.Reflections (Reflections.java:scan(232)) - Reflections took 49 ms to scan 7 urls, producing 156 keys and 369 values 
2023-04-11 11:24:27,735 [Listener at 127.0.0.1/36969] INFO  statemachine.DatanodeStateMachine (DatanodeStateMachine.java:getEndPointTaskThreadPoolSize(260)) - Datanode State Machine Task Thread Pool size 2
2023-04-11 11:24:27,736 [Listener at 127.0.0.1/36969] INFO  volume.HddsVolume (HddsVolume.java:<init>(130)) - Creating HddsVolume: /home/runner/work/ozone/ozone/hadoop-ozone/integration-test/target/test-dir/MiniOzoneClusterImpl-9aae7230-fa35-4b48-a53d-d03fd74ea8aa/datanode-1/data-0/containers/hdds of storage type : DISK capacity : 9223372036854775807
2023-04-11 11:24:27,737 [Listener at 127.0.0.1/36969] INFO  volume.MutableVolumeSet (MutableVolumeSet.java:initializeVolumeSet(175)) - Added Volume : /home/runner/work/ozone/ozone/hadoop-ozone/integration-test/target/test-dir/MiniOzoneClusterImpl-9aae7230-fa35-4b48-a53d-d03fd74ea8aa/datanode-1/data-0/containers/hdds to VolumeSet
2023-04-11 11:24:27,737 [Listener at 127.0.0.1/36969] INFO  volume.ThrottledAsyncChecker (ThrottledAsyncChecker.java:schedule(141)) - Scheduling a check for /home/runner/work/ozone/ozone/hadoop-ozone/integration-test/target/test-dir/MiniOzoneClusterImpl-9aae7230-fa35-4b48-a53d-d03fd74ea8aa/datanode-1/data-0/containers/hdds
2023-04-11 11:24:27,737 [Listener at 127.0.0.1/36969] INFO  volume.StorageVolumeChecker (StorageVolumeChecker.java:checkAllVolumes(202)) - Scheduled health check for volume /home/runner/work/ozone/ozone/hadoop-ozone/integration-test/target/test-dir/MiniOzoneClusterImpl-9aae7230-fa35-4b48-a53d-d03fd74ea8aa/datanode-1/data-0/containers/hdds
2023-04-11 11:24:27,749 [Listener at 127.0.0.1/36969] INFO  volume.MutableVolumeSet (MutableVolumeSet.java:initializeVolumeSet(175)) - Added Volume : /home/runner/work/ozone/ozone/hadoop-ozone/integration-test/target/test-dir/MiniOzoneClusterImpl-9aae7230-fa35-4b48-a53d-d03fd74ea8aa/datanode-1/data/ratis to VolumeSet
2023-04-11 11:24:27,750 [Listener at 127.0.0.1/36969] INFO  volume.ThrottledAsyncChecker (ThrottledAsyncChecker.java:schedule(141)) - Scheduling a check for /home/runner/work/ozone/ozone/hadoop-ozone/integration-test/target/test-dir/MiniOzoneClusterImpl-9aae7230-fa35-4b48-a53d-d03fd74ea8aa/datanode-1/data/ratis
2023-04-11 11:24:27,750 [Listener at 127.0.0.1/36969] INFO  volume.StorageVolumeChecker (StorageVolumeChecker.java:checkAllVolumes(202)) - Scheduled health check for volume /home/runner/work/ozone/ozone/hadoop-ozone/integration-test/target/test-dir/MiniOzoneClusterImpl-9aae7230-fa35-4b48-a53d-d03fd74ea8aa/datanode-1/data/ratis
2023-04-11 11:24:27,760 [Thread-631] INFO  ozoneimpl.ContainerReader (ContainerReader.java:readVolume(175)) - Finish verifying containers on volume /home/runner/work/ozone/ozone/hadoop-ozone/integration-test/target/test-dir/MiniOzoneClusterImpl-9aae7230-fa35-4b48-a53d-d03fd74ea8aa/datanode-1/data-0/containers/hdds
2023-04-11 11:24:27,760 [Listener at 127.0.0.1/36969] INFO  ozoneimpl.OzoneContainer (OzoneContainer.java:buildContainerSet(303)) - Build ContainerSet costs 0s
2023-04-11 11:24:27,763 [Listener at 127.0.0.1/36969] INFO  server.RaftServer (ConfUtils.java:logGet(46)) - raft.rpc.type = GRPC (default)
2023-04-11 11:24:27,763 [Listener at 127.0.0.1/36969] INFO  grpc.GrpcConfigKeys (ConfUtils.java:logFallback(53)) - raft.grpc.admin.host = null (fallback to raft.grpc.server.host)
2023-04-11 11:24:27,764 [Listener at 127.0.0.1/36969] INFO  grpc.GrpcConfigKeys (ConfUtils.java:logGet(46)) - raft.grpc.admin.port = 0 (custom)
2023-04-11 11:24:27,764 [Listener at 127.0.0.1/36969] INFO  grpc.GrpcConfigKeys (ConfUtils.java:logFallback(53)) - raft.grpc.client.host = null (fallback to raft.grpc.server.host)
2023-04-11 11:24:27,764 [Listener at 127.0.0.1/36969] INFO  grpc.GrpcConfigKeys (ConfUtils.java:logGet(46)) - raft.grpc.client.port = 0 (custom)
2023-04-11 11:24:27,764 [Listener at 127.0.0.1/36969] INFO  grpc.GrpcConfigKeys (ConfUtils.java:logGet(46)) - raft.grpc.server.host = null (default)
2023-04-11 11:24:27,764 [Listener at 127.0.0.1/36969] INFO  grpc.GrpcConfigKeys (ConfUtils.java:logGet(46)) - raft.grpc.server.port = 0 (default)
2023-04-11 11:24:27,764 [Listener at 127.0.0.1/36969] INFO  server.GrpcService (ConfUtils.java:logGet(46)) - raft.grpc.message.size.max = 32MB (=33554432) (custom)
2023-04-11 11:24:27,764 [Listener at 127.0.0.1/36969] INFO  server.RaftServerConfigKeys (ConfUtils.java:logGet(46)) - raft.server.log.appender.buffer.byte-limit = 33554432 (custom)
2023-04-11 11:24:27,764 [Listener at 127.0.0.1/36969] INFO  server.GrpcService (ConfUtils.java:logGet(46)) - raft.grpc.flow.control.window = 5MB (=5242880) (custom)
2023-04-11 11:24:27,764 [Listener at 127.0.0.1/36969] INFO  server.RaftServerConfigKeys (ConfUtils.java:logGet(46)) - raft.server.rpc.request.timeout = 60s (custom)
2023-04-11 11:24:27,764 [Listener at 127.0.0.1/36969] INFO  grpc.GrpcConfigKeys (ConfUtils.java:logGet(46)) - raft.grpc.server.heartbeat.channel = true (default)
2023-04-11 11:24:27,765 [Listener at 127.0.0.1/36969] INFO  grpc.GrpcConfigKeys (ConfUtils.java:logGet(46)) - raft.grpc.server.async.request.thread.pool.cached = true (default)
2023-04-11 11:24:27,765 [Listener at 127.0.0.1/36969] INFO  grpc.GrpcConfigKeys (ConfUtils.java:logGet(46)) - raft.grpc.server.async.request.thread.pool.size = 32 (default)
2023-04-11 11:24:27,766 [Listener at 127.0.0.1/36969] INFO  impl.DataStreamServerImpl (ConfUtils.java:logGet(46)) - raft.datastream.type = NETTY (custom)
2023-04-11 11:24:27,767 [Listener at 127.0.0.1/36969] INFO  server.RaftServerConfigKeys (ConfUtils.java:logGet(46)) - raft.server.data-stream.async.request.thread.pool.cached = false (default)
2023-04-11 11:24:27,767 [Listener at 127.0.0.1/36969] INFO  server.RaftServerConfigKeys (ConfUtils.java:logGet(46)) - raft.server.data-stream.async.request.thread.pool.size = 20 (custom)
2023-04-11 11:24:27,767 [Listener at 127.0.0.1/36969] INFO  server.RaftServerConfigKeys (ConfUtils.java:logGet(46)) - raft.server.data-stream.async.write.thread.pool.size = 16 (default)
2023-04-11 11:24:27,767 [Listener at 127.0.0.1/36969] INFO  server.RaftServerConfigKeys (ConfUtils.java:logGet(46)) - raft.server.data-stream.client.pool.size = 10 (default)
2023-04-11 11:24:27,767 [Listener at 127.0.0.1/36969] INFO  netty.NettyConfigKeys$DataStream (ConfUtils.java:logGet(46)) - raft.netty.dataStream.server.use-epoll = false (default)
2023-04-11 11:24:27,767 [Listener at 127.0.0.1/36969] INFO  netty.NettyConfigKeys$DataStream (ConfUtils.java:logGet(46)) - raft.netty.dataStream.server.boss-group.size = 0 (default)
2023-04-11 11:24:27,768 [Listener at 127.0.0.1/36969] INFO  netty.NettyConfigKeys$DataStream (ConfUtils.java:logGet(46)) - raft.netty.dataStream.server.worker-group.size = 0 (default)
2023-04-11 11:24:27,768 [Listener at 127.0.0.1/36969] INFO  netty.NettyConfigKeys$DataStream (ConfUtils.java:logGet(46)) - raft.netty.dataStream.server.tls.conf = null (default)
2023-04-11 11:24:27,768 [Listener at 127.0.0.1/36969] INFO  netty.NettyConfigKeys$DataStream (ConfUtils.java:logGet(46)) - raft.netty.dataStream.host = null (default)
2023-04-11 11:24:27,768 [Listener at 127.0.0.1/36969] INFO  netty.NettyConfigKeys$DataStream (ConfUtils.java:logGet(46)) - raft.netty.dataStream.port = 0 (default)
2023-04-11 11:24:27,769 [Listener at 127.0.0.1/36969] INFO  server.RaftServerConfigKeys (ConfUtils.java:logGet(46)) - raft.server.threadpool.proxy.cached = true (default)
2023-04-11 11:24:27,769 [Listener at 127.0.0.1/36969] INFO  server.RaftServerConfigKeys (ConfUtils.java:logGet(46)) - raft.server.threadpool.proxy.size = 0 (default)
2023-04-11 11:24:27,769 [Listener at 127.0.0.1/36969] INFO  server.RaftServerConfigKeys (ConfUtils.java:logGet(46)) - raft.server.rpc.slowness.timeout = 300s (custom)
2023-04-11 11:24:27,769 [91daf988-b498-4475-b6c7-add854a09df6-NettyServerStreamRpc-bossGroup--thread1] INFO  logging.LoggingHandler (AbstractInternalLogger.java:log(148)) - [id: 0x3deee654] REGISTERED
2023-04-11 11:24:27,769 [Listener at 127.0.0.1/36969] INFO  server.RaftServerConfigKeys (ConfUtils.java:logGet(46)) - raft.server.leaderelection.leader.step-down.wait-time = 10s (default)
2023-04-11 11:24:27,769 [91daf988-b498-4475-b6c7-add854a09df6-NettyServerStreamRpc-bossGroup--thread1] INFO  logging.LoggingHandler (AbstractInternalLogger.java:log(148)) - [id: 0x3deee654] BIND: 0.0.0.0/0.0.0.0:0
2023-04-11 11:24:27,769 [Listener at 127.0.0.1/36969] INFO  server.RaftServerConfigKeys (ConfUtils.java:logGet(46)) - raft.server.storage.dir = [/home/runner/work/ozone/ozone/hadoop-ozone/integration-test/target/test-dir/MiniOzoneClusterImpl-9aae7230-fa35-4b48-a53d-d03fd74ea8aa/datanode-1/data/ratis] (custom)
2023-04-11 11:24:27,770 [91daf988-b498-4475-b6c7-add854a09df6-NettyServerStreamRpc-bossGroup--thread1] INFO  logging.LoggingHandler (AbstractInternalLogger.java:log(148)) - [id: 0x3deee654, L:/0:0:0:0:0:0:0:0:33815] ACTIVE
2023-04-11 11:24:27,771 [Listener at 127.0.0.1/36969] INFO  server.XceiverServerGrpc (XceiverServerGrpc.java:<init>(132)) - GrpcServer channel type EpollServerSocketChannel
2023-04-11 11:24:27,775 [Listener at 127.0.0.1/36969] INFO  http.BaseHttpServer (BaseHttpServer.java:newHttpServer2BuilderForOzone(224)) - Starting Web-server for hddsDatanode at: http://0.0.0.0:0
2023-04-11 11:24:27,775 [Listener at 127.0.0.1/36969] INFO  http.BaseHttpServer (BaseHttpServer.java:<init>(111)) - Hadoop Security Enabled: false Ozone Security Enabled: false Ozone HTTP Security Enabled: false 
2023-04-11 11:24:27,776 [Listener at 127.0.0.1/36969] WARN  server.AuthenticationFilter (AuthenticationFilter.java:constructSecretProvider(240)) - Unable to initialize FileSignerSecretProvider, falling back to use random secrets. Reason: Could not read signature secret file: /home/runner/hadoop-http-auth-signature-secret
2023-04-11 11:24:27,777 [Listener at 127.0.0.1/36969] WARN  http.HttpRequestLog (HttpRequestLog.java:getRequestLog(103)) - Jetty request log can only be enabled using Log4j
2023-04-11 11:24:27,778 [Listener at 127.0.0.1/36969] INFO  http.HttpServer2 (HttpServer2.java:addGlobalFilter(1031)) - Added global filter 'safety' (class=org.apache.hadoop.hdds.server.http.HttpServer2$QuotingInputFilter)
2023-04-11 11:24:27,779 [Listener at 127.0.0.1/36969] INFO  http.HttpServer2 (HttpServer2.java:addFilter(1007)) - Added filter static_user_filter (class=org.apache.hadoop.http.lib.StaticUserWebFilter$StaticUserFilter) to context hddsDatanode
2023-04-11 11:24:27,779 [Listener at 127.0.0.1/36969] INFO  http.HttpServer2 (HttpServer2.java:addFilter(1015)) - Added filter static_user_filter (class=org.apache.hadoop.http.lib.StaticUserWebFilter$StaticUserFilter) to context logs
2023-04-11 11:24:27,779 [Listener at 127.0.0.1/36969] INFO  http.HttpServer2 (HttpServer2.java:addFilter(1015)) - Added filter static_user_filter (class=org.apache.hadoop.http.lib.StaticUserWebFilter$StaticUserFilter) to context static
2023-04-11 11:24:27,780 [Listener at 127.0.0.1/36969] INFO  http.BaseHttpServer (BaseHttpServer.java:<init>(190)) - HTTP server of hddsDatanode uses base directory /home/runner/work/ozone/ozone/hadoop-ozone/integration-test/target/test-dir/MiniOzoneClusterImpl-9aae7230-fa35-4b48-a53d-d03fd74ea8aa/datanode-1/meta/webserver
2023-04-11 11:24:27,780 [Listener at 127.0.0.1/36969] INFO  http.HttpServer2 (HttpServer2.java:bindListener(1250)) - Jetty bound to port 41863
2023-04-11 11:24:27,780 [Listener at 127.0.0.1/36969] INFO  server.Server (Server.java:doStart(375)) - jetty-9.4.49.v20220914; built: 2022-09-14T01:07:36.601Z; git: 4231a3b2e4cb8548a412a789936d640a97b1aa0a; jvm 1.8.0_362-b09
2023-04-11 11:24:27,781 [Listener at 127.0.0.1/36969] INFO  server.session (DefaultSessionIdManager.java:doStart(334)) - DefaultSessionIdManager workerName=node0
2023-04-11 11:24:27,781 [Listener at 127.0.0.1/36969] INFO  server.session (DefaultSessionIdManager.java:doStart(339)) - No SessionScavenger set, using defaults
2023-04-11 11:24:27,781 [Listener at 127.0.0.1/36969] INFO  server.session (HouseKeeper.java:startScavenging(132)) - node0 Scavenging every 600000ms
2023-04-11 11:24:27,782 [Listener at 127.0.0.1/36969] INFO  handler.ContextHandler (ContextHandler.java:doStart(921)) - Started o.e.j.s.ServletContextHandler@6ff2e880{logs,/logs,file:///home/runner/work/ozone/ozone/hadoop-ozone/integration-test/target/log,AVAILABLE}
2023-04-11 11:24:27,782 [Listener at 127.0.0.1/36969] INFO  handler.ContextHandler (ContextHandler.java:doStart(921)) - Started o.e.j.s.ServletContextHandler@a888ec1{static,/static,jar:file:/home/runner/.m2/repository/org/apache/ozone/hdds-container-service/1.4.0-SNAPSHOT/hdds-container-service-1.4.0-SNAPSHOT.jar!/webapps/static,AVAILABLE}
2023-04-11 11:24:27,972 [Listener at 127.0.0.1/36969] INFO  handler.ContextHandler (ContextHandler.java:doStart(921)) - Started o.e.j.w.WebAppContext@7b7ef483{hddsDatanode,/,file:///home/runner/work/ozone/ozone/hadoop-ozone/integration-test/target/test-dir/MiniOzoneClusterImpl-9aae7230-fa35-4b48-a53d-d03fd74ea8aa/datanode-1/meta/webserver/jetty-0_0_0_0-41863-hdds-container-service-1_4_0-SNAPSHOT_jar-_-any-598669028498575047/webapp/,AVAILABLE}{jar:file:/home/runner/.m2/repository/org/apache/ozone/hdds-container-service/1.4.0-SNAPSHOT/hdds-container-service-1.4.0-SNAPSHOT.jar!/webapps/hddsDatanode}
2023-04-11 11:24:27,975 [Listener at 127.0.0.1/36969] INFO  server.AbstractConnector (AbstractConnector.java:doStart(333)) - Started ServerConnector@116eaf4f{HTTP/1.1, (http/1.1)}{0.0.0.0:41863}
2023-04-11 11:24:27,975 [Listener at 127.0.0.1/36969] INFO  server.Server (Server.java:doStart(415)) - Started @82602ms
2023-04-11 11:24:27,975 [Listener at 127.0.0.1/36969] WARN  impl.MetricsSystemImpl (MetricsSystemImpl.java:register(279)) - Sink prometheus already exists!
2023-04-11 11:24:27,976 [Listener at 127.0.0.1/36969] INFO  http.BaseHttpServer (BaseHttpServer.java:updateConnectorAddress(344)) - HTTP server of hddsDatanode listening at http://0.0.0.0:41863
2023-04-11 11:24:27,978 [Listener at 127.0.0.1/36969] WARN  impl.MetricRegistriesImpl (MetricRegistriesImpl.java:addReporterRegistration(111)) - New reporters are added after registries were created. Some metrics will be missing from the reporter. Please add reporter before adding any new registry.
2023-04-11 11:24:27,978 [Listener at 127.0.0.1/36969] WARN  impl.MetricRegistriesImpl (MetricRegistriesImpl.java:addReporterRegistration(111)) - New reporters are added after registries were created. Some metrics will be missing from the reporter. Please add reporter before adding any new registry.
2023-04-11 11:24:27,978 [Listener at 127.0.0.1/36969] INFO  impl.MetricsSystemImpl (MetricsSystemImpl.java:init(158)) - HddsDatanode metrics system started (again)
2023-04-11 11:24:27,984 [Datanode State Machine Daemon Thread] INFO  statemachine.DatanodeStateMachine (DatanodeStateMachine.java:lambda$startDaemon$0(517)) - Ozone container server started.
2023-04-11 11:24:27,996 [Listener at 127.0.0.1/36969] INFO  ozone.HddsDatanodeService (HddsDatanodeService.java:start(252)) - HddsDatanodeService host:fv-az590-525.scpgifznvsounmmscp2whtfmwe.cx.internal.cloudapp.net ip:10.1.0.37
2023-04-11 11:24:27,999 [org.apache.hadoop.util.JvmPauseMonitor$Monitor@2750b179] INFO  util.JvmPauseMonitor (JvmPauseMonitor.java:run(188)) - Starting JVM pause monitor
2023-04-11 11:24:28,002 [Datanode State Machine Task Thread - 0] INFO  datanode.InitDatanodeState (InitDatanodeState.java:persistContainerDatanodeDetails(138)) - DatanodeDetails is persisted to /home/runner/work/ozone/ozone/hadoop-ozone/integration-test/target/test-dir/MiniOzoneClusterImpl-9aae7230-fa35-4b48-a53d-d03fd74ea8aa/datanode-1/meta/datanode.id
2023-04-11 11:24:28,021 [Listener at 127.0.0.1/36969] INFO  upgrade.AbstractLayoutVersionManager (AbstractLayoutVersionManager.java:init(83)) - Initializing Layout version manager with metadata layout = WEBUI_PORTS_IN_DATANODEDETAILS (version = 6), software layout = WEBUI_PORTS_IN_DATANODEDETAILS (version = 6)
2023-04-11 11:24:28,074 [Listener at 127.0.0.1/36969] INFO  reflections.Reflections (Reflections.java:scan(232)) - Reflections took 51 ms to scan 7 urls, producing 156 keys and 369 values 
2023-04-11 11:24:28,076 [Listener at 127.0.0.1/36969] INFO  statemachine.DatanodeStateMachine (DatanodeStateMachine.java:getEndPointTaskThreadPoolSize(260)) - Datanode State Machine Task Thread Pool size 2
2023-04-11 11:24:28,092 [Listener at 127.0.0.1/36969] INFO  volume.HddsVolume (HddsVolume.java:<init>(130)) - Creating HddsVolume: /home/runner/work/ozone/ozone/hadoop-ozone/integration-test/target/test-dir/MiniOzoneClusterImpl-9aae7230-fa35-4b48-a53d-d03fd74ea8aa/datanode-2/data-0/containers/hdds of storage type : DISK capacity : 9223372036854775807
2023-04-11 11:24:28,093 [Listener at 127.0.0.1/36969] INFO  volume.MutableVolumeSet (MutableVolumeSet.java:initializeVolumeSet(175)) - Added Volume : /home/runner/work/ozone/ozone/hadoop-ozone/integration-test/target/test-dir/MiniOzoneClusterImpl-9aae7230-fa35-4b48-a53d-d03fd74ea8aa/datanode-2/data-0/containers/hdds to VolumeSet
2023-04-11 11:24:28,093 [Listener at 127.0.0.1/36969] INFO  volume.ThrottledAsyncChecker (ThrottledAsyncChecker.java:schedule(141)) - Scheduling a check for /home/runner/work/ozone/ozone/hadoop-ozone/integration-test/target/test-dir/MiniOzoneClusterImpl-9aae7230-fa35-4b48-a53d-d03fd74ea8aa/datanode-2/data-0/containers/hdds
2023-04-11 11:24:28,095 [Listener at 127.0.0.1/36969] INFO  volume.StorageVolumeChecker (StorageVolumeChecker.java:checkAllVolumes(202)) - Scheduled health check for volume /home/runner/work/ozone/ozone/hadoop-ozone/integration-test/target/test-dir/MiniOzoneClusterImpl-9aae7230-fa35-4b48-a53d-d03fd74ea8aa/datanode-2/data-0/containers/hdds
2023-04-11 11:24:28,109 [Listener at 127.0.0.1/36969] INFO  volume.MutableVolumeSet (MutableVolumeSet.java:initializeVolumeSet(175)) - Added Volume : /home/runner/work/ozone/ozone/hadoop-ozone/integration-test/target/test-dir/MiniOzoneClusterImpl-9aae7230-fa35-4b48-a53d-d03fd74ea8aa/datanode-2/data/ratis to VolumeSet
2023-04-11 11:24:28,110 [Listener at 127.0.0.1/36969] INFO  volume.ThrottledAsyncChecker (ThrottledAsyncChecker.java:schedule(141)) - Scheduling a check for /home/runner/work/ozone/ozone/hadoop-ozone/integration-test/target/test-dir/MiniOzoneClusterImpl-9aae7230-fa35-4b48-a53d-d03fd74ea8aa/datanode-2/data/ratis
2023-04-11 11:24:28,110 [Listener at 127.0.0.1/36969] INFO  volume.StorageVolumeChecker (StorageVolumeChecker.java:checkAllVolumes(202)) - Scheduled health check for volume /home/runner/work/ozone/ozone/hadoop-ozone/integration-test/target/test-dir/MiniOzoneClusterImpl-9aae7230-fa35-4b48-a53d-d03fd74ea8aa/datanode-2/data/ratis
2023-04-11 11:24:28,122 [Thread-645] INFO  ozoneimpl.ContainerReader (ContainerReader.java:readVolume(175)) - Finish verifying containers on volume /home/runner/work/ozone/ozone/hadoop-ozone/integration-test/target/test-dir/MiniOzoneClusterImpl-9aae7230-fa35-4b48-a53d-d03fd74ea8aa/datanode-2/data-0/containers/hdds
2023-04-11 11:24:28,122 [Listener at 127.0.0.1/36969] INFO  ozoneimpl.OzoneContainer (OzoneContainer.java:buildContainerSet(303)) - Build ContainerSet costs 0s
2023-04-11 11:24:28,127 [Listener at 127.0.0.1/36969] INFO  server.RaftServer (ConfUtils.java:logGet(46)) - raft.rpc.type = GRPC (default)
2023-04-11 11:24:28,127 [Listener at 127.0.0.1/36969] INFO  grpc.GrpcConfigKeys (ConfUtils.java:logFallback(53)) - raft.grpc.admin.host = null (fallback to raft.grpc.server.host)
2023-04-11 11:24:28,127 [Listener at 127.0.0.1/36969] INFO  grpc.GrpcConfigKeys (ConfUtils.java:logGet(46)) - raft.grpc.admin.port = 0 (custom)
2023-04-11 11:24:28,128 [Listener at 127.0.0.1/36969] INFO  grpc.GrpcConfigKeys (ConfUtils.java:logFallback(53)) - raft.grpc.client.host = null (fallback to raft.grpc.server.host)
2023-04-11 11:24:28,128 [Listener at 127.0.0.1/36969] INFO  grpc.GrpcConfigKeys (ConfUtils.java:logGet(46)) - raft.grpc.client.port = 0 (custom)
2023-04-11 11:24:28,128 [Listener at 127.0.0.1/36969] INFO  grpc.GrpcConfigKeys (ConfUtils.java:logGet(46)) - raft.grpc.server.host = null (default)
2023-04-11 11:24:28,128 [Listener at 127.0.0.1/36969] INFO  grpc.GrpcConfigKeys (ConfUtils.java:logGet(46)) - raft.grpc.server.port = 0 (default)
2023-04-11 11:24:28,128 [Listener at 127.0.0.1/36969] INFO  server.GrpcService (ConfUtils.java:logGet(46)) - raft.grpc.message.size.max = 32MB (=33554432) (custom)
2023-04-11 11:24:28,128 [Listener at 127.0.0.1/36969] INFO  server.RaftServerConfigKeys (ConfUtils.java:logGet(46)) - raft.server.log.appender.buffer.byte-limit = 33554432 (custom)
2023-04-11 11:24:28,128 [Listener at 127.0.0.1/36969] INFO  server.GrpcService (ConfUtils.java:logGet(46)) - raft.grpc.flow.control.window = 5MB (=5242880) (custom)
2023-04-11 11:24:28,128 [Listener at 127.0.0.1/36969] INFO  server.RaftServerConfigKeys (ConfUtils.java:logGet(46)) - raft.server.rpc.request.timeout = 60s (custom)
2023-04-11 11:24:28,128 [Listener at 127.0.0.1/36969] INFO  grpc.GrpcConfigKeys (ConfUtils.java:logGet(46)) - raft.grpc.server.heartbeat.channel = true (default)
2023-04-11 11:24:28,128 [Listener at 127.0.0.1/36969] INFO  grpc.GrpcConfigKeys (ConfUtils.java:logGet(46)) - raft.grpc.server.async.request.thread.pool.cached = true (default)
2023-04-11 11:24:28,129 [Listener at 127.0.0.1/36969] INFO  grpc.GrpcConfigKeys (ConfUtils.java:logGet(46)) - raft.grpc.server.async.request.thread.pool.size = 32 (default)
2023-04-11 11:24:28,131 [Listener at 127.0.0.1/36969] INFO  impl.DataStreamServerImpl (ConfUtils.java:logGet(46)) - raft.datastream.type = NETTY (custom)
2023-04-11 11:24:28,138 [Listener at 127.0.0.1/36969] INFO  server.RaftServerConfigKeys (ConfUtils.java:logGet(46)) - raft.server.data-stream.async.request.thread.pool.cached = false (default)
2023-04-11 11:24:28,138 [Listener at 127.0.0.1/36969] INFO  server.RaftServerConfigKeys (ConfUtils.java:logGet(46)) - raft.server.data-stream.async.request.thread.pool.size = 20 (custom)
2023-04-11 11:24:28,138 [Listener at 127.0.0.1/36969] INFO  server.RaftServerConfigKeys (ConfUtils.java:logGet(46)) - raft.server.data-stream.async.write.thread.pool.size = 16 (default)
2023-04-11 11:24:28,138 [Listener at 127.0.0.1/36969] INFO  server.RaftServerConfigKeys (ConfUtils.java:logGet(46)) - raft.server.data-stream.client.pool.size = 10 (default)
2023-04-11 11:24:28,138 [Listener at 127.0.0.1/36969] INFO  netty.NettyConfigKeys$DataStream (ConfUtils.java:logGet(46)) - raft.netty.dataStream.server.use-epoll = false (default)
2023-04-11 11:24:28,138 [Listener at 127.0.0.1/36969] INFO  netty.NettyConfigKeys$DataStream (ConfUtils.java:logGet(46)) - raft.netty.dataStream.server.boss-group.size = 0 (default)
2023-04-11 11:24:28,139 [Listener at 127.0.0.1/36969] INFO  netty.NettyConfigKeys$DataStream (ConfUtils.java:logGet(46)) - raft.netty.dataStream.server.worker-group.size = 0 (default)
2023-04-11 11:24:28,139 [Listener at 127.0.0.1/36969] INFO  netty.NettyConfigKeys$DataStream (ConfUtils.java:logGet(46)) - raft.netty.dataStream.server.tls.conf = null (default)
2023-04-11 11:24:28,139 [Listener at 127.0.0.1/36969] INFO  netty.NettyConfigKeys$DataStream (ConfUtils.java:logGet(46)) - raft.netty.dataStream.host = null (default)
2023-04-11 11:24:28,139 [Listener at 127.0.0.1/36969] INFO  netty.NettyConfigKeys$DataStream (ConfUtils.java:logGet(46)) - raft.netty.dataStream.port = 0 (default)
2023-04-11 11:24:28,141 [Listener at 127.0.0.1/36969] INFO  server.RaftServerConfigKeys (ConfUtils.java:logGet(46)) - raft.server.threadpool.proxy.cached = true (default)
2023-04-11 11:24:28,141 [Listener at 127.0.0.1/36969] INFO  server.RaftServerConfigKeys (ConfUtils.java:logGet(46)) - raft.server.threadpool.proxy.size = 0 (default)
2023-04-11 11:24:28,141 [Listener at 127.0.0.1/36969] INFO  server.RaftServerConfigKeys (ConfUtils.java:logGet(46)) - raft.server.rpc.slowness.timeout = 300s (custom)
2023-04-11 11:24:28,141 [Listener at 127.0.0.1/36969] INFO  server.RaftServerConfigKeys (ConfUtils.java:logGet(46)) - raft.server.leaderelection.leader.step-down.wait-time = 10s (default)
2023-04-11 11:24:28,141 [Listener at 127.0.0.1/36969] INFO  server.RaftServerConfigKeys (ConfUtils.java:logGet(46)) - raft.server.storage.dir = [/home/runner/work/ozone/ozone/hadoop-ozone/integration-test/target/test-dir/MiniOzoneClusterImpl-9aae7230-fa35-4b48-a53d-d03fd74ea8aa/datanode-2/data/ratis] (custom)
2023-04-11 11:24:28,143 [4797470f-ac54-44b7-9b0a-d535466dc4d7-NettyServerStreamRpc-bossGroup--thread1] INFO  logging.LoggingHandler (AbstractInternalLogger.java:log(148)) - [id: 0x385d83c8] REGISTERED
2023-04-11 11:24:28,143 [4797470f-ac54-44b7-9b0a-d535466dc4d7-NettyServerStreamRpc-bossGroup--thread1] INFO  logging.LoggingHandler (AbstractInternalLogger.java:log(148)) - [id: 0x385d83c8] BIND: 0.0.0.0/0.0.0.0:0
2023-04-11 11:24:28,143 [4797470f-ac54-44b7-9b0a-d535466dc4d7-NettyServerStreamRpc-bossGroup--thread1] INFO  logging.LoggingHandler (AbstractInternalLogger.java:log(148)) - [id: 0x385d83c8, L:/0:0:0:0:0:0:0:0:36341] ACTIVE
2023-04-11 11:24:28,143 [Listener at 127.0.0.1/36969] INFO  server.XceiverServerGrpc (XceiverServerGrpc.java:<init>(132)) - GrpcServer channel type EpollServerSocketChannel
2023-04-11 11:24:28,147 [Listener at 127.0.0.1/36969] INFO  http.BaseHttpServer (BaseHttpServer.java:newHttpServer2BuilderForOzone(224)) - Starting Web-server for hddsDatanode at: http://0.0.0.0:0
2023-04-11 11:24:28,147 [Listener at 127.0.0.1/36969] INFO  http.BaseHttpServer (BaseHttpServer.java:<init>(111)) - Hadoop Security Enabled: false Ozone Security Enabled: false Ozone HTTP Security Enabled: false 
2023-04-11 11:24:28,148 [Listener at 127.0.0.1/36969] WARN  server.AuthenticationFilter (AuthenticationFilter.java:constructSecretProvider(240)) - Unable to initialize FileSignerSecretProvider, falling back to use random secrets. Reason: Could not read signature secret file: /home/runner/hadoop-http-auth-signature-secret
2023-04-11 11:24:28,149 [Listener at 127.0.0.1/36969] WARN  http.HttpRequestLog (HttpRequestLog.java:getRequestLog(103)) - Jetty request log can only be enabled using Log4j
2023-04-11 11:24:28,150 [Listener at 127.0.0.1/36969] INFO  http.HttpServer2 (HttpServer2.java:addGlobalFilter(1031)) - Added global filter 'safety' (class=org.apache.hadoop.hdds.server.http.HttpServer2$QuotingInputFilter)
2023-04-11 11:24:28,151 [Listener at 127.0.0.1/36969] INFO  http.HttpServer2 (HttpServer2.java:addFilter(1007)) - Added filter static_user_filter (class=org.apache.hadoop.http.lib.StaticUserWebFilter$StaticUserFilter) to context hddsDatanode
2023-04-11 11:24:28,151 [Listener at 127.0.0.1/36969] INFO  http.HttpServer2 (HttpServer2.java:addFilter(1015)) - Added filter static_user_filter (class=org.apache.hadoop.http.lib.StaticUserWebFilter$StaticUserFilter) to context logs
2023-04-11 11:24:28,151 [Listener at 127.0.0.1/36969] INFO  http.HttpServer2 (HttpServer2.java:addFilter(1015)) - Added filter static_user_filter (class=org.apache.hadoop.http.lib.StaticUserWebFilter$StaticUserFilter) to context static
2023-04-11 11:24:28,151 [Listener at 127.0.0.1/36969] INFO  http.BaseHttpServer (BaseHttpServer.java:<init>(190)) - HTTP server of hddsDatanode uses base directory /home/runner/work/ozone/ozone/hadoop-ozone/integration-test/target/test-dir/MiniOzoneClusterImpl-9aae7230-fa35-4b48-a53d-d03fd74ea8aa/datanode-2/meta/webserver
2023-04-11 11:24:28,152 [Listener at 127.0.0.1/36969] INFO  http.HttpServer2 (HttpServer2.java:bindListener(1250)) - Jetty bound to port 38171
2023-04-11 11:24:28,152 [Listener at 127.0.0.1/36969] INFO  server.Server (Server.java:doStart(375)) - jetty-9.4.49.v20220914; built: 2022-09-14T01:07:36.601Z; git: 4231a3b2e4cb8548a412a789936d640a97b1aa0a; jvm 1.8.0_362-b09
2023-04-11 11:24:28,153 [Listener at 127.0.0.1/36969] INFO  server.session (DefaultSessionIdManager.java:doStart(334)) - DefaultSessionIdManager workerName=node0
2023-04-11 11:24:28,153 [Listener at 127.0.0.1/36969] INFO  server.session (DefaultSessionIdManager.java:doStart(339)) - No SessionScavenger set, using defaults
2023-04-11 11:24:28,153 [Listener at 127.0.0.1/36969] INFO  server.session (HouseKeeper.java:startScavenging(132)) - node0 Scavenging every 600000ms
2023-04-11 11:24:28,154 [Listener at 127.0.0.1/36969] INFO  handler.ContextHandler (ContextHandler.java:doStart(921)) - Started o.e.j.s.ServletContextHandler@423223d2{logs,/logs,file:///home/runner/work/ozone/ozone/hadoop-ozone/integration-test/target/log,AVAILABLE}
2023-04-11 11:24:28,154 [Listener at 127.0.0.1/36969] INFO  handler.ContextHandler (ContextHandler.java:doStart(921)) - Started o.e.j.s.ServletContextHandler@5e0fd605{static,/static,jar:file:/home/runner/.m2/repository/org/apache/ozone/hdds-container-service/1.4.0-SNAPSHOT/hdds-container-service-1.4.0-SNAPSHOT.jar!/webapps/static,AVAILABLE}
2023-04-11 11:24:28,346 [Listener at 127.0.0.1/36969] INFO  handler.ContextHandler (ContextHandler.java:doStart(921)) - Started o.e.j.w.WebAppContext@30f88a09{hddsDatanode,/,file:///home/runner/work/ozone/ozone/hadoop-ozone/integration-test/target/test-dir/MiniOzoneClusterImpl-9aae7230-fa35-4b48-a53d-d03fd74ea8aa/datanode-2/meta/webserver/jetty-0_0_0_0-38171-hdds-container-service-1_4_0-SNAPSHOT_jar-_-any-2352505250766459819/webapp/,AVAILABLE}{jar:file:/home/runner/.m2/repository/org/apache/ozone/hdds-container-service/1.4.0-SNAPSHOT/hdds-container-service-1.4.0-SNAPSHOT.jar!/webapps/hddsDatanode}
2023-04-11 11:24:28,348 [Listener at 127.0.0.1/36969] INFO  server.AbstractConnector (AbstractConnector.java:doStart(333)) - Started ServerConnector@3c3fab0f{HTTP/1.1, (http/1.1)}{0.0.0.0:38171}
2023-04-11 11:24:28,348 [Listener at 127.0.0.1/36969] INFO  server.Server (Server.java:doStart(415)) - Started @82975ms
2023-04-11 11:24:28,348 [Listener at 127.0.0.1/36969] WARN  impl.MetricsSystemImpl (MetricsSystemImpl.java:register(279)) - Sink prometheus already exists!
2023-04-11 11:24:28,349 [Listener at 127.0.0.1/36969] INFO  http.BaseHttpServer (BaseHttpServer.java:updateConnectorAddress(344)) - HTTP server of hddsDatanode listening at http://0.0.0.0:38171
2023-04-11 11:24:28,349 [Listener at 127.0.0.1/36969] WARN  impl.MetricRegistriesImpl (MetricRegistriesImpl.java:addReporterRegistration(111)) - New reporters are added after registries were created. Some metrics will be missing from the reporter. Please add reporter before adding any new registry.
2023-04-11 11:24:28,349 [Listener at 127.0.0.1/36969] WARN  impl.MetricRegistriesImpl (MetricRegistriesImpl.java:addReporterRegistration(111)) - New reporters are added after registries were created. Some metrics will be missing from the reporter. Please add reporter before adding any new registry.
2023-04-11 11:24:28,349 [Listener at 127.0.0.1/36969] INFO  impl.MetricsSystemImpl (MetricsSystemImpl.java:init(158)) - HddsDatanode metrics system started (again)
2023-04-11 11:24:28,358 [Datanode State Machine Daemon Thread] INFO  statemachine.DatanodeStateMachine (DatanodeStateMachine.java:lambda$startDaemon$0(517)) - Ozone container server started.
2023-04-11 11:24:28,363 [org.apache.hadoop.util.JvmPauseMonitor$Monitor@7065da77] INFO  util.JvmPauseMonitor (JvmPauseMonitor.java:run(188)) - Starting JVM pause monitor
2023-04-11 11:24:28,367 [Listener at 127.0.0.1/36969] INFO  ozone.HddsDatanodeService (HddsDatanodeService.java:start(252)) - HddsDatanodeService host:fv-az590-525.scpgifznvsounmmscp2whtfmwe.cx.internal.cloudapp.net ip:10.1.0.37
2023-04-11 11:24:28,378 [Datanode State Machine Task Thread - 0] INFO  datanode.InitDatanodeState (InitDatanodeState.java:persistContainerDatanodeDetails(138)) - DatanodeDetails is persisted to /home/runner/work/ozone/ozone/hadoop-ozone/integration-test/target/test-dir/MiniOzoneClusterImpl-9aae7230-fa35-4b48-a53d-d03fd74ea8aa/datanode-2/meta/datanode.id
2023-04-11 11:24:28,402 [Listener at 127.0.0.1/36969] INFO  upgrade.AbstractLayoutVersionManager (AbstractLayoutVersionManager.java:init(83)) - Initializing Layout version manager with metadata layout = WEBUI_PORTS_IN_DATANODEDETAILS (version = 6), software layout = WEBUI_PORTS_IN_DATANODEDETAILS (version = 6)
2023-04-11 11:24:28,449 [Listener at 127.0.0.1/36969] INFO  reflections.Reflections (Reflections.java:scan(232)) - Reflections took 45 ms to scan 7 urls, producing 156 keys and 369 values 
2023-04-11 11:24:28,450 [Listener at 127.0.0.1/36969] INFO  statemachine.DatanodeStateMachine (DatanodeStateMachine.java:getEndPointTaskThreadPoolSize(260)) - Datanode State Machine Task Thread Pool size 2
2023-04-11 11:24:28,454 [Listener at 127.0.0.1/36969] INFO  volume.HddsVolume (HddsVolume.java:<init>(130)) - Creating HddsVolume: /home/runner/work/ozone/ozone/hadoop-ozone/integration-test/target/test-dir/MiniOzoneClusterImpl-9aae7230-fa35-4b48-a53d-d03fd74ea8aa/datanode-3/data-0/containers/hdds of storage type : DISK capacity : 9223372036854775807
2023-04-11 11:24:28,455 [Listener at 127.0.0.1/36969] INFO  volume.MutableVolumeSet (MutableVolumeSet.java:initializeVolumeSet(175)) - Added Volume : /home/runner/work/ozone/ozone/hadoop-ozone/integration-test/target/test-dir/MiniOzoneClusterImpl-9aae7230-fa35-4b48-a53d-d03fd74ea8aa/datanode-3/data-0/containers/hdds to VolumeSet
2023-04-11 11:24:28,455 [Listener at 127.0.0.1/36969] INFO  volume.ThrottledAsyncChecker (ThrottledAsyncChecker.java:schedule(141)) - Scheduling a check for /home/runner/work/ozone/ozone/hadoop-ozone/integration-test/target/test-dir/MiniOzoneClusterImpl-9aae7230-fa35-4b48-a53d-d03fd74ea8aa/datanode-3/data-0/containers/hdds
2023-04-11 11:24:28,456 [Listener at 127.0.0.1/36969] INFO  volume.StorageVolumeChecker (StorageVolumeChecker.java:checkAllVolumes(202)) - Scheduled health check for volume /home/runner/work/ozone/ozone/hadoop-ozone/integration-test/target/test-dir/MiniOzoneClusterImpl-9aae7230-fa35-4b48-a53d-d03fd74ea8aa/datanode-3/data-0/containers/hdds
2023-04-11 11:24:28,469 [Listener at 127.0.0.1/36969] INFO  volume.MutableVolumeSet (MutableVolumeSet.java:initializeVolumeSet(175)) - Added Volume : /home/runner/work/ozone/ozone/hadoop-ozone/integration-test/target/test-dir/MiniOzoneClusterImpl-9aae7230-fa35-4b48-a53d-d03fd74ea8aa/datanode-3/data/ratis to VolumeSet
2023-04-11 11:24:28,469 [Listener at 127.0.0.1/36969] INFO  volume.ThrottledAsyncChecker (ThrottledAsyncChecker.java:schedule(141)) - Scheduling a check for /home/runner/work/ozone/ozone/hadoop-ozone/integration-test/target/test-dir/MiniOzoneClusterImpl-9aae7230-fa35-4b48-a53d-d03fd74ea8aa/datanode-3/data/ratis
2023-04-11 11:24:28,469 [Listener at 127.0.0.1/36969] INFO  volume.StorageVolumeChecker (StorageVolumeChecker.java:checkAllVolumes(202)) - Scheduled health check for volume /home/runner/work/ozone/ozone/hadoop-ozone/integration-test/target/test-dir/MiniOzoneClusterImpl-9aae7230-fa35-4b48-a53d-d03fd74ea8aa/datanode-3/data/ratis
2023-04-11 11:24:28,481 [Thread-659] INFO  ozoneimpl.ContainerReader (ContainerReader.java:readVolume(175)) - Finish verifying containers on volume /home/runner/work/ozone/ozone/hadoop-ozone/integration-test/target/test-dir/MiniOzoneClusterImpl-9aae7230-fa35-4b48-a53d-d03fd74ea8aa/datanode-3/data-0/containers/hdds
2023-04-11 11:24:28,481 [Listener at 127.0.0.1/36969] INFO  ozoneimpl.OzoneContainer (OzoneContainer.java:buildContainerSet(303)) - Build ContainerSet costs 0s
2023-04-11 11:24:28,483 [Listener at 127.0.0.1/36969] INFO  server.RaftServer (ConfUtils.java:logGet(46)) - raft.rpc.type = GRPC (default)
2023-04-11 11:24:28,484 [Listener at 127.0.0.1/36969] INFO  grpc.GrpcConfigKeys (ConfUtils.java:logFallback(53)) - raft.grpc.admin.host = null (fallback to raft.grpc.server.host)
2023-04-11 11:24:28,484 [Listener at 127.0.0.1/36969] INFO  grpc.GrpcConfigKeys (ConfUtils.java:logGet(46)) - raft.grpc.admin.port = 0 (custom)
2023-04-11 11:24:28,484 [Listener at 127.0.0.1/36969] INFO  grpc.GrpcConfigKeys (ConfUtils.java:logFallback(53)) - raft.grpc.client.host = null (fallback to raft.grpc.server.host)
2023-04-11 11:24:28,484 [Listener at 127.0.0.1/36969] INFO  grpc.GrpcConfigKeys (ConfUtils.java:logGet(46)) - raft.grpc.client.port = 0 (custom)
2023-04-11 11:24:28,484 [Listener at 127.0.0.1/36969] INFO  grpc.GrpcConfigKeys (ConfUtils.java:logGet(46)) - raft.grpc.server.host = null (default)
2023-04-11 11:24:28,484 [Listener at 127.0.0.1/36969] INFO  grpc.GrpcConfigKeys (ConfUtils.java:logGet(46)) - raft.grpc.server.port = 0 (default)
2023-04-11 11:24:28,484 [Listener at 127.0.0.1/36969] INFO  server.GrpcService (ConfUtils.java:logGet(46)) - raft.grpc.message.size.max = 32MB (=33554432) (custom)
2023-04-11 11:24:28,484 [Listener at 127.0.0.1/36969] INFO  server.RaftServerConfigKeys (ConfUtils.java:logGet(46)) - raft.server.log.appender.buffer.byte-limit = 33554432 (custom)
2023-04-11 11:24:28,484 [Listener at 127.0.0.1/36969] INFO  server.GrpcService (ConfUtils.java:logGet(46)) - raft.grpc.flow.control.window = 5MB (=5242880) (custom)
2023-04-11 11:24:28,485 [Listener at 127.0.0.1/36969] INFO  server.RaftServerConfigKeys (ConfUtils.java:logGet(46)) - raft.server.rpc.request.timeout = 60s (custom)
2023-04-11 11:24:28,485 [Listener at 127.0.0.1/36969] INFO  grpc.GrpcConfigKeys (ConfUtils.java:logGet(46)) - raft.grpc.server.heartbeat.channel = true (default)
2023-04-11 11:24:28,485 [Listener at 127.0.0.1/36969] INFO  grpc.GrpcConfigKeys (ConfUtils.java:logGet(46)) - raft.grpc.server.async.request.thread.pool.cached = true (default)
2023-04-11 11:24:28,485 [Listener at 127.0.0.1/36969] INFO  grpc.GrpcConfigKeys (ConfUtils.java:logGet(46)) - raft.grpc.server.async.request.thread.pool.size = 32 (default)
2023-04-11 11:24:28,486 [Listener at 127.0.0.1/36969] INFO  impl.DataStreamServerImpl (ConfUtils.java:logGet(46)) - raft.datastream.type = NETTY (custom)
2023-04-11 11:24:28,492 [Listener at 127.0.0.1/36969] INFO  server.RaftServerConfigKeys (ConfUtils.java:logGet(46)) - raft.server.data-stream.async.request.thread.pool.cached = false (default)
2023-04-11 11:24:28,492 [Listener at 127.0.0.1/36969] INFO  server.RaftServerConfigKeys (ConfUtils.java:logGet(46)) - raft.server.data-stream.async.request.thread.pool.size = 20 (custom)
2023-04-11 11:24:28,492 [Listener at 127.0.0.1/36969] INFO  server.RaftServerConfigKeys (ConfUtils.java:logGet(46)) - raft.server.data-stream.async.write.thread.pool.size = 16 (default)
2023-04-11 11:24:28,493 [Listener at 127.0.0.1/36969] INFO  server.RaftServerConfigKeys (ConfUtils.java:logGet(46)) - raft.server.data-stream.client.pool.size = 10 (default)
2023-04-11 11:24:28,493 [Listener at 127.0.0.1/36969] INFO  netty.NettyConfigKeys$DataStream (ConfUtils.java:logGet(46)) - raft.netty.dataStream.server.use-epoll = false (default)
2023-04-11 11:24:28,493 [Listener at 127.0.0.1/36969] INFO  netty.NettyConfigKeys$DataStream (ConfUtils.java:logGet(46)) - raft.netty.dataStream.server.boss-group.size = 0 (default)
2023-04-11 11:24:28,493 [Listener at 127.0.0.1/36969] INFO  netty.NettyConfigKeys$DataStream (ConfUtils.java:logGet(46)) - raft.netty.dataStream.server.worker-group.size = 0 (default)
2023-04-11 11:24:28,494 [Listener at 127.0.0.1/36969] INFO  netty.NettyConfigKeys$DataStream (ConfUtils.java:logGet(46)) - raft.netty.dataStream.server.tls.conf = null (default)
2023-04-11 11:24:28,495 [Listener at 127.0.0.1/36969] INFO  netty.NettyConfigKeys$DataStream (ConfUtils.java:logGet(46)) - raft.netty.dataStream.host = null (default)
2023-04-11 11:24:28,495 [Listener at 127.0.0.1/36969] INFO  netty.NettyConfigKeys$DataStream (ConfUtils.java:logGet(46)) - raft.netty.dataStream.port = 0 (default)
2023-04-11 11:24:28,496 [Listener at 127.0.0.1/36969] INFO  server.RaftServerConfigKeys (ConfUtils.java:logGet(46)) - raft.server.threadpool.proxy.cached = true (default)
2023-04-11 11:24:28,496 [Listener at 127.0.0.1/36969] INFO  server.RaftServerConfigKeys (ConfUtils.java:logGet(46)) - raft.server.threadpool.proxy.size = 0 (default)
2023-04-11 11:24:28,496 [Listener at 127.0.0.1/36969] INFO  server.RaftServerConfigKeys (ConfUtils.java:logGet(46)) - raft.server.rpc.slowness.timeout = 300s (custom)
2023-04-11 11:24:28,496 [Listener at 127.0.0.1/36969] INFO  server.RaftServerConfigKeys (ConfUtils.java:logGet(46)) - raft.server.leaderelection.leader.step-down.wait-time = 10s (default)
2023-04-11 11:24:28,496 [Listener at 127.0.0.1/36969] INFO  server.RaftServerConfigKeys (ConfUtils.java:logGet(46)) - raft.server.storage.dir = [/home/runner/work/ozone/ozone/hadoop-ozone/integration-test/target/test-dir/MiniOzoneClusterImpl-9aae7230-fa35-4b48-a53d-d03fd74ea8aa/datanode-3/data/ratis] (custom)
2023-04-11 11:24:28,497 [54dbd36c-297a-448a-bb41-2352e1c524ac-NettyServerStreamRpc-bossGroup--thread1] INFO  logging.LoggingHandler (AbstractInternalLogger.java:log(148)) - [id: 0x4a4881ac] REGISTERED
2023-04-11 11:24:28,497 [54dbd36c-297a-448a-bb41-2352e1c524ac-NettyServerStreamRpc-bossGroup--thread1] INFO  logging.LoggingHandler (AbstractInternalLogger.java:log(148)) - [id: 0x4a4881ac] BIND: 0.0.0.0/0.0.0.0:0
2023-04-11 11:24:28,497 [54dbd36c-297a-448a-bb41-2352e1c524ac-NettyServerStreamRpc-bossGroup--thread1] INFO  logging.LoggingHandler (AbstractInternalLogger.java:log(148)) - [id: 0x4a4881ac, L:/0:0:0:0:0:0:0:0:42647] ACTIVE
2023-04-11 11:24:28,499 [Listener at 127.0.0.1/36969] INFO  server.XceiverServerGrpc (XceiverServerGrpc.java:<init>(132)) - GrpcServer channel type EpollServerSocketChannel
2023-04-11 11:24:28,503 [Listener at 127.0.0.1/36969] INFO  http.BaseHttpServer (BaseHttpServer.java:newHttpServer2BuilderForOzone(224)) - Starting Web-server for hddsDatanode at: http://0.0.0.0:0
2023-04-11 11:24:28,504 [Listener at 127.0.0.1/36969] INFO  http.BaseHttpServer (BaseHttpServer.java:<init>(111)) - Hadoop Security Enabled: false Ozone Security Enabled: false Ozone HTTP Security Enabled: false 
2023-04-11 11:24:28,505 [Listener at 127.0.0.1/36969] WARN  server.AuthenticationFilter (AuthenticationFilter.java:constructSecretProvider(240)) - Unable to initialize FileSignerSecretProvider, falling back to use random secrets. Reason: Could not read signature secret file: /home/runner/hadoop-http-auth-signature-secret
2023-04-11 11:24:28,506 [Listener at 127.0.0.1/36969] WARN  http.HttpRequestLog (HttpRequestLog.java:getRequestLog(103)) - Jetty request log can only be enabled using Log4j
2023-04-11 11:24:28,507 [Listener at 127.0.0.1/36969] INFO  http.HttpServer2 (HttpServer2.java:addGlobalFilter(1031)) - Added global filter 'safety' (class=org.apache.hadoop.hdds.server.http.HttpServer2$QuotingInputFilter)
2023-04-11 11:24:28,507 [Listener at 127.0.0.1/36969] INFO  http.HttpServer2 (HttpServer2.java:addFilter(1007)) - Added filter static_user_filter (class=org.apache.hadoop.http.lib.StaticUserWebFilter$StaticUserFilter) to context hddsDatanode
2023-04-11 11:24:28,508 [Listener at 127.0.0.1/36969] INFO  http.HttpServer2 (HttpServer2.java:addFilter(1015)) - Added filter static_user_filter (class=org.apache.hadoop.http.lib.StaticUserWebFilter$StaticUserFilter) to context static
2023-04-11 11:24:28,508 [Listener at 127.0.0.1/36969] INFO  http.HttpServer2 (HttpServer2.java:addFilter(1015)) - Added filter static_user_filter (class=org.apache.hadoop.http.lib.StaticUserWebFilter$StaticUserFilter) to context logs
2023-04-11 11:24:28,508 [Listener at 127.0.0.1/36969] INFO  http.BaseHttpServer (BaseHttpServer.java:<init>(190)) - HTTP server of hddsDatanode uses base directory /home/runner/work/ozone/ozone/hadoop-ozone/integration-test/target/test-dir/MiniOzoneClusterImpl-9aae7230-fa35-4b48-a53d-d03fd74ea8aa/datanode-3/meta/webserver
2023-04-11 11:24:28,508 [Listener at 127.0.0.1/36969] INFO  http.HttpServer2 (HttpServer2.java:bindListener(1250)) - Jetty bound to port 35655
2023-04-11 11:24:28,508 [Listener at 127.0.0.1/36969] INFO  server.Server (Server.java:doStart(375)) - jetty-9.4.49.v20220914; built: 2022-09-14T01:07:36.601Z; git: 4231a3b2e4cb8548a412a789936d640a97b1aa0a; jvm 1.8.0_362-b09
2023-04-11 11:24:28,510 [Listener at 127.0.0.1/36969] INFO  server.session (DefaultSessionIdManager.java:doStart(334)) - DefaultSessionIdManager workerName=node0
2023-04-11 11:24:28,511 [Listener at 127.0.0.1/36969] INFO  server.session (DefaultSessionIdManager.java:doStart(339)) - No SessionScavenger set, using defaults
2023-04-11 11:24:28,511 [Listener at 127.0.0.1/36969] INFO  server.session (HouseKeeper.java:startScavenging(132)) - node0 Scavenging every 600000ms
2023-04-11 11:24:28,511 [Listener at 127.0.0.1/36969] INFO  handler.ContextHandler (ContextHandler.java:doStart(921)) - Started o.e.j.s.ServletContextHandler@11ab6d81{logs,/logs,file:///home/runner/work/ozone/ozone/hadoop-ozone/integration-test/target/log,AVAILABLE}
2023-04-11 11:24:28,512 [Listener at 127.0.0.1/36969] INFO  handler.ContextHandler (ContextHandler.java:doStart(921)) - Started o.e.j.s.ServletContextHandler@7961d817{static,/static,jar:file:/home/runner/.m2/repository/org/apache/ozone/hdds-container-service/1.4.0-SNAPSHOT/hdds-container-service-1.4.0-SNAPSHOT.jar!/webapps/static,AVAILABLE}
2023-04-11 11:24:28,704 [Listener at 127.0.0.1/36969] INFO  handler.ContextHandler (ContextHandler.java:doStart(921)) - Started o.e.j.w.WebAppContext@52160ab0{hddsDatanode,/,file:///home/runner/work/ozone/ozone/hadoop-ozone/integration-test/target/test-dir/MiniOzoneClusterImpl-9aae7230-fa35-4b48-a53d-d03fd74ea8aa/datanode-3/meta/webserver/jetty-0_0_0_0-35655-hdds-container-service-1_4_0-SNAPSHOT_jar-_-any-2714658389434352366/webapp/,AVAILABLE}{jar:file:/home/runner/.m2/repository/org/apache/ozone/hdds-container-service/1.4.0-SNAPSHOT/hdds-container-service-1.4.0-SNAPSHOT.jar!/webapps/hddsDatanode}
2023-04-11 11:24:28,706 [Listener at 127.0.0.1/36969] INFO  server.AbstractConnector (AbstractConnector.java:doStart(333)) - Started ServerConnector@7b6e9d2f{HTTP/1.1, (http/1.1)}{0.0.0.0:35655}
2023-04-11 11:24:28,706 [Listener at 127.0.0.1/36969] INFO  server.Server (Server.java:doStart(415)) - Started @83333ms
2023-04-11 11:24:28,706 [Listener at 127.0.0.1/36969] WARN  impl.MetricsSystemImpl (MetricsSystemImpl.java:register(279)) - Sink prometheus already exists!
2023-04-11 11:24:28,707 [Listener at 127.0.0.1/36969] INFO  http.BaseHttpServer (BaseHttpServer.java:updateConnectorAddress(344)) - HTTP server of hddsDatanode listening at http://0.0.0.0:35655
2023-04-11 11:24:28,710 [Listener at 127.0.0.1/36969] WARN  impl.MetricRegistriesImpl (MetricRegistriesImpl.java:addReporterRegistration(111)) - New reporters are added after registries were created. Some metrics will be missing from the reporter. Please add reporter before adding any new registry.
2023-04-11 11:24:28,710 [Listener at 127.0.0.1/36969] WARN  impl.MetricRegistriesImpl (MetricRegistriesImpl.java:addReporterRegistration(111)) - New reporters are added after registries were created. Some metrics will be missing from the reporter. Please add reporter before adding any new registry.
2023-04-11 11:24:28,710 [Listener at 127.0.0.1/36969] INFO  impl.MetricsSystemImpl (MetricsSystemImpl.java:init(158)) - HddsDatanode metrics system started (again)
2023-04-11 11:24:28,710 [Datanode State Machine Daemon Thread] INFO  statemachine.DatanodeStateMachine (DatanodeStateMachine.java:lambda$startDaemon$0(517)) - Ozone container server started.
2023-04-11 11:24:28,718 [org.apache.hadoop.util.JvmPauseMonitor$Monitor@2dbf533] INFO  util.JvmPauseMonitor (JvmPauseMonitor.java:run(188)) - Starting JVM pause monitor
2023-04-11 11:24:28,725 [Datanode State Machine Task Thread - 0] INFO  datanode.InitDatanodeState (InitDatanodeState.java:persistContainerDatanodeDetails(138)) - DatanodeDetails is persisted to /home/runner/work/ozone/ozone/hadoop-ozone/integration-test/target/test-dir/MiniOzoneClusterImpl-9aae7230-fa35-4b48-a53d-d03fd74ea8aa/datanode-3/meta/datanode.id
2023-04-11 11:24:28,726 [Listener at 127.0.0.1/36969] INFO  ozone.HddsDatanodeService (HddsDatanodeService.java:start(252)) - HddsDatanodeService host:fv-az590-525.scpgifznvsounmmscp2whtfmwe.cx.internal.cloudapp.net ip:10.1.0.37
2023-04-11 11:24:28,752 [Listener at 127.0.0.1/36969] INFO  upgrade.AbstractLayoutVersionManager (AbstractLayoutVersionManager.java:init(83)) - Initializing Layout version manager with metadata layout = WEBUI_PORTS_IN_DATANODEDETAILS (version = 6), software layout = WEBUI_PORTS_IN_DATANODEDETAILS (version = 6)
2023-04-11 11:24:28,798 [Listener at 127.0.0.1/36969] INFO  reflections.Reflections (Reflections.java:scan(232)) - Reflections took 45 ms to scan 7 urls, producing 156 keys and 369 values 
2023-04-11 11:24:28,800 [Listener at 127.0.0.1/36969] INFO  statemachine.DatanodeStateMachine (DatanodeStateMachine.java:getEndPointTaskThreadPoolSize(260)) - Datanode State Machine Task Thread Pool size 2
2023-04-11 11:24:28,801 [Listener at 127.0.0.1/36969] INFO  volume.HddsVolume (HddsVolume.java:<init>(130)) - Creating HddsVolume: /home/runner/work/ozone/ozone/hadoop-ozone/integration-test/target/test-dir/MiniOzoneClusterImpl-9aae7230-fa35-4b48-a53d-d03fd74ea8aa/datanode-4/data-0/containers/hdds of storage type : DISK capacity : 9223372036854775807
2023-04-11 11:24:28,802 [Listener at 127.0.0.1/36969] INFO  volume.MutableVolumeSet (MutableVolumeSet.java:initializeVolumeSet(175)) - Added Volume : /home/runner/work/ozone/ozone/hadoop-ozone/integration-test/target/test-dir/MiniOzoneClusterImpl-9aae7230-fa35-4b48-a53d-d03fd74ea8aa/datanode-4/data-0/containers/hdds to VolumeSet
2023-04-11 11:24:28,802 [Listener at 127.0.0.1/36969] INFO  volume.ThrottledAsyncChecker (ThrottledAsyncChecker.java:schedule(141)) - Scheduling a check for /home/runner/work/ozone/ozone/hadoop-ozone/integration-test/target/test-dir/MiniOzoneClusterImpl-9aae7230-fa35-4b48-a53d-d03fd74ea8aa/datanode-4/data-0/containers/hdds
2023-04-11 11:24:28,802 [Listener at 127.0.0.1/36969] INFO  volume.StorageVolumeChecker (StorageVolumeChecker.java:checkAllVolumes(202)) - Scheduled health check for volume /home/runner/work/ozone/ozone/hadoop-ozone/integration-test/target/test-dir/MiniOzoneClusterImpl-9aae7230-fa35-4b48-a53d-d03fd74ea8aa/datanode-4/data-0/containers/hdds
2023-04-11 11:24:28,813 [Listener at 127.0.0.1/36969] INFO  volume.MutableVolumeSet (MutableVolumeSet.java:initializeVolumeSet(175)) - Added Volume : /home/runner/work/ozone/ozone/hadoop-ozone/integration-test/target/test-dir/MiniOzoneClusterImpl-9aae7230-fa35-4b48-a53d-d03fd74ea8aa/datanode-4/data/ratis to VolumeSet
2023-04-11 11:24:28,814 [Listener at 127.0.0.1/36969] INFO  volume.ThrottledAsyncChecker (ThrottledAsyncChecker.java:schedule(141)) - Scheduling a check for /home/runner/work/ozone/ozone/hadoop-ozone/integration-test/target/test-dir/MiniOzoneClusterImpl-9aae7230-fa35-4b48-a53d-d03fd74ea8aa/datanode-4/data/ratis
2023-04-11 11:24:28,814 [Listener at 127.0.0.1/36969] INFO  volume.StorageVolumeChecker (StorageVolumeChecker.java:checkAllVolumes(202)) - Scheduled health check for volume /home/runner/work/ozone/ozone/hadoop-ozone/integration-test/target/test-dir/MiniOzoneClusterImpl-9aae7230-fa35-4b48-a53d-d03fd74ea8aa/datanode-4/data/ratis
2023-04-11 11:24:28,824 [Thread-673] INFO  ozoneimpl.ContainerReader (ContainerReader.java:readVolume(175)) - Finish verifying containers on volume /home/runner/work/ozone/ozone/hadoop-ozone/integration-test/target/test-dir/MiniOzoneClusterImpl-9aae7230-fa35-4b48-a53d-d03fd74ea8aa/datanode-4/data-0/containers/hdds
2023-04-11 11:24:28,824 [Listener at 127.0.0.1/36969] INFO  ozoneimpl.OzoneContainer (OzoneContainer.java:buildContainerSet(303)) - Build ContainerSet costs 0s
2023-04-11 11:24:28,826 [Listener at 127.0.0.1/36969] INFO  server.RaftServer (ConfUtils.java:logGet(46)) - raft.rpc.type = GRPC (default)
2023-04-11 11:24:28,826 [Listener at 127.0.0.1/36969] INFO  grpc.GrpcConfigKeys (ConfUtils.java:logFallback(53)) - raft.grpc.admin.host = null (fallback to raft.grpc.server.host)
2023-04-11 11:24:28,826 [Listener at 127.0.0.1/36969] INFO  grpc.GrpcConfigKeys (ConfUtils.java:logGet(46)) - raft.grpc.admin.port = 0 (custom)
2023-04-11 11:24:28,826 [Listener at 127.0.0.1/36969] INFO  grpc.GrpcConfigKeys (ConfUtils.java:logFallback(53)) - raft.grpc.client.host = null (fallback to raft.grpc.server.host)
2023-04-11 11:24:28,826 [Listener at 127.0.0.1/36969] INFO  grpc.GrpcConfigKeys (ConfUtils.java:logGet(46)) - raft.grpc.client.port = 0 (custom)
2023-04-11 11:24:28,827 [Listener at 127.0.0.1/36969] INFO  grpc.GrpcConfigKeys (ConfUtils.java:logGet(46)) - raft.grpc.server.host = null (default)
2023-04-11 11:24:28,827 [Listener at 127.0.0.1/36969] INFO  grpc.GrpcConfigKeys (ConfUtils.java:logGet(46)) - raft.grpc.server.port = 0 (default)
2023-04-11 11:24:28,827 [Listener at 127.0.0.1/36969] INFO  server.GrpcService (ConfUtils.java:logGet(46)) - raft.grpc.message.size.max = 32MB (=33554432) (custom)
2023-04-11 11:24:28,827 [Listener at 127.0.0.1/36969] INFO  server.RaftServerConfigKeys (ConfUtils.java:logGet(46)) - raft.server.log.appender.buffer.byte-limit = 33554432 (custom)
2023-04-11 11:24:28,827 [Listener at 127.0.0.1/36969] INFO  server.GrpcService (ConfUtils.java:logGet(46)) - raft.grpc.flow.control.window = 5MB (=5242880) (custom)
2023-04-11 11:24:28,827 [Listener at 127.0.0.1/36969] INFO  server.RaftServerConfigKeys (ConfUtils.java:logGet(46)) - raft.server.rpc.request.timeout = 60s (custom)
2023-04-11 11:24:28,827 [Listener at 127.0.0.1/36969] INFO  grpc.GrpcConfigKeys (ConfUtils.java:logGet(46)) - raft.grpc.server.heartbeat.channel = true (default)
2023-04-11 11:24:28,827 [Listener at 127.0.0.1/36969] INFO  grpc.GrpcConfigKeys (ConfUtils.java:logGet(46)) - raft.grpc.server.async.request.thread.pool.cached = true (default)
2023-04-11 11:24:28,827 [Listener at 127.0.0.1/36969] INFO  grpc.GrpcConfigKeys (ConfUtils.java:logGet(46)) - raft.grpc.server.async.request.thread.pool.size = 32 (default)
2023-04-11 11:24:28,828 [Listener at 127.0.0.1/36969] INFO  impl.DataStreamServerImpl (ConfUtils.java:logGet(46)) - raft.datastream.type = NETTY (custom)
2023-04-11 11:24:28,829 [Listener at 127.0.0.1/36969] INFO  server.RaftServerConfigKeys (ConfUtils.java:logGet(46)) - raft.server.data-stream.async.request.thread.pool.cached = false (default)
2023-04-11 11:24:28,829 [Listener at 127.0.0.1/36969] INFO  server.RaftServerConfigKeys (ConfUtils.java:logGet(46)) - raft.server.data-stream.async.request.thread.pool.size = 20 (custom)
2023-04-11 11:24:28,829 [Listener at 127.0.0.1/36969] INFO  server.RaftServerConfigKeys (ConfUtils.java:logGet(46)) - raft.server.data-stream.async.write.thread.pool.size = 16 (default)
2023-04-11 11:24:28,829 [Listener at 127.0.0.1/36969] INFO  server.RaftServerConfigKeys (ConfUtils.java:logGet(46)) - raft.server.data-stream.client.pool.size = 10 (default)
2023-04-11 11:24:28,829 [Listener at 127.0.0.1/36969] INFO  netty.NettyConfigKeys$DataStream (ConfUtils.java:logGet(46)) - raft.netty.dataStream.server.use-epoll = false (default)
2023-04-11 11:24:28,829 [Listener at 127.0.0.1/36969] INFO  netty.NettyConfigKeys$DataStream (ConfUtils.java:logGet(46)) - raft.netty.dataStream.server.boss-group.size = 0 (default)
2023-04-11 11:24:28,830 [Listener at 127.0.0.1/36969] INFO  netty.NettyConfigKeys$DataStream (ConfUtils.java:logGet(46)) - raft.netty.dataStream.server.worker-group.size = 0 (default)
2023-04-11 11:24:28,830 [Listener at 127.0.0.1/36969] INFO  netty.NettyConfigKeys$DataStream (ConfUtils.java:logGet(46)) - raft.netty.dataStream.server.tls.conf = null (default)
2023-04-11 11:24:28,830 [Listener at 127.0.0.1/36969] INFO  netty.NettyConfigKeys$DataStream (ConfUtils.java:logGet(46)) - raft.netty.dataStream.host = null (default)
2023-04-11 11:24:28,830 [Listener at 127.0.0.1/36969] INFO  netty.NettyConfigKeys$DataStream (ConfUtils.java:logGet(46)) - raft.netty.dataStream.port = 0 (default)
2023-04-11 11:24:28,830 [Listener at 127.0.0.1/36969] INFO  server.RaftServerConfigKeys (ConfUtils.java:logGet(46)) - raft.server.threadpool.proxy.cached = true (default)
2023-04-11 11:24:28,831 [Listener at 127.0.0.1/36969] INFO  server.RaftServerConfigKeys (ConfUtils.java:logGet(46)) - raft.server.threadpool.proxy.size = 0 (default)
2023-04-11 11:24:28,831 [Listener at 127.0.0.1/36969] INFO  server.RaftServerConfigKeys (ConfUtils.java:logGet(46)) - raft.server.rpc.slowness.timeout = 300s (custom)
2023-04-11 11:24:28,831 [Listener at 127.0.0.1/36969] INFO  server.RaftServerConfigKeys (ConfUtils.java:logGet(46)) - raft.server.leaderelection.leader.step-down.wait-time = 10s (default)
2023-04-11 11:24:28,831 [b78ace34-11d4-46ff-baaa-a173e90e3d16-NettyServerStreamRpc-bossGroup--thread1] INFO  logging.LoggingHandler (AbstractInternalLogger.java:log(148)) - [id: 0x4c44d3b4] REGISTERED
2023-04-11 11:24:28,831 [Listener at 127.0.0.1/36969] INFO  server.RaftServerConfigKeys (ConfUtils.java:logGet(46)) - raft.server.storage.dir = [/home/runner/work/ozone/ozone/hadoop-ozone/integration-test/target/test-dir/MiniOzoneClusterImpl-9aae7230-fa35-4b48-a53d-d03fd74ea8aa/datanode-4/data/ratis] (custom)
2023-04-11 11:24:28,831 [b78ace34-11d4-46ff-baaa-a173e90e3d16-NettyServerStreamRpc-bossGroup--thread1] INFO  logging.LoggingHandler (AbstractInternalLogger.java:log(148)) - [id: 0x4c44d3b4] BIND: 0.0.0.0/0.0.0.0:0
2023-04-11 11:24:28,831 [b78ace34-11d4-46ff-baaa-a173e90e3d16-NettyServerStreamRpc-bossGroup--thread1] INFO  logging.LoggingHandler (AbstractInternalLogger.java:log(148)) - [id: 0x4c44d3b4, L:/0:0:0:0:0:0:0:0:45655] ACTIVE
2023-04-11 11:24:28,833 [Listener at 127.0.0.1/36969] INFO  server.XceiverServerGrpc (XceiverServerGrpc.java:<init>(132)) - GrpcServer channel type EpollServerSocketChannel
2023-04-11 11:24:28,835 [Listener at 127.0.0.1/36969] INFO  http.BaseHttpServer (BaseHttpServer.java:newHttpServer2BuilderForOzone(224)) - Starting Web-server for hddsDatanode at: http://0.0.0.0:0
2023-04-11 11:24:28,835 [Listener at 127.0.0.1/36969] INFO  http.BaseHttpServer (BaseHttpServer.java:<init>(111)) - Hadoop Security Enabled: false Ozone Security Enabled: false Ozone HTTP Security Enabled: false 
2023-04-11 11:24:28,836 [Listener at 127.0.0.1/36969] WARN  server.AuthenticationFilter (AuthenticationFilter.java:constructSecretProvider(240)) - Unable to initialize FileSignerSecretProvider, falling back to use random secrets. Reason: Could not read signature secret file: /home/runner/hadoop-http-auth-signature-secret
2023-04-11 11:24:28,837 [Listener at 127.0.0.1/36969] WARN  http.HttpRequestLog (HttpRequestLog.java:getRequestLog(103)) - Jetty request log can only be enabled using Log4j
2023-04-11 11:24:28,838 [Listener at 127.0.0.1/36969] INFO  http.HttpServer2 (HttpServer2.java:addGlobalFilter(1031)) - Added global filter 'safety' (class=org.apache.hadoop.hdds.server.http.HttpServer2$QuotingInputFilter)
2023-04-11 11:24:28,839 [Listener at 127.0.0.1/36969] INFO  http.HttpServer2 (HttpServer2.java:addFilter(1007)) - Added filter static_user_filter (class=org.apache.hadoop.http.lib.StaticUserWebFilter$StaticUserFilter) to context hddsDatanode
2023-04-11 11:24:28,839 [Listener at 127.0.0.1/36969] INFO  http.HttpServer2 (HttpServer2.java:addFilter(1015)) - Added filter static_user_filter (class=org.apache.hadoop.http.lib.StaticUserWebFilter$StaticUserFilter) to context logs
2023-04-11 11:24:28,839 [Listener at 127.0.0.1/36969] INFO  http.HttpServer2 (HttpServer2.java:addFilter(1015)) - Added filter static_user_filter (class=org.apache.hadoop.http.lib.StaticUserWebFilter$StaticUserFilter) to context static
2023-04-11 11:24:28,840 [Listener at 127.0.0.1/36969] INFO  http.BaseHttpServer (BaseHttpServer.java:<init>(190)) - HTTP server of hddsDatanode uses base directory /home/runner/work/ozone/ozone/hadoop-ozone/integration-test/target/test-dir/MiniOzoneClusterImpl-9aae7230-fa35-4b48-a53d-d03fd74ea8aa/datanode-4/meta/webserver
2023-04-11 11:24:28,840 [Listener at 127.0.0.1/36969] INFO  http.HttpServer2 (HttpServer2.java:bindListener(1250)) - Jetty bound to port 39587
2023-04-11 11:24:28,840 [Listener at 127.0.0.1/36969] INFO  server.Server (Server.java:doStart(375)) - jetty-9.4.49.v20220914; built: 2022-09-14T01:07:36.601Z; git: 4231a3b2e4cb8548a412a789936d640a97b1aa0a; jvm 1.8.0_362-b09
2023-04-11 11:24:28,841 [Listener at 127.0.0.1/36969] INFO  server.session (DefaultSessionIdManager.java:doStart(334)) - DefaultSessionIdManager workerName=node0
2023-04-11 11:24:28,841 [Listener at 127.0.0.1/36969] INFO  server.session (DefaultSessionIdManager.java:doStart(339)) - No SessionScavenger set, using defaults
2023-04-11 11:24:28,841 [Listener at 127.0.0.1/36969] INFO  server.session (HouseKeeper.java:startScavenging(132)) - node0 Scavenging every 600000ms
2023-04-11 11:24:28,842 [Listener at 127.0.0.1/36969] INFO  handler.ContextHandler (ContextHandler.java:doStart(921)) - Started o.e.j.s.ServletContextHandler@28011cb2{logs,/logs,file:///home/runner/work/ozone/ozone/hadoop-ozone/integration-test/target/log,AVAILABLE}
2023-04-11 11:24:28,842 [Listener at 127.0.0.1/36969] INFO  handler.ContextHandler (ContextHandler.java:doStart(921)) - Started o.e.j.s.ServletContextHandler@26a08aca{static,/static,jar:file:/home/runner/.m2/repository/org/apache/ozone/hdds-container-service/1.4.0-SNAPSHOT/hdds-container-service-1.4.0-SNAPSHOT.jar!/webapps/static,AVAILABLE}
2023-04-11 11:24:29,033 [Listener at 127.0.0.1/36969] INFO  handler.ContextHandler (ContextHandler.java:doStart(921)) - Started o.e.j.w.WebAppContext@6ba93858{hddsDatanode,/,file:///home/runner/work/ozone/ozone/hadoop-ozone/integration-test/target/test-dir/MiniOzoneClusterImpl-9aae7230-fa35-4b48-a53d-d03fd74ea8aa/datanode-4/meta/webserver/jetty-0_0_0_0-39587-hdds-container-service-1_4_0-SNAPSHOT_jar-_-any-8984922434281951116/webapp/,AVAILABLE}{jar:file:/home/runner/.m2/repository/org/apache/ozone/hdds-container-service/1.4.0-SNAPSHOT/hdds-container-service-1.4.0-SNAPSHOT.jar!/webapps/hddsDatanode}
2023-04-11 11:24:29,035 [Listener at 127.0.0.1/36969] INFO  server.AbstractConnector (AbstractConnector.java:doStart(333)) - Started ServerConnector@2f5a22ae{HTTP/1.1, (http/1.1)}{0.0.0.0:39587}
2023-04-11 11:24:29,035 [Listener at 127.0.0.1/36969] INFO  server.Server (Server.java:doStart(415)) - Started @83662ms
2023-04-11 11:24:29,035 [Listener at 127.0.0.1/36969] WARN  impl.MetricsSystemImpl (MetricsSystemImpl.java:register(279)) - Sink prometheus already exists!
2023-04-11 11:24:29,036 [Listener at 127.0.0.1/36969] INFO  http.BaseHttpServer (BaseHttpServer.java:updateConnectorAddress(344)) - HTTP server of hddsDatanode listening at http://0.0.0.0:39587
2023-04-11 11:24:29,037 [Listener at 127.0.0.1/36969] INFO  ozone.MiniOzoneClusterImpl (MiniOzoneClusterImpl.java:lambda$waitForClusterToBeReady$0(222)) - Waiting for nodes to be ready. Got 0 of 5 DN Heartbeats.
2023-04-11 11:24:29,039 [Listener at 127.0.0.1/36969] INFO  ozone.MiniOzoneClusterImpl (MiniOzoneClusterImpl.java:lambda$waitForClusterToBeReady$0(225)) - Waiting for cluster to exit safe mode
2023-04-11 11:24:29,039 [Listener at 127.0.0.1/36969] INFO  ozone.MiniOzoneClusterImpl (MiniOzoneClusterImpl.java:lambda$waitForClusterToBeReady$0(227)) - SCM became leader
2023-04-11 11:24:29,038 [Datanode State Machine Daemon Thread] INFO  statemachine.DatanodeStateMachine (DatanodeStateMachine.java:lambda$startDaemon$0(517)) - Ozone container server started.
2023-04-11 11:24:29,041 [org.apache.hadoop.util.JvmPauseMonitor$Monitor@62308f33] INFO  util.JvmPauseMonitor (JvmPauseMonitor.java:run(188)) - Starting JVM pause monitor
2023-04-11 11:24:29,043 [Datanode State Machine Task Thread - 0] INFO  datanode.InitDatanodeState (InitDatanodeState.java:persistContainerDatanodeDetails(138)) - DatanodeDetails is persisted to /home/runner/work/ozone/ozone/hadoop-ozone/integration-test/target/test-dir/MiniOzoneClusterImpl-9aae7230-fa35-4b48-a53d-d03fd74ea8aa/datanode-4/meta/datanode.id
2023-04-11 11:24:29,700 [EndpointStateMachine task thread for /0.0.0.0:35521 - 0 ] INFO  utils.DatanodeStoreCache (DatanodeStoreCache.java:addDB(58)) - Added db /home/runner/work/ozone/ozone/hadoop-ozone/integration-test/target/test-dir/MiniOzoneClusterImpl-9aae7230-fa35-4b48-a53d-d03fd74ea8aa/datanode-0/data-0/containers/hdds/9aae7230-fa35-4b48-a53d-d03fd74ea8aa/DS-17636a93-f6fc-4223-b4e0-65f9a757a3c0/container.db to cache
2023-04-11 11:24:29,700 [EndpointStateMachine task thread for /0.0.0.0:35521 - 0 ] INFO  volume.HddsVolume (HddsVolume.java:createDbStore(350)) - SchemaV3 db is created and loaded at /home/runner/work/ozone/ozone/hadoop-ozone/integration-test/target/test-dir/MiniOzoneClusterImpl-9aae7230-fa35-4b48-a53d-d03fd74ea8aa/datanode-0/data-0/containers/hdds/9aae7230-fa35-4b48-a53d-d03fd74ea8aa/DS-17636a93-f6fc-4223-b4e0-65f9a757a3c0/container.db for volume DS-17636a93-f6fc-4223-b4e0-65f9a757a3c0
2023-04-11 11:24:29,700 [EndpointStateMachine task thread for /0.0.0.0:35521 - 0 ] INFO  ozoneimpl.OzoneContainer (OzoneContainer.java:start(397)) - Attempting to start container services.
2023-04-11 11:24:29,701 [EndpointStateMachine task thread for /0.0.0.0:35521 - 0 ] INFO  ozoneimpl.OzoneContainer (OzoneContainer.java:startContainerScrub(314)) - Scheduled background container scanners and the on-demand container scanner have been disabled.
2023-04-11 11:24:29,704 [EndpointStateMachine task thread for /0.0.0.0:35521 - 0 ] INFO  replication.ReplicationServer (ReplicationServer.java:start(109)) - ReplicationServer is started using port 40063
2023-04-11 11:24:29,704 [EndpointStateMachine task thread for /0.0.0.0:35521 - 0 ] INFO  ratis.XceiverServerRatis (XceiverServerRatis.java:start(517)) - Starting XceiverServerRatis bdac8111-12cf-4b14-9a03-ea98a7d0b884
2023-04-11 11:24:29,706 [EndpointStateMachine task thread for /0.0.0.0:35521 - 0 ] INFO  server.RaftServer (RaftServerProxy.java:startImpl(393)) - bdac8111-12cf-4b14-9a03-ea98a7d0b884: start RPC server
2023-04-11 11:24:29,707 [EndpointStateMachine task thread for /0.0.0.0:35521 - 0 ] INFO  server.GrpcService (GrpcService.java:startImpl(262)) - bdac8111-12cf-4b14-9a03-ea98a7d0b884: GrpcService started, listening on 37629
2023-04-11 11:24:29,708 [EndpointStateMachine task thread for /0.0.0.0:35521 - 0 ] INFO  ratis.XceiverServerRatis (XceiverServerRatis.java:getRealPort(543)) - XceiverServerRatis bdac8111-12cf-4b14-9a03-ea98a7d0b884 is started using port 37629 for RATIS
2023-04-11 11:24:29,708 [EndpointStateMachine task thread for /0.0.0.0:35521 - 0 ] INFO  ratis.XceiverServerRatis (XceiverServerRatis.java:getRealPort(543)) - XceiverServerRatis bdac8111-12cf-4b14-9a03-ea98a7d0b884 is started using port 37629 for RATIS_ADMIN
2023-04-11 11:24:29,708 [JvmPauseMonitor6] INFO  util.JvmPauseMonitor (JvmPauseMonitor.java:run(105)) - JvmPauseMonitor-bdac8111-12cf-4b14-9a03-ea98a7d0b884: Started
2023-04-11 11:24:29,708 [EndpointStateMachine task thread for /0.0.0.0:35521 - 0 ] INFO  ratis.XceiverServerRatis (XceiverServerRatis.java:getRealPort(543)) - XceiverServerRatis bdac8111-12cf-4b14-9a03-ea98a7d0b884 is started using port 37629 for RATIS_SERVER
2023-04-11 11:24:29,708 [EndpointStateMachine task thread for /0.0.0.0:35521 - 0 ] INFO  ratis.XceiverServerRatis (XceiverServerRatis.java:getRealPort(543)) - XceiverServerRatis bdac8111-12cf-4b14-9a03-ea98a7d0b884 is started using port 41845 for RATIS_DATASTREAM
2023-04-11 11:24:29,711 [EndpointStateMachine task thread for /0.0.0.0:35521 - 0 ] INFO  server.XceiverServerGrpc (XceiverServerGrpc.java:start(180)) - XceiverServerGrpc bdac8111-12cf-4b14-9a03-ea98a7d0b884 is started using port 35673
2023-04-11 11:24:29,712 [BlockDeletingService#0] INFO  interfaces.ContainerDeletionChoosingPolicyTemplate (ContainerDeletionChoosingPolicyTemplate.java:chooseContainerForBlockDeletion(83)) - Chosen 0/5000 blocks from 0 candidate containers.
2023-04-11 11:24:30,032 [EndpointStateMachine task thread for /0.0.0.0:35521 - 0 ] INFO  utils.DatanodeStoreCache (DatanodeStoreCache.java:addDB(58)) - Added db /home/runner/work/ozone/ozone/hadoop-ozone/integration-test/target/test-dir/MiniOzoneClusterImpl-9aae7230-fa35-4b48-a53d-d03fd74ea8aa/datanode-1/data-0/containers/hdds/9aae7230-fa35-4b48-a53d-d03fd74ea8aa/DS-f33db28c-d7f1-4ce1-9a09-00753b7598fa/container.db to cache
2023-04-11 11:24:30,033 [EndpointStateMachine task thread for /0.0.0.0:35521 - 0 ] INFO  volume.HddsVolume (HddsVolume.java:createDbStore(350)) - SchemaV3 db is created and loaded at /home/runner/work/ozone/ozone/hadoop-ozone/integration-test/target/test-dir/MiniOzoneClusterImpl-9aae7230-fa35-4b48-a53d-d03fd74ea8aa/datanode-1/data-0/containers/hdds/9aae7230-fa35-4b48-a53d-d03fd74ea8aa/DS-f33db28c-d7f1-4ce1-9a09-00753b7598fa/container.db for volume DS-f33db28c-d7f1-4ce1-9a09-00753b7598fa
2023-04-11 11:24:30,033 [EndpointStateMachine task thread for /0.0.0.0:35521 - 0 ] INFO  ozoneimpl.OzoneContainer (OzoneContainer.java:start(397)) - Attempting to start container services.
2023-04-11 11:24:30,033 [EndpointStateMachine task thread for /0.0.0.0:35521 - 0 ] INFO  ozoneimpl.OzoneContainer (OzoneContainer.java:startContainerScrub(314)) - Scheduled background container scanners and the on-demand container scanner have been disabled.
2023-04-11 11:24:30,037 [EndpointStateMachine task thread for /0.0.0.0:35521 - 0 ] INFO  replication.ReplicationServer (ReplicationServer.java:start(109)) - ReplicationServer is started using port 35887
2023-04-11 11:24:30,037 [EndpointStateMachine task thread for /0.0.0.0:35521 - 0 ] INFO  ratis.XceiverServerRatis (XceiverServerRatis.java:start(517)) - Starting XceiverServerRatis 91daf988-b498-4475-b6c7-add854a09df6
2023-04-11 11:24:30,041 [Listener at 127.0.0.1/36969] INFO  ozone.MiniOzoneClusterImpl (MiniOzoneClusterImpl.java:lambda$waitForClusterToBeReady$0(222)) - Waiting for nodes to be ready. Got 0 of 5 DN Heartbeats.
2023-04-11 11:24:30,041 [Listener at 127.0.0.1/36969] INFO  ozone.MiniOzoneClusterImpl (MiniOzoneClusterImpl.java:lambda$waitForClusterToBeReady$0(225)) - Waiting for cluster to exit safe mode
2023-04-11 11:24:30,041 [Listener at 127.0.0.1/36969] INFO  ozone.MiniOzoneClusterImpl (MiniOzoneClusterImpl.java:lambda$waitForClusterToBeReady$0(227)) - SCM became leader
2023-04-11 11:24:30,054 [EndpointStateMachine task thread for /0.0.0.0:35521 - 0 ] INFO  server.RaftServer (RaftServerProxy.java:startImpl(393)) - 91daf988-b498-4475-b6c7-add854a09df6: start RPC server
2023-04-11 11:24:30,060 [EndpointStateMachine task thread for /0.0.0.0:35521 - 0 ] INFO  server.GrpcService (GrpcService.java:startImpl(262)) - 91daf988-b498-4475-b6c7-add854a09df6: GrpcService started, listening on 41877
2023-04-11 11:24:30,062 [EndpointStateMachine task thread for /0.0.0.0:35521 - 0 ] INFO  ratis.XceiverServerRatis (XceiverServerRatis.java:getRealPort(543)) - XceiverServerRatis 91daf988-b498-4475-b6c7-add854a09df6 is started using port 41877 for RATIS
2023-04-11 11:24:30,062 [EndpointStateMachine task thread for /0.0.0.0:35521 - 0 ] INFO  ratis.XceiverServerRatis (XceiverServerRatis.java:getRealPort(543)) - XceiverServerRatis 91daf988-b498-4475-b6c7-add854a09df6 is started using port 41877 for RATIS_ADMIN
2023-04-11 11:24:30,062 [EndpointStateMachine task thread for /0.0.0.0:35521 - 0 ] INFO  ratis.XceiverServerRatis (XceiverServerRatis.java:getRealPort(543)) - XceiverServerRatis 91daf988-b498-4475-b6c7-add854a09df6 is started using port 41877 for RATIS_SERVER
2023-04-11 11:24:30,062 [EndpointStateMachine task thread for /0.0.0.0:35521 - 0 ] INFO  ratis.XceiverServerRatis (XceiverServerRatis.java:getRealPort(543)) - XceiverServerRatis 91daf988-b498-4475-b6c7-add854a09df6 is started using port 33815 for RATIS_DATASTREAM
2023-04-11 11:24:30,062 [JvmPauseMonitor7] INFO  util.JvmPauseMonitor (JvmPauseMonitor.java:run(105)) - JvmPauseMonitor-91daf988-b498-4475-b6c7-add854a09df6: Started
2023-04-11 11:24:30,070 [EndpointStateMachine task thread for /0.0.0.0:35521 - 0 ] INFO  server.XceiverServerGrpc (XceiverServerGrpc.java:start(180)) - XceiverServerGrpc 91daf988-b498-4475-b6c7-add854a09df6 is started using port 41391
2023-04-11 11:24:30,071 [BlockDeletingService#0] INFO  interfaces.ContainerDeletionChoosingPolicyTemplate (ContainerDeletionChoosingPolicyTemplate.java:chooseContainerForBlockDeletion(83)) - Chosen 0/5000 blocks from 0 candidate containers.
2023-04-11 11:24:30,413 [EndpointStateMachine task thread for /0.0.0.0:35521 - 0 ] INFO  utils.DatanodeStoreCache (DatanodeStoreCache.java:addDB(58)) - Added db /home/runner/work/ozone/ozone/hadoop-ozone/integration-test/target/test-dir/MiniOzoneClusterImpl-9aae7230-fa35-4b48-a53d-d03fd74ea8aa/datanode-2/data-0/containers/hdds/9aae7230-fa35-4b48-a53d-d03fd74ea8aa/DS-90f00ee7-4921-4356-a5b6-0e85e15b9a37/container.db to cache
2023-04-11 11:24:30,413 [EndpointStateMachine task thread for /0.0.0.0:35521 - 0 ] INFO  volume.HddsVolume (HddsVolume.java:createDbStore(350)) - SchemaV3 db is created and loaded at /home/runner/work/ozone/ozone/hadoop-ozone/integration-test/target/test-dir/MiniOzoneClusterImpl-9aae7230-fa35-4b48-a53d-d03fd74ea8aa/datanode-2/data-0/containers/hdds/9aae7230-fa35-4b48-a53d-d03fd74ea8aa/DS-90f00ee7-4921-4356-a5b6-0e85e15b9a37/container.db for volume DS-90f00ee7-4921-4356-a5b6-0e85e15b9a37
2023-04-11 11:24:30,413 [EndpointStateMachine task thread for /0.0.0.0:35521 - 0 ] INFO  ozoneimpl.OzoneContainer (OzoneContainer.java:start(397)) - Attempting to start container services.
2023-04-11 11:24:30,413 [EndpointStateMachine task thread for /0.0.0.0:35521 - 0 ] INFO  ozoneimpl.OzoneContainer (OzoneContainer.java:startContainerScrub(314)) - Scheduled background container scanners and the on-demand container scanner have been disabled.
2023-04-11 11:24:30,416 [EndpointStateMachine task thread for /0.0.0.0:35521 - 0 ] INFO  replication.ReplicationServer (ReplicationServer.java:start(109)) - ReplicationServer is started using port 36907
2023-04-11 11:24:30,416 [EndpointStateMachine task thread for /0.0.0.0:35521 - 0 ] INFO  ratis.XceiverServerRatis (XceiverServerRatis.java:start(517)) - Starting XceiverServerRatis 4797470f-ac54-44b7-9b0a-d535466dc4d7
2023-04-11 11:24:30,417 [EndpointStateMachine task thread for /0.0.0.0:35521 - 0 ] INFO  server.RaftServer (RaftServerProxy.java:startImpl(393)) - 4797470f-ac54-44b7-9b0a-d535466dc4d7: start RPC server
2023-04-11 11:24:30,421 [EndpointStateMachine task thread for /0.0.0.0:35521 - 0 ] INFO  server.GrpcService (GrpcService.java:startImpl(262)) - 4797470f-ac54-44b7-9b0a-d535466dc4d7: GrpcService started, listening on 36979
2023-04-11 11:24:30,421 [EndpointStateMachine task thread for /0.0.0.0:35521 - 0 ] INFO  ratis.XceiverServerRatis (XceiverServerRatis.java:getRealPort(543)) - XceiverServerRatis 4797470f-ac54-44b7-9b0a-d535466dc4d7 is started using port 36979 for RATIS
2023-04-11 11:24:30,421 [JvmPauseMonitor8] INFO  util.JvmPauseMonitor (JvmPauseMonitor.java:run(105)) - JvmPauseMonitor-4797470f-ac54-44b7-9b0a-d535466dc4d7: Started
2023-04-11 11:24:30,421 [EndpointStateMachine task thread for /0.0.0.0:35521 - 0 ] INFO  ratis.XceiverServerRatis (XceiverServerRatis.java:getRealPort(543)) - XceiverServerRatis 4797470f-ac54-44b7-9b0a-d535466dc4d7 is started using port 36979 for RATIS_ADMIN
2023-04-11 11:24:30,421 [EndpointStateMachine task thread for /0.0.0.0:35521 - 0 ] INFO  ratis.XceiverServerRatis (XceiverServerRatis.java:getRealPort(543)) - XceiverServerRatis 4797470f-ac54-44b7-9b0a-d535466dc4d7 is started using port 36979 for RATIS_SERVER
2023-04-11 11:24:30,421 [EndpointStateMachine task thread for /0.0.0.0:35521 - 0 ] INFO  ratis.XceiverServerRatis (XceiverServerRatis.java:getRealPort(543)) - XceiverServerRatis 4797470f-ac54-44b7-9b0a-d535466dc4d7 is started using port 36341 for RATIS_DATASTREAM
2023-04-11 11:24:30,426 [EndpointStateMachine task thread for /0.0.0.0:35521 - 0 ] INFO  server.XceiverServerGrpc (XceiverServerGrpc.java:start(180)) - XceiverServerGrpc 4797470f-ac54-44b7-9b0a-d535466dc4d7 is started using port 41833
2023-04-11 11:24:30,427 [BlockDeletingService#0] INFO  interfaces.ContainerDeletionChoosingPolicyTemplate (ContainerDeletionChoosingPolicyTemplate.java:chooseContainerForBlockDeletion(83)) - Chosen 0/5000 blocks from 0 candidate containers.
2023-04-11 11:24:30,754 [EndpointStateMachine task thread for /0.0.0.0:35521 - 0 ] INFO  utils.DatanodeStoreCache (DatanodeStoreCache.java:addDB(58)) - Added db /home/runner/work/ozone/ozone/hadoop-ozone/integration-test/target/test-dir/MiniOzoneClusterImpl-9aae7230-fa35-4b48-a53d-d03fd74ea8aa/datanode-3/data-0/containers/hdds/9aae7230-fa35-4b48-a53d-d03fd74ea8aa/DS-9fe69358-5d2c-4c65-ae3d-728db84219f8/container.db to cache
2023-04-11 11:24:30,754 [EndpointStateMachine task thread for /0.0.0.0:35521 - 0 ] INFO  volume.HddsVolume (HddsVolume.java:createDbStore(350)) - SchemaV3 db is created and loaded at /home/runner/work/ozone/ozone/hadoop-ozone/integration-test/target/test-dir/MiniOzoneClusterImpl-9aae7230-fa35-4b48-a53d-d03fd74ea8aa/datanode-3/data-0/containers/hdds/9aae7230-fa35-4b48-a53d-d03fd74ea8aa/DS-9fe69358-5d2c-4c65-ae3d-728db84219f8/container.db for volume DS-9fe69358-5d2c-4c65-ae3d-728db84219f8
2023-04-11 11:24:30,754 [EndpointStateMachine task thread for /0.0.0.0:35521 - 0 ] INFO  ozoneimpl.OzoneContainer (OzoneContainer.java:start(397)) - Attempting to start container services.
2023-04-11 11:24:30,755 [EndpointStateMachine task thread for /0.0.0.0:35521 - 0 ] INFO  ozoneimpl.OzoneContainer (OzoneContainer.java:startContainerScrub(314)) - Scheduled background container scanners and the on-demand container scanner have been disabled.
2023-04-11 11:24:30,759 [EndpointStateMachine task thread for /0.0.0.0:35521 - 0 ] INFO  replication.ReplicationServer (ReplicationServer.java:start(109)) - ReplicationServer is started using port 44245
2023-04-11 11:24:30,759 [EndpointStateMachine task thread for /0.0.0.0:35521 - 0 ] INFO  ratis.XceiverServerRatis (XceiverServerRatis.java:start(517)) - Starting XceiverServerRatis 54dbd36c-297a-448a-bb41-2352e1c524ac
2023-04-11 11:24:30,759 [EndpointStateMachine task thread for /0.0.0.0:35521 - 0 ] INFO  server.RaftServer (RaftServerProxy.java:startImpl(393)) - 54dbd36c-297a-448a-bb41-2352e1c524ac: start RPC server
2023-04-11 11:24:30,761 [EndpointStateMachine task thread for /0.0.0.0:35521 - 0 ] INFO  server.GrpcService (GrpcService.java:startImpl(262)) - 54dbd36c-297a-448a-bb41-2352e1c524ac: GrpcService started, listening on 44613
2023-04-11 11:24:30,762 [EndpointStateMachine task thread for /0.0.0.0:35521 - 0 ] INFO  ratis.XceiverServerRatis (XceiverServerRatis.java:getRealPort(543)) - XceiverServerRatis 54dbd36c-297a-448a-bb41-2352e1c524ac is started using port 44613 for RATIS
2023-04-11 11:24:30,762 [EndpointStateMachine task thread for /0.0.0.0:35521 - 0 ] INFO  ratis.XceiverServerRatis (XceiverServerRatis.java:getRealPort(543)) - XceiverServerRatis 54dbd36c-297a-448a-bb41-2352e1c524ac is started using port 44613 for RATIS_ADMIN
2023-04-11 11:24:30,762 [JvmPauseMonitor9] INFO  util.JvmPauseMonitor (JvmPauseMonitor.java:run(105)) - JvmPauseMonitor-54dbd36c-297a-448a-bb41-2352e1c524ac: Started
2023-04-11 11:24:30,762 [EndpointStateMachine task thread for /0.0.0.0:35521 - 0 ] INFO  ratis.XceiverServerRatis (XceiverServerRatis.java:getRealPort(543)) - XceiverServerRatis 54dbd36c-297a-448a-bb41-2352e1c524ac is started using port 44613 for RATIS_SERVER
2023-04-11 11:24:30,762 [EndpointStateMachine task thread for /0.0.0.0:35521 - 0 ] INFO  ratis.XceiverServerRatis (XceiverServerRatis.java:getRealPort(543)) - XceiverServerRatis 54dbd36c-297a-448a-bb41-2352e1c524ac is started using port 42647 for RATIS_DATASTREAM
2023-04-11 11:24:30,764 [EndpointStateMachine task thread for /0.0.0.0:35521 - 0 ] INFO  server.XceiverServerGrpc (XceiverServerGrpc.java:start(180)) - XceiverServerGrpc 54dbd36c-297a-448a-bb41-2352e1c524ac is started using port 43995
2023-04-11 11:24:30,765 [BlockDeletingService#0] INFO  interfaces.ContainerDeletionChoosingPolicyTemplate (ContainerDeletionChoosingPolicyTemplate.java:chooseContainerForBlockDeletion(83)) - Chosen 0/5000 blocks from 0 candidate containers.
2023-04-11 11:24:31,041 [Listener at 127.0.0.1/36969] INFO  ozone.MiniOzoneClusterImpl (MiniOzoneClusterImpl.java:lambda$waitForClusterToBeReady$0(222)) - Waiting for nodes to be ready. Got 0 of 5 DN Heartbeats.
2023-04-11 11:24:31,041 [Listener at 127.0.0.1/36969] INFO  ozone.MiniOzoneClusterImpl (MiniOzoneClusterImpl.java:lambda$waitForClusterToBeReady$0(225)) - Waiting for cluster to exit safe mode
2023-04-11 11:24:31,041 [Listener at 127.0.0.1/36969] INFO  ozone.MiniOzoneClusterImpl (MiniOzoneClusterImpl.java:lambda$waitForClusterToBeReady$0(227)) - SCM became leader
2023-04-11 11:24:31,085 [EndpointStateMachine task thread for /0.0.0.0:35521 - 0 ] INFO  utils.DatanodeStoreCache (DatanodeStoreCache.java:addDB(58)) - Added db /home/runner/work/ozone/ozone/hadoop-ozone/integration-test/target/test-dir/MiniOzoneClusterImpl-9aae7230-fa35-4b48-a53d-d03fd74ea8aa/datanode-4/data-0/containers/hdds/9aae7230-fa35-4b48-a53d-d03fd74ea8aa/DS-dad7c20c-f577-45d8-a508-afa09cc8bffc/container.db to cache
2023-04-11 11:24:31,086 [EndpointStateMachine task thread for /0.0.0.0:35521 - 0 ] INFO  volume.HddsVolume (HddsVolume.java:createDbStore(350)) - SchemaV3 db is created and loaded at /home/runner/work/ozone/ozone/hadoop-ozone/integration-test/target/test-dir/MiniOzoneClusterImpl-9aae7230-fa35-4b48-a53d-d03fd74ea8aa/datanode-4/data-0/containers/hdds/9aae7230-fa35-4b48-a53d-d03fd74ea8aa/DS-dad7c20c-f577-45d8-a508-afa09cc8bffc/container.db for volume DS-dad7c20c-f577-45d8-a508-afa09cc8bffc
2023-04-11 11:24:31,086 [EndpointStateMachine task thread for /0.0.0.0:35521 - 0 ] INFO  ozoneimpl.OzoneContainer (OzoneContainer.java:start(397)) - Attempting to start container services.
2023-04-11 11:24:31,086 [EndpointStateMachine task thread for /0.0.0.0:35521 - 0 ] INFO  ozoneimpl.OzoneContainer (OzoneContainer.java:startContainerScrub(314)) - Scheduled background container scanners and the on-demand container scanner have been disabled.
2023-04-11 11:24:31,092 [EndpointStateMachine task thread for /0.0.0.0:35521 - 0 ] INFO  replication.ReplicationServer (ReplicationServer.java:start(109)) - ReplicationServer is started using port 40209
2023-04-11 11:24:31,092 [EndpointStateMachine task thread for /0.0.0.0:35521 - 0 ] INFO  ratis.XceiverServerRatis (XceiverServerRatis.java:start(517)) - Starting XceiverServerRatis b78ace34-11d4-46ff-baaa-a173e90e3d16
2023-04-11 11:24:31,093 [EndpointStateMachine task thread for /0.0.0.0:35521 - 0 ] INFO  server.RaftServer (RaftServerProxy.java:startImpl(393)) - b78ace34-11d4-46ff-baaa-a173e90e3d16: start RPC server
2023-04-11 11:24:31,095 [EndpointStateMachine task thread for /0.0.0.0:35521 - 0 ] INFO  server.GrpcService (GrpcService.java:startImpl(262)) - b78ace34-11d4-46ff-baaa-a173e90e3d16: GrpcService started, listening on 45333
2023-04-11 11:24:31,095 [EndpointStateMachine task thread for /0.0.0.0:35521 - 0 ] INFO  ratis.XceiverServerRatis (XceiverServerRatis.java:getRealPort(543)) - XceiverServerRatis b78ace34-11d4-46ff-baaa-a173e90e3d16 is started using port 45333 for RATIS
2023-04-11 11:24:31,095 [EndpointStateMachine task thread for /0.0.0.0:35521 - 0 ] INFO  ratis.XceiverServerRatis (XceiverServerRatis.java:getRealPort(543)) - XceiverServerRatis b78ace34-11d4-46ff-baaa-a173e90e3d16 is started using port 45333 for RATIS_ADMIN
2023-04-11 11:24:31,095 [JvmPauseMonitor10] INFO  util.JvmPauseMonitor (JvmPauseMonitor.java:run(105)) - JvmPauseMonitor-b78ace34-11d4-46ff-baaa-a173e90e3d16: Started
2023-04-11 11:24:31,095 [EndpointStateMachine task thread for /0.0.0.0:35521 - 0 ] INFO  ratis.XceiverServerRatis (XceiverServerRatis.java:getRealPort(543)) - XceiverServerRatis b78ace34-11d4-46ff-baaa-a173e90e3d16 is started using port 45333 for RATIS_SERVER
2023-04-11 11:24:31,095 [EndpointStateMachine task thread for /0.0.0.0:35521 - 0 ] INFO  ratis.XceiverServerRatis (XceiverServerRatis.java:getRealPort(543)) - XceiverServerRatis b78ace34-11d4-46ff-baaa-a173e90e3d16 is started using port 45655 for RATIS_DATASTREAM
2023-04-11 11:24:31,098 [EndpointStateMachine task thread for /0.0.0.0:35521 - 0 ] INFO  server.XceiverServerGrpc (XceiverServerGrpc.java:start(180)) - XceiverServerGrpc b78ace34-11d4-46ff-baaa-a173e90e3d16 is started using port 41329
2023-04-11 11:24:31,099 [BlockDeletingService#0] INFO  interfaces.ContainerDeletionChoosingPolicyTemplate (ContainerDeletionChoosingPolicyTemplate.java:chooseContainerForBlockDeletion(83)) - Chosen 0/5000 blocks from 0 candidate containers.
2023-04-11 11:24:31,665 [IPC Server handler 1 on default port 35521] INFO  net.NetworkTopologyImpl (NetworkTopologyImpl.java:add(112)) - Added a new node: /default-rack/bdac8111-12cf-4b14-9a03-ea98a7d0b884
2023-04-11 11:24:31,665 [IPC Server handler 1 on default port 35521] INFO  node.SCMNodeManager (SCMNodeManager.java:register(404)) - Registered Data node : bdac8111-12cf-4b14-9a03-ea98a7d0b884{ip: 10.1.0.37, host: fv-az590-525.scpgifznvsounmmscp2whtfmwe.cx.internal.cloudapp.net, ports: [HTTP=40991, REPLICATION=40063, RATIS=37629, RATIS_ADMIN=37629, RATIS_SERVER=37629, RATIS_DATASTREAM=41845, STANDALONE=35673], networkLocation: /default-rack, certSerialId: null, persistedOpState: null, persistedOpStateExpiryEpochSec: 0}
2023-04-11 11:24:31,668 [EventQueue-NodeRegistrationContainerReportForContainerSafeModeRule] INFO  safemode.SCMSafeModeManager (SCMSafeModeManager.java:validateSafeModeExitRules(200)) - ContainerSafeModeRule rule is successfully validated
2023-04-11 11:24:31,668 [EventQueue-NodeRegistrationContainerReportForDataNodeSafeModeRule] INFO  safemode.SCMSafeModeManager (DataNodeSafeModeRule.java:process(71)) - SCM in safe mode. 1 DataNodes registered, 3 required.
2023-04-11 11:24:31,671 [EventQueue-NewNodeForNewNodeHandler] INFO  pipeline.BackgroundPipelineCreator (BackgroundPipelineCreator.java:notifyEventTriggered(276)) - trigger a one-shot run on RatisPipelineUtilsThread.
2023-04-11 11:24:31,671 [RatisPipelineUtilsThread - 0] INFO  pipeline.RatisPipelineProvider (RatisPipelineProvider.java:lambda$create$0(206)) - Sending CreatePipelineCommand for pipeline:PipelineID=2b3e479e-c826-459f-bd3a-f791e3ab5624 to datanode:bdac8111-12cf-4b14-9a03-ea98a7d0b884
2023-04-11 11:24:31,678 [RatisPipelineUtilsThread - 0] INFO  pipeline.PipelineStateManagerImpl (PipelineStateManagerImpl.java:addPipeline(103)) - Created pipeline Pipeline[ Id: 2b3e479e-c826-459f-bd3a-f791e3ab5624, Nodes: bdac8111-12cf-4b14-9a03-ea98a7d0b884(fv-az590-525.scpgifznvsounmmscp2whtfmwe.cx.internal.cloudapp.net/10.1.0.37), ReplicationConfig: RATIS/ONE, State:ALLOCATED, leaderId:, CreationTimestamp2023-04-11T11:24:31.671Z[Etc/UTC]].
2023-04-11 11:24:31,678 [EventQueue-PipelineReportForOneReplicaPipelineSafeModeRule] INFO  safemode.SCMSafeModeManager (SCMSafeModeManager.java:validateSafeModeExitRules(200)) - AtleastOneDatanodeReportedRule rule is successfully validated
2023-04-11 11:24:32,000 [IPC Server handler 2 on default port 35521] INFO  net.NetworkTopologyImpl (NetworkTopologyImpl.java:add(112)) - Added a new node: /default-rack/91daf988-b498-4475-b6c7-add854a09df6
2023-04-11 11:24:32,000 [IPC Server handler 2 on default port 35521] INFO  node.SCMNodeManager (SCMNodeManager.java:register(404)) - Registered Data node : 91daf988-b498-4475-b6c7-add854a09df6{ip: 10.1.0.37, host: fv-az590-525.scpgifznvsounmmscp2whtfmwe.cx.internal.cloudapp.net, ports: [HTTP=41863, REPLICATION=35887, RATIS=41877, RATIS_ADMIN=41877, RATIS_SERVER=41877, RATIS_DATASTREAM=33815, STANDALONE=41391], networkLocation: /default-rack, certSerialId: null, persistedOpState: null, persistedOpStateExpiryEpochSec: 0}
2023-04-11 11:24:32,002 [EventQueue-NodeRegistrationContainerReportForDataNodeSafeModeRule] INFO  safemode.SCMSafeModeManager (DataNodeSafeModeRule.java:process(71)) - SCM in safe mode. 2 DataNodes registered, 3 required.
2023-04-11 11:24:32,002 [EventQueue-NewNodeForNewNodeHandler] INFO  pipeline.BackgroundPipelineCreator (BackgroundPipelineCreator.java:notifyEventTriggered(276)) - trigger a one-shot run on RatisPipelineUtilsThread.
2023-04-11 11:24:32,003 [RatisPipelineUtilsThread - 0] INFO  pipeline.RatisPipelineProvider (RatisPipelineProvider.java:lambda$create$0(206)) - Sending CreatePipelineCommand for pipeline:PipelineID=d058f862-c72a-4290-b8a3-380ff8f693e5 to datanode:91daf988-b498-4475-b6c7-add854a09df6
2023-04-11 11:24:32,003 [RatisPipelineUtilsThread - 0] INFO  pipeline.PipelineStateManagerImpl (PipelineStateManagerImpl.java:addPipeline(103)) - Created pipeline Pipeline[ Id: d058f862-c72a-4290-b8a3-380ff8f693e5, Nodes: 91daf988-b498-4475-b6c7-add854a09df6(fv-az590-525.scpgifznvsounmmscp2whtfmwe.cx.internal.cloudapp.net/10.1.0.37), ReplicationConfig: RATIS/ONE, State:ALLOCATED, leaderId:, CreationTimestamp2023-04-11T11:24:32.003Z[Etc/UTC]].
2023-04-11 11:24:32,042 [Listener at 127.0.0.1/36969] INFO  ozone.MiniOzoneClusterImpl (MiniOzoneClusterImpl.java:lambda$waitForClusterToBeReady$0(222)) - Waiting for nodes to be ready. Got 2 of 5 DN Heartbeats.
2023-04-11 11:24:32,042 [Listener at 127.0.0.1/36969] INFO  ozone.MiniOzoneClusterImpl (MiniOzoneClusterImpl.java:lambda$waitForClusterToBeReady$0(225)) - Waiting for cluster to exit safe mode
2023-04-11 11:24:32,042 [Listener at 127.0.0.1/36969] INFO  ozone.MiniOzoneClusterImpl (MiniOzoneClusterImpl.java:lambda$waitForClusterToBeReady$0(227)) - SCM became leader
2023-04-11 11:24:32,364 [IPC Server handler 3 on default port 35521] INFO  net.NetworkTopologyImpl (NetworkTopologyImpl.java:add(112)) - Added a new node: /default-rack/4797470f-ac54-44b7-9b0a-d535466dc4d7
2023-04-11 11:24:32,365 [IPC Server handler 3 on default port 35521] INFO  node.SCMNodeManager (SCMNodeManager.java:register(404)) - Registered Data node : 4797470f-ac54-44b7-9b0a-d535466dc4d7{ip: 10.1.0.37, host: fv-az590-525.scpgifznvsounmmscp2whtfmwe.cx.internal.cloudapp.net, ports: [HTTP=38171, REPLICATION=36907, RATIS=36979, RATIS_ADMIN=36979, RATIS_SERVER=36979, RATIS_DATASTREAM=36341, STANDALONE=41833], networkLocation: /default-rack, certSerialId: null, persistedOpState: null, persistedOpStateExpiryEpochSec: 0}
2023-04-11 11:24:32,366 [EventQueue-NodeRegistrationContainerReportForDataNodeSafeModeRule] INFO  safemode.SCMSafeModeManager (DataNodeSafeModeRule.java:process(71)) - SCM in safe mode. 3 DataNodes registered, 3 required.
2023-04-11 11:24:32,366 [EventQueue-NodeRegistrationContainerReportForDataNodeSafeModeRule] INFO  safemode.SCMSafeModeManager (SCMSafeModeManager.java:validateSafeModeExitRules(200)) - DataNodeSafeModeRule rule is successfully validated
2023-04-11 11:24:32,366 [EventQueue-NodeRegistrationContainerReportForDataNodeSafeModeRule] INFO  safemode.SCMSafeModeManager (SCMSafeModeManager.java:completePreCheck(229)) - All SCM safe mode pre check rules have passed
2023-04-11 11:24:32,366 [EventQueue-NodeRegistrationContainerReportForDataNodeSafeModeRule] INFO  ha.SCMContext (SCMContext.java:updateSafeModeStatus(228)) - Update SafeModeStatus from SafeModeStatus{safeModeStatus=true, preCheckPassed=false} to SafeModeStatus{safeModeStatus=true, preCheckPassed=true}.
2023-04-11 11:24:32,366 [EventQueue-NodeRegistrationContainerReportForDataNodeSafeModeRule] INFO  pipeline.BackgroundPipelineCreator (BackgroundPipelineCreator.java:notifyEventTriggered(276)) - trigger a one-shot run on RatisPipelineUtilsThread.
2023-04-11 11:24:32,367 [EventQueue-NewNodeForNewNodeHandler] INFO  pipeline.BackgroundPipelineCreator (BackgroundPipelineCreator.java:notifyEventTriggered(276)) - trigger a one-shot run on RatisPipelineUtilsThread.
2023-04-11 11:24:32,367 [RatisPipelineUtilsThread - 0] INFO  pipeline.RatisPipelineProvider (RatisPipelineProvider.java:lambda$create$0(206)) - Sending CreatePipelineCommand for pipeline:PipelineID=0bce1ab0-08f6-4d62-ba9f-cf3ac20e158b to datanode:4797470f-ac54-44b7-9b0a-d535466dc4d7
2023-04-11 11:24:32,368 [RatisPipelineUtilsThread - 0] INFO  pipeline.PipelineStateManagerImpl (PipelineStateManagerImpl.java:addPipeline(103)) - Created pipeline Pipeline[ Id: 0bce1ab0-08f6-4d62-ba9f-cf3ac20e158b, Nodes: 4797470f-ac54-44b7-9b0a-d535466dc4d7(fv-az590-525.scpgifznvsounmmscp2whtfmwe.cx.internal.cloudapp.net/10.1.0.37), ReplicationConfig: RATIS/ONE, State:ALLOCATED, leaderId:, CreationTimestamp2023-04-11T11:24:32.367Z[Etc/UTC]].
2023-04-11 11:24:32,368 [RatisPipelineUtilsThread - 0] INFO  pipeline.RatisPipelineProvider (RatisPipelineProvider.java:lambda$create$0(206)) - Sending CreatePipelineCommand for pipeline:PipelineID=d2227c34-c137-466d-93f5-6b9c7adf708c to datanode:bdac8111-12cf-4b14-9a03-ea98a7d0b884
2023-04-11 11:24:32,368 [RatisPipelineUtilsThread - 0] INFO  pipeline.RatisPipelineProvider (RatisPipelineProvider.java:lambda$create$0(206)) - Sending CreatePipelineCommand for pipeline:PipelineID=d2227c34-c137-466d-93f5-6b9c7adf708c to datanode:91daf988-b498-4475-b6c7-add854a09df6
2023-04-11 11:24:32,368 [RatisPipelineUtilsThread - 0] INFO  pipeline.RatisPipelineProvider (RatisPipelineProvider.java:lambda$create$0(206)) - Sending CreatePipelineCommand for pipeline:PipelineID=d2227c34-c137-466d-93f5-6b9c7adf708c to datanode:4797470f-ac54-44b7-9b0a-d535466dc4d7
2023-04-11 11:24:32,369 [RatisPipelineUtilsThread - 0] INFO  pipeline.PipelineStateManagerImpl (PipelineStateManagerImpl.java:addPipeline(103)) - Created pipeline Pipeline[ Id: d2227c34-c137-466d-93f5-6b9c7adf708c, Nodes: bdac8111-12cf-4b14-9a03-ea98a7d0b884(fv-az590-525.scpgifznvsounmmscp2whtfmwe.cx.internal.cloudapp.net/10.1.0.37)91daf988-b498-4475-b6c7-add854a09df6(fv-az590-525.scpgifznvsounmmscp2whtfmwe.cx.internal.cloudapp.net/10.1.0.37)4797470f-ac54-44b7-9b0a-d535466dc4d7(fv-az590-525.scpgifznvsounmmscp2whtfmwe.cx.internal.cloudapp.net/10.1.0.37), ReplicationConfig: RATIS/THREE, State:ALLOCATED, leaderId:, CreationTimestamp2023-04-11T11:24:32.368Z[Etc/UTC]].
2023-04-11 11:24:32,369 [RatisPipelineUtilsThread - 0] INFO  pipeline.RatisPipelineProvider (RatisPipelineProvider.java:lambda$create$0(206)) - Sending CreatePipelineCommand for pipeline:PipelineID=7b09aed9-f2d9-418e-ae0e-d1394e011350 to datanode:91daf988-b498-4475-b6c7-add854a09df6
2023-04-11 11:24:32,369 [RatisPipelineUtilsThread - 0] INFO  pipeline.RatisPipelineProvider (RatisPipelineProvider.java:lambda$create$0(206)) - Sending CreatePipelineCommand for pipeline:PipelineID=7b09aed9-f2d9-418e-ae0e-d1394e011350 to datanode:bdac8111-12cf-4b14-9a03-ea98a7d0b884
2023-04-11 11:24:32,369 [RatisPipelineUtilsThread - 0] INFO  pipeline.RatisPipelineProvider (RatisPipelineProvider.java:lambda$create$0(206)) - Sending CreatePipelineCommand for pipeline:PipelineID=7b09aed9-f2d9-418e-ae0e-d1394e011350 to datanode:4797470f-ac54-44b7-9b0a-d535466dc4d7
2023-04-11 11:24:32,370 [RatisPipelineUtilsThread - 0] INFO  pipeline.PipelineStateManagerImpl (PipelineStateManagerImpl.java:addPipeline(103)) - Created pipeline Pipeline[ Id: 7b09aed9-f2d9-418e-ae0e-d1394e011350, Nodes: 91daf988-b498-4475-b6c7-add854a09df6(fv-az590-525.scpgifznvsounmmscp2whtfmwe.cx.internal.cloudapp.net/10.1.0.37)bdac8111-12cf-4b14-9a03-ea98a7d0b884(fv-az590-525.scpgifznvsounmmscp2whtfmwe.cx.internal.cloudapp.net/10.1.0.37)4797470f-ac54-44b7-9b0a-d535466dc4d7(fv-az590-525.scpgifznvsounmmscp2whtfmwe.cx.internal.cloudapp.net/10.1.0.37), ReplicationConfig: RATIS/THREE, State:ALLOCATED, leaderId:, CreationTimestamp2023-04-11T11:24:32.369Z[Etc/UTC]].
2023-04-11 11:24:32,370 [RatisPipelineUtilsThread - 0] INFO  pipeline.PipelineManagerImpl (PipelineManagerImpl.java:recordMetricsForPipeline(826)) - Pipeline: PipelineID=7b09aed9-f2d9-418e-ae0e-d1394e011350 contains same datanodes as previous pipelines: PipelineID=d2227c34-c137-466d-93f5-6b9c7adf708c nodeIds: 91daf988-b498-4475-b6c7-add854a09df6, bdac8111-12cf-4b14-9a03-ea98a7d0b884, 4797470f-ac54-44b7-9b0a-d535466dc4d7
2023-04-11 11:24:32,371 [RatisPipelineUtilsThread - 0] WARN  pipeline.PipelinePlacementPolicy (PipelinePlacementPolicy.java:filterViableNodes(160)) - Pipeline creation failed due to no sufficient healthy datanodes. Required 3. Found 0. Excluded 3.
2023-04-11 11:24:32,719 [IPC Server handler 0 on default port 35521] INFO  net.NetworkTopologyImpl (NetworkTopologyImpl.java:add(112)) - Added a new node: /default-rack/54dbd36c-297a-448a-bb41-2352e1c524ac
2023-04-11 11:24:32,719 [IPC Server handler 0 on default port 35521] INFO  node.SCMNodeManager (SCMNodeManager.java:register(404)) - Registered Data node : 54dbd36c-297a-448a-bb41-2352e1c524ac{ip: 10.1.0.37, host: fv-az590-525.scpgifznvsounmmscp2whtfmwe.cx.internal.cloudapp.net, ports: [HTTP=35655, REPLICATION=44245, RATIS=44613, RATIS_ADMIN=44613, RATIS_SERVER=44613, RATIS_DATASTREAM=42647, STANDALONE=43995], networkLocation: /default-rack, certSerialId: null, persistedOpState: null, persistedOpStateExpiryEpochSec: 0}
2023-04-11 11:24:32,719 [EventQueue-NewNodeForNewNodeHandler] INFO  pipeline.BackgroundPipelineCreator (BackgroundPipelineCreator.java:notifyEventTriggered(276)) - trigger a one-shot run on RatisPipelineUtilsThread.
2023-04-11 11:24:32,720 [RatisPipelineUtilsThread - 0] INFO  pipeline.RatisPipelineProvider (RatisPipelineProvider.java:lambda$create$0(206)) - Sending CreatePipelineCommand for pipeline:PipelineID=755abec9-2bfe-46d6-a368-a6ffc0219441 to datanode:54dbd36c-297a-448a-bb41-2352e1c524ac
2023-04-11 11:24:32,722 [RatisPipelineUtilsThread - 0] INFO  pipeline.PipelineStateManagerImpl (PipelineStateManagerImpl.java:addPipeline(103)) - Created pipeline Pipeline[ Id: 755abec9-2bfe-46d6-a368-a6ffc0219441, Nodes: 54dbd36c-297a-448a-bb41-2352e1c524ac(fv-az590-525.scpgifznvsounmmscp2whtfmwe.cx.internal.cloudapp.net/10.1.0.37), ReplicationConfig: RATIS/ONE, State:ALLOCATED, leaderId:, CreationTimestamp2023-04-11T11:24:32.720Z[Etc/UTC]].
2023-04-11 11:24:32,723 [RatisPipelineUtilsThread - 0] WARN  pipeline.PipelinePlacementPolicy (PipelinePlacementPolicy.java:filterViableNodes(160)) - Pipeline creation failed due to no sufficient healthy datanodes. Required 3. Found 1. Excluded 3.
2023-04-11 11:24:33,042 [IPC Server handler 3 on default port 35521] INFO  net.NetworkTopologyImpl (NetworkTopologyImpl.java:add(112)) - Added a new node: /default-rack/b78ace34-11d4-46ff-baaa-a173e90e3d16
2023-04-11 11:24:33,042 [Listener at 127.0.0.1/36969] INFO  ozone.MiniOzoneClusterImpl (MiniOzoneClusterImpl.java:lambda$waitForClusterToBeReady$0(222)) - Waiting for nodes to be ready. Got 4 of 5 DN Heartbeats.
2023-04-11 11:24:33,043 [Listener at 127.0.0.1/36969] INFO  ozone.MiniOzoneClusterImpl (MiniOzoneClusterImpl.java:lambda$waitForClusterToBeReady$0(225)) - Waiting for cluster to exit safe mode
2023-04-11 11:24:33,043 [Listener at 127.0.0.1/36969] INFO  ozone.MiniOzoneClusterImpl (MiniOzoneClusterImpl.java:lambda$waitForClusterToBeReady$0(227)) - SCM became leader
2023-04-11 11:24:33,042 [IPC Server handler 3 on default port 35521] INFO  node.SCMNodeManager (SCMNodeManager.java:register(404)) - Registered Data node : b78ace34-11d4-46ff-baaa-a173e90e3d16{ip: 10.1.0.37, host: fv-az590-525.scpgifznvsounmmscp2whtfmwe.cx.internal.cloudapp.net, ports: [HTTP=39587, REPLICATION=40209, RATIS=45333, RATIS_ADMIN=45333, RATIS_SERVER=45333, RATIS_DATASTREAM=45655, STANDALONE=41329], networkLocation: /default-rack, certSerialId: null, persistedOpState: null, persistedOpStateExpiryEpochSec: 0}
2023-04-11 11:24:33,043 [EventQueue-NewNodeForNewNodeHandler] INFO  pipeline.BackgroundPipelineCreator (BackgroundPipelineCreator.java:notifyEventTriggered(276)) - trigger a one-shot run on RatisPipelineUtilsThread.
2023-04-11 11:24:33,044 [RatisPipelineUtilsThread - 0] INFO  pipeline.RatisPipelineProvider (RatisPipelineProvider.java:lambda$create$0(206)) - Sending CreatePipelineCommand for pipeline:PipelineID=f6865a64-270e-4fbb-a64d-ef326d8b0cdf to datanode:b78ace34-11d4-46ff-baaa-a173e90e3d16
2023-04-11 11:24:33,045 [RatisPipelineUtilsThread - 0] INFO  pipeline.PipelineStateManagerImpl (PipelineStateManagerImpl.java:addPipeline(103)) - Created pipeline Pipeline[ Id: f6865a64-270e-4fbb-a64d-ef326d8b0cdf, Nodes: b78ace34-11d4-46ff-baaa-a173e90e3d16(fv-az590-525.scpgifznvsounmmscp2whtfmwe.cx.internal.cloudapp.net/10.1.0.37), ReplicationConfig: RATIS/ONE, State:ALLOCATED, leaderId:, CreationTimestamp2023-04-11T11:24:33.044Z[Etc/UTC]].
2023-04-11 11:24:33,045 [RatisPipelineUtilsThread - 0] WARN  pipeline.PipelinePlacementPolicy (PipelinePlacementPolicy.java:filterViableNodes(160)) - Pipeline creation failed due to no sufficient healthy datanodes. Required 3. Found 2. Excluded 3.
2023-04-11 11:24:34,043 [Listener at 127.0.0.1/36969] INFO  ozone.MiniOzoneClusterImpl (MiniOzoneClusterImpl.java:lambda$waitForClusterToBeReady$0(222)) - Nodes are ready. Got 5 of 5 DN Heartbeats.
2023-04-11 11:24:34,043 [Listener at 127.0.0.1/36969] INFO  ozone.MiniOzoneClusterImpl (MiniOzoneClusterImpl.java:lambda$waitForClusterToBeReady$0(225)) - Waiting for cluster to exit safe mode
2023-04-11 11:24:34,043 [Listener at 127.0.0.1/36969] INFO  ozone.MiniOzoneClusterImpl (MiniOzoneClusterImpl.java:lambda$waitForClusterToBeReady$0(227)) - SCM became leader
2023-04-11 11:24:34,662 [Command processor thread] INFO  server.RaftServer (RaftServerProxy.java:addNew(96)) - bdac8111-12cf-4b14-9a03-ea98a7d0b884: addNew group-F791E3AB5624:[bdac8111-12cf-4b14-9a03-ea98a7d0b884|rpc:10.1.0.37:37629|dataStream:10.1.0.37:41845|priority:1|startupRole:FOLLOWER] returns group-F791E3AB5624:java.util.concurrent.CompletableFuture@302a5a2d[Not completed]
2023-04-11 11:24:34,664 [pool-286-thread-1] INFO  server.RaftServer$Division (RaftServerImpl.java:<init>(195)) - bdac8111-12cf-4b14-9a03-ea98a7d0b884: new RaftServerImpl for group-F791E3AB5624:[bdac8111-12cf-4b14-9a03-ea98a7d0b884|rpc:10.1.0.37:37629|dataStream:10.1.0.37:41845|priority:1|startupRole:FOLLOWER] with ContainerStateMachine:uninitialized
2023-04-11 11:24:34,664 [pool-286-thread-1] INFO  server.RaftServerConfigKeys (ConfUtils.java:logGet(46)) - raft.server.rpc.timeout.min = 5s (custom)
2023-04-11 11:24:34,664 [pool-286-thread-1] INFO  server.RaftServerConfigKeys (ConfUtils.java:logGet(46)) - raft.server.rpc.timeout.max = 5200ms (custom)
2023-04-11 11:24:34,664 [pool-286-thread-1] INFO  server.RaftServerConfigKeys (ConfUtils.java:logGet(46)) - raft.server.rpc.sleep.time = 25ms (default)
2023-04-11 11:24:34,664 [pool-286-thread-1] INFO  server.RaftServerConfigKeys (ConfUtils.java:logGet(46)) - raft.server.rpc.slowness.timeout = 300s (custom)
2023-04-11 11:24:34,664 [pool-286-thread-1] INFO  server.RaftServerConfigKeys (ConfUtils.java:logGet(46)) - raft.server.leaderelection.leader.step-down.wait-time = 10s (default)
2023-04-11 11:24:34,664 [pool-286-thread-1] INFO  server.RaftServerConfigKeys (ConfUtils.java:logGet(46)) - raft.server.sleep.deviation.threshold = 300ms (default)
2023-04-11 11:24:34,664 [pool-286-thread-1] INFO  server.RaftServer$Division (ServerState.java:<init>(118)) - bdac8111-12cf-4b14-9a03-ea98a7d0b884@group-F791E3AB5624: ConfigurationManager, init=-1: peers:[bdac8111-12cf-4b14-9a03-ea98a7d0b884|rpc:10.1.0.37:37629|dataStream:10.1.0.37:41845|priority:1|startupRole:FOLLOWER]|listeners:[], old=null, confs=<EMPTY_MAP>
2023-04-11 11:24:34,664 [pool-286-thread-1] INFO  server.RaftServerConfigKeys (ConfUtils.java:logGet(46)) - raft.server.storage.dir = [/home/runner/work/ozone/ozone/hadoop-ozone/integration-test/target/test-dir/MiniOzoneClusterImpl-9aae7230-fa35-4b48-a53d-d03fd74ea8aa/datanode-0/data/ratis] (custom)
2023-04-11 11:24:34,664 [pool-286-thread-1] INFO  server.RaftServerConfigKeys (ConfUtils.java:logGet(46)) - raft.server.log.corruption.policy = EXCEPTION (default)
2023-04-11 11:24:34,664 [pool-286-thread-1] INFO  server.RaftServerConfigKeys (ConfUtils.java:logGet(46)) - raft.server.storage.free-space.min = 0MB (=0) (default)
2023-04-11 11:24:34,665 [pool-286-thread-1] INFO  server.RaftServerConfigKeys (ConfUtils.java:logGet(46)) - raft.server.notification.no-leader.timeout = 300s (custom)
2023-04-11 11:24:34,665 [pool-286-thread-1] INFO  server.RaftServerConfigKeys (ConfUtils.java:logGet(46)) - raft.server.retrycache.expirytime = 600000ms (custom)
2023-04-11 11:24:34,665 [pool-286-thread-1] INFO  server.RaftServerConfigKeys (ConfUtils.java:logGet(46)) - raft.server.retrycache.statistics.expirytime = 100μs (default)
2023-04-11 11:24:34,674 [pool-286-thread-1] INFO  server.RaftServerConfigKeys (ConfUtils.java:logGet(46)) - raft.server.log.appender.install.snapshot.enabled = false (custom)
2023-04-11 11:24:34,674 [pool-286-thread-1] INFO  server.RaftServerConfigKeys (ConfUtils.java:logGet(46)) - raft.server.threadpool.server.cached = true (default)
2023-04-11 11:24:34,675 [pool-286-thread-1] INFO  server.RaftServerConfigKeys (ConfUtils.java:logGet(46)) - raft.server.threadpool.server.size = 0 (default)
2023-04-11 11:24:34,675 [pool-286-thread-1] INFO  server.RaftServerConfigKeys (ConfUtils.java:logGet(46)) - raft.server.threadpool.client.cached = true (default)
2023-04-11 11:24:34,678 [pool-286-thread-1] INFO  server.RaftServerConfigKeys (ConfUtils.java:logGet(46)) - raft.server.threadpool.client.size = 0 (default)
2023-04-11 11:24:34,678 [pool-286-thread-1] INFO  storage.RaftStorageDirectory (RaftStorageDirectoryImpl.java:analyzeStorage(137)) - The storage directory /home/runner/work/ozone/ozone/hadoop-ozone/integration-test/target/test-dir/MiniOzoneClusterImpl-9aae7230-fa35-4b48-a53d-d03fd74ea8aa/datanode-0/data/ratis/2b3e479e-c826-459f-bd3a-f791e3ab5624 does not exist. Creating ...
2023-04-11 11:24:34,680 [pool-286-thread-1] INFO  storage.RaftStorageDirectory (RaftStorageDirectoryImpl.java:tryLock(231)) - Lock on /home/runner/work/ozone/ozone/hadoop-ozone/integration-test/target/test-dir/MiniOzoneClusterImpl-9aae7230-fa35-4b48-a53d-d03fd74ea8aa/datanode-0/data/ratis/2b3e479e-c826-459f-bd3a-f791e3ab5624/in_use.lock acquired by nodename 48974@fv-az590-525
2023-04-11 11:24:34,681 [pool-286-thread-1] INFO  storage.RaftStorage (RaftStorageImpl.java:format(96)) - Storage directory /home/runner/work/ozone/ozone/hadoop-ozone/integration-test/target/test-dir/MiniOzoneClusterImpl-9aae7230-fa35-4b48-a53d-d03fd74ea8aa/datanode-0/data/ratis/2b3e479e-c826-459f-bd3a-f791e3ab5624 has been successfully formatted.
2023-04-11 11:24:34,682 [pool-286-thread-1] INFO  ratis.ContainerStateMachine (ContainerStateMachine.java:loadSnapshot(262)) - group-F791E3AB5624: The snapshot info is null. Setting the last applied indexto:(t:0, i:~)
2023-04-11 11:24:34,682 [pool-286-thread-1] INFO  server.RaftServerConfigKeys (ConfUtils.java:logGet(46)) - raft.server.log.use.memory = false (default)
2023-04-11 11:24:34,684 [EventQueue-PipelineReportForPipelineReportHandler] INFO  pipeline.PipelineManagerImpl (PipelineManagerImpl.java:openPipeline(367)) - Pipeline Pipeline[ Id: 2b3e479e-c826-459f-bd3a-f791e3ab5624, Nodes: bdac8111-12cf-4b14-9a03-ea98a7d0b884(fv-az590-525.scpgifznvsounmmscp2whtfmwe.cx.internal.cloudapp.net/10.1.0.37), ReplicationConfig: RATIS/ONE, State:ALLOCATED, leaderId:bdac8111-12cf-4b14-9a03-ea98a7d0b884, CreationTimestamp2023-04-11T11:24:31.671Z[Etc/UTC]] moved to OPEN state
2023-04-11 11:24:34,685 [pool-286-thread-1] INFO  server.RaftServerConfigKeys (ConfUtils.java:logGet(46)) - raft.server.log.purge.gap = 1000000 (custom)
2023-04-11 11:24:34,685 [pool-286-thread-1] INFO  server.RaftServerConfigKeys (ConfUtils.java:logGet(46)) - raft.server.log.appender.buffer.byte-limit = 33554432 (custom)
2023-04-11 11:24:34,685 [pool-286-thread-1] INFO  server.RaftServerConfigKeys (ConfUtils.java:logGet(46)) - raft.server.log.statemachine.data.read.timeout = 1000ms (default)
2023-04-11 11:24:34,685 [pool-286-thread-1] INFO  server.RaftServerConfigKeys (ConfUtils.java:logGet(46)) - raft.server.log.purge.preservation.log.num = 0 (default)
2023-04-11 11:24:34,686 [pool-286-thread-1] INFO  server.RaftServerConfigKeys (ConfUtils.java:logGet(46)) - raft.server.log.segment.size.max = 1048576 (custom)
2023-04-11 11:24:34,689 [pool-286-thread-1] INFO  server.RaftServerConfigKeys (ConfUtils.java:logGet(46)) - raft.server.log.segment.cache.num.max = 2 (custom)
2023-04-11 11:24:34,689 [pool-286-thread-1] INFO  server.RaftServerConfigKeys (ConfUtils.java:logGet(46)) - raft.server.log.segment.cache.size.max = 200MB (=209715200) (default)
2023-04-11 11:24:34,689 [pool-286-thread-1] INFO  segmented.SegmentedRaftLogWorker (SegmentedRaftLogWorker.java:<init>(189)) - new bdac8111-12cf-4b14-9a03-ea98a7d0b884@group-F791E3AB5624-SegmentedRaftLogWorker for RaftStorageImpl:Storage Directory /home/runner/work/ozone/ozone/hadoop-ozone/integration-test/target/test-dir/MiniOzoneClusterImpl-9aae7230-fa35-4b48-a53d-d03fd74ea8aa/datanode-0/data/ratis/2b3e479e-c826-459f-bd3a-f791e3ab5624
2023-04-11 11:24:34,689 [EventQueue-OpenPipelineForHealthyPipelineSafeModeRule] INFO  safemode.SCMSafeModeManager (HealthyPipelineSafeModeRule.java:process(137)) - SCM in safe mode. Healthy pipelines reported count is 0, required healthy pipeline reported count is 1
2023-04-11 11:24:34,689 [pool-286-thread-1] INFO  server.RaftServerConfigKeys (ConfUtils.java:logGet(46)) - raft.server.log.queue.byte-limit = 4294967296 (custom)
2023-04-11 11:24:34,689 [pool-286-thread-1] INFO  server.RaftServerConfigKeys (ConfUtils.java:logGet(46)) - raft.server.log.queue.element-limit = 1024 (custom)
2023-04-11 11:24:34,689 [pool-286-thread-1] INFO  server.RaftServerConfigKeys (ConfUtils.java:logGet(46)) - raft.server.log.segment.size.max = 1048576 (custom)
2023-04-11 11:24:34,689 [pool-286-thread-1] INFO  server.RaftServerConfigKeys (ConfUtils.java:logGet(46)) - raft.server.log.preallocated.size = 16384 (custom)
2023-04-11 11:24:34,689 [pool-286-thread-1] INFO  server.RaftServerConfigKeys (ConfUtils.java:logGet(46)) - raft.server.log.force.sync.num = 128 (default)
2023-04-11 11:24:34,689 [pool-286-thread-1] INFO  server.RaftServerConfigKeys (ConfUtils.java:logGet(46)) - raft.server.log.statemachine.data.sync = true (default)
2023-04-11 11:24:34,689 [pool-286-thread-1] INFO  server.RaftServerConfigKeys (ConfUtils.java:logGet(46)) - raft.server.log.statemachine.data.sync.timeout = 10s (default)
2023-04-11 11:24:34,690 [pool-286-thread-1] INFO  server.RaftServerConfigKeys (ConfUtils.java:logGet(46)) - raft.server.log.statemachine.data.sync.timeout.retry = -1 (default)
2023-04-11 11:24:34,694 [pool-286-thread-1] INFO  server.RaftServerConfigKeys (ConfUtils.java:logGet(46)) - raft.server.log.write.buffer.size = 1048576 (custom)
2023-04-11 11:24:34,694 [pool-286-thread-1] INFO  server.RaftServerConfigKeys (ConfUtils.java:logGet(46)) - raft.server.log.appender.buffer.byte-limit = 33554432 (custom)
2023-04-11 11:24:34,701 [pool-286-thread-1] INFO  server.RaftServerConfigKeys (ConfUtils.java:logGet(46)) - raft.server.log.unsafe-flush.enabled = false (default)
2023-04-11 11:24:34,701 [pool-286-thread-1] INFO  server.RaftServerConfigKeys (ConfUtils.java:logGet(46)) - raft.server.log.async-flush.enabled = false (default)
2023-04-11 11:24:34,701 [pool-286-thread-1] INFO  server.RaftServerConfigKeys (ConfUtils.java:logGet(46)) - raft.server.log.statemachine.data.caching.enabled = true (custom)
2023-04-11 11:24:34,702 [pool-286-thread-1] INFO  segmented.SegmentedRaftLogWorker (SegmentedRaftLogWorker.java:lambda$new$0(135)) - bdac8111-12cf-4b14-9a03-ea98a7d0b884@group-F791E3AB5624-SegmentedRaftLogWorker: flushIndex: setUnconditionally 0 -> -1
2023-04-11 11:24:34,702 [pool-286-thread-1] INFO  segmented.SegmentedRaftLogWorker (SegmentedRaftLogWorker.java:lambda$new$0(135)) - bdac8111-12cf-4b14-9a03-ea98a7d0b884@group-F791E3AB5624-SegmentedRaftLogWorker: safeCacheEvictIndex: setUnconditionally 0 -> -1
2023-04-11 11:24:34,702 [pool-286-thread-1] INFO  server.RaftServer$Division (RaftServerImpl.java:start(334)) - bdac8111-12cf-4b14-9a03-ea98a7d0b884@group-F791E3AB5624: start as a follower, conf=-1: peers:[bdac8111-12cf-4b14-9a03-ea98a7d0b884|rpc:10.1.0.37:37629|dataStream:10.1.0.37:41845|priority:1|startupRole:FOLLOWER]|listeners:[], old=null
2023-04-11 11:24:34,702 [pool-286-thread-1] INFO  server.RaftServer$Division (RaftServerImpl.java:setRole(321)) - bdac8111-12cf-4b14-9a03-ea98a7d0b884@group-F791E3AB5624: changes role from      null to FOLLOWER at term 0 for startAsFollower
2023-04-11 11:24:34,702 [pool-286-thread-1] INFO  impl.RoleInfo (RoleInfo.java:updateAndGet(139)) - bdac8111-12cf-4b14-9a03-ea98a7d0b884: start bdac8111-12cf-4b14-9a03-ea98a7d0b884@group-F791E3AB5624-FollowerState
2023-04-11 11:24:34,702 [bdac8111-12cf-4b14-9a03-ea98a7d0b884@group-F791E3AB5624-FollowerState] INFO  server.RaftServerConfigKeys (ConfUtils.java:logFallback(53)) - raft.server.rpc.first-election.timeout.min = 5s (fallback to raft.server.rpc.timeout.min)
2023-04-11 11:24:34,702 [bdac8111-12cf-4b14-9a03-ea98a7d0b884@group-F791E3AB5624-FollowerState] INFO  server.RaftServerConfigKeys (ConfUtils.java:logFallback(53)) - raft.server.rpc.first-election.timeout.max = 5200ms (fallback to raft.server.rpc.timeout.max)
2023-04-11 11:24:34,703 [pool-286-thread-1] INFO  util.JmxRegister (JmxRegister.java:tryRegister(44)) - Successfully registered JMX Bean with object name Ratis:service=RaftServer,group=group-F791E3AB5624,id=bdac8111-12cf-4b14-9a03-ea98a7d0b884
2023-04-11 11:24:34,703 [pool-286-thread-1] INFO  server.RaftServerConfigKeys (ConfUtils.java:logGet(46)) - raft.server.snapshot.auto.trigger.enabled = true (custom)
2023-04-11 11:24:34,703 [pool-286-thread-1] INFO  server.RaftServerConfigKeys (ConfUtils.java:logGet(46)) - raft.server.snapshot.auto.trigger.threshold = 10000 (custom)
2023-04-11 11:24:34,703 [pool-286-thread-1] INFO  server.RaftServerConfigKeys (ConfUtils.java:logGet(46)) - raft.server.snapshot.retention.file.num = 5 (custom)
2023-04-11 11:24:34,703 [pool-286-thread-1] INFO  server.RaftServerConfigKeys (ConfUtils.java:logGet(46)) - raft.server.log.purge.upto.snapshot.index = false (default)
2023-04-11 11:24:34,704 [Command processor thread] INFO  ratis.XceiverServerRatis (XceiverServerRatis.java:addGroup(806)) - Created group PipelineID=2b3e479e-c826-459f-bd3a-f791e3ab5624
2023-04-11 11:24:34,704 [Command processor thread] INFO  commandhandler.CreatePipelineCommandHandler (CreatePipelineCommandHandler.java:handle(113)) - Created Pipeline RATIS ONE PipelineID=2b3e479e-c826-459f-bd3a-f791e3ab5624.
2023-04-11 11:24:34,704 [Command processor thread] INFO  server.RaftServer (RaftServerProxy.java:addNew(96)) - bdac8111-12cf-4b14-9a03-ea98a7d0b884: addNew group-6B9C7ADF708C:[4797470f-ac54-44b7-9b0a-d535466dc4d7|rpc:10.1.0.37:36979|dataStream:10.1.0.37:36341|priority:0|startupRole:FOLLOWER, bdac8111-12cf-4b14-9a03-ea98a7d0b884|rpc:10.1.0.37:37629|dataStream:10.1.0.37:41845|priority:0|startupRole:FOLLOWER, 91daf988-b498-4475-b6c7-add854a09df6|rpc:10.1.0.37:41877|dataStream:10.1.0.37:33815|priority:1|startupRole:FOLLOWER] returns group-6B9C7ADF708C:java.util.concurrent.CompletableFuture@3415c8f0[Not completed]
2023-04-11 11:24:34,707 [pool-286-thread-1] INFO  server.RaftServer$Division (RaftServerImpl.java:<init>(195)) - bdac8111-12cf-4b14-9a03-ea98a7d0b884: new RaftServerImpl for group-6B9C7ADF708C:[4797470f-ac54-44b7-9b0a-d535466dc4d7|rpc:10.1.0.37:36979|dataStream:10.1.0.37:36341|priority:0|startupRole:FOLLOWER, bdac8111-12cf-4b14-9a03-ea98a7d0b884|rpc:10.1.0.37:37629|dataStream:10.1.0.37:41845|priority:0|startupRole:FOLLOWER, 91daf988-b498-4475-b6c7-add854a09df6|rpc:10.1.0.37:41877|dataStream:10.1.0.37:33815|priority:1|startupRole:FOLLOWER] with ContainerStateMachine:uninitialized
2023-04-11 11:24:34,707 [pool-286-thread-1] INFO  server.RaftServerConfigKeys (ConfUtils.java:logGet(46)) - raft.server.rpc.timeout.min = 5s (custom)
2023-04-11 11:24:34,707 [pool-286-thread-1] INFO  server.RaftServerConfigKeys (ConfUtils.java:logGet(46)) - raft.server.rpc.timeout.max = 5200ms (custom)
2023-04-11 11:24:34,707 [pool-286-thread-1] INFO  server.RaftServerConfigKeys (ConfUtils.java:logGet(46)) - raft.server.rpc.sleep.time = 25ms (default)
2023-04-11 11:24:34,707 [pool-286-thread-1] INFO  server.RaftServerConfigKeys (ConfUtils.java:logGet(46)) - raft.server.rpc.slowness.timeout = 300s (custom)
2023-04-11 11:24:34,707 [pool-286-thread-1] INFO  server.RaftServerConfigKeys (ConfUtils.java:logGet(46)) - raft.server.leaderelection.leader.step-down.wait-time = 10s (default)
2023-04-11 11:24:34,707 [pool-286-thread-1] INFO  server.RaftServerConfigKeys (ConfUtils.java:logGet(46)) - raft.server.sleep.deviation.threshold = 300ms (default)
2023-04-11 11:24:34,707 [pool-286-thread-1] INFO  server.RaftServer$Division (ServerState.java:<init>(118)) - bdac8111-12cf-4b14-9a03-ea98a7d0b884@group-6B9C7ADF708C: ConfigurationManager, init=-1: peers:[4797470f-ac54-44b7-9b0a-d535466dc4d7|rpc:10.1.0.37:36979|dataStream:10.1.0.37:36341|priority:0|startupRole:FOLLOWER, bdac8111-12cf-4b14-9a03-ea98a7d0b884|rpc:10.1.0.37:37629|dataStream:10.1.0.37:41845|priority:0|startupRole:FOLLOWER, 91daf988-b498-4475-b6c7-add854a09df6|rpc:10.1.0.37:41877|dataStream:10.1.0.37:33815|priority:1|startupRole:FOLLOWER]|listeners:[], old=null, confs=<EMPTY_MAP>
2023-04-11 11:24:34,707 [pool-286-thread-1] INFO  server.RaftServerConfigKeys (ConfUtils.java:logGet(46)) - raft.server.storage.dir = [/home/runner/work/ozone/ozone/hadoop-ozone/integration-test/target/test-dir/MiniOzoneClusterImpl-9aae7230-fa35-4b48-a53d-d03fd74ea8aa/datanode-0/data/ratis] (custom)
2023-04-11 11:24:34,707 [pool-286-thread-1] INFO  server.RaftServerConfigKeys (ConfUtils.java:logGet(46)) - raft.server.log.corruption.policy = EXCEPTION (default)
2023-04-11 11:24:34,707 [pool-286-thread-1] INFO  server.RaftServerConfigKeys (ConfUtils.java:logGet(46)) - raft.server.storage.free-space.min = 0MB (=0) (default)
2023-04-11 11:24:34,707 [pool-286-thread-1] INFO  server.RaftServerConfigKeys (ConfUtils.java:logGet(46)) - raft.server.notification.no-leader.timeout = 300s (custom)
2023-04-11 11:24:34,707 [pool-286-thread-1] INFO  server.RaftServerConfigKeys (ConfUtils.java:logGet(46)) - raft.server.retrycache.expirytime = 600000ms (custom)
2023-04-11 11:24:34,707 [pool-286-thread-1] INFO  server.RaftServerConfigKeys (ConfUtils.java:logGet(46)) - raft.server.retrycache.statistics.expirytime = 100μs (default)
2023-04-11 11:24:34,709 [pool-286-thread-1] INFO  server.RaftServerConfigKeys (ConfUtils.java:logGet(46)) - raft.server.log.appender.install.snapshot.enabled = false (custom)
2023-04-11 11:24:34,709 [pool-286-thread-1] INFO  server.RaftServerConfigKeys (ConfUtils.java:logGet(46)) - raft.server.threadpool.server.cached = true (default)
2023-04-11 11:24:34,709 [pool-286-thread-1] INFO  server.RaftServerConfigKeys (ConfUtils.java:logGet(46)) - raft.server.threadpool.server.size = 0 (default)
2023-04-11 11:24:34,709 [pool-286-thread-1] INFO  server.RaftServerConfigKeys (ConfUtils.java:logGet(46)) - raft.server.threadpool.client.cached = true (default)
2023-04-11 11:24:34,709 [pool-286-thread-1] INFO  server.RaftServerConfigKeys (ConfUtils.java:logGet(46)) - raft.server.threadpool.client.size = 0 (default)
2023-04-11 11:24:34,709 [pool-286-thread-1] INFO  storage.RaftStorageDirectory (RaftStorageDirectoryImpl.java:analyzeStorage(137)) - The storage directory /home/runner/work/ozone/ozone/hadoop-ozone/integration-test/target/test-dir/MiniOzoneClusterImpl-9aae7230-fa35-4b48-a53d-d03fd74ea8aa/datanode-0/data/ratis/d2227c34-c137-466d-93f5-6b9c7adf708c does not exist. Creating ...
2023-04-11 11:24:34,711 [pool-286-thread-1] INFO  storage.RaftStorageDirectory (RaftStorageDirectoryImpl.java:tryLock(231)) - Lock on /home/runner/work/ozone/ozone/hadoop-ozone/integration-test/target/test-dir/MiniOzoneClusterImpl-9aae7230-fa35-4b48-a53d-d03fd74ea8aa/datanode-0/data/ratis/d2227c34-c137-466d-93f5-6b9c7adf708c/in_use.lock acquired by nodename 48974@fv-az590-525
2023-04-11 11:24:34,712 [pool-286-thread-1] INFO  storage.RaftStorage (RaftStorageImpl.java:format(96)) - Storage directory /home/runner/work/ozone/ozone/hadoop-ozone/integration-test/target/test-dir/MiniOzoneClusterImpl-9aae7230-fa35-4b48-a53d-d03fd74ea8aa/datanode-0/data/ratis/d2227c34-c137-466d-93f5-6b9c7adf708c has been successfully formatted.
2023-04-11 11:24:34,712 [pool-286-thread-1] INFO  ratis.ContainerStateMachine (ContainerStateMachine.java:loadSnapshot(262)) - group-6B9C7ADF708C: The snapshot info is null. Setting the last applied indexto:(t:0, i:~)
2023-04-11 11:24:34,713 [pool-286-thread-1] INFO  server.RaftServerConfigKeys (ConfUtils.java:logGet(46)) - raft.server.log.use.memory = false (default)
2023-04-11 11:24:34,713 [pool-286-thread-1] INFO  server.RaftServerConfigKeys (ConfUtils.java:logGet(46)) - raft.server.log.purge.gap = 1000000 (custom)
2023-04-11 11:24:34,713 [pool-286-thread-1] INFO  server.RaftServerConfigKeys (ConfUtils.java:logGet(46)) - raft.server.log.appender.buffer.byte-limit = 33554432 (custom)
2023-04-11 11:24:34,713 [pool-286-thread-1] INFO  server.RaftServerConfigKeys (ConfUtils.java:logGet(46)) - raft.server.log.statemachine.data.read.timeout = 1000ms (default)
2023-04-11 11:24:34,713 [pool-286-thread-1] INFO  server.RaftServerConfigKeys (ConfUtils.java:logGet(46)) - raft.server.log.purge.preservation.log.num = 0 (default)
2023-04-11 11:24:34,713 [pool-286-thread-1] INFO  server.RaftServerConfigKeys (ConfUtils.java:logGet(46)) - raft.server.log.segment.size.max = 1048576 (custom)
2023-04-11 11:24:34,713 [pool-286-thread-1] INFO  server.RaftServerConfigKeys (ConfUtils.java:logGet(46)) - raft.server.log.segment.cache.num.max = 2 (custom)
2023-04-11 11:24:34,713 [pool-286-thread-1] INFO  server.RaftServerConfigKeys (ConfUtils.java:logGet(46)) - raft.server.log.segment.cache.size.max = 200MB (=209715200) (default)
2023-04-11 11:24:34,714 [pool-286-thread-1] INFO  segmented.SegmentedRaftLogWorker (SegmentedRaftLogWorker.java:<init>(189)) - new bdac8111-12cf-4b14-9a03-ea98a7d0b884@group-6B9C7ADF708C-SegmentedRaftLogWorker for RaftStorageImpl:Storage Directory /home/runner/work/ozone/ozone/hadoop-ozone/integration-test/target/test-dir/MiniOzoneClusterImpl-9aae7230-fa35-4b48-a53d-d03fd74ea8aa/datanode-0/data/ratis/d2227c34-c137-466d-93f5-6b9c7adf708c
2023-04-11 11:24:34,714 [pool-286-thread-1] INFO  server.RaftServerConfigKeys (ConfUtils.java:logGet(46)) - raft.server.log.queue.byte-limit = 4294967296 (custom)
2023-04-11 11:24:34,714 [pool-286-thread-1] INFO  server.RaftServerConfigKeys (ConfUtils.java:logGet(46)) - raft.server.log.queue.element-limit = 1024 (custom)
2023-04-11 11:24:34,714 [pool-286-thread-1] INFO  server.RaftServerConfigKeys (ConfUtils.java:logGet(46)) - raft.server.log.segment.size.max = 1048576 (custom)
2023-04-11 11:24:34,714 [pool-286-thread-1] INFO  server.RaftServerConfigKeys (ConfUtils.java:logGet(46)) - raft.server.log.preallocated.size = 16384 (custom)
2023-04-11 11:24:34,714 [pool-286-thread-1] INFO  server.RaftServerConfigKeys (ConfUtils.java:logGet(46)) - raft.server.log.force.sync.num = 128 (default)
2023-04-11 11:24:34,714 [pool-286-thread-1] INFO  server.RaftServerConfigKeys (ConfUtils.java:logGet(46)) - raft.server.log.statemachine.data.sync = true (default)
2023-04-11 11:24:34,714 [pool-286-thread-1] INFO  server.RaftServerConfigKeys (ConfUtils.java:logGet(46)) - raft.server.log.statemachine.data.sync.timeout = 10s (default)
2023-04-11 11:24:34,714 [EventQueue-OpenPipelineForHealthyPipelineSafeModeRule] INFO  safemode.SCMSafeModeManager (HealthyPipelineSafeModeRule.java:process(137)) - SCM in safe mode. Healthy pipelines reported count is 0, required healthy pipeline reported count is 1
2023-04-11 11:24:34,714 [pool-286-thread-1] INFO  server.RaftServerConfigKeys (ConfUtils.java:logGet(46)) - raft.server.log.statemachine.data.sync.timeout.retry = -1 (default)
2023-04-11 11:24:34,715 [pool-286-thread-1] INFO  server.RaftServerConfigKeys (ConfUtils.java:logGet(46)) - raft.server.log.write.buffer.size = 1048576 (custom)
2023-04-11 11:24:34,715 [pool-286-thread-1] INFO  server.RaftServerConfigKeys (ConfUtils.java:logGet(46)) - raft.server.log.appender.buffer.byte-limit = 33554432 (custom)
2023-04-11 11:24:34,726 [pool-286-thread-1] INFO  server.RaftServerConfigKeys (ConfUtils.java:logGet(46)) - raft.server.log.unsafe-flush.enabled = false (default)
2023-04-11 11:24:34,727 [pool-286-thread-1] INFO  server.RaftServerConfigKeys (ConfUtils.java:logGet(46)) - raft.server.log.async-flush.enabled = false (default)
2023-04-11 11:24:34,727 [pool-286-thread-1] INFO  server.RaftServerConfigKeys (ConfUtils.java:logGet(46)) - raft.server.log.statemachine.data.caching.enabled = true (custom)
2023-04-11 11:24:34,727 [pool-286-thread-1] INFO  segmented.SegmentedRaftLogWorker (SegmentedRaftLogWorker.java:lambda$new$0(135)) - bdac8111-12cf-4b14-9a03-ea98a7d0b884@group-6B9C7ADF708C-SegmentedRaftLogWorker: flushIndex: setUnconditionally 0 -> -1
2023-04-11 11:24:34,727 [pool-286-thread-1] INFO  segmented.SegmentedRaftLogWorker (SegmentedRaftLogWorker.java:lambda$new$0(135)) - bdac8111-12cf-4b14-9a03-ea98a7d0b884@group-6B9C7ADF708C-SegmentedRaftLogWorker: safeCacheEvictIndex: setUnconditionally 0 -> -1
2023-04-11 11:24:34,730 [pool-286-thread-1] INFO  server.RaftServer$Division (RaftServerImpl.java:start(334)) - bdac8111-12cf-4b14-9a03-ea98a7d0b884@group-6B9C7ADF708C: start as a follower, conf=-1: peers:[4797470f-ac54-44b7-9b0a-d535466dc4d7|rpc:10.1.0.37:36979|dataStream:10.1.0.37:36341|priority:0|startupRole:FOLLOWER, bdac8111-12cf-4b14-9a03-ea98a7d0b884|rpc:10.1.0.37:37629|dataStream:10.1.0.37:41845|priority:0|startupRole:FOLLOWER, 91daf988-b498-4475-b6c7-add854a09df6|rpc:10.1.0.37:41877|dataStream:10.1.0.37:33815|priority:1|startupRole:FOLLOWER]|listeners:[], old=null
2023-04-11 11:24:34,730 [pool-286-thread-1] INFO  server.RaftServer$Division (RaftServerImpl.java:setRole(321)) - bdac8111-12cf-4b14-9a03-ea98a7d0b884@group-6B9C7ADF708C: changes role from      null to FOLLOWER at term 0 for startAsFollower
2023-04-11 11:24:34,730 [pool-286-thread-1] INFO  impl.RoleInfo (RoleInfo.java:updateAndGet(139)) - bdac8111-12cf-4b14-9a03-ea98a7d0b884: start bdac8111-12cf-4b14-9a03-ea98a7d0b884@group-6B9C7ADF708C-FollowerState
2023-04-11 11:24:34,730 [pool-286-thread-1] INFO  util.JmxRegister (JmxRegister.java:tryRegister(44)) - Successfully registered JMX Bean with object name Ratis:service=RaftServer,group=group-6B9C7ADF708C,id=bdac8111-12cf-4b14-9a03-ea98a7d0b884
2023-04-11 11:24:34,730 [pool-286-thread-1] INFO  server.RaftServerConfigKeys (ConfUtils.java:logGet(46)) - raft.server.snapshot.auto.trigger.enabled = true (custom)
2023-04-11 11:24:34,730 [pool-286-thread-1] INFO  server.RaftServerConfigKeys (ConfUtils.java:logGet(46)) - raft.server.snapshot.auto.trigger.threshold = 10000 (custom)
2023-04-11 11:24:34,731 [pool-286-thread-1] INFO  server.RaftServerConfigKeys (ConfUtils.java:logGet(46)) - raft.server.snapshot.retention.file.num = 5 (custom)
2023-04-11 11:24:34,731 [pool-286-thread-1] INFO  server.RaftServerConfigKeys (ConfUtils.java:logGet(46)) - raft.server.log.purge.upto.snapshot.index = false (default)
2023-04-11 11:24:34,731 [bdac8111-12cf-4b14-9a03-ea98a7d0b884@group-6B9C7ADF708C-FollowerState] INFO  server.RaftServerConfigKeys (ConfUtils.java:logFallback(53)) - raft.server.rpc.first-election.timeout.min = 5s (fallback to raft.server.rpc.timeout.min)
2023-04-11 11:24:34,731 [bdac8111-12cf-4b14-9a03-ea98a7d0b884@group-6B9C7ADF708C-FollowerState] INFO  server.RaftServerConfigKeys (ConfUtils.java:logFallback(53)) - raft.server.rpc.first-election.timeout.max = 5200ms (fallback to raft.server.rpc.timeout.max)
2023-04-11 11:24:34,731 [Command processor thread] INFO  ratis.XceiverServerRatis (XceiverServerRatis.java:addGroup(806)) - Created group PipelineID=d2227c34-c137-466d-93f5-6b9c7adf708c
2023-04-11 11:24:34,753 [grpc-default-executor-0] INFO  server.RaftServer (RaftServerProxy.java:addNew(96)) - 91daf988-b498-4475-b6c7-add854a09df6: addNew group-6B9C7ADF708C:[4797470f-ac54-44b7-9b0a-d535466dc4d7|rpc:10.1.0.37:36979|dataStream:10.1.0.37:36341|priority:0|startupRole:FOLLOWER, bdac8111-12cf-4b14-9a03-ea98a7d0b884|rpc:10.1.0.37:37629|dataStream:10.1.0.37:41845|priority:0|startupRole:FOLLOWER, 91daf988-b498-4475-b6c7-add854a09df6|rpc:10.1.0.37:41877|dataStream:10.1.0.37:33815|priority:1|startupRole:FOLLOWER] returns group-6B9C7ADF708C:java.util.concurrent.CompletableFuture@3fd689f[Not completed]
2023-04-11 11:24:34,755 [pool-308-thread-1] INFO  server.RaftServer$Division (RaftServerImpl.java:<init>(195)) - 91daf988-b498-4475-b6c7-add854a09df6: new RaftServerImpl for group-6B9C7ADF708C:[4797470f-ac54-44b7-9b0a-d535466dc4d7|rpc:10.1.0.37:36979|dataStream:10.1.0.37:36341|priority:0|startupRole:FOLLOWER, bdac8111-12cf-4b14-9a03-ea98a7d0b884|rpc:10.1.0.37:37629|dataStream:10.1.0.37:41845|priority:0|startupRole:FOLLOWER, 91daf988-b498-4475-b6c7-add854a09df6|rpc:10.1.0.37:41877|dataStream:10.1.0.37:33815|priority:1|startupRole:FOLLOWER] with ContainerStateMachine:uninitialized
2023-04-11 11:24:34,755 [pool-308-thread-1] INFO  server.RaftServerConfigKeys (ConfUtils.java:logGet(46)) - raft.server.rpc.timeout.min = 5s (custom)
2023-04-11 11:24:34,755 [pool-308-thread-1] INFO  server.RaftServerConfigKeys (ConfUtils.java:logGet(46)) - raft.server.rpc.timeout.max = 5200ms (custom)
2023-04-11 11:24:34,755 [pool-308-thread-1] INFO  server.RaftServerConfigKeys (ConfUtils.java:logGet(46)) - raft.server.rpc.sleep.time = 25ms (default)
2023-04-11 11:24:34,755 [pool-308-thread-1] INFO  server.RaftServerConfigKeys (ConfUtils.java:logGet(46)) - raft.server.rpc.slowness.timeout = 300s (custom)
2023-04-11 11:24:34,755 [pool-308-thread-1] INFO  server.RaftServerConfigKeys (ConfUtils.java:logGet(46)) - raft.server.leaderelection.leader.step-down.wait-time = 10s (default)
2023-04-11 11:24:34,755 [pool-308-thread-1] INFO  server.RaftServerConfigKeys (ConfUtils.java:logGet(46)) - raft.server.sleep.deviation.threshold = 300ms (default)
2023-04-11 11:24:34,755 [pool-308-thread-1] INFO  server.RaftServer$Division (ServerState.java:<init>(118)) - 91daf988-b498-4475-b6c7-add854a09df6@group-6B9C7ADF708C: ConfigurationManager, init=-1: peers:[4797470f-ac54-44b7-9b0a-d535466dc4d7|rpc:10.1.0.37:36979|dataStream:10.1.0.37:36341|priority:0|startupRole:FOLLOWER, bdac8111-12cf-4b14-9a03-ea98a7d0b884|rpc:10.1.0.37:37629|dataStream:10.1.0.37:41845|priority:0|startupRole:FOLLOWER, 91daf988-b498-4475-b6c7-add854a09df6|rpc:10.1.0.37:41877|dataStream:10.1.0.37:33815|priority:1|startupRole:FOLLOWER]|listeners:[], old=null, confs=<EMPTY_MAP>
2023-04-11 11:24:34,755 [pool-308-thread-1] INFO  server.RaftServerConfigKeys (ConfUtils.java:logGet(46)) - raft.server.storage.dir = [/home/runner/work/ozone/ozone/hadoop-ozone/integration-test/target/test-dir/MiniOzoneClusterImpl-9aae7230-fa35-4b48-a53d-d03fd74ea8aa/datanode-1/data/ratis] (custom)
2023-04-11 11:24:34,755 [pool-308-thread-1] INFO  server.RaftServerConfigKeys (ConfUtils.java:logGet(46)) - raft.server.log.corruption.policy = EXCEPTION (default)
2023-04-11 11:24:34,756 [pool-308-thread-1] INFO  server.RaftServerConfigKeys (ConfUtils.java:logGet(46)) - raft.server.storage.free-space.min = 0MB (=0) (default)
2023-04-11 11:24:34,756 [pool-308-thread-1] INFO  server.RaftServerConfigKeys (ConfUtils.java:logGet(46)) - raft.server.notification.no-leader.timeout = 300s (custom)
2023-04-11 11:24:34,756 [pool-308-thread-1] INFO  server.RaftServerConfigKeys (ConfUtils.java:logGet(46)) - raft.server.retrycache.expirytime = 600000ms (custom)
2023-04-11 11:24:34,756 [pool-308-thread-1] INFO  server.RaftServerConfigKeys (ConfUtils.java:logGet(46)) - raft.server.retrycache.statistics.expirytime = 100μs (default)
2023-04-11 11:24:34,756 [pool-308-thread-1] INFO  server.RaftServerConfigKeys (ConfUtils.java:logGet(46)) - raft.server.log.appender.install.snapshot.enabled = false (custom)
2023-04-11 11:24:34,756 [pool-308-thread-1] INFO  server.RaftServerConfigKeys (ConfUtils.java:logGet(46)) - raft.server.threadpool.server.cached = true (default)
2023-04-11 11:24:34,757 [pool-308-thread-1] INFO  server.RaftServerConfigKeys (ConfUtils.java:logGet(46)) - raft.server.threadpool.server.size = 0 (default)
2023-04-11 11:24:34,757 [pool-308-thread-1] INFO  server.RaftServerConfigKeys (ConfUtils.java:logGet(46)) - raft.server.threadpool.client.cached = true (default)
2023-04-11 11:24:34,757 [pool-308-thread-1] INFO  server.RaftServerConfigKeys (ConfUtils.java:logGet(46)) - raft.server.threadpool.client.size = 0 (default)
2023-04-11 11:24:34,757 [pool-308-thread-1] INFO  storage.RaftStorageDirectory (RaftStorageDirectoryImpl.java:analyzeStorage(137)) - The storage directory /home/runner/work/ozone/ozone/hadoop-ozone/integration-test/target/test-dir/MiniOzoneClusterImpl-9aae7230-fa35-4b48-a53d-d03fd74ea8aa/datanode-1/data/ratis/d2227c34-c137-466d-93f5-6b9c7adf708c does not exist. Creating ...
2023-04-11 11:24:34,758 [pool-308-thread-1] INFO  storage.RaftStorageDirectory (RaftStorageDirectoryImpl.java:tryLock(231)) - Lock on /home/runner/work/ozone/ozone/hadoop-ozone/integration-test/target/test-dir/MiniOzoneClusterImpl-9aae7230-fa35-4b48-a53d-d03fd74ea8aa/datanode-1/data/ratis/d2227c34-c137-466d-93f5-6b9c7adf708c/in_use.lock acquired by nodename 48974@fv-az590-525
2023-04-11 11:24:34,760 [pool-308-thread-1] INFO  storage.RaftStorage (RaftStorageImpl.java:format(96)) - Storage directory /home/runner/work/ozone/ozone/hadoop-ozone/integration-test/target/test-dir/MiniOzoneClusterImpl-9aae7230-fa35-4b48-a53d-d03fd74ea8aa/datanode-1/data/ratis/d2227c34-c137-466d-93f5-6b9c7adf708c has been successfully formatted.
2023-04-11 11:24:34,762 [pool-308-thread-1] INFO  ratis.ContainerStateMachine (ContainerStateMachine.java:loadSnapshot(262)) - group-6B9C7ADF708C: The snapshot info is null. Setting the last applied indexto:(t:0, i:~)
2023-04-11 11:24:34,762 [pool-308-thread-1] INFO  server.RaftServerConfigKeys (ConfUtils.java:logGet(46)) - raft.server.log.use.memory = false (default)
2023-04-11 11:24:34,762 [pool-308-thread-1] INFO  server.RaftServerConfigKeys (ConfUtils.java:logGet(46)) - raft.server.log.purge.gap = 1000000 (custom)
2023-04-11 11:24:34,762 [pool-308-thread-1] INFO  server.RaftServerConfigKeys (ConfUtils.java:logGet(46)) - raft.server.log.appender.buffer.byte-limit = 33554432 (custom)
2023-04-11 11:24:34,762 [pool-308-thread-1] INFO  server.RaftServerConfigKeys (ConfUtils.java:logGet(46)) - raft.server.log.statemachine.data.read.timeout = 1000ms (default)
2023-04-11 11:24:34,762 [pool-308-thread-1] INFO  server.RaftServerConfigKeys (ConfUtils.java:logGet(46)) - raft.server.log.purge.preservation.log.num = 0 (default)
2023-04-11 11:24:34,762 [pool-308-thread-1] INFO  server.RaftServerConfigKeys (ConfUtils.java:logGet(46)) - raft.server.log.segment.size.max = 1048576 (custom)
2023-04-11 11:24:34,763 [pool-308-thread-1] INFO  server.RaftServerConfigKeys (ConfUtils.java:logGet(46)) - raft.server.log.segment.cache.num.max = 2 (custom)
2023-04-11 11:24:34,763 [pool-308-thread-1] INFO  server.RaftServerConfigKeys (ConfUtils.java:logGet(46)) - raft.server.log.segment.cache.size.max = 200MB (=209715200) (default)
2023-04-11 11:24:34,763 [pool-308-thread-1] INFO  segmented.SegmentedRaftLogWorker (SegmentedRaftLogWorker.java:<init>(189)) - new 91daf988-b498-4475-b6c7-add854a09df6@group-6B9C7ADF708C-SegmentedRaftLogWorker for RaftStorageImpl:Storage Directory /home/runner/work/ozone/ozone/hadoop-ozone/integration-test/target/test-dir/MiniOzoneClusterImpl-9aae7230-fa35-4b48-a53d-d03fd74ea8aa/datanode-1/data/ratis/d2227c34-c137-466d-93f5-6b9c7adf708c
2023-04-11 11:24:34,763 [pool-308-thread-1] INFO  server.RaftServerConfigKeys (ConfUtils.java:logGet(46)) - raft.server.log.queue.byte-limit = 4294967296 (custom)
2023-04-11 11:24:34,763 [pool-308-thread-1] INFO  server.RaftServerConfigKeys (ConfUtils.java:logGet(46)) - raft.server.log.queue.element-limit = 1024 (custom)
2023-04-11 11:24:34,763 [pool-308-thread-1] INFO  server.RaftServerConfigKeys (ConfUtils.java:logGet(46)) - raft.server.log.segment.size.max = 1048576 (custom)
2023-04-11 11:24:34,763 [pool-308-thread-1] INFO  server.RaftServerConfigKeys (ConfUtils.java:logGet(46)) - raft.server.log.preallocated.size = 16384 (custom)
2023-04-11 11:24:34,763 [pool-308-thread-1] INFO  server.RaftServerConfigKeys (ConfUtils.java:logGet(46)) - raft.server.log.force.sync.num = 128 (default)
2023-04-11 11:24:34,763 [pool-308-thread-1] INFO  server.RaftServerConfigKeys (ConfUtils.java:logGet(46)) - raft.server.log.statemachine.data.sync = true (default)
2023-04-11 11:24:35,217 [pool-308-thread-1] INFO  server.RaftServerConfigKeys (ConfUtils.java:logGet(46)) - raft.server.log.statemachine.data.sync.timeout = 10s (default)
2023-04-11 11:24:35,217 [pool-308-thread-1] INFO  server.RaftServerConfigKeys (ConfUtils.java:logGet(46)) - raft.server.log.statemachine.data.sync.timeout.retry = -1 (default)
2023-04-11 11:24:35,211 [JvmPauseMonitor10] WARN  util.JvmPauseMonitor (JvmPauseMonitor.java:detectPause(126)) - JvmPauseMonitor-b78ace34-11d4-46ff-baaa-a173e90e3d16: Detected pause in JVM or host machine (eg GC): pause of approximately 114459913ns.
GC pool 'PS MarkSweep' had collection(s): count=1 time=332ms
GC pool 'PS Scavenge' had collection(s): count=1 time=112ms
2023-04-11 11:24:35,212 [JvmPauseMonitor8] WARN  util.JvmPauseMonitor (JvmPauseMonitor.java:detectPause(126)) - JvmPauseMonitor-4797470f-ac54-44b7-9b0a-d535466dc4d7: Detected pause in JVM or host machine (eg GC): pause of approximately 289837657ns.
GC pool 'PS MarkSweep' had collection(s): count=1 time=332ms
GC pool 'PS Scavenge' had collection(s): count=1 time=112ms
2023-04-11 11:24:35,212 [Command processor thread] INFO  server.RaftServer (RaftServerProxy.java:addNew(96)) - 91daf988-b498-4475-b6c7-add854a09df6: addNew group-380FF8F693E5:[91daf988-b498-4475-b6c7-add854a09df6|rpc:10.1.0.37:41877|dataStream:10.1.0.37:33815|priority:1|startupRole:FOLLOWER] returns group-380FF8F693E5:java.util.concurrent.CompletableFuture@3a9ea9a7[Not completed]
2023-04-11 11:24:35,211 [Listener at 127.0.0.1/36969] INFO  ozone.MiniOzoneClusterImpl (MiniOzoneClusterImpl.java:lambda$waitForClusterToBeReady$0(222)) - Nodes are ready. Got 5 of 5 DN Heartbeats.
2023-04-11 11:24:35,226 [Listener at 127.0.0.1/36969] INFO  ozone.MiniOzoneClusterImpl (MiniOzoneClusterImpl.java:lambda$waitForClusterToBeReady$0(225)) - Waiting for cluster to exit safe mode
2023-04-11 11:24:35,226 [Listener at 127.0.0.1/36969] INFO  ozone.MiniOzoneClusterImpl (MiniOzoneClusterImpl.java:lambda$waitForClusterToBeReady$0(227)) - SCM became leader
2023-04-11 11:24:35,211 [JvmPauseMonitor7] WARN  util.JvmPauseMonitor (JvmPauseMonitor.java:detectPause(126)) - JvmPauseMonitor-91daf988-b498-4475-b6c7-add854a09df6: Detected pause in JVM or host machine (eg GC): pause of approximately 146707844ns.
GC pool 'PS MarkSweep' had collection(s): count=1 time=332ms
GC pool 'PS Scavenge' had collection(s): count=1 time=112ms
2023-04-11 11:24:35,229 [pool-308-thread-1] INFO  server.RaftServerConfigKeys (ConfUtils.java:logGet(46)) - raft.server.log.write.buffer.size = 1048576 (custom)
2023-04-11 11:24:35,230 [pool-308-thread-1] INFO  server.RaftServerConfigKeys (ConfUtils.java:logGet(46)) - raft.server.log.appender.buffer.byte-limit = 33554432 (custom)
2023-04-11 11:24:35,240 [pool-308-thread-1] INFO  server.RaftServerConfigKeys (ConfUtils.java:logGet(46)) - raft.server.log.unsafe-flush.enabled = false (default)
2023-04-11 11:24:35,240 [pool-308-thread-1] INFO  server.RaftServerConfigKeys (ConfUtils.java:logGet(46)) - raft.server.log.async-flush.enabled = false (default)
2023-04-11 11:24:35,240 [pool-308-thread-1] INFO  server.RaftServerConfigKeys (ConfUtils.java:logGet(46)) - raft.server.log.statemachine.data.caching.enabled = true (custom)
2023-04-11 11:24:35,241 [pool-308-thread-1] INFO  segmented.SegmentedRaftLogWorker (SegmentedRaftLogWorker.java:lambda$new$0(135)) - 91daf988-b498-4475-b6c7-add854a09df6@group-6B9C7ADF708C-SegmentedRaftLogWorker: flushIndex: setUnconditionally 0 -> -1
2023-04-11 11:24:35,241 [pool-308-thread-1] INFO  segmented.SegmentedRaftLogWorker (SegmentedRaftLogWorker.java:lambda$new$0(135)) - 91daf988-b498-4475-b6c7-add854a09df6@group-6B9C7ADF708C-SegmentedRaftLogWorker: safeCacheEvictIndex: setUnconditionally 0 -> -1
2023-04-11 11:24:35,247 [pool-308-thread-1] INFO  server.RaftServer$Division (RaftServerImpl.java:start(334)) - 91daf988-b498-4475-b6c7-add854a09df6@group-6B9C7ADF708C: start as a follower, conf=-1: peers:[4797470f-ac54-44b7-9b0a-d535466dc4d7|rpc:10.1.0.37:36979|dataStream:10.1.0.37:36341|priority:0|startupRole:FOLLOWER, bdac8111-12cf-4b14-9a03-ea98a7d0b884|rpc:10.1.0.37:37629|dataStream:10.1.0.37:41845|priority:0|startupRole:FOLLOWER, 91daf988-b498-4475-b6c7-add854a09df6|rpc:10.1.0.37:41877|dataStream:10.1.0.37:33815|priority:1|startupRole:FOLLOWER]|listeners:[], old=null
2023-04-11 11:24:35,247 [pool-308-thread-1] INFO  server.RaftServer$Division (RaftServerImpl.java:setRole(321)) - 91daf988-b498-4475-b6c7-add854a09df6@group-6B9C7ADF708C: changes role from      null to FOLLOWER at term 0 for startAsFollower
2023-04-11 11:24:35,247 [pool-308-thread-1] INFO  impl.RoleInfo (RoleInfo.java:updateAndGet(139)) - 91daf988-b498-4475-b6c7-add854a09df6: start 91daf988-b498-4475-b6c7-add854a09df6@group-6B9C7ADF708C-FollowerState
2023-04-11 11:24:35,249 [pool-308-thread-1] INFO  util.JmxRegister (JmxRegister.java:tryRegister(44)) - Successfully registered JMX Bean with object name Ratis:service=RaftServer,group=group-6B9C7ADF708C,id=91daf988-b498-4475-b6c7-add854a09df6
2023-04-11 11:24:35,249 [pool-308-thread-1] INFO  server.RaftServerConfigKeys (ConfUtils.java:logGet(46)) - raft.server.snapshot.auto.trigger.enabled = true (custom)
2023-04-11 11:24:35,249 [pool-308-thread-1] INFO  server.RaftServerConfigKeys (ConfUtils.java:logGet(46)) - raft.server.snapshot.auto.trigger.threshold = 10000 (custom)
2023-04-11 11:24:35,249 [pool-308-thread-1] INFO  server.RaftServerConfigKeys (ConfUtils.java:logGet(46)) - raft.server.snapshot.retention.file.num = 5 (custom)
2023-04-11 11:24:35,249 [pool-308-thread-1] INFO  server.RaftServerConfigKeys (ConfUtils.java:logGet(46)) - raft.server.log.purge.upto.snapshot.index = false (default)
2023-04-11 11:24:35,251 [pool-308-thread-1] INFO  server.RaftServer$Division (RaftServerImpl.java:<init>(195)) - 91daf988-b498-4475-b6c7-add854a09df6: new RaftServerImpl for group-380FF8F693E5:[91daf988-b498-4475-b6c7-add854a09df6|rpc:10.1.0.37:41877|dataStream:10.1.0.37:33815|priority:1|startupRole:FOLLOWER] with ContainerStateMachine:uninitialized
2023-04-11 11:24:35,251 [pool-308-thread-1] INFO  server.RaftServerConfigKeys (ConfUtils.java:logGet(46)) - raft.server.rpc.timeout.min = 5s (custom)
2023-04-11 11:24:35,251 [pool-308-thread-1] INFO  server.RaftServerConfigKeys (ConfUtils.java:logGet(46)) - raft.server.rpc.timeout.max = 5200ms (custom)
2023-04-11 11:24:35,251 [pool-308-thread-1] INFO  server.RaftServerConfigKeys (ConfUtils.java:logGet(46)) - raft.server.rpc.sleep.time = 25ms (default)
2023-04-11 11:24:35,251 [pool-308-thread-1] INFO  server.RaftServerConfigKeys (ConfUtils.java:logGet(46)) - raft.server.rpc.slowness.timeout = 300s (custom)
2023-04-11 11:24:35,251 [pool-308-thread-1] INFO  server.RaftServerConfigKeys (ConfUtils.java:logGet(46)) - raft.server.leaderelection.leader.step-down.wait-time = 10s (default)
2023-04-11 11:24:35,251 [pool-308-thread-1] INFO  server.RaftServerConfigKeys (ConfUtils.java:logGet(46)) - raft.server.sleep.deviation.threshold = 300ms (default)
2023-04-11 11:24:35,251 [pool-308-thread-1] INFO  server.RaftServer$Division (ServerState.java:<init>(118)) - 91daf988-b498-4475-b6c7-add854a09df6@group-380FF8F693E5: ConfigurationManager, init=-1: peers:[91daf988-b498-4475-b6c7-add854a09df6|rpc:10.1.0.37:41877|dataStream:10.1.0.37:33815|priority:1|startupRole:FOLLOWER]|listeners:[], old=null, confs=<EMPTY_MAP>
2023-04-11 11:24:35,251 [pool-308-thread-1] INFO  server.RaftServerConfigKeys (ConfUtils.java:logGet(46)) - raft.server.storage.dir = [/home/runner/work/ozone/ozone/hadoop-ozone/integration-test/target/test-dir/MiniOzoneClusterImpl-9aae7230-fa35-4b48-a53d-d03fd74ea8aa/datanode-1/data/ratis] (custom)
2023-04-11 11:24:35,252 [pool-308-thread-1] INFO  server.RaftServerConfigKeys (ConfUtils.java:logGet(46)) - raft.server.log.corruption.policy = EXCEPTION (default)
2023-04-11 11:24:35,252 [pool-308-thread-1] INFO  server.RaftServerConfigKeys (ConfUtils.java:logGet(46)) - raft.server.storage.free-space.min = 0MB (=0) (default)
2023-04-11 11:24:35,252 [pool-308-thread-1] INFO  server.RaftServerConfigKeys (ConfUtils.java:logGet(46)) - raft.server.notification.no-leader.timeout = 300s (custom)
2023-04-11 11:24:35,252 [pool-308-thread-1] INFO  server.RaftServerConfigKeys (ConfUtils.java:logGet(46)) - raft.server.retrycache.expirytime = 600000ms (custom)
2023-04-11 11:24:35,252 [pool-308-thread-1] INFO  server.RaftServerConfigKeys (ConfUtils.java:logGet(46)) - raft.server.retrycache.statistics.expirytime = 100μs (default)
2023-04-11 11:24:35,253 [pool-308-thread-1] INFO  server.RaftServerConfigKeys (ConfUtils.java:logGet(46)) - raft.server.log.appender.install.snapshot.enabled = false (custom)
2023-04-11 11:24:35,253 [pool-308-thread-1] INFO  server.RaftServerConfigKeys (ConfUtils.java:logGet(46)) - raft.server.threadpool.server.cached = true (default)
2023-04-11 11:24:35,253 [pool-308-thread-1] INFO  server.RaftServerConfigKeys (ConfUtils.java:logGet(46)) - raft.server.threadpool.server.size = 0 (default)
2023-04-11 11:24:35,253 [pool-308-thread-1] INFO  server.RaftServerConfigKeys (ConfUtils.java:logGet(46)) - raft.server.threadpool.client.cached = true (default)
2023-04-11 11:24:35,253 [pool-308-thread-1] INFO  server.RaftServerConfigKeys (ConfUtils.java:logGet(46)) - raft.server.threadpool.client.size = 0 (default)
2023-04-11 11:24:35,253 [pool-308-thread-1] INFO  storage.RaftStorageDirectory (RaftStorageDirectoryImpl.java:analyzeStorage(137)) - The storage directory /home/runner/work/ozone/ozone/hadoop-ozone/integration-test/target/test-dir/MiniOzoneClusterImpl-9aae7230-fa35-4b48-a53d-d03fd74ea8aa/datanode-1/data/ratis/d058f862-c72a-4290-b8a3-380ff8f693e5 does not exist. Creating ...
2023-04-11 11:24:35,255 [91daf988-b498-4475-b6c7-add854a09df6@group-6B9C7ADF708C-FollowerState] INFO  server.RaftServerConfigKeys (ConfUtils.java:logFallback(53)) - raft.server.rpc.first-election.timeout.min = 5s (fallback to raft.server.rpc.timeout.min)
2023-04-11 11:24:35,256 [91daf988-b498-4475-b6c7-add854a09df6@group-6B9C7ADF708C-FollowerState] INFO  server.RaftServerConfigKeys (ConfUtils.java:logFallback(53)) - raft.server.rpc.first-election.timeout.max = 5200ms (fallback to raft.server.rpc.timeout.max)
2023-04-11 11:24:35,259 [pool-308-thread-1] INFO  storage.RaftStorageDirectory (RaftStorageDirectoryImpl.java:tryLock(231)) - Lock on /home/runner/work/ozone/ozone/hadoop-ozone/integration-test/target/test-dir/MiniOzoneClusterImpl-9aae7230-fa35-4b48-a53d-d03fd74ea8aa/datanode-1/data/ratis/d058f862-c72a-4290-b8a3-380ff8f693e5/in_use.lock acquired by nodename 48974@fv-az590-525
2023-04-11 11:24:35,261 [pool-308-thread-1] INFO  storage.RaftStorage (RaftStorageImpl.java:format(96)) - Storage directory /home/runner/work/ozone/ozone/hadoop-ozone/integration-test/target/test-dir/MiniOzoneClusterImpl-9aae7230-fa35-4b48-a53d-d03fd74ea8aa/datanode-1/data/ratis/d058f862-c72a-4290-b8a3-380ff8f693e5 has been successfully formatted.
2023-04-11 11:24:35,261 [pool-308-thread-1] INFO  ratis.ContainerStateMachine (ContainerStateMachine.java:loadSnapshot(262)) - group-380FF8F693E5: The snapshot info is null. Setting the last applied indexto:(t:0, i:~)
2023-04-11 11:24:35,262 [pool-308-thread-1] INFO  server.RaftServerConfigKeys (ConfUtils.java:logGet(46)) - raft.server.log.use.memory = false (default)
2023-04-11 11:24:35,262 [pool-308-thread-1] INFO  server.RaftServerConfigKeys (ConfUtils.java:logGet(46)) - raft.server.log.purge.gap = 1000000 (custom)
2023-04-11 11:24:35,262 [pool-308-thread-1] INFO  server.RaftServerConfigKeys (ConfUtils.java:logGet(46)) - raft.server.log.appender.buffer.byte-limit = 33554432 (custom)
2023-04-11 11:24:35,262 [pool-308-thread-1] INFO  server.RaftServerConfigKeys (ConfUtils.java:logGet(46)) - raft.server.log.statemachine.data.read.timeout = 1000ms (default)
2023-04-11 11:24:35,262 [pool-308-thread-1] INFO  server.RaftServerConfigKeys (ConfUtils.java:logGet(46)) - raft.server.log.purge.preservation.log.num = 0 (default)
2023-04-11 11:24:35,262 [pool-308-thread-1] INFO  server.RaftServerConfigKeys (ConfUtils.java:logGet(46)) - raft.server.log.segment.size.max = 1048576 (custom)
2023-04-11 11:24:35,262 [pool-308-thread-1] INFO  server.RaftServerConfigKeys (ConfUtils.java:logGet(46)) - raft.server.log.segment.cache.num.max = 2 (custom)
2023-04-11 11:24:35,262 [pool-308-thread-1] INFO  server.RaftServerConfigKeys (ConfUtils.java:logGet(46)) - raft.server.log.segment.cache.size.max = 200MB (=209715200) (default)
2023-04-11 11:24:35,263 [pool-308-thread-1] INFO  segmented.SegmentedRaftLogWorker (SegmentedRaftLogWorker.java:<init>(189)) - new 91daf988-b498-4475-b6c7-add854a09df6@group-380FF8F693E5-SegmentedRaftLogWorker for RaftStorageImpl:Storage Directory /home/runner/work/ozone/ozone/hadoop-ozone/integration-test/target/test-dir/MiniOzoneClusterImpl-9aae7230-fa35-4b48-a53d-d03fd74ea8aa/datanode-1/data/ratis/d058f862-c72a-4290-b8a3-380ff8f693e5
2023-04-11 11:24:35,263 [pool-308-thread-1] INFO  server.RaftServerConfigKeys (ConfUtils.java:logGet(46)) - raft.server.log.queue.byte-limit = 4294967296 (custom)
2023-04-11 11:24:35,263 [pool-308-thread-1] INFO  server.RaftServerConfigKeys (ConfUtils.java:logGet(46)) - raft.server.log.queue.element-limit = 1024 (custom)
2023-04-11 11:24:35,263 [pool-308-thread-1] INFO  server.RaftServerConfigKeys (ConfUtils.java:logGet(46)) - raft.server.log.segment.size.max = 1048576 (custom)
2023-04-11 11:24:35,263 [pool-308-thread-1] INFO  server.RaftServerConfigKeys (ConfUtils.java:logGet(46)) - raft.server.log.preallocated.size = 16384 (custom)
2023-04-11 11:24:35,263 [pool-308-thread-1] INFO  server.RaftServerConfigKeys (ConfUtils.java:logGet(46)) - raft.server.log.force.sync.num = 128 (default)
2023-04-11 11:24:35,263 [pool-308-thread-1] INFO  server.RaftServerConfigKeys (ConfUtils.java:logGet(46)) - raft.server.log.statemachine.data.sync = true (default)
2023-04-11 11:24:35,263 [pool-308-thread-1] INFO  server.RaftServerConfigKeys (ConfUtils.java:logGet(46)) - raft.server.log.statemachine.data.sync.timeout = 10s (default)
2023-04-11 11:24:35,263 [pool-308-thread-1] INFO  server.RaftServerConfigKeys (ConfUtils.java:logGet(46)) - raft.server.log.statemachine.data.sync.timeout.retry = -1 (default)
2023-04-11 11:24:35,268 [pool-308-thread-1] INFO  server.RaftServerConfigKeys (ConfUtils.java:logGet(46)) - raft.server.log.write.buffer.size = 1048576 (custom)
2023-04-11 11:24:35,268 [pool-308-thread-1] INFO  server.RaftServerConfigKeys (ConfUtils.java:logGet(46)) - raft.server.log.appender.buffer.byte-limit = 33554432 (custom)
2023-04-11 11:24:35,276 [pool-308-thread-1] INFO  server.RaftServerConfigKeys (ConfUtils.java:logGet(46)) - raft.server.log.unsafe-flush.enabled = false (default)
2023-04-11 11:24:35,276 [pool-308-thread-1] INFO  server.RaftServerConfigKeys (ConfUtils.java:logGet(46)) - raft.server.log.async-flush.enabled = false (default)
2023-04-11 11:24:35,276 [pool-308-thread-1] INFO  server.RaftServerConfigKeys (ConfUtils.java:logGet(46)) - raft.server.log.statemachine.data.caching.enabled = true (custom)
2023-04-11 11:24:35,276 [pool-308-thread-1] INFO  segmented.SegmentedRaftLogWorker (SegmentedRaftLogWorker.java:lambda$new$0(135)) - 91daf988-b498-4475-b6c7-add854a09df6@group-380FF8F693E5-SegmentedRaftLogWorker: flushIndex: setUnconditionally 0 -> -1
2023-04-11 11:24:35,276 [pool-308-thread-1] INFO  segmented.SegmentedRaftLogWorker (SegmentedRaftLogWorker.java:lambda$new$0(135)) - 91daf988-b498-4475-b6c7-add854a09df6@group-380FF8F693E5-SegmentedRaftLogWorker: safeCacheEvictIndex: setUnconditionally 0 -> -1
2023-04-11 11:24:35,277 [pool-308-thread-1] INFO  server.RaftServer$Division (RaftServerImpl.java:start(334)) - 91daf988-b498-4475-b6c7-add854a09df6@group-380FF8F693E5: start as a follower, conf=-1: peers:[91daf988-b498-4475-b6c7-add854a09df6|rpc:10.1.0.37:41877|dataStream:10.1.0.37:33815|priority:1|startupRole:FOLLOWER]|listeners:[], old=null
2023-04-11 11:24:35,277 [pool-308-thread-1] INFO  server.RaftServer$Division (RaftServerImpl.java:setRole(321)) - 91daf988-b498-4475-b6c7-add854a09df6@group-380FF8F693E5: changes role from      null to FOLLOWER at term 0 for startAsFollower
2023-04-11 11:24:35,277 [pool-308-thread-1] INFO  impl.RoleInfo (RoleInfo.java:updateAndGet(139)) - 91daf988-b498-4475-b6c7-add854a09df6: start 91daf988-b498-4475-b6c7-add854a09df6@group-380FF8F693E5-FollowerState
2023-04-11 11:24:35,279 [EventQueue-PipelineReportForPipelineReportHandler] INFO  pipeline.PipelineManagerImpl (PipelineManagerImpl.java:openPipeline(367)) - Pipeline Pipeline[ Id: d058f862-c72a-4290-b8a3-380ff8f693e5, Nodes: 91daf988-b498-4475-b6c7-add854a09df6(fv-az590-525.scpgifznvsounmmscp2whtfmwe.cx.internal.cloudapp.net/10.1.0.37), ReplicationConfig: RATIS/ONE, State:ALLOCATED, leaderId:91daf988-b498-4475-b6c7-add854a09df6, CreationTimestamp2023-04-11T11:24:32.003Z[Etc/UTC]] moved to OPEN state
2023-04-11 11:24:35,279 [EventQueue-OpenPipelineForHealthyPipelineSafeModeRule] INFO  safemode.SCMSafeModeManager (HealthyPipelineSafeModeRule.java:process(137)) - SCM in safe mode. Healthy pipelines reported count is 0, required healthy pipeline reported count is 1
2023-04-11 11:24:35,289 [pool-308-thread-1] INFO  util.JmxRegister (JmxRegister.java:tryRegister(44)) - Successfully registered JMX Bean with object name Ratis:service=RaftServer,group=group-380FF8F693E5,id=91daf988-b498-4475-b6c7-add854a09df6
2023-04-11 11:24:35,289 [pool-308-thread-1] INFO  server.RaftServerConfigKeys (ConfUtils.java:logGet(46)) - raft.server.snapshot.auto.trigger.enabled = true (custom)
2023-04-11 11:24:35,289 [pool-308-thread-1] INFO  server.RaftServerConfigKeys (ConfUtils.java:logGet(46)) - raft.server.snapshot.auto.trigger.threshold = 10000 (custom)
2023-04-11 11:24:35,289 [pool-308-thread-1] INFO  server.RaftServerConfigKeys (ConfUtils.java:logGet(46)) - raft.server.snapshot.retention.file.num = 5 (custom)
2023-04-11 11:24:35,289 [pool-308-thread-1] INFO  server.RaftServerConfigKeys (ConfUtils.java:logGet(46)) - raft.server.log.purge.upto.snapshot.index = false (default)
2023-04-11 11:24:35,292 [grpc-default-executor-0] INFO  server.RaftServer (RaftServerProxy.java:addNew(96)) - 4797470f-ac54-44b7-9b0a-d535466dc4d7: addNew group-6B9C7ADF708C:[4797470f-ac54-44b7-9b0a-d535466dc4d7|rpc:10.1.0.37:36979|dataStream:10.1.0.37:36341|priority:0|startupRole:FOLLOWER, bdac8111-12cf-4b14-9a03-ea98a7d0b884|rpc:10.1.0.37:37629|dataStream:10.1.0.37:41845|priority:0|startupRole:FOLLOWER, 91daf988-b498-4475-b6c7-add854a09df6|rpc:10.1.0.37:41877|dataStream:10.1.0.37:33815|priority:1|startupRole:FOLLOWER] returns group-6B9C7ADF708C:java.util.concurrent.CompletableFuture@57e4d1bd[Not completed]
2023-04-11 11:24:35,293 [pool-330-thread-1] INFO  server.RaftServer$Division (RaftServerImpl.java:<init>(195)) - 4797470f-ac54-44b7-9b0a-d535466dc4d7: new RaftServerImpl for group-6B9C7ADF708C:[4797470f-ac54-44b7-9b0a-d535466dc4d7|rpc:10.1.0.37:36979|dataStream:10.1.0.37:36341|priority:0|startupRole:FOLLOWER, bdac8111-12cf-4b14-9a03-ea98a7d0b884|rpc:10.1.0.37:37629|dataStream:10.1.0.37:41845|priority:0|startupRole:FOLLOWER, 91daf988-b498-4475-b6c7-add854a09df6|rpc:10.1.0.37:41877|dataStream:10.1.0.37:33815|priority:1|startupRole:FOLLOWER] with ContainerStateMachine:uninitialized
2023-04-11 11:24:35,293 [pool-330-thread-1] INFO  server.RaftServerConfigKeys (ConfUtils.java:logGet(46)) - raft.server.rpc.timeout.min = 5s (custom)
2023-04-11 11:24:35,293 [pool-330-thread-1] INFO  server.RaftServerConfigKeys (ConfUtils.java:logGet(46)) - raft.server.rpc.timeout.max = 5200ms (custom)
2023-04-11 11:24:35,293 [pool-330-thread-1] INFO  server.RaftServerConfigKeys (ConfUtils.java:logGet(46)) - raft.server.rpc.sleep.time = 25ms (default)
2023-04-11 11:24:35,293 [pool-330-thread-1] INFO  server.RaftServerConfigKeys (ConfUtils.java:logGet(46)) - raft.server.rpc.slowness.timeout = 300s (custom)
2023-04-11 11:24:35,293 [pool-330-thread-1] INFO  server.RaftServerConfigKeys (ConfUtils.java:logGet(46)) - raft.server.leaderelection.leader.step-down.wait-time = 10s (default)
2023-04-11 11:24:35,293 [pool-330-thread-1] INFO  server.RaftServerConfigKeys (ConfUtils.java:logGet(46)) - raft.server.sleep.deviation.threshold = 300ms (default)
2023-04-11 11:24:35,293 [pool-330-thread-1] INFO  server.RaftServer$Division (ServerState.java:<init>(118)) - 4797470f-ac54-44b7-9b0a-d535466dc4d7@group-6B9C7ADF708C: ConfigurationManager, init=-1: peers:[4797470f-ac54-44b7-9b0a-d535466dc4d7|rpc:10.1.0.37:36979|dataStream:10.1.0.37:36341|priority:0|startupRole:FOLLOWER, bdac8111-12cf-4b14-9a03-ea98a7d0b884|rpc:10.1.0.37:37629|dataStream:10.1.0.37:41845|priority:0|startupRole:FOLLOWER, 91daf988-b498-4475-b6c7-add854a09df6|rpc:10.1.0.37:41877|dataStream:10.1.0.37:33815|priority:1|startupRole:FOLLOWER]|listeners:[], old=null, confs=<EMPTY_MAP>
2023-04-11 11:24:35,293 [pool-330-thread-1] INFO  server.RaftServerConfigKeys (ConfUtils.java:logGet(46)) - raft.server.storage.dir = [/home/runner/work/ozone/ozone/hadoop-ozone/integration-test/target/test-dir/MiniOzoneClusterImpl-9aae7230-fa35-4b48-a53d-d03fd74ea8aa/datanode-2/data/ratis] (custom)
2023-04-11 11:24:35,293 [pool-330-thread-1] INFO  server.RaftServerConfigKeys (ConfUtils.java:logGet(46)) - raft.server.log.corruption.policy = EXCEPTION (default)
2023-04-11 11:24:35,294 [pool-330-thread-1] INFO  server.RaftServerConfigKeys (ConfUtils.java:logGet(46)) - raft.server.storage.free-space.min = 0MB (=0) (default)
2023-04-11 11:24:35,294 [pool-330-thread-1] INFO  server.RaftServerConfigKeys (ConfUtils.java:logGet(46)) - raft.server.notification.no-leader.timeout = 300s (custom)
2023-04-11 11:24:35,294 [pool-330-thread-1] INFO  server.RaftServerConfigKeys (ConfUtils.java:logGet(46)) - raft.server.retrycache.expirytime = 600000ms (custom)
2023-04-11 11:24:35,294 [pool-330-thread-1] INFO  server.RaftServerConfigKeys (ConfUtils.java:logGet(46)) - raft.server.retrycache.statistics.expirytime = 100μs (default)
2023-04-11 11:24:35,294 [pool-330-thread-1] INFO  server.RaftServerConfigKeys (ConfUtils.java:logGet(46)) - raft.server.log.appender.install.snapshot.enabled = false (custom)
2023-04-11 11:24:35,294 [pool-330-thread-1] INFO  server.RaftServerConfigKeys (ConfUtils.java:logGet(46)) - raft.server.threadpool.server.cached = true (default)
2023-04-11 11:24:35,294 [pool-330-thread-1] INFO  server.RaftServerConfigKeys (ConfUtils.java:logGet(46)) - raft.server.threadpool.server.size = 0 (default)
2023-04-11 11:24:35,295 [pool-330-thread-1] INFO  server.RaftServerConfigKeys (ConfUtils.java:logGet(46)) - raft.server.threadpool.client.cached = true (default)
2023-04-11 11:24:35,295 [pool-330-thread-1] INFO  server.RaftServerConfigKeys (ConfUtils.java:logGet(46)) - raft.server.threadpool.client.size = 0 (default)
2023-04-11 11:24:35,295 [pool-330-thread-1] INFO  storage.RaftStorageDirectory (RaftStorageDirectoryImpl.java:analyzeStorage(137)) - The storage directory /home/runner/work/ozone/ozone/hadoop-ozone/integration-test/target/test-dir/MiniOzoneClusterImpl-9aae7230-fa35-4b48-a53d-d03fd74ea8aa/datanode-2/data/ratis/d2227c34-c137-466d-93f5-6b9c7adf708c does not exist. Creating ...
2023-04-11 11:24:35,295 [Command processor thread] INFO  ratis.XceiverServerRatis (XceiverServerRatis.java:addGroup(806)) - Created group PipelineID=d058f862-c72a-4290-b8a3-380ff8f693e5
2023-04-11 11:24:35,296 [Command processor thread] INFO  commandhandler.CreatePipelineCommandHandler (CreatePipelineCommandHandler.java:handle(113)) - Created Pipeline RATIS ONE PipelineID=d058f862-c72a-4290-b8a3-380ff8f693e5.
2023-04-11 11:24:35,296 [Command processor thread] INFO  server.RaftServer (RaftServerProxy.java:addNew(96)) - 91daf988-b498-4475-b6c7-add854a09df6: addNew group-D1394E011350:[4797470f-ac54-44b7-9b0a-d535466dc4d7|rpc:10.1.0.37:36979|dataStream:10.1.0.37:36341|priority:0|startupRole:FOLLOWER, bdac8111-12cf-4b14-9a03-ea98a7d0b884|rpc:10.1.0.37:37629|dataStream:10.1.0.37:41845|priority:1|startupRole:FOLLOWER, 91daf988-b498-4475-b6c7-add854a09df6|rpc:10.1.0.37:41877|dataStream:10.1.0.37:33815|priority:0|startupRole:FOLLOWER] returns group-D1394E011350:java.util.concurrent.CompletableFuture@34594084[Not completed]
2023-04-11 11:24:35,296 [91daf988-b498-4475-b6c7-add854a09df6@group-380FF8F693E5-FollowerState] INFO  server.RaftServerConfigKeys (ConfUtils.java:logFallback(53)) - raft.server.rpc.first-election.timeout.min = 5s (fallback to raft.server.rpc.timeout.min)
2023-04-11 11:24:35,296 [91daf988-b498-4475-b6c7-add854a09df6@group-380FF8F693E5-FollowerState] INFO  server.RaftServerConfigKeys (ConfUtils.java:logFallback(53)) - raft.server.rpc.first-election.timeout.max = 5200ms (fallback to raft.server.rpc.timeout.max)
2023-04-11 11:24:35,297 [pool-308-thread-1] INFO  server.RaftServer$Division (RaftServerImpl.java:<init>(195)) - 91daf988-b498-4475-b6c7-add854a09df6: new RaftServerImpl for group-D1394E011350:[4797470f-ac54-44b7-9b0a-d535466dc4d7|rpc:10.1.0.37:36979|dataStream:10.1.0.37:36341|priority:0|startupRole:FOLLOWER, bdac8111-12cf-4b14-9a03-ea98a7d0b884|rpc:10.1.0.37:37629|dataStream:10.1.0.37:41845|priority:1|startupRole:FOLLOWER, 91daf988-b498-4475-b6c7-add854a09df6|rpc:10.1.0.37:41877|dataStream:10.1.0.37:33815|priority:0|startupRole:FOLLOWER] with ContainerStateMachine:uninitialized
2023-04-11 11:24:35,297 [pool-308-thread-1] INFO  server.RaftServerConfigKeys (ConfUtils.java:logGet(46)) - raft.server.rpc.timeout.min = 5s (custom)
2023-04-11 11:24:35,297 [pool-308-thread-1] INFO  server.RaftServerConfigKeys (ConfUtils.java:logGet(46)) - raft.server.rpc.timeout.max = 5200ms (custom)
2023-04-11 11:24:35,297 [pool-308-thread-1] INFO  server.RaftServerConfigKeys (ConfUtils.java:logGet(46)) - raft.server.rpc.sleep.time = 25ms (default)
2023-04-11 11:24:35,297 [pool-308-thread-1] INFO  server.RaftServerConfigKeys (ConfUtils.java:logGet(46)) - raft.server.rpc.slowness.timeout = 300s (custom)
2023-04-11 11:24:35,297 [pool-308-thread-1] INFO  server.RaftServerConfigKeys (ConfUtils.java:logGet(46)) - raft.server.leaderelection.leader.step-down.wait-time = 10s (default)
2023-04-11 11:24:35,297 [pool-308-thread-1] INFO  server.RaftServerConfigKeys (ConfUtils.java:logGet(46)) - raft.server.sleep.deviation.threshold = 300ms (default)
2023-04-11 11:24:35,297 [pool-308-thread-1] INFO  server.RaftServer$Division (ServerState.java:<init>(118)) - 91daf988-b498-4475-b6c7-add854a09df6@group-D1394E011350: ConfigurationManager, init=-1: peers:[4797470f-ac54-44b7-9b0a-d535466dc4d7|rpc:10.1.0.37:36979|dataStream:10.1.0.37:36341|priority:0|startupRole:FOLLOWER, bdac8111-12cf-4b14-9a03-ea98a7d0b884|rpc:10.1.0.37:37629|dataStream:10.1.0.37:41845|priority:1|startupRole:FOLLOWER, 91daf988-b498-4475-b6c7-add854a09df6|rpc:10.1.0.37:41877|dataStream:10.1.0.37:33815|priority:0|startupRole:FOLLOWER]|listeners:[], old=null, confs=<EMPTY_MAP>
2023-04-11 11:24:35,297 [pool-308-thread-1] INFO  server.RaftServerConfigKeys (ConfUtils.java:logGet(46)) - raft.server.storage.dir = [/home/runner/work/ozone/ozone/hadoop-ozone/integration-test/target/test-dir/MiniOzoneClusterImpl-9aae7230-fa35-4b48-a53d-d03fd74ea8aa/datanode-1/data/ratis] (custom)
2023-04-11 11:24:35,297 [pool-308-thread-1] INFO  server.RaftServerConfigKeys (ConfUtils.java:logGet(46)) - raft.server.log.corruption.policy = EXCEPTION (default)
2023-04-11 11:24:35,297 [pool-308-thread-1] INFO  server.RaftServerConfigKeys (ConfUtils.java:logGet(46)) - raft.server.storage.free-space.min = 0MB (=0) (default)
2023-04-11 11:24:35,297 [pool-308-thread-1] INFO  server.RaftServerConfigKeys (ConfUtils.java:logGet(46)) - raft.server.notification.no-leader.timeout = 300s (custom)
2023-04-11 11:24:35,297 [pool-308-thread-1] INFO  server.RaftServerConfigKeys (ConfUtils.java:logGet(46)) - raft.server.retrycache.expirytime = 600000ms (custom)
2023-04-11 11:24:35,297 [pool-308-thread-1] INFO  server.RaftServerConfigKeys (ConfUtils.java:logGet(46)) - raft.server.retrycache.statistics.expirytime = 100μs (default)
2023-04-11 11:24:35,298 [pool-330-thread-1] INFO  storage.RaftStorageDirectory (RaftStorageDirectoryImpl.java:tryLock(231)) - Lock on /home/runner/work/ozone/ozone/hadoop-ozone/integration-test/target/test-dir/MiniOzoneClusterImpl-9aae7230-fa35-4b48-a53d-d03fd74ea8aa/datanode-2/data/ratis/d2227c34-c137-466d-93f5-6b9c7adf708c/in_use.lock acquired by nodename 48974@fv-az590-525
2023-04-11 11:24:35,298 [pool-308-thread-1] INFO  server.RaftServerConfigKeys (ConfUtils.java:logGet(46)) - raft.server.log.appender.install.snapshot.enabled = false (custom)
2023-04-11 11:24:35,298 [pool-308-thread-1] INFO  server.RaftServerConfigKeys (ConfUtils.java:logGet(46)) - raft.server.threadpool.server.cached = true (default)
2023-04-11 11:24:35,298 [pool-308-thread-1] INFO  server.RaftServerConfigKeys (ConfUtils.java:logGet(46)) - raft.server.threadpool.server.size = 0 (default)
2023-04-11 11:24:35,298 [pool-308-thread-1] INFO  server.RaftServerConfigKeys (ConfUtils.java:logGet(46)) - raft.server.threadpool.client.cached = true (default)
2023-04-11 11:24:35,298 [pool-308-thread-1] INFO  server.RaftServerConfigKeys (ConfUtils.java:logGet(46)) - raft.server.threadpool.client.size = 0 (default)
2023-04-11 11:24:35,298 [pool-308-thread-1] INFO  storage.RaftStorageDirectory (RaftStorageDirectoryImpl.java:analyzeStorage(137)) - The storage directory /home/runner/work/ozone/ozone/hadoop-ozone/integration-test/target/test-dir/MiniOzoneClusterImpl-9aae7230-fa35-4b48-a53d-d03fd74ea8aa/datanode-1/data/ratis/7b09aed9-f2d9-418e-ae0e-d1394e011350 does not exist. Creating ...
2023-04-11 11:24:35,299 [pool-330-thread-1] INFO  storage.RaftStorage (RaftStorageImpl.java:format(96)) - Storage directory /home/runner/work/ozone/ozone/hadoop-ozone/integration-test/target/test-dir/MiniOzoneClusterImpl-9aae7230-fa35-4b48-a53d-d03fd74ea8aa/datanode-2/data/ratis/d2227c34-c137-466d-93f5-6b9c7adf708c has been successfully formatted.
2023-04-11 11:24:35,300 [pool-308-thread-1] INFO  storage.RaftStorageDirectory (RaftStorageDirectoryImpl.java:tryLock(231)) - Lock on /home/runner/work/ozone/ozone/hadoop-ozone/integration-test/target/test-dir/MiniOzoneClusterImpl-9aae7230-fa35-4b48-a53d-d03fd74ea8aa/datanode-1/data/ratis/7b09aed9-f2d9-418e-ae0e-d1394e011350/in_use.lock acquired by nodename 48974@fv-az590-525
2023-04-11 11:24:35,301 [pool-330-thread-1] INFO  ratis.ContainerStateMachine (ContainerStateMachine.java:loadSnapshot(262)) - group-6B9C7ADF708C: The snapshot info is null. Setting the last applied indexto:(t:0, i:~)
2023-04-11 11:24:35,301 [pool-330-thread-1] INFO  server.RaftServerConfigKeys (ConfUtils.java:logGet(46)) - raft.server.log.use.memory = false (default)
2023-04-11 11:24:35,301 [pool-330-thread-1] INFO  server.RaftServerConfigKeys (ConfUtils.java:logGet(46)) - raft.server.log.purge.gap = 1000000 (custom)
2023-04-11 11:24:35,301 [pool-330-thread-1] INFO  server.RaftServerConfigKeys (ConfUtils.java:logGet(46)) - raft.server.log.appender.buffer.byte-limit = 33554432 (custom)
2023-04-11 11:24:35,301 [pool-330-thread-1] INFO  server.RaftServerConfigKeys (ConfUtils.java:logGet(46)) - raft.server.log.statemachine.data.read.timeout = 1000ms (default)
2023-04-11 11:24:35,301 [pool-330-thread-1] INFO  server.RaftServerConfigKeys (ConfUtils.java:logGet(46)) - raft.server.log.purge.preservation.log.num = 0 (default)
2023-04-11 11:24:35,301 [pool-330-thread-1] INFO  server.RaftServerConfigKeys (ConfUtils.java:logGet(46)) - raft.server.log.segment.size.max = 1048576 (custom)
2023-04-11 11:24:35,301 [pool-330-thread-1] INFO  server.RaftServerConfigKeys (ConfUtils.java:logGet(46)) - raft.server.log.segment.cache.num.max = 2 (custom)
2023-04-11 11:24:35,301 [pool-330-thread-1] INFO  server.RaftServerConfigKeys (ConfUtils.java:logGet(46)) - raft.server.log.segment.cache.size.max = 200MB (=209715200) (default)
2023-04-11 11:24:35,302 [pool-330-thread-1] INFO  segmented.SegmentedRaftLogWorker (SegmentedRaftLogWorker.java:<init>(189)) - new 4797470f-ac54-44b7-9b0a-d535466dc4d7@group-6B9C7ADF708C-SegmentedRaftLogWorker for RaftStorageImpl:Storage Directory /home/runner/work/ozone/ozone/hadoop-ozone/integration-test/target/test-dir/MiniOzoneClusterImpl-9aae7230-fa35-4b48-a53d-d03fd74ea8aa/datanode-2/data/ratis/d2227c34-c137-466d-93f5-6b9c7adf708c
2023-04-11 11:24:35,302 [pool-330-thread-1] INFO  server.RaftServerConfigKeys (ConfUtils.java:logGet(46)) - raft.server.log.queue.byte-limit = 4294967296 (custom)
2023-04-11 11:24:35,302 [pool-330-thread-1] INFO  server.RaftServerConfigKeys (ConfUtils.java:logGet(46)) - raft.server.log.queue.element-limit = 1024 (custom)
2023-04-11 11:24:35,302 [pool-330-thread-1] INFO  server.RaftServerConfigKeys (ConfUtils.java:logGet(46)) - raft.server.log.segment.size.max = 1048576 (custom)
2023-04-11 11:24:35,302 [pool-330-thread-1] INFO  server.RaftServerConfigKeys (ConfUtils.java:logGet(46)) - raft.server.log.preallocated.size = 16384 (custom)
2023-04-11 11:24:35,302 [pool-308-thread-1] INFO  storage.RaftStorage (RaftStorageImpl.java:format(96)) - Storage directory /home/runner/work/ozone/ozone/hadoop-ozone/integration-test/target/test-dir/MiniOzoneClusterImpl-9aae7230-fa35-4b48-a53d-d03fd74ea8aa/datanode-1/data/ratis/7b09aed9-f2d9-418e-ae0e-d1394e011350 has been successfully formatted.
2023-04-11 11:24:35,302 [pool-330-thread-1] INFO  server.RaftServerConfigKeys (ConfUtils.java:logGet(46)) - raft.server.log.force.sync.num = 128 (default)
2023-04-11 11:24:35,302 [pool-330-thread-1] INFO  server.RaftServerConfigKeys (ConfUtils.java:logGet(46)) - raft.server.log.statemachine.data.sync = true (default)
2023-04-11 11:24:35,302 [pool-330-thread-1] INFO  server.RaftServerConfigKeys (ConfUtils.java:logGet(46)) - raft.server.log.statemachine.data.sync.timeout = 10s (default)
2023-04-11 11:24:35,302 [pool-330-thread-1] INFO  server.RaftServerConfigKeys (ConfUtils.java:logGet(46)) - raft.server.log.statemachine.data.sync.timeout.retry = -1 (default)
2023-04-11 11:24:35,303 [pool-330-thread-1] INFO  server.RaftServerConfigKeys (ConfUtils.java:logGet(46)) - raft.server.log.write.buffer.size = 1048576 (custom)
2023-04-11 11:24:35,303 [pool-330-thread-1] INFO  server.RaftServerConfigKeys (ConfUtils.java:logGet(46)) - raft.server.log.appender.buffer.byte-limit = 33554432 (custom)
2023-04-11 11:24:35,303 [EventQueue-OpenPipelineForHealthyPipelineSafeModeRule] INFO  safemode.SCMSafeModeManager (HealthyPipelineSafeModeRule.java:process(137)) - SCM in safe mode. Healthy pipelines reported count is 0, required healthy pipeline reported count is 1
2023-04-11 11:24:35,304 [pool-308-thread-1] INFO  ratis.ContainerStateMachine (ContainerStateMachine.java:loadSnapshot(262)) - group-D1394E011350: The snapshot info is null. Setting the last applied indexto:(t:0, i:~)
2023-04-11 11:24:35,304 [pool-308-thread-1] INFO  server.RaftServerConfigKeys (ConfUtils.java:logGet(46)) - raft.server.log.use.memory = false (default)
2023-04-11 11:24:35,304 [pool-308-thread-1] INFO  server.RaftServerConfigKeys (ConfUtils.java:logGet(46)) - raft.server.log.purge.gap = 1000000 (custom)
2023-04-11 11:24:35,304 [pool-308-thread-1] INFO  server.RaftServerConfigKeys (ConfUtils.java:logGet(46)) - raft.server.log.appender.buffer.byte-limit = 33554432 (custom)
2023-04-11 11:24:35,304 [pool-308-thread-1] INFO  server.RaftServerConfigKeys (ConfUtils.java:logGet(46)) - raft.server.log.statemachine.data.read.timeout = 1000ms (default)
2023-04-11 11:24:35,304 [pool-308-thread-1] INFO  server.RaftServerConfigKeys (ConfUtils.java:logGet(46)) - raft.server.log.purge.preservation.log.num = 0 (default)
2023-04-11 11:24:35,304 [pool-308-thread-1] INFO  server.RaftServerConfigKeys (ConfUtils.java:logGet(46)) - raft.server.log.segment.size.max = 1048576 (custom)
2023-04-11 11:24:35,304 [pool-308-thread-1] INFO  server.RaftServerConfigKeys (ConfUtils.java:logGet(46)) - raft.server.log.segment.cache.num.max = 2 (custom)
2023-04-11 11:24:35,304 [pool-308-thread-1] INFO  server.RaftServerConfigKeys (ConfUtils.java:logGet(46)) - raft.server.log.segment.cache.size.max = 200MB (=209715200) (default)
2023-04-11 11:24:35,304 [pool-308-thread-1] INFO  segmented.SegmentedRaftLogWorker (SegmentedRaftLogWorker.java:<init>(189)) - new 91daf988-b498-4475-b6c7-add854a09df6@group-D1394E011350-SegmentedRaftLogWorker for RaftStorageImpl:Storage Directory /home/runner/work/ozone/ozone/hadoop-ozone/integration-test/target/test-dir/MiniOzoneClusterImpl-9aae7230-fa35-4b48-a53d-d03fd74ea8aa/datanode-1/data/ratis/7b09aed9-f2d9-418e-ae0e-d1394e011350
2023-04-11 11:24:35,304 [pool-308-thread-1] INFO  server.RaftServerConfigKeys (ConfUtils.java:logGet(46)) - raft.server.log.queue.byte-limit = 4294967296 (custom)
2023-04-11 11:24:35,304 [pool-308-thread-1] INFO  server.RaftServerConfigKeys (ConfUtils.java:logGet(46)) - raft.server.log.queue.element-limit = 1024 (custom)
2023-04-11 11:24:35,304 [pool-308-thread-1] INFO  server.RaftServerConfigKeys (ConfUtils.java:logGet(46)) - raft.server.log.segment.size.max = 1048576 (custom)
2023-04-11 11:24:35,305 [pool-308-thread-1] INFO  server.RaftServerConfigKeys (ConfUtils.java:logGet(46)) - raft.server.log.preallocated.size = 16384 (custom)
2023-04-11 11:24:35,305 [pool-308-thread-1] INFO  server.RaftServerConfigKeys (ConfUtils.java:logGet(46)) - raft.server.log.force.sync.num = 128 (default)
2023-04-11 11:24:35,305 [pool-308-thread-1] INFO  server.RaftServerConfigKeys (ConfUtils.java:logGet(46)) - raft.server.log.statemachine.data.sync = true (default)
2023-04-11 11:24:35,305 [pool-308-thread-1] INFO  server.RaftServerConfigKeys (ConfUtils.java:logGet(46)) - raft.server.log.statemachine.data.sync.timeout = 10s (default)
2023-04-11 11:24:35,305 [pool-308-thread-1] INFO  server.RaftServerConfigKeys (ConfUtils.java:logGet(46)) - raft.server.log.statemachine.data.sync.timeout.retry = -1 (default)
2023-04-11 11:24:35,306 [pool-308-thread-1] INFO  server.RaftServerConfigKeys (ConfUtils.java:logGet(46)) - raft.server.log.write.buffer.size = 1048576 (custom)
2023-04-11 11:24:35,306 [pool-308-thread-1] INFO  server.RaftServerConfigKeys (ConfUtils.java:logGet(46)) - raft.server.log.appender.buffer.byte-limit = 33554432 (custom)
2023-04-11 11:24:35,308 [pool-330-thread-1] INFO  server.RaftServerConfigKeys (ConfUtils.java:logGet(46)) - raft.server.log.unsafe-flush.enabled = false (default)
2023-04-11 11:24:35,308 [pool-330-thread-1] INFO  server.RaftServerConfigKeys (ConfUtils.java:logGet(46)) - raft.server.log.async-flush.enabled = false (default)
2023-04-11 11:24:35,308 [pool-330-thread-1] INFO  server.RaftServerConfigKeys (ConfUtils.java:logGet(46)) - raft.server.log.statemachine.data.caching.enabled = true (custom)
2023-04-11 11:24:35,309 [pool-330-thread-1] INFO  segmented.SegmentedRaftLogWorker (SegmentedRaftLogWorker.java:lambda$new$0(135)) - 4797470f-ac54-44b7-9b0a-d535466dc4d7@group-6B9C7ADF708C-SegmentedRaftLogWorker: flushIndex: setUnconditionally 0 -> -1
2023-04-11 11:24:35,309 [pool-330-thread-1] INFO  segmented.SegmentedRaftLogWorker (SegmentedRaftLogWorker.java:lambda$new$0(135)) - 4797470f-ac54-44b7-9b0a-d535466dc4d7@group-6B9C7ADF708C-SegmentedRaftLogWorker: safeCacheEvictIndex: setUnconditionally 0 -> -1
2023-04-11 11:24:35,309 [pool-330-thread-1] INFO  server.RaftServer$Division (RaftServerImpl.java:start(334)) - 4797470f-ac54-44b7-9b0a-d535466dc4d7@group-6B9C7ADF708C: start as a follower, conf=-1: peers:[4797470f-ac54-44b7-9b0a-d535466dc4d7|rpc:10.1.0.37:36979|dataStream:10.1.0.37:36341|priority:0|startupRole:FOLLOWER, bdac8111-12cf-4b14-9a03-ea98a7d0b884|rpc:10.1.0.37:37629|dataStream:10.1.0.37:41845|priority:0|startupRole:FOLLOWER, 91daf988-b498-4475-b6c7-add854a09df6|rpc:10.1.0.37:41877|dataStream:10.1.0.37:33815|priority:1|startupRole:FOLLOWER]|listeners:[], old=null
2023-04-11 11:24:35,309 [pool-330-thread-1] INFO  server.RaftServer$Division (RaftServerImpl.java:setRole(321)) - 4797470f-ac54-44b7-9b0a-d535466dc4d7@group-6B9C7ADF708C: changes role from      null to FOLLOWER at term 0 for startAsFollower
2023-04-11 11:24:35,309 [pool-330-thread-1] INFO  impl.RoleInfo (RoleInfo.java:updateAndGet(139)) - 4797470f-ac54-44b7-9b0a-d535466dc4d7: start 4797470f-ac54-44b7-9b0a-d535466dc4d7@group-6B9C7ADF708C-FollowerState
2023-04-11 11:24:35,309 [pool-330-thread-1] INFO  util.JmxRegister (JmxRegister.java:tryRegister(44)) - Successfully registered JMX Bean with object name Ratis:service=RaftServer,group=group-6B9C7ADF708C,id=4797470f-ac54-44b7-9b0a-d535466dc4d7
2023-04-11 11:24:35,309 [pool-330-thread-1] INFO  server.RaftServerConfigKeys (ConfUtils.java:logGet(46)) - raft.server.snapshot.auto.trigger.enabled = true (custom)
2023-04-11 11:24:35,309 [pool-330-thread-1] INFO  server.RaftServerConfigKeys (ConfUtils.java:logGet(46)) - raft.server.snapshot.auto.trigger.threshold = 10000 (custom)
2023-04-11 11:24:35,309 [pool-330-thread-1] INFO  server.RaftServerConfigKeys (ConfUtils.java:logGet(46)) - raft.server.snapshot.retention.file.num = 5 (custom)
2023-04-11 11:24:35,309 [pool-330-thread-1] INFO  server.RaftServerConfigKeys (ConfUtils.java:logGet(46)) - raft.server.log.purge.upto.snapshot.index = false (default)
2023-04-11 11:24:35,310 [4797470f-ac54-44b7-9b0a-d535466dc4d7@group-6B9C7ADF708C-FollowerState] INFO  server.RaftServerConfigKeys (ConfUtils.java:logFallback(53)) - raft.server.rpc.first-election.timeout.min = 5s (fallback to raft.server.rpc.timeout.min)
2023-04-11 11:24:35,310 [4797470f-ac54-44b7-9b0a-d535466dc4d7@group-6B9C7ADF708C-FollowerState] INFO  server.RaftServerConfigKeys (ConfUtils.java:logFallback(53)) - raft.server.rpc.first-election.timeout.max = 5200ms (fallback to raft.server.rpc.timeout.max)
2023-04-11 11:24:35,315 [pool-308-thread-1] INFO  server.RaftServerConfigKeys (ConfUtils.java:logGet(46)) - raft.server.log.unsafe-flush.enabled = false (default)
2023-04-11 11:24:35,320 [Command processor thread] INFO  commandhandler.CreatePipelineCommandHandler (CreatePipelineCommandHandler.java:handle(113)) - Created Pipeline RATIS THREE PipelineID=d2227c34-c137-466d-93f5-6b9c7adf708c.
2023-04-11 11:24:35,321 [Command processor thread] INFO  server.RaftServer (RaftServerProxy.java:addNew(96)) - bdac8111-12cf-4b14-9a03-ea98a7d0b884: addNew group-D1394E011350:[4797470f-ac54-44b7-9b0a-d535466dc4d7|rpc:10.1.0.37:36979|dataStream:10.1.0.37:36341|priority:0|startupRole:FOLLOWER, bdac8111-12cf-4b14-9a03-ea98a7d0b884|rpc:10.1.0.37:37629|dataStream:10.1.0.37:41845|priority:1|startupRole:FOLLOWER, 91daf988-b498-4475-b6c7-add854a09df6|rpc:10.1.0.37:41877|dataStream:10.1.0.37:33815|priority:0|startupRole:FOLLOWER] returns group-D1394E011350:java.util.concurrent.CompletableFuture@4d6916d9[Not completed]
2023-04-11 11:24:35,324 [pool-286-thread-1] INFO  server.RaftServer$Division (RaftServerImpl.java:<init>(195)) - bdac8111-12cf-4b14-9a03-ea98a7d0b884: new RaftServerImpl for group-D1394E011350:[4797470f-ac54-44b7-9b0a-d535466dc4d7|rpc:10.1.0.37:36979|dataStream:10.1.0.37:36341|priority:0|startupRole:FOLLOWER, bdac8111-12cf-4b14-9a03-ea98a7d0b884|rpc:10.1.0.37:37629|dataStream:10.1.0.37:41845|priority:1|startupRole:FOLLOWER, 91daf988-b498-4475-b6c7-add854a09df6|rpc:10.1.0.37:41877|dataStream:10.1.0.37:33815|priority:0|startupRole:FOLLOWER] with ContainerStateMachine:uninitialized
2023-04-11 11:24:35,324 [pool-286-thread-1] INFO  server.RaftServerConfigKeys (ConfUtils.java:logGet(46)) - raft.server.rpc.timeout.min = 5s (custom)
2023-04-11 11:24:35,324 [pool-286-thread-1] INFO  server.RaftServerConfigKeys (ConfUtils.java:logGet(46)) - raft.server.rpc.timeout.max = 5200ms (custom)
2023-04-11 11:24:35,324 [pool-286-thread-1] INFO  server.RaftServerConfigKeys (ConfUtils.java:logGet(46)) - raft.server.rpc.sleep.time = 25ms (default)
2023-04-11 11:24:35,324 [pool-286-thread-1] INFO  server.RaftServerConfigKeys (ConfUtils.java:logGet(46)) - raft.server.rpc.slowness.timeout = 300s (custom)
2023-04-11 11:24:35,324 [pool-286-thread-1] INFO  server.RaftServerConfigKeys (ConfUtils.java:logGet(46)) - raft.server.leaderelection.leader.step-down.wait-time = 10s (default)
2023-04-11 11:24:35,324 [pool-286-thread-1] INFO  server.RaftServerConfigKeys (ConfUtils.java:logGet(46)) - raft.server.sleep.deviation.threshold = 300ms (default)
2023-04-11 11:24:35,324 [pool-286-thread-1] INFO  server.RaftServer$Division (ServerState.java:<init>(118)) - bdac8111-12cf-4b14-9a03-ea98a7d0b884@group-D1394E011350: ConfigurationManager, init=-1: peers:[4797470f-ac54-44b7-9b0a-d535466dc4d7|rpc:10.1.0.37:36979|dataStream:10.1.0.37:36341|priority:0|startupRole:FOLLOWER, bdac8111-12cf-4b14-9a03-ea98a7d0b884|rpc:10.1.0.37:37629|dataStream:10.1.0.37:41845|priority:1|startupRole:FOLLOWER, 91daf988-b498-4475-b6c7-add854a09df6|rpc:10.1.0.37:41877|dataStream:10.1.0.37:33815|priority:0|startupRole:FOLLOWER]|listeners:[], old=null, confs=<EMPTY_MAP>
2023-04-11 11:24:35,324 [pool-286-thread-1] INFO  server.RaftServerConfigKeys (ConfUtils.java:logGet(46)) - raft.server.storage.dir = [/home/runner/work/ozone/ozone/hadoop-ozone/integration-test/target/test-dir/MiniOzoneClusterImpl-9aae7230-fa35-4b48-a53d-d03fd74ea8aa/datanode-0/data/ratis] (custom)
2023-04-11 11:24:35,324 [pool-286-thread-1] INFO  server.RaftServerConfigKeys (ConfUtils.java:logGet(46)) - raft.server.log.corruption.policy = EXCEPTION (default)
2023-04-11 11:24:35,324 [pool-286-thread-1] INFO  server.RaftServerConfigKeys (ConfUtils.java:logGet(46)) - raft.server.storage.free-space.min = 0MB (=0) (default)
2023-04-11 11:24:35,324 [pool-286-thread-1] INFO  server.RaftServerConfigKeys (ConfUtils.java:logGet(46)) - raft.server.notification.no-leader.timeout = 300s (custom)
2023-04-11 11:24:35,325 [pool-286-thread-1] INFO  server.RaftServerConfigKeys (ConfUtils.java:logGet(46)) - raft.server.retrycache.expirytime = 600000ms (custom)
2023-04-11 11:24:35,325 [pool-286-thread-1] INFO  server.RaftServerConfigKeys (ConfUtils.java:logGet(46)) - raft.server.retrycache.statistics.expirytime = 100μs (default)
2023-04-11 11:24:35,325 [pool-286-thread-1] INFO  server.RaftServerConfigKeys (ConfUtils.java:logGet(46)) - raft.server.log.appender.install.snapshot.enabled = false (custom)
2023-04-11 11:24:35,325 [pool-286-thread-1] INFO  server.RaftServerConfigKeys (ConfUtils.java:logGet(46)) - raft.server.threadpool.server.cached = true (default)
2023-04-11 11:24:35,325 [pool-286-thread-1] INFO  server.RaftServerConfigKeys (ConfUtils.java:logGet(46)) - raft.server.threadpool.server.size = 0 (default)
2023-04-11 11:24:35,325 [pool-286-thread-1] INFO  server.RaftServerConfigKeys (ConfUtils.java:logGet(46)) - raft.server.threadpool.client.cached = true (default)
2023-04-11 11:24:35,325 [pool-286-thread-1] INFO  server.RaftServerConfigKeys (ConfUtils.java:logGet(46)) - raft.server.threadpool.client.size = 0 (default)
2023-04-11 11:24:35,325 [pool-286-thread-1] INFO  storage.RaftStorageDirectory (RaftStorageDirectoryImpl.java:analyzeStorage(137)) - The storage directory /home/runner/work/ozone/ozone/hadoop-ozone/integration-test/target/test-dir/MiniOzoneClusterImpl-9aae7230-fa35-4b48-a53d-d03fd74ea8aa/datanode-0/data/ratis/7b09aed9-f2d9-418e-ae0e-d1394e011350 does not exist. Creating ...
2023-04-11 11:24:35,326 [pool-308-thread-1] INFO  server.RaftServerConfigKeys (ConfUtils.java:logGet(46)) - raft.server.log.async-flush.enabled = false (default)
2023-04-11 11:24:35,327 [pool-308-thread-1] INFO  server.RaftServerConfigKeys (ConfUtils.java:logGet(46)) - raft.server.log.statemachine.data.caching.enabled = true (custom)
2023-04-11 11:24:35,327 [pool-286-thread-1] INFO  storage.RaftStorageDirectory (RaftStorageDirectoryImpl.java:tryLock(231)) - Lock on /home/runner/work/ozone/ozone/hadoop-ozone/integration-test/target/test-dir/MiniOzoneClusterImpl-9aae7230-fa35-4b48-a53d-d03fd74ea8aa/datanode-0/data/ratis/7b09aed9-f2d9-418e-ae0e-d1394e011350/in_use.lock acquired by nodename 48974@fv-az590-525
2023-04-11 11:24:35,327 [pool-308-thread-1] INFO  segmented.SegmentedRaftLogWorker (SegmentedRaftLogWorker.java:lambda$new$0(135)) - 91daf988-b498-4475-b6c7-add854a09df6@group-D1394E011350-SegmentedRaftLogWorker: flushIndex: setUnconditionally 0 -> -1
2023-04-11 11:24:35,327 [pool-308-thread-1] INFO  segmented.SegmentedRaftLogWorker (SegmentedRaftLogWorker.java:lambda$new$0(135)) - 91daf988-b498-4475-b6c7-add854a09df6@group-D1394E011350-SegmentedRaftLogWorker: safeCacheEvictIndex: setUnconditionally 0 -> -1
2023-04-11 11:24:35,327 [pool-308-thread-1] INFO  server.RaftServer$Division (RaftServerImpl.java:start(334)) - 91daf988-b498-4475-b6c7-add854a09df6@group-D1394E011350: start as a follower, conf=-1: peers:[4797470f-ac54-44b7-9b0a-d535466dc4d7|rpc:10.1.0.37:36979|dataStream:10.1.0.37:36341|priority:0|startupRole:FOLLOWER, bdac8111-12cf-4b14-9a03-ea98a7d0b884|rpc:10.1.0.37:37629|dataStream:10.1.0.37:41845|priority:1|startupRole:FOLLOWER, 91daf988-b498-4475-b6c7-add854a09df6|rpc:10.1.0.37:41877|dataStream:10.1.0.37:33815|priority:0|startupRole:FOLLOWER]|listeners:[], old=null
2023-04-11 11:24:35,327 [pool-308-thread-1] INFO  server.RaftServer$Division (RaftServerImpl.java:setRole(321)) - 91daf988-b498-4475-b6c7-add854a09df6@group-D1394E011350: changes role from      null to FOLLOWER at term 0 for startAsFollower
2023-04-11 11:24:35,327 [pool-308-thread-1] INFO  impl.RoleInfo (RoleInfo.java:updateAndGet(139)) - 91daf988-b498-4475-b6c7-add854a09df6: start 91daf988-b498-4475-b6c7-add854a09df6@group-D1394E011350-FollowerState
2023-04-11 11:24:35,328 [pool-308-thread-1] INFO  util.JmxRegister (JmxRegister.java:tryRegister(44)) - Successfully registered JMX Bean with object name Ratis:service=RaftServer,group=group-D1394E011350,id=91daf988-b498-4475-b6c7-add854a09df6
2023-04-11 11:24:35,328 [pool-308-thread-1] INFO  server.RaftServerConfigKeys (ConfUtils.java:logGet(46)) - raft.server.snapshot.auto.trigger.enabled = true (custom)
2023-04-11 11:24:35,329 [pool-308-thread-1] INFO  server.RaftServerConfigKeys (ConfUtils.java:logGet(46)) - raft.server.snapshot.auto.trigger.threshold = 10000 (custom)
2023-04-11 11:24:35,329 [pool-308-thread-1] INFO  server.RaftServerConfigKeys (ConfUtils.java:logGet(46)) - raft.server.snapshot.retention.file.num = 5 (custom)
2023-04-11 11:24:35,329 [pool-308-thread-1] INFO  server.RaftServerConfigKeys (ConfUtils.java:logGet(46)) - raft.server.log.purge.upto.snapshot.index = false (default)
2023-04-11 11:24:35,328 [pool-286-thread-1] INFO  storage.RaftStorage (RaftStorageImpl.java:format(96)) - Storage directory /home/runner/work/ozone/ozone/hadoop-ozone/integration-test/target/test-dir/MiniOzoneClusterImpl-9aae7230-fa35-4b48-a53d-d03fd74ea8aa/datanode-0/data/ratis/7b09aed9-f2d9-418e-ae0e-d1394e011350 has been successfully formatted.
2023-04-11 11:24:35,330 [91daf988-b498-4475-b6c7-add854a09df6@group-D1394E011350-FollowerState] INFO  server.RaftServerConfigKeys (ConfUtils.java:logFallback(53)) - raft.server.rpc.first-election.timeout.min = 5s (fallback to raft.server.rpc.timeout.min)
2023-04-11 11:24:35,330 [91daf988-b498-4475-b6c7-add854a09df6@group-D1394E011350-FollowerState] INFO  server.RaftServerConfigKeys (ConfUtils.java:logFallback(53)) - raft.server.rpc.first-election.timeout.max = 5200ms (fallback to raft.server.rpc.timeout.max)
2023-04-11 11:24:35,330 [pool-286-thread-1] INFO  ratis.ContainerStateMachine (ContainerStateMachine.java:loadSnapshot(262)) - group-D1394E011350: The snapshot info is null. Setting the last applied indexto:(t:0, i:~)
2023-04-11 11:24:35,330 [pool-286-thread-1] INFO  server.RaftServerConfigKeys (ConfUtils.java:logGet(46)) - raft.server.log.use.memory = false (default)
2023-04-11 11:24:35,330 [pool-286-thread-1] INFO  server.RaftServerConfigKeys (ConfUtils.java:logGet(46)) - raft.server.log.purge.gap = 1000000 (custom)
2023-04-11 11:24:35,330 [pool-286-thread-1] INFO  server.RaftServerConfigKeys (ConfUtils.java:logGet(46)) - raft.server.log.appender.buffer.byte-limit = 33554432 (custom)
2023-04-11 11:24:35,331 [pool-286-thread-1] INFO  server.RaftServerConfigKeys (ConfUtils.java:logGet(46)) - raft.server.log.statemachine.data.read.timeout = 1000ms (default)
2023-04-11 11:24:35,331 [pool-286-thread-1] INFO  server.RaftServerConfigKeys (ConfUtils.java:logGet(46)) - raft.server.log.purge.preservation.log.num = 0 (default)
2023-04-11 11:24:35,331 [pool-286-thread-1] INFO  server.RaftServerConfigKeys (ConfUtils.java:logGet(46)) - raft.server.log.segment.size.max = 1048576 (custom)
2023-04-11 11:24:35,331 [pool-286-thread-1] INFO  server.RaftServerConfigKeys (ConfUtils.java:logGet(46)) - raft.server.log.segment.cache.num.max = 2 (custom)
2023-04-11 11:24:35,331 [pool-286-thread-1] INFO  server.RaftServerConfigKeys (ConfUtils.java:logGet(46)) - raft.server.log.segment.cache.size.max = 200MB (=209715200) (default)
2023-04-11 11:24:35,331 [pool-286-thread-1] INFO  segmented.SegmentedRaftLogWorker (SegmentedRaftLogWorker.java:<init>(189)) - new bdac8111-12cf-4b14-9a03-ea98a7d0b884@group-D1394E011350-SegmentedRaftLogWorker for RaftStorageImpl:Storage Directory /home/runner/work/ozone/ozone/hadoop-ozone/integration-test/target/test-dir/MiniOzoneClusterImpl-9aae7230-fa35-4b48-a53d-d03fd74ea8aa/datanode-0/data/ratis/7b09aed9-f2d9-418e-ae0e-d1394e011350
2023-04-11 11:24:35,331 [pool-286-thread-1] INFO  server.RaftServerConfigKeys (ConfUtils.java:logGet(46)) - raft.server.log.queue.byte-limit = 4294967296 (custom)
2023-04-11 11:24:35,331 [pool-286-thread-1] INFO  server.RaftServerConfigKeys (ConfUtils.java:logGet(46)) - raft.server.log.queue.element-limit = 1024 (custom)
2023-04-11 11:24:35,331 [pool-286-thread-1] INFO  server.RaftServerConfigKeys (ConfUtils.java:logGet(46)) - raft.server.log.segment.size.max = 1048576 (custom)
2023-04-11 11:24:35,331 [pool-286-thread-1] INFO  server.RaftServerConfigKeys (ConfUtils.java:logGet(46)) - raft.server.log.preallocated.size = 16384 (custom)
2023-04-11 11:24:35,331 [pool-286-thread-1] INFO  server.RaftServerConfigKeys (ConfUtils.java:logGet(46)) - raft.server.log.force.sync.num = 128 (default)
2023-04-11 11:24:35,331 [pool-286-thread-1] INFO  server.RaftServerConfigKeys (ConfUtils.java:logGet(46)) - raft.server.log.statemachine.data.sync = true (default)
2023-04-11 11:24:35,331 [pool-286-thread-1] INFO  server.RaftServerConfigKeys (ConfUtils.java:logGet(46)) - raft.server.log.statemachine.data.sync.timeout = 10s (default)
2023-04-11 11:24:35,331 [pool-286-thread-1] INFO  server.RaftServerConfigKeys (ConfUtils.java:logGet(46)) - raft.server.log.statemachine.data.sync.timeout.retry = -1 (default)
2023-04-11 11:24:35,332 [pool-286-thread-1] INFO  server.RaftServerConfigKeys (ConfUtils.java:logGet(46)) - raft.server.log.write.buffer.size = 1048576 (custom)
2023-04-11 11:24:35,332 [pool-286-thread-1] INFO  server.RaftServerConfigKeys (ConfUtils.java:logGet(46)) - raft.server.log.appender.buffer.byte-limit = 33554432 (custom)
2023-04-11 11:24:35,334 [Command processor thread] INFO  ratis.XceiverServerRatis (XceiverServerRatis.java:addGroup(806)) - Created group PipelineID=7b09aed9-f2d9-418e-ae0e-d1394e011350
2023-04-11 11:24:35,339 [EventQueue-OpenPipelineForHealthyPipelineSafeModeRule] INFO  safemode.SCMSafeModeManager (HealthyPipelineSafeModeRule.java:process(137)) - SCM in safe mode. Healthy pipelines reported count is 0, required healthy pipeline reported count is 1
2023-04-11 11:24:35,349 [pool-286-thread-1] INFO  server.RaftServerConfigKeys (ConfUtils.java:logGet(46)) - raft.server.log.unsafe-flush.enabled = false (default)
2023-04-11 11:24:35,349 [pool-286-thread-1] INFO  server.RaftServerConfigKeys (ConfUtils.java:logGet(46)) - raft.server.log.async-flush.enabled = false (default)
2023-04-11 11:24:35,349 [pool-286-thread-1] INFO  server.RaftServerConfigKeys (ConfUtils.java:logGet(46)) - raft.server.log.statemachine.data.caching.enabled = true (custom)
2023-04-11 11:24:35,350 [pool-286-thread-1] INFO  segmented.SegmentedRaftLogWorker (SegmentedRaftLogWorker.java:lambda$new$0(135)) - bdac8111-12cf-4b14-9a03-ea98a7d0b884@group-D1394E011350-SegmentedRaftLogWorker: flushIndex: setUnconditionally 0 -> -1
2023-04-11 11:24:35,350 [pool-286-thread-1] INFO  segmented.SegmentedRaftLogWorker (SegmentedRaftLogWorker.java:lambda$new$0(135)) - bdac8111-12cf-4b14-9a03-ea98a7d0b884@group-D1394E011350-SegmentedRaftLogWorker: safeCacheEvictIndex: setUnconditionally 0 -> -1
2023-04-11 11:24:35,350 [pool-286-thread-1] INFO  server.RaftServer$Division (RaftServerImpl.java:start(334)) - bdac8111-12cf-4b14-9a03-ea98a7d0b884@group-D1394E011350: start as a follower, conf=-1: peers:[4797470f-ac54-44b7-9b0a-d535466dc4d7|rpc:10.1.0.37:36979|dataStream:10.1.0.37:36341|priority:0|startupRole:FOLLOWER, bdac8111-12cf-4b14-9a03-ea98a7d0b884|rpc:10.1.0.37:37629|dataStream:10.1.0.37:41845|priority:1|startupRole:FOLLOWER, 91daf988-b498-4475-b6c7-add854a09df6|rpc:10.1.0.37:41877|dataStream:10.1.0.37:33815|priority:0|startupRole:FOLLOWER]|listeners:[], old=null
2023-04-11 11:24:35,350 [pool-286-thread-1] INFO  server.RaftServer$Division (RaftServerImpl.java:setRole(321)) - bdac8111-12cf-4b14-9a03-ea98a7d0b884@group-D1394E011350: changes role from      null to FOLLOWER at term 0 for startAsFollower
2023-04-11 11:24:35,350 [pool-286-thread-1] INFO  impl.RoleInfo (RoleInfo.java:updateAndGet(139)) - bdac8111-12cf-4b14-9a03-ea98a7d0b884: start bdac8111-12cf-4b14-9a03-ea98a7d0b884@group-D1394E011350-FollowerState
2023-04-11 11:24:35,350 [pool-286-thread-1] INFO  util.JmxRegister (JmxRegister.java:tryRegister(44)) - Successfully registered JMX Bean with object name Ratis:service=RaftServer,group=group-D1394E011350,id=bdac8111-12cf-4b14-9a03-ea98a7d0b884
2023-04-11 11:24:35,350 [pool-286-thread-1] INFO  server.RaftServerConfigKeys (ConfUtils.java:logGet(46)) - raft.server.snapshot.auto.trigger.enabled = true (custom)
2023-04-11 11:24:35,350 [pool-286-thread-1] INFO  server.RaftServerConfigKeys (ConfUtils.java:logGet(46)) - raft.server.snapshot.auto.trigger.threshold = 10000 (custom)
2023-04-11 11:24:35,351 [pool-286-thread-1] INFO  server.RaftServerConfigKeys (ConfUtils.java:logGet(46)) - raft.server.snapshot.retention.file.num = 5 (custom)
2023-04-11 11:24:35,351 [pool-286-thread-1] INFO  server.RaftServerConfigKeys (ConfUtils.java:logGet(46)) - raft.server.log.purge.upto.snapshot.index = false (default)
2023-04-11 11:24:35,351 [bdac8111-12cf-4b14-9a03-ea98a7d0b884@group-D1394E011350-FollowerState] INFO  server.RaftServerConfigKeys (ConfUtils.java:logFallback(53)) - raft.server.rpc.first-election.timeout.min = 5s (fallback to raft.server.rpc.timeout.min)
2023-04-11 11:24:35,351 [bdac8111-12cf-4b14-9a03-ea98a7d0b884@group-D1394E011350-FollowerState] INFO  server.RaftServerConfigKeys (ConfUtils.java:logFallback(53)) - raft.server.rpc.first-election.timeout.max = 5200ms (fallback to raft.server.rpc.timeout.max)
2023-04-11 11:24:35,351 [Command processor thread] INFO  ratis.XceiverServerRatis (XceiverServerRatis.java:addGroup(806)) - Created group PipelineID=7b09aed9-f2d9-418e-ae0e-d1394e011350
2023-04-11 11:24:35,363 [Command processor thread] INFO  server.RaftServer (RaftServerProxy.java:addNew(96)) - 4797470f-ac54-44b7-9b0a-d535466dc4d7: addNew group-CF3AC20E158B:[4797470f-ac54-44b7-9b0a-d535466dc4d7|rpc:10.1.0.37:36979|dataStream:10.1.0.37:36341|priority:1|startupRole:FOLLOWER] returns group-CF3AC20E158B:java.util.concurrent.CompletableFuture@7f87e9ee[Not completed]
2023-04-11 11:24:35,366 [pool-330-thread-1] INFO  server.RaftServer$Division (RaftServerImpl.java:<init>(195)) - 4797470f-ac54-44b7-9b0a-d535466dc4d7: new RaftServerImpl for group-CF3AC20E158B:[4797470f-ac54-44b7-9b0a-d535466dc4d7|rpc:10.1.0.37:36979|dataStream:10.1.0.37:36341|priority:1|startupRole:FOLLOWER] with ContainerStateMachine:uninitialized
2023-04-11 11:24:35,369 [pool-330-thread-1] INFO  server.RaftServerConfigKeys (ConfUtils.java:logGet(46)) - raft.server.rpc.timeout.min = 5s (custom)
2023-04-11 11:24:35,369 [pool-330-thread-1] INFO  server.RaftServerConfigKeys (ConfUtils.java:logGet(46)) - raft.server.rpc.timeout.max = 5200ms (custom)
2023-04-11 11:24:35,369 [pool-330-thread-1] INFO  server.RaftServerConfigKeys (ConfUtils.java:logGet(46)) - raft.server.rpc.sleep.time = 25ms (default)
2023-04-11 11:24:35,369 [pool-330-thread-1] INFO  server.RaftServerConfigKeys (ConfUtils.java:logGet(46)) - raft.server.rpc.slowness.timeout = 300s (custom)
2023-04-11 11:24:35,369 [pool-330-thread-1] INFO  server.RaftServerConfigKeys (ConfUtils.java:logGet(46)) - raft.server.leaderelection.leader.step-down.wait-time = 10s (default)
2023-04-11 11:24:35,369 [pool-330-thread-1] INFO  server.RaftServerConfigKeys (ConfUtils.java:logGet(46)) - raft.server.sleep.deviation.threshold = 300ms (default)
2023-04-11 11:24:35,369 [pool-330-thread-1] INFO  server.RaftServer$Division (ServerState.java:<init>(118)) - 4797470f-ac54-44b7-9b0a-d535466dc4d7@group-CF3AC20E158B: ConfigurationManager, init=-1: peers:[4797470f-ac54-44b7-9b0a-d535466dc4d7|rpc:10.1.0.37:36979|dataStream:10.1.0.37:36341|priority:1|startupRole:FOLLOWER]|listeners:[], old=null, confs=<EMPTY_MAP>
2023-04-11 11:24:35,369 [pool-330-thread-1] INFO  server.RaftServerConfigKeys (ConfUtils.java:logGet(46)) - raft.server.storage.dir = [/home/runner/work/ozone/ozone/hadoop-ozone/integration-test/target/test-dir/MiniOzoneClusterImpl-9aae7230-fa35-4b48-a53d-d03fd74ea8aa/datanode-2/data/ratis] (custom)
2023-04-11 11:24:35,369 [pool-330-thread-1] INFO  server.RaftServerConfigKeys (ConfUtils.java:logGet(46)) - raft.server.log.corruption.policy = EXCEPTION (default)
2023-04-11 11:24:35,369 [pool-330-thread-1] INFO  server.RaftServerConfigKeys (ConfUtils.java:logGet(46)) - raft.server.storage.free-space.min = 0MB (=0) (default)
2023-04-11 11:24:35,369 [pool-330-thread-1] INFO  server.RaftServerConfigKeys (ConfUtils.java:logGet(46)) - raft.server.notification.no-leader.timeout = 300s (custom)
2023-04-11 11:24:35,369 [pool-330-thread-1] INFO  server.RaftServerConfigKeys (ConfUtils.java:logGet(46)) - raft.server.retrycache.expirytime = 600000ms (custom)
2023-04-11 11:24:35,369 [pool-330-thread-1] INFO  server.RaftServerConfigKeys (ConfUtils.java:logGet(46)) - raft.server.retrycache.statistics.expirytime = 100μs (default)
2023-04-11 11:24:35,370 [pool-330-thread-1] INFO  server.RaftServerConfigKeys (ConfUtils.java:logGet(46)) - raft.server.log.appender.install.snapshot.enabled = false (custom)
2023-04-11 11:24:35,370 [pool-330-thread-1] INFO  server.RaftServerConfigKeys (ConfUtils.java:logGet(46)) - raft.server.threadpool.server.cached = true (default)
2023-04-11 11:24:35,370 [pool-330-thread-1] INFO  server.RaftServerConfigKeys (ConfUtils.java:logGet(46)) - raft.server.threadpool.server.size = 0 (default)
2023-04-11 11:24:35,370 [pool-330-thread-1] INFO  server.RaftServerConfigKeys (ConfUtils.java:logGet(46)) - raft.server.threadpool.client.cached = true (default)
2023-04-11 11:24:35,370 [pool-330-thread-1] INFO  server.RaftServerConfigKeys (ConfUtils.java:logGet(46)) - raft.server.threadpool.client.size = 0 (default)
2023-04-11 11:24:35,370 [pool-330-thread-1] INFO  storage.RaftStorageDirectory (RaftStorageDirectoryImpl.java:analyzeStorage(137)) - The storage directory /home/runner/work/ozone/ozone/hadoop-ozone/integration-test/target/test-dir/MiniOzoneClusterImpl-9aae7230-fa35-4b48-a53d-d03fd74ea8aa/datanode-2/data/ratis/0bce1ab0-08f6-4d62-ba9f-cf3ac20e158b does not exist. Creating ...
2023-04-11 11:24:35,372 [pool-330-thread-1] INFO  storage.RaftStorageDirectory (RaftStorageDirectoryImpl.java:tryLock(231)) - Lock on /home/runner/work/ozone/ozone/hadoop-ozone/integration-test/target/test-dir/MiniOzoneClusterImpl-9aae7230-fa35-4b48-a53d-d03fd74ea8aa/datanode-2/data/ratis/0bce1ab0-08f6-4d62-ba9f-cf3ac20e158b/in_use.lock acquired by nodename 48974@fv-az590-525
2023-04-11 11:24:35,373 [pool-330-thread-1] INFO  storage.RaftStorage (RaftStorageImpl.java:format(96)) - Storage directory /home/runner/work/ozone/ozone/hadoop-ozone/integration-test/target/test-dir/MiniOzoneClusterImpl-9aae7230-fa35-4b48-a53d-d03fd74ea8aa/datanode-2/data/ratis/0bce1ab0-08f6-4d62-ba9f-cf3ac20e158b has been successfully formatted.
2023-04-11 11:24:35,374 [pool-330-thread-1] INFO  ratis.ContainerStateMachine (ContainerStateMachine.java:loadSnapshot(262)) - group-CF3AC20E158B: The snapshot info is null. Setting the last applied indexto:(t:0, i:~)
2023-04-11 11:24:35,374 [pool-330-thread-1] INFO  server.RaftServerConfigKeys (ConfUtils.java:logGet(46)) - raft.server.log.use.memory = false (default)
2023-04-11 11:24:35,374 [pool-330-thread-1] INFO  server.RaftServerConfigKeys (ConfUtils.java:logGet(46)) - raft.server.log.purge.gap = 1000000 (custom)
2023-04-11 11:24:35,374 [pool-330-thread-1] INFO  server.RaftServerConfigKeys (ConfUtils.java:logGet(46)) - raft.server.log.appender.buffer.byte-limit = 33554432 (custom)
2023-04-11 11:24:35,374 [pool-330-thread-1] INFO  server.RaftServerConfigKeys (ConfUtils.java:logGet(46)) - raft.server.log.statemachine.data.read.timeout = 1000ms (default)
2023-04-11 11:24:35,374 [pool-330-thread-1] INFO  server.RaftServerConfigKeys (ConfUtils.java:logGet(46)) - raft.server.log.purge.preservation.log.num = 0 (default)
2023-04-11 11:24:35,375 [EventQueue-PipelineReportForPipelineReportHandler] INFO  pipeline.PipelineManagerImpl (PipelineManagerImpl.java:openPipeline(367)) - Pipeline Pipeline[ Id: 0bce1ab0-08f6-4d62-ba9f-cf3ac20e158b, Nodes: 4797470f-ac54-44b7-9b0a-d535466dc4d7(fv-az590-525.scpgifznvsounmmscp2whtfmwe.cx.internal.cloudapp.net/10.1.0.37), ReplicationConfig: RATIS/ONE, State:ALLOCATED, leaderId:4797470f-ac54-44b7-9b0a-d535466dc4d7, CreationTimestamp2023-04-11T11:24:32.367Z[Etc/UTC]] moved to OPEN state
2023-04-11 11:24:35,375 [EventQueue-OpenPipelineForHealthyPipelineSafeModeRule] INFO  safemode.SCMSafeModeManager (HealthyPipelineSafeModeRule.java:process(137)) - SCM in safe mode. Healthy pipelines reported count is 0, required healthy pipeline reported count is 1
2023-04-11 11:24:35,376 [pool-330-thread-1] INFO  server.RaftServerConfigKeys (ConfUtils.java:logGet(46)) - raft.server.log.segment.size.max = 1048576 (custom)
2023-04-11 11:24:35,376 [pool-330-thread-1] INFO  server.RaftServerConfigKeys (ConfUtils.java:logGet(46)) - raft.server.log.segment.cache.num.max = 2 (custom)
2023-04-11 11:24:35,376 [pool-330-thread-1] INFO  server.RaftServerConfigKeys (ConfUtils.java:logGet(46)) - raft.server.log.segment.cache.size.max = 200MB (=209715200) (default)
2023-04-11 11:24:35,376 [pool-330-thread-1] INFO  segmented.SegmentedRaftLogWorker (SegmentedRaftLogWorker.java:<init>(189)) - new 4797470f-ac54-44b7-9b0a-d535466dc4d7@group-CF3AC20E158B-SegmentedRaftLogWorker for RaftStorageImpl:Storage Directory /home/runner/work/ozone/ozone/hadoop-ozone/integration-test/target/test-dir/MiniOzoneClusterImpl-9aae7230-fa35-4b48-a53d-d03fd74ea8aa/datanode-2/data/ratis/0bce1ab0-08f6-4d62-ba9f-cf3ac20e158b
2023-04-11 11:24:35,376 [pool-330-thread-1] INFO  server.RaftServerConfigKeys (ConfUtils.java:logGet(46)) - raft.server.log.queue.byte-limit = 4294967296 (custom)
2023-04-11 11:24:35,376 [pool-330-thread-1] INFO  server.RaftServerConfigKeys (ConfUtils.java:logGet(46)) - raft.server.log.queue.element-limit = 1024 (custom)
2023-04-11 11:24:35,376 [pool-330-thread-1] INFO  server.RaftServerConfigKeys (ConfUtils.java:logGet(46)) - raft.server.log.segment.size.max = 1048576 (custom)
2023-04-11 11:24:35,376 [pool-330-thread-1] INFO  server.RaftServerConfigKeys (ConfUtils.java:logGet(46)) - raft.server.log.preallocated.size = 16384 (custom)
2023-04-11 11:24:35,376 [pool-330-thread-1] INFO  server.RaftServerConfigKeys (ConfUtils.java:logGet(46)) - raft.server.log.force.sync.num = 128 (default)
2023-04-11 11:24:35,376 [pool-330-thread-1] INFO  server.RaftServerConfigKeys (ConfUtils.java:logGet(46)) - raft.server.log.statemachine.data.sync = true (default)
2023-04-11 11:24:35,376 [pool-330-thread-1] INFO  server.RaftServerConfigKeys (ConfUtils.java:logGet(46)) - raft.server.log.statemachine.data.sync.timeout = 10s (default)
2023-04-11 11:24:35,376 [pool-330-thread-1] INFO  server.RaftServerConfigKeys (ConfUtils.java:logGet(46)) - raft.server.log.statemachine.data.sync.timeout.retry = -1 (default)
2023-04-11 11:24:35,377 [pool-330-thread-1] INFO  server.RaftServerConfigKeys (ConfUtils.java:logGet(46)) - raft.server.log.write.buffer.size = 1048576 (custom)
2023-04-11 11:24:35,377 [pool-330-thread-1] INFO  server.RaftServerConfigKeys (ConfUtils.java:logGet(46)) - raft.server.log.appender.buffer.byte-limit = 33554432 (custom)
2023-04-11 11:24:35,383 [pool-330-thread-1] INFO  server.RaftServerConfigKeys (ConfUtils.java:logGet(46)) - raft.server.log.unsafe-flush.enabled = false (default)
2023-04-11 11:24:35,383 [pool-330-thread-1] INFO  server.RaftServerConfigKeys (ConfUtils.java:logGet(46)) - raft.server.log.async-flush.enabled = false (default)
2023-04-11 11:24:35,383 [pool-330-thread-1] INFO  server.RaftServerConfigKeys (ConfUtils.java:logGet(46)) - raft.server.log.statemachine.data.caching.enabled = true (custom)
2023-04-11 11:24:35,383 [pool-330-thread-1] INFO  segmented.SegmentedRaftLogWorker (SegmentedRaftLogWorker.java:lambda$new$0(135)) - 4797470f-ac54-44b7-9b0a-d535466dc4d7@group-CF3AC20E158B-SegmentedRaftLogWorker: flushIndex: setUnconditionally 0 -> -1
2023-04-11 11:24:35,383 [pool-330-thread-1] INFO  segmented.SegmentedRaftLogWorker (SegmentedRaftLogWorker.java:lambda$new$0(135)) - 4797470f-ac54-44b7-9b0a-d535466dc4d7@group-CF3AC20E158B-SegmentedRaftLogWorker: safeCacheEvictIndex: setUnconditionally 0 -> -1
2023-04-11 11:24:35,384 [pool-330-thread-1] INFO  server.RaftServer$Division (RaftServerImpl.java:start(334)) - 4797470f-ac54-44b7-9b0a-d535466dc4d7@group-CF3AC20E158B: start as a follower, conf=-1: peers:[4797470f-ac54-44b7-9b0a-d535466dc4d7|rpc:10.1.0.37:36979|dataStream:10.1.0.37:36341|priority:1|startupRole:FOLLOWER]|listeners:[], old=null
2023-04-11 11:24:35,384 [pool-330-thread-1] INFO  server.RaftServer$Division (RaftServerImpl.java:setRole(321)) - 4797470f-ac54-44b7-9b0a-d535466dc4d7@group-CF3AC20E158B: changes role from      null to FOLLOWER at term 0 for startAsFollower
2023-04-11 11:24:35,384 [pool-330-thread-1] INFO  impl.RoleInfo (RoleInfo.java:updateAndGet(139)) - 4797470f-ac54-44b7-9b0a-d535466dc4d7: start 4797470f-ac54-44b7-9b0a-d535466dc4d7@group-CF3AC20E158B-FollowerState
2023-04-11 11:24:35,388 [4797470f-ac54-44b7-9b0a-d535466dc4d7@group-CF3AC20E158B-FollowerState] INFO  server.RaftServerConfigKeys (ConfUtils.java:logFallback(53)) - raft.server.rpc.first-election.timeout.min = 5s (fallback to raft.server.rpc.timeout.min)
2023-04-11 11:24:35,388 [4797470f-ac54-44b7-9b0a-d535466dc4d7@group-CF3AC20E158B-FollowerState] INFO  server.RaftServerConfigKeys (ConfUtils.java:logFallback(53)) - raft.server.rpc.first-election.timeout.max = 5200ms (fallback to raft.server.rpc.timeout.max)
2023-04-11 11:24:35,390 [pool-330-thread-1] INFO  util.JmxRegister (JmxRegister.java:tryRegister(44)) - Successfully registered JMX Bean with object name Ratis:service=RaftServer,group=group-CF3AC20E158B,id=4797470f-ac54-44b7-9b0a-d535466dc4d7
2023-04-11 11:24:35,390 [pool-330-thread-1] INFO  server.RaftServerConfigKeys (ConfUtils.java:logGet(46)) - raft.server.snapshot.auto.trigger.enabled = true (custom)
2023-04-11 11:24:35,390 [pool-330-thread-1] INFO  server.RaftServerConfigKeys (ConfUtils.java:logGet(46)) - raft.server.snapshot.auto.trigger.threshold = 10000 (custom)
2023-04-11 11:24:35,390 [pool-330-thread-1] INFO  server.RaftServerConfigKeys (ConfUtils.java:logGet(46)) - raft.server.snapshot.retention.file.num = 5 (custom)
2023-04-11 11:24:35,390 [pool-330-thread-1] INFO  server.RaftServerConfigKeys (ConfUtils.java:logGet(46)) - raft.server.log.purge.upto.snapshot.index = false (default)
2023-04-11 11:24:35,391 [Command processor thread] INFO  ratis.XceiverServerRatis (XceiverServerRatis.java:addGroup(806)) - Created group PipelineID=0bce1ab0-08f6-4d62-ba9f-cf3ac20e158b
2023-04-11 11:24:35,391 [Command processor thread] INFO  commandhandler.CreatePipelineCommandHandler (CreatePipelineCommandHandler.java:handle(113)) - Created Pipeline RATIS ONE PipelineID=0bce1ab0-08f6-4d62-ba9f-cf3ac20e158b.
2023-04-11 11:24:35,392 [Command processor thread] INFO  server.RaftServer (RaftServerProxy.java:addNew(96)) - 4797470f-ac54-44b7-9b0a-d535466dc4d7: addNew group-D1394E011350:[4797470f-ac54-44b7-9b0a-d535466dc4d7|rpc:10.1.0.37:36979|dataStream:10.1.0.37:36341|priority:0|startupRole:FOLLOWER, bdac8111-12cf-4b14-9a03-ea98a7d0b884|rpc:10.1.0.37:37629|dataStream:10.1.0.37:41845|priority:1|startupRole:FOLLOWER, 91daf988-b498-4475-b6c7-add854a09df6|rpc:10.1.0.37:41877|dataStream:10.1.0.37:33815|priority:0|startupRole:FOLLOWER] returns group-D1394E011350:java.util.concurrent.CompletableFuture@7140186e[Not completed]
2023-04-11 11:24:35,393 [pool-330-thread-1] INFO  server.RaftServer$Division (RaftServerImpl.java:<init>(195)) - 4797470f-ac54-44b7-9b0a-d535466dc4d7: new RaftServerImpl for group-D1394E011350:[4797470f-ac54-44b7-9b0a-d535466dc4d7|rpc:10.1.0.37:36979|dataStream:10.1.0.37:36341|priority:0|startupRole:FOLLOWER, bdac8111-12cf-4b14-9a03-ea98a7d0b884|rpc:10.1.0.37:37629|dataStream:10.1.0.37:41845|priority:1|startupRole:FOLLOWER, 91daf988-b498-4475-b6c7-add854a09df6|rpc:10.1.0.37:41877|dataStream:10.1.0.37:33815|priority:0|startupRole:FOLLOWER] with ContainerStateMachine:uninitialized
2023-04-11 11:24:35,393 [pool-330-thread-1] INFO  server.RaftServerConfigKeys (ConfUtils.java:logGet(46)) - raft.server.rpc.timeout.min = 5s (custom)
2023-04-11 11:24:35,393 [pool-330-thread-1] INFO  server.RaftServerConfigKeys (ConfUtils.java:logGet(46)) - raft.server.rpc.timeout.max = 5200ms (custom)
2023-04-11 11:24:35,393 [pool-330-thread-1] INFO  server.RaftServerConfigKeys (ConfUtils.java:logGet(46)) - raft.server.rpc.sleep.time = 25ms (default)
2023-04-11 11:24:35,393 [pool-330-thread-1] INFO  server.RaftServerConfigKeys (ConfUtils.java:logGet(46)) - raft.server.rpc.slowness.timeout = 300s (custom)
2023-04-11 11:24:35,393 [pool-330-thread-1] INFO  server.RaftServerConfigKeys (ConfUtils.java:logGet(46)) - raft.server.leaderelection.leader.step-down.wait-time = 10s (default)
2023-04-11 11:24:35,393 [pool-330-thread-1] INFO  server.RaftServerConfigKeys (ConfUtils.java:logGet(46)) - raft.server.sleep.deviation.threshold = 300ms (default)
2023-04-11 11:24:35,393 [pool-330-thread-1] INFO  server.RaftServer$Division (ServerState.java:<init>(118)) - 4797470f-ac54-44b7-9b0a-d535466dc4d7@group-D1394E011350: ConfigurationManager, init=-1: peers:[4797470f-ac54-44b7-9b0a-d535466dc4d7|rpc:10.1.0.37:36979|dataStream:10.1.0.37:36341|priority:0|startupRole:FOLLOWER, bdac8111-12cf-4b14-9a03-ea98a7d0b884|rpc:10.1.0.37:37629|dataStream:10.1.0.37:41845|priority:1|startupRole:FOLLOWER, 91daf988-b498-4475-b6c7-add854a09df6|rpc:10.1.0.37:41877|dataStream:10.1.0.37:33815|priority:0|startupRole:FOLLOWER]|listeners:[], old=null, confs=<EMPTY_MAP>
2023-04-11 11:24:35,393 [pool-330-thread-1] INFO  server.RaftServerConfigKeys (ConfUtils.java:logGet(46)) - raft.server.storage.dir = [/home/runner/work/ozone/ozone/hadoop-ozone/integration-test/target/test-dir/MiniOzoneClusterImpl-9aae7230-fa35-4b48-a53d-d03fd74ea8aa/datanode-2/data/ratis] (custom)
2023-04-11 11:24:35,393 [pool-330-thread-1] INFO  server.RaftServerConfigKeys (ConfUtils.java:logGet(46)) - raft.server.log.corruption.policy = EXCEPTION (default)
2023-04-11 11:24:35,393 [pool-330-thread-1] INFO  server.RaftServerConfigKeys (ConfUtils.java:logGet(46)) - raft.server.storage.free-space.min = 0MB (=0) (default)
2023-04-11 11:24:35,393 [pool-330-thread-1] INFO  server.RaftServerConfigKeys (ConfUtils.java:logGet(46)) - raft.server.notification.no-leader.timeout = 300s (custom)
2023-04-11 11:24:35,393 [pool-330-thread-1] INFO  server.RaftServerConfigKeys (ConfUtils.java:logGet(46)) - raft.server.retrycache.expirytime = 600000ms (custom)
2023-04-11 11:24:35,393 [pool-330-thread-1] INFO  server.RaftServerConfigKeys (ConfUtils.java:logGet(46)) - raft.server.retrycache.statistics.expirytime = 100μs (default)
2023-04-11 11:24:35,394 [pool-330-thread-1] INFO  server.RaftServerConfigKeys (ConfUtils.java:logGet(46)) - raft.server.log.appender.install.snapshot.enabled = false (custom)
2023-04-11 11:24:35,394 [pool-330-thread-1] INFO  server.RaftServerConfigKeys (ConfUtils.java:logGet(46)) - raft.server.threadpool.server.cached = true (default)
2023-04-11 11:24:35,394 [pool-330-thread-1] INFO  server.RaftServerConfigKeys (ConfUtils.java:logGet(46)) - raft.server.threadpool.server.size = 0 (default)
2023-04-11 11:24:35,394 [pool-330-thread-1] INFO  server.RaftServerConfigKeys (ConfUtils.java:logGet(46)) - raft.server.threadpool.client.cached = true (default)
2023-04-11 11:24:35,394 [pool-330-thread-1] INFO  server.RaftServerConfigKeys (ConfUtils.java:logGet(46)) - raft.server.threadpool.client.size = 0 (default)
2023-04-11 11:24:35,394 [pool-330-thread-1] INFO  storage.RaftStorageDirectory (RaftStorageDirectoryImpl.java:analyzeStorage(137)) - The storage directory /home/runner/work/ozone/ozone/hadoop-ozone/integration-test/target/test-dir/MiniOzoneClusterImpl-9aae7230-fa35-4b48-a53d-d03fd74ea8aa/datanode-2/data/ratis/7b09aed9-f2d9-418e-ae0e-d1394e011350 does not exist. Creating ...
2023-04-11 11:24:35,397 [pool-330-thread-1] INFO  storage.RaftStorageDirectory (RaftStorageDirectoryImpl.java:tryLock(231)) - Lock on /home/runner/work/ozone/ozone/hadoop-ozone/integration-test/target/test-dir/MiniOzoneClusterImpl-9aae7230-fa35-4b48-a53d-d03fd74ea8aa/datanode-2/data/ratis/7b09aed9-f2d9-418e-ae0e-d1394e011350/in_use.lock acquired by nodename 48974@fv-az590-525
2023-04-11 11:24:35,408 [pool-330-thread-1] INFO  storage.RaftStorage (RaftStorageImpl.java:format(96)) - Storage directory /home/runner/work/ozone/ozone/hadoop-ozone/integration-test/target/test-dir/MiniOzoneClusterImpl-9aae7230-fa35-4b48-a53d-d03fd74ea8aa/datanode-2/data/ratis/7b09aed9-f2d9-418e-ae0e-d1394e011350 has been successfully formatted.
2023-04-11 11:24:35,409 [pool-330-thread-1] INFO  ratis.ContainerStateMachine (ContainerStateMachine.java:loadSnapshot(262)) - group-D1394E011350: The snapshot info is null. Setting the last applied indexto:(t:0, i:~)
2023-04-11 11:24:35,409 [pool-330-thread-1] INFO  server.RaftServerConfigKeys (ConfUtils.java:logGet(46)) - raft.server.log.use.memory = false (default)
2023-04-11 11:24:35,410 [EventQueue-OpenPipelineForHealthyPipelineSafeModeRule] INFO  safemode.SCMSafeModeManager (HealthyPipelineSafeModeRule.java:process(137)) - SCM in safe mode. Healthy pipelines reported count is 0, required healthy pipeline reported count is 1
2023-04-11 11:24:35,410 [pool-330-thread-1] INFO  server.RaftServerConfigKeys (ConfUtils.java:logGet(46)) - raft.server.log.purge.gap = 1000000 (custom)
2023-04-11 11:24:35,410 [pool-330-thread-1] INFO  server.RaftServerConfigKeys (ConfUtils.java:logGet(46)) - raft.server.log.appender.buffer.byte-limit = 33554432 (custom)
2023-04-11 11:24:35,410 [pool-330-thread-1] INFO  server.RaftServerConfigKeys (ConfUtils.java:logGet(46)) - raft.server.log.statemachine.data.read.timeout = 1000ms (default)
2023-04-11 11:24:35,410 [pool-330-thread-1] INFO  server.RaftServerConfigKeys (ConfUtils.java:logGet(46)) - raft.server.log.purge.preservation.log.num = 0 (default)
2023-04-11 11:24:35,410 [pool-330-thread-1] INFO  server.RaftServerConfigKeys (ConfUtils.java:logGet(46)) - raft.server.log.segment.size.max = 1048576 (custom)
2023-04-11 11:24:35,411 [pool-330-thread-1] INFO  server.RaftServerConfigKeys (ConfUtils.java:logGet(46)) - raft.server.log.segment.cache.num.max = 2 (custom)
2023-04-11 11:24:35,411 [pool-330-thread-1] INFO  server.RaftServerConfigKeys (ConfUtils.java:logGet(46)) - raft.server.log.segment.cache.size.max = 200MB (=209715200) (default)
2023-04-11 11:24:35,411 [pool-330-thread-1] INFO  segmented.SegmentedRaftLogWorker (SegmentedRaftLogWorker.java:<init>(189)) - new 4797470f-ac54-44b7-9b0a-d535466dc4d7@group-D1394E011350-SegmentedRaftLogWorker for RaftStorageImpl:Storage Directory /home/runner/work/ozone/ozone/hadoop-ozone/integration-test/target/test-dir/MiniOzoneClusterImpl-9aae7230-fa35-4b48-a53d-d03fd74ea8aa/datanode-2/data/ratis/7b09aed9-f2d9-418e-ae0e-d1394e011350
2023-04-11 11:24:35,411 [pool-330-thread-1] INFO  server.RaftServerConfigKeys (ConfUtils.java:logGet(46)) - raft.server.log.queue.byte-limit = 4294967296 (custom)
2023-04-11 11:24:35,411 [pool-330-thread-1] INFO  server.RaftServerConfigKeys (ConfUtils.java:logGet(46)) - raft.server.log.queue.element-limit = 1024 (custom)
2023-04-11 11:24:35,411 [pool-330-thread-1] INFO  server.RaftServerConfigKeys (ConfUtils.java:logGet(46)) - raft.server.log.segment.size.max = 1048576 (custom)
2023-04-11 11:24:35,411 [pool-330-thread-1] INFO  server.RaftServerConfigKeys (ConfUtils.java:logGet(46)) - raft.server.log.preallocated.size = 16384 (custom)
2023-04-11 11:24:35,411 [pool-330-thread-1] INFO  server.RaftServerConfigKeys (ConfUtils.java:logGet(46)) - raft.server.log.force.sync.num = 128 (default)
2023-04-11 11:24:35,411 [pool-330-thread-1] INFO  server.RaftServerConfigKeys (ConfUtils.java:logGet(46)) - raft.server.log.statemachine.data.sync = true (default)
2023-04-11 11:24:35,411 [pool-330-thread-1] INFO  server.RaftServerConfigKeys (ConfUtils.java:logGet(46)) - raft.server.log.statemachine.data.sync.timeout = 10s (default)
2023-04-11 11:24:35,411 [pool-330-thread-1] INFO  server.RaftServerConfigKeys (ConfUtils.java:logGet(46)) - raft.server.log.statemachine.data.sync.timeout.retry = -1 (default)
2023-04-11 11:24:35,412 [pool-330-thread-1] INFO  server.RaftServerConfigKeys (ConfUtils.java:logGet(46)) - raft.server.log.write.buffer.size = 1048576 (custom)
2023-04-11 11:24:35,412 [pool-330-thread-1] INFO  server.RaftServerConfigKeys (ConfUtils.java:logGet(46)) - raft.server.log.appender.buffer.byte-limit = 33554432 (custom)
2023-04-11 11:24:35,419 [pool-330-thread-1] INFO  server.RaftServerConfigKeys (ConfUtils.java:logGet(46)) - raft.server.log.unsafe-flush.enabled = false (default)
2023-04-11 11:24:35,419 [pool-330-thread-1] INFO  server.RaftServerConfigKeys (ConfUtils.java:logGet(46)) - raft.server.log.async-flush.enabled = false (default)
2023-04-11 11:24:35,419 [pool-330-thread-1] INFO  server.RaftServerConfigKeys (ConfUtils.java:logGet(46)) - raft.server.log.statemachine.data.caching.enabled = true (custom)
2023-04-11 11:24:35,420 [pool-330-thread-1] INFO  segmented.SegmentedRaftLogWorker (SegmentedRaftLogWorker.java:lambda$new$0(135)) - 4797470f-ac54-44b7-9b0a-d535466dc4d7@group-D1394E011350-SegmentedRaftLogWorker: flushIndex: setUnconditionally 0 -> -1
2023-04-11 11:24:35,420 [pool-330-thread-1] INFO  segmented.SegmentedRaftLogWorker (SegmentedRaftLogWorker.java:lambda$new$0(135)) - 4797470f-ac54-44b7-9b0a-d535466dc4d7@group-D1394E011350-SegmentedRaftLogWorker: safeCacheEvictIndex: setUnconditionally 0 -> -1
2023-04-11 11:24:35,420 [pool-330-thread-1] INFO  server.RaftServer$Division (RaftServerImpl.java:start(334)) - 4797470f-ac54-44b7-9b0a-d535466dc4d7@group-D1394E011350: start as a follower, conf=-1: peers:[4797470f-ac54-44b7-9b0a-d535466dc4d7|rpc:10.1.0.37:36979|dataStream:10.1.0.37:36341|priority:0|startupRole:FOLLOWER, bdac8111-12cf-4b14-9a03-ea98a7d0b884|rpc:10.1.0.37:37629|dataStream:10.1.0.37:41845|priority:1|startupRole:FOLLOWER, 91daf988-b498-4475-b6c7-add854a09df6|rpc:10.1.0.37:41877|dataStream:10.1.0.37:33815|priority:0|startupRole:FOLLOWER]|listeners:[], old=null
2023-04-11 11:24:35,420 [pool-330-thread-1] INFO  server.RaftServer$Division (RaftServerImpl.java:setRole(321)) - 4797470f-ac54-44b7-9b0a-d535466dc4d7@group-D1394E011350: changes role from      null to FOLLOWER at term 0 for startAsFollower
2023-04-11 11:24:35,420 [pool-330-thread-1] INFO  impl.RoleInfo (RoleInfo.java:updateAndGet(139)) - 4797470f-ac54-44b7-9b0a-d535466dc4d7: start 4797470f-ac54-44b7-9b0a-d535466dc4d7@group-D1394E011350-FollowerState
2023-04-11 11:24:35,420 [4797470f-ac54-44b7-9b0a-d535466dc4d7@group-D1394E011350-FollowerState] INFO  server.RaftServerConfigKeys (ConfUtils.java:logFallback(53)) - raft.server.rpc.first-election.timeout.min = 5s (fallback to raft.server.rpc.timeout.min)
2023-04-11 11:24:35,421 [4797470f-ac54-44b7-9b0a-d535466dc4d7@group-D1394E011350-FollowerState] INFO  server.RaftServerConfigKeys (ConfUtils.java:logFallback(53)) - raft.server.rpc.first-election.timeout.max = 5200ms (fallback to raft.server.rpc.timeout.max)
2023-04-11 11:24:35,428 [pool-330-thread-1] INFO  util.JmxRegister (JmxRegister.java:tryRegister(44)) - Successfully registered JMX Bean with object name Ratis:service=RaftServer,group=group-D1394E011350,id=4797470f-ac54-44b7-9b0a-d535466dc4d7
2023-04-11 11:24:35,428 [pool-330-thread-1] INFO  server.RaftServerConfigKeys (ConfUtils.java:logGet(46)) - raft.server.snapshot.auto.trigger.enabled = true (custom)
2023-04-11 11:24:35,428 [pool-330-thread-1] INFO  server.RaftServerConfigKeys (ConfUtils.java:logGet(46)) - raft.server.snapshot.auto.trigger.threshold = 10000 (custom)
2023-04-11 11:24:35,428 [pool-330-thread-1] INFO  server.RaftServerConfigKeys (ConfUtils.java:logGet(46)) - raft.server.snapshot.retention.file.num = 5 (custom)
2023-04-11 11:24:35,428 [pool-330-thread-1] INFO  server.RaftServerConfigKeys (ConfUtils.java:logGet(46)) - raft.server.log.purge.upto.snapshot.index = false (default)
2023-04-11 11:24:35,433 [Command processor thread] INFO  ratis.XceiverServerRatis (XceiverServerRatis.java:addGroup(806)) - Created group PipelineID=7b09aed9-f2d9-418e-ae0e-d1394e011350
2023-04-11 11:24:35,446 [Command processor thread] INFO  commandhandler.CreatePipelineCommandHandler (CreatePipelineCommandHandler.java:handle(113)) - Created Pipeline RATIS THREE PipelineID=7b09aed9-f2d9-418e-ae0e-d1394e011350.
2023-04-11 11:24:35,459 [Command processor thread] INFO  commandhandler.CreatePipelineCommandHandler (CreatePipelineCommandHandler.java:handle(113)) - Created Pipeline RATIS THREE PipelineID=7b09aed9-f2d9-418e-ae0e-d1394e011350.
2023-04-11 11:24:35,478 [Command processor thread] INFO  commandhandler.CreatePipelineCommandHandler (CreatePipelineCommandHandler.java:handle(113)) - Created Pipeline RATIS THREE PipelineID=7b09aed9-f2d9-418e-ae0e-d1394e011350.
2023-04-11 11:24:35,720 [Command processor thread] INFO  server.RaftServer (RaftServerProxy.java:addNew(96)) - 54dbd36c-297a-448a-bb41-2352e1c524ac: addNew group-A6FFC0219441:[54dbd36c-297a-448a-bb41-2352e1c524ac|rpc:10.1.0.37:44613|dataStream:10.1.0.37:42647|priority:1|startupRole:FOLLOWER] returns group-A6FFC0219441:java.util.concurrent.CompletableFuture@763f24a9[Not completed]
2023-04-11 11:24:35,723 [pool-352-thread-1] INFO  server.RaftServer$Division (RaftServerImpl.java:<init>(195)) - 54dbd36c-297a-448a-bb41-2352e1c524ac: new RaftServerImpl for group-A6FFC0219441:[54dbd36c-297a-448a-bb41-2352e1c524ac|rpc:10.1.0.37:44613|dataStream:10.1.0.37:42647|priority:1|startupRole:FOLLOWER] with ContainerStateMachine:uninitialized
2023-04-11 11:24:35,723 [pool-352-thread-1] INFO  server.RaftServerConfigKeys (ConfUtils.java:logGet(46)) - raft.server.rpc.timeout.min = 5s (custom)
2023-04-11 11:24:35,723 [pool-352-thread-1] INFO  server.RaftServerConfigKeys (ConfUtils.java:logGet(46)) - raft.server.rpc.timeout.max = 5200ms (custom)
2023-04-11 11:24:35,723 [pool-352-thread-1] INFO  server.RaftServerConfigKeys (ConfUtils.java:logGet(46)) - raft.server.rpc.sleep.time = 25ms (default)
2023-04-11 11:24:35,723 [pool-352-thread-1] INFO  server.RaftServerConfigKeys (ConfUtils.java:logGet(46)) - raft.server.rpc.slowness.timeout = 300s (custom)
2023-04-11 11:24:35,723 [pool-352-thread-1] INFO  server.RaftServerConfigKeys (ConfUtils.java:logGet(46)) - raft.server.leaderelection.leader.step-down.wait-time = 10s (default)
2023-04-11 11:24:35,723 [pool-352-thread-1] INFO  server.RaftServerConfigKeys (ConfUtils.java:logGet(46)) - raft.server.sleep.deviation.threshold = 300ms (default)
2023-04-11 11:24:35,723 [pool-352-thread-1] INFO  server.RaftServer$Division (ServerState.java:<init>(118)) - 54dbd36c-297a-448a-bb41-2352e1c524ac@group-A6FFC0219441: ConfigurationManager, init=-1: peers:[54dbd36c-297a-448a-bb41-2352e1c524ac|rpc:10.1.0.37:44613|dataStream:10.1.0.37:42647|priority:1|startupRole:FOLLOWER]|listeners:[], old=null, confs=<EMPTY_MAP>
2023-04-11 11:24:35,723 [pool-352-thread-1] INFO  server.RaftServerConfigKeys (ConfUtils.java:logGet(46)) - raft.server.storage.dir = [/home/runner/work/ozone/ozone/hadoop-ozone/integration-test/target/test-dir/MiniOzoneClusterImpl-9aae7230-fa35-4b48-a53d-d03fd74ea8aa/datanode-3/data/ratis] (custom)
2023-04-11 11:24:35,723 [pool-352-thread-1] INFO  server.RaftServerConfigKeys (ConfUtils.java:logGet(46)) - raft.server.log.corruption.policy = EXCEPTION (default)
2023-04-11 11:24:35,723 [pool-352-thread-1] INFO  server.RaftServerConfigKeys (ConfUtils.java:logGet(46)) - raft.server.storage.free-space.min = 0MB (=0) (default)
2023-04-11 11:24:35,723 [pool-352-thread-1] INFO  server.RaftServerConfigKeys (ConfUtils.java:logGet(46)) - raft.server.notification.no-leader.timeout = 300s (custom)
2023-04-11 11:24:35,723 [pool-352-thread-1] INFO  server.RaftServerConfigKeys (ConfUtils.java:logGet(46)) - raft.server.retrycache.expirytime = 600000ms (custom)
2023-04-11 11:24:35,724 [pool-352-thread-1] INFO  server.RaftServerConfigKeys (ConfUtils.java:logGet(46)) - raft.server.retrycache.statistics.expirytime = 100μs (default)
2023-04-11 11:24:35,724 [pool-352-thread-1] INFO  server.RaftServerConfigKeys (ConfUtils.java:logGet(46)) - raft.server.log.appender.install.snapshot.enabled = false (custom)
2023-04-11 11:24:35,724 [pool-352-thread-1] INFO  server.RaftServerConfigKeys (ConfUtils.java:logGet(46)) - raft.server.threadpool.server.cached = true (default)
2023-04-11 11:24:35,724 [pool-352-thread-1] INFO  server.RaftServerConfigKeys (ConfUtils.java:logGet(46)) - raft.server.threadpool.server.size = 0 (default)
2023-04-11 11:24:35,724 [pool-352-thread-1] INFO  server.RaftServerConfigKeys (ConfUtils.java:logGet(46)) - raft.server.threadpool.client.cached = true (default)
2023-04-11 11:24:35,724 [pool-352-thread-1] INFO  server.RaftServerConfigKeys (ConfUtils.java:logGet(46)) - raft.server.threadpool.client.size = 0 (default)
2023-04-11 11:24:35,725 [pool-352-thread-1] INFO  storage.RaftStorageDirectory (RaftStorageDirectoryImpl.java:analyzeStorage(137)) - The storage directory /home/runner/work/ozone/ozone/hadoop-ozone/integration-test/target/test-dir/MiniOzoneClusterImpl-9aae7230-fa35-4b48-a53d-d03fd74ea8aa/datanode-3/data/ratis/755abec9-2bfe-46d6-a368-a6ffc0219441 does not exist. Creating ...
2023-04-11 11:24:35,726 [pool-352-thread-1] INFO  storage.RaftStorageDirectory (RaftStorageDirectoryImpl.java:tryLock(231)) - Lock on /home/runner/work/ozone/ozone/hadoop-ozone/integration-test/target/test-dir/MiniOzoneClusterImpl-9aae7230-fa35-4b48-a53d-d03fd74ea8aa/datanode-3/data/ratis/755abec9-2bfe-46d6-a368-a6ffc0219441/in_use.lock acquired by nodename 48974@fv-az590-525
2023-04-11 11:24:35,727 [pool-352-thread-1] INFO  storage.RaftStorage (RaftStorageImpl.java:format(96)) - Storage directory /home/runner/work/ozone/ozone/hadoop-ozone/integration-test/target/test-dir/MiniOzoneClusterImpl-9aae7230-fa35-4b48-a53d-d03fd74ea8aa/datanode-3/data/ratis/755abec9-2bfe-46d6-a368-a6ffc0219441 has been successfully formatted.
2023-04-11 11:24:35,729 [pool-352-thread-1] INFO  ratis.ContainerStateMachine (ContainerStateMachine.java:loadSnapshot(262)) - group-A6FFC0219441: The snapshot info is null. Setting the last applied indexto:(t:0, i:~)
2023-04-11 11:24:35,729 [pool-352-thread-1] INFO  server.RaftServerConfigKeys (ConfUtils.java:logGet(46)) - raft.server.log.use.memory = false (default)
2023-04-11 11:24:35,729 [pool-352-thread-1] INFO  server.RaftServerConfigKeys (ConfUtils.java:logGet(46)) - raft.server.log.purge.gap = 1000000 (custom)
2023-04-11 11:24:35,732 [EventQueue-PipelineReportForPipelineReportHandler] INFO  pipeline.PipelineManagerImpl (PipelineManagerImpl.java:openPipeline(367)) - Pipeline Pipeline[ Id: 755abec9-2bfe-46d6-a368-a6ffc0219441, Nodes: 54dbd36c-297a-448a-bb41-2352e1c524ac(fv-az590-525.scpgifznvsounmmscp2whtfmwe.cx.internal.cloudapp.net/10.1.0.37), ReplicationConfig: RATIS/ONE, State:ALLOCATED, leaderId:54dbd36c-297a-448a-bb41-2352e1c524ac, CreationTimestamp2023-04-11T11:24:32.720Z[Etc/UTC]] moved to OPEN state
2023-04-11 11:24:35,732 [EventQueue-OpenPipelineForHealthyPipelineSafeModeRule] INFO  safemode.SCMSafeModeManager (HealthyPipelineSafeModeRule.java:process(137)) - SCM in safe mode. Healthy pipelines reported count is 0, required healthy pipeline reported count is 1
2023-04-11 11:24:35,733 [pool-352-thread-1] INFO  server.RaftServerConfigKeys (ConfUtils.java:logGet(46)) - raft.server.log.appender.buffer.byte-limit = 33554432 (custom)
2023-04-11 11:24:35,733 [pool-352-thread-1] INFO  server.RaftServerConfigKeys (ConfUtils.java:logGet(46)) - raft.server.log.statemachine.data.read.timeout = 1000ms (default)
2023-04-11 11:24:35,733 [pool-352-thread-1] INFO  server.RaftServerConfigKeys (ConfUtils.java:logGet(46)) - raft.server.log.purge.preservation.log.num = 0 (default)
2023-04-11 11:24:35,733 [pool-352-thread-1] INFO  server.RaftServerConfigKeys (ConfUtils.java:logGet(46)) - raft.server.log.segment.size.max = 1048576 (custom)
2023-04-11 11:24:35,733 [pool-352-thread-1] INFO  server.RaftServerConfigKeys (ConfUtils.java:logGet(46)) - raft.server.log.segment.cache.num.max = 2 (custom)
2023-04-11 11:24:35,734 [pool-352-thread-1] INFO  server.RaftServerConfigKeys (ConfUtils.java:logGet(46)) - raft.server.log.segment.cache.size.max = 200MB (=209715200) (default)
2023-04-11 11:24:35,734 [pool-352-thread-1] INFO  segmented.SegmentedRaftLogWorker (SegmentedRaftLogWorker.java:<init>(189)) - new 54dbd36c-297a-448a-bb41-2352e1c524ac@group-A6FFC0219441-SegmentedRaftLogWorker for RaftStorageImpl:Storage Directory /home/runner/work/ozone/ozone/hadoop-ozone/integration-test/target/test-dir/MiniOzoneClusterImpl-9aae7230-fa35-4b48-a53d-d03fd74ea8aa/datanode-3/data/ratis/755abec9-2bfe-46d6-a368-a6ffc0219441
2023-04-11 11:24:35,734 [pool-352-thread-1] INFO  server.RaftServerConfigKeys (ConfUtils.java:logGet(46)) - raft.server.log.queue.byte-limit = 4294967296 (custom)
2023-04-11 11:24:35,734 [pool-352-thread-1] INFO  server.RaftServerConfigKeys (ConfUtils.java:logGet(46)) - raft.server.log.queue.element-limit = 1024 (custom)
2023-04-11 11:24:35,734 [pool-352-thread-1] INFO  server.RaftServerConfigKeys (ConfUtils.java:logGet(46)) - raft.server.log.segment.size.max = 1048576 (custom)
2023-04-11 11:24:35,734 [pool-352-thread-1] INFO  server.RaftServerConfigKeys (ConfUtils.java:logGet(46)) - raft.server.log.preallocated.size = 16384 (custom)
2023-04-11 11:24:35,734 [pool-352-thread-1] INFO  server.RaftServerConfigKeys (ConfUtils.java:logGet(46)) - raft.server.log.force.sync.num = 128 (default)
2023-04-11 11:24:35,734 [pool-352-thread-1] INFO  server.RaftServerConfigKeys (ConfUtils.java:logGet(46)) - raft.server.log.statemachine.data.sync = true (default)
2023-04-11 11:24:35,734 [pool-352-thread-1] INFO  server.RaftServerConfigKeys (ConfUtils.java:logGet(46)) - raft.server.log.statemachine.data.sync.timeout = 10s (default)
2023-04-11 11:24:35,734 [pool-352-thread-1] INFO  server.RaftServerConfigKeys (ConfUtils.java:logGet(46)) - raft.server.log.statemachine.data.sync.timeout.retry = -1 (default)
2023-04-11 11:24:35,734 [pool-352-thread-1] INFO  server.RaftServerConfigKeys (ConfUtils.java:logGet(46)) - raft.server.log.write.buffer.size = 1048576 (custom)
2023-04-11 11:24:35,735 [pool-352-thread-1] INFO  server.RaftServerConfigKeys (ConfUtils.java:logGet(46)) - raft.server.log.appender.buffer.byte-limit = 33554432 (custom)
2023-04-11 11:24:35,740 [pool-352-thread-1] INFO  server.RaftServerConfigKeys (ConfUtils.java:logGet(46)) - raft.server.log.unsafe-flush.enabled = false (default)
2023-04-11 11:24:35,740 [pool-352-thread-1] INFO  server.RaftServerConfigKeys (ConfUtils.java:logGet(46)) - raft.server.log.async-flush.enabled = false (default)
2023-04-11 11:24:35,740 [pool-352-thread-1] INFO  server.RaftServerConfigKeys (ConfUtils.java:logGet(46)) - raft.server.log.statemachine.data.caching.enabled = true (custom)
2023-04-11 11:24:35,740 [pool-352-thread-1] INFO  segmented.SegmentedRaftLogWorker (SegmentedRaftLogWorker.java:lambda$new$0(135)) - 54dbd36c-297a-448a-bb41-2352e1c524ac@group-A6FFC0219441-SegmentedRaftLogWorker: flushIndex: setUnconditionally 0 -> -1
2023-04-11 11:24:35,740 [pool-352-thread-1] INFO  segmented.SegmentedRaftLogWorker (SegmentedRaftLogWorker.java:lambda$new$0(135)) - 54dbd36c-297a-448a-bb41-2352e1c524ac@group-A6FFC0219441-SegmentedRaftLogWorker: safeCacheEvictIndex: setUnconditionally 0 -> -1
2023-04-11 11:24:35,740 [pool-352-thread-1] INFO  server.RaftServer$Division (RaftServerImpl.java:start(334)) - 54dbd36c-297a-448a-bb41-2352e1c524ac@group-A6FFC0219441: start as a follower, conf=-1: peers:[54dbd36c-297a-448a-bb41-2352e1c524ac|rpc:10.1.0.37:44613|dataStream:10.1.0.37:42647|priority:1|startupRole:FOLLOWER]|listeners:[], old=null
2023-04-11 11:24:35,740 [pool-352-thread-1] INFO  server.RaftServer$Division (RaftServerImpl.java:setRole(321)) - 54dbd36c-297a-448a-bb41-2352e1c524ac@group-A6FFC0219441: changes role from      null to FOLLOWER at term 0 for startAsFollower
2023-04-11 11:24:35,740 [pool-352-thread-1] INFO  impl.RoleInfo (RoleInfo.java:updateAndGet(139)) - 54dbd36c-297a-448a-bb41-2352e1c524ac: start 54dbd36c-297a-448a-bb41-2352e1c524ac@group-A6FFC0219441-FollowerState
2023-04-11 11:24:35,741 [54dbd36c-297a-448a-bb41-2352e1c524ac@group-A6FFC0219441-FollowerState] INFO  server.RaftServerConfigKeys (ConfUtils.java:logFallback(53)) - raft.server.rpc.first-election.timeout.min = 5s (fallback to raft.server.rpc.timeout.min)
2023-04-11 11:24:35,741 [pool-352-thread-1] INFO  util.JmxRegister (JmxRegister.java:tryRegister(44)) - Successfully registered JMX Bean with object name Ratis:service=RaftServer,group=group-A6FFC0219441,id=54dbd36c-297a-448a-bb41-2352e1c524ac
2023-04-11 11:24:35,741 [54dbd36c-297a-448a-bb41-2352e1c524ac@group-A6FFC0219441-FollowerState] INFO  server.RaftServerConfigKeys (ConfUtils.java:logFallback(53)) - raft.server.rpc.first-election.timeout.max = 5200ms (fallback to raft.server.rpc.timeout.max)
2023-04-11 11:24:35,741 [pool-352-thread-1] INFO  server.RaftServerConfigKeys (ConfUtils.java:logGet(46)) - raft.server.snapshot.auto.trigger.enabled = true (custom)
2023-04-11 11:24:35,741 [pool-352-thread-1] INFO  server.RaftServerConfigKeys (ConfUtils.java:logGet(46)) - raft.server.snapshot.auto.trigger.threshold = 10000 (custom)
2023-04-11 11:24:35,741 [pool-352-thread-1] INFO  server.RaftServerConfigKeys (ConfUtils.java:logGet(46)) - raft.server.snapshot.retention.file.num = 5 (custom)
2023-04-11 11:24:35,741 [pool-352-thread-1] INFO  server.RaftServerConfigKeys (ConfUtils.java:logGet(46)) - raft.server.log.purge.upto.snapshot.index = false (default)
2023-04-11 11:24:35,741 [Command processor thread] INFO  ratis.XceiverServerRatis (XceiverServerRatis.java:addGroup(806)) - Created group PipelineID=755abec9-2bfe-46d6-a368-a6ffc0219441
2023-04-11 11:24:35,741 [Command processor thread] INFO  commandhandler.CreatePipelineCommandHandler (CreatePipelineCommandHandler.java:handle(113)) - Created Pipeline RATIS ONE PipelineID=755abec9-2bfe-46d6-a368-a6ffc0219441.
2023-04-11 11:24:36,043 [Command processor thread] INFO  server.RaftServer (RaftServerProxy.java:addNew(96)) - b78ace34-11d4-46ff-baaa-a173e90e3d16: addNew group-EF326D8B0CDF:[b78ace34-11d4-46ff-baaa-a173e90e3d16|rpc:10.1.0.37:45333|dataStream:10.1.0.37:45655|priority:1|startupRole:FOLLOWER] returns group-EF326D8B0CDF:java.util.concurrent.CompletableFuture@2d9c44bd[Not completed]
2023-04-11 11:24:36,045 [pool-374-thread-1] INFO  server.RaftServer$Division (RaftServerImpl.java:<init>(195)) - b78ace34-11d4-46ff-baaa-a173e90e3d16: new RaftServerImpl for group-EF326D8B0CDF:[b78ace34-11d4-46ff-baaa-a173e90e3d16|rpc:10.1.0.37:45333|dataStream:10.1.0.37:45655|priority:1|startupRole:FOLLOWER] with ContainerStateMachine:uninitialized
2023-04-11 11:24:36,045 [pool-374-thread-1] INFO  server.RaftServerConfigKeys (ConfUtils.java:logGet(46)) - raft.server.rpc.timeout.min = 5s (custom)
2023-04-11 11:24:36,045 [pool-374-thread-1] INFO  server.RaftServerConfigKeys (ConfUtils.java:logGet(46)) - raft.server.rpc.timeout.max = 5200ms (custom)
2023-04-11 11:24:36,045 [pool-374-thread-1] INFO  server.RaftServerConfigKeys (ConfUtils.java:logGet(46)) - raft.server.rpc.sleep.time = 25ms (default)
2023-04-11 11:24:36,045 [pool-374-thread-1] INFO  server.RaftServerConfigKeys (ConfUtils.java:logGet(46)) - raft.server.rpc.slowness.timeout = 300s (custom)
2023-04-11 11:24:36,045 [pool-374-thread-1] INFO  server.RaftServerConfigKeys (ConfUtils.java:logGet(46)) - raft.server.leaderelection.leader.step-down.wait-time = 10s (default)
2023-04-11 11:24:36,045 [pool-374-thread-1] INFO  server.RaftServerConfigKeys (ConfUtils.java:logGet(46)) - raft.server.sleep.deviation.threshold = 300ms (default)
2023-04-11 11:24:36,045 [pool-374-thread-1] INFO  server.RaftServer$Division (ServerState.java:<init>(118)) - b78ace34-11d4-46ff-baaa-a173e90e3d16@group-EF326D8B0CDF: ConfigurationManager, init=-1: peers:[b78ace34-11d4-46ff-baaa-a173e90e3d16|rpc:10.1.0.37:45333|dataStream:10.1.0.37:45655|priority:1|startupRole:FOLLOWER]|listeners:[], old=null, confs=<EMPTY_MAP>
2023-04-11 11:24:36,045 [pool-374-thread-1] INFO  server.RaftServerConfigKeys (ConfUtils.java:logGet(46)) - raft.server.storage.dir = [/home/runner/work/ozone/ozone/hadoop-ozone/integration-test/target/test-dir/MiniOzoneClusterImpl-9aae7230-fa35-4b48-a53d-d03fd74ea8aa/datanode-4/data/ratis] (custom)
2023-04-11 11:24:36,046 [pool-374-thread-1] INFO  server.RaftServerConfigKeys (ConfUtils.java:logGet(46)) - raft.server.log.corruption.policy = EXCEPTION (default)
2023-04-11 11:24:36,046 [pool-374-thread-1] INFO  server.RaftServerConfigKeys (ConfUtils.java:logGet(46)) - raft.server.storage.free-space.min = 0MB (=0) (default)
2023-04-11 11:24:36,046 [pool-374-thread-1] INFO  server.RaftServerConfigKeys (ConfUtils.java:logGet(46)) - raft.server.notification.no-leader.timeout = 300s (custom)
2023-04-11 11:24:36,046 [pool-374-thread-1] INFO  server.RaftServerConfigKeys (ConfUtils.java:logGet(46)) - raft.server.retrycache.expirytime = 600000ms (custom)
2023-04-11 11:24:36,046 [pool-374-thread-1] INFO  server.RaftServerConfigKeys (ConfUtils.java:logGet(46)) - raft.server.retrycache.statistics.expirytime = 100μs (default)
2023-04-11 11:24:36,047 [pool-374-thread-1] INFO  server.RaftServerConfigKeys (ConfUtils.java:logGet(46)) - raft.server.log.appender.install.snapshot.enabled = false (custom)
2023-04-11 11:24:36,047 [pool-374-thread-1] INFO  server.RaftServerConfigKeys (ConfUtils.java:logGet(46)) - raft.server.threadpool.server.cached = true (default)
2023-04-11 11:24:36,047 [pool-374-thread-1] INFO  server.RaftServerConfigKeys (ConfUtils.java:logGet(46)) - raft.server.threadpool.server.size = 0 (default)
2023-04-11 11:24:36,047 [pool-374-thread-1] INFO  server.RaftServerConfigKeys (ConfUtils.java:logGet(46)) - raft.server.threadpool.client.cached = true (default)
2023-04-11 11:24:36,047 [pool-374-thread-1] INFO  server.RaftServerConfigKeys (ConfUtils.java:logGet(46)) - raft.server.threadpool.client.size = 0 (default)
2023-04-11 11:24:36,047 [pool-374-thread-1] INFO  storage.RaftStorageDirectory (RaftStorageDirectoryImpl.java:analyzeStorage(137)) - The storage directory /home/runner/work/ozone/ozone/hadoop-ozone/integration-test/target/test-dir/MiniOzoneClusterImpl-9aae7230-fa35-4b48-a53d-d03fd74ea8aa/datanode-4/data/ratis/f6865a64-270e-4fbb-a64d-ef326d8b0cdf does not exist. Creating ...
2023-04-11 11:24:36,048 [pool-374-thread-1] INFO  storage.RaftStorageDirectory (RaftStorageDirectoryImpl.java:tryLock(231)) - Lock on /home/runner/work/ozone/ozone/hadoop-ozone/integration-test/target/test-dir/MiniOzoneClusterImpl-9aae7230-fa35-4b48-a53d-d03fd74ea8aa/datanode-4/data/ratis/f6865a64-270e-4fbb-a64d-ef326d8b0cdf/in_use.lock acquired by nodename 48974@fv-az590-525
2023-04-11 11:24:36,049 [pool-374-thread-1] INFO  storage.RaftStorage (RaftStorageImpl.java:format(96)) - Storage directory /home/runner/work/ozone/ozone/hadoop-ozone/integration-test/target/test-dir/MiniOzoneClusterImpl-9aae7230-fa35-4b48-a53d-d03fd74ea8aa/datanode-4/data/ratis/f6865a64-270e-4fbb-a64d-ef326d8b0cdf has been successfully formatted.
2023-04-11 11:24:36,051 [pool-374-thread-1] INFO  ratis.ContainerStateMachine (ContainerStateMachine.java:loadSnapshot(262)) - group-EF326D8B0CDF: The snapshot info is null. Setting the last applied indexto:(t:0, i:~)
2023-04-11 11:24:36,051 [pool-374-thread-1] INFO  server.RaftServerConfigKeys (ConfUtils.java:logGet(46)) - raft.server.log.use.memory = false (default)
2023-04-11 11:24:36,051 [pool-374-thread-1] INFO  server.RaftServerConfigKeys (ConfUtils.java:logGet(46)) - raft.server.log.purge.gap = 1000000 (custom)
2023-04-11 11:24:36,051 [pool-374-thread-1] INFO  server.RaftServerConfigKeys (ConfUtils.java:logGet(46)) - raft.server.log.appender.buffer.byte-limit = 33554432 (custom)
2023-04-11 11:24:36,051 [pool-374-thread-1] INFO  server.RaftServerConfigKeys (ConfUtils.java:logGet(46)) - raft.server.log.statemachine.data.read.timeout = 1000ms (default)
2023-04-11 11:24:36,051 [pool-374-thread-1] INFO  server.RaftServerConfigKeys (ConfUtils.java:logGet(46)) - raft.server.log.purge.preservation.log.num = 0 (default)
2023-04-11 11:24:36,051 [pool-374-thread-1] INFO  server.RaftServerConfigKeys (ConfUtils.java:logGet(46)) - raft.server.log.segment.size.max = 1048576 (custom)
2023-04-11 11:24:36,052 [pool-374-thread-1] INFO  server.RaftServerConfigKeys (ConfUtils.java:logGet(46)) - raft.server.log.segment.cache.num.max = 2 (custom)
2023-04-11 11:24:36,052 [pool-374-thread-1] INFO  server.RaftServerConfigKeys (ConfUtils.java:logGet(46)) - raft.server.log.segment.cache.size.max = 200MB (=209715200) (default)
2023-04-11 11:24:36,052 [pool-374-thread-1] INFO  segmented.SegmentedRaftLogWorker (SegmentedRaftLogWorker.java:<init>(189)) - new b78ace34-11d4-46ff-baaa-a173e90e3d16@group-EF326D8B0CDF-SegmentedRaftLogWorker for RaftStorageImpl:Storage Directory /home/runner/work/ozone/ozone/hadoop-ozone/integration-test/target/test-dir/MiniOzoneClusterImpl-9aae7230-fa35-4b48-a53d-d03fd74ea8aa/datanode-4/data/ratis/f6865a64-270e-4fbb-a64d-ef326d8b0cdf
2023-04-11 11:24:36,052 [pool-374-thread-1] INFO  server.RaftServerConfigKeys (ConfUtils.java:logGet(46)) - raft.server.log.queue.byte-limit = 4294967296 (custom)
2023-04-11 11:24:36,052 [EventQueue-PipelineReportForPipelineReportHandler] INFO  pipeline.PipelineManagerImpl (PipelineManagerImpl.java:openPipeline(367)) - Pipeline Pipeline[ Id: f6865a64-270e-4fbb-a64d-ef326d8b0cdf, Nodes: b78ace34-11d4-46ff-baaa-a173e90e3d16(fv-az590-525.scpgifznvsounmmscp2whtfmwe.cx.internal.cloudapp.net/10.1.0.37), ReplicationConfig: RATIS/ONE, State:ALLOCATED, leaderId:b78ace34-11d4-46ff-baaa-a173e90e3d16, CreationTimestamp2023-04-11T11:24:33.044Z[Etc/UTC]] moved to OPEN state
2023-04-11 11:24:36,052 [pool-374-thread-1] INFO  server.RaftServerConfigKeys (ConfUtils.java:logGet(46)) - raft.server.log.queue.element-limit = 1024 (custom)
2023-04-11 11:24:36,052 [pool-374-thread-1] INFO  server.RaftServerConfigKeys (ConfUtils.java:logGet(46)) - raft.server.log.segment.size.max = 1048576 (custom)
2023-04-11 11:24:36,052 [pool-374-thread-1] INFO  server.RaftServerConfigKeys (ConfUtils.java:logGet(46)) - raft.server.log.preallocated.size = 16384 (custom)
2023-04-11 11:24:36,052 [pool-374-thread-1] INFO  server.RaftServerConfigKeys (ConfUtils.java:logGet(46)) - raft.server.log.force.sync.num = 128 (default)
2023-04-11 11:24:36,052 [pool-374-thread-1] INFO  server.RaftServerConfigKeys (ConfUtils.java:logGet(46)) - raft.server.log.statemachine.data.sync = true (default)
2023-04-11 11:24:36,052 [pool-374-thread-1] INFO  server.RaftServerConfigKeys (ConfUtils.java:logGet(46)) - raft.server.log.statemachine.data.sync.timeout = 10s (default)
2023-04-11 11:24:36,052 [pool-374-thread-1] INFO  server.RaftServerConfigKeys (ConfUtils.java:logGet(46)) - raft.server.log.statemachine.data.sync.timeout.retry = -1 (default)
2023-04-11 11:24:36,053 [pool-374-thread-1] INFO  server.RaftServerConfigKeys (ConfUtils.java:logGet(46)) - raft.server.log.write.buffer.size = 1048576 (custom)
2023-04-11 11:24:36,053 [pool-374-thread-1] INFO  server.RaftServerConfigKeys (ConfUtils.java:logGet(46)) - raft.server.log.appender.buffer.byte-limit = 33554432 (custom)
2023-04-11 11:24:36,055 [EventQueue-OpenPipelineForHealthyPipelineSafeModeRule] INFO  safemode.SCMSafeModeManager (HealthyPipelineSafeModeRule.java:process(137)) - SCM in safe mode. Healthy pipelines reported count is 0, required healthy pipeline reported count is 1
2023-04-11 11:24:36,058 [pool-374-thread-1] INFO  server.RaftServerConfigKeys (ConfUtils.java:logGet(46)) - raft.server.log.unsafe-flush.enabled = false (default)
2023-04-11 11:24:36,058 [pool-374-thread-1] INFO  server.RaftServerConfigKeys (ConfUtils.java:logGet(46)) - raft.server.log.async-flush.enabled = false (default)
2023-04-11 11:24:36,058 [pool-374-thread-1] INFO  server.RaftServerConfigKeys (ConfUtils.java:logGet(46)) - raft.server.log.statemachine.data.caching.enabled = true (custom)
2023-04-11 11:24:36,058 [pool-374-thread-1] INFO  segmented.SegmentedRaftLogWorker (SegmentedRaftLogWorker.java:lambda$new$0(135)) - b78ace34-11d4-46ff-baaa-a173e90e3d16@group-EF326D8B0CDF-SegmentedRaftLogWorker: flushIndex: setUnconditionally 0 -> -1
2023-04-11 11:24:36,058 [pool-374-thread-1] INFO  segmented.SegmentedRaftLogWorker (SegmentedRaftLogWorker.java:lambda$new$0(135)) - b78ace34-11d4-46ff-baaa-a173e90e3d16@group-EF326D8B0CDF-SegmentedRaftLogWorker: safeCacheEvictIndex: setUnconditionally 0 -> -1
2023-04-11 11:24:36,058 [pool-374-thread-1] INFO  server.RaftServer$Division (RaftServerImpl.java:start(334)) - b78ace34-11d4-46ff-baaa-a173e90e3d16@group-EF326D8B0CDF: start as a follower, conf=-1: peers:[b78ace34-11d4-46ff-baaa-a173e90e3d16|rpc:10.1.0.37:45333|dataStream:10.1.0.37:45655|priority:1|startupRole:FOLLOWER]|listeners:[], old=null
2023-04-11 11:24:36,058 [pool-374-thread-1] INFO  server.RaftServer$Division (RaftServerImpl.java:setRole(321)) - b78ace34-11d4-46ff-baaa-a173e90e3d16@group-EF326D8B0CDF: changes role from      null to FOLLOWER at term 0 for startAsFollower
2023-04-11 11:24:36,059 [pool-374-thread-1] INFO  impl.RoleInfo (RoleInfo.java:updateAndGet(139)) - b78ace34-11d4-46ff-baaa-a173e90e3d16: start b78ace34-11d4-46ff-baaa-a173e90e3d16@group-EF326D8B0CDF-FollowerState
2023-04-11 11:24:36,059 [pool-374-thread-1] INFO  util.JmxRegister (JmxRegister.java:tryRegister(44)) - Successfully registered JMX Bean with object name Ratis:service=RaftServer,group=group-EF326D8B0CDF,id=b78ace34-11d4-46ff-baaa-a173e90e3d16
2023-04-11 11:24:36,059 [pool-374-thread-1] INFO  server.RaftServerConfigKeys (ConfUtils.java:logGet(46)) - raft.server.snapshot.auto.trigger.enabled = true (custom)
2023-04-11 11:24:36,059 [pool-374-thread-1] INFO  server.RaftServerConfigKeys (ConfUtils.java:logGet(46)) - raft.server.snapshot.auto.trigger.threshold = 10000 (custom)
2023-04-11 11:24:36,059 [pool-374-thread-1] INFO  server.RaftServerConfigKeys (ConfUtils.java:logGet(46)) - raft.server.snapshot.retention.file.num = 5 (custom)
2023-04-11 11:24:36,059 [pool-374-thread-1] INFO  server.RaftServerConfigKeys (ConfUtils.java:logGet(46)) - raft.server.log.purge.upto.snapshot.index = false (default)
2023-04-11 11:24:36,060 [b78ace34-11d4-46ff-baaa-a173e90e3d16@group-EF326D8B0CDF-FollowerState] INFO  server.RaftServerConfigKeys (ConfUtils.java:logFallback(53)) - raft.server.rpc.first-election.timeout.min = 5s (fallback to raft.server.rpc.timeout.min)
2023-04-11 11:24:36,060 [b78ace34-11d4-46ff-baaa-a173e90e3d16@group-EF326D8B0CDF-FollowerState] INFO  server.RaftServerConfigKeys (ConfUtils.java:logFallback(53)) - raft.server.rpc.first-election.timeout.max = 5200ms (fallback to raft.server.rpc.timeout.max)
2023-04-11 11:24:36,062 [Command processor thread] INFO  ratis.XceiverServerRatis (XceiverServerRatis.java:addGroup(806)) - Created group PipelineID=f6865a64-270e-4fbb-a64d-ef326d8b0cdf
2023-04-11 11:24:36,062 [Command processor thread] INFO  commandhandler.CreatePipelineCommandHandler (CreatePipelineCommandHandler.java:handle(113)) - Created Pipeline RATIS ONE PipelineID=f6865a64-270e-4fbb-a64d-ef326d8b0cdf.
2023-04-11 11:24:36,226 [Listener at 127.0.0.1/36969] INFO  ozone.MiniOzoneClusterImpl (MiniOzoneClusterImpl.java:lambda$waitForClusterToBeReady$0(222)) - Nodes are ready. Got 5 of 5 DN Heartbeats.
2023-04-11 11:24:36,227 [Listener at 127.0.0.1/36969] INFO  ozone.MiniOzoneClusterImpl (MiniOzoneClusterImpl.java:lambda$waitForClusterToBeReady$0(225)) - Waiting for cluster to exit safe mode
2023-04-11 11:24:36,227 [Listener at 127.0.0.1/36969] INFO  ozone.MiniOzoneClusterImpl (MiniOzoneClusterImpl.java:lambda$waitForClusterToBeReady$0(227)) - SCM became leader
2023-04-11 11:24:37,227 [Listener at 127.0.0.1/36969] INFO  ozone.MiniOzoneClusterImpl (MiniOzoneClusterImpl.java:lambda$waitForClusterToBeReady$0(222)) - Nodes are ready. Got 5 of 5 DN Heartbeats.
2023-04-11 11:24:37,227 [Listener at 127.0.0.1/36969] INFO  ozone.MiniOzoneClusterImpl (MiniOzoneClusterImpl.java:lambda$waitForClusterToBeReady$0(225)) - Waiting for cluster to exit safe mode
2023-04-11 11:24:37,227 [Listener at 127.0.0.1/36969] INFO  ozone.MiniOzoneClusterImpl (MiniOzoneClusterImpl.java:lambda$waitForClusterToBeReady$0(227)) - SCM became leader
2023-04-11 11:24:38,228 [Listener at 127.0.0.1/36969] INFO  ozone.MiniOzoneClusterImpl (MiniOzoneClusterImpl.java:lambda$waitForClusterToBeReady$0(222)) - Nodes are ready. Got 5 of 5 DN Heartbeats.
2023-04-11 11:24:38,228 [Listener at 127.0.0.1/36969] INFO  ozone.MiniOzoneClusterImpl (MiniOzoneClusterImpl.java:lambda$waitForClusterToBeReady$0(225)) - Waiting for cluster to exit safe mode
2023-04-11 11:24:38,228 [Listener at 127.0.0.1/36969] INFO  ozone.MiniOzoneClusterImpl (MiniOzoneClusterImpl.java:lambda$waitForClusterToBeReady$0(227)) - SCM became leader
2023-04-11 11:24:39,228 [Listener at 127.0.0.1/36969] INFO  ozone.MiniOzoneClusterImpl (MiniOzoneClusterImpl.java:lambda$waitForClusterToBeReady$0(222)) - Nodes are ready. Got 5 of 5 DN Heartbeats.
2023-04-11 11:24:39,228 [Listener at 127.0.0.1/36969] INFO  ozone.MiniOzoneClusterImpl (MiniOzoneClusterImpl.java:lambda$waitForClusterToBeReady$0(225)) - Waiting for cluster to exit safe mode
2023-04-11 11:24:39,229 [Listener at 127.0.0.1/36969] INFO  ozone.MiniOzoneClusterImpl (MiniOzoneClusterImpl.java:lambda$waitForClusterToBeReady$0(227)) - SCM became leader
2023-04-11 11:24:39,799 [bdac8111-12cf-4b14-9a03-ea98a7d0b884@group-6B9C7ADF708C-FollowerState] INFO  impl.FollowerState (FollowerState.java:run(143)) - bdac8111-12cf-4b14-9a03-ea98a7d0b884@group-6B9C7ADF708C-FollowerState: change to CANDIDATE, lastRpcElapsedTime:5069358016ns, electionTimeout:5068ms
2023-04-11 11:24:39,800 [bdac8111-12cf-4b14-9a03-ea98a7d0b884@group-6B9C7ADF708C-FollowerState] INFO  impl.RoleInfo (RoleInfo.java:shutdownFollowerState(110)) - bdac8111-12cf-4b14-9a03-ea98a7d0b884: shutdown bdac8111-12cf-4b14-9a03-ea98a7d0b884@group-6B9C7ADF708C-FollowerState
2023-04-11 11:24:39,800 [bdac8111-12cf-4b14-9a03-ea98a7d0b884@group-6B9C7ADF708C-FollowerState] INFO  server.RaftServer$Division (RaftServerImpl.java:setRole(321)) - bdac8111-12cf-4b14-9a03-ea98a7d0b884@group-6B9C7ADF708C: changes role from  FOLLOWER to CANDIDATE at term 0 for changeToCandidate
2023-04-11 11:24:39,800 [bdac8111-12cf-4b14-9a03-ea98a7d0b884@group-6B9C7ADF708C-FollowerState] INFO  server.RaftServerConfigKeys (ConfUtils.java:logGet(46)) - raft.server.leaderelection.pre-vote = true (default)
2023-04-11 11:24:39,800 [bdac8111-12cf-4b14-9a03-ea98a7d0b884@group-6B9C7ADF708C-FollowerState] INFO  impl.RoleInfo (RoleInfo.java:updateAndGet(139)) - bdac8111-12cf-4b14-9a03-ea98a7d0b884: start bdac8111-12cf-4b14-9a03-ea98a7d0b884@group-6B9C7ADF708C-LeaderElection11
2023-04-11 11:24:39,803 [bdac8111-12cf-4b14-9a03-ea98a7d0b884@group-6B9C7ADF708C-LeaderElection11] INFO  impl.LeaderElection (LeaderElection.java:askForVotes(312)) - bdac8111-12cf-4b14-9a03-ea98a7d0b884@group-6B9C7ADF708C-LeaderElection11 PRE_VOTE round 0: submit vote requests at term 0 for -1: peers:[4797470f-ac54-44b7-9b0a-d535466dc4d7|rpc:10.1.0.37:36979|dataStream:10.1.0.37:36341|priority:0|startupRole:FOLLOWER, bdac8111-12cf-4b14-9a03-ea98a7d0b884|rpc:10.1.0.37:37629|dataStream:10.1.0.37:41845|priority:0|startupRole:FOLLOWER, 91daf988-b498-4475-b6c7-add854a09df6|rpc:10.1.0.37:41877|dataStream:10.1.0.37:33815|priority:1|startupRole:FOLLOWER]|listeners:[], old=null
2023-04-11 11:24:39,803 [bdac8111-12cf-4b14-9a03-ea98a7d0b884@group-6B9C7ADF708C-LeaderElection11] INFO  server.RaftServerConfigKeys (ConfUtils.java:logFallback(53)) - raft.server.rpc.first-election.timeout.min = 5s (fallback to raft.server.rpc.timeout.min)
2023-04-11 11:24:39,803 [bdac8111-12cf-4b14-9a03-ea98a7d0b884@group-6B9C7ADF708C-LeaderElection11-1] INFO  server.GrpcServerProtocolClient (GrpcServerProtocolClient.java:<init>(63)) - Build channel for 4797470f-ac54-44b7-9b0a-d535466dc4d7
2023-04-11 11:24:39,803 [bdac8111-12cf-4b14-9a03-ea98a7d0b884@group-6B9C7ADF708C-LeaderElection11] INFO  server.RaftServerConfigKeys (ConfUtils.java:logFallback(53)) - raft.server.rpc.first-election.timeout.max = 5200ms (fallback to raft.server.rpc.timeout.max)
2023-04-11 11:24:39,804 [bdac8111-12cf-4b14-9a03-ea98a7d0b884@group-6B9C7ADF708C-LeaderElection11-2] INFO  server.GrpcServerProtocolClient (GrpcServerProtocolClient.java:<init>(63)) - Build channel for 91daf988-b498-4475-b6c7-add854a09df6
2023-04-11 11:24:39,814 [grpc-default-executor-0] INFO  server.RaftServer$Division (RaftServerImpl.java:requestVote(1218)) - 4797470f-ac54-44b7-9b0a-d535466dc4d7@group-6B9C7ADF708C: receive requestVote(PRE_VOTE, bdac8111-12cf-4b14-9a03-ea98a7d0b884, group-6B9C7ADF708C, 0, (t:0, i:0))
2023-04-11 11:24:39,814 [grpc-default-executor-0] INFO  impl.VoteContext (VoteContext.java:log(49)) - 4797470f-ac54-44b7-9b0a-d535466dc4d7@group-6B9C7ADF708C-FOLLOWER: accept PRE_VOTE from bdac8111-12cf-4b14-9a03-ea98a7d0b884: our priority 0 <= candidate's priority 0
2023-04-11 11:24:39,814 [grpc-default-executor-0] INFO  server.RaftServer$Division (RaftServerImpl.java:requestVote(1251)) - 4797470f-ac54-44b7-9b0a-d535466dc4d7@group-6B9C7ADF708C replies to PRE_VOTE vote request: bdac8111-12cf-4b14-9a03-ea98a7d0b884<-4797470f-ac54-44b7-9b0a-d535466dc4d7#0:OK-t0. Peer's state: 4797470f-ac54-44b7-9b0a-d535466dc4d7@group-6B9C7ADF708C:t0, leader=null, voted=, raftlog=Memoized:4797470f-ac54-44b7-9b0a-d535466dc4d7@group-6B9C7ADF708C-SegmentedRaftLog:OPENED:c-1, conf=-1: peers:[4797470f-ac54-44b7-9b0a-d535466dc4d7|rpc:10.1.0.37:36979|dataStream:10.1.0.37:36341|priority:0|startupRole:FOLLOWER, bdac8111-12cf-4b14-9a03-ea98a7d0b884|rpc:10.1.0.37:37629|dataStream:10.1.0.37:41845|priority:0|startupRole:FOLLOWER, 91daf988-b498-4475-b6c7-add854a09df6|rpc:10.1.0.37:41877|dataStream:10.1.0.37:33815|priority:1|startupRole:FOLLOWER]|listeners:[], old=null
2023-04-11 11:24:39,816 [grpc-default-executor-1] INFO  server.RaftServer$Division (RaftServerImpl.java:requestVote(1218)) - 91daf988-b498-4475-b6c7-add854a09df6@group-6B9C7ADF708C: receive requestVote(PRE_VOTE, bdac8111-12cf-4b14-9a03-ea98a7d0b884, group-6B9C7ADF708C, 0, (t:0, i:0))
2023-04-11 11:24:39,816 [grpc-default-executor-1] INFO  impl.VoteContext (VoteContext.java:log(49)) - 91daf988-b498-4475-b6c7-add854a09df6@group-6B9C7ADF708C-FOLLOWER: reject PRE_VOTE from bdac8111-12cf-4b14-9a03-ea98a7d0b884: our priority 1 > candidate's priority 0
2023-04-11 11:24:39,816 [grpc-default-executor-1] INFO  server.RaftServer$Division (RaftServerImpl.java:requestVote(1251)) - 91daf988-b498-4475-b6c7-add854a09df6@group-6B9C7ADF708C replies to PRE_VOTE vote request: bdac8111-12cf-4b14-9a03-ea98a7d0b884<-91daf988-b498-4475-b6c7-add854a09df6#0:FAIL-t0. Peer's state: 91daf988-b498-4475-b6c7-add854a09df6@group-6B9C7ADF708C:t0, leader=null, voted=, raftlog=Memoized:91daf988-b498-4475-b6c7-add854a09df6@group-6B9C7ADF708C-SegmentedRaftLog:OPENED:c-1, conf=-1: peers:[4797470f-ac54-44b7-9b0a-d535466dc4d7|rpc:10.1.0.37:36979|dataStream:10.1.0.37:36341|priority:0|startupRole:FOLLOWER, bdac8111-12cf-4b14-9a03-ea98a7d0b884|rpc:10.1.0.37:37629|dataStream:10.1.0.37:41845|priority:0|startupRole:FOLLOWER, 91daf988-b498-4475-b6c7-add854a09df6|rpc:10.1.0.37:41877|dataStream:10.1.0.37:33815|priority:1|startupRole:FOLLOWER]|listeners:[], old=null
2023-04-11 11:24:39,819 [bdac8111-12cf-4b14-9a03-ea98a7d0b884@group-6B9C7ADF708C-LeaderElection11] INFO  impl.LeaderElection (LeaderElection.java:logAndReturn(90)) - bdac8111-12cf-4b14-9a03-ea98a7d0b884@group-6B9C7ADF708C-LeaderElection11: PRE_VOTE REJECTED received 2 response(s) and 0 exception(s):
2023-04-11 11:24:39,819 [bdac8111-12cf-4b14-9a03-ea98a7d0b884@group-6B9C7ADF708C-LeaderElection11] INFO  impl.LeaderElection (LeaderElection.java:logAndReturn(94)) -   Response 0: bdac8111-12cf-4b14-9a03-ea98a7d0b884<-4797470f-ac54-44b7-9b0a-d535466dc4d7#0:OK-t0
2023-04-11 11:24:39,819 [bdac8111-12cf-4b14-9a03-ea98a7d0b884@group-6B9C7ADF708C-LeaderElection11] INFO  impl.LeaderElection (LeaderElection.java:logAndReturn(94)) -   Response 1: bdac8111-12cf-4b14-9a03-ea98a7d0b884<-91daf988-b498-4475-b6c7-add854a09df6#0:FAIL-t0
2023-04-11 11:24:39,819 [bdac8111-12cf-4b14-9a03-ea98a7d0b884@group-6B9C7ADF708C-LeaderElection11] INFO  impl.LeaderElection (LeaderElection.java:askForVotes(314)) - bdac8111-12cf-4b14-9a03-ea98a7d0b884@group-6B9C7ADF708C-LeaderElection11 PRE_VOTE round 0: result REJECTED
2023-04-11 11:24:39,819 [bdac8111-12cf-4b14-9a03-ea98a7d0b884@group-6B9C7ADF708C-LeaderElection11] INFO  server.RaftServer$Division (RaftServerImpl.java:setRole(321)) - bdac8111-12cf-4b14-9a03-ea98a7d0b884@group-6B9C7ADF708C: changes role from CANDIDATE to FOLLOWER at term 0 for REJECTED
2023-04-11 11:24:39,820 [bdac8111-12cf-4b14-9a03-ea98a7d0b884@group-6B9C7ADF708C-LeaderElection11] INFO  impl.RoleInfo (RoleInfo.java:shutdownLeaderElection(130)) - bdac8111-12cf-4b14-9a03-ea98a7d0b884: shutdown bdac8111-12cf-4b14-9a03-ea98a7d0b884@group-6B9C7ADF708C-LeaderElection11
2023-04-11 11:24:39,820 [bdac8111-12cf-4b14-9a03-ea98a7d0b884@group-6B9C7ADF708C-LeaderElection11] INFO  impl.RoleInfo (RoleInfo.java:updateAndGet(139)) - bdac8111-12cf-4b14-9a03-ea98a7d0b884: start bdac8111-12cf-4b14-9a03-ea98a7d0b884@group-6B9C7ADF708C-FollowerState
2023-04-11 11:24:39,824 [bdac8111-12cf-4b14-9a03-ea98a7d0b884@group-6B9C7ADF708C-FollowerState] INFO  server.RaftServerConfigKeys (ConfUtils.java:logFallback(53)) - raft.server.rpc.first-election.timeout.min = 5s (fallback to raft.server.rpc.timeout.min)
2023-04-11 11:24:39,824 [bdac8111-12cf-4b14-9a03-ea98a7d0b884@group-6B9C7ADF708C-FollowerState] INFO  server.RaftServerConfigKeys (ConfUtils.java:logFallback(53)) - raft.server.rpc.first-election.timeout.max = 5200ms (fallback to raft.server.rpc.timeout.max)
2023-04-11 11:24:39,839 [bdac8111-12cf-4b14-9a03-ea98a7d0b884@group-F791E3AB5624-FollowerState] INFO  impl.FollowerState (FollowerState.java:run(143)) - bdac8111-12cf-4b14-9a03-ea98a7d0b884@group-F791E3AB5624-FollowerState: change to CANDIDATE, lastRpcElapsedTime:5136520412ns, electionTimeout:5136ms
2023-04-11 11:24:39,839 [bdac8111-12cf-4b14-9a03-ea98a7d0b884@group-F791E3AB5624-FollowerState] INFO  impl.RoleInfo (RoleInfo.java:shutdownFollowerState(110)) - bdac8111-12cf-4b14-9a03-ea98a7d0b884: shutdown bdac8111-12cf-4b14-9a03-ea98a7d0b884@group-F791E3AB5624-FollowerState
2023-04-11 11:24:39,839 [bdac8111-12cf-4b14-9a03-ea98a7d0b884@group-F791E3AB5624-FollowerState] INFO  server.RaftServer$Division (RaftServerImpl.java:setRole(321)) - bdac8111-12cf-4b14-9a03-ea98a7d0b884@group-F791E3AB5624: changes role from  FOLLOWER to CANDIDATE at term 0 for changeToCandidate
2023-04-11 11:24:39,839 [bdac8111-12cf-4b14-9a03-ea98a7d0b884@group-F791E3AB5624-FollowerState] INFO  server.RaftServerConfigKeys (ConfUtils.java:logGet(46)) - raft.server.leaderelection.pre-vote = true (default)
2023-04-11 11:24:39,839 [bdac8111-12cf-4b14-9a03-ea98a7d0b884@group-F791E3AB5624-FollowerState] INFO  impl.RoleInfo (RoleInfo.java:updateAndGet(139)) - bdac8111-12cf-4b14-9a03-ea98a7d0b884: start bdac8111-12cf-4b14-9a03-ea98a7d0b884@group-F791E3AB5624-LeaderElection12
2023-04-11 11:24:39,841 [bdac8111-12cf-4b14-9a03-ea98a7d0b884@group-F791E3AB5624-LeaderElection12] INFO  impl.LeaderElection (LeaderElection.java:askForVotes(312)) - bdac8111-12cf-4b14-9a03-ea98a7d0b884@group-F791E3AB5624-LeaderElection12 PRE_VOTE round 0: submit vote requests at term 0 for -1: peers:[bdac8111-12cf-4b14-9a03-ea98a7d0b884|rpc:10.1.0.37:37629|dataStream:10.1.0.37:41845|priority:1|startupRole:FOLLOWER]|listeners:[], old=null
2023-04-11 11:24:39,841 [bdac8111-12cf-4b14-9a03-ea98a7d0b884@group-F791E3AB5624-LeaderElection12] INFO  impl.LeaderElection (LeaderElection.java:askForVotes(314)) - bdac8111-12cf-4b14-9a03-ea98a7d0b884@group-F791E3AB5624-LeaderElection12 PRE_VOTE round 0: result PASSED (term=0)
2023-04-11 11:24:39,843 [bdac8111-12cf-4b14-9a03-ea98a7d0b884@group-F791E3AB5624-LeaderElection12] INFO  impl.LeaderElection (LeaderElection.java:askForVotes(312)) - bdac8111-12cf-4b14-9a03-ea98a7d0b884@group-F791E3AB5624-LeaderElection12 ELECTION round 0: submit vote requests at term 1 for -1: peers:[bdac8111-12cf-4b14-9a03-ea98a7d0b884|rpc:10.1.0.37:37629|dataStream:10.1.0.37:41845|priority:1|startupRole:FOLLOWER]|listeners:[], old=null
2023-04-11 11:24:39,843 [bdac8111-12cf-4b14-9a03-ea98a7d0b884@group-F791E3AB5624-LeaderElection12] INFO  impl.LeaderElection (LeaderElection.java:askForVotes(314)) - bdac8111-12cf-4b14-9a03-ea98a7d0b884@group-F791E3AB5624-LeaderElection12 ELECTION round 0: result PASSED (term=1)
2023-04-11 11:24:39,843 [bdac8111-12cf-4b14-9a03-ea98a7d0b884@group-F791E3AB5624-LeaderElection12] INFO  impl.RoleInfo (RoleInfo.java:shutdownLeaderElection(130)) - bdac8111-12cf-4b14-9a03-ea98a7d0b884: shutdown bdac8111-12cf-4b14-9a03-ea98a7d0b884@group-F791E3AB5624-LeaderElection12
2023-04-11 11:24:39,843 [bdac8111-12cf-4b14-9a03-ea98a7d0b884@group-F791E3AB5624-LeaderElection12] INFO  server.RaftServer$Division (RaftServerImpl.java:setRole(321)) - bdac8111-12cf-4b14-9a03-ea98a7d0b884@group-F791E3AB5624: changes role from CANDIDATE to LEADER at term 1 for changeToLeader
2023-04-11 11:24:39,843 [bdac8111-12cf-4b14-9a03-ea98a7d0b884@group-F791E3AB5624-LeaderElection12] INFO  ratis.XceiverServerRatis (XceiverServerRatis.java:handleLeaderChangedNotification(904)) - Leader change notification received for group: group-F791E3AB5624 with new leaderId: bdac8111-12cf-4b14-9a03-ea98a7d0b884
2023-04-11 11:24:39,844 [bdac8111-12cf-4b14-9a03-ea98a7d0b884@group-F791E3AB5624-LeaderElection12] INFO  server.RaftServer$Division (ServerState.java:setLeader(313)) - bdac8111-12cf-4b14-9a03-ea98a7d0b884@group-F791E3AB5624: change Leader from null to bdac8111-12cf-4b14-9a03-ea98a7d0b884 at term 1 for becomeLeader, leader elected after 5178ms
2023-04-11 11:24:39,844 [bdac8111-12cf-4b14-9a03-ea98a7d0b884@group-F791E3AB5624-LeaderElection12] INFO  server.RaftServerConfigKeys (ConfUtils.java:logGet(46)) - raft.server.staging.catchup.gap = 1000 (default)
2023-04-11 11:24:39,844 [bdac8111-12cf-4b14-9a03-ea98a7d0b884@group-F791E3AB5624-LeaderElection12] INFO  server.RaftServerConfigKeys (ConfUtils.java:logGet(46)) - raft.server.write.element-limit = 1024 (custom)
2023-04-11 11:24:39,844 [bdac8111-12cf-4b14-9a03-ea98a7d0b884@group-F791E3AB5624-LeaderElection12] INFO  server.RaftServerConfigKeys (ConfUtils.java:logGet(46)) - raft.server.write.byte-limit = 1024 M (=1073741824) (custom)
2023-04-11 11:24:39,844 [bdac8111-12cf-4b14-9a03-ea98a7d0b884@group-F791E3AB5624-LeaderElection12] INFO  server.RaftServerConfigKeys (ConfUtils.java:logGet(46)) - raft.server.watch.timeout = 180s (custom)
2023-04-11 11:24:39,844 [bdac8111-12cf-4b14-9a03-ea98a7d0b884@group-F791E3AB5624-LeaderElection12] INFO  server.RaftServerConfigKeys (ConfUtils.java:logGet(46)) - raft.server.watch.timeout.denomination = 1s (default)
2023-04-11 11:24:39,844 [bdac8111-12cf-4b14-9a03-ea98a7d0b884@group-F791E3AB5624-LeaderElection12] INFO  server.RaftServerConfigKeys (ConfUtils.java:logGet(46)) - raft.server.watch.element-limit = 65536 (default)
2023-04-11 11:24:39,844 [bdac8111-12cf-4b14-9a03-ea98a7d0b884@group-F791E3AB5624-LeaderElection12] INFO  server.RaftServerConfigKeys (ConfUtils.java:logGet(46)) - raft.server.write.element-limit = 1024 (custom)
2023-04-11 11:24:39,844 [bdac8111-12cf-4b14-9a03-ea98a7d0b884@group-F791E3AB5624-LeaderElection12] INFO  server.RaftServerConfigKeys (ConfUtils.java:logGet(46)) - raft.server.write.follower.gap.ratio.max = -1.0 (default)
2023-04-11 11:24:39,844 [bdac8111-12cf-4b14-9a03-ea98a7d0b884@group-F791E3AB5624-LeaderElection12] INFO  impl.RoleInfo (RoleInfo.java:updateAndGet(139)) - bdac8111-12cf-4b14-9a03-ea98a7d0b884: start bdac8111-12cf-4b14-9a03-ea98a7d0b884@group-F791E3AB5624-LeaderStateImpl
2023-04-11 11:24:39,845 [bdac8111-12cf-4b14-9a03-ea98a7d0b884@group-F791E3AB5624-LeaderElection12] INFO  segmented.SegmentedRaftLogWorker (SegmentedRaftLogWorker.java:startLogSegment(452)) - bdac8111-12cf-4b14-9a03-ea98a7d0b884@group-F791E3AB5624-SegmentedRaftLogWorker: Starting segment from index:0
2023-04-11 11:24:39,846 [EventQueue-OpenPipelineForHealthyPipelineSafeModeRule] INFO  safemode.SCMSafeModeManager (HealthyPipelineSafeModeRule.java:process(137)) - SCM in safe mode. Healthy pipelines reported count is 0, required healthy pipeline reported count is 1
2023-04-11 11:24:39,850 [bdac8111-12cf-4b14-9a03-ea98a7d0b884@group-F791E3AB5624-LeaderElection12] INFO  server.RaftServer$Division (ServerState.java:setRaftConf(430)) - bdac8111-12cf-4b14-9a03-ea98a7d0b884@group-F791E3AB5624: set configuration 0: peers:[bdac8111-12cf-4b14-9a03-ea98a7d0b884|rpc:10.1.0.37:37629|dataStream:10.1.0.37:41845|priority:1|startupRole:FOLLOWER]|listeners:[], old=null
2023-04-11 11:24:39,851 [bdac8111-12cf-4b14-9a03-ea98a7d0b884@group-F791E3AB5624-SegmentedRaftLogWorker] INFO  segmented.SegmentedRaftLogWorker (SegmentedRaftLogWorker.java:execute(656)) - bdac8111-12cf-4b14-9a03-ea98a7d0b884@group-F791E3AB5624-SegmentedRaftLogWorker: created new log segment /home/runner/work/ozone/ozone/hadoop-ozone/integration-test/target/test-dir/MiniOzoneClusterImpl-9aae7230-fa35-4b48-a53d-d03fd74ea8aa/datanode-0/data/ratis/2b3e479e-c826-459f-bd3a-f791e3ab5624/current/log_inprogress_0
2023-04-11 11:24:40,229 [Listener at 127.0.0.1/36969] INFO  ozone.MiniOzoneClusterImpl (MiniOzoneClusterImpl.java:lambda$waitForClusterToBeReady$0(222)) - Nodes are ready. Got 5 of 5 DN Heartbeats.
2023-04-11 11:24:40,229 [Listener at 127.0.0.1/36969] INFO  ozone.MiniOzoneClusterImpl (MiniOzoneClusterImpl.java:lambda$waitForClusterToBeReady$0(225)) - Waiting for cluster to exit safe mode
2023-04-11 11:24:40,229 [Listener at 127.0.0.1/36969] INFO  ozone.MiniOzoneClusterImpl (MiniOzoneClusterImpl.java:lambda$waitForClusterToBeReady$0(227)) - SCM became leader
2023-04-11 11:24:40,292 [91daf988-b498-4475-b6c7-add854a09df6@group-6B9C7ADF708C-FollowerState] INFO  impl.FollowerState (FollowerState.java:run(143)) - 91daf988-b498-4475-b6c7-add854a09df6@group-6B9C7ADF708C-FollowerState: change to CANDIDATE, lastRpcElapsedTime:5044842165ns, electionTimeout:5035ms
2023-04-11 11:24:40,292 [91daf988-b498-4475-b6c7-add854a09df6@group-6B9C7ADF708C-FollowerState] INFO  impl.RoleInfo (RoleInfo.java:shutdownFollowerState(110)) - 91daf988-b498-4475-b6c7-add854a09df6: shutdown 91daf988-b498-4475-b6c7-add854a09df6@group-6B9C7ADF708C-FollowerState
2023-04-11 11:24:40,292 [91daf988-b498-4475-b6c7-add854a09df6@group-6B9C7ADF708C-FollowerState] INFO  server.RaftServer$Division (RaftServerImpl.java:setRole(321)) - 91daf988-b498-4475-b6c7-add854a09df6@group-6B9C7ADF708C: changes role from  FOLLOWER to CANDIDATE at term 0 for changeToCandidate
2023-04-11 11:24:40,292 [91daf988-b498-4475-b6c7-add854a09df6@group-6B9C7ADF708C-FollowerState] INFO  server.RaftServerConfigKeys (ConfUtils.java:logGet(46)) - raft.server.leaderelection.pre-vote = true (default)
2023-04-11 11:24:40,292 [91daf988-b498-4475-b6c7-add854a09df6@group-6B9C7ADF708C-FollowerState] INFO  impl.RoleInfo (RoleInfo.java:updateAndGet(139)) - 91daf988-b498-4475-b6c7-add854a09df6: start 91daf988-b498-4475-b6c7-add854a09df6@group-6B9C7ADF708C-LeaderElection13
2023-04-11 11:24:40,296 [91daf988-b498-4475-b6c7-add854a09df6@group-6B9C7ADF708C-LeaderElection13] INFO  impl.LeaderElection (LeaderElection.java:askForVotes(312)) - 91daf988-b498-4475-b6c7-add854a09df6@group-6B9C7ADF708C-LeaderElection13 PRE_VOTE round 0: submit vote requests at term 0 for -1: peers:[4797470f-ac54-44b7-9b0a-d535466dc4d7|rpc:10.1.0.37:36979|dataStream:10.1.0.37:36341|priority:0|startupRole:FOLLOWER, bdac8111-12cf-4b14-9a03-ea98a7d0b884|rpc:10.1.0.37:37629|dataStream:10.1.0.37:41845|priority:0|startupRole:FOLLOWER, 91daf988-b498-4475-b6c7-add854a09df6|rpc:10.1.0.37:41877|dataStream:10.1.0.37:33815|priority:1|startupRole:FOLLOWER]|listeners:[], old=null
2023-04-11 11:24:40,296 [91daf988-b498-4475-b6c7-add854a09df6@group-6B9C7ADF708C-LeaderElection13] INFO  server.RaftServerConfigKeys (ConfUtils.java:logFallback(53)) - raft.server.rpc.first-election.timeout.min = 5s (fallback to raft.server.rpc.timeout.min)
2023-04-11 11:24:40,296 [91daf988-b498-4475-b6c7-add854a09df6@group-6B9C7ADF708C-LeaderElection13] INFO  server.RaftServerConfigKeys (ConfUtils.java:logFallback(53)) - raft.server.rpc.first-election.timeout.max = 5200ms (fallback to raft.server.rpc.timeout.max)
2023-04-11 11:24:40,296 [91daf988-b498-4475-b6c7-add854a09df6@group-6B9C7ADF708C-LeaderElection13-2] INFO  server.GrpcServerProtocolClient (GrpcServerProtocolClient.java:<init>(63)) - Build channel for bdac8111-12cf-4b14-9a03-ea98a7d0b884
2023-04-11 11:24:40,296 [91daf988-b498-4475-b6c7-add854a09df6@group-6B9C7ADF708C-LeaderElection13-1] INFO  server.GrpcServerProtocolClient (GrpcServerProtocolClient.java:<init>(63)) - Build channel for 4797470f-ac54-44b7-9b0a-d535466dc4d7
2023-04-11 11:24:40,305 [grpc-default-executor-1] INFO  server.RaftServer$Division (RaftServerImpl.java:requestVote(1218)) - bdac8111-12cf-4b14-9a03-ea98a7d0b884@group-6B9C7ADF708C: receive requestVote(PRE_VOTE, 91daf988-b498-4475-b6c7-add854a09df6, group-6B9C7ADF708C, 0, (t:0, i:0))
2023-04-11 11:24:40,308 [grpc-default-executor-1] INFO  impl.VoteContext (VoteContext.java:log(49)) - bdac8111-12cf-4b14-9a03-ea98a7d0b884@group-6B9C7ADF708C-FOLLOWER: accept PRE_VOTE from 91daf988-b498-4475-b6c7-add854a09df6: our priority 0 <= candidate's priority 1
2023-04-11 11:24:40,309 [grpc-default-executor-1] INFO  server.RaftServer$Division (RaftServerImpl.java:requestVote(1251)) - bdac8111-12cf-4b14-9a03-ea98a7d0b884@group-6B9C7ADF708C replies to PRE_VOTE vote request: 91daf988-b498-4475-b6c7-add854a09df6<-bdac8111-12cf-4b14-9a03-ea98a7d0b884#0:OK-t0. Peer's state: bdac8111-12cf-4b14-9a03-ea98a7d0b884@group-6B9C7ADF708C:t0, leader=null, voted=, raftlog=Memoized:bdac8111-12cf-4b14-9a03-ea98a7d0b884@group-6B9C7ADF708C-SegmentedRaftLog:OPENED:c-1, conf=-1: peers:[4797470f-ac54-44b7-9b0a-d535466dc4d7|rpc:10.1.0.37:36979|dataStream:10.1.0.37:36341|priority:0|startupRole:FOLLOWER, bdac8111-12cf-4b14-9a03-ea98a7d0b884|rpc:10.1.0.37:37629|dataStream:10.1.0.37:41845|priority:0|startupRole:FOLLOWER, 91daf988-b498-4475-b6c7-add854a09df6|rpc:10.1.0.37:41877|dataStream:10.1.0.37:33815|priority:1|startupRole:FOLLOWER]|listeners:[], old=null
2023-04-11 11:24:40,310 [91daf988-b498-4475-b6c7-add854a09df6@group-6B9C7ADF708C-LeaderElection13] INFO  impl.LeaderElection (LeaderElection.java:logAndReturn(90)) - 91daf988-b498-4475-b6c7-add854a09df6@group-6B9C7ADF708C-LeaderElection13: PRE_VOTE PASSED received 1 response(s) and 0 exception(s):
2023-04-11 11:24:40,310 [91daf988-b498-4475-b6c7-add854a09df6@group-6B9C7ADF708C-LeaderElection13] INFO  impl.LeaderElection (LeaderElection.java:logAndReturn(94)) -   Response 0: 91daf988-b498-4475-b6c7-add854a09df6<-bdac8111-12cf-4b14-9a03-ea98a7d0b884#0:OK-t0
2023-04-11 11:24:40,310 [91daf988-b498-4475-b6c7-add854a09df6@group-6B9C7ADF708C-LeaderElection13] INFO  impl.LeaderElection (LeaderElection.java:askForVotes(314)) - 91daf988-b498-4475-b6c7-add854a09df6@group-6B9C7ADF708C-LeaderElection13 PRE_VOTE round 0: result PASSED
2023-04-11 11:24:40,311 [91daf988-b498-4475-b6c7-add854a09df6@group-6B9C7ADF708C-LeaderElection13] INFO  impl.LeaderElection (LeaderElection.java:askForVotes(312)) - 91daf988-b498-4475-b6c7-add854a09df6@group-6B9C7ADF708C-LeaderElection13 ELECTION round 0: submit vote requests at term 1 for -1: peers:[4797470f-ac54-44b7-9b0a-d535466dc4d7|rpc:10.1.0.37:36979|dataStream:10.1.0.37:36341|priority:0|startupRole:FOLLOWER, bdac8111-12cf-4b14-9a03-ea98a7d0b884|rpc:10.1.0.37:37629|dataStream:10.1.0.37:41845|priority:0|startupRole:FOLLOWER, 91daf988-b498-4475-b6c7-add854a09df6|rpc:10.1.0.37:41877|dataStream:10.1.0.37:33815|priority:1|startupRole:FOLLOWER]|listeners:[], old=null
2023-04-11 11:24:40,312 [91daf988-b498-4475-b6c7-add854a09df6@group-6B9C7ADF708C-LeaderElection13] INFO  server.RaftServerConfigKeys (ConfUtils.java:logFallback(53)) - raft.server.rpc.first-election.timeout.min = 5s (fallback to raft.server.rpc.timeout.min)
2023-04-11 11:24:40,312 [91daf988-b498-4475-b6c7-add854a09df6@group-6B9C7ADF708C-LeaderElection13] INFO  server.RaftServerConfigKeys (ConfUtils.java:logFallback(53)) - raft.server.rpc.first-election.timeout.max = 5200ms (fallback to raft.server.rpc.timeout.max)
2023-04-11 11:24:40,315 [grpc-default-executor-1] INFO  server.RaftServer$Division (RaftServerImpl.java:requestVote(1218)) - bdac8111-12cf-4b14-9a03-ea98a7d0b884@group-6B9C7ADF708C: receive requestVote(ELECTION, 91daf988-b498-4475-b6c7-add854a09df6, group-6B9C7ADF708C, 1, (t:0, i:0))
2023-04-11 11:24:40,315 [grpc-default-executor-1] INFO  impl.VoteContext (VoteContext.java:log(49)) - bdac8111-12cf-4b14-9a03-ea98a7d0b884@group-6B9C7ADF708C-FOLLOWER: accept ELECTION from 91daf988-b498-4475-b6c7-add854a09df6: our priority 0 <= candidate's priority 1
2023-04-11 11:24:40,315 [grpc-default-executor-1] INFO  server.RaftServer$Division (RaftServerImpl.java:setRole(321)) - bdac8111-12cf-4b14-9a03-ea98a7d0b884@group-6B9C7ADF708C: changes role from  FOLLOWER to FOLLOWER at term 1 for candidate:91daf988-b498-4475-b6c7-add854a09df6
2023-04-11 11:24:40,315 [grpc-default-executor-1] INFO  impl.RoleInfo (RoleInfo.java:shutdownFollowerState(110)) - bdac8111-12cf-4b14-9a03-ea98a7d0b884: shutdown bdac8111-12cf-4b14-9a03-ea98a7d0b884@group-6B9C7ADF708C-FollowerState
2023-04-11 11:24:40,316 [grpc-default-executor-1] INFO  impl.RoleInfo (RoleInfo.java:updateAndGet(139)) - bdac8111-12cf-4b14-9a03-ea98a7d0b884: start bdac8111-12cf-4b14-9a03-ea98a7d0b884@group-6B9C7ADF708C-FollowerState
2023-04-11 11:24:40,316 [bdac8111-12cf-4b14-9a03-ea98a7d0b884@group-6B9C7ADF708C-FollowerState] INFO  impl.FollowerState (FollowerState.java:run(152)) - bdac8111-12cf-4b14-9a03-ea98a7d0b884@group-6B9C7ADF708C-FollowerState was interrupted
2023-04-11 11:24:40,316 [bdac8111-12cf-4b14-9a03-ea98a7d0b884@group-6B9C7ADF708C-FollowerState] INFO  server.RaftServerConfigKeys (ConfUtils.java:logFallback(53)) - raft.server.rpc.first-election.timeout.min = 5s (fallback to raft.server.rpc.timeout.min)
2023-04-11 11:24:40,316 [bdac8111-12cf-4b14-9a03-ea98a7d0b884@group-6B9C7ADF708C-FollowerState] INFO  server.RaftServerConfigKeys (ConfUtils.java:logFallback(53)) - raft.server.rpc.first-election.timeout.max = 5200ms (fallback to raft.server.rpc.timeout.max)
2023-04-11 11:24:40,317 [grpc-default-executor-1] INFO  server.RaftServer$Division (RaftServerImpl.java:requestVote(1251)) - bdac8111-12cf-4b14-9a03-ea98a7d0b884@group-6B9C7ADF708C replies to ELECTION vote request: 91daf988-b498-4475-b6c7-add854a09df6<-bdac8111-12cf-4b14-9a03-ea98a7d0b884#0:OK-t1. Peer's state: bdac8111-12cf-4b14-9a03-ea98a7d0b884@group-6B9C7ADF708C:t1, leader=null, voted=91daf988-b498-4475-b6c7-add854a09df6, raftlog=Memoized:bdac8111-12cf-4b14-9a03-ea98a7d0b884@group-6B9C7ADF708C-SegmentedRaftLog:OPENED:c-1, conf=-1: peers:[4797470f-ac54-44b7-9b0a-d535466dc4d7|rpc:10.1.0.37:36979|dataStream:10.1.0.37:36341|priority:0|startupRole:FOLLOWER, bdac8111-12cf-4b14-9a03-ea98a7d0b884|rpc:10.1.0.37:37629|dataStream:10.1.0.37:41845|priority:0|startupRole:FOLLOWER, 91daf988-b498-4475-b6c7-add854a09df6|rpc:10.1.0.37:41877|dataStream:10.1.0.37:33815|priority:1|startupRole:FOLLOWER]|listeners:[], old=null
2023-04-11 11:24:40,318 [91daf988-b498-4475-b6c7-add854a09df6@group-6B9C7ADF708C-LeaderElection13] INFO  impl.LeaderElection (LeaderElection.java:logAndReturn(90)) - 91daf988-b498-4475-b6c7-add854a09df6@group-6B9C7ADF708C-LeaderElection13: ELECTION PASSED received 1 response(s) and 0 exception(s):
2023-04-11 11:24:40,318 [91daf988-b498-4475-b6c7-add854a09df6@group-6B9C7ADF708C-LeaderElection13] INFO  impl.LeaderElection (LeaderElection.java:logAndReturn(94)) -   Response 0: 91daf988-b498-4475-b6c7-add854a09df6<-bdac8111-12cf-4b14-9a03-ea98a7d0b884#0:OK-t1
2023-04-11 11:24:40,318 [91daf988-b498-4475-b6c7-add854a09df6@group-6B9C7ADF708C-LeaderElection13] INFO  impl.LeaderElection (LeaderElection.java:askForVotes(314)) - 91daf988-b498-4475-b6c7-add854a09df6@group-6B9C7ADF708C-LeaderElection13 ELECTION round 0: result PASSED
2023-04-11 11:24:40,318 [91daf988-b498-4475-b6c7-add854a09df6@group-6B9C7ADF708C-LeaderElection13] INFO  impl.RoleInfo (RoleInfo.java:shutdownLeaderElection(130)) - 91daf988-b498-4475-b6c7-add854a09df6: shutdown 91daf988-b498-4475-b6c7-add854a09df6@group-6B9C7ADF708C-LeaderElection13
2023-04-11 11:24:40,318 [91daf988-b498-4475-b6c7-add854a09df6@group-6B9C7ADF708C-LeaderElection13] INFO  server.RaftServer$Division (RaftServerImpl.java:setRole(321)) - 91daf988-b498-4475-b6c7-add854a09df6@group-6B9C7ADF708C: changes role from CANDIDATE to LEADER at term 1 for changeToLeader
2023-04-11 11:24:40,318 [91daf988-b498-4475-b6c7-add854a09df6@group-6B9C7ADF708C-LeaderElection13] INFO  ratis.XceiverServerRatis (XceiverServerRatis.java:handleLeaderChangedNotification(904)) - Leader change notification received for group: group-6B9C7ADF708C with new leaderId: 91daf988-b498-4475-b6c7-add854a09df6
2023-04-11 11:24:40,318 [91daf988-b498-4475-b6c7-add854a09df6@group-6B9C7ADF708C-LeaderElection13] INFO  server.RaftServer$Division (ServerState.java:setLeader(313)) - 91daf988-b498-4475-b6c7-add854a09df6@group-6B9C7ADF708C: change Leader from null to 91daf988-b498-4475-b6c7-add854a09df6 at term 1 for becomeLeader, leader elected after 5562ms
2023-04-11 11:24:40,318 [91daf988-b498-4475-b6c7-add854a09df6@group-6B9C7ADF708C-LeaderElection13] INFO  server.RaftServerConfigKeys (ConfUtils.java:logGet(46)) - raft.server.staging.catchup.gap = 1000 (default)
2023-04-11 11:24:40,318 [91daf988-b498-4475-b6c7-add854a09df6@group-6B9C7ADF708C-LeaderElection13] INFO  server.RaftServerConfigKeys (ConfUtils.java:logGet(46)) - raft.server.write.element-limit = 1024 (custom)
2023-04-11 11:24:40,318 [91daf988-b498-4475-b6c7-add854a09df6@group-6B9C7ADF708C-LeaderElection13] INFO  server.RaftServerConfigKeys (ConfUtils.java:logGet(46)) - raft.server.write.byte-limit = 1024 M (=1073741824) (custom)
2023-04-11 11:24:40,319 [91daf988-b498-4475-b6c7-add854a09df6@group-6B9C7ADF708C-LeaderElection13] INFO  server.RaftServerConfigKeys (ConfUtils.java:logGet(46)) - raft.server.watch.timeout = 180s (custom)
2023-04-11 11:24:40,319 [91daf988-b498-4475-b6c7-add854a09df6@group-6B9C7ADF708C-LeaderElection13] INFO  server.RaftServerConfigKeys (ConfUtils.java:logGet(46)) - raft.server.watch.timeout.denomination = 1s (default)
2023-04-11 11:24:40,319 [91daf988-b498-4475-b6c7-add854a09df6@group-6B9C7ADF708C-LeaderElection13] INFO  server.RaftServerConfigKeys (ConfUtils.java:logGet(46)) - raft.server.watch.element-limit = 65536 (default)
2023-04-11 11:24:40,319 [91daf988-b498-4475-b6c7-add854a09df6@group-6B9C7ADF708C-LeaderElection13] INFO  server.RaftServerConfigKeys (ConfUtils.java:logGet(46)) - raft.server.write.element-limit = 1024 (custom)
2023-04-11 11:24:40,319 [91daf988-b498-4475-b6c7-add854a09df6@group-6B9C7ADF708C-LeaderElection13] INFO  server.RaftServerConfigKeys (ConfUtils.java:logGet(46)) - raft.server.write.follower.gap.ratio.max = -1.0 (default)
2023-04-11 11:24:40,319 [91daf988-b498-4475-b6c7-add854a09df6@group-6B9C7ADF708C-LeaderElection13] INFO  server.RaftServerConfigKeys (ConfUtils.java:logGet(46)) - raft.server.log.appender.snapshot.chunk.size.max = 16MB (=16777216) (default)
2023-04-11 11:24:40,319 [91daf988-b498-4475-b6c7-add854a09df6@group-6B9C7ADF708C-LeaderElection13] INFO  server.RaftServerConfigKeys (ConfUtils.java:logGet(46)) - raft.server.log.appender.buffer.byte-limit = 33554432 (custom)
2023-04-11 11:24:40,319 [91daf988-b498-4475-b6c7-add854a09df6@group-6B9C7ADF708C-LeaderElection13] INFO  server.RaftServerConfigKeys (ConfUtils.java:logGet(46)) - raft.server.log.appender.buffer.element-limit = 1 (custom)
2023-04-11 11:24:40,319 [91daf988-b498-4475-b6c7-add854a09df6@group-6B9C7ADF708C-LeaderElection13] INFO  grpc.GrpcConfigKeys (ConfUtils.java:logGet(46)) - raft.grpc.server.leader.outstanding.appends.max = 128 (default)
2023-04-11 11:24:40,320 [91daf988-b498-4475-b6c7-add854a09df6@group-6B9C7ADF708C-LeaderElection13] INFO  server.RaftServerConfigKeys (ConfUtils.java:logGet(46)) - raft.server.rpc.request.timeout = 60s (custom)
2023-04-11 11:24:40,320 [91daf988-b498-4475-b6c7-add854a09df6@group-6B9C7ADF708C-LeaderElection13] INFO  server.RaftServerConfigKeys (ConfUtils.java:logGet(46)) - raft.server.log.appender.install.snapshot.enabled = false (custom)
2023-04-11 11:24:40,320 [91daf988-b498-4475-b6c7-add854a09df6@group-6B9C7ADF708C-LeaderElection13] INFO  grpc.GrpcConfigKeys (ConfUtils.java:logGet(46)) - raft.grpc.server.heartbeat.channel = true (default)
2023-04-11 11:24:40,320 [91daf988-b498-4475-b6c7-add854a09df6@group-6B9C7ADF708C-LeaderElection13] INFO  server.RaftServerConfigKeys (ConfUtils.java:logGet(46)) - raft.server.log.appender.wait-time.min = 10ms (default)
2023-04-11 11:24:40,320 [91daf988-b498-4475-b6c7-add854a09df6@group-6B9C7ADF708C-LeaderElection13] INFO  server.RaftServerConfigKeys (ConfUtils.java:logGet(46)) - raft.server.log.appender.snapshot.chunk.size.max = 16MB (=16777216) (default)
2023-04-11 11:24:40,320 [91daf988-b498-4475-b6c7-add854a09df6@group-6B9C7ADF708C-LeaderElection13] INFO  server.RaftServerConfigKeys (ConfUtils.java:logGet(46)) - raft.server.log.appender.buffer.byte-limit = 33554432 (custom)
2023-04-11 11:24:40,321 [EventQueue-PipelineReportForPipelineReportHandler] INFO  pipeline.PipelineManagerImpl (PipelineManagerImpl.java:openPipeline(367)) - Pipeline Pipeline[ Id: d2227c34-c137-466d-93f5-6b9c7adf708c, Nodes: bdac8111-12cf-4b14-9a03-ea98a7d0b884(fv-az590-525.scpgifznvsounmmscp2whtfmwe.cx.internal.cloudapp.net/10.1.0.37)91daf988-b498-4475-b6c7-add854a09df6(fv-az590-525.scpgifznvsounmmscp2whtfmwe.cx.internal.cloudapp.net/10.1.0.37)4797470f-ac54-44b7-9b0a-d535466dc4d7(fv-az590-525.scpgifznvsounmmscp2whtfmwe.cx.internal.cloudapp.net/10.1.0.37), ReplicationConfig: RATIS/THREE, State:ALLOCATED, leaderId:91daf988-b498-4475-b6c7-add854a09df6, CreationTimestamp2023-04-11T11:24:32.368Z[Etc/UTC]] moved to OPEN state
2023-04-11 11:24:40,323 [EventQueue-OpenPipelineForHealthyPipelineSafeModeRule] INFO  safemode.SCMSafeModeManager (HealthyPipelineSafeModeRule.java:process(137)) - SCM in safe mode. Healthy pipelines reported count is 1, required healthy pipeline reported count is 1
2023-04-11 11:24:40,323 [91daf988-b498-4475-b6c7-add854a09df6@group-6B9C7ADF708C-LeaderElection13] INFO  server.RaftServerConfigKeys (ConfUtils.java:logGet(46)) - raft.server.log.appender.buffer.element-limit = 1 (custom)
2023-04-11 11:24:40,323 [EventQueue-OpenPipelineForHealthyPipelineSafeModeRule] INFO  safemode.SCMSafeModeManager (SCMSafeModeManager.java:validateSafeModeExitRules(200)) - HealthyPipelineSafeModeRule rule is successfully validated
2023-04-11 11:24:40,323 [EventQueue-OpenPipelineForHealthyPipelineSafeModeRule] INFO  safemode.SCMSafeModeManager (SCMSafeModeManager.java:validateSafeModeExitRules(215)) - ScmSafeModeManager, all rules are successfully validated
2023-04-11 11:24:40,323 [91daf988-b498-4475-b6c7-add854a09df6@group-6B9C7ADF708C-LeaderElection13] INFO  grpc.GrpcConfigKeys (ConfUtils.java:logGet(46)) - raft.grpc.server.leader.outstanding.appends.max = 128 (default)
2023-04-11 11:24:40,323 [EventQueue-OpenPipelineForHealthyPipelineSafeModeRule] INFO  safemode.SCMSafeModeManager (SCMSafeModeManager.java:exitSafeMode(244)) - SCM exiting safe mode.
2023-04-11 11:24:40,324 [91daf988-b498-4475-b6c7-add854a09df6@group-6B9C7ADF708C-LeaderElection13] INFO  server.RaftServerConfigKeys (ConfUtils.java:logGet(46)) - raft.server.rpc.request.timeout = 60s (custom)
2023-04-11 11:24:40,324 [EventQueue-OpenPipelineForHealthyPipelineSafeModeRule] INFO  ha.SCMContext (SCMContext.java:updateSafeModeStatus(228)) - Update SafeModeStatus from SafeModeStatus{safeModeStatus=true, preCheckPassed=true} to SafeModeStatus{safeModeStatus=false, preCheckPassed=true}.
2023-04-11 11:24:40,324 [91daf988-b498-4475-b6c7-add854a09df6@group-6B9C7ADF708C-LeaderElection13] INFO  server.RaftServerConfigKeys (ConfUtils.java:logGet(46)) - raft.server.log.appender.install.snapshot.enabled = false (custom)
2023-04-11 11:24:40,324 [EventQueue-OpenPipelineForHealthyPipelineSafeModeRule] INFO  pipeline.BackgroundPipelineCreator (BackgroundPipelineCreator.java:notifyStatusChanged(254)) - Service BackgroundPipelineCreator transitions to RUNNING.
2023-04-11 11:24:40,324 [91daf988-b498-4475-b6c7-add854a09df6@group-6B9C7ADF708C-LeaderElection13] INFO  grpc.GrpcConfigKeys (ConfUtils.java:logGet(46)) - raft.grpc.server.heartbeat.channel = true (default)
2023-04-11 11:24:40,324 [EventQueue-OpenPipelineForHealthyPipelineSafeModeRule] INFO  BackgroundPipelineScrubber (BackgroundSCMService.java:notifyStatusChanged(82)) - Service BackgroundPipelineScrubber transitions to RUNNING.
2023-04-11 11:24:40,324 [91daf988-b498-4475-b6c7-add854a09df6@group-6B9C7ADF708C-LeaderElection13] INFO  server.RaftServerConfigKeys (ConfUtils.java:logGet(46)) - raft.server.log.appender.wait-time.min = 10ms (default)
2023-04-11 11:24:40,324 [EventQueue-OpenPipelineForHealthyPipelineSafeModeRule] INFO  ExpiredContainerReplicaOpScrubber (BackgroundSCMService.java:notifyStatusChanged(82)) - Service ExpiredContainerReplicaOpScrubber transitions to RUNNING.
2023-04-11 11:24:40,324 [EventQueue-OpenPipelineForHealthyPipelineSafeModeRule] INFO  replication.ReplicationManager (ReplicationManager.java:notifyStatusChanged(1371)) - Service ReplicationManager transitions to RUNNING.
2023-04-11 11:24:40,325 [91daf988-b498-4475-b6c7-add854a09df6@group-6B9C7ADF708C-LeaderElection13] INFO  impl.RoleInfo (RoleInfo.java:updateAndGet(139)) - 91daf988-b498-4475-b6c7-add854a09df6: start 91daf988-b498-4475-b6c7-add854a09df6@group-6B9C7ADF708C-LeaderStateImpl
2023-04-11 11:24:40,325 [EventQueue-OpenPipelineForHealthyPipelineSafeModeRule] WARN  balancer.ContainerBalancer (ContainerBalancer.java:shouldRun(132)) - Could not find persisted configuration for ContainerBalancer when checking if ContainerBalancer should run. ContainerBalancer should not run now.
2023-04-11 11:24:40,326 [91daf988-b498-4475-b6c7-add854a09df6@group-6B9C7ADF708C-LeaderElection13] INFO  segmented.SegmentedRaftLogWorker (SegmentedRaftLogWorker.java:startLogSegment(452)) - 91daf988-b498-4475-b6c7-add854a09df6@group-6B9C7ADF708C-SegmentedRaftLogWorker: Starting segment from index:0
2023-04-11 11:24:40,341 [91daf988-b498-4475-b6c7-add854a09df6@group-6B9C7ADF708C-LeaderElection13] INFO  server.RaftServer$Division (ServerState.java:setRaftConf(430)) - 91daf988-b498-4475-b6c7-add854a09df6@group-6B9C7ADF708C: set configuration 0: peers:[4797470f-ac54-44b7-9b0a-d535466dc4d7|rpc:10.1.0.37:36979|dataStream:10.1.0.37:36341|priority:0|startupRole:FOLLOWER, bdac8111-12cf-4b14-9a03-ea98a7d0b884|rpc:10.1.0.37:37629|dataStream:10.1.0.37:41845|priority:0|startupRole:FOLLOWER, 91daf988-b498-4475-b6c7-add854a09df6|rpc:10.1.0.37:41877|dataStream:10.1.0.37:33815|priority:1|startupRole:FOLLOWER]|listeners:[], old=null
2023-04-11 11:24:40,343 [91daf988-b498-4475-b6c7-add854a09df6@group-6B9C7ADF708C-SegmentedRaftLogWorker] INFO  segmented.SegmentedRaftLogWorker (SegmentedRaftLogWorker.java:execute(656)) - 91daf988-b498-4475-b6c7-add854a09df6@group-6B9C7ADF708C-SegmentedRaftLogWorker: created new log segment /home/runner/work/ozone/ozone/hadoop-ozone/integration-test/target/test-dir/MiniOzoneClusterImpl-9aae7230-fa35-4b48-a53d-d03fd74ea8aa/datanode-1/data/ratis/d2227c34-c137-466d-93f5-6b9c7adf708c/current/log_inprogress_0
2023-04-11 11:24:40,344 [4797470f-ac54-44b7-9b0a-d535466dc4d7@group-6B9C7ADF708C-FollowerState] INFO  server.RaftServerConfigKeys (ConfUtils.java:logFallback(53)) - raft.server.rpc.first-election.timeout.min = 5s (fallback to raft.server.rpc.timeout.min)
2023-04-11 11:24:40,344 [4797470f-ac54-44b7-9b0a-d535466dc4d7@group-6B9C7ADF708C-FollowerState] INFO  server.RaftServerConfigKeys (ConfUtils.java:logFallback(53)) - raft.server.rpc.first-election.timeout.max = 5200ms (fallback to raft.server.rpc.timeout.max)
2023-04-11 11:24:40,347 [91daf988-b498-4475-b6c7-add854a09df6@group-380FF8F693E5-FollowerState] INFO  impl.FollowerState (FollowerState.java:run(143)) - 91daf988-b498-4475-b6c7-add854a09df6@group-380FF8F693E5-FollowerState: change to CANDIDATE, lastRpcElapsedTime:5070467706ns, electionTimeout:5051ms
2023-04-11 11:24:40,347 [91daf988-b498-4475-b6c7-add854a09df6@group-380FF8F693E5-FollowerState] INFO  impl.RoleInfo (RoleInfo.java:shutdownFollowerState(110)) - 91daf988-b498-4475-b6c7-add854a09df6: shutdown 91daf988-b498-4475-b6c7-add854a09df6@group-380FF8F693E5-FollowerState
2023-04-11 11:24:40,347 [91daf988-b498-4475-b6c7-add854a09df6@group-380FF8F693E5-FollowerState] INFO  server.RaftServer$Division (RaftServerImpl.java:setRole(321)) - 91daf988-b498-4475-b6c7-add854a09df6@group-380FF8F693E5: changes role from  FOLLOWER to CANDIDATE at term 0 for changeToCandidate
2023-04-11 11:24:40,347 [91daf988-b498-4475-b6c7-add854a09df6@group-380FF8F693E5-FollowerState] INFO  server.RaftServerConfigKeys (ConfUtils.java:logGet(46)) - raft.server.leaderelection.pre-vote = true (default)
2023-04-11 11:24:40,348 [91daf988-b498-4475-b6c7-add854a09df6@group-380FF8F693E5-FollowerState] INFO  impl.RoleInfo (RoleInfo.java:updateAndGet(139)) - 91daf988-b498-4475-b6c7-add854a09df6: start 91daf988-b498-4475-b6c7-add854a09df6@group-380FF8F693E5-LeaderElection14
2023-04-11 11:24:40,354 [grpc-default-executor-1] INFO  server.RaftServer$Division (RaftServerImpl.java:requestVote(1218)) - 4797470f-ac54-44b7-9b0a-d535466dc4d7@group-6B9C7ADF708C: receive requestVote(ELECTION, 91daf988-b498-4475-b6c7-add854a09df6, group-6B9C7ADF708C, 1, (t:0, i:0))
2023-04-11 11:24:40,354 [grpc-default-executor-1] INFO  impl.VoteContext (VoteContext.java:log(49)) - 4797470f-ac54-44b7-9b0a-d535466dc4d7@group-6B9C7ADF708C-FOLLOWER: accept ELECTION from 91daf988-b498-4475-b6c7-add854a09df6: our priority 0 <= candidate's priority 1
2023-04-11 11:24:40,354 [grpc-default-executor-1] INFO  server.RaftServer$Division (RaftServerImpl.java:setRole(321)) - 4797470f-ac54-44b7-9b0a-d535466dc4d7@group-6B9C7ADF708C: changes role from  FOLLOWER to FOLLOWER at term 1 for candidate:91daf988-b498-4475-b6c7-add854a09df6
2023-04-11 11:24:40,354 [grpc-default-executor-1] INFO  impl.RoleInfo (RoleInfo.java:shutdownFollowerState(110)) - 4797470f-ac54-44b7-9b0a-d535466dc4d7: shutdown 4797470f-ac54-44b7-9b0a-d535466dc4d7@group-6B9C7ADF708C-FollowerState
2023-04-11 11:24:40,354 [grpc-default-executor-1] INFO  impl.RoleInfo (RoleInfo.java:updateAndGet(139)) - 4797470f-ac54-44b7-9b0a-d535466dc4d7: start 4797470f-ac54-44b7-9b0a-d535466dc4d7@group-6B9C7ADF708C-FollowerState
2023-04-11 11:24:40,354 [4797470f-ac54-44b7-9b0a-d535466dc4d7@group-6B9C7ADF708C-FollowerState] INFO  impl.FollowerState (FollowerState.java:run(152)) - 4797470f-ac54-44b7-9b0a-d535466dc4d7@group-6B9C7ADF708C-FollowerState was interrupted
2023-04-11 11:24:40,357 [grpc-default-executor-1] INFO  server.RaftServer$Division (RaftServerImpl.java:requestVote(1251)) - 4797470f-ac54-44b7-9b0a-d535466dc4d7@group-6B9C7ADF708C replies to ELECTION vote request: 91daf988-b498-4475-b6c7-add854a09df6<-4797470f-ac54-44b7-9b0a-d535466dc4d7#0:OK-t1. Peer's state: 4797470f-ac54-44b7-9b0a-d535466dc4d7@group-6B9C7ADF708C:t1, leader=null, voted=91daf988-b498-4475-b6c7-add854a09df6, raftlog=Memoized:4797470f-ac54-44b7-9b0a-d535466dc4d7@group-6B9C7ADF708C-SegmentedRaftLog:OPENED:c-1, conf=-1: peers:[4797470f-ac54-44b7-9b0a-d535466dc4d7|rpc:10.1.0.37:36979|dataStream:10.1.0.37:36341|priority:0|startupRole:FOLLOWER, bdac8111-12cf-4b14-9a03-ea98a7d0b884|rpc:10.1.0.37:37629|dataStream:10.1.0.37:41845|priority:0|startupRole:FOLLOWER, 91daf988-b498-4475-b6c7-add854a09df6|rpc:10.1.0.37:41877|dataStream:10.1.0.37:33815|priority:1|startupRole:FOLLOWER]|listeners:[], old=null
2023-04-11 11:24:40,365 [91daf988-b498-4475-b6c7-add854a09df6@group-380FF8F693E5-LeaderElection14] INFO  impl.LeaderElection (LeaderElection.java:askForVotes(312)) - 91daf988-b498-4475-b6c7-add854a09df6@group-380FF8F693E5-LeaderElection14 PRE_VOTE round 0: submit vote requests at term 0 for -1: peers:[91daf988-b498-4475-b6c7-add854a09df6|rpc:10.1.0.37:41877|dataStream:10.1.0.37:33815|priority:1|startupRole:FOLLOWER]|listeners:[], old=null
2023-04-11 11:24:40,365 [91daf988-b498-4475-b6c7-add854a09df6@group-380FF8F693E5-LeaderElection14] INFO  impl.LeaderElection (LeaderElection.java:askForVotes(314)) - 91daf988-b498-4475-b6c7-add854a09df6@group-380FF8F693E5-LeaderElection14 PRE_VOTE round 0: result PASSED (term=0)
2023-04-11 11:24:40,366 [4797470f-ac54-44b7-9b0a-d535466dc4d7@group-6B9C7ADF708C-FollowerState] INFO  server.RaftServerConfigKeys (ConfUtils.java:logFallback(53)) - raft.server.rpc.first-election.timeout.min = 5s (fallback to raft.server.rpc.timeout.min)
2023-04-11 11:24:40,366 [4797470f-ac54-44b7-9b0a-d535466dc4d7@group-6B9C7ADF708C-FollowerState] INFO  server.RaftServerConfigKeys (ConfUtils.java:logFallback(53)) - raft.server.rpc.first-election.timeout.max = 5200ms (fallback to raft.server.rpc.timeout.max)
2023-04-11 11:24:40,366 [grpc-default-executor-4] INFO  server.RaftServer$Division (RaftServerImpl.java:requestVote(1218)) - 4797470f-ac54-44b7-9b0a-d535466dc4d7@group-6B9C7ADF708C: receive requestVote(PRE_VOTE, 91daf988-b498-4475-b6c7-add854a09df6, group-6B9C7ADF708C, 0, (t:0, i:0))
2023-04-11 11:24:40,367 [grpc-default-executor-4] INFO  impl.VoteContext (VoteContext.java:log(49)) - 4797470f-ac54-44b7-9b0a-d535466dc4d7@group-6B9C7ADF708C-FOLLOWER: accept PRE_VOTE from 91daf988-b498-4475-b6c7-add854a09df6: our priority 0 <= candidate's priority 1
2023-04-11 11:24:40,367 [grpc-default-executor-4] INFO  server.RaftServer$Division (RaftServerImpl.java:requestVote(1251)) - 4797470f-ac54-44b7-9b0a-d535466dc4d7@group-6B9C7ADF708C replies to PRE_VOTE vote request: 91daf988-b498-4475-b6c7-add854a09df6<-4797470f-ac54-44b7-9b0a-d535466dc4d7#0:OK-t1. Peer's state: 4797470f-ac54-44b7-9b0a-d535466dc4d7@group-6B9C7ADF708C:t1, leader=null, voted=91daf988-b498-4475-b6c7-add854a09df6, raftlog=Memoized:4797470f-ac54-44b7-9b0a-d535466dc4d7@group-6B9C7ADF708C-SegmentedRaftLog:OPENED:c-1, conf=-1: peers:[4797470f-ac54-44b7-9b0a-d535466dc4d7|rpc:10.1.0.37:36979|dataStream:10.1.0.37:36341|priority:0|startupRole:FOLLOWER, bdac8111-12cf-4b14-9a03-ea98a7d0b884|rpc:10.1.0.37:37629|dataStream:10.1.0.37:41845|priority:0|startupRole:FOLLOWER, 91daf988-b498-4475-b6c7-add854a09df6|rpc:10.1.0.37:41877|dataStream:10.1.0.37:33815|priority:1|startupRole:FOLLOWER]|listeners:[], old=null
2023-04-11 11:24:40,366 [91daf988-b498-4475-b6c7-add854a09df6@group-380FF8F693E5-LeaderElection14] INFO  impl.LeaderElection (LeaderElection.java:askForVotes(312)) - 91daf988-b498-4475-b6c7-add854a09df6@group-380FF8F693E5-LeaderElection14 ELECTION round 0: submit vote requests at term 1 for -1: peers:[91daf988-b498-4475-b6c7-add854a09df6|rpc:10.1.0.37:41877|dataStream:10.1.0.37:33815|priority:1|startupRole:FOLLOWER]|listeners:[], old=null
2023-04-11 11:24:40,370 [91daf988-b498-4475-b6c7-add854a09df6@group-380FF8F693E5-LeaderElection14] INFO  impl.LeaderElection (LeaderElection.java:askForVotes(314)) - 91daf988-b498-4475-b6c7-add854a09df6@group-380FF8F693E5-LeaderElection14 ELECTION round 0: result PASSED (term=1)
2023-04-11 11:24:40,370 [91daf988-b498-4475-b6c7-add854a09df6@group-380FF8F693E5-LeaderElection14] INFO  impl.RoleInfo (RoleInfo.java:shutdownLeaderElection(130)) - 91daf988-b498-4475-b6c7-add854a09df6: shutdown 91daf988-b498-4475-b6c7-add854a09df6@group-380FF8F693E5-LeaderElection14
2023-04-11 11:24:40,370 [91daf988-b498-4475-b6c7-add854a09df6@group-380FF8F693E5-LeaderElection14] INFO  server.RaftServer$Division (RaftServerImpl.java:setRole(321)) - 91daf988-b498-4475-b6c7-add854a09df6@group-380FF8F693E5: changes role from CANDIDATE to LEADER at term 1 for changeToLeader
2023-04-11 11:24:40,370 [91daf988-b498-4475-b6c7-add854a09df6@group-380FF8F693E5-LeaderElection14] INFO  ratis.XceiverServerRatis (XceiverServerRatis.java:handleLeaderChangedNotification(904)) - Leader change notification received for group: group-380FF8F693E5 with new leaderId: 91daf988-b498-4475-b6c7-add854a09df6
2023-04-11 11:24:40,370 [91daf988-b498-4475-b6c7-add854a09df6@group-380FF8F693E5-LeaderElection14] INFO  server.RaftServer$Division (ServerState.java:setLeader(313)) - 91daf988-b498-4475-b6c7-add854a09df6@group-380FF8F693E5: change Leader from null to 91daf988-b498-4475-b6c7-add854a09df6 at term 1 for becomeLeader, leader elected after 5117ms
2023-04-11 11:24:40,370 [91daf988-b498-4475-b6c7-add854a09df6@group-380FF8F693E5-LeaderElection14] INFO  server.RaftServerConfigKeys (ConfUtils.java:logGet(46)) - raft.server.staging.catchup.gap = 1000 (default)
2023-04-11 11:24:40,370 [91daf988-b498-4475-b6c7-add854a09df6@group-380FF8F693E5-LeaderElection14] INFO  server.RaftServerConfigKeys (ConfUtils.java:logGet(46)) - raft.server.write.element-limit = 1024 (custom)
2023-04-11 11:24:40,370 [91daf988-b498-4475-b6c7-add854a09df6@group-380FF8F693E5-LeaderElection14] INFO  server.RaftServerConfigKeys (ConfUtils.java:logGet(46)) - raft.server.write.byte-limit = 1024 M (=1073741824) (custom)
2023-04-11 11:24:40,371 [91daf988-b498-4475-b6c7-add854a09df6@group-380FF8F693E5-LeaderElection14] INFO  server.RaftServerConfigKeys (ConfUtils.java:logGet(46)) - raft.server.watch.timeout = 180s (custom)
2023-04-11 11:24:40,371 [91daf988-b498-4475-b6c7-add854a09df6@group-380FF8F693E5-LeaderElection14] INFO  server.RaftServerConfigKeys (ConfUtils.java:logGet(46)) - raft.server.watch.timeout.denomination = 1s (default)
2023-04-11 11:24:40,371 [91daf988-b498-4475-b6c7-add854a09df6@group-380FF8F693E5-LeaderElection14] INFO  server.RaftServerConfigKeys (ConfUtils.java:logGet(46)) - raft.server.watch.element-limit = 65536 (default)
2023-04-11 11:24:40,371 [91daf988-b498-4475-b6c7-add854a09df6@group-380FF8F693E5-LeaderElection14] INFO  server.RaftServerConfigKeys (ConfUtils.java:logGet(46)) - raft.server.write.element-limit = 1024 (custom)
2023-04-11 11:24:40,371 [91daf988-b498-4475-b6c7-add854a09df6@group-380FF8F693E5-LeaderElection14] INFO  server.RaftServerConfigKeys (ConfUtils.java:logGet(46)) - raft.server.write.follower.gap.ratio.max = -1.0 (default)
2023-04-11 11:24:40,371 [91daf988-b498-4475-b6c7-add854a09df6@group-380FF8F693E5-LeaderElection14] INFO  impl.RoleInfo (RoleInfo.java:updateAndGet(139)) - 91daf988-b498-4475-b6c7-add854a09df6: start 91daf988-b498-4475-b6c7-add854a09df6@group-380FF8F693E5-LeaderStateImpl
2023-04-11 11:24:40,371 [91daf988-b498-4475-b6c7-add854a09df6@group-380FF8F693E5-LeaderElection14] INFO  segmented.SegmentedRaftLogWorker (SegmentedRaftLogWorker.java:startLogSegment(452)) - 91daf988-b498-4475-b6c7-add854a09df6@group-380FF8F693E5-SegmentedRaftLogWorker: Starting segment from index:0
2023-04-11 11:24:40,373 [bdac8111-12cf-4b14-9a03-ea98a7d0b884-server-thread1] INFO  ratis.XceiverServerRatis (XceiverServerRatis.java:handleLeaderChangedNotification(904)) - Leader change notification received for group: group-6B9C7ADF708C with new leaderId: 91daf988-b498-4475-b6c7-add854a09df6
2023-04-11 11:24:40,373 [bdac8111-12cf-4b14-9a03-ea98a7d0b884-server-thread1] INFO  server.RaftServer$Division (ServerState.java:setLeader(313)) - bdac8111-12cf-4b14-9a03-ea98a7d0b884@group-6B9C7ADF708C: change Leader from null to 91daf988-b498-4475-b6c7-add854a09df6 at term 1 for appendEntries, leader elected after 5665ms
2023-04-11 11:24:40,374 [91daf988-b498-4475-b6c7-add854a09df6@group-380FF8F693E5-SegmentedRaftLogWorker] INFO  segmented.SegmentedRaftLogWorker (SegmentedRaftLogWorker.java:execute(656)) - 91daf988-b498-4475-b6c7-add854a09df6@group-380FF8F693E5-SegmentedRaftLogWorker: created new log segment /home/runner/work/ozone/ozone/hadoop-ozone/integration-test/target/test-dir/MiniOzoneClusterImpl-9aae7230-fa35-4b48-a53d-d03fd74ea8aa/datanode-1/data/ratis/d058f862-c72a-4290-b8a3-380ff8f693e5/current/log_inprogress_0
2023-04-11 11:24:40,383 [bdac8111-12cf-4b14-9a03-ea98a7d0b884-server-thread1] INFO  server.RaftServer$Division (ServerState.java:setRaftConf(430)) - bdac8111-12cf-4b14-9a03-ea98a7d0b884@group-6B9C7ADF708C: set configuration 0: peers:[4797470f-ac54-44b7-9b0a-d535466dc4d7|rpc:10.1.0.37:36979|dataStream:10.1.0.37:36341|priority:0|startupRole:FOLLOWER, bdac8111-12cf-4b14-9a03-ea98a7d0b884|rpc:10.1.0.37:37629|dataStream:10.1.0.37:41845|priority:0|startupRole:FOLLOWER, 91daf988-b498-4475-b6c7-add854a09df6|rpc:10.1.0.37:41877|dataStream:10.1.0.37:33815|priority:1|startupRole:FOLLOWER]|listeners:[], old=null
2023-04-11 11:24:40,383 [bdac8111-12cf-4b14-9a03-ea98a7d0b884-server-thread1] INFO  segmented.SegmentedRaftLogWorker (SegmentedRaftLogWorker.java:startLogSegment(452)) - bdac8111-12cf-4b14-9a03-ea98a7d0b884@group-6B9C7ADF708C-SegmentedRaftLogWorker: Starting segment from index:0
2023-04-11 11:24:40,384 [91daf988-b498-4475-b6c7-add854a09df6@group-380FF8F693E5-LeaderElection14] INFO  server.RaftServer$Division (ServerState.java:setRaftConf(430)) - 91daf988-b498-4475-b6c7-add854a09df6@group-380FF8F693E5: set configuration 0: peers:[91daf988-b498-4475-b6c7-add854a09df6|rpc:10.1.0.37:41877|dataStream:10.1.0.37:33815|priority:1|startupRole:FOLLOWER]|listeners:[], old=null
2023-04-11 11:24:40,391 [bdac8111-12cf-4b14-9a03-ea98a7d0b884@group-6B9C7ADF708C-SegmentedRaftLogWorker] INFO  segmented.SegmentedRaftLogWorker (SegmentedRaftLogWorker.java:execute(656)) - bdac8111-12cf-4b14-9a03-ea98a7d0b884@group-6B9C7ADF708C-SegmentedRaftLogWorker: created new log segment /home/runner/work/ozone/ozone/hadoop-ozone/integration-test/target/test-dir/MiniOzoneClusterImpl-9aae7230-fa35-4b48-a53d-d03fd74ea8aa/datanode-0/data/ratis/d2227c34-c137-466d-93f5-6b9c7adf708c/current/log_inprogress_0
2023-04-11 11:24:40,396 [4797470f-ac54-44b7-9b0a-d535466dc4d7-server-thread1] INFO  ratis.XceiverServerRatis (XceiverServerRatis.java:handleLeaderChangedNotification(904)) - Leader change notification received for group: group-6B9C7ADF708C with new leaderId: 91daf988-b498-4475-b6c7-add854a09df6
2023-04-11 11:24:40,396 [4797470f-ac54-44b7-9b0a-d535466dc4d7-server-thread1] INFO  server.RaftServer$Division (ServerState.java:setLeader(313)) - 4797470f-ac54-44b7-9b0a-d535466dc4d7@group-6B9C7ADF708C: change Leader from null to 91daf988-b498-4475-b6c7-add854a09df6 at term 1 for appendEntries, leader elected after 5102ms
2023-04-11 11:24:40,396 [91daf988-b498-4475-b6c7-add854a09df6@group-D1394E011350-FollowerState] INFO  impl.FollowerState (FollowerState.java:run(143)) - 91daf988-b498-4475-b6c7-add854a09df6@group-D1394E011350-FollowerState: change to CANDIDATE, lastRpcElapsedTime:5069046884ns, electionTimeout:5066ms
2023-04-11 11:24:40,396 [91daf988-b498-4475-b6c7-add854a09df6@group-D1394E011350-FollowerState] INFO  impl.RoleInfo (RoleInfo.java:shutdownFollowerState(110)) - 91daf988-b498-4475-b6c7-add854a09df6: shutdown 91daf988-b498-4475-b6c7-add854a09df6@group-D1394E011350-FollowerState
2023-04-11 11:24:40,396 [91daf988-b498-4475-b6c7-add854a09df6@group-D1394E011350-FollowerState] INFO  server.RaftServer$Division (RaftServerImpl.java:setRole(321)) - 91daf988-b498-4475-b6c7-add854a09df6@group-D1394E011350: changes role from  FOLLOWER to CANDIDATE at term 0 for changeToCandidate
2023-04-11 11:24:40,397 [91daf988-b498-4475-b6c7-add854a09df6@group-D1394E011350-FollowerState] INFO  server.RaftServerConfigKeys (ConfUtils.java:logGet(46)) - raft.server.leaderelection.pre-vote = true (default)
2023-04-11 11:24:40,397 [91daf988-b498-4475-b6c7-add854a09df6@group-D1394E011350-FollowerState] INFO  impl.RoleInfo (RoleInfo.java:updateAndGet(139)) - 91daf988-b498-4475-b6c7-add854a09df6: start 91daf988-b498-4475-b6c7-add854a09df6@group-D1394E011350-LeaderElection15
2023-04-11 11:24:40,399 [4797470f-ac54-44b7-9b0a-d535466dc4d7-server-thread2] INFO  server.RaftServer$Division (ServerState.java:setRaftConf(430)) - 4797470f-ac54-44b7-9b0a-d535466dc4d7@group-6B9C7ADF708C: set configuration 0: peers:[4797470f-ac54-44b7-9b0a-d535466dc4d7|rpc:10.1.0.37:36979|dataStream:10.1.0.37:36341|priority:0|startupRole:FOLLOWER, bdac8111-12cf-4b14-9a03-ea98a7d0b884|rpc:10.1.0.37:37629|dataStream:10.1.0.37:41845|priority:0|startupRole:FOLLOWER, 91daf988-b498-4475-b6c7-add854a09df6|rpc:10.1.0.37:41877|dataStream:10.1.0.37:33815|priority:1|startupRole:FOLLOWER]|listeners:[], old=null
2023-04-11 11:24:40,399 [4797470f-ac54-44b7-9b0a-d535466dc4d7-server-thread2] INFO  segmented.SegmentedRaftLogWorker (SegmentedRaftLogWorker.java:startLogSegment(452)) - 4797470f-ac54-44b7-9b0a-d535466dc4d7@group-6B9C7ADF708C-SegmentedRaftLogWorker: Starting segment from index:0
2023-04-11 11:24:40,401 [4797470f-ac54-44b7-9b0a-d535466dc4d7@group-6B9C7ADF708C-SegmentedRaftLogWorker] INFO  segmented.SegmentedRaftLogWorker (SegmentedRaftLogWorker.java:execute(656)) - 4797470f-ac54-44b7-9b0a-d535466dc4d7@group-6B9C7ADF708C-SegmentedRaftLogWorker: created new log segment /home/runner/work/ozone/ozone/hadoop-ozone/integration-test/target/test-dir/MiniOzoneClusterImpl-9aae7230-fa35-4b48-a53d-d03fd74ea8aa/datanode-2/data/ratis/d2227c34-c137-466d-93f5-6b9c7adf708c/current/log_inprogress_0
2023-04-11 11:24:40,403 [91daf988-b498-4475-b6c7-add854a09df6@group-D1394E011350-LeaderElection15] INFO  impl.LeaderElection (LeaderElection.java:askForVotes(312)) - 91daf988-b498-4475-b6c7-add854a09df6@group-D1394E011350-LeaderElection15 PRE_VOTE round 0: submit vote requests at term 0 for -1: peers:[4797470f-ac54-44b7-9b0a-d535466dc4d7|rpc:10.1.0.37:36979|dataStream:10.1.0.37:36341|priority:0|startupRole:FOLLOWER, bdac8111-12cf-4b14-9a03-ea98a7d0b884|rpc:10.1.0.37:37629|dataStream:10.1.0.37:41845|priority:1|startupRole:FOLLOWER, 91daf988-b498-4475-b6c7-add854a09df6|rpc:10.1.0.37:41877|dataStream:10.1.0.37:33815|priority:0|startupRole:FOLLOWER]|listeners:[], old=null
2023-04-11 11:24:40,404 [91daf988-b498-4475-b6c7-add854a09df6@group-D1394E011350-LeaderElection15] INFO  server.RaftServerConfigKeys (ConfUtils.java:logFallback(53)) - raft.server.rpc.first-election.timeout.min = 5s (fallback to raft.server.rpc.timeout.min)
2023-04-11 11:24:40,404 [91daf988-b498-4475-b6c7-add854a09df6@group-D1394E011350-LeaderElection15] INFO  server.RaftServerConfigKeys (ConfUtils.java:logFallback(53)) - raft.server.rpc.first-election.timeout.max = 5200ms (fallback to raft.server.rpc.timeout.max)
2023-04-11 11:24:40,405 [grpc-default-executor-3] INFO  server.RaftServer$Division (RaftServerImpl.java:requestVote(1218)) - 4797470f-ac54-44b7-9b0a-d535466dc4d7@group-D1394E011350: receive requestVote(PRE_VOTE, 91daf988-b498-4475-b6c7-add854a09df6, group-D1394E011350, 0, (t:0, i:0))
2023-04-11 11:24:40,405 [grpc-default-executor-3] INFO  impl.VoteContext (VoteContext.java:log(49)) - 4797470f-ac54-44b7-9b0a-d535466dc4d7@group-D1394E011350-FOLLOWER: accept PRE_VOTE from 91daf988-b498-4475-b6c7-add854a09df6: our priority 0 <= candidate's priority 0
2023-04-11 11:24:40,405 [grpc-default-executor-3] INFO  server.RaftServer$Division (RaftServerImpl.java:requestVote(1251)) - 4797470f-ac54-44b7-9b0a-d535466dc4d7@group-D1394E011350 replies to PRE_VOTE vote request: 91daf988-b498-4475-b6c7-add854a09df6<-4797470f-ac54-44b7-9b0a-d535466dc4d7#0:OK-t0. Peer's state: 4797470f-ac54-44b7-9b0a-d535466dc4d7@group-D1394E011350:t0, leader=null, voted=, raftlog=Memoized:4797470f-ac54-44b7-9b0a-d535466dc4d7@group-D1394E011350-SegmentedRaftLog:OPENED:c-1, conf=-1: peers:[4797470f-ac54-44b7-9b0a-d535466dc4d7|rpc:10.1.0.37:36979|dataStream:10.1.0.37:36341|priority:0|startupRole:FOLLOWER, bdac8111-12cf-4b14-9a03-ea98a7d0b884|rpc:10.1.0.37:37629|dataStream:10.1.0.37:41845|priority:1|startupRole:FOLLOWER, 91daf988-b498-4475-b6c7-add854a09df6|rpc:10.1.0.37:41877|dataStream:10.1.0.37:33815|priority:0|startupRole:FOLLOWER]|listeners:[], old=null
2023-04-11 11:24:40,418 [grpc-default-executor-3] INFO  server.RaftServer$Division (RaftServerImpl.java:requestVote(1218)) - bdac8111-12cf-4b14-9a03-ea98a7d0b884@group-D1394E011350: receive requestVote(PRE_VOTE, 91daf988-b498-4475-b6c7-add854a09df6, group-D1394E011350, 0, (t:0, i:0))
2023-04-11 11:24:40,419 [grpc-default-executor-3] INFO  impl.VoteContext (VoteContext.java:log(49)) - bdac8111-12cf-4b14-9a03-ea98a7d0b884@group-D1394E011350-FOLLOWER: reject PRE_VOTE from 91daf988-b498-4475-b6c7-add854a09df6: our priority 1 > candidate's priority 0
2023-04-11 11:24:40,419 [grpc-default-executor-3] INFO  server.RaftServer$Division (RaftServerImpl.java:requestVote(1251)) - bdac8111-12cf-4b14-9a03-ea98a7d0b884@group-D1394E011350 replies to PRE_VOTE vote request: 91daf988-b498-4475-b6c7-add854a09df6<-bdac8111-12cf-4b14-9a03-ea98a7d0b884#0:FAIL-t0. Peer's state: bdac8111-12cf-4b14-9a03-ea98a7d0b884@group-D1394E011350:t0, leader=null, voted=, raftlog=Memoized:bdac8111-12cf-4b14-9a03-ea98a7d0b884@group-D1394E011350-SegmentedRaftLog:OPENED:c-1, conf=-1: peers:[4797470f-ac54-44b7-9b0a-d535466dc4d7|rpc:10.1.0.37:36979|dataStream:10.1.0.37:36341|priority:0|startupRole:FOLLOWER, bdac8111-12cf-4b14-9a03-ea98a7d0b884|rpc:10.1.0.37:37629|dataStream:10.1.0.37:41845|priority:1|startupRole:FOLLOWER, 91daf988-b498-4475-b6c7-add854a09df6|rpc:10.1.0.37:41877|dataStream:10.1.0.37:33815|priority:0|startupRole:FOLLOWER]|listeners:[], old=null
2023-04-11 11:24:40,419 [91daf988-b498-4475-b6c7-add854a09df6@group-D1394E011350-LeaderElection15] INFO  impl.LeaderElection (LeaderElection.java:logAndReturn(90)) - 91daf988-b498-4475-b6c7-add854a09df6@group-D1394E011350-LeaderElection15: PRE_VOTE REJECTED received 2 response(s) and 0 exception(s):
2023-04-11 11:24:40,419 [91daf988-b498-4475-b6c7-add854a09df6@group-D1394E011350-LeaderElection15] INFO  impl.LeaderElection (LeaderElection.java:logAndReturn(94)) -   Response 0: 91daf988-b498-4475-b6c7-add854a09df6<-4797470f-ac54-44b7-9b0a-d535466dc4d7#0:OK-t0
2023-04-11 11:24:40,419 [91daf988-b498-4475-b6c7-add854a09df6@group-D1394E011350-LeaderElection15] INFO  impl.LeaderElection (LeaderElection.java:logAndReturn(94)) -   Response 1: 91daf988-b498-4475-b6c7-add854a09df6<-bdac8111-12cf-4b14-9a03-ea98a7d0b884#0:FAIL-t0
2023-04-11 11:24:40,420 [91daf988-b498-4475-b6c7-add854a09df6@group-D1394E011350-LeaderElection15] INFO  impl.LeaderElection (LeaderElection.java:askForVotes(314)) - 91daf988-b498-4475-b6c7-add854a09df6@group-D1394E011350-LeaderElection15 PRE_VOTE round 0: result REJECTED
2023-04-11 11:24:40,421 [91daf988-b498-4475-b6c7-add854a09df6@group-D1394E011350-LeaderElection15] INFO  server.RaftServer$Division (RaftServerImpl.java:setRole(321)) - 91daf988-b498-4475-b6c7-add854a09df6@group-D1394E011350: changes role from CANDIDATE to FOLLOWER at term 0 for REJECTED
2023-04-11 11:24:40,421 [91daf988-b498-4475-b6c7-add854a09df6@group-D1394E011350-LeaderElection15] INFO  impl.RoleInfo (RoleInfo.java:shutdownLeaderElection(130)) - 91daf988-b498-4475-b6c7-add854a09df6: shutdown 91daf988-b498-4475-b6c7-add854a09df6@group-D1394E011350-LeaderElection15
2023-04-11 11:24:40,421 [91daf988-b498-4475-b6c7-add854a09df6@group-D1394E011350-LeaderElection15] INFO  impl.RoleInfo (RoleInfo.java:updateAndGet(139)) - 91daf988-b498-4475-b6c7-add854a09df6: start 91daf988-b498-4475-b6c7-add854a09df6@group-D1394E011350-FollowerState
2023-04-11 11:24:40,422 [91daf988-b498-4475-b6c7-add854a09df6@group-D1394E011350-FollowerState] INFO  server.RaftServerConfigKeys (ConfUtils.java:logFallback(53)) - raft.server.rpc.first-election.timeout.min = 5s (fallback to raft.server.rpc.timeout.min)
2023-04-11 11:24:40,425 [91daf988-b498-4475-b6c7-add854a09df6@group-D1394E011350-FollowerState] INFO  server.RaftServerConfigKeys (ConfUtils.java:logFallback(53)) - raft.server.rpc.first-election.timeout.max = 5200ms (fallback to raft.server.rpc.timeout.max)
2023-04-11 11:24:40,444 [4797470f-ac54-44b7-9b0a-d535466dc4d7@group-CF3AC20E158B-FollowerState] INFO  impl.FollowerState (FollowerState.java:run(143)) - 4797470f-ac54-44b7-9b0a-d535466dc4d7@group-CF3AC20E158B-FollowerState: change to CANDIDATE, lastRpcElapsedTime:5060072662ns, electionTimeout:5056ms
2023-04-11 11:24:40,444 [4797470f-ac54-44b7-9b0a-d535466dc4d7@group-CF3AC20E158B-FollowerState] INFO  impl.RoleInfo (RoleInfo.java:shutdownFollowerState(110)) - 4797470f-ac54-44b7-9b0a-d535466dc4d7: shutdown 4797470f-ac54-44b7-9b0a-d535466dc4d7@group-CF3AC20E158B-FollowerState
2023-04-11 11:24:40,444 [4797470f-ac54-44b7-9b0a-d535466dc4d7@group-CF3AC20E158B-FollowerState] INFO  server.RaftServer$Division (RaftServerImpl.java:setRole(321)) - 4797470f-ac54-44b7-9b0a-d535466dc4d7@group-CF3AC20E158B: changes role from  FOLLOWER to CANDIDATE at term 0 for changeToCandidate
2023-04-11 11:24:40,444 [4797470f-ac54-44b7-9b0a-d535466dc4d7@group-CF3AC20E158B-FollowerState] INFO  server.RaftServerConfigKeys (ConfUtils.java:logGet(46)) - raft.server.leaderelection.pre-vote = true (default)
2023-04-11 11:24:40,444 [4797470f-ac54-44b7-9b0a-d535466dc4d7@group-CF3AC20E158B-FollowerState] INFO  impl.RoleInfo (RoleInfo.java:updateAndGet(139)) - 4797470f-ac54-44b7-9b0a-d535466dc4d7: start 4797470f-ac54-44b7-9b0a-d535466dc4d7@group-CF3AC20E158B-LeaderElection16
2023-04-11 11:24:40,447 [4797470f-ac54-44b7-9b0a-d535466dc4d7@group-CF3AC20E158B-LeaderElection16] INFO  impl.LeaderElection (LeaderElection.java:askForVotes(312)) - 4797470f-ac54-44b7-9b0a-d535466dc4d7@group-CF3AC20E158B-LeaderElection16 PRE_VOTE round 0: submit vote requests at term 0 for -1: peers:[4797470f-ac54-44b7-9b0a-d535466dc4d7|rpc:10.1.0.37:36979|dataStream:10.1.0.37:36341|priority:1|startupRole:FOLLOWER]|listeners:[], old=null
2023-04-11 11:24:40,447 [4797470f-ac54-44b7-9b0a-d535466dc4d7@group-CF3AC20E158B-LeaderElection16] INFO  impl.LeaderElection (LeaderElection.java:askForVotes(314)) - 4797470f-ac54-44b7-9b0a-d535466dc4d7@group-CF3AC20E158B-LeaderElection16 PRE_VOTE round 0: result PASSED (term=0)
2023-04-11 11:24:40,450 [4797470f-ac54-44b7-9b0a-d535466dc4d7@group-CF3AC20E158B-LeaderElection16] INFO  impl.LeaderElection (LeaderElection.java:askForVotes(312)) - 4797470f-ac54-44b7-9b0a-d535466dc4d7@group-CF3AC20E158B-LeaderElection16 ELECTION round 0: submit vote requests at term 1 for -1: peers:[4797470f-ac54-44b7-9b0a-d535466dc4d7|rpc:10.1.0.37:36979|dataStream:10.1.0.37:36341|priority:1|startupRole:FOLLOWER]|listeners:[], old=null
2023-04-11 11:24:40,450 [4797470f-ac54-44b7-9b0a-d535466dc4d7@group-CF3AC20E158B-LeaderElection16] INFO  impl.LeaderElection (LeaderElection.java:askForVotes(314)) - 4797470f-ac54-44b7-9b0a-d535466dc4d7@group-CF3AC20E158B-LeaderElection16 ELECTION round 0: result PASSED (term=1)
2023-04-11 11:24:40,450 [4797470f-ac54-44b7-9b0a-d535466dc4d7@group-CF3AC20E158B-LeaderElection16] INFO  impl.RoleInfo (RoleInfo.java:shutdownLeaderElection(130)) - 4797470f-ac54-44b7-9b0a-d535466dc4d7: shutdown 4797470f-ac54-44b7-9b0a-d535466dc4d7@group-CF3AC20E158B-LeaderElection16
2023-04-11 11:24:40,450 [4797470f-ac54-44b7-9b0a-d535466dc4d7@group-CF3AC20E158B-LeaderElection16] INFO  server.RaftServer$Division (RaftServerImpl.java:setRole(321)) - 4797470f-ac54-44b7-9b0a-d535466dc4d7@group-CF3AC20E158B: changes role from CANDIDATE to LEADER at term 1 for changeToLeader
2023-04-11 11:24:40,450 [4797470f-ac54-44b7-9b0a-d535466dc4d7@group-CF3AC20E158B-LeaderElection16] INFO  ratis.XceiverServerRatis (XceiverServerRatis.java:handleLeaderChangedNotification(904)) - Leader change notification received for group: group-CF3AC20E158B with new leaderId: 4797470f-ac54-44b7-9b0a-d535466dc4d7
2023-04-11 11:24:40,450 [4797470f-ac54-44b7-9b0a-d535466dc4d7@group-CF3AC20E158B-LeaderElection16] INFO  server.RaftServer$Division (ServerState.java:setLeader(313)) - 4797470f-ac54-44b7-9b0a-d535466dc4d7@group-CF3AC20E158B: change Leader from null to 4797470f-ac54-44b7-9b0a-d535466dc4d7 at term 1 for becomeLeader, leader elected after 5080ms
2023-04-11 11:24:40,450 [4797470f-ac54-44b7-9b0a-d535466dc4d7@group-CF3AC20E158B-LeaderElection16] INFO  server.RaftServerConfigKeys (ConfUtils.java:logGet(46)) - raft.server.staging.catchup.gap = 1000 (default)
2023-04-11 11:24:40,451 [4797470f-ac54-44b7-9b0a-d535466dc4d7@group-CF3AC20E158B-LeaderElection16] INFO  server.RaftServerConfigKeys (ConfUtils.java:logGet(46)) - raft.server.write.element-limit = 1024 (custom)
2023-04-11 11:24:40,451 [4797470f-ac54-44b7-9b0a-d535466dc4d7@group-CF3AC20E158B-LeaderElection16] INFO  server.RaftServerConfigKeys (ConfUtils.java:logGet(46)) - raft.server.write.byte-limit = 1024 M (=1073741824) (custom)
2023-04-11 11:24:40,451 [4797470f-ac54-44b7-9b0a-d535466dc4d7@group-CF3AC20E158B-LeaderElection16] INFO  server.RaftServerConfigKeys (ConfUtils.java:logGet(46)) - raft.server.watch.timeout = 180s (custom)
2023-04-11 11:24:40,451 [4797470f-ac54-44b7-9b0a-d535466dc4d7@group-CF3AC20E158B-LeaderElection16] INFO  server.RaftServerConfigKeys (ConfUtils.java:logGet(46)) - raft.server.watch.timeout.denomination = 1s (default)
2023-04-11 11:24:40,451 [4797470f-ac54-44b7-9b0a-d535466dc4d7@group-CF3AC20E158B-LeaderElection16] INFO  server.RaftServerConfigKeys (ConfUtils.java:logGet(46)) - raft.server.watch.element-limit = 65536 (default)
2023-04-11 11:24:40,451 [4797470f-ac54-44b7-9b0a-d535466dc4d7@group-CF3AC20E158B-LeaderElection16] INFO  server.RaftServerConfigKeys (ConfUtils.java:logGet(46)) - raft.server.write.element-limit = 1024 (custom)
2023-04-11 11:24:40,451 [4797470f-ac54-44b7-9b0a-d535466dc4d7@group-CF3AC20E158B-LeaderElection16] INFO  server.RaftServerConfigKeys (ConfUtils.java:logGet(46)) - raft.server.write.follower.gap.ratio.max = -1.0 (default)
2023-04-11 11:24:40,451 [4797470f-ac54-44b7-9b0a-d535466dc4d7@group-CF3AC20E158B-LeaderElection16] INFO  impl.RoleInfo (RoleInfo.java:updateAndGet(139)) - 4797470f-ac54-44b7-9b0a-d535466dc4d7: start 4797470f-ac54-44b7-9b0a-d535466dc4d7@group-CF3AC20E158B-LeaderStateImpl
2023-04-11 11:24:40,452 [4797470f-ac54-44b7-9b0a-d535466dc4d7@group-CF3AC20E158B-LeaderElection16] INFO  segmented.SegmentedRaftLogWorker (SegmentedRaftLogWorker.java:startLogSegment(452)) - 4797470f-ac54-44b7-9b0a-d535466dc4d7@group-CF3AC20E158B-SegmentedRaftLogWorker: Starting segment from index:0
2023-04-11 11:24:40,458 [4797470f-ac54-44b7-9b0a-d535466dc4d7@group-CF3AC20E158B-LeaderElection16] INFO  server.RaftServer$Division (ServerState.java:setRaftConf(430)) - 4797470f-ac54-44b7-9b0a-d535466dc4d7@group-CF3AC20E158B: set configuration 0: peers:[4797470f-ac54-44b7-9b0a-d535466dc4d7|rpc:10.1.0.37:36979|dataStream:10.1.0.37:36341|priority:1|startupRole:FOLLOWER]|listeners:[], old=null
2023-04-11 11:24:40,459 [4797470f-ac54-44b7-9b0a-d535466dc4d7@group-CF3AC20E158B-SegmentedRaftLogWorker] INFO  segmented.SegmentedRaftLogWorker (SegmentedRaftLogWorker.java:execute(656)) - 4797470f-ac54-44b7-9b0a-d535466dc4d7@group-CF3AC20E158B-SegmentedRaftLogWorker: created new log segment /home/runner/work/ozone/ozone/hadoop-ozone/integration-test/target/test-dir/MiniOzoneClusterImpl-9aae7230-fa35-4b48-a53d-d03fd74ea8aa/datanode-2/data/ratis/0bce1ab0-08f6-4d62-ba9f-cf3ac20e158b/current/log_inprogress_0
2023-04-11 11:24:40,464 [bdac8111-12cf-4b14-9a03-ea98a7d0b884@group-D1394E011350-FollowerState] INFO  impl.FollowerState (FollowerState.java:run(143)) - bdac8111-12cf-4b14-9a03-ea98a7d0b884@group-D1394E011350-FollowerState: change to CANDIDATE, lastRpcElapsedTime:5114070783ns, electionTimeout:5113ms
2023-04-11 11:24:40,464 [bdac8111-12cf-4b14-9a03-ea98a7d0b884@group-D1394E011350-FollowerState] INFO  impl.RoleInfo (RoleInfo.java:shutdownFollowerState(110)) - bdac8111-12cf-4b14-9a03-ea98a7d0b884: shutdown bdac8111-12cf-4b14-9a03-ea98a7d0b884@group-D1394E011350-FollowerState
2023-04-11 11:24:40,464 [bdac8111-12cf-4b14-9a03-ea98a7d0b884@group-D1394E011350-FollowerState] INFO  server.RaftServer$Division (RaftServerImpl.java:setRole(321)) - bdac8111-12cf-4b14-9a03-ea98a7d0b884@group-D1394E011350: changes role from  FOLLOWER to CANDIDATE at term 0 for changeToCandidate
2023-04-11 11:24:40,464 [bdac8111-12cf-4b14-9a03-ea98a7d0b884@group-D1394E011350-FollowerState] INFO  server.RaftServerConfigKeys (ConfUtils.java:logGet(46)) - raft.server.leaderelection.pre-vote = true (default)
2023-04-11 11:24:40,464 [bdac8111-12cf-4b14-9a03-ea98a7d0b884@group-D1394E011350-FollowerState] INFO  impl.RoleInfo (RoleInfo.java:updateAndGet(139)) - bdac8111-12cf-4b14-9a03-ea98a7d0b884: start bdac8111-12cf-4b14-9a03-ea98a7d0b884@group-D1394E011350-LeaderElection17
2023-04-11 11:24:40,466 [bdac8111-12cf-4b14-9a03-ea98a7d0b884@group-D1394E011350-LeaderElection17] INFO  impl.LeaderElection (LeaderElection.java:askForVotes(312)) - bdac8111-12cf-4b14-9a03-ea98a7d0b884@group-D1394E011350-LeaderElection17 PRE_VOTE round 0: submit vote requests at term 0 for -1: peers:[4797470f-ac54-44b7-9b0a-d535466dc4d7|rpc:10.1.0.37:36979|dataStream:10.1.0.37:36341|priority:0|startupRole:FOLLOWER, bdac8111-12cf-4b14-9a03-ea98a7d0b884|rpc:10.1.0.37:37629|dataStream:10.1.0.37:41845|priority:1|startupRole:FOLLOWER, 91daf988-b498-4475-b6c7-add854a09df6|rpc:10.1.0.37:41877|dataStream:10.1.0.37:33815|priority:0|startupRole:FOLLOWER]|listeners:[], old=null
2023-04-11 11:24:40,471 [bdac8111-12cf-4b14-9a03-ea98a7d0b884@group-D1394E011350-LeaderElection17] INFO  server.RaftServerConfigKeys (ConfUtils.java:logFallback(53)) - raft.server.rpc.first-election.timeout.min = 5s (fallback to raft.server.rpc.timeout.min)
2023-04-11 11:24:40,471 [bdac8111-12cf-4b14-9a03-ea98a7d0b884@group-D1394E011350-LeaderElection17] INFO  server.RaftServerConfigKeys (ConfUtils.java:logFallback(53)) - raft.server.rpc.first-election.timeout.max = 5200ms (fallback to raft.server.rpc.timeout.max)
2023-04-11 11:24:40,474 [grpc-default-executor-6] INFO  server.RaftServer$Division (RaftServerImpl.java:requestVote(1218)) - 4797470f-ac54-44b7-9b0a-d535466dc4d7@group-D1394E011350: receive requestVote(PRE_VOTE, bdac8111-12cf-4b14-9a03-ea98a7d0b884, group-D1394E011350, 0, (t:0, i:0))
2023-04-11 11:24:40,474 [grpc-default-executor-6] INFO  impl.VoteContext (VoteContext.java:log(49)) - 4797470f-ac54-44b7-9b0a-d535466dc4d7@group-D1394E011350-FOLLOWER: accept PRE_VOTE from bdac8111-12cf-4b14-9a03-ea98a7d0b884: our priority 0 <= candidate's priority 1
2023-04-11 11:24:40,474 [grpc-default-executor-6] INFO  server.RaftServer$Division (RaftServerImpl.java:requestVote(1251)) - 4797470f-ac54-44b7-9b0a-d535466dc4d7@group-D1394E011350 replies to PRE_VOTE vote request: bdac8111-12cf-4b14-9a03-ea98a7d0b884<-4797470f-ac54-44b7-9b0a-d535466dc4d7#0:OK-t0. Peer's state: 4797470f-ac54-44b7-9b0a-d535466dc4d7@group-D1394E011350:t0, leader=null, voted=, raftlog=Memoized:4797470f-ac54-44b7-9b0a-d535466dc4d7@group-D1394E011350-SegmentedRaftLog:OPENED:c-1, conf=-1: peers:[4797470f-ac54-44b7-9b0a-d535466dc4d7|rpc:10.1.0.37:36979|dataStream:10.1.0.37:36341|priority:0|startupRole:FOLLOWER, bdac8111-12cf-4b14-9a03-ea98a7d0b884|rpc:10.1.0.37:37629|dataStream:10.1.0.37:41845|priority:1|startupRole:FOLLOWER, 91daf988-b498-4475-b6c7-add854a09df6|rpc:10.1.0.37:41877|dataStream:10.1.0.37:33815|priority:0|startupRole:FOLLOWER]|listeners:[], old=null
2023-04-11 11:24:40,478 [grpc-default-executor-3] INFO  server.RaftServer$Division (RaftServerImpl.java:requestVote(1218)) - 91daf988-b498-4475-b6c7-add854a09df6@group-D1394E011350: receive requestVote(PRE_VOTE, bdac8111-12cf-4b14-9a03-ea98a7d0b884, group-D1394E011350, 0, (t:0, i:0))
2023-04-11 11:24:40,478 [grpc-default-executor-3] INFO  impl.VoteContext (VoteContext.java:log(49)) - 91daf988-b498-4475-b6c7-add854a09df6@group-D1394E011350-FOLLOWER: accept PRE_VOTE from bdac8111-12cf-4b14-9a03-ea98a7d0b884: our priority 0 <= candidate's priority 1
2023-04-11 11:24:40,479 [grpc-default-executor-3] INFO  server.RaftServer$Division (RaftServerImpl.java:requestVote(1251)) - 91daf988-b498-4475-b6c7-add854a09df6@group-D1394E011350 replies to PRE_VOTE vote request: bdac8111-12cf-4b14-9a03-ea98a7d0b884<-91daf988-b498-4475-b6c7-add854a09df6#0:OK-t0. Peer's state: 91daf988-b498-4475-b6c7-add854a09df6@group-D1394E011350:t0, leader=null, voted=, raftlog=Memoized:91daf988-b498-4475-b6c7-add854a09df6@group-D1394E011350-SegmentedRaftLog:OPENED:c-1, conf=-1: peers:[4797470f-ac54-44b7-9b0a-d535466dc4d7|rpc:10.1.0.37:36979|dataStream:10.1.0.37:36341|priority:0|startupRole:FOLLOWER, bdac8111-12cf-4b14-9a03-ea98a7d0b884|rpc:10.1.0.37:37629|dataStream:10.1.0.37:41845|priority:1|startupRole:FOLLOWER, 91daf988-b498-4475-b6c7-add854a09df6|rpc:10.1.0.37:41877|dataStream:10.1.0.37:33815|priority:0|startupRole:FOLLOWER]|listeners:[], old=null
2023-04-11 11:24:40,479 [bdac8111-12cf-4b14-9a03-ea98a7d0b884@group-D1394E011350-LeaderElection17] INFO  impl.LeaderElection (LeaderElection.java:logAndReturn(90)) - bdac8111-12cf-4b14-9a03-ea98a7d0b884@group-D1394E011350-LeaderElection17: PRE_VOTE PASSED received 1 response(s) and 0 exception(s):
2023-04-11 11:24:40,480 [bdac8111-12cf-4b14-9a03-ea98a7d0b884@group-D1394E011350-LeaderElection17] INFO  impl.LeaderElection (LeaderElection.java:logAndReturn(94)) -   Response 0: bdac8111-12cf-4b14-9a03-ea98a7d0b884<-4797470f-ac54-44b7-9b0a-d535466dc4d7#0:OK-t0
2023-04-11 11:24:40,480 [bdac8111-12cf-4b14-9a03-ea98a7d0b884@group-D1394E011350-LeaderElection17] INFO  impl.LeaderElection (LeaderElection.java:askForVotes(314)) - bdac8111-12cf-4b14-9a03-ea98a7d0b884@group-D1394E011350-LeaderElection17 PRE_VOTE round 0: result PASSED
2023-04-11 11:24:40,481 [bdac8111-12cf-4b14-9a03-ea98a7d0b884@group-D1394E011350-LeaderElection17] INFO  impl.LeaderElection (LeaderElection.java:askForVotes(312)) - bdac8111-12cf-4b14-9a03-ea98a7d0b884@group-D1394E011350-LeaderElection17 ELECTION round 0: submit vote requests at term 1 for -1: peers:[4797470f-ac54-44b7-9b0a-d535466dc4d7|rpc:10.1.0.37:36979|dataStream:10.1.0.37:36341|priority:0|startupRole:FOLLOWER, bdac8111-12cf-4b14-9a03-ea98a7d0b884|rpc:10.1.0.37:37629|dataStream:10.1.0.37:41845|priority:1|startupRole:FOLLOWER, 91daf988-b498-4475-b6c7-add854a09df6|rpc:10.1.0.37:41877|dataStream:10.1.0.37:33815|priority:0|startupRole:FOLLOWER]|listeners:[], old=null
2023-04-11 11:24:40,482 [bdac8111-12cf-4b14-9a03-ea98a7d0b884@group-D1394E011350-LeaderElection17] INFO  server.RaftServerConfigKeys (ConfUtils.java:logFallback(53)) - raft.server.rpc.first-election.timeout.min = 5s (fallback to raft.server.rpc.timeout.min)
2023-04-11 11:24:40,483 [bdac8111-12cf-4b14-9a03-ea98a7d0b884@group-D1394E011350-LeaderElection17] INFO  server.RaftServerConfigKeys (ConfUtils.java:logFallback(53)) - raft.server.rpc.first-election.timeout.max = 5200ms (fallback to raft.server.rpc.timeout.max)
2023-04-11 11:24:40,490 [grpc-default-executor-6] INFO  server.RaftServer$Division (RaftServerImpl.java:requestVote(1218)) - 4797470f-ac54-44b7-9b0a-d535466dc4d7@group-D1394E011350: receive requestVote(ELECTION, bdac8111-12cf-4b14-9a03-ea98a7d0b884, group-D1394E011350, 1, (t:0, i:0))
2023-04-11 11:24:40,490 [grpc-default-executor-6] INFO  impl.VoteContext (VoteContext.java:log(49)) - 4797470f-ac54-44b7-9b0a-d535466dc4d7@group-D1394E011350-FOLLOWER: accept ELECTION from bdac8111-12cf-4b14-9a03-ea98a7d0b884: our priority 0 <= candidate's priority 1
2023-04-11 11:24:40,490 [grpc-default-executor-6] INFO  server.RaftServer$Division (RaftServerImpl.java:setRole(321)) - 4797470f-ac54-44b7-9b0a-d535466dc4d7@group-D1394E011350: changes role from  FOLLOWER to FOLLOWER at term 1 for candidate:bdac8111-12cf-4b14-9a03-ea98a7d0b884
2023-04-11 11:24:40,491 [grpc-default-executor-6] INFO  impl.RoleInfo (RoleInfo.java:shutdownFollowerState(110)) - 4797470f-ac54-44b7-9b0a-d535466dc4d7: shutdown 4797470f-ac54-44b7-9b0a-d535466dc4d7@group-D1394E011350-FollowerState
2023-04-11 11:24:40,491 [grpc-default-executor-6] INFO  impl.RoleInfo (RoleInfo.java:updateAndGet(139)) - 4797470f-ac54-44b7-9b0a-d535466dc4d7: start 4797470f-ac54-44b7-9b0a-d535466dc4d7@group-D1394E011350-FollowerState
2023-04-11 11:24:40,491 [4797470f-ac54-44b7-9b0a-d535466dc4d7@group-D1394E011350-FollowerState] INFO  impl.FollowerState (FollowerState.java:run(152)) - 4797470f-ac54-44b7-9b0a-d535466dc4d7@group-D1394E011350-FollowerState was interrupted
2023-04-11 11:24:40,491 [grpc-default-executor-3] INFO  server.RaftServer$Division (RaftServerImpl.java:requestVote(1218)) - 91daf988-b498-4475-b6c7-add854a09df6@group-D1394E011350: receive requestVote(ELECTION, bdac8111-12cf-4b14-9a03-ea98a7d0b884, group-D1394E011350, 1, (t:0, i:0))
2023-04-11 11:24:40,491 [grpc-default-executor-3] INFO  impl.VoteContext (VoteContext.java:log(49)) - 91daf988-b498-4475-b6c7-add854a09df6@group-D1394E011350-FOLLOWER: accept ELECTION from bdac8111-12cf-4b14-9a03-ea98a7d0b884: our priority 0 <= candidate's priority 1
2023-04-11 11:24:40,491 [grpc-default-executor-3] INFO  server.RaftServer$Division (RaftServerImpl.java:setRole(321)) - 91daf988-b498-4475-b6c7-add854a09df6@group-D1394E011350: changes role from  FOLLOWER to FOLLOWER at term 1 for candidate:bdac8111-12cf-4b14-9a03-ea98a7d0b884
2023-04-11 11:24:40,491 [grpc-default-executor-3] INFO  impl.RoleInfo (RoleInfo.java:shutdownFollowerState(110)) - 91daf988-b498-4475-b6c7-add854a09df6: shutdown 91daf988-b498-4475-b6c7-add854a09df6@group-D1394E011350-FollowerState
2023-04-11 11:24:40,495 [grpc-default-executor-3] INFO  impl.RoleInfo (RoleInfo.java:updateAndGet(139)) - 91daf988-b498-4475-b6c7-add854a09df6: start 91daf988-b498-4475-b6c7-add854a09df6@group-D1394E011350-FollowerState
2023-04-11 11:24:40,496 [91daf988-b498-4475-b6c7-add854a09df6@group-D1394E011350-FollowerState] INFO  impl.FollowerState (FollowerState.java:run(152)) - 91daf988-b498-4475-b6c7-add854a09df6@group-D1394E011350-FollowerState was interrupted
2023-04-11 11:24:40,496 [4797470f-ac54-44b7-9b0a-d535466dc4d7@group-D1394E011350-FollowerState] INFO  server.RaftServerConfigKeys (ConfUtils.java:logFallback(53)) - raft.server.rpc.first-election.timeout.min = 5s (fallback to raft.server.rpc.timeout.min)
2023-04-11 11:24:40,496 [4797470f-ac54-44b7-9b0a-d535466dc4d7@group-D1394E011350-FollowerState] INFO  server.RaftServerConfigKeys (ConfUtils.java:logFallback(53)) - raft.server.rpc.first-election.timeout.max = 5200ms (fallback to raft.server.rpc.timeout.max)
2023-04-11 11:24:40,496 [grpc-default-executor-6] INFO  server.RaftServer$Division (RaftServerImpl.java:requestVote(1251)) - 4797470f-ac54-44b7-9b0a-d535466dc4d7@group-D1394E011350 replies to ELECTION vote request: bdac8111-12cf-4b14-9a03-ea98a7d0b884<-4797470f-ac54-44b7-9b0a-d535466dc4d7#0:OK-t1. Peer's state: 4797470f-ac54-44b7-9b0a-d535466dc4d7@group-D1394E011350:t1, leader=null, voted=bdac8111-12cf-4b14-9a03-ea98a7d0b884, raftlog=Memoized:4797470f-ac54-44b7-9b0a-d535466dc4d7@group-D1394E011350-SegmentedRaftLog:OPENED:c-1, conf=-1: peers:[4797470f-ac54-44b7-9b0a-d535466dc4d7|rpc:10.1.0.37:36979|dataStream:10.1.0.37:36341|priority:0|startupRole:FOLLOWER, bdac8111-12cf-4b14-9a03-ea98a7d0b884|rpc:10.1.0.37:37629|dataStream:10.1.0.37:41845|priority:1|startupRole:FOLLOWER, 91daf988-b498-4475-b6c7-add854a09df6|rpc:10.1.0.37:41877|dataStream:10.1.0.37:33815|priority:0|startupRole:FOLLOWER]|listeners:[], old=null
2023-04-11 11:24:40,503 [bdac8111-12cf-4b14-9a03-ea98a7d0b884@group-D1394E011350-LeaderElection17] INFO  impl.LeaderElection (LeaderElection.java:logAndReturn(90)) - bdac8111-12cf-4b14-9a03-ea98a7d0b884@group-D1394E011350-LeaderElection17: ELECTION PASSED received 1 response(s) and 0 exception(s):
2023-04-11 11:24:40,503 [bdac8111-12cf-4b14-9a03-ea98a7d0b884@group-D1394E011350-LeaderElection17] INFO  impl.LeaderElection (LeaderElection.java:logAndReturn(94)) -   Response 0: bdac8111-12cf-4b14-9a03-ea98a7d0b884<-4797470f-ac54-44b7-9b0a-d535466dc4d7#0:OK-t1
2023-04-11 11:24:40,503 [bdac8111-12cf-4b14-9a03-ea98a7d0b884@group-D1394E011350-LeaderElection17] INFO  impl.LeaderElection (LeaderElection.java:askForVotes(314)) - bdac8111-12cf-4b14-9a03-ea98a7d0b884@group-D1394E011350-LeaderElection17 ELECTION round 0: result PASSED
2023-04-11 11:24:40,503 [bdac8111-12cf-4b14-9a03-ea98a7d0b884@group-D1394E011350-LeaderElection17] INFO  impl.RoleInfo (RoleInfo.java:shutdownLeaderElection(130)) - bdac8111-12cf-4b14-9a03-ea98a7d0b884: shutdown bdac8111-12cf-4b14-9a03-ea98a7d0b884@group-D1394E011350-LeaderElection17
2023-04-11 11:24:40,507 [bdac8111-12cf-4b14-9a03-ea98a7d0b884@group-D1394E011350-LeaderElection17] INFO  server.RaftServer$Division (RaftServerImpl.java:setRole(321)) - bdac8111-12cf-4b14-9a03-ea98a7d0b884@group-D1394E011350: changes role from CANDIDATE to LEADER at term 1 for changeToLeader
2023-04-11 11:24:40,507 [bdac8111-12cf-4b14-9a03-ea98a7d0b884@group-D1394E011350-LeaderElection17] INFO  ratis.XceiverServerRatis (XceiverServerRatis.java:handleLeaderChangedNotification(904)) - Leader change notification received for group: group-D1394E011350 with new leaderId: bdac8111-12cf-4b14-9a03-ea98a7d0b884
2023-04-11 11:24:40,507 [bdac8111-12cf-4b14-9a03-ea98a7d0b884@group-D1394E011350-LeaderElection17] INFO  server.RaftServer$Division (ServerState.java:setLeader(313)) - bdac8111-12cf-4b14-9a03-ea98a7d0b884@group-D1394E011350: change Leader from null to bdac8111-12cf-4b14-9a03-ea98a7d0b884 at term 1 for becomeLeader, leader elected after 5182ms
2023-04-11 11:24:40,507 [bdac8111-12cf-4b14-9a03-ea98a7d0b884@group-D1394E011350-LeaderElection17] INFO  server.RaftServerConfigKeys (ConfUtils.java:logGet(46)) - raft.server.staging.catchup.gap = 1000 (default)
2023-04-11 11:24:40,507 [bdac8111-12cf-4b14-9a03-ea98a7d0b884@group-D1394E011350-LeaderElection17] INFO  server.RaftServerConfigKeys (ConfUtils.java:logGet(46)) - raft.server.write.element-limit = 1024 (custom)
2023-04-11 11:24:40,507 [bdac8111-12cf-4b14-9a03-ea98a7d0b884@group-D1394E011350-LeaderElection17] INFO  server.RaftServerConfigKeys (ConfUtils.java:logGet(46)) - raft.server.write.byte-limit = 1024 M (=1073741824) (custom)
2023-04-11 11:24:40,507 [bdac8111-12cf-4b14-9a03-ea98a7d0b884@group-D1394E011350-LeaderElection17] INFO  server.RaftServerConfigKeys (ConfUtils.java:logGet(46)) - raft.server.watch.timeout = 180s (custom)
2023-04-11 11:24:40,508 [bdac8111-12cf-4b14-9a03-ea98a7d0b884@group-D1394E011350-LeaderElection17] INFO  server.RaftServerConfigKeys (ConfUtils.java:logGet(46)) - raft.server.watch.timeout.denomination = 1s (default)
2023-04-11 11:24:40,508 [91daf988-b498-4475-b6c7-add854a09df6@group-D1394E011350-FollowerState] INFO  server.RaftServerConfigKeys (ConfUtils.java:logFallback(53)) - raft.server.rpc.first-election.timeout.min = 5s (fallback to raft.server.rpc.timeout.min)
2023-04-11 11:24:40,508 [91daf988-b498-4475-b6c7-add854a09df6@group-D1394E011350-FollowerState] INFO  server.RaftServerConfigKeys (ConfUtils.java:logFallback(53)) - raft.server.rpc.first-election.timeout.max = 5200ms (fallback to raft.server.rpc.timeout.max)
2023-04-11 11:24:40,506 [grpc-default-executor-3] INFO  server.RaftServer$Division (RaftServerImpl.java:requestVote(1251)) - 91daf988-b498-4475-b6c7-add854a09df6@group-D1394E011350 replies to ELECTION vote request: bdac8111-12cf-4b14-9a03-ea98a7d0b884<-91daf988-b498-4475-b6c7-add854a09df6#0:OK-t1. Peer's state: 91daf988-b498-4475-b6c7-add854a09df6@group-D1394E011350:t1, leader=null, voted=bdac8111-12cf-4b14-9a03-ea98a7d0b884, raftlog=Memoized:91daf988-b498-4475-b6c7-add854a09df6@group-D1394E011350-SegmentedRaftLog:OPENED:c-1, conf=-1: peers:[4797470f-ac54-44b7-9b0a-d535466dc4d7|rpc:10.1.0.37:36979|dataStream:10.1.0.37:36341|priority:0|startupRole:FOLLOWER, bdac8111-12cf-4b14-9a03-ea98a7d0b884|rpc:10.1.0.37:37629|dataStream:10.1.0.37:41845|priority:1|startupRole:FOLLOWER, 91daf988-b498-4475-b6c7-add854a09df6|rpc:10.1.0.37:41877|dataStream:10.1.0.37:33815|priority:0|startupRole:FOLLOWER]|listeners:[], old=null
2023-04-11 11:24:40,509 [EventQueue-PipelineReportForPipelineReportHandler] INFO  pipeline.PipelineManagerImpl (PipelineManagerImpl.java:openPipeline(367)) - Pipeline Pipeline[ Id: 7b09aed9-f2d9-418e-ae0e-d1394e011350, Nodes: 91daf988-b498-4475-b6c7-add854a09df6(fv-az590-525.scpgifznvsounmmscp2whtfmwe.cx.internal.cloudapp.net/10.1.0.37)bdac8111-12cf-4b14-9a03-ea98a7d0b884(fv-az590-525.scpgifznvsounmmscp2whtfmwe.cx.internal.cloudapp.net/10.1.0.37)4797470f-ac54-44b7-9b0a-d535466dc4d7(fv-az590-525.scpgifznvsounmmscp2whtfmwe.cx.internal.cloudapp.net/10.1.0.37), ReplicationConfig: RATIS/THREE, State:ALLOCATED, leaderId:bdac8111-12cf-4b14-9a03-ea98a7d0b884, CreationTimestamp2023-04-11T11:24:32.369Z[Etc/UTC]] moved to OPEN state
2023-04-11 11:24:40,508 [bdac8111-12cf-4b14-9a03-ea98a7d0b884@group-D1394E011350-LeaderElection17] INFO  server.RaftServerConfigKeys (ConfUtils.java:logGet(46)) - raft.server.watch.element-limit = 65536 (default)
2023-04-11 11:24:40,509 [bdac8111-12cf-4b14-9a03-ea98a7d0b884@group-D1394E011350-LeaderElection17] INFO  server.RaftServerConfigKeys (ConfUtils.java:logGet(46)) - raft.server.write.element-limit = 1024 (custom)
2023-04-11 11:24:40,509 [bdac8111-12cf-4b14-9a03-ea98a7d0b884@group-D1394E011350-LeaderElection17] INFO  server.RaftServerConfigKeys (ConfUtils.java:logGet(46)) - raft.server.write.follower.gap.ratio.max = -1.0 (default)
2023-04-11 11:24:40,509 [bdac8111-12cf-4b14-9a03-ea98a7d0b884@group-D1394E011350-LeaderElection17] INFO  server.RaftServerConfigKeys (ConfUtils.java:logGet(46)) - raft.server.log.appender.snapshot.chunk.size.max = 16MB (=16777216) (default)
2023-04-11 11:24:40,509 [bdac8111-12cf-4b14-9a03-ea98a7d0b884@group-D1394E011350-LeaderElection17] INFO  server.RaftServerConfigKeys (ConfUtils.java:logGet(46)) - raft.server.log.appender.buffer.byte-limit = 33554432 (custom)
2023-04-11 11:24:40,510 [bdac8111-12cf-4b14-9a03-ea98a7d0b884@group-D1394E011350-LeaderElection17] INFO  server.RaftServerConfigKeys (ConfUtils.java:logGet(46)) - raft.server.log.appender.buffer.element-limit = 1 (custom)
2023-04-11 11:24:40,510 [bdac8111-12cf-4b14-9a03-ea98a7d0b884@group-D1394E011350-LeaderElection17] INFO  grpc.GrpcConfigKeys (ConfUtils.java:logGet(46)) - raft.grpc.server.leader.outstanding.appends.max = 128 (default)
2023-04-11 11:24:40,510 [bdac8111-12cf-4b14-9a03-ea98a7d0b884@group-D1394E011350-LeaderElection17] INFO  server.RaftServerConfigKeys (ConfUtils.java:logGet(46)) - raft.server.rpc.request.timeout = 60s (custom)
2023-04-11 11:24:40,510 [bdac8111-12cf-4b14-9a03-ea98a7d0b884@group-D1394E011350-LeaderElection17] INFO  server.RaftServerConfigKeys (ConfUtils.java:logGet(46)) - raft.server.log.appender.install.snapshot.enabled = false (custom)
2023-04-11 11:24:40,510 [bdac8111-12cf-4b14-9a03-ea98a7d0b884@group-D1394E011350-LeaderElection17] INFO  grpc.GrpcConfigKeys (ConfUtils.java:logGet(46)) - raft.grpc.server.heartbeat.channel = true (default)
2023-04-11 11:24:40,510 [bdac8111-12cf-4b14-9a03-ea98a7d0b884@group-D1394E011350-LeaderElection17] INFO  server.RaftServerConfigKeys (ConfUtils.java:logGet(46)) - raft.server.log.appender.wait-time.min = 10ms (default)
2023-04-11 11:24:40,510 [bdac8111-12cf-4b14-9a03-ea98a7d0b884@group-D1394E011350-LeaderElection17] INFO  server.RaftServerConfigKeys (ConfUtils.java:logGet(46)) - raft.server.log.appender.snapshot.chunk.size.max = 16MB (=16777216) (default)
2023-04-11 11:24:40,511 [bdac8111-12cf-4b14-9a03-ea98a7d0b884@group-D1394E011350-LeaderElection17] INFO  server.RaftServerConfigKeys (ConfUtils.java:logGet(46)) - raft.server.log.appender.buffer.byte-limit = 33554432 (custom)
2023-04-11 11:24:40,511 [bdac8111-12cf-4b14-9a03-ea98a7d0b884@group-D1394E011350-LeaderElection17] INFO  server.RaftServerConfigKeys (ConfUtils.java:logGet(46)) - raft.server.log.appender.buffer.element-limit = 1 (custom)
2023-04-11 11:24:40,511 [bdac8111-12cf-4b14-9a03-ea98a7d0b884@group-D1394E011350-LeaderElection17] INFO  grpc.GrpcConfigKeys (ConfUtils.java:logGet(46)) - raft.grpc.server.leader.outstanding.appends.max = 128 (default)
2023-04-11 11:24:40,511 [bdac8111-12cf-4b14-9a03-ea98a7d0b884@group-D1394E011350-LeaderElection17] INFO  server.RaftServerConfigKeys (ConfUtils.java:logGet(46)) - raft.server.rpc.request.timeout = 60s (custom)
2023-04-11 11:24:40,511 [bdac8111-12cf-4b14-9a03-ea98a7d0b884@group-D1394E011350-LeaderElection17] INFO  server.RaftServerConfigKeys (ConfUtils.java:logGet(46)) - raft.server.log.appender.install.snapshot.enabled = false (custom)
2023-04-11 11:24:40,511 [bdac8111-12cf-4b14-9a03-ea98a7d0b884@group-D1394E011350-LeaderElection17] INFO  grpc.GrpcConfigKeys (ConfUtils.java:logGet(46)) - raft.grpc.server.heartbeat.channel = true (default)
2023-04-11 11:24:40,511 [bdac8111-12cf-4b14-9a03-ea98a7d0b884@group-D1394E011350-LeaderElection17] INFO  server.RaftServerConfigKeys (ConfUtils.java:logGet(46)) - raft.server.log.appender.wait-time.min = 10ms (default)
2023-04-11 11:24:40,511 [bdac8111-12cf-4b14-9a03-ea98a7d0b884@group-D1394E011350-LeaderElection17] INFO  impl.RoleInfo (RoleInfo.java:updateAndGet(139)) - bdac8111-12cf-4b14-9a03-ea98a7d0b884: start bdac8111-12cf-4b14-9a03-ea98a7d0b884@group-D1394E011350-LeaderStateImpl
2023-04-11 11:24:40,511 [bdac8111-12cf-4b14-9a03-ea98a7d0b884@group-D1394E011350-LeaderElection17] INFO  segmented.SegmentedRaftLogWorker (SegmentedRaftLogWorker.java:startLogSegment(452)) - bdac8111-12cf-4b14-9a03-ea98a7d0b884@group-D1394E011350-SegmentedRaftLogWorker: Starting segment from index:0
2023-04-11 11:24:40,513 [bdac8111-12cf-4b14-9a03-ea98a7d0b884@group-D1394E011350-SegmentedRaftLogWorker] INFO  segmented.SegmentedRaftLogWorker (SegmentedRaftLogWorker.java:execute(656)) - bdac8111-12cf-4b14-9a03-ea98a7d0b884@group-D1394E011350-SegmentedRaftLogWorker: created new log segment /home/runner/work/ozone/ozone/hadoop-ozone/integration-test/target/test-dir/MiniOzoneClusterImpl-9aae7230-fa35-4b48-a53d-d03fd74ea8aa/datanode-0/data/ratis/7b09aed9-f2d9-418e-ae0e-d1394e011350/current/log_inprogress_0
2023-04-11 11:24:40,529 [bdac8111-12cf-4b14-9a03-ea98a7d0b884@group-D1394E011350-LeaderElection17] INFO  server.RaftServer$Division (ServerState.java:setRaftConf(430)) - bdac8111-12cf-4b14-9a03-ea98a7d0b884@group-D1394E011350: set configuration 0: peers:[4797470f-ac54-44b7-9b0a-d535466dc4d7|rpc:10.1.0.37:36979|dataStream:10.1.0.37:36341|priority:0|startupRole:FOLLOWER, bdac8111-12cf-4b14-9a03-ea98a7d0b884|rpc:10.1.0.37:37629|dataStream:10.1.0.37:41845|priority:1|startupRole:FOLLOWER, 91daf988-b498-4475-b6c7-add854a09df6|rpc:10.1.0.37:41877|dataStream:10.1.0.37:33815|priority:0|startupRole:FOLLOWER]|listeners:[], old=null
2023-04-11 11:24:40,530 [4797470f-ac54-44b7-9b0a-d535466dc4d7-server-thread1] INFO  ratis.XceiverServerRatis (XceiverServerRatis.java:handleLeaderChangedNotification(904)) - Leader change notification received for group: group-D1394E011350 with new leaderId: bdac8111-12cf-4b14-9a03-ea98a7d0b884
2023-04-11 11:24:40,530 [4797470f-ac54-44b7-9b0a-d535466dc4d7-server-thread1] INFO  server.RaftServer$Division (ServerState.java:setLeader(313)) - 4797470f-ac54-44b7-9b0a-d535466dc4d7@group-D1394E011350: change Leader from null to bdac8111-12cf-4b14-9a03-ea98a7d0b884 at term 1 for appendEntries, leader elected after 5136ms
2023-04-11 11:24:40,533 [91daf988-b498-4475-b6c7-add854a09df6-server-thread1] INFO  ratis.XceiverServerRatis (XceiverServerRatis.java:handleLeaderChangedNotification(904)) - Leader change notification received for group: group-D1394E011350 with new leaderId: bdac8111-12cf-4b14-9a03-ea98a7d0b884
2023-04-11 11:24:40,534 [91daf988-b498-4475-b6c7-add854a09df6-server-thread1] INFO  server.RaftServer$Division (ServerState.java:setLeader(313)) - 91daf988-b498-4475-b6c7-add854a09df6@group-D1394E011350: change Leader from null to bdac8111-12cf-4b14-9a03-ea98a7d0b884 at term 1 for appendEntries, leader elected after 5235ms
2023-04-11 11:24:40,538 [4797470f-ac54-44b7-9b0a-d535466dc4d7-server-thread1] INFO  server.RaftServer$Division (ServerState.java:setRaftConf(430)) - 4797470f-ac54-44b7-9b0a-d535466dc4d7@group-D1394E011350: set configuration 0: peers:[4797470f-ac54-44b7-9b0a-d535466dc4d7|rpc:10.1.0.37:36979|dataStream:10.1.0.37:36341|priority:0|startupRole:FOLLOWER, bdac8111-12cf-4b14-9a03-ea98a7d0b884|rpc:10.1.0.37:37629|dataStream:10.1.0.37:41845|priority:1|startupRole:FOLLOWER, 91daf988-b498-4475-b6c7-add854a09df6|rpc:10.1.0.37:41877|dataStream:10.1.0.37:33815|priority:0|startupRole:FOLLOWER]|listeners:[], old=null
2023-04-11 11:24:40,538 [4797470f-ac54-44b7-9b0a-d535466dc4d7-server-thread1] INFO  segmented.SegmentedRaftLogWorker (SegmentedRaftLogWorker.java:startLogSegment(452)) - 4797470f-ac54-44b7-9b0a-d535466dc4d7@group-D1394E011350-SegmentedRaftLogWorker: Starting segment from index:0
2023-04-11 11:24:40,540 [4797470f-ac54-44b7-9b0a-d535466dc4d7@group-D1394E011350-SegmentedRaftLogWorker] INFO  segmented.SegmentedRaftLogWorker (SegmentedRaftLogWorker.java:execute(656)) - 4797470f-ac54-44b7-9b0a-d535466dc4d7@group-D1394E011350-SegmentedRaftLogWorker: created new log segment /home/runner/work/ozone/ozone/hadoop-ozone/integration-test/target/test-dir/MiniOzoneClusterImpl-9aae7230-fa35-4b48-a53d-d03fd74ea8aa/datanode-2/data/ratis/7b09aed9-f2d9-418e-ae0e-d1394e011350/current/log_inprogress_0
2023-04-11 11:24:40,541 [91daf988-b498-4475-b6c7-add854a09df6-server-thread2] INFO  server.RaftServer$Division (ServerState.java:setRaftConf(430)) - 91daf988-b498-4475-b6c7-add854a09df6@group-D1394E011350: set configuration 0: peers:[4797470f-ac54-44b7-9b0a-d535466dc4d7|rpc:10.1.0.37:36979|dataStream:10.1.0.37:36341|priority:0|startupRole:FOLLOWER, bdac8111-12cf-4b14-9a03-ea98a7d0b884|rpc:10.1.0.37:37629|dataStream:10.1.0.37:41845|priority:1|startupRole:FOLLOWER, 91daf988-b498-4475-b6c7-add854a09df6|rpc:10.1.0.37:41877|dataStream:10.1.0.37:33815|priority:0|startupRole:FOLLOWER]|listeners:[], old=null
2023-04-11 11:24:40,541 [91daf988-b498-4475-b6c7-add854a09df6-server-thread2] INFO  segmented.SegmentedRaftLogWorker (SegmentedRaftLogWorker.java:startLogSegment(452)) - 91daf988-b498-4475-b6c7-add854a09df6@group-D1394E011350-SegmentedRaftLogWorker: Starting segment from index:0
2023-04-11 11:24:40,543 [91daf988-b498-4475-b6c7-add854a09df6@group-D1394E011350-SegmentedRaftLogWorker] INFO  segmented.SegmentedRaftLogWorker (SegmentedRaftLogWorker.java:execute(656)) - 91daf988-b498-4475-b6c7-add854a09df6@group-D1394E011350-SegmentedRaftLogWorker: created new log segment /home/runner/work/ozone/ozone/hadoop-ozone/integration-test/target/test-dir/MiniOzoneClusterImpl-9aae7230-fa35-4b48-a53d-d03fd74ea8aa/datanode-1/data/ratis/7b09aed9-f2d9-418e-ae0e-d1394e011350/current/log_inprogress_0
2023-04-11 11:24:40,885 [54dbd36c-297a-448a-bb41-2352e1c524ac@group-A6FFC0219441-FollowerState] INFO  impl.FollowerState (FollowerState.java:run(143)) - 54dbd36c-297a-448a-bb41-2352e1c524ac@group-A6FFC0219441-FollowerState: change to CANDIDATE, lastRpcElapsedTime:5144592371ns, electionTimeout:5144ms
2023-04-11 11:24:40,885 [54dbd36c-297a-448a-bb41-2352e1c524ac@group-A6FFC0219441-FollowerState] INFO  impl.RoleInfo (RoleInfo.java:shutdownFollowerState(110)) - 54dbd36c-297a-448a-bb41-2352e1c524ac: shutdown 54dbd36c-297a-448a-bb41-2352e1c524ac@group-A6FFC0219441-FollowerState
2023-04-11 11:24:40,885 [54dbd36c-297a-448a-bb41-2352e1c524ac@group-A6FFC0219441-FollowerState] INFO  server.RaftServer$Division (RaftServerImpl.java:setRole(321)) - 54dbd36c-297a-448a-bb41-2352e1c524ac@group-A6FFC0219441: changes role from  FOLLOWER to CANDIDATE at term 0 for changeToCandidate
2023-04-11 11:24:40,885 [54dbd36c-297a-448a-bb41-2352e1c524ac@group-A6FFC0219441-FollowerState] INFO  server.RaftServerConfigKeys (ConfUtils.java:logGet(46)) - raft.server.leaderelection.pre-vote = true (default)
2023-04-11 11:24:40,886 [54dbd36c-297a-448a-bb41-2352e1c524ac@group-A6FFC0219441-FollowerState] INFO  impl.RoleInfo (RoleInfo.java:updateAndGet(139)) - 54dbd36c-297a-448a-bb41-2352e1c524ac: start 54dbd36c-297a-448a-bb41-2352e1c524ac@group-A6FFC0219441-LeaderElection18
2023-04-11 11:24:40,887 [54dbd36c-297a-448a-bb41-2352e1c524ac@group-A6FFC0219441-LeaderElection18] INFO  impl.LeaderElection (LeaderElection.java:askForVotes(312)) - 54dbd36c-297a-448a-bb41-2352e1c524ac@group-A6FFC0219441-LeaderElection18 PRE_VOTE round 0: submit vote requests at term 0 for -1: peers:[54dbd36c-297a-448a-bb41-2352e1c524ac|rpc:10.1.0.37:44613|dataStream:10.1.0.37:42647|priority:1|startupRole:FOLLOWER]|listeners:[], old=null
2023-04-11 11:24:40,888 [54dbd36c-297a-448a-bb41-2352e1c524ac@group-A6FFC0219441-LeaderElection18] INFO  impl.LeaderElection (LeaderElection.java:askForVotes(314)) - 54dbd36c-297a-448a-bb41-2352e1c524ac@group-A6FFC0219441-LeaderElection18 PRE_VOTE round 0: result PASSED (term=0)
2023-04-11 11:24:40,889 [54dbd36c-297a-448a-bb41-2352e1c524ac@group-A6FFC0219441-LeaderElection18] INFO  impl.LeaderElection (LeaderElection.java:askForVotes(312)) - 54dbd36c-297a-448a-bb41-2352e1c524ac@group-A6FFC0219441-LeaderElection18 ELECTION round 0: submit vote requests at term 1 for -1: peers:[54dbd36c-297a-448a-bb41-2352e1c524ac|rpc:10.1.0.37:44613|dataStream:10.1.0.37:42647|priority:1|startupRole:FOLLOWER]|listeners:[], old=null
2023-04-11 11:24:40,889 [54dbd36c-297a-448a-bb41-2352e1c524ac@group-A6FFC0219441-LeaderElection18] INFO  impl.LeaderElection (LeaderElection.java:askForVotes(314)) - 54dbd36c-297a-448a-bb41-2352e1c524ac@group-A6FFC0219441-LeaderElection18 ELECTION round 0: result PASSED (term=1)
2023-04-11 11:24:40,889 [54dbd36c-297a-448a-bb41-2352e1c524ac@group-A6FFC0219441-LeaderElection18] INFO  impl.RoleInfo (RoleInfo.java:shutdownLeaderElection(130)) - 54dbd36c-297a-448a-bb41-2352e1c524ac: shutdown 54dbd36c-297a-448a-bb41-2352e1c524ac@group-A6FFC0219441-LeaderElection18
2023-04-11 11:24:40,889 [54dbd36c-297a-448a-bb41-2352e1c524ac@group-A6FFC0219441-LeaderElection18] INFO  server.RaftServer$Division (RaftServerImpl.java:setRole(321)) - 54dbd36c-297a-448a-bb41-2352e1c524ac@group-A6FFC0219441: changes role from CANDIDATE to LEADER at term 1 for changeToLeader
2023-04-11 11:24:40,889 [54dbd36c-297a-448a-bb41-2352e1c524ac@group-A6FFC0219441-LeaderElection18] INFO  ratis.XceiverServerRatis (XceiverServerRatis.java:handleLeaderChangedNotification(904)) - Leader change notification received for group: group-A6FFC0219441 with new leaderId: 54dbd36c-297a-448a-bb41-2352e1c524ac
2023-04-11 11:24:40,890 [54dbd36c-297a-448a-bb41-2352e1c524ac@group-A6FFC0219441-LeaderElection18] INFO  server.RaftServer$Division (ServerState.java:setLeader(313)) - 54dbd36c-297a-448a-bb41-2352e1c524ac@group-A6FFC0219441: change Leader from null to 54dbd36c-297a-448a-bb41-2352e1c524ac at term 1 for becomeLeader, leader elected after 5165ms
2023-04-11 11:24:40,890 [54dbd36c-297a-448a-bb41-2352e1c524ac@group-A6FFC0219441-LeaderElection18] INFO  server.RaftServerConfigKeys (ConfUtils.java:logGet(46)) - raft.server.staging.catchup.gap = 1000 (default)
2023-04-11 11:24:40,894 [54dbd36c-297a-448a-bb41-2352e1c524ac@group-A6FFC0219441-LeaderElection18] INFO  server.RaftServerConfigKeys (ConfUtils.java:logGet(46)) - raft.server.write.element-limit = 1024 (custom)
2023-04-11 11:24:40,894 [54dbd36c-297a-448a-bb41-2352e1c524ac@group-A6FFC0219441-LeaderElection18] INFO  server.RaftServerConfigKeys (ConfUtils.java:logGet(46)) - raft.server.write.byte-limit = 1024 M (=1073741824) (custom)
2023-04-11 11:24:40,895 [54dbd36c-297a-448a-bb41-2352e1c524ac@group-A6FFC0219441-LeaderElection18] INFO  server.RaftServerConfigKeys (ConfUtils.java:logGet(46)) - raft.server.watch.timeout = 180s (custom)
2023-04-11 11:24:40,895 [54dbd36c-297a-448a-bb41-2352e1c524ac@group-A6FFC0219441-LeaderElection18] INFO  server.RaftServerConfigKeys (ConfUtils.java:logGet(46)) - raft.server.watch.timeout.denomination = 1s (default)
2023-04-11 11:24:40,895 [54dbd36c-297a-448a-bb41-2352e1c524ac@group-A6FFC0219441-LeaderElection18] INFO  server.RaftServerConfigKeys (ConfUtils.java:logGet(46)) - raft.server.watch.element-limit = 65536 (default)
2023-04-11 11:24:40,895 [54dbd36c-297a-448a-bb41-2352e1c524ac@group-A6FFC0219441-LeaderElection18] INFO  server.RaftServerConfigKeys (ConfUtils.java:logGet(46)) - raft.server.write.element-limit = 1024 (custom)
2023-04-11 11:24:40,895 [54dbd36c-297a-448a-bb41-2352e1c524ac@group-A6FFC0219441-LeaderElection18] INFO  server.RaftServerConfigKeys (ConfUtils.java:logGet(46)) - raft.server.write.follower.gap.ratio.max = -1.0 (default)
2023-04-11 11:24:40,895 [54dbd36c-297a-448a-bb41-2352e1c524ac@group-A6FFC0219441-LeaderElection18] INFO  impl.RoleInfo (RoleInfo.java:updateAndGet(139)) - 54dbd36c-297a-448a-bb41-2352e1c524ac: start 54dbd36c-297a-448a-bb41-2352e1c524ac@group-A6FFC0219441-LeaderStateImpl
2023-04-11 11:24:40,896 [54dbd36c-297a-448a-bb41-2352e1c524ac@group-A6FFC0219441-LeaderElection18] INFO  segmented.SegmentedRaftLogWorker (SegmentedRaftLogWorker.java:startLogSegment(452)) - 54dbd36c-297a-448a-bb41-2352e1c524ac@group-A6FFC0219441-SegmentedRaftLogWorker: Starting segment from index:0
2023-04-11 11:24:40,896 [54dbd36c-297a-448a-bb41-2352e1c524ac@group-A6FFC0219441-LeaderElection18] INFO  server.RaftServer$Division (ServerState.java:setRaftConf(430)) - 54dbd36c-297a-448a-bb41-2352e1c524ac@group-A6FFC0219441: set configuration 0: peers:[54dbd36c-297a-448a-bb41-2352e1c524ac|rpc:10.1.0.37:44613|dataStream:10.1.0.37:42647|priority:1|startupRole:FOLLOWER]|listeners:[], old=null
2023-04-11 11:24:40,903 [54dbd36c-297a-448a-bb41-2352e1c524ac@group-A6FFC0219441-SegmentedRaftLogWorker] INFO  segmented.SegmentedRaftLogWorker (SegmentedRaftLogWorker.java:execute(656)) - 54dbd36c-297a-448a-bb41-2352e1c524ac@group-A6FFC0219441-SegmentedRaftLogWorker: created new log segment /home/runner/work/ozone/ozone/hadoop-ozone/integration-test/target/test-dir/MiniOzoneClusterImpl-9aae7230-fa35-4b48-a53d-d03fd74ea8aa/datanode-3/data/ratis/755abec9-2bfe-46d6-a368-a6ffc0219441/current/log_inprogress_0
2023-04-11 11:24:41,095 [b78ace34-11d4-46ff-baaa-a173e90e3d16@group-EF326D8B0CDF-FollowerState] INFO  impl.FollowerState (FollowerState.java:run(143)) - b78ace34-11d4-46ff-baaa-a173e90e3d16@group-EF326D8B0CDF-FollowerState: change to CANDIDATE, lastRpcElapsedTime:5036255913ns, electionTimeout:5035ms
2023-04-11 11:24:41,095 [b78ace34-11d4-46ff-baaa-a173e90e3d16@group-EF326D8B0CDF-FollowerState] INFO  impl.RoleInfo (RoleInfo.java:shutdownFollowerState(110)) - b78ace34-11d4-46ff-baaa-a173e90e3d16: shutdown b78ace34-11d4-46ff-baaa-a173e90e3d16@group-EF326D8B0CDF-FollowerState
2023-04-11 11:24:41,095 [b78ace34-11d4-46ff-baaa-a173e90e3d16@group-EF326D8B0CDF-FollowerState] INFO  server.RaftServer$Division (RaftServerImpl.java:setRole(321)) - b78ace34-11d4-46ff-baaa-a173e90e3d16@group-EF326D8B0CDF: changes role from  FOLLOWER to CANDIDATE at term 0 for changeToCandidate
2023-04-11 11:24:41,095 [b78ace34-11d4-46ff-baaa-a173e90e3d16@group-EF326D8B0CDF-FollowerState] INFO  server.RaftServerConfigKeys (ConfUtils.java:logGet(46)) - raft.server.leaderelection.pre-vote = true (default)
2023-04-11 11:24:41,095 [b78ace34-11d4-46ff-baaa-a173e90e3d16@group-EF326D8B0CDF-FollowerState] INFO  impl.RoleInfo (RoleInfo.java:updateAndGet(139)) - b78ace34-11d4-46ff-baaa-a173e90e3d16: start b78ace34-11d4-46ff-baaa-a173e90e3d16@group-EF326D8B0CDF-LeaderElection19
2023-04-11 11:24:41,097 [b78ace34-11d4-46ff-baaa-a173e90e3d16@group-EF326D8B0CDF-LeaderElection19] INFO  impl.LeaderElection (LeaderElection.java:askForVotes(312)) - b78ace34-11d4-46ff-baaa-a173e90e3d16@group-EF326D8B0CDF-LeaderElection19 PRE_VOTE round 0: submit vote requests at term 0 for -1: peers:[b78ace34-11d4-46ff-baaa-a173e90e3d16|rpc:10.1.0.37:45333|dataStream:10.1.0.37:45655|priority:1|startupRole:FOLLOWER]|listeners:[], old=null
2023-04-11 11:24:41,097 [b78ace34-11d4-46ff-baaa-a173e90e3d16@group-EF326D8B0CDF-LeaderElection19] INFO  impl.LeaderElection (LeaderElection.java:askForVotes(314)) - b78ace34-11d4-46ff-baaa-a173e90e3d16@group-EF326D8B0CDF-LeaderElection19 PRE_VOTE round 0: result PASSED (term=0)
2023-04-11 11:24:41,099 [b78ace34-11d4-46ff-baaa-a173e90e3d16@group-EF326D8B0CDF-LeaderElection19] INFO  impl.LeaderElection (LeaderElection.java:askForVotes(312)) - b78ace34-11d4-46ff-baaa-a173e90e3d16@group-EF326D8B0CDF-LeaderElection19 ELECTION round 0: submit vote requests at term 1 for -1: peers:[b78ace34-11d4-46ff-baaa-a173e90e3d16|rpc:10.1.0.37:45333|dataStream:10.1.0.37:45655|priority:1|startupRole:FOLLOWER]|listeners:[], old=null
2023-04-11 11:24:41,099 [b78ace34-11d4-46ff-baaa-a173e90e3d16@group-EF326D8B0CDF-LeaderElection19] INFO  impl.LeaderElection (LeaderElection.java:askForVotes(314)) - b78ace34-11d4-46ff-baaa-a173e90e3d16@group-EF326D8B0CDF-LeaderElection19 ELECTION round 0: result PASSED (term=1)
2023-04-11 11:24:41,099 [b78ace34-11d4-46ff-baaa-a173e90e3d16@group-EF326D8B0CDF-LeaderElection19] INFO  impl.RoleInfo (RoleInfo.java:shutdownLeaderElection(130)) - b78ace34-11d4-46ff-baaa-a173e90e3d16: shutdown b78ace34-11d4-46ff-baaa-a173e90e3d16@group-EF326D8B0CDF-LeaderElection19
2023-04-11 11:24:41,099 [b78ace34-11d4-46ff-baaa-a173e90e3d16@group-EF326D8B0CDF-LeaderElection19] INFO  server.RaftServer$Division (RaftServerImpl.java:setRole(321)) - b78ace34-11d4-46ff-baaa-a173e90e3d16@group-EF326D8B0CDF: changes role from CANDIDATE to LEADER at term 1 for changeToLeader
2023-04-11 11:24:41,099 [b78ace34-11d4-46ff-baaa-a173e90e3d16@group-EF326D8B0CDF-LeaderElection19] INFO  ratis.XceiverServerRatis (XceiverServerRatis.java:handleLeaderChangedNotification(904)) - Leader change notification received for group: group-EF326D8B0CDF with new leaderId: b78ace34-11d4-46ff-baaa-a173e90e3d16
2023-04-11 11:24:41,099 [b78ace34-11d4-46ff-baaa-a173e90e3d16@group-EF326D8B0CDF-LeaderElection19] INFO  server.RaftServer$Division (ServerState.java:setLeader(313)) - b78ace34-11d4-46ff-baaa-a173e90e3d16@group-EF326D8B0CDF: change Leader from null to b78ace34-11d4-46ff-baaa-a173e90e3d16 at term 1 for becomeLeader, leader elected after 5053ms
2023-04-11 11:24:41,099 [b78ace34-11d4-46ff-baaa-a173e90e3d16@group-EF326D8B0CDF-LeaderElection19] INFO  server.RaftServerConfigKeys (ConfUtils.java:logGet(46)) - raft.server.staging.catchup.gap = 1000 (default)
2023-04-11 11:24:41,101 [b78ace34-11d4-46ff-baaa-a173e90e3d16@group-EF326D8B0CDF-LeaderElection19] INFO  server.RaftServerConfigKeys (ConfUtils.java:logGet(46)) - raft.server.write.element-limit = 1024 (custom)
2023-04-11 11:24:41,101 [b78ace34-11d4-46ff-baaa-a173e90e3d16@group-EF326D8B0CDF-LeaderElection19] INFO  server.RaftServerConfigKeys (ConfUtils.java:logGet(46)) - raft.server.write.byte-limit = 1024 M (=1073741824) (custom)
2023-04-11 11:24:41,101 [b78ace34-11d4-46ff-baaa-a173e90e3d16@group-EF326D8B0CDF-LeaderElection19] INFO  server.RaftServerConfigKeys (ConfUtils.java:logGet(46)) - raft.server.watch.timeout = 180s (custom)
2023-04-11 11:24:41,101 [b78ace34-11d4-46ff-baaa-a173e90e3d16@group-EF326D8B0CDF-LeaderElection19] INFO  server.RaftServerConfigKeys (ConfUtils.java:logGet(46)) - raft.server.watch.timeout.denomination = 1s (default)
2023-04-11 11:24:41,101 [b78ace34-11d4-46ff-baaa-a173e90e3d16@group-EF326D8B0CDF-LeaderElection19] INFO  server.RaftServerConfigKeys (ConfUtils.java:logGet(46)) - raft.server.watch.element-limit = 65536 (default)
2023-04-11 11:24:41,101 [b78ace34-11d4-46ff-baaa-a173e90e3d16@group-EF326D8B0CDF-LeaderElection19] INFO  server.RaftServerConfigKeys (ConfUtils.java:logGet(46)) - raft.server.write.element-limit = 1024 (custom)
2023-04-11 11:24:41,101 [b78ace34-11d4-46ff-baaa-a173e90e3d16@group-EF326D8B0CDF-LeaderElection19] INFO  server.RaftServerConfigKeys (ConfUtils.java:logGet(46)) - raft.server.write.follower.gap.ratio.max = -1.0 (default)
2023-04-11 11:24:41,101 [b78ace34-11d4-46ff-baaa-a173e90e3d16@group-EF326D8B0CDF-LeaderElection19] INFO  impl.RoleInfo (RoleInfo.java:updateAndGet(139)) - b78ace34-11d4-46ff-baaa-a173e90e3d16: start b78ace34-11d4-46ff-baaa-a173e90e3d16@group-EF326D8B0CDF-LeaderStateImpl
2023-04-11 11:24:41,101 [b78ace34-11d4-46ff-baaa-a173e90e3d16@group-EF326D8B0CDF-LeaderElection19] INFO  segmented.SegmentedRaftLogWorker (SegmentedRaftLogWorker.java:startLogSegment(452)) - b78ace34-11d4-46ff-baaa-a173e90e3d16@group-EF326D8B0CDF-SegmentedRaftLogWorker: Starting segment from index:0
2023-04-11 11:24:41,102 [b78ace34-11d4-46ff-baaa-a173e90e3d16@group-EF326D8B0CDF-LeaderElection19] INFO  server.RaftServer$Division (ServerState.java:setRaftConf(430)) - b78ace34-11d4-46ff-baaa-a173e90e3d16@group-EF326D8B0CDF: set configuration 0: peers:[b78ace34-11d4-46ff-baaa-a173e90e3d16|rpc:10.1.0.37:45333|dataStream:10.1.0.37:45655|priority:1|startupRole:FOLLOWER]|listeners:[], old=null
2023-04-11 11:24:41,110 [b78ace34-11d4-46ff-baaa-a173e90e3d16@group-EF326D8B0CDF-SegmentedRaftLogWorker] INFO  segmented.SegmentedRaftLogWorker (SegmentedRaftLogWorker.java:execute(656)) - b78ace34-11d4-46ff-baaa-a173e90e3d16@group-EF326D8B0CDF-SegmentedRaftLogWorker: created new log segment /home/runner/work/ozone/ozone/hadoop-ozone/integration-test/target/test-dir/MiniOzoneClusterImpl-9aae7230-fa35-4b48-a53d-d03fd74ea8aa/datanode-4/data/ratis/f6865a64-270e-4fbb-a64d-ef326d8b0cdf/current/log_inprogress_0
2023-04-11 11:24:41,229 [Listener at 127.0.0.1/36969] INFO  ozone.MiniOzoneClusterImpl (MiniOzoneClusterImpl.java:lambda$waitForClusterToBeReady$0(222)) - Nodes are ready. Got 5 of 5 DN Heartbeats.
2023-04-11 11:24:41,230 [Listener at 127.0.0.1/36969] INFO  ozone.MiniOzoneClusterImpl (MiniOzoneClusterImpl.java:lambda$waitForClusterToBeReady$0(225)) - Cluster exits safe mode
2023-04-11 11:24:41,230 [Listener at 127.0.0.1/36969] INFO  ozone.MiniOzoneClusterImpl (MiniOzoneClusterImpl.java:lambda$waitForClusterToBeReady$0(227)) - SCM became leader
2023-04-11 11:24:41,251 [Listener at 127.0.0.1/36969] INFO  rpc.RpcClient (RpcClient.java:createVolume(476)) - Creating Volume: volume23474, with user57379 as owner and space quota set to -1 bytes, counts quota set to -1
2023-04-11 11:24:41,253 [IPC Server handler 0 on default port 36969] INFO  volume.OMVolumeCreateRequest (OMVolumeCreateRequest.java:validateAndUpdateCache(195)) - created volume:volume23474 for user:user57379
2023-04-11 11:24:41,258 [Listener at 127.0.0.1/36969] INFO  rpc.RpcClient (RpcClient.java:createBucket(698)) - Creating Bucket: volume23474/bucket17726, with bucket layout LEGACY, runner as owner, Versioning false, Storage Type set to DISK and Encryption set to false, Replication Type set to server-side default replication type, Namespace Quota set to -1, Space Quota set to -1 
2023-04-11 11:24:41,260 [IPC Server handler 3 on default port 36969] INFO  bucket.OMBucketCreateRequest (OMBucketCreateRequest.java:validateAndUpdateCache(269)) - created bucket: bucket17726 of layout LEGACY in volume: volume23474
]]></system-out>
  </testcase>
  <testcase name="testGetTrashRoot" classname="TestOzoneFileSystem" time="20.444">
    <system-out><![CDATA[2023-04-11 11:25:09,256 [Listener at 127.0.0.1/36969] INFO  ozone.MiniOzoneClusterImpl (MiniOzoneClusterImpl.java:shutdown(455)) - Shutting down the Mini Ozone Cluster
2023-04-11 11:25:09,256 [Listener at 127.0.0.1/36969] INFO  ozone.MiniOzoneClusterImpl (MiniOzoneClusterImpl.java:stop(471)) - Stopping the Mini Ozone Cluster
2023-04-11 11:25:09,256 [Listener at 127.0.0.1/36969] INFO  ozone.MiniOzoneClusterImpl (MiniOzoneClusterImpl.java:stopOM(557)) - Stopping the OzoneManager
2023-04-11 11:25:09,256 [Listener at 127.0.0.1/36969] INFO  om.OzoneManager (OzoneManager.java:stop(2154)) - om1[localhost:0]: Stopping Ozone Manager
2023-04-11 11:25:09,256 [Listener at 127.0.0.1/36969] INFO  ipc.Server (Server.java:stop(3501)) - Stopping server on 36969
2023-04-11 11:25:09,271 [IPC Server listener on 0] INFO  ipc.Server (Server.java:run(1430)) - Stopping IPC Server listener on 0
2023-04-11 11:25:09,272 [IPC Server Responder] INFO  ipc.Server (Server.java:run(1563)) - Stopping IPC Server Responder
2023-04-11 11:25:09,272 [Listener at 127.0.0.1/36969] INFO  ratis.OzoneManagerDoubleBuffer (OzoneManagerDoubleBuffer.java:stopDaemon(540)) - Stopping OMDoubleBuffer flush thread
2023-04-11 11:25:09,272 [OMDoubleBufferFlushThread] INFO  ratis.OzoneManagerDoubleBuffer (OzoneManagerDoubleBuffer.java:canFlush(625)) - OMDoubleBuffer flush thread OMDoubleBufferFlushThread is interrupted and will exit.
2023-04-11 11:25:09,273 [Listener at 127.0.0.1/36969] INFO  utils.BackgroundService (BackgroundService.java:shutdown(141)) - Shutting down service KeyDeletingService
2023-04-11 11:25:09,273 [Listener at 127.0.0.1/36969] INFO  utils.BackgroundService (BackgroundService.java:shutdown(141)) - Shutting down service DirectoryDeletingService
2023-04-11 11:25:09,274 [Listener at 127.0.0.1/36969] INFO  utils.BackgroundService (BackgroundService.java:shutdown(141)) - Shutting down service OpenKeyCleanupService
2023-04-11 11:25:09,275 [Listener at 127.0.0.1/36969] INFO  utils.BackgroundService (BackgroundService.java:shutdown(141)) - Shutting down service SstFilteringService
2023-04-11 11:25:09,275 [Listener at 127.0.0.1/36969] INFO  utils.BackgroundService (BackgroundService.java:shutdown(141)) - Shutting down service SnapshotDeletingService
2023-04-11 11:25:09,275 [Listener at 127.0.0.1/36969] INFO  handler.ContextHandler (ContextHandler.java:doStop(1159)) - Stopped o.e.j.w.WebAppContext@5690bde6{ozoneManager,/,null,STOPPED}{file:/home/runner/work/ozone/ozone/hadoop-ozone/integration-test/target/test-classes/webapps/ozoneManager}
2023-04-11 11:25:09,276 [Listener at 127.0.0.1/36969] INFO  server.AbstractConnector (AbstractConnector.java:doStop(383)) - Stopped ServerConnector@6b722c98{HTTP/1.1, (http/1.1)}{0.0.0.0:0}
2023-04-11 11:25:09,276 [Listener at 127.0.0.1/36969] INFO  server.session (HouseKeeper.java:stopScavenging(149)) - node0 Stopped scavenging
2023-04-11 11:25:09,276 [Listener at 127.0.0.1/36969] INFO  handler.ContextHandler (ContextHandler.java:doStop(1159)) - Stopped o.e.j.s.ServletContextHandler@173a6d09{static,/static,file:///home/runner/work/ozone/ozone/hadoop-ozone/integration-test/target/test-classes/webapps/static,STOPPED}
2023-04-11 11:25:09,277 [Listener at 127.0.0.1/36969] INFO  handler.ContextHandler (ContextHandler.java:doStop(1159)) - Stopped o.e.j.s.ServletContextHandler@10b6782{logs,/logs,file:///home/runner/work/ozone/ozone/hadoop-ozone/integration-test/target/log,STOPPED}
2023-04-11 11:25:09,278 [Trash Emptier] ERROR om.TrashPolicyOzone (TrashPolicyOzone.java:run(350)) - Error attempting to shutdown
java.lang.InterruptedException
	at java.util.concurrent.locks.AbstractQueuedSynchronizer$ConditionObject.awaitNanos(AbstractQueuedSynchronizer.java:2067)
	at java.util.concurrent.ThreadPoolExecutor.awaitTermination(ThreadPoolExecutor.java:1475)
	at org.apache.hadoop.ozone.om.TrashPolicyOzone$Emptier.run(TrashPolicyOzone.java:348)
	at java.lang.Thread.run(Thread.java:750)
2023-04-11 11:25:09,284 [Listener at 127.0.0.1/36969] INFO  ozone.MiniOzoneClusterImpl (MiniOzoneClusterImpl.java:stopDatanodes(534)) - Stopping the HddsDatanodes
2023-04-11 11:25:09,287 [Listener at 127.0.0.1/36969] INFO  ozoneimpl.OzoneContainer (OzoneContainer.java:stop(419)) - Attempting to stop container services.
2023-04-11 11:25:09,287 [Listener at 127.0.0.1/36969] INFO  server.RaftServer (RaftServerProxy.java:lambda$close$6(409)) - 4797470f-ac54-44b7-9b0a-d535466dc4d7: close
2023-04-11 11:25:09,288 [4797470f-ac54-44b7-9b0a-d535466dc4d7-impl-thread1] INFO  server.RaftServer$Division (RaftServerImpl.java:lambda$close$4(458)) - 4797470f-ac54-44b7-9b0a-d535466dc4d7@group-D1394E011350: shutdown
2023-04-11 11:25:09,288 [4797470f-ac54-44b7-9b0a-d535466dc4d7-impl-thread1] INFO  util.JmxRegister (JmxRegister.java:unregister(73)) - Successfully un-registered JMX Bean with object name Ratis:service=RaftServer,group=group-D1394E011350,id=4797470f-ac54-44b7-9b0a-d535466dc4d7
2023-04-11 11:25:09,288 [4797470f-ac54-44b7-9b0a-d535466dc4d7-impl-thread1] INFO  impl.RoleInfo (RoleInfo.java:shutdownFollowerState(110)) - 4797470f-ac54-44b7-9b0a-d535466dc4d7: shutdown 4797470f-ac54-44b7-9b0a-d535466dc4d7@group-D1394E011350-FollowerState
2023-04-11 11:25:09,288 [4797470f-ac54-44b7-9b0a-d535466dc4d7-impl-thread2] INFO  server.RaftServer$Division (RaftServerImpl.java:lambda$close$4(458)) - 4797470f-ac54-44b7-9b0a-d535466dc4d7@group-6B9C7ADF708C: shutdown
2023-04-11 11:25:09,288 [4797470f-ac54-44b7-9b0a-d535466dc4d7-impl-thread2] INFO  util.JmxRegister (JmxRegister.java:unregister(73)) - Successfully un-registered JMX Bean with object name Ratis:service=RaftServer,group=group-6B9C7ADF708C,id=4797470f-ac54-44b7-9b0a-d535466dc4d7
2023-04-11 11:25:09,289 [4797470f-ac54-44b7-9b0a-d535466dc4d7-impl-thread2] INFO  impl.RoleInfo (RoleInfo.java:shutdownFollowerState(110)) - 4797470f-ac54-44b7-9b0a-d535466dc4d7: shutdown 4797470f-ac54-44b7-9b0a-d535466dc4d7@group-6B9C7ADF708C-FollowerState
2023-04-11 11:25:09,289 [Listener at 127.0.0.1/36969] INFO  server.GrpcService (GrpcService.java:closeImpl(271)) - 4797470f-ac54-44b7-9b0a-d535466dc4d7: shutdown server GrpcServerProtocolService now
2023-04-11 11:25:09,289 [4797470f-ac54-44b7-9b0a-d535466dc4d7@group-6B9C7ADF708C-FollowerState] INFO  impl.FollowerState (FollowerState.java:run(152)) - 4797470f-ac54-44b7-9b0a-d535466dc4d7@group-6B9C7ADF708C-FollowerState was interrupted
2023-04-11 11:25:09,291 [4797470f-ac54-44b7-9b0a-d535466dc4d7@group-6B9C7ADF708C-StateMachineUpdater] INFO  ratis.ContainerStateMachine (ContainerStateMachine.java:takeSnapshot(330)) - group-6B9C7ADF708C: Taking a snapshot at:(t:1, i:7) file /home/runner/work/ozone/ozone/hadoop-ozone/integration-test/target/test-dir/MiniOzoneClusterImpl-9aae7230-fa35-4b48-a53d-d03fd74ea8aa/datanode-2/data/ratis/d2227c34-c137-466d-93f5-6b9c7adf708c/sm/snapshot.1_7
2023-04-11 11:25:09,291 [grpc-default-executor-2] WARN  server.GrpcServerProtocolService (LogUtils.java:warn(122)) - 4797470f-ac54-44b7-9b0a-d535466dc4d7: installSnapshot onError, lastRequest: null: org.apache.ratis.thirdparty.io.grpc.StatusRuntimeException: CANCELLED: client cancelled
2023-04-11 11:25:09,292 [4797470f-ac54-44b7-9b0a-d535466dc4d7-impl-thread1] INFO  impl.StateMachineUpdater (StateMachineUpdater.java:stopAndJoin(153)) - 4797470f-ac54-44b7-9b0a-d535466dc4d7@group-D1394E011350-StateMachineUpdater: set stopIndex = 22
2023-04-11 11:25:09,292 [4797470f-ac54-44b7-9b0a-d535466dc4d7@group-D1394E011350-FollowerState] INFO  impl.FollowerState (FollowerState.java:run(152)) - 4797470f-ac54-44b7-9b0a-d535466dc4d7@group-D1394E011350-FollowerState was interrupted
2023-04-11 11:25:09,292 [4797470f-ac54-44b7-9b0a-d535466dc4d7@group-D1394E011350-StateMachineUpdater] INFO  ratis.ContainerStateMachine (ContainerStateMachine.java:takeSnapshot(330)) - group-D1394E011350: Taking a snapshot at:(t:1, i:22) file /home/runner/work/ozone/ozone/hadoop-ozone/integration-test/target/test-dir/MiniOzoneClusterImpl-9aae7230-fa35-4b48-a53d-d03fd74ea8aa/datanode-2/data/ratis/7b09aed9-f2d9-418e-ae0e-d1394e011350/sm/snapshot.1_22
2023-04-11 11:25:09,292 [ForkJoinPool.commonPool-worker-1] INFO  ozoneimpl.OzoneContainer (OzoneContainer.java:stop(419)) - Attempting to stop container services.
2023-04-11 11:25:09,292 [grpc-default-executor-3] WARN  server.GrpcServerProtocolService (LogUtils.java:warn(122)) - 4797470f-ac54-44b7-9b0a-d535466dc4d7: installSnapshot onError, lastRequest: null: org.apache.ratis.thirdparty.io.grpc.StatusRuntimeException: CANCELLED: client cancelled
2023-04-11 11:25:09,298 [grpc-default-executor-2] WARN  server.GrpcLogAppender (LogUtils.java:warn(122)) - 91daf988-b498-4475-b6c7-add854a09df6@group-6B9C7ADF708C->4797470f-ac54-44b7-9b0a-d535466dc4d7-AppendLogResponseHandler: Failed appendEntries: org.apache.ratis.thirdparty.io.grpc.StatusRuntimeException: CANCELLED: RST_STREAM closed stream. HTTP/2 error code: CANCEL
2023-04-11 11:25:09,299 [grpc-default-executor-2] INFO  leader.FollowerInfo (FollowerInfoImpl.java:lambda$new$0(48)) - 91daf988-b498-4475-b6c7-add854a09df6@group-6B9C7ADF708C->4797470f-ac54-44b7-9b0a-d535466dc4d7: nextIndex: updateUnconditionally 8 -> 7
2023-04-11 11:25:09,297 [4797470f-ac54-44b7-9b0a-d535466dc4d7@group-6B9C7ADF708C-StateMachineUpdater] INFO  ratis.ContainerStateMachine (ContainerStateMachine.java:takeSnapshot(341)) - group-6B9C7ADF708C: Finished taking a snapshot at:(t:1, i:7) file:/home/runner/work/ozone/ozone/hadoop-ozone/integration-test/target/test-dir/MiniOzoneClusterImpl-9aae7230-fa35-4b48-a53d-d03fd74ea8aa/datanode-2/data/ratis/d2227c34-c137-466d-93f5-6b9c7adf708c/sm/snapshot.1_7 took: 6 ms
2023-04-11 11:25:09,299 [4797470f-ac54-44b7-9b0a-d535466dc4d7@group-6B9C7ADF708C-StateMachineUpdater] INFO  impl.StateMachineUpdater (StateMachineUpdater.java:takeSnapshot(287)) - 4797470f-ac54-44b7-9b0a-d535466dc4d7@group-6B9C7ADF708C-StateMachineUpdater: Took a snapshot at index 7
2023-04-11 11:25:09,299 [4797470f-ac54-44b7-9b0a-d535466dc4d7@group-6B9C7ADF708C-StateMachineUpdater] INFO  impl.StateMachineUpdater (StateMachineUpdater.java:lambda$new$0(92)) - 4797470f-ac54-44b7-9b0a-d535466dc4d7@group-6B9C7ADF708C-StateMachineUpdater: snapshotIndex: updateIncreasingly -1 -> 7
2023-04-11 11:25:09,300 [grpc-default-executor-1] WARN  server.GrpcServerProtocolService (LogUtils.java:warn(122)) - 4797470f-ac54-44b7-9b0a-d535466dc4d7: installSnapshot onError, lastRequest: bdac8111-12cf-4b14-9a03-ea98a7d0b884->4797470f-ac54-44b7-9b0a-d535466dc4d7#54-t1,previous=(t:1, i:21),leaderCommit=20,initializing? true,entries: size=1, first=(t:1, i:22), METADATAENTRY(c:20): org.apache.ratis.thirdparty.io.grpc.StatusRuntimeException: CANCELLED: client cancelled
2023-04-11 11:25:09,300 [grpc-default-executor-7] WARN  server.GrpcLogAppender (LogUtils.java:warn(122)) - 91daf988-b498-4475-b6c7-add854a09df6@group-6B9C7ADF708C->4797470f-ac54-44b7-9b0a-d535466dc4d7-AppendLogResponseHandler: Failed appendEntries: org.apache.ratis.thirdparty.io.grpc.StatusRuntimeException: CANCELLED: RST_STREAM closed stream. HTTP/2 error code: CANCEL
2023-04-11 11:25:09,300 [grpc-default-executor-7] INFO  leader.FollowerInfo (FollowerInfoImpl.java:lambda$new$0(48)) - 91daf988-b498-4475-b6c7-add854a09df6@group-6B9C7ADF708C->4797470f-ac54-44b7-9b0a-d535466dc4d7: nextIndex: updateUnconditionally 7 -> 6
2023-04-11 11:25:09,300 [grpc-default-executor-6] WARN  server.GrpcServerProtocolService (LogUtils.java:warn(122)) - 4797470f-ac54-44b7-9b0a-d535466dc4d7: installSnapshot onError, lastRequest: 91daf988-b498-4475-b6c7-add854a09df6->4797470f-ac54-44b7-9b0a-d535466dc4d7#259-t1,previous=(t:1, i:6),leaderCommit=5,initializing? true,entries: size=1, first=(t:1, i:7), METADATAENTRY(c:5): org.apache.ratis.thirdparty.io.grpc.StatusRuntimeException: CANCELLED: client cancelled
2023-04-11 11:25:09,300 [Listener at 127.0.0.1/36969] INFO  server.GrpcService (GrpcService.java:closeImpl(280)) - 4797470f-ac54-44b7-9b0a-d535466dc4d7: shutdown server GrpcServerProtocolService successfully
2023-04-11 11:25:09,301 [4797470f-ac54-44b7-9b0a-d535466dc4d7-NettyServerStreamRpc-bossGroup--thread1] INFO  logging.LoggingHandler (AbstractInternalLogger.java:log(148)) - [id: 0x385d83c8, L:/0:0:0:0:0:0:0:0:36341] CLOSE
2023-04-11 11:25:09,297 [4797470f-ac54-44b7-9b0a-d535466dc4d7@group-D1394E011350-StateMachineUpdater] INFO  ratis.ContainerStateMachine (ContainerStateMachine.java:takeSnapshot(341)) - group-D1394E011350: Finished taking a snapshot at:(t:1, i:22) file:/home/runner/work/ozone/ozone/hadoop-ozone/integration-test/target/test-dir/MiniOzoneClusterImpl-9aae7230-fa35-4b48-a53d-d03fd74ea8aa/datanode-2/data/ratis/7b09aed9-f2d9-418e-ae0e-d1394e011350/sm/snapshot.1_22 took: 5 ms
2023-04-11 11:25:09,301 [4797470f-ac54-44b7-9b0a-d535466dc4d7-NettyServerStreamRpc-bossGroup--thread1] INFO  logging.LoggingHandler (AbstractInternalLogger.java:log(148)) - [id: 0x385d83c8, L:/0:0:0:0:0:0:0:0:36341] INACTIVE
2023-04-11 11:25:09,301 [4797470f-ac54-44b7-9b0a-d535466dc4d7-NettyServerStreamRpc-bossGroup--thread1] INFO  logging.LoggingHandler (AbstractInternalLogger.java:log(148)) - [id: 0x385d83c8, L:/0:0:0:0:0:0:0:0:36341] UNREGISTERED
2023-04-11 11:25:09,301 [grpc-default-executor-2] WARN  server.GrpcLogAppender (LogUtils.java:warn(122)) - bdac8111-12cf-4b14-9a03-ea98a7d0b884@group-D1394E011350->4797470f-ac54-44b7-9b0a-d535466dc4d7-AppendLogResponseHandler: Failed appendEntries: org.apache.ratis.thirdparty.io.grpc.StatusRuntimeException: CANCELLED: RST_STREAM closed stream. HTTP/2 error code: CANCEL
2023-04-11 11:25:09,301 [grpc-default-executor-2] INFO  leader.FollowerInfo (FollowerInfoImpl.java:lambda$new$0(48)) - bdac8111-12cf-4b14-9a03-ea98a7d0b884@group-D1394E011350->4797470f-ac54-44b7-9b0a-d535466dc4d7: nextIndex: updateUnconditionally 23 -> 22
2023-04-11 11:25:09,297 [4797470f-ac54-44b7-9b0a-d535466dc4d7-impl-thread3] INFO  server.RaftServer$Division (RaftServerImpl.java:lambda$close$4(458)) - 4797470f-ac54-44b7-9b0a-d535466dc4d7@group-CF3AC20E158B: shutdown
2023-04-11 11:25:09,297 [4797470f-ac54-44b7-9b0a-d535466dc4d7-impl-thread2] INFO  impl.StateMachineUpdater (StateMachineUpdater.java:stopAndJoin(153)) - 4797470f-ac54-44b7-9b0a-d535466dc4d7@group-6B9C7ADF708C-StateMachineUpdater: set stopIndex = 7
2023-04-11 11:25:09,301 [4797470f-ac54-44b7-9b0a-d535466dc4d7@group-D1394E011350-StateMachineUpdater] INFO  impl.StateMachineUpdater (StateMachineUpdater.java:takeSnapshot(287)) - 4797470f-ac54-44b7-9b0a-d535466dc4d7@group-D1394E011350-StateMachineUpdater: Took a snapshot at index 22
2023-04-11 11:25:09,302 [4797470f-ac54-44b7-9b0a-d535466dc4d7-impl-thread3] INFO  util.JmxRegister (JmxRegister.java:unregister(73)) - Successfully un-registered JMX Bean with object name Ratis:service=RaftServer,group=group-CF3AC20E158B,id=4797470f-ac54-44b7-9b0a-d535466dc4d7
2023-04-11 11:25:09,301 [grpc-default-executor-7] WARN  server.GrpcLogAppender (LogUtils.java:warn(122)) - bdac8111-12cf-4b14-9a03-ea98a7d0b884@group-D1394E011350->4797470f-ac54-44b7-9b0a-d535466dc4d7-AppendLogResponseHandler: Failed appendEntries: org.apache.ratis.thirdparty.io.grpc.StatusRuntimeException: CANCELLED: RST_STREAM closed stream. HTTP/2 error code: CANCEL
2023-04-11 11:25:09,302 [4797470f-ac54-44b7-9b0a-d535466dc4d7-impl-thread3] INFO  impl.RoleInfo (RoleInfo.java:shutdownLeaderState(93)) - 4797470f-ac54-44b7-9b0a-d535466dc4d7: shutdown 4797470f-ac54-44b7-9b0a-d535466dc4d7@group-CF3AC20E158B-LeaderStateImpl
2023-04-11 11:25:09,302 [grpc-default-executor-7] INFO  leader.FollowerInfo (FollowerInfoImpl.java:lambda$new$0(48)) - bdac8111-12cf-4b14-9a03-ea98a7d0b884@group-D1394E011350->4797470f-ac54-44b7-9b0a-d535466dc4d7: nextIndex: updateUnconditionally 22 -> 21
2023-04-11 11:25:09,302 [4797470f-ac54-44b7-9b0a-d535466dc4d7-impl-thread3] INFO  impl.PendingRequests (PendingRequests.java:sendNotLeaderResponses(282)) - 4797470f-ac54-44b7-9b0a-d535466dc4d7@group-CF3AC20E158B-PendingRequests: sendNotLeaderResponses
2023-04-11 11:25:09,302 [4797470f-ac54-44b7-9b0a-d535466dc4d7@group-D1394E011350-StateMachineUpdater] INFO  impl.StateMachineUpdater (StateMachineUpdater.java:lambda$new$0(92)) - 4797470f-ac54-44b7-9b0a-d535466dc4d7@group-D1394E011350-StateMachineUpdater: snapshotIndex: updateIncreasingly -1 -> 22
2023-04-11 11:25:09,302 [4797470f-ac54-44b7-9b0a-d535466dc4d7-impl-thread2] INFO  server.RaftServer$Division (ServerState.java:close(466)) - 4797470f-ac54-44b7-9b0a-d535466dc4d7@group-6B9C7ADF708C: closes. applyIndex: 7
2023-04-11 11:25:09,303 [4797470f-ac54-44b7-9b0a-d535466dc4d7-impl-thread3] INFO  impl.StateMachineUpdater (StateMachineUpdater.java:stopAndJoin(153)) - 4797470f-ac54-44b7-9b0a-d535466dc4d7@group-CF3AC20E158B-StateMachineUpdater: set stopIndex = 0
2023-04-11 11:25:09,303 [4797470f-ac54-44b7-9b0a-d535466dc4d7@group-CF3AC20E158B-StateMachineUpdater] INFO  ratis.ContainerStateMachine (ContainerStateMachine.java:takeSnapshot(330)) - group-CF3AC20E158B: Taking a snapshot at:(t:1, i:0) file /home/runner/work/ozone/ozone/hadoop-ozone/integration-test/target/test-dir/MiniOzoneClusterImpl-9aae7230-fa35-4b48-a53d-d03fd74ea8aa/datanode-2/data/ratis/0bce1ab0-08f6-4d62-ba9f-cf3ac20e158b/sm/snapshot.1_0
2023-04-11 11:25:09,304 [4797470f-ac54-44b7-9b0a-d535466dc4d7@group-CF3AC20E158B-StateMachineUpdater] INFO  ratis.ContainerStateMachine (ContainerStateMachine.java:takeSnapshot(341)) - group-CF3AC20E158B: Finished taking a snapshot at:(t:1, i:0) file:/home/runner/work/ozone/ozone/hadoop-ozone/integration-test/target/test-dir/MiniOzoneClusterImpl-9aae7230-fa35-4b48-a53d-d03fd74ea8aa/datanode-2/data/ratis/0bce1ab0-08f6-4d62-ba9f-cf3ac20e158b/sm/snapshot.1_0 took: 1 ms
2023-04-11 11:25:09,304 [4797470f-ac54-44b7-9b0a-d535466dc4d7@group-CF3AC20E158B-StateMachineUpdater] INFO  impl.StateMachineUpdater (StateMachineUpdater.java:takeSnapshot(287)) - 4797470f-ac54-44b7-9b0a-d535466dc4d7@group-CF3AC20E158B-StateMachineUpdater: Took a snapshot at index 0
2023-04-11 11:25:09,304 [4797470f-ac54-44b7-9b0a-d535466dc4d7@group-CF3AC20E158B-StateMachineUpdater] INFO  impl.StateMachineUpdater (StateMachineUpdater.java:lambda$new$0(92)) - 4797470f-ac54-44b7-9b0a-d535466dc4d7@group-CF3AC20E158B-StateMachineUpdater: snapshotIndex: updateIncreasingly -1 -> 0
2023-04-11 11:25:09,304 [4797470f-ac54-44b7-9b0a-d535466dc4d7-impl-thread3] INFO  server.RaftServer$Division (ServerState.java:close(466)) - 4797470f-ac54-44b7-9b0a-d535466dc4d7@group-CF3AC20E158B: closes. applyIndex: 0
2023-04-11 11:25:09,307 [4797470f-ac54-44b7-9b0a-d535466dc4d7@group-CF3AC20E158B-SegmentedRaftLogWorker] INFO  segmented.SegmentedRaftLogWorker (SegmentedRaftLogWorker.java:run(347)) - 4797470f-ac54-44b7-9b0a-d535466dc4d7@group-CF3AC20E158B-SegmentedRaftLogWorker was interrupted, exiting. There are 0 tasks remaining in the queue.
2023-04-11 11:25:09,310 [4797470f-ac54-44b7-9b0a-d535466dc4d7-impl-thread1] INFO  server.RaftServer$Division (ServerState.java:close(466)) - 4797470f-ac54-44b7-9b0a-d535466dc4d7@group-D1394E011350: closes. applyIndex: 22
2023-04-11 11:25:09,310 [4797470f-ac54-44b7-9b0a-d535466dc4d7@group-6B9C7ADF708C-SegmentedRaftLogWorker] INFO  segmented.SegmentedRaftLogWorker (SegmentedRaftLogWorker.java:run(347)) - 4797470f-ac54-44b7-9b0a-d535466dc4d7@group-6B9C7ADF708C-SegmentedRaftLogWorker was interrupted, exiting. There are 0 tasks remaining in the queue.
2023-04-11 11:25:09,310 [4797470f-ac54-44b7-9b0a-d535466dc4d7@group-D1394E011350-SegmentedRaftLogWorker] INFO  segmented.SegmentedRaftLogWorker (SegmentedRaftLogWorker.java:run(347)) - 4797470f-ac54-44b7-9b0a-d535466dc4d7@group-D1394E011350-SegmentedRaftLogWorker was interrupted, exiting. There are 0 tasks remaining in the queue.
2023-04-11 11:25:09,313 [grpc-default-executor-1] WARN  server.GrpcLogAppender (LogUtils.java:warn(122)) - bdac8111-12cf-4b14-9a03-ea98a7d0b884@group-D1394E011350->4797470f-ac54-44b7-9b0a-d535466dc4d7-AppendLogResponseHandler: Failed appendEntries: org.apache.ratis.thirdparty.io.grpc.StatusRuntimeException: UNAVAILABLE: io exception
2023-04-11 11:25:09,314 [grpc-default-executor-4] WARN  server.GrpcLogAppender (LogUtils.java:warn(122)) - bdac8111-12cf-4b14-9a03-ea98a7d0b884@group-D1394E011350->4797470f-ac54-44b7-9b0a-d535466dc4d7-AppendLogResponseHandler: Failed appendEntries: org.apache.ratis.thirdparty.io.grpc.StatusRuntimeException: UNAVAILABLE: io exception
2023-04-11 11:25:09,314 [ForkJoinPool.commonPool-worker-1] INFO  server.RaftServer (RaftServerProxy.java:lambda$close$6(409)) - 91daf988-b498-4475-b6c7-add854a09df6: close
2023-04-11 11:25:09,314 [grpc-default-executor-3] WARN  server.GrpcLogAppender (LogUtils.java:warn(122)) - 91daf988-b498-4475-b6c7-add854a09df6@group-6B9C7ADF708C->4797470f-ac54-44b7-9b0a-d535466dc4d7-AppendLogResponseHandler: Failed appendEntries: org.apache.ratis.thirdparty.io.grpc.StatusRuntimeException: UNAVAILABLE: io exception
2023-04-11 11:25:09,314 [4797470f-ac54-44b7-9b0a-d535466dc4d7-impl-thread1] INFO  segmented.SegmentedRaftLogWorker (SegmentedRaftLogWorker.java:close(257)) - 4797470f-ac54-44b7-9b0a-d535466dc4d7@group-D1394E011350-SegmentedRaftLogWorker close()
2023-04-11 11:25:09,314 [4797470f-ac54-44b7-9b0a-d535466dc4d7-impl-thread2] INFO  segmented.SegmentedRaftLogWorker (SegmentedRaftLogWorker.java:close(257)) - 4797470f-ac54-44b7-9b0a-d535466dc4d7@group-6B9C7ADF708C-SegmentedRaftLogWorker close()
2023-04-11 11:25:09,314 [4797470f-ac54-44b7-9b0a-d535466dc4d7-impl-thread3] INFO  segmented.SegmentedRaftLogWorker (SegmentedRaftLogWorker.java:close(257)) - 4797470f-ac54-44b7-9b0a-d535466dc4d7@group-CF3AC20E158B-SegmentedRaftLogWorker close()
2023-04-11 11:25:09,315 [grpc-default-executor-3] INFO  leader.FollowerInfo (FollowerInfoImpl.java:lambda$new$0(48)) - 91daf988-b498-4475-b6c7-add854a09df6@group-6B9C7ADF708C->4797470f-ac54-44b7-9b0a-d535466dc4d7: nextIndex: updateUnconditionally 7 -> 6
2023-04-11 11:25:09,315 [grpc-default-executor-0] WARN  server.GrpcLogAppender (LogUtils.java:warn(122)) - 91daf988-b498-4475-b6c7-add854a09df6@group-6B9C7ADF708C->4797470f-ac54-44b7-9b0a-d535466dc4d7-AppendLogResponseHandler: Failed appendEntries: org.apache.ratis.thirdparty.io.grpc.StatusRuntimeException: UNAVAILABLE: io exception
2023-04-11 11:25:09,316 [grpc-default-executor-0] INFO  leader.FollowerInfo (FollowerInfoImpl.java:lambda$new$0(48)) - 91daf988-b498-4475-b6c7-add854a09df6@group-6B9C7ADF708C->4797470f-ac54-44b7-9b0a-d535466dc4d7: nextIndex: updateUnconditionally 6 -> 5
2023-04-11 11:25:09,317 [grpc-default-executor-1] INFO  leader.FollowerInfo (FollowerInfoImpl.java:lambda$new$0(48)) - bdac8111-12cf-4b14-9a03-ea98a7d0b884@group-D1394E011350->4797470f-ac54-44b7-9b0a-d535466dc4d7: nextIndex: updateUnconditionally 22 -> 21
2023-04-11 11:25:09,317 [grpc-default-executor-4] INFO  leader.FollowerInfo (FollowerInfoImpl.java:lambda$new$0(48)) - bdac8111-12cf-4b14-9a03-ea98a7d0b884@group-D1394E011350->4797470f-ac54-44b7-9b0a-d535466dc4d7: nextIndex: updateUnconditionally 21 -> 20
2023-04-11 11:25:09,323 [grpc-default-executor-4] WARN  server.GrpcLogAppender (LogUtils.java:warn(122)) - bdac8111-12cf-4b14-9a03-ea98a7d0b884@group-D1394E011350->4797470f-ac54-44b7-9b0a-d535466dc4d7-AppendLogResponseHandler: Failed appendEntries: org.apache.ratis.thirdparty.io.grpc.StatusRuntimeException: UNAVAILABLE: io exception
2023-04-11 11:25:09,324 [grpc-default-executor-4] INFO  leader.FollowerInfo (FollowerInfoImpl.java:lambda$new$0(48)) - bdac8111-12cf-4b14-9a03-ea98a7d0b884@group-D1394E011350->4797470f-ac54-44b7-9b0a-d535466dc4d7: nextIndex: updateUnconditionally 20 -> 19
2023-04-11 11:25:09,324 [grpc-default-executor-1] WARN  server.GrpcLogAppender (LogUtils.java:warn(122)) - bdac8111-12cf-4b14-9a03-ea98a7d0b884@group-D1394E011350->4797470f-ac54-44b7-9b0a-d535466dc4d7-AppendLogResponseHandler: Failed appendEntries: org.apache.ratis.thirdparty.io.grpc.StatusRuntimeException: UNAVAILABLE: io exception
2023-04-11 11:25:09,324 [grpc-default-executor-1] INFO  leader.FollowerInfo (FollowerInfoImpl.java:lambda$new$0(48)) - bdac8111-12cf-4b14-9a03-ea98a7d0b884@group-D1394E011350->4797470f-ac54-44b7-9b0a-d535466dc4d7: nextIndex: updateUnconditionally 19 -> 18
2023-04-11 11:25:09,331 [91daf988-b498-4475-b6c7-add854a09df6-impl-thread1] INFO  server.RaftServer$Division (RaftServerImpl.java:lambda$close$4(458)) - 91daf988-b498-4475-b6c7-add854a09df6@group-D1394E011350: shutdown
2023-04-11 11:25:09,331 [91daf988-b498-4475-b6c7-add854a09df6-impl-thread2] INFO  server.RaftServer$Division (RaftServerImpl.java:lambda$close$4(458)) - 91daf988-b498-4475-b6c7-add854a09df6@group-6B9C7ADF708C: shutdown
2023-04-11 11:25:09,331 [91daf988-b498-4475-b6c7-add854a09df6-impl-thread1] INFO  util.JmxRegister (JmxRegister.java:unregister(73)) - Successfully un-registered JMX Bean with object name Ratis:service=RaftServer,group=group-D1394E011350,id=91daf988-b498-4475-b6c7-add854a09df6
2023-04-11 11:25:09,331 [91daf988-b498-4475-b6c7-add854a09df6-impl-thread2] INFO  util.JmxRegister (JmxRegister.java:unregister(73)) - Successfully un-registered JMX Bean with object name Ratis:service=RaftServer,group=group-6B9C7ADF708C,id=91daf988-b498-4475-b6c7-add854a09df6
2023-04-11 11:25:09,331 [91daf988-b498-4475-b6c7-add854a09df6-impl-thread2] INFO  impl.RoleInfo (RoleInfo.java:shutdownLeaderState(93)) - 91daf988-b498-4475-b6c7-add854a09df6: shutdown 91daf988-b498-4475-b6c7-add854a09df6@group-6B9C7ADF708C-LeaderStateImpl
2023-04-11 11:25:09,331 [91daf988-b498-4475-b6c7-add854a09df6-impl-thread1] INFO  impl.RoleInfo (RoleInfo.java:shutdownFollowerState(110)) - 91daf988-b498-4475-b6c7-add854a09df6: shutdown 91daf988-b498-4475-b6c7-add854a09df6@group-D1394E011350-FollowerState
2023-04-11 11:25:09,332 [ForkJoinPool.commonPool-worker-1] INFO  server.GrpcService (GrpcService.java:closeImpl(271)) - 91daf988-b498-4475-b6c7-add854a09df6: shutdown server GrpcServerProtocolService now
2023-04-11 11:25:09,332 [91daf988-b498-4475-b6c7-add854a09df6@group-D1394E011350-FollowerState] INFO  impl.FollowerState (FollowerState.java:run(152)) - 91daf988-b498-4475-b6c7-add854a09df6@group-D1394E011350-FollowerState was interrupted
2023-04-11 11:25:09,332 [91daf988-b498-4475-b6c7-add854a09df6-impl-thread1] INFO  impl.StateMachineUpdater (StateMachineUpdater.java:stopAndJoin(153)) - 91daf988-b498-4475-b6c7-add854a09df6@group-D1394E011350-StateMachineUpdater: set stopIndex = 22
2023-04-11 11:25:09,332 [91daf988-b498-4475-b6c7-add854a09df6@group-D1394E011350-StateMachineUpdater] INFO  ratis.ContainerStateMachine (ContainerStateMachine.java:takeSnapshot(330)) - group-D1394E011350: Taking a snapshot at:(t:1, i:22) file /home/runner/work/ozone/ozone/hadoop-ozone/integration-test/target/test-dir/MiniOzoneClusterImpl-9aae7230-fa35-4b48-a53d-d03fd74ea8aa/datanode-1/data/ratis/7b09aed9-f2d9-418e-ae0e-d1394e011350/sm/snapshot.1_22
2023-04-11 11:25:09,333 [91daf988-b498-4475-b6c7-add854a09df6@group-6B9C7ADF708C->4797470f-ac54-44b7-9b0a-d535466dc4d7-GrpcLogAppender-LogAppenderDaemon] WARN  server.GrpcLogAppender (GrpcLogAppender.java:mayWait(200)) - 91daf988-b498-4475-b6c7-add854a09df6@group-6B9C7ADF708C->4797470f-ac54-44b7-9b0a-d535466dc4d7-GrpcLogAppender: Wait interrupted by java.lang.InterruptedException
2023-04-11 11:25:09,335 [grpc-default-executor-1] WARN  server.GrpcLogAppender (LogUtils.java:warn(122)) - bdac8111-12cf-4b14-9a03-ea98a7d0b884@group-D1394E011350->4797470f-ac54-44b7-9b0a-d535466dc4d7-AppendLogResponseHandler: Failed appendEntries: org.apache.ratis.thirdparty.io.grpc.StatusRuntimeException: UNAVAILABLE: io exception
2023-04-11 11:25:09,335 [91daf988-b498-4475-b6c7-add854a09df6@group-D1394E011350-StateMachineUpdater] INFO  ratis.ContainerStateMachine (ContainerStateMachine.java:takeSnapshot(341)) - group-D1394E011350: Finished taking a snapshot at:(t:1, i:22) file:/home/runner/work/ozone/ozone/hadoop-ozone/integration-test/target/test-dir/MiniOzoneClusterImpl-9aae7230-fa35-4b48-a53d-d03fd74ea8aa/datanode-1/data/ratis/7b09aed9-f2d9-418e-ae0e-d1394e011350/sm/snapshot.1_22 took: 3 ms
2023-04-11 11:25:09,335 [91daf988-b498-4475-b6c7-add854a09df6@group-D1394E011350-StateMachineUpdater] INFO  impl.StateMachineUpdater (StateMachineUpdater.java:takeSnapshot(287)) - 91daf988-b498-4475-b6c7-add854a09df6@group-D1394E011350-StateMachineUpdater: Took a snapshot at index 22
2023-04-11 11:25:09,335 [91daf988-b498-4475-b6c7-add854a09df6@group-D1394E011350-StateMachineUpdater] INFO  impl.StateMachineUpdater (StateMachineUpdater.java:lambda$new$0(92)) - 91daf988-b498-4475-b6c7-add854a09df6@group-D1394E011350-StateMachineUpdater: snapshotIndex: updateIncreasingly -1 -> 22
2023-04-11 11:25:09,337 [91daf988-b498-4475-b6c7-add854a09df6@group-6B9C7ADF708C->bdac8111-12cf-4b14-9a03-ea98a7d0b884-GrpcLogAppender-LogAppenderDaemon] WARN  server.GrpcLogAppender (GrpcLogAppender.java:mayWait(200)) - 91daf988-b498-4475-b6c7-add854a09df6@group-6B9C7ADF708C->bdac8111-12cf-4b14-9a03-ea98a7d0b884-GrpcLogAppender: Wait interrupted by java.lang.InterruptedException
2023-04-11 11:25:09,337 [grpc-default-executor-4] WARN  server.GrpcLogAppender (LogUtils.java:warn(122)) - bdac8111-12cf-4b14-9a03-ea98a7d0b884@group-D1394E011350->4797470f-ac54-44b7-9b0a-d535466dc4d7-AppendLogResponseHandler: Failed appendEntries: org.apache.ratis.thirdparty.io.grpc.StatusRuntimeException: UNAVAILABLE: io exception
2023-04-11 11:25:09,338 [91daf988-b498-4475-b6c7-add854a09df6-impl-thread2] INFO  impl.PendingRequests (PendingRequests.java:sendNotLeaderResponses(282)) - 91daf988-b498-4475-b6c7-add854a09df6@group-6B9C7ADF708C-PendingRequests: sendNotLeaderResponses
2023-04-11 11:25:09,343 [91daf988-b498-4475-b6c7-add854a09df6-impl-thread3] INFO  server.RaftServer$Division (RaftServerImpl.java:lambda$close$4(458)) - 91daf988-b498-4475-b6c7-add854a09df6@group-380FF8F693E5: shutdown
2023-04-11 11:25:09,343 [grpc-default-executor-7] WARN  server.GrpcClientProtocolService (LogUtils.java:warn(122)) - 1-OrderedRequestStreamObserver1: onError: org.apache.ratis.thirdparty.io.grpc.StatusRuntimeException: CANCELLED: client cancelled
2023-04-11 11:25:09,344 [grpc-default-executor-5] WARN  server.GrpcServerProtocolService (LogUtils.java:warn(122)) - 91daf988-b498-4475-b6c7-add854a09df6: installSnapshot onError, lastRequest: bdac8111-12cf-4b14-9a03-ea98a7d0b884->91daf988-b498-4475-b6c7-add854a09df6#53-t1,previous=(t:1, i:21),leaderCommit=20,initializing? true,entries: size=1, first=(t:1, i:22), METADATAENTRY(c:20): org.apache.ratis.thirdparty.io.grpc.StatusRuntimeException: CANCELLED: client cancelled
2023-04-11 11:25:09,343 [ForkJoinPool.commonPool-worker-1] INFO  server.GrpcServerProtocolClient (GrpcServerProtocolClient.java:close(101)) - 4797470f-ac54-44b7-9b0a-d535466dc4d7 Close channels
2023-04-11 11:25:09,345 [91daf988-b498-4475-b6c7-add854a09df6-impl-thread3] INFO  util.JmxRegister (JmxRegister.java:unregister(73)) - Successfully un-registered JMX Bean with object name Ratis:service=RaftServer,group=group-380FF8F693E5,id=91daf988-b498-4475-b6c7-add854a09df6
2023-04-11 11:25:09,345 [91daf988-b498-4475-b6c7-add854a09df6-impl-thread3] INFO  impl.RoleInfo (RoleInfo.java:shutdownLeaderState(93)) - 91daf988-b498-4475-b6c7-add854a09df6: shutdown 91daf988-b498-4475-b6c7-add854a09df6@group-380FF8F693E5-LeaderStateImpl
2023-04-11 11:25:09,345 [91daf988-b498-4475-b6c7-add854a09df6-impl-thread3] INFO  impl.PendingRequests (PendingRequests.java:sendNotLeaderResponses(282)) - 91daf988-b498-4475-b6c7-add854a09df6@group-380FF8F693E5-PendingRequests: sendNotLeaderResponses
2023-04-11 11:25:09,345 [91daf988-b498-4475-b6c7-add854a09df6@group-380FF8F693E5-StateMachineUpdater] INFO  ratis.ContainerStateMachine (ContainerStateMachine.java:takeSnapshot(330)) - group-380FF8F693E5: Taking a snapshot at:(t:1, i:0) file /home/runner/work/ozone/ozone/hadoop-ozone/integration-test/target/test-dir/MiniOzoneClusterImpl-9aae7230-fa35-4b48-a53d-d03fd74ea8aa/datanode-1/data/ratis/d058f862-c72a-4290-b8a3-380ff8f693e5/sm/snapshot.1_0
2023-04-11 11:25:09,346 [91daf988-b498-4475-b6c7-add854a09df6-impl-thread3] INFO  impl.StateMachineUpdater (StateMachineUpdater.java:stopAndJoin(153)) - 91daf988-b498-4475-b6c7-add854a09df6@group-380FF8F693E5-StateMachineUpdater: set stopIndex = 0
2023-04-11 11:25:09,346 [91daf988-b498-4475-b6c7-add854a09df6@group-380FF8F693E5-StateMachineUpdater] INFO  ratis.ContainerStateMachine (ContainerStateMachine.java:takeSnapshot(341)) - group-380FF8F693E5: Finished taking a snapshot at:(t:1, i:0) file:/home/runner/work/ozone/ozone/hadoop-ozone/integration-test/target/test-dir/MiniOzoneClusterImpl-9aae7230-fa35-4b48-a53d-d03fd74ea8aa/datanode-1/data/ratis/d058f862-c72a-4290-b8a3-380ff8f693e5/sm/snapshot.1_0 took: 2 ms
2023-04-11 11:25:09,347 [91daf988-b498-4475-b6c7-add854a09df6@group-380FF8F693E5-StateMachineUpdater] INFO  impl.StateMachineUpdater (StateMachineUpdater.java:takeSnapshot(287)) - 91daf988-b498-4475-b6c7-add854a09df6@group-380FF8F693E5-StateMachineUpdater: Took a snapshot at index 0
2023-04-11 11:25:09,347 [91daf988-b498-4475-b6c7-add854a09df6@group-380FF8F693E5-StateMachineUpdater] INFO  impl.StateMachineUpdater (StateMachineUpdater.java:lambda$new$0(92)) - 91daf988-b498-4475-b6c7-add854a09df6@group-380FF8F693E5-StateMachineUpdater: snapshotIndex: updateIncreasingly -1 -> 0
2023-04-11 11:25:09,347 [grpc-default-executor-3] INFO  server.GrpcServerProtocolService (GrpcServerProtocolService.java:onCompleted(143)) - bdac8111-12cf-4b14-9a03-ea98a7d0b884: Completed APPEND_ENTRIES, lastRequest: null
2023-04-11 11:25:09,348 [grpc-default-executor-0] INFO  server.GrpcServerProtocolService (GrpcServerProtocolService.java:onCompleted(143)) - bdac8111-12cf-4b14-9a03-ea98a7d0b884: Completed APPEND_ENTRIES, lastRequest: 91daf988-b498-4475-b6c7-add854a09df6->bdac8111-12cf-4b14-9a03-ea98a7d0b884#261-t1,previous=(t:1, i:6),leaderCommit=5,initializing? true,entries: size=1, first=(t:1, i:7), METADATAENTRY(c:5)
2023-04-11 11:25:09,348 [grpc-default-executor-1] INFO  leader.FollowerInfo (FollowerInfoImpl.java:lambda$new$0(48)) - bdac8111-12cf-4b14-9a03-ea98a7d0b884@group-D1394E011350->4797470f-ac54-44b7-9b0a-d535466dc4d7: nextIndex: updateUnconditionally 19 -> 18
2023-04-11 11:25:09,348 [91daf988-b498-4475-b6c7-add854a09df6-impl-thread1] INFO  server.RaftServer$Division (ServerState.java:close(466)) - 91daf988-b498-4475-b6c7-add854a09df6@group-D1394E011350: closes. applyIndex: 22
2023-04-11 11:25:09,348 [grpc-default-executor-4] INFO  leader.FollowerInfo (FollowerInfoImpl.java:lambda$new$0(48)) - bdac8111-12cf-4b14-9a03-ea98a7d0b884@group-D1394E011350->4797470f-ac54-44b7-9b0a-d535466dc4d7: nextIndex: updateUnconditionally 18 -> 17
2023-04-11 11:25:09,349 [91daf988-b498-4475-b6c7-add854a09df6@group-D1394E011350-SegmentedRaftLogWorker] INFO  segmented.SegmentedRaftLogWorker (SegmentedRaftLogWorker.java:run(347)) - 91daf988-b498-4475-b6c7-add854a09df6@group-D1394E011350-SegmentedRaftLogWorker was interrupted, exiting. There are 0 tasks remaining in the queue.
2023-04-11 11:25:09,350 [grpc-default-executor-0] INFO  server.GrpcLogAppender (GrpcLogAppender.java:onCompleted(415)) - 91daf988-b498-4475-b6c7-add854a09df6@group-6B9C7ADF708C->bdac8111-12cf-4b14-9a03-ea98a7d0b884-AppendLogResponseHandler: follower responses appendEntries COMPLETED
2023-04-11 11:25:09,350 [grpc-default-executor-0] INFO  leader.FollowerInfo (FollowerInfoImpl.java:lambda$new$0(48)) - 91daf988-b498-4475-b6c7-add854a09df6@group-6B9C7ADF708C->bdac8111-12cf-4b14-9a03-ea98a7d0b884: nextIndex: updateUnconditionally 8 -> 7
2023-04-11 11:25:09,354 [grpc-default-executor-11] WARN  server.GrpcLogAppender (LogUtils.java:warn(122)) - bdac8111-12cf-4b14-9a03-ea98a7d0b884@group-D1394E011350->91daf988-b498-4475-b6c7-add854a09df6-AppendLogResponseHandler: Failed appendEntries: org.apache.ratis.thirdparty.io.grpc.StatusRuntimeException: CANCELLED: RST_STREAM closed stream. HTTP/2 error code: CANCEL
2023-04-11 11:25:09,354 [grpc-default-executor-9] WARN  server.GrpcServerProtocolService (LogUtils.java:warn(122)) - 91daf988-b498-4475-b6c7-add854a09df6: installSnapshot onError, lastRequest: null: org.apache.ratis.thirdparty.io.grpc.StatusRuntimeException: CANCELLED: client cancelled
2023-04-11 11:25:09,355 [grpc-default-executor-1] WARN  server.GrpcLogAppender (LogUtils.java:warn(122)) - bdac8111-12cf-4b14-9a03-ea98a7d0b884@group-D1394E011350->91daf988-b498-4475-b6c7-add854a09df6-AppendLogResponseHandler: Failed appendEntries: org.apache.ratis.thirdparty.io.grpc.StatusRuntimeException: CANCELLED: RST_STREAM closed stream. HTTP/2 error code: CANCEL
2023-04-11 11:25:09,355 [grpc-default-executor-1] INFO  leader.FollowerInfo (FollowerInfoImpl.java:lambda$new$0(48)) - bdac8111-12cf-4b14-9a03-ea98a7d0b884@group-D1394E011350->91daf988-b498-4475-b6c7-add854a09df6: nextIndex: updateUnconditionally 23 -> 22
2023-04-11 11:25:09,355 [grpc-default-executor-0] INFO  server.GrpcLogAppender (GrpcLogAppender.java:onCompleted(415)) - 91daf988-b498-4475-b6c7-add854a09df6@group-6B9C7ADF708C->bdac8111-12cf-4b14-9a03-ea98a7d0b884-AppendLogResponseHandler: follower responses appendEntries COMPLETED
2023-04-11 11:25:09,355 [grpc-default-executor-0] INFO  leader.FollowerInfo (FollowerInfoImpl.java:lambda$new$0(48)) - 91daf988-b498-4475-b6c7-add854a09df6@group-6B9C7ADF708C->bdac8111-12cf-4b14-9a03-ea98a7d0b884: nextIndex: updateUnconditionally 7 -> 6
2023-04-11 11:25:09,355 [grpc-default-executor-11] INFO  leader.FollowerInfo (FollowerInfoImpl.java:lambda$new$0(48)) - bdac8111-12cf-4b14-9a03-ea98a7d0b884@group-D1394E011350->91daf988-b498-4475-b6c7-add854a09df6: nextIndex: updateUnconditionally 22 -> 21
2023-04-11 11:25:09,357 [91daf988-b498-4475-b6c7-add854a09df6-impl-thread1] INFO  segmented.SegmentedRaftLogWorker (SegmentedRaftLogWorker.java:close(257)) - 91daf988-b498-4475-b6c7-add854a09df6@group-D1394E011350-SegmentedRaftLogWorker close()
2023-04-11 11:25:09,359 [91daf988-b498-4475-b6c7-add854a09df6-impl-thread2] INFO  impl.StateMachineUpdater (StateMachineUpdater.java:stopAndJoin(153)) - 91daf988-b498-4475-b6c7-add854a09df6@group-6B9C7ADF708C-StateMachineUpdater: set stopIndex = 7
2023-04-11 11:25:09,356 [91daf988-b498-4475-b6c7-add854a09df6-impl-thread3] INFO  server.RaftServer$Division (ServerState.java:close(466)) - 91daf988-b498-4475-b6c7-add854a09df6@group-380FF8F693E5: closes. applyIndex: 0
2023-04-11 11:25:09,356 [JvmPauseMonitor8] INFO  util.JvmPauseMonitor (JvmPauseMonitor.java:run(111)) - JvmPauseMonitor-4797470f-ac54-44b7-9b0a-d535466dc4d7: Stopped
2023-04-11 11:25:09,360 [91daf988-b498-4475-b6c7-add854a09df6@group-380FF8F693E5-SegmentedRaftLogWorker] INFO  segmented.SegmentedRaftLogWorker (SegmentedRaftLogWorker.java:run(347)) - 91daf988-b498-4475-b6c7-add854a09df6@group-380FF8F693E5-SegmentedRaftLogWorker was interrupted, exiting. There are 0 tasks remaining in the queue.
2023-04-11 11:25:09,361 [grpc-default-executor-4] WARN  server.GrpcLogAppender (LogUtils.java:warn(122)) - bdac8111-12cf-4b14-9a03-ea98a7d0b884@group-D1394E011350->91daf988-b498-4475-b6c7-add854a09df6-AppendLogResponseHandler: Failed appendEntries: org.apache.ratis.thirdparty.io.grpc.StatusRuntimeException: UNAVAILABLE: io exception
2023-04-11 11:25:09,361 [grpc-default-executor-2] WARN  server.GrpcLogAppender (LogUtils.java:warn(122)) - bdac8111-12cf-4b14-9a03-ea98a7d0b884@group-D1394E011350->91daf988-b498-4475-b6c7-add854a09df6-AppendLogResponseHandler: Failed appendEntries: org.apache.ratis.thirdparty.io.grpc.StatusRuntimeException: UNAVAILABLE: io exception
2023-04-11 11:25:09,363 [grpc-default-executor-4] INFO  leader.FollowerInfo (FollowerInfoImpl.java:lambda$new$0(48)) - bdac8111-12cf-4b14-9a03-ea98a7d0b884@group-D1394E011350->91daf988-b498-4475-b6c7-add854a09df6: nextIndex: updateUnconditionally 22 -> 21
2023-04-11 11:25:09,361 [ForkJoinPool.commonPool-worker-1] INFO  server.GrpcServerProtocolClient (GrpcServerProtocolClient.java:close(101)) - bdac8111-12cf-4b14-9a03-ea98a7d0b884 Close channels
2023-04-11 11:25:09,363 [grpc-default-executor-2] INFO  leader.FollowerInfo (FollowerInfoImpl.java:lambda$new$0(48)) - bdac8111-12cf-4b14-9a03-ea98a7d0b884@group-D1394E011350->91daf988-b498-4475-b6c7-add854a09df6: nextIndex: updateUnconditionally 21 -> 20
2023-04-11 11:25:09,363 [91daf988-b498-4475-b6c7-add854a09df6@group-6B9C7ADF708C-StateMachineUpdater] INFO  ratis.ContainerStateMachine (ContainerStateMachine.java:takeSnapshot(330)) - group-6B9C7ADF708C: Taking a snapshot at:(t:1, i:7) file /home/runner/work/ozone/ozone/hadoop-ozone/integration-test/target/test-dir/MiniOzoneClusterImpl-9aae7230-fa35-4b48-a53d-d03fd74ea8aa/datanode-1/data/ratis/d2227c34-c137-466d-93f5-6b9c7adf708c/sm/snapshot.1_7
2023-04-11 11:25:09,365 [91daf988-b498-4475-b6c7-add854a09df6@group-6B9C7ADF708C-StateMachineUpdater] INFO  ratis.ContainerStateMachine (ContainerStateMachine.java:takeSnapshot(341)) - group-6B9C7ADF708C: Finished taking a snapshot at:(t:1, i:7) file:/home/runner/work/ozone/ozone/hadoop-ozone/integration-test/target/test-dir/MiniOzoneClusterImpl-9aae7230-fa35-4b48-a53d-d03fd74ea8aa/datanode-1/data/ratis/d2227c34-c137-466d-93f5-6b9c7adf708c/sm/snapshot.1_7 took: 2 ms
2023-04-11 11:25:09,365 [91daf988-b498-4475-b6c7-add854a09df6@group-6B9C7ADF708C-StateMachineUpdater] INFO  impl.StateMachineUpdater (StateMachineUpdater.java:takeSnapshot(287)) - 91daf988-b498-4475-b6c7-add854a09df6@group-6B9C7ADF708C-StateMachineUpdater: Took a snapshot at index 7
2023-04-11 11:25:09,365 [91daf988-b498-4475-b6c7-add854a09df6@group-6B9C7ADF708C-StateMachineUpdater] INFO  impl.StateMachineUpdater (StateMachineUpdater.java:lambda$new$0(92)) - 91daf988-b498-4475-b6c7-add854a09df6@group-6B9C7ADF708C-StateMachineUpdater: snapshotIndex: updateIncreasingly -1 -> 7
2023-04-11 11:25:09,365 [91daf988-b498-4475-b6c7-add854a09df6-impl-thread2] INFO  server.RaftServer$Division (ServerState.java:close(466)) - 91daf988-b498-4475-b6c7-add854a09df6@group-6B9C7ADF708C: closes. applyIndex: 7
2023-04-11 11:25:09,366 [91daf988-b498-4475-b6c7-add854a09df6@group-6B9C7ADF708C-SegmentedRaftLogWorker] INFO  segmented.SegmentedRaftLogWorker (SegmentedRaftLogWorker.java:run(347)) - 91daf988-b498-4475-b6c7-add854a09df6@group-6B9C7ADF708C-SegmentedRaftLogWorker was interrupted, exiting. There are 0 tasks remaining in the queue.
2023-04-11 11:25:09,367 [91daf988-b498-4475-b6c7-add854a09df6-impl-thread3] INFO  segmented.SegmentedRaftLogWorker (SegmentedRaftLogWorker.java:close(257)) - 91daf988-b498-4475-b6c7-add854a09df6@group-380FF8F693E5-SegmentedRaftLogWorker close()
2023-04-11 11:25:09,368 [ForkJoinPool.commonPool-worker-1] INFO  server.GrpcService (GrpcService.java:closeImpl(280)) - 91daf988-b498-4475-b6c7-add854a09df6: shutdown server GrpcServerProtocolService successfully
2023-04-11 11:25:09,368 [91daf988-b498-4475-b6c7-add854a09df6-impl-thread2] INFO  segmented.SegmentedRaftLogWorker (SegmentedRaftLogWorker.java:close(257)) - 91daf988-b498-4475-b6c7-add854a09df6@group-6B9C7ADF708C-SegmentedRaftLogWorker close()
2023-04-11 11:25:09,368 [91daf988-b498-4475-b6c7-add854a09df6-NettyServerStreamRpc-bossGroup--thread1] INFO  logging.LoggingHandler (AbstractInternalLogger.java:log(148)) - [id: 0x3deee654, L:/0:0:0:0:0:0:0:0:33815] CLOSE
2023-04-11 11:25:09,368 [91daf988-b498-4475-b6c7-add854a09df6-NettyServerStreamRpc-bossGroup--thread1] INFO  logging.LoggingHandler (AbstractInternalLogger.java:log(148)) - [id: 0x3deee654, L:/0:0:0:0:0:0:0:0:33815] INACTIVE
2023-04-11 11:25:09,368 [91daf988-b498-4475-b6c7-add854a09df6-NettyServerStreamRpc-bossGroup--thread1] INFO  logging.LoggingHandler (AbstractInternalLogger.java:log(148)) - [id: 0x3deee654, L:/0:0:0:0:0:0:0:0:33815] UNREGISTERED
2023-04-11 11:25:09,386 [JvmPauseMonitor7] INFO  util.JvmPauseMonitor (JvmPauseMonitor.java:run(111)) - JvmPauseMonitor-91daf988-b498-4475-b6c7-add854a09df6: Stopped
2023-04-11 11:25:10,574 [grpc-default-executor-10] WARN  server.GrpcLogAppender (LogUtils.java:warn(122)) - bdac8111-12cf-4b14-9a03-ea98a7d0b884@group-D1394E011350->4797470f-ac54-44b7-9b0a-d535466dc4d7-AppendLogResponseHandler: Failed appendEntries: org.apache.ratis.thirdparty.io.grpc.StatusRuntimeException: UNAVAILABLE: io exception
2023-04-11 11:25:10,576 [grpc-default-executor-10] INFO  leader.FollowerInfo (FollowerInfoImpl.java:lambda$new$0(48)) - bdac8111-12cf-4b14-9a03-ea98a7d0b884@group-D1394E011350->4797470f-ac54-44b7-9b0a-d535466dc4d7: nextIndex: updateUnconditionally 17 -> 16
2023-04-11 11:25:10,576 [grpc-default-executor-2] WARN  server.GrpcLogAppender (LogUtils.java:warn(122)) - bdac8111-12cf-4b14-9a03-ea98a7d0b884@group-D1394E011350->4797470f-ac54-44b7-9b0a-d535466dc4d7-AppendLogResponseHandler: Failed appendEntries: org.apache.ratis.thirdparty.io.grpc.StatusRuntimeException: UNAVAILABLE: io exception
2023-04-11 11:25:10,576 [grpc-default-executor-2] INFO  leader.FollowerInfo (FollowerInfoImpl.java:lambda$new$0(48)) - bdac8111-12cf-4b14-9a03-ea98a7d0b884@group-D1394E011350->4797470f-ac54-44b7-9b0a-d535466dc4d7: nextIndex: updateUnconditionally 16 -> 15
2023-04-11 11:25:10,585 [grpc-default-executor-2] WARN  server.GrpcLogAppender (LogUtils.java:warn(122)) - bdac8111-12cf-4b14-9a03-ea98a7d0b884@group-D1394E011350->4797470f-ac54-44b7-9b0a-d535466dc4d7-AppendLogResponseHandler: Failed appendEntries: org.apache.ratis.thirdparty.io.grpc.StatusRuntimeException: UNAVAILABLE: io exception
2023-04-11 11:25:10,585 [grpc-default-executor-2] INFO  leader.FollowerInfo (FollowerInfoImpl.java:lambda$new$0(48)) - bdac8111-12cf-4b14-9a03-ea98a7d0b884@group-D1394E011350->4797470f-ac54-44b7-9b0a-d535466dc4d7: nextIndex: updateUnconditionally 16 -> 15
2023-04-11 11:25:10,586 [grpc-default-executor-10] WARN  server.GrpcLogAppender (LogUtils.java:warn(122)) - bdac8111-12cf-4b14-9a03-ea98a7d0b884@group-D1394E011350->4797470f-ac54-44b7-9b0a-d535466dc4d7-AppendLogResponseHandler: Failed appendEntries: org.apache.ratis.thirdparty.io.grpc.StatusRuntimeException: UNAVAILABLE: io exception
2023-04-11 11:25:10,586 [grpc-default-executor-10] INFO  leader.FollowerInfo (FollowerInfoImpl.java:lambda$new$0(48)) - bdac8111-12cf-4b14-9a03-ea98a7d0b884@group-D1394E011350->4797470f-ac54-44b7-9b0a-d535466dc4d7: nextIndex: updateUnconditionally 15 -> 14
2023-04-11 11:25:11,380 [Listener at 127.0.0.1/36969] INFO  volume.HddsVolume (HddsVolume.java:closeDbStore(437)) - SchemaV3 db is stopped at /home/runner/work/ozone/ozone/hadoop-ozone/integration-test/target/test-dir/MiniOzoneClusterImpl-9aae7230-fa35-4b48-a53d-d03fd74ea8aa/datanode-2/data-0/containers/hdds/9aae7230-fa35-4b48-a53d-d03fd74ea8aa/DS-90f00ee7-4921-4356-a5b6-0e85e15b9a37/container.db for volume DS-90f00ee7-4921-4356-a5b6-0e85e15b9a37
2023-04-11 11:25:11,380 [Listener at 127.0.0.1/36969] INFO  utils.BackgroundService (BackgroundService.java:shutdown(141)) - Shutting down service BlockDeletingService
2023-04-11 11:25:11,380 [Listener at 127.0.0.1/36969] INFO  utils.BackgroundService (BackgroundService.java:shutdown(141)) - Shutting down service StaleRecoveringContainerScrubbingService
2023-04-11 11:25:11,383 [Listener at 127.0.0.1/36969] INFO  statemachine.DatanodeStateMachine (DatanodeStateMachine.java:stopDaemon(601)) - Ozone container server stopped.
2023-04-11 11:25:11,397 [ForkJoinPool.commonPool-worker-1] INFO  volume.HddsVolume (HddsVolume.java:closeDbStore(437)) - SchemaV3 db is stopped at /home/runner/work/ozone/ozone/hadoop-ozone/integration-test/target/test-dir/MiniOzoneClusterImpl-9aae7230-fa35-4b48-a53d-d03fd74ea8aa/datanode-1/data-0/containers/hdds/9aae7230-fa35-4b48-a53d-d03fd74ea8aa/DS-f33db28c-d7f1-4ce1-9a09-00753b7598fa/container.db for volume DS-f33db28c-d7f1-4ce1-9a09-00753b7598fa
2023-04-11 11:25:11,397 [ForkJoinPool.commonPool-worker-1] INFO  utils.BackgroundService (BackgroundService.java:shutdown(141)) - Shutting down service BlockDeletingService
2023-04-11 11:25:11,397 [Listener at 127.0.0.1/36969] INFO  handler.ContextHandler (ContextHandler.java:doStop(1159)) - Stopped o.e.j.w.WebAppContext@30f88a09{hddsDatanode,/,null,STOPPED}{jar:file:/home/runner/.m2/repository/org/apache/ozone/hdds-container-service/1.4.0-SNAPSHOT/hdds-container-service-1.4.0-SNAPSHOT.jar!/webapps/hddsDatanode}
2023-04-11 11:25:11,398 [ForkJoinPool.commonPool-worker-1] INFO  utils.BackgroundService (BackgroundService.java:shutdown(141)) - Shutting down service StaleRecoveringContainerScrubbingService
2023-04-11 11:25:11,399 [ForkJoinPool.commonPool-worker-1] INFO  statemachine.DatanodeStateMachine (DatanodeStateMachine.java:stopDaemon(601)) - Ozone container server stopped.
2023-04-11 11:25:11,400 [Listener at 127.0.0.1/36969] INFO  server.AbstractConnector (AbstractConnector.java:doStop(383)) - Stopped ServerConnector@3c3fab0f{HTTP/1.1, (http/1.1)}{0.0.0.0:0}
2023-04-11 11:25:11,400 [Listener at 127.0.0.1/36969] INFO  server.session (HouseKeeper.java:stopScavenging(149)) - node0 Stopped scavenging
2023-04-11 11:25:11,400 [Listener at 127.0.0.1/36969] INFO  handler.ContextHandler (ContextHandler.java:doStop(1159)) - Stopped o.e.j.s.ServletContextHandler@5e0fd605{static,/static,jar:file:/home/runner/.m2/repository/org/apache/ozone/hdds-container-service/1.4.0-SNAPSHOT/hdds-container-service-1.4.0-SNAPSHOT.jar!/webapps/static,STOPPED}
2023-04-11 11:25:11,402 [Listener at 127.0.0.1/36969] INFO  handler.ContextHandler (ContextHandler.java:doStop(1159)) - Stopped o.e.j.s.ServletContextHandler@423223d2{logs,/logs,file:///home/runner/work/ozone/ozone/hadoop-ozone/integration-test/target/log,STOPPED}
2023-04-11 11:25:11,412 [Listener at 127.0.0.1/36969] INFO  ozoneimpl.OzoneContainer (OzoneContainer.java:stop(419)) - Attempting to stop container services.
2023-04-11 11:25:11,413 [Listener at 127.0.0.1/36969] INFO  server.RaftServer (RaftServerProxy.java:lambda$close$6(409)) - b78ace34-11d4-46ff-baaa-a173e90e3d16: close
2023-04-11 11:25:11,413 [b78ace34-11d4-46ff-baaa-a173e90e3d16-impl-thread1] INFO  server.RaftServer$Division (RaftServerImpl.java:lambda$close$4(458)) - b78ace34-11d4-46ff-baaa-a173e90e3d16@group-EF326D8B0CDF: shutdown
2023-04-11 11:25:11,413 [b78ace34-11d4-46ff-baaa-a173e90e3d16-impl-thread1] INFO  util.JmxRegister (JmxRegister.java:unregister(73)) - Successfully un-registered JMX Bean with object name Ratis:service=RaftServer,group=group-EF326D8B0CDF,id=b78ace34-11d4-46ff-baaa-a173e90e3d16
2023-04-11 11:25:11,413 [b78ace34-11d4-46ff-baaa-a173e90e3d16-impl-thread1] INFO  impl.RoleInfo (RoleInfo.java:shutdownLeaderState(93)) - b78ace34-11d4-46ff-baaa-a173e90e3d16: shutdown b78ace34-11d4-46ff-baaa-a173e90e3d16@group-EF326D8B0CDF-LeaderStateImpl
2023-04-11 11:25:11,413 [b78ace34-11d4-46ff-baaa-a173e90e3d16-impl-thread1] INFO  impl.PendingRequests (PendingRequests.java:sendNotLeaderResponses(282)) - b78ace34-11d4-46ff-baaa-a173e90e3d16@group-EF326D8B0CDF-PendingRequests: sendNotLeaderResponses
2023-04-11 11:25:11,414 [Listener at 127.0.0.1/36969] INFO  server.GrpcService (GrpcService.java:closeImpl(271)) - b78ace34-11d4-46ff-baaa-a173e90e3d16: shutdown server GrpcServerProtocolService now
2023-04-11 11:25:11,414 [ForkJoinPool.commonPool-worker-1] INFO  handler.ContextHandler (ContextHandler.java:doStop(1159)) - Stopped o.e.j.w.WebAppContext@7b7ef483{hddsDatanode,/,null,STOPPED}{jar:file:/home/runner/.m2/repository/org/apache/ozone/hdds-container-service/1.4.0-SNAPSHOT/hdds-container-service-1.4.0-SNAPSHOT.jar!/webapps/hddsDatanode}
2023-04-11 11:25:11,415 [Listener at 127.0.0.1/36969] INFO  server.GrpcService (GrpcService.java:closeImpl(280)) - b78ace34-11d4-46ff-baaa-a173e90e3d16: shutdown server GrpcServerProtocolService successfully
2023-04-11 11:25:11,415 [ForkJoinPool.commonPool-worker-1] INFO  server.AbstractConnector (AbstractConnector.java:doStop(383)) - Stopped ServerConnector@116eaf4f{HTTP/1.1, (http/1.1)}{0.0.0.0:0}
2023-04-11 11:25:11,415 [ForkJoinPool.commonPool-worker-1] INFO  server.session (HouseKeeper.java:stopScavenging(149)) - node0 Stopped scavenging
2023-04-11 11:25:11,415 [b78ace34-11d4-46ff-baaa-a173e90e3d16-NettyServerStreamRpc-bossGroup--thread1] INFO  logging.LoggingHandler (AbstractInternalLogger.java:log(148)) - [id: 0x4c44d3b4, L:/0:0:0:0:0:0:0:0:45655] CLOSE
2023-04-11 11:25:11,416 [b78ace34-11d4-46ff-baaa-a173e90e3d16-NettyServerStreamRpc-bossGroup--thread1] INFO  logging.LoggingHandler (AbstractInternalLogger.java:log(148)) - [id: 0x4c44d3b4, L:/0:0:0:0:0:0:0:0:45655] INACTIVE
2023-04-11 11:25:11,416 [b78ace34-11d4-46ff-baaa-a173e90e3d16-impl-thread1] INFO  impl.StateMachineUpdater (StateMachineUpdater.java:stopAndJoin(153)) - b78ace34-11d4-46ff-baaa-a173e90e3d16@group-EF326D8B0CDF-StateMachineUpdater: set stopIndex = 0
2023-04-11 11:25:11,416 [b78ace34-11d4-46ff-baaa-a173e90e3d16-NettyServerStreamRpc-bossGroup--thread1] INFO  logging.LoggingHandler (AbstractInternalLogger.java:log(148)) - [id: 0x4c44d3b4, L:/0:0:0:0:0:0:0:0:45655] UNREGISTERED
2023-04-11 11:25:11,416 [b78ace34-11d4-46ff-baaa-a173e90e3d16@group-EF326D8B0CDF-StateMachineUpdater] INFO  ratis.ContainerStateMachine (ContainerStateMachine.java:takeSnapshot(330)) - group-EF326D8B0CDF: Taking a snapshot at:(t:1, i:0) file /home/runner/work/ozone/ozone/hadoop-ozone/integration-test/target/test-dir/MiniOzoneClusterImpl-9aae7230-fa35-4b48-a53d-d03fd74ea8aa/datanode-4/data/ratis/f6865a64-270e-4fbb-a64d-ef326d8b0cdf/sm/snapshot.1_0
2023-04-11 11:25:11,417 [ForkJoinPool.commonPool-worker-1] INFO  handler.ContextHandler (ContextHandler.java:doStop(1159)) - Stopped o.e.j.s.ServletContextHandler@a888ec1{static,/static,jar:file:/home/runner/.m2/repository/org/apache/ozone/hdds-container-service/1.4.0-SNAPSHOT/hdds-container-service-1.4.0-SNAPSHOT.jar!/webapps/static,STOPPED}
2023-04-11 11:25:11,418 [b78ace34-11d4-46ff-baaa-a173e90e3d16@group-EF326D8B0CDF-StateMachineUpdater] INFO  ratis.ContainerStateMachine (ContainerStateMachine.java:takeSnapshot(341)) - group-EF326D8B0CDF: Finished taking a snapshot at:(t:1, i:0) file:/home/runner/work/ozone/ozone/hadoop-ozone/integration-test/target/test-dir/MiniOzoneClusterImpl-9aae7230-fa35-4b48-a53d-d03fd74ea8aa/datanode-4/data/ratis/f6865a64-270e-4fbb-a64d-ef326d8b0cdf/sm/snapshot.1_0 took: 2 ms
2023-04-11 11:25:11,418 [b78ace34-11d4-46ff-baaa-a173e90e3d16@group-EF326D8B0CDF-StateMachineUpdater] INFO  impl.StateMachineUpdater (StateMachineUpdater.java:takeSnapshot(287)) - b78ace34-11d4-46ff-baaa-a173e90e3d16@group-EF326D8B0CDF-StateMachineUpdater: Took a snapshot at index 0
2023-04-11 11:25:11,418 [b78ace34-11d4-46ff-baaa-a173e90e3d16@group-EF326D8B0CDF-StateMachineUpdater] INFO  impl.StateMachineUpdater (StateMachineUpdater.java:lambda$new$0(92)) - b78ace34-11d4-46ff-baaa-a173e90e3d16@group-EF326D8B0CDF-StateMachineUpdater: snapshotIndex: updateIncreasingly -1 -> 0
2023-04-11 11:25:11,419 [b78ace34-11d4-46ff-baaa-a173e90e3d16-impl-thread1] INFO  server.RaftServer$Division (ServerState.java:close(466)) - b78ace34-11d4-46ff-baaa-a173e90e3d16@group-EF326D8B0CDF: closes. applyIndex: 0
2023-04-11 11:25:11,422 [b78ace34-11d4-46ff-baaa-a173e90e3d16@group-EF326D8B0CDF-SegmentedRaftLogWorker] INFO  segmented.SegmentedRaftLogWorker (SegmentedRaftLogWorker.java:run(347)) - b78ace34-11d4-46ff-baaa-a173e90e3d16@group-EF326D8B0CDF-SegmentedRaftLogWorker was interrupted, exiting. There are 0 tasks remaining in the queue.
2023-04-11 11:25:11,427 [ForkJoinPool.commonPool-worker-1] INFO  handler.ContextHandler (ContextHandler.java:doStop(1159)) - Stopped o.e.j.s.ServletContextHandler@6ff2e880{logs,/logs,file:///home/runner/work/ozone/ozone/hadoop-ozone/integration-test/target/log,STOPPED}
2023-04-11 11:25:11,428 [b78ace34-11d4-46ff-baaa-a173e90e3d16-impl-thread1] INFO  segmented.SegmentedRaftLogWorker (SegmentedRaftLogWorker.java:close(257)) - b78ace34-11d4-46ff-baaa-a173e90e3d16@group-EF326D8B0CDF-SegmentedRaftLogWorker close()
2023-04-11 11:25:11,432 [JvmPauseMonitor10] INFO  util.JvmPauseMonitor (JvmPauseMonitor.java:run(111)) - JvmPauseMonitor-b78ace34-11d4-46ff-baaa-a173e90e3d16: Stopped
2023-04-11 11:25:11,434 [ForkJoinPool.commonPool-worker-1] INFO  ozoneimpl.OzoneContainer (OzoneContainer.java:stop(419)) - Attempting to stop container services.
2023-04-11 11:25:11,435 [ForkJoinPool.commonPool-worker-1] INFO  server.RaftServer (RaftServerProxy.java:lambda$close$6(409)) - bdac8111-12cf-4b14-9a03-ea98a7d0b884: close
2023-04-11 11:25:11,435 [bdac8111-12cf-4b14-9a03-ea98a7d0b884-impl-thread1] INFO  server.RaftServer$Division (RaftServerImpl.java:lambda$close$4(458)) - bdac8111-12cf-4b14-9a03-ea98a7d0b884@group-D1394E011350: shutdown
2023-04-11 11:25:11,435 [bdac8111-12cf-4b14-9a03-ea98a7d0b884-impl-thread1] INFO  util.JmxRegister (JmxRegister.java:unregister(73)) - Successfully un-registered JMX Bean with object name Ratis:service=RaftServer,group=group-D1394E011350,id=bdac8111-12cf-4b14-9a03-ea98a7d0b884
2023-04-11 11:25:11,435 [bdac8111-12cf-4b14-9a03-ea98a7d0b884-impl-thread1] INFO  impl.RoleInfo (RoleInfo.java:shutdownLeaderState(93)) - bdac8111-12cf-4b14-9a03-ea98a7d0b884: shutdown bdac8111-12cf-4b14-9a03-ea98a7d0b884@group-D1394E011350-LeaderStateImpl
2023-04-11 11:25:11,436 [bdac8111-12cf-4b14-9a03-ea98a7d0b884-impl-thread1] INFO  impl.PendingRequests (PendingRequests.java:sendNotLeaderResponses(282)) - bdac8111-12cf-4b14-9a03-ea98a7d0b884@group-D1394E011350-PendingRequests: sendNotLeaderResponses
2023-04-11 11:25:11,436 [bdac8111-12cf-4b14-9a03-ea98a7d0b884@group-D1394E011350->4797470f-ac54-44b7-9b0a-d535466dc4d7-GrpcLogAppender-LogAppenderDaemon] WARN  server.GrpcLogAppender (GrpcLogAppender.java:mayWait(200)) - bdac8111-12cf-4b14-9a03-ea98a7d0b884@group-D1394E011350->4797470f-ac54-44b7-9b0a-d535466dc4d7-GrpcLogAppender: Wait interrupted by java.lang.InterruptedException
2023-04-11 11:25:11,436 [bdac8111-12cf-4b14-9a03-ea98a7d0b884-impl-thread2] INFO  server.RaftServer$Division (RaftServerImpl.java:lambda$close$4(458)) - bdac8111-12cf-4b14-9a03-ea98a7d0b884@group-6B9C7ADF708C: shutdown
2023-04-11 11:25:11,439 [ForkJoinPool.commonPool-worker-1] INFO  server.GrpcService (GrpcService.java:closeImpl(271)) - bdac8111-12cf-4b14-9a03-ea98a7d0b884: shutdown server GrpcServerProtocolService now
2023-04-11 11:25:11,439 [bdac8111-12cf-4b14-9a03-ea98a7d0b884-impl-thread2] INFO  util.JmxRegister (JmxRegister.java:unregister(73)) - Successfully un-registered JMX Bean with object name Ratis:service=RaftServer,group=group-6B9C7ADF708C,id=bdac8111-12cf-4b14-9a03-ea98a7d0b884
2023-04-11 11:25:11,439 [bdac8111-12cf-4b14-9a03-ea98a7d0b884-impl-thread2] INFO  impl.RoleInfo (RoleInfo.java:shutdownFollowerState(110)) - bdac8111-12cf-4b14-9a03-ea98a7d0b884: shutdown bdac8111-12cf-4b14-9a03-ea98a7d0b884@group-6B9C7ADF708C-FollowerState
2023-04-11 11:25:11,440 [bdac8111-12cf-4b14-9a03-ea98a7d0b884-impl-thread2] INFO  impl.StateMachineUpdater (StateMachineUpdater.java:stopAndJoin(153)) - bdac8111-12cf-4b14-9a03-ea98a7d0b884@group-6B9C7ADF708C-StateMachineUpdater: set stopIndex = 7
2023-04-11 11:25:11,439 [bdac8111-12cf-4b14-9a03-ea98a7d0b884-impl-thread3] INFO  server.RaftServer$Division (RaftServerImpl.java:lambda$close$4(458)) - bdac8111-12cf-4b14-9a03-ea98a7d0b884@group-F791E3AB5624: shutdown
2023-04-11 11:25:11,440 [bdac8111-12cf-4b14-9a03-ea98a7d0b884-impl-thread3] INFO  util.JmxRegister (JmxRegister.java:unregister(73)) - Successfully un-registered JMX Bean with object name Ratis:service=RaftServer,group=group-F791E3AB5624,id=bdac8111-12cf-4b14-9a03-ea98a7d0b884
2023-04-11 11:25:11,440 [bdac8111-12cf-4b14-9a03-ea98a7d0b884-impl-thread3] INFO  impl.RoleInfo (RoleInfo.java:shutdownLeaderState(93)) - bdac8111-12cf-4b14-9a03-ea98a7d0b884: shutdown bdac8111-12cf-4b14-9a03-ea98a7d0b884@group-F791E3AB5624-LeaderStateImpl
2023-04-11 11:25:11,440 [bdac8111-12cf-4b14-9a03-ea98a7d0b884-impl-thread3] INFO  impl.PendingRequests (PendingRequests.java:sendNotLeaderResponses(282)) - bdac8111-12cf-4b14-9a03-ea98a7d0b884@group-F791E3AB5624-PendingRequests: sendNotLeaderResponses
2023-04-11 11:25:11,440 [bdac8111-12cf-4b14-9a03-ea98a7d0b884-impl-thread3] INFO  impl.StateMachineUpdater (StateMachineUpdater.java:stopAndJoin(153)) - bdac8111-12cf-4b14-9a03-ea98a7d0b884@group-F791E3AB5624-StateMachineUpdater: set stopIndex = 0
2023-04-11 11:25:11,441 [bdac8111-12cf-4b14-9a03-ea98a7d0b884@group-6B9C7ADF708C-FollowerState] INFO  impl.FollowerState (FollowerState.java:run(152)) - bdac8111-12cf-4b14-9a03-ea98a7d0b884@group-6B9C7ADF708C-FollowerState was interrupted
2023-04-11 11:25:11,441 [bdac8111-12cf-4b14-9a03-ea98a7d0b884@group-6B9C7ADF708C-StateMachineUpdater] INFO  ratis.ContainerStateMachine (ContainerStateMachine.java:takeSnapshot(330)) - group-6B9C7ADF708C: Taking a snapshot at:(t:1, i:7) file /home/runner/work/ozone/ozone/hadoop-ozone/integration-test/target/test-dir/MiniOzoneClusterImpl-9aae7230-fa35-4b48-a53d-d03fd74ea8aa/datanode-0/data/ratis/d2227c34-c137-466d-93f5-6b9c7adf708c/sm/snapshot.1_7
2023-04-11 11:25:11,441 [bdac8111-12cf-4b14-9a03-ea98a7d0b884@group-F791E3AB5624-StateMachineUpdater] INFO  ratis.ContainerStateMachine (ContainerStateMachine.java:takeSnapshot(330)) - group-F791E3AB5624: Taking a snapshot at:(t:1, i:0) file /home/runner/work/ozone/ozone/hadoop-ozone/integration-test/target/test-dir/MiniOzoneClusterImpl-9aae7230-fa35-4b48-a53d-d03fd74ea8aa/datanode-0/data/ratis/2b3e479e-c826-459f-bd3a-f791e3ab5624/sm/snapshot.1_0
2023-04-11 11:25:11,436 [bdac8111-12cf-4b14-9a03-ea98a7d0b884@group-D1394E011350->91daf988-b498-4475-b6c7-add854a09df6-GrpcLogAppender-LogAppenderDaemon] WARN  server.GrpcLogAppender (GrpcLogAppender.java:mayWait(200)) - bdac8111-12cf-4b14-9a03-ea98a7d0b884@group-D1394E011350->91daf988-b498-4475-b6c7-add854a09df6-GrpcLogAppender: Wait interrupted by java.lang.InterruptedException
2023-04-11 11:25:11,439 [bdac8111-12cf-4b14-9a03-ea98a7d0b884@group-D1394E011350-StateMachineUpdater] INFO  ratis.ContainerStateMachine (ContainerStateMachine.java:takeSnapshot(330)) - group-D1394E011350: Taking a snapshot at:(t:1, i:22) file /home/runner/work/ozone/ozone/hadoop-ozone/integration-test/target/test-dir/MiniOzoneClusterImpl-9aae7230-fa35-4b48-a53d-d03fd74ea8aa/datanode-0/data/ratis/7b09aed9-f2d9-418e-ae0e-d1394e011350/sm/snapshot.1_22
2023-04-11 11:25:11,442 [bdac8111-12cf-4b14-9a03-ea98a7d0b884@group-F791E3AB5624-StateMachineUpdater] INFO  ratis.ContainerStateMachine (ContainerStateMachine.java:takeSnapshot(341)) - group-F791E3AB5624: Finished taking a snapshot at:(t:1, i:0) file:/home/runner/work/ozone/ozone/hadoop-ozone/integration-test/target/test-dir/MiniOzoneClusterImpl-9aae7230-fa35-4b48-a53d-d03fd74ea8aa/datanode-0/data/ratis/2b3e479e-c826-459f-bd3a-f791e3ab5624/sm/snapshot.1_0 took: 0 ms
2023-04-11 11:25:11,443 [bdac8111-12cf-4b14-9a03-ea98a7d0b884@group-F791E3AB5624-StateMachineUpdater] INFO  impl.StateMachineUpdater (StateMachineUpdater.java:takeSnapshot(287)) - bdac8111-12cf-4b14-9a03-ea98a7d0b884@group-F791E3AB5624-StateMachineUpdater: Took a snapshot at index 0
2023-04-11 11:25:11,443 [bdac8111-12cf-4b14-9a03-ea98a7d0b884@group-D1394E011350-StateMachineUpdater] INFO  ratis.ContainerStateMachine (ContainerStateMachine.java:takeSnapshot(341)) - group-D1394E011350: Finished taking a snapshot at:(t:1, i:22) file:/home/runner/work/ozone/ozone/hadoop-ozone/integration-test/target/test-dir/MiniOzoneClusterImpl-9aae7230-fa35-4b48-a53d-d03fd74ea8aa/datanode-0/data/ratis/7b09aed9-f2d9-418e-ae0e-d1394e011350/sm/snapshot.1_22 took: 3 ms
2023-04-11 11:25:11,443 [bdac8111-12cf-4b14-9a03-ea98a7d0b884@group-D1394E011350-StateMachineUpdater] INFO  impl.StateMachineUpdater (StateMachineUpdater.java:takeSnapshot(287)) - bdac8111-12cf-4b14-9a03-ea98a7d0b884@group-D1394E011350-StateMachineUpdater: Took a snapshot at index 22
2023-04-11 11:25:11,443 [bdac8111-12cf-4b14-9a03-ea98a7d0b884@group-D1394E011350-StateMachineUpdater] INFO  impl.StateMachineUpdater (StateMachineUpdater.java:lambda$new$0(92)) - bdac8111-12cf-4b14-9a03-ea98a7d0b884@group-D1394E011350-StateMachineUpdater: snapshotIndex: updateIncreasingly -1 -> 22
2023-04-11 11:25:11,444 [bdac8111-12cf-4b14-9a03-ea98a7d0b884@group-6B9C7ADF708C-StateMachineUpdater] INFO  ratis.ContainerStateMachine (ContainerStateMachine.java:takeSnapshot(341)) - group-6B9C7ADF708C: Finished taking a snapshot at:(t:1, i:7) file:/home/runner/work/ozone/ozone/hadoop-ozone/integration-test/target/test-dir/MiniOzoneClusterImpl-9aae7230-fa35-4b48-a53d-d03fd74ea8aa/datanode-0/data/ratis/d2227c34-c137-466d-93f5-6b9c7adf708c/sm/snapshot.1_7 took: 3 ms
2023-04-11 11:25:11,444 [bdac8111-12cf-4b14-9a03-ea98a7d0b884@group-6B9C7ADF708C-StateMachineUpdater] INFO  impl.StateMachineUpdater (StateMachineUpdater.java:takeSnapshot(287)) - bdac8111-12cf-4b14-9a03-ea98a7d0b884@group-6B9C7ADF708C-StateMachineUpdater: Took a snapshot at index 7
2023-04-11 11:25:11,444 [bdac8111-12cf-4b14-9a03-ea98a7d0b884@group-6B9C7ADF708C-StateMachineUpdater] INFO  impl.StateMachineUpdater (StateMachineUpdater.java:lambda$new$0(92)) - bdac8111-12cf-4b14-9a03-ea98a7d0b884@group-6B9C7ADF708C-StateMachineUpdater: snapshotIndex: updateIncreasingly -1 -> 7
2023-04-11 11:25:11,444 [bdac8111-12cf-4b14-9a03-ea98a7d0b884-impl-thread2] INFO  server.RaftServer$Division (ServerState.java:close(466)) - bdac8111-12cf-4b14-9a03-ea98a7d0b884@group-6B9C7ADF708C: closes. applyIndex: 7
2023-04-11 11:25:11,444 [bdac8111-12cf-4b14-9a03-ea98a7d0b884@group-F791E3AB5624-StateMachineUpdater] INFO  impl.StateMachineUpdater (StateMachineUpdater.java:lambda$new$0(92)) - bdac8111-12cf-4b14-9a03-ea98a7d0b884@group-F791E3AB5624-StateMachineUpdater: snapshotIndex: updateIncreasingly -1 -> 0
2023-04-11 11:25:11,444 [bdac8111-12cf-4b14-9a03-ea98a7d0b884@group-6B9C7ADF708C-SegmentedRaftLogWorker] INFO  segmented.SegmentedRaftLogWorker (SegmentedRaftLogWorker.java:run(347)) - bdac8111-12cf-4b14-9a03-ea98a7d0b884@group-6B9C7ADF708C-SegmentedRaftLogWorker was interrupted, exiting. There are 0 tasks remaining in the queue.
2023-04-11 11:25:11,439 [bdac8111-12cf-4b14-9a03-ea98a7d0b884-impl-thread1] INFO  impl.StateMachineUpdater (StateMachineUpdater.java:stopAndJoin(153)) - bdac8111-12cf-4b14-9a03-ea98a7d0b884@group-D1394E011350-StateMachineUpdater: set stopIndex = 22
2023-04-11 11:25:11,445 [bdac8111-12cf-4b14-9a03-ea98a7d0b884-impl-thread1] INFO  server.RaftServer$Division (ServerState.java:close(466)) - bdac8111-12cf-4b14-9a03-ea98a7d0b884@group-D1394E011350: closes. applyIndex: 22
2023-04-11 11:25:11,445 [bdac8111-12cf-4b14-9a03-ea98a7d0b884-impl-thread3] INFO  server.RaftServer$Division (ServerState.java:close(466)) - bdac8111-12cf-4b14-9a03-ea98a7d0b884@group-F791E3AB5624: closes. applyIndex: 0
2023-04-11 11:25:11,445 [bdac8111-12cf-4b14-9a03-ea98a7d0b884@group-D1394E011350-SegmentedRaftLogWorker] INFO  segmented.SegmentedRaftLogWorker (SegmentedRaftLogWorker.java:run(347)) - bdac8111-12cf-4b14-9a03-ea98a7d0b884@group-D1394E011350-SegmentedRaftLogWorker was interrupted, exiting. There are 0 tasks remaining in the queue.
2023-04-11 11:25:11,445 [bdac8111-12cf-4b14-9a03-ea98a7d0b884@group-F791E3AB5624-SegmentedRaftLogWorker] INFO  segmented.SegmentedRaftLogWorker (SegmentedRaftLogWorker.java:run(347)) - bdac8111-12cf-4b14-9a03-ea98a7d0b884@group-F791E3AB5624-SegmentedRaftLogWorker was interrupted, exiting. There are 0 tasks remaining in the queue.
2023-04-11 11:25:11,447 [ForkJoinPool.commonPool-worker-1] INFO  server.GrpcServerProtocolClient (GrpcServerProtocolClient.java:close(101)) - 4797470f-ac54-44b7-9b0a-d535466dc4d7 Close channels
2023-04-11 11:25:11,448 [bdac8111-12cf-4b14-9a03-ea98a7d0b884-impl-thread1] INFO  segmented.SegmentedRaftLogWorker (SegmentedRaftLogWorker.java:close(257)) - bdac8111-12cf-4b14-9a03-ea98a7d0b884@group-D1394E011350-SegmentedRaftLogWorker close()
2023-04-11 11:25:11,448 [bdac8111-12cf-4b14-9a03-ea98a7d0b884-impl-thread2] INFO  segmented.SegmentedRaftLogWorker (SegmentedRaftLogWorker.java:close(257)) - bdac8111-12cf-4b14-9a03-ea98a7d0b884@group-6B9C7ADF708C-SegmentedRaftLogWorker close()
2023-04-11 11:25:11,450 [bdac8111-12cf-4b14-9a03-ea98a7d0b884-impl-thread3] INFO  segmented.SegmentedRaftLogWorker (SegmentedRaftLogWorker.java:close(257)) - bdac8111-12cf-4b14-9a03-ea98a7d0b884@group-F791E3AB5624-SegmentedRaftLogWorker close()
2023-04-11 11:25:11,450 [ForkJoinPool.commonPool-worker-1] INFO  server.GrpcServerProtocolClient (GrpcServerProtocolClient.java:close(101)) - 91daf988-b498-4475-b6c7-add854a09df6 Close channels
2023-04-11 11:25:11,454 [ForkJoinPool.commonPool-worker-1] INFO  server.GrpcService (GrpcService.java:closeImpl(280)) - bdac8111-12cf-4b14-9a03-ea98a7d0b884: shutdown server GrpcServerProtocolService successfully
2023-04-11 11:25:11,454 [bdac8111-12cf-4b14-9a03-ea98a7d0b884-NettyServerStreamRpc-bossGroup--thread1] INFO  logging.LoggingHandler (AbstractInternalLogger.java:log(148)) - [id: 0x1dc50721, L:/0:0:0:0:0:0:0:0:41845] CLOSE
2023-04-11 11:25:11,454 [bdac8111-12cf-4b14-9a03-ea98a7d0b884-NettyServerStreamRpc-bossGroup--thread1] INFO  logging.LoggingHandler (AbstractInternalLogger.java:log(148)) - [id: 0x1dc50721, L:/0:0:0:0:0:0:0:0:41845] INACTIVE
2023-04-11 11:25:11,454 [bdac8111-12cf-4b14-9a03-ea98a7d0b884-NettyServerStreamRpc-bossGroup--thread1] INFO  logging.LoggingHandler (AbstractInternalLogger.java:log(148)) - [id: 0x1dc50721, L:/0:0:0:0:0:0:0:0:41845] UNREGISTERED
2023-04-11 11:25:11,458 [JvmPauseMonitor6] INFO  util.JvmPauseMonitor (JvmPauseMonitor.java:run(111)) - JvmPauseMonitor-bdac8111-12cf-4b14-9a03-ea98a7d0b884: Stopped
2023-04-11 11:25:13,437 [Listener at 127.0.0.1/36969] INFO  volume.HddsVolume (HddsVolume.java:closeDbStore(437)) - SchemaV3 db is stopped at /home/runner/work/ozone/ozone/hadoop-ozone/integration-test/target/test-dir/MiniOzoneClusterImpl-9aae7230-fa35-4b48-a53d-d03fd74ea8aa/datanode-4/data-0/containers/hdds/9aae7230-fa35-4b48-a53d-d03fd74ea8aa/DS-dad7c20c-f577-45d8-a508-afa09cc8bffc/container.db for volume DS-dad7c20c-f577-45d8-a508-afa09cc8bffc
2023-04-11 11:25:13,437 [Listener at 127.0.0.1/36969] INFO  utils.BackgroundService (BackgroundService.java:shutdown(141)) - Shutting down service BlockDeletingService
2023-04-11 11:25:13,439 [Listener at 127.0.0.1/36969] INFO  utils.BackgroundService (BackgroundService.java:shutdown(141)) - Shutting down service StaleRecoveringContainerScrubbingService
2023-04-11 11:25:13,441 [Listener at 127.0.0.1/36969] INFO  statemachine.DatanodeStateMachine (DatanodeStateMachine.java:stopDaemon(601)) - Ozone container server stopped.
2023-04-11 11:25:13,457 [Listener at 127.0.0.1/36969] INFO  handler.ContextHandler (ContextHandler.java:doStop(1159)) - Stopped o.e.j.w.WebAppContext@6ba93858{hddsDatanode,/,null,STOPPED}{jar:file:/home/runner/.m2/repository/org/apache/ozone/hdds-container-service/1.4.0-SNAPSHOT/hdds-container-service-1.4.0-SNAPSHOT.jar!/webapps/hddsDatanode}
2023-04-11 11:25:13,458 [Listener at 127.0.0.1/36969] INFO  server.AbstractConnector (AbstractConnector.java:doStop(383)) - Stopped ServerConnector@2f5a22ae{HTTP/1.1, (http/1.1)}{0.0.0.0:0}
2023-04-11 11:25:13,458 [Listener at 127.0.0.1/36969] INFO  server.session (HouseKeeper.java:stopScavenging(149)) - node0 Stopped scavenging
2023-04-11 11:25:13,461 [Listener at 127.0.0.1/36969] INFO  handler.ContextHandler (ContextHandler.java:doStop(1159)) - Stopped o.e.j.s.ServletContextHandler@26a08aca{static,/static,jar:file:/home/runner/.m2/repository/org/apache/ozone/hdds-container-service/1.4.0-SNAPSHOT/hdds-container-service-1.4.0-SNAPSHOT.jar!/webapps/static,STOPPED}
2023-04-11 11:25:13,462 [Listener at 127.0.0.1/36969] INFO  handler.ContextHandler (ContextHandler.java:doStop(1159)) - Stopped o.e.j.s.ServletContextHandler@28011cb2{logs,/logs,file:///home/runner/work/ozone/ozone/hadoop-ozone/integration-test/target/log,STOPPED}
2023-04-11 11:25:13,464 [Listener at 127.0.0.1/36969] INFO  ozoneimpl.OzoneContainer (OzoneContainer.java:stop(419)) - Attempting to stop container services.
2023-04-11 11:25:13,465 [Listener at 127.0.0.1/36969] INFO  server.RaftServer (RaftServerProxy.java:lambda$close$6(409)) - 54dbd36c-297a-448a-bb41-2352e1c524ac: close
2023-04-11 11:25:13,470 [54dbd36c-297a-448a-bb41-2352e1c524ac-impl-thread1] INFO  server.RaftServer$Division (RaftServerImpl.java:lambda$close$4(458)) - 54dbd36c-297a-448a-bb41-2352e1c524ac@group-A6FFC0219441: shutdown
2023-04-11 11:25:13,471 [54dbd36c-297a-448a-bb41-2352e1c524ac-impl-thread1] INFO  util.JmxRegister (JmxRegister.java:unregister(73)) - Successfully un-registered JMX Bean with object name Ratis:service=RaftServer,group=group-A6FFC0219441,id=54dbd36c-297a-448a-bb41-2352e1c524ac
2023-04-11 11:25:13,471 [54dbd36c-297a-448a-bb41-2352e1c524ac-impl-thread1] INFO  impl.RoleInfo (RoleInfo.java:shutdownLeaderState(93)) - 54dbd36c-297a-448a-bb41-2352e1c524ac: shutdown 54dbd36c-297a-448a-bb41-2352e1c524ac@group-A6FFC0219441-LeaderStateImpl
2023-04-11 11:25:13,471 [54dbd36c-297a-448a-bb41-2352e1c524ac-impl-thread1] INFO  impl.PendingRequests (PendingRequests.java:sendNotLeaderResponses(282)) - 54dbd36c-297a-448a-bb41-2352e1c524ac@group-A6FFC0219441-PendingRequests: sendNotLeaderResponses
2023-04-11 11:25:13,471 [54dbd36c-297a-448a-bb41-2352e1c524ac-impl-thread1] INFO  impl.StateMachineUpdater (StateMachineUpdater.java:stopAndJoin(153)) - 54dbd36c-297a-448a-bb41-2352e1c524ac@group-A6FFC0219441-StateMachineUpdater: set stopIndex = 0
2023-04-11 11:25:13,471 [Listener at 127.0.0.1/36969] INFO  server.GrpcService (GrpcService.java:closeImpl(271)) - 54dbd36c-297a-448a-bb41-2352e1c524ac: shutdown server GrpcServerProtocolService now
2023-04-11 11:25:13,473 [54dbd36c-297a-448a-bb41-2352e1c524ac@group-A6FFC0219441-StateMachineUpdater] INFO  ratis.ContainerStateMachine (ContainerStateMachine.java:takeSnapshot(330)) - group-A6FFC0219441: Taking a snapshot at:(t:1, i:0) file /home/runner/work/ozone/ozone/hadoop-ozone/integration-test/target/test-dir/MiniOzoneClusterImpl-9aae7230-fa35-4b48-a53d-d03fd74ea8aa/datanode-3/data/ratis/755abec9-2bfe-46d6-a368-a6ffc0219441/sm/snapshot.1_0
2023-04-11 11:25:13,475 [54dbd36c-297a-448a-bb41-2352e1c524ac@group-A6FFC0219441-StateMachineUpdater] INFO  ratis.ContainerStateMachine (ContainerStateMachine.java:takeSnapshot(341)) - group-A6FFC0219441: Finished taking a snapshot at:(t:1, i:0) file:/home/runner/work/ozone/ozone/hadoop-ozone/integration-test/target/test-dir/MiniOzoneClusterImpl-9aae7230-fa35-4b48-a53d-d03fd74ea8aa/datanode-3/data/ratis/755abec9-2bfe-46d6-a368-a6ffc0219441/sm/snapshot.1_0 took: 2 ms
2023-04-11 11:25:13,475 [54dbd36c-297a-448a-bb41-2352e1c524ac@group-A6FFC0219441-StateMachineUpdater] INFO  impl.StateMachineUpdater (StateMachineUpdater.java:takeSnapshot(287)) - 54dbd36c-297a-448a-bb41-2352e1c524ac@group-A6FFC0219441-StateMachineUpdater: Took a snapshot at index 0
2023-04-11 11:25:13,475 [54dbd36c-297a-448a-bb41-2352e1c524ac@group-A6FFC0219441-StateMachineUpdater] INFO  impl.StateMachineUpdater (StateMachineUpdater.java:lambda$new$0(92)) - 54dbd36c-297a-448a-bb41-2352e1c524ac@group-A6FFC0219441-StateMachineUpdater: snapshotIndex: updateIncreasingly -1 -> 0
2023-04-11 11:25:13,479 [ForkJoinPool.commonPool-worker-1] INFO  volume.HddsVolume (HddsVolume.java:closeDbStore(437)) - SchemaV3 db is stopped at /home/runner/work/ozone/ozone/hadoop-ozone/integration-test/target/test-dir/MiniOzoneClusterImpl-9aae7230-fa35-4b48-a53d-d03fd74ea8aa/datanode-0/data-0/containers/hdds/9aae7230-fa35-4b48-a53d-d03fd74ea8aa/DS-17636a93-f6fc-4223-b4e0-65f9a757a3c0/container.db for volume DS-17636a93-f6fc-4223-b4e0-65f9a757a3c0
2023-04-11 11:25:13,479 [54dbd36c-297a-448a-bb41-2352e1c524ac-impl-thread1] INFO  server.RaftServer$Division (ServerState.java:close(466)) - 54dbd36c-297a-448a-bb41-2352e1c524ac@group-A6FFC0219441: closes. applyIndex: 0
2023-04-11 11:25:13,479 [ForkJoinPool.commonPool-worker-1] INFO  utils.BackgroundService (BackgroundService.java:shutdown(141)) - Shutting down service BlockDeletingService
2023-04-11 11:25:13,480 [54dbd36c-297a-448a-bb41-2352e1c524ac@group-A6FFC0219441-SegmentedRaftLogWorker] INFO  segmented.SegmentedRaftLogWorker (SegmentedRaftLogWorker.java:run(347)) - 54dbd36c-297a-448a-bb41-2352e1c524ac@group-A6FFC0219441-SegmentedRaftLogWorker was interrupted, exiting. There are 0 tasks remaining in the queue.
2023-04-11 11:25:13,480 [54dbd36c-297a-448a-bb41-2352e1c524ac-impl-thread1] INFO  segmented.SegmentedRaftLogWorker (SegmentedRaftLogWorker.java:close(257)) - 54dbd36c-297a-448a-bb41-2352e1c524ac@group-A6FFC0219441-SegmentedRaftLogWorker close()
2023-04-11 11:25:13,480 [Listener at 127.0.0.1/36969] INFO  server.GrpcService (GrpcService.java:closeImpl(280)) - 54dbd36c-297a-448a-bb41-2352e1c524ac: shutdown server GrpcServerProtocolService successfully
2023-04-11 11:25:13,480 [54dbd36c-297a-448a-bb41-2352e1c524ac-NettyServerStreamRpc-bossGroup--thread1] INFO  logging.LoggingHandler (AbstractInternalLogger.java:log(148)) - [id: 0x4a4881ac, L:/0:0:0:0:0:0:0:0:42647] CLOSE
2023-04-11 11:25:13,480 [54dbd36c-297a-448a-bb41-2352e1c524ac-NettyServerStreamRpc-bossGroup--thread1] INFO  logging.LoggingHandler (AbstractInternalLogger.java:log(148)) - [id: 0x4a4881ac, L:/0:0:0:0:0:0:0:0:42647] INACTIVE
2023-04-11 11:25:13,480 [ForkJoinPool.commonPool-worker-1] INFO  utils.BackgroundService (BackgroundService.java:shutdown(141)) - Shutting down service StaleRecoveringContainerScrubbingService
2023-04-11 11:25:13,480 [54dbd36c-297a-448a-bb41-2352e1c524ac-NettyServerStreamRpc-bossGroup--thread1] INFO  logging.LoggingHandler (AbstractInternalLogger.java:log(148)) - [id: 0x4a4881ac, L:/0:0:0:0:0:0:0:0:42647] UNREGISTERED
2023-04-11 11:25:13,488 [ForkJoinPool.commonPool-worker-1] INFO  statemachine.DatanodeStateMachine (DatanodeStateMachine.java:stopDaemon(601)) - Ozone container server stopped.
2023-04-11 11:25:13,503 [JvmPauseMonitor9] INFO  util.JvmPauseMonitor (JvmPauseMonitor.java:run(111)) - JvmPauseMonitor-54dbd36c-297a-448a-bb41-2352e1c524ac: Stopped
2023-04-11 11:25:13,508 [ForkJoinPool.commonPool-worker-1] INFO  handler.ContextHandler (ContextHandler.java:doStop(1159)) - Stopped o.e.j.w.WebAppContext@43f1d733{hddsDatanode,/,null,STOPPED}{jar:file:/home/runner/.m2/repository/org/apache/ozone/hdds-container-service/1.4.0-SNAPSHOT/hdds-container-service-1.4.0-SNAPSHOT.jar!/webapps/hddsDatanode}
2023-04-11 11:25:13,508 [ForkJoinPool.commonPool-worker-1] INFO  server.AbstractConnector (AbstractConnector.java:doStop(383)) - Stopped ServerConnector@15ab8f31{HTTP/1.1, (http/1.1)}{0.0.0.0:0}
2023-04-11 11:25:13,508 [ForkJoinPool.commonPool-worker-1] INFO  server.session (HouseKeeper.java:stopScavenging(149)) - node0 Stopped scavenging
2023-04-11 11:25:13,510 [ForkJoinPool.commonPool-worker-1] INFO  handler.ContextHandler (ContextHandler.java:doStop(1159)) - Stopped o.e.j.s.ServletContextHandler@72d006a4{static,/static,jar:file:/home/runner/.m2/repository/org/apache/ozone/hdds-container-service/1.4.0-SNAPSHOT/hdds-container-service-1.4.0-SNAPSHOT.jar!/webapps/static,STOPPED}
2023-04-11 11:25:13,511 [ForkJoinPool.commonPool-worker-1] INFO  handler.ContextHandler (ContextHandler.java:doStop(1159)) - Stopped o.e.j.s.ServletContextHandler@42bf941f{logs,/logs,file:///home/runner/work/ozone/ozone/hadoop-ozone/integration-test/target/log,STOPPED}
2023-04-11 11:25:15,507 [Listener at 127.0.0.1/36969] INFO  volume.HddsVolume (HddsVolume.java:closeDbStore(437)) - SchemaV3 db is stopped at /home/runner/work/ozone/ozone/hadoop-ozone/integration-test/target/test-dir/MiniOzoneClusterImpl-9aae7230-fa35-4b48-a53d-d03fd74ea8aa/datanode-3/data-0/containers/hdds/9aae7230-fa35-4b48-a53d-d03fd74ea8aa/DS-9fe69358-5d2c-4c65-ae3d-728db84219f8/container.db for volume DS-9fe69358-5d2c-4c65-ae3d-728db84219f8
2023-04-11 11:25:15,507 [Listener at 127.0.0.1/36969] INFO  utils.BackgroundService (BackgroundService.java:shutdown(141)) - Shutting down service BlockDeletingService
2023-04-11 11:25:15,507 [Listener at 127.0.0.1/36969] INFO  utils.BackgroundService (BackgroundService.java:shutdown(141)) - Shutting down service StaleRecoveringContainerScrubbingService
2023-04-11 11:25:15,510 [Listener at 127.0.0.1/36969] INFO  statemachine.DatanodeStateMachine (DatanodeStateMachine.java:stopDaemon(601)) - Ozone container server stopped.
2023-04-11 11:25:15,524 [Listener at 127.0.0.1/36969] INFO  handler.ContextHandler (ContextHandler.java:doStop(1159)) - Stopped o.e.j.w.WebAppContext@52160ab0{hddsDatanode,/,null,STOPPED}{jar:file:/home/runner/.m2/repository/org/apache/ozone/hdds-container-service/1.4.0-SNAPSHOT/hdds-container-service-1.4.0-SNAPSHOT.jar!/webapps/hddsDatanode}
2023-04-11 11:25:15,525 [Listener at 127.0.0.1/36969] INFO  server.AbstractConnector (AbstractConnector.java:doStop(383)) - Stopped ServerConnector@7b6e9d2f{HTTP/1.1, (http/1.1)}{0.0.0.0:0}
2023-04-11 11:25:15,525 [Listener at 127.0.0.1/36969] INFO  server.session (HouseKeeper.java:stopScavenging(149)) - node0 Stopped scavenging
2023-04-11 11:25:15,525 [Listener at 127.0.0.1/36969] INFO  handler.ContextHandler (ContextHandler.java:doStop(1159)) - Stopped o.e.j.s.ServletContextHandler@7961d817{static,/static,jar:file:/home/runner/.m2/repository/org/apache/ozone/hdds-container-service/1.4.0-SNAPSHOT/hdds-container-service-1.4.0-SNAPSHOT.jar!/webapps/static,STOPPED}
2023-04-11 11:25:15,525 [Listener at 127.0.0.1/36969] INFO  handler.ContextHandler (ContextHandler.java:doStop(1159)) - Stopped o.e.j.s.ServletContextHandler@11ab6d81{logs,/logs,file:///home/runner/work/ozone/ozone/hadoop-ozone/integration-test/target/log,STOPPED}
2023-04-11 11:25:15,527 [Listener at 127.0.0.1/36969] INFO  ozone.MiniOzoneClusterImpl (MiniOzoneClusterImpl.java:stopSCM(549)) - Stopping the StorageContainerManager
2023-04-11 11:25:15,527 [Listener at 127.0.0.1/36969] INFO  server.StorageContainerManager (StorageContainerManager.java:stop(1550)) - Container Balancer is not running.
2023-04-11 11:25:15,527 [Listener at 127.0.0.1/36969] INFO  server.StorageContainerManager (StorageContainerManager.java:stopReplicationManager(1672)) - Stopping Replication Manager Service.
2023-04-11 11:25:15,528 [Listener at 127.0.0.1/36969] INFO  replication.ReplicationManager (ReplicationManager.java:stop(321)) - Stopping Replication Monitor Thread.
2023-04-11 11:25:15,528 [Over Replicated Processor] WARN  replication.UnhealthyReplicationProcessor (UnhealthyReplicationProcessor.java:run(146)) - Over Replicated Processor interrupted. Exiting...
2023-04-11 11:25:15,528 [Under Replicated Processor] WARN  replication.UnhealthyReplicationProcessor (UnhealthyReplicationProcessor.java:run(146)) - Under Replicated Processor interrupted. Exiting...
2023-04-11 11:25:15,528 [Listener at 127.0.0.1/36969] INFO  server.StorageContainerManager (StorageContainerManager.java:stop(1559)) - Stopping the Datanode Admin Monitor.
2023-04-11 11:25:15,528 [ReplicationMonitor] INFO  replication.ReplicationManager (ReplicationManager.java:run(975)) - Replication Monitor Thread is stopped
2023-04-11 11:25:15,528 [Listener at 127.0.0.1/36969] INFO  server.StorageContainerManager (StorageContainerManager.java:stop(1566)) - Stopping datanode service RPC server
2023-04-11 11:25:15,528 [Listener at 127.0.0.1/36969] INFO  server.SCMDatanodeProtocolServer (SCMDatanodeProtocolServer.java:stop(424)) - Stopping the RPC server for DataNodes
2023-04-11 11:25:15,528 [Listener at 127.0.0.1/36969] INFO  ipc.Server (Server.java:stop(3501)) - Stopping server on 35521
2023-04-11 11:25:15,531 [IPC Server listener on 0] INFO  ipc.Server (Server.java:run(1430)) - Stopping IPC Server listener on 0
2023-04-11 11:25:15,531 [IPC Server Responder] INFO  ipc.Server (Server.java:run(1563)) - Stopping IPC Server Responder
2023-04-11 11:25:15,568 [SCM Heartbeat Processing Thread - 0] WARN  node.NodeStateManager (NodeStateManager.java:scheduleNextHealthCheck(870)) - Current Thread is interrupted, shutting down HB processing thread for Node Manager.
2023-04-11 11:25:15,569 [Listener at 127.0.0.1/36969] INFO  server.StorageContainerManager (StorageContainerManager.java:stop(1574)) - Stopping block service RPC server
2023-04-11 11:25:15,569 [Listener at 127.0.0.1/36969] INFO  server.SCMBlockProtocolServer (SCMBlockProtocolServer.java:stop(161)) - Stopping the RPC server for Block Protocol
2023-04-11 11:25:15,569 [Listener at 127.0.0.1/36969] INFO  ipc.Server (Server.java:stop(3501)) - Stopping server on 40501
2023-04-11 11:25:15,570 [IPC Server listener on 0] INFO  ipc.Server (Server.java:run(1430)) - Stopping IPC Server listener on 0
2023-04-11 11:25:15,572 [IPC Server Responder] INFO  ipc.Server (Server.java:run(1563)) - Stopping IPC Server Responder
2023-04-11 11:25:15,572 [Listener at 127.0.0.1/36969] INFO  server.StorageContainerManager (StorageContainerManager.java:stop(1581)) - Stopping the StorageContainerLocationProtocol RPC server
2023-04-11 11:25:15,572 [Listener at 127.0.0.1/36969] INFO  server.SCMClientProtocolServer (SCMClientProtocolServer.java:stop(206)) - Stopping the RPC server for Client Protocol
2023-04-11 11:25:15,572 [Listener at 127.0.0.1/36969] INFO  ipc.Server (Server.java:stop(3501)) - Stopping server on 38715
2023-04-11 11:25:15,574 [IPC Server listener on 0] INFO  ipc.Server (Server.java:run(1430)) - Stopping IPC Server listener on 0
2023-04-11 11:25:15,575 [IPC Server Responder] INFO  ipc.Server (Server.java:run(1563)) - Stopping IPC Server Responder
2023-04-11 11:25:15,576 [Listener at 127.0.0.1/36969] INFO  server.StorageContainerManager (StorageContainerManager.java:stop(1588)) - Stopping Storage Container Manager HTTP server.
2023-04-11 11:25:15,577 [Listener at 127.0.0.1/36969] INFO  handler.ContextHandler (ContextHandler.java:doStop(1159)) - Stopped o.e.j.w.WebAppContext@795123b3{scm,/,null,STOPPED}{file:/home/runner/work/ozone/ozone/hadoop-ozone/integration-test/target/test-classes/webapps/scm}
2023-04-11 11:25:15,578 [Listener at 127.0.0.1/36969] INFO  server.AbstractConnector (AbstractConnector.java:doStop(383)) - Stopped ServerConnector@1f1896fe{HTTP/1.1, (http/1.1)}{0.0.0.0:0}
2023-04-11 11:25:15,578 [Listener at 127.0.0.1/36969] INFO  server.session (HouseKeeper.java:stopScavenging(149)) - node0 Stopped scavenging
2023-04-11 11:25:15,578 [Listener at 127.0.0.1/36969] INFO  handler.ContextHandler (ContextHandler.java:doStop(1159)) - Stopped o.e.j.s.ServletContextHandler@12e24b8d{static,/static,file:///home/runner/work/ozone/ozone/hadoop-ozone/integration-test/target/test-classes/webapps/static,STOPPED}
2023-04-11 11:25:15,578 [Listener at 127.0.0.1/36969] INFO  handler.ContextHandler (ContextHandler.java:doStop(1159)) - Stopped o.e.j.s.ServletContextHandler@742756b9{logs,/logs,file:///home/runner/work/ozone/ozone/hadoop-ozone/integration-test/target/log,STOPPED}
2023-04-11 11:25:15,579 [Listener at 127.0.0.1/36969] INFO  server.StorageContainerManager (StorageContainerManager.java:stop(1596)) - Stopping SCM LayoutVersionManager Service.
2023-04-11 11:25:15,579 [Listener at 127.0.0.1/36969] INFO  server.StorageContainerManager (StorageContainerManager.java:stop(1604)) - Stopping Block Manager Service.
2023-04-11 11:25:15,579 [Listener at 127.0.0.1/36969] INFO  utils.BackgroundService (BackgroundService.java:shutdown(141)) - Shutting down service SCMBlockDeletingService
2023-04-11 11:25:15,579 [Listener at 127.0.0.1/36969] INFO  utils.BackgroundService (BackgroundService.java:shutdown(141)) - Shutting down service SCMBlockDeletingService
2023-04-11 11:25:15,579 [Listener at 127.0.0.1/36969] INFO  server.StorageContainerManager (StorageContainerManager.java:stop(1626)) - Stopping SCM Event Queue.
2023-04-11 11:25:15,581 [Listener at 127.0.0.1/36969] INFO  server.StorageContainerManager (StorageContainerManager.java:stop(1637)) - Stopping SCM HA services.
2023-04-11 11:25:15,581 [Listener at 127.0.0.1/36969] INFO  pipeline.BackgroundPipelineCreator (BackgroundPipelineCreator.java:stop(149)) - Stopping RatisPipelineUtilsThread.
2023-04-11 11:25:15,581 [RatisPipelineUtilsThread - 0] WARN  pipeline.BackgroundPipelineCreator (BackgroundPipelineCreator.java:run(180)) - RatisPipelineUtilsThread is interrupted.
2023-04-11 11:25:15,581 [Listener at 127.0.0.1/36969] INFO  BackgroundPipelineScrubber (BackgroundSCMService.java:stop(131)) - Stopping BackgroundPipelineScrubber Service.
2023-04-11 11:25:15,582 [BackgroundPipelineScrubberThread] WARN  BackgroundPipelineScrubber (BackgroundSCMService.java:run(115)) - BackgroundPipelineScrubber is interrupted, exit
2023-04-11 11:25:15,582 [Listener at 127.0.0.1/36969] INFO  impl.MetricsSystemImpl (MetricsSystemImpl.java:stop(210)) - Stopping HddsDatanode metrics system...
2023-04-11 11:25:15,589 [prometheus] INFO  impl.MetricsSinkAdapter (MetricsSinkAdapter.java:publishMetricsFromQueue(141)) - prometheus thread interrupted.
2023-04-11 11:25:15,589 [Listener at 127.0.0.1/36969] INFO  impl.MetricsSystemImpl (MetricsSystemImpl.java:stop(216)) - HddsDatanode metrics system stopped.
2023-04-11 11:25:15,589 [Listener at 127.0.0.1/36969] WARN  pipeline.BackgroundPipelineCreator (BackgroundPipelineCreator.java:stop(145)) - RatisPipelineUtilsThread is not running, just ignore.
2023-04-11 11:25:15,590 [Listener at 127.0.0.1/36969] INFO  BackgroundPipelineScrubber (BackgroundSCMService.java:stop(126)) - BackgroundPipelineScrubber Service is not running, skip stop.
2023-04-11 11:25:15,590 [Listener at 127.0.0.1/36969] INFO  ExpiredContainerReplicaOpScrubber (BackgroundSCMService.java:stop(131)) - Stopping ExpiredContainerReplicaOpScrubber Service.
2023-04-11 11:25:15,590 [ExpiredContainerReplicaOpScrubberThread] WARN  ExpiredContainerReplicaOpScrubber (BackgroundSCMService.java:run(115)) - ExpiredContainerReplicaOpScrubber is interrupted, exit
2023-04-11 11:25:15,590 [Listener at 127.0.0.1/36969] INFO  utils.BackgroundService (BackgroundService.java:shutdown(141)) - Shutting down service SCMBlockDeletingService
2023-04-11 11:25:15,590 [Listener at 127.0.0.1/36969] INFO  replication.ReplicationManager (ReplicationManager.java:stop(331)) - Replication Monitor Thread is not running.
2023-04-11 11:25:15,590 [Listener at 127.0.0.1/36969] WARN  balancer.ContainerBalancer (ContainerBalancer.java:stop(324)) - Cannot stop Container Balancer because it's not running or stopping
2023-04-11 11:25:15,590 [Listener at 127.0.0.1/36969] INFO  server.StorageContainerManager (StorageContainerManager.java:stop(1663)) - Stopping SCM MetadataStore.
2023-04-11 11:25:15,642 [Listener at 127.0.0.1/36969] WARN  server.ServerUtils (ServerUtils.java:getScmDbDir(148)) - ozone.scm.db.dirs is not configured. We recommend adding this setting. Falling back to ozone.metadata.dirs instead.
2023-04-11 11:25:15,650 [Listener at 127.0.0.1/36969] WARN  server.ServerUtils (ServerUtils.java:getScmDbDir(148)) - ozone.scm.db.dirs is not configured. We recommend adding this setting. Falling back to ozone.metadata.dirs instead.
2023-04-11 11:25:15,650 [Listener at 127.0.0.1/36969] INFO  ha.SCMHANodeDetails (SCMHANodeDetails.java:loadSCMHAConfig(209)) - ServiceID for StorageContainerManager is null
2023-04-11 11:25:15,650 [Listener at 127.0.0.1/36969] INFO  ha.SCMHANodeDetails (SCMHANodeDetails.java:loadSCMHAConfig(214)) - ozone.scm.default.service.id is not defined, falling back to ozone.scm.service.ids to find serviceID for StorageContainerManager if it is HA enabled cluster
2023-04-11 11:25:15,651 [Listener at 127.0.0.1/36969] WARN  utils.HAUtils (HAUtils.java:getMetaDir(342)) - ozone.scm.db.dirs is not configured. We recommend adding this setting. Falling back to ozone.metadata.dirs instead.
2023-04-11 11:25:15,651 [Listener at 127.0.0.1/36969] WARN  db.DBStoreBuilder (DBStoreBuilder.java:applyDBDefinition(182)) - ozone.scm.db.dirs is not configured. We recommend adding this setting. Falling back to ozone.metadata.dirs instead.
2023-04-11 11:25:15,761 [Listener at 127.0.0.1/36969] INFO  net.NodeSchemaLoader (NodeSchemaLoader.java:loadSchemaFromFile(129)) - Loading schema from [jar:file:/home/runner/.m2/repository/org/apache/ozone/hdds-common/1.4.0-SNAPSHOT/hdds-common-1.4.0-SNAPSHOT.jar!/network-topology-default.xml]
2023-04-11 11:25:15,762 [Listener at 127.0.0.1/36969] INFO  net.NodeSchemaLoader (NodeSchemaLoader.java:loadSchema(176)) - Loading network topology layer schema file
2023-04-11 11:25:15,765 [Listener at 127.0.0.1/36969] INFO  upgrade.AbstractLayoutVersionManager (AbstractLayoutVersionManager.java:init(83)) - Initializing Layout version manager with metadata layout = WEBUI_PORTS_IN_DATANODEDETAILS (version = 6), software layout = WEBUI_PORTS_IN_DATANODEDETAILS (version = 6)
2023-04-11 11:25:15,809 [Listener at 127.0.0.1/36969] INFO  reflections.Reflections (Reflections.java:scan(232)) - Reflections took 43 ms to scan 7 urls, producing 156 keys and 369 values 
2023-04-11 11:25:15,811 [Listener at 127.0.0.1/36969] INFO  ha.SequenceIdGenerator (SequenceIdGenerator.java:upgradeToSequenceId(349)) - upgrade localId to 111677748019200000
2023-04-11 11:25:15,812 [Listener at 127.0.0.1/36969] INFO  ha.SequenceIdGenerator (SequenceIdGenerator.java:upgradeToSequenceId(359)) - upgrade delTxnId to 0
2023-04-11 11:25:15,812 [Listener at 127.0.0.1/36969] INFO  ha.SequenceIdGenerator (SequenceIdGenerator.java:upgradeToSequenceId(376)) - upgrade containerId to 0
2023-04-11 11:25:15,812 [Listener at 127.0.0.1/36969] INFO  ha.SequenceIdGenerator (SequenceIdGenerator.java:<init>(220)) - Init the HA SequenceIdGenerator.
2023-04-11 11:25:15,812 [Listener at 127.0.0.1/36969] WARN  server.ServerUtils (ServerUtils.java:sanitizeUserArgs(73)) - ozone.scm.stale.node.interval value = 300000 is larger than max = 100000 based on the key value of ozone.scm.heartbeat.thread.interval, reset to the max value 100000.
2023-04-11 11:25:15,812 [Listener at 127.0.0.1/36969] WARN  server.ServerUtils (ServerUtils.java:sanitizeUserArgs(73)) - ozone.scm.stale.node.interval value = 300000 is larger than max = 100000 based on the key value of ozone.scm.heartbeat.thread.interval, reset to the max value 100000.
2023-04-11 11:25:15,813 [Listener at 127.0.0.1/36969] INFO  node.SCMNodeManager (SCMNodeManager.java:<init>(156)) - Entering startup safe mode.
2023-04-11 11:25:15,813 [Listener at 127.0.0.1/36969] INFO  algorithms.ContainerPlacementPolicyFactory (ContainerPlacementPolicyFactory.java:getPolicyInternal(86)) - Create container placement policy of type org.apache.hadoop.hdds.scm.container.placement.algorithms.SCMContainerPlacementRandom
2023-04-11 11:25:15,813 [Listener at 127.0.0.1/36969] INFO  algorithms.ContainerPlacementPolicyFactory (ContainerPlacementPolicyFactory.java:getPolicyInternal(86)) - Create container placement policy of type org.apache.hadoop.hdds.scm.container.placement.algorithms.SCMContainerPlacementRackScatter
2023-04-11 11:25:15,813 [Listener at 127.0.0.1/36969] INFO  pipeline.PipelineStateManagerImpl (PipelineStateManagerImpl.java:initialize(78)) - No pipeline exists in current db
2023-04-11 11:25:15,813 [Listener at 127.0.0.1/36969] INFO  algorithms.LeaderChoosePolicyFactory (LeaderChoosePolicyFactory.java:getPolicy(57)) - Create leader choose policy of type org.apache.hadoop.hdds.scm.pipeline.leader.choose.algorithms.MinLeaderCountChoosePolicy
2023-04-11 11:25:15,814 [Listener at 127.0.0.1/36969] INFO  algorithms.ContainerPlacementPolicyFactory (ContainerPlacementPolicyFactory.java:getPolicyInternal(86)) - Create container placement policy of type org.apache.hadoop.hdds.scm.container.placement.algorithms.SCMContainerPlacementRackScatter
2023-04-11 11:25:15,814 [Listener at 127.0.0.1/36969] INFO  ha.SCMServiceManager (SCMServiceManager.java:register(42)) - Registering service BackgroundPipelineCreator.
2023-04-11 11:25:15,814 [Listener at 127.0.0.1/36969] INFO  pipeline.BackgroundPipelineCreator (BackgroundPipelineCreator.java:start(124)) - Starting RatisPipelineUtilsThread.
2023-04-11 11:25:15,814 [Listener at 127.0.0.1/36969] INFO  BackgroundPipelineScrubber (BackgroundSCMService.java:start(68)) - Starting BackgroundPipelineScrubber Service.
2023-04-11 11:25:15,815 [Listener at 127.0.0.1/36969] INFO  ha.SCMServiceManager (SCMServiceManager.java:register(42)) - Registering service BackgroundPipelineScrubber.
2023-04-11 11:25:15,815 [Listener at 127.0.0.1/36969] INFO  ExpiredContainerReplicaOpScrubber (BackgroundSCMService.java:start(68)) - Starting ExpiredContainerReplicaOpScrubber Service.
2023-04-11 11:25:15,815 [Listener at 127.0.0.1/36969] INFO  ha.SCMServiceManager (SCMServiceManager.java:register(42)) - Registering service ExpiredContainerReplicaOpScrubber.
2023-04-11 11:25:15,816 [Listener at 127.0.0.1/36969] INFO  algorithms.PipelineChoosePolicyFactory (PipelineChoosePolicyFactory.java:createPipelineChoosePolicyFromClass(73)) - Create pipeline choose policy of type org.apache.hadoop.hdds.scm.pipeline.choose.algorithms.RandomPipelineChoosePolicy
2023-04-11 11:25:15,816 [Listener at 127.0.0.1/36969] INFO  ha.SCMServiceManager (SCMServiceManager.java:register(42)) - Registering service SCMBlockDeletingService.
2023-04-11 11:25:15,817 [Listener at 127.0.0.1/36969] INFO  replication.ReplicationManager (ReplicationManager.java:start(288)) - Starting Replication Monitor Thread.
2023-04-11 11:25:15,817 [Listener at 127.0.0.1/36969] INFO  ha.SCMServiceManager (SCMServiceManager.java:register(42)) - Registering service ReplicationManager.
2023-04-11 11:25:15,818 [Listener at 127.0.0.1/36969] INFO  safemode.ContainerSafeModeRule (ContainerSafeModeRule.java:<init>(89)) - containers with one replica threshold count 0
2023-04-11 11:25:15,818 [Listener at 127.0.0.1/36969] INFO  safemode.HealthyPipelineSafeModeRule (HealthyPipelineSafeModeRule.java:initializeRule(169)) - Total pipeline count is 0, healthy pipeline threshold count is 1
2023-04-11 11:25:15,819 [Listener at 127.0.0.1/36969] INFO  safemode.OneReplicaPipelineSafeModeRule (OneReplicaPipelineSafeModeRule.java:initializeRule(180)) - Total pipeline count is 0, pipeline's with at least one datanode reported threshold count is 0
2023-04-11 11:25:15,820 [ReplicationMonitor] INFO  replication.ReplicationManager (ReplicationManager.java:processAll(363)) - Replication Manager is not ready to run until 3000ms after safemode exit
2023-04-11 11:25:15,820 [Listener at 127.0.0.1/36969] INFO  server.StorageContainerManager (StorageContainerManager.java:<init>(398)) - SCM start with adminUsers: [runner]
2023-04-11 11:25:15,820 [Listener at 127.0.0.1/36969] INFO  ipc.CallQueueManager (CallQueueManager.java:<init>(90)) - Using callQueue: class java.util.concurrent.LinkedBlockingQueue, queueCapacity: 2000, scheduler: class org.apache.hadoop.ipc.DefaultRpcScheduler, ipcBackoff: false.
2023-04-11 11:25:15,821 [Socket Reader #1 for port 0] INFO  ipc.Server (Server.java:run(1319)) - Starting Socket Reader #1 for port 0
2023-04-11 11:25:15,822 [Listener at 0.0.0.0/45527] INFO  ipc.CallQueueManager (CallQueueManager.java:<init>(90)) - Using callQueue: class java.util.concurrent.LinkedBlockingQueue, queueCapacity: 2000, scheduler: class org.apache.hadoop.ipc.DefaultRpcScheduler, ipcBackoff: false.
2023-04-11 11:25:15,822 [Socket Reader #1 for port 0] INFO  ipc.Server (Server.java:run(1319)) - Starting Socket Reader #1 for port 0
2023-04-11 11:25:15,823 [Listener at 0.0.0.0/44705] INFO  ipc.CallQueueManager (CallQueueManager.java:<init>(90)) - Using callQueue: class java.util.concurrent.LinkedBlockingQueue, queueCapacity: 2000, scheduler: class org.apache.hadoop.ipc.DefaultRpcScheduler, ipcBackoff: false.
2023-04-11 11:25:15,824 [Socket Reader #1 for port 0] INFO  ipc.Server (Server.java:run(1319)) - Starting Socket Reader #1 for port 0
2023-04-11 11:25:15,831 [Listener at 0.0.0.0/44189] INFO  ha.SCMServiceManager (SCMServiceManager.java:register(42)) - Registering service ContainerBalancer.
2023-04-11 11:25:15,831 [Listener at 0.0.0.0/44189] INFO  server.StorageContainerManager (StorageContainerManager.java:<init>(415)) - 
Container Balancer status:
Key                            Value
Running                        false
Container Balancer Configuration values:
Key                                                Value
Threshold                                          10
Max Datanodes to Involve per Iteration(percent)    20
Max Size to Move per Iteration                     500GB
Max Size Entering Target per Iteration             26GB
Max Size Leaving Source per Iteration              26GB

2023-04-11 11:25:15,831 [Listener at 0.0.0.0/44189] INFO  ha.SCMContext (SCMContext.java:updateSafeModeStatus(228)) - Update SafeModeStatus from SafeModeStatus{safeModeStatus=true, preCheckPassed=false} to SafeModeStatus{safeModeStatus=true, preCheckPassed=false}.
2023-04-11 11:25:15,831 [Listener at 0.0.0.0/44189] INFO  server.StorageContainerManager (StorageContainerManager.java:start(1453)) - StorageContainerLocationProtocol RPC server is listening at /0.0.0.0:44189
2023-04-11 11:25:15,832 [Listener at 0.0.0.0/44189] WARN  impl.MetricsConfig (MetricsConfig.java:loadFirst(136)) - Cannot locate configuration: tried hadoop-metrics2-storagecontainermanager.properties,hadoop-metrics2.properties
2023-04-11 11:25:15,851 [Listener at 0.0.0.0/44189] INFO  impl.MetricsSystemImpl (MetricsSystemImpl.java:startTimer(378)) - Scheduled Metric snapshot period at 10 second(s).
2023-04-11 11:25:15,851 [Listener at 0.0.0.0/44189] INFO  impl.MetricsSystemImpl (MetricsSystemImpl.java:start(191)) - StorageContainerManager metrics system started
2023-04-11 11:25:15,854 [Listener at 0.0.0.0/44189] INFO  impl.MetricsSinkAdapter (MetricsSinkAdapter.java:start(204)) - Sink prometheus started
2023-04-11 11:25:15,854 [Listener at 0.0.0.0/44189] INFO  impl.MetricsSystemImpl (MetricsSystemImpl.java:registerSink(305)) - Registered sink prometheus
2023-04-11 11:25:15,884 [Listener at 0.0.0.0/44189] INFO  server.SCMClientProtocolServer (SCMClientProtocolServer.java:start(197)) - RPC server for Client  is listening at /0.0.0.0:44189
2023-04-11 11:25:15,884 [IPC Server Responder] INFO  ipc.Server (Server.java:run(1558)) - IPC Server Responder: starting
2023-04-11 11:25:15,889 [IPC Server listener on 0] INFO  ipc.Server (Server.java:run(1398)) - IPC Server listener on 0: starting
2023-04-11 11:25:15,894 [Listener at 0.0.0.0/44189] INFO  server.StorageContainerManager (StorageContainerManager.java:start(1467)) - ScmBlockLocationProtocol RPC server is listening at /0.0.0.0:44705
2023-04-11 11:25:15,894 [Listener at 0.0.0.0/44189] INFO  server.SCMBlockProtocolServer (SCMBlockProtocolServer.java:start(152)) - RPC server for Block Protocol is listening at /0.0.0.0:44705
2023-04-11 11:25:15,895 [IPC Server Responder] INFO  ipc.Server (Server.java:run(1558)) - IPC Server Responder: starting
2023-04-11 11:25:15,895 [IPC Server listener on 0] INFO  ipc.Server (Server.java:run(1398)) - IPC Server listener on 0: starting
2023-04-11 11:25:15,897 [Listener at 0.0.0.0/44189] INFO  server.SCMDatanodeProtocolServer (SCMDatanodeProtocolServer.java:start(193)) - ScmDatanodeProtocol RPC server for DataNodes is listening at /0.0.0.0:45527
2023-04-11 11:25:15,898 [IPC Server Responder] INFO  ipc.Server (Server.java:run(1558)) - IPC Server Responder: starting
2023-04-11 11:25:15,899 [IPC Server listener on 0] INFO  ipc.Server (Server.java:run(1398)) - IPC Server listener on 0: starting
2023-04-11 11:25:15,901 [org.apache.hadoop.util.JvmPauseMonitor$Monitor@6a3c798c] INFO  util.JvmPauseMonitor (JvmPauseMonitor.java:run(188)) - Starting JVM pause monitor
2023-04-11 11:25:15,901 [Listener at 0.0.0.0/44189] INFO  http.BaseHttpServer (BaseHttpServer.java:newHttpServer2BuilderForOzone(224)) - Starting Web-server for scm at: http://0.0.0.0:0
2023-04-11 11:25:15,902 [Listener at 0.0.0.0/44189] INFO  http.BaseHttpServer (BaseHttpServer.java:<init>(111)) - Hadoop Security Enabled: false Ozone Security Enabled: false Ozone HTTP Security Enabled: false 
2023-04-11 11:25:15,904 [Listener at 0.0.0.0/44189] WARN  server.AuthenticationFilter (AuthenticationFilter.java:constructSecretProvider(240)) - Unable to initialize FileSignerSecretProvider, falling back to use random secrets. Reason: Could not read signature secret file: /home/runner/hadoop-http-auth-signature-secret
2023-04-11 11:25:15,905 [Listener at 0.0.0.0/44189] WARN  http.HttpRequestLog (HttpRequestLog.java:getRequestLog(103)) - Jetty request log can only be enabled using Log4j
2023-04-11 11:25:15,907 [Listener at 0.0.0.0/44189] INFO  http.HttpServer2 (HttpServer2.java:addGlobalFilter(1031)) - Added global filter 'safety' (class=org.apache.hadoop.hdds.server.http.HttpServer2$QuotingInputFilter)
2023-04-11 11:25:15,908 [Listener at 0.0.0.0/44189] INFO  http.HttpServer2 (HttpServer2.java:addFilter(1007)) - Added filter static_user_filter (class=org.apache.hadoop.http.lib.StaticUserWebFilter$StaticUserFilter) to context scm
2023-04-11 11:25:15,908 [Listener at 0.0.0.0/44189] INFO  http.HttpServer2 (HttpServer2.java:addFilter(1015)) - Added filter static_user_filter (class=org.apache.hadoop.http.lib.StaticUserWebFilter$StaticUserFilter) to context static
2023-04-11 11:25:15,908 [Listener at 0.0.0.0/44189] INFO  http.HttpServer2 (HttpServer2.java:addFilter(1015)) - Added filter static_user_filter (class=org.apache.hadoop.http.lib.StaticUserWebFilter$StaticUserFilter) to context logs
2023-04-11 11:25:15,908 [Listener at 0.0.0.0/44189] INFO  http.BaseHttpServer (BaseHttpServer.java:<init>(190)) - HTTP server of scm uses base directory /home/runner/work/ozone/ozone/hadoop-ozone/integration-test/target/test-dir/MiniOzoneClusterImpl-1c4368e0-208c-48c5-9b0c-56c20ccf1352/ozone-meta/webserver
2023-04-11 11:25:15,909 [Listener at 0.0.0.0/44189] INFO  http.HttpServer2 (HttpServer2.java:bindListener(1250)) - Jetty bound to port 34269
2023-04-11 11:25:15,909 [Listener at 0.0.0.0/44189] INFO  server.Server (Server.java:doStart(375)) - jetty-9.4.49.v20220914; built: 2022-09-14T01:07:36.601Z; git: 4231a3b2e4cb8548a412a789936d640a97b1aa0a; jvm 1.8.0_362-b09
2023-04-11 11:25:15,910 [Listener at 0.0.0.0/44189] INFO  server.session (DefaultSessionIdManager.java:doStart(334)) - DefaultSessionIdManager workerName=node0
2023-04-11 11:25:15,910 [Listener at 0.0.0.0/44189] INFO  server.session (DefaultSessionIdManager.java:doStart(339)) - No SessionScavenger set, using defaults
2023-04-11 11:25:15,910 [Listener at 0.0.0.0/44189] INFO  server.session (HouseKeeper.java:startScavenging(132)) - node0 Scavenging every 660000ms
2023-04-11 11:25:15,913 [Listener at 0.0.0.0/44189] INFO  handler.ContextHandler (ContextHandler.java:doStart(921)) - Started o.e.j.s.ServletContextHandler@6cf9d125{logs,/logs,file:///home/runner/work/ozone/ozone/hadoop-ozone/integration-test/target/log,AVAILABLE}
2023-04-11 11:25:15,914 [Listener at 0.0.0.0/44189] INFO  handler.ContextHandler (ContextHandler.java:doStart(921)) - Started o.e.j.s.ServletContextHandler@2e4a1d6{static,/static,file:///home/runner/work/ozone/ozone/hadoop-ozone/integration-test/target/test-classes/webapps/static,AVAILABLE}
2023-04-11 11:25:15,918 [Listener at 0.0.0.0/44189] INFO  handler.ContextHandler (ContextHandler.java:doStart(921)) - Started o.e.j.w.WebAppContext@18dd1645{scm,/,file:///home/runner/work/ozone/ozone/hadoop-ozone/integration-test/target/test-classes/webapps/scm/,AVAILABLE}{file:/home/runner/work/ozone/ozone/hadoop-ozone/integration-test/target/test-classes/webapps/scm}
2023-04-11 11:25:15,924 [Listener at 0.0.0.0/44189] INFO  server.AbstractConnector (AbstractConnector.java:doStart(333)) - Started ServerConnector@5cbb0744{HTTP/1.1, (http/1.1)}{0.0.0.0:34269}
2023-04-11 11:25:15,925 [Listener at 0.0.0.0/44189] INFO  server.Server (Server.java:doStart(415)) - Started @130552ms
2023-04-11 11:25:15,925 [Listener at 0.0.0.0/44189] WARN  impl.MetricsSystemImpl (MetricsSystemImpl.java:register(279)) - Sink prometheus already exists!
2023-04-11 11:25:15,927 [Listener at 0.0.0.0/44189] INFO  http.BaseHttpServer (BaseHttpServer.java:updateConnectorAddress(344)) - HTTP server of scm listening at http://0.0.0.0:34269
2023-04-11 11:25:15,927 [Listener at 0.0.0.0/44189] WARN  server.ServerUtils (ServerUtils.java:getDBPath(225)) - ozone.om.db.dirs is not configured. We recommend adding this setting. Falling back to ozone.metadata.dirs instead.
2023-04-11 11:25:15,928 [Listener at 0.0.0.0/44189] INFO  ha.OMHANodeDetails (OMHANodeDetails.java:loadOMHAConfig(115)) - ozone.om.internal.service.id is not defined, falling back to ozone.om.service.ids to find serviceID for OzoneManager if it is HA enabled cluster
2023-04-11 11:25:15,928 [Listener at 0.0.0.0/44189] INFO  ha.OMHANodeDetails (OMHANodeDetails.java:loadOMHAConfig(226)) - Configuration does not have ozone.om.address set. Falling back to the default OM address /127.0.0.1:0
2023-04-11 11:25:15,928 [Listener at 0.0.0.0/44189] INFO  ha.OMHANodeDetails (OMHANodeDetails.java:getOMNodeDetailsForNonHA(254)) - OM Service ID is not set. Setting it to the default ID: omServiceIdDefault
2023-04-11 11:25:15,929 [Listener at 0.0.0.0/44189] INFO  ha.OMHANodeDetails (OMHANodeDetails.java:getOMNodeDetailsForNonHA(261)) - OM Node ID is not set. Setting it to the default ID: om1
2023-04-11 11:25:15,929 [Listener at 0.0.0.0/44189] WARN  server.ServerUtils (ServerUtils.java:getDBPath(225)) - ozone.om.db.dirs is not configured. We recommend adding this setting. Falling back to ozone.metadata.dirs instead.
2023-04-11 11:25:15,930 [Listener at 0.0.0.0/44189] INFO  upgrade.AbstractLayoutVersionManager (AbstractLayoutVersionManager.java:init(83)) - Initializing Layout version manager with metadata layout = MULTITENANCY_SCHEMA (version = 3), software layout = MULTITENANCY_SCHEMA (version = 3)
2023-04-11 11:25:16,000 [Listener at 0.0.0.0/44189] INFO  reflections.Reflections (Reflections.java:scan(232)) - Reflections took 69 ms to scan 2 urls, producing 171 keys and 471 values [using 2 cores]
2023-04-11 11:25:16,001 [Listener at 0.0.0.0/44189] INFO  upgrade.OMLayoutVersionManager (OMLayoutVersionManager.java:lambda$0(115)) - Skipping Upgrade Action MockOmUpgradeAction since it has been finalized.
2023-04-11 11:25:16,001 [Listener at 0.0.0.0/44189] WARN  server.ServerUtils (ServerUtils.java:getDBPath(225)) - ozone.om.db.dirs is not configured. We recommend adding this setting. Falling back to ozone.metadata.dirs instead.
2023-04-11 11:25:16,002 [Listener at 0.0.0.0/44189] INFO  proxy.SCMBlockLocationFailoverProxyProvider (SCMBlockLocationFailoverProxyProvider.java:<init>(114)) - Created block location fail-over proxy with 1 nodes: [nodeId=scmNodeId,nodeAddress=/0.0.0.0:44705]
2023-04-11 11:25:16,003 [Listener at 0.0.0.0/44189] INFO  proxy.SCMBlockLocationFailoverProxyProvider (SCMBlockLocationFailoverProxyProvider.java:<init>(114)) - Created block location fail-over proxy with 1 nodes: [nodeId=scmNodeId,nodeAddress=/0.0.0.0:44705]
2023-04-11 11:25:16,015 [Listener at 0.0.0.0/44189] INFO  om.OzoneManager (OzoneManager.java:<init>(627)) - OM start with adminUsers: [runner]
2023-04-11 11:25:16,016 [Listener at 0.0.0.0/44189] WARN  server.ServerUtils (ServerUtils.java:getDBPath(225)) - ozone.om.db.dirs is not configured. We recommend adding this setting. Falling back to ozone.metadata.dirs instead.
2023-04-11 11:25:16,017 [Listener at 0.0.0.0/44189] INFO  codec.OmKeyInfoCodec (OmKeyInfoCodec.java:<init>(49)) - OmKeyInfoCodec ignorePipeline = true
2023-04-11 11:25:16,017 [Listener at 0.0.0.0/44189] INFO  codec.RepeatedOmKeyInfoCodec (RepeatedOmKeyInfoCodec.java:<init>(41)) - RepeatedOmKeyInfoCodec ignorePipeline = true
2023-04-11 11:25:16,216 [Listener at 0.0.0.0/44189] INFO  om.OzoneManager (OzoneManager.java:instantiateServices(757)) - S3 Multi-Tenancy is disabled
2023-04-11 11:25:16,216 [Listener at 0.0.0.0/44189] WARN  server.ServerUtils (ServerUtils.java:getDBPath(225)) - ozone.om.snapshot.diff.db.dir is not configured. We recommend adding this setting. Falling back to ozone.metadata.dirs instead.
2023-04-11 11:25:16,237 [Listener at 0.0.0.0/44189] INFO  om.OzoneManager (OzoneManager.java:addS3GVolumeToDB(4257)) - Created Volume s3v With Owner runner required for S3Gateway operations.
2023-04-11 11:25:16,237 [Listener at 0.0.0.0/44189] WARN  server.ServerUtils (ServerUtils.java:getDefaultRatisDirectory(237)) - Storage directory for Ratis is not configured. It is a good idea to map this to an SSD disk. Falling back to ozone.metadata.dirs
2023-04-11 11:25:16,237 [Listener at 0.0.0.0/44189] WARN  utils.OzoneManagerRatisUtils (OzoneManagerRatisUtils.java:getOMRatisSnapshotDirectory(446)) - ozone.om.ratis.snapshot.dir is not configured. Falling back to ozone.metadata.dirs config
2023-04-11 11:25:16,237 [Listener at 0.0.0.0/44189] WARN  server.ServerUtils (ServerUtils.java:getDefaultRatisDirectory(237)) - Storage directory for Ratis is not configured. It is a good idea to map this to an SSD disk. Falling back to ozone.metadata.dirs
2023-04-11 11:25:16,238 [Listener at 0.0.0.0/44189] INFO  ratis.OzoneManagerRatisServer (OzoneManagerRatisServer.java:<init>(163)) - Instantiating OM Ratis server with groupID: omServiceIdDefault and peers: localhost:9872
2023-04-11 11:25:16,239 [Listener at 0.0.0.0/44189] INFO  ratis.OzoneManagerStateMachine (OzoneManagerStateMachine.java:loadSnapshotInfoFromDB(644)) - LastAppliedIndex is set from TransactionInfo from OM DB as (t:0, i:~)
2023-04-11 11:25:16,239 [Listener at 0.0.0.0/44189] INFO  server.RaftServer (ConfUtils.java:logGet(46)) - raft.rpc.type = GRPC (default)
2023-04-11 11:25:16,239 [Listener at 0.0.0.0/44189] INFO  grpc.GrpcConfigKeys (ConfUtils.java:logFallback(53)) - raft.grpc.admin.host = null (fallback to raft.grpc.server.host)
2023-04-11 11:25:16,239 [Listener at 0.0.0.0/44189] INFO  grpc.GrpcConfigKeys (ConfUtils.java:logFallback(53)) - raft.grpc.admin.port = 9872 (fallback to raft.grpc.server.port)
2023-04-11 11:25:16,240 [Listener at 0.0.0.0/44189] INFO  grpc.GrpcConfigKeys (ConfUtils.java:logFallback(53)) - raft.grpc.client.host = null (fallback to raft.grpc.server.host)
2023-04-11 11:25:16,240 [Listener at 0.0.0.0/44189] INFO  grpc.GrpcConfigKeys (ConfUtils.java:logFallback(53)) - raft.grpc.client.port = 9872 (fallback to raft.grpc.server.port)
2023-04-11 11:25:16,240 [Listener at 0.0.0.0/44189] INFO  grpc.GrpcConfigKeys (ConfUtils.java:logGet(46)) - raft.grpc.server.host = null (default)
2023-04-11 11:25:16,240 [Listener at 0.0.0.0/44189] INFO  grpc.GrpcConfigKeys (ConfUtils.java:logGet(46)) - raft.grpc.server.port = 9872 (custom)
2023-04-11 11:25:16,240 [Listener at 0.0.0.0/44189] INFO  server.GrpcService (ConfUtils.java:logGet(46)) - raft.grpc.message.size.max = 33554432 (custom)
2023-04-11 11:25:16,240 [Listener at 0.0.0.0/44189] INFO  server.RaftServerConfigKeys (ConfUtils.java:logGet(46)) - raft.server.log.appender.buffer.byte-limit = 33554432 (custom)
2023-04-11 11:25:16,240 [Listener at 0.0.0.0/44189] INFO  server.GrpcService (ConfUtils.java:logGet(46)) - raft.grpc.flow.control.window = 1MB (=1048576) (default)
2023-04-11 11:25:16,240 [Listener at 0.0.0.0/44189] INFO  server.RaftServerConfigKeys (ConfUtils.java:logGet(46)) - raft.server.rpc.request.timeout = 3000ms (default)
2023-04-11 11:25:16,240 [Listener at 0.0.0.0/44189] INFO  grpc.GrpcConfigKeys (ConfUtils.java:logGet(46)) - raft.grpc.server.heartbeat.channel = true (default)
2023-04-11 11:25:16,240 [Listener at 0.0.0.0/44189] INFO  grpc.GrpcConfigKeys (ConfUtils.java:logGet(46)) - raft.grpc.server.async.request.thread.pool.cached = true (default)
2023-04-11 11:25:16,241 [Listener at 0.0.0.0/44189] INFO  grpc.GrpcConfigKeys (ConfUtils.java:logGet(46)) - raft.grpc.server.async.request.thread.pool.size = 32 (default)
2023-04-11 11:25:16,242 [Listener at 0.0.0.0/44189] INFO  impl.DataStreamServerImpl (ConfUtils.java:logGet(46)) - raft.datastream.type = DISABLED (default)
2023-04-11 11:25:16,242 [Listener at 0.0.0.0/44189] INFO  server.RaftServerConfigKeys (ConfUtils.java:logGet(46)) - raft.server.threadpool.proxy.cached = true (default)
2023-04-11 11:25:16,242 [Listener at 0.0.0.0/44189] INFO  server.RaftServerConfigKeys (ConfUtils.java:logGet(46)) - raft.server.threadpool.proxy.size = 0 (default)
2023-04-11 11:25:16,242 [Listener at 0.0.0.0/44189] INFO  server.RaftServerConfigKeys (ConfUtils.java:logGet(46)) - raft.server.rpc.slowness.timeout = 120s (custom)
2023-04-11 11:25:16,243 [Listener at 0.0.0.0/44189] INFO  server.RaftServerConfigKeys (ConfUtils.java:logGet(46)) - raft.server.leaderelection.leader.step-down.wait-time = 10s (default)
2023-04-11 11:25:16,243 [Listener at 0.0.0.0/44189] INFO  server.RaftServerConfigKeys (ConfUtils.java:logGet(46)) - raft.server.storage.dir = [/home/runner/work/ozone/ozone/hadoop-ozone/integration-test/target/test-dir/MiniOzoneClusterImpl-1c4368e0-208c-48c5-9b0c-56c20ccf1352/ozone-meta/ratis] (custom)
2023-04-11 11:25:16,243 [Listener at 0.0.0.0/44189] INFO  server.RaftServer (RaftServerProxy.java:addNew(96)) - om1: addNew group-C5BA1605619E:[om1|rpc:localhost:9872|priority:0|startupRole:FOLLOWER] returns group-C5BA1605619E:java.util.concurrent.CompletableFuture@330e7c8e[Not completed]
2023-04-11 11:25:16,243 [pool-481-thread-1] INFO  server.RaftServer$Division (RaftServerImpl.java:<init>(195)) - om1: new RaftServerImpl for group-C5BA1605619E:[om1|rpc:localhost:9872|priority:0|startupRole:FOLLOWER] with OzoneManagerStateMachine:uninitialized
2023-04-11 11:25:16,243 [Listener at 0.0.0.0/44189] INFO  om.OzoneManager (OzoneManager.java:initializeRatisServer(2095)) - OzoneManager Ratis server initialized at port 9872
2023-04-11 11:25:16,244 [pool-481-thread-1] INFO  server.RaftServerConfigKeys (ConfUtils.java:logGet(46)) - raft.server.rpc.timeout.min = 1s (custom)
2023-04-11 11:25:16,244 [Listener at 0.0.0.0/44189] INFO  om.OzoneManager (OzoneManager.java:getRpcServer(1142)) - Creating RPC Server
2023-04-11 11:25:16,244 [pool-481-thread-1] INFO  server.RaftServerConfigKeys (ConfUtils.java:logGet(46)) - raft.server.rpc.timeout.max = 1200ms (custom)
2023-04-11 11:25:16,245 [pool-481-thread-1] INFO  server.RaftServerConfigKeys (ConfUtils.java:logGet(46)) - raft.server.rpc.sleep.time = 25ms (default)
2023-04-11 11:25:16,247 [pool-481-thread-1] INFO  server.RaftServerConfigKeys (ConfUtils.java:logGet(46)) - raft.server.rpc.slowness.timeout = 120s (custom)
2023-04-11 11:25:16,247 [pool-481-thread-1] INFO  server.RaftServerConfigKeys (ConfUtils.java:logGet(46)) - raft.server.leaderelection.leader.step-down.wait-time = 10s (default)
2023-04-11 11:25:16,247 [pool-481-thread-1] INFO  server.RaftServerConfigKeys (ConfUtils.java:logGet(46)) - raft.server.sleep.deviation.threshold = 300ms (default)
2023-04-11 11:25:16,247 [pool-481-thread-1] INFO  server.RaftServer$Division (ServerState.java:<init>(118)) - om1@group-C5BA1605619E: ConfigurationManager, init=-1: peers:[om1|rpc:localhost:9872|priority:0|startupRole:FOLLOWER]|listeners:[], old=null, confs=<EMPTY_MAP>
2023-04-11 11:25:16,247 [pool-481-thread-1] INFO  server.RaftServerConfigKeys (ConfUtils.java:logGet(46)) - raft.server.storage.dir = [/home/runner/work/ozone/ozone/hadoop-ozone/integration-test/target/test-dir/MiniOzoneClusterImpl-1c4368e0-208c-48c5-9b0c-56c20ccf1352/ozone-meta/ratis] (custom)
2023-04-11 11:25:16,247 [pool-481-thread-1] INFO  server.RaftServerConfigKeys (ConfUtils.java:logGet(46)) - raft.server.log.corruption.policy = EXCEPTION (default)
2023-04-11 11:25:16,248 [pool-481-thread-1] INFO  server.RaftServerConfigKeys (ConfUtils.java:logGet(46)) - raft.server.storage.free-space.min = 0MB (=0) (default)
2023-04-11 11:25:16,248 [pool-481-thread-1] INFO  server.RaftServerConfigKeys (ConfUtils.java:logGet(46)) - raft.server.notification.no-leader.timeout = 120s (custom)
2023-04-11 11:25:16,248 [pool-481-thread-1] INFO  server.RaftServerConfigKeys (ConfUtils.java:logGet(46)) - raft.server.retrycache.expirytime = 300s (custom)
2023-04-11 11:25:16,248 [pool-481-thread-1] INFO  server.RaftServerConfigKeys (ConfUtils.java:logGet(46)) - raft.server.retrycache.statistics.expirytime = 100μs (default)
2023-04-11 11:25:16,248 [pool-481-thread-1] INFO  server.RaftServerConfigKeys (ConfUtils.java:logGet(46)) - raft.server.log.appender.install.snapshot.enabled = false (custom)
2023-04-11 11:25:16,248 [pool-481-thread-1] INFO  server.RaftServerConfigKeys (ConfUtils.java:logGet(46)) - raft.server.threadpool.server.cached = true (default)
2023-04-11 11:25:16,248 [pool-481-thread-1] INFO  server.RaftServerConfigKeys (ConfUtils.java:logGet(46)) - raft.server.threadpool.server.size = 0 (default)
2023-04-11 11:25:16,248 [pool-481-thread-1] INFO  server.RaftServerConfigKeys (ConfUtils.java:logGet(46)) - raft.server.threadpool.client.cached = true (default)
2023-04-11 11:25:16,248 [pool-481-thread-1] INFO  server.RaftServerConfigKeys (ConfUtils.java:logGet(46)) - raft.server.threadpool.client.size = 0 (default)
2023-04-11 11:25:16,673 [Listener at 0.0.0.0/44189] INFO  reflections.Reflections (Reflections.java:scan(232)) - Reflections took 428 ms to scan 19 urls, producing 68 keys and 5029 values [using 2 cores]
2023-04-11 11:25:16,675 [Listener at 0.0.0.0/44189] INFO  ipc.CallQueueManager (CallQueueManager.java:<init>(90)) - Using callQueue: class java.util.concurrent.LinkedBlockingQueue, queueCapacity: 2000, scheduler: class org.apache.hadoop.ipc.DefaultRpcScheduler, ipcBackoff: false.
2023-04-11 11:25:16,676 [Socket Reader #1 for port 0] INFO  ipc.Server (Server.java:run(1319)) - Starting Socket Reader #1 for port 0
2023-04-11 11:25:16,695 [Listener at 127.0.0.1/39679] INFO  impl.MetricsSystemImpl (MetricsSystemImpl.java:init(158)) - OzoneManager metrics system started (again)
2023-04-11 11:25:16,706 [Listener at 127.0.0.1/39679] INFO  om.OzoneManager (OzoneManager.java:start(1563)) - OzoneManager RPC server is listening at localhost/127.0.0.1:39679
2023-04-11 11:25:16,706 [Listener at 127.0.0.1/39679] INFO  ratis.OzoneManagerRatisServer (OzoneManagerRatisServer.java:start(558)) - Starting OzoneManagerRatisServer om1 at port 9872
2023-04-11 11:25:16,706 [om1-impl-thread1] INFO  storage.RaftStorageDirectory (RaftStorageDirectoryImpl.java:analyzeStorage(137)) - The storage directory /home/runner/work/ozone/ozone/hadoop-ozone/integration-test/target/test-dir/MiniOzoneClusterImpl-1c4368e0-208c-48c5-9b0c-56c20ccf1352/ozone-meta/ratis/bf265839-605b-3f16-9796-c5ba1605619e does not exist. Creating ...
2023-04-11 11:25:16,708 [om1-impl-thread1] INFO  storage.RaftStorageDirectory (RaftStorageDirectoryImpl.java:tryLock(231)) - Lock on /home/runner/work/ozone/ozone/hadoop-ozone/integration-test/target/test-dir/MiniOzoneClusterImpl-1c4368e0-208c-48c5-9b0c-56c20ccf1352/ozone-meta/ratis/bf265839-605b-3f16-9796-c5ba1605619e/in_use.lock acquired by nodename 48974@fv-az590-525
2023-04-11 11:25:16,709 [om1-impl-thread1] INFO  storage.RaftStorage (RaftStorageImpl.java:format(96)) - Storage directory /home/runner/work/ozone/ozone/hadoop-ozone/integration-test/target/test-dir/MiniOzoneClusterImpl-1c4368e0-208c-48c5-9b0c-56c20ccf1352/ozone-meta/ratis/bf265839-605b-3f16-9796-c5ba1605619e has been successfully formatted.
2023-04-11 11:25:16,709 [om1-impl-thread1] INFO  server.RaftServerConfigKeys (ConfUtils.java:logGet(46)) - raft.server.log.use.memory = false (default)
2023-04-11 11:25:16,709 [om1-impl-thread1] INFO  server.RaftServerConfigKeys (ConfUtils.java:logGet(46)) - raft.server.log.purge.gap = 1000000 (custom)
2023-04-11 11:25:16,709 [om1-impl-thread1] INFO  server.RaftServerConfigKeys (ConfUtils.java:logGet(46)) - raft.server.log.appender.buffer.byte-limit = 33554432 (custom)
2023-04-11 11:25:16,709 [om1-impl-thread1] INFO  server.RaftServerConfigKeys (ConfUtils.java:logGet(46)) - raft.server.log.statemachine.data.read.timeout = 1000ms (default)
2023-04-11 11:25:16,709 [om1-impl-thread1] INFO  server.RaftServerConfigKeys (ConfUtils.java:logGet(46)) - raft.server.log.purge.preservation.log.num = 0 (default)
2023-04-11 11:25:16,709 [om1-impl-thread1] INFO  server.RaftServerConfigKeys (ConfUtils.java:logGet(46)) - raft.server.log.segment.size.max = 4194304 (custom)
2023-04-11 11:25:16,710 [om1-impl-thread1] INFO  server.RaftServerConfigKeys (ConfUtils.java:logGet(46)) - raft.server.log.segment.cache.num.max = 2 (custom)
2023-04-11 11:25:16,710 [om1-impl-thread1] INFO  server.RaftServerConfigKeys (ConfUtils.java:logGet(46)) - raft.server.log.segment.cache.size.max = 200MB (=209715200) (default)
2023-04-11 11:25:16,710 [om1-impl-thread1] INFO  segmented.SegmentedRaftLogWorker (SegmentedRaftLogWorker.java:<init>(189)) - new om1@group-C5BA1605619E-SegmentedRaftLogWorker for RaftStorageImpl:Storage Directory /home/runner/work/ozone/ozone/hadoop-ozone/integration-test/target/test-dir/MiniOzoneClusterImpl-1c4368e0-208c-48c5-9b0c-56c20ccf1352/ozone-meta/ratis/bf265839-605b-3f16-9796-c5ba1605619e
2023-04-11 11:25:16,710 [om1-impl-thread1] INFO  server.RaftServerConfigKeys (ConfUtils.java:logGet(46)) - raft.server.log.queue.byte-limit = 64MB (=67108864) (default)
2023-04-11 11:25:16,710 [om1-impl-thread1] INFO  server.RaftServerConfigKeys (ConfUtils.java:logGet(46)) - raft.server.log.queue.element-limit = 4096 (default)
2023-04-11 11:25:16,710 [om1-impl-thread1] INFO  server.RaftServerConfigKeys (ConfUtils.java:logGet(46)) - raft.server.log.segment.size.max = 4194304 (custom)
2023-04-11 11:25:16,710 [om1-impl-thread1] INFO  server.RaftServerConfigKeys (ConfUtils.java:logGet(46)) - raft.server.log.preallocated.size = 4194304 (custom)
2023-04-11 11:25:16,710 [om1-impl-thread1] INFO  server.RaftServerConfigKeys (ConfUtils.java:logGet(46)) - raft.server.log.force.sync.num = 128 (default)
2023-04-11 11:25:16,710 [om1-impl-thread1] INFO  server.RaftServerConfigKeys (ConfUtils.java:logGet(46)) - raft.server.log.statemachine.data.sync = true (default)
2023-04-11 11:25:16,710 [om1-impl-thread1] INFO  server.RaftServerConfigKeys (ConfUtils.java:logGet(46)) - raft.server.log.statemachine.data.sync.timeout = 10s (default)
2023-04-11 11:25:16,710 [om1-impl-thread1] INFO  server.RaftServerConfigKeys (ConfUtils.java:logGet(46)) - raft.server.log.statemachine.data.sync.timeout.retry = -1 (default)
2023-04-11 11:25:16,710 [om1-impl-thread1] INFO  server.RaftServerConfigKeys (ConfUtils.java:logGet(46)) - raft.server.log.write.buffer.size = 64KB (=65536) (default)
2023-04-11 11:25:16,710 [om1-impl-thread1] INFO  server.RaftServerConfigKeys (ConfUtils.java:logGet(46)) - raft.server.log.appender.buffer.byte-limit = 33554432 (custom)
2023-04-11 11:25:16,715 [om1-impl-thread1] INFO  server.RaftServerConfigKeys (ConfUtils.java:logGet(46)) - raft.server.log.unsafe-flush.enabled = false (default)
2023-04-11 11:25:16,715 [om1-impl-thread1] INFO  server.RaftServerConfigKeys (ConfUtils.java:logGet(46)) - raft.server.log.async-flush.enabled = false (default)
2023-04-11 11:25:16,715 [om1-impl-thread1] INFO  server.RaftServerConfigKeys (ConfUtils.java:logGet(46)) - raft.server.log.statemachine.data.caching.enabled = false (default)
2023-04-11 11:25:16,716 [om1-impl-thread1] INFO  segmented.SegmentedRaftLogWorker (SegmentedRaftLogWorker.java:lambda$new$0(135)) - om1@group-C5BA1605619E-SegmentedRaftLogWorker: flushIndex: setUnconditionally 0 -> -1
2023-04-11 11:25:16,716 [om1-impl-thread1] INFO  segmented.SegmentedRaftLogWorker (SegmentedRaftLogWorker.java:lambda$new$0(135)) - om1@group-C5BA1605619E-SegmentedRaftLogWorker: safeCacheEvictIndex: setUnconditionally 0 -> -1
2023-04-11 11:25:16,716 [om1-impl-thread1] INFO  server.RaftServer$Division (RaftServerImpl.java:start(334)) - om1@group-C5BA1605619E: start as a follower, conf=-1: peers:[om1|rpc:localhost:9872|priority:0|startupRole:FOLLOWER]|listeners:[], old=null
2023-04-11 11:25:16,716 [om1-impl-thread1] INFO  server.RaftServer$Division (RaftServerImpl.java:setRole(321)) - om1@group-C5BA1605619E: changes role from      null to FOLLOWER at term 0 for startAsFollower
2023-04-11 11:25:16,716 [om1-impl-thread1] INFO  impl.RoleInfo (RoleInfo.java:updateAndGet(139)) - om1: start om1@group-C5BA1605619E-FollowerState
2023-04-11 11:25:16,716 [om1-impl-thread1] INFO  util.JmxRegister (JmxRegister.java:tryRegister(44)) - Successfully registered JMX Bean with object name Ratis:service=RaftServer,group=group-C5BA1605619E,id=om1
2023-04-11 11:25:16,716 [om1@group-C5BA1605619E-FollowerState] INFO  server.RaftServerConfigKeys (ConfUtils.java:logFallback(53)) - raft.server.rpc.first-election.timeout.min = 1s (fallback to raft.server.rpc.timeout.min)
2023-04-11 11:25:16,716 [om1-impl-thread1] INFO  server.RaftServerConfigKeys (ConfUtils.java:logGet(46)) - raft.server.snapshot.auto.trigger.enabled = true (custom)
2023-04-11 11:25:16,716 [om1@group-C5BA1605619E-FollowerState] INFO  server.RaftServerConfigKeys (ConfUtils.java:logFallback(53)) - raft.server.rpc.first-election.timeout.max = 1200ms (fallback to raft.server.rpc.timeout.max)
2023-04-11 11:25:16,716 [om1-impl-thread1] INFO  server.RaftServerConfigKeys (ConfUtils.java:logGet(46)) - raft.server.snapshot.auto.trigger.threshold = 400000 (default)
2023-04-11 11:25:16,717 [om1-impl-thread1] INFO  server.RaftServerConfigKeys (ConfUtils.java:logGet(46)) - raft.server.snapshot.retention.file.num = -1 (default)
2023-04-11 11:25:16,717 [om1-impl-thread1] INFO  server.RaftServerConfigKeys (ConfUtils.java:logGet(46)) - raft.server.log.purge.upto.snapshot.index = true (custom)
2023-04-11 11:25:16,717 [Listener at 127.0.0.1/39679] INFO  server.RaftServer (RaftServerProxy.java:startImpl(393)) - om1: start RPC server
2023-04-11 11:25:16,720 [Listener at 127.0.0.1/39679] INFO  server.GrpcService (GrpcService.java:startImpl(262)) - om1: GrpcService started, listening on 9872
2023-04-11 11:25:16,720 [Listener at 127.0.0.1/39679] INFO  om.OzoneManager (OzoneManager.java:start(1579)) - Version File has different layout version (3) than OM DB (null). That is expected if this OM has never been finalized to a newer layout version.
2023-04-11 11:25:16,720 [JvmPauseMonitor11] INFO  util.JvmPauseMonitor (JvmPauseMonitor.java:run(105)) - JvmPauseMonitor-om1: Started
2023-04-11 11:25:16,723 [Listener at 127.0.0.1/39679] INFO  http.BaseHttpServer (BaseHttpServer.java:newHttpServer2BuilderForOzone(224)) - Starting Web-server for ozoneManager at: http://0.0.0.0:0
2023-04-11 11:25:16,724 [Listener at 127.0.0.1/39679] INFO  http.BaseHttpServer (BaseHttpServer.java:<init>(111)) - Hadoop Security Enabled: false Ozone Security Enabled: false Ozone HTTP Security Enabled: false 
2023-04-11 11:25:16,726 [Listener at 127.0.0.1/39679] WARN  server.AuthenticationFilter (AuthenticationFilter.java:constructSecretProvider(240)) - Unable to initialize FileSignerSecretProvider, falling back to use random secrets. Reason: Could not read signature secret file: /home/runner/hadoop-http-auth-signature-secret
2023-04-11 11:25:16,727 [Listener at 127.0.0.1/39679] WARN  http.HttpRequestLog (HttpRequestLog.java:getRequestLog(103)) - Jetty request log can only be enabled using Log4j
2023-04-11 11:25:16,728 [Listener at 127.0.0.1/39679] INFO  http.HttpServer2 (HttpServer2.java:addGlobalFilter(1031)) - Added global filter 'safety' (class=org.apache.hadoop.hdds.server.http.HttpServer2$QuotingInputFilter)
2023-04-11 11:25:16,731 [Listener at 127.0.0.1/39679] INFO  http.HttpServer2 (HttpServer2.java:addFilter(1007)) - Added filter static_user_filter (class=org.apache.hadoop.http.lib.StaticUserWebFilter$StaticUserFilter) to context ozoneManager
2023-04-11 11:25:16,731 [Listener at 127.0.0.1/39679] INFO  http.HttpServer2 (HttpServer2.java:addFilter(1015)) - Added filter static_user_filter (class=org.apache.hadoop.http.lib.StaticUserWebFilter$StaticUserFilter) to context static
2023-04-11 11:25:16,731 [Listener at 127.0.0.1/39679] INFO  http.HttpServer2 (HttpServer2.java:addFilter(1015)) - Added filter static_user_filter (class=org.apache.hadoop.http.lib.StaticUserWebFilter$StaticUserFilter) to context logs
2023-04-11 11:25:16,732 [Listener at 127.0.0.1/39679] INFO  http.BaseHttpServer (BaseHttpServer.java:<init>(190)) - HTTP server of ozoneManager uses base directory /home/runner/work/ozone/ozone/hadoop-ozone/integration-test/target/test-dir/MiniOzoneClusterImpl-1c4368e0-208c-48c5-9b0c-56c20ccf1352/ozone-meta/webserver
2023-04-11 11:25:16,732 [Listener at 127.0.0.1/39679] INFO  http.HttpServer2 (HttpServer2.java:bindListener(1250)) - Jetty bound to port 41689
2023-04-11 11:25:16,732 [Listener at 127.0.0.1/39679] INFO  server.Server (Server.java:doStart(375)) - jetty-9.4.49.v20220914; built: 2022-09-14T01:07:36.601Z; git: 4231a3b2e4cb8548a412a789936d640a97b1aa0a; jvm 1.8.0_362-b09
2023-04-11 11:25:16,737 [Listener at 127.0.0.1/39679] INFO  server.session (DefaultSessionIdManager.java:doStart(334)) - DefaultSessionIdManager workerName=node0
2023-04-11 11:25:16,737 [Listener at 127.0.0.1/39679] INFO  server.session (DefaultSessionIdManager.java:doStart(339)) - No SessionScavenger set, using defaults
2023-04-11 11:25:16,737 [Listener at 127.0.0.1/39679] INFO  server.session (HouseKeeper.java:startScavenging(132)) - node0 Scavenging every 600000ms
2023-04-11 11:25:16,738 [Listener at 127.0.0.1/39679] INFO  handler.ContextHandler (ContextHandler.java:doStart(921)) - Started o.e.j.s.ServletContextHandler@a515665{logs,/logs,file:///home/runner/work/ozone/ozone/hadoop-ozone/integration-test/target/log,AVAILABLE}
2023-04-11 11:25:16,738 [Listener at 127.0.0.1/39679] INFO  handler.ContextHandler (ContextHandler.java:doStart(921)) - Started o.e.j.s.ServletContextHandler@632488f6{static,/static,file:///home/runner/work/ozone/ozone/hadoop-ozone/integration-test/target/test-classes/webapps/static,AVAILABLE}
2023-04-11 11:25:16,742 [Listener at 127.0.0.1/39679] INFO  handler.ContextHandler (ContextHandler.java:doStart(921)) - Started o.e.j.w.WebAppContext@4ebd659{ozoneManager,/,file:///home/runner/work/ozone/ozone/hadoop-ozone/integration-test/target/test-classes/webapps/ozoneManager/,AVAILABLE}{file:/home/runner/work/ozone/ozone/hadoop-ozone/integration-test/target/test-classes/webapps/ozoneManager}
2023-04-11 11:25:16,743 [Listener at 127.0.0.1/39679] INFO  server.AbstractConnector (AbstractConnector.java:doStart(333)) - Started ServerConnector@4b832de6{HTTP/1.1, (http/1.1)}{0.0.0.0:41689}
2023-04-11 11:25:16,743 [Listener at 127.0.0.1/39679] INFO  server.Server (Server.java:doStart(415)) - Started @131370ms
2023-04-11 11:25:16,743 [Listener at 127.0.0.1/39679] WARN  impl.MetricsSystemImpl (MetricsSystemImpl.java:register(279)) - Sink prometheus already exists!
2023-04-11 11:25:16,744 [Listener at 127.0.0.1/39679] INFO  http.BaseHttpServer (BaseHttpServer.java:updateConnectorAddress(344)) - HTTP server of ozoneManager listening at http://0.0.0.0:41689
2023-04-11 11:25:16,745 [IPC Server Responder] INFO  ipc.Server (Server.java:run(1558)) - IPC Server Responder: starting
2023-04-11 11:25:16,745 [IPC Server listener on 0] INFO  ipc.Server (Server.java:run(1398)) - IPC Server listener on 0: starting
2023-04-11 11:25:16,748 [Listener at 127.0.0.1/39679] INFO  om.TrashPolicyOzone (TrashPolicyOzone.java:<init>(277)) - Ozone Manager trash configuration: Deletion interval = 0 minutes, Emptier interval = 0 minutes.
2023-04-11 11:25:16,760 [Listener at 127.0.0.1/39679] WARN  impl.MetricRegistriesImpl (MetricRegistriesImpl.java:addReporterRegistration(111)) - New reporters are added after registries were created. Some metrics will be missing from the reporter. Please add reporter before adding any new registry.
2023-04-11 11:25:16,760 [Listener at 127.0.0.1/39679] WARN  impl.MetricRegistriesImpl (MetricRegistriesImpl.java:addReporterRegistration(111)) - New reporters are added after registries were created. Some metrics will be missing from the reporter. Please add reporter before adding any new registry.
2023-04-11 11:25:16,760 [Listener at 127.0.0.1/39679] INFO  impl.MetricsSystemImpl (MetricsSystemImpl.java:init(158)) - HddsDatanode metrics system started (again)
2023-04-11 11:25:16,762 [org.apache.hadoop.util.JvmPauseMonitor$Monitor@6ad5f700] INFO  util.JvmPauseMonitor (JvmPauseMonitor.java:run(188)) - Starting JVM pause monitor
2023-04-11 11:25:16,772 [Listener at 127.0.0.1/39679] INFO  ozone.HddsDatanodeService (HddsDatanodeService.java:start(252)) - HddsDatanodeService host:fv-az590-525.scpgifznvsounmmscp2whtfmwe.cx.internal.cloudapp.net ip:10.1.0.37
2023-04-11 11:25:16,792 [Listener at 127.0.0.1/39679] INFO  upgrade.AbstractLayoutVersionManager (AbstractLayoutVersionManager.java:init(83)) - Initializing Layout version manager with metadata layout = WEBUI_PORTS_IN_DATANODEDETAILS (version = 6), software layout = WEBUI_PORTS_IN_DATANODEDETAILS (version = 6)
2023-04-11 11:25:16,838 [Listener at 127.0.0.1/39679] INFO  reflections.Reflections (Reflections.java:scan(232)) - Reflections took 45 ms to scan 7 urls, producing 156 keys and 369 values 
2023-04-11 11:25:16,840 [Listener at 127.0.0.1/39679] INFO  statemachine.DatanodeStateMachine (DatanodeStateMachine.java:getEndPointTaskThreadPoolSize(260)) - Datanode State Machine Task Thread Pool size 2
2023-04-11 11:25:16,844 [Listener at 127.0.0.1/39679] INFO  volume.HddsVolume (HddsVolume.java:<init>(130)) - Creating HddsVolume: /home/runner/work/ozone/ozone/hadoop-ozone/integration-test/target/test-dir/MiniOzoneClusterImpl-1c4368e0-208c-48c5-9b0c-56c20ccf1352/datanode-0/data-0/containers/hdds of storage type : DISK capacity : 9223372036854775807
2023-04-11 11:25:16,844 [Listener at 127.0.0.1/39679] INFO  volume.MutableVolumeSet (MutableVolumeSet.java:initializeVolumeSet(175)) - Added Volume : /home/runner/work/ozone/ozone/hadoop-ozone/integration-test/target/test-dir/MiniOzoneClusterImpl-1c4368e0-208c-48c5-9b0c-56c20ccf1352/datanode-0/data-0/containers/hdds to VolumeSet
2023-04-11 11:25:16,845 [Listener at 127.0.0.1/39679] INFO  volume.ThrottledAsyncChecker (ThrottledAsyncChecker.java:schedule(141)) - Scheduling a check for /home/runner/work/ozone/ozone/hadoop-ozone/integration-test/target/test-dir/MiniOzoneClusterImpl-1c4368e0-208c-48c5-9b0c-56c20ccf1352/datanode-0/data-0/containers/hdds
2023-04-11 11:25:16,845 [Listener at 127.0.0.1/39679] INFO  volume.StorageVolumeChecker (StorageVolumeChecker.java:checkAllVolumes(202)) - Scheduled health check for volume /home/runner/work/ozone/ozone/hadoop-ozone/integration-test/target/test-dir/MiniOzoneClusterImpl-1c4368e0-208c-48c5-9b0c-56c20ccf1352/datanode-0/data-0/containers/hdds
2023-04-11 11:25:16,856 [Listener at 127.0.0.1/39679] INFO  volume.MutableVolumeSet (MutableVolumeSet.java:initializeVolumeSet(175)) - Added Volume : /home/runner/work/ozone/ozone/hadoop-ozone/integration-test/target/test-dir/MiniOzoneClusterImpl-1c4368e0-208c-48c5-9b0c-56c20ccf1352/datanode-0/data/ratis to VolumeSet
2023-04-11 11:25:16,856 [Listener at 127.0.0.1/39679] INFO  volume.ThrottledAsyncChecker (ThrottledAsyncChecker.java:schedule(141)) - Scheduling a check for /home/runner/work/ozone/ozone/hadoop-ozone/integration-test/target/test-dir/MiniOzoneClusterImpl-1c4368e0-208c-48c5-9b0c-56c20ccf1352/datanode-0/data/ratis
2023-04-11 11:25:16,856 [Listener at 127.0.0.1/39679] INFO  volume.StorageVolumeChecker (StorageVolumeChecker.java:checkAllVolumes(202)) - Scheduled health check for volume /home/runner/work/ozone/ozone/hadoop-ozone/integration-test/target/test-dir/MiniOzoneClusterImpl-1c4368e0-208c-48c5-9b0c-56c20ccf1352/datanode-0/data/ratis
2023-04-11 11:25:16,867 [Thread-989] INFO  ozoneimpl.ContainerReader (ContainerReader.java:readVolume(175)) - Finish verifying containers on volume /home/runner/work/ozone/ozone/hadoop-ozone/integration-test/target/test-dir/MiniOzoneClusterImpl-1c4368e0-208c-48c5-9b0c-56c20ccf1352/datanode-0/data-0/containers/hdds
2023-04-11 11:25:16,867 [Listener at 127.0.0.1/39679] INFO  ozoneimpl.OzoneContainer (OzoneContainer.java:buildContainerSet(303)) - Build ContainerSet costs 0s
2023-04-11 11:25:16,869 [Listener at 127.0.0.1/39679] INFO  server.RaftServer (ConfUtils.java:logGet(46)) - raft.rpc.type = GRPC (default)
2023-04-11 11:25:16,869 [Listener at 127.0.0.1/39679] INFO  grpc.GrpcConfigKeys (ConfUtils.java:logFallback(53)) - raft.grpc.admin.host = null (fallback to raft.grpc.server.host)
2023-04-11 11:25:16,869 [Listener at 127.0.0.1/39679] INFO  grpc.GrpcConfigKeys (ConfUtils.java:logGet(46)) - raft.grpc.admin.port = 0 (custom)
2023-04-11 11:25:16,869 [Listener at 127.0.0.1/39679] INFO  grpc.GrpcConfigKeys (ConfUtils.java:logFallback(53)) - raft.grpc.client.host = null (fallback to raft.grpc.server.host)
2023-04-11 11:25:16,869 [Listener at 127.0.0.1/39679] INFO  grpc.GrpcConfigKeys (ConfUtils.java:logGet(46)) - raft.grpc.client.port = 0 (custom)
2023-04-11 11:25:16,869 [Listener at 127.0.0.1/39679] INFO  grpc.GrpcConfigKeys (ConfUtils.java:logGet(46)) - raft.grpc.server.host = null (default)
2023-04-11 11:25:16,869 [Listener at 127.0.0.1/39679] INFO  grpc.GrpcConfigKeys (ConfUtils.java:logGet(46)) - raft.grpc.server.port = 0 (default)
2023-04-11 11:25:16,870 [Listener at 127.0.0.1/39679] INFO  server.GrpcService (ConfUtils.java:logGet(46)) - raft.grpc.message.size.max = 32MB (=33554432) (custom)
2023-04-11 11:25:16,870 [Listener at 127.0.0.1/39679] INFO  server.RaftServerConfigKeys (ConfUtils.java:logGet(46)) - raft.server.log.appender.buffer.byte-limit = 33554432 (custom)
2023-04-11 11:25:16,870 [Listener at 127.0.0.1/39679] INFO  server.GrpcService (ConfUtils.java:logGet(46)) - raft.grpc.flow.control.window = 5MB (=5242880) (custom)
2023-04-11 11:25:16,870 [Listener at 127.0.0.1/39679] INFO  server.RaftServerConfigKeys (ConfUtils.java:logGet(46)) - raft.server.rpc.request.timeout = 60s (custom)
2023-04-11 11:25:16,870 [Listener at 127.0.0.1/39679] INFO  grpc.GrpcConfigKeys (ConfUtils.java:logGet(46)) - raft.grpc.server.heartbeat.channel = true (default)
2023-04-11 11:25:16,870 [Listener at 127.0.0.1/39679] INFO  grpc.GrpcConfigKeys (ConfUtils.java:logGet(46)) - raft.grpc.server.async.request.thread.pool.cached = true (default)
2023-04-11 11:25:16,870 [Listener at 127.0.0.1/39679] INFO  grpc.GrpcConfigKeys (ConfUtils.java:logGet(46)) - raft.grpc.server.async.request.thread.pool.size = 32 (default)
2023-04-11 11:25:16,871 [Listener at 127.0.0.1/39679] INFO  impl.DataStreamServerImpl (ConfUtils.java:logGet(46)) - raft.datastream.type = NETTY (custom)
2023-04-11 11:25:16,871 [Listener at 127.0.0.1/39679] INFO  server.RaftServerConfigKeys (ConfUtils.java:logGet(46)) - raft.server.data-stream.async.request.thread.pool.cached = false (default)
2023-04-11 11:25:16,872 [Listener at 127.0.0.1/39679] INFO  server.RaftServerConfigKeys (ConfUtils.java:logGet(46)) - raft.server.data-stream.async.request.thread.pool.size = 20 (custom)
2023-04-11 11:25:16,872 [Listener at 127.0.0.1/39679] INFO  server.RaftServerConfigKeys (ConfUtils.java:logGet(46)) - raft.server.data-stream.async.write.thread.pool.size = 16 (default)
2023-04-11 11:25:16,872 [Listener at 127.0.0.1/39679] INFO  server.RaftServerConfigKeys (ConfUtils.java:logGet(46)) - raft.server.data-stream.client.pool.size = 10 (default)
2023-04-11 11:25:16,872 [Listener at 127.0.0.1/39679] INFO  netty.NettyConfigKeys$DataStream (ConfUtils.java:logGet(46)) - raft.netty.dataStream.server.use-epoll = false (default)
2023-04-11 11:25:16,872 [Listener at 127.0.0.1/39679] INFO  netty.NettyConfigKeys$DataStream (ConfUtils.java:logGet(46)) - raft.netty.dataStream.server.boss-group.size = 0 (default)
2023-04-11 11:25:16,872 [Listener at 127.0.0.1/39679] INFO  netty.NettyConfigKeys$DataStream (ConfUtils.java:logGet(46)) - raft.netty.dataStream.server.worker-group.size = 0 (default)
2023-04-11 11:25:16,873 [Listener at 127.0.0.1/39679] INFO  netty.NettyConfigKeys$DataStream (ConfUtils.java:logGet(46)) - raft.netty.dataStream.server.tls.conf = null (default)
2023-04-11 11:25:16,873 [Listener at 127.0.0.1/39679] INFO  netty.NettyConfigKeys$DataStream (ConfUtils.java:logGet(46)) - raft.netty.dataStream.host = null (default)
2023-04-11 11:25:16,873 [Listener at 127.0.0.1/39679] INFO  netty.NettyConfigKeys$DataStream (ConfUtils.java:logGet(46)) - raft.netty.dataStream.port = 0 (default)
2023-04-11 11:25:16,873 [Listener at 127.0.0.1/39679] INFO  server.RaftServerConfigKeys (ConfUtils.java:logGet(46)) - raft.server.threadpool.proxy.cached = true (default)
2023-04-11 11:25:16,873 [Listener at 127.0.0.1/39679] INFO  server.RaftServerConfigKeys (ConfUtils.java:logGet(46)) - raft.server.threadpool.proxy.size = 0 (default)
2023-04-11 11:25:16,874 [Listener at 127.0.0.1/39679] INFO  server.RaftServerConfigKeys (ConfUtils.java:logGet(46)) - raft.server.rpc.slowness.timeout = 300s (custom)
2023-04-11 11:25:16,874 [Listener at 127.0.0.1/39679] INFO  server.RaftServerConfigKeys (ConfUtils.java:logGet(46)) - raft.server.leaderelection.leader.step-down.wait-time = 10s (default)
2023-04-11 11:25:16,874 [Listener at 127.0.0.1/39679] INFO  server.RaftServerConfigKeys (ConfUtils.java:logGet(46)) - raft.server.storage.dir = [/home/runner/work/ozone/ozone/hadoop-ozone/integration-test/target/test-dir/MiniOzoneClusterImpl-1c4368e0-208c-48c5-9b0c-56c20ccf1352/datanode-0/data/ratis] (custom)
2023-04-11 11:25:16,875 [Listener at 127.0.0.1/39679] INFO  server.XceiverServerGrpc (XceiverServerGrpc.java:<init>(132)) - GrpcServer channel type EpollServerSocketChannel
2023-04-11 11:25:16,876 [27a39a48-bb81-47fe-95ba-2ac18a68ea79-NettyServerStreamRpc-bossGroup--thread1] INFO  logging.LoggingHandler (AbstractInternalLogger.java:log(148)) - [id: 0xa2006a40] REGISTERED
2023-04-11 11:25:16,876 [27a39a48-bb81-47fe-95ba-2ac18a68ea79-NettyServerStreamRpc-bossGroup--thread1] INFO  logging.LoggingHandler (AbstractInternalLogger.java:log(148)) - [id: 0xa2006a40] BIND: 0.0.0.0/0.0.0.0:0
2023-04-11 11:25:16,877 [27a39a48-bb81-47fe-95ba-2ac18a68ea79-NettyServerStreamRpc-bossGroup--thread1] INFO  logging.LoggingHandler (AbstractInternalLogger.java:log(148)) - [id: 0xa2006a40, L:/0:0:0:0:0:0:0:0:45441] ACTIVE
2023-04-11 11:25:16,878 [Listener at 127.0.0.1/39679] INFO  http.BaseHttpServer (BaseHttpServer.java:newHttpServer2BuilderForOzone(224)) - Starting Web-server for hddsDatanode at: http://0.0.0.0:0
2023-04-11 11:25:16,878 [Listener at 127.0.0.1/39679] INFO  http.BaseHttpServer (BaseHttpServer.java:<init>(111)) - Hadoop Security Enabled: false Ozone Security Enabled: false Ozone HTTP Security Enabled: false 
2023-04-11 11:25:16,879 [Listener at 127.0.0.1/39679] WARN  server.AuthenticationFilter (AuthenticationFilter.java:constructSecretProvider(240)) - Unable to initialize FileSignerSecretProvider, falling back to use random secrets. Reason: Could not read signature secret file: /home/runner/hadoop-http-auth-signature-secret
2023-04-11 11:25:16,879 [Listener at 127.0.0.1/39679] WARN  http.HttpRequestLog (HttpRequestLog.java:getRequestLog(103)) - Jetty request log can only be enabled using Log4j
2023-04-11 11:25:16,881 [Listener at 127.0.0.1/39679] INFO  http.HttpServer2 (HttpServer2.java:addGlobalFilter(1031)) - Added global filter 'safety' (class=org.apache.hadoop.hdds.server.http.HttpServer2$QuotingInputFilter)
2023-04-11 11:25:16,881 [Listener at 127.0.0.1/39679] INFO  http.HttpServer2 (HttpServer2.java:addFilter(1007)) - Added filter static_user_filter (class=org.apache.hadoop.http.lib.StaticUserWebFilter$StaticUserFilter) to context hddsDatanode
2023-04-11 11:25:16,881 [Listener at 127.0.0.1/39679] INFO  http.HttpServer2 (HttpServer2.java:addFilter(1015)) - Added filter static_user_filter (class=org.apache.hadoop.http.lib.StaticUserWebFilter$StaticUserFilter) to context logs
2023-04-11 11:25:16,881 [Listener at 127.0.0.1/39679] INFO  http.HttpServer2 (HttpServer2.java:addFilter(1015)) - Added filter static_user_filter (class=org.apache.hadoop.http.lib.StaticUserWebFilter$StaticUserFilter) to context static
2023-04-11 11:25:16,882 [Listener at 127.0.0.1/39679] INFO  http.BaseHttpServer (BaseHttpServer.java:<init>(190)) - HTTP server of hddsDatanode uses base directory /home/runner/work/ozone/ozone/hadoop-ozone/integration-test/target/test-dir/MiniOzoneClusterImpl-1c4368e0-208c-48c5-9b0c-56c20ccf1352/datanode-0/meta/webserver
2023-04-11 11:25:16,882 [Listener at 127.0.0.1/39679] INFO  http.HttpServer2 (HttpServer2.java:bindListener(1250)) - Jetty bound to port 42371
2023-04-11 11:25:16,882 [Listener at 127.0.0.1/39679] INFO  server.Server (Server.java:doStart(375)) - jetty-9.4.49.v20220914; built: 2022-09-14T01:07:36.601Z; git: 4231a3b2e4cb8548a412a789936d640a97b1aa0a; jvm 1.8.0_362-b09
2023-04-11 11:25:16,884 [Listener at 127.0.0.1/39679] INFO  server.session (DefaultSessionIdManager.java:doStart(334)) - DefaultSessionIdManager workerName=node0
2023-04-11 11:25:16,884 [Listener at 127.0.0.1/39679] INFO  server.session (DefaultSessionIdManager.java:doStart(339)) - No SessionScavenger set, using defaults
2023-04-11 11:25:16,884 [Listener at 127.0.0.1/39679] INFO  server.session (HouseKeeper.java:startScavenging(132)) - node0 Scavenging every 660000ms
2023-04-11 11:25:16,885 [Listener at 127.0.0.1/39679] INFO  handler.ContextHandler (ContextHandler.java:doStart(921)) - Started o.e.j.s.ServletContextHandler@13f31bd9{logs,/logs,file:///home/runner/work/ozone/ozone/hadoop-ozone/integration-test/target/log,AVAILABLE}
2023-04-11 11:25:16,885 [Listener at 127.0.0.1/39679] INFO  handler.ContextHandler (ContextHandler.java:doStart(921)) - Started o.e.j.s.ServletContextHandler@1a6972d{static,/static,jar:file:/home/runner/.m2/repository/org/apache/ozone/hdds-container-service/1.4.0-SNAPSHOT/hdds-container-service-1.4.0-SNAPSHOT.jar!/webapps/static,AVAILABLE}
2023-04-11 11:25:17,075 [Listener at 127.0.0.1/39679] INFO  handler.ContextHandler (ContextHandler.java:doStart(921)) - Started o.e.j.w.WebAppContext@e0439fc{hddsDatanode,/,file:///home/runner/work/ozone/ozone/hadoop-ozone/integration-test/target/test-dir/MiniOzoneClusterImpl-1c4368e0-208c-48c5-9b0c-56c20ccf1352/datanode-0/meta/webserver/jetty-0_0_0_0-42371-hdds-container-service-1_4_0-SNAPSHOT_jar-_-any-8500992152745516185/webapp/,AVAILABLE}{jar:file:/home/runner/.m2/repository/org/apache/ozone/hdds-container-service/1.4.0-SNAPSHOT/hdds-container-service-1.4.0-SNAPSHOT.jar!/webapps/hddsDatanode}
2023-04-11 11:25:17,077 [Listener at 127.0.0.1/39679] INFO  server.AbstractConnector (AbstractConnector.java:doStart(333)) - Started ServerConnector@3ffe6b95{HTTP/1.1, (http/1.1)}{0.0.0.0:42371}
2023-04-11 11:25:17,077 [Listener at 127.0.0.1/39679] INFO  server.Server (Server.java:doStart(415)) - Started @131704ms
2023-04-11 11:25:17,077 [Listener at 127.0.0.1/39679] WARN  impl.MetricsSystemImpl (MetricsSystemImpl.java:register(279)) - Sink prometheus already exists!
2023-04-11 11:25:17,078 [Listener at 127.0.0.1/39679] INFO  http.BaseHttpServer (BaseHttpServer.java:updateConnectorAddress(344)) - HTTP server of hddsDatanode listening at http://0.0.0.0:42371
2023-04-11 11:25:17,078 [Datanode State Machine Daemon Thread] INFO  statemachine.DatanodeStateMachine (DatanodeStateMachine.java:lambda$startDaemon$0(517)) - Ozone container server started.
2023-04-11 11:25:17,083 [Listener at 127.0.0.1/39679] WARN  impl.MetricRegistriesImpl (MetricRegistriesImpl.java:addReporterRegistration(111)) - New reporters are added after registries were created. Some metrics will be missing from the reporter. Please add reporter before adding any new registry.
2023-04-11 11:25:17,083 [Listener at 127.0.0.1/39679] WARN  impl.MetricRegistriesImpl (MetricRegistriesImpl.java:addReporterRegistration(111)) - New reporters are added after registries were created. Some metrics will be missing from the reporter. Please add reporter before adding any new registry.
2023-04-11 11:25:17,083 [Listener at 127.0.0.1/39679] INFO  impl.MetricsSystemImpl (MetricsSystemImpl.java:init(158)) - HddsDatanode metrics system started (again)
2023-04-11 11:25:17,094 [Listener at 127.0.0.1/39679] INFO  ozone.HddsDatanodeService (HddsDatanodeService.java:start(252)) - HddsDatanodeService host:fv-az590-525.scpgifznvsounmmscp2whtfmwe.cx.internal.cloudapp.net ip:10.1.0.37
2023-04-11 11:25:17,095 [org.apache.hadoop.util.JvmPauseMonitor$Monitor@5e125bf7] INFO  util.JvmPauseMonitor (JvmPauseMonitor.java:run(188)) - Starting JVM pause monitor
2023-04-11 11:25:17,106 [Datanode State Machine Task Thread - 0] INFO  datanode.InitDatanodeState (InitDatanodeState.java:persistContainerDatanodeDetails(138)) - DatanodeDetails is persisted to /home/runner/work/ozone/ozone/hadoop-ozone/integration-test/target/test-dir/MiniOzoneClusterImpl-1c4368e0-208c-48c5-9b0c-56c20ccf1352/datanode-0/meta/datanode.id
2023-04-11 11:25:17,138 [Listener at 127.0.0.1/39679] INFO  upgrade.AbstractLayoutVersionManager (AbstractLayoutVersionManager.java:init(83)) - Initializing Layout version manager with metadata layout = WEBUI_PORTS_IN_DATANODEDETAILS (version = 6), software layout = WEBUI_PORTS_IN_DATANODEDETAILS (version = 6)
2023-04-11 11:25:17,187 [Listener at 127.0.0.1/39679] INFO  reflections.Reflections (Reflections.java:scan(232)) - Reflections took 45 ms to scan 7 urls, producing 156 keys and 369 values 
2023-04-11 11:25:17,189 [Listener at 127.0.0.1/39679] INFO  statemachine.DatanodeStateMachine (DatanodeStateMachine.java:getEndPointTaskThreadPoolSize(260)) - Datanode State Machine Task Thread Pool size 2
2023-04-11 11:25:17,190 [Listener at 127.0.0.1/39679] INFO  volume.HddsVolume (HddsVolume.java:<init>(130)) - Creating HddsVolume: /home/runner/work/ozone/ozone/hadoop-ozone/integration-test/target/test-dir/MiniOzoneClusterImpl-1c4368e0-208c-48c5-9b0c-56c20ccf1352/datanode-1/data-0/containers/hdds of storage type : DISK capacity : 9223372036854775807
2023-04-11 11:25:17,191 [Listener at 127.0.0.1/39679] INFO  volume.MutableVolumeSet (MutableVolumeSet.java:initializeVolumeSet(175)) - Added Volume : /home/runner/work/ozone/ozone/hadoop-ozone/integration-test/target/test-dir/MiniOzoneClusterImpl-1c4368e0-208c-48c5-9b0c-56c20ccf1352/datanode-1/data-0/containers/hdds to VolumeSet
2023-04-11 11:25:17,191 [Listener at 127.0.0.1/39679] INFO  volume.ThrottledAsyncChecker (ThrottledAsyncChecker.java:schedule(141)) - Scheduling a check for /home/runner/work/ozone/ozone/hadoop-ozone/integration-test/target/test-dir/MiniOzoneClusterImpl-1c4368e0-208c-48c5-9b0c-56c20ccf1352/datanode-1/data-0/containers/hdds
2023-04-11 11:25:17,194 [Listener at 127.0.0.1/39679] INFO  volume.StorageVolumeChecker (StorageVolumeChecker.java:checkAllVolumes(202)) - Scheduled health check for volume /home/runner/work/ozone/ozone/hadoop-ozone/integration-test/target/test-dir/MiniOzoneClusterImpl-1c4368e0-208c-48c5-9b0c-56c20ccf1352/datanode-1/data-0/containers/hdds
2023-04-11 11:25:17,208 [Listener at 127.0.0.1/39679] INFO  volume.MutableVolumeSet (MutableVolumeSet.java:initializeVolumeSet(175)) - Added Volume : /home/runner/work/ozone/ozone/hadoop-ozone/integration-test/target/test-dir/MiniOzoneClusterImpl-1c4368e0-208c-48c5-9b0c-56c20ccf1352/datanode-1/data/ratis to VolumeSet
2023-04-11 11:25:17,208 [Listener at 127.0.0.1/39679] INFO  volume.ThrottledAsyncChecker (ThrottledAsyncChecker.java:schedule(141)) - Scheduling a check for /home/runner/work/ozone/ozone/hadoop-ozone/integration-test/target/test-dir/MiniOzoneClusterImpl-1c4368e0-208c-48c5-9b0c-56c20ccf1352/datanode-1/data/ratis
2023-04-11 11:25:17,208 [Listener at 127.0.0.1/39679] INFO  volume.StorageVolumeChecker (StorageVolumeChecker.java:checkAllVolumes(202)) - Scheduled health check for volume /home/runner/work/ozone/ozone/hadoop-ozone/integration-test/target/test-dir/MiniOzoneClusterImpl-1c4368e0-208c-48c5-9b0c-56c20ccf1352/datanode-1/data/ratis
2023-04-11 11:25:17,219 [Thread-1003] INFO  ozoneimpl.ContainerReader (ContainerReader.java:readVolume(175)) - Finish verifying containers on volume /home/runner/work/ozone/ozone/hadoop-ozone/integration-test/target/test-dir/MiniOzoneClusterImpl-1c4368e0-208c-48c5-9b0c-56c20ccf1352/datanode-1/data-0/containers/hdds
2023-04-11 11:25:17,219 [Listener at 127.0.0.1/39679] INFO  ozoneimpl.OzoneContainer (OzoneContainer.java:buildContainerSet(303)) - Build ContainerSet costs 0s
2023-04-11 11:25:17,221 [Listener at 127.0.0.1/39679] INFO  server.RaftServer (ConfUtils.java:logGet(46)) - raft.rpc.type = GRPC (default)
2023-04-11 11:25:17,221 [Listener at 127.0.0.1/39679] INFO  grpc.GrpcConfigKeys (ConfUtils.java:logFallback(53)) - raft.grpc.admin.host = null (fallback to raft.grpc.server.host)
2023-04-11 11:25:17,221 [Listener at 127.0.0.1/39679] INFO  grpc.GrpcConfigKeys (ConfUtils.java:logGet(46)) - raft.grpc.admin.port = 0 (custom)
2023-04-11 11:25:17,221 [Listener at 127.0.0.1/39679] INFO  grpc.GrpcConfigKeys (ConfUtils.java:logFallback(53)) - raft.grpc.client.host = null (fallback to raft.grpc.server.host)
2023-04-11 11:25:17,221 [Listener at 127.0.0.1/39679] INFO  grpc.GrpcConfigKeys (ConfUtils.java:logGet(46)) - raft.grpc.client.port = 0 (custom)
2023-04-11 11:25:17,221 [Listener at 127.0.0.1/39679] INFO  grpc.GrpcConfigKeys (ConfUtils.java:logGet(46)) - raft.grpc.server.host = null (default)
2023-04-11 11:25:17,221 [Listener at 127.0.0.1/39679] INFO  grpc.GrpcConfigKeys (ConfUtils.java:logGet(46)) - raft.grpc.server.port = 0 (default)
2023-04-11 11:25:17,222 [Listener at 127.0.0.1/39679] INFO  server.GrpcService (ConfUtils.java:logGet(46)) - raft.grpc.message.size.max = 32MB (=33554432) (custom)
2023-04-11 11:25:17,222 [Listener at 127.0.0.1/39679] INFO  server.RaftServerConfigKeys (ConfUtils.java:logGet(46)) - raft.server.log.appender.buffer.byte-limit = 33554432 (custom)
2023-04-11 11:25:17,222 [Listener at 127.0.0.1/39679] INFO  server.GrpcService (ConfUtils.java:logGet(46)) - raft.grpc.flow.control.window = 5MB (=5242880) (custom)
2023-04-11 11:25:17,222 [Listener at 127.0.0.1/39679] INFO  server.RaftServerConfigKeys (ConfUtils.java:logGet(46)) - raft.server.rpc.request.timeout = 60s (custom)
2023-04-11 11:25:17,222 [Listener at 127.0.0.1/39679] INFO  grpc.GrpcConfigKeys (ConfUtils.java:logGet(46)) - raft.grpc.server.heartbeat.channel = true (default)
2023-04-11 11:25:17,222 [Listener at 127.0.0.1/39679] INFO  grpc.GrpcConfigKeys (ConfUtils.java:logGet(46)) - raft.grpc.server.async.request.thread.pool.cached = true (default)
2023-04-11 11:25:17,222 [Listener at 127.0.0.1/39679] INFO  grpc.GrpcConfigKeys (ConfUtils.java:logGet(46)) - raft.grpc.server.async.request.thread.pool.size = 32 (default)
2023-04-11 11:25:17,223 [Listener at 127.0.0.1/39679] INFO  impl.DataStreamServerImpl (ConfUtils.java:logGet(46)) - raft.datastream.type = NETTY (custom)
2023-04-11 11:25:17,223 [Listener at 127.0.0.1/39679] INFO  server.RaftServerConfigKeys (ConfUtils.java:logGet(46)) - raft.server.data-stream.async.request.thread.pool.cached = false (default)
2023-04-11 11:25:17,224 [Listener at 127.0.0.1/39679] INFO  server.RaftServerConfigKeys (ConfUtils.java:logGet(46)) - raft.server.data-stream.async.request.thread.pool.size = 20 (custom)
2023-04-11 11:25:17,224 [Listener at 127.0.0.1/39679] INFO  server.RaftServerConfigKeys (ConfUtils.java:logGet(46)) - raft.server.data-stream.async.write.thread.pool.size = 16 (default)
2023-04-11 11:25:17,224 [Listener at 127.0.0.1/39679] INFO  server.RaftServerConfigKeys (ConfUtils.java:logGet(46)) - raft.server.data-stream.client.pool.size = 10 (default)
2023-04-11 11:25:17,224 [Listener at 127.0.0.1/39679] INFO  netty.NettyConfigKeys$DataStream (ConfUtils.java:logGet(46)) - raft.netty.dataStream.server.use-epoll = false (default)
2023-04-11 11:25:17,224 [Listener at 127.0.0.1/39679] INFO  netty.NettyConfigKeys$DataStream (ConfUtils.java:logGet(46)) - raft.netty.dataStream.server.boss-group.size = 0 (default)
2023-04-11 11:25:17,224 [Listener at 127.0.0.1/39679] INFO  netty.NettyConfigKeys$DataStream (ConfUtils.java:logGet(46)) - raft.netty.dataStream.server.worker-group.size = 0 (default)
2023-04-11 11:25:17,225 [Listener at 127.0.0.1/39679] INFO  netty.NettyConfigKeys$DataStream (ConfUtils.java:logGet(46)) - raft.netty.dataStream.server.tls.conf = null (default)
2023-04-11 11:25:17,225 [Listener at 127.0.0.1/39679] INFO  netty.NettyConfigKeys$DataStream (ConfUtils.java:logGet(46)) - raft.netty.dataStream.host = null (default)
2023-04-11 11:25:17,225 [Listener at 127.0.0.1/39679] INFO  netty.NettyConfigKeys$DataStream (ConfUtils.java:logGet(46)) - raft.netty.dataStream.port = 0 (default)
2023-04-11 11:25:17,229 [Listener at 127.0.0.1/39679] INFO  server.RaftServerConfigKeys (ConfUtils.java:logGet(46)) - raft.server.threadpool.proxy.cached = true (default)
2023-04-11 11:25:17,229 [Listener at 127.0.0.1/39679] INFO  server.RaftServerConfigKeys (ConfUtils.java:logGet(46)) - raft.server.threadpool.proxy.size = 0 (default)
2023-04-11 11:25:17,229 [Listener at 127.0.0.1/39679] INFO  server.RaftServerConfigKeys (ConfUtils.java:logGet(46)) - raft.server.rpc.slowness.timeout = 300s (custom)
2023-04-11 11:25:17,229 [Listener at 127.0.0.1/39679] INFO  server.RaftServerConfigKeys (ConfUtils.java:logGet(46)) - raft.server.leaderelection.leader.step-down.wait-time = 10s (default)
2023-04-11 11:25:17,229 [Listener at 127.0.0.1/39679] INFO  server.RaftServerConfigKeys (ConfUtils.java:logGet(46)) - raft.server.storage.dir = [/home/runner/work/ozone/ozone/hadoop-ozone/integration-test/target/test-dir/MiniOzoneClusterImpl-1c4368e0-208c-48c5-9b0c-56c20ccf1352/datanode-1/data/ratis] (custom)
2023-04-11 11:25:17,232 [05ccd17e-9552-4505-90bd-a622c50008e8-NettyServerStreamRpc-bossGroup--thread1] INFO  logging.LoggingHandler (AbstractInternalLogger.java:log(148)) - [id: 0x56f6115f] REGISTERED
2023-04-11 11:25:17,232 [05ccd17e-9552-4505-90bd-a622c50008e8-NettyServerStreamRpc-bossGroup--thread1] INFO  logging.LoggingHandler (AbstractInternalLogger.java:log(148)) - [id: 0x56f6115f] BIND: 0.0.0.0/0.0.0.0:0
2023-04-11 11:25:17,233 [05ccd17e-9552-4505-90bd-a622c50008e8-NettyServerStreamRpc-bossGroup--thread1] INFO  logging.LoggingHandler (AbstractInternalLogger.java:log(148)) - [id: 0x56f6115f, L:/0:0:0:0:0:0:0:0:46539] ACTIVE
2023-04-11 11:25:17,233 [Listener at 127.0.0.1/39679] INFO  server.XceiverServerGrpc (XceiverServerGrpc.java:<init>(132)) - GrpcServer channel type EpollServerSocketChannel
2023-04-11 11:25:17,240 [Listener at 127.0.0.1/39679] INFO  http.BaseHttpServer (BaseHttpServer.java:newHttpServer2BuilderForOzone(224)) - Starting Web-server for hddsDatanode at: http://0.0.0.0:0
2023-04-11 11:25:17,240 [Listener at 127.0.0.1/39679] INFO  http.BaseHttpServer (BaseHttpServer.java:<init>(111)) - Hadoop Security Enabled: false Ozone Security Enabled: false Ozone HTTP Security Enabled: false 
2023-04-11 11:25:17,242 [Listener at 127.0.0.1/39679] WARN  server.AuthenticationFilter (AuthenticationFilter.java:constructSecretProvider(240)) - Unable to initialize FileSignerSecretProvider, falling back to use random secrets. Reason: Could not read signature secret file: /home/runner/hadoop-http-auth-signature-secret
2023-04-11 11:25:17,245 [Listener at 127.0.0.1/39679] WARN  http.HttpRequestLog (HttpRequestLog.java:getRequestLog(103)) - Jetty request log can only be enabled using Log4j
2023-04-11 11:25:17,246 [Listener at 127.0.0.1/39679] INFO  http.HttpServer2 (HttpServer2.java:addGlobalFilter(1031)) - Added global filter 'safety' (class=org.apache.hadoop.hdds.server.http.HttpServer2$QuotingInputFilter)
2023-04-11 11:25:17,247 [Listener at 127.0.0.1/39679] INFO  http.HttpServer2 (HttpServer2.java:addFilter(1007)) - Added filter static_user_filter (class=org.apache.hadoop.http.lib.StaticUserWebFilter$StaticUserFilter) to context hddsDatanode
2023-04-11 11:25:17,247 [Listener at 127.0.0.1/39679] INFO  http.HttpServer2 (HttpServer2.java:addFilter(1015)) - Added filter static_user_filter (class=org.apache.hadoop.http.lib.StaticUserWebFilter$StaticUserFilter) to context logs
2023-04-11 11:25:17,247 [Listener at 127.0.0.1/39679] INFO  http.HttpServer2 (HttpServer2.java:addFilter(1015)) - Added filter static_user_filter (class=org.apache.hadoop.http.lib.StaticUserWebFilter$StaticUserFilter) to context static
2023-04-11 11:25:17,248 [Listener at 127.0.0.1/39679] INFO  http.BaseHttpServer (BaseHttpServer.java:<init>(190)) - HTTP server of hddsDatanode uses base directory /home/runner/work/ozone/ozone/hadoop-ozone/integration-test/target/test-dir/MiniOzoneClusterImpl-1c4368e0-208c-48c5-9b0c-56c20ccf1352/datanode-1/meta/webserver
2023-04-11 11:25:17,248 [Listener at 127.0.0.1/39679] INFO  http.HttpServer2 (HttpServer2.java:bindListener(1250)) - Jetty bound to port 33901
2023-04-11 11:25:17,248 [Listener at 127.0.0.1/39679] INFO  server.Server (Server.java:doStart(375)) - jetty-9.4.49.v20220914; built: 2022-09-14T01:07:36.601Z; git: 4231a3b2e4cb8548a412a789936d640a97b1aa0a; jvm 1.8.0_362-b09
2023-04-11 11:25:17,250 [Listener at 127.0.0.1/39679] INFO  server.session (DefaultSessionIdManager.java:doStart(334)) - DefaultSessionIdManager workerName=node0
2023-04-11 11:25:17,250 [Listener at 127.0.0.1/39679] INFO  server.session (DefaultSessionIdManager.java:doStart(339)) - No SessionScavenger set, using defaults
2023-04-11 11:25:17,251 [Listener at 127.0.0.1/39679] INFO  server.session (HouseKeeper.java:startScavenging(132)) - node0 Scavenging every 600000ms
2023-04-11 11:25:17,251 [Listener at 127.0.0.1/39679] INFO  handler.ContextHandler (ContextHandler.java:doStart(921)) - Started o.e.j.s.ServletContextHandler@5f9a87d9{logs,/logs,file:///home/runner/work/ozone/ozone/hadoop-ozone/integration-test/target/log,AVAILABLE}
2023-04-11 11:25:17,252 [Listener at 127.0.0.1/39679] INFO  handler.ContextHandler (ContextHandler.java:doStart(921)) - Started o.e.j.s.ServletContextHandler@3c8a2421{static,/static,jar:file:/home/runner/.m2/repository/org/apache/ozone/hdds-container-service/1.4.0-SNAPSHOT/hdds-container-service-1.4.0-SNAPSHOT.jar!/webapps/static,AVAILABLE}
2023-04-11 11:25:17,456 [Listener at 127.0.0.1/39679] INFO  handler.ContextHandler (ContextHandler.java:doStart(921)) - Started o.e.j.w.WebAppContext@267822f0{hddsDatanode,/,file:///home/runner/work/ozone/ozone/hadoop-ozone/integration-test/target/test-dir/MiniOzoneClusterImpl-1c4368e0-208c-48c5-9b0c-56c20ccf1352/datanode-1/meta/webserver/jetty-0_0_0_0-33901-hdds-container-service-1_4_0-SNAPSHOT_jar-_-any-3635679390424733518/webapp/,AVAILABLE}{jar:file:/home/runner/.m2/repository/org/apache/ozone/hdds-container-service/1.4.0-SNAPSHOT/hdds-container-service-1.4.0-SNAPSHOT.jar!/webapps/hddsDatanode}
2023-04-11 11:25:17,459 [Listener at 127.0.0.1/39679] INFO  server.AbstractConnector (AbstractConnector.java:doStart(333)) - Started ServerConnector@797b8f6e{HTTP/1.1, (http/1.1)}{0.0.0.0:33901}
2023-04-11 11:25:17,459 [Listener at 127.0.0.1/39679] INFO  server.Server (Server.java:doStart(415)) - Started @132086ms
2023-04-11 11:25:17,459 [Listener at 127.0.0.1/39679] WARN  impl.MetricsSystemImpl (MetricsSystemImpl.java:register(279)) - Sink prometheus already exists!
2023-04-11 11:25:17,460 [Listener at 127.0.0.1/39679] INFO  http.BaseHttpServer (BaseHttpServer.java:updateConnectorAddress(344)) - HTTP server of hddsDatanode listening at http://0.0.0.0:33901
2023-04-11 11:25:17,461 [Datanode State Machine Daemon Thread] INFO  statemachine.DatanodeStateMachine (DatanodeStateMachine.java:lambda$startDaemon$0(517)) - Ozone container server started.
2023-04-11 11:25:17,461 [Listener at 127.0.0.1/39679] WARN  impl.MetricRegistriesImpl (MetricRegistriesImpl.java:addReporterRegistration(111)) - New reporters are added after registries were created. Some metrics will be missing from the reporter. Please add reporter before adding any new registry.
2023-04-11 11:25:17,464 [Listener at 127.0.0.1/39679] WARN  impl.MetricRegistriesImpl (MetricRegistriesImpl.java:addReporterRegistration(111)) - New reporters are added after registries were created. Some metrics will be missing from the reporter. Please add reporter before adding any new registry.
2023-04-11 11:25:17,464 [Listener at 127.0.0.1/39679] INFO  impl.MetricsSystemImpl (MetricsSystemImpl.java:init(158)) - HddsDatanode metrics system started (again)
2023-04-11 11:25:17,475 [org.apache.hadoop.util.JvmPauseMonitor$Monitor@190a5033] INFO  util.JvmPauseMonitor (JvmPauseMonitor.java:run(188)) - Starting JVM pause monitor
2023-04-11 11:25:17,479 [Datanode State Machine Task Thread - 0] INFO  datanode.InitDatanodeState (InitDatanodeState.java:persistContainerDatanodeDetails(138)) - DatanodeDetails is persisted to /home/runner/work/ozone/ozone/hadoop-ozone/integration-test/target/test-dir/MiniOzoneClusterImpl-1c4368e0-208c-48c5-9b0c-56c20ccf1352/datanode-1/meta/datanode.id
2023-04-11 11:25:17,480 [Listener at 127.0.0.1/39679] INFO  ozone.HddsDatanodeService (HddsDatanodeService.java:start(252)) - HddsDatanodeService host:fv-az590-525.scpgifznvsounmmscp2whtfmwe.cx.internal.cloudapp.net ip:10.1.0.37
2023-04-11 11:25:17,499 [Listener at 127.0.0.1/39679] INFO  upgrade.AbstractLayoutVersionManager (AbstractLayoutVersionManager.java:init(83)) - Initializing Layout version manager with metadata layout = WEBUI_PORTS_IN_DATANODEDETAILS (version = 6), software layout = WEBUI_PORTS_IN_DATANODEDETAILS (version = 6)
2023-04-11 11:25:17,545 [Listener at 127.0.0.1/39679] INFO  reflections.Reflections (Reflections.java:scan(232)) - Reflections took 44 ms to scan 7 urls, producing 156 keys and 369 values 
2023-04-11 11:25:17,549 [Listener at 127.0.0.1/39679] INFO  statemachine.DatanodeStateMachine (DatanodeStateMachine.java:getEndPointTaskThreadPoolSize(260)) - Datanode State Machine Task Thread Pool size 2
2023-04-11 11:25:17,551 [Listener at 127.0.0.1/39679] INFO  volume.HddsVolume (HddsVolume.java:<init>(130)) - Creating HddsVolume: /home/runner/work/ozone/ozone/hadoop-ozone/integration-test/target/test-dir/MiniOzoneClusterImpl-1c4368e0-208c-48c5-9b0c-56c20ccf1352/datanode-2/data-0/containers/hdds of storage type : DISK capacity : 9223372036854775807
2023-04-11 11:25:17,551 [Listener at 127.0.0.1/39679] INFO  volume.MutableVolumeSet (MutableVolumeSet.java:initializeVolumeSet(175)) - Added Volume : /home/runner/work/ozone/ozone/hadoop-ozone/integration-test/target/test-dir/MiniOzoneClusterImpl-1c4368e0-208c-48c5-9b0c-56c20ccf1352/datanode-2/data-0/containers/hdds to VolumeSet
2023-04-11 11:25:17,551 [Listener at 127.0.0.1/39679] INFO  volume.ThrottledAsyncChecker (ThrottledAsyncChecker.java:schedule(141)) - Scheduling a check for /home/runner/work/ozone/ozone/hadoop-ozone/integration-test/target/test-dir/MiniOzoneClusterImpl-1c4368e0-208c-48c5-9b0c-56c20ccf1352/datanode-2/data-0/containers/hdds
2023-04-11 11:25:17,552 [Listener at 127.0.0.1/39679] INFO  volume.StorageVolumeChecker (StorageVolumeChecker.java:checkAllVolumes(202)) - Scheduled health check for volume /home/runner/work/ozone/ozone/hadoop-ozone/integration-test/target/test-dir/MiniOzoneClusterImpl-1c4368e0-208c-48c5-9b0c-56c20ccf1352/datanode-2/data-0/containers/hdds
2023-04-11 11:25:17,564 [Listener at 127.0.0.1/39679] INFO  volume.MutableVolumeSet (MutableVolumeSet.java:initializeVolumeSet(175)) - Added Volume : /home/runner/work/ozone/ozone/hadoop-ozone/integration-test/target/test-dir/MiniOzoneClusterImpl-1c4368e0-208c-48c5-9b0c-56c20ccf1352/datanode-2/data/ratis to VolumeSet
2023-04-11 11:25:17,564 [Listener at 127.0.0.1/39679] INFO  volume.ThrottledAsyncChecker (ThrottledAsyncChecker.java:schedule(141)) - Scheduling a check for /home/runner/work/ozone/ozone/hadoop-ozone/integration-test/target/test-dir/MiniOzoneClusterImpl-1c4368e0-208c-48c5-9b0c-56c20ccf1352/datanode-2/data/ratis
2023-04-11 11:25:17,564 [Listener at 127.0.0.1/39679] INFO  volume.StorageVolumeChecker (StorageVolumeChecker.java:checkAllVolumes(202)) - Scheduled health check for volume /home/runner/work/ozone/ozone/hadoop-ozone/integration-test/target/test-dir/MiniOzoneClusterImpl-1c4368e0-208c-48c5-9b0c-56c20ccf1352/datanode-2/data/ratis
2023-04-11 11:25:17,575 [Thread-1017] INFO  ozoneimpl.ContainerReader (ContainerReader.java:readVolume(175)) - Finish verifying containers on volume /home/runner/work/ozone/ozone/hadoop-ozone/integration-test/target/test-dir/MiniOzoneClusterImpl-1c4368e0-208c-48c5-9b0c-56c20ccf1352/datanode-2/data-0/containers/hdds
2023-04-11 11:25:17,575 [Listener at 127.0.0.1/39679] INFO  ozoneimpl.OzoneContainer (OzoneContainer.java:buildContainerSet(303)) - Build ContainerSet costs 0s
2023-04-11 11:25:17,577 [Listener at 127.0.0.1/39679] INFO  server.RaftServer (ConfUtils.java:logGet(46)) - raft.rpc.type = GRPC (default)
2023-04-11 11:25:17,577 [Listener at 127.0.0.1/39679] INFO  grpc.GrpcConfigKeys (ConfUtils.java:logFallback(53)) - raft.grpc.admin.host = null (fallback to raft.grpc.server.host)
2023-04-11 11:25:17,577 [Listener at 127.0.0.1/39679] INFO  grpc.GrpcConfigKeys (ConfUtils.java:logGet(46)) - raft.grpc.admin.port = 0 (custom)
2023-04-11 11:25:17,577 [Listener at 127.0.0.1/39679] INFO  grpc.GrpcConfigKeys (ConfUtils.java:logFallback(53)) - raft.grpc.client.host = null (fallback to raft.grpc.server.host)
2023-04-11 11:25:17,577 [Listener at 127.0.0.1/39679] INFO  grpc.GrpcConfigKeys (ConfUtils.java:logGet(46)) - raft.grpc.client.port = 0 (custom)
2023-04-11 11:25:17,577 [Listener at 127.0.0.1/39679] INFO  grpc.GrpcConfigKeys (ConfUtils.java:logGet(46)) - raft.grpc.server.host = null (default)
2023-04-11 11:25:17,577 [Listener at 127.0.0.1/39679] INFO  grpc.GrpcConfigKeys (ConfUtils.java:logGet(46)) - raft.grpc.server.port = 0 (default)
2023-04-11 11:25:17,578 [Listener at 127.0.0.1/39679] INFO  server.GrpcService (ConfUtils.java:logGet(46)) - raft.grpc.message.size.max = 32MB (=33554432) (custom)
2023-04-11 11:25:17,578 [Listener at 127.0.0.1/39679] INFO  server.RaftServerConfigKeys (ConfUtils.java:logGet(46)) - raft.server.log.appender.buffer.byte-limit = 33554432 (custom)
2023-04-11 11:25:17,578 [Listener at 127.0.0.1/39679] INFO  server.GrpcService (ConfUtils.java:logGet(46)) - raft.grpc.flow.control.window = 5MB (=5242880) (custom)
2023-04-11 11:25:17,578 [Listener at 127.0.0.1/39679] INFO  server.RaftServerConfigKeys (ConfUtils.java:logGet(46)) - raft.server.rpc.request.timeout = 60s (custom)
2023-04-11 11:25:17,578 [Listener at 127.0.0.1/39679] INFO  grpc.GrpcConfigKeys (ConfUtils.java:logGet(46)) - raft.grpc.server.heartbeat.channel = true (default)
2023-04-11 11:25:17,578 [Listener at 127.0.0.1/39679] INFO  grpc.GrpcConfigKeys (ConfUtils.java:logGet(46)) - raft.grpc.server.async.request.thread.pool.cached = true (default)
2023-04-11 11:25:17,578 [Listener at 127.0.0.1/39679] INFO  grpc.GrpcConfigKeys (ConfUtils.java:logGet(46)) - raft.grpc.server.async.request.thread.pool.size = 32 (default)
2023-04-11 11:25:17,580 [Listener at 127.0.0.1/39679] INFO  impl.DataStreamServerImpl (ConfUtils.java:logGet(46)) - raft.datastream.type = NETTY (custom)
2023-04-11 11:25:17,580 [Listener at 127.0.0.1/39679] INFO  server.RaftServerConfigKeys (ConfUtils.java:logGet(46)) - raft.server.data-stream.async.request.thread.pool.cached = false (default)
2023-04-11 11:25:17,580 [Listener at 127.0.0.1/39679] INFO  server.RaftServerConfigKeys (ConfUtils.java:logGet(46)) - raft.server.data-stream.async.request.thread.pool.size = 20 (custom)
2023-04-11 11:25:17,580 [Listener at 127.0.0.1/39679] INFO  server.RaftServerConfigKeys (ConfUtils.java:logGet(46)) - raft.server.data-stream.async.write.thread.pool.size = 16 (default)
2023-04-11 11:25:17,580 [Listener at 127.0.0.1/39679] INFO  server.RaftServerConfigKeys (ConfUtils.java:logGet(46)) - raft.server.data-stream.client.pool.size = 10 (default)
2023-04-11 11:25:17,580 [Listener at 127.0.0.1/39679] INFO  netty.NettyConfigKeys$DataStream (ConfUtils.java:logGet(46)) - raft.netty.dataStream.server.use-epoll = false (default)
2023-04-11 11:25:17,580 [Listener at 127.0.0.1/39679] INFO  netty.NettyConfigKeys$DataStream (ConfUtils.java:logGet(46)) - raft.netty.dataStream.server.boss-group.size = 0 (default)
2023-04-11 11:25:17,581 [Listener at 127.0.0.1/39679] INFO  netty.NettyConfigKeys$DataStream (ConfUtils.java:logGet(46)) - raft.netty.dataStream.server.worker-group.size = 0 (default)
2023-04-11 11:25:17,582 [Listener at 127.0.0.1/39679] INFO  netty.NettyConfigKeys$DataStream (ConfUtils.java:logGet(46)) - raft.netty.dataStream.server.tls.conf = null (default)
2023-04-11 11:25:17,582 [Listener at 127.0.0.1/39679] INFO  netty.NettyConfigKeys$DataStream (ConfUtils.java:logGet(46)) - raft.netty.dataStream.host = null (default)
2023-04-11 11:25:17,582 [Listener at 127.0.0.1/39679] INFO  netty.NettyConfigKeys$DataStream (ConfUtils.java:logGet(46)) - raft.netty.dataStream.port = 0 (default)
2023-04-11 11:25:17,584 [Listener at 127.0.0.1/39679] INFO  server.RaftServerConfigKeys (ConfUtils.java:logGet(46)) - raft.server.threadpool.proxy.cached = true (default)
2023-04-11 11:25:17,584 [Listener at 127.0.0.1/39679] INFO  server.RaftServerConfigKeys (ConfUtils.java:logGet(46)) - raft.server.threadpool.proxy.size = 0 (default)
2023-04-11 11:25:17,584 [Listener at 127.0.0.1/39679] INFO  server.RaftServerConfigKeys (ConfUtils.java:logGet(46)) - raft.server.rpc.slowness.timeout = 300s (custom)
2023-04-11 11:25:17,584 [Listener at 127.0.0.1/39679] INFO  server.RaftServerConfigKeys (ConfUtils.java:logGet(46)) - raft.server.leaderelection.leader.step-down.wait-time = 10s (default)
2023-04-11 11:25:17,584 [Listener at 127.0.0.1/39679] INFO  server.RaftServerConfigKeys (ConfUtils.java:logGet(46)) - raft.server.storage.dir = [/home/runner/work/ozone/ozone/hadoop-ozone/integration-test/target/test-dir/MiniOzoneClusterImpl-1c4368e0-208c-48c5-9b0c-56c20ccf1352/datanode-2/data/ratis] (custom)
2023-04-11 11:25:17,585 [c1e7a0ec-ae3b-4726-987d-7d9bf2cc9de6-NettyServerStreamRpc-bossGroup--thread1] INFO  logging.LoggingHandler (AbstractInternalLogger.java:log(148)) - [id: 0xf3cc7057] REGISTERED
2023-04-11 11:25:17,585 [c1e7a0ec-ae3b-4726-987d-7d9bf2cc9de6-NettyServerStreamRpc-bossGroup--thread1] INFO  logging.LoggingHandler (AbstractInternalLogger.java:log(148)) - [id: 0xf3cc7057] BIND: 0.0.0.0/0.0.0.0:0
2023-04-11 11:25:17,586 [c1e7a0ec-ae3b-4726-987d-7d9bf2cc9de6-NettyServerStreamRpc-bossGroup--thread1] INFO  logging.LoggingHandler (AbstractInternalLogger.java:log(148)) - [id: 0xf3cc7057, L:/0:0:0:0:0:0:0:0:45319] ACTIVE
2023-04-11 11:25:17,591 [Listener at 127.0.0.1/39679] INFO  server.XceiverServerGrpc (XceiverServerGrpc.java:<init>(132)) - GrpcServer channel type EpollServerSocketChannel
2023-04-11 11:25:17,595 [Listener at 127.0.0.1/39679] INFO  http.BaseHttpServer (BaseHttpServer.java:newHttpServer2BuilderForOzone(224)) - Starting Web-server for hddsDatanode at: http://0.0.0.0:0
2023-04-11 11:25:17,595 [Listener at 127.0.0.1/39679] INFO  http.BaseHttpServer (BaseHttpServer.java:<init>(111)) - Hadoop Security Enabled: false Ozone Security Enabled: false Ozone HTTP Security Enabled: false 
2023-04-11 11:25:17,596 [Listener at 127.0.0.1/39679] WARN  server.AuthenticationFilter (AuthenticationFilter.java:constructSecretProvider(240)) - Unable to initialize FileSignerSecretProvider, falling back to use random secrets. Reason: Could not read signature secret file: /home/runner/hadoop-http-auth-signature-secret
2023-04-11 11:25:17,598 [Listener at 127.0.0.1/39679] WARN  http.HttpRequestLog (HttpRequestLog.java:getRequestLog(103)) - Jetty request log can only be enabled using Log4j
2023-04-11 11:25:17,599 [Listener at 127.0.0.1/39679] INFO  http.HttpServer2 (HttpServer2.java:addGlobalFilter(1031)) - Added global filter 'safety' (class=org.apache.hadoop.hdds.server.http.HttpServer2$QuotingInputFilter)
2023-04-11 11:25:17,599 [Listener at 127.0.0.1/39679] INFO  http.HttpServer2 (HttpServer2.java:addFilter(1007)) - Added filter static_user_filter (class=org.apache.hadoop.http.lib.StaticUserWebFilter$StaticUserFilter) to context hddsDatanode
2023-04-11 11:25:17,600 [Listener at 127.0.0.1/39679] INFO  http.HttpServer2 (HttpServer2.java:addFilter(1015)) - Added filter static_user_filter (class=org.apache.hadoop.http.lib.StaticUserWebFilter$StaticUserFilter) to context static
2023-04-11 11:25:17,600 [Listener at 127.0.0.1/39679] INFO  http.HttpServer2 (HttpServer2.java:addFilter(1015)) - Added filter static_user_filter (class=org.apache.hadoop.http.lib.StaticUserWebFilter$StaticUserFilter) to context logs
2023-04-11 11:25:17,600 [Listener at 127.0.0.1/39679] INFO  http.BaseHttpServer (BaseHttpServer.java:<init>(190)) - HTTP server of hddsDatanode uses base directory /home/runner/work/ozone/ozone/hadoop-ozone/integration-test/target/test-dir/MiniOzoneClusterImpl-1c4368e0-208c-48c5-9b0c-56c20ccf1352/datanode-2/meta/webserver
2023-04-11 11:25:17,600 [Listener at 127.0.0.1/39679] INFO  http.HttpServer2 (HttpServer2.java:bindListener(1250)) - Jetty bound to port 41565
2023-04-11 11:25:17,600 [Listener at 127.0.0.1/39679] INFO  server.Server (Server.java:doStart(375)) - jetty-9.4.49.v20220914; built: 2022-09-14T01:07:36.601Z; git: 4231a3b2e4cb8548a412a789936d640a97b1aa0a; jvm 1.8.0_362-b09
2023-04-11 11:25:17,602 [Listener at 127.0.0.1/39679] INFO  server.session (DefaultSessionIdManager.java:doStart(334)) - DefaultSessionIdManager workerName=node0
2023-04-11 11:25:17,602 [Listener at 127.0.0.1/39679] INFO  server.session (DefaultSessionIdManager.java:doStart(339)) - No SessionScavenger set, using defaults
2023-04-11 11:25:17,602 [Listener at 127.0.0.1/39679] INFO  server.session (HouseKeeper.java:startScavenging(132)) - node0 Scavenging every 660000ms
2023-04-11 11:25:17,603 [Listener at 127.0.0.1/39679] INFO  handler.ContextHandler (ContextHandler.java:doStart(921)) - Started o.e.j.s.ServletContextHandler@3d0a2f02{logs,/logs,file:///home/runner/work/ozone/ozone/hadoop-ozone/integration-test/target/log,AVAILABLE}
2023-04-11 11:25:17,603 [Listener at 127.0.0.1/39679] INFO  handler.ContextHandler (ContextHandler.java:doStart(921)) - Started o.e.j.s.ServletContextHandler@73908386{static,/static,jar:file:/home/runner/.m2/repository/org/apache/ozone/hdds-container-service/1.4.0-SNAPSHOT/hdds-container-service-1.4.0-SNAPSHOT.jar!/webapps/static,AVAILABLE}
2023-04-11 11:25:17,796 [om1@group-C5BA1605619E-FollowerState] INFO  impl.FollowerState (FollowerState.java:run(143)) - om1@group-C5BA1605619E-FollowerState: change to CANDIDATE, lastRpcElapsedTime:1079576493ns, electionTimeout:1079ms
2023-04-11 11:25:17,796 [om1@group-C5BA1605619E-FollowerState] INFO  impl.RoleInfo (RoleInfo.java:shutdownFollowerState(110)) - om1: shutdown om1@group-C5BA1605619E-FollowerState
2023-04-11 11:25:17,796 [om1@group-C5BA1605619E-FollowerState] INFO  server.RaftServer$Division (RaftServerImpl.java:setRole(321)) - om1@group-C5BA1605619E: changes role from  FOLLOWER to CANDIDATE at term 0 for changeToCandidate
2023-04-11 11:25:17,796 [om1@group-C5BA1605619E-FollowerState] INFO  server.RaftServerConfigKeys (ConfUtils.java:logGet(46)) - raft.server.leaderelection.pre-vote = true (default)
2023-04-11 11:25:17,796 [om1@group-C5BA1605619E-FollowerState] INFO  impl.RoleInfo (RoleInfo.java:updateAndGet(139)) - om1: start om1@group-C5BA1605619E-LeaderElection20
2023-04-11 11:25:17,801 [om1@group-C5BA1605619E-LeaderElection20] INFO  impl.LeaderElection (LeaderElection.java:askForVotes(312)) - om1@group-C5BA1605619E-LeaderElection20 PRE_VOTE round 0: submit vote requests at term 0 for -1: peers:[om1|rpc:localhost:9872|priority:0|startupRole:FOLLOWER]|listeners:[], old=null
2023-04-11 11:25:17,801 [om1@group-C5BA1605619E-LeaderElection20] INFO  impl.LeaderElection (LeaderElection.java:askForVotes(314)) - om1@group-C5BA1605619E-LeaderElection20 PRE_VOTE round 0: result PASSED (term=0)
2023-04-11 11:25:17,805 [om1@group-C5BA1605619E-LeaderElection20] INFO  impl.LeaderElection (LeaderElection.java:askForVotes(312)) - om1@group-C5BA1605619E-LeaderElection20 ELECTION round 0: submit vote requests at term 1 for -1: peers:[om1|rpc:localhost:9872|priority:0|startupRole:FOLLOWER]|listeners:[], old=null
2023-04-11 11:25:17,805 [Listener at 127.0.0.1/39679] INFO  handler.ContextHandler (ContextHandler.java:doStart(921)) - Started o.e.j.w.WebAppContext@10ffe5b8{hddsDatanode,/,file:///home/runner/work/ozone/ozone/hadoop-ozone/integration-test/target/test-dir/MiniOzoneClusterImpl-1c4368e0-208c-48c5-9b0c-56c20ccf1352/datanode-2/meta/webserver/jetty-0_0_0_0-41565-hdds-container-service-1_4_0-SNAPSHOT_jar-_-any-6734819852928716757/webapp/,AVAILABLE}{jar:file:/home/runner/.m2/repository/org/apache/ozone/hdds-container-service/1.4.0-SNAPSHOT/hdds-container-service-1.4.0-SNAPSHOT.jar!/webapps/hddsDatanode}
2023-04-11 11:25:17,805 [om1@group-C5BA1605619E-LeaderElection20] INFO  impl.LeaderElection (LeaderElection.java:askForVotes(314)) - om1@group-C5BA1605619E-LeaderElection20 ELECTION round 0: result PASSED (term=1)
2023-04-11 11:25:17,805 [om1@group-C5BA1605619E-LeaderElection20] INFO  impl.RoleInfo (RoleInfo.java:shutdownLeaderElection(130)) - om1: shutdown om1@group-C5BA1605619E-LeaderElection20
2023-04-11 11:25:17,806 [om1@group-C5BA1605619E-LeaderElection20] INFO  server.RaftServer$Division (RaftServerImpl.java:setRole(321)) - om1@group-C5BA1605619E: changes role from CANDIDATE to LEADER at term 1 for changeToLeader
2023-04-11 11:25:17,806 [om1@group-C5BA1605619E-LeaderElection20] INFO  server.RaftServer$Division (ServerState.java:setLeader(313)) - om1@group-C5BA1605619E: change Leader from null to om1 at term 1 for becomeLeader, leader elected after 1557ms
2023-04-11 11:25:17,806 [om1@group-C5BA1605619E-LeaderElection20] INFO  server.RaftServerConfigKeys (ConfUtils.java:logGet(46)) - raft.server.staging.catchup.gap = 1000 (default)
2023-04-11 11:25:17,806 [om1@group-C5BA1605619E-LeaderElection20] INFO  server.RaftServerConfigKeys (ConfUtils.java:logGet(46)) - raft.server.write.element-limit = 4096 (default)
2023-04-11 11:25:17,806 [om1@group-C5BA1605619E-LeaderElection20] INFO  server.RaftServerConfigKeys (ConfUtils.java:logGet(46)) - raft.server.write.byte-limit = 64MB (=67108864) (default)
2023-04-11 11:25:17,806 [om1@group-C5BA1605619E-LeaderElection20] INFO  server.RaftServerConfigKeys (ConfUtils.java:logGet(46)) - raft.server.watch.timeout = 10s (default)
2023-04-11 11:25:17,806 [om1@group-C5BA1605619E-LeaderElection20] INFO  server.RaftServerConfigKeys (ConfUtils.java:logGet(46)) - raft.server.watch.timeout.denomination = 1s (default)
2023-04-11 11:25:17,806 [om1@group-C5BA1605619E-LeaderElection20] INFO  server.RaftServerConfigKeys (ConfUtils.java:logGet(46)) - raft.server.watch.element-limit = 65536 (default)
2023-04-11 11:25:17,807 [om1@group-C5BA1605619E-LeaderElection20] INFO  server.RaftServerConfigKeys (ConfUtils.java:logGet(46)) - raft.server.write.element-limit = 4096 (default)
2023-04-11 11:25:17,807 [om1@group-C5BA1605619E-LeaderElection20] INFO  server.RaftServerConfigKeys (ConfUtils.java:logGet(46)) - raft.server.write.follower.gap.ratio.max = -1.0 (default)
2023-04-11 11:25:17,810 [om1@group-C5BA1605619E-LeaderElection20] INFO  impl.RoleInfo (RoleInfo.java:updateAndGet(139)) - om1: start om1@group-C5BA1605619E-LeaderStateImpl
2023-04-11 11:25:17,811 [om1@group-C5BA1605619E-LeaderElection20] INFO  segmented.SegmentedRaftLogWorker (SegmentedRaftLogWorker.java:startLogSegment(452)) - om1@group-C5BA1605619E-SegmentedRaftLogWorker: Starting segment from index:0
2023-04-11 11:25:17,814 [Listener at 127.0.0.1/39679] INFO  server.AbstractConnector (AbstractConnector.java:doStart(333)) - Started ServerConnector@1644d1cf{HTTP/1.1, (http/1.1)}{0.0.0.0:41565}
2023-04-11 11:25:17,814 [Listener at 127.0.0.1/39679] INFO  server.Server (Server.java:doStart(415)) - Started @132441ms
2023-04-11 11:25:17,814 [Listener at 127.0.0.1/39679] WARN  impl.MetricsSystemImpl (MetricsSystemImpl.java:register(279)) - Sink prometheus already exists!
2023-04-11 11:25:17,815 [om1@group-C5BA1605619E-LeaderElection20] INFO  server.RaftServer$Division (ServerState.java:setRaftConf(430)) - om1@group-C5BA1605619E: set configuration 0: peers:[om1|rpc:localhost:9872|admin:|client:|dataStream:|priority:0|startupRole:FOLLOWER]|listeners:[], old=null
2023-04-11 11:25:17,817 [Listener at 127.0.0.1/39679] INFO  http.BaseHttpServer (BaseHttpServer.java:updateConnectorAddress(344)) - HTTP server of hddsDatanode listening at http://0.0.0.0:41565
2023-04-11 11:25:17,817 [Listener at 127.0.0.1/39679] WARN  impl.MetricRegistriesImpl (MetricRegistriesImpl.java:addReporterRegistration(111)) - New reporters are added after registries were created. Some metrics will be missing from the reporter. Please add reporter before adding any new registry.
2023-04-11 11:25:17,817 [Listener at 127.0.0.1/39679] WARN  impl.MetricRegistriesImpl (MetricRegistriesImpl.java:addReporterRegistration(111)) - New reporters are added after registries were created. Some metrics will be missing from the reporter. Please add reporter before adding any new registry.
2023-04-11 11:25:17,817 [Listener at 127.0.0.1/39679] INFO  impl.MetricsSystemImpl (MetricsSystemImpl.java:init(158)) - HddsDatanode metrics system started (again)
2023-04-11 11:25:17,820 [om1@group-C5BA1605619E-SegmentedRaftLogWorker] INFO  segmented.SegmentedRaftLogWorker (SegmentedRaftLogWorker.java:execute(656)) - om1@group-C5BA1605619E-SegmentedRaftLogWorker: created new log segment /home/runner/work/ozone/ozone/hadoop-ozone/integration-test/target/test-dir/MiniOzoneClusterImpl-1c4368e0-208c-48c5-9b0c-56c20ccf1352/ozone-meta/ratis/bf265839-605b-3f16-9796-c5ba1605619e/current/log_inprogress_0
2023-04-11 11:25:17,821 [Datanode State Machine Daemon Thread] INFO  statemachine.DatanodeStateMachine (DatanodeStateMachine.java:lambda$startDaemon$0(517)) - Ozone container server started.
2023-04-11 11:25:17,827 [om1@group-C5BA1605619E-StateMachineUpdater] INFO  ratis.OzoneManagerStateMachine (OzoneManagerStateMachine.java:notifyConfigurationChanged(200)) - Received Configuration change notification from Ratis. New Peer list:
[id: "om1"
address: "localhost:9872"
startupRole: FOLLOWER
]
2023-04-11 11:25:17,835 [Listener at 127.0.0.1/39679] INFO  ozone.HddsDatanodeService (HddsDatanodeService.java:start(252)) - HddsDatanodeService host:fv-az590-525.scpgifznvsounmmscp2whtfmwe.cx.internal.cloudapp.net ip:10.1.0.37
2023-04-11 11:25:17,837 [org.apache.hadoop.util.JvmPauseMonitor$Monitor@51bd59be] INFO  util.JvmPauseMonitor (JvmPauseMonitor.java:run(188)) - Starting JVM pause monitor
2023-04-11 11:25:17,840 [Datanode State Machine Task Thread - 0] INFO  datanode.InitDatanodeState (InitDatanodeState.java:persistContainerDatanodeDetails(138)) - DatanodeDetails is persisted to /home/runner/work/ozone/ozone/hadoop-ozone/integration-test/target/test-dir/MiniOzoneClusterImpl-1c4368e0-208c-48c5-9b0c-56c20ccf1352/datanode-2/meta/datanode.id
2023-04-11 11:25:17,857 [Listener at 127.0.0.1/39679] INFO  upgrade.AbstractLayoutVersionManager (AbstractLayoutVersionManager.java:init(83)) - Initializing Layout version manager with metadata layout = WEBUI_PORTS_IN_DATANODEDETAILS (version = 6), software layout = WEBUI_PORTS_IN_DATANODEDETAILS (version = 6)
2023-04-11 11:25:17,905 [Listener at 127.0.0.1/39679] INFO  reflections.Reflections (Reflections.java:scan(232)) - Reflections took 45 ms to scan 7 urls, producing 156 keys and 369 values 
2023-04-11 11:25:17,907 [Listener at 127.0.0.1/39679] INFO  statemachine.DatanodeStateMachine (DatanodeStateMachine.java:getEndPointTaskThreadPoolSize(260)) - Datanode State Machine Task Thread Pool size 2
2023-04-11 11:25:17,910 [Listener at 127.0.0.1/39679] INFO  volume.HddsVolume (HddsVolume.java:<init>(130)) - Creating HddsVolume: /home/runner/work/ozone/ozone/hadoop-ozone/integration-test/target/test-dir/MiniOzoneClusterImpl-1c4368e0-208c-48c5-9b0c-56c20ccf1352/datanode-3/data-0/containers/hdds of storage type : DISK capacity : 9223372036854775807
2023-04-11 11:25:17,911 [Listener at 127.0.0.1/39679] INFO  volume.MutableVolumeSet (MutableVolumeSet.java:initializeVolumeSet(175)) - Added Volume : /home/runner/work/ozone/ozone/hadoop-ozone/integration-test/target/test-dir/MiniOzoneClusterImpl-1c4368e0-208c-48c5-9b0c-56c20ccf1352/datanode-3/data-0/containers/hdds to VolumeSet
2023-04-11 11:25:17,911 [Listener at 127.0.0.1/39679] INFO  volume.ThrottledAsyncChecker (ThrottledAsyncChecker.java:schedule(141)) - Scheduling a check for /home/runner/work/ozone/ozone/hadoop-ozone/integration-test/target/test-dir/MiniOzoneClusterImpl-1c4368e0-208c-48c5-9b0c-56c20ccf1352/datanode-3/data-0/containers/hdds
2023-04-11 11:25:17,914 [Listener at 127.0.0.1/39679] INFO  volume.StorageVolumeChecker (StorageVolumeChecker.java:checkAllVolumes(202)) - Scheduled health check for volume /home/runner/work/ozone/ozone/hadoop-ozone/integration-test/target/test-dir/MiniOzoneClusterImpl-1c4368e0-208c-48c5-9b0c-56c20ccf1352/datanode-3/data-0/containers/hdds
2023-04-11 11:25:17,927 [Listener at 127.0.0.1/39679] INFO  volume.MutableVolumeSet (MutableVolumeSet.java:initializeVolumeSet(175)) - Added Volume : /home/runner/work/ozone/ozone/hadoop-ozone/integration-test/target/test-dir/MiniOzoneClusterImpl-1c4368e0-208c-48c5-9b0c-56c20ccf1352/datanode-3/data/ratis to VolumeSet
2023-04-11 11:25:17,927 [Listener at 127.0.0.1/39679] INFO  volume.ThrottledAsyncChecker (ThrottledAsyncChecker.java:schedule(141)) - Scheduling a check for /home/runner/work/ozone/ozone/hadoop-ozone/integration-test/target/test-dir/MiniOzoneClusterImpl-1c4368e0-208c-48c5-9b0c-56c20ccf1352/datanode-3/data/ratis
2023-04-11 11:25:17,927 [Listener at 127.0.0.1/39679] INFO  volume.StorageVolumeChecker (StorageVolumeChecker.java:checkAllVolumes(202)) - Scheduled health check for volume /home/runner/work/ozone/ozone/hadoop-ozone/integration-test/target/test-dir/MiniOzoneClusterImpl-1c4368e0-208c-48c5-9b0c-56c20ccf1352/datanode-3/data/ratis
2023-04-11 11:25:17,938 [Thread-1033] INFO  ozoneimpl.ContainerReader (ContainerReader.java:readVolume(175)) - Finish verifying containers on volume /home/runner/work/ozone/ozone/hadoop-ozone/integration-test/target/test-dir/MiniOzoneClusterImpl-1c4368e0-208c-48c5-9b0c-56c20ccf1352/datanode-3/data-0/containers/hdds
2023-04-11 11:25:17,938 [Listener at 127.0.0.1/39679] INFO  ozoneimpl.OzoneContainer (OzoneContainer.java:buildContainerSet(303)) - Build ContainerSet costs 0s
2023-04-11 11:25:17,940 [Listener at 127.0.0.1/39679] INFO  server.RaftServer (ConfUtils.java:logGet(46)) - raft.rpc.type = GRPC (default)
2023-04-11 11:25:17,940 [Listener at 127.0.0.1/39679] INFO  grpc.GrpcConfigKeys (ConfUtils.java:logFallback(53)) - raft.grpc.admin.host = null (fallback to raft.grpc.server.host)
2023-04-11 11:25:17,941 [Listener at 127.0.0.1/39679] INFO  grpc.GrpcConfigKeys (ConfUtils.java:logGet(46)) - raft.grpc.admin.port = 0 (custom)
2023-04-11 11:25:17,941 [Listener at 127.0.0.1/39679] INFO  grpc.GrpcConfigKeys (ConfUtils.java:logFallback(53)) - raft.grpc.client.host = null (fallback to raft.grpc.server.host)
2023-04-11 11:25:17,941 [Listener at 127.0.0.1/39679] INFO  grpc.GrpcConfigKeys (ConfUtils.java:logGet(46)) - raft.grpc.client.port = 0 (custom)
2023-04-11 11:25:17,941 [Listener at 127.0.0.1/39679] INFO  grpc.GrpcConfigKeys (ConfUtils.java:logGet(46)) - raft.grpc.server.host = null (default)
2023-04-11 11:25:17,941 [Listener at 127.0.0.1/39679] INFO  grpc.GrpcConfigKeys (ConfUtils.java:logGet(46)) - raft.grpc.server.port = 0 (default)
2023-04-11 11:25:17,941 [Listener at 127.0.0.1/39679] INFO  server.GrpcService (ConfUtils.java:logGet(46)) - raft.grpc.message.size.max = 32MB (=33554432) (custom)
2023-04-11 11:25:17,941 [Listener at 127.0.0.1/39679] INFO  server.RaftServerConfigKeys (ConfUtils.java:logGet(46)) - raft.server.log.appender.buffer.byte-limit = 33554432 (custom)
2023-04-11 11:25:17,941 [Listener at 127.0.0.1/39679] INFO  server.GrpcService (ConfUtils.java:logGet(46)) - raft.grpc.flow.control.window = 5MB (=5242880) (custom)
2023-04-11 11:25:17,941 [Listener at 127.0.0.1/39679] INFO  server.RaftServerConfigKeys (ConfUtils.java:logGet(46)) - raft.server.rpc.request.timeout = 60s (custom)
2023-04-11 11:25:17,941 [Listener at 127.0.0.1/39679] INFO  grpc.GrpcConfigKeys (ConfUtils.java:logGet(46)) - raft.grpc.server.heartbeat.channel = true (default)
2023-04-11 11:25:17,942 [Listener at 127.0.0.1/39679] INFO  grpc.GrpcConfigKeys (ConfUtils.java:logGet(46)) - raft.grpc.server.async.request.thread.pool.cached = true (default)
2023-04-11 11:25:17,943 [Listener at 127.0.0.1/39679] INFO  grpc.GrpcConfigKeys (ConfUtils.java:logGet(46)) - raft.grpc.server.async.request.thread.pool.size = 32 (default)
2023-04-11 11:25:17,946 [Listener at 127.0.0.1/39679] INFO  impl.DataStreamServerImpl (ConfUtils.java:logGet(46)) - raft.datastream.type = NETTY (custom)
2023-04-11 11:25:17,946 [Listener at 127.0.0.1/39679] INFO  server.RaftServerConfigKeys (ConfUtils.java:logGet(46)) - raft.server.data-stream.async.request.thread.pool.cached = false (default)
2023-04-11 11:25:17,946 [Listener at 127.0.0.1/39679] INFO  server.RaftServerConfigKeys (ConfUtils.java:logGet(46)) - raft.server.data-stream.async.request.thread.pool.size = 20 (custom)
2023-04-11 11:25:17,946 [Listener at 127.0.0.1/39679] INFO  server.RaftServerConfigKeys (ConfUtils.java:logGet(46)) - raft.server.data-stream.async.write.thread.pool.size = 16 (default)
2023-04-11 11:25:17,947 [Listener at 127.0.0.1/39679] INFO  server.RaftServerConfigKeys (ConfUtils.java:logGet(46)) - raft.server.data-stream.client.pool.size = 10 (default)
2023-04-11 11:25:17,947 [Listener at 127.0.0.1/39679] INFO  netty.NettyConfigKeys$DataStream (ConfUtils.java:logGet(46)) - raft.netty.dataStream.server.use-epoll = false (default)
2023-04-11 11:25:17,947 [Listener at 127.0.0.1/39679] INFO  netty.NettyConfigKeys$DataStream (ConfUtils.java:logGet(46)) - raft.netty.dataStream.server.boss-group.size = 0 (default)
2023-04-11 11:25:17,949 [Listener at 127.0.0.1/39679] INFO  netty.NettyConfigKeys$DataStream (ConfUtils.java:logGet(46)) - raft.netty.dataStream.server.worker-group.size = 0 (default)
2023-04-11 11:25:17,950 [Listener at 127.0.0.1/39679] INFO  netty.NettyConfigKeys$DataStream (ConfUtils.java:logGet(46)) - raft.netty.dataStream.server.tls.conf = null (default)
2023-04-11 11:25:17,950 [Listener at 127.0.0.1/39679] INFO  netty.NettyConfigKeys$DataStream (ConfUtils.java:logGet(46)) - raft.netty.dataStream.host = null (default)
2023-04-11 11:25:17,950 [Listener at 127.0.0.1/39679] INFO  netty.NettyConfigKeys$DataStream (ConfUtils.java:logGet(46)) - raft.netty.dataStream.port = 0 (default)
2023-04-11 11:25:17,954 [Listener at 127.0.0.1/39679] INFO  server.RaftServerConfigKeys (ConfUtils.java:logGet(46)) - raft.server.threadpool.proxy.cached = true (default)
2023-04-11 11:25:17,954 [Listener at 127.0.0.1/39679] INFO  server.RaftServerConfigKeys (ConfUtils.java:logGet(46)) - raft.server.threadpool.proxy.size = 0 (default)
2023-04-11 11:25:17,954 [Listener at 127.0.0.1/39679] INFO  server.RaftServerConfigKeys (ConfUtils.java:logGet(46)) - raft.server.rpc.slowness.timeout = 300s (custom)
2023-04-11 11:25:17,954 [Listener at 127.0.0.1/39679] INFO  server.RaftServerConfigKeys (ConfUtils.java:logGet(46)) - raft.server.leaderelection.leader.step-down.wait-time = 10s (default)
2023-04-11 11:25:17,954 [Listener at 127.0.0.1/39679] INFO  server.RaftServerConfigKeys (ConfUtils.java:logGet(46)) - raft.server.storage.dir = [/home/runner/work/ozone/ozone/hadoop-ozone/integration-test/target/test-dir/MiniOzoneClusterImpl-1c4368e0-208c-48c5-9b0c-56c20ccf1352/datanode-3/data/ratis] (custom)
2023-04-11 11:25:17,955 [1f55909b-7792-4429-a8f4-0e8df975840d-NettyServerStreamRpc-bossGroup--thread1] INFO  logging.LoggingHandler (AbstractInternalLogger.java:log(148)) - [id: 0x919dd948] REGISTERED
2023-04-11 11:25:17,955 [1f55909b-7792-4429-a8f4-0e8df975840d-NettyServerStreamRpc-bossGroup--thread1] INFO  logging.LoggingHandler (AbstractInternalLogger.java:log(148)) - [id: 0x919dd948] BIND: 0.0.0.0/0.0.0.0:0
2023-04-11 11:25:17,955 [1f55909b-7792-4429-a8f4-0e8df975840d-NettyServerStreamRpc-bossGroup--thread1] INFO  logging.LoggingHandler (AbstractInternalLogger.java:log(148)) - [id: 0x919dd948, L:/0:0:0:0:0:0:0:0:37663] ACTIVE
2023-04-11 11:25:17,959 [Listener at 127.0.0.1/39679] INFO  server.XceiverServerGrpc (XceiverServerGrpc.java:<init>(132)) - GrpcServer channel type EpollServerSocketChannel
2023-04-11 11:25:17,961 [Listener at 127.0.0.1/39679] INFO  http.BaseHttpServer (BaseHttpServer.java:newHttpServer2BuilderForOzone(224)) - Starting Web-server for hddsDatanode at: http://0.0.0.0:0
2023-04-11 11:25:17,962 [Listener at 127.0.0.1/39679] INFO  http.BaseHttpServer (BaseHttpServer.java:<init>(111)) - Hadoop Security Enabled: false Ozone Security Enabled: false Ozone HTTP Security Enabled: false 
2023-04-11 11:25:17,966 [Listener at 127.0.0.1/39679] WARN  server.AuthenticationFilter (AuthenticationFilter.java:constructSecretProvider(240)) - Unable to initialize FileSignerSecretProvider, falling back to use random secrets. Reason: Could not read signature secret file: /home/runner/hadoop-http-auth-signature-secret
2023-04-11 11:25:17,967 [Listener at 127.0.0.1/39679] WARN  http.HttpRequestLog (HttpRequestLog.java:getRequestLog(103)) - Jetty request log can only be enabled using Log4j
2023-04-11 11:25:17,968 [Listener at 127.0.0.1/39679] INFO  http.HttpServer2 (HttpServer2.java:addGlobalFilter(1031)) - Added global filter 'safety' (class=org.apache.hadoop.hdds.server.http.HttpServer2$QuotingInputFilter)
2023-04-11 11:25:17,968 [Listener at 127.0.0.1/39679] INFO  http.HttpServer2 (HttpServer2.java:addFilter(1007)) - Added filter static_user_filter (class=org.apache.hadoop.http.lib.StaticUserWebFilter$StaticUserFilter) to context hddsDatanode
2023-04-11 11:25:17,968 [Listener at 127.0.0.1/39679] INFO  http.HttpServer2 (HttpServer2.java:addFilter(1015)) - Added filter static_user_filter (class=org.apache.hadoop.http.lib.StaticUserWebFilter$StaticUserFilter) to context logs
2023-04-11 11:25:17,968 [Listener at 127.0.0.1/39679] INFO  http.HttpServer2 (HttpServer2.java:addFilter(1015)) - Added filter static_user_filter (class=org.apache.hadoop.http.lib.StaticUserWebFilter$StaticUserFilter) to context static
2023-04-11 11:25:17,969 [Listener at 127.0.0.1/39679] INFO  http.BaseHttpServer (BaseHttpServer.java:<init>(190)) - HTTP server of hddsDatanode uses base directory /home/runner/work/ozone/ozone/hadoop-ozone/integration-test/target/test-dir/MiniOzoneClusterImpl-1c4368e0-208c-48c5-9b0c-56c20ccf1352/datanode-3/meta/webserver
2023-04-11 11:25:17,969 [Listener at 127.0.0.1/39679] INFO  http.HttpServer2 (HttpServer2.java:bindListener(1250)) - Jetty bound to port 44051
2023-04-11 11:25:17,969 [Listener at 127.0.0.1/39679] INFO  server.Server (Server.java:doStart(375)) - jetty-9.4.49.v20220914; built: 2022-09-14T01:07:36.601Z; git: 4231a3b2e4cb8548a412a789936d640a97b1aa0a; jvm 1.8.0_362-b09
2023-04-11 11:25:17,972 [Listener at 127.0.0.1/39679] INFO  server.session (DefaultSessionIdManager.java:doStart(334)) - DefaultSessionIdManager workerName=node0
2023-04-11 11:25:17,972 [Listener at 127.0.0.1/39679] INFO  server.session (DefaultSessionIdManager.java:doStart(339)) - No SessionScavenger set, using defaults
2023-04-11 11:25:17,974 [Listener at 127.0.0.1/39679] INFO  server.session (HouseKeeper.java:startScavenging(132)) - node0 Scavenging every 660000ms
2023-04-11 11:25:17,974 [Listener at 127.0.0.1/39679] INFO  handler.ContextHandler (ContextHandler.java:doStart(921)) - Started o.e.j.s.ServletContextHandler@f578a04{logs,/logs,file:///home/runner/work/ozone/ozone/hadoop-ozone/integration-test/target/log,AVAILABLE}
2023-04-11 11:25:17,975 [Listener at 127.0.0.1/39679] INFO  handler.ContextHandler (ContextHandler.java:doStart(921)) - Started o.e.j.s.ServletContextHandler@5f610784{static,/static,jar:file:/home/runner/.m2/repository/org/apache/ozone/hdds-container-service/1.4.0-SNAPSHOT/hdds-container-service-1.4.0-SNAPSHOT.jar!/webapps/static,AVAILABLE}
2023-04-11 11:25:18,171 [Listener at 127.0.0.1/39679] INFO  handler.ContextHandler (ContextHandler.java:doStart(921)) - Started o.e.j.w.WebAppContext@21220fea{hddsDatanode,/,file:///home/runner/work/ozone/ozone/hadoop-ozone/integration-test/target/test-dir/MiniOzoneClusterImpl-1c4368e0-208c-48c5-9b0c-56c20ccf1352/datanode-3/meta/webserver/jetty-0_0_0_0-44051-hdds-container-service-1_4_0-SNAPSHOT_jar-_-any-5127882460928694697/webapp/,AVAILABLE}{jar:file:/home/runner/.m2/repository/org/apache/ozone/hdds-container-service/1.4.0-SNAPSHOT/hdds-container-service-1.4.0-SNAPSHOT.jar!/webapps/hddsDatanode}
2023-04-11 11:25:18,175 [Listener at 127.0.0.1/39679] INFO  server.AbstractConnector (AbstractConnector.java:doStart(333)) - Started ServerConnector@704d6a4a{HTTP/1.1, (http/1.1)}{0.0.0.0:44051}
2023-04-11 11:25:18,175 [Listener at 127.0.0.1/39679] INFO  server.Server (Server.java:doStart(415)) - Started @132802ms
2023-04-11 11:25:18,175 [Listener at 127.0.0.1/39679] WARN  impl.MetricsSystemImpl (MetricsSystemImpl.java:register(279)) - Sink prometheus already exists!
2023-04-11 11:25:18,176 [Listener at 127.0.0.1/39679] INFO  http.BaseHttpServer (BaseHttpServer.java:updateConnectorAddress(344)) - HTTP server of hddsDatanode listening at http://0.0.0.0:44051
2023-04-11 11:25:18,176 [Datanode State Machine Daemon Thread] INFO  statemachine.DatanodeStateMachine (DatanodeStateMachine.java:lambda$startDaemon$0(517)) - Ozone container server started.
2023-04-11 11:25:18,176 [Listener at 127.0.0.1/39679] WARN  impl.MetricRegistriesImpl (MetricRegistriesImpl.java:addReporterRegistration(111)) - New reporters are added after registries were created. Some metrics will be missing from the reporter. Please add reporter before adding any new registry.
2023-04-11 11:25:18,178 [Listener at 127.0.0.1/39679] WARN  impl.MetricRegistriesImpl (MetricRegistriesImpl.java:addReporterRegistration(111)) - New reporters are added after registries were created. Some metrics will be missing from the reporter. Please add reporter before adding any new registry.
2023-04-11 11:25:18,178 [Listener at 127.0.0.1/39679] INFO  impl.MetricsSystemImpl (MetricsSystemImpl.java:init(158)) - HddsDatanode metrics system started (again)
2023-04-11 11:25:18,189 [Listener at 127.0.0.1/39679] INFO  ozone.HddsDatanodeService (HddsDatanodeService.java:start(252)) - HddsDatanodeService host:fv-az590-525.scpgifznvsounmmscp2whtfmwe.cx.internal.cloudapp.net ip:10.1.0.37
2023-04-11 11:25:18,190 [org.apache.hadoop.util.JvmPauseMonitor$Monitor@79895487] INFO  util.JvmPauseMonitor (JvmPauseMonitor.java:run(188)) - Starting JVM pause monitor
2023-04-11 11:25:18,196 [Datanode State Machine Task Thread - 0] INFO  datanode.InitDatanodeState (InitDatanodeState.java:persistContainerDatanodeDetails(138)) - DatanodeDetails is persisted to /home/runner/work/ozone/ozone/hadoop-ozone/integration-test/target/test-dir/MiniOzoneClusterImpl-1c4368e0-208c-48c5-9b0c-56c20ccf1352/datanode-3/meta/datanode.id
2023-04-11 11:25:18,215 [Listener at 127.0.0.1/39679] INFO  upgrade.AbstractLayoutVersionManager (AbstractLayoutVersionManager.java:init(83)) - Initializing Layout version manager with metadata layout = WEBUI_PORTS_IN_DATANODEDETAILS (version = 6), software layout = WEBUI_PORTS_IN_DATANODEDETAILS (version = 6)
2023-04-11 11:25:18,263 [Listener at 127.0.0.1/39679] INFO  reflections.Reflections (Reflections.java:scan(232)) - Reflections took 46 ms to scan 7 urls, producing 156 keys and 369 values 
2023-04-11 11:25:18,264 [Listener at 127.0.0.1/39679] INFO  statemachine.DatanodeStateMachine (DatanodeStateMachine.java:getEndPointTaskThreadPoolSize(260)) - Datanode State Machine Task Thread Pool size 2
2023-04-11 11:25:18,267 [Listener at 127.0.0.1/39679] INFO  volume.HddsVolume (HddsVolume.java:<init>(130)) - Creating HddsVolume: /home/runner/work/ozone/ozone/hadoop-ozone/integration-test/target/test-dir/MiniOzoneClusterImpl-1c4368e0-208c-48c5-9b0c-56c20ccf1352/datanode-4/data-0/containers/hdds of storage type : DISK capacity : 9223372036854775807
2023-04-11 11:25:18,267 [Listener at 127.0.0.1/39679] INFO  volume.MutableVolumeSet (MutableVolumeSet.java:initializeVolumeSet(175)) - Added Volume : /home/runner/work/ozone/ozone/hadoop-ozone/integration-test/target/test-dir/MiniOzoneClusterImpl-1c4368e0-208c-48c5-9b0c-56c20ccf1352/datanode-4/data-0/containers/hdds to VolumeSet
2023-04-11 11:25:18,267 [Listener at 127.0.0.1/39679] INFO  volume.ThrottledAsyncChecker (ThrottledAsyncChecker.java:schedule(141)) - Scheduling a check for /home/runner/work/ozone/ozone/hadoop-ozone/integration-test/target/test-dir/MiniOzoneClusterImpl-1c4368e0-208c-48c5-9b0c-56c20ccf1352/datanode-4/data-0/containers/hdds
2023-04-11 11:25:18,269 [Listener at 127.0.0.1/39679] INFO  volume.StorageVolumeChecker (StorageVolumeChecker.java:checkAllVolumes(202)) - Scheduled health check for volume /home/runner/work/ozone/ozone/hadoop-ozone/integration-test/target/test-dir/MiniOzoneClusterImpl-1c4368e0-208c-48c5-9b0c-56c20ccf1352/datanode-4/data-0/containers/hdds
2023-04-11 11:25:18,281 [Listener at 127.0.0.1/39679] INFO  volume.MutableVolumeSet (MutableVolumeSet.java:initializeVolumeSet(175)) - Added Volume : /home/runner/work/ozone/ozone/hadoop-ozone/integration-test/target/test-dir/MiniOzoneClusterImpl-1c4368e0-208c-48c5-9b0c-56c20ccf1352/datanode-4/data/ratis to VolumeSet
2023-04-11 11:25:18,281 [Listener at 127.0.0.1/39679] INFO  volume.ThrottledAsyncChecker (ThrottledAsyncChecker.java:schedule(141)) - Scheduling a check for /home/runner/work/ozone/ozone/hadoop-ozone/integration-test/target/test-dir/MiniOzoneClusterImpl-1c4368e0-208c-48c5-9b0c-56c20ccf1352/datanode-4/data/ratis
2023-04-11 11:25:18,281 [Listener at 127.0.0.1/39679] INFO  volume.StorageVolumeChecker (StorageVolumeChecker.java:checkAllVolumes(202)) - Scheduled health check for volume /home/runner/work/ozone/ozone/hadoop-ozone/integration-test/target/test-dir/MiniOzoneClusterImpl-1c4368e0-208c-48c5-9b0c-56c20ccf1352/datanode-4/data/ratis
2023-04-11 11:25:18,292 [Thread-1047] INFO  ozoneimpl.ContainerReader (ContainerReader.java:readVolume(175)) - Finish verifying containers on volume /home/runner/work/ozone/ozone/hadoop-ozone/integration-test/target/test-dir/MiniOzoneClusterImpl-1c4368e0-208c-48c5-9b0c-56c20ccf1352/datanode-4/data-0/containers/hdds
2023-04-11 11:25:18,292 [Listener at 127.0.0.1/39679] INFO  ozoneimpl.OzoneContainer (OzoneContainer.java:buildContainerSet(303)) - Build ContainerSet costs 0s
2023-04-11 11:25:18,296 [Listener at 127.0.0.1/39679] INFO  server.RaftServer (ConfUtils.java:logGet(46)) - raft.rpc.type = GRPC (default)
2023-04-11 11:25:18,296 [Listener at 127.0.0.1/39679] INFO  grpc.GrpcConfigKeys (ConfUtils.java:logFallback(53)) - raft.grpc.admin.host = null (fallback to raft.grpc.server.host)
2023-04-11 11:25:18,296 [Listener at 127.0.0.1/39679] INFO  grpc.GrpcConfigKeys (ConfUtils.java:logGet(46)) - raft.grpc.admin.port = 0 (custom)
2023-04-11 11:25:18,296 [Listener at 127.0.0.1/39679] INFO  grpc.GrpcConfigKeys (ConfUtils.java:logFallback(53)) - raft.grpc.client.host = null (fallback to raft.grpc.server.host)
2023-04-11 11:25:18,297 [Listener at 127.0.0.1/39679] INFO  grpc.GrpcConfigKeys (ConfUtils.java:logGet(46)) - raft.grpc.client.port = 0 (custom)
2023-04-11 11:25:18,297 [Listener at 127.0.0.1/39679] INFO  grpc.GrpcConfigKeys (ConfUtils.java:logGet(46)) - raft.grpc.server.host = null (default)
2023-04-11 11:25:18,297 [Listener at 127.0.0.1/39679] INFO  grpc.GrpcConfigKeys (ConfUtils.java:logGet(46)) - raft.grpc.server.port = 0 (default)
2023-04-11 11:25:18,297 [Listener at 127.0.0.1/39679] INFO  server.GrpcService (ConfUtils.java:logGet(46)) - raft.grpc.message.size.max = 32MB (=33554432) (custom)
2023-04-11 11:25:18,297 [Listener at 127.0.0.1/39679] INFO  server.RaftServerConfigKeys (ConfUtils.java:logGet(46)) - raft.server.log.appender.buffer.byte-limit = 33554432 (custom)
2023-04-11 11:25:18,297 [Listener at 127.0.0.1/39679] INFO  server.GrpcService (ConfUtils.java:logGet(46)) - raft.grpc.flow.control.window = 5MB (=5242880) (custom)
2023-04-11 11:25:18,297 [Listener at 127.0.0.1/39679] INFO  server.RaftServerConfigKeys (ConfUtils.java:logGet(46)) - raft.server.rpc.request.timeout = 60s (custom)
2023-04-11 11:25:18,297 [Listener at 127.0.0.1/39679] INFO  grpc.GrpcConfigKeys (ConfUtils.java:logGet(46)) - raft.grpc.server.heartbeat.channel = true (default)
2023-04-11 11:25:18,297 [Listener at 127.0.0.1/39679] INFO  grpc.GrpcConfigKeys (ConfUtils.java:logGet(46)) - raft.grpc.server.async.request.thread.pool.cached = true (default)
2023-04-11 11:25:18,297 [Listener at 127.0.0.1/39679] INFO  grpc.GrpcConfigKeys (ConfUtils.java:logGet(46)) - raft.grpc.server.async.request.thread.pool.size = 32 (default)
2023-04-11 11:25:18,301 [Listener at 127.0.0.1/39679] INFO  impl.DataStreamServerImpl (ConfUtils.java:logGet(46)) - raft.datastream.type = NETTY (custom)
2023-04-11 11:25:18,301 [Listener at 127.0.0.1/39679] INFO  server.RaftServerConfigKeys (ConfUtils.java:logGet(46)) - raft.server.data-stream.async.request.thread.pool.cached = false (default)
2023-04-11 11:25:18,302 [Listener at 127.0.0.1/39679] INFO  server.RaftServerConfigKeys (ConfUtils.java:logGet(46)) - raft.server.data-stream.async.request.thread.pool.size = 20 (custom)
2023-04-11 11:25:18,302 [Listener at 127.0.0.1/39679] INFO  server.RaftServerConfigKeys (ConfUtils.java:logGet(46)) - raft.server.data-stream.async.write.thread.pool.size = 16 (default)
2023-04-11 11:25:18,302 [Listener at 127.0.0.1/39679] INFO  server.RaftServerConfigKeys (ConfUtils.java:logGet(46)) - raft.server.data-stream.client.pool.size = 10 (default)
2023-04-11 11:25:18,302 [Listener at 127.0.0.1/39679] INFO  netty.NettyConfigKeys$DataStream (ConfUtils.java:logGet(46)) - raft.netty.dataStream.server.use-epoll = false (default)
2023-04-11 11:25:18,302 [Listener at 127.0.0.1/39679] INFO  netty.NettyConfigKeys$DataStream (ConfUtils.java:logGet(46)) - raft.netty.dataStream.server.boss-group.size = 0 (default)
2023-04-11 11:25:18,302 [Listener at 127.0.0.1/39679] INFO  netty.NettyConfigKeys$DataStream (ConfUtils.java:logGet(46)) - raft.netty.dataStream.server.worker-group.size = 0 (default)
2023-04-11 11:25:18,303 [Listener at 127.0.0.1/39679] INFO  netty.NettyConfigKeys$DataStream (ConfUtils.java:logGet(46)) - raft.netty.dataStream.server.tls.conf = null (default)
2023-04-11 11:25:18,303 [Listener at 127.0.0.1/39679] INFO  netty.NettyConfigKeys$DataStream (ConfUtils.java:logGet(46)) - raft.netty.dataStream.host = null (default)
2023-04-11 11:25:18,303 [Listener at 127.0.0.1/39679] INFO  netty.NettyConfigKeys$DataStream (ConfUtils.java:logGet(46)) - raft.netty.dataStream.port = 0 (default)
2023-04-11 11:25:18,305 [Listener at 127.0.0.1/39679] INFO  server.RaftServerConfigKeys (ConfUtils.java:logGet(46)) - raft.server.threadpool.proxy.cached = true (default)
2023-04-11 11:25:18,305 [Listener at 127.0.0.1/39679] INFO  server.RaftServerConfigKeys (ConfUtils.java:logGet(46)) - raft.server.threadpool.proxy.size = 0 (default)
2023-04-11 11:25:18,305 [Listener at 127.0.0.1/39679] INFO  server.RaftServerConfigKeys (ConfUtils.java:logGet(46)) - raft.server.rpc.slowness.timeout = 300s (custom)
2023-04-11 11:25:18,306 [00d37185-0744-49d2-a2a1-ceac977c9e2d-NettyServerStreamRpc-bossGroup--thread1] INFO  logging.LoggingHandler (AbstractInternalLogger.java:log(148)) - [id: 0x3e636ccc] REGISTERED
2023-04-11 11:25:18,306 [Listener at 127.0.0.1/39679] INFO  server.RaftServerConfigKeys (ConfUtils.java:logGet(46)) - raft.server.leaderelection.leader.step-down.wait-time = 10s (default)
2023-04-11 11:25:18,306 [00d37185-0744-49d2-a2a1-ceac977c9e2d-NettyServerStreamRpc-bossGroup--thread1] INFO  logging.LoggingHandler (AbstractInternalLogger.java:log(148)) - [id: 0x3e636ccc] BIND: 0.0.0.0/0.0.0.0:0
2023-04-11 11:25:18,306 [Listener at 127.0.0.1/39679] INFO  server.RaftServerConfigKeys (ConfUtils.java:logGet(46)) - raft.server.storage.dir = [/home/runner/work/ozone/ozone/hadoop-ozone/integration-test/target/test-dir/MiniOzoneClusterImpl-1c4368e0-208c-48c5-9b0c-56c20ccf1352/datanode-4/data/ratis] (custom)
2023-04-11 11:25:18,306 [00d37185-0744-49d2-a2a1-ceac977c9e2d-NettyServerStreamRpc-bossGroup--thread1] INFO  logging.LoggingHandler (AbstractInternalLogger.java:log(148)) - [id: 0x3e636ccc, L:/0:0:0:0:0:0:0:0:35105] ACTIVE
2023-04-11 11:25:18,308 [Listener at 127.0.0.1/39679] INFO  server.XceiverServerGrpc (XceiverServerGrpc.java:<init>(132)) - GrpcServer channel type EpollServerSocketChannel
2023-04-11 11:25:18,311 [Listener at 127.0.0.1/39679] INFO  http.BaseHttpServer (BaseHttpServer.java:newHttpServer2BuilderForOzone(224)) - Starting Web-server for hddsDatanode at: http://0.0.0.0:0
2023-04-11 11:25:18,311 [Listener at 127.0.0.1/39679] INFO  http.BaseHttpServer (BaseHttpServer.java:<init>(111)) - Hadoop Security Enabled: false Ozone Security Enabled: false Ozone HTTP Security Enabled: false 
2023-04-11 11:25:18,312 [Listener at 127.0.0.1/39679] WARN  server.AuthenticationFilter (AuthenticationFilter.java:constructSecretProvider(240)) - Unable to initialize FileSignerSecretProvider, falling back to use random secrets. Reason: Could not read signature secret file: /home/runner/hadoop-http-auth-signature-secret
2023-04-11 11:25:18,314 [Listener at 127.0.0.1/39679] WARN  http.HttpRequestLog (HttpRequestLog.java:getRequestLog(103)) - Jetty request log can only be enabled using Log4j
2023-04-11 11:25:18,315 [Listener at 127.0.0.1/39679] INFO  http.HttpServer2 (HttpServer2.java:addGlobalFilter(1031)) - Added global filter 'safety' (class=org.apache.hadoop.hdds.server.http.HttpServer2$QuotingInputFilter)
2023-04-11 11:25:18,315 [Listener at 127.0.0.1/39679] INFO  http.HttpServer2 (HttpServer2.java:addFilter(1007)) - Added filter static_user_filter (class=org.apache.hadoop.http.lib.StaticUserWebFilter$StaticUserFilter) to context hddsDatanode
2023-04-11 11:25:18,316 [Listener at 127.0.0.1/39679] INFO  http.HttpServer2 (HttpServer2.java:addFilter(1015)) - Added filter static_user_filter (class=org.apache.hadoop.http.lib.StaticUserWebFilter$StaticUserFilter) to context static
2023-04-11 11:25:18,316 [Listener at 127.0.0.1/39679] INFO  http.HttpServer2 (HttpServer2.java:addFilter(1015)) - Added filter static_user_filter (class=org.apache.hadoop.http.lib.StaticUserWebFilter$StaticUserFilter) to context logs
2023-04-11 11:25:18,317 [Listener at 127.0.0.1/39679] INFO  http.BaseHttpServer (BaseHttpServer.java:<init>(190)) - HTTP server of hddsDatanode uses base directory /home/runner/work/ozone/ozone/hadoop-ozone/integration-test/target/test-dir/MiniOzoneClusterImpl-1c4368e0-208c-48c5-9b0c-56c20ccf1352/datanode-4/meta/webserver
2023-04-11 11:25:18,317 [Listener at 127.0.0.1/39679] INFO  http.HttpServer2 (HttpServer2.java:bindListener(1250)) - Jetty bound to port 35805
2023-04-11 11:25:18,317 [Listener at 127.0.0.1/39679] INFO  server.Server (Server.java:doStart(375)) - jetty-9.4.49.v20220914; built: 2022-09-14T01:07:36.601Z; git: 4231a3b2e4cb8548a412a789936d640a97b1aa0a; jvm 1.8.0_362-b09
2023-04-11 11:25:18,322 [Listener at 127.0.0.1/39679] INFO  server.session (DefaultSessionIdManager.java:doStart(334)) - DefaultSessionIdManager workerName=node0
2023-04-11 11:25:18,322 [Listener at 127.0.0.1/39679] INFO  server.session (DefaultSessionIdManager.java:doStart(339)) - No SessionScavenger set, using defaults
2023-04-11 11:25:18,322 [Listener at 127.0.0.1/39679] INFO  server.session (HouseKeeper.java:startScavenging(132)) - node0 Scavenging every 660000ms
2023-04-11 11:25:18,323 [Listener at 127.0.0.1/39679] INFO  handler.ContextHandler (ContextHandler.java:doStart(921)) - Started o.e.j.s.ServletContextHandler@5695a0ce{logs,/logs,file:///home/runner/work/ozone/ozone/hadoop-ozone/integration-test/target/log,AVAILABLE}
2023-04-11 11:25:18,324 [Listener at 127.0.0.1/39679] INFO  handler.ContextHandler (ContextHandler.java:doStart(921)) - Started o.e.j.s.ServletContextHandler@7d5103c5{static,/static,jar:file:/home/runner/.m2/repository/org/apache/ozone/hdds-container-service/1.4.0-SNAPSHOT/hdds-container-service-1.4.0-SNAPSHOT.jar!/webapps/static,AVAILABLE}
2023-04-11 11:25:18,532 [Listener at 127.0.0.1/39679] INFO  handler.ContextHandler (ContextHandler.java:doStart(921)) - Started o.e.j.w.WebAppContext@7c945d81{hddsDatanode,/,file:///home/runner/work/ozone/ozone/hadoop-ozone/integration-test/target/test-dir/MiniOzoneClusterImpl-1c4368e0-208c-48c5-9b0c-56c20ccf1352/datanode-4/meta/webserver/jetty-0_0_0_0-35805-hdds-container-service-1_4_0-SNAPSHOT_jar-_-any-4727068568138355421/webapp/,AVAILABLE}{jar:file:/home/runner/.m2/repository/org/apache/ozone/hdds-container-service/1.4.0-SNAPSHOT/hdds-container-service-1.4.0-SNAPSHOT.jar!/webapps/hddsDatanode}
2023-04-11 11:25:18,534 [Listener at 127.0.0.1/39679] INFO  server.AbstractConnector (AbstractConnector.java:doStart(333)) - Started ServerConnector@698b4f94{HTTP/1.1, (http/1.1)}{0.0.0.0:35805}
2023-04-11 11:25:18,534 [Listener at 127.0.0.1/39679] INFO  server.Server (Server.java:doStart(415)) - Started @133161ms
2023-04-11 11:25:18,534 [Listener at 127.0.0.1/39679] WARN  impl.MetricsSystemImpl (MetricsSystemImpl.java:register(279)) - Sink prometheus already exists!
2023-04-11 11:25:18,535 [Listener at 127.0.0.1/39679] INFO  http.BaseHttpServer (BaseHttpServer.java:updateConnectorAddress(344)) - HTTP server of hddsDatanode listening at http://0.0.0.0:35805
2023-04-11 11:25:18,535 [Listener at 127.0.0.1/39679] INFO  ozone.MiniOzoneClusterImpl (MiniOzoneClusterImpl.java:lambda$waitForClusterToBeReady$0(222)) - Waiting for nodes to be ready. Got 0 of 5 DN Heartbeats.
2023-04-11 11:25:18,535 [Listener at 127.0.0.1/39679] INFO  ozone.MiniOzoneClusterImpl (MiniOzoneClusterImpl.java:lambda$waitForClusterToBeReady$0(225)) - Waiting for cluster to exit safe mode
2023-04-11 11:25:18,536 [Listener at 127.0.0.1/39679] INFO  ozone.MiniOzoneClusterImpl (MiniOzoneClusterImpl.java:lambda$waitForClusterToBeReady$0(227)) - SCM became leader
2023-04-11 11:25:18,536 [Datanode State Machine Daemon Thread] INFO  statemachine.DatanodeStateMachine (DatanodeStateMachine.java:lambda$startDaemon$0(517)) - Ozone container server started.
2023-04-11 11:25:18,550 [org.apache.hadoop.util.JvmPauseMonitor$Monitor@143a92d5] INFO  util.JvmPauseMonitor (JvmPauseMonitor.java:run(188)) - Starting JVM pause monitor
2023-04-11 11:25:18,553 [Datanode State Machine Task Thread - 0] INFO  datanode.InitDatanodeState (InitDatanodeState.java:persistContainerDatanodeDetails(138)) - DatanodeDetails is persisted to /home/runner/work/ozone/ozone/hadoop-ozone/integration-test/target/test-dir/MiniOzoneClusterImpl-1c4368e0-208c-48c5-9b0c-56c20ccf1352/datanode-4/meta/datanode.id
2023-04-11 11:25:19,137 [EndpointStateMachine task thread for /0.0.0.0:45527 - 0 ] INFO  utils.DatanodeStoreCache (DatanodeStoreCache.java:addDB(58)) - Added db /home/runner/work/ozone/ozone/hadoop-ozone/integration-test/target/test-dir/MiniOzoneClusterImpl-1c4368e0-208c-48c5-9b0c-56c20ccf1352/datanode-0/data-0/containers/hdds/1c4368e0-208c-48c5-9b0c-56c20ccf1352/DS-e98d6f34-10ac-4355-b533-3f43e3d94247/container.db to cache
2023-04-11 11:25:19,137 [EndpointStateMachine task thread for /0.0.0.0:45527 - 0 ] INFO  volume.HddsVolume (HddsVolume.java:createDbStore(350)) - SchemaV3 db is created and loaded at /home/runner/work/ozone/ozone/hadoop-ozone/integration-test/target/test-dir/MiniOzoneClusterImpl-1c4368e0-208c-48c5-9b0c-56c20ccf1352/datanode-0/data-0/containers/hdds/1c4368e0-208c-48c5-9b0c-56c20ccf1352/DS-e98d6f34-10ac-4355-b533-3f43e3d94247/container.db for volume DS-e98d6f34-10ac-4355-b533-3f43e3d94247
2023-04-11 11:25:19,137 [EndpointStateMachine task thread for /0.0.0.0:45527 - 0 ] INFO  ozoneimpl.OzoneContainer (OzoneContainer.java:start(397)) - Attempting to start container services.
2023-04-11 11:25:19,138 [EndpointStateMachine task thread for /0.0.0.0:45527 - 0 ] INFO  ozoneimpl.OzoneContainer (OzoneContainer.java:startContainerScrub(314)) - Scheduled background container scanners and the on-demand container scanner have been disabled.
2023-04-11 11:25:19,141 [EndpointStateMachine task thread for /0.0.0.0:45527 - 0 ] INFO  replication.ReplicationServer (ReplicationServer.java:start(109)) - ReplicationServer is started using port 37987
2023-04-11 11:25:19,141 [EndpointStateMachine task thread for /0.0.0.0:45527 - 0 ] INFO  ratis.XceiverServerRatis (XceiverServerRatis.java:start(517)) - Starting XceiverServerRatis 27a39a48-bb81-47fe-95ba-2ac18a68ea79
2023-04-11 11:25:19,142 [EndpointStateMachine task thread for /0.0.0.0:45527 - 0 ] INFO  server.RaftServer (RaftServerProxy.java:startImpl(393)) - 27a39a48-bb81-47fe-95ba-2ac18a68ea79: start RPC server
2023-04-11 11:25:19,148 [EndpointStateMachine task thread for /0.0.0.0:45527 - 0 ] INFO  server.GrpcService (GrpcService.java:startImpl(262)) - 27a39a48-bb81-47fe-95ba-2ac18a68ea79: GrpcService started, listening on 41701
2023-04-11 11:25:19,148 [EndpointStateMachine task thread for /0.0.0.0:45527 - 0 ] INFO  ratis.XceiverServerRatis (XceiverServerRatis.java:getRealPort(543)) - XceiverServerRatis 27a39a48-bb81-47fe-95ba-2ac18a68ea79 is started using port 41701 for RATIS
2023-04-11 11:25:19,148 [EndpointStateMachine task thread for /0.0.0.0:45527 - 0 ] INFO  ratis.XceiverServerRatis (XceiverServerRatis.java:getRealPort(543)) - XceiverServerRatis 27a39a48-bb81-47fe-95ba-2ac18a68ea79 is started using port 41701 for RATIS_ADMIN
2023-04-11 11:25:19,148 [JvmPauseMonitor12] INFO  util.JvmPauseMonitor (JvmPauseMonitor.java:run(105)) - JvmPauseMonitor-27a39a48-bb81-47fe-95ba-2ac18a68ea79: Started
2023-04-11 11:25:19,148 [EndpointStateMachine task thread for /0.0.0.0:45527 - 0 ] INFO  ratis.XceiverServerRatis (XceiverServerRatis.java:getRealPort(543)) - XceiverServerRatis 27a39a48-bb81-47fe-95ba-2ac18a68ea79 is started using port 41701 for RATIS_SERVER
2023-04-11 11:25:19,148 [EndpointStateMachine task thread for /0.0.0.0:45527 - 0 ] INFO  ratis.XceiverServerRatis (XceiverServerRatis.java:getRealPort(543)) - XceiverServerRatis 27a39a48-bb81-47fe-95ba-2ac18a68ea79 is started using port 45441 for RATIS_DATASTREAM
2023-04-11 11:25:19,151 [EndpointStateMachine task thread for /0.0.0.0:45527 - 0 ] INFO  server.XceiverServerGrpc (XceiverServerGrpc.java:start(180)) - XceiverServerGrpc 27a39a48-bb81-47fe-95ba-2ac18a68ea79 is started using port 40613
2023-04-11 11:25:19,157 [BlockDeletingService#0] INFO  interfaces.ContainerDeletionChoosingPolicyTemplate (ContainerDeletionChoosingPolicyTemplate.java:chooseContainerForBlockDeletion(83)) - Chosen 0/5000 blocks from 0 candidate containers.
2023-04-11 11:25:19,516 [EndpointStateMachine task thread for /0.0.0.0:45527 - 0 ] INFO  utils.DatanodeStoreCache (DatanodeStoreCache.java:addDB(58)) - Added db /home/runner/work/ozone/ozone/hadoop-ozone/integration-test/target/test-dir/MiniOzoneClusterImpl-1c4368e0-208c-48c5-9b0c-56c20ccf1352/datanode-1/data-0/containers/hdds/1c4368e0-208c-48c5-9b0c-56c20ccf1352/DS-1c8c4bc3-fe29-4dc0-afde-e18135a8bcf7/container.db to cache
2023-04-11 11:25:19,516 [EndpointStateMachine task thread for /0.0.0.0:45527 - 0 ] INFO  volume.HddsVolume (HddsVolume.java:createDbStore(350)) - SchemaV3 db is created and loaded at /home/runner/work/ozone/ozone/hadoop-ozone/integration-test/target/test-dir/MiniOzoneClusterImpl-1c4368e0-208c-48c5-9b0c-56c20ccf1352/datanode-1/data-0/containers/hdds/1c4368e0-208c-48c5-9b0c-56c20ccf1352/DS-1c8c4bc3-fe29-4dc0-afde-e18135a8bcf7/container.db for volume DS-1c8c4bc3-fe29-4dc0-afde-e18135a8bcf7
2023-04-11 11:25:19,517 [EndpointStateMachine task thread for /0.0.0.0:45527 - 0 ] INFO  ozoneimpl.OzoneContainer (OzoneContainer.java:start(397)) - Attempting to start container services.
2023-04-11 11:25:19,517 [EndpointStateMachine task thread for /0.0.0.0:45527 - 0 ] INFO  ozoneimpl.OzoneContainer (OzoneContainer.java:startContainerScrub(314)) - Scheduled background container scanners and the on-demand container scanner have been disabled.
2023-04-11 11:25:19,522 [EndpointStateMachine task thread for /0.0.0.0:45527 - 0 ] INFO  replication.ReplicationServer (ReplicationServer.java:start(109)) - ReplicationServer is started using port 34867
2023-04-11 11:25:19,522 [EndpointStateMachine task thread for /0.0.0.0:45527 - 0 ] INFO  ratis.XceiverServerRatis (XceiverServerRatis.java:start(517)) - Starting XceiverServerRatis 05ccd17e-9552-4505-90bd-a622c50008e8
2023-04-11 11:25:19,522 [EndpointStateMachine task thread for /0.0.0.0:45527 - 0 ] INFO  server.RaftServer (RaftServerProxy.java:startImpl(393)) - 05ccd17e-9552-4505-90bd-a622c50008e8: start RPC server
2023-04-11 11:25:19,526 [EndpointStateMachine task thread for /0.0.0.0:45527 - 0 ] INFO  server.GrpcService (GrpcService.java:startImpl(262)) - 05ccd17e-9552-4505-90bd-a622c50008e8: GrpcService started, listening on 41579
2023-04-11 11:25:19,526 [EndpointStateMachine task thread for /0.0.0.0:45527 - 0 ] INFO  ratis.XceiverServerRatis (XceiverServerRatis.java:getRealPort(543)) - XceiverServerRatis 05ccd17e-9552-4505-90bd-a622c50008e8 is started using port 41579 for RATIS
2023-04-11 11:25:19,526 [JvmPauseMonitor13] INFO  util.JvmPauseMonitor (JvmPauseMonitor.java:run(105)) - JvmPauseMonitor-05ccd17e-9552-4505-90bd-a622c50008e8: Started
2023-04-11 11:25:19,526 [EndpointStateMachine task thread for /0.0.0.0:45527 - 0 ] INFO  ratis.XceiverServerRatis (XceiverServerRatis.java:getRealPort(543)) - XceiverServerRatis 05ccd17e-9552-4505-90bd-a622c50008e8 is started using port 41579 for RATIS_ADMIN
2023-04-11 11:25:19,526 [EndpointStateMachine task thread for /0.0.0.0:45527 - 0 ] INFO  ratis.XceiverServerRatis (XceiverServerRatis.java:getRealPort(543)) - XceiverServerRatis 05ccd17e-9552-4505-90bd-a622c50008e8 is started using port 41579 for RATIS_SERVER
2023-04-11 11:25:19,526 [EndpointStateMachine task thread for /0.0.0.0:45527 - 0 ] INFO  ratis.XceiverServerRatis (XceiverServerRatis.java:getRealPort(543)) - XceiverServerRatis 05ccd17e-9552-4505-90bd-a622c50008e8 is started using port 46539 for RATIS_DATASTREAM
2023-04-11 11:25:19,530 [EndpointStateMachine task thread for /0.0.0.0:45527 - 0 ] INFO  server.XceiverServerGrpc (XceiverServerGrpc.java:start(180)) - XceiverServerGrpc 05ccd17e-9552-4505-90bd-a622c50008e8 is started using port 36649
2023-04-11 11:25:19,532 [BlockDeletingService#0] INFO  interfaces.ContainerDeletionChoosingPolicyTemplate (ContainerDeletionChoosingPolicyTemplate.java:chooseContainerForBlockDeletion(83)) - Chosen 0/5000 blocks from 0 candidate containers.
2023-04-11 11:25:19,536 [Listener at 127.0.0.1/39679] INFO  ozone.MiniOzoneClusterImpl (MiniOzoneClusterImpl.java:lambda$waitForClusterToBeReady$0(222)) - Waiting for nodes to be ready. Got 0 of 5 DN Heartbeats.
2023-04-11 11:25:19,536 [Listener at 127.0.0.1/39679] INFO  ozone.MiniOzoneClusterImpl (MiniOzoneClusterImpl.java:lambda$waitForClusterToBeReady$0(225)) - Waiting for cluster to exit safe mode
2023-04-11 11:25:19,536 [Listener at 127.0.0.1/39679] INFO  ozone.MiniOzoneClusterImpl (MiniOzoneClusterImpl.java:lambda$waitForClusterToBeReady$0(227)) - SCM became leader
2023-04-11 11:25:19,872 [EndpointStateMachine task thread for /0.0.0.0:45527 - 0 ] INFO  utils.DatanodeStoreCache (DatanodeStoreCache.java:addDB(58)) - Added db /home/runner/work/ozone/ozone/hadoop-ozone/integration-test/target/test-dir/MiniOzoneClusterImpl-1c4368e0-208c-48c5-9b0c-56c20ccf1352/datanode-2/data-0/containers/hdds/1c4368e0-208c-48c5-9b0c-56c20ccf1352/DS-cb6ed1bb-1c8b-44ef-b544-908991aa6fa5/container.db to cache
2023-04-11 11:25:19,873 [EndpointStateMachine task thread for /0.0.0.0:45527 - 0 ] INFO  volume.HddsVolume (HddsVolume.java:createDbStore(350)) - SchemaV3 db is created and loaded at /home/runner/work/ozone/ozone/hadoop-ozone/integration-test/target/test-dir/MiniOzoneClusterImpl-1c4368e0-208c-48c5-9b0c-56c20ccf1352/datanode-2/data-0/containers/hdds/1c4368e0-208c-48c5-9b0c-56c20ccf1352/DS-cb6ed1bb-1c8b-44ef-b544-908991aa6fa5/container.db for volume DS-cb6ed1bb-1c8b-44ef-b544-908991aa6fa5
2023-04-11 11:25:19,873 [EndpointStateMachine task thread for /0.0.0.0:45527 - 0 ] INFO  ozoneimpl.OzoneContainer (OzoneContainer.java:start(397)) - Attempting to start container services.
2023-04-11 11:25:19,873 [EndpointStateMachine task thread for /0.0.0.0:45527 - 0 ] INFO  ozoneimpl.OzoneContainer (OzoneContainer.java:startContainerScrub(314)) - Scheduled background container scanners and the on-demand container scanner have been disabled.
2023-04-11 11:25:19,877 [EndpointStateMachine task thread for /0.0.0.0:45527 - 0 ] INFO  replication.ReplicationServer (ReplicationServer.java:start(109)) - ReplicationServer is started using port 33447
2023-04-11 11:25:19,877 [EndpointStateMachine task thread for /0.0.0.0:45527 - 0 ] INFO  ratis.XceiverServerRatis (XceiverServerRatis.java:start(517)) - Starting XceiverServerRatis c1e7a0ec-ae3b-4726-987d-7d9bf2cc9de6
2023-04-11 11:25:19,877 [EndpointStateMachine task thread for /0.0.0.0:45527 - 0 ] INFO  server.RaftServer (RaftServerProxy.java:startImpl(393)) - c1e7a0ec-ae3b-4726-987d-7d9bf2cc9de6: start RPC server
2023-04-11 11:25:19,882 [EndpointStateMachine task thread for /0.0.0.0:45527 - 0 ] INFO  server.GrpcService (GrpcService.java:startImpl(262)) - c1e7a0ec-ae3b-4726-987d-7d9bf2cc9de6: GrpcService started, listening on 46253
2023-04-11 11:25:19,882 [EndpointStateMachine task thread for /0.0.0.0:45527 - 0 ] INFO  ratis.XceiverServerRatis (XceiverServerRatis.java:getRealPort(543)) - XceiverServerRatis c1e7a0ec-ae3b-4726-987d-7d9bf2cc9de6 is started using port 46253 for RATIS
2023-04-11 11:25:19,882 [EndpointStateMachine task thread for /0.0.0.0:45527 - 0 ] INFO  ratis.XceiverServerRatis (XceiverServerRatis.java:getRealPort(543)) - XceiverServerRatis c1e7a0ec-ae3b-4726-987d-7d9bf2cc9de6 is started using port 46253 for RATIS_ADMIN
2023-04-11 11:25:19,882 [EndpointStateMachine task thread for /0.0.0.0:45527 - 0 ] INFO  ratis.XceiverServerRatis (XceiverServerRatis.java:getRealPort(543)) - XceiverServerRatis c1e7a0ec-ae3b-4726-987d-7d9bf2cc9de6 is started using port 46253 for RATIS_SERVER
2023-04-11 11:25:19,882 [EndpointStateMachine task thread for /0.0.0.0:45527 - 0 ] INFO  ratis.XceiverServerRatis (XceiverServerRatis.java:getRealPort(543)) - XceiverServerRatis c1e7a0ec-ae3b-4726-987d-7d9bf2cc9de6 is started using port 45319 for RATIS_DATASTREAM
2023-04-11 11:25:19,882 [JvmPauseMonitor14] INFO  util.JvmPauseMonitor (JvmPauseMonitor.java:run(105)) - JvmPauseMonitor-c1e7a0ec-ae3b-4726-987d-7d9bf2cc9de6: Started
2023-04-11 11:25:19,888 [EndpointStateMachine task thread for /0.0.0.0:45527 - 0 ] INFO  server.XceiverServerGrpc (XceiverServerGrpc.java:start(180)) - XceiverServerGrpc c1e7a0ec-ae3b-4726-987d-7d9bf2cc9de6 is started using port 40413
2023-04-11 11:25:19,891 [BlockDeletingService#0] INFO  interfaces.ContainerDeletionChoosingPolicyTemplate (ContainerDeletionChoosingPolicyTemplate.java:chooseContainerForBlockDeletion(83)) - Chosen 0/5000 blocks from 0 candidate containers.
2023-04-11 11:25:20,227 [EndpointStateMachine task thread for /0.0.0.0:45527 - 0 ] INFO  utils.DatanodeStoreCache (DatanodeStoreCache.java:addDB(58)) - Added db /home/runner/work/ozone/ozone/hadoop-ozone/integration-test/target/test-dir/MiniOzoneClusterImpl-1c4368e0-208c-48c5-9b0c-56c20ccf1352/datanode-3/data-0/containers/hdds/1c4368e0-208c-48c5-9b0c-56c20ccf1352/DS-4bbdadfc-f490-43bb-8467-67e4dee5ecbf/container.db to cache
2023-04-11 11:25:20,227 [EndpointStateMachine task thread for /0.0.0.0:45527 - 0 ] INFO  volume.HddsVolume (HddsVolume.java:createDbStore(350)) - SchemaV3 db is created and loaded at /home/runner/work/ozone/ozone/hadoop-ozone/integration-test/target/test-dir/MiniOzoneClusterImpl-1c4368e0-208c-48c5-9b0c-56c20ccf1352/datanode-3/data-0/containers/hdds/1c4368e0-208c-48c5-9b0c-56c20ccf1352/DS-4bbdadfc-f490-43bb-8467-67e4dee5ecbf/container.db for volume DS-4bbdadfc-f490-43bb-8467-67e4dee5ecbf
2023-04-11 11:25:20,227 [EndpointStateMachine task thread for /0.0.0.0:45527 - 0 ] INFO  ozoneimpl.OzoneContainer (OzoneContainer.java:start(397)) - Attempting to start container services.
2023-04-11 11:25:20,228 [EndpointStateMachine task thread for /0.0.0.0:45527 - 0 ] INFO  ozoneimpl.OzoneContainer (OzoneContainer.java:startContainerScrub(314)) - Scheduled background container scanners and the on-demand container scanner have been disabled.
2023-04-11 11:25:20,231 [EndpointStateMachine task thread for /0.0.0.0:45527 - 0 ] INFO  replication.ReplicationServer (ReplicationServer.java:start(109)) - ReplicationServer is started using port 42253
2023-04-11 11:25:20,231 [EndpointStateMachine task thread for /0.0.0.0:45527 - 0 ] INFO  ratis.XceiverServerRatis (XceiverServerRatis.java:start(517)) - Starting XceiverServerRatis 1f55909b-7792-4429-a8f4-0e8df975840d
2023-04-11 11:25:20,232 [EndpointStateMachine task thread for /0.0.0.0:45527 - 0 ] INFO  server.RaftServer (RaftServerProxy.java:startImpl(393)) - 1f55909b-7792-4429-a8f4-0e8df975840d: start RPC server
2023-04-11 11:25:20,240 [EndpointStateMachine task thread for /0.0.0.0:45527 - 0 ] INFO  server.GrpcService (GrpcService.java:startImpl(262)) - 1f55909b-7792-4429-a8f4-0e8df975840d: GrpcService started, listening on 38651
2023-04-11 11:25:20,240 [EndpointStateMachine task thread for /0.0.0.0:45527 - 0 ] INFO  ratis.XceiverServerRatis (XceiverServerRatis.java:getRealPort(543)) - XceiverServerRatis 1f55909b-7792-4429-a8f4-0e8df975840d is started using port 38651 for RATIS
2023-04-11 11:25:20,240 [EndpointStateMachine task thread for /0.0.0.0:45527 - 0 ] INFO  ratis.XceiverServerRatis (XceiverServerRatis.java:getRealPort(543)) - XceiverServerRatis 1f55909b-7792-4429-a8f4-0e8df975840d is started using port 38651 for RATIS_ADMIN
2023-04-11 11:25:20,240 [JvmPauseMonitor15] INFO  util.JvmPauseMonitor (JvmPauseMonitor.java:run(105)) - JvmPauseMonitor-1f55909b-7792-4429-a8f4-0e8df975840d: Started
2023-04-11 11:25:20,240 [EndpointStateMachine task thread for /0.0.0.0:45527 - 0 ] INFO  ratis.XceiverServerRatis (XceiverServerRatis.java:getRealPort(543)) - XceiverServerRatis 1f55909b-7792-4429-a8f4-0e8df975840d is started using port 38651 for RATIS_SERVER
2023-04-11 11:25:20,240 [EndpointStateMachine task thread for /0.0.0.0:45527 - 0 ] INFO  ratis.XceiverServerRatis (XceiverServerRatis.java:getRealPort(543)) - XceiverServerRatis 1f55909b-7792-4429-a8f4-0e8df975840d is started using port 37663 for RATIS_DATASTREAM
2023-04-11 11:25:20,243 [EndpointStateMachine task thread for /0.0.0.0:45527 - 0 ] INFO  server.XceiverServerGrpc (XceiverServerGrpc.java:start(180)) - XceiverServerGrpc 1f55909b-7792-4429-a8f4-0e8df975840d is started using port 41251
2023-04-11 11:25:20,244 [BlockDeletingService#0] INFO  interfaces.ContainerDeletionChoosingPolicyTemplate (ContainerDeletionChoosingPolicyTemplate.java:chooseContainerForBlockDeletion(83)) - Chosen 0/5000 blocks from 0 candidate containers.
2023-04-11 11:25:20,536 [Listener at 127.0.0.1/39679] INFO  ozone.MiniOzoneClusterImpl (MiniOzoneClusterImpl.java:lambda$waitForClusterToBeReady$0(222)) - Waiting for nodes to be ready. Got 0 of 5 DN Heartbeats.
2023-04-11 11:25:20,536 [Listener at 127.0.0.1/39679] INFO  ozone.MiniOzoneClusterImpl (MiniOzoneClusterImpl.java:lambda$waitForClusterToBeReady$0(225)) - Waiting for cluster to exit safe mode
2023-04-11 11:25:20,536 [Listener at 127.0.0.1/39679] INFO  ozone.MiniOzoneClusterImpl (MiniOzoneClusterImpl.java:lambda$waitForClusterToBeReady$0(227)) - SCM became leader
2023-04-11 11:25:20,586 [EndpointStateMachine task thread for /0.0.0.0:45527 - 0 ] INFO  utils.DatanodeStoreCache (DatanodeStoreCache.java:addDB(58)) - Added db /home/runner/work/ozone/ozone/hadoop-ozone/integration-test/target/test-dir/MiniOzoneClusterImpl-1c4368e0-208c-48c5-9b0c-56c20ccf1352/datanode-4/data-0/containers/hdds/1c4368e0-208c-48c5-9b0c-56c20ccf1352/DS-f5cf0a83-34d4-416c-b3d6-380a940a0adf/container.db to cache
2023-04-11 11:25:20,586 [EndpointStateMachine task thread for /0.0.0.0:45527 - 0 ] INFO  volume.HddsVolume (HddsVolume.java:createDbStore(350)) - SchemaV3 db is created and loaded at /home/runner/work/ozone/ozone/hadoop-ozone/integration-test/target/test-dir/MiniOzoneClusterImpl-1c4368e0-208c-48c5-9b0c-56c20ccf1352/datanode-4/data-0/containers/hdds/1c4368e0-208c-48c5-9b0c-56c20ccf1352/DS-f5cf0a83-34d4-416c-b3d6-380a940a0adf/container.db for volume DS-f5cf0a83-34d4-416c-b3d6-380a940a0adf
2023-04-11 11:25:20,587 [EndpointStateMachine task thread for /0.0.0.0:45527 - 0 ] INFO  ozoneimpl.OzoneContainer (OzoneContainer.java:start(397)) - Attempting to start container services.
2023-04-11 11:25:20,587 [EndpointStateMachine task thread for /0.0.0.0:45527 - 0 ] INFO  ozoneimpl.OzoneContainer (OzoneContainer.java:startContainerScrub(314)) - Scheduled background container scanners and the on-demand container scanner have been disabled.
2023-04-11 11:25:20,590 [EndpointStateMachine task thread for /0.0.0.0:45527 - 0 ] INFO  replication.ReplicationServer (ReplicationServer.java:start(109)) - ReplicationServer is started using port 44805
2023-04-11 11:25:20,591 [EndpointStateMachine task thread for /0.0.0.0:45527 - 0 ] INFO  ratis.XceiverServerRatis (XceiverServerRatis.java:start(517)) - Starting XceiverServerRatis 00d37185-0744-49d2-a2a1-ceac977c9e2d
2023-04-11 11:25:20,592 [EndpointStateMachine task thread for /0.0.0.0:45527 - 0 ] INFO  server.RaftServer (RaftServerProxy.java:startImpl(393)) - 00d37185-0744-49d2-a2a1-ceac977c9e2d: start RPC server
2023-04-11 11:25:20,595 [EndpointStateMachine task thread for /0.0.0.0:45527 - 0 ] INFO  server.GrpcService (GrpcService.java:startImpl(262)) - 00d37185-0744-49d2-a2a1-ceac977c9e2d: GrpcService started, listening on 42969
2023-04-11 11:25:20,595 [EndpointStateMachine task thread for /0.0.0.0:45527 - 0 ] INFO  ratis.XceiverServerRatis (XceiverServerRatis.java:getRealPort(543)) - XceiverServerRatis 00d37185-0744-49d2-a2a1-ceac977c9e2d is started using port 42969 for RATIS
2023-04-11 11:25:20,595 [JvmPauseMonitor16] INFO  util.JvmPauseMonitor (JvmPauseMonitor.java:run(105)) - JvmPauseMonitor-00d37185-0744-49d2-a2a1-ceac977c9e2d: Started
2023-04-11 11:25:20,595 [EndpointStateMachine task thread for /0.0.0.0:45527 - 0 ] INFO  ratis.XceiverServerRatis (XceiverServerRatis.java:getRealPort(543)) - XceiverServerRatis 00d37185-0744-49d2-a2a1-ceac977c9e2d is started using port 42969 for RATIS_ADMIN
2023-04-11 11:25:20,596 [EndpointStateMachine task thread for /0.0.0.0:45527 - 0 ] INFO  ratis.XceiverServerRatis (XceiverServerRatis.java:getRealPort(543)) - XceiverServerRatis 00d37185-0744-49d2-a2a1-ceac977c9e2d is started using port 42969 for RATIS_SERVER
2023-04-11 11:25:20,596 [EndpointStateMachine task thread for /0.0.0.0:45527 - 0 ] INFO  ratis.XceiverServerRatis (XceiverServerRatis.java:getRealPort(543)) - XceiverServerRatis 00d37185-0744-49d2-a2a1-ceac977c9e2d is started using port 35105 for RATIS_DATASTREAM
2023-04-11 11:25:20,603 [EndpointStateMachine task thread for /0.0.0.0:45527 - 0 ] INFO  server.XceiverServerGrpc (XceiverServerGrpc.java:start(180)) - XceiverServerGrpc 00d37185-0744-49d2-a2a1-ceac977c9e2d is started using port 35383
2023-04-11 11:25:20,605 [BlockDeletingService#0] INFO  interfaces.ContainerDeletionChoosingPolicyTemplate (ContainerDeletionChoosingPolicyTemplate.java:chooseContainerForBlockDeletion(83)) - Chosen 0/5000 blocks from 0 candidate containers.
2023-04-11 11:25:21,097 [IPC Server handler 0 on default port 45527] INFO  net.NetworkTopologyImpl (NetworkTopologyImpl.java:add(112)) - Added a new node: /default-rack/27a39a48-bb81-47fe-95ba-2ac18a68ea79
2023-04-11 11:25:21,097 [IPC Server handler 0 on default port 45527] INFO  node.SCMNodeManager (SCMNodeManager.java:register(404)) - Registered Data node : 27a39a48-bb81-47fe-95ba-2ac18a68ea79{ip: 10.1.0.37, host: fv-az590-525.scpgifznvsounmmscp2whtfmwe.cx.internal.cloudapp.net, ports: [HTTP=42371, REPLICATION=37987, RATIS=41701, RATIS_ADMIN=41701, RATIS_SERVER=41701, RATIS_DATASTREAM=45441, STANDALONE=40613], networkLocation: /default-rack, certSerialId: null, persistedOpState: null, persistedOpStateExpiryEpochSec: 0}
2023-04-11 11:25:21,100 [EventQueue-NodeRegistrationContainerReportForContainerSafeModeRule] INFO  safemode.SCMSafeModeManager (SCMSafeModeManager.java:validateSafeModeExitRules(200)) - ContainerSafeModeRule rule is successfully validated
2023-04-11 11:25:21,101 [EventQueue-NodeRegistrationContainerReportForDataNodeSafeModeRule] INFO  safemode.SCMSafeModeManager (DataNodeSafeModeRule.java:process(71)) - SCM in safe mode. 1 DataNodes registered, 3 required.
2023-04-11 11:25:21,103 [EventQueue-PipelineReportForOneReplicaPipelineSafeModeRule] INFO  safemode.SCMSafeModeManager (SCMSafeModeManager.java:validateSafeModeExitRules(200)) - AtleastOneDatanodeReportedRule rule is successfully validated
2023-04-11 11:25:21,103 [EventQueue-NewNodeForNewNodeHandler] INFO  pipeline.BackgroundPipelineCreator (BackgroundPipelineCreator.java:notifyEventTriggered(276)) - trigger a one-shot run on RatisPipelineUtilsThread.
2023-04-11 11:25:21,104 [RatisPipelineUtilsThread - 0] INFO  pipeline.RatisPipelineProvider (RatisPipelineProvider.java:lambda$create$0(206)) - Sending CreatePipelineCommand for pipeline:PipelineID=4966614c-3fc6-4167-93ae-d77a48d10eab to datanode:27a39a48-bb81-47fe-95ba-2ac18a68ea79
2023-04-11 11:25:21,104 [RatisPipelineUtilsThread - 0] INFO  pipeline.PipelineStateManagerImpl (PipelineStateManagerImpl.java:addPipeline(103)) - Created pipeline Pipeline[ Id: 4966614c-3fc6-4167-93ae-d77a48d10eab, Nodes: 27a39a48-bb81-47fe-95ba-2ac18a68ea79(fv-az590-525.scpgifznvsounmmscp2whtfmwe.cx.internal.cloudapp.net/10.1.0.37), ReplicationConfig: RATIS/ONE, State:ALLOCATED, leaderId:, CreationTimestamp2023-04-11T11:25:21.104Z[Etc/UTC]].
2023-04-11 11:25:21,477 [IPC Server handler 2 on default port 45527] INFO  net.NetworkTopologyImpl (NetworkTopologyImpl.java:add(112)) - Added a new node: /default-rack/05ccd17e-9552-4505-90bd-a622c50008e8
2023-04-11 11:25:21,477 [IPC Server handler 2 on default port 45527] INFO  node.SCMNodeManager (SCMNodeManager.java:register(404)) - Registered Data node : 05ccd17e-9552-4505-90bd-a622c50008e8{ip: 10.1.0.37, host: fv-az590-525.scpgifznvsounmmscp2whtfmwe.cx.internal.cloudapp.net, ports: [HTTP=33901, REPLICATION=34867, RATIS=41579, RATIS_ADMIN=41579, RATIS_SERVER=41579, RATIS_DATASTREAM=46539, STANDALONE=36649], networkLocation: /default-rack, certSerialId: null, persistedOpState: null, persistedOpStateExpiryEpochSec: 0}
2023-04-11 11:25:21,480 [EventQueue-NewNodeForNewNodeHandler] INFO  pipeline.BackgroundPipelineCreator (BackgroundPipelineCreator.java:notifyEventTriggered(276)) - trigger a one-shot run on RatisPipelineUtilsThread.
2023-04-11 11:25:21,480 [RatisPipelineUtilsThread - 0] INFO  pipeline.RatisPipelineProvider (RatisPipelineProvider.java:lambda$create$0(206)) - Sending CreatePipelineCommand for pipeline:PipelineID=6b9fed49-dabc-4272-b63b-39ef754177a6 to datanode:05ccd17e-9552-4505-90bd-a622c50008e8
2023-04-11 11:25:21,481 [RatisPipelineUtilsThread - 0] INFO  pipeline.PipelineStateManagerImpl (PipelineStateManagerImpl.java:addPipeline(103)) - Created pipeline Pipeline[ Id: 6b9fed49-dabc-4272-b63b-39ef754177a6, Nodes: 05ccd17e-9552-4505-90bd-a622c50008e8(fv-az590-525.scpgifznvsounmmscp2whtfmwe.cx.internal.cloudapp.net/10.1.0.37), ReplicationConfig: RATIS/ONE, State:ALLOCATED, leaderId:, CreationTimestamp2023-04-11T11:25:21.480Z[Etc/UTC]].
2023-04-11 11:25:21,482 [EventQueue-NodeRegistrationContainerReportForDataNodeSafeModeRule] INFO  safemode.SCMSafeModeManager (DataNodeSafeModeRule.java:process(71)) - SCM in safe mode. 2 DataNodes registered, 3 required.
2023-04-11 11:25:21,537 [Listener at 127.0.0.1/39679] INFO  ozone.MiniOzoneClusterImpl (MiniOzoneClusterImpl.java:lambda$waitForClusterToBeReady$0(222)) - Waiting for nodes to be ready. Got 2 of 5 DN Heartbeats.
2023-04-11 11:25:21,537 [Listener at 127.0.0.1/39679] INFO  ozone.MiniOzoneClusterImpl (MiniOzoneClusterImpl.java:lambda$waitForClusterToBeReady$0(225)) - Waiting for cluster to exit safe mode
2023-04-11 11:25:21,537 [Listener at 127.0.0.1/39679] INFO  ozone.MiniOzoneClusterImpl (MiniOzoneClusterImpl.java:lambda$waitForClusterToBeReady$0(227)) - SCM became leader
2023-04-11 11:25:21,838 [IPC Server handler 3 on default port 45527] INFO  net.NetworkTopologyImpl (NetworkTopologyImpl.java:add(112)) - Added a new node: /default-rack/c1e7a0ec-ae3b-4726-987d-7d9bf2cc9de6
2023-04-11 11:25:21,838 [IPC Server handler 3 on default port 45527] INFO  node.SCMNodeManager (SCMNodeManager.java:register(404)) - Registered Data node : c1e7a0ec-ae3b-4726-987d-7d9bf2cc9de6{ip: 10.1.0.37, host: fv-az590-525.scpgifznvsounmmscp2whtfmwe.cx.internal.cloudapp.net, ports: [HTTP=41565, REPLICATION=33447, RATIS=46253, RATIS_ADMIN=46253, RATIS_SERVER=46253, RATIS_DATASTREAM=45319, STANDALONE=40413], networkLocation: /default-rack, certSerialId: null, persistedOpState: null, persistedOpStateExpiryEpochSec: 0}
2023-04-11 11:25:21,838 [EventQueue-NewNodeForNewNodeHandler] INFO  pipeline.BackgroundPipelineCreator (BackgroundPipelineCreator.java:notifyEventTriggered(276)) - trigger a one-shot run on RatisPipelineUtilsThread.
2023-04-11 11:25:21,838 [EventQueue-NodeRegistrationContainerReportForDataNodeSafeModeRule] INFO  safemode.SCMSafeModeManager (DataNodeSafeModeRule.java:process(71)) - SCM in safe mode. 3 DataNodes registered, 3 required.
2023-04-11 11:25:21,838 [EventQueue-NodeRegistrationContainerReportForDataNodeSafeModeRule] INFO  safemode.SCMSafeModeManager (SCMSafeModeManager.java:validateSafeModeExitRules(200)) - DataNodeSafeModeRule rule is successfully validated
2023-04-11 11:25:21,838 [EventQueue-NodeRegistrationContainerReportForDataNodeSafeModeRule] INFO  safemode.SCMSafeModeManager (SCMSafeModeManager.java:completePreCheck(229)) - All SCM safe mode pre check rules have passed
2023-04-11 11:25:21,839 [EventQueue-NodeRegistrationContainerReportForDataNodeSafeModeRule] INFO  ha.SCMContext (SCMContext.java:updateSafeModeStatus(228)) - Update SafeModeStatus from SafeModeStatus{safeModeStatus=true, preCheckPassed=false} to SafeModeStatus{safeModeStatus=true, preCheckPassed=true}.
2023-04-11 11:25:21,842 [EventQueue-NodeRegistrationContainerReportForDataNodeSafeModeRule] INFO  pipeline.BackgroundPipelineCreator (BackgroundPipelineCreator.java:notifyEventTriggered(276)) - trigger a one-shot run on RatisPipelineUtilsThread.
2023-04-11 11:25:21,845 [RatisPipelineUtilsThread - 0] INFO  pipeline.RatisPipelineProvider (RatisPipelineProvider.java:lambda$create$0(206)) - Sending CreatePipelineCommand for pipeline:PipelineID=b995ad11-c37b-4306-88be-d6b75793e69f to datanode:c1e7a0ec-ae3b-4726-987d-7d9bf2cc9de6
2023-04-11 11:25:21,846 [RatisPipelineUtilsThread - 0] INFO  pipeline.PipelineStateManagerImpl (PipelineStateManagerImpl.java:addPipeline(103)) - Created pipeline Pipeline[ Id: b995ad11-c37b-4306-88be-d6b75793e69f, Nodes: c1e7a0ec-ae3b-4726-987d-7d9bf2cc9de6(fv-az590-525.scpgifznvsounmmscp2whtfmwe.cx.internal.cloudapp.net/10.1.0.37), ReplicationConfig: RATIS/ONE, State:ALLOCATED, leaderId:, CreationTimestamp2023-04-11T11:25:21.845Z[Etc/UTC]].
2023-04-11 11:25:21,846 [RatisPipelineUtilsThread - 0] INFO  pipeline.RatisPipelineProvider (RatisPipelineProvider.java:lambda$create$0(206)) - Sending CreatePipelineCommand for pipeline:PipelineID=1e66c8b4-bb2a-49f8-8bdf-3707cba54d61 to datanode:c1e7a0ec-ae3b-4726-987d-7d9bf2cc9de6
2023-04-11 11:25:21,846 [RatisPipelineUtilsThread - 0] INFO  pipeline.RatisPipelineProvider (RatisPipelineProvider.java:lambda$create$0(206)) - Sending CreatePipelineCommand for pipeline:PipelineID=1e66c8b4-bb2a-49f8-8bdf-3707cba54d61 to datanode:27a39a48-bb81-47fe-95ba-2ac18a68ea79
2023-04-11 11:25:21,846 [RatisPipelineUtilsThread - 0] INFO  pipeline.RatisPipelineProvider (RatisPipelineProvider.java:lambda$create$0(206)) - Sending CreatePipelineCommand for pipeline:PipelineID=1e66c8b4-bb2a-49f8-8bdf-3707cba54d61 to datanode:05ccd17e-9552-4505-90bd-a622c50008e8
2023-04-11 11:25:21,846 [RatisPipelineUtilsThread - 0] INFO  pipeline.PipelineStateManagerImpl (PipelineStateManagerImpl.java:addPipeline(103)) - Created pipeline Pipeline[ Id: 1e66c8b4-bb2a-49f8-8bdf-3707cba54d61, Nodes: c1e7a0ec-ae3b-4726-987d-7d9bf2cc9de6(fv-az590-525.scpgifznvsounmmscp2whtfmwe.cx.internal.cloudapp.net/10.1.0.37)27a39a48-bb81-47fe-95ba-2ac18a68ea79(fv-az590-525.scpgifznvsounmmscp2whtfmwe.cx.internal.cloudapp.net/10.1.0.37)05ccd17e-9552-4505-90bd-a622c50008e8(fv-az590-525.scpgifznvsounmmscp2whtfmwe.cx.internal.cloudapp.net/10.1.0.37), ReplicationConfig: RATIS/THREE, State:ALLOCATED, leaderId:, CreationTimestamp2023-04-11T11:25:21.846Z[Etc/UTC]].
2023-04-11 11:25:21,847 [RatisPipelineUtilsThread - 0] INFO  pipeline.RatisPipelineProvider (RatisPipelineProvider.java:lambda$create$0(206)) - Sending CreatePipelineCommand for pipeline:PipelineID=7b387448-c3b5-4b86-8817-e60ad42c943a to datanode:c1e7a0ec-ae3b-4726-987d-7d9bf2cc9de6
2023-04-11 11:25:21,847 [RatisPipelineUtilsThread - 0] INFO  pipeline.RatisPipelineProvider (RatisPipelineProvider.java:lambda$create$0(206)) - Sending CreatePipelineCommand for pipeline:PipelineID=7b387448-c3b5-4b86-8817-e60ad42c943a to datanode:27a39a48-bb81-47fe-95ba-2ac18a68ea79
2023-04-11 11:25:21,847 [RatisPipelineUtilsThread - 0] INFO  pipeline.RatisPipelineProvider (RatisPipelineProvider.java:lambda$create$0(206)) - Sending CreatePipelineCommand for pipeline:PipelineID=7b387448-c3b5-4b86-8817-e60ad42c943a to datanode:05ccd17e-9552-4505-90bd-a622c50008e8
2023-04-11 11:25:21,847 [RatisPipelineUtilsThread - 0] INFO  pipeline.PipelineStateManagerImpl (PipelineStateManagerImpl.java:addPipeline(103)) - Created pipeline Pipeline[ Id: 7b387448-c3b5-4b86-8817-e60ad42c943a, Nodes: c1e7a0ec-ae3b-4726-987d-7d9bf2cc9de6(fv-az590-525.scpgifznvsounmmscp2whtfmwe.cx.internal.cloudapp.net/10.1.0.37)27a39a48-bb81-47fe-95ba-2ac18a68ea79(fv-az590-525.scpgifznvsounmmscp2whtfmwe.cx.internal.cloudapp.net/10.1.0.37)05ccd17e-9552-4505-90bd-a622c50008e8(fv-az590-525.scpgifznvsounmmscp2whtfmwe.cx.internal.cloudapp.net/10.1.0.37), ReplicationConfig: RATIS/THREE, State:ALLOCATED, leaderId:, CreationTimestamp2023-04-11T11:25:21.847Z[Etc/UTC]].
2023-04-11 11:25:21,847 [RatisPipelineUtilsThread - 0] INFO  pipeline.PipelineManagerImpl (PipelineManagerImpl.java:recordMetricsForPipeline(826)) - Pipeline: PipelineID=7b387448-c3b5-4b86-8817-e60ad42c943a contains same datanodes as previous pipelines: PipelineID=1e66c8b4-bb2a-49f8-8bdf-3707cba54d61 nodeIds: c1e7a0ec-ae3b-4726-987d-7d9bf2cc9de6, 27a39a48-bb81-47fe-95ba-2ac18a68ea79, 05ccd17e-9552-4505-90bd-a622c50008e8
2023-04-11 11:25:21,847 [RatisPipelineUtilsThread - 0] WARN  pipeline.PipelinePlacementPolicy (PipelinePlacementPolicy.java:filterViableNodes(160)) - Pipeline creation failed due to no sufficient healthy datanodes. Required 3. Found 0. Excluded 3.
2023-04-11 11:25:21,848 [RatisPipelineUtilsThread - 0] WARN  pipeline.PipelinePlacementPolicy (PipelinePlacementPolicy.java:filterViableNodes(160)) - Pipeline creation failed due to no sufficient healthy datanodes. Required 3. Found 0. Excluded 3.
2023-04-11 11:25:22,191 [IPC Server handler 1 on default port 45527] INFO  net.NetworkTopologyImpl (NetworkTopologyImpl.java:add(112)) - Added a new node: /default-rack/1f55909b-7792-4429-a8f4-0e8df975840d
2023-04-11 11:25:22,192 [IPC Server handler 1 on default port 45527] INFO  node.SCMNodeManager (SCMNodeManager.java:register(404)) - Registered Data node : 1f55909b-7792-4429-a8f4-0e8df975840d{ip: 10.1.0.37, host: fv-az590-525.scpgifznvsounmmscp2whtfmwe.cx.internal.cloudapp.net, ports: [HTTP=44051, REPLICATION=42253, RATIS=38651, RATIS_ADMIN=38651, RATIS_SERVER=38651, RATIS_DATASTREAM=37663, STANDALONE=41251], networkLocation: /default-rack, certSerialId: null, persistedOpState: null, persistedOpStateExpiryEpochSec: 0}
2023-04-11 11:25:22,193 [EventQueue-NewNodeForNewNodeHandler] INFO  pipeline.BackgroundPipelineCreator (BackgroundPipelineCreator.java:notifyEventTriggered(276)) - trigger a one-shot run on RatisPipelineUtilsThread.
2023-04-11 11:25:22,194 [RatisPipelineUtilsThread - 0] INFO  pipeline.RatisPipelineProvider (RatisPipelineProvider.java:lambda$create$0(206)) - Sending CreatePipelineCommand for pipeline:PipelineID=412bafeb-cf3e-4a64-9bfa-0f6f1a17e8a2 to datanode:1f55909b-7792-4429-a8f4-0e8df975840d
2023-04-11 11:25:22,194 [RatisPipelineUtilsThread - 0] INFO  pipeline.PipelineStateManagerImpl (PipelineStateManagerImpl.java:addPipeline(103)) - Created pipeline Pipeline[ Id: 412bafeb-cf3e-4a64-9bfa-0f6f1a17e8a2, Nodes: 1f55909b-7792-4429-a8f4-0e8df975840d(fv-az590-525.scpgifznvsounmmscp2whtfmwe.cx.internal.cloudapp.net/10.1.0.37), ReplicationConfig: RATIS/ONE, State:ALLOCATED, leaderId:, CreationTimestamp2023-04-11T11:25:22.194Z[Etc/UTC]].
2023-04-11 11:25:22,195 [RatisPipelineUtilsThread - 0] WARN  pipeline.PipelinePlacementPolicy (PipelinePlacementPolicy.java:filterViableNodes(160)) - Pipeline creation failed due to no sufficient healthy datanodes. Required 3. Found 1. Excluded 3.
2023-04-11 11:25:22,537 [Listener at 127.0.0.1/39679] INFO  ozone.MiniOzoneClusterImpl (MiniOzoneClusterImpl.java:lambda$waitForClusterToBeReady$0(222)) - Waiting for nodes to be ready. Got 4 of 5 DN Heartbeats.
2023-04-11 11:25:22,538 [Listener at 127.0.0.1/39679] INFO  ozone.MiniOzoneClusterImpl (MiniOzoneClusterImpl.java:lambda$waitForClusterToBeReady$0(225)) - Waiting for cluster to exit safe mode
2023-04-11 11:25:22,538 [Listener at 127.0.0.1/39679] INFO  ozone.MiniOzoneClusterImpl (MiniOzoneClusterImpl.java:lambda$waitForClusterToBeReady$0(227)) - SCM became leader
2023-04-11 11:25:22,551 [IPC Server handler 3 on default port 45527] INFO  net.NetworkTopologyImpl (NetworkTopologyImpl.java:add(112)) - Added a new node: /default-rack/00d37185-0744-49d2-a2a1-ceac977c9e2d
2023-04-11 11:25:22,552 [IPC Server handler 3 on default port 45527] INFO  node.SCMNodeManager (SCMNodeManager.java:register(404)) - Registered Data node : 00d37185-0744-49d2-a2a1-ceac977c9e2d{ip: 10.1.0.37, host: fv-az590-525.scpgifznvsounmmscp2whtfmwe.cx.internal.cloudapp.net, ports: [HTTP=35805, REPLICATION=44805, RATIS=42969, RATIS_ADMIN=42969, RATIS_SERVER=42969, RATIS_DATASTREAM=35105, STANDALONE=35383], networkLocation: /default-rack, certSerialId: null, persistedOpState: null, persistedOpStateExpiryEpochSec: 0}
2023-04-11 11:25:22,552 [EventQueue-NewNodeForNewNodeHandler] INFO  pipeline.BackgroundPipelineCreator (BackgroundPipelineCreator.java:notifyEventTriggered(276)) - trigger a one-shot run on RatisPipelineUtilsThread.
2023-04-11 11:25:22,552 [RatisPipelineUtilsThread - 0] INFO  pipeline.RatisPipelineProvider (RatisPipelineProvider.java:lambda$create$0(206)) - Sending CreatePipelineCommand for pipeline:PipelineID=48148168-a27e-4093-9c75-1401ee39c5bc to datanode:00d37185-0744-49d2-a2a1-ceac977c9e2d
2023-04-11 11:25:22,553 [RatisPipelineUtilsThread - 0] INFO  pipeline.PipelineStateManagerImpl (PipelineStateManagerImpl.java:addPipeline(103)) - Created pipeline Pipeline[ Id: 48148168-a27e-4093-9c75-1401ee39c5bc, Nodes: 00d37185-0744-49d2-a2a1-ceac977c9e2d(fv-az590-525.scpgifznvsounmmscp2whtfmwe.cx.internal.cloudapp.net/10.1.0.37), ReplicationConfig: RATIS/ONE, State:ALLOCATED, leaderId:, CreationTimestamp2023-04-11T11:25:22.552Z[Etc/UTC]].
2023-04-11 11:25:22,553 [RatisPipelineUtilsThread - 0] WARN  pipeline.PipelinePlacementPolicy (PipelinePlacementPolicy.java:filterViableNodes(160)) - Pipeline creation failed due to no sufficient healthy datanodes. Required 3. Found 2. Excluded 3.
2023-04-11 11:25:23,538 [Listener at 127.0.0.1/39679] INFO  ozone.MiniOzoneClusterImpl (MiniOzoneClusterImpl.java:lambda$waitForClusterToBeReady$0(222)) - Nodes are ready. Got 5 of 5 DN Heartbeats.
2023-04-11 11:25:23,538 [Listener at 127.0.0.1/39679] INFO  ozone.MiniOzoneClusterImpl (MiniOzoneClusterImpl.java:lambda$waitForClusterToBeReady$0(225)) - Waiting for cluster to exit safe mode
2023-04-11 11:25:23,538 [Listener at 127.0.0.1/39679] INFO  ozone.MiniOzoneClusterImpl (MiniOzoneClusterImpl.java:lambda$waitForClusterToBeReady$0(227)) - SCM became leader
2023-04-11 11:25:24,097 [Command processor thread] INFO  server.RaftServer (RaftServerProxy.java:addNew(96)) - 27a39a48-bb81-47fe-95ba-2ac18a68ea79: addNew group-D77A48D10EAB:[27a39a48-bb81-47fe-95ba-2ac18a68ea79|rpc:10.1.0.37:41701|dataStream:10.1.0.37:45441|priority:1|startupRole:FOLLOWER] returns group-D77A48D10EAB:java.util.concurrent.CompletableFuture@71d9ede[Not completed]
2023-04-11 11:25:24,099 [pool-498-thread-1] INFO  server.RaftServer$Division (RaftServerImpl.java:<init>(195)) - 27a39a48-bb81-47fe-95ba-2ac18a68ea79: new RaftServerImpl for group-D77A48D10EAB:[27a39a48-bb81-47fe-95ba-2ac18a68ea79|rpc:10.1.0.37:41701|dataStream:10.1.0.37:45441|priority:1|startupRole:FOLLOWER] with ContainerStateMachine:uninitialized
2023-04-11 11:25:24,099 [pool-498-thread-1] INFO  server.RaftServerConfigKeys (ConfUtils.java:logGet(46)) - raft.server.rpc.timeout.min = 5s (custom)
2023-04-11 11:25:24,099 [pool-498-thread-1] INFO  server.RaftServerConfigKeys (ConfUtils.java:logGet(46)) - raft.server.rpc.timeout.max = 5200ms (custom)
2023-04-11 11:25:24,099 [pool-498-thread-1] INFO  server.RaftServerConfigKeys (ConfUtils.java:logGet(46)) - raft.server.rpc.sleep.time = 25ms (default)
2023-04-11 11:25:24,099 [pool-498-thread-1] INFO  server.RaftServerConfigKeys (ConfUtils.java:logGet(46)) - raft.server.rpc.slowness.timeout = 300s (custom)
2023-04-11 11:25:24,099 [pool-498-thread-1] INFO  server.RaftServerConfigKeys (ConfUtils.java:logGet(46)) - raft.server.leaderelection.leader.step-down.wait-time = 10s (default)
2023-04-11 11:25:24,099 [pool-498-thread-1] INFO  server.RaftServerConfigKeys (ConfUtils.java:logGet(46)) - raft.server.sleep.deviation.threshold = 300ms (default)
2023-04-11 11:25:24,099 [pool-498-thread-1] INFO  server.RaftServer$Division (ServerState.java:<init>(118)) - 27a39a48-bb81-47fe-95ba-2ac18a68ea79@group-D77A48D10EAB: ConfigurationManager, init=-1: peers:[27a39a48-bb81-47fe-95ba-2ac18a68ea79|rpc:10.1.0.37:41701|dataStream:10.1.0.37:45441|priority:1|startupRole:FOLLOWER]|listeners:[], old=null, confs=<EMPTY_MAP>
2023-04-11 11:25:24,099 [pool-498-thread-1] INFO  server.RaftServerConfigKeys (ConfUtils.java:logGet(46)) - raft.server.storage.dir = [/home/runner/work/ozone/ozone/hadoop-ozone/integration-test/target/test-dir/MiniOzoneClusterImpl-1c4368e0-208c-48c5-9b0c-56c20ccf1352/datanode-0/data/ratis] (custom)
2023-04-11 11:25:24,100 [pool-498-thread-1] INFO  server.RaftServerConfigKeys (ConfUtils.java:logGet(46)) - raft.server.log.corruption.policy = EXCEPTION (default)
2023-04-11 11:25:24,100 [pool-498-thread-1] INFO  server.RaftServerConfigKeys (ConfUtils.java:logGet(46)) - raft.server.storage.free-space.min = 0MB (=0) (default)
2023-04-11 11:25:24,100 [pool-498-thread-1] INFO  server.RaftServerConfigKeys (ConfUtils.java:logGet(46)) - raft.server.notification.no-leader.timeout = 300s (custom)
2023-04-11 11:25:24,100 [pool-498-thread-1] INFO  server.RaftServerConfigKeys (ConfUtils.java:logGet(46)) - raft.server.retrycache.expirytime = 600000ms (custom)
2023-04-11 11:25:24,100 [pool-498-thread-1] INFO  server.RaftServerConfigKeys (ConfUtils.java:logGet(46)) - raft.server.retrycache.statistics.expirytime = 100μs (default)
2023-04-11 11:25:24,100 [pool-498-thread-1] INFO  server.RaftServerConfigKeys (ConfUtils.java:logGet(46)) - raft.server.log.appender.install.snapshot.enabled = false (custom)
2023-04-11 11:25:24,100 [pool-498-thread-1] INFO  server.RaftServerConfigKeys (ConfUtils.java:logGet(46)) - raft.server.threadpool.server.cached = true (default)
2023-04-11 11:25:24,100 [pool-498-thread-1] INFO  server.RaftServerConfigKeys (ConfUtils.java:logGet(46)) - raft.server.threadpool.server.size = 0 (default)
2023-04-11 11:25:24,101 [pool-498-thread-1] INFO  server.RaftServerConfigKeys (ConfUtils.java:logGet(46)) - raft.server.threadpool.client.cached = true (default)
2023-04-11 11:25:24,101 [pool-498-thread-1] INFO  server.RaftServerConfigKeys (ConfUtils.java:logGet(46)) - raft.server.threadpool.client.size = 0 (default)
2023-04-11 11:25:24,101 [pool-498-thread-1] INFO  storage.RaftStorageDirectory (RaftStorageDirectoryImpl.java:analyzeStorage(137)) - The storage directory /home/runner/work/ozone/ozone/hadoop-ozone/integration-test/target/test-dir/MiniOzoneClusterImpl-1c4368e0-208c-48c5-9b0c-56c20ccf1352/datanode-0/data/ratis/4966614c-3fc6-4167-93ae-d77a48d10eab does not exist. Creating ...
2023-04-11 11:25:24,102 [pool-498-thread-1] INFO  storage.RaftStorageDirectory (RaftStorageDirectoryImpl.java:tryLock(231)) - Lock on /home/runner/work/ozone/ozone/hadoop-ozone/integration-test/target/test-dir/MiniOzoneClusterImpl-1c4368e0-208c-48c5-9b0c-56c20ccf1352/datanode-0/data/ratis/4966614c-3fc6-4167-93ae-d77a48d10eab/in_use.lock acquired by nodename 48974@fv-az590-525
2023-04-11 11:25:24,103 [pool-498-thread-1] INFO  storage.RaftStorage (RaftStorageImpl.java:format(96)) - Storage directory /home/runner/work/ozone/ozone/hadoop-ozone/integration-test/target/test-dir/MiniOzoneClusterImpl-1c4368e0-208c-48c5-9b0c-56c20ccf1352/datanode-0/data/ratis/4966614c-3fc6-4167-93ae-d77a48d10eab has been successfully formatted.
2023-04-11 11:25:24,105 [pool-498-thread-1] INFO  ratis.ContainerStateMachine (ContainerStateMachine.java:loadSnapshot(262)) - group-D77A48D10EAB: The snapshot info is null. Setting the last applied indexto:(t:0, i:~)
2023-04-11 11:25:24,105 [pool-498-thread-1] INFO  server.RaftServerConfigKeys (ConfUtils.java:logGet(46)) - raft.server.log.use.memory = false (default)
2023-04-11 11:25:24,105 [pool-498-thread-1] INFO  server.RaftServerConfigKeys (ConfUtils.java:logGet(46)) - raft.server.log.purge.gap = 1000000 (custom)
2023-04-11 11:25:24,105 [pool-498-thread-1] INFO  server.RaftServerConfigKeys (ConfUtils.java:logGet(46)) - raft.server.log.appender.buffer.byte-limit = 33554432 (custom)
2023-04-11 11:25:24,105 [pool-498-thread-1] INFO  server.RaftServerConfigKeys (ConfUtils.java:logGet(46)) - raft.server.log.statemachine.data.read.timeout = 1000ms (default)
2023-04-11 11:25:24,105 [pool-498-thread-1] INFO  server.RaftServerConfigKeys (ConfUtils.java:logGet(46)) - raft.server.log.purge.preservation.log.num = 0 (default)
2023-04-11 11:25:24,105 [pool-498-thread-1] INFO  server.RaftServerConfigKeys (ConfUtils.java:logGet(46)) - raft.server.log.segment.size.max = 1048576 (custom)
2023-04-11 11:25:24,106 [pool-498-thread-1] INFO  server.RaftServerConfigKeys (ConfUtils.java:logGet(46)) - raft.server.log.segment.cache.num.max = 2 (custom)
2023-04-11 11:25:24,106 [pool-498-thread-1] INFO  server.RaftServerConfigKeys (ConfUtils.java:logGet(46)) - raft.server.log.segment.cache.size.max = 200MB (=209715200) (default)
2023-04-11 11:25:24,106 [pool-498-thread-1] INFO  segmented.SegmentedRaftLogWorker (SegmentedRaftLogWorker.java:<init>(189)) - new 27a39a48-bb81-47fe-95ba-2ac18a68ea79@group-D77A48D10EAB-SegmentedRaftLogWorker for RaftStorageImpl:Storage Directory /home/runner/work/ozone/ozone/hadoop-ozone/integration-test/target/test-dir/MiniOzoneClusterImpl-1c4368e0-208c-48c5-9b0c-56c20ccf1352/datanode-0/data/ratis/4966614c-3fc6-4167-93ae-d77a48d10eab
2023-04-11 11:25:24,106 [pool-498-thread-1] INFO  server.RaftServerConfigKeys (ConfUtils.java:logGet(46)) - raft.server.log.queue.byte-limit = 4294967296 (custom)
2023-04-11 11:25:24,106 [EventQueue-PipelineReportForPipelineReportHandler] INFO  pipeline.PipelineManagerImpl (PipelineManagerImpl.java:openPipeline(367)) - Pipeline Pipeline[ Id: 4966614c-3fc6-4167-93ae-d77a48d10eab, Nodes: 27a39a48-bb81-47fe-95ba-2ac18a68ea79(fv-az590-525.scpgifznvsounmmscp2whtfmwe.cx.internal.cloudapp.net/10.1.0.37), ReplicationConfig: RATIS/ONE, State:ALLOCATED, leaderId:27a39a48-bb81-47fe-95ba-2ac18a68ea79, CreationTimestamp2023-04-11T11:25:21.104Z[Etc/UTC]] moved to OPEN state
2023-04-11 11:25:24,106 [pool-498-thread-1] INFO  server.RaftServerConfigKeys (ConfUtils.java:logGet(46)) - raft.server.log.queue.element-limit = 1024 (custom)
2023-04-11 11:25:24,106 [pool-498-thread-1] INFO  server.RaftServerConfigKeys (ConfUtils.java:logGet(46)) - raft.server.log.segment.size.max = 1048576 (custom)
2023-04-11 11:25:24,106 [pool-498-thread-1] INFO  server.RaftServerConfigKeys (ConfUtils.java:logGet(46)) - raft.server.log.preallocated.size = 16384 (custom)
2023-04-11 11:25:24,106 [pool-498-thread-1] INFO  server.RaftServerConfigKeys (ConfUtils.java:logGet(46)) - raft.server.log.force.sync.num = 128 (default)
2023-04-11 11:25:24,106 [pool-498-thread-1] INFO  server.RaftServerConfigKeys (ConfUtils.java:logGet(46)) - raft.server.log.statemachine.data.sync = true (default)
2023-04-11 11:25:24,106 [pool-498-thread-1] INFO  server.RaftServerConfigKeys (ConfUtils.java:logGet(46)) - raft.server.log.statemachine.data.sync.timeout = 10s (default)
2023-04-11 11:25:24,106 [pool-498-thread-1] INFO  server.RaftServerConfigKeys (ConfUtils.java:logGet(46)) - raft.server.log.statemachine.data.sync.timeout.retry = -1 (default)
2023-04-11 11:25:24,108 [pool-498-thread-1] INFO  server.RaftServerConfigKeys (ConfUtils.java:logGet(46)) - raft.server.log.write.buffer.size = 1048576 (custom)
2023-04-11 11:25:24,108 [pool-498-thread-1] INFO  server.RaftServerConfigKeys (ConfUtils.java:logGet(46)) - raft.server.log.appender.buffer.byte-limit = 33554432 (custom)
2023-04-11 11:25:24,114 [EventQueue-OpenPipelineForHealthyPipelineSafeModeRule] INFO  safemode.SCMSafeModeManager (HealthyPipelineSafeModeRule.java:process(137)) - SCM in safe mode. Healthy pipelines reported count is 0, required healthy pipeline reported count is 1
2023-04-11 11:25:24,115 [pool-498-thread-1] INFO  server.RaftServerConfigKeys (ConfUtils.java:logGet(46)) - raft.server.log.unsafe-flush.enabled = false (default)
2023-04-11 11:25:24,115 [pool-498-thread-1] INFO  server.RaftServerConfigKeys (ConfUtils.java:logGet(46)) - raft.server.log.async-flush.enabled = false (default)
2023-04-11 11:25:24,115 [pool-498-thread-1] INFO  server.RaftServerConfigKeys (ConfUtils.java:logGet(46)) - raft.server.log.statemachine.data.caching.enabled = true (custom)
2023-04-11 11:25:24,115 [pool-498-thread-1] INFO  segmented.SegmentedRaftLogWorker (SegmentedRaftLogWorker.java:lambda$new$0(135)) - 27a39a48-bb81-47fe-95ba-2ac18a68ea79@group-D77A48D10EAB-SegmentedRaftLogWorker: flushIndex: setUnconditionally 0 -> -1
2023-04-11 11:25:24,115 [pool-498-thread-1] INFO  segmented.SegmentedRaftLogWorker (SegmentedRaftLogWorker.java:lambda$new$0(135)) - 27a39a48-bb81-47fe-95ba-2ac18a68ea79@group-D77A48D10EAB-SegmentedRaftLogWorker: safeCacheEvictIndex: setUnconditionally 0 -> -1
2023-04-11 11:25:24,115 [pool-498-thread-1] INFO  server.RaftServer$Division (RaftServerImpl.java:start(334)) - 27a39a48-bb81-47fe-95ba-2ac18a68ea79@group-D77A48D10EAB: start as a follower, conf=-1: peers:[27a39a48-bb81-47fe-95ba-2ac18a68ea79|rpc:10.1.0.37:41701|dataStream:10.1.0.37:45441|priority:1|startupRole:FOLLOWER]|listeners:[], old=null
2023-04-11 11:25:24,115 [pool-498-thread-1] INFO  server.RaftServer$Division (RaftServerImpl.java:setRole(321)) - 27a39a48-bb81-47fe-95ba-2ac18a68ea79@group-D77A48D10EAB: changes role from      null to FOLLOWER at term 0 for startAsFollower
2023-04-11 11:25:24,115 [pool-498-thread-1] INFO  impl.RoleInfo (RoleInfo.java:updateAndGet(139)) - 27a39a48-bb81-47fe-95ba-2ac18a68ea79: start 27a39a48-bb81-47fe-95ba-2ac18a68ea79@group-D77A48D10EAB-FollowerState
2023-04-11 11:25:24,118 [pool-498-thread-1] INFO  util.JmxRegister (JmxRegister.java:tryRegister(44)) - Successfully registered JMX Bean with object name Ratis:service=RaftServer,group=group-D77A48D10EAB,id=27a39a48-bb81-47fe-95ba-2ac18a68ea79
2023-04-11 11:25:24,118 [pool-498-thread-1] INFO  server.RaftServerConfigKeys (ConfUtils.java:logGet(46)) - raft.server.snapshot.auto.trigger.enabled = true (custom)
2023-04-11 11:25:24,118 [pool-498-thread-1] INFO  server.RaftServerConfigKeys (ConfUtils.java:logGet(46)) - raft.server.snapshot.auto.trigger.threshold = 10000 (custom)
2023-04-11 11:25:24,118 [pool-498-thread-1] INFO  server.RaftServerConfigKeys (ConfUtils.java:logGet(46)) - raft.server.snapshot.retention.file.num = 5 (custom)
2023-04-11 11:25:24,118 [pool-498-thread-1] INFO  server.RaftServerConfigKeys (ConfUtils.java:logGet(46)) - raft.server.log.purge.upto.snapshot.index = false (default)
2023-04-11 11:25:24,119 [27a39a48-bb81-47fe-95ba-2ac18a68ea79@group-D77A48D10EAB-FollowerState] INFO  server.RaftServerConfigKeys (ConfUtils.java:logFallback(53)) - raft.server.rpc.first-election.timeout.min = 5s (fallback to raft.server.rpc.timeout.min)
2023-04-11 11:25:24,119 [27a39a48-bb81-47fe-95ba-2ac18a68ea79@group-D77A48D10EAB-FollowerState] INFO  server.RaftServerConfigKeys (ConfUtils.java:logFallback(53)) - raft.server.rpc.first-election.timeout.max = 5200ms (fallback to raft.server.rpc.timeout.max)
2023-04-11 11:25:24,122 [Command processor thread] INFO  ratis.XceiverServerRatis (XceiverServerRatis.java:addGroup(806)) - Created group PipelineID=4966614c-3fc6-4167-93ae-d77a48d10eab
2023-04-11 11:25:24,122 [Command processor thread] INFO  commandhandler.CreatePipelineCommandHandler (CreatePipelineCommandHandler.java:handle(113)) - Created Pipeline RATIS ONE PipelineID=4966614c-3fc6-4167-93ae-d77a48d10eab.
2023-04-11 11:25:24,122 [Command processor thread] INFO  server.RaftServer (RaftServerProxy.java:addNew(96)) - 27a39a48-bb81-47fe-95ba-2ac18a68ea79: addNew group-3707CBA54D61:[c1e7a0ec-ae3b-4726-987d-7d9bf2cc9de6|rpc:10.1.0.37:46253|dataStream:10.1.0.37:45319|priority:0|startupRole:FOLLOWER, 27a39a48-bb81-47fe-95ba-2ac18a68ea79|rpc:10.1.0.37:41701|dataStream:10.1.0.37:45441|priority:0|startupRole:FOLLOWER, 05ccd17e-9552-4505-90bd-a622c50008e8|rpc:10.1.0.37:41579|dataStream:10.1.0.37:46539|priority:1|startupRole:FOLLOWER] returns group-3707CBA54D61:java.util.concurrent.CompletableFuture@3221ae5[Not completed]
2023-04-11 11:25:24,123 [pool-498-thread-1] INFO  server.RaftServer$Division (RaftServerImpl.java:<init>(195)) - 27a39a48-bb81-47fe-95ba-2ac18a68ea79: new RaftServerImpl for group-3707CBA54D61:[c1e7a0ec-ae3b-4726-987d-7d9bf2cc9de6|rpc:10.1.0.37:46253|dataStream:10.1.0.37:45319|priority:0|startupRole:FOLLOWER, 27a39a48-bb81-47fe-95ba-2ac18a68ea79|rpc:10.1.0.37:41701|dataStream:10.1.0.37:45441|priority:0|startupRole:FOLLOWER, 05ccd17e-9552-4505-90bd-a622c50008e8|rpc:10.1.0.37:41579|dataStream:10.1.0.37:46539|priority:1|startupRole:FOLLOWER] with ContainerStateMachine:uninitialized
2023-04-11 11:25:24,123 [pool-498-thread-1] INFO  server.RaftServerConfigKeys (ConfUtils.java:logGet(46)) - raft.server.rpc.timeout.min = 5s (custom)
2023-04-11 11:25:24,123 [pool-498-thread-1] INFO  server.RaftServerConfigKeys (ConfUtils.java:logGet(46)) - raft.server.rpc.timeout.max = 5200ms (custom)
2023-04-11 11:25:24,123 [pool-498-thread-1] INFO  server.RaftServerConfigKeys (ConfUtils.java:logGet(46)) - raft.server.rpc.sleep.time = 25ms (default)
2023-04-11 11:25:24,123 [pool-498-thread-1] INFO  server.RaftServerConfigKeys (ConfUtils.java:logGet(46)) - raft.server.rpc.slowness.timeout = 300s (custom)
2023-04-11 11:25:24,123 [pool-498-thread-1] INFO  server.RaftServerConfigKeys (ConfUtils.java:logGet(46)) - raft.server.leaderelection.leader.step-down.wait-time = 10s (default)
2023-04-11 11:25:24,123 [pool-498-thread-1] INFO  server.RaftServerConfigKeys (ConfUtils.java:logGet(46)) - raft.server.sleep.deviation.threshold = 300ms (default)
2023-04-11 11:25:24,123 [pool-498-thread-1] INFO  server.RaftServer$Division (ServerState.java:<init>(118)) - 27a39a48-bb81-47fe-95ba-2ac18a68ea79@group-3707CBA54D61: ConfigurationManager, init=-1: peers:[c1e7a0ec-ae3b-4726-987d-7d9bf2cc9de6|rpc:10.1.0.37:46253|dataStream:10.1.0.37:45319|priority:0|startupRole:FOLLOWER, 27a39a48-bb81-47fe-95ba-2ac18a68ea79|rpc:10.1.0.37:41701|dataStream:10.1.0.37:45441|priority:0|startupRole:FOLLOWER, 05ccd17e-9552-4505-90bd-a622c50008e8|rpc:10.1.0.37:41579|dataStream:10.1.0.37:46539|priority:1|startupRole:FOLLOWER]|listeners:[], old=null, confs=<EMPTY_MAP>
2023-04-11 11:25:24,123 [pool-498-thread-1] INFO  server.RaftServerConfigKeys (ConfUtils.java:logGet(46)) - raft.server.storage.dir = [/home/runner/work/ozone/ozone/hadoop-ozone/integration-test/target/test-dir/MiniOzoneClusterImpl-1c4368e0-208c-48c5-9b0c-56c20ccf1352/datanode-0/data/ratis] (custom)
2023-04-11 11:25:24,123 [pool-498-thread-1] INFO  server.RaftServerConfigKeys (ConfUtils.java:logGet(46)) - raft.server.log.corruption.policy = EXCEPTION (default)
2023-04-11 11:25:24,124 [pool-498-thread-1] INFO  server.RaftServerConfigKeys (ConfUtils.java:logGet(46)) - raft.server.storage.free-space.min = 0MB (=0) (default)
2023-04-11 11:25:24,124 [pool-498-thread-1] INFO  server.RaftServerConfigKeys (ConfUtils.java:logGet(46)) - raft.server.notification.no-leader.timeout = 300s (custom)
2023-04-11 11:25:24,124 [pool-498-thread-1] INFO  server.RaftServerConfigKeys (ConfUtils.java:logGet(46)) - raft.server.retrycache.expirytime = 600000ms (custom)
2023-04-11 11:25:24,124 [pool-498-thread-1] INFO  server.RaftServerConfigKeys (ConfUtils.java:logGet(46)) - raft.server.retrycache.statistics.expirytime = 100μs (default)
2023-04-11 11:25:24,124 [pool-498-thread-1] INFO  server.RaftServerConfigKeys (ConfUtils.java:logGet(46)) - raft.server.log.appender.install.snapshot.enabled = false (custom)
2023-04-11 11:25:24,124 [pool-498-thread-1] INFO  server.RaftServerConfigKeys (ConfUtils.java:logGet(46)) - raft.server.threadpool.server.cached = true (default)
2023-04-11 11:25:24,124 [pool-498-thread-1] INFO  server.RaftServerConfigKeys (ConfUtils.java:logGet(46)) - raft.server.threadpool.server.size = 0 (default)
2023-04-11 11:25:24,124 [pool-498-thread-1] INFO  server.RaftServerConfigKeys (ConfUtils.java:logGet(46)) - raft.server.threadpool.client.cached = true (default)
2023-04-11 11:25:24,124 [pool-498-thread-1] INFO  server.RaftServerConfigKeys (ConfUtils.java:logGet(46)) - raft.server.threadpool.client.size = 0 (default)
2023-04-11 11:25:24,125 [pool-498-thread-1] INFO  storage.RaftStorageDirectory (RaftStorageDirectoryImpl.java:analyzeStorage(137)) - The storage directory /home/runner/work/ozone/ozone/hadoop-ozone/integration-test/target/test-dir/MiniOzoneClusterImpl-1c4368e0-208c-48c5-9b0c-56c20ccf1352/datanode-0/data/ratis/1e66c8b4-bb2a-49f8-8bdf-3707cba54d61 does not exist. Creating ...
2023-04-11 11:25:24,129 [pool-498-thread-1] INFO  storage.RaftStorageDirectory (RaftStorageDirectoryImpl.java:tryLock(231)) - Lock on /home/runner/work/ozone/ozone/hadoop-ozone/integration-test/target/test-dir/MiniOzoneClusterImpl-1c4368e0-208c-48c5-9b0c-56c20ccf1352/datanode-0/data/ratis/1e66c8b4-bb2a-49f8-8bdf-3707cba54d61/in_use.lock acquired by nodename 48974@fv-az590-525
2023-04-11 11:25:24,130 [pool-498-thread-1] INFO  storage.RaftStorage (RaftStorageImpl.java:format(96)) - Storage directory /home/runner/work/ozone/ozone/hadoop-ozone/integration-test/target/test-dir/MiniOzoneClusterImpl-1c4368e0-208c-48c5-9b0c-56c20ccf1352/datanode-0/data/ratis/1e66c8b4-bb2a-49f8-8bdf-3707cba54d61 has been successfully formatted.
2023-04-11 11:25:24,131 [pool-498-thread-1] INFO  ratis.ContainerStateMachine (ContainerStateMachine.java:loadSnapshot(262)) - group-3707CBA54D61: The snapshot info is null. Setting the last applied indexto:(t:0, i:~)
2023-04-11 11:25:24,131 [pool-498-thread-1] INFO  server.RaftServerConfigKeys (ConfUtils.java:logGet(46)) - raft.server.log.use.memory = false (default)
2023-04-11 11:25:24,131 [pool-498-thread-1] INFO  server.RaftServerConfigKeys (ConfUtils.java:logGet(46)) - raft.server.log.purge.gap = 1000000 (custom)
2023-04-11 11:25:24,131 [pool-498-thread-1] INFO  server.RaftServerConfigKeys (ConfUtils.java:logGet(46)) - raft.server.log.appender.buffer.byte-limit = 33554432 (custom)
2023-04-11 11:25:24,131 [pool-498-thread-1] INFO  server.RaftServerConfigKeys (ConfUtils.java:logGet(46)) - raft.server.log.statemachine.data.read.timeout = 1000ms (default)
2023-04-11 11:25:24,131 [pool-498-thread-1] INFO  server.RaftServerConfigKeys (ConfUtils.java:logGet(46)) - raft.server.log.purge.preservation.log.num = 0 (default)
2023-04-11 11:25:24,131 [pool-498-thread-1] INFO  server.RaftServerConfigKeys (ConfUtils.java:logGet(46)) - raft.server.log.segment.size.max = 1048576 (custom)
2023-04-11 11:25:24,131 [pool-498-thread-1] INFO  server.RaftServerConfigKeys (ConfUtils.java:logGet(46)) - raft.server.log.segment.cache.num.max = 2 (custom)
2023-04-11 11:25:24,131 [pool-498-thread-1] INFO  server.RaftServerConfigKeys (ConfUtils.java:logGet(46)) - raft.server.log.segment.cache.size.max = 200MB (=209715200) (default)
2023-04-11 11:25:24,131 [pool-498-thread-1] INFO  segmented.SegmentedRaftLogWorker (SegmentedRaftLogWorker.java:<init>(189)) - new 27a39a48-bb81-47fe-95ba-2ac18a68ea79@group-3707CBA54D61-SegmentedRaftLogWorker for RaftStorageImpl:Storage Directory /home/runner/work/ozone/ozone/hadoop-ozone/integration-test/target/test-dir/MiniOzoneClusterImpl-1c4368e0-208c-48c5-9b0c-56c20ccf1352/datanode-0/data/ratis/1e66c8b4-bb2a-49f8-8bdf-3707cba54d61
2023-04-11 11:25:24,131 [pool-498-thread-1] INFO  server.RaftServerConfigKeys (ConfUtils.java:logGet(46)) - raft.server.log.queue.byte-limit = 4294967296 (custom)
2023-04-11 11:25:24,132 [EventQueue-OpenPipelineForHealthyPipelineSafeModeRule] INFO  safemode.SCMSafeModeManager (HealthyPipelineSafeModeRule.java:process(137)) - SCM in safe mode. Healthy pipelines reported count is 0, required healthy pipeline reported count is 1
2023-04-11 11:25:24,132 [pool-498-thread-1] INFO  server.RaftServerConfigKeys (ConfUtils.java:logGet(46)) - raft.server.log.queue.element-limit = 1024 (custom)
2023-04-11 11:25:24,132 [pool-498-thread-1] INFO  server.RaftServerConfigKeys (ConfUtils.java:logGet(46)) - raft.server.log.segment.size.max = 1048576 (custom)
2023-04-11 11:25:24,132 [pool-498-thread-1] INFO  server.RaftServerConfigKeys (ConfUtils.java:logGet(46)) - raft.server.log.preallocated.size = 16384 (custom)
2023-04-11 11:25:24,132 [pool-498-thread-1] INFO  server.RaftServerConfigKeys (ConfUtils.java:logGet(46)) - raft.server.log.force.sync.num = 128 (default)
2023-04-11 11:25:24,132 [pool-498-thread-1] INFO  server.RaftServerConfigKeys (ConfUtils.java:logGet(46)) - raft.server.log.statemachine.data.sync = true (default)
2023-04-11 11:25:24,132 [pool-498-thread-1] INFO  server.RaftServerConfigKeys (ConfUtils.java:logGet(46)) - raft.server.log.statemachine.data.sync.timeout = 10s (default)
2023-04-11 11:25:24,132 [pool-498-thread-1] INFO  server.RaftServerConfigKeys (ConfUtils.java:logGet(46)) - raft.server.log.statemachine.data.sync.timeout.retry = -1 (default)
2023-04-11 11:25:24,134 [pool-498-thread-1] INFO  server.RaftServerConfigKeys (ConfUtils.java:logGet(46)) - raft.server.log.write.buffer.size = 1048576 (custom)
2023-04-11 11:25:24,134 [pool-498-thread-1] INFO  server.RaftServerConfigKeys (ConfUtils.java:logGet(46)) - raft.server.log.appender.buffer.byte-limit = 33554432 (custom)
2023-04-11 11:25:24,139 [pool-498-thread-1] INFO  server.RaftServerConfigKeys (ConfUtils.java:logGet(46)) - raft.server.log.unsafe-flush.enabled = false (default)
2023-04-11 11:25:24,140 [pool-498-thread-1] INFO  server.RaftServerConfigKeys (ConfUtils.java:logGet(46)) - raft.server.log.async-flush.enabled = false (default)
2023-04-11 11:25:24,140 [pool-498-thread-1] INFO  server.RaftServerConfigKeys (ConfUtils.java:logGet(46)) - raft.server.log.statemachine.data.caching.enabled = true (custom)
2023-04-11 11:25:24,140 [pool-498-thread-1] INFO  segmented.SegmentedRaftLogWorker (SegmentedRaftLogWorker.java:lambda$new$0(135)) - 27a39a48-bb81-47fe-95ba-2ac18a68ea79@group-3707CBA54D61-SegmentedRaftLogWorker: flushIndex: setUnconditionally 0 -> -1
2023-04-11 11:25:24,140 [pool-498-thread-1] INFO  segmented.SegmentedRaftLogWorker (SegmentedRaftLogWorker.java:lambda$new$0(135)) - 27a39a48-bb81-47fe-95ba-2ac18a68ea79@group-3707CBA54D61-SegmentedRaftLogWorker: safeCacheEvictIndex: setUnconditionally 0 -> -1
2023-04-11 11:25:24,142 [pool-498-thread-1] INFO  server.RaftServer$Division (RaftServerImpl.java:start(334)) - 27a39a48-bb81-47fe-95ba-2ac18a68ea79@group-3707CBA54D61: start as a follower, conf=-1: peers:[c1e7a0ec-ae3b-4726-987d-7d9bf2cc9de6|rpc:10.1.0.37:46253|dataStream:10.1.0.37:45319|priority:0|startupRole:FOLLOWER, 27a39a48-bb81-47fe-95ba-2ac18a68ea79|rpc:10.1.0.37:41701|dataStream:10.1.0.37:45441|priority:0|startupRole:FOLLOWER, 05ccd17e-9552-4505-90bd-a622c50008e8|rpc:10.1.0.37:41579|dataStream:10.1.0.37:46539|priority:1|startupRole:FOLLOWER]|listeners:[], old=null
2023-04-11 11:25:24,142 [pool-498-thread-1] INFO  server.RaftServer$Division (RaftServerImpl.java:setRole(321)) - 27a39a48-bb81-47fe-95ba-2ac18a68ea79@group-3707CBA54D61: changes role from      null to FOLLOWER at term 0 for startAsFollower
2023-04-11 11:25:24,142 [pool-498-thread-1] INFO  impl.RoleInfo (RoleInfo.java:updateAndGet(139)) - 27a39a48-bb81-47fe-95ba-2ac18a68ea79: start 27a39a48-bb81-47fe-95ba-2ac18a68ea79@group-3707CBA54D61-FollowerState
2023-04-11 11:25:24,146 [pool-498-thread-1] INFO  util.JmxRegister (JmxRegister.java:tryRegister(44)) - Successfully registered JMX Bean with object name Ratis:service=RaftServer,group=group-3707CBA54D61,id=27a39a48-bb81-47fe-95ba-2ac18a68ea79
2023-04-11 11:25:24,146 [pool-498-thread-1] INFO  server.RaftServerConfigKeys (ConfUtils.java:logGet(46)) - raft.server.snapshot.auto.trigger.enabled = true (custom)
2023-04-11 11:25:24,146 [pool-498-thread-1] INFO  server.RaftServerConfigKeys (ConfUtils.java:logGet(46)) - raft.server.snapshot.auto.trigger.threshold = 10000 (custom)
2023-04-11 11:25:24,146 [pool-498-thread-1] INFO  server.RaftServerConfigKeys (ConfUtils.java:logGet(46)) - raft.server.snapshot.retention.file.num = 5 (custom)
2023-04-11 11:25:24,146 [pool-498-thread-1] INFO  server.RaftServerConfigKeys (ConfUtils.java:logGet(46)) - raft.server.log.purge.upto.snapshot.index = false (default)
2023-04-11 11:25:24,147 [27a39a48-bb81-47fe-95ba-2ac18a68ea79@group-3707CBA54D61-FollowerState] INFO  server.RaftServerConfigKeys (ConfUtils.java:logFallback(53)) - raft.server.rpc.first-election.timeout.min = 5s (fallback to raft.server.rpc.timeout.min)
2023-04-11 11:25:24,147 [27a39a48-bb81-47fe-95ba-2ac18a68ea79@group-3707CBA54D61-FollowerState] INFO  server.RaftServerConfigKeys (ConfUtils.java:logFallback(53)) - raft.server.rpc.first-election.timeout.max = 5200ms (fallback to raft.server.rpc.timeout.max)
2023-04-11 11:25:24,150 [Command processor thread] INFO  ratis.XceiverServerRatis (XceiverServerRatis.java:addGroup(806)) - Created group PipelineID=1e66c8b4-bb2a-49f8-8bdf-3707cba54d61
2023-04-11 11:25:24,162 [grpc-default-executor-0] INFO  server.RaftServer (RaftServerProxy.java:addNew(96)) - c1e7a0ec-ae3b-4726-987d-7d9bf2cc9de6: addNew group-3707CBA54D61:[c1e7a0ec-ae3b-4726-987d-7d9bf2cc9de6|rpc:10.1.0.37:46253|dataStream:10.1.0.37:45319|priority:0|startupRole:FOLLOWER, 27a39a48-bb81-47fe-95ba-2ac18a68ea79|rpc:10.1.0.37:41701|dataStream:10.1.0.37:45441|priority:0|startupRole:FOLLOWER, 05ccd17e-9552-4505-90bd-a622c50008e8|rpc:10.1.0.37:41579|dataStream:10.1.0.37:46539|priority:1|startupRole:FOLLOWER] returns group-3707CBA54D61:java.util.concurrent.CompletableFuture@70b12f26[Not completed]
2023-04-11 11:25:24,163 [pool-542-thread-1] INFO  server.RaftServer$Division (RaftServerImpl.java:<init>(195)) - c1e7a0ec-ae3b-4726-987d-7d9bf2cc9de6: new RaftServerImpl for group-3707CBA54D61:[c1e7a0ec-ae3b-4726-987d-7d9bf2cc9de6|rpc:10.1.0.37:46253|dataStream:10.1.0.37:45319|priority:0|startupRole:FOLLOWER, 27a39a48-bb81-47fe-95ba-2ac18a68ea79|rpc:10.1.0.37:41701|dataStream:10.1.0.37:45441|priority:0|startupRole:FOLLOWER, 05ccd17e-9552-4505-90bd-a622c50008e8|rpc:10.1.0.37:41579|dataStream:10.1.0.37:46539|priority:1|startupRole:FOLLOWER] with ContainerStateMachine:uninitialized
2023-04-11 11:25:24,163 [pool-542-thread-1] INFO  server.RaftServerConfigKeys (ConfUtils.java:logGet(46)) - raft.server.rpc.timeout.min = 5s (custom)
2023-04-11 11:25:24,163 [pool-542-thread-1] INFO  server.RaftServerConfigKeys (ConfUtils.java:logGet(46)) - raft.server.rpc.timeout.max = 5200ms (custom)
2023-04-11 11:25:24,163 [pool-542-thread-1] INFO  server.RaftServerConfigKeys (ConfUtils.java:logGet(46)) - raft.server.rpc.sleep.time = 25ms (default)
2023-04-11 11:25:24,163 [pool-542-thread-1] INFO  server.RaftServerConfigKeys (ConfUtils.java:logGet(46)) - raft.server.rpc.slowness.timeout = 300s (custom)
2023-04-11 11:25:24,164 [pool-542-thread-1] INFO  server.RaftServerConfigKeys (ConfUtils.java:logGet(46)) - raft.server.leaderelection.leader.step-down.wait-time = 10s (default)
2023-04-11 11:25:24,164 [pool-542-thread-1] INFO  server.RaftServerConfigKeys (ConfUtils.java:logGet(46)) - raft.server.sleep.deviation.threshold = 300ms (default)
2023-04-11 11:25:24,164 [pool-542-thread-1] INFO  server.RaftServer$Division (ServerState.java:<init>(118)) - c1e7a0ec-ae3b-4726-987d-7d9bf2cc9de6@group-3707CBA54D61: ConfigurationManager, init=-1: peers:[c1e7a0ec-ae3b-4726-987d-7d9bf2cc9de6|rpc:10.1.0.37:46253|dataStream:10.1.0.37:45319|priority:0|startupRole:FOLLOWER, 27a39a48-bb81-47fe-95ba-2ac18a68ea79|rpc:10.1.0.37:41701|dataStream:10.1.0.37:45441|priority:0|startupRole:FOLLOWER, 05ccd17e-9552-4505-90bd-a622c50008e8|rpc:10.1.0.37:41579|dataStream:10.1.0.37:46539|priority:1|startupRole:FOLLOWER]|listeners:[], old=null, confs=<EMPTY_MAP>
2023-04-11 11:25:24,164 [pool-542-thread-1] INFO  server.RaftServerConfigKeys (ConfUtils.java:logGet(46)) - raft.server.storage.dir = [/home/runner/work/ozone/ozone/hadoop-ozone/integration-test/target/test-dir/MiniOzoneClusterImpl-1c4368e0-208c-48c5-9b0c-56c20ccf1352/datanode-2/data/ratis] (custom)
2023-04-11 11:25:24,165 [pool-542-thread-1] INFO  server.RaftServerConfigKeys (ConfUtils.java:logGet(46)) - raft.server.log.corruption.policy = EXCEPTION (default)
2023-04-11 11:25:24,165 [pool-542-thread-1] INFO  server.RaftServerConfigKeys (ConfUtils.java:logGet(46)) - raft.server.storage.free-space.min = 0MB (=0) (default)
2023-04-11 11:25:24,165 [pool-542-thread-1] INFO  server.RaftServerConfigKeys (ConfUtils.java:logGet(46)) - raft.server.notification.no-leader.timeout = 300s (custom)
2023-04-11 11:25:24,165 [pool-542-thread-1] INFO  server.RaftServerConfigKeys (ConfUtils.java:logGet(46)) - raft.server.retrycache.expirytime = 600000ms (custom)
2023-04-11 11:25:24,165 [pool-542-thread-1] INFO  server.RaftServerConfigKeys (ConfUtils.java:logGet(46)) - raft.server.retrycache.statistics.expirytime = 100μs (default)
2023-04-11 11:25:24,167 [pool-542-thread-1] INFO  server.RaftServerConfigKeys (ConfUtils.java:logGet(46)) - raft.server.log.appender.install.snapshot.enabled = false (custom)
2023-04-11 11:25:24,167 [pool-542-thread-1] INFO  server.RaftServerConfigKeys (ConfUtils.java:logGet(46)) - raft.server.threadpool.server.cached = true (default)
2023-04-11 11:25:24,167 [pool-542-thread-1] INFO  server.RaftServerConfigKeys (ConfUtils.java:logGet(46)) - raft.server.threadpool.server.size = 0 (default)
2023-04-11 11:25:24,167 [pool-542-thread-1] INFO  server.RaftServerConfigKeys (ConfUtils.java:logGet(46)) - raft.server.threadpool.client.cached = true (default)
2023-04-11 11:25:24,167 [pool-542-thread-1] INFO  server.RaftServerConfigKeys (ConfUtils.java:logGet(46)) - raft.server.threadpool.client.size = 0 (default)
2023-04-11 11:25:24,168 [pool-542-thread-1] INFO  storage.RaftStorageDirectory (RaftStorageDirectoryImpl.java:analyzeStorage(137)) - The storage directory /home/runner/work/ozone/ozone/hadoop-ozone/integration-test/target/test-dir/MiniOzoneClusterImpl-1c4368e0-208c-48c5-9b0c-56c20ccf1352/datanode-2/data/ratis/1e66c8b4-bb2a-49f8-8bdf-3707cba54d61 does not exist. Creating ...
2023-04-11 11:25:24,169 [pool-542-thread-1] INFO  storage.RaftStorageDirectory (RaftStorageDirectoryImpl.java:tryLock(231)) - Lock on /home/runner/work/ozone/ozone/hadoop-ozone/integration-test/target/test-dir/MiniOzoneClusterImpl-1c4368e0-208c-48c5-9b0c-56c20ccf1352/datanode-2/data/ratis/1e66c8b4-bb2a-49f8-8bdf-3707cba54d61/in_use.lock acquired by nodename 48974@fv-az590-525
2023-04-11 11:25:24,170 [pool-542-thread-1] INFO  storage.RaftStorage (RaftStorageImpl.java:format(96)) - Storage directory /home/runner/work/ozone/ozone/hadoop-ozone/integration-test/target/test-dir/MiniOzoneClusterImpl-1c4368e0-208c-48c5-9b0c-56c20ccf1352/datanode-2/data/ratis/1e66c8b4-bb2a-49f8-8bdf-3707cba54d61 has been successfully formatted.
2023-04-11 11:25:24,172 [pool-542-thread-1] INFO  ratis.ContainerStateMachine (ContainerStateMachine.java:loadSnapshot(262)) - group-3707CBA54D61: The snapshot info is null. Setting the last applied indexto:(t:0, i:~)
2023-04-11 11:25:24,172 [pool-542-thread-1] INFO  server.RaftServerConfigKeys (ConfUtils.java:logGet(46)) - raft.server.log.use.memory = false (default)
2023-04-11 11:25:24,172 [pool-542-thread-1] INFO  server.RaftServerConfigKeys (ConfUtils.java:logGet(46)) - raft.server.log.purge.gap = 1000000 (custom)
2023-04-11 11:25:24,173 [pool-542-thread-1] INFO  server.RaftServerConfigKeys (ConfUtils.java:logGet(46)) - raft.server.log.appender.buffer.byte-limit = 33554432 (custom)
2023-04-11 11:25:24,173 [pool-542-thread-1] INFO  server.RaftServerConfigKeys (ConfUtils.java:logGet(46)) - raft.server.log.statemachine.data.read.timeout = 1000ms (default)
2023-04-11 11:25:24,173 [pool-542-thread-1] INFO  server.RaftServerConfigKeys (ConfUtils.java:logGet(46)) - raft.server.log.purge.preservation.log.num = 0 (default)
2023-04-11 11:25:24,173 [pool-542-thread-1] INFO  server.RaftServerConfigKeys (ConfUtils.java:logGet(46)) - raft.server.log.segment.size.max = 1048576 (custom)
2023-04-11 11:25:24,173 [pool-542-thread-1] INFO  server.RaftServerConfigKeys (ConfUtils.java:logGet(46)) - raft.server.log.segment.cache.num.max = 2 (custom)
2023-04-11 11:25:24,173 [pool-542-thread-1] INFO  server.RaftServerConfigKeys (ConfUtils.java:logGet(46)) - raft.server.log.segment.cache.size.max = 200MB (=209715200) (default)
2023-04-11 11:25:24,173 [pool-542-thread-1] INFO  segmented.SegmentedRaftLogWorker (SegmentedRaftLogWorker.java:<init>(189)) - new c1e7a0ec-ae3b-4726-987d-7d9bf2cc9de6@group-3707CBA54D61-SegmentedRaftLogWorker for RaftStorageImpl:Storage Directory /home/runner/work/ozone/ozone/hadoop-ozone/integration-test/target/test-dir/MiniOzoneClusterImpl-1c4368e0-208c-48c5-9b0c-56c20ccf1352/datanode-2/data/ratis/1e66c8b4-bb2a-49f8-8bdf-3707cba54d61
2023-04-11 11:25:24,173 [pool-542-thread-1] INFO  server.RaftServerConfigKeys (ConfUtils.java:logGet(46)) - raft.server.log.queue.byte-limit = 4294967296 (custom)
2023-04-11 11:25:24,173 [pool-542-thread-1] INFO  server.RaftServerConfigKeys (ConfUtils.java:logGet(46)) - raft.server.log.queue.element-limit = 1024 (custom)
2023-04-11 11:25:24,173 [pool-542-thread-1] INFO  server.RaftServerConfigKeys (ConfUtils.java:logGet(46)) - raft.server.log.segment.size.max = 1048576 (custom)
2023-04-11 11:25:24,173 [pool-542-thread-1] INFO  server.RaftServerConfigKeys (ConfUtils.java:logGet(46)) - raft.server.log.preallocated.size = 16384 (custom)
2023-04-11 11:25:24,173 [pool-542-thread-1] INFO  server.RaftServerConfigKeys (ConfUtils.java:logGet(46)) - raft.server.log.force.sync.num = 128 (default)
2023-04-11 11:25:24,173 [pool-542-thread-1] INFO  server.RaftServerConfigKeys (ConfUtils.java:logGet(46)) - raft.server.log.statemachine.data.sync = true (default)
2023-04-11 11:25:24,173 [pool-542-thread-1] INFO  server.RaftServerConfigKeys (ConfUtils.java:logGet(46)) - raft.server.log.statemachine.data.sync.timeout = 10s (default)
2023-04-11 11:25:24,173 [pool-542-thread-1] INFO  server.RaftServerConfigKeys (ConfUtils.java:logGet(46)) - raft.server.log.statemachine.data.sync.timeout.retry = -1 (default)
2023-04-11 11:25:24,174 [pool-542-thread-1] INFO  server.RaftServerConfigKeys (ConfUtils.java:logGet(46)) - raft.server.log.write.buffer.size = 1048576 (custom)
2023-04-11 11:25:24,174 [pool-542-thread-1] INFO  server.RaftServerConfigKeys (ConfUtils.java:logGet(46)) - raft.server.log.appender.buffer.byte-limit = 33554432 (custom)
2023-04-11 11:25:24,179 [pool-542-thread-1] INFO  server.RaftServerConfigKeys (ConfUtils.java:logGet(46)) - raft.server.log.unsafe-flush.enabled = false (default)
2023-04-11 11:25:24,179 [pool-542-thread-1] INFO  server.RaftServerConfigKeys (ConfUtils.java:logGet(46)) - raft.server.log.async-flush.enabled = false (default)
2023-04-11 11:25:24,179 [pool-542-thread-1] INFO  server.RaftServerConfigKeys (ConfUtils.java:logGet(46)) - raft.server.log.statemachine.data.caching.enabled = true (custom)
2023-04-11 11:25:24,179 [pool-542-thread-1] INFO  segmented.SegmentedRaftLogWorker (SegmentedRaftLogWorker.java:lambda$new$0(135)) - c1e7a0ec-ae3b-4726-987d-7d9bf2cc9de6@group-3707CBA54D61-SegmentedRaftLogWorker: flushIndex: setUnconditionally 0 -> -1
2023-04-11 11:25:24,179 [pool-542-thread-1] INFO  segmented.SegmentedRaftLogWorker (SegmentedRaftLogWorker.java:lambda$new$0(135)) - c1e7a0ec-ae3b-4726-987d-7d9bf2cc9de6@group-3707CBA54D61-SegmentedRaftLogWorker: safeCacheEvictIndex: setUnconditionally 0 -> -1
2023-04-11 11:25:24,179 [pool-542-thread-1] INFO  server.RaftServer$Division (RaftServerImpl.java:start(334)) - c1e7a0ec-ae3b-4726-987d-7d9bf2cc9de6@group-3707CBA54D61: start as a follower, conf=-1: peers:[c1e7a0ec-ae3b-4726-987d-7d9bf2cc9de6|rpc:10.1.0.37:46253|dataStream:10.1.0.37:45319|priority:0|startupRole:FOLLOWER, 27a39a48-bb81-47fe-95ba-2ac18a68ea79|rpc:10.1.0.37:41701|dataStream:10.1.0.37:45441|priority:0|startupRole:FOLLOWER, 05ccd17e-9552-4505-90bd-a622c50008e8|rpc:10.1.0.37:41579|dataStream:10.1.0.37:46539|priority:1|startupRole:FOLLOWER]|listeners:[], old=null
2023-04-11 11:25:24,179 [pool-542-thread-1] INFO  server.RaftServer$Division (RaftServerImpl.java:setRole(321)) - c1e7a0ec-ae3b-4726-987d-7d9bf2cc9de6@group-3707CBA54D61: changes role from      null to FOLLOWER at term 0 for startAsFollower
2023-04-11 11:25:24,179 [pool-542-thread-1] INFO  impl.RoleInfo (RoleInfo.java:updateAndGet(139)) - c1e7a0ec-ae3b-4726-987d-7d9bf2cc9de6: start c1e7a0ec-ae3b-4726-987d-7d9bf2cc9de6@group-3707CBA54D61-FollowerState
2023-04-11 11:25:24,180 [c1e7a0ec-ae3b-4726-987d-7d9bf2cc9de6@group-3707CBA54D61-FollowerState] INFO  server.RaftServerConfigKeys (ConfUtils.java:logFallback(53)) - raft.server.rpc.first-election.timeout.min = 5s (fallback to raft.server.rpc.timeout.min)
2023-04-11 11:25:24,180 [pool-542-thread-1] INFO  util.JmxRegister (JmxRegister.java:tryRegister(44)) - Successfully registered JMX Bean with object name Ratis:service=RaftServer,group=group-3707CBA54D61,id=c1e7a0ec-ae3b-4726-987d-7d9bf2cc9de6
2023-04-11 11:25:24,180 [c1e7a0ec-ae3b-4726-987d-7d9bf2cc9de6@group-3707CBA54D61-FollowerState] INFO  server.RaftServerConfigKeys (ConfUtils.java:logFallback(53)) - raft.server.rpc.first-election.timeout.max = 5200ms (fallback to raft.server.rpc.timeout.max)
2023-04-11 11:25:24,180 [pool-542-thread-1] INFO  server.RaftServerConfigKeys (ConfUtils.java:logGet(46)) - raft.server.snapshot.auto.trigger.enabled = true (custom)
2023-04-11 11:25:24,180 [pool-542-thread-1] INFO  server.RaftServerConfigKeys (ConfUtils.java:logGet(46)) - raft.server.snapshot.auto.trigger.threshold = 10000 (custom)
2023-04-11 11:25:24,180 [pool-542-thread-1] INFO  server.RaftServerConfigKeys (ConfUtils.java:logGet(46)) - raft.server.snapshot.retention.file.num = 5 (custom)
2023-04-11 11:25:24,180 [pool-542-thread-1] INFO  server.RaftServerConfigKeys (ConfUtils.java:logGet(46)) - raft.server.log.purge.upto.snapshot.index = false (default)
2023-04-11 11:25:24,197 [grpc-default-executor-0] INFO  server.RaftServer (RaftServerProxy.java:addNew(96)) - 05ccd17e-9552-4505-90bd-a622c50008e8: addNew group-3707CBA54D61:[c1e7a0ec-ae3b-4726-987d-7d9bf2cc9de6|rpc:10.1.0.37:46253|dataStream:10.1.0.37:45319|priority:0|startupRole:FOLLOWER, 27a39a48-bb81-47fe-95ba-2ac18a68ea79|rpc:10.1.0.37:41701|dataStream:10.1.0.37:45441|priority:0|startupRole:FOLLOWER, 05ccd17e-9552-4505-90bd-a622c50008e8|rpc:10.1.0.37:41579|dataStream:10.1.0.37:46539|priority:1|startupRole:FOLLOWER] returns group-3707CBA54D61:java.util.concurrent.CompletableFuture@1cf4a76c[Not completed]
2023-04-11 11:25:24,197 [pool-520-thread-1] INFO  server.RaftServer$Division (RaftServerImpl.java:<init>(195)) - 05ccd17e-9552-4505-90bd-a622c50008e8: new RaftServerImpl for group-3707CBA54D61:[c1e7a0ec-ae3b-4726-987d-7d9bf2cc9de6|rpc:10.1.0.37:46253|dataStream:10.1.0.37:45319|priority:0|startupRole:FOLLOWER, 27a39a48-bb81-47fe-95ba-2ac18a68ea79|rpc:10.1.0.37:41701|dataStream:10.1.0.37:45441|priority:0|startupRole:FOLLOWER, 05ccd17e-9552-4505-90bd-a622c50008e8|rpc:10.1.0.37:41579|dataStream:10.1.0.37:46539|priority:1|startupRole:FOLLOWER] with ContainerStateMachine:uninitialized
2023-04-11 11:25:24,197 [pool-520-thread-1] INFO  server.RaftServerConfigKeys (ConfUtils.java:logGet(46)) - raft.server.rpc.timeout.min = 5s (custom)
2023-04-11 11:25:24,198 [pool-520-thread-1] INFO  server.RaftServerConfigKeys (ConfUtils.java:logGet(46)) - raft.server.rpc.timeout.max = 5200ms (custom)
2023-04-11 11:25:24,198 [pool-520-thread-1] INFO  server.RaftServerConfigKeys (ConfUtils.java:logGet(46)) - raft.server.rpc.sleep.time = 25ms (default)
2023-04-11 11:25:24,198 [pool-520-thread-1] INFO  server.RaftServerConfigKeys (ConfUtils.java:logGet(46)) - raft.server.rpc.slowness.timeout = 300s (custom)
2023-04-11 11:25:24,198 [pool-520-thread-1] INFO  server.RaftServerConfigKeys (ConfUtils.java:logGet(46)) - raft.server.leaderelection.leader.step-down.wait-time = 10s (default)
2023-04-11 11:25:24,198 [pool-520-thread-1] INFO  server.RaftServerConfigKeys (ConfUtils.java:logGet(46)) - raft.server.sleep.deviation.threshold = 300ms (default)
2023-04-11 11:25:24,198 [pool-520-thread-1] INFO  server.RaftServer$Division (ServerState.java:<init>(118)) - 05ccd17e-9552-4505-90bd-a622c50008e8@group-3707CBA54D61: ConfigurationManager, init=-1: peers:[c1e7a0ec-ae3b-4726-987d-7d9bf2cc9de6|rpc:10.1.0.37:46253|dataStream:10.1.0.37:45319|priority:0|startupRole:FOLLOWER, 27a39a48-bb81-47fe-95ba-2ac18a68ea79|rpc:10.1.0.37:41701|dataStream:10.1.0.37:45441|priority:0|startupRole:FOLLOWER, 05ccd17e-9552-4505-90bd-a622c50008e8|rpc:10.1.0.37:41579|dataStream:10.1.0.37:46539|priority:1|startupRole:FOLLOWER]|listeners:[], old=null, confs=<EMPTY_MAP>
2023-04-11 11:25:24,198 [pool-520-thread-1] INFO  server.RaftServerConfigKeys (ConfUtils.java:logGet(46)) - raft.server.storage.dir = [/home/runner/work/ozone/ozone/hadoop-ozone/integration-test/target/test-dir/MiniOzoneClusterImpl-1c4368e0-208c-48c5-9b0c-56c20ccf1352/datanode-1/data/ratis] (custom)
2023-04-11 11:25:24,198 [pool-520-thread-1] INFO  server.RaftServerConfigKeys (ConfUtils.java:logGet(46)) - raft.server.log.corruption.policy = EXCEPTION (default)
2023-04-11 11:25:24,198 [pool-520-thread-1] INFO  server.RaftServerConfigKeys (ConfUtils.java:logGet(46)) - raft.server.storage.free-space.min = 0MB (=0) (default)
2023-04-11 11:25:24,198 [pool-520-thread-1] INFO  server.RaftServerConfigKeys (ConfUtils.java:logGet(46)) - raft.server.notification.no-leader.timeout = 300s (custom)
2023-04-11 11:25:24,198 [pool-520-thread-1] INFO  server.RaftServerConfigKeys (ConfUtils.java:logGet(46)) - raft.server.retrycache.expirytime = 600000ms (custom)
2023-04-11 11:25:24,198 [pool-520-thread-1] INFO  server.RaftServerConfigKeys (ConfUtils.java:logGet(46)) - raft.server.retrycache.statistics.expirytime = 100μs (default)
2023-04-11 11:25:24,199 [pool-520-thread-1] INFO  server.RaftServerConfigKeys (ConfUtils.java:logGet(46)) - raft.server.log.appender.install.snapshot.enabled = false (custom)
2023-04-11 11:25:24,199 [pool-520-thread-1] INFO  server.RaftServerConfigKeys (ConfUtils.java:logGet(46)) - raft.server.threadpool.server.cached = true (default)
2023-04-11 11:25:24,199 [pool-520-thread-1] INFO  server.RaftServerConfigKeys (ConfUtils.java:logGet(46)) - raft.server.threadpool.server.size = 0 (default)
2023-04-11 11:25:24,199 [pool-520-thread-1] INFO  server.RaftServerConfigKeys (ConfUtils.java:logGet(46)) - raft.server.threadpool.client.cached = true (default)
2023-04-11 11:25:24,199 [pool-520-thread-1] INFO  server.RaftServerConfigKeys (ConfUtils.java:logGet(46)) - raft.server.threadpool.client.size = 0 (default)
2023-04-11 11:25:24,199 [pool-520-thread-1] INFO  storage.RaftStorageDirectory (RaftStorageDirectoryImpl.java:analyzeStorage(137)) - The storage directory /home/runner/work/ozone/ozone/hadoop-ozone/integration-test/target/test-dir/MiniOzoneClusterImpl-1c4368e0-208c-48c5-9b0c-56c20ccf1352/datanode-1/data/ratis/1e66c8b4-bb2a-49f8-8bdf-3707cba54d61 does not exist. Creating ...
2023-04-11 11:25:24,200 [pool-520-thread-1] INFO  storage.RaftStorageDirectory (RaftStorageDirectoryImpl.java:tryLock(231)) - Lock on /home/runner/work/ozone/ozone/hadoop-ozone/integration-test/target/test-dir/MiniOzoneClusterImpl-1c4368e0-208c-48c5-9b0c-56c20ccf1352/datanode-1/data/ratis/1e66c8b4-bb2a-49f8-8bdf-3707cba54d61/in_use.lock acquired by nodename 48974@fv-az590-525
2023-04-11 11:25:24,201 [pool-520-thread-1] INFO  storage.RaftStorage (RaftStorageImpl.java:format(96)) - Storage directory /home/runner/work/ozone/ozone/hadoop-ozone/integration-test/target/test-dir/MiniOzoneClusterImpl-1c4368e0-208c-48c5-9b0c-56c20ccf1352/datanode-1/data/ratis/1e66c8b4-bb2a-49f8-8bdf-3707cba54d61 has been successfully formatted.
2023-04-11 11:25:24,203 [pool-520-thread-1] INFO  ratis.ContainerStateMachine (ContainerStateMachine.java:loadSnapshot(262)) - group-3707CBA54D61: The snapshot info is null. Setting the last applied indexto:(t:0, i:~)
2023-04-11 11:25:24,203 [pool-520-thread-1] INFO  server.RaftServerConfigKeys (ConfUtils.java:logGet(46)) - raft.server.log.use.memory = false (default)
2023-04-11 11:25:24,203 [pool-520-thread-1] INFO  server.RaftServerConfigKeys (ConfUtils.java:logGet(46)) - raft.server.log.purge.gap = 1000000 (custom)
2023-04-11 11:25:24,203 [pool-520-thread-1] INFO  server.RaftServerConfigKeys (ConfUtils.java:logGet(46)) - raft.server.log.appender.buffer.byte-limit = 33554432 (custom)
2023-04-11 11:25:24,203 [pool-520-thread-1] INFO  server.RaftServerConfigKeys (ConfUtils.java:logGet(46)) - raft.server.log.statemachine.data.read.timeout = 1000ms (default)
2023-04-11 11:25:24,203 [pool-520-thread-1] INFO  server.RaftServerConfigKeys (ConfUtils.java:logGet(46)) - raft.server.log.purge.preservation.log.num = 0 (default)
2023-04-11 11:25:24,203 [pool-520-thread-1] INFO  server.RaftServerConfigKeys (ConfUtils.java:logGet(46)) - raft.server.log.segment.size.max = 1048576 (custom)
2023-04-11 11:25:24,204 [pool-520-thread-1] INFO  server.RaftServerConfigKeys (ConfUtils.java:logGet(46)) - raft.server.log.segment.cache.num.max = 2 (custom)
2023-04-11 11:25:24,204 [pool-520-thread-1] INFO  server.RaftServerConfigKeys (ConfUtils.java:logGet(46)) - raft.server.log.segment.cache.size.max = 200MB (=209715200) (default)
2023-04-11 11:25:24,204 [pool-520-thread-1] INFO  segmented.SegmentedRaftLogWorker (SegmentedRaftLogWorker.java:<init>(189)) - new 05ccd17e-9552-4505-90bd-a622c50008e8@group-3707CBA54D61-SegmentedRaftLogWorker for RaftStorageImpl:Storage Directory /home/runner/work/ozone/ozone/hadoop-ozone/integration-test/target/test-dir/MiniOzoneClusterImpl-1c4368e0-208c-48c5-9b0c-56c20ccf1352/datanode-1/data/ratis/1e66c8b4-bb2a-49f8-8bdf-3707cba54d61
2023-04-11 11:25:24,204 [pool-520-thread-1] INFO  server.RaftServerConfigKeys (ConfUtils.java:logGet(46)) - raft.server.log.queue.byte-limit = 4294967296 (custom)
2023-04-11 11:25:24,204 [pool-520-thread-1] INFO  server.RaftServerConfigKeys (ConfUtils.java:logGet(46)) - raft.server.log.queue.element-limit = 1024 (custom)
2023-04-11 11:25:24,204 [pool-520-thread-1] INFO  server.RaftServerConfigKeys (ConfUtils.java:logGet(46)) - raft.server.log.segment.size.max = 1048576 (custom)
2023-04-11 11:25:24,204 [pool-520-thread-1] INFO  server.RaftServerConfigKeys (ConfUtils.java:logGet(46)) - raft.server.log.preallocated.size = 16384 (custom)
2023-04-11 11:25:24,204 [pool-520-thread-1] INFO  server.RaftServerConfigKeys (ConfUtils.java:logGet(46)) - raft.server.log.force.sync.num = 128 (default)
2023-04-11 11:25:24,204 [pool-520-thread-1] INFO  server.RaftServerConfigKeys (ConfUtils.java:logGet(46)) - raft.server.log.statemachine.data.sync = true (default)
2023-04-11 11:25:24,204 [pool-520-thread-1] INFO  server.RaftServerConfigKeys (ConfUtils.java:logGet(46)) - raft.server.log.statemachine.data.sync.timeout = 10s (default)
2023-04-11 11:25:24,204 [pool-520-thread-1] INFO  server.RaftServerConfigKeys (ConfUtils.java:logGet(46)) - raft.server.log.statemachine.data.sync.timeout.retry = -1 (default)
2023-04-11 11:25:24,204 [pool-520-thread-1] INFO  server.RaftServerConfigKeys (ConfUtils.java:logGet(46)) - raft.server.log.write.buffer.size = 1048576 (custom)
2023-04-11 11:25:24,205 [pool-520-thread-1] INFO  server.RaftServerConfigKeys (ConfUtils.java:logGet(46)) - raft.server.log.appender.buffer.byte-limit = 33554432 (custom)
2023-04-11 11:25:24,334 [pool-520-thread-1] INFO  server.RaftServerConfigKeys (ConfUtils.java:logGet(46)) - raft.server.log.unsafe-flush.enabled = false (default)
2023-04-11 11:25:24,335 [pool-520-thread-1] INFO  server.RaftServerConfigKeys (ConfUtils.java:logGet(46)) - raft.server.log.async-flush.enabled = false (default)
2023-04-11 11:25:24,335 [pool-520-thread-1] INFO  server.RaftServerConfigKeys (ConfUtils.java:logGet(46)) - raft.server.log.statemachine.data.caching.enabled = true (custom)
2023-04-11 11:25:24,335 [pool-520-thread-1] INFO  segmented.SegmentedRaftLogWorker (SegmentedRaftLogWorker.java:lambda$new$0(135)) - 05ccd17e-9552-4505-90bd-a622c50008e8@group-3707CBA54D61-SegmentedRaftLogWorker: flushIndex: setUnconditionally 0 -> -1
2023-04-11 11:25:24,335 [pool-520-thread-1] INFO  segmented.SegmentedRaftLogWorker (SegmentedRaftLogWorker.java:lambda$new$0(135)) - 05ccd17e-9552-4505-90bd-a622c50008e8@group-3707CBA54D61-SegmentedRaftLogWorker: safeCacheEvictIndex: setUnconditionally 0 -> -1
2023-04-11 11:25:24,335 [pool-520-thread-1] INFO  server.RaftServer$Division (RaftServerImpl.java:start(334)) - 05ccd17e-9552-4505-90bd-a622c50008e8@group-3707CBA54D61: start as a follower, conf=-1: peers:[c1e7a0ec-ae3b-4726-987d-7d9bf2cc9de6|rpc:10.1.0.37:46253|dataStream:10.1.0.37:45319|priority:0|startupRole:FOLLOWER, 27a39a48-bb81-47fe-95ba-2ac18a68ea79|rpc:10.1.0.37:41701|dataStream:10.1.0.37:45441|priority:0|startupRole:FOLLOWER, 05ccd17e-9552-4505-90bd-a622c50008e8|rpc:10.1.0.37:41579|dataStream:10.1.0.37:46539|priority:1|startupRole:FOLLOWER]|listeners:[], old=null
2023-04-11 11:25:24,337 [pool-520-thread-1] INFO  server.RaftServer$Division (RaftServerImpl.java:setRole(321)) - 05ccd17e-9552-4505-90bd-a622c50008e8@group-3707CBA54D61: changes role from      null to FOLLOWER at term 0 for startAsFollower
2023-04-11 11:25:24,338 [pool-520-thread-1] INFO  impl.RoleInfo (RoleInfo.java:updateAndGet(139)) - 05ccd17e-9552-4505-90bd-a622c50008e8: start 05ccd17e-9552-4505-90bd-a622c50008e8@group-3707CBA54D61-FollowerState
2023-04-11 11:25:24,338 [pool-520-thread-1] INFO  util.JmxRegister (JmxRegister.java:tryRegister(44)) - Successfully registered JMX Bean with object name Ratis:service=RaftServer,group=group-3707CBA54D61,id=05ccd17e-9552-4505-90bd-a622c50008e8
2023-04-11 11:25:24,338 [pool-520-thread-1] INFO  server.RaftServerConfigKeys (ConfUtils.java:logGet(46)) - raft.server.snapshot.auto.trigger.enabled = true (custom)
2023-04-11 11:25:24,338 [pool-520-thread-1] INFO  server.RaftServerConfigKeys (ConfUtils.java:logGet(46)) - raft.server.snapshot.auto.trigger.threshold = 10000 (custom)
2023-04-11 11:25:24,338 [pool-520-thread-1] INFO  server.RaftServerConfigKeys (ConfUtils.java:logGet(46)) - raft.server.snapshot.retention.file.num = 5 (custom)
2023-04-11 11:25:24,338 [pool-520-thread-1] INFO  server.RaftServerConfigKeys (ConfUtils.java:logGet(46)) - raft.server.log.purge.upto.snapshot.index = false (default)
2023-04-11 11:25:24,339 [05ccd17e-9552-4505-90bd-a622c50008e8@group-3707CBA54D61-FollowerState] INFO  server.RaftServerConfigKeys (ConfUtils.java:logFallback(53)) - raft.server.rpc.first-election.timeout.min = 5s (fallback to raft.server.rpc.timeout.min)
2023-04-11 11:25:24,339 [05ccd17e-9552-4505-90bd-a622c50008e8@group-3707CBA54D61-FollowerState] INFO  server.RaftServerConfigKeys (ConfUtils.java:logFallback(53)) - raft.server.rpc.first-election.timeout.max = 5200ms (fallback to raft.server.rpc.timeout.max)
2023-04-11 11:25:24,350 [Command processor thread] INFO  commandhandler.CreatePipelineCommandHandler (CreatePipelineCommandHandler.java:handle(113)) - Created Pipeline RATIS THREE PipelineID=1e66c8b4-bb2a-49f8-8bdf-3707cba54d61.
2023-04-11 11:25:24,350 [Command processor thread] INFO  server.RaftServer (RaftServerProxy.java:addNew(96)) - 27a39a48-bb81-47fe-95ba-2ac18a68ea79: addNew group-E60AD42C943A:[c1e7a0ec-ae3b-4726-987d-7d9bf2cc9de6|rpc:10.1.0.37:46253|dataStream:10.1.0.37:45319|priority:1|startupRole:FOLLOWER, 27a39a48-bb81-47fe-95ba-2ac18a68ea79|rpc:10.1.0.37:41701|dataStream:10.1.0.37:45441|priority:0|startupRole:FOLLOWER, 05ccd17e-9552-4505-90bd-a622c50008e8|rpc:10.1.0.37:41579|dataStream:10.1.0.37:46539|priority:0|startupRole:FOLLOWER] returns group-E60AD42C943A:java.util.concurrent.CompletableFuture@3d1bdce1[Not completed]
2023-04-11 11:25:24,351 [pool-498-thread-1] INFO  server.RaftServer$Division (RaftServerImpl.java:<init>(195)) - 27a39a48-bb81-47fe-95ba-2ac18a68ea79: new RaftServerImpl for group-E60AD42C943A:[c1e7a0ec-ae3b-4726-987d-7d9bf2cc9de6|rpc:10.1.0.37:46253|dataStream:10.1.0.37:45319|priority:1|startupRole:FOLLOWER, 27a39a48-bb81-47fe-95ba-2ac18a68ea79|rpc:10.1.0.37:41701|dataStream:10.1.0.37:45441|priority:0|startupRole:FOLLOWER, 05ccd17e-9552-4505-90bd-a622c50008e8|rpc:10.1.0.37:41579|dataStream:10.1.0.37:46539|priority:0|startupRole:FOLLOWER] with ContainerStateMachine:uninitialized
2023-04-11 11:25:24,351 [pool-498-thread-1] INFO  server.RaftServerConfigKeys (ConfUtils.java:logGet(46)) - raft.server.rpc.timeout.min = 5s (custom)
2023-04-11 11:25:24,351 [pool-498-thread-1] INFO  server.RaftServerConfigKeys (ConfUtils.java:logGet(46)) - raft.server.rpc.timeout.max = 5200ms (custom)
2023-04-11 11:25:24,351 [pool-498-thread-1] INFO  server.RaftServerConfigKeys (ConfUtils.java:logGet(46)) - raft.server.rpc.sleep.time = 25ms (default)
2023-04-11 11:25:24,351 [pool-498-thread-1] INFO  server.RaftServerConfigKeys (ConfUtils.java:logGet(46)) - raft.server.rpc.slowness.timeout = 300s (custom)
2023-04-11 11:25:24,351 [pool-498-thread-1] INFO  server.RaftServerConfigKeys (ConfUtils.java:logGet(46)) - raft.server.leaderelection.leader.step-down.wait-time = 10s (default)
2023-04-11 11:25:24,351 [pool-498-thread-1] INFO  server.RaftServerConfigKeys (ConfUtils.java:logGet(46)) - raft.server.sleep.deviation.threshold = 300ms (default)
2023-04-11 11:25:24,352 [pool-498-thread-1] INFO  server.RaftServer$Division (ServerState.java:<init>(118)) - 27a39a48-bb81-47fe-95ba-2ac18a68ea79@group-E60AD42C943A: ConfigurationManager, init=-1: peers:[c1e7a0ec-ae3b-4726-987d-7d9bf2cc9de6|rpc:10.1.0.37:46253|dataStream:10.1.0.37:45319|priority:1|startupRole:FOLLOWER, 27a39a48-bb81-47fe-95ba-2ac18a68ea79|rpc:10.1.0.37:41701|dataStream:10.1.0.37:45441|priority:0|startupRole:FOLLOWER, 05ccd17e-9552-4505-90bd-a622c50008e8|rpc:10.1.0.37:41579|dataStream:10.1.0.37:46539|priority:0|startupRole:FOLLOWER]|listeners:[], old=null, confs=<EMPTY_MAP>
2023-04-11 11:25:24,352 [pool-498-thread-1] INFO  server.RaftServerConfigKeys (ConfUtils.java:logGet(46)) - raft.server.storage.dir = [/home/runner/work/ozone/ozone/hadoop-ozone/integration-test/target/test-dir/MiniOzoneClusterImpl-1c4368e0-208c-48c5-9b0c-56c20ccf1352/datanode-0/data/ratis] (custom)
2023-04-11 11:25:24,352 [pool-498-thread-1] INFO  server.RaftServerConfigKeys (ConfUtils.java:logGet(46)) - raft.server.log.corruption.policy = EXCEPTION (default)
2023-04-11 11:25:24,352 [pool-498-thread-1] INFO  server.RaftServerConfigKeys (ConfUtils.java:logGet(46)) - raft.server.storage.free-space.min = 0MB (=0) (default)
2023-04-11 11:25:24,352 [pool-498-thread-1] INFO  server.RaftServerConfigKeys (ConfUtils.java:logGet(46)) - raft.server.notification.no-leader.timeout = 300s (custom)
2023-04-11 11:25:24,352 [pool-498-thread-1] INFO  server.RaftServerConfigKeys (ConfUtils.java:logGet(46)) - raft.server.retrycache.expirytime = 600000ms (custom)
2023-04-11 11:25:24,352 [pool-498-thread-1] INFO  server.RaftServerConfigKeys (ConfUtils.java:logGet(46)) - raft.server.retrycache.statistics.expirytime = 100μs (default)
2023-04-11 11:25:24,353 [pool-498-thread-1] INFO  server.RaftServerConfigKeys (ConfUtils.java:logGet(46)) - raft.server.log.appender.install.snapshot.enabled = false (custom)
2023-04-11 11:25:24,353 [pool-498-thread-1] INFO  server.RaftServerConfigKeys (ConfUtils.java:logGet(46)) - raft.server.threadpool.server.cached = true (default)
2023-04-11 11:25:24,353 [pool-498-thread-1] INFO  server.RaftServerConfigKeys (ConfUtils.java:logGet(46)) - raft.server.threadpool.server.size = 0 (default)
2023-04-11 11:25:24,353 [pool-498-thread-1] INFO  server.RaftServerConfigKeys (ConfUtils.java:logGet(46)) - raft.server.threadpool.client.cached = true (default)
2023-04-11 11:25:24,353 [pool-498-thread-1] INFO  server.RaftServerConfigKeys (ConfUtils.java:logGet(46)) - raft.server.threadpool.client.size = 0 (default)
2023-04-11 11:25:24,353 [pool-498-thread-1] INFO  storage.RaftStorageDirectory (RaftStorageDirectoryImpl.java:analyzeStorage(137)) - The storage directory /home/runner/work/ozone/ozone/hadoop-ozone/integration-test/target/test-dir/MiniOzoneClusterImpl-1c4368e0-208c-48c5-9b0c-56c20ccf1352/datanode-0/data/ratis/7b387448-c3b5-4b86-8817-e60ad42c943a does not exist. Creating ...
2023-04-11 11:25:24,354 [pool-498-thread-1] INFO  storage.RaftStorageDirectory (RaftStorageDirectoryImpl.java:tryLock(231)) - Lock on /home/runner/work/ozone/ozone/hadoop-ozone/integration-test/target/test-dir/MiniOzoneClusterImpl-1c4368e0-208c-48c5-9b0c-56c20ccf1352/datanode-0/data/ratis/7b387448-c3b5-4b86-8817-e60ad42c943a/in_use.lock acquired by nodename 48974@fv-az590-525
2023-04-11 11:25:24,356 [pool-498-thread-1] INFO  storage.RaftStorage (RaftStorageImpl.java:format(96)) - Storage directory /home/runner/work/ozone/ozone/hadoop-ozone/integration-test/target/test-dir/MiniOzoneClusterImpl-1c4368e0-208c-48c5-9b0c-56c20ccf1352/datanode-0/data/ratis/7b387448-c3b5-4b86-8817-e60ad42c943a has been successfully formatted.
2023-04-11 11:25:24,356 [pool-498-thread-1] INFO  ratis.ContainerStateMachine (ContainerStateMachine.java:loadSnapshot(262)) - group-E60AD42C943A: The snapshot info is null. Setting the last applied indexto:(t:0, i:~)
2023-04-11 11:25:24,356 [pool-498-thread-1] INFO  server.RaftServerConfigKeys (ConfUtils.java:logGet(46)) - raft.server.log.use.memory = false (default)
2023-04-11 11:25:24,356 [pool-498-thread-1] INFO  server.RaftServerConfigKeys (ConfUtils.java:logGet(46)) - raft.server.log.purge.gap = 1000000 (custom)
2023-04-11 11:25:24,356 [pool-498-thread-1] INFO  server.RaftServerConfigKeys (ConfUtils.java:logGet(46)) - raft.server.log.appender.buffer.byte-limit = 33554432 (custom)
2023-04-11 11:25:24,356 [pool-498-thread-1] INFO  server.RaftServerConfigKeys (ConfUtils.java:logGet(46)) - raft.server.log.statemachine.data.read.timeout = 1000ms (default)
2023-04-11 11:25:24,356 [pool-498-thread-1] INFO  server.RaftServerConfigKeys (ConfUtils.java:logGet(46)) - raft.server.log.purge.preservation.log.num = 0 (default)
2023-04-11 11:25:24,356 [pool-498-thread-1] INFO  server.RaftServerConfigKeys (ConfUtils.java:logGet(46)) - raft.server.log.segment.size.max = 1048576 (custom)
2023-04-11 11:25:24,357 [EventQueue-OpenPipelineForHealthyPipelineSafeModeRule] INFO  safemode.SCMSafeModeManager (HealthyPipelineSafeModeRule.java:process(137)) - SCM in safe mode. Healthy pipelines reported count is 0, required healthy pipeline reported count is 1
2023-04-11 11:25:24,357 [pool-498-thread-1] INFO  server.RaftServerConfigKeys (ConfUtils.java:logGet(46)) - raft.server.log.segment.cache.num.max = 2 (custom)
2023-04-11 11:25:24,357 [pool-498-thread-1] INFO  server.RaftServerConfigKeys (ConfUtils.java:logGet(46)) - raft.server.log.segment.cache.size.max = 200MB (=209715200) (default)
2023-04-11 11:25:24,357 [pool-498-thread-1] INFO  segmented.SegmentedRaftLogWorker (SegmentedRaftLogWorker.java:<init>(189)) - new 27a39a48-bb81-47fe-95ba-2ac18a68ea79@group-E60AD42C943A-SegmentedRaftLogWorker for RaftStorageImpl:Storage Directory /home/runner/work/ozone/ozone/hadoop-ozone/integration-test/target/test-dir/MiniOzoneClusterImpl-1c4368e0-208c-48c5-9b0c-56c20ccf1352/datanode-0/data/ratis/7b387448-c3b5-4b86-8817-e60ad42c943a
2023-04-11 11:25:24,357 [pool-498-thread-1] INFO  server.RaftServerConfigKeys (ConfUtils.java:logGet(46)) - raft.server.log.queue.byte-limit = 4294967296 (custom)
2023-04-11 11:25:24,357 [pool-498-thread-1] INFO  server.RaftServerConfigKeys (ConfUtils.java:logGet(46)) - raft.server.log.queue.element-limit = 1024 (custom)
2023-04-11 11:25:24,357 [pool-498-thread-1] INFO  server.RaftServerConfigKeys (ConfUtils.java:logGet(46)) - raft.server.log.segment.size.max = 1048576 (custom)
2023-04-11 11:25:24,357 [pool-498-thread-1] INFO  server.RaftServerConfigKeys (ConfUtils.java:logGet(46)) - raft.server.log.preallocated.size = 16384 (custom)
2023-04-11 11:25:24,357 [pool-498-thread-1] INFO  server.RaftServerConfigKeys (ConfUtils.java:logGet(46)) - raft.server.log.force.sync.num = 128 (default)
2023-04-11 11:25:24,358 [pool-498-thread-1] INFO  server.RaftServerConfigKeys (ConfUtils.java:logGet(46)) - raft.server.log.statemachine.data.sync = true (default)
2023-04-11 11:25:24,358 [pool-498-thread-1] INFO  server.RaftServerConfigKeys (ConfUtils.java:logGet(46)) - raft.server.log.statemachine.data.sync.timeout = 10s (default)
2023-04-11 11:25:24,358 [pool-498-thread-1] INFO  server.RaftServerConfigKeys (ConfUtils.java:logGet(46)) - raft.server.log.statemachine.data.sync.timeout.retry = -1 (default)
2023-04-11 11:25:24,358 [pool-498-thread-1] INFO  server.RaftServerConfigKeys (ConfUtils.java:logGet(46)) - raft.server.log.write.buffer.size = 1048576 (custom)
2023-04-11 11:25:24,359 [pool-498-thread-1] INFO  server.RaftServerConfigKeys (ConfUtils.java:logGet(46)) - raft.server.log.appender.buffer.byte-limit = 33554432 (custom)
2023-04-11 11:25:24,368 [pool-498-thread-1] INFO  server.RaftServerConfigKeys (ConfUtils.java:logGet(46)) - raft.server.log.unsafe-flush.enabled = false (default)
2023-04-11 11:25:24,369 [pool-498-thread-1] INFO  server.RaftServerConfigKeys (ConfUtils.java:logGet(46)) - raft.server.log.async-flush.enabled = false (default)
2023-04-11 11:25:24,369 [pool-498-thread-1] INFO  server.RaftServerConfigKeys (ConfUtils.java:logGet(46)) - raft.server.log.statemachine.data.caching.enabled = true (custom)
2023-04-11 11:25:24,369 [pool-498-thread-1] INFO  segmented.SegmentedRaftLogWorker (SegmentedRaftLogWorker.java:lambda$new$0(135)) - 27a39a48-bb81-47fe-95ba-2ac18a68ea79@group-E60AD42C943A-SegmentedRaftLogWorker: flushIndex: setUnconditionally 0 -> -1
2023-04-11 11:25:24,369 [pool-498-thread-1] INFO  segmented.SegmentedRaftLogWorker (SegmentedRaftLogWorker.java:lambda$new$0(135)) - 27a39a48-bb81-47fe-95ba-2ac18a68ea79@group-E60AD42C943A-SegmentedRaftLogWorker: safeCacheEvictIndex: setUnconditionally 0 -> -1
2023-04-11 11:25:24,370 [pool-498-thread-1] INFO  server.RaftServer$Division (RaftServerImpl.java:start(334)) - 27a39a48-bb81-47fe-95ba-2ac18a68ea79@group-E60AD42C943A: start as a follower, conf=-1: peers:[c1e7a0ec-ae3b-4726-987d-7d9bf2cc9de6|rpc:10.1.0.37:46253|dataStream:10.1.0.37:45319|priority:1|startupRole:FOLLOWER, 27a39a48-bb81-47fe-95ba-2ac18a68ea79|rpc:10.1.0.37:41701|dataStream:10.1.0.37:45441|priority:0|startupRole:FOLLOWER, 05ccd17e-9552-4505-90bd-a622c50008e8|rpc:10.1.0.37:41579|dataStream:10.1.0.37:46539|priority:0|startupRole:FOLLOWER]|listeners:[], old=null
2023-04-11 11:25:24,370 [pool-498-thread-1] INFO  server.RaftServer$Division (RaftServerImpl.java:setRole(321)) - 27a39a48-bb81-47fe-95ba-2ac18a68ea79@group-E60AD42C943A: changes role from      null to FOLLOWER at term 0 for startAsFollower
2023-04-11 11:25:24,370 [pool-498-thread-1] INFO  impl.RoleInfo (RoleInfo.java:updateAndGet(139)) - 27a39a48-bb81-47fe-95ba-2ac18a68ea79: start 27a39a48-bb81-47fe-95ba-2ac18a68ea79@group-E60AD42C943A-FollowerState
2023-04-11 11:25:24,370 [27a39a48-bb81-47fe-95ba-2ac18a68ea79@group-E60AD42C943A-FollowerState] INFO  server.RaftServerConfigKeys (ConfUtils.java:logFallback(53)) - raft.server.rpc.first-election.timeout.min = 5s (fallback to raft.server.rpc.timeout.min)
2023-04-11 11:25:24,370 [27a39a48-bb81-47fe-95ba-2ac18a68ea79@group-E60AD42C943A-FollowerState] INFO  server.RaftServerConfigKeys (ConfUtils.java:logFallback(53)) - raft.server.rpc.first-election.timeout.max = 5200ms (fallback to raft.server.rpc.timeout.max)
2023-04-11 11:25:24,370 [pool-498-thread-1] INFO  util.JmxRegister (JmxRegister.java:tryRegister(44)) - Successfully registered JMX Bean with object name Ratis:service=RaftServer,group=group-E60AD42C943A,id=27a39a48-bb81-47fe-95ba-2ac18a68ea79
2023-04-11 11:25:24,371 [pool-498-thread-1] INFO  server.RaftServerConfigKeys (ConfUtils.java:logGet(46)) - raft.server.snapshot.auto.trigger.enabled = true (custom)
2023-04-11 11:25:24,371 [pool-498-thread-1] INFO  server.RaftServerConfigKeys (ConfUtils.java:logGet(46)) - raft.server.snapshot.auto.trigger.threshold = 10000 (custom)
2023-04-11 11:25:24,371 [pool-498-thread-1] INFO  server.RaftServerConfigKeys (ConfUtils.java:logGet(46)) - raft.server.snapshot.retention.file.num = 5 (custom)
2023-04-11 11:25:24,371 [pool-498-thread-1] INFO  server.RaftServerConfigKeys (ConfUtils.java:logGet(46)) - raft.server.log.purge.upto.snapshot.index = false (default)
2023-04-11 11:25:24,371 [Command processor thread] INFO  ratis.XceiverServerRatis (XceiverServerRatis.java:addGroup(806)) - Created group PipelineID=7b387448-c3b5-4b86-8817-e60ad42c943a
2023-04-11 11:25:24,383 [grpc-default-executor-0] INFO  server.RaftServer (RaftServerProxy.java:addNew(96)) - c1e7a0ec-ae3b-4726-987d-7d9bf2cc9de6: addNew group-E60AD42C943A:[c1e7a0ec-ae3b-4726-987d-7d9bf2cc9de6|rpc:10.1.0.37:46253|dataStream:10.1.0.37:45319|priority:1|startupRole:FOLLOWER, 27a39a48-bb81-47fe-95ba-2ac18a68ea79|rpc:10.1.0.37:41701|dataStream:10.1.0.37:45441|priority:0|startupRole:FOLLOWER, 05ccd17e-9552-4505-90bd-a622c50008e8|rpc:10.1.0.37:41579|dataStream:10.1.0.37:46539|priority:0|startupRole:FOLLOWER] returns group-E60AD42C943A:java.util.concurrent.CompletableFuture@3b4ffbe9[Not completed]
2023-04-11 11:25:24,384 [pool-542-thread-1] INFO  server.RaftServer$Division (RaftServerImpl.java:<init>(195)) - c1e7a0ec-ae3b-4726-987d-7d9bf2cc9de6: new RaftServerImpl for group-E60AD42C943A:[c1e7a0ec-ae3b-4726-987d-7d9bf2cc9de6|rpc:10.1.0.37:46253|dataStream:10.1.0.37:45319|priority:1|startupRole:FOLLOWER, 27a39a48-bb81-47fe-95ba-2ac18a68ea79|rpc:10.1.0.37:41701|dataStream:10.1.0.37:45441|priority:0|startupRole:FOLLOWER, 05ccd17e-9552-4505-90bd-a622c50008e8|rpc:10.1.0.37:41579|dataStream:10.1.0.37:46539|priority:0|startupRole:FOLLOWER] with ContainerStateMachine:uninitialized
2023-04-11 11:25:24,384 [pool-542-thread-1] INFO  server.RaftServerConfigKeys (ConfUtils.java:logGet(46)) - raft.server.rpc.timeout.min = 5s (custom)
2023-04-11 11:25:24,384 [pool-542-thread-1] INFO  server.RaftServerConfigKeys (ConfUtils.java:logGet(46)) - raft.server.rpc.timeout.max = 5200ms (custom)
2023-04-11 11:25:24,384 [pool-542-thread-1] INFO  server.RaftServerConfigKeys (ConfUtils.java:logGet(46)) - raft.server.rpc.sleep.time = 25ms (default)
2023-04-11 11:25:24,384 [pool-542-thread-1] INFO  server.RaftServerConfigKeys (ConfUtils.java:logGet(46)) - raft.server.rpc.slowness.timeout = 300s (custom)
2023-04-11 11:25:24,384 [pool-542-thread-1] INFO  server.RaftServerConfigKeys (ConfUtils.java:logGet(46)) - raft.server.leaderelection.leader.step-down.wait-time = 10s (default)
2023-04-11 11:25:24,384 [pool-542-thread-1] INFO  server.RaftServerConfigKeys (ConfUtils.java:logGet(46)) - raft.server.sleep.deviation.threshold = 300ms (default)
2023-04-11 11:25:24,384 [pool-542-thread-1] INFO  server.RaftServer$Division (ServerState.java:<init>(118)) - c1e7a0ec-ae3b-4726-987d-7d9bf2cc9de6@group-E60AD42C943A: ConfigurationManager, init=-1: peers:[c1e7a0ec-ae3b-4726-987d-7d9bf2cc9de6|rpc:10.1.0.37:46253|dataStream:10.1.0.37:45319|priority:1|startupRole:FOLLOWER, 27a39a48-bb81-47fe-95ba-2ac18a68ea79|rpc:10.1.0.37:41701|dataStream:10.1.0.37:45441|priority:0|startupRole:FOLLOWER, 05ccd17e-9552-4505-90bd-a622c50008e8|rpc:10.1.0.37:41579|dataStream:10.1.0.37:46539|priority:0|startupRole:FOLLOWER]|listeners:[], old=null, confs=<EMPTY_MAP>
2023-04-11 11:25:24,384 [pool-542-thread-1] INFO  server.RaftServerConfigKeys (ConfUtils.java:logGet(46)) - raft.server.storage.dir = [/home/runner/work/ozone/ozone/hadoop-ozone/integration-test/target/test-dir/MiniOzoneClusterImpl-1c4368e0-208c-48c5-9b0c-56c20ccf1352/datanode-2/data/ratis] (custom)
2023-04-11 11:25:24,384 [pool-542-thread-1] INFO  server.RaftServerConfigKeys (ConfUtils.java:logGet(46)) - raft.server.log.corruption.policy = EXCEPTION (default)
2023-04-11 11:25:24,384 [pool-542-thread-1] INFO  server.RaftServerConfigKeys (ConfUtils.java:logGet(46)) - raft.server.storage.free-space.min = 0MB (=0) (default)
2023-04-11 11:25:24,384 [pool-542-thread-1] INFO  server.RaftServerConfigKeys (ConfUtils.java:logGet(46)) - raft.server.notification.no-leader.timeout = 300s (custom)
2023-04-11 11:25:24,385 [pool-542-thread-1] INFO  server.RaftServerConfigKeys (ConfUtils.java:logGet(46)) - raft.server.retrycache.expirytime = 600000ms (custom)
2023-04-11 11:25:24,385 [pool-542-thread-1] INFO  server.RaftServerConfigKeys (ConfUtils.java:logGet(46)) - raft.server.retrycache.statistics.expirytime = 100μs (default)
2023-04-11 11:25:24,385 [pool-542-thread-1] INFO  server.RaftServerConfigKeys (ConfUtils.java:logGet(46)) - raft.server.log.appender.install.snapshot.enabled = false (custom)
2023-04-11 11:25:24,385 [pool-542-thread-1] INFO  server.RaftServerConfigKeys (ConfUtils.java:logGet(46)) - raft.server.threadpool.server.cached = true (default)
2023-04-11 11:25:24,385 [pool-542-thread-1] INFO  server.RaftServerConfigKeys (ConfUtils.java:logGet(46)) - raft.server.threadpool.server.size = 0 (default)
2023-04-11 11:25:24,385 [pool-542-thread-1] INFO  server.RaftServerConfigKeys (ConfUtils.java:logGet(46)) - raft.server.threadpool.client.cached = true (default)
2023-04-11 11:25:24,385 [pool-542-thread-1] INFO  server.RaftServerConfigKeys (ConfUtils.java:logGet(46)) - raft.server.threadpool.client.size = 0 (default)
2023-04-11 11:25:24,385 [pool-542-thread-1] INFO  storage.RaftStorageDirectory (RaftStorageDirectoryImpl.java:analyzeStorage(137)) - The storage directory /home/runner/work/ozone/ozone/hadoop-ozone/integration-test/target/test-dir/MiniOzoneClusterImpl-1c4368e0-208c-48c5-9b0c-56c20ccf1352/datanode-2/data/ratis/7b387448-c3b5-4b86-8817-e60ad42c943a does not exist. Creating ...
2023-04-11 11:25:24,387 [pool-542-thread-1] INFO  storage.RaftStorageDirectory (RaftStorageDirectoryImpl.java:tryLock(231)) - Lock on /home/runner/work/ozone/ozone/hadoop-ozone/integration-test/target/test-dir/MiniOzoneClusterImpl-1c4368e0-208c-48c5-9b0c-56c20ccf1352/datanode-2/data/ratis/7b387448-c3b5-4b86-8817-e60ad42c943a/in_use.lock acquired by nodename 48974@fv-az590-525
2023-04-11 11:25:24,388 [pool-542-thread-1] INFO  storage.RaftStorage (RaftStorageImpl.java:format(96)) - Storage directory /home/runner/work/ozone/ozone/hadoop-ozone/integration-test/target/test-dir/MiniOzoneClusterImpl-1c4368e0-208c-48c5-9b0c-56c20ccf1352/datanode-2/data/ratis/7b387448-c3b5-4b86-8817-e60ad42c943a has been successfully formatted.
2023-04-11 11:25:24,389 [pool-542-thread-1] INFO  ratis.ContainerStateMachine (ContainerStateMachine.java:loadSnapshot(262)) - group-E60AD42C943A: The snapshot info is null. Setting the last applied indexto:(t:0, i:~)
2023-04-11 11:25:24,389 [pool-542-thread-1] INFO  server.RaftServerConfigKeys (ConfUtils.java:logGet(46)) - raft.server.log.use.memory = false (default)
2023-04-11 11:25:24,389 [pool-542-thread-1] INFO  server.RaftServerConfigKeys (ConfUtils.java:logGet(46)) - raft.server.log.purge.gap = 1000000 (custom)
2023-04-11 11:25:24,389 [pool-542-thread-1] INFO  server.RaftServerConfigKeys (ConfUtils.java:logGet(46)) - raft.server.log.appender.buffer.byte-limit = 33554432 (custom)
2023-04-11 11:25:24,390 [pool-542-thread-1] INFO  server.RaftServerConfigKeys (ConfUtils.java:logGet(46)) - raft.server.log.statemachine.data.read.timeout = 1000ms (default)
2023-04-11 11:25:24,390 [pool-542-thread-1] INFO  server.RaftServerConfigKeys (ConfUtils.java:logGet(46)) - raft.server.log.purge.preservation.log.num = 0 (default)
2023-04-11 11:25:24,390 [pool-542-thread-1] INFO  server.RaftServerConfigKeys (ConfUtils.java:logGet(46)) - raft.server.log.segment.size.max = 1048576 (custom)
2023-04-11 11:25:24,390 [pool-542-thread-1] INFO  server.RaftServerConfigKeys (ConfUtils.java:logGet(46)) - raft.server.log.segment.cache.num.max = 2 (custom)
2023-04-11 11:25:24,390 [pool-542-thread-1] INFO  server.RaftServerConfigKeys (ConfUtils.java:logGet(46)) - raft.server.log.segment.cache.size.max = 200MB (=209715200) (default)
2023-04-11 11:25:24,390 [pool-542-thread-1] INFO  segmented.SegmentedRaftLogWorker (SegmentedRaftLogWorker.java:<init>(189)) - new c1e7a0ec-ae3b-4726-987d-7d9bf2cc9de6@group-E60AD42C943A-SegmentedRaftLogWorker for RaftStorageImpl:Storage Directory /home/runner/work/ozone/ozone/hadoop-ozone/integration-test/target/test-dir/MiniOzoneClusterImpl-1c4368e0-208c-48c5-9b0c-56c20ccf1352/datanode-2/data/ratis/7b387448-c3b5-4b86-8817-e60ad42c943a
2023-04-11 11:25:24,390 [pool-542-thread-1] INFO  server.RaftServerConfigKeys (ConfUtils.java:logGet(46)) - raft.server.log.queue.byte-limit = 4294967296 (custom)
2023-04-11 11:25:24,390 [pool-542-thread-1] INFO  server.RaftServerConfigKeys (ConfUtils.java:logGet(46)) - raft.server.log.queue.element-limit = 1024 (custom)
2023-04-11 11:25:24,390 [pool-542-thread-1] INFO  server.RaftServerConfigKeys (ConfUtils.java:logGet(46)) - raft.server.log.segment.size.max = 1048576 (custom)
2023-04-11 11:25:24,390 [pool-542-thread-1] INFO  server.RaftServerConfigKeys (ConfUtils.java:logGet(46)) - raft.server.log.preallocated.size = 16384 (custom)
2023-04-11 11:25:24,390 [pool-542-thread-1] INFO  server.RaftServerConfigKeys (ConfUtils.java:logGet(46)) - raft.server.log.force.sync.num = 128 (default)
2023-04-11 11:25:24,390 [pool-542-thread-1] INFO  server.RaftServerConfigKeys (ConfUtils.java:logGet(46)) - raft.server.log.statemachine.data.sync = true (default)
2023-04-11 11:25:24,390 [pool-542-thread-1] INFO  server.RaftServerConfigKeys (ConfUtils.java:logGet(46)) - raft.server.log.statemachine.data.sync.timeout = 10s (default)
2023-04-11 11:25:24,390 [pool-542-thread-1] INFO  server.RaftServerConfigKeys (ConfUtils.java:logGet(46)) - raft.server.log.statemachine.data.sync.timeout.retry = -1 (default)
2023-04-11 11:25:24,391 [pool-542-thread-1] INFO  server.RaftServerConfigKeys (ConfUtils.java:logGet(46)) - raft.server.log.write.buffer.size = 1048576 (custom)
2023-04-11 11:25:24,391 [pool-542-thread-1] INFO  server.RaftServerConfigKeys (ConfUtils.java:logGet(46)) - raft.server.log.appender.buffer.byte-limit = 33554432 (custom)
2023-04-11 11:25:24,399 [pool-542-thread-1] INFO  server.RaftServerConfigKeys (ConfUtils.java:logGet(46)) - raft.server.log.unsafe-flush.enabled = false (default)
2023-04-11 11:25:24,399 [pool-542-thread-1] INFO  server.RaftServerConfigKeys (ConfUtils.java:logGet(46)) - raft.server.log.async-flush.enabled = false (default)
2023-04-11 11:25:24,399 [pool-542-thread-1] INFO  server.RaftServerConfigKeys (ConfUtils.java:logGet(46)) - raft.server.log.statemachine.data.caching.enabled = true (custom)
2023-04-11 11:25:24,400 [pool-542-thread-1] INFO  segmented.SegmentedRaftLogWorker (SegmentedRaftLogWorker.java:lambda$new$0(135)) - c1e7a0ec-ae3b-4726-987d-7d9bf2cc9de6@group-E60AD42C943A-SegmentedRaftLogWorker: flushIndex: setUnconditionally 0 -> -1
2023-04-11 11:25:24,400 [pool-542-thread-1] INFO  segmented.SegmentedRaftLogWorker (SegmentedRaftLogWorker.java:lambda$new$0(135)) - c1e7a0ec-ae3b-4726-987d-7d9bf2cc9de6@group-E60AD42C943A-SegmentedRaftLogWorker: safeCacheEvictIndex: setUnconditionally 0 -> -1
2023-04-11 11:25:24,402 [pool-542-thread-1] INFO  server.RaftServer$Division (RaftServerImpl.java:start(334)) - c1e7a0ec-ae3b-4726-987d-7d9bf2cc9de6@group-E60AD42C943A: start as a follower, conf=-1: peers:[c1e7a0ec-ae3b-4726-987d-7d9bf2cc9de6|rpc:10.1.0.37:46253|dataStream:10.1.0.37:45319|priority:1|startupRole:FOLLOWER, 27a39a48-bb81-47fe-95ba-2ac18a68ea79|rpc:10.1.0.37:41701|dataStream:10.1.0.37:45441|priority:0|startupRole:FOLLOWER, 05ccd17e-9552-4505-90bd-a622c50008e8|rpc:10.1.0.37:41579|dataStream:10.1.0.37:46539|priority:0|startupRole:FOLLOWER]|listeners:[], old=null
2023-04-11 11:25:24,402 [pool-542-thread-1] INFO  server.RaftServer$Division (RaftServerImpl.java:setRole(321)) - c1e7a0ec-ae3b-4726-987d-7d9bf2cc9de6@group-E60AD42C943A: changes role from      null to FOLLOWER at term 0 for startAsFollower
2023-04-11 11:25:24,402 [pool-542-thread-1] INFO  impl.RoleInfo (RoleInfo.java:updateAndGet(139)) - c1e7a0ec-ae3b-4726-987d-7d9bf2cc9de6: start c1e7a0ec-ae3b-4726-987d-7d9bf2cc9de6@group-E60AD42C943A-FollowerState
2023-04-11 11:25:24,405 [pool-542-thread-1] INFO  util.JmxRegister (JmxRegister.java:tryRegister(44)) - Successfully registered JMX Bean with object name Ratis:service=RaftServer,group=group-E60AD42C943A,id=c1e7a0ec-ae3b-4726-987d-7d9bf2cc9de6
2023-04-11 11:25:24,405 [pool-542-thread-1] INFO  server.RaftServerConfigKeys (ConfUtils.java:logGet(46)) - raft.server.snapshot.auto.trigger.enabled = true (custom)
2023-04-11 11:25:24,405 [pool-542-thread-1] INFO  server.RaftServerConfigKeys (ConfUtils.java:logGet(46)) - raft.server.snapshot.auto.trigger.threshold = 10000 (custom)
2023-04-11 11:25:24,405 [pool-542-thread-1] INFO  server.RaftServerConfigKeys (ConfUtils.java:logGet(46)) - raft.server.snapshot.retention.file.num = 5 (custom)
2023-04-11 11:25:24,405 [pool-542-thread-1] INFO  server.RaftServerConfigKeys (ConfUtils.java:logGet(46)) - raft.server.log.purge.upto.snapshot.index = false (default)
2023-04-11 11:25:24,406 [c1e7a0ec-ae3b-4726-987d-7d9bf2cc9de6@group-E60AD42C943A-FollowerState] INFO  server.RaftServerConfigKeys (ConfUtils.java:logFallback(53)) - raft.server.rpc.first-election.timeout.min = 5s (fallback to raft.server.rpc.timeout.min)
2023-04-11 11:25:24,406 [c1e7a0ec-ae3b-4726-987d-7d9bf2cc9de6@group-E60AD42C943A-FollowerState] INFO  server.RaftServerConfigKeys (ConfUtils.java:logFallback(53)) - raft.server.rpc.first-election.timeout.max = 5200ms (fallback to raft.server.rpc.timeout.max)
2023-04-11 11:25:24,418 [grpc-default-executor-0] INFO  server.RaftServer (RaftServerProxy.java:addNew(96)) - 05ccd17e-9552-4505-90bd-a622c50008e8: addNew group-E60AD42C943A:[c1e7a0ec-ae3b-4726-987d-7d9bf2cc9de6|rpc:10.1.0.37:46253|dataStream:10.1.0.37:45319|priority:1|startupRole:FOLLOWER, 27a39a48-bb81-47fe-95ba-2ac18a68ea79|rpc:10.1.0.37:41701|dataStream:10.1.0.37:45441|priority:0|startupRole:FOLLOWER, 05ccd17e-9552-4505-90bd-a622c50008e8|rpc:10.1.0.37:41579|dataStream:10.1.0.37:46539|priority:0|startupRole:FOLLOWER] returns group-E60AD42C943A:java.util.concurrent.CompletableFuture@253377e2[Not completed]
2023-04-11 11:25:24,419 [pool-520-thread-1] INFO  server.RaftServer$Division (RaftServerImpl.java:<init>(195)) - 05ccd17e-9552-4505-90bd-a622c50008e8: new RaftServerImpl for group-E60AD42C943A:[c1e7a0ec-ae3b-4726-987d-7d9bf2cc9de6|rpc:10.1.0.37:46253|dataStream:10.1.0.37:45319|priority:1|startupRole:FOLLOWER, 27a39a48-bb81-47fe-95ba-2ac18a68ea79|rpc:10.1.0.37:41701|dataStream:10.1.0.37:45441|priority:0|startupRole:FOLLOWER, 05ccd17e-9552-4505-90bd-a622c50008e8|rpc:10.1.0.37:41579|dataStream:10.1.0.37:46539|priority:0|startupRole:FOLLOWER] with ContainerStateMachine:uninitialized
2023-04-11 11:25:24,419 [pool-520-thread-1] INFO  server.RaftServerConfigKeys (ConfUtils.java:logGet(46)) - raft.server.rpc.timeout.min = 5s (custom)
2023-04-11 11:25:24,419 [pool-520-thread-1] INFO  server.RaftServerConfigKeys (ConfUtils.java:logGet(46)) - raft.server.rpc.timeout.max = 5200ms (custom)
2023-04-11 11:25:24,419 [pool-520-thread-1] INFO  server.RaftServerConfigKeys (ConfUtils.java:logGet(46)) - raft.server.rpc.sleep.time = 25ms (default)
2023-04-11 11:25:24,419 [pool-520-thread-1] INFO  server.RaftServerConfigKeys (ConfUtils.java:logGet(46)) - raft.server.rpc.slowness.timeout = 300s (custom)
2023-04-11 11:25:24,419 [pool-520-thread-1] INFO  server.RaftServerConfigKeys (ConfUtils.java:logGet(46)) - raft.server.leaderelection.leader.step-down.wait-time = 10s (default)
2023-04-11 11:25:24,419 [pool-520-thread-1] INFO  server.RaftServerConfigKeys (ConfUtils.java:logGet(46)) - raft.server.sleep.deviation.threshold = 300ms (default)
2023-04-11 11:25:24,419 [pool-520-thread-1] INFO  server.RaftServer$Division (ServerState.java:<init>(118)) - 05ccd17e-9552-4505-90bd-a622c50008e8@group-E60AD42C943A: ConfigurationManager, init=-1: peers:[c1e7a0ec-ae3b-4726-987d-7d9bf2cc9de6|rpc:10.1.0.37:46253|dataStream:10.1.0.37:45319|priority:1|startupRole:FOLLOWER, 27a39a48-bb81-47fe-95ba-2ac18a68ea79|rpc:10.1.0.37:41701|dataStream:10.1.0.37:45441|priority:0|startupRole:FOLLOWER, 05ccd17e-9552-4505-90bd-a622c50008e8|rpc:10.1.0.37:41579|dataStream:10.1.0.37:46539|priority:0|startupRole:FOLLOWER]|listeners:[], old=null, confs=<EMPTY_MAP>
2023-04-11 11:25:24,419 [pool-520-thread-1] INFO  server.RaftServerConfigKeys (ConfUtils.java:logGet(46)) - raft.server.storage.dir = [/home/runner/work/ozone/ozone/hadoop-ozone/integration-test/target/test-dir/MiniOzoneClusterImpl-1c4368e0-208c-48c5-9b0c-56c20ccf1352/datanode-1/data/ratis] (custom)
2023-04-11 11:25:24,419 [pool-520-thread-1] INFO  server.RaftServerConfigKeys (ConfUtils.java:logGet(46)) - raft.server.log.corruption.policy = EXCEPTION (default)
2023-04-11 11:25:24,419 [pool-520-thread-1] INFO  server.RaftServerConfigKeys (ConfUtils.java:logGet(46)) - raft.server.storage.free-space.min = 0MB (=0) (default)
2023-04-11 11:25:24,420 [pool-520-thread-1] INFO  server.RaftServerConfigKeys (ConfUtils.java:logGet(46)) - raft.server.notification.no-leader.timeout = 300s (custom)
2023-04-11 11:25:24,420 [pool-520-thread-1] INFO  server.RaftServerConfigKeys (ConfUtils.java:logGet(46)) - raft.server.retrycache.expirytime = 600000ms (custom)
2023-04-11 11:25:24,420 [pool-520-thread-1] INFO  server.RaftServerConfigKeys (ConfUtils.java:logGet(46)) - raft.server.retrycache.statistics.expirytime = 100μs (default)
2023-04-11 11:25:24,420 [pool-520-thread-1] INFO  server.RaftServerConfigKeys (ConfUtils.java:logGet(46)) - raft.server.log.appender.install.snapshot.enabled = false (custom)
2023-04-11 11:25:24,420 [pool-520-thread-1] INFO  server.RaftServerConfigKeys (ConfUtils.java:logGet(46)) - raft.server.threadpool.server.cached = true (default)
2023-04-11 11:25:24,420 [pool-520-thread-1] INFO  server.RaftServerConfigKeys (ConfUtils.java:logGet(46)) - raft.server.threadpool.server.size = 0 (default)
2023-04-11 11:25:24,420 [pool-520-thread-1] INFO  server.RaftServerConfigKeys (ConfUtils.java:logGet(46)) - raft.server.threadpool.client.cached = true (default)
2023-04-11 11:25:24,420 [pool-520-thread-1] INFO  server.RaftServerConfigKeys (ConfUtils.java:logGet(46)) - raft.server.threadpool.client.size = 0 (default)
2023-04-11 11:25:24,420 [pool-520-thread-1] INFO  storage.RaftStorageDirectory (RaftStorageDirectoryImpl.java:analyzeStorage(137)) - The storage directory /home/runner/work/ozone/ozone/hadoop-ozone/integration-test/target/test-dir/MiniOzoneClusterImpl-1c4368e0-208c-48c5-9b0c-56c20ccf1352/datanode-1/data/ratis/7b387448-c3b5-4b86-8817-e60ad42c943a does not exist. Creating ...
2023-04-11 11:25:24,422 [pool-520-thread-1] INFO  storage.RaftStorageDirectory (RaftStorageDirectoryImpl.java:tryLock(231)) - Lock on /home/runner/work/ozone/ozone/hadoop-ozone/integration-test/target/test-dir/MiniOzoneClusterImpl-1c4368e0-208c-48c5-9b0c-56c20ccf1352/datanode-1/data/ratis/7b387448-c3b5-4b86-8817-e60ad42c943a/in_use.lock acquired by nodename 48974@fv-az590-525
2023-04-11 11:25:24,423 [pool-520-thread-1] INFO  storage.RaftStorage (RaftStorageImpl.java:format(96)) - Storage directory /home/runner/work/ozone/ozone/hadoop-ozone/integration-test/target/test-dir/MiniOzoneClusterImpl-1c4368e0-208c-48c5-9b0c-56c20ccf1352/datanode-1/data/ratis/7b387448-c3b5-4b86-8817-e60ad42c943a has been successfully formatted.
2023-04-11 11:25:24,424 [pool-520-thread-1] INFO  ratis.ContainerStateMachine (ContainerStateMachine.java:loadSnapshot(262)) - group-E60AD42C943A: The snapshot info is null. Setting the last applied indexto:(t:0, i:~)
2023-04-11 11:25:24,424 [pool-520-thread-1] INFO  server.RaftServerConfigKeys (ConfUtils.java:logGet(46)) - raft.server.log.use.memory = false (default)
2023-04-11 11:25:24,424 [pool-520-thread-1] INFO  server.RaftServerConfigKeys (ConfUtils.java:logGet(46)) - raft.server.log.purge.gap = 1000000 (custom)
2023-04-11 11:25:24,424 [pool-520-thread-1] INFO  server.RaftServerConfigKeys (ConfUtils.java:logGet(46)) - raft.server.log.appender.buffer.byte-limit = 33554432 (custom)
2023-04-11 11:25:24,424 [pool-520-thread-1] INFO  server.RaftServerConfigKeys (ConfUtils.java:logGet(46)) - raft.server.log.statemachine.data.read.timeout = 1000ms (default)
2023-04-11 11:25:24,424 [pool-520-thread-1] INFO  server.RaftServerConfigKeys (ConfUtils.java:logGet(46)) - raft.server.log.purge.preservation.log.num = 0 (default)
2023-04-11 11:25:24,424 [pool-520-thread-1] INFO  server.RaftServerConfigKeys (ConfUtils.java:logGet(46)) - raft.server.log.segment.size.max = 1048576 (custom)
2023-04-11 11:25:24,424 [pool-520-thread-1] INFO  server.RaftServerConfigKeys (ConfUtils.java:logGet(46)) - raft.server.log.segment.cache.num.max = 2 (custom)
2023-04-11 11:25:24,424 [pool-520-thread-1] INFO  server.RaftServerConfigKeys (ConfUtils.java:logGet(46)) - raft.server.log.segment.cache.size.max = 200MB (=209715200) (default)
2023-04-11 11:25:24,425 [pool-520-thread-1] INFO  segmented.SegmentedRaftLogWorker (SegmentedRaftLogWorker.java:<init>(189)) - new 05ccd17e-9552-4505-90bd-a622c50008e8@group-E60AD42C943A-SegmentedRaftLogWorker for RaftStorageImpl:Storage Directory /home/runner/work/ozone/ozone/hadoop-ozone/integration-test/target/test-dir/MiniOzoneClusterImpl-1c4368e0-208c-48c5-9b0c-56c20ccf1352/datanode-1/data/ratis/7b387448-c3b5-4b86-8817-e60ad42c943a
2023-04-11 11:25:24,425 [pool-520-thread-1] INFO  server.RaftServerConfigKeys (ConfUtils.java:logGet(46)) - raft.server.log.queue.byte-limit = 4294967296 (custom)
2023-04-11 11:25:24,425 [pool-520-thread-1] INFO  server.RaftServerConfigKeys (ConfUtils.java:logGet(46)) - raft.server.log.queue.element-limit = 1024 (custom)
2023-04-11 11:25:24,425 [pool-520-thread-1] INFO  server.RaftServerConfigKeys (ConfUtils.java:logGet(46)) - raft.server.log.segment.size.max = 1048576 (custom)
2023-04-11 11:25:24,425 [pool-520-thread-1] INFO  server.RaftServerConfigKeys (ConfUtils.java:logGet(46)) - raft.server.log.preallocated.size = 16384 (custom)
2023-04-11 11:25:24,425 [pool-520-thread-1] INFO  server.RaftServerConfigKeys (ConfUtils.java:logGet(46)) - raft.server.log.force.sync.num = 128 (default)
2023-04-11 11:25:24,425 [pool-520-thread-1] INFO  server.RaftServerConfigKeys (ConfUtils.java:logGet(46)) - raft.server.log.statemachine.data.sync = true (default)
2023-04-11 11:25:24,425 [pool-520-thread-1] INFO  server.RaftServerConfigKeys (ConfUtils.java:logGet(46)) - raft.server.log.statemachine.data.sync.timeout = 10s (default)
2023-04-11 11:25:24,425 [pool-520-thread-1] INFO  server.RaftServerConfigKeys (ConfUtils.java:logGet(46)) - raft.server.log.statemachine.data.sync.timeout.retry = -1 (default)
2023-04-11 11:25:24,426 [pool-520-thread-1] INFO  server.RaftServerConfigKeys (ConfUtils.java:logGet(46)) - raft.server.log.write.buffer.size = 1048576 (custom)
2023-04-11 11:25:24,426 [pool-520-thread-1] INFO  server.RaftServerConfigKeys (ConfUtils.java:logGet(46)) - raft.server.log.appender.buffer.byte-limit = 33554432 (custom)
2023-04-11 11:25:24,431 [pool-520-thread-1] INFO  server.RaftServerConfigKeys (ConfUtils.java:logGet(46)) - raft.server.log.unsafe-flush.enabled = false (default)
2023-04-11 11:25:24,431 [pool-520-thread-1] INFO  server.RaftServerConfigKeys (ConfUtils.java:logGet(46)) - raft.server.log.async-flush.enabled = false (default)
2023-04-11 11:25:24,431 [pool-520-thread-1] INFO  server.RaftServerConfigKeys (ConfUtils.java:logGet(46)) - raft.server.log.statemachine.data.caching.enabled = true (custom)
2023-04-11 11:25:24,431 [pool-520-thread-1] INFO  segmented.SegmentedRaftLogWorker (SegmentedRaftLogWorker.java:lambda$new$0(135)) - 05ccd17e-9552-4505-90bd-a622c50008e8@group-E60AD42C943A-SegmentedRaftLogWorker: flushIndex: setUnconditionally 0 -> -1
2023-04-11 11:25:24,431 [pool-520-thread-1] INFO  segmented.SegmentedRaftLogWorker (SegmentedRaftLogWorker.java:lambda$new$0(135)) - 05ccd17e-9552-4505-90bd-a622c50008e8@group-E60AD42C943A-SegmentedRaftLogWorker: safeCacheEvictIndex: setUnconditionally 0 -> -1
2023-04-11 11:25:24,432 [pool-520-thread-1] INFO  server.RaftServer$Division (RaftServerImpl.java:start(334)) - 05ccd17e-9552-4505-90bd-a622c50008e8@group-E60AD42C943A: start as a follower, conf=-1: peers:[c1e7a0ec-ae3b-4726-987d-7d9bf2cc9de6|rpc:10.1.0.37:46253|dataStream:10.1.0.37:45319|priority:1|startupRole:FOLLOWER, 27a39a48-bb81-47fe-95ba-2ac18a68ea79|rpc:10.1.0.37:41701|dataStream:10.1.0.37:45441|priority:0|startupRole:FOLLOWER, 05ccd17e-9552-4505-90bd-a622c50008e8|rpc:10.1.0.37:41579|dataStream:10.1.0.37:46539|priority:0|startupRole:FOLLOWER]|listeners:[], old=null
2023-04-11 11:25:24,432 [pool-520-thread-1] INFO  server.RaftServer$Division (RaftServerImpl.java:setRole(321)) - 05ccd17e-9552-4505-90bd-a622c50008e8@group-E60AD42C943A: changes role from      null to FOLLOWER at term 0 for startAsFollower
2023-04-11 11:25:24,432 [pool-520-thread-1] INFO  impl.RoleInfo (RoleInfo.java:updateAndGet(139)) - 05ccd17e-9552-4505-90bd-a622c50008e8: start 05ccd17e-9552-4505-90bd-a622c50008e8@group-E60AD42C943A-FollowerState
2023-04-11 11:25:24,434 [pool-520-thread-1] INFO  util.JmxRegister (JmxRegister.java:tryRegister(44)) - Successfully registered JMX Bean with object name Ratis:service=RaftServer,group=group-E60AD42C943A,id=05ccd17e-9552-4505-90bd-a622c50008e8
2023-04-11 11:25:24,434 [pool-520-thread-1] INFO  server.RaftServerConfigKeys (ConfUtils.java:logGet(46)) - raft.server.snapshot.auto.trigger.enabled = true (custom)
2023-04-11 11:25:24,434 [pool-520-thread-1] INFO  server.RaftServerConfigKeys (ConfUtils.java:logGet(46)) - raft.server.snapshot.auto.trigger.threshold = 10000 (custom)
2023-04-11 11:25:24,434 [pool-520-thread-1] INFO  server.RaftServerConfigKeys (ConfUtils.java:logGet(46)) - raft.server.snapshot.retention.file.num = 5 (custom)
2023-04-11 11:25:24,434 [pool-520-thread-1] INFO  server.RaftServerConfigKeys (ConfUtils.java:logGet(46)) - raft.server.log.purge.upto.snapshot.index = false (default)
2023-04-11 11:25:24,434 [05ccd17e-9552-4505-90bd-a622c50008e8@group-E60AD42C943A-FollowerState] INFO  server.RaftServerConfigKeys (ConfUtils.java:logFallback(53)) - raft.server.rpc.first-election.timeout.min = 5s (fallback to raft.server.rpc.timeout.min)
2023-04-11 11:25:24,435 [05ccd17e-9552-4505-90bd-a622c50008e8@group-E60AD42C943A-FollowerState] INFO  server.RaftServerConfigKeys (ConfUtils.java:logFallback(53)) - raft.server.rpc.first-election.timeout.max = 5200ms (fallback to raft.server.rpc.timeout.max)
2023-04-11 11:25:24,440 [Command processor thread] INFO  commandhandler.CreatePipelineCommandHandler (CreatePipelineCommandHandler.java:handle(113)) - Created Pipeline RATIS THREE PipelineID=7b387448-c3b5-4b86-8817-e60ad42c943a.
2023-04-11 11:25:24,476 [Command processor thread] INFO  server.RaftServer (RaftServerProxy.java:addNew(96)) - 05ccd17e-9552-4505-90bd-a622c50008e8: addNew group-39EF754177A6:[05ccd17e-9552-4505-90bd-a622c50008e8|rpc:10.1.0.37:41579|dataStream:10.1.0.37:46539|priority:1|startupRole:FOLLOWER] returns group-39EF754177A6:java.util.concurrent.CompletableFuture@119ea8a1[Not completed]
2023-04-11 11:25:24,477 [pool-520-thread-1] INFO  server.RaftServer$Division (RaftServerImpl.java:<init>(195)) - 05ccd17e-9552-4505-90bd-a622c50008e8: new RaftServerImpl for group-39EF754177A6:[05ccd17e-9552-4505-90bd-a622c50008e8|rpc:10.1.0.37:41579|dataStream:10.1.0.37:46539|priority:1|startupRole:FOLLOWER] with ContainerStateMachine:uninitialized
2023-04-11 11:25:24,477 [pool-520-thread-1] INFO  server.RaftServerConfigKeys (ConfUtils.java:logGet(46)) - raft.server.rpc.timeout.min = 5s (custom)
2023-04-11 11:25:24,477 [pool-520-thread-1] INFO  server.RaftServerConfigKeys (ConfUtils.java:logGet(46)) - raft.server.rpc.timeout.max = 5200ms (custom)
2023-04-11 11:25:24,477 [pool-520-thread-1] INFO  server.RaftServerConfigKeys (ConfUtils.java:logGet(46)) - raft.server.rpc.sleep.time = 25ms (default)
2023-04-11 11:25:24,477 [pool-520-thread-1] INFO  server.RaftServerConfigKeys (ConfUtils.java:logGet(46)) - raft.server.rpc.slowness.timeout = 300s (custom)
2023-04-11 11:25:24,477 [pool-520-thread-1] INFO  server.RaftServerConfigKeys (ConfUtils.java:logGet(46)) - raft.server.leaderelection.leader.step-down.wait-time = 10s (default)
2023-04-11 11:25:24,477 [pool-520-thread-1] INFO  server.RaftServerConfigKeys (ConfUtils.java:logGet(46)) - raft.server.sleep.deviation.threshold = 300ms (default)
2023-04-11 11:25:24,478 [pool-520-thread-1] INFO  server.RaftServer$Division (ServerState.java:<init>(118)) - 05ccd17e-9552-4505-90bd-a622c50008e8@group-39EF754177A6: ConfigurationManager, init=-1: peers:[05ccd17e-9552-4505-90bd-a622c50008e8|rpc:10.1.0.37:41579|dataStream:10.1.0.37:46539|priority:1|startupRole:FOLLOWER]|listeners:[], old=null, confs=<EMPTY_MAP>
2023-04-11 11:25:24,478 [pool-520-thread-1] INFO  server.RaftServerConfigKeys (ConfUtils.java:logGet(46)) - raft.server.storage.dir = [/home/runner/work/ozone/ozone/hadoop-ozone/integration-test/target/test-dir/MiniOzoneClusterImpl-1c4368e0-208c-48c5-9b0c-56c20ccf1352/datanode-1/data/ratis] (custom)
2023-04-11 11:25:24,478 [pool-520-thread-1] INFO  server.RaftServerConfigKeys (ConfUtils.java:logGet(46)) - raft.server.log.corruption.policy = EXCEPTION (default)
2023-04-11 11:25:24,478 [pool-520-thread-1] INFO  server.RaftServerConfigKeys (ConfUtils.java:logGet(46)) - raft.server.storage.free-space.min = 0MB (=0) (default)
2023-04-11 11:25:24,478 [pool-520-thread-1] INFO  server.RaftServerConfigKeys (ConfUtils.java:logGet(46)) - raft.server.notification.no-leader.timeout = 300s (custom)
2023-04-11 11:25:24,478 [pool-520-thread-1] INFO  server.RaftServerConfigKeys (ConfUtils.java:logGet(46)) - raft.server.retrycache.expirytime = 600000ms (custom)
2023-04-11 11:25:24,478 [pool-520-thread-1] INFO  server.RaftServerConfigKeys (ConfUtils.java:logGet(46)) - raft.server.retrycache.statistics.expirytime = 100μs (default)
2023-04-11 11:25:24,479 [pool-520-thread-1] INFO  server.RaftServerConfigKeys (ConfUtils.java:logGet(46)) - raft.server.log.appender.install.snapshot.enabled = false (custom)
2023-04-11 11:25:24,479 [pool-520-thread-1] INFO  server.RaftServerConfigKeys (ConfUtils.java:logGet(46)) - raft.server.threadpool.server.cached = true (default)
2023-04-11 11:25:24,479 [pool-520-thread-1] INFO  server.RaftServerConfigKeys (ConfUtils.java:logGet(46)) - raft.server.threadpool.server.size = 0 (default)
2023-04-11 11:25:24,479 [pool-520-thread-1] INFO  server.RaftServerConfigKeys (ConfUtils.java:logGet(46)) - raft.server.threadpool.client.cached = true (default)
2023-04-11 11:25:24,479 [pool-520-thread-1] INFO  server.RaftServerConfigKeys (ConfUtils.java:logGet(46)) - raft.server.threadpool.client.size = 0 (default)
2023-04-11 11:25:24,479 [pool-520-thread-1] INFO  storage.RaftStorageDirectory (RaftStorageDirectoryImpl.java:analyzeStorage(137)) - The storage directory /home/runner/work/ozone/ozone/hadoop-ozone/integration-test/target/test-dir/MiniOzoneClusterImpl-1c4368e0-208c-48c5-9b0c-56c20ccf1352/datanode-1/data/ratis/6b9fed49-dabc-4272-b63b-39ef754177a6 does not exist. Creating ...
2023-04-11 11:25:24,488 [pool-520-thread-1] INFO  storage.RaftStorageDirectory (RaftStorageDirectoryImpl.java:tryLock(231)) - Lock on /home/runner/work/ozone/ozone/hadoop-ozone/integration-test/target/test-dir/MiniOzoneClusterImpl-1c4368e0-208c-48c5-9b0c-56c20ccf1352/datanode-1/data/ratis/6b9fed49-dabc-4272-b63b-39ef754177a6/in_use.lock acquired by nodename 48974@fv-az590-525
2023-04-11 11:25:24,489 [pool-520-thread-1] INFO  storage.RaftStorage (RaftStorageImpl.java:format(96)) - Storage directory /home/runner/work/ozone/ozone/hadoop-ozone/integration-test/target/test-dir/MiniOzoneClusterImpl-1c4368e0-208c-48c5-9b0c-56c20ccf1352/datanode-1/data/ratis/6b9fed49-dabc-4272-b63b-39ef754177a6 has been successfully formatted.
2023-04-11 11:25:24,490 [pool-520-thread-1] INFO  ratis.ContainerStateMachine (ContainerStateMachine.java:loadSnapshot(262)) - group-39EF754177A6: The snapshot info is null. Setting the last applied indexto:(t:0, i:~)
2023-04-11 11:25:24,490 [pool-520-thread-1] INFO  server.RaftServerConfigKeys (ConfUtils.java:logGet(46)) - raft.server.log.use.memory = false (default)
2023-04-11 11:25:24,490 [pool-520-thread-1] INFO  server.RaftServerConfigKeys (ConfUtils.java:logGet(46)) - raft.server.log.purge.gap = 1000000 (custom)
2023-04-11 11:25:24,490 [pool-520-thread-1] INFO  server.RaftServerConfigKeys (ConfUtils.java:logGet(46)) - raft.server.log.appender.buffer.byte-limit = 33554432 (custom)
2023-04-11 11:25:24,490 [pool-520-thread-1] INFO  server.RaftServerConfigKeys (ConfUtils.java:logGet(46)) - raft.server.log.statemachine.data.read.timeout = 1000ms (default)
2023-04-11 11:25:24,490 [EventQueue-PipelineReportForPipelineReportHandler] INFO  pipeline.PipelineManagerImpl (PipelineManagerImpl.java:openPipeline(367)) - Pipeline Pipeline[ Id: 6b9fed49-dabc-4272-b63b-39ef754177a6, Nodes: 05ccd17e-9552-4505-90bd-a622c50008e8(fv-az590-525.scpgifznvsounmmscp2whtfmwe.cx.internal.cloudapp.net/10.1.0.37), ReplicationConfig: RATIS/ONE, State:ALLOCATED, leaderId:05ccd17e-9552-4505-90bd-a622c50008e8, CreationTimestamp2023-04-11T11:25:21.480Z[Etc/UTC]] moved to OPEN state
2023-04-11 11:25:24,491 [EventQueue-OpenPipelineForHealthyPipelineSafeModeRule] INFO  safemode.SCMSafeModeManager (HealthyPipelineSafeModeRule.java:process(137)) - SCM in safe mode. Healthy pipelines reported count is 0, required healthy pipeline reported count is 1
2023-04-11 11:25:24,491 [pool-520-thread-1] INFO  server.RaftServerConfigKeys (ConfUtils.java:logGet(46)) - raft.server.log.purge.preservation.log.num = 0 (default)
2023-04-11 11:25:24,491 [pool-520-thread-1] INFO  server.RaftServerConfigKeys (ConfUtils.java:logGet(46)) - raft.server.log.segment.size.max = 1048576 (custom)
2023-04-11 11:25:24,492 [pool-520-thread-1] INFO  server.RaftServerConfigKeys (ConfUtils.java:logGet(46)) - raft.server.log.segment.cache.num.max = 2 (custom)
2023-04-11 11:25:24,492 [pool-520-thread-1] INFO  server.RaftServerConfigKeys (ConfUtils.java:logGet(46)) - raft.server.log.segment.cache.size.max = 200MB (=209715200) (default)
2023-04-11 11:25:24,492 [pool-520-thread-1] INFO  segmented.SegmentedRaftLogWorker (SegmentedRaftLogWorker.java:<init>(189)) - new 05ccd17e-9552-4505-90bd-a622c50008e8@group-39EF754177A6-SegmentedRaftLogWorker for RaftStorageImpl:Storage Directory /home/runner/work/ozone/ozone/hadoop-ozone/integration-test/target/test-dir/MiniOzoneClusterImpl-1c4368e0-208c-48c5-9b0c-56c20ccf1352/datanode-1/data/ratis/6b9fed49-dabc-4272-b63b-39ef754177a6
2023-04-11 11:25:24,492 [pool-520-thread-1] INFO  server.RaftServerConfigKeys (ConfUtils.java:logGet(46)) - raft.server.log.queue.byte-limit = 4294967296 (custom)
2023-04-11 11:25:24,492 [pool-520-thread-1] INFO  server.RaftServerConfigKeys (ConfUtils.java:logGet(46)) - raft.server.log.queue.element-limit = 1024 (custom)
2023-04-11 11:25:24,492 [pool-520-thread-1] INFO  server.RaftServerConfigKeys (ConfUtils.java:logGet(46)) - raft.server.log.segment.size.max = 1048576 (custom)
2023-04-11 11:25:24,492 [pool-520-thread-1] INFO  server.RaftServerConfigKeys (ConfUtils.java:logGet(46)) - raft.server.log.preallocated.size = 16384 (custom)
2023-04-11 11:25:24,492 [pool-520-thread-1] INFO  server.RaftServerConfigKeys (ConfUtils.java:logGet(46)) - raft.server.log.force.sync.num = 128 (default)
2023-04-11 11:25:24,492 [pool-520-thread-1] INFO  server.RaftServerConfigKeys (ConfUtils.java:logGet(46)) - raft.server.log.statemachine.data.sync = true (default)
2023-04-11 11:25:24,492 [pool-520-thread-1] INFO  server.RaftServerConfigKeys (ConfUtils.java:logGet(46)) - raft.server.log.statemachine.data.sync.timeout = 10s (default)
2023-04-11 11:25:24,492 [pool-520-thread-1] INFO  server.RaftServerConfigKeys (ConfUtils.java:logGet(46)) - raft.server.log.statemachine.data.sync.timeout.retry = -1 (default)
2023-04-11 11:25:24,492 [pool-520-thread-1] INFO  server.RaftServerConfigKeys (ConfUtils.java:logGet(46)) - raft.server.log.write.buffer.size = 1048576 (custom)
2023-04-11 11:25:24,493 [pool-520-thread-1] INFO  server.RaftServerConfigKeys (ConfUtils.java:logGet(46)) - raft.server.log.appender.buffer.byte-limit = 33554432 (custom)
2023-04-11 11:25:24,498 [pool-520-thread-1] INFO  server.RaftServerConfigKeys (ConfUtils.java:logGet(46)) - raft.server.log.unsafe-flush.enabled = false (default)
2023-04-11 11:25:24,498 [pool-520-thread-1] INFO  server.RaftServerConfigKeys (ConfUtils.java:logGet(46)) - raft.server.log.async-flush.enabled = false (default)
2023-04-11 11:25:24,498 [pool-520-thread-1] INFO  server.RaftServerConfigKeys (ConfUtils.java:logGet(46)) - raft.server.log.statemachine.data.caching.enabled = true (custom)
2023-04-11 11:25:24,498 [pool-520-thread-1] INFO  segmented.SegmentedRaftLogWorker (SegmentedRaftLogWorker.java:lambda$new$0(135)) - 05ccd17e-9552-4505-90bd-a622c50008e8@group-39EF754177A6-SegmentedRaftLogWorker: flushIndex: setUnconditionally 0 -> -1
2023-04-11 11:25:24,499 [pool-520-thread-1] INFO  segmented.SegmentedRaftLogWorker (SegmentedRaftLogWorker.java:lambda$new$0(135)) - 05ccd17e-9552-4505-90bd-a622c50008e8@group-39EF754177A6-SegmentedRaftLogWorker: safeCacheEvictIndex: setUnconditionally 0 -> -1
2023-04-11 11:25:24,499 [pool-520-thread-1] INFO  server.RaftServer$Division (RaftServerImpl.java:start(334)) - 05ccd17e-9552-4505-90bd-a622c50008e8@group-39EF754177A6: start as a follower, conf=-1: peers:[05ccd17e-9552-4505-90bd-a622c50008e8|rpc:10.1.0.37:41579|dataStream:10.1.0.37:46539|priority:1|startupRole:FOLLOWER]|listeners:[], old=null
2023-04-11 11:25:24,499 [pool-520-thread-1] INFO  server.RaftServer$Division (RaftServerImpl.java:setRole(321)) - 05ccd17e-9552-4505-90bd-a622c50008e8@group-39EF754177A6: changes role from      null to FOLLOWER at term 0 for startAsFollower
2023-04-11 11:25:24,499 [pool-520-thread-1] INFO  impl.RoleInfo (RoleInfo.java:updateAndGet(139)) - 05ccd17e-9552-4505-90bd-a622c50008e8: start 05ccd17e-9552-4505-90bd-a622c50008e8@group-39EF754177A6-FollowerState
2023-04-11 11:25:24,500 [pool-520-thread-1] INFO  util.JmxRegister (JmxRegister.java:tryRegister(44)) - Successfully registered JMX Bean with object name Ratis:service=RaftServer,group=group-39EF754177A6,id=05ccd17e-9552-4505-90bd-a622c50008e8
2023-04-11 11:25:24,500 [05ccd17e-9552-4505-90bd-a622c50008e8@group-39EF754177A6-FollowerState] INFO  server.RaftServerConfigKeys (ConfUtils.java:logFallback(53)) - raft.server.rpc.first-election.timeout.min = 5s (fallback to raft.server.rpc.timeout.min)
2023-04-11 11:25:24,500 [pool-520-thread-1] INFO  server.RaftServerConfigKeys (ConfUtils.java:logGet(46)) - raft.server.snapshot.auto.trigger.enabled = true (custom)
2023-04-11 11:25:24,501 [05ccd17e-9552-4505-90bd-a622c50008e8@group-39EF754177A6-FollowerState] INFO  server.RaftServerConfigKeys (ConfUtils.java:logFallback(53)) - raft.server.rpc.first-election.timeout.max = 5200ms (fallback to raft.server.rpc.timeout.max)
2023-04-11 11:25:24,501 [pool-520-thread-1] INFO  server.RaftServerConfigKeys (ConfUtils.java:logGet(46)) - raft.server.snapshot.auto.trigger.threshold = 10000 (custom)
2023-04-11 11:25:24,501 [pool-520-thread-1] INFO  server.RaftServerConfigKeys (ConfUtils.java:logGet(46)) - raft.server.snapshot.retention.file.num = 5 (custom)
2023-04-11 11:25:24,501 [pool-520-thread-1] INFO  server.RaftServerConfigKeys (ConfUtils.java:logGet(46)) - raft.server.log.purge.upto.snapshot.index = false (default)
2023-04-11 11:25:24,502 [Command processor thread] INFO  ratis.XceiverServerRatis (XceiverServerRatis.java:addGroup(806)) - Created group PipelineID=6b9fed49-dabc-4272-b63b-39ef754177a6
2023-04-11 11:25:24,502 [Command processor thread] INFO  commandhandler.CreatePipelineCommandHandler (CreatePipelineCommandHandler.java:handle(113)) - Created Pipeline RATIS ONE PipelineID=6b9fed49-dabc-4272-b63b-39ef754177a6.
2023-04-11 11:25:24,538 [Listener at 127.0.0.1/39679] INFO  ozone.MiniOzoneClusterImpl (MiniOzoneClusterImpl.java:lambda$waitForClusterToBeReady$0(222)) - Nodes are ready. Got 5 of 5 DN Heartbeats.
2023-04-11 11:25:24,539 [Listener at 127.0.0.1/39679] INFO  ozone.MiniOzoneClusterImpl (MiniOzoneClusterImpl.java:lambda$waitForClusterToBeReady$0(225)) - Waiting for cluster to exit safe mode
2023-04-11 11:25:24,539 [Listener at 127.0.0.1/39679] INFO  ozone.MiniOzoneClusterImpl (MiniOzoneClusterImpl.java:lambda$waitForClusterToBeReady$0(227)) - SCM became leader
2023-04-11 11:25:24,837 [Command processor thread] INFO  server.RaftServer (RaftServerProxy.java:addNew(96)) - c1e7a0ec-ae3b-4726-987d-7d9bf2cc9de6: addNew group-D6B75793E69F:[c1e7a0ec-ae3b-4726-987d-7d9bf2cc9de6|rpc:10.1.0.37:46253|dataStream:10.1.0.37:45319|priority:1|startupRole:FOLLOWER] returns group-D6B75793E69F:java.util.concurrent.CompletableFuture@4c9fee95[Not completed]
2023-04-11 11:25:24,838 [pool-542-thread-1] INFO  server.RaftServer$Division (RaftServerImpl.java:<init>(195)) - c1e7a0ec-ae3b-4726-987d-7d9bf2cc9de6: new RaftServerImpl for group-D6B75793E69F:[c1e7a0ec-ae3b-4726-987d-7d9bf2cc9de6|rpc:10.1.0.37:46253|dataStream:10.1.0.37:45319|priority:1|startupRole:FOLLOWER] with ContainerStateMachine:uninitialized
2023-04-11 11:25:24,838 [pool-542-thread-1] INFO  server.RaftServerConfigKeys (ConfUtils.java:logGet(46)) - raft.server.rpc.timeout.min = 5s (custom)
2023-04-11 11:25:24,838 [pool-542-thread-1] INFO  server.RaftServerConfigKeys (ConfUtils.java:logGet(46)) - raft.server.rpc.timeout.max = 5200ms (custom)
2023-04-11 11:25:24,838 [pool-542-thread-1] INFO  server.RaftServerConfigKeys (ConfUtils.java:logGet(46)) - raft.server.rpc.sleep.time = 25ms (default)
2023-04-11 11:25:24,838 [pool-542-thread-1] INFO  server.RaftServerConfigKeys (ConfUtils.java:logGet(46)) - raft.server.rpc.slowness.timeout = 300s (custom)
2023-04-11 11:25:24,838 [pool-542-thread-1] INFO  server.RaftServerConfigKeys (ConfUtils.java:logGet(46)) - raft.server.leaderelection.leader.step-down.wait-time = 10s (default)
2023-04-11 11:25:24,838 [pool-542-thread-1] INFO  server.RaftServerConfigKeys (ConfUtils.java:logGet(46)) - raft.server.sleep.deviation.threshold = 300ms (default)
2023-04-11 11:25:24,838 [pool-542-thread-1] INFO  server.RaftServer$Division (ServerState.java:<init>(118)) - c1e7a0ec-ae3b-4726-987d-7d9bf2cc9de6@group-D6B75793E69F: ConfigurationManager, init=-1: peers:[c1e7a0ec-ae3b-4726-987d-7d9bf2cc9de6|rpc:10.1.0.37:46253|dataStream:10.1.0.37:45319|priority:1|startupRole:FOLLOWER]|listeners:[], old=null, confs=<EMPTY_MAP>
2023-04-11 11:25:24,839 [pool-542-thread-1] INFO  server.RaftServerConfigKeys (ConfUtils.java:logGet(46)) - raft.server.storage.dir = [/home/runner/work/ozone/ozone/hadoop-ozone/integration-test/target/test-dir/MiniOzoneClusterImpl-1c4368e0-208c-48c5-9b0c-56c20ccf1352/datanode-2/data/ratis] (custom)
2023-04-11 11:25:24,839 [pool-542-thread-1] INFO  server.RaftServerConfigKeys (ConfUtils.java:logGet(46)) - raft.server.log.corruption.policy = EXCEPTION (default)
2023-04-11 11:25:24,839 [pool-542-thread-1] INFO  server.RaftServerConfigKeys (ConfUtils.java:logGet(46)) - raft.server.storage.free-space.min = 0MB (=0) (default)
2023-04-11 11:25:24,839 [pool-542-thread-1] INFO  server.RaftServerConfigKeys (ConfUtils.java:logGet(46)) - raft.server.notification.no-leader.timeout = 300s (custom)
2023-04-11 11:25:24,839 [pool-542-thread-1] INFO  server.RaftServerConfigKeys (ConfUtils.java:logGet(46)) - raft.server.retrycache.expirytime = 600000ms (custom)
2023-04-11 11:25:24,839 [pool-542-thread-1] INFO  server.RaftServerConfigKeys (ConfUtils.java:logGet(46)) - raft.server.retrycache.statistics.expirytime = 100μs (default)
2023-04-11 11:25:24,840 [pool-542-thread-1] INFO  server.RaftServerConfigKeys (ConfUtils.java:logGet(46)) - raft.server.log.appender.install.snapshot.enabled = false (custom)
2023-04-11 11:25:24,840 [pool-542-thread-1] INFO  server.RaftServerConfigKeys (ConfUtils.java:logGet(46)) - raft.server.threadpool.server.cached = true (default)
2023-04-11 11:25:24,840 [pool-542-thread-1] INFO  server.RaftServerConfigKeys (ConfUtils.java:logGet(46)) - raft.server.threadpool.server.size = 0 (default)
2023-04-11 11:25:24,840 [pool-542-thread-1] INFO  server.RaftServerConfigKeys (ConfUtils.java:logGet(46)) - raft.server.threadpool.client.cached = true (default)
2023-04-11 11:25:24,840 [pool-542-thread-1] INFO  server.RaftServerConfigKeys (ConfUtils.java:logGet(46)) - raft.server.threadpool.client.size = 0 (default)
2023-04-11 11:25:24,840 [pool-542-thread-1] INFO  storage.RaftStorageDirectory (RaftStorageDirectoryImpl.java:analyzeStorage(137)) - The storage directory /home/runner/work/ozone/ozone/hadoop-ozone/integration-test/target/test-dir/MiniOzoneClusterImpl-1c4368e0-208c-48c5-9b0c-56c20ccf1352/datanode-2/data/ratis/b995ad11-c37b-4306-88be-d6b75793e69f does not exist. Creating ...
2023-04-11 11:25:24,841 [pool-542-thread-1] INFO  storage.RaftStorageDirectory (RaftStorageDirectoryImpl.java:tryLock(231)) - Lock on /home/runner/work/ozone/ozone/hadoop-ozone/integration-test/target/test-dir/MiniOzoneClusterImpl-1c4368e0-208c-48c5-9b0c-56c20ccf1352/datanode-2/data/ratis/b995ad11-c37b-4306-88be-d6b75793e69f/in_use.lock acquired by nodename 48974@fv-az590-525
2023-04-11 11:25:24,842 [pool-542-thread-1] INFO  storage.RaftStorage (RaftStorageImpl.java:format(96)) - Storage directory /home/runner/work/ozone/ozone/hadoop-ozone/integration-test/target/test-dir/MiniOzoneClusterImpl-1c4368e0-208c-48c5-9b0c-56c20ccf1352/datanode-2/data/ratis/b995ad11-c37b-4306-88be-d6b75793e69f has been successfully formatted.
2023-04-11 11:25:24,843 [pool-542-thread-1] INFO  ratis.ContainerStateMachine (ContainerStateMachine.java:loadSnapshot(262)) - group-D6B75793E69F: The snapshot info is null. Setting the last applied indexto:(t:0, i:~)
2023-04-11 11:25:24,843 [pool-542-thread-1] INFO  server.RaftServerConfigKeys (ConfUtils.java:logGet(46)) - raft.server.log.use.memory = false (default)
2023-04-11 11:25:24,843 [pool-542-thread-1] INFO  server.RaftServerConfigKeys (ConfUtils.java:logGet(46)) - raft.server.log.purge.gap = 1000000 (custom)
2023-04-11 11:25:24,843 [pool-542-thread-1] INFO  server.RaftServerConfigKeys (ConfUtils.java:logGet(46)) - raft.server.log.appender.buffer.byte-limit = 33554432 (custom)
2023-04-11 11:25:24,843 [pool-542-thread-1] INFO  server.RaftServerConfigKeys (ConfUtils.java:logGet(46)) - raft.server.log.statemachine.data.read.timeout = 1000ms (default)
2023-04-11 11:25:24,843 [pool-542-thread-1] INFO  server.RaftServerConfigKeys (ConfUtils.java:logGet(46)) - raft.server.log.purge.preservation.log.num = 0 (default)
2023-04-11 11:25:24,843 [pool-542-thread-1] INFO  server.RaftServerConfigKeys (ConfUtils.java:logGet(46)) - raft.server.log.segment.size.max = 1048576 (custom)
2023-04-11 11:25:24,844 [EventQueue-PipelineReportForPipelineReportHandler] INFO  pipeline.PipelineManagerImpl (PipelineManagerImpl.java:openPipeline(367)) - Pipeline Pipeline[ Id: b995ad11-c37b-4306-88be-d6b75793e69f, Nodes: c1e7a0ec-ae3b-4726-987d-7d9bf2cc9de6(fv-az590-525.scpgifznvsounmmscp2whtfmwe.cx.internal.cloudapp.net/10.1.0.37), ReplicationConfig: RATIS/ONE, State:ALLOCATED, leaderId:c1e7a0ec-ae3b-4726-987d-7d9bf2cc9de6, CreationTimestamp2023-04-11T11:25:21.845Z[Etc/UTC]] moved to OPEN state
2023-04-11 11:25:24,844 [EventQueue-OpenPipelineForHealthyPipelineSafeModeRule] INFO  safemode.SCMSafeModeManager (HealthyPipelineSafeModeRule.java:process(137)) - SCM in safe mode. Healthy pipelines reported count is 0, required healthy pipeline reported count is 1
2023-04-11 11:25:24,844 [pool-542-thread-1] INFO  server.RaftServerConfigKeys (ConfUtils.java:logGet(46)) - raft.server.log.segment.cache.num.max = 2 (custom)
2023-04-11 11:25:24,844 [pool-542-thread-1] INFO  server.RaftServerConfigKeys (ConfUtils.java:logGet(46)) - raft.server.log.segment.cache.size.max = 200MB (=209715200) (default)
2023-04-11 11:25:24,844 [pool-542-thread-1] INFO  segmented.SegmentedRaftLogWorker (SegmentedRaftLogWorker.java:<init>(189)) - new c1e7a0ec-ae3b-4726-987d-7d9bf2cc9de6@group-D6B75793E69F-SegmentedRaftLogWorker for RaftStorageImpl:Storage Directory /home/runner/work/ozone/ozone/hadoop-ozone/integration-test/target/test-dir/MiniOzoneClusterImpl-1c4368e0-208c-48c5-9b0c-56c20ccf1352/datanode-2/data/ratis/b995ad11-c37b-4306-88be-d6b75793e69f
2023-04-11 11:25:24,846 [pool-542-thread-1] INFO  server.RaftServerConfigKeys (ConfUtils.java:logGet(46)) - raft.server.log.queue.byte-limit = 4294967296 (custom)
2023-04-11 11:25:24,846 [pool-542-thread-1] INFO  server.RaftServerConfigKeys (ConfUtils.java:logGet(46)) - raft.server.log.queue.element-limit = 1024 (custom)
2023-04-11 11:25:24,846 [pool-542-thread-1] INFO  server.RaftServerConfigKeys (ConfUtils.java:logGet(46)) - raft.server.log.segment.size.max = 1048576 (custom)
2023-04-11 11:25:24,846 [pool-542-thread-1] INFO  server.RaftServerConfigKeys (ConfUtils.java:logGet(46)) - raft.server.log.preallocated.size = 16384 (custom)
2023-04-11 11:25:24,847 [pool-542-thread-1] INFO  server.RaftServerConfigKeys (ConfUtils.java:logGet(46)) - raft.server.log.force.sync.num = 128 (default)
2023-04-11 11:25:24,847 [pool-542-thread-1] INFO  server.RaftServerConfigKeys (ConfUtils.java:logGet(46)) - raft.server.log.statemachine.data.sync = true (default)
2023-04-11 11:25:24,847 [pool-542-thread-1] INFO  server.RaftServerConfigKeys (ConfUtils.java:logGet(46)) - raft.server.log.statemachine.data.sync.timeout = 10s (default)
2023-04-11 11:25:24,847 [pool-542-thread-1] INFO  server.RaftServerConfigKeys (ConfUtils.java:logGet(46)) - raft.server.log.statemachine.data.sync.timeout.retry = -1 (default)
2023-04-11 11:25:24,847 [pool-542-thread-1] INFO  server.RaftServerConfigKeys (ConfUtils.java:logGet(46)) - raft.server.log.write.buffer.size = 1048576 (custom)
2023-04-11 11:25:24,847 [pool-542-thread-1] INFO  server.RaftServerConfigKeys (ConfUtils.java:logGet(46)) - raft.server.log.appender.buffer.byte-limit = 33554432 (custom)
2023-04-11 11:25:24,852 [pool-542-thread-1] INFO  server.RaftServerConfigKeys (ConfUtils.java:logGet(46)) - raft.server.log.unsafe-flush.enabled = false (default)
2023-04-11 11:25:24,852 [pool-542-thread-1] INFO  server.RaftServerConfigKeys (ConfUtils.java:logGet(46)) - raft.server.log.async-flush.enabled = false (default)
2023-04-11 11:25:24,852 [pool-542-thread-1] INFO  server.RaftServerConfigKeys (ConfUtils.java:logGet(46)) - raft.server.log.statemachine.data.caching.enabled = true (custom)
2023-04-11 11:25:24,853 [pool-542-thread-1] INFO  segmented.SegmentedRaftLogWorker (SegmentedRaftLogWorker.java:lambda$new$0(135)) - c1e7a0ec-ae3b-4726-987d-7d9bf2cc9de6@group-D6B75793E69F-SegmentedRaftLogWorker: flushIndex: setUnconditionally 0 -> -1
2023-04-11 11:25:24,853 [pool-542-thread-1] INFO  segmented.SegmentedRaftLogWorker (SegmentedRaftLogWorker.java:lambda$new$0(135)) - c1e7a0ec-ae3b-4726-987d-7d9bf2cc9de6@group-D6B75793E69F-SegmentedRaftLogWorker: safeCacheEvictIndex: setUnconditionally 0 -> -1
2023-04-11 11:25:24,853 [pool-542-thread-1] INFO  server.RaftServer$Division (RaftServerImpl.java:start(334)) - c1e7a0ec-ae3b-4726-987d-7d9bf2cc9de6@group-D6B75793E69F: start as a follower, conf=-1: peers:[c1e7a0ec-ae3b-4726-987d-7d9bf2cc9de6|rpc:10.1.0.37:46253|dataStream:10.1.0.37:45319|priority:1|startupRole:FOLLOWER]|listeners:[], old=null
2023-04-11 11:25:24,853 [pool-542-thread-1] INFO  server.RaftServer$Division (RaftServerImpl.java:setRole(321)) - c1e7a0ec-ae3b-4726-987d-7d9bf2cc9de6@group-D6B75793E69F: changes role from      null to FOLLOWER at term 0 for startAsFollower
2023-04-11 11:25:24,853 [pool-542-thread-1] INFO  impl.RoleInfo (RoleInfo.java:updateAndGet(139)) - c1e7a0ec-ae3b-4726-987d-7d9bf2cc9de6: start c1e7a0ec-ae3b-4726-987d-7d9bf2cc9de6@group-D6B75793E69F-FollowerState
2023-04-11 11:25:24,854 [pool-542-thread-1] INFO  util.JmxRegister (JmxRegister.java:tryRegister(44)) - Successfully registered JMX Bean with object name Ratis:service=RaftServer,group=group-D6B75793E69F,id=c1e7a0ec-ae3b-4726-987d-7d9bf2cc9de6
2023-04-11 11:25:24,854 [pool-542-thread-1] INFO  server.RaftServerConfigKeys (ConfUtils.java:logGet(46)) - raft.server.snapshot.auto.trigger.enabled = true (custom)
2023-04-11 11:25:24,854 [pool-542-thread-1] INFO  server.RaftServerConfigKeys (ConfUtils.java:logGet(46)) - raft.server.snapshot.auto.trigger.threshold = 10000 (custom)
2023-04-11 11:25:24,854 [pool-542-thread-1] INFO  server.RaftServerConfigKeys (ConfUtils.java:logGet(46)) - raft.server.snapshot.retention.file.num = 5 (custom)
2023-04-11 11:25:24,854 [pool-542-thread-1] INFO  server.RaftServerConfigKeys (ConfUtils.java:logGet(46)) - raft.server.log.purge.upto.snapshot.index = false (default)
2023-04-11 11:25:24,855 [c1e7a0ec-ae3b-4726-987d-7d9bf2cc9de6@group-D6B75793E69F-FollowerState] INFO  server.RaftServerConfigKeys (ConfUtils.java:logFallback(53)) - raft.server.rpc.first-election.timeout.min = 5s (fallback to raft.server.rpc.timeout.min)
2023-04-11 11:25:24,855 [c1e7a0ec-ae3b-4726-987d-7d9bf2cc9de6@group-D6B75793E69F-FollowerState] INFO  server.RaftServerConfigKeys (ConfUtils.java:logFallback(53)) - raft.server.rpc.first-election.timeout.max = 5200ms (fallback to raft.server.rpc.timeout.max)
2023-04-11 11:25:24,855 [Command processor thread] INFO  ratis.XceiverServerRatis (XceiverServerRatis.java:addGroup(806)) - Created group PipelineID=b995ad11-c37b-4306-88be-d6b75793e69f
2023-04-11 11:25:24,855 [Command processor thread] INFO  commandhandler.CreatePipelineCommandHandler (CreatePipelineCommandHandler.java:handle(113)) - Created Pipeline RATIS ONE PipelineID=b995ad11-c37b-4306-88be-d6b75793e69f.
2023-04-11 11:25:25,192 [Command processor thread] INFO  server.RaftServer (RaftServerProxy.java:addNew(96)) - 1f55909b-7792-4429-a8f4-0e8df975840d: addNew group-0F6F1A17E8A2:[1f55909b-7792-4429-a8f4-0e8df975840d|rpc:10.1.0.37:38651|dataStream:10.1.0.37:37663|priority:1|startupRole:FOLLOWER] returns group-0F6F1A17E8A2:java.util.concurrent.CompletableFuture@f6dc083[Not completed]
2023-04-11 11:25:25,194 [pool-564-thread-1] INFO  server.RaftServer$Division (RaftServerImpl.java:<init>(195)) - 1f55909b-7792-4429-a8f4-0e8df975840d: new RaftServerImpl for group-0F6F1A17E8A2:[1f55909b-7792-4429-a8f4-0e8df975840d|rpc:10.1.0.37:38651|dataStream:10.1.0.37:37663|priority:1|startupRole:FOLLOWER] with ContainerStateMachine:uninitialized
2023-04-11 11:25:25,194 [pool-564-thread-1] INFO  server.RaftServerConfigKeys (ConfUtils.java:logGet(46)) - raft.server.rpc.timeout.min = 5s (custom)
2023-04-11 11:25:25,195 [pool-564-thread-1] INFO  server.RaftServerConfigKeys (ConfUtils.java:logGet(46)) - raft.server.rpc.timeout.max = 5200ms (custom)
2023-04-11 11:25:25,195 [pool-564-thread-1] INFO  server.RaftServerConfigKeys (ConfUtils.java:logGet(46)) - raft.server.rpc.sleep.time = 25ms (default)
2023-04-11 11:25:25,195 [pool-564-thread-1] INFO  server.RaftServerConfigKeys (ConfUtils.java:logGet(46)) - raft.server.rpc.slowness.timeout = 300s (custom)
2023-04-11 11:25:25,195 [pool-564-thread-1] INFO  server.RaftServerConfigKeys (ConfUtils.java:logGet(46)) - raft.server.leaderelection.leader.step-down.wait-time = 10s (default)
2023-04-11 11:25:25,195 [pool-564-thread-1] INFO  server.RaftServerConfigKeys (ConfUtils.java:logGet(46)) - raft.server.sleep.deviation.threshold = 300ms (default)
2023-04-11 11:25:25,195 [pool-564-thread-1] INFO  server.RaftServer$Division (ServerState.java:<init>(118)) - 1f55909b-7792-4429-a8f4-0e8df975840d@group-0F6F1A17E8A2: ConfigurationManager, init=-1: peers:[1f55909b-7792-4429-a8f4-0e8df975840d|rpc:10.1.0.37:38651|dataStream:10.1.0.37:37663|priority:1|startupRole:FOLLOWER]|listeners:[], old=null, confs=<EMPTY_MAP>
2023-04-11 11:25:25,195 [pool-564-thread-1] INFO  server.RaftServerConfigKeys (ConfUtils.java:logGet(46)) - raft.server.storage.dir = [/home/runner/work/ozone/ozone/hadoop-ozone/integration-test/target/test-dir/MiniOzoneClusterImpl-1c4368e0-208c-48c5-9b0c-56c20ccf1352/datanode-3/data/ratis] (custom)
2023-04-11 11:25:25,195 [pool-564-thread-1] INFO  server.RaftServerConfigKeys (ConfUtils.java:logGet(46)) - raft.server.log.corruption.policy = EXCEPTION (default)
2023-04-11 11:25:25,195 [pool-564-thread-1] INFO  server.RaftServerConfigKeys (ConfUtils.java:logGet(46)) - raft.server.storage.free-space.min = 0MB (=0) (default)
2023-04-11 11:25:25,195 [pool-564-thread-1] INFO  server.RaftServerConfigKeys (ConfUtils.java:logGet(46)) - raft.server.notification.no-leader.timeout = 300s (custom)
2023-04-11 11:25:25,195 [pool-564-thread-1] INFO  server.RaftServerConfigKeys (ConfUtils.java:logGet(46)) - raft.server.retrycache.expirytime = 600000ms (custom)
2023-04-11 11:25:25,195 [pool-564-thread-1] INFO  server.RaftServerConfigKeys (ConfUtils.java:logGet(46)) - raft.server.retrycache.statistics.expirytime = 100μs (default)
2023-04-11 11:25:25,196 [pool-564-thread-1] INFO  server.RaftServerConfigKeys (ConfUtils.java:logGet(46)) - raft.server.log.appender.install.snapshot.enabled = false (custom)
2023-04-11 11:25:25,196 [pool-564-thread-1] INFO  server.RaftServerConfigKeys (ConfUtils.java:logGet(46)) - raft.server.threadpool.server.cached = true (default)
2023-04-11 11:25:25,196 [pool-564-thread-1] INFO  server.RaftServerConfigKeys (ConfUtils.java:logGet(46)) - raft.server.threadpool.server.size = 0 (default)
2023-04-11 11:25:25,196 [pool-564-thread-1] INFO  server.RaftServerConfigKeys (ConfUtils.java:logGet(46)) - raft.server.threadpool.client.cached = true (default)
2023-04-11 11:25:25,196 [pool-564-thread-1] INFO  server.RaftServerConfigKeys (ConfUtils.java:logGet(46)) - raft.server.threadpool.client.size = 0 (default)
2023-04-11 11:25:25,196 [pool-564-thread-1] INFO  storage.RaftStorageDirectory (RaftStorageDirectoryImpl.java:analyzeStorage(137)) - The storage directory /home/runner/work/ozone/ozone/hadoop-ozone/integration-test/target/test-dir/MiniOzoneClusterImpl-1c4368e0-208c-48c5-9b0c-56c20ccf1352/datanode-3/data/ratis/412bafeb-cf3e-4a64-9bfa-0f6f1a17e8a2 does not exist. Creating ...
2023-04-11 11:25:25,198 [pool-564-thread-1] INFO  storage.RaftStorageDirectory (RaftStorageDirectoryImpl.java:tryLock(231)) - Lock on /home/runner/work/ozone/ozone/hadoop-ozone/integration-test/target/test-dir/MiniOzoneClusterImpl-1c4368e0-208c-48c5-9b0c-56c20ccf1352/datanode-3/data/ratis/412bafeb-cf3e-4a64-9bfa-0f6f1a17e8a2/in_use.lock acquired by nodename 48974@fv-az590-525
2023-04-11 11:25:25,199 [pool-564-thread-1] INFO  storage.RaftStorage (RaftStorageImpl.java:format(96)) - Storage directory /home/runner/work/ozone/ozone/hadoop-ozone/integration-test/target/test-dir/MiniOzoneClusterImpl-1c4368e0-208c-48c5-9b0c-56c20ccf1352/datanode-3/data/ratis/412bafeb-cf3e-4a64-9bfa-0f6f1a17e8a2 has been successfully formatted.
2023-04-11 11:25:25,200 [pool-564-thread-1] INFO  ratis.ContainerStateMachine (ContainerStateMachine.java:loadSnapshot(262)) - group-0F6F1A17E8A2: The snapshot info is null. Setting the last applied indexto:(t:0, i:~)
2023-04-11 11:25:25,200 [pool-564-thread-1] INFO  server.RaftServerConfigKeys (ConfUtils.java:logGet(46)) - raft.server.log.use.memory = false (default)
2023-04-11 11:25:25,201 [pool-564-thread-1] INFO  server.RaftServerConfigKeys (ConfUtils.java:logGet(46)) - raft.server.log.purge.gap = 1000000 (custom)
2023-04-11 11:25:25,201 [pool-564-thread-1] INFO  server.RaftServerConfigKeys (ConfUtils.java:logGet(46)) - raft.server.log.appender.buffer.byte-limit = 33554432 (custom)
2023-04-11 11:25:25,201 [pool-564-thread-1] INFO  server.RaftServerConfigKeys (ConfUtils.java:logGet(46)) - raft.server.log.statemachine.data.read.timeout = 1000ms (default)
2023-04-11 11:25:25,201 [pool-564-thread-1] INFO  server.RaftServerConfigKeys (ConfUtils.java:logGet(46)) - raft.server.log.purge.preservation.log.num = 0 (default)
2023-04-11 11:25:25,201 [EventQueue-PipelineReportForPipelineReportHandler] INFO  pipeline.PipelineManagerImpl (PipelineManagerImpl.java:openPipeline(367)) - Pipeline Pipeline[ Id: 412bafeb-cf3e-4a64-9bfa-0f6f1a17e8a2, Nodes: 1f55909b-7792-4429-a8f4-0e8df975840d(fv-az590-525.scpgifznvsounmmscp2whtfmwe.cx.internal.cloudapp.net/10.1.0.37), ReplicationConfig: RATIS/ONE, State:ALLOCATED, leaderId:1f55909b-7792-4429-a8f4-0e8df975840d, CreationTimestamp2023-04-11T11:25:22.194Z[Etc/UTC]] moved to OPEN state
2023-04-11 11:25:25,201 [pool-564-thread-1] INFO  server.RaftServerConfigKeys (ConfUtils.java:logGet(46)) - raft.server.log.segment.size.max = 1048576 (custom)
2023-04-11 11:25:25,202 [EventQueue-OpenPipelineForHealthyPipelineSafeModeRule] INFO  safemode.SCMSafeModeManager (HealthyPipelineSafeModeRule.java:process(137)) - SCM in safe mode. Healthy pipelines reported count is 0, required healthy pipeline reported count is 1
2023-04-11 11:25:25,202 [pool-564-thread-1] INFO  server.RaftServerConfigKeys (ConfUtils.java:logGet(46)) - raft.server.log.segment.cache.num.max = 2 (custom)
2023-04-11 11:25:25,202 [pool-564-thread-1] INFO  server.RaftServerConfigKeys (ConfUtils.java:logGet(46)) - raft.server.log.segment.cache.size.max = 200MB (=209715200) (default)
2023-04-11 11:25:25,202 [pool-564-thread-1] INFO  segmented.SegmentedRaftLogWorker (SegmentedRaftLogWorker.java:<init>(189)) - new 1f55909b-7792-4429-a8f4-0e8df975840d@group-0F6F1A17E8A2-SegmentedRaftLogWorker for RaftStorageImpl:Storage Directory /home/runner/work/ozone/ozone/hadoop-ozone/integration-test/target/test-dir/MiniOzoneClusterImpl-1c4368e0-208c-48c5-9b0c-56c20ccf1352/datanode-3/data/ratis/412bafeb-cf3e-4a64-9bfa-0f6f1a17e8a2
2023-04-11 11:25:25,202 [pool-564-thread-1] INFO  server.RaftServerConfigKeys (ConfUtils.java:logGet(46)) - raft.server.log.queue.byte-limit = 4294967296 (custom)
2023-04-11 11:25:25,202 [pool-564-thread-1] INFO  server.RaftServerConfigKeys (ConfUtils.java:logGet(46)) - raft.server.log.queue.element-limit = 1024 (custom)
2023-04-11 11:25:25,202 [pool-564-thread-1] INFO  server.RaftServerConfigKeys (ConfUtils.java:logGet(46)) - raft.server.log.segment.size.max = 1048576 (custom)
2023-04-11 11:25:25,202 [pool-564-thread-1] INFO  server.RaftServerConfigKeys (ConfUtils.java:logGet(46)) - raft.server.log.preallocated.size = 16384 (custom)
2023-04-11 11:25:25,202 [pool-564-thread-1] INFO  server.RaftServerConfigKeys (ConfUtils.java:logGet(46)) - raft.server.log.force.sync.num = 128 (default)
2023-04-11 11:25:25,202 [pool-564-thread-1] INFO  server.RaftServerConfigKeys (ConfUtils.java:logGet(46)) - raft.server.log.statemachine.data.sync = true (default)
2023-04-11 11:25:25,202 [pool-564-thread-1] INFO  server.RaftServerConfigKeys (ConfUtils.java:logGet(46)) - raft.server.log.statemachine.data.sync.timeout = 10s (default)
2023-04-11 11:25:25,202 [pool-564-thread-1] INFO  server.RaftServerConfigKeys (ConfUtils.java:logGet(46)) - raft.server.log.statemachine.data.sync.timeout.retry = -1 (default)
2023-04-11 11:25:25,202 [pool-564-thread-1] INFO  server.RaftServerConfigKeys (ConfUtils.java:logGet(46)) - raft.server.log.write.buffer.size = 1048576 (custom)
2023-04-11 11:25:25,203 [pool-564-thread-1] INFO  server.RaftServerConfigKeys (ConfUtils.java:logGet(46)) - raft.server.log.appender.buffer.byte-limit = 33554432 (custom)
2023-04-11 11:25:25,208 [pool-564-thread-1] INFO  server.RaftServerConfigKeys (ConfUtils.java:logGet(46)) - raft.server.log.unsafe-flush.enabled = false (default)
2023-04-11 11:25:25,208 [pool-564-thread-1] INFO  server.RaftServerConfigKeys (ConfUtils.java:logGet(46)) - raft.server.log.async-flush.enabled = false (default)
2023-04-11 11:25:25,208 [pool-564-thread-1] INFO  server.RaftServerConfigKeys (ConfUtils.java:logGet(46)) - raft.server.log.statemachine.data.caching.enabled = true (custom)
2023-04-11 11:25:25,208 [pool-564-thread-1] INFO  segmented.SegmentedRaftLogWorker (SegmentedRaftLogWorker.java:lambda$new$0(135)) - 1f55909b-7792-4429-a8f4-0e8df975840d@group-0F6F1A17E8A2-SegmentedRaftLogWorker: flushIndex: setUnconditionally 0 -> -1
2023-04-11 11:25:25,208 [pool-564-thread-1] INFO  segmented.SegmentedRaftLogWorker (SegmentedRaftLogWorker.java:lambda$new$0(135)) - 1f55909b-7792-4429-a8f4-0e8df975840d@group-0F6F1A17E8A2-SegmentedRaftLogWorker: safeCacheEvictIndex: setUnconditionally 0 -> -1
2023-04-11 11:25:25,209 [pool-564-thread-1] INFO  server.RaftServer$Division (RaftServerImpl.java:start(334)) - 1f55909b-7792-4429-a8f4-0e8df975840d@group-0F6F1A17E8A2: start as a follower, conf=-1: peers:[1f55909b-7792-4429-a8f4-0e8df975840d|rpc:10.1.0.37:38651|dataStream:10.1.0.37:37663|priority:1|startupRole:FOLLOWER]|listeners:[], old=null
2023-04-11 11:25:25,209 [pool-564-thread-1] INFO  server.RaftServer$Division (RaftServerImpl.java:setRole(321)) - 1f55909b-7792-4429-a8f4-0e8df975840d@group-0F6F1A17E8A2: changes role from      null to FOLLOWER at term 0 for startAsFollower
2023-04-11 11:25:25,209 [pool-564-thread-1] INFO  impl.RoleInfo (RoleInfo.java:updateAndGet(139)) - 1f55909b-7792-4429-a8f4-0e8df975840d: start 1f55909b-7792-4429-a8f4-0e8df975840d@group-0F6F1A17E8A2-FollowerState
2023-04-11 11:25:25,209 [pool-564-thread-1] INFO  util.JmxRegister (JmxRegister.java:tryRegister(44)) - Successfully registered JMX Bean with object name Ratis:service=RaftServer,group=group-0F6F1A17E8A2,id=1f55909b-7792-4429-a8f4-0e8df975840d
2023-04-11 11:25:25,209 [1f55909b-7792-4429-a8f4-0e8df975840d@group-0F6F1A17E8A2-FollowerState] INFO  server.RaftServerConfigKeys (ConfUtils.java:logFallback(53)) - raft.server.rpc.first-election.timeout.min = 5s (fallback to raft.server.rpc.timeout.min)
2023-04-11 11:25:25,209 [pool-564-thread-1] INFO  server.RaftServerConfigKeys (ConfUtils.java:logGet(46)) - raft.server.snapshot.auto.trigger.enabled = true (custom)
2023-04-11 11:25:25,209 [1f55909b-7792-4429-a8f4-0e8df975840d@group-0F6F1A17E8A2-FollowerState] INFO  server.RaftServerConfigKeys (ConfUtils.java:logFallback(53)) - raft.server.rpc.first-election.timeout.max = 5200ms (fallback to raft.server.rpc.timeout.max)
2023-04-11 11:25:25,209 [pool-564-thread-1] INFO  server.RaftServerConfigKeys (ConfUtils.java:logGet(46)) - raft.server.snapshot.auto.trigger.threshold = 10000 (custom)
2023-04-11 11:25:25,209 [pool-564-thread-1] INFO  server.RaftServerConfigKeys (ConfUtils.java:logGet(46)) - raft.server.snapshot.retention.file.num = 5 (custom)
2023-04-11 11:25:25,209 [pool-564-thread-1] INFO  server.RaftServerConfigKeys (ConfUtils.java:logGet(46)) - raft.server.log.purge.upto.snapshot.index = false (default)
2023-04-11 11:25:25,210 [Command processor thread] INFO  ratis.XceiverServerRatis (XceiverServerRatis.java:addGroup(806)) - Created group PipelineID=412bafeb-cf3e-4a64-9bfa-0f6f1a17e8a2
2023-04-11 11:25:25,210 [Command processor thread] INFO  commandhandler.CreatePipelineCommandHandler (CreatePipelineCommandHandler.java:handle(113)) - Created Pipeline RATIS ONE PipelineID=412bafeb-cf3e-4a64-9bfa-0f6f1a17e8a2.
2023-04-11 11:25:25,539 [Listener at 127.0.0.1/39679] INFO  ozone.MiniOzoneClusterImpl (MiniOzoneClusterImpl.java:lambda$waitForClusterToBeReady$0(222)) - Nodes are ready. Got 5 of 5 DN Heartbeats.
2023-04-11 11:25:25,539 [Listener at 127.0.0.1/39679] INFO  ozone.MiniOzoneClusterImpl (MiniOzoneClusterImpl.java:lambda$waitForClusterToBeReady$0(225)) - Waiting for cluster to exit safe mode
2023-04-11 11:25:25,539 [Listener at 127.0.0.1/39679] INFO  ozone.MiniOzoneClusterImpl (MiniOzoneClusterImpl.java:lambda$waitForClusterToBeReady$0(227)) - SCM became leader
2023-04-11 11:25:25,552 [Command processor thread] INFO  server.RaftServer (RaftServerProxy.java:addNew(96)) - 00d37185-0744-49d2-a2a1-ceac977c9e2d: addNew group-1401EE39C5BC:[00d37185-0744-49d2-a2a1-ceac977c9e2d|rpc:10.1.0.37:42969|dataStream:10.1.0.37:35105|priority:1|startupRole:FOLLOWER] returns group-1401EE39C5BC:java.util.concurrent.CompletableFuture@481f224b[Not completed]
2023-04-11 11:25:25,553 [pool-586-thread-1] INFO  server.RaftServer$Division (RaftServerImpl.java:<init>(195)) - 00d37185-0744-49d2-a2a1-ceac977c9e2d: new RaftServerImpl for group-1401EE39C5BC:[00d37185-0744-49d2-a2a1-ceac977c9e2d|rpc:10.1.0.37:42969|dataStream:10.1.0.37:35105|priority:1|startupRole:FOLLOWER] with ContainerStateMachine:uninitialized
2023-04-11 11:25:25,553 [pool-586-thread-1] INFO  server.RaftServerConfigKeys (ConfUtils.java:logGet(46)) - raft.server.rpc.timeout.min = 5s (custom)
2023-04-11 11:25:25,553 [pool-586-thread-1] INFO  server.RaftServerConfigKeys (ConfUtils.java:logGet(46)) - raft.server.rpc.timeout.max = 5200ms (custom)
2023-04-11 11:25:25,553 [pool-586-thread-1] INFO  server.RaftServerConfigKeys (ConfUtils.java:logGet(46)) - raft.server.rpc.sleep.time = 25ms (default)
2023-04-11 11:25:25,553 [pool-586-thread-1] INFO  server.RaftServerConfigKeys (ConfUtils.java:logGet(46)) - raft.server.rpc.slowness.timeout = 300s (custom)
2023-04-11 11:25:25,553 [pool-586-thread-1] INFO  server.RaftServerConfigKeys (ConfUtils.java:logGet(46)) - raft.server.leaderelection.leader.step-down.wait-time = 10s (default)
2023-04-11 11:25:25,553 [pool-586-thread-1] INFO  server.RaftServerConfigKeys (ConfUtils.java:logGet(46)) - raft.server.sleep.deviation.threshold = 300ms (default)
2023-04-11 11:25:25,553 [pool-586-thread-1] INFO  server.RaftServer$Division (ServerState.java:<init>(118)) - 00d37185-0744-49d2-a2a1-ceac977c9e2d@group-1401EE39C5BC: ConfigurationManager, init=-1: peers:[00d37185-0744-49d2-a2a1-ceac977c9e2d|rpc:10.1.0.37:42969|dataStream:10.1.0.37:35105|priority:1|startupRole:FOLLOWER]|listeners:[], old=null, confs=<EMPTY_MAP>
2023-04-11 11:25:25,554 [pool-586-thread-1] INFO  server.RaftServerConfigKeys (ConfUtils.java:logGet(46)) - raft.server.storage.dir = [/home/runner/work/ozone/ozone/hadoop-ozone/integration-test/target/test-dir/MiniOzoneClusterImpl-1c4368e0-208c-48c5-9b0c-56c20ccf1352/datanode-4/data/ratis] (custom)
2023-04-11 11:25:25,554 [pool-586-thread-1] INFO  server.RaftServerConfigKeys (ConfUtils.java:logGet(46)) - raft.server.log.corruption.policy = EXCEPTION (default)
2023-04-11 11:25:25,554 [pool-586-thread-1] INFO  server.RaftServerConfigKeys (ConfUtils.java:logGet(46)) - raft.server.storage.free-space.min = 0MB (=0) (default)
2023-04-11 11:25:25,554 [pool-586-thread-1] INFO  server.RaftServerConfigKeys (ConfUtils.java:logGet(46)) - raft.server.notification.no-leader.timeout = 300s (custom)
2023-04-11 11:25:25,554 [pool-586-thread-1] INFO  server.RaftServerConfigKeys (ConfUtils.java:logGet(46)) - raft.server.retrycache.expirytime = 600000ms (custom)
2023-04-11 11:25:25,554 [pool-586-thread-1] INFO  server.RaftServerConfigKeys (ConfUtils.java:logGet(46)) - raft.server.retrycache.statistics.expirytime = 100μs (default)
2023-04-11 11:25:25,555 [pool-586-thread-1] INFO  server.RaftServerConfigKeys (ConfUtils.java:logGet(46)) - raft.server.log.appender.install.snapshot.enabled = false (custom)
2023-04-11 11:25:25,555 [pool-586-thread-1] INFO  server.RaftServerConfigKeys (ConfUtils.java:logGet(46)) - raft.server.threadpool.server.cached = true (default)
2023-04-11 11:25:25,555 [pool-586-thread-1] INFO  server.RaftServerConfigKeys (ConfUtils.java:logGet(46)) - raft.server.threadpool.server.size = 0 (default)
2023-04-11 11:25:25,555 [pool-586-thread-1] INFO  server.RaftServerConfigKeys (ConfUtils.java:logGet(46)) - raft.server.threadpool.client.cached = true (default)
2023-04-11 11:25:25,555 [pool-586-thread-1] INFO  server.RaftServerConfigKeys (ConfUtils.java:logGet(46)) - raft.server.threadpool.client.size = 0 (default)
2023-04-11 11:25:25,555 [pool-586-thread-1] INFO  storage.RaftStorageDirectory (RaftStorageDirectoryImpl.java:analyzeStorage(137)) - The storage directory /home/runner/work/ozone/ozone/hadoop-ozone/integration-test/target/test-dir/MiniOzoneClusterImpl-1c4368e0-208c-48c5-9b0c-56c20ccf1352/datanode-4/data/ratis/48148168-a27e-4093-9c75-1401ee39c5bc does not exist. Creating ...
2023-04-11 11:25:25,556 [pool-586-thread-1] INFO  storage.RaftStorageDirectory (RaftStorageDirectoryImpl.java:tryLock(231)) - Lock on /home/runner/work/ozone/ozone/hadoop-ozone/integration-test/target/test-dir/MiniOzoneClusterImpl-1c4368e0-208c-48c5-9b0c-56c20ccf1352/datanode-4/data/ratis/48148168-a27e-4093-9c75-1401ee39c5bc/in_use.lock acquired by nodename 48974@fv-az590-525
2023-04-11 11:25:25,557 [pool-586-thread-1] INFO  storage.RaftStorage (RaftStorageImpl.java:format(96)) - Storage directory /home/runner/work/ozone/ozone/hadoop-ozone/integration-test/target/test-dir/MiniOzoneClusterImpl-1c4368e0-208c-48c5-9b0c-56c20ccf1352/datanode-4/data/ratis/48148168-a27e-4093-9c75-1401ee39c5bc has been successfully formatted.
2023-04-11 11:25:25,559 [pool-586-thread-1] INFO  ratis.ContainerStateMachine (ContainerStateMachine.java:loadSnapshot(262)) - group-1401EE39C5BC: The snapshot info is null. Setting the last applied indexto:(t:0, i:~)
2023-04-11 11:25:25,559 [pool-586-thread-1] INFO  server.RaftServerConfigKeys (ConfUtils.java:logGet(46)) - raft.server.log.use.memory = false (default)
2023-04-11 11:25:25,559 [pool-586-thread-1] INFO  server.RaftServerConfigKeys (ConfUtils.java:logGet(46)) - raft.server.log.purge.gap = 1000000 (custom)
2023-04-11 11:25:25,559 [pool-586-thread-1] INFO  server.RaftServerConfigKeys (ConfUtils.java:logGet(46)) - raft.server.log.appender.buffer.byte-limit = 33554432 (custom)
2023-04-11 11:25:25,559 [pool-586-thread-1] INFO  server.RaftServerConfigKeys (ConfUtils.java:logGet(46)) - raft.server.log.statemachine.data.read.timeout = 1000ms (default)
2023-04-11 11:25:25,559 [pool-586-thread-1] INFO  server.RaftServerConfigKeys (ConfUtils.java:logGet(46)) - raft.server.log.purge.preservation.log.num = 0 (default)
2023-04-11 11:25:25,559 [pool-586-thread-1] INFO  server.RaftServerConfigKeys (ConfUtils.java:logGet(46)) - raft.server.log.segment.size.max = 1048576 (custom)
2023-04-11 11:25:25,560 [pool-586-thread-1] INFO  server.RaftServerConfigKeys (ConfUtils.java:logGet(46)) - raft.server.log.segment.cache.num.max = 2 (custom)
2023-04-11 11:25:25,560 [pool-586-thread-1] INFO  server.RaftServerConfigKeys (ConfUtils.java:logGet(46)) - raft.server.log.segment.cache.size.max = 200MB (=209715200) (default)
2023-04-11 11:25:25,560 [pool-586-thread-1] INFO  segmented.SegmentedRaftLogWorker (SegmentedRaftLogWorker.java:<init>(189)) - new 00d37185-0744-49d2-a2a1-ceac977c9e2d@group-1401EE39C5BC-SegmentedRaftLogWorker for RaftStorageImpl:Storage Directory /home/runner/work/ozone/ozone/hadoop-ozone/integration-test/target/test-dir/MiniOzoneClusterImpl-1c4368e0-208c-48c5-9b0c-56c20ccf1352/datanode-4/data/ratis/48148168-a27e-4093-9c75-1401ee39c5bc
2023-04-11 11:25:25,560 [EventQueue-PipelineReportForPipelineReportHandler] INFO  pipeline.PipelineManagerImpl (PipelineManagerImpl.java:openPipeline(367)) - Pipeline Pipeline[ Id: 48148168-a27e-4093-9c75-1401ee39c5bc, Nodes: 00d37185-0744-49d2-a2a1-ceac977c9e2d(fv-az590-525.scpgifznvsounmmscp2whtfmwe.cx.internal.cloudapp.net/10.1.0.37), ReplicationConfig: RATIS/ONE, State:ALLOCATED, leaderId:00d37185-0744-49d2-a2a1-ceac977c9e2d, CreationTimestamp2023-04-11T11:25:22.552Z[Etc/UTC]] moved to OPEN state
2023-04-11 11:25:25,561 [pool-586-thread-1] INFO  server.RaftServerConfigKeys (ConfUtils.java:logGet(46)) - raft.server.log.queue.byte-limit = 4294967296 (custom)
2023-04-11 11:25:25,561 [pool-586-thread-1] INFO  server.RaftServerConfigKeys (ConfUtils.java:logGet(46)) - raft.server.log.queue.element-limit = 1024 (custom)
2023-04-11 11:25:25,561 [pool-586-thread-1] INFO  server.RaftServerConfigKeys (ConfUtils.java:logGet(46)) - raft.server.log.segment.size.max = 1048576 (custom)
2023-04-11 11:25:25,561 [pool-586-thread-1] INFO  server.RaftServerConfigKeys (ConfUtils.java:logGet(46)) - raft.server.log.preallocated.size = 16384 (custom)
2023-04-11 11:25:25,561 [pool-586-thread-1] INFO  server.RaftServerConfigKeys (ConfUtils.java:logGet(46)) - raft.server.log.force.sync.num = 128 (default)
2023-04-11 11:25:25,561 [pool-586-thread-1] INFO  server.RaftServerConfigKeys (ConfUtils.java:logGet(46)) - raft.server.log.statemachine.data.sync = true (default)
2023-04-11 11:25:25,561 [EventQueue-OpenPipelineForHealthyPipelineSafeModeRule] INFO  safemode.SCMSafeModeManager (HealthyPipelineSafeModeRule.java:process(137)) - SCM in safe mode. Healthy pipelines reported count is 0, required healthy pipeline reported count is 1
2023-04-11 11:25:25,561 [pool-586-thread-1] INFO  server.RaftServerConfigKeys (ConfUtils.java:logGet(46)) - raft.server.log.statemachine.data.sync.timeout = 10s (default)
2023-04-11 11:25:25,561 [pool-586-thread-1] INFO  server.RaftServerConfigKeys (ConfUtils.java:logGet(46)) - raft.server.log.statemachine.data.sync.timeout.retry = -1 (default)
2023-04-11 11:25:25,562 [pool-586-thread-1] INFO  server.RaftServerConfigKeys (ConfUtils.java:logGet(46)) - raft.server.log.write.buffer.size = 1048576 (custom)
2023-04-11 11:25:25,562 [pool-586-thread-1] INFO  server.RaftServerConfigKeys (ConfUtils.java:logGet(46)) - raft.server.log.appender.buffer.byte-limit = 33554432 (custom)
2023-04-11 11:25:25,567 [pool-586-thread-1] INFO  server.RaftServerConfigKeys (ConfUtils.java:logGet(46)) - raft.server.log.unsafe-flush.enabled = false (default)
2023-04-11 11:25:25,567 [pool-586-thread-1] INFO  server.RaftServerConfigKeys (ConfUtils.java:logGet(46)) - raft.server.log.async-flush.enabled = false (default)
2023-04-11 11:25:25,567 [pool-586-thread-1] INFO  server.RaftServerConfigKeys (ConfUtils.java:logGet(46)) - raft.server.log.statemachine.data.caching.enabled = true (custom)
2023-04-11 11:25:25,567 [pool-586-thread-1] INFO  segmented.SegmentedRaftLogWorker (SegmentedRaftLogWorker.java:lambda$new$0(135)) - 00d37185-0744-49d2-a2a1-ceac977c9e2d@group-1401EE39C5BC-SegmentedRaftLogWorker: flushIndex: setUnconditionally 0 -> -1
2023-04-11 11:25:25,567 [pool-586-thread-1] INFO  segmented.SegmentedRaftLogWorker (SegmentedRaftLogWorker.java:lambda$new$0(135)) - 00d37185-0744-49d2-a2a1-ceac977c9e2d@group-1401EE39C5BC-SegmentedRaftLogWorker: safeCacheEvictIndex: setUnconditionally 0 -> -1
2023-04-11 11:25:25,568 [pool-586-thread-1] INFO  server.RaftServer$Division (RaftServerImpl.java:start(334)) - 00d37185-0744-49d2-a2a1-ceac977c9e2d@group-1401EE39C5BC: start as a follower, conf=-1: peers:[00d37185-0744-49d2-a2a1-ceac977c9e2d|rpc:10.1.0.37:42969|dataStream:10.1.0.37:35105|priority:1|startupRole:FOLLOWER]|listeners:[], old=null
2023-04-11 11:25:25,568 [pool-586-thread-1] INFO  server.RaftServer$Division (RaftServerImpl.java:setRole(321)) - 00d37185-0744-49d2-a2a1-ceac977c9e2d@group-1401EE39C5BC: changes role from      null to FOLLOWER at term 0 for startAsFollower
2023-04-11 11:25:25,568 [pool-586-thread-1] INFO  impl.RoleInfo (RoleInfo.java:updateAndGet(139)) - 00d37185-0744-49d2-a2a1-ceac977c9e2d: start 00d37185-0744-49d2-a2a1-ceac977c9e2d@group-1401EE39C5BC-FollowerState
2023-04-11 11:25:25,568 [pool-586-thread-1] INFO  util.JmxRegister (JmxRegister.java:tryRegister(44)) - Successfully registered JMX Bean with object name Ratis:service=RaftServer,group=group-1401EE39C5BC,id=00d37185-0744-49d2-a2a1-ceac977c9e2d
2023-04-11 11:25:25,568 [00d37185-0744-49d2-a2a1-ceac977c9e2d@group-1401EE39C5BC-FollowerState] INFO  server.RaftServerConfigKeys (ConfUtils.java:logFallback(53)) - raft.server.rpc.first-election.timeout.min = 5s (fallback to raft.server.rpc.timeout.min)
2023-04-11 11:25:25,568 [pool-586-thread-1] INFO  server.RaftServerConfigKeys (ConfUtils.java:logGet(46)) - raft.server.snapshot.auto.trigger.enabled = true (custom)
2023-04-11 11:25:25,568 [00d37185-0744-49d2-a2a1-ceac977c9e2d@group-1401EE39C5BC-FollowerState] INFO  server.RaftServerConfigKeys (ConfUtils.java:logFallback(53)) - raft.server.rpc.first-election.timeout.max = 5200ms (fallback to raft.server.rpc.timeout.max)
2023-04-11 11:25:25,568 [pool-586-thread-1] INFO  server.RaftServerConfigKeys (ConfUtils.java:logGet(46)) - raft.server.snapshot.auto.trigger.threshold = 10000 (custom)
2023-04-11 11:25:25,568 [pool-586-thread-1] INFO  server.RaftServerConfigKeys (ConfUtils.java:logGet(46)) - raft.server.snapshot.retention.file.num = 5 (custom)
2023-04-11 11:25:25,568 [pool-586-thread-1] INFO  server.RaftServerConfigKeys (ConfUtils.java:logGet(46)) - raft.server.log.purge.upto.snapshot.index = false (default)
2023-04-11 11:25:25,569 [Command processor thread] INFO  ratis.XceiverServerRatis (XceiverServerRatis.java:addGroup(806)) - Created group PipelineID=48148168-a27e-4093-9c75-1401ee39c5bc
2023-04-11 11:25:25,569 [Command processor thread] INFO  commandhandler.CreatePipelineCommandHandler (CreatePipelineCommandHandler.java:handle(113)) - Created Pipeline RATIS ONE PipelineID=48148168-a27e-4093-9c75-1401ee39c5bc.
2023-04-11 11:25:26,540 [Listener at 127.0.0.1/39679] INFO  ozone.MiniOzoneClusterImpl (MiniOzoneClusterImpl.java:lambda$waitForClusterToBeReady$0(222)) - Nodes are ready. Got 5 of 5 DN Heartbeats.
2023-04-11 11:25:26,540 [Listener at 127.0.0.1/39679] INFO  ozone.MiniOzoneClusterImpl (MiniOzoneClusterImpl.java:lambda$waitForClusterToBeReady$0(225)) - Waiting for cluster to exit safe mode
2023-04-11 11:25:26,540 [Listener at 127.0.0.1/39679] INFO  ozone.MiniOzoneClusterImpl (MiniOzoneClusterImpl.java:lambda$waitForClusterToBeReady$0(227)) - SCM became leader
2023-04-11 11:25:27,540 [Listener at 127.0.0.1/39679] INFO  ozone.MiniOzoneClusterImpl (MiniOzoneClusterImpl.java:lambda$waitForClusterToBeReady$0(222)) - Nodes are ready. Got 5 of 5 DN Heartbeats.
2023-04-11 11:25:27,540 [Listener at 127.0.0.1/39679] INFO  ozone.MiniOzoneClusterImpl (MiniOzoneClusterImpl.java:lambda$waitForClusterToBeReady$0(225)) - Waiting for cluster to exit safe mode
2023-04-11 11:25:27,540 [Listener at 127.0.0.1/39679] INFO  ozone.MiniOzoneClusterImpl (MiniOzoneClusterImpl.java:lambda$waitForClusterToBeReady$0(227)) - SCM became leader
2023-04-11 11:25:28,541 [Listener at 127.0.0.1/39679] INFO  ozone.MiniOzoneClusterImpl (MiniOzoneClusterImpl.java:lambda$waitForClusterToBeReady$0(222)) - Nodes are ready. Got 5 of 5 DN Heartbeats.
2023-04-11 11:25:28,541 [Listener at 127.0.0.1/39679] INFO  ozone.MiniOzoneClusterImpl (MiniOzoneClusterImpl.java:lambda$waitForClusterToBeReady$0(225)) - Waiting for cluster to exit safe mode
2023-04-11 11:25:28,541 [Listener at 127.0.0.1/39679] INFO  ozone.MiniOzoneClusterImpl (MiniOzoneClusterImpl.java:lambda$waitForClusterToBeReady$0(227)) - SCM became leader
2023-04-11 11:25:29,207 [c1e7a0ec-ae3b-4726-987d-7d9bf2cc9de6@group-3707CBA54D61-FollowerState] INFO  impl.FollowerState (FollowerState.java:run(143)) - c1e7a0ec-ae3b-4726-987d-7d9bf2cc9de6@group-3707CBA54D61-FollowerState: change to CANDIDATE, lastRpcElapsedTime:5027512019ns, electionTimeout:5027ms
2023-04-11 11:25:29,207 [c1e7a0ec-ae3b-4726-987d-7d9bf2cc9de6@group-3707CBA54D61-FollowerState] INFO  impl.RoleInfo (RoleInfo.java:shutdownFollowerState(110)) - c1e7a0ec-ae3b-4726-987d-7d9bf2cc9de6: shutdown c1e7a0ec-ae3b-4726-987d-7d9bf2cc9de6@group-3707CBA54D61-FollowerState
2023-04-11 11:25:29,207 [c1e7a0ec-ae3b-4726-987d-7d9bf2cc9de6@group-3707CBA54D61-FollowerState] INFO  server.RaftServer$Division (RaftServerImpl.java:setRole(321)) - c1e7a0ec-ae3b-4726-987d-7d9bf2cc9de6@group-3707CBA54D61: changes role from  FOLLOWER to CANDIDATE at term 0 for changeToCandidate
2023-04-11 11:25:29,208 [c1e7a0ec-ae3b-4726-987d-7d9bf2cc9de6@group-3707CBA54D61-FollowerState] INFO  server.RaftServerConfigKeys (ConfUtils.java:logGet(46)) - raft.server.leaderelection.pre-vote = true (default)
2023-04-11 11:25:29,208 [c1e7a0ec-ae3b-4726-987d-7d9bf2cc9de6@group-3707CBA54D61-FollowerState] INFO  impl.RoleInfo (RoleInfo.java:updateAndGet(139)) - c1e7a0ec-ae3b-4726-987d-7d9bf2cc9de6: start c1e7a0ec-ae3b-4726-987d-7d9bf2cc9de6@group-3707CBA54D61-LeaderElection21
2023-04-11 11:25:29,211 [c1e7a0ec-ae3b-4726-987d-7d9bf2cc9de6@group-3707CBA54D61-LeaderElection21] INFO  impl.LeaderElection (LeaderElection.java:askForVotes(312)) - c1e7a0ec-ae3b-4726-987d-7d9bf2cc9de6@group-3707CBA54D61-LeaderElection21 PRE_VOTE round 0: submit vote requests at term 0 for -1: peers:[c1e7a0ec-ae3b-4726-987d-7d9bf2cc9de6|rpc:10.1.0.37:46253|dataStream:10.1.0.37:45319|priority:0|startupRole:FOLLOWER, 27a39a48-bb81-47fe-95ba-2ac18a68ea79|rpc:10.1.0.37:41701|dataStream:10.1.0.37:45441|priority:0|startupRole:FOLLOWER, 05ccd17e-9552-4505-90bd-a622c50008e8|rpc:10.1.0.37:41579|dataStream:10.1.0.37:46539|priority:1|startupRole:FOLLOWER]|listeners:[], old=null
2023-04-11 11:25:29,211 [c1e7a0ec-ae3b-4726-987d-7d9bf2cc9de6@group-3707CBA54D61-LeaderElection21] INFO  server.RaftServerConfigKeys (ConfUtils.java:logFallback(53)) - raft.server.rpc.first-election.timeout.min = 5s (fallback to raft.server.rpc.timeout.min)
2023-04-11 11:25:29,211 [c1e7a0ec-ae3b-4726-987d-7d9bf2cc9de6@group-3707CBA54D61-LeaderElection21-1] INFO  server.GrpcServerProtocolClient (GrpcServerProtocolClient.java:<init>(63)) - Build channel for 27a39a48-bb81-47fe-95ba-2ac18a68ea79
2023-04-11 11:25:29,211 [c1e7a0ec-ae3b-4726-987d-7d9bf2cc9de6@group-3707CBA54D61-LeaderElection21] INFO  server.RaftServerConfigKeys (ConfUtils.java:logFallback(53)) - raft.server.rpc.first-election.timeout.max = 5200ms (fallback to raft.server.rpc.timeout.max)
2023-04-11 11:25:29,212 [c1e7a0ec-ae3b-4726-987d-7d9bf2cc9de6@group-3707CBA54D61-LeaderElection21-2] INFO  server.GrpcServerProtocolClient (GrpcServerProtocolClient.java:<init>(63)) - Build channel for 05ccd17e-9552-4505-90bd-a622c50008e8
2023-04-11 11:25:29,220 [grpc-default-executor-0] INFO  server.RaftServer$Division (RaftServerImpl.java:requestVote(1218)) - 27a39a48-bb81-47fe-95ba-2ac18a68ea79@group-3707CBA54D61: receive requestVote(PRE_VOTE, c1e7a0ec-ae3b-4726-987d-7d9bf2cc9de6, group-3707CBA54D61, 0, (t:0, i:0))
2023-04-11 11:25:29,220 [grpc-default-executor-0] INFO  impl.VoteContext (VoteContext.java:log(49)) - 27a39a48-bb81-47fe-95ba-2ac18a68ea79@group-3707CBA54D61-FOLLOWER: accept PRE_VOTE from c1e7a0ec-ae3b-4726-987d-7d9bf2cc9de6: our priority 0 <= candidate's priority 0
2023-04-11 11:25:29,220 [grpc-default-executor-0] INFO  server.RaftServer$Division (RaftServerImpl.java:requestVote(1251)) - 27a39a48-bb81-47fe-95ba-2ac18a68ea79@group-3707CBA54D61 replies to PRE_VOTE vote request: c1e7a0ec-ae3b-4726-987d-7d9bf2cc9de6<-27a39a48-bb81-47fe-95ba-2ac18a68ea79#0:OK-t0. Peer's state: 27a39a48-bb81-47fe-95ba-2ac18a68ea79@group-3707CBA54D61:t0, leader=null, voted=, raftlog=Memoized:27a39a48-bb81-47fe-95ba-2ac18a68ea79@group-3707CBA54D61-SegmentedRaftLog:OPENED:c-1, conf=-1: peers:[c1e7a0ec-ae3b-4726-987d-7d9bf2cc9de6|rpc:10.1.0.37:46253|dataStream:10.1.0.37:45319|priority:0|startupRole:FOLLOWER, 27a39a48-bb81-47fe-95ba-2ac18a68ea79|rpc:10.1.0.37:41701|dataStream:10.1.0.37:45441|priority:0|startupRole:FOLLOWER, 05ccd17e-9552-4505-90bd-a622c50008e8|rpc:10.1.0.37:41579|dataStream:10.1.0.37:46539|priority:1|startupRole:FOLLOWER]|listeners:[], old=null
2023-04-11 11:25:29,225 [grpc-default-executor-0] INFO  server.RaftServer$Division (RaftServerImpl.java:requestVote(1218)) - 05ccd17e-9552-4505-90bd-a622c50008e8@group-3707CBA54D61: receive requestVote(PRE_VOTE, c1e7a0ec-ae3b-4726-987d-7d9bf2cc9de6, group-3707CBA54D61, 0, (t:0, i:0))
2023-04-11 11:25:29,225 [grpc-default-executor-0] INFO  impl.VoteContext (VoteContext.java:log(49)) - 05ccd17e-9552-4505-90bd-a622c50008e8@group-3707CBA54D61-FOLLOWER: reject PRE_VOTE from c1e7a0ec-ae3b-4726-987d-7d9bf2cc9de6: our priority 1 > candidate's priority 0
2023-04-11 11:25:29,225 [grpc-default-executor-0] INFO  server.RaftServer$Division (RaftServerImpl.java:requestVote(1251)) - 05ccd17e-9552-4505-90bd-a622c50008e8@group-3707CBA54D61 replies to PRE_VOTE vote request: c1e7a0ec-ae3b-4726-987d-7d9bf2cc9de6<-05ccd17e-9552-4505-90bd-a622c50008e8#0:FAIL-t0. Peer's state: 05ccd17e-9552-4505-90bd-a622c50008e8@group-3707CBA54D61:t0, leader=null, voted=, raftlog=Memoized:05ccd17e-9552-4505-90bd-a622c50008e8@group-3707CBA54D61-SegmentedRaftLog:OPENED:c-1, conf=-1: peers:[c1e7a0ec-ae3b-4726-987d-7d9bf2cc9de6|rpc:10.1.0.37:46253|dataStream:10.1.0.37:45319|priority:0|startupRole:FOLLOWER, 27a39a48-bb81-47fe-95ba-2ac18a68ea79|rpc:10.1.0.37:41701|dataStream:10.1.0.37:45441|priority:0|startupRole:FOLLOWER, 05ccd17e-9552-4505-90bd-a622c50008e8|rpc:10.1.0.37:41579|dataStream:10.1.0.37:46539|priority:1|startupRole:FOLLOWER]|listeners:[], old=null
2023-04-11 11:25:29,226 [c1e7a0ec-ae3b-4726-987d-7d9bf2cc9de6@group-3707CBA54D61-LeaderElection21] INFO  impl.LeaderElection (LeaderElection.java:logAndReturn(90)) - c1e7a0ec-ae3b-4726-987d-7d9bf2cc9de6@group-3707CBA54D61-LeaderElection21: PRE_VOTE REJECTED received 2 response(s) and 0 exception(s):
2023-04-11 11:25:29,226 [c1e7a0ec-ae3b-4726-987d-7d9bf2cc9de6@group-3707CBA54D61-LeaderElection21] INFO  impl.LeaderElection (LeaderElection.java:logAndReturn(94)) -   Response 0: c1e7a0ec-ae3b-4726-987d-7d9bf2cc9de6<-27a39a48-bb81-47fe-95ba-2ac18a68ea79#0:OK-t0
2023-04-11 11:25:29,226 [c1e7a0ec-ae3b-4726-987d-7d9bf2cc9de6@group-3707CBA54D61-LeaderElection21] INFO  impl.LeaderElection (LeaderElection.java:logAndReturn(94)) -   Response 1: c1e7a0ec-ae3b-4726-987d-7d9bf2cc9de6<-05ccd17e-9552-4505-90bd-a622c50008e8#0:FAIL-t0
2023-04-11 11:25:29,226 [c1e7a0ec-ae3b-4726-987d-7d9bf2cc9de6@group-3707CBA54D61-LeaderElection21] INFO  impl.LeaderElection (LeaderElection.java:askForVotes(314)) - c1e7a0ec-ae3b-4726-987d-7d9bf2cc9de6@group-3707CBA54D61-LeaderElection21 PRE_VOTE round 0: result REJECTED
2023-04-11 11:25:29,226 [c1e7a0ec-ae3b-4726-987d-7d9bf2cc9de6@group-3707CBA54D61-LeaderElection21] INFO  server.RaftServer$Division (RaftServerImpl.java:setRole(321)) - c1e7a0ec-ae3b-4726-987d-7d9bf2cc9de6@group-3707CBA54D61: changes role from CANDIDATE to FOLLOWER at term 0 for REJECTED
2023-04-11 11:25:29,226 [c1e7a0ec-ae3b-4726-987d-7d9bf2cc9de6@group-3707CBA54D61-LeaderElection21] INFO  impl.RoleInfo (RoleInfo.java:shutdownLeaderElection(130)) - c1e7a0ec-ae3b-4726-987d-7d9bf2cc9de6: shutdown c1e7a0ec-ae3b-4726-987d-7d9bf2cc9de6@group-3707CBA54D61-LeaderElection21
2023-04-11 11:25:29,226 [c1e7a0ec-ae3b-4726-987d-7d9bf2cc9de6@group-3707CBA54D61-LeaderElection21] INFO  impl.RoleInfo (RoleInfo.java:updateAndGet(139)) - c1e7a0ec-ae3b-4726-987d-7d9bf2cc9de6: start c1e7a0ec-ae3b-4726-987d-7d9bf2cc9de6@group-3707CBA54D61-FollowerState
2023-04-11 11:25:29,227 [c1e7a0ec-ae3b-4726-987d-7d9bf2cc9de6@group-3707CBA54D61-FollowerState] INFO  server.RaftServerConfigKeys (ConfUtils.java:logFallback(53)) - raft.server.rpc.first-election.timeout.min = 5s (fallback to raft.server.rpc.timeout.min)
2023-04-11 11:25:29,227 [c1e7a0ec-ae3b-4726-987d-7d9bf2cc9de6@group-3707CBA54D61-FollowerState] INFO  server.RaftServerConfigKeys (ConfUtils.java:logFallback(53)) - raft.server.rpc.first-election.timeout.max = 5200ms (fallback to raft.server.rpc.timeout.max)
2023-04-11 11:25:29,291 [27a39a48-bb81-47fe-95ba-2ac18a68ea79@group-3707CBA54D61-FollowerState] INFO  server.RaftServerConfigKeys (ConfUtils.java:logFallback(53)) - raft.server.rpc.first-election.timeout.min = 5s (fallback to raft.server.rpc.timeout.min)
2023-04-11 11:25:29,291 [27a39a48-bb81-47fe-95ba-2ac18a68ea79@group-3707CBA54D61-FollowerState] INFO  server.RaftServerConfigKeys (ConfUtils.java:logFallback(53)) - raft.server.rpc.first-election.timeout.max = 5200ms (fallback to raft.server.rpc.timeout.max)
2023-04-11 11:25:29,305 [27a39a48-bb81-47fe-95ba-2ac18a68ea79@group-D77A48D10EAB-FollowerState] INFO  impl.FollowerState (FollowerState.java:run(143)) - 27a39a48-bb81-47fe-95ba-2ac18a68ea79@group-D77A48D10EAB-FollowerState: change to CANDIDATE, lastRpcElapsedTime:5189409176ns, electionTimeout:5186ms
2023-04-11 11:25:29,305 [27a39a48-bb81-47fe-95ba-2ac18a68ea79@group-D77A48D10EAB-FollowerState] INFO  impl.RoleInfo (RoleInfo.java:shutdownFollowerState(110)) - 27a39a48-bb81-47fe-95ba-2ac18a68ea79: shutdown 27a39a48-bb81-47fe-95ba-2ac18a68ea79@group-D77A48D10EAB-FollowerState
2023-04-11 11:25:29,305 [27a39a48-bb81-47fe-95ba-2ac18a68ea79@group-D77A48D10EAB-FollowerState] INFO  server.RaftServer$Division (RaftServerImpl.java:setRole(321)) - 27a39a48-bb81-47fe-95ba-2ac18a68ea79@group-D77A48D10EAB: changes role from  FOLLOWER to CANDIDATE at term 0 for changeToCandidate
2023-04-11 11:25:29,305 [27a39a48-bb81-47fe-95ba-2ac18a68ea79@group-D77A48D10EAB-FollowerState] INFO  server.RaftServerConfigKeys (ConfUtils.java:logGet(46)) - raft.server.leaderelection.pre-vote = true (default)
2023-04-11 11:25:29,305 [27a39a48-bb81-47fe-95ba-2ac18a68ea79@group-D77A48D10EAB-FollowerState] INFO  impl.RoleInfo (RoleInfo.java:updateAndGet(139)) - 27a39a48-bb81-47fe-95ba-2ac18a68ea79: start 27a39a48-bb81-47fe-95ba-2ac18a68ea79@group-D77A48D10EAB-LeaderElection22
2023-04-11 11:25:29,309 [27a39a48-bb81-47fe-95ba-2ac18a68ea79@group-D77A48D10EAB-LeaderElection22] INFO  impl.LeaderElection (LeaderElection.java:askForVotes(312)) - 27a39a48-bb81-47fe-95ba-2ac18a68ea79@group-D77A48D10EAB-LeaderElection22 PRE_VOTE round 0: submit vote requests at term 0 for -1: peers:[27a39a48-bb81-47fe-95ba-2ac18a68ea79|rpc:10.1.0.37:41701|dataStream:10.1.0.37:45441|priority:1|startupRole:FOLLOWER]|listeners:[], old=null
2023-04-11 11:25:29,309 [27a39a48-bb81-47fe-95ba-2ac18a68ea79@group-D77A48D10EAB-LeaderElection22] INFO  impl.LeaderElection (LeaderElection.java:askForVotes(314)) - 27a39a48-bb81-47fe-95ba-2ac18a68ea79@group-D77A48D10EAB-LeaderElection22 PRE_VOTE round 0: result PASSED (term=0)
2023-04-11 11:25:29,311 [27a39a48-bb81-47fe-95ba-2ac18a68ea79@group-D77A48D10EAB-LeaderElection22] INFO  impl.LeaderElection (LeaderElection.java:askForVotes(312)) - 27a39a48-bb81-47fe-95ba-2ac18a68ea79@group-D77A48D10EAB-LeaderElection22 ELECTION round 0: submit vote requests at term 1 for -1: peers:[27a39a48-bb81-47fe-95ba-2ac18a68ea79|rpc:10.1.0.37:41701|dataStream:10.1.0.37:45441|priority:1|startupRole:FOLLOWER]|listeners:[], old=null
2023-04-11 11:25:29,311 [27a39a48-bb81-47fe-95ba-2ac18a68ea79@group-D77A48D10EAB-LeaderElection22] INFO  impl.LeaderElection (LeaderElection.java:askForVotes(314)) - 27a39a48-bb81-47fe-95ba-2ac18a68ea79@group-D77A48D10EAB-LeaderElection22 ELECTION round 0: result PASSED (term=1)
2023-04-11 11:25:29,311 [27a39a48-bb81-47fe-95ba-2ac18a68ea79@group-D77A48D10EAB-LeaderElection22] INFO  impl.RoleInfo (RoleInfo.java:shutdownLeaderElection(130)) - 27a39a48-bb81-47fe-95ba-2ac18a68ea79: shutdown 27a39a48-bb81-47fe-95ba-2ac18a68ea79@group-D77A48D10EAB-LeaderElection22
2023-04-11 11:25:29,311 [27a39a48-bb81-47fe-95ba-2ac18a68ea79@group-D77A48D10EAB-LeaderElection22] INFO  server.RaftServer$Division (RaftServerImpl.java:setRole(321)) - 27a39a48-bb81-47fe-95ba-2ac18a68ea79@group-D77A48D10EAB: changes role from CANDIDATE to LEADER at term 1 for changeToLeader
2023-04-11 11:25:29,311 [27a39a48-bb81-47fe-95ba-2ac18a68ea79@group-D77A48D10EAB-LeaderElection22] INFO  ratis.XceiverServerRatis (XceiverServerRatis.java:handleLeaderChangedNotification(904)) - Leader change notification received for group: group-D77A48D10EAB with new leaderId: 27a39a48-bb81-47fe-95ba-2ac18a68ea79
2023-04-11 11:25:29,311 [27a39a48-bb81-47fe-95ba-2ac18a68ea79@group-D77A48D10EAB-LeaderElection22] INFO  server.RaftServer$Division (ServerState.java:setLeader(313)) - 27a39a48-bb81-47fe-95ba-2ac18a68ea79@group-D77A48D10EAB: change Leader from null to 27a39a48-bb81-47fe-95ba-2ac18a68ea79 at term 1 for becomeLeader, leader elected after 5211ms
2023-04-11 11:25:29,311 [27a39a48-bb81-47fe-95ba-2ac18a68ea79@group-D77A48D10EAB-LeaderElection22] INFO  server.RaftServerConfigKeys (ConfUtils.java:logGet(46)) - raft.server.staging.catchup.gap = 1000 (default)
2023-04-11 11:25:29,312 [27a39a48-bb81-47fe-95ba-2ac18a68ea79@group-D77A48D10EAB-LeaderElection22] INFO  server.RaftServerConfigKeys (ConfUtils.java:logGet(46)) - raft.server.write.element-limit = 1024 (custom)
2023-04-11 11:25:29,312 [EventQueue-OpenPipelineForHealthyPipelineSafeModeRule] INFO  safemode.SCMSafeModeManager (HealthyPipelineSafeModeRule.java:process(137)) - SCM in safe mode. Healthy pipelines reported count is 0, required healthy pipeline reported count is 1
2023-04-11 11:25:29,312 [27a39a48-bb81-47fe-95ba-2ac18a68ea79@group-D77A48D10EAB-LeaderElection22] INFO  server.RaftServerConfigKeys (ConfUtils.java:logGet(46)) - raft.server.write.byte-limit = 1024 M (=1073741824) (custom)
2023-04-11 11:25:29,313 [27a39a48-bb81-47fe-95ba-2ac18a68ea79@group-D77A48D10EAB-LeaderElection22] INFO  server.RaftServerConfigKeys (ConfUtils.java:logGet(46)) - raft.server.watch.timeout = 180s (custom)
2023-04-11 11:25:29,313 [27a39a48-bb81-47fe-95ba-2ac18a68ea79@group-D77A48D10EAB-LeaderElection22] INFO  server.RaftServerConfigKeys (ConfUtils.java:logGet(46)) - raft.server.watch.timeout.denomination = 1s (default)
2023-04-11 11:25:29,313 [27a39a48-bb81-47fe-95ba-2ac18a68ea79@group-D77A48D10EAB-LeaderElection22] INFO  server.RaftServerConfigKeys (ConfUtils.java:logGet(46)) - raft.server.watch.element-limit = 65536 (default)
2023-04-11 11:25:29,313 [27a39a48-bb81-47fe-95ba-2ac18a68ea79@group-D77A48D10EAB-LeaderElection22] INFO  server.RaftServerConfigKeys (ConfUtils.java:logGet(46)) - raft.server.write.element-limit = 1024 (custom)
2023-04-11 11:25:29,313 [27a39a48-bb81-47fe-95ba-2ac18a68ea79@group-D77A48D10EAB-LeaderElection22] INFO  server.RaftServerConfigKeys (ConfUtils.java:logGet(46)) - raft.server.write.follower.gap.ratio.max = -1.0 (default)
2023-04-11 11:25:29,313 [27a39a48-bb81-47fe-95ba-2ac18a68ea79@group-D77A48D10EAB-LeaderElection22] INFO  impl.RoleInfo (RoleInfo.java:updateAndGet(139)) - 27a39a48-bb81-47fe-95ba-2ac18a68ea79: start 27a39a48-bb81-47fe-95ba-2ac18a68ea79@group-D77A48D10EAB-LeaderStateImpl
2023-04-11 11:25:29,313 [27a39a48-bb81-47fe-95ba-2ac18a68ea79@group-D77A48D10EAB-LeaderElection22] INFO  segmented.SegmentedRaftLogWorker (SegmentedRaftLogWorker.java:startLogSegment(452)) - 27a39a48-bb81-47fe-95ba-2ac18a68ea79@group-D77A48D10EAB-SegmentedRaftLogWorker: Starting segment from index:0
2023-04-11 11:25:29,315 [27a39a48-bb81-47fe-95ba-2ac18a68ea79@group-D77A48D10EAB-SegmentedRaftLogWorker] INFO  segmented.SegmentedRaftLogWorker (SegmentedRaftLogWorker.java:execute(656)) - 27a39a48-bb81-47fe-95ba-2ac18a68ea79@group-D77A48D10EAB-SegmentedRaftLogWorker: created new log segment /home/runner/work/ozone/ozone/hadoop-ozone/integration-test/target/test-dir/MiniOzoneClusterImpl-1c4368e0-208c-48c5-9b0c-56c20ccf1352/datanode-0/data/ratis/4966614c-3fc6-4167-93ae-d77a48d10eab/current/log_inprogress_0
2023-04-11 11:25:29,319 [27a39a48-bb81-47fe-95ba-2ac18a68ea79@group-D77A48D10EAB-LeaderElection22] INFO  server.RaftServer$Division (ServerState.java:setRaftConf(430)) - 27a39a48-bb81-47fe-95ba-2ac18a68ea79@group-D77A48D10EAB: set configuration 0: peers:[27a39a48-bb81-47fe-95ba-2ac18a68ea79|rpc:10.1.0.37:41701|dataStream:10.1.0.37:45441|priority:1|startupRole:FOLLOWER]|listeners:[], old=null
2023-04-11 11:25:29,443 [05ccd17e-9552-4505-90bd-a622c50008e8@group-3707CBA54D61-FollowerState] INFO  impl.FollowerState (FollowerState.java:run(143)) - 05ccd17e-9552-4505-90bd-a622c50008e8@group-3707CBA54D61-FollowerState: change to CANDIDATE, lastRpcElapsedTime:5105163450ns, electionTimeout:5102ms
2023-04-11 11:25:29,443 [05ccd17e-9552-4505-90bd-a622c50008e8@group-3707CBA54D61-FollowerState] INFO  impl.RoleInfo (RoleInfo.java:shutdownFollowerState(110)) - 05ccd17e-9552-4505-90bd-a622c50008e8: shutdown 05ccd17e-9552-4505-90bd-a622c50008e8@group-3707CBA54D61-FollowerState
2023-04-11 11:25:29,443 [05ccd17e-9552-4505-90bd-a622c50008e8@group-3707CBA54D61-FollowerState] INFO  server.RaftServer$Division (RaftServerImpl.java:setRole(321)) - 05ccd17e-9552-4505-90bd-a622c50008e8@group-3707CBA54D61: changes role from  FOLLOWER to CANDIDATE at term 0 for changeToCandidate
2023-04-11 11:25:29,443 [05ccd17e-9552-4505-90bd-a622c50008e8@group-3707CBA54D61-FollowerState] INFO  server.RaftServerConfigKeys (ConfUtils.java:logGet(46)) - raft.server.leaderelection.pre-vote = true (default)
2023-04-11 11:25:29,443 [05ccd17e-9552-4505-90bd-a622c50008e8@group-3707CBA54D61-FollowerState] INFO  impl.RoleInfo (RoleInfo.java:updateAndGet(139)) - 05ccd17e-9552-4505-90bd-a622c50008e8: start 05ccd17e-9552-4505-90bd-a622c50008e8@group-3707CBA54D61-LeaderElection23
2023-04-11 11:25:29,444 [05ccd17e-9552-4505-90bd-a622c50008e8@group-3707CBA54D61-LeaderElection23] INFO  impl.LeaderElection (LeaderElection.java:askForVotes(312)) - 05ccd17e-9552-4505-90bd-a622c50008e8@group-3707CBA54D61-LeaderElection23 PRE_VOTE round 0: submit vote requests at term 0 for -1: peers:[c1e7a0ec-ae3b-4726-987d-7d9bf2cc9de6|rpc:10.1.0.37:46253|dataStream:10.1.0.37:45319|priority:0|startupRole:FOLLOWER, 27a39a48-bb81-47fe-95ba-2ac18a68ea79|rpc:10.1.0.37:41701|dataStream:10.1.0.37:45441|priority:0|startupRole:FOLLOWER, 05ccd17e-9552-4505-90bd-a622c50008e8|rpc:10.1.0.37:41579|dataStream:10.1.0.37:46539|priority:1|startupRole:FOLLOWER]|listeners:[], old=null
2023-04-11 11:25:29,446 [05ccd17e-9552-4505-90bd-a622c50008e8@group-3707CBA54D61-LeaderElection23-1] INFO  server.GrpcServerProtocolClient (GrpcServerProtocolClient.java:<init>(63)) - Build channel for c1e7a0ec-ae3b-4726-987d-7d9bf2cc9de6
2023-04-11 11:25:29,446 [05ccd17e-9552-4505-90bd-a622c50008e8@group-3707CBA54D61-LeaderElection23] INFO  server.RaftServerConfigKeys (ConfUtils.java:logFallback(53)) - raft.server.rpc.first-election.timeout.min = 5s (fallback to raft.server.rpc.timeout.min)
2023-04-11 11:25:29,446 [05ccd17e-9552-4505-90bd-a622c50008e8@group-3707CBA54D61-LeaderElection23] INFO  server.RaftServerConfigKeys (ConfUtils.java:logFallback(53)) - raft.server.rpc.first-election.timeout.max = 5200ms (fallback to raft.server.rpc.timeout.max)
2023-04-11 11:25:29,446 [05ccd17e-9552-4505-90bd-a622c50008e8@group-3707CBA54D61-LeaderElection23-2] INFO  server.GrpcServerProtocolClient (GrpcServerProtocolClient.java:<init>(63)) - Build channel for 27a39a48-bb81-47fe-95ba-2ac18a68ea79
2023-04-11 11:25:29,465 [grpc-default-executor-0] INFO  server.RaftServer$Division (RaftServerImpl.java:requestVote(1218)) - c1e7a0ec-ae3b-4726-987d-7d9bf2cc9de6@group-3707CBA54D61: receive requestVote(PRE_VOTE, 05ccd17e-9552-4505-90bd-a622c50008e8, group-3707CBA54D61, 0, (t:0, i:0))
2023-04-11 11:25:29,465 [grpc-default-executor-0] INFO  impl.VoteContext (VoteContext.java:log(49)) - c1e7a0ec-ae3b-4726-987d-7d9bf2cc9de6@group-3707CBA54D61-FOLLOWER: accept PRE_VOTE from 05ccd17e-9552-4505-90bd-a622c50008e8: our priority 0 <= candidate's priority 1
2023-04-11 11:25:29,465 [grpc-default-executor-0] INFO  server.RaftServer$Division (RaftServerImpl.java:requestVote(1251)) - c1e7a0ec-ae3b-4726-987d-7d9bf2cc9de6@group-3707CBA54D61 replies to PRE_VOTE vote request: 05ccd17e-9552-4505-90bd-a622c50008e8<-c1e7a0ec-ae3b-4726-987d-7d9bf2cc9de6#0:OK-t0. Peer's state: c1e7a0ec-ae3b-4726-987d-7d9bf2cc9de6@group-3707CBA54D61:t0, leader=null, voted=, raftlog=Memoized:c1e7a0ec-ae3b-4726-987d-7d9bf2cc9de6@group-3707CBA54D61-SegmentedRaftLog:OPENED:c-1, conf=-1: peers:[c1e7a0ec-ae3b-4726-987d-7d9bf2cc9de6|rpc:10.1.0.37:46253|dataStream:10.1.0.37:45319|priority:0|startupRole:FOLLOWER, 27a39a48-bb81-47fe-95ba-2ac18a68ea79|rpc:10.1.0.37:41701|dataStream:10.1.0.37:45441|priority:0|startupRole:FOLLOWER, 05ccd17e-9552-4505-90bd-a622c50008e8|rpc:10.1.0.37:41579|dataStream:10.1.0.37:46539|priority:1|startupRole:FOLLOWER]|listeners:[], old=null
2023-04-11 11:25:29,465 [grpc-default-executor-1] INFO  server.RaftServer$Division (RaftServerImpl.java:requestVote(1218)) - 27a39a48-bb81-47fe-95ba-2ac18a68ea79@group-3707CBA54D61: receive requestVote(PRE_VOTE, 05ccd17e-9552-4505-90bd-a622c50008e8, group-3707CBA54D61, 0, (t:0, i:0))
2023-04-11 11:25:29,465 [grpc-default-executor-1] INFO  impl.VoteContext (VoteContext.java:log(49)) - 27a39a48-bb81-47fe-95ba-2ac18a68ea79@group-3707CBA54D61-FOLLOWER: accept PRE_VOTE from 05ccd17e-9552-4505-90bd-a622c50008e8: our priority 0 <= candidate's priority 1
2023-04-11 11:25:29,465 [grpc-default-executor-1] INFO  server.RaftServer$Division (RaftServerImpl.java:requestVote(1251)) - 27a39a48-bb81-47fe-95ba-2ac18a68ea79@group-3707CBA54D61 replies to PRE_VOTE vote request: 05ccd17e-9552-4505-90bd-a622c50008e8<-27a39a48-bb81-47fe-95ba-2ac18a68ea79#0:OK-t0. Peer's state: 27a39a48-bb81-47fe-95ba-2ac18a68ea79@group-3707CBA54D61:t0, leader=null, voted=, raftlog=Memoized:27a39a48-bb81-47fe-95ba-2ac18a68ea79@group-3707CBA54D61-SegmentedRaftLog:OPENED:c-1, conf=-1: peers:[c1e7a0ec-ae3b-4726-987d-7d9bf2cc9de6|rpc:10.1.0.37:46253|dataStream:10.1.0.37:45319|priority:0|startupRole:FOLLOWER, 27a39a48-bb81-47fe-95ba-2ac18a68ea79|rpc:10.1.0.37:41701|dataStream:10.1.0.37:45441|priority:0|startupRole:FOLLOWER, 05ccd17e-9552-4505-90bd-a622c50008e8|rpc:10.1.0.37:41579|dataStream:10.1.0.37:46539|priority:1|startupRole:FOLLOWER]|listeners:[], old=null
2023-04-11 11:25:29,466 [05ccd17e-9552-4505-90bd-a622c50008e8@group-3707CBA54D61-LeaderElection23] INFO  impl.LeaderElection (LeaderElection.java:logAndReturn(90)) - 05ccd17e-9552-4505-90bd-a622c50008e8@group-3707CBA54D61-LeaderElection23: PRE_VOTE PASSED received 1 response(s) and 0 exception(s):
2023-04-11 11:25:29,466 [05ccd17e-9552-4505-90bd-a622c50008e8@group-3707CBA54D61-LeaderElection23] INFO  impl.LeaderElection (LeaderElection.java:logAndReturn(94)) -   Response 0: 05ccd17e-9552-4505-90bd-a622c50008e8<-c1e7a0ec-ae3b-4726-987d-7d9bf2cc9de6#0:OK-t0
2023-04-11 11:25:29,466 [05ccd17e-9552-4505-90bd-a622c50008e8@group-3707CBA54D61-LeaderElection23] INFO  impl.LeaderElection (LeaderElection.java:askForVotes(314)) - 05ccd17e-9552-4505-90bd-a622c50008e8@group-3707CBA54D61-LeaderElection23 PRE_VOTE round 0: result PASSED
2023-04-11 11:25:29,471 [05ccd17e-9552-4505-90bd-a622c50008e8@group-3707CBA54D61-LeaderElection23] INFO  impl.LeaderElection (LeaderElection.java:askForVotes(312)) - 05ccd17e-9552-4505-90bd-a622c50008e8@group-3707CBA54D61-LeaderElection23 ELECTION round 0: submit vote requests at term 1 for -1: peers:[c1e7a0ec-ae3b-4726-987d-7d9bf2cc9de6|rpc:10.1.0.37:46253|dataStream:10.1.0.37:45319|priority:0|startupRole:FOLLOWER, 27a39a48-bb81-47fe-95ba-2ac18a68ea79|rpc:10.1.0.37:41701|dataStream:10.1.0.37:45441|priority:0|startupRole:FOLLOWER, 05ccd17e-9552-4505-90bd-a622c50008e8|rpc:10.1.0.37:41579|dataStream:10.1.0.37:46539|priority:1|startupRole:FOLLOWER]|listeners:[], old=null
2023-04-11 11:25:29,474 [05ccd17e-9552-4505-90bd-a622c50008e8@group-3707CBA54D61-LeaderElection23] INFO  server.RaftServerConfigKeys (ConfUtils.java:logFallback(53)) - raft.server.rpc.first-election.timeout.min = 5s (fallback to raft.server.rpc.timeout.min)
2023-04-11 11:25:29,474 [05ccd17e-9552-4505-90bd-a622c50008e8@group-3707CBA54D61-LeaderElection23] INFO  server.RaftServerConfigKeys (ConfUtils.java:logFallback(53)) - raft.server.rpc.first-election.timeout.max = 5200ms (fallback to raft.server.rpc.timeout.max)
2023-04-11 11:25:29,478 [grpc-default-executor-1] INFO  server.RaftServer$Division (RaftServerImpl.java:requestVote(1218)) - c1e7a0ec-ae3b-4726-987d-7d9bf2cc9de6@group-3707CBA54D61: receive requestVote(ELECTION, 05ccd17e-9552-4505-90bd-a622c50008e8, group-3707CBA54D61, 1, (t:0, i:0))
2023-04-11 11:25:29,479 [grpc-default-executor-1] INFO  impl.VoteContext (VoteContext.java:log(49)) - c1e7a0ec-ae3b-4726-987d-7d9bf2cc9de6@group-3707CBA54D61-FOLLOWER: accept ELECTION from 05ccd17e-9552-4505-90bd-a622c50008e8: our priority 0 <= candidate's priority 1
2023-04-11 11:25:29,479 [grpc-default-executor-1] INFO  server.RaftServer$Division (RaftServerImpl.java:setRole(321)) - c1e7a0ec-ae3b-4726-987d-7d9bf2cc9de6@group-3707CBA54D61: changes role from  FOLLOWER to FOLLOWER at term 1 for candidate:05ccd17e-9552-4505-90bd-a622c50008e8
2023-04-11 11:25:29,479 [grpc-default-executor-1] INFO  impl.RoleInfo (RoleInfo.java:shutdownFollowerState(110)) - c1e7a0ec-ae3b-4726-987d-7d9bf2cc9de6: shutdown c1e7a0ec-ae3b-4726-987d-7d9bf2cc9de6@group-3707CBA54D61-FollowerState
2023-04-11 11:25:29,479 [grpc-default-executor-1] INFO  impl.RoleInfo (RoleInfo.java:updateAndGet(139)) - c1e7a0ec-ae3b-4726-987d-7d9bf2cc9de6: start c1e7a0ec-ae3b-4726-987d-7d9bf2cc9de6@group-3707CBA54D61-FollowerState
2023-04-11 11:25:29,479 [c1e7a0ec-ae3b-4726-987d-7d9bf2cc9de6@group-3707CBA54D61-FollowerState] INFO  impl.FollowerState (FollowerState.java:run(152)) - c1e7a0ec-ae3b-4726-987d-7d9bf2cc9de6@group-3707CBA54D61-FollowerState was interrupted
2023-04-11 11:25:29,482 [c1e7a0ec-ae3b-4726-987d-7d9bf2cc9de6@group-3707CBA54D61-FollowerState] INFO  server.RaftServerConfigKeys (ConfUtils.java:logFallback(53)) - raft.server.rpc.first-election.timeout.min = 5s (fallback to raft.server.rpc.timeout.min)
2023-04-11 11:25:29,482 [c1e7a0ec-ae3b-4726-987d-7d9bf2cc9de6@group-3707CBA54D61-FollowerState] INFO  server.RaftServerConfigKeys (ConfUtils.java:logFallback(53)) - raft.server.rpc.first-election.timeout.max = 5200ms (fallback to raft.server.rpc.timeout.max)
2023-04-11 11:25:29,483 [grpc-default-executor-1] INFO  server.RaftServer$Division (RaftServerImpl.java:requestVote(1251)) - c1e7a0ec-ae3b-4726-987d-7d9bf2cc9de6@group-3707CBA54D61 replies to ELECTION vote request: 05ccd17e-9552-4505-90bd-a622c50008e8<-c1e7a0ec-ae3b-4726-987d-7d9bf2cc9de6#0:OK-t1. Peer's state: c1e7a0ec-ae3b-4726-987d-7d9bf2cc9de6@group-3707CBA54D61:t1, leader=null, voted=05ccd17e-9552-4505-90bd-a622c50008e8, raftlog=Memoized:c1e7a0ec-ae3b-4726-987d-7d9bf2cc9de6@group-3707CBA54D61-SegmentedRaftLog:OPENED:c-1, conf=-1: peers:[c1e7a0ec-ae3b-4726-987d-7d9bf2cc9de6|rpc:10.1.0.37:46253|dataStream:10.1.0.37:45319|priority:0|startupRole:FOLLOWER, 27a39a48-bb81-47fe-95ba-2ac18a68ea79|rpc:10.1.0.37:41701|dataStream:10.1.0.37:45441|priority:0|startupRole:FOLLOWER, 05ccd17e-9552-4505-90bd-a622c50008e8|rpc:10.1.0.37:41579|dataStream:10.1.0.37:46539|priority:1|startupRole:FOLLOWER]|listeners:[], old=null
2023-04-11 11:25:29,484 [grpc-default-executor-0] INFO  server.RaftServer$Division (RaftServerImpl.java:requestVote(1218)) - 27a39a48-bb81-47fe-95ba-2ac18a68ea79@group-3707CBA54D61: receive requestVote(ELECTION, 05ccd17e-9552-4505-90bd-a622c50008e8, group-3707CBA54D61, 1, (t:0, i:0))
2023-04-11 11:25:29,484 [grpc-default-executor-0] INFO  impl.VoteContext (VoteContext.java:log(49)) - 27a39a48-bb81-47fe-95ba-2ac18a68ea79@group-3707CBA54D61-FOLLOWER: accept ELECTION from 05ccd17e-9552-4505-90bd-a622c50008e8: our priority 0 <= candidate's priority 1
2023-04-11 11:25:29,484 [grpc-default-executor-0] INFO  server.RaftServer$Division (RaftServerImpl.java:setRole(321)) - 27a39a48-bb81-47fe-95ba-2ac18a68ea79@group-3707CBA54D61: changes role from  FOLLOWER to FOLLOWER at term 1 for candidate:05ccd17e-9552-4505-90bd-a622c50008e8
2023-04-11 11:25:29,484 [grpc-default-executor-0] INFO  impl.RoleInfo (RoleInfo.java:shutdownFollowerState(110)) - 27a39a48-bb81-47fe-95ba-2ac18a68ea79: shutdown 27a39a48-bb81-47fe-95ba-2ac18a68ea79@group-3707CBA54D61-FollowerState
2023-04-11 11:25:29,484 [grpc-default-executor-0] INFO  impl.RoleInfo (RoleInfo.java:updateAndGet(139)) - 27a39a48-bb81-47fe-95ba-2ac18a68ea79: start 27a39a48-bb81-47fe-95ba-2ac18a68ea79@group-3707CBA54D61-FollowerState
2023-04-11 11:25:29,484 [27a39a48-bb81-47fe-95ba-2ac18a68ea79@group-3707CBA54D61-FollowerState] INFO  impl.FollowerState (FollowerState.java:run(152)) - 27a39a48-bb81-47fe-95ba-2ac18a68ea79@group-3707CBA54D61-FollowerState was interrupted
2023-04-11 11:25:29,485 [27a39a48-bb81-47fe-95ba-2ac18a68ea79@group-3707CBA54D61-FollowerState] INFO  server.RaftServerConfigKeys (ConfUtils.java:logFallback(53)) - raft.server.rpc.first-election.timeout.min = 5s (fallback to raft.server.rpc.timeout.min)
2023-04-11 11:25:29,485 [27a39a48-bb81-47fe-95ba-2ac18a68ea79@group-3707CBA54D61-FollowerState] INFO  server.RaftServerConfigKeys (ConfUtils.java:logFallback(53)) - raft.server.rpc.first-election.timeout.max = 5200ms (fallback to raft.server.rpc.timeout.max)
2023-04-11 11:25:29,486 [05ccd17e-9552-4505-90bd-a622c50008e8@group-3707CBA54D61-LeaderElection23] INFO  impl.LeaderElection (LeaderElection.java:logAndReturn(90)) - 05ccd17e-9552-4505-90bd-a622c50008e8@group-3707CBA54D61-LeaderElection23: ELECTION PASSED received 1 response(s) and 0 exception(s):
2023-04-11 11:25:29,486 [05ccd17e-9552-4505-90bd-a622c50008e8@group-3707CBA54D61-LeaderElection23] INFO  impl.LeaderElection (LeaderElection.java:logAndReturn(94)) -   Response 0: 05ccd17e-9552-4505-90bd-a622c50008e8<-c1e7a0ec-ae3b-4726-987d-7d9bf2cc9de6#0:OK-t1
2023-04-11 11:25:29,486 [grpc-default-executor-0] INFO  server.RaftServer$Division (RaftServerImpl.java:requestVote(1251)) - 27a39a48-bb81-47fe-95ba-2ac18a68ea79@group-3707CBA54D61 replies to ELECTION vote request: 05ccd17e-9552-4505-90bd-a622c50008e8<-27a39a48-bb81-47fe-95ba-2ac18a68ea79#0:OK-t1. Peer's state: 27a39a48-bb81-47fe-95ba-2ac18a68ea79@group-3707CBA54D61:t1, leader=null, voted=05ccd17e-9552-4505-90bd-a622c50008e8, raftlog=Memoized:27a39a48-bb81-47fe-95ba-2ac18a68ea79@group-3707CBA54D61-SegmentedRaftLog:OPENED:c-1, conf=-1: peers:[c1e7a0ec-ae3b-4726-987d-7d9bf2cc9de6|rpc:10.1.0.37:46253|dataStream:10.1.0.37:45319|priority:0|startupRole:FOLLOWER, 27a39a48-bb81-47fe-95ba-2ac18a68ea79|rpc:10.1.0.37:41701|dataStream:10.1.0.37:45441|priority:0|startupRole:FOLLOWER, 05ccd17e-9552-4505-90bd-a622c50008e8|rpc:10.1.0.37:41579|dataStream:10.1.0.37:46539|priority:1|startupRole:FOLLOWER]|listeners:[], old=null
2023-04-11 11:25:29,486 [05ccd17e-9552-4505-90bd-a622c50008e8@group-3707CBA54D61-LeaderElection23] INFO  impl.LeaderElection (LeaderElection.java:askForVotes(314)) - 05ccd17e-9552-4505-90bd-a622c50008e8@group-3707CBA54D61-LeaderElection23 ELECTION round 0: result PASSED
2023-04-11 11:25:29,486 [05ccd17e-9552-4505-90bd-a622c50008e8@group-3707CBA54D61-LeaderElection23] INFO  impl.RoleInfo (RoleInfo.java:shutdownLeaderElection(130)) - 05ccd17e-9552-4505-90bd-a622c50008e8: shutdown 05ccd17e-9552-4505-90bd-a622c50008e8@group-3707CBA54D61-LeaderElection23
2023-04-11 11:25:29,486 [05ccd17e-9552-4505-90bd-a622c50008e8@group-3707CBA54D61-LeaderElection23] INFO  server.RaftServer$Division (RaftServerImpl.java:setRole(321)) - 05ccd17e-9552-4505-90bd-a622c50008e8@group-3707CBA54D61: changes role from CANDIDATE to LEADER at term 1 for changeToLeader
2023-04-11 11:25:29,486 [05ccd17e-9552-4505-90bd-a622c50008e8@group-3707CBA54D61-LeaderElection23] INFO  ratis.XceiverServerRatis (XceiverServerRatis.java:handleLeaderChangedNotification(904)) - Leader change notification received for group: group-3707CBA54D61 with new leaderId: 05ccd17e-9552-4505-90bd-a622c50008e8
2023-04-11 11:25:29,486 [05ccd17e-9552-4505-90bd-a622c50008e8@group-3707CBA54D61-LeaderElection23] INFO  server.RaftServer$Division (ServerState.java:setLeader(313)) - 05ccd17e-9552-4505-90bd-a622c50008e8@group-3707CBA54D61: change Leader from null to 05ccd17e-9552-4505-90bd-a622c50008e8 at term 1 for becomeLeader, leader elected after 5288ms
2023-04-11 11:25:29,486 [05ccd17e-9552-4505-90bd-a622c50008e8@group-3707CBA54D61-LeaderElection23] INFO  server.RaftServerConfigKeys (ConfUtils.java:logGet(46)) - raft.server.staging.catchup.gap = 1000 (default)
2023-04-11 11:25:29,487 [05ccd17e-9552-4505-90bd-a622c50008e8@group-3707CBA54D61-LeaderElection23] INFO  server.RaftServerConfigKeys (ConfUtils.java:logGet(46)) - raft.server.write.element-limit = 1024 (custom)
2023-04-11 11:25:29,487 [05ccd17e-9552-4505-90bd-a622c50008e8@group-3707CBA54D61-LeaderElection23] INFO  server.RaftServerConfigKeys (ConfUtils.java:logGet(46)) - raft.server.write.byte-limit = 1024 M (=1073741824) (custom)
2023-04-11 11:25:29,487 [05ccd17e-9552-4505-90bd-a622c50008e8@group-3707CBA54D61-LeaderElection23] INFO  server.RaftServerConfigKeys (ConfUtils.java:logGet(46)) - raft.server.watch.timeout = 180s (custom)
2023-04-11 11:25:29,487 [05ccd17e-9552-4505-90bd-a622c50008e8@group-3707CBA54D61-LeaderElection23] INFO  server.RaftServerConfigKeys (ConfUtils.java:logGet(46)) - raft.server.watch.timeout.denomination = 1s (default)
2023-04-11 11:25:29,487 [05ccd17e-9552-4505-90bd-a622c50008e8@group-3707CBA54D61-LeaderElection23] INFO  server.RaftServerConfigKeys (ConfUtils.java:logGet(46)) - raft.server.watch.element-limit = 65536 (default)
2023-04-11 11:25:29,487 [05ccd17e-9552-4505-90bd-a622c50008e8@group-3707CBA54D61-LeaderElection23] INFO  server.RaftServerConfigKeys (ConfUtils.java:logGet(46)) - raft.server.write.element-limit = 1024 (custom)
2023-04-11 11:25:29,487 [05ccd17e-9552-4505-90bd-a622c50008e8@group-3707CBA54D61-LeaderElection23] INFO  server.RaftServerConfigKeys (ConfUtils.java:logGet(46)) - raft.server.write.follower.gap.ratio.max = -1.0 (default)
2023-04-11 11:25:29,487 [05ccd17e-9552-4505-90bd-a622c50008e8@group-3707CBA54D61-LeaderElection23] INFO  server.RaftServerConfigKeys (ConfUtils.java:logGet(46)) - raft.server.log.appender.snapshot.chunk.size.max = 16MB (=16777216) (default)
2023-04-11 11:25:29,487 [05ccd17e-9552-4505-90bd-a622c50008e8@group-3707CBA54D61-LeaderElection23] INFO  server.RaftServerConfigKeys (ConfUtils.java:logGet(46)) - raft.server.log.appender.buffer.byte-limit = 33554432 (custom)
2023-04-11 11:25:29,487 [05ccd17e-9552-4505-90bd-a622c50008e8@group-3707CBA54D61-LeaderElection23] INFO  server.RaftServerConfigKeys (ConfUtils.java:logGet(46)) - raft.server.log.appender.buffer.element-limit = 1 (custom)
2023-04-11 11:25:29,487 [05ccd17e-9552-4505-90bd-a622c50008e8@group-3707CBA54D61-LeaderElection23] INFO  grpc.GrpcConfigKeys (ConfUtils.java:logGet(46)) - raft.grpc.server.leader.outstanding.appends.max = 128 (default)
2023-04-11 11:25:29,488 [05ccd17e-9552-4505-90bd-a622c50008e8@group-3707CBA54D61-LeaderElection23] INFO  server.RaftServerConfigKeys (ConfUtils.java:logGet(46)) - raft.server.rpc.request.timeout = 60s (custom)
2023-04-11 11:25:29,488 [05ccd17e-9552-4505-90bd-a622c50008e8@group-3707CBA54D61-LeaderElection23] INFO  server.RaftServerConfigKeys (ConfUtils.java:logGet(46)) - raft.server.log.appender.install.snapshot.enabled = false (custom)
2023-04-11 11:25:29,488 [05ccd17e-9552-4505-90bd-a622c50008e8@group-3707CBA54D61-LeaderElection23] INFO  grpc.GrpcConfigKeys (ConfUtils.java:logGet(46)) - raft.grpc.server.heartbeat.channel = true (default)
2023-04-11 11:25:29,488 [05ccd17e-9552-4505-90bd-a622c50008e8@group-3707CBA54D61-LeaderElection23] INFO  server.RaftServerConfigKeys (ConfUtils.java:logGet(46)) - raft.server.log.appender.wait-time.min = 10ms (default)
2023-04-11 11:25:29,488 [05ccd17e-9552-4505-90bd-a622c50008e8@group-3707CBA54D61-LeaderElection23] INFO  server.RaftServerConfigKeys (ConfUtils.java:logGet(46)) - raft.server.log.appender.snapshot.chunk.size.max = 16MB (=16777216) (default)
2023-04-11 11:25:29,488 [05ccd17e-9552-4505-90bd-a622c50008e8@group-3707CBA54D61-LeaderElection23] INFO  server.RaftServerConfigKeys (ConfUtils.java:logGet(46)) - raft.server.log.appender.buffer.byte-limit = 33554432 (custom)
2023-04-11 11:25:29,488 [05ccd17e-9552-4505-90bd-a622c50008e8@group-3707CBA54D61-LeaderElection23] INFO  server.RaftServerConfigKeys (ConfUtils.java:logGet(46)) - raft.server.log.appender.buffer.element-limit = 1 (custom)
2023-04-11 11:25:29,488 [05ccd17e-9552-4505-90bd-a622c50008e8@group-3707CBA54D61-LeaderElection23] INFO  grpc.GrpcConfigKeys (ConfUtils.java:logGet(46)) - raft.grpc.server.leader.outstanding.appends.max = 128 (default)
2023-04-11 11:25:29,488 [05ccd17e-9552-4505-90bd-a622c50008e8@group-3707CBA54D61-LeaderElection23] INFO  server.RaftServerConfigKeys (ConfUtils.java:logGet(46)) - raft.server.rpc.request.timeout = 60s (custom)
2023-04-11 11:25:29,488 [05ccd17e-9552-4505-90bd-a622c50008e8@group-3707CBA54D61-LeaderElection23] INFO  server.RaftServerConfigKeys (ConfUtils.java:logGet(46)) - raft.server.log.appender.install.snapshot.enabled = false (custom)
2023-04-11 11:25:29,488 [05ccd17e-9552-4505-90bd-a622c50008e8@group-3707CBA54D61-LeaderElection23] INFO  grpc.GrpcConfigKeys (ConfUtils.java:logGet(46)) - raft.grpc.server.heartbeat.channel = true (default)
2023-04-11 11:25:29,488 [05ccd17e-9552-4505-90bd-a622c50008e8@group-3707CBA54D61-LeaderElection23] INFO  server.RaftServerConfigKeys (ConfUtils.java:logGet(46)) - raft.server.log.appender.wait-time.min = 10ms (default)
2023-04-11 11:25:29,488 [05ccd17e-9552-4505-90bd-a622c50008e8@group-3707CBA54D61-LeaderElection23] INFO  impl.RoleInfo (RoleInfo.java:updateAndGet(139)) - 05ccd17e-9552-4505-90bd-a622c50008e8: start 05ccd17e-9552-4505-90bd-a622c50008e8@group-3707CBA54D61-LeaderStateImpl
2023-04-11 11:25:29,489 [05ccd17e-9552-4505-90bd-a622c50008e8@group-3707CBA54D61-LeaderElection23] INFO  segmented.SegmentedRaftLogWorker (SegmentedRaftLogWorker.java:startLogSegment(452)) - 05ccd17e-9552-4505-90bd-a622c50008e8@group-3707CBA54D61-SegmentedRaftLogWorker: Starting segment from index:0
2023-04-11 11:25:29,490 [EventQueue-OpenPipelineForHealthyPipelineSafeModeRule] INFO  safemode.SCMSafeModeManager (HealthyPipelineSafeModeRule.java:process(137)) - SCM in safe mode. Healthy pipelines reported count is 0, required healthy pipeline reported count is 1
2023-04-11 11:25:29,490 [EventQueue-PipelineReportForPipelineReportHandler] INFO  pipeline.PipelineManagerImpl (PipelineManagerImpl.java:openPipeline(367)) - Pipeline Pipeline[ Id: 1e66c8b4-bb2a-49f8-8bdf-3707cba54d61, Nodes: c1e7a0ec-ae3b-4726-987d-7d9bf2cc9de6(fv-az590-525.scpgifznvsounmmscp2whtfmwe.cx.internal.cloudapp.net/10.1.0.37)27a39a48-bb81-47fe-95ba-2ac18a68ea79(fv-az590-525.scpgifznvsounmmscp2whtfmwe.cx.internal.cloudapp.net/10.1.0.37)05ccd17e-9552-4505-90bd-a622c50008e8(fv-az590-525.scpgifznvsounmmscp2whtfmwe.cx.internal.cloudapp.net/10.1.0.37), ReplicationConfig: RATIS/THREE, State:ALLOCATED, leaderId:05ccd17e-9552-4505-90bd-a622c50008e8, CreationTimestamp2023-04-11T11:25:21.846Z[Etc/UTC]] moved to OPEN state
2023-04-11 11:25:29,491 [EventQueue-OpenPipelineForHealthyPipelineSafeModeRule] INFO  safemode.SCMSafeModeManager (HealthyPipelineSafeModeRule.java:process(137)) - SCM in safe mode. Healthy pipelines reported count is 1, required healthy pipeline reported count is 1
2023-04-11 11:25:29,491 [EventQueue-OpenPipelineForHealthyPipelineSafeModeRule] INFO  safemode.SCMSafeModeManager (SCMSafeModeManager.java:validateSafeModeExitRules(200)) - HealthyPipelineSafeModeRule rule is successfully validated
2023-04-11 11:25:29,491 [EventQueue-OpenPipelineForHealthyPipelineSafeModeRule] INFO  safemode.SCMSafeModeManager (SCMSafeModeManager.java:validateSafeModeExitRules(215)) - ScmSafeModeManager, all rules are successfully validated
2023-04-11 11:25:29,491 [EventQueue-OpenPipelineForHealthyPipelineSafeModeRule] INFO  safemode.SCMSafeModeManager (SCMSafeModeManager.java:exitSafeMode(244)) - SCM exiting safe mode.
2023-04-11 11:25:29,491 [EventQueue-OpenPipelineForHealthyPipelineSafeModeRule] INFO  ha.SCMContext (SCMContext.java:updateSafeModeStatus(228)) - Update SafeModeStatus from SafeModeStatus{safeModeStatus=true, preCheckPassed=true} to SafeModeStatus{safeModeStatus=false, preCheckPassed=true}.
2023-04-11 11:25:29,491 [EventQueue-OpenPipelineForHealthyPipelineSafeModeRule] INFO  pipeline.BackgroundPipelineCreator (BackgroundPipelineCreator.java:notifyStatusChanged(254)) - Service BackgroundPipelineCreator transitions to RUNNING.
2023-04-11 11:25:29,491 [EventQueue-OpenPipelineForHealthyPipelineSafeModeRule] INFO  BackgroundPipelineScrubber (BackgroundSCMService.java:notifyStatusChanged(82)) - Service BackgroundPipelineScrubber transitions to RUNNING.
2023-04-11 11:25:29,491 [EventQueue-OpenPipelineForHealthyPipelineSafeModeRule] INFO  ExpiredContainerReplicaOpScrubber (BackgroundSCMService.java:notifyStatusChanged(82)) - Service ExpiredContainerReplicaOpScrubber transitions to RUNNING.
2023-04-11 11:25:29,491 [EventQueue-OpenPipelineForHealthyPipelineSafeModeRule] INFO  replication.ReplicationManager (ReplicationManager.java:notifyStatusChanged(1371)) - Service ReplicationManager transitions to RUNNING.
2023-04-11 11:25:29,491 [EventQueue-OpenPipelineForHealthyPipelineSafeModeRule] WARN  balancer.ContainerBalancer (ContainerBalancer.java:shouldRun(132)) - Could not find persisted configuration for ContainerBalancer when checking if ContainerBalancer should run. ContainerBalancer should not run now.
2023-04-11 11:25:29,491 [05ccd17e-9552-4505-90bd-a622c50008e8@group-3707CBA54D61-SegmentedRaftLogWorker] INFO  segmented.SegmentedRaftLogWorker (SegmentedRaftLogWorker.java:execute(656)) - 05ccd17e-9552-4505-90bd-a622c50008e8@group-3707CBA54D61-SegmentedRaftLogWorker: created new log segment /home/runner/work/ozone/ozone/hadoop-ozone/integration-test/target/test-dir/MiniOzoneClusterImpl-1c4368e0-208c-48c5-9b0c-56c20ccf1352/datanode-1/data/ratis/1e66c8b4-bb2a-49f8-8bdf-3707cba54d61/current/log_inprogress_0
2023-04-11 11:25:29,497 [27a39a48-bb81-47fe-95ba-2ac18a68ea79@group-E60AD42C943A-FollowerState] INFO  impl.FollowerState (FollowerState.java:run(143)) - 27a39a48-bb81-47fe-95ba-2ac18a68ea79@group-E60AD42C943A-FollowerState: change to CANDIDATE, lastRpcElapsedTime:5127698948ns, electionTimeout:5127ms
2023-04-11 11:25:29,498 [27a39a48-bb81-47fe-95ba-2ac18a68ea79@group-E60AD42C943A-FollowerState] INFO  impl.RoleInfo (RoleInfo.java:shutdownFollowerState(110)) - 27a39a48-bb81-47fe-95ba-2ac18a68ea79: shutdown 27a39a48-bb81-47fe-95ba-2ac18a68ea79@group-E60AD42C943A-FollowerState
2023-04-11 11:25:29,498 [27a39a48-bb81-47fe-95ba-2ac18a68ea79@group-E60AD42C943A-FollowerState] INFO  server.RaftServer$Division (RaftServerImpl.java:setRole(321)) - 27a39a48-bb81-47fe-95ba-2ac18a68ea79@group-E60AD42C943A: changes role from  FOLLOWER to CANDIDATE at term 0 for changeToCandidate
2023-04-11 11:25:29,498 [27a39a48-bb81-47fe-95ba-2ac18a68ea79@group-E60AD42C943A-FollowerState] INFO  server.RaftServerConfigKeys (ConfUtils.java:logGet(46)) - raft.server.leaderelection.pre-vote = true (default)
2023-04-11 11:25:29,499 [27a39a48-bb81-47fe-95ba-2ac18a68ea79@group-E60AD42C943A-FollowerState] INFO  impl.RoleInfo (RoleInfo.java:updateAndGet(139)) - 27a39a48-bb81-47fe-95ba-2ac18a68ea79: start 27a39a48-bb81-47fe-95ba-2ac18a68ea79@group-E60AD42C943A-LeaderElection24
2023-04-11 11:25:29,509 [05ccd17e-9552-4505-90bd-a622c50008e8@group-3707CBA54D61-LeaderElection23] INFO  server.RaftServer$Division (ServerState.java:setRaftConf(430)) - 05ccd17e-9552-4505-90bd-a622c50008e8@group-3707CBA54D61: set configuration 0: peers:[c1e7a0ec-ae3b-4726-987d-7d9bf2cc9de6|rpc:10.1.0.37:46253|dataStream:10.1.0.37:45319|priority:0|startupRole:FOLLOWER, 27a39a48-bb81-47fe-95ba-2ac18a68ea79|rpc:10.1.0.37:41701|dataStream:10.1.0.37:45441|priority:0|startupRole:FOLLOWER, 05ccd17e-9552-4505-90bd-a622c50008e8|rpc:10.1.0.37:41579|dataStream:10.1.0.37:46539|priority:1|startupRole:FOLLOWER]|listeners:[], old=null
2023-04-11 11:25:29,512 [c1e7a0ec-ae3b-4726-987d-7d9bf2cc9de6@group-E60AD42C943A-FollowerState] INFO  impl.FollowerState (FollowerState.java:run(143)) - c1e7a0ec-ae3b-4726-987d-7d9bf2cc9de6@group-E60AD42C943A-FollowerState: change to CANDIDATE, lastRpcElapsedTime:5109851710ns, electionTimeout:5104ms
2023-04-11 11:25:29,514 [05ccd17e-9552-4505-90bd-a622c50008e8@group-39EF754177A6-FollowerState] INFO  impl.FollowerState (FollowerState.java:run(143)) - 05ccd17e-9552-4505-90bd-a622c50008e8@group-39EF754177A6-FollowerState: change to CANDIDATE, lastRpcElapsedTime:5014805043ns, electionTimeout:5012ms
2023-04-11 11:25:29,517 [27a39a48-bb81-47fe-95ba-2ac18a68ea79@group-E60AD42C943A-LeaderElection24] INFO  impl.LeaderElection (LeaderElection.java:askForVotes(312)) - 27a39a48-bb81-47fe-95ba-2ac18a68ea79@group-E60AD42C943A-LeaderElection24 PRE_VOTE round 0: submit vote requests at term 0 for -1: peers:[c1e7a0ec-ae3b-4726-987d-7d9bf2cc9de6|rpc:10.1.0.37:46253|dataStream:10.1.0.37:45319|priority:1|startupRole:FOLLOWER, 27a39a48-bb81-47fe-95ba-2ac18a68ea79|rpc:10.1.0.37:41701|dataStream:10.1.0.37:45441|priority:0|startupRole:FOLLOWER, 05ccd17e-9552-4505-90bd-a622c50008e8|rpc:10.1.0.37:41579|dataStream:10.1.0.37:46539|priority:0|startupRole:FOLLOWER]|listeners:[], old=null
2023-04-11 11:25:29,517 [27a39a48-bb81-47fe-95ba-2ac18a68ea79-server-thread1] INFO  ratis.XceiverServerRatis (XceiverServerRatis.java:handleLeaderChangedNotification(904)) - Leader change notification received for group: group-3707CBA54D61 with new leaderId: 05ccd17e-9552-4505-90bd-a622c50008e8
2023-04-11 11:25:29,517 [27a39a48-bb81-47fe-95ba-2ac18a68ea79-server-thread1] INFO  server.RaftServer$Division (ServerState.java:setLeader(313)) - 27a39a48-bb81-47fe-95ba-2ac18a68ea79@group-3707CBA54D61: change Leader from null to 05ccd17e-9552-4505-90bd-a622c50008e8 at term 1 for appendEntries, leader elected after 5393ms
2023-04-11 11:25:29,517 [c1e7a0ec-ae3b-4726-987d-7d9bf2cc9de6@group-E60AD42C943A-FollowerState] INFO  impl.RoleInfo (RoleInfo.java:shutdownFollowerState(110)) - c1e7a0ec-ae3b-4726-987d-7d9bf2cc9de6: shutdown c1e7a0ec-ae3b-4726-987d-7d9bf2cc9de6@group-E60AD42C943A-FollowerState
2023-04-11 11:25:29,517 [27a39a48-bb81-47fe-95ba-2ac18a68ea79@group-E60AD42C943A-LeaderElection24] INFO  server.RaftServerConfigKeys (ConfUtils.java:logFallback(53)) - raft.server.rpc.first-election.timeout.min = 5s (fallback to raft.server.rpc.timeout.min)
2023-04-11 11:25:29,517 [05ccd17e-9552-4505-90bd-a622c50008e8@group-39EF754177A6-FollowerState] INFO  impl.RoleInfo (RoleInfo.java:shutdownFollowerState(110)) - 05ccd17e-9552-4505-90bd-a622c50008e8: shutdown 05ccd17e-9552-4505-90bd-a622c50008e8@group-39EF754177A6-FollowerState
2023-04-11 11:25:29,517 [05ccd17e-9552-4505-90bd-a622c50008e8@group-39EF754177A6-FollowerState] INFO  server.RaftServer$Division (RaftServerImpl.java:setRole(321)) - 05ccd17e-9552-4505-90bd-a622c50008e8@group-39EF754177A6: changes role from  FOLLOWER to CANDIDATE at term 0 for changeToCandidate
2023-04-11 11:25:29,518 [27a39a48-bb81-47fe-95ba-2ac18a68ea79@group-E60AD42C943A-LeaderElection24-1] INFO  server.GrpcServerProtocolClient (GrpcServerProtocolClient.java:<init>(63)) - Build channel for c1e7a0ec-ae3b-4726-987d-7d9bf2cc9de6
2023-04-11 11:25:29,517 [c1e7a0ec-ae3b-4726-987d-7d9bf2cc9de6@group-E60AD42C943A-FollowerState] INFO  server.RaftServer$Division (RaftServerImpl.java:setRole(321)) - c1e7a0ec-ae3b-4726-987d-7d9bf2cc9de6@group-E60AD42C943A: changes role from  FOLLOWER to CANDIDATE at term 0 for changeToCandidate
2023-04-11 11:25:29,518 [05ccd17e-9552-4505-90bd-a622c50008e8@group-39EF754177A6-FollowerState] INFO  server.RaftServerConfigKeys (ConfUtils.java:logGet(46)) - raft.server.leaderelection.pre-vote = true (default)
2023-04-11 11:25:29,517 [27a39a48-bb81-47fe-95ba-2ac18a68ea79@group-E60AD42C943A-LeaderElection24] INFO  server.RaftServerConfigKeys (ConfUtils.java:logFallback(53)) - raft.server.rpc.first-election.timeout.max = 5200ms (fallback to raft.server.rpc.timeout.max)
2023-04-11 11:25:29,518 [05ccd17e-9552-4505-90bd-a622c50008e8@group-39EF754177A6-FollowerState] INFO  impl.RoleInfo (RoleInfo.java:updateAndGet(139)) - 05ccd17e-9552-4505-90bd-a622c50008e8: start 05ccd17e-9552-4505-90bd-a622c50008e8@group-39EF754177A6-LeaderElection25
2023-04-11 11:25:29,519 [c1e7a0ec-ae3b-4726-987d-7d9bf2cc9de6-server-thread1] INFO  ratis.XceiverServerRatis (XceiverServerRatis.java:handleLeaderChangedNotification(904)) - Leader change notification received for group: group-3707CBA54D61 with new leaderId: 05ccd17e-9552-4505-90bd-a622c50008e8
2023-04-11 11:25:29,519 [c1e7a0ec-ae3b-4726-987d-7d9bf2cc9de6-server-thread1] INFO  server.RaftServer$Division (ServerState.java:setLeader(313)) - c1e7a0ec-ae3b-4726-987d-7d9bf2cc9de6@group-3707CBA54D61: change Leader from null to 05ccd17e-9552-4505-90bd-a622c50008e8 at term 1 for appendEntries, leader elected after 5353ms
2023-04-11 11:25:29,519 [27a39a48-bb81-47fe-95ba-2ac18a68ea79@group-E60AD42C943A-LeaderElection24-2] INFO  server.GrpcServerProtocolClient (GrpcServerProtocolClient.java:<init>(63)) - Build channel for 05ccd17e-9552-4505-90bd-a622c50008e8
2023-04-11 11:25:29,526 [c1e7a0ec-ae3b-4726-987d-7d9bf2cc9de6@group-E60AD42C943A-FollowerState] INFO  server.RaftServerConfigKeys (ConfUtils.java:logGet(46)) - raft.server.leaderelection.pre-vote = true (default)
2023-04-11 11:25:29,526 [c1e7a0ec-ae3b-4726-987d-7d9bf2cc9de6@group-E60AD42C943A-FollowerState] INFO  impl.RoleInfo (RoleInfo.java:updateAndGet(139)) - c1e7a0ec-ae3b-4726-987d-7d9bf2cc9de6: start c1e7a0ec-ae3b-4726-987d-7d9bf2cc9de6@group-E60AD42C943A-LeaderElection26
2023-04-11 11:25:29,532 [c1e7a0ec-ae3b-4726-987d-7d9bf2cc9de6-server-thread1] INFO  server.RaftServer$Division (ServerState.java:setRaftConf(430)) - c1e7a0ec-ae3b-4726-987d-7d9bf2cc9de6@group-3707CBA54D61: set configuration 0: peers:[c1e7a0ec-ae3b-4726-987d-7d9bf2cc9de6|rpc:10.1.0.37:46253|dataStream:10.1.0.37:45319|priority:0|startupRole:FOLLOWER, 27a39a48-bb81-47fe-95ba-2ac18a68ea79|rpc:10.1.0.37:41701|dataStream:10.1.0.37:45441|priority:0|startupRole:FOLLOWER, 05ccd17e-9552-4505-90bd-a622c50008e8|rpc:10.1.0.37:41579|dataStream:10.1.0.37:46539|priority:1|startupRole:FOLLOWER]|listeners:[], old=null
2023-04-11 11:25:29,532 [c1e7a0ec-ae3b-4726-987d-7d9bf2cc9de6-server-thread1] INFO  segmented.SegmentedRaftLogWorker (SegmentedRaftLogWorker.java:startLogSegment(452)) - c1e7a0ec-ae3b-4726-987d-7d9bf2cc9de6@group-3707CBA54D61-SegmentedRaftLogWorker: Starting segment from index:0
2023-04-11 11:25:29,533 [c1e7a0ec-ae3b-4726-987d-7d9bf2cc9de6@group-3707CBA54D61-SegmentedRaftLogWorker] INFO  segmented.SegmentedRaftLogWorker (SegmentedRaftLogWorker.java:execute(656)) - c1e7a0ec-ae3b-4726-987d-7d9bf2cc9de6@group-3707CBA54D61-SegmentedRaftLogWorker: created new log segment /home/runner/work/ozone/ozone/hadoop-ozone/integration-test/target/test-dir/MiniOzoneClusterImpl-1c4368e0-208c-48c5-9b0c-56c20ccf1352/datanode-2/data/ratis/1e66c8b4-bb2a-49f8-8bdf-3707cba54d61/current/log_inprogress_0
2023-04-11 11:25:29,534 [27a39a48-bb81-47fe-95ba-2ac18a68ea79-server-thread3] INFO  server.RaftServer$Division (ServerState.java:setRaftConf(430)) - 27a39a48-bb81-47fe-95ba-2ac18a68ea79@group-3707CBA54D61: set configuration 0: peers:[c1e7a0ec-ae3b-4726-987d-7d9bf2cc9de6|rpc:10.1.0.37:46253|dataStream:10.1.0.37:45319|priority:0|startupRole:FOLLOWER, 27a39a48-bb81-47fe-95ba-2ac18a68ea79|rpc:10.1.0.37:41701|dataStream:10.1.0.37:45441|priority:0|startupRole:FOLLOWER, 05ccd17e-9552-4505-90bd-a622c50008e8|rpc:10.1.0.37:41579|dataStream:10.1.0.37:46539|priority:1|startupRole:FOLLOWER]|listeners:[], old=null
2023-04-11 11:25:29,534 [27a39a48-bb81-47fe-95ba-2ac18a68ea79-server-thread3] INFO  segmented.SegmentedRaftLogWorker (SegmentedRaftLogWorker.java:startLogSegment(452)) - 27a39a48-bb81-47fe-95ba-2ac18a68ea79@group-3707CBA54D61-SegmentedRaftLogWorker: Starting segment from index:0
2023-04-11 11:25:29,535 [27a39a48-bb81-47fe-95ba-2ac18a68ea79@group-3707CBA54D61-SegmentedRaftLogWorker] INFO  segmented.SegmentedRaftLogWorker (SegmentedRaftLogWorker.java:execute(656)) - 27a39a48-bb81-47fe-95ba-2ac18a68ea79@group-3707CBA54D61-SegmentedRaftLogWorker: created new log segment /home/runner/work/ozone/ozone/hadoop-ozone/integration-test/target/test-dir/MiniOzoneClusterImpl-1c4368e0-208c-48c5-9b0c-56c20ccf1352/datanode-0/data/ratis/1e66c8b4-bb2a-49f8-8bdf-3707cba54d61/current/log_inprogress_0
2023-04-11 11:25:29,538 [05ccd17e-9552-4505-90bd-a622c50008e8@group-39EF754177A6-LeaderElection25] INFO  impl.LeaderElection (LeaderElection.java:askForVotes(312)) - 05ccd17e-9552-4505-90bd-a622c50008e8@group-39EF754177A6-LeaderElection25 PRE_VOTE round 0: submit vote requests at term 0 for -1: peers:[05ccd17e-9552-4505-90bd-a622c50008e8|rpc:10.1.0.37:41579|dataStream:10.1.0.37:46539|priority:1|startupRole:FOLLOWER]|listeners:[], old=null
2023-04-11 11:25:29,538 [05ccd17e-9552-4505-90bd-a622c50008e8@group-39EF754177A6-LeaderElection25] INFO  impl.LeaderElection (LeaderElection.java:askForVotes(314)) - 05ccd17e-9552-4505-90bd-a622c50008e8@group-39EF754177A6-LeaderElection25 PRE_VOTE round 0: result PASSED (term=0)
2023-04-11 11:25:29,541 [Listener at 127.0.0.1/39679] INFO  ozone.MiniOzoneClusterImpl (MiniOzoneClusterImpl.java:lambda$waitForClusterToBeReady$0(222)) - Nodes are ready. Got 5 of 5 DN Heartbeats.
2023-04-11 11:25:29,541 [Listener at 127.0.0.1/39679] INFO  ozone.MiniOzoneClusterImpl (MiniOzoneClusterImpl.java:lambda$waitForClusterToBeReady$0(225)) - Cluster exits safe mode
2023-04-11 11:25:29,541 [Listener at 127.0.0.1/39679] INFO  ozone.MiniOzoneClusterImpl (MiniOzoneClusterImpl.java:lambda$waitForClusterToBeReady$0(227)) - SCM became leader
2023-04-11 11:25:29,542 [c1e7a0ec-ae3b-4726-987d-7d9bf2cc9de6@group-E60AD42C943A-LeaderElection26] INFO  impl.LeaderElection (LeaderElection.java:askForVotes(312)) - c1e7a0ec-ae3b-4726-987d-7d9bf2cc9de6@group-E60AD42C943A-LeaderElection26 PRE_VOTE round 0: submit vote requests at term 0 for -1: peers:[c1e7a0ec-ae3b-4726-987d-7d9bf2cc9de6|rpc:10.1.0.37:46253|dataStream:10.1.0.37:45319|priority:1|startupRole:FOLLOWER, 27a39a48-bb81-47fe-95ba-2ac18a68ea79|rpc:10.1.0.37:41701|dataStream:10.1.0.37:45441|priority:0|startupRole:FOLLOWER, 05ccd17e-9552-4505-90bd-a622c50008e8|rpc:10.1.0.37:41579|dataStream:10.1.0.37:46539|priority:0|startupRole:FOLLOWER]|listeners:[], old=null
2023-04-11 11:25:29,542 [grpc-default-executor-2] INFO  server.RaftServer$Division (RaftServerImpl.java:requestVote(1218)) - 05ccd17e-9552-4505-90bd-a622c50008e8@group-E60AD42C943A: receive requestVote(PRE_VOTE, 27a39a48-bb81-47fe-95ba-2ac18a68ea79, group-E60AD42C943A, 0, (t:0, i:0))
2023-04-11 11:25:29,542 [grpc-default-executor-2] INFO  impl.VoteContext (VoteContext.java:log(49)) - 05ccd17e-9552-4505-90bd-a622c50008e8@group-E60AD42C943A-FOLLOWER: accept PRE_VOTE from 27a39a48-bb81-47fe-95ba-2ac18a68ea79: our priority 0 <= candidate's priority 0
2023-04-11 11:25:29,542 [grpc-default-executor-2] INFO  server.RaftServer$Division (RaftServerImpl.java:requestVote(1251)) - 05ccd17e-9552-4505-90bd-a622c50008e8@group-E60AD42C943A replies to PRE_VOTE vote request: 27a39a48-bb81-47fe-95ba-2ac18a68ea79<-05ccd17e-9552-4505-90bd-a622c50008e8#0:OK-t0. Peer's state: 05ccd17e-9552-4505-90bd-a622c50008e8@group-E60AD42C943A:t0, leader=null, voted=, raftlog=Memoized:05ccd17e-9552-4505-90bd-a622c50008e8@group-E60AD42C943A-SegmentedRaftLog:OPENED:c-1, conf=-1: peers:[c1e7a0ec-ae3b-4726-987d-7d9bf2cc9de6|rpc:10.1.0.37:46253|dataStream:10.1.0.37:45319|priority:1|startupRole:FOLLOWER, 27a39a48-bb81-47fe-95ba-2ac18a68ea79|rpc:10.1.0.37:41701|dataStream:10.1.0.37:45441|priority:0|startupRole:FOLLOWER, 05ccd17e-9552-4505-90bd-a622c50008e8|rpc:10.1.0.37:41579|dataStream:10.1.0.37:46539|priority:0|startupRole:FOLLOWER]|listeners:[], old=null
2023-04-11 11:25:29,545 [05ccd17e-9552-4505-90bd-a622c50008e8@group-39EF754177A6-LeaderElection25] INFO  impl.LeaderElection (LeaderElection.java:askForVotes(312)) - 05ccd17e-9552-4505-90bd-a622c50008e8@group-39EF754177A6-LeaderElection25 ELECTION round 0: submit vote requests at term 1 for -1: peers:[05ccd17e-9552-4505-90bd-a622c50008e8|rpc:10.1.0.37:41579|dataStream:10.1.0.37:46539|priority:1|startupRole:FOLLOWER]|listeners:[], old=null
2023-04-11 11:25:29,545 [05ccd17e-9552-4505-90bd-a622c50008e8@group-39EF754177A6-LeaderElection25] INFO  impl.LeaderElection (LeaderElection.java:askForVotes(314)) - 05ccd17e-9552-4505-90bd-a622c50008e8@group-39EF754177A6-LeaderElection25 ELECTION round 0: result PASSED (term=1)
2023-04-11 11:25:29,545 [05ccd17e-9552-4505-90bd-a622c50008e8@group-39EF754177A6-LeaderElection25] INFO  impl.RoleInfo (RoleInfo.java:shutdownLeaderElection(130)) - 05ccd17e-9552-4505-90bd-a622c50008e8: shutdown 05ccd17e-9552-4505-90bd-a622c50008e8@group-39EF754177A6-LeaderElection25
2023-04-11 11:25:29,545 [05ccd17e-9552-4505-90bd-a622c50008e8@group-39EF754177A6-LeaderElection25] INFO  server.RaftServer$Division (RaftServerImpl.java:setRole(321)) - 05ccd17e-9552-4505-90bd-a622c50008e8@group-39EF754177A6: changes role from CANDIDATE to LEADER at term 1 for changeToLeader
2023-04-11 11:25:29,546 [05ccd17e-9552-4505-90bd-a622c50008e8@group-39EF754177A6-LeaderElection25] INFO  ratis.XceiverServerRatis (XceiverServerRatis.java:handleLeaderChangedNotification(904)) - Leader change notification received for group: group-39EF754177A6 with new leaderId: 05ccd17e-9552-4505-90bd-a622c50008e8
2023-04-11 11:25:29,549 [c1e7a0ec-ae3b-4726-987d-7d9bf2cc9de6@group-E60AD42C943A-LeaderElection26] INFO  server.RaftServerConfigKeys (ConfUtils.java:logFallback(53)) - raft.server.rpc.first-election.timeout.min = 5s (fallback to raft.server.rpc.timeout.min)
2023-04-11 11:25:29,551 [c1e7a0ec-ae3b-4726-987d-7d9bf2cc9de6@group-E60AD42C943A-LeaderElection26] INFO  server.RaftServerConfigKeys (ConfUtils.java:logFallback(53)) - raft.server.rpc.first-election.timeout.max = 5200ms (fallback to raft.server.rpc.timeout.max)
2023-04-11 11:25:29,550 [grpc-default-executor-3] INFO  server.RaftServer$Division (RaftServerImpl.java:requestVote(1218)) - c1e7a0ec-ae3b-4726-987d-7d9bf2cc9de6@group-E60AD42C943A: receive requestVote(PRE_VOTE, 27a39a48-bb81-47fe-95ba-2ac18a68ea79, group-E60AD42C943A, 0, (t:0, i:0))
2023-04-11 11:25:29,552 [grpc-default-executor-3] INFO  impl.VoteContext (VoteContext.java:log(49)) - c1e7a0ec-ae3b-4726-987d-7d9bf2cc9de6@group-E60AD42C943A-CANDIDATE: reject PRE_VOTE from 27a39a48-bb81-47fe-95ba-2ac18a68ea79: our priority 1 > candidate's priority 0
2023-04-11 11:25:29,552 [grpc-default-executor-3] INFO  server.RaftServer$Division (RaftServerImpl.java:requestVote(1251)) - c1e7a0ec-ae3b-4726-987d-7d9bf2cc9de6@group-E60AD42C943A replies to PRE_VOTE vote request: 27a39a48-bb81-47fe-95ba-2ac18a68ea79<-c1e7a0ec-ae3b-4726-987d-7d9bf2cc9de6#0:FAIL-t0. Peer's state: c1e7a0ec-ae3b-4726-987d-7d9bf2cc9de6@group-E60AD42C943A:t0, leader=null, voted=, raftlog=Memoized:c1e7a0ec-ae3b-4726-987d-7d9bf2cc9de6@group-E60AD42C943A-SegmentedRaftLog:OPENED:c-1, conf=-1: peers:[c1e7a0ec-ae3b-4726-987d-7d9bf2cc9de6|rpc:10.1.0.37:46253|dataStream:10.1.0.37:45319|priority:1|startupRole:FOLLOWER, 27a39a48-bb81-47fe-95ba-2ac18a68ea79|rpc:10.1.0.37:41701|dataStream:10.1.0.37:45441|priority:0|startupRole:FOLLOWER, 05ccd17e-9552-4505-90bd-a622c50008e8|rpc:10.1.0.37:41579|dataStream:10.1.0.37:46539|priority:0|startupRole:FOLLOWER]|listeners:[], old=null
2023-04-11 11:25:29,552 [27a39a48-bb81-47fe-95ba-2ac18a68ea79@group-E60AD42C943A-LeaderElection24] INFO  impl.LeaderElection (LeaderElection.java:logAndReturn(90)) - 27a39a48-bb81-47fe-95ba-2ac18a68ea79@group-E60AD42C943A-LeaderElection24: PRE_VOTE REJECTED received 2 response(s) and 0 exception(s):
2023-04-11 11:25:29,552 [27a39a48-bb81-47fe-95ba-2ac18a68ea79@group-E60AD42C943A-LeaderElection24] INFO  impl.LeaderElection (LeaderElection.java:logAndReturn(94)) -   Response 0: 27a39a48-bb81-47fe-95ba-2ac18a68ea79<-c1e7a0ec-ae3b-4726-987d-7d9bf2cc9de6#0:FAIL-t0
2023-04-11 11:25:29,552 [27a39a48-bb81-47fe-95ba-2ac18a68ea79@group-E60AD42C943A-LeaderElection24] INFO  impl.LeaderElection (LeaderElection.java:logAndReturn(94)) -   Response 1: 27a39a48-bb81-47fe-95ba-2ac18a68ea79<-05ccd17e-9552-4505-90bd-a622c50008e8#0:OK-t0
2023-04-11 11:25:29,552 [27a39a48-bb81-47fe-95ba-2ac18a68ea79@group-E60AD42C943A-LeaderElection24] INFO  impl.LeaderElection (LeaderElection.java:askForVotes(314)) - 27a39a48-bb81-47fe-95ba-2ac18a68ea79@group-E60AD42C943A-LeaderElection24 PRE_VOTE round 0: result REJECTED
2023-04-11 11:25:29,552 [27a39a48-bb81-47fe-95ba-2ac18a68ea79@group-E60AD42C943A-LeaderElection24] INFO  server.RaftServer$Division (RaftServerImpl.java:setRole(321)) - 27a39a48-bb81-47fe-95ba-2ac18a68ea79@group-E60AD42C943A: changes role from CANDIDATE to FOLLOWER at term 0 for REJECTED
2023-04-11 11:25:29,552 [27a39a48-bb81-47fe-95ba-2ac18a68ea79@group-E60AD42C943A-LeaderElection24] INFO  impl.RoleInfo (RoleInfo.java:shutdownLeaderElection(130)) - 27a39a48-bb81-47fe-95ba-2ac18a68ea79: shutdown 27a39a48-bb81-47fe-95ba-2ac18a68ea79@group-E60AD42C943A-LeaderElection24
2023-04-11 11:25:29,552 [27a39a48-bb81-47fe-95ba-2ac18a68ea79@group-E60AD42C943A-LeaderElection24] INFO  impl.RoleInfo (RoleInfo.java:updateAndGet(139)) - 27a39a48-bb81-47fe-95ba-2ac18a68ea79: start 27a39a48-bb81-47fe-95ba-2ac18a68ea79@group-E60AD42C943A-FollowerState
2023-04-11 11:25:29,554 [05ccd17e-9552-4505-90bd-a622c50008e8@group-39EF754177A6-LeaderElection25] INFO  server.RaftServer$Division (ServerState.java:setLeader(313)) - 05ccd17e-9552-4505-90bd-a622c50008e8@group-39EF754177A6: change Leader from null to 05ccd17e-9552-4505-90bd-a622c50008e8 at term 1 for becomeLeader, leader elected after 5067ms
2023-04-11 11:25:29,554 [05ccd17e-9552-4505-90bd-a622c50008e8@group-39EF754177A6-LeaderElection25] INFO  server.RaftServerConfigKeys (ConfUtils.java:logGet(46)) - raft.server.staging.catchup.gap = 1000 (default)
2023-04-11 11:25:29,554 [05ccd17e-9552-4505-90bd-a622c50008e8@group-39EF754177A6-LeaderElection25] INFO  server.RaftServerConfigKeys (ConfUtils.java:logGet(46)) - raft.server.write.element-limit = 1024 (custom)
2023-04-11 11:25:29,554 [05ccd17e-9552-4505-90bd-a622c50008e8@group-39EF754177A6-LeaderElection25] INFO  server.RaftServerConfigKeys (ConfUtils.java:logGet(46)) - raft.server.write.byte-limit = 1024 M (=1073741824) (custom)
2023-04-11 11:25:29,554 [05ccd17e-9552-4505-90bd-a622c50008e8@group-39EF754177A6-LeaderElection25] INFO  server.RaftServerConfigKeys (ConfUtils.java:logGet(46)) - raft.server.watch.timeout = 180s (custom)
2023-04-11 11:25:29,554 [05ccd17e-9552-4505-90bd-a622c50008e8@group-39EF754177A6-LeaderElection25] INFO  server.RaftServerConfigKeys (ConfUtils.java:logGet(46)) - raft.server.watch.timeout.denomination = 1s (default)
2023-04-11 11:25:29,555 [05ccd17e-9552-4505-90bd-a622c50008e8@group-39EF754177A6-LeaderElection25] INFO  server.RaftServerConfigKeys (ConfUtils.java:logGet(46)) - raft.server.watch.element-limit = 65536 (default)
2023-04-11 11:25:29,555 [05ccd17e-9552-4505-90bd-a622c50008e8@group-39EF754177A6-LeaderElection25] INFO  server.RaftServerConfigKeys (ConfUtils.java:logGet(46)) - raft.server.write.element-limit = 1024 (custom)
2023-04-11 11:25:29,555 [05ccd17e-9552-4505-90bd-a622c50008e8@group-39EF754177A6-LeaderElection25] INFO  server.RaftServerConfigKeys (ConfUtils.java:logGet(46)) - raft.server.write.follower.gap.ratio.max = -1.0 (default)
2023-04-11 11:25:29,555 [05ccd17e-9552-4505-90bd-a622c50008e8@group-39EF754177A6-LeaderElection25] INFO  impl.RoleInfo (RoleInfo.java:updateAndGet(139)) - 05ccd17e-9552-4505-90bd-a622c50008e8: start 05ccd17e-9552-4505-90bd-a622c50008e8@group-39EF754177A6-LeaderStateImpl
2023-04-11 11:25:29,555 [05ccd17e-9552-4505-90bd-a622c50008e8@group-39EF754177A6-LeaderElection25] INFO  segmented.SegmentedRaftLogWorker (SegmentedRaftLogWorker.java:startLogSegment(452)) - 05ccd17e-9552-4505-90bd-a622c50008e8@group-39EF754177A6-SegmentedRaftLogWorker: Starting segment from index:0
2023-04-11 11:25:29,556 [27a39a48-bb81-47fe-95ba-2ac18a68ea79@group-E60AD42C943A-FollowerState] INFO  server.RaftServerConfigKeys (ConfUtils.java:logFallback(53)) - raft.server.rpc.first-election.timeout.min = 5s (fallback to raft.server.rpc.timeout.min)
2023-04-11 11:25:29,556 [27a39a48-bb81-47fe-95ba-2ac18a68ea79@group-E60AD42C943A-FollowerState] INFO  server.RaftServerConfigKeys (ConfUtils.java:logFallback(53)) - raft.server.rpc.first-election.timeout.max = 5200ms (fallback to raft.server.rpc.timeout.max)
2023-04-11 11:25:29,557 [grpc-default-executor-2] INFO  server.RaftServer$Division (RaftServerImpl.java:requestVote(1218)) - 27a39a48-bb81-47fe-95ba-2ac18a68ea79@group-E60AD42C943A: receive requestVote(PRE_VOTE, c1e7a0ec-ae3b-4726-987d-7d9bf2cc9de6, group-E60AD42C943A, 0, (t:0, i:0))
2023-04-11 11:25:29,557 [grpc-default-executor-2] INFO  impl.VoteContext (VoteContext.java:log(49)) - 27a39a48-bb81-47fe-95ba-2ac18a68ea79@group-E60AD42C943A-FOLLOWER: accept PRE_VOTE from c1e7a0ec-ae3b-4726-987d-7d9bf2cc9de6: our priority 0 <= candidate's priority 1
2023-04-11 11:25:29,558 [grpc-default-executor-2] INFO  server.RaftServer$Division (RaftServerImpl.java:requestVote(1251)) - 27a39a48-bb81-47fe-95ba-2ac18a68ea79@group-E60AD42C943A replies to PRE_VOTE vote request: c1e7a0ec-ae3b-4726-987d-7d9bf2cc9de6<-27a39a48-bb81-47fe-95ba-2ac18a68ea79#0:OK-t0. Peer's state: 27a39a48-bb81-47fe-95ba-2ac18a68ea79@group-E60AD42C943A:t0, leader=null, voted=, raftlog=Memoized:27a39a48-bb81-47fe-95ba-2ac18a68ea79@group-E60AD42C943A-SegmentedRaftLog:OPENED:c-1, conf=-1: peers:[c1e7a0ec-ae3b-4726-987d-7d9bf2cc9de6|rpc:10.1.0.37:46253|dataStream:10.1.0.37:45319|priority:1|startupRole:FOLLOWER, 27a39a48-bb81-47fe-95ba-2ac18a68ea79|rpc:10.1.0.37:41701|dataStream:10.1.0.37:45441|priority:0|startupRole:FOLLOWER, 05ccd17e-9552-4505-90bd-a622c50008e8|rpc:10.1.0.37:41579|dataStream:10.1.0.37:46539|priority:0|startupRole:FOLLOWER]|listeners:[], old=null
2023-04-11 11:25:29,558 [grpc-default-executor-3] INFO  server.RaftServer$Division (RaftServerImpl.java:requestVote(1218)) - 05ccd17e-9552-4505-90bd-a622c50008e8@group-E60AD42C943A: receive requestVote(PRE_VOTE, c1e7a0ec-ae3b-4726-987d-7d9bf2cc9de6, group-E60AD42C943A, 0, (t:0, i:0))
2023-04-11 11:25:29,560 [grpc-default-executor-3] INFO  impl.VoteContext (VoteContext.java:log(49)) - 05ccd17e-9552-4505-90bd-a622c50008e8@group-E60AD42C943A-FOLLOWER: accept PRE_VOTE from c1e7a0ec-ae3b-4726-987d-7d9bf2cc9de6: our priority 0 <= candidate's priority 1
2023-04-11 11:25:29,560 [grpc-default-executor-3] INFO  server.RaftServer$Division (RaftServerImpl.java:requestVote(1251)) - 05ccd17e-9552-4505-90bd-a622c50008e8@group-E60AD42C943A replies to PRE_VOTE vote request: c1e7a0ec-ae3b-4726-987d-7d9bf2cc9de6<-05ccd17e-9552-4505-90bd-a622c50008e8#0:OK-t0. Peer's state: 05ccd17e-9552-4505-90bd-a622c50008e8@group-E60AD42C943A:t0, leader=null, voted=, raftlog=Memoized:05ccd17e-9552-4505-90bd-a622c50008e8@group-E60AD42C943A-SegmentedRaftLog:OPENED:c-1, conf=-1: peers:[c1e7a0ec-ae3b-4726-987d-7d9bf2cc9de6|rpc:10.1.0.37:46253|dataStream:10.1.0.37:45319|priority:1|startupRole:FOLLOWER, 27a39a48-bb81-47fe-95ba-2ac18a68ea79|rpc:10.1.0.37:41701|dataStream:10.1.0.37:45441|priority:0|startupRole:FOLLOWER, 05ccd17e-9552-4505-90bd-a622c50008e8|rpc:10.1.0.37:41579|dataStream:10.1.0.37:46539|priority:0|startupRole:FOLLOWER]|listeners:[], old=null
2023-04-11 11:25:29,560 [05ccd17e-9552-4505-90bd-a622c50008e8@group-39EF754177A6-LeaderElection25] INFO  server.RaftServer$Division (ServerState.java:setRaftConf(430)) - 05ccd17e-9552-4505-90bd-a622c50008e8@group-39EF754177A6: set configuration 0: peers:[05ccd17e-9552-4505-90bd-a622c50008e8|rpc:10.1.0.37:41579|dataStream:10.1.0.37:46539|priority:1|startupRole:FOLLOWER]|listeners:[], old=null
2023-04-11 11:25:29,561 [05ccd17e-9552-4505-90bd-a622c50008e8@group-39EF754177A6-SegmentedRaftLogWorker] INFO  segmented.SegmentedRaftLogWorker (SegmentedRaftLogWorker.java:execute(656)) - 05ccd17e-9552-4505-90bd-a622c50008e8@group-39EF754177A6-SegmentedRaftLogWorker: created new log segment /home/runner/work/ozone/ozone/hadoop-ozone/integration-test/target/test-dir/MiniOzoneClusterImpl-1c4368e0-208c-48c5-9b0c-56c20ccf1352/datanode-1/data/ratis/6b9fed49-dabc-4272-b63b-39ef754177a6/current/log_inprogress_0
2023-04-11 11:25:29,563 [c1e7a0ec-ae3b-4726-987d-7d9bf2cc9de6@group-E60AD42C943A-LeaderElection26] INFO  impl.LeaderElection (LeaderElection.java:logAndReturn(90)) - c1e7a0ec-ae3b-4726-987d-7d9bf2cc9de6@group-E60AD42C943A-LeaderElection26: PRE_VOTE PASSED received 1 response(s) and 0 exception(s):
2023-04-11 11:25:29,563 [c1e7a0ec-ae3b-4726-987d-7d9bf2cc9de6@group-E60AD42C943A-LeaderElection26] INFO  impl.LeaderElection (LeaderElection.java:logAndReturn(94)) -   Response 0: c1e7a0ec-ae3b-4726-987d-7d9bf2cc9de6<-27a39a48-bb81-47fe-95ba-2ac18a68ea79#0:OK-t0
2023-04-11 11:25:29,563 [c1e7a0ec-ae3b-4726-987d-7d9bf2cc9de6@group-E60AD42C943A-LeaderElection26] INFO  impl.LeaderElection (LeaderElection.java:askForVotes(314)) - c1e7a0ec-ae3b-4726-987d-7d9bf2cc9de6@group-E60AD42C943A-LeaderElection26 PRE_VOTE round 0: result PASSED
2023-04-11 11:25:29,564 [c1e7a0ec-ae3b-4726-987d-7d9bf2cc9de6@group-E60AD42C943A-LeaderElection26] INFO  impl.LeaderElection (LeaderElection.java:askForVotes(312)) - c1e7a0ec-ae3b-4726-987d-7d9bf2cc9de6@group-E60AD42C943A-LeaderElection26 ELECTION round 0: submit vote requests at term 1 for -1: peers:[c1e7a0ec-ae3b-4726-987d-7d9bf2cc9de6|rpc:10.1.0.37:46253|dataStream:10.1.0.37:45319|priority:1|startupRole:FOLLOWER, 27a39a48-bb81-47fe-95ba-2ac18a68ea79|rpc:10.1.0.37:41701|dataStream:10.1.0.37:45441|priority:0|startupRole:FOLLOWER, 05ccd17e-9552-4505-90bd-a622c50008e8|rpc:10.1.0.37:41579|dataStream:10.1.0.37:46539|priority:0|startupRole:FOLLOWER]|listeners:[], old=null
2023-04-11 11:25:29,567 [c1e7a0ec-ae3b-4726-987d-7d9bf2cc9de6@group-E60AD42C943A-LeaderElection26] INFO  server.RaftServerConfigKeys (ConfUtils.java:logFallback(53)) - raft.server.rpc.first-election.timeout.min = 5s (fallback to raft.server.rpc.timeout.min)
2023-04-11 11:25:29,567 [c1e7a0ec-ae3b-4726-987d-7d9bf2cc9de6@group-E60AD42C943A-LeaderElection26] INFO  server.RaftServerConfigKeys (ConfUtils.java:logFallback(53)) - raft.server.rpc.first-election.timeout.max = 5200ms (fallback to raft.server.rpc.timeout.max)
2023-04-11 11:25:29,580 [grpc-default-executor-3] INFO  server.RaftServer$Division (RaftServerImpl.java:requestVote(1218)) - 27a39a48-bb81-47fe-95ba-2ac18a68ea79@group-E60AD42C943A: receive requestVote(ELECTION, c1e7a0ec-ae3b-4726-987d-7d9bf2cc9de6, group-E60AD42C943A, 1, (t:0, i:0))
2023-04-11 11:25:29,580 [grpc-default-executor-3] INFO  impl.VoteContext (VoteContext.java:log(49)) - 27a39a48-bb81-47fe-95ba-2ac18a68ea79@group-E60AD42C943A-FOLLOWER: accept ELECTION from c1e7a0ec-ae3b-4726-987d-7d9bf2cc9de6: our priority 0 <= candidate's priority 1
2023-04-11 11:25:29,580 [grpc-default-executor-3] INFO  server.RaftServer$Division (RaftServerImpl.java:setRole(321)) - 27a39a48-bb81-47fe-95ba-2ac18a68ea79@group-E60AD42C943A: changes role from  FOLLOWER to FOLLOWER at term 1 for candidate:c1e7a0ec-ae3b-4726-987d-7d9bf2cc9de6
2023-04-11 11:25:29,580 [grpc-default-executor-3] INFO  impl.RoleInfo (RoleInfo.java:shutdownFollowerState(110)) - 27a39a48-bb81-47fe-95ba-2ac18a68ea79: shutdown 27a39a48-bb81-47fe-95ba-2ac18a68ea79@group-E60AD42C943A-FollowerState
2023-04-11 11:25:29,584 [grpc-default-executor-3] INFO  impl.RoleInfo (RoleInfo.java:updateAndGet(139)) - 27a39a48-bb81-47fe-95ba-2ac18a68ea79: start 27a39a48-bb81-47fe-95ba-2ac18a68ea79@group-E60AD42C943A-FollowerState
2023-04-11 11:25:29,584 [27a39a48-bb81-47fe-95ba-2ac18a68ea79@group-E60AD42C943A-FollowerState] INFO  impl.FollowerState (FollowerState.java:run(152)) - 27a39a48-bb81-47fe-95ba-2ac18a68ea79@group-E60AD42C943A-FollowerState was interrupted
2023-04-11 11:25:29,584 [grpc-default-executor-2] INFO  server.RaftServer$Division (RaftServerImpl.java:requestVote(1218)) - 05ccd17e-9552-4505-90bd-a622c50008e8@group-E60AD42C943A: receive requestVote(ELECTION, c1e7a0ec-ae3b-4726-987d-7d9bf2cc9de6, group-E60AD42C943A, 1, (t:0, i:0))
2023-04-11 11:25:29,584 [grpc-default-executor-2] INFO  impl.VoteContext (VoteContext.java:log(49)) - 05ccd17e-9552-4505-90bd-a622c50008e8@group-E60AD42C943A-FOLLOWER: accept ELECTION from c1e7a0ec-ae3b-4726-987d-7d9bf2cc9de6: our priority 0 <= candidate's priority 1
2023-04-11 11:25:29,584 [grpc-default-executor-2] INFO  server.RaftServer$Division (RaftServerImpl.java:setRole(321)) - 05ccd17e-9552-4505-90bd-a622c50008e8@group-E60AD42C943A: changes role from  FOLLOWER to FOLLOWER at term 1 for candidate:c1e7a0ec-ae3b-4726-987d-7d9bf2cc9de6
2023-04-11 11:25:29,584 [grpc-default-executor-2] INFO  impl.RoleInfo (RoleInfo.java:shutdownFollowerState(110)) - 05ccd17e-9552-4505-90bd-a622c50008e8: shutdown 05ccd17e-9552-4505-90bd-a622c50008e8@group-E60AD42C943A-FollowerState
2023-04-11 11:25:29,584 [27a39a48-bb81-47fe-95ba-2ac18a68ea79@group-E60AD42C943A-FollowerState] INFO  server.RaftServerConfigKeys (ConfUtils.java:logFallback(53)) - raft.server.rpc.first-election.timeout.min = 5s (fallback to raft.server.rpc.timeout.min)
2023-04-11 11:25:29,585 [27a39a48-bb81-47fe-95ba-2ac18a68ea79@group-E60AD42C943A-FollowerState] INFO  server.RaftServerConfigKeys (ConfUtils.java:logFallback(53)) - raft.server.rpc.first-election.timeout.max = 5200ms (fallback to raft.server.rpc.timeout.max)
2023-04-11 11:25:29,586 [grpc-default-executor-2] INFO  impl.RoleInfo (RoleInfo.java:updateAndGet(139)) - 05ccd17e-9552-4505-90bd-a622c50008e8: start 05ccd17e-9552-4505-90bd-a622c50008e8@group-E60AD42C943A-FollowerState
2023-04-11 11:25:29,587 [Listener at 127.0.0.1/39679] INFO  rpc.RpcClient (RpcClient.java:createVolume(476)) - Creating Volume: volume21709, with user61614 as owner and space quota set to -1 bytes, counts quota set to -1
2023-04-11 11:25:29,587 [grpc-default-executor-3] INFO  server.RaftServer$Division (RaftServerImpl.java:requestVote(1251)) - 27a39a48-bb81-47fe-95ba-2ac18a68ea79@group-E60AD42C943A replies to ELECTION vote request: c1e7a0ec-ae3b-4726-987d-7d9bf2cc9de6<-27a39a48-bb81-47fe-95ba-2ac18a68ea79#0:OK-t1. Peer's state: 27a39a48-bb81-47fe-95ba-2ac18a68ea79@group-E60AD42C943A:t1, leader=null, voted=c1e7a0ec-ae3b-4726-987d-7d9bf2cc9de6, raftlog=Memoized:27a39a48-bb81-47fe-95ba-2ac18a68ea79@group-E60AD42C943A-SegmentedRaftLog:OPENED:c-1, conf=-1: peers:[c1e7a0ec-ae3b-4726-987d-7d9bf2cc9de6|rpc:10.1.0.37:46253|dataStream:10.1.0.37:45319|priority:1|startupRole:FOLLOWER, 27a39a48-bb81-47fe-95ba-2ac18a68ea79|rpc:10.1.0.37:41701|dataStream:10.1.0.37:45441|priority:0|startupRole:FOLLOWER, 05ccd17e-9552-4505-90bd-a622c50008e8|rpc:10.1.0.37:41579|dataStream:10.1.0.37:46539|priority:0|startupRole:FOLLOWER]|listeners:[], old=null
2023-04-11 11:25:29,588 [05ccd17e-9552-4505-90bd-a622c50008e8@group-E60AD42C943A-FollowerState] INFO  impl.FollowerState (FollowerState.java:run(152)) - 05ccd17e-9552-4505-90bd-a622c50008e8@group-E60AD42C943A-FollowerState was interrupted
2023-04-11 11:25:29,589 [c1e7a0ec-ae3b-4726-987d-7d9bf2cc9de6@group-E60AD42C943A-LeaderElection26] INFO  impl.LeaderElection (LeaderElection.java:logAndReturn(90)) - c1e7a0ec-ae3b-4726-987d-7d9bf2cc9de6@group-E60AD42C943A-LeaderElection26: ELECTION PASSED received 1 response(s) and 0 exception(s):
2023-04-11 11:25:29,590 [c1e7a0ec-ae3b-4726-987d-7d9bf2cc9de6@group-E60AD42C943A-LeaderElection26] INFO  impl.LeaderElection (LeaderElection.java:logAndReturn(94)) -   Response 0: c1e7a0ec-ae3b-4726-987d-7d9bf2cc9de6<-27a39a48-bb81-47fe-95ba-2ac18a68ea79#0:OK-t1
2023-04-11 11:25:29,590 [c1e7a0ec-ae3b-4726-987d-7d9bf2cc9de6@group-E60AD42C943A-LeaderElection26] INFO  impl.LeaderElection (LeaderElection.java:askForVotes(314)) - c1e7a0ec-ae3b-4726-987d-7d9bf2cc9de6@group-E60AD42C943A-LeaderElection26 ELECTION round 0: result PASSED
2023-04-11 11:25:29,590 [c1e7a0ec-ae3b-4726-987d-7d9bf2cc9de6@group-E60AD42C943A-LeaderElection26] INFO  impl.RoleInfo (RoleInfo.java:shutdownLeaderElection(130)) - c1e7a0ec-ae3b-4726-987d-7d9bf2cc9de6: shutdown c1e7a0ec-ae3b-4726-987d-7d9bf2cc9de6@group-E60AD42C943A-LeaderElection26
2023-04-11 11:25:29,591 [c1e7a0ec-ae3b-4726-987d-7d9bf2cc9de6@group-E60AD42C943A-LeaderElection26] INFO  server.RaftServer$Division (RaftServerImpl.java:setRole(321)) - c1e7a0ec-ae3b-4726-987d-7d9bf2cc9de6@group-E60AD42C943A: changes role from CANDIDATE to LEADER at term 1 for changeToLeader
2023-04-11 11:25:29,591 [c1e7a0ec-ae3b-4726-987d-7d9bf2cc9de6@group-E60AD42C943A-LeaderElection26] INFO  ratis.XceiverServerRatis (XceiverServerRatis.java:handleLeaderChangedNotification(904)) - Leader change notification received for group: group-E60AD42C943A with new leaderId: c1e7a0ec-ae3b-4726-987d-7d9bf2cc9de6
2023-04-11 11:25:29,592 [c1e7a0ec-ae3b-4726-987d-7d9bf2cc9de6@group-E60AD42C943A-LeaderElection26] INFO  server.RaftServer$Division (ServerState.java:setLeader(313)) - c1e7a0ec-ae3b-4726-987d-7d9bf2cc9de6@group-E60AD42C943A: change Leader from null to c1e7a0ec-ae3b-4726-987d-7d9bf2cc9de6 at term 1 for becomeLeader, leader elected after 5206ms
2023-04-11 11:25:29,592 [c1e7a0ec-ae3b-4726-987d-7d9bf2cc9de6@group-E60AD42C943A-LeaderElection26] INFO  server.RaftServerConfigKeys (ConfUtils.java:logGet(46)) - raft.server.staging.catchup.gap = 1000 (default)
2023-04-11 11:25:29,592 [c1e7a0ec-ae3b-4726-987d-7d9bf2cc9de6@group-E60AD42C943A-LeaderElection26] INFO  server.RaftServerConfigKeys (ConfUtils.java:logGet(46)) - raft.server.write.element-limit = 1024 (custom)
2023-04-11 11:25:29,592 [c1e7a0ec-ae3b-4726-987d-7d9bf2cc9de6@group-E60AD42C943A-LeaderElection26] INFO  server.RaftServerConfigKeys (ConfUtils.java:logGet(46)) - raft.server.write.byte-limit = 1024 M (=1073741824) (custom)
2023-04-11 11:25:29,592 [c1e7a0ec-ae3b-4726-987d-7d9bf2cc9de6@group-E60AD42C943A-LeaderElection26] INFO  server.RaftServerConfigKeys (ConfUtils.java:logGet(46)) - raft.server.watch.timeout = 180s (custom)
2023-04-11 11:25:29,592 [c1e7a0ec-ae3b-4726-987d-7d9bf2cc9de6@group-E60AD42C943A-LeaderElection26] INFO  server.RaftServerConfigKeys (ConfUtils.java:logGet(46)) - raft.server.watch.timeout.denomination = 1s (default)
2023-04-11 11:25:29,592 [c1e7a0ec-ae3b-4726-987d-7d9bf2cc9de6@group-E60AD42C943A-LeaderElection26] INFO  server.RaftServerConfigKeys (ConfUtils.java:logGet(46)) - raft.server.watch.element-limit = 65536 (default)
2023-04-11 11:25:29,592 [c1e7a0ec-ae3b-4726-987d-7d9bf2cc9de6@group-E60AD42C943A-LeaderElection26] INFO  server.RaftServerConfigKeys (ConfUtils.java:logGet(46)) - raft.server.write.element-limit = 1024 (custom)
2023-04-11 11:25:29,592 [c1e7a0ec-ae3b-4726-987d-7d9bf2cc9de6@group-E60AD42C943A-LeaderElection26] INFO  server.RaftServerConfigKeys (ConfUtils.java:logGet(46)) - raft.server.write.follower.gap.ratio.max = -1.0 (default)
2023-04-11 11:25:29,593 [c1e7a0ec-ae3b-4726-987d-7d9bf2cc9de6@group-E60AD42C943A-LeaderElection26] INFO  server.RaftServerConfigKeys (ConfUtils.java:logGet(46)) - raft.server.log.appender.snapshot.chunk.size.max = 16MB (=16777216) (default)
2023-04-11 11:25:29,593 [c1e7a0ec-ae3b-4726-987d-7d9bf2cc9de6@group-E60AD42C943A-LeaderElection26] INFO  server.RaftServerConfigKeys (ConfUtils.java:logGet(46)) - raft.server.log.appender.buffer.byte-limit = 33554432 (custom)
2023-04-11 11:25:29,593 [c1e7a0ec-ae3b-4726-987d-7d9bf2cc9de6@group-E60AD42C943A-LeaderElection26] INFO  server.RaftServerConfigKeys (ConfUtils.java:logGet(46)) - raft.server.log.appender.buffer.element-limit = 1 (custom)
2023-04-11 11:25:29,593 [c1e7a0ec-ae3b-4726-987d-7d9bf2cc9de6@group-E60AD42C943A-LeaderElection26] INFO  grpc.GrpcConfigKeys (ConfUtils.java:logGet(46)) - raft.grpc.server.leader.outstanding.appends.max = 128 (default)
2023-04-11 11:25:29,593 [c1e7a0ec-ae3b-4726-987d-7d9bf2cc9de6@group-E60AD42C943A-LeaderElection26] INFO  server.RaftServerConfigKeys (ConfUtils.java:logGet(46)) - raft.server.rpc.request.timeout = 60s (custom)
2023-04-11 11:25:29,593 [c1e7a0ec-ae3b-4726-987d-7d9bf2cc9de6@group-E60AD42C943A-LeaderElection26] INFO  server.RaftServerConfigKeys (ConfUtils.java:logGet(46)) - raft.server.log.appender.install.snapshot.enabled = false (custom)
2023-04-11 11:25:29,593 [c1e7a0ec-ae3b-4726-987d-7d9bf2cc9de6@group-E60AD42C943A-LeaderElection26] INFO  grpc.GrpcConfigKeys (ConfUtils.java:logGet(46)) - raft.grpc.server.heartbeat.channel = true (default)
2023-04-11 11:25:29,593 [c1e7a0ec-ae3b-4726-987d-7d9bf2cc9de6@group-E60AD42C943A-LeaderElection26] INFO  server.RaftServerConfigKeys (ConfUtils.java:logGet(46)) - raft.server.log.appender.wait-time.min = 10ms (default)
2023-04-11 11:25:29,593 [c1e7a0ec-ae3b-4726-987d-7d9bf2cc9de6@group-E60AD42C943A-LeaderElection26] INFO  server.RaftServerConfigKeys (ConfUtils.java:logGet(46)) - raft.server.log.appender.snapshot.chunk.size.max = 16MB (=16777216) (default)
2023-04-11 11:25:29,593 [c1e7a0ec-ae3b-4726-987d-7d9bf2cc9de6@group-E60AD42C943A-LeaderElection26] INFO  server.RaftServerConfigKeys (ConfUtils.java:logGet(46)) - raft.server.log.appender.buffer.byte-limit = 33554432 (custom)
2023-04-11 11:25:29,594 [c1e7a0ec-ae3b-4726-987d-7d9bf2cc9de6@group-E60AD42C943A-LeaderElection26] INFO  server.RaftServerConfigKeys (ConfUtils.java:logGet(46)) - raft.server.log.appender.buffer.element-limit = 1 (custom)
2023-04-11 11:25:29,594 [c1e7a0ec-ae3b-4726-987d-7d9bf2cc9de6@group-E60AD42C943A-LeaderElection26] INFO  grpc.GrpcConfigKeys (ConfUtils.java:logGet(46)) - raft.grpc.server.leader.outstanding.appends.max = 128 (default)
2023-04-11 11:25:29,594 [c1e7a0ec-ae3b-4726-987d-7d9bf2cc9de6@group-E60AD42C943A-LeaderElection26] INFO  server.RaftServerConfigKeys (ConfUtils.java:logGet(46)) - raft.server.rpc.request.timeout = 60s (custom)
2023-04-11 11:25:29,591 [grpc-default-executor-2] INFO  server.RaftServer$Division (RaftServerImpl.java:requestVote(1251)) - 05ccd17e-9552-4505-90bd-a622c50008e8@group-E60AD42C943A replies to ELECTION vote request: c1e7a0ec-ae3b-4726-987d-7d9bf2cc9de6<-05ccd17e-9552-4505-90bd-a622c50008e8#0:OK-t1. Peer's state: 05ccd17e-9552-4505-90bd-a622c50008e8@group-E60AD42C943A:t1, leader=null, voted=c1e7a0ec-ae3b-4726-987d-7d9bf2cc9de6, raftlog=Memoized:05ccd17e-9552-4505-90bd-a622c50008e8@group-E60AD42C943A-SegmentedRaftLog:OPENED:c-1, conf=-1: peers:[c1e7a0ec-ae3b-4726-987d-7d9bf2cc9de6|rpc:10.1.0.37:46253|dataStream:10.1.0.37:45319|priority:1|startupRole:FOLLOWER, 27a39a48-bb81-47fe-95ba-2ac18a68ea79|rpc:10.1.0.37:41701|dataStream:10.1.0.37:45441|priority:0|startupRole:FOLLOWER, 05ccd17e-9552-4505-90bd-a622c50008e8|rpc:10.1.0.37:41579|dataStream:10.1.0.37:46539|priority:0|startupRole:FOLLOWER]|listeners:[], old=null
2023-04-11 11:25:29,601 [EventQueue-PipelineReportForPipelineReportHandler] INFO  pipeline.PipelineManagerImpl (PipelineManagerImpl.java:openPipeline(367)) - Pipeline Pipeline[ Id: 7b387448-c3b5-4b86-8817-e60ad42c943a, Nodes: c1e7a0ec-ae3b-4726-987d-7d9bf2cc9de6(fv-az590-525.scpgifznvsounmmscp2whtfmwe.cx.internal.cloudapp.net/10.1.0.37)27a39a48-bb81-47fe-95ba-2ac18a68ea79(fv-az590-525.scpgifznvsounmmscp2whtfmwe.cx.internal.cloudapp.net/10.1.0.37)05ccd17e-9552-4505-90bd-a622c50008e8(fv-az590-525.scpgifznvsounmmscp2whtfmwe.cx.internal.cloudapp.net/10.1.0.37), ReplicationConfig: RATIS/THREE, State:ALLOCATED, leaderId:c1e7a0ec-ae3b-4726-987d-7d9bf2cc9de6, CreationTimestamp2023-04-11T11:25:21.847Z[Etc/UTC]] moved to OPEN state
2023-04-11 11:25:29,603 [c1e7a0ec-ae3b-4726-987d-7d9bf2cc9de6@group-E60AD42C943A-LeaderElection26] INFO  server.RaftServerConfigKeys (ConfUtils.java:logGet(46)) - raft.server.log.appender.install.snapshot.enabled = false (custom)
2023-04-11 11:25:29,603 [c1e7a0ec-ae3b-4726-987d-7d9bf2cc9de6@group-E60AD42C943A-LeaderElection26] INFO  grpc.GrpcConfigKeys (ConfUtils.java:logGet(46)) - raft.grpc.server.heartbeat.channel = true (default)
2023-04-11 11:25:29,603 [c1e7a0ec-ae3b-4726-987d-7d9bf2cc9de6@group-E60AD42C943A-LeaderElection26] INFO  server.RaftServerConfigKeys (ConfUtils.java:logGet(46)) - raft.server.log.appender.wait-time.min = 10ms (default)
2023-04-11 11:25:29,603 [c1e7a0ec-ae3b-4726-987d-7d9bf2cc9de6@group-E60AD42C943A-LeaderElection26] INFO  impl.RoleInfo (RoleInfo.java:updateAndGet(139)) - c1e7a0ec-ae3b-4726-987d-7d9bf2cc9de6: start c1e7a0ec-ae3b-4726-987d-7d9bf2cc9de6@group-E60AD42C943A-LeaderStateImpl
2023-04-11 11:25:29,604 [c1e7a0ec-ae3b-4726-987d-7d9bf2cc9de6@group-E60AD42C943A-LeaderElection26] INFO  segmented.SegmentedRaftLogWorker (SegmentedRaftLogWorker.java:startLogSegment(452)) - c1e7a0ec-ae3b-4726-987d-7d9bf2cc9de6@group-E60AD42C943A-SegmentedRaftLogWorker: Starting segment from index:0
2023-04-11 11:25:29,608 [OM StateMachine ApplyTransaction Thread - 0] INFO  volume.OMVolumeCreateRequest (OMVolumeCreateRequest.java:validateAndUpdateCache(195)) - created volume:volume21709 for user:user61614
2023-04-11 11:25:29,594 [05ccd17e-9552-4505-90bd-a622c50008e8@group-E60AD42C943A-FollowerState] INFO  server.RaftServerConfigKeys (ConfUtils.java:logFallback(53)) - raft.server.rpc.first-election.timeout.min = 5s (fallback to raft.server.rpc.timeout.min)
2023-04-11 11:25:29,608 [05ccd17e-9552-4505-90bd-a622c50008e8@group-E60AD42C943A-FollowerState] INFO  server.RaftServerConfigKeys (ConfUtils.java:logFallback(53)) - raft.server.rpc.first-election.timeout.max = 5200ms (fallback to raft.server.rpc.timeout.max)
2023-04-11 11:25:29,609 [c1e7a0ec-ae3b-4726-987d-7d9bf2cc9de6@group-E60AD42C943A-SegmentedRaftLogWorker] INFO  segmented.SegmentedRaftLogWorker (SegmentedRaftLogWorker.java:execute(656)) - c1e7a0ec-ae3b-4726-987d-7d9bf2cc9de6@group-E60AD42C943A-SegmentedRaftLogWorker: created new log segment /home/runner/work/ozone/ozone/hadoop-ozone/integration-test/target/test-dir/MiniOzoneClusterImpl-1c4368e0-208c-48c5-9b0c-56c20ccf1352/datanode-2/data/ratis/7b387448-c3b5-4b86-8817-e60ad42c943a/current/log_inprogress_0
2023-04-11 11:25:29,632 [c1e7a0ec-ae3b-4726-987d-7d9bf2cc9de6@group-E60AD42C943A-LeaderElection26] INFO  server.RaftServer$Division (ServerState.java:setRaftConf(430)) - c1e7a0ec-ae3b-4726-987d-7d9bf2cc9de6@group-E60AD42C943A: set configuration 0: peers:[c1e7a0ec-ae3b-4726-987d-7d9bf2cc9de6|rpc:10.1.0.37:46253|dataStream:10.1.0.37:45319|priority:1|startupRole:FOLLOWER, 27a39a48-bb81-47fe-95ba-2ac18a68ea79|rpc:10.1.0.37:41701|dataStream:10.1.0.37:45441|priority:0|startupRole:FOLLOWER, 05ccd17e-9552-4505-90bd-a622c50008e8|rpc:10.1.0.37:41579|dataStream:10.1.0.37:46539|priority:0|startupRole:FOLLOWER]|listeners:[], old=null
2023-04-11 11:25:29,637 [Listener at 127.0.0.1/39679] INFO  rpc.RpcClient (RpcClient.java:createBucket(698)) - Creating Bucket: volume21709/bucket98076, with bucket layout LEGACY, runner as owner, Versioning false, Storage Type set to DISK and Encryption set to false, Replication Type set to server-side default replication type, Namespace Quota set to -1, Space Quota set to -1 
2023-04-11 11:25:29,638 [27a39a48-bb81-47fe-95ba-2ac18a68ea79-server-thread1] INFO  ratis.XceiverServerRatis (XceiverServerRatis.java:handleLeaderChangedNotification(904)) - Leader change notification received for group: group-E60AD42C943A with new leaderId: c1e7a0ec-ae3b-4726-987d-7d9bf2cc9de6
2023-04-11 11:25:29,638 [27a39a48-bb81-47fe-95ba-2ac18a68ea79-server-thread1] INFO  server.RaftServer$Division (ServerState.java:setLeader(313)) - 27a39a48-bb81-47fe-95ba-2ac18a68ea79@group-E60AD42C943A: change Leader from null to c1e7a0ec-ae3b-4726-987d-7d9bf2cc9de6 at term 1 for appendEntries, leader elected after 5285ms
2023-04-11 11:25:29,643 [OM StateMachine ApplyTransaction Thread - 0] INFO  bucket.OMBucketCreateRequest (OMBucketCreateRequest.java:validateAndUpdateCache(269)) - created bucket: bucket98076 of layout LEGACY in volume: volume21709
2023-04-11 11:25:29,646 [05ccd17e-9552-4505-90bd-a622c50008e8-server-thread1] INFO  ratis.XceiverServerRatis (XceiverServerRatis.java:handleLeaderChangedNotification(904)) - Leader change notification received for group: group-E60AD42C943A with new leaderId: c1e7a0ec-ae3b-4726-987d-7d9bf2cc9de6
2023-04-11 11:25:29,646 [05ccd17e-9552-4505-90bd-a622c50008e8-server-thread1] INFO  server.RaftServer$Division (ServerState.java:setLeader(313)) - 05ccd17e-9552-4505-90bd-a622c50008e8@group-E60AD42C943A: change Leader from null to c1e7a0ec-ae3b-4726-987d-7d9bf2cc9de6 at term 1 for appendEntries, leader elected after 5226ms
2023-04-11 11:25:29,670 [27a39a48-bb81-47fe-95ba-2ac18a68ea79-server-thread3] INFO  server.RaftServer$Division (ServerState.java:setRaftConf(430)) - 27a39a48-bb81-47fe-95ba-2ac18a68ea79@group-E60AD42C943A: set configuration 0: peers:[c1e7a0ec-ae3b-4726-987d-7d9bf2cc9de6|rpc:10.1.0.37:46253|dataStream:10.1.0.37:45319|priority:1|startupRole:FOLLOWER, 27a39a48-bb81-47fe-95ba-2ac18a68ea79|rpc:10.1.0.37:41701|dataStream:10.1.0.37:45441|priority:0|startupRole:FOLLOWER, 05ccd17e-9552-4505-90bd-a622c50008e8|rpc:10.1.0.37:41579|dataStream:10.1.0.37:46539|priority:0|startupRole:FOLLOWER]|listeners:[], old=null
2023-04-11 11:25:29,670 [27a39a48-bb81-47fe-95ba-2ac18a68ea79-server-thread3] INFO  segmented.SegmentedRaftLogWorker (SegmentedRaftLogWorker.java:startLogSegment(452)) - 27a39a48-bb81-47fe-95ba-2ac18a68ea79@group-E60AD42C943A-SegmentedRaftLogWorker: Starting segment from index:0
2023-04-11 11:25:29,672 [05ccd17e-9552-4505-90bd-a622c50008e8-server-thread3] INFO  server.RaftServer$Division (ServerState.java:setRaftConf(430)) - 05ccd17e-9552-4505-90bd-a622c50008e8@group-E60AD42C943A: set configuration 0: peers:[c1e7a0ec-ae3b-4726-987d-7d9bf2cc9de6|rpc:10.1.0.37:46253|dataStream:10.1.0.37:45319|priority:1|startupRole:FOLLOWER, 27a39a48-bb81-47fe-95ba-2ac18a68ea79|rpc:10.1.0.37:41701|dataStream:10.1.0.37:45441|priority:0|startupRole:FOLLOWER, 05ccd17e-9552-4505-90bd-a622c50008e8|rpc:10.1.0.37:41579|dataStream:10.1.0.37:46539|priority:0|startupRole:FOLLOWER]|listeners:[], old=null
2023-04-11 11:25:29,673 [05ccd17e-9552-4505-90bd-a622c50008e8-server-thread3] INFO  segmented.SegmentedRaftLogWorker (SegmentedRaftLogWorker.java:startLogSegment(452)) - 05ccd17e-9552-4505-90bd-a622c50008e8@group-E60AD42C943A-SegmentedRaftLogWorker: Starting segment from index:0
2023-04-11 11:25:29,674 [27a39a48-bb81-47fe-95ba-2ac18a68ea79@group-E60AD42C943A-SegmentedRaftLogWorker] INFO  segmented.SegmentedRaftLogWorker (SegmentedRaftLogWorker.java:execute(656)) - 27a39a48-bb81-47fe-95ba-2ac18a68ea79@group-E60AD42C943A-SegmentedRaftLogWorker: created new log segment /home/runner/work/ozone/ozone/hadoop-ozone/integration-test/target/test-dir/MiniOzoneClusterImpl-1c4368e0-208c-48c5-9b0c-56c20ccf1352/datanode-0/data/ratis/7b387448-c3b5-4b86-8817-e60ad42c943a/current/log_inprogress_0
2023-04-11 11:25:29,686 [05ccd17e-9552-4505-90bd-a622c50008e8@group-E60AD42C943A-SegmentedRaftLogWorker] INFO  segmented.SegmentedRaftLogWorker (SegmentedRaftLogWorker.java:execute(656)) - 05ccd17e-9552-4505-90bd-a622c50008e8@group-E60AD42C943A-SegmentedRaftLogWorker: created new log segment /home/runner/work/ozone/ozone/hadoop-ozone/integration-test/target/test-dir/MiniOzoneClusterImpl-1c4368e0-208c-48c5-9b0c-56c20ccf1352/datanode-1/data/ratis/7b387448-c3b5-4b86-8817-e60ad42c943a/current/log_inprogress_0
]]></system-out>
  </testcase>
  <testcase name="testGetTrashRoot" classname="TestOzoneFileSystem" time="21.225">
    <system-out><![CDATA[2023-04-11 11:26:08,183 [Listener at 127.0.0.1/39679] INFO  ozone.MiniOzoneClusterImpl (MiniOzoneClusterImpl.java:shutdown(455)) - Shutting down the Mini Ozone Cluster
2023-04-11 11:26:08,184 [Listener at 127.0.0.1/39679] INFO  ozone.MiniOzoneClusterImpl (MiniOzoneClusterImpl.java:stop(471)) - Stopping the Mini Ozone Cluster
2023-04-11 11:26:08,184 [Listener at 127.0.0.1/39679] INFO  ozone.MiniOzoneClusterImpl (MiniOzoneClusterImpl.java:stopOM(557)) - Stopping the OzoneManager
2023-04-11 11:26:08,184 [Listener at 127.0.0.1/39679] INFO  om.OzoneManager (OzoneManager.java:stop(2154)) - om1[localhost:0]: Stopping Ozone Manager
2023-04-11 11:26:08,184 [Listener at 127.0.0.1/39679] INFO  ipc.Server (Server.java:stop(3501)) - Stopping server on 39679
2023-04-11 11:26:08,197 [IPC Server listener on 0] INFO  ipc.Server (Server.java:run(1430)) - Stopping IPC Server listener on 0
2023-04-11 11:26:08,198 [IPC Server Responder] INFO  ipc.Server (Server.java:run(1563)) - Stopping IPC Server Responder
2023-04-11 11:26:08,198 [Listener at 127.0.0.1/39679] INFO  server.RaftServer (RaftServerProxy.java:lambda$close$6(409)) - om1: close
2023-04-11 11:26:08,198 [Listener at 127.0.0.1/39679] INFO  server.GrpcService (GrpcService.java:closeImpl(271)) - om1: shutdown server GrpcServerProtocolService now
2023-04-11 11:26:08,199 [om1-impl-thread1] INFO  server.RaftServer$Division (RaftServerImpl.java:lambda$close$4(458)) - om1@group-C5BA1605619E: shutdown
2023-04-11 11:26:08,199 [om1-impl-thread1] INFO  util.JmxRegister (JmxRegister.java:unregister(73)) - Successfully un-registered JMX Bean with object name Ratis:service=RaftServer,group=group-C5BA1605619E,id=om1
2023-04-11 11:26:08,199 [om1-impl-thread1] INFO  impl.RoleInfo (RoleInfo.java:shutdownLeaderState(93)) - om1: shutdown om1@group-C5BA1605619E-LeaderStateImpl
2023-04-11 11:26:08,199 [om1-impl-thread1] INFO  impl.PendingRequests (PendingRequests.java:sendNotLeaderResponses(282)) - om1@group-C5BA1605619E-PendingRequests: sendNotLeaderResponses
2023-04-11 11:26:08,200 [Listener at 127.0.0.1/39679] INFO  server.GrpcService (GrpcService.java:closeImpl(280)) - om1: shutdown server GrpcServerProtocolService successfully
2023-04-11 11:26:08,205 [om1-impl-thread1] INFO  impl.StateMachineUpdater (StateMachineUpdater.java:stopAndJoin(153)) - om1@group-C5BA1605619E-StateMachineUpdater: set stopIndex = 37006
2023-04-11 11:26:08,205 [om1@group-C5BA1605619E-StateMachineUpdater] INFO  ratis.OzoneManagerStateMachine (OzoneManagerStateMachine.java:takeSnapshot(453)) - Current Snapshot Index (t:1, i:37006)
2023-04-11 11:26:08,245 [om1@group-C5BA1605619E-StateMachineUpdater] INFO  impl.StateMachineUpdater (StateMachineUpdater.java:takeSnapshot(287)) - om1@group-C5BA1605619E-StateMachineUpdater: Took a snapshot at index 37006
2023-04-11 11:26:08,245 [om1@group-C5BA1605619E-StateMachineUpdater] INFO  impl.StateMachineUpdater (StateMachineUpdater.java:lambda$new$0(92)) - om1@group-C5BA1605619E-StateMachineUpdater: snapshotIndex: updateIncreasingly -1 -> 37006
2023-04-11 11:26:08,245 [om1@group-C5BA1605619E-StateMachineUpdater] INFO  ratis.OzoneManagerStateMachine (OzoneManagerStateMachine.java:close(507)) - StateMachine has shutdown. Shutdown OzoneManager if not already shutdown.
2023-04-11 11:26:08,245 [om1@group-C5BA1605619E-StateMachineUpdater] INFO  ratis.OzoneManagerDoubleBuffer (OzoneManagerDoubleBuffer.java:stopDaemon(540)) - Stopping OMDoubleBuffer flush thread
2023-04-11 11:26:08,246 [OMDoubleBufferFlushThread] INFO  ratis.OzoneManagerDoubleBuffer (OzoneManagerDoubleBuffer.java:canFlush(625)) - OMDoubleBuffer flush thread OMDoubleBufferFlushThread is interrupted and will exit.
2023-04-11 11:26:08,247 [om1-impl-thread1] INFO  server.RaftServer$Division (ServerState.java:close(466)) - om1@group-C5BA1605619E: closes. applyIndex: 37006
2023-04-11 11:26:08,252 [om1@group-C5BA1605619E-SegmentedRaftLogWorker] INFO  segmented.SegmentedRaftLogWorker (SegmentedRaftLogWorker.java:run(347)) - om1@group-C5BA1605619E-SegmentedRaftLogWorker was interrupted, exiting. There are 0 tasks remaining in the queue.
2023-04-11 11:26:08,256 [om1-impl-thread1] INFO  segmented.SegmentedRaftLogWorker (SegmentedRaftLogWorker.java:close(257)) - om1@group-C5BA1605619E-SegmentedRaftLogWorker close()
2023-04-11 11:26:08,256 [JvmPauseMonitor11] INFO  util.JvmPauseMonitor (JvmPauseMonitor.java:run(111)) - JvmPauseMonitor-om1: Stopped
2023-04-11 11:26:08,256 [Listener at 127.0.0.1/39679] INFO  ratis.OzoneManagerStateMachine (OzoneManagerStateMachine.java:close(507)) - StateMachine has shutdown. Shutdown OzoneManager if not already shutdown.
2023-04-11 11:26:08,256 [Listener at 127.0.0.1/39679] INFO  ratis.OzoneManagerDoubleBuffer (OzoneManagerDoubleBuffer.java:stopDaemon(549)) - OMDoubleBuffer flush thread is not running.
2023-04-11 11:26:08,258 [Listener at 127.0.0.1/39679] INFO  utils.BackgroundService (BackgroundService.java:shutdown(141)) - Shutting down service KeyDeletingService
2023-04-11 11:26:08,258 [Listener at 127.0.0.1/39679] INFO  utils.BackgroundService (BackgroundService.java:shutdown(141)) - Shutting down service DirectoryDeletingService
2023-04-11 11:26:08,258 [Listener at 127.0.0.1/39679] INFO  utils.BackgroundService (BackgroundService.java:shutdown(141)) - Shutting down service OpenKeyCleanupService
2023-04-11 11:26:08,258 [Listener at 127.0.0.1/39679] INFO  utils.BackgroundService (BackgroundService.java:shutdown(141)) - Shutting down service SstFilteringService
2023-04-11 11:26:08,259 [Listener at 127.0.0.1/39679] INFO  utils.BackgroundService (BackgroundService.java:shutdown(141)) - Shutting down service SnapshotDeletingService
2023-04-11 11:26:08,259 [Listener at 127.0.0.1/39679] INFO  handler.ContextHandler (ContextHandler.java:doStop(1159)) - Stopped o.e.j.w.WebAppContext@4ebd659{ozoneManager,/,null,STOPPED}{file:/home/runner/work/ozone/ozone/hadoop-ozone/integration-test/target/test-classes/webapps/ozoneManager}
2023-04-11 11:26:08,260 [Listener at 127.0.0.1/39679] INFO  server.AbstractConnector (AbstractConnector.java:doStop(383)) - Stopped ServerConnector@4b832de6{HTTP/1.1, (http/1.1)}{0.0.0.0:0}
2023-04-11 11:26:08,260 [Listener at 127.0.0.1/39679] INFO  server.session (HouseKeeper.java:stopScavenging(149)) - node0 Stopped scavenging
2023-04-11 11:26:08,260 [Listener at 127.0.0.1/39679] INFO  handler.ContextHandler (ContextHandler.java:doStop(1159)) - Stopped o.e.j.s.ServletContextHandler@632488f6{static,/static,file:///home/runner/work/ozone/ozone/hadoop-ozone/integration-test/target/test-classes/webapps/static,STOPPED}
2023-04-11 11:26:08,260 [Listener at 127.0.0.1/39679] INFO  handler.ContextHandler (ContextHandler.java:doStop(1159)) - Stopped o.e.j.s.ServletContextHandler@a515665{logs,/logs,file:///home/runner/work/ozone/ozone/hadoop-ozone/integration-test/target/log,STOPPED}
2023-04-11 11:26:08,261 [Trash Emptier] ERROR om.TrashPolicyOzone (TrashPolicyOzone.java:run(350)) - Error attempting to shutdown
java.lang.InterruptedException
	at java.util.concurrent.locks.AbstractQueuedSynchronizer$ConditionObject.awaitNanos(AbstractQueuedSynchronizer.java:2067)
	at java.util.concurrent.ThreadPoolExecutor.awaitTermination(ThreadPoolExecutor.java:1475)
	at org.apache.hadoop.ozone.om.TrashPolicyOzone$Emptier.run(TrashPolicyOzone.java:348)
	at java.lang.Thread.run(Thread.java:750)
2023-04-11 11:26:08,264 [Listener at 127.0.0.1/39679] INFO  ozone.MiniOzoneClusterImpl (MiniOzoneClusterImpl.java:stopDatanodes(534)) - Stopping the HddsDatanodes
2023-04-11 11:26:08,266 [Listener at 127.0.0.1/39679] INFO  ozoneimpl.OzoneContainer (OzoneContainer.java:stop(419)) - Attempting to stop container services.
2023-04-11 11:26:08,266 [Listener at 127.0.0.1/39679] INFO  server.RaftServer (RaftServerProxy.java:lambda$close$6(409)) - c1e7a0ec-ae3b-4726-987d-7d9bf2cc9de6: close
2023-04-11 11:26:08,266 [c1e7a0ec-ae3b-4726-987d-7d9bf2cc9de6-impl-thread1] INFO  server.RaftServer$Division (RaftServerImpl.java:lambda$close$4(458)) - c1e7a0ec-ae3b-4726-987d-7d9bf2cc9de6@group-E60AD42C943A: shutdown
2023-04-11 11:26:08,267 [c1e7a0ec-ae3b-4726-987d-7d9bf2cc9de6-impl-thread1] INFO  util.JmxRegister (JmxRegister.java:unregister(73)) - Successfully un-registered JMX Bean with object name Ratis:service=RaftServer,group=group-E60AD42C943A,id=c1e7a0ec-ae3b-4726-987d-7d9bf2cc9de6
2023-04-11 11:26:08,267 [c1e7a0ec-ae3b-4726-987d-7d9bf2cc9de6-impl-thread1] INFO  impl.RoleInfo (RoleInfo.java:shutdownLeaderState(93)) - c1e7a0ec-ae3b-4726-987d-7d9bf2cc9de6: shutdown c1e7a0ec-ae3b-4726-987d-7d9bf2cc9de6@group-E60AD42C943A-LeaderStateImpl
2023-04-11 11:26:08,267 [c1e7a0ec-ae3b-4726-987d-7d9bf2cc9de6-impl-thread2] INFO  server.RaftServer$Division (RaftServerImpl.java:lambda$close$4(458)) - c1e7a0ec-ae3b-4726-987d-7d9bf2cc9de6@group-3707CBA54D61: shutdown
2023-04-11 11:26:08,267 [c1e7a0ec-ae3b-4726-987d-7d9bf2cc9de6-impl-thread2] INFO  util.JmxRegister (JmxRegister.java:unregister(73)) - Successfully un-registered JMX Bean with object name Ratis:service=RaftServer,group=group-3707CBA54D61,id=c1e7a0ec-ae3b-4726-987d-7d9bf2cc9de6
2023-04-11 11:26:08,267 [c1e7a0ec-ae3b-4726-987d-7d9bf2cc9de6-impl-thread2] INFO  impl.RoleInfo (RoleInfo.java:shutdownFollowerState(110)) - c1e7a0ec-ae3b-4726-987d-7d9bf2cc9de6: shutdown c1e7a0ec-ae3b-4726-987d-7d9bf2cc9de6@group-3707CBA54D61-FollowerState
2023-04-11 11:26:08,268 [grpc-default-executor-1] INFO  server.GrpcServerProtocolService (GrpcServerProtocolService.java:onCompleted(143)) - 27a39a48-bb81-47fe-95ba-2ac18a68ea79: Completed APPEND_ENTRIES, lastRequest: c1e7a0ec-ae3b-4726-987d-7d9bf2cc9de6->27a39a48-bb81-47fe-95ba-2ac18a68ea79#318-t1,previous=(t:1, i:10),leaderCommit=9,initializing? true,entries: size=1, first=(t:1, i:11), METADATAENTRY(c:9)
2023-04-11 11:26:08,268 [Listener at 127.0.0.1/39679] INFO  server.GrpcService (GrpcService.java:closeImpl(271)) - c1e7a0ec-ae3b-4726-987d-7d9bf2cc9de6: shutdown server GrpcServerProtocolService now
2023-04-11 11:26:08,269 [c1e7a0ec-ae3b-4726-987d-7d9bf2cc9de6@group-3707CBA54D61-FollowerState] INFO  impl.FollowerState (FollowerState.java:run(152)) - c1e7a0ec-ae3b-4726-987d-7d9bf2cc9de6@group-3707CBA54D61-FollowerState was interrupted
2023-04-11 11:26:08,269 [c1e7a0ec-ae3b-4726-987d-7d9bf2cc9de6-impl-thread1] INFO  impl.PendingRequests (PendingRequests.java:sendNotLeaderResponses(282)) - c1e7a0ec-ae3b-4726-987d-7d9bf2cc9de6@group-E60AD42C943A-PendingRequests: sendNotLeaderResponses
2023-04-11 11:26:08,269 [c1e7a0ec-ae3b-4726-987d-7d9bf2cc9de6@group-E60AD42C943A->05ccd17e-9552-4505-90bd-a622c50008e8-GrpcLogAppender-LogAppenderDaemon] WARN  server.GrpcLogAppender (GrpcLogAppender.java:mayWait(200)) - c1e7a0ec-ae3b-4726-987d-7d9bf2cc9de6@group-E60AD42C943A->05ccd17e-9552-4505-90bd-a622c50008e8-GrpcLogAppender: Wait interrupted by java.lang.InterruptedException
2023-04-11 11:26:08,269 [c1e7a0ec-ae3b-4726-987d-7d9bf2cc9de6@group-3707CBA54D61-StateMachineUpdater] INFO  ratis.ContainerStateMachine (ContainerStateMachine.java:takeSnapshot(330)) - group-3707CBA54D61: Taking a snapshot at:(t:1, i:18) file /home/runner/work/ozone/ozone/hadoop-ozone/integration-test/target/test-dir/MiniOzoneClusterImpl-1c4368e0-208c-48c5-9b0c-56c20ccf1352/datanode-2/data/ratis/1e66c8b4-bb2a-49f8-8bdf-3707cba54d61/sm/snapshot.1_18
2023-04-11 11:26:08,269 [c1e7a0ec-ae3b-4726-987d-7d9bf2cc9de6-impl-thread2] INFO  impl.StateMachineUpdater (StateMachineUpdater.java:stopAndJoin(153)) - c1e7a0ec-ae3b-4726-987d-7d9bf2cc9de6@group-3707CBA54D61-StateMachineUpdater: set stopIndex = 18
2023-04-11 11:26:08,275 [Listener at 127.0.0.1/39679] INFO  server.GrpcServerProtocolClient (GrpcServerProtocolClient.java:close(101)) - 27a39a48-bb81-47fe-95ba-2ac18a68ea79 Close channels
2023-04-11 11:26:08,276 [c1e7a0ec-ae3b-4726-987d-7d9bf2cc9de6@group-3707CBA54D61-StateMachineUpdater] INFO  ratis.ContainerStateMachine (ContainerStateMachine.java:takeSnapshot(341)) - group-3707CBA54D61: Finished taking a snapshot at:(t:1, i:18) file:/home/runner/work/ozone/ozone/hadoop-ozone/integration-test/target/test-dir/MiniOzoneClusterImpl-1c4368e0-208c-48c5-9b0c-56c20ccf1352/datanode-2/data/ratis/1e66c8b4-bb2a-49f8-8bdf-3707cba54d61/sm/snapshot.1_18 took: 7 ms
2023-04-11 11:26:08,276 [c1e7a0ec-ae3b-4726-987d-7d9bf2cc9de6-impl-thread3] INFO  server.RaftServer$Division (RaftServerImpl.java:lambda$close$4(458)) - c1e7a0ec-ae3b-4726-987d-7d9bf2cc9de6@group-D6B75793E69F: shutdown
2023-04-11 11:26:08,276 [c1e7a0ec-ae3b-4726-987d-7d9bf2cc9de6-impl-thread3] INFO  util.JmxRegister (JmxRegister.java:unregister(73)) - Successfully un-registered JMX Bean with object name Ratis:service=RaftServer,group=group-D6B75793E69F,id=c1e7a0ec-ae3b-4726-987d-7d9bf2cc9de6
2023-04-11 11:26:08,276 [c1e7a0ec-ae3b-4726-987d-7d9bf2cc9de6-impl-thread3] INFO  impl.RoleInfo (RoleInfo.java:shutdownLeaderState(93)) - c1e7a0ec-ae3b-4726-987d-7d9bf2cc9de6: shutdown c1e7a0ec-ae3b-4726-987d-7d9bf2cc9de6@group-D6B75793E69F-LeaderStateImpl
2023-04-11 11:26:08,276 [c1e7a0ec-ae3b-4726-987d-7d9bf2cc9de6@group-3707CBA54D61-StateMachineUpdater] INFO  impl.StateMachineUpdater (StateMachineUpdater.java:takeSnapshot(287)) - c1e7a0ec-ae3b-4726-987d-7d9bf2cc9de6@group-3707CBA54D61-StateMachineUpdater: Took a snapshot at index 18
2023-04-11 11:26:08,276 [c1e7a0ec-ae3b-4726-987d-7d9bf2cc9de6@group-3707CBA54D61-StateMachineUpdater] INFO  impl.StateMachineUpdater (StateMachineUpdater.java:lambda$new$0(92)) - c1e7a0ec-ae3b-4726-987d-7d9bf2cc9de6@group-3707CBA54D61-StateMachineUpdater: snapshotIndex: updateIncreasingly -1 -> 18
2023-04-11 11:26:08,280 [c1e7a0ec-ae3b-4726-987d-7d9bf2cc9de6-impl-thread1] INFO  impl.StateMachineUpdater (StateMachineUpdater.java:stopAndJoin(153)) - c1e7a0ec-ae3b-4726-987d-7d9bf2cc9de6@group-E60AD42C943A-StateMachineUpdater: set stopIndex = 11
2023-04-11 11:26:08,281 [grpc-default-executor-1] INFO  server.GrpcServerProtocolService (GrpcServerProtocolService.java:onCompleted(143)) - 27a39a48-bb81-47fe-95ba-2ac18a68ea79: Completed APPEND_ENTRIES, lastRequest: null
2023-04-11 11:26:08,281 [c1e7a0ec-ae3b-4726-987d-7d9bf2cc9de6@group-E60AD42C943A-StateMachineUpdater] INFO  ratis.ContainerStateMachine (ContainerStateMachine.java:takeSnapshot(330)) - group-E60AD42C943A: Taking a snapshot at:(t:1, i:11) file /home/runner/work/ozone/ozone/hadoop-ozone/integration-test/target/test-dir/MiniOzoneClusterImpl-1c4368e0-208c-48c5-9b0c-56c20ccf1352/datanode-2/data/ratis/7b387448-c3b5-4b86-8817-e60ad42c943a/sm/snapshot.1_11
2023-04-11 11:26:08,282 [grpc-default-executor-1] WARN  server.GrpcClientProtocolService (LogUtils.java:warn(122)) - 1-OrderedRequestStreamObserver1: onError: org.apache.ratis.thirdparty.io.grpc.StatusRuntimeException: CANCELLED: client cancelled
2023-04-11 11:26:08,282 [grpc-default-executor-0] WARN  server.GrpcServerProtocolService (LogUtils.java:warn(122)) - c1e7a0ec-ae3b-4726-987d-7d9bf2cc9de6: installSnapshot onError, lastRequest: 05ccd17e-9552-4505-90bd-a622c50008e8->c1e7a0ec-ae3b-4726-987d-7d9bf2cc9de6#48-t1,previous=(t:1, i:17),leaderCommit=17,initializing? true,entries: size=1, first=(t:1, i:18), METADATAENTRY(c:17): org.apache.ratis.thirdparty.io.grpc.StatusRuntimeException: CANCELLED: client cancelled
2023-04-11 11:26:08,282 [grpc-default-executor-1] WARN  server.GrpcServerProtocolService (LogUtils.java:warn(122)) - c1e7a0ec-ae3b-4726-987d-7d9bf2cc9de6: installSnapshot onError, lastRequest: null: org.apache.ratis.thirdparty.io.grpc.StatusRuntimeException: CANCELLED: client cancelled
2023-04-11 11:26:08,282 [c1e7a0ec-ae3b-4726-987d-7d9bf2cc9de6@group-E60AD42C943A-StateMachineUpdater] INFO  ratis.ContainerStateMachine (ContainerStateMachine.java:takeSnapshot(341)) - group-E60AD42C943A: Finished taking a snapshot at:(t:1, i:11) file:/home/runner/work/ozone/ozone/hadoop-ozone/integration-test/target/test-dir/MiniOzoneClusterImpl-1c4368e0-208c-48c5-9b0c-56c20ccf1352/datanode-2/data/ratis/7b387448-c3b5-4b86-8817-e60ad42c943a/sm/snapshot.1_11 took: 2 ms
2023-04-11 11:26:08,283 [c1e7a0ec-ae3b-4726-987d-7d9bf2cc9de6@group-E60AD42C943A-StateMachineUpdater] INFO  impl.StateMachineUpdater (StateMachineUpdater.java:takeSnapshot(287)) - c1e7a0ec-ae3b-4726-987d-7d9bf2cc9de6@group-E60AD42C943A-StateMachineUpdater: Took a snapshot at index 11
2023-04-11 11:26:08,283 [c1e7a0ec-ae3b-4726-987d-7d9bf2cc9de6@group-E60AD42C943A-StateMachineUpdater] INFO  impl.StateMachineUpdater (StateMachineUpdater.java:lambda$new$0(92)) - c1e7a0ec-ae3b-4726-987d-7d9bf2cc9de6@group-E60AD42C943A-StateMachineUpdater: snapshotIndex: updateIncreasingly -1 -> 11
2023-04-11 11:26:08,284 [grpc-default-executor-6] INFO  server.GrpcLogAppender (GrpcLogAppender.java:onCompleted(415)) - c1e7a0ec-ae3b-4726-987d-7d9bf2cc9de6@group-E60AD42C943A->27a39a48-bb81-47fe-95ba-2ac18a68ea79-AppendLogResponseHandler: follower responses appendEntries COMPLETED
2023-04-11 11:26:08,284 [grpc-default-executor-6] WARN  server.GrpcLogAppender (GrpcLogAppender.java:resetClient(137)) - c1e7a0ec-ae3b-4726-987d-7d9bf2cc9de6@group-E60AD42C943A->27a39a48-bb81-47fe-95ba-2ac18a68ea79-GrpcLogAppender: Failed to getClient for 27a39a48-bb81-47fe-95ba-2ac18a68ea79
org.apache.ratis.protocol.exceptions.AlreadyClosedException: c1e7a0ec-ae3b-4726-987d-7d9bf2cc9de6 is already CLOSED
	at org.apache.ratis.util.PeerProxyMap$PeerAndProxy.getProxy(PeerProxyMap.java:61)
	at org.apache.ratis.util.PeerProxyMap.getProxy(PeerProxyMap.java:115)
	at org.apache.ratis.grpc.server.GrpcLogAppender.getClient(GrpcLogAppender.java:116)
	at org.apache.ratis.grpc.server.GrpcLogAppender.resetClient(GrpcLogAppender.java:121)
	at org.apache.ratis.grpc.server.GrpcLogAppender.access$500(GrpcLogAppender.java:58)
	at org.apache.ratis.grpc.server.GrpcLogAppender$AppendLogResponseHandler.onCompleted(GrpcLogAppender.java:416)
	at org.apache.ratis.thirdparty.io.grpc.stub.ClientCalls$StreamObserverToCallListenerAdapter.onClose(ClientCalls.java:485)
	at org.apache.ratis.thirdparty.io.grpc.internal.ClientCallImpl.closeObserver(ClientCallImpl.java:562)
	at org.apache.ratis.thirdparty.io.grpc.internal.ClientCallImpl.access$300(ClientCallImpl.java:70)
	at org.apache.ratis.thirdparty.io.grpc.internal.ClientCallImpl$ClientStreamListenerImpl$1StreamClosed.runInternal(ClientCallImpl.java:743)
	at org.apache.ratis.thirdparty.io.grpc.internal.ClientCallImpl$ClientStreamListenerImpl$1StreamClosed.runInContext(ClientCallImpl.java:722)
	at org.apache.ratis.thirdparty.io.grpc.internal.ContextRunnable.run(ContextRunnable.java:37)
	at org.apache.ratis.thirdparty.io.grpc.internal.SerializingExecutor.run(SerializingExecutor.java:133)
	at java.util.concurrent.ThreadPoolExecutor.runWorker(ThreadPoolExecutor.java:1149)
	at java.util.concurrent.ThreadPoolExecutor$Worker.run(ThreadPoolExecutor.java:624)
	at java.lang.Thread.run(Thread.java:750)
2023-04-11 11:26:08,285 [grpc-default-executor-7] INFO  server.GrpcServerProtocolService (GrpcServerProtocolService.java:onCompleted(143)) - 05ccd17e-9552-4505-90bd-a622c50008e8: Completed APPEND_ENTRIES, lastRequest: null
2023-04-11 11:26:08,285 [c1e7a0ec-ae3b-4726-987d-7d9bf2cc9de6-impl-thread2] INFO  server.RaftServer$Division (ServerState.java:close(466)) - c1e7a0ec-ae3b-4726-987d-7d9bf2cc9de6@group-3707CBA54D61: closes. applyIndex: 18
2023-04-11 11:26:08,288 [c1e7a0ec-ae3b-4726-987d-7d9bf2cc9de6-impl-thread3] INFO  impl.PendingRequests (PendingRequests.java:sendNotLeaderResponses(282)) - c1e7a0ec-ae3b-4726-987d-7d9bf2cc9de6@group-D6B75793E69F-PendingRequests: sendNotLeaderResponses
2023-04-11 11:26:08,288 [c1e7a0ec-ae3b-4726-987d-7d9bf2cc9de6-impl-thread3] INFO  impl.StateMachineUpdater (StateMachineUpdater.java:stopAndJoin(153)) - c1e7a0ec-ae3b-4726-987d-7d9bf2cc9de6@group-D6B75793E69F-StateMachineUpdater: set stopIndex = 0
2023-04-11 11:26:08,289 [c1e7a0ec-ae3b-4726-987d-7d9bf2cc9de6@group-D6B75793E69F-StateMachineUpdater] INFO  ratis.ContainerStateMachine (ContainerStateMachine.java:takeSnapshot(330)) - group-D6B75793E69F: Taking a snapshot at:(t:1, i:0) file /home/runner/work/ozone/ozone/hadoop-ozone/integration-test/target/test-dir/MiniOzoneClusterImpl-1c4368e0-208c-48c5-9b0c-56c20ccf1352/datanode-2/data/ratis/b995ad11-c37b-4306-88be-d6b75793e69f/sm/snapshot.1_0
2023-04-11 11:26:08,289 [c1e7a0ec-ae3b-4726-987d-7d9bf2cc9de6-impl-thread1] INFO  server.RaftServer$Division (ServerState.java:close(466)) - c1e7a0ec-ae3b-4726-987d-7d9bf2cc9de6@group-E60AD42C943A: closes. applyIndex: 11
2023-04-11 11:26:08,290 [ForkJoinPool.commonPool-worker-0] INFO  ozoneimpl.OzoneContainer (OzoneContainer.java:stop(419)) - Attempting to stop container services.
2023-04-11 11:26:08,291 [c1e7a0ec-ae3b-4726-987d-7d9bf2cc9de6@group-3707CBA54D61-SegmentedRaftLogWorker] INFO  segmented.SegmentedRaftLogWorker (SegmentedRaftLogWorker.java:run(347)) - c1e7a0ec-ae3b-4726-987d-7d9bf2cc9de6@group-3707CBA54D61-SegmentedRaftLogWorker was interrupted, exiting. There are 0 tasks remaining in the queue.
2023-04-11 11:26:08,291 [c1e7a0ec-ae3b-4726-987d-7d9bf2cc9de6@group-D6B75793E69F-StateMachineUpdater] INFO  ratis.ContainerStateMachine (ContainerStateMachine.java:takeSnapshot(341)) - group-D6B75793E69F: Finished taking a snapshot at:(t:1, i:0) file:/home/runner/work/ozone/ozone/hadoop-ozone/integration-test/target/test-dir/MiniOzoneClusterImpl-1c4368e0-208c-48c5-9b0c-56c20ccf1352/datanode-2/data/ratis/b995ad11-c37b-4306-88be-d6b75793e69f/sm/snapshot.1_0 took: 2 ms
2023-04-11 11:26:08,291 [c1e7a0ec-ae3b-4726-987d-7d9bf2cc9de6@group-D6B75793E69F-StateMachineUpdater] INFO  impl.StateMachineUpdater (StateMachineUpdater.java:takeSnapshot(287)) - c1e7a0ec-ae3b-4726-987d-7d9bf2cc9de6@group-D6B75793E69F-StateMachineUpdater: Took a snapshot at index 0
2023-04-11 11:26:08,291 [grpc-default-executor-7] INFO  server.GrpcServerProtocolService (GrpcServerProtocolService.java:onCompleted(143)) - 05ccd17e-9552-4505-90bd-a622c50008e8: Completed APPEND_ENTRIES, lastRequest: c1e7a0ec-ae3b-4726-987d-7d9bf2cc9de6->05ccd17e-9552-4505-90bd-a622c50008e8#310-t1,previous=(t:1, i:10),leaderCommit=9,initializing? true,entries: size=1, first=(t:1, i:11), METADATAENTRY(c:9)
2023-04-11 11:26:08,291 [c1e7a0ec-ae3b-4726-987d-7d9bf2cc9de6@group-D6B75793E69F-StateMachineUpdater] INFO  impl.StateMachineUpdater (StateMachineUpdater.java:lambda$new$0(92)) - c1e7a0ec-ae3b-4726-987d-7d9bf2cc9de6@group-D6B75793E69F-StateMachineUpdater: snapshotIndex: updateIncreasingly -1 -> 0
2023-04-11 11:26:08,293 [c1e7a0ec-ae3b-4726-987d-7d9bf2cc9de6-impl-thread3] INFO  server.RaftServer$Division (ServerState.java:close(466)) - c1e7a0ec-ae3b-4726-987d-7d9bf2cc9de6@group-D6B75793E69F: closes. applyIndex: 0
2023-04-11 11:26:08,293 [grpc-default-executor-5] WARN  server.GrpcLogAppender (LogUtils.java:warn(122)) - 05ccd17e-9552-4505-90bd-a622c50008e8@group-3707CBA54D61->c1e7a0ec-ae3b-4726-987d-7d9bf2cc9de6-AppendLogResponseHandler: Failed appendEntries: org.apache.ratis.thirdparty.io.grpc.StatusRuntimeException: CANCELLED: RST_STREAM closed stream. HTTP/2 error code: CANCEL
2023-04-11 11:26:08,294 [c1e7a0ec-ae3b-4726-987d-7d9bf2cc9de6@group-D6B75793E69F-SegmentedRaftLogWorker] INFO  segmented.SegmentedRaftLogWorker (SegmentedRaftLogWorker.java:run(347)) - c1e7a0ec-ae3b-4726-987d-7d9bf2cc9de6@group-D6B75793E69F-SegmentedRaftLogWorker was interrupted, exiting. There are 0 tasks remaining in the queue.
2023-04-11 11:26:08,293 [c1e7a0ec-ae3b-4726-987d-7d9bf2cc9de6-impl-thread2] INFO  segmented.SegmentedRaftLogWorker (SegmentedRaftLogWorker.java:close(257)) - c1e7a0ec-ae3b-4726-987d-7d9bf2cc9de6@group-3707CBA54D61-SegmentedRaftLogWorker close()
2023-04-11 11:26:08,292 [ForkJoinPool.commonPool-worker-0] INFO  server.RaftServer (RaftServerProxy.java:lambda$close$6(409)) - 05ccd17e-9552-4505-90bd-a622c50008e8: close
2023-04-11 11:26:08,292 [c1e7a0ec-ae3b-4726-987d-7d9bf2cc9de6@group-E60AD42C943A-SegmentedRaftLogWorker] INFO  segmented.SegmentedRaftLogWorker (SegmentedRaftLogWorker.java:run(347)) - c1e7a0ec-ae3b-4726-987d-7d9bf2cc9de6@group-E60AD42C943A-SegmentedRaftLogWorker was interrupted, exiting. There are 0 tasks remaining in the queue.
2023-04-11 11:26:08,294 [grpc-default-executor-5] INFO  leader.FollowerInfo (FollowerInfoImpl.java:lambda$new$0(48)) - 05ccd17e-9552-4505-90bd-a622c50008e8@group-3707CBA54D61->c1e7a0ec-ae3b-4726-987d-7d9bf2cc9de6: nextIndex: updateUnconditionally 19 -> 18
2023-04-11 11:26:08,294 [05ccd17e-9552-4505-90bd-a622c50008e8-impl-thread1] INFO  server.RaftServer$Division (RaftServerImpl.java:lambda$close$4(458)) - 05ccd17e-9552-4505-90bd-a622c50008e8@group-E60AD42C943A: shutdown
2023-04-11 11:26:08,294 [05ccd17e-9552-4505-90bd-a622c50008e8-impl-thread1] INFO  util.JmxRegister (JmxRegister.java:unregister(73)) - Successfully un-registered JMX Bean with object name Ratis:service=RaftServer,group=group-E60AD42C943A,id=05ccd17e-9552-4505-90bd-a622c50008e8
2023-04-11 11:26:08,294 [05ccd17e-9552-4505-90bd-a622c50008e8-impl-thread1] INFO  impl.RoleInfo (RoleInfo.java:shutdownFollowerState(110)) - 05ccd17e-9552-4505-90bd-a622c50008e8: shutdown 05ccd17e-9552-4505-90bd-a622c50008e8@group-E60AD42C943A-FollowerState
2023-04-11 11:26:08,294 [05ccd17e-9552-4505-90bd-a622c50008e8-impl-thread2] INFO  server.RaftServer$Division (RaftServerImpl.java:lambda$close$4(458)) - 05ccd17e-9552-4505-90bd-a622c50008e8@group-39EF754177A6: shutdown
2023-04-11 11:26:08,294 [05ccd17e-9552-4505-90bd-a622c50008e8-impl-thread2] INFO  util.JmxRegister (JmxRegister.java:unregister(73)) - Successfully un-registered JMX Bean with object name Ratis:service=RaftServer,group=group-39EF754177A6,id=05ccd17e-9552-4505-90bd-a622c50008e8
2023-04-11 11:26:08,294 [05ccd17e-9552-4505-90bd-a622c50008e8-impl-thread2] INFO  impl.RoleInfo (RoleInfo.java:shutdownLeaderState(93)) - 05ccd17e-9552-4505-90bd-a622c50008e8: shutdown 05ccd17e-9552-4505-90bd-a622c50008e8@group-39EF754177A6-LeaderStateImpl
2023-04-11 11:26:08,294 [05ccd17e-9552-4505-90bd-a622c50008e8-impl-thread2] INFO  impl.PendingRequests (PendingRequests.java:sendNotLeaderResponses(282)) - 05ccd17e-9552-4505-90bd-a622c50008e8@group-39EF754177A6-PendingRequests: sendNotLeaderResponses
2023-04-11 11:26:08,295 [05ccd17e-9552-4505-90bd-a622c50008e8-impl-thread2] INFO  impl.StateMachineUpdater (StateMachineUpdater.java:stopAndJoin(153)) - 05ccd17e-9552-4505-90bd-a622c50008e8@group-39EF754177A6-StateMachineUpdater: set stopIndex = 0
2023-04-11 11:26:08,295 [ForkJoinPool.commonPool-worker-0] INFO  server.GrpcService (GrpcService.java:closeImpl(271)) - 05ccd17e-9552-4505-90bd-a622c50008e8: shutdown server GrpcServerProtocolService now
2023-04-11 11:26:08,296 [grpc-default-executor-8] WARN  server.GrpcLogAppender (LogUtils.java:warn(122)) - 05ccd17e-9552-4505-90bd-a622c50008e8@group-3707CBA54D61->c1e7a0ec-ae3b-4726-987d-7d9bf2cc9de6-AppendLogResponseHandler: Failed appendEntries: org.apache.ratis.thirdparty.io.grpc.StatusRuntimeException: CANCELLED: RST_STREAM closed stream. HTTP/2 error code: CANCEL
2023-04-11 11:26:08,297 [grpc-default-executor-8] INFO  leader.FollowerInfo (FollowerInfoImpl.java:lambda$new$0(48)) - 05ccd17e-9552-4505-90bd-a622c50008e8@group-3707CBA54D61->c1e7a0ec-ae3b-4726-987d-7d9bf2cc9de6: nextIndex: updateUnconditionally 19 -> 18
2023-04-11 11:26:08,297 [c1e7a0ec-ae3b-4726-987d-7d9bf2cc9de6-impl-thread1] INFO  segmented.SegmentedRaftLogWorker (SegmentedRaftLogWorker.java:close(257)) - c1e7a0ec-ae3b-4726-987d-7d9bf2cc9de6@group-E60AD42C943A-SegmentedRaftLogWorker close()
2023-04-11 11:26:08,297 [c1e7a0ec-ae3b-4726-987d-7d9bf2cc9de6-impl-thread3] INFO  segmented.SegmentedRaftLogWorker (SegmentedRaftLogWorker.java:close(257)) - c1e7a0ec-ae3b-4726-987d-7d9bf2cc9de6@group-D6B75793E69F-SegmentedRaftLogWorker close()
2023-04-11 11:26:08,297 [grpc-default-executor-8] INFO  server.GrpcLogAppender (GrpcLogAppender.java:onCompleted(415)) - c1e7a0ec-ae3b-4726-987d-7d9bf2cc9de6@group-E60AD42C943A->05ccd17e-9552-4505-90bd-a622c50008e8-AppendLogResponseHandler: follower responses appendEntries COMPLETED
2023-04-11 11:26:08,298 [grpc-default-executor-8] INFO  leader.FollowerInfo (FollowerInfoImpl.java:lambda$new$0(48)) - c1e7a0ec-ae3b-4726-987d-7d9bf2cc9de6@group-E60AD42C943A->05ccd17e-9552-4505-90bd-a622c50008e8: nextIndex: updateUnconditionally 12 -> 11
2023-04-11 11:26:08,295 [05ccd17e-9552-4505-90bd-a622c50008e8@group-39EF754177A6-StateMachineUpdater] INFO  ratis.ContainerStateMachine (ContainerStateMachine.java:takeSnapshot(330)) - group-39EF754177A6: Taking a snapshot at:(t:1, i:0) file /home/runner/work/ozone/ozone/hadoop-ozone/integration-test/target/test-dir/MiniOzoneClusterImpl-1c4368e0-208c-48c5-9b0c-56c20ccf1352/datanode-1/data/ratis/6b9fed49-dabc-4272-b63b-39ef754177a6/sm/snapshot.1_0
2023-04-11 11:26:08,299 [05ccd17e-9552-4505-90bd-a622c50008e8@group-39EF754177A6-StateMachineUpdater] INFO  ratis.ContainerStateMachine (ContainerStateMachine.java:takeSnapshot(341)) - group-39EF754177A6: Finished taking a snapshot at:(t:1, i:0) file:/home/runner/work/ozone/ozone/hadoop-ozone/integration-test/target/test-dir/MiniOzoneClusterImpl-1c4368e0-208c-48c5-9b0c-56c20ccf1352/datanode-1/data/ratis/6b9fed49-dabc-4272-b63b-39ef754177a6/sm/snapshot.1_0 took: 4 ms
2023-04-11 11:26:08,299 [05ccd17e-9552-4505-90bd-a622c50008e8@group-39EF754177A6-StateMachineUpdater] INFO  impl.StateMachineUpdater (StateMachineUpdater.java:takeSnapshot(287)) - 05ccd17e-9552-4505-90bd-a622c50008e8@group-39EF754177A6-StateMachineUpdater: Took a snapshot at index 0
2023-04-11 11:26:08,299 [05ccd17e-9552-4505-90bd-a622c50008e8@group-39EF754177A6-StateMachineUpdater] INFO  impl.StateMachineUpdater (StateMachineUpdater.java:lambda$new$0(92)) - 05ccd17e-9552-4505-90bd-a622c50008e8@group-39EF754177A6-StateMachineUpdater: snapshotIndex: updateIncreasingly -1 -> 0
2023-04-11 11:26:08,299 [05ccd17e-9552-4505-90bd-a622c50008e8-impl-thread2] INFO  server.RaftServer$Division (ServerState.java:close(466)) - 05ccd17e-9552-4505-90bd-a622c50008e8@group-39EF754177A6: closes. applyIndex: 0
2023-04-11 11:26:08,299 [05ccd17e-9552-4505-90bd-a622c50008e8@group-39EF754177A6-SegmentedRaftLogWorker] INFO  segmented.SegmentedRaftLogWorker (SegmentedRaftLogWorker.java:run(347)) - 05ccd17e-9552-4505-90bd-a622c50008e8@group-39EF754177A6-SegmentedRaftLogWorker was interrupted, exiting. There are 0 tasks remaining in the queue.
2023-04-11 11:26:08,300 [grpc-default-executor-8] WARN  server.GrpcClientProtocolService (LogUtils.java:warn(122)) - 0-OrderedRequestStreamObserver0: onError: org.apache.ratis.thirdparty.io.grpc.StatusRuntimeException: CANCELLED: client cancelled
2023-04-11 11:26:08,300 [grpc-default-executor-4] INFO  server.GrpcLogAppender (GrpcLogAppender.java:onCompleted(415)) - c1e7a0ec-ae3b-4726-987d-7d9bf2cc9de6@group-E60AD42C943A->05ccd17e-9552-4505-90bd-a622c50008e8-AppendLogResponseHandler: follower responses appendEntries COMPLETED
2023-04-11 11:26:08,300 [grpc-default-executor-4] INFO  leader.FollowerInfo (FollowerInfoImpl.java:lambda$new$0(48)) - c1e7a0ec-ae3b-4726-987d-7d9bf2cc9de6@group-E60AD42C943A->05ccd17e-9552-4505-90bd-a622c50008e8: nextIndex: updateUnconditionally 11 -> 10
2023-04-11 11:26:08,300 [05ccd17e-9552-4505-90bd-a622c50008e8-impl-thread1] INFO  impl.StateMachineUpdater (StateMachineUpdater.java:stopAndJoin(153)) - 05ccd17e-9552-4505-90bd-a622c50008e8@group-E60AD42C943A-StateMachineUpdater: set stopIndex = 11
2023-04-11 11:26:08,300 [05ccd17e-9552-4505-90bd-a622c50008e8@group-E60AD42C943A-FollowerState] INFO  impl.FollowerState (FollowerState.java:run(152)) - 05ccd17e-9552-4505-90bd-a622c50008e8@group-E60AD42C943A-FollowerState was interrupted
2023-04-11 11:26:08,301 [05ccd17e-9552-4505-90bd-a622c50008e8@group-E60AD42C943A-StateMachineUpdater] INFO  ratis.ContainerStateMachine (ContainerStateMachine.java:takeSnapshot(330)) - group-E60AD42C943A: Taking a snapshot at:(t:1, i:11) file /home/runner/work/ozone/ozone/hadoop-ozone/integration-test/target/test-dir/MiniOzoneClusterImpl-1c4368e0-208c-48c5-9b0c-56c20ccf1352/datanode-1/data/ratis/7b387448-c3b5-4b86-8817-e60ad42c943a/sm/snapshot.1_11
2023-04-11 11:26:08,301 [05ccd17e-9552-4505-90bd-a622c50008e8-impl-thread3] INFO  server.RaftServer$Division (RaftServerImpl.java:lambda$close$4(458)) - 05ccd17e-9552-4505-90bd-a622c50008e8@group-3707CBA54D61: shutdown
2023-04-11 11:26:08,301 [05ccd17e-9552-4505-90bd-a622c50008e8-impl-thread3] INFO  util.JmxRegister (JmxRegister.java:unregister(73)) - Successfully un-registered JMX Bean with object name Ratis:service=RaftServer,group=group-3707CBA54D61,id=05ccd17e-9552-4505-90bd-a622c50008e8
2023-04-11 11:26:08,301 [05ccd17e-9552-4505-90bd-a622c50008e8-impl-thread3] INFO  impl.RoleInfo (RoleInfo.java:shutdownLeaderState(93)) - 05ccd17e-9552-4505-90bd-a622c50008e8: shutdown 05ccd17e-9552-4505-90bd-a622c50008e8@group-3707CBA54D61-LeaderStateImpl
2023-04-11 11:26:08,301 [05ccd17e-9552-4505-90bd-a622c50008e8@group-3707CBA54D61->27a39a48-bb81-47fe-95ba-2ac18a68ea79-GrpcLogAppender-LogAppenderDaemon] WARN  server.GrpcLogAppender (GrpcLogAppender.java:mayWait(200)) - 05ccd17e-9552-4505-90bd-a622c50008e8@group-3707CBA54D61->27a39a48-bb81-47fe-95ba-2ac18a68ea79-GrpcLogAppender: Wait interrupted by java.lang.InterruptedException
2023-04-11 11:26:08,301 [05ccd17e-9552-4505-90bd-a622c50008e8@group-3707CBA54D61->c1e7a0ec-ae3b-4726-987d-7d9bf2cc9de6-GrpcLogAppender-LogAppenderDaemon] WARN  server.GrpcLogAppender (GrpcLogAppender.java:mayWait(200)) - 05ccd17e-9552-4505-90bd-a622c50008e8@group-3707CBA54D61->c1e7a0ec-ae3b-4726-987d-7d9bf2cc9de6-GrpcLogAppender: Wait interrupted by java.lang.InterruptedException
2023-04-11 11:26:08,301 [05ccd17e-9552-4505-90bd-a622c50008e8-impl-thread3] INFO  impl.PendingRequests (PendingRequests.java:sendNotLeaderResponses(282)) - 05ccd17e-9552-4505-90bd-a622c50008e8@group-3707CBA54D61-PendingRequests: sendNotLeaderResponses
2023-04-11 11:26:08,301 [05ccd17e-9552-4505-90bd-a622c50008e8@group-E60AD42C943A-StateMachineUpdater] INFO  ratis.ContainerStateMachine (ContainerStateMachine.java:takeSnapshot(341)) - group-E60AD42C943A: Finished taking a snapshot at:(t:1, i:11) file:/home/runner/work/ozone/ozone/hadoop-ozone/integration-test/target/test-dir/MiniOzoneClusterImpl-1c4368e0-208c-48c5-9b0c-56c20ccf1352/datanode-1/data/ratis/7b387448-c3b5-4b86-8817-e60ad42c943a/sm/snapshot.1_11 took: 1 ms
2023-04-11 11:26:08,302 [05ccd17e-9552-4505-90bd-a622c50008e8@group-E60AD42C943A-StateMachineUpdater] INFO  impl.StateMachineUpdater (StateMachineUpdater.java:takeSnapshot(287)) - 05ccd17e-9552-4505-90bd-a622c50008e8@group-E60AD42C943A-StateMachineUpdater: Took a snapshot at index 11
2023-04-11 11:26:08,302 [05ccd17e-9552-4505-90bd-a622c50008e8@group-E60AD42C943A-StateMachineUpdater] INFO  impl.StateMachineUpdater (StateMachineUpdater.java:lambda$new$0(92)) - 05ccd17e-9552-4505-90bd-a622c50008e8@group-E60AD42C943A-StateMachineUpdater: snapshotIndex: updateIncreasingly -1 -> 11
2023-04-11 11:26:08,302 [05ccd17e-9552-4505-90bd-a622c50008e8-impl-thread1] INFO  server.RaftServer$Division (ServerState.java:close(466)) - 05ccd17e-9552-4505-90bd-a622c50008e8@group-E60AD42C943A: closes. applyIndex: 11
2023-04-11 11:26:08,308 [ForkJoinPool.commonPool-worker-0] INFO  server.GrpcServerProtocolClient (GrpcServerProtocolClient.java:close(101)) - c1e7a0ec-ae3b-4726-987d-7d9bf2cc9de6 Close channels
2023-04-11 11:26:08,310 [05ccd17e-9552-4505-90bd-a622c50008e8@group-E60AD42C943A-SegmentedRaftLogWorker] INFO  segmented.SegmentedRaftLogWorker (SegmentedRaftLogWorker.java:run(347)) - 05ccd17e-9552-4505-90bd-a622c50008e8@group-E60AD42C943A-SegmentedRaftLogWorker was interrupted, exiting. There are 0 tasks remaining in the queue.
2023-04-11 11:26:08,310 [05ccd17e-9552-4505-90bd-a622c50008e8-impl-thread1] INFO  segmented.SegmentedRaftLogWorker (SegmentedRaftLogWorker.java:close(257)) - 05ccd17e-9552-4505-90bd-a622c50008e8@group-E60AD42C943A-SegmentedRaftLogWorker close()
2023-04-11 11:26:08,312 [05ccd17e-9552-4505-90bd-a622c50008e8-impl-thread2] INFO  segmented.SegmentedRaftLogWorker (SegmentedRaftLogWorker.java:close(257)) - 05ccd17e-9552-4505-90bd-a622c50008e8@group-39EF754177A6-SegmentedRaftLogWorker close()
2023-04-11 11:26:08,312 [grpc-default-executor-7] INFO  server.GrpcLogAppender (GrpcLogAppender.java:onCompleted(415)) - c1e7a0ec-ae3b-4726-987d-7d9bf2cc9de6@group-E60AD42C943A->27a39a48-bb81-47fe-95ba-2ac18a68ea79-AppendLogResponseHandler: follower responses appendEntries COMPLETED
2023-04-11 11:26:08,312 [grpc-default-executor-7] WARN  server.GrpcLogAppender (GrpcLogAppender.java:resetClient(137)) - c1e7a0ec-ae3b-4726-987d-7d9bf2cc9de6@group-E60AD42C943A->27a39a48-bb81-47fe-95ba-2ac18a68ea79-GrpcLogAppender: Failed to getClient for 27a39a48-bb81-47fe-95ba-2ac18a68ea79
org.apache.ratis.protocol.exceptions.AlreadyClosedException: c1e7a0ec-ae3b-4726-987d-7d9bf2cc9de6 is already CLOSED
	at org.apache.ratis.util.PeerProxyMap$PeerAndProxy.getProxy(PeerProxyMap.java:61)
	at org.apache.ratis.util.PeerProxyMap.getProxy(PeerProxyMap.java:115)
	at org.apache.ratis.grpc.server.GrpcLogAppender.getClient(GrpcLogAppender.java:116)
	at org.apache.ratis.grpc.server.GrpcLogAppender.resetClient(GrpcLogAppender.java:121)
	at org.apache.ratis.grpc.server.GrpcLogAppender.access$500(GrpcLogAppender.java:58)
	at org.apache.ratis.grpc.server.GrpcLogAppender$AppendLogResponseHandler.onCompleted(GrpcLogAppender.java:416)
	at org.apache.ratis.thirdparty.io.grpc.stub.ClientCalls$StreamObserverToCallListenerAdapter.onClose(ClientCalls.java:485)
	at org.apache.ratis.thirdparty.io.grpc.internal.DelayedClientCall$DelayedListener$3.run(DelayedClientCall.java:468)
	at org.apache.ratis.thirdparty.io.grpc.internal.DelayedClientCall$DelayedListener.delayOrExecute(DelayedClientCall.java:432)
	at org.apache.ratis.thirdparty.io.grpc.internal.DelayedClientCall$DelayedListener.onClose(DelayedClientCall.java:465)
	at org.apache.ratis.thirdparty.io.grpc.internal.ClientCallImpl.closeObserver(ClientCallImpl.java:562)
	at org.apache.ratis.thirdparty.io.grpc.internal.ClientCallImpl.access$300(ClientCallImpl.java:70)
	at org.apache.ratis.thirdparty.io.grpc.internal.ClientCallImpl$ClientStreamListenerImpl$1StreamClosed.runInternal(ClientCallImpl.java:743)
	at org.apache.ratis.thirdparty.io.grpc.internal.ClientCallImpl$ClientStreamListenerImpl$1StreamClosed.runInContext(ClientCallImpl.java:722)
	at org.apache.ratis.thirdparty.io.grpc.internal.ContextRunnable.run(ContextRunnable.java:37)
	at org.apache.ratis.thirdparty.io.grpc.internal.SerializingExecutor.run(SerializingExecutor.java:133)
	at java.util.concurrent.ThreadPoolExecutor.runWorker(ThreadPoolExecutor.java:1149)
	at java.util.concurrent.ThreadPoolExecutor$Worker.run(ThreadPoolExecutor.java:624)
	at java.lang.Thread.run(Thread.java:750)
2023-04-11 11:26:08,315 [grpc-default-executor-8] INFO  server.GrpcServerProtocolService (GrpcServerProtocolService.java:onCompleted(143)) - 27a39a48-bb81-47fe-95ba-2ac18a68ea79: Completed APPEND_ENTRIES, lastRequest: 05ccd17e-9552-4505-90bd-a622c50008e8->27a39a48-bb81-47fe-95ba-2ac18a68ea79#51-t1,previous=(t:1, i:17),leaderCommit=17,initializing? true,entries: size=1, first=(t:1, i:18), METADATAENTRY(c:17)
2023-04-11 11:26:08,315 [grpc-default-executor-5] INFO  server.GrpcServerProtocolService (GrpcServerProtocolService.java:onCompleted(143)) - 27a39a48-bb81-47fe-95ba-2ac18a68ea79: Completed APPEND_ENTRIES, lastRequest: null
2023-04-11 11:26:08,316 [grpc-default-executor-5] INFO  server.GrpcLogAppender (GrpcLogAppender.java:onError(404)) - 05ccd17e-9552-4505-90bd-a622c50008e8@group-3707CBA54D61->c1e7a0ec-ae3b-4726-987d-7d9bf2cc9de6-GrpcLogAppender is already stopped
2023-04-11 11:26:08,317 [grpc-default-executor-4] INFO  server.GrpcLogAppender (GrpcLogAppender.java:onCompleted(415)) - 05ccd17e-9552-4505-90bd-a622c50008e8@group-3707CBA54D61->27a39a48-bb81-47fe-95ba-2ac18a68ea79-AppendLogResponseHandler: follower responses appendEntries COMPLETED
2023-04-11 11:26:08,317 [grpc-default-executor-4] INFO  leader.FollowerInfo (FollowerInfoImpl.java:lambda$new$0(48)) - 05ccd17e-9552-4505-90bd-a622c50008e8@group-3707CBA54D61->27a39a48-bb81-47fe-95ba-2ac18a68ea79: nextIndex: updateUnconditionally 19 -> 18
2023-04-11 11:26:08,318 [grpc-default-executor-2] INFO  server.GrpcLogAppender (GrpcLogAppender.java:onCompleted(415)) - 05ccd17e-9552-4505-90bd-a622c50008e8@group-3707CBA54D61->27a39a48-bb81-47fe-95ba-2ac18a68ea79-AppendLogResponseHandler: follower responses appendEntries COMPLETED
2023-04-11 11:26:08,318 [grpc-default-executor-2] INFO  leader.FollowerInfo (FollowerInfoImpl.java:lambda$new$0(48)) - 05ccd17e-9552-4505-90bd-a622c50008e8@group-3707CBA54D61->27a39a48-bb81-47fe-95ba-2ac18a68ea79: nextIndex: updateUnconditionally 18 -> 17
2023-04-11 11:26:08,324 [grpc-default-executor-2] INFO  server.GrpcLogAppender (GrpcLogAppender.java:onError(404)) - 05ccd17e-9552-4505-90bd-a622c50008e8@group-3707CBA54D61->c1e7a0ec-ae3b-4726-987d-7d9bf2cc9de6-GrpcLogAppender is already stopped
2023-04-11 11:26:08,324 [Listener at 127.0.0.1/39679] INFO  server.GrpcServerProtocolClient (GrpcServerProtocolClient.java:close(101)) - 05ccd17e-9552-4505-90bd-a622c50008e8 Close channels
2023-04-11 11:26:08,324 [ForkJoinPool.commonPool-worker-0] INFO  server.GrpcServerProtocolClient (GrpcServerProtocolClient.java:close(101)) - 27a39a48-bb81-47fe-95ba-2ac18a68ea79 Close channels
2023-04-11 11:26:08,324 [05ccd17e-9552-4505-90bd-a622c50008e8-impl-thread3] INFO  impl.StateMachineUpdater (StateMachineUpdater.java:stopAndJoin(153)) - 05ccd17e-9552-4505-90bd-a622c50008e8@group-3707CBA54D61-StateMachineUpdater: set stopIndex = 18
2023-04-11 11:26:08,324 [05ccd17e-9552-4505-90bd-a622c50008e8@group-3707CBA54D61-StateMachineUpdater] INFO  ratis.ContainerStateMachine (ContainerStateMachine.java:takeSnapshot(330)) - group-3707CBA54D61: Taking a snapshot at:(t:1, i:18) file /home/runner/work/ozone/ozone/hadoop-ozone/integration-test/target/test-dir/MiniOzoneClusterImpl-1c4368e0-208c-48c5-9b0c-56c20ccf1352/datanode-1/data/ratis/1e66c8b4-bb2a-49f8-8bdf-3707cba54d61/sm/snapshot.1_18
2023-04-11 11:26:08,325 [Listener at 127.0.0.1/39679] INFO  server.GrpcService (GrpcService.java:closeImpl(280)) - c1e7a0ec-ae3b-4726-987d-7d9bf2cc9de6: shutdown server GrpcServerProtocolService successfully
2023-04-11 11:26:08,327 [c1e7a0ec-ae3b-4726-987d-7d9bf2cc9de6-NettyServerStreamRpc-bossGroup--thread1] INFO  logging.LoggingHandler (AbstractInternalLogger.java:log(148)) - [id: 0xf3cc7057, L:/0:0:0:0:0:0:0:0:45319] CLOSE
2023-04-11 11:26:08,327 [c1e7a0ec-ae3b-4726-987d-7d9bf2cc9de6-NettyServerStreamRpc-bossGroup--thread1] INFO  logging.LoggingHandler (AbstractInternalLogger.java:log(148)) - [id: 0xf3cc7057, L:/0:0:0:0:0:0:0:0:45319] INACTIVE
2023-04-11 11:26:08,327 [c1e7a0ec-ae3b-4726-987d-7d9bf2cc9de6-NettyServerStreamRpc-bossGroup--thread1] INFO  logging.LoggingHandler (AbstractInternalLogger.java:log(148)) - [id: 0xf3cc7057, L:/0:0:0:0:0:0:0:0:45319] UNREGISTERED
2023-04-11 11:26:08,328 [ForkJoinPool.commonPool-worker-0] INFO  server.GrpcService (GrpcService.java:closeImpl(280)) - 05ccd17e-9552-4505-90bd-a622c50008e8: shutdown server GrpcServerProtocolService successfully
2023-04-11 11:26:08,328 [05ccd17e-9552-4505-90bd-a622c50008e8@group-3707CBA54D61-StateMachineUpdater] INFO  ratis.ContainerStateMachine (ContainerStateMachine.java:takeSnapshot(341)) - group-3707CBA54D61: Finished taking a snapshot at:(t:1, i:18) file:/home/runner/work/ozone/ozone/hadoop-ozone/integration-test/target/test-dir/MiniOzoneClusterImpl-1c4368e0-208c-48c5-9b0c-56c20ccf1352/datanode-1/data/ratis/1e66c8b4-bb2a-49f8-8bdf-3707cba54d61/sm/snapshot.1_18 took: 4 ms
2023-04-11 11:26:08,330 [05ccd17e-9552-4505-90bd-a622c50008e8@group-3707CBA54D61-StateMachineUpdater] INFO  impl.StateMachineUpdater (StateMachineUpdater.java:takeSnapshot(287)) - 05ccd17e-9552-4505-90bd-a622c50008e8@group-3707CBA54D61-StateMachineUpdater: Took a snapshot at index 18
2023-04-11 11:26:08,330 [05ccd17e-9552-4505-90bd-a622c50008e8@group-3707CBA54D61-StateMachineUpdater] INFO  impl.StateMachineUpdater (StateMachineUpdater.java:lambda$new$0(92)) - 05ccd17e-9552-4505-90bd-a622c50008e8@group-3707CBA54D61-StateMachineUpdater: snapshotIndex: updateIncreasingly -1 -> 18
2023-04-11 11:26:08,334 [05ccd17e-9552-4505-90bd-a622c50008e8-impl-thread3] INFO  server.RaftServer$Division (ServerState.java:close(466)) - 05ccd17e-9552-4505-90bd-a622c50008e8@group-3707CBA54D61: closes. applyIndex: 18
2023-04-11 11:26:08,335 [05ccd17e-9552-4505-90bd-a622c50008e8@group-3707CBA54D61-SegmentedRaftLogWorker] INFO  segmented.SegmentedRaftLogWorker (SegmentedRaftLogWorker.java:run(347)) - 05ccd17e-9552-4505-90bd-a622c50008e8@group-3707CBA54D61-SegmentedRaftLogWorker was interrupted, exiting. There are 0 tasks remaining in the queue.
2023-04-11 11:26:08,335 [05ccd17e-9552-4505-90bd-a622c50008e8-NettyServerStreamRpc-bossGroup--thread1] INFO  logging.LoggingHandler (AbstractInternalLogger.java:log(148)) - [id: 0x56f6115f, L:/0:0:0:0:0:0:0:0:46539] CLOSE
2023-04-11 11:26:08,335 [05ccd17e-9552-4505-90bd-a622c50008e8-NettyServerStreamRpc-bossGroup--thread1] INFO  logging.LoggingHandler (AbstractInternalLogger.java:log(148)) - [id: 0x56f6115f, L:/0:0:0:0:0:0:0:0:46539] INACTIVE
2023-04-11 11:26:08,335 [05ccd17e-9552-4505-90bd-a622c50008e8-NettyServerStreamRpc-bossGroup--thread1] INFO  logging.LoggingHandler (AbstractInternalLogger.java:log(148)) - [id: 0x56f6115f, L:/0:0:0:0:0:0:0:0:46539] UNREGISTERED
2023-04-11 11:26:08,335 [JvmPauseMonitor14] INFO  util.JvmPauseMonitor (JvmPauseMonitor.java:run(111)) - JvmPauseMonitor-c1e7a0ec-ae3b-4726-987d-7d9bf2cc9de6: Stopped
2023-04-11 11:26:08,336 [05ccd17e-9552-4505-90bd-a622c50008e8-impl-thread3] INFO  segmented.SegmentedRaftLogWorker (SegmentedRaftLogWorker.java:close(257)) - 05ccd17e-9552-4505-90bd-a622c50008e8@group-3707CBA54D61-SegmentedRaftLogWorker close()
2023-04-11 11:26:08,341 [JvmPauseMonitor13] INFO  util.JvmPauseMonitor (JvmPauseMonitor.java:run(111)) - JvmPauseMonitor-05ccd17e-9552-4505-90bd-a622c50008e8: Stopped
2023-04-11 11:26:10,356 [Listener at 127.0.0.1/39679] INFO  volume.HddsVolume (HddsVolume.java:closeDbStore(437)) - SchemaV3 db is stopped at /home/runner/work/ozone/ozone/hadoop-ozone/integration-test/target/test-dir/MiniOzoneClusterImpl-1c4368e0-208c-48c5-9b0c-56c20ccf1352/datanode-2/data-0/containers/hdds/1c4368e0-208c-48c5-9b0c-56c20ccf1352/DS-cb6ed1bb-1c8b-44ef-b544-908991aa6fa5/container.db for volume DS-cb6ed1bb-1c8b-44ef-b544-908991aa6fa5
2023-04-11 11:26:10,357 [Listener at 127.0.0.1/39679] INFO  utils.BackgroundService (BackgroundService.java:shutdown(141)) - Shutting down service BlockDeletingService
2023-04-11 11:26:10,358 [Listener at 127.0.0.1/39679] INFO  utils.BackgroundService (BackgroundService.java:shutdown(141)) - Shutting down service StaleRecoveringContainerScrubbingService
2023-04-11 11:26:10,363 [ForkJoinPool.commonPool-worker-0] INFO  volume.HddsVolume (HddsVolume.java:closeDbStore(437)) - SchemaV3 db is stopped at /home/runner/work/ozone/ozone/hadoop-ozone/integration-test/target/test-dir/MiniOzoneClusterImpl-1c4368e0-208c-48c5-9b0c-56c20ccf1352/datanode-1/data-0/containers/hdds/1c4368e0-208c-48c5-9b0c-56c20ccf1352/DS-1c8c4bc3-fe29-4dc0-afde-e18135a8bcf7/container.db for volume DS-1c8c4bc3-fe29-4dc0-afde-e18135a8bcf7
2023-04-11 11:26:10,363 [ForkJoinPool.commonPool-worker-0] INFO  utils.BackgroundService (BackgroundService.java:shutdown(141)) - Shutting down service BlockDeletingService
2023-04-11 11:26:10,364 [ForkJoinPool.commonPool-worker-0] INFO  utils.BackgroundService (BackgroundService.java:shutdown(141)) - Shutting down service StaleRecoveringContainerScrubbingService
2023-04-11 11:26:10,365 [Listener at 127.0.0.1/39679] INFO  statemachine.DatanodeStateMachine (DatanodeStateMachine.java:stopDaemon(601)) - Ozone container server stopped.
2023-04-11 11:26:10,376 [ForkJoinPool.commonPool-worker-0] INFO  statemachine.DatanodeStateMachine (DatanodeStateMachine.java:stopDaemon(601)) - Ozone container server stopped.
2023-04-11 11:26:10,378 [Listener at 127.0.0.1/39679] INFO  handler.ContextHandler (ContextHandler.java:doStop(1159)) - Stopped o.e.j.w.WebAppContext@10ffe5b8{hddsDatanode,/,null,STOPPED}{jar:file:/home/runner/.m2/repository/org/apache/ozone/hdds-container-service/1.4.0-SNAPSHOT/hdds-container-service-1.4.0-SNAPSHOT.jar!/webapps/hddsDatanode}
2023-04-11 11:26:10,384 [Listener at 127.0.0.1/39679] INFO  server.AbstractConnector (AbstractConnector.java:doStop(383)) - Stopped ServerConnector@1644d1cf{HTTP/1.1, (http/1.1)}{0.0.0.0:0}
2023-04-11 11:26:10,384 [Listener at 127.0.0.1/39679] INFO  server.session (HouseKeeper.java:stopScavenging(149)) - node0 Stopped scavenging
2023-04-11 11:26:10,384 [Listener at 127.0.0.1/39679] INFO  handler.ContextHandler (ContextHandler.java:doStop(1159)) - Stopped o.e.j.s.ServletContextHandler@73908386{static,/static,jar:file:/home/runner/.m2/repository/org/apache/ozone/hdds-container-service/1.4.0-SNAPSHOT/hdds-container-service-1.4.0-SNAPSHOT.jar!/webapps/static,STOPPED}
2023-04-11 11:26:10,384 [Listener at 127.0.0.1/39679] INFO  handler.ContextHandler (ContextHandler.java:doStop(1159)) - Stopped o.e.j.s.ServletContextHandler@3d0a2f02{logs,/logs,file:///home/runner/work/ozone/ozone/hadoop-ozone/integration-test/target/log,STOPPED}
2023-04-11 11:26:10,388 [Listener at 127.0.0.1/39679] INFO  ozoneimpl.OzoneContainer (OzoneContainer.java:stop(419)) - Attempting to stop container services.
2023-04-11 11:26:10,389 [ForkJoinPool.commonPool-worker-0] INFO  handler.ContextHandler (ContextHandler.java:doStop(1159)) - Stopped o.e.j.w.WebAppContext@267822f0{hddsDatanode,/,null,STOPPED}{jar:file:/home/runner/.m2/repository/org/apache/ozone/hdds-container-service/1.4.0-SNAPSHOT/hdds-container-service-1.4.0-SNAPSHOT.jar!/webapps/hddsDatanode}
2023-04-11 11:26:10,390 [Listener at 127.0.0.1/39679] INFO  server.RaftServer (RaftServerProxy.java:lambda$close$6(409)) - 00d37185-0744-49d2-a2a1-ceac977c9e2d: close
2023-04-11 11:26:10,390 [Listener at 127.0.0.1/39679] INFO  server.GrpcService (GrpcService.java:closeImpl(271)) - 00d37185-0744-49d2-a2a1-ceac977c9e2d: shutdown server GrpcServerProtocolService now
2023-04-11 11:26:10,390 [00d37185-0744-49d2-a2a1-ceac977c9e2d-impl-thread1] INFO  server.RaftServer$Division (RaftServerImpl.java:lambda$close$4(458)) - 00d37185-0744-49d2-a2a1-ceac977c9e2d@group-1401EE39C5BC: shutdown
2023-04-11 11:26:10,390 [00d37185-0744-49d2-a2a1-ceac977c9e2d-impl-thread1] INFO  util.JmxRegister (JmxRegister.java:unregister(73)) - Successfully un-registered JMX Bean with object name Ratis:service=RaftServer,group=group-1401EE39C5BC,id=00d37185-0744-49d2-a2a1-ceac977c9e2d
2023-04-11 11:26:10,390 [00d37185-0744-49d2-a2a1-ceac977c9e2d-impl-thread1] INFO  impl.RoleInfo (RoleInfo.java:shutdownLeaderState(93)) - 00d37185-0744-49d2-a2a1-ceac977c9e2d: shutdown 00d37185-0744-49d2-a2a1-ceac977c9e2d@group-1401EE39C5BC-LeaderStateImpl
2023-04-11 11:26:10,390 [ForkJoinPool.commonPool-worker-0] INFO  server.AbstractConnector (AbstractConnector.java:doStop(383)) - Stopped ServerConnector@797b8f6e{HTTP/1.1, (http/1.1)}{0.0.0.0:0}
2023-04-11 11:26:10,390 [00d37185-0744-49d2-a2a1-ceac977c9e2d-impl-thread1] INFO  impl.PendingRequests (PendingRequests.java:sendNotLeaderResponses(282)) - 00d37185-0744-49d2-a2a1-ceac977c9e2d@group-1401EE39C5BC-PendingRequests: sendNotLeaderResponses
2023-04-11 11:26:10,390 [ForkJoinPool.commonPool-worker-0] INFO  server.session (HouseKeeper.java:stopScavenging(149)) - node0 Stopped scavenging
2023-04-11 11:26:10,391 [00d37185-0744-49d2-a2a1-ceac977c9e2d-impl-thread1] INFO  impl.StateMachineUpdater (StateMachineUpdater.java:stopAndJoin(153)) - 00d37185-0744-49d2-a2a1-ceac977c9e2d@group-1401EE39C5BC-StateMachineUpdater: set stopIndex = 0
2023-04-11 11:26:10,391 [ForkJoinPool.commonPool-worker-0] INFO  handler.ContextHandler (ContextHandler.java:doStop(1159)) - Stopped o.e.j.s.ServletContextHandler@3c8a2421{static,/static,jar:file:/home/runner/.m2/repository/org/apache/ozone/hdds-container-service/1.4.0-SNAPSHOT/hdds-container-service-1.4.0-SNAPSHOT.jar!/webapps/static,STOPPED}
2023-04-11 11:26:10,392 [Listener at 127.0.0.1/39679] INFO  server.GrpcService (GrpcService.java:closeImpl(280)) - 00d37185-0744-49d2-a2a1-ceac977c9e2d: shutdown server GrpcServerProtocolService successfully
2023-04-11 11:26:10,392 [ForkJoinPool.commonPool-worker-0] INFO  handler.ContextHandler (ContextHandler.java:doStop(1159)) - Stopped o.e.j.s.ServletContextHandler@5f9a87d9{logs,/logs,file:///home/runner/work/ozone/ozone/hadoop-ozone/integration-test/target/log,STOPPED}
2023-04-11 11:26:10,393 [00d37185-0744-49d2-a2a1-ceac977c9e2d-NettyServerStreamRpc-bossGroup--thread1] INFO  logging.LoggingHandler (AbstractInternalLogger.java:log(148)) - [id: 0x3e636ccc, L:/0:0:0:0:0:0:0:0:35105] CLOSE
2023-04-11 11:26:10,393 [00d37185-0744-49d2-a2a1-ceac977c9e2d-NettyServerStreamRpc-bossGroup--thread1] INFO  logging.LoggingHandler (AbstractInternalLogger.java:log(148)) - [id: 0x3e636ccc, L:/0:0:0:0:0:0:0:0:35105] INACTIVE
2023-04-11 11:26:10,393 [00d37185-0744-49d2-a2a1-ceac977c9e2d-NettyServerStreamRpc-bossGroup--thread1] INFO  logging.LoggingHandler (AbstractInternalLogger.java:log(148)) - [id: 0x3e636ccc, L:/0:0:0:0:0:0:0:0:35105] UNREGISTERED
2023-04-11 11:26:10,392 [00d37185-0744-49d2-a2a1-ceac977c9e2d@group-1401EE39C5BC-StateMachineUpdater] INFO  ratis.ContainerStateMachine (ContainerStateMachine.java:takeSnapshot(330)) - group-1401EE39C5BC: Taking a snapshot at:(t:1, i:0) file /home/runner/work/ozone/ozone/hadoop-ozone/integration-test/target/test-dir/MiniOzoneClusterImpl-1c4368e0-208c-48c5-9b0c-56c20ccf1352/datanode-4/data/ratis/48148168-a27e-4093-9c75-1401ee39c5bc/sm/snapshot.1_0
2023-04-11 11:26:10,395 [00d37185-0744-49d2-a2a1-ceac977c9e2d@group-1401EE39C5BC-StateMachineUpdater] INFO  ratis.ContainerStateMachine (ContainerStateMachine.java:takeSnapshot(341)) - group-1401EE39C5BC: Finished taking a snapshot at:(t:1, i:0) file:/home/runner/work/ozone/ozone/hadoop-ozone/integration-test/target/test-dir/MiniOzoneClusterImpl-1c4368e0-208c-48c5-9b0c-56c20ccf1352/datanode-4/data/ratis/48148168-a27e-4093-9c75-1401ee39c5bc/sm/snapshot.1_0 took: 4 ms
2023-04-11 11:26:10,396 [00d37185-0744-49d2-a2a1-ceac977c9e2d@group-1401EE39C5BC-StateMachineUpdater] INFO  impl.StateMachineUpdater (StateMachineUpdater.java:takeSnapshot(287)) - 00d37185-0744-49d2-a2a1-ceac977c9e2d@group-1401EE39C5BC-StateMachineUpdater: Took a snapshot at index 0
2023-04-11 11:26:10,396 [00d37185-0744-49d2-a2a1-ceac977c9e2d@group-1401EE39C5BC-StateMachineUpdater] INFO  impl.StateMachineUpdater (StateMachineUpdater.java:lambda$new$0(92)) - 00d37185-0744-49d2-a2a1-ceac977c9e2d@group-1401EE39C5BC-StateMachineUpdater: snapshotIndex: updateIncreasingly -1 -> 0
2023-04-11 11:26:10,396 [00d37185-0744-49d2-a2a1-ceac977c9e2d-impl-thread1] INFO  server.RaftServer$Division (ServerState.java:close(466)) - 00d37185-0744-49d2-a2a1-ceac977c9e2d@group-1401EE39C5BC: closes. applyIndex: 0
2023-04-11 11:26:10,396 [ForkJoinPool.commonPool-worker-0] INFO  ozoneimpl.OzoneContainer (OzoneContainer.java:stop(419)) - Attempting to stop container services.
2023-04-11 11:26:10,396 [00d37185-0744-49d2-a2a1-ceac977c9e2d@group-1401EE39C5BC-SegmentedRaftLogWorker] INFO  segmented.SegmentedRaftLogWorker (SegmentedRaftLogWorker.java:run(347)) - 00d37185-0744-49d2-a2a1-ceac977c9e2d@group-1401EE39C5BC-SegmentedRaftLogWorker was interrupted, exiting. There are 0 tasks remaining in the queue.
2023-04-11 11:26:10,397 [ForkJoinPool.commonPool-worker-0] INFO  server.RaftServer (RaftServerProxy.java:lambda$close$6(409)) - 27a39a48-bb81-47fe-95ba-2ac18a68ea79: close
2023-04-11 11:26:10,398 [00d37185-0744-49d2-a2a1-ceac977c9e2d-impl-thread1] INFO  segmented.SegmentedRaftLogWorker (SegmentedRaftLogWorker.java:close(257)) - 00d37185-0744-49d2-a2a1-ceac977c9e2d@group-1401EE39C5BC-SegmentedRaftLogWorker close()
2023-04-11 11:26:10,398 [27a39a48-bb81-47fe-95ba-2ac18a68ea79-impl-thread1] INFO  server.RaftServer$Division (RaftServerImpl.java:lambda$close$4(458)) - 27a39a48-bb81-47fe-95ba-2ac18a68ea79@group-D77A48D10EAB: shutdown
2023-04-11 11:26:10,398 [27a39a48-bb81-47fe-95ba-2ac18a68ea79-impl-thread1] INFO  util.JmxRegister (JmxRegister.java:unregister(73)) - Successfully un-registered JMX Bean with object name Ratis:service=RaftServer,group=group-D77A48D10EAB,id=27a39a48-bb81-47fe-95ba-2ac18a68ea79
2023-04-11 11:26:10,398 [27a39a48-bb81-47fe-95ba-2ac18a68ea79-impl-thread2] INFO  server.RaftServer$Division (RaftServerImpl.java:lambda$close$4(458)) - 27a39a48-bb81-47fe-95ba-2ac18a68ea79@group-E60AD42C943A: shutdown
2023-04-11 11:26:10,398 [27a39a48-bb81-47fe-95ba-2ac18a68ea79-impl-thread1] INFO  impl.RoleInfo (RoleInfo.java:shutdownLeaderState(93)) - 27a39a48-bb81-47fe-95ba-2ac18a68ea79: shutdown 27a39a48-bb81-47fe-95ba-2ac18a68ea79@group-D77A48D10EAB-LeaderStateImpl
2023-04-11 11:26:10,398 [27a39a48-bb81-47fe-95ba-2ac18a68ea79-impl-thread2] INFO  util.JmxRegister (JmxRegister.java:unregister(73)) - Successfully un-registered JMX Bean with object name Ratis:service=RaftServer,group=group-E60AD42C943A,id=27a39a48-bb81-47fe-95ba-2ac18a68ea79
2023-04-11 11:26:10,398 [27a39a48-bb81-47fe-95ba-2ac18a68ea79-impl-thread2] INFO  impl.RoleInfo (RoleInfo.java:shutdownFollowerState(110)) - 27a39a48-bb81-47fe-95ba-2ac18a68ea79: shutdown 27a39a48-bb81-47fe-95ba-2ac18a68ea79@group-E60AD42C943A-FollowerState
2023-04-11 11:26:10,398 [27a39a48-bb81-47fe-95ba-2ac18a68ea79-impl-thread1] INFO  impl.PendingRequests (PendingRequests.java:sendNotLeaderResponses(282)) - 27a39a48-bb81-47fe-95ba-2ac18a68ea79@group-D77A48D10EAB-PendingRequests: sendNotLeaderResponses
2023-04-11 11:26:10,398 [27a39a48-bb81-47fe-95ba-2ac18a68ea79-impl-thread1] INFO  impl.StateMachineUpdater (StateMachineUpdater.java:stopAndJoin(153)) - 27a39a48-bb81-47fe-95ba-2ac18a68ea79@group-D77A48D10EAB-StateMachineUpdater: set stopIndex = 0
2023-04-11 11:26:10,399 [27a39a48-bb81-47fe-95ba-2ac18a68ea79@group-D77A48D10EAB-StateMachineUpdater] INFO  ratis.ContainerStateMachine (ContainerStateMachine.java:takeSnapshot(330)) - group-D77A48D10EAB: Taking a snapshot at:(t:1, i:0) file /home/runner/work/ozone/ozone/hadoop-ozone/integration-test/target/test-dir/MiniOzoneClusterImpl-1c4368e0-208c-48c5-9b0c-56c20ccf1352/datanode-0/data/ratis/4966614c-3fc6-4167-93ae-d77a48d10eab/sm/snapshot.1_0
2023-04-11 11:26:10,399 [27a39a48-bb81-47fe-95ba-2ac18a68ea79@group-D77A48D10EAB-StateMachineUpdater] INFO  ratis.ContainerStateMachine (ContainerStateMachine.java:takeSnapshot(341)) - group-D77A48D10EAB: Finished taking a snapshot at:(t:1, i:0) file:/home/runner/work/ozone/ozone/hadoop-ozone/integration-test/target/test-dir/MiniOzoneClusterImpl-1c4368e0-208c-48c5-9b0c-56c20ccf1352/datanode-0/data/ratis/4966614c-3fc6-4167-93ae-d77a48d10eab/sm/snapshot.1_0 took: 0 ms
2023-04-11 11:26:10,399 [27a39a48-bb81-47fe-95ba-2ac18a68ea79@group-D77A48D10EAB-StateMachineUpdater] INFO  impl.StateMachineUpdater (StateMachineUpdater.java:takeSnapshot(287)) - 27a39a48-bb81-47fe-95ba-2ac18a68ea79@group-D77A48D10EAB-StateMachineUpdater: Took a snapshot at index 0
2023-04-11 11:26:10,400 [27a39a48-bb81-47fe-95ba-2ac18a68ea79@group-D77A48D10EAB-StateMachineUpdater] INFO  impl.StateMachineUpdater (StateMachineUpdater.java:lambda$new$0(92)) - 27a39a48-bb81-47fe-95ba-2ac18a68ea79@group-D77A48D10EAB-StateMachineUpdater: snapshotIndex: updateIncreasingly -1 -> 0
2023-04-11 11:26:10,400 [27a39a48-bb81-47fe-95ba-2ac18a68ea79-impl-thread1] INFO  server.RaftServer$Division (ServerState.java:close(466)) - 27a39a48-bb81-47fe-95ba-2ac18a68ea79@group-D77A48D10EAB: closes. applyIndex: 0
2023-04-11 11:26:10,402 [ForkJoinPool.commonPool-worker-0] INFO  server.GrpcService (GrpcService.java:closeImpl(271)) - 27a39a48-bb81-47fe-95ba-2ac18a68ea79: shutdown server GrpcServerProtocolService now
2023-04-11 11:26:10,402 [27a39a48-bb81-47fe-95ba-2ac18a68ea79@group-D77A48D10EAB-SegmentedRaftLogWorker] INFO  segmented.SegmentedRaftLogWorker (SegmentedRaftLogWorker.java:run(347)) - 27a39a48-bb81-47fe-95ba-2ac18a68ea79@group-D77A48D10EAB-SegmentedRaftLogWorker was interrupted, exiting. There are 0 tasks remaining in the queue.
2023-04-11 11:26:10,402 [27a39a48-bb81-47fe-95ba-2ac18a68ea79-impl-thread1] INFO  segmented.SegmentedRaftLogWorker (SegmentedRaftLogWorker.java:close(257)) - 27a39a48-bb81-47fe-95ba-2ac18a68ea79@group-D77A48D10EAB-SegmentedRaftLogWorker close()
2023-04-11 11:26:10,403 [ForkJoinPool.commonPool-worker-0] INFO  server.GrpcServerProtocolClient (GrpcServerProtocolClient.java:close(101)) - c1e7a0ec-ae3b-4726-987d-7d9bf2cc9de6 Close channels
2023-04-11 11:26:10,403 [ForkJoinPool.commonPool-worker-0] INFO  server.GrpcServerProtocolClient (GrpcServerProtocolClient.java:close(101)) - 05ccd17e-9552-4505-90bd-a622c50008e8 Close channels
2023-04-11 11:26:10,407 [ForkJoinPool.commonPool-worker-0] INFO  server.GrpcService (GrpcService.java:closeImpl(280)) - 27a39a48-bb81-47fe-95ba-2ac18a68ea79: shutdown server GrpcServerProtocolService successfully
2023-04-11 11:26:10,407 [27a39a48-bb81-47fe-95ba-2ac18a68ea79@group-E60AD42C943A-StateMachineUpdater] INFO  ratis.ContainerStateMachine (ContainerStateMachine.java:takeSnapshot(330)) - group-E60AD42C943A: Taking a snapshot at:(t:1, i:11) file /home/runner/work/ozone/ozone/hadoop-ozone/integration-test/target/test-dir/MiniOzoneClusterImpl-1c4368e0-208c-48c5-9b0c-56c20ccf1352/datanode-0/data/ratis/7b387448-c3b5-4b86-8817-e60ad42c943a/sm/snapshot.1_11
2023-04-11 11:26:10,407 [27a39a48-bb81-47fe-95ba-2ac18a68ea79-NettyServerStreamRpc-bossGroup--thread1] INFO  logging.LoggingHandler (AbstractInternalLogger.java:log(148)) - [id: 0xa2006a40, L:/0:0:0:0:0:0:0:0:45441] CLOSE
2023-04-11 11:26:10,407 [27a39a48-bb81-47fe-95ba-2ac18a68ea79-NettyServerStreamRpc-bossGroup--thread1] INFO  logging.LoggingHandler (AbstractInternalLogger.java:log(148)) - [id: 0xa2006a40, L:/0:0:0:0:0:0:0:0:45441] INACTIVE
2023-04-11 11:26:10,407 [27a39a48-bb81-47fe-95ba-2ac18a68ea79-NettyServerStreamRpc-bossGroup--thread1] INFO  logging.LoggingHandler (AbstractInternalLogger.java:log(148)) - [id: 0xa2006a40, L:/0:0:0:0:0:0:0:0:45441] UNREGISTERED
2023-04-11 11:26:10,407 [27a39a48-bb81-47fe-95ba-2ac18a68ea79-impl-thread2] INFO  impl.StateMachineUpdater (StateMachineUpdater.java:stopAndJoin(153)) - 27a39a48-bb81-47fe-95ba-2ac18a68ea79@group-E60AD42C943A-StateMachineUpdater: set stopIndex = 11
2023-04-11 11:26:10,409 [27a39a48-bb81-47fe-95ba-2ac18a68ea79@group-E60AD42C943A-StateMachineUpdater] INFO  ratis.ContainerStateMachine (ContainerStateMachine.java:takeSnapshot(341)) - group-E60AD42C943A: Finished taking a snapshot at:(t:1, i:11) file:/home/runner/work/ozone/ozone/hadoop-ozone/integration-test/target/test-dir/MiniOzoneClusterImpl-1c4368e0-208c-48c5-9b0c-56c20ccf1352/datanode-0/data/ratis/7b387448-c3b5-4b86-8817-e60ad42c943a/sm/snapshot.1_11 took: 2 ms
2023-04-11 11:26:10,409 [27a39a48-bb81-47fe-95ba-2ac18a68ea79@group-E60AD42C943A-StateMachineUpdater] INFO  impl.StateMachineUpdater (StateMachineUpdater.java:takeSnapshot(287)) - 27a39a48-bb81-47fe-95ba-2ac18a68ea79@group-E60AD42C943A-StateMachineUpdater: Took a snapshot at index 11
2023-04-11 11:26:10,409 [27a39a48-bb81-47fe-95ba-2ac18a68ea79@group-E60AD42C943A-StateMachineUpdater] INFO  impl.StateMachineUpdater (StateMachineUpdater.java:lambda$new$0(92)) - 27a39a48-bb81-47fe-95ba-2ac18a68ea79@group-E60AD42C943A-StateMachineUpdater: snapshotIndex: updateIncreasingly -1 -> 11
2023-04-11 11:26:10,409 [27a39a48-bb81-47fe-95ba-2ac18a68ea79-impl-thread3] INFO  server.RaftServer$Division (RaftServerImpl.java:lambda$close$4(458)) - 27a39a48-bb81-47fe-95ba-2ac18a68ea79@group-3707CBA54D61: shutdown
2023-04-11 11:26:10,409 [27a39a48-bb81-47fe-95ba-2ac18a68ea79-impl-thread3] INFO  util.JmxRegister (JmxRegister.java:unregister(73)) - Successfully un-registered JMX Bean with object name Ratis:service=RaftServer,group=group-3707CBA54D61,id=27a39a48-bb81-47fe-95ba-2ac18a68ea79
2023-04-11 11:26:10,409 [27a39a48-bb81-47fe-95ba-2ac18a68ea79-impl-thread3] INFO  impl.RoleInfo (RoleInfo.java:shutdownFollowerState(110)) - 27a39a48-bb81-47fe-95ba-2ac18a68ea79: shutdown 27a39a48-bb81-47fe-95ba-2ac18a68ea79@group-3707CBA54D61-FollowerState
2023-04-11 11:26:10,410 [27a39a48-bb81-47fe-95ba-2ac18a68ea79@group-3707CBA54D61-FollowerState] INFO  impl.FollowerState (FollowerState.java:run(152)) - 27a39a48-bb81-47fe-95ba-2ac18a68ea79@group-3707CBA54D61-FollowerState was interrupted
2023-04-11 11:26:10,410 [27a39a48-bb81-47fe-95ba-2ac18a68ea79@group-E60AD42C943A-FollowerState] INFO  impl.FollowerState (FollowerState.java:run(152)) - 27a39a48-bb81-47fe-95ba-2ac18a68ea79@group-E60AD42C943A-FollowerState was interrupted
2023-04-11 11:26:10,410 [27a39a48-bb81-47fe-95ba-2ac18a68ea79-impl-thread2] INFO  server.RaftServer$Division (ServerState.java:close(466)) - 27a39a48-bb81-47fe-95ba-2ac18a68ea79@group-E60AD42C943A: closes. applyIndex: 11
2023-04-11 11:26:10,410 [27a39a48-bb81-47fe-95ba-2ac18a68ea79-impl-thread3] INFO  impl.StateMachineUpdater (StateMachineUpdater.java:stopAndJoin(153)) - 27a39a48-bb81-47fe-95ba-2ac18a68ea79@group-3707CBA54D61-StateMachineUpdater: set stopIndex = 18
2023-04-11 11:26:10,410 [27a39a48-bb81-47fe-95ba-2ac18a68ea79@group-E60AD42C943A-SegmentedRaftLogWorker] INFO  segmented.SegmentedRaftLogWorker (SegmentedRaftLogWorker.java:run(347)) - 27a39a48-bb81-47fe-95ba-2ac18a68ea79@group-E60AD42C943A-SegmentedRaftLogWorker was interrupted, exiting. There are 0 tasks remaining in the queue.
2023-04-11 11:26:10,411 [27a39a48-bb81-47fe-95ba-2ac18a68ea79-impl-thread2] INFO  segmented.SegmentedRaftLogWorker (SegmentedRaftLogWorker.java:close(257)) - 27a39a48-bb81-47fe-95ba-2ac18a68ea79@group-E60AD42C943A-SegmentedRaftLogWorker close()
2023-04-11 11:26:10,411 [JvmPauseMonitor16] INFO  util.JvmPauseMonitor (JvmPauseMonitor.java:run(111)) - JvmPauseMonitor-00d37185-0744-49d2-a2a1-ceac977c9e2d: Stopped
2023-04-11 11:26:10,411 [27a39a48-bb81-47fe-95ba-2ac18a68ea79@group-3707CBA54D61-StateMachineUpdater] INFO  ratis.ContainerStateMachine (ContainerStateMachine.java:takeSnapshot(330)) - group-3707CBA54D61: Taking a snapshot at:(t:1, i:18) file /home/runner/work/ozone/ozone/hadoop-ozone/integration-test/target/test-dir/MiniOzoneClusterImpl-1c4368e0-208c-48c5-9b0c-56c20ccf1352/datanode-0/data/ratis/1e66c8b4-bb2a-49f8-8bdf-3707cba54d61/sm/snapshot.1_18
2023-04-11 11:26:10,414 [27a39a48-bb81-47fe-95ba-2ac18a68ea79@group-3707CBA54D61-StateMachineUpdater] INFO  ratis.ContainerStateMachine (ContainerStateMachine.java:takeSnapshot(341)) - group-3707CBA54D61: Finished taking a snapshot at:(t:1, i:18) file:/home/runner/work/ozone/ozone/hadoop-ozone/integration-test/target/test-dir/MiniOzoneClusterImpl-1c4368e0-208c-48c5-9b0c-56c20ccf1352/datanode-0/data/ratis/1e66c8b4-bb2a-49f8-8bdf-3707cba54d61/sm/snapshot.1_18 took: 3 ms
2023-04-11 11:26:10,414 [27a39a48-bb81-47fe-95ba-2ac18a68ea79@group-3707CBA54D61-StateMachineUpdater] INFO  impl.StateMachineUpdater (StateMachineUpdater.java:takeSnapshot(287)) - 27a39a48-bb81-47fe-95ba-2ac18a68ea79@group-3707CBA54D61-StateMachineUpdater: Took a snapshot at index 18
2023-04-11 11:26:10,414 [27a39a48-bb81-47fe-95ba-2ac18a68ea79@group-3707CBA54D61-StateMachineUpdater] INFO  impl.StateMachineUpdater (StateMachineUpdater.java:lambda$new$0(92)) - 27a39a48-bb81-47fe-95ba-2ac18a68ea79@group-3707CBA54D61-StateMachineUpdater: snapshotIndex: updateIncreasingly -1 -> 18
2023-04-11 11:26:10,415 [27a39a48-bb81-47fe-95ba-2ac18a68ea79-impl-thread3] INFO  server.RaftServer$Division (ServerState.java:close(466)) - 27a39a48-bb81-47fe-95ba-2ac18a68ea79@group-3707CBA54D61: closes. applyIndex: 18
2023-04-11 11:26:10,415 [27a39a48-bb81-47fe-95ba-2ac18a68ea79@group-3707CBA54D61-SegmentedRaftLogWorker] INFO  segmented.SegmentedRaftLogWorker (SegmentedRaftLogWorker.java:run(347)) - 27a39a48-bb81-47fe-95ba-2ac18a68ea79@group-3707CBA54D61-SegmentedRaftLogWorker was interrupted, exiting. There are 0 tasks remaining in the queue.
2023-04-11 11:26:10,415 [27a39a48-bb81-47fe-95ba-2ac18a68ea79-impl-thread3] INFO  segmented.SegmentedRaftLogWorker (SegmentedRaftLogWorker.java:close(257)) - 27a39a48-bb81-47fe-95ba-2ac18a68ea79@group-3707CBA54D61-SegmentedRaftLogWorker close()
2023-04-11 11:26:10,416 [JvmPauseMonitor12] INFO  util.JvmPauseMonitor (JvmPauseMonitor.java:run(111)) - JvmPauseMonitor-27a39a48-bb81-47fe-95ba-2ac18a68ea79: Stopped
2023-04-11 11:26:12,419 [Listener at 127.0.0.1/39679] INFO  volume.HddsVolume (HddsVolume.java:closeDbStore(437)) - SchemaV3 db is stopped at /home/runner/work/ozone/ozone/hadoop-ozone/integration-test/target/test-dir/MiniOzoneClusterImpl-1c4368e0-208c-48c5-9b0c-56c20ccf1352/datanode-4/data-0/containers/hdds/1c4368e0-208c-48c5-9b0c-56c20ccf1352/DS-f5cf0a83-34d4-416c-b3d6-380a940a0adf/container.db for volume DS-f5cf0a83-34d4-416c-b3d6-380a940a0adf
2023-04-11 11:26:12,419 [Listener at 127.0.0.1/39679] INFO  utils.BackgroundService (BackgroundService.java:shutdown(141)) - Shutting down service BlockDeletingService
2023-04-11 11:26:12,419 [Listener at 127.0.0.1/39679] INFO  utils.BackgroundService (BackgroundService.java:shutdown(141)) - Shutting down service StaleRecoveringContainerScrubbingService
2023-04-11 11:26:12,422 [Listener at 127.0.0.1/39679] INFO  statemachine.DatanodeStateMachine (DatanodeStateMachine.java:stopDaemon(601)) - Ozone container server stopped.
2023-04-11 11:26:12,429 [ForkJoinPool.commonPool-worker-0] INFO  volume.HddsVolume (HddsVolume.java:closeDbStore(437)) - SchemaV3 db is stopped at /home/runner/work/ozone/ozone/hadoop-ozone/integration-test/target/test-dir/MiniOzoneClusterImpl-1c4368e0-208c-48c5-9b0c-56c20ccf1352/datanode-0/data-0/containers/hdds/1c4368e0-208c-48c5-9b0c-56c20ccf1352/DS-e98d6f34-10ac-4355-b533-3f43e3d94247/container.db for volume DS-e98d6f34-10ac-4355-b533-3f43e3d94247
2023-04-11 11:26:12,430 [ForkJoinPool.commonPool-worker-0] INFO  utils.BackgroundService (BackgroundService.java:shutdown(141)) - Shutting down service BlockDeletingService
2023-04-11 11:26:12,430 [ForkJoinPool.commonPool-worker-0] INFO  utils.BackgroundService (BackgroundService.java:shutdown(141)) - Shutting down service StaleRecoveringContainerScrubbingService
2023-04-11 11:26:12,435 [ForkJoinPool.commonPool-worker-0] INFO  statemachine.DatanodeStateMachine (DatanodeStateMachine.java:stopDaemon(601)) - Ozone container server stopped.
2023-04-11 11:26:12,443 [Listener at 127.0.0.1/39679] INFO  handler.ContextHandler (ContextHandler.java:doStop(1159)) - Stopped o.e.j.w.WebAppContext@7c945d81{hddsDatanode,/,null,STOPPED}{jar:file:/home/runner/.m2/repository/org/apache/ozone/hdds-container-service/1.4.0-SNAPSHOT/hdds-container-service-1.4.0-SNAPSHOT.jar!/webapps/hddsDatanode}
2023-04-11 11:26:12,444 [Listener at 127.0.0.1/39679] INFO  server.AbstractConnector (AbstractConnector.java:doStop(383)) - Stopped ServerConnector@698b4f94{HTTP/1.1, (http/1.1)}{0.0.0.0:0}
2023-04-11 11:26:12,444 [Listener at 127.0.0.1/39679] INFO  server.session (HouseKeeper.java:stopScavenging(149)) - node0 Stopped scavenging
2023-04-11 11:26:12,444 [Listener at 127.0.0.1/39679] INFO  handler.ContextHandler (ContextHandler.java:doStop(1159)) - Stopped o.e.j.s.ServletContextHandler@7d5103c5{static,/static,jar:file:/home/runner/.m2/repository/org/apache/ozone/hdds-container-service/1.4.0-SNAPSHOT/hdds-container-service-1.4.0-SNAPSHOT.jar!/webapps/static,STOPPED}
2023-04-11 11:26:12,444 [Listener at 127.0.0.1/39679] INFO  handler.ContextHandler (ContextHandler.java:doStop(1159)) - Stopped o.e.j.s.ServletContextHandler@5695a0ce{logs,/logs,file:///home/runner/work/ozone/ozone/hadoop-ozone/integration-test/target/log,STOPPED}
2023-04-11 11:26:12,447 [Listener at 127.0.0.1/39679] INFO  ozoneimpl.OzoneContainer (OzoneContainer.java:stop(419)) - Attempting to stop container services.
2023-04-11 11:26:12,448 [Listener at 127.0.0.1/39679] INFO  server.RaftServer (RaftServerProxy.java:lambda$close$6(409)) - 1f55909b-7792-4429-a8f4-0e8df975840d: close
2023-04-11 11:26:12,448 [Listener at 127.0.0.1/39679] INFO  server.GrpcService (GrpcService.java:closeImpl(271)) - 1f55909b-7792-4429-a8f4-0e8df975840d: shutdown server GrpcServerProtocolService now
2023-04-11 11:26:12,448 [1f55909b-7792-4429-a8f4-0e8df975840d-impl-thread1] INFO  server.RaftServer$Division (RaftServerImpl.java:lambda$close$4(458)) - 1f55909b-7792-4429-a8f4-0e8df975840d@group-0F6F1A17E8A2: shutdown
2023-04-11 11:26:12,449 [1f55909b-7792-4429-a8f4-0e8df975840d-impl-thread1] INFO  util.JmxRegister (JmxRegister.java:unregister(73)) - Successfully un-registered JMX Bean with object name Ratis:service=RaftServer,group=group-0F6F1A17E8A2,id=1f55909b-7792-4429-a8f4-0e8df975840d
2023-04-11 11:26:12,449 [1f55909b-7792-4429-a8f4-0e8df975840d-impl-thread1] INFO  impl.RoleInfo (RoleInfo.java:shutdownLeaderState(93)) - 1f55909b-7792-4429-a8f4-0e8df975840d: shutdown 1f55909b-7792-4429-a8f4-0e8df975840d@group-0F6F1A17E8A2-LeaderStateImpl
2023-04-11 11:26:12,449 [1f55909b-7792-4429-a8f4-0e8df975840d-impl-thread1] INFO  impl.PendingRequests (PendingRequests.java:sendNotLeaderResponses(282)) - 1f55909b-7792-4429-a8f4-0e8df975840d@group-0F6F1A17E8A2-PendingRequests: sendNotLeaderResponses
2023-04-11 11:26:12,450 [1f55909b-7792-4429-a8f4-0e8df975840d-impl-thread1] INFO  impl.StateMachineUpdater (StateMachineUpdater.java:stopAndJoin(153)) - 1f55909b-7792-4429-a8f4-0e8df975840d@group-0F6F1A17E8A2-StateMachineUpdater: set stopIndex = 0
2023-04-11 11:26:12,450 [1f55909b-7792-4429-a8f4-0e8df975840d@group-0F6F1A17E8A2-StateMachineUpdater] INFO  ratis.ContainerStateMachine (ContainerStateMachine.java:takeSnapshot(330)) - group-0F6F1A17E8A2: Taking a snapshot at:(t:1, i:0) file /home/runner/work/ozone/ozone/hadoop-ozone/integration-test/target/test-dir/MiniOzoneClusterImpl-1c4368e0-208c-48c5-9b0c-56c20ccf1352/datanode-3/data/ratis/412bafeb-cf3e-4a64-9bfa-0f6f1a17e8a2/sm/snapshot.1_0
2023-04-11 11:26:12,451 [Listener at 127.0.0.1/39679] INFO  server.GrpcService (GrpcService.java:closeImpl(280)) - 1f55909b-7792-4429-a8f4-0e8df975840d: shutdown server GrpcServerProtocolService successfully
2023-04-11 11:26:12,451 [1f55909b-7792-4429-a8f4-0e8df975840d-NettyServerStreamRpc-bossGroup--thread1] INFO  logging.LoggingHandler (AbstractInternalLogger.java:log(148)) - [id: 0x919dd948, L:/0:0:0:0:0:0:0:0:37663] CLOSE
2023-04-11 11:26:12,451 [1f55909b-7792-4429-a8f4-0e8df975840d-NettyServerStreamRpc-bossGroup--thread1] INFO  logging.LoggingHandler (AbstractInternalLogger.java:log(148)) - [id: 0x919dd948, L:/0:0:0:0:0:0:0:0:37663] INACTIVE
2023-04-11 11:26:12,451 [1f55909b-7792-4429-a8f4-0e8df975840d-NettyServerStreamRpc-bossGroup--thread1] INFO  logging.LoggingHandler (AbstractInternalLogger.java:log(148)) - [id: 0x919dd948, L:/0:0:0:0:0:0:0:0:37663] UNREGISTERED
2023-04-11 11:26:12,452 [1f55909b-7792-4429-a8f4-0e8df975840d@group-0F6F1A17E8A2-StateMachineUpdater] INFO  ratis.ContainerStateMachine (ContainerStateMachine.java:takeSnapshot(341)) - group-0F6F1A17E8A2: Finished taking a snapshot at:(t:1, i:0) file:/home/runner/work/ozone/ozone/hadoop-ozone/integration-test/target/test-dir/MiniOzoneClusterImpl-1c4368e0-208c-48c5-9b0c-56c20ccf1352/datanode-3/data/ratis/412bafeb-cf3e-4a64-9bfa-0f6f1a17e8a2/sm/snapshot.1_0 took: 2 ms
2023-04-11 11:26:12,452 [1f55909b-7792-4429-a8f4-0e8df975840d@group-0F6F1A17E8A2-StateMachineUpdater] INFO  impl.StateMachineUpdater (StateMachineUpdater.java:takeSnapshot(287)) - 1f55909b-7792-4429-a8f4-0e8df975840d@group-0F6F1A17E8A2-StateMachineUpdater: Took a snapshot at index 0
2023-04-11 11:26:12,452 [1f55909b-7792-4429-a8f4-0e8df975840d@group-0F6F1A17E8A2-StateMachineUpdater] INFO  impl.StateMachineUpdater (StateMachineUpdater.java:lambda$new$0(92)) - 1f55909b-7792-4429-a8f4-0e8df975840d@group-0F6F1A17E8A2-StateMachineUpdater: snapshotIndex: updateIncreasingly -1 -> 0
2023-04-11 11:26:12,452 [1f55909b-7792-4429-a8f4-0e8df975840d-impl-thread1] INFO  server.RaftServer$Division (ServerState.java:close(466)) - 1f55909b-7792-4429-a8f4-0e8df975840d@group-0F6F1A17E8A2: closes. applyIndex: 0
2023-04-11 11:26:12,457 [1f55909b-7792-4429-a8f4-0e8df975840d@group-0F6F1A17E8A2-SegmentedRaftLogWorker] INFO  segmented.SegmentedRaftLogWorker (SegmentedRaftLogWorker.java:run(347)) - 1f55909b-7792-4429-a8f4-0e8df975840d@group-0F6F1A17E8A2-SegmentedRaftLogWorker was interrupted, exiting. There are 0 tasks remaining in the queue.
2023-04-11 11:26:12,457 [ForkJoinPool.commonPool-worker-0] INFO  handler.ContextHandler (ContextHandler.java:doStop(1159)) - Stopped o.e.j.w.WebAppContext@e0439fc{hddsDatanode,/,null,STOPPED}{jar:file:/home/runner/.m2/repository/org/apache/ozone/hdds-container-service/1.4.0-SNAPSHOT/hdds-container-service-1.4.0-SNAPSHOT.jar!/webapps/hddsDatanode}
2023-04-11 11:26:12,457 [1f55909b-7792-4429-a8f4-0e8df975840d-impl-thread1] INFO  segmented.SegmentedRaftLogWorker (SegmentedRaftLogWorker.java:close(257)) - 1f55909b-7792-4429-a8f4-0e8df975840d@group-0F6F1A17E8A2-SegmentedRaftLogWorker close()
2023-04-11 11:26:12,459 [ForkJoinPool.commonPool-worker-0] INFO  server.AbstractConnector (AbstractConnector.java:doStop(383)) - Stopped ServerConnector@3ffe6b95{HTTP/1.1, (http/1.1)}{0.0.0.0:0}
2023-04-11 11:26:12,459 [ForkJoinPool.commonPool-worker-0] INFO  server.session (HouseKeeper.java:stopScavenging(149)) - node0 Stopped scavenging
2023-04-11 11:26:12,466 [ForkJoinPool.commonPool-worker-0] INFO  handler.ContextHandler (ContextHandler.java:doStop(1159)) - Stopped o.e.j.s.ServletContextHandler@1a6972d{static,/static,jar:file:/home/runner/.m2/repository/org/apache/ozone/hdds-container-service/1.4.0-SNAPSHOT/hdds-container-service-1.4.0-SNAPSHOT.jar!/webapps/static,STOPPED}
2023-04-11 11:26:12,467 [ForkJoinPool.commonPool-worker-0] INFO  handler.ContextHandler (ContextHandler.java:doStop(1159)) - Stopped o.e.j.s.ServletContextHandler@13f31bd9{logs,/logs,file:///home/runner/work/ozone/ozone/hadoop-ozone/integration-test/target/log,STOPPED}
2023-04-11 11:26:12,469 [JvmPauseMonitor15] INFO  util.JvmPauseMonitor (JvmPauseMonitor.java:run(111)) - JvmPauseMonitor-1f55909b-7792-4429-a8f4-0e8df975840d: Stopped
2023-04-11 11:26:14,472 [Listener at 127.0.0.1/39679] INFO  volume.HddsVolume (HddsVolume.java:closeDbStore(437)) - SchemaV3 db is stopped at /home/runner/work/ozone/ozone/hadoop-ozone/integration-test/target/test-dir/MiniOzoneClusterImpl-1c4368e0-208c-48c5-9b0c-56c20ccf1352/datanode-3/data-0/containers/hdds/1c4368e0-208c-48c5-9b0c-56c20ccf1352/DS-4bbdadfc-f490-43bb-8467-67e4dee5ecbf/container.db for volume DS-4bbdadfc-f490-43bb-8467-67e4dee5ecbf
2023-04-11 11:26:14,473 [Listener at 127.0.0.1/39679] INFO  utils.BackgroundService (BackgroundService.java:shutdown(141)) - Shutting down service BlockDeletingService
2023-04-11 11:26:14,473 [Listener at 127.0.0.1/39679] INFO  utils.BackgroundService (BackgroundService.java:shutdown(141)) - Shutting down service StaleRecoveringContainerScrubbingService
2023-04-11 11:26:14,477 [Listener at 127.0.0.1/39679] INFO  statemachine.DatanodeStateMachine (DatanodeStateMachine.java:stopDaemon(601)) - Ozone container server stopped.
2023-04-11 11:26:14,486 [Listener at 127.0.0.1/39679] INFO  handler.ContextHandler (ContextHandler.java:doStop(1159)) - Stopped o.e.j.w.WebAppContext@21220fea{hddsDatanode,/,null,STOPPED}{jar:file:/home/runner/.m2/repository/org/apache/ozone/hdds-container-service/1.4.0-SNAPSHOT/hdds-container-service-1.4.0-SNAPSHOT.jar!/webapps/hddsDatanode}
2023-04-11 11:26:14,487 [Listener at 127.0.0.1/39679] INFO  server.AbstractConnector (AbstractConnector.java:doStop(383)) - Stopped ServerConnector@704d6a4a{HTTP/1.1, (http/1.1)}{0.0.0.0:0}
2023-04-11 11:26:14,487 [Listener at 127.0.0.1/39679] INFO  server.session (HouseKeeper.java:stopScavenging(149)) - node0 Stopped scavenging
2023-04-11 11:26:14,487 [Listener at 127.0.0.1/39679] INFO  handler.ContextHandler (ContextHandler.java:doStop(1159)) - Stopped o.e.j.s.ServletContextHandler@5f610784{static,/static,jar:file:/home/runner/.m2/repository/org/apache/ozone/hdds-container-service/1.4.0-SNAPSHOT/hdds-container-service-1.4.0-SNAPSHOT.jar!/webapps/static,STOPPED}
2023-04-11 11:26:14,488 [Listener at 127.0.0.1/39679] INFO  handler.ContextHandler (ContextHandler.java:doStop(1159)) - Stopped o.e.j.s.ServletContextHandler@f578a04{logs,/logs,file:///home/runner/work/ozone/ozone/hadoop-ozone/integration-test/target/log,STOPPED}
2023-04-11 11:26:14,490 [Listener at 127.0.0.1/39679] INFO  ozone.MiniOzoneClusterImpl (MiniOzoneClusterImpl.java:stopSCM(549)) - Stopping the StorageContainerManager
2023-04-11 11:26:14,490 [Listener at 127.0.0.1/39679] INFO  server.StorageContainerManager (StorageContainerManager.java:stop(1550)) - Container Balancer is not running.
2023-04-11 11:26:14,490 [Listener at 127.0.0.1/39679] INFO  server.StorageContainerManager (StorageContainerManager.java:stopReplicationManager(1672)) - Stopping Replication Manager Service.
2023-04-11 11:26:14,490 [Listener at 127.0.0.1/39679] INFO  replication.ReplicationManager (ReplicationManager.java:stop(321)) - Stopping Replication Monitor Thread.
2023-04-11 11:26:14,490 [Listener at 127.0.0.1/39679] INFO  server.StorageContainerManager (StorageContainerManager.java:stop(1559)) - Stopping the Datanode Admin Monitor.
2023-04-11 11:26:14,490 [Over Replicated Processor] WARN  replication.UnhealthyReplicationProcessor (UnhealthyReplicationProcessor.java:run(146)) - Over Replicated Processor interrupted. Exiting...
2023-04-11 11:26:14,491 [Listener at 127.0.0.1/39679] INFO  server.StorageContainerManager (StorageContainerManager.java:stop(1566)) - Stopping datanode service RPC server
2023-04-11 11:26:14,491 [Listener at 127.0.0.1/39679] INFO  server.SCMDatanodeProtocolServer (SCMDatanodeProtocolServer.java:stop(424)) - Stopping the RPC server for DataNodes
2023-04-11 11:26:14,491 [Listener at 127.0.0.1/39679] INFO  ipc.Server (Server.java:stop(3501)) - Stopping server on 45527
2023-04-11 11:26:14,490 [Under Replicated Processor] WARN  replication.UnhealthyReplicationProcessor (UnhealthyReplicationProcessor.java:run(146)) - Under Replicated Processor interrupted. Exiting...
2023-04-11 11:26:14,491 [ReplicationMonitor] INFO  replication.ReplicationManager (ReplicationManager.java:run(975)) - Replication Monitor Thread is stopped
2023-04-11 11:26:14,492 [IPC Server listener on 0] INFO  ipc.Server (Server.java:run(1430)) - Stopping IPC Server listener on 0
2023-04-11 11:26:14,495 [IPC Server Responder] INFO  ipc.Server (Server.java:run(1563)) - Stopping IPC Server Responder
2023-04-11 11:26:14,548 [SCM Heartbeat Processing Thread - 0] WARN  node.NodeStateManager (NodeStateManager.java:scheduleNextHealthCheck(870)) - Current Thread is interrupted, shutting down HB processing thread for Node Manager.
2023-04-11 11:26:14,549 [Listener at 127.0.0.1/39679] INFO  server.StorageContainerManager (StorageContainerManager.java:stop(1574)) - Stopping block service RPC server
2023-04-11 11:26:14,549 [Listener at 127.0.0.1/39679] INFO  server.SCMBlockProtocolServer (SCMBlockProtocolServer.java:stop(161)) - Stopping the RPC server for Block Protocol
2023-04-11 11:26:14,549 [Listener at 127.0.0.1/39679] INFO  ipc.Server (Server.java:stop(3501)) - Stopping server on 44705
2023-04-11 11:26:14,555 [IPC Server listener on 0] INFO  ipc.Server (Server.java:run(1430)) - Stopping IPC Server listener on 0
2023-04-11 11:26:14,558 [IPC Server Responder] INFO  ipc.Server (Server.java:run(1563)) - Stopping IPC Server Responder
2023-04-11 11:26:14,558 [Listener at 127.0.0.1/39679] INFO  server.StorageContainerManager (StorageContainerManager.java:stop(1581)) - Stopping the StorageContainerLocationProtocol RPC server
2023-04-11 11:26:14,559 [Listener at 127.0.0.1/39679] INFO  server.SCMClientProtocolServer (SCMClientProtocolServer.java:stop(206)) - Stopping the RPC server for Client Protocol
2023-04-11 11:26:14,559 [Listener at 127.0.0.1/39679] INFO  ipc.Server (Server.java:stop(3501)) - Stopping server on 44189
2023-04-11 11:26:14,559 [IPC Server listener on 0] INFO  ipc.Server (Server.java:run(1430)) - Stopping IPC Server listener on 0
2023-04-11 11:26:14,561 [IPC Server Responder] INFO  ipc.Server (Server.java:run(1563)) - Stopping IPC Server Responder
2023-04-11 11:26:14,561 [Listener at 127.0.0.1/39679] INFO  server.StorageContainerManager (StorageContainerManager.java:stop(1588)) - Stopping Storage Container Manager HTTP server.
2023-04-11 11:26:14,562 [Listener at 127.0.0.1/39679] INFO  handler.ContextHandler (ContextHandler.java:doStop(1159)) - Stopped o.e.j.w.WebAppContext@18dd1645{scm,/,null,STOPPED}{file:/home/runner/work/ozone/ozone/hadoop-ozone/integration-test/target/test-classes/webapps/scm}
2023-04-11 11:26:14,563 [Listener at 127.0.0.1/39679] INFO  server.AbstractConnector (AbstractConnector.java:doStop(383)) - Stopped ServerConnector@5cbb0744{HTTP/1.1, (http/1.1)}{0.0.0.0:0}
2023-04-11 11:26:14,563 [Listener at 127.0.0.1/39679] INFO  server.session (HouseKeeper.java:stopScavenging(149)) - node0 Stopped scavenging
2023-04-11 11:26:14,565 [Listener at 127.0.0.1/39679] INFO  handler.ContextHandler (ContextHandler.java:doStop(1159)) - Stopped o.e.j.s.ServletContextHandler@2e4a1d6{static,/static,file:///home/runner/work/ozone/ozone/hadoop-ozone/integration-test/target/test-classes/webapps/static,STOPPED}
2023-04-11 11:26:14,565 [Listener at 127.0.0.1/39679] INFO  handler.ContextHandler (ContextHandler.java:doStop(1159)) - Stopped o.e.j.s.ServletContextHandler@6cf9d125{logs,/logs,file:///home/runner/work/ozone/ozone/hadoop-ozone/integration-test/target/log,STOPPED}
2023-04-11 11:26:14,566 [Listener at 127.0.0.1/39679] INFO  server.StorageContainerManager (StorageContainerManager.java:stop(1596)) - Stopping SCM LayoutVersionManager Service.
2023-04-11 11:26:14,566 [Listener at 127.0.0.1/39679] INFO  server.StorageContainerManager (StorageContainerManager.java:stop(1604)) - Stopping Block Manager Service.
2023-04-11 11:26:14,566 [Listener at 127.0.0.1/39679] INFO  utils.BackgroundService (BackgroundService.java:shutdown(141)) - Shutting down service SCMBlockDeletingService
2023-04-11 11:26:14,566 [Listener at 127.0.0.1/39679] INFO  utils.BackgroundService (BackgroundService.java:shutdown(141)) - Shutting down service SCMBlockDeletingService
2023-04-11 11:26:14,566 [Listener at 127.0.0.1/39679] INFO  server.StorageContainerManager (StorageContainerManager.java:stop(1626)) - Stopping SCM Event Queue.
2023-04-11 11:26:14,568 [Listener at 127.0.0.1/39679] INFO  server.StorageContainerManager (StorageContainerManager.java:stop(1637)) - Stopping SCM HA services.
2023-04-11 11:26:14,568 [Listener at 127.0.0.1/39679] INFO  pipeline.BackgroundPipelineCreator (BackgroundPipelineCreator.java:stop(149)) - Stopping RatisPipelineUtilsThread.
2023-04-11 11:26:14,569 [RatisPipelineUtilsThread - 0] WARN  pipeline.BackgroundPipelineCreator (BackgroundPipelineCreator.java:run(180)) - RatisPipelineUtilsThread is interrupted.
2023-04-11 11:26:14,569 [BackgroundPipelineScrubberThread] WARN  BackgroundPipelineScrubber (BackgroundSCMService.java:run(115)) - BackgroundPipelineScrubber is interrupted, exit
2023-04-11 11:26:14,569 [Listener at 127.0.0.1/39679] INFO  BackgroundPipelineScrubber (BackgroundSCMService.java:stop(131)) - Stopping BackgroundPipelineScrubber Service.
2023-04-11 11:26:14,569 [Listener at 127.0.0.1/39679] INFO  impl.MetricsSystemImpl (MetricsSystemImpl.java:stop(210)) - Stopping HddsDatanode metrics system...
2023-04-11 11:26:14,577 [prometheus] INFO  impl.MetricsSinkAdapter (MetricsSinkAdapter.java:publishMetricsFromQueue(141)) - prometheus thread interrupted.
2023-04-11 11:26:14,577 [Listener at 127.0.0.1/39679] INFO  impl.MetricsSystemImpl (MetricsSystemImpl.java:stop(216)) - HddsDatanode metrics system stopped.
2023-04-11 11:26:14,577 [Listener at 127.0.0.1/39679] WARN  pipeline.BackgroundPipelineCreator (BackgroundPipelineCreator.java:stop(145)) - RatisPipelineUtilsThread is not running, just ignore.
2023-04-11 11:26:14,577 [Listener at 127.0.0.1/39679] INFO  BackgroundPipelineScrubber (BackgroundSCMService.java:stop(126)) - BackgroundPipelineScrubber Service is not running, skip stop.
2023-04-11 11:26:14,578 [ExpiredContainerReplicaOpScrubberThread] WARN  ExpiredContainerReplicaOpScrubber (BackgroundSCMService.java:run(115)) - ExpiredContainerReplicaOpScrubber is interrupted, exit
2023-04-11 11:26:14,578 [Listener at 127.0.0.1/39679] INFO  ExpiredContainerReplicaOpScrubber (BackgroundSCMService.java:stop(131)) - Stopping ExpiredContainerReplicaOpScrubber Service.
2023-04-11 11:26:14,578 [Listener at 127.0.0.1/39679] INFO  utils.BackgroundService (BackgroundService.java:shutdown(141)) - Shutting down service SCMBlockDeletingService
2023-04-11 11:26:14,578 [Listener at 127.0.0.1/39679] INFO  replication.ReplicationManager (ReplicationManager.java:stop(331)) - Replication Monitor Thread is not running.
2023-04-11 11:26:14,578 [Listener at 127.0.0.1/39679] WARN  balancer.ContainerBalancer (ContainerBalancer.java:stop(324)) - Cannot stop Container Balancer because it's not running or stopping
2023-04-11 11:26:14,578 [Listener at 127.0.0.1/39679] INFO  server.StorageContainerManager (StorageContainerManager.java:stop(1663)) - Stopping SCM MetadataStore.
2023-04-11 11:26:14,628 [Listener at 127.0.0.1/39679] WARN  server.ServerUtils (ServerUtils.java:getScmDbDir(148)) - ozone.scm.db.dirs is not configured. We recommend adding this setting. Falling back to ozone.metadata.dirs instead.
2023-04-11 11:26:14,631 [Listener at 127.0.0.1/39679] WARN  server.ServerUtils (ServerUtils.java:getScmDbDir(148)) - ozone.scm.db.dirs is not configured. We recommend adding this setting. Falling back to ozone.metadata.dirs instead.
2023-04-11 11:26:14,631 [Listener at 127.0.0.1/39679] INFO  ha.SCMHANodeDetails (SCMHANodeDetails.java:loadSCMHAConfig(209)) - ServiceID for StorageContainerManager is null
2023-04-11 11:26:14,631 [Listener at 127.0.0.1/39679] INFO  ha.SCMHANodeDetails (SCMHANodeDetails.java:loadSCMHAConfig(214)) - ozone.scm.default.service.id is not defined, falling back to ozone.scm.service.ids to find serviceID for StorageContainerManager if it is HA enabled cluster
2023-04-11 11:26:14,632 [Listener at 127.0.0.1/39679] WARN  utils.HAUtils (HAUtils.java:getMetaDir(342)) - ozone.scm.db.dirs is not configured. We recommend adding this setting. Falling back to ozone.metadata.dirs instead.
2023-04-11 11:26:14,632 [Listener at 127.0.0.1/39679] WARN  db.DBStoreBuilder (DBStoreBuilder.java:applyDBDefinition(182)) - ozone.scm.db.dirs is not configured. We recommend adding this setting. Falling back to ozone.metadata.dirs instead.
2023-04-11 11:26:14,731 [Listener at 127.0.0.1/39679] INFO  net.NodeSchemaLoader (NodeSchemaLoader.java:loadSchemaFromFile(129)) - Loading schema from [jar:file:/home/runner/.m2/repository/org/apache/ozone/hdds-common/1.4.0-SNAPSHOT/hdds-common-1.4.0-SNAPSHOT.jar!/network-topology-default.xml]
2023-04-11 11:26:14,731 [Listener at 127.0.0.1/39679] INFO  net.NodeSchemaLoader (NodeSchemaLoader.java:loadSchema(176)) - Loading network topology layer schema file
2023-04-11 11:26:14,734 [Listener at 127.0.0.1/39679] INFO  upgrade.AbstractLayoutVersionManager (AbstractLayoutVersionManager.java:init(83)) - Initializing Layout version manager with metadata layout = WEBUI_PORTS_IN_DATANODEDETAILS (version = 6), software layout = WEBUI_PORTS_IN_DATANODEDETAILS (version = 6)
2023-04-11 11:26:14,778 [Listener at 127.0.0.1/39679] INFO  reflections.Reflections (Reflections.java:scan(232)) - Reflections took 43 ms to scan 7 urls, producing 156 keys and 369 values 
2023-04-11 11:26:14,780 [Listener at 127.0.0.1/39679] INFO  ha.SequenceIdGenerator (SequenceIdGenerator.java:upgradeToSequenceId(349)) - upgrade localId to 111677748019200000
2023-04-11 11:26:14,780 [Listener at 127.0.0.1/39679] INFO  ha.SequenceIdGenerator (SequenceIdGenerator.java:upgradeToSequenceId(359)) - upgrade delTxnId to 0
2023-04-11 11:26:14,781 [Listener at 127.0.0.1/39679] INFO  ha.SequenceIdGenerator (SequenceIdGenerator.java:upgradeToSequenceId(376)) - upgrade containerId to 0
2023-04-11 11:26:14,781 [Listener at 127.0.0.1/39679] INFO  ha.SequenceIdGenerator (SequenceIdGenerator.java:<init>(220)) - Init the HA SequenceIdGenerator.
2023-04-11 11:26:14,781 [Listener at 127.0.0.1/39679] WARN  server.ServerUtils (ServerUtils.java:sanitizeUserArgs(73)) - ozone.scm.stale.node.interval value = 300000 is larger than max = 100000 based on the key value of ozone.scm.heartbeat.thread.interval, reset to the max value 100000.
2023-04-11 11:26:14,781 [Listener at 127.0.0.1/39679] WARN  server.ServerUtils (ServerUtils.java:sanitizeUserArgs(73)) - ozone.scm.stale.node.interval value = 300000 is larger than max = 100000 based on the key value of ozone.scm.heartbeat.thread.interval, reset to the max value 100000.
2023-04-11 11:26:14,782 [Listener at 127.0.0.1/39679] INFO  node.SCMNodeManager (SCMNodeManager.java:<init>(156)) - Entering startup safe mode.
2023-04-11 11:26:14,782 [Listener at 127.0.0.1/39679] INFO  algorithms.ContainerPlacementPolicyFactory (ContainerPlacementPolicyFactory.java:getPolicyInternal(86)) - Create container placement policy of type org.apache.hadoop.hdds.scm.container.placement.algorithms.SCMContainerPlacementRandom
2023-04-11 11:26:14,782 [Listener at 127.0.0.1/39679] INFO  algorithms.ContainerPlacementPolicyFactory (ContainerPlacementPolicyFactory.java:getPolicyInternal(86)) - Create container placement policy of type org.apache.hadoop.hdds.scm.container.placement.algorithms.SCMContainerPlacementRackScatter
2023-04-11 11:26:14,782 [Listener at 127.0.0.1/39679] INFO  pipeline.PipelineStateManagerImpl (PipelineStateManagerImpl.java:initialize(78)) - No pipeline exists in current db
2023-04-11 11:26:14,782 [Listener at 127.0.0.1/39679] INFO  algorithms.LeaderChoosePolicyFactory (LeaderChoosePolicyFactory.java:getPolicy(57)) - Create leader choose policy of type org.apache.hadoop.hdds.scm.pipeline.leader.choose.algorithms.MinLeaderCountChoosePolicy
2023-04-11 11:26:14,783 [Listener at 127.0.0.1/39679] INFO  algorithms.ContainerPlacementPolicyFactory (ContainerPlacementPolicyFactory.java:getPolicyInternal(86)) - Create container placement policy of type org.apache.hadoop.hdds.scm.container.placement.algorithms.SCMContainerPlacementRackScatter
2023-04-11 11:26:14,783 [Listener at 127.0.0.1/39679] INFO  ha.SCMServiceManager (SCMServiceManager.java:register(42)) - Registering service BackgroundPipelineCreator.
2023-04-11 11:26:14,783 [Listener at 127.0.0.1/39679] INFO  pipeline.BackgroundPipelineCreator (BackgroundPipelineCreator.java:start(124)) - Starting RatisPipelineUtilsThread.
2023-04-11 11:26:14,783 [Listener at 127.0.0.1/39679] INFO  BackgroundPipelineScrubber (BackgroundSCMService.java:start(68)) - Starting BackgroundPipelineScrubber Service.
2023-04-11 11:26:14,783 [Listener at 127.0.0.1/39679] INFO  ha.SCMServiceManager (SCMServiceManager.java:register(42)) - Registering service BackgroundPipelineScrubber.
2023-04-11 11:26:14,783 [Listener at 127.0.0.1/39679] INFO  ExpiredContainerReplicaOpScrubber (BackgroundSCMService.java:start(68)) - Starting ExpiredContainerReplicaOpScrubber Service.
2023-04-11 11:26:14,784 [Listener at 127.0.0.1/39679] INFO  ha.SCMServiceManager (SCMServiceManager.java:register(42)) - Registering service ExpiredContainerReplicaOpScrubber.
2023-04-11 11:26:14,785 [Listener at 127.0.0.1/39679] INFO  algorithms.PipelineChoosePolicyFactory (PipelineChoosePolicyFactory.java:createPipelineChoosePolicyFromClass(73)) - Create pipeline choose policy of type org.apache.hadoop.hdds.scm.pipeline.choose.algorithms.RandomPipelineChoosePolicy
2023-04-11 11:26:14,785 [Listener at 127.0.0.1/39679] INFO  ha.SCMServiceManager (SCMServiceManager.java:register(42)) - Registering service SCMBlockDeletingService.
2023-04-11 11:26:14,785 [Listener at 127.0.0.1/39679] INFO  replication.ReplicationManager (ReplicationManager.java:start(288)) - Starting Replication Monitor Thread.
2023-04-11 11:26:14,786 [Listener at 127.0.0.1/39679] INFO  ha.SCMServiceManager (SCMServiceManager.java:register(42)) - Registering service ReplicationManager.
2023-04-11 11:26:14,787 [ReplicationMonitor] INFO  replication.ReplicationManager (ReplicationManager.java:processAll(363)) - Replication Manager is not ready to run until 3000ms after safemode exit
2023-04-11 11:26:14,787 [Listener at 127.0.0.1/39679] INFO  safemode.ContainerSafeModeRule (ContainerSafeModeRule.java:<init>(89)) - containers with one replica threshold count 0
2023-04-11 11:26:14,787 [Listener at 127.0.0.1/39679] INFO  safemode.HealthyPipelineSafeModeRule (HealthyPipelineSafeModeRule.java:initializeRule(169)) - Total pipeline count is 0, healthy pipeline threshold count is 1
2023-04-11 11:26:14,788 [Listener at 127.0.0.1/39679] INFO  safemode.OneReplicaPipelineSafeModeRule (OneReplicaPipelineSafeModeRule.java:initializeRule(180)) - Total pipeline count is 0, pipeline's with at least one datanode reported threshold count is 0
2023-04-11 11:26:14,788 [Listener at 127.0.0.1/39679] INFO  server.StorageContainerManager (StorageContainerManager.java:<init>(398)) - SCM start with adminUsers: [runner]
2023-04-11 11:26:14,788 [Listener at 127.0.0.1/39679] INFO  ipc.CallQueueManager (CallQueueManager.java:<init>(90)) - Using callQueue: class java.util.concurrent.LinkedBlockingQueue, queueCapacity: 2000, scheduler: class org.apache.hadoop.ipc.DefaultRpcScheduler, ipcBackoff: false.
2023-04-11 11:26:14,789 [Socket Reader #1 for port 0] INFO  ipc.Server (Server.java:run(1319)) - Starting Socket Reader #1 for port 0
2023-04-11 11:26:14,790 [Listener at 0.0.0.0/35297] INFO  ipc.CallQueueManager (CallQueueManager.java:<init>(90)) - Using callQueue: class java.util.concurrent.LinkedBlockingQueue, queueCapacity: 2000, scheduler: class org.apache.hadoop.ipc.DefaultRpcScheduler, ipcBackoff: false.
2023-04-11 11:26:14,791 [Socket Reader #1 for port 0] INFO  ipc.Server (Server.java:run(1319)) - Starting Socket Reader #1 for port 0
2023-04-11 11:26:14,792 [Listener at 0.0.0.0/34475] INFO  ipc.CallQueueManager (CallQueueManager.java:<init>(90)) - Using callQueue: class java.util.concurrent.LinkedBlockingQueue, queueCapacity: 2000, scheduler: class org.apache.hadoop.ipc.DefaultRpcScheduler, ipcBackoff: false.
2023-04-11 11:26:14,792 [Socket Reader #1 for port 0] INFO  ipc.Server (Server.java:run(1319)) - Starting Socket Reader #1 for port 0
2023-04-11 11:26:14,795 [Listener at 0.0.0.0/33593] INFO  ha.SCMServiceManager (SCMServiceManager.java:register(42)) - Registering service ContainerBalancer.
2023-04-11 11:26:14,795 [Listener at 0.0.0.0/33593] INFO  server.StorageContainerManager (StorageContainerManager.java:<init>(415)) - 
Container Balancer status:
Key                            Value
Running                        false
Container Balancer Configuration values:
Key                                                Value
Threshold                                          10
Max Datanodes to Involve per Iteration(percent)    20
Max Size to Move per Iteration                     500GB
Max Size Entering Target per Iteration             26GB
Max Size Leaving Source per Iteration              26GB

2023-04-11 11:26:14,796 [Listener at 0.0.0.0/33593] INFO  ha.SCMContext (SCMContext.java:updateSafeModeStatus(228)) - Update SafeModeStatus from SafeModeStatus{safeModeStatus=true, preCheckPassed=false} to SafeModeStatus{safeModeStatus=true, preCheckPassed=false}.
2023-04-11 11:26:14,796 [Listener at 0.0.0.0/33593] INFO  server.StorageContainerManager (StorageContainerManager.java:start(1453)) - StorageContainerLocationProtocol RPC server is listening at /0.0.0.0:33593
2023-04-11 11:26:14,797 [Listener at 0.0.0.0/33593] WARN  impl.MetricsConfig (MetricsConfig.java:loadFirst(136)) - Cannot locate configuration: tried hadoop-metrics2-storagecontainermanager.properties,hadoop-metrics2.properties
2023-04-11 11:26:14,798 [Listener at 0.0.0.0/33593] INFO  impl.MetricsSystemImpl (MetricsSystemImpl.java:startTimer(378)) - Scheduled Metric snapshot period at 10 second(s).
2023-04-11 11:26:14,798 [Listener at 0.0.0.0/33593] INFO  impl.MetricsSystemImpl (MetricsSystemImpl.java:start(191)) - StorageContainerManager metrics system started
2023-04-11 11:26:14,801 [Listener at 0.0.0.0/33593] INFO  impl.MetricsSinkAdapter (MetricsSinkAdapter.java:start(204)) - Sink prometheus started
2023-04-11 11:26:14,801 [Listener at 0.0.0.0/33593] INFO  impl.MetricsSystemImpl (MetricsSystemImpl.java:registerSink(305)) - Registered sink prometheus
2023-04-11 11:26:14,818 [Listener at 0.0.0.0/33593] INFO  server.SCMClientProtocolServer (SCMClientProtocolServer.java:start(197)) - RPC server for Client  is listening at /0.0.0.0:33593
2023-04-11 11:26:14,818 [IPC Server Responder] INFO  ipc.Server (Server.java:run(1558)) - IPC Server Responder: starting
2023-04-11 11:26:14,823 [IPC Server listener on 0] INFO  ipc.Server (Server.java:run(1398)) - IPC Server listener on 0: starting
2023-04-11 11:26:14,833 [Listener at 0.0.0.0/33593] INFO  server.StorageContainerManager (StorageContainerManager.java:start(1467)) - ScmBlockLocationProtocol RPC server is listening at /0.0.0.0:34475
2023-04-11 11:26:14,833 [Listener at 0.0.0.0/33593] INFO  server.SCMBlockProtocolServer (SCMBlockProtocolServer.java:start(152)) - RPC server for Block Protocol is listening at /0.0.0.0:34475
2023-04-11 11:26:14,834 [IPC Server Responder] INFO  ipc.Server (Server.java:run(1558)) - IPC Server Responder: starting
2023-04-11 11:26:14,834 [IPC Server listener on 0] INFO  ipc.Server (Server.java:run(1398)) - IPC Server listener on 0: starting
2023-04-11 11:26:14,839 [Listener at 0.0.0.0/33593] INFO  server.SCMDatanodeProtocolServer (SCMDatanodeProtocolServer.java:start(193)) - ScmDatanodeProtocol RPC server for DataNodes is listening at /0.0.0.0:35297
2023-04-11 11:26:14,839 [IPC Server Responder] INFO  ipc.Server (Server.java:run(1558)) - IPC Server Responder: starting
2023-04-11 11:26:14,840 [IPC Server listener on 0] INFO  ipc.Server (Server.java:run(1398)) - IPC Server listener on 0: starting
2023-04-11 11:26:14,851 [org.apache.hadoop.util.JvmPauseMonitor$Monitor@7f192dc9] INFO  util.JvmPauseMonitor (JvmPauseMonitor.java:run(188)) - Starting JVM pause monitor
2023-04-11 11:26:14,851 [Listener at 0.0.0.0/33593] INFO  http.BaseHttpServer (BaseHttpServer.java:newHttpServer2BuilderForOzone(224)) - Starting Web-server for scm at: http://0.0.0.0:0
2023-04-11 11:26:14,851 [Listener at 0.0.0.0/33593] INFO  http.BaseHttpServer (BaseHttpServer.java:<init>(111)) - Hadoop Security Enabled: false Ozone Security Enabled: false Ozone HTTP Security Enabled: false 
2023-04-11 11:26:14,853 [Listener at 0.0.0.0/33593] WARN  server.AuthenticationFilter (AuthenticationFilter.java:constructSecretProvider(240)) - Unable to initialize FileSignerSecretProvider, falling back to use random secrets. Reason: Could not read signature secret file: /home/runner/hadoop-http-auth-signature-secret
2023-04-11 11:26:14,853 [Listener at 0.0.0.0/33593] WARN  http.HttpRequestLog (HttpRequestLog.java:getRequestLog(103)) - Jetty request log can only be enabled using Log4j
2023-04-11 11:26:14,855 [Listener at 0.0.0.0/33593] INFO  http.HttpServer2 (HttpServer2.java:addGlobalFilter(1031)) - Added global filter 'safety' (class=org.apache.hadoop.hdds.server.http.HttpServer2$QuotingInputFilter)
2023-04-11 11:26:14,855 [Listener at 0.0.0.0/33593] INFO  http.HttpServer2 (HttpServer2.java:addFilter(1007)) - Added filter static_user_filter (class=org.apache.hadoop.http.lib.StaticUserWebFilter$StaticUserFilter) to context scm
2023-04-11 11:26:14,855 [Listener at 0.0.0.0/33593] INFO  http.HttpServer2 (HttpServer2.java:addFilter(1015)) - Added filter static_user_filter (class=org.apache.hadoop.http.lib.StaticUserWebFilter$StaticUserFilter) to context logs
2023-04-11 11:26:14,855 [Listener at 0.0.0.0/33593] INFO  http.HttpServer2 (HttpServer2.java:addFilter(1015)) - Added filter static_user_filter (class=org.apache.hadoop.http.lib.StaticUserWebFilter$StaticUserFilter) to context static
2023-04-11 11:26:14,856 [Listener at 0.0.0.0/33593] INFO  http.BaseHttpServer (BaseHttpServer.java:<init>(190)) - HTTP server of scm uses base directory /home/runner/work/ozone/ozone/hadoop-ozone/integration-test/target/test-dir/MiniOzoneClusterImpl-96ac6092-8b7a-4e89-97e1-43be04ae58b3/ozone-meta/webserver
2023-04-11 11:26:14,856 [Listener at 0.0.0.0/33593] INFO  http.HttpServer2 (HttpServer2.java:bindListener(1250)) - Jetty bound to port 43687
2023-04-11 11:26:14,856 [Listener at 0.0.0.0/33593] INFO  server.Server (Server.java:doStart(375)) - jetty-9.4.49.v20220914; built: 2022-09-14T01:07:36.601Z; git: 4231a3b2e4cb8548a412a789936d640a97b1aa0a; jvm 1.8.0_362-b09
2023-04-11 11:26:14,857 [Listener at 0.0.0.0/33593] INFO  server.session (DefaultSessionIdManager.java:doStart(334)) - DefaultSessionIdManager workerName=node0
2023-04-11 11:26:14,857 [Listener at 0.0.0.0/33593] INFO  server.session (DefaultSessionIdManager.java:doStart(339)) - No SessionScavenger set, using defaults
2023-04-11 11:26:14,858 [Listener at 0.0.0.0/33593] INFO  server.session (HouseKeeper.java:startScavenging(132)) - node0 Scavenging every 660000ms
2023-04-11 11:26:14,858 [Listener at 0.0.0.0/33593] INFO  handler.ContextHandler (ContextHandler.java:doStart(921)) - Started o.e.j.s.ServletContextHandler@56b1cc50{logs,/logs,file:///home/runner/work/ozone/ozone/hadoop-ozone/integration-test/target/log,AVAILABLE}
2023-04-11 11:26:14,859 [Listener at 0.0.0.0/33593] INFO  handler.ContextHandler (ContextHandler.java:doStart(921)) - Started o.e.j.s.ServletContextHandler@627c6e26{static,/static,file:///home/runner/work/ozone/ozone/hadoop-ozone/integration-test/target/test-classes/webapps/static,AVAILABLE}
2023-04-11 11:26:14,861 [Listener at 0.0.0.0/33593] INFO  handler.ContextHandler (ContextHandler.java:doStart(921)) - Started o.e.j.w.WebAppContext@3593ed65{scm,/,file:///home/runner/work/ozone/ozone/hadoop-ozone/integration-test/target/test-classes/webapps/scm/,AVAILABLE}{file:/home/runner/work/ozone/ozone/hadoop-ozone/integration-test/target/test-classes/webapps/scm}
2023-04-11 11:26:14,866 [Listener at 0.0.0.0/33593] INFO  server.AbstractConnector (AbstractConnector.java:doStart(333)) - Started ServerConnector@1b710f5a{HTTP/1.1, (http/1.1)}{0.0.0.0:43687}
2023-04-11 11:26:14,866 [Listener at 0.0.0.0/33593] INFO  server.Server (Server.java:doStart(415)) - Started @189493ms
2023-04-11 11:26:14,866 [Listener at 0.0.0.0/33593] WARN  impl.MetricsSystemImpl (MetricsSystemImpl.java:register(279)) - Sink prometheus already exists!
2023-04-11 11:26:14,867 [Listener at 0.0.0.0/33593] INFO  http.BaseHttpServer (BaseHttpServer.java:updateConnectorAddress(344)) - HTTP server of scm listening at http://0.0.0.0:43687
2023-04-11 11:26:14,867 [Listener at 0.0.0.0/33593] WARN  server.ServerUtils (ServerUtils.java:getDBPath(225)) - ozone.om.db.dirs is not configured. We recommend adding this setting. Falling back to ozone.metadata.dirs instead.
2023-04-11 11:26:14,869 [Listener at 0.0.0.0/33593] INFO  ha.OMHANodeDetails (OMHANodeDetails.java:loadOMHAConfig(115)) - ozone.om.internal.service.id is not defined, falling back to ozone.om.service.ids to find serviceID for OzoneManager if it is HA enabled cluster
2023-04-11 11:26:14,869 [Listener at 0.0.0.0/33593] INFO  ha.OMHANodeDetails (OMHANodeDetails.java:loadOMHAConfig(226)) - Configuration does not have ozone.om.address set. Falling back to the default OM address /127.0.0.1:0
2023-04-11 11:26:14,869 [Listener at 0.0.0.0/33593] INFO  ha.OMHANodeDetails (OMHANodeDetails.java:getOMNodeDetailsForNonHA(254)) - OM Service ID is not set. Setting it to the default ID: omServiceIdDefault
2023-04-11 11:26:14,869 [Listener at 0.0.0.0/33593] INFO  ha.OMHANodeDetails (OMHANodeDetails.java:getOMNodeDetailsForNonHA(261)) - OM Node ID is not set. Setting it to the default ID: om1
2023-04-11 11:26:14,869 [Listener at 0.0.0.0/33593] WARN  server.ServerUtils (ServerUtils.java:getDBPath(225)) - ozone.om.db.dirs is not configured. We recommend adding this setting. Falling back to ozone.metadata.dirs instead.
2023-04-11 11:26:14,870 [Listener at 0.0.0.0/33593] INFO  upgrade.AbstractLayoutVersionManager (AbstractLayoutVersionManager.java:init(83)) - Initializing Layout version manager with metadata layout = MULTITENANCY_SCHEMA (version = 3), software layout = MULTITENANCY_SCHEMA (version = 3)
2023-04-11 11:26:14,934 [Listener at 0.0.0.0/33593] INFO  reflections.Reflections (Reflections.java:scan(232)) - Reflections took 63 ms to scan 2 urls, producing 171 keys and 471 values [using 2 cores]
2023-04-11 11:26:14,934 [Listener at 0.0.0.0/33593] INFO  upgrade.OMLayoutVersionManager (OMLayoutVersionManager.java:lambda$0(115)) - Skipping Upgrade Action MockOmUpgradeAction since it has been finalized.
2023-04-11 11:26:14,934 [Listener at 0.0.0.0/33593] WARN  server.ServerUtils (ServerUtils.java:getDBPath(225)) - ozone.om.db.dirs is not configured. We recommend adding this setting. Falling back to ozone.metadata.dirs instead.
2023-04-11 11:26:14,935 [Listener at 0.0.0.0/33593] INFO  proxy.SCMBlockLocationFailoverProxyProvider (SCMBlockLocationFailoverProxyProvider.java:<init>(114)) - Created block location fail-over proxy with 1 nodes: [nodeId=scmNodeId,nodeAddress=/0.0.0.0:34475]
2023-04-11 11:26:14,937 [Listener at 0.0.0.0/33593] INFO  proxy.SCMBlockLocationFailoverProxyProvider (SCMBlockLocationFailoverProxyProvider.java:<init>(114)) - Created block location fail-over proxy with 1 nodes: [nodeId=scmNodeId,nodeAddress=/0.0.0.0:34475]
2023-04-11 11:26:14,943 [Listener at 0.0.0.0/33593] INFO  om.OzoneManager (OzoneManager.java:<init>(627)) - OM start with adminUsers: [runner]
2023-04-11 11:26:14,944 [Listener at 0.0.0.0/33593] WARN  server.ServerUtils (ServerUtils.java:getDBPath(225)) - ozone.om.db.dirs is not configured. We recommend adding this setting. Falling back to ozone.metadata.dirs instead.
2023-04-11 11:26:14,944 [Listener at 0.0.0.0/33593] INFO  codec.OmKeyInfoCodec (OmKeyInfoCodec.java:<init>(49)) - OmKeyInfoCodec ignorePipeline = true
2023-04-11 11:26:14,945 [Listener at 0.0.0.0/33593] INFO  codec.RepeatedOmKeyInfoCodec (RepeatedOmKeyInfoCodec.java:<init>(41)) - RepeatedOmKeyInfoCodec ignorePipeline = true
2023-04-11 11:26:15,148 [Listener at 0.0.0.0/33593] INFO  om.OzoneManager (OzoneManager.java:instantiateServices(757)) - S3 Multi-Tenancy is disabled
2023-04-11 11:26:15,148 [Listener at 0.0.0.0/33593] WARN  server.ServerUtils (ServerUtils.java:getDBPath(225)) - ozone.om.snapshot.diff.db.dir is not configured. We recommend adding this setting. Falling back to ozone.metadata.dirs instead.
2023-04-11 11:26:15,168 [Listener at 0.0.0.0/33593] INFO  om.OzoneManager (OzoneManager.java:addS3GVolumeToDB(4257)) - Created Volume s3v With Owner runner required for S3Gateway operations.
2023-04-11 11:26:15,169 [Listener at 0.0.0.0/33593] INFO  om.OzoneManager (OzoneManager.java:getRpcServer(1142)) - Creating RPC Server
2023-04-11 11:26:15,589 [Listener at 0.0.0.0/33593] INFO  reflections.Reflections (Reflections.java:scan(232)) - Reflections took 419 ms to scan 19 urls, producing 68 keys and 5029 values [using 2 cores]
2023-04-11 11:26:15,591 [Listener at 0.0.0.0/33593] INFO  ipc.CallQueueManager (CallQueueManager.java:<init>(90)) - Using callQueue: class java.util.concurrent.LinkedBlockingQueue, queueCapacity: 2000, scheduler: class org.apache.hadoop.ipc.DefaultRpcScheduler, ipcBackoff: false.
2023-04-11 11:26:15,594 [Socket Reader #1 for port 0] INFO  ipc.Server (Server.java:run(1319)) - Starting Socket Reader #1 for port 0
2023-04-11 11:26:15,623 [Listener at 127.0.0.1/44509] INFO  impl.MetricsSystemImpl (MetricsSystemImpl.java:init(158)) - OzoneManager metrics system started (again)
2023-04-11 11:26:15,634 [Listener at 127.0.0.1/44509] INFO  om.OzoneManager (OzoneManager.java:start(1563)) - OzoneManager RPC server is listening at localhost/127.0.0.1:44509
2023-04-11 11:26:15,634 [Listener at 127.0.0.1/44509] INFO  om.OzoneManager (OzoneManager.java:start(1579)) - Version File has different layout version (3) than OM DB (null). That is expected if this OM has never been finalized to a newer layout version.
2023-04-11 11:26:15,638 [Listener at 127.0.0.1/44509] INFO  http.BaseHttpServer (BaseHttpServer.java:newHttpServer2BuilderForOzone(224)) - Starting Web-server for ozoneManager at: http://0.0.0.0:0
2023-04-11 11:26:15,638 [Listener at 127.0.0.1/44509] INFO  http.BaseHttpServer (BaseHttpServer.java:<init>(111)) - Hadoop Security Enabled: false Ozone Security Enabled: false Ozone HTTP Security Enabled: false 
2023-04-11 11:26:15,639 [Listener at 127.0.0.1/44509] WARN  server.AuthenticationFilter (AuthenticationFilter.java:constructSecretProvider(240)) - Unable to initialize FileSignerSecretProvider, falling back to use random secrets. Reason: Could not read signature secret file: /home/runner/hadoop-http-auth-signature-secret
2023-04-11 11:26:15,640 [Listener at 127.0.0.1/44509] WARN  http.HttpRequestLog (HttpRequestLog.java:getRequestLog(103)) - Jetty request log can only be enabled using Log4j
2023-04-11 11:26:15,641 [Listener at 127.0.0.1/44509] INFO  http.HttpServer2 (HttpServer2.java:addGlobalFilter(1031)) - Added global filter 'safety' (class=org.apache.hadoop.hdds.server.http.HttpServer2$QuotingInputFilter)
2023-04-11 11:26:15,642 [Listener at 127.0.0.1/44509] INFO  http.HttpServer2 (HttpServer2.java:addFilter(1007)) - Added filter static_user_filter (class=org.apache.hadoop.http.lib.StaticUserWebFilter$StaticUserFilter) to context ozoneManager
2023-04-11 11:26:15,642 [Listener at 127.0.0.1/44509] INFO  http.HttpServer2 (HttpServer2.java:addFilter(1015)) - Added filter static_user_filter (class=org.apache.hadoop.http.lib.StaticUserWebFilter$StaticUserFilter) to context static
2023-04-11 11:26:15,642 [Listener at 127.0.0.1/44509] INFO  http.HttpServer2 (HttpServer2.java:addFilter(1015)) - Added filter static_user_filter (class=org.apache.hadoop.http.lib.StaticUserWebFilter$StaticUserFilter) to context logs
2023-04-11 11:26:15,642 [Listener at 127.0.0.1/44509] INFO  http.BaseHttpServer (BaseHttpServer.java:<init>(190)) - HTTP server of ozoneManager uses base directory /home/runner/work/ozone/ozone/hadoop-ozone/integration-test/target/test-dir/MiniOzoneClusterImpl-96ac6092-8b7a-4e89-97e1-43be04ae58b3/ozone-meta/webserver
2023-04-11 11:26:15,643 [Listener at 127.0.0.1/44509] INFO  http.HttpServer2 (HttpServer2.java:bindListener(1250)) - Jetty bound to port 33579
2023-04-11 11:26:15,643 [Listener at 127.0.0.1/44509] INFO  server.Server (Server.java:doStart(375)) - jetty-9.4.49.v20220914; built: 2022-09-14T01:07:36.601Z; git: 4231a3b2e4cb8548a412a789936d640a97b1aa0a; jvm 1.8.0_362-b09
2023-04-11 11:26:15,644 [Listener at 127.0.0.1/44509] INFO  server.session (DefaultSessionIdManager.java:doStart(334)) - DefaultSessionIdManager workerName=node0
2023-04-11 11:26:15,645 [Listener at 127.0.0.1/44509] INFO  server.session (DefaultSessionIdManager.java:doStart(339)) - No SessionScavenger set, using defaults
2023-04-11 11:26:15,645 [Listener at 127.0.0.1/44509] INFO  server.session (HouseKeeper.java:startScavenging(132)) - node0 Scavenging every 600000ms
2023-04-11 11:26:15,645 [Listener at 127.0.0.1/44509] INFO  handler.ContextHandler (ContextHandler.java:doStart(921)) - Started o.e.j.s.ServletContextHandler@7d5647b3{logs,/logs,file:///home/runner/work/ozone/ozone/hadoop-ozone/integration-test/target/log,AVAILABLE}
2023-04-11 11:26:15,646 [Listener at 127.0.0.1/44509] INFO  handler.ContextHandler (ContextHandler.java:doStart(921)) - Started o.e.j.s.ServletContextHandler@c887298{static,/static,file:///home/runner/work/ozone/ozone/hadoop-ozone/integration-test/target/test-classes/webapps/static,AVAILABLE}
2023-04-11 11:26:15,648 [Listener at 127.0.0.1/44509] INFO  handler.ContextHandler (ContextHandler.java:doStart(921)) - Started o.e.j.w.WebAppContext@5f9f5ecc{ozoneManager,/,file:///home/runner/work/ozone/ozone/hadoop-ozone/integration-test/target/test-classes/webapps/ozoneManager/,AVAILABLE}{file:/home/runner/work/ozone/ozone/hadoop-ozone/integration-test/target/test-classes/webapps/ozoneManager}
2023-04-11 11:26:15,653 [Listener at 127.0.0.1/44509] INFO  server.AbstractConnector (AbstractConnector.java:doStart(333)) - Started ServerConnector@70ae147{HTTP/1.1, (http/1.1)}{0.0.0.0:33579}
2023-04-11 11:26:15,654 [Listener at 127.0.0.1/44509] INFO  server.Server (Server.java:doStart(415)) - Started @190281ms
2023-04-11 11:26:15,654 [Listener at 127.0.0.1/44509] WARN  impl.MetricsSystemImpl (MetricsSystemImpl.java:register(279)) - Sink prometheus already exists!
2023-04-11 11:26:15,654 [Listener at 127.0.0.1/44509] INFO  http.BaseHttpServer (BaseHttpServer.java:updateConnectorAddress(344)) - HTTP server of ozoneManager listening at http://0.0.0.0:33579
2023-04-11 11:26:15,654 [IPC Server Responder] INFO  ipc.Server (Server.java:run(1558)) - IPC Server Responder: starting
2023-04-11 11:26:15,655 [IPC Server listener on 0] INFO  ipc.Server (Server.java:run(1398)) - IPC Server listener on 0: starting
2023-04-11 11:26:15,656 [Listener at 127.0.0.1/44509] INFO  om.TrashPolicyOzone (TrashPolicyOzone.java:<init>(277)) - Ozone Manager trash configuration: Deletion interval = 0 minutes, Emptier interval = 0 minutes.
2023-04-11 11:26:15,666 [org.apache.hadoop.util.JvmPauseMonitor$Monitor@2393344d] INFO  util.JvmPauseMonitor (JvmPauseMonitor.java:run(188)) - Starting JVM pause monitor
2023-04-11 11:26:15,674 [Listener at 127.0.0.1/44509] INFO  impl.MetricsSystemImpl (MetricsSystemImpl.java:init(158)) - HddsDatanode metrics system started (again)
2023-04-11 11:26:15,686 [Listener at 127.0.0.1/44509] INFO  ozone.HddsDatanodeService (HddsDatanodeService.java:start(252)) - HddsDatanodeService host:fv-az590-525.scpgifznvsounmmscp2whtfmwe.cx.internal.cloudapp.net ip:10.1.0.37
2023-04-11 11:26:15,712 [Listener at 127.0.0.1/44509] INFO  upgrade.AbstractLayoutVersionManager (AbstractLayoutVersionManager.java:init(83)) - Initializing Layout version manager with metadata layout = WEBUI_PORTS_IN_DATANODEDETAILS (version = 6), software layout = WEBUI_PORTS_IN_DATANODEDETAILS (version = 6)
2023-04-11 11:26:15,761 [Listener at 127.0.0.1/44509] INFO  reflections.Reflections (Reflections.java:scan(232)) - Reflections took 47 ms to scan 7 urls, producing 156 keys and 369 values 
2023-04-11 11:26:15,762 [Listener at 127.0.0.1/44509] INFO  statemachine.DatanodeStateMachine (DatanodeStateMachine.java:getEndPointTaskThreadPoolSize(260)) - Datanode State Machine Task Thread Pool size 2
2023-04-11 11:26:15,764 [Listener at 127.0.0.1/44509] INFO  volume.HddsVolume (HddsVolume.java:<init>(130)) - Creating HddsVolume: /home/runner/work/ozone/ozone/hadoop-ozone/integration-test/target/test-dir/MiniOzoneClusterImpl-96ac6092-8b7a-4e89-97e1-43be04ae58b3/datanode-0/data-0/containers/hdds of storage type : DISK capacity : 9223372036854775807
2023-04-11 11:26:15,764 [Listener at 127.0.0.1/44509] INFO  volume.MutableVolumeSet (MutableVolumeSet.java:initializeVolumeSet(175)) - Added Volume : /home/runner/work/ozone/ozone/hadoop-ozone/integration-test/target/test-dir/MiniOzoneClusterImpl-96ac6092-8b7a-4e89-97e1-43be04ae58b3/datanode-0/data-0/containers/hdds to VolumeSet
2023-04-11 11:26:15,764 [Listener at 127.0.0.1/44509] INFO  volume.ThrottledAsyncChecker (ThrottledAsyncChecker.java:schedule(141)) - Scheduling a check for /home/runner/work/ozone/ozone/hadoop-ozone/integration-test/target/test-dir/MiniOzoneClusterImpl-96ac6092-8b7a-4e89-97e1-43be04ae58b3/datanode-0/data-0/containers/hdds
2023-04-11 11:26:15,769 [Listener at 127.0.0.1/44509] INFO  volume.StorageVolumeChecker (StorageVolumeChecker.java:checkAllVolumes(202)) - Scheduled health check for volume /home/runner/work/ozone/ozone/hadoop-ozone/integration-test/target/test-dir/MiniOzoneClusterImpl-96ac6092-8b7a-4e89-97e1-43be04ae58b3/datanode-0/data-0/containers/hdds
2023-04-11 11:26:15,780 [Listener at 127.0.0.1/44509] INFO  volume.MutableVolumeSet (MutableVolumeSet.java:initializeVolumeSet(175)) - Added Volume : /home/runner/work/ozone/ozone/hadoop-ozone/integration-test/target/test-dir/MiniOzoneClusterImpl-96ac6092-8b7a-4e89-97e1-43be04ae58b3/datanode-0/data/ratis to VolumeSet
2023-04-11 11:26:15,781 [Listener at 127.0.0.1/44509] INFO  volume.ThrottledAsyncChecker (ThrottledAsyncChecker.java:schedule(141)) - Scheduling a check for /home/runner/work/ozone/ozone/hadoop-ozone/integration-test/target/test-dir/MiniOzoneClusterImpl-96ac6092-8b7a-4e89-97e1-43be04ae58b3/datanode-0/data/ratis
2023-04-11 11:26:15,781 [Listener at 127.0.0.1/44509] INFO  volume.StorageVolumeChecker (StorageVolumeChecker.java:checkAllVolumes(202)) - Scheduled health check for volume /home/runner/work/ozone/ozone/hadoop-ozone/integration-test/target/test-dir/MiniOzoneClusterImpl-96ac6092-8b7a-4e89-97e1-43be04ae58b3/datanode-0/data/ratis
2023-04-11 11:26:15,792 [Thread-1438] INFO  ozoneimpl.ContainerReader (ContainerReader.java:readVolume(175)) - Finish verifying containers on volume /home/runner/work/ozone/ozone/hadoop-ozone/integration-test/target/test-dir/MiniOzoneClusterImpl-96ac6092-8b7a-4e89-97e1-43be04ae58b3/datanode-0/data-0/containers/hdds
2023-04-11 11:26:15,792 [Listener at 127.0.0.1/44509] INFO  ozoneimpl.OzoneContainer (OzoneContainer.java:buildContainerSet(303)) - Build ContainerSet costs 0s
2023-04-11 11:26:15,794 [Listener at 127.0.0.1/44509] INFO  server.RaftServer (ConfUtils.java:logGet(46)) - raft.rpc.type = GRPC (default)
2023-04-11 11:26:15,794 [Listener at 127.0.0.1/44509] INFO  grpc.GrpcConfigKeys (ConfUtils.java:logFallback(53)) - raft.grpc.admin.host = null (fallback to raft.grpc.server.host)
2023-04-11 11:26:15,795 [Listener at 127.0.0.1/44509] INFO  grpc.GrpcConfigKeys (ConfUtils.java:logGet(46)) - raft.grpc.admin.port = 0 (custom)
2023-04-11 11:26:15,795 [Listener at 127.0.0.1/44509] INFO  grpc.GrpcConfigKeys (ConfUtils.java:logFallback(53)) - raft.grpc.client.host = null (fallback to raft.grpc.server.host)
2023-04-11 11:26:15,795 [Listener at 127.0.0.1/44509] INFO  grpc.GrpcConfigKeys (ConfUtils.java:logGet(46)) - raft.grpc.client.port = 0 (custom)
2023-04-11 11:26:15,795 [Listener at 127.0.0.1/44509] INFO  grpc.GrpcConfigKeys (ConfUtils.java:logGet(46)) - raft.grpc.server.host = null (default)
2023-04-11 11:26:15,795 [Listener at 127.0.0.1/44509] INFO  grpc.GrpcConfigKeys (ConfUtils.java:logGet(46)) - raft.grpc.server.port = 0 (default)
2023-04-11 11:26:15,795 [Listener at 127.0.0.1/44509] INFO  server.GrpcService (ConfUtils.java:logGet(46)) - raft.grpc.message.size.max = 32MB (=33554432) (custom)
2023-04-11 11:26:15,795 [Listener at 127.0.0.1/44509] INFO  server.RaftServerConfigKeys (ConfUtils.java:logGet(46)) - raft.server.log.appender.buffer.byte-limit = 33554432 (custom)
2023-04-11 11:26:15,795 [Listener at 127.0.0.1/44509] INFO  server.GrpcService (ConfUtils.java:logGet(46)) - raft.grpc.flow.control.window = 5MB (=5242880) (custom)
2023-04-11 11:26:15,795 [Listener at 127.0.0.1/44509] INFO  server.RaftServerConfigKeys (ConfUtils.java:logGet(46)) - raft.server.rpc.request.timeout = 60s (custom)
2023-04-11 11:26:15,795 [Listener at 127.0.0.1/44509] INFO  grpc.GrpcConfigKeys (ConfUtils.java:logGet(46)) - raft.grpc.server.heartbeat.channel = true (default)
2023-04-11 11:26:15,796 [Listener at 127.0.0.1/44509] INFO  grpc.GrpcConfigKeys (ConfUtils.java:logGet(46)) - raft.grpc.server.async.request.thread.pool.cached = true (default)
2023-04-11 11:26:15,796 [Listener at 127.0.0.1/44509] INFO  grpc.GrpcConfigKeys (ConfUtils.java:logGet(46)) - raft.grpc.server.async.request.thread.pool.size = 32 (default)
2023-04-11 11:26:15,797 [Listener at 127.0.0.1/44509] INFO  impl.DataStreamServerImpl (ConfUtils.java:logGet(46)) - raft.datastream.type = NETTY (custom)
2023-04-11 11:26:15,798 [Listener at 127.0.0.1/44509] INFO  server.RaftServerConfigKeys (ConfUtils.java:logGet(46)) - raft.server.data-stream.async.request.thread.pool.cached = false (default)
2023-04-11 11:26:15,798 [Listener at 127.0.0.1/44509] INFO  server.RaftServerConfigKeys (ConfUtils.java:logGet(46)) - raft.server.data-stream.async.request.thread.pool.size = 20 (custom)
2023-04-11 11:26:15,798 [Listener at 127.0.0.1/44509] INFO  server.RaftServerConfigKeys (ConfUtils.java:logGet(46)) - raft.server.data-stream.async.write.thread.pool.size = 16 (default)
2023-04-11 11:26:15,798 [Listener at 127.0.0.1/44509] INFO  server.RaftServerConfigKeys (ConfUtils.java:logGet(46)) - raft.server.data-stream.client.pool.size = 10 (default)
2023-04-11 11:26:15,798 [Listener at 127.0.0.1/44509] INFO  netty.NettyConfigKeys$DataStream (ConfUtils.java:logGet(46)) - raft.netty.dataStream.server.use-epoll = false (default)
2023-04-11 11:26:15,798 [Listener at 127.0.0.1/44509] INFO  netty.NettyConfigKeys$DataStream (ConfUtils.java:logGet(46)) - raft.netty.dataStream.server.boss-group.size = 0 (default)
2023-04-11 11:26:15,799 [Listener at 127.0.0.1/44509] INFO  netty.NettyConfigKeys$DataStream (ConfUtils.java:logGet(46)) - raft.netty.dataStream.server.worker-group.size = 0 (default)
2023-04-11 11:26:15,799 [Listener at 127.0.0.1/44509] INFO  netty.NettyConfigKeys$DataStream (ConfUtils.java:logGet(46)) - raft.netty.dataStream.server.tls.conf = null (default)
2023-04-11 11:26:15,799 [Listener at 127.0.0.1/44509] INFO  netty.NettyConfigKeys$DataStream (ConfUtils.java:logGet(46)) - raft.netty.dataStream.host = null (default)
2023-04-11 11:26:15,799 [Listener at 127.0.0.1/44509] INFO  netty.NettyConfigKeys$DataStream (ConfUtils.java:logGet(46)) - raft.netty.dataStream.port = 0 (default)
2023-04-11 11:26:15,802 [Listener at 127.0.0.1/44509] INFO  server.RaftServerConfigKeys (ConfUtils.java:logGet(46)) - raft.server.threadpool.proxy.cached = true (default)
2023-04-11 11:26:15,802 [Listener at 127.0.0.1/44509] INFO  server.RaftServerConfigKeys (ConfUtils.java:logGet(46)) - raft.server.threadpool.proxy.size = 0 (default)
2023-04-11 11:26:15,802 [Listener at 127.0.0.1/44509] INFO  server.RaftServerConfigKeys (ConfUtils.java:logGet(46)) - raft.server.rpc.slowness.timeout = 300s (custom)
2023-04-11 11:26:15,802 [Listener at 127.0.0.1/44509] INFO  server.RaftServerConfigKeys (ConfUtils.java:logGet(46)) - raft.server.leaderelection.leader.step-down.wait-time = 10s (default)
2023-04-11 11:26:15,802 [Listener at 127.0.0.1/44509] INFO  server.RaftServerConfigKeys (ConfUtils.java:logGet(46)) - raft.server.storage.dir = [/home/runner/work/ozone/ozone/hadoop-ozone/integration-test/target/test-dir/MiniOzoneClusterImpl-96ac6092-8b7a-4e89-97e1-43be04ae58b3/datanode-0/data/ratis] (custom)
2023-04-11 11:26:15,803 [7b25ec04-6163-44ae-a7e6-933a1c4a9d86-NettyServerStreamRpc-bossGroup--thread1] INFO  logging.LoggingHandler (AbstractInternalLogger.java:log(148)) - [id: 0x0711ed2f] REGISTERED
2023-04-11 11:26:15,803 [7b25ec04-6163-44ae-a7e6-933a1c4a9d86-NettyServerStreamRpc-bossGroup--thread1] INFO  logging.LoggingHandler (AbstractInternalLogger.java:log(148)) - [id: 0x0711ed2f] BIND: 0.0.0.0/0.0.0.0:0
2023-04-11 11:26:15,803 [7b25ec04-6163-44ae-a7e6-933a1c4a9d86-NettyServerStreamRpc-bossGroup--thread1] INFO  logging.LoggingHandler (AbstractInternalLogger.java:log(148)) - [id: 0x0711ed2f, L:/0:0:0:0:0:0:0:0:39359] ACTIVE
2023-04-11 11:26:15,807 [Listener at 127.0.0.1/44509] INFO  server.XceiverServerGrpc (XceiverServerGrpc.java:<init>(132)) - GrpcServer channel type EpollServerSocketChannel
2023-04-11 11:26:15,811 [Listener at 127.0.0.1/44509] INFO  http.BaseHttpServer (BaseHttpServer.java:newHttpServer2BuilderForOzone(224)) - Starting Web-server for hddsDatanode at: http://0.0.0.0:0
2023-04-11 11:26:15,812 [Listener at 127.0.0.1/44509] INFO  http.BaseHttpServer (BaseHttpServer.java:<init>(111)) - Hadoop Security Enabled: false Ozone Security Enabled: false Ozone HTTP Security Enabled: false 
2023-04-11 11:26:15,813 [Listener at 127.0.0.1/44509] WARN  server.AuthenticationFilter (AuthenticationFilter.java:constructSecretProvider(240)) - Unable to initialize FileSignerSecretProvider, falling back to use random secrets. Reason: Could not read signature secret file: /home/runner/hadoop-http-auth-signature-secret
2023-04-11 11:26:15,813 [Listener at 127.0.0.1/44509] WARN  http.HttpRequestLog (HttpRequestLog.java:getRequestLog(103)) - Jetty request log can only be enabled using Log4j
2023-04-11 11:26:15,814 [Listener at 127.0.0.1/44509] INFO  http.HttpServer2 (HttpServer2.java:addGlobalFilter(1031)) - Added global filter 'safety' (class=org.apache.hadoop.hdds.server.http.HttpServer2$QuotingInputFilter)
2023-04-11 11:26:15,815 [Listener at 127.0.0.1/44509] INFO  http.HttpServer2 (HttpServer2.java:addFilter(1007)) - Added filter static_user_filter (class=org.apache.hadoop.http.lib.StaticUserWebFilter$StaticUserFilter) to context hddsDatanode
2023-04-11 11:26:15,815 [Listener at 127.0.0.1/44509] INFO  http.HttpServer2 (HttpServer2.java:addFilter(1015)) - Added filter static_user_filter (class=org.apache.hadoop.http.lib.StaticUserWebFilter$StaticUserFilter) to context static
2023-04-11 11:26:15,815 [Listener at 127.0.0.1/44509] INFO  http.HttpServer2 (HttpServer2.java:addFilter(1015)) - Added filter static_user_filter (class=org.apache.hadoop.http.lib.StaticUserWebFilter$StaticUserFilter) to context logs
2023-04-11 11:26:15,815 [Listener at 127.0.0.1/44509] INFO  http.BaseHttpServer (BaseHttpServer.java:<init>(190)) - HTTP server of hddsDatanode uses base directory /home/runner/work/ozone/ozone/hadoop-ozone/integration-test/target/test-dir/MiniOzoneClusterImpl-96ac6092-8b7a-4e89-97e1-43be04ae58b3/datanode-0/meta/webserver
2023-04-11 11:26:15,816 [Listener at 127.0.0.1/44509] INFO  http.HttpServer2 (HttpServer2.java:bindListener(1250)) - Jetty bound to port 41223
2023-04-11 11:26:15,816 [Listener at 127.0.0.1/44509] INFO  server.Server (Server.java:doStart(375)) - jetty-9.4.49.v20220914; built: 2022-09-14T01:07:36.601Z; git: 4231a3b2e4cb8548a412a789936d640a97b1aa0a; jvm 1.8.0_362-b09
2023-04-11 11:26:15,821 [Listener at 127.0.0.1/44509] INFO  server.session (DefaultSessionIdManager.java:doStart(334)) - DefaultSessionIdManager workerName=node0
2023-04-11 11:26:15,821 [Listener at 127.0.0.1/44509] INFO  server.session (DefaultSessionIdManager.java:doStart(339)) - No SessionScavenger set, using defaults
2023-04-11 11:26:15,821 [Listener at 127.0.0.1/44509] INFO  server.session (HouseKeeper.java:startScavenging(132)) - node0 Scavenging every 600000ms
2023-04-11 11:26:15,822 [Listener at 127.0.0.1/44509] INFO  handler.ContextHandler (ContextHandler.java:doStart(921)) - Started o.e.j.s.ServletContextHandler@2ce21e28{logs,/logs,file:///home/runner/work/ozone/ozone/hadoop-ozone/integration-test/target/log,AVAILABLE}
2023-04-11 11:26:15,822 [Listener at 127.0.0.1/44509] INFO  handler.ContextHandler (ContextHandler.java:doStart(921)) - Started o.e.j.s.ServletContextHandler@6b84cf30{static,/static,jar:file:/home/runner/.m2/repository/org/apache/ozone/hdds-container-service/1.4.0-SNAPSHOT/hdds-container-service-1.4.0-SNAPSHOT.jar!/webapps/static,AVAILABLE}
2023-04-11 11:26:16,013 [Listener at 127.0.0.1/44509] INFO  handler.ContextHandler (ContextHandler.java:doStart(921)) - Started o.e.j.w.WebAppContext@65df770a{hddsDatanode,/,file:///home/runner/work/ozone/ozone/hadoop-ozone/integration-test/target/test-dir/MiniOzoneClusterImpl-96ac6092-8b7a-4e89-97e1-43be04ae58b3/datanode-0/meta/webserver/jetty-0_0_0_0-41223-hdds-container-service-1_4_0-SNAPSHOT_jar-_-any-6641659364871037502/webapp/,AVAILABLE}{jar:file:/home/runner/.m2/repository/org/apache/ozone/hdds-container-service/1.4.0-SNAPSHOT/hdds-container-service-1.4.0-SNAPSHOT.jar!/webapps/hddsDatanode}
2023-04-11 11:26:16,015 [Listener at 127.0.0.1/44509] INFO  server.AbstractConnector (AbstractConnector.java:doStart(333)) - Started ServerConnector@fce7191{HTTP/1.1, (http/1.1)}{0.0.0.0:41223}
2023-04-11 11:26:16,015 [Listener at 127.0.0.1/44509] INFO  server.Server (Server.java:doStart(415)) - Started @190642ms
2023-04-11 11:26:16,015 [Listener at 127.0.0.1/44509] WARN  impl.MetricsSystemImpl (MetricsSystemImpl.java:register(279)) - Sink prometheus already exists!
2023-04-11 11:26:16,016 [Listener at 127.0.0.1/44509] INFO  http.BaseHttpServer (BaseHttpServer.java:updateConnectorAddress(344)) - HTTP server of hddsDatanode listening at http://0.0.0.0:41223
2023-04-11 11:26:16,016 [Datanode State Machine Daemon Thread] INFO  statemachine.DatanodeStateMachine (DatanodeStateMachine.java:lambda$startDaemon$0(517)) - Ozone container server started.
2023-04-11 11:26:16,016 [Listener at 127.0.0.1/44509] WARN  impl.MetricRegistriesImpl (MetricRegistriesImpl.java:addReporterRegistration(111)) - New reporters are added after registries were created. Some metrics will be missing from the reporter. Please add reporter before adding any new registry.
2023-04-11 11:26:16,018 [Listener at 127.0.0.1/44509] WARN  impl.MetricRegistriesImpl (MetricRegistriesImpl.java:addReporterRegistration(111)) - New reporters are added after registries were created. Some metrics will be missing from the reporter. Please add reporter before adding any new registry.
2023-04-11 11:26:16,018 [Listener at 127.0.0.1/44509] INFO  impl.MetricsSystemImpl (MetricsSystemImpl.java:init(158)) - HddsDatanode metrics system started (again)
2023-04-11 11:26:16,032 [Listener at 127.0.0.1/44509] INFO  ozone.HddsDatanodeService (HddsDatanodeService.java:start(252)) - HddsDatanodeService host:fv-az590-525.scpgifznvsounmmscp2whtfmwe.cx.internal.cloudapp.net ip:10.1.0.37
2023-04-11 11:26:16,050 [org.apache.hadoop.util.JvmPauseMonitor$Monitor@f18ed9e] INFO  util.JvmPauseMonitor (JvmPauseMonitor.java:run(188)) - Starting JVM pause monitor
2023-04-11 11:26:16,055 [Listener at 127.0.0.1/44509] INFO  upgrade.AbstractLayoutVersionManager (AbstractLayoutVersionManager.java:init(83)) - Initializing Layout version manager with metadata layout = WEBUI_PORTS_IN_DATANODEDETAILS (version = 6), software layout = WEBUI_PORTS_IN_DATANODEDETAILS (version = 6)
2023-04-11 11:26:16,060 [Datanode State Machine Task Thread - 0] INFO  datanode.InitDatanodeState (InitDatanodeState.java:persistContainerDatanodeDetails(138)) - DatanodeDetails is persisted to /home/runner/work/ozone/ozone/hadoop-ozone/integration-test/target/test-dir/MiniOzoneClusterImpl-96ac6092-8b7a-4e89-97e1-43be04ae58b3/datanode-0/meta/datanode.id
2023-04-11 11:26:16,109 [Listener at 127.0.0.1/44509] INFO  reflections.Reflections (Reflections.java:scan(232)) - Reflections took 49 ms to scan 7 urls, producing 156 keys and 369 values 
2023-04-11 11:26:16,111 [Listener at 127.0.0.1/44509] INFO  statemachine.DatanodeStateMachine (DatanodeStateMachine.java:getEndPointTaskThreadPoolSize(260)) - Datanode State Machine Task Thread Pool size 2
2023-04-11 11:26:16,112 [Listener at 127.0.0.1/44509] INFO  volume.HddsVolume (HddsVolume.java:<init>(130)) - Creating HddsVolume: /home/runner/work/ozone/ozone/hadoop-ozone/integration-test/target/test-dir/MiniOzoneClusterImpl-96ac6092-8b7a-4e89-97e1-43be04ae58b3/datanode-1/data-0/containers/hdds of storage type : DISK capacity : 9223372036854775807
2023-04-11 11:26:16,112 [Listener at 127.0.0.1/44509] INFO  volume.MutableVolumeSet (MutableVolumeSet.java:initializeVolumeSet(175)) - Added Volume : /home/runner/work/ozone/ozone/hadoop-ozone/integration-test/target/test-dir/MiniOzoneClusterImpl-96ac6092-8b7a-4e89-97e1-43be04ae58b3/datanode-1/data-0/containers/hdds to VolumeSet
2023-04-11 11:26:16,113 [Listener at 127.0.0.1/44509] INFO  volume.ThrottledAsyncChecker (ThrottledAsyncChecker.java:schedule(141)) - Scheduling a check for /home/runner/work/ozone/ozone/hadoop-ozone/integration-test/target/test-dir/MiniOzoneClusterImpl-96ac6092-8b7a-4e89-97e1-43be04ae58b3/datanode-1/data-0/containers/hdds
2023-04-11 11:26:16,113 [Listener at 127.0.0.1/44509] INFO  volume.StorageVolumeChecker (StorageVolumeChecker.java:checkAllVolumes(202)) - Scheduled health check for volume /home/runner/work/ozone/ozone/hadoop-ozone/integration-test/target/test-dir/MiniOzoneClusterImpl-96ac6092-8b7a-4e89-97e1-43be04ae58b3/datanode-1/data-0/containers/hdds
2023-04-11 11:26:16,125 [Listener at 127.0.0.1/44509] INFO  volume.MutableVolumeSet (MutableVolumeSet.java:initializeVolumeSet(175)) - Added Volume : /home/runner/work/ozone/ozone/hadoop-ozone/integration-test/target/test-dir/MiniOzoneClusterImpl-96ac6092-8b7a-4e89-97e1-43be04ae58b3/datanode-1/data/ratis to VolumeSet
2023-04-11 11:26:16,126 [Listener at 127.0.0.1/44509] INFO  volume.ThrottledAsyncChecker (ThrottledAsyncChecker.java:schedule(141)) - Scheduling a check for /home/runner/work/ozone/ozone/hadoop-ozone/integration-test/target/test-dir/MiniOzoneClusterImpl-96ac6092-8b7a-4e89-97e1-43be04ae58b3/datanode-1/data/ratis
2023-04-11 11:26:16,126 [Listener at 127.0.0.1/44509] INFO  volume.StorageVolumeChecker (StorageVolumeChecker.java:checkAllVolumes(202)) - Scheduled health check for volume /home/runner/work/ozone/ozone/hadoop-ozone/integration-test/target/test-dir/MiniOzoneClusterImpl-96ac6092-8b7a-4e89-97e1-43be04ae58b3/datanode-1/data/ratis
2023-04-11 11:26:16,137 [Thread-1452] INFO  ozoneimpl.ContainerReader (ContainerReader.java:readVolume(175)) - Finish verifying containers on volume /home/runner/work/ozone/ozone/hadoop-ozone/integration-test/target/test-dir/MiniOzoneClusterImpl-96ac6092-8b7a-4e89-97e1-43be04ae58b3/datanode-1/data-0/containers/hdds
2023-04-11 11:26:16,137 [Listener at 127.0.0.1/44509] INFO  ozoneimpl.OzoneContainer (OzoneContainer.java:buildContainerSet(303)) - Build ContainerSet costs 0s
2023-04-11 11:26:16,139 [Listener at 127.0.0.1/44509] INFO  server.RaftServer (ConfUtils.java:logGet(46)) - raft.rpc.type = GRPC (default)
2023-04-11 11:26:16,140 [Listener at 127.0.0.1/44509] INFO  grpc.GrpcConfigKeys (ConfUtils.java:logFallback(53)) - raft.grpc.admin.host = null (fallback to raft.grpc.server.host)
2023-04-11 11:26:16,140 [Listener at 127.0.0.1/44509] INFO  grpc.GrpcConfigKeys (ConfUtils.java:logGet(46)) - raft.grpc.admin.port = 0 (custom)
2023-04-11 11:26:16,140 [Listener at 127.0.0.1/44509] INFO  grpc.GrpcConfigKeys (ConfUtils.java:logFallback(53)) - raft.grpc.client.host = null (fallback to raft.grpc.server.host)
2023-04-11 11:26:16,140 [Listener at 127.0.0.1/44509] INFO  grpc.GrpcConfigKeys (ConfUtils.java:logGet(46)) - raft.grpc.client.port = 0 (custom)
2023-04-11 11:26:16,140 [Listener at 127.0.0.1/44509] INFO  grpc.GrpcConfigKeys (ConfUtils.java:logGet(46)) - raft.grpc.server.host = null (default)
2023-04-11 11:26:16,140 [Listener at 127.0.0.1/44509] INFO  grpc.GrpcConfigKeys (ConfUtils.java:logGet(46)) - raft.grpc.server.port = 0 (default)
2023-04-11 11:26:16,140 [Listener at 127.0.0.1/44509] INFO  server.GrpcService (ConfUtils.java:logGet(46)) - raft.grpc.message.size.max = 32MB (=33554432) (custom)
2023-04-11 11:26:16,140 [Listener at 127.0.0.1/44509] INFO  server.RaftServerConfigKeys (ConfUtils.java:logGet(46)) - raft.server.log.appender.buffer.byte-limit = 33554432 (custom)
2023-04-11 11:26:16,140 [Listener at 127.0.0.1/44509] INFO  server.GrpcService (ConfUtils.java:logGet(46)) - raft.grpc.flow.control.window = 5MB (=5242880) (custom)
2023-04-11 11:26:16,140 [Listener at 127.0.0.1/44509] INFO  server.RaftServerConfigKeys (ConfUtils.java:logGet(46)) - raft.server.rpc.request.timeout = 60s (custom)
2023-04-11 11:26:16,141 [Listener at 127.0.0.1/44509] INFO  grpc.GrpcConfigKeys (ConfUtils.java:logGet(46)) - raft.grpc.server.heartbeat.channel = true (default)
2023-04-11 11:26:16,141 [Listener at 127.0.0.1/44509] INFO  grpc.GrpcConfigKeys (ConfUtils.java:logGet(46)) - raft.grpc.server.async.request.thread.pool.cached = true (default)
2023-04-11 11:26:16,141 [Listener at 127.0.0.1/44509] INFO  grpc.GrpcConfigKeys (ConfUtils.java:logGet(46)) - raft.grpc.server.async.request.thread.pool.size = 32 (default)
2023-04-11 11:26:16,142 [Listener at 127.0.0.1/44509] INFO  impl.DataStreamServerImpl (ConfUtils.java:logGet(46)) - raft.datastream.type = NETTY (custom)
2023-04-11 11:26:16,142 [Listener at 127.0.0.1/44509] INFO  server.RaftServerConfigKeys (ConfUtils.java:logGet(46)) - raft.server.data-stream.async.request.thread.pool.cached = false (default)
2023-04-11 11:26:16,142 [Listener at 127.0.0.1/44509] INFO  server.RaftServerConfigKeys (ConfUtils.java:logGet(46)) - raft.server.data-stream.async.request.thread.pool.size = 20 (custom)
2023-04-11 11:26:16,142 [Listener at 127.0.0.1/44509] INFO  server.RaftServerConfigKeys (ConfUtils.java:logGet(46)) - raft.server.data-stream.async.write.thread.pool.size = 16 (default)
2023-04-11 11:26:16,142 [Listener at 127.0.0.1/44509] INFO  server.RaftServerConfigKeys (ConfUtils.java:logGet(46)) - raft.server.data-stream.client.pool.size = 10 (default)
2023-04-11 11:26:16,143 [Listener at 127.0.0.1/44509] INFO  netty.NettyConfigKeys$DataStream (ConfUtils.java:logGet(46)) - raft.netty.dataStream.server.use-epoll = false (default)
2023-04-11 11:26:16,143 [Listener at 127.0.0.1/44509] INFO  netty.NettyConfigKeys$DataStream (ConfUtils.java:logGet(46)) - raft.netty.dataStream.server.boss-group.size = 0 (default)
2023-04-11 11:26:16,143 [Listener at 127.0.0.1/44509] INFO  netty.NettyConfigKeys$DataStream (ConfUtils.java:logGet(46)) - raft.netty.dataStream.server.worker-group.size = 0 (default)
2023-04-11 11:26:16,143 [Listener at 127.0.0.1/44509] INFO  netty.NettyConfigKeys$DataStream (ConfUtils.java:logGet(46)) - raft.netty.dataStream.server.tls.conf = null (default)
2023-04-11 11:26:16,143 [Listener at 127.0.0.1/44509] INFO  netty.NettyConfigKeys$DataStream (ConfUtils.java:logGet(46)) - raft.netty.dataStream.host = null (default)
2023-04-11 11:26:16,143 [Listener at 127.0.0.1/44509] INFO  netty.NettyConfigKeys$DataStream (ConfUtils.java:logGet(46)) - raft.netty.dataStream.port = 0 (default)
2023-04-11 11:26:16,144 [Listener at 127.0.0.1/44509] INFO  server.RaftServerConfigKeys (ConfUtils.java:logGet(46)) - raft.server.threadpool.proxy.cached = true (default)
2023-04-11 11:26:16,144 [Listener at 127.0.0.1/44509] INFO  server.RaftServerConfigKeys (ConfUtils.java:logGet(46)) - raft.server.threadpool.proxy.size = 0 (default)
2023-04-11 11:26:16,144 [Listener at 127.0.0.1/44509] INFO  server.RaftServerConfigKeys (ConfUtils.java:logGet(46)) - raft.server.rpc.slowness.timeout = 300s (custom)
2023-04-11 11:26:16,144 [Listener at 127.0.0.1/44509] INFO  server.RaftServerConfigKeys (ConfUtils.java:logGet(46)) - raft.server.leaderelection.leader.step-down.wait-time = 10s (default)
2023-04-11 11:26:16,145 [Listener at 127.0.0.1/44509] INFO  server.RaftServerConfigKeys (ConfUtils.java:logGet(46)) - raft.server.storage.dir = [/home/runner/work/ozone/ozone/hadoop-ozone/integration-test/target/test-dir/MiniOzoneClusterImpl-96ac6092-8b7a-4e89-97e1-43be04ae58b3/datanode-1/data/ratis] (custom)
2023-04-11 11:26:16,146 [4d790031-0a50-4ffd-b1f5-2ef434e1e7d9-NettyServerStreamRpc-bossGroup--thread1] INFO  logging.LoggingHandler (AbstractInternalLogger.java:log(148)) - [id: 0x76d11292] REGISTERED
2023-04-11 11:26:16,146 [Listener at 127.0.0.1/44509] INFO  server.XceiverServerGrpc (XceiverServerGrpc.java:<init>(132)) - GrpcServer channel type EpollServerSocketChannel
2023-04-11 11:26:16,146 [4d790031-0a50-4ffd-b1f5-2ef434e1e7d9-NettyServerStreamRpc-bossGroup--thread1] INFO  logging.LoggingHandler (AbstractInternalLogger.java:log(148)) - [id: 0x76d11292] BIND: 0.0.0.0/0.0.0.0:0
2023-04-11 11:26:16,146 [4d790031-0a50-4ffd-b1f5-2ef434e1e7d9-NettyServerStreamRpc-bossGroup--thread1] INFO  logging.LoggingHandler (AbstractInternalLogger.java:log(148)) - [id: 0x76d11292, L:/0:0:0:0:0:0:0:0:46225] ACTIVE
2023-04-11 11:26:16,149 [Listener at 127.0.0.1/44509] INFO  http.BaseHttpServer (BaseHttpServer.java:newHttpServer2BuilderForOzone(224)) - Starting Web-server for hddsDatanode at: http://0.0.0.0:0
2023-04-11 11:26:16,149 [Listener at 127.0.0.1/44509] INFO  http.BaseHttpServer (BaseHttpServer.java:<init>(111)) - Hadoop Security Enabled: false Ozone Security Enabled: false Ozone HTTP Security Enabled: false 
2023-04-11 11:26:16,150 [Listener at 127.0.0.1/44509] WARN  server.AuthenticationFilter (AuthenticationFilter.java:constructSecretProvider(240)) - Unable to initialize FileSignerSecretProvider, falling back to use random secrets. Reason: Could not read signature secret file: /home/runner/hadoop-http-auth-signature-secret
2023-04-11 11:26:16,150 [Listener at 127.0.0.1/44509] WARN  http.HttpRequestLog (HttpRequestLog.java:getRequestLog(103)) - Jetty request log can only be enabled using Log4j
2023-04-11 11:26:16,151 [Listener at 127.0.0.1/44509] INFO  http.HttpServer2 (HttpServer2.java:addGlobalFilter(1031)) - Added global filter 'safety' (class=org.apache.hadoop.hdds.server.http.HttpServer2$QuotingInputFilter)
2023-04-11 11:26:16,152 [Listener at 127.0.0.1/44509] INFO  http.HttpServer2 (HttpServer2.java:addFilter(1007)) - Added filter static_user_filter (class=org.apache.hadoop.http.lib.StaticUserWebFilter$StaticUserFilter) to context hddsDatanode
2023-04-11 11:26:16,152 [Listener at 127.0.0.1/44509] INFO  http.HttpServer2 (HttpServer2.java:addFilter(1015)) - Added filter static_user_filter (class=org.apache.hadoop.http.lib.StaticUserWebFilter$StaticUserFilter) to context static
2023-04-11 11:26:16,152 [Listener at 127.0.0.1/44509] INFO  http.HttpServer2 (HttpServer2.java:addFilter(1015)) - Added filter static_user_filter (class=org.apache.hadoop.http.lib.StaticUserWebFilter$StaticUserFilter) to context logs
2023-04-11 11:26:16,152 [Listener at 127.0.0.1/44509] INFO  http.BaseHttpServer (BaseHttpServer.java:<init>(190)) - HTTP server of hddsDatanode uses base directory /home/runner/work/ozone/ozone/hadoop-ozone/integration-test/target/test-dir/MiniOzoneClusterImpl-96ac6092-8b7a-4e89-97e1-43be04ae58b3/datanode-1/meta/webserver
2023-04-11 11:26:16,153 [Listener at 127.0.0.1/44509] INFO  http.HttpServer2 (HttpServer2.java:bindListener(1250)) - Jetty bound to port 35367
2023-04-11 11:26:16,153 [Listener at 127.0.0.1/44509] INFO  server.Server (Server.java:doStart(375)) - jetty-9.4.49.v20220914; built: 2022-09-14T01:07:36.601Z; git: 4231a3b2e4cb8548a412a789936d640a97b1aa0a; jvm 1.8.0_362-b09
2023-04-11 11:26:16,154 [Listener at 127.0.0.1/44509] INFO  server.session (DefaultSessionIdManager.java:doStart(334)) - DefaultSessionIdManager workerName=node0
2023-04-11 11:26:16,154 [Listener at 127.0.0.1/44509] INFO  server.session (DefaultSessionIdManager.java:doStart(339)) - No SessionScavenger set, using defaults
2023-04-11 11:26:16,154 [Listener at 127.0.0.1/44509] INFO  server.session (HouseKeeper.java:startScavenging(132)) - node0 Scavenging every 660000ms
2023-04-11 11:26:16,154 [Listener at 127.0.0.1/44509] INFO  handler.ContextHandler (ContextHandler.java:doStart(921)) - Started o.e.j.s.ServletContextHandler@3a22ef09{logs,/logs,file:///home/runner/work/ozone/ozone/hadoop-ozone/integration-test/target/log,AVAILABLE}
2023-04-11 11:26:16,155 [Listener at 127.0.0.1/44509] INFO  handler.ContextHandler (ContextHandler.java:doStart(921)) - Started o.e.j.s.ServletContextHandler@497efdbf{static,/static,jar:file:/home/runner/.m2/repository/org/apache/ozone/hdds-container-service/1.4.0-SNAPSHOT/hdds-container-service-1.4.0-SNAPSHOT.jar!/webapps/static,AVAILABLE}
2023-04-11 11:26:16,343 [Listener at 127.0.0.1/44509] INFO  handler.ContextHandler (ContextHandler.java:doStart(921)) - Started o.e.j.w.WebAppContext@49401c88{hddsDatanode,/,file:///home/runner/work/ozone/ozone/hadoop-ozone/integration-test/target/test-dir/MiniOzoneClusterImpl-96ac6092-8b7a-4e89-97e1-43be04ae58b3/datanode-1/meta/webserver/jetty-0_0_0_0-35367-hdds-container-service-1_4_0-SNAPSHOT_jar-_-any-7010905240846027374/webapp/,AVAILABLE}{jar:file:/home/runner/.m2/repository/org/apache/ozone/hdds-container-service/1.4.0-SNAPSHOT/hdds-container-service-1.4.0-SNAPSHOT.jar!/webapps/hddsDatanode}
2023-04-11 11:26:16,345 [Listener at 127.0.0.1/44509] INFO  server.AbstractConnector (AbstractConnector.java:doStart(333)) - Started ServerConnector@ea49e27{HTTP/1.1, (http/1.1)}{0.0.0.0:35367}
2023-04-11 11:26:16,345 [Listener at 127.0.0.1/44509] INFO  server.Server (Server.java:doStart(415)) - Started @190972ms
2023-04-11 11:26:16,345 [Listener at 127.0.0.1/44509] WARN  impl.MetricsSystemImpl (MetricsSystemImpl.java:register(279)) - Sink prometheus already exists!
2023-04-11 11:26:16,345 [Listener at 127.0.0.1/44509] INFO  http.BaseHttpServer (BaseHttpServer.java:updateConnectorAddress(344)) - HTTP server of hddsDatanode listening at http://0.0.0.0:35367
2023-04-11 11:26:16,346 [Datanode State Machine Daemon Thread] INFO  statemachine.DatanodeStateMachine (DatanodeStateMachine.java:lambda$startDaemon$0(517)) - Ozone container server started.
2023-04-11 11:26:16,347 [Listener at 127.0.0.1/44509] WARN  impl.MetricRegistriesImpl (MetricRegistriesImpl.java:addReporterRegistration(111)) - New reporters are added after registries were created. Some metrics will be missing from the reporter. Please add reporter before adding any new registry.
2023-04-11 11:26:16,348 [Listener at 127.0.0.1/44509] WARN  impl.MetricRegistriesImpl (MetricRegistriesImpl.java:addReporterRegistration(111)) - New reporters are added after registries were created. Some metrics will be missing from the reporter. Please add reporter before adding any new registry.
2023-04-11 11:26:16,348 [Listener at 127.0.0.1/44509] INFO  impl.MetricsSystemImpl (MetricsSystemImpl.java:init(158)) - HddsDatanode metrics system started (again)
2023-04-11 11:26:16,357 [org.apache.hadoop.util.JvmPauseMonitor$Monitor@61a6ee5a] INFO  util.JvmPauseMonitor (JvmPauseMonitor.java:run(188)) - Starting JVM pause monitor
2023-04-11 11:26:16,360 [Datanode State Machine Task Thread - 0] INFO  datanode.InitDatanodeState (InitDatanodeState.java:persistContainerDatanodeDetails(138)) - DatanodeDetails is persisted to /home/runner/work/ozone/ozone/hadoop-ozone/integration-test/target/test-dir/MiniOzoneClusterImpl-96ac6092-8b7a-4e89-97e1-43be04ae58b3/datanode-1/meta/datanode.id
2023-04-11 11:26:16,361 [Listener at 127.0.0.1/44509] INFO  ozone.HddsDatanodeService (HddsDatanodeService.java:start(252)) - HddsDatanodeService host:fv-az590-525.scpgifznvsounmmscp2whtfmwe.cx.internal.cloudapp.net ip:10.1.0.37
2023-04-11 11:26:16,394 [Listener at 127.0.0.1/44509] INFO  upgrade.AbstractLayoutVersionManager (AbstractLayoutVersionManager.java:init(83)) - Initializing Layout version manager with metadata layout = WEBUI_PORTS_IN_DATANODEDETAILS (version = 6), software layout = WEBUI_PORTS_IN_DATANODEDETAILS (version = 6)
2023-04-11 11:26:16,443 [Listener at 127.0.0.1/44509] INFO  reflections.Reflections (Reflections.java:scan(232)) - Reflections took 48 ms to scan 7 urls, producing 156 keys and 369 values 
2023-04-11 11:26:16,445 [Listener at 127.0.0.1/44509] INFO  statemachine.DatanodeStateMachine (DatanodeStateMachine.java:getEndPointTaskThreadPoolSize(260)) - Datanode State Machine Task Thread Pool size 2
2023-04-11 11:26:16,446 [Listener at 127.0.0.1/44509] INFO  volume.HddsVolume (HddsVolume.java:<init>(130)) - Creating HddsVolume: /home/runner/work/ozone/ozone/hadoop-ozone/integration-test/target/test-dir/MiniOzoneClusterImpl-96ac6092-8b7a-4e89-97e1-43be04ae58b3/datanode-2/data-0/containers/hdds of storage type : DISK capacity : 9223372036854775807
2023-04-11 11:26:16,447 [Listener at 127.0.0.1/44509] INFO  volume.MutableVolumeSet (MutableVolumeSet.java:initializeVolumeSet(175)) - Added Volume : /home/runner/work/ozone/ozone/hadoop-ozone/integration-test/target/test-dir/MiniOzoneClusterImpl-96ac6092-8b7a-4e89-97e1-43be04ae58b3/datanode-2/data-0/containers/hdds to VolumeSet
2023-04-11 11:26:16,447 [Listener at 127.0.0.1/44509] INFO  volume.ThrottledAsyncChecker (ThrottledAsyncChecker.java:schedule(141)) - Scheduling a check for /home/runner/work/ozone/ozone/hadoop-ozone/integration-test/target/test-dir/MiniOzoneClusterImpl-96ac6092-8b7a-4e89-97e1-43be04ae58b3/datanode-2/data-0/containers/hdds
2023-04-11 11:26:16,448 [Listener at 127.0.0.1/44509] INFO  volume.StorageVolumeChecker (StorageVolumeChecker.java:checkAllVolumes(202)) - Scheduled health check for volume /home/runner/work/ozone/ozone/hadoop-ozone/integration-test/target/test-dir/MiniOzoneClusterImpl-96ac6092-8b7a-4e89-97e1-43be04ae58b3/datanode-2/data-0/containers/hdds
2023-04-11 11:26:16,460 [Listener at 127.0.0.1/44509] INFO  volume.MutableVolumeSet (MutableVolumeSet.java:initializeVolumeSet(175)) - Added Volume : /home/runner/work/ozone/ozone/hadoop-ozone/integration-test/target/test-dir/MiniOzoneClusterImpl-96ac6092-8b7a-4e89-97e1-43be04ae58b3/datanode-2/data/ratis to VolumeSet
2023-04-11 11:26:16,460 [Listener at 127.0.0.1/44509] INFO  volume.ThrottledAsyncChecker (ThrottledAsyncChecker.java:schedule(141)) - Scheduling a check for /home/runner/work/ozone/ozone/hadoop-ozone/integration-test/target/test-dir/MiniOzoneClusterImpl-96ac6092-8b7a-4e89-97e1-43be04ae58b3/datanode-2/data/ratis
2023-04-11 11:26:16,460 [Listener at 127.0.0.1/44509] INFO  volume.StorageVolumeChecker (StorageVolumeChecker.java:checkAllVolumes(202)) - Scheduled health check for volume /home/runner/work/ozone/ozone/hadoop-ozone/integration-test/target/test-dir/MiniOzoneClusterImpl-96ac6092-8b7a-4e89-97e1-43be04ae58b3/datanode-2/data/ratis
2023-04-11 11:26:16,470 [Thread-1466] INFO  ozoneimpl.ContainerReader (ContainerReader.java:readVolume(175)) - Finish verifying containers on volume /home/runner/work/ozone/ozone/hadoop-ozone/integration-test/target/test-dir/MiniOzoneClusterImpl-96ac6092-8b7a-4e89-97e1-43be04ae58b3/datanode-2/data-0/containers/hdds
2023-04-11 11:26:16,470 [Listener at 127.0.0.1/44509] INFO  ozoneimpl.OzoneContainer (OzoneContainer.java:buildContainerSet(303)) - Build ContainerSet costs 0s
2023-04-11 11:26:16,472 [Listener at 127.0.0.1/44509] INFO  server.RaftServer (ConfUtils.java:logGet(46)) - raft.rpc.type = GRPC (default)
2023-04-11 11:26:16,473 [Listener at 127.0.0.1/44509] INFO  grpc.GrpcConfigKeys (ConfUtils.java:logFallback(53)) - raft.grpc.admin.host = null (fallback to raft.grpc.server.host)
2023-04-11 11:26:16,473 [Listener at 127.0.0.1/44509] INFO  grpc.GrpcConfigKeys (ConfUtils.java:logGet(46)) - raft.grpc.admin.port = 0 (custom)
2023-04-11 11:26:16,473 [Listener at 127.0.0.1/44509] INFO  grpc.GrpcConfigKeys (ConfUtils.java:logFallback(53)) - raft.grpc.client.host = null (fallback to raft.grpc.server.host)
2023-04-11 11:26:16,473 [Listener at 127.0.0.1/44509] INFO  grpc.GrpcConfigKeys (ConfUtils.java:logGet(46)) - raft.grpc.client.port = 0 (custom)
2023-04-11 11:26:16,473 [Listener at 127.0.0.1/44509] INFO  grpc.GrpcConfigKeys (ConfUtils.java:logGet(46)) - raft.grpc.server.host = null (default)
2023-04-11 11:26:16,473 [Listener at 127.0.0.1/44509] INFO  grpc.GrpcConfigKeys (ConfUtils.java:logGet(46)) - raft.grpc.server.port = 0 (default)
2023-04-11 11:26:16,473 [Listener at 127.0.0.1/44509] INFO  server.GrpcService (ConfUtils.java:logGet(46)) - raft.grpc.message.size.max = 32MB (=33554432) (custom)
2023-04-11 11:26:16,473 [Listener at 127.0.0.1/44509] INFO  server.RaftServerConfigKeys (ConfUtils.java:logGet(46)) - raft.server.log.appender.buffer.byte-limit = 33554432 (custom)
2023-04-11 11:26:16,473 [Listener at 127.0.0.1/44509] INFO  server.GrpcService (ConfUtils.java:logGet(46)) - raft.grpc.flow.control.window = 5MB (=5242880) (custom)
2023-04-11 11:26:16,474 [Listener at 127.0.0.1/44509] INFO  server.RaftServerConfigKeys (ConfUtils.java:logGet(46)) - raft.server.rpc.request.timeout = 60s (custom)
2023-04-11 11:26:16,474 [Listener at 127.0.0.1/44509] INFO  grpc.GrpcConfigKeys (ConfUtils.java:logGet(46)) - raft.grpc.server.heartbeat.channel = true (default)
2023-04-11 11:26:16,474 [Listener at 127.0.0.1/44509] INFO  grpc.GrpcConfigKeys (ConfUtils.java:logGet(46)) - raft.grpc.server.async.request.thread.pool.cached = true (default)
2023-04-11 11:26:16,474 [Listener at 127.0.0.1/44509] INFO  grpc.GrpcConfigKeys (ConfUtils.java:logGet(46)) - raft.grpc.server.async.request.thread.pool.size = 32 (default)
2023-04-11 11:26:16,475 [Listener at 127.0.0.1/44509] INFO  impl.DataStreamServerImpl (ConfUtils.java:logGet(46)) - raft.datastream.type = NETTY (custom)
2023-04-11 11:26:16,475 [Listener at 127.0.0.1/44509] INFO  server.RaftServerConfigKeys (ConfUtils.java:logGet(46)) - raft.server.data-stream.async.request.thread.pool.cached = false (default)
2023-04-11 11:26:16,475 [Listener at 127.0.0.1/44509] INFO  server.RaftServerConfigKeys (ConfUtils.java:logGet(46)) - raft.server.data-stream.async.request.thread.pool.size = 20 (custom)
2023-04-11 11:26:16,475 [Listener at 127.0.0.1/44509] INFO  server.RaftServerConfigKeys (ConfUtils.java:logGet(46)) - raft.server.data-stream.async.write.thread.pool.size = 16 (default)
2023-04-11 11:26:16,476 [Listener at 127.0.0.1/44509] INFO  server.RaftServerConfigKeys (ConfUtils.java:logGet(46)) - raft.server.data-stream.client.pool.size = 10 (default)
2023-04-11 11:26:16,476 [Listener at 127.0.0.1/44509] INFO  netty.NettyConfigKeys$DataStream (ConfUtils.java:logGet(46)) - raft.netty.dataStream.server.use-epoll = false (default)
2023-04-11 11:26:16,476 [Listener at 127.0.0.1/44509] INFO  netty.NettyConfigKeys$DataStream (ConfUtils.java:logGet(46)) - raft.netty.dataStream.server.boss-group.size = 0 (default)
2023-04-11 11:26:16,476 [Listener at 127.0.0.1/44509] INFO  netty.NettyConfigKeys$DataStream (ConfUtils.java:logGet(46)) - raft.netty.dataStream.server.worker-group.size = 0 (default)
2023-04-11 11:26:16,476 [Listener at 127.0.0.1/44509] INFO  netty.NettyConfigKeys$DataStream (ConfUtils.java:logGet(46)) - raft.netty.dataStream.server.tls.conf = null (default)
2023-04-11 11:26:16,476 [Listener at 127.0.0.1/44509] INFO  netty.NettyConfigKeys$DataStream (ConfUtils.java:logGet(46)) - raft.netty.dataStream.host = null (default)
2023-04-11 11:26:16,476 [Listener at 127.0.0.1/44509] INFO  netty.NettyConfigKeys$DataStream (ConfUtils.java:logGet(46)) - raft.netty.dataStream.port = 0 (default)
2023-04-11 11:26:16,477 [Listener at 127.0.0.1/44509] INFO  server.RaftServerConfigKeys (ConfUtils.java:logGet(46)) - raft.server.threadpool.proxy.cached = true (default)
2023-04-11 11:26:16,477 [Listener at 127.0.0.1/44509] INFO  server.RaftServerConfigKeys (ConfUtils.java:logGet(46)) - raft.server.threadpool.proxy.size = 0 (default)
2023-04-11 11:26:16,477 [Listener at 127.0.0.1/44509] INFO  server.RaftServerConfigKeys (ConfUtils.java:logGet(46)) - raft.server.rpc.slowness.timeout = 300s (custom)
2023-04-11 11:26:16,477 [Listener at 127.0.0.1/44509] INFO  server.RaftServerConfigKeys (ConfUtils.java:logGet(46)) - raft.server.leaderelection.leader.step-down.wait-time = 10s (default)
2023-04-11 11:26:16,477 [Listener at 127.0.0.1/44509] INFO  server.RaftServerConfigKeys (ConfUtils.java:logGet(46)) - raft.server.storage.dir = [/home/runner/work/ozone/ozone/hadoop-ozone/integration-test/target/test-dir/MiniOzoneClusterImpl-96ac6092-8b7a-4e89-97e1-43be04ae58b3/datanode-2/data/ratis] (custom)
2023-04-11 11:26:16,478 [caa308e7-95fe-4c5f-9440-a942b893081e-NettyServerStreamRpc-bossGroup--thread1] INFO  logging.LoggingHandler (AbstractInternalLogger.java:log(148)) - [id: 0x56d909d1] REGISTERED
2023-04-11 11:26:16,478 [caa308e7-95fe-4c5f-9440-a942b893081e-NettyServerStreamRpc-bossGroup--thread1] INFO  logging.LoggingHandler (AbstractInternalLogger.java:log(148)) - [id: 0x56d909d1] BIND: 0.0.0.0/0.0.0.0:0
2023-04-11 11:26:16,478 [caa308e7-95fe-4c5f-9440-a942b893081e-NettyServerStreamRpc-bossGroup--thread1] INFO  logging.LoggingHandler (AbstractInternalLogger.java:log(148)) - [id: 0x56d909d1, L:/0:0:0:0:0:0:0:0:42291] ACTIVE
2023-04-11 11:26:16,479 [Listener at 127.0.0.1/44509] INFO  server.XceiverServerGrpc (XceiverServerGrpc.java:<init>(132)) - GrpcServer channel type EpollServerSocketChannel
2023-04-11 11:26:16,482 [Listener at 127.0.0.1/44509] INFO  http.BaseHttpServer (BaseHttpServer.java:newHttpServer2BuilderForOzone(224)) - Starting Web-server for hddsDatanode at: http://0.0.0.0:0
2023-04-11 11:26:16,482 [Listener at 127.0.0.1/44509] INFO  http.BaseHttpServer (BaseHttpServer.java:<init>(111)) - Hadoop Security Enabled: false Ozone Security Enabled: false Ozone HTTP Security Enabled: false 
2023-04-11 11:26:16,483 [Listener at 127.0.0.1/44509] WARN  server.AuthenticationFilter (AuthenticationFilter.java:constructSecretProvider(240)) - Unable to initialize FileSignerSecretProvider, falling back to use random secrets. Reason: Could not read signature secret file: /home/runner/hadoop-http-auth-signature-secret
2023-04-11 11:26:16,486 [Listener at 127.0.0.1/44509] WARN  http.HttpRequestLog (HttpRequestLog.java:getRequestLog(103)) - Jetty request log can only be enabled using Log4j
2023-04-11 11:26:16,487 [Listener at 127.0.0.1/44509] INFO  http.HttpServer2 (HttpServer2.java:addGlobalFilter(1031)) - Added global filter 'safety' (class=org.apache.hadoop.hdds.server.http.HttpServer2$QuotingInputFilter)
2023-04-11 11:26:16,488 [Listener at 127.0.0.1/44509] INFO  http.HttpServer2 (HttpServer2.java:addFilter(1007)) - Added filter static_user_filter (class=org.apache.hadoop.http.lib.StaticUserWebFilter$StaticUserFilter) to context hddsDatanode
2023-04-11 11:26:16,488 [Listener at 127.0.0.1/44509] INFO  http.HttpServer2 (HttpServer2.java:addFilter(1015)) - Added filter static_user_filter (class=org.apache.hadoop.http.lib.StaticUserWebFilter$StaticUserFilter) to context static
2023-04-11 11:26:16,488 [Listener at 127.0.0.1/44509] INFO  http.HttpServer2 (HttpServer2.java:addFilter(1015)) - Added filter static_user_filter (class=org.apache.hadoop.http.lib.StaticUserWebFilter$StaticUserFilter) to context logs
2023-04-11 11:26:16,488 [Listener at 127.0.0.1/44509] INFO  http.BaseHttpServer (BaseHttpServer.java:<init>(190)) - HTTP server of hddsDatanode uses base directory /home/runner/work/ozone/ozone/hadoop-ozone/integration-test/target/test-dir/MiniOzoneClusterImpl-96ac6092-8b7a-4e89-97e1-43be04ae58b3/datanode-2/meta/webserver
2023-04-11 11:26:16,488 [Listener at 127.0.0.1/44509] INFO  http.HttpServer2 (HttpServer2.java:bindListener(1250)) - Jetty bound to port 46445
2023-04-11 11:26:16,489 [Listener at 127.0.0.1/44509] INFO  server.Server (Server.java:doStart(375)) - jetty-9.4.49.v20220914; built: 2022-09-14T01:07:36.601Z; git: 4231a3b2e4cb8548a412a789936d640a97b1aa0a; jvm 1.8.0_362-b09
2023-04-11 11:26:16,492 [Listener at 127.0.0.1/44509] INFO  server.session (DefaultSessionIdManager.java:doStart(334)) - DefaultSessionIdManager workerName=node0
2023-04-11 11:26:16,492 [Listener at 127.0.0.1/44509] INFO  server.session (DefaultSessionIdManager.java:doStart(339)) - No SessionScavenger set, using defaults
2023-04-11 11:26:16,493 [Listener at 127.0.0.1/44509] INFO  server.session (HouseKeeper.java:startScavenging(132)) - node0 Scavenging every 660000ms
2023-04-11 11:26:16,493 [Listener at 127.0.0.1/44509] INFO  handler.ContextHandler (ContextHandler.java:doStart(921)) - Started o.e.j.s.ServletContextHandler@7ce3ef98{logs,/logs,file:///home/runner/work/ozone/ozone/hadoop-ozone/integration-test/target/log,AVAILABLE}
2023-04-11 11:26:16,493 [Listener at 127.0.0.1/44509] INFO  handler.ContextHandler (ContextHandler.java:doStart(921)) - Started o.e.j.s.ServletContextHandler@653dbf34{static,/static,jar:file:/home/runner/.m2/repository/org/apache/ozone/hdds-container-service/1.4.0-SNAPSHOT/hdds-container-service-1.4.0-SNAPSHOT.jar!/webapps/static,AVAILABLE}
2023-04-11 11:26:16,683 [Listener at 127.0.0.1/44509] INFO  handler.ContextHandler (ContextHandler.java:doStart(921)) - Started o.e.j.w.WebAppContext@3800d089{hddsDatanode,/,file:///home/runner/work/ozone/ozone/hadoop-ozone/integration-test/target/test-dir/MiniOzoneClusterImpl-96ac6092-8b7a-4e89-97e1-43be04ae58b3/datanode-2/meta/webserver/jetty-0_0_0_0-46445-hdds-container-service-1_4_0-SNAPSHOT_jar-_-any-7394361155242879100/webapp/,AVAILABLE}{jar:file:/home/runner/.m2/repository/org/apache/ozone/hdds-container-service/1.4.0-SNAPSHOT/hdds-container-service-1.4.0-SNAPSHOT.jar!/webapps/hddsDatanode}
2023-04-11 11:26:16,686 [Listener at 127.0.0.1/44509] INFO  server.AbstractConnector (AbstractConnector.java:doStart(333)) - Started ServerConnector@7800114f{HTTP/1.1, (http/1.1)}{0.0.0.0:46445}
2023-04-11 11:26:16,686 [Listener at 127.0.0.1/44509] INFO  server.Server (Server.java:doStart(415)) - Started @191313ms
2023-04-11 11:26:16,686 [Listener at 127.0.0.1/44509] WARN  impl.MetricsSystemImpl (MetricsSystemImpl.java:register(279)) - Sink prometheus already exists!
2023-04-11 11:26:16,687 [Listener at 127.0.0.1/44509] INFO  http.BaseHttpServer (BaseHttpServer.java:updateConnectorAddress(344)) - HTTP server of hddsDatanode listening at http://0.0.0.0:46445
2023-04-11 11:26:16,687 [Datanode State Machine Daemon Thread] INFO  statemachine.DatanodeStateMachine (DatanodeStateMachine.java:lambda$startDaemon$0(517)) - Ozone container server started.
2023-04-11 11:26:16,687 [Listener at 127.0.0.1/44509] WARN  impl.MetricRegistriesImpl (MetricRegistriesImpl.java:addReporterRegistration(111)) - New reporters are added after registries were created. Some metrics will be missing from the reporter. Please add reporter before adding any new registry.
2023-04-11 11:26:16,688 [Listener at 127.0.0.1/44509] WARN  impl.MetricRegistriesImpl (MetricRegistriesImpl.java:addReporterRegistration(111)) - New reporters are added after registries were created. Some metrics will be missing from the reporter. Please add reporter before adding any new registry.
2023-04-11 11:26:16,689 [Listener at 127.0.0.1/44509] INFO  impl.MetricsSystemImpl (MetricsSystemImpl.java:init(158)) - HddsDatanode metrics system started (again)
2023-04-11 11:26:16,700 [org.apache.hadoop.util.JvmPauseMonitor$Monitor@38bea44a] INFO  util.JvmPauseMonitor (JvmPauseMonitor.java:run(188)) - Starting JVM pause monitor
2023-04-11 11:26:16,701 [Listener at 127.0.0.1/44509] INFO  ozone.HddsDatanodeService (HddsDatanodeService.java:start(252)) - HddsDatanodeService host:fv-az590-525.scpgifznvsounmmscp2whtfmwe.cx.internal.cloudapp.net ip:10.1.0.37
2023-04-11 11:26:16,702 [Datanode State Machine Task Thread - 0] INFO  datanode.InitDatanodeState (InitDatanodeState.java:persistContainerDatanodeDetails(138)) - DatanodeDetails is persisted to /home/runner/work/ozone/ozone/hadoop-ozone/integration-test/target/test-dir/MiniOzoneClusterImpl-96ac6092-8b7a-4e89-97e1-43be04ae58b3/datanode-2/meta/datanode.id
2023-04-11 11:26:16,721 [Listener at 127.0.0.1/44509] INFO  upgrade.AbstractLayoutVersionManager (AbstractLayoutVersionManager.java:init(83)) - Initializing Layout version manager with metadata layout = WEBUI_PORTS_IN_DATANODEDETAILS (version = 6), software layout = WEBUI_PORTS_IN_DATANODEDETAILS (version = 6)
2023-04-11 11:26:16,772 [Listener at 127.0.0.1/44509] INFO  reflections.Reflections (Reflections.java:scan(232)) - Reflections took 46 ms to scan 7 urls, producing 156 keys and 369 values 
2023-04-11 11:26:16,774 [Listener at 127.0.0.1/44509] INFO  statemachine.DatanodeStateMachine (DatanodeStateMachine.java:getEndPointTaskThreadPoolSize(260)) - Datanode State Machine Task Thread Pool size 2
2023-04-11 11:26:16,776 [Listener at 127.0.0.1/44509] INFO  volume.HddsVolume (HddsVolume.java:<init>(130)) - Creating HddsVolume: /home/runner/work/ozone/ozone/hadoop-ozone/integration-test/target/test-dir/MiniOzoneClusterImpl-96ac6092-8b7a-4e89-97e1-43be04ae58b3/datanode-3/data-0/containers/hdds of storage type : DISK capacity : 9223372036854775807
2023-04-11 11:26:16,777 [Listener at 127.0.0.1/44509] INFO  volume.MutableVolumeSet (MutableVolumeSet.java:initializeVolumeSet(175)) - Added Volume : /home/runner/work/ozone/ozone/hadoop-ozone/integration-test/target/test-dir/MiniOzoneClusterImpl-96ac6092-8b7a-4e89-97e1-43be04ae58b3/datanode-3/data-0/containers/hdds to VolumeSet
2023-04-11 11:26:16,777 [Listener at 127.0.0.1/44509] INFO  volume.ThrottledAsyncChecker (ThrottledAsyncChecker.java:schedule(141)) - Scheduling a check for /home/runner/work/ozone/ozone/hadoop-ozone/integration-test/target/test-dir/MiniOzoneClusterImpl-96ac6092-8b7a-4e89-97e1-43be04ae58b3/datanode-3/data-0/containers/hdds
2023-04-11 11:26:16,780 [Listener at 127.0.0.1/44509] INFO  volume.StorageVolumeChecker (StorageVolumeChecker.java:checkAllVolumes(202)) - Scheduled health check for volume /home/runner/work/ozone/ozone/hadoop-ozone/integration-test/target/test-dir/MiniOzoneClusterImpl-96ac6092-8b7a-4e89-97e1-43be04ae58b3/datanode-3/data-0/containers/hdds
2023-04-11 11:26:16,791 [Listener at 127.0.0.1/44509] INFO  volume.MutableVolumeSet (MutableVolumeSet.java:initializeVolumeSet(175)) - Added Volume : /home/runner/work/ozone/ozone/hadoop-ozone/integration-test/target/test-dir/MiniOzoneClusterImpl-96ac6092-8b7a-4e89-97e1-43be04ae58b3/datanode-3/data/ratis to VolumeSet
2023-04-11 11:26:16,792 [Listener at 127.0.0.1/44509] INFO  volume.ThrottledAsyncChecker (ThrottledAsyncChecker.java:schedule(141)) - Scheduling a check for /home/runner/work/ozone/ozone/hadoop-ozone/integration-test/target/test-dir/MiniOzoneClusterImpl-96ac6092-8b7a-4e89-97e1-43be04ae58b3/datanode-3/data/ratis
2023-04-11 11:26:16,792 [Listener at 127.0.0.1/44509] INFO  volume.StorageVolumeChecker (StorageVolumeChecker.java:checkAllVolumes(202)) - Scheduled health check for volume /home/runner/work/ozone/ozone/hadoop-ozone/integration-test/target/test-dir/MiniOzoneClusterImpl-96ac6092-8b7a-4e89-97e1-43be04ae58b3/datanode-3/data/ratis
2023-04-11 11:26:16,802 [Thread-1480] INFO  ozoneimpl.ContainerReader (ContainerReader.java:readVolume(175)) - Finish verifying containers on volume /home/runner/work/ozone/ozone/hadoop-ozone/integration-test/target/test-dir/MiniOzoneClusterImpl-96ac6092-8b7a-4e89-97e1-43be04ae58b3/datanode-3/data-0/containers/hdds
2023-04-11 11:26:16,803 [Listener at 127.0.0.1/44509] INFO  ozoneimpl.OzoneContainer (OzoneContainer.java:buildContainerSet(303)) - Build ContainerSet costs 0s
2023-04-11 11:26:16,804 [Listener at 127.0.0.1/44509] INFO  server.RaftServer (ConfUtils.java:logGet(46)) - raft.rpc.type = GRPC (default)
2023-04-11 11:26:16,805 [Listener at 127.0.0.1/44509] INFO  grpc.GrpcConfigKeys (ConfUtils.java:logFallback(53)) - raft.grpc.admin.host = null (fallback to raft.grpc.server.host)
2023-04-11 11:26:16,805 [Listener at 127.0.0.1/44509] INFO  grpc.GrpcConfigKeys (ConfUtils.java:logGet(46)) - raft.grpc.admin.port = 0 (custom)
2023-04-11 11:26:16,805 [Listener at 127.0.0.1/44509] INFO  grpc.GrpcConfigKeys (ConfUtils.java:logFallback(53)) - raft.grpc.client.host = null (fallback to raft.grpc.server.host)
2023-04-11 11:26:16,805 [Listener at 127.0.0.1/44509] INFO  grpc.GrpcConfigKeys (ConfUtils.java:logGet(46)) - raft.grpc.client.port = 0 (custom)
2023-04-11 11:26:16,805 [Listener at 127.0.0.1/44509] INFO  grpc.GrpcConfigKeys (ConfUtils.java:logGet(46)) - raft.grpc.server.host = null (default)
2023-04-11 11:26:16,805 [Listener at 127.0.0.1/44509] INFO  grpc.GrpcConfigKeys (ConfUtils.java:logGet(46)) - raft.grpc.server.port = 0 (default)
2023-04-11 11:26:16,805 [Listener at 127.0.0.1/44509] INFO  server.GrpcService (ConfUtils.java:logGet(46)) - raft.grpc.message.size.max = 32MB (=33554432) (custom)
2023-04-11 11:26:16,805 [Listener at 127.0.0.1/44509] INFO  server.RaftServerConfigKeys (ConfUtils.java:logGet(46)) - raft.server.log.appender.buffer.byte-limit = 33554432 (custom)
2023-04-11 11:26:16,805 [Listener at 127.0.0.1/44509] INFO  server.GrpcService (ConfUtils.java:logGet(46)) - raft.grpc.flow.control.window = 5MB (=5242880) (custom)
2023-04-11 11:26:16,805 [Listener at 127.0.0.1/44509] INFO  server.RaftServerConfigKeys (ConfUtils.java:logGet(46)) - raft.server.rpc.request.timeout = 60s (custom)
2023-04-11 11:26:16,805 [Listener at 127.0.0.1/44509] INFO  grpc.GrpcConfigKeys (ConfUtils.java:logGet(46)) - raft.grpc.server.heartbeat.channel = true (default)
2023-04-11 11:26:16,806 [Listener at 127.0.0.1/44509] INFO  grpc.GrpcConfigKeys (ConfUtils.java:logGet(46)) - raft.grpc.server.async.request.thread.pool.cached = true (default)
2023-04-11 11:26:16,806 [Listener at 127.0.0.1/44509] INFO  grpc.GrpcConfigKeys (ConfUtils.java:logGet(46)) - raft.grpc.server.async.request.thread.pool.size = 32 (default)
2023-04-11 11:26:16,807 [Listener at 127.0.0.1/44509] INFO  impl.DataStreamServerImpl (ConfUtils.java:logGet(46)) - raft.datastream.type = NETTY (custom)
2023-04-11 11:26:16,807 [Listener at 127.0.0.1/44509] INFO  server.RaftServerConfigKeys (ConfUtils.java:logGet(46)) - raft.server.data-stream.async.request.thread.pool.cached = false (default)
2023-04-11 11:26:16,807 [Listener at 127.0.0.1/44509] INFO  server.RaftServerConfigKeys (ConfUtils.java:logGet(46)) - raft.server.data-stream.async.request.thread.pool.size = 20 (custom)
2023-04-11 11:26:16,807 [Listener at 127.0.0.1/44509] INFO  server.RaftServerConfigKeys (ConfUtils.java:logGet(46)) - raft.server.data-stream.async.write.thread.pool.size = 16 (default)
2023-04-11 11:26:16,807 [Listener at 127.0.0.1/44509] INFO  server.RaftServerConfigKeys (ConfUtils.java:logGet(46)) - raft.server.data-stream.client.pool.size = 10 (default)
2023-04-11 11:26:16,807 [Listener at 127.0.0.1/44509] INFO  netty.NettyConfigKeys$DataStream (ConfUtils.java:logGet(46)) - raft.netty.dataStream.server.use-epoll = false (default)
2023-04-11 11:26:16,808 [Listener at 127.0.0.1/44509] INFO  netty.NettyConfigKeys$DataStream (ConfUtils.java:logGet(46)) - raft.netty.dataStream.server.boss-group.size = 0 (default)
2023-04-11 11:26:16,808 [Listener at 127.0.0.1/44509] INFO  netty.NettyConfigKeys$DataStream (ConfUtils.java:logGet(46)) - raft.netty.dataStream.server.worker-group.size = 0 (default)
2023-04-11 11:26:16,808 [Listener at 127.0.0.1/44509] INFO  netty.NettyConfigKeys$DataStream (ConfUtils.java:logGet(46)) - raft.netty.dataStream.server.tls.conf = null (default)
2023-04-11 11:26:16,808 [Listener at 127.0.0.1/44509] INFO  netty.NettyConfigKeys$DataStream (ConfUtils.java:logGet(46)) - raft.netty.dataStream.host = null (default)
2023-04-11 11:26:16,808 [Listener at 127.0.0.1/44509] INFO  netty.NettyConfigKeys$DataStream (ConfUtils.java:logGet(46)) - raft.netty.dataStream.port = 0 (default)
2023-04-11 11:26:16,809 [Listener at 127.0.0.1/44509] INFO  server.RaftServerConfigKeys (ConfUtils.java:logGet(46)) - raft.server.threadpool.proxy.cached = true (default)
2023-04-11 11:26:16,809 [Listener at 127.0.0.1/44509] INFO  server.RaftServerConfigKeys (ConfUtils.java:logGet(46)) - raft.server.threadpool.proxy.size = 0 (default)
2023-04-11 11:26:16,809 [Listener at 127.0.0.1/44509] INFO  server.RaftServerConfigKeys (ConfUtils.java:logGet(46)) - raft.server.rpc.slowness.timeout = 300s (custom)
2023-04-11 11:26:16,809 [8800b703-234b-42c9-a364-cc0e28a54155-NettyServerStreamRpc-bossGroup--thread1] INFO  logging.LoggingHandler (AbstractInternalLogger.java:log(148)) - [id: 0xdebd3ef4] REGISTERED
2023-04-11 11:26:16,809 [Listener at 127.0.0.1/44509] INFO  server.RaftServerConfigKeys (ConfUtils.java:logGet(46)) - raft.server.leaderelection.leader.step-down.wait-time = 10s (default)
2023-04-11 11:26:16,809 [8800b703-234b-42c9-a364-cc0e28a54155-NettyServerStreamRpc-bossGroup--thread1] INFO  logging.LoggingHandler (AbstractInternalLogger.java:log(148)) - [id: 0xdebd3ef4] BIND: 0.0.0.0/0.0.0.0:0
2023-04-11 11:26:16,809 [Listener at 127.0.0.1/44509] INFO  server.RaftServerConfigKeys (ConfUtils.java:logGet(46)) - raft.server.storage.dir = [/home/runner/work/ozone/ozone/hadoop-ozone/integration-test/target/test-dir/MiniOzoneClusterImpl-96ac6092-8b7a-4e89-97e1-43be04ae58b3/datanode-3/data/ratis] (custom)
2023-04-11 11:26:16,810 [8800b703-234b-42c9-a364-cc0e28a54155-NettyServerStreamRpc-bossGroup--thread1] INFO  logging.LoggingHandler (AbstractInternalLogger.java:log(148)) - [id: 0xdebd3ef4, L:/0:0:0:0:0:0:0:0:33097] ACTIVE
2023-04-11 11:26:16,811 [Listener at 127.0.0.1/44509] INFO  server.XceiverServerGrpc (XceiverServerGrpc.java:<init>(132)) - GrpcServer channel type EpollServerSocketChannel
2023-04-11 11:26:16,814 [Listener at 127.0.0.1/44509] INFO  http.BaseHttpServer (BaseHttpServer.java:newHttpServer2BuilderForOzone(224)) - Starting Web-server for hddsDatanode at: http://0.0.0.0:0
2023-04-11 11:26:16,814 [Listener at 127.0.0.1/44509] INFO  http.BaseHttpServer (BaseHttpServer.java:<init>(111)) - Hadoop Security Enabled: false Ozone Security Enabled: false Ozone HTTP Security Enabled: false 
2023-04-11 11:26:16,815 [Listener at 127.0.0.1/44509] WARN  server.AuthenticationFilter (AuthenticationFilter.java:constructSecretProvider(240)) - Unable to initialize FileSignerSecretProvider, falling back to use random secrets. Reason: Could not read signature secret file: /home/runner/hadoop-http-auth-signature-secret
2023-04-11 11:26:16,815 [Listener at 127.0.0.1/44509] WARN  http.HttpRequestLog (HttpRequestLog.java:getRequestLog(103)) - Jetty request log can only be enabled using Log4j
2023-04-11 11:26:16,817 [Listener at 127.0.0.1/44509] INFO  http.HttpServer2 (HttpServer2.java:addGlobalFilter(1031)) - Added global filter 'safety' (class=org.apache.hadoop.hdds.server.http.HttpServer2$QuotingInputFilter)
2023-04-11 11:26:16,817 [Listener at 127.0.0.1/44509] INFO  http.HttpServer2 (HttpServer2.java:addFilter(1007)) - Added filter static_user_filter (class=org.apache.hadoop.http.lib.StaticUserWebFilter$StaticUserFilter) to context hddsDatanode
2023-04-11 11:26:16,817 [Listener at 127.0.0.1/44509] INFO  http.HttpServer2 (HttpServer2.java:addFilter(1015)) - Added filter static_user_filter (class=org.apache.hadoop.http.lib.StaticUserWebFilter$StaticUserFilter) to context static
2023-04-11 11:26:16,817 [Listener at 127.0.0.1/44509] INFO  http.HttpServer2 (HttpServer2.java:addFilter(1015)) - Added filter static_user_filter (class=org.apache.hadoop.http.lib.StaticUserWebFilter$StaticUserFilter) to context logs
2023-04-11 11:26:16,818 [Listener at 127.0.0.1/44509] INFO  http.BaseHttpServer (BaseHttpServer.java:<init>(190)) - HTTP server of hddsDatanode uses base directory /home/runner/work/ozone/ozone/hadoop-ozone/integration-test/target/test-dir/MiniOzoneClusterImpl-96ac6092-8b7a-4e89-97e1-43be04ae58b3/datanode-3/meta/webserver
2023-04-11 11:26:16,818 [Listener at 127.0.0.1/44509] INFO  http.HttpServer2 (HttpServer2.java:bindListener(1250)) - Jetty bound to port 33781
2023-04-11 11:26:16,818 [Listener at 127.0.0.1/44509] INFO  server.Server (Server.java:doStart(375)) - jetty-9.4.49.v20220914; built: 2022-09-14T01:07:36.601Z; git: 4231a3b2e4cb8548a412a789936d640a97b1aa0a; jvm 1.8.0_362-b09
2023-04-11 11:26:16,822 [Listener at 127.0.0.1/44509] INFO  server.session (DefaultSessionIdManager.java:doStart(334)) - DefaultSessionIdManager workerName=node0
2023-04-11 11:26:16,822 [Listener at 127.0.0.1/44509] INFO  server.session (DefaultSessionIdManager.java:doStart(339)) - No SessionScavenger set, using defaults
2023-04-11 11:26:16,822 [Listener at 127.0.0.1/44509] INFO  server.session (HouseKeeper.java:startScavenging(132)) - node0 Scavenging every 660000ms
2023-04-11 11:26:16,823 [Listener at 127.0.0.1/44509] INFO  handler.ContextHandler (ContextHandler.java:doStart(921)) - Started o.e.j.s.ServletContextHandler@101c6f7a{logs,/logs,file:///home/runner/work/ozone/ozone/hadoop-ozone/integration-test/target/log,AVAILABLE}
2023-04-11 11:26:16,823 [Listener at 127.0.0.1/44509] INFO  handler.ContextHandler (ContextHandler.java:doStart(921)) - Started o.e.j.s.ServletContextHandler@101fcdcf{static,/static,jar:file:/home/runner/.m2/repository/org/apache/ozone/hdds-container-service/1.4.0-SNAPSHOT/hdds-container-service-1.4.0-SNAPSHOT.jar!/webapps/static,AVAILABLE}
2023-04-11 11:26:17,011 [Listener at 127.0.0.1/44509] INFO  handler.ContextHandler (ContextHandler.java:doStart(921)) - Started o.e.j.w.WebAppContext@7a60e01a{hddsDatanode,/,file:///home/runner/work/ozone/ozone/hadoop-ozone/integration-test/target/test-dir/MiniOzoneClusterImpl-96ac6092-8b7a-4e89-97e1-43be04ae58b3/datanode-3/meta/webserver/jetty-0_0_0_0-33781-hdds-container-service-1_4_0-SNAPSHOT_jar-_-any-7477743182333638310/webapp/,AVAILABLE}{jar:file:/home/runner/.m2/repository/org/apache/ozone/hdds-container-service/1.4.0-SNAPSHOT/hdds-container-service-1.4.0-SNAPSHOT.jar!/webapps/hddsDatanode}
2023-04-11 11:26:17,013 [Listener at 127.0.0.1/44509] INFO  server.AbstractConnector (AbstractConnector.java:doStart(333)) - Started ServerConnector@15dd0233{HTTP/1.1, (http/1.1)}{0.0.0.0:33781}
2023-04-11 11:26:17,013 [Listener at 127.0.0.1/44509] INFO  server.Server (Server.java:doStart(415)) - Started @191640ms
2023-04-11 11:26:17,013 [Listener at 127.0.0.1/44509] WARN  impl.MetricsSystemImpl (MetricsSystemImpl.java:register(279)) - Sink prometheus already exists!
2023-04-11 11:26:17,014 [Listener at 127.0.0.1/44509] INFO  http.BaseHttpServer (BaseHttpServer.java:updateConnectorAddress(344)) - HTTP server of hddsDatanode listening at http://0.0.0.0:33781
2023-04-11 11:26:17,014 [Datanode State Machine Daemon Thread] INFO  statemachine.DatanodeStateMachine (DatanodeStateMachine.java:lambda$startDaemon$0(517)) - Ozone container server started.
2023-04-11 11:26:17,014 [Listener at 127.0.0.1/44509] WARN  impl.MetricRegistriesImpl (MetricRegistriesImpl.java:addReporterRegistration(111)) - New reporters are added after registries were created. Some metrics will be missing from the reporter. Please add reporter before adding any new registry.
2023-04-11 11:26:17,016 [Listener at 127.0.0.1/44509] WARN  impl.MetricRegistriesImpl (MetricRegistriesImpl.java:addReporterRegistration(111)) - New reporters are added after registries were created. Some metrics will be missing from the reporter. Please add reporter before adding any new registry.
2023-04-11 11:26:17,016 [Listener at 127.0.0.1/44509] INFO  impl.MetricsSystemImpl (MetricsSystemImpl.java:init(158)) - HddsDatanode metrics system started (again)
2023-04-11 11:26:17,028 [Listener at 127.0.0.1/44509] INFO  ozone.HddsDatanodeService (HddsDatanodeService.java:start(252)) - HddsDatanodeService host:fv-az590-525.scpgifznvsounmmscp2whtfmwe.cx.internal.cloudapp.net ip:10.1.0.37
2023-04-11 11:26:17,029 [org.apache.hadoop.util.JvmPauseMonitor$Monitor@717d6c1b] INFO  util.JvmPauseMonitor (JvmPauseMonitor.java:run(188)) - Starting JVM pause monitor
2023-04-11 11:26:17,041 [Datanode State Machine Task Thread - 0] INFO  datanode.InitDatanodeState (InitDatanodeState.java:persistContainerDatanodeDetails(138)) - DatanodeDetails is persisted to /home/runner/work/ozone/ozone/hadoop-ozone/integration-test/target/test-dir/MiniOzoneClusterImpl-96ac6092-8b7a-4e89-97e1-43be04ae58b3/datanode-3/meta/datanode.id
2023-04-11 11:26:17,056 [Listener at 127.0.0.1/44509] INFO  upgrade.AbstractLayoutVersionManager (AbstractLayoutVersionManager.java:init(83)) - Initializing Layout version manager with metadata layout = WEBUI_PORTS_IN_DATANODEDETAILS (version = 6), software layout = WEBUI_PORTS_IN_DATANODEDETAILS (version = 6)
2023-04-11 11:26:17,103 [Listener at 127.0.0.1/44509] INFO  reflections.Reflections (Reflections.java:scan(232)) - Reflections took 45 ms to scan 7 urls, producing 156 keys and 369 values 
2023-04-11 11:26:17,105 [Listener at 127.0.0.1/44509] INFO  statemachine.DatanodeStateMachine (DatanodeStateMachine.java:getEndPointTaskThreadPoolSize(260)) - Datanode State Machine Task Thread Pool size 2
2023-04-11 11:26:17,110 [Listener at 127.0.0.1/44509] INFO  volume.HddsVolume (HddsVolume.java:<init>(130)) - Creating HddsVolume: /home/runner/work/ozone/ozone/hadoop-ozone/integration-test/target/test-dir/MiniOzoneClusterImpl-96ac6092-8b7a-4e89-97e1-43be04ae58b3/datanode-4/data-0/containers/hdds of storage type : DISK capacity : 9223372036854775807
2023-04-11 11:26:17,111 [Listener at 127.0.0.1/44509] INFO  volume.MutableVolumeSet (MutableVolumeSet.java:initializeVolumeSet(175)) - Added Volume : /home/runner/work/ozone/ozone/hadoop-ozone/integration-test/target/test-dir/MiniOzoneClusterImpl-96ac6092-8b7a-4e89-97e1-43be04ae58b3/datanode-4/data-0/containers/hdds to VolumeSet
2023-04-11 11:26:17,111 [Listener at 127.0.0.1/44509] INFO  volume.ThrottledAsyncChecker (ThrottledAsyncChecker.java:schedule(141)) - Scheduling a check for /home/runner/work/ozone/ozone/hadoop-ozone/integration-test/target/test-dir/MiniOzoneClusterImpl-96ac6092-8b7a-4e89-97e1-43be04ae58b3/datanode-4/data-0/containers/hdds
2023-04-11 11:26:17,113 [Listener at 127.0.0.1/44509] INFO  volume.StorageVolumeChecker (StorageVolumeChecker.java:checkAllVolumes(202)) - Scheduled health check for volume /home/runner/work/ozone/ozone/hadoop-ozone/integration-test/target/test-dir/MiniOzoneClusterImpl-96ac6092-8b7a-4e89-97e1-43be04ae58b3/datanode-4/data-0/containers/hdds
2023-04-11 11:26:17,125 [Listener at 127.0.0.1/44509] INFO  volume.MutableVolumeSet (MutableVolumeSet.java:initializeVolumeSet(175)) - Added Volume : /home/runner/work/ozone/ozone/hadoop-ozone/integration-test/target/test-dir/MiniOzoneClusterImpl-96ac6092-8b7a-4e89-97e1-43be04ae58b3/datanode-4/data/ratis to VolumeSet
2023-04-11 11:26:17,125 [Listener at 127.0.0.1/44509] INFO  volume.ThrottledAsyncChecker (ThrottledAsyncChecker.java:schedule(141)) - Scheduling a check for /home/runner/work/ozone/ozone/hadoop-ozone/integration-test/target/test-dir/MiniOzoneClusterImpl-96ac6092-8b7a-4e89-97e1-43be04ae58b3/datanode-4/data/ratis
2023-04-11 11:26:17,126 [Listener at 127.0.0.1/44509] INFO  volume.StorageVolumeChecker (StorageVolumeChecker.java:checkAllVolumes(202)) - Scheduled health check for volume /home/runner/work/ozone/ozone/hadoop-ozone/integration-test/target/test-dir/MiniOzoneClusterImpl-96ac6092-8b7a-4e89-97e1-43be04ae58b3/datanode-4/data/ratis
2023-04-11 11:26:17,136 [Thread-1494] INFO  ozoneimpl.ContainerReader (ContainerReader.java:readVolume(175)) - Finish verifying containers on volume /home/runner/work/ozone/ozone/hadoop-ozone/integration-test/target/test-dir/MiniOzoneClusterImpl-96ac6092-8b7a-4e89-97e1-43be04ae58b3/datanode-4/data-0/containers/hdds
2023-04-11 11:26:17,136 [Listener at 127.0.0.1/44509] INFO  ozoneimpl.OzoneContainer (OzoneContainer.java:buildContainerSet(303)) - Build ContainerSet costs 0s
2023-04-11 11:26:17,138 [Listener at 127.0.0.1/44509] INFO  server.RaftServer (ConfUtils.java:logGet(46)) - raft.rpc.type = GRPC (default)
2023-04-11 11:26:17,138 [Listener at 127.0.0.1/44509] INFO  grpc.GrpcConfigKeys (ConfUtils.java:logFallback(53)) - raft.grpc.admin.host = null (fallback to raft.grpc.server.host)
2023-04-11 11:26:17,138 [Listener at 127.0.0.1/44509] INFO  grpc.GrpcConfigKeys (ConfUtils.java:logGet(46)) - raft.grpc.admin.port = 0 (custom)
2023-04-11 11:26:17,138 [Listener at 127.0.0.1/44509] INFO  grpc.GrpcConfigKeys (ConfUtils.java:logFallback(53)) - raft.grpc.client.host = null (fallback to raft.grpc.server.host)
2023-04-11 11:26:17,138 [Listener at 127.0.0.1/44509] INFO  grpc.GrpcConfigKeys (ConfUtils.java:logGet(46)) - raft.grpc.client.port = 0 (custom)
2023-04-11 11:26:17,139 [Listener at 127.0.0.1/44509] INFO  grpc.GrpcConfigKeys (ConfUtils.java:logGet(46)) - raft.grpc.server.host = null (default)
2023-04-11 11:26:17,139 [Listener at 127.0.0.1/44509] INFO  grpc.GrpcConfigKeys (ConfUtils.java:logGet(46)) - raft.grpc.server.port = 0 (default)
2023-04-11 11:26:17,139 [Listener at 127.0.0.1/44509] INFO  server.GrpcService (ConfUtils.java:logGet(46)) - raft.grpc.message.size.max = 32MB (=33554432) (custom)
2023-04-11 11:26:17,139 [Listener at 127.0.0.1/44509] INFO  server.RaftServerConfigKeys (ConfUtils.java:logGet(46)) - raft.server.log.appender.buffer.byte-limit = 33554432 (custom)
2023-04-11 11:26:17,139 [Listener at 127.0.0.1/44509] INFO  server.GrpcService (ConfUtils.java:logGet(46)) - raft.grpc.flow.control.window = 5MB (=5242880) (custom)
2023-04-11 11:26:17,139 [Listener at 127.0.0.1/44509] INFO  server.RaftServerConfigKeys (ConfUtils.java:logGet(46)) - raft.server.rpc.request.timeout = 60s (custom)
2023-04-11 11:26:17,139 [Listener at 127.0.0.1/44509] INFO  grpc.GrpcConfigKeys (ConfUtils.java:logGet(46)) - raft.grpc.server.heartbeat.channel = true (default)
2023-04-11 11:26:17,139 [Listener at 127.0.0.1/44509] INFO  grpc.GrpcConfigKeys (ConfUtils.java:logGet(46)) - raft.grpc.server.async.request.thread.pool.cached = true (default)
2023-04-11 11:26:17,139 [Listener at 127.0.0.1/44509] INFO  grpc.GrpcConfigKeys (ConfUtils.java:logGet(46)) - raft.grpc.server.async.request.thread.pool.size = 32 (default)
2023-04-11 11:26:17,140 [Listener at 127.0.0.1/44509] INFO  impl.DataStreamServerImpl (ConfUtils.java:logGet(46)) - raft.datastream.type = NETTY (custom)
2023-04-11 11:26:17,141 [Listener at 127.0.0.1/44509] INFO  server.RaftServerConfigKeys (ConfUtils.java:logGet(46)) - raft.server.data-stream.async.request.thread.pool.cached = false (default)
2023-04-11 11:26:17,141 [Listener at 127.0.0.1/44509] INFO  server.RaftServerConfigKeys (ConfUtils.java:logGet(46)) - raft.server.data-stream.async.request.thread.pool.size = 20 (custom)
2023-04-11 11:26:17,141 [Listener at 127.0.0.1/44509] INFO  server.RaftServerConfigKeys (ConfUtils.java:logGet(46)) - raft.server.data-stream.async.write.thread.pool.size = 16 (default)
2023-04-11 11:26:17,141 [Listener at 127.0.0.1/44509] INFO  server.RaftServerConfigKeys (ConfUtils.java:logGet(46)) - raft.server.data-stream.client.pool.size = 10 (default)
2023-04-11 11:26:17,141 [Listener at 127.0.0.1/44509] INFO  netty.NettyConfigKeys$DataStream (ConfUtils.java:logGet(46)) - raft.netty.dataStream.server.use-epoll = false (default)
2023-04-11 11:26:17,141 [Listener at 127.0.0.1/44509] INFO  netty.NettyConfigKeys$DataStream (ConfUtils.java:logGet(46)) - raft.netty.dataStream.server.boss-group.size = 0 (default)
2023-04-11 11:26:17,141 [Listener at 127.0.0.1/44509] INFO  netty.NettyConfigKeys$DataStream (ConfUtils.java:logGet(46)) - raft.netty.dataStream.server.worker-group.size = 0 (default)
2023-04-11 11:26:17,142 [Listener at 127.0.0.1/44509] INFO  netty.NettyConfigKeys$DataStream (ConfUtils.java:logGet(46)) - raft.netty.dataStream.server.tls.conf = null (default)
2023-04-11 11:26:17,142 [Listener at 127.0.0.1/44509] INFO  netty.NettyConfigKeys$DataStream (ConfUtils.java:logGet(46)) - raft.netty.dataStream.host = null (default)
2023-04-11 11:26:17,142 [Listener at 127.0.0.1/44509] INFO  netty.NettyConfigKeys$DataStream (ConfUtils.java:logGet(46)) - raft.netty.dataStream.port = 0 (default)
2023-04-11 11:26:17,142 [Listener at 127.0.0.1/44509] INFO  server.RaftServerConfigKeys (ConfUtils.java:logGet(46)) - raft.server.threadpool.proxy.cached = true (default)
2023-04-11 11:26:17,142 [Listener at 127.0.0.1/44509] INFO  server.RaftServerConfigKeys (ConfUtils.java:logGet(46)) - raft.server.threadpool.proxy.size = 0 (default)
2023-04-11 11:26:17,143 [Listener at 127.0.0.1/44509] INFO  server.RaftServerConfigKeys (ConfUtils.java:logGet(46)) - raft.server.rpc.slowness.timeout = 300s (custom)
2023-04-11 11:26:17,143 [Listener at 127.0.0.1/44509] INFO  server.RaftServerConfigKeys (ConfUtils.java:logGet(46)) - raft.server.leaderelection.leader.step-down.wait-time = 10s (default)
2023-04-11 11:26:17,143 [Listener at 127.0.0.1/44509] INFO  server.RaftServerConfigKeys (ConfUtils.java:logGet(46)) - raft.server.storage.dir = [/home/runner/work/ozone/ozone/hadoop-ozone/integration-test/target/test-dir/MiniOzoneClusterImpl-96ac6092-8b7a-4e89-97e1-43be04ae58b3/datanode-4/data/ratis] (custom)
2023-04-11 11:26:17,143 [d4f16431-48bc-4a47-9d93-60d3e8fb304c-NettyServerStreamRpc-bossGroup--thread1] INFO  logging.LoggingHandler (AbstractInternalLogger.java:log(148)) - [id: 0x8b1a156d] REGISTERED
2023-04-11 11:26:17,143 [d4f16431-48bc-4a47-9d93-60d3e8fb304c-NettyServerStreamRpc-bossGroup--thread1] INFO  logging.LoggingHandler (AbstractInternalLogger.java:log(148)) - [id: 0x8b1a156d] BIND: 0.0.0.0/0.0.0.0:0
2023-04-11 11:26:17,144 [d4f16431-48bc-4a47-9d93-60d3e8fb304c-NettyServerStreamRpc-bossGroup--thread1] INFO  logging.LoggingHandler (AbstractInternalLogger.java:log(148)) - [id: 0x8b1a156d, L:/0:0:0:0:0:0:0:0:45037] ACTIVE
2023-04-11 11:26:17,145 [Listener at 127.0.0.1/44509] INFO  server.XceiverServerGrpc (XceiverServerGrpc.java:<init>(132)) - GrpcServer channel type EpollServerSocketChannel
2023-04-11 11:26:17,147 [Listener at 127.0.0.1/44509] INFO  http.BaseHttpServer (BaseHttpServer.java:newHttpServer2BuilderForOzone(224)) - Starting Web-server for hddsDatanode at: http://0.0.0.0:0
2023-04-11 11:26:17,147 [Listener at 127.0.0.1/44509] INFO  http.BaseHttpServer (BaseHttpServer.java:<init>(111)) - Hadoop Security Enabled: false Ozone Security Enabled: false Ozone HTTP Security Enabled: false 
2023-04-11 11:26:17,148 [Listener at 127.0.0.1/44509] WARN  server.AuthenticationFilter (AuthenticationFilter.java:constructSecretProvider(240)) - Unable to initialize FileSignerSecretProvider, falling back to use random secrets. Reason: Could not read signature secret file: /home/runner/hadoop-http-auth-signature-secret
2023-04-11 11:26:17,149 [Listener at 127.0.0.1/44509] WARN  http.HttpRequestLog (HttpRequestLog.java:getRequestLog(103)) - Jetty request log can only be enabled using Log4j
2023-04-11 11:26:17,150 [Listener at 127.0.0.1/44509] INFO  http.HttpServer2 (HttpServer2.java:addGlobalFilter(1031)) - Added global filter 'safety' (class=org.apache.hadoop.hdds.server.http.HttpServer2$QuotingInputFilter)
2023-04-11 11:26:17,150 [Listener at 127.0.0.1/44509] INFO  http.HttpServer2 (HttpServer2.java:addFilter(1007)) - Added filter static_user_filter (class=org.apache.hadoop.http.lib.StaticUserWebFilter$StaticUserFilter) to context hddsDatanode
2023-04-11 11:26:17,150 [Listener at 127.0.0.1/44509] INFO  http.HttpServer2 (HttpServer2.java:addFilter(1015)) - Added filter static_user_filter (class=org.apache.hadoop.http.lib.StaticUserWebFilter$StaticUserFilter) to context static
2023-04-11 11:26:17,150 [Listener at 127.0.0.1/44509] INFO  http.HttpServer2 (HttpServer2.java:addFilter(1015)) - Added filter static_user_filter (class=org.apache.hadoop.http.lib.StaticUserWebFilter$StaticUserFilter) to context logs
2023-04-11 11:26:17,151 [Listener at 127.0.0.1/44509] INFO  http.BaseHttpServer (BaseHttpServer.java:<init>(190)) - HTTP server of hddsDatanode uses base directory /home/runner/work/ozone/ozone/hadoop-ozone/integration-test/target/test-dir/MiniOzoneClusterImpl-96ac6092-8b7a-4e89-97e1-43be04ae58b3/datanode-4/meta/webserver
2023-04-11 11:26:17,151 [Listener at 127.0.0.1/44509] INFO  http.HttpServer2 (HttpServer2.java:bindListener(1250)) - Jetty bound to port 46545
2023-04-11 11:26:17,151 [Listener at 127.0.0.1/44509] INFO  server.Server (Server.java:doStart(375)) - jetty-9.4.49.v20220914; built: 2022-09-14T01:07:36.601Z; git: 4231a3b2e4cb8548a412a789936d640a97b1aa0a; jvm 1.8.0_362-b09
2023-04-11 11:26:17,152 [Listener at 127.0.0.1/44509] INFO  server.session (DefaultSessionIdManager.java:doStart(334)) - DefaultSessionIdManager workerName=node0
2023-04-11 11:26:17,152 [Listener at 127.0.0.1/44509] INFO  server.session (DefaultSessionIdManager.java:doStart(339)) - No SessionScavenger set, using defaults
2023-04-11 11:26:17,153 [Listener at 127.0.0.1/44509] INFO  server.session (HouseKeeper.java:startScavenging(132)) - node0 Scavenging every 660000ms
2023-04-11 11:26:17,153 [Listener at 127.0.0.1/44509] INFO  handler.ContextHandler (ContextHandler.java:doStart(921)) - Started o.e.j.s.ServletContextHandler@6bccf0e2{logs,/logs,file:///home/runner/work/ozone/ozone/hadoop-ozone/integration-test/target/log,AVAILABLE}
2023-04-11 11:26:17,153 [Listener at 127.0.0.1/44509] INFO  handler.ContextHandler (ContextHandler.java:doStart(921)) - Started o.e.j.s.ServletContextHandler@8e76dfa{static,/static,jar:file:/home/runner/.m2/repository/org/apache/ozone/hdds-container-service/1.4.0-SNAPSHOT/hdds-container-service-1.4.0-SNAPSHOT.jar!/webapps/static,AVAILABLE}
2023-04-11 11:26:17,342 [Listener at 127.0.0.1/44509] INFO  handler.ContextHandler (ContextHandler.java:doStart(921)) - Started o.e.j.w.WebAppContext@76608b05{hddsDatanode,/,file:///home/runner/work/ozone/ozone/hadoop-ozone/integration-test/target/test-dir/MiniOzoneClusterImpl-96ac6092-8b7a-4e89-97e1-43be04ae58b3/datanode-4/meta/webserver/jetty-0_0_0_0-46545-hdds-container-service-1_4_0-SNAPSHOT_jar-_-any-6538498079313292270/webapp/,AVAILABLE}{jar:file:/home/runner/.m2/repository/org/apache/ozone/hdds-container-service/1.4.0-SNAPSHOT/hdds-container-service-1.4.0-SNAPSHOT.jar!/webapps/hddsDatanode}
2023-04-11 11:26:17,346 [Listener at 127.0.0.1/44509] INFO  server.AbstractConnector (AbstractConnector.java:doStart(333)) - Started ServerConnector@71cf297d{HTTP/1.1, (http/1.1)}{0.0.0.0:46545}
2023-04-11 11:26:17,347 [Listener at 127.0.0.1/44509] INFO  server.Server (Server.java:doStart(415)) - Started @191974ms
2023-04-11 11:26:17,347 [Listener at 127.0.0.1/44509] WARN  impl.MetricsSystemImpl (MetricsSystemImpl.java:register(279)) - Sink prometheus already exists!
2023-04-11 11:26:17,347 [Listener at 127.0.0.1/44509] INFO  http.BaseHttpServer (BaseHttpServer.java:updateConnectorAddress(344)) - HTTP server of hddsDatanode listening at http://0.0.0.0:46545
2023-04-11 11:26:17,348 [Datanode State Machine Daemon Thread] INFO  statemachine.DatanodeStateMachine (DatanodeStateMachine.java:lambda$startDaemon$0(517)) - Ozone container server started.
2023-04-11 11:26:17,354 [Listener at 127.0.0.1/44509] INFO  ozone.MiniOzoneClusterImpl (MiniOzoneClusterImpl.java:lambda$waitForClusterToBeReady$0(222)) - Waiting for nodes to be ready. Got 0 of 5 DN Heartbeats.
2023-04-11 11:26:17,354 [Listener at 127.0.0.1/44509] INFO  ozone.MiniOzoneClusterImpl (MiniOzoneClusterImpl.java:lambda$waitForClusterToBeReady$0(225)) - Waiting for cluster to exit safe mode
2023-04-11 11:26:17,354 [Listener at 127.0.0.1/44509] INFO  ozone.MiniOzoneClusterImpl (MiniOzoneClusterImpl.java:lambda$waitForClusterToBeReady$0(227)) - SCM became leader
2023-04-11 11:26:17,358 [org.apache.hadoop.util.JvmPauseMonitor$Monitor@2800bac6] INFO  util.JvmPauseMonitor (JvmPauseMonitor.java:run(188)) - Starting JVM pause monitor
2023-04-11 11:26:17,361 [Datanode State Machine Task Thread - 0] INFO  datanode.InitDatanodeState (InitDatanodeState.java:persistContainerDatanodeDetails(138)) - DatanodeDetails is persisted to /home/runner/work/ozone/ozone/hadoop-ozone/integration-test/target/test-dir/MiniOzoneClusterImpl-96ac6092-8b7a-4e89-97e1-43be04ae58b3/datanode-4/meta/datanode.id
2023-04-11 11:26:18,086 [EndpointStateMachine task thread for /0.0.0.0:35297 - 0 ] INFO  utils.DatanodeStoreCache (DatanodeStoreCache.java:addDB(58)) - Added db /home/runner/work/ozone/ozone/hadoop-ozone/integration-test/target/test-dir/MiniOzoneClusterImpl-96ac6092-8b7a-4e89-97e1-43be04ae58b3/datanode-0/data-0/containers/hdds/96ac6092-8b7a-4e89-97e1-43be04ae58b3/DS-59d14f33-b269-412b-a4db-cde40736e954/container.db to cache
2023-04-11 11:26:18,086 [EndpointStateMachine task thread for /0.0.0.0:35297 - 0 ] INFO  volume.HddsVolume (HddsVolume.java:createDbStore(350)) - SchemaV3 db is created and loaded at /home/runner/work/ozone/ozone/hadoop-ozone/integration-test/target/test-dir/MiniOzoneClusterImpl-96ac6092-8b7a-4e89-97e1-43be04ae58b3/datanode-0/data-0/containers/hdds/96ac6092-8b7a-4e89-97e1-43be04ae58b3/DS-59d14f33-b269-412b-a4db-cde40736e954/container.db for volume DS-59d14f33-b269-412b-a4db-cde40736e954
2023-04-11 11:26:18,086 [EndpointStateMachine task thread for /0.0.0.0:35297 - 0 ] INFO  ozoneimpl.OzoneContainer (OzoneContainer.java:start(397)) - Attempting to start container services.
2023-04-11 11:26:18,087 [EndpointStateMachine task thread for /0.0.0.0:35297 - 0 ] INFO  ozoneimpl.OzoneContainer (OzoneContainer.java:startContainerScrub(314)) - Scheduled background container scanners and the on-demand container scanner have been disabled.
2023-04-11 11:26:18,096 [EndpointStateMachine task thread for /0.0.0.0:35297 - 0 ] INFO  replication.ReplicationServer (ReplicationServer.java:start(109)) - ReplicationServer is started using port 38839
2023-04-11 11:26:18,096 [EndpointStateMachine task thread for /0.0.0.0:35297 - 0 ] INFO  ratis.XceiverServerRatis (XceiverServerRatis.java:start(517)) - Starting XceiverServerRatis 7b25ec04-6163-44ae-a7e6-933a1c4a9d86
2023-04-11 11:26:18,097 [EndpointStateMachine task thread for /0.0.0.0:35297 - 0 ] INFO  server.RaftServer (RaftServerProxy.java:startImpl(393)) - 7b25ec04-6163-44ae-a7e6-933a1c4a9d86: start RPC server
2023-04-11 11:26:18,100 [EndpointStateMachine task thread for /0.0.0.0:35297 - 0 ] INFO  server.GrpcService (GrpcService.java:startImpl(262)) - 7b25ec04-6163-44ae-a7e6-933a1c4a9d86: GrpcService started, listening on 36109
2023-04-11 11:26:18,100 [EndpointStateMachine task thread for /0.0.0.0:35297 - 0 ] INFO  ratis.XceiverServerRatis (XceiverServerRatis.java:getRealPort(543)) - XceiverServerRatis 7b25ec04-6163-44ae-a7e6-933a1c4a9d86 is started using port 36109 for RATIS
2023-04-11 11:26:18,100 [EndpointStateMachine task thread for /0.0.0.0:35297 - 0 ] INFO  ratis.XceiverServerRatis (XceiverServerRatis.java:getRealPort(543)) - XceiverServerRatis 7b25ec04-6163-44ae-a7e6-933a1c4a9d86 is started using port 36109 for RATIS_ADMIN
2023-04-11 11:26:18,100 [JvmPauseMonitor17] INFO  util.JvmPauseMonitor (JvmPauseMonitor.java:run(105)) - JvmPauseMonitor-7b25ec04-6163-44ae-a7e6-933a1c4a9d86: Started
2023-04-11 11:26:18,100 [EndpointStateMachine task thread for /0.0.0.0:35297 - 0 ] INFO  ratis.XceiverServerRatis (XceiverServerRatis.java:getRealPort(543)) - XceiverServerRatis 7b25ec04-6163-44ae-a7e6-933a1c4a9d86 is started using port 36109 for RATIS_SERVER
2023-04-11 11:26:18,100 [EndpointStateMachine task thread for /0.0.0.0:35297 - 0 ] INFO  ratis.XceiverServerRatis (XceiverServerRatis.java:getRealPort(543)) - XceiverServerRatis 7b25ec04-6163-44ae-a7e6-933a1c4a9d86 is started using port 39359 for RATIS_DATASTREAM
2023-04-11 11:26:18,105 [EndpointStateMachine task thread for /0.0.0.0:35297 - 0 ] INFO  server.XceiverServerGrpc (XceiverServerGrpc.java:start(180)) - XceiverServerGrpc 7b25ec04-6163-44ae-a7e6-933a1c4a9d86 is started using port 33973
2023-04-11 11:26:18,108 [BlockDeletingService#0] INFO  interfaces.ContainerDeletionChoosingPolicyTemplate (ContainerDeletionChoosingPolicyTemplate.java:chooseContainerForBlockDeletion(83)) - Chosen 0/5000 blocks from 0 candidate containers.
2023-04-11 11:26:18,354 [Listener at 127.0.0.1/44509] INFO  ozone.MiniOzoneClusterImpl (MiniOzoneClusterImpl.java:lambda$waitForClusterToBeReady$0(222)) - Waiting for nodes to be ready. Got 0 of 5 DN Heartbeats.
2023-04-11 11:26:18,354 [Listener at 127.0.0.1/44509] INFO  ozone.MiniOzoneClusterImpl (MiniOzoneClusterImpl.java:lambda$waitForClusterToBeReady$0(225)) - Waiting for cluster to exit safe mode
2023-04-11 11:26:18,354 [Listener at 127.0.0.1/44509] INFO  ozone.MiniOzoneClusterImpl (MiniOzoneClusterImpl.java:lambda$waitForClusterToBeReady$0(227)) - SCM became leader
2023-04-11 11:26:18,397 [EndpointStateMachine task thread for /0.0.0.0:35297 - 0 ] INFO  utils.DatanodeStoreCache (DatanodeStoreCache.java:addDB(58)) - Added db /home/runner/work/ozone/ozone/hadoop-ozone/integration-test/target/test-dir/MiniOzoneClusterImpl-96ac6092-8b7a-4e89-97e1-43be04ae58b3/datanode-1/data-0/containers/hdds/96ac6092-8b7a-4e89-97e1-43be04ae58b3/DS-5667e765-93eb-466f-8943-e66488f63131/container.db to cache
2023-04-11 11:26:18,397 [EndpointStateMachine task thread for /0.0.0.0:35297 - 0 ] INFO  volume.HddsVolume (HddsVolume.java:createDbStore(350)) - SchemaV3 db is created and loaded at /home/runner/work/ozone/ozone/hadoop-ozone/integration-test/target/test-dir/MiniOzoneClusterImpl-96ac6092-8b7a-4e89-97e1-43be04ae58b3/datanode-1/data-0/containers/hdds/96ac6092-8b7a-4e89-97e1-43be04ae58b3/DS-5667e765-93eb-466f-8943-e66488f63131/container.db for volume DS-5667e765-93eb-466f-8943-e66488f63131
2023-04-11 11:26:18,397 [EndpointStateMachine task thread for /0.0.0.0:35297 - 0 ] INFO  ozoneimpl.OzoneContainer (OzoneContainer.java:start(397)) - Attempting to start container services.
2023-04-11 11:26:18,398 [EndpointStateMachine task thread for /0.0.0.0:35297 - 0 ] INFO  ozoneimpl.OzoneContainer (OzoneContainer.java:startContainerScrub(314)) - Scheduled background container scanners and the on-demand container scanner have been disabled.
2023-04-11 11:26:18,408 [EndpointStateMachine task thread for /0.0.0.0:35297 - 0 ] INFO  replication.ReplicationServer (ReplicationServer.java:start(109)) - ReplicationServer is started using port 36047
2023-04-11 11:26:18,408 [EndpointStateMachine task thread for /0.0.0.0:35297 - 0 ] INFO  ratis.XceiverServerRatis (XceiverServerRatis.java:start(517)) - Starting XceiverServerRatis 4d790031-0a50-4ffd-b1f5-2ef434e1e7d9
2023-04-11 11:26:18,409 [EndpointStateMachine task thread for /0.0.0.0:35297 - 0 ] INFO  server.RaftServer (RaftServerProxy.java:startImpl(393)) - 4d790031-0a50-4ffd-b1f5-2ef434e1e7d9: start RPC server
2023-04-11 11:26:18,413 [EndpointStateMachine task thread for /0.0.0.0:35297 - 0 ] INFO  server.GrpcService (GrpcService.java:startImpl(262)) - 4d790031-0a50-4ffd-b1f5-2ef434e1e7d9: GrpcService started, listening on 43649
2023-04-11 11:26:18,413 [EndpointStateMachine task thread for /0.0.0.0:35297 - 0 ] INFO  ratis.XceiverServerRatis (XceiverServerRatis.java:getRealPort(543)) - XceiverServerRatis 4d790031-0a50-4ffd-b1f5-2ef434e1e7d9 is started using port 43649 for RATIS
2023-04-11 11:26:18,413 [JvmPauseMonitor18] INFO  util.JvmPauseMonitor (JvmPauseMonitor.java:run(105)) - JvmPauseMonitor-4d790031-0a50-4ffd-b1f5-2ef434e1e7d9: Started
2023-04-11 11:26:18,413 [EndpointStateMachine task thread for /0.0.0.0:35297 - 0 ] INFO  ratis.XceiverServerRatis (XceiverServerRatis.java:getRealPort(543)) - XceiverServerRatis 4d790031-0a50-4ffd-b1f5-2ef434e1e7d9 is started using port 43649 for RATIS_ADMIN
2023-04-11 11:26:18,413 [EndpointStateMachine task thread for /0.0.0.0:35297 - 0 ] INFO  ratis.XceiverServerRatis (XceiverServerRatis.java:getRealPort(543)) - XceiverServerRatis 4d790031-0a50-4ffd-b1f5-2ef434e1e7d9 is started using port 43649 for RATIS_SERVER
2023-04-11 11:26:18,413 [EndpointStateMachine task thread for /0.0.0.0:35297 - 0 ] INFO  ratis.XceiverServerRatis (XceiverServerRatis.java:getRealPort(543)) - XceiverServerRatis 4d790031-0a50-4ffd-b1f5-2ef434e1e7d9 is started using port 46225 for RATIS_DATASTREAM
2023-04-11 11:26:18,418 [EndpointStateMachine task thread for /0.0.0.0:35297 - 0 ] INFO  server.XceiverServerGrpc (XceiverServerGrpc.java:start(180)) - XceiverServerGrpc 4d790031-0a50-4ffd-b1f5-2ef434e1e7d9 is started using port 37341
2023-04-11 11:26:18,419 [BlockDeletingService#0] INFO  interfaces.ContainerDeletionChoosingPolicyTemplate (ContainerDeletionChoosingPolicyTemplate.java:chooseContainerForBlockDeletion(83)) - Chosen 0/5000 blocks from 0 candidate containers.
2023-04-11 11:26:18,732 [EndpointStateMachine task thread for /0.0.0.0:35297 - 0 ] INFO  utils.DatanodeStoreCache (DatanodeStoreCache.java:addDB(58)) - Added db /home/runner/work/ozone/ozone/hadoop-ozone/integration-test/target/test-dir/MiniOzoneClusterImpl-96ac6092-8b7a-4e89-97e1-43be04ae58b3/datanode-2/data-0/containers/hdds/96ac6092-8b7a-4e89-97e1-43be04ae58b3/DS-392eb1f3-0ff5-4350-b049-716c91d41b1b/container.db to cache
2023-04-11 11:26:18,732 [EndpointStateMachine task thread for /0.0.0.0:35297 - 0 ] INFO  volume.HddsVolume (HddsVolume.java:createDbStore(350)) - SchemaV3 db is created and loaded at /home/runner/work/ozone/ozone/hadoop-ozone/integration-test/target/test-dir/MiniOzoneClusterImpl-96ac6092-8b7a-4e89-97e1-43be04ae58b3/datanode-2/data-0/containers/hdds/96ac6092-8b7a-4e89-97e1-43be04ae58b3/DS-392eb1f3-0ff5-4350-b049-716c91d41b1b/container.db for volume DS-392eb1f3-0ff5-4350-b049-716c91d41b1b
2023-04-11 11:26:18,732 [EndpointStateMachine task thread for /0.0.0.0:35297 - 0 ] INFO  ozoneimpl.OzoneContainer (OzoneContainer.java:start(397)) - Attempting to start container services.
2023-04-11 11:26:18,733 [EndpointStateMachine task thread for /0.0.0.0:35297 - 0 ] INFO  ozoneimpl.OzoneContainer (OzoneContainer.java:startContainerScrub(314)) - Scheduled background container scanners and the on-demand container scanner have been disabled.
2023-04-11 11:26:18,736 [EndpointStateMachine task thread for /0.0.0.0:35297 - 0 ] INFO  replication.ReplicationServer (ReplicationServer.java:start(109)) - ReplicationServer is started using port 35187
2023-04-11 11:26:18,736 [EndpointStateMachine task thread for /0.0.0.0:35297 - 0 ] INFO  ratis.XceiverServerRatis (XceiverServerRatis.java:start(517)) - Starting XceiverServerRatis caa308e7-95fe-4c5f-9440-a942b893081e
2023-04-11 11:26:18,737 [EndpointStateMachine task thread for /0.0.0.0:35297 - 0 ] INFO  server.RaftServer (RaftServerProxy.java:startImpl(393)) - caa308e7-95fe-4c5f-9440-a942b893081e: start RPC server
2023-04-11 11:26:18,739 [EndpointStateMachine task thread for /0.0.0.0:35297 - 0 ] INFO  server.GrpcService (GrpcService.java:startImpl(262)) - caa308e7-95fe-4c5f-9440-a942b893081e: GrpcService started, listening on 35655
2023-04-11 11:26:18,739 [EndpointStateMachine task thread for /0.0.0.0:35297 - 0 ] INFO  ratis.XceiverServerRatis (XceiverServerRatis.java:getRealPort(543)) - XceiverServerRatis caa308e7-95fe-4c5f-9440-a942b893081e is started using port 35655 for RATIS
2023-04-11 11:26:18,739 [JvmPauseMonitor19] INFO  util.JvmPauseMonitor (JvmPauseMonitor.java:run(105)) - JvmPauseMonitor-caa308e7-95fe-4c5f-9440-a942b893081e: Started
2023-04-11 11:26:18,739 [EndpointStateMachine task thread for /0.0.0.0:35297 - 0 ] INFO  ratis.XceiverServerRatis (XceiverServerRatis.java:getRealPort(543)) - XceiverServerRatis caa308e7-95fe-4c5f-9440-a942b893081e is started using port 35655 for RATIS_ADMIN
2023-04-11 11:26:18,739 [EndpointStateMachine task thread for /0.0.0.0:35297 - 0 ] INFO  ratis.XceiverServerRatis (XceiverServerRatis.java:getRealPort(543)) - XceiverServerRatis caa308e7-95fe-4c5f-9440-a942b893081e is started using port 35655 for RATIS_SERVER
2023-04-11 11:26:18,739 [EndpointStateMachine task thread for /0.0.0.0:35297 - 0 ] INFO  ratis.XceiverServerRatis (XceiverServerRatis.java:getRealPort(543)) - XceiverServerRatis caa308e7-95fe-4c5f-9440-a942b893081e is started using port 42291 for RATIS_DATASTREAM
2023-04-11 11:26:18,741 [EndpointStateMachine task thread for /0.0.0.0:35297 - 0 ] INFO  server.XceiverServerGrpc (XceiverServerGrpc.java:start(180)) - XceiverServerGrpc caa308e7-95fe-4c5f-9440-a942b893081e is started using port 33209
2023-04-11 11:26:18,742 [BlockDeletingService#0] INFO  interfaces.ContainerDeletionChoosingPolicyTemplate (ContainerDeletionChoosingPolicyTemplate.java:chooseContainerForBlockDeletion(83)) - Chosen 0/5000 blocks from 0 candidate containers.
2023-04-11 11:26:19,066 [EndpointStateMachine task thread for /0.0.0.0:35297 - 0 ] INFO  utils.DatanodeStoreCache (DatanodeStoreCache.java:addDB(58)) - Added db /home/runner/work/ozone/ozone/hadoop-ozone/integration-test/target/test-dir/MiniOzoneClusterImpl-96ac6092-8b7a-4e89-97e1-43be04ae58b3/datanode-3/data-0/containers/hdds/96ac6092-8b7a-4e89-97e1-43be04ae58b3/DS-aed9ea67-b785-4428-8c34-225cb7eb3a66/container.db to cache
2023-04-11 11:26:19,066 [EndpointStateMachine task thread for /0.0.0.0:35297 - 0 ] INFO  volume.HddsVolume (HddsVolume.java:createDbStore(350)) - SchemaV3 db is created and loaded at /home/runner/work/ozone/ozone/hadoop-ozone/integration-test/target/test-dir/MiniOzoneClusterImpl-96ac6092-8b7a-4e89-97e1-43be04ae58b3/datanode-3/data-0/containers/hdds/96ac6092-8b7a-4e89-97e1-43be04ae58b3/DS-aed9ea67-b785-4428-8c34-225cb7eb3a66/container.db for volume DS-aed9ea67-b785-4428-8c34-225cb7eb3a66
2023-04-11 11:26:19,067 [EndpointStateMachine task thread for /0.0.0.0:35297 - 0 ] INFO  ozoneimpl.OzoneContainer (OzoneContainer.java:start(397)) - Attempting to start container services.
2023-04-11 11:26:19,067 [EndpointStateMachine task thread for /0.0.0.0:35297 - 0 ] INFO  ozoneimpl.OzoneContainer (OzoneContainer.java:startContainerScrub(314)) - Scheduled background container scanners and the on-demand container scanner have been disabled.
2023-04-11 11:26:19,076 [EndpointStateMachine task thread for /0.0.0.0:35297 - 0 ] INFO  replication.ReplicationServer (ReplicationServer.java:start(109)) - ReplicationServer is started using port 43249
2023-04-11 11:26:19,076 [EndpointStateMachine task thread for /0.0.0.0:35297 - 0 ] INFO  ratis.XceiverServerRatis (XceiverServerRatis.java:start(517)) - Starting XceiverServerRatis 8800b703-234b-42c9-a364-cc0e28a54155
2023-04-11 11:26:19,077 [EndpointStateMachine task thread for /0.0.0.0:35297 - 0 ] INFO  server.RaftServer (RaftServerProxy.java:startImpl(393)) - 8800b703-234b-42c9-a364-cc0e28a54155: start RPC server
2023-04-11 11:26:19,079 [EndpointStateMachine task thread for /0.0.0.0:35297 - 0 ] INFO  server.GrpcService (GrpcService.java:startImpl(262)) - 8800b703-234b-42c9-a364-cc0e28a54155: GrpcService started, listening on 41347
2023-04-11 11:26:19,079 [EndpointStateMachine task thread for /0.0.0.0:35297 - 0 ] INFO  ratis.XceiverServerRatis (XceiverServerRatis.java:getRealPort(543)) - XceiverServerRatis 8800b703-234b-42c9-a364-cc0e28a54155 is started using port 41347 for RATIS
2023-04-11 11:26:19,079 [EndpointStateMachine task thread for /0.0.0.0:35297 - 0 ] INFO  ratis.XceiverServerRatis (XceiverServerRatis.java:getRealPort(543)) - XceiverServerRatis 8800b703-234b-42c9-a364-cc0e28a54155 is started using port 41347 for RATIS_ADMIN
2023-04-11 11:26:19,079 [JvmPauseMonitor20] INFO  util.JvmPauseMonitor (JvmPauseMonitor.java:run(105)) - JvmPauseMonitor-8800b703-234b-42c9-a364-cc0e28a54155: Started
2023-04-11 11:26:19,079 [EndpointStateMachine task thread for /0.0.0.0:35297 - 0 ] INFO  ratis.XceiverServerRatis (XceiverServerRatis.java:getRealPort(543)) - XceiverServerRatis 8800b703-234b-42c9-a364-cc0e28a54155 is started using port 41347 for RATIS_SERVER
2023-04-11 11:26:19,079 [EndpointStateMachine task thread for /0.0.0.0:35297 - 0 ] INFO  ratis.XceiverServerRatis (XceiverServerRatis.java:getRealPort(543)) - XceiverServerRatis 8800b703-234b-42c9-a364-cc0e28a54155 is started using port 33097 for RATIS_DATASTREAM
2023-04-11 11:26:19,082 [EndpointStateMachine task thread for /0.0.0.0:35297 - 0 ] INFO  server.XceiverServerGrpc (XceiverServerGrpc.java:start(180)) - XceiverServerGrpc 8800b703-234b-42c9-a364-cc0e28a54155 is started using port 41505
2023-04-11 11:26:19,082 [BlockDeletingService#0] INFO  interfaces.ContainerDeletionChoosingPolicyTemplate (ContainerDeletionChoosingPolicyTemplate.java:chooseContainerForBlockDeletion(83)) - Chosen 0/5000 blocks from 0 candidate containers.
2023-04-11 11:26:19,355 [Listener at 127.0.0.1/44509] INFO  ozone.MiniOzoneClusterImpl (MiniOzoneClusterImpl.java:lambda$waitForClusterToBeReady$0(222)) - Waiting for nodes to be ready. Got 0 of 5 DN Heartbeats.
2023-04-11 11:26:19,355 [Listener at 127.0.0.1/44509] INFO  ozone.MiniOzoneClusterImpl (MiniOzoneClusterImpl.java:lambda$waitForClusterToBeReady$0(225)) - Waiting for cluster to exit safe mode
2023-04-11 11:26:19,355 [Listener at 127.0.0.1/44509] INFO  ozone.MiniOzoneClusterImpl (MiniOzoneClusterImpl.java:lambda$waitForClusterToBeReady$0(227)) - SCM became leader
2023-04-11 11:26:19,401 [EndpointStateMachine task thread for /0.0.0.0:35297 - 0 ] INFO  utils.DatanodeStoreCache (DatanodeStoreCache.java:addDB(58)) - Added db /home/runner/work/ozone/ozone/hadoop-ozone/integration-test/target/test-dir/MiniOzoneClusterImpl-96ac6092-8b7a-4e89-97e1-43be04ae58b3/datanode-4/data-0/containers/hdds/96ac6092-8b7a-4e89-97e1-43be04ae58b3/DS-b68c8b18-cec3-4978-9680-6dbb0c40e178/container.db to cache
2023-04-11 11:26:19,401 [EndpointStateMachine task thread for /0.0.0.0:35297 - 0 ] INFO  volume.HddsVolume (HddsVolume.java:createDbStore(350)) - SchemaV3 db is created and loaded at /home/runner/work/ozone/ozone/hadoop-ozone/integration-test/target/test-dir/MiniOzoneClusterImpl-96ac6092-8b7a-4e89-97e1-43be04ae58b3/datanode-4/data-0/containers/hdds/96ac6092-8b7a-4e89-97e1-43be04ae58b3/DS-b68c8b18-cec3-4978-9680-6dbb0c40e178/container.db for volume DS-b68c8b18-cec3-4978-9680-6dbb0c40e178
2023-04-11 11:26:19,401 [EndpointStateMachine task thread for /0.0.0.0:35297 - 0 ] INFO  ozoneimpl.OzoneContainer (OzoneContainer.java:start(397)) - Attempting to start container services.
2023-04-11 11:26:19,401 [EndpointStateMachine task thread for /0.0.0.0:35297 - 0 ] INFO  ozoneimpl.OzoneContainer (OzoneContainer.java:startContainerScrub(314)) - Scheduled background container scanners and the on-demand container scanner have been disabled.
2023-04-11 11:26:19,405 [EndpointStateMachine task thread for /0.0.0.0:35297 - 0 ] INFO  replication.ReplicationServer (ReplicationServer.java:start(109)) - ReplicationServer is started using port 46395
2023-04-11 11:26:19,405 [EndpointStateMachine task thread for /0.0.0.0:35297 - 0 ] INFO  ratis.XceiverServerRatis (XceiverServerRatis.java:start(517)) - Starting XceiverServerRatis d4f16431-48bc-4a47-9d93-60d3e8fb304c
2023-04-11 11:26:19,406 [EndpointStateMachine task thread for /0.0.0.0:35297 - 0 ] INFO  server.RaftServer (RaftServerProxy.java:startImpl(393)) - d4f16431-48bc-4a47-9d93-60d3e8fb304c: start RPC server
2023-04-11 11:26:19,408 [EndpointStateMachine task thread for /0.0.0.0:35297 - 0 ] INFO  server.GrpcService (GrpcService.java:startImpl(262)) - d4f16431-48bc-4a47-9d93-60d3e8fb304c: GrpcService started, listening on 38135
2023-04-11 11:26:19,408 [EndpointStateMachine task thread for /0.0.0.0:35297 - 0 ] INFO  ratis.XceiverServerRatis (XceiverServerRatis.java:getRealPort(543)) - XceiverServerRatis d4f16431-48bc-4a47-9d93-60d3e8fb304c is started using port 38135 for RATIS
2023-04-11 11:26:19,408 [EndpointStateMachine task thread for /0.0.0.0:35297 - 0 ] INFO  ratis.XceiverServerRatis (XceiverServerRatis.java:getRealPort(543)) - XceiverServerRatis d4f16431-48bc-4a47-9d93-60d3e8fb304c is started using port 38135 for RATIS_ADMIN
2023-04-11 11:26:19,408 [EndpointStateMachine task thread for /0.0.0.0:35297 - 0 ] INFO  ratis.XceiverServerRatis (XceiverServerRatis.java:getRealPort(543)) - XceiverServerRatis d4f16431-48bc-4a47-9d93-60d3e8fb304c is started using port 38135 for RATIS_SERVER
2023-04-11 11:26:19,408 [JvmPauseMonitor21] INFO  util.JvmPauseMonitor (JvmPauseMonitor.java:run(105)) - JvmPauseMonitor-d4f16431-48bc-4a47-9d93-60d3e8fb304c: Started
2023-04-11 11:26:19,408 [EndpointStateMachine task thread for /0.0.0.0:35297 - 0 ] INFO  ratis.XceiverServerRatis (XceiverServerRatis.java:getRealPort(543)) - XceiverServerRatis d4f16431-48bc-4a47-9d93-60d3e8fb304c is started using port 45037 for RATIS_DATASTREAM
2023-04-11 11:26:19,414 [EndpointStateMachine task thread for /0.0.0.0:35297 - 0 ] INFO  server.XceiverServerGrpc (XceiverServerGrpc.java:start(180)) - XceiverServerGrpc d4f16431-48bc-4a47-9d93-60d3e8fb304c is started using port 32789
2023-04-11 11:26:19,415 [BlockDeletingService#0] INFO  interfaces.ContainerDeletionChoosingPolicyTemplate (ContainerDeletionChoosingPolicyTemplate.java:chooseContainerForBlockDeletion(83)) - Chosen 0/5000 blocks from 0 candidate containers.
2023-04-11 11:26:20,053 [IPC Server handler 1 on default port 35297] INFO  net.NetworkTopologyImpl (NetworkTopologyImpl.java:add(112)) - Added a new node: /default-rack/7b25ec04-6163-44ae-a7e6-933a1c4a9d86
2023-04-11 11:26:20,053 [IPC Server handler 1 on default port 35297] INFO  node.SCMNodeManager (SCMNodeManager.java:register(404)) - Registered Data node : 7b25ec04-6163-44ae-a7e6-933a1c4a9d86{ip: 10.1.0.37, host: fv-az590-525.scpgifznvsounmmscp2whtfmwe.cx.internal.cloudapp.net, ports: [HTTP=41223, REPLICATION=38839, RATIS=36109, RATIS_ADMIN=36109, RATIS_SERVER=36109, RATIS_DATASTREAM=39359, STANDALONE=33973], networkLocation: /default-rack, certSerialId: null, persistedOpState: null, persistedOpStateExpiryEpochSec: 0}
2023-04-11 11:26:20,057 [EventQueue-NodeRegistrationContainerReportForDataNodeSafeModeRule] INFO  safemode.SCMSafeModeManager (DataNodeSafeModeRule.java:process(71)) - SCM in safe mode. 1 DataNodes registered, 3 required.
2023-04-11 11:26:20,057 [EventQueue-NodeRegistrationContainerReportForContainerSafeModeRule] INFO  safemode.SCMSafeModeManager (SCMSafeModeManager.java:validateSafeModeExitRules(200)) - ContainerSafeModeRule rule is successfully validated
2023-04-11 11:26:20,059 [EventQueue-PipelineReportForOneReplicaPipelineSafeModeRule] INFO  safemode.SCMSafeModeManager (SCMSafeModeManager.java:validateSafeModeExitRules(200)) - AtleastOneDatanodeReportedRule rule is successfully validated
2023-04-11 11:26:20,062 [EventQueue-NewNodeForNewNodeHandler] INFO  pipeline.BackgroundPipelineCreator (BackgroundPipelineCreator.java:notifyEventTriggered(276)) - trigger a one-shot run on RatisPipelineUtilsThread.
2023-04-11 11:26:20,062 [RatisPipelineUtilsThread - 0] INFO  pipeline.RatisPipelineProvider (RatisPipelineProvider.java:lambda$create$0(206)) - Sending CreatePipelineCommand for pipeline:PipelineID=3faa5b13-5eb8-416a-9d63-5722abf77bc5 to datanode:7b25ec04-6163-44ae-a7e6-933a1c4a9d86
2023-04-11 11:26:20,063 [RatisPipelineUtilsThread - 0] INFO  pipeline.PipelineStateManagerImpl (PipelineStateManagerImpl.java:addPipeline(103)) - Created pipeline Pipeline[ Id: 3faa5b13-5eb8-416a-9d63-5722abf77bc5, Nodes: 7b25ec04-6163-44ae-a7e6-933a1c4a9d86(fv-az590-525.scpgifznvsounmmscp2whtfmwe.cx.internal.cloudapp.net/10.1.0.37), ReplicationConfig: RATIS/ONE, State:ALLOCATED, leaderId:, CreationTimestamp2023-04-11T11:26:20.062Z[Etc/UTC]].
2023-04-11 11:26:20,355 [Listener at 127.0.0.1/44509] INFO  ozone.MiniOzoneClusterImpl (MiniOzoneClusterImpl.java:lambda$waitForClusterToBeReady$0(222)) - Waiting for nodes to be ready. Got 1 of 5 DN Heartbeats.
2023-04-11 11:26:20,355 [Listener at 127.0.0.1/44509] INFO  ozone.MiniOzoneClusterImpl (MiniOzoneClusterImpl.java:lambda$waitForClusterToBeReady$0(225)) - Waiting for cluster to exit safe mode
2023-04-11 11:26:20,355 [Listener at 127.0.0.1/44509] INFO  ozone.MiniOzoneClusterImpl (MiniOzoneClusterImpl.java:lambda$waitForClusterToBeReady$0(227)) - SCM became leader
2023-04-11 11:26:20,358 [IPC Server handler 2 on default port 35297] INFO  net.NetworkTopologyImpl (NetworkTopologyImpl.java:add(112)) - Added a new node: /default-rack/4d790031-0a50-4ffd-b1f5-2ef434e1e7d9
2023-04-11 11:26:20,358 [IPC Server handler 2 on default port 35297] INFO  node.SCMNodeManager (SCMNodeManager.java:register(404)) - Registered Data node : 4d790031-0a50-4ffd-b1f5-2ef434e1e7d9{ip: 10.1.0.37, host: fv-az590-525.scpgifznvsounmmscp2whtfmwe.cx.internal.cloudapp.net, ports: [HTTP=35367, REPLICATION=36047, RATIS=43649, RATIS_ADMIN=43649, RATIS_SERVER=43649, RATIS_DATASTREAM=46225, STANDALONE=37341], networkLocation: /default-rack, certSerialId: null, persistedOpState: null, persistedOpStateExpiryEpochSec: 0}
2023-04-11 11:26:20,360 [EventQueue-NodeRegistrationContainerReportForDataNodeSafeModeRule] INFO  safemode.SCMSafeModeManager (DataNodeSafeModeRule.java:process(71)) - SCM in safe mode. 2 DataNodes registered, 3 required.
2023-04-11 11:26:20,360 [EventQueue-NewNodeForNewNodeHandler] INFO  pipeline.BackgroundPipelineCreator (BackgroundPipelineCreator.java:notifyEventTriggered(276)) - trigger a one-shot run on RatisPipelineUtilsThread.
2023-04-11 11:26:20,361 [RatisPipelineUtilsThread - 0] INFO  pipeline.RatisPipelineProvider (RatisPipelineProvider.java:lambda$create$0(206)) - Sending CreatePipelineCommand for pipeline:PipelineID=9651f140-a930-4503-aeca-0a22133703fd to datanode:4d790031-0a50-4ffd-b1f5-2ef434e1e7d9
2023-04-11 11:26:20,361 [RatisPipelineUtilsThread - 0] INFO  pipeline.PipelineStateManagerImpl (PipelineStateManagerImpl.java:addPipeline(103)) - Created pipeline Pipeline[ Id: 9651f140-a930-4503-aeca-0a22133703fd, Nodes: 4d790031-0a50-4ffd-b1f5-2ef434e1e7d9(fv-az590-525.scpgifznvsounmmscp2whtfmwe.cx.internal.cloudapp.net/10.1.0.37), ReplicationConfig: RATIS/ONE, State:ALLOCATED, leaderId:, CreationTimestamp2023-04-11T11:26:20.361Z[Etc/UTC]].
2023-04-11 11:26:20,701 [IPC Server handler 3 on default port 35297] INFO  net.NetworkTopologyImpl (NetworkTopologyImpl.java:add(112)) - Added a new node: /default-rack/caa308e7-95fe-4c5f-9440-a942b893081e
2023-04-11 11:26:20,702 [IPC Server handler 3 on default port 35297] INFO  node.SCMNodeManager (SCMNodeManager.java:register(404)) - Registered Data node : caa308e7-95fe-4c5f-9440-a942b893081e{ip: 10.1.0.37, host: fv-az590-525.scpgifznvsounmmscp2whtfmwe.cx.internal.cloudapp.net, ports: [HTTP=46445, REPLICATION=35187, RATIS=35655, RATIS_ADMIN=35655, RATIS_SERVER=35655, RATIS_DATASTREAM=42291, STANDALONE=33209], networkLocation: /default-rack, certSerialId: null, persistedOpState: null, persistedOpStateExpiryEpochSec: 0}
2023-04-11 11:26:20,702 [EventQueue-NewNodeForNewNodeHandler] INFO  pipeline.BackgroundPipelineCreator (BackgroundPipelineCreator.java:notifyEventTriggered(276)) - trigger a one-shot run on RatisPipelineUtilsThread.
2023-04-11 11:26:20,702 [EventQueue-NodeRegistrationContainerReportForDataNodeSafeModeRule] INFO  safemode.SCMSafeModeManager (DataNodeSafeModeRule.java:process(71)) - SCM in safe mode. 3 DataNodes registered, 3 required.
2023-04-11 11:26:20,702 [EventQueue-NodeRegistrationContainerReportForDataNodeSafeModeRule] INFO  safemode.SCMSafeModeManager (SCMSafeModeManager.java:validateSafeModeExitRules(200)) - DataNodeSafeModeRule rule is successfully validated
2023-04-11 11:26:20,702 [EventQueue-NodeRegistrationContainerReportForDataNodeSafeModeRule] INFO  safemode.SCMSafeModeManager (SCMSafeModeManager.java:completePreCheck(229)) - All SCM safe mode pre check rules have passed
2023-04-11 11:26:20,702 [EventQueue-NodeRegistrationContainerReportForDataNodeSafeModeRule] INFO  ha.SCMContext (SCMContext.java:updateSafeModeStatus(228)) - Update SafeModeStatus from SafeModeStatus{safeModeStatus=true, preCheckPassed=false} to SafeModeStatus{safeModeStatus=true, preCheckPassed=true}.
2023-04-11 11:26:20,702 [EventQueue-NodeRegistrationContainerReportForDataNodeSafeModeRule] INFO  pipeline.BackgroundPipelineCreator (BackgroundPipelineCreator.java:notifyEventTriggered(276)) - trigger a one-shot run on RatisPipelineUtilsThread.
2023-04-11 11:26:20,702 [RatisPipelineUtilsThread - 0] INFO  pipeline.RatisPipelineProvider (RatisPipelineProvider.java:lambda$create$0(206)) - Sending CreatePipelineCommand for pipeline:PipelineID=f9c6ba09-a119-4d8a-b88a-c1cc3cda4cd1 to datanode:caa308e7-95fe-4c5f-9440-a942b893081e
2023-04-11 11:26:20,703 [RatisPipelineUtilsThread - 0] INFO  pipeline.PipelineStateManagerImpl (PipelineStateManagerImpl.java:addPipeline(103)) - Created pipeline Pipeline[ Id: f9c6ba09-a119-4d8a-b88a-c1cc3cda4cd1, Nodes: caa308e7-95fe-4c5f-9440-a942b893081e(fv-az590-525.scpgifznvsounmmscp2whtfmwe.cx.internal.cloudapp.net/10.1.0.37), ReplicationConfig: RATIS/ONE, State:ALLOCATED, leaderId:, CreationTimestamp2023-04-11T11:26:20.702Z[Etc/UTC]].
2023-04-11 11:26:20,703 [RatisPipelineUtilsThread - 0] INFO  pipeline.RatisPipelineProvider (RatisPipelineProvider.java:lambda$create$0(206)) - Sending CreatePipelineCommand for pipeline:PipelineID=023a1df3-8ffc-46ba-a79e-d8a3df9248b6 to datanode:7b25ec04-6163-44ae-a7e6-933a1c4a9d86
2023-04-11 11:26:20,703 [RatisPipelineUtilsThread - 0] INFO  pipeline.RatisPipelineProvider (RatisPipelineProvider.java:lambda$create$0(206)) - Sending CreatePipelineCommand for pipeline:PipelineID=023a1df3-8ffc-46ba-a79e-d8a3df9248b6 to datanode:caa308e7-95fe-4c5f-9440-a942b893081e
2023-04-11 11:26:20,703 [RatisPipelineUtilsThread - 0] INFO  pipeline.RatisPipelineProvider (RatisPipelineProvider.java:lambda$create$0(206)) - Sending CreatePipelineCommand for pipeline:PipelineID=023a1df3-8ffc-46ba-a79e-d8a3df9248b6 to datanode:4d790031-0a50-4ffd-b1f5-2ef434e1e7d9
2023-04-11 11:26:20,703 [RatisPipelineUtilsThread - 0] INFO  pipeline.PipelineStateManagerImpl (PipelineStateManagerImpl.java:addPipeline(103)) - Created pipeline Pipeline[ Id: 023a1df3-8ffc-46ba-a79e-d8a3df9248b6, Nodes: 7b25ec04-6163-44ae-a7e6-933a1c4a9d86(fv-az590-525.scpgifznvsounmmscp2whtfmwe.cx.internal.cloudapp.net/10.1.0.37)caa308e7-95fe-4c5f-9440-a942b893081e(fv-az590-525.scpgifznvsounmmscp2whtfmwe.cx.internal.cloudapp.net/10.1.0.37)4d790031-0a50-4ffd-b1f5-2ef434e1e7d9(fv-az590-525.scpgifznvsounmmscp2whtfmwe.cx.internal.cloudapp.net/10.1.0.37), ReplicationConfig: RATIS/THREE, State:ALLOCATED, leaderId:, CreationTimestamp2023-04-11T11:26:20.703Z[Etc/UTC]].
2023-04-11 11:26:20,704 [RatisPipelineUtilsThread - 0] INFO  pipeline.RatisPipelineProvider (RatisPipelineProvider.java:lambda$create$0(206)) - Sending CreatePipelineCommand for pipeline:PipelineID=f5f26894-668b-4dc7-a57a-308c1a8f3472 to datanode:7b25ec04-6163-44ae-a7e6-933a1c4a9d86
2023-04-11 11:26:20,704 [RatisPipelineUtilsThread - 0] INFO  pipeline.RatisPipelineProvider (RatisPipelineProvider.java:lambda$create$0(206)) - Sending CreatePipelineCommand for pipeline:PipelineID=f5f26894-668b-4dc7-a57a-308c1a8f3472 to datanode:4d790031-0a50-4ffd-b1f5-2ef434e1e7d9
2023-04-11 11:26:20,704 [RatisPipelineUtilsThread - 0] INFO  pipeline.RatisPipelineProvider (RatisPipelineProvider.java:lambda$create$0(206)) - Sending CreatePipelineCommand for pipeline:PipelineID=f5f26894-668b-4dc7-a57a-308c1a8f3472 to datanode:caa308e7-95fe-4c5f-9440-a942b893081e
2023-04-11 11:26:20,704 [RatisPipelineUtilsThread - 0] INFO  pipeline.PipelineStateManagerImpl (PipelineStateManagerImpl.java:addPipeline(103)) - Created pipeline Pipeline[ Id: f5f26894-668b-4dc7-a57a-308c1a8f3472, Nodes: 7b25ec04-6163-44ae-a7e6-933a1c4a9d86(fv-az590-525.scpgifznvsounmmscp2whtfmwe.cx.internal.cloudapp.net/10.1.0.37)4d790031-0a50-4ffd-b1f5-2ef434e1e7d9(fv-az590-525.scpgifznvsounmmscp2whtfmwe.cx.internal.cloudapp.net/10.1.0.37)caa308e7-95fe-4c5f-9440-a942b893081e(fv-az590-525.scpgifznvsounmmscp2whtfmwe.cx.internal.cloudapp.net/10.1.0.37), ReplicationConfig: RATIS/THREE, State:ALLOCATED, leaderId:, CreationTimestamp2023-04-11T11:26:20.704Z[Etc/UTC]].
2023-04-11 11:26:20,704 [RatisPipelineUtilsThread - 0] INFO  pipeline.PipelineManagerImpl (PipelineManagerImpl.java:recordMetricsForPipeline(826)) - Pipeline: PipelineID=f5f26894-668b-4dc7-a57a-308c1a8f3472 contains same datanodes as previous pipelines: PipelineID=023a1df3-8ffc-46ba-a79e-d8a3df9248b6 nodeIds: 7b25ec04-6163-44ae-a7e6-933a1c4a9d86, 4d790031-0a50-4ffd-b1f5-2ef434e1e7d9, caa308e7-95fe-4c5f-9440-a942b893081e
2023-04-11 11:26:20,704 [RatisPipelineUtilsThread - 0] WARN  pipeline.PipelinePlacementPolicy (PipelinePlacementPolicy.java:filterViableNodes(160)) - Pipeline creation failed due to no sufficient healthy datanodes. Required 3. Found 0. Excluded 3.
2023-04-11 11:26:20,705 [RatisPipelineUtilsThread - 0] WARN  pipeline.PipelinePlacementPolicy (PipelinePlacementPolicy.java:filterViableNodes(160)) - Pipeline creation failed due to no sufficient healthy datanodes. Required 3. Found 0. Excluded 3.
2023-04-11 11:26:21,029 [IPC Server handler 0 on default port 35297] INFO  net.NetworkTopologyImpl (NetworkTopologyImpl.java:add(112)) - Added a new node: /default-rack/8800b703-234b-42c9-a364-cc0e28a54155
2023-04-11 11:26:21,030 [IPC Server handler 0 on default port 35297] INFO  node.SCMNodeManager (SCMNodeManager.java:register(404)) - Registered Data node : 8800b703-234b-42c9-a364-cc0e28a54155{ip: 10.1.0.37, host: fv-az590-525.scpgifznvsounmmscp2whtfmwe.cx.internal.cloudapp.net, ports: [HTTP=33781, REPLICATION=43249, RATIS=41347, RATIS_ADMIN=41347, RATIS_SERVER=41347, RATIS_DATASTREAM=33097, STANDALONE=41505], networkLocation: /default-rack, certSerialId: null, persistedOpState: null, persistedOpStateExpiryEpochSec: 0}
2023-04-11 11:26:21,030 [EventQueue-NewNodeForNewNodeHandler] INFO  pipeline.BackgroundPipelineCreator (BackgroundPipelineCreator.java:notifyEventTriggered(276)) - trigger a one-shot run on RatisPipelineUtilsThread.
2023-04-11 11:26:21,030 [RatisPipelineUtilsThread - 0] INFO  pipeline.RatisPipelineProvider (RatisPipelineProvider.java:lambda$create$0(206)) - Sending CreatePipelineCommand for pipeline:PipelineID=88cc87c0-db4c-4684-8e7f-4ba95c5fe5be to datanode:8800b703-234b-42c9-a364-cc0e28a54155
2023-04-11 11:26:21,031 [RatisPipelineUtilsThread - 0] INFO  pipeline.PipelineStateManagerImpl (PipelineStateManagerImpl.java:addPipeline(103)) - Created pipeline Pipeline[ Id: 88cc87c0-db4c-4684-8e7f-4ba95c5fe5be, Nodes: 8800b703-234b-42c9-a364-cc0e28a54155(fv-az590-525.scpgifznvsounmmscp2whtfmwe.cx.internal.cloudapp.net/10.1.0.37), ReplicationConfig: RATIS/ONE, State:ALLOCATED, leaderId:, CreationTimestamp2023-04-11T11:26:21.030Z[Etc/UTC]].
2023-04-11 11:26:21,031 [RatisPipelineUtilsThread - 0] WARN  pipeline.PipelinePlacementPolicy (PipelinePlacementPolicy.java:filterViableNodes(160)) - Pipeline creation failed due to no sufficient healthy datanodes. Required 3. Found 1. Excluded 3.
2023-04-11 11:26:21,356 [Listener at 127.0.0.1/44509] INFO  ozone.MiniOzoneClusterImpl (MiniOzoneClusterImpl.java:lambda$waitForClusterToBeReady$0(222)) - Waiting for nodes to be ready. Got 4 of 5 DN Heartbeats.
2023-04-11 11:26:21,356 [Listener at 127.0.0.1/44509] INFO  ozone.MiniOzoneClusterImpl (MiniOzoneClusterImpl.java:lambda$waitForClusterToBeReady$0(225)) - Waiting for cluster to exit safe mode
2023-04-11 11:26:21,356 [Listener at 127.0.0.1/44509] INFO  ozone.MiniOzoneClusterImpl (MiniOzoneClusterImpl.java:lambda$waitForClusterToBeReady$0(227)) - SCM became leader
2023-04-11 11:26:21,359 [IPC Server handler 2 on default port 35297] INFO  net.NetworkTopologyImpl (NetworkTopologyImpl.java:add(112)) - Added a new node: /default-rack/d4f16431-48bc-4a47-9d93-60d3e8fb304c
2023-04-11 11:26:21,359 [IPC Server handler 2 on default port 35297] INFO  node.SCMNodeManager (SCMNodeManager.java:register(404)) - Registered Data node : d4f16431-48bc-4a47-9d93-60d3e8fb304c{ip: 10.1.0.37, host: fv-az590-525.scpgifznvsounmmscp2whtfmwe.cx.internal.cloudapp.net, ports: [HTTP=46545, REPLICATION=46395, RATIS=38135, RATIS_ADMIN=38135, RATIS_SERVER=38135, RATIS_DATASTREAM=45037, STANDALONE=32789], networkLocation: /default-rack, certSerialId: null, persistedOpState: null, persistedOpStateExpiryEpochSec: 0}
2023-04-11 11:26:21,361 [EventQueue-NewNodeForNewNodeHandler] INFO  pipeline.BackgroundPipelineCreator (BackgroundPipelineCreator.java:notifyEventTriggered(276)) - trigger a one-shot run on RatisPipelineUtilsThread.
2023-04-11 11:26:21,362 [RatisPipelineUtilsThread - 0] INFO  pipeline.RatisPipelineProvider (RatisPipelineProvider.java:lambda$create$0(206)) - Sending CreatePipelineCommand for pipeline:PipelineID=044811c9-41fe-4d27-8e64-ff3a34a5759c to datanode:d4f16431-48bc-4a47-9d93-60d3e8fb304c
2023-04-11 11:26:21,362 [RatisPipelineUtilsThread - 0] INFO  pipeline.PipelineStateManagerImpl (PipelineStateManagerImpl.java:addPipeline(103)) - Created pipeline Pipeline[ Id: 044811c9-41fe-4d27-8e64-ff3a34a5759c, Nodes: d4f16431-48bc-4a47-9d93-60d3e8fb304c(fv-az590-525.scpgifznvsounmmscp2whtfmwe.cx.internal.cloudapp.net/10.1.0.37), ReplicationConfig: RATIS/ONE, State:ALLOCATED, leaderId:, CreationTimestamp2023-04-11T11:26:21.362Z[Etc/UTC]].
2023-04-11 11:26:21,362 [RatisPipelineUtilsThread - 0] WARN  pipeline.PipelinePlacementPolicy (PipelinePlacementPolicy.java:filterViableNodes(160)) - Pipeline creation failed due to no sufficient healthy datanodes. Required 3. Found 2. Excluded 3.
2023-04-11 11:26:22,356 [Listener at 127.0.0.1/44509] INFO  ozone.MiniOzoneClusterImpl (MiniOzoneClusterImpl.java:lambda$waitForClusterToBeReady$0(222)) - Nodes are ready. Got 5 of 5 DN Heartbeats.
2023-04-11 11:26:22,357 [Listener at 127.0.0.1/44509] INFO  ozone.MiniOzoneClusterImpl (MiniOzoneClusterImpl.java:lambda$waitForClusterToBeReady$0(225)) - Waiting for cluster to exit safe mode
2023-04-11 11:26:22,357 [Listener at 127.0.0.1/44509] INFO  ozone.MiniOzoneClusterImpl (MiniOzoneClusterImpl.java:lambda$waitForClusterToBeReady$0(227)) - SCM became leader
2023-04-11 11:26:23,052 [Command processor thread] INFO  server.RaftServer (RaftServerProxy.java:addNew(96)) - 7b25ec04-6163-44ae-a7e6-933a1c4a9d86: addNew group-5722ABF77BC5:[7b25ec04-6163-44ae-a7e6-933a1c4a9d86|rpc:10.1.0.37:36109|dataStream:10.1.0.37:39359|priority:1|startupRole:FOLLOWER] returns group-5722ABF77BC5:java.util.concurrent.CompletableFuture@2b52550[Not completed]
2023-04-11 11:26:23,054 [pool-704-thread-1] INFO  server.RaftServer$Division (RaftServerImpl.java:<init>(195)) - 7b25ec04-6163-44ae-a7e6-933a1c4a9d86: new RaftServerImpl for group-5722ABF77BC5:[7b25ec04-6163-44ae-a7e6-933a1c4a9d86|rpc:10.1.0.37:36109|dataStream:10.1.0.37:39359|priority:1|startupRole:FOLLOWER] with ContainerStateMachine:uninitialized
2023-04-11 11:26:23,054 [pool-704-thread-1] INFO  server.RaftServerConfigKeys (ConfUtils.java:logGet(46)) - raft.server.rpc.timeout.min = 5s (custom)
2023-04-11 11:26:23,054 [pool-704-thread-1] INFO  server.RaftServerConfigKeys (ConfUtils.java:logGet(46)) - raft.server.rpc.timeout.max = 5200ms (custom)
2023-04-11 11:26:23,054 [pool-704-thread-1] INFO  server.RaftServerConfigKeys (ConfUtils.java:logGet(46)) - raft.server.rpc.sleep.time = 25ms (default)
2023-04-11 11:26:23,054 [pool-704-thread-1] INFO  server.RaftServerConfigKeys (ConfUtils.java:logGet(46)) - raft.server.rpc.slowness.timeout = 300s (custom)
2023-04-11 11:26:23,054 [pool-704-thread-1] INFO  server.RaftServerConfigKeys (ConfUtils.java:logGet(46)) - raft.server.leaderelection.leader.step-down.wait-time = 10s (default)
2023-04-11 11:26:23,054 [pool-704-thread-1] INFO  server.RaftServerConfigKeys (ConfUtils.java:logGet(46)) - raft.server.sleep.deviation.threshold = 300ms (default)
2023-04-11 11:26:23,054 [pool-704-thread-1] INFO  server.RaftServer$Division (ServerState.java:<init>(118)) - 7b25ec04-6163-44ae-a7e6-933a1c4a9d86@group-5722ABF77BC5: ConfigurationManager, init=-1: peers:[7b25ec04-6163-44ae-a7e6-933a1c4a9d86|rpc:10.1.0.37:36109|dataStream:10.1.0.37:39359|priority:1|startupRole:FOLLOWER]|listeners:[], old=null, confs=<EMPTY_MAP>
2023-04-11 11:26:23,054 [pool-704-thread-1] INFO  server.RaftServerConfigKeys (ConfUtils.java:logGet(46)) - raft.server.storage.dir = [/home/runner/work/ozone/ozone/hadoop-ozone/integration-test/target/test-dir/MiniOzoneClusterImpl-96ac6092-8b7a-4e89-97e1-43be04ae58b3/datanode-0/data/ratis] (custom)
2023-04-11 11:26:23,054 [pool-704-thread-1] INFO  server.RaftServerConfigKeys (ConfUtils.java:logGet(46)) - raft.server.log.corruption.policy = EXCEPTION (default)
2023-04-11 11:26:23,054 [pool-704-thread-1] INFO  server.RaftServerConfigKeys (ConfUtils.java:logGet(46)) - raft.server.storage.free-space.min = 0MB (=0) (default)
2023-04-11 11:26:23,055 [pool-704-thread-1] INFO  server.RaftServerConfigKeys (ConfUtils.java:logGet(46)) - raft.server.notification.no-leader.timeout = 300s (custom)
2023-04-11 11:26:23,055 [pool-704-thread-1] INFO  server.RaftServerConfigKeys (ConfUtils.java:logGet(46)) - raft.server.retrycache.expirytime = 600000ms (custom)
2023-04-11 11:26:23,055 [pool-704-thread-1] INFO  server.RaftServerConfigKeys (ConfUtils.java:logGet(46)) - raft.server.retrycache.statistics.expirytime = 100μs (default)
2023-04-11 11:26:23,055 [pool-704-thread-1] INFO  server.RaftServerConfigKeys (ConfUtils.java:logGet(46)) - raft.server.log.appender.install.snapshot.enabled = false (custom)
2023-04-11 11:26:23,055 [pool-704-thread-1] INFO  server.RaftServerConfigKeys (ConfUtils.java:logGet(46)) - raft.server.threadpool.server.cached = true (default)
2023-04-11 11:26:23,055 [pool-704-thread-1] INFO  server.RaftServerConfigKeys (ConfUtils.java:logGet(46)) - raft.server.threadpool.server.size = 0 (default)
2023-04-11 11:26:23,055 [pool-704-thread-1] INFO  server.RaftServerConfigKeys (ConfUtils.java:logGet(46)) - raft.server.threadpool.client.cached = true (default)
2023-04-11 11:26:23,055 [pool-704-thread-1] INFO  server.RaftServerConfigKeys (ConfUtils.java:logGet(46)) - raft.server.threadpool.client.size = 0 (default)
2023-04-11 11:26:23,056 [pool-704-thread-1] INFO  storage.RaftStorageDirectory (RaftStorageDirectoryImpl.java:analyzeStorage(137)) - The storage directory /home/runner/work/ozone/ozone/hadoop-ozone/integration-test/target/test-dir/MiniOzoneClusterImpl-96ac6092-8b7a-4e89-97e1-43be04ae58b3/datanode-0/data/ratis/3faa5b13-5eb8-416a-9d63-5722abf77bc5 does not exist. Creating ...
2023-04-11 11:26:23,057 [pool-704-thread-1] INFO  storage.RaftStorageDirectory (RaftStorageDirectoryImpl.java:tryLock(231)) - Lock on /home/runner/work/ozone/ozone/hadoop-ozone/integration-test/target/test-dir/MiniOzoneClusterImpl-96ac6092-8b7a-4e89-97e1-43be04ae58b3/datanode-0/data/ratis/3faa5b13-5eb8-416a-9d63-5722abf77bc5/in_use.lock acquired by nodename 48974@fv-az590-525
2023-04-11 11:26:23,067 [pool-704-thread-1] INFO  storage.RaftStorage (RaftStorageImpl.java:format(96)) - Storage directory /home/runner/work/ozone/ozone/hadoop-ozone/integration-test/target/test-dir/MiniOzoneClusterImpl-96ac6092-8b7a-4e89-97e1-43be04ae58b3/datanode-0/data/ratis/3faa5b13-5eb8-416a-9d63-5722abf77bc5 has been successfully formatted.
2023-04-11 11:26:23,069 [pool-704-thread-1] INFO  ratis.ContainerStateMachine (ContainerStateMachine.java:loadSnapshot(262)) - group-5722ABF77BC5: The snapshot info is null. Setting the last applied indexto:(t:0, i:~)
2023-04-11 11:26:23,069 [pool-704-thread-1] INFO  server.RaftServerConfigKeys (ConfUtils.java:logGet(46)) - raft.server.log.use.memory = false (default)
2023-04-11 11:26:23,069 [pool-704-thread-1] INFO  server.RaftServerConfigKeys (ConfUtils.java:logGet(46)) - raft.server.log.purge.gap = 1000000 (custom)
2023-04-11 11:26:23,069 [pool-704-thread-1] INFO  server.RaftServerConfigKeys (ConfUtils.java:logGet(46)) - raft.server.log.appender.buffer.byte-limit = 33554432 (custom)
2023-04-11 11:26:23,069 [pool-704-thread-1] INFO  server.RaftServerConfigKeys (ConfUtils.java:logGet(46)) - raft.server.log.statemachine.data.read.timeout = 1000ms (default)
2023-04-11 11:26:23,069 [pool-704-thread-1] INFO  server.RaftServerConfigKeys (ConfUtils.java:logGet(46)) - raft.server.log.purge.preservation.log.num = 0 (default)
2023-04-11 11:26:23,070 [EventQueue-PipelineReportForPipelineReportHandler] INFO  pipeline.PipelineManagerImpl (PipelineManagerImpl.java:openPipeline(367)) - Pipeline Pipeline[ Id: 3faa5b13-5eb8-416a-9d63-5722abf77bc5, Nodes: 7b25ec04-6163-44ae-a7e6-933a1c4a9d86(fv-az590-525.scpgifznvsounmmscp2whtfmwe.cx.internal.cloudapp.net/10.1.0.37), ReplicationConfig: RATIS/ONE, State:ALLOCATED, leaderId:7b25ec04-6163-44ae-a7e6-933a1c4a9d86, CreationTimestamp2023-04-11T11:26:20.062Z[Etc/UTC]] moved to OPEN state
2023-04-11 11:26:23,070 [pool-704-thread-1] INFO  server.RaftServerConfigKeys (ConfUtils.java:logGet(46)) - raft.server.log.segment.size.max = 1048576 (custom)
2023-04-11 11:26:23,071 [pool-704-thread-1] INFO  server.RaftServerConfigKeys (ConfUtils.java:logGet(46)) - raft.server.log.segment.cache.num.max = 2 (custom)
2023-04-11 11:26:23,071 [pool-704-thread-1] INFO  server.RaftServerConfigKeys (ConfUtils.java:logGet(46)) - raft.server.log.segment.cache.size.max = 200MB (=209715200) (default)
2023-04-11 11:26:23,071 [pool-704-thread-1] INFO  segmented.SegmentedRaftLogWorker (SegmentedRaftLogWorker.java:<init>(189)) - new 7b25ec04-6163-44ae-a7e6-933a1c4a9d86@group-5722ABF77BC5-SegmentedRaftLogWorker for RaftStorageImpl:Storage Directory /home/runner/work/ozone/ozone/hadoop-ozone/integration-test/target/test-dir/MiniOzoneClusterImpl-96ac6092-8b7a-4e89-97e1-43be04ae58b3/datanode-0/data/ratis/3faa5b13-5eb8-416a-9d63-5722abf77bc5
2023-04-11 11:26:23,071 [pool-704-thread-1] INFO  server.RaftServerConfigKeys (ConfUtils.java:logGet(46)) - raft.server.log.queue.byte-limit = 4294967296 (custom)
2023-04-11 11:26:23,071 [pool-704-thread-1] INFO  server.RaftServerConfigKeys (ConfUtils.java:logGet(46)) - raft.server.log.queue.element-limit = 1024 (custom)
2023-04-11 11:26:23,071 [pool-704-thread-1] INFO  server.RaftServerConfigKeys (ConfUtils.java:logGet(46)) - raft.server.log.segment.size.max = 1048576 (custom)
2023-04-11 11:26:23,071 [pool-704-thread-1] INFO  server.RaftServerConfigKeys (ConfUtils.java:logGet(46)) - raft.server.log.preallocated.size = 16384 (custom)
2023-04-11 11:26:23,071 [pool-704-thread-1] INFO  server.RaftServerConfigKeys (ConfUtils.java:logGet(46)) - raft.server.log.force.sync.num = 128 (default)
2023-04-11 11:26:23,071 [pool-704-thread-1] INFO  server.RaftServerConfigKeys (ConfUtils.java:logGet(46)) - raft.server.log.statemachine.data.sync = true (default)
2023-04-11 11:26:23,071 [pool-704-thread-1] INFO  server.RaftServerConfigKeys (ConfUtils.java:logGet(46)) - raft.server.log.statemachine.data.sync.timeout = 10s (default)
2023-04-11 11:26:23,071 [pool-704-thread-1] INFO  server.RaftServerConfigKeys (ConfUtils.java:logGet(46)) - raft.server.log.statemachine.data.sync.timeout.retry = -1 (default)
2023-04-11 11:26:23,071 [pool-704-thread-1] INFO  server.RaftServerConfigKeys (ConfUtils.java:logGet(46)) - raft.server.log.write.buffer.size = 1048576 (custom)
2023-04-11 11:26:23,072 [pool-704-thread-1] INFO  server.RaftServerConfigKeys (ConfUtils.java:logGet(46)) - raft.server.log.appender.buffer.byte-limit = 33554432 (custom)
2023-04-11 11:26:23,078 [pool-704-thread-1] INFO  server.RaftServerConfigKeys (ConfUtils.java:logGet(46)) - raft.server.log.unsafe-flush.enabled = false (default)
2023-04-11 11:26:23,080 [pool-704-thread-1] INFO  server.RaftServerConfigKeys (ConfUtils.java:logGet(46)) - raft.server.log.async-flush.enabled = false (default)
2023-04-11 11:26:23,080 [pool-704-thread-1] INFO  server.RaftServerConfigKeys (ConfUtils.java:logGet(46)) - raft.server.log.statemachine.data.caching.enabled = true (custom)
2023-04-11 11:26:23,080 [EventQueue-OpenPipelineForHealthyPipelineSafeModeRule] INFO  safemode.SCMSafeModeManager (HealthyPipelineSafeModeRule.java:process(137)) - SCM in safe mode. Healthy pipelines reported count is 0, required healthy pipeline reported count is 1
2023-04-11 11:26:23,081 [pool-704-thread-1] INFO  segmented.SegmentedRaftLogWorker (SegmentedRaftLogWorker.java:lambda$new$0(135)) - 7b25ec04-6163-44ae-a7e6-933a1c4a9d86@group-5722ABF77BC5-SegmentedRaftLogWorker: flushIndex: setUnconditionally 0 -> -1
2023-04-11 11:26:23,081 [pool-704-thread-1] INFO  segmented.SegmentedRaftLogWorker (SegmentedRaftLogWorker.java:lambda$new$0(135)) - 7b25ec04-6163-44ae-a7e6-933a1c4a9d86@group-5722ABF77BC5-SegmentedRaftLogWorker: safeCacheEvictIndex: setUnconditionally 0 -> -1
2023-04-11 11:26:23,081 [pool-704-thread-1] INFO  server.RaftServer$Division (RaftServerImpl.java:start(334)) - 7b25ec04-6163-44ae-a7e6-933a1c4a9d86@group-5722ABF77BC5: start as a follower, conf=-1: peers:[7b25ec04-6163-44ae-a7e6-933a1c4a9d86|rpc:10.1.0.37:36109|dataStream:10.1.0.37:39359|priority:1|startupRole:FOLLOWER]|listeners:[], old=null
2023-04-11 11:26:23,081 [pool-704-thread-1] INFO  server.RaftServer$Division (RaftServerImpl.java:setRole(321)) - 7b25ec04-6163-44ae-a7e6-933a1c4a9d86@group-5722ABF77BC5: changes role from      null to FOLLOWER at term 0 for startAsFollower
2023-04-11 11:26:23,081 [pool-704-thread-1] INFO  impl.RoleInfo (RoleInfo.java:updateAndGet(139)) - 7b25ec04-6163-44ae-a7e6-933a1c4a9d86: start 7b25ec04-6163-44ae-a7e6-933a1c4a9d86@group-5722ABF77BC5-FollowerState
2023-04-11 11:26:23,081 [7b25ec04-6163-44ae-a7e6-933a1c4a9d86@group-5722ABF77BC5-FollowerState] INFO  server.RaftServerConfigKeys (ConfUtils.java:logFallback(53)) - raft.server.rpc.first-election.timeout.min = 5s (fallback to raft.server.rpc.timeout.min)
2023-04-11 11:26:23,081 [pool-704-thread-1] INFO  util.JmxRegister (JmxRegister.java:tryRegister(44)) - Successfully registered JMX Bean with object name Ratis:service=RaftServer,group=group-5722ABF77BC5,id=7b25ec04-6163-44ae-a7e6-933a1c4a9d86
2023-04-11 11:26:23,081 [pool-704-thread-1] INFO  server.RaftServerConfigKeys (ConfUtils.java:logGet(46)) - raft.server.snapshot.auto.trigger.enabled = true (custom)
2023-04-11 11:26:23,081 [pool-704-thread-1] INFO  server.RaftServerConfigKeys (ConfUtils.java:logGet(46)) - raft.server.snapshot.auto.trigger.threshold = 10000 (custom)
2023-04-11 11:26:23,082 [pool-704-thread-1] INFO  server.RaftServerConfigKeys (ConfUtils.java:logGet(46)) - raft.server.snapshot.retention.file.num = 5 (custom)
2023-04-11 11:26:23,082 [pool-704-thread-1] INFO  server.RaftServerConfigKeys (ConfUtils.java:logGet(46)) - raft.server.log.purge.upto.snapshot.index = false (default)
2023-04-11 11:26:23,081 [7b25ec04-6163-44ae-a7e6-933a1c4a9d86@group-5722ABF77BC5-FollowerState] INFO  server.RaftServerConfigKeys (ConfUtils.java:logFallback(53)) - raft.server.rpc.first-election.timeout.max = 5200ms (fallback to raft.server.rpc.timeout.max)
2023-04-11 11:26:23,082 [Command processor thread] INFO  ratis.XceiverServerRatis (XceiverServerRatis.java:addGroup(806)) - Created group PipelineID=3faa5b13-5eb8-416a-9d63-5722abf77bc5
2023-04-11 11:26:23,082 [Command processor thread] INFO  commandhandler.CreatePipelineCommandHandler (CreatePipelineCommandHandler.java:handle(113)) - Created Pipeline RATIS ONE PipelineID=3faa5b13-5eb8-416a-9d63-5722abf77bc5.
2023-04-11 11:26:23,082 [Command processor thread] INFO  server.RaftServer (RaftServerProxy.java:addNew(96)) - 7b25ec04-6163-44ae-a7e6-933a1c4a9d86: addNew group-D8A3DF9248B6:[4d790031-0a50-4ffd-b1f5-2ef434e1e7d9|rpc:10.1.0.37:43649|dataStream:10.1.0.37:46225|priority:0|startupRole:FOLLOWER, 7b25ec04-6163-44ae-a7e6-933a1c4a9d86|rpc:10.1.0.37:36109|dataStream:10.1.0.37:39359|priority:0|startupRole:FOLLOWER, caa308e7-95fe-4c5f-9440-a942b893081e|rpc:10.1.0.37:35655|dataStream:10.1.0.37:42291|priority:1|startupRole:FOLLOWER] returns group-D8A3DF9248B6:java.util.concurrent.CompletableFuture@68ab1de[Not completed]
2023-04-11 11:26:23,083 [pool-704-thread-1] INFO  server.RaftServer$Division (RaftServerImpl.java:<init>(195)) - 7b25ec04-6163-44ae-a7e6-933a1c4a9d86: new RaftServerImpl for group-D8A3DF9248B6:[4d790031-0a50-4ffd-b1f5-2ef434e1e7d9|rpc:10.1.0.37:43649|dataStream:10.1.0.37:46225|priority:0|startupRole:FOLLOWER, 7b25ec04-6163-44ae-a7e6-933a1c4a9d86|rpc:10.1.0.37:36109|dataStream:10.1.0.37:39359|priority:0|startupRole:FOLLOWER, caa308e7-95fe-4c5f-9440-a942b893081e|rpc:10.1.0.37:35655|dataStream:10.1.0.37:42291|priority:1|startupRole:FOLLOWER] with ContainerStateMachine:uninitialized
2023-04-11 11:26:23,085 [pool-704-thread-1] INFO  server.RaftServerConfigKeys (ConfUtils.java:logGet(46)) - raft.server.rpc.timeout.min = 5s (custom)
2023-04-11 11:26:23,085 [pool-704-thread-1] INFO  server.RaftServerConfigKeys (ConfUtils.java:logGet(46)) - raft.server.rpc.timeout.max = 5200ms (custom)
2023-04-11 11:26:23,085 [pool-704-thread-1] INFO  server.RaftServerConfigKeys (ConfUtils.java:logGet(46)) - raft.server.rpc.sleep.time = 25ms (default)
2023-04-11 11:26:23,085 [pool-704-thread-1] INFO  server.RaftServerConfigKeys (ConfUtils.java:logGet(46)) - raft.server.rpc.slowness.timeout = 300s (custom)
2023-04-11 11:26:23,085 [pool-704-thread-1] INFO  server.RaftServerConfigKeys (ConfUtils.java:logGet(46)) - raft.server.leaderelection.leader.step-down.wait-time = 10s (default)
2023-04-11 11:26:23,085 [pool-704-thread-1] INFO  server.RaftServerConfigKeys (ConfUtils.java:logGet(46)) - raft.server.sleep.deviation.threshold = 300ms (default)
2023-04-11 11:26:23,085 [pool-704-thread-1] INFO  server.RaftServer$Division (ServerState.java:<init>(118)) - 7b25ec04-6163-44ae-a7e6-933a1c4a9d86@group-D8A3DF9248B6: ConfigurationManager, init=-1: peers:[4d790031-0a50-4ffd-b1f5-2ef434e1e7d9|rpc:10.1.0.37:43649|dataStream:10.1.0.37:46225|priority:0|startupRole:FOLLOWER, 7b25ec04-6163-44ae-a7e6-933a1c4a9d86|rpc:10.1.0.37:36109|dataStream:10.1.0.37:39359|priority:0|startupRole:FOLLOWER, caa308e7-95fe-4c5f-9440-a942b893081e|rpc:10.1.0.37:35655|dataStream:10.1.0.37:42291|priority:1|startupRole:FOLLOWER]|listeners:[], old=null, confs=<EMPTY_MAP>
2023-04-11 11:26:23,085 [pool-704-thread-1] INFO  server.RaftServerConfigKeys (ConfUtils.java:logGet(46)) - raft.server.storage.dir = [/home/runner/work/ozone/ozone/hadoop-ozone/integration-test/target/test-dir/MiniOzoneClusterImpl-96ac6092-8b7a-4e89-97e1-43be04ae58b3/datanode-0/data/ratis] (custom)
2023-04-11 11:26:23,085 [pool-704-thread-1] INFO  server.RaftServerConfigKeys (ConfUtils.java:logGet(46)) - raft.server.log.corruption.policy = EXCEPTION (default)
2023-04-11 11:26:23,085 [pool-704-thread-1] INFO  server.RaftServerConfigKeys (ConfUtils.java:logGet(46)) - raft.server.storage.free-space.min = 0MB (=0) (default)
2023-04-11 11:26:23,085 [pool-704-thread-1] INFO  server.RaftServerConfigKeys (ConfUtils.java:logGet(46)) - raft.server.notification.no-leader.timeout = 300s (custom)
2023-04-11 11:26:23,086 [pool-704-thread-1] INFO  server.RaftServerConfigKeys (ConfUtils.java:logGet(46)) - raft.server.retrycache.expirytime = 600000ms (custom)
2023-04-11 11:26:23,086 [pool-704-thread-1] INFO  server.RaftServerConfigKeys (ConfUtils.java:logGet(46)) - raft.server.retrycache.statistics.expirytime = 100μs (default)
2023-04-11 11:26:23,086 [pool-704-thread-1] INFO  server.RaftServerConfigKeys (ConfUtils.java:logGet(46)) - raft.server.log.appender.install.snapshot.enabled = false (custom)
2023-04-11 11:26:23,086 [pool-704-thread-1] INFO  server.RaftServerConfigKeys (ConfUtils.java:logGet(46)) - raft.server.threadpool.server.cached = true (default)
2023-04-11 11:26:23,086 [pool-704-thread-1] INFO  server.RaftServerConfigKeys (ConfUtils.java:logGet(46)) - raft.server.threadpool.server.size = 0 (default)
2023-04-11 11:26:23,086 [pool-704-thread-1] INFO  server.RaftServerConfigKeys (ConfUtils.java:logGet(46)) - raft.server.threadpool.client.cached = true (default)
2023-04-11 11:26:23,086 [pool-704-thread-1] INFO  server.RaftServerConfigKeys (ConfUtils.java:logGet(46)) - raft.server.threadpool.client.size = 0 (default)
2023-04-11 11:26:23,086 [pool-704-thread-1] INFO  storage.RaftStorageDirectory (RaftStorageDirectoryImpl.java:analyzeStorage(137)) - The storage directory /home/runner/work/ozone/ozone/hadoop-ozone/integration-test/target/test-dir/MiniOzoneClusterImpl-96ac6092-8b7a-4e89-97e1-43be04ae58b3/datanode-0/data/ratis/023a1df3-8ffc-46ba-a79e-d8a3df9248b6 does not exist. Creating ...
2023-04-11 11:26:23,087 [pool-704-thread-1] INFO  storage.RaftStorageDirectory (RaftStorageDirectoryImpl.java:tryLock(231)) - Lock on /home/runner/work/ozone/ozone/hadoop-ozone/integration-test/target/test-dir/MiniOzoneClusterImpl-96ac6092-8b7a-4e89-97e1-43be04ae58b3/datanode-0/data/ratis/023a1df3-8ffc-46ba-a79e-d8a3df9248b6/in_use.lock acquired by nodename 48974@fv-az590-525
2023-04-11 11:26:23,090 [pool-704-thread-1] INFO  storage.RaftStorage (RaftStorageImpl.java:format(96)) - Storage directory /home/runner/work/ozone/ozone/hadoop-ozone/integration-test/target/test-dir/MiniOzoneClusterImpl-96ac6092-8b7a-4e89-97e1-43be04ae58b3/datanode-0/data/ratis/023a1df3-8ffc-46ba-a79e-d8a3df9248b6 has been successfully formatted.
2023-04-11 11:26:23,090 [pool-704-thread-1] INFO  ratis.ContainerStateMachine (ContainerStateMachine.java:loadSnapshot(262)) - group-D8A3DF9248B6: The snapshot info is null. Setting the last applied indexto:(t:0, i:~)
2023-04-11 11:26:23,090 [pool-704-thread-1] INFO  server.RaftServerConfigKeys (ConfUtils.java:logGet(46)) - raft.server.log.use.memory = false (default)
2023-04-11 11:26:23,090 [pool-704-thread-1] INFO  server.RaftServerConfigKeys (ConfUtils.java:logGet(46)) - raft.server.log.purge.gap = 1000000 (custom)
2023-04-11 11:26:23,090 [pool-704-thread-1] INFO  server.RaftServerConfigKeys (ConfUtils.java:logGet(46)) - raft.server.log.appender.buffer.byte-limit = 33554432 (custom)
2023-04-11 11:26:23,090 [pool-704-thread-1] INFO  server.RaftServerConfigKeys (ConfUtils.java:logGet(46)) - raft.server.log.statemachine.data.read.timeout = 1000ms (default)
2023-04-11 11:26:23,090 [pool-704-thread-1] INFO  server.RaftServerConfigKeys (ConfUtils.java:logGet(46)) - raft.server.log.purge.preservation.log.num = 0 (default)
2023-04-11 11:26:23,090 [pool-704-thread-1] INFO  server.RaftServerConfigKeys (ConfUtils.java:logGet(46)) - raft.server.log.segment.size.max = 1048576 (custom)
2023-04-11 11:26:23,091 [EventQueue-OpenPipelineForHealthyPipelineSafeModeRule] INFO  safemode.SCMSafeModeManager (HealthyPipelineSafeModeRule.java:process(137)) - SCM in safe mode. Healthy pipelines reported count is 0, required healthy pipeline reported count is 1
2023-04-11 11:26:23,091 [pool-704-thread-1] INFO  server.RaftServerConfigKeys (ConfUtils.java:logGet(46)) - raft.server.log.segment.cache.num.max = 2 (custom)
2023-04-11 11:26:23,091 [pool-704-thread-1] INFO  server.RaftServerConfigKeys (ConfUtils.java:logGet(46)) - raft.server.log.segment.cache.size.max = 200MB (=209715200) (default)
2023-04-11 11:26:23,091 [pool-704-thread-1] INFO  segmented.SegmentedRaftLogWorker (SegmentedRaftLogWorker.java:<init>(189)) - new 7b25ec04-6163-44ae-a7e6-933a1c4a9d86@group-D8A3DF9248B6-SegmentedRaftLogWorker for RaftStorageImpl:Storage Directory /home/runner/work/ozone/ozone/hadoop-ozone/integration-test/target/test-dir/MiniOzoneClusterImpl-96ac6092-8b7a-4e89-97e1-43be04ae58b3/datanode-0/data/ratis/023a1df3-8ffc-46ba-a79e-d8a3df9248b6
2023-04-11 11:26:23,091 [pool-704-thread-1] INFO  server.RaftServerConfigKeys (ConfUtils.java:logGet(46)) - raft.server.log.queue.byte-limit = 4294967296 (custom)
2023-04-11 11:26:23,091 [pool-704-thread-1] INFO  server.RaftServerConfigKeys (ConfUtils.java:logGet(46)) - raft.server.log.queue.element-limit = 1024 (custom)
2023-04-11 11:26:23,091 [pool-704-thread-1] INFO  server.RaftServerConfigKeys (ConfUtils.java:logGet(46)) - raft.server.log.segment.size.max = 1048576 (custom)
2023-04-11 11:26:23,091 [pool-704-thread-1] INFO  server.RaftServerConfigKeys (ConfUtils.java:logGet(46)) - raft.server.log.preallocated.size = 16384 (custom)
2023-04-11 11:26:23,092 [pool-704-thread-1] INFO  server.RaftServerConfigKeys (ConfUtils.java:logGet(46)) - raft.server.log.force.sync.num = 128 (default)
2023-04-11 11:26:23,092 [pool-704-thread-1] INFO  server.RaftServerConfigKeys (ConfUtils.java:logGet(46)) - raft.server.log.statemachine.data.sync = true (default)
2023-04-11 11:26:23,092 [pool-704-thread-1] INFO  server.RaftServerConfigKeys (ConfUtils.java:logGet(46)) - raft.server.log.statemachine.data.sync.timeout = 10s (default)
2023-04-11 11:26:23,092 [pool-704-thread-1] INFO  server.RaftServerConfigKeys (ConfUtils.java:logGet(46)) - raft.server.log.statemachine.data.sync.timeout.retry = -1 (default)
2023-04-11 11:26:23,092 [pool-704-thread-1] INFO  server.RaftServerConfigKeys (ConfUtils.java:logGet(46)) - raft.server.log.write.buffer.size = 1048576 (custom)
2023-04-11 11:26:23,092 [pool-704-thread-1] INFO  server.RaftServerConfigKeys (ConfUtils.java:logGet(46)) - raft.server.log.appender.buffer.byte-limit = 33554432 (custom)
2023-04-11 11:26:23,097 [pool-704-thread-1] INFO  server.RaftServerConfigKeys (ConfUtils.java:logGet(46)) - raft.server.log.unsafe-flush.enabled = false (default)
2023-04-11 11:26:23,097 [pool-704-thread-1] INFO  server.RaftServerConfigKeys (ConfUtils.java:logGet(46)) - raft.server.log.async-flush.enabled = false (default)
2023-04-11 11:26:23,097 [pool-704-thread-1] INFO  server.RaftServerConfigKeys (ConfUtils.java:logGet(46)) - raft.server.log.statemachine.data.caching.enabled = true (custom)
2023-04-11 11:26:23,097 [pool-704-thread-1] INFO  segmented.SegmentedRaftLogWorker (SegmentedRaftLogWorker.java:lambda$new$0(135)) - 7b25ec04-6163-44ae-a7e6-933a1c4a9d86@group-D8A3DF9248B6-SegmentedRaftLogWorker: flushIndex: setUnconditionally 0 -> -1
2023-04-11 11:26:23,097 [pool-704-thread-1] INFO  segmented.SegmentedRaftLogWorker (SegmentedRaftLogWorker.java:lambda$new$0(135)) - 7b25ec04-6163-44ae-a7e6-933a1c4a9d86@group-D8A3DF9248B6-SegmentedRaftLogWorker: safeCacheEvictIndex: setUnconditionally 0 -> -1
2023-04-11 11:26:23,098 [pool-704-thread-1] INFO  server.RaftServer$Division (RaftServerImpl.java:start(334)) - 7b25ec04-6163-44ae-a7e6-933a1c4a9d86@group-D8A3DF9248B6: start as a follower, conf=-1: peers:[4d790031-0a50-4ffd-b1f5-2ef434e1e7d9|rpc:10.1.0.37:43649|dataStream:10.1.0.37:46225|priority:0|startupRole:FOLLOWER, 7b25ec04-6163-44ae-a7e6-933a1c4a9d86|rpc:10.1.0.37:36109|dataStream:10.1.0.37:39359|priority:0|startupRole:FOLLOWER, caa308e7-95fe-4c5f-9440-a942b893081e|rpc:10.1.0.37:35655|dataStream:10.1.0.37:42291|priority:1|startupRole:FOLLOWER]|listeners:[], old=null
2023-04-11 11:26:23,098 [pool-704-thread-1] INFO  server.RaftServer$Division (RaftServerImpl.java:setRole(321)) - 7b25ec04-6163-44ae-a7e6-933a1c4a9d86@group-D8A3DF9248B6: changes role from      null to FOLLOWER at term 0 for startAsFollower
2023-04-11 11:26:23,098 [pool-704-thread-1] INFO  impl.RoleInfo (RoleInfo.java:updateAndGet(139)) - 7b25ec04-6163-44ae-a7e6-933a1c4a9d86: start 7b25ec04-6163-44ae-a7e6-933a1c4a9d86@group-D8A3DF9248B6-FollowerState
2023-04-11 11:26:23,098 [7b25ec04-6163-44ae-a7e6-933a1c4a9d86@group-D8A3DF9248B6-FollowerState] INFO  server.RaftServerConfigKeys (ConfUtils.java:logFallback(53)) - raft.server.rpc.first-election.timeout.min = 5s (fallback to raft.server.rpc.timeout.min)
2023-04-11 11:26:23,098 [pool-704-thread-1] INFO  util.JmxRegister (JmxRegister.java:tryRegister(44)) - Successfully registered JMX Bean with object name Ratis:service=RaftServer,group=group-D8A3DF9248B6,id=7b25ec04-6163-44ae-a7e6-933a1c4a9d86
2023-04-11 11:26:23,098 [7b25ec04-6163-44ae-a7e6-933a1c4a9d86@group-D8A3DF9248B6-FollowerState] INFO  server.RaftServerConfigKeys (ConfUtils.java:logFallback(53)) - raft.server.rpc.first-election.timeout.max = 5200ms (fallback to raft.server.rpc.timeout.max)
2023-04-11 11:26:23,098 [pool-704-thread-1] INFO  server.RaftServerConfigKeys (ConfUtils.java:logGet(46)) - raft.server.snapshot.auto.trigger.enabled = true (custom)
2023-04-11 11:26:23,099 [pool-704-thread-1] INFO  server.RaftServerConfigKeys (ConfUtils.java:logGet(46)) - raft.server.snapshot.auto.trigger.threshold = 10000 (custom)
2023-04-11 11:26:23,099 [pool-704-thread-1] INFO  server.RaftServerConfigKeys (ConfUtils.java:logGet(46)) - raft.server.snapshot.retention.file.num = 5 (custom)
2023-04-11 11:26:23,099 [pool-704-thread-1] INFO  server.RaftServerConfigKeys (ConfUtils.java:logGet(46)) - raft.server.log.purge.upto.snapshot.index = false (default)
2023-04-11 11:26:23,100 [Command processor thread] INFO  ratis.XceiverServerRatis (XceiverServerRatis.java:addGroup(806)) - Created group PipelineID=023a1df3-8ffc-46ba-a79e-d8a3df9248b6
2023-04-11 11:26:23,117 [grpc-default-executor-0] INFO  server.RaftServer (RaftServerProxy.java:addNew(96)) - caa308e7-95fe-4c5f-9440-a942b893081e: addNew group-D8A3DF9248B6:[4d790031-0a50-4ffd-b1f5-2ef434e1e7d9|rpc:10.1.0.37:43649|dataStream:10.1.0.37:46225|priority:0|startupRole:FOLLOWER, 7b25ec04-6163-44ae-a7e6-933a1c4a9d86|rpc:10.1.0.37:36109|dataStream:10.1.0.37:39359|priority:0|startupRole:FOLLOWER, caa308e7-95fe-4c5f-9440-a942b893081e|rpc:10.1.0.37:35655|dataStream:10.1.0.37:42291|priority:1|startupRole:FOLLOWER] returns group-D8A3DF9248B6:java.util.concurrent.CompletableFuture@165df52c[Not completed]
2023-04-11 11:26:23,118 [pool-748-thread-1] INFO  server.RaftServer$Division (RaftServerImpl.java:<init>(195)) - caa308e7-95fe-4c5f-9440-a942b893081e: new RaftServerImpl for group-D8A3DF9248B6:[4d790031-0a50-4ffd-b1f5-2ef434e1e7d9|rpc:10.1.0.37:43649|dataStream:10.1.0.37:46225|priority:0|startupRole:FOLLOWER, 7b25ec04-6163-44ae-a7e6-933a1c4a9d86|rpc:10.1.0.37:36109|dataStream:10.1.0.37:39359|priority:0|startupRole:FOLLOWER, caa308e7-95fe-4c5f-9440-a942b893081e|rpc:10.1.0.37:35655|dataStream:10.1.0.37:42291|priority:1|startupRole:FOLLOWER] with ContainerStateMachine:uninitialized
2023-04-11 11:26:23,118 [pool-748-thread-1] INFO  server.RaftServerConfigKeys (ConfUtils.java:logGet(46)) - raft.server.rpc.timeout.min = 5s (custom)
2023-04-11 11:26:23,118 [pool-748-thread-1] INFO  server.RaftServerConfigKeys (ConfUtils.java:logGet(46)) - raft.server.rpc.timeout.max = 5200ms (custom)
2023-04-11 11:26:23,118 [pool-748-thread-1] INFO  server.RaftServerConfigKeys (ConfUtils.java:logGet(46)) - raft.server.rpc.sleep.time = 25ms (default)
2023-04-11 11:26:23,118 [pool-748-thread-1] INFO  server.RaftServerConfigKeys (ConfUtils.java:logGet(46)) - raft.server.rpc.slowness.timeout = 300s (custom)
2023-04-11 11:26:23,118 [pool-748-thread-1] INFO  server.RaftServerConfigKeys (ConfUtils.java:logGet(46)) - raft.server.leaderelection.leader.step-down.wait-time = 10s (default)
2023-04-11 11:26:23,118 [pool-748-thread-1] INFO  server.RaftServerConfigKeys (ConfUtils.java:logGet(46)) - raft.server.sleep.deviation.threshold = 300ms (default)
2023-04-11 11:26:23,118 [pool-748-thread-1] INFO  server.RaftServer$Division (ServerState.java:<init>(118)) - caa308e7-95fe-4c5f-9440-a942b893081e@group-D8A3DF9248B6: ConfigurationManager, init=-1: peers:[4d790031-0a50-4ffd-b1f5-2ef434e1e7d9|rpc:10.1.0.37:43649|dataStream:10.1.0.37:46225|priority:0|startupRole:FOLLOWER, 7b25ec04-6163-44ae-a7e6-933a1c4a9d86|rpc:10.1.0.37:36109|dataStream:10.1.0.37:39359|priority:0|startupRole:FOLLOWER, caa308e7-95fe-4c5f-9440-a942b893081e|rpc:10.1.0.37:35655|dataStream:10.1.0.37:42291|priority:1|startupRole:FOLLOWER]|listeners:[], old=null, confs=<EMPTY_MAP>
2023-04-11 11:26:23,118 [pool-748-thread-1] INFO  server.RaftServerConfigKeys (ConfUtils.java:logGet(46)) - raft.server.storage.dir = [/home/runner/work/ozone/ozone/hadoop-ozone/integration-test/target/test-dir/MiniOzoneClusterImpl-96ac6092-8b7a-4e89-97e1-43be04ae58b3/datanode-2/data/ratis] (custom)
2023-04-11 11:26:23,118 [pool-748-thread-1] INFO  server.RaftServerConfigKeys (ConfUtils.java:logGet(46)) - raft.server.log.corruption.policy = EXCEPTION (default)
2023-04-11 11:26:23,118 [pool-748-thread-1] INFO  server.RaftServerConfigKeys (ConfUtils.java:logGet(46)) - raft.server.storage.free-space.min = 0MB (=0) (default)
2023-04-11 11:26:23,119 [pool-748-thread-1] INFO  server.RaftServerConfigKeys (ConfUtils.java:logGet(46)) - raft.server.notification.no-leader.timeout = 300s (custom)
2023-04-11 11:26:23,119 [pool-748-thread-1] INFO  server.RaftServerConfigKeys (ConfUtils.java:logGet(46)) - raft.server.retrycache.expirytime = 600000ms (custom)
2023-04-11 11:26:23,119 [pool-748-thread-1] INFO  server.RaftServerConfigKeys (ConfUtils.java:logGet(46)) - raft.server.retrycache.statistics.expirytime = 100μs (default)
2023-04-11 11:26:23,119 [pool-748-thread-1] INFO  server.RaftServerConfigKeys (ConfUtils.java:logGet(46)) - raft.server.log.appender.install.snapshot.enabled = false (custom)
2023-04-11 11:26:23,119 [pool-748-thread-1] INFO  server.RaftServerConfigKeys (ConfUtils.java:logGet(46)) - raft.server.threadpool.server.cached = true (default)
2023-04-11 11:26:23,119 [pool-748-thread-1] INFO  server.RaftServerConfigKeys (ConfUtils.java:logGet(46)) - raft.server.threadpool.server.size = 0 (default)
2023-04-11 11:26:23,119 [pool-748-thread-1] INFO  server.RaftServerConfigKeys (ConfUtils.java:logGet(46)) - raft.server.threadpool.client.cached = true (default)
2023-04-11 11:26:23,119 [pool-748-thread-1] INFO  server.RaftServerConfigKeys (ConfUtils.java:logGet(46)) - raft.server.threadpool.client.size = 0 (default)
2023-04-11 11:26:23,119 [pool-748-thread-1] INFO  storage.RaftStorageDirectory (RaftStorageDirectoryImpl.java:analyzeStorage(137)) - The storage directory /home/runner/work/ozone/ozone/hadoop-ozone/integration-test/target/test-dir/MiniOzoneClusterImpl-96ac6092-8b7a-4e89-97e1-43be04ae58b3/datanode-2/data/ratis/023a1df3-8ffc-46ba-a79e-d8a3df9248b6 does not exist. Creating ...
2023-04-11 11:26:23,120 [pool-748-thread-1] INFO  storage.RaftStorageDirectory (RaftStorageDirectoryImpl.java:tryLock(231)) - Lock on /home/runner/work/ozone/ozone/hadoop-ozone/integration-test/target/test-dir/MiniOzoneClusterImpl-96ac6092-8b7a-4e89-97e1-43be04ae58b3/datanode-2/data/ratis/023a1df3-8ffc-46ba-a79e-d8a3df9248b6/in_use.lock acquired by nodename 48974@fv-az590-525
2023-04-11 11:26:23,122 [pool-748-thread-1] INFO  storage.RaftStorage (RaftStorageImpl.java:format(96)) - Storage directory /home/runner/work/ozone/ozone/hadoop-ozone/integration-test/target/test-dir/MiniOzoneClusterImpl-96ac6092-8b7a-4e89-97e1-43be04ae58b3/datanode-2/data/ratis/023a1df3-8ffc-46ba-a79e-d8a3df9248b6 has been successfully formatted.
2023-04-11 11:26:23,123 [pool-748-thread-1] INFO  ratis.ContainerStateMachine (ContainerStateMachine.java:loadSnapshot(262)) - group-D8A3DF9248B6: The snapshot info is null. Setting the last applied indexto:(t:0, i:~)
2023-04-11 11:26:23,123 [pool-748-thread-1] INFO  server.RaftServerConfigKeys (ConfUtils.java:logGet(46)) - raft.server.log.use.memory = false (default)
2023-04-11 11:26:23,123 [pool-748-thread-1] INFO  server.RaftServerConfigKeys (ConfUtils.java:logGet(46)) - raft.server.log.purge.gap = 1000000 (custom)
2023-04-11 11:26:23,123 [pool-748-thread-1] INFO  server.RaftServerConfigKeys (ConfUtils.java:logGet(46)) - raft.server.log.appender.buffer.byte-limit = 33554432 (custom)
2023-04-11 11:26:23,123 [pool-748-thread-1] INFO  server.RaftServerConfigKeys (ConfUtils.java:logGet(46)) - raft.server.log.statemachine.data.read.timeout = 1000ms (default)
2023-04-11 11:26:23,123 [pool-748-thread-1] INFO  server.RaftServerConfigKeys (ConfUtils.java:logGet(46)) - raft.server.log.purge.preservation.log.num = 0 (default)
2023-04-11 11:26:23,123 [pool-748-thread-1] INFO  server.RaftServerConfigKeys (ConfUtils.java:logGet(46)) - raft.server.log.segment.size.max = 1048576 (custom)
2023-04-11 11:26:23,123 [pool-748-thread-1] INFO  server.RaftServerConfigKeys (ConfUtils.java:logGet(46)) - raft.server.log.segment.cache.num.max = 2 (custom)
2023-04-11 11:26:23,123 [pool-748-thread-1] INFO  server.RaftServerConfigKeys (ConfUtils.java:logGet(46)) - raft.server.log.segment.cache.size.max = 200MB (=209715200) (default)
2023-04-11 11:26:23,123 [pool-748-thread-1] INFO  segmented.SegmentedRaftLogWorker (SegmentedRaftLogWorker.java:<init>(189)) - new caa308e7-95fe-4c5f-9440-a942b893081e@group-D8A3DF9248B6-SegmentedRaftLogWorker for RaftStorageImpl:Storage Directory /home/runner/work/ozone/ozone/hadoop-ozone/integration-test/target/test-dir/MiniOzoneClusterImpl-96ac6092-8b7a-4e89-97e1-43be04ae58b3/datanode-2/data/ratis/023a1df3-8ffc-46ba-a79e-d8a3df9248b6
2023-04-11 11:26:23,124 [pool-748-thread-1] INFO  server.RaftServerConfigKeys (ConfUtils.java:logGet(46)) - raft.server.log.queue.byte-limit = 4294967296 (custom)
2023-04-11 11:26:23,124 [pool-748-thread-1] INFO  server.RaftServerConfigKeys (ConfUtils.java:logGet(46)) - raft.server.log.queue.element-limit = 1024 (custom)
2023-04-11 11:26:23,124 [pool-748-thread-1] INFO  server.RaftServerConfigKeys (ConfUtils.java:logGet(46)) - raft.server.log.segment.size.max = 1048576 (custom)
2023-04-11 11:26:23,124 [pool-748-thread-1] INFO  server.RaftServerConfigKeys (ConfUtils.java:logGet(46)) - raft.server.log.preallocated.size = 16384 (custom)
2023-04-11 11:26:23,124 [pool-748-thread-1] INFO  server.RaftServerConfigKeys (ConfUtils.java:logGet(46)) - raft.server.log.force.sync.num = 128 (default)
2023-04-11 11:26:23,124 [pool-748-thread-1] INFO  server.RaftServerConfigKeys (ConfUtils.java:logGet(46)) - raft.server.log.statemachine.data.sync = true (default)
2023-04-11 11:26:23,124 [pool-748-thread-1] INFO  server.RaftServerConfigKeys (ConfUtils.java:logGet(46)) - raft.server.log.statemachine.data.sync.timeout = 10s (default)
2023-04-11 11:26:23,124 [pool-748-thread-1] INFO  server.RaftServerConfigKeys (ConfUtils.java:logGet(46)) - raft.server.log.statemachine.data.sync.timeout.retry = -1 (default)
2023-04-11 11:26:23,127 [pool-748-thread-1] INFO  server.RaftServerConfigKeys (ConfUtils.java:logGet(46)) - raft.server.log.write.buffer.size = 1048576 (custom)
2023-04-11 11:26:23,127 [pool-748-thread-1] INFO  server.RaftServerConfigKeys (ConfUtils.java:logGet(46)) - raft.server.log.appender.buffer.byte-limit = 33554432 (custom)
2023-04-11 11:26:23,133 [pool-748-thread-1] INFO  server.RaftServerConfigKeys (ConfUtils.java:logGet(46)) - raft.server.log.unsafe-flush.enabled = false (default)
2023-04-11 11:26:23,133 [pool-748-thread-1] INFO  server.RaftServerConfigKeys (ConfUtils.java:logGet(46)) - raft.server.log.async-flush.enabled = false (default)
2023-04-11 11:26:23,133 [pool-748-thread-1] INFO  server.RaftServerConfigKeys (ConfUtils.java:logGet(46)) - raft.server.log.statemachine.data.caching.enabled = true (custom)
2023-04-11 11:26:23,133 [pool-748-thread-1] INFO  segmented.SegmentedRaftLogWorker (SegmentedRaftLogWorker.java:lambda$new$0(135)) - caa308e7-95fe-4c5f-9440-a942b893081e@group-D8A3DF9248B6-SegmentedRaftLogWorker: flushIndex: setUnconditionally 0 -> -1
2023-04-11 11:26:23,133 [pool-748-thread-1] INFO  segmented.SegmentedRaftLogWorker (SegmentedRaftLogWorker.java:lambda$new$0(135)) - caa308e7-95fe-4c5f-9440-a942b893081e@group-D8A3DF9248B6-SegmentedRaftLogWorker: safeCacheEvictIndex: setUnconditionally 0 -> -1
2023-04-11 11:26:23,137 [pool-748-thread-1] INFO  server.RaftServer$Division (RaftServerImpl.java:start(334)) - caa308e7-95fe-4c5f-9440-a942b893081e@group-D8A3DF9248B6: start as a follower, conf=-1: peers:[4d790031-0a50-4ffd-b1f5-2ef434e1e7d9|rpc:10.1.0.37:43649|dataStream:10.1.0.37:46225|priority:0|startupRole:FOLLOWER, 7b25ec04-6163-44ae-a7e6-933a1c4a9d86|rpc:10.1.0.37:36109|dataStream:10.1.0.37:39359|priority:0|startupRole:FOLLOWER, caa308e7-95fe-4c5f-9440-a942b893081e|rpc:10.1.0.37:35655|dataStream:10.1.0.37:42291|priority:1|startupRole:FOLLOWER]|listeners:[], old=null
2023-04-11 11:26:23,137 [pool-748-thread-1] INFO  server.RaftServer$Division (RaftServerImpl.java:setRole(321)) - caa308e7-95fe-4c5f-9440-a942b893081e@group-D8A3DF9248B6: changes role from      null to FOLLOWER at term 0 for startAsFollower
2023-04-11 11:26:23,137 [pool-748-thread-1] INFO  impl.RoleInfo (RoleInfo.java:updateAndGet(139)) - caa308e7-95fe-4c5f-9440-a942b893081e: start caa308e7-95fe-4c5f-9440-a942b893081e@group-D8A3DF9248B6-FollowerState
2023-04-11 11:26:23,137 [pool-748-thread-1] INFO  util.JmxRegister (JmxRegister.java:tryRegister(44)) - Successfully registered JMX Bean with object name Ratis:service=RaftServer,group=group-D8A3DF9248B6,id=caa308e7-95fe-4c5f-9440-a942b893081e
2023-04-11 11:26:23,137 [pool-748-thread-1] INFO  server.RaftServerConfigKeys (ConfUtils.java:logGet(46)) - raft.server.snapshot.auto.trigger.enabled = true (custom)
2023-04-11 11:26:23,137 [pool-748-thread-1] INFO  server.RaftServerConfigKeys (ConfUtils.java:logGet(46)) - raft.server.snapshot.auto.trigger.threshold = 10000 (custom)
2023-04-11 11:26:23,137 [pool-748-thread-1] INFO  server.RaftServerConfigKeys (ConfUtils.java:logGet(46)) - raft.server.snapshot.retention.file.num = 5 (custom)
2023-04-11 11:26:23,137 [pool-748-thread-1] INFO  server.RaftServerConfigKeys (ConfUtils.java:logGet(46)) - raft.server.log.purge.upto.snapshot.index = false (default)
2023-04-11 11:26:23,138 [caa308e7-95fe-4c5f-9440-a942b893081e@group-D8A3DF9248B6-FollowerState] INFO  server.RaftServerConfigKeys (ConfUtils.java:logFallback(53)) - raft.server.rpc.first-election.timeout.min = 5s (fallback to raft.server.rpc.timeout.min)
2023-04-11 11:26:23,138 [caa308e7-95fe-4c5f-9440-a942b893081e@group-D8A3DF9248B6-FollowerState] INFO  server.RaftServerConfigKeys (ConfUtils.java:logFallback(53)) - raft.server.rpc.first-election.timeout.max = 5200ms (fallback to raft.server.rpc.timeout.max)
2023-04-11 11:26:23,154 [grpc-default-executor-0] INFO  server.RaftServer (RaftServerProxy.java:addNew(96)) - 4d790031-0a50-4ffd-b1f5-2ef434e1e7d9: addNew group-D8A3DF9248B6:[4d790031-0a50-4ffd-b1f5-2ef434e1e7d9|rpc:10.1.0.37:43649|dataStream:10.1.0.37:46225|priority:0|startupRole:FOLLOWER, 7b25ec04-6163-44ae-a7e6-933a1c4a9d86|rpc:10.1.0.37:36109|dataStream:10.1.0.37:39359|priority:0|startupRole:FOLLOWER, caa308e7-95fe-4c5f-9440-a942b893081e|rpc:10.1.0.37:35655|dataStream:10.1.0.37:42291|priority:1|startupRole:FOLLOWER] returns group-D8A3DF9248B6:java.util.concurrent.CompletableFuture@3fa4742d[Not completed]
2023-04-11 11:26:23,155 [pool-726-thread-1] INFO  server.RaftServer$Division (RaftServerImpl.java:<init>(195)) - 4d790031-0a50-4ffd-b1f5-2ef434e1e7d9: new RaftServerImpl for group-D8A3DF9248B6:[4d790031-0a50-4ffd-b1f5-2ef434e1e7d9|rpc:10.1.0.37:43649|dataStream:10.1.0.37:46225|priority:0|startupRole:FOLLOWER, 7b25ec04-6163-44ae-a7e6-933a1c4a9d86|rpc:10.1.0.37:36109|dataStream:10.1.0.37:39359|priority:0|startupRole:FOLLOWER, caa308e7-95fe-4c5f-9440-a942b893081e|rpc:10.1.0.37:35655|dataStream:10.1.0.37:42291|priority:1|startupRole:FOLLOWER] with ContainerStateMachine:uninitialized
2023-04-11 11:26:23,155 [pool-726-thread-1] INFO  server.RaftServerConfigKeys (ConfUtils.java:logGet(46)) - raft.server.rpc.timeout.min = 5s (custom)
2023-04-11 11:26:23,155 [pool-726-thread-1] INFO  server.RaftServerConfigKeys (ConfUtils.java:logGet(46)) - raft.server.rpc.timeout.max = 5200ms (custom)
2023-04-11 11:26:23,155 [pool-726-thread-1] INFO  server.RaftServerConfigKeys (ConfUtils.java:logGet(46)) - raft.server.rpc.sleep.time = 25ms (default)
2023-04-11 11:26:23,155 [pool-726-thread-1] INFO  server.RaftServerConfigKeys (ConfUtils.java:logGet(46)) - raft.server.rpc.slowness.timeout = 300s (custom)
2023-04-11 11:26:23,156 [pool-726-thread-1] INFO  server.RaftServerConfigKeys (ConfUtils.java:logGet(46)) - raft.server.leaderelection.leader.step-down.wait-time = 10s (default)
2023-04-11 11:26:23,156 [pool-726-thread-1] INFO  server.RaftServerConfigKeys (ConfUtils.java:logGet(46)) - raft.server.sleep.deviation.threshold = 300ms (default)
2023-04-11 11:26:23,156 [pool-726-thread-1] INFO  server.RaftServer$Division (ServerState.java:<init>(118)) - 4d790031-0a50-4ffd-b1f5-2ef434e1e7d9@group-D8A3DF9248B6: ConfigurationManager, init=-1: peers:[4d790031-0a50-4ffd-b1f5-2ef434e1e7d9|rpc:10.1.0.37:43649|dataStream:10.1.0.37:46225|priority:0|startupRole:FOLLOWER, 7b25ec04-6163-44ae-a7e6-933a1c4a9d86|rpc:10.1.0.37:36109|dataStream:10.1.0.37:39359|priority:0|startupRole:FOLLOWER, caa308e7-95fe-4c5f-9440-a942b893081e|rpc:10.1.0.37:35655|dataStream:10.1.0.37:42291|priority:1|startupRole:FOLLOWER]|listeners:[], old=null, confs=<EMPTY_MAP>
2023-04-11 11:26:23,156 [pool-726-thread-1] INFO  server.RaftServerConfigKeys (ConfUtils.java:logGet(46)) - raft.server.storage.dir = [/home/runner/work/ozone/ozone/hadoop-ozone/integration-test/target/test-dir/MiniOzoneClusterImpl-96ac6092-8b7a-4e89-97e1-43be04ae58b3/datanode-1/data/ratis] (custom)
2023-04-11 11:26:23,156 [pool-726-thread-1] INFO  server.RaftServerConfigKeys (ConfUtils.java:logGet(46)) - raft.server.log.corruption.policy = EXCEPTION (default)
2023-04-11 11:26:23,156 [pool-726-thread-1] INFO  server.RaftServerConfigKeys (ConfUtils.java:logGet(46)) - raft.server.storage.free-space.min = 0MB (=0) (default)
2023-04-11 11:26:23,156 [pool-726-thread-1] INFO  server.RaftServerConfigKeys (ConfUtils.java:logGet(46)) - raft.server.notification.no-leader.timeout = 300s (custom)
2023-04-11 11:26:23,156 [pool-726-thread-1] INFO  server.RaftServerConfigKeys (ConfUtils.java:logGet(46)) - raft.server.retrycache.expirytime = 600000ms (custom)
2023-04-11 11:26:23,156 [pool-726-thread-1] INFO  server.RaftServerConfigKeys (ConfUtils.java:logGet(46)) - raft.server.retrycache.statistics.expirytime = 100μs (default)
2023-04-11 11:26:23,157 [pool-726-thread-1] INFO  server.RaftServerConfigKeys (ConfUtils.java:logGet(46)) - raft.server.log.appender.install.snapshot.enabled = false (custom)
2023-04-11 11:26:23,157 [pool-726-thread-1] INFO  server.RaftServerConfigKeys (ConfUtils.java:logGet(46)) - raft.server.threadpool.server.cached = true (default)
2023-04-11 11:26:23,157 [pool-726-thread-1] INFO  server.RaftServerConfigKeys (ConfUtils.java:logGet(46)) - raft.server.threadpool.server.size = 0 (default)
2023-04-11 11:26:23,157 [pool-726-thread-1] INFO  server.RaftServerConfigKeys (ConfUtils.java:logGet(46)) - raft.server.threadpool.client.cached = true (default)
2023-04-11 11:26:23,157 [pool-726-thread-1] INFO  server.RaftServerConfigKeys (ConfUtils.java:logGet(46)) - raft.server.threadpool.client.size = 0 (default)
2023-04-11 11:26:23,157 [pool-726-thread-1] INFO  storage.RaftStorageDirectory (RaftStorageDirectoryImpl.java:analyzeStorage(137)) - The storage directory /home/runner/work/ozone/ozone/hadoop-ozone/integration-test/target/test-dir/MiniOzoneClusterImpl-96ac6092-8b7a-4e89-97e1-43be04ae58b3/datanode-1/data/ratis/023a1df3-8ffc-46ba-a79e-d8a3df9248b6 does not exist. Creating ...
2023-04-11 11:26:23,158 [pool-726-thread-1] INFO  storage.RaftStorageDirectory (RaftStorageDirectoryImpl.java:tryLock(231)) - Lock on /home/runner/work/ozone/ozone/hadoop-ozone/integration-test/target/test-dir/MiniOzoneClusterImpl-96ac6092-8b7a-4e89-97e1-43be04ae58b3/datanode-1/data/ratis/023a1df3-8ffc-46ba-a79e-d8a3df9248b6/in_use.lock acquired by nodename 48974@fv-az590-525
2023-04-11 11:26:23,159 [pool-726-thread-1] INFO  storage.RaftStorage (RaftStorageImpl.java:format(96)) - Storage directory /home/runner/work/ozone/ozone/hadoop-ozone/integration-test/target/test-dir/MiniOzoneClusterImpl-96ac6092-8b7a-4e89-97e1-43be04ae58b3/datanode-1/data/ratis/023a1df3-8ffc-46ba-a79e-d8a3df9248b6 has been successfully formatted.
2023-04-11 11:26:23,160 [pool-726-thread-1] INFO  ratis.ContainerStateMachine (ContainerStateMachine.java:loadSnapshot(262)) - group-D8A3DF9248B6: The snapshot info is null. Setting the last applied indexto:(t:0, i:~)
2023-04-11 11:26:23,160 [pool-726-thread-1] INFO  server.RaftServerConfigKeys (ConfUtils.java:logGet(46)) - raft.server.log.use.memory = false (default)
2023-04-11 11:26:23,160 [pool-726-thread-1] INFO  server.RaftServerConfigKeys (ConfUtils.java:logGet(46)) - raft.server.log.purge.gap = 1000000 (custom)
2023-04-11 11:26:23,160 [pool-726-thread-1] INFO  server.RaftServerConfigKeys (ConfUtils.java:logGet(46)) - raft.server.log.appender.buffer.byte-limit = 33554432 (custom)
2023-04-11 11:26:23,160 [pool-726-thread-1] INFO  server.RaftServerConfigKeys (ConfUtils.java:logGet(46)) - raft.server.log.statemachine.data.read.timeout = 1000ms (default)
2023-04-11 11:26:23,160 [pool-726-thread-1] INFO  server.RaftServerConfigKeys (ConfUtils.java:logGet(46)) - raft.server.log.purge.preservation.log.num = 0 (default)
2023-04-11 11:26:23,161 [pool-726-thread-1] INFO  server.RaftServerConfigKeys (ConfUtils.java:logGet(46)) - raft.server.log.segment.size.max = 1048576 (custom)
2023-04-11 11:26:23,162 [pool-726-thread-1] INFO  server.RaftServerConfigKeys (ConfUtils.java:logGet(46)) - raft.server.log.segment.cache.num.max = 2 (custom)
2023-04-11 11:26:23,162 [pool-726-thread-1] INFO  server.RaftServerConfigKeys (ConfUtils.java:logGet(46)) - raft.server.log.segment.cache.size.max = 200MB (=209715200) (default)
2023-04-11 11:26:23,162 [pool-726-thread-1] INFO  segmented.SegmentedRaftLogWorker (SegmentedRaftLogWorker.java:<init>(189)) - new 4d790031-0a50-4ffd-b1f5-2ef434e1e7d9@group-D8A3DF9248B6-SegmentedRaftLogWorker for RaftStorageImpl:Storage Directory /home/runner/work/ozone/ozone/hadoop-ozone/integration-test/target/test-dir/MiniOzoneClusterImpl-96ac6092-8b7a-4e89-97e1-43be04ae58b3/datanode-1/data/ratis/023a1df3-8ffc-46ba-a79e-d8a3df9248b6
2023-04-11 11:26:23,162 [pool-726-thread-1] INFO  server.RaftServerConfigKeys (ConfUtils.java:logGet(46)) - raft.server.log.queue.byte-limit = 4294967296 (custom)
2023-04-11 11:26:23,162 [pool-726-thread-1] INFO  server.RaftServerConfigKeys (ConfUtils.java:logGet(46)) - raft.server.log.queue.element-limit = 1024 (custom)
2023-04-11 11:26:23,162 [pool-726-thread-1] INFO  server.RaftServerConfigKeys (ConfUtils.java:logGet(46)) - raft.server.log.segment.size.max = 1048576 (custom)
2023-04-11 11:26:23,162 [pool-726-thread-1] INFO  server.RaftServerConfigKeys (ConfUtils.java:logGet(46)) - raft.server.log.preallocated.size = 16384 (custom)
2023-04-11 11:26:23,162 [pool-726-thread-1] INFO  server.RaftServerConfigKeys (ConfUtils.java:logGet(46)) - raft.server.log.force.sync.num = 128 (default)
2023-04-11 11:26:23,163 [pool-726-thread-1] INFO  server.RaftServerConfigKeys (ConfUtils.java:logGet(46)) - raft.server.log.statemachine.data.sync = true (default)
2023-04-11 11:26:23,163 [pool-726-thread-1] INFO  server.RaftServerConfigKeys (ConfUtils.java:logGet(46)) - raft.server.log.statemachine.data.sync.timeout = 10s (default)
2023-04-11 11:26:23,163 [pool-726-thread-1] INFO  server.RaftServerConfigKeys (ConfUtils.java:logGet(46)) - raft.server.log.statemachine.data.sync.timeout.retry = -1 (default)
2023-04-11 11:26:23,163 [pool-726-thread-1] INFO  server.RaftServerConfigKeys (ConfUtils.java:logGet(46)) - raft.server.log.write.buffer.size = 1048576 (custom)
2023-04-11 11:26:23,163 [pool-726-thread-1] INFO  server.RaftServerConfigKeys (ConfUtils.java:logGet(46)) - raft.server.log.appender.buffer.byte-limit = 33554432 (custom)
2023-04-11 11:26:23,168 [pool-726-thread-1] INFO  server.RaftServerConfigKeys (ConfUtils.java:logGet(46)) - raft.server.log.unsafe-flush.enabled = false (default)
2023-04-11 11:26:23,168 [pool-726-thread-1] INFO  server.RaftServerConfigKeys (ConfUtils.java:logGet(46)) - raft.server.log.async-flush.enabled = false (default)
2023-04-11 11:26:23,168 [pool-726-thread-1] INFO  server.RaftServerConfigKeys (ConfUtils.java:logGet(46)) - raft.server.log.statemachine.data.caching.enabled = true (custom)
2023-04-11 11:26:23,169 [pool-726-thread-1] INFO  segmented.SegmentedRaftLogWorker (SegmentedRaftLogWorker.java:lambda$new$0(135)) - 4d790031-0a50-4ffd-b1f5-2ef434e1e7d9@group-D8A3DF9248B6-SegmentedRaftLogWorker: flushIndex: setUnconditionally 0 -> -1
2023-04-11 11:26:23,169 [pool-726-thread-1] INFO  segmented.SegmentedRaftLogWorker (SegmentedRaftLogWorker.java:lambda$new$0(135)) - 4d790031-0a50-4ffd-b1f5-2ef434e1e7d9@group-D8A3DF9248B6-SegmentedRaftLogWorker: safeCacheEvictIndex: setUnconditionally 0 -> -1
2023-04-11 11:26:23,169 [pool-726-thread-1] INFO  server.RaftServer$Division (RaftServerImpl.java:start(334)) - 4d790031-0a50-4ffd-b1f5-2ef434e1e7d9@group-D8A3DF9248B6: start as a follower, conf=-1: peers:[4d790031-0a50-4ffd-b1f5-2ef434e1e7d9|rpc:10.1.0.37:43649|dataStream:10.1.0.37:46225|priority:0|startupRole:FOLLOWER, 7b25ec04-6163-44ae-a7e6-933a1c4a9d86|rpc:10.1.0.37:36109|dataStream:10.1.0.37:39359|priority:0|startupRole:FOLLOWER, caa308e7-95fe-4c5f-9440-a942b893081e|rpc:10.1.0.37:35655|dataStream:10.1.0.37:42291|priority:1|startupRole:FOLLOWER]|listeners:[], old=null
2023-04-11 11:26:23,169 [pool-726-thread-1] INFO  server.RaftServer$Division (RaftServerImpl.java:setRole(321)) - 4d790031-0a50-4ffd-b1f5-2ef434e1e7d9@group-D8A3DF9248B6: changes role from      null to FOLLOWER at term 0 for startAsFollower
2023-04-11 11:26:23,169 [pool-726-thread-1] INFO  impl.RoleInfo (RoleInfo.java:updateAndGet(139)) - 4d790031-0a50-4ffd-b1f5-2ef434e1e7d9: start 4d790031-0a50-4ffd-b1f5-2ef434e1e7d9@group-D8A3DF9248B6-FollowerState
2023-04-11 11:26:23,169 [4d790031-0a50-4ffd-b1f5-2ef434e1e7d9@group-D8A3DF9248B6-FollowerState] INFO  server.RaftServerConfigKeys (ConfUtils.java:logFallback(53)) - raft.server.rpc.first-election.timeout.min = 5s (fallback to raft.server.rpc.timeout.min)
2023-04-11 11:26:23,169 [pool-726-thread-1] INFO  util.JmxRegister (JmxRegister.java:tryRegister(44)) - Successfully registered JMX Bean with object name Ratis:service=RaftServer,group=group-D8A3DF9248B6,id=4d790031-0a50-4ffd-b1f5-2ef434e1e7d9
2023-04-11 11:26:23,169 [4d790031-0a50-4ffd-b1f5-2ef434e1e7d9@group-D8A3DF9248B6-FollowerState] INFO  server.RaftServerConfigKeys (ConfUtils.java:logFallback(53)) - raft.server.rpc.first-election.timeout.max = 5200ms (fallback to raft.server.rpc.timeout.max)
2023-04-11 11:26:23,170 [pool-726-thread-1] INFO  server.RaftServerConfigKeys (ConfUtils.java:logGet(46)) - raft.server.snapshot.auto.trigger.enabled = true (custom)
2023-04-11 11:26:23,170 [pool-726-thread-1] INFO  server.RaftServerConfigKeys (ConfUtils.java:logGet(46)) - raft.server.snapshot.auto.trigger.threshold = 10000 (custom)
2023-04-11 11:26:23,170 [pool-726-thread-1] INFO  server.RaftServerConfigKeys (ConfUtils.java:logGet(46)) - raft.server.snapshot.retention.file.num = 5 (custom)
2023-04-11 11:26:23,170 [pool-726-thread-1] INFO  server.RaftServerConfigKeys (ConfUtils.java:logGet(46)) - raft.server.log.purge.upto.snapshot.index = false (default)
2023-04-11 11:26:23,175 [Command processor thread] INFO  commandhandler.CreatePipelineCommandHandler (CreatePipelineCommandHandler.java:handle(113)) - Created Pipeline RATIS THREE PipelineID=023a1df3-8ffc-46ba-a79e-d8a3df9248b6.
2023-04-11 11:26:23,175 [Command processor thread] INFO  server.RaftServer (RaftServerProxy.java:addNew(96)) - 7b25ec04-6163-44ae-a7e6-933a1c4a9d86: addNew group-308C1A8F3472:[4d790031-0a50-4ffd-b1f5-2ef434e1e7d9|rpc:10.1.0.37:43649|dataStream:10.1.0.37:46225|priority:0|startupRole:FOLLOWER, 7b25ec04-6163-44ae-a7e6-933a1c4a9d86|rpc:10.1.0.37:36109|dataStream:10.1.0.37:39359|priority:1|startupRole:FOLLOWER, caa308e7-95fe-4c5f-9440-a942b893081e|rpc:10.1.0.37:35655|dataStream:10.1.0.37:42291|priority:0|startupRole:FOLLOWER] returns group-308C1A8F3472:java.util.concurrent.CompletableFuture@3839868b[Not completed]
2023-04-11 11:26:23,176 [pool-704-thread-1] INFO  server.RaftServer$Division (RaftServerImpl.java:<init>(195)) - 7b25ec04-6163-44ae-a7e6-933a1c4a9d86: new RaftServerImpl for group-308C1A8F3472:[4d790031-0a50-4ffd-b1f5-2ef434e1e7d9|rpc:10.1.0.37:43649|dataStream:10.1.0.37:46225|priority:0|startupRole:FOLLOWER, 7b25ec04-6163-44ae-a7e6-933a1c4a9d86|rpc:10.1.0.37:36109|dataStream:10.1.0.37:39359|priority:1|startupRole:FOLLOWER, caa308e7-95fe-4c5f-9440-a942b893081e|rpc:10.1.0.37:35655|dataStream:10.1.0.37:42291|priority:0|startupRole:FOLLOWER] with ContainerStateMachine:uninitialized
2023-04-11 11:26:23,176 [pool-704-thread-1] INFO  server.RaftServerConfigKeys (ConfUtils.java:logGet(46)) - raft.server.rpc.timeout.min = 5s (custom)
2023-04-11 11:26:23,176 [pool-704-thread-1] INFO  server.RaftServerConfigKeys (ConfUtils.java:logGet(46)) - raft.server.rpc.timeout.max = 5200ms (custom)
2023-04-11 11:26:23,176 [pool-704-thread-1] INFO  server.RaftServerConfigKeys (ConfUtils.java:logGet(46)) - raft.server.rpc.sleep.time = 25ms (default)
2023-04-11 11:26:23,176 [pool-704-thread-1] INFO  server.RaftServerConfigKeys (ConfUtils.java:logGet(46)) - raft.server.rpc.slowness.timeout = 300s (custom)
2023-04-11 11:26:23,176 [pool-704-thread-1] INFO  server.RaftServerConfigKeys (ConfUtils.java:logGet(46)) - raft.server.leaderelection.leader.step-down.wait-time = 10s (default)
2023-04-11 11:26:23,176 [pool-704-thread-1] INFO  server.RaftServerConfigKeys (ConfUtils.java:logGet(46)) - raft.server.sleep.deviation.threshold = 300ms (default)
2023-04-11 11:26:23,176 [pool-704-thread-1] INFO  server.RaftServer$Division (ServerState.java:<init>(118)) - 7b25ec04-6163-44ae-a7e6-933a1c4a9d86@group-308C1A8F3472: ConfigurationManager, init=-1: peers:[4d790031-0a50-4ffd-b1f5-2ef434e1e7d9|rpc:10.1.0.37:43649|dataStream:10.1.0.37:46225|priority:0|startupRole:FOLLOWER, 7b25ec04-6163-44ae-a7e6-933a1c4a9d86|rpc:10.1.0.37:36109|dataStream:10.1.0.37:39359|priority:1|startupRole:FOLLOWER, caa308e7-95fe-4c5f-9440-a942b893081e|rpc:10.1.0.37:35655|dataStream:10.1.0.37:42291|priority:0|startupRole:FOLLOWER]|listeners:[], old=null, confs=<EMPTY_MAP>
2023-04-11 11:26:23,176 [pool-704-thread-1] INFO  server.RaftServerConfigKeys (ConfUtils.java:logGet(46)) - raft.server.storage.dir = [/home/runner/work/ozone/ozone/hadoop-ozone/integration-test/target/test-dir/MiniOzoneClusterImpl-96ac6092-8b7a-4e89-97e1-43be04ae58b3/datanode-0/data/ratis] (custom)
2023-04-11 11:26:23,177 [pool-704-thread-1] INFO  server.RaftServerConfigKeys (ConfUtils.java:logGet(46)) - raft.server.log.corruption.policy = EXCEPTION (default)
2023-04-11 11:26:23,177 [pool-704-thread-1] INFO  server.RaftServerConfigKeys (ConfUtils.java:logGet(46)) - raft.server.storage.free-space.min = 0MB (=0) (default)
2023-04-11 11:26:23,177 [pool-704-thread-1] INFO  server.RaftServerConfigKeys (ConfUtils.java:logGet(46)) - raft.server.notification.no-leader.timeout = 300s (custom)
2023-04-11 11:26:23,177 [pool-704-thread-1] INFO  server.RaftServerConfigKeys (ConfUtils.java:logGet(46)) - raft.server.retrycache.expirytime = 600000ms (custom)
2023-04-11 11:26:23,177 [pool-704-thread-1] INFO  server.RaftServerConfigKeys (ConfUtils.java:logGet(46)) - raft.server.retrycache.statistics.expirytime = 100μs (default)
2023-04-11 11:26:23,177 [pool-704-thread-1] INFO  server.RaftServerConfigKeys (ConfUtils.java:logGet(46)) - raft.server.log.appender.install.snapshot.enabled = false (custom)
2023-04-11 11:26:23,177 [pool-704-thread-1] INFO  server.RaftServerConfigKeys (ConfUtils.java:logGet(46)) - raft.server.threadpool.server.cached = true (default)
2023-04-11 11:26:23,177 [pool-704-thread-1] INFO  server.RaftServerConfigKeys (ConfUtils.java:logGet(46)) - raft.server.threadpool.server.size = 0 (default)
2023-04-11 11:26:23,177 [pool-704-thread-1] INFO  server.RaftServerConfigKeys (ConfUtils.java:logGet(46)) - raft.server.threadpool.client.cached = true (default)
2023-04-11 11:26:23,177 [pool-704-thread-1] INFO  server.RaftServerConfigKeys (ConfUtils.java:logGet(46)) - raft.server.threadpool.client.size = 0 (default)
2023-04-11 11:26:23,178 [pool-704-thread-1] INFO  storage.RaftStorageDirectory (RaftStorageDirectoryImpl.java:analyzeStorage(137)) - The storage directory /home/runner/work/ozone/ozone/hadoop-ozone/integration-test/target/test-dir/MiniOzoneClusterImpl-96ac6092-8b7a-4e89-97e1-43be04ae58b3/datanode-0/data/ratis/f5f26894-668b-4dc7-a57a-308c1a8f3472 does not exist. Creating ...
2023-04-11 11:26:23,179 [pool-704-thread-1] INFO  storage.RaftStorageDirectory (RaftStorageDirectoryImpl.java:tryLock(231)) - Lock on /home/runner/work/ozone/ozone/hadoop-ozone/integration-test/target/test-dir/MiniOzoneClusterImpl-96ac6092-8b7a-4e89-97e1-43be04ae58b3/datanode-0/data/ratis/f5f26894-668b-4dc7-a57a-308c1a8f3472/in_use.lock acquired by nodename 48974@fv-az590-525
2023-04-11 11:26:23,180 [pool-704-thread-1] INFO  storage.RaftStorage (RaftStorageImpl.java:format(96)) - Storage directory /home/runner/work/ozone/ozone/hadoop-ozone/integration-test/target/test-dir/MiniOzoneClusterImpl-96ac6092-8b7a-4e89-97e1-43be04ae58b3/datanode-0/data/ratis/f5f26894-668b-4dc7-a57a-308c1a8f3472 has been successfully formatted.
2023-04-11 11:26:23,180 [pool-704-thread-1] INFO  ratis.ContainerStateMachine (ContainerStateMachine.java:loadSnapshot(262)) - group-308C1A8F3472: The snapshot info is null. Setting the last applied indexto:(t:0, i:~)
2023-04-11 11:26:23,180 [pool-704-thread-1] INFO  server.RaftServerConfigKeys (ConfUtils.java:logGet(46)) - raft.server.log.use.memory = false (default)
2023-04-11 11:26:23,180 [pool-704-thread-1] INFO  server.RaftServerConfigKeys (ConfUtils.java:logGet(46)) - raft.server.log.purge.gap = 1000000 (custom)
2023-04-11 11:26:23,181 [pool-704-thread-1] INFO  server.RaftServerConfigKeys (ConfUtils.java:logGet(46)) - raft.server.log.appender.buffer.byte-limit = 33554432 (custom)
2023-04-11 11:26:23,181 [pool-704-thread-1] INFO  server.RaftServerConfigKeys (ConfUtils.java:logGet(46)) - raft.server.log.statemachine.data.read.timeout = 1000ms (default)
2023-04-11 11:26:23,181 [pool-704-thread-1] INFO  server.RaftServerConfigKeys (ConfUtils.java:logGet(46)) - raft.server.log.purge.preservation.log.num = 0 (default)
2023-04-11 11:26:23,181 [pool-704-thread-1] INFO  server.RaftServerConfigKeys (ConfUtils.java:logGet(46)) - raft.server.log.segment.size.max = 1048576 (custom)
2023-04-11 11:26:23,181 [pool-704-thread-1] INFO  server.RaftServerConfigKeys (ConfUtils.java:logGet(46)) - raft.server.log.segment.cache.num.max = 2 (custom)
2023-04-11 11:26:23,181 [pool-704-thread-1] INFO  server.RaftServerConfigKeys (ConfUtils.java:logGet(46)) - raft.server.log.segment.cache.size.max = 200MB (=209715200) (default)
2023-04-11 11:26:23,181 [pool-704-thread-1] INFO  segmented.SegmentedRaftLogWorker (SegmentedRaftLogWorker.java:<init>(189)) - new 7b25ec04-6163-44ae-a7e6-933a1c4a9d86@group-308C1A8F3472-SegmentedRaftLogWorker for RaftStorageImpl:Storage Directory /home/runner/work/ozone/ozone/hadoop-ozone/integration-test/target/test-dir/MiniOzoneClusterImpl-96ac6092-8b7a-4e89-97e1-43be04ae58b3/datanode-0/data/ratis/f5f26894-668b-4dc7-a57a-308c1a8f3472
2023-04-11 11:26:23,181 [pool-704-thread-1] INFO  server.RaftServerConfigKeys (ConfUtils.java:logGet(46)) - raft.server.log.queue.byte-limit = 4294967296 (custom)
2023-04-11 11:26:23,181 [pool-704-thread-1] INFO  server.RaftServerConfigKeys (ConfUtils.java:logGet(46)) - raft.server.log.queue.element-limit = 1024 (custom)
2023-04-11 11:26:23,181 [pool-704-thread-1] INFO  server.RaftServerConfigKeys (ConfUtils.java:logGet(46)) - raft.server.log.segment.size.max = 1048576 (custom)
2023-04-11 11:26:23,181 [pool-704-thread-1] INFO  server.RaftServerConfigKeys (ConfUtils.java:logGet(46)) - raft.server.log.preallocated.size = 16384 (custom)
2023-04-11 11:26:23,181 [EventQueue-OpenPipelineForHealthyPipelineSafeModeRule] INFO  safemode.SCMSafeModeManager (HealthyPipelineSafeModeRule.java:process(137)) - SCM in safe mode. Healthy pipelines reported count is 0, required healthy pipeline reported count is 1
2023-04-11 11:26:23,181 [pool-704-thread-1] INFO  server.RaftServerConfigKeys (ConfUtils.java:logGet(46)) - raft.server.log.force.sync.num = 128 (default)
2023-04-11 11:26:23,181 [pool-704-thread-1] INFO  server.RaftServerConfigKeys (ConfUtils.java:logGet(46)) - raft.server.log.statemachine.data.sync = true (default)
2023-04-11 11:26:23,181 [pool-704-thread-1] INFO  server.RaftServerConfigKeys (ConfUtils.java:logGet(46)) - raft.server.log.statemachine.data.sync.timeout = 10s (default)
2023-04-11 11:26:23,181 [pool-704-thread-1] INFO  server.RaftServerConfigKeys (ConfUtils.java:logGet(46)) - raft.server.log.statemachine.data.sync.timeout.retry = -1 (default)
2023-04-11 11:26:23,182 [pool-704-thread-1] INFO  server.RaftServerConfigKeys (ConfUtils.java:logGet(46)) - raft.server.log.write.buffer.size = 1048576 (custom)
2023-04-11 11:26:23,182 [pool-704-thread-1] INFO  server.RaftServerConfigKeys (ConfUtils.java:logGet(46)) - raft.server.log.appender.buffer.byte-limit = 33554432 (custom)
2023-04-11 11:26:23,187 [pool-704-thread-1] INFO  server.RaftServerConfigKeys (ConfUtils.java:logGet(46)) - raft.server.log.unsafe-flush.enabled = false (default)
2023-04-11 11:26:23,187 [pool-704-thread-1] INFO  server.RaftServerConfigKeys (ConfUtils.java:logGet(46)) - raft.server.log.async-flush.enabled = false (default)
2023-04-11 11:26:23,187 [pool-704-thread-1] INFO  server.RaftServerConfigKeys (ConfUtils.java:logGet(46)) - raft.server.log.statemachine.data.caching.enabled = true (custom)
2023-04-11 11:26:23,187 [pool-704-thread-1] INFO  segmented.SegmentedRaftLogWorker (SegmentedRaftLogWorker.java:lambda$new$0(135)) - 7b25ec04-6163-44ae-a7e6-933a1c4a9d86@group-308C1A8F3472-SegmentedRaftLogWorker: flushIndex: setUnconditionally 0 -> -1
2023-04-11 11:26:23,187 [pool-704-thread-1] INFO  segmented.SegmentedRaftLogWorker (SegmentedRaftLogWorker.java:lambda$new$0(135)) - 7b25ec04-6163-44ae-a7e6-933a1c4a9d86@group-308C1A8F3472-SegmentedRaftLogWorker: safeCacheEvictIndex: setUnconditionally 0 -> -1
2023-04-11 11:26:23,188 [pool-704-thread-1] INFO  server.RaftServer$Division (RaftServerImpl.java:start(334)) - 7b25ec04-6163-44ae-a7e6-933a1c4a9d86@group-308C1A8F3472: start as a follower, conf=-1: peers:[4d790031-0a50-4ffd-b1f5-2ef434e1e7d9|rpc:10.1.0.37:43649|dataStream:10.1.0.37:46225|priority:0|startupRole:FOLLOWER, 7b25ec04-6163-44ae-a7e6-933a1c4a9d86|rpc:10.1.0.37:36109|dataStream:10.1.0.37:39359|priority:1|startupRole:FOLLOWER, caa308e7-95fe-4c5f-9440-a942b893081e|rpc:10.1.0.37:35655|dataStream:10.1.0.37:42291|priority:0|startupRole:FOLLOWER]|listeners:[], old=null
2023-04-11 11:26:23,188 [pool-704-thread-1] INFO  server.RaftServer$Division (RaftServerImpl.java:setRole(321)) - 7b25ec04-6163-44ae-a7e6-933a1c4a9d86@group-308C1A8F3472: changes role from      null to FOLLOWER at term 0 for startAsFollower
2023-04-11 11:26:23,188 [pool-704-thread-1] INFO  impl.RoleInfo (RoleInfo.java:updateAndGet(139)) - 7b25ec04-6163-44ae-a7e6-933a1c4a9d86: start 7b25ec04-6163-44ae-a7e6-933a1c4a9d86@group-308C1A8F3472-FollowerState
2023-04-11 11:26:23,188 [7b25ec04-6163-44ae-a7e6-933a1c4a9d86@group-308C1A8F3472-FollowerState] INFO  server.RaftServerConfigKeys (ConfUtils.java:logFallback(53)) - raft.server.rpc.first-election.timeout.min = 5s (fallback to raft.server.rpc.timeout.min)
2023-04-11 11:26:23,188 [pool-704-thread-1] INFO  util.JmxRegister (JmxRegister.java:tryRegister(44)) - Successfully registered JMX Bean with object name Ratis:service=RaftServer,group=group-308C1A8F3472,id=7b25ec04-6163-44ae-a7e6-933a1c4a9d86
2023-04-11 11:26:23,188 [7b25ec04-6163-44ae-a7e6-933a1c4a9d86@group-308C1A8F3472-FollowerState] INFO  server.RaftServerConfigKeys (ConfUtils.java:logFallback(53)) - raft.server.rpc.first-election.timeout.max = 5200ms (fallback to raft.server.rpc.timeout.max)
2023-04-11 11:26:23,188 [pool-704-thread-1] INFO  server.RaftServerConfigKeys (ConfUtils.java:logGet(46)) - raft.server.snapshot.auto.trigger.enabled = true (custom)
2023-04-11 11:26:23,188 [pool-704-thread-1] INFO  server.RaftServerConfigKeys (ConfUtils.java:logGet(46)) - raft.server.snapshot.auto.trigger.threshold = 10000 (custom)
2023-04-11 11:26:23,188 [pool-704-thread-1] INFO  server.RaftServerConfigKeys (ConfUtils.java:logGet(46)) - raft.server.snapshot.retention.file.num = 5 (custom)
2023-04-11 11:26:23,188 [pool-704-thread-1] INFO  server.RaftServerConfigKeys (ConfUtils.java:logGet(46)) - raft.server.log.purge.upto.snapshot.index = false (default)
2023-04-11 11:26:23,189 [Command processor thread] INFO  ratis.XceiverServerRatis (XceiverServerRatis.java:addGroup(806)) - Created group PipelineID=f5f26894-668b-4dc7-a57a-308c1a8f3472
2023-04-11 11:26:23,197 [grpc-default-executor-0] INFO  server.RaftServer (RaftServerProxy.java:addNew(96)) - 4d790031-0a50-4ffd-b1f5-2ef434e1e7d9: addNew group-308C1A8F3472:[4d790031-0a50-4ffd-b1f5-2ef434e1e7d9|rpc:10.1.0.37:43649|dataStream:10.1.0.37:46225|priority:0|startupRole:FOLLOWER, 7b25ec04-6163-44ae-a7e6-933a1c4a9d86|rpc:10.1.0.37:36109|dataStream:10.1.0.37:39359|priority:1|startupRole:FOLLOWER, caa308e7-95fe-4c5f-9440-a942b893081e|rpc:10.1.0.37:35655|dataStream:10.1.0.37:42291|priority:0|startupRole:FOLLOWER] returns group-308C1A8F3472:java.util.concurrent.CompletableFuture@3e9ccd62[Not completed]
2023-04-11 11:26:23,198 [pool-726-thread-1] INFO  server.RaftServer$Division (RaftServerImpl.java:<init>(195)) - 4d790031-0a50-4ffd-b1f5-2ef434e1e7d9: new RaftServerImpl for group-308C1A8F3472:[4d790031-0a50-4ffd-b1f5-2ef434e1e7d9|rpc:10.1.0.37:43649|dataStream:10.1.0.37:46225|priority:0|startupRole:FOLLOWER, 7b25ec04-6163-44ae-a7e6-933a1c4a9d86|rpc:10.1.0.37:36109|dataStream:10.1.0.37:39359|priority:1|startupRole:FOLLOWER, caa308e7-95fe-4c5f-9440-a942b893081e|rpc:10.1.0.37:35655|dataStream:10.1.0.37:42291|priority:0|startupRole:FOLLOWER] with ContainerStateMachine:uninitialized
2023-04-11 11:26:23,198 [pool-726-thread-1] INFO  server.RaftServerConfigKeys (ConfUtils.java:logGet(46)) - raft.server.rpc.timeout.min = 5s (custom)
2023-04-11 11:26:23,198 [pool-726-thread-1] INFO  server.RaftServerConfigKeys (ConfUtils.java:logGet(46)) - raft.server.rpc.timeout.max = 5200ms (custom)
2023-04-11 11:26:23,199 [pool-726-thread-1] INFO  server.RaftServerConfigKeys (ConfUtils.java:logGet(46)) - raft.server.rpc.sleep.time = 25ms (default)
2023-04-11 11:26:23,199 [pool-726-thread-1] INFO  server.RaftServerConfigKeys (ConfUtils.java:logGet(46)) - raft.server.rpc.slowness.timeout = 300s (custom)
2023-04-11 11:26:23,199 [pool-726-thread-1] INFO  server.RaftServerConfigKeys (ConfUtils.java:logGet(46)) - raft.server.leaderelection.leader.step-down.wait-time = 10s (default)
2023-04-11 11:26:23,199 [pool-726-thread-1] INFO  server.RaftServerConfigKeys (ConfUtils.java:logGet(46)) - raft.server.sleep.deviation.threshold = 300ms (default)
2023-04-11 11:26:23,199 [pool-726-thread-1] INFO  server.RaftServer$Division (ServerState.java:<init>(118)) - 4d790031-0a50-4ffd-b1f5-2ef434e1e7d9@group-308C1A8F3472: ConfigurationManager, init=-1: peers:[4d790031-0a50-4ffd-b1f5-2ef434e1e7d9|rpc:10.1.0.37:43649|dataStream:10.1.0.37:46225|priority:0|startupRole:FOLLOWER, 7b25ec04-6163-44ae-a7e6-933a1c4a9d86|rpc:10.1.0.37:36109|dataStream:10.1.0.37:39359|priority:1|startupRole:FOLLOWER, caa308e7-95fe-4c5f-9440-a942b893081e|rpc:10.1.0.37:35655|dataStream:10.1.0.37:42291|priority:0|startupRole:FOLLOWER]|listeners:[], old=null, confs=<EMPTY_MAP>
2023-04-11 11:26:23,199 [pool-726-thread-1] INFO  server.RaftServerConfigKeys (ConfUtils.java:logGet(46)) - raft.server.storage.dir = [/home/runner/work/ozone/ozone/hadoop-ozone/integration-test/target/test-dir/MiniOzoneClusterImpl-96ac6092-8b7a-4e89-97e1-43be04ae58b3/datanode-1/data/ratis] (custom)
2023-04-11 11:26:23,199 [pool-726-thread-1] INFO  server.RaftServerConfigKeys (ConfUtils.java:logGet(46)) - raft.server.log.corruption.policy = EXCEPTION (default)
2023-04-11 11:26:23,199 [pool-726-thread-1] INFO  server.RaftServerConfigKeys (ConfUtils.java:logGet(46)) - raft.server.storage.free-space.min = 0MB (=0) (default)
2023-04-11 11:26:23,199 [pool-726-thread-1] INFO  server.RaftServerConfigKeys (ConfUtils.java:logGet(46)) - raft.server.notification.no-leader.timeout = 300s (custom)
2023-04-11 11:26:23,199 [pool-726-thread-1] INFO  server.RaftServerConfigKeys (ConfUtils.java:logGet(46)) - raft.server.retrycache.expirytime = 600000ms (custom)
2023-04-11 11:26:23,199 [pool-726-thread-1] INFO  server.RaftServerConfigKeys (ConfUtils.java:logGet(46)) - raft.server.retrycache.statistics.expirytime = 100μs (default)
2023-04-11 11:26:23,200 [pool-726-thread-1] INFO  server.RaftServerConfigKeys (ConfUtils.java:logGet(46)) - raft.server.log.appender.install.snapshot.enabled = false (custom)
2023-04-11 11:26:23,200 [pool-726-thread-1] INFO  server.RaftServerConfigKeys (ConfUtils.java:logGet(46)) - raft.server.threadpool.server.cached = true (default)
2023-04-11 11:26:23,200 [pool-726-thread-1] INFO  server.RaftServerConfigKeys (ConfUtils.java:logGet(46)) - raft.server.threadpool.server.size = 0 (default)
2023-04-11 11:26:23,200 [pool-726-thread-1] INFO  server.RaftServerConfigKeys (ConfUtils.java:logGet(46)) - raft.server.threadpool.client.cached = true (default)
2023-04-11 11:26:23,200 [pool-726-thread-1] INFO  server.RaftServerConfigKeys (ConfUtils.java:logGet(46)) - raft.server.threadpool.client.size = 0 (default)
2023-04-11 11:26:23,200 [pool-726-thread-1] INFO  storage.RaftStorageDirectory (RaftStorageDirectoryImpl.java:analyzeStorage(137)) - The storage directory /home/runner/work/ozone/ozone/hadoop-ozone/integration-test/target/test-dir/MiniOzoneClusterImpl-96ac6092-8b7a-4e89-97e1-43be04ae58b3/datanode-1/data/ratis/f5f26894-668b-4dc7-a57a-308c1a8f3472 does not exist. Creating ...
2023-04-11 11:26:23,202 [pool-726-thread-1] INFO  storage.RaftStorageDirectory (RaftStorageDirectoryImpl.java:tryLock(231)) - Lock on /home/runner/work/ozone/ozone/hadoop-ozone/integration-test/target/test-dir/MiniOzoneClusterImpl-96ac6092-8b7a-4e89-97e1-43be04ae58b3/datanode-1/data/ratis/f5f26894-668b-4dc7-a57a-308c1a8f3472/in_use.lock acquired by nodename 48974@fv-az590-525
2023-04-11 11:26:23,203 [pool-726-thread-1] INFO  storage.RaftStorage (RaftStorageImpl.java:format(96)) - Storage directory /home/runner/work/ozone/ozone/hadoop-ozone/integration-test/target/test-dir/MiniOzoneClusterImpl-96ac6092-8b7a-4e89-97e1-43be04ae58b3/datanode-1/data/ratis/f5f26894-668b-4dc7-a57a-308c1a8f3472 has been successfully formatted.
2023-04-11 11:26:23,203 [pool-726-thread-1] INFO  ratis.ContainerStateMachine (ContainerStateMachine.java:loadSnapshot(262)) - group-308C1A8F3472: The snapshot info is null. Setting the last applied indexto:(t:0, i:~)
2023-04-11 11:26:23,204 [pool-726-thread-1] INFO  server.RaftServerConfigKeys (ConfUtils.java:logGet(46)) - raft.server.log.use.memory = false (default)
2023-04-11 11:26:23,204 [pool-726-thread-1] INFO  server.RaftServerConfigKeys (ConfUtils.java:logGet(46)) - raft.server.log.purge.gap = 1000000 (custom)
2023-04-11 11:26:23,204 [pool-726-thread-1] INFO  server.RaftServerConfigKeys (ConfUtils.java:logGet(46)) - raft.server.log.appender.buffer.byte-limit = 33554432 (custom)
2023-04-11 11:26:23,204 [pool-726-thread-1] INFO  server.RaftServerConfigKeys (ConfUtils.java:logGet(46)) - raft.server.log.statemachine.data.read.timeout = 1000ms (default)
2023-04-11 11:26:23,204 [pool-726-thread-1] INFO  server.RaftServerConfigKeys (ConfUtils.java:logGet(46)) - raft.server.log.purge.preservation.log.num = 0 (default)
2023-04-11 11:26:23,204 [pool-726-thread-1] INFO  server.RaftServerConfigKeys (ConfUtils.java:logGet(46)) - raft.server.log.segment.size.max = 1048576 (custom)
2023-04-11 11:26:23,204 [pool-726-thread-1] INFO  server.RaftServerConfigKeys (ConfUtils.java:logGet(46)) - raft.server.log.segment.cache.num.max = 2 (custom)
2023-04-11 11:26:23,204 [pool-726-thread-1] INFO  server.RaftServerConfigKeys (ConfUtils.java:logGet(46)) - raft.server.log.segment.cache.size.max = 200MB (=209715200) (default)
2023-04-11 11:26:23,204 [pool-726-thread-1] INFO  segmented.SegmentedRaftLogWorker (SegmentedRaftLogWorker.java:<init>(189)) - new 4d790031-0a50-4ffd-b1f5-2ef434e1e7d9@group-308C1A8F3472-SegmentedRaftLogWorker for RaftStorageImpl:Storage Directory /home/runner/work/ozone/ozone/hadoop-ozone/integration-test/target/test-dir/MiniOzoneClusterImpl-96ac6092-8b7a-4e89-97e1-43be04ae58b3/datanode-1/data/ratis/f5f26894-668b-4dc7-a57a-308c1a8f3472
2023-04-11 11:26:23,204 [pool-726-thread-1] INFO  server.RaftServerConfigKeys (ConfUtils.java:logGet(46)) - raft.server.log.queue.byte-limit = 4294967296 (custom)
2023-04-11 11:26:23,204 [pool-726-thread-1] INFO  server.RaftServerConfigKeys (ConfUtils.java:logGet(46)) - raft.server.log.queue.element-limit = 1024 (custom)
2023-04-11 11:26:23,204 [pool-726-thread-1] INFO  server.RaftServerConfigKeys (ConfUtils.java:logGet(46)) - raft.server.log.segment.size.max = 1048576 (custom)
2023-04-11 11:26:23,204 [pool-726-thread-1] INFO  server.RaftServerConfigKeys (ConfUtils.java:logGet(46)) - raft.server.log.preallocated.size = 16384 (custom)
2023-04-11 11:26:23,204 [pool-726-thread-1] INFO  server.RaftServerConfigKeys (ConfUtils.java:logGet(46)) - raft.server.log.force.sync.num = 128 (default)
2023-04-11 11:26:23,204 [pool-726-thread-1] INFO  server.RaftServerConfigKeys (ConfUtils.java:logGet(46)) - raft.server.log.statemachine.data.sync = true (default)
2023-04-11 11:26:23,204 [pool-726-thread-1] INFO  server.RaftServerConfigKeys (ConfUtils.java:logGet(46)) - raft.server.log.statemachine.data.sync.timeout = 10s (default)
2023-04-11 11:26:23,205 [pool-726-thread-1] INFO  server.RaftServerConfigKeys (ConfUtils.java:logGet(46)) - raft.server.log.statemachine.data.sync.timeout.retry = -1 (default)
2023-04-11 11:26:23,205 [pool-726-thread-1] INFO  server.RaftServerConfigKeys (ConfUtils.java:logGet(46)) - raft.server.log.write.buffer.size = 1048576 (custom)
2023-04-11 11:26:23,205 [pool-726-thread-1] INFO  server.RaftServerConfigKeys (ConfUtils.java:logGet(46)) - raft.server.log.appender.buffer.byte-limit = 33554432 (custom)
2023-04-11 11:26:23,210 [pool-726-thread-1] INFO  server.RaftServerConfigKeys (ConfUtils.java:logGet(46)) - raft.server.log.unsafe-flush.enabled = false (default)
2023-04-11 11:26:23,210 [pool-726-thread-1] INFO  server.RaftServerConfigKeys (ConfUtils.java:logGet(46)) - raft.server.log.async-flush.enabled = false (default)
2023-04-11 11:26:23,211 [pool-726-thread-1] INFO  server.RaftServerConfigKeys (ConfUtils.java:logGet(46)) - raft.server.log.statemachine.data.caching.enabled = true (custom)
2023-04-11 11:26:23,211 [pool-726-thread-1] INFO  segmented.SegmentedRaftLogWorker (SegmentedRaftLogWorker.java:lambda$new$0(135)) - 4d790031-0a50-4ffd-b1f5-2ef434e1e7d9@group-308C1A8F3472-SegmentedRaftLogWorker: flushIndex: setUnconditionally 0 -> -1
2023-04-11 11:26:23,211 [pool-726-thread-1] INFO  segmented.SegmentedRaftLogWorker (SegmentedRaftLogWorker.java:lambda$new$0(135)) - 4d790031-0a50-4ffd-b1f5-2ef434e1e7d9@group-308C1A8F3472-SegmentedRaftLogWorker: safeCacheEvictIndex: setUnconditionally 0 -> -1
2023-04-11 11:26:23,211 [pool-726-thread-1] INFO  server.RaftServer$Division (RaftServerImpl.java:start(334)) - 4d790031-0a50-4ffd-b1f5-2ef434e1e7d9@group-308C1A8F3472: start as a follower, conf=-1: peers:[4d790031-0a50-4ffd-b1f5-2ef434e1e7d9|rpc:10.1.0.37:43649|dataStream:10.1.0.37:46225|priority:0|startupRole:FOLLOWER, 7b25ec04-6163-44ae-a7e6-933a1c4a9d86|rpc:10.1.0.37:36109|dataStream:10.1.0.37:39359|priority:1|startupRole:FOLLOWER, caa308e7-95fe-4c5f-9440-a942b893081e|rpc:10.1.0.37:35655|dataStream:10.1.0.37:42291|priority:0|startupRole:FOLLOWER]|listeners:[], old=null
2023-04-11 11:26:23,211 [pool-726-thread-1] INFO  server.RaftServer$Division (RaftServerImpl.java:setRole(321)) - 4d790031-0a50-4ffd-b1f5-2ef434e1e7d9@group-308C1A8F3472: changes role from      null to FOLLOWER at term 0 for startAsFollower
2023-04-11 11:26:23,211 [pool-726-thread-1] INFO  impl.RoleInfo (RoleInfo.java:updateAndGet(139)) - 4d790031-0a50-4ffd-b1f5-2ef434e1e7d9: start 4d790031-0a50-4ffd-b1f5-2ef434e1e7d9@group-308C1A8F3472-FollowerState
2023-04-11 11:26:23,212 [pool-726-thread-1] INFO  util.JmxRegister (JmxRegister.java:tryRegister(44)) - Successfully registered JMX Bean with object name Ratis:service=RaftServer,group=group-308C1A8F3472,id=4d790031-0a50-4ffd-b1f5-2ef434e1e7d9
2023-04-11 11:26:23,212 [pool-726-thread-1] INFO  server.RaftServerConfigKeys (ConfUtils.java:logGet(46)) - raft.server.snapshot.auto.trigger.enabled = true (custom)
2023-04-11 11:26:23,212 [pool-726-thread-1] INFO  server.RaftServerConfigKeys (ConfUtils.java:logGet(46)) - raft.server.snapshot.auto.trigger.threshold = 10000 (custom)
2023-04-11 11:26:23,212 [pool-726-thread-1] INFO  server.RaftServerConfigKeys (ConfUtils.java:logGet(46)) - raft.server.snapshot.retention.file.num = 5 (custom)
2023-04-11 11:26:23,212 [pool-726-thread-1] INFO  server.RaftServerConfigKeys (ConfUtils.java:logGet(46)) - raft.server.log.purge.upto.snapshot.index = false (default)
2023-04-11 11:26:23,215 [4d790031-0a50-4ffd-b1f5-2ef434e1e7d9@group-308C1A8F3472-FollowerState] INFO  server.RaftServerConfigKeys (ConfUtils.java:logFallback(53)) - raft.server.rpc.first-election.timeout.min = 5s (fallback to raft.server.rpc.timeout.min)
2023-04-11 11:26:23,215 [4d790031-0a50-4ffd-b1f5-2ef434e1e7d9@group-308C1A8F3472-FollowerState] INFO  server.RaftServerConfigKeys (ConfUtils.java:logFallback(53)) - raft.server.rpc.first-election.timeout.max = 5200ms (fallback to raft.server.rpc.timeout.max)
2023-04-11 11:26:23,232 [grpc-default-executor-0] INFO  server.RaftServer (RaftServerProxy.java:addNew(96)) - caa308e7-95fe-4c5f-9440-a942b893081e: addNew group-308C1A8F3472:[4d790031-0a50-4ffd-b1f5-2ef434e1e7d9|rpc:10.1.0.37:43649|dataStream:10.1.0.37:46225|priority:0|startupRole:FOLLOWER, 7b25ec04-6163-44ae-a7e6-933a1c4a9d86|rpc:10.1.0.37:36109|dataStream:10.1.0.37:39359|priority:1|startupRole:FOLLOWER, caa308e7-95fe-4c5f-9440-a942b893081e|rpc:10.1.0.37:35655|dataStream:10.1.0.37:42291|priority:0|startupRole:FOLLOWER] returns group-308C1A8F3472:java.util.concurrent.CompletableFuture@43a3b11f[Not completed]
2023-04-11 11:26:23,233 [pool-748-thread-1] INFO  server.RaftServer$Division (RaftServerImpl.java:<init>(195)) - caa308e7-95fe-4c5f-9440-a942b893081e: new RaftServerImpl for group-308C1A8F3472:[4d790031-0a50-4ffd-b1f5-2ef434e1e7d9|rpc:10.1.0.37:43649|dataStream:10.1.0.37:46225|priority:0|startupRole:FOLLOWER, 7b25ec04-6163-44ae-a7e6-933a1c4a9d86|rpc:10.1.0.37:36109|dataStream:10.1.0.37:39359|priority:1|startupRole:FOLLOWER, caa308e7-95fe-4c5f-9440-a942b893081e|rpc:10.1.0.37:35655|dataStream:10.1.0.37:42291|priority:0|startupRole:FOLLOWER] with ContainerStateMachine:uninitialized
2023-04-11 11:26:23,233 [pool-748-thread-1] INFO  server.RaftServerConfigKeys (ConfUtils.java:logGet(46)) - raft.server.rpc.timeout.min = 5s (custom)
2023-04-11 11:26:23,233 [pool-748-thread-1] INFO  server.RaftServerConfigKeys (ConfUtils.java:logGet(46)) - raft.server.rpc.timeout.max = 5200ms (custom)
2023-04-11 11:26:23,233 [pool-748-thread-1] INFO  server.RaftServerConfigKeys (ConfUtils.java:logGet(46)) - raft.server.rpc.sleep.time = 25ms (default)
2023-04-11 11:26:23,233 [pool-748-thread-1] INFO  server.RaftServerConfigKeys (ConfUtils.java:logGet(46)) - raft.server.rpc.slowness.timeout = 300s (custom)
2023-04-11 11:26:23,233 [pool-748-thread-1] INFO  server.RaftServerConfigKeys (ConfUtils.java:logGet(46)) - raft.server.leaderelection.leader.step-down.wait-time = 10s (default)
2023-04-11 11:26:23,233 [pool-748-thread-1] INFO  server.RaftServerConfigKeys (ConfUtils.java:logGet(46)) - raft.server.sleep.deviation.threshold = 300ms (default)
2023-04-11 11:26:23,233 [pool-748-thread-1] INFO  server.RaftServer$Division (ServerState.java:<init>(118)) - caa308e7-95fe-4c5f-9440-a942b893081e@group-308C1A8F3472: ConfigurationManager, init=-1: peers:[4d790031-0a50-4ffd-b1f5-2ef434e1e7d9|rpc:10.1.0.37:43649|dataStream:10.1.0.37:46225|priority:0|startupRole:FOLLOWER, 7b25ec04-6163-44ae-a7e6-933a1c4a9d86|rpc:10.1.0.37:36109|dataStream:10.1.0.37:39359|priority:1|startupRole:FOLLOWER, caa308e7-95fe-4c5f-9440-a942b893081e|rpc:10.1.0.37:35655|dataStream:10.1.0.37:42291|priority:0|startupRole:FOLLOWER]|listeners:[], old=null, confs=<EMPTY_MAP>
2023-04-11 11:26:23,233 [pool-748-thread-1] INFO  server.RaftServerConfigKeys (ConfUtils.java:logGet(46)) - raft.server.storage.dir = [/home/runner/work/ozone/ozone/hadoop-ozone/integration-test/target/test-dir/MiniOzoneClusterImpl-96ac6092-8b7a-4e89-97e1-43be04ae58b3/datanode-2/data/ratis] (custom)
2023-04-11 11:26:23,233 [pool-748-thread-1] INFO  server.RaftServerConfigKeys (ConfUtils.java:logGet(46)) - raft.server.log.corruption.policy = EXCEPTION (default)
2023-04-11 11:26:23,233 [pool-748-thread-1] INFO  server.RaftServerConfigKeys (ConfUtils.java:logGet(46)) - raft.server.storage.free-space.min = 0MB (=0) (default)
2023-04-11 11:26:23,233 [pool-748-thread-1] INFO  server.RaftServerConfigKeys (ConfUtils.java:logGet(46)) - raft.server.notification.no-leader.timeout = 300s (custom)
2023-04-11 11:26:23,233 [pool-748-thread-1] INFO  server.RaftServerConfigKeys (ConfUtils.java:logGet(46)) - raft.server.retrycache.expirytime = 600000ms (custom)
2023-04-11 11:26:23,233 [pool-748-thread-1] INFO  server.RaftServerConfigKeys (ConfUtils.java:logGet(46)) - raft.server.retrycache.statistics.expirytime = 100μs (default)
2023-04-11 11:26:23,234 [pool-748-thread-1] INFO  server.RaftServerConfigKeys (ConfUtils.java:logGet(46)) - raft.server.log.appender.install.snapshot.enabled = false (custom)
2023-04-11 11:26:23,234 [pool-748-thread-1] INFO  server.RaftServerConfigKeys (ConfUtils.java:logGet(46)) - raft.server.threadpool.server.cached = true (default)
2023-04-11 11:26:23,234 [pool-748-thread-1] INFO  server.RaftServerConfigKeys (ConfUtils.java:logGet(46)) - raft.server.threadpool.server.size = 0 (default)
2023-04-11 11:26:23,234 [pool-748-thread-1] INFO  server.RaftServerConfigKeys (ConfUtils.java:logGet(46)) - raft.server.threadpool.client.cached = true (default)
2023-04-11 11:26:23,234 [pool-748-thread-1] INFO  server.RaftServerConfigKeys (ConfUtils.java:logGet(46)) - raft.server.threadpool.client.size = 0 (default)
2023-04-11 11:26:23,234 [pool-748-thread-1] INFO  storage.RaftStorageDirectory (RaftStorageDirectoryImpl.java:analyzeStorage(137)) - The storage directory /home/runner/work/ozone/ozone/hadoop-ozone/integration-test/target/test-dir/MiniOzoneClusterImpl-96ac6092-8b7a-4e89-97e1-43be04ae58b3/datanode-2/data/ratis/f5f26894-668b-4dc7-a57a-308c1a8f3472 does not exist. Creating ...
2023-04-11 11:26:23,236 [pool-748-thread-1] INFO  storage.RaftStorageDirectory (RaftStorageDirectoryImpl.java:tryLock(231)) - Lock on /home/runner/work/ozone/ozone/hadoop-ozone/integration-test/target/test-dir/MiniOzoneClusterImpl-96ac6092-8b7a-4e89-97e1-43be04ae58b3/datanode-2/data/ratis/f5f26894-668b-4dc7-a57a-308c1a8f3472/in_use.lock acquired by nodename 48974@fv-az590-525
2023-04-11 11:26:23,237 [pool-748-thread-1] INFO  storage.RaftStorage (RaftStorageImpl.java:format(96)) - Storage directory /home/runner/work/ozone/ozone/hadoop-ozone/integration-test/target/test-dir/MiniOzoneClusterImpl-96ac6092-8b7a-4e89-97e1-43be04ae58b3/datanode-2/data/ratis/f5f26894-668b-4dc7-a57a-308c1a8f3472 has been successfully formatted.
2023-04-11 11:26:23,237 [pool-748-thread-1] INFO  ratis.ContainerStateMachine (ContainerStateMachine.java:loadSnapshot(262)) - group-308C1A8F3472: The snapshot info is null. Setting the last applied indexto:(t:0, i:~)
2023-04-11 11:26:23,238 [pool-748-thread-1] INFO  server.RaftServerConfigKeys (ConfUtils.java:logGet(46)) - raft.server.log.use.memory = false (default)
2023-04-11 11:26:23,238 [pool-748-thread-1] INFO  server.RaftServerConfigKeys (ConfUtils.java:logGet(46)) - raft.server.log.purge.gap = 1000000 (custom)
2023-04-11 11:26:23,238 [pool-748-thread-1] INFO  server.RaftServerConfigKeys (ConfUtils.java:logGet(46)) - raft.server.log.appender.buffer.byte-limit = 33554432 (custom)
2023-04-11 11:26:23,238 [pool-748-thread-1] INFO  server.RaftServerConfigKeys (ConfUtils.java:logGet(46)) - raft.server.log.statemachine.data.read.timeout = 1000ms (default)
2023-04-11 11:26:23,238 [pool-748-thread-1] INFO  server.RaftServerConfigKeys (ConfUtils.java:logGet(46)) - raft.server.log.purge.preservation.log.num = 0 (default)
2023-04-11 11:26:23,238 [pool-748-thread-1] INFO  server.RaftServerConfigKeys (ConfUtils.java:logGet(46)) - raft.server.log.segment.size.max = 1048576 (custom)
2023-04-11 11:26:23,239 [pool-748-thread-1] INFO  server.RaftServerConfigKeys (ConfUtils.java:logGet(46)) - raft.server.log.segment.cache.num.max = 2 (custom)
2023-04-11 11:26:23,239 [pool-748-thread-1] INFO  server.RaftServerConfigKeys (ConfUtils.java:logGet(46)) - raft.server.log.segment.cache.size.max = 200MB (=209715200) (default)
2023-04-11 11:26:23,239 [pool-748-thread-1] INFO  segmented.SegmentedRaftLogWorker (SegmentedRaftLogWorker.java:<init>(189)) - new caa308e7-95fe-4c5f-9440-a942b893081e@group-308C1A8F3472-SegmentedRaftLogWorker for RaftStorageImpl:Storage Directory /home/runner/work/ozone/ozone/hadoop-ozone/integration-test/target/test-dir/MiniOzoneClusterImpl-96ac6092-8b7a-4e89-97e1-43be04ae58b3/datanode-2/data/ratis/f5f26894-668b-4dc7-a57a-308c1a8f3472
2023-04-11 11:26:23,239 [pool-748-thread-1] INFO  server.RaftServerConfigKeys (ConfUtils.java:logGet(46)) - raft.server.log.queue.byte-limit = 4294967296 (custom)
2023-04-11 11:26:23,239 [pool-748-thread-1] INFO  server.RaftServerConfigKeys (ConfUtils.java:logGet(46)) - raft.server.log.queue.element-limit = 1024 (custom)
2023-04-11 11:26:23,239 [pool-748-thread-1] INFO  server.RaftServerConfigKeys (ConfUtils.java:logGet(46)) - raft.server.log.segment.size.max = 1048576 (custom)
2023-04-11 11:26:23,239 [pool-748-thread-1] INFO  server.RaftServerConfigKeys (ConfUtils.java:logGet(46)) - raft.server.log.preallocated.size = 16384 (custom)
2023-04-11 11:26:23,239 [pool-748-thread-1] INFO  server.RaftServerConfigKeys (ConfUtils.java:logGet(46)) - raft.server.log.force.sync.num = 128 (default)
2023-04-11 11:26:23,239 [pool-748-thread-1] INFO  server.RaftServerConfigKeys (ConfUtils.java:logGet(46)) - raft.server.log.statemachine.data.sync = true (default)
2023-04-11 11:26:23,239 [pool-748-thread-1] INFO  server.RaftServerConfigKeys (ConfUtils.java:logGet(46)) - raft.server.log.statemachine.data.sync.timeout = 10s (default)
2023-04-11 11:26:23,239 [pool-748-thread-1] INFO  server.RaftServerConfigKeys (ConfUtils.java:logGet(46)) - raft.server.log.statemachine.data.sync.timeout.retry = -1 (default)
2023-04-11 11:26:23,239 [pool-748-thread-1] INFO  server.RaftServerConfigKeys (ConfUtils.java:logGet(46)) - raft.server.log.write.buffer.size = 1048576 (custom)
2023-04-11 11:26:23,239 [pool-748-thread-1] INFO  server.RaftServerConfigKeys (ConfUtils.java:logGet(46)) - raft.server.log.appender.buffer.byte-limit = 33554432 (custom)
2023-04-11 11:26:23,244 [pool-748-thread-1] INFO  server.RaftServerConfigKeys (ConfUtils.java:logGet(46)) - raft.server.log.unsafe-flush.enabled = false (default)
2023-04-11 11:26:23,244 [pool-748-thread-1] INFO  server.RaftServerConfigKeys (ConfUtils.java:logGet(46)) - raft.server.log.async-flush.enabled = false (default)
2023-04-11 11:26:23,244 [pool-748-thread-1] INFO  server.RaftServerConfigKeys (ConfUtils.java:logGet(46)) - raft.server.log.statemachine.data.caching.enabled = true (custom)
2023-04-11 11:26:23,245 [pool-748-thread-1] INFO  segmented.SegmentedRaftLogWorker (SegmentedRaftLogWorker.java:lambda$new$0(135)) - caa308e7-95fe-4c5f-9440-a942b893081e@group-308C1A8F3472-SegmentedRaftLogWorker: flushIndex: setUnconditionally 0 -> -1
2023-04-11 11:26:23,245 [pool-748-thread-1] INFO  segmented.SegmentedRaftLogWorker (SegmentedRaftLogWorker.java:lambda$new$0(135)) - caa308e7-95fe-4c5f-9440-a942b893081e@group-308C1A8F3472-SegmentedRaftLogWorker: safeCacheEvictIndex: setUnconditionally 0 -> -1
2023-04-11 11:26:23,245 [pool-748-thread-1] INFO  server.RaftServer$Division (RaftServerImpl.java:start(334)) - caa308e7-95fe-4c5f-9440-a942b893081e@group-308C1A8F3472: start as a follower, conf=-1: peers:[4d790031-0a50-4ffd-b1f5-2ef434e1e7d9|rpc:10.1.0.37:43649|dataStream:10.1.0.37:46225|priority:0|startupRole:FOLLOWER, 7b25ec04-6163-44ae-a7e6-933a1c4a9d86|rpc:10.1.0.37:36109|dataStream:10.1.0.37:39359|priority:1|startupRole:FOLLOWER, caa308e7-95fe-4c5f-9440-a942b893081e|rpc:10.1.0.37:35655|dataStream:10.1.0.37:42291|priority:0|startupRole:FOLLOWER]|listeners:[], old=null
2023-04-11 11:26:23,245 [pool-748-thread-1] INFO  server.RaftServer$Division (RaftServerImpl.java:setRole(321)) - caa308e7-95fe-4c5f-9440-a942b893081e@group-308C1A8F3472: changes role from      null to FOLLOWER at term 0 for startAsFollower
2023-04-11 11:26:23,245 [pool-748-thread-1] INFO  impl.RoleInfo (RoleInfo.java:updateAndGet(139)) - caa308e7-95fe-4c5f-9440-a942b893081e: start caa308e7-95fe-4c5f-9440-a942b893081e@group-308C1A8F3472-FollowerState
2023-04-11 11:26:23,245 [pool-748-thread-1] INFO  util.JmxRegister (JmxRegister.java:tryRegister(44)) - Successfully registered JMX Bean with object name Ratis:service=RaftServer,group=group-308C1A8F3472,id=caa308e7-95fe-4c5f-9440-a942b893081e
2023-04-11 11:26:23,245 [pool-748-thread-1] INFO  server.RaftServerConfigKeys (ConfUtils.java:logGet(46)) - raft.server.snapshot.auto.trigger.enabled = true (custom)
2023-04-11 11:26:23,246 [pool-748-thread-1] INFO  server.RaftServerConfigKeys (ConfUtils.java:logGet(46)) - raft.server.snapshot.auto.trigger.threshold = 10000 (custom)
2023-04-11 11:26:23,246 [pool-748-thread-1] INFO  server.RaftServerConfigKeys (ConfUtils.java:logGet(46)) - raft.server.snapshot.retention.file.num = 5 (custom)
2023-04-11 11:26:23,246 [pool-748-thread-1] INFO  server.RaftServerConfigKeys (ConfUtils.java:logGet(46)) - raft.server.log.purge.upto.snapshot.index = false (default)
2023-04-11 11:26:23,246 [caa308e7-95fe-4c5f-9440-a942b893081e@group-308C1A8F3472-FollowerState] INFO  server.RaftServerConfigKeys (ConfUtils.java:logFallback(53)) - raft.server.rpc.first-election.timeout.min = 5s (fallback to raft.server.rpc.timeout.min)
2023-04-11 11:26:23,246 [caa308e7-95fe-4c5f-9440-a942b893081e@group-308C1A8F3472-FollowerState] INFO  server.RaftServerConfigKeys (ConfUtils.java:logFallback(53)) - raft.server.rpc.first-election.timeout.max = 5200ms (fallback to raft.server.rpc.timeout.max)
2023-04-11 11:26:23,254 [Command processor thread] INFO  commandhandler.CreatePipelineCommandHandler (CreatePipelineCommandHandler.java:handle(113)) - Created Pipeline RATIS THREE PipelineID=f5f26894-668b-4dc7-a57a-308c1a8f3472.
2023-04-11 11:26:23,357 [Listener at 127.0.0.1/44509] INFO  ozone.MiniOzoneClusterImpl (MiniOzoneClusterImpl.java:lambda$waitForClusterToBeReady$0(222)) - Nodes are ready. Got 5 of 5 DN Heartbeats.
2023-04-11 11:26:23,357 [Listener at 127.0.0.1/44509] INFO  ozone.MiniOzoneClusterImpl (MiniOzoneClusterImpl.java:lambda$waitForClusterToBeReady$0(225)) - Waiting for cluster to exit safe mode
2023-04-11 11:26:23,357 [Listener at 127.0.0.1/44509] INFO  ozone.MiniOzoneClusterImpl (MiniOzoneClusterImpl.java:lambda$waitForClusterToBeReady$0(227)) - SCM became leader
2023-04-11 11:26:23,357 [Command processor thread] INFO  server.RaftServer (RaftServerProxy.java:addNew(96)) - 4d790031-0a50-4ffd-b1f5-2ef434e1e7d9: addNew group-0A22133703FD:[4d790031-0a50-4ffd-b1f5-2ef434e1e7d9|rpc:10.1.0.37:43649|dataStream:10.1.0.37:46225|priority:1|startupRole:FOLLOWER] returns group-0A22133703FD:java.util.concurrent.CompletableFuture@26bad705[Not completed]
2023-04-11 11:26:23,358 [pool-726-thread-1] INFO  server.RaftServer$Division (RaftServerImpl.java:<init>(195)) - 4d790031-0a50-4ffd-b1f5-2ef434e1e7d9: new RaftServerImpl for group-0A22133703FD:[4d790031-0a50-4ffd-b1f5-2ef434e1e7d9|rpc:10.1.0.37:43649|dataStream:10.1.0.37:46225|priority:1|startupRole:FOLLOWER] with ContainerStateMachine:uninitialized
2023-04-11 11:26:23,358 [pool-726-thread-1] INFO  server.RaftServerConfigKeys (ConfUtils.java:logGet(46)) - raft.server.rpc.timeout.min = 5s (custom)
2023-04-11 11:26:23,358 [pool-726-thread-1] INFO  server.RaftServerConfigKeys (ConfUtils.java:logGet(46)) - raft.server.rpc.timeout.max = 5200ms (custom)
2023-04-11 11:26:23,358 [pool-726-thread-1] INFO  server.RaftServerConfigKeys (ConfUtils.java:logGet(46)) - raft.server.rpc.sleep.time = 25ms (default)
2023-04-11 11:26:23,358 [pool-726-thread-1] INFO  server.RaftServerConfigKeys (ConfUtils.java:logGet(46)) - raft.server.rpc.slowness.timeout = 300s (custom)
2023-04-11 11:26:23,358 [pool-726-thread-1] INFO  server.RaftServerConfigKeys (ConfUtils.java:logGet(46)) - raft.server.leaderelection.leader.step-down.wait-time = 10s (default)
2023-04-11 11:26:23,358 [pool-726-thread-1] INFO  server.RaftServerConfigKeys (ConfUtils.java:logGet(46)) - raft.server.sleep.deviation.threshold = 300ms (default)
2023-04-11 11:26:23,359 [pool-726-thread-1] INFO  server.RaftServer$Division (ServerState.java:<init>(118)) - 4d790031-0a50-4ffd-b1f5-2ef434e1e7d9@group-0A22133703FD: ConfigurationManager, init=-1: peers:[4d790031-0a50-4ffd-b1f5-2ef434e1e7d9|rpc:10.1.0.37:43649|dataStream:10.1.0.37:46225|priority:1|startupRole:FOLLOWER]|listeners:[], old=null, confs=<EMPTY_MAP>
2023-04-11 11:26:23,359 [pool-726-thread-1] INFO  server.RaftServerConfigKeys (ConfUtils.java:logGet(46)) - raft.server.storage.dir = [/home/runner/work/ozone/ozone/hadoop-ozone/integration-test/target/test-dir/MiniOzoneClusterImpl-96ac6092-8b7a-4e89-97e1-43be04ae58b3/datanode-1/data/ratis] (custom)
2023-04-11 11:26:23,359 [pool-726-thread-1] INFO  server.RaftServerConfigKeys (ConfUtils.java:logGet(46)) - raft.server.log.corruption.policy = EXCEPTION (default)
2023-04-11 11:26:23,359 [pool-726-thread-1] INFO  server.RaftServerConfigKeys (ConfUtils.java:logGet(46)) - raft.server.storage.free-space.min = 0MB (=0) (default)
2023-04-11 11:26:23,359 [pool-726-thread-1] INFO  server.RaftServerConfigKeys (ConfUtils.java:logGet(46)) - raft.server.notification.no-leader.timeout = 300s (custom)
2023-04-11 11:26:23,359 [pool-726-thread-1] INFO  server.RaftServerConfigKeys (ConfUtils.java:logGet(46)) - raft.server.retrycache.expirytime = 600000ms (custom)
2023-04-11 11:26:23,359 [pool-726-thread-1] INFO  server.RaftServerConfigKeys (ConfUtils.java:logGet(46)) - raft.server.retrycache.statistics.expirytime = 100μs (default)
2023-04-11 11:26:23,360 [pool-726-thread-1] INFO  server.RaftServerConfigKeys (ConfUtils.java:logGet(46)) - raft.server.log.appender.install.snapshot.enabled = false (custom)
2023-04-11 11:26:23,360 [pool-726-thread-1] INFO  server.RaftServerConfigKeys (ConfUtils.java:logGet(46)) - raft.server.threadpool.server.cached = true (default)
2023-04-11 11:26:23,360 [pool-726-thread-1] INFO  server.RaftServerConfigKeys (ConfUtils.java:logGet(46)) - raft.server.threadpool.server.size = 0 (default)
2023-04-11 11:26:23,360 [pool-726-thread-1] INFO  server.RaftServerConfigKeys (ConfUtils.java:logGet(46)) - raft.server.threadpool.client.cached = true (default)
2023-04-11 11:26:23,361 [pool-726-thread-1] INFO  server.RaftServerConfigKeys (ConfUtils.java:logGet(46)) - raft.server.threadpool.client.size = 0 (default)
2023-04-11 11:26:23,362 [pool-726-thread-1] INFO  storage.RaftStorageDirectory (RaftStorageDirectoryImpl.java:analyzeStorage(137)) - The storage directory /home/runner/work/ozone/ozone/hadoop-ozone/integration-test/target/test-dir/MiniOzoneClusterImpl-96ac6092-8b7a-4e89-97e1-43be04ae58b3/datanode-1/data/ratis/9651f140-a930-4503-aeca-0a22133703fd does not exist. Creating ...
2023-04-11 11:26:23,363 [pool-726-thread-1] INFO  storage.RaftStorageDirectory (RaftStorageDirectoryImpl.java:tryLock(231)) - Lock on /home/runner/work/ozone/ozone/hadoop-ozone/integration-test/target/test-dir/MiniOzoneClusterImpl-96ac6092-8b7a-4e89-97e1-43be04ae58b3/datanode-1/data/ratis/9651f140-a930-4503-aeca-0a22133703fd/in_use.lock acquired by nodename 48974@fv-az590-525
2023-04-11 11:26:23,364 [pool-726-thread-1] INFO  storage.RaftStorage (RaftStorageImpl.java:format(96)) - Storage directory /home/runner/work/ozone/ozone/hadoop-ozone/integration-test/target/test-dir/MiniOzoneClusterImpl-96ac6092-8b7a-4e89-97e1-43be04ae58b3/datanode-1/data/ratis/9651f140-a930-4503-aeca-0a22133703fd has been successfully formatted.
2023-04-11 11:26:23,364 [pool-726-thread-1] INFO  ratis.ContainerStateMachine (ContainerStateMachine.java:loadSnapshot(262)) - group-0A22133703FD: The snapshot info is null. Setting the last applied indexto:(t:0, i:~)
2023-04-11 11:26:23,364 [pool-726-thread-1] INFO  server.RaftServerConfigKeys (ConfUtils.java:logGet(46)) - raft.server.log.use.memory = false (default)
2023-04-11 11:26:23,365 [pool-726-thread-1] INFO  server.RaftServerConfigKeys (ConfUtils.java:logGet(46)) - raft.server.log.purge.gap = 1000000 (custom)
2023-04-11 11:26:23,365 [pool-726-thread-1] INFO  server.RaftServerConfigKeys (ConfUtils.java:logGet(46)) - raft.server.log.appender.buffer.byte-limit = 33554432 (custom)
2023-04-11 11:26:23,365 [pool-726-thread-1] INFO  server.RaftServerConfigKeys (ConfUtils.java:logGet(46)) - raft.server.log.statemachine.data.read.timeout = 1000ms (default)
2023-04-11 11:26:23,365 [pool-726-thread-1] INFO  server.RaftServerConfigKeys (ConfUtils.java:logGet(46)) - raft.server.log.purge.preservation.log.num = 0 (default)
2023-04-11 11:26:23,365 [pool-726-thread-1] INFO  server.RaftServerConfigKeys (ConfUtils.java:logGet(46)) - raft.server.log.segment.size.max = 1048576 (custom)
2023-04-11 11:26:23,365 [pool-726-thread-1] INFO  server.RaftServerConfigKeys (ConfUtils.java:logGet(46)) - raft.server.log.segment.cache.num.max = 2 (custom)
2023-04-11 11:26:23,365 [pool-726-thread-1] INFO  server.RaftServerConfigKeys (ConfUtils.java:logGet(46)) - raft.server.log.segment.cache.size.max = 200MB (=209715200) (default)
2023-04-11 11:26:23,365 [pool-726-thread-1] INFO  segmented.SegmentedRaftLogWorker (SegmentedRaftLogWorker.java:<init>(189)) - new 4d790031-0a50-4ffd-b1f5-2ef434e1e7d9@group-0A22133703FD-SegmentedRaftLogWorker for RaftStorageImpl:Storage Directory /home/runner/work/ozone/ozone/hadoop-ozone/integration-test/target/test-dir/MiniOzoneClusterImpl-96ac6092-8b7a-4e89-97e1-43be04ae58b3/datanode-1/data/ratis/9651f140-a930-4503-aeca-0a22133703fd
2023-04-11 11:26:23,365 [pool-726-thread-1] INFO  server.RaftServerConfigKeys (ConfUtils.java:logGet(46)) - raft.server.log.queue.byte-limit = 4294967296 (custom)
2023-04-11 11:26:23,365 [EventQueue-PipelineReportForPipelineReportHandler] INFO  pipeline.PipelineManagerImpl (PipelineManagerImpl.java:openPipeline(367)) - Pipeline Pipeline[ Id: 9651f140-a930-4503-aeca-0a22133703fd, Nodes: 4d790031-0a50-4ffd-b1f5-2ef434e1e7d9(fv-az590-525.scpgifznvsounmmscp2whtfmwe.cx.internal.cloudapp.net/10.1.0.37), ReplicationConfig: RATIS/ONE, State:ALLOCATED, leaderId:4d790031-0a50-4ffd-b1f5-2ef434e1e7d9, CreationTimestamp2023-04-11T11:26:20.361Z[Etc/UTC]] moved to OPEN state
2023-04-11 11:26:23,365 [pool-726-thread-1] INFO  server.RaftServerConfigKeys (ConfUtils.java:logGet(46)) - raft.server.log.queue.element-limit = 1024 (custom)
2023-04-11 11:26:23,365 [pool-726-thread-1] INFO  server.RaftServerConfigKeys (ConfUtils.java:logGet(46)) - raft.server.log.segment.size.max = 1048576 (custom)
2023-04-11 11:26:23,365 [pool-726-thread-1] INFO  server.RaftServerConfigKeys (ConfUtils.java:logGet(46)) - raft.server.log.preallocated.size = 16384 (custom)
2023-04-11 11:26:23,365 [pool-726-thread-1] INFO  server.RaftServerConfigKeys (ConfUtils.java:logGet(46)) - raft.server.log.force.sync.num = 128 (default)
2023-04-11 11:26:23,365 [pool-726-thread-1] INFO  server.RaftServerConfigKeys (ConfUtils.java:logGet(46)) - raft.server.log.statemachine.data.sync = true (default)
2023-04-11 11:26:23,366 [pool-726-thread-1] INFO  server.RaftServerConfigKeys (ConfUtils.java:logGet(46)) - raft.server.log.statemachine.data.sync.timeout = 10s (default)
2023-04-11 11:26:23,366 [pool-726-thread-1] INFO  server.RaftServerConfigKeys (ConfUtils.java:logGet(46)) - raft.server.log.statemachine.data.sync.timeout.retry = -1 (default)
2023-04-11 11:26:23,366 [EventQueue-OpenPipelineForHealthyPipelineSafeModeRule] INFO  safemode.SCMSafeModeManager (HealthyPipelineSafeModeRule.java:process(137)) - SCM in safe mode. Healthy pipelines reported count is 0, required healthy pipeline reported count is 1
2023-04-11 11:26:23,366 [pool-726-thread-1] INFO  server.RaftServerConfigKeys (ConfUtils.java:logGet(46)) - raft.server.log.write.buffer.size = 1048576 (custom)
2023-04-11 11:26:23,366 [pool-726-thread-1] INFO  server.RaftServerConfigKeys (ConfUtils.java:logGet(46)) - raft.server.log.appender.buffer.byte-limit = 33554432 (custom)
2023-04-11 11:26:23,371 [pool-726-thread-1] INFO  server.RaftServerConfigKeys (ConfUtils.java:logGet(46)) - raft.server.log.unsafe-flush.enabled = false (default)
2023-04-11 11:26:23,371 [pool-726-thread-1] INFO  server.RaftServerConfigKeys (ConfUtils.java:logGet(46)) - raft.server.log.async-flush.enabled = false (default)
2023-04-11 11:26:23,371 [pool-726-thread-1] INFO  server.RaftServerConfigKeys (ConfUtils.java:logGet(46)) - raft.server.log.statemachine.data.caching.enabled = true (custom)
2023-04-11 11:26:23,371 [pool-726-thread-1] INFO  segmented.SegmentedRaftLogWorker (SegmentedRaftLogWorker.java:lambda$new$0(135)) - 4d790031-0a50-4ffd-b1f5-2ef434e1e7d9@group-0A22133703FD-SegmentedRaftLogWorker: flushIndex: setUnconditionally 0 -> -1
2023-04-11 11:26:23,371 [pool-726-thread-1] INFO  segmented.SegmentedRaftLogWorker (SegmentedRaftLogWorker.java:lambda$new$0(135)) - 4d790031-0a50-4ffd-b1f5-2ef434e1e7d9@group-0A22133703FD-SegmentedRaftLogWorker: safeCacheEvictIndex: setUnconditionally 0 -> -1
2023-04-11 11:26:23,372 [pool-726-thread-1] INFO  server.RaftServer$Division (RaftServerImpl.java:start(334)) - 4d790031-0a50-4ffd-b1f5-2ef434e1e7d9@group-0A22133703FD: start as a follower, conf=-1: peers:[4d790031-0a50-4ffd-b1f5-2ef434e1e7d9|rpc:10.1.0.37:43649|dataStream:10.1.0.37:46225|priority:1|startupRole:FOLLOWER]|listeners:[], old=null
2023-04-11 11:26:23,372 [pool-726-thread-1] INFO  server.RaftServer$Division (RaftServerImpl.java:setRole(321)) - 4d790031-0a50-4ffd-b1f5-2ef434e1e7d9@group-0A22133703FD: changes role from      null to FOLLOWER at term 0 for startAsFollower
2023-04-11 11:26:23,372 [pool-726-thread-1] INFO  impl.RoleInfo (RoleInfo.java:updateAndGet(139)) - 4d790031-0a50-4ffd-b1f5-2ef434e1e7d9: start 4d790031-0a50-4ffd-b1f5-2ef434e1e7d9@group-0A22133703FD-FollowerState
2023-04-11 11:26:23,372 [4d790031-0a50-4ffd-b1f5-2ef434e1e7d9@group-0A22133703FD-FollowerState] INFO  server.RaftServerConfigKeys (ConfUtils.java:logFallback(53)) - raft.server.rpc.first-election.timeout.min = 5s (fallback to raft.server.rpc.timeout.min)
2023-04-11 11:26:23,375 [pool-726-thread-1] INFO  util.JmxRegister (JmxRegister.java:tryRegister(44)) - Successfully registered JMX Bean with object name Ratis:service=RaftServer,group=group-0A22133703FD,id=4d790031-0a50-4ffd-b1f5-2ef434e1e7d9
2023-04-11 11:26:23,375 [4d790031-0a50-4ffd-b1f5-2ef434e1e7d9@group-0A22133703FD-FollowerState] INFO  server.RaftServerConfigKeys (ConfUtils.java:logFallback(53)) - raft.server.rpc.first-election.timeout.max = 5200ms (fallback to raft.server.rpc.timeout.max)
2023-04-11 11:26:23,375 [pool-726-thread-1] INFO  server.RaftServerConfigKeys (ConfUtils.java:logGet(46)) - raft.server.snapshot.auto.trigger.enabled = true (custom)
2023-04-11 11:26:23,375 [pool-726-thread-1] INFO  server.RaftServerConfigKeys (ConfUtils.java:logGet(46)) - raft.server.snapshot.auto.trigger.threshold = 10000 (custom)
2023-04-11 11:26:23,375 [pool-726-thread-1] INFO  server.RaftServerConfigKeys (ConfUtils.java:logGet(46)) - raft.server.snapshot.retention.file.num = 5 (custom)
2023-04-11 11:26:23,376 [pool-726-thread-1] INFO  server.RaftServerConfigKeys (ConfUtils.java:logGet(46)) - raft.server.log.purge.upto.snapshot.index = false (default)
2023-04-11 11:26:23,376 [Command processor thread] INFO  ratis.XceiverServerRatis (XceiverServerRatis.java:addGroup(806)) - Created group PipelineID=9651f140-a930-4503-aeca-0a22133703fd
2023-04-11 11:26:23,376 [Command processor thread] INFO  commandhandler.CreatePipelineCommandHandler (CreatePipelineCommandHandler.java:handle(113)) - Created Pipeline RATIS ONE PipelineID=9651f140-a930-4503-aeca-0a22133703fd.
2023-04-11 11:26:23,700 [Command processor thread] INFO  server.RaftServer (RaftServerProxy.java:addNew(96)) - caa308e7-95fe-4c5f-9440-a942b893081e: addNew group-C1CC3CDA4CD1:[caa308e7-95fe-4c5f-9440-a942b893081e|rpc:10.1.0.37:35655|dataStream:10.1.0.37:42291|priority:1|startupRole:FOLLOWER] returns group-C1CC3CDA4CD1:java.util.concurrent.CompletableFuture@7094ed78[Not completed]
2023-04-11 11:26:23,701 [pool-748-thread-1] INFO  server.RaftServer$Division (RaftServerImpl.java:<init>(195)) - caa308e7-95fe-4c5f-9440-a942b893081e: new RaftServerImpl for group-C1CC3CDA4CD1:[caa308e7-95fe-4c5f-9440-a942b893081e|rpc:10.1.0.37:35655|dataStream:10.1.0.37:42291|priority:1|startupRole:FOLLOWER] with ContainerStateMachine:uninitialized
2023-04-11 11:26:23,701 [pool-748-thread-1] INFO  server.RaftServerConfigKeys (ConfUtils.java:logGet(46)) - raft.server.rpc.timeout.min = 5s (custom)
2023-04-11 11:26:23,701 [pool-748-thread-1] INFO  server.RaftServerConfigKeys (ConfUtils.java:logGet(46)) - raft.server.rpc.timeout.max = 5200ms (custom)
2023-04-11 11:26:23,701 [pool-748-thread-1] INFO  server.RaftServerConfigKeys (ConfUtils.java:logGet(46)) - raft.server.rpc.sleep.time = 25ms (default)
2023-04-11 11:26:23,701 [pool-748-thread-1] INFO  server.RaftServerConfigKeys (ConfUtils.java:logGet(46)) - raft.server.rpc.slowness.timeout = 300s (custom)
2023-04-11 11:26:23,701 [pool-748-thread-1] INFO  server.RaftServerConfigKeys (ConfUtils.java:logGet(46)) - raft.server.leaderelection.leader.step-down.wait-time = 10s (default)
2023-04-11 11:26:23,701 [pool-748-thread-1] INFO  server.RaftServerConfigKeys (ConfUtils.java:logGet(46)) - raft.server.sleep.deviation.threshold = 300ms (default)
2023-04-11 11:26:23,701 [pool-748-thread-1] INFO  server.RaftServer$Division (ServerState.java:<init>(118)) - caa308e7-95fe-4c5f-9440-a942b893081e@group-C1CC3CDA4CD1: ConfigurationManager, init=-1: peers:[caa308e7-95fe-4c5f-9440-a942b893081e|rpc:10.1.0.37:35655|dataStream:10.1.0.37:42291|priority:1|startupRole:FOLLOWER]|listeners:[], old=null, confs=<EMPTY_MAP>
2023-04-11 11:26:23,701 [pool-748-thread-1] INFO  server.RaftServerConfigKeys (ConfUtils.java:logGet(46)) - raft.server.storage.dir = [/home/runner/work/ozone/ozone/hadoop-ozone/integration-test/target/test-dir/MiniOzoneClusterImpl-96ac6092-8b7a-4e89-97e1-43be04ae58b3/datanode-2/data/ratis] (custom)
2023-04-11 11:26:23,702 [pool-748-thread-1] INFO  server.RaftServerConfigKeys (ConfUtils.java:logGet(46)) - raft.server.log.corruption.policy = EXCEPTION (default)
2023-04-11 11:26:23,702 [pool-748-thread-1] INFO  server.RaftServerConfigKeys (ConfUtils.java:logGet(46)) - raft.server.storage.free-space.min = 0MB (=0) (default)
2023-04-11 11:26:23,702 [pool-748-thread-1] INFO  server.RaftServerConfigKeys (ConfUtils.java:logGet(46)) - raft.server.notification.no-leader.timeout = 300s (custom)
2023-04-11 11:26:23,702 [pool-748-thread-1] INFO  server.RaftServerConfigKeys (ConfUtils.java:logGet(46)) - raft.server.retrycache.expirytime = 600000ms (custom)
2023-04-11 11:26:23,702 [pool-748-thread-1] INFO  server.RaftServerConfigKeys (ConfUtils.java:logGet(46)) - raft.server.retrycache.statistics.expirytime = 100μs (default)
2023-04-11 11:26:23,702 [pool-748-thread-1] INFO  server.RaftServerConfigKeys (ConfUtils.java:logGet(46)) - raft.server.log.appender.install.snapshot.enabled = false (custom)
2023-04-11 11:26:23,703 [pool-748-thread-1] INFO  server.RaftServerConfigKeys (ConfUtils.java:logGet(46)) - raft.server.threadpool.server.cached = true (default)
2023-04-11 11:26:23,703 [pool-748-thread-1] INFO  server.RaftServerConfigKeys (ConfUtils.java:logGet(46)) - raft.server.threadpool.server.size = 0 (default)
2023-04-11 11:26:23,703 [pool-748-thread-1] INFO  server.RaftServerConfigKeys (ConfUtils.java:logGet(46)) - raft.server.threadpool.client.cached = true (default)
2023-04-11 11:26:23,703 [pool-748-thread-1] INFO  server.RaftServerConfigKeys (ConfUtils.java:logGet(46)) - raft.server.threadpool.client.size = 0 (default)
2023-04-11 11:26:23,703 [pool-748-thread-1] INFO  storage.RaftStorageDirectory (RaftStorageDirectoryImpl.java:analyzeStorage(137)) - The storage directory /home/runner/work/ozone/ozone/hadoop-ozone/integration-test/target/test-dir/MiniOzoneClusterImpl-96ac6092-8b7a-4e89-97e1-43be04ae58b3/datanode-2/data/ratis/f9c6ba09-a119-4d8a-b88a-c1cc3cda4cd1 does not exist. Creating ...
2023-04-11 11:26:23,704 [pool-748-thread-1] INFO  storage.RaftStorageDirectory (RaftStorageDirectoryImpl.java:tryLock(231)) - Lock on /home/runner/work/ozone/ozone/hadoop-ozone/integration-test/target/test-dir/MiniOzoneClusterImpl-96ac6092-8b7a-4e89-97e1-43be04ae58b3/datanode-2/data/ratis/f9c6ba09-a119-4d8a-b88a-c1cc3cda4cd1/in_use.lock acquired by nodename 48974@fv-az590-525
2023-04-11 11:26:23,708 [pool-748-thread-1] INFO  storage.RaftStorage (RaftStorageImpl.java:format(96)) - Storage directory /home/runner/work/ozone/ozone/hadoop-ozone/integration-test/target/test-dir/MiniOzoneClusterImpl-96ac6092-8b7a-4e89-97e1-43be04ae58b3/datanode-2/data/ratis/f9c6ba09-a119-4d8a-b88a-c1cc3cda4cd1 has been successfully formatted.
2023-04-11 11:26:23,709 [pool-748-thread-1] INFO  ratis.ContainerStateMachine (ContainerStateMachine.java:loadSnapshot(262)) - group-C1CC3CDA4CD1: The snapshot info is null. Setting the last applied indexto:(t:0, i:~)
2023-04-11 11:26:23,709 [pool-748-thread-1] INFO  server.RaftServerConfigKeys (ConfUtils.java:logGet(46)) - raft.server.log.use.memory = false (default)
2023-04-11 11:26:23,709 [pool-748-thread-1] INFO  server.RaftServerConfigKeys (ConfUtils.java:logGet(46)) - raft.server.log.purge.gap = 1000000 (custom)
2023-04-11 11:26:23,709 [pool-748-thread-1] INFO  server.RaftServerConfigKeys (ConfUtils.java:logGet(46)) - raft.server.log.appender.buffer.byte-limit = 33554432 (custom)
2023-04-11 11:26:23,709 [pool-748-thread-1] INFO  server.RaftServerConfigKeys (ConfUtils.java:logGet(46)) - raft.server.log.statemachine.data.read.timeout = 1000ms (default)
2023-04-11 11:26:23,709 [pool-748-thread-1] INFO  server.RaftServerConfigKeys (ConfUtils.java:logGet(46)) - raft.server.log.purge.preservation.log.num = 0 (default)
2023-04-11 11:26:23,709 [pool-748-thread-1] INFO  server.RaftServerConfigKeys (ConfUtils.java:logGet(46)) - raft.server.log.segment.size.max = 1048576 (custom)
2023-04-11 11:26:23,709 [pool-748-thread-1] INFO  server.RaftServerConfigKeys (ConfUtils.java:logGet(46)) - raft.server.log.segment.cache.num.max = 2 (custom)
2023-04-11 11:26:23,709 [pool-748-thread-1] INFO  server.RaftServerConfigKeys (ConfUtils.java:logGet(46)) - raft.server.log.segment.cache.size.max = 200MB (=209715200) (default)
2023-04-11 11:26:23,710 [pool-748-thread-1] INFO  segmented.SegmentedRaftLogWorker (SegmentedRaftLogWorker.java:<init>(189)) - new caa308e7-95fe-4c5f-9440-a942b893081e@group-C1CC3CDA4CD1-SegmentedRaftLogWorker for RaftStorageImpl:Storage Directory /home/runner/work/ozone/ozone/hadoop-ozone/integration-test/target/test-dir/MiniOzoneClusterImpl-96ac6092-8b7a-4e89-97e1-43be04ae58b3/datanode-2/data/ratis/f9c6ba09-a119-4d8a-b88a-c1cc3cda4cd1
2023-04-11 11:26:23,710 [pool-748-thread-1] INFO  server.RaftServerConfigKeys (ConfUtils.java:logGet(46)) - raft.server.log.queue.byte-limit = 4294967296 (custom)
2023-04-11 11:26:23,710 [pool-748-thread-1] INFO  server.RaftServerConfigKeys (ConfUtils.java:logGet(46)) - raft.server.log.queue.element-limit = 1024 (custom)
2023-04-11 11:26:23,710 [pool-748-thread-1] INFO  server.RaftServerConfigKeys (ConfUtils.java:logGet(46)) - raft.server.log.segment.size.max = 1048576 (custom)
2023-04-11 11:26:23,710 [pool-748-thread-1] INFO  server.RaftServerConfigKeys (ConfUtils.java:logGet(46)) - raft.server.log.preallocated.size = 16384 (custom)
2023-04-11 11:26:23,710 [pool-748-thread-1] INFO  server.RaftServerConfigKeys (ConfUtils.java:logGet(46)) - raft.server.log.force.sync.num = 128 (default)
2023-04-11 11:26:23,710 [pool-748-thread-1] INFO  server.RaftServerConfigKeys (ConfUtils.java:logGet(46)) - raft.server.log.statemachine.data.sync = true (default)
2023-04-11 11:26:23,710 [pool-748-thread-1] INFO  server.RaftServerConfigKeys (ConfUtils.java:logGet(46)) - raft.server.log.statemachine.data.sync.timeout = 10s (default)
2023-04-11 11:26:23,710 [pool-748-thread-1] INFO  server.RaftServerConfigKeys (ConfUtils.java:logGet(46)) - raft.server.log.statemachine.data.sync.timeout.retry = -1 (default)
2023-04-11 11:26:23,710 [EventQueue-PipelineReportForPipelineReportHandler] INFO  pipeline.PipelineManagerImpl (PipelineManagerImpl.java:openPipeline(367)) - Pipeline Pipeline[ Id: f9c6ba09-a119-4d8a-b88a-c1cc3cda4cd1, Nodes: caa308e7-95fe-4c5f-9440-a942b893081e(fv-az590-525.scpgifznvsounmmscp2whtfmwe.cx.internal.cloudapp.net/10.1.0.37), ReplicationConfig: RATIS/ONE, State:ALLOCATED, leaderId:caa308e7-95fe-4c5f-9440-a942b893081e, CreationTimestamp2023-04-11T11:26:20.702Z[Etc/UTC]] moved to OPEN state
2023-04-11 11:26:23,710 [pool-748-thread-1] INFO  server.RaftServerConfigKeys (ConfUtils.java:logGet(46)) - raft.server.log.write.buffer.size = 1048576 (custom)
2023-04-11 11:26:23,710 [EventQueue-OpenPipelineForHealthyPipelineSafeModeRule] INFO  safemode.SCMSafeModeManager (HealthyPipelineSafeModeRule.java:process(137)) - SCM in safe mode. Healthy pipelines reported count is 0, required healthy pipeline reported count is 1
2023-04-11 11:26:23,711 [pool-748-thread-1] INFO  server.RaftServerConfigKeys (ConfUtils.java:logGet(46)) - raft.server.log.appender.buffer.byte-limit = 33554432 (custom)
2023-04-11 11:26:23,716 [pool-748-thread-1] INFO  server.RaftServerConfigKeys (ConfUtils.java:logGet(46)) - raft.server.log.unsafe-flush.enabled = false (default)
2023-04-11 11:26:23,716 [pool-748-thread-1] INFO  server.RaftServerConfigKeys (ConfUtils.java:logGet(46)) - raft.server.log.async-flush.enabled = false (default)
2023-04-11 11:26:23,716 [pool-748-thread-1] INFO  server.RaftServerConfigKeys (ConfUtils.java:logGet(46)) - raft.server.log.statemachine.data.caching.enabled = true (custom)
2023-04-11 11:26:23,716 [pool-748-thread-1] INFO  segmented.SegmentedRaftLogWorker (SegmentedRaftLogWorker.java:lambda$new$0(135)) - caa308e7-95fe-4c5f-9440-a942b893081e@group-C1CC3CDA4CD1-SegmentedRaftLogWorker: flushIndex: setUnconditionally 0 -> -1
2023-04-11 11:26:23,716 [pool-748-thread-1] INFO  segmented.SegmentedRaftLogWorker (SegmentedRaftLogWorker.java:lambda$new$0(135)) - caa308e7-95fe-4c5f-9440-a942b893081e@group-C1CC3CDA4CD1-SegmentedRaftLogWorker: safeCacheEvictIndex: setUnconditionally 0 -> -1
2023-04-11 11:26:23,717 [pool-748-thread-1] INFO  server.RaftServer$Division (RaftServerImpl.java:start(334)) - caa308e7-95fe-4c5f-9440-a942b893081e@group-C1CC3CDA4CD1: start as a follower, conf=-1: peers:[caa308e7-95fe-4c5f-9440-a942b893081e|rpc:10.1.0.37:35655|dataStream:10.1.0.37:42291|priority:1|startupRole:FOLLOWER]|listeners:[], old=null
2023-04-11 11:26:23,717 [pool-748-thread-1] INFO  server.RaftServer$Division (RaftServerImpl.java:setRole(321)) - caa308e7-95fe-4c5f-9440-a942b893081e@group-C1CC3CDA4CD1: changes role from      null to FOLLOWER at term 0 for startAsFollower
2023-04-11 11:26:23,717 [pool-748-thread-1] INFO  impl.RoleInfo (RoleInfo.java:updateAndGet(139)) - caa308e7-95fe-4c5f-9440-a942b893081e: start caa308e7-95fe-4c5f-9440-a942b893081e@group-C1CC3CDA4CD1-FollowerState
2023-04-11 11:26:23,717 [pool-748-thread-1] INFO  util.JmxRegister (JmxRegister.java:tryRegister(44)) - Successfully registered JMX Bean with object name Ratis:service=RaftServer,group=group-C1CC3CDA4CD1,id=caa308e7-95fe-4c5f-9440-a942b893081e
2023-04-11 11:26:23,717 [pool-748-thread-1] INFO  server.RaftServerConfigKeys (ConfUtils.java:logGet(46)) - raft.server.snapshot.auto.trigger.enabled = true (custom)
2023-04-11 11:26:23,717 [pool-748-thread-1] INFO  server.RaftServerConfigKeys (ConfUtils.java:logGet(46)) - raft.server.snapshot.auto.trigger.threshold = 10000 (custom)
2023-04-11 11:26:23,717 [pool-748-thread-1] INFO  server.RaftServerConfigKeys (ConfUtils.java:logGet(46)) - raft.server.snapshot.retention.file.num = 5 (custom)
2023-04-11 11:26:23,717 [pool-748-thread-1] INFO  server.RaftServerConfigKeys (ConfUtils.java:logGet(46)) - raft.server.log.purge.upto.snapshot.index = false (default)
2023-04-11 11:26:23,718 [caa308e7-95fe-4c5f-9440-a942b893081e@group-C1CC3CDA4CD1-FollowerState] INFO  server.RaftServerConfigKeys (ConfUtils.java:logFallback(53)) - raft.server.rpc.first-election.timeout.min = 5s (fallback to raft.server.rpc.timeout.min)
2023-04-11 11:26:23,718 [caa308e7-95fe-4c5f-9440-a942b893081e@group-C1CC3CDA4CD1-FollowerState] INFO  server.RaftServerConfigKeys (ConfUtils.java:logFallback(53)) - raft.server.rpc.first-election.timeout.max = 5200ms (fallback to raft.server.rpc.timeout.max)
2023-04-11 11:26:23,718 [Command processor thread] INFO  ratis.XceiverServerRatis (XceiverServerRatis.java:addGroup(806)) - Created group PipelineID=f9c6ba09-a119-4d8a-b88a-c1cc3cda4cd1
2023-04-11 11:26:23,718 [Command processor thread] INFO  commandhandler.CreatePipelineCommandHandler (CreatePipelineCommandHandler.java:handle(113)) - Created Pipeline RATIS ONE PipelineID=f9c6ba09-a119-4d8a-b88a-c1cc3cda4cd1.
2023-04-11 11:26:24,030 [Command processor thread] INFO  server.RaftServer (RaftServerProxy.java:addNew(96)) - 8800b703-234b-42c9-a364-cc0e28a54155: addNew group-4BA95C5FE5BE:[8800b703-234b-42c9-a364-cc0e28a54155|rpc:10.1.0.37:41347|dataStream:10.1.0.37:33097|priority:1|startupRole:FOLLOWER] returns group-4BA95C5FE5BE:java.util.concurrent.CompletableFuture@5658d332[Not completed]
2023-04-11 11:26:24,031 [pool-770-thread-1] INFO  server.RaftServer$Division (RaftServerImpl.java:<init>(195)) - 8800b703-234b-42c9-a364-cc0e28a54155: new RaftServerImpl for group-4BA95C5FE5BE:[8800b703-234b-42c9-a364-cc0e28a54155|rpc:10.1.0.37:41347|dataStream:10.1.0.37:33097|priority:1|startupRole:FOLLOWER] with ContainerStateMachine:uninitialized
2023-04-11 11:26:24,032 [pool-770-thread-1] INFO  server.RaftServerConfigKeys (ConfUtils.java:logGet(46)) - raft.server.rpc.timeout.min = 5s (custom)
2023-04-11 11:26:24,032 [pool-770-thread-1] INFO  server.RaftServerConfigKeys (ConfUtils.java:logGet(46)) - raft.server.rpc.timeout.max = 5200ms (custom)
2023-04-11 11:26:24,032 [pool-770-thread-1] INFO  server.RaftServerConfigKeys (ConfUtils.java:logGet(46)) - raft.server.rpc.sleep.time = 25ms (default)
2023-04-11 11:26:24,032 [pool-770-thread-1] INFO  server.RaftServerConfigKeys (ConfUtils.java:logGet(46)) - raft.server.rpc.slowness.timeout = 300s (custom)
2023-04-11 11:26:24,032 [pool-770-thread-1] INFO  server.RaftServerConfigKeys (ConfUtils.java:logGet(46)) - raft.server.leaderelection.leader.step-down.wait-time = 10s (default)
2023-04-11 11:26:24,032 [pool-770-thread-1] INFO  server.RaftServerConfigKeys (ConfUtils.java:logGet(46)) - raft.server.sleep.deviation.threshold = 300ms (default)
2023-04-11 11:26:24,032 [pool-770-thread-1] INFO  server.RaftServer$Division (ServerState.java:<init>(118)) - 8800b703-234b-42c9-a364-cc0e28a54155@group-4BA95C5FE5BE: ConfigurationManager, init=-1: peers:[8800b703-234b-42c9-a364-cc0e28a54155|rpc:10.1.0.37:41347|dataStream:10.1.0.37:33097|priority:1|startupRole:FOLLOWER]|listeners:[], old=null, confs=<EMPTY_MAP>
2023-04-11 11:26:24,032 [pool-770-thread-1] INFO  server.RaftServerConfigKeys (ConfUtils.java:logGet(46)) - raft.server.storage.dir = [/home/runner/work/ozone/ozone/hadoop-ozone/integration-test/target/test-dir/MiniOzoneClusterImpl-96ac6092-8b7a-4e89-97e1-43be04ae58b3/datanode-3/data/ratis] (custom)
2023-04-11 11:26:24,032 [pool-770-thread-1] INFO  server.RaftServerConfigKeys (ConfUtils.java:logGet(46)) - raft.server.log.corruption.policy = EXCEPTION (default)
2023-04-11 11:26:24,032 [pool-770-thread-1] INFO  server.RaftServerConfigKeys (ConfUtils.java:logGet(46)) - raft.server.storage.free-space.min = 0MB (=0) (default)
2023-04-11 11:26:24,032 [pool-770-thread-1] INFO  server.RaftServerConfigKeys (ConfUtils.java:logGet(46)) - raft.server.notification.no-leader.timeout = 300s (custom)
2023-04-11 11:26:24,032 [pool-770-thread-1] INFO  server.RaftServerConfigKeys (ConfUtils.java:logGet(46)) - raft.server.retrycache.expirytime = 600000ms (custom)
2023-04-11 11:26:24,032 [pool-770-thread-1] INFO  server.RaftServerConfigKeys (ConfUtils.java:logGet(46)) - raft.server.retrycache.statistics.expirytime = 100μs (default)
2023-04-11 11:26:24,033 [pool-770-thread-1] INFO  server.RaftServerConfigKeys (ConfUtils.java:logGet(46)) - raft.server.log.appender.install.snapshot.enabled = false (custom)
2023-04-11 11:26:24,033 [pool-770-thread-1] INFO  server.RaftServerConfigKeys (ConfUtils.java:logGet(46)) - raft.server.threadpool.server.cached = true (default)
2023-04-11 11:26:24,033 [pool-770-thread-1] INFO  server.RaftServerConfigKeys (ConfUtils.java:logGet(46)) - raft.server.threadpool.server.size = 0 (default)
2023-04-11 11:26:24,033 [pool-770-thread-1] INFO  server.RaftServerConfigKeys (ConfUtils.java:logGet(46)) - raft.server.threadpool.client.cached = true (default)
2023-04-11 11:26:24,033 [pool-770-thread-1] INFO  server.RaftServerConfigKeys (ConfUtils.java:logGet(46)) - raft.server.threadpool.client.size = 0 (default)
2023-04-11 11:26:24,033 [pool-770-thread-1] INFO  storage.RaftStorageDirectory (RaftStorageDirectoryImpl.java:analyzeStorage(137)) - The storage directory /home/runner/work/ozone/ozone/hadoop-ozone/integration-test/target/test-dir/MiniOzoneClusterImpl-96ac6092-8b7a-4e89-97e1-43be04ae58b3/datanode-3/data/ratis/88cc87c0-db4c-4684-8e7f-4ba95c5fe5be does not exist. Creating ...
2023-04-11 11:26:24,035 [pool-770-thread-1] INFO  storage.RaftStorageDirectory (RaftStorageDirectoryImpl.java:tryLock(231)) - Lock on /home/runner/work/ozone/ozone/hadoop-ozone/integration-test/target/test-dir/MiniOzoneClusterImpl-96ac6092-8b7a-4e89-97e1-43be04ae58b3/datanode-3/data/ratis/88cc87c0-db4c-4684-8e7f-4ba95c5fe5be/in_use.lock acquired by nodename 48974@fv-az590-525
2023-04-11 11:26:24,036 [pool-770-thread-1] INFO  storage.RaftStorage (RaftStorageImpl.java:format(96)) - Storage directory /home/runner/work/ozone/ozone/hadoop-ozone/integration-test/target/test-dir/MiniOzoneClusterImpl-96ac6092-8b7a-4e89-97e1-43be04ae58b3/datanode-3/data/ratis/88cc87c0-db4c-4684-8e7f-4ba95c5fe5be has been successfully formatted.
2023-04-11 11:26:24,038 [pool-770-thread-1] INFO  ratis.ContainerStateMachine (ContainerStateMachine.java:loadSnapshot(262)) - group-4BA95C5FE5BE: The snapshot info is null. Setting the last applied indexto:(t:0, i:~)
2023-04-11 11:26:24,038 [pool-770-thread-1] INFO  server.RaftServerConfigKeys (ConfUtils.java:logGet(46)) - raft.server.log.use.memory = false (default)
2023-04-11 11:26:24,038 [pool-770-thread-1] INFO  server.RaftServerConfigKeys (ConfUtils.java:logGet(46)) - raft.server.log.purge.gap = 1000000 (custom)
2023-04-11 11:26:24,038 [pool-770-thread-1] INFO  server.RaftServerConfigKeys (ConfUtils.java:logGet(46)) - raft.server.log.appender.buffer.byte-limit = 33554432 (custom)
2023-04-11 11:26:24,038 [pool-770-thread-1] INFO  server.RaftServerConfigKeys (ConfUtils.java:logGet(46)) - raft.server.log.statemachine.data.read.timeout = 1000ms (default)
2023-04-11 11:26:24,038 [pool-770-thread-1] INFO  server.RaftServerConfigKeys (ConfUtils.java:logGet(46)) - raft.server.log.purge.preservation.log.num = 0 (default)
2023-04-11 11:26:24,038 [EventQueue-PipelineReportForPipelineReportHandler] INFO  pipeline.PipelineManagerImpl (PipelineManagerImpl.java:openPipeline(367)) - Pipeline Pipeline[ Id: 88cc87c0-db4c-4684-8e7f-4ba95c5fe5be, Nodes: 8800b703-234b-42c9-a364-cc0e28a54155(fv-az590-525.scpgifznvsounmmscp2whtfmwe.cx.internal.cloudapp.net/10.1.0.37), ReplicationConfig: RATIS/ONE, State:ALLOCATED, leaderId:8800b703-234b-42c9-a364-cc0e28a54155, CreationTimestamp2023-04-11T11:26:21.030Z[Etc/UTC]] moved to OPEN state
2023-04-11 11:26:24,039 [pool-770-thread-1] INFO  server.RaftServerConfigKeys (ConfUtils.java:logGet(46)) - raft.server.log.segment.size.max = 1048576 (custom)
2023-04-11 11:26:24,039 [pool-770-thread-1] INFO  server.RaftServerConfigKeys (ConfUtils.java:logGet(46)) - raft.server.log.segment.cache.num.max = 2 (custom)
2023-04-11 11:26:24,039 [pool-770-thread-1] INFO  server.RaftServerConfigKeys (ConfUtils.java:logGet(46)) - raft.server.log.segment.cache.size.max = 200MB (=209715200) (default)
2023-04-11 11:26:24,039 [EventQueue-OpenPipelineForHealthyPipelineSafeModeRule] INFO  safemode.SCMSafeModeManager (HealthyPipelineSafeModeRule.java:process(137)) - SCM in safe mode. Healthy pipelines reported count is 0, required healthy pipeline reported count is 1
2023-04-11 11:26:24,039 [pool-770-thread-1] INFO  segmented.SegmentedRaftLogWorker (SegmentedRaftLogWorker.java:<init>(189)) - new 8800b703-234b-42c9-a364-cc0e28a54155@group-4BA95C5FE5BE-SegmentedRaftLogWorker for RaftStorageImpl:Storage Directory /home/runner/work/ozone/ozone/hadoop-ozone/integration-test/target/test-dir/MiniOzoneClusterImpl-96ac6092-8b7a-4e89-97e1-43be04ae58b3/datanode-3/data/ratis/88cc87c0-db4c-4684-8e7f-4ba95c5fe5be
2023-04-11 11:26:24,039 [pool-770-thread-1] INFO  server.RaftServerConfigKeys (ConfUtils.java:logGet(46)) - raft.server.log.queue.byte-limit = 4294967296 (custom)
2023-04-11 11:26:24,039 [pool-770-thread-1] INFO  server.RaftServerConfigKeys (ConfUtils.java:logGet(46)) - raft.server.log.queue.element-limit = 1024 (custom)
2023-04-11 11:26:24,039 [pool-770-thread-1] INFO  server.RaftServerConfigKeys (ConfUtils.java:logGet(46)) - raft.server.log.segment.size.max = 1048576 (custom)
2023-04-11 11:26:24,039 [pool-770-thread-1] INFO  server.RaftServerConfigKeys (ConfUtils.java:logGet(46)) - raft.server.log.preallocated.size = 16384 (custom)
2023-04-11 11:26:24,039 [pool-770-thread-1] INFO  server.RaftServerConfigKeys (ConfUtils.java:logGet(46)) - raft.server.log.force.sync.num = 128 (default)
2023-04-11 11:26:24,039 [pool-770-thread-1] INFO  server.RaftServerConfigKeys (ConfUtils.java:logGet(46)) - raft.server.log.statemachine.data.sync = true (default)
2023-04-11 11:26:24,039 [pool-770-thread-1] INFO  server.RaftServerConfigKeys (ConfUtils.java:logGet(46)) - raft.server.log.statemachine.data.sync.timeout = 10s (default)
2023-04-11 11:26:24,039 [pool-770-thread-1] INFO  server.RaftServerConfigKeys (ConfUtils.java:logGet(46)) - raft.server.log.statemachine.data.sync.timeout.retry = -1 (default)
2023-04-11 11:26:24,040 [pool-770-thread-1] INFO  server.RaftServerConfigKeys (ConfUtils.java:logGet(46)) - raft.server.log.write.buffer.size = 1048576 (custom)
2023-04-11 11:26:24,040 [pool-770-thread-1] INFO  server.RaftServerConfigKeys (ConfUtils.java:logGet(46)) - raft.server.log.appender.buffer.byte-limit = 33554432 (custom)
2023-04-11 11:26:24,045 [pool-770-thread-1] INFO  server.RaftServerConfigKeys (ConfUtils.java:logGet(46)) - raft.server.log.unsafe-flush.enabled = false (default)
2023-04-11 11:26:24,045 [pool-770-thread-1] INFO  server.RaftServerConfigKeys (ConfUtils.java:logGet(46)) - raft.server.log.async-flush.enabled = false (default)
2023-04-11 11:26:24,045 [pool-770-thread-1] INFO  server.RaftServerConfigKeys (ConfUtils.java:logGet(46)) - raft.server.log.statemachine.data.caching.enabled = true (custom)
2023-04-11 11:26:24,045 [pool-770-thread-1] INFO  segmented.SegmentedRaftLogWorker (SegmentedRaftLogWorker.java:lambda$new$0(135)) - 8800b703-234b-42c9-a364-cc0e28a54155@group-4BA95C5FE5BE-SegmentedRaftLogWorker: flushIndex: setUnconditionally 0 -> -1
2023-04-11 11:26:24,045 [pool-770-thread-1] INFO  segmented.SegmentedRaftLogWorker (SegmentedRaftLogWorker.java:lambda$new$0(135)) - 8800b703-234b-42c9-a364-cc0e28a54155@group-4BA95C5FE5BE-SegmentedRaftLogWorker: safeCacheEvictIndex: setUnconditionally 0 -> -1
2023-04-11 11:26:24,046 [pool-770-thread-1] INFO  server.RaftServer$Division (RaftServerImpl.java:start(334)) - 8800b703-234b-42c9-a364-cc0e28a54155@group-4BA95C5FE5BE: start as a follower, conf=-1: peers:[8800b703-234b-42c9-a364-cc0e28a54155|rpc:10.1.0.37:41347|dataStream:10.1.0.37:33097|priority:1|startupRole:FOLLOWER]|listeners:[], old=null
2023-04-11 11:26:24,046 [pool-770-thread-1] INFO  server.RaftServer$Division (RaftServerImpl.java:setRole(321)) - 8800b703-234b-42c9-a364-cc0e28a54155@group-4BA95C5FE5BE: changes role from      null to FOLLOWER at term 0 for startAsFollower
2023-04-11 11:26:24,046 [pool-770-thread-1] INFO  impl.RoleInfo (RoleInfo.java:updateAndGet(139)) - 8800b703-234b-42c9-a364-cc0e28a54155: start 8800b703-234b-42c9-a364-cc0e28a54155@group-4BA95C5FE5BE-FollowerState
2023-04-11 11:26:24,046 [8800b703-234b-42c9-a364-cc0e28a54155@group-4BA95C5FE5BE-FollowerState] INFO  server.RaftServerConfigKeys (ConfUtils.java:logFallback(53)) - raft.server.rpc.first-election.timeout.min = 5s (fallback to raft.server.rpc.timeout.min)
2023-04-11 11:26:24,046 [pool-770-thread-1] INFO  util.JmxRegister (JmxRegister.java:tryRegister(44)) - Successfully registered JMX Bean with object name Ratis:service=RaftServer,group=group-4BA95C5FE5BE,id=8800b703-234b-42c9-a364-cc0e28a54155
2023-04-11 11:26:24,046 [8800b703-234b-42c9-a364-cc0e28a54155@group-4BA95C5FE5BE-FollowerState] INFO  server.RaftServerConfigKeys (ConfUtils.java:logFallback(53)) - raft.server.rpc.first-election.timeout.max = 5200ms (fallback to raft.server.rpc.timeout.max)
2023-04-11 11:26:24,046 [pool-770-thread-1] INFO  server.RaftServerConfigKeys (ConfUtils.java:logGet(46)) - raft.server.snapshot.auto.trigger.enabled = true (custom)
2023-04-11 11:26:24,046 [pool-770-thread-1] INFO  server.RaftServerConfigKeys (ConfUtils.java:logGet(46)) - raft.server.snapshot.auto.trigger.threshold = 10000 (custom)
2023-04-11 11:26:24,046 [pool-770-thread-1] INFO  server.RaftServerConfigKeys (ConfUtils.java:logGet(46)) - raft.server.snapshot.retention.file.num = 5 (custom)
2023-04-11 11:26:24,046 [pool-770-thread-1] INFO  server.RaftServerConfigKeys (ConfUtils.java:logGet(46)) - raft.server.log.purge.upto.snapshot.index = false (default)
2023-04-11 11:26:24,047 [Command processor thread] INFO  ratis.XceiverServerRatis (XceiverServerRatis.java:addGroup(806)) - Created group PipelineID=88cc87c0-db4c-4684-8e7f-4ba95c5fe5be
2023-04-11 11:26:24,047 [Command processor thread] INFO  commandhandler.CreatePipelineCommandHandler (CreatePipelineCommandHandler.java:handle(113)) - Created Pipeline RATIS ONE PipelineID=88cc87c0-db4c-4684-8e7f-4ba95c5fe5be.
2023-04-11 11:26:24,357 [Listener at 127.0.0.1/44509] INFO  ozone.MiniOzoneClusterImpl (MiniOzoneClusterImpl.java:lambda$waitForClusterToBeReady$0(222)) - Nodes are ready. Got 5 of 5 DN Heartbeats.
2023-04-11 11:26:24,358 [Listener at 127.0.0.1/44509] INFO  ozone.MiniOzoneClusterImpl (MiniOzoneClusterImpl.java:lambda$waitForClusterToBeReady$0(225)) - Waiting for cluster to exit safe mode
2023-04-11 11:26:24,358 [Listener at 127.0.0.1/44509] INFO  ozone.MiniOzoneClusterImpl (MiniOzoneClusterImpl.java:lambda$waitForClusterToBeReady$0(227)) - SCM became leader
2023-04-11 11:26:24,362 [Command processor thread] INFO  server.RaftServer (RaftServerProxy.java:addNew(96)) - d4f16431-48bc-4a47-9d93-60d3e8fb304c: addNew group-FF3A34A5759C:[d4f16431-48bc-4a47-9d93-60d3e8fb304c|rpc:10.1.0.37:38135|dataStream:10.1.0.37:45037|priority:1|startupRole:FOLLOWER] returns group-FF3A34A5759C:java.util.concurrent.CompletableFuture@e24ddf8[Not completed]
2023-04-11 11:26:24,364 [pool-792-thread-1] INFO  server.RaftServer$Division (RaftServerImpl.java:<init>(195)) - d4f16431-48bc-4a47-9d93-60d3e8fb304c: new RaftServerImpl for group-FF3A34A5759C:[d4f16431-48bc-4a47-9d93-60d3e8fb304c|rpc:10.1.0.37:38135|dataStream:10.1.0.37:45037|priority:1|startupRole:FOLLOWER] with ContainerStateMachine:uninitialized
2023-04-11 11:26:24,364 [pool-792-thread-1] INFO  server.RaftServerConfigKeys (ConfUtils.java:logGet(46)) - raft.server.rpc.timeout.min = 5s (custom)
2023-04-11 11:26:24,364 [pool-792-thread-1] INFO  server.RaftServerConfigKeys (ConfUtils.java:logGet(46)) - raft.server.rpc.timeout.max = 5200ms (custom)
2023-04-11 11:26:24,364 [pool-792-thread-1] INFO  server.RaftServerConfigKeys (ConfUtils.java:logGet(46)) - raft.server.rpc.sleep.time = 25ms (default)
2023-04-11 11:26:24,364 [pool-792-thread-1] INFO  server.RaftServerConfigKeys (ConfUtils.java:logGet(46)) - raft.server.rpc.slowness.timeout = 300s (custom)
2023-04-11 11:26:24,364 [pool-792-thread-1] INFO  server.RaftServerConfigKeys (ConfUtils.java:logGet(46)) - raft.server.leaderelection.leader.step-down.wait-time = 10s (default)
2023-04-11 11:26:24,364 [pool-792-thread-1] INFO  server.RaftServerConfigKeys (ConfUtils.java:logGet(46)) - raft.server.sleep.deviation.threshold = 300ms (default)
2023-04-11 11:26:24,364 [pool-792-thread-1] INFO  server.RaftServer$Division (ServerState.java:<init>(118)) - d4f16431-48bc-4a47-9d93-60d3e8fb304c@group-FF3A34A5759C: ConfigurationManager, init=-1: peers:[d4f16431-48bc-4a47-9d93-60d3e8fb304c|rpc:10.1.0.37:38135|dataStream:10.1.0.37:45037|priority:1|startupRole:FOLLOWER]|listeners:[], old=null, confs=<EMPTY_MAP>
2023-04-11 11:26:24,364 [pool-792-thread-1] INFO  server.RaftServerConfigKeys (ConfUtils.java:logGet(46)) - raft.server.storage.dir = [/home/runner/work/ozone/ozone/hadoop-ozone/integration-test/target/test-dir/MiniOzoneClusterImpl-96ac6092-8b7a-4e89-97e1-43be04ae58b3/datanode-4/data/ratis] (custom)
2023-04-11 11:26:24,364 [pool-792-thread-1] INFO  server.RaftServerConfigKeys (ConfUtils.java:logGet(46)) - raft.server.log.corruption.policy = EXCEPTION (default)
2023-04-11 11:26:24,364 [pool-792-thread-1] INFO  server.RaftServerConfigKeys (ConfUtils.java:logGet(46)) - raft.server.storage.free-space.min = 0MB (=0) (default)
2023-04-11 11:26:24,365 [pool-792-thread-1] INFO  server.RaftServerConfigKeys (ConfUtils.java:logGet(46)) - raft.server.notification.no-leader.timeout = 300s (custom)
2023-04-11 11:26:24,365 [pool-792-thread-1] INFO  server.RaftServerConfigKeys (ConfUtils.java:logGet(46)) - raft.server.retrycache.expirytime = 600000ms (custom)
2023-04-11 11:26:24,365 [pool-792-thread-1] INFO  server.RaftServerConfigKeys (ConfUtils.java:logGet(46)) - raft.server.retrycache.statistics.expirytime = 100μs (default)
2023-04-11 11:26:24,365 [pool-792-thread-1] INFO  server.RaftServerConfigKeys (ConfUtils.java:logGet(46)) - raft.server.log.appender.install.snapshot.enabled = false (custom)
2023-04-11 11:26:24,365 [pool-792-thread-1] INFO  server.RaftServerConfigKeys (ConfUtils.java:logGet(46)) - raft.server.threadpool.server.cached = true (default)
2023-04-11 11:26:24,366 [pool-792-thread-1] INFO  server.RaftServerConfigKeys (ConfUtils.java:logGet(46)) - raft.server.threadpool.server.size = 0 (default)
2023-04-11 11:26:24,366 [pool-792-thread-1] INFO  server.RaftServerConfigKeys (ConfUtils.java:logGet(46)) - raft.server.threadpool.client.cached = true (default)
2023-04-11 11:26:24,366 [pool-792-thread-1] INFO  server.RaftServerConfigKeys (ConfUtils.java:logGet(46)) - raft.server.threadpool.client.size = 0 (default)
2023-04-11 11:26:24,366 [pool-792-thread-1] INFO  storage.RaftStorageDirectory (RaftStorageDirectoryImpl.java:analyzeStorage(137)) - The storage directory /home/runner/work/ozone/ozone/hadoop-ozone/integration-test/target/test-dir/MiniOzoneClusterImpl-96ac6092-8b7a-4e89-97e1-43be04ae58b3/datanode-4/data/ratis/044811c9-41fe-4d27-8e64-ff3a34a5759c does not exist. Creating ...
2023-04-11 11:26:24,367 [pool-792-thread-1] INFO  storage.RaftStorageDirectory (RaftStorageDirectoryImpl.java:tryLock(231)) - Lock on /home/runner/work/ozone/ozone/hadoop-ozone/integration-test/target/test-dir/MiniOzoneClusterImpl-96ac6092-8b7a-4e89-97e1-43be04ae58b3/datanode-4/data/ratis/044811c9-41fe-4d27-8e64-ff3a34a5759c/in_use.lock acquired by nodename 48974@fv-az590-525
2023-04-11 11:26:24,368 [pool-792-thread-1] INFO  storage.RaftStorage (RaftStorageImpl.java:format(96)) - Storage directory /home/runner/work/ozone/ozone/hadoop-ozone/integration-test/target/test-dir/MiniOzoneClusterImpl-96ac6092-8b7a-4e89-97e1-43be04ae58b3/datanode-4/data/ratis/044811c9-41fe-4d27-8e64-ff3a34a5759c has been successfully formatted.
2023-04-11 11:26:24,372 [pool-792-thread-1] INFO  ratis.ContainerStateMachine (ContainerStateMachine.java:loadSnapshot(262)) - group-FF3A34A5759C: The snapshot info is null. Setting the last applied indexto:(t:0, i:~)
2023-04-11 11:26:24,372 [pool-792-thread-1] INFO  server.RaftServerConfigKeys (ConfUtils.java:logGet(46)) - raft.server.log.use.memory = false (default)
2023-04-11 11:26:24,373 [pool-792-thread-1] INFO  server.RaftServerConfigKeys (ConfUtils.java:logGet(46)) - raft.server.log.purge.gap = 1000000 (custom)
2023-04-11 11:26:24,373 [pool-792-thread-1] INFO  server.RaftServerConfigKeys (ConfUtils.java:logGet(46)) - raft.server.log.appender.buffer.byte-limit = 33554432 (custom)
2023-04-11 11:26:24,373 [pool-792-thread-1] INFO  server.RaftServerConfigKeys (ConfUtils.java:logGet(46)) - raft.server.log.statemachine.data.read.timeout = 1000ms (default)
2023-04-11 11:26:24,373 [pool-792-thread-1] INFO  server.RaftServerConfigKeys (ConfUtils.java:logGet(46)) - raft.server.log.purge.preservation.log.num = 0 (default)
2023-04-11 11:26:24,373 [pool-792-thread-1] INFO  server.RaftServerConfigKeys (ConfUtils.java:logGet(46)) - raft.server.log.segment.size.max = 1048576 (custom)
2023-04-11 11:26:24,374 [pool-792-thread-1] INFO  server.RaftServerConfigKeys (ConfUtils.java:logGet(46)) - raft.server.log.segment.cache.num.max = 2 (custom)
2023-04-11 11:26:24,374 [pool-792-thread-1] INFO  server.RaftServerConfigKeys (ConfUtils.java:logGet(46)) - raft.server.log.segment.cache.size.max = 200MB (=209715200) (default)
2023-04-11 11:26:24,374 [pool-792-thread-1] INFO  segmented.SegmentedRaftLogWorker (SegmentedRaftLogWorker.java:<init>(189)) - new d4f16431-48bc-4a47-9d93-60d3e8fb304c@group-FF3A34A5759C-SegmentedRaftLogWorker for RaftStorageImpl:Storage Directory /home/runner/work/ozone/ozone/hadoop-ozone/integration-test/target/test-dir/MiniOzoneClusterImpl-96ac6092-8b7a-4e89-97e1-43be04ae58b3/datanode-4/data/ratis/044811c9-41fe-4d27-8e64-ff3a34a5759c
2023-04-11 11:26:24,374 [EventQueue-PipelineReportForPipelineReportHandler] INFO  pipeline.PipelineManagerImpl (PipelineManagerImpl.java:openPipeline(367)) - Pipeline Pipeline[ Id: 044811c9-41fe-4d27-8e64-ff3a34a5759c, Nodes: d4f16431-48bc-4a47-9d93-60d3e8fb304c(fv-az590-525.scpgifznvsounmmscp2whtfmwe.cx.internal.cloudapp.net/10.1.0.37), ReplicationConfig: RATIS/ONE, State:ALLOCATED, leaderId:d4f16431-48bc-4a47-9d93-60d3e8fb304c, CreationTimestamp2023-04-11T11:26:21.362Z[Etc/UTC]] moved to OPEN state
2023-04-11 11:26:24,374 [pool-792-thread-1] INFO  server.RaftServerConfigKeys (ConfUtils.java:logGet(46)) - raft.server.log.queue.byte-limit = 4294967296 (custom)
2023-04-11 11:26:24,374 [pool-792-thread-1] INFO  server.RaftServerConfigKeys (ConfUtils.java:logGet(46)) - raft.server.log.queue.element-limit = 1024 (custom)
2023-04-11 11:26:24,374 [pool-792-thread-1] INFO  server.RaftServerConfigKeys (ConfUtils.java:logGet(46)) - raft.server.log.segment.size.max = 1048576 (custom)
2023-04-11 11:26:24,374 [pool-792-thread-1] INFO  server.RaftServerConfigKeys (ConfUtils.java:logGet(46)) - raft.server.log.preallocated.size = 16384 (custom)
2023-04-11 11:26:24,374 [pool-792-thread-1] INFO  server.RaftServerConfigKeys (ConfUtils.java:logGet(46)) - raft.server.log.force.sync.num = 128 (default)
2023-04-11 11:26:24,374 [pool-792-thread-1] INFO  server.RaftServerConfigKeys (ConfUtils.java:logGet(46)) - raft.server.log.statemachine.data.sync = true (default)
2023-04-11 11:26:24,374 [pool-792-thread-1] INFO  server.RaftServerConfigKeys (ConfUtils.java:logGet(46)) - raft.server.log.statemachine.data.sync.timeout = 10s (default)
2023-04-11 11:26:24,374 [pool-792-thread-1] INFO  server.RaftServerConfigKeys (ConfUtils.java:logGet(46)) - raft.server.log.statemachine.data.sync.timeout.retry = -1 (default)
2023-04-11 11:26:24,374 [EventQueue-OpenPipelineForHealthyPipelineSafeModeRule] INFO  safemode.SCMSafeModeManager (HealthyPipelineSafeModeRule.java:process(137)) - SCM in safe mode. Healthy pipelines reported count is 0, required healthy pipeline reported count is 1
2023-04-11 11:26:24,374 [pool-792-thread-1] INFO  server.RaftServerConfigKeys (ConfUtils.java:logGet(46)) - raft.server.log.write.buffer.size = 1048576 (custom)
2023-04-11 11:26:24,375 [pool-792-thread-1] INFO  server.RaftServerConfigKeys (ConfUtils.java:logGet(46)) - raft.server.log.appender.buffer.byte-limit = 33554432 (custom)
2023-04-11 11:26:24,380 [pool-792-thread-1] INFO  server.RaftServerConfigKeys (ConfUtils.java:logGet(46)) - raft.server.log.unsafe-flush.enabled = false (default)
2023-04-11 11:26:24,380 [pool-792-thread-1] INFO  server.RaftServerConfigKeys (ConfUtils.java:logGet(46)) - raft.server.log.async-flush.enabled = false (default)
2023-04-11 11:26:24,380 [pool-792-thread-1] INFO  server.RaftServerConfigKeys (ConfUtils.java:logGet(46)) - raft.server.log.statemachine.data.caching.enabled = true (custom)
2023-04-11 11:26:24,380 [pool-792-thread-1] INFO  segmented.SegmentedRaftLogWorker (SegmentedRaftLogWorker.java:lambda$new$0(135)) - d4f16431-48bc-4a47-9d93-60d3e8fb304c@group-FF3A34A5759C-SegmentedRaftLogWorker: flushIndex: setUnconditionally 0 -> -1
2023-04-11 11:26:24,380 [pool-792-thread-1] INFO  segmented.SegmentedRaftLogWorker (SegmentedRaftLogWorker.java:lambda$new$0(135)) - d4f16431-48bc-4a47-9d93-60d3e8fb304c@group-FF3A34A5759C-SegmentedRaftLogWorker: safeCacheEvictIndex: setUnconditionally 0 -> -1
2023-04-11 11:26:24,381 [pool-792-thread-1] INFO  server.RaftServer$Division (RaftServerImpl.java:start(334)) - d4f16431-48bc-4a47-9d93-60d3e8fb304c@group-FF3A34A5759C: start as a follower, conf=-1: peers:[d4f16431-48bc-4a47-9d93-60d3e8fb304c|rpc:10.1.0.37:38135|dataStream:10.1.0.37:45037|priority:1|startupRole:FOLLOWER]|listeners:[], old=null
2023-04-11 11:26:24,381 [pool-792-thread-1] INFO  server.RaftServer$Division (RaftServerImpl.java:setRole(321)) - d4f16431-48bc-4a47-9d93-60d3e8fb304c@group-FF3A34A5759C: changes role from      null to FOLLOWER at term 0 for startAsFollower
2023-04-11 11:26:24,381 [pool-792-thread-1] INFO  impl.RoleInfo (RoleInfo.java:updateAndGet(139)) - d4f16431-48bc-4a47-9d93-60d3e8fb304c: start d4f16431-48bc-4a47-9d93-60d3e8fb304c@group-FF3A34A5759C-FollowerState
2023-04-11 11:26:24,381 [d4f16431-48bc-4a47-9d93-60d3e8fb304c@group-FF3A34A5759C-FollowerState] INFO  server.RaftServerConfigKeys (ConfUtils.java:logFallback(53)) - raft.server.rpc.first-election.timeout.min = 5s (fallback to raft.server.rpc.timeout.min)
2023-04-11 11:26:24,381 [pool-792-thread-1] INFO  util.JmxRegister (JmxRegister.java:tryRegister(44)) - Successfully registered JMX Bean with object name Ratis:service=RaftServer,group=group-FF3A34A5759C,id=d4f16431-48bc-4a47-9d93-60d3e8fb304c
2023-04-11 11:26:24,381 [pool-792-thread-1] INFO  server.RaftServerConfigKeys (ConfUtils.java:logGet(46)) - raft.server.snapshot.auto.trigger.enabled = true (custom)
2023-04-11 11:26:24,381 [pool-792-thread-1] INFO  server.RaftServerConfigKeys (ConfUtils.java:logGet(46)) - raft.server.snapshot.auto.trigger.threshold = 10000 (custom)
2023-04-11 11:26:24,381 [pool-792-thread-1] INFO  server.RaftServerConfigKeys (ConfUtils.java:logGet(46)) - raft.server.snapshot.retention.file.num = 5 (custom)
2023-04-11 11:26:24,381 [pool-792-thread-1] INFO  server.RaftServerConfigKeys (ConfUtils.java:logGet(46)) - raft.server.log.purge.upto.snapshot.index = false (default)
2023-04-11 11:26:24,382 [Command processor thread] INFO  ratis.XceiverServerRatis (XceiverServerRatis.java:addGroup(806)) - Created group PipelineID=044811c9-41fe-4d27-8e64-ff3a34a5759c
2023-04-11 11:26:24,382 [Command processor thread] INFO  commandhandler.CreatePipelineCommandHandler (CreatePipelineCommandHandler.java:handle(113)) - Created Pipeline RATIS ONE PipelineID=044811c9-41fe-4d27-8e64-ff3a34a5759c.
2023-04-11 11:26:24,382 [d4f16431-48bc-4a47-9d93-60d3e8fb304c@group-FF3A34A5759C-FollowerState] INFO  server.RaftServerConfigKeys (ConfUtils.java:logFallback(53)) - raft.server.rpc.first-election.timeout.max = 5200ms (fallback to raft.server.rpc.timeout.max)
2023-04-11 11:26:25,326 [JvmPauseMonitor17] WARN  util.JvmPauseMonitor (JvmPauseMonitor.java:detectPause(126)) - JvmPauseMonitor-7b25ec04-6163-44ae-a7e6-933a1c4a9d86: Detected pause in JVM or host machine (eg GC): pause of approximately 222450823ns.
GC pool 'PS MarkSweep' had collection(s): count=1 time=360ms
GC pool 'PS Scavenge' had collection(s): count=1 time=100ms
2023-04-11 11:26:25,336 [JvmPauseMonitor18] WARN  util.JvmPauseMonitor (JvmPauseMonitor.java:detectPause(126)) - JvmPauseMonitor-4d790031-0a50-4ffd-b1f5-2ef434e1e7d9: Detected pause in JVM or host machine (eg GC): pause of approximately 414277978ns.
GC pool 'PS MarkSweep' had collection(s): count=1 time=360ms
GC pool 'PS Scavenge' had collection(s): count=1 time=100ms
2023-04-11 11:26:25,336 [JvmPauseMonitor21] WARN  util.JvmPauseMonitor (JvmPauseMonitor.java:detectPause(126)) - JvmPauseMonitor-d4f16431-48bc-4a47-9d93-60d3e8fb304c: Detected pause in JVM or host machine (eg GC): pause of approximately 420603663ns.
GC pool 'PS MarkSweep' had collection(s): count=1 time=360ms
GC pool 'PS Scavenge' had collection(s): count=1 time=100ms
2023-04-11 11:26:25,326 [JvmPauseMonitor20] WARN  util.JvmPauseMonitor (JvmPauseMonitor.java:detectPause(126)) - JvmPauseMonitor-8800b703-234b-42c9-a364-cc0e28a54155: Detected pause in JVM or host machine (eg GC): pause of approximately 244886521ns.
GC pool 'PS MarkSweep' had collection(s): count=1 time=360ms
GC pool 'PS Scavenge' had collection(s): count=1 time=100ms
2023-04-11 11:26:25,358 [Listener at 127.0.0.1/44509] INFO  ozone.MiniOzoneClusterImpl (MiniOzoneClusterImpl.java:lambda$waitForClusterToBeReady$0(222)) - Nodes are ready. Got 5 of 5 DN Heartbeats.
2023-04-11 11:26:25,358 [Listener at 127.0.0.1/44509] INFO  ozone.MiniOzoneClusterImpl (MiniOzoneClusterImpl.java:lambda$waitForClusterToBeReady$0(225)) - Waiting for cluster to exit safe mode
2023-04-11 11:26:25,358 [Listener at 127.0.0.1/44509] INFO  ozone.MiniOzoneClusterImpl (MiniOzoneClusterImpl.java:lambda$waitForClusterToBeReady$0(227)) - SCM became leader
2023-04-11 11:26:26,359 [Listener at 127.0.0.1/44509] INFO  ozone.MiniOzoneClusterImpl (MiniOzoneClusterImpl.java:lambda$waitForClusterToBeReady$0(222)) - Nodes are ready. Got 5 of 5 DN Heartbeats.
2023-04-11 11:26:26,359 [Listener at 127.0.0.1/44509] INFO  ozone.MiniOzoneClusterImpl (MiniOzoneClusterImpl.java:lambda$waitForClusterToBeReady$0(225)) - Waiting for cluster to exit safe mode
2023-04-11 11:26:26,359 [Listener at 127.0.0.1/44509] INFO  ozone.MiniOzoneClusterImpl (MiniOzoneClusterImpl.java:lambda$waitForClusterToBeReady$0(227)) - SCM became leader
2023-04-11 11:26:27,359 [Listener at 127.0.0.1/44509] INFO  ozone.MiniOzoneClusterImpl (MiniOzoneClusterImpl.java:lambda$waitForClusterToBeReady$0(222)) - Nodes are ready. Got 5 of 5 DN Heartbeats.
2023-04-11 11:26:27,359 [Listener at 127.0.0.1/44509] INFO  ozone.MiniOzoneClusterImpl (MiniOzoneClusterImpl.java:lambda$waitForClusterToBeReady$0(225)) - Waiting for cluster to exit safe mode
2023-04-11 11:26:27,360 [Listener at 127.0.0.1/44509] INFO  ozone.MiniOzoneClusterImpl (MiniOzoneClusterImpl.java:lambda$waitForClusterToBeReady$0(227)) - SCM became leader
2023-04-11 11:26:28,238 [7b25ec04-6163-44ae-a7e6-933a1c4a9d86@group-D8A3DF9248B6-FollowerState] INFO  impl.FollowerState (FollowerState.java:run(143)) - 7b25ec04-6163-44ae-a7e6-933a1c4a9d86@group-D8A3DF9248B6-FollowerState: change to CANDIDATE, lastRpcElapsedTime:5140398969ns, electionTimeout:5139ms
2023-04-11 11:26:28,239 [7b25ec04-6163-44ae-a7e6-933a1c4a9d86@group-D8A3DF9248B6-FollowerState] INFO  impl.RoleInfo (RoleInfo.java:shutdownFollowerState(110)) - 7b25ec04-6163-44ae-a7e6-933a1c4a9d86: shutdown 7b25ec04-6163-44ae-a7e6-933a1c4a9d86@group-D8A3DF9248B6-FollowerState
2023-04-11 11:26:28,239 [7b25ec04-6163-44ae-a7e6-933a1c4a9d86@group-D8A3DF9248B6-FollowerState] INFO  server.RaftServer$Division (RaftServerImpl.java:setRole(321)) - 7b25ec04-6163-44ae-a7e6-933a1c4a9d86@group-D8A3DF9248B6: changes role from  FOLLOWER to CANDIDATE at term 0 for changeToCandidate
2023-04-11 11:26:28,239 [7b25ec04-6163-44ae-a7e6-933a1c4a9d86@group-D8A3DF9248B6-FollowerState] INFO  server.RaftServerConfigKeys (ConfUtils.java:logGet(46)) - raft.server.leaderelection.pre-vote = true (default)
2023-04-11 11:26:28,239 [7b25ec04-6163-44ae-a7e6-933a1c4a9d86@group-D8A3DF9248B6-FollowerState] INFO  impl.RoleInfo (RoleInfo.java:updateAndGet(139)) - 7b25ec04-6163-44ae-a7e6-933a1c4a9d86: start 7b25ec04-6163-44ae-a7e6-933a1c4a9d86@group-D8A3DF9248B6-LeaderElection30
2023-04-11 11:26:28,242 [7b25ec04-6163-44ae-a7e6-933a1c4a9d86@group-D8A3DF9248B6-LeaderElection30] INFO  impl.LeaderElection (LeaderElection.java:askForVotes(312)) - 7b25ec04-6163-44ae-a7e6-933a1c4a9d86@group-D8A3DF9248B6-LeaderElection30 PRE_VOTE round 0: submit vote requests at term 0 for -1: peers:[4d790031-0a50-4ffd-b1f5-2ef434e1e7d9|rpc:10.1.0.37:43649|dataStream:10.1.0.37:46225|priority:0|startupRole:FOLLOWER, 7b25ec04-6163-44ae-a7e6-933a1c4a9d86|rpc:10.1.0.37:36109|dataStream:10.1.0.37:39359|priority:0|startupRole:FOLLOWER, caa308e7-95fe-4c5f-9440-a942b893081e|rpc:10.1.0.37:35655|dataStream:10.1.0.37:42291|priority:1|startupRole:FOLLOWER]|listeners:[], old=null
2023-04-11 11:26:28,242 [7b25ec04-6163-44ae-a7e6-933a1c4a9d86@group-D8A3DF9248B6-LeaderElection30-1] INFO  server.GrpcServerProtocolClient (GrpcServerProtocolClient.java:<init>(63)) - Build channel for 4d790031-0a50-4ffd-b1f5-2ef434e1e7d9
2023-04-11 11:26:28,242 [7b25ec04-6163-44ae-a7e6-933a1c4a9d86@group-D8A3DF9248B6-LeaderElection30] INFO  server.RaftServerConfigKeys (ConfUtils.java:logFallback(53)) - raft.server.rpc.first-election.timeout.min = 5s (fallback to raft.server.rpc.timeout.min)
2023-04-11 11:26:28,242 [7b25ec04-6163-44ae-a7e6-933a1c4a9d86@group-D8A3DF9248B6-LeaderElection30] INFO  server.RaftServerConfigKeys (ConfUtils.java:logFallback(53)) - raft.server.rpc.first-election.timeout.max = 5200ms (fallback to raft.server.rpc.timeout.max)
2023-04-11 11:26:28,243 [7b25ec04-6163-44ae-a7e6-933a1c4a9d86@group-D8A3DF9248B6-LeaderElection30-2] INFO  server.GrpcServerProtocolClient (GrpcServerProtocolClient.java:<init>(63)) - Build channel for caa308e7-95fe-4c5f-9440-a942b893081e
2023-04-11 11:26:28,256 [grpc-default-executor-0] INFO  server.RaftServer$Division (RaftServerImpl.java:requestVote(1218)) - caa308e7-95fe-4c5f-9440-a942b893081e@group-D8A3DF9248B6: receive requestVote(PRE_VOTE, 7b25ec04-6163-44ae-a7e6-933a1c4a9d86, group-D8A3DF9248B6, 0, (t:0, i:0))
2023-04-11 11:26:28,256 [grpc-default-executor-0] INFO  impl.VoteContext (VoteContext.java:log(49)) - caa308e7-95fe-4c5f-9440-a942b893081e@group-D8A3DF9248B6-FOLLOWER: reject PRE_VOTE from 7b25ec04-6163-44ae-a7e6-933a1c4a9d86: our priority 1 > candidate's priority 0
2023-04-11 11:26:28,256 [grpc-default-executor-0] INFO  server.RaftServer$Division (RaftServerImpl.java:requestVote(1251)) - caa308e7-95fe-4c5f-9440-a942b893081e@group-D8A3DF9248B6 replies to PRE_VOTE vote request: 7b25ec04-6163-44ae-a7e6-933a1c4a9d86<-caa308e7-95fe-4c5f-9440-a942b893081e#0:FAIL-t0. Peer's state: caa308e7-95fe-4c5f-9440-a942b893081e@group-D8A3DF9248B6:t0, leader=null, voted=, raftlog=Memoized:caa308e7-95fe-4c5f-9440-a942b893081e@group-D8A3DF9248B6-SegmentedRaftLog:OPENED:c-1, conf=-1: peers:[4d790031-0a50-4ffd-b1f5-2ef434e1e7d9|rpc:10.1.0.37:43649|dataStream:10.1.0.37:46225|priority:0|startupRole:FOLLOWER, 7b25ec04-6163-44ae-a7e6-933a1c4a9d86|rpc:10.1.0.37:36109|dataStream:10.1.0.37:39359|priority:0|startupRole:FOLLOWER, caa308e7-95fe-4c5f-9440-a942b893081e|rpc:10.1.0.37:35655|dataStream:10.1.0.37:42291|priority:1|startupRole:FOLLOWER]|listeners:[], old=null
2023-04-11 11:26:28,257 [7b25ec04-6163-44ae-a7e6-933a1c4a9d86@group-D8A3DF9248B6-LeaderElection30] INFO  impl.LeaderElection (LeaderElection.java:logAndReturn(90)) - 7b25ec04-6163-44ae-a7e6-933a1c4a9d86@group-D8A3DF9248B6-LeaderElection30: PRE_VOTE REJECTED received 1 response(s) and 0 exception(s):
2023-04-11 11:26:28,257 [7b25ec04-6163-44ae-a7e6-933a1c4a9d86@group-D8A3DF9248B6-LeaderElection30] INFO  impl.LeaderElection (LeaderElection.java:logAndReturn(94)) -   Response 0: 7b25ec04-6163-44ae-a7e6-933a1c4a9d86<-caa308e7-95fe-4c5f-9440-a942b893081e#0:FAIL-t0
2023-04-11 11:26:28,257 [7b25ec04-6163-44ae-a7e6-933a1c4a9d86@group-D8A3DF9248B6-LeaderElection30] INFO  impl.LeaderElection (LeaderElection.java:askForVotes(314)) - 7b25ec04-6163-44ae-a7e6-933a1c4a9d86@group-D8A3DF9248B6-LeaderElection30 PRE_VOTE round 0: result REJECTED
2023-04-11 11:26:28,257 [7b25ec04-6163-44ae-a7e6-933a1c4a9d86@group-D8A3DF9248B6-LeaderElection30] INFO  server.RaftServer$Division (RaftServerImpl.java:setRole(321)) - 7b25ec04-6163-44ae-a7e6-933a1c4a9d86@group-D8A3DF9248B6: changes role from CANDIDATE to FOLLOWER at term 0 for REJECTED
2023-04-11 11:26:28,257 [7b25ec04-6163-44ae-a7e6-933a1c4a9d86@group-D8A3DF9248B6-LeaderElection30] INFO  impl.RoleInfo (RoleInfo.java:shutdownLeaderElection(130)) - 7b25ec04-6163-44ae-a7e6-933a1c4a9d86: shutdown 7b25ec04-6163-44ae-a7e6-933a1c4a9d86@group-D8A3DF9248B6-LeaderElection30
2023-04-11 11:26:28,257 [7b25ec04-6163-44ae-a7e6-933a1c4a9d86@group-D8A3DF9248B6-LeaderElection30] INFO  impl.RoleInfo (RoleInfo.java:updateAndGet(139)) - 7b25ec04-6163-44ae-a7e6-933a1c4a9d86: start 7b25ec04-6163-44ae-a7e6-933a1c4a9d86@group-D8A3DF9248B6-FollowerState
2023-04-11 11:26:28,264 [7b25ec04-6163-44ae-a7e6-933a1c4a9d86@group-D8A3DF9248B6-FollowerState] INFO  server.RaftServerConfigKeys (ConfUtils.java:logFallback(53)) - raft.server.rpc.first-election.timeout.min = 5s (fallback to raft.server.rpc.timeout.min)
2023-04-11 11:26:28,264 [7b25ec04-6163-44ae-a7e6-933a1c4a9d86@group-D8A3DF9248B6-FollowerState] INFO  server.RaftServerConfigKeys (ConfUtils.java:logFallback(53)) - raft.server.rpc.first-election.timeout.max = 5200ms (fallback to raft.server.rpc.timeout.max)
2023-04-11 11:26:28,265 [7b25ec04-6163-44ae-a7e6-933a1c4a9d86@group-5722ABF77BC5-FollowerState] INFO  impl.FollowerState (FollowerState.java:run(143)) - 7b25ec04-6163-44ae-a7e6-933a1c4a9d86@group-5722ABF77BC5-FollowerState: change to CANDIDATE, lastRpcElapsedTime:5183760146ns, electionTimeout:5183ms
2023-04-11 11:26:28,265 [7b25ec04-6163-44ae-a7e6-933a1c4a9d86@group-5722ABF77BC5-FollowerState] INFO  impl.RoleInfo (RoleInfo.java:shutdownFollowerState(110)) - 7b25ec04-6163-44ae-a7e6-933a1c4a9d86: shutdown 7b25ec04-6163-44ae-a7e6-933a1c4a9d86@group-5722ABF77BC5-FollowerState
2023-04-11 11:26:28,265 [7b25ec04-6163-44ae-a7e6-933a1c4a9d86@group-5722ABF77BC5-FollowerState] INFO  server.RaftServer$Division (RaftServerImpl.java:setRole(321)) - 7b25ec04-6163-44ae-a7e6-933a1c4a9d86@group-5722ABF77BC5: changes role from  FOLLOWER to CANDIDATE at term 0 for changeToCandidate
2023-04-11 11:26:28,265 [7b25ec04-6163-44ae-a7e6-933a1c4a9d86@group-5722ABF77BC5-FollowerState] INFO  server.RaftServerConfigKeys (ConfUtils.java:logGet(46)) - raft.server.leaderelection.pre-vote = true (default)
2023-04-11 11:26:28,265 [7b25ec04-6163-44ae-a7e6-933a1c4a9d86@group-5722ABF77BC5-FollowerState] INFO  impl.RoleInfo (RoleInfo.java:updateAndGet(139)) - 7b25ec04-6163-44ae-a7e6-933a1c4a9d86: start 7b25ec04-6163-44ae-a7e6-933a1c4a9d86@group-5722ABF77BC5-LeaderElection31
2023-04-11 11:26:28,268 [grpc-default-executor-0] INFO  server.RaftServer$Division (RaftServerImpl.java:requestVote(1218)) - 4d790031-0a50-4ffd-b1f5-2ef434e1e7d9@group-D8A3DF9248B6: receive requestVote(PRE_VOTE, 7b25ec04-6163-44ae-a7e6-933a1c4a9d86, group-D8A3DF9248B6, 0, (t:0, i:0))
2023-04-11 11:26:28,268 [grpc-default-executor-0] INFO  impl.VoteContext (VoteContext.java:log(49)) - 4d790031-0a50-4ffd-b1f5-2ef434e1e7d9@group-D8A3DF9248B6-FOLLOWER: accept PRE_VOTE from 7b25ec04-6163-44ae-a7e6-933a1c4a9d86: our priority 0 <= candidate's priority 0
2023-04-11 11:26:28,268 [grpc-default-executor-0] INFO  server.RaftServer$Division (RaftServerImpl.java:requestVote(1251)) - 4d790031-0a50-4ffd-b1f5-2ef434e1e7d9@group-D8A3DF9248B6 replies to PRE_VOTE vote request: 7b25ec04-6163-44ae-a7e6-933a1c4a9d86<-4d790031-0a50-4ffd-b1f5-2ef434e1e7d9#0:OK-t0. Peer's state: 4d790031-0a50-4ffd-b1f5-2ef434e1e7d9@group-D8A3DF9248B6:t0, leader=null, voted=, raftlog=Memoized:4d790031-0a50-4ffd-b1f5-2ef434e1e7d9@group-D8A3DF9248B6-SegmentedRaftLog:OPENED:c-1, conf=-1: peers:[4d790031-0a50-4ffd-b1f5-2ef434e1e7d9|rpc:10.1.0.37:43649|dataStream:10.1.0.37:46225|priority:0|startupRole:FOLLOWER, 7b25ec04-6163-44ae-a7e6-933a1c4a9d86|rpc:10.1.0.37:36109|dataStream:10.1.0.37:39359|priority:0|startupRole:FOLLOWER, caa308e7-95fe-4c5f-9440-a942b893081e|rpc:10.1.0.37:35655|dataStream:10.1.0.37:42291|priority:1|startupRole:FOLLOWER]|listeners:[], old=null
2023-04-11 11:26:28,269 [7b25ec04-6163-44ae-a7e6-933a1c4a9d86@group-5722ABF77BC5-LeaderElection31] INFO  impl.LeaderElection (LeaderElection.java:askForVotes(312)) - 7b25ec04-6163-44ae-a7e6-933a1c4a9d86@group-5722ABF77BC5-LeaderElection31 PRE_VOTE round 0: submit vote requests at term 0 for -1: peers:[7b25ec04-6163-44ae-a7e6-933a1c4a9d86|rpc:10.1.0.37:36109|dataStream:10.1.0.37:39359|priority:1|startupRole:FOLLOWER]|listeners:[], old=null
2023-04-11 11:26:28,269 [7b25ec04-6163-44ae-a7e6-933a1c4a9d86@group-5722ABF77BC5-LeaderElection31] INFO  impl.LeaderElection (LeaderElection.java:askForVotes(314)) - 7b25ec04-6163-44ae-a7e6-933a1c4a9d86@group-5722ABF77BC5-LeaderElection31 PRE_VOTE round 0: result PASSED (term=0)
2023-04-11 11:26:28,273 [7b25ec04-6163-44ae-a7e6-933a1c4a9d86@group-5722ABF77BC5-LeaderElection31] INFO  impl.LeaderElection (LeaderElection.java:askForVotes(312)) - 7b25ec04-6163-44ae-a7e6-933a1c4a9d86@group-5722ABF77BC5-LeaderElection31 ELECTION round 0: submit vote requests at term 1 for -1: peers:[7b25ec04-6163-44ae-a7e6-933a1c4a9d86|rpc:10.1.0.37:36109|dataStream:10.1.0.37:39359|priority:1|startupRole:FOLLOWER]|listeners:[], old=null
2023-04-11 11:26:28,273 [7b25ec04-6163-44ae-a7e6-933a1c4a9d86@group-5722ABF77BC5-LeaderElection31] INFO  impl.LeaderElection (LeaderElection.java:askForVotes(314)) - 7b25ec04-6163-44ae-a7e6-933a1c4a9d86@group-5722ABF77BC5-LeaderElection31 ELECTION round 0: result PASSED (term=1)
2023-04-11 11:26:28,273 [7b25ec04-6163-44ae-a7e6-933a1c4a9d86@group-5722ABF77BC5-LeaderElection31] INFO  impl.RoleInfo (RoleInfo.java:shutdownLeaderElection(130)) - 7b25ec04-6163-44ae-a7e6-933a1c4a9d86: shutdown 7b25ec04-6163-44ae-a7e6-933a1c4a9d86@group-5722ABF77BC5-LeaderElection31
2023-04-11 11:26:28,273 [7b25ec04-6163-44ae-a7e6-933a1c4a9d86@group-5722ABF77BC5-LeaderElection31] INFO  server.RaftServer$Division (RaftServerImpl.java:setRole(321)) - 7b25ec04-6163-44ae-a7e6-933a1c4a9d86@group-5722ABF77BC5: changes role from CANDIDATE to LEADER at term 1 for changeToLeader
2023-04-11 11:26:28,273 [7b25ec04-6163-44ae-a7e6-933a1c4a9d86@group-5722ABF77BC5-LeaderElection31] INFO  ratis.XceiverServerRatis (XceiverServerRatis.java:handleLeaderChangedNotification(904)) - Leader change notification received for group: group-5722ABF77BC5 with new leaderId: 7b25ec04-6163-44ae-a7e6-933a1c4a9d86
2023-04-11 11:26:28,273 [7b25ec04-6163-44ae-a7e6-933a1c4a9d86@group-5722ABF77BC5-LeaderElection31] INFO  server.RaftServer$Division (ServerState.java:setLeader(313)) - 7b25ec04-6163-44ae-a7e6-933a1c4a9d86@group-5722ABF77BC5: change Leader from null to 7b25ec04-6163-44ae-a7e6-933a1c4a9d86 at term 1 for becomeLeader, leader elected after 5218ms
2023-04-11 11:26:28,273 [7b25ec04-6163-44ae-a7e6-933a1c4a9d86@group-5722ABF77BC5-LeaderElection31] INFO  server.RaftServerConfigKeys (ConfUtils.java:logGet(46)) - raft.server.staging.catchup.gap = 1000 (default)
2023-04-11 11:26:28,274 [7b25ec04-6163-44ae-a7e6-933a1c4a9d86@group-5722ABF77BC5-LeaderElection31] INFO  server.RaftServerConfigKeys (ConfUtils.java:logGet(46)) - raft.server.write.element-limit = 1024 (custom)
2023-04-11 11:26:28,274 [EventQueue-OpenPipelineForHealthyPipelineSafeModeRule] INFO  safemode.SCMSafeModeManager (HealthyPipelineSafeModeRule.java:process(137)) - SCM in safe mode. Healthy pipelines reported count is 0, required healthy pipeline reported count is 1
2023-04-11 11:26:28,275 [7b25ec04-6163-44ae-a7e6-933a1c4a9d86@group-5722ABF77BC5-LeaderElection31] INFO  server.RaftServerConfigKeys (ConfUtils.java:logGet(46)) - raft.server.write.byte-limit = 1024 M (=1073741824) (custom)
2023-04-11 11:26:28,275 [7b25ec04-6163-44ae-a7e6-933a1c4a9d86@group-5722ABF77BC5-LeaderElection31] INFO  server.RaftServerConfigKeys (ConfUtils.java:logGet(46)) - raft.server.watch.timeout = 180s (custom)
2023-04-11 11:26:28,275 [7b25ec04-6163-44ae-a7e6-933a1c4a9d86@group-5722ABF77BC5-LeaderElection31] INFO  server.RaftServerConfigKeys (ConfUtils.java:logGet(46)) - raft.server.watch.timeout.denomination = 1s (default)
2023-04-11 11:26:28,275 [7b25ec04-6163-44ae-a7e6-933a1c4a9d86@group-5722ABF77BC5-LeaderElection31] INFO  server.RaftServerConfigKeys (ConfUtils.java:logGet(46)) - raft.server.watch.element-limit = 65536 (default)
2023-04-11 11:26:28,277 [7b25ec04-6163-44ae-a7e6-933a1c4a9d86@group-5722ABF77BC5-LeaderElection31] INFO  server.RaftServerConfigKeys (ConfUtils.java:logGet(46)) - raft.server.write.element-limit = 1024 (custom)
2023-04-11 11:26:28,277 [7b25ec04-6163-44ae-a7e6-933a1c4a9d86@group-5722ABF77BC5-LeaderElection31] INFO  server.RaftServerConfigKeys (ConfUtils.java:logGet(46)) - raft.server.write.follower.gap.ratio.max = -1.0 (default)
2023-04-11 11:26:28,277 [7b25ec04-6163-44ae-a7e6-933a1c4a9d86@group-5722ABF77BC5-LeaderElection31] INFO  impl.RoleInfo (RoleInfo.java:updateAndGet(139)) - 7b25ec04-6163-44ae-a7e6-933a1c4a9d86: start 7b25ec04-6163-44ae-a7e6-933a1c4a9d86@group-5722ABF77BC5-LeaderStateImpl
2023-04-11 11:26:28,277 [7b25ec04-6163-44ae-a7e6-933a1c4a9d86@group-5722ABF77BC5-LeaderElection31] INFO  segmented.SegmentedRaftLogWorker (SegmentedRaftLogWorker.java:startLogSegment(452)) - 7b25ec04-6163-44ae-a7e6-933a1c4a9d86@group-5722ABF77BC5-SegmentedRaftLogWorker: Starting segment from index:0
2023-04-11 11:26:28,283 [7b25ec04-6163-44ae-a7e6-933a1c4a9d86@group-5722ABF77BC5-SegmentedRaftLogWorker] INFO  segmented.SegmentedRaftLogWorker (SegmentedRaftLogWorker.java:execute(656)) - 7b25ec04-6163-44ae-a7e6-933a1c4a9d86@group-5722ABF77BC5-SegmentedRaftLogWorker: created new log segment /home/runner/work/ozone/ozone/hadoop-ozone/integration-test/target/test-dir/MiniOzoneClusterImpl-96ac6092-8b7a-4e89-97e1-43be04ae58b3/datanode-0/data/ratis/3faa5b13-5eb8-416a-9d63-5722abf77bc5/current/log_inprogress_0
2023-04-11 11:26:28,283 [7b25ec04-6163-44ae-a7e6-933a1c4a9d86@group-5722ABF77BC5-LeaderElection31] INFO  server.RaftServer$Division (ServerState.java:setRaftConf(430)) - 7b25ec04-6163-44ae-a7e6-933a1c4a9d86@group-5722ABF77BC5: set configuration 0: peers:[7b25ec04-6163-44ae-a7e6-933a1c4a9d86|rpc:10.1.0.37:36109|dataStream:10.1.0.37:39359|priority:1|startupRole:FOLLOWER]|listeners:[], old=null
2023-04-11 11:26:28,317 [caa308e7-95fe-4c5f-9440-a942b893081e@group-D8A3DF9248B6-FollowerState] INFO  impl.FollowerState (FollowerState.java:run(143)) - caa308e7-95fe-4c5f-9440-a942b893081e@group-D8A3DF9248B6-FollowerState: change to CANDIDATE, lastRpcElapsedTime:5179983896ns, electionTimeout:5177ms
2023-04-11 11:26:28,317 [caa308e7-95fe-4c5f-9440-a942b893081e@group-D8A3DF9248B6-FollowerState] INFO  impl.RoleInfo (RoleInfo.java:shutdownFollowerState(110)) - caa308e7-95fe-4c5f-9440-a942b893081e: shutdown caa308e7-95fe-4c5f-9440-a942b893081e@group-D8A3DF9248B6-FollowerState
2023-04-11 11:26:28,317 [caa308e7-95fe-4c5f-9440-a942b893081e@group-D8A3DF9248B6-FollowerState] INFO  server.RaftServer$Division (RaftServerImpl.java:setRole(321)) - caa308e7-95fe-4c5f-9440-a942b893081e@group-D8A3DF9248B6: changes role from  FOLLOWER to CANDIDATE at term 0 for changeToCandidate
2023-04-11 11:26:28,317 [7b25ec04-6163-44ae-a7e6-933a1c4a9d86@group-308C1A8F3472-FollowerState] INFO  impl.FollowerState (FollowerState.java:run(143)) - 7b25ec04-6163-44ae-a7e6-933a1c4a9d86@group-308C1A8F3472-FollowerState: change to CANDIDATE, lastRpcElapsedTime:5129489324ns, electionTimeout:5129ms
2023-04-11 11:26:28,317 [caa308e7-95fe-4c5f-9440-a942b893081e@group-D8A3DF9248B6-FollowerState] INFO  server.RaftServerConfigKeys (ConfUtils.java:logGet(46)) - raft.server.leaderelection.pre-vote = true (default)
2023-04-11 11:26:28,317 [caa308e7-95fe-4c5f-9440-a942b893081e@group-D8A3DF9248B6-FollowerState] INFO  impl.RoleInfo (RoleInfo.java:updateAndGet(139)) - caa308e7-95fe-4c5f-9440-a942b893081e: start caa308e7-95fe-4c5f-9440-a942b893081e@group-D8A3DF9248B6-LeaderElection32
2023-04-11 11:26:28,317 [7b25ec04-6163-44ae-a7e6-933a1c4a9d86@group-308C1A8F3472-FollowerState] INFO  impl.RoleInfo (RoleInfo.java:shutdownFollowerState(110)) - 7b25ec04-6163-44ae-a7e6-933a1c4a9d86: shutdown 7b25ec04-6163-44ae-a7e6-933a1c4a9d86@group-308C1A8F3472-FollowerState
2023-04-11 11:26:28,317 [7b25ec04-6163-44ae-a7e6-933a1c4a9d86@group-308C1A8F3472-FollowerState] INFO  server.RaftServer$Division (RaftServerImpl.java:setRole(321)) - 7b25ec04-6163-44ae-a7e6-933a1c4a9d86@group-308C1A8F3472: changes role from  FOLLOWER to CANDIDATE at term 0 for changeToCandidate
2023-04-11 11:26:28,318 [7b25ec04-6163-44ae-a7e6-933a1c4a9d86@group-308C1A8F3472-FollowerState] INFO  server.RaftServerConfigKeys (ConfUtils.java:logGet(46)) - raft.server.leaderelection.pre-vote = true (default)
2023-04-11 11:26:28,318 [7b25ec04-6163-44ae-a7e6-933a1c4a9d86@group-308C1A8F3472-FollowerState] INFO  impl.RoleInfo (RoleInfo.java:updateAndGet(139)) - 7b25ec04-6163-44ae-a7e6-933a1c4a9d86: start 7b25ec04-6163-44ae-a7e6-933a1c4a9d86@group-308C1A8F3472-LeaderElection33
2023-04-11 11:26:28,318 [caa308e7-95fe-4c5f-9440-a942b893081e@group-D8A3DF9248B6-LeaderElection32] INFO  impl.LeaderElection (LeaderElection.java:askForVotes(312)) - caa308e7-95fe-4c5f-9440-a942b893081e@group-D8A3DF9248B6-LeaderElection32 PRE_VOTE round 0: submit vote requests at term 0 for -1: peers:[4d790031-0a50-4ffd-b1f5-2ef434e1e7d9|rpc:10.1.0.37:43649|dataStream:10.1.0.37:46225|priority:0|startupRole:FOLLOWER, 7b25ec04-6163-44ae-a7e6-933a1c4a9d86|rpc:10.1.0.37:36109|dataStream:10.1.0.37:39359|priority:0|startupRole:FOLLOWER, caa308e7-95fe-4c5f-9440-a942b893081e|rpc:10.1.0.37:35655|dataStream:10.1.0.37:42291|priority:1|startupRole:FOLLOWER]|listeners:[], old=null
2023-04-11 11:26:28,323 [7b25ec04-6163-44ae-a7e6-933a1c4a9d86@group-308C1A8F3472-LeaderElection33] INFO  impl.LeaderElection (LeaderElection.java:askForVotes(312)) - 7b25ec04-6163-44ae-a7e6-933a1c4a9d86@group-308C1A8F3472-LeaderElection33 PRE_VOTE round 0: submit vote requests at term 0 for -1: peers:[4d790031-0a50-4ffd-b1f5-2ef434e1e7d9|rpc:10.1.0.37:43649|dataStream:10.1.0.37:46225|priority:0|startupRole:FOLLOWER, 7b25ec04-6163-44ae-a7e6-933a1c4a9d86|rpc:10.1.0.37:36109|dataStream:10.1.0.37:39359|priority:1|startupRole:FOLLOWER, caa308e7-95fe-4c5f-9440-a942b893081e|rpc:10.1.0.37:35655|dataStream:10.1.0.37:42291|priority:0|startupRole:FOLLOWER]|listeners:[], old=null
2023-04-11 11:26:28,324 [caa308e7-95fe-4c5f-9440-a942b893081e@group-D8A3DF9248B6-LeaderElection32-1] INFO  server.GrpcServerProtocolClient (GrpcServerProtocolClient.java:<init>(63)) - Build channel for 4d790031-0a50-4ffd-b1f5-2ef434e1e7d9
2023-04-11 11:26:28,325 [caa308e7-95fe-4c5f-9440-a942b893081e@group-308C1A8F3472-FollowerState] INFO  impl.FollowerState (FollowerState.java:run(143)) - caa308e7-95fe-4c5f-9440-a942b893081e@group-308C1A8F3472-FollowerState: change to CANDIDATE, lastRpcElapsedTime:5080199267ns, electionTimeout:5079ms
2023-04-11 11:26:28,325 [caa308e7-95fe-4c5f-9440-a942b893081e@group-308C1A8F3472-FollowerState] INFO  impl.RoleInfo (RoleInfo.java:shutdownFollowerState(110)) - caa308e7-95fe-4c5f-9440-a942b893081e: shutdown caa308e7-95fe-4c5f-9440-a942b893081e@group-308C1A8F3472-FollowerState
2023-04-11 11:26:28,325 [caa308e7-95fe-4c5f-9440-a942b893081e@group-308C1A8F3472-FollowerState] INFO  server.RaftServer$Division (RaftServerImpl.java:setRole(321)) - caa308e7-95fe-4c5f-9440-a942b893081e@group-308C1A8F3472: changes role from  FOLLOWER to CANDIDATE at term 0 for changeToCandidate
2023-04-11 11:26:28,328 [caa308e7-95fe-4c5f-9440-a942b893081e@group-D8A3DF9248B6-LeaderElection32] INFO  server.RaftServerConfigKeys (ConfUtils.java:logFallback(53)) - raft.server.rpc.first-election.timeout.min = 5s (fallback to raft.server.rpc.timeout.min)
2023-04-11 11:26:28,328 [caa308e7-95fe-4c5f-9440-a942b893081e@group-D8A3DF9248B6-LeaderElection32] INFO  server.RaftServerConfigKeys (ConfUtils.java:logFallback(53)) - raft.server.rpc.first-election.timeout.max = 5200ms (fallback to raft.server.rpc.timeout.max)
2023-04-11 11:26:28,328 [caa308e7-95fe-4c5f-9440-a942b893081e@group-308C1A8F3472-FollowerState] INFO  server.RaftServerConfigKeys (ConfUtils.java:logGet(46)) - raft.server.leaderelection.pre-vote = true (default)
2023-04-11 11:26:28,328 [caa308e7-95fe-4c5f-9440-a942b893081e@group-308C1A8F3472-FollowerState] INFO  impl.RoleInfo (RoleInfo.java:updateAndGet(139)) - caa308e7-95fe-4c5f-9440-a942b893081e: start caa308e7-95fe-4c5f-9440-a942b893081e@group-308C1A8F3472-LeaderElection34
2023-04-11 11:26:28,329 [caa308e7-95fe-4c5f-9440-a942b893081e@group-D8A3DF9248B6-LeaderElection32-2] INFO  server.GrpcServerProtocolClient (GrpcServerProtocolClient.java:<init>(63)) - Build channel for 7b25ec04-6163-44ae-a7e6-933a1c4a9d86
2023-04-11 11:26:28,331 [7b25ec04-6163-44ae-a7e6-933a1c4a9d86@group-308C1A8F3472-LeaderElection33] INFO  server.RaftServerConfigKeys (ConfUtils.java:logFallback(53)) - raft.server.rpc.first-election.timeout.min = 5s (fallback to raft.server.rpc.timeout.min)
2023-04-11 11:26:28,331 [7b25ec04-6163-44ae-a7e6-933a1c4a9d86@group-308C1A8F3472-LeaderElection33] INFO  server.RaftServerConfigKeys (ConfUtils.java:logFallback(53)) - raft.server.rpc.first-election.timeout.max = 5200ms (fallback to raft.server.rpc.timeout.max)
2023-04-11 11:26:28,337 [grpc-default-executor-0] INFO  server.RaftServer$Division (RaftServerImpl.java:requestVote(1218)) - 4d790031-0a50-4ffd-b1f5-2ef434e1e7d9@group-308C1A8F3472: receive requestVote(PRE_VOTE, 7b25ec04-6163-44ae-a7e6-933a1c4a9d86, group-308C1A8F3472, 0, (t:0, i:0))
2023-04-11 11:26:28,337 [grpc-default-executor-0] INFO  impl.VoteContext (VoteContext.java:log(49)) - 4d790031-0a50-4ffd-b1f5-2ef434e1e7d9@group-308C1A8F3472-FOLLOWER: accept PRE_VOTE from 7b25ec04-6163-44ae-a7e6-933a1c4a9d86: our priority 0 <= candidate's priority 1
2023-04-11 11:26:28,337 [grpc-default-executor-0] INFO  server.RaftServer$Division (RaftServerImpl.java:requestVote(1251)) - 4d790031-0a50-4ffd-b1f5-2ef434e1e7d9@group-308C1A8F3472 replies to PRE_VOTE vote request: 7b25ec04-6163-44ae-a7e6-933a1c4a9d86<-4d790031-0a50-4ffd-b1f5-2ef434e1e7d9#0:OK-t0. Peer's state: 4d790031-0a50-4ffd-b1f5-2ef434e1e7d9@group-308C1A8F3472:t0, leader=null, voted=, raftlog=Memoized:4d790031-0a50-4ffd-b1f5-2ef434e1e7d9@group-308C1A8F3472-SegmentedRaftLog:OPENED:c-1, conf=-1: peers:[4d790031-0a50-4ffd-b1f5-2ef434e1e7d9|rpc:10.1.0.37:43649|dataStream:10.1.0.37:46225|priority:0|startupRole:FOLLOWER, 7b25ec04-6163-44ae-a7e6-933a1c4a9d86|rpc:10.1.0.37:36109|dataStream:10.1.0.37:39359|priority:1|startupRole:FOLLOWER, caa308e7-95fe-4c5f-9440-a942b893081e|rpc:10.1.0.37:35655|dataStream:10.1.0.37:42291|priority:0|startupRole:FOLLOWER]|listeners:[], old=null
2023-04-11 11:26:28,338 [caa308e7-95fe-4c5f-9440-a942b893081e@group-308C1A8F3472-LeaderElection34] INFO  impl.LeaderElection (LeaderElection.java:askForVotes(312)) - caa308e7-95fe-4c5f-9440-a942b893081e@group-308C1A8F3472-LeaderElection34 PRE_VOTE round 0: submit vote requests at term 0 for -1: peers:[4d790031-0a50-4ffd-b1f5-2ef434e1e7d9|rpc:10.1.0.37:43649|dataStream:10.1.0.37:46225|priority:0|startupRole:FOLLOWER, 7b25ec04-6163-44ae-a7e6-933a1c4a9d86|rpc:10.1.0.37:36109|dataStream:10.1.0.37:39359|priority:1|startupRole:FOLLOWER, caa308e7-95fe-4c5f-9440-a942b893081e|rpc:10.1.0.37:35655|dataStream:10.1.0.37:42291|priority:0|startupRole:FOLLOWER]|listeners:[], old=null
2023-04-11 11:26:28,339 [caa308e7-95fe-4c5f-9440-a942b893081e@group-308C1A8F3472-LeaderElection34] INFO  server.RaftServerConfigKeys (ConfUtils.java:logFallback(53)) - raft.server.rpc.first-election.timeout.min = 5s (fallback to raft.server.rpc.timeout.min)
2023-04-11 11:26:28,339 [caa308e7-95fe-4c5f-9440-a942b893081e@group-308C1A8F3472-LeaderElection34] INFO  server.RaftServerConfigKeys (ConfUtils.java:logFallback(53)) - raft.server.rpc.first-election.timeout.max = 5200ms (fallback to raft.server.rpc.timeout.max)
2023-04-11 11:26:28,342 [7b25ec04-6163-44ae-a7e6-933a1c4a9d86@group-308C1A8F3472-LeaderElection33] INFO  impl.LeaderElection (LeaderElection.java:logAndReturn(90)) - 7b25ec04-6163-44ae-a7e6-933a1c4a9d86@group-308C1A8F3472-LeaderElection33: PRE_VOTE PASSED received 1 response(s) and 0 exception(s):
2023-04-11 11:26:28,342 [7b25ec04-6163-44ae-a7e6-933a1c4a9d86@group-308C1A8F3472-LeaderElection33] INFO  impl.LeaderElection (LeaderElection.java:logAndReturn(94)) -   Response 0: 7b25ec04-6163-44ae-a7e6-933a1c4a9d86<-4d790031-0a50-4ffd-b1f5-2ef434e1e7d9#0:OK-t0
2023-04-11 11:26:28,342 [7b25ec04-6163-44ae-a7e6-933a1c4a9d86@group-308C1A8F3472-LeaderElection33] INFO  impl.LeaderElection (LeaderElection.java:askForVotes(314)) - 7b25ec04-6163-44ae-a7e6-933a1c4a9d86@group-308C1A8F3472-LeaderElection33 PRE_VOTE round 0: result PASSED
2023-04-11 11:26:28,345 [7b25ec04-6163-44ae-a7e6-933a1c4a9d86@group-308C1A8F3472-LeaderElection33] INFO  impl.LeaderElection (LeaderElection.java:askForVotes(312)) - 7b25ec04-6163-44ae-a7e6-933a1c4a9d86@group-308C1A8F3472-LeaderElection33 ELECTION round 0: submit vote requests at term 1 for -1: peers:[4d790031-0a50-4ffd-b1f5-2ef434e1e7d9|rpc:10.1.0.37:43649|dataStream:10.1.0.37:46225|priority:0|startupRole:FOLLOWER, 7b25ec04-6163-44ae-a7e6-933a1c4a9d86|rpc:10.1.0.37:36109|dataStream:10.1.0.37:39359|priority:1|startupRole:FOLLOWER, caa308e7-95fe-4c5f-9440-a942b893081e|rpc:10.1.0.37:35655|dataStream:10.1.0.37:42291|priority:0|startupRole:FOLLOWER]|listeners:[], old=null
2023-04-11 11:26:28,350 [7b25ec04-6163-44ae-a7e6-933a1c4a9d86@group-308C1A8F3472-LeaderElection33] INFO  server.RaftServerConfigKeys (ConfUtils.java:logFallback(53)) - raft.server.rpc.first-election.timeout.min = 5s (fallback to raft.server.rpc.timeout.min)
2023-04-11 11:26:28,350 [7b25ec04-6163-44ae-a7e6-933a1c4a9d86@group-308C1A8F3472-LeaderElection33] INFO  server.RaftServerConfigKeys (ConfUtils.java:logFallback(53)) - raft.server.rpc.first-election.timeout.max = 5200ms (fallback to raft.server.rpc.timeout.max)
2023-04-11 11:26:28,355 [grpc-default-executor-1] INFO  server.RaftServer$Division (RaftServerImpl.java:requestVote(1218)) - caa308e7-95fe-4c5f-9440-a942b893081e@group-308C1A8F3472: receive requestVote(PRE_VOTE, 7b25ec04-6163-44ae-a7e6-933a1c4a9d86, group-308C1A8F3472, 0, (t:0, i:0))
2023-04-11 11:26:28,355 [grpc-default-executor-1] INFO  impl.VoteContext (VoteContext.java:log(49)) - caa308e7-95fe-4c5f-9440-a942b893081e@group-308C1A8F3472-CANDIDATE: accept PRE_VOTE from 7b25ec04-6163-44ae-a7e6-933a1c4a9d86: our priority 0 <= candidate's priority 1
2023-04-11 11:26:28,355 [grpc-default-executor-1] INFO  server.RaftServer$Division (RaftServerImpl.java:requestVote(1251)) - caa308e7-95fe-4c5f-9440-a942b893081e@group-308C1A8F3472 replies to PRE_VOTE vote request: 7b25ec04-6163-44ae-a7e6-933a1c4a9d86<-caa308e7-95fe-4c5f-9440-a942b893081e#0:OK-t0. Peer's state: caa308e7-95fe-4c5f-9440-a942b893081e@group-308C1A8F3472:t0, leader=null, voted=, raftlog=Memoized:caa308e7-95fe-4c5f-9440-a942b893081e@group-308C1A8F3472-SegmentedRaftLog:OPENED:c-1, conf=-1: peers:[4d790031-0a50-4ffd-b1f5-2ef434e1e7d9|rpc:10.1.0.37:43649|dataStream:10.1.0.37:46225|priority:0|startupRole:FOLLOWER, 7b25ec04-6163-44ae-a7e6-933a1c4a9d86|rpc:10.1.0.37:36109|dataStream:10.1.0.37:39359|priority:1|startupRole:FOLLOWER, caa308e7-95fe-4c5f-9440-a942b893081e|rpc:10.1.0.37:35655|dataStream:10.1.0.37:42291|priority:0|startupRole:FOLLOWER]|listeners:[], old=null
2023-04-11 11:26:28,356 [4d790031-0a50-4ffd-b1f5-2ef434e1e7d9@group-D8A3DF9248B6-FollowerState] INFO  server.RaftServerConfigKeys (ConfUtils.java:logFallback(53)) - raft.server.rpc.first-election.timeout.min = 5s (fallback to raft.server.rpc.timeout.min)
2023-04-11 11:26:28,356 [4d790031-0a50-4ffd-b1f5-2ef434e1e7d9@group-D8A3DF9248B6-FollowerState] INFO  server.RaftServerConfigKeys (ConfUtils.java:logFallback(53)) - raft.server.rpc.first-election.timeout.max = 5200ms (fallback to raft.server.rpc.timeout.max)
2023-04-11 11:26:28,360 [Listener at 127.0.0.1/44509] INFO  ozone.MiniOzoneClusterImpl (MiniOzoneClusterImpl.java:lambda$waitForClusterToBeReady$0(222)) - Nodes are ready. Got 5 of 5 DN Heartbeats.
2023-04-11 11:26:28,360 [Listener at 127.0.0.1/44509] INFO  ozone.MiniOzoneClusterImpl (MiniOzoneClusterImpl.java:lambda$waitForClusterToBeReady$0(225)) - Waiting for cluster to exit safe mode
2023-04-11 11:26:28,360 [Listener at 127.0.0.1/44509] INFO  ozone.MiniOzoneClusterImpl (MiniOzoneClusterImpl.java:lambda$waitForClusterToBeReady$0(227)) - SCM became leader
2023-04-11 11:26:28,362 [grpc-default-executor-2] INFO  server.RaftServer$Division (RaftServerImpl.java:requestVote(1218)) - 4d790031-0a50-4ffd-b1f5-2ef434e1e7d9@group-308C1A8F3472: receive requestVote(ELECTION, 7b25ec04-6163-44ae-a7e6-933a1c4a9d86, group-308C1A8F3472, 1, (t:0, i:0))
2023-04-11 11:26:28,363 [grpc-default-executor-2] INFO  impl.VoteContext (VoteContext.java:log(49)) - 4d790031-0a50-4ffd-b1f5-2ef434e1e7d9@group-308C1A8F3472-FOLLOWER: accept ELECTION from 7b25ec04-6163-44ae-a7e6-933a1c4a9d86: our priority 0 <= candidate's priority 1
2023-04-11 11:26:28,363 [grpc-default-executor-2] INFO  server.RaftServer$Division (RaftServerImpl.java:setRole(321)) - 4d790031-0a50-4ffd-b1f5-2ef434e1e7d9@group-308C1A8F3472: changes role from  FOLLOWER to FOLLOWER at term 1 for candidate:7b25ec04-6163-44ae-a7e6-933a1c4a9d86
2023-04-11 11:26:28,363 [grpc-default-executor-2] INFO  impl.RoleInfo (RoleInfo.java:shutdownFollowerState(110)) - 4d790031-0a50-4ffd-b1f5-2ef434e1e7d9: shutdown 4d790031-0a50-4ffd-b1f5-2ef434e1e7d9@group-308C1A8F3472-FollowerState
2023-04-11 11:26:28,363 [grpc-default-executor-2] INFO  impl.RoleInfo (RoleInfo.java:updateAndGet(139)) - 4d790031-0a50-4ffd-b1f5-2ef434e1e7d9: start 4d790031-0a50-4ffd-b1f5-2ef434e1e7d9@group-308C1A8F3472-FollowerState
2023-04-11 11:26:28,365 [4d790031-0a50-4ffd-b1f5-2ef434e1e7d9@group-308C1A8F3472-FollowerState] INFO  impl.FollowerState (FollowerState.java:run(152)) - 4d790031-0a50-4ffd-b1f5-2ef434e1e7d9@group-308C1A8F3472-FollowerState was interrupted
2023-04-11 11:26:28,366 [grpc-default-executor-1] INFO  server.RaftServer$Division (RaftServerImpl.java:requestVote(1218)) - 4d790031-0a50-4ffd-b1f5-2ef434e1e7d9@group-308C1A8F3472: receive requestVote(PRE_VOTE, caa308e7-95fe-4c5f-9440-a942b893081e, group-308C1A8F3472, 0, (t:0, i:0))
2023-04-11 11:26:28,366 [grpc-default-executor-0] INFO  server.RaftServer$Division (RaftServerImpl.java:requestVote(1218)) - 4d790031-0a50-4ffd-b1f5-2ef434e1e7d9@group-D8A3DF9248B6: receive requestVote(PRE_VOTE, caa308e7-95fe-4c5f-9440-a942b893081e, group-D8A3DF9248B6, 0, (t:0, i:0))
2023-04-11 11:26:28,366 [grpc-default-executor-0] INFO  impl.VoteContext (VoteContext.java:log(49)) - 4d790031-0a50-4ffd-b1f5-2ef434e1e7d9@group-D8A3DF9248B6-FOLLOWER: accept PRE_VOTE from caa308e7-95fe-4c5f-9440-a942b893081e: our priority 0 <= candidate's priority 1
2023-04-11 11:26:28,366 [grpc-default-executor-0] INFO  server.RaftServer$Division (RaftServerImpl.java:requestVote(1251)) - 4d790031-0a50-4ffd-b1f5-2ef434e1e7d9@group-D8A3DF9248B6 replies to PRE_VOTE vote request: caa308e7-95fe-4c5f-9440-a942b893081e<-4d790031-0a50-4ffd-b1f5-2ef434e1e7d9#0:OK-t0. Peer's state: 4d790031-0a50-4ffd-b1f5-2ef434e1e7d9@group-D8A3DF9248B6:t0, leader=null, voted=, raftlog=Memoized:4d790031-0a50-4ffd-b1f5-2ef434e1e7d9@group-D8A3DF9248B6-SegmentedRaftLog:OPENED:c-1, conf=-1: peers:[4d790031-0a50-4ffd-b1f5-2ef434e1e7d9|rpc:10.1.0.37:43649|dataStream:10.1.0.37:46225|priority:0|startupRole:FOLLOWER, 7b25ec04-6163-44ae-a7e6-933a1c4a9d86|rpc:10.1.0.37:36109|dataStream:10.1.0.37:39359|priority:0|startupRole:FOLLOWER, caa308e7-95fe-4c5f-9440-a942b893081e|rpc:10.1.0.37:35655|dataStream:10.1.0.37:42291|priority:1|startupRole:FOLLOWER]|listeners:[], old=null
2023-04-11 11:26:28,367 [grpc-default-executor-2] INFO  server.RaftServer$Division (RaftServerImpl.java:requestVote(1251)) - 4d790031-0a50-4ffd-b1f5-2ef434e1e7d9@group-308C1A8F3472 replies to ELECTION vote request: 7b25ec04-6163-44ae-a7e6-933a1c4a9d86<-4d790031-0a50-4ffd-b1f5-2ef434e1e7d9#0:OK-t1. Peer's state: 4d790031-0a50-4ffd-b1f5-2ef434e1e7d9@group-308C1A8F3472:t1, leader=null, voted=7b25ec04-6163-44ae-a7e6-933a1c4a9d86, raftlog=Memoized:4d790031-0a50-4ffd-b1f5-2ef434e1e7d9@group-308C1A8F3472-SegmentedRaftLog:OPENED:c-1, conf=-1: peers:[4d790031-0a50-4ffd-b1f5-2ef434e1e7d9|rpc:10.1.0.37:43649|dataStream:10.1.0.37:46225|priority:0|startupRole:FOLLOWER, 7b25ec04-6163-44ae-a7e6-933a1c4a9d86|rpc:10.1.0.37:36109|dataStream:10.1.0.37:39359|priority:1|startupRole:FOLLOWER, caa308e7-95fe-4c5f-9440-a942b893081e|rpc:10.1.0.37:35655|dataStream:10.1.0.37:42291|priority:0|startupRole:FOLLOWER]|listeners:[], old=null
2023-04-11 11:26:28,367 [grpc-default-executor-1] INFO  impl.VoteContext (VoteContext.java:log(49)) - 4d790031-0a50-4ffd-b1f5-2ef434e1e7d9@group-308C1A8F3472-FOLLOWER: accept PRE_VOTE from caa308e7-95fe-4c5f-9440-a942b893081e: our priority 0 <= candidate's priority 0
2023-04-11 11:26:28,368 [grpc-default-executor-1] INFO  server.RaftServer$Division (RaftServerImpl.java:requestVote(1251)) - 4d790031-0a50-4ffd-b1f5-2ef434e1e7d9@group-308C1A8F3472 replies to PRE_VOTE vote request: caa308e7-95fe-4c5f-9440-a942b893081e<-4d790031-0a50-4ffd-b1f5-2ef434e1e7d9#0:OK-t1. Peer's state: 4d790031-0a50-4ffd-b1f5-2ef434e1e7d9@group-308C1A8F3472:t1, leader=null, voted=7b25ec04-6163-44ae-a7e6-933a1c4a9d86, raftlog=Memoized:4d790031-0a50-4ffd-b1f5-2ef434e1e7d9@group-308C1A8F3472-SegmentedRaftLog:OPENED:c-1, conf=-1: peers:[4d790031-0a50-4ffd-b1f5-2ef434e1e7d9|rpc:10.1.0.37:43649|dataStream:10.1.0.37:46225|priority:0|startupRole:FOLLOWER, 7b25ec04-6163-44ae-a7e6-933a1c4a9d86|rpc:10.1.0.37:36109|dataStream:10.1.0.37:39359|priority:1|startupRole:FOLLOWER, caa308e7-95fe-4c5f-9440-a942b893081e|rpc:10.1.0.37:35655|dataStream:10.1.0.37:42291|priority:0|startupRole:FOLLOWER]|listeners:[], old=null
2023-04-11 11:26:28,368 [4d790031-0a50-4ffd-b1f5-2ef434e1e7d9@group-308C1A8F3472-FollowerState] INFO  server.RaftServerConfigKeys (ConfUtils.java:logFallback(53)) - raft.server.rpc.first-election.timeout.min = 5s (fallback to raft.server.rpc.timeout.min)
2023-04-11 11:26:28,369 [4d790031-0a50-4ffd-b1f5-2ef434e1e7d9@group-308C1A8F3472-FollowerState] INFO  server.RaftServerConfigKeys (ConfUtils.java:logFallback(53)) - raft.server.rpc.first-election.timeout.max = 5200ms (fallback to raft.server.rpc.timeout.max)
2023-04-11 11:26:28,370 [7b25ec04-6163-44ae-a7e6-933a1c4a9d86@group-308C1A8F3472-LeaderElection33] INFO  impl.LeaderElection (LeaderElection.java:logAndReturn(90)) - 7b25ec04-6163-44ae-a7e6-933a1c4a9d86@group-308C1A8F3472-LeaderElection33: ELECTION PASSED received 1 response(s) and 0 exception(s):
2023-04-11 11:26:28,371 [7b25ec04-6163-44ae-a7e6-933a1c4a9d86@group-308C1A8F3472-LeaderElection33] INFO  impl.LeaderElection (LeaderElection.java:logAndReturn(94)) -   Response 0: 7b25ec04-6163-44ae-a7e6-933a1c4a9d86<-4d790031-0a50-4ffd-b1f5-2ef434e1e7d9#0:OK-t1
2023-04-11 11:26:28,371 [7b25ec04-6163-44ae-a7e6-933a1c4a9d86@group-308C1A8F3472-LeaderElection33] INFO  impl.LeaderElection (LeaderElection.java:askForVotes(314)) - 7b25ec04-6163-44ae-a7e6-933a1c4a9d86@group-308C1A8F3472-LeaderElection33 ELECTION round 0: result PASSED
2023-04-11 11:26:28,371 [7b25ec04-6163-44ae-a7e6-933a1c4a9d86@group-308C1A8F3472-LeaderElection33] INFO  impl.RoleInfo (RoleInfo.java:shutdownLeaderElection(130)) - 7b25ec04-6163-44ae-a7e6-933a1c4a9d86: shutdown 7b25ec04-6163-44ae-a7e6-933a1c4a9d86@group-308C1A8F3472-LeaderElection33
2023-04-11 11:26:28,371 [7b25ec04-6163-44ae-a7e6-933a1c4a9d86@group-308C1A8F3472-LeaderElection33] INFO  server.RaftServer$Division (RaftServerImpl.java:setRole(321)) - 7b25ec04-6163-44ae-a7e6-933a1c4a9d86@group-308C1A8F3472: changes role from CANDIDATE to LEADER at term 1 for changeToLeader
2023-04-11 11:26:28,371 [7b25ec04-6163-44ae-a7e6-933a1c4a9d86@group-308C1A8F3472-LeaderElection33] INFO  ratis.XceiverServerRatis (XceiverServerRatis.java:handleLeaderChangedNotification(904)) - Leader change notification received for group: group-308C1A8F3472 with new leaderId: 7b25ec04-6163-44ae-a7e6-933a1c4a9d86
2023-04-11 11:26:28,371 [7b25ec04-6163-44ae-a7e6-933a1c4a9d86@group-308C1A8F3472-LeaderElection33] INFO  server.RaftServer$Division (ServerState.java:setLeader(313)) - 7b25ec04-6163-44ae-a7e6-933a1c4a9d86@group-308C1A8F3472: change Leader from null to 7b25ec04-6163-44ae-a7e6-933a1c4a9d86 at term 1 for becomeLeader, leader elected after 5194ms
2023-04-11 11:26:28,371 [7b25ec04-6163-44ae-a7e6-933a1c4a9d86@group-308C1A8F3472-LeaderElection33] INFO  server.RaftServerConfigKeys (ConfUtils.java:logGet(46)) - raft.server.staging.catchup.gap = 1000 (default)
2023-04-11 11:26:28,371 [7b25ec04-6163-44ae-a7e6-933a1c4a9d86@group-308C1A8F3472-LeaderElection33] INFO  server.RaftServerConfigKeys (ConfUtils.java:logGet(46)) - raft.server.write.element-limit = 1024 (custom)
2023-04-11 11:26:28,371 [7b25ec04-6163-44ae-a7e6-933a1c4a9d86@group-308C1A8F3472-LeaderElection33] INFO  server.RaftServerConfigKeys (ConfUtils.java:logGet(46)) - raft.server.write.byte-limit = 1024 M (=1073741824) (custom)
2023-04-11 11:26:28,371 [7b25ec04-6163-44ae-a7e6-933a1c4a9d86@group-308C1A8F3472-LeaderElection33] INFO  server.RaftServerConfigKeys (ConfUtils.java:logGet(46)) - raft.server.watch.timeout = 180s (custom)
2023-04-11 11:26:28,371 [7b25ec04-6163-44ae-a7e6-933a1c4a9d86@group-308C1A8F3472-LeaderElection33] INFO  server.RaftServerConfigKeys (ConfUtils.java:logGet(46)) - raft.server.watch.timeout.denomination = 1s (default)
2023-04-11 11:26:28,371 [7b25ec04-6163-44ae-a7e6-933a1c4a9d86@group-308C1A8F3472-LeaderElection33] INFO  server.RaftServerConfigKeys (ConfUtils.java:logGet(46)) - raft.server.watch.element-limit = 65536 (default)
2023-04-11 11:26:28,371 [7b25ec04-6163-44ae-a7e6-933a1c4a9d86@group-308C1A8F3472-LeaderElection33] INFO  server.RaftServerConfigKeys (ConfUtils.java:logGet(46)) - raft.server.write.element-limit = 1024 (custom)
2023-04-11 11:26:28,371 [7b25ec04-6163-44ae-a7e6-933a1c4a9d86@group-308C1A8F3472-LeaderElection33] INFO  server.RaftServerConfigKeys (ConfUtils.java:logGet(46)) - raft.server.write.follower.gap.ratio.max = -1.0 (default)
2023-04-11 11:26:28,372 [7b25ec04-6163-44ae-a7e6-933a1c4a9d86@group-308C1A8F3472-LeaderElection33] INFO  server.RaftServerConfigKeys (ConfUtils.java:logGet(46)) - raft.server.log.appender.snapshot.chunk.size.max = 16MB (=16777216) (default)
2023-04-11 11:26:28,372 [7b25ec04-6163-44ae-a7e6-933a1c4a9d86@group-308C1A8F3472-LeaderElection33] INFO  server.RaftServerConfigKeys (ConfUtils.java:logGet(46)) - raft.server.log.appender.buffer.byte-limit = 33554432 (custom)
2023-04-11 11:26:28,372 [7b25ec04-6163-44ae-a7e6-933a1c4a9d86@group-308C1A8F3472-LeaderElection33] INFO  server.RaftServerConfigKeys (ConfUtils.java:logGet(46)) - raft.server.log.appender.buffer.element-limit = 1 (custom)
2023-04-11 11:26:28,372 [7b25ec04-6163-44ae-a7e6-933a1c4a9d86@group-308C1A8F3472-LeaderElection33] INFO  grpc.GrpcConfigKeys (ConfUtils.java:logGet(46)) - raft.grpc.server.leader.outstanding.appends.max = 128 (default)
2023-04-11 11:26:28,372 [7b25ec04-6163-44ae-a7e6-933a1c4a9d86@group-308C1A8F3472-LeaderElection33] INFO  server.RaftServerConfigKeys (ConfUtils.java:logGet(46)) - raft.server.rpc.request.timeout = 60s (custom)
2023-04-11 11:26:28,372 [7b25ec04-6163-44ae-a7e6-933a1c4a9d86@group-308C1A8F3472-LeaderElection33] INFO  server.RaftServerConfigKeys (ConfUtils.java:logGet(46)) - raft.server.log.appender.install.snapshot.enabled = false (custom)
2023-04-11 11:26:28,372 [7b25ec04-6163-44ae-a7e6-933a1c4a9d86@group-308C1A8F3472-LeaderElection33] INFO  grpc.GrpcConfigKeys (ConfUtils.java:logGet(46)) - raft.grpc.server.heartbeat.channel = true (default)
2023-04-11 11:26:28,372 [7b25ec04-6163-44ae-a7e6-933a1c4a9d86@group-308C1A8F3472-LeaderElection33] INFO  server.RaftServerConfigKeys (ConfUtils.java:logGet(46)) - raft.server.log.appender.wait-time.min = 10ms (default)
2023-04-11 11:26:28,373 [7b25ec04-6163-44ae-a7e6-933a1c4a9d86@group-308C1A8F3472-LeaderElection33] INFO  server.RaftServerConfigKeys (ConfUtils.java:logGet(46)) - raft.server.log.appender.snapshot.chunk.size.max = 16MB (=16777216) (default)
2023-04-11 11:26:28,373 [7b25ec04-6163-44ae-a7e6-933a1c4a9d86@group-308C1A8F3472-LeaderElection33] INFO  server.RaftServerConfigKeys (ConfUtils.java:logGet(46)) - raft.server.log.appender.buffer.byte-limit = 33554432 (custom)
2023-04-11 11:26:28,373 [7b25ec04-6163-44ae-a7e6-933a1c4a9d86@group-308C1A8F3472-LeaderElection33] INFO  server.RaftServerConfigKeys (ConfUtils.java:logGet(46)) - raft.server.log.appender.buffer.element-limit = 1 (custom)
2023-04-11 11:26:28,373 [7b25ec04-6163-44ae-a7e6-933a1c4a9d86@group-308C1A8F3472-LeaderElection33] INFO  grpc.GrpcConfigKeys (ConfUtils.java:logGet(46)) - raft.grpc.server.leader.outstanding.appends.max = 128 (default)
2023-04-11 11:26:28,373 [7b25ec04-6163-44ae-a7e6-933a1c4a9d86@group-308C1A8F3472-LeaderElection33] INFO  server.RaftServerConfigKeys (ConfUtils.java:logGet(46)) - raft.server.rpc.request.timeout = 60s (custom)
2023-04-11 11:26:28,373 [7b25ec04-6163-44ae-a7e6-933a1c4a9d86@group-308C1A8F3472-LeaderElection33] INFO  server.RaftServerConfigKeys (ConfUtils.java:logGet(46)) - raft.server.log.appender.install.snapshot.enabled = false (custom)
2023-04-11 11:26:28,373 [7b25ec04-6163-44ae-a7e6-933a1c4a9d86@group-308C1A8F3472-LeaderElection33] INFO  grpc.GrpcConfigKeys (ConfUtils.java:logGet(46)) - raft.grpc.server.heartbeat.channel = true (default)
2023-04-11 11:26:28,373 [7b25ec04-6163-44ae-a7e6-933a1c4a9d86@group-308C1A8F3472-LeaderElection33] INFO  server.RaftServerConfigKeys (ConfUtils.java:logGet(46)) - raft.server.log.appender.wait-time.min = 10ms (default)
2023-04-11 11:26:28,373 [7b25ec04-6163-44ae-a7e6-933a1c4a9d86@group-308C1A8F3472-LeaderElection33] INFO  impl.RoleInfo (RoleInfo.java:updateAndGet(139)) - 7b25ec04-6163-44ae-a7e6-933a1c4a9d86: start 7b25ec04-6163-44ae-a7e6-933a1c4a9d86@group-308C1A8F3472-LeaderStateImpl
2023-04-11 11:26:28,373 [7b25ec04-6163-44ae-a7e6-933a1c4a9d86@group-308C1A8F3472-LeaderElection33] INFO  segmented.SegmentedRaftLogWorker (SegmentedRaftLogWorker.java:startLogSegment(452)) - 7b25ec04-6163-44ae-a7e6-933a1c4a9d86@group-308C1A8F3472-SegmentedRaftLogWorker: Starting segment from index:0
2023-04-11 11:26:28,375 [7b25ec04-6163-44ae-a7e6-933a1c4a9d86@group-308C1A8F3472-SegmentedRaftLogWorker] INFO  segmented.SegmentedRaftLogWorker (SegmentedRaftLogWorker.java:execute(656)) - 7b25ec04-6163-44ae-a7e6-933a1c4a9d86@group-308C1A8F3472-SegmentedRaftLogWorker: created new log segment /home/runner/work/ozone/ozone/hadoop-ozone/integration-test/target/test-dir/MiniOzoneClusterImpl-96ac6092-8b7a-4e89-97e1-43be04ae58b3/datanode-0/data/ratis/f5f26894-668b-4dc7-a57a-308c1a8f3472/current/log_inprogress_0
2023-04-11 11:26:28,386 [grpc-default-executor-0] INFO  server.RaftServer$Division (RaftServerImpl.java:requestVote(1218)) - 7b25ec04-6163-44ae-a7e6-933a1c4a9d86@group-308C1A8F3472: receive requestVote(PRE_VOTE, caa308e7-95fe-4c5f-9440-a942b893081e, group-308C1A8F3472, 0, (t:0, i:0))
2023-04-11 11:26:28,388 [EventQueue-PipelineReportForPipelineReportHandler] INFO  pipeline.PipelineManagerImpl (PipelineManagerImpl.java:openPipeline(367)) - Pipeline Pipeline[ Id: f5f26894-668b-4dc7-a57a-308c1a8f3472, Nodes: 7b25ec04-6163-44ae-a7e6-933a1c4a9d86(fv-az590-525.scpgifznvsounmmscp2whtfmwe.cx.internal.cloudapp.net/10.1.0.37)4d790031-0a50-4ffd-b1f5-2ef434e1e7d9(fv-az590-525.scpgifznvsounmmscp2whtfmwe.cx.internal.cloudapp.net/10.1.0.37)caa308e7-95fe-4c5f-9440-a942b893081e(fv-az590-525.scpgifznvsounmmscp2whtfmwe.cx.internal.cloudapp.net/10.1.0.37), ReplicationConfig: RATIS/THREE, State:ALLOCATED, leaderId:7b25ec04-6163-44ae-a7e6-933a1c4a9d86, CreationTimestamp2023-04-11T11:26:20.704Z[Etc/UTC]] moved to OPEN state
2023-04-11 11:26:28,388 [EventQueue-OpenPipelineForHealthyPipelineSafeModeRule] INFO  safemode.SCMSafeModeManager (HealthyPipelineSafeModeRule.java:process(137)) - SCM in safe mode. Healthy pipelines reported count is 1, required healthy pipeline reported count is 1
2023-04-11 11:26:28,389 [EventQueue-OpenPipelineForHealthyPipelineSafeModeRule] INFO  safemode.SCMSafeModeManager (SCMSafeModeManager.java:validateSafeModeExitRules(200)) - HealthyPipelineSafeModeRule rule is successfully validated
2023-04-11 11:26:28,389 [EventQueue-OpenPipelineForHealthyPipelineSafeModeRule] INFO  safemode.SCMSafeModeManager (SCMSafeModeManager.java:validateSafeModeExitRules(215)) - ScmSafeModeManager, all rules are successfully validated
2023-04-11 11:26:28,389 [EventQueue-OpenPipelineForHealthyPipelineSafeModeRule] INFO  safemode.SCMSafeModeManager (SCMSafeModeManager.java:exitSafeMode(244)) - SCM exiting safe mode.
2023-04-11 11:26:28,389 [EventQueue-OpenPipelineForHealthyPipelineSafeModeRule] INFO  ha.SCMContext (SCMContext.java:updateSafeModeStatus(228)) - Update SafeModeStatus from SafeModeStatus{safeModeStatus=true, preCheckPassed=true} to SafeModeStatus{safeModeStatus=false, preCheckPassed=true}.
2023-04-11 11:26:28,389 [EventQueue-OpenPipelineForHealthyPipelineSafeModeRule] INFO  pipeline.BackgroundPipelineCreator (BackgroundPipelineCreator.java:notifyStatusChanged(254)) - Service BackgroundPipelineCreator transitions to RUNNING.
2023-04-11 11:26:28,389 [EventQueue-OpenPipelineForHealthyPipelineSafeModeRule] INFO  BackgroundPipelineScrubber (BackgroundSCMService.java:notifyStatusChanged(82)) - Service BackgroundPipelineScrubber transitions to RUNNING.
2023-04-11 11:26:28,389 [EventQueue-OpenPipelineForHealthyPipelineSafeModeRule] INFO  ExpiredContainerReplicaOpScrubber (BackgroundSCMService.java:notifyStatusChanged(82)) - Service ExpiredContainerReplicaOpScrubber transitions to RUNNING.
2023-04-11 11:26:28,389 [EventQueue-OpenPipelineForHealthyPipelineSafeModeRule] INFO  replication.ReplicationManager (ReplicationManager.java:notifyStatusChanged(1371)) - Service ReplicationManager transitions to RUNNING.
2023-04-11 11:26:28,389 [EventQueue-OpenPipelineForHealthyPipelineSafeModeRule] WARN  balancer.ContainerBalancer (ContainerBalancer.java:shouldRun(132)) - Could not find persisted configuration for ContainerBalancer when checking if ContainerBalancer should run. ContainerBalancer should not run now.
2023-04-11 11:26:28,392 [7b25ec04-6163-44ae-a7e6-933a1c4a9d86@group-308C1A8F3472-LeaderElection33] INFO  server.RaftServer$Division (ServerState.java:setRaftConf(430)) - 7b25ec04-6163-44ae-a7e6-933a1c4a9d86@group-308C1A8F3472: set configuration 0: peers:[4d790031-0a50-4ffd-b1f5-2ef434e1e7d9|rpc:10.1.0.37:43649|dataStream:10.1.0.37:46225|priority:0|startupRole:FOLLOWER, 7b25ec04-6163-44ae-a7e6-933a1c4a9d86|rpc:10.1.0.37:36109|dataStream:10.1.0.37:39359|priority:1|startupRole:FOLLOWER, caa308e7-95fe-4c5f-9440-a942b893081e|rpc:10.1.0.37:35655|dataStream:10.1.0.37:42291|priority:0|startupRole:FOLLOWER]|listeners:[], old=null
2023-04-11 11:26:28,392 [grpc-default-executor-0] INFO  impl.VoteContext (VoteContext.java:log(49)) - 7b25ec04-6163-44ae-a7e6-933a1c4a9d86@group-308C1A8F3472-LEADER: reject PRE_VOTE from caa308e7-95fe-4c5f-9440-a942b893081e: this server is the leader and still has leadership
2023-04-11 11:26:28,392 [grpc-default-executor-0] INFO  server.RaftServer$Division (RaftServerImpl.java:requestVote(1251)) - 7b25ec04-6163-44ae-a7e6-933a1c4a9d86@group-308C1A8F3472 replies to PRE_VOTE vote request: caa308e7-95fe-4c5f-9440-a942b893081e<-7b25ec04-6163-44ae-a7e6-933a1c4a9d86#0:FAIL-t1. Peer's state: 7b25ec04-6163-44ae-a7e6-933a1c4a9d86@group-308C1A8F3472:t1, leader=7b25ec04-6163-44ae-a7e6-933a1c4a9d86, voted=7b25ec04-6163-44ae-a7e6-933a1c4a9d86, raftlog=Memoized:7b25ec04-6163-44ae-a7e6-933a1c4a9d86@group-308C1A8F3472-SegmentedRaftLog:OPENED:c-1, conf=0: peers:[4d790031-0a50-4ffd-b1f5-2ef434e1e7d9|rpc:10.1.0.37:43649|dataStream:10.1.0.37:46225|priority:0|startupRole:FOLLOWER, 7b25ec04-6163-44ae-a7e6-933a1c4a9d86|rpc:10.1.0.37:36109|dataStream:10.1.0.37:39359|priority:1|startupRole:FOLLOWER, caa308e7-95fe-4c5f-9440-a942b893081e|rpc:10.1.0.37:35655|dataStream:10.1.0.37:42291|priority:0|startupRole:FOLLOWER]|listeners:[], old=null
2023-04-11 11:26:28,392 [grpc-default-executor-3] INFO  server.RaftServer$Division (RaftServerImpl.java:requestVote(1218)) - 7b25ec04-6163-44ae-a7e6-933a1c4a9d86@group-D8A3DF9248B6: receive requestVote(PRE_VOTE, caa308e7-95fe-4c5f-9440-a942b893081e, group-D8A3DF9248B6, 0, (t:0, i:0))
2023-04-11 11:26:28,392 [grpc-default-executor-3] INFO  impl.VoteContext (VoteContext.java:log(49)) - 7b25ec04-6163-44ae-a7e6-933a1c4a9d86@group-D8A3DF9248B6-FOLLOWER: accept PRE_VOTE from caa308e7-95fe-4c5f-9440-a942b893081e: our priority 0 <= candidate's priority 1
2023-04-11 11:26:28,392 [grpc-default-executor-3] INFO  server.RaftServer$Division (RaftServerImpl.java:requestVote(1251)) - 7b25ec04-6163-44ae-a7e6-933a1c4a9d86@group-D8A3DF9248B6 replies to PRE_VOTE vote request: caa308e7-95fe-4c5f-9440-a942b893081e<-7b25ec04-6163-44ae-a7e6-933a1c4a9d86#0:OK-t0. Peer's state: 7b25ec04-6163-44ae-a7e6-933a1c4a9d86@group-D8A3DF9248B6:t0, leader=null, voted=, raftlog=Memoized:7b25ec04-6163-44ae-a7e6-933a1c4a9d86@group-D8A3DF9248B6-SegmentedRaftLog:OPENED:c-1, conf=-1: peers:[4d790031-0a50-4ffd-b1f5-2ef434e1e7d9|rpc:10.1.0.37:43649|dataStream:10.1.0.37:46225|priority:0|startupRole:FOLLOWER, 7b25ec04-6163-44ae-a7e6-933a1c4a9d86|rpc:10.1.0.37:36109|dataStream:10.1.0.37:39359|priority:0|startupRole:FOLLOWER, caa308e7-95fe-4c5f-9440-a942b893081e|rpc:10.1.0.37:35655|dataStream:10.1.0.37:42291|priority:1|startupRole:FOLLOWER]|listeners:[], old=null
2023-04-11 11:26:28,393 [caa308e7-95fe-4c5f-9440-a942b893081e@group-308C1A8F3472-LeaderElection34] INFO  impl.LeaderElection (LeaderElection.java:logAndReturn(90)) - caa308e7-95fe-4c5f-9440-a942b893081e@group-308C1A8F3472-LeaderElection34: PRE_VOTE DISCOVERED_A_NEW_TERM (term=1) received 1 response(s) and 0 exception(s):
2023-04-11 11:26:28,393 [caa308e7-95fe-4c5f-9440-a942b893081e@group-308C1A8F3472-LeaderElection34] INFO  impl.LeaderElection (LeaderElection.java:logAndReturn(94)) -   Response 0: caa308e7-95fe-4c5f-9440-a942b893081e<-4d790031-0a50-4ffd-b1f5-2ef434e1e7d9#0:OK-t1
2023-04-11 11:26:28,394 [caa308e7-95fe-4c5f-9440-a942b893081e@group-D8A3DF9248B6-LeaderElection32] INFO  impl.LeaderElection (LeaderElection.java:logAndReturn(90)) - caa308e7-95fe-4c5f-9440-a942b893081e@group-D8A3DF9248B6-LeaderElection32: PRE_VOTE PASSED received 1 response(s) and 0 exception(s):
2023-04-11 11:26:28,394 [caa308e7-95fe-4c5f-9440-a942b893081e@group-D8A3DF9248B6-LeaderElection32] INFO  impl.LeaderElection (LeaderElection.java:logAndReturn(94)) -   Response 0: caa308e7-95fe-4c5f-9440-a942b893081e<-4d790031-0a50-4ffd-b1f5-2ef434e1e7d9#0:OK-t0
2023-04-11 11:26:28,394 [caa308e7-95fe-4c5f-9440-a942b893081e@group-D8A3DF9248B6-LeaderElection32] INFO  impl.LeaderElection (LeaderElection.java:askForVotes(314)) - caa308e7-95fe-4c5f-9440-a942b893081e@group-D8A3DF9248B6-LeaderElection32 PRE_VOTE round 0: result PASSED
2023-04-11 11:26:28,394 [caa308e7-95fe-4c5f-9440-a942b893081e@group-308C1A8F3472-LeaderElection34] INFO  impl.LeaderElection (LeaderElection.java:askForVotes(314)) - caa308e7-95fe-4c5f-9440-a942b893081e@group-308C1A8F3472-LeaderElection34 PRE_VOTE round 0: result DISCOVERED_A_NEW_TERM (term=1)
2023-04-11 11:26:28,395 [caa308e7-95fe-4c5f-9440-a942b893081e@group-308C1A8F3472-LeaderElection34] INFO  server.RaftServer$Division (RaftServerImpl.java:setRole(321)) - caa308e7-95fe-4c5f-9440-a942b893081e@group-308C1A8F3472: changes role from CANDIDATE to FOLLOWER at term 1 for DISCOVERED_A_NEW_TERM (term=1)
2023-04-11 11:26:28,395 [caa308e7-95fe-4c5f-9440-a942b893081e@group-308C1A8F3472-LeaderElection34] INFO  impl.RoleInfo (RoleInfo.java:shutdownLeaderElection(130)) - caa308e7-95fe-4c5f-9440-a942b893081e: shutdown caa308e7-95fe-4c5f-9440-a942b893081e@group-308C1A8F3472-LeaderElection34
2023-04-11 11:26:28,395 [caa308e7-95fe-4c5f-9440-a942b893081e@group-308C1A8F3472-LeaderElection34] INFO  impl.RoleInfo (RoleInfo.java:updateAndGet(139)) - caa308e7-95fe-4c5f-9440-a942b893081e: start caa308e7-95fe-4c5f-9440-a942b893081e@group-308C1A8F3472-FollowerState
2023-04-11 11:26:28,395 [caa308e7-95fe-4c5f-9440-a942b893081e@group-D8A3DF9248B6-LeaderElection32] INFO  impl.LeaderElection (LeaderElection.java:askForVotes(312)) - caa308e7-95fe-4c5f-9440-a942b893081e@group-D8A3DF9248B6-LeaderElection32 ELECTION round 0: submit vote requests at term 1 for -1: peers:[4d790031-0a50-4ffd-b1f5-2ef434e1e7d9|rpc:10.1.0.37:43649|dataStream:10.1.0.37:46225|priority:0|startupRole:FOLLOWER, 7b25ec04-6163-44ae-a7e6-933a1c4a9d86|rpc:10.1.0.37:36109|dataStream:10.1.0.37:39359|priority:0|startupRole:FOLLOWER, caa308e7-95fe-4c5f-9440-a942b893081e|rpc:10.1.0.37:35655|dataStream:10.1.0.37:42291|priority:1|startupRole:FOLLOWER]|listeners:[], old=null
2023-04-11 11:26:28,396 [caa308e7-95fe-4c5f-9440-a942b893081e@group-308C1A8F3472-FollowerState] INFO  server.RaftServerConfigKeys (ConfUtils.java:logFallback(53)) - raft.server.rpc.first-election.timeout.min = 5s (fallback to raft.server.rpc.timeout.min)
2023-04-11 11:26:28,396 [caa308e7-95fe-4c5f-9440-a942b893081e@group-308C1A8F3472-FollowerState] INFO  server.RaftServerConfigKeys (ConfUtils.java:logFallback(53)) - raft.server.rpc.first-election.timeout.max = 5200ms (fallback to raft.server.rpc.timeout.max)
2023-04-11 11:26:28,404 [grpc-default-executor-1] INFO  server.RaftServer$Division (RaftServerImpl.java:requestVote(1218)) - caa308e7-95fe-4c5f-9440-a942b893081e@group-308C1A8F3472: receive requestVote(ELECTION, 7b25ec04-6163-44ae-a7e6-933a1c4a9d86, group-308C1A8F3472, 1, (t:0, i:0))
2023-04-11 11:26:28,404 [grpc-default-executor-1] INFO  impl.VoteContext (VoteContext.java:log(49)) - caa308e7-95fe-4c5f-9440-a942b893081e@group-308C1A8F3472-FOLLOWER: accept ELECTION from 7b25ec04-6163-44ae-a7e6-933a1c4a9d86: our priority 0 <= candidate's priority 1
2023-04-11 11:26:28,404 [grpc-default-executor-1] INFO  server.RaftServer$Division (RaftServerImpl.java:setRole(321)) - caa308e7-95fe-4c5f-9440-a942b893081e@group-308C1A8F3472: changes role from  FOLLOWER to FOLLOWER at term 1 for candidate:7b25ec04-6163-44ae-a7e6-933a1c4a9d86
2023-04-11 11:26:28,404 [grpc-default-executor-1] INFO  impl.RoleInfo (RoleInfo.java:shutdownFollowerState(110)) - caa308e7-95fe-4c5f-9440-a942b893081e: shutdown caa308e7-95fe-4c5f-9440-a942b893081e@group-308C1A8F3472-FollowerState
2023-04-11 11:26:28,404 [grpc-default-executor-1] INFO  impl.RoleInfo (RoleInfo.java:updateAndGet(139)) - caa308e7-95fe-4c5f-9440-a942b893081e: start caa308e7-95fe-4c5f-9440-a942b893081e@group-308C1A8F3472-FollowerState
2023-04-11 11:26:28,404 [caa308e7-95fe-4c5f-9440-a942b893081e@group-308C1A8F3472-FollowerState] INFO  impl.FollowerState (FollowerState.java:run(152)) - caa308e7-95fe-4c5f-9440-a942b893081e@group-308C1A8F3472-FollowerState was interrupted
2023-04-11 11:26:28,404 [caa308e7-95fe-4c5f-9440-a942b893081e@group-308C1A8F3472-FollowerState] INFO  server.RaftServerConfigKeys (ConfUtils.java:logFallback(53)) - raft.server.rpc.first-election.timeout.min = 5s (fallback to raft.server.rpc.timeout.min)
2023-04-11 11:26:28,404 [caa308e7-95fe-4c5f-9440-a942b893081e@group-308C1A8F3472-FollowerState] INFO  server.RaftServerConfigKeys (ConfUtils.java:logFallback(53)) - raft.server.rpc.first-election.timeout.max = 5200ms (fallback to raft.server.rpc.timeout.max)
2023-04-11 11:26:28,413 [4d790031-0a50-4ffd-b1f5-2ef434e1e7d9-server-thread2] INFO  ratis.XceiverServerRatis (XceiverServerRatis.java:handleLeaderChangedNotification(904)) - Leader change notification received for group: group-308C1A8F3472 with new leaderId: 7b25ec04-6163-44ae-a7e6-933a1c4a9d86
2023-04-11 11:26:28,413 [4d790031-0a50-4ffd-b1f5-2ef434e1e7d9-server-thread2] INFO  server.RaftServer$Division (ServerState.java:setLeader(313)) - 4d790031-0a50-4ffd-b1f5-2ef434e1e7d9@group-308C1A8F3472: change Leader from null to 7b25ec04-6163-44ae-a7e6-933a1c4a9d86 at term 1 for appendEntries, leader elected after 5214ms
2023-04-11 11:26:28,413 [grpc-default-executor-1] INFO  server.RaftServer$Division (RaftServerImpl.java:requestVote(1251)) - caa308e7-95fe-4c5f-9440-a942b893081e@group-308C1A8F3472 replies to ELECTION vote request: 7b25ec04-6163-44ae-a7e6-933a1c4a9d86<-caa308e7-95fe-4c5f-9440-a942b893081e#0:OK-t1. Peer's state: caa308e7-95fe-4c5f-9440-a942b893081e@group-308C1A8F3472:t1, leader=null, voted=7b25ec04-6163-44ae-a7e6-933a1c4a9d86, raftlog=Memoized:caa308e7-95fe-4c5f-9440-a942b893081e@group-308C1A8F3472-SegmentedRaftLog:OPENED:c-1, conf=-1: peers:[4d790031-0a50-4ffd-b1f5-2ef434e1e7d9|rpc:10.1.0.37:43649|dataStream:10.1.0.37:46225|priority:0|startupRole:FOLLOWER, 7b25ec04-6163-44ae-a7e6-933a1c4a9d86|rpc:10.1.0.37:36109|dataStream:10.1.0.37:39359|priority:1|startupRole:FOLLOWER, caa308e7-95fe-4c5f-9440-a942b893081e|rpc:10.1.0.37:35655|dataStream:10.1.0.37:42291|priority:0|startupRole:FOLLOWER]|listeners:[], old=null
2023-04-11 11:26:28,421 [grpc-default-executor-6] INFO  server.RaftServer$Division (RaftServerImpl.java:requestVote(1218)) - 7b25ec04-6163-44ae-a7e6-933a1c4a9d86@group-D8A3DF9248B6: receive requestVote(ELECTION, caa308e7-95fe-4c5f-9440-a942b893081e, group-D8A3DF9248B6, 1, (t:0, i:0))
2023-04-11 11:26:28,422 [grpc-default-executor-6] INFO  impl.VoteContext (VoteContext.java:log(49)) - 7b25ec04-6163-44ae-a7e6-933a1c4a9d86@group-D8A3DF9248B6-FOLLOWER: accept ELECTION from caa308e7-95fe-4c5f-9440-a942b893081e: our priority 0 <= candidate's priority 1
2023-04-11 11:26:28,422 [grpc-default-executor-6] INFO  server.RaftServer$Division (RaftServerImpl.java:setRole(321)) - 7b25ec04-6163-44ae-a7e6-933a1c4a9d86@group-D8A3DF9248B6: changes role from  FOLLOWER to FOLLOWER at term 1 for candidate:caa308e7-95fe-4c5f-9440-a942b893081e
2023-04-11 11:26:28,422 [grpc-default-executor-6] INFO  impl.RoleInfo (RoleInfo.java:shutdownFollowerState(110)) - 7b25ec04-6163-44ae-a7e6-933a1c4a9d86: shutdown 7b25ec04-6163-44ae-a7e6-933a1c4a9d86@group-D8A3DF9248B6-FollowerState
2023-04-11 11:26:28,422 [grpc-default-executor-6] INFO  impl.RoleInfo (RoleInfo.java:updateAndGet(139)) - 7b25ec04-6163-44ae-a7e6-933a1c4a9d86: start 7b25ec04-6163-44ae-a7e6-933a1c4a9d86@group-D8A3DF9248B6-FollowerState
2023-04-11 11:26:28,422 [7b25ec04-6163-44ae-a7e6-933a1c4a9d86@group-D8A3DF9248B6-FollowerState] INFO  impl.FollowerState (FollowerState.java:run(152)) - 7b25ec04-6163-44ae-a7e6-933a1c4a9d86@group-D8A3DF9248B6-FollowerState was interrupted
2023-04-11 11:26:28,419 [4d790031-0a50-4ffd-b1f5-2ef434e1e7d9-server-thread2] INFO  server.RaftServer$Division (ServerState.java:setRaftConf(430)) - 4d790031-0a50-4ffd-b1f5-2ef434e1e7d9@group-308C1A8F3472: set configuration 0: peers:[4d790031-0a50-4ffd-b1f5-2ef434e1e7d9|rpc:10.1.0.37:43649|dataStream:10.1.0.37:46225|priority:0|startupRole:FOLLOWER, 7b25ec04-6163-44ae-a7e6-933a1c4a9d86|rpc:10.1.0.37:36109|dataStream:10.1.0.37:39359|priority:1|startupRole:FOLLOWER, caa308e7-95fe-4c5f-9440-a942b893081e|rpc:10.1.0.37:35655|dataStream:10.1.0.37:42291|priority:0|startupRole:FOLLOWER]|listeners:[], old=null
2023-04-11 11:26:28,419 [caa308e7-95fe-4c5f-9440-a942b893081e@group-D8A3DF9248B6-LeaderElection32] INFO  server.RaftServerConfigKeys (ConfUtils.java:logFallback(53)) - raft.server.rpc.first-election.timeout.min = 5s (fallback to raft.server.rpc.timeout.min)
2023-04-11 11:26:28,423 [4d790031-0a50-4ffd-b1f5-2ef434e1e7d9-server-thread2] INFO  segmented.SegmentedRaftLogWorker (SegmentedRaftLogWorker.java:startLogSegment(452)) - 4d790031-0a50-4ffd-b1f5-2ef434e1e7d9@group-308C1A8F3472-SegmentedRaftLogWorker: Starting segment from index:0
2023-04-11 11:26:28,423 [caa308e7-95fe-4c5f-9440-a942b893081e@group-D8A3DF9248B6-LeaderElection32] INFO  server.RaftServerConfigKeys (ConfUtils.java:logFallback(53)) - raft.server.rpc.first-election.timeout.max = 5200ms (fallback to raft.server.rpc.timeout.max)
2023-04-11 11:26:28,424 [caa308e7-95fe-4c5f-9440-a942b893081e-server-thread1] INFO  ratis.XceiverServerRatis (XceiverServerRatis.java:handleLeaderChangedNotification(904)) - Leader change notification received for group: group-308C1A8F3472 with new leaderId: 7b25ec04-6163-44ae-a7e6-933a1c4a9d86
2023-04-11 11:26:28,424 [caa308e7-95fe-4c5f-9440-a942b893081e-server-thread1] INFO  server.RaftServer$Division (ServerState.java:setLeader(313)) - caa308e7-95fe-4c5f-9440-a942b893081e@group-308C1A8F3472: change Leader from null to 7b25ec04-6163-44ae-a7e6-933a1c4a9d86 at term 1 for appendEntries, leader elected after 5190ms
2023-04-11 11:26:28,428 [grpc-default-executor-6] INFO  server.RaftServer$Division (RaftServerImpl.java:requestVote(1251)) - 7b25ec04-6163-44ae-a7e6-933a1c4a9d86@group-D8A3DF9248B6 replies to ELECTION vote request: caa308e7-95fe-4c5f-9440-a942b893081e<-7b25ec04-6163-44ae-a7e6-933a1c4a9d86#0:OK-t1. Peer's state: 7b25ec04-6163-44ae-a7e6-933a1c4a9d86@group-D8A3DF9248B6:t1, leader=null, voted=caa308e7-95fe-4c5f-9440-a942b893081e, raftlog=Memoized:7b25ec04-6163-44ae-a7e6-933a1c4a9d86@group-D8A3DF9248B6-SegmentedRaftLog:OPENED:c-1, conf=-1: peers:[4d790031-0a50-4ffd-b1f5-2ef434e1e7d9|rpc:10.1.0.37:43649|dataStream:10.1.0.37:46225|priority:0|startupRole:FOLLOWER, 7b25ec04-6163-44ae-a7e6-933a1c4a9d86|rpc:10.1.0.37:36109|dataStream:10.1.0.37:39359|priority:0|startupRole:FOLLOWER, caa308e7-95fe-4c5f-9440-a942b893081e|rpc:10.1.0.37:35655|dataStream:10.1.0.37:42291|priority:1|startupRole:FOLLOWER]|listeners:[], old=null
2023-04-11 11:26:28,429 [grpc-default-executor-7] INFO  server.RaftServer$Division (RaftServerImpl.java:requestVote(1218)) - 4d790031-0a50-4ffd-b1f5-2ef434e1e7d9@group-D8A3DF9248B6: receive requestVote(ELECTION, caa308e7-95fe-4c5f-9440-a942b893081e, group-D8A3DF9248B6, 1, (t:0, i:0))
2023-04-11 11:26:28,429 [grpc-default-executor-7] INFO  impl.VoteContext (VoteContext.java:log(49)) - 4d790031-0a50-4ffd-b1f5-2ef434e1e7d9@group-D8A3DF9248B6-FOLLOWER: accept ELECTION from caa308e7-95fe-4c5f-9440-a942b893081e: our priority 0 <= candidate's priority 1
2023-04-11 11:26:28,429 [grpc-default-executor-7] INFO  server.RaftServer$Division (RaftServerImpl.java:setRole(321)) - 4d790031-0a50-4ffd-b1f5-2ef434e1e7d9@group-D8A3DF9248B6: changes role from  FOLLOWER to FOLLOWER at term 1 for candidate:caa308e7-95fe-4c5f-9440-a942b893081e
2023-04-11 11:26:28,429 [grpc-default-executor-7] INFO  impl.RoleInfo (RoleInfo.java:shutdownFollowerState(110)) - 4d790031-0a50-4ffd-b1f5-2ef434e1e7d9: shutdown 4d790031-0a50-4ffd-b1f5-2ef434e1e7d9@group-D8A3DF9248B6-FollowerState
2023-04-11 11:26:28,429 [grpc-default-executor-7] INFO  impl.RoleInfo (RoleInfo.java:updateAndGet(139)) - 4d790031-0a50-4ffd-b1f5-2ef434e1e7d9: start 4d790031-0a50-4ffd-b1f5-2ef434e1e7d9@group-D8A3DF9248B6-FollowerState
2023-04-11 11:26:28,429 [caa308e7-95fe-4c5f-9440-a942b893081e@group-D8A3DF9248B6-LeaderElection32] INFO  impl.LeaderElection (LeaderElection.java:logAndReturn(90)) - caa308e7-95fe-4c5f-9440-a942b893081e@group-D8A3DF9248B6-LeaderElection32: ELECTION PASSED received 1 response(s) and 0 exception(s):
2023-04-11 11:26:28,429 [4d790031-0a50-4ffd-b1f5-2ef434e1e7d9@group-D8A3DF9248B6-FollowerState] INFO  impl.FollowerState (FollowerState.java:run(152)) - 4d790031-0a50-4ffd-b1f5-2ef434e1e7d9@group-D8A3DF9248B6-FollowerState was interrupted
2023-04-11 11:26:28,430 [caa308e7-95fe-4c5f-9440-a942b893081e@group-D8A3DF9248B6-LeaderElection32] INFO  impl.LeaderElection (LeaderElection.java:logAndReturn(94)) -   Response 0: caa308e7-95fe-4c5f-9440-a942b893081e<-7b25ec04-6163-44ae-a7e6-933a1c4a9d86#0:OK-t1
2023-04-11 11:26:28,435 [caa308e7-95fe-4c5f-9440-a942b893081e@group-D8A3DF9248B6-LeaderElection32] INFO  impl.LeaderElection (LeaderElection.java:askForVotes(314)) - caa308e7-95fe-4c5f-9440-a942b893081e@group-D8A3DF9248B6-LeaderElection32 ELECTION round 0: result PASSED
2023-04-11 11:26:28,435 [caa308e7-95fe-4c5f-9440-a942b893081e@group-D8A3DF9248B6-LeaderElection32] INFO  impl.RoleInfo (RoleInfo.java:shutdownLeaderElection(130)) - caa308e7-95fe-4c5f-9440-a942b893081e: shutdown caa308e7-95fe-4c5f-9440-a942b893081e@group-D8A3DF9248B6-LeaderElection32
2023-04-11 11:26:28,435 [caa308e7-95fe-4c5f-9440-a942b893081e@group-D8A3DF9248B6-LeaderElection32] INFO  server.RaftServer$Division (RaftServerImpl.java:setRole(321)) - caa308e7-95fe-4c5f-9440-a942b893081e@group-D8A3DF9248B6: changes role from CANDIDATE to LEADER at term 1 for changeToLeader
2023-04-11 11:26:28,435 [caa308e7-95fe-4c5f-9440-a942b893081e@group-D8A3DF9248B6-LeaderElection32] INFO  ratis.XceiverServerRatis (XceiverServerRatis.java:handleLeaderChangedNotification(904)) - Leader change notification received for group: group-D8A3DF9248B6 with new leaderId: caa308e7-95fe-4c5f-9440-a942b893081e
2023-04-11 11:26:28,436 [caa308e7-95fe-4c5f-9440-a942b893081e@group-D8A3DF9248B6-LeaderElection32] INFO  server.RaftServer$Division (ServerState.java:setLeader(313)) - caa308e7-95fe-4c5f-9440-a942b893081e@group-D8A3DF9248B6: change Leader from null to caa308e7-95fe-4c5f-9440-a942b893081e at term 1 for becomeLeader, leader elected after 5316ms
2023-04-11 11:26:28,436 [caa308e7-95fe-4c5f-9440-a942b893081e@group-D8A3DF9248B6-LeaderElection32] INFO  server.RaftServerConfigKeys (ConfUtils.java:logGet(46)) - raft.server.staging.catchup.gap = 1000 (default)
2023-04-11 11:26:28,436 [caa308e7-95fe-4c5f-9440-a942b893081e@group-D8A3DF9248B6-LeaderElection32] INFO  server.RaftServerConfigKeys (ConfUtils.java:logGet(46)) - raft.server.write.element-limit = 1024 (custom)
2023-04-11 11:26:28,436 [caa308e7-95fe-4c5f-9440-a942b893081e@group-D8A3DF9248B6-LeaderElection32] INFO  server.RaftServerConfigKeys (ConfUtils.java:logGet(46)) - raft.server.write.byte-limit = 1024 M (=1073741824) (custom)
2023-04-11 11:26:28,436 [caa308e7-95fe-4c5f-9440-a942b893081e@group-D8A3DF9248B6-LeaderElection32] INFO  server.RaftServerConfigKeys (ConfUtils.java:logGet(46)) - raft.server.watch.timeout = 180s (custom)
2023-04-11 11:26:28,436 [caa308e7-95fe-4c5f-9440-a942b893081e@group-D8A3DF9248B6-LeaderElection32] INFO  server.RaftServerConfigKeys (ConfUtils.java:logGet(46)) - raft.server.watch.timeout.denomination = 1s (default)
2023-04-11 11:26:28,436 [caa308e7-95fe-4c5f-9440-a942b893081e@group-D8A3DF9248B6-LeaderElection32] INFO  server.RaftServerConfigKeys (ConfUtils.java:logGet(46)) - raft.server.watch.element-limit = 65536 (default)
2023-04-11 11:26:28,436 [caa308e7-95fe-4c5f-9440-a942b893081e@group-D8A3DF9248B6-LeaderElection32] INFO  server.RaftServerConfigKeys (ConfUtils.java:logGet(46)) - raft.server.write.element-limit = 1024 (custom)
2023-04-11 11:26:28,436 [caa308e7-95fe-4c5f-9440-a942b893081e@group-D8A3DF9248B6-LeaderElection32] INFO  server.RaftServerConfigKeys (ConfUtils.java:logGet(46)) - raft.server.write.follower.gap.ratio.max = -1.0 (default)
2023-04-11 11:26:28,436 [caa308e7-95fe-4c5f-9440-a942b893081e@group-D8A3DF9248B6-LeaderElection32] INFO  server.RaftServerConfigKeys (ConfUtils.java:logGet(46)) - raft.server.log.appender.snapshot.chunk.size.max = 16MB (=16777216) (default)
2023-04-11 11:26:28,437 [caa308e7-95fe-4c5f-9440-a942b893081e@group-D8A3DF9248B6-LeaderElection32] INFO  server.RaftServerConfigKeys (ConfUtils.java:logGet(46)) - raft.server.log.appender.buffer.byte-limit = 33554432 (custom)
2023-04-11 11:26:28,437 [caa308e7-95fe-4c5f-9440-a942b893081e@group-D8A3DF9248B6-LeaderElection32] INFO  server.RaftServerConfigKeys (ConfUtils.java:logGet(46)) - raft.server.log.appender.buffer.element-limit = 1 (custom)
2023-04-11 11:26:28,437 [caa308e7-95fe-4c5f-9440-a942b893081e@group-D8A3DF9248B6-LeaderElection32] INFO  grpc.GrpcConfigKeys (ConfUtils.java:logGet(46)) - raft.grpc.server.leader.outstanding.appends.max = 128 (default)
2023-04-11 11:26:28,437 [caa308e7-95fe-4c5f-9440-a942b893081e@group-D8A3DF9248B6-LeaderElection32] INFO  server.RaftServerConfigKeys (ConfUtils.java:logGet(46)) - raft.server.rpc.request.timeout = 60s (custom)
2023-04-11 11:26:28,437 [caa308e7-95fe-4c5f-9440-a942b893081e@group-D8A3DF9248B6-LeaderElection32] INFO  server.RaftServerConfigKeys (ConfUtils.java:logGet(46)) - raft.server.log.appender.install.snapshot.enabled = false (custom)
2023-04-11 11:26:28,437 [caa308e7-95fe-4c5f-9440-a942b893081e@group-D8A3DF9248B6-LeaderElection32] INFO  grpc.GrpcConfigKeys (ConfUtils.java:logGet(46)) - raft.grpc.server.heartbeat.channel = true (default)
2023-04-11 11:26:28,437 [caa308e7-95fe-4c5f-9440-a942b893081e@group-D8A3DF9248B6-LeaderElection32] INFO  server.RaftServerConfigKeys (ConfUtils.java:logGet(46)) - raft.server.log.appender.wait-time.min = 10ms (default)
2023-04-11 11:26:28,437 [caa308e7-95fe-4c5f-9440-a942b893081e@group-D8A3DF9248B6-LeaderElection32] INFO  server.RaftServerConfigKeys (ConfUtils.java:logGet(46)) - raft.server.log.appender.snapshot.chunk.size.max = 16MB (=16777216) (default)
2023-04-11 11:26:28,437 [caa308e7-95fe-4c5f-9440-a942b893081e@group-D8A3DF9248B6-LeaderElection32] INFO  server.RaftServerConfigKeys (ConfUtils.java:logGet(46)) - raft.server.log.appender.buffer.byte-limit = 33554432 (custom)
2023-04-11 11:26:28,437 [caa308e7-95fe-4c5f-9440-a942b893081e@group-D8A3DF9248B6-LeaderElection32] INFO  server.RaftServerConfigKeys (ConfUtils.java:logGet(46)) - raft.server.log.appender.buffer.element-limit = 1 (custom)
2023-04-11 11:26:28,437 [caa308e7-95fe-4c5f-9440-a942b893081e@group-D8A3DF9248B6-LeaderElection32] INFO  grpc.GrpcConfigKeys (ConfUtils.java:logGet(46)) - raft.grpc.server.leader.outstanding.appends.max = 128 (default)
2023-04-11 11:26:28,437 [caa308e7-95fe-4c5f-9440-a942b893081e@group-D8A3DF9248B6-LeaderElection32] INFO  server.RaftServerConfigKeys (ConfUtils.java:logGet(46)) - raft.server.rpc.request.timeout = 60s (custom)
2023-04-11 11:26:28,437 [caa308e7-95fe-4c5f-9440-a942b893081e@group-D8A3DF9248B6-LeaderElection32] INFO  server.RaftServerConfigKeys (ConfUtils.java:logGet(46)) - raft.server.log.appender.install.snapshot.enabled = false (custom)
2023-04-11 11:26:28,437 [caa308e7-95fe-4c5f-9440-a942b893081e@group-D8A3DF9248B6-LeaderElection32] INFO  grpc.GrpcConfigKeys (ConfUtils.java:logGet(46)) - raft.grpc.server.heartbeat.channel = true (default)
2023-04-11 11:26:28,437 [caa308e7-95fe-4c5f-9440-a942b893081e@group-D8A3DF9248B6-LeaderElection32] INFO  server.RaftServerConfigKeys (ConfUtils.java:logGet(46)) - raft.server.log.appender.wait-time.min = 10ms (default)
2023-04-11 11:26:28,438 [caa308e7-95fe-4c5f-9440-a942b893081e@group-D8A3DF9248B6-LeaderElection32] INFO  impl.RoleInfo (RoleInfo.java:updateAndGet(139)) - caa308e7-95fe-4c5f-9440-a942b893081e: start caa308e7-95fe-4c5f-9440-a942b893081e@group-D8A3DF9248B6-LeaderStateImpl
2023-04-11 11:26:28,435 [caa308e7-95fe-4c5f-9440-a942b893081e-server-thread1] INFO  server.RaftServer$Division (ServerState.java:setRaftConf(430)) - caa308e7-95fe-4c5f-9440-a942b893081e@group-308C1A8F3472: set configuration 0: peers:[4d790031-0a50-4ffd-b1f5-2ef434e1e7d9|rpc:10.1.0.37:43649|dataStream:10.1.0.37:46225|priority:0|startupRole:FOLLOWER, 7b25ec04-6163-44ae-a7e6-933a1c4a9d86|rpc:10.1.0.37:36109|dataStream:10.1.0.37:39359|priority:1|startupRole:FOLLOWER, caa308e7-95fe-4c5f-9440-a942b893081e|rpc:10.1.0.37:35655|dataStream:10.1.0.37:42291|priority:0|startupRole:FOLLOWER]|listeners:[], old=null
2023-04-11 11:26:28,434 [4d790031-0a50-4ffd-b1f5-2ef434e1e7d9@group-308C1A8F3472-SegmentedRaftLogWorker] INFO  segmented.SegmentedRaftLogWorker (SegmentedRaftLogWorker.java:execute(656)) - 4d790031-0a50-4ffd-b1f5-2ef434e1e7d9@group-308C1A8F3472-SegmentedRaftLogWorker: created new log segment /home/runner/work/ozone/ozone/hadoop-ozone/integration-test/target/test-dir/MiniOzoneClusterImpl-96ac6092-8b7a-4e89-97e1-43be04ae58b3/datanode-1/data/ratis/f5f26894-668b-4dc7-a57a-308c1a8f3472/current/log_inprogress_0
2023-04-11 11:26:28,431 [7b25ec04-6163-44ae-a7e6-933a1c4a9d86@group-D8A3DF9248B6-FollowerState] INFO  server.RaftServerConfigKeys (ConfUtils.java:logFallback(53)) - raft.server.rpc.first-election.timeout.min = 5s (fallback to raft.server.rpc.timeout.min)
2023-04-11 11:26:28,438 [7b25ec04-6163-44ae-a7e6-933a1c4a9d86@group-D8A3DF9248B6-FollowerState] INFO  server.RaftServerConfigKeys (ConfUtils.java:logFallback(53)) - raft.server.rpc.first-election.timeout.max = 5200ms (fallback to raft.server.rpc.timeout.max)
2023-04-11 11:26:28,439 [EventQueue-PipelineReportForPipelineReportHandler] INFO  pipeline.PipelineManagerImpl (PipelineManagerImpl.java:openPipeline(367)) - Pipeline Pipeline[ Id: 023a1df3-8ffc-46ba-a79e-d8a3df9248b6, Nodes: 7b25ec04-6163-44ae-a7e6-933a1c4a9d86(fv-az590-525.scpgifznvsounmmscp2whtfmwe.cx.internal.cloudapp.net/10.1.0.37)caa308e7-95fe-4c5f-9440-a942b893081e(fv-az590-525.scpgifznvsounmmscp2whtfmwe.cx.internal.cloudapp.net/10.1.0.37)4d790031-0a50-4ffd-b1f5-2ef434e1e7d9(fv-az590-525.scpgifznvsounmmscp2whtfmwe.cx.internal.cloudapp.net/10.1.0.37), ReplicationConfig: RATIS/THREE, State:ALLOCATED, leaderId:caa308e7-95fe-4c5f-9440-a942b893081e, CreationTimestamp2023-04-11T11:26:20.703Z[Etc/UTC]] moved to OPEN state
2023-04-11 11:26:28,439 [grpc-default-executor-7] INFO  server.RaftServer$Division (RaftServerImpl.java:requestVote(1251)) - 4d790031-0a50-4ffd-b1f5-2ef434e1e7d9@group-D8A3DF9248B6 replies to ELECTION vote request: caa308e7-95fe-4c5f-9440-a942b893081e<-4d790031-0a50-4ffd-b1f5-2ef434e1e7d9#0:OK-t1. Peer's state: 4d790031-0a50-4ffd-b1f5-2ef434e1e7d9@group-D8A3DF9248B6:t1, leader=null, voted=caa308e7-95fe-4c5f-9440-a942b893081e, raftlog=Memoized:4d790031-0a50-4ffd-b1f5-2ef434e1e7d9@group-D8A3DF9248B6-SegmentedRaftLog:OPENED:c-1, conf=-1: peers:[4d790031-0a50-4ffd-b1f5-2ef434e1e7d9|rpc:10.1.0.37:43649|dataStream:10.1.0.37:46225|priority:0|startupRole:FOLLOWER, 7b25ec04-6163-44ae-a7e6-933a1c4a9d86|rpc:10.1.0.37:36109|dataStream:10.1.0.37:39359|priority:0|startupRole:FOLLOWER, caa308e7-95fe-4c5f-9440-a942b893081e|rpc:10.1.0.37:35655|dataStream:10.1.0.37:42291|priority:1|startupRole:FOLLOWER]|listeners:[], old=null
2023-04-11 11:26:28,438 [caa308e7-95fe-4c5f-9440-a942b893081e-server-thread1] INFO  segmented.SegmentedRaftLogWorker (SegmentedRaftLogWorker.java:startLogSegment(452)) - caa308e7-95fe-4c5f-9440-a942b893081e@group-308C1A8F3472-SegmentedRaftLogWorker: Starting segment from index:0
2023-04-11 11:26:28,440 [4d790031-0a50-4ffd-b1f5-2ef434e1e7d9@group-D8A3DF9248B6-FollowerState] INFO  server.RaftServerConfigKeys (ConfUtils.java:logFallback(53)) - raft.server.rpc.first-election.timeout.min = 5s (fallback to raft.server.rpc.timeout.min)
2023-04-11 11:26:28,440 [4d790031-0a50-4ffd-b1f5-2ef434e1e7d9@group-D8A3DF9248B6-FollowerState] INFO  server.RaftServerConfigKeys (ConfUtils.java:logFallback(53)) - raft.server.rpc.first-election.timeout.max = 5200ms (fallback to raft.server.rpc.timeout.max)
2023-04-11 11:26:28,441 [caa308e7-95fe-4c5f-9440-a942b893081e@group-D8A3DF9248B6-LeaderElection32] INFO  segmented.SegmentedRaftLogWorker (SegmentedRaftLogWorker.java:startLogSegment(452)) - caa308e7-95fe-4c5f-9440-a942b893081e@group-D8A3DF9248B6-SegmentedRaftLogWorker: Starting segment from index:0
2023-04-11 11:26:28,442 [caa308e7-95fe-4c5f-9440-a942b893081e@group-D8A3DF9248B6-SegmentedRaftLogWorker] INFO  segmented.SegmentedRaftLogWorker (SegmentedRaftLogWorker.java:execute(656)) - caa308e7-95fe-4c5f-9440-a942b893081e@group-D8A3DF9248B6-SegmentedRaftLogWorker: created new log segment /home/runner/work/ozone/ozone/hadoop-ozone/integration-test/target/test-dir/MiniOzoneClusterImpl-96ac6092-8b7a-4e89-97e1-43be04ae58b3/datanode-2/data/ratis/023a1df3-8ffc-46ba-a79e-d8a3df9248b6/current/log_inprogress_0
2023-04-11 11:26:28,442 [caa308e7-95fe-4c5f-9440-a942b893081e@group-308C1A8F3472-SegmentedRaftLogWorker] INFO  segmented.SegmentedRaftLogWorker (SegmentedRaftLogWorker.java:execute(656)) - caa308e7-95fe-4c5f-9440-a942b893081e@group-308C1A8F3472-SegmentedRaftLogWorker: created new log segment /home/runner/work/ozone/ozone/hadoop-ozone/integration-test/target/test-dir/MiniOzoneClusterImpl-96ac6092-8b7a-4e89-97e1-43be04ae58b3/datanode-2/data/ratis/f5f26894-668b-4dc7-a57a-308c1a8f3472/current/log_inprogress_0
2023-04-11 11:26:28,448 [4d790031-0a50-4ffd-b1f5-2ef434e1e7d9@group-0A22133703FD-FollowerState] INFO  impl.FollowerState (FollowerState.java:run(143)) - 4d790031-0a50-4ffd-b1f5-2ef434e1e7d9@group-0A22133703FD-FollowerState: change to CANDIDATE, lastRpcElapsedTime:5076706021ns, electionTimeout:5073ms
2023-04-11 11:26:28,449 [4d790031-0a50-4ffd-b1f5-2ef434e1e7d9@group-0A22133703FD-FollowerState] INFO  impl.RoleInfo (RoleInfo.java:shutdownFollowerState(110)) - 4d790031-0a50-4ffd-b1f5-2ef434e1e7d9: shutdown 4d790031-0a50-4ffd-b1f5-2ef434e1e7d9@group-0A22133703FD-FollowerState
2023-04-11 11:26:28,449 [4d790031-0a50-4ffd-b1f5-2ef434e1e7d9@group-0A22133703FD-FollowerState] INFO  server.RaftServer$Division (RaftServerImpl.java:setRole(321)) - 4d790031-0a50-4ffd-b1f5-2ef434e1e7d9@group-0A22133703FD: changes role from  FOLLOWER to CANDIDATE at term 0 for changeToCandidate
2023-04-11 11:26:28,459 [4d790031-0a50-4ffd-b1f5-2ef434e1e7d9@group-0A22133703FD-FollowerState] INFO  server.RaftServerConfigKeys (ConfUtils.java:logGet(46)) - raft.server.leaderelection.pre-vote = true (default)
2023-04-11 11:26:28,459 [4d790031-0a50-4ffd-b1f5-2ef434e1e7d9@group-0A22133703FD-FollowerState] INFO  impl.RoleInfo (RoleInfo.java:updateAndGet(139)) - 4d790031-0a50-4ffd-b1f5-2ef434e1e7d9: start 4d790031-0a50-4ffd-b1f5-2ef434e1e7d9@group-0A22133703FD-LeaderElection35
2023-04-11 11:26:28,460 [caa308e7-95fe-4c5f-9440-a942b893081e@group-D8A3DF9248B6-LeaderElection32] INFO  server.RaftServer$Division (ServerState.java:setRaftConf(430)) - caa308e7-95fe-4c5f-9440-a942b893081e@group-D8A3DF9248B6: set configuration 0: peers:[4d790031-0a50-4ffd-b1f5-2ef434e1e7d9|rpc:10.1.0.37:43649|dataStream:10.1.0.37:46225|priority:0|startupRole:FOLLOWER, 7b25ec04-6163-44ae-a7e6-933a1c4a9d86|rpc:10.1.0.37:36109|dataStream:10.1.0.37:39359|priority:0|startupRole:FOLLOWER, caa308e7-95fe-4c5f-9440-a942b893081e|rpc:10.1.0.37:35655|dataStream:10.1.0.37:42291|priority:1|startupRole:FOLLOWER]|listeners:[], old=null
2023-04-11 11:26:28,469 [4d790031-0a50-4ffd-b1f5-2ef434e1e7d9@group-0A22133703FD-LeaderElection35] INFO  impl.LeaderElection (LeaderElection.java:askForVotes(312)) - 4d790031-0a50-4ffd-b1f5-2ef434e1e7d9@group-0A22133703FD-LeaderElection35 PRE_VOTE round 0: submit vote requests at term 0 for -1: peers:[4d790031-0a50-4ffd-b1f5-2ef434e1e7d9|rpc:10.1.0.37:43649|dataStream:10.1.0.37:46225|priority:1|startupRole:FOLLOWER]|listeners:[], old=null
2023-04-11 11:26:28,469 [4d790031-0a50-4ffd-b1f5-2ef434e1e7d9@group-0A22133703FD-LeaderElection35] INFO  impl.LeaderElection (LeaderElection.java:askForVotes(314)) - 4d790031-0a50-4ffd-b1f5-2ef434e1e7d9@group-0A22133703FD-LeaderElection35 PRE_VOTE round 0: result PASSED (term=0)
2023-04-11 11:26:28,469 [4d790031-0a50-4ffd-b1f5-2ef434e1e7d9-server-thread2] INFO  ratis.XceiverServerRatis (XceiverServerRatis.java:handleLeaderChangedNotification(904)) - Leader change notification received for group: group-D8A3DF9248B6 with new leaderId: caa308e7-95fe-4c5f-9440-a942b893081e
2023-04-11 11:26:28,470 [4d790031-0a50-4ffd-b1f5-2ef434e1e7d9-server-thread2] INFO  server.RaftServer$Division (ServerState.java:setLeader(313)) - 4d790031-0a50-4ffd-b1f5-2ef434e1e7d9@group-D8A3DF9248B6: change Leader from null to caa308e7-95fe-4c5f-9440-a942b893081e at term 1 for appendEntries, leader elected after 5313ms
2023-04-11 11:26:28,474 [7b25ec04-6163-44ae-a7e6-933a1c4a9d86-server-thread1] INFO  ratis.XceiverServerRatis (XceiverServerRatis.java:handleLeaderChangedNotification(904)) - Leader change notification received for group: group-D8A3DF9248B6 with new leaderId: caa308e7-95fe-4c5f-9440-a942b893081e
2023-04-11 11:26:28,474 [7b25ec04-6163-44ae-a7e6-933a1c4a9d86-server-thread1] INFO  server.RaftServer$Division (ServerState.java:setLeader(313)) - 7b25ec04-6163-44ae-a7e6-933a1c4a9d86@group-D8A3DF9248B6: change Leader from null to caa308e7-95fe-4c5f-9440-a942b893081e at term 1 for appendEntries, leader elected after 5388ms
2023-04-11 11:26:28,474 [4d790031-0a50-4ffd-b1f5-2ef434e1e7d9@group-0A22133703FD-LeaderElection35] INFO  impl.LeaderElection (LeaderElection.java:askForVotes(312)) - 4d790031-0a50-4ffd-b1f5-2ef434e1e7d9@group-0A22133703FD-LeaderElection35 ELECTION round 0: submit vote requests at term 1 for -1: peers:[4d790031-0a50-4ffd-b1f5-2ef434e1e7d9|rpc:10.1.0.37:43649|dataStream:10.1.0.37:46225|priority:1|startupRole:FOLLOWER]|listeners:[], old=null
2023-04-11 11:26:28,474 [4d790031-0a50-4ffd-b1f5-2ef434e1e7d9@group-0A22133703FD-LeaderElection35] INFO  impl.LeaderElection (LeaderElection.java:askForVotes(314)) - 4d790031-0a50-4ffd-b1f5-2ef434e1e7d9@group-0A22133703FD-LeaderElection35 ELECTION round 0: result PASSED (term=1)
2023-04-11 11:26:28,474 [4d790031-0a50-4ffd-b1f5-2ef434e1e7d9@group-0A22133703FD-LeaderElection35] INFO  impl.RoleInfo (RoleInfo.java:shutdownLeaderElection(130)) - 4d790031-0a50-4ffd-b1f5-2ef434e1e7d9: shutdown 4d790031-0a50-4ffd-b1f5-2ef434e1e7d9@group-0A22133703FD-LeaderElection35
2023-04-11 11:26:28,474 [4d790031-0a50-4ffd-b1f5-2ef434e1e7d9@group-0A22133703FD-LeaderElection35] INFO  server.RaftServer$Division (RaftServerImpl.java:setRole(321)) - 4d790031-0a50-4ffd-b1f5-2ef434e1e7d9@group-0A22133703FD: changes role from CANDIDATE to LEADER at term 1 for changeToLeader
2023-04-11 11:26:28,474 [4d790031-0a50-4ffd-b1f5-2ef434e1e7d9@group-0A22133703FD-LeaderElection35] INFO  ratis.XceiverServerRatis (XceiverServerRatis.java:handleLeaderChangedNotification(904)) - Leader change notification received for group: group-0A22133703FD with new leaderId: 4d790031-0a50-4ffd-b1f5-2ef434e1e7d9
2023-04-11 11:26:28,474 [4d790031-0a50-4ffd-b1f5-2ef434e1e7d9@group-0A22133703FD-LeaderElection35] INFO  server.RaftServer$Division (ServerState.java:setLeader(313)) - 4d790031-0a50-4ffd-b1f5-2ef434e1e7d9@group-0A22133703FD: change Leader from null to 4d790031-0a50-4ffd-b1f5-2ef434e1e7d9 at term 1 for becomeLeader, leader elected after 5115ms
2023-04-11 11:26:28,474 [4d790031-0a50-4ffd-b1f5-2ef434e1e7d9@group-0A22133703FD-LeaderElection35] INFO  server.RaftServerConfigKeys (ConfUtils.java:logGet(46)) - raft.server.staging.catchup.gap = 1000 (default)
2023-04-11 11:26:28,474 [4d790031-0a50-4ffd-b1f5-2ef434e1e7d9@group-0A22133703FD-LeaderElection35] INFO  server.RaftServerConfigKeys (ConfUtils.java:logGet(46)) - raft.server.write.element-limit = 1024 (custom)
2023-04-11 11:26:28,476 [4d790031-0a50-4ffd-b1f5-2ef434e1e7d9-server-thread2] INFO  server.RaftServer$Division (ServerState.java:setRaftConf(430)) - 4d790031-0a50-4ffd-b1f5-2ef434e1e7d9@group-D8A3DF9248B6: set configuration 0: peers:[4d790031-0a50-4ffd-b1f5-2ef434e1e7d9|rpc:10.1.0.37:43649|dataStream:10.1.0.37:46225|priority:0|startupRole:FOLLOWER, 7b25ec04-6163-44ae-a7e6-933a1c4a9d86|rpc:10.1.0.37:36109|dataStream:10.1.0.37:39359|priority:0|startupRole:FOLLOWER, caa308e7-95fe-4c5f-9440-a942b893081e|rpc:10.1.0.37:35655|dataStream:10.1.0.37:42291|priority:1|startupRole:FOLLOWER]|listeners:[], old=null
2023-04-11 11:26:28,476 [4d790031-0a50-4ffd-b1f5-2ef434e1e7d9-server-thread2] INFO  segmented.SegmentedRaftLogWorker (SegmentedRaftLogWorker.java:startLogSegment(452)) - 4d790031-0a50-4ffd-b1f5-2ef434e1e7d9@group-D8A3DF9248B6-SegmentedRaftLogWorker: Starting segment from index:0
2023-04-11 11:26:28,478 [4d790031-0a50-4ffd-b1f5-2ef434e1e7d9@group-0A22133703FD-LeaderElection35] INFO  server.RaftServerConfigKeys (ConfUtils.java:logGet(46)) - raft.server.write.byte-limit = 1024 M (=1073741824) (custom)
2023-04-11 11:26:28,478 [4d790031-0a50-4ffd-b1f5-2ef434e1e7d9@group-0A22133703FD-LeaderElection35] INFO  server.RaftServerConfigKeys (ConfUtils.java:logGet(46)) - raft.server.watch.timeout = 180s (custom)
2023-04-11 11:26:28,478 [4d790031-0a50-4ffd-b1f5-2ef434e1e7d9@group-0A22133703FD-LeaderElection35] INFO  server.RaftServerConfigKeys (ConfUtils.java:logGet(46)) - raft.server.watch.timeout.denomination = 1s (default)
2023-04-11 11:26:28,478 [4d790031-0a50-4ffd-b1f5-2ef434e1e7d9@group-0A22133703FD-LeaderElection35] INFO  server.RaftServerConfigKeys (ConfUtils.java:logGet(46)) - raft.server.watch.element-limit = 65536 (default)
2023-04-11 11:26:28,478 [4d790031-0a50-4ffd-b1f5-2ef434e1e7d9@group-0A22133703FD-LeaderElection35] INFO  server.RaftServerConfigKeys (ConfUtils.java:logGet(46)) - raft.server.write.element-limit = 1024 (custom)
2023-04-11 11:26:28,478 [4d790031-0a50-4ffd-b1f5-2ef434e1e7d9@group-0A22133703FD-LeaderElection35] INFO  server.RaftServerConfigKeys (ConfUtils.java:logGet(46)) - raft.server.write.follower.gap.ratio.max = -1.0 (default)
2023-04-11 11:26:28,478 [4d790031-0a50-4ffd-b1f5-2ef434e1e7d9@group-0A22133703FD-LeaderElection35] INFO  impl.RoleInfo (RoleInfo.java:updateAndGet(139)) - 4d790031-0a50-4ffd-b1f5-2ef434e1e7d9: start 4d790031-0a50-4ffd-b1f5-2ef434e1e7d9@group-0A22133703FD-LeaderStateImpl
2023-04-11 11:26:28,478 [4d790031-0a50-4ffd-b1f5-2ef434e1e7d9@group-0A22133703FD-LeaderElection35] INFO  segmented.SegmentedRaftLogWorker (SegmentedRaftLogWorker.java:startLogSegment(452)) - 4d790031-0a50-4ffd-b1f5-2ef434e1e7d9@group-0A22133703FD-SegmentedRaftLogWorker: Starting segment from index:0
2023-04-11 11:26:28,480 [4d790031-0a50-4ffd-b1f5-2ef434e1e7d9@group-0A22133703FD-SegmentedRaftLogWorker] INFO  segmented.SegmentedRaftLogWorker (SegmentedRaftLogWorker.java:execute(656)) - 4d790031-0a50-4ffd-b1f5-2ef434e1e7d9@group-0A22133703FD-SegmentedRaftLogWorker: created new log segment /home/runner/work/ozone/ozone/hadoop-ozone/integration-test/target/test-dir/MiniOzoneClusterImpl-96ac6092-8b7a-4e89-97e1-43be04ae58b3/datanode-1/data/ratis/9651f140-a930-4503-aeca-0a22133703fd/current/log_inprogress_0
2023-04-11 11:26:28,487 [4d790031-0a50-4ffd-b1f5-2ef434e1e7d9@group-0A22133703FD-LeaderElection35] INFO  server.RaftServer$Division (ServerState.java:setRaftConf(430)) - 4d790031-0a50-4ffd-b1f5-2ef434e1e7d9@group-0A22133703FD: set configuration 0: peers:[4d790031-0a50-4ffd-b1f5-2ef434e1e7d9|rpc:10.1.0.37:43649|dataStream:10.1.0.37:46225|priority:1|startupRole:FOLLOWER]|listeners:[], old=null
2023-04-11 11:26:28,488 [4d790031-0a50-4ffd-b1f5-2ef434e1e7d9@group-D8A3DF9248B6-SegmentedRaftLogWorker] INFO  segmented.SegmentedRaftLogWorker (SegmentedRaftLogWorker.java:execute(656)) - 4d790031-0a50-4ffd-b1f5-2ef434e1e7d9@group-D8A3DF9248B6-SegmentedRaftLogWorker: created new log segment /home/runner/work/ozone/ozone/hadoop-ozone/integration-test/target/test-dir/MiniOzoneClusterImpl-96ac6092-8b7a-4e89-97e1-43be04ae58b3/datanode-1/data/ratis/023a1df3-8ffc-46ba-a79e-d8a3df9248b6/current/log_inprogress_0
2023-04-11 11:26:28,492 [7b25ec04-6163-44ae-a7e6-933a1c4a9d86-server-thread2] INFO  server.RaftServer$Division (ServerState.java:setRaftConf(430)) - 7b25ec04-6163-44ae-a7e6-933a1c4a9d86@group-D8A3DF9248B6: set configuration 0: peers:[4d790031-0a50-4ffd-b1f5-2ef434e1e7d9|rpc:10.1.0.37:43649|dataStream:10.1.0.37:46225|priority:0|startupRole:FOLLOWER, 7b25ec04-6163-44ae-a7e6-933a1c4a9d86|rpc:10.1.0.37:36109|dataStream:10.1.0.37:39359|priority:0|startupRole:FOLLOWER, caa308e7-95fe-4c5f-9440-a942b893081e|rpc:10.1.0.37:35655|dataStream:10.1.0.37:42291|priority:1|startupRole:FOLLOWER]|listeners:[], old=null
2023-04-11 11:26:28,492 [7b25ec04-6163-44ae-a7e6-933a1c4a9d86-server-thread2] INFO  segmented.SegmentedRaftLogWorker (SegmentedRaftLogWorker.java:startLogSegment(452)) - 7b25ec04-6163-44ae-a7e6-933a1c4a9d86@group-D8A3DF9248B6-SegmentedRaftLogWorker: Starting segment from index:0
2023-04-11 11:26:28,493 [7b25ec04-6163-44ae-a7e6-933a1c4a9d86@group-D8A3DF9248B6-SegmentedRaftLogWorker] INFO  segmented.SegmentedRaftLogWorker (SegmentedRaftLogWorker.java:execute(656)) - 7b25ec04-6163-44ae-a7e6-933a1c4a9d86@group-D8A3DF9248B6-SegmentedRaftLogWorker: created new log segment /home/runner/work/ozone/ozone/hadoop-ozone/integration-test/target/test-dir/MiniOzoneClusterImpl-96ac6092-8b7a-4e89-97e1-43be04ae58b3/datanode-0/data/ratis/023a1df3-8ffc-46ba-a79e-d8a3df9248b6/current/log_inprogress_0
2023-04-11 11:26:28,827 [caa308e7-95fe-4c5f-9440-a942b893081e@group-C1CC3CDA4CD1-FollowerState] INFO  impl.FollowerState (FollowerState.java:run(143)) - caa308e7-95fe-4c5f-9440-a942b893081e@group-C1CC3CDA4CD1-FollowerState: change to CANDIDATE, lastRpcElapsedTime:5110339069ns, electionTimeout:5109ms
2023-04-11 11:26:28,827 [caa308e7-95fe-4c5f-9440-a942b893081e@group-C1CC3CDA4CD1-FollowerState] INFO  impl.RoleInfo (RoleInfo.java:shutdownFollowerState(110)) - caa308e7-95fe-4c5f-9440-a942b893081e: shutdown caa308e7-95fe-4c5f-9440-a942b893081e@group-C1CC3CDA4CD1-FollowerState
2023-04-11 11:26:28,827 [caa308e7-95fe-4c5f-9440-a942b893081e@group-C1CC3CDA4CD1-FollowerState] INFO  server.RaftServer$Division (RaftServerImpl.java:setRole(321)) - caa308e7-95fe-4c5f-9440-a942b893081e@group-C1CC3CDA4CD1: changes role from  FOLLOWER to CANDIDATE at term 0 for changeToCandidate
2023-04-11 11:26:28,828 [caa308e7-95fe-4c5f-9440-a942b893081e@group-C1CC3CDA4CD1-FollowerState] INFO  server.RaftServerConfigKeys (ConfUtils.java:logGet(46)) - raft.server.leaderelection.pre-vote = true (default)
2023-04-11 11:26:28,828 [caa308e7-95fe-4c5f-9440-a942b893081e@group-C1CC3CDA4CD1-FollowerState] INFO  impl.RoleInfo (RoleInfo.java:updateAndGet(139)) - caa308e7-95fe-4c5f-9440-a942b893081e: start caa308e7-95fe-4c5f-9440-a942b893081e@group-C1CC3CDA4CD1-LeaderElection36
2023-04-11 11:26:28,831 [caa308e7-95fe-4c5f-9440-a942b893081e@group-C1CC3CDA4CD1-LeaderElection36] INFO  impl.LeaderElection (LeaderElection.java:askForVotes(312)) - caa308e7-95fe-4c5f-9440-a942b893081e@group-C1CC3CDA4CD1-LeaderElection36 PRE_VOTE round 0: submit vote requests at term 0 for -1: peers:[caa308e7-95fe-4c5f-9440-a942b893081e|rpc:10.1.0.37:35655|dataStream:10.1.0.37:42291|priority:1|startupRole:FOLLOWER]|listeners:[], old=null
2023-04-11 11:26:28,831 [caa308e7-95fe-4c5f-9440-a942b893081e@group-C1CC3CDA4CD1-LeaderElection36] INFO  impl.LeaderElection (LeaderElection.java:askForVotes(314)) - caa308e7-95fe-4c5f-9440-a942b893081e@group-C1CC3CDA4CD1-LeaderElection36 PRE_VOTE round 0: result PASSED (term=0)
2023-04-11 11:26:28,833 [caa308e7-95fe-4c5f-9440-a942b893081e@group-C1CC3CDA4CD1-LeaderElection36] INFO  impl.LeaderElection (LeaderElection.java:askForVotes(312)) - caa308e7-95fe-4c5f-9440-a942b893081e@group-C1CC3CDA4CD1-LeaderElection36 ELECTION round 0: submit vote requests at term 1 for -1: peers:[caa308e7-95fe-4c5f-9440-a942b893081e|rpc:10.1.0.37:35655|dataStream:10.1.0.37:42291|priority:1|startupRole:FOLLOWER]|listeners:[], old=null
2023-04-11 11:26:28,833 [caa308e7-95fe-4c5f-9440-a942b893081e@group-C1CC3CDA4CD1-LeaderElection36] INFO  impl.LeaderElection (LeaderElection.java:askForVotes(314)) - caa308e7-95fe-4c5f-9440-a942b893081e@group-C1CC3CDA4CD1-LeaderElection36 ELECTION round 0: result PASSED (term=1)
2023-04-11 11:26:28,833 [caa308e7-95fe-4c5f-9440-a942b893081e@group-C1CC3CDA4CD1-LeaderElection36] INFO  impl.RoleInfo (RoleInfo.java:shutdownLeaderElection(130)) - caa308e7-95fe-4c5f-9440-a942b893081e: shutdown caa308e7-95fe-4c5f-9440-a942b893081e@group-C1CC3CDA4CD1-LeaderElection36
2023-04-11 11:26:28,833 [caa308e7-95fe-4c5f-9440-a942b893081e@group-C1CC3CDA4CD1-LeaderElection36] INFO  server.RaftServer$Division (RaftServerImpl.java:setRole(321)) - caa308e7-95fe-4c5f-9440-a942b893081e@group-C1CC3CDA4CD1: changes role from CANDIDATE to LEADER at term 1 for changeToLeader
2023-04-11 11:26:28,833 [caa308e7-95fe-4c5f-9440-a942b893081e@group-C1CC3CDA4CD1-LeaderElection36] INFO  ratis.XceiverServerRatis (XceiverServerRatis.java:handleLeaderChangedNotification(904)) - Leader change notification received for group: group-C1CC3CDA4CD1 with new leaderId: caa308e7-95fe-4c5f-9440-a942b893081e
2023-04-11 11:26:28,833 [caa308e7-95fe-4c5f-9440-a942b893081e@group-C1CC3CDA4CD1-LeaderElection36] INFO  server.RaftServer$Division (ServerState.java:setLeader(313)) - caa308e7-95fe-4c5f-9440-a942b893081e@group-C1CC3CDA4CD1: change Leader from null to caa308e7-95fe-4c5f-9440-a942b893081e at term 1 for becomeLeader, leader elected after 5131ms
2023-04-11 11:26:28,833 [caa308e7-95fe-4c5f-9440-a942b893081e@group-C1CC3CDA4CD1-LeaderElection36] INFO  server.RaftServerConfigKeys (ConfUtils.java:logGet(46)) - raft.server.staging.catchup.gap = 1000 (default)
2023-04-11 11:26:28,834 [caa308e7-95fe-4c5f-9440-a942b893081e@group-C1CC3CDA4CD1-LeaderElection36] INFO  server.RaftServerConfigKeys (ConfUtils.java:logGet(46)) - raft.server.write.element-limit = 1024 (custom)
2023-04-11 11:26:28,834 [caa308e7-95fe-4c5f-9440-a942b893081e@group-C1CC3CDA4CD1-LeaderElection36] INFO  server.RaftServerConfigKeys (ConfUtils.java:logGet(46)) - raft.server.write.byte-limit = 1024 M (=1073741824) (custom)
2023-04-11 11:26:28,834 [caa308e7-95fe-4c5f-9440-a942b893081e@group-C1CC3CDA4CD1-LeaderElection36] INFO  server.RaftServerConfigKeys (ConfUtils.java:logGet(46)) - raft.server.watch.timeout = 180s (custom)
2023-04-11 11:26:28,834 [caa308e7-95fe-4c5f-9440-a942b893081e@group-C1CC3CDA4CD1-LeaderElection36] INFO  server.RaftServerConfigKeys (ConfUtils.java:logGet(46)) - raft.server.watch.timeout.denomination = 1s (default)
2023-04-11 11:26:28,834 [caa308e7-95fe-4c5f-9440-a942b893081e@group-C1CC3CDA4CD1-LeaderElection36] INFO  server.RaftServerConfigKeys (ConfUtils.java:logGet(46)) - raft.server.watch.element-limit = 65536 (default)
2023-04-11 11:26:28,834 [caa308e7-95fe-4c5f-9440-a942b893081e@group-C1CC3CDA4CD1-LeaderElection36] INFO  server.RaftServerConfigKeys (ConfUtils.java:logGet(46)) - raft.server.write.element-limit = 1024 (custom)
2023-04-11 11:26:28,834 [caa308e7-95fe-4c5f-9440-a942b893081e@group-C1CC3CDA4CD1-LeaderElection36] INFO  server.RaftServerConfigKeys (ConfUtils.java:logGet(46)) - raft.server.write.follower.gap.ratio.max = -1.0 (default)
2023-04-11 11:26:28,834 [caa308e7-95fe-4c5f-9440-a942b893081e@group-C1CC3CDA4CD1-LeaderElection36] INFO  impl.RoleInfo (RoleInfo.java:updateAndGet(139)) - caa308e7-95fe-4c5f-9440-a942b893081e: start caa308e7-95fe-4c5f-9440-a942b893081e@group-C1CC3CDA4CD1-LeaderStateImpl
2023-04-11 11:26:28,834 [caa308e7-95fe-4c5f-9440-a942b893081e@group-C1CC3CDA4CD1-LeaderElection36] INFO  segmented.SegmentedRaftLogWorker (SegmentedRaftLogWorker.java:startLogSegment(452)) - caa308e7-95fe-4c5f-9440-a942b893081e@group-C1CC3CDA4CD1-SegmentedRaftLogWorker: Starting segment from index:0
2023-04-11 11:26:28,835 [caa308e7-95fe-4c5f-9440-a942b893081e@group-C1CC3CDA4CD1-LeaderElection36] INFO  server.RaftServer$Division (ServerState.java:setRaftConf(430)) - caa308e7-95fe-4c5f-9440-a942b893081e@group-C1CC3CDA4CD1: set configuration 0: peers:[caa308e7-95fe-4c5f-9440-a942b893081e|rpc:10.1.0.37:35655|dataStream:10.1.0.37:42291|priority:1|startupRole:FOLLOWER]|listeners:[], old=null
2023-04-11 11:26:28,835 [caa308e7-95fe-4c5f-9440-a942b893081e@group-C1CC3CDA4CD1-SegmentedRaftLogWorker] INFO  segmented.SegmentedRaftLogWorker (SegmentedRaftLogWorker.java:execute(656)) - caa308e7-95fe-4c5f-9440-a942b893081e@group-C1CC3CDA4CD1-SegmentedRaftLogWorker: created new log segment /home/runner/work/ozone/ozone/hadoop-ozone/integration-test/target/test-dir/MiniOzoneClusterImpl-96ac6092-8b7a-4e89-97e1-43be04ae58b3/datanode-2/data/ratis/f9c6ba09-a119-4d8a-b88a-c1cc3cda4cd1/current/log_inprogress_0
2023-04-11 11:26:29,080 [8800b703-234b-42c9-a364-cc0e28a54155@group-4BA95C5FE5BE-FollowerState] INFO  impl.FollowerState (FollowerState.java:run(143)) - 8800b703-234b-42c9-a364-cc0e28a54155@group-4BA95C5FE5BE-FollowerState: change to CANDIDATE, lastRpcElapsedTime:5034527156ns, electionTimeout:5034ms
2023-04-11 11:26:29,081 [8800b703-234b-42c9-a364-cc0e28a54155@group-4BA95C5FE5BE-FollowerState] INFO  impl.RoleInfo (RoleInfo.java:shutdownFollowerState(110)) - 8800b703-234b-42c9-a364-cc0e28a54155: shutdown 8800b703-234b-42c9-a364-cc0e28a54155@group-4BA95C5FE5BE-FollowerState
2023-04-11 11:26:29,081 [8800b703-234b-42c9-a364-cc0e28a54155@group-4BA95C5FE5BE-FollowerState] INFO  server.RaftServer$Division (RaftServerImpl.java:setRole(321)) - 8800b703-234b-42c9-a364-cc0e28a54155@group-4BA95C5FE5BE: changes role from  FOLLOWER to CANDIDATE at term 0 for changeToCandidate
2023-04-11 11:26:29,081 [8800b703-234b-42c9-a364-cc0e28a54155@group-4BA95C5FE5BE-FollowerState] INFO  server.RaftServerConfigKeys (ConfUtils.java:logGet(46)) - raft.server.leaderelection.pre-vote = true (default)
2023-04-11 11:26:29,081 [8800b703-234b-42c9-a364-cc0e28a54155@group-4BA95C5FE5BE-FollowerState] INFO  impl.RoleInfo (RoleInfo.java:updateAndGet(139)) - 8800b703-234b-42c9-a364-cc0e28a54155: start 8800b703-234b-42c9-a364-cc0e28a54155@group-4BA95C5FE5BE-LeaderElection37
2023-04-11 11:26:29,083 [8800b703-234b-42c9-a364-cc0e28a54155@group-4BA95C5FE5BE-LeaderElection37] INFO  impl.LeaderElection (LeaderElection.java:askForVotes(312)) - 8800b703-234b-42c9-a364-cc0e28a54155@group-4BA95C5FE5BE-LeaderElection37 PRE_VOTE round 0: submit vote requests at term 0 for -1: peers:[8800b703-234b-42c9-a364-cc0e28a54155|rpc:10.1.0.37:41347|dataStream:10.1.0.37:33097|priority:1|startupRole:FOLLOWER]|listeners:[], old=null
2023-04-11 11:26:29,083 [8800b703-234b-42c9-a364-cc0e28a54155@group-4BA95C5FE5BE-LeaderElection37] INFO  impl.LeaderElection (LeaderElection.java:askForVotes(314)) - 8800b703-234b-42c9-a364-cc0e28a54155@group-4BA95C5FE5BE-LeaderElection37 PRE_VOTE round 0: result PASSED (term=0)
2023-04-11 11:26:29,084 [8800b703-234b-42c9-a364-cc0e28a54155@group-4BA95C5FE5BE-LeaderElection37] INFO  impl.LeaderElection (LeaderElection.java:askForVotes(312)) - 8800b703-234b-42c9-a364-cc0e28a54155@group-4BA95C5FE5BE-LeaderElection37 ELECTION round 0: submit vote requests at term 1 for -1: peers:[8800b703-234b-42c9-a364-cc0e28a54155|rpc:10.1.0.37:41347|dataStream:10.1.0.37:33097|priority:1|startupRole:FOLLOWER]|listeners:[], old=null
2023-04-11 11:26:29,084 [8800b703-234b-42c9-a364-cc0e28a54155@group-4BA95C5FE5BE-LeaderElection37] INFO  impl.LeaderElection (LeaderElection.java:askForVotes(314)) - 8800b703-234b-42c9-a364-cc0e28a54155@group-4BA95C5FE5BE-LeaderElection37 ELECTION round 0: result PASSED (term=1)
2023-04-11 11:26:29,084 [8800b703-234b-42c9-a364-cc0e28a54155@group-4BA95C5FE5BE-LeaderElection37] INFO  impl.RoleInfo (RoleInfo.java:shutdownLeaderElection(130)) - 8800b703-234b-42c9-a364-cc0e28a54155: shutdown 8800b703-234b-42c9-a364-cc0e28a54155@group-4BA95C5FE5BE-LeaderElection37
2023-04-11 11:26:29,084 [8800b703-234b-42c9-a364-cc0e28a54155@group-4BA95C5FE5BE-LeaderElection37] INFO  server.RaftServer$Division (RaftServerImpl.java:setRole(321)) - 8800b703-234b-42c9-a364-cc0e28a54155@group-4BA95C5FE5BE: changes role from CANDIDATE to LEADER at term 1 for changeToLeader
2023-04-11 11:26:29,084 [8800b703-234b-42c9-a364-cc0e28a54155@group-4BA95C5FE5BE-LeaderElection37] INFO  ratis.XceiverServerRatis (XceiverServerRatis.java:handleLeaderChangedNotification(904)) - Leader change notification received for group: group-4BA95C5FE5BE with new leaderId: 8800b703-234b-42c9-a364-cc0e28a54155
2023-04-11 11:26:29,084 [8800b703-234b-42c9-a364-cc0e28a54155@group-4BA95C5FE5BE-LeaderElection37] INFO  server.RaftServer$Division (ServerState.java:setLeader(313)) - 8800b703-234b-42c9-a364-cc0e28a54155@group-4BA95C5FE5BE: change Leader from null to 8800b703-234b-42c9-a364-cc0e28a54155 at term 1 for becomeLeader, leader elected after 5052ms
2023-04-11 11:26:29,085 [8800b703-234b-42c9-a364-cc0e28a54155@group-4BA95C5FE5BE-LeaderElection37] INFO  server.RaftServerConfigKeys (ConfUtils.java:logGet(46)) - raft.server.staging.catchup.gap = 1000 (default)
2023-04-11 11:26:29,085 [8800b703-234b-42c9-a364-cc0e28a54155@group-4BA95C5FE5BE-LeaderElection37] INFO  server.RaftServerConfigKeys (ConfUtils.java:logGet(46)) - raft.server.write.element-limit = 1024 (custom)
2023-04-11 11:26:29,085 [8800b703-234b-42c9-a364-cc0e28a54155@group-4BA95C5FE5BE-LeaderElection37] INFO  server.RaftServerConfigKeys (ConfUtils.java:logGet(46)) - raft.server.write.byte-limit = 1024 M (=1073741824) (custom)
2023-04-11 11:26:29,085 [8800b703-234b-42c9-a364-cc0e28a54155@group-4BA95C5FE5BE-LeaderElection37] INFO  server.RaftServerConfigKeys (ConfUtils.java:logGet(46)) - raft.server.watch.timeout = 180s (custom)
2023-04-11 11:26:29,085 [8800b703-234b-42c9-a364-cc0e28a54155@group-4BA95C5FE5BE-LeaderElection37] INFO  server.RaftServerConfigKeys (ConfUtils.java:logGet(46)) - raft.server.watch.timeout.denomination = 1s (default)
2023-04-11 11:26:29,085 [8800b703-234b-42c9-a364-cc0e28a54155@group-4BA95C5FE5BE-LeaderElection37] INFO  server.RaftServerConfigKeys (ConfUtils.java:logGet(46)) - raft.server.watch.element-limit = 65536 (default)
2023-04-11 11:26:29,085 [8800b703-234b-42c9-a364-cc0e28a54155@group-4BA95C5FE5BE-LeaderElection37] INFO  server.RaftServerConfigKeys (ConfUtils.java:logGet(46)) - raft.server.write.element-limit = 1024 (custom)
2023-04-11 11:26:29,085 [8800b703-234b-42c9-a364-cc0e28a54155@group-4BA95C5FE5BE-LeaderElection37] INFO  server.RaftServerConfigKeys (ConfUtils.java:logGet(46)) - raft.server.write.follower.gap.ratio.max = -1.0 (default)
2023-04-11 11:26:29,085 [8800b703-234b-42c9-a364-cc0e28a54155@group-4BA95C5FE5BE-LeaderElection37] INFO  impl.RoleInfo (RoleInfo.java:updateAndGet(139)) - 8800b703-234b-42c9-a364-cc0e28a54155: start 8800b703-234b-42c9-a364-cc0e28a54155@group-4BA95C5FE5BE-LeaderStateImpl
2023-04-11 11:26:29,085 [8800b703-234b-42c9-a364-cc0e28a54155@group-4BA95C5FE5BE-LeaderElection37] INFO  segmented.SegmentedRaftLogWorker (SegmentedRaftLogWorker.java:startLogSegment(452)) - 8800b703-234b-42c9-a364-cc0e28a54155@group-4BA95C5FE5BE-SegmentedRaftLogWorker: Starting segment from index:0
2023-04-11 11:26:29,087 [8800b703-234b-42c9-a364-cc0e28a54155@group-4BA95C5FE5BE-LeaderElection37] INFO  server.RaftServer$Division (ServerState.java:setRaftConf(430)) - 8800b703-234b-42c9-a364-cc0e28a54155@group-4BA95C5FE5BE: set configuration 0: peers:[8800b703-234b-42c9-a364-cc0e28a54155|rpc:10.1.0.37:41347|dataStream:10.1.0.37:33097|priority:1|startupRole:FOLLOWER]|listeners:[], old=null
2023-04-11 11:26:29,087 [8800b703-234b-42c9-a364-cc0e28a54155@group-4BA95C5FE5BE-SegmentedRaftLogWorker] INFO  segmented.SegmentedRaftLogWorker (SegmentedRaftLogWorker.java:execute(656)) - 8800b703-234b-42c9-a364-cc0e28a54155@group-4BA95C5FE5BE-SegmentedRaftLogWorker: created new log segment /home/runner/work/ozone/ozone/hadoop-ozone/integration-test/target/test-dir/MiniOzoneClusterImpl-96ac6092-8b7a-4e89-97e1-43be04ae58b3/datanode-3/data/ratis/88cc87c0-db4c-4684-8e7f-4ba95c5fe5be/current/log_inprogress_0
2023-04-11 11:26:29,361 [Listener at 127.0.0.1/44509] INFO  ozone.MiniOzoneClusterImpl (MiniOzoneClusterImpl.java:lambda$waitForClusterToBeReady$0(222)) - Nodes are ready. Got 5 of 5 DN Heartbeats.
2023-04-11 11:26:29,361 [Listener at 127.0.0.1/44509] INFO  ozone.MiniOzoneClusterImpl (MiniOzoneClusterImpl.java:lambda$waitForClusterToBeReady$0(225)) - Cluster exits safe mode
2023-04-11 11:26:29,361 [Listener at 127.0.0.1/44509] INFO  ozone.MiniOzoneClusterImpl (MiniOzoneClusterImpl.java:lambda$waitForClusterToBeReady$0(227)) - SCM became leader
2023-04-11 11:26:29,382 [Listener at 127.0.0.1/44509] INFO  rpc.RpcClient (RpcClient.java:createVolume(476)) - Creating Volume: volume17585, with user71391 as owner and space quota set to -1 bytes, counts quota set to -1
2023-04-11 11:26:29,384 [IPC Server handler 7 on default port 44509] INFO  volume.OMVolumeCreateRequest (OMVolumeCreateRequest.java:validateAndUpdateCache(195)) - created volume:volume17585 for user:user71391
2023-04-11 11:26:29,392 [Listener at 127.0.0.1/44509] INFO  rpc.RpcClient (RpcClient.java:createBucket(698)) - Creating Bucket: volume17585/bucket91798, with bucket layout LEGACY, runner as owner, Versioning false, Storage Type set to DISK and Encryption set to false, Replication Type set to server-side default replication type, Namespace Quota set to -1, Space Quota set to -1 
2023-04-11 11:26:29,394 [IPC Server handler 9 on default port 44509] INFO  bucket.OMBucketCreateRequest (OMBucketCreateRequest.java:validateAndUpdateCache(269)) - created bucket: bucket91798 of layout LEGACY in volume: volume17585
]]></system-out>
  </testcase>
  <testcase name="testSeekOnFileLength" classname="TestOzoneFileSystem" time="0.811">
    <system-out><![CDATA[2023-04-11 11:23:28,615 [IPC Server handler 1 on default port 39469] INFO  ha.SequenceIdGenerator (SequenceIdGenerator.java:getNextId(128)) - Allocate a batch for containerId, change lastId from 0 to 1000.
2023-04-11 11:23:28,624 [IPC Server handler 1 on default port 39469] WARN  ha.SequenceIdGenerator (SequenceIdGenerator.java:allocateBatch(237)) - Failed to allocate a batch for localId, expected lastId is 0, actual lastId is 111677748019200000.
2023-04-11 11:23:28,624 [IPC Server handler 1 on default port 39469] INFO  ha.SequenceIdGenerator (SequenceIdGenerator.java:getNextId(128)) - Allocate a batch for localId, change lastId from 111677748019200000 to 111677748019201000.
2023-04-11 11:23:28,723 [Time-limited test] INFO  impl.MetricsSystemImpl (MetricsSystemImpl.java:init(158)) - XceiverClientMetrics metrics system started (again)
2023-04-11 11:23:28,835 [Time-limited test] INFO  lib.Interns (Interns.java:removeEldestEntry(50)) - Metrics intern cache overflow at 2011 for MetricsSystem={MetricsSystem=MetricsInfoImpl{name=MetricsSystem, description=MetricsSystem}, MetricsSystem record=MetricsInfoImpl{name=MetricsSystem, description=MetricsSystem record}}
11:23:29.334 [IPC Server handler 18 on default port 36763] ERROR OMAudit - user=runner | ip=127.0.0.1 | op=READ_KEY {volume=volume14578, bucket=bucket96393, key=file_notexist, dataSize=0, replicationConfig=null} | ret=FAILURE
org.apache.hadoop.ozone.om.exceptions.OMException: Key:file_notexist not found
	at org.apache.hadoop.ozone.om.KeyManagerImpl.readKeyInfo(KeyManagerImpl.java:428) ~[ozone-manager-1.4.0-SNAPSHOT.jar:?]
	at org.apache.hadoop.ozone.om.KeyManagerImpl.lambda$9(KeyManagerImpl.java:1935) ~[ozone-manager-1.4.0-SNAPSHOT.jar:?]
	at org.apache.hadoop.util.MetricUtil.captureLatencyNs(MetricUtil.java:36) ~[hdds-common-1.4.0-SNAPSHOT.jar:?]
	at org.apache.hadoop.ozone.om.KeyManagerImpl.getKeyInfo(KeyManagerImpl.java:1933) ~[ozone-manager-1.4.0-SNAPSHOT.jar:?]
	at org.apache.hadoop.ozone.om.OmMetadataReader.getKeyInfo(OmMetadataReader.java:211) ~[ozone-manager-1.4.0-SNAPSHOT.jar:?]
	at org.apache.hadoop.ozone.om.OzoneManager.getKeyInfo(OzoneManager.java:2798) ~[ozone-manager-1.4.0-SNAPSHOT.jar:?]
	at org.apache.hadoop.ozone.protocolPB.OzoneManagerRequestHandler.getKeyInfo(OzoneManagerRequestHandler.java:549) ~[ozone-manager-1.4.0-SNAPSHOT.jar:?]
	at org.apache.hadoop.ozone.protocolPB.OzoneManagerRequestHandler.handleReadRequest(OzoneManagerRequestHandler.java:292) ~[ozone-manager-1.4.0-SNAPSHOT.jar:?]
	at org.apache.hadoop.ozone.protocolPB.OzoneManagerProtocolServerSideTranslatorPB.submitReadRequestToOM(OzoneManagerProtocolServerSideTranslatorPB.java:223) ~[ozone-manager-1.4.0-SNAPSHOT.jar:?]
	at org.apache.hadoop.ozone.protocolPB.OzoneManagerProtocolServerSideTranslatorPB.processRequest(OzoneManagerProtocolServerSideTranslatorPB.java:177) ~[ozone-manager-1.4.0-SNAPSHOT.jar:?]
	at org.apache.hadoop.hdds.server.OzoneProtocolMessageDispatcher.processRequest(OzoneProtocolMessageDispatcher.java:87) [hdds-server-framework-1.4.0-SNAPSHOT.jar:?]
	at org.apache.hadoop.ozone.protocolPB.OzoneManagerProtocolServerSideTranslatorPB.submitRequest(OzoneManagerProtocolServerSideTranslatorPB.java:147) [ozone-manager-1.4.0-SNAPSHOT.jar:?]
	at org.apache.hadoop.ozone.protocol.proto.OzoneManagerProtocolProtos$OzoneManagerService$2.callBlockingMethod(OzoneManagerProtocolProtos.java) [ozone-interface-client-1.4.0-SNAPSHOT.jar:?]
	at org.apache.hadoop.ipc.ProtobufRpcEngine$Server.processCall(ProtobufRpcEngine.java:484) [hadoop-common-3.3.5.jar:?]
	at org.apache.hadoop.ipc.ProtobufRpcEngine2$Server$ProtoBufRpcInvoker.call(ProtobufRpcEngine2.java:595) [hadoop-common-3.3.5.jar:?]
	at org.apache.hadoop.ipc.ProtobufRpcEngine2$Server$ProtoBufRpcInvoker.call(ProtobufRpcEngine2.java:573) [hadoop-common-3.3.5.jar:?]
	at org.apache.hadoop.ipc.RPC$Server.call(RPC.java:1213) [hadoop-common-3.3.5.jar:?]
	at org.apache.hadoop.ipc.Server$RpcCall.run(Server.java:1089) [hadoop-common-3.3.5.jar:?]
	at org.apache.hadoop.ipc.Server$RpcCall.run(Server.java:1012) [hadoop-common-3.3.5.jar:?]
	at java.security.AccessController.doPrivileged(Native Method) ~[?:1.8.0_362]
	at javax.security.auth.Subject.doAs(Subject.java:422) [?:1.8.0_362]
	at org.apache.hadoop.security.UserGroupInformation.doAs(UserGroupInformation.java:1899) [hadoop-common-3.3.5.jar:?]
	at org.apache.hadoop.ipc.Server$Handler.run(Server.java:3026) [hadoop-common-3.3.5.jar:?]
]]></system-out>
  </testcase>
  <testcase name="testSeekOnFileLength" classname="TestOzoneFileSystem" time="0.113">
    <system-out><![CDATA[2023-04-11 11:24:41,293 [IPC Server handler 7 on default port 40501] INFO  ha.SequenceIdGenerator (SequenceIdGenerator.java:getNextId(128)) - Allocate a batch for containerId, change lastId from 0 to 1000.
2023-04-11 11:24:41,293 [IPC Server handler 7 on default port 40501] WARN  ha.SequenceIdGenerator (SequenceIdGenerator.java:allocateBatch(237)) - Failed to allocate a batch for localId, expected lastId is 0, actual lastId is 111677748019200000.
2023-04-11 11:24:41,294 [IPC Server handler 7 on default port 40501] INFO  ha.SequenceIdGenerator (SequenceIdGenerator.java:getNextId(128)) - Allocate a batch for localId, change lastId from 111677748019200000 to 111677748019201000.
11:24:41.386 [IPC Server handler 9 on default port 36969] ERROR OMAudit - user=runner | ip=127.0.0.1 | op=READ_KEY {volume=volume23474, bucket=bucket17726, key=file_notexist, dataSize=0, replicationConfig=null} | ret=FAILURE
org.apache.hadoop.ozone.om.exceptions.OMException: Key:file_notexist not found
	at org.apache.hadoop.ozone.om.KeyManagerImpl.readKeyInfo(KeyManagerImpl.java:428) ~[ozone-manager-1.4.0-SNAPSHOT.jar:?]
	at org.apache.hadoop.ozone.om.KeyManagerImpl.lambda$9(KeyManagerImpl.java:1935) ~[ozone-manager-1.4.0-SNAPSHOT.jar:?]
	at org.apache.hadoop.util.MetricUtil.captureLatencyNs(MetricUtil.java:36) ~[hdds-common-1.4.0-SNAPSHOT.jar:?]
	at org.apache.hadoop.ozone.om.KeyManagerImpl.getKeyInfo(KeyManagerImpl.java:1933) ~[ozone-manager-1.4.0-SNAPSHOT.jar:?]
	at org.apache.hadoop.ozone.om.OmMetadataReader.getKeyInfo(OmMetadataReader.java:211) ~[ozone-manager-1.4.0-SNAPSHOT.jar:?]
	at org.apache.hadoop.ozone.om.OzoneManager.getKeyInfo(OzoneManager.java:2798) ~[ozone-manager-1.4.0-SNAPSHOT.jar:?]
	at org.apache.hadoop.ozone.protocolPB.OzoneManagerRequestHandler.getKeyInfo(OzoneManagerRequestHandler.java:549) ~[ozone-manager-1.4.0-SNAPSHOT.jar:?]
	at org.apache.hadoop.ozone.protocolPB.OzoneManagerRequestHandler.handleReadRequest(OzoneManagerRequestHandler.java:292) ~[ozone-manager-1.4.0-SNAPSHOT.jar:?]
	at org.apache.hadoop.ozone.protocolPB.OzoneManagerProtocolServerSideTranslatorPB.submitRequestDirectlyToOM(OzoneManagerProtocolServerSideTranslatorPB.java:272) ~[ozone-manager-1.4.0-SNAPSHOT.jar:?]
	at org.apache.hadoop.ozone.protocolPB.OzoneManagerProtocolServerSideTranslatorPB.processRequest(OzoneManagerProtocolServerSideTranslatorPB.java:173) ~[ozone-manager-1.4.0-SNAPSHOT.jar:?]
	at org.apache.hadoop.hdds.server.OzoneProtocolMessageDispatcher.processRequest(OzoneProtocolMessageDispatcher.java:87) [hdds-server-framework-1.4.0-SNAPSHOT.jar:?]
	at org.apache.hadoop.ozone.protocolPB.OzoneManagerProtocolServerSideTranslatorPB.submitRequest(OzoneManagerProtocolServerSideTranslatorPB.java:147) [ozone-manager-1.4.0-SNAPSHOT.jar:?]
	at org.apache.hadoop.ozone.protocol.proto.OzoneManagerProtocolProtos$OzoneManagerService$2.callBlockingMethod(OzoneManagerProtocolProtos.java) [ozone-interface-client-1.4.0-SNAPSHOT.jar:?]
	at org.apache.hadoop.ipc.ProtobufRpcEngine$Server.processCall(ProtobufRpcEngine.java:484) [hadoop-common-3.3.5.jar:?]
	at org.apache.hadoop.ipc.ProtobufRpcEngine2$Server$ProtoBufRpcInvoker.call(ProtobufRpcEngine2.java:595) [hadoop-common-3.3.5.jar:?]
	at org.apache.hadoop.ipc.ProtobufRpcEngine2$Server$ProtoBufRpcInvoker.call(ProtobufRpcEngine2.java:573) [hadoop-common-3.3.5.jar:?]
	at org.apache.hadoop.ipc.RPC$Server.call(RPC.java:1213) [hadoop-common-3.3.5.jar:?]
	at org.apache.hadoop.ipc.Server$RpcCall.run(Server.java:1089) [hadoop-common-3.3.5.jar:?]
	at org.apache.hadoop.ipc.Server$RpcCall.run(Server.java:1012) [hadoop-common-3.3.5.jar:?]
	at java.security.AccessController.doPrivileged(Native Method) ~[?:1.8.0_362]
	at javax.security.auth.Subject.doAs(Subject.java:422) [?:1.8.0_362]
	at org.apache.hadoop.security.UserGroupInformation.doAs(UserGroupInformation.java:1899) [hadoop-common-3.3.5.jar:?]
	at org.apache.hadoop.ipc.Server$Handler.run(Server.java:3026) [hadoop-common-3.3.5.jar:?]
]]></system-out>
  </testcase>
  <testcase name="testSeekOnFileLength" classname="TestOzoneFileSystem" time="0.127">
    <system-out><![CDATA[2023-04-11 11:25:29,714 [IPC Server handler 2 on default port 44705] INFO  ha.SequenceIdGenerator (SequenceIdGenerator.java:getNextId(128)) - Allocate a batch for containerId, change lastId from 0 to 1000.
2023-04-11 11:25:29,714 [IPC Server handler 2 on default port 44705] WARN  ha.SequenceIdGenerator (SequenceIdGenerator.java:allocateBatch(237)) - Failed to allocate a batch for localId, expected lastId is 0, actual lastId is 111677748019200000.
2023-04-11 11:25:29,714 [IPC Server handler 2 on default port 44705] INFO  ha.SequenceIdGenerator (SequenceIdGenerator.java:getNextId(128)) - Allocate a batch for localId, change lastId from 111677748019200000 to 111677748019201000.
11:25:29.821 [IPC Server handler 3 on default port 39679] ERROR OMAudit - user=runner | ip=127.0.0.1 | op=READ_KEY {volume=volume21709, bucket=bucket98076, key=file_notexist, dataSize=0, replicationConfig=null} | ret=FAILURE
org.apache.hadoop.ozone.om.exceptions.OMException: Key:file_notexist not found
	at org.apache.hadoop.ozone.om.KeyManagerImpl.readKeyInfo(KeyManagerImpl.java:428) ~[ozone-manager-1.4.0-SNAPSHOT.jar:?]
	at org.apache.hadoop.ozone.om.KeyManagerImpl.lambda$9(KeyManagerImpl.java:1935) ~[ozone-manager-1.4.0-SNAPSHOT.jar:?]
	at org.apache.hadoop.util.MetricUtil.captureLatencyNs(MetricUtil.java:36) ~[hdds-common-1.4.0-SNAPSHOT.jar:?]
	at org.apache.hadoop.ozone.om.KeyManagerImpl.getKeyInfo(KeyManagerImpl.java:1933) ~[ozone-manager-1.4.0-SNAPSHOT.jar:?]
	at org.apache.hadoop.ozone.om.OmMetadataReader.getKeyInfo(OmMetadataReader.java:211) ~[ozone-manager-1.4.0-SNAPSHOT.jar:?]
	at org.apache.hadoop.ozone.om.OzoneManager.getKeyInfo(OzoneManager.java:2798) ~[ozone-manager-1.4.0-SNAPSHOT.jar:?]
	at org.apache.hadoop.ozone.protocolPB.OzoneManagerRequestHandler.getKeyInfo(OzoneManagerRequestHandler.java:549) ~[ozone-manager-1.4.0-SNAPSHOT.jar:?]
	at org.apache.hadoop.ozone.protocolPB.OzoneManagerRequestHandler.handleReadRequest(OzoneManagerRequestHandler.java:292) ~[ozone-manager-1.4.0-SNAPSHOT.jar:?]
	at org.apache.hadoop.ozone.protocolPB.OzoneManagerProtocolServerSideTranslatorPB.submitReadRequestToOM(OzoneManagerProtocolServerSideTranslatorPB.java:223) ~[ozone-manager-1.4.0-SNAPSHOT.jar:?]
	at org.apache.hadoop.ozone.protocolPB.OzoneManagerProtocolServerSideTranslatorPB.processRequest(OzoneManagerProtocolServerSideTranslatorPB.java:177) ~[ozone-manager-1.4.0-SNAPSHOT.jar:?]
	at org.apache.hadoop.hdds.server.OzoneProtocolMessageDispatcher.processRequest(OzoneProtocolMessageDispatcher.java:87) [hdds-server-framework-1.4.0-SNAPSHOT.jar:?]
	at org.apache.hadoop.ozone.protocolPB.OzoneManagerProtocolServerSideTranslatorPB.submitRequest(OzoneManagerProtocolServerSideTranslatorPB.java:147) [ozone-manager-1.4.0-SNAPSHOT.jar:?]
	at org.apache.hadoop.ozone.protocol.proto.OzoneManagerProtocolProtos$OzoneManagerService$2.callBlockingMethod(OzoneManagerProtocolProtos.java) [ozone-interface-client-1.4.0-SNAPSHOT.jar:?]
	at org.apache.hadoop.ipc.ProtobufRpcEngine$Server.processCall(ProtobufRpcEngine.java:484) [hadoop-common-3.3.5.jar:?]
	at org.apache.hadoop.ipc.ProtobufRpcEngine2$Server$ProtoBufRpcInvoker.call(ProtobufRpcEngine2.java:595) [hadoop-common-3.3.5.jar:?]
	at org.apache.hadoop.ipc.ProtobufRpcEngine2$Server$ProtoBufRpcInvoker.call(ProtobufRpcEngine2.java:573) [hadoop-common-3.3.5.jar:?]
	at org.apache.hadoop.ipc.RPC$Server.call(RPC.java:1213) [hadoop-common-3.3.5.jar:?]
	at org.apache.hadoop.ipc.Server$RpcCall.run(Server.java:1089) [hadoop-common-3.3.5.jar:?]
	at org.apache.hadoop.ipc.Server$RpcCall.run(Server.java:1012) [hadoop-common-3.3.5.jar:?]
	at java.security.AccessController.doPrivileged(Native Method) ~[?:1.8.0_362]
	at javax.security.auth.Subject.doAs(Subject.java:422) [?:1.8.0_362]
	at org.apache.hadoop.security.UserGroupInformation.doAs(UserGroupInformation.java:1899) [hadoop-common-3.3.5.jar:?]
	at org.apache.hadoop.ipc.Server$Handler.run(Server.java:3026) [hadoop-common-3.3.5.jar:?]
]]></system-out>
  </testcase>
  <testcase name="testSeekOnFileLength" classname="TestOzoneFileSystem" time="0.121">
    <system-out><![CDATA[2023-04-11 11:26:29,423 [IPC Server handler 3 on default port 34475] INFO  ha.SequenceIdGenerator (SequenceIdGenerator.java:getNextId(128)) - Allocate a batch for containerId, change lastId from 0 to 1000.
2023-04-11 11:26:29,423 [IPC Server handler 3 on default port 34475] WARN  ha.SequenceIdGenerator (SequenceIdGenerator.java:allocateBatch(237)) - Failed to allocate a batch for localId, expected lastId is 0, actual lastId is 111677748019200000.
2023-04-11 11:26:29,424 [IPC Server handler 3 on default port 34475] INFO  ha.SequenceIdGenerator (SequenceIdGenerator.java:getNextId(128)) - Allocate a batch for localId, change lastId from 111677748019200000 to 111677748019201000.
2023-04-11 11:26:29,483 [d4f16431-48bc-4a47-9d93-60d3e8fb304c@group-FF3A34A5759C-FollowerState] INFO  impl.FollowerState (FollowerState.java:run(143)) - d4f16431-48bc-4a47-9d93-60d3e8fb304c@group-FF3A34A5759C-FollowerState: change to CANDIDATE, lastRpcElapsedTime:5101790344ns, electionTimeout:5100ms
2023-04-11 11:26:29,483 [d4f16431-48bc-4a47-9d93-60d3e8fb304c@group-FF3A34A5759C-FollowerState] INFO  impl.RoleInfo (RoleInfo.java:shutdownFollowerState(110)) - d4f16431-48bc-4a47-9d93-60d3e8fb304c: shutdown d4f16431-48bc-4a47-9d93-60d3e8fb304c@group-FF3A34A5759C-FollowerState
2023-04-11 11:26:29,483 [d4f16431-48bc-4a47-9d93-60d3e8fb304c@group-FF3A34A5759C-FollowerState] INFO  server.RaftServer$Division (RaftServerImpl.java:setRole(321)) - d4f16431-48bc-4a47-9d93-60d3e8fb304c@group-FF3A34A5759C: changes role from  FOLLOWER to CANDIDATE at term 0 for changeToCandidate
2023-04-11 11:26:29,483 [d4f16431-48bc-4a47-9d93-60d3e8fb304c@group-FF3A34A5759C-FollowerState] INFO  server.RaftServerConfigKeys (ConfUtils.java:logGet(46)) - raft.server.leaderelection.pre-vote = true (default)
2023-04-11 11:26:29,483 [d4f16431-48bc-4a47-9d93-60d3e8fb304c@group-FF3A34A5759C-FollowerState] INFO  impl.RoleInfo (RoleInfo.java:updateAndGet(139)) - d4f16431-48bc-4a47-9d93-60d3e8fb304c: start d4f16431-48bc-4a47-9d93-60d3e8fb304c@group-FF3A34A5759C-LeaderElection38
2023-04-11 11:26:29,500 [d4f16431-48bc-4a47-9d93-60d3e8fb304c@group-FF3A34A5759C-LeaderElection38] INFO  impl.LeaderElection (LeaderElection.java:askForVotes(312)) - d4f16431-48bc-4a47-9d93-60d3e8fb304c@group-FF3A34A5759C-LeaderElection38 PRE_VOTE round 0: submit vote requests at term 0 for -1: peers:[d4f16431-48bc-4a47-9d93-60d3e8fb304c|rpc:10.1.0.37:38135|dataStream:10.1.0.37:45037|priority:1|startupRole:FOLLOWER]|listeners:[], old=null
2023-04-11 11:26:29,500 [d4f16431-48bc-4a47-9d93-60d3e8fb304c@group-FF3A34A5759C-LeaderElection38] INFO  impl.LeaderElection (LeaderElection.java:askForVotes(314)) - d4f16431-48bc-4a47-9d93-60d3e8fb304c@group-FF3A34A5759C-LeaderElection38 PRE_VOTE round 0: result PASSED (term=0)
2023-04-11 11:26:29,507 [d4f16431-48bc-4a47-9d93-60d3e8fb304c@group-FF3A34A5759C-LeaderElection38] INFO  impl.LeaderElection (LeaderElection.java:askForVotes(312)) - d4f16431-48bc-4a47-9d93-60d3e8fb304c@group-FF3A34A5759C-LeaderElection38 ELECTION round 0: submit vote requests at term 1 for -1: peers:[d4f16431-48bc-4a47-9d93-60d3e8fb304c|rpc:10.1.0.37:38135|dataStream:10.1.0.37:45037|priority:1|startupRole:FOLLOWER]|listeners:[], old=null
2023-04-11 11:26:29,507 [d4f16431-48bc-4a47-9d93-60d3e8fb304c@group-FF3A34A5759C-LeaderElection38] INFO  impl.LeaderElection (LeaderElection.java:askForVotes(314)) - d4f16431-48bc-4a47-9d93-60d3e8fb304c@group-FF3A34A5759C-LeaderElection38 ELECTION round 0: result PASSED (term=1)
2023-04-11 11:26:29,507 [d4f16431-48bc-4a47-9d93-60d3e8fb304c@group-FF3A34A5759C-LeaderElection38] INFO  impl.RoleInfo (RoleInfo.java:shutdownLeaderElection(130)) - d4f16431-48bc-4a47-9d93-60d3e8fb304c: shutdown d4f16431-48bc-4a47-9d93-60d3e8fb304c@group-FF3A34A5759C-LeaderElection38
2023-04-11 11:26:29,507 [d4f16431-48bc-4a47-9d93-60d3e8fb304c@group-FF3A34A5759C-LeaderElection38] INFO  server.RaftServer$Division (RaftServerImpl.java:setRole(321)) - d4f16431-48bc-4a47-9d93-60d3e8fb304c@group-FF3A34A5759C: changes role from CANDIDATE to LEADER at term 1 for changeToLeader
2023-04-11 11:26:29,507 [d4f16431-48bc-4a47-9d93-60d3e8fb304c@group-FF3A34A5759C-LeaderElection38] INFO  ratis.XceiverServerRatis (XceiverServerRatis.java:handleLeaderChangedNotification(904)) - Leader change notification received for group: group-FF3A34A5759C with new leaderId: d4f16431-48bc-4a47-9d93-60d3e8fb304c
2023-04-11 11:26:29,508 [d4f16431-48bc-4a47-9d93-60d3e8fb304c@group-FF3A34A5759C-LeaderElection38] INFO  server.RaftServer$Division (ServerState.java:setLeader(313)) - d4f16431-48bc-4a47-9d93-60d3e8fb304c@group-FF3A34A5759C: change Leader from null to d4f16431-48bc-4a47-9d93-60d3e8fb304c at term 1 for becomeLeader, leader elected after 5142ms
2023-04-11 11:26:29,508 [d4f16431-48bc-4a47-9d93-60d3e8fb304c@group-FF3A34A5759C-LeaderElection38] INFO  server.RaftServerConfigKeys (ConfUtils.java:logGet(46)) - raft.server.staging.catchup.gap = 1000 (default)
2023-04-11 11:26:29,508 [d4f16431-48bc-4a47-9d93-60d3e8fb304c@group-FF3A34A5759C-LeaderElection38] INFO  server.RaftServerConfigKeys (ConfUtils.java:logGet(46)) - raft.server.write.element-limit = 1024 (custom)
2023-04-11 11:26:29,508 [d4f16431-48bc-4a47-9d93-60d3e8fb304c@group-FF3A34A5759C-LeaderElection38] INFO  server.RaftServerConfigKeys (ConfUtils.java:logGet(46)) - raft.server.write.byte-limit = 1024 M (=1073741824) (custom)
2023-04-11 11:26:29,508 [d4f16431-48bc-4a47-9d93-60d3e8fb304c@group-FF3A34A5759C-LeaderElection38] INFO  server.RaftServerConfigKeys (ConfUtils.java:logGet(46)) - raft.server.watch.timeout = 180s (custom)
2023-04-11 11:26:29,508 [d4f16431-48bc-4a47-9d93-60d3e8fb304c@group-FF3A34A5759C-LeaderElection38] INFO  server.RaftServerConfigKeys (ConfUtils.java:logGet(46)) - raft.server.watch.timeout.denomination = 1s (default)
2023-04-11 11:26:29,508 [d4f16431-48bc-4a47-9d93-60d3e8fb304c@group-FF3A34A5759C-LeaderElection38] INFO  server.RaftServerConfigKeys (ConfUtils.java:logGet(46)) - raft.server.watch.element-limit = 65536 (default)
2023-04-11 11:26:29,508 [d4f16431-48bc-4a47-9d93-60d3e8fb304c@group-FF3A34A5759C-LeaderElection38] INFO  server.RaftServerConfigKeys (ConfUtils.java:logGet(46)) - raft.server.write.element-limit = 1024 (custom)
2023-04-11 11:26:29,508 [d4f16431-48bc-4a47-9d93-60d3e8fb304c@group-FF3A34A5759C-LeaderElection38] INFO  server.RaftServerConfigKeys (ConfUtils.java:logGet(46)) - raft.server.write.follower.gap.ratio.max = -1.0 (default)
2023-04-11 11:26:29,508 [d4f16431-48bc-4a47-9d93-60d3e8fb304c@group-FF3A34A5759C-LeaderElection38] INFO  impl.RoleInfo (RoleInfo.java:updateAndGet(139)) - d4f16431-48bc-4a47-9d93-60d3e8fb304c: start d4f16431-48bc-4a47-9d93-60d3e8fb304c@group-FF3A34A5759C-LeaderStateImpl
2023-04-11 11:26:29,508 [d4f16431-48bc-4a47-9d93-60d3e8fb304c@group-FF3A34A5759C-LeaderElection38] INFO  segmented.SegmentedRaftLogWorker (SegmentedRaftLogWorker.java:startLogSegment(452)) - d4f16431-48bc-4a47-9d93-60d3e8fb304c@group-FF3A34A5759C-SegmentedRaftLogWorker: Starting segment from index:0
2023-04-11 11:26:29,509 [d4f16431-48bc-4a47-9d93-60d3e8fb304c@group-FF3A34A5759C-LeaderElection38] INFO  server.RaftServer$Division (ServerState.java:setRaftConf(430)) - d4f16431-48bc-4a47-9d93-60d3e8fb304c@group-FF3A34A5759C: set configuration 0: peers:[d4f16431-48bc-4a47-9d93-60d3e8fb304c|rpc:10.1.0.37:38135|dataStream:10.1.0.37:45037|priority:1|startupRole:FOLLOWER]|listeners:[], old=null
2023-04-11 11:26:29,510 [d4f16431-48bc-4a47-9d93-60d3e8fb304c@group-FF3A34A5759C-SegmentedRaftLogWorker] INFO  segmented.SegmentedRaftLogWorker (SegmentedRaftLogWorker.java:execute(656)) - d4f16431-48bc-4a47-9d93-60d3e8fb304c@group-FF3A34A5759C-SegmentedRaftLogWorker: created new log segment /home/runner/work/ozone/ozone/hadoop-ozone/integration-test/target/test-dir/MiniOzoneClusterImpl-96ac6092-8b7a-4e89-97e1-43be04ae58b3/datanode-4/data/ratis/044811c9-41fe-4d27-8e64-ff3a34a5759c/current/log_inprogress_0
11:26:29.526 [IPC Server handler 2 on default port 44509] ERROR OMAudit - user=runner | ip=127.0.0.1 | op=READ_KEY {volume=volume17585, bucket=bucket91798, key=file_notexist, dataSize=0, replicationConfig=null} | ret=FAILURE
org.apache.hadoop.ozone.om.exceptions.OMException: Key:file_notexist not found
	at org.apache.hadoop.ozone.om.KeyManagerImpl.readKeyInfo(KeyManagerImpl.java:428) ~[ozone-manager-1.4.0-SNAPSHOT.jar:?]
	at org.apache.hadoop.ozone.om.KeyManagerImpl.lambda$9(KeyManagerImpl.java:1935) ~[ozone-manager-1.4.0-SNAPSHOT.jar:?]
	at org.apache.hadoop.util.MetricUtil.captureLatencyNs(MetricUtil.java:36) ~[hdds-common-1.4.0-SNAPSHOT.jar:?]
	at org.apache.hadoop.ozone.om.KeyManagerImpl.getKeyInfo(KeyManagerImpl.java:1933) ~[ozone-manager-1.4.0-SNAPSHOT.jar:?]
	at org.apache.hadoop.ozone.om.OmMetadataReader.getKeyInfo(OmMetadataReader.java:211) ~[ozone-manager-1.4.0-SNAPSHOT.jar:?]
	at org.apache.hadoop.ozone.om.OzoneManager.getKeyInfo(OzoneManager.java:2798) ~[ozone-manager-1.4.0-SNAPSHOT.jar:?]
	at org.apache.hadoop.ozone.protocolPB.OzoneManagerRequestHandler.getKeyInfo(OzoneManagerRequestHandler.java:549) ~[ozone-manager-1.4.0-SNAPSHOT.jar:?]
	at org.apache.hadoop.ozone.protocolPB.OzoneManagerRequestHandler.handleReadRequest(OzoneManagerRequestHandler.java:292) ~[ozone-manager-1.4.0-SNAPSHOT.jar:?]
	at org.apache.hadoop.ozone.protocolPB.OzoneManagerProtocolServerSideTranslatorPB.submitRequestDirectlyToOM(OzoneManagerProtocolServerSideTranslatorPB.java:272) ~[ozone-manager-1.4.0-SNAPSHOT.jar:?]
	at org.apache.hadoop.ozone.protocolPB.OzoneManagerProtocolServerSideTranslatorPB.processRequest(OzoneManagerProtocolServerSideTranslatorPB.java:173) ~[ozone-manager-1.4.0-SNAPSHOT.jar:?]
	at org.apache.hadoop.hdds.server.OzoneProtocolMessageDispatcher.processRequest(OzoneProtocolMessageDispatcher.java:87) [hdds-server-framework-1.4.0-SNAPSHOT.jar:?]
	at org.apache.hadoop.ozone.protocolPB.OzoneManagerProtocolServerSideTranslatorPB.submitRequest(OzoneManagerProtocolServerSideTranslatorPB.java:147) [ozone-manager-1.4.0-SNAPSHOT.jar:?]
	at org.apache.hadoop.ozone.protocol.proto.OzoneManagerProtocolProtos$OzoneManagerService$2.callBlockingMethod(OzoneManagerProtocolProtos.java) [ozone-interface-client-1.4.0-SNAPSHOT.jar:?]
	at org.apache.hadoop.ipc.ProtobufRpcEngine$Server.processCall(ProtobufRpcEngine.java:484) [hadoop-common-3.3.5.jar:?]
	at org.apache.hadoop.ipc.ProtobufRpcEngine2$Server$ProtoBufRpcInvoker.call(ProtobufRpcEngine2.java:595) [hadoop-common-3.3.5.jar:?]
	at org.apache.hadoop.ipc.ProtobufRpcEngine2$Server$ProtoBufRpcInvoker.call(ProtobufRpcEngine2.java:573) [hadoop-common-3.3.5.jar:?]
	at org.apache.hadoop.ipc.RPC$Server.call(RPC.java:1213) [hadoop-common-3.3.5.jar:?]
	at org.apache.hadoop.ipc.Server$RpcCall.run(Server.java:1089) [hadoop-common-3.3.5.jar:?]
	at org.apache.hadoop.ipc.Server$RpcCall.run(Server.java:1012) [hadoop-common-3.3.5.jar:?]
	at java.security.AccessController.doPrivileged(Native Method) ~[?:1.8.0_362]
	at javax.security.auth.Subject.doAs(Subject.java:422) [?:1.8.0_362]
	at org.apache.hadoop.security.UserGroupInformation.doAs(UserGroupInformation.java:1899) [hadoop-common-3.3.5.jar:?]
	at org.apache.hadoop.ipc.Server$Handler.run(Server.java:3026) [hadoop-common-3.3.5.jar:?]
]]></system-out>
  </testcase>
  <testcase name="testRenameFile" classname="TestOzoneFileSystem" time="0.146">
    <system-out><![CDATA[2023-04-11 11:23:29,407 [OM StateMachine ApplyTransaction Thread - 0] INFO  key.OMKeyRequest (OMKeyRequest.java:wrapUncommittedBlocksAsPseudoKey(838)) - Detect allocated but uncommitted blocks [{blockID={containerID=2, localID=111677748019200002}, length=4194304, offset=0, token=null, pipeline=null, createVersion=0, partNumber=0}] in key root/file1_Copy.
11:23:29.415 [IPC Server handler 4 on default port 36763] ERROR OMAudit - user=runner | ip=127.0.0.1 | op=GET_FILE_STATUS {volume=volume14578, bucket=bucket96393, key=root/file1, dataSize=0, replicationConfig=null} | ret=FAILURE
org.apache.hadoop.ozone.om.exceptions.OMException: Unable to get file status: volume: volume14578 bucket: bucket96393 key: root/file1
	at org.apache.hadoop.ozone.om.KeyManagerImpl.getOzoneFileStatus(KeyManagerImpl.java:1200) ~[ozone-manager-1.4.0-SNAPSHOT.jar:?]
	at org.apache.hadoop.ozone.om.KeyManagerImpl.getFileStatus(KeyManagerImpl.java:1118) ~[ozone-manager-1.4.0-SNAPSHOT.jar:?]
	at org.apache.hadoop.ozone.om.OmMetadataReader.getFileStatus(OmMetadataReader.java:288) ~[ozone-manager-1.4.0-SNAPSHOT.jar:?]
	at org.apache.hadoop.ozone.om.OzoneManager.getFileStatus(OzoneManager.java:3491) ~[ozone-manager-1.4.0-SNAPSHOT.jar:?]
	at org.apache.hadoop.ozone.protocolPB.OzoneManagerRequestHandler.getOzoneFileStatus(OzoneManagerRequestHandler.java:934) ~[ozone-manager-1.4.0-SNAPSHOT.jar:?]
	at org.apache.hadoop.ozone.protocolPB.OzoneManagerRequestHandler.handleReadRequest(OzoneManagerRequestHandler.java:238) ~[ozone-manager-1.4.0-SNAPSHOT.jar:?]
	at org.apache.hadoop.ozone.protocolPB.OzoneManagerProtocolServerSideTranslatorPB.submitReadRequestToOM(OzoneManagerProtocolServerSideTranslatorPB.java:223) ~[ozone-manager-1.4.0-SNAPSHOT.jar:?]
	at org.apache.hadoop.ozone.protocolPB.OzoneManagerProtocolServerSideTranslatorPB.processRequest(OzoneManagerProtocolServerSideTranslatorPB.java:177) ~[ozone-manager-1.4.0-SNAPSHOT.jar:?]
	at org.apache.hadoop.hdds.server.OzoneProtocolMessageDispatcher.processRequest(OzoneProtocolMessageDispatcher.java:87) [hdds-server-framework-1.4.0-SNAPSHOT.jar:?]
	at org.apache.hadoop.ozone.protocolPB.OzoneManagerProtocolServerSideTranslatorPB.submitRequest(OzoneManagerProtocolServerSideTranslatorPB.java:147) [ozone-manager-1.4.0-SNAPSHOT.jar:?]
	at org.apache.hadoop.ozone.protocol.proto.OzoneManagerProtocolProtos$OzoneManagerService$2.callBlockingMethod(OzoneManagerProtocolProtos.java) [ozone-interface-client-1.4.0-SNAPSHOT.jar:?]
	at org.apache.hadoop.ipc.ProtobufRpcEngine$Server.processCall(ProtobufRpcEngine.java:484) [hadoop-common-3.3.5.jar:?]
	at org.apache.hadoop.ipc.ProtobufRpcEngine2$Server$ProtoBufRpcInvoker.call(ProtobufRpcEngine2.java:595) [hadoop-common-3.3.5.jar:?]
	at org.apache.hadoop.ipc.ProtobufRpcEngine2$Server$ProtoBufRpcInvoker.call(ProtobufRpcEngine2.java:573) [hadoop-common-3.3.5.jar:?]
	at org.apache.hadoop.ipc.RPC$Server.call(RPC.java:1213) [hadoop-common-3.3.5.jar:?]
	at org.apache.hadoop.ipc.Server$RpcCall.run(Server.java:1089) [hadoop-common-3.3.5.jar:?]
	at org.apache.hadoop.ipc.Server$RpcCall.run(Server.java:1012) [hadoop-common-3.3.5.jar:?]
	at java.security.AccessController.doPrivileged(Native Method) ~[?:1.8.0_362]
	at javax.security.auth.Subject.doAs(Subject.java:422) [?:1.8.0_362]
	at org.apache.hadoop.security.UserGroupInformation.doAs(UserGroupInformation.java:1899) [hadoop-common-3.3.5.jar:?]
	at org.apache.hadoop.ipc.Server$Handler.run(Server.java:3026) [hadoop-common-3.3.5.jar:?]
]]></system-out>
  </testcase>
  <testcase name="testRenameFile" classname="TestOzoneFileSystem" time="0.026">
    <system-out><![CDATA[2023-04-11 11:24:41,402 [IPC Server handler 18 on default port 36969] INFO  key.OMKeyRequest (OMKeyRequest.java:wrapUncommittedBlocksAsPseudoKey(838)) - Detect allocated but uncommitted blocks [{blockID={containerID=2, localID=111677748019200002}, length=4194304, offset=0, token=null, pipeline=null, createVersion=0, partNumber=0}] in key root/file1_Copy.
11:24:41.405 [IPC Server handler 12 on default port 36969] ERROR OMAudit - user=runner | ip=127.0.0.1 | op=GET_FILE_STATUS {volume=volume23474, bucket=bucket17726, key=root/file1, dataSize=0, replicationConfig=null} | ret=FAILURE
org.apache.hadoop.ozone.om.exceptions.OMException: Unable to get file status: volume: volume23474 bucket: bucket17726 key: root/file1
	at org.apache.hadoop.ozone.om.KeyManagerImpl.getOzoneFileStatus(KeyManagerImpl.java:1200) ~[ozone-manager-1.4.0-SNAPSHOT.jar:?]
	at org.apache.hadoop.ozone.om.KeyManagerImpl.getFileStatus(KeyManagerImpl.java:1118) ~[ozone-manager-1.4.0-SNAPSHOT.jar:?]
	at org.apache.hadoop.ozone.om.OmMetadataReader.getFileStatus(OmMetadataReader.java:288) ~[ozone-manager-1.4.0-SNAPSHOT.jar:?]
	at org.apache.hadoop.ozone.om.OzoneManager.getFileStatus(OzoneManager.java:3491) ~[ozone-manager-1.4.0-SNAPSHOT.jar:?]
	at org.apache.hadoop.ozone.protocolPB.OzoneManagerRequestHandler.getOzoneFileStatus(OzoneManagerRequestHandler.java:934) ~[ozone-manager-1.4.0-SNAPSHOT.jar:?]
	at org.apache.hadoop.ozone.protocolPB.OzoneManagerRequestHandler.handleReadRequest(OzoneManagerRequestHandler.java:238) ~[ozone-manager-1.4.0-SNAPSHOT.jar:?]
	at org.apache.hadoop.ozone.protocolPB.OzoneManagerProtocolServerSideTranslatorPB.submitRequestDirectlyToOM(OzoneManagerProtocolServerSideTranslatorPB.java:272) ~[ozone-manager-1.4.0-SNAPSHOT.jar:?]
	at org.apache.hadoop.ozone.protocolPB.OzoneManagerProtocolServerSideTranslatorPB.processRequest(OzoneManagerProtocolServerSideTranslatorPB.java:173) ~[ozone-manager-1.4.0-SNAPSHOT.jar:?]
	at org.apache.hadoop.hdds.server.OzoneProtocolMessageDispatcher.processRequest(OzoneProtocolMessageDispatcher.java:87) [hdds-server-framework-1.4.0-SNAPSHOT.jar:?]
	at org.apache.hadoop.ozone.protocolPB.OzoneManagerProtocolServerSideTranslatorPB.submitRequest(OzoneManagerProtocolServerSideTranslatorPB.java:147) [ozone-manager-1.4.0-SNAPSHOT.jar:?]
	at org.apache.hadoop.ozone.protocol.proto.OzoneManagerProtocolProtos$OzoneManagerService$2.callBlockingMethod(OzoneManagerProtocolProtos.java) [ozone-interface-client-1.4.0-SNAPSHOT.jar:?]
	at org.apache.hadoop.ipc.ProtobufRpcEngine$Server.processCall(ProtobufRpcEngine.java:484) [hadoop-common-3.3.5.jar:?]
	at org.apache.hadoop.ipc.ProtobufRpcEngine2$Server$ProtoBufRpcInvoker.call(ProtobufRpcEngine2.java:595) [hadoop-common-3.3.5.jar:?]
	at org.apache.hadoop.ipc.ProtobufRpcEngine2$Server$ProtoBufRpcInvoker.call(ProtobufRpcEngine2.java:573) [hadoop-common-3.3.5.jar:?]
	at org.apache.hadoop.ipc.RPC$Server.call(RPC.java:1213) [hadoop-common-3.3.5.jar:?]
	at org.apache.hadoop.ipc.Server$RpcCall.run(Server.java:1089) [hadoop-common-3.3.5.jar:?]
	at org.apache.hadoop.ipc.Server$RpcCall.run(Server.java:1012) [hadoop-common-3.3.5.jar:?]
	at java.security.AccessController.doPrivileged(Native Method) ~[?:1.8.0_362]
	at javax.security.auth.Subject.doAs(Subject.java:422) [?:1.8.0_362]
	at org.apache.hadoop.security.UserGroupInformation.doAs(UserGroupInformation.java:1899) [hadoop-common-3.3.5.jar:?]
	at org.apache.hadoop.ipc.Server$Handler.run(Server.java:3026) [hadoop-common-3.3.5.jar:?]
]]></system-out>
  </testcase>
  <testcase name="testRenameFile" classname="TestOzoneFileSystem" time="0.039">
    <system-out><![CDATA[2023-04-11 11:25:29,846 [OM StateMachine ApplyTransaction Thread - 0] INFO  key.OMKeyRequest (OMKeyRequest.java:wrapUncommittedBlocksAsPseudoKey(838)) - Detect allocated but uncommitted blocks [{blockID={containerID=2, localID=111677748019200002}, length=4194304, offset=0, token=null, pipeline=null, createVersion=0, partNumber=0}] in key root/file1_Copy.
11:25:29.847 [IPC Server handler 9 on default port 39679] ERROR OMAudit - user=runner | ip=127.0.0.1 | op=GET_FILE_STATUS {volume=volume21709, bucket=bucket98076, key=root/file1, dataSize=0, replicationConfig=null} | ret=FAILURE
org.apache.hadoop.ozone.om.exceptions.OMException: Unable to get file status: volume: volume21709 bucket: bucket98076 key: root/file1
	at org.apache.hadoop.ozone.om.KeyManagerImpl.getOzoneFileStatus(KeyManagerImpl.java:1200) ~[ozone-manager-1.4.0-SNAPSHOT.jar:?]
	at org.apache.hadoop.ozone.om.KeyManagerImpl.getFileStatus(KeyManagerImpl.java:1118) ~[ozone-manager-1.4.0-SNAPSHOT.jar:?]
	at org.apache.hadoop.ozone.om.OmMetadataReader.getFileStatus(OmMetadataReader.java:288) ~[ozone-manager-1.4.0-SNAPSHOT.jar:?]
	at org.apache.hadoop.ozone.om.OzoneManager.getFileStatus(OzoneManager.java:3491) ~[ozone-manager-1.4.0-SNAPSHOT.jar:?]
	at org.apache.hadoop.ozone.protocolPB.OzoneManagerRequestHandler.getOzoneFileStatus(OzoneManagerRequestHandler.java:934) ~[ozone-manager-1.4.0-SNAPSHOT.jar:?]
	at org.apache.hadoop.ozone.protocolPB.OzoneManagerRequestHandler.handleReadRequest(OzoneManagerRequestHandler.java:238) ~[ozone-manager-1.4.0-SNAPSHOT.jar:?]
	at org.apache.hadoop.ozone.protocolPB.OzoneManagerProtocolServerSideTranslatorPB.submitReadRequestToOM(OzoneManagerProtocolServerSideTranslatorPB.java:223) ~[ozone-manager-1.4.0-SNAPSHOT.jar:?]
	at org.apache.hadoop.ozone.protocolPB.OzoneManagerProtocolServerSideTranslatorPB.processRequest(OzoneManagerProtocolServerSideTranslatorPB.java:177) ~[ozone-manager-1.4.0-SNAPSHOT.jar:?]
	at org.apache.hadoop.hdds.server.OzoneProtocolMessageDispatcher.processRequest(OzoneProtocolMessageDispatcher.java:87) [hdds-server-framework-1.4.0-SNAPSHOT.jar:?]
	at org.apache.hadoop.ozone.protocolPB.OzoneManagerProtocolServerSideTranslatorPB.submitRequest(OzoneManagerProtocolServerSideTranslatorPB.java:147) [ozone-manager-1.4.0-SNAPSHOT.jar:?]
	at org.apache.hadoop.ozone.protocol.proto.OzoneManagerProtocolProtos$OzoneManagerService$2.callBlockingMethod(OzoneManagerProtocolProtos.java) [ozone-interface-client-1.4.0-SNAPSHOT.jar:?]
	at org.apache.hadoop.ipc.ProtobufRpcEngine$Server.processCall(ProtobufRpcEngine.java:484) [hadoop-common-3.3.5.jar:?]
	at org.apache.hadoop.ipc.ProtobufRpcEngine2$Server$ProtoBufRpcInvoker.call(ProtobufRpcEngine2.java:595) [hadoop-common-3.3.5.jar:?]
	at org.apache.hadoop.ipc.ProtobufRpcEngine2$Server$ProtoBufRpcInvoker.call(ProtobufRpcEngine2.java:573) [hadoop-common-3.3.5.jar:?]
	at org.apache.hadoop.ipc.RPC$Server.call(RPC.java:1213) [hadoop-common-3.3.5.jar:?]
	at org.apache.hadoop.ipc.Server$RpcCall.run(Server.java:1089) [hadoop-common-3.3.5.jar:?]
	at org.apache.hadoop.ipc.Server$RpcCall.run(Server.java:1012) [hadoop-common-3.3.5.jar:?]
	at java.security.AccessController.doPrivileged(Native Method) ~[?:1.8.0_362]
	at javax.security.auth.Subject.doAs(Subject.java:422) [?:1.8.0_362]
	at org.apache.hadoop.security.UserGroupInformation.doAs(UserGroupInformation.java:1899) [hadoop-common-3.3.5.jar:?]
	at org.apache.hadoop.ipc.Server$Handler.run(Server.java:3026) [hadoop-common-3.3.5.jar:?]
]]></system-out>
  </testcase>
  <testcase name="testRenameFile" classname="TestOzoneFileSystem" time="0.019">
    <system-out><![CDATA[2023-04-11 11:26:29,536 [IPC Server handler 16 on default port 44509] INFO  key.OMKeyRequest (OMKeyRequest.java:wrapUncommittedBlocksAsPseudoKey(838)) - Detect allocated but uncommitted blocks [{blockID={containerID=2, localID=111677748019200002}, length=4194304, offset=0, token=null, pipeline=null, createVersion=0, partNumber=0}] in key root/file1_Copy.
11:26:29.537 [IPC Server handler 7 on default port 44509] ERROR OMAudit - user=runner | ip=127.0.0.1 | op=GET_FILE_STATUS {volume=volume17585, bucket=bucket91798, key=root/file1, dataSize=0, replicationConfig=null} | ret=FAILURE
org.apache.hadoop.ozone.om.exceptions.OMException: Unable to get file status: volume: volume17585 bucket: bucket91798 key: root/file1
	at org.apache.hadoop.ozone.om.KeyManagerImpl.getOzoneFileStatus(KeyManagerImpl.java:1200) ~[ozone-manager-1.4.0-SNAPSHOT.jar:?]
	at org.apache.hadoop.ozone.om.KeyManagerImpl.getFileStatus(KeyManagerImpl.java:1118) ~[ozone-manager-1.4.0-SNAPSHOT.jar:?]
	at org.apache.hadoop.ozone.om.OmMetadataReader.getFileStatus(OmMetadataReader.java:288) ~[ozone-manager-1.4.0-SNAPSHOT.jar:?]
	at org.apache.hadoop.ozone.om.OzoneManager.getFileStatus(OzoneManager.java:3491) ~[ozone-manager-1.4.0-SNAPSHOT.jar:?]
	at org.apache.hadoop.ozone.protocolPB.OzoneManagerRequestHandler.getOzoneFileStatus(OzoneManagerRequestHandler.java:934) ~[ozone-manager-1.4.0-SNAPSHOT.jar:?]
	at org.apache.hadoop.ozone.protocolPB.OzoneManagerRequestHandler.handleReadRequest(OzoneManagerRequestHandler.java:238) ~[ozone-manager-1.4.0-SNAPSHOT.jar:?]
	at org.apache.hadoop.ozone.protocolPB.OzoneManagerProtocolServerSideTranslatorPB.submitRequestDirectlyToOM(OzoneManagerProtocolServerSideTranslatorPB.java:272) ~[ozone-manager-1.4.0-SNAPSHOT.jar:?]
	at org.apache.hadoop.ozone.protocolPB.OzoneManagerProtocolServerSideTranslatorPB.processRequest(OzoneManagerProtocolServerSideTranslatorPB.java:173) ~[ozone-manager-1.4.0-SNAPSHOT.jar:?]
	at org.apache.hadoop.hdds.server.OzoneProtocolMessageDispatcher.processRequest(OzoneProtocolMessageDispatcher.java:87) [hdds-server-framework-1.4.0-SNAPSHOT.jar:?]
	at org.apache.hadoop.ozone.protocolPB.OzoneManagerProtocolServerSideTranslatorPB.submitRequest(OzoneManagerProtocolServerSideTranslatorPB.java:147) [ozone-manager-1.4.0-SNAPSHOT.jar:?]
	at org.apache.hadoop.ozone.protocol.proto.OzoneManagerProtocolProtos$OzoneManagerService$2.callBlockingMethod(OzoneManagerProtocolProtos.java) [ozone-interface-client-1.4.0-SNAPSHOT.jar:?]
	at org.apache.hadoop.ipc.ProtobufRpcEngine$Server.processCall(ProtobufRpcEngine.java:484) [hadoop-common-3.3.5.jar:?]
	at org.apache.hadoop.ipc.ProtobufRpcEngine2$Server$ProtoBufRpcInvoker.call(ProtobufRpcEngine2.java:595) [hadoop-common-3.3.5.jar:?]
	at org.apache.hadoop.ipc.ProtobufRpcEngine2$Server$ProtoBufRpcInvoker.call(ProtobufRpcEngine2.java:573) [hadoop-common-3.3.5.jar:?]
	at org.apache.hadoop.ipc.RPC$Server.call(RPC.java:1213) [hadoop-common-3.3.5.jar:?]
	at org.apache.hadoop.ipc.Server$RpcCall.run(Server.java:1089) [hadoop-common-3.3.5.jar:?]
	at org.apache.hadoop.ipc.Server$RpcCall.run(Server.java:1012) [hadoop-common-3.3.5.jar:?]
	at java.security.AccessController.doPrivileged(Native Method) ~[?:1.8.0_362]
	at javax.security.auth.Subject.doAs(Subject.java:422) [?:1.8.0_362]
	at org.apache.hadoop.security.UserGroupInformation.doAs(UserGroupInformation.java:1899) [hadoop-common-3.3.5.jar:?]
	at org.apache.hadoop.ipc.Server$Handler.run(Server.java:3026) [hadoop-common-3.3.5.jar:?]
]]></system-out>
  </testcase>
  <testcase name="testRenameDir" classname="TestOzoneFileSystem" time="0.098">
    <system-out><![CDATA[2023-04-11 11:23:29,535 [Time-limited test] INFO  ozone.TestOzoneFileSystem (TestOzoneFileSystem.java:testRenameDir(1433)) - Created dir o3fs://bucket96393.volume14578/root_dir/dir1/sub_dir1
2023-04-11 11:23:29,535 [Time-limited test] INFO  ozone.TestOzoneFileSystem (TestOzoneFileSystem.java:testRenameDir(1434)) - Will move o3fs://bucket96393.volume14578/root_dir/dir1 to o3fs://bucket96393.volume14578/root_dir/dir1.renamed
11:23:29.541 [IPC Server handler 12 on default port 36763] ERROR OMAudit - user=runner | ip=127.0.0.1 | op=GET_FILE_STATUS {volume=volume14578, bucket=bucket96393, key=root_dir/dir1.renamed, dataSize=0, replicationConfig=null} | ret=FAILURE
org.apache.hadoop.ozone.om.exceptions.OMException: Unable to get file status: volume: volume14578 bucket: bucket96393 key: root_dir/dir1.renamed
	at org.apache.hadoop.ozone.om.KeyManagerImpl.getOzoneFileStatus(KeyManagerImpl.java:1200) ~[ozone-manager-1.4.0-SNAPSHOT.jar:?]
	at org.apache.hadoop.ozone.om.KeyManagerImpl.getFileStatus(KeyManagerImpl.java:1118) ~[ozone-manager-1.4.0-SNAPSHOT.jar:?]
	at org.apache.hadoop.ozone.om.OmMetadataReader.getFileStatus(OmMetadataReader.java:288) ~[ozone-manager-1.4.0-SNAPSHOT.jar:?]
	at org.apache.hadoop.ozone.om.OzoneManager.getFileStatus(OzoneManager.java:3491) ~[ozone-manager-1.4.0-SNAPSHOT.jar:?]
	at org.apache.hadoop.ozone.protocolPB.OzoneManagerRequestHandler.getOzoneFileStatus(OzoneManagerRequestHandler.java:934) ~[ozone-manager-1.4.0-SNAPSHOT.jar:?]
	at org.apache.hadoop.ozone.protocolPB.OzoneManagerRequestHandler.handleReadRequest(OzoneManagerRequestHandler.java:238) ~[ozone-manager-1.4.0-SNAPSHOT.jar:?]
	at org.apache.hadoop.ozone.protocolPB.OzoneManagerProtocolServerSideTranslatorPB.submitReadRequestToOM(OzoneManagerProtocolServerSideTranslatorPB.java:223) ~[ozone-manager-1.4.0-SNAPSHOT.jar:?]
	at org.apache.hadoop.ozone.protocolPB.OzoneManagerProtocolServerSideTranslatorPB.processRequest(OzoneManagerProtocolServerSideTranslatorPB.java:177) ~[ozone-manager-1.4.0-SNAPSHOT.jar:?]
	at org.apache.hadoop.hdds.server.OzoneProtocolMessageDispatcher.processRequest(OzoneProtocolMessageDispatcher.java:87) [hdds-server-framework-1.4.0-SNAPSHOT.jar:?]
	at org.apache.hadoop.ozone.protocolPB.OzoneManagerProtocolServerSideTranslatorPB.submitRequest(OzoneManagerProtocolServerSideTranslatorPB.java:147) [ozone-manager-1.4.0-SNAPSHOT.jar:?]
	at org.apache.hadoop.ozone.protocol.proto.OzoneManagerProtocolProtos$OzoneManagerService$2.callBlockingMethod(OzoneManagerProtocolProtos.java) [ozone-interface-client-1.4.0-SNAPSHOT.jar:?]
	at org.apache.hadoop.ipc.ProtobufRpcEngine$Server.processCall(ProtobufRpcEngine.java:484) [hadoop-common-3.3.5.jar:?]
	at org.apache.hadoop.ipc.ProtobufRpcEngine2$Server$ProtoBufRpcInvoker.call(ProtobufRpcEngine2.java:595) [hadoop-common-3.3.5.jar:?]
	at org.apache.hadoop.ipc.ProtobufRpcEngine2$Server$ProtoBufRpcInvoker.call(ProtobufRpcEngine2.java:573) [hadoop-common-3.3.5.jar:?]
	at org.apache.hadoop.ipc.RPC$Server.call(RPC.java:1213) [hadoop-common-3.3.5.jar:?]
	at org.apache.hadoop.ipc.Server$RpcCall.run(Server.java:1089) [hadoop-common-3.3.5.jar:?]
	at org.apache.hadoop.ipc.Server$RpcCall.run(Server.java:1012) [hadoop-common-3.3.5.jar:?]
	at java.security.AccessController.doPrivileged(Native Method) ~[?:1.8.0_362]
	at javax.security.auth.Subject.doAs(Subject.java:422) [?:1.8.0_362]
	at org.apache.hadoop.security.UserGroupInformation.doAs(UserGroupInformation.java:1899) [hadoop-common-3.3.5.jar:?]
	at org.apache.hadoop.ipc.Server$Handler.run(Server.java:3026) [hadoop-common-3.3.5.jar:?]
]]></system-out>
  </testcase>
  <testcase name="testRenameDir" classname="TestOzoneFileSystem" time="0.013">
    <system-out><![CDATA[2023-04-11 11:24:41,421 [Time-limited test] INFO  ozone.TestOzoneFileSystem (TestOzoneFileSystem.java:testRenameDir(1433)) - Created dir o3fs://bucket17726.volume23474/root_dir/dir1/sub_dir1
2023-04-11 11:24:41,421 [Time-limited test] INFO  ozone.TestOzoneFileSystem (TestOzoneFileSystem.java:testRenameDir(1434)) - Will move o3fs://bucket17726.volume23474/root_dir/dir1 to o3fs://bucket17726.volume23474/root_dir/dir1.renamed
11:24:41.422 [IPC Server handler 17 on default port 36969] ERROR OMAudit - user=runner | ip=127.0.0.1 | op=GET_FILE_STATUS {volume=volume23474, bucket=bucket17726, key=root_dir/dir1.renamed, dataSize=0, replicationConfig=null} | ret=FAILURE
org.apache.hadoop.ozone.om.exceptions.OMException: Unable to get file status: volume: volume23474 bucket: bucket17726 key: root_dir/dir1.renamed
	at org.apache.hadoop.ozone.om.KeyManagerImpl.getOzoneFileStatus(KeyManagerImpl.java:1200) ~[ozone-manager-1.4.0-SNAPSHOT.jar:?]
	at org.apache.hadoop.ozone.om.KeyManagerImpl.getFileStatus(KeyManagerImpl.java:1118) ~[ozone-manager-1.4.0-SNAPSHOT.jar:?]
	at org.apache.hadoop.ozone.om.OmMetadataReader.getFileStatus(OmMetadataReader.java:288) ~[ozone-manager-1.4.0-SNAPSHOT.jar:?]
	at org.apache.hadoop.ozone.om.OzoneManager.getFileStatus(OzoneManager.java:3491) ~[ozone-manager-1.4.0-SNAPSHOT.jar:?]
	at org.apache.hadoop.ozone.protocolPB.OzoneManagerRequestHandler.getOzoneFileStatus(OzoneManagerRequestHandler.java:934) ~[ozone-manager-1.4.0-SNAPSHOT.jar:?]
	at org.apache.hadoop.ozone.protocolPB.OzoneManagerRequestHandler.handleReadRequest(OzoneManagerRequestHandler.java:238) ~[ozone-manager-1.4.0-SNAPSHOT.jar:?]
	at org.apache.hadoop.ozone.protocolPB.OzoneManagerProtocolServerSideTranslatorPB.submitRequestDirectlyToOM(OzoneManagerProtocolServerSideTranslatorPB.java:272) ~[ozone-manager-1.4.0-SNAPSHOT.jar:?]
	at org.apache.hadoop.ozone.protocolPB.OzoneManagerProtocolServerSideTranslatorPB.processRequest(OzoneManagerProtocolServerSideTranslatorPB.java:173) ~[ozone-manager-1.4.0-SNAPSHOT.jar:?]
	at org.apache.hadoop.hdds.server.OzoneProtocolMessageDispatcher.processRequest(OzoneProtocolMessageDispatcher.java:87) [hdds-server-framework-1.4.0-SNAPSHOT.jar:?]
	at org.apache.hadoop.ozone.protocolPB.OzoneManagerProtocolServerSideTranslatorPB.submitRequest(OzoneManagerProtocolServerSideTranslatorPB.java:147) [ozone-manager-1.4.0-SNAPSHOT.jar:?]
	at org.apache.hadoop.ozone.protocol.proto.OzoneManagerProtocolProtos$OzoneManagerService$2.callBlockingMethod(OzoneManagerProtocolProtos.java) [ozone-interface-client-1.4.0-SNAPSHOT.jar:?]
	at org.apache.hadoop.ipc.ProtobufRpcEngine$Server.processCall(ProtobufRpcEngine.java:484) [hadoop-common-3.3.5.jar:?]
	at org.apache.hadoop.ipc.ProtobufRpcEngine2$Server$ProtoBufRpcInvoker.call(ProtobufRpcEngine2.java:595) [hadoop-common-3.3.5.jar:?]
	at org.apache.hadoop.ipc.ProtobufRpcEngine2$Server$ProtoBufRpcInvoker.call(ProtobufRpcEngine2.java:573) [hadoop-common-3.3.5.jar:?]
	at org.apache.hadoop.ipc.RPC$Server.call(RPC.java:1213) [hadoop-common-3.3.5.jar:?]
	at org.apache.hadoop.ipc.Server$RpcCall.run(Server.java:1089) [hadoop-common-3.3.5.jar:?]
	at org.apache.hadoop.ipc.Server$RpcCall.run(Server.java:1012) [hadoop-common-3.3.5.jar:?]
	at java.security.AccessController.doPrivileged(Native Method) ~[?:1.8.0_362]
	at javax.security.auth.Subject.doAs(Subject.java:422) [?:1.8.0_362]
	at org.apache.hadoop.security.UserGroupInformation.doAs(UserGroupInformation.java:1899) [hadoop-common-3.3.5.jar:?]
	at org.apache.hadoop.ipc.Server$Handler.run(Server.java:3026) [hadoop-common-3.3.5.jar:?]
]]></system-out>
  </testcase>
  <testcase name="testRenameDir" classname="TestOzoneFileSystem" time="0.015">
    <system-out><![CDATA[2023-04-11 11:25:29,868 [Time-limited test] INFO  ozone.TestOzoneFileSystem (TestOzoneFileSystem.java:testRenameDir(1433)) - Created dir o3fs://bucket98076.volume21709/root_dir/dir1/sub_dir1
2023-04-11 11:25:29,868 [Time-limited test] INFO  ozone.TestOzoneFileSystem (TestOzoneFileSystem.java:testRenameDir(1434)) - Will move o3fs://bucket98076.volume21709/root_dir/dir1 to o3fs://bucket98076.volume21709/root_dir/dir1.renamed
11:25:29.869 [IPC Server handler 15 on default port 39679] ERROR OMAudit - user=runner | ip=127.0.0.1 | op=GET_FILE_STATUS {volume=volume21709, bucket=bucket98076, key=root_dir/dir1.renamed, dataSize=0, replicationConfig=null} | ret=FAILURE
org.apache.hadoop.ozone.om.exceptions.OMException: Unable to get file status: volume: volume21709 bucket: bucket98076 key: root_dir/dir1.renamed
	at org.apache.hadoop.ozone.om.KeyManagerImpl.getOzoneFileStatus(KeyManagerImpl.java:1200) ~[ozone-manager-1.4.0-SNAPSHOT.jar:?]
	at org.apache.hadoop.ozone.om.KeyManagerImpl.getFileStatus(KeyManagerImpl.java:1118) ~[ozone-manager-1.4.0-SNAPSHOT.jar:?]
	at org.apache.hadoop.ozone.om.OmMetadataReader.getFileStatus(OmMetadataReader.java:288) ~[ozone-manager-1.4.0-SNAPSHOT.jar:?]
	at org.apache.hadoop.ozone.om.OzoneManager.getFileStatus(OzoneManager.java:3491) ~[ozone-manager-1.4.0-SNAPSHOT.jar:?]
	at org.apache.hadoop.ozone.protocolPB.OzoneManagerRequestHandler.getOzoneFileStatus(OzoneManagerRequestHandler.java:934) ~[ozone-manager-1.4.0-SNAPSHOT.jar:?]
	at org.apache.hadoop.ozone.protocolPB.OzoneManagerRequestHandler.handleReadRequest(OzoneManagerRequestHandler.java:238) ~[ozone-manager-1.4.0-SNAPSHOT.jar:?]
	at org.apache.hadoop.ozone.protocolPB.OzoneManagerProtocolServerSideTranslatorPB.submitReadRequestToOM(OzoneManagerProtocolServerSideTranslatorPB.java:223) ~[ozone-manager-1.4.0-SNAPSHOT.jar:?]
	at org.apache.hadoop.ozone.protocolPB.OzoneManagerProtocolServerSideTranslatorPB.processRequest(OzoneManagerProtocolServerSideTranslatorPB.java:177) ~[ozone-manager-1.4.0-SNAPSHOT.jar:?]
	at org.apache.hadoop.hdds.server.OzoneProtocolMessageDispatcher.processRequest(OzoneProtocolMessageDispatcher.java:87) [hdds-server-framework-1.4.0-SNAPSHOT.jar:?]
	at org.apache.hadoop.ozone.protocolPB.OzoneManagerProtocolServerSideTranslatorPB.submitRequest(OzoneManagerProtocolServerSideTranslatorPB.java:147) [ozone-manager-1.4.0-SNAPSHOT.jar:?]
	at org.apache.hadoop.ozone.protocol.proto.OzoneManagerProtocolProtos$OzoneManagerService$2.callBlockingMethod(OzoneManagerProtocolProtos.java) [ozone-interface-client-1.4.0-SNAPSHOT.jar:?]
	at org.apache.hadoop.ipc.ProtobufRpcEngine$Server.processCall(ProtobufRpcEngine.java:484) [hadoop-common-3.3.5.jar:?]
	at org.apache.hadoop.ipc.ProtobufRpcEngine2$Server$ProtoBufRpcInvoker.call(ProtobufRpcEngine2.java:595) [hadoop-common-3.3.5.jar:?]
	at org.apache.hadoop.ipc.ProtobufRpcEngine2$Server$ProtoBufRpcInvoker.call(ProtobufRpcEngine2.java:573) [hadoop-common-3.3.5.jar:?]
	at org.apache.hadoop.ipc.RPC$Server.call(RPC.java:1213) [hadoop-common-3.3.5.jar:?]
	at org.apache.hadoop.ipc.Server$RpcCall.run(Server.java:1089) [hadoop-common-3.3.5.jar:?]
	at org.apache.hadoop.ipc.Server$RpcCall.run(Server.java:1012) [hadoop-common-3.3.5.jar:?]
	at java.security.AccessController.doPrivileged(Native Method) ~[?:1.8.0_362]
	at javax.security.auth.Subject.doAs(Subject.java:422) [?:1.8.0_362]
	at org.apache.hadoop.security.UserGroupInformation.doAs(UserGroupInformation.java:1899) [hadoop-common-3.3.5.jar:?]
	at org.apache.hadoop.ipc.Server$Handler.run(Server.java:3026) [hadoop-common-3.3.5.jar:?]
]]></system-out>
  </testcase>
  <testcase name="testRenameDir" classname="TestOzoneFileSystem" time="0.007">
    <system-out><![CDATA[2023-04-11 11:26:29,551 [Time-limited test] INFO  ozone.TestOzoneFileSystem (TestOzoneFileSystem.java:testRenameDir(1433)) - Created dir o3fs://bucket91798.volume17585/root_dir/dir1/sub_dir1
2023-04-11 11:26:29,551 [Time-limited test] INFO  ozone.TestOzoneFileSystem (TestOzoneFileSystem.java:testRenameDir(1434)) - Will move o3fs://bucket91798.volume17585/root_dir/dir1 to o3fs://bucket91798.volume17585/root_dir/dir1.renamed
11:26:29.552 [IPC Server handler 13 on default port 44509] ERROR OMAudit - user=runner | ip=127.0.0.1 | op=GET_FILE_STATUS {volume=volume17585, bucket=bucket91798, key=root_dir/dir1.renamed, dataSize=0, replicationConfig=null} | ret=FAILURE
org.apache.hadoop.ozone.om.exceptions.OMException: Unable to get file status: volume: volume17585 bucket: bucket91798 key: root_dir/dir1.renamed
	at org.apache.hadoop.ozone.om.KeyManagerImpl.getOzoneFileStatus(KeyManagerImpl.java:1200) ~[ozone-manager-1.4.0-SNAPSHOT.jar:?]
	at org.apache.hadoop.ozone.om.KeyManagerImpl.getFileStatus(KeyManagerImpl.java:1118) ~[ozone-manager-1.4.0-SNAPSHOT.jar:?]
	at org.apache.hadoop.ozone.om.OmMetadataReader.getFileStatus(OmMetadataReader.java:288) ~[ozone-manager-1.4.0-SNAPSHOT.jar:?]
	at org.apache.hadoop.ozone.om.OzoneManager.getFileStatus(OzoneManager.java:3491) ~[ozone-manager-1.4.0-SNAPSHOT.jar:?]
	at org.apache.hadoop.ozone.protocolPB.OzoneManagerRequestHandler.getOzoneFileStatus(OzoneManagerRequestHandler.java:934) ~[ozone-manager-1.4.0-SNAPSHOT.jar:?]
	at org.apache.hadoop.ozone.protocolPB.OzoneManagerRequestHandler.handleReadRequest(OzoneManagerRequestHandler.java:238) ~[ozone-manager-1.4.0-SNAPSHOT.jar:?]
	at org.apache.hadoop.ozone.protocolPB.OzoneManagerProtocolServerSideTranslatorPB.submitRequestDirectlyToOM(OzoneManagerProtocolServerSideTranslatorPB.java:272) ~[ozone-manager-1.4.0-SNAPSHOT.jar:?]
	at org.apache.hadoop.ozone.protocolPB.OzoneManagerProtocolServerSideTranslatorPB.processRequest(OzoneManagerProtocolServerSideTranslatorPB.java:173) ~[ozone-manager-1.4.0-SNAPSHOT.jar:?]
	at org.apache.hadoop.hdds.server.OzoneProtocolMessageDispatcher.processRequest(OzoneProtocolMessageDispatcher.java:87) [hdds-server-framework-1.4.0-SNAPSHOT.jar:?]
	at org.apache.hadoop.ozone.protocolPB.OzoneManagerProtocolServerSideTranslatorPB.submitRequest(OzoneManagerProtocolServerSideTranslatorPB.java:147) [ozone-manager-1.4.0-SNAPSHOT.jar:?]
	at org.apache.hadoop.ozone.protocol.proto.OzoneManagerProtocolProtos$OzoneManagerService$2.callBlockingMethod(OzoneManagerProtocolProtos.java) [ozone-interface-client-1.4.0-SNAPSHOT.jar:?]
	at org.apache.hadoop.ipc.ProtobufRpcEngine$Server.processCall(ProtobufRpcEngine.java:484) [hadoop-common-3.3.5.jar:?]
	at org.apache.hadoop.ipc.ProtobufRpcEngine2$Server$ProtoBufRpcInvoker.call(ProtobufRpcEngine2.java:595) [hadoop-common-3.3.5.jar:?]
	at org.apache.hadoop.ipc.ProtobufRpcEngine2$Server$ProtoBufRpcInvoker.call(ProtobufRpcEngine2.java:573) [hadoop-common-3.3.5.jar:?]
	at org.apache.hadoop.ipc.RPC$Server.call(RPC.java:1213) [hadoop-common-3.3.5.jar:?]
	at org.apache.hadoop.ipc.Server$RpcCall.run(Server.java:1089) [hadoop-common-3.3.5.jar:?]
	at org.apache.hadoop.ipc.Server$RpcCall.run(Server.java:1012) [hadoop-common-3.3.5.jar:?]
	at java.security.AccessController.doPrivileged(Native Method) ~[?:1.8.0_362]
	at javax.security.auth.Subject.doAs(Subject.java:422) [?:1.8.0_362]
	at org.apache.hadoop.security.UserGroupInformation.doAs(UserGroupInformation.java:1899) [hadoop-common-3.3.5.jar:?]
	at org.apache.hadoop.ipc.Server$Handler.run(Server.java:3026) [hadoop-common-3.3.5.jar:?]
]]></system-out>
  </testcase>
  <testcase name="testListStatusIteratorOnSubDirs" classname="TestOzoneFileSystem" time="0.069">
    <system-out><![CDATA[2023-04-11 11:23:29,650 [OM StateMachine ApplyTransaction Thread - 0] INFO  key.OMKeyRequest (OMKeyRequest.java:wrapUncommittedBlocksAsPseudoKey(838)) - Detect allocated but uncommitted blocks [{blockID={containerID=3, localID=111677748019200003}, length=4194304, offset=0, token=null, pipeline=null, createVersion=0, partNumber=0}] in key dir1/dir12/file121.
]]></system-out>
  </testcase>
  <testcase name="testListStatusIteratorOnSubDirs" classname="TestOzoneFileSystem" time="0.014">
    <system-out><![CDATA[2023-04-11 11:24:41,439 [IPC Server handler 11 on default port 36969] INFO  key.OMKeyRequest (OMKeyRequest.java:wrapUncommittedBlocksAsPseudoKey(838)) - Detect allocated but uncommitted blocks [{blockID={containerID=1, localID=111677748019200003}, length=4194304, offset=0, token=null, pipeline=null, createVersion=0, partNumber=0}] in key dir1/dir12/file121.
]]></system-out>
  </testcase>
  <testcase name="testListStatusIteratorOnSubDirs" classname="TestOzoneFileSystem" time="0.019">
    <system-out><![CDATA[2023-04-11 11:25:29,889 [OM StateMachine ApplyTransaction Thread - 0] INFO  key.OMKeyRequest (OMKeyRequest.java:wrapUncommittedBlocksAsPseudoKey(838)) - Detect allocated but uncommitted blocks [{blockID={containerID=1, localID=111677748019200003}, length=4194304, offset=0, token=null, pipeline=null, createVersion=0, partNumber=0}] in key dir1/dir12/file121.
]]></system-out>
  </testcase>
  <testcase name="testListStatusIteratorOnSubDirs" classname="TestOzoneFileSystem" time="0.013">
    <system-out><![CDATA[2023-04-11 11:26:29,566 [IPC Server handler 12 on default port 44509] INFO  key.OMKeyRequest (OMKeyRequest.java:wrapUncommittedBlocksAsPseudoKey(838)) - Detect allocated but uncommitted blocks [{blockID={containerID=1, localID=111677748019200003}, length=4194304, offset=0, token=null, pipeline=null, createVersion=0, partNumber=0}] in key dir1/dir12/file121.
]]></system-out>
  </testcase>
  <testcase name="testAllocateMoreThanOneBlock" classname="TestOzoneFileSystem" time="0.527"/>
  <testcase name="testAllocateMoreThanOneBlock" classname="TestOzoneFileSystem" time="0.38"/>
  <testcase name="testAllocateMoreThanOneBlock" classname="TestOzoneFileSystem" time="0.312">
    <system-out><![CDATA[2023-04-11 11:25:29,963 [c1e7a0ec-ae3b-4726-987d-7d9bf2cc9de6@group-D6B75793E69F-FollowerState] INFO  impl.FollowerState (FollowerState.java:run(143)) - c1e7a0ec-ae3b-4726-987d-7d9bf2cc9de6@group-D6B75793E69F-FollowerState: change to CANDIDATE, lastRpcElapsedTime:5110473608ns, electionTimeout:5107ms
2023-04-11 11:25:29,964 [c1e7a0ec-ae3b-4726-987d-7d9bf2cc9de6@group-D6B75793E69F-FollowerState] INFO  impl.RoleInfo (RoleInfo.java:shutdownFollowerState(110)) - c1e7a0ec-ae3b-4726-987d-7d9bf2cc9de6: shutdown c1e7a0ec-ae3b-4726-987d-7d9bf2cc9de6@group-D6B75793E69F-FollowerState
2023-04-11 11:25:29,964 [c1e7a0ec-ae3b-4726-987d-7d9bf2cc9de6@group-D6B75793E69F-FollowerState] INFO  server.RaftServer$Division (RaftServerImpl.java:setRole(321)) - c1e7a0ec-ae3b-4726-987d-7d9bf2cc9de6@group-D6B75793E69F: changes role from  FOLLOWER to CANDIDATE at term 0 for changeToCandidate
2023-04-11 11:25:29,964 [c1e7a0ec-ae3b-4726-987d-7d9bf2cc9de6@group-D6B75793E69F-FollowerState] INFO  server.RaftServerConfigKeys (ConfUtils.java:logGet(46)) - raft.server.leaderelection.pre-vote = true (default)
2023-04-11 11:25:29,964 [c1e7a0ec-ae3b-4726-987d-7d9bf2cc9de6@group-D6B75793E69F-FollowerState] INFO  impl.RoleInfo (RoleInfo.java:updateAndGet(139)) - c1e7a0ec-ae3b-4726-987d-7d9bf2cc9de6: start c1e7a0ec-ae3b-4726-987d-7d9bf2cc9de6@group-D6B75793E69F-LeaderElection27
2023-04-11 11:25:29,993 [c1e7a0ec-ae3b-4726-987d-7d9bf2cc9de6@group-D6B75793E69F-LeaderElection27] INFO  impl.LeaderElection (LeaderElection.java:askForVotes(312)) - c1e7a0ec-ae3b-4726-987d-7d9bf2cc9de6@group-D6B75793E69F-LeaderElection27 PRE_VOTE round 0: submit vote requests at term 0 for -1: peers:[c1e7a0ec-ae3b-4726-987d-7d9bf2cc9de6|rpc:10.1.0.37:46253|dataStream:10.1.0.37:45319|priority:1|startupRole:FOLLOWER]|listeners:[], old=null
2023-04-11 11:25:29,993 [c1e7a0ec-ae3b-4726-987d-7d9bf2cc9de6@group-D6B75793E69F-LeaderElection27] INFO  impl.LeaderElection (LeaderElection.java:askForVotes(314)) - c1e7a0ec-ae3b-4726-987d-7d9bf2cc9de6@group-D6B75793E69F-LeaderElection27 PRE_VOTE round 0: result PASSED (term=0)
2023-04-11 11:25:29,996 [c1e7a0ec-ae3b-4726-987d-7d9bf2cc9de6@group-D6B75793E69F-LeaderElection27] INFO  impl.LeaderElection (LeaderElection.java:askForVotes(312)) - c1e7a0ec-ae3b-4726-987d-7d9bf2cc9de6@group-D6B75793E69F-LeaderElection27 ELECTION round 0: submit vote requests at term 1 for -1: peers:[c1e7a0ec-ae3b-4726-987d-7d9bf2cc9de6|rpc:10.1.0.37:46253|dataStream:10.1.0.37:45319|priority:1|startupRole:FOLLOWER]|listeners:[], old=null
2023-04-11 11:25:30,024 [c1e7a0ec-ae3b-4726-987d-7d9bf2cc9de6@group-D6B75793E69F-LeaderElection27] INFO  impl.LeaderElection (LeaderElection.java:askForVotes(314)) - c1e7a0ec-ae3b-4726-987d-7d9bf2cc9de6@group-D6B75793E69F-LeaderElection27 ELECTION round 0: result PASSED (term=1)
2023-04-11 11:25:30,024 [c1e7a0ec-ae3b-4726-987d-7d9bf2cc9de6@group-D6B75793E69F-LeaderElection27] INFO  impl.RoleInfo (RoleInfo.java:shutdownLeaderElection(130)) - c1e7a0ec-ae3b-4726-987d-7d9bf2cc9de6: shutdown c1e7a0ec-ae3b-4726-987d-7d9bf2cc9de6@group-D6B75793E69F-LeaderElection27
2023-04-11 11:25:30,024 [c1e7a0ec-ae3b-4726-987d-7d9bf2cc9de6@group-D6B75793E69F-LeaderElection27] INFO  server.RaftServer$Division (RaftServerImpl.java:setRole(321)) - c1e7a0ec-ae3b-4726-987d-7d9bf2cc9de6@group-D6B75793E69F: changes role from CANDIDATE to LEADER at term 1 for changeToLeader
2023-04-11 11:25:30,024 [c1e7a0ec-ae3b-4726-987d-7d9bf2cc9de6@group-D6B75793E69F-LeaderElection27] INFO  ratis.XceiverServerRatis (XceiverServerRatis.java:handleLeaderChangedNotification(904)) - Leader change notification received for group: group-D6B75793E69F with new leaderId: c1e7a0ec-ae3b-4726-987d-7d9bf2cc9de6
2023-04-11 11:25:30,024 [c1e7a0ec-ae3b-4726-987d-7d9bf2cc9de6@group-D6B75793E69F-LeaderElection27] INFO  server.RaftServer$Division (ServerState.java:setLeader(313)) - c1e7a0ec-ae3b-4726-987d-7d9bf2cc9de6@group-D6B75793E69F: change Leader from null to c1e7a0ec-ae3b-4726-987d-7d9bf2cc9de6 at term 1 for becomeLeader, leader elected after 5184ms
2023-04-11 11:25:30,024 [c1e7a0ec-ae3b-4726-987d-7d9bf2cc9de6@group-D6B75793E69F-LeaderElection27] INFO  server.RaftServerConfigKeys (ConfUtils.java:logGet(46)) - raft.server.staging.catchup.gap = 1000 (default)
2023-04-11 11:25:30,024 [c1e7a0ec-ae3b-4726-987d-7d9bf2cc9de6@group-D6B75793E69F-LeaderElection27] INFO  server.RaftServerConfigKeys (ConfUtils.java:logGet(46)) - raft.server.write.element-limit = 1024 (custom)
2023-04-11 11:25:30,024 [c1e7a0ec-ae3b-4726-987d-7d9bf2cc9de6@group-D6B75793E69F-LeaderElection27] INFO  server.RaftServerConfigKeys (ConfUtils.java:logGet(46)) - raft.server.write.byte-limit = 1024 M (=1073741824) (custom)
2023-04-11 11:25:30,025 [c1e7a0ec-ae3b-4726-987d-7d9bf2cc9de6@group-D6B75793E69F-LeaderElection27] INFO  server.RaftServerConfigKeys (ConfUtils.java:logGet(46)) - raft.server.watch.timeout = 180s (custom)
2023-04-11 11:25:30,025 [c1e7a0ec-ae3b-4726-987d-7d9bf2cc9de6@group-D6B75793E69F-LeaderElection27] INFO  server.RaftServerConfigKeys (ConfUtils.java:logGet(46)) - raft.server.watch.timeout.denomination = 1s (default)
2023-04-11 11:25:30,025 [c1e7a0ec-ae3b-4726-987d-7d9bf2cc9de6@group-D6B75793E69F-LeaderElection27] INFO  server.RaftServerConfigKeys (ConfUtils.java:logGet(46)) - raft.server.watch.element-limit = 65536 (default)
2023-04-11 11:25:30,025 [c1e7a0ec-ae3b-4726-987d-7d9bf2cc9de6@group-D6B75793E69F-LeaderElection27] INFO  server.RaftServerConfigKeys (ConfUtils.java:logGet(46)) - raft.server.write.element-limit = 1024 (custom)
2023-04-11 11:25:30,025 [c1e7a0ec-ae3b-4726-987d-7d9bf2cc9de6@group-D6B75793E69F-LeaderElection27] INFO  server.RaftServerConfigKeys (ConfUtils.java:logGet(46)) - raft.server.write.follower.gap.ratio.max = -1.0 (default)
2023-04-11 11:25:30,025 [c1e7a0ec-ae3b-4726-987d-7d9bf2cc9de6@group-D6B75793E69F-LeaderElection27] INFO  impl.RoleInfo (RoleInfo.java:updateAndGet(139)) - c1e7a0ec-ae3b-4726-987d-7d9bf2cc9de6: start c1e7a0ec-ae3b-4726-987d-7d9bf2cc9de6@group-D6B75793E69F-LeaderStateImpl
2023-04-11 11:25:30,025 [c1e7a0ec-ae3b-4726-987d-7d9bf2cc9de6@group-D6B75793E69F-LeaderElection27] INFO  segmented.SegmentedRaftLogWorker (SegmentedRaftLogWorker.java:startLogSegment(452)) - c1e7a0ec-ae3b-4726-987d-7d9bf2cc9de6@group-D6B75793E69F-SegmentedRaftLogWorker: Starting segment from index:0
2023-04-11 11:25:30,026 [c1e7a0ec-ae3b-4726-987d-7d9bf2cc9de6@group-D6B75793E69F-SegmentedRaftLogWorker] INFO  segmented.SegmentedRaftLogWorker (SegmentedRaftLogWorker.java:execute(656)) - c1e7a0ec-ae3b-4726-987d-7d9bf2cc9de6@group-D6B75793E69F-SegmentedRaftLogWorker: created new log segment /home/runner/work/ozone/ozone/hadoop-ozone/integration-test/target/test-dir/MiniOzoneClusterImpl-1c4368e0-208c-48c5-9b0c-56c20ccf1352/datanode-2/data/ratis/b995ad11-c37b-4306-88be-d6b75793e69f/current/log_inprogress_0
2023-04-11 11:25:30,028 [c1e7a0ec-ae3b-4726-987d-7d9bf2cc9de6@group-D6B75793E69F-LeaderElection27] INFO  server.RaftServer$Division (ServerState.java:setRaftConf(430)) - c1e7a0ec-ae3b-4726-987d-7d9bf2cc9de6@group-D6B75793E69F: set configuration 0: peers:[c1e7a0ec-ae3b-4726-987d-7d9bf2cc9de6|rpc:10.1.0.37:46253|dataStream:10.1.0.37:45319|priority:1|startupRole:FOLLOWER]|listeners:[], old=null
]]></system-out>
  </testcase>
  <testcase name="testAllocateMoreThanOneBlock" classname="TestOzoneFileSystem" time="0.266"/>
  <testcase name="testRenameToExistingDir" classname="TestOzoneFileSystem" time="0.06">
    <system-out><![CDATA[11:23:30.237 [IPC Server handler 10 on default port 36763] ERROR OMAudit - user=runner | ip=127.0.0.1 | op=LIST_STATUS {volume=volume14578, bucket=bucket96393, key=b/a, dataSize=0, replicationConfig=null} | ret=FAILURE
org.apache.hadoop.ozone.om.exceptions.OMException: Unable to get file status: volume: volume14578 bucket: bucket96393 key: b/a
	at org.apache.hadoop.ozone.om.KeyManagerImpl.getOzoneFileStatus(KeyManagerImpl.java:1200) ~[ozone-manager-1.4.0-SNAPSHOT.jar:?]
	at org.apache.hadoop.ozone.om.KeyManagerImpl.getFileStatus(KeyManagerImpl.java:1118) ~[ozone-manager-1.4.0-SNAPSHOT.jar:?]
	at org.apache.hadoop.ozone.om.KeyManagerImpl.listStatus(KeyManagerImpl.java:1508) ~[ozone-manager-1.4.0-SNAPSHOT.jar:?]
	at org.apache.hadoop.ozone.om.OmMetadataReader.listStatus(OmMetadataReader.java:261) ~[ozone-manager-1.4.0-SNAPSHOT.jar:?]
	at org.apache.hadoop.ozone.om.OzoneManager.listStatus(OzoneManager.java:3510) ~[ozone-manager-1.4.0-SNAPSHOT.jar:?]
	at org.apache.hadoop.ozone.protocolPB.OzoneManagerRequestHandler.listStatus(OzoneManagerRequestHandler.java:1098) ~[ozone-manager-1.4.0-SNAPSHOT.jar:?]
	at org.apache.hadoop.ozone.protocolPB.OzoneManagerRequestHandler.handleReadRequest(OzoneManagerRequestHandler.java:249) ~[ozone-manager-1.4.0-SNAPSHOT.jar:?]
	at org.apache.hadoop.ozone.protocolPB.OzoneManagerProtocolServerSideTranslatorPB.submitReadRequestToOM(OzoneManagerProtocolServerSideTranslatorPB.java:223) ~[ozone-manager-1.4.0-SNAPSHOT.jar:?]
	at org.apache.hadoop.ozone.protocolPB.OzoneManagerProtocolServerSideTranslatorPB.processRequest(OzoneManagerProtocolServerSideTranslatorPB.java:177) ~[ozone-manager-1.4.0-SNAPSHOT.jar:?]
	at org.apache.hadoop.hdds.server.OzoneProtocolMessageDispatcher.processRequest(OzoneProtocolMessageDispatcher.java:87) [hdds-server-framework-1.4.0-SNAPSHOT.jar:?]
	at org.apache.hadoop.ozone.protocolPB.OzoneManagerProtocolServerSideTranslatorPB.submitRequest(OzoneManagerProtocolServerSideTranslatorPB.java:147) [ozone-manager-1.4.0-SNAPSHOT.jar:?]
	at org.apache.hadoop.ozone.protocol.proto.OzoneManagerProtocolProtos$OzoneManagerService$2.callBlockingMethod(OzoneManagerProtocolProtos.java) [ozone-interface-client-1.4.0-SNAPSHOT.jar:?]
	at org.apache.hadoop.ipc.ProtobufRpcEngine$Server.processCall(ProtobufRpcEngine.java:484) [hadoop-common-3.3.5.jar:?]
	at org.apache.hadoop.ipc.ProtobufRpcEngine2$Server$ProtoBufRpcInvoker.call(ProtobufRpcEngine2.java:595) [hadoop-common-3.3.5.jar:?]
	at org.apache.hadoop.ipc.ProtobufRpcEngine2$Server$ProtoBufRpcInvoker.call(ProtobufRpcEngine2.java:573) [hadoop-common-3.3.5.jar:?]
	at org.apache.hadoop.ipc.RPC$Server.call(RPC.java:1213) [hadoop-common-3.3.5.jar:?]
	at org.apache.hadoop.ipc.Server$RpcCall.run(Server.java:1089) [hadoop-common-3.3.5.jar:?]
	at org.apache.hadoop.ipc.Server$RpcCall.run(Server.java:1012) [hadoop-common-3.3.5.jar:?]
	at java.security.AccessController.doPrivileged(Native Method) ~[?:1.8.0_362]
	at javax.security.auth.Subject.doAs(Subject.java:422) [?:1.8.0_362]
	at org.apache.hadoop.security.UserGroupInformation.doAs(UserGroupInformation.java:1899) [hadoop-common-3.3.5.jar:?]
	at org.apache.hadoop.ipc.Server$Handler.run(Server.java:3026) [hadoop-common-3.3.5.jar:?]
]]></system-out>
  </testcase>
  <testcase name="testRenameToExistingDir" classname="TestOzoneFileSystem" time="0.021">
    <system-out><![CDATA[11:24:41.835 [IPC Server handler 5 on default port 36969] ERROR OMAudit - user=runner | ip=127.0.0.1 | op=LIST_STATUS {volume=volume23474, bucket=bucket17726, key=b/a, dataSize=0, replicationConfig=null} | ret=FAILURE
org.apache.hadoop.ozone.om.exceptions.OMException: Unable to get file status: volume: volume23474 bucket: bucket17726 key: b/a
	at org.apache.hadoop.ozone.om.KeyManagerImpl.getOzoneFileStatus(KeyManagerImpl.java:1200) ~[ozone-manager-1.4.0-SNAPSHOT.jar:?]
	at org.apache.hadoop.ozone.om.KeyManagerImpl.getFileStatus(KeyManagerImpl.java:1118) ~[ozone-manager-1.4.0-SNAPSHOT.jar:?]
	at org.apache.hadoop.ozone.om.KeyManagerImpl.listStatus(KeyManagerImpl.java:1508) ~[ozone-manager-1.4.0-SNAPSHOT.jar:?]
	at org.apache.hadoop.ozone.om.OmMetadataReader.listStatus(OmMetadataReader.java:261) ~[ozone-manager-1.4.0-SNAPSHOT.jar:?]
	at org.apache.hadoop.ozone.om.OzoneManager.listStatus(OzoneManager.java:3510) ~[ozone-manager-1.4.0-SNAPSHOT.jar:?]
	at org.apache.hadoop.ozone.protocolPB.OzoneManagerRequestHandler.listStatus(OzoneManagerRequestHandler.java:1098) ~[ozone-manager-1.4.0-SNAPSHOT.jar:?]
	at org.apache.hadoop.ozone.protocolPB.OzoneManagerRequestHandler.handleReadRequest(OzoneManagerRequestHandler.java:249) ~[ozone-manager-1.4.0-SNAPSHOT.jar:?]
	at org.apache.hadoop.ozone.protocolPB.OzoneManagerProtocolServerSideTranslatorPB.submitRequestDirectlyToOM(OzoneManagerProtocolServerSideTranslatorPB.java:272) ~[ozone-manager-1.4.0-SNAPSHOT.jar:?]
	at org.apache.hadoop.ozone.protocolPB.OzoneManagerProtocolServerSideTranslatorPB.processRequest(OzoneManagerProtocolServerSideTranslatorPB.java:173) ~[ozone-manager-1.4.0-SNAPSHOT.jar:?]
	at org.apache.hadoop.hdds.server.OzoneProtocolMessageDispatcher.processRequest(OzoneProtocolMessageDispatcher.java:87) [hdds-server-framework-1.4.0-SNAPSHOT.jar:?]
	at org.apache.hadoop.ozone.protocolPB.OzoneManagerProtocolServerSideTranslatorPB.submitRequest(OzoneManagerProtocolServerSideTranslatorPB.java:147) [ozone-manager-1.4.0-SNAPSHOT.jar:?]
	at org.apache.hadoop.ozone.protocol.proto.OzoneManagerProtocolProtos$OzoneManagerService$2.callBlockingMethod(OzoneManagerProtocolProtos.java) [ozone-interface-client-1.4.0-SNAPSHOT.jar:?]
	at org.apache.hadoop.ipc.ProtobufRpcEngine$Server.processCall(ProtobufRpcEngine.java:484) [hadoop-common-3.3.5.jar:?]
	at org.apache.hadoop.ipc.ProtobufRpcEngine2$Server$ProtoBufRpcInvoker.call(ProtobufRpcEngine2.java:595) [hadoop-common-3.3.5.jar:?]
	at org.apache.hadoop.ipc.ProtobufRpcEngine2$Server$ProtoBufRpcInvoker.call(ProtobufRpcEngine2.java:573) [hadoop-common-3.3.5.jar:?]
	at org.apache.hadoop.ipc.RPC$Server.call(RPC.java:1213) [hadoop-common-3.3.5.jar:?]
	at org.apache.hadoop.ipc.Server$RpcCall.run(Server.java:1089) [hadoop-common-3.3.5.jar:?]
	at org.apache.hadoop.ipc.Server$RpcCall.run(Server.java:1012) [hadoop-common-3.3.5.jar:?]
	at java.security.AccessController.doPrivileged(Native Method) ~[?:1.8.0_362]
	at javax.security.auth.Subject.doAs(Subject.java:422) [?:1.8.0_362]
	at org.apache.hadoop.security.UserGroupInformation.doAs(UserGroupInformation.java:1899) [hadoop-common-3.3.5.jar:?]
	at org.apache.hadoop.ipc.Server$Handler.run(Server.java:3026) [hadoop-common-3.3.5.jar:?]
]]></system-out>
  </testcase>
  <testcase name="testRenameToExistingDir" classname="TestOzoneFileSystem" time="0.015">
    <system-out><![CDATA[11:25:30.220 [IPC Server handler 2 on default port 39679] ERROR OMAudit - user=runner | ip=127.0.0.1 | op=LIST_STATUS {volume=volume21709, bucket=bucket98076, key=b/a, dataSize=0, replicationConfig=null} | ret=FAILURE
org.apache.hadoop.ozone.om.exceptions.OMException: Unable to get file status: volume: volume21709 bucket: bucket98076 key: b/a
	at org.apache.hadoop.ozone.om.KeyManagerImpl.getOzoneFileStatus(KeyManagerImpl.java:1200) ~[ozone-manager-1.4.0-SNAPSHOT.jar:?]
	at org.apache.hadoop.ozone.om.KeyManagerImpl.getFileStatus(KeyManagerImpl.java:1118) ~[ozone-manager-1.4.0-SNAPSHOT.jar:?]
	at org.apache.hadoop.ozone.om.KeyManagerImpl.listStatus(KeyManagerImpl.java:1508) ~[ozone-manager-1.4.0-SNAPSHOT.jar:?]
	at org.apache.hadoop.ozone.om.OmMetadataReader.listStatus(OmMetadataReader.java:261) ~[ozone-manager-1.4.0-SNAPSHOT.jar:?]
	at org.apache.hadoop.ozone.om.OzoneManager.listStatus(OzoneManager.java:3510) ~[ozone-manager-1.4.0-SNAPSHOT.jar:?]
	at org.apache.hadoop.ozone.protocolPB.OzoneManagerRequestHandler.listStatus(OzoneManagerRequestHandler.java:1098) ~[ozone-manager-1.4.0-SNAPSHOT.jar:?]
	at org.apache.hadoop.ozone.protocolPB.OzoneManagerRequestHandler.handleReadRequest(OzoneManagerRequestHandler.java:249) ~[ozone-manager-1.4.0-SNAPSHOT.jar:?]
	at org.apache.hadoop.ozone.protocolPB.OzoneManagerProtocolServerSideTranslatorPB.submitReadRequestToOM(OzoneManagerProtocolServerSideTranslatorPB.java:223) ~[ozone-manager-1.4.0-SNAPSHOT.jar:?]
	at org.apache.hadoop.ozone.protocolPB.OzoneManagerProtocolServerSideTranslatorPB.processRequest(OzoneManagerProtocolServerSideTranslatorPB.java:177) ~[ozone-manager-1.4.0-SNAPSHOT.jar:?]
	at org.apache.hadoop.hdds.server.OzoneProtocolMessageDispatcher.processRequest(OzoneProtocolMessageDispatcher.java:87) [hdds-server-framework-1.4.0-SNAPSHOT.jar:?]
	at org.apache.hadoop.ozone.protocolPB.OzoneManagerProtocolServerSideTranslatorPB.submitRequest(OzoneManagerProtocolServerSideTranslatorPB.java:147) [ozone-manager-1.4.0-SNAPSHOT.jar:?]
	at org.apache.hadoop.ozone.protocol.proto.OzoneManagerProtocolProtos$OzoneManagerService$2.callBlockingMethod(OzoneManagerProtocolProtos.java) [ozone-interface-client-1.4.0-SNAPSHOT.jar:?]
	at org.apache.hadoop.ipc.ProtobufRpcEngine$Server.processCall(ProtobufRpcEngine.java:484) [hadoop-common-3.3.5.jar:?]
	at org.apache.hadoop.ipc.ProtobufRpcEngine2$Server$ProtoBufRpcInvoker.call(ProtobufRpcEngine2.java:595) [hadoop-common-3.3.5.jar:?]
	at org.apache.hadoop.ipc.ProtobufRpcEngine2$Server$ProtoBufRpcInvoker.call(ProtobufRpcEngine2.java:573) [hadoop-common-3.3.5.jar:?]
	at org.apache.hadoop.ipc.RPC$Server.call(RPC.java:1213) [hadoop-common-3.3.5.jar:?]
	at org.apache.hadoop.ipc.Server$RpcCall.run(Server.java:1089) [hadoop-common-3.3.5.jar:?]
	at org.apache.hadoop.ipc.Server$RpcCall.run(Server.java:1012) [hadoop-common-3.3.5.jar:?]
	at java.security.AccessController.doPrivileged(Native Method) ~[?:1.8.0_362]
	at javax.security.auth.Subject.doAs(Subject.java:422) [?:1.8.0_362]
	at org.apache.hadoop.security.UserGroupInformation.doAs(UserGroupInformation.java:1899) [hadoop-common-3.3.5.jar:?]
	at org.apache.hadoop.ipc.Server$Handler.run(Server.java:3026) [hadoop-common-3.3.5.jar:?]
]]></system-out>
  </testcase>
  <testcase name="testRenameToExistingDir" classname="TestOzoneFileSystem" time="0.008">
    <system-out><![CDATA[11:26:29.840 [IPC Server handler 6 on default port 44509] ERROR OMAudit - user=runner | ip=127.0.0.1 | op=LIST_STATUS {volume=volume17585, bucket=bucket91798, key=b/a, dataSize=0, replicationConfig=null} | ret=FAILURE
org.apache.hadoop.ozone.om.exceptions.OMException: Unable to get file status: volume: volume17585 bucket: bucket91798 key: b/a
	at org.apache.hadoop.ozone.om.KeyManagerImpl.getOzoneFileStatus(KeyManagerImpl.java:1200) ~[ozone-manager-1.4.0-SNAPSHOT.jar:?]
	at org.apache.hadoop.ozone.om.KeyManagerImpl.getFileStatus(KeyManagerImpl.java:1118) ~[ozone-manager-1.4.0-SNAPSHOT.jar:?]
	at org.apache.hadoop.ozone.om.KeyManagerImpl.listStatus(KeyManagerImpl.java:1508) ~[ozone-manager-1.4.0-SNAPSHOT.jar:?]
	at org.apache.hadoop.ozone.om.OmMetadataReader.listStatus(OmMetadataReader.java:261) ~[ozone-manager-1.4.0-SNAPSHOT.jar:?]
	at org.apache.hadoop.ozone.om.OzoneManager.listStatus(OzoneManager.java:3510) ~[ozone-manager-1.4.0-SNAPSHOT.jar:?]
	at org.apache.hadoop.ozone.protocolPB.OzoneManagerRequestHandler.listStatus(OzoneManagerRequestHandler.java:1098) ~[ozone-manager-1.4.0-SNAPSHOT.jar:?]
	at org.apache.hadoop.ozone.protocolPB.OzoneManagerRequestHandler.handleReadRequest(OzoneManagerRequestHandler.java:249) ~[ozone-manager-1.4.0-SNAPSHOT.jar:?]
	at org.apache.hadoop.ozone.protocolPB.OzoneManagerProtocolServerSideTranslatorPB.submitRequestDirectlyToOM(OzoneManagerProtocolServerSideTranslatorPB.java:272) ~[ozone-manager-1.4.0-SNAPSHOT.jar:?]
	at org.apache.hadoop.ozone.protocolPB.OzoneManagerProtocolServerSideTranslatorPB.processRequest(OzoneManagerProtocolServerSideTranslatorPB.java:173) ~[ozone-manager-1.4.0-SNAPSHOT.jar:?]
	at org.apache.hadoop.hdds.server.OzoneProtocolMessageDispatcher.processRequest(OzoneProtocolMessageDispatcher.java:87) [hdds-server-framework-1.4.0-SNAPSHOT.jar:?]
	at org.apache.hadoop.ozone.protocolPB.OzoneManagerProtocolServerSideTranslatorPB.submitRequest(OzoneManagerProtocolServerSideTranslatorPB.java:147) [ozone-manager-1.4.0-SNAPSHOT.jar:?]
	at org.apache.hadoop.ozone.protocol.proto.OzoneManagerProtocolProtos$OzoneManagerService$2.callBlockingMethod(OzoneManagerProtocolProtos.java) [ozone-interface-client-1.4.0-SNAPSHOT.jar:?]
	at org.apache.hadoop.ipc.ProtobufRpcEngine$Server.processCall(ProtobufRpcEngine.java:484) [hadoop-common-3.3.5.jar:?]
	at org.apache.hadoop.ipc.ProtobufRpcEngine2$Server$ProtoBufRpcInvoker.call(ProtobufRpcEngine2.java:595) [hadoop-common-3.3.5.jar:?]
	at org.apache.hadoop.ipc.ProtobufRpcEngine2$Server$ProtoBufRpcInvoker.call(ProtobufRpcEngine2.java:573) [hadoop-common-3.3.5.jar:?]
	at org.apache.hadoop.ipc.RPC$Server.call(RPC.java:1213) [hadoop-common-3.3.5.jar:?]
	at org.apache.hadoop.ipc.Server$RpcCall.run(Server.java:1089) [hadoop-common-3.3.5.jar:?]
	at org.apache.hadoop.ipc.Server$RpcCall.run(Server.java:1012) [hadoop-common-3.3.5.jar:?]
	at java.security.AccessController.doPrivileged(Native Method) ~[?:1.8.0_362]
	at javax.security.auth.Subject.doAs(Subject.java:422) [?:1.8.0_362]
	at org.apache.hadoop.security.UserGroupInformation.doAs(UserGroupInformation.java:1899) [hadoop-common-3.3.5.jar:?]
	at org.apache.hadoop.ipc.Server$Handler.run(Server.java:3026) [hadoop-common-3.3.5.jar:?]
]]></system-out>
  </testcase>
  <testcase name="testRenameDirToItsOwnSubDir" classname="TestOzoneFileSystem" time="0.028">
    <system-out><![CDATA[2023-04-11 11:23:30,287 [Time-limited test] INFO  ozone.TestOzoneFileSystem (TestOzoneFileSystem.java:testRenameDirToItsOwnSubDir(1172)) - Created dir1 o3fs://bucket96393.volume14578/root/dir1/sub_dir1
2023-04-11 11:23:30,287 [Time-limited test] INFO  ozone.TestOzoneFileSystem (TestOzoneFileSystem.java:testRenameDirToItsOwnSubDir(1175)) - Rename op-> source:o3fs://bucket96393.volume14578/root to destin:o3fs://bucket96393.volume14578/root/dir1/sub_dir1
]]></system-out>
  </testcase>
  <testcase name="testRenameDirToItsOwnSubDir" classname="TestOzoneFileSystem" time="0.011">
    <system-out><![CDATA[2023-04-11 11:24:41,855 [Time-limited test] INFO  ozone.TestOzoneFileSystem (TestOzoneFileSystem.java:testRenameDirToItsOwnSubDir(1172)) - Created dir1 o3fs://bucket17726.volume23474/root/dir1/sub_dir1
2023-04-11 11:24:41,855 [Time-limited test] INFO  ozone.TestOzoneFileSystem (TestOzoneFileSystem.java:testRenameDirToItsOwnSubDir(1175)) - Rename op-> source:o3fs://bucket17726.volume23474/root to destin:o3fs://bucket17726.volume23474/root/dir1/sub_dir1
]]></system-out>
  </testcase>
  <testcase name="testRenameDirToItsOwnSubDir" classname="TestOzoneFileSystem" time="0.01">
    <system-out><![CDATA[2023-04-11 11:25:30,232 [Time-limited test] INFO  ozone.TestOzoneFileSystem (TestOzoneFileSystem.java:testRenameDirToItsOwnSubDir(1172)) - Created dir1 o3fs://bucket98076.volume21709/root/dir1/sub_dir1
2023-04-11 11:25:30,232 [Time-limited test] INFO  ozone.TestOzoneFileSystem (TestOzoneFileSystem.java:testRenameDirToItsOwnSubDir(1175)) - Rename op-> source:o3fs://bucket98076.volume21709/root to destin:o3fs://bucket98076.volume21709/root/dir1/sub_dir1
]]></system-out>
  </testcase>
  <testcase name="testRenameDirToItsOwnSubDir" classname="TestOzoneFileSystem" time="0.004">
    <system-out><![CDATA[2023-04-11 11:26:29,846 [Time-limited test] INFO  ozone.TestOzoneFileSystem (TestOzoneFileSystem.java:testRenameDirToItsOwnSubDir(1172)) - Created dir1 o3fs://bucket91798.volume17585/root/dir1/sub_dir1
2023-04-11 11:26:29,847 [Time-limited test] INFO  ozone.TestOzoneFileSystem (TestOzoneFileSystem.java:testRenameDirToItsOwnSubDir(1175)) - Rename op-> source:o3fs://bucket91798.volume17585/root to destin:o3fs://bucket91798.volume17585/root/dir1/sub_dir1
]]></system-out>
  </testcase>
  <testcase name="testGetDirectoryModificationTime" classname="TestOzoneFileSystem" time="0.153"/>
  <testcase name="testGetDirectoryModificationTime" classname="TestOzoneFileSystem" time="0.129"/>
  <testcase name="testGetDirectoryModificationTime" classname="TestOzoneFileSystem" time="0.118">
    <system-out><![CDATA[2023-04-11 11:25:30,304 [1f55909b-7792-4429-a8f4-0e8df975840d@group-0F6F1A17E8A2-FollowerState] INFO  impl.FollowerState (FollowerState.java:run(143)) - 1f55909b-7792-4429-a8f4-0e8df975840d@group-0F6F1A17E8A2-FollowerState: change to CANDIDATE, lastRpcElapsedTime:5095568109ns, electionTimeout:5095ms
2023-04-11 11:25:30,305 [1f55909b-7792-4429-a8f4-0e8df975840d@group-0F6F1A17E8A2-FollowerState] INFO  impl.RoleInfo (RoleInfo.java:shutdownFollowerState(110)) - 1f55909b-7792-4429-a8f4-0e8df975840d: shutdown 1f55909b-7792-4429-a8f4-0e8df975840d@group-0F6F1A17E8A2-FollowerState
2023-04-11 11:25:30,305 [1f55909b-7792-4429-a8f4-0e8df975840d@group-0F6F1A17E8A2-FollowerState] INFO  server.RaftServer$Division (RaftServerImpl.java:setRole(321)) - 1f55909b-7792-4429-a8f4-0e8df975840d@group-0F6F1A17E8A2: changes role from  FOLLOWER to CANDIDATE at term 0 for changeToCandidate
2023-04-11 11:25:30,305 [1f55909b-7792-4429-a8f4-0e8df975840d@group-0F6F1A17E8A2-FollowerState] INFO  server.RaftServerConfigKeys (ConfUtils.java:logGet(46)) - raft.server.leaderelection.pre-vote = true (default)
2023-04-11 11:25:30,305 [1f55909b-7792-4429-a8f4-0e8df975840d@group-0F6F1A17E8A2-FollowerState] INFO  impl.RoleInfo (RoleInfo.java:updateAndGet(139)) - 1f55909b-7792-4429-a8f4-0e8df975840d: start 1f55909b-7792-4429-a8f4-0e8df975840d@group-0F6F1A17E8A2-LeaderElection28
2023-04-11 11:25:30,308 [1f55909b-7792-4429-a8f4-0e8df975840d@group-0F6F1A17E8A2-LeaderElection28] INFO  impl.LeaderElection (LeaderElection.java:askForVotes(312)) - 1f55909b-7792-4429-a8f4-0e8df975840d@group-0F6F1A17E8A2-LeaderElection28 PRE_VOTE round 0: submit vote requests at term 0 for -1: peers:[1f55909b-7792-4429-a8f4-0e8df975840d|rpc:10.1.0.37:38651|dataStream:10.1.0.37:37663|priority:1|startupRole:FOLLOWER]|listeners:[], old=null
2023-04-11 11:25:30,309 [1f55909b-7792-4429-a8f4-0e8df975840d@group-0F6F1A17E8A2-LeaderElection28] INFO  impl.LeaderElection (LeaderElection.java:askForVotes(314)) - 1f55909b-7792-4429-a8f4-0e8df975840d@group-0F6F1A17E8A2-LeaderElection28 PRE_VOTE round 0: result PASSED (term=0)
2023-04-11 11:25:30,311 [1f55909b-7792-4429-a8f4-0e8df975840d@group-0F6F1A17E8A2-LeaderElection28] INFO  impl.LeaderElection (LeaderElection.java:askForVotes(312)) - 1f55909b-7792-4429-a8f4-0e8df975840d@group-0F6F1A17E8A2-LeaderElection28 ELECTION round 0: submit vote requests at term 1 for -1: peers:[1f55909b-7792-4429-a8f4-0e8df975840d|rpc:10.1.0.37:38651|dataStream:10.1.0.37:37663|priority:1|startupRole:FOLLOWER]|listeners:[], old=null
2023-04-11 11:25:30,311 [1f55909b-7792-4429-a8f4-0e8df975840d@group-0F6F1A17E8A2-LeaderElection28] INFO  impl.LeaderElection (LeaderElection.java:askForVotes(314)) - 1f55909b-7792-4429-a8f4-0e8df975840d@group-0F6F1A17E8A2-LeaderElection28 ELECTION round 0: result PASSED (term=1)
2023-04-11 11:25:30,311 [1f55909b-7792-4429-a8f4-0e8df975840d@group-0F6F1A17E8A2-LeaderElection28] INFO  impl.RoleInfo (RoleInfo.java:shutdownLeaderElection(130)) - 1f55909b-7792-4429-a8f4-0e8df975840d: shutdown 1f55909b-7792-4429-a8f4-0e8df975840d@group-0F6F1A17E8A2-LeaderElection28
2023-04-11 11:25:30,311 [1f55909b-7792-4429-a8f4-0e8df975840d@group-0F6F1A17E8A2-LeaderElection28] INFO  server.RaftServer$Division (RaftServerImpl.java:setRole(321)) - 1f55909b-7792-4429-a8f4-0e8df975840d@group-0F6F1A17E8A2: changes role from CANDIDATE to LEADER at term 1 for changeToLeader
2023-04-11 11:25:30,311 [1f55909b-7792-4429-a8f4-0e8df975840d@group-0F6F1A17E8A2-LeaderElection28] INFO  ratis.XceiverServerRatis (XceiverServerRatis.java:handleLeaderChangedNotification(904)) - Leader change notification received for group: group-0F6F1A17E8A2 with new leaderId: 1f55909b-7792-4429-a8f4-0e8df975840d
2023-04-11 11:25:30,311 [1f55909b-7792-4429-a8f4-0e8df975840d@group-0F6F1A17E8A2-LeaderElection28] INFO  server.RaftServer$Division (ServerState.java:setLeader(313)) - 1f55909b-7792-4429-a8f4-0e8df975840d@group-0F6F1A17E8A2: change Leader from null to 1f55909b-7792-4429-a8f4-0e8df975840d at term 1 for becomeLeader, leader elected after 5115ms
2023-04-11 11:25:30,311 [1f55909b-7792-4429-a8f4-0e8df975840d@group-0F6F1A17E8A2-LeaderElection28] INFO  server.RaftServerConfigKeys (ConfUtils.java:logGet(46)) - raft.server.staging.catchup.gap = 1000 (default)
2023-04-11 11:25:30,311 [1f55909b-7792-4429-a8f4-0e8df975840d@group-0F6F1A17E8A2-LeaderElection28] INFO  server.RaftServerConfigKeys (ConfUtils.java:logGet(46)) - raft.server.write.element-limit = 1024 (custom)
2023-04-11 11:25:30,312 [1f55909b-7792-4429-a8f4-0e8df975840d@group-0F6F1A17E8A2-LeaderElection28] INFO  server.RaftServerConfigKeys (ConfUtils.java:logGet(46)) - raft.server.write.byte-limit = 1024 M (=1073741824) (custom)
2023-04-11 11:25:30,312 [1f55909b-7792-4429-a8f4-0e8df975840d@group-0F6F1A17E8A2-LeaderElection28] INFO  server.RaftServerConfigKeys (ConfUtils.java:logGet(46)) - raft.server.watch.timeout = 180s (custom)
2023-04-11 11:25:30,312 [1f55909b-7792-4429-a8f4-0e8df975840d@group-0F6F1A17E8A2-LeaderElection28] INFO  server.RaftServerConfigKeys (ConfUtils.java:logGet(46)) - raft.server.watch.timeout.denomination = 1s (default)
2023-04-11 11:25:30,312 [1f55909b-7792-4429-a8f4-0e8df975840d@group-0F6F1A17E8A2-LeaderElection28] INFO  server.RaftServerConfigKeys (ConfUtils.java:logGet(46)) - raft.server.watch.element-limit = 65536 (default)
2023-04-11 11:25:30,312 [1f55909b-7792-4429-a8f4-0e8df975840d@group-0F6F1A17E8A2-LeaderElection28] INFO  server.RaftServerConfigKeys (ConfUtils.java:logGet(46)) - raft.server.write.element-limit = 1024 (custom)
2023-04-11 11:25:30,312 [1f55909b-7792-4429-a8f4-0e8df975840d@group-0F6F1A17E8A2-LeaderElection28] INFO  server.RaftServerConfigKeys (ConfUtils.java:logGet(46)) - raft.server.write.follower.gap.ratio.max = -1.0 (default)
2023-04-11 11:25:30,312 [1f55909b-7792-4429-a8f4-0e8df975840d@group-0F6F1A17E8A2-LeaderElection28] INFO  impl.RoleInfo (RoleInfo.java:updateAndGet(139)) - 1f55909b-7792-4429-a8f4-0e8df975840d: start 1f55909b-7792-4429-a8f4-0e8df975840d@group-0F6F1A17E8A2-LeaderStateImpl
2023-04-11 11:25:30,312 [1f55909b-7792-4429-a8f4-0e8df975840d@group-0F6F1A17E8A2-LeaderElection28] INFO  segmented.SegmentedRaftLogWorker (SegmentedRaftLogWorker.java:startLogSegment(452)) - 1f55909b-7792-4429-a8f4-0e8df975840d@group-0F6F1A17E8A2-SegmentedRaftLogWorker: Starting segment from index:0
2023-04-11 11:25:30,315 [1f55909b-7792-4429-a8f4-0e8df975840d@group-0F6F1A17E8A2-LeaderElection28] INFO  server.RaftServer$Division (ServerState.java:setRaftConf(430)) - 1f55909b-7792-4429-a8f4-0e8df975840d@group-0F6F1A17E8A2: set configuration 0: peers:[1f55909b-7792-4429-a8f4-0e8df975840d|rpc:10.1.0.37:38651|dataStream:10.1.0.37:37663|priority:1|startupRole:FOLLOWER]|listeners:[], old=null
2023-04-11 11:25:30,317 [1f55909b-7792-4429-a8f4-0e8df975840d@group-0F6F1A17E8A2-SegmentedRaftLogWorker] INFO  segmented.SegmentedRaftLogWorker (SegmentedRaftLogWorker.java:execute(656)) - 1f55909b-7792-4429-a8f4-0e8df975840d@group-0F6F1A17E8A2-SegmentedRaftLogWorker: created new log segment /home/runner/work/ozone/ozone/hadoop-ozone/integration-test/target/test-dir/MiniOzoneClusterImpl-1c4368e0-208c-48c5-9b0c-56c20ccf1352/datanode-3/data/ratis/412bafeb-cf3e-4a64-9bfa-0f6f1a17e8a2/current/log_inprogress_0
]]></system-out>
  </testcase>
  <testcase name="testGetDirectoryModificationTime" classname="TestOzoneFileSystem" time="0.112"/>
  <testcase name="testOzoneFsServiceLoader" classname="TestOzoneFileSystem" time="0.002"/>
  <testcase name="testOzoneFsServiceLoader" classname="TestOzoneFileSystem" time="0.003"/>
  <testcase name="testOzoneFsServiceLoader" classname="TestOzoneFileSystem" time="0.001"/>
  <testcase name="testOzoneFsServiceLoader" classname="TestOzoneFileSystem" time="0.001"/>
  <testcase name="testTrash" classname="TestOzoneFileSystem" time="4.078">
    <system-out><![CDATA[2023-04-11 11:23:30,482 [OM StateMachine ApplyTransaction Thread - 0] INFO  key.OMKeyRequest (OMKeyRequest.java:wrapUncommittedBlocksAsPseudoKey(838)) - Detect allocated but uncommitted blocks [{blockID={containerID=1, localID=111677748019200006}, length=4194304, offset=0, token=null, pipeline=null, createVersion=0, partNumber=0}] in key testKey2.
11:23:30.492 [IPC Server handler 6 on default port 36763] ERROR OMAudit - user=runner | ip=127.0.0.1 | op=GET_FILE_STATUS {volume=volume14578, bucket=bucket96393, key=.Trash/runner/Current/testKey2, dataSize=0, replicationConfig=null} | ret=FAILURE
org.apache.hadoop.ozone.om.exceptions.OMException: Unable to get file status: volume: volume14578 bucket: bucket96393 key: .Trash/runner/Current/testKey2
	at org.apache.hadoop.ozone.om.KeyManagerImpl.getOzoneFileStatus(KeyManagerImpl.java:1200) ~[ozone-manager-1.4.0-SNAPSHOT.jar:?]
	at org.apache.hadoop.ozone.om.KeyManagerImpl.getFileStatus(KeyManagerImpl.java:1118) ~[ozone-manager-1.4.0-SNAPSHOT.jar:?]
	at org.apache.hadoop.ozone.om.OmMetadataReader.getFileStatus(OmMetadataReader.java:288) ~[ozone-manager-1.4.0-SNAPSHOT.jar:?]
	at org.apache.hadoop.ozone.om.OzoneManager.getFileStatus(OzoneManager.java:3491) ~[ozone-manager-1.4.0-SNAPSHOT.jar:?]
	at org.apache.hadoop.ozone.protocolPB.OzoneManagerRequestHandler.getOzoneFileStatus(OzoneManagerRequestHandler.java:934) ~[ozone-manager-1.4.0-SNAPSHOT.jar:?]
	at org.apache.hadoop.ozone.protocolPB.OzoneManagerRequestHandler.handleReadRequest(OzoneManagerRequestHandler.java:238) ~[ozone-manager-1.4.0-SNAPSHOT.jar:?]
	at org.apache.hadoop.ozone.protocolPB.OzoneManagerProtocolServerSideTranslatorPB.submitReadRequestToOM(OzoneManagerProtocolServerSideTranslatorPB.java:223) ~[ozone-manager-1.4.0-SNAPSHOT.jar:?]
	at org.apache.hadoop.ozone.protocolPB.OzoneManagerProtocolServerSideTranslatorPB.processRequest(OzoneManagerProtocolServerSideTranslatorPB.java:177) ~[ozone-manager-1.4.0-SNAPSHOT.jar:?]
	at org.apache.hadoop.hdds.server.OzoneProtocolMessageDispatcher.processRequest(OzoneProtocolMessageDispatcher.java:87) [hdds-server-framework-1.4.0-SNAPSHOT.jar:?]
	at org.apache.hadoop.ozone.protocolPB.OzoneManagerProtocolServerSideTranslatorPB.submitRequest(OzoneManagerProtocolServerSideTranslatorPB.java:147) [ozone-manager-1.4.0-SNAPSHOT.jar:?]
	at org.apache.hadoop.ozone.protocol.proto.OzoneManagerProtocolProtos$OzoneManagerService$2.callBlockingMethod(OzoneManagerProtocolProtos.java) [ozone-interface-client-1.4.0-SNAPSHOT.jar:?]
	at org.apache.hadoop.ipc.ProtobufRpcEngine$Server.processCall(ProtobufRpcEngine.java:484) [hadoop-common-3.3.5.jar:?]
	at org.apache.hadoop.ipc.ProtobufRpcEngine2$Server$ProtoBufRpcInvoker.call(ProtobufRpcEngine2.java:595) [hadoop-common-3.3.5.jar:?]
	at org.apache.hadoop.ipc.ProtobufRpcEngine2$Server$ProtoBufRpcInvoker.call(ProtobufRpcEngine2.java:573) [hadoop-common-3.3.5.jar:?]
	at org.apache.hadoop.ipc.RPC$Server.call(RPC.java:1213) [hadoop-common-3.3.5.jar:?]
	at org.apache.hadoop.ipc.Server$RpcCall.run(Server.java:1089) [hadoop-common-3.3.5.jar:?]
	at org.apache.hadoop.ipc.Server$RpcCall.run(Server.java:1012) [hadoop-common-3.3.5.jar:?]
	at java.security.AccessController.doPrivileged(Native Method) ~[?:1.8.0_362]
	at javax.security.auth.Subject.doAs(Subject.java:422) [?:1.8.0_362]
	at org.apache.hadoop.security.UserGroupInformation.doAs(UserGroupInformation.java:1899) [hadoop-common-3.3.5.jar:?]
	at org.apache.hadoop.ipc.Server$Handler.run(Server.java:3026) [hadoop-common-3.3.5.jar:?]
11:23:30.496 [IPC Server handler 2 on default port 36763] ERROR OMAudit - user=runner | ip=127.0.0.1 | op=GET_FILE_STATUS {volume=volume14578, bucket=bucket96393, key=.Trash/runner/Current/testKey2, dataSize=0, replicationConfig=null} | ret=FAILURE
org.apache.hadoop.ozone.om.exceptions.OMException: Unable to get file status: volume: volume14578 bucket: bucket96393 key: .Trash/runner/Current/testKey2
	at org.apache.hadoop.ozone.om.KeyManagerImpl.getOzoneFileStatus(KeyManagerImpl.java:1200) ~[ozone-manager-1.4.0-SNAPSHOT.jar:?]
	at org.apache.hadoop.ozone.om.KeyManagerImpl.getFileStatus(KeyManagerImpl.java:1118) ~[ozone-manager-1.4.0-SNAPSHOT.jar:?]
	at org.apache.hadoop.ozone.om.OmMetadataReader.getFileStatus(OmMetadataReader.java:288) ~[ozone-manager-1.4.0-SNAPSHOT.jar:?]
	at org.apache.hadoop.ozone.om.OzoneManager.getFileStatus(OzoneManager.java:3491) ~[ozone-manager-1.4.0-SNAPSHOT.jar:?]
	at org.apache.hadoop.ozone.protocolPB.OzoneManagerRequestHandler.getOzoneFileStatus(OzoneManagerRequestHandler.java:934) ~[ozone-manager-1.4.0-SNAPSHOT.jar:?]
	at org.apache.hadoop.ozone.protocolPB.OzoneManagerRequestHandler.handleReadRequest(OzoneManagerRequestHandler.java:238) ~[ozone-manager-1.4.0-SNAPSHOT.jar:?]
	at org.apache.hadoop.ozone.protocolPB.OzoneManagerProtocolServerSideTranslatorPB.submitReadRequestToOM(OzoneManagerProtocolServerSideTranslatorPB.java:223) ~[ozone-manager-1.4.0-SNAPSHOT.jar:?]
	at org.apache.hadoop.ozone.protocolPB.OzoneManagerProtocolServerSideTranslatorPB.processRequest(OzoneManagerProtocolServerSideTranslatorPB.java:177) ~[ozone-manager-1.4.0-SNAPSHOT.jar:?]
	at org.apache.hadoop.hdds.server.OzoneProtocolMessageDispatcher.processRequest(OzoneProtocolMessageDispatcher.java:87) [hdds-server-framework-1.4.0-SNAPSHOT.jar:?]
	at org.apache.hadoop.ozone.protocolPB.OzoneManagerProtocolServerSideTranslatorPB.submitRequest(OzoneManagerProtocolServerSideTranslatorPB.java:147) [ozone-manager-1.4.0-SNAPSHOT.jar:?]
	at org.apache.hadoop.ozone.protocol.proto.OzoneManagerProtocolProtos$OzoneManagerService$2.callBlockingMethod(OzoneManagerProtocolProtos.java) [ozone-interface-client-1.4.0-SNAPSHOT.jar:?]
	at org.apache.hadoop.ipc.ProtobufRpcEngine$Server.processCall(ProtobufRpcEngine.java:484) [hadoop-common-3.3.5.jar:?]
	at org.apache.hadoop.ipc.ProtobufRpcEngine2$Server$ProtoBufRpcInvoker.call(ProtobufRpcEngine2.java:595) [hadoop-common-3.3.5.jar:?]
	at org.apache.hadoop.ipc.ProtobufRpcEngine2$Server$ProtoBufRpcInvoker.call(ProtobufRpcEngine2.java:573) [hadoop-common-3.3.5.jar:?]
	at org.apache.hadoop.ipc.RPC$Server.call(RPC.java:1213) [hadoop-common-3.3.5.jar:?]
	at org.apache.hadoop.ipc.Server$RpcCall.run(Server.java:1089) [hadoop-common-3.3.5.jar:?]
	at org.apache.hadoop.ipc.Server$RpcCall.run(Server.java:1012) [hadoop-common-3.3.5.jar:?]
	at java.security.AccessController.doPrivileged(Native Method) ~[?:1.8.0_362]
	at javax.security.auth.Subject.doAs(Subject.java:422) [?:1.8.0_362]
	at org.apache.hadoop.security.UserGroupInformation.doAs(UserGroupInformation.java:1899) [hadoop-common-3.3.5.jar:?]
	at org.apache.hadoop.ipc.Server$Handler.run(Server.java:3026) [hadoop-common-3.3.5.jar:?]
2023-04-11 11:23:30,505 [Time-limited test] INFO  om.TrashPolicyOzone (TrashPolicyOzone.java:moveToTrash(209)) - Moved: '/testKey2' to trash at: /.Trash/runner/Current/testKey2
11:23:32.513 [IPC Server handler 8 on default port 36763] ERROR OMAudit - user=runner | ip=127.0.0.1 | op=GET_FILE_STATUS {volume=volume14578, bucket=bucket96393, key=.Trash/runner/Current/testKey2, dataSize=0, replicationConfig=null} | ret=FAILURE
org.apache.hadoop.ozone.om.exceptions.OMException: Unable to get file status: volume: volume14578 bucket: bucket96393 key: .Trash/runner/Current/testKey2
	at org.apache.hadoop.ozone.om.KeyManagerImpl.getOzoneFileStatus(KeyManagerImpl.java:1200) ~[ozone-manager-1.4.0-SNAPSHOT.jar:?]
	at org.apache.hadoop.ozone.om.KeyManagerImpl.getFileStatus(KeyManagerImpl.java:1118) ~[ozone-manager-1.4.0-SNAPSHOT.jar:?]
	at org.apache.hadoop.ozone.om.OmMetadataReader.getFileStatus(OmMetadataReader.java:288) ~[ozone-manager-1.4.0-SNAPSHOT.jar:?]
	at org.apache.hadoop.ozone.om.OzoneManager.getFileStatus(OzoneManager.java:3491) ~[ozone-manager-1.4.0-SNAPSHOT.jar:?]
	at org.apache.hadoop.ozone.protocolPB.OzoneManagerRequestHandler.getOzoneFileStatus(OzoneManagerRequestHandler.java:934) ~[ozone-manager-1.4.0-SNAPSHOT.jar:?]
	at org.apache.hadoop.ozone.protocolPB.OzoneManagerRequestHandler.handleReadRequest(OzoneManagerRequestHandler.java:238) ~[ozone-manager-1.4.0-SNAPSHOT.jar:?]
	at org.apache.hadoop.ozone.protocolPB.OzoneManagerProtocolServerSideTranslatorPB.submitReadRequestToOM(OzoneManagerProtocolServerSideTranslatorPB.java:223) ~[ozone-manager-1.4.0-SNAPSHOT.jar:?]
	at org.apache.hadoop.ozone.protocolPB.OzoneManagerProtocolServerSideTranslatorPB.processRequest(OzoneManagerProtocolServerSideTranslatorPB.java:177) ~[ozone-manager-1.4.0-SNAPSHOT.jar:?]
	at org.apache.hadoop.hdds.server.OzoneProtocolMessageDispatcher.processRequest(OzoneProtocolMessageDispatcher.java:87) [hdds-server-framework-1.4.0-SNAPSHOT.jar:?]
	at org.apache.hadoop.ozone.protocolPB.OzoneManagerProtocolServerSideTranslatorPB.submitRequest(OzoneManagerProtocolServerSideTranslatorPB.java:147) [ozone-manager-1.4.0-SNAPSHOT.jar:?]
	at org.apache.hadoop.ozone.protocol.proto.OzoneManagerProtocolProtos$OzoneManagerService$2.callBlockingMethod(OzoneManagerProtocolProtos.java) [ozone-interface-client-1.4.0-SNAPSHOT.jar:?]
	at org.apache.hadoop.ipc.ProtobufRpcEngine$Server.processCall(ProtobufRpcEngine.java:484) [hadoop-common-3.3.5.jar:?]
	at org.apache.hadoop.ipc.ProtobufRpcEngine2$Server$ProtoBufRpcInvoker.call(ProtobufRpcEngine2.java:595) [hadoop-common-3.3.5.jar:?]
	at org.apache.hadoop.ipc.ProtobufRpcEngine2$Server$ProtoBufRpcInvoker.call(ProtobufRpcEngine2.java:573) [hadoop-common-3.3.5.jar:?]
	at org.apache.hadoop.ipc.RPC$Server.call(RPC.java:1213) [hadoop-common-3.3.5.jar:?]
	at org.apache.hadoop.ipc.Server$RpcCall.run(Server.java:1089) [hadoop-common-3.3.5.jar:?]
	at org.apache.hadoop.ipc.Server$RpcCall.run(Server.java:1012) [hadoop-common-3.3.5.jar:?]
	at java.security.AccessController.doPrivileged(Native Method) ~[?:1.8.0_362]
	at javax.security.auth.Subject.doAs(Subject.java:422) [?:1.8.0_362]
	at org.apache.hadoop.security.UserGroupInformation.doAs(UserGroupInformation.java:1899) [hadoop-common-3.3.5.jar:?]
	at org.apache.hadoop.ipc.Server$Handler.run(Server.java:3026) [hadoop-common-3.3.5.jar:?]
]]></system-out>
  </testcase>
  <testcase name="testTrash" classname="TestOzoneFileSystem" time="2.029">
    <failure type="java.lang.AssertionError"><![CDATA[java.lang.AssertionError: expected:<1> but was:<2>
	at org.junit.Assert.fail(Assert.java:89)
	at org.junit.Assert.failNotEquals(Assert.java:835)
	at org.junit.Assert.assertEquals(Assert.java:647)
	at org.junit.Assert.assertEquals(Assert.java:633)
	at org.apache.hadoop.fs.ozone.TestOzoneFileSystem.testTrash(TestOzoneFileSystem.java:1681)
	at sun.reflect.NativeMethodAccessorImpl.invoke0(Native Method)
	at sun.reflect.NativeMethodAccessorImpl.invoke(NativeMethodAccessorImpl.java:62)
	at sun.reflect.DelegatingMethodAccessorImpl.invoke(DelegatingMethodAccessorImpl.java:43)
	at java.lang.reflect.Method.invoke(Method.java:498)
	at org.junit.runners.model.FrameworkMethod$1.runReflectiveCall(FrameworkMethod.java:59)
	at org.junit.internal.runners.model.ReflectiveCallable.run(ReflectiveCallable.java:12)
	at org.junit.runners.model.FrameworkMethod.invokeExplosively(FrameworkMethod.java:56)
	at org.junit.internal.runners.statements.InvokeMethod.evaluate(InvokeMethod.java:17)
	at org.junit.internal.runners.statements.RunAfters.evaluate(RunAfters.java:27)
	at org.junit.internal.runners.statements.FailOnTimeout$CallableStatement.call(FailOnTimeout.java:288)
	at org.junit.internal.runners.statements.FailOnTimeout$CallableStatement.call(FailOnTimeout.java:282)
	at java.util.concurrent.FutureTask.run(FutureTask.java:266)
	at java.lang.Thread.run(Thread.java:750)
]]></failure>
    <system-out><![CDATA[2023-04-11 11:24:41,997 [IPC Server handler 7 on default port 36969] INFO  key.OMKeyRequest (OMKeyRequest.java:wrapUncommittedBlocksAsPseudoKey(838)) - Detect allocated but uncommitted blocks [{blockID={containerID=3, localID=111677748019200006}, length=4194304, offset=0, token=null, pipeline=null, createVersion=0, partNumber=0}] in key testKey2.
11:24:42.001 [IPC Server handler 15 on default port 36969] ERROR OMAudit - user=runner | ip=127.0.0.1 | op=GET_FILE_STATUS {volume=volume23474, bucket=bucket17726, key=.Trash/runner/Current/testKey2, dataSize=0, replicationConfig=null} | ret=FAILURE
org.apache.hadoop.ozone.om.exceptions.OMException: Unable to get file status: volume: volume23474 bucket: bucket17726 key: .Trash/runner/Current/testKey2
	at org.apache.hadoop.ozone.om.KeyManagerImpl.getOzoneFileStatus(KeyManagerImpl.java:1200) ~[ozone-manager-1.4.0-SNAPSHOT.jar:?]
	at org.apache.hadoop.ozone.om.KeyManagerImpl.getFileStatus(KeyManagerImpl.java:1118) ~[ozone-manager-1.4.0-SNAPSHOT.jar:?]
	at org.apache.hadoop.ozone.om.OmMetadataReader.getFileStatus(OmMetadataReader.java:288) ~[ozone-manager-1.4.0-SNAPSHOT.jar:?]
	at org.apache.hadoop.ozone.om.OzoneManager.getFileStatus(OzoneManager.java:3491) ~[ozone-manager-1.4.0-SNAPSHOT.jar:?]
	at org.apache.hadoop.ozone.protocolPB.OzoneManagerRequestHandler.getOzoneFileStatus(OzoneManagerRequestHandler.java:934) ~[ozone-manager-1.4.0-SNAPSHOT.jar:?]
	at org.apache.hadoop.ozone.protocolPB.OzoneManagerRequestHandler.handleReadRequest(OzoneManagerRequestHandler.java:238) ~[ozone-manager-1.4.0-SNAPSHOT.jar:?]
	at org.apache.hadoop.ozone.protocolPB.OzoneManagerProtocolServerSideTranslatorPB.submitRequestDirectlyToOM(OzoneManagerProtocolServerSideTranslatorPB.java:272) ~[ozone-manager-1.4.0-SNAPSHOT.jar:?]
	at org.apache.hadoop.ozone.protocolPB.OzoneManagerProtocolServerSideTranslatorPB.processRequest(OzoneManagerProtocolServerSideTranslatorPB.java:173) ~[ozone-manager-1.4.0-SNAPSHOT.jar:?]
	at org.apache.hadoop.hdds.server.OzoneProtocolMessageDispatcher.processRequest(OzoneProtocolMessageDispatcher.java:87) [hdds-server-framework-1.4.0-SNAPSHOT.jar:?]
	at org.apache.hadoop.ozone.protocolPB.OzoneManagerProtocolServerSideTranslatorPB.submitRequest(OzoneManagerProtocolServerSideTranslatorPB.java:147) [ozone-manager-1.4.0-SNAPSHOT.jar:?]
	at org.apache.hadoop.ozone.protocol.proto.OzoneManagerProtocolProtos$OzoneManagerService$2.callBlockingMethod(OzoneManagerProtocolProtos.java) [ozone-interface-client-1.4.0-SNAPSHOT.jar:?]
	at org.apache.hadoop.ipc.ProtobufRpcEngine$Server.processCall(ProtobufRpcEngine.java:484) [hadoop-common-3.3.5.jar:?]
	at org.apache.hadoop.ipc.ProtobufRpcEngine2$Server$ProtoBufRpcInvoker.call(ProtobufRpcEngine2.java:595) [hadoop-common-3.3.5.jar:?]
	at org.apache.hadoop.ipc.ProtobufRpcEngine2$Server$ProtoBufRpcInvoker.call(ProtobufRpcEngine2.java:573) [hadoop-common-3.3.5.jar:?]
	at org.apache.hadoop.ipc.RPC$Server.call(RPC.java:1213) [hadoop-common-3.3.5.jar:?]
	at org.apache.hadoop.ipc.Server$RpcCall.run(Server.java:1089) [hadoop-common-3.3.5.jar:?]
	at org.apache.hadoop.ipc.Server$RpcCall.run(Server.java:1012) [hadoop-common-3.3.5.jar:?]
	at java.security.AccessController.doPrivileged(Native Method) ~[?:1.8.0_362]
	at javax.security.auth.Subject.doAs(Subject.java:422) [?:1.8.0_362]
	at org.apache.hadoop.security.UserGroupInformation.doAs(UserGroupInformation.java:1899) [hadoop-common-3.3.5.jar:?]
	at org.apache.hadoop.ipc.Server$Handler.run(Server.java:3026) [hadoop-common-3.3.5.jar:?]
11:24:42.004 [IPC Server handler 16 on default port 36969] ERROR OMAudit - user=runner | ip=127.0.0.1 | op=GET_FILE_STATUS {volume=volume23474, bucket=bucket17726, key=.Trash/runner/Current/testKey2, dataSize=0, replicationConfig=null} | ret=FAILURE
org.apache.hadoop.ozone.om.exceptions.OMException: Unable to get file status: volume: volume23474 bucket: bucket17726 key: .Trash/runner/Current/testKey2
	at org.apache.hadoop.ozone.om.KeyManagerImpl.getOzoneFileStatus(KeyManagerImpl.java:1200) ~[ozone-manager-1.4.0-SNAPSHOT.jar:?]
	at org.apache.hadoop.ozone.om.KeyManagerImpl.getFileStatus(KeyManagerImpl.java:1118) ~[ozone-manager-1.4.0-SNAPSHOT.jar:?]
	at org.apache.hadoop.ozone.om.OmMetadataReader.getFileStatus(OmMetadataReader.java:288) ~[ozone-manager-1.4.0-SNAPSHOT.jar:?]
	at org.apache.hadoop.ozone.om.OzoneManager.getFileStatus(OzoneManager.java:3491) ~[ozone-manager-1.4.0-SNAPSHOT.jar:?]
	at org.apache.hadoop.ozone.protocolPB.OzoneManagerRequestHandler.getOzoneFileStatus(OzoneManagerRequestHandler.java:934) ~[ozone-manager-1.4.0-SNAPSHOT.jar:?]
	at org.apache.hadoop.ozone.protocolPB.OzoneManagerRequestHandler.handleReadRequest(OzoneManagerRequestHandler.java:238) ~[ozone-manager-1.4.0-SNAPSHOT.jar:?]
	at org.apache.hadoop.ozone.protocolPB.OzoneManagerProtocolServerSideTranslatorPB.submitRequestDirectlyToOM(OzoneManagerProtocolServerSideTranslatorPB.java:272) ~[ozone-manager-1.4.0-SNAPSHOT.jar:?]
	at org.apache.hadoop.ozone.protocolPB.OzoneManagerProtocolServerSideTranslatorPB.processRequest(OzoneManagerProtocolServerSideTranslatorPB.java:173) ~[ozone-manager-1.4.0-SNAPSHOT.jar:?]
	at org.apache.hadoop.hdds.server.OzoneProtocolMessageDispatcher.processRequest(OzoneProtocolMessageDispatcher.java:87) [hdds-server-framework-1.4.0-SNAPSHOT.jar:?]
	at org.apache.hadoop.ozone.protocolPB.OzoneManagerProtocolServerSideTranslatorPB.submitRequest(OzoneManagerProtocolServerSideTranslatorPB.java:147) [ozone-manager-1.4.0-SNAPSHOT.jar:?]
	at org.apache.hadoop.ozone.protocol.proto.OzoneManagerProtocolProtos$OzoneManagerService$2.callBlockingMethod(OzoneManagerProtocolProtos.java) [ozone-interface-client-1.4.0-SNAPSHOT.jar:?]
	at org.apache.hadoop.ipc.ProtobufRpcEngine$Server.processCall(ProtobufRpcEngine.java:484) [hadoop-common-3.3.5.jar:?]
	at org.apache.hadoop.ipc.ProtobufRpcEngine2$Server$ProtoBufRpcInvoker.call(ProtobufRpcEngine2.java:595) [hadoop-common-3.3.5.jar:?]
	at org.apache.hadoop.ipc.ProtobufRpcEngine2$Server$ProtoBufRpcInvoker.call(ProtobufRpcEngine2.java:573) [hadoop-common-3.3.5.jar:?]
	at org.apache.hadoop.ipc.RPC$Server.call(RPC.java:1213) [hadoop-common-3.3.5.jar:?]
	at org.apache.hadoop.ipc.Server$RpcCall.run(Server.java:1089) [hadoop-common-3.3.5.jar:?]
	at org.apache.hadoop.ipc.Server$RpcCall.run(Server.java:1012) [hadoop-common-3.3.5.jar:?]
	at java.security.AccessController.doPrivileged(Native Method) ~[?:1.8.0_362]
	at javax.security.auth.Subject.doAs(Subject.java:422) [?:1.8.0_362]
	at org.apache.hadoop.security.UserGroupInformation.doAs(UserGroupInformation.java:1899) [hadoop-common-3.3.5.jar:?]
	at org.apache.hadoop.ipc.Server$Handler.run(Server.java:3026) [hadoop-common-3.3.5.jar:?]
2023-04-11 11:24:42,009 [Time-limited test] INFO  om.TrashPolicyOzone (TrashPolicyOzone.java:moveToTrash(209)) - Moved: '/testKey2' to trash at: /.Trash/runner/Current/testKey2
11:24:44.012 [IPC Server handler 1 on default port 36969] ERROR OMAudit - user=runner | ip=127.0.0.1 | op=GET_FILE_STATUS {volume=volume23474, bucket=bucket17726, key=.Trash/runner/Current/testKey2, dataSize=0, replicationConfig=null} | ret=FAILURE
org.apache.hadoop.ozone.om.exceptions.OMException: Unable to get file status: volume: volume23474 bucket: bucket17726 key: .Trash/runner/Current/testKey2
	at org.apache.hadoop.ozone.om.KeyManagerImpl.getOzoneFileStatus(KeyManagerImpl.java:1200) ~[ozone-manager-1.4.0-SNAPSHOT.jar:?]
	at org.apache.hadoop.ozone.om.KeyManagerImpl.getFileStatus(KeyManagerImpl.java:1118) ~[ozone-manager-1.4.0-SNAPSHOT.jar:?]
	at org.apache.hadoop.ozone.om.OmMetadataReader.getFileStatus(OmMetadataReader.java:288) ~[ozone-manager-1.4.0-SNAPSHOT.jar:?]
	at org.apache.hadoop.ozone.om.OzoneManager.getFileStatus(OzoneManager.java:3491) ~[ozone-manager-1.4.0-SNAPSHOT.jar:?]
	at org.apache.hadoop.ozone.protocolPB.OzoneManagerRequestHandler.getOzoneFileStatus(OzoneManagerRequestHandler.java:934) ~[ozone-manager-1.4.0-SNAPSHOT.jar:?]
	at org.apache.hadoop.ozone.protocolPB.OzoneManagerRequestHandler.handleReadRequest(OzoneManagerRequestHandler.java:238) ~[ozone-manager-1.4.0-SNAPSHOT.jar:?]
	at org.apache.hadoop.ozone.protocolPB.OzoneManagerProtocolServerSideTranslatorPB.submitRequestDirectlyToOM(OzoneManagerProtocolServerSideTranslatorPB.java:272) ~[ozone-manager-1.4.0-SNAPSHOT.jar:?]
	at org.apache.hadoop.ozone.protocolPB.OzoneManagerProtocolServerSideTranslatorPB.processRequest(OzoneManagerProtocolServerSideTranslatorPB.java:173) ~[ozone-manager-1.4.0-SNAPSHOT.jar:?]
	at org.apache.hadoop.hdds.server.OzoneProtocolMessageDispatcher.processRequest(OzoneProtocolMessageDispatcher.java:87) [hdds-server-framework-1.4.0-SNAPSHOT.jar:?]
	at org.apache.hadoop.ozone.protocolPB.OzoneManagerProtocolServerSideTranslatorPB.submitRequest(OzoneManagerProtocolServerSideTranslatorPB.java:147) [ozone-manager-1.4.0-SNAPSHOT.jar:?]
	at org.apache.hadoop.ozone.protocol.proto.OzoneManagerProtocolProtos$OzoneManagerService$2.callBlockingMethod(OzoneManagerProtocolProtos.java) [ozone-interface-client-1.4.0-SNAPSHOT.jar:?]
	at org.apache.hadoop.ipc.ProtobufRpcEngine$Server.processCall(ProtobufRpcEngine.java:484) [hadoop-common-3.3.5.jar:?]
	at org.apache.hadoop.ipc.ProtobufRpcEngine2$Server$ProtoBufRpcInvoker.call(ProtobufRpcEngine2.java:595) [hadoop-common-3.3.5.jar:?]
	at org.apache.hadoop.ipc.ProtobufRpcEngine2$Server$ProtoBufRpcInvoker.call(ProtobufRpcEngine2.java:573) [hadoop-common-3.3.5.jar:?]
	at org.apache.hadoop.ipc.RPC$Server.call(RPC.java:1213) [hadoop-common-3.3.5.jar:?]
	at org.apache.hadoop.ipc.Server$RpcCall.run(Server.java:1089) [hadoop-common-3.3.5.jar:?]
	at org.apache.hadoop.ipc.Server$RpcCall.run(Server.java:1012) [hadoop-common-3.3.5.jar:?]
	at java.security.AccessController.doPrivileged(Native Method) ~[?:1.8.0_362]
	at javax.security.auth.Subject.doAs(Subject.java:422) [?:1.8.0_362]
	at org.apache.hadoop.security.UserGroupInformation.doAs(UserGroupInformation.java:1899) [hadoop-common-3.3.5.jar:?]
	at org.apache.hadoop.ipc.Server$Handler.run(Server.java:3026) [hadoop-common-3.3.5.jar:?]
]]></system-out>
  </testcase>
  <testcase name="testTrash" classname="TestOzoneFileSystem" time="5.029">
    <system-out><![CDATA[2023-04-11 11:25:30,365 [OM StateMachine ApplyTransaction Thread - 0] INFO  key.OMKeyRequest (OMKeyRequest.java:wrapUncommittedBlocksAsPseudoKey(838)) - Detect allocated but uncommitted blocks [{blockID={containerID=4, localID=111677748019200006}, length=4194304, offset=0, token=null, pipeline=null, createVersion=0, partNumber=0}] in key testKey2.
11:25:30.369 [IPC Server handler 8 on default port 39679] ERROR OMAudit - user=runner | ip=127.0.0.1 | op=GET_FILE_STATUS {volume=volume21709, bucket=bucket98076, key=.Trash/runner/Current/testKey2, dataSize=0, replicationConfig=null} | ret=FAILURE
org.apache.hadoop.ozone.om.exceptions.OMException: Unable to get file status: volume: volume21709 bucket: bucket98076 key: .Trash/runner/Current/testKey2
	at org.apache.hadoop.ozone.om.KeyManagerImpl.getOzoneFileStatus(KeyManagerImpl.java:1200) ~[ozone-manager-1.4.0-SNAPSHOT.jar:?]
	at org.apache.hadoop.ozone.om.KeyManagerImpl.getFileStatus(KeyManagerImpl.java:1118) ~[ozone-manager-1.4.0-SNAPSHOT.jar:?]
	at org.apache.hadoop.ozone.om.OmMetadataReader.getFileStatus(OmMetadataReader.java:288) ~[ozone-manager-1.4.0-SNAPSHOT.jar:?]
	at org.apache.hadoop.ozone.om.OzoneManager.getFileStatus(OzoneManager.java:3491) ~[ozone-manager-1.4.0-SNAPSHOT.jar:?]
	at org.apache.hadoop.ozone.protocolPB.OzoneManagerRequestHandler.getOzoneFileStatus(OzoneManagerRequestHandler.java:934) ~[ozone-manager-1.4.0-SNAPSHOT.jar:?]
	at org.apache.hadoop.ozone.protocolPB.OzoneManagerRequestHandler.handleReadRequest(OzoneManagerRequestHandler.java:238) ~[ozone-manager-1.4.0-SNAPSHOT.jar:?]
	at org.apache.hadoop.ozone.protocolPB.OzoneManagerProtocolServerSideTranslatorPB.submitReadRequestToOM(OzoneManagerProtocolServerSideTranslatorPB.java:223) ~[ozone-manager-1.4.0-SNAPSHOT.jar:?]
	at org.apache.hadoop.ozone.protocolPB.OzoneManagerProtocolServerSideTranslatorPB.processRequest(OzoneManagerProtocolServerSideTranslatorPB.java:177) ~[ozone-manager-1.4.0-SNAPSHOT.jar:?]
	at org.apache.hadoop.hdds.server.OzoneProtocolMessageDispatcher.processRequest(OzoneProtocolMessageDispatcher.java:87) [hdds-server-framework-1.4.0-SNAPSHOT.jar:?]
	at org.apache.hadoop.ozone.protocolPB.OzoneManagerProtocolServerSideTranslatorPB.submitRequest(OzoneManagerProtocolServerSideTranslatorPB.java:147) [ozone-manager-1.4.0-SNAPSHOT.jar:?]
	at org.apache.hadoop.ozone.protocol.proto.OzoneManagerProtocolProtos$OzoneManagerService$2.callBlockingMethod(OzoneManagerProtocolProtos.java) [ozone-interface-client-1.4.0-SNAPSHOT.jar:?]
	at org.apache.hadoop.ipc.ProtobufRpcEngine$Server.processCall(ProtobufRpcEngine.java:484) [hadoop-common-3.3.5.jar:?]
	at org.apache.hadoop.ipc.ProtobufRpcEngine2$Server$ProtoBufRpcInvoker.call(ProtobufRpcEngine2.java:595) [hadoop-common-3.3.5.jar:?]
	at org.apache.hadoop.ipc.ProtobufRpcEngine2$Server$ProtoBufRpcInvoker.call(ProtobufRpcEngine2.java:573) [hadoop-common-3.3.5.jar:?]
	at org.apache.hadoop.ipc.RPC$Server.call(RPC.java:1213) [hadoop-common-3.3.5.jar:?]
	at org.apache.hadoop.ipc.Server$RpcCall.run(Server.java:1089) [hadoop-common-3.3.5.jar:?]
	at org.apache.hadoop.ipc.Server$RpcCall.run(Server.java:1012) [hadoop-common-3.3.5.jar:?]
	at java.security.AccessController.doPrivileged(Native Method) ~[?:1.8.0_362]
	at javax.security.auth.Subject.doAs(Subject.java:422) [?:1.8.0_362]
	at org.apache.hadoop.security.UserGroupInformation.doAs(UserGroupInformation.java:1899) [hadoop-common-3.3.5.jar:?]
	at org.apache.hadoop.ipc.Server$Handler.run(Server.java:3026) [hadoop-common-3.3.5.jar:?]
11:25:30.370 [IPC Server handler 11 on default port 39679] ERROR OMAudit - user=runner | ip=127.0.0.1 | op=GET_FILE_STATUS {volume=volume21709, bucket=bucket98076, key=.Trash/runner/Current/testKey2, dataSize=0, replicationConfig=null} | ret=FAILURE
org.apache.hadoop.ozone.om.exceptions.OMException: Unable to get file status: volume: volume21709 bucket: bucket98076 key: .Trash/runner/Current/testKey2
	at org.apache.hadoop.ozone.om.KeyManagerImpl.getOzoneFileStatus(KeyManagerImpl.java:1200) ~[ozone-manager-1.4.0-SNAPSHOT.jar:?]
	at org.apache.hadoop.ozone.om.KeyManagerImpl.getFileStatus(KeyManagerImpl.java:1118) ~[ozone-manager-1.4.0-SNAPSHOT.jar:?]
	at org.apache.hadoop.ozone.om.OmMetadataReader.getFileStatus(OmMetadataReader.java:288) ~[ozone-manager-1.4.0-SNAPSHOT.jar:?]
	at org.apache.hadoop.ozone.om.OzoneManager.getFileStatus(OzoneManager.java:3491) ~[ozone-manager-1.4.0-SNAPSHOT.jar:?]
	at org.apache.hadoop.ozone.protocolPB.OzoneManagerRequestHandler.getOzoneFileStatus(OzoneManagerRequestHandler.java:934) ~[ozone-manager-1.4.0-SNAPSHOT.jar:?]
	at org.apache.hadoop.ozone.protocolPB.OzoneManagerRequestHandler.handleReadRequest(OzoneManagerRequestHandler.java:238) ~[ozone-manager-1.4.0-SNAPSHOT.jar:?]
	at org.apache.hadoop.ozone.protocolPB.OzoneManagerProtocolServerSideTranslatorPB.submitReadRequestToOM(OzoneManagerProtocolServerSideTranslatorPB.java:223) ~[ozone-manager-1.4.0-SNAPSHOT.jar:?]
	at org.apache.hadoop.ozone.protocolPB.OzoneManagerProtocolServerSideTranslatorPB.processRequest(OzoneManagerProtocolServerSideTranslatorPB.java:177) ~[ozone-manager-1.4.0-SNAPSHOT.jar:?]
	at org.apache.hadoop.hdds.server.OzoneProtocolMessageDispatcher.processRequest(OzoneProtocolMessageDispatcher.java:87) [hdds-server-framework-1.4.0-SNAPSHOT.jar:?]
	at org.apache.hadoop.ozone.protocolPB.OzoneManagerProtocolServerSideTranslatorPB.submitRequest(OzoneManagerProtocolServerSideTranslatorPB.java:147) [ozone-manager-1.4.0-SNAPSHOT.jar:?]
	at org.apache.hadoop.ozone.protocol.proto.OzoneManagerProtocolProtos$OzoneManagerService$2.callBlockingMethod(OzoneManagerProtocolProtos.java) [ozone-interface-client-1.4.0-SNAPSHOT.jar:?]
	at org.apache.hadoop.ipc.ProtobufRpcEngine$Server.processCall(ProtobufRpcEngine.java:484) [hadoop-common-3.3.5.jar:?]
	at org.apache.hadoop.ipc.ProtobufRpcEngine2$Server$ProtoBufRpcInvoker.call(ProtobufRpcEngine2.java:595) [hadoop-common-3.3.5.jar:?]
	at org.apache.hadoop.ipc.ProtobufRpcEngine2$Server$ProtoBufRpcInvoker.call(ProtobufRpcEngine2.java:573) [hadoop-common-3.3.5.jar:?]
	at org.apache.hadoop.ipc.RPC$Server.call(RPC.java:1213) [hadoop-common-3.3.5.jar:?]
	at org.apache.hadoop.ipc.Server$RpcCall.run(Server.java:1089) [hadoop-common-3.3.5.jar:?]
	at org.apache.hadoop.ipc.Server$RpcCall.run(Server.java:1012) [hadoop-common-3.3.5.jar:?]
	at java.security.AccessController.doPrivileged(Native Method) ~[?:1.8.0_362]
	at javax.security.auth.Subject.doAs(Subject.java:422) [?:1.8.0_362]
	at org.apache.hadoop.security.UserGroupInformation.doAs(UserGroupInformation.java:1899) [hadoop-common-3.3.5.jar:?]
	at org.apache.hadoop.ipc.Server$Handler.run(Server.java:3026) [hadoop-common-3.3.5.jar:?]
2023-04-11 11:25:30,373 [Time-limited test] INFO  om.TrashPolicyOzone (TrashPolicyOzone.java:moveToTrash(209)) - Moved: '/testKey2' to trash at: /.Trash/runner/Current/testKey2
2023-04-11 11:25:30,764 [00d37185-0744-49d2-a2a1-ceac977c9e2d@group-1401EE39C5BC-FollowerState] INFO  impl.FollowerState (FollowerState.java:run(143)) - 00d37185-0744-49d2-a2a1-ceac977c9e2d@group-1401EE39C5BC-FollowerState: change to CANDIDATE, lastRpcElapsedTime:5196533853ns, electionTimeout:5196ms
2023-04-11 11:25:30,764 [00d37185-0744-49d2-a2a1-ceac977c9e2d@group-1401EE39C5BC-FollowerState] INFO  impl.RoleInfo (RoleInfo.java:shutdownFollowerState(110)) - 00d37185-0744-49d2-a2a1-ceac977c9e2d: shutdown 00d37185-0744-49d2-a2a1-ceac977c9e2d@group-1401EE39C5BC-FollowerState
2023-04-11 11:25:30,764 [00d37185-0744-49d2-a2a1-ceac977c9e2d@group-1401EE39C5BC-FollowerState] INFO  server.RaftServer$Division (RaftServerImpl.java:setRole(321)) - 00d37185-0744-49d2-a2a1-ceac977c9e2d@group-1401EE39C5BC: changes role from  FOLLOWER to CANDIDATE at term 0 for changeToCandidate
2023-04-11 11:25:30,765 [00d37185-0744-49d2-a2a1-ceac977c9e2d@group-1401EE39C5BC-FollowerState] INFO  server.RaftServerConfigKeys (ConfUtils.java:logGet(46)) - raft.server.leaderelection.pre-vote = true (default)
2023-04-11 11:25:30,765 [00d37185-0744-49d2-a2a1-ceac977c9e2d@group-1401EE39C5BC-FollowerState] INFO  impl.RoleInfo (RoleInfo.java:updateAndGet(139)) - 00d37185-0744-49d2-a2a1-ceac977c9e2d: start 00d37185-0744-49d2-a2a1-ceac977c9e2d@group-1401EE39C5BC-LeaderElection29
2023-04-11 11:25:30,768 [00d37185-0744-49d2-a2a1-ceac977c9e2d@group-1401EE39C5BC-LeaderElection29] INFO  impl.LeaderElection (LeaderElection.java:askForVotes(312)) - 00d37185-0744-49d2-a2a1-ceac977c9e2d@group-1401EE39C5BC-LeaderElection29 PRE_VOTE round 0: submit vote requests at term 0 for -1: peers:[00d37185-0744-49d2-a2a1-ceac977c9e2d|rpc:10.1.0.37:42969|dataStream:10.1.0.37:35105|priority:1|startupRole:FOLLOWER]|listeners:[], old=null
2023-04-11 11:25:30,768 [00d37185-0744-49d2-a2a1-ceac977c9e2d@group-1401EE39C5BC-LeaderElection29] INFO  impl.LeaderElection (LeaderElection.java:askForVotes(314)) - 00d37185-0744-49d2-a2a1-ceac977c9e2d@group-1401EE39C5BC-LeaderElection29 PRE_VOTE round 0: result PASSED (term=0)
2023-04-11 11:25:30,770 [00d37185-0744-49d2-a2a1-ceac977c9e2d@group-1401EE39C5BC-LeaderElection29] INFO  impl.LeaderElection (LeaderElection.java:askForVotes(312)) - 00d37185-0744-49d2-a2a1-ceac977c9e2d@group-1401EE39C5BC-LeaderElection29 ELECTION round 0: submit vote requests at term 1 for -1: peers:[00d37185-0744-49d2-a2a1-ceac977c9e2d|rpc:10.1.0.37:42969|dataStream:10.1.0.37:35105|priority:1|startupRole:FOLLOWER]|listeners:[], old=null
2023-04-11 11:25:30,770 [00d37185-0744-49d2-a2a1-ceac977c9e2d@group-1401EE39C5BC-LeaderElection29] INFO  impl.LeaderElection (LeaderElection.java:askForVotes(314)) - 00d37185-0744-49d2-a2a1-ceac977c9e2d@group-1401EE39C5BC-LeaderElection29 ELECTION round 0: result PASSED (term=1)
2023-04-11 11:25:30,770 [00d37185-0744-49d2-a2a1-ceac977c9e2d@group-1401EE39C5BC-LeaderElection29] INFO  impl.RoleInfo (RoleInfo.java:shutdownLeaderElection(130)) - 00d37185-0744-49d2-a2a1-ceac977c9e2d: shutdown 00d37185-0744-49d2-a2a1-ceac977c9e2d@group-1401EE39C5BC-LeaderElection29
2023-04-11 11:25:30,770 [00d37185-0744-49d2-a2a1-ceac977c9e2d@group-1401EE39C5BC-LeaderElection29] INFO  server.RaftServer$Division (RaftServerImpl.java:setRole(321)) - 00d37185-0744-49d2-a2a1-ceac977c9e2d@group-1401EE39C5BC: changes role from CANDIDATE to LEADER at term 1 for changeToLeader
2023-04-11 11:25:30,770 [00d37185-0744-49d2-a2a1-ceac977c9e2d@group-1401EE39C5BC-LeaderElection29] INFO  ratis.XceiverServerRatis (XceiverServerRatis.java:handleLeaderChangedNotification(904)) - Leader change notification received for group: group-1401EE39C5BC with new leaderId: 00d37185-0744-49d2-a2a1-ceac977c9e2d
2023-04-11 11:25:30,770 [00d37185-0744-49d2-a2a1-ceac977c9e2d@group-1401EE39C5BC-LeaderElection29] INFO  server.RaftServer$Division (ServerState.java:setLeader(313)) - 00d37185-0744-49d2-a2a1-ceac977c9e2d@group-1401EE39C5BC: change Leader from null to 00d37185-0744-49d2-a2a1-ceac977c9e2d at term 1 for becomeLeader, leader elected after 5216ms
2023-04-11 11:25:30,770 [00d37185-0744-49d2-a2a1-ceac977c9e2d@group-1401EE39C5BC-LeaderElection29] INFO  server.RaftServerConfigKeys (ConfUtils.java:logGet(46)) - raft.server.staging.catchup.gap = 1000 (default)
2023-04-11 11:25:30,770 [00d37185-0744-49d2-a2a1-ceac977c9e2d@group-1401EE39C5BC-LeaderElection29] INFO  server.RaftServerConfigKeys (ConfUtils.java:logGet(46)) - raft.server.write.element-limit = 1024 (custom)
2023-04-11 11:25:30,770 [00d37185-0744-49d2-a2a1-ceac977c9e2d@group-1401EE39C5BC-LeaderElection29] INFO  server.RaftServerConfigKeys (ConfUtils.java:logGet(46)) - raft.server.write.byte-limit = 1024 M (=1073741824) (custom)
2023-04-11 11:25:30,771 [00d37185-0744-49d2-a2a1-ceac977c9e2d@group-1401EE39C5BC-LeaderElection29] INFO  server.RaftServerConfigKeys (ConfUtils.java:logGet(46)) - raft.server.watch.timeout = 180s (custom)
2023-04-11 11:25:30,771 [00d37185-0744-49d2-a2a1-ceac977c9e2d@group-1401EE39C5BC-LeaderElection29] INFO  server.RaftServerConfigKeys (ConfUtils.java:logGet(46)) - raft.server.watch.timeout.denomination = 1s (default)
2023-04-11 11:25:30,771 [00d37185-0744-49d2-a2a1-ceac977c9e2d@group-1401EE39C5BC-LeaderElection29] INFO  server.RaftServerConfigKeys (ConfUtils.java:logGet(46)) - raft.server.watch.element-limit = 65536 (default)
2023-04-11 11:25:30,771 [00d37185-0744-49d2-a2a1-ceac977c9e2d@group-1401EE39C5BC-LeaderElection29] INFO  server.RaftServerConfigKeys (ConfUtils.java:logGet(46)) - raft.server.write.element-limit = 1024 (custom)
2023-04-11 11:25:30,771 [00d37185-0744-49d2-a2a1-ceac977c9e2d@group-1401EE39C5BC-LeaderElection29] INFO  server.RaftServerConfigKeys (ConfUtils.java:logGet(46)) - raft.server.write.follower.gap.ratio.max = -1.0 (default)
2023-04-11 11:25:30,771 [00d37185-0744-49d2-a2a1-ceac977c9e2d@group-1401EE39C5BC-LeaderElection29] INFO  impl.RoleInfo (RoleInfo.java:updateAndGet(139)) - 00d37185-0744-49d2-a2a1-ceac977c9e2d: start 00d37185-0744-49d2-a2a1-ceac977c9e2d@group-1401EE39C5BC-LeaderStateImpl
2023-04-11 11:25:30,771 [00d37185-0744-49d2-a2a1-ceac977c9e2d@group-1401EE39C5BC-LeaderElection29] INFO  segmented.SegmentedRaftLogWorker (SegmentedRaftLogWorker.java:startLogSegment(452)) - 00d37185-0744-49d2-a2a1-ceac977c9e2d@group-1401EE39C5BC-SegmentedRaftLogWorker: Starting segment from index:0
2023-04-11 11:25:30,773 [00d37185-0744-49d2-a2a1-ceac977c9e2d@group-1401EE39C5BC-LeaderElection29] INFO  server.RaftServer$Division (ServerState.java:setRaftConf(430)) - 00d37185-0744-49d2-a2a1-ceac977c9e2d@group-1401EE39C5BC: set configuration 0: peers:[00d37185-0744-49d2-a2a1-ceac977c9e2d|rpc:10.1.0.37:42969|dataStream:10.1.0.37:35105|priority:1|startupRole:FOLLOWER]|listeners:[], old=null
2023-04-11 11:25:30,774 [00d37185-0744-49d2-a2a1-ceac977c9e2d@group-1401EE39C5BC-SegmentedRaftLogWorker] INFO  segmented.SegmentedRaftLogWorker (SegmentedRaftLogWorker.java:execute(656)) - 00d37185-0744-49d2-a2a1-ceac977c9e2d@group-1401EE39C5BC-SegmentedRaftLogWorker: created new log segment /home/runner/work/ozone/ozone/hadoop-ozone/integration-test/target/test-dir/MiniOzoneClusterImpl-1c4368e0-208c-48c5-9b0c-56c20ccf1352/datanode-4/data/ratis/48148168-a27e-4093-9c75-1401ee39c5bc/current/log_inprogress_0
11:25:32.377 [IPC Server handler 16 on default port 39679] ERROR OMAudit - user=runner | ip=127.0.0.1 | op=GET_FILE_STATUS {volume=volume21709, bucket=bucket98076, key=.Trash/runner/Current/testKey2, dataSize=0, replicationConfig=null} | ret=FAILURE
org.apache.hadoop.ozone.om.exceptions.OMException: Unable to get file status: volume: volume21709 bucket: bucket98076 key: .Trash/runner/Current/testKey2
	at org.apache.hadoop.ozone.om.KeyManagerImpl.getOzoneFileStatus(KeyManagerImpl.java:1200) ~[ozone-manager-1.4.0-SNAPSHOT.jar:?]
	at org.apache.hadoop.ozone.om.KeyManagerImpl.getFileStatus(KeyManagerImpl.java:1118) ~[ozone-manager-1.4.0-SNAPSHOT.jar:?]
	at org.apache.hadoop.ozone.om.OmMetadataReader.getFileStatus(OmMetadataReader.java:288) ~[ozone-manager-1.4.0-SNAPSHOT.jar:?]
	at org.apache.hadoop.ozone.om.OzoneManager.getFileStatus(OzoneManager.java:3491) ~[ozone-manager-1.4.0-SNAPSHOT.jar:?]
	at org.apache.hadoop.ozone.protocolPB.OzoneManagerRequestHandler.getOzoneFileStatus(OzoneManagerRequestHandler.java:934) ~[ozone-manager-1.4.0-SNAPSHOT.jar:?]
	at org.apache.hadoop.ozone.protocolPB.OzoneManagerRequestHandler.handleReadRequest(OzoneManagerRequestHandler.java:238) ~[ozone-manager-1.4.0-SNAPSHOT.jar:?]
	at org.apache.hadoop.ozone.protocolPB.OzoneManagerProtocolServerSideTranslatorPB.submitReadRequestToOM(OzoneManagerProtocolServerSideTranslatorPB.java:223) ~[ozone-manager-1.4.0-SNAPSHOT.jar:?]
	at org.apache.hadoop.ozone.protocolPB.OzoneManagerProtocolServerSideTranslatorPB.processRequest(OzoneManagerProtocolServerSideTranslatorPB.java:177) ~[ozone-manager-1.4.0-SNAPSHOT.jar:?]
	at org.apache.hadoop.hdds.server.OzoneProtocolMessageDispatcher.processRequest(OzoneProtocolMessageDispatcher.java:87) [hdds-server-framework-1.4.0-SNAPSHOT.jar:?]
	at org.apache.hadoop.ozone.protocolPB.OzoneManagerProtocolServerSideTranslatorPB.submitRequest(OzoneManagerProtocolServerSideTranslatorPB.java:147) [ozone-manager-1.4.0-SNAPSHOT.jar:?]
	at org.apache.hadoop.ozone.protocol.proto.OzoneManagerProtocolProtos$OzoneManagerService$2.callBlockingMethod(OzoneManagerProtocolProtos.java) [ozone-interface-client-1.4.0-SNAPSHOT.jar:?]
	at org.apache.hadoop.ipc.ProtobufRpcEngine$Server.processCall(ProtobufRpcEngine.java:484) [hadoop-common-3.3.5.jar:?]
	at org.apache.hadoop.ipc.ProtobufRpcEngine2$Server$ProtoBufRpcInvoker.call(ProtobufRpcEngine2.java:595) [hadoop-common-3.3.5.jar:?]
	at org.apache.hadoop.ipc.ProtobufRpcEngine2$Server$ProtoBufRpcInvoker.call(ProtobufRpcEngine2.java:573) [hadoop-common-3.3.5.jar:?]
	at org.apache.hadoop.ipc.RPC$Server.call(RPC.java:1213) [hadoop-common-3.3.5.jar:?]
	at org.apache.hadoop.ipc.Server$RpcCall.run(Server.java:1089) [hadoop-common-3.3.5.jar:?]
	at org.apache.hadoop.ipc.Server$RpcCall.run(Server.java:1012) [hadoop-common-3.3.5.jar:?]
	at java.security.AccessController.doPrivileged(Native Method) ~[?:1.8.0_362]
	at javax.security.auth.Subject.doAs(Subject.java:422) [?:1.8.0_362]
	at org.apache.hadoop.security.UserGroupInformation.doAs(UserGroupInformation.java:1899) [hadoop-common-3.3.5.jar:?]
	at org.apache.hadoop.ipc.Server$Handler.run(Server.java:3026) [hadoop-common-3.3.5.jar:?]
]]></system-out>
  </testcase>
  <testcase name="testTrash" classname="TestOzoneFileSystem" time="4.017">
    <system-out><![CDATA[2023-04-11 11:26:29,968 [IPC Server handler 5 on default port 44509] INFO  key.OMKeyRequest (OMKeyRequest.java:wrapUncommittedBlocksAsPseudoKey(838)) - Detect allocated but uncommitted blocks [{blockID={containerID=2, localID=111677748019200006}, length=4194304, offset=0, token=null, pipeline=null, createVersion=0, partNumber=0}] in key testKey2.
11:26:29.970 [IPC Server handler 19 on default port 44509] ERROR OMAudit - user=runner | ip=127.0.0.1 | op=GET_FILE_STATUS {volume=volume17585, bucket=bucket91798, key=.Trash/runner/Current/testKey2, dataSize=0, replicationConfig=null} | ret=FAILURE
org.apache.hadoop.ozone.om.exceptions.OMException: Unable to get file status: volume: volume17585 bucket: bucket91798 key: .Trash/runner/Current/testKey2
	at org.apache.hadoop.ozone.om.KeyManagerImpl.getOzoneFileStatus(KeyManagerImpl.java:1200) ~[ozone-manager-1.4.0-SNAPSHOT.jar:?]
	at org.apache.hadoop.ozone.om.KeyManagerImpl.getFileStatus(KeyManagerImpl.java:1118) ~[ozone-manager-1.4.0-SNAPSHOT.jar:?]
	at org.apache.hadoop.ozone.om.OmMetadataReader.getFileStatus(OmMetadataReader.java:288) ~[ozone-manager-1.4.0-SNAPSHOT.jar:?]
	at org.apache.hadoop.ozone.om.OzoneManager.getFileStatus(OzoneManager.java:3491) ~[ozone-manager-1.4.0-SNAPSHOT.jar:?]
	at org.apache.hadoop.ozone.protocolPB.OzoneManagerRequestHandler.getOzoneFileStatus(OzoneManagerRequestHandler.java:934) ~[ozone-manager-1.4.0-SNAPSHOT.jar:?]
	at org.apache.hadoop.ozone.protocolPB.OzoneManagerRequestHandler.handleReadRequest(OzoneManagerRequestHandler.java:238) ~[ozone-manager-1.4.0-SNAPSHOT.jar:?]
	at org.apache.hadoop.ozone.protocolPB.OzoneManagerProtocolServerSideTranslatorPB.submitRequestDirectlyToOM(OzoneManagerProtocolServerSideTranslatorPB.java:272) ~[ozone-manager-1.4.0-SNAPSHOT.jar:?]
	at org.apache.hadoop.ozone.protocolPB.OzoneManagerProtocolServerSideTranslatorPB.processRequest(OzoneManagerProtocolServerSideTranslatorPB.java:173) ~[ozone-manager-1.4.0-SNAPSHOT.jar:?]
	at org.apache.hadoop.hdds.server.OzoneProtocolMessageDispatcher.processRequest(OzoneProtocolMessageDispatcher.java:87) [hdds-server-framework-1.4.0-SNAPSHOT.jar:?]
	at org.apache.hadoop.ozone.protocolPB.OzoneManagerProtocolServerSideTranslatorPB.submitRequest(OzoneManagerProtocolServerSideTranslatorPB.java:147) [ozone-manager-1.4.0-SNAPSHOT.jar:?]
	at org.apache.hadoop.ozone.protocol.proto.OzoneManagerProtocolProtos$OzoneManagerService$2.callBlockingMethod(OzoneManagerProtocolProtos.java) [ozone-interface-client-1.4.0-SNAPSHOT.jar:?]
	at org.apache.hadoop.ipc.ProtobufRpcEngine$Server.processCall(ProtobufRpcEngine.java:484) [hadoop-common-3.3.5.jar:?]
	at org.apache.hadoop.ipc.ProtobufRpcEngine2$Server$ProtoBufRpcInvoker.call(ProtobufRpcEngine2.java:595) [hadoop-common-3.3.5.jar:?]
	at org.apache.hadoop.ipc.ProtobufRpcEngine2$Server$ProtoBufRpcInvoker.call(ProtobufRpcEngine2.java:573) [hadoop-common-3.3.5.jar:?]
	at org.apache.hadoop.ipc.RPC$Server.call(RPC.java:1213) [hadoop-common-3.3.5.jar:?]
	at org.apache.hadoop.ipc.Server$RpcCall.run(Server.java:1089) [hadoop-common-3.3.5.jar:?]
	at org.apache.hadoop.ipc.Server$RpcCall.run(Server.java:1012) [hadoop-common-3.3.5.jar:?]
	at java.security.AccessController.doPrivileged(Native Method) ~[?:1.8.0_362]
	at javax.security.auth.Subject.doAs(Subject.java:422) [?:1.8.0_362]
	at org.apache.hadoop.security.UserGroupInformation.doAs(UserGroupInformation.java:1899) [hadoop-common-3.3.5.jar:?]
	at org.apache.hadoop.ipc.Server$Handler.run(Server.java:3026) [hadoop-common-3.3.5.jar:?]
11:26:29.971 [IPC Server handler 3 on default port 44509] ERROR OMAudit - user=runner | ip=127.0.0.1 | op=GET_FILE_STATUS {volume=volume17585, bucket=bucket91798, key=.Trash/runner/Current/testKey2, dataSize=0, replicationConfig=null} | ret=FAILURE
org.apache.hadoop.ozone.om.exceptions.OMException: Unable to get file status: volume: volume17585 bucket: bucket91798 key: .Trash/runner/Current/testKey2
	at org.apache.hadoop.ozone.om.KeyManagerImpl.getOzoneFileStatus(KeyManagerImpl.java:1200) ~[ozone-manager-1.4.0-SNAPSHOT.jar:?]
	at org.apache.hadoop.ozone.om.KeyManagerImpl.getFileStatus(KeyManagerImpl.java:1118) ~[ozone-manager-1.4.0-SNAPSHOT.jar:?]
	at org.apache.hadoop.ozone.om.OmMetadataReader.getFileStatus(OmMetadataReader.java:288) ~[ozone-manager-1.4.0-SNAPSHOT.jar:?]
	at org.apache.hadoop.ozone.om.OzoneManager.getFileStatus(OzoneManager.java:3491) ~[ozone-manager-1.4.0-SNAPSHOT.jar:?]
	at org.apache.hadoop.ozone.protocolPB.OzoneManagerRequestHandler.getOzoneFileStatus(OzoneManagerRequestHandler.java:934) ~[ozone-manager-1.4.0-SNAPSHOT.jar:?]
	at org.apache.hadoop.ozone.protocolPB.OzoneManagerRequestHandler.handleReadRequest(OzoneManagerRequestHandler.java:238) ~[ozone-manager-1.4.0-SNAPSHOT.jar:?]
	at org.apache.hadoop.ozone.protocolPB.OzoneManagerProtocolServerSideTranslatorPB.submitRequestDirectlyToOM(OzoneManagerProtocolServerSideTranslatorPB.java:272) ~[ozone-manager-1.4.0-SNAPSHOT.jar:?]
	at org.apache.hadoop.ozone.protocolPB.OzoneManagerProtocolServerSideTranslatorPB.processRequest(OzoneManagerProtocolServerSideTranslatorPB.java:173) ~[ozone-manager-1.4.0-SNAPSHOT.jar:?]
	at org.apache.hadoop.hdds.server.OzoneProtocolMessageDispatcher.processRequest(OzoneProtocolMessageDispatcher.java:87) [hdds-server-framework-1.4.0-SNAPSHOT.jar:?]
	at org.apache.hadoop.ozone.protocolPB.OzoneManagerProtocolServerSideTranslatorPB.submitRequest(OzoneManagerProtocolServerSideTranslatorPB.java:147) [ozone-manager-1.4.0-SNAPSHOT.jar:?]
	at org.apache.hadoop.ozone.protocol.proto.OzoneManagerProtocolProtos$OzoneManagerService$2.callBlockingMethod(OzoneManagerProtocolProtos.java) [ozone-interface-client-1.4.0-SNAPSHOT.jar:?]
	at org.apache.hadoop.ipc.ProtobufRpcEngine$Server.processCall(ProtobufRpcEngine.java:484) [hadoop-common-3.3.5.jar:?]
	at org.apache.hadoop.ipc.ProtobufRpcEngine2$Server$ProtoBufRpcInvoker.call(ProtobufRpcEngine2.java:595) [hadoop-common-3.3.5.jar:?]
	at org.apache.hadoop.ipc.ProtobufRpcEngine2$Server$ProtoBufRpcInvoker.call(ProtobufRpcEngine2.java:573) [hadoop-common-3.3.5.jar:?]
	at org.apache.hadoop.ipc.RPC$Server.call(RPC.java:1213) [hadoop-common-3.3.5.jar:?]
	at org.apache.hadoop.ipc.Server$RpcCall.run(Server.java:1089) [hadoop-common-3.3.5.jar:?]
	at org.apache.hadoop.ipc.Server$RpcCall.run(Server.java:1012) [hadoop-common-3.3.5.jar:?]
	at java.security.AccessController.doPrivileged(Native Method) ~[?:1.8.0_362]
	at javax.security.auth.Subject.doAs(Subject.java:422) [?:1.8.0_362]
	at org.apache.hadoop.security.UserGroupInformation.doAs(UserGroupInformation.java:1899) [hadoop-common-3.3.5.jar:?]
	at org.apache.hadoop.ipc.Server$Handler.run(Server.java:3026) [hadoop-common-3.3.5.jar:?]
2023-04-11 11:26:29,973 [Time-limited test] INFO  om.TrashPolicyOzone (TrashPolicyOzone.java:moveToTrash(209)) - Moved: '/testKey2' to trash at: /.Trash/runner/Current/testKey2
11:26:30.975 [IPC Server handler 13 on default port 44509] ERROR OMAudit - user=runner | ip=127.0.0.1 | op=GET_FILE_STATUS {volume=volume17585, bucket=bucket91798, key=.Trash/runner/Current/testKey2, dataSize=0, replicationConfig=null} | ret=FAILURE
org.apache.hadoop.ozone.om.exceptions.OMException: Unable to get file status: volume: volume17585 bucket: bucket91798 key: .Trash/runner/Current/testKey2
	at org.apache.hadoop.ozone.om.KeyManagerImpl.getOzoneFileStatus(KeyManagerImpl.java:1200) ~[ozone-manager-1.4.0-SNAPSHOT.jar:?]
	at org.apache.hadoop.ozone.om.KeyManagerImpl.getFileStatus(KeyManagerImpl.java:1118) ~[ozone-manager-1.4.0-SNAPSHOT.jar:?]
	at org.apache.hadoop.ozone.om.OmMetadataReader.getFileStatus(OmMetadataReader.java:288) ~[ozone-manager-1.4.0-SNAPSHOT.jar:?]
	at org.apache.hadoop.ozone.om.OzoneManager.getFileStatus(OzoneManager.java:3491) ~[ozone-manager-1.4.0-SNAPSHOT.jar:?]
	at org.apache.hadoop.ozone.protocolPB.OzoneManagerRequestHandler.getOzoneFileStatus(OzoneManagerRequestHandler.java:934) ~[ozone-manager-1.4.0-SNAPSHOT.jar:?]
	at org.apache.hadoop.ozone.protocolPB.OzoneManagerRequestHandler.handleReadRequest(OzoneManagerRequestHandler.java:238) ~[ozone-manager-1.4.0-SNAPSHOT.jar:?]
	at org.apache.hadoop.ozone.protocolPB.OzoneManagerProtocolServerSideTranslatorPB.submitRequestDirectlyToOM(OzoneManagerProtocolServerSideTranslatorPB.java:272) ~[ozone-manager-1.4.0-SNAPSHOT.jar:?]
	at org.apache.hadoop.ozone.protocolPB.OzoneManagerProtocolServerSideTranslatorPB.processRequest(OzoneManagerProtocolServerSideTranslatorPB.java:173) ~[ozone-manager-1.4.0-SNAPSHOT.jar:?]
	at org.apache.hadoop.hdds.server.OzoneProtocolMessageDispatcher.processRequest(OzoneProtocolMessageDispatcher.java:87) [hdds-server-framework-1.4.0-SNAPSHOT.jar:?]
	at org.apache.hadoop.ozone.protocolPB.OzoneManagerProtocolServerSideTranslatorPB.submitRequest(OzoneManagerProtocolServerSideTranslatorPB.java:147) [ozone-manager-1.4.0-SNAPSHOT.jar:?]
	at org.apache.hadoop.ozone.protocol.proto.OzoneManagerProtocolProtos$OzoneManagerService$2.callBlockingMethod(OzoneManagerProtocolProtos.java) [ozone-interface-client-1.4.0-SNAPSHOT.jar:?]
	at org.apache.hadoop.ipc.ProtobufRpcEngine$Server.processCall(ProtobufRpcEngine.java:484) [hadoop-common-3.3.5.jar:?]
	at org.apache.hadoop.ipc.ProtobufRpcEngine2$Server$ProtoBufRpcInvoker.call(ProtobufRpcEngine2.java:595) [hadoop-common-3.3.5.jar:?]
	at org.apache.hadoop.ipc.ProtobufRpcEngine2$Server$ProtoBufRpcInvoker.call(ProtobufRpcEngine2.java:573) [hadoop-common-3.3.5.jar:?]
	at org.apache.hadoop.ipc.RPC$Server.call(RPC.java:1213) [hadoop-common-3.3.5.jar:?]
	at org.apache.hadoop.ipc.Server$RpcCall.run(Server.java:1089) [hadoop-common-3.3.5.jar:?]
	at org.apache.hadoop.ipc.Server$RpcCall.run(Server.java:1012) [hadoop-common-3.3.5.jar:?]
	at java.security.AccessController.doPrivileged(Native Method) ~[?:1.8.0_362]
	at javax.security.auth.Subject.doAs(Subject.java:422) [?:1.8.0_362]
	at org.apache.hadoop.security.UserGroupInformation.doAs(UserGroupInformation.java:1899) [hadoop-common-3.3.5.jar:?]
	at org.apache.hadoop.ipc.Server$Handler.run(Server.java:3026) [hadoop-common-3.3.5.jar:?]
]]></system-out>
  </testcase>
  <testcase name="testRenameDestinationParentDoesntExist" classname="TestOzoneFileSystem" time="0.048">
    <system-out><![CDATA[11:23:34.551 [IPC Server handler 2 on default port 36763] ERROR OMAudit - user=runner | ip=127.0.0.1 | op=GET_FILE_STATUS {volume=volume14578, bucket=bucket96393, key=root_dir/b/c, dataSize=0, replicationConfig=null} | ret=FAILURE
org.apache.hadoop.ozone.om.exceptions.OMException: Unable to get file status: volume: volume14578 bucket: bucket96393 key: root_dir/b/c
	at org.apache.hadoop.ozone.om.KeyManagerImpl.getOzoneFileStatus(KeyManagerImpl.java:1200) ~[ozone-manager-1.4.0-SNAPSHOT.jar:?]
	at org.apache.hadoop.ozone.om.KeyManagerImpl.getFileStatus(KeyManagerImpl.java:1118) ~[ozone-manager-1.4.0-SNAPSHOT.jar:?]
	at org.apache.hadoop.ozone.om.OmMetadataReader.getFileStatus(OmMetadataReader.java:288) ~[ozone-manager-1.4.0-SNAPSHOT.jar:?]
	at org.apache.hadoop.ozone.om.OzoneManager.getFileStatus(OzoneManager.java:3491) ~[ozone-manager-1.4.0-SNAPSHOT.jar:?]
	at org.apache.hadoop.ozone.protocolPB.OzoneManagerRequestHandler.getOzoneFileStatus(OzoneManagerRequestHandler.java:934) ~[ozone-manager-1.4.0-SNAPSHOT.jar:?]
	at org.apache.hadoop.ozone.protocolPB.OzoneManagerRequestHandler.handleReadRequest(OzoneManagerRequestHandler.java:238) ~[ozone-manager-1.4.0-SNAPSHOT.jar:?]
	at org.apache.hadoop.ozone.protocolPB.OzoneManagerProtocolServerSideTranslatorPB.submitReadRequestToOM(OzoneManagerProtocolServerSideTranslatorPB.java:223) ~[ozone-manager-1.4.0-SNAPSHOT.jar:?]
	at org.apache.hadoop.ozone.protocolPB.OzoneManagerProtocolServerSideTranslatorPB.processRequest(OzoneManagerProtocolServerSideTranslatorPB.java:177) ~[ozone-manager-1.4.0-SNAPSHOT.jar:?]
	at org.apache.hadoop.hdds.server.OzoneProtocolMessageDispatcher.processRequest(OzoneProtocolMessageDispatcher.java:87) [hdds-server-framework-1.4.0-SNAPSHOT.jar:?]
	at org.apache.hadoop.ozone.protocolPB.OzoneManagerProtocolServerSideTranslatorPB.submitRequest(OzoneManagerProtocolServerSideTranslatorPB.java:147) [ozone-manager-1.4.0-SNAPSHOT.jar:?]
	at org.apache.hadoop.ozone.protocol.proto.OzoneManagerProtocolProtos$OzoneManagerService$2.callBlockingMethod(OzoneManagerProtocolProtos.java) [ozone-interface-client-1.4.0-SNAPSHOT.jar:?]
	at org.apache.hadoop.ipc.ProtobufRpcEngine$Server.processCall(ProtobufRpcEngine.java:484) [hadoop-common-3.3.5.jar:?]
	at org.apache.hadoop.ipc.ProtobufRpcEngine2$Server$ProtoBufRpcInvoker.call(ProtobufRpcEngine2.java:595) [hadoop-common-3.3.5.jar:?]
	at org.apache.hadoop.ipc.ProtobufRpcEngine2$Server$ProtoBufRpcInvoker.call(ProtobufRpcEngine2.java:573) [hadoop-common-3.3.5.jar:?]
	at org.apache.hadoop.ipc.RPC$Server.call(RPC.java:1213) [hadoop-common-3.3.5.jar:?]
	at org.apache.hadoop.ipc.Server$RpcCall.run(Server.java:1089) [hadoop-common-3.3.5.jar:?]
	at org.apache.hadoop.ipc.Server$RpcCall.run(Server.java:1012) [hadoop-common-3.3.5.jar:?]
	at java.security.AccessController.doPrivileged(Native Method) ~[?:1.8.0_362]
	at javax.security.auth.Subject.doAs(Subject.java:422) [?:1.8.0_362]
	at org.apache.hadoop.security.UserGroupInformation.doAs(UserGroupInformation.java:1899) [hadoop-common-3.3.5.jar:?]
	at org.apache.hadoop.ipc.Server$Handler.run(Server.java:3026) [hadoop-common-3.3.5.jar:?]
11:23:34.554 [IPC Server handler 4 on default port 36763] ERROR OMAudit - user=runner | ip=127.0.0.1 | op=GET_FILE_STATUS {volume=volume14578, bucket=bucket96393, key=root_dir/b, dataSize=0, replicationConfig=null} | ret=FAILURE
org.apache.hadoop.ozone.om.exceptions.OMException: Unable to get file status: volume: volume14578 bucket: bucket96393 key: root_dir/b
	at org.apache.hadoop.ozone.om.KeyManagerImpl.getOzoneFileStatus(KeyManagerImpl.java:1200) ~[ozone-manager-1.4.0-SNAPSHOT.jar:?]
	at org.apache.hadoop.ozone.om.KeyManagerImpl.getFileStatus(KeyManagerImpl.java:1118) ~[ozone-manager-1.4.0-SNAPSHOT.jar:?]
	at org.apache.hadoop.ozone.om.OmMetadataReader.getFileStatus(OmMetadataReader.java:288) ~[ozone-manager-1.4.0-SNAPSHOT.jar:?]
	at org.apache.hadoop.ozone.om.OzoneManager.getFileStatus(OzoneManager.java:3491) ~[ozone-manager-1.4.0-SNAPSHOT.jar:?]
	at org.apache.hadoop.ozone.protocolPB.OzoneManagerRequestHandler.getOzoneFileStatus(OzoneManagerRequestHandler.java:934) ~[ozone-manager-1.4.0-SNAPSHOT.jar:?]
	at org.apache.hadoop.ozone.protocolPB.OzoneManagerRequestHandler.handleReadRequest(OzoneManagerRequestHandler.java:238) ~[ozone-manager-1.4.0-SNAPSHOT.jar:?]
	at org.apache.hadoop.ozone.protocolPB.OzoneManagerProtocolServerSideTranslatorPB.submitReadRequestToOM(OzoneManagerProtocolServerSideTranslatorPB.java:223) ~[ozone-manager-1.4.0-SNAPSHOT.jar:?]
	at org.apache.hadoop.ozone.protocolPB.OzoneManagerProtocolServerSideTranslatorPB.processRequest(OzoneManagerProtocolServerSideTranslatorPB.java:177) ~[ozone-manager-1.4.0-SNAPSHOT.jar:?]
	at org.apache.hadoop.hdds.server.OzoneProtocolMessageDispatcher.processRequest(OzoneProtocolMessageDispatcher.java:87) [hdds-server-framework-1.4.0-SNAPSHOT.jar:?]
	at org.apache.hadoop.ozone.protocolPB.OzoneManagerProtocolServerSideTranslatorPB.submitRequest(OzoneManagerProtocolServerSideTranslatorPB.java:147) [ozone-manager-1.4.0-SNAPSHOT.jar:?]
	at org.apache.hadoop.ozone.protocol.proto.OzoneManagerProtocolProtos$OzoneManagerService$2.callBlockingMethod(OzoneManagerProtocolProtos.java) [ozone-interface-client-1.4.0-SNAPSHOT.jar:?]
	at org.apache.hadoop.ipc.ProtobufRpcEngine$Server.processCall(ProtobufRpcEngine.java:484) [hadoop-common-3.3.5.jar:?]
	at org.apache.hadoop.ipc.ProtobufRpcEngine2$Server$ProtoBufRpcInvoker.call(ProtobufRpcEngine2.java:595) [hadoop-common-3.3.5.jar:?]
	at org.apache.hadoop.ipc.ProtobufRpcEngine2$Server$ProtoBufRpcInvoker.call(ProtobufRpcEngine2.java:573) [hadoop-common-3.3.5.jar:?]
	at org.apache.hadoop.ipc.RPC$Server.call(RPC.java:1213) [hadoop-common-3.3.5.jar:?]
	at org.apache.hadoop.ipc.Server$RpcCall.run(Server.java:1089) [hadoop-common-3.3.5.jar:?]
	at org.apache.hadoop.ipc.Server$RpcCall.run(Server.java:1012) [hadoop-common-3.3.5.jar:?]
	at java.security.AccessController.doPrivileged(Native Method) ~[?:1.8.0_362]
	at javax.security.auth.Subject.doAs(Subject.java:422) [?:1.8.0_362]
	at org.apache.hadoop.security.UserGroupInformation.doAs(UserGroupInformation.java:1899) [hadoop-common-3.3.5.jar:?]
	at org.apache.hadoop.ipc.Server$Handler.run(Server.java:3026) [hadoop-common-3.3.5.jar:?]
2023-04-11 11:23:34,572 [OM StateMachine ApplyTransaction Thread - 0] INFO  key.OMKeyRequest (OMKeyRequest.java:wrapUncommittedBlocksAsPseudoKey(838)) - Detect allocated but uncommitted blocks [{blockID={containerID=4, localID=111677748019200007}, length=4194304, offset=0, token=null, pipeline=null, createVersion=0, partNumber=0}] in key root_dir/file1.
11:23:34.577 [IPC Server handler 11 on default port 36763] ERROR OMAudit - user=runner | ip=127.0.0.1 | op=GET_FILE_STATUS {volume=volume14578, bucket=bucket96393, key=root_dir/file1/c, dataSize=0, replicationConfig=null} | ret=FAILURE
org.apache.hadoop.ozone.om.exceptions.OMException: Unable to get file status: volume: volume14578 bucket: bucket96393 key: root_dir/file1/c
	at org.apache.hadoop.ozone.om.KeyManagerImpl.getOzoneFileStatus(KeyManagerImpl.java:1200) ~[ozone-manager-1.4.0-SNAPSHOT.jar:?]
	at org.apache.hadoop.ozone.om.KeyManagerImpl.getFileStatus(KeyManagerImpl.java:1118) ~[ozone-manager-1.4.0-SNAPSHOT.jar:?]
	at org.apache.hadoop.ozone.om.OmMetadataReader.getFileStatus(OmMetadataReader.java:288) ~[ozone-manager-1.4.0-SNAPSHOT.jar:?]
	at org.apache.hadoop.ozone.om.OzoneManager.getFileStatus(OzoneManager.java:3491) ~[ozone-manager-1.4.0-SNAPSHOT.jar:?]
	at org.apache.hadoop.ozone.protocolPB.OzoneManagerRequestHandler.getOzoneFileStatus(OzoneManagerRequestHandler.java:934) ~[ozone-manager-1.4.0-SNAPSHOT.jar:?]
	at org.apache.hadoop.ozone.protocolPB.OzoneManagerRequestHandler.handleReadRequest(OzoneManagerRequestHandler.java:238) ~[ozone-manager-1.4.0-SNAPSHOT.jar:?]
	at org.apache.hadoop.ozone.protocolPB.OzoneManagerProtocolServerSideTranslatorPB.submitReadRequestToOM(OzoneManagerProtocolServerSideTranslatorPB.java:223) ~[ozone-manager-1.4.0-SNAPSHOT.jar:?]
	at org.apache.hadoop.ozone.protocolPB.OzoneManagerProtocolServerSideTranslatorPB.processRequest(OzoneManagerProtocolServerSideTranslatorPB.java:177) ~[ozone-manager-1.4.0-SNAPSHOT.jar:?]
	at org.apache.hadoop.hdds.server.OzoneProtocolMessageDispatcher.processRequest(OzoneProtocolMessageDispatcher.java:87) [hdds-server-framework-1.4.0-SNAPSHOT.jar:?]
	at org.apache.hadoop.ozone.protocolPB.OzoneManagerProtocolServerSideTranslatorPB.submitRequest(OzoneManagerProtocolServerSideTranslatorPB.java:147) [ozone-manager-1.4.0-SNAPSHOT.jar:?]
	at org.apache.hadoop.ozone.protocol.proto.OzoneManagerProtocolProtos$OzoneManagerService$2.callBlockingMethod(OzoneManagerProtocolProtos.java) [ozone-interface-client-1.4.0-SNAPSHOT.jar:?]
	at org.apache.hadoop.ipc.ProtobufRpcEngine$Server.processCall(ProtobufRpcEngine.java:484) [hadoop-common-3.3.5.jar:?]
	at org.apache.hadoop.ipc.ProtobufRpcEngine2$Server$ProtoBufRpcInvoker.call(ProtobufRpcEngine2.java:595) [hadoop-common-3.3.5.jar:?]
	at org.apache.hadoop.ipc.ProtobufRpcEngine2$Server$ProtoBufRpcInvoker.call(ProtobufRpcEngine2.java:573) [hadoop-common-3.3.5.jar:?]
	at org.apache.hadoop.ipc.RPC$Server.call(RPC.java:1213) [hadoop-common-3.3.5.jar:?]
	at org.apache.hadoop.ipc.Server$RpcCall.run(Server.java:1089) [hadoop-common-3.3.5.jar:?]
	at org.apache.hadoop.ipc.Server$RpcCall.run(Server.java:1012) [hadoop-common-3.3.5.jar:?]
	at java.security.AccessController.doPrivileged(Native Method) ~[?:1.8.0_362]
	at javax.security.auth.Subject.doAs(Subject.java:422) [?:1.8.0_362]
	at org.apache.hadoop.security.UserGroupInformation.doAs(UserGroupInformation.java:1899) [hadoop-common-3.3.5.jar:?]
	at org.apache.hadoop.ipc.Server$Handler.run(Server.java:3026) [hadoop-common-3.3.5.jar:?]
]]></system-out>
  </testcase>
  <testcase name="testRenameDestinationParentDoesntExist" classname="TestOzoneFileSystem" time="0.016">
    <system-out><![CDATA[11:24:44.029 [IPC Server handler 6 on default port 36969] ERROR OMAudit - user=runner | ip=127.0.0.1 | op=GET_FILE_STATUS {volume=volume23474, bucket=bucket17726, key=root_dir/b/c, dataSize=0, replicationConfig=null} | ret=FAILURE
org.apache.hadoop.ozone.om.exceptions.OMException: Unable to get file status: volume: volume23474 bucket: bucket17726 key: root_dir/b/c
	at org.apache.hadoop.ozone.om.KeyManagerImpl.getOzoneFileStatus(KeyManagerImpl.java:1200) ~[ozone-manager-1.4.0-SNAPSHOT.jar:?]
	at org.apache.hadoop.ozone.om.KeyManagerImpl.getFileStatus(KeyManagerImpl.java:1118) ~[ozone-manager-1.4.0-SNAPSHOT.jar:?]
	at org.apache.hadoop.ozone.om.OmMetadataReader.getFileStatus(OmMetadataReader.java:288) ~[ozone-manager-1.4.0-SNAPSHOT.jar:?]
	at org.apache.hadoop.ozone.om.OzoneManager.getFileStatus(OzoneManager.java:3491) ~[ozone-manager-1.4.0-SNAPSHOT.jar:?]
	at org.apache.hadoop.ozone.protocolPB.OzoneManagerRequestHandler.getOzoneFileStatus(OzoneManagerRequestHandler.java:934) ~[ozone-manager-1.4.0-SNAPSHOT.jar:?]
	at org.apache.hadoop.ozone.protocolPB.OzoneManagerRequestHandler.handleReadRequest(OzoneManagerRequestHandler.java:238) ~[ozone-manager-1.4.0-SNAPSHOT.jar:?]
	at org.apache.hadoop.ozone.protocolPB.OzoneManagerProtocolServerSideTranslatorPB.submitRequestDirectlyToOM(OzoneManagerProtocolServerSideTranslatorPB.java:272) ~[ozone-manager-1.4.0-SNAPSHOT.jar:?]
	at org.apache.hadoop.ozone.protocolPB.OzoneManagerProtocolServerSideTranslatorPB.processRequest(OzoneManagerProtocolServerSideTranslatorPB.java:173) ~[ozone-manager-1.4.0-SNAPSHOT.jar:?]
	at org.apache.hadoop.hdds.server.OzoneProtocolMessageDispatcher.processRequest(OzoneProtocolMessageDispatcher.java:87) [hdds-server-framework-1.4.0-SNAPSHOT.jar:?]
	at org.apache.hadoop.ozone.protocolPB.OzoneManagerProtocolServerSideTranslatorPB.submitRequest(OzoneManagerProtocolServerSideTranslatorPB.java:147) [ozone-manager-1.4.0-SNAPSHOT.jar:?]
	at org.apache.hadoop.ozone.protocol.proto.OzoneManagerProtocolProtos$OzoneManagerService$2.callBlockingMethod(OzoneManagerProtocolProtos.java) [ozone-interface-client-1.4.0-SNAPSHOT.jar:?]
	at org.apache.hadoop.ipc.ProtobufRpcEngine$Server.processCall(ProtobufRpcEngine.java:484) [hadoop-common-3.3.5.jar:?]
	at org.apache.hadoop.ipc.ProtobufRpcEngine2$Server$ProtoBufRpcInvoker.call(ProtobufRpcEngine2.java:595) [hadoop-common-3.3.5.jar:?]
	at org.apache.hadoop.ipc.ProtobufRpcEngine2$Server$ProtoBufRpcInvoker.call(ProtobufRpcEngine2.java:573) [hadoop-common-3.3.5.jar:?]
	at org.apache.hadoop.ipc.RPC$Server.call(RPC.java:1213) [hadoop-common-3.3.5.jar:?]
	at org.apache.hadoop.ipc.Server$RpcCall.run(Server.java:1089) [hadoop-common-3.3.5.jar:?]
	at org.apache.hadoop.ipc.Server$RpcCall.run(Server.java:1012) [hadoop-common-3.3.5.jar:?]
	at java.security.AccessController.doPrivileged(Native Method) ~[?:1.8.0_362]
	at javax.security.auth.Subject.doAs(Subject.java:422) [?:1.8.0_362]
	at org.apache.hadoop.security.UserGroupInformation.doAs(UserGroupInformation.java:1899) [hadoop-common-3.3.5.jar:?]
	at org.apache.hadoop.ipc.Server$Handler.run(Server.java:3026) [hadoop-common-3.3.5.jar:?]
11:24:44.030 [IPC Server handler 15 on default port 36969] ERROR OMAudit - user=runner | ip=127.0.0.1 | op=GET_FILE_STATUS {volume=volume23474, bucket=bucket17726, key=root_dir/b, dataSize=0, replicationConfig=null} | ret=FAILURE
org.apache.hadoop.ozone.om.exceptions.OMException: Unable to get file status: volume: volume23474 bucket: bucket17726 key: root_dir/b
	at org.apache.hadoop.ozone.om.KeyManagerImpl.getOzoneFileStatus(KeyManagerImpl.java:1200) ~[ozone-manager-1.4.0-SNAPSHOT.jar:?]
	at org.apache.hadoop.ozone.om.KeyManagerImpl.getFileStatus(KeyManagerImpl.java:1118) ~[ozone-manager-1.4.0-SNAPSHOT.jar:?]
	at org.apache.hadoop.ozone.om.OmMetadataReader.getFileStatus(OmMetadataReader.java:288) ~[ozone-manager-1.4.0-SNAPSHOT.jar:?]
	at org.apache.hadoop.ozone.om.OzoneManager.getFileStatus(OzoneManager.java:3491) ~[ozone-manager-1.4.0-SNAPSHOT.jar:?]
	at org.apache.hadoop.ozone.protocolPB.OzoneManagerRequestHandler.getOzoneFileStatus(OzoneManagerRequestHandler.java:934) ~[ozone-manager-1.4.0-SNAPSHOT.jar:?]
	at org.apache.hadoop.ozone.protocolPB.OzoneManagerRequestHandler.handleReadRequest(OzoneManagerRequestHandler.java:238) ~[ozone-manager-1.4.0-SNAPSHOT.jar:?]
	at org.apache.hadoop.ozone.protocolPB.OzoneManagerProtocolServerSideTranslatorPB.submitRequestDirectlyToOM(OzoneManagerProtocolServerSideTranslatorPB.java:272) ~[ozone-manager-1.4.0-SNAPSHOT.jar:?]
	at org.apache.hadoop.ozone.protocolPB.OzoneManagerProtocolServerSideTranslatorPB.processRequest(OzoneManagerProtocolServerSideTranslatorPB.java:173) ~[ozone-manager-1.4.0-SNAPSHOT.jar:?]
	at org.apache.hadoop.hdds.server.OzoneProtocolMessageDispatcher.processRequest(OzoneProtocolMessageDispatcher.java:87) [hdds-server-framework-1.4.0-SNAPSHOT.jar:?]
	at org.apache.hadoop.ozone.protocolPB.OzoneManagerProtocolServerSideTranslatorPB.submitRequest(OzoneManagerProtocolServerSideTranslatorPB.java:147) [ozone-manager-1.4.0-SNAPSHOT.jar:?]
	at org.apache.hadoop.ozone.protocol.proto.OzoneManagerProtocolProtos$OzoneManagerService$2.callBlockingMethod(OzoneManagerProtocolProtos.java) [ozone-interface-client-1.4.0-SNAPSHOT.jar:?]
	at org.apache.hadoop.ipc.ProtobufRpcEngine$Server.processCall(ProtobufRpcEngine.java:484) [hadoop-common-3.3.5.jar:?]
	at org.apache.hadoop.ipc.ProtobufRpcEngine2$Server$ProtoBufRpcInvoker.call(ProtobufRpcEngine2.java:595) [hadoop-common-3.3.5.jar:?]
	at org.apache.hadoop.ipc.ProtobufRpcEngine2$Server$ProtoBufRpcInvoker.call(ProtobufRpcEngine2.java:573) [hadoop-common-3.3.5.jar:?]
	at org.apache.hadoop.ipc.RPC$Server.call(RPC.java:1213) [hadoop-common-3.3.5.jar:?]
	at org.apache.hadoop.ipc.Server$RpcCall.run(Server.java:1089) [hadoop-common-3.3.5.jar:?]
	at org.apache.hadoop.ipc.Server$RpcCall.run(Server.java:1012) [hadoop-common-3.3.5.jar:?]
	at java.security.AccessController.doPrivileged(Native Method) ~[?:1.8.0_362]
	at javax.security.auth.Subject.doAs(Subject.java:422) [?:1.8.0_362]
	at org.apache.hadoop.security.UserGroupInformation.doAs(UserGroupInformation.java:1899) [hadoop-common-3.3.5.jar:?]
	at org.apache.hadoop.ipc.Server$Handler.run(Server.java:3026) [hadoop-common-3.3.5.jar:?]
2023-04-11 11:24:44,036 [IPC Server handler 16 on default port 36969] INFO  key.OMKeyRequest (OMKeyRequest.java:wrapUncommittedBlocksAsPseudoKey(838)) - Detect allocated but uncommitted blocks [{blockID={containerID=4, localID=111677748019200007}, length=4194304, offset=0, token=null, pipeline=null, createVersion=0, partNumber=0}] in key root_dir/file1.
11:24:44.038 [IPC Server handler 19 on default port 36969] ERROR OMAudit - user=runner | ip=127.0.0.1 | op=GET_FILE_STATUS {volume=volume23474, bucket=bucket17726, key=root_dir/file1/c, dataSize=0, replicationConfig=null} | ret=FAILURE
org.apache.hadoop.ozone.om.exceptions.OMException: Unable to get file status: volume: volume23474 bucket: bucket17726 key: root_dir/file1/c
	at org.apache.hadoop.ozone.om.KeyManagerImpl.getOzoneFileStatus(KeyManagerImpl.java:1200) ~[ozone-manager-1.4.0-SNAPSHOT.jar:?]
	at org.apache.hadoop.ozone.om.KeyManagerImpl.getFileStatus(KeyManagerImpl.java:1118) ~[ozone-manager-1.4.0-SNAPSHOT.jar:?]
	at org.apache.hadoop.ozone.om.OmMetadataReader.getFileStatus(OmMetadataReader.java:288) ~[ozone-manager-1.4.0-SNAPSHOT.jar:?]
	at org.apache.hadoop.ozone.om.OzoneManager.getFileStatus(OzoneManager.java:3491) ~[ozone-manager-1.4.0-SNAPSHOT.jar:?]
	at org.apache.hadoop.ozone.protocolPB.OzoneManagerRequestHandler.getOzoneFileStatus(OzoneManagerRequestHandler.java:934) ~[ozone-manager-1.4.0-SNAPSHOT.jar:?]
	at org.apache.hadoop.ozone.protocolPB.OzoneManagerRequestHandler.handleReadRequest(OzoneManagerRequestHandler.java:238) ~[ozone-manager-1.4.0-SNAPSHOT.jar:?]
	at org.apache.hadoop.ozone.protocolPB.OzoneManagerProtocolServerSideTranslatorPB.submitRequestDirectlyToOM(OzoneManagerProtocolServerSideTranslatorPB.java:272) ~[ozone-manager-1.4.0-SNAPSHOT.jar:?]
	at org.apache.hadoop.ozone.protocolPB.OzoneManagerProtocolServerSideTranslatorPB.processRequest(OzoneManagerProtocolServerSideTranslatorPB.java:173) ~[ozone-manager-1.4.0-SNAPSHOT.jar:?]
	at org.apache.hadoop.hdds.server.OzoneProtocolMessageDispatcher.processRequest(OzoneProtocolMessageDispatcher.java:87) [hdds-server-framework-1.4.0-SNAPSHOT.jar:?]
	at org.apache.hadoop.ozone.protocolPB.OzoneManagerProtocolServerSideTranslatorPB.submitRequest(OzoneManagerProtocolServerSideTranslatorPB.java:147) [ozone-manager-1.4.0-SNAPSHOT.jar:?]
	at org.apache.hadoop.ozone.protocol.proto.OzoneManagerProtocolProtos$OzoneManagerService$2.callBlockingMethod(OzoneManagerProtocolProtos.java) [ozone-interface-client-1.4.0-SNAPSHOT.jar:?]
	at org.apache.hadoop.ipc.ProtobufRpcEngine$Server.processCall(ProtobufRpcEngine.java:484) [hadoop-common-3.3.5.jar:?]
	at org.apache.hadoop.ipc.ProtobufRpcEngine2$Server$ProtoBufRpcInvoker.call(ProtobufRpcEngine2.java:595) [hadoop-common-3.3.5.jar:?]
	at org.apache.hadoop.ipc.ProtobufRpcEngine2$Server$ProtoBufRpcInvoker.call(ProtobufRpcEngine2.java:573) [hadoop-common-3.3.5.jar:?]
	at org.apache.hadoop.ipc.RPC$Server.call(RPC.java:1213) [hadoop-common-3.3.5.jar:?]
	at org.apache.hadoop.ipc.Server$RpcCall.run(Server.java:1089) [hadoop-common-3.3.5.jar:?]
	at org.apache.hadoop.ipc.Server$RpcCall.run(Server.java:1012) [hadoop-common-3.3.5.jar:?]
	at java.security.AccessController.doPrivileged(Native Method) ~[?:1.8.0_362]
	at javax.security.auth.Subject.doAs(Subject.java:422) [?:1.8.0_362]
	at org.apache.hadoop.security.UserGroupInformation.doAs(UserGroupInformation.java:1899) [hadoop-common-3.3.5.jar:?]
	at org.apache.hadoop.ipc.Server$Handler.run(Server.java:3026) [hadoop-common-3.3.5.jar:?]
]]></system-out>
  </testcase>
  <testcase name="testRenameDestinationParentDoesntExist" classname="TestOzoneFileSystem" time="0.013">
    <system-out><![CDATA[11:25:35.389 [IPC Server handler 9 on default port 39679] ERROR OMAudit - user=runner | ip=127.0.0.1 | op=GET_FILE_STATUS {volume=volume21709, bucket=bucket98076, key=root_dir/b/c, dataSize=0, replicationConfig=null} | ret=FAILURE
org.apache.hadoop.ozone.om.exceptions.OMException: Unable to get file status: volume: volume21709 bucket: bucket98076 key: root_dir/b/c
	at org.apache.hadoop.ozone.om.KeyManagerImpl.getOzoneFileStatus(KeyManagerImpl.java:1200) ~[ozone-manager-1.4.0-SNAPSHOT.jar:?]
	at org.apache.hadoop.ozone.om.KeyManagerImpl.getFileStatus(KeyManagerImpl.java:1118) ~[ozone-manager-1.4.0-SNAPSHOT.jar:?]
	at org.apache.hadoop.ozone.om.OmMetadataReader.getFileStatus(OmMetadataReader.java:288) ~[ozone-manager-1.4.0-SNAPSHOT.jar:?]
	at org.apache.hadoop.ozone.om.OzoneManager.getFileStatus(OzoneManager.java:3491) ~[ozone-manager-1.4.0-SNAPSHOT.jar:?]
	at org.apache.hadoop.ozone.protocolPB.OzoneManagerRequestHandler.getOzoneFileStatus(OzoneManagerRequestHandler.java:934) ~[ozone-manager-1.4.0-SNAPSHOT.jar:?]
	at org.apache.hadoop.ozone.protocolPB.OzoneManagerRequestHandler.handleReadRequest(OzoneManagerRequestHandler.java:238) ~[ozone-manager-1.4.0-SNAPSHOT.jar:?]
	at org.apache.hadoop.ozone.protocolPB.OzoneManagerProtocolServerSideTranslatorPB.submitReadRequestToOM(OzoneManagerProtocolServerSideTranslatorPB.java:223) ~[ozone-manager-1.4.0-SNAPSHOT.jar:?]
	at org.apache.hadoop.ozone.protocolPB.OzoneManagerProtocolServerSideTranslatorPB.processRequest(OzoneManagerProtocolServerSideTranslatorPB.java:177) ~[ozone-manager-1.4.0-SNAPSHOT.jar:?]
	at org.apache.hadoop.hdds.server.OzoneProtocolMessageDispatcher.processRequest(OzoneProtocolMessageDispatcher.java:87) [hdds-server-framework-1.4.0-SNAPSHOT.jar:?]
	at org.apache.hadoop.ozone.protocolPB.OzoneManagerProtocolServerSideTranslatorPB.submitRequest(OzoneManagerProtocolServerSideTranslatorPB.java:147) [ozone-manager-1.4.0-SNAPSHOT.jar:?]
	at org.apache.hadoop.ozone.protocol.proto.OzoneManagerProtocolProtos$OzoneManagerService$2.callBlockingMethod(OzoneManagerProtocolProtos.java) [ozone-interface-client-1.4.0-SNAPSHOT.jar:?]
	at org.apache.hadoop.ipc.ProtobufRpcEngine$Server.processCall(ProtobufRpcEngine.java:484) [hadoop-common-3.3.5.jar:?]
	at org.apache.hadoop.ipc.ProtobufRpcEngine2$Server$ProtoBufRpcInvoker.call(ProtobufRpcEngine2.java:595) [hadoop-common-3.3.5.jar:?]
	at org.apache.hadoop.ipc.ProtobufRpcEngine2$Server$ProtoBufRpcInvoker.call(ProtobufRpcEngine2.java:573) [hadoop-common-3.3.5.jar:?]
	at org.apache.hadoop.ipc.RPC$Server.call(RPC.java:1213) [hadoop-common-3.3.5.jar:?]
	at org.apache.hadoop.ipc.Server$RpcCall.run(Server.java:1089) [hadoop-common-3.3.5.jar:?]
	at org.apache.hadoop.ipc.Server$RpcCall.run(Server.java:1012) [hadoop-common-3.3.5.jar:?]
	at java.security.AccessController.doPrivileged(Native Method) ~[?:1.8.0_362]
	at javax.security.auth.Subject.doAs(Subject.java:422) [?:1.8.0_362]
	at org.apache.hadoop.security.UserGroupInformation.doAs(UserGroupInformation.java:1899) [hadoop-common-3.3.5.jar:?]
	at org.apache.hadoop.ipc.Server$Handler.run(Server.java:3026) [hadoop-common-3.3.5.jar:?]
11:25:35.390 [IPC Server handler 13 on default port 39679] ERROR OMAudit - user=runner | ip=127.0.0.1 | op=GET_FILE_STATUS {volume=volume21709, bucket=bucket98076, key=root_dir/b, dataSize=0, replicationConfig=null} | ret=FAILURE
org.apache.hadoop.ozone.om.exceptions.OMException: Unable to get file status: volume: volume21709 bucket: bucket98076 key: root_dir/b
	at org.apache.hadoop.ozone.om.KeyManagerImpl.getOzoneFileStatus(KeyManagerImpl.java:1200) ~[ozone-manager-1.4.0-SNAPSHOT.jar:?]
	at org.apache.hadoop.ozone.om.KeyManagerImpl.getFileStatus(KeyManagerImpl.java:1118) ~[ozone-manager-1.4.0-SNAPSHOT.jar:?]
	at org.apache.hadoop.ozone.om.OmMetadataReader.getFileStatus(OmMetadataReader.java:288) ~[ozone-manager-1.4.0-SNAPSHOT.jar:?]
	at org.apache.hadoop.ozone.om.OzoneManager.getFileStatus(OzoneManager.java:3491) ~[ozone-manager-1.4.0-SNAPSHOT.jar:?]
	at org.apache.hadoop.ozone.protocolPB.OzoneManagerRequestHandler.getOzoneFileStatus(OzoneManagerRequestHandler.java:934) ~[ozone-manager-1.4.0-SNAPSHOT.jar:?]
	at org.apache.hadoop.ozone.protocolPB.OzoneManagerRequestHandler.handleReadRequest(OzoneManagerRequestHandler.java:238) ~[ozone-manager-1.4.0-SNAPSHOT.jar:?]
	at org.apache.hadoop.ozone.protocolPB.OzoneManagerProtocolServerSideTranslatorPB.submitReadRequestToOM(OzoneManagerProtocolServerSideTranslatorPB.java:223) ~[ozone-manager-1.4.0-SNAPSHOT.jar:?]
	at org.apache.hadoop.ozone.protocolPB.OzoneManagerProtocolServerSideTranslatorPB.processRequest(OzoneManagerProtocolServerSideTranslatorPB.java:177) ~[ozone-manager-1.4.0-SNAPSHOT.jar:?]
	at org.apache.hadoop.hdds.server.OzoneProtocolMessageDispatcher.processRequest(OzoneProtocolMessageDispatcher.java:87) [hdds-server-framework-1.4.0-SNAPSHOT.jar:?]
	at org.apache.hadoop.ozone.protocolPB.OzoneManagerProtocolServerSideTranslatorPB.submitRequest(OzoneManagerProtocolServerSideTranslatorPB.java:147) [ozone-manager-1.4.0-SNAPSHOT.jar:?]
	at org.apache.hadoop.ozone.protocol.proto.OzoneManagerProtocolProtos$OzoneManagerService$2.callBlockingMethod(OzoneManagerProtocolProtos.java) [ozone-interface-client-1.4.0-SNAPSHOT.jar:?]
	at org.apache.hadoop.ipc.ProtobufRpcEngine$Server.processCall(ProtobufRpcEngine.java:484) [hadoop-common-3.3.5.jar:?]
	at org.apache.hadoop.ipc.ProtobufRpcEngine2$Server$ProtoBufRpcInvoker.call(ProtobufRpcEngine2.java:595) [hadoop-common-3.3.5.jar:?]
	at org.apache.hadoop.ipc.ProtobufRpcEngine2$Server$ProtoBufRpcInvoker.call(ProtobufRpcEngine2.java:573) [hadoop-common-3.3.5.jar:?]
	at org.apache.hadoop.ipc.RPC$Server.call(RPC.java:1213) [hadoop-common-3.3.5.jar:?]
	at org.apache.hadoop.ipc.Server$RpcCall.run(Server.java:1089) [hadoop-common-3.3.5.jar:?]
	at org.apache.hadoop.ipc.Server$RpcCall.run(Server.java:1012) [hadoop-common-3.3.5.jar:?]
	at java.security.AccessController.doPrivileged(Native Method) ~[?:1.8.0_362]
	at javax.security.auth.Subject.doAs(Subject.java:422) [?:1.8.0_362]
	at org.apache.hadoop.security.UserGroupInformation.doAs(UserGroupInformation.java:1899) [hadoop-common-3.3.5.jar:?]
	at org.apache.hadoop.ipc.Server$Handler.run(Server.java:3026) [hadoop-common-3.3.5.jar:?]
2023-04-11 11:25:35,395 [OM StateMachine ApplyTransaction Thread - 0] INFO  key.OMKeyRequest (OMKeyRequest.java:wrapUncommittedBlocksAsPseudoKey(838)) - Detect allocated but uncommitted blocks [{blockID={containerID=3, localID=111677748019200007}, length=4194304, offset=0, token=null, pipeline=null, createVersion=0, partNumber=0}] in key root_dir/file1.
11:25:35.396 [IPC Server handler 17 on default port 39679] ERROR OMAudit - user=runner | ip=127.0.0.1 | op=GET_FILE_STATUS {volume=volume21709, bucket=bucket98076, key=root_dir/file1/c, dataSize=0, replicationConfig=null} | ret=FAILURE
org.apache.hadoop.ozone.om.exceptions.OMException: Unable to get file status: volume: volume21709 bucket: bucket98076 key: root_dir/file1/c
	at org.apache.hadoop.ozone.om.KeyManagerImpl.getOzoneFileStatus(KeyManagerImpl.java:1200) ~[ozone-manager-1.4.0-SNAPSHOT.jar:?]
	at org.apache.hadoop.ozone.om.KeyManagerImpl.getFileStatus(KeyManagerImpl.java:1118) ~[ozone-manager-1.4.0-SNAPSHOT.jar:?]
	at org.apache.hadoop.ozone.om.OmMetadataReader.getFileStatus(OmMetadataReader.java:288) ~[ozone-manager-1.4.0-SNAPSHOT.jar:?]
	at org.apache.hadoop.ozone.om.OzoneManager.getFileStatus(OzoneManager.java:3491) ~[ozone-manager-1.4.0-SNAPSHOT.jar:?]
	at org.apache.hadoop.ozone.protocolPB.OzoneManagerRequestHandler.getOzoneFileStatus(OzoneManagerRequestHandler.java:934) ~[ozone-manager-1.4.0-SNAPSHOT.jar:?]
	at org.apache.hadoop.ozone.protocolPB.OzoneManagerRequestHandler.handleReadRequest(OzoneManagerRequestHandler.java:238) ~[ozone-manager-1.4.0-SNAPSHOT.jar:?]
	at org.apache.hadoop.ozone.protocolPB.OzoneManagerProtocolServerSideTranslatorPB.submitReadRequestToOM(OzoneManagerProtocolServerSideTranslatorPB.java:223) ~[ozone-manager-1.4.0-SNAPSHOT.jar:?]
	at org.apache.hadoop.ozone.protocolPB.OzoneManagerProtocolServerSideTranslatorPB.processRequest(OzoneManagerProtocolServerSideTranslatorPB.java:177) ~[ozone-manager-1.4.0-SNAPSHOT.jar:?]
	at org.apache.hadoop.hdds.server.OzoneProtocolMessageDispatcher.processRequest(OzoneProtocolMessageDispatcher.java:87) [hdds-server-framework-1.4.0-SNAPSHOT.jar:?]
	at org.apache.hadoop.ozone.protocolPB.OzoneManagerProtocolServerSideTranslatorPB.submitRequest(OzoneManagerProtocolServerSideTranslatorPB.java:147) [ozone-manager-1.4.0-SNAPSHOT.jar:?]
	at org.apache.hadoop.ozone.protocol.proto.OzoneManagerProtocolProtos$OzoneManagerService$2.callBlockingMethod(OzoneManagerProtocolProtos.java) [ozone-interface-client-1.4.0-SNAPSHOT.jar:?]
	at org.apache.hadoop.ipc.ProtobufRpcEngine$Server.processCall(ProtobufRpcEngine.java:484) [hadoop-common-3.3.5.jar:?]
	at org.apache.hadoop.ipc.ProtobufRpcEngine2$Server$ProtoBufRpcInvoker.call(ProtobufRpcEngine2.java:595) [hadoop-common-3.3.5.jar:?]
	at org.apache.hadoop.ipc.ProtobufRpcEngine2$Server$ProtoBufRpcInvoker.call(ProtobufRpcEngine2.java:573) [hadoop-common-3.3.5.jar:?]
	at org.apache.hadoop.ipc.RPC$Server.call(RPC.java:1213) [hadoop-common-3.3.5.jar:?]
	at org.apache.hadoop.ipc.Server$RpcCall.run(Server.java:1089) [hadoop-common-3.3.5.jar:?]
	at org.apache.hadoop.ipc.Server$RpcCall.run(Server.java:1012) [hadoop-common-3.3.5.jar:?]
	at java.security.AccessController.doPrivileged(Native Method) ~[?:1.8.0_362]
	at javax.security.auth.Subject.doAs(Subject.java:422) [?:1.8.0_362]
	at org.apache.hadoop.security.UserGroupInformation.doAs(UserGroupInformation.java:1899) [hadoop-common-3.3.5.jar:?]
	at org.apache.hadoop.ipc.Server$Handler.run(Server.java:3026) [hadoop-common-3.3.5.jar:?]
]]></system-out>
  </testcase>
  <testcase name="testRenameDestinationParentDoesntExist" classname="TestOzoneFileSystem" time="0.012">
    <system-out><![CDATA[11:26:33.984 [IPC Server handler 3 on default port 44509] ERROR OMAudit - user=runner | ip=127.0.0.1 | op=GET_FILE_STATUS {volume=volume17585, bucket=bucket91798, key=root_dir/b/c, dataSize=0, replicationConfig=null} | ret=FAILURE
org.apache.hadoop.ozone.om.exceptions.OMException: Unable to get file status: volume: volume17585 bucket: bucket91798 key: root_dir/b/c
	at org.apache.hadoop.ozone.om.KeyManagerImpl.getOzoneFileStatus(KeyManagerImpl.java:1200) ~[ozone-manager-1.4.0-SNAPSHOT.jar:?]
	at org.apache.hadoop.ozone.om.KeyManagerImpl.getFileStatus(KeyManagerImpl.java:1118) ~[ozone-manager-1.4.0-SNAPSHOT.jar:?]
	at org.apache.hadoop.ozone.om.OmMetadataReader.getFileStatus(OmMetadataReader.java:288) ~[ozone-manager-1.4.0-SNAPSHOT.jar:?]
	at org.apache.hadoop.ozone.om.OzoneManager.getFileStatus(OzoneManager.java:3491) ~[ozone-manager-1.4.0-SNAPSHOT.jar:?]
	at org.apache.hadoop.ozone.protocolPB.OzoneManagerRequestHandler.getOzoneFileStatus(OzoneManagerRequestHandler.java:934) ~[ozone-manager-1.4.0-SNAPSHOT.jar:?]
	at org.apache.hadoop.ozone.protocolPB.OzoneManagerRequestHandler.handleReadRequest(OzoneManagerRequestHandler.java:238) ~[ozone-manager-1.4.0-SNAPSHOT.jar:?]
	at org.apache.hadoop.ozone.protocolPB.OzoneManagerProtocolServerSideTranslatorPB.submitRequestDirectlyToOM(OzoneManagerProtocolServerSideTranslatorPB.java:272) ~[ozone-manager-1.4.0-SNAPSHOT.jar:?]
	at org.apache.hadoop.ozone.protocolPB.OzoneManagerProtocolServerSideTranslatorPB.processRequest(OzoneManagerProtocolServerSideTranslatorPB.java:173) ~[ozone-manager-1.4.0-SNAPSHOT.jar:?]
	at org.apache.hadoop.hdds.server.OzoneProtocolMessageDispatcher.processRequest(OzoneProtocolMessageDispatcher.java:87) [hdds-server-framework-1.4.0-SNAPSHOT.jar:?]
	at org.apache.hadoop.ozone.protocolPB.OzoneManagerProtocolServerSideTranslatorPB.submitRequest(OzoneManagerProtocolServerSideTranslatorPB.java:147) [ozone-manager-1.4.0-SNAPSHOT.jar:?]
	at org.apache.hadoop.ozone.protocol.proto.OzoneManagerProtocolProtos$OzoneManagerService$2.callBlockingMethod(OzoneManagerProtocolProtos.java) [ozone-interface-client-1.4.0-SNAPSHOT.jar:?]
	at org.apache.hadoop.ipc.ProtobufRpcEngine$Server.processCall(ProtobufRpcEngine.java:484) [hadoop-common-3.3.5.jar:?]
	at org.apache.hadoop.ipc.ProtobufRpcEngine2$Server$ProtoBufRpcInvoker.call(ProtobufRpcEngine2.java:595) [hadoop-common-3.3.5.jar:?]
	at org.apache.hadoop.ipc.ProtobufRpcEngine2$Server$ProtoBufRpcInvoker.call(ProtobufRpcEngine2.java:573) [hadoop-common-3.3.5.jar:?]
	at org.apache.hadoop.ipc.RPC$Server.call(RPC.java:1213) [hadoop-common-3.3.5.jar:?]
	at org.apache.hadoop.ipc.Server$RpcCall.run(Server.java:1089) [hadoop-common-3.3.5.jar:?]
	at org.apache.hadoop.ipc.Server$RpcCall.run(Server.java:1012) [hadoop-common-3.3.5.jar:?]
	at java.security.AccessController.doPrivileged(Native Method) ~[?:1.8.0_362]
	at javax.security.auth.Subject.doAs(Subject.java:422) [?:1.8.0_362]
	at org.apache.hadoop.security.UserGroupInformation.doAs(UserGroupInformation.java:1899) [hadoop-common-3.3.5.jar:?]
	at org.apache.hadoop.ipc.Server$Handler.run(Server.java:3026) [hadoop-common-3.3.5.jar:?]
11:26:33.985 [IPC Server handler 7 on default port 44509] ERROR OMAudit - user=runner | ip=127.0.0.1 | op=GET_FILE_STATUS {volume=volume17585, bucket=bucket91798, key=root_dir/b, dataSize=0, replicationConfig=null} | ret=FAILURE
org.apache.hadoop.ozone.om.exceptions.OMException: Unable to get file status: volume: volume17585 bucket: bucket91798 key: root_dir/b
	at org.apache.hadoop.ozone.om.KeyManagerImpl.getOzoneFileStatus(KeyManagerImpl.java:1200) ~[ozone-manager-1.4.0-SNAPSHOT.jar:?]
	at org.apache.hadoop.ozone.om.KeyManagerImpl.getFileStatus(KeyManagerImpl.java:1118) ~[ozone-manager-1.4.0-SNAPSHOT.jar:?]
	at org.apache.hadoop.ozone.om.OmMetadataReader.getFileStatus(OmMetadataReader.java:288) ~[ozone-manager-1.4.0-SNAPSHOT.jar:?]
	at org.apache.hadoop.ozone.om.OzoneManager.getFileStatus(OzoneManager.java:3491) ~[ozone-manager-1.4.0-SNAPSHOT.jar:?]
	at org.apache.hadoop.ozone.protocolPB.OzoneManagerRequestHandler.getOzoneFileStatus(OzoneManagerRequestHandler.java:934) ~[ozone-manager-1.4.0-SNAPSHOT.jar:?]
	at org.apache.hadoop.ozone.protocolPB.OzoneManagerRequestHandler.handleReadRequest(OzoneManagerRequestHandler.java:238) ~[ozone-manager-1.4.0-SNAPSHOT.jar:?]
	at org.apache.hadoop.ozone.protocolPB.OzoneManagerProtocolServerSideTranslatorPB.submitRequestDirectlyToOM(OzoneManagerProtocolServerSideTranslatorPB.java:272) ~[ozone-manager-1.4.0-SNAPSHOT.jar:?]
	at org.apache.hadoop.ozone.protocolPB.OzoneManagerProtocolServerSideTranslatorPB.processRequest(OzoneManagerProtocolServerSideTranslatorPB.java:173) ~[ozone-manager-1.4.0-SNAPSHOT.jar:?]
	at org.apache.hadoop.hdds.server.OzoneProtocolMessageDispatcher.processRequest(OzoneProtocolMessageDispatcher.java:87) [hdds-server-framework-1.4.0-SNAPSHOT.jar:?]
	at org.apache.hadoop.ozone.protocolPB.OzoneManagerProtocolServerSideTranslatorPB.submitRequest(OzoneManagerProtocolServerSideTranslatorPB.java:147) [ozone-manager-1.4.0-SNAPSHOT.jar:?]
	at org.apache.hadoop.ozone.protocol.proto.OzoneManagerProtocolProtos$OzoneManagerService$2.callBlockingMethod(OzoneManagerProtocolProtos.java) [ozone-interface-client-1.4.0-SNAPSHOT.jar:?]
	at org.apache.hadoop.ipc.ProtobufRpcEngine$Server.processCall(ProtobufRpcEngine.java:484) [hadoop-common-3.3.5.jar:?]
	at org.apache.hadoop.ipc.ProtobufRpcEngine2$Server$ProtoBufRpcInvoker.call(ProtobufRpcEngine2.java:595) [hadoop-common-3.3.5.jar:?]
	at org.apache.hadoop.ipc.ProtobufRpcEngine2$Server$ProtoBufRpcInvoker.call(ProtobufRpcEngine2.java:573) [hadoop-common-3.3.5.jar:?]
	at org.apache.hadoop.ipc.RPC$Server.call(RPC.java:1213) [hadoop-common-3.3.5.jar:?]
	at org.apache.hadoop.ipc.Server$RpcCall.run(Server.java:1089) [hadoop-common-3.3.5.jar:?]
	at org.apache.hadoop.ipc.Server$RpcCall.run(Server.java:1012) [hadoop-common-3.3.5.jar:?]
	at java.security.AccessController.doPrivileged(Native Method) ~[?:1.8.0_362]
	at javax.security.auth.Subject.doAs(Subject.java:422) [?:1.8.0_362]
	at org.apache.hadoop.security.UserGroupInformation.doAs(UserGroupInformation.java:1899) [hadoop-common-3.3.5.jar:?]
	at org.apache.hadoop.ipc.Server$Handler.run(Server.java:3026) [hadoop-common-3.3.5.jar:?]
2023-04-11 11:26:33,991 [IPC Server handler 9 on default port 44509] INFO  key.OMKeyRequest (OMKeyRequest.java:wrapUncommittedBlocksAsPseudoKey(838)) - Detect allocated but uncommitted blocks [{blockID={containerID=3, localID=111677748019200007}, length=4194304, offset=0, token=null, pipeline=null, createVersion=0, partNumber=0}] in key root_dir/file1.
11:26:33.992 [IPC Server handler 12 on default port 44509] ERROR OMAudit - user=runner | ip=127.0.0.1 | op=GET_FILE_STATUS {volume=volume17585, bucket=bucket91798, key=root_dir/file1/c, dataSize=0, replicationConfig=null} | ret=FAILURE
org.apache.hadoop.ozone.om.exceptions.OMException: Unable to get file status: volume: volume17585 bucket: bucket91798 key: root_dir/file1/c
	at org.apache.hadoop.ozone.om.KeyManagerImpl.getOzoneFileStatus(KeyManagerImpl.java:1200) ~[ozone-manager-1.4.0-SNAPSHOT.jar:?]
	at org.apache.hadoop.ozone.om.KeyManagerImpl.getFileStatus(KeyManagerImpl.java:1118) ~[ozone-manager-1.4.0-SNAPSHOT.jar:?]
	at org.apache.hadoop.ozone.om.OmMetadataReader.getFileStatus(OmMetadataReader.java:288) ~[ozone-manager-1.4.0-SNAPSHOT.jar:?]
	at org.apache.hadoop.ozone.om.OzoneManager.getFileStatus(OzoneManager.java:3491) ~[ozone-manager-1.4.0-SNAPSHOT.jar:?]
	at org.apache.hadoop.ozone.protocolPB.OzoneManagerRequestHandler.getOzoneFileStatus(OzoneManagerRequestHandler.java:934) ~[ozone-manager-1.4.0-SNAPSHOT.jar:?]
	at org.apache.hadoop.ozone.protocolPB.OzoneManagerRequestHandler.handleReadRequest(OzoneManagerRequestHandler.java:238) ~[ozone-manager-1.4.0-SNAPSHOT.jar:?]
	at org.apache.hadoop.ozone.protocolPB.OzoneManagerProtocolServerSideTranslatorPB.submitRequestDirectlyToOM(OzoneManagerProtocolServerSideTranslatorPB.java:272) ~[ozone-manager-1.4.0-SNAPSHOT.jar:?]
	at org.apache.hadoop.ozone.protocolPB.OzoneManagerProtocolServerSideTranslatorPB.processRequest(OzoneManagerProtocolServerSideTranslatorPB.java:173) ~[ozone-manager-1.4.0-SNAPSHOT.jar:?]
	at org.apache.hadoop.hdds.server.OzoneProtocolMessageDispatcher.processRequest(OzoneProtocolMessageDispatcher.java:87) [hdds-server-framework-1.4.0-SNAPSHOT.jar:?]
	at org.apache.hadoop.ozone.protocolPB.OzoneManagerProtocolServerSideTranslatorPB.submitRequest(OzoneManagerProtocolServerSideTranslatorPB.java:147) [ozone-manager-1.4.0-SNAPSHOT.jar:?]
	at org.apache.hadoop.ozone.protocol.proto.OzoneManagerProtocolProtos$OzoneManagerService$2.callBlockingMethod(OzoneManagerProtocolProtos.java) [ozone-interface-client-1.4.0-SNAPSHOT.jar:?]
	at org.apache.hadoop.ipc.ProtobufRpcEngine$Server.processCall(ProtobufRpcEngine.java:484) [hadoop-common-3.3.5.jar:?]
	at org.apache.hadoop.ipc.ProtobufRpcEngine2$Server$ProtoBufRpcInvoker.call(ProtobufRpcEngine2.java:595) [hadoop-common-3.3.5.jar:?]
	at org.apache.hadoop.ipc.ProtobufRpcEngine2$Server$ProtoBufRpcInvoker.call(ProtobufRpcEngine2.java:573) [hadoop-common-3.3.5.jar:?]
	at org.apache.hadoop.ipc.RPC$Server.call(RPC.java:1213) [hadoop-common-3.3.5.jar:?]
	at org.apache.hadoop.ipc.Server$RpcCall.run(Server.java:1089) [hadoop-common-3.3.5.jar:?]
	at org.apache.hadoop.ipc.Server$RpcCall.run(Server.java:1012) [hadoop-common-3.3.5.jar:?]
	at java.security.AccessController.doPrivileged(Native Method) ~[?:1.8.0_362]
	at javax.security.auth.Subject.doAs(Subject.java:422) [?:1.8.0_362]
	at org.apache.hadoop.security.UserGroupInformation.doAs(UserGroupInformation.java:1899) [hadoop-common-3.3.5.jar:?]
	at org.apache.hadoop.ipc.Server$Handler.run(Server.java:3026) [hadoop-common-3.3.5.jar:?]
]]></system-out>
  </testcase>
  <testcase name="testCreateWithInvalidPaths" classname="TestOzoneFileSystem" time="0.009"/>
  <testcase name="testCreateWithInvalidPaths" classname="TestOzoneFileSystem" time="0.004"/>
  <testcase name="testCreateWithInvalidPaths" classname="TestOzoneFileSystem" time="0.004"/>
  <testcase name="testCreateWithInvalidPaths" classname="TestOzoneFileSystem" time="0.002"/>
  <testcase name="testListStatusOnRoot" classname="TestOzoneFileSystem" time="0.035"/>
  <testcase name="testListStatusOnRoot" classname="TestOzoneFileSystem" time="0.019"/>
  <testcase name="testListStatusOnRoot" classname="TestOzoneFileSystem" time="0.009"/>
  <testcase name="testListStatusOnRoot" classname="TestOzoneFileSystem" time="0.006"/>
  <testcase name="testRenameWithNonExistentSource" classname="TestOzoneFileSystem" time="0.022">
    <system-out><![CDATA[2023-04-11 11:23:34,644 [Time-limited test] INFO  ozone.TestOzoneFileSystem (TestOzoneFileSystem.java:testRenameWithNonExistentSource(1154)) - Created destin dir: o3fs://bucket96393.volume14578/root/dir2
2023-04-11 11:23:34,644 [Time-limited test] INFO  ozone.TestOzoneFileSystem (TestOzoneFileSystem.java:testRenameWithNonExistentSource(1156)) - Rename op-> source:o3fs://bucket96393.volume14578/root/dir1 to destin:o3fs://bucket96393.volume14578/root/dir2}
11:23:34.645 [IPC Server handler 13 on default port 36763] ERROR OMAudit - user=runner | ip=127.0.0.1 | op=GET_FILE_STATUS {volume=volume14578, bucket=bucket96393, key=root/dir1, dataSize=0, replicationConfig=null} | ret=FAILURE
org.apache.hadoop.ozone.om.exceptions.OMException: Unable to get file status: volume: volume14578 bucket: bucket96393 key: root/dir1
	at org.apache.hadoop.ozone.om.KeyManagerImpl.getOzoneFileStatus(KeyManagerImpl.java:1200) ~[ozone-manager-1.4.0-SNAPSHOT.jar:?]
	at org.apache.hadoop.ozone.om.KeyManagerImpl.getFileStatus(KeyManagerImpl.java:1118) ~[ozone-manager-1.4.0-SNAPSHOT.jar:?]
	at org.apache.hadoop.ozone.om.OmMetadataReader.getFileStatus(OmMetadataReader.java:288) ~[ozone-manager-1.4.0-SNAPSHOT.jar:?]
	at org.apache.hadoop.ozone.om.OzoneManager.getFileStatus(OzoneManager.java:3491) ~[ozone-manager-1.4.0-SNAPSHOT.jar:?]
	at org.apache.hadoop.ozone.protocolPB.OzoneManagerRequestHandler.getOzoneFileStatus(OzoneManagerRequestHandler.java:934) ~[ozone-manager-1.4.0-SNAPSHOT.jar:?]
	at org.apache.hadoop.ozone.protocolPB.OzoneManagerRequestHandler.handleReadRequest(OzoneManagerRequestHandler.java:238) ~[ozone-manager-1.4.0-SNAPSHOT.jar:?]
	at org.apache.hadoop.ozone.protocolPB.OzoneManagerProtocolServerSideTranslatorPB.submitReadRequestToOM(OzoneManagerProtocolServerSideTranslatorPB.java:223) ~[ozone-manager-1.4.0-SNAPSHOT.jar:?]
	at org.apache.hadoop.ozone.protocolPB.OzoneManagerProtocolServerSideTranslatorPB.processRequest(OzoneManagerProtocolServerSideTranslatorPB.java:177) ~[ozone-manager-1.4.0-SNAPSHOT.jar:?]
	at org.apache.hadoop.hdds.server.OzoneProtocolMessageDispatcher.processRequest(OzoneProtocolMessageDispatcher.java:87) [hdds-server-framework-1.4.0-SNAPSHOT.jar:?]
	at org.apache.hadoop.ozone.protocolPB.OzoneManagerProtocolServerSideTranslatorPB.submitRequest(OzoneManagerProtocolServerSideTranslatorPB.java:147) [ozone-manager-1.4.0-SNAPSHOT.jar:?]
	at org.apache.hadoop.ozone.protocol.proto.OzoneManagerProtocolProtos$OzoneManagerService$2.callBlockingMethod(OzoneManagerProtocolProtos.java) [ozone-interface-client-1.4.0-SNAPSHOT.jar:?]
	at org.apache.hadoop.ipc.ProtobufRpcEngine$Server.processCall(ProtobufRpcEngine.java:484) [hadoop-common-3.3.5.jar:?]
	at org.apache.hadoop.ipc.ProtobufRpcEngine2$Server$ProtoBufRpcInvoker.call(ProtobufRpcEngine2.java:595) [hadoop-common-3.3.5.jar:?]
	at org.apache.hadoop.ipc.ProtobufRpcEngine2$Server$ProtoBufRpcInvoker.call(ProtobufRpcEngine2.java:573) [hadoop-common-3.3.5.jar:?]
	at org.apache.hadoop.ipc.RPC$Server.call(RPC.java:1213) [hadoop-common-3.3.5.jar:?]
	at org.apache.hadoop.ipc.Server$RpcCall.run(Server.java:1089) [hadoop-common-3.3.5.jar:?]
	at org.apache.hadoop.ipc.Server$RpcCall.run(Server.java:1012) [hadoop-common-3.3.5.jar:?]
	at java.security.AccessController.doPrivileged(Native Method) ~[?:1.8.0_362]
	at javax.security.auth.Subject.doAs(Subject.java:422) [?:1.8.0_362]
	at org.apache.hadoop.security.UserGroupInformation.doAs(UserGroupInformation.java:1899) [hadoop-common-3.3.5.jar:?]
	at org.apache.hadoop.ipc.Server$Handler.run(Server.java:3026) [hadoop-common-3.3.5.jar:?]
]]></system-out>
  </testcase>
  <testcase name="testRenameWithNonExistentSource" classname="TestOzoneFileSystem" time="0.014">
    <system-out><![CDATA[2023-04-11 11:24:44,075 [Time-limited test] INFO  ozone.TestOzoneFileSystem (TestOzoneFileSystem.java:testRenameWithNonExistentSource(1154)) - Created destin dir: o3fs://bucket17726.volume23474/root/dir2
2023-04-11 11:24:44,075 [Time-limited test] INFO  ozone.TestOzoneFileSystem (TestOzoneFileSystem.java:testRenameWithNonExistentSource(1156)) - Rename op-> source:o3fs://bucket17726.volume23474/root/dir1 to destin:o3fs://bucket17726.volume23474/root/dir2}
11:24:44.076 [IPC Server handler 17 on default port 36969] ERROR OMAudit - user=runner | ip=127.0.0.1 | op=GET_FILE_STATUS {volume=volume23474, bucket=bucket17726, key=root/dir1, dataSize=0, replicationConfig=null} | ret=FAILURE
org.apache.hadoop.ozone.om.exceptions.OMException: Unable to get file status: volume: volume23474 bucket: bucket17726 key: root/dir1
	at org.apache.hadoop.ozone.om.KeyManagerImpl.getOzoneFileStatus(KeyManagerImpl.java:1200) ~[ozone-manager-1.4.0-SNAPSHOT.jar:?]
	at org.apache.hadoop.ozone.om.KeyManagerImpl.getFileStatus(KeyManagerImpl.java:1118) ~[ozone-manager-1.4.0-SNAPSHOT.jar:?]
	at org.apache.hadoop.ozone.om.OmMetadataReader.getFileStatus(OmMetadataReader.java:288) ~[ozone-manager-1.4.0-SNAPSHOT.jar:?]
	at org.apache.hadoop.ozone.om.OzoneManager.getFileStatus(OzoneManager.java:3491) ~[ozone-manager-1.4.0-SNAPSHOT.jar:?]
	at org.apache.hadoop.ozone.protocolPB.OzoneManagerRequestHandler.getOzoneFileStatus(OzoneManagerRequestHandler.java:934) ~[ozone-manager-1.4.0-SNAPSHOT.jar:?]
	at org.apache.hadoop.ozone.protocolPB.OzoneManagerRequestHandler.handleReadRequest(OzoneManagerRequestHandler.java:238) ~[ozone-manager-1.4.0-SNAPSHOT.jar:?]
	at org.apache.hadoop.ozone.protocolPB.OzoneManagerProtocolServerSideTranslatorPB.submitRequestDirectlyToOM(OzoneManagerProtocolServerSideTranslatorPB.java:272) ~[ozone-manager-1.4.0-SNAPSHOT.jar:?]
	at org.apache.hadoop.ozone.protocolPB.OzoneManagerProtocolServerSideTranslatorPB.processRequest(OzoneManagerProtocolServerSideTranslatorPB.java:173) ~[ozone-manager-1.4.0-SNAPSHOT.jar:?]
	at org.apache.hadoop.hdds.server.OzoneProtocolMessageDispatcher.processRequest(OzoneProtocolMessageDispatcher.java:87) [hdds-server-framework-1.4.0-SNAPSHOT.jar:?]
	at org.apache.hadoop.ozone.protocolPB.OzoneManagerProtocolServerSideTranslatorPB.submitRequest(OzoneManagerProtocolServerSideTranslatorPB.java:147) [ozone-manager-1.4.0-SNAPSHOT.jar:?]
	at org.apache.hadoop.ozone.protocol.proto.OzoneManagerProtocolProtos$OzoneManagerService$2.callBlockingMethod(OzoneManagerProtocolProtos.java) [ozone-interface-client-1.4.0-SNAPSHOT.jar:?]
	at org.apache.hadoop.ipc.ProtobufRpcEngine$Server.processCall(ProtobufRpcEngine.java:484) [hadoop-common-3.3.5.jar:?]
	at org.apache.hadoop.ipc.ProtobufRpcEngine2$Server$ProtoBufRpcInvoker.call(ProtobufRpcEngine2.java:595) [hadoop-common-3.3.5.jar:?]
	at org.apache.hadoop.ipc.ProtobufRpcEngine2$Server$ProtoBufRpcInvoker.call(ProtobufRpcEngine2.java:573) [hadoop-common-3.3.5.jar:?]
	at org.apache.hadoop.ipc.RPC$Server.call(RPC.java:1213) [hadoop-common-3.3.5.jar:?]
	at org.apache.hadoop.ipc.Server$RpcCall.run(Server.java:1089) [hadoop-common-3.3.5.jar:?]
	at org.apache.hadoop.ipc.Server$RpcCall.run(Server.java:1012) [hadoop-common-3.3.5.jar:?]
	at java.security.AccessController.doPrivileged(Native Method) ~[?:1.8.0_362]
	at javax.security.auth.Subject.doAs(Subject.java:422) [?:1.8.0_362]
	at org.apache.hadoop.security.UserGroupInformation.doAs(UserGroupInformation.java:1899) [hadoop-common-3.3.5.jar:?]
	at org.apache.hadoop.ipc.Server$Handler.run(Server.java:3026) [hadoop-common-3.3.5.jar:?]
]]></system-out>
  </testcase>
  <testcase name="testRenameWithNonExistentSource" classname="TestOzoneFileSystem" time="0.005">
    <system-out><![CDATA[2023-04-11 11:25:35,415 [Time-limited test] INFO  ozone.TestOzoneFileSystem (TestOzoneFileSystem.java:testRenameWithNonExistentSource(1154)) - Created destin dir: o3fs://bucket98076.volume21709/root/dir2
2023-04-11 11:25:35,415 [Time-limited test] INFO  ozone.TestOzoneFileSystem (TestOzoneFileSystem.java:testRenameWithNonExistentSource(1156)) - Rename op-> source:o3fs://bucket98076.volume21709/root/dir1 to destin:o3fs://bucket98076.volume21709/root/dir2}
11:25:35.415 [IPC Server handler 0 on default port 39679] ERROR OMAudit - user=runner | ip=127.0.0.1 | op=GET_FILE_STATUS {volume=volume21709, bucket=bucket98076, key=root/dir1, dataSize=0, replicationConfig=null} | ret=FAILURE
org.apache.hadoop.ozone.om.exceptions.OMException: Unable to get file status: volume: volume21709 bucket: bucket98076 key: root/dir1
	at org.apache.hadoop.ozone.om.KeyManagerImpl.getOzoneFileStatus(KeyManagerImpl.java:1200) ~[ozone-manager-1.4.0-SNAPSHOT.jar:?]
	at org.apache.hadoop.ozone.om.KeyManagerImpl.getFileStatus(KeyManagerImpl.java:1118) ~[ozone-manager-1.4.0-SNAPSHOT.jar:?]
	at org.apache.hadoop.ozone.om.OmMetadataReader.getFileStatus(OmMetadataReader.java:288) ~[ozone-manager-1.4.0-SNAPSHOT.jar:?]
	at org.apache.hadoop.ozone.om.OzoneManager.getFileStatus(OzoneManager.java:3491) ~[ozone-manager-1.4.0-SNAPSHOT.jar:?]
	at org.apache.hadoop.ozone.protocolPB.OzoneManagerRequestHandler.getOzoneFileStatus(OzoneManagerRequestHandler.java:934) ~[ozone-manager-1.4.0-SNAPSHOT.jar:?]
	at org.apache.hadoop.ozone.protocolPB.OzoneManagerRequestHandler.handleReadRequest(OzoneManagerRequestHandler.java:238) ~[ozone-manager-1.4.0-SNAPSHOT.jar:?]
	at org.apache.hadoop.ozone.protocolPB.OzoneManagerProtocolServerSideTranslatorPB.submitReadRequestToOM(OzoneManagerProtocolServerSideTranslatorPB.java:223) ~[ozone-manager-1.4.0-SNAPSHOT.jar:?]
	at org.apache.hadoop.ozone.protocolPB.OzoneManagerProtocolServerSideTranslatorPB.processRequest(OzoneManagerProtocolServerSideTranslatorPB.java:177) ~[ozone-manager-1.4.0-SNAPSHOT.jar:?]
	at org.apache.hadoop.hdds.server.OzoneProtocolMessageDispatcher.processRequest(OzoneProtocolMessageDispatcher.java:87) [hdds-server-framework-1.4.0-SNAPSHOT.jar:?]
	at org.apache.hadoop.ozone.protocolPB.OzoneManagerProtocolServerSideTranslatorPB.submitRequest(OzoneManagerProtocolServerSideTranslatorPB.java:147) [ozone-manager-1.4.0-SNAPSHOT.jar:?]
	at org.apache.hadoop.ozone.protocol.proto.OzoneManagerProtocolProtos$OzoneManagerService$2.callBlockingMethod(OzoneManagerProtocolProtos.java) [ozone-interface-client-1.4.0-SNAPSHOT.jar:?]
	at org.apache.hadoop.ipc.ProtobufRpcEngine$Server.processCall(ProtobufRpcEngine.java:484) [hadoop-common-3.3.5.jar:?]
	at org.apache.hadoop.ipc.ProtobufRpcEngine2$Server$ProtoBufRpcInvoker.call(ProtobufRpcEngine2.java:595) [hadoop-common-3.3.5.jar:?]
	at org.apache.hadoop.ipc.ProtobufRpcEngine2$Server$ProtoBufRpcInvoker.call(ProtobufRpcEngine2.java:573) [hadoop-common-3.3.5.jar:?]
	at org.apache.hadoop.ipc.RPC$Server.call(RPC.java:1213) [hadoop-common-3.3.5.jar:?]
	at org.apache.hadoop.ipc.Server$RpcCall.run(Server.java:1089) [hadoop-common-3.3.5.jar:?]
	at org.apache.hadoop.ipc.Server$RpcCall.run(Server.java:1012) [hadoop-common-3.3.5.jar:?]
	at java.security.AccessController.doPrivileged(Native Method) ~[?:1.8.0_362]
	at javax.security.auth.Subject.doAs(Subject.java:422) [?:1.8.0_362]
	at org.apache.hadoop.security.UserGroupInformation.doAs(UserGroupInformation.java:1899) [hadoop-common-3.3.5.jar:?]
	at org.apache.hadoop.ipc.Server$Handler.run(Server.java:3026) [hadoop-common-3.3.5.jar:?]
]]></system-out>
  </testcase>
  <testcase name="testRenameWithNonExistentSource" classname="TestOzoneFileSystem" time="0.004">
    <system-out><![CDATA[2023-04-11 11:26:34,004 [Time-limited test] INFO  ozone.TestOzoneFileSystem (TestOzoneFileSystem.java:testRenameWithNonExistentSource(1154)) - Created destin dir: o3fs://bucket91798.volume17585/root/dir2
2023-04-11 11:26:34,004 [Time-limited test] INFO  ozone.TestOzoneFileSystem (TestOzoneFileSystem.java:testRenameWithNonExistentSource(1156)) - Rename op-> source:o3fs://bucket91798.volume17585/root/dir1 to destin:o3fs://bucket91798.volume17585/root/dir2}
11:26:34.004 [IPC Server handler 17 on default port 44509] ERROR OMAudit - user=runner | ip=127.0.0.1 | op=GET_FILE_STATUS {volume=volume17585, bucket=bucket91798, key=root/dir1, dataSize=0, replicationConfig=null} | ret=FAILURE
org.apache.hadoop.ozone.om.exceptions.OMException: Unable to get file status: volume: volume17585 bucket: bucket91798 key: root/dir1
	at org.apache.hadoop.ozone.om.KeyManagerImpl.getOzoneFileStatus(KeyManagerImpl.java:1200) ~[ozone-manager-1.4.0-SNAPSHOT.jar:?]
	at org.apache.hadoop.ozone.om.KeyManagerImpl.getFileStatus(KeyManagerImpl.java:1118) ~[ozone-manager-1.4.0-SNAPSHOT.jar:?]
	at org.apache.hadoop.ozone.om.OmMetadataReader.getFileStatus(OmMetadataReader.java:288) ~[ozone-manager-1.4.0-SNAPSHOT.jar:?]
	at org.apache.hadoop.ozone.om.OzoneManager.getFileStatus(OzoneManager.java:3491) ~[ozone-manager-1.4.0-SNAPSHOT.jar:?]
	at org.apache.hadoop.ozone.protocolPB.OzoneManagerRequestHandler.getOzoneFileStatus(OzoneManagerRequestHandler.java:934) ~[ozone-manager-1.4.0-SNAPSHOT.jar:?]
	at org.apache.hadoop.ozone.protocolPB.OzoneManagerRequestHandler.handleReadRequest(OzoneManagerRequestHandler.java:238) ~[ozone-manager-1.4.0-SNAPSHOT.jar:?]
	at org.apache.hadoop.ozone.protocolPB.OzoneManagerProtocolServerSideTranslatorPB.submitRequestDirectlyToOM(OzoneManagerProtocolServerSideTranslatorPB.java:272) ~[ozone-manager-1.4.0-SNAPSHOT.jar:?]
	at org.apache.hadoop.ozone.protocolPB.OzoneManagerProtocolServerSideTranslatorPB.processRequest(OzoneManagerProtocolServerSideTranslatorPB.java:173) ~[ozone-manager-1.4.0-SNAPSHOT.jar:?]
	at org.apache.hadoop.hdds.server.OzoneProtocolMessageDispatcher.processRequest(OzoneProtocolMessageDispatcher.java:87) [hdds-server-framework-1.4.0-SNAPSHOT.jar:?]
	at org.apache.hadoop.ozone.protocolPB.OzoneManagerProtocolServerSideTranslatorPB.submitRequest(OzoneManagerProtocolServerSideTranslatorPB.java:147) [ozone-manager-1.4.0-SNAPSHOT.jar:?]
	at org.apache.hadoop.ozone.protocol.proto.OzoneManagerProtocolProtos$OzoneManagerService$2.callBlockingMethod(OzoneManagerProtocolProtos.java) [ozone-interface-client-1.4.0-SNAPSHOT.jar:?]
	at org.apache.hadoop.ipc.ProtobufRpcEngine$Server.processCall(ProtobufRpcEngine.java:484) [hadoop-common-3.3.5.jar:?]
	at org.apache.hadoop.ipc.ProtobufRpcEngine2$Server$ProtoBufRpcInvoker.call(ProtobufRpcEngine2.java:595) [hadoop-common-3.3.5.jar:?]
	at org.apache.hadoop.ipc.ProtobufRpcEngine2$Server$ProtoBufRpcInvoker.call(ProtobufRpcEngine2.java:573) [hadoop-common-3.3.5.jar:?]
	at org.apache.hadoop.ipc.RPC$Server.call(RPC.java:1213) [hadoop-common-3.3.5.jar:?]
	at org.apache.hadoop.ipc.Server$RpcCall.run(Server.java:1089) [hadoop-common-3.3.5.jar:?]
	at org.apache.hadoop.ipc.Server$RpcCall.run(Server.java:1012) [hadoop-common-3.3.5.jar:?]
	at java.security.AccessController.doPrivileged(Native Method) ~[?:1.8.0_362]
	at javax.security.auth.Subject.doAs(Subject.java:422) [?:1.8.0_362]
	at org.apache.hadoop.security.UserGroupInformation.doAs(UserGroupInformation.java:1899) [hadoop-common-3.3.5.jar:?]
	at org.apache.hadoop.ipc.Server$Handler.run(Server.java:3026) [hadoop-common-3.3.5.jar:?]
]]></system-out>
  </testcase>
  <testcase name="testRenameToParentDir" classname="TestOzoneFileSystem" time="0.072">
    <system-out><![CDATA[2023-04-11 11:23:34,685 [OM StateMachine ApplyTransaction Thread - 0] INFO  key.OMKeyRequest (OMKeyRequest.java:wrapUncommittedBlocksAsPseudoKey(838)) - Detect allocated but uncommitted blocks [{blockID={containerID=3, localID=111677748019200008}, length=4194304, offset=0, token=null, pipeline=null, createVersion=0, partNumber=0}] in key root_dir/dir1/file2.
11:23:34.692 [IPC Server handler 4 on default port 36763] ERROR OMAudit - user=runner | ip=127.0.0.1 | op=LIST_STATUS {volume=volume14578, bucket=bucket96393, key=root_dir/dir2, dataSize=0, replicationConfig=null} | ret=FAILURE
org.apache.hadoop.ozone.om.exceptions.OMException: Unable to get file status: volume: volume14578 bucket: bucket96393 key: root_dir/dir2
	at org.apache.hadoop.ozone.om.KeyManagerImpl.getOzoneFileStatus(KeyManagerImpl.java:1200) ~[ozone-manager-1.4.0-SNAPSHOT.jar:?]
	at org.apache.hadoop.ozone.om.KeyManagerImpl.getFileStatus(KeyManagerImpl.java:1118) ~[ozone-manager-1.4.0-SNAPSHOT.jar:?]
	at org.apache.hadoop.ozone.om.KeyManagerImpl.listStatus(KeyManagerImpl.java:1508) ~[ozone-manager-1.4.0-SNAPSHOT.jar:?]
	at org.apache.hadoop.ozone.om.OmMetadataReader.listStatus(OmMetadataReader.java:261) ~[ozone-manager-1.4.0-SNAPSHOT.jar:?]
	at org.apache.hadoop.ozone.om.OzoneManager.listStatus(OzoneManager.java:3510) ~[ozone-manager-1.4.0-SNAPSHOT.jar:?]
	at org.apache.hadoop.ozone.protocolPB.OzoneManagerRequestHandler.listStatus(OzoneManagerRequestHandler.java:1098) ~[ozone-manager-1.4.0-SNAPSHOT.jar:?]
	at org.apache.hadoop.ozone.protocolPB.OzoneManagerRequestHandler.handleReadRequest(OzoneManagerRequestHandler.java:249) ~[ozone-manager-1.4.0-SNAPSHOT.jar:?]
	at org.apache.hadoop.ozone.protocolPB.OzoneManagerProtocolServerSideTranslatorPB.submitReadRequestToOM(OzoneManagerProtocolServerSideTranslatorPB.java:223) ~[ozone-manager-1.4.0-SNAPSHOT.jar:?]
	at org.apache.hadoop.ozone.protocolPB.OzoneManagerProtocolServerSideTranslatorPB.processRequest(OzoneManagerProtocolServerSideTranslatorPB.java:177) ~[ozone-manager-1.4.0-SNAPSHOT.jar:?]
	at org.apache.hadoop.hdds.server.OzoneProtocolMessageDispatcher.processRequest(OzoneProtocolMessageDispatcher.java:87) [hdds-server-framework-1.4.0-SNAPSHOT.jar:?]
	at org.apache.hadoop.ozone.protocolPB.OzoneManagerProtocolServerSideTranslatorPB.submitRequest(OzoneManagerProtocolServerSideTranslatorPB.java:147) [ozone-manager-1.4.0-SNAPSHOT.jar:?]
	at org.apache.hadoop.ozone.protocol.proto.OzoneManagerProtocolProtos$OzoneManagerService$2.callBlockingMethod(OzoneManagerProtocolProtos.java) [ozone-interface-client-1.4.0-SNAPSHOT.jar:?]
	at org.apache.hadoop.ipc.ProtobufRpcEngine$Server.processCall(ProtobufRpcEngine.java:484) [hadoop-common-3.3.5.jar:?]
	at org.apache.hadoop.ipc.ProtobufRpcEngine2$Server$ProtoBufRpcInvoker.call(ProtobufRpcEngine2.java:595) [hadoop-common-3.3.5.jar:?]
	at org.apache.hadoop.ipc.ProtobufRpcEngine2$Server$ProtoBufRpcInvoker.call(ProtobufRpcEngine2.java:573) [hadoop-common-3.3.5.jar:?]
	at org.apache.hadoop.ipc.RPC$Server.call(RPC.java:1213) [hadoop-common-3.3.5.jar:?]
	at org.apache.hadoop.ipc.Server$RpcCall.run(Server.java:1089) [hadoop-common-3.3.5.jar:?]
	at org.apache.hadoop.ipc.Server$RpcCall.run(Server.java:1012) [hadoop-common-3.3.5.jar:?]
	at java.security.AccessController.doPrivileged(Native Method) ~[?:1.8.0_362]
	at javax.security.auth.Subject.doAs(Subject.java:422) [?:1.8.0_362]
	at org.apache.hadoop.security.UserGroupInformation.doAs(UserGroupInformation.java:1899) [hadoop-common-3.3.5.jar:?]
	at org.apache.hadoop.ipc.Server$Handler.run(Server.java:3026) [hadoop-common-3.3.5.jar:?]
11:23:34.709 [IPC Server handler 15 on default port 36763] ERROR OMAudit - user=runner | ip=127.0.0.1 | op=LIST_STATUS {volume=volume14578, bucket=bucket96393, key=root_dir/file2, dataSize=0, replicationConfig=null} | ret=FAILURE
org.apache.hadoop.ozone.om.exceptions.OMException: Unable to get file status: volume: volume14578 bucket: bucket96393 key: root_dir/file2
	at org.apache.hadoop.ozone.om.KeyManagerImpl.getOzoneFileStatus(KeyManagerImpl.java:1200) ~[ozone-manager-1.4.0-SNAPSHOT.jar:?]
	at org.apache.hadoop.ozone.om.KeyManagerImpl.getFileStatus(KeyManagerImpl.java:1118) ~[ozone-manager-1.4.0-SNAPSHOT.jar:?]
	at org.apache.hadoop.ozone.om.KeyManagerImpl.listStatus(KeyManagerImpl.java:1508) ~[ozone-manager-1.4.0-SNAPSHOT.jar:?]
	at org.apache.hadoop.ozone.om.OmMetadataReader.listStatus(OmMetadataReader.java:261) ~[ozone-manager-1.4.0-SNAPSHOT.jar:?]
	at org.apache.hadoop.ozone.om.OzoneManager.listStatus(OzoneManager.java:3510) ~[ozone-manager-1.4.0-SNAPSHOT.jar:?]
	at org.apache.hadoop.ozone.protocolPB.OzoneManagerRequestHandler.listStatus(OzoneManagerRequestHandler.java:1098) ~[ozone-manager-1.4.0-SNAPSHOT.jar:?]
	at org.apache.hadoop.ozone.protocolPB.OzoneManagerRequestHandler.handleReadRequest(OzoneManagerRequestHandler.java:249) ~[ozone-manager-1.4.0-SNAPSHOT.jar:?]
	at org.apache.hadoop.ozone.protocolPB.OzoneManagerProtocolServerSideTranslatorPB.submitReadRequestToOM(OzoneManagerProtocolServerSideTranslatorPB.java:223) ~[ozone-manager-1.4.0-SNAPSHOT.jar:?]
	at org.apache.hadoop.ozone.protocolPB.OzoneManagerProtocolServerSideTranslatorPB.processRequest(OzoneManagerProtocolServerSideTranslatorPB.java:177) ~[ozone-manager-1.4.0-SNAPSHOT.jar:?]
	at org.apache.hadoop.hdds.server.OzoneProtocolMessageDispatcher.processRequest(OzoneProtocolMessageDispatcher.java:87) [hdds-server-framework-1.4.0-SNAPSHOT.jar:?]
	at org.apache.hadoop.ozone.protocolPB.OzoneManagerProtocolServerSideTranslatorPB.submitRequest(OzoneManagerProtocolServerSideTranslatorPB.java:147) [ozone-manager-1.4.0-SNAPSHOT.jar:?]
	at org.apache.hadoop.ozone.protocol.proto.OzoneManagerProtocolProtos$OzoneManagerService$2.callBlockingMethod(OzoneManagerProtocolProtos.java) [ozone-interface-client-1.4.0-SNAPSHOT.jar:?]
	at org.apache.hadoop.ipc.ProtobufRpcEngine$Server.processCall(ProtobufRpcEngine.java:484) [hadoop-common-3.3.5.jar:?]
	at org.apache.hadoop.ipc.ProtobufRpcEngine2$Server$ProtoBufRpcInvoker.call(ProtobufRpcEngine2.java:595) [hadoop-common-3.3.5.jar:?]
	at org.apache.hadoop.ipc.ProtobufRpcEngine2$Server$ProtoBufRpcInvoker.call(ProtobufRpcEngine2.java:573) [hadoop-common-3.3.5.jar:?]
	at org.apache.hadoop.ipc.RPC$Server.call(RPC.java:1213) [hadoop-common-3.3.5.jar:?]
	at org.apache.hadoop.ipc.Server$RpcCall.run(Server.java:1089) [hadoop-common-3.3.5.jar:?]
	at org.apache.hadoop.ipc.Server$RpcCall.run(Server.java:1012) [hadoop-common-3.3.5.jar:?]
	at java.security.AccessController.doPrivileged(Native Method) ~[?:1.8.0_362]
	at javax.security.auth.Subject.doAs(Subject.java:422) [?:1.8.0_362]
	at org.apache.hadoop.security.UserGroupInformation.doAs(UserGroupInformation.java:1899) [hadoop-common-3.3.5.jar:?]
	at org.apache.hadoop.ipc.Server$Handler.run(Server.java:3026) [hadoop-common-3.3.5.jar:?]
]]></system-out>
  </testcase>
  <testcase name="testRenameToParentDir" classname="TestOzoneFileSystem" time="0.031">
    <system-out><![CDATA[2023-04-11 11:24:44,096 [IPC Server handler 7 on default port 36969] INFO  key.OMKeyRequest (OMKeyRequest.java:wrapUncommittedBlocksAsPseudoKey(838)) - Detect allocated but uncommitted blocks [{blockID={containerID=3, localID=111677748019200008}, length=4194304, offset=0, token=null, pipeline=null, createVersion=0, partNumber=0}] in key root_dir/dir1/file2.
11:24:44.099 [IPC Server handler 15 on default port 36969] ERROR OMAudit - user=runner | ip=127.0.0.1 | op=LIST_STATUS {volume=volume23474, bucket=bucket17726, key=root_dir/dir2, dataSize=0, replicationConfig=null} | ret=FAILURE
org.apache.hadoop.ozone.om.exceptions.OMException: Unable to get file status: volume: volume23474 bucket: bucket17726 key: root_dir/dir2
	at org.apache.hadoop.ozone.om.KeyManagerImpl.getOzoneFileStatus(KeyManagerImpl.java:1200) ~[ozone-manager-1.4.0-SNAPSHOT.jar:?]
	at org.apache.hadoop.ozone.om.KeyManagerImpl.getFileStatus(KeyManagerImpl.java:1118) ~[ozone-manager-1.4.0-SNAPSHOT.jar:?]
	at org.apache.hadoop.ozone.om.KeyManagerImpl.listStatus(KeyManagerImpl.java:1508) ~[ozone-manager-1.4.0-SNAPSHOT.jar:?]
	at org.apache.hadoop.ozone.om.OmMetadataReader.listStatus(OmMetadataReader.java:261) ~[ozone-manager-1.4.0-SNAPSHOT.jar:?]
	at org.apache.hadoop.ozone.om.OzoneManager.listStatus(OzoneManager.java:3510) ~[ozone-manager-1.4.0-SNAPSHOT.jar:?]
	at org.apache.hadoop.ozone.protocolPB.OzoneManagerRequestHandler.listStatus(OzoneManagerRequestHandler.java:1098) ~[ozone-manager-1.4.0-SNAPSHOT.jar:?]
	at org.apache.hadoop.ozone.protocolPB.OzoneManagerRequestHandler.handleReadRequest(OzoneManagerRequestHandler.java:249) ~[ozone-manager-1.4.0-SNAPSHOT.jar:?]
	at org.apache.hadoop.ozone.protocolPB.OzoneManagerProtocolServerSideTranslatorPB.submitRequestDirectlyToOM(OzoneManagerProtocolServerSideTranslatorPB.java:272) ~[ozone-manager-1.4.0-SNAPSHOT.jar:?]
	at org.apache.hadoop.ozone.protocolPB.OzoneManagerProtocolServerSideTranslatorPB.processRequest(OzoneManagerProtocolServerSideTranslatorPB.java:173) ~[ozone-manager-1.4.0-SNAPSHOT.jar:?]
	at org.apache.hadoop.hdds.server.OzoneProtocolMessageDispatcher.processRequest(OzoneProtocolMessageDispatcher.java:87) [hdds-server-framework-1.4.0-SNAPSHOT.jar:?]
	at org.apache.hadoop.ozone.protocolPB.OzoneManagerProtocolServerSideTranslatorPB.submitRequest(OzoneManagerProtocolServerSideTranslatorPB.java:147) [ozone-manager-1.4.0-SNAPSHOT.jar:?]
	at org.apache.hadoop.ozone.protocol.proto.OzoneManagerProtocolProtos$OzoneManagerService$2.callBlockingMethod(OzoneManagerProtocolProtos.java) [ozone-interface-client-1.4.0-SNAPSHOT.jar:?]
	at org.apache.hadoop.ipc.ProtobufRpcEngine$Server.processCall(ProtobufRpcEngine.java:484) [hadoop-common-3.3.5.jar:?]
	at org.apache.hadoop.ipc.ProtobufRpcEngine2$Server$ProtoBufRpcInvoker.call(ProtobufRpcEngine2.java:595) [hadoop-common-3.3.5.jar:?]
	at org.apache.hadoop.ipc.ProtobufRpcEngine2$Server$ProtoBufRpcInvoker.call(ProtobufRpcEngine2.java:573) [hadoop-common-3.3.5.jar:?]
	at org.apache.hadoop.ipc.RPC$Server.call(RPC.java:1213) [hadoop-common-3.3.5.jar:?]
	at org.apache.hadoop.ipc.Server$RpcCall.run(Server.java:1089) [hadoop-common-3.3.5.jar:?]
	at org.apache.hadoop.ipc.Server$RpcCall.run(Server.java:1012) [hadoop-common-3.3.5.jar:?]
	at java.security.AccessController.doPrivileged(Native Method) ~[?:1.8.0_362]
	at javax.security.auth.Subject.doAs(Subject.java:422) [?:1.8.0_362]
	at org.apache.hadoop.security.UserGroupInformation.doAs(UserGroupInformation.java:1899) [hadoop-common-3.3.5.jar:?]
	at org.apache.hadoop.ipc.Server$Handler.run(Server.java:3026) [hadoop-common-3.3.5.jar:?]
11:24:44.104 [IPC Server handler 1 on default port 36969] ERROR OMAudit - user=runner | ip=127.0.0.1 | op=LIST_STATUS {volume=volume23474, bucket=bucket17726, key=root_dir/file2, dataSize=0, replicationConfig=null} | ret=FAILURE
org.apache.hadoop.ozone.om.exceptions.OMException: Unable to get file status: volume: volume23474 bucket: bucket17726 key: root_dir/file2
	at org.apache.hadoop.ozone.om.KeyManagerImpl.getOzoneFileStatus(KeyManagerImpl.java:1200) ~[ozone-manager-1.4.0-SNAPSHOT.jar:?]
	at org.apache.hadoop.ozone.om.KeyManagerImpl.getFileStatus(KeyManagerImpl.java:1118) ~[ozone-manager-1.4.0-SNAPSHOT.jar:?]
	at org.apache.hadoop.ozone.om.KeyManagerImpl.listStatus(KeyManagerImpl.java:1508) ~[ozone-manager-1.4.0-SNAPSHOT.jar:?]
	at org.apache.hadoop.ozone.om.OmMetadataReader.listStatus(OmMetadataReader.java:261) ~[ozone-manager-1.4.0-SNAPSHOT.jar:?]
	at org.apache.hadoop.ozone.om.OzoneManager.listStatus(OzoneManager.java:3510) ~[ozone-manager-1.4.0-SNAPSHOT.jar:?]
	at org.apache.hadoop.ozone.protocolPB.OzoneManagerRequestHandler.listStatus(OzoneManagerRequestHandler.java:1098) ~[ozone-manager-1.4.0-SNAPSHOT.jar:?]
	at org.apache.hadoop.ozone.protocolPB.OzoneManagerRequestHandler.handleReadRequest(OzoneManagerRequestHandler.java:249) ~[ozone-manager-1.4.0-SNAPSHOT.jar:?]
	at org.apache.hadoop.ozone.protocolPB.OzoneManagerProtocolServerSideTranslatorPB.submitRequestDirectlyToOM(OzoneManagerProtocolServerSideTranslatorPB.java:272) ~[ozone-manager-1.4.0-SNAPSHOT.jar:?]
	at org.apache.hadoop.ozone.protocolPB.OzoneManagerProtocolServerSideTranslatorPB.processRequest(OzoneManagerProtocolServerSideTranslatorPB.java:173) ~[ozone-manager-1.4.0-SNAPSHOT.jar:?]
	at org.apache.hadoop.hdds.server.OzoneProtocolMessageDispatcher.processRequest(OzoneProtocolMessageDispatcher.java:87) [hdds-server-framework-1.4.0-SNAPSHOT.jar:?]
	at org.apache.hadoop.ozone.protocolPB.OzoneManagerProtocolServerSideTranslatorPB.submitRequest(OzoneManagerProtocolServerSideTranslatorPB.java:147) [ozone-manager-1.4.0-SNAPSHOT.jar:?]
	at org.apache.hadoop.ozone.protocol.proto.OzoneManagerProtocolProtos$OzoneManagerService$2.callBlockingMethod(OzoneManagerProtocolProtos.java) [ozone-interface-client-1.4.0-SNAPSHOT.jar:?]
	at org.apache.hadoop.ipc.ProtobufRpcEngine$Server.processCall(ProtobufRpcEngine.java:484) [hadoop-common-3.3.5.jar:?]
	at org.apache.hadoop.ipc.ProtobufRpcEngine2$Server$ProtoBufRpcInvoker.call(ProtobufRpcEngine2.java:595) [hadoop-common-3.3.5.jar:?]
	at org.apache.hadoop.ipc.ProtobufRpcEngine2$Server$ProtoBufRpcInvoker.call(ProtobufRpcEngine2.java:573) [hadoop-common-3.3.5.jar:?]
	at org.apache.hadoop.ipc.RPC$Server.call(RPC.java:1213) [hadoop-common-3.3.5.jar:?]
	at org.apache.hadoop.ipc.Server$RpcCall.run(Server.java:1089) [hadoop-common-3.3.5.jar:?]
	at org.apache.hadoop.ipc.Server$RpcCall.run(Server.java:1012) [hadoop-common-3.3.5.jar:?]
	at java.security.AccessController.doPrivileged(Native Method) ~[?:1.8.0_362]
	at javax.security.auth.Subject.doAs(Subject.java:422) [?:1.8.0_362]
	at org.apache.hadoop.security.UserGroupInformation.doAs(UserGroupInformation.java:1899) [hadoop-common-3.3.5.jar:?]
	at org.apache.hadoop.ipc.Server$Handler.run(Server.java:3026) [hadoop-common-3.3.5.jar:?]
]]></system-out>
  </testcase>
  <testcase name="testRenameToParentDir" classname="TestOzoneFileSystem" time="0.021">
    <system-out><![CDATA[2023-04-11 11:25:35,426 [OM StateMachine ApplyTransaction Thread - 0] INFO  key.OMKeyRequest (OMKeyRequest.java:wrapUncommittedBlocksAsPseudoKey(838)) - Detect allocated but uncommitted blocks [{blockID={containerID=4, localID=111677748019200008}, length=4194304, offset=0, token=null, pipeline=null, createVersion=0, partNumber=0}] in key root_dir/dir1/file2.
11:25:35.428 [IPC Server handler 13 on default port 39679] ERROR OMAudit - user=runner | ip=127.0.0.1 | op=LIST_STATUS {volume=volume21709, bucket=bucket98076, key=root_dir/dir2, dataSize=0, replicationConfig=null} | ret=FAILURE
org.apache.hadoop.ozone.om.exceptions.OMException: Unable to get file status: volume: volume21709 bucket: bucket98076 key: root_dir/dir2
	at org.apache.hadoop.ozone.om.KeyManagerImpl.getOzoneFileStatus(KeyManagerImpl.java:1200) ~[ozone-manager-1.4.0-SNAPSHOT.jar:?]
	at org.apache.hadoop.ozone.om.KeyManagerImpl.getFileStatus(KeyManagerImpl.java:1118) ~[ozone-manager-1.4.0-SNAPSHOT.jar:?]
	at org.apache.hadoop.ozone.om.KeyManagerImpl.listStatus(KeyManagerImpl.java:1508) ~[ozone-manager-1.4.0-SNAPSHOT.jar:?]
	at org.apache.hadoop.ozone.om.OmMetadataReader.listStatus(OmMetadataReader.java:261) ~[ozone-manager-1.4.0-SNAPSHOT.jar:?]
	at org.apache.hadoop.ozone.om.OzoneManager.listStatus(OzoneManager.java:3510) ~[ozone-manager-1.4.0-SNAPSHOT.jar:?]
	at org.apache.hadoop.ozone.protocolPB.OzoneManagerRequestHandler.listStatus(OzoneManagerRequestHandler.java:1098) ~[ozone-manager-1.4.0-SNAPSHOT.jar:?]
	at org.apache.hadoop.ozone.protocolPB.OzoneManagerRequestHandler.handleReadRequest(OzoneManagerRequestHandler.java:249) ~[ozone-manager-1.4.0-SNAPSHOT.jar:?]
	at org.apache.hadoop.ozone.protocolPB.OzoneManagerProtocolServerSideTranslatorPB.submitReadRequestToOM(OzoneManagerProtocolServerSideTranslatorPB.java:223) ~[ozone-manager-1.4.0-SNAPSHOT.jar:?]
	at org.apache.hadoop.ozone.protocolPB.OzoneManagerProtocolServerSideTranslatorPB.processRequest(OzoneManagerProtocolServerSideTranslatorPB.java:177) ~[ozone-manager-1.4.0-SNAPSHOT.jar:?]
	at org.apache.hadoop.hdds.server.OzoneProtocolMessageDispatcher.processRequest(OzoneProtocolMessageDispatcher.java:87) [hdds-server-framework-1.4.0-SNAPSHOT.jar:?]
	at org.apache.hadoop.ozone.protocolPB.OzoneManagerProtocolServerSideTranslatorPB.submitRequest(OzoneManagerProtocolServerSideTranslatorPB.java:147) [ozone-manager-1.4.0-SNAPSHOT.jar:?]
	at org.apache.hadoop.ozone.protocol.proto.OzoneManagerProtocolProtos$OzoneManagerService$2.callBlockingMethod(OzoneManagerProtocolProtos.java) [ozone-interface-client-1.4.0-SNAPSHOT.jar:?]
	at org.apache.hadoop.ipc.ProtobufRpcEngine$Server.processCall(ProtobufRpcEngine.java:484) [hadoop-common-3.3.5.jar:?]
	at org.apache.hadoop.ipc.ProtobufRpcEngine2$Server$ProtoBufRpcInvoker.call(ProtobufRpcEngine2.java:595) [hadoop-common-3.3.5.jar:?]
	at org.apache.hadoop.ipc.ProtobufRpcEngine2$Server$ProtoBufRpcInvoker.call(ProtobufRpcEngine2.java:573) [hadoop-common-3.3.5.jar:?]
	at org.apache.hadoop.ipc.RPC$Server.call(RPC.java:1213) [hadoop-common-3.3.5.jar:?]
	at org.apache.hadoop.ipc.Server$RpcCall.run(Server.java:1089) [hadoop-common-3.3.5.jar:?]
	at org.apache.hadoop.ipc.Server$RpcCall.run(Server.java:1012) [hadoop-common-3.3.5.jar:?]
	at java.security.AccessController.doPrivileged(Native Method) ~[?:1.8.0_362]
	at javax.security.auth.Subject.doAs(Subject.java:422) [?:1.8.0_362]
	at org.apache.hadoop.security.UserGroupInformation.doAs(UserGroupInformation.java:1899) [hadoop-common-3.3.5.jar:?]
	at org.apache.hadoop.ipc.Server$Handler.run(Server.java:3026) [hadoop-common-3.3.5.jar:?]
11:25:35.433 [IPC Server handler 1 on default port 39679] ERROR OMAudit - user=runner | ip=127.0.0.1 | op=LIST_STATUS {volume=volume21709, bucket=bucket98076, key=root_dir/file2, dataSize=0, replicationConfig=null} | ret=FAILURE
org.apache.hadoop.ozone.om.exceptions.OMException: Unable to get file status: volume: volume21709 bucket: bucket98076 key: root_dir/file2
	at org.apache.hadoop.ozone.om.KeyManagerImpl.getOzoneFileStatus(KeyManagerImpl.java:1200) ~[ozone-manager-1.4.0-SNAPSHOT.jar:?]
	at org.apache.hadoop.ozone.om.KeyManagerImpl.getFileStatus(KeyManagerImpl.java:1118) ~[ozone-manager-1.4.0-SNAPSHOT.jar:?]
	at org.apache.hadoop.ozone.om.KeyManagerImpl.listStatus(KeyManagerImpl.java:1508) ~[ozone-manager-1.4.0-SNAPSHOT.jar:?]
	at org.apache.hadoop.ozone.om.OmMetadataReader.listStatus(OmMetadataReader.java:261) ~[ozone-manager-1.4.0-SNAPSHOT.jar:?]
	at org.apache.hadoop.ozone.om.OzoneManager.listStatus(OzoneManager.java:3510) ~[ozone-manager-1.4.0-SNAPSHOT.jar:?]
	at org.apache.hadoop.ozone.protocolPB.OzoneManagerRequestHandler.listStatus(OzoneManagerRequestHandler.java:1098) ~[ozone-manager-1.4.0-SNAPSHOT.jar:?]
	at org.apache.hadoop.ozone.protocolPB.OzoneManagerRequestHandler.handleReadRequest(OzoneManagerRequestHandler.java:249) ~[ozone-manager-1.4.0-SNAPSHOT.jar:?]
	at org.apache.hadoop.ozone.protocolPB.OzoneManagerProtocolServerSideTranslatorPB.submitReadRequestToOM(OzoneManagerProtocolServerSideTranslatorPB.java:223) ~[ozone-manager-1.4.0-SNAPSHOT.jar:?]
	at org.apache.hadoop.ozone.protocolPB.OzoneManagerProtocolServerSideTranslatorPB.processRequest(OzoneManagerProtocolServerSideTranslatorPB.java:177) ~[ozone-manager-1.4.0-SNAPSHOT.jar:?]
	at org.apache.hadoop.hdds.server.OzoneProtocolMessageDispatcher.processRequest(OzoneProtocolMessageDispatcher.java:87) [hdds-server-framework-1.4.0-SNAPSHOT.jar:?]
	at org.apache.hadoop.ozone.protocolPB.OzoneManagerProtocolServerSideTranslatorPB.submitRequest(OzoneManagerProtocolServerSideTranslatorPB.java:147) [ozone-manager-1.4.0-SNAPSHOT.jar:?]
	at org.apache.hadoop.ozone.protocol.proto.OzoneManagerProtocolProtos$OzoneManagerService$2.callBlockingMethod(OzoneManagerProtocolProtos.java) [ozone-interface-client-1.4.0-SNAPSHOT.jar:?]
	at org.apache.hadoop.ipc.ProtobufRpcEngine$Server.processCall(ProtobufRpcEngine.java:484) [hadoop-common-3.3.5.jar:?]
	at org.apache.hadoop.ipc.ProtobufRpcEngine2$Server$ProtoBufRpcInvoker.call(ProtobufRpcEngine2.java:595) [hadoop-common-3.3.5.jar:?]
	at org.apache.hadoop.ipc.ProtobufRpcEngine2$Server$ProtoBufRpcInvoker.call(ProtobufRpcEngine2.java:573) [hadoop-common-3.3.5.jar:?]
	at org.apache.hadoop.ipc.RPC$Server.call(RPC.java:1213) [hadoop-common-3.3.5.jar:?]
	at org.apache.hadoop.ipc.Server$RpcCall.run(Server.java:1089) [hadoop-common-3.3.5.jar:?]
	at org.apache.hadoop.ipc.Server$RpcCall.run(Server.java:1012) [hadoop-common-3.3.5.jar:?]
	at java.security.AccessController.doPrivileged(Native Method) ~[?:1.8.0_362]
	at javax.security.auth.Subject.doAs(Subject.java:422) [?:1.8.0_362]
	at org.apache.hadoop.security.UserGroupInformation.doAs(UserGroupInformation.java:1899) [hadoop-common-3.3.5.jar:?]
	at org.apache.hadoop.ipc.Server$Handler.run(Server.java:3026) [hadoop-common-3.3.5.jar:?]
]]></system-out>
  </testcase>
  <testcase name="testRenameToParentDir" classname="TestOzoneFileSystem" time="0.021">
    <system-out><![CDATA[2023-04-11 11:26:34,011 [IPC Server handler 19 on default port 44509] INFO  key.OMKeyRequest (OMKeyRequest.java:wrapUncommittedBlocksAsPseudoKey(838)) - Detect allocated but uncommitted blocks [{blockID={containerID=4, localID=111677748019200008}, length=4194304, offset=0, token=null, pipeline=null, createVersion=0, partNumber=0}] in key root_dir/dir1/file2.
11:26:34.013 [IPC Server handler 7 on default port 44509] ERROR OMAudit - user=runner | ip=127.0.0.1 | op=LIST_STATUS {volume=volume17585, bucket=bucket91798, key=root_dir/dir2, dataSize=0, replicationConfig=null} | ret=FAILURE
org.apache.hadoop.ozone.om.exceptions.OMException: Unable to get file status: volume: volume17585 bucket: bucket91798 key: root_dir/dir2
	at org.apache.hadoop.ozone.om.KeyManagerImpl.getOzoneFileStatus(KeyManagerImpl.java:1200) ~[ozone-manager-1.4.0-SNAPSHOT.jar:?]
	at org.apache.hadoop.ozone.om.KeyManagerImpl.getFileStatus(KeyManagerImpl.java:1118) ~[ozone-manager-1.4.0-SNAPSHOT.jar:?]
	at org.apache.hadoop.ozone.om.KeyManagerImpl.listStatus(KeyManagerImpl.java:1508) ~[ozone-manager-1.4.0-SNAPSHOT.jar:?]
	at org.apache.hadoop.ozone.om.OmMetadataReader.listStatus(OmMetadataReader.java:261) ~[ozone-manager-1.4.0-SNAPSHOT.jar:?]
	at org.apache.hadoop.ozone.om.OzoneManager.listStatus(OzoneManager.java:3510) ~[ozone-manager-1.4.0-SNAPSHOT.jar:?]
	at org.apache.hadoop.ozone.protocolPB.OzoneManagerRequestHandler.listStatus(OzoneManagerRequestHandler.java:1098) ~[ozone-manager-1.4.0-SNAPSHOT.jar:?]
	at org.apache.hadoop.ozone.protocolPB.OzoneManagerRequestHandler.handleReadRequest(OzoneManagerRequestHandler.java:249) ~[ozone-manager-1.4.0-SNAPSHOT.jar:?]
	at org.apache.hadoop.ozone.protocolPB.OzoneManagerProtocolServerSideTranslatorPB.submitRequestDirectlyToOM(OzoneManagerProtocolServerSideTranslatorPB.java:272) ~[ozone-manager-1.4.0-SNAPSHOT.jar:?]
	at org.apache.hadoop.ozone.protocolPB.OzoneManagerProtocolServerSideTranslatorPB.processRequest(OzoneManagerProtocolServerSideTranslatorPB.java:173) ~[ozone-manager-1.4.0-SNAPSHOT.jar:?]
	at org.apache.hadoop.hdds.server.OzoneProtocolMessageDispatcher.processRequest(OzoneProtocolMessageDispatcher.java:87) [hdds-server-framework-1.4.0-SNAPSHOT.jar:?]
	at org.apache.hadoop.ozone.protocolPB.OzoneManagerProtocolServerSideTranslatorPB.submitRequest(OzoneManagerProtocolServerSideTranslatorPB.java:147) [ozone-manager-1.4.0-SNAPSHOT.jar:?]
	at org.apache.hadoop.ozone.protocol.proto.OzoneManagerProtocolProtos$OzoneManagerService$2.callBlockingMethod(OzoneManagerProtocolProtos.java) [ozone-interface-client-1.4.0-SNAPSHOT.jar:?]
	at org.apache.hadoop.ipc.ProtobufRpcEngine$Server.processCall(ProtobufRpcEngine.java:484) [hadoop-common-3.3.5.jar:?]
	at org.apache.hadoop.ipc.ProtobufRpcEngine2$Server$ProtoBufRpcInvoker.call(ProtobufRpcEngine2.java:595) [hadoop-common-3.3.5.jar:?]
	at org.apache.hadoop.ipc.ProtobufRpcEngine2$Server$ProtoBufRpcInvoker.call(ProtobufRpcEngine2.java:573) [hadoop-common-3.3.5.jar:?]
	at org.apache.hadoop.ipc.RPC$Server.call(RPC.java:1213) [hadoop-common-3.3.5.jar:?]
	at org.apache.hadoop.ipc.Server$RpcCall.run(Server.java:1089) [hadoop-common-3.3.5.jar:?]
	at org.apache.hadoop.ipc.Server$RpcCall.run(Server.java:1012) [hadoop-common-3.3.5.jar:?]
	at java.security.AccessController.doPrivileged(Native Method) ~[?:1.8.0_362]
	at javax.security.auth.Subject.doAs(Subject.java:422) [?:1.8.0_362]
	at org.apache.hadoop.security.UserGroupInformation.doAs(UserGroupInformation.java:1899) [hadoop-common-3.3.5.jar:?]
	at org.apache.hadoop.ipc.Server$Handler.run(Server.java:3026) [hadoop-common-3.3.5.jar:?]
11:26:34.018 [IPC Server handler 0 on default port 44509] ERROR OMAudit - user=runner | ip=127.0.0.1 | op=LIST_STATUS {volume=volume17585, bucket=bucket91798, key=root_dir/file2, dataSize=0, replicationConfig=null} | ret=FAILURE
org.apache.hadoop.ozone.om.exceptions.OMException: Unable to get file status: volume: volume17585 bucket: bucket91798 key: root_dir/file2
	at org.apache.hadoop.ozone.om.KeyManagerImpl.getOzoneFileStatus(KeyManagerImpl.java:1200) ~[ozone-manager-1.4.0-SNAPSHOT.jar:?]
	at org.apache.hadoop.ozone.om.KeyManagerImpl.getFileStatus(KeyManagerImpl.java:1118) ~[ozone-manager-1.4.0-SNAPSHOT.jar:?]
	at org.apache.hadoop.ozone.om.KeyManagerImpl.listStatus(KeyManagerImpl.java:1508) ~[ozone-manager-1.4.0-SNAPSHOT.jar:?]
	at org.apache.hadoop.ozone.om.OmMetadataReader.listStatus(OmMetadataReader.java:261) ~[ozone-manager-1.4.0-SNAPSHOT.jar:?]
	at org.apache.hadoop.ozone.om.OzoneManager.listStatus(OzoneManager.java:3510) ~[ozone-manager-1.4.0-SNAPSHOT.jar:?]
	at org.apache.hadoop.ozone.protocolPB.OzoneManagerRequestHandler.listStatus(OzoneManagerRequestHandler.java:1098) ~[ozone-manager-1.4.0-SNAPSHOT.jar:?]
	at org.apache.hadoop.ozone.protocolPB.OzoneManagerRequestHandler.handleReadRequest(OzoneManagerRequestHandler.java:249) ~[ozone-manager-1.4.0-SNAPSHOT.jar:?]
	at org.apache.hadoop.ozone.protocolPB.OzoneManagerProtocolServerSideTranslatorPB.submitRequestDirectlyToOM(OzoneManagerProtocolServerSideTranslatorPB.java:272) ~[ozone-manager-1.4.0-SNAPSHOT.jar:?]
	at org.apache.hadoop.ozone.protocolPB.OzoneManagerProtocolServerSideTranslatorPB.processRequest(OzoneManagerProtocolServerSideTranslatorPB.java:173) ~[ozone-manager-1.4.0-SNAPSHOT.jar:?]
	at org.apache.hadoop.hdds.server.OzoneProtocolMessageDispatcher.processRequest(OzoneProtocolMessageDispatcher.java:87) [hdds-server-framework-1.4.0-SNAPSHOT.jar:?]
	at org.apache.hadoop.ozone.protocolPB.OzoneManagerProtocolServerSideTranslatorPB.submitRequest(OzoneManagerProtocolServerSideTranslatorPB.java:147) [ozone-manager-1.4.0-SNAPSHOT.jar:?]
	at org.apache.hadoop.ozone.protocol.proto.OzoneManagerProtocolProtos$OzoneManagerService$2.callBlockingMethod(OzoneManagerProtocolProtos.java) [ozone-interface-client-1.4.0-SNAPSHOT.jar:?]
	at org.apache.hadoop.ipc.ProtobufRpcEngine$Server.processCall(ProtobufRpcEngine.java:484) [hadoop-common-3.3.5.jar:?]
	at org.apache.hadoop.ipc.ProtobufRpcEngine2$Server$ProtoBufRpcInvoker.call(ProtobufRpcEngine2.java:595) [hadoop-common-3.3.5.jar:?]
	at org.apache.hadoop.ipc.ProtobufRpcEngine2$Server$ProtoBufRpcInvoker.call(ProtobufRpcEngine2.java:573) [hadoop-common-3.3.5.jar:?]
	at org.apache.hadoop.ipc.RPC$Server.call(RPC.java:1213) [hadoop-common-3.3.5.jar:?]
	at org.apache.hadoop.ipc.Server$RpcCall.run(Server.java:1089) [hadoop-common-3.3.5.jar:?]
	at org.apache.hadoop.ipc.Server$RpcCall.run(Server.java:1012) [hadoop-common-3.3.5.jar:?]
	at java.security.AccessController.doPrivileged(Native Method) ~[?:1.8.0_362]
	at javax.security.auth.Subject.doAs(Subject.java:422) [?:1.8.0_362]
	at org.apache.hadoop.security.UserGroupInformation.doAs(UserGroupInformation.java:1899) [hadoop-common-3.3.5.jar:?]
	at org.apache.hadoop.ipc.Server$Handler.run(Server.java:3026) [hadoop-common-3.3.5.jar:?]
]]></system-out>
  </testcase>
  <testcase name="testListStatusOnSubDirs" classname="TestOzoneFileSystem" time="0.06">
    <system-out><![CDATA[2023-04-11 11:23:34,757 [OM StateMachine ApplyTransaction Thread - 0] INFO  key.OMKeyRequest (OMKeyRequest.java:wrapUncommittedBlocksAsPseudoKey(838)) - Detect allocated but uncommitted blocks [{blockID={containerID=1, localID=111677748019200009}, length=4194304, offset=0, token=null, pipeline=null, createVersion=0, partNumber=0}] in key dir1/dir12/file121.
]]></system-out>
  </testcase>
  <testcase name="testListStatusOnSubDirs" classname="TestOzoneFileSystem" time="0.016">
    <system-out><![CDATA[2023-04-11 11:24:44,119 [IPC Server handler 19 on default port 36969] INFO  key.OMKeyRequest (OMKeyRequest.java:wrapUncommittedBlocksAsPseudoKey(838)) - Detect allocated but uncommitted blocks [{blockID={containerID=4, localID=111677748019200009}, length=4194304, offset=0, token=null, pipeline=null, createVersion=0, partNumber=0}] in key dir1/dir12/file121.
]]></system-out>
  </testcase>
  <testcase name="testListStatusOnSubDirs" classname="TestOzoneFileSystem" time="0.017">
    <system-out><![CDATA[2023-04-11 11:25:35,448 [OM StateMachine ApplyTransaction Thread - 0] INFO  key.OMKeyRequest (OMKeyRequest.java:wrapUncommittedBlocksAsPseudoKey(838)) - Detect allocated but uncommitted blocks [{blockID={containerID=1, localID=111677748019200009}, length=4194304, offset=0, token=null, pipeline=null, createVersion=0, partNumber=0}] in key dir1/dir12/file121.
]]></system-out>
  </testcase>
  <testcase name="testListStatusOnSubDirs" classname="TestOzoneFileSystem" time="0.011">
    <system-out><![CDATA[2023-04-11 11:26:34,033 [IPC Server handler 12 on default port 44509] INFO  key.OMKeyRequest (OMKeyRequest.java:wrapUncommittedBlocksAsPseudoKey(838)) - Detect allocated but uncommitted blocks [{blockID={containerID=3, localID=111677748019200009}, length=4194304, offset=0, token=null, pipeline=null, createVersion=0, partNumber=0}] in key dir1/dir12/file121.
]]></system-out>
  </testcase>
  <testcase name="testListStatus" classname="TestOzoneFileSystem" time="0.071">
    <system-out><![CDATA[2023-04-11 11:23:34,809 [OM StateMachine ApplyTransaction Thread - 0] INFO  key.OMKeyRequest (OMKeyRequest.java:wrapUncommittedBlocksAsPseudoKey(838)) - Detect allocated but uncommitted blocks [{blockID={containerID=4, localID=111677748019200010}, length=4194304, offset=0, token=null, pipeline=null, createVersion=0, partNumber=0}] in key testListStatus/key1.
2023-04-11 11:23:34,820 [OM StateMachine ApplyTransaction Thread - 0] INFO  key.OMKeyRequest (OMKeyRequest.java:wrapUncommittedBlocksAsPseudoKey(838)) - Detect allocated but uncommitted blocks [{blockID={containerID=1, localID=111677748019200011}, length=4194304, offset=0, token=null, pipeline=null, createVersion=0, partNumber=0}] in key testListStatus/key2.
2023-04-11 11:23:34,835 [OM StateMachine ApplyTransaction Thread - 0] INFO  key.OMKeyRequest (OMKeyRequest.java:wrapUncommittedBlocksAsPseudoKey(838)) - Detect allocated but uncommitted blocks [{blockID={containerID=4, localID=111677748019200012}, length=4194304, offset=0, token=null, pipeline=null, createVersion=0, partNumber=0}] in key testListStatus/dir1/key3.
2023-04-11 11:23:34,845 [OM StateMachine ApplyTransaction Thread - 0] INFO  key.OMKeyRequest (OMKeyRequest.java:wrapUncommittedBlocksAsPseudoKey(838)) - Detect allocated but uncommitted blocks [{blockID={containerID=2, localID=111677748019200013}, length=4194304, offset=0, token=null, pipeline=null, createVersion=0, partNumber=0}] in key testListStatus/dir1/key4.
]]></system-out>
  </testcase>
  <testcase name="testListStatus" classname="TestOzoneFileSystem" time="0.028">
    <system-out><![CDATA[2023-04-11 11:24:44,138 [IPC Server handler 15 on default port 36969] INFO  key.OMKeyRequest (OMKeyRequest.java:wrapUncommittedBlocksAsPseudoKey(838)) - Detect allocated but uncommitted blocks [{blockID={containerID=2, localID=111677748019200010}, length=4194304, offset=0, token=null, pipeline=null, createVersion=0, partNumber=0}] in key testListStatus/key1.
2023-04-11 11:24:44,142 [IPC Server handler 16 on default port 36969] INFO  key.OMKeyRequest (OMKeyRequest.java:wrapUncommittedBlocksAsPseudoKey(838)) - Detect allocated but uncommitted blocks [{blockID={containerID=1, localID=111677748019200011}, length=4194304, offset=0, token=null, pipeline=null, createVersion=0, partNumber=0}] in key testListStatus/key2.
2023-04-11 11:24:44,147 [IPC Server handler 13 on default port 36969] INFO  key.OMKeyRequest (OMKeyRequest.java:wrapUncommittedBlocksAsPseudoKey(838)) - Detect allocated but uncommitted blocks [{blockID={containerID=2, localID=111677748019200012}, length=4194304, offset=0, token=null, pipeline=null, createVersion=0, partNumber=0}] in key testListStatus/dir1/key3.
2023-04-11 11:24:44,151 [IPC Server handler 17 on default port 36969] INFO  key.OMKeyRequest (OMKeyRequest.java:wrapUncommittedBlocksAsPseudoKey(838)) - Detect allocated but uncommitted blocks [{blockID={containerID=3, localID=111677748019200013}, length=4194304, offset=0, token=null, pipeline=null, createVersion=0, partNumber=0}] in key testListStatus/dir1/key4.
]]></system-out>
  </testcase>
  <testcase name="testListStatus" classname="TestOzoneFileSystem" time="0.029">
    <system-out><![CDATA[2023-04-11 11:25:35,462 [OM StateMachine ApplyTransaction Thread - 0] INFO  key.OMKeyRequest (OMKeyRequest.java:wrapUncommittedBlocksAsPseudoKey(838)) - Detect allocated but uncommitted blocks [{blockID={containerID=3, localID=111677748019200010}, length=4194304, offset=0, token=null, pipeline=null, createVersion=0, partNumber=0}] in key testListStatus/key1.
2023-04-11 11:25:35,470 [OM StateMachine ApplyTransaction Thread - 0] INFO  key.OMKeyRequest (OMKeyRequest.java:wrapUncommittedBlocksAsPseudoKey(838)) - Detect allocated but uncommitted blocks [{blockID={containerID=2, localID=111677748019200011}, length=4194304, offset=0, token=null, pipeline=null, createVersion=0, partNumber=0}] in key testListStatus/key2.
2023-04-11 11:25:35,476 [OM StateMachine ApplyTransaction Thread - 0] INFO  key.OMKeyRequest (OMKeyRequest.java:wrapUncommittedBlocksAsPseudoKey(838)) - Detect allocated but uncommitted blocks [{blockID={containerID=1, localID=111677748019200012}, length=4194304, offset=0, token=null, pipeline=null, createVersion=0, partNumber=0}] in key testListStatus/dir1/key3.
2023-04-11 11:25:35,480 [OM StateMachine ApplyTransaction Thread - 0] INFO  key.OMKeyRequest (OMKeyRequest.java:wrapUncommittedBlocksAsPseudoKey(838)) - Detect allocated but uncommitted blocks [{blockID={containerID=2, localID=111677748019200013}, length=4194304, offset=0, token=null, pipeline=null, createVersion=0, partNumber=0}] in key testListStatus/dir1/key4.
]]></system-out>
  </testcase>
  <testcase name="testListStatus" classname="TestOzoneFileSystem" time="0.022">
    <system-out><![CDATA[2023-04-11 11:26:34,043 [IPC Server handler 7 on default port 44509] INFO  key.OMKeyRequest (OMKeyRequest.java:wrapUncommittedBlocksAsPseudoKey(838)) - Detect allocated but uncommitted blocks [{blockID={containerID=4, localID=111677748019200010}, length=4194304, offset=0, token=null, pipeline=null, createVersion=0, partNumber=0}] in key testListStatus/key1.
2023-04-11 11:26:34,047 [IPC Server handler 9 on default port 44509] INFO  key.OMKeyRequest (OMKeyRequest.java:wrapUncommittedBlocksAsPseudoKey(838)) - Detect allocated but uncommitted blocks [{blockID={containerID=1, localID=111677748019200011}, length=4194304, offset=0, token=null, pipeline=null, createVersion=0, partNumber=0}] in key testListStatus/key2.
2023-04-11 11:26:34,051 [IPC Server handler 15 on default port 44509] INFO  key.OMKeyRequest (OMKeyRequest.java:wrapUncommittedBlocksAsPseudoKey(838)) - Detect allocated but uncommitted blocks [{blockID={containerID=3, localID=111677748019200012}, length=4194304, offset=0, token=null, pipeline=null, createVersion=0, partNumber=0}] in key testListStatus/dir1/key3.
2023-04-11 11:26:34,055 [IPC Server handler 17 on default port 44509] INFO  key.OMKeyRequest (OMKeyRequest.java:wrapUncommittedBlocksAsPseudoKey(838)) - Detect allocated but uncommitted blocks [{blockID={containerID=4, localID=111677748019200013}, length=4194304, offset=0, token=null, pipeline=null, createVersion=0, partNumber=0}] in key testListStatus/dir1/key4.
]]></system-out>
  </testcase>
  <testcase name="testRecursiveDelete" classname="TestOzoneFileSystem" time="0.35">
    <system-out><![CDATA[2023-04-11 11:23:34,877 [OM StateMachine ApplyTransaction Thread - 0] INFO  key.OMKeyRequest (OMKeyRequest.java:wrapUncommittedBlocksAsPseudoKey(838)) - Detect allocated but uncommitted blocks [{blockID={containerID=3, localID=111677748019200014}, length=4194304, offset=0, token=null, pipeline=null, createVersion=0, partNumber=0}] in key gdir1/pdir1/child.
2023-04-11 11:23:34,891 [OM StateMachine ApplyTransaction Thread - 0] INFO  key.OMKeyRequest (OMKeyRequest.java:wrapUncommittedBlocksAsPseudoKey(838)) - Detect allocated but uncommitted blocks [{blockID={containerID=1, localID=111677748019200015}, length=4194304, offset=0, token=null, pipeline=null, createVersion=0, partNumber=0}] in key gdir1/pdir2/child.
2023-04-11 11:23:34,903 [OM StateMachine ApplyTransaction Thread - 0] INFO  key.OMKeyRequest (OMKeyRequest.java:wrapUncommittedBlocksAsPseudoKey(838)) - Detect allocated but uncommitted blocks [{blockID={containerID=2, localID=111677748019200016}, length=4194304, offset=0, token=null, pipeline=null, createVersion=0, partNumber=0}] in key gdir1/pdir3/child.
2023-04-11 11:23:34,915 [OM StateMachine ApplyTransaction Thread - 0] INFO  key.OMKeyRequest (OMKeyRequest.java:wrapUncommittedBlocksAsPseudoKey(838)) - Detect allocated but uncommitted blocks [{blockID={containerID=4, localID=111677748019200017}, length=4194304, offset=0, token=null, pipeline=null, createVersion=0, partNumber=0}] in key gdir1/pdir4/child.
2023-04-11 11:23:34,926 [OM StateMachine ApplyTransaction Thread - 0] INFO  key.OMKeyRequest (OMKeyRequest.java:wrapUncommittedBlocksAsPseudoKey(838)) - Detect allocated but uncommitted blocks [{blockID={containerID=3, localID=111677748019200018}, length=4194304, offset=0, token=null, pipeline=null, createVersion=0, partNumber=0}] in key gdir1/pdir5/child.
2023-04-11 11:23:34,938 [OM StateMachine ApplyTransaction Thread - 0] INFO  key.OMKeyRequest (OMKeyRequest.java:wrapUncommittedBlocksAsPseudoKey(838)) - Detect allocated but uncommitted blocks [{blockID={containerID=2, localID=111677748019200019}, length=4194304, offset=0, token=null, pipeline=null, createVersion=0, partNumber=0}] in key gdir1/pdir6/child.
2023-04-11 11:23:34,948 [OM StateMachine ApplyTransaction Thread - 0] INFO  key.OMKeyRequest (OMKeyRequest.java:wrapUncommittedBlocksAsPseudoKey(838)) - Detect allocated but uncommitted blocks [{blockID={containerID=1, localID=111677748019200020}, length=4194304, offset=0, token=null, pipeline=null, createVersion=0, partNumber=0}] in key gdir1/pdir7/child.
2023-04-11 11:23:34,958 [OM StateMachine ApplyTransaction Thread - 0] INFO  key.OMKeyRequest (OMKeyRequest.java:wrapUncommittedBlocksAsPseudoKey(838)) - Detect allocated but uncommitted blocks [{blockID={containerID=4, localID=111677748019200021}, length=4194304, offset=0, token=null, pipeline=null, createVersion=0, partNumber=0}] in key gdir1/pdir8/child.
2023-04-11 11:23:34,968 [OM StateMachine ApplyTransaction Thread - 0] INFO  key.OMKeyRequest (OMKeyRequest.java:wrapUncommittedBlocksAsPseudoKey(838)) - Detect allocated but uncommitted blocks [{blockID={containerID=3, localID=111677748019200022}, length=4194304, offset=0, token=null, pipeline=null, createVersion=0, partNumber=0}] in key gdir1/pdir9/child.
2023-04-11 11:23:34,979 [OM StateMachine ApplyTransaction Thread - 0] INFO  key.OMKeyRequest (OMKeyRequest.java:wrapUncommittedBlocksAsPseudoKey(838)) - Detect allocated but uncommitted blocks [{blockID={containerID=2, localID=111677748019200023}, length=4194304, offset=0, token=null, pipeline=null, createVersion=0, partNumber=0}] in key gdir1/pdir10/child.
11:23:35.028 [IPC Server handler 14 on default port 36763] ERROR OMAudit - user=runner | ip=127.0.0.1 | op=GET_FILE_STATUS {volume=volume14578, bucket=bucket96393, key=gdir1, dataSize=0, replicationConfig=null} | ret=FAILURE
org.apache.hadoop.ozone.om.exceptions.OMException: Unable to get file status: volume: volume14578 bucket: bucket96393 key: gdir1
	at org.apache.hadoop.ozone.om.KeyManagerImpl.getOzoneFileStatus(KeyManagerImpl.java:1200) ~[ozone-manager-1.4.0-SNAPSHOT.jar:?]
	at org.apache.hadoop.ozone.om.KeyManagerImpl.getFileStatus(KeyManagerImpl.java:1118) ~[ozone-manager-1.4.0-SNAPSHOT.jar:?]
	at org.apache.hadoop.ozone.om.OmMetadataReader.getFileStatus(OmMetadataReader.java:288) ~[ozone-manager-1.4.0-SNAPSHOT.jar:?]
	at org.apache.hadoop.ozone.om.OzoneManager.getFileStatus(OzoneManager.java:3491) ~[ozone-manager-1.4.0-SNAPSHOT.jar:?]
	at org.apache.hadoop.ozone.protocolPB.OzoneManagerRequestHandler.getOzoneFileStatus(OzoneManagerRequestHandler.java:934) ~[ozone-manager-1.4.0-SNAPSHOT.jar:?]
	at org.apache.hadoop.ozone.protocolPB.OzoneManagerRequestHandler.handleReadRequest(OzoneManagerRequestHandler.java:238) ~[ozone-manager-1.4.0-SNAPSHOT.jar:?]
	at org.apache.hadoop.ozone.protocolPB.OzoneManagerProtocolServerSideTranslatorPB.submitReadRequestToOM(OzoneManagerProtocolServerSideTranslatorPB.java:223) ~[ozone-manager-1.4.0-SNAPSHOT.jar:?]
	at org.apache.hadoop.ozone.protocolPB.OzoneManagerProtocolServerSideTranslatorPB.processRequest(OzoneManagerProtocolServerSideTranslatorPB.java:177) ~[ozone-manager-1.4.0-SNAPSHOT.jar:?]
	at org.apache.hadoop.hdds.server.OzoneProtocolMessageDispatcher.processRequest(OzoneProtocolMessageDispatcher.java:87) [hdds-server-framework-1.4.0-SNAPSHOT.jar:?]
	at org.apache.hadoop.ozone.protocolPB.OzoneManagerProtocolServerSideTranslatorPB.submitRequest(OzoneManagerProtocolServerSideTranslatorPB.java:147) [ozone-manager-1.4.0-SNAPSHOT.jar:?]
	at org.apache.hadoop.ozone.protocol.proto.OzoneManagerProtocolProtos$OzoneManagerService$2.callBlockingMethod(OzoneManagerProtocolProtos.java) [ozone-interface-client-1.4.0-SNAPSHOT.jar:?]
	at org.apache.hadoop.ipc.ProtobufRpcEngine$Server.processCall(ProtobufRpcEngine.java:484) [hadoop-common-3.3.5.jar:?]
	at org.apache.hadoop.ipc.ProtobufRpcEngine2$Server$ProtoBufRpcInvoker.call(ProtobufRpcEngine2.java:595) [hadoop-common-3.3.5.jar:?]
	at org.apache.hadoop.ipc.ProtobufRpcEngine2$Server$ProtoBufRpcInvoker.call(ProtobufRpcEngine2.java:573) [hadoop-common-3.3.5.jar:?]
	at org.apache.hadoop.ipc.RPC$Server.call(RPC.java:1213) [hadoop-common-3.3.5.jar:?]
	at org.apache.hadoop.ipc.Server$RpcCall.run(Server.java:1089) [hadoop-common-3.3.5.jar:?]
	at org.apache.hadoop.ipc.Server$RpcCall.run(Server.java:1012) [hadoop-common-3.3.5.jar:?]
	at java.security.AccessController.doPrivileged(Native Method) ~[?:1.8.0_362]
	at javax.security.auth.Subject.doAs(Subject.java:422) [?:1.8.0_362]
	at org.apache.hadoop.security.UserGroupInformation.doAs(UserGroupInformation.java:1899) [hadoop-common-3.3.5.jar:?]
	at org.apache.hadoop.ipc.Server$Handler.run(Server.java:3026) [hadoop-common-3.3.5.jar:?]
11:23:35.029 [IPC Server handler 9 on default port 36763] ERROR OMAudit - user=runner | ip=127.0.0.1 | op=GET_FILE_STATUS {volume=volume14578, bucket=bucket96393, key=gdir1/dir1, dataSize=0, replicationConfig=null} | ret=FAILURE
org.apache.hadoop.ozone.om.exceptions.OMException: Unable to get file status: volume: volume14578 bucket: bucket96393 key: gdir1/dir1
	at org.apache.hadoop.ozone.om.KeyManagerImpl.getOzoneFileStatus(KeyManagerImpl.java:1200) ~[ozone-manager-1.4.0-SNAPSHOT.jar:?]
	at org.apache.hadoop.ozone.om.KeyManagerImpl.getFileStatus(KeyManagerImpl.java:1118) ~[ozone-manager-1.4.0-SNAPSHOT.jar:?]
	at org.apache.hadoop.ozone.om.OmMetadataReader.getFileStatus(OmMetadataReader.java:288) ~[ozone-manager-1.4.0-SNAPSHOT.jar:?]
	at org.apache.hadoop.ozone.om.OzoneManager.getFileStatus(OzoneManager.java:3491) ~[ozone-manager-1.4.0-SNAPSHOT.jar:?]
	at org.apache.hadoop.ozone.protocolPB.OzoneManagerRequestHandler.getOzoneFileStatus(OzoneManagerRequestHandler.java:934) ~[ozone-manager-1.4.0-SNAPSHOT.jar:?]
	at org.apache.hadoop.ozone.protocolPB.OzoneManagerRequestHandler.handleReadRequest(OzoneManagerRequestHandler.java:238) ~[ozone-manager-1.4.0-SNAPSHOT.jar:?]
	at org.apache.hadoop.ozone.protocolPB.OzoneManagerProtocolServerSideTranslatorPB.submitReadRequestToOM(OzoneManagerProtocolServerSideTranslatorPB.java:223) ~[ozone-manager-1.4.0-SNAPSHOT.jar:?]
	at org.apache.hadoop.ozone.protocolPB.OzoneManagerProtocolServerSideTranslatorPB.processRequest(OzoneManagerProtocolServerSideTranslatorPB.java:177) ~[ozone-manager-1.4.0-SNAPSHOT.jar:?]
	at org.apache.hadoop.hdds.server.OzoneProtocolMessageDispatcher.processRequest(OzoneProtocolMessageDispatcher.java:87) [hdds-server-framework-1.4.0-SNAPSHOT.jar:?]
	at org.apache.hadoop.ozone.protocolPB.OzoneManagerProtocolServerSideTranslatorPB.submitRequest(OzoneManagerProtocolServerSideTranslatorPB.java:147) [ozone-manager-1.4.0-SNAPSHOT.jar:?]
	at org.apache.hadoop.ozone.protocol.proto.OzoneManagerProtocolProtos$OzoneManagerService$2.callBlockingMethod(OzoneManagerProtocolProtos.java) [ozone-interface-client-1.4.0-SNAPSHOT.jar:?]
	at org.apache.hadoop.ipc.ProtobufRpcEngine$Server.processCall(ProtobufRpcEngine.java:484) [hadoop-common-3.3.5.jar:?]
	at org.apache.hadoop.ipc.ProtobufRpcEngine2$Server$ProtoBufRpcInvoker.call(ProtobufRpcEngine2.java:595) [hadoop-common-3.3.5.jar:?]
	at org.apache.hadoop.ipc.ProtobufRpcEngine2$Server$ProtoBufRpcInvoker.call(ProtobufRpcEngine2.java:573) [hadoop-common-3.3.5.jar:?]
	at org.apache.hadoop.ipc.RPC$Server.call(RPC.java:1213) [hadoop-common-3.3.5.jar:?]
	at org.apache.hadoop.ipc.Server$RpcCall.run(Server.java:1089) [hadoop-common-3.3.5.jar:?]
	at org.apache.hadoop.ipc.Server$RpcCall.run(Server.java:1012) [hadoop-common-3.3.5.jar:?]
	at java.security.AccessController.doPrivileged(Native Method) ~[?:1.8.0_362]
	at javax.security.auth.Subject.doAs(Subject.java:422) [?:1.8.0_362]
	at org.apache.hadoop.security.UserGroupInformation.doAs(UserGroupInformation.java:1899) [hadoop-common-3.3.5.jar:?]
	at org.apache.hadoop.ipc.Server$Handler.run(Server.java:3026) [hadoop-common-3.3.5.jar:?]
11:23:35.032 [IPC Server handler 6 on default port 36763] ERROR OMAudit - user=runner | ip=127.0.0.1 | op=GET_FILE_STATUS {volume=volume14578, bucket=bucket96393, key=gdir1/dir1/child, dataSize=0, replicationConfig=null} | ret=FAILURE
org.apache.hadoop.ozone.om.exceptions.OMException: Unable to get file status: volume: volume14578 bucket: bucket96393 key: gdir1/dir1/child
	at org.apache.hadoop.ozone.om.KeyManagerImpl.getOzoneFileStatus(KeyManagerImpl.java:1200) ~[ozone-manager-1.4.0-SNAPSHOT.jar:?]
	at org.apache.hadoop.ozone.om.KeyManagerImpl.getFileStatus(KeyManagerImpl.java:1118) ~[ozone-manager-1.4.0-SNAPSHOT.jar:?]
	at org.apache.hadoop.ozone.om.OmMetadataReader.getFileStatus(OmMetadataReader.java:288) ~[ozone-manager-1.4.0-SNAPSHOT.jar:?]
	at org.apache.hadoop.ozone.om.OzoneManager.getFileStatus(OzoneManager.java:3491) ~[ozone-manager-1.4.0-SNAPSHOT.jar:?]
	at org.apache.hadoop.ozone.protocolPB.OzoneManagerRequestHandler.getOzoneFileStatus(OzoneManagerRequestHandler.java:934) ~[ozone-manager-1.4.0-SNAPSHOT.jar:?]
	at org.apache.hadoop.ozone.protocolPB.OzoneManagerRequestHandler.handleReadRequest(OzoneManagerRequestHandler.java:238) ~[ozone-manager-1.4.0-SNAPSHOT.jar:?]
	at org.apache.hadoop.ozone.protocolPB.OzoneManagerProtocolServerSideTranslatorPB.submitReadRequestToOM(OzoneManagerProtocolServerSideTranslatorPB.java:223) ~[ozone-manager-1.4.0-SNAPSHOT.jar:?]
	at org.apache.hadoop.ozone.protocolPB.OzoneManagerProtocolServerSideTranslatorPB.processRequest(OzoneManagerProtocolServerSideTranslatorPB.java:177) ~[ozone-manager-1.4.0-SNAPSHOT.jar:?]
	at org.apache.hadoop.hdds.server.OzoneProtocolMessageDispatcher.processRequest(OzoneProtocolMessageDispatcher.java:87) [hdds-server-framework-1.4.0-SNAPSHOT.jar:?]
	at org.apache.hadoop.ozone.protocolPB.OzoneManagerProtocolServerSideTranslatorPB.submitRequest(OzoneManagerProtocolServerSideTranslatorPB.java:147) [ozone-manager-1.4.0-SNAPSHOT.jar:?]
	at org.apache.hadoop.ozone.protocol.proto.OzoneManagerProtocolProtos$OzoneManagerService$2.callBlockingMethod(OzoneManagerProtocolProtos.java) [ozone-interface-client-1.4.0-SNAPSHOT.jar:?]
	at org.apache.hadoop.ipc.ProtobufRpcEngine$Server.processCall(ProtobufRpcEngine.java:484) [hadoop-common-3.3.5.jar:?]
	at org.apache.hadoop.ipc.ProtobufRpcEngine2$Server$ProtoBufRpcInvoker.call(ProtobufRpcEngine2.java:595) [hadoop-common-3.3.5.jar:?]
	at org.apache.hadoop.ipc.ProtobufRpcEngine2$Server$ProtoBufRpcInvoker.call(ProtobufRpcEngine2.java:573) [hadoop-common-3.3.5.jar:?]
	at org.apache.hadoop.ipc.RPC$Server.call(RPC.java:1213) [hadoop-common-3.3.5.jar:?]
	at org.apache.hadoop.ipc.Server$RpcCall.run(Server.java:1089) [hadoop-common-3.3.5.jar:?]
	at org.apache.hadoop.ipc.Server$RpcCall.run(Server.java:1012) [hadoop-common-3.3.5.jar:?]
	at java.security.AccessController.doPrivileged(Native Method) ~[?:1.8.0_362]
	at javax.security.auth.Subject.doAs(Subject.java:422) [?:1.8.0_362]
	at org.apache.hadoop.security.UserGroupInformation.doAs(UserGroupInformation.java:1899) [hadoop-common-3.3.5.jar:?]
	at org.apache.hadoop.ipc.Server$Handler.run(Server.java:3026) [hadoop-common-3.3.5.jar:?]
11:23:35.033 [IPC Server handler 5 on default port 36763] ERROR OMAudit - user=runner | ip=127.0.0.1 | op=GET_FILE_STATUS {volume=volume14578, bucket=bucket96393, key=gdir1/dir2, dataSize=0, replicationConfig=null} | ret=FAILURE
org.apache.hadoop.ozone.om.exceptions.OMException: Unable to get file status: volume: volume14578 bucket: bucket96393 key: gdir1/dir2
	at org.apache.hadoop.ozone.om.KeyManagerImpl.getOzoneFileStatus(KeyManagerImpl.java:1200) ~[ozone-manager-1.4.0-SNAPSHOT.jar:?]
	at org.apache.hadoop.ozone.om.KeyManagerImpl.getFileStatus(KeyManagerImpl.java:1118) ~[ozone-manager-1.4.0-SNAPSHOT.jar:?]
	at org.apache.hadoop.ozone.om.OmMetadataReader.getFileStatus(OmMetadataReader.java:288) ~[ozone-manager-1.4.0-SNAPSHOT.jar:?]
	at org.apache.hadoop.ozone.om.OzoneManager.getFileStatus(OzoneManager.java:3491) ~[ozone-manager-1.4.0-SNAPSHOT.jar:?]
	at org.apache.hadoop.ozone.protocolPB.OzoneManagerRequestHandler.getOzoneFileStatus(OzoneManagerRequestHandler.java:934) ~[ozone-manager-1.4.0-SNAPSHOT.jar:?]
	at org.apache.hadoop.ozone.protocolPB.OzoneManagerRequestHandler.handleReadRequest(OzoneManagerRequestHandler.java:238) ~[ozone-manager-1.4.0-SNAPSHOT.jar:?]
	at org.apache.hadoop.ozone.protocolPB.OzoneManagerProtocolServerSideTranslatorPB.submitReadRequestToOM(OzoneManagerProtocolServerSideTranslatorPB.java:223) ~[ozone-manager-1.4.0-SNAPSHOT.jar:?]
	at org.apache.hadoop.ozone.protocolPB.OzoneManagerProtocolServerSideTranslatorPB.processRequest(OzoneManagerProtocolServerSideTranslatorPB.java:177) ~[ozone-manager-1.4.0-SNAPSHOT.jar:?]
	at org.apache.hadoop.hdds.server.OzoneProtocolMessageDispatcher.processRequest(OzoneProtocolMessageDispatcher.java:87) [hdds-server-framework-1.4.0-SNAPSHOT.jar:?]
	at org.apache.hadoop.ozone.protocolPB.OzoneManagerProtocolServerSideTranslatorPB.submitRequest(OzoneManagerProtocolServerSideTranslatorPB.java:147) [ozone-manager-1.4.0-SNAPSHOT.jar:?]
	at org.apache.hadoop.ozone.protocol.proto.OzoneManagerProtocolProtos$OzoneManagerService$2.callBlockingMethod(OzoneManagerProtocolProtos.java) [ozone-interface-client-1.4.0-SNAPSHOT.jar:?]
	at org.apache.hadoop.ipc.ProtobufRpcEngine$Server.processCall(ProtobufRpcEngine.java:484) [hadoop-common-3.3.5.jar:?]
	at org.apache.hadoop.ipc.ProtobufRpcEngine2$Server$ProtoBufRpcInvoker.call(ProtobufRpcEngine2.java:595) [hadoop-common-3.3.5.jar:?]
	at org.apache.hadoop.ipc.ProtobufRpcEngine2$Server$ProtoBufRpcInvoker.call(ProtobufRpcEngine2.java:573) [hadoop-common-3.3.5.jar:?]
	at org.apache.hadoop.ipc.RPC$Server.call(RPC.java:1213) [hadoop-common-3.3.5.jar:?]
	at org.apache.hadoop.ipc.Server$RpcCall.run(Server.java:1089) [hadoop-common-3.3.5.jar:?]
	at org.apache.hadoop.ipc.Server$RpcCall.run(Server.java:1012) [hadoop-common-3.3.5.jar:?]
	at java.security.AccessController.doPrivileged(Native Method) ~[?:1.8.0_362]
	at javax.security.auth.Subject.doAs(Subject.java:422) [?:1.8.0_362]
	at org.apache.hadoop.security.UserGroupInformation.doAs(UserGroupInformation.java:1899) [hadoop-common-3.3.5.jar:?]
	at org.apache.hadoop.ipc.Server$Handler.run(Server.java:3026) [hadoop-common-3.3.5.jar:?]
11:23:35.034 [IPC Server handler 2 on default port 36763] ERROR OMAudit - user=runner | ip=127.0.0.1 | op=GET_FILE_STATUS {volume=volume14578, bucket=bucket96393, key=gdir1/dir2/child, dataSize=0, replicationConfig=null} | ret=FAILURE
org.apache.hadoop.ozone.om.exceptions.OMException: Unable to get file status: volume: volume14578 bucket: bucket96393 key: gdir1/dir2/child
	at org.apache.hadoop.ozone.om.KeyManagerImpl.getOzoneFileStatus(KeyManagerImpl.java:1200) ~[ozone-manager-1.4.0-SNAPSHOT.jar:?]
	at org.apache.hadoop.ozone.om.KeyManagerImpl.getFileStatus(KeyManagerImpl.java:1118) ~[ozone-manager-1.4.0-SNAPSHOT.jar:?]
	at org.apache.hadoop.ozone.om.OmMetadataReader.getFileStatus(OmMetadataReader.java:288) ~[ozone-manager-1.4.0-SNAPSHOT.jar:?]
	at org.apache.hadoop.ozone.om.OzoneManager.getFileStatus(OzoneManager.java:3491) ~[ozone-manager-1.4.0-SNAPSHOT.jar:?]
	at org.apache.hadoop.ozone.protocolPB.OzoneManagerRequestHandler.getOzoneFileStatus(OzoneManagerRequestHandler.java:934) ~[ozone-manager-1.4.0-SNAPSHOT.jar:?]
	at org.apache.hadoop.ozone.protocolPB.OzoneManagerRequestHandler.handleReadRequest(OzoneManagerRequestHandler.java:238) ~[ozone-manager-1.4.0-SNAPSHOT.jar:?]
	at org.apache.hadoop.ozone.protocolPB.OzoneManagerProtocolServerSideTranslatorPB.submitReadRequestToOM(OzoneManagerProtocolServerSideTranslatorPB.java:223) ~[ozone-manager-1.4.0-SNAPSHOT.jar:?]
	at org.apache.hadoop.ozone.protocolPB.OzoneManagerProtocolServerSideTranslatorPB.processRequest(OzoneManagerProtocolServerSideTranslatorPB.java:177) ~[ozone-manager-1.4.0-SNAPSHOT.jar:?]
	at org.apache.hadoop.hdds.server.OzoneProtocolMessageDispatcher.processRequest(OzoneProtocolMessageDispatcher.java:87) [hdds-server-framework-1.4.0-SNAPSHOT.jar:?]
	at org.apache.hadoop.ozone.protocolPB.OzoneManagerProtocolServerSideTranslatorPB.submitRequest(OzoneManagerProtocolServerSideTranslatorPB.java:147) [ozone-manager-1.4.0-SNAPSHOT.jar:?]
	at org.apache.hadoop.ozone.protocol.proto.OzoneManagerProtocolProtos$OzoneManagerService$2.callBlockingMethod(OzoneManagerProtocolProtos.java) [ozone-interface-client-1.4.0-SNAPSHOT.jar:?]
	at org.apache.hadoop.ipc.ProtobufRpcEngine$Server.processCall(ProtobufRpcEngine.java:484) [hadoop-common-3.3.5.jar:?]
	at org.apache.hadoop.ipc.ProtobufRpcEngine2$Server$ProtoBufRpcInvoker.call(ProtobufRpcEngine2.java:595) [hadoop-common-3.3.5.jar:?]
	at org.apache.hadoop.ipc.ProtobufRpcEngine2$Server$ProtoBufRpcInvoker.call(ProtobufRpcEngine2.java:573) [hadoop-common-3.3.5.jar:?]
	at org.apache.hadoop.ipc.RPC$Server.call(RPC.java:1213) [hadoop-common-3.3.5.jar:?]
	at org.apache.hadoop.ipc.Server$RpcCall.run(Server.java:1089) [hadoop-common-3.3.5.jar:?]
	at org.apache.hadoop.ipc.Server$RpcCall.run(Server.java:1012) [hadoop-common-3.3.5.jar:?]
	at java.security.AccessController.doPrivileged(Native Method) ~[?:1.8.0_362]
	at javax.security.auth.Subject.doAs(Subject.java:422) [?:1.8.0_362]
	at org.apache.hadoop.security.UserGroupInformation.doAs(UserGroupInformation.java:1899) [hadoop-common-3.3.5.jar:?]
	at org.apache.hadoop.ipc.Server$Handler.run(Server.java:3026) [hadoop-common-3.3.5.jar:?]
11:23:35.037 [IPC Server handler 4 on default port 36763] ERROR OMAudit - user=runner | ip=127.0.0.1 | op=GET_FILE_STATUS {volume=volume14578, bucket=bucket96393, key=gdir1/dir3, dataSize=0, replicationConfig=null} | ret=FAILURE
org.apache.hadoop.ozone.om.exceptions.OMException: Unable to get file status: volume: volume14578 bucket: bucket96393 key: gdir1/dir3
	at org.apache.hadoop.ozone.om.KeyManagerImpl.getOzoneFileStatus(KeyManagerImpl.java:1200) ~[ozone-manager-1.4.0-SNAPSHOT.jar:?]
	at org.apache.hadoop.ozone.om.KeyManagerImpl.getFileStatus(KeyManagerImpl.java:1118) ~[ozone-manager-1.4.0-SNAPSHOT.jar:?]
	at org.apache.hadoop.ozone.om.OmMetadataReader.getFileStatus(OmMetadataReader.java:288) ~[ozone-manager-1.4.0-SNAPSHOT.jar:?]
	at org.apache.hadoop.ozone.om.OzoneManager.getFileStatus(OzoneManager.java:3491) ~[ozone-manager-1.4.0-SNAPSHOT.jar:?]
	at org.apache.hadoop.ozone.protocolPB.OzoneManagerRequestHandler.getOzoneFileStatus(OzoneManagerRequestHandler.java:934) ~[ozone-manager-1.4.0-SNAPSHOT.jar:?]
	at org.apache.hadoop.ozone.protocolPB.OzoneManagerRequestHandler.handleReadRequest(OzoneManagerRequestHandler.java:238) ~[ozone-manager-1.4.0-SNAPSHOT.jar:?]
	at org.apache.hadoop.ozone.protocolPB.OzoneManagerProtocolServerSideTranslatorPB.submitReadRequestToOM(OzoneManagerProtocolServerSideTranslatorPB.java:223) ~[ozone-manager-1.4.0-SNAPSHOT.jar:?]
	at org.apache.hadoop.ozone.protocolPB.OzoneManagerProtocolServerSideTranslatorPB.processRequest(OzoneManagerProtocolServerSideTranslatorPB.java:177) ~[ozone-manager-1.4.0-SNAPSHOT.jar:?]
	at org.apache.hadoop.hdds.server.OzoneProtocolMessageDispatcher.processRequest(OzoneProtocolMessageDispatcher.java:87) [hdds-server-framework-1.4.0-SNAPSHOT.jar:?]
	at org.apache.hadoop.ozone.protocolPB.OzoneManagerProtocolServerSideTranslatorPB.submitRequest(OzoneManagerProtocolServerSideTranslatorPB.java:147) [ozone-manager-1.4.0-SNAPSHOT.jar:?]
	at org.apache.hadoop.ozone.protocol.proto.OzoneManagerProtocolProtos$OzoneManagerService$2.callBlockingMethod(OzoneManagerProtocolProtos.java) [ozone-interface-client-1.4.0-SNAPSHOT.jar:?]
	at org.apache.hadoop.ipc.ProtobufRpcEngine$Server.processCall(ProtobufRpcEngine.java:484) [hadoop-common-3.3.5.jar:?]
	at org.apache.hadoop.ipc.ProtobufRpcEngine2$Server$ProtoBufRpcInvoker.call(ProtobufRpcEngine2.java:595) [hadoop-common-3.3.5.jar:?]
	at org.apache.hadoop.ipc.ProtobufRpcEngine2$Server$ProtoBufRpcInvoker.call(ProtobufRpcEngine2.java:573) [hadoop-common-3.3.5.jar:?]
	at org.apache.hadoop.ipc.RPC$Server.call(RPC.java:1213) [hadoop-common-3.3.5.jar:?]
	at org.apache.hadoop.ipc.Server$RpcCall.run(Server.java:1089) [hadoop-common-3.3.5.jar:?]
	at org.apache.hadoop.ipc.Server$RpcCall.run(Server.java:1012) [hadoop-common-3.3.5.jar:?]
	at java.security.AccessController.doPrivileged(Native Method) ~[?:1.8.0_362]
	at javax.security.auth.Subject.doAs(Subject.java:422) [?:1.8.0_362]
	at org.apache.hadoop.security.UserGroupInformation.doAs(UserGroupInformation.java:1899) [hadoop-common-3.3.5.jar:?]
	at org.apache.hadoop.ipc.Server$Handler.run(Server.java:3026) [hadoop-common-3.3.5.jar:?]
11:23:35.038 [IPC Server handler 3 on default port 36763] ERROR OMAudit - user=runner | ip=127.0.0.1 | op=GET_FILE_STATUS {volume=volume14578, bucket=bucket96393, key=gdir1/dir3/child, dataSize=0, replicationConfig=null} | ret=FAILURE
org.apache.hadoop.ozone.om.exceptions.OMException: Unable to get file status: volume: volume14578 bucket: bucket96393 key: gdir1/dir3/child
	at org.apache.hadoop.ozone.om.KeyManagerImpl.getOzoneFileStatus(KeyManagerImpl.java:1200) ~[ozone-manager-1.4.0-SNAPSHOT.jar:?]
	at org.apache.hadoop.ozone.om.KeyManagerImpl.getFileStatus(KeyManagerImpl.java:1118) ~[ozone-manager-1.4.0-SNAPSHOT.jar:?]
	at org.apache.hadoop.ozone.om.OmMetadataReader.getFileStatus(OmMetadataReader.java:288) ~[ozone-manager-1.4.0-SNAPSHOT.jar:?]
	at org.apache.hadoop.ozone.om.OzoneManager.getFileStatus(OzoneManager.java:3491) ~[ozone-manager-1.4.0-SNAPSHOT.jar:?]
	at org.apache.hadoop.ozone.protocolPB.OzoneManagerRequestHandler.getOzoneFileStatus(OzoneManagerRequestHandler.java:934) ~[ozone-manager-1.4.0-SNAPSHOT.jar:?]
	at org.apache.hadoop.ozone.protocolPB.OzoneManagerRequestHandler.handleReadRequest(OzoneManagerRequestHandler.java:238) ~[ozone-manager-1.4.0-SNAPSHOT.jar:?]
	at org.apache.hadoop.ozone.protocolPB.OzoneManagerProtocolServerSideTranslatorPB.submitReadRequestToOM(OzoneManagerProtocolServerSideTranslatorPB.java:223) ~[ozone-manager-1.4.0-SNAPSHOT.jar:?]
	at org.apache.hadoop.ozone.protocolPB.OzoneManagerProtocolServerSideTranslatorPB.processRequest(OzoneManagerProtocolServerSideTranslatorPB.java:177) ~[ozone-manager-1.4.0-SNAPSHOT.jar:?]
	at org.apache.hadoop.hdds.server.OzoneProtocolMessageDispatcher.processRequest(OzoneProtocolMessageDispatcher.java:87) [hdds-server-framework-1.4.0-SNAPSHOT.jar:?]
	at org.apache.hadoop.ozone.protocolPB.OzoneManagerProtocolServerSideTranslatorPB.submitRequest(OzoneManagerProtocolServerSideTranslatorPB.java:147) [ozone-manager-1.4.0-SNAPSHOT.jar:?]
	at org.apache.hadoop.ozone.protocol.proto.OzoneManagerProtocolProtos$OzoneManagerService$2.callBlockingMethod(OzoneManagerProtocolProtos.java) [ozone-interface-client-1.4.0-SNAPSHOT.jar:?]
	at org.apache.hadoop.ipc.ProtobufRpcEngine$Server.processCall(ProtobufRpcEngine.java:484) [hadoop-common-3.3.5.jar:?]
	at org.apache.hadoop.ipc.ProtobufRpcEngine2$Server$ProtoBufRpcInvoker.call(ProtobufRpcEngine2.java:595) [hadoop-common-3.3.5.jar:?]
	at org.apache.hadoop.ipc.ProtobufRpcEngine2$Server$ProtoBufRpcInvoker.call(ProtobufRpcEngine2.java:573) [hadoop-common-3.3.5.jar:?]
	at org.apache.hadoop.ipc.RPC$Server.call(RPC.java:1213) [hadoop-common-3.3.5.jar:?]
	at org.apache.hadoop.ipc.Server$RpcCall.run(Server.java:1089) [hadoop-common-3.3.5.jar:?]
	at org.apache.hadoop.ipc.Server$RpcCall.run(Server.java:1012) [hadoop-common-3.3.5.jar:?]
	at java.security.AccessController.doPrivileged(Native Method) ~[?:1.8.0_362]
	at javax.security.auth.Subject.doAs(Subject.java:422) [?:1.8.0_362]
	at org.apache.hadoop.security.UserGroupInformation.doAs(UserGroupInformation.java:1899) [hadoop-common-3.3.5.jar:?]
	at org.apache.hadoop.ipc.Server$Handler.run(Server.java:3026) [hadoop-common-3.3.5.jar:?]
11:23:35.040 [IPC Server handler 0 on default port 36763] ERROR OMAudit - user=runner | ip=127.0.0.1 | op=GET_FILE_STATUS {volume=volume14578, bucket=bucket96393, key=gdir1/dir4, dataSize=0, replicationConfig=null} | ret=FAILURE
org.apache.hadoop.ozone.om.exceptions.OMException: Unable to get file status: volume: volume14578 bucket: bucket96393 key: gdir1/dir4
	at org.apache.hadoop.ozone.om.KeyManagerImpl.getOzoneFileStatus(KeyManagerImpl.java:1200) ~[ozone-manager-1.4.0-SNAPSHOT.jar:?]
	at org.apache.hadoop.ozone.om.KeyManagerImpl.getFileStatus(KeyManagerImpl.java:1118) ~[ozone-manager-1.4.0-SNAPSHOT.jar:?]
	at org.apache.hadoop.ozone.om.OmMetadataReader.getFileStatus(OmMetadataReader.java:288) ~[ozone-manager-1.4.0-SNAPSHOT.jar:?]
	at org.apache.hadoop.ozone.om.OzoneManager.getFileStatus(OzoneManager.java:3491) ~[ozone-manager-1.4.0-SNAPSHOT.jar:?]
	at org.apache.hadoop.ozone.protocolPB.OzoneManagerRequestHandler.getOzoneFileStatus(OzoneManagerRequestHandler.java:934) ~[ozone-manager-1.4.0-SNAPSHOT.jar:?]
	at org.apache.hadoop.ozone.protocolPB.OzoneManagerRequestHandler.handleReadRequest(OzoneManagerRequestHandler.java:238) ~[ozone-manager-1.4.0-SNAPSHOT.jar:?]
	at org.apache.hadoop.ozone.protocolPB.OzoneManagerProtocolServerSideTranslatorPB.submitReadRequestToOM(OzoneManagerProtocolServerSideTranslatorPB.java:223) ~[ozone-manager-1.4.0-SNAPSHOT.jar:?]
	at org.apache.hadoop.ozone.protocolPB.OzoneManagerProtocolServerSideTranslatorPB.processRequest(OzoneManagerProtocolServerSideTranslatorPB.java:177) ~[ozone-manager-1.4.0-SNAPSHOT.jar:?]
	at org.apache.hadoop.hdds.server.OzoneProtocolMessageDispatcher.processRequest(OzoneProtocolMessageDispatcher.java:87) [hdds-server-framework-1.4.0-SNAPSHOT.jar:?]
	at org.apache.hadoop.ozone.protocolPB.OzoneManagerProtocolServerSideTranslatorPB.submitRequest(OzoneManagerProtocolServerSideTranslatorPB.java:147) [ozone-manager-1.4.0-SNAPSHOT.jar:?]
	at org.apache.hadoop.ozone.protocol.proto.OzoneManagerProtocolProtos$OzoneManagerService$2.callBlockingMethod(OzoneManagerProtocolProtos.java) [ozone-interface-client-1.4.0-SNAPSHOT.jar:?]
	at org.apache.hadoop.ipc.ProtobufRpcEngine$Server.processCall(ProtobufRpcEngine.java:484) [hadoop-common-3.3.5.jar:?]
	at org.apache.hadoop.ipc.ProtobufRpcEngine2$Server$ProtoBufRpcInvoker.call(ProtobufRpcEngine2.java:595) [hadoop-common-3.3.5.jar:?]
	at org.apache.hadoop.ipc.ProtobufRpcEngine2$Server$ProtoBufRpcInvoker.call(ProtobufRpcEngine2.java:573) [hadoop-common-3.3.5.jar:?]
	at org.apache.hadoop.ipc.RPC$Server.call(RPC.java:1213) [hadoop-common-3.3.5.jar:?]
	at org.apache.hadoop.ipc.Server$RpcCall.run(Server.java:1089) [hadoop-common-3.3.5.jar:?]
	at org.apache.hadoop.ipc.Server$RpcCall.run(Server.java:1012) [hadoop-common-3.3.5.jar:?]
	at java.security.AccessController.doPrivileged(Native Method) ~[?:1.8.0_362]
	at javax.security.auth.Subject.doAs(Subject.java:422) [?:1.8.0_362]
	at org.apache.hadoop.security.UserGroupInformation.doAs(UserGroupInformation.java:1899) [hadoop-common-3.3.5.jar:?]
	at org.apache.hadoop.ipc.Server$Handler.run(Server.java:3026) [hadoop-common-3.3.5.jar:?]
11:23:35.041 [IPC Server handler 1 on default port 36763] ERROR OMAudit - user=runner | ip=127.0.0.1 | op=GET_FILE_STATUS {volume=volume14578, bucket=bucket96393, key=gdir1/dir4/child, dataSize=0, replicationConfig=null} | ret=FAILURE
org.apache.hadoop.ozone.om.exceptions.OMException: Unable to get file status: volume: volume14578 bucket: bucket96393 key: gdir1/dir4/child
	at org.apache.hadoop.ozone.om.KeyManagerImpl.getOzoneFileStatus(KeyManagerImpl.java:1200) ~[ozone-manager-1.4.0-SNAPSHOT.jar:?]
	at org.apache.hadoop.ozone.om.KeyManagerImpl.getFileStatus(KeyManagerImpl.java:1118) ~[ozone-manager-1.4.0-SNAPSHOT.jar:?]
	at org.apache.hadoop.ozone.om.OmMetadataReader.getFileStatus(OmMetadataReader.java:288) ~[ozone-manager-1.4.0-SNAPSHOT.jar:?]
	at org.apache.hadoop.ozone.om.OzoneManager.getFileStatus(OzoneManager.java:3491) ~[ozone-manager-1.4.0-SNAPSHOT.jar:?]
	at org.apache.hadoop.ozone.protocolPB.OzoneManagerRequestHandler.getOzoneFileStatus(OzoneManagerRequestHandler.java:934) ~[ozone-manager-1.4.0-SNAPSHOT.jar:?]
	at org.apache.hadoop.ozone.protocolPB.OzoneManagerRequestHandler.handleReadRequest(OzoneManagerRequestHandler.java:238) ~[ozone-manager-1.4.0-SNAPSHOT.jar:?]
	at org.apache.hadoop.ozone.protocolPB.OzoneManagerProtocolServerSideTranslatorPB.submitReadRequestToOM(OzoneManagerProtocolServerSideTranslatorPB.java:223) ~[ozone-manager-1.4.0-SNAPSHOT.jar:?]
	at org.apache.hadoop.ozone.protocolPB.OzoneManagerProtocolServerSideTranslatorPB.processRequest(OzoneManagerProtocolServerSideTranslatorPB.java:177) ~[ozone-manager-1.4.0-SNAPSHOT.jar:?]
	at org.apache.hadoop.hdds.server.OzoneProtocolMessageDispatcher.processRequest(OzoneProtocolMessageDispatcher.java:87) [hdds-server-framework-1.4.0-SNAPSHOT.jar:?]
	at org.apache.hadoop.ozone.protocolPB.OzoneManagerProtocolServerSideTranslatorPB.submitRequest(OzoneManagerProtocolServerSideTranslatorPB.java:147) [ozone-manager-1.4.0-SNAPSHOT.jar:?]
	at org.apache.hadoop.ozone.protocol.proto.OzoneManagerProtocolProtos$OzoneManagerService$2.callBlockingMethod(OzoneManagerProtocolProtos.java) [ozone-interface-client-1.4.0-SNAPSHOT.jar:?]
	at org.apache.hadoop.ipc.ProtobufRpcEngine$Server.processCall(ProtobufRpcEngine.java:484) [hadoop-common-3.3.5.jar:?]
	at org.apache.hadoop.ipc.ProtobufRpcEngine2$Server$ProtoBufRpcInvoker.call(ProtobufRpcEngine2.java:595) [hadoop-common-3.3.5.jar:?]
	at org.apache.hadoop.ipc.ProtobufRpcEngine2$Server$ProtoBufRpcInvoker.call(ProtobufRpcEngine2.java:573) [hadoop-common-3.3.5.jar:?]
	at org.apache.hadoop.ipc.RPC$Server.call(RPC.java:1213) [hadoop-common-3.3.5.jar:?]
	at org.apache.hadoop.ipc.Server$RpcCall.run(Server.java:1089) [hadoop-common-3.3.5.jar:?]
	at org.apache.hadoop.ipc.Server$RpcCall.run(Server.java:1012) [hadoop-common-3.3.5.jar:?]
	at java.security.AccessController.doPrivileged(Native Method) ~[?:1.8.0_362]
	at javax.security.auth.Subject.doAs(Subject.java:422) [?:1.8.0_362]
	at org.apache.hadoop.security.UserGroupInformation.doAs(UserGroupInformation.java:1899) [hadoop-common-3.3.5.jar:?]
	at org.apache.hadoop.ipc.Server$Handler.run(Server.java:3026) [hadoop-common-3.3.5.jar:?]
11:23:35.042 [IPC Server handler 11 on default port 36763] ERROR OMAudit - user=runner | ip=127.0.0.1 | op=GET_FILE_STATUS {volume=volume14578, bucket=bucket96393, key=gdir1/dir5, dataSize=0, replicationConfig=null} | ret=FAILURE
org.apache.hadoop.ozone.om.exceptions.OMException: Unable to get file status: volume: volume14578 bucket: bucket96393 key: gdir1/dir5
	at org.apache.hadoop.ozone.om.KeyManagerImpl.getOzoneFileStatus(KeyManagerImpl.java:1200) ~[ozone-manager-1.4.0-SNAPSHOT.jar:?]
	at org.apache.hadoop.ozone.om.KeyManagerImpl.getFileStatus(KeyManagerImpl.java:1118) ~[ozone-manager-1.4.0-SNAPSHOT.jar:?]
	at org.apache.hadoop.ozone.om.OmMetadataReader.getFileStatus(OmMetadataReader.java:288) ~[ozone-manager-1.4.0-SNAPSHOT.jar:?]
	at org.apache.hadoop.ozone.om.OzoneManager.getFileStatus(OzoneManager.java:3491) ~[ozone-manager-1.4.0-SNAPSHOT.jar:?]
	at org.apache.hadoop.ozone.protocolPB.OzoneManagerRequestHandler.getOzoneFileStatus(OzoneManagerRequestHandler.java:934) ~[ozone-manager-1.4.0-SNAPSHOT.jar:?]
	at org.apache.hadoop.ozone.protocolPB.OzoneManagerRequestHandler.handleReadRequest(OzoneManagerRequestHandler.java:238) ~[ozone-manager-1.4.0-SNAPSHOT.jar:?]
	at org.apache.hadoop.ozone.protocolPB.OzoneManagerProtocolServerSideTranslatorPB.submitReadRequestToOM(OzoneManagerProtocolServerSideTranslatorPB.java:223) ~[ozone-manager-1.4.0-SNAPSHOT.jar:?]
	at org.apache.hadoop.ozone.protocolPB.OzoneManagerProtocolServerSideTranslatorPB.processRequest(OzoneManagerProtocolServerSideTranslatorPB.java:177) ~[ozone-manager-1.4.0-SNAPSHOT.jar:?]
	at org.apache.hadoop.hdds.server.OzoneProtocolMessageDispatcher.processRequest(OzoneProtocolMessageDispatcher.java:87) [hdds-server-framework-1.4.0-SNAPSHOT.jar:?]
	at org.apache.hadoop.ozone.protocolPB.OzoneManagerProtocolServerSideTranslatorPB.submitRequest(OzoneManagerProtocolServerSideTranslatorPB.java:147) [ozone-manager-1.4.0-SNAPSHOT.jar:?]
	at org.apache.hadoop.ozone.protocol.proto.OzoneManagerProtocolProtos$OzoneManagerService$2.callBlockingMethod(OzoneManagerProtocolProtos.java) [ozone-interface-client-1.4.0-SNAPSHOT.jar:?]
	at org.apache.hadoop.ipc.ProtobufRpcEngine$Server.processCall(ProtobufRpcEngine.java:484) [hadoop-common-3.3.5.jar:?]
	at org.apache.hadoop.ipc.ProtobufRpcEngine2$Server$ProtoBufRpcInvoker.call(ProtobufRpcEngine2.java:595) [hadoop-common-3.3.5.jar:?]
	at org.apache.hadoop.ipc.ProtobufRpcEngine2$Server$ProtoBufRpcInvoker.call(ProtobufRpcEngine2.java:573) [hadoop-common-3.3.5.jar:?]
	at org.apache.hadoop.ipc.RPC$Server.call(RPC.java:1213) [hadoop-common-3.3.5.jar:?]
	at org.apache.hadoop.ipc.Server$RpcCall.run(Server.java:1089) [hadoop-common-3.3.5.jar:?]
	at org.apache.hadoop.ipc.Server$RpcCall.run(Server.java:1012) [hadoop-common-3.3.5.jar:?]
	at java.security.AccessController.doPrivileged(Native Method) ~[?:1.8.0_362]
	at javax.security.auth.Subject.doAs(Subject.java:422) [?:1.8.0_362]
	at org.apache.hadoop.security.UserGroupInformation.doAs(UserGroupInformation.java:1899) [hadoop-common-3.3.5.jar:?]
	at org.apache.hadoop.ipc.Server$Handler.run(Server.java:3026) [hadoop-common-3.3.5.jar:?]
11:23:35.044 [IPC Server handler 12 on default port 36763] ERROR OMAudit - user=runner | ip=127.0.0.1 | op=GET_FILE_STATUS {volume=volume14578, bucket=bucket96393, key=gdir1/dir5/child, dataSize=0, replicationConfig=null} | ret=FAILURE
org.apache.hadoop.ozone.om.exceptions.OMException: Unable to get file status: volume: volume14578 bucket: bucket96393 key: gdir1/dir5/child
	at org.apache.hadoop.ozone.om.KeyManagerImpl.getOzoneFileStatus(KeyManagerImpl.java:1200) ~[ozone-manager-1.4.0-SNAPSHOT.jar:?]
	at org.apache.hadoop.ozone.om.KeyManagerImpl.getFileStatus(KeyManagerImpl.java:1118) ~[ozone-manager-1.4.0-SNAPSHOT.jar:?]
	at org.apache.hadoop.ozone.om.OmMetadataReader.getFileStatus(OmMetadataReader.java:288) ~[ozone-manager-1.4.0-SNAPSHOT.jar:?]
	at org.apache.hadoop.ozone.om.OzoneManager.getFileStatus(OzoneManager.java:3491) ~[ozone-manager-1.4.0-SNAPSHOT.jar:?]
	at org.apache.hadoop.ozone.protocolPB.OzoneManagerRequestHandler.getOzoneFileStatus(OzoneManagerRequestHandler.java:934) ~[ozone-manager-1.4.0-SNAPSHOT.jar:?]
	at org.apache.hadoop.ozone.protocolPB.OzoneManagerRequestHandler.handleReadRequest(OzoneManagerRequestHandler.java:238) ~[ozone-manager-1.4.0-SNAPSHOT.jar:?]
	at org.apache.hadoop.ozone.protocolPB.OzoneManagerProtocolServerSideTranslatorPB.submitReadRequestToOM(OzoneManagerProtocolServerSideTranslatorPB.java:223) ~[ozone-manager-1.4.0-SNAPSHOT.jar:?]
	at org.apache.hadoop.ozone.protocolPB.OzoneManagerProtocolServerSideTranslatorPB.processRequest(OzoneManagerProtocolServerSideTranslatorPB.java:177) ~[ozone-manager-1.4.0-SNAPSHOT.jar:?]
	at org.apache.hadoop.hdds.server.OzoneProtocolMessageDispatcher.processRequest(OzoneProtocolMessageDispatcher.java:87) [hdds-server-framework-1.4.0-SNAPSHOT.jar:?]
	at org.apache.hadoop.ozone.protocolPB.OzoneManagerProtocolServerSideTranslatorPB.submitRequest(OzoneManagerProtocolServerSideTranslatorPB.java:147) [ozone-manager-1.4.0-SNAPSHOT.jar:?]
	at org.apache.hadoop.ozone.protocol.proto.OzoneManagerProtocolProtos$OzoneManagerService$2.callBlockingMethod(OzoneManagerProtocolProtos.java) [ozone-interface-client-1.4.0-SNAPSHOT.jar:?]
	at org.apache.hadoop.ipc.ProtobufRpcEngine$Server.processCall(ProtobufRpcEngine.java:484) [hadoop-common-3.3.5.jar:?]
	at org.apache.hadoop.ipc.ProtobufRpcEngine2$Server$ProtoBufRpcInvoker.call(ProtobufRpcEngine2.java:595) [hadoop-common-3.3.5.jar:?]
	at org.apache.hadoop.ipc.ProtobufRpcEngine2$Server$ProtoBufRpcInvoker.call(ProtobufRpcEngine2.java:573) [hadoop-common-3.3.5.jar:?]
	at org.apache.hadoop.ipc.RPC$Server.call(RPC.java:1213) [hadoop-common-3.3.5.jar:?]
	at org.apache.hadoop.ipc.Server$RpcCall.run(Server.java:1089) [hadoop-common-3.3.5.jar:?]
	at org.apache.hadoop.ipc.Server$RpcCall.run(Server.java:1012) [hadoop-common-3.3.5.jar:?]
	at java.security.AccessController.doPrivileged(Native Method) ~[?:1.8.0_362]
	at javax.security.auth.Subject.doAs(Subject.java:422) [?:1.8.0_362]
	at org.apache.hadoop.security.UserGroupInformation.doAs(UserGroupInformation.java:1899) [hadoop-common-3.3.5.jar:?]
	at org.apache.hadoop.ipc.Server$Handler.run(Server.java:3026) [hadoop-common-3.3.5.jar:?]
11:23:35.045 [IPC Server handler 8 on default port 36763] ERROR OMAudit - user=runner | ip=127.0.0.1 | op=GET_FILE_STATUS {volume=volume14578, bucket=bucket96393, key=gdir1/dir6, dataSize=0, replicationConfig=null} | ret=FAILURE
org.apache.hadoop.ozone.om.exceptions.OMException: Unable to get file status: volume: volume14578 bucket: bucket96393 key: gdir1/dir6
	at org.apache.hadoop.ozone.om.KeyManagerImpl.getOzoneFileStatus(KeyManagerImpl.java:1200) ~[ozone-manager-1.4.0-SNAPSHOT.jar:?]
	at org.apache.hadoop.ozone.om.KeyManagerImpl.getFileStatus(KeyManagerImpl.java:1118) ~[ozone-manager-1.4.0-SNAPSHOT.jar:?]
	at org.apache.hadoop.ozone.om.OmMetadataReader.getFileStatus(OmMetadataReader.java:288) ~[ozone-manager-1.4.0-SNAPSHOT.jar:?]
	at org.apache.hadoop.ozone.om.OzoneManager.getFileStatus(OzoneManager.java:3491) ~[ozone-manager-1.4.0-SNAPSHOT.jar:?]
	at org.apache.hadoop.ozone.protocolPB.OzoneManagerRequestHandler.getOzoneFileStatus(OzoneManagerRequestHandler.java:934) ~[ozone-manager-1.4.0-SNAPSHOT.jar:?]
	at org.apache.hadoop.ozone.protocolPB.OzoneManagerRequestHandler.handleReadRequest(OzoneManagerRequestHandler.java:238) ~[ozone-manager-1.4.0-SNAPSHOT.jar:?]
	at org.apache.hadoop.ozone.protocolPB.OzoneManagerProtocolServerSideTranslatorPB.submitReadRequestToOM(OzoneManagerProtocolServerSideTranslatorPB.java:223) ~[ozone-manager-1.4.0-SNAPSHOT.jar:?]
	at org.apache.hadoop.ozone.protocolPB.OzoneManagerProtocolServerSideTranslatorPB.processRequest(OzoneManagerProtocolServerSideTranslatorPB.java:177) ~[ozone-manager-1.4.0-SNAPSHOT.jar:?]
	at org.apache.hadoop.hdds.server.OzoneProtocolMessageDispatcher.processRequest(OzoneProtocolMessageDispatcher.java:87) [hdds-server-framework-1.4.0-SNAPSHOT.jar:?]
	at org.apache.hadoop.ozone.protocolPB.OzoneManagerProtocolServerSideTranslatorPB.submitRequest(OzoneManagerProtocolServerSideTranslatorPB.java:147) [ozone-manager-1.4.0-SNAPSHOT.jar:?]
	at org.apache.hadoop.ozone.protocol.proto.OzoneManagerProtocolProtos$OzoneManagerService$2.callBlockingMethod(OzoneManagerProtocolProtos.java) [ozone-interface-client-1.4.0-SNAPSHOT.jar:?]
	at org.apache.hadoop.ipc.ProtobufRpcEngine$Server.processCall(ProtobufRpcEngine.java:484) [hadoop-common-3.3.5.jar:?]
	at org.apache.hadoop.ipc.ProtobufRpcEngine2$Server$ProtoBufRpcInvoker.call(ProtobufRpcEngine2.java:595) [hadoop-common-3.3.5.jar:?]
	at org.apache.hadoop.ipc.ProtobufRpcEngine2$Server$ProtoBufRpcInvoker.call(ProtobufRpcEngine2.java:573) [hadoop-common-3.3.5.jar:?]
	at org.apache.hadoop.ipc.RPC$Server.call(RPC.java:1213) [hadoop-common-3.3.5.jar:?]
	at org.apache.hadoop.ipc.Server$RpcCall.run(Server.java:1089) [hadoop-common-3.3.5.jar:?]
	at org.apache.hadoop.ipc.Server$RpcCall.run(Server.java:1012) [hadoop-common-3.3.5.jar:?]
	at java.security.AccessController.doPrivileged(Native Method) ~[?:1.8.0_362]
	at javax.security.auth.Subject.doAs(Subject.java:422) [?:1.8.0_362]
	at org.apache.hadoop.security.UserGroupInformation.doAs(UserGroupInformation.java:1899) [hadoop-common-3.3.5.jar:?]
	at org.apache.hadoop.ipc.Server$Handler.run(Server.java:3026) [hadoop-common-3.3.5.jar:?]
11:23:35.047 [IPC Server handler 7 on default port 36763] ERROR OMAudit - user=runner | ip=127.0.0.1 | op=GET_FILE_STATUS {volume=volume14578, bucket=bucket96393, key=gdir1/dir6/child, dataSize=0, replicationConfig=null} | ret=FAILURE
org.apache.hadoop.ozone.om.exceptions.OMException: Unable to get file status: volume: volume14578 bucket: bucket96393 key: gdir1/dir6/child
	at org.apache.hadoop.ozone.om.KeyManagerImpl.getOzoneFileStatus(KeyManagerImpl.java:1200) ~[ozone-manager-1.4.0-SNAPSHOT.jar:?]
	at org.apache.hadoop.ozone.om.KeyManagerImpl.getFileStatus(KeyManagerImpl.java:1118) ~[ozone-manager-1.4.0-SNAPSHOT.jar:?]
	at org.apache.hadoop.ozone.om.OmMetadataReader.getFileStatus(OmMetadataReader.java:288) ~[ozone-manager-1.4.0-SNAPSHOT.jar:?]
	at org.apache.hadoop.ozone.om.OzoneManager.getFileStatus(OzoneManager.java:3491) ~[ozone-manager-1.4.0-SNAPSHOT.jar:?]
	at org.apache.hadoop.ozone.protocolPB.OzoneManagerRequestHandler.getOzoneFileStatus(OzoneManagerRequestHandler.java:934) ~[ozone-manager-1.4.0-SNAPSHOT.jar:?]
	at org.apache.hadoop.ozone.protocolPB.OzoneManagerRequestHandler.handleReadRequest(OzoneManagerRequestHandler.java:238) ~[ozone-manager-1.4.0-SNAPSHOT.jar:?]
	at org.apache.hadoop.ozone.protocolPB.OzoneManagerProtocolServerSideTranslatorPB.submitReadRequestToOM(OzoneManagerProtocolServerSideTranslatorPB.java:223) ~[ozone-manager-1.4.0-SNAPSHOT.jar:?]
	at org.apache.hadoop.ozone.protocolPB.OzoneManagerProtocolServerSideTranslatorPB.processRequest(OzoneManagerProtocolServerSideTranslatorPB.java:177) ~[ozone-manager-1.4.0-SNAPSHOT.jar:?]
	at org.apache.hadoop.hdds.server.OzoneProtocolMessageDispatcher.processRequest(OzoneProtocolMessageDispatcher.java:87) [hdds-server-framework-1.4.0-SNAPSHOT.jar:?]
	at org.apache.hadoop.ozone.protocolPB.OzoneManagerProtocolServerSideTranslatorPB.submitRequest(OzoneManagerProtocolServerSideTranslatorPB.java:147) [ozone-manager-1.4.0-SNAPSHOT.jar:?]
	at org.apache.hadoop.ozone.protocol.proto.OzoneManagerProtocolProtos$OzoneManagerService$2.callBlockingMethod(OzoneManagerProtocolProtos.java) [ozone-interface-client-1.4.0-SNAPSHOT.jar:?]
	at org.apache.hadoop.ipc.ProtobufRpcEngine$Server.processCall(ProtobufRpcEngine.java:484) [hadoop-common-3.3.5.jar:?]
	at org.apache.hadoop.ipc.ProtobufRpcEngine2$Server$ProtoBufRpcInvoker.call(ProtobufRpcEngine2.java:595) [hadoop-common-3.3.5.jar:?]
	at org.apache.hadoop.ipc.ProtobufRpcEngine2$Server$ProtoBufRpcInvoker.call(ProtobufRpcEngine2.java:573) [hadoop-common-3.3.5.jar:?]
	at org.apache.hadoop.ipc.RPC$Server.call(RPC.java:1213) [hadoop-common-3.3.5.jar:?]
	at org.apache.hadoop.ipc.Server$RpcCall.run(Server.java:1089) [hadoop-common-3.3.5.jar:?]
	at org.apache.hadoop.ipc.Server$RpcCall.run(Server.java:1012) [hadoop-common-3.3.5.jar:?]
	at java.security.AccessController.doPrivileged(Native Method) ~[?:1.8.0_362]
	at javax.security.auth.Subject.doAs(Subject.java:422) [?:1.8.0_362]
	at org.apache.hadoop.security.UserGroupInformation.doAs(UserGroupInformation.java:1899) [hadoop-common-3.3.5.jar:?]
	at org.apache.hadoop.ipc.Server$Handler.run(Server.java:3026) [hadoop-common-3.3.5.jar:?]
11:23:35.048 [IPC Server handler 13 on default port 36763] ERROR OMAudit - user=runner | ip=127.0.0.1 | op=GET_FILE_STATUS {volume=volume14578, bucket=bucket96393, key=gdir1/dir7, dataSize=0, replicationConfig=null} | ret=FAILURE
org.apache.hadoop.ozone.om.exceptions.OMException: Unable to get file status: volume: volume14578 bucket: bucket96393 key: gdir1/dir7
	at org.apache.hadoop.ozone.om.KeyManagerImpl.getOzoneFileStatus(KeyManagerImpl.java:1200) ~[ozone-manager-1.4.0-SNAPSHOT.jar:?]
	at org.apache.hadoop.ozone.om.KeyManagerImpl.getFileStatus(KeyManagerImpl.java:1118) ~[ozone-manager-1.4.0-SNAPSHOT.jar:?]
	at org.apache.hadoop.ozone.om.OmMetadataReader.getFileStatus(OmMetadataReader.java:288) ~[ozone-manager-1.4.0-SNAPSHOT.jar:?]
	at org.apache.hadoop.ozone.om.OzoneManager.getFileStatus(OzoneManager.java:3491) ~[ozone-manager-1.4.0-SNAPSHOT.jar:?]
	at org.apache.hadoop.ozone.protocolPB.OzoneManagerRequestHandler.getOzoneFileStatus(OzoneManagerRequestHandler.java:934) ~[ozone-manager-1.4.0-SNAPSHOT.jar:?]
	at org.apache.hadoop.ozone.protocolPB.OzoneManagerRequestHandler.handleReadRequest(OzoneManagerRequestHandler.java:238) ~[ozone-manager-1.4.0-SNAPSHOT.jar:?]
	at org.apache.hadoop.ozone.protocolPB.OzoneManagerProtocolServerSideTranslatorPB.submitReadRequestToOM(OzoneManagerProtocolServerSideTranslatorPB.java:223) ~[ozone-manager-1.4.0-SNAPSHOT.jar:?]
	at org.apache.hadoop.ozone.protocolPB.OzoneManagerProtocolServerSideTranslatorPB.processRequest(OzoneManagerProtocolServerSideTranslatorPB.java:177) ~[ozone-manager-1.4.0-SNAPSHOT.jar:?]
	at org.apache.hadoop.hdds.server.OzoneProtocolMessageDispatcher.processRequest(OzoneProtocolMessageDispatcher.java:87) [hdds-server-framework-1.4.0-SNAPSHOT.jar:?]
	at org.apache.hadoop.ozone.protocolPB.OzoneManagerProtocolServerSideTranslatorPB.submitRequest(OzoneManagerProtocolServerSideTranslatorPB.java:147) [ozone-manager-1.4.0-SNAPSHOT.jar:?]
	at org.apache.hadoop.ozone.protocol.proto.OzoneManagerProtocolProtos$OzoneManagerService$2.callBlockingMethod(OzoneManagerProtocolProtos.java) [ozone-interface-client-1.4.0-SNAPSHOT.jar:?]
	at org.apache.hadoop.ipc.ProtobufRpcEngine$Server.processCall(ProtobufRpcEngine.java:484) [hadoop-common-3.3.5.jar:?]
	at org.apache.hadoop.ipc.ProtobufRpcEngine2$Server$ProtoBufRpcInvoker.call(ProtobufRpcEngine2.java:595) [hadoop-common-3.3.5.jar:?]
	at org.apache.hadoop.ipc.ProtobufRpcEngine2$Server$ProtoBufRpcInvoker.call(ProtobufRpcEngine2.java:573) [hadoop-common-3.3.5.jar:?]
	at org.apache.hadoop.ipc.RPC$Server.call(RPC.java:1213) [hadoop-common-3.3.5.jar:?]
	at org.apache.hadoop.ipc.Server$RpcCall.run(Server.java:1089) [hadoop-common-3.3.5.jar:?]
	at org.apache.hadoop.ipc.Server$RpcCall.run(Server.java:1012) [hadoop-common-3.3.5.jar:?]
	at java.security.AccessController.doPrivileged(Native Method) ~[?:1.8.0_362]
	at javax.security.auth.Subject.doAs(Subject.java:422) [?:1.8.0_362]
	at org.apache.hadoop.security.UserGroupInformation.doAs(UserGroupInformation.java:1899) [hadoop-common-3.3.5.jar:?]
	at org.apache.hadoop.ipc.Server$Handler.run(Server.java:3026) [hadoop-common-3.3.5.jar:?]
11:23:35.050 [IPC Server handler 15 on default port 36763] ERROR OMAudit - user=runner | ip=127.0.0.1 | op=GET_FILE_STATUS {volume=volume14578, bucket=bucket96393, key=gdir1/dir7/child, dataSize=0, replicationConfig=null} | ret=FAILURE
org.apache.hadoop.ozone.om.exceptions.OMException: Unable to get file status: volume: volume14578 bucket: bucket96393 key: gdir1/dir7/child
	at org.apache.hadoop.ozone.om.KeyManagerImpl.getOzoneFileStatus(KeyManagerImpl.java:1200) ~[ozone-manager-1.4.0-SNAPSHOT.jar:?]
	at org.apache.hadoop.ozone.om.KeyManagerImpl.getFileStatus(KeyManagerImpl.java:1118) ~[ozone-manager-1.4.0-SNAPSHOT.jar:?]
	at org.apache.hadoop.ozone.om.OmMetadataReader.getFileStatus(OmMetadataReader.java:288) ~[ozone-manager-1.4.0-SNAPSHOT.jar:?]
	at org.apache.hadoop.ozone.om.OzoneManager.getFileStatus(OzoneManager.java:3491) ~[ozone-manager-1.4.0-SNAPSHOT.jar:?]
	at org.apache.hadoop.ozone.protocolPB.OzoneManagerRequestHandler.getOzoneFileStatus(OzoneManagerRequestHandler.java:934) ~[ozone-manager-1.4.0-SNAPSHOT.jar:?]
	at org.apache.hadoop.ozone.protocolPB.OzoneManagerRequestHandler.handleReadRequest(OzoneManagerRequestHandler.java:238) ~[ozone-manager-1.4.0-SNAPSHOT.jar:?]
	at org.apache.hadoop.ozone.protocolPB.OzoneManagerProtocolServerSideTranslatorPB.submitReadRequestToOM(OzoneManagerProtocolServerSideTranslatorPB.java:223) ~[ozone-manager-1.4.0-SNAPSHOT.jar:?]
	at org.apache.hadoop.ozone.protocolPB.OzoneManagerProtocolServerSideTranslatorPB.processRequest(OzoneManagerProtocolServerSideTranslatorPB.java:177) ~[ozone-manager-1.4.0-SNAPSHOT.jar:?]
	at org.apache.hadoop.hdds.server.OzoneProtocolMessageDispatcher.processRequest(OzoneProtocolMessageDispatcher.java:87) [hdds-server-framework-1.4.0-SNAPSHOT.jar:?]
	at org.apache.hadoop.ozone.protocolPB.OzoneManagerProtocolServerSideTranslatorPB.submitRequest(OzoneManagerProtocolServerSideTranslatorPB.java:147) [ozone-manager-1.4.0-SNAPSHOT.jar:?]
	at org.apache.hadoop.ozone.protocol.proto.OzoneManagerProtocolProtos$OzoneManagerService$2.callBlockingMethod(OzoneManagerProtocolProtos.java) [ozone-interface-client-1.4.0-SNAPSHOT.jar:?]
	at org.apache.hadoop.ipc.ProtobufRpcEngine$Server.processCall(ProtobufRpcEngine.java:484) [hadoop-common-3.3.5.jar:?]
	at org.apache.hadoop.ipc.ProtobufRpcEngine2$Server$ProtoBufRpcInvoker.call(ProtobufRpcEngine2.java:595) [hadoop-common-3.3.5.jar:?]
	at org.apache.hadoop.ipc.ProtobufRpcEngine2$Server$ProtoBufRpcInvoker.call(ProtobufRpcEngine2.java:573) [hadoop-common-3.3.5.jar:?]
	at org.apache.hadoop.ipc.RPC$Server.call(RPC.java:1213) [hadoop-common-3.3.5.jar:?]
	at org.apache.hadoop.ipc.Server$RpcCall.run(Server.java:1089) [hadoop-common-3.3.5.jar:?]
	at org.apache.hadoop.ipc.Server$RpcCall.run(Server.java:1012) [hadoop-common-3.3.5.jar:?]
	at java.security.AccessController.doPrivileged(Native Method) ~[?:1.8.0_362]
	at javax.security.auth.Subject.doAs(Subject.java:422) [?:1.8.0_362]
	at org.apache.hadoop.security.UserGroupInformation.doAs(UserGroupInformation.java:1899) [hadoop-common-3.3.5.jar:?]
	at org.apache.hadoop.ipc.Server$Handler.run(Server.java:3026) [hadoop-common-3.3.5.jar:?]
11:23:35.052 [IPC Server handler 19 on default port 36763] ERROR OMAudit - user=runner | ip=127.0.0.1 | op=GET_FILE_STATUS {volume=volume14578, bucket=bucket96393, key=gdir1/dir8, dataSize=0, replicationConfig=null} | ret=FAILURE
org.apache.hadoop.ozone.om.exceptions.OMException: Unable to get file status: volume: volume14578 bucket: bucket96393 key: gdir1/dir8
	at org.apache.hadoop.ozone.om.KeyManagerImpl.getOzoneFileStatus(KeyManagerImpl.java:1200) ~[ozone-manager-1.4.0-SNAPSHOT.jar:?]
	at org.apache.hadoop.ozone.om.KeyManagerImpl.getFileStatus(KeyManagerImpl.java:1118) ~[ozone-manager-1.4.0-SNAPSHOT.jar:?]
	at org.apache.hadoop.ozone.om.OmMetadataReader.getFileStatus(OmMetadataReader.java:288) ~[ozone-manager-1.4.0-SNAPSHOT.jar:?]
	at org.apache.hadoop.ozone.om.OzoneManager.getFileStatus(OzoneManager.java:3491) ~[ozone-manager-1.4.0-SNAPSHOT.jar:?]
	at org.apache.hadoop.ozone.protocolPB.OzoneManagerRequestHandler.getOzoneFileStatus(OzoneManagerRequestHandler.java:934) ~[ozone-manager-1.4.0-SNAPSHOT.jar:?]
	at org.apache.hadoop.ozone.protocolPB.OzoneManagerRequestHandler.handleReadRequest(OzoneManagerRequestHandler.java:238) ~[ozone-manager-1.4.0-SNAPSHOT.jar:?]
	at org.apache.hadoop.ozone.protocolPB.OzoneManagerProtocolServerSideTranslatorPB.submitReadRequestToOM(OzoneManagerProtocolServerSideTranslatorPB.java:223) ~[ozone-manager-1.4.0-SNAPSHOT.jar:?]
	at org.apache.hadoop.ozone.protocolPB.OzoneManagerProtocolServerSideTranslatorPB.processRequest(OzoneManagerProtocolServerSideTranslatorPB.java:177) ~[ozone-manager-1.4.0-SNAPSHOT.jar:?]
	at org.apache.hadoop.hdds.server.OzoneProtocolMessageDispatcher.processRequest(OzoneProtocolMessageDispatcher.java:87) [hdds-server-framework-1.4.0-SNAPSHOT.jar:?]
	at org.apache.hadoop.ozone.protocolPB.OzoneManagerProtocolServerSideTranslatorPB.submitRequest(OzoneManagerProtocolServerSideTranslatorPB.java:147) [ozone-manager-1.4.0-SNAPSHOT.jar:?]
	at org.apache.hadoop.ozone.protocol.proto.OzoneManagerProtocolProtos$OzoneManagerService$2.callBlockingMethod(OzoneManagerProtocolProtos.java) [ozone-interface-client-1.4.0-SNAPSHOT.jar:?]
	at org.apache.hadoop.ipc.ProtobufRpcEngine$Server.processCall(ProtobufRpcEngine.java:484) [hadoop-common-3.3.5.jar:?]
	at org.apache.hadoop.ipc.ProtobufRpcEngine2$Server$ProtoBufRpcInvoker.call(ProtobufRpcEngine2.java:595) [hadoop-common-3.3.5.jar:?]
	at org.apache.hadoop.ipc.ProtobufRpcEngine2$Server$ProtoBufRpcInvoker.call(ProtobufRpcEngine2.java:573) [hadoop-common-3.3.5.jar:?]
	at org.apache.hadoop.ipc.RPC$Server.call(RPC.java:1213) [hadoop-common-3.3.5.jar:?]
	at org.apache.hadoop.ipc.Server$RpcCall.run(Server.java:1089) [hadoop-common-3.3.5.jar:?]
	at org.apache.hadoop.ipc.Server$RpcCall.run(Server.java:1012) [hadoop-common-3.3.5.jar:?]
	at java.security.AccessController.doPrivileged(Native Method) ~[?:1.8.0_362]
	at javax.security.auth.Subject.doAs(Subject.java:422) [?:1.8.0_362]
	at org.apache.hadoop.security.UserGroupInformation.doAs(UserGroupInformation.java:1899) [hadoop-common-3.3.5.jar:?]
	at org.apache.hadoop.ipc.Server$Handler.run(Server.java:3026) [hadoop-common-3.3.5.jar:?]
11:23:35.053 [IPC Server handler 10 on default port 36763] ERROR OMAudit - user=runner | ip=127.0.0.1 | op=GET_FILE_STATUS {volume=volume14578, bucket=bucket96393, key=gdir1/dir8/child, dataSize=0, replicationConfig=null} | ret=FAILURE
org.apache.hadoop.ozone.om.exceptions.OMException: Unable to get file status: volume: volume14578 bucket: bucket96393 key: gdir1/dir8/child
	at org.apache.hadoop.ozone.om.KeyManagerImpl.getOzoneFileStatus(KeyManagerImpl.java:1200) ~[ozone-manager-1.4.0-SNAPSHOT.jar:?]
	at org.apache.hadoop.ozone.om.KeyManagerImpl.getFileStatus(KeyManagerImpl.java:1118) ~[ozone-manager-1.4.0-SNAPSHOT.jar:?]
	at org.apache.hadoop.ozone.om.OmMetadataReader.getFileStatus(OmMetadataReader.java:288) ~[ozone-manager-1.4.0-SNAPSHOT.jar:?]
	at org.apache.hadoop.ozone.om.OzoneManager.getFileStatus(OzoneManager.java:3491) ~[ozone-manager-1.4.0-SNAPSHOT.jar:?]
	at org.apache.hadoop.ozone.protocolPB.OzoneManagerRequestHandler.getOzoneFileStatus(OzoneManagerRequestHandler.java:934) ~[ozone-manager-1.4.0-SNAPSHOT.jar:?]
	at org.apache.hadoop.ozone.protocolPB.OzoneManagerRequestHandler.handleReadRequest(OzoneManagerRequestHandler.java:238) ~[ozone-manager-1.4.0-SNAPSHOT.jar:?]
	at org.apache.hadoop.ozone.protocolPB.OzoneManagerProtocolServerSideTranslatorPB.submitReadRequestToOM(OzoneManagerProtocolServerSideTranslatorPB.java:223) ~[ozone-manager-1.4.0-SNAPSHOT.jar:?]
	at org.apache.hadoop.ozone.protocolPB.OzoneManagerProtocolServerSideTranslatorPB.processRequest(OzoneManagerProtocolServerSideTranslatorPB.java:177) ~[ozone-manager-1.4.0-SNAPSHOT.jar:?]
	at org.apache.hadoop.hdds.server.OzoneProtocolMessageDispatcher.processRequest(OzoneProtocolMessageDispatcher.java:87) [hdds-server-framework-1.4.0-SNAPSHOT.jar:?]
	at org.apache.hadoop.ozone.protocolPB.OzoneManagerProtocolServerSideTranslatorPB.submitRequest(OzoneManagerProtocolServerSideTranslatorPB.java:147) [ozone-manager-1.4.0-SNAPSHOT.jar:?]
	at org.apache.hadoop.ozone.protocol.proto.OzoneManagerProtocolProtos$OzoneManagerService$2.callBlockingMethod(OzoneManagerProtocolProtos.java) [ozone-interface-client-1.4.0-SNAPSHOT.jar:?]
	at org.apache.hadoop.ipc.ProtobufRpcEngine$Server.processCall(ProtobufRpcEngine.java:484) [hadoop-common-3.3.5.jar:?]
	at org.apache.hadoop.ipc.ProtobufRpcEngine2$Server$ProtoBufRpcInvoker.call(ProtobufRpcEngine2.java:595) [hadoop-common-3.3.5.jar:?]
	at org.apache.hadoop.ipc.ProtobufRpcEngine2$Server$ProtoBufRpcInvoker.call(ProtobufRpcEngine2.java:573) [hadoop-common-3.3.5.jar:?]
	at org.apache.hadoop.ipc.RPC$Server.call(RPC.java:1213) [hadoop-common-3.3.5.jar:?]
	at org.apache.hadoop.ipc.Server$RpcCall.run(Server.java:1089) [hadoop-common-3.3.5.jar:?]
	at org.apache.hadoop.ipc.Server$RpcCall.run(Server.java:1012) [hadoop-common-3.3.5.jar:?]
	at java.security.AccessController.doPrivileged(Native Method) ~[?:1.8.0_362]
	at javax.security.auth.Subject.doAs(Subject.java:422) [?:1.8.0_362]
	at org.apache.hadoop.security.UserGroupInformation.doAs(UserGroupInformation.java:1899) [hadoop-common-3.3.5.jar:?]
	at org.apache.hadoop.ipc.Server$Handler.run(Server.java:3026) [hadoop-common-3.3.5.jar:?]
11:23:35.055 [IPC Server handler 18 on default port 36763] ERROR OMAudit - user=runner | ip=127.0.0.1 | op=GET_FILE_STATUS {volume=volume14578, bucket=bucket96393, key=gdir1/dir9, dataSize=0, replicationConfig=null} | ret=FAILURE
org.apache.hadoop.ozone.om.exceptions.OMException: Unable to get file status: volume: volume14578 bucket: bucket96393 key: gdir1/dir9
	at org.apache.hadoop.ozone.om.KeyManagerImpl.getOzoneFileStatus(KeyManagerImpl.java:1200) ~[ozone-manager-1.4.0-SNAPSHOT.jar:?]
	at org.apache.hadoop.ozone.om.KeyManagerImpl.getFileStatus(KeyManagerImpl.java:1118) ~[ozone-manager-1.4.0-SNAPSHOT.jar:?]
	at org.apache.hadoop.ozone.om.OmMetadataReader.getFileStatus(OmMetadataReader.java:288) ~[ozone-manager-1.4.0-SNAPSHOT.jar:?]
	at org.apache.hadoop.ozone.om.OzoneManager.getFileStatus(OzoneManager.java:3491) ~[ozone-manager-1.4.0-SNAPSHOT.jar:?]
	at org.apache.hadoop.ozone.protocolPB.OzoneManagerRequestHandler.getOzoneFileStatus(OzoneManagerRequestHandler.java:934) ~[ozone-manager-1.4.0-SNAPSHOT.jar:?]
	at org.apache.hadoop.ozone.protocolPB.OzoneManagerRequestHandler.handleReadRequest(OzoneManagerRequestHandler.java:238) ~[ozone-manager-1.4.0-SNAPSHOT.jar:?]
	at org.apache.hadoop.ozone.protocolPB.OzoneManagerProtocolServerSideTranslatorPB.submitReadRequestToOM(OzoneManagerProtocolServerSideTranslatorPB.java:223) ~[ozone-manager-1.4.0-SNAPSHOT.jar:?]
	at org.apache.hadoop.ozone.protocolPB.OzoneManagerProtocolServerSideTranslatorPB.processRequest(OzoneManagerProtocolServerSideTranslatorPB.java:177) ~[ozone-manager-1.4.0-SNAPSHOT.jar:?]
	at org.apache.hadoop.hdds.server.OzoneProtocolMessageDispatcher.processRequest(OzoneProtocolMessageDispatcher.java:87) [hdds-server-framework-1.4.0-SNAPSHOT.jar:?]
	at org.apache.hadoop.ozone.protocolPB.OzoneManagerProtocolServerSideTranslatorPB.submitRequest(OzoneManagerProtocolServerSideTranslatorPB.java:147) [ozone-manager-1.4.0-SNAPSHOT.jar:?]
	at org.apache.hadoop.ozone.protocol.proto.OzoneManagerProtocolProtos$OzoneManagerService$2.callBlockingMethod(OzoneManagerProtocolProtos.java) [ozone-interface-client-1.4.0-SNAPSHOT.jar:?]
	at org.apache.hadoop.ipc.ProtobufRpcEngine$Server.processCall(ProtobufRpcEngine.java:484) [hadoop-common-3.3.5.jar:?]
	at org.apache.hadoop.ipc.ProtobufRpcEngine2$Server$ProtoBufRpcInvoker.call(ProtobufRpcEngine2.java:595) [hadoop-common-3.3.5.jar:?]
	at org.apache.hadoop.ipc.ProtobufRpcEngine2$Server$ProtoBufRpcInvoker.call(ProtobufRpcEngine2.java:573) [hadoop-common-3.3.5.jar:?]
	at org.apache.hadoop.ipc.RPC$Server.call(RPC.java:1213) [hadoop-common-3.3.5.jar:?]
	at org.apache.hadoop.ipc.Server$RpcCall.run(Server.java:1089) [hadoop-common-3.3.5.jar:?]
	at org.apache.hadoop.ipc.Server$RpcCall.run(Server.java:1012) [hadoop-common-3.3.5.jar:?]
	at java.security.AccessController.doPrivileged(Native Method) ~[?:1.8.0_362]
	at javax.security.auth.Subject.doAs(Subject.java:422) [?:1.8.0_362]
	at org.apache.hadoop.security.UserGroupInformation.doAs(UserGroupInformation.java:1899) [hadoop-common-3.3.5.jar:?]
	at org.apache.hadoop.ipc.Server$Handler.run(Server.java:3026) [hadoop-common-3.3.5.jar:?]
11:23:35.056 [IPC Server handler 16 on default port 36763] ERROR OMAudit - user=runner | ip=127.0.0.1 | op=GET_FILE_STATUS {volume=volume14578, bucket=bucket96393, key=gdir1/dir9/child, dataSize=0, replicationConfig=null} | ret=FAILURE
org.apache.hadoop.ozone.om.exceptions.OMException: Unable to get file status: volume: volume14578 bucket: bucket96393 key: gdir1/dir9/child
	at org.apache.hadoop.ozone.om.KeyManagerImpl.getOzoneFileStatus(KeyManagerImpl.java:1200) ~[ozone-manager-1.4.0-SNAPSHOT.jar:?]
	at org.apache.hadoop.ozone.om.KeyManagerImpl.getFileStatus(KeyManagerImpl.java:1118) ~[ozone-manager-1.4.0-SNAPSHOT.jar:?]
	at org.apache.hadoop.ozone.om.OmMetadataReader.getFileStatus(OmMetadataReader.java:288) ~[ozone-manager-1.4.0-SNAPSHOT.jar:?]
	at org.apache.hadoop.ozone.om.OzoneManager.getFileStatus(OzoneManager.java:3491) ~[ozone-manager-1.4.0-SNAPSHOT.jar:?]
	at org.apache.hadoop.ozone.protocolPB.OzoneManagerRequestHandler.getOzoneFileStatus(OzoneManagerRequestHandler.java:934) ~[ozone-manager-1.4.0-SNAPSHOT.jar:?]
	at org.apache.hadoop.ozone.protocolPB.OzoneManagerRequestHandler.handleReadRequest(OzoneManagerRequestHandler.java:238) ~[ozone-manager-1.4.0-SNAPSHOT.jar:?]
	at org.apache.hadoop.ozone.protocolPB.OzoneManagerProtocolServerSideTranslatorPB.submitReadRequestToOM(OzoneManagerProtocolServerSideTranslatorPB.java:223) ~[ozone-manager-1.4.0-SNAPSHOT.jar:?]
	at org.apache.hadoop.ozone.protocolPB.OzoneManagerProtocolServerSideTranslatorPB.processRequest(OzoneManagerProtocolServerSideTranslatorPB.java:177) ~[ozone-manager-1.4.0-SNAPSHOT.jar:?]
	at org.apache.hadoop.hdds.server.OzoneProtocolMessageDispatcher.processRequest(OzoneProtocolMessageDispatcher.java:87) [hdds-server-framework-1.4.0-SNAPSHOT.jar:?]
	at org.apache.hadoop.ozone.protocolPB.OzoneManagerProtocolServerSideTranslatorPB.submitRequest(OzoneManagerProtocolServerSideTranslatorPB.java:147) [ozone-manager-1.4.0-SNAPSHOT.jar:?]
	at org.apache.hadoop.ozone.protocol.proto.OzoneManagerProtocolProtos$OzoneManagerService$2.callBlockingMethod(OzoneManagerProtocolProtos.java) [ozone-interface-client-1.4.0-SNAPSHOT.jar:?]
	at org.apache.hadoop.ipc.ProtobufRpcEngine$Server.processCall(ProtobufRpcEngine.java:484) [hadoop-common-3.3.5.jar:?]
	at org.apache.hadoop.ipc.ProtobufRpcEngine2$Server$ProtoBufRpcInvoker.call(ProtobufRpcEngine2.java:595) [hadoop-common-3.3.5.jar:?]
	at org.apache.hadoop.ipc.ProtobufRpcEngine2$Server$ProtoBufRpcInvoker.call(ProtobufRpcEngine2.java:573) [hadoop-common-3.3.5.jar:?]
	at org.apache.hadoop.ipc.RPC$Server.call(RPC.java:1213) [hadoop-common-3.3.5.jar:?]
	at org.apache.hadoop.ipc.Server$RpcCall.run(Server.java:1089) [hadoop-common-3.3.5.jar:?]
	at org.apache.hadoop.ipc.Server$RpcCall.run(Server.java:1012) [hadoop-common-3.3.5.jar:?]
	at java.security.AccessController.doPrivileged(Native Method) ~[?:1.8.0_362]
	at javax.security.auth.Subject.doAs(Subject.java:422) [?:1.8.0_362]
	at org.apache.hadoop.security.UserGroupInformation.doAs(UserGroupInformation.java:1899) [hadoop-common-3.3.5.jar:?]
	at org.apache.hadoop.ipc.Server$Handler.run(Server.java:3026) [hadoop-common-3.3.5.jar:?]
11:23:35.057 [IPC Server handler 17 on default port 36763] ERROR OMAudit - user=runner | ip=127.0.0.1 | op=GET_FILE_STATUS {volume=volume14578, bucket=bucket96393, key=gdir1/dir10, dataSize=0, replicationConfig=null} | ret=FAILURE
org.apache.hadoop.ozone.om.exceptions.OMException: Unable to get file status: volume: volume14578 bucket: bucket96393 key: gdir1/dir10
	at org.apache.hadoop.ozone.om.KeyManagerImpl.getOzoneFileStatus(KeyManagerImpl.java:1200) ~[ozone-manager-1.4.0-SNAPSHOT.jar:?]
	at org.apache.hadoop.ozone.om.KeyManagerImpl.getFileStatus(KeyManagerImpl.java:1118) ~[ozone-manager-1.4.0-SNAPSHOT.jar:?]
	at org.apache.hadoop.ozone.om.OmMetadataReader.getFileStatus(OmMetadataReader.java:288) ~[ozone-manager-1.4.0-SNAPSHOT.jar:?]
	at org.apache.hadoop.ozone.om.OzoneManager.getFileStatus(OzoneManager.java:3491) ~[ozone-manager-1.4.0-SNAPSHOT.jar:?]
	at org.apache.hadoop.ozone.protocolPB.OzoneManagerRequestHandler.getOzoneFileStatus(OzoneManagerRequestHandler.java:934) ~[ozone-manager-1.4.0-SNAPSHOT.jar:?]
	at org.apache.hadoop.ozone.protocolPB.OzoneManagerRequestHandler.handleReadRequest(OzoneManagerRequestHandler.java:238) ~[ozone-manager-1.4.0-SNAPSHOT.jar:?]
	at org.apache.hadoop.ozone.protocolPB.OzoneManagerProtocolServerSideTranslatorPB.submitReadRequestToOM(OzoneManagerProtocolServerSideTranslatorPB.java:223) ~[ozone-manager-1.4.0-SNAPSHOT.jar:?]
	at org.apache.hadoop.ozone.protocolPB.OzoneManagerProtocolServerSideTranslatorPB.processRequest(OzoneManagerProtocolServerSideTranslatorPB.java:177) ~[ozone-manager-1.4.0-SNAPSHOT.jar:?]
	at org.apache.hadoop.hdds.server.OzoneProtocolMessageDispatcher.processRequest(OzoneProtocolMessageDispatcher.java:87) [hdds-server-framework-1.4.0-SNAPSHOT.jar:?]
	at org.apache.hadoop.ozone.protocolPB.OzoneManagerProtocolServerSideTranslatorPB.submitRequest(OzoneManagerProtocolServerSideTranslatorPB.java:147) [ozone-manager-1.4.0-SNAPSHOT.jar:?]
	at org.apache.hadoop.ozone.protocol.proto.OzoneManagerProtocolProtos$OzoneManagerService$2.callBlockingMethod(OzoneManagerProtocolProtos.java) [ozone-interface-client-1.4.0-SNAPSHOT.jar:?]
	at org.apache.hadoop.ipc.ProtobufRpcEngine$Server.processCall(ProtobufRpcEngine.java:484) [hadoop-common-3.3.5.jar:?]
	at org.apache.hadoop.ipc.ProtobufRpcEngine2$Server$ProtoBufRpcInvoker.call(ProtobufRpcEngine2.java:595) [hadoop-common-3.3.5.jar:?]
	at org.apache.hadoop.ipc.ProtobufRpcEngine2$Server$ProtoBufRpcInvoker.call(ProtobufRpcEngine2.java:573) [hadoop-common-3.3.5.jar:?]
	at org.apache.hadoop.ipc.RPC$Server.call(RPC.java:1213) [hadoop-common-3.3.5.jar:?]
	at org.apache.hadoop.ipc.Server$RpcCall.run(Server.java:1089) [hadoop-common-3.3.5.jar:?]
	at org.apache.hadoop.ipc.Server$RpcCall.run(Server.java:1012) [hadoop-common-3.3.5.jar:?]
	at java.security.AccessController.doPrivileged(Native Method) ~[?:1.8.0_362]
	at javax.security.auth.Subject.doAs(Subject.java:422) [?:1.8.0_362]
	at org.apache.hadoop.security.UserGroupInformation.doAs(UserGroupInformation.java:1899) [hadoop-common-3.3.5.jar:?]
	at org.apache.hadoop.ipc.Server$Handler.run(Server.java:3026) [hadoop-common-3.3.5.jar:?]
11:23:35.059 [IPC Server handler 14 on default port 36763] ERROR OMAudit - user=runner | ip=127.0.0.1 | op=GET_FILE_STATUS {volume=volume14578, bucket=bucket96393, key=gdir1/dir10/child, dataSize=0, replicationConfig=null} | ret=FAILURE
org.apache.hadoop.ozone.om.exceptions.OMException: Unable to get file status: volume: volume14578 bucket: bucket96393 key: gdir1/dir10/child
	at org.apache.hadoop.ozone.om.KeyManagerImpl.getOzoneFileStatus(KeyManagerImpl.java:1200) ~[ozone-manager-1.4.0-SNAPSHOT.jar:?]
	at org.apache.hadoop.ozone.om.KeyManagerImpl.getFileStatus(KeyManagerImpl.java:1118) ~[ozone-manager-1.4.0-SNAPSHOT.jar:?]
	at org.apache.hadoop.ozone.om.OmMetadataReader.getFileStatus(OmMetadataReader.java:288) ~[ozone-manager-1.4.0-SNAPSHOT.jar:?]
	at org.apache.hadoop.ozone.om.OzoneManager.getFileStatus(OzoneManager.java:3491) ~[ozone-manager-1.4.0-SNAPSHOT.jar:?]
	at org.apache.hadoop.ozone.protocolPB.OzoneManagerRequestHandler.getOzoneFileStatus(OzoneManagerRequestHandler.java:934) ~[ozone-manager-1.4.0-SNAPSHOT.jar:?]
	at org.apache.hadoop.ozone.protocolPB.OzoneManagerRequestHandler.handleReadRequest(OzoneManagerRequestHandler.java:238) ~[ozone-manager-1.4.0-SNAPSHOT.jar:?]
	at org.apache.hadoop.ozone.protocolPB.OzoneManagerProtocolServerSideTranslatorPB.submitReadRequestToOM(OzoneManagerProtocolServerSideTranslatorPB.java:223) ~[ozone-manager-1.4.0-SNAPSHOT.jar:?]
	at org.apache.hadoop.ozone.protocolPB.OzoneManagerProtocolServerSideTranslatorPB.processRequest(OzoneManagerProtocolServerSideTranslatorPB.java:177) ~[ozone-manager-1.4.0-SNAPSHOT.jar:?]
	at org.apache.hadoop.hdds.server.OzoneProtocolMessageDispatcher.processRequest(OzoneProtocolMessageDispatcher.java:87) [hdds-server-framework-1.4.0-SNAPSHOT.jar:?]
	at org.apache.hadoop.ozone.protocolPB.OzoneManagerProtocolServerSideTranslatorPB.submitRequest(OzoneManagerProtocolServerSideTranslatorPB.java:147) [ozone-manager-1.4.0-SNAPSHOT.jar:?]
	at org.apache.hadoop.ozone.protocol.proto.OzoneManagerProtocolProtos$OzoneManagerService$2.callBlockingMethod(OzoneManagerProtocolProtos.java) [ozone-interface-client-1.4.0-SNAPSHOT.jar:?]
	at org.apache.hadoop.ipc.ProtobufRpcEngine$Server.processCall(ProtobufRpcEngine.java:484) [hadoop-common-3.3.5.jar:?]
	at org.apache.hadoop.ipc.ProtobufRpcEngine2$Server$ProtoBufRpcInvoker.call(ProtobufRpcEngine2.java:595) [hadoop-common-3.3.5.jar:?]
	at org.apache.hadoop.ipc.ProtobufRpcEngine2$Server$ProtoBufRpcInvoker.call(ProtobufRpcEngine2.java:573) [hadoop-common-3.3.5.jar:?]
	at org.apache.hadoop.ipc.RPC$Server.call(RPC.java:1213) [hadoop-common-3.3.5.jar:?]
	at org.apache.hadoop.ipc.Server$RpcCall.run(Server.java:1089) [hadoop-common-3.3.5.jar:?]
	at org.apache.hadoop.ipc.Server$RpcCall.run(Server.java:1012) [hadoop-common-3.3.5.jar:?]
	at java.security.AccessController.doPrivileged(Native Method) ~[?:1.8.0_362]
	at javax.security.auth.Subject.doAs(Subject.java:422) [?:1.8.0_362]
	at org.apache.hadoop.security.UserGroupInformation.doAs(UserGroupInformation.java:1899) [hadoop-common-3.3.5.jar:?]
	at org.apache.hadoop.ipc.Server$Handler.run(Server.java:3026) [hadoop-common-3.3.5.jar:?]
2023-04-11 11:23:35,070 [OM StateMachine ApplyTransaction Thread - 0] INFO  key.OMKeyRequest (OMKeyRequest.java:wrapUncommittedBlocksAsPseudoKey(838)) - Detect allocated but uncommitted blocks [{blockID={containerID=3, localID=111677748019200024}, length=4194304, offset=0, token=null, pipeline=null, createVersion=0, partNumber=0}] in key level0/level1/file1.
2023-04-11 11:23:35,080 [OM StateMachine ApplyTransaction Thread - 0] INFO  key.OMKeyRequest (OMKeyRequest.java:wrapUncommittedBlocksAsPseudoKey(838)) - Detect allocated but uncommitted blocks [{blockID={containerID=2, localID=111677748019200025}, length=4194304, offset=0, token=null, pipeline=null, createVersion=0, partNumber=0}] in key level0/level1/level1/file1.
2023-04-11 11:23:35,091 [OM StateMachine ApplyTransaction Thread - 0] INFO  key.OMKeyRequest (OMKeyRequest.java:wrapUncommittedBlocksAsPseudoKey(838)) - Detect allocated but uncommitted blocks [{blockID={containerID=1, localID=111677748019200026}, length=4194304, offset=0, token=null, pipeline=null, createVersion=0, partNumber=0}] in key level0/level2/file1.
2023-04-11 11:23:35,101 [OM StateMachine ApplyTransaction Thread - 0] INFO  key.OMKeyRequest (OMKeyRequest.java:wrapUncommittedBlocksAsPseudoKey(838)) - Detect allocated but uncommitted blocks [{blockID={containerID=4, localID=111677748019200027}, length=4194304, offset=0, token=null, pipeline=null, createVersion=0, partNumber=0}] in key level0/level2/level2/file1.
2023-04-11 11:23:35,111 [OM StateMachine ApplyTransaction Thread - 0] INFO  key.OMKeyRequest (OMKeyRequest.java:wrapUncommittedBlocksAsPseudoKey(838)) - Detect allocated but uncommitted blocks [{blockID={containerID=1, localID=111677748019200028}, length=4194304, offset=0, token=null, pipeline=null, createVersion=0, partNumber=0}] in key level0/level3/file1.
2023-04-11 11:23:35,121 [OM StateMachine ApplyTransaction Thread - 0] INFO  key.OMKeyRequest (OMKeyRequest.java:wrapUncommittedBlocksAsPseudoKey(838)) - Detect allocated but uncommitted blocks [{blockID={containerID=4, localID=111677748019200029}, length=4194304, offset=0, token=null, pipeline=null, createVersion=0, partNumber=0}] in key level0/level3/level3/file1.
11:23:35.192 [IPC Server handler 15 on default port 36763] ERROR OMAudit - user=runner | ip=127.0.0.1 | op=GET_FILE_STATUS {volume=volume14578, bucket=bucket96393, key=level0, dataSize=0, replicationConfig=null} | ret=FAILURE
org.apache.hadoop.ozone.om.exceptions.OMException: Unable to get file status: volume: volume14578 bucket: bucket96393 key: level0
	at org.apache.hadoop.ozone.om.KeyManagerImpl.getOzoneFileStatus(KeyManagerImpl.java:1200) ~[ozone-manager-1.4.0-SNAPSHOT.jar:?]
	at org.apache.hadoop.ozone.om.KeyManagerImpl.getFileStatus(KeyManagerImpl.java:1118) ~[ozone-manager-1.4.0-SNAPSHOT.jar:?]
	at org.apache.hadoop.ozone.om.OmMetadataReader.getFileStatus(OmMetadataReader.java:288) ~[ozone-manager-1.4.0-SNAPSHOT.jar:?]
	at org.apache.hadoop.ozone.om.OzoneManager.getFileStatus(OzoneManager.java:3491) ~[ozone-manager-1.4.0-SNAPSHOT.jar:?]
	at org.apache.hadoop.ozone.protocolPB.OzoneManagerRequestHandler.getOzoneFileStatus(OzoneManagerRequestHandler.java:934) ~[ozone-manager-1.4.0-SNAPSHOT.jar:?]
	at org.apache.hadoop.ozone.protocolPB.OzoneManagerRequestHandler.handleReadRequest(OzoneManagerRequestHandler.java:238) ~[ozone-manager-1.4.0-SNAPSHOT.jar:?]
	at org.apache.hadoop.ozone.protocolPB.OzoneManagerProtocolServerSideTranslatorPB.submitReadRequestToOM(OzoneManagerProtocolServerSideTranslatorPB.java:223) ~[ozone-manager-1.4.0-SNAPSHOT.jar:?]
	at org.apache.hadoop.ozone.protocolPB.OzoneManagerProtocolServerSideTranslatorPB.processRequest(OzoneManagerProtocolServerSideTranslatorPB.java:177) ~[ozone-manager-1.4.0-SNAPSHOT.jar:?]
	at org.apache.hadoop.hdds.server.OzoneProtocolMessageDispatcher.processRequest(OzoneProtocolMessageDispatcher.java:87) [hdds-server-framework-1.4.0-SNAPSHOT.jar:?]
	at org.apache.hadoop.ozone.protocolPB.OzoneManagerProtocolServerSideTranslatorPB.submitRequest(OzoneManagerProtocolServerSideTranslatorPB.java:147) [ozone-manager-1.4.0-SNAPSHOT.jar:?]
	at org.apache.hadoop.ozone.protocol.proto.OzoneManagerProtocolProtos$OzoneManagerService$2.callBlockingMethod(OzoneManagerProtocolProtos.java) [ozone-interface-client-1.4.0-SNAPSHOT.jar:?]
	at org.apache.hadoop.ipc.ProtobufRpcEngine$Server.processCall(ProtobufRpcEngine.java:484) [hadoop-common-3.3.5.jar:?]
	at org.apache.hadoop.ipc.ProtobufRpcEngine2$Server$ProtoBufRpcInvoker.call(ProtobufRpcEngine2.java:595) [hadoop-common-3.3.5.jar:?]
	at org.apache.hadoop.ipc.ProtobufRpcEngine2$Server$ProtoBufRpcInvoker.call(ProtobufRpcEngine2.java:573) [hadoop-common-3.3.5.jar:?]
	at org.apache.hadoop.ipc.RPC$Server.call(RPC.java:1213) [hadoop-common-3.3.5.jar:?]
	at org.apache.hadoop.ipc.Server$RpcCall.run(Server.java:1089) [hadoop-common-3.3.5.jar:?]
	at org.apache.hadoop.ipc.Server$RpcCall.run(Server.java:1012) [hadoop-common-3.3.5.jar:?]
	at java.security.AccessController.doPrivileged(Native Method) ~[?:1.8.0_362]
	at javax.security.auth.Subject.doAs(Subject.java:422) [?:1.8.0_362]
	at org.apache.hadoop.security.UserGroupInformation.doAs(UserGroupInformation.java:1899) [hadoop-common-3.3.5.jar:?]
	at org.apache.hadoop.ipc.Server$Handler.run(Server.java:3026) [hadoop-common-3.3.5.jar:?]
11:23:35.194 [IPC Server handler 19 on default port 36763] ERROR OMAudit - user=runner | ip=127.0.0.1 | op=GET_FILE_STATUS {volume=volume14578, bucket=bucket96393, key=level0/level1, dataSize=0, replicationConfig=null} | ret=FAILURE
org.apache.hadoop.ozone.om.exceptions.OMException: Unable to get file status: volume: volume14578 bucket: bucket96393 key: level0/level1
	at org.apache.hadoop.ozone.om.KeyManagerImpl.getOzoneFileStatus(KeyManagerImpl.java:1200) ~[ozone-manager-1.4.0-SNAPSHOT.jar:?]
	at org.apache.hadoop.ozone.om.KeyManagerImpl.getFileStatus(KeyManagerImpl.java:1118) ~[ozone-manager-1.4.0-SNAPSHOT.jar:?]
	at org.apache.hadoop.ozone.om.OmMetadataReader.getFileStatus(OmMetadataReader.java:288) ~[ozone-manager-1.4.0-SNAPSHOT.jar:?]
	at org.apache.hadoop.ozone.om.OzoneManager.getFileStatus(OzoneManager.java:3491) ~[ozone-manager-1.4.0-SNAPSHOT.jar:?]
	at org.apache.hadoop.ozone.protocolPB.OzoneManagerRequestHandler.getOzoneFileStatus(OzoneManagerRequestHandler.java:934) ~[ozone-manager-1.4.0-SNAPSHOT.jar:?]
	at org.apache.hadoop.ozone.protocolPB.OzoneManagerRequestHandler.handleReadRequest(OzoneManagerRequestHandler.java:238) ~[ozone-manager-1.4.0-SNAPSHOT.jar:?]
	at org.apache.hadoop.ozone.protocolPB.OzoneManagerProtocolServerSideTranslatorPB.submitReadRequestToOM(OzoneManagerProtocolServerSideTranslatorPB.java:223) ~[ozone-manager-1.4.0-SNAPSHOT.jar:?]
	at org.apache.hadoop.ozone.protocolPB.OzoneManagerProtocolServerSideTranslatorPB.processRequest(OzoneManagerProtocolServerSideTranslatorPB.java:177) ~[ozone-manager-1.4.0-SNAPSHOT.jar:?]
	at org.apache.hadoop.hdds.server.OzoneProtocolMessageDispatcher.processRequest(OzoneProtocolMessageDispatcher.java:87) [hdds-server-framework-1.4.0-SNAPSHOT.jar:?]
	at org.apache.hadoop.ozone.protocolPB.OzoneManagerProtocolServerSideTranslatorPB.submitRequest(OzoneManagerProtocolServerSideTranslatorPB.java:147) [ozone-manager-1.4.0-SNAPSHOT.jar:?]
	at org.apache.hadoop.ozone.protocol.proto.OzoneManagerProtocolProtos$OzoneManagerService$2.callBlockingMethod(OzoneManagerProtocolProtos.java) [ozone-interface-client-1.4.0-SNAPSHOT.jar:?]
	at org.apache.hadoop.ipc.ProtobufRpcEngine$Server.processCall(ProtobufRpcEngine.java:484) [hadoop-common-3.3.5.jar:?]
	at org.apache.hadoop.ipc.ProtobufRpcEngine2$Server$ProtoBufRpcInvoker.call(ProtobufRpcEngine2.java:595) [hadoop-common-3.3.5.jar:?]
	at org.apache.hadoop.ipc.ProtobufRpcEngine2$Server$ProtoBufRpcInvoker.call(ProtobufRpcEngine2.java:573) [hadoop-common-3.3.5.jar:?]
	at org.apache.hadoop.ipc.RPC$Server.call(RPC.java:1213) [hadoop-common-3.3.5.jar:?]
	at org.apache.hadoop.ipc.Server$RpcCall.run(Server.java:1089) [hadoop-common-3.3.5.jar:?]
	at org.apache.hadoop.ipc.Server$RpcCall.run(Server.java:1012) [hadoop-common-3.3.5.jar:?]
	at java.security.AccessController.doPrivileged(Native Method) ~[?:1.8.0_362]
	at javax.security.auth.Subject.doAs(Subject.java:422) [?:1.8.0_362]
	at org.apache.hadoop.security.UserGroupInformation.doAs(UserGroupInformation.java:1899) [hadoop-common-3.3.5.jar:?]
	at org.apache.hadoop.ipc.Server$Handler.run(Server.java:3026) [hadoop-common-3.3.5.jar:?]
11:23:35.195 [IPC Server handler 10 on default port 36763] ERROR OMAudit - user=runner | ip=127.0.0.1 | op=GET_FILE_STATUS {volume=volume14578, bucket=bucket96393, key=level0/level1/level1, dataSize=0, replicationConfig=null} | ret=FAILURE
org.apache.hadoop.ozone.om.exceptions.OMException: Unable to get file status: volume: volume14578 bucket: bucket96393 key: level0/level1/level1
	at org.apache.hadoop.ozone.om.KeyManagerImpl.getOzoneFileStatus(KeyManagerImpl.java:1200) ~[ozone-manager-1.4.0-SNAPSHOT.jar:?]
	at org.apache.hadoop.ozone.om.KeyManagerImpl.getFileStatus(KeyManagerImpl.java:1118) ~[ozone-manager-1.4.0-SNAPSHOT.jar:?]
	at org.apache.hadoop.ozone.om.OmMetadataReader.getFileStatus(OmMetadataReader.java:288) ~[ozone-manager-1.4.0-SNAPSHOT.jar:?]
	at org.apache.hadoop.ozone.om.OzoneManager.getFileStatus(OzoneManager.java:3491) ~[ozone-manager-1.4.0-SNAPSHOT.jar:?]
	at org.apache.hadoop.ozone.protocolPB.OzoneManagerRequestHandler.getOzoneFileStatus(OzoneManagerRequestHandler.java:934) ~[ozone-manager-1.4.0-SNAPSHOT.jar:?]
	at org.apache.hadoop.ozone.protocolPB.OzoneManagerRequestHandler.handleReadRequest(OzoneManagerRequestHandler.java:238) ~[ozone-manager-1.4.0-SNAPSHOT.jar:?]
	at org.apache.hadoop.ozone.protocolPB.OzoneManagerProtocolServerSideTranslatorPB.submitReadRequestToOM(OzoneManagerProtocolServerSideTranslatorPB.java:223) ~[ozone-manager-1.4.0-SNAPSHOT.jar:?]
	at org.apache.hadoop.ozone.protocolPB.OzoneManagerProtocolServerSideTranslatorPB.processRequest(OzoneManagerProtocolServerSideTranslatorPB.java:177) ~[ozone-manager-1.4.0-SNAPSHOT.jar:?]
	at org.apache.hadoop.hdds.server.OzoneProtocolMessageDispatcher.processRequest(OzoneProtocolMessageDispatcher.java:87) [hdds-server-framework-1.4.0-SNAPSHOT.jar:?]
	at org.apache.hadoop.ozone.protocolPB.OzoneManagerProtocolServerSideTranslatorPB.submitRequest(OzoneManagerProtocolServerSideTranslatorPB.java:147) [ozone-manager-1.4.0-SNAPSHOT.jar:?]
	at org.apache.hadoop.ozone.protocol.proto.OzoneManagerProtocolProtos$OzoneManagerService$2.callBlockingMethod(OzoneManagerProtocolProtos.java) [ozone-interface-client-1.4.0-SNAPSHOT.jar:?]
	at org.apache.hadoop.ipc.ProtobufRpcEngine$Server.processCall(ProtobufRpcEngine.java:484) [hadoop-common-3.3.5.jar:?]
	at org.apache.hadoop.ipc.ProtobufRpcEngine2$Server$ProtoBufRpcInvoker.call(ProtobufRpcEngine2.java:595) [hadoop-common-3.3.5.jar:?]
	at org.apache.hadoop.ipc.ProtobufRpcEngine2$Server$ProtoBufRpcInvoker.call(ProtobufRpcEngine2.java:573) [hadoop-common-3.3.5.jar:?]
	at org.apache.hadoop.ipc.RPC$Server.call(RPC.java:1213) [hadoop-common-3.3.5.jar:?]
	at org.apache.hadoop.ipc.Server$RpcCall.run(Server.java:1089) [hadoop-common-3.3.5.jar:?]
	at org.apache.hadoop.ipc.Server$RpcCall.run(Server.java:1012) [hadoop-common-3.3.5.jar:?]
	at java.security.AccessController.doPrivileged(Native Method) ~[?:1.8.0_362]
	at javax.security.auth.Subject.doAs(Subject.java:422) [?:1.8.0_362]
	at org.apache.hadoop.security.UserGroupInformation.doAs(UserGroupInformation.java:1899) [hadoop-common-3.3.5.jar:?]
	at org.apache.hadoop.ipc.Server$Handler.run(Server.java:3026) [hadoop-common-3.3.5.jar:?]
11:23:35.197 [IPC Server handler 18 on default port 36763] ERROR OMAudit - user=runner | ip=127.0.0.1 | op=GET_FILE_STATUS {volume=volume14578, bucket=bucket96393, key=level0/level1/file1, dataSize=0, replicationConfig=null} | ret=FAILURE
org.apache.hadoop.ozone.om.exceptions.OMException: Unable to get file status: volume: volume14578 bucket: bucket96393 key: level0/level1/file1
	at org.apache.hadoop.ozone.om.KeyManagerImpl.getOzoneFileStatus(KeyManagerImpl.java:1200) ~[ozone-manager-1.4.0-SNAPSHOT.jar:?]
	at org.apache.hadoop.ozone.om.KeyManagerImpl.getFileStatus(KeyManagerImpl.java:1118) ~[ozone-manager-1.4.0-SNAPSHOT.jar:?]
	at org.apache.hadoop.ozone.om.OmMetadataReader.getFileStatus(OmMetadataReader.java:288) ~[ozone-manager-1.4.0-SNAPSHOT.jar:?]
	at org.apache.hadoop.ozone.om.OzoneManager.getFileStatus(OzoneManager.java:3491) ~[ozone-manager-1.4.0-SNAPSHOT.jar:?]
	at org.apache.hadoop.ozone.protocolPB.OzoneManagerRequestHandler.getOzoneFileStatus(OzoneManagerRequestHandler.java:934) ~[ozone-manager-1.4.0-SNAPSHOT.jar:?]
	at org.apache.hadoop.ozone.protocolPB.OzoneManagerRequestHandler.handleReadRequest(OzoneManagerRequestHandler.java:238) ~[ozone-manager-1.4.0-SNAPSHOT.jar:?]
	at org.apache.hadoop.ozone.protocolPB.OzoneManagerProtocolServerSideTranslatorPB.submitReadRequestToOM(OzoneManagerProtocolServerSideTranslatorPB.java:223) ~[ozone-manager-1.4.0-SNAPSHOT.jar:?]
	at org.apache.hadoop.ozone.protocolPB.OzoneManagerProtocolServerSideTranslatorPB.processRequest(OzoneManagerProtocolServerSideTranslatorPB.java:177) ~[ozone-manager-1.4.0-SNAPSHOT.jar:?]
	at org.apache.hadoop.hdds.server.OzoneProtocolMessageDispatcher.processRequest(OzoneProtocolMessageDispatcher.java:87) [hdds-server-framework-1.4.0-SNAPSHOT.jar:?]
	at org.apache.hadoop.ozone.protocolPB.OzoneManagerProtocolServerSideTranslatorPB.submitRequest(OzoneManagerProtocolServerSideTranslatorPB.java:147) [ozone-manager-1.4.0-SNAPSHOT.jar:?]
	at org.apache.hadoop.ozone.protocol.proto.OzoneManagerProtocolProtos$OzoneManagerService$2.callBlockingMethod(OzoneManagerProtocolProtos.java) [ozone-interface-client-1.4.0-SNAPSHOT.jar:?]
	at org.apache.hadoop.ipc.ProtobufRpcEngine$Server.processCall(ProtobufRpcEngine.java:484) [hadoop-common-3.3.5.jar:?]
	at org.apache.hadoop.ipc.ProtobufRpcEngine2$Server$ProtoBufRpcInvoker.call(ProtobufRpcEngine2.java:595) [hadoop-common-3.3.5.jar:?]
	at org.apache.hadoop.ipc.ProtobufRpcEngine2$Server$ProtoBufRpcInvoker.call(ProtobufRpcEngine2.java:573) [hadoop-common-3.3.5.jar:?]
	at org.apache.hadoop.ipc.RPC$Server.call(RPC.java:1213) [hadoop-common-3.3.5.jar:?]
	at org.apache.hadoop.ipc.Server$RpcCall.run(Server.java:1089) [hadoop-common-3.3.5.jar:?]
	at org.apache.hadoop.ipc.Server$RpcCall.run(Server.java:1012) [hadoop-common-3.3.5.jar:?]
	at java.security.AccessController.doPrivileged(Native Method) ~[?:1.8.0_362]
	at javax.security.auth.Subject.doAs(Subject.java:422) [?:1.8.0_362]
	at org.apache.hadoop.security.UserGroupInformation.doAs(UserGroupInformation.java:1899) [hadoop-common-3.3.5.jar:?]
	at org.apache.hadoop.ipc.Server$Handler.run(Server.java:3026) [hadoop-common-3.3.5.jar:?]
11:23:35.198 [IPC Server handler 16 on default port 36763] ERROR OMAudit - user=runner | ip=127.0.0.1 | op=GET_FILE_STATUS {volume=volume14578, bucket=bucket96393, key=level0/level1/level1/file1, dataSize=0, replicationConfig=null} | ret=FAILURE
org.apache.hadoop.ozone.om.exceptions.OMException: Unable to get file status: volume: volume14578 bucket: bucket96393 key: level0/level1/level1/file1
	at org.apache.hadoop.ozone.om.KeyManagerImpl.getOzoneFileStatus(KeyManagerImpl.java:1200) ~[ozone-manager-1.4.0-SNAPSHOT.jar:?]
	at org.apache.hadoop.ozone.om.KeyManagerImpl.getFileStatus(KeyManagerImpl.java:1118) ~[ozone-manager-1.4.0-SNAPSHOT.jar:?]
	at org.apache.hadoop.ozone.om.OmMetadataReader.getFileStatus(OmMetadataReader.java:288) ~[ozone-manager-1.4.0-SNAPSHOT.jar:?]
	at org.apache.hadoop.ozone.om.OzoneManager.getFileStatus(OzoneManager.java:3491) ~[ozone-manager-1.4.0-SNAPSHOT.jar:?]
	at org.apache.hadoop.ozone.protocolPB.OzoneManagerRequestHandler.getOzoneFileStatus(OzoneManagerRequestHandler.java:934) ~[ozone-manager-1.4.0-SNAPSHOT.jar:?]
	at org.apache.hadoop.ozone.protocolPB.OzoneManagerRequestHandler.handleReadRequest(OzoneManagerRequestHandler.java:238) ~[ozone-manager-1.4.0-SNAPSHOT.jar:?]
	at org.apache.hadoop.ozone.protocolPB.OzoneManagerProtocolServerSideTranslatorPB.submitReadRequestToOM(OzoneManagerProtocolServerSideTranslatorPB.java:223) ~[ozone-manager-1.4.0-SNAPSHOT.jar:?]
	at org.apache.hadoop.ozone.protocolPB.OzoneManagerProtocolServerSideTranslatorPB.processRequest(OzoneManagerProtocolServerSideTranslatorPB.java:177) ~[ozone-manager-1.4.0-SNAPSHOT.jar:?]
	at org.apache.hadoop.hdds.server.OzoneProtocolMessageDispatcher.processRequest(OzoneProtocolMessageDispatcher.java:87) [hdds-server-framework-1.4.0-SNAPSHOT.jar:?]
	at org.apache.hadoop.ozone.protocolPB.OzoneManagerProtocolServerSideTranslatorPB.submitRequest(OzoneManagerProtocolServerSideTranslatorPB.java:147) [ozone-manager-1.4.0-SNAPSHOT.jar:?]
	at org.apache.hadoop.ozone.protocol.proto.OzoneManagerProtocolProtos$OzoneManagerService$2.callBlockingMethod(OzoneManagerProtocolProtos.java) [ozone-interface-client-1.4.0-SNAPSHOT.jar:?]
	at org.apache.hadoop.ipc.ProtobufRpcEngine$Server.processCall(ProtobufRpcEngine.java:484) [hadoop-common-3.3.5.jar:?]
	at org.apache.hadoop.ipc.ProtobufRpcEngine2$Server$ProtoBufRpcInvoker.call(ProtobufRpcEngine2.java:595) [hadoop-common-3.3.5.jar:?]
	at org.apache.hadoop.ipc.ProtobufRpcEngine2$Server$ProtoBufRpcInvoker.call(ProtobufRpcEngine2.java:573) [hadoop-common-3.3.5.jar:?]
	at org.apache.hadoop.ipc.RPC$Server.call(RPC.java:1213) [hadoop-common-3.3.5.jar:?]
	at org.apache.hadoop.ipc.Server$RpcCall.run(Server.java:1089) [hadoop-common-3.3.5.jar:?]
	at org.apache.hadoop.ipc.Server$RpcCall.run(Server.java:1012) [hadoop-common-3.3.5.jar:?]
	at java.security.AccessController.doPrivileged(Native Method) ~[?:1.8.0_362]
	at javax.security.auth.Subject.doAs(Subject.java:422) [?:1.8.0_362]
	at org.apache.hadoop.security.UserGroupInformation.doAs(UserGroupInformation.java:1899) [hadoop-common-3.3.5.jar:?]
	at org.apache.hadoop.ipc.Server$Handler.run(Server.java:3026) [hadoop-common-3.3.5.jar:?]
11:23:35.200 [IPC Server handler 17 on default port 36763] ERROR OMAudit - user=runner | ip=127.0.0.1 | op=GET_FILE_STATUS {volume=volume14578, bucket=bucket96393, key=level0/level2, dataSize=0, replicationConfig=null} | ret=FAILURE
org.apache.hadoop.ozone.om.exceptions.OMException: Unable to get file status: volume: volume14578 bucket: bucket96393 key: level0/level2
	at org.apache.hadoop.ozone.om.KeyManagerImpl.getOzoneFileStatus(KeyManagerImpl.java:1200) ~[ozone-manager-1.4.0-SNAPSHOT.jar:?]
	at org.apache.hadoop.ozone.om.KeyManagerImpl.getFileStatus(KeyManagerImpl.java:1118) ~[ozone-manager-1.4.0-SNAPSHOT.jar:?]
	at org.apache.hadoop.ozone.om.OmMetadataReader.getFileStatus(OmMetadataReader.java:288) ~[ozone-manager-1.4.0-SNAPSHOT.jar:?]
	at org.apache.hadoop.ozone.om.OzoneManager.getFileStatus(OzoneManager.java:3491) ~[ozone-manager-1.4.0-SNAPSHOT.jar:?]
	at org.apache.hadoop.ozone.protocolPB.OzoneManagerRequestHandler.getOzoneFileStatus(OzoneManagerRequestHandler.java:934) ~[ozone-manager-1.4.0-SNAPSHOT.jar:?]
	at org.apache.hadoop.ozone.protocolPB.OzoneManagerRequestHandler.handleReadRequest(OzoneManagerRequestHandler.java:238) ~[ozone-manager-1.4.0-SNAPSHOT.jar:?]
	at org.apache.hadoop.ozone.protocolPB.OzoneManagerProtocolServerSideTranslatorPB.submitReadRequestToOM(OzoneManagerProtocolServerSideTranslatorPB.java:223) ~[ozone-manager-1.4.0-SNAPSHOT.jar:?]
	at org.apache.hadoop.ozone.protocolPB.OzoneManagerProtocolServerSideTranslatorPB.processRequest(OzoneManagerProtocolServerSideTranslatorPB.java:177) ~[ozone-manager-1.4.0-SNAPSHOT.jar:?]
	at org.apache.hadoop.hdds.server.OzoneProtocolMessageDispatcher.processRequest(OzoneProtocolMessageDispatcher.java:87) [hdds-server-framework-1.4.0-SNAPSHOT.jar:?]
	at org.apache.hadoop.ozone.protocolPB.OzoneManagerProtocolServerSideTranslatorPB.submitRequest(OzoneManagerProtocolServerSideTranslatorPB.java:147) [ozone-manager-1.4.0-SNAPSHOT.jar:?]
	at org.apache.hadoop.ozone.protocol.proto.OzoneManagerProtocolProtos$OzoneManagerService$2.callBlockingMethod(OzoneManagerProtocolProtos.java) [ozone-interface-client-1.4.0-SNAPSHOT.jar:?]
	at org.apache.hadoop.ipc.ProtobufRpcEngine$Server.processCall(ProtobufRpcEngine.java:484) [hadoop-common-3.3.5.jar:?]
	at org.apache.hadoop.ipc.ProtobufRpcEngine2$Server$ProtoBufRpcInvoker.call(ProtobufRpcEngine2.java:595) [hadoop-common-3.3.5.jar:?]
	at org.apache.hadoop.ipc.ProtobufRpcEngine2$Server$ProtoBufRpcInvoker.call(ProtobufRpcEngine2.java:573) [hadoop-common-3.3.5.jar:?]
	at org.apache.hadoop.ipc.RPC$Server.call(RPC.java:1213) [hadoop-common-3.3.5.jar:?]
	at org.apache.hadoop.ipc.Server$RpcCall.run(Server.java:1089) [hadoop-common-3.3.5.jar:?]
	at org.apache.hadoop.ipc.Server$RpcCall.run(Server.java:1012) [hadoop-common-3.3.5.jar:?]
	at java.security.AccessController.doPrivileged(Native Method) ~[?:1.8.0_362]
	at javax.security.auth.Subject.doAs(Subject.java:422) [?:1.8.0_362]
	at org.apache.hadoop.security.UserGroupInformation.doAs(UserGroupInformation.java:1899) [hadoop-common-3.3.5.jar:?]
	at org.apache.hadoop.ipc.Server$Handler.run(Server.java:3026) [hadoop-common-3.3.5.jar:?]
11:23:35.201 [IPC Server handler 14 on default port 36763] ERROR OMAudit - user=runner | ip=127.0.0.1 | op=GET_FILE_STATUS {volume=volume14578, bucket=bucket96393, key=level0/level2/level2, dataSize=0, replicationConfig=null} | ret=FAILURE
org.apache.hadoop.ozone.om.exceptions.OMException: Unable to get file status: volume: volume14578 bucket: bucket96393 key: level0/level2/level2
	at org.apache.hadoop.ozone.om.KeyManagerImpl.getOzoneFileStatus(KeyManagerImpl.java:1200) ~[ozone-manager-1.4.0-SNAPSHOT.jar:?]
	at org.apache.hadoop.ozone.om.KeyManagerImpl.getFileStatus(KeyManagerImpl.java:1118) ~[ozone-manager-1.4.0-SNAPSHOT.jar:?]
	at org.apache.hadoop.ozone.om.OmMetadataReader.getFileStatus(OmMetadataReader.java:288) ~[ozone-manager-1.4.0-SNAPSHOT.jar:?]
	at org.apache.hadoop.ozone.om.OzoneManager.getFileStatus(OzoneManager.java:3491) ~[ozone-manager-1.4.0-SNAPSHOT.jar:?]
	at org.apache.hadoop.ozone.protocolPB.OzoneManagerRequestHandler.getOzoneFileStatus(OzoneManagerRequestHandler.java:934) ~[ozone-manager-1.4.0-SNAPSHOT.jar:?]
	at org.apache.hadoop.ozone.protocolPB.OzoneManagerRequestHandler.handleReadRequest(OzoneManagerRequestHandler.java:238) ~[ozone-manager-1.4.0-SNAPSHOT.jar:?]
	at org.apache.hadoop.ozone.protocolPB.OzoneManagerProtocolServerSideTranslatorPB.submitReadRequestToOM(OzoneManagerProtocolServerSideTranslatorPB.java:223) ~[ozone-manager-1.4.0-SNAPSHOT.jar:?]
	at org.apache.hadoop.ozone.protocolPB.OzoneManagerProtocolServerSideTranslatorPB.processRequest(OzoneManagerProtocolServerSideTranslatorPB.java:177) ~[ozone-manager-1.4.0-SNAPSHOT.jar:?]
	at org.apache.hadoop.hdds.server.OzoneProtocolMessageDispatcher.processRequest(OzoneProtocolMessageDispatcher.java:87) [hdds-server-framework-1.4.0-SNAPSHOT.jar:?]
	at org.apache.hadoop.ozone.protocolPB.OzoneManagerProtocolServerSideTranslatorPB.submitRequest(OzoneManagerProtocolServerSideTranslatorPB.java:147) [ozone-manager-1.4.0-SNAPSHOT.jar:?]
	at org.apache.hadoop.ozone.protocol.proto.OzoneManagerProtocolProtos$OzoneManagerService$2.callBlockingMethod(OzoneManagerProtocolProtos.java) [ozone-interface-client-1.4.0-SNAPSHOT.jar:?]
	at org.apache.hadoop.ipc.ProtobufRpcEngine$Server.processCall(ProtobufRpcEngine.java:484) [hadoop-common-3.3.5.jar:?]
	at org.apache.hadoop.ipc.ProtobufRpcEngine2$Server$ProtoBufRpcInvoker.call(ProtobufRpcEngine2.java:595) [hadoop-common-3.3.5.jar:?]
	at org.apache.hadoop.ipc.ProtobufRpcEngine2$Server$ProtoBufRpcInvoker.call(ProtobufRpcEngine2.java:573) [hadoop-common-3.3.5.jar:?]
	at org.apache.hadoop.ipc.RPC$Server.call(RPC.java:1213) [hadoop-common-3.3.5.jar:?]
	at org.apache.hadoop.ipc.Server$RpcCall.run(Server.java:1089) [hadoop-common-3.3.5.jar:?]
	at org.apache.hadoop.ipc.Server$RpcCall.run(Server.java:1012) [hadoop-common-3.3.5.jar:?]
	at java.security.AccessController.doPrivileged(Native Method) ~[?:1.8.0_362]
	at javax.security.auth.Subject.doAs(Subject.java:422) [?:1.8.0_362]
	at org.apache.hadoop.security.UserGroupInformation.doAs(UserGroupInformation.java:1899) [hadoop-common-3.3.5.jar:?]
	at org.apache.hadoop.ipc.Server$Handler.run(Server.java:3026) [hadoop-common-3.3.5.jar:?]
11:23:35.203 [IPC Server handler 9 on default port 36763] ERROR OMAudit - user=runner | ip=127.0.0.1 | op=GET_FILE_STATUS {volume=volume14578, bucket=bucket96393, key=level0/level2/file1, dataSize=0, replicationConfig=null} | ret=FAILURE
org.apache.hadoop.ozone.om.exceptions.OMException: Unable to get file status: volume: volume14578 bucket: bucket96393 key: level0/level2/file1
	at org.apache.hadoop.ozone.om.KeyManagerImpl.getOzoneFileStatus(KeyManagerImpl.java:1200) ~[ozone-manager-1.4.0-SNAPSHOT.jar:?]
	at org.apache.hadoop.ozone.om.KeyManagerImpl.getFileStatus(KeyManagerImpl.java:1118) ~[ozone-manager-1.4.0-SNAPSHOT.jar:?]
	at org.apache.hadoop.ozone.om.OmMetadataReader.getFileStatus(OmMetadataReader.java:288) ~[ozone-manager-1.4.0-SNAPSHOT.jar:?]
	at org.apache.hadoop.ozone.om.OzoneManager.getFileStatus(OzoneManager.java:3491) ~[ozone-manager-1.4.0-SNAPSHOT.jar:?]
	at org.apache.hadoop.ozone.protocolPB.OzoneManagerRequestHandler.getOzoneFileStatus(OzoneManagerRequestHandler.java:934) ~[ozone-manager-1.4.0-SNAPSHOT.jar:?]
	at org.apache.hadoop.ozone.protocolPB.OzoneManagerRequestHandler.handleReadRequest(OzoneManagerRequestHandler.java:238) ~[ozone-manager-1.4.0-SNAPSHOT.jar:?]
	at org.apache.hadoop.ozone.protocolPB.OzoneManagerProtocolServerSideTranslatorPB.submitReadRequestToOM(OzoneManagerProtocolServerSideTranslatorPB.java:223) ~[ozone-manager-1.4.0-SNAPSHOT.jar:?]
	at org.apache.hadoop.ozone.protocolPB.OzoneManagerProtocolServerSideTranslatorPB.processRequest(OzoneManagerProtocolServerSideTranslatorPB.java:177) ~[ozone-manager-1.4.0-SNAPSHOT.jar:?]
	at org.apache.hadoop.hdds.server.OzoneProtocolMessageDispatcher.processRequest(OzoneProtocolMessageDispatcher.java:87) [hdds-server-framework-1.4.0-SNAPSHOT.jar:?]
	at org.apache.hadoop.ozone.protocolPB.OzoneManagerProtocolServerSideTranslatorPB.submitRequest(OzoneManagerProtocolServerSideTranslatorPB.java:147) [ozone-manager-1.4.0-SNAPSHOT.jar:?]
	at org.apache.hadoop.ozone.protocol.proto.OzoneManagerProtocolProtos$OzoneManagerService$2.callBlockingMethod(OzoneManagerProtocolProtos.java) [ozone-interface-client-1.4.0-SNAPSHOT.jar:?]
	at org.apache.hadoop.ipc.ProtobufRpcEngine$Server.processCall(ProtobufRpcEngine.java:484) [hadoop-common-3.3.5.jar:?]
	at org.apache.hadoop.ipc.ProtobufRpcEngine2$Server$ProtoBufRpcInvoker.call(ProtobufRpcEngine2.java:595) [hadoop-common-3.3.5.jar:?]
	at org.apache.hadoop.ipc.ProtobufRpcEngine2$Server$ProtoBufRpcInvoker.call(ProtobufRpcEngine2.java:573) [hadoop-common-3.3.5.jar:?]
	at org.apache.hadoop.ipc.RPC$Server.call(RPC.java:1213) [hadoop-common-3.3.5.jar:?]
	at org.apache.hadoop.ipc.Server$RpcCall.run(Server.java:1089) [hadoop-common-3.3.5.jar:?]
	at org.apache.hadoop.ipc.Server$RpcCall.run(Server.java:1012) [hadoop-common-3.3.5.jar:?]
	at java.security.AccessController.doPrivileged(Native Method) ~[?:1.8.0_362]
	at javax.security.auth.Subject.doAs(Subject.java:422) [?:1.8.0_362]
	at org.apache.hadoop.security.UserGroupInformation.doAs(UserGroupInformation.java:1899) [hadoop-common-3.3.5.jar:?]
	at org.apache.hadoop.ipc.Server$Handler.run(Server.java:3026) [hadoop-common-3.3.5.jar:?]
11:23:35.205 [IPC Server handler 6 on default port 36763] ERROR OMAudit - user=runner | ip=127.0.0.1 | op=GET_FILE_STATUS {volume=volume14578, bucket=bucket96393, key=level0/level2/level2/file1, dataSize=0, replicationConfig=null} | ret=FAILURE
org.apache.hadoop.ozone.om.exceptions.OMException: Unable to get file status: volume: volume14578 bucket: bucket96393 key: level0/level2/level2/file1
	at org.apache.hadoop.ozone.om.KeyManagerImpl.getOzoneFileStatus(KeyManagerImpl.java:1200) ~[ozone-manager-1.4.0-SNAPSHOT.jar:?]
	at org.apache.hadoop.ozone.om.KeyManagerImpl.getFileStatus(KeyManagerImpl.java:1118) ~[ozone-manager-1.4.0-SNAPSHOT.jar:?]
	at org.apache.hadoop.ozone.om.OmMetadataReader.getFileStatus(OmMetadataReader.java:288) ~[ozone-manager-1.4.0-SNAPSHOT.jar:?]
	at org.apache.hadoop.ozone.om.OzoneManager.getFileStatus(OzoneManager.java:3491) ~[ozone-manager-1.4.0-SNAPSHOT.jar:?]
	at org.apache.hadoop.ozone.protocolPB.OzoneManagerRequestHandler.getOzoneFileStatus(OzoneManagerRequestHandler.java:934) ~[ozone-manager-1.4.0-SNAPSHOT.jar:?]
	at org.apache.hadoop.ozone.protocolPB.OzoneManagerRequestHandler.handleReadRequest(OzoneManagerRequestHandler.java:238) ~[ozone-manager-1.4.0-SNAPSHOT.jar:?]
	at org.apache.hadoop.ozone.protocolPB.OzoneManagerProtocolServerSideTranslatorPB.submitReadRequestToOM(OzoneManagerProtocolServerSideTranslatorPB.java:223) ~[ozone-manager-1.4.0-SNAPSHOT.jar:?]
	at org.apache.hadoop.ozone.protocolPB.OzoneManagerProtocolServerSideTranslatorPB.processRequest(OzoneManagerProtocolServerSideTranslatorPB.java:177) ~[ozone-manager-1.4.0-SNAPSHOT.jar:?]
	at org.apache.hadoop.hdds.server.OzoneProtocolMessageDispatcher.processRequest(OzoneProtocolMessageDispatcher.java:87) [hdds-server-framework-1.4.0-SNAPSHOT.jar:?]
	at org.apache.hadoop.ozone.protocolPB.OzoneManagerProtocolServerSideTranslatorPB.submitRequest(OzoneManagerProtocolServerSideTranslatorPB.java:147) [ozone-manager-1.4.0-SNAPSHOT.jar:?]
	at org.apache.hadoop.ozone.protocol.proto.OzoneManagerProtocolProtos$OzoneManagerService$2.callBlockingMethod(OzoneManagerProtocolProtos.java) [ozone-interface-client-1.4.0-SNAPSHOT.jar:?]
	at org.apache.hadoop.ipc.ProtobufRpcEngine$Server.processCall(ProtobufRpcEngine.java:484) [hadoop-common-3.3.5.jar:?]
	at org.apache.hadoop.ipc.ProtobufRpcEngine2$Server$ProtoBufRpcInvoker.call(ProtobufRpcEngine2.java:595) [hadoop-common-3.3.5.jar:?]
	at org.apache.hadoop.ipc.ProtobufRpcEngine2$Server$ProtoBufRpcInvoker.call(ProtobufRpcEngine2.java:573) [hadoop-common-3.3.5.jar:?]
	at org.apache.hadoop.ipc.RPC$Server.call(RPC.java:1213) [hadoop-common-3.3.5.jar:?]
	at org.apache.hadoop.ipc.Server$RpcCall.run(Server.java:1089) [hadoop-common-3.3.5.jar:?]
	at org.apache.hadoop.ipc.Server$RpcCall.run(Server.java:1012) [hadoop-common-3.3.5.jar:?]
	at java.security.AccessController.doPrivileged(Native Method) ~[?:1.8.0_362]
	at javax.security.auth.Subject.doAs(Subject.java:422) [?:1.8.0_362]
	at org.apache.hadoop.security.UserGroupInformation.doAs(UserGroupInformation.java:1899) [hadoop-common-3.3.5.jar:?]
	at org.apache.hadoop.ipc.Server$Handler.run(Server.java:3026) [hadoop-common-3.3.5.jar:?]
11:23:35.207 [IPC Server handler 5 on default port 36763] ERROR OMAudit - user=runner | ip=127.0.0.1 | op=GET_FILE_STATUS {volume=volume14578, bucket=bucket96393, key=level0/level3, dataSize=0, replicationConfig=null} | ret=FAILURE
org.apache.hadoop.ozone.om.exceptions.OMException: Unable to get file status: volume: volume14578 bucket: bucket96393 key: level0/level3
	at org.apache.hadoop.ozone.om.KeyManagerImpl.getOzoneFileStatus(KeyManagerImpl.java:1200) ~[ozone-manager-1.4.0-SNAPSHOT.jar:?]
	at org.apache.hadoop.ozone.om.KeyManagerImpl.getFileStatus(KeyManagerImpl.java:1118) ~[ozone-manager-1.4.0-SNAPSHOT.jar:?]
	at org.apache.hadoop.ozone.om.OmMetadataReader.getFileStatus(OmMetadataReader.java:288) ~[ozone-manager-1.4.0-SNAPSHOT.jar:?]
	at org.apache.hadoop.ozone.om.OzoneManager.getFileStatus(OzoneManager.java:3491) ~[ozone-manager-1.4.0-SNAPSHOT.jar:?]
	at org.apache.hadoop.ozone.protocolPB.OzoneManagerRequestHandler.getOzoneFileStatus(OzoneManagerRequestHandler.java:934) ~[ozone-manager-1.4.0-SNAPSHOT.jar:?]
	at org.apache.hadoop.ozone.protocolPB.OzoneManagerRequestHandler.handleReadRequest(OzoneManagerRequestHandler.java:238) ~[ozone-manager-1.4.0-SNAPSHOT.jar:?]
	at org.apache.hadoop.ozone.protocolPB.OzoneManagerProtocolServerSideTranslatorPB.submitReadRequestToOM(OzoneManagerProtocolServerSideTranslatorPB.java:223) ~[ozone-manager-1.4.0-SNAPSHOT.jar:?]
	at org.apache.hadoop.ozone.protocolPB.OzoneManagerProtocolServerSideTranslatorPB.processRequest(OzoneManagerProtocolServerSideTranslatorPB.java:177) ~[ozone-manager-1.4.0-SNAPSHOT.jar:?]
	at org.apache.hadoop.hdds.server.OzoneProtocolMessageDispatcher.processRequest(OzoneProtocolMessageDispatcher.java:87) [hdds-server-framework-1.4.0-SNAPSHOT.jar:?]
	at org.apache.hadoop.ozone.protocolPB.OzoneManagerProtocolServerSideTranslatorPB.submitRequest(OzoneManagerProtocolServerSideTranslatorPB.java:147) [ozone-manager-1.4.0-SNAPSHOT.jar:?]
	at org.apache.hadoop.ozone.protocol.proto.OzoneManagerProtocolProtos$OzoneManagerService$2.callBlockingMethod(OzoneManagerProtocolProtos.java) [ozone-interface-client-1.4.0-SNAPSHOT.jar:?]
	at org.apache.hadoop.ipc.ProtobufRpcEngine$Server.processCall(ProtobufRpcEngine.java:484) [hadoop-common-3.3.5.jar:?]
	at org.apache.hadoop.ipc.ProtobufRpcEngine2$Server$ProtoBufRpcInvoker.call(ProtobufRpcEngine2.java:595) [hadoop-common-3.3.5.jar:?]
	at org.apache.hadoop.ipc.ProtobufRpcEngine2$Server$ProtoBufRpcInvoker.call(ProtobufRpcEngine2.java:573) [hadoop-common-3.3.5.jar:?]
	at org.apache.hadoop.ipc.RPC$Server.call(RPC.java:1213) [hadoop-common-3.3.5.jar:?]
	at org.apache.hadoop.ipc.Server$RpcCall.run(Server.java:1089) [hadoop-common-3.3.5.jar:?]
	at org.apache.hadoop.ipc.Server$RpcCall.run(Server.java:1012) [hadoop-common-3.3.5.jar:?]
	at java.security.AccessController.doPrivileged(Native Method) ~[?:1.8.0_362]
	at javax.security.auth.Subject.doAs(Subject.java:422) [?:1.8.0_362]
	at org.apache.hadoop.security.UserGroupInformation.doAs(UserGroupInformation.java:1899) [hadoop-common-3.3.5.jar:?]
	at org.apache.hadoop.ipc.Server$Handler.run(Server.java:3026) [hadoop-common-3.3.5.jar:?]
11:23:35.208 [IPC Server handler 2 on default port 36763] ERROR OMAudit - user=runner | ip=127.0.0.1 | op=GET_FILE_STATUS {volume=volume14578, bucket=bucket96393, key=level0/level3/level3, dataSize=0, replicationConfig=null} | ret=FAILURE
org.apache.hadoop.ozone.om.exceptions.OMException: Unable to get file status: volume: volume14578 bucket: bucket96393 key: level0/level3/level3
	at org.apache.hadoop.ozone.om.KeyManagerImpl.getOzoneFileStatus(KeyManagerImpl.java:1200) ~[ozone-manager-1.4.0-SNAPSHOT.jar:?]
	at org.apache.hadoop.ozone.om.KeyManagerImpl.getFileStatus(KeyManagerImpl.java:1118) ~[ozone-manager-1.4.0-SNAPSHOT.jar:?]
	at org.apache.hadoop.ozone.om.OmMetadataReader.getFileStatus(OmMetadataReader.java:288) ~[ozone-manager-1.4.0-SNAPSHOT.jar:?]
	at org.apache.hadoop.ozone.om.OzoneManager.getFileStatus(OzoneManager.java:3491) ~[ozone-manager-1.4.0-SNAPSHOT.jar:?]
	at org.apache.hadoop.ozone.protocolPB.OzoneManagerRequestHandler.getOzoneFileStatus(OzoneManagerRequestHandler.java:934) ~[ozone-manager-1.4.0-SNAPSHOT.jar:?]
	at org.apache.hadoop.ozone.protocolPB.OzoneManagerRequestHandler.handleReadRequest(OzoneManagerRequestHandler.java:238) ~[ozone-manager-1.4.0-SNAPSHOT.jar:?]
	at org.apache.hadoop.ozone.protocolPB.OzoneManagerProtocolServerSideTranslatorPB.submitReadRequestToOM(OzoneManagerProtocolServerSideTranslatorPB.java:223) ~[ozone-manager-1.4.0-SNAPSHOT.jar:?]
	at org.apache.hadoop.ozone.protocolPB.OzoneManagerProtocolServerSideTranslatorPB.processRequest(OzoneManagerProtocolServerSideTranslatorPB.java:177) ~[ozone-manager-1.4.0-SNAPSHOT.jar:?]
	at org.apache.hadoop.hdds.server.OzoneProtocolMessageDispatcher.processRequest(OzoneProtocolMessageDispatcher.java:87) [hdds-server-framework-1.4.0-SNAPSHOT.jar:?]
	at org.apache.hadoop.ozone.protocolPB.OzoneManagerProtocolServerSideTranslatorPB.submitRequest(OzoneManagerProtocolServerSideTranslatorPB.java:147) [ozone-manager-1.4.0-SNAPSHOT.jar:?]
	at org.apache.hadoop.ozone.protocol.proto.OzoneManagerProtocolProtos$OzoneManagerService$2.callBlockingMethod(OzoneManagerProtocolProtos.java) [ozone-interface-client-1.4.0-SNAPSHOT.jar:?]
	at org.apache.hadoop.ipc.ProtobufRpcEngine$Server.processCall(ProtobufRpcEngine.java:484) [hadoop-common-3.3.5.jar:?]
	at org.apache.hadoop.ipc.ProtobufRpcEngine2$Server$ProtoBufRpcInvoker.call(ProtobufRpcEngine2.java:595) [hadoop-common-3.3.5.jar:?]
	at org.apache.hadoop.ipc.ProtobufRpcEngine2$Server$ProtoBufRpcInvoker.call(ProtobufRpcEngine2.java:573) [hadoop-common-3.3.5.jar:?]
	at org.apache.hadoop.ipc.RPC$Server.call(RPC.java:1213) [hadoop-common-3.3.5.jar:?]
	at org.apache.hadoop.ipc.Server$RpcCall.run(Server.java:1089) [hadoop-common-3.3.5.jar:?]
	at org.apache.hadoop.ipc.Server$RpcCall.run(Server.java:1012) [hadoop-common-3.3.5.jar:?]
	at java.security.AccessController.doPrivileged(Native Method) ~[?:1.8.0_362]
	at javax.security.auth.Subject.doAs(Subject.java:422) [?:1.8.0_362]
	at org.apache.hadoop.security.UserGroupInformation.doAs(UserGroupInformation.java:1899) [hadoop-common-3.3.5.jar:?]
	at org.apache.hadoop.ipc.Server$Handler.run(Server.java:3026) [hadoop-common-3.3.5.jar:?]
11:23:35.210 [IPC Server handler 4 on default port 36763] ERROR OMAudit - user=runner | ip=127.0.0.1 | op=GET_FILE_STATUS {volume=volume14578, bucket=bucket96393, key=level0/level3/file1, dataSize=0, replicationConfig=null} | ret=FAILURE
org.apache.hadoop.ozone.om.exceptions.OMException: Unable to get file status: volume: volume14578 bucket: bucket96393 key: level0/level3/file1
	at org.apache.hadoop.ozone.om.KeyManagerImpl.getOzoneFileStatus(KeyManagerImpl.java:1200) ~[ozone-manager-1.4.0-SNAPSHOT.jar:?]
	at org.apache.hadoop.ozone.om.KeyManagerImpl.getFileStatus(KeyManagerImpl.java:1118) ~[ozone-manager-1.4.0-SNAPSHOT.jar:?]
	at org.apache.hadoop.ozone.om.OmMetadataReader.getFileStatus(OmMetadataReader.java:288) ~[ozone-manager-1.4.0-SNAPSHOT.jar:?]
	at org.apache.hadoop.ozone.om.OzoneManager.getFileStatus(OzoneManager.java:3491) ~[ozone-manager-1.4.0-SNAPSHOT.jar:?]
	at org.apache.hadoop.ozone.protocolPB.OzoneManagerRequestHandler.getOzoneFileStatus(OzoneManagerRequestHandler.java:934) ~[ozone-manager-1.4.0-SNAPSHOT.jar:?]
	at org.apache.hadoop.ozone.protocolPB.OzoneManagerRequestHandler.handleReadRequest(OzoneManagerRequestHandler.java:238) ~[ozone-manager-1.4.0-SNAPSHOT.jar:?]
	at org.apache.hadoop.ozone.protocolPB.OzoneManagerProtocolServerSideTranslatorPB.submitReadRequestToOM(OzoneManagerProtocolServerSideTranslatorPB.java:223) ~[ozone-manager-1.4.0-SNAPSHOT.jar:?]
	at org.apache.hadoop.ozone.protocolPB.OzoneManagerProtocolServerSideTranslatorPB.processRequest(OzoneManagerProtocolServerSideTranslatorPB.java:177) ~[ozone-manager-1.4.0-SNAPSHOT.jar:?]
	at org.apache.hadoop.hdds.server.OzoneProtocolMessageDispatcher.processRequest(OzoneProtocolMessageDispatcher.java:87) [hdds-server-framework-1.4.0-SNAPSHOT.jar:?]
	at org.apache.hadoop.ozone.protocolPB.OzoneManagerProtocolServerSideTranslatorPB.submitRequest(OzoneManagerProtocolServerSideTranslatorPB.java:147) [ozone-manager-1.4.0-SNAPSHOT.jar:?]
	at org.apache.hadoop.ozone.protocol.proto.OzoneManagerProtocolProtos$OzoneManagerService$2.callBlockingMethod(OzoneManagerProtocolProtos.java) [ozone-interface-client-1.4.0-SNAPSHOT.jar:?]
	at org.apache.hadoop.ipc.ProtobufRpcEngine$Server.processCall(ProtobufRpcEngine.java:484) [hadoop-common-3.3.5.jar:?]
	at org.apache.hadoop.ipc.ProtobufRpcEngine2$Server$ProtoBufRpcInvoker.call(ProtobufRpcEngine2.java:595) [hadoop-common-3.3.5.jar:?]
	at org.apache.hadoop.ipc.ProtobufRpcEngine2$Server$ProtoBufRpcInvoker.call(ProtobufRpcEngine2.java:573) [hadoop-common-3.3.5.jar:?]
	at org.apache.hadoop.ipc.RPC$Server.call(RPC.java:1213) [hadoop-common-3.3.5.jar:?]
	at org.apache.hadoop.ipc.Server$RpcCall.run(Server.java:1089) [hadoop-common-3.3.5.jar:?]
	at org.apache.hadoop.ipc.Server$RpcCall.run(Server.java:1012) [hadoop-common-3.3.5.jar:?]
	at java.security.AccessController.doPrivileged(Native Method) ~[?:1.8.0_362]
	at javax.security.auth.Subject.doAs(Subject.java:422) [?:1.8.0_362]
	at org.apache.hadoop.security.UserGroupInformation.doAs(UserGroupInformation.java:1899) [hadoop-common-3.3.5.jar:?]
	at org.apache.hadoop.ipc.Server$Handler.run(Server.java:3026) [hadoop-common-3.3.5.jar:?]
11:23:35.212 [IPC Server handler 3 on default port 36763] ERROR OMAudit - user=runner | ip=127.0.0.1 | op=GET_FILE_STATUS {volume=volume14578, bucket=bucket96393, key=level0/level3/level3/file1, dataSize=0, replicationConfig=null} | ret=FAILURE
org.apache.hadoop.ozone.om.exceptions.OMException: Unable to get file status: volume: volume14578 bucket: bucket96393 key: level0/level3/level3/file1
	at org.apache.hadoop.ozone.om.KeyManagerImpl.getOzoneFileStatus(KeyManagerImpl.java:1200) ~[ozone-manager-1.4.0-SNAPSHOT.jar:?]
	at org.apache.hadoop.ozone.om.KeyManagerImpl.getFileStatus(KeyManagerImpl.java:1118) ~[ozone-manager-1.4.0-SNAPSHOT.jar:?]
	at org.apache.hadoop.ozone.om.OmMetadataReader.getFileStatus(OmMetadataReader.java:288) ~[ozone-manager-1.4.0-SNAPSHOT.jar:?]
	at org.apache.hadoop.ozone.om.OzoneManager.getFileStatus(OzoneManager.java:3491) ~[ozone-manager-1.4.0-SNAPSHOT.jar:?]
	at org.apache.hadoop.ozone.protocolPB.OzoneManagerRequestHandler.getOzoneFileStatus(OzoneManagerRequestHandler.java:934) ~[ozone-manager-1.4.0-SNAPSHOT.jar:?]
	at org.apache.hadoop.ozone.protocolPB.OzoneManagerRequestHandler.handleReadRequest(OzoneManagerRequestHandler.java:238) ~[ozone-manager-1.4.0-SNAPSHOT.jar:?]
	at org.apache.hadoop.ozone.protocolPB.OzoneManagerProtocolServerSideTranslatorPB.submitReadRequestToOM(OzoneManagerProtocolServerSideTranslatorPB.java:223) ~[ozone-manager-1.4.0-SNAPSHOT.jar:?]
	at org.apache.hadoop.ozone.protocolPB.OzoneManagerProtocolServerSideTranslatorPB.processRequest(OzoneManagerProtocolServerSideTranslatorPB.java:177) ~[ozone-manager-1.4.0-SNAPSHOT.jar:?]
	at org.apache.hadoop.hdds.server.OzoneProtocolMessageDispatcher.processRequest(OzoneProtocolMessageDispatcher.java:87) [hdds-server-framework-1.4.0-SNAPSHOT.jar:?]
	at org.apache.hadoop.ozone.protocolPB.OzoneManagerProtocolServerSideTranslatorPB.submitRequest(OzoneManagerProtocolServerSideTranslatorPB.java:147) [ozone-manager-1.4.0-SNAPSHOT.jar:?]
	at org.apache.hadoop.ozone.protocol.proto.OzoneManagerProtocolProtos$OzoneManagerService$2.callBlockingMethod(OzoneManagerProtocolProtos.java) [ozone-interface-client-1.4.0-SNAPSHOT.jar:?]
	at org.apache.hadoop.ipc.ProtobufRpcEngine$Server.processCall(ProtobufRpcEngine.java:484) [hadoop-common-3.3.5.jar:?]
	at org.apache.hadoop.ipc.ProtobufRpcEngine2$Server$ProtoBufRpcInvoker.call(ProtobufRpcEngine2.java:595) [hadoop-common-3.3.5.jar:?]
	at org.apache.hadoop.ipc.ProtobufRpcEngine2$Server$ProtoBufRpcInvoker.call(ProtobufRpcEngine2.java:573) [hadoop-common-3.3.5.jar:?]
	at org.apache.hadoop.ipc.RPC$Server.call(RPC.java:1213) [hadoop-common-3.3.5.jar:?]
	at org.apache.hadoop.ipc.Server$RpcCall.run(Server.java:1089) [hadoop-common-3.3.5.jar:?]
	at org.apache.hadoop.ipc.Server$RpcCall.run(Server.java:1012) [hadoop-common-3.3.5.jar:?]
	at java.security.AccessController.doPrivileged(Native Method) ~[?:1.8.0_362]
	at javax.security.auth.Subject.doAs(Subject.java:422) [?:1.8.0_362]
	at org.apache.hadoop.security.UserGroupInformation.doAs(UserGroupInformation.java:1899) [hadoop-common-3.3.5.jar:?]
	at org.apache.hadoop.ipc.Server$Handler.run(Server.java:3026) [hadoop-common-3.3.5.jar:?]
]]></system-out>
  </testcase>
  <testcase name="testRecursiveDelete" classname="TestOzoneFileSystem" time="0.141">
    <system-out><![CDATA[2023-04-11 11:24:44,167 [IPC Server handler 10 on default port 36969] INFO  key.OMKeyRequest (OMKeyRequest.java:wrapUncommittedBlocksAsPseudoKey(838)) - Detect allocated but uncommitted blocks [{blockID={containerID=4, localID=111677748019200014}, length=4194304, offset=0, token=null, pipeline=null, createVersion=0, partNumber=0}] in key gdir1/pdir1/child.
2023-04-11 11:24:44,171 [IPC Server handler 15 on default port 36969] INFO  key.OMKeyRequest (OMKeyRequest.java:wrapUncommittedBlocksAsPseudoKey(838)) - Detect allocated but uncommitted blocks [{blockID={containerID=3, localID=111677748019200015}, length=4194304, offset=0, token=null, pipeline=null, createVersion=0, partNumber=0}] in key gdir1/pdir2/child.
2023-04-11 11:24:44,175 [IPC Server handler 16 on default port 36969] INFO  key.OMKeyRequest (OMKeyRequest.java:wrapUncommittedBlocksAsPseudoKey(838)) - Detect allocated but uncommitted blocks [{blockID={containerID=4, localID=111677748019200016}, length=4194304, offset=0, token=null, pipeline=null, createVersion=0, partNumber=0}] in key gdir1/pdir3/child.
2023-04-11 11:24:44,180 [IPC Server handler 19 on default port 36969] INFO  key.OMKeyRequest (OMKeyRequest.java:wrapUncommittedBlocksAsPseudoKey(838)) - Detect allocated but uncommitted blocks [{blockID={containerID=1, localID=111677748019200017}, length=4194304, offset=0, token=null, pipeline=null, createVersion=0, partNumber=0}] in key gdir1/pdir4/child.
2023-04-11 11:24:44,184 [IPC Server handler 13 on default port 36969] INFO  key.OMKeyRequest (OMKeyRequest.java:wrapUncommittedBlocksAsPseudoKey(838)) - Detect allocated but uncommitted blocks [{blockID={containerID=2, localID=111677748019200018}, length=4194304, offset=0, token=null, pipeline=null, createVersion=0, partNumber=0}] in key gdir1/pdir5/child.
2023-04-11 11:24:44,187 [IPC Server handler 17 on default port 36969] INFO  key.OMKeyRequest (OMKeyRequest.java:wrapUncommittedBlocksAsPseudoKey(838)) - Detect allocated but uncommitted blocks [{blockID={containerID=1, localID=111677748019200019}, length=4194304, offset=0, token=null, pipeline=null, createVersion=0, partNumber=0}] in key gdir1/pdir6/child.
2023-04-11 11:24:44,191 [IPC Server handler 0 on default port 36969] INFO  key.OMKeyRequest (OMKeyRequest.java:wrapUncommittedBlocksAsPseudoKey(838)) - Detect allocated but uncommitted blocks [{blockID={containerID=3, localID=111677748019200020}, length=4194304, offset=0, token=null, pipeline=null, createVersion=0, partNumber=0}] in key gdir1/pdir7/child.
2023-04-11 11:24:44,194 [IPC Server handler 3 on default port 36969] INFO  key.OMKeyRequest (OMKeyRequest.java:wrapUncommittedBlocksAsPseudoKey(838)) - Detect allocated but uncommitted blocks [{blockID={containerID=4, localID=111677748019200021}, length=4194304, offset=0, token=null, pipeline=null, createVersion=0, partNumber=0}] in key gdir1/pdir8/child.
2023-04-11 11:24:44,198 [IPC Server handler 5 on default port 36969] INFO  key.OMKeyRequest (OMKeyRequest.java:wrapUncommittedBlocksAsPseudoKey(838)) - Detect allocated but uncommitted blocks [{blockID={containerID=3, localID=111677748019200022}, length=4194304, offset=0, token=null, pipeline=null, createVersion=0, partNumber=0}] in key gdir1/pdir9/child.
2023-04-11 11:24:44,202 [IPC Server handler 8 on default port 36969] INFO  key.OMKeyRequest (OMKeyRequest.java:wrapUncommittedBlocksAsPseudoKey(838)) - Detect allocated but uncommitted blocks [{blockID={containerID=2, localID=111677748019200023}, length=4194304, offset=0, token=null, pipeline=null, createVersion=0, partNumber=0}] in key gdir1/pdir10/child.
11:24:44.214 [IPC Server handler 9 on default port 36969] ERROR OMAudit - user=runner | ip=127.0.0.1 | op=GET_FILE_STATUS {volume=volume23474, bucket=bucket17726, key=gdir1, dataSize=0, replicationConfig=null} | ret=FAILURE
org.apache.hadoop.ozone.om.exceptions.OMException: Unable to get file status: volume: volume23474 bucket: bucket17726 key: gdir1
	at org.apache.hadoop.ozone.om.KeyManagerImpl.getOzoneFileStatus(KeyManagerImpl.java:1200) ~[ozone-manager-1.4.0-SNAPSHOT.jar:?]
	at org.apache.hadoop.ozone.om.KeyManagerImpl.getFileStatus(KeyManagerImpl.java:1118) ~[ozone-manager-1.4.0-SNAPSHOT.jar:?]
	at org.apache.hadoop.ozone.om.OmMetadataReader.getFileStatus(OmMetadataReader.java:288) ~[ozone-manager-1.4.0-SNAPSHOT.jar:?]
	at org.apache.hadoop.ozone.om.OzoneManager.getFileStatus(OzoneManager.java:3491) ~[ozone-manager-1.4.0-SNAPSHOT.jar:?]
	at org.apache.hadoop.ozone.protocolPB.OzoneManagerRequestHandler.getOzoneFileStatus(OzoneManagerRequestHandler.java:934) ~[ozone-manager-1.4.0-SNAPSHOT.jar:?]
	at org.apache.hadoop.ozone.protocolPB.OzoneManagerRequestHandler.handleReadRequest(OzoneManagerRequestHandler.java:238) ~[ozone-manager-1.4.0-SNAPSHOT.jar:?]
	at org.apache.hadoop.ozone.protocolPB.OzoneManagerProtocolServerSideTranslatorPB.submitRequestDirectlyToOM(OzoneManagerProtocolServerSideTranslatorPB.java:272) ~[ozone-manager-1.4.0-SNAPSHOT.jar:?]
	at org.apache.hadoop.ozone.protocolPB.OzoneManagerProtocolServerSideTranslatorPB.processRequest(OzoneManagerProtocolServerSideTranslatorPB.java:173) ~[ozone-manager-1.4.0-SNAPSHOT.jar:?]
	at org.apache.hadoop.hdds.server.OzoneProtocolMessageDispatcher.processRequest(OzoneProtocolMessageDispatcher.java:87) [hdds-server-framework-1.4.0-SNAPSHOT.jar:?]
	at org.apache.hadoop.ozone.protocolPB.OzoneManagerProtocolServerSideTranslatorPB.submitRequest(OzoneManagerProtocolServerSideTranslatorPB.java:147) [ozone-manager-1.4.0-SNAPSHOT.jar:?]
	at org.apache.hadoop.ozone.protocol.proto.OzoneManagerProtocolProtos$OzoneManagerService$2.callBlockingMethod(OzoneManagerProtocolProtos.java) [ozone-interface-client-1.4.0-SNAPSHOT.jar:?]
	at org.apache.hadoop.ipc.ProtobufRpcEngine$Server.processCall(ProtobufRpcEngine.java:484) [hadoop-common-3.3.5.jar:?]
	at org.apache.hadoop.ipc.ProtobufRpcEngine2$Server$ProtoBufRpcInvoker.call(ProtobufRpcEngine2.java:595) [hadoop-common-3.3.5.jar:?]
	at org.apache.hadoop.ipc.ProtobufRpcEngine2$Server$ProtoBufRpcInvoker.call(ProtobufRpcEngine2.java:573) [hadoop-common-3.3.5.jar:?]
	at org.apache.hadoop.ipc.RPC$Server.call(RPC.java:1213) [hadoop-common-3.3.5.jar:?]
	at org.apache.hadoop.ipc.Server$RpcCall.run(Server.java:1089) [hadoop-common-3.3.5.jar:?]
	at org.apache.hadoop.ipc.Server$RpcCall.run(Server.java:1012) [hadoop-common-3.3.5.jar:?]
	at java.security.AccessController.doPrivileged(Native Method) ~[?:1.8.0_362]
	at javax.security.auth.Subject.doAs(Subject.java:422) [?:1.8.0_362]
	at org.apache.hadoop.security.UserGroupInformation.doAs(UserGroupInformation.java:1899) [hadoop-common-3.3.5.jar:?]
	at org.apache.hadoop.ipc.Server$Handler.run(Server.java:3026) [hadoop-common-3.3.5.jar:?]
11:24:44.215 [IPC Server handler 8 on default port 36969] ERROR OMAudit - user=runner | ip=127.0.0.1 | op=GET_FILE_STATUS {volume=volume23474, bucket=bucket17726, key=gdir1/dir1, dataSize=0, replicationConfig=null} | ret=FAILURE
org.apache.hadoop.ozone.om.exceptions.OMException: Unable to get file status: volume: volume23474 bucket: bucket17726 key: gdir1/dir1
	at org.apache.hadoop.ozone.om.KeyManagerImpl.getOzoneFileStatus(KeyManagerImpl.java:1200) ~[ozone-manager-1.4.0-SNAPSHOT.jar:?]
	at org.apache.hadoop.ozone.om.KeyManagerImpl.getFileStatus(KeyManagerImpl.java:1118) ~[ozone-manager-1.4.0-SNAPSHOT.jar:?]
	at org.apache.hadoop.ozone.om.OmMetadataReader.getFileStatus(OmMetadataReader.java:288) ~[ozone-manager-1.4.0-SNAPSHOT.jar:?]
	at org.apache.hadoop.ozone.om.OzoneManager.getFileStatus(OzoneManager.java:3491) ~[ozone-manager-1.4.0-SNAPSHOT.jar:?]
	at org.apache.hadoop.ozone.protocolPB.OzoneManagerRequestHandler.getOzoneFileStatus(OzoneManagerRequestHandler.java:934) ~[ozone-manager-1.4.0-SNAPSHOT.jar:?]
	at org.apache.hadoop.ozone.protocolPB.OzoneManagerRequestHandler.handleReadRequest(OzoneManagerRequestHandler.java:238) ~[ozone-manager-1.4.0-SNAPSHOT.jar:?]
	at org.apache.hadoop.ozone.protocolPB.OzoneManagerProtocolServerSideTranslatorPB.submitRequestDirectlyToOM(OzoneManagerProtocolServerSideTranslatorPB.java:272) ~[ozone-manager-1.4.0-SNAPSHOT.jar:?]
	at org.apache.hadoop.ozone.protocolPB.OzoneManagerProtocolServerSideTranslatorPB.processRequest(OzoneManagerProtocolServerSideTranslatorPB.java:173) ~[ozone-manager-1.4.0-SNAPSHOT.jar:?]
	at org.apache.hadoop.hdds.server.OzoneProtocolMessageDispatcher.processRequest(OzoneProtocolMessageDispatcher.java:87) [hdds-server-framework-1.4.0-SNAPSHOT.jar:?]
	at org.apache.hadoop.ozone.protocolPB.OzoneManagerProtocolServerSideTranslatorPB.submitRequest(OzoneManagerProtocolServerSideTranslatorPB.java:147) [ozone-manager-1.4.0-SNAPSHOT.jar:?]
	at org.apache.hadoop.ozone.protocol.proto.OzoneManagerProtocolProtos$OzoneManagerService$2.callBlockingMethod(OzoneManagerProtocolProtos.java) [ozone-interface-client-1.4.0-SNAPSHOT.jar:?]
	at org.apache.hadoop.ipc.ProtobufRpcEngine$Server.processCall(ProtobufRpcEngine.java:484) [hadoop-common-3.3.5.jar:?]
	at org.apache.hadoop.ipc.ProtobufRpcEngine2$Server$ProtoBufRpcInvoker.call(ProtobufRpcEngine2.java:595) [hadoop-common-3.3.5.jar:?]
	at org.apache.hadoop.ipc.ProtobufRpcEngine2$Server$ProtoBufRpcInvoker.call(ProtobufRpcEngine2.java:573) [hadoop-common-3.3.5.jar:?]
	at org.apache.hadoop.ipc.RPC$Server.call(RPC.java:1213) [hadoop-common-3.3.5.jar:?]
	at org.apache.hadoop.ipc.Server$RpcCall.run(Server.java:1089) [hadoop-common-3.3.5.jar:?]
	at org.apache.hadoop.ipc.Server$RpcCall.run(Server.java:1012) [hadoop-common-3.3.5.jar:?]
	at java.security.AccessController.doPrivileged(Native Method) ~[?:1.8.0_362]
	at javax.security.auth.Subject.doAs(Subject.java:422) [?:1.8.0_362]
	at org.apache.hadoop.security.UserGroupInformation.doAs(UserGroupInformation.java:1899) [hadoop-common-3.3.5.jar:?]
	at org.apache.hadoop.ipc.Server$Handler.run(Server.java:3026) [hadoop-common-3.3.5.jar:?]
11:24:44.216 [IPC Server handler 7 on default port 36969] ERROR OMAudit - user=runner | ip=127.0.0.1 | op=GET_FILE_STATUS {volume=volume23474, bucket=bucket17726, key=gdir1/dir1/child, dataSize=0, replicationConfig=null} | ret=FAILURE
org.apache.hadoop.ozone.om.exceptions.OMException: Unable to get file status: volume: volume23474 bucket: bucket17726 key: gdir1/dir1/child
	at org.apache.hadoop.ozone.om.KeyManagerImpl.getOzoneFileStatus(KeyManagerImpl.java:1200) ~[ozone-manager-1.4.0-SNAPSHOT.jar:?]
	at org.apache.hadoop.ozone.om.KeyManagerImpl.getFileStatus(KeyManagerImpl.java:1118) ~[ozone-manager-1.4.0-SNAPSHOT.jar:?]
	at org.apache.hadoop.ozone.om.OmMetadataReader.getFileStatus(OmMetadataReader.java:288) ~[ozone-manager-1.4.0-SNAPSHOT.jar:?]
	at org.apache.hadoop.ozone.om.OzoneManager.getFileStatus(OzoneManager.java:3491) ~[ozone-manager-1.4.0-SNAPSHOT.jar:?]
	at org.apache.hadoop.ozone.protocolPB.OzoneManagerRequestHandler.getOzoneFileStatus(OzoneManagerRequestHandler.java:934) ~[ozone-manager-1.4.0-SNAPSHOT.jar:?]
	at org.apache.hadoop.ozone.protocolPB.OzoneManagerRequestHandler.handleReadRequest(OzoneManagerRequestHandler.java:238) ~[ozone-manager-1.4.0-SNAPSHOT.jar:?]
	at org.apache.hadoop.ozone.protocolPB.OzoneManagerProtocolServerSideTranslatorPB.submitRequestDirectlyToOM(OzoneManagerProtocolServerSideTranslatorPB.java:272) ~[ozone-manager-1.4.0-SNAPSHOT.jar:?]
	at org.apache.hadoop.ozone.protocolPB.OzoneManagerProtocolServerSideTranslatorPB.processRequest(OzoneManagerProtocolServerSideTranslatorPB.java:173) ~[ozone-manager-1.4.0-SNAPSHOT.jar:?]
	at org.apache.hadoop.hdds.server.OzoneProtocolMessageDispatcher.processRequest(OzoneProtocolMessageDispatcher.java:87) [hdds-server-framework-1.4.0-SNAPSHOT.jar:?]
	at org.apache.hadoop.ozone.protocolPB.OzoneManagerProtocolServerSideTranslatorPB.submitRequest(OzoneManagerProtocolServerSideTranslatorPB.java:147) [ozone-manager-1.4.0-SNAPSHOT.jar:?]
	at org.apache.hadoop.ozone.protocol.proto.OzoneManagerProtocolProtos$OzoneManagerService$2.callBlockingMethod(OzoneManagerProtocolProtos.java) [ozone-interface-client-1.4.0-SNAPSHOT.jar:?]
	at org.apache.hadoop.ipc.ProtobufRpcEngine$Server.processCall(ProtobufRpcEngine.java:484) [hadoop-common-3.3.5.jar:?]
	at org.apache.hadoop.ipc.ProtobufRpcEngine2$Server$ProtoBufRpcInvoker.call(ProtobufRpcEngine2.java:595) [hadoop-common-3.3.5.jar:?]
	at org.apache.hadoop.ipc.ProtobufRpcEngine2$Server$ProtoBufRpcInvoker.call(ProtobufRpcEngine2.java:573) [hadoop-common-3.3.5.jar:?]
	at org.apache.hadoop.ipc.RPC$Server.call(RPC.java:1213) [hadoop-common-3.3.5.jar:?]
	at org.apache.hadoop.ipc.Server$RpcCall.run(Server.java:1089) [hadoop-common-3.3.5.jar:?]
	at org.apache.hadoop.ipc.Server$RpcCall.run(Server.java:1012) [hadoop-common-3.3.5.jar:?]
	at java.security.AccessController.doPrivileged(Native Method) ~[?:1.8.0_362]
	at javax.security.auth.Subject.doAs(Subject.java:422) [?:1.8.0_362]
	at org.apache.hadoop.security.UserGroupInformation.doAs(UserGroupInformation.java:1899) [hadoop-common-3.3.5.jar:?]
	at org.apache.hadoop.ipc.Server$Handler.run(Server.java:3026) [hadoop-common-3.3.5.jar:?]
11:24:44.217 [IPC Server handler 10 on default port 36969] ERROR OMAudit - user=runner | ip=127.0.0.1 | op=GET_FILE_STATUS {volume=volume23474, bucket=bucket17726, key=gdir1/dir2, dataSize=0, replicationConfig=null} | ret=FAILURE
org.apache.hadoop.ozone.om.exceptions.OMException: Unable to get file status: volume: volume23474 bucket: bucket17726 key: gdir1/dir2
	at org.apache.hadoop.ozone.om.KeyManagerImpl.getOzoneFileStatus(KeyManagerImpl.java:1200) ~[ozone-manager-1.4.0-SNAPSHOT.jar:?]
	at org.apache.hadoop.ozone.om.KeyManagerImpl.getFileStatus(KeyManagerImpl.java:1118) ~[ozone-manager-1.4.0-SNAPSHOT.jar:?]
	at org.apache.hadoop.ozone.om.OmMetadataReader.getFileStatus(OmMetadataReader.java:288) ~[ozone-manager-1.4.0-SNAPSHOT.jar:?]
	at org.apache.hadoop.ozone.om.OzoneManager.getFileStatus(OzoneManager.java:3491) ~[ozone-manager-1.4.0-SNAPSHOT.jar:?]
	at org.apache.hadoop.ozone.protocolPB.OzoneManagerRequestHandler.getOzoneFileStatus(OzoneManagerRequestHandler.java:934) ~[ozone-manager-1.4.0-SNAPSHOT.jar:?]
	at org.apache.hadoop.ozone.protocolPB.OzoneManagerRequestHandler.handleReadRequest(OzoneManagerRequestHandler.java:238) ~[ozone-manager-1.4.0-SNAPSHOT.jar:?]
	at org.apache.hadoop.ozone.protocolPB.OzoneManagerProtocolServerSideTranslatorPB.submitRequestDirectlyToOM(OzoneManagerProtocolServerSideTranslatorPB.java:272) ~[ozone-manager-1.4.0-SNAPSHOT.jar:?]
	at org.apache.hadoop.ozone.protocolPB.OzoneManagerProtocolServerSideTranslatorPB.processRequest(OzoneManagerProtocolServerSideTranslatorPB.java:173) ~[ozone-manager-1.4.0-SNAPSHOT.jar:?]
	at org.apache.hadoop.hdds.server.OzoneProtocolMessageDispatcher.processRequest(OzoneProtocolMessageDispatcher.java:87) [hdds-server-framework-1.4.0-SNAPSHOT.jar:?]
	at org.apache.hadoop.ozone.protocolPB.OzoneManagerProtocolServerSideTranslatorPB.submitRequest(OzoneManagerProtocolServerSideTranslatorPB.java:147) [ozone-manager-1.4.0-SNAPSHOT.jar:?]
	at org.apache.hadoop.ozone.protocol.proto.OzoneManagerProtocolProtos$OzoneManagerService$2.callBlockingMethod(OzoneManagerProtocolProtos.java) [ozone-interface-client-1.4.0-SNAPSHOT.jar:?]
	at org.apache.hadoop.ipc.ProtobufRpcEngine$Server.processCall(ProtobufRpcEngine.java:484) [hadoop-common-3.3.5.jar:?]
	at org.apache.hadoop.ipc.ProtobufRpcEngine2$Server$ProtoBufRpcInvoker.call(ProtobufRpcEngine2.java:595) [hadoop-common-3.3.5.jar:?]
	at org.apache.hadoop.ipc.ProtobufRpcEngine2$Server$ProtoBufRpcInvoker.call(ProtobufRpcEngine2.java:573) [hadoop-common-3.3.5.jar:?]
	at org.apache.hadoop.ipc.RPC$Server.call(RPC.java:1213) [hadoop-common-3.3.5.jar:?]
	at org.apache.hadoop.ipc.Server$RpcCall.run(Server.java:1089) [hadoop-common-3.3.5.jar:?]
	at org.apache.hadoop.ipc.Server$RpcCall.run(Server.java:1012) [hadoop-common-3.3.5.jar:?]
	at java.security.AccessController.doPrivileged(Native Method) ~[?:1.8.0_362]
	at javax.security.auth.Subject.doAs(Subject.java:422) [?:1.8.0_362]
	at org.apache.hadoop.security.UserGroupInformation.doAs(UserGroupInformation.java:1899) [hadoop-common-3.3.5.jar:?]
	at org.apache.hadoop.ipc.Server$Handler.run(Server.java:3026) [hadoop-common-3.3.5.jar:?]
11:24:44.218 [IPC Server handler 6 on default port 36969] ERROR OMAudit - user=runner | ip=127.0.0.1 | op=GET_FILE_STATUS {volume=volume23474, bucket=bucket17726, key=gdir1/dir2/child, dataSize=0, replicationConfig=null} | ret=FAILURE
org.apache.hadoop.ozone.om.exceptions.OMException: Unable to get file status: volume: volume23474 bucket: bucket17726 key: gdir1/dir2/child
	at org.apache.hadoop.ozone.om.KeyManagerImpl.getOzoneFileStatus(KeyManagerImpl.java:1200) ~[ozone-manager-1.4.0-SNAPSHOT.jar:?]
	at org.apache.hadoop.ozone.om.KeyManagerImpl.getFileStatus(KeyManagerImpl.java:1118) ~[ozone-manager-1.4.0-SNAPSHOT.jar:?]
	at org.apache.hadoop.ozone.om.OmMetadataReader.getFileStatus(OmMetadataReader.java:288) ~[ozone-manager-1.4.0-SNAPSHOT.jar:?]
	at org.apache.hadoop.ozone.om.OzoneManager.getFileStatus(OzoneManager.java:3491) ~[ozone-manager-1.4.0-SNAPSHOT.jar:?]
	at org.apache.hadoop.ozone.protocolPB.OzoneManagerRequestHandler.getOzoneFileStatus(OzoneManagerRequestHandler.java:934) ~[ozone-manager-1.4.0-SNAPSHOT.jar:?]
	at org.apache.hadoop.ozone.protocolPB.OzoneManagerRequestHandler.handleReadRequest(OzoneManagerRequestHandler.java:238) ~[ozone-manager-1.4.0-SNAPSHOT.jar:?]
	at org.apache.hadoop.ozone.protocolPB.OzoneManagerProtocolServerSideTranslatorPB.submitRequestDirectlyToOM(OzoneManagerProtocolServerSideTranslatorPB.java:272) ~[ozone-manager-1.4.0-SNAPSHOT.jar:?]
	at org.apache.hadoop.ozone.protocolPB.OzoneManagerProtocolServerSideTranslatorPB.processRequest(OzoneManagerProtocolServerSideTranslatorPB.java:173) ~[ozone-manager-1.4.0-SNAPSHOT.jar:?]
	at org.apache.hadoop.hdds.server.OzoneProtocolMessageDispatcher.processRequest(OzoneProtocolMessageDispatcher.java:87) [hdds-server-framework-1.4.0-SNAPSHOT.jar:?]
	at org.apache.hadoop.ozone.protocolPB.OzoneManagerProtocolServerSideTranslatorPB.submitRequest(OzoneManagerProtocolServerSideTranslatorPB.java:147) [ozone-manager-1.4.0-SNAPSHOT.jar:?]
	at org.apache.hadoop.ozone.protocol.proto.OzoneManagerProtocolProtos$OzoneManagerService$2.callBlockingMethod(OzoneManagerProtocolProtos.java) [ozone-interface-client-1.4.0-SNAPSHOT.jar:?]
	at org.apache.hadoop.ipc.ProtobufRpcEngine$Server.processCall(ProtobufRpcEngine.java:484) [hadoop-common-3.3.5.jar:?]
	at org.apache.hadoop.ipc.ProtobufRpcEngine2$Server$ProtoBufRpcInvoker.call(ProtobufRpcEngine2.java:595) [hadoop-common-3.3.5.jar:?]
	at org.apache.hadoop.ipc.ProtobufRpcEngine2$Server$ProtoBufRpcInvoker.call(ProtobufRpcEngine2.java:573) [hadoop-common-3.3.5.jar:?]
	at org.apache.hadoop.ipc.RPC$Server.call(RPC.java:1213) [hadoop-common-3.3.5.jar:?]
	at org.apache.hadoop.ipc.Server$RpcCall.run(Server.java:1089) [hadoop-common-3.3.5.jar:?]
	at org.apache.hadoop.ipc.Server$RpcCall.run(Server.java:1012) [hadoop-common-3.3.5.jar:?]
	at java.security.AccessController.doPrivileged(Native Method) ~[?:1.8.0_362]
	at javax.security.auth.Subject.doAs(Subject.java:422) [?:1.8.0_362]
	at org.apache.hadoop.security.UserGroupInformation.doAs(UserGroupInformation.java:1899) [hadoop-common-3.3.5.jar:?]
	at org.apache.hadoop.ipc.Server$Handler.run(Server.java:3026) [hadoop-common-3.3.5.jar:?]
11:24:44.219 [IPC Server handler 15 on default port 36969] ERROR OMAudit - user=runner | ip=127.0.0.1 | op=GET_FILE_STATUS {volume=volume23474, bucket=bucket17726, key=gdir1/dir3, dataSize=0, replicationConfig=null} | ret=FAILURE
org.apache.hadoop.ozone.om.exceptions.OMException: Unable to get file status: volume: volume23474 bucket: bucket17726 key: gdir1/dir3
	at org.apache.hadoop.ozone.om.KeyManagerImpl.getOzoneFileStatus(KeyManagerImpl.java:1200) ~[ozone-manager-1.4.0-SNAPSHOT.jar:?]
	at org.apache.hadoop.ozone.om.KeyManagerImpl.getFileStatus(KeyManagerImpl.java:1118) ~[ozone-manager-1.4.0-SNAPSHOT.jar:?]
	at org.apache.hadoop.ozone.om.OmMetadataReader.getFileStatus(OmMetadataReader.java:288) ~[ozone-manager-1.4.0-SNAPSHOT.jar:?]
	at org.apache.hadoop.ozone.om.OzoneManager.getFileStatus(OzoneManager.java:3491) ~[ozone-manager-1.4.0-SNAPSHOT.jar:?]
	at org.apache.hadoop.ozone.protocolPB.OzoneManagerRequestHandler.getOzoneFileStatus(OzoneManagerRequestHandler.java:934) ~[ozone-manager-1.4.0-SNAPSHOT.jar:?]
	at org.apache.hadoop.ozone.protocolPB.OzoneManagerRequestHandler.handleReadRequest(OzoneManagerRequestHandler.java:238) ~[ozone-manager-1.4.0-SNAPSHOT.jar:?]
	at org.apache.hadoop.ozone.protocolPB.OzoneManagerProtocolServerSideTranslatorPB.submitRequestDirectlyToOM(OzoneManagerProtocolServerSideTranslatorPB.java:272) ~[ozone-manager-1.4.0-SNAPSHOT.jar:?]
	at org.apache.hadoop.ozone.protocolPB.OzoneManagerProtocolServerSideTranslatorPB.processRequest(OzoneManagerProtocolServerSideTranslatorPB.java:173) ~[ozone-manager-1.4.0-SNAPSHOT.jar:?]
	at org.apache.hadoop.hdds.server.OzoneProtocolMessageDispatcher.processRequest(OzoneProtocolMessageDispatcher.java:87) [hdds-server-framework-1.4.0-SNAPSHOT.jar:?]
	at org.apache.hadoop.ozone.protocolPB.OzoneManagerProtocolServerSideTranslatorPB.submitRequest(OzoneManagerProtocolServerSideTranslatorPB.java:147) [ozone-manager-1.4.0-SNAPSHOT.jar:?]
	at org.apache.hadoop.ozone.protocol.proto.OzoneManagerProtocolProtos$OzoneManagerService$2.callBlockingMethod(OzoneManagerProtocolProtos.java) [ozone-interface-client-1.4.0-SNAPSHOT.jar:?]
	at org.apache.hadoop.ipc.ProtobufRpcEngine$Server.processCall(ProtobufRpcEngine.java:484) [hadoop-common-3.3.5.jar:?]
	at org.apache.hadoop.ipc.ProtobufRpcEngine2$Server$ProtoBufRpcInvoker.call(ProtobufRpcEngine2.java:595) [hadoop-common-3.3.5.jar:?]
	at org.apache.hadoop.ipc.ProtobufRpcEngine2$Server$ProtoBufRpcInvoker.call(ProtobufRpcEngine2.java:573) [hadoop-common-3.3.5.jar:?]
	at org.apache.hadoop.ipc.RPC$Server.call(RPC.java:1213) [hadoop-common-3.3.5.jar:?]
	at org.apache.hadoop.ipc.Server$RpcCall.run(Server.java:1089) [hadoop-common-3.3.5.jar:?]
	at org.apache.hadoop.ipc.Server$RpcCall.run(Server.java:1012) [hadoop-common-3.3.5.jar:?]
	at java.security.AccessController.doPrivileged(Native Method) ~[?:1.8.0_362]
	at javax.security.auth.Subject.doAs(Subject.java:422) [?:1.8.0_362]
	at org.apache.hadoop.security.UserGroupInformation.doAs(UserGroupInformation.java:1899) [hadoop-common-3.3.5.jar:?]
	at org.apache.hadoop.ipc.Server$Handler.run(Server.java:3026) [hadoop-common-3.3.5.jar:?]
11:24:44.219 [IPC Server handler 18 on default port 36969] ERROR OMAudit - user=runner | ip=127.0.0.1 | op=GET_FILE_STATUS {volume=volume23474, bucket=bucket17726, key=gdir1/dir3/child, dataSize=0, replicationConfig=null} | ret=FAILURE
org.apache.hadoop.ozone.om.exceptions.OMException: Unable to get file status: volume: volume23474 bucket: bucket17726 key: gdir1/dir3/child
	at org.apache.hadoop.ozone.om.KeyManagerImpl.getOzoneFileStatus(KeyManagerImpl.java:1200) ~[ozone-manager-1.4.0-SNAPSHOT.jar:?]
	at org.apache.hadoop.ozone.om.KeyManagerImpl.getFileStatus(KeyManagerImpl.java:1118) ~[ozone-manager-1.4.0-SNAPSHOT.jar:?]
	at org.apache.hadoop.ozone.om.OmMetadataReader.getFileStatus(OmMetadataReader.java:288) ~[ozone-manager-1.4.0-SNAPSHOT.jar:?]
	at org.apache.hadoop.ozone.om.OzoneManager.getFileStatus(OzoneManager.java:3491) ~[ozone-manager-1.4.0-SNAPSHOT.jar:?]
	at org.apache.hadoop.ozone.protocolPB.OzoneManagerRequestHandler.getOzoneFileStatus(OzoneManagerRequestHandler.java:934) ~[ozone-manager-1.4.0-SNAPSHOT.jar:?]
	at org.apache.hadoop.ozone.protocolPB.OzoneManagerRequestHandler.handleReadRequest(OzoneManagerRequestHandler.java:238) ~[ozone-manager-1.4.0-SNAPSHOT.jar:?]
	at org.apache.hadoop.ozone.protocolPB.OzoneManagerProtocolServerSideTranslatorPB.submitRequestDirectlyToOM(OzoneManagerProtocolServerSideTranslatorPB.java:272) ~[ozone-manager-1.4.0-SNAPSHOT.jar:?]
	at org.apache.hadoop.ozone.protocolPB.OzoneManagerProtocolServerSideTranslatorPB.processRequest(OzoneManagerProtocolServerSideTranslatorPB.java:173) ~[ozone-manager-1.4.0-SNAPSHOT.jar:?]
	at org.apache.hadoop.hdds.server.OzoneProtocolMessageDispatcher.processRequest(OzoneProtocolMessageDispatcher.java:87) [hdds-server-framework-1.4.0-SNAPSHOT.jar:?]
	at org.apache.hadoop.ozone.protocolPB.OzoneManagerProtocolServerSideTranslatorPB.submitRequest(OzoneManagerProtocolServerSideTranslatorPB.java:147) [ozone-manager-1.4.0-SNAPSHOT.jar:?]
	at org.apache.hadoop.ozone.protocol.proto.OzoneManagerProtocolProtos$OzoneManagerService$2.callBlockingMethod(OzoneManagerProtocolProtos.java) [ozone-interface-client-1.4.0-SNAPSHOT.jar:?]
	at org.apache.hadoop.ipc.ProtobufRpcEngine$Server.processCall(ProtobufRpcEngine.java:484) [hadoop-common-3.3.5.jar:?]
	at org.apache.hadoop.ipc.ProtobufRpcEngine2$Server$ProtoBufRpcInvoker.call(ProtobufRpcEngine2.java:595) [hadoop-common-3.3.5.jar:?]
	at org.apache.hadoop.ipc.ProtobufRpcEngine2$Server$ProtoBufRpcInvoker.call(ProtobufRpcEngine2.java:573) [hadoop-common-3.3.5.jar:?]
	at org.apache.hadoop.ipc.RPC$Server.call(RPC.java:1213) [hadoop-common-3.3.5.jar:?]
	at org.apache.hadoop.ipc.Server$RpcCall.run(Server.java:1089) [hadoop-common-3.3.5.jar:?]
	at org.apache.hadoop.ipc.Server$RpcCall.run(Server.java:1012) [hadoop-common-3.3.5.jar:?]
	at java.security.AccessController.doPrivileged(Native Method) ~[?:1.8.0_362]
	at javax.security.auth.Subject.doAs(Subject.java:422) [?:1.8.0_362]
	at org.apache.hadoop.security.UserGroupInformation.doAs(UserGroupInformation.java:1899) [hadoop-common-3.3.5.jar:?]
	at org.apache.hadoop.ipc.Server$Handler.run(Server.java:3026) [hadoop-common-3.3.5.jar:?]
11:24:44.220 [IPC Server handler 16 on default port 36969] ERROR OMAudit - user=runner | ip=127.0.0.1 | op=GET_FILE_STATUS {volume=volume23474, bucket=bucket17726, key=gdir1/dir4, dataSize=0, replicationConfig=null} | ret=FAILURE
org.apache.hadoop.ozone.om.exceptions.OMException: Unable to get file status: volume: volume23474 bucket: bucket17726 key: gdir1/dir4
	at org.apache.hadoop.ozone.om.KeyManagerImpl.getOzoneFileStatus(KeyManagerImpl.java:1200) ~[ozone-manager-1.4.0-SNAPSHOT.jar:?]
	at org.apache.hadoop.ozone.om.KeyManagerImpl.getFileStatus(KeyManagerImpl.java:1118) ~[ozone-manager-1.4.0-SNAPSHOT.jar:?]
	at org.apache.hadoop.ozone.om.OmMetadataReader.getFileStatus(OmMetadataReader.java:288) ~[ozone-manager-1.4.0-SNAPSHOT.jar:?]
	at org.apache.hadoop.ozone.om.OzoneManager.getFileStatus(OzoneManager.java:3491) ~[ozone-manager-1.4.0-SNAPSHOT.jar:?]
	at org.apache.hadoop.ozone.protocolPB.OzoneManagerRequestHandler.getOzoneFileStatus(OzoneManagerRequestHandler.java:934) ~[ozone-manager-1.4.0-SNAPSHOT.jar:?]
	at org.apache.hadoop.ozone.protocolPB.OzoneManagerRequestHandler.handleReadRequest(OzoneManagerRequestHandler.java:238) ~[ozone-manager-1.4.0-SNAPSHOT.jar:?]
	at org.apache.hadoop.ozone.protocolPB.OzoneManagerProtocolServerSideTranslatorPB.submitRequestDirectlyToOM(OzoneManagerProtocolServerSideTranslatorPB.java:272) ~[ozone-manager-1.4.0-SNAPSHOT.jar:?]
	at org.apache.hadoop.ozone.protocolPB.OzoneManagerProtocolServerSideTranslatorPB.processRequest(OzoneManagerProtocolServerSideTranslatorPB.java:173) ~[ozone-manager-1.4.0-SNAPSHOT.jar:?]
	at org.apache.hadoop.hdds.server.OzoneProtocolMessageDispatcher.processRequest(OzoneProtocolMessageDispatcher.java:87) [hdds-server-framework-1.4.0-SNAPSHOT.jar:?]
	at org.apache.hadoop.ozone.protocolPB.OzoneManagerProtocolServerSideTranslatorPB.submitRequest(OzoneManagerProtocolServerSideTranslatorPB.java:147) [ozone-manager-1.4.0-SNAPSHOT.jar:?]
	at org.apache.hadoop.ozone.protocol.proto.OzoneManagerProtocolProtos$OzoneManagerService$2.callBlockingMethod(OzoneManagerProtocolProtos.java) [ozone-interface-client-1.4.0-SNAPSHOT.jar:?]
	at org.apache.hadoop.ipc.ProtobufRpcEngine$Server.processCall(ProtobufRpcEngine.java:484) [hadoop-common-3.3.5.jar:?]
	at org.apache.hadoop.ipc.ProtobufRpcEngine2$Server$ProtoBufRpcInvoker.call(ProtobufRpcEngine2.java:595) [hadoop-common-3.3.5.jar:?]
	at org.apache.hadoop.ipc.ProtobufRpcEngine2$Server$ProtoBufRpcInvoker.call(ProtobufRpcEngine2.java:573) [hadoop-common-3.3.5.jar:?]
	at org.apache.hadoop.ipc.RPC$Server.call(RPC.java:1213) [hadoop-common-3.3.5.jar:?]
	at org.apache.hadoop.ipc.Server$RpcCall.run(Server.java:1089) [hadoop-common-3.3.5.jar:?]
	at org.apache.hadoop.ipc.Server$RpcCall.run(Server.java:1012) [hadoop-common-3.3.5.jar:?]
	at java.security.AccessController.doPrivileged(Native Method) ~[?:1.8.0_362]
	at javax.security.auth.Subject.doAs(Subject.java:422) [?:1.8.0_362]
	at org.apache.hadoop.security.UserGroupInformation.doAs(UserGroupInformation.java:1899) [hadoop-common-3.3.5.jar:?]
	at org.apache.hadoop.ipc.Server$Handler.run(Server.java:3026) [hadoop-common-3.3.5.jar:?]
11:24:44.221 [IPC Server handler 12 on default port 36969] ERROR OMAudit - user=runner | ip=127.0.0.1 | op=GET_FILE_STATUS {volume=volume23474, bucket=bucket17726, key=gdir1/dir4/child, dataSize=0, replicationConfig=null} | ret=FAILURE
org.apache.hadoop.ozone.om.exceptions.OMException: Unable to get file status: volume: volume23474 bucket: bucket17726 key: gdir1/dir4/child
	at org.apache.hadoop.ozone.om.KeyManagerImpl.getOzoneFileStatus(KeyManagerImpl.java:1200) ~[ozone-manager-1.4.0-SNAPSHOT.jar:?]
	at org.apache.hadoop.ozone.om.KeyManagerImpl.getFileStatus(KeyManagerImpl.java:1118) ~[ozone-manager-1.4.0-SNAPSHOT.jar:?]
	at org.apache.hadoop.ozone.om.OmMetadataReader.getFileStatus(OmMetadataReader.java:288) ~[ozone-manager-1.4.0-SNAPSHOT.jar:?]
	at org.apache.hadoop.ozone.om.OzoneManager.getFileStatus(OzoneManager.java:3491) ~[ozone-manager-1.4.0-SNAPSHOT.jar:?]
	at org.apache.hadoop.ozone.protocolPB.OzoneManagerRequestHandler.getOzoneFileStatus(OzoneManagerRequestHandler.java:934) ~[ozone-manager-1.4.0-SNAPSHOT.jar:?]
	at org.apache.hadoop.ozone.protocolPB.OzoneManagerRequestHandler.handleReadRequest(OzoneManagerRequestHandler.java:238) ~[ozone-manager-1.4.0-SNAPSHOT.jar:?]
	at org.apache.hadoop.ozone.protocolPB.OzoneManagerProtocolServerSideTranslatorPB.submitRequestDirectlyToOM(OzoneManagerProtocolServerSideTranslatorPB.java:272) ~[ozone-manager-1.4.0-SNAPSHOT.jar:?]
	at org.apache.hadoop.ozone.protocolPB.OzoneManagerProtocolServerSideTranslatorPB.processRequest(OzoneManagerProtocolServerSideTranslatorPB.java:173) ~[ozone-manager-1.4.0-SNAPSHOT.jar:?]
	at org.apache.hadoop.hdds.server.OzoneProtocolMessageDispatcher.processRequest(OzoneProtocolMessageDispatcher.java:87) [hdds-server-framework-1.4.0-SNAPSHOT.jar:?]
	at org.apache.hadoop.ozone.protocolPB.OzoneManagerProtocolServerSideTranslatorPB.submitRequest(OzoneManagerProtocolServerSideTranslatorPB.java:147) [ozone-manager-1.4.0-SNAPSHOT.jar:?]
	at org.apache.hadoop.ozone.protocol.proto.OzoneManagerProtocolProtos$OzoneManagerService$2.callBlockingMethod(OzoneManagerProtocolProtos.java) [ozone-interface-client-1.4.0-SNAPSHOT.jar:?]
	at org.apache.hadoop.ipc.ProtobufRpcEngine$Server.processCall(ProtobufRpcEngine.java:484) [hadoop-common-3.3.5.jar:?]
	at org.apache.hadoop.ipc.ProtobufRpcEngine2$Server$ProtoBufRpcInvoker.call(ProtobufRpcEngine2.java:595) [hadoop-common-3.3.5.jar:?]
	at org.apache.hadoop.ipc.ProtobufRpcEngine2$Server$ProtoBufRpcInvoker.call(ProtobufRpcEngine2.java:573) [hadoop-common-3.3.5.jar:?]
	at org.apache.hadoop.ipc.RPC$Server.call(RPC.java:1213) [hadoop-common-3.3.5.jar:?]
	at org.apache.hadoop.ipc.Server$RpcCall.run(Server.java:1089) [hadoop-common-3.3.5.jar:?]
	at org.apache.hadoop.ipc.Server$RpcCall.run(Server.java:1012) [hadoop-common-3.3.5.jar:?]
	at java.security.AccessController.doPrivileged(Native Method) ~[?:1.8.0_362]
	at javax.security.auth.Subject.doAs(Subject.java:422) [?:1.8.0_362]
	at org.apache.hadoop.security.UserGroupInformation.doAs(UserGroupInformation.java:1899) [hadoop-common-3.3.5.jar:?]
	at org.apache.hadoop.ipc.Server$Handler.run(Server.java:3026) [hadoop-common-3.3.5.jar:?]
11:24:44.222 [IPC Server handler 19 on default port 36969] ERROR OMAudit - user=runner | ip=127.0.0.1 | op=GET_FILE_STATUS {volume=volume23474, bucket=bucket17726, key=gdir1/dir5, dataSize=0, replicationConfig=null} | ret=FAILURE
org.apache.hadoop.ozone.om.exceptions.OMException: Unable to get file status: volume: volume23474 bucket: bucket17726 key: gdir1/dir5
	at org.apache.hadoop.ozone.om.KeyManagerImpl.getOzoneFileStatus(KeyManagerImpl.java:1200) ~[ozone-manager-1.4.0-SNAPSHOT.jar:?]
	at org.apache.hadoop.ozone.om.KeyManagerImpl.getFileStatus(KeyManagerImpl.java:1118) ~[ozone-manager-1.4.0-SNAPSHOT.jar:?]
	at org.apache.hadoop.ozone.om.OmMetadataReader.getFileStatus(OmMetadataReader.java:288) ~[ozone-manager-1.4.0-SNAPSHOT.jar:?]
	at org.apache.hadoop.ozone.om.OzoneManager.getFileStatus(OzoneManager.java:3491) ~[ozone-manager-1.4.0-SNAPSHOT.jar:?]
	at org.apache.hadoop.ozone.protocolPB.OzoneManagerRequestHandler.getOzoneFileStatus(OzoneManagerRequestHandler.java:934) ~[ozone-manager-1.4.0-SNAPSHOT.jar:?]
	at org.apache.hadoop.ozone.protocolPB.OzoneManagerRequestHandler.handleReadRequest(OzoneManagerRequestHandler.java:238) ~[ozone-manager-1.4.0-SNAPSHOT.jar:?]
	at org.apache.hadoop.ozone.protocolPB.OzoneManagerProtocolServerSideTranslatorPB.submitRequestDirectlyToOM(OzoneManagerProtocolServerSideTranslatorPB.java:272) ~[ozone-manager-1.4.0-SNAPSHOT.jar:?]
	at org.apache.hadoop.ozone.protocolPB.OzoneManagerProtocolServerSideTranslatorPB.processRequest(OzoneManagerProtocolServerSideTranslatorPB.java:173) ~[ozone-manager-1.4.0-SNAPSHOT.jar:?]
	at org.apache.hadoop.hdds.server.OzoneProtocolMessageDispatcher.processRequest(OzoneProtocolMessageDispatcher.java:87) [hdds-server-framework-1.4.0-SNAPSHOT.jar:?]
	at org.apache.hadoop.ozone.protocolPB.OzoneManagerProtocolServerSideTranslatorPB.submitRequest(OzoneManagerProtocolServerSideTranslatorPB.java:147) [ozone-manager-1.4.0-SNAPSHOT.jar:?]
	at org.apache.hadoop.ozone.protocol.proto.OzoneManagerProtocolProtos$OzoneManagerService$2.callBlockingMethod(OzoneManagerProtocolProtos.java) [ozone-interface-client-1.4.0-SNAPSHOT.jar:?]
	at org.apache.hadoop.ipc.ProtobufRpcEngine$Server.processCall(ProtobufRpcEngine.java:484) [hadoop-common-3.3.5.jar:?]
	at org.apache.hadoop.ipc.ProtobufRpcEngine2$Server$ProtoBufRpcInvoker.call(ProtobufRpcEngine2.java:595) [hadoop-common-3.3.5.jar:?]
	at org.apache.hadoop.ipc.ProtobufRpcEngine2$Server$ProtoBufRpcInvoker.call(ProtobufRpcEngine2.java:573) [hadoop-common-3.3.5.jar:?]
	at org.apache.hadoop.ipc.RPC$Server.call(RPC.java:1213) [hadoop-common-3.3.5.jar:?]
	at org.apache.hadoop.ipc.Server$RpcCall.run(Server.java:1089) [hadoop-common-3.3.5.jar:?]
	at org.apache.hadoop.ipc.Server$RpcCall.run(Server.java:1012) [hadoop-common-3.3.5.jar:?]
	at java.security.AccessController.doPrivileged(Native Method) ~[?:1.8.0_362]
	at javax.security.auth.Subject.doAs(Subject.java:422) [?:1.8.0_362]
	at org.apache.hadoop.security.UserGroupInformation.doAs(UserGroupInformation.java:1899) [hadoop-common-3.3.5.jar:?]
	at org.apache.hadoop.ipc.Server$Handler.run(Server.java:3026) [hadoop-common-3.3.5.jar:?]
11:24:44.222 [IPC Server handler 14 on default port 36969] ERROR OMAudit - user=runner | ip=127.0.0.1 | op=GET_FILE_STATUS {volume=volume23474, bucket=bucket17726, key=gdir1/dir5/child, dataSize=0, replicationConfig=null} | ret=FAILURE
org.apache.hadoop.ozone.om.exceptions.OMException: Unable to get file status: volume: volume23474 bucket: bucket17726 key: gdir1/dir5/child
	at org.apache.hadoop.ozone.om.KeyManagerImpl.getOzoneFileStatus(KeyManagerImpl.java:1200) ~[ozone-manager-1.4.0-SNAPSHOT.jar:?]
	at org.apache.hadoop.ozone.om.KeyManagerImpl.getFileStatus(KeyManagerImpl.java:1118) ~[ozone-manager-1.4.0-SNAPSHOT.jar:?]
	at org.apache.hadoop.ozone.om.OmMetadataReader.getFileStatus(OmMetadataReader.java:288) ~[ozone-manager-1.4.0-SNAPSHOT.jar:?]
	at org.apache.hadoop.ozone.om.OzoneManager.getFileStatus(OzoneManager.java:3491) ~[ozone-manager-1.4.0-SNAPSHOT.jar:?]
	at org.apache.hadoop.ozone.protocolPB.OzoneManagerRequestHandler.getOzoneFileStatus(OzoneManagerRequestHandler.java:934) ~[ozone-manager-1.4.0-SNAPSHOT.jar:?]
	at org.apache.hadoop.ozone.protocolPB.OzoneManagerRequestHandler.handleReadRequest(OzoneManagerRequestHandler.java:238) ~[ozone-manager-1.4.0-SNAPSHOT.jar:?]
	at org.apache.hadoop.ozone.protocolPB.OzoneManagerProtocolServerSideTranslatorPB.submitRequestDirectlyToOM(OzoneManagerProtocolServerSideTranslatorPB.java:272) ~[ozone-manager-1.4.0-SNAPSHOT.jar:?]
	at org.apache.hadoop.ozone.protocolPB.OzoneManagerProtocolServerSideTranslatorPB.processRequest(OzoneManagerProtocolServerSideTranslatorPB.java:173) ~[ozone-manager-1.4.0-SNAPSHOT.jar:?]
	at org.apache.hadoop.hdds.server.OzoneProtocolMessageDispatcher.processRequest(OzoneProtocolMessageDispatcher.java:87) [hdds-server-framework-1.4.0-SNAPSHOT.jar:?]
	at org.apache.hadoop.ozone.protocolPB.OzoneManagerProtocolServerSideTranslatorPB.submitRequest(OzoneManagerProtocolServerSideTranslatorPB.java:147) [ozone-manager-1.4.0-SNAPSHOT.jar:?]
	at org.apache.hadoop.ozone.protocol.proto.OzoneManagerProtocolProtos$OzoneManagerService$2.callBlockingMethod(OzoneManagerProtocolProtos.java) [ozone-interface-client-1.4.0-SNAPSHOT.jar:?]
	at org.apache.hadoop.ipc.ProtobufRpcEngine$Server.processCall(ProtobufRpcEngine.java:484) [hadoop-common-3.3.5.jar:?]
	at org.apache.hadoop.ipc.ProtobufRpcEngine2$Server$ProtoBufRpcInvoker.call(ProtobufRpcEngine2.java:595) [hadoop-common-3.3.5.jar:?]
	at org.apache.hadoop.ipc.ProtobufRpcEngine2$Server$ProtoBufRpcInvoker.call(ProtobufRpcEngine2.java:573) [hadoop-common-3.3.5.jar:?]
	at org.apache.hadoop.ipc.RPC$Server.call(RPC.java:1213) [hadoop-common-3.3.5.jar:?]
	at org.apache.hadoop.ipc.Server$RpcCall.run(Server.java:1089) [hadoop-common-3.3.5.jar:?]
	at org.apache.hadoop.ipc.Server$RpcCall.run(Server.java:1012) [hadoop-common-3.3.5.jar:?]
	at java.security.AccessController.doPrivileged(Native Method) ~[?:1.8.0_362]
	at javax.security.auth.Subject.doAs(Subject.java:422) [?:1.8.0_362]
	at org.apache.hadoop.security.UserGroupInformation.doAs(UserGroupInformation.java:1899) [hadoop-common-3.3.5.jar:?]
	at org.apache.hadoop.ipc.Server$Handler.run(Server.java:3026) [hadoop-common-3.3.5.jar:?]
11:24:44.223 [IPC Server handler 13 on default port 36969] ERROR OMAudit - user=runner | ip=127.0.0.1 | op=GET_FILE_STATUS {volume=volume23474, bucket=bucket17726, key=gdir1/dir6, dataSize=0, replicationConfig=null} | ret=FAILURE
org.apache.hadoop.ozone.om.exceptions.OMException: Unable to get file status: volume: volume23474 bucket: bucket17726 key: gdir1/dir6
	at org.apache.hadoop.ozone.om.KeyManagerImpl.getOzoneFileStatus(KeyManagerImpl.java:1200) ~[ozone-manager-1.4.0-SNAPSHOT.jar:?]
	at org.apache.hadoop.ozone.om.KeyManagerImpl.getFileStatus(KeyManagerImpl.java:1118) ~[ozone-manager-1.4.0-SNAPSHOT.jar:?]
	at org.apache.hadoop.ozone.om.OmMetadataReader.getFileStatus(OmMetadataReader.java:288) ~[ozone-manager-1.4.0-SNAPSHOT.jar:?]
	at org.apache.hadoop.ozone.om.OzoneManager.getFileStatus(OzoneManager.java:3491) ~[ozone-manager-1.4.0-SNAPSHOT.jar:?]
	at org.apache.hadoop.ozone.protocolPB.OzoneManagerRequestHandler.getOzoneFileStatus(OzoneManagerRequestHandler.java:934) ~[ozone-manager-1.4.0-SNAPSHOT.jar:?]
	at org.apache.hadoop.ozone.protocolPB.OzoneManagerRequestHandler.handleReadRequest(OzoneManagerRequestHandler.java:238) ~[ozone-manager-1.4.0-SNAPSHOT.jar:?]
	at org.apache.hadoop.ozone.protocolPB.OzoneManagerProtocolServerSideTranslatorPB.submitRequestDirectlyToOM(OzoneManagerProtocolServerSideTranslatorPB.java:272) ~[ozone-manager-1.4.0-SNAPSHOT.jar:?]
	at org.apache.hadoop.ozone.protocolPB.OzoneManagerProtocolServerSideTranslatorPB.processRequest(OzoneManagerProtocolServerSideTranslatorPB.java:173) ~[ozone-manager-1.4.0-SNAPSHOT.jar:?]
	at org.apache.hadoop.hdds.server.OzoneProtocolMessageDispatcher.processRequest(OzoneProtocolMessageDispatcher.java:87) [hdds-server-framework-1.4.0-SNAPSHOT.jar:?]
	at org.apache.hadoop.ozone.protocolPB.OzoneManagerProtocolServerSideTranslatorPB.submitRequest(OzoneManagerProtocolServerSideTranslatorPB.java:147) [ozone-manager-1.4.0-SNAPSHOT.jar:?]
	at org.apache.hadoop.ozone.protocol.proto.OzoneManagerProtocolProtos$OzoneManagerService$2.callBlockingMethod(OzoneManagerProtocolProtos.java) [ozone-interface-client-1.4.0-SNAPSHOT.jar:?]
	at org.apache.hadoop.ipc.ProtobufRpcEngine$Server.processCall(ProtobufRpcEngine.java:484) [hadoop-common-3.3.5.jar:?]
	at org.apache.hadoop.ipc.ProtobufRpcEngine2$Server$ProtoBufRpcInvoker.call(ProtobufRpcEngine2.java:595) [hadoop-common-3.3.5.jar:?]
	at org.apache.hadoop.ipc.ProtobufRpcEngine2$Server$ProtoBufRpcInvoker.call(ProtobufRpcEngine2.java:573) [hadoop-common-3.3.5.jar:?]
	at org.apache.hadoop.ipc.RPC$Server.call(RPC.java:1213) [hadoop-common-3.3.5.jar:?]
	at org.apache.hadoop.ipc.Server$RpcCall.run(Server.java:1089) [hadoop-common-3.3.5.jar:?]
	at org.apache.hadoop.ipc.Server$RpcCall.run(Server.java:1012) [hadoop-common-3.3.5.jar:?]
	at java.security.AccessController.doPrivileged(Native Method) ~[?:1.8.0_362]
	at javax.security.auth.Subject.doAs(Subject.java:422) [?:1.8.0_362]
	at org.apache.hadoop.security.UserGroupInformation.doAs(UserGroupInformation.java:1899) [hadoop-common-3.3.5.jar:?]
	at org.apache.hadoop.ipc.Server$Handler.run(Server.java:3026) [hadoop-common-3.3.5.jar:?]
11:24:44.224 [IPC Server handler 11 on default port 36969] ERROR OMAudit - user=runner | ip=127.0.0.1 | op=GET_FILE_STATUS {volume=volume23474, bucket=bucket17726, key=gdir1/dir6/child, dataSize=0, replicationConfig=null} | ret=FAILURE
org.apache.hadoop.ozone.om.exceptions.OMException: Unable to get file status: volume: volume23474 bucket: bucket17726 key: gdir1/dir6/child
	at org.apache.hadoop.ozone.om.KeyManagerImpl.getOzoneFileStatus(KeyManagerImpl.java:1200) ~[ozone-manager-1.4.0-SNAPSHOT.jar:?]
	at org.apache.hadoop.ozone.om.KeyManagerImpl.getFileStatus(KeyManagerImpl.java:1118) ~[ozone-manager-1.4.0-SNAPSHOT.jar:?]
	at org.apache.hadoop.ozone.om.OmMetadataReader.getFileStatus(OmMetadataReader.java:288) ~[ozone-manager-1.4.0-SNAPSHOT.jar:?]
	at org.apache.hadoop.ozone.om.OzoneManager.getFileStatus(OzoneManager.java:3491) ~[ozone-manager-1.4.0-SNAPSHOT.jar:?]
	at org.apache.hadoop.ozone.protocolPB.OzoneManagerRequestHandler.getOzoneFileStatus(OzoneManagerRequestHandler.java:934) ~[ozone-manager-1.4.0-SNAPSHOT.jar:?]
	at org.apache.hadoop.ozone.protocolPB.OzoneManagerRequestHandler.handleReadRequest(OzoneManagerRequestHandler.java:238) ~[ozone-manager-1.4.0-SNAPSHOT.jar:?]
	at org.apache.hadoop.ozone.protocolPB.OzoneManagerProtocolServerSideTranslatorPB.submitRequestDirectlyToOM(OzoneManagerProtocolServerSideTranslatorPB.java:272) ~[ozone-manager-1.4.0-SNAPSHOT.jar:?]
	at org.apache.hadoop.ozone.protocolPB.OzoneManagerProtocolServerSideTranslatorPB.processRequest(OzoneManagerProtocolServerSideTranslatorPB.java:173) ~[ozone-manager-1.4.0-SNAPSHOT.jar:?]
	at org.apache.hadoop.hdds.server.OzoneProtocolMessageDispatcher.processRequest(OzoneProtocolMessageDispatcher.java:87) [hdds-server-framework-1.4.0-SNAPSHOT.jar:?]
	at org.apache.hadoop.ozone.protocolPB.OzoneManagerProtocolServerSideTranslatorPB.submitRequest(OzoneManagerProtocolServerSideTranslatorPB.java:147) [ozone-manager-1.4.0-SNAPSHOT.jar:?]
	at org.apache.hadoop.ozone.protocol.proto.OzoneManagerProtocolProtos$OzoneManagerService$2.callBlockingMethod(OzoneManagerProtocolProtos.java) [ozone-interface-client-1.4.0-SNAPSHOT.jar:?]
	at org.apache.hadoop.ipc.ProtobufRpcEngine$Server.processCall(ProtobufRpcEngine.java:484) [hadoop-common-3.3.5.jar:?]
	at org.apache.hadoop.ipc.ProtobufRpcEngine2$Server$ProtoBufRpcInvoker.call(ProtobufRpcEngine2.java:595) [hadoop-common-3.3.5.jar:?]
	at org.apache.hadoop.ipc.ProtobufRpcEngine2$Server$ProtoBufRpcInvoker.call(ProtobufRpcEngine2.java:573) [hadoop-common-3.3.5.jar:?]
	at org.apache.hadoop.ipc.RPC$Server.call(RPC.java:1213) [hadoop-common-3.3.5.jar:?]
	at org.apache.hadoop.ipc.Server$RpcCall.run(Server.java:1089) [hadoop-common-3.3.5.jar:?]
	at org.apache.hadoop.ipc.Server$RpcCall.run(Server.java:1012) [hadoop-common-3.3.5.jar:?]
	at java.security.AccessController.doPrivileged(Native Method) ~[?:1.8.0_362]
	at javax.security.auth.Subject.doAs(Subject.java:422) [?:1.8.0_362]
	at org.apache.hadoop.security.UserGroupInformation.doAs(UserGroupInformation.java:1899) [hadoop-common-3.3.5.jar:?]
	at org.apache.hadoop.ipc.Server$Handler.run(Server.java:3026) [hadoop-common-3.3.5.jar:?]
11:24:44.226 [IPC Server handler 17 on default port 36969] ERROR OMAudit - user=runner | ip=127.0.0.1 | op=GET_FILE_STATUS {volume=volume23474, bucket=bucket17726, key=gdir1/dir7, dataSize=0, replicationConfig=null} | ret=FAILURE
org.apache.hadoop.ozone.om.exceptions.OMException: Unable to get file status: volume: volume23474 bucket: bucket17726 key: gdir1/dir7
	at org.apache.hadoop.ozone.om.KeyManagerImpl.getOzoneFileStatus(KeyManagerImpl.java:1200) ~[ozone-manager-1.4.0-SNAPSHOT.jar:?]
	at org.apache.hadoop.ozone.om.KeyManagerImpl.getFileStatus(KeyManagerImpl.java:1118) ~[ozone-manager-1.4.0-SNAPSHOT.jar:?]
	at org.apache.hadoop.ozone.om.OmMetadataReader.getFileStatus(OmMetadataReader.java:288) ~[ozone-manager-1.4.0-SNAPSHOT.jar:?]
	at org.apache.hadoop.ozone.om.OzoneManager.getFileStatus(OzoneManager.java:3491) ~[ozone-manager-1.4.0-SNAPSHOT.jar:?]
	at org.apache.hadoop.ozone.protocolPB.OzoneManagerRequestHandler.getOzoneFileStatus(OzoneManagerRequestHandler.java:934) ~[ozone-manager-1.4.0-SNAPSHOT.jar:?]
	at org.apache.hadoop.ozone.protocolPB.OzoneManagerRequestHandler.handleReadRequest(OzoneManagerRequestHandler.java:238) ~[ozone-manager-1.4.0-SNAPSHOT.jar:?]
	at org.apache.hadoop.ozone.protocolPB.OzoneManagerProtocolServerSideTranslatorPB.submitRequestDirectlyToOM(OzoneManagerProtocolServerSideTranslatorPB.java:272) ~[ozone-manager-1.4.0-SNAPSHOT.jar:?]
	at org.apache.hadoop.ozone.protocolPB.OzoneManagerProtocolServerSideTranslatorPB.processRequest(OzoneManagerProtocolServerSideTranslatorPB.java:173) ~[ozone-manager-1.4.0-SNAPSHOT.jar:?]
	at org.apache.hadoop.hdds.server.OzoneProtocolMessageDispatcher.processRequest(OzoneProtocolMessageDispatcher.java:87) [hdds-server-framework-1.4.0-SNAPSHOT.jar:?]
	at org.apache.hadoop.ozone.protocolPB.OzoneManagerProtocolServerSideTranslatorPB.submitRequest(OzoneManagerProtocolServerSideTranslatorPB.java:147) [ozone-manager-1.4.0-SNAPSHOT.jar:?]
	at org.apache.hadoop.ozone.protocol.proto.OzoneManagerProtocolProtos$OzoneManagerService$2.callBlockingMethod(OzoneManagerProtocolProtos.java) [ozone-interface-client-1.4.0-SNAPSHOT.jar:?]
	at org.apache.hadoop.ipc.ProtobufRpcEngine$Server.processCall(ProtobufRpcEngine.java:484) [hadoop-common-3.3.5.jar:?]
	at org.apache.hadoop.ipc.ProtobufRpcEngine2$Server$ProtoBufRpcInvoker.call(ProtobufRpcEngine2.java:595) [hadoop-common-3.3.5.jar:?]
	at org.apache.hadoop.ipc.ProtobufRpcEngine2$Server$ProtoBufRpcInvoker.call(ProtobufRpcEngine2.java:573) [hadoop-common-3.3.5.jar:?]
	at org.apache.hadoop.ipc.RPC$Server.call(RPC.java:1213) [hadoop-common-3.3.5.jar:?]
	at org.apache.hadoop.ipc.Server$RpcCall.run(Server.java:1089) [hadoop-common-3.3.5.jar:?]
	at org.apache.hadoop.ipc.Server$RpcCall.run(Server.java:1012) [hadoop-common-3.3.5.jar:?]
	at java.security.AccessController.doPrivileged(Native Method) ~[?:1.8.0_362]
	at javax.security.auth.Subject.doAs(Subject.java:422) [?:1.8.0_362]
	at org.apache.hadoop.security.UserGroupInformation.doAs(UserGroupInformation.java:1899) [hadoop-common-3.3.5.jar:?]
	at org.apache.hadoop.ipc.Server$Handler.run(Server.java:3026) [hadoop-common-3.3.5.jar:?]
11:24:44.227 [IPC Server handler 1 on default port 36969] ERROR OMAudit - user=runner | ip=127.0.0.1 | op=GET_FILE_STATUS {volume=volume23474, bucket=bucket17726, key=gdir1/dir7/child, dataSize=0, replicationConfig=null} | ret=FAILURE
org.apache.hadoop.ozone.om.exceptions.OMException: Unable to get file status: volume: volume23474 bucket: bucket17726 key: gdir1/dir7/child
	at org.apache.hadoop.ozone.om.KeyManagerImpl.getOzoneFileStatus(KeyManagerImpl.java:1200) ~[ozone-manager-1.4.0-SNAPSHOT.jar:?]
	at org.apache.hadoop.ozone.om.KeyManagerImpl.getFileStatus(KeyManagerImpl.java:1118) ~[ozone-manager-1.4.0-SNAPSHOT.jar:?]
	at org.apache.hadoop.ozone.om.OmMetadataReader.getFileStatus(OmMetadataReader.java:288) ~[ozone-manager-1.4.0-SNAPSHOT.jar:?]
	at org.apache.hadoop.ozone.om.OzoneManager.getFileStatus(OzoneManager.java:3491) ~[ozone-manager-1.4.0-SNAPSHOT.jar:?]
	at org.apache.hadoop.ozone.protocolPB.OzoneManagerRequestHandler.getOzoneFileStatus(OzoneManagerRequestHandler.java:934) ~[ozone-manager-1.4.0-SNAPSHOT.jar:?]
	at org.apache.hadoop.ozone.protocolPB.OzoneManagerRequestHandler.handleReadRequest(OzoneManagerRequestHandler.java:238) ~[ozone-manager-1.4.0-SNAPSHOT.jar:?]
	at org.apache.hadoop.ozone.protocolPB.OzoneManagerProtocolServerSideTranslatorPB.submitRequestDirectlyToOM(OzoneManagerProtocolServerSideTranslatorPB.java:272) ~[ozone-manager-1.4.0-SNAPSHOT.jar:?]
	at org.apache.hadoop.ozone.protocolPB.OzoneManagerProtocolServerSideTranslatorPB.processRequest(OzoneManagerProtocolServerSideTranslatorPB.java:173) ~[ozone-manager-1.4.0-SNAPSHOT.jar:?]
	at org.apache.hadoop.hdds.server.OzoneProtocolMessageDispatcher.processRequest(OzoneProtocolMessageDispatcher.java:87) [hdds-server-framework-1.4.0-SNAPSHOT.jar:?]
	at org.apache.hadoop.ozone.protocolPB.OzoneManagerProtocolServerSideTranslatorPB.submitRequest(OzoneManagerProtocolServerSideTranslatorPB.java:147) [ozone-manager-1.4.0-SNAPSHOT.jar:?]
	at org.apache.hadoop.ozone.protocol.proto.OzoneManagerProtocolProtos$OzoneManagerService$2.callBlockingMethod(OzoneManagerProtocolProtos.java) [ozone-interface-client-1.4.0-SNAPSHOT.jar:?]
	at org.apache.hadoop.ipc.ProtobufRpcEngine$Server.processCall(ProtobufRpcEngine.java:484) [hadoop-common-3.3.5.jar:?]
	at org.apache.hadoop.ipc.ProtobufRpcEngine2$Server$ProtoBufRpcInvoker.call(ProtobufRpcEngine2.java:595) [hadoop-common-3.3.5.jar:?]
	at org.apache.hadoop.ipc.ProtobufRpcEngine2$Server$ProtoBufRpcInvoker.call(ProtobufRpcEngine2.java:573) [hadoop-common-3.3.5.jar:?]
	at org.apache.hadoop.ipc.RPC$Server.call(RPC.java:1213) [hadoop-common-3.3.5.jar:?]
	at org.apache.hadoop.ipc.Server$RpcCall.run(Server.java:1089) [hadoop-common-3.3.5.jar:?]
	at org.apache.hadoop.ipc.Server$RpcCall.run(Server.java:1012) [hadoop-common-3.3.5.jar:?]
	at java.security.AccessController.doPrivileged(Native Method) ~[?:1.8.0_362]
	at javax.security.auth.Subject.doAs(Subject.java:422) [?:1.8.0_362]
	at org.apache.hadoop.security.UserGroupInformation.doAs(UserGroupInformation.java:1899) [hadoop-common-3.3.5.jar:?]
	at org.apache.hadoop.ipc.Server$Handler.run(Server.java:3026) [hadoop-common-3.3.5.jar:?]
11:24:44.232 [IPC Server handler 0 on default port 36969] ERROR OMAudit - user=runner | ip=127.0.0.1 | op=GET_FILE_STATUS {volume=volume23474, bucket=bucket17726, key=gdir1/dir8, dataSize=0, replicationConfig=null} | ret=FAILURE
org.apache.hadoop.ozone.om.exceptions.OMException: Unable to get file status: volume: volume23474 bucket: bucket17726 key: gdir1/dir8
	at org.apache.hadoop.ozone.om.KeyManagerImpl.getOzoneFileStatus(KeyManagerImpl.java:1200) ~[ozone-manager-1.4.0-SNAPSHOT.jar:?]
	at org.apache.hadoop.ozone.om.KeyManagerImpl.getFileStatus(KeyManagerImpl.java:1118) ~[ozone-manager-1.4.0-SNAPSHOT.jar:?]
	at org.apache.hadoop.ozone.om.OmMetadataReader.getFileStatus(OmMetadataReader.java:288) ~[ozone-manager-1.4.0-SNAPSHOT.jar:?]
	at org.apache.hadoop.ozone.om.OzoneManager.getFileStatus(OzoneManager.java:3491) ~[ozone-manager-1.4.0-SNAPSHOT.jar:?]
	at org.apache.hadoop.ozone.protocolPB.OzoneManagerRequestHandler.getOzoneFileStatus(OzoneManagerRequestHandler.java:934) ~[ozone-manager-1.4.0-SNAPSHOT.jar:?]
	at org.apache.hadoop.ozone.protocolPB.OzoneManagerRequestHandler.handleReadRequest(OzoneManagerRequestHandler.java:238) ~[ozone-manager-1.4.0-SNAPSHOT.jar:?]
	at org.apache.hadoop.ozone.protocolPB.OzoneManagerProtocolServerSideTranslatorPB.submitRequestDirectlyToOM(OzoneManagerProtocolServerSideTranslatorPB.java:272) ~[ozone-manager-1.4.0-SNAPSHOT.jar:?]
	at org.apache.hadoop.ozone.protocolPB.OzoneManagerProtocolServerSideTranslatorPB.processRequest(OzoneManagerProtocolServerSideTranslatorPB.java:173) ~[ozone-manager-1.4.0-SNAPSHOT.jar:?]
	at org.apache.hadoop.hdds.server.OzoneProtocolMessageDispatcher.processRequest(OzoneProtocolMessageDispatcher.java:87) [hdds-server-framework-1.4.0-SNAPSHOT.jar:?]
	at org.apache.hadoop.ozone.protocolPB.OzoneManagerProtocolServerSideTranslatorPB.submitRequest(OzoneManagerProtocolServerSideTranslatorPB.java:147) [ozone-manager-1.4.0-SNAPSHOT.jar:?]
	at org.apache.hadoop.ozone.protocol.proto.OzoneManagerProtocolProtos$OzoneManagerService$2.callBlockingMethod(OzoneManagerProtocolProtos.java) [ozone-interface-client-1.4.0-SNAPSHOT.jar:?]
	at org.apache.hadoop.ipc.ProtobufRpcEngine$Server.processCall(ProtobufRpcEngine.java:484) [hadoop-common-3.3.5.jar:?]
	at org.apache.hadoop.ipc.ProtobufRpcEngine2$Server$ProtoBufRpcInvoker.call(ProtobufRpcEngine2.java:595) [hadoop-common-3.3.5.jar:?]
	at org.apache.hadoop.ipc.ProtobufRpcEngine2$Server$ProtoBufRpcInvoker.call(ProtobufRpcEngine2.java:573) [hadoop-common-3.3.5.jar:?]
	at org.apache.hadoop.ipc.RPC$Server.call(RPC.java:1213) [hadoop-common-3.3.5.jar:?]
	at org.apache.hadoop.ipc.Server$RpcCall.run(Server.java:1089) [hadoop-common-3.3.5.jar:?]
	at org.apache.hadoop.ipc.Server$RpcCall.run(Server.java:1012) [hadoop-common-3.3.5.jar:?]
	at java.security.AccessController.doPrivileged(Native Method) ~[?:1.8.0_362]
	at javax.security.auth.Subject.doAs(Subject.java:422) [?:1.8.0_362]
	at org.apache.hadoop.security.UserGroupInformation.doAs(UserGroupInformation.java:1899) [hadoop-common-3.3.5.jar:?]
	at org.apache.hadoop.ipc.Server$Handler.run(Server.java:3026) [hadoop-common-3.3.5.jar:?]
11:24:44.237 [IPC Server handler 2 on default port 36969] ERROR OMAudit - user=runner | ip=127.0.0.1 | op=GET_FILE_STATUS {volume=volume23474, bucket=bucket17726, key=gdir1/dir8/child, dataSize=0, replicationConfig=null} | ret=FAILURE
org.apache.hadoop.ozone.om.exceptions.OMException: Unable to get file status: volume: volume23474 bucket: bucket17726 key: gdir1/dir8/child
	at org.apache.hadoop.ozone.om.KeyManagerImpl.getOzoneFileStatus(KeyManagerImpl.java:1200) ~[ozone-manager-1.4.0-SNAPSHOT.jar:?]
	at org.apache.hadoop.ozone.om.KeyManagerImpl.getFileStatus(KeyManagerImpl.java:1118) ~[ozone-manager-1.4.0-SNAPSHOT.jar:?]
	at org.apache.hadoop.ozone.om.OmMetadataReader.getFileStatus(OmMetadataReader.java:288) ~[ozone-manager-1.4.0-SNAPSHOT.jar:?]
	at org.apache.hadoop.ozone.om.OzoneManager.getFileStatus(OzoneManager.java:3491) ~[ozone-manager-1.4.0-SNAPSHOT.jar:?]
	at org.apache.hadoop.ozone.protocolPB.OzoneManagerRequestHandler.getOzoneFileStatus(OzoneManagerRequestHandler.java:934) ~[ozone-manager-1.4.0-SNAPSHOT.jar:?]
	at org.apache.hadoop.ozone.protocolPB.OzoneManagerRequestHandler.handleReadRequest(OzoneManagerRequestHandler.java:238) ~[ozone-manager-1.4.0-SNAPSHOT.jar:?]
	at org.apache.hadoop.ozone.protocolPB.OzoneManagerProtocolServerSideTranslatorPB.submitRequestDirectlyToOM(OzoneManagerProtocolServerSideTranslatorPB.java:272) ~[ozone-manager-1.4.0-SNAPSHOT.jar:?]
	at org.apache.hadoop.ozone.protocolPB.OzoneManagerProtocolServerSideTranslatorPB.processRequest(OzoneManagerProtocolServerSideTranslatorPB.java:173) ~[ozone-manager-1.4.0-SNAPSHOT.jar:?]
	at org.apache.hadoop.hdds.server.OzoneProtocolMessageDispatcher.processRequest(OzoneProtocolMessageDispatcher.java:87) [hdds-server-framework-1.4.0-SNAPSHOT.jar:?]
	at org.apache.hadoop.ozone.protocolPB.OzoneManagerProtocolServerSideTranslatorPB.submitRequest(OzoneManagerProtocolServerSideTranslatorPB.java:147) [ozone-manager-1.4.0-SNAPSHOT.jar:?]
	at org.apache.hadoop.ozone.protocol.proto.OzoneManagerProtocolProtos$OzoneManagerService$2.callBlockingMethod(OzoneManagerProtocolProtos.java) [ozone-interface-client-1.4.0-SNAPSHOT.jar:?]
	at org.apache.hadoop.ipc.ProtobufRpcEngine$Server.processCall(ProtobufRpcEngine.java:484) [hadoop-common-3.3.5.jar:?]
	at org.apache.hadoop.ipc.ProtobufRpcEngine2$Server$ProtoBufRpcInvoker.call(ProtobufRpcEngine2.java:595) [hadoop-common-3.3.5.jar:?]
	at org.apache.hadoop.ipc.ProtobufRpcEngine2$Server$ProtoBufRpcInvoker.call(ProtobufRpcEngine2.java:573) [hadoop-common-3.3.5.jar:?]
	at org.apache.hadoop.ipc.RPC$Server.call(RPC.java:1213) [hadoop-common-3.3.5.jar:?]
	at org.apache.hadoop.ipc.Server$RpcCall.run(Server.java:1089) [hadoop-common-3.3.5.jar:?]
	at org.apache.hadoop.ipc.Server$RpcCall.run(Server.java:1012) [hadoop-common-3.3.5.jar:?]
	at java.security.AccessController.doPrivileged(Native Method) ~[?:1.8.0_362]
	at javax.security.auth.Subject.doAs(Subject.java:422) [?:1.8.0_362]
	at org.apache.hadoop.security.UserGroupInformation.doAs(UserGroupInformation.java:1899) [hadoop-common-3.3.5.jar:?]
	at org.apache.hadoop.ipc.Server$Handler.run(Server.java:3026) [hadoop-common-3.3.5.jar:?]
11:24:44.237 [IPC Server handler 3 on default port 36969] ERROR OMAudit - user=runner | ip=127.0.0.1 | op=GET_FILE_STATUS {volume=volume23474, bucket=bucket17726, key=gdir1/dir9, dataSize=0, replicationConfig=null} | ret=FAILURE
org.apache.hadoop.ozone.om.exceptions.OMException: Unable to get file status: volume: volume23474 bucket: bucket17726 key: gdir1/dir9
	at org.apache.hadoop.ozone.om.KeyManagerImpl.getOzoneFileStatus(KeyManagerImpl.java:1200) ~[ozone-manager-1.4.0-SNAPSHOT.jar:?]
	at org.apache.hadoop.ozone.om.KeyManagerImpl.getFileStatus(KeyManagerImpl.java:1118) ~[ozone-manager-1.4.0-SNAPSHOT.jar:?]
	at org.apache.hadoop.ozone.om.OmMetadataReader.getFileStatus(OmMetadataReader.java:288) ~[ozone-manager-1.4.0-SNAPSHOT.jar:?]
	at org.apache.hadoop.ozone.om.OzoneManager.getFileStatus(OzoneManager.java:3491) ~[ozone-manager-1.4.0-SNAPSHOT.jar:?]
	at org.apache.hadoop.ozone.protocolPB.OzoneManagerRequestHandler.getOzoneFileStatus(OzoneManagerRequestHandler.java:934) ~[ozone-manager-1.4.0-SNAPSHOT.jar:?]
	at org.apache.hadoop.ozone.protocolPB.OzoneManagerRequestHandler.handleReadRequest(OzoneManagerRequestHandler.java:238) ~[ozone-manager-1.4.0-SNAPSHOT.jar:?]
	at org.apache.hadoop.ozone.protocolPB.OzoneManagerProtocolServerSideTranslatorPB.submitRequestDirectlyToOM(OzoneManagerProtocolServerSideTranslatorPB.java:272) ~[ozone-manager-1.4.0-SNAPSHOT.jar:?]
	at org.apache.hadoop.ozone.protocolPB.OzoneManagerProtocolServerSideTranslatorPB.processRequest(OzoneManagerProtocolServerSideTranslatorPB.java:173) ~[ozone-manager-1.4.0-SNAPSHOT.jar:?]
	at org.apache.hadoop.hdds.server.OzoneProtocolMessageDispatcher.processRequest(OzoneProtocolMessageDispatcher.java:87) [hdds-server-framework-1.4.0-SNAPSHOT.jar:?]
	at org.apache.hadoop.ozone.protocolPB.OzoneManagerProtocolServerSideTranslatorPB.submitRequest(OzoneManagerProtocolServerSideTranslatorPB.java:147) [ozone-manager-1.4.0-SNAPSHOT.jar:?]
	at org.apache.hadoop.ozone.protocol.proto.OzoneManagerProtocolProtos$OzoneManagerService$2.callBlockingMethod(OzoneManagerProtocolProtos.java) [ozone-interface-client-1.4.0-SNAPSHOT.jar:?]
	at org.apache.hadoop.ipc.ProtobufRpcEngine$Server.processCall(ProtobufRpcEngine.java:484) [hadoop-common-3.3.5.jar:?]
	at org.apache.hadoop.ipc.ProtobufRpcEngine2$Server$ProtoBufRpcInvoker.call(ProtobufRpcEngine2.java:595) [hadoop-common-3.3.5.jar:?]
	at org.apache.hadoop.ipc.ProtobufRpcEngine2$Server$ProtoBufRpcInvoker.call(ProtobufRpcEngine2.java:573) [hadoop-common-3.3.5.jar:?]
	at org.apache.hadoop.ipc.RPC$Server.call(RPC.java:1213) [hadoop-common-3.3.5.jar:?]
	at org.apache.hadoop.ipc.Server$RpcCall.run(Server.java:1089) [hadoop-common-3.3.5.jar:?]
	at org.apache.hadoop.ipc.Server$RpcCall.run(Server.java:1012) [hadoop-common-3.3.5.jar:?]
	at java.security.AccessController.doPrivileged(Native Method) ~[?:1.8.0_362]
	at javax.security.auth.Subject.doAs(Subject.java:422) [?:1.8.0_362]
	at org.apache.hadoop.security.UserGroupInformation.doAs(UserGroupInformation.java:1899) [hadoop-common-3.3.5.jar:?]
	at org.apache.hadoop.ipc.Server$Handler.run(Server.java:3026) [hadoop-common-3.3.5.jar:?]
11:24:44.238 [IPC Server handler 4 on default port 36969] ERROR OMAudit - user=runner | ip=127.0.0.1 | op=GET_FILE_STATUS {volume=volume23474, bucket=bucket17726, key=gdir1/dir9/child, dataSize=0, replicationConfig=null} | ret=FAILURE
org.apache.hadoop.ozone.om.exceptions.OMException: Unable to get file status: volume: volume23474 bucket: bucket17726 key: gdir1/dir9/child
	at org.apache.hadoop.ozone.om.KeyManagerImpl.getOzoneFileStatus(KeyManagerImpl.java:1200) ~[ozone-manager-1.4.0-SNAPSHOT.jar:?]
	at org.apache.hadoop.ozone.om.KeyManagerImpl.getFileStatus(KeyManagerImpl.java:1118) ~[ozone-manager-1.4.0-SNAPSHOT.jar:?]
	at org.apache.hadoop.ozone.om.OmMetadataReader.getFileStatus(OmMetadataReader.java:288) ~[ozone-manager-1.4.0-SNAPSHOT.jar:?]
	at org.apache.hadoop.ozone.om.OzoneManager.getFileStatus(OzoneManager.java:3491) ~[ozone-manager-1.4.0-SNAPSHOT.jar:?]
	at org.apache.hadoop.ozone.protocolPB.OzoneManagerRequestHandler.getOzoneFileStatus(OzoneManagerRequestHandler.java:934) ~[ozone-manager-1.4.0-SNAPSHOT.jar:?]
	at org.apache.hadoop.ozone.protocolPB.OzoneManagerRequestHandler.handleReadRequest(OzoneManagerRequestHandler.java:238) ~[ozone-manager-1.4.0-SNAPSHOT.jar:?]
	at org.apache.hadoop.ozone.protocolPB.OzoneManagerProtocolServerSideTranslatorPB.submitRequestDirectlyToOM(OzoneManagerProtocolServerSideTranslatorPB.java:272) ~[ozone-manager-1.4.0-SNAPSHOT.jar:?]
	at org.apache.hadoop.ozone.protocolPB.OzoneManagerProtocolServerSideTranslatorPB.processRequest(OzoneManagerProtocolServerSideTranslatorPB.java:173) ~[ozone-manager-1.4.0-SNAPSHOT.jar:?]
	at org.apache.hadoop.hdds.server.OzoneProtocolMessageDispatcher.processRequest(OzoneProtocolMessageDispatcher.java:87) [hdds-server-framework-1.4.0-SNAPSHOT.jar:?]
	at org.apache.hadoop.ozone.protocolPB.OzoneManagerProtocolServerSideTranslatorPB.submitRequest(OzoneManagerProtocolServerSideTranslatorPB.java:147) [ozone-manager-1.4.0-SNAPSHOT.jar:?]
	at org.apache.hadoop.ozone.protocol.proto.OzoneManagerProtocolProtos$OzoneManagerService$2.callBlockingMethod(OzoneManagerProtocolProtos.java) [ozone-interface-client-1.4.0-SNAPSHOT.jar:?]
	at org.apache.hadoop.ipc.ProtobufRpcEngine$Server.processCall(ProtobufRpcEngine.java:484) [hadoop-common-3.3.5.jar:?]
	at org.apache.hadoop.ipc.ProtobufRpcEngine2$Server$ProtoBufRpcInvoker.call(ProtobufRpcEngine2.java:595) [hadoop-common-3.3.5.jar:?]
	at org.apache.hadoop.ipc.ProtobufRpcEngine2$Server$ProtoBufRpcInvoker.call(ProtobufRpcEngine2.java:573) [hadoop-common-3.3.5.jar:?]
	at org.apache.hadoop.ipc.RPC$Server.call(RPC.java:1213) [hadoop-common-3.3.5.jar:?]
	at org.apache.hadoop.ipc.Server$RpcCall.run(Server.java:1089) [hadoop-common-3.3.5.jar:?]
	at org.apache.hadoop.ipc.Server$RpcCall.run(Server.java:1012) [hadoop-common-3.3.5.jar:?]
	at java.security.AccessController.doPrivileged(Native Method) ~[?:1.8.0_362]
	at javax.security.auth.Subject.doAs(Subject.java:422) [?:1.8.0_362]
	at org.apache.hadoop.security.UserGroupInformation.doAs(UserGroupInformation.java:1899) [hadoop-common-3.3.5.jar:?]
	at org.apache.hadoop.ipc.Server$Handler.run(Server.java:3026) [hadoop-common-3.3.5.jar:?]
11:24:44.239 [IPC Server handler 5 on default port 36969] ERROR OMAudit - user=runner | ip=127.0.0.1 | op=GET_FILE_STATUS {volume=volume23474, bucket=bucket17726, key=gdir1/dir10, dataSize=0, replicationConfig=null} | ret=FAILURE
org.apache.hadoop.ozone.om.exceptions.OMException: Unable to get file status: volume: volume23474 bucket: bucket17726 key: gdir1/dir10
	at org.apache.hadoop.ozone.om.KeyManagerImpl.getOzoneFileStatus(KeyManagerImpl.java:1200) ~[ozone-manager-1.4.0-SNAPSHOT.jar:?]
	at org.apache.hadoop.ozone.om.KeyManagerImpl.getFileStatus(KeyManagerImpl.java:1118) ~[ozone-manager-1.4.0-SNAPSHOT.jar:?]
	at org.apache.hadoop.ozone.om.OmMetadataReader.getFileStatus(OmMetadataReader.java:288) ~[ozone-manager-1.4.0-SNAPSHOT.jar:?]
	at org.apache.hadoop.ozone.om.OzoneManager.getFileStatus(OzoneManager.java:3491) ~[ozone-manager-1.4.0-SNAPSHOT.jar:?]
	at org.apache.hadoop.ozone.protocolPB.OzoneManagerRequestHandler.getOzoneFileStatus(OzoneManagerRequestHandler.java:934) ~[ozone-manager-1.4.0-SNAPSHOT.jar:?]
	at org.apache.hadoop.ozone.protocolPB.OzoneManagerRequestHandler.handleReadRequest(OzoneManagerRequestHandler.java:238) ~[ozone-manager-1.4.0-SNAPSHOT.jar:?]
	at org.apache.hadoop.ozone.protocolPB.OzoneManagerProtocolServerSideTranslatorPB.submitRequestDirectlyToOM(OzoneManagerProtocolServerSideTranslatorPB.java:272) ~[ozone-manager-1.4.0-SNAPSHOT.jar:?]
	at org.apache.hadoop.ozone.protocolPB.OzoneManagerProtocolServerSideTranslatorPB.processRequest(OzoneManagerProtocolServerSideTranslatorPB.java:173) ~[ozone-manager-1.4.0-SNAPSHOT.jar:?]
	at org.apache.hadoop.hdds.server.OzoneProtocolMessageDispatcher.processRequest(OzoneProtocolMessageDispatcher.java:87) [hdds-server-framework-1.4.0-SNAPSHOT.jar:?]
	at org.apache.hadoop.ozone.protocolPB.OzoneManagerProtocolServerSideTranslatorPB.submitRequest(OzoneManagerProtocolServerSideTranslatorPB.java:147) [ozone-manager-1.4.0-SNAPSHOT.jar:?]
	at org.apache.hadoop.ozone.protocol.proto.OzoneManagerProtocolProtos$OzoneManagerService$2.callBlockingMethod(OzoneManagerProtocolProtos.java) [ozone-interface-client-1.4.0-SNAPSHOT.jar:?]
	at org.apache.hadoop.ipc.ProtobufRpcEngine$Server.processCall(ProtobufRpcEngine.java:484) [hadoop-common-3.3.5.jar:?]
	at org.apache.hadoop.ipc.ProtobufRpcEngine2$Server$ProtoBufRpcInvoker.call(ProtobufRpcEngine2.java:595) [hadoop-common-3.3.5.jar:?]
	at org.apache.hadoop.ipc.ProtobufRpcEngine2$Server$ProtoBufRpcInvoker.call(ProtobufRpcEngine2.java:573) [hadoop-common-3.3.5.jar:?]
	at org.apache.hadoop.ipc.RPC$Server.call(RPC.java:1213) [hadoop-common-3.3.5.jar:?]
	at org.apache.hadoop.ipc.Server$RpcCall.run(Server.java:1089) [hadoop-common-3.3.5.jar:?]
	at org.apache.hadoop.ipc.Server$RpcCall.run(Server.java:1012) [hadoop-common-3.3.5.jar:?]
	at java.security.AccessController.doPrivileged(Native Method) ~[?:1.8.0_362]
	at javax.security.auth.Subject.doAs(Subject.java:422) [?:1.8.0_362]
	at org.apache.hadoop.security.UserGroupInformation.doAs(UserGroupInformation.java:1899) [hadoop-common-3.3.5.jar:?]
	at org.apache.hadoop.ipc.Server$Handler.run(Server.java:3026) [hadoop-common-3.3.5.jar:?]
11:24:44.239 [IPC Server handler 9 on default port 36969] ERROR OMAudit - user=runner | ip=127.0.0.1 | op=GET_FILE_STATUS {volume=volume23474, bucket=bucket17726, key=gdir1/dir10/child, dataSize=0, replicationConfig=null} | ret=FAILURE
org.apache.hadoop.ozone.om.exceptions.OMException: Unable to get file status: volume: volume23474 bucket: bucket17726 key: gdir1/dir10/child
	at org.apache.hadoop.ozone.om.KeyManagerImpl.getOzoneFileStatus(KeyManagerImpl.java:1200) ~[ozone-manager-1.4.0-SNAPSHOT.jar:?]
	at org.apache.hadoop.ozone.om.KeyManagerImpl.getFileStatus(KeyManagerImpl.java:1118) ~[ozone-manager-1.4.0-SNAPSHOT.jar:?]
	at org.apache.hadoop.ozone.om.OmMetadataReader.getFileStatus(OmMetadataReader.java:288) ~[ozone-manager-1.4.0-SNAPSHOT.jar:?]
	at org.apache.hadoop.ozone.om.OzoneManager.getFileStatus(OzoneManager.java:3491) ~[ozone-manager-1.4.0-SNAPSHOT.jar:?]
	at org.apache.hadoop.ozone.protocolPB.OzoneManagerRequestHandler.getOzoneFileStatus(OzoneManagerRequestHandler.java:934) ~[ozone-manager-1.4.0-SNAPSHOT.jar:?]
	at org.apache.hadoop.ozone.protocolPB.OzoneManagerRequestHandler.handleReadRequest(OzoneManagerRequestHandler.java:238) ~[ozone-manager-1.4.0-SNAPSHOT.jar:?]
	at org.apache.hadoop.ozone.protocolPB.OzoneManagerProtocolServerSideTranslatorPB.submitRequestDirectlyToOM(OzoneManagerProtocolServerSideTranslatorPB.java:272) ~[ozone-manager-1.4.0-SNAPSHOT.jar:?]
	at org.apache.hadoop.ozone.protocolPB.OzoneManagerProtocolServerSideTranslatorPB.processRequest(OzoneManagerProtocolServerSideTranslatorPB.java:173) ~[ozone-manager-1.4.0-SNAPSHOT.jar:?]
	at org.apache.hadoop.hdds.server.OzoneProtocolMessageDispatcher.processRequest(OzoneProtocolMessageDispatcher.java:87) [hdds-server-framework-1.4.0-SNAPSHOT.jar:?]
	at org.apache.hadoop.ozone.protocolPB.OzoneManagerProtocolServerSideTranslatorPB.submitRequest(OzoneManagerProtocolServerSideTranslatorPB.java:147) [ozone-manager-1.4.0-SNAPSHOT.jar:?]
	at org.apache.hadoop.ozone.protocol.proto.OzoneManagerProtocolProtos$OzoneManagerService$2.callBlockingMethod(OzoneManagerProtocolProtos.java) [ozone-interface-client-1.4.0-SNAPSHOT.jar:?]
	at org.apache.hadoop.ipc.ProtobufRpcEngine$Server.processCall(ProtobufRpcEngine.java:484) [hadoop-common-3.3.5.jar:?]
	at org.apache.hadoop.ipc.ProtobufRpcEngine2$Server$ProtoBufRpcInvoker.call(ProtobufRpcEngine2.java:595) [hadoop-common-3.3.5.jar:?]
	at org.apache.hadoop.ipc.ProtobufRpcEngine2$Server$ProtoBufRpcInvoker.call(ProtobufRpcEngine2.java:573) [hadoop-common-3.3.5.jar:?]
	at org.apache.hadoop.ipc.RPC$Server.call(RPC.java:1213) [hadoop-common-3.3.5.jar:?]
	at org.apache.hadoop.ipc.Server$RpcCall.run(Server.java:1089) [hadoop-common-3.3.5.jar:?]
	at org.apache.hadoop.ipc.Server$RpcCall.run(Server.java:1012) [hadoop-common-3.3.5.jar:?]
	at java.security.AccessController.doPrivileged(Native Method) ~[?:1.8.0_362]
	at javax.security.auth.Subject.doAs(Subject.java:422) [?:1.8.0_362]
	at org.apache.hadoop.security.UserGroupInformation.doAs(UserGroupInformation.java:1899) [hadoop-common-3.3.5.jar:?]
	at org.apache.hadoop.ipc.Server$Handler.run(Server.java:3026) [hadoop-common-3.3.5.jar:?]
2023-04-11 11:24:44,244 [IPC Server handler 7 on default port 36969] INFO  key.OMKeyRequest (OMKeyRequest.java:wrapUncommittedBlocksAsPseudoKey(838)) - Detect allocated but uncommitted blocks [{blockID={containerID=4, localID=111677748019200024}, length=4194304, offset=0, token=null, pipeline=null, createVersion=0, partNumber=0}] in key level0/level1/file1.
2023-04-11 11:24:44,248 [IPC Server handler 6 on default port 36969] INFO  key.OMKeyRequest (OMKeyRequest.java:wrapUncommittedBlocksAsPseudoKey(838)) - Detect allocated but uncommitted blocks [{blockID={containerID=3, localID=111677748019200025}, length=4194304, offset=0, token=null, pipeline=null, createVersion=0, partNumber=0}] in key level0/level1/level1/file1.
2023-04-11 11:24:44,252 [IPC Server handler 18 on default port 36969] INFO  key.OMKeyRequest (OMKeyRequest.java:wrapUncommittedBlocksAsPseudoKey(838)) - Detect allocated but uncommitted blocks [{blockID={containerID=1, localID=111677748019200026}, length=4194304, offset=0, token=null, pipeline=null, createVersion=0, partNumber=0}] in key level0/level2/file1.
2023-04-11 11:24:44,256 [IPC Server handler 12 on default port 36969] INFO  key.OMKeyRequest (OMKeyRequest.java:wrapUncommittedBlocksAsPseudoKey(838)) - Detect allocated but uncommitted blocks [{blockID={containerID=4, localID=111677748019200027}, length=4194304, offset=0, token=null, pipeline=null, createVersion=0, partNumber=0}] in key level0/level2/level2/file1.
2023-04-11 11:24:44,259 [IPC Server handler 14 on default port 36969] INFO  key.OMKeyRequest (OMKeyRequest.java:wrapUncommittedBlocksAsPseudoKey(838)) - Detect allocated but uncommitted blocks [{blockID={containerID=2, localID=111677748019200028}, length=4194304, offset=0, token=null, pipeline=null, createVersion=0, partNumber=0}] in key level0/level3/file1.
2023-04-11 11:24:44,263 [IPC Server handler 11 on default port 36969] INFO  key.OMKeyRequest (OMKeyRequest.java:wrapUncommittedBlocksAsPseudoKey(838)) - Detect allocated but uncommitted blocks [{blockID={containerID=3, localID=111677748019200029}, length=4194304, offset=0, token=null, pipeline=null, createVersion=0, partNumber=0}] in key level0/level3/level3/file1.
11:24:44.284 [IPC Server handler 1 on default port 36969] ERROR OMAudit - user=runner | ip=127.0.0.1 | op=GET_FILE_STATUS {volume=volume23474, bucket=bucket17726, key=level0, dataSize=0, replicationConfig=null} | ret=FAILURE
org.apache.hadoop.ozone.om.exceptions.OMException: Unable to get file status: volume: volume23474 bucket: bucket17726 key: level0
	at org.apache.hadoop.ozone.om.KeyManagerImpl.getOzoneFileStatus(KeyManagerImpl.java:1200) ~[ozone-manager-1.4.0-SNAPSHOT.jar:?]
	at org.apache.hadoop.ozone.om.KeyManagerImpl.getFileStatus(KeyManagerImpl.java:1118) ~[ozone-manager-1.4.0-SNAPSHOT.jar:?]
	at org.apache.hadoop.ozone.om.OmMetadataReader.getFileStatus(OmMetadataReader.java:288) ~[ozone-manager-1.4.0-SNAPSHOT.jar:?]
	at org.apache.hadoop.ozone.om.OzoneManager.getFileStatus(OzoneManager.java:3491) ~[ozone-manager-1.4.0-SNAPSHOT.jar:?]
	at org.apache.hadoop.ozone.protocolPB.OzoneManagerRequestHandler.getOzoneFileStatus(OzoneManagerRequestHandler.java:934) ~[ozone-manager-1.4.0-SNAPSHOT.jar:?]
	at org.apache.hadoop.ozone.protocolPB.OzoneManagerRequestHandler.handleReadRequest(OzoneManagerRequestHandler.java:238) ~[ozone-manager-1.4.0-SNAPSHOT.jar:?]
	at org.apache.hadoop.ozone.protocolPB.OzoneManagerProtocolServerSideTranslatorPB.submitRequestDirectlyToOM(OzoneManagerProtocolServerSideTranslatorPB.java:272) ~[ozone-manager-1.4.0-SNAPSHOT.jar:?]
	at org.apache.hadoop.ozone.protocolPB.OzoneManagerProtocolServerSideTranslatorPB.processRequest(OzoneManagerProtocolServerSideTranslatorPB.java:173) ~[ozone-manager-1.4.0-SNAPSHOT.jar:?]
	at org.apache.hadoop.hdds.server.OzoneProtocolMessageDispatcher.processRequest(OzoneProtocolMessageDispatcher.java:87) [hdds-server-framework-1.4.0-SNAPSHOT.jar:?]
	at org.apache.hadoop.ozone.protocolPB.OzoneManagerProtocolServerSideTranslatorPB.submitRequest(OzoneManagerProtocolServerSideTranslatorPB.java:147) [ozone-manager-1.4.0-SNAPSHOT.jar:?]
	at org.apache.hadoop.ozone.protocol.proto.OzoneManagerProtocolProtos$OzoneManagerService$2.callBlockingMethod(OzoneManagerProtocolProtos.java) [ozone-interface-client-1.4.0-SNAPSHOT.jar:?]
	at org.apache.hadoop.ipc.ProtobufRpcEngine$Server.processCall(ProtobufRpcEngine.java:484) [hadoop-common-3.3.5.jar:?]
	at org.apache.hadoop.ipc.ProtobufRpcEngine2$Server$ProtoBufRpcInvoker.call(ProtobufRpcEngine2.java:595) [hadoop-common-3.3.5.jar:?]
	at org.apache.hadoop.ipc.ProtobufRpcEngine2$Server$ProtoBufRpcInvoker.call(ProtobufRpcEngine2.java:573) [hadoop-common-3.3.5.jar:?]
	at org.apache.hadoop.ipc.RPC$Server.call(RPC.java:1213) [hadoop-common-3.3.5.jar:?]
	at org.apache.hadoop.ipc.Server$RpcCall.run(Server.java:1089) [hadoop-common-3.3.5.jar:?]
	at org.apache.hadoop.ipc.Server$RpcCall.run(Server.java:1012) [hadoop-common-3.3.5.jar:?]
	at java.security.AccessController.doPrivileged(Native Method) ~[?:1.8.0_362]
	at javax.security.auth.Subject.doAs(Subject.java:422) [?:1.8.0_362]
	at org.apache.hadoop.security.UserGroupInformation.doAs(UserGroupInformation.java:1899) [hadoop-common-3.3.5.jar:?]
	at org.apache.hadoop.ipc.Server$Handler.run(Server.java:3026) [hadoop-common-3.3.5.jar:?]
11:24:44.285 [IPC Server handler 0 on default port 36969] ERROR OMAudit - user=runner | ip=127.0.0.1 | op=GET_FILE_STATUS {volume=volume23474, bucket=bucket17726, key=level0/level1, dataSize=0, replicationConfig=null} | ret=FAILURE
org.apache.hadoop.ozone.om.exceptions.OMException: Unable to get file status: volume: volume23474 bucket: bucket17726 key: level0/level1
	at org.apache.hadoop.ozone.om.KeyManagerImpl.getOzoneFileStatus(KeyManagerImpl.java:1200) ~[ozone-manager-1.4.0-SNAPSHOT.jar:?]
	at org.apache.hadoop.ozone.om.KeyManagerImpl.getFileStatus(KeyManagerImpl.java:1118) ~[ozone-manager-1.4.0-SNAPSHOT.jar:?]
	at org.apache.hadoop.ozone.om.OmMetadataReader.getFileStatus(OmMetadataReader.java:288) ~[ozone-manager-1.4.0-SNAPSHOT.jar:?]
	at org.apache.hadoop.ozone.om.OzoneManager.getFileStatus(OzoneManager.java:3491) ~[ozone-manager-1.4.0-SNAPSHOT.jar:?]
	at org.apache.hadoop.ozone.protocolPB.OzoneManagerRequestHandler.getOzoneFileStatus(OzoneManagerRequestHandler.java:934) ~[ozone-manager-1.4.0-SNAPSHOT.jar:?]
	at org.apache.hadoop.ozone.protocolPB.OzoneManagerRequestHandler.handleReadRequest(OzoneManagerRequestHandler.java:238) ~[ozone-manager-1.4.0-SNAPSHOT.jar:?]
	at org.apache.hadoop.ozone.protocolPB.OzoneManagerProtocolServerSideTranslatorPB.submitRequestDirectlyToOM(OzoneManagerProtocolServerSideTranslatorPB.java:272) ~[ozone-manager-1.4.0-SNAPSHOT.jar:?]
	at org.apache.hadoop.ozone.protocolPB.OzoneManagerProtocolServerSideTranslatorPB.processRequest(OzoneManagerProtocolServerSideTranslatorPB.java:173) ~[ozone-manager-1.4.0-SNAPSHOT.jar:?]
	at org.apache.hadoop.hdds.server.OzoneProtocolMessageDispatcher.processRequest(OzoneProtocolMessageDispatcher.java:87) [hdds-server-framework-1.4.0-SNAPSHOT.jar:?]
	at org.apache.hadoop.ozone.protocolPB.OzoneManagerProtocolServerSideTranslatorPB.submitRequest(OzoneManagerProtocolServerSideTranslatorPB.java:147) [ozone-manager-1.4.0-SNAPSHOT.jar:?]
	at org.apache.hadoop.ozone.protocol.proto.OzoneManagerProtocolProtos$OzoneManagerService$2.callBlockingMethod(OzoneManagerProtocolProtos.java) [ozone-interface-client-1.4.0-SNAPSHOT.jar:?]
	at org.apache.hadoop.ipc.ProtobufRpcEngine$Server.processCall(ProtobufRpcEngine.java:484) [hadoop-common-3.3.5.jar:?]
	at org.apache.hadoop.ipc.ProtobufRpcEngine2$Server$ProtoBufRpcInvoker.call(ProtobufRpcEngine2.java:595) [hadoop-common-3.3.5.jar:?]
	at org.apache.hadoop.ipc.ProtobufRpcEngine2$Server$ProtoBufRpcInvoker.call(ProtobufRpcEngine2.java:573) [hadoop-common-3.3.5.jar:?]
	at org.apache.hadoop.ipc.RPC$Server.call(RPC.java:1213) [hadoop-common-3.3.5.jar:?]
	at org.apache.hadoop.ipc.Server$RpcCall.run(Server.java:1089) [hadoop-common-3.3.5.jar:?]
	at org.apache.hadoop.ipc.Server$RpcCall.run(Server.java:1012) [hadoop-common-3.3.5.jar:?]
	at java.security.AccessController.doPrivileged(Native Method) ~[?:1.8.0_362]
	at javax.security.auth.Subject.doAs(Subject.java:422) [?:1.8.0_362]
	at org.apache.hadoop.security.UserGroupInformation.doAs(UserGroupInformation.java:1899) [hadoop-common-3.3.5.jar:?]
	at org.apache.hadoop.ipc.Server$Handler.run(Server.java:3026) [hadoop-common-3.3.5.jar:?]
11:24:44.285 [IPC Server handler 2 on default port 36969] ERROR OMAudit - user=runner | ip=127.0.0.1 | op=GET_FILE_STATUS {volume=volume23474, bucket=bucket17726, key=level0/level1/level1, dataSize=0, replicationConfig=null} | ret=FAILURE
org.apache.hadoop.ozone.om.exceptions.OMException: Unable to get file status: volume: volume23474 bucket: bucket17726 key: level0/level1/level1
	at org.apache.hadoop.ozone.om.KeyManagerImpl.getOzoneFileStatus(KeyManagerImpl.java:1200) ~[ozone-manager-1.4.0-SNAPSHOT.jar:?]
	at org.apache.hadoop.ozone.om.KeyManagerImpl.getFileStatus(KeyManagerImpl.java:1118) ~[ozone-manager-1.4.0-SNAPSHOT.jar:?]
	at org.apache.hadoop.ozone.om.OmMetadataReader.getFileStatus(OmMetadataReader.java:288) ~[ozone-manager-1.4.0-SNAPSHOT.jar:?]
	at org.apache.hadoop.ozone.om.OzoneManager.getFileStatus(OzoneManager.java:3491) ~[ozone-manager-1.4.0-SNAPSHOT.jar:?]
	at org.apache.hadoop.ozone.protocolPB.OzoneManagerRequestHandler.getOzoneFileStatus(OzoneManagerRequestHandler.java:934) ~[ozone-manager-1.4.0-SNAPSHOT.jar:?]
	at org.apache.hadoop.ozone.protocolPB.OzoneManagerRequestHandler.handleReadRequest(OzoneManagerRequestHandler.java:238) ~[ozone-manager-1.4.0-SNAPSHOT.jar:?]
	at org.apache.hadoop.ozone.protocolPB.OzoneManagerProtocolServerSideTranslatorPB.submitRequestDirectlyToOM(OzoneManagerProtocolServerSideTranslatorPB.java:272) ~[ozone-manager-1.4.0-SNAPSHOT.jar:?]
	at org.apache.hadoop.ozone.protocolPB.OzoneManagerProtocolServerSideTranslatorPB.processRequest(OzoneManagerProtocolServerSideTranslatorPB.java:173) ~[ozone-manager-1.4.0-SNAPSHOT.jar:?]
	at org.apache.hadoop.hdds.server.OzoneProtocolMessageDispatcher.processRequest(OzoneProtocolMessageDispatcher.java:87) [hdds-server-framework-1.4.0-SNAPSHOT.jar:?]
	at org.apache.hadoop.ozone.protocolPB.OzoneManagerProtocolServerSideTranslatorPB.submitRequest(OzoneManagerProtocolServerSideTranslatorPB.java:147) [ozone-manager-1.4.0-SNAPSHOT.jar:?]
	at org.apache.hadoop.ozone.protocol.proto.OzoneManagerProtocolProtos$OzoneManagerService$2.callBlockingMethod(OzoneManagerProtocolProtos.java) [ozone-interface-client-1.4.0-SNAPSHOT.jar:?]
	at org.apache.hadoop.ipc.ProtobufRpcEngine$Server.processCall(ProtobufRpcEngine.java:484) [hadoop-common-3.3.5.jar:?]
	at org.apache.hadoop.ipc.ProtobufRpcEngine2$Server$ProtoBufRpcInvoker.call(ProtobufRpcEngine2.java:595) [hadoop-common-3.3.5.jar:?]
	at org.apache.hadoop.ipc.ProtobufRpcEngine2$Server$ProtoBufRpcInvoker.call(ProtobufRpcEngine2.java:573) [hadoop-common-3.3.5.jar:?]
	at org.apache.hadoop.ipc.RPC$Server.call(RPC.java:1213) [hadoop-common-3.3.5.jar:?]
	at org.apache.hadoop.ipc.Server$RpcCall.run(Server.java:1089) [hadoop-common-3.3.5.jar:?]
	at org.apache.hadoop.ipc.Server$RpcCall.run(Server.java:1012) [hadoop-common-3.3.5.jar:?]
	at java.security.AccessController.doPrivileged(Native Method) ~[?:1.8.0_362]
	at javax.security.auth.Subject.doAs(Subject.java:422) [?:1.8.0_362]
	at org.apache.hadoop.security.UserGroupInformation.doAs(UserGroupInformation.java:1899) [hadoop-common-3.3.5.jar:?]
	at org.apache.hadoop.ipc.Server$Handler.run(Server.java:3026) [hadoop-common-3.3.5.jar:?]
11:24:44.286 [IPC Server handler 3 on default port 36969] ERROR OMAudit - user=runner | ip=127.0.0.1 | op=GET_FILE_STATUS {volume=volume23474, bucket=bucket17726, key=level0/level1/file1, dataSize=0, replicationConfig=null} | ret=FAILURE
org.apache.hadoop.ozone.om.exceptions.OMException: Unable to get file status: volume: volume23474 bucket: bucket17726 key: level0/level1/file1
	at org.apache.hadoop.ozone.om.KeyManagerImpl.getOzoneFileStatus(KeyManagerImpl.java:1200) ~[ozone-manager-1.4.0-SNAPSHOT.jar:?]
	at org.apache.hadoop.ozone.om.KeyManagerImpl.getFileStatus(KeyManagerImpl.java:1118) ~[ozone-manager-1.4.0-SNAPSHOT.jar:?]
	at org.apache.hadoop.ozone.om.OmMetadataReader.getFileStatus(OmMetadataReader.java:288) ~[ozone-manager-1.4.0-SNAPSHOT.jar:?]
	at org.apache.hadoop.ozone.om.OzoneManager.getFileStatus(OzoneManager.java:3491) ~[ozone-manager-1.4.0-SNAPSHOT.jar:?]
	at org.apache.hadoop.ozone.protocolPB.OzoneManagerRequestHandler.getOzoneFileStatus(OzoneManagerRequestHandler.java:934) ~[ozone-manager-1.4.0-SNAPSHOT.jar:?]
	at org.apache.hadoop.ozone.protocolPB.OzoneManagerRequestHandler.handleReadRequest(OzoneManagerRequestHandler.java:238) ~[ozone-manager-1.4.0-SNAPSHOT.jar:?]
	at org.apache.hadoop.ozone.protocolPB.OzoneManagerProtocolServerSideTranslatorPB.submitRequestDirectlyToOM(OzoneManagerProtocolServerSideTranslatorPB.java:272) ~[ozone-manager-1.4.0-SNAPSHOT.jar:?]
	at org.apache.hadoop.ozone.protocolPB.OzoneManagerProtocolServerSideTranslatorPB.processRequest(OzoneManagerProtocolServerSideTranslatorPB.java:173) ~[ozone-manager-1.4.0-SNAPSHOT.jar:?]
	at org.apache.hadoop.hdds.server.OzoneProtocolMessageDispatcher.processRequest(OzoneProtocolMessageDispatcher.java:87) [hdds-server-framework-1.4.0-SNAPSHOT.jar:?]
	at org.apache.hadoop.ozone.protocolPB.OzoneManagerProtocolServerSideTranslatorPB.submitRequest(OzoneManagerProtocolServerSideTranslatorPB.java:147) [ozone-manager-1.4.0-SNAPSHOT.jar:?]
	at org.apache.hadoop.ozone.protocol.proto.OzoneManagerProtocolProtos$OzoneManagerService$2.callBlockingMethod(OzoneManagerProtocolProtos.java) [ozone-interface-client-1.4.0-SNAPSHOT.jar:?]
	at org.apache.hadoop.ipc.ProtobufRpcEngine$Server.processCall(ProtobufRpcEngine.java:484) [hadoop-common-3.3.5.jar:?]
	at org.apache.hadoop.ipc.ProtobufRpcEngine2$Server$ProtoBufRpcInvoker.call(ProtobufRpcEngine2.java:595) [hadoop-common-3.3.5.jar:?]
	at org.apache.hadoop.ipc.ProtobufRpcEngine2$Server$ProtoBufRpcInvoker.call(ProtobufRpcEngine2.java:573) [hadoop-common-3.3.5.jar:?]
	at org.apache.hadoop.ipc.RPC$Server.call(RPC.java:1213) [hadoop-common-3.3.5.jar:?]
	at org.apache.hadoop.ipc.Server$RpcCall.run(Server.java:1089) [hadoop-common-3.3.5.jar:?]
	at org.apache.hadoop.ipc.Server$RpcCall.run(Server.java:1012) [hadoop-common-3.3.5.jar:?]
	at java.security.AccessController.doPrivileged(Native Method) ~[?:1.8.0_362]
	at javax.security.auth.Subject.doAs(Subject.java:422) [?:1.8.0_362]
	at org.apache.hadoop.security.UserGroupInformation.doAs(UserGroupInformation.java:1899) [hadoop-common-3.3.5.jar:?]
	at org.apache.hadoop.ipc.Server$Handler.run(Server.java:3026) [hadoop-common-3.3.5.jar:?]
11:24:44.287 [IPC Server handler 4 on default port 36969] ERROR OMAudit - user=runner | ip=127.0.0.1 | op=GET_FILE_STATUS {volume=volume23474, bucket=bucket17726, key=level0/level1/level1/file1, dataSize=0, replicationConfig=null} | ret=FAILURE
org.apache.hadoop.ozone.om.exceptions.OMException: Unable to get file status: volume: volume23474 bucket: bucket17726 key: level0/level1/level1/file1
	at org.apache.hadoop.ozone.om.KeyManagerImpl.getOzoneFileStatus(KeyManagerImpl.java:1200) ~[ozone-manager-1.4.0-SNAPSHOT.jar:?]
	at org.apache.hadoop.ozone.om.KeyManagerImpl.getFileStatus(KeyManagerImpl.java:1118) ~[ozone-manager-1.4.0-SNAPSHOT.jar:?]
	at org.apache.hadoop.ozone.om.OmMetadataReader.getFileStatus(OmMetadataReader.java:288) ~[ozone-manager-1.4.0-SNAPSHOT.jar:?]
	at org.apache.hadoop.ozone.om.OzoneManager.getFileStatus(OzoneManager.java:3491) ~[ozone-manager-1.4.0-SNAPSHOT.jar:?]
	at org.apache.hadoop.ozone.protocolPB.OzoneManagerRequestHandler.getOzoneFileStatus(OzoneManagerRequestHandler.java:934) ~[ozone-manager-1.4.0-SNAPSHOT.jar:?]
	at org.apache.hadoop.ozone.protocolPB.OzoneManagerRequestHandler.handleReadRequest(OzoneManagerRequestHandler.java:238) ~[ozone-manager-1.4.0-SNAPSHOT.jar:?]
	at org.apache.hadoop.ozone.protocolPB.OzoneManagerProtocolServerSideTranslatorPB.submitRequestDirectlyToOM(OzoneManagerProtocolServerSideTranslatorPB.java:272) ~[ozone-manager-1.4.0-SNAPSHOT.jar:?]
	at org.apache.hadoop.ozone.protocolPB.OzoneManagerProtocolServerSideTranslatorPB.processRequest(OzoneManagerProtocolServerSideTranslatorPB.java:173) ~[ozone-manager-1.4.0-SNAPSHOT.jar:?]
	at org.apache.hadoop.hdds.server.OzoneProtocolMessageDispatcher.processRequest(OzoneProtocolMessageDispatcher.java:87) [hdds-server-framework-1.4.0-SNAPSHOT.jar:?]
	at org.apache.hadoop.ozone.protocolPB.OzoneManagerProtocolServerSideTranslatorPB.submitRequest(OzoneManagerProtocolServerSideTranslatorPB.java:147) [ozone-manager-1.4.0-SNAPSHOT.jar:?]
	at org.apache.hadoop.ozone.protocol.proto.OzoneManagerProtocolProtos$OzoneManagerService$2.callBlockingMethod(OzoneManagerProtocolProtos.java) [ozone-interface-client-1.4.0-SNAPSHOT.jar:?]
	at org.apache.hadoop.ipc.ProtobufRpcEngine$Server.processCall(ProtobufRpcEngine.java:484) [hadoop-common-3.3.5.jar:?]
	at org.apache.hadoop.ipc.ProtobufRpcEngine2$Server$ProtoBufRpcInvoker.call(ProtobufRpcEngine2.java:595) [hadoop-common-3.3.5.jar:?]
	at org.apache.hadoop.ipc.ProtobufRpcEngine2$Server$ProtoBufRpcInvoker.call(ProtobufRpcEngine2.java:573) [hadoop-common-3.3.5.jar:?]
	at org.apache.hadoop.ipc.RPC$Server.call(RPC.java:1213) [hadoop-common-3.3.5.jar:?]
	at org.apache.hadoop.ipc.Server$RpcCall.run(Server.java:1089) [hadoop-common-3.3.5.jar:?]
	at org.apache.hadoop.ipc.Server$RpcCall.run(Server.java:1012) [hadoop-common-3.3.5.jar:?]
	at java.security.AccessController.doPrivileged(Native Method) ~[?:1.8.0_362]
	at javax.security.auth.Subject.doAs(Subject.java:422) [?:1.8.0_362]
	at org.apache.hadoop.security.UserGroupInformation.doAs(UserGroupInformation.java:1899) [hadoop-common-3.3.5.jar:?]
	at org.apache.hadoop.ipc.Server$Handler.run(Server.java:3026) [hadoop-common-3.3.5.jar:?]
11:24:44.288 [IPC Server handler 5 on default port 36969] ERROR OMAudit - user=runner | ip=127.0.0.1 | op=GET_FILE_STATUS {volume=volume23474, bucket=bucket17726, key=level0/level2, dataSize=0, replicationConfig=null} | ret=FAILURE
org.apache.hadoop.ozone.om.exceptions.OMException: Unable to get file status: volume: volume23474 bucket: bucket17726 key: level0/level2
	at org.apache.hadoop.ozone.om.KeyManagerImpl.getOzoneFileStatus(KeyManagerImpl.java:1200) ~[ozone-manager-1.4.0-SNAPSHOT.jar:?]
	at org.apache.hadoop.ozone.om.KeyManagerImpl.getFileStatus(KeyManagerImpl.java:1118) ~[ozone-manager-1.4.0-SNAPSHOT.jar:?]
	at org.apache.hadoop.ozone.om.OmMetadataReader.getFileStatus(OmMetadataReader.java:288) ~[ozone-manager-1.4.0-SNAPSHOT.jar:?]
	at org.apache.hadoop.ozone.om.OzoneManager.getFileStatus(OzoneManager.java:3491) ~[ozone-manager-1.4.0-SNAPSHOT.jar:?]
	at org.apache.hadoop.ozone.protocolPB.OzoneManagerRequestHandler.getOzoneFileStatus(OzoneManagerRequestHandler.java:934) ~[ozone-manager-1.4.0-SNAPSHOT.jar:?]
	at org.apache.hadoop.ozone.protocolPB.OzoneManagerRequestHandler.handleReadRequest(OzoneManagerRequestHandler.java:238) ~[ozone-manager-1.4.0-SNAPSHOT.jar:?]
	at org.apache.hadoop.ozone.protocolPB.OzoneManagerProtocolServerSideTranslatorPB.submitRequestDirectlyToOM(OzoneManagerProtocolServerSideTranslatorPB.java:272) ~[ozone-manager-1.4.0-SNAPSHOT.jar:?]
	at org.apache.hadoop.ozone.protocolPB.OzoneManagerProtocolServerSideTranslatorPB.processRequest(OzoneManagerProtocolServerSideTranslatorPB.java:173) ~[ozone-manager-1.4.0-SNAPSHOT.jar:?]
	at org.apache.hadoop.hdds.server.OzoneProtocolMessageDispatcher.processRequest(OzoneProtocolMessageDispatcher.java:87) [hdds-server-framework-1.4.0-SNAPSHOT.jar:?]
	at org.apache.hadoop.ozone.protocolPB.OzoneManagerProtocolServerSideTranslatorPB.submitRequest(OzoneManagerProtocolServerSideTranslatorPB.java:147) [ozone-manager-1.4.0-SNAPSHOT.jar:?]
	at org.apache.hadoop.ozone.protocol.proto.OzoneManagerProtocolProtos$OzoneManagerService$2.callBlockingMethod(OzoneManagerProtocolProtos.java) [ozone-interface-client-1.4.0-SNAPSHOT.jar:?]
	at org.apache.hadoop.ipc.ProtobufRpcEngine$Server.processCall(ProtobufRpcEngine.java:484) [hadoop-common-3.3.5.jar:?]
	at org.apache.hadoop.ipc.ProtobufRpcEngine2$Server$ProtoBufRpcInvoker.call(ProtobufRpcEngine2.java:595) [hadoop-common-3.3.5.jar:?]
	at org.apache.hadoop.ipc.ProtobufRpcEngine2$Server$ProtoBufRpcInvoker.call(ProtobufRpcEngine2.java:573) [hadoop-common-3.3.5.jar:?]
	at org.apache.hadoop.ipc.RPC$Server.call(RPC.java:1213) [hadoop-common-3.3.5.jar:?]
	at org.apache.hadoop.ipc.Server$RpcCall.run(Server.java:1089) [hadoop-common-3.3.5.jar:?]
	at org.apache.hadoop.ipc.Server$RpcCall.run(Server.java:1012) [hadoop-common-3.3.5.jar:?]
	at java.security.AccessController.doPrivileged(Native Method) ~[?:1.8.0_362]
	at javax.security.auth.Subject.doAs(Subject.java:422) [?:1.8.0_362]
	at org.apache.hadoop.security.UserGroupInformation.doAs(UserGroupInformation.java:1899) [hadoop-common-3.3.5.jar:?]
	at org.apache.hadoop.ipc.Server$Handler.run(Server.java:3026) [hadoop-common-3.3.5.jar:?]
11:24:44.289 [IPC Server handler 9 on default port 36969] ERROR OMAudit - user=runner | ip=127.0.0.1 | op=GET_FILE_STATUS {volume=volume23474, bucket=bucket17726, key=level0/level2/level2, dataSize=0, replicationConfig=null} | ret=FAILURE
org.apache.hadoop.ozone.om.exceptions.OMException: Unable to get file status: volume: volume23474 bucket: bucket17726 key: level0/level2/level2
	at org.apache.hadoop.ozone.om.KeyManagerImpl.getOzoneFileStatus(KeyManagerImpl.java:1200) ~[ozone-manager-1.4.0-SNAPSHOT.jar:?]
	at org.apache.hadoop.ozone.om.KeyManagerImpl.getFileStatus(KeyManagerImpl.java:1118) ~[ozone-manager-1.4.0-SNAPSHOT.jar:?]
	at org.apache.hadoop.ozone.om.OmMetadataReader.getFileStatus(OmMetadataReader.java:288) ~[ozone-manager-1.4.0-SNAPSHOT.jar:?]
	at org.apache.hadoop.ozone.om.OzoneManager.getFileStatus(OzoneManager.java:3491) ~[ozone-manager-1.4.0-SNAPSHOT.jar:?]
	at org.apache.hadoop.ozone.protocolPB.OzoneManagerRequestHandler.getOzoneFileStatus(OzoneManagerRequestHandler.java:934) ~[ozone-manager-1.4.0-SNAPSHOT.jar:?]
	at org.apache.hadoop.ozone.protocolPB.OzoneManagerRequestHandler.handleReadRequest(OzoneManagerRequestHandler.java:238) ~[ozone-manager-1.4.0-SNAPSHOT.jar:?]
	at org.apache.hadoop.ozone.protocolPB.OzoneManagerProtocolServerSideTranslatorPB.submitRequestDirectlyToOM(OzoneManagerProtocolServerSideTranslatorPB.java:272) ~[ozone-manager-1.4.0-SNAPSHOT.jar:?]
	at org.apache.hadoop.ozone.protocolPB.OzoneManagerProtocolServerSideTranslatorPB.processRequest(OzoneManagerProtocolServerSideTranslatorPB.java:173) ~[ozone-manager-1.4.0-SNAPSHOT.jar:?]
	at org.apache.hadoop.hdds.server.OzoneProtocolMessageDispatcher.processRequest(OzoneProtocolMessageDispatcher.java:87) [hdds-server-framework-1.4.0-SNAPSHOT.jar:?]
	at org.apache.hadoop.ozone.protocolPB.OzoneManagerProtocolServerSideTranslatorPB.submitRequest(OzoneManagerProtocolServerSideTranslatorPB.java:147) [ozone-manager-1.4.0-SNAPSHOT.jar:?]
	at org.apache.hadoop.ozone.protocol.proto.OzoneManagerProtocolProtos$OzoneManagerService$2.callBlockingMethod(OzoneManagerProtocolProtos.java) [ozone-interface-client-1.4.0-SNAPSHOT.jar:?]
	at org.apache.hadoop.ipc.ProtobufRpcEngine$Server.processCall(ProtobufRpcEngine.java:484) [hadoop-common-3.3.5.jar:?]
	at org.apache.hadoop.ipc.ProtobufRpcEngine2$Server$ProtoBufRpcInvoker.call(ProtobufRpcEngine2.java:595) [hadoop-common-3.3.5.jar:?]
	at org.apache.hadoop.ipc.ProtobufRpcEngine2$Server$ProtoBufRpcInvoker.call(ProtobufRpcEngine2.java:573) [hadoop-common-3.3.5.jar:?]
	at org.apache.hadoop.ipc.RPC$Server.call(RPC.java:1213) [hadoop-common-3.3.5.jar:?]
	at org.apache.hadoop.ipc.Server$RpcCall.run(Server.java:1089) [hadoop-common-3.3.5.jar:?]
	at org.apache.hadoop.ipc.Server$RpcCall.run(Server.java:1012) [hadoop-common-3.3.5.jar:?]
	at java.security.AccessController.doPrivileged(Native Method) ~[?:1.8.0_362]
	at javax.security.auth.Subject.doAs(Subject.java:422) [?:1.8.0_362]
	at org.apache.hadoop.security.UserGroupInformation.doAs(UserGroupInformation.java:1899) [hadoop-common-3.3.5.jar:?]
	at org.apache.hadoop.ipc.Server$Handler.run(Server.java:3026) [hadoop-common-3.3.5.jar:?]
11:24:44.289 [IPC Server handler 8 on default port 36969] ERROR OMAudit - user=runner | ip=127.0.0.1 | op=GET_FILE_STATUS {volume=volume23474, bucket=bucket17726, key=level0/level2/file1, dataSize=0, replicationConfig=null} | ret=FAILURE
org.apache.hadoop.ozone.om.exceptions.OMException: Unable to get file status: volume: volume23474 bucket: bucket17726 key: level0/level2/file1
	at org.apache.hadoop.ozone.om.KeyManagerImpl.getOzoneFileStatus(KeyManagerImpl.java:1200) ~[ozone-manager-1.4.0-SNAPSHOT.jar:?]
	at org.apache.hadoop.ozone.om.KeyManagerImpl.getFileStatus(KeyManagerImpl.java:1118) ~[ozone-manager-1.4.0-SNAPSHOT.jar:?]
	at org.apache.hadoop.ozone.om.OmMetadataReader.getFileStatus(OmMetadataReader.java:288) ~[ozone-manager-1.4.0-SNAPSHOT.jar:?]
	at org.apache.hadoop.ozone.om.OzoneManager.getFileStatus(OzoneManager.java:3491) ~[ozone-manager-1.4.0-SNAPSHOT.jar:?]
	at org.apache.hadoop.ozone.protocolPB.OzoneManagerRequestHandler.getOzoneFileStatus(OzoneManagerRequestHandler.java:934) ~[ozone-manager-1.4.0-SNAPSHOT.jar:?]
	at org.apache.hadoop.ozone.protocolPB.OzoneManagerRequestHandler.handleReadRequest(OzoneManagerRequestHandler.java:238) ~[ozone-manager-1.4.0-SNAPSHOT.jar:?]
	at org.apache.hadoop.ozone.protocolPB.OzoneManagerProtocolServerSideTranslatorPB.submitRequestDirectlyToOM(OzoneManagerProtocolServerSideTranslatorPB.java:272) ~[ozone-manager-1.4.0-SNAPSHOT.jar:?]
	at org.apache.hadoop.ozone.protocolPB.OzoneManagerProtocolServerSideTranslatorPB.processRequest(OzoneManagerProtocolServerSideTranslatorPB.java:173) ~[ozone-manager-1.4.0-SNAPSHOT.jar:?]
	at org.apache.hadoop.hdds.server.OzoneProtocolMessageDispatcher.processRequest(OzoneProtocolMessageDispatcher.java:87) [hdds-server-framework-1.4.0-SNAPSHOT.jar:?]
	at org.apache.hadoop.ozone.protocolPB.OzoneManagerProtocolServerSideTranslatorPB.submitRequest(OzoneManagerProtocolServerSideTranslatorPB.java:147) [ozone-manager-1.4.0-SNAPSHOT.jar:?]
	at org.apache.hadoop.ozone.protocol.proto.OzoneManagerProtocolProtos$OzoneManagerService$2.callBlockingMethod(OzoneManagerProtocolProtos.java) [ozone-interface-client-1.4.0-SNAPSHOT.jar:?]
	at org.apache.hadoop.ipc.ProtobufRpcEngine$Server.processCall(ProtobufRpcEngine.java:484) [hadoop-common-3.3.5.jar:?]
	at org.apache.hadoop.ipc.ProtobufRpcEngine2$Server$ProtoBufRpcInvoker.call(ProtobufRpcEngine2.java:595) [hadoop-common-3.3.5.jar:?]
	at org.apache.hadoop.ipc.ProtobufRpcEngine2$Server$ProtoBufRpcInvoker.call(ProtobufRpcEngine2.java:573) [hadoop-common-3.3.5.jar:?]
	at org.apache.hadoop.ipc.RPC$Server.call(RPC.java:1213) [hadoop-common-3.3.5.jar:?]
	at org.apache.hadoop.ipc.Server$RpcCall.run(Server.java:1089) [hadoop-common-3.3.5.jar:?]
	at org.apache.hadoop.ipc.Server$RpcCall.run(Server.java:1012) [hadoop-common-3.3.5.jar:?]
	at java.security.AccessController.doPrivileged(Native Method) ~[?:1.8.0_362]
	at javax.security.auth.Subject.doAs(Subject.java:422) [?:1.8.0_362]
	at org.apache.hadoop.security.UserGroupInformation.doAs(UserGroupInformation.java:1899) [hadoop-common-3.3.5.jar:?]
	at org.apache.hadoop.ipc.Server$Handler.run(Server.java:3026) [hadoop-common-3.3.5.jar:?]
11:24:44.291 [IPC Server handler 7 on default port 36969] ERROR OMAudit - user=runner | ip=127.0.0.1 | op=GET_FILE_STATUS {volume=volume23474, bucket=bucket17726, key=level0/level2/level2/file1, dataSize=0, replicationConfig=null} | ret=FAILURE
org.apache.hadoop.ozone.om.exceptions.OMException: Unable to get file status: volume: volume23474 bucket: bucket17726 key: level0/level2/level2/file1
	at org.apache.hadoop.ozone.om.KeyManagerImpl.getOzoneFileStatus(KeyManagerImpl.java:1200) ~[ozone-manager-1.4.0-SNAPSHOT.jar:?]
	at org.apache.hadoop.ozone.om.KeyManagerImpl.getFileStatus(KeyManagerImpl.java:1118) ~[ozone-manager-1.4.0-SNAPSHOT.jar:?]
	at org.apache.hadoop.ozone.om.OmMetadataReader.getFileStatus(OmMetadataReader.java:288) ~[ozone-manager-1.4.0-SNAPSHOT.jar:?]
	at org.apache.hadoop.ozone.om.OzoneManager.getFileStatus(OzoneManager.java:3491) ~[ozone-manager-1.4.0-SNAPSHOT.jar:?]
	at org.apache.hadoop.ozone.protocolPB.OzoneManagerRequestHandler.getOzoneFileStatus(OzoneManagerRequestHandler.java:934) ~[ozone-manager-1.4.0-SNAPSHOT.jar:?]
	at org.apache.hadoop.ozone.protocolPB.OzoneManagerRequestHandler.handleReadRequest(OzoneManagerRequestHandler.java:238) ~[ozone-manager-1.4.0-SNAPSHOT.jar:?]
	at org.apache.hadoop.ozone.protocolPB.OzoneManagerProtocolServerSideTranslatorPB.submitRequestDirectlyToOM(OzoneManagerProtocolServerSideTranslatorPB.java:272) ~[ozone-manager-1.4.0-SNAPSHOT.jar:?]
	at org.apache.hadoop.ozone.protocolPB.OzoneManagerProtocolServerSideTranslatorPB.processRequest(OzoneManagerProtocolServerSideTranslatorPB.java:173) ~[ozone-manager-1.4.0-SNAPSHOT.jar:?]
	at org.apache.hadoop.hdds.server.OzoneProtocolMessageDispatcher.processRequest(OzoneProtocolMessageDispatcher.java:87) [hdds-server-framework-1.4.0-SNAPSHOT.jar:?]
	at org.apache.hadoop.ozone.protocolPB.OzoneManagerProtocolServerSideTranslatorPB.submitRequest(OzoneManagerProtocolServerSideTranslatorPB.java:147) [ozone-manager-1.4.0-SNAPSHOT.jar:?]
	at org.apache.hadoop.ozone.protocol.proto.OzoneManagerProtocolProtos$OzoneManagerService$2.callBlockingMethod(OzoneManagerProtocolProtos.java) [ozone-interface-client-1.4.0-SNAPSHOT.jar:?]
	at org.apache.hadoop.ipc.ProtobufRpcEngine$Server.processCall(ProtobufRpcEngine.java:484) [hadoop-common-3.3.5.jar:?]
	at org.apache.hadoop.ipc.ProtobufRpcEngine2$Server$ProtoBufRpcInvoker.call(ProtobufRpcEngine2.java:595) [hadoop-common-3.3.5.jar:?]
	at org.apache.hadoop.ipc.ProtobufRpcEngine2$Server$ProtoBufRpcInvoker.call(ProtobufRpcEngine2.java:573) [hadoop-common-3.3.5.jar:?]
	at org.apache.hadoop.ipc.RPC$Server.call(RPC.java:1213) [hadoop-common-3.3.5.jar:?]
	at org.apache.hadoop.ipc.Server$RpcCall.run(Server.java:1089) [hadoop-common-3.3.5.jar:?]
	at org.apache.hadoop.ipc.Server$RpcCall.run(Server.java:1012) [hadoop-common-3.3.5.jar:?]
	at java.security.AccessController.doPrivileged(Native Method) ~[?:1.8.0_362]
	at javax.security.auth.Subject.doAs(Subject.java:422) [?:1.8.0_362]
	at org.apache.hadoop.security.UserGroupInformation.doAs(UserGroupInformation.java:1899) [hadoop-common-3.3.5.jar:?]
	at org.apache.hadoop.ipc.Server$Handler.run(Server.java:3026) [hadoop-common-3.3.5.jar:?]
11:24:44.292 [IPC Server handler 10 on default port 36969] ERROR OMAudit - user=runner | ip=127.0.0.1 | op=GET_FILE_STATUS {volume=volume23474, bucket=bucket17726, key=level0/level3, dataSize=0, replicationConfig=null} | ret=FAILURE
org.apache.hadoop.ozone.om.exceptions.OMException: Unable to get file status: volume: volume23474 bucket: bucket17726 key: level0/level3
	at org.apache.hadoop.ozone.om.KeyManagerImpl.getOzoneFileStatus(KeyManagerImpl.java:1200) ~[ozone-manager-1.4.0-SNAPSHOT.jar:?]
	at org.apache.hadoop.ozone.om.KeyManagerImpl.getFileStatus(KeyManagerImpl.java:1118) ~[ozone-manager-1.4.0-SNAPSHOT.jar:?]
	at org.apache.hadoop.ozone.om.OmMetadataReader.getFileStatus(OmMetadataReader.java:288) ~[ozone-manager-1.4.0-SNAPSHOT.jar:?]
	at org.apache.hadoop.ozone.om.OzoneManager.getFileStatus(OzoneManager.java:3491) ~[ozone-manager-1.4.0-SNAPSHOT.jar:?]
	at org.apache.hadoop.ozone.protocolPB.OzoneManagerRequestHandler.getOzoneFileStatus(OzoneManagerRequestHandler.java:934) ~[ozone-manager-1.4.0-SNAPSHOT.jar:?]
	at org.apache.hadoop.ozone.protocolPB.OzoneManagerRequestHandler.handleReadRequest(OzoneManagerRequestHandler.java:238) ~[ozone-manager-1.4.0-SNAPSHOT.jar:?]
	at org.apache.hadoop.ozone.protocolPB.OzoneManagerProtocolServerSideTranslatorPB.submitRequestDirectlyToOM(OzoneManagerProtocolServerSideTranslatorPB.java:272) ~[ozone-manager-1.4.0-SNAPSHOT.jar:?]
	at org.apache.hadoop.ozone.protocolPB.OzoneManagerProtocolServerSideTranslatorPB.processRequest(OzoneManagerProtocolServerSideTranslatorPB.java:173) ~[ozone-manager-1.4.0-SNAPSHOT.jar:?]
	at org.apache.hadoop.hdds.server.OzoneProtocolMessageDispatcher.processRequest(OzoneProtocolMessageDispatcher.java:87) [hdds-server-framework-1.4.0-SNAPSHOT.jar:?]
	at org.apache.hadoop.ozone.protocolPB.OzoneManagerProtocolServerSideTranslatorPB.submitRequest(OzoneManagerProtocolServerSideTranslatorPB.java:147) [ozone-manager-1.4.0-SNAPSHOT.jar:?]
	at org.apache.hadoop.ozone.protocol.proto.OzoneManagerProtocolProtos$OzoneManagerService$2.callBlockingMethod(OzoneManagerProtocolProtos.java) [ozone-interface-client-1.4.0-SNAPSHOT.jar:?]
	at org.apache.hadoop.ipc.ProtobufRpcEngine$Server.processCall(ProtobufRpcEngine.java:484) [hadoop-common-3.3.5.jar:?]
	at org.apache.hadoop.ipc.ProtobufRpcEngine2$Server$ProtoBufRpcInvoker.call(ProtobufRpcEngine2.java:595) [hadoop-common-3.3.5.jar:?]
	at org.apache.hadoop.ipc.ProtobufRpcEngine2$Server$ProtoBufRpcInvoker.call(ProtobufRpcEngine2.java:573) [hadoop-common-3.3.5.jar:?]
	at org.apache.hadoop.ipc.RPC$Server.call(RPC.java:1213) [hadoop-common-3.3.5.jar:?]
	at org.apache.hadoop.ipc.Server$RpcCall.run(Server.java:1089) [hadoop-common-3.3.5.jar:?]
	at org.apache.hadoop.ipc.Server$RpcCall.run(Server.java:1012) [hadoop-common-3.3.5.jar:?]
	at java.security.AccessController.doPrivileged(Native Method) ~[?:1.8.0_362]
	at javax.security.auth.Subject.doAs(Subject.java:422) [?:1.8.0_362]
	at org.apache.hadoop.security.UserGroupInformation.doAs(UserGroupInformation.java:1899) [hadoop-common-3.3.5.jar:?]
	at org.apache.hadoop.ipc.Server$Handler.run(Server.java:3026) [hadoop-common-3.3.5.jar:?]
11:24:44.293 [IPC Server handler 6 on default port 36969] ERROR OMAudit - user=runner | ip=127.0.0.1 | op=GET_FILE_STATUS {volume=volume23474, bucket=bucket17726, key=level0/level3/level3, dataSize=0, replicationConfig=null} | ret=FAILURE
org.apache.hadoop.ozone.om.exceptions.OMException: Unable to get file status: volume: volume23474 bucket: bucket17726 key: level0/level3/level3
	at org.apache.hadoop.ozone.om.KeyManagerImpl.getOzoneFileStatus(KeyManagerImpl.java:1200) ~[ozone-manager-1.4.0-SNAPSHOT.jar:?]
	at org.apache.hadoop.ozone.om.KeyManagerImpl.getFileStatus(KeyManagerImpl.java:1118) ~[ozone-manager-1.4.0-SNAPSHOT.jar:?]
	at org.apache.hadoop.ozone.om.OmMetadataReader.getFileStatus(OmMetadataReader.java:288) ~[ozone-manager-1.4.0-SNAPSHOT.jar:?]
	at org.apache.hadoop.ozone.om.OzoneManager.getFileStatus(OzoneManager.java:3491) ~[ozone-manager-1.4.0-SNAPSHOT.jar:?]
	at org.apache.hadoop.ozone.protocolPB.OzoneManagerRequestHandler.getOzoneFileStatus(OzoneManagerRequestHandler.java:934) ~[ozone-manager-1.4.0-SNAPSHOT.jar:?]
	at org.apache.hadoop.ozone.protocolPB.OzoneManagerRequestHandler.handleReadRequest(OzoneManagerRequestHandler.java:238) ~[ozone-manager-1.4.0-SNAPSHOT.jar:?]
	at org.apache.hadoop.ozone.protocolPB.OzoneManagerProtocolServerSideTranslatorPB.submitRequestDirectlyToOM(OzoneManagerProtocolServerSideTranslatorPB.java:272) ~[ozone-manager-1.4.0-SNAPSHOT.jar:?]
	at org.apache.hadoop.ozone.protocolPB.OzoneManagerProtocolServerSideTranslatorPB.processRequest(OzoneManagerProtocolServerSideTranslatorPB.java:173) ~[ozone-manager-1.4.0-SNAPSHOT.jar:?]
	at org.apache.hadoop.hdds.server.OzoneProtocolMessageDispatcher.processRequest(OzoneProtocolMessageDispatcher.java:87) [hdds-server-framework-1.4.0-SNAPSHOT.jar:?]
	at org.apache.hadoop.ozone.protocolPB.OzoneManagerProtocolServerSideTranslatorPB.submitRequest(OzoneManagerProtocolServerSideTranslatorPB.java:147) [ozone-manager-1.4.0-SNAPSHOT.jar:?]
	at org.apache.hadoop.ozone.protocol.proto.OzoneManagerProtocolProtos$OzoneManagerService$2.callBlockingMethod(OzoneManagerProtocolProtos.java) [ozone-interface-client-1.4.0-SNAPSHOT.jar:?]
	at org.apache.hadoop.ipc.ProtobufRpcEngine$Server.processCall(ProtobufRpcEngine.java:484) [hadoop-common-3.3.5.jar:?]
	at org.apache.hadoop.ipc.ProtobufRpcEngine2$Server$ProtoBufRpcInvoker.call(ProtobufRpcEngine2.java:595) [hadoop-common-3.3.5.jar:?]
	at org.apache.hadoop.ipc.ProtobufRpcEngine2$Server$ProtoBufRpcInvoker.call(ProtobufRpcEngine2.java:573) [hadoop-common-3.3.5.jar:?]
	at org.apache.hadoop.ipc.RPC$Server.call(RPC.java:1213) [hadoop-common-3.3.5.jar:?]
	at org.apache.hadoop.ipc.Server$RpcCall.run(Server.java:1089) [hadoop-common-3.3.5.jar:?]
	at org.apache.hadoop.ipc.Server$RpcCall.run(Server.java:1012) [hadoop-common-3.3.5.jar:?]
	at java.security.AccessController.doPrivileged(Native Method) ~[?:1.8.0_362]
	at javax.security.auth.Subject.doAs(Subject.java:422) [?:1.8.0_362]
	at org.apache.hadoop.security.UserGroupInformation.doAs(UserGroupInformation.java:1899) [hadoop-common-3.3.5.jar:?]
	at org.apache.hadoop.ipc.Server$Handler.run(Server.java:3026) [hadoop-common-3.3.5.jar:?]
11:24:44.295 [IPC Server handler 15 on default port 36969] ERROR OMAudit - user=runner | ip=127.0.0.1 | op=GET_FILE_STATUS {volume=volume23474, bucket=bucket17726, key=level0/level3/file1, dataSize=0, replicationConfig=null} | ret=FAILURE
org.apache.hadoop.ozone.om.exceptions.OMException: Unable to get file status: volume: volume23474 bucket: bucket17726 key: level0/level3/file1
	at org.apache.hadoop.ozone.om.KeyManagerImpl.getOzoneFileStatus(KeyManagerImpl.java:1200) ~[ozone-manager-1.4.0-SNAPSHOT.jar:?]
	at org.apache.hadoop.ozone.om.KeyManagerImpl.getFileStatus(KeyManagerImpl.java:1118) ~[ozone-manager-1.4.0-SNAPSHOT.jar:?]
	at org.apache.hadoop.ozone.om.OmMetadataReader.getFileStatus(OmMetadataReader.java:288) ~[ozone-manager-1.4.0-SNAPSHOT.jar:?]
	at org.apache.hadoop.ozone.om.OzoneManager.getFileStatus(OzoneManager.java:3491) ~[ozone-manager-1.4.0-SNAPSHOT.jar:?]
	at org.apache.hadoop.ozone.protocolPB.OzoneManagerRequestHandler.getOzoneFileStatus(OzoneManagerRequestHandler.java:934) ~[ozone-manager-1.4.0-SNAPSHOT.jar:?]
	at org.apache.hadoop.ozone.protocolPB.OzoneManagerRequestHandler.handleReadRequest(OzoneManagerRequestHandler.java:238) ~[ozone-manager-1.4.0-SNAPSHOT.jar:?]
	at org.apache.hadoop.ozone.protocolPB.OzoneManagerProtocolServerSideTranslatorPB.submitRequestDirectlyToOM(OzoneManagerProtocolServerSideTranslatorPB.java:272) ~[ozone-manager-1.4.0-SNAPSHOT.jar:?]
	at org.apache.hadoop.ozone.protocolPB.OzoneManagerProtocolServerSideTranslatorPB.processRequest(OzoneManagerProtocolServerSideTranslatorPB.java:173) ~[ozone-manager-1.4.0-SNAPSHOT.jar:?]
	at org.apache.hadoop.hdds.server.OzoneProtocolMessageDispatcher.processRequest(OzoneProtocolMessageDispatcher.java:87) [hdds-server-framework-1.4.0-SNAPSHOT.jar:?]
	at org.apache.hadoop.ozone.protocolPB.OzoneManagerProtocolServerSideTranslatorPB.submitRequest(OzoneManagerProtocolServerSideTranslatorPB.java:147) [ozone-manager-1.4.0-SNAPSHOT.jar:?]
	at org.apache.hadoop.ozone.protocol.proto.OzoneManagerProtocolProtos$OzoneManagerService$2.callBlockingMethod(OzoneManagerProtocolProtos.java) [ozone-interface-client-1.4.0-SNAPSHOT.jar:?]
	at org.apache.hadoop.ipc.ProtobufRpcEngine$Server.processCall(ProtobufRpcEngine.java:484) [hadoop-common-3.3.5.jar:?]
	at org.apache.hadoop.ipc.ProtobufRpcEngine2$Server$ProtoBufRpcInvoker.call(ProtobufRpcEngine2.java:595) [hadoop-common-3.3.5.jar:?]
	at org.apache.hadoop.ipc.ProtobufRpcEngine2$Server$ProtoBufRpcInvoker.call(ProtobufRpcEngine2.java:573) [hadoop-common-3.3.5.jar:?]
	at org.apache.hadoop.ipc.RPC$Server.call(RPC.java:1213) [hadoop-common-3.3.5.jar:?]
	at org.apache.hadoop.ipc.Server$RpcCall.run(Server.java:1089) [hadoop-common-3.3.5.jar:?]
	at org.apache.hadoop.ipc.Server$RpcCall.run(Server.java:1012) [hadoop-common-3.3.5.jar:?]
	at java.security.AccessController.doPrivileged(Native Method) ~[?:1.8.0_362]
	at javax.security.auth.Subject.doAs(Subject.java:422) [?:1.8.0_362]
	at org.apache.hadoop.security.UserGroupInformation.doAs(UserGroupInformation.java:1899) [hadoop-common-3.3.5.jar:?]
	at org.apache.hadoop.ipc.Server$Handler.run(Server.java:3026) [hadoop-common-3.3.5.jar:?]
11:24:44.296 [IPC Server handler 18 on default port 36969] ERROR OMAudit - user=runner | ip=127.0.0.1 | op=GET_FILE_STATUS {volume=volume23474, bucket=bucket17726, key=level0/level3/level3/file1, dataSize=0, replicationConfig=null} | ret=FAILURE
org.apache.hadoop.ozone.om.exceptions.OMException: Unable to get file status: volume: volume23474 bucket: bucket17726 key: level0/level3/level3/file1
	at org.apache.hadoop.ozone.om.KeyManagerImpl.getOzoneFileStatus(KeyManagerImpl.java:1200) ~[ozone-manager-1.4.0-SNAPSHOT.jar:?]
	at org.apache.hadoop.ozone.om.KeyManagerImpl.getFileStatus(KeyManagerImpl.java:1118) ~[ozone-manager-1.4.0-SNAPSHOT.jar:?]
	at org.apache.hadoop.ozone.om.OmMetadataReader.getFileStatus(OmMetadataReader.java:288) ~[ozone-manager-1.4.0-SNAPSHOT.jar:?]
	at org.apache.hadoop.ozone.om.OzoneManager.getFileStatus(OzoneManager.java:3491) ~[ozone-manager-1.4.0-SNAPSHOT.jar:?]
	at org.apache.hadoop.ozone.protocolPB.OzoneManagerRequestHandler.getOzoneFileStatus(OzoneManagerRequestHandler.java:934) ~[ozone-manager-1.4.0-SNAPSHOT.jar:?]
	at org.apache.hadoop.ozone.protocolPB.OzoneManagerRequestHandler.handleReadRequest(OzoneManagerRequestHandler.java:238) ~[ozone-manager-1.4.0-SNAPSHOT.jar:?]
	at org.apache.hadoop.ozone.protocolPB.OzoneManagerProtocolServerSideTranslatorPB.submitRequestDirectlyToOM(OzoneManagerProtocolServerSideTranslatorPB.java:272) ~[ozone-manager-1.4.0-SNAPSHOT.jar:?]
	at org.apache.hadoop.ozone.protocolPB.OzoneManagerProtocolServerSideTranslatorPB.processRequest(OzoneManagerProtocolServerSideTranslatorPB.java:173) ~[ozone-manager-1.4.0-SNAPSHOT.jar:?]
	at org.apache.hadoop.hdds.server.OzoneProtocolMessageDispatcher.processRequest(OzoneProtocolMessageDispatcher.java:87) [hdds-server-framework-1.4.0-SNAPSHOT.jar:?]
	at org.apache.hadoop.ozone.protocolPB.OzoneManagerProtocolServerSideTranslatorPB.submitRequest(OzoneManagerProtocolServerSideTranslatorPB.java:147) [ozone-manager-1.4.0-SNAPSHOT.jar:?]
	at org.apache.hadoop.ozone.protocol.proto.OzoneManagerProtocolProtos$OzoneManagerService$2.callBlockingMethod(OzoneManagerProtocolProtos.java) [ozone-interface-client-1.4.0-SNAPSHOT.jar:?]
	at org.apache.hadoop.ipc.ProtobufRpcEngine$Server.processCall(ProtobufRpcEngine.java:484) [hadoop-common-3.3.5.jar:?]
	at org.apache.hadoop.ipc.ProtobufRpcEngine2$Server$ProtoBufRpcInvoker.call(ProtobufRpcEngine2.java:595) [hadoop-common-3.3.5.jar:?]
	at org.apache.hadoop.ipc.ProtobufRpcEngine2$Server$ProtoBufRpcInvoker.call(ProtobufRpcEngine2.java:573) [hadoop-common-3.3.5.jar:?]
	at org.apache.hadoop.ipc.RPC$Server.call(RPC.java:1213) [hadoop-common-3.3.5.jar:?]
	at org.apache.hadoop.ipc.Server$RpcCall.run(Server.java:1089) [hadoop-common-3.3.5.jar:?]
	at org.apache.hadoop.ipc.Server$RpcCall.run(Server.java:1012) [hadoop-common-3.3.5.jar:?]
	at java.security.AccessController.doPrivileged(Native Method) ~[?:1.8.0_362]
	at javax.security.auth.Subject.doAs(Subject.java:422) [?:1.8.0_362]
	at org.apache.hadoop.security.UserGroupInformation.doAs(UserGroupInformation.java:1899) [hadoop-common-3.3.5.jar:?]
	at org.apache.hadoop.ipc.Server$Handler.run(Server.java:3026) [hadoop-common-3.3.5.jar:?]
]]></system-out>
  </testcase>
  <testcase name="testRecursiveDelete" classname="TestOzoneFileSystem" time="0.133">
    <system-out><![CDATA[2023-04-11 11:25:35,492 [OM StateMachine ApplyTransaction Thread - 0] INFO  key.OMKeyRequest (OMKeyRequest.java:wrapUncommittedBlocksAsPseudoKey(838)) - Detect allocated but uncommitted blocks [{blockID={containerID=4, localID=111677748019200014}, length=4194304, offset=0, token=null, pipeline=null, createVersion=0, partNumber=0}] in key gdir1/pdir1/child.
2023-04-11 11:25:35,496 [OM StateMachine ApplyTransaction Thread - 0] INFO  key.OMKeyRequest (OMKeyRequest.java:wrapUncommittedBlocksAsPseudoKey(838)) - Detect allocated but uncommitted blocks [{blockID={containerID=1, localID=111677748019200015}, length=4194304, offset=0, token=null, pipeline=null, createVersion=0, partNumber=0}] in key gdir1/pdir2/child.
2023-04-11 11:25:35,500 [OM StateMachine ApplyTransaction Thread - 0] INFO  key.OMKeyRequest (OMKeyRequest.java:wrapUncommittedBlocksAsPseudoKey(838)) - Detect allocated but uncommitted blocks [{blockID={containerID=3, localID=111677748019200016}, length=4194304, offset=0, token=null, pipeline=null, createVersion=0, partNumber=0}] in key gdir1/pdir3/child.
2023-04-11 11:25:35,506 [OM StateMachine ApplyTransaction Thread - 0] INFO  key.OMKeyRequest (OMKeyRequest.java:wrapUncommittedBlocksAsPseudoKey(838)) - Detect allocated but uncommitted blocks [{blockID={containerID=4, localID=111677748019200017}, length=4194304, offset=0, token=null, pipeline=null, createVersion=0, partNumber=0}] in key gdir1/pdir4/child.
2023-04-11 11:25:35,510 [OM StateMachine ApplyTransaction Thread - 0] INFO  key.OMKeyRequest (OMKeyRequest.java:wrapUncommittedBlocksAsPseudoKey(838)) - Detect allocated but uncommitted blocks [{blockID={containerID=2, localID=111677748019200018}, length=4194304, offset=0, token=null, pipeline=null, createVersion=0, partNumber=0}] in key gdir1/pdir5/child.
2023-04-11 11:25:35,514 [OM StateMachine ApplyTransaction Thread - 0] INFO  key.OMKeyRequest (OMKeyRequest.java:wrapUncommittedBlocksAsPseudoKey(838)) - Detect allocated but uncommitted blocks [{blockID={containerID=3, localID=111677748019200019}, length=4194304, offset=0, token=null, pipeline=null, createVersion=0, partNumber=0}] in key gdir1/pdir6/child.
2023-04-11 11:25:35,518 [OM StateMachine ApplyTransaction Thread - 0] INFO  key.OMKeyRequest (OMKeyRequest.java:wrapUncommittedBlocksAsPseudoKey(838)) - Detect allocated but uncommitted blocks [{blockID={containerID=1, localID=111677748019200020}, length=4194304, offset=0, token=null, pipeline=null, createVersion=0, partNumber=0}] in key gdir1/pdir7/child.
2023-04-11 11:25:35,523 [OM StateMachine ApplyTransaction Thread - 0] INFO  key.OMKeyRequest (OMKeyRequest.java:wrapUncommittedBlocksAsPseudoKey(838)) - Detect allocated but uncommitted blocks [{blockID={containerID=2, localID=111677748019200021}, length=4194304, offset=0, token=null, pipeline=null, createVersion=0, partNumber=0}] in key gdir1/pdir8/child.
2023-04-11 11:25:35,527 [OM StateMachine ApplyTransaction Thread - 0] INFO  key.OMKeyRequest (OMKeyRequest.java:wrapUncommittedBlocksAsPseudoKey(838)) - Detect allocated but uncommitted blocks [{blockID={containerID=1, localID=111677748019200022}, length=4194304, offset=0, token=null, pipeline=null, createVersion=0, partNumber=0}] in key gdir1/pdir9/child.
2023-04-11 11:25:35,531 [OM StateMachine ApplyTransaction Thread - 0] INFO  key.OMKeyRequest (OMKeyRequest.java:wrapUncommittedBlocksAsPseudoKey(838)) - Detect allocated but uncommitted blocks [{blockID={containerID=4, localID=111677748019200023}, length=4194304, offset=0, token=null, pipeline=null, createVersion=0, partNumber=0}] in key gdir1/pdir10/child.
11:25:35.543 [IPC Server handler 6 on default port 39679] ERROR OMAudit - user=runner | ip=127.0.0.1 | op=GET_FILE_STATUS {volume=volume21709, bucket=bucket98076, key=gdir1, dataSize=0, replicationConfig=null} | ret=FAILURE
org.apache.hadoop.ozone.om.exceptions.OMException: Unable to get file status: volume: volume21709 bucket: bucket98076 key: gdir1
	at org.apache.hadoop.ozone.om.KeyManagerImpl.getOzoneFileStatus(KeyManagerImpl.java:1200) ~[ozone-manager-1.4.0-SNAPSHOT.jar:?]
	at org.apache.hadoop.ozone.om.KeyManagerImpl.getFileStatus(KeyManagerImpl.java:1118) ~[ozone-manager-1.4.0-SNAPSHOT.jar:?]
	at org.apache.hadoop.ozone.om.OmMetadataReader.getFileStatus(OmMetadataReader.java:288) ~[ozone-manager-1.4.0-SNAPSHOT.jar:?]
	at org.apache.hadoop.ozone.om.OzoneManager.getFileStatus(OzoneManager.java:3491) ~[ozone-manager-1.4.0-SNAPSHOT.jar:?]
	at org.apache.hadoop.ozone.protocolPB.OzoneManagerRequestHandler.getOzoneFileStatus(OzoneManagerRequestHandler.java:934) ~[ozone-manager-1.4.0-SNAPSHOT.jar:?]
	at org.apache.hadoop.ozone.protocolPB.OzoneManagerRequestHandler.handleReadRequest(OzoneManagerRequestHandler.java:238) ~[ozone-manager-1.4.0-SNAPSHOT.jar:?]
	at org.apache.hadoop.ozone.protocolPB.OzoneManagerProtocolServerSideTranslatorPB.submitReadRequestToOM(OzoneManagerProtocolServerSideTranslatorPB.java:223) ~[ozone-manager-1.4.0-SNAPSHOT.jar:?]
	at org.apache.hadoop.ozone.protocolPB.OzoneManagerProtocolServerSideTranslatorPB.processRequest(OzoneManagerProtocolServerSideTranslatorPB.java:177) ~[ozone-manager-1.4.0-SNAPSHOT.jar:?]
	at org.apache.hadoop.hdds.server.OzoneProtocolMessageDispatcher.processRequest(OzoneProtocolMessageDispatcher.java:87) [hdds-server-framework-1.4.0-SNAPSHOT.jar:?]
	at org.apache.hadoop.ozone.protocolPB.OzoneManagerProtocolServerSideTranslatorPB.submitRequest(OzoneManagerProtocolServerSideTranslatorPB.java:147) [ozone-manager-1.4.0-SNAPSHOT.jar:?]
	at org.apache.hadoop.ozone.protocol.proto.OzoneManagerProtocolProtos$OzoneManagerService$2.callBlockingMethod(OzoneManagerProtocolProtos.java) [ozone-interface-client-1.4.0-SNAPSHOT.jar:?]
	at org.apache.hadoop.ipc.ProtobufRpcEngine$Server.processCall(ProtobufRpcEngine.java:484) [hadoop-common-3.3.5.jar:?]
	at org.apache.hadoop.ipc.ProtobufRpcEngine2$Server$ProtoBufRpcInvoker.call(ProtobufRpcEngine2.java:595) [hadoop-common-3.3.5.jar:?]
	at org.apache.hadoop.ipc.ProtobufRpcEngine2$Server$ProtoBufRpcInvoker.call(ProtobufRpcEngine2.java:573) [hadoop-common-3.3.5.jar:?]
	at org.apache.hadoop.ipc.RPC$Server.call(RPC.java:1213) [hadoop-common-3.3.5.jar:?]
	at org.apache.hadoop.ipc.Server$RpcCall.run(Server.java:1089) [hadoop-common-3.3.5.jar:?]
	at org.apache.hadoop.ipc.Server$RpcCall.run(Server.java:1012) [hadoop-common-3.3.5.jar:?]
	at java.security.AccessController.doPrivileged(Native Method) ~[?:1.8.0_362]
	at javax.security.auth.Subject.doAs(Subject.java:422) [?:1.8.0_362]
	at org.apache.hadoop.security.UserGroupInformation.doAs(UserGroupInformation.java:1899) [hadoop-common-3.3.5.jar:?]
	at org.apache.hadoop.ipc.Server$Handler.run(Server.java:3026) [hadoop-common-3.3.5.jar:?]
11:25:35.544 [IPC Server handler 8 on default port 39679] ERROR OMAudit - user=runner | ip=127.0.0.1 | op=GET_FILE_STATUS {volume=volume21709, bucket=bucket98076, key=gdir1/dir1, dataSize=0, replicationConfig=null} | ret=FAILURE
org.apache.hadoop.ozone.om.exceptions.OMException: Unable to get file status: volume: volume21709 bucket: bucket98076 key: gdir1/dir1
	at org.apache.hadoop.ozone.om.KeyManagerImpl.getOzoneFileStatus(KeyManagerImpl.java:1200) ~[ozone-manager-1.4.0-SNAPSHOT.jar:?]
	at org.apache.hadoop.ozone.om.KeyManagerImpl.getFileStatus(KeyManagerImpl.java:1118) ~[ozone-manager-1.4.0-SNAPSHOT.jar:?]
	at org.apache.hadoop.ozone.om.OmMetadataReader.getFileStatus(OmMetadataReader.java:288) ~[ozone-manager-1.4.0-SNAPSHOT.jar:?]
	at org.apache.hadoop.ozone.om.OzoneManager.getFileStatus(OzoneManager.java:3491) ~[ozone-manager-1.4.0-SNAPSHOT.jar:?]
	at org.apache.hadoop.ozone.protocolPB.OzoneManagerRequestHandler.getOzoneFileStatus(OzoneManagerRequestHandler.java:934) ~[ozone-manager-1.4.0-SNAPSHOT.jar:?]
	at org.apache.hadoop.ozone.protocolPB.OzoneManagerRequestHandler.handleReadRequest(OzoneManagerRequestHandler.java:238) ~[ozone-manager-1.4.0-SNAPSHOT.jar:?]
	at org.apache.hadoop.ozone.protocolPB.OzoneManagerProtocolServerSideTranslatorPB.submitReadRequestToOM(OzoneManagerProtocolServerSideTranslatorPB.java:223) ~[ozone-manager-1.4.0-SNAPSHOT.jar:?]
	at org.apache.hadoop.ozone.protocolPB.OzoneManagerProtocolServerSideTranslatorPB.processRequest(OzoneManagerProtocolServerSideTranslatorPB.java:177) ~[ozone-manager-1.4.0-SNAPSHOT.jar:?]
	at org.apache.hadoop.hdds.server.OzoneProtocolMessageDispatcher.processRequest(OzoneProtocolMessageDispatcher.java:87) [hdds-server-framework-1.4.0-SNAPSHOT.jar:?]
	at org.apache.hadoop.ozone.protocolPB.OzoneManagerProtocolServerSideTranslatorPB.submitRequest(OzoneManagerProtocolServerSideTranslatorPB.java:147) [ozone-manager-1.4.0-SNAPSHOT.jar:?]
	at org.apache.hadoop.ozone.protocol.proto.OzoneManagerProtocolProtos$OzoneManagerService$2.callBlockingMethod(OzoneManagerProtocolProtos.java) [ozone-interface-client-1.4.0-SNAPSHOT.jar:?]
	at org.apache.hadoop.ipc.ProtobufRpcEngine$Server.processCall(ProtobufRpcEngine.java:484) [hadoop-common-3.3.5.jar:?]
	at org.apache.hadoop.ipc.ProtobufRpcEngine2$Server$ProtoBufRpcInvoker.call(ProtobufRpcEngine2.java:595) [hadoop-common-3.3.5.jar:?]
	at org.apache.hadoop.ipc.ProtobufRpcEngine2$Server$ProtoBufRpcInvoker.call(ProtobufRpcEngine2.java:573) [hadoop-common-3.3.5.jar:?]
	at org.apache.hadoop.ipc.RPC$Server.call(RPC.java:1213) [hadoop-common-3.3.5.jar:?]
	at org.apache.hadoop.ipc.Server$RpcCall.run(Server.java:1089) [hadoop-common-3.3.5.jar:?]
	at org.apache.hadoop.ipc.Server$RpcCall.run(Server.java:1012) [hadoop-common-3.3.5.jar:?]
	at java.security.AccessController.doPrivileged(Native Method) ~[?:1.8.0_362]
	at javax.security.auth.Subject.doAs(Subject.java:422) [?:1.8.0_362]
	at org.apache.hadoop.security.UserGroupInformation.doAs(UserGroupInformation.java:1899) [hadoop-common-3.3.5.jar:?]
	at org.apache.hadoop.ipc.Server$Handler.run(Server.java:3026) [hadoop-common-3.3.5.jar:?]
11:25:35.545 [IPC Server handler 10 on default port 39679] ERROR OMAudit - user=runner | ip=127.0.0.1 | op=GET_FILE_STATUS {volume=volume21709, bucket=bucket98076, key=gdir1/dir1/child, dataSize=0, replicationConfig=null} | ret=FAILURE
org.apache.hadoop.ozone.om.exceptions.OMException: Unable to get file status: volume: volume21709 bucket: bucket98076 key: gdir1/dir1/child
	at org.apache.hadoop.ozone.om.KeyManagerImpl.getOzoneFileStatus(KeyManagerImpl.java:1200) ~[ozone-manager-1.4.0-SNAPSHOT.jar:?]
	at org.apache.hadoop.ozone.om.KeyManagerImpl.getFileStatus(KeyManagerImpl.java:1118) ~[ozone-manager-1.4.0-SNAPSHOT.jar:?]
	at org.apache.hadoop.ozone.om.OmMetadataReader.getFileStatus(OmMetadataReader.java:288) ~[ozone-manager-1.4.0-SNAPSHOT.jar:?]
	at org.apache.hadoop.ozone.om.OzoneManager.getFileStatus(OzoneManager.java:3491) ~[ozone-manager-1.4.0-SNAPSHOT.jar:?]
	at org.apache.hadoop.ozone.protocolPB.OzoneManagerRequestHandler.getOzoneFileStatus(OzoneManagerRequestHandler.java:934) ~[ozone-manager-1.4.0-SNAPSHOT.jar:?]
	at org.apache.hadoop.ozone.protocolPB.OzoneManagerRequestHandler.handleReadRequest(OzoneManagerRequestHandler.java:238) ~[ozone-manager-1.4.0-SNAPSHOT.jar:?]
	at org.apache.hadoop.ozone.protocolPB.OzoneManagerProtocolServerSideTranslatorPB.submitReadRequestToOM(OzoneManagerProtocolServerSideTranslatorPB.java:223) ~[ozone-manager-1.4.0-SNAPSHOT.jar:?]
	at org.apache.hadoop.ozone.protocolPB.OzoneManagerProtocolServerSideTranslatorPB.processRequest(OzoneManagerProtocolServerSideTranslatorPB.java:177) ~[ozone-manager-1.4.0-SNAPSHOT.jar:?]
	at org.apache.hadoop.hdds.server.OzoneProtocolMessageDispatcher.processRequest(OzoneProtocolMessageDispatcher.java:87) [hdds-server-framework-1.4.0-SNAPSHOT.jar:?]
	at org.apache.hadoop.ozone.protocolPB.OzoneManagerProtocolServerSideTranslatorPB.submitRequest(OzoneManagerProtocolServerSideTranslatorPB.java:147) [ozone-manager-1.4.0-SNAPSHOT.jar:?]
	at org.apache.hadoop.ozone.protocol.proto.OzoneManagerProtocolProtos$OzoneManagerService$2.callBlockingMethod(OzoneManagerProtocolProtos.java) [ozone-interface-client-1.4.0-SNAPSHOT.jar:?]
	at org.apache.hadoop.ipc.ProtobufRpcEngine$Server.processCall(ProtobufRpcEngine.java:484) [hadoop-common-3.3.5.jar:?]
	at org.apache.hadoop.ipc.ProtobufRpcEngine2$Server$ProtoBufRpcInvoker.call(ProtobufRpcEngine2.java:595) [hadoop-common-3.3.5.jar:?]
	at org.apache.hadoop.ipc.ProtobufRpcEngine2$Server$ProtoBufRpcInvoker.call(ProtobufRpcEngine2.java:573) [hadoop-common-3.3.5.jar:?]
	at org.apache.hadoop.ipc.RPC$Server.call(RPC.java:1213) [hadoop-common-3.3.5.jar:?]
	at org.apache.hadoop.ipc.Server$RpcCall.run(Server.java:1089) [hadoop-common-3.3.5.jar:?]
	at org.apache.hadoop.ipc.Server$RpcCall.run(Server.java:1012) [hadoop-common-3.3.5.jar:?]
	at java.security.AccessController.doPrivileged(Native Method) ~[?:1.8.0_362]
	at javax.security.auth.Subject.doAs(Subject.java:422) [?:1.8.0_362]
	at org.apache.hadoop.security.UserGroupInformation.doAs(UserGroupInformation.java:1899) [hadoop-common-3.3.5.jar:?]
	at org.apache.hadoop.ipc.Server$Handler.run(Server.java:3026) [hadoop-common-3.3.5.jar:?]
11:25:35.545 [IPC Server handler 11 on default port 39679] ERROR OMAudit - user=runner | ip=127.0.0.1 | op=GET_FILE_STATUS {volume=volume21709, bucket=bucket98076, key=gdir1/dir2, dataSize=0, replicationConfig=null} | ret=FAILURE
org.apache.hadoop.ozone.om.exceptions.OMException: Unable to get file status: volume: volume21709 bucket: bucket98076 key: gdir1/dir2
	at org.apache.hadoop.ozone.om.KeyManagerImpl.getOzoneFileStatus(KeyManagerImpl.java:1200) ~[ozone-manager-1.4.0-SNAPSHOT.jar:?]
	at org.apache.hadoop.ozone.om.KeyManagerImpl.getFileStatus(KeyManagerImpl.java:1118) ~[ozone-manager-1.4.0-SNAPSHOT.jar:?]
	at org.apache.hadoop.ozone.om.OmMetadataReader.getFileStatus(OmMetadataReader.java:288) ~[ozone-manager-1.4.0-SNAPSHOT.jar:?]
	at org.apache.hadoop.ozone.om.OzoneManager.getFileStatus(OzoneManager.java:3491) ~[ozone-manager-1.4.0-SNAPSHOT.jar:?]
	at org.apache.hadoop.ozone.protocolPB.OzoneManagerRequestHandler.getOzoneFileStatus(OzoneManagerRequestHandler.java:934) ~[ozone-manager-1.4.0-SNAPSHOT.jar:?]
	at org.apache.hadoop.ozone.protocolPB.OzoneManagerRequestHandler.handleReadRequest(OzoneManagerRequestHandler.java:238) ~[ozone-manager-1.4.0-SNAPSHOT.jar:?]
	at org.apache.hadoop.ozone.protocolPB.OzoneManagerProtocolServerSideTranslatorPB.submitReadRequestToOM(OzoneManagerProtocolServerSideTranslatorPB.java:223) ~[ozone-manager-1.4.0-SNAPSHOT.jar:?]
	at org.apache.hadoop.ozone.protocolPB.OzoneManagerProtocolServerSideTranslatorPB.processRequest(OzoneManagerProtocolServerSideTranslatorPB.java:177) ~[ozone-manager-1.4.0-SNAPSHOT.jar:?]
	at org.apache.hadoop.hdds.server.OzoneProtocolMessageDispatcher.processRequest(OzoneProtocolMessageDispatcher.java:87) [hdds-server-framework-1.4.0-SNAPSHOT.jar:?]
	at org.apache.hadoop.ozone.protocolPB.OzoneManagerProtocolServerSideTranslatorPB.submitRequest(OzoneManagerProtocolServerSideTranslatorPB.java:147) [ozone-manager-1.4.0-SNAPSHOT.jar:?]
	at org.apache.hadoop.ozone.protocol.proto.OzoneManagerProtocolProtos$OzoneManagerService$2.callBlockingMethod(OzoneManagerProtocolProtos.java) [ozone-interface-client-1.4.0-SNAPSHOT.jar:?]
	at org.apache.hadoop.ipc.ProtobufRpcEngine$Server.processCall(ProtobufRpcEngine.java:484) [hadoop-common-3.3.5.jar:?]
	at org.apache.hadoop.ipc.ProtobufRpcEngine2$Server$ProtoBufRpcInvoker.call(ProtobufRpcEngine2.java:595) [hadoop-common-3.3.5.jar:?]
	at org.apache.hadoop.ipc.ProtobufRpcEngine2$Server$ProtoBufRpcInvoker.call(ProtobufRpcEngine2.java:573) [hadoop-common-3.3.5.jar:?]
	at org.apache.hadoop.ipc.RPC$Server.call(RPC.java:1213) [hadoop-common-3.3.5.jar:?]
	at org.apache.hadoop.ipc.Server$RpcCall.run(Server.java:1089) [hadoop-common-3.3.5.jar:?]
	at org.apache.hadoop.ipc.Server$RpcCall.run(Server.java:1012) [hadoop-common-3.3.5.jar:?]
	at java.security.AccessController.doPrivileged(Native Method) ~[?:1.8.0_362]
	at javax.security.auth.Subject.doAs(Subject.java:422) [?:1.8.0_362]
	at org.apache.hadoop.security.UserGroupInformation.doAs(UserGroupInformation.java:1899) [hadoop-common-3.3.5.jar:?]
	at org.apache.hadoop.ipc.Server$Handler.run(Server.java:3026) [hadoop-common-3.3.5.jar:?]
11:25:35.546 [IPC Server handler 9 on default port 39679] ERROR OMAudit - user=runner | ip=127.0.0.1 | op=GET_FILE_STATUS {volume=volume21709, bucket=bucket98076, key=gdir1/dir2/child, dataSize=0, replicationConfig=null} | ret=FAILURE
org.apache.hadoop.ozone.om.exceptions.OMException: Unable to get file status: volume: volume21709 bucket: bucket98076 key: gdir1/dir2/child
	at org.apache.hadoop.ozone.om.KeyManagerImpl.getOzoneFileStatus(KeyManagerImpl.java:1200) ~[ozone-manager-1.4.0-SNAPSHOT.jar:?]
	at org.apache.hadoop.ozone.om.KeyManagerImpl.getFileStatus(KeyManagerImpl.java:1118) ~[ozone-manager-1.4.0-SNAPSHOT.jar:?]
	at org.apache.hadoop.ozone.om.OmMetadataReader.getFileStatus(OmMetadataReader.java:288) ~[ozone-manager-1.4.0-SNAPSHOT.jar:?]
	at org.apache.hadoop.ozone.om.OzoneManager.getFileStatus(OzoneManager.java:3491) ~[ozone-manager-1.4.0-SNAPSHOT.jar:?]
	at org.apache.hadoop.ozone.protocolPB.OzoneManagerRequestHandler.getOzoneFileStatus(OzoneManagerRequestHandler.java:934) ~[ozone-manager-1.4.0-SNAPSHOT.jar:?]
	at org.apache.hadoop.ozone.protocolPB.OzoneManagerRequestHandler.handleReadRequest(OzoneManagerRequestHandler.java:238) ~[ozone-manager-1.4.0-SNAPSHOT.jar:?]
	at org.apache.hadoop.ozone.protocolPB.OzoneManagerProtocolServerSideTranslatorPB.submitReadRequestToOM(OzoneManagerProtocolServerSideTranslatorPB.java:223) ~[ozone-manager-1.4.0-SNAPSHOT.jar:?]
	at org.apache.hadoop.ozone.protocolPB.OzoneManagerProtocolServerSideTranslatorPB.processRequest(OzoneManagerProtocolServerSideTranslatorPB.java:177) ~[ozone-manager-1.4.0-SNAPSHOT.jar:?]
	at org.apache.hadoop.hdds.server.OzoneProtocolMessageDispatcher.processRequest(OzoneProtocolMessageDispatcher.java:87) [hdds-server-framework-1.4.0-SNAPSHOT.jar:?]
	at org.apache.hadoop.ozone.protocolPB.OzoneManagerProtocolServerSideTranslatorPB.submitRequest(OzoneManagerProtocolServerSideTranslatorPB.java:147) [ozone-manager-1.4.0-SNAPSHOT.jar:?]
	at org.apache.hadoop.ozone.protocol.proto.OzoneManagerProtocolProtos$OzoneManagerService$2.callBlockingMethod(OzoneManagerProtocolProtos.java) [ozone-interface-client-1.4.0-SNAPSHOT.jar:?]
	at org.apache.hadoop.ipc.ProtobufRpcEngine$Server.processCall(ProtobufRpcEngine.java:484) [hadoop-common-3.3.5.jar:?]
	at org.apache.hadoop.ipc.ProtobufRpcEngine2$Server$ProtoBufRpcInvoker.call(ProtobufRpcEngine2.java:595) [hadoop-common-3.3.5.jar:?]
	at org.apache.hadoop.ipc.ProtobufRpcEngine2$Server$ProtoBufRpcInvoker.call(ProtobufRpcEngine2.java:573) [hadoop-common-3.3.5.jar:?]
	at org.apache.hadoop.ipc.RPC$Server.call(RPC.java:1213) [hadoop-common-3.3.5.jar:?]
	at org.apache.hadoop.ipc.Server$RpcCall.run(Server.java:1089) [hadoop-common-3.3.5.jar:?]
	at org.apache.hadoop.ipc.Server$RpcCall.run(Server.java:1012) [hadoop-common-3.3.5.jar:?]
	at java.security.AccessController.doPrivileged(Native Method) ~[?:1.8.0_362]
	at javax.security.auth.Subject.doAs(Subject.java:422) [?:1.8.0_362]
	at org.apache.hadoop.security.UserGroupInformation.doAs(UserGroupInformation.java:1899) [hadoop-common-3.3.5.jar:?]
	at org.apache.hadoop.ipc.Server$Handler.run(Server.java:3026) [hadoop-common-3.3.5.jar:?]
11:25:35.546 [IPC Server handler 13 on default port 39679] ERROR OMAudit - user=runner | ip=127.0.0.1 | op=GET_FILE_STATUS {volume=volume21709, bucket=bucket98076, key=gdir1/dir3, dataSize=0, replicationConfig=null} | ret=FAILURE
org.apache.hadoop.ozone.om.exceptions.OMException: Unable to get file status: volume: volume21709 bucket: bucket98076 key: gdir1/dir3
	at org.apache.hadoop.ozone.om.KeyManagerImpl.getOzoneFileStatus(KeyManagerImpl.java:1200) ~[ozone-manager-1.4.0-SNAPSHOT.jar:?]
	at org.apache.hadoop.ozone.om.KeyManagerImpl.getFileStatus(KeyManagerImpl.java:1118) ~[ozone-manager-1.4.0-SNAPSHOT.jar:?]
	at org.apache.hadoop.ozone.om.OmMetadataReader.getFileStatus(OmMetadataReader.java:288) ~[ozone-manager-1.4.0-SNAPSHOT.jar:?]
	at org.apache.hadoop.ozone.om.OzoneManager.getFileStatus(OzoneManager.java:3491) ~[ozone-manager-1.4.0-SNAPSHOT.jar:?]
	at org.apache.hadoop.ozone.protocolPB.OzoneManagerRequestHandler.getOzoneFileStatus(OzoneManagerRequestHandler.java:934) ~[ozone-manager-1.4.0-SNAPSHOT.jar:?]
	at org.apache.hadoop.ozone.protocolPB.OzoneManagerRequestHandler.handleReadRequest(OzoneManagerRequestHandler.java:238) ~[ozone-manager-1.4.0-SNAPSHOT.jar:?]
	at org.apache.hadoop.ozone.protocolPB.OzoneManagerProtocolServerSideTranslatorPB.submitReadRequestToOM(OzoneManagerProtocolServerSideTranslatorPB.java:223) ~[ozone-manager-1.4.0-SNAPSHOT.jar:?]
	at org.apache.hadoop.ozone.protocolPB.OzoneManagerProtocolServerSideTranslatorPB.processRequest(OzoneManagerProtocolServerSideTranslatorPB.java:177) ~[ozone-manager-1.4.0-SNAPSHOT.jar:?]
	at org.apache.hadoop.hdds.server.OzoneProtocolMessageDispatcher.processRequest(OzoneProtocolMessageDispatcher.java:87) [hdds-server-framework-1.4.0-SNAPSHOT.jar:?]
	at org.apache.hadoop.ozone.protocolPB.OzoneManagerProtocolServerSideTranslatorPB.submitRequest(OzoneManagerProtocolServerSideTranslatorPB.java:147) [ozone-manager-1.4.0-SNAPSHOT.jar:?]
	at org.apache.hadoop.ozone.protocol.proto.OzoneManagerProtocolProtos$OzoneManagerService$2.callBlockingMethod(OzoneManagerProtocolProtos.java) [ozone-interface-client-1.4.0-SNAPSHOT.jar:?]
	at org.apache.hadoop.ipc.ProtobufRpcEngine$Server.processCall(ProtobufRpcEngine.java:484) [hadoop-common-3.3.5.jar:?]
	at org.apache.hadoop.ipc.ProtobufRpcEngine2$Server$ProtoBufRpcInvoker.call(ProtobufRpcEngine2.java:595) [hadoop-common-3.3.5.jar:?]
	at org.apache.hadoop.ipc.ProtobufRpcEngine2$Server$ProtoBufRpcInvoker.call(ProtobufRpcEngine2.java:573) [hadoop-common-3.3.5.jar:?]
	at org.apache.hadoop.ipc.RPC$Server.call(RPC.java:1213) [hadoop-common-3.3.5.jar:?]
	at org.apache.hadoop.ipc.Server$RpcCall.run(Server.java:1089) [hadoop-common-3.3.5.jar:?]
	at org.apache.hadoop.ipc.Server$RpcCall.run(Server.java:1012) [hadoop-common-3.3.5.jar:?]
	at java.security.AccessController.doPrivileged(Native Method) ~[?:1.8.0_362]
	at javax.security.auth.Subject.doAs(Subject.java:422) [?:1.8.0_362]
	at org.apache.hadoop.security.UserGroupInformation.doAs(UserGroupInformation.java:1899) [hadoop-common-3.3.5.jar:?]
	at org.apache.hadoop.ipc.Server$Handler.run(Server.java:3026) [hadoop-common-3.3.5.jar:?]
11:25:35.547 [IPC Server handler 12 on default port 39679] ERROR OMAudit - user=runner | ip=127.0.0.1 | op=GET_FILE_STATUS {volume=volume21709, bucket=bucket98076, key=gdir1/dir3/child, dataSize=0, replicationConfig=null} | ret=FAILURE
org.apache.hadoop.ozone.om.exceptions.OMException: Unable to get file status: volume: volume21709 bucket: bucket98076 key: gdir1/dir3/child
	at org.apache.hadoop.ozone.om.KeyManagerImpl.getOzoneFileStatus(KeyManagerImpl.java:1200) ~[ozone-manager-1.4.0-SNAPSHOT.jar:?]
	at org.apache.hadoop.ozone.om.KeyManagerImpl.getFileStatus(KeyManagerImpl.java:1118) ~[ozone-manager-1.4.0-SNAPSHOT.jar:?]
	at org.apache.hadoop.ozone.om.OmMetadataReader.getFileStatus(OmMetadataReader.java:288) ~[ozone-manager-1.4.0-SNAPSHOT.jar:?]
	at org.apache.hadoop.ozone.om.OzoneManager.getFileStatus(OzoneManager.java:3491) ~[ozone-manager-1.4.0-SNAPSHOT.jar:?]
	at org.apache.hadoop.ozone.protocolPB.OzoneManagerRequestHandler.getOzoneFileStatus(OzoneManagerRequestHandler.java:934) ~[ozone-manager-1.4.0-SNAPSHOT.jar:?]
	at org.apache.hadoop.ozone.protocolPB.OzoneManagerRequestHandler.handleReadRequest(OzoneManagerRequestHandler.java:238) ~[ozone-manager-1.4.0-SNAPSHOT.jar:?]
	at org.apache.hadoop.ozone.protocolPB.OzoneManagerProtocolServerSideTranslatorPB.submitReadRequestToOM(OzoneManagerProtocolServerSideTranslatorPB.java:223) ~[ozone-manager-1.4.0-SNAPSHOT.jar:?]
	at org.apache.hadoop.ozone.protocolPB.OzoneManagerProtocolServerSideTranslatorPB.processRequest(OzoneManagerProtocolServerSideTranslatorPB.java:177) ~[ozone-manager-1.4.0-SNAPSHOT.jar:?]
	at org.apache.hadoop.hdds.server.OzoneProtocolMessageDispatcher.processRequest(OzoneProtocolMessageDispatcher.java:87) [hdds-server-framework-1.4.0-SNAPSHOT.jar:?]
	at org.apache.hadoop.ozone.protocolPB.OzoneManagerProtocolServerSideTranslatorPB.submitRequest(OzoneManagerProtocolServerSideTranslatorPB.java:147) [ozone-manager-1.4.0-SNAPSHOT.jar:?]
	at org.apache.hadoop.ozone.protocol.proto.OzoneManagerProtocolProtos$OzoneManagerService$2.callBlockingMethod(OzoneManagerProtocolProtos.java) [ozone-interface-client-1.4.0-SNAPSHOT.jar:?]
	at org.apache.hadoop.ipc.ProtobufRpcEngine$Server.processCall(ProtobufRpcEngine.java:484) [hadoop-common-3.3.5.jar:?]
	at org.apache.hadoop.ipc.ProtobufRpcEngine2$Server$ProtoBufRpcInvoker.call(ProtobufRpcEngine2.java:595) [hadoop-common-3.3.5.jar:?]
	at org.apache.hadoop.ipc.ProtobufRpcEngine2$Server$ProtoBufRpcInvoker.call(ProtobufRpcEngine2.java:573) [hadoop-common-3.3.5.jar:?]
	at org.apache.hadoop.ipc.RPC$Server.call(RPC.java:1213) [hadoop-common-3.3.5.jar:?]
	at org.apache.hadoop.ipc.Server$RpcCall.run(Server.java:1089) [hadoop-common-3.3.5.jar:?]
	at org.apache.hadoop.ipc.Server$RpcCall.run(Server.java:1012) [hadoop-common-3.3.5.jar:?]
	at java.security.AccessController.doPrivileged(Native Method) ~[?:1.8.0_362]
	at javax.security.auth.Subject.doAs(Subject.java:422) [?:1.8.0_362]
	at org.apache.hadoop.security.UserGroupInformation.doAs(UserGroupInformation.java:1899) [hadoop-common-3.3.5.jar:?]
	at org.apache.hadoop.ipc.Server$Handler.run(Server.java:3026) [hadoop-common-3.3.5.jar:?]
11:25:35.548 [IPC Server handler 15 on default port 39679] ERROR OMAudit - user=runner | ip=127.0.0.1 | op=GET_FILE_STATUS {volume=volume21709, bucket=bucket98076, key=gdir1/dir4, dataSize=0, replicationConfig=null} | ret=FAILURE
org.apache.hadoop.ozone.om.exceptions.OMException: Unable to get file status: volume: volume21709 bucket: bucket98076 key: gdir1/dir4
	at org.apache.hadoop.ozone.om.KeyManagerImpl.getOzoneFileStatus(KeyManagerImpl.java:1200) ~[ozone-manager-1.4.0-SNAPSHOT.jar:?]
	at org.apache.hadoop.ozone.om.KeyManagerImpl.getFileStatus(KeyManagerImpl.java:1118) ~[ozone-manager-1.4.0-SNAPSHOT.jar:?]
	at org.apache.hadoop.ozone.om.OmMetadataReader.getFileStatus(OmMetadataReader.java:288) ~[ozone-manager-1.4.0-SNAPSHOT.jar:?]
	at org.apache.hadoop.ozone.om.OzoneManager.getFileStatus(OzoneManager.java:3491) ~[ozone-manager-1.4.0-SNAPSHOT.jar:?]
	at org.apache.hadoop.ozone.protocolPB.OzoneManagerRequestHandler.getOzoneFileStatus(OzoneManagerRequestHandler.java:934) ~[ozone-manager-1.4.0-SNAPSHOT.jar:?]
	at org.apache.hadoop.ozone.protocolPB.OzoneManagerRequestHandler.handleReadRequest(OzoneManagerRequestHandler.java:238) ~[ozone-manager-1.4.0-SNAPSHOT.jar:?]
	at org.apache.hadoop.ozone.protocolPB.OzoneManagerProtocolServerSideTranslatorPB.submitReadRequestToOM(OzoneManagerProtocolServerSideTranslatorPB.java:223) ~[ozone-manager-1.4.0-SNAPSHOT.jar:?]
	at org.apache.hadoop.ozone.protocolPB.OzoneManagerProtocolServerSideTranslatorPB.processRequest(OzoneManagerProtocolServerSideTranslatorPB.java:177) ~[ozone-manager-1.4.0-SNAPSHOT.jar:?]
	at org.apache.hadoop.hdds.server.OzoneProtocolMessageDispatcher.processRequest(OzoneProtocolMessageDispatcher.java:87) [hdds-server-framework-1.4.0-SNAPSHOT.jar:?]
	at org.apache.hadoop.ozone.protocolPB.OzoneManagerProtocolServerSideTranslatorPB.submitRequest(OzoneManagerProtocolServerSideTranslatorPB.java:147) [ozone-manager-1.4.0-SNAPSHOT.jar:?]
	at org.apache.hadoop.ozone.protocol.proto.OzoneManagerProtocolProtos$OzoneManagerService$2.callBlockingMethod(OzoneManagerProtocolProtos.java) [ozone-interface-client-1.4.0-SNAPSHOT.jar:?]
	at org.apache.hadoop.ipc.ProtobufRpcEngine$Server.processCall(ProtobufRpcEngine.java:484) [hadoop-common-3.3.5.jar:?]
	at org.apache.hadoop.ipc.ProtobufRpcEngine2$Server$ProtoBufRpcInvoker.call(ProtobufRpcEngine2.java:595) [hadoop-common-3.3.5.jar:?]
	at org.apache.hadoop.ipc.ProtobufRpcEngine2$Server$ProtoBufRpcInvoker.call(ProtobufRpcEngine2.java:573) [hadoop-common-3.3.5.jar:?]
	at org.apache.hadoop.ipc.RPC$Server.call(RPC.java:1213) [hadoop-common-3.3.5.jar:?]
	at org.apache.hadoop.ipc.Server$RpcCall.run(Server.java:1089) [hadoop-common-3.3.5.jar:?]
	at org.apache.hadoop.ipc.Server$RpcCall.run(Server.java:1012) [hadoop-common-3.3.5.jar:?]
	at java.security.AccessController.doPrivileged(Native Method) ~[?:1.8.0_362]
	at javax.security.auth.Subject.doAs(Subject.java:422) [?:1.8.0_362]
	at org.apache.hadoop.security.UserGroupInformation.doAs(UserGroupInformation.java:1899) [hadoop-common-3.3.5.jar:?]
	at org.apache.hadoop.ipc.Server$Handler.run(Server.java:3026) [hadoop-common-3.3.5.jar:?]
11:25:35.548 [IPC Server handler 14 on default port 39679] ERROR OMAudit - user=runner | ip=127.0.0.1 | op=GET_FILE_STATUS {volume=volume21709, bucket=bucket98076, key=gdir1/dir4/child, dataSize=0, replicationConfig=null} | ret=FAILURE
org.apache.hadoop.ozone.om.exceptions.OMException: Unable to get file status: volume: volume21709 bucket: bucket98076 key: gdir1/dir4/child
	at org.apache.hadoop.ozone.om.KeyManagerImpl.getOzoneFileStatus(KeyManagerImpl.java:1200) ~[ozone-manager-1.4.0-SNAPSHOT.jar:?]
	at org.apache.hadoop.ozone.om.KeyManagerImpl.getFileStatus(KeyManagerImpl.java:1118) ~[ozone-manager-1.4.0-SNAPSHOT.jar:?]
	at org.apache.hadoop.ozone.om.OmMetadataReader.getFileStatus(OmMetadataReader.java:288) ~[ozone-manager-1.4.0-SNAPSHOT.jar:?]
	at org.apache.hadoop.ozone.om.OzoneManager.getFileStatus(OzoneManager.java:3491) ~[ozone-manager-1.4.0-SNAPSHOT.jar:?]
	at org.apache.hadoop.ozone.protocolPB.OzoneManagerRequestHandler.getOzoneFileStatus(OzoneManagerRequestHandler.java:934) ~[ozone-manager-1.4.0-SNAPSHOT.jar:?]
	at org.apache.hadoop.ozone.protocolPB.OzoneManagerRequestHandler.handleReadRequest(OzoneManagerRequestHandler.java:238) ~[ozone-manager-1.4.0-SNAPSHOT.jar:?]
	at org.apache.hadoop.ozone.protocolPB.OzoneManagerProtocolServerSideTranslatorPB.submitReadRequestToOM(OzoneManagerProtocolServerSideTranslatorPB.java:223) ~[ozone-manager-1.4.0-SNAPSHOT.jar:?]
	at org.apache.hadoop.ozone.protocolPB.OzoneManagerProtocolServerSideTranslatorPB.processRequest(OzoneManagerProtocolServerSideTranslatorPB.java:177) ~[ozone-manager-1.4.0-SNAPSHOT.jar:?]
	at org.apache.hadoop.hdds.server.OzoneProtocolMessageDispatcher.processRequest(OzoneProtocolMessageDispatcher.java:87) [hdds-server-framework-1.4.0-SNAPSHOT.jar:?]
	at org.apache.hadoop.ozone.protocolPB.OzoneManagerProtocolServerSideTranslatorPB.submitRequest(OzoneManagerProtocolServerSideTranslatorPB.java:147) [ozone-manager-1.4.0-SNAPSHOT.jar:?]
	at org.apache.hadoop.ozone.protocol.proto.OzoneManagerProtocolProtos$OzoneManagerService$2.callBlockingMethod(OzoneManagerProtocolProtos.java) [ozone-interface-client-1.4.0-SNAPSHOT.jar:?]
	at org.apache.hadoop.ipc.ProtobufRpcEngine$Server.processCall(ProtobufRpcEngine.java:484) [hadoop-common-3.3.5.jar:?]
	at org.apache.hadoop.ipc.ProtobufRpcEngine2$Server$ProtoBufRpcInvoker.call(ProtobufRpcEngine2.java:595) [hadoop-common-3.3.5.jar:?]
	at org.apache.hadoop.ipc.ProtobufRpcEngine2$Server$ProtoBufRpcInvoker.call(ProtobufRpcEngine2.java:573) [hadoop-common-3.3.5.jar:?]
	at org.apache.hadoop.ipc.RPC$Server.call(RPC.java:1213) [hadoop-common-3.3.5.jar:?]
	at org.apache.hadoop.ipc.Server$RpcCall.run(Server.java:1089) [hadoop-common-3.3.5.jar:?]
	at org.apache.hadoop.ipc.Server$RpcCall.run(Server.java:1012) [hadoop-common-3.3.5.jar:?]
	at java.security.AccessController.doPrivileged(Native Method) ~[?:1.8.0_362]
	at javax.security.auth.Subject.doAs(Subject.java:422) [?:1.8.0_362]
	at org.apache.hadoop.security.UserGroupInformation.doAs(UserGroupInformation.java:1899) [hadoop-common-3.3.5.jar:?]
	at org.apache.hadoop.ipc.Server$Handler.run(Server.java:3026) [hadoop-common-3.3.5.jar:?]
11:25:35.549 [IPC Server handler 17 on default port 39679] ERROR OMAudit - user=runner | ip=127.0.0.1 | op=GET_FILE_STATUS {volume=volume21709, bucket=bucket98076, key=gdir1/dir5, dataSize=0, replicationConfig=null} | ret=FAILURE
org.apache.hadoop.ozone.om.exceptions.OMException: Unable to get file status: volume: volume21709 bucket: bucket98076 key: gdir1/dir5
	at org.apache.hadoop.ozone.om.KeyManagerImpl.getOzoneFileStatus(KeyManagerImpl.java:1200) ~[ozone-manager-1.4.0-SNAPSHOT.jar:?]
	at org.apache.hadoop.ozone.om.KeyManagerImpl.getFileStatus(KeyManagerImpl.java:1118) ~[ozone-manager-1.4.0-SNAPSHOT.jar:?]
	at org.apache.hadoop.ozone.om.OmMetadataReader.getFileStatus(OmMetadataReader.java:288) ~[ozone-manager-1.4.0-SNAPSHOT.jar:?]
	at org.apache.hadoop.ozone.om.OzoneManager.getFileStatus(OzoneManager.java:3491) ~[ozone-manager-1.4.0-SNAPSHOT.jar:?]
	at org.apache.hadoop.ozone.protocolPB.OzoneManagerRequestHandler.getOzoneFileStatus(OzoneManagerRequestHandler.java:934) ~[ozone-manager-1.4.0-SNAPSHOT.jar:?]
	at org.apache.hadoop.ozone.protocolPB.OzoneManagerRequestHandler.handleReadRequest(OzoneManagerRequestHandler.java:238) ~[ozone-manager-1.4.0-SNAPSHOT.jar:?]
	at org.apache.hadoop.ozone.protocolPB.OzoneManagerProtocolServerSideTranslatorPB.submitReadRequestToOM(OzoneManagerProtocolServerSideTranslatorPB.java:223) ~[ozone-manager-1.4.0-SNAPSHOT.jar:?]
	at org.apache.hadoop.ozone.protocolPB.OzoneManagerProtocolServerSideTranslatorPB.processRequest(OzoneManagerProtocolServerSideTranslatorPB.java:177) ~[ozone-manager-1.4.0-SNAPSHOT.jar:?]
	at org.apache.hadoop.hdds.server.OzoneProtocolMessageDispatcher.processRequest(OzoneProtocolMessageDispatcher.java:87) [hdds-server-framework-1.4.0-SNAPSHOT.jar:?]
	at org.apache.hadoop.ozone.protocolPB.OzoneManagerProtocolServerSideTranslatorPB.submitRequest(OzoneManagerProtocolServerSideTranslatorPB.java:147) [ozone-manager-1.4.0-SNAPSHOT.jar:?]
	at org.apache.hadoop.ozone.protocol.proto.OzoneManagerProtocolProtos$OzoneManagerService$2.callBlockingMethod(OzoneManagerProtocolProtos.java) [ozone-interface-client-1.4.0-SNAPSHOT.jar:?]
	at org.apache.hadoop.ipc.ProtobufRpcEngine$Server.processCall(ProtobufRpcEngine.java:484) [hadoop-common-3.3.5.jar:?]
	at org.apache.hadoop.ipc.ProtobufRpcEngine2$Server$ProtoBufRpcInvoker.call(ProtobufRpcEngine2.java:595) [hadoop-common-3.3.5.jar:?]
	at org.apache.hadoop.ipc.ProtobufRpcEngine2$Server$ProtoBufRpcInvoker.call(ProtobufRpcEngine2.java:573) [hadoop-common-3.3.5.jar:?]
	at org.apache.hadoop.ipc.RPC$Server.call(RPC.java:1213) [hadoop-common-3.3.5.jar:?]
	at org.apache.hadoop.ipc.Server$RpcCall.run(Server.java:1089) [hadoop-common-3.3.5.jar:?]
	at org.apache.hadoop.ipc.Server$RpcCall.run(Server.java:1012) [hadoop-common-3.3.5.jar:?]
	at java.security.AccessController.doPrivileged(Native Method) ~[?:1.8.0_362]
	at javax.security.auth.Subject.doAs(Subject.java:422) [?:1.8.0_362]
	at org.apache.hadoop.security.UserGroupInformation.doAs(UserGroupInformation.java:1899) [hadoop-common-3.3.5.jar:?]
	at org.apache.hadoop.ipc.Server$Handler.run(Server.java:3026) [hadoop-common-3.3.5.jar:?]
11:25:35.550 [IPC Server handler 16 on default port 39679] ERROR OMAudit - user=runner | ip=127.0.0.1 | op=GET_FILE_STATUS {volume=volume21709, bucket=bucket98076, key=gdir1/dir5/child, dataSize=0, replicationConfig=null} | ret=FAILURE
org.apache.hadoop.ozone.om.exceptions.OMException: Unable to get file status: volume: volume21709 bucket: bucket98076 key: gdir1/dir5/child
	at org.apache.hadoop.ozone.om.KeyManagerImpl.getOzoneFileStatus(KeyManagerImpl.java:1200) ~[ozone-manager-1.4.0-SNAPSHOT.jar:?]
	at org.apache.hadoop.ozone.om.KeyManagerImpl.getFileStatus(KeyManagerImpl.java:1118) ~[ozone-manager-1.4.0-SNAPSHOT.jar:?]
	at org.apache.hadoop.ozone.om.OmMetadataReader.getFileStatus(OmMetadataReader.java:288) ~[ozone-manager-1.4.0-SNAPSHOT.jar:?]
	at org.apache.hadoop.ozone.om.OzoneManager.getFileStatus(OzoneManager.java:3491) ~[ozone-manager-1.4.0-SNAPSHOT.jar:?]
	at org.apache.hadoop.ozone.protocolPB.OzoneManagerRequestHandler.getOzoneFileStatus(OzoneManagerRequestHandler.java:934) ~[ozone-manager-1.4.0-SNAPSHOT.jar:?]
	at org.apache.hadoop.ozone.protocolPB.OzoneManagerRequestHandler.handleReadRequest(OzoneManagerRequestHandler.java:238) ~[ozone-manager-1.4.0-SNAPSHOT.jar:?]
	at org.apache.hadoop.ozone.protocolPB.OzoneManagerProtocolServerSideTranslatorPB.submitReadRequestToOM(OzoneManagerProtocolServerSideTranslatorPB.java:223) ~[ozone-manager-1.4.0-SNAPSHOT.jar:?]
	at org.apache.hadoop.ozone.protocolPB.OzoneManagerProtocolServerSideTranslatorPB.processRequest(OzoneManagerProtocolServerSideTranslatorPB.java:177) ~[ozone-manager-1.4.0-SNAPSHOT.jar:?]
	at org.apache.hadoop.hdds.server.OzoneProtocolMessageDispatcher.processRequest(OzoneProtocolMessageDispatcher.java:87) [hdds-server-framework-1.4.0-SNAPSHOT.jar:?]
	at org.apache.hadoop.ozone.protocolPB.OzoneManagerProtocolServerSideTranslatorPB.submitRequest(OzoneManagerProtocolServerSideTranslatorPB.java:147) [ozone-manager-1.4.0-SNAPSHOT.jar:?]
	at org.apache.hadoop.ozone.protocol.proto.OzoneManagerProtocolProtos$OzoneManagerService$2.callBlockingMethod(OzoneManagerProtocolProtos.java) [ozone-interface-client-1.4.0-SNAPSHOT.jar:?]
	at org.apache.hadoop.ipc.ProtobufRpcEngine$Server.processCall(ProtobufRpcEngine.java:484) [hadoop-common-3.3.5.jar:?]
	at org.apache.hadoop.ipc.ProtobufRpcEngine2$Server$ProtoBufRpcInvoker.call(ProtobufRpcEngine2.java:595) [hadoop-common-3.3.5.jar:?]
	at org.apache.hadoop.ipc.ProtobufRpcEngine2$Server$ProtoBufRpcInvoker.call(ProtobufRpcEngine2.java:573) [hadoop-common-3.3.5.jar:?]
	at org.apache.hadoop.ipc.RPC$Server.call(RPC.java:1213) [hadoop-common-3.3.5.jar:?]
	at org.apache.hadoop.ipc.Server$RpcCall.run(Server.java:1089) [hadoop-common-3.3.5.jar:?]
	at org.apache.hadoop.ipc.Server$RpcCall.run(Server.java:1012) [hadoop-common-3.3.5.jar:?]
	at java.security.AccessController.doPrivileged(Native Method) ~[?:1.8.0_362]
	at javax.security.auth.Subject.doAs(Subject.java:422) [?:1.8.0_362]
	at org.apache.hadoop.security.UserGroupInformation.doAs(UserGroupInformation.java:1899) [hadoop-common-3.3.5.jar:?]
	at org.apache.hadoop.ipc.Server$Handler.run(Server.java:3026) [hadoop-common-3.3.5.jar:?]
11:25:35.550 [IPC Server handler 18 on default port 39679] ERROR OMAudit - user=runner | ip=127.0.0.1 | op=GET_FILE_STATUS {volume=volume21709, bucket=bucket98076, key=gdir1/dir6, dataSize=0, replicationConfig=null} | ret=FAILURE
org.apache.hadoop.ozone.om.exceptions.OMException: Unable to get file status: volume: volume21709 bucket: bucket98076 key: gdir1/dir6
	at org.apache.hadoop.ozone.om.KeyManagerImpl.getOzoneFileStatus(KeyManagerImpl.java:1200) ~[ozone-manager-1.4.0-SNAPSHOT.jar:?]
	at org.apache.hadoop.ozone.om.KeyManagerImpl.getFileStatus(KeyManagerImpl.java:1118) ~[ozone-manager-1.4.0-SNAPSHOT.jar:?]
	at org.apache.hadoop.ozone.om.OmMetadataReader.getFileStatus(OmMetadataReader.java:288) ~[ozone-manager-1.4.0-SNAPSHOT.jar:?]
	at org.apache.hadoop.ozone.om.OzoneManager.getFileStatus(OzoneManager.java:3491) ~[ozone-manager-1.4.0-SNAPSHOT.jar:?]
	at org.apache.hadoop.ozone.protocolPB.OzoneManagerRequestHandler.getOzoneFileStatus(OzoneManagerRequestHandler.java:934) ~[ozone-manager-1.4.0-SNAPSHOT.jar:?]
	at org.apache.hadoop.ozone.protocolPB.OzoneManagerRequestHandler.handleReadRequest(OzoneManagerRequestHandler.java:238) ~[ozone-manager-1.4.0-SNAPSHOT.jar:?]
	at org.apache.hadoop.ozone.protocolPB.OzoneManagerProtocolServerSideTranslatorPB.submitReadRequestToOM(OzoneManagerProtocolServerSideTranslatorPB.java:223) ~[ozone-manager-1.4.0-SNAPSHOT.jar:?]
	at org.apache.hadoop.ozone.protocolPB.OzoneManagerProtocolServerSideTranslatorPB.processRequest(OzoneManagerProtocolServerSideTranslatorPB.java:177) ~[ozone-manager-1.4.0-SNAPSHOT.jar:?]
	at org.apache.hadoop.hdds.server.OzoneProtocolMessageDispatcher.processRequest(OzoneProtocolMessageDispatcher.java:87) [hdds-server-framework-1.4.0-SNAPSHOT.jar:?]
	at org.apache.hadoop.ozone.protocolPB.OzoneManagerProtocolServerSideTranslatorPB.submitRequest(OzoneManagerProtocolServerSideTranslatorPB.java:147) [ozone-manager-1.4.0-SNAPSHOT.jar:?]
	at org.apache.hadoop.ozone.protocol.proto.OzoneManagerProtocolProtos$OzoneManagerService$2.callBlockingMethod(OzoneManagerProtocolProtos.java) [ozone-interface-client-1.4.0-SNAPSHOT.jar:?]
	at org.apache.hadoop.ipc.ProtobufRpcEngine$Server.processCall(ProtobufRpcEngine.java:484) [hadoop-common-3.3.5.jar:?]
	at org.apache.hadoop.ipc.ProtobufRpcEngine2$Server$ProtoBufRpcInvoker.call(ProtobufRpcEngine2.java:595) [hadoop-common-3.3.5.jar:?]
	at org.apache.hadoop.ipc.ProtobufRpcEngine2$Server$ProtoBufRpcInvoker.call(ProtobufRpcEngine2.java:573) [hadoop-common-3.3.5.jar:?]
	at org.apache.hadoop.ipc.RPC$Server.call(RPC.java:1213) [hadoop-common-3.3.5.jar:?]
	at org.apache.hadoop.ipc.Server$RpcCall.run(Server.java:1089) [hadoop-common-3.3.5.jar:?]
	at org.apache.hadoop.ipc.Server$RpcCall.run(Server.java:1012) [hadoop-common-3.3.5.jar:?]
	at java.security.AccessController.doPrivileged(Native Method) ~[?:1.8.0_362]
	at javax.security.auth.Subject.doAs(Subject.java:422) [?:1.8.0_362]
	at org.apache.hadoop.security.UserGroupInformation.doAs(UserGroupInformation.java:1899) [hadoop-common-3.3.5.jar:?]
	at org.apache.hadoop.ipc.Server$Handler.run(Server.java:3026) [hadoop-common-3.3.5.jar:?]
11:25:35.551 [IPC Server handler 19 on default port 39679] ERROR OMAudit - user=runner | ip=127.0.0.1 | op=GET_FILE_STATUS {volume=volume21709, bucket=bucket98076, key=gdir1/dir6/child, dataSize=0, replicationConfig=null} | ret=FAILURE
org.apache.hadoop.ozone.om.exceptions.OMException: Unable to get file status: volume: volume21709 bucket: bucket98076 key: gdir1/dir6/child
	at org.apache.hadoop.ozone.om.KeyManagerImpl.getOzoneFileStatus(KeyManagerImpl.java:1200) ~[ozone-manager-1.4.0-SNAPSHOT.jar:?]
	at org.apache.hadoop.ozone.om.KeyManagerImpl.getFileStatus(KeyManagerImpl.java:1118) ~[ozone-manager-1.4.0-SNAPSHOT.jar:?]
	at org.apache.hadoop.ozone.om.OmMetadataReader.getFileStatus(OmMetadataReader.java:288) ~[ozone-manager-1.4.0-SNAPSHOT.jar:?]
	at org.apache.hadoop.ozone.om.OzoneManager.getFileStatus(OzoneManager.java:3491) ~[ozone-manager-1.4.0-SNAPSHOT.jar:?]
	at org.apache.hadoop.ozone.protocolPB.OzoneManagerRequestHandler.getOzoneFileStatus(OzoneManagerRequestHandler.java:934) ~[ozone-manager-1.4.0-SNAPSHOT.jar:?]
	at org.apache.hadoop.ozone.protocolPB.OzoneManagerRequestHandler.handleReadRequest(OzoneManagerRequestHandler.java:238) ~[ozone-manager-1.4.0-SNAPSHOT.jar:?]
	at org.apache.hadoop.ozone.protocolPB.OzoneManagerProtocolServerSideTranslatorPB.submitReadRequestToOM(OzoneManagerProtocolServerSideTranslatorPB.java:223) ~[ozone-manager-1.4.0-SNAPSHOT.jar:?]
	at org.apache.hadoop.ozone.protocolPB.OzoneManagerProtocolServerSideTranslatorPB.processRequest(OzoneManagerProtocolServerSideTranslatorPB.java:177) ~[ozone-manager-1.4.0-SNAPSHOT.jar:?]
	at org.apache.hadoop.hdds.server.OzoneProtocolMessageDispatcher.processRequest(OzoneProtocolMessageDispatcher.java:87) [hdds-server-framework-1.4.0-SNAPSHOT.jar:?]
	at org.apache.hadoop.ozone.protocolPB.OzoneManagerProtocolServerSideTranslatorPB.submitRequest(OzoneManagerProtocolServerSideTranslatorPB.java:147) [ozone-manager-1.4.0-SNAPSHOT.jar:?]
	at org.apache.hadoop.ozone.protocol.proto.OzoneManagerProtocolProtos$OzoneManagerService$2.callBlockingMethod(OzoneManagerProtocolProtos.java) [ozone-interface-client-1.4.0-SNAPSHOT.jar:?]
	at org.apache.hadoop.ipc.ProtobufRpcEngine$Server.processCall(ProtobufRpcEngine.java:484) [hadoop-common-3.3.5.jar:?]
	at org.apache.hadoop.ipc.ProtobufRpcEngine2$Server$ProtoBufRpcInvoker.call(ProtobufRpcEngine2.java:595) [hadoop-common-3.3.5.jar:?]
	at org.apache.hadoop.ipc.ProtobufRpcEngine2$Server$ProtoBufRpcInvoker.call(ProtobufRpcEngine2.java:573) [hadoop-common-3.3.5.jar:?]
	at org.apache.hadoop.ipc.RPC$Server.call(RPC.java:1213) [hadoop-common-3.3.5.jar:?]
	at org.apache.hadoop.ipc.Server$RpcCall.run(Server.java:1089) [hadoop-common-3.3.5.jar:?]
	at org.apache.hadoop.ipc.Server$RpcCall.run(Server.java:1012) [hadoop-common-3.3.5.jar:?]
	at java.security.AccessController.doPrivileged(Native Method) ~[?:1.8.0_362]
	at javax.security.auth.Subject.doAs(Subject.java:422) [?:1.8.0_362]
	at org.apache.hadoop.security.UserGroupInformation.doAs(UserGroupInformation.java:1899) [hadoop-common-3.3.5.jar:?]
	at org.apache.hadoop.ipc.Server$Handler.run(Server.java:3026) [hadoop-common-3.3.5.jar:?]
11:25:35.551 [IPC Server handler 0 on default port 39679] ERROR OMAudit - user=runner | ip=127.0.0.1 | op=GET_FILE_STATUS {volume=volume21709, bucket=bucket98076, key=gdir1/dir7, dataSize=0, replicationConfig=null} | ret=FAILURE
org.apache.hadoop.ozone.om.exceptions.OMException: Unable to get file status: volume: volume21709 bucket: bucket98076 key: gdir1/dir7
	at org.apache.hadoop.ozone.om.KeyManagerImpl.getOzoneFileStatus(KeyManagerImpl.java:1200) ~[ozone-manager-1.4.0-SNAPSHOT.jar:?]
	at org.apache.hadoop.ozone.om.KeyManagerImpl.getFileStatus(KeyManagerImpl.java:1118) ~[ozone-manager-1.4.0-SNAPSHOT.jar:?]
	at org.apache.hadoop.ozone.om.OmMetadataReader.getFileStatus(OmMetadataReader.java:288) ~[ozone-manager-1.4.0-SNAPSHOT.jar:?]
	at org.apache.hadoop.ozone.om.OzoneManager.getFileStatus(OzoneManager.java:3491) ~[ozone-manager-1.4.0-SNAPSHOT.jar:?]
	at org.apache.hadoop.ozone.protocolPB.OzoneManagerRequestHandler.getOzoneFileStatus(OzoneManagerRequestHandler.java:934) ~[ozone-manager-1.4.0-SNAPSHOT.jar:?]
	at org.apache.hadoop.ozone.protocolPB.OzoneManagerRequestHandler.handleReadRequest(OzoneManagerRequestHandler.java:238) ~[ozone-manager-1.4.0-SNAPSHOT.jar:?]
	at org.apache.hadoop.ozone.protocolPB.OzoneManagerProtocolServerSideTranslatorPB.submitReadRequestToOM(OzoneManagerProtocolServerSideTranslatorPB.java:223) ~[ozone-manager-1.4.0-SNAPSHOT.jar:?]
	at org.apache.hadoop.ozone.protocolPB.OzoneManagerProtocolServerSideTranslatorPB.processRequest(OzoneManagerProtocolServerSideTranslatorPB.java:177) ~[ozone-manager-1.4.0-SNAPSHOT.jar:?]
	at org.apache.hadoop.hdds.server.OzoneProtocolMessageDispatcher.processRequest(OzoneProtocolMessageDispatcher.java:87) [hdds-server-framework-1.4.0-SNAPSHOT.jar:?]
	at org.apache.hadoop.ozone.protocolPB.OzoneManagerProtocolServerSideTranslatorPB.submitRequest(OzoneManagerProtocolServerSideTranslatorPB.java:147) [ozone-manager-1.4.0-SNAPSHOT.jar:?]
	at org.apache.hadoop.ozone.protocol.proto.OzoneManagerProtocolProtos$OzoneManagerService$2.callBlockingMethod(OzoneManagerProtocolProtos.java) [ozone-interface-client-1.4.0-SNAPSHOT.jar:?]
	at org.apache.hadoop.ipc.ProtobufRpcEngine$Server.processCall(ProtobufRpcEngine.java:484) [hadoop-common-3.3.5.jar:?]
	at org.apache.hadoop.ipc.ProtobufRpcEngine2$Server$ProtoBufRpcInvoker.call(ProtobufRpcEngine2.java:595) [hadoop-common-3.3.5.jar:?]
	at org.apache.hadoop.ipc.ProtobufRpcEngine2$Server$ProtoBufRpcInvoker.call(ProtobufRpcEngine2.java:573) [hadoop-common-3.3.5.jar:?]
	at org.apache.hadoop.ipc.RPC$Server.call(RPC.java:1213) [hadoop-common-3.3.5.jar:?]
	at org.apache.hadoop.ipc.Server$RpcCall.run(Server.java:1089) [hadoop-common-3.3.5.jar:?]
	at org.apache.hadoop.ipc.Server$RpcCall.run(Server.java:1012) [hadoop-common-3.3.5.jar:?]
	at java.security.AccessController.doPrivileged(Native Method) ~[?:1.8.0_362]
	at javax.security.auth.Subject.doAs(Subject.java:422) [?:1.8.0_362]
	at org.apache.hadoop.security.UserGroupInformation.doAs(UserGroupInformation.java:1899) [hadoop-common-3.3.5.jar:?]
	at org.apache.hadoop.ipc.Server$Handler.run(Server.java:3026) [hadoop-common-3.3.5.jar:?]
11:25:35.552 [IPC Server handler 1 on default port 39679] ERROR OMAudit - user=runner | ip=127.0.0.1 | op=GET_FILE_STATUS {volume=volume21709, bucket=bucket98076, key=gdir1/dir7/child, dataSize=0, replicationConfig=null} | ret=FAILURE
org.apache.hadoop.ozone.om.exceptions.OMException: Unable to get file status: volume: volume21709 bucket: bucket98076 key: gdir1/dir7/child
	at org.apache.hadoop.ozone.om.KeyManagerImpl.getOzoneFileStatus(KeyManagerImpl.java:1200) ~[ozone-manager-1.4.0-SNAPSHOT.jar:?]
	at org.apache.hadoop.ozone.om.KeyManagerImpl.getFileStatus(KeyManagerImpl.java:1118) ~[ozone-manager-1.4.0-SNAPSHOT.jar:?]
	at org.apache.hadoop.ozone.om.OmMetadataReader.getFileStatus(OmMetadataReader.java:288) ~[ozone-manager-1.4.0-SNAPSHOT.jar:?]
	at org.apache.hadoop.ozone.om.OzoneManager.getFileStatus(OzoneManager.java:3491) ~[ozone-manager-1.4.0-SNAPSHOT.jar:?]
	at org.apache.hadoop.ozone.protocolPB.OzoneManagerRequestHandler.getOzoneFileStatus(OzoneManagerRequestHandler.java:934) ~[ozone-manager-1.4.0-SNAPSHOT.jar:?]
	at org.apache.hadoop.ozone.protocolPB.OzoneManagerRequestHandler.handleReadRequest(OzoneManagerRequestHandler.java:238) ~[ozone-manager-1.4.0-SNAPSHOT.jar:?]
	at org.apache.hadoop.ozone.protocolPB.OzoneManagerProtocolServerSideTranslatorPB.submitReadRequestToOM(OzoneManagerProtocolServerSideTranslatorPB.java:223) ~[ozone-manager-1.4.0-SNAPSHOT.jar:?]
	at org.apache.hadoop.ozone.protocolPB.OzoneManagerProtocolServerSideTranslatorPB.processRequest(OzoneManagerProtocolServerSideTranslatorPB.java:177) ~[ozone-manager-1.4.0-SNAPSHOT.jar:?]
	at org.apache.hadoop.hdds.server.OzoneProtocolMessageDispatcher.processRequest(OzoneProtocolMessageDispatcher.java:87) [hdds-server-framework-1.4.0-SNAPSHOT.jar:?]
	at org.apache.hadoop.ozone.protocolPB.OzoneManagerProtocolServerSideTranslatorPB.submitRequest(OzoneManagerProtocolServerSideTranslatorPB.java:147) [ozone-manager-1.4.0-SNAPSHOT.jar:?]
	at org.apache.hadoop.ozone.protocol.proto.OzoneManagerProtocolProtos$OzoneManagerService$2.callBlockingMethod(OzoneManagerProtocolProtos.java) [ozone-interface-client-1.4.0-SNAPSHOT.jar:?]
	at org.apache.hadoop.ipc.ProtobufRpcEngine$Server.processCall(ProtobufRpcEngine.java:484) [hadoop-common-3.3.5.jar:?]
	at org.apache.hadoop.ipc.ProtobufRpcEngine2$Server$ProtoBufRpcInvoker.call(ProtobufRpcEngine2.java:595) [hadoop-common-3.3.5.jar:?]
	at org.apache.hadoop.ipc.ProtobufRpcEngine2$Server$ProtoBufRpcInvoker.call(ProtobufRpcEngine2.java:573) [hadoop-common-3.3.5.jar:?]
	at org.apache.hadoop.ipc.RPC$Server.call(RPC.java:1213) [hadoop-common-3.3.5.jar:?]
	at org.apache.hadoop.ipc.Server$RpcCall.run(Server.java:1089) [hadoop-common-3.3.5.jar:?]
	at org.apache.hadoop.ipc.Server$RpcCall.run(Server.java:1012) [hadoop-common-3.3.5.jar:?]
	at java.security.AccessController.doPrivileged(Native Method) ~[?:1.8.0_362]
	at javax.security.auth.Subject.doAs(Subject.java:422) [?:1.8.0_362]
	at org.apache.hadoop.security.UserGroupInformation.doAs(UserGroupInformation.java:1899) [hadoop-common-3.3.5.jar:?]
	at org.apache.hadoop.ipc.Server$Handler.run(Server.java:3026) [hadoop-common-3.3.5.jar:?]
11:25:35.554 [IPC Server handler 2 on default port 39679] ERROR OMAudit - user=runner | ip=127.0.0.1 | op=GET_FILE_STATUS {volume=volume21709, bucket=bucket98076, key=gdir1/dir8, dataSize=0, replicationConfig=null} | ret=FAILURE
org.apache.hadoop.ozone.om.exceptions.OMException: Unable to get file status: volume: volume21709 bucket: bucket98076 key: gdir1/dir8
	at org.apache.hadoop.ozone.om.KeyManagerImpl.getOzoneFileStatus(KeyManagerImpl.java:1200) ~[ozone-manager-1.4.0-SNAPSHOT.jar:?]
	at org.apache.hadoop.ozone.om.KeyManagerImpl.getFileStatus(KeyManagerImpl.java:1118) ~[ozone-manager-1.4.0-SNAPSHOT.jar:?]
	at org.apache.hadoop.ozone.om.OmMetadataReader.getFileStatus(OmMetadataReader.java:288) ~[ozone-manager-1.4.0-SNAPSHOT.jar:?]
	at org.apache.hadoop.ozone.om.OzoneManager.getFileStatus(OzoneManager.java:3491) ~[ozone-manager-1.4.0-SNAPSHOT.jar:?]
	at org.apache.hadoop.ozone.protocolPB.OzoneManagerRequestHandler.getOzoneFileStatus(OzoneManagerRequestHandler.java:934) ~[ozone-manager-1.4.0-SNAPSHOT.jar:?]
	at org.apache.hadoop.ozone.protocolPB.OzoneManagerRequestHandler.handleReadRequest(OzoneManagerRequestHandler.java:238) ~[ozone-manager-1.4.0-SNAPSHOT.jar:?]
	at org.apache.hadoop.ozone.protocolPB.OzoneManagerProtocolServerSideTranslatorPB.submitReadRequestToOM(OzoneManagerProtocolServerSideTranslatorPB.java:223) ~[ozone-manager-1.4.0-SNAPSHOT.jar:?]
	at org.apache.hadoop.ozone.protocolPB.OzoneManagerProtocolServerSideTranslatorPB.processRequest(OzoneManagerProtocolServerSideTranslatorPB.java:177) ~[ozone-manager-1.4.0-SNAPSHOT.jar:?]
	at org.apache.hadoop.hdds.server.OzoneProtocolMessageDispatcher.processRequest(OzoneProtocolMessageDispatcher.java:87) [hdds-server-framework-1.4.0-SNAPSHOT.jar:?]
	at org.apache.hadoop.ozone.protocolPB.OzoneManagerProtocolServerSideTranslatorPB.submitRequest(OzoneManagerProtocolServerSideTranslatorPB.java:147) [ozone-manager-1.4.0-SNAPSHOT.jar:?]
	at org.apache.hadoop.ozone.protocol.proto.OzoneManagerProtocolProtos$OzoneManagerService$2.callBlockingMethod(OzoneManagerProtocolProtos.java) [ozone-interface-client-1.4.0-SNAPSHOT.jar:?]
	at org.apache.hadoop.ipc.ProtobufRpcEngine$Server.processCall(ProtobufRpcEngine.java:484) [hadoop-common-3.3.5.jar:?]
	at org.apache.hadoop.ipc.ProtobufRpcEngine2$Server$ProtoBufRpcInvoker.call(ProtobufRpcEngine2.java:595) [hadoop-common-3.3.5.jar:?]
	at org.apache.hadoop.ipc.ProtobufRpcEngine2$Server$ProtoBufRpcInvoker.call(ProtobufRpcEngine2.java:573) [hadoop-common-3.3.5.jar:?]
	at org.apache.hadoop.ipc.RPC$Server.call(RPC.java:1213) [hadoop-common-3.3.5.jar:?]
	at org.apache.hadoop.ipc.Server$RpcCall.run(Server.java:1089) [hadoop-common-3.3.5.jar:?]
	at org.apache.hadoop.ipc.Server$RpcCall.run(Server.java:1012) [hadoop-common-3.3.5.jar:?]
	at java.security.AccessController.doPrivileged(Native Method) ~[?:1.8.0_362]
	at javax.security.auth.Subject.doAs(Subject.java:422) [?:1.8.0_362]
	at org.apache.hadoop.security.UserGroupInformation.doAs(UserGroupInformation.java:1899) [hadoop-common-3.3.5.jar:?]
	at org.apache.hadoop.ipc.Server$Handler.run(Server.java:3026) [hadoop-common-3.3.5.jar:?]
11:25:35.555 [IPC Server handler 3 on default port 39679] ERROR OMAudit - user=runner | ip=127.0.0.1 | op=GET_FILE_STATUS {volume=volume21709, bucket=bucket98076, key=gdir1/dir8/child, dataSize=0, replicationConfig=null} | ret=FAILURE
org.apache.hadoop.ozone.om.exceptions.OMException: Unable to get file status: volume: volume21709 bucket: bucket98076 key: gdir1/dir8/child
	at org.apache.hadoop.ozone.om.KeyManagerImpl.getOzoneFileStatus(KeyManagerImpl.java:1200) ~[ozone-manager-1.4.0-SNAPSHOT.jar:?]
	at org.apache.hadoop.ozone.om.KeyManagerImpl.getFileStatus(KeyManagerImpl.java:1118) ~[ozone-manager-1.4.0-SNAPSHOT.jar:?]
	at org.apache.hadoop.ozone.om.OmMetadataReader.getFileStatus(OmMetadataReader.java:288) ~[ozone-manager-1.4.0-SNAPSHOT.jar:?]
	at org.apache.hadoop.ozone.om.OzoneManager.getFileStatus(OzoneManager.java:3491) ~[ozone-manager-1.4.0-SNAPSHOT.jar:?]
	at org.apache.hadoop.ozone.protocolPB.OzoneManagerRequestHandler.getOzoneFileStatus(OzoneManagerRequestHandler.java:934) ~[ozone-manager-1.4.0-SNAPSHOT.jar:?]
	at org.apache.hadoop.ozone.protocolPB.OzoneManagerRequestHandler.handleReadRequest(OzoneManagerRequestHandler.java:238) ~[ozone-manager-1.4.0-SNAPSHOT.jar:?]
	at org.apache.hadoop.ozone.protocolPB.OzoneManagerProtocolServerSideTranslatorPB.submitReadRequestToOM(OzoneManagerProtocolServerSideTranslatorPB.java:223) ~[ozone-manager-1.4.0-SNAPSHOT.jar:?]
	at org.apache.hadoop.ozone.protocolPB.OzoneManagerProtocolServerSideTranslatorPB.processRequest(OzoneManagerProtocolServerSideTranslatorPB.java:177) ~[ozone-manager-1.4.0-SNAPSHOT.jar:?]
	at org.apache.hadoop.hdds.server.OzoneProtocolMessageDispatcher.processRequest(OzoneProtocolMessageDispatcher.java:87) [hdds-server-framework-1.4.0-SNAPSHOT.jar:?]
	at org.apache.hadoop.ozone.protocolPB.OzoneManagerProtocolServerSideTranslatorPB.submitRequest(OzoneManagerProtocolServerSideTranslatorPB.java:147) [ozone-manager-1.4.0-SNAPSHOT.jar:?]
	at org.apache.hadoop.ozone.protocol.proto.OzoneManagerProtocolProtos$OzoneManagerService$2.callBlockingMethod(OzoneManagerProtocolProtos.java) [ozone-interface-client-1.4.0-SNAPSHOT.jar:?]
	at org.apache.hadoop.ipc.ProtobufRpcEngine$Server.processCall(ProtobufRpcEngine.java:484) [hadoop-common-3.3.5.jar:?]
	at org.apache.hadoop.ipc.ProtobufRpcEngine2$Server$ProtoBufRpcInvoker.call(ProtobufRpcEngine2.java:595) [hadoop-common-3.3.5.jar:?]
	at org.apache.hadoop.ipc.ProtobufRpcEngine2$Server$ProtoBufRpcInvoker.call(ProtobufRpcEngine2.java:573) [hadoop-common-3.3.5.jar:?]
	at org.apache.hadoop.ipc.RPC$Server.call(RPC.java:1213) [hadoop-common-3.3.5.jar:?]
	at org.apache.hadoop.ipc.Server$RpcCall.run(Server.java:1089) [hadoop-common-3.3.5.jar:?]
	at org.apache.hadoop.ipc.Server$RpcCall.run(Server.java:1012) [hadoop-common-3.3.5.jar:?]
	at java.security.AccessController.doPrivileged(Native Method) ~[?:1.8.0_362]
	at javax.security.auth.Subject.doAs(Subject.java:422) [?:1.8.0_362]
	at org.apache.hadoop.security.UserGroupInformation.doAs(UserGroupInformation.java:1899) [hadoop-common-3.3.5.jar:?]
	at org.apache.hadoop.ipc.Server$Handler.run(Server.java:3026) [hadoop-common-3.3.5.jar:?]
11:25:35.555 [IPC Server handler 4 on default port 39679] ERROR OMAudit - user=runner | ip=127.0.0.1 | op=GET_FILE_STATUS {volume=volume21709, bucket=bucket98076, key=gdir1/dir9, dataSize=0, replicationConfig=null} | ret=FAILURE
org.apache.hadoop.ozone.om.exceptions.OMException: Unable to get file status: volume: volume21709 bucket: bucket98076 key: gdir1/dir9
	at org.apache.hadoop.ozone.om.KeyManagerImpl.getOzoneFileStatus(KeyManagerImpl.java:1200) ~[ozone-manager-1.4.0-SNAPSHOT.jar:?]
	at org.apache.hadoop.ozone.om.KeyManagerImpl.getFileStatus(KeyManagerImpl.java:1118) ~[ozone-manager-1.4.0-SNAPSHOT.jar:?]
	at org.apache.hadoop.ozone.om.OmMetadataReader.getFileStatus(OmMetadataReader.java:288) ~[ozone-manager-1.4.0-SNAPSHOT.jar:?]
	at org.apache.hadoop.ozone.om.OzoneManager.getFileStatus(OzoneManager.java:3491) ~[ozone-manager-1.4.0-SNAPSHOT.jar:?]
	at org.apache.hadoop.ozone.protocolPB.OzoneManagerRequestHandler.getOzoneFileStatus(OzoneManagerRequestHandler.java:934) ~[ozone-manager-1.4.0-SNAPSHOT.jar:?]
	at org.apache.hadoop.ozone.protocolPB.OzoneManagerRequestHandler.handleReadRequest(OzoneManagerRequestHandler.java:238) ~[ozone-manager-1.4.0-SNAPSHOT.jar:?]
	at org.apache.hadoop.ozone.protocolPB.OzoneManagerProtocolServerSideTranslatorPB.submitReadRequestToOM(OzoneManagerProtocolServerSideTranslatorPB.java:223) ~[ozone-manager-1.4.0-SNAPSHOT.jar:?]
	at org.apache.hadoop.ozone.protocolPB.OzoneManagerProtocolServerSideTranslatorPB.processRequest(OzoneManagerProtocolServerSideTranslatorPB.java:177) ~[ozone-manager-1.4.0-SNAPSHOT.jar:?]
	at org.apache.hadoop.hdds.server.OzoneProtocolMessageDispatcher.processRequest(OzoneProtocolMessageDispatcher.java:87) [hdds-server-framework-1.4.0-SNAPSHOT.jar:?]
	at org.apache.hadoop.ozone.protocolPB.OzoneManagerProtocolServerSideTranslatorPB.submitRequest(OzoneManagerProtocolServerSideTranslatorPB.java:147) [ozone-manager-1.4.0-SNAPSHOT.jar:?]
	at org.apache.hadoop.ozone.protocol.proto.OzoneManagerProtocolProtos$OzoneManagerService$2.callBlockingMethod(OzoneManagerProtocolProtos.java) [ozone-interface-client-1.4.0-SNAPSHOT.jar:?]
	at org.apache.hadoop.ipc.ProtobufRpcEngine$Server.processCall(ProtobufRpcEngine.java:484) [hadoop-common-3.3.5.jar:?]
	at org.apache.hadoop.ipc.ProtobufRpcEngine2$Server$ProtoBufRpcInvoker.call(ProtobufRpcEngine2.java:595) [hadoop-common-3.3.5.jar:?]
	at org.apache.hadoop.ipc.ProtobufRpcEngine2$Server$ProtoBufRpcInvoker.call(ProtobufRpcEngine2.java:573) [hadoop-common-3.3.5.jar:?]
	at org.apache.hadoop.ipc.RPC$Server.call(RPC.java:1213) [hadoop-common-3.3.5.jar:?]
	at org.apache.hadoop.ipc.Server$RpcCall.run(Server.java:1089) [hadoop-common-3.3.5.jar:?]
	at org.apache.hadoop.ipc.Server$RpcCall.run(Server.java:1012) [hadoop-common-3.3.5.jar:?]
	at java.security.AccessController.doPrivileged(Native Method) ~[?:1.8.0_362]
	at javax.security.auth.Subject.doAs(Subject.java:422) [?:1.8.0_362]
	at org.apache.hadoop.security.UserGroupInformation.doAs(UserGroupInformation.java:1899) [hadoop-common-3.3.5.jar:?]
	at org.apache.hadoop.ipc.Server$Handler.run(Server.java:3026) [hadoop-common-3.3.5.jar:?]
11:25:35.556 [IPC Server handler 5 on default port 39679] ERROR OMAudit - user=runner | ip=127.0.0.1 | op=GET_FILE_STATUS {volume=volume21709, bucket=bucket98076, key=gdir1/dir9/child, dataSize=0, replicationConfig=null} | ret=FAILURE
org.apache.hadoop.ozone.om.exceptions.OMException: Unable to get file status: volume: volume21709 bucket: bucket98076 key: gdir1/dir9/child
	at org.apache.hadoop.ozone.om.KeyManagerImpl.getOzoneFileStatus(KeyManagerImpl.java:1200) ~[ozone-manager-1.4.0-SNAPSHOT.jar:?]
	at org.apache.hadoop.ozone.om.KeyManagerImpl.getFileStatus(KeyManagerImpl.java:1118) ~[ozone-manager-1.4.0-SNAPSHOT.jar:?]
	at org.apache.hadoop.ozone.om.OmMetadataReader.getFileStatus(OmMetadataReader.java:288) ~[ozone-manager-1.4.0-SNAPSHOT.jar:?]
	at org.apache.hadoop.ozone.om.OzoneManager.getFileStatus(OzoneManager.java:3491) ~[ozone-manager-1.4.0-SNAPSHOT.jar:?]
	at org.apache.hadoop.ozone.protocolPB.OzoneManagerRequestHandler.getOzoneFileStatus(OzoneManagerRequestHandler.java:934) ~[ozone-manager-1.4.0-SNAPSHOT.jar:?]
	at org.apache.hadoop.ozone.protocolPB.OzoneManagerRequestHandler.handleReadRequest(OzoneManagerRequestHandler.java:238) ~[ozone-manager-1.4.0-SNAPSHOT.jar:?]
	at org.apache.hadoop.ozone.protocolPB.OzoneManagerProtocolServerSideTranslatorPB.submitReadRequestToOM(OzoneManagerProtocolServerSideTranslatorPB.java:223) ~[ozone-manager-1.4.0-SNAPSHOT.jar:?]
	at org.apache.hadoop.ozone.protocolPB.OzoneManagerProtocolServerSideTranslatorPB.processRequest(OzoneManagerProtocolServerSideTranslatorPB.java:177) ~[ozone-manager-1.4.0-SNAPSHOT.jar:?]
	at org.apache.hadoop.hdds.server.OzoneProtocolMessageDispatcher.processRequest(OzoneProtocolMessageDispatcher.java:87) [hdds-server-framework-1.4.0-SNAPSHOT.jar:?]
	at org.apache.hadoop.ozone.protocolPB.OzoneManagerProtocolServerSideTranslatorPB.submitRequest(OzoneManagerProtocolServerSideTranslatorPB.java:147) [ozone-manager-1.4.0-SNAPSHOT.jar:?]
	at org.apache.hadoop.ozone.protocol.proto.OzoneManagerProtocolProtos$OzoneManagerService$2.callBlockingMethod(OzoneManagerProtocolProtos.java) [ozone-interface-client-1.4.0-SNAPSHOT.jar:?]
	at org.apache.hadoop.ipc.ProtobufRpcEngine$Server.processCall(ProtobufRpcEngine.java:484) [hadoop-common-3.3.5.jar:?]
	at org.apache.hadoop.ipc.ProtobufRpcEngine2$Server$ProtoBufRpcInvoker.call(ProtobufRpcEngine2.java:595) [hadoop-common-3.3.5.jar:?]
	at org.apache.hadoop.ipc.ProtobufRpcEngine2$Server$ProtoBufRpcInvoker.call(ProtobufRpcEngine2.java:573) [hadoop-common-3.3.5.jar:?]
	at org.apache.hadoop.ipc.RPC$Server.call(RPC.java:1213) [hadoop-common-3.3.5.jar:?]
	at org.apache.hadoop.ipc.Server$RpcCall.run(Server.java:1089) [hadoop-common-3.3.5.jar:?]
	at org.apache.hadoop.ipc.Server$RpcCall.run(Server.java:1012) [hadoop-common-3.3.5.jar:?]
	at java.security.AccessController.doPrivileged(Native Method) ~[?:1.8.0_362]
	at javax.security.auth.Subject.doAs(Subject.java:422) [?:1.8.0_362]
	at org.apache.hadoop.security.UserGroupInformation.doAs(UserGroupInformation.java:1899) [hadoop-common-3.3.5.jar:?]
	at org.apache.hadoop.ipc.Server$Handler.run(Server.java:3026) [hadoop-common-3.3.5.jar:?]
11:25:35.557 [IPC Server handler 7 on default port 39679] ERROR OMAudit - user=runner | ip=127.0.0.1 | op=GET_FILE_STATUS {volume=volume21709, bucket=bucket98076, key=gdir1/dir10, dataSize=0, replicationConfig=null} | ret=FAILURE
org.apache.hadoop.ozone.om.exceptions.OMException: Unable to get file status: volume: volume21709 bucket: bucket98076 key: gdir1/dir10
	at org.apache.hadoop.ozone.om.KeyManagerImpl.getOzoneFileStatus(KeyManagerImpl.java:1200) ~[ozone-manager-1.4.0-SNAPSHOT.jar:?]
	at org.apache.hadoop.ozone.om.KeyManagerImpl.getFileStatus(KeyManagerImpl.java:1118) ~[ozone-manager-1.4.0-SNAPSHOT.jar:?]
	at org.apache.hadoop.ozone.om.OmMetadataReader.getFileStatus(OmMetadataReader.java:288) ~[ozone-manager-1.4.0-SNAPSHOT.jar:?]
	at org.apache.hadoop.ozone.om.OzoneManager.getFileStatus(OzoneManager.java:3491) ~[ozone-manager-1.4.0-SNAPSHOT.jar:?]
	at org.apache.hadoop.ozone.protocolPB.OzoneManagerRequestHandler.getOzoneFileStatus(OzoneManagerRequestHandler.java:934) ~[ozone-manager-1.4.0-SNAPSHOT.jar:?]
	at org.apache.hadoop.ozone.protocolPB.OzoneManagerRequestHandler.handleReadRequest(OzoneManagerRequestHandler.java:238) ~[ozone-manager-1.4.0-SNAPSHOT.jar:?]
	at org.apache.hadoop.ozone.protocolPB.OzoneManagerProtocolServerSideTranslatorPB.submitReadRequestToOM(OzoneManagerProtocolServerSideTranslatorPB.java:223) ~[ozone-manager-1.4.0-SNAPSHOT.jar:?]
	at org.apache.hadoop.ozone.protocolPB.OzoneManagerProtocolServerSideTranslatorPB.processRequest(OzoneManagerProtocolServerSideTranslatorPB.java:177) ~[ozone-manager-1.4.0-SNAPSHOT.jar:?]
	at org.apache.hadoop.hdds.server.OzoneProtocolMessageDispatcher.processRequest(OzoneProtocolMessageDispatcher.java:87) [hdds-server-framework-1.4.0-SNAPSHOT.jar:?]
	at org.apache.hadoop.ozone.protocolPB.OzoneManagerProtocolServerSideTranslatorPB.submitRequest(OzoneManagerProtocolServerSideTranslatorPB.java:147) [ozone-manager-1.4.0-SNAPSHOT.jar:?]
	at org.apache.hadoop.ozone.protocol.proto.OzoneManagerProtocolProtos$OzoneManagerService$2.callBlockingMethod(OzoneManagerProtocolProtos.java) [ozone-interface-client-1.4.0-SNAPSHOT.jar:?]
	at org.apache.hadoop.ipc.ProtobufRpcEngine$Server.processCall(ProtobufRpcEngine.java:484) [hadoop-common-3.3.5.jar:?]
	at org.apache.hadoop.ipc.ProtobufRpcEngine2$Server$ProtoBufRpcInvoker.call(ProtobufRpcEngine2.java:595) [hadoop-common-3.3.5.jar:?]
	at org.apache.hadoop.ipc.ProtobufRpcEngine2$Server$ProtoBufRpcInvoker.call(ProtobufRpcEngine2.java:573) [hadoop-common-3.3.5.jar:?]
	at org.apache.hadoop.ipc.RPC$Server.call(RPC.java:1213) [hadoop-common-3.3.5.jar:?]
	at org.apache.hadoop.ipc.Server$RpcCall.run(Server.java:1089) [hadoop-common-3.3.5.jar:?]
	at org.apache.hadoop.ipc.Server$RpcCall.run(Server.java:1012) [hadoop-common-3.3.5.jar:?]
	at java.security.AccessController.doPrivileged(Native Method) ~[?:1.8.0_362]
	at javax.security.auth.Subject.doAs(Subject.java:422) [?:1.8.0_362]
	at org.apache.hadoop.security.UserGroupInformation.doAs(UserGroupInformation.java:1899) [hadoop-common-3.3.5.jar:?]
	at org.apache.hadoop.ipc.Server$Handler.run(Server.java:3026) [hadoop-common-3.3.5.jar:?]
11:25:35.557 [IPC Server handler 6 on default port 39679] ERROR OMAudit - user=runner | ip=127.0.0.1 | op=GET_FILE_STATUS {volume=volume21709, bucket=bucket98076, key=gdir1/dir10/child, dataSize=0, replicationConfig=null} | ret=FAILURE
org.apache.hadoop.ozone.om.exceptions.OMException: Unable to get file status: volume: volume21709 bucket: bucket98076 key: gdir1/dir10/child
	at org.apache.hadoop.ozone.om.KeyManagerImpl.getOzoneFileStatus(KeyManagerImpl.java:1200) ~[ozone-manager-1.4.0-SNAPSHOT.jar:?]
	at org.apache.hadoop.ozone.om.KeyManagerImpl.getFileStatus(KeyManagerImpl.java:1118) ~[ozone-manager-1.4.0-SNAPSHOT.jar:?]
	at org.apache.hadoop.ozone.om.OmMetadataReader.getFileStatus(OmMetadataReader.java:288) ~[ozone-manager-1.4.0-SNAPSHOT.jar:?]
	at org.apache.hadoop.ozone.om.OzoneManager.getFileStatus(OzoneManager.java:3491) ~[ozone-manager-1.4.0-SNAPSHOT.jar:?]
	at org.apache.hadoop.ozone.protocolPB.OzoneManagerRequestHandler.getOzoneFileStatus(OzoneManagerRequestHandler.java:934) ~[ozone-manager-1.4.0-SNAPSHOT.jar:?]
	at org.apache.hadoop.ozone.protocolPB.OzoneManagerRequestHandler.handleReadRequest(OzoneManagerRequestHandler.java:238) ~[ozone-manager-1.4.0-SNAPSHOT.jar:?]
	at org.apache.hadoop.ozone.protocolPB.OzoneManagerProtocolServerSideTranslatorPB.submitReadRequestToOM(OzoneManagerProtocolServerSideTranslatorPB.java:223) ~[ozone-manager-1.4.0-SNAPSHOT.jar:?]
	at org.apache.hadoop.ozone.protocolPB.OzoneManagerProtocolServerSideTranslatorPB.processRequest(OzoneManagerProtocolServerSideTranslatorPB.java:177) ~[ozone-manager-1.4.0-SNAPSHOT.jar:?]
	at org.apache.hadoop.hdds.server.OzoneProtocolMessageDispatcher.processRequest(OzoneProtocolMessageDispatcher.java:87) [hdds-server-framework-1.4.0-SNAPSHOT.jar:?]
	at org.apache.hadoop.ozone.protocolPB.OzoneManagerProtocolServerSideTranslatorPB.submitRequest(OzoneManagerProtocolServerSideTranslatorPB.java:147) [ozone-manager-1.4.0-SNAPSHOT.jar:?]
	at org.apache.hadoop.ozone.protocol.proto.OzoneManagerProtocolProtos$OzoneManagerService$2.callBlockingMethod(OzoneManagerProtocolProtos.java) [ozone-interface-client-1.4.0-SNAPSHOT.jar:?]
	at org.apache.hadoop.ipc.ProtobufRpcEngine$Server.processCall(ProtobufRpcEngine.java:484) [hadoop-common-3.3.5.jar:?]
	at org.apache.hadoop.ipc.ProtobufRpcEngine2$Server$ProtoBufRpcInvoker.call(ProtobufRpcEngine2.java:595) [hadoop-common-3.3.5.jar:?]
	at org.apache.hadoop.ipc.ProtobufRpcEngine2$Server$ProtoBufRpcInvoker.call(ProtobufRpcEngine2.java:573) [hadoop-common-3.3.5.jar:?]
	at org.apache.hadoop.ipc.RPC$Server.call(RPC.java:1213) [hadoop-common-3.3.5.jar:?]
	at org.apache.hadoop.ipc.Server$RpcCall.run(Server.java:1089) [hadoop-common-3.3.5.jar:?]
	at org.apache.hadoop.ipc.Server$RpcCall.run(Server.java:1012) [hadoop-common-3.3.5.jar:?]
	at java.security.AccessController.doPrivileged(Native Method) ~[?:1.8.0_362]
	at javax.security.auth.Subject.doAs(Subject.java:422) [?:1.8.0_362]
	at org.apache.hadoop.security.UserGroupInformation.doAs(UserGroupInformation.java:1899) [hadoop-common-3.3.5.jar:?]
	at org.apache.hadoop.ipc.Server$Handler.run(Server.java:3026) [hadoop-common-3.3.5.jar:?]
2023-04-11 11:25:35,565 [OM StateMachine ApplyTransaction Thread - 0] INFO  key.OMKeyRequest (OMKeyRequest.java:wrapUncommittedBlocksAsPseudoKey(838)) - Detect allocated but uncommitted blocks [{blockID={containerID=2, localID=111677748019200024}, length=4194304, offset=0, token=null, pipeline=null, createVersion=0, partNumber=0}] in key level0/level1/file1.
2023-04-11 11:25:35,570 [OM StateMachine ApplyTransaction Thread - 0] INFO  key.OMKeyRequest (OMKeyRequest.java:wrapUncommittedBlocksAsPseudoKey(838)) - Detect allocated but uncommitted blocks [{blockID={containerID=1, localID=111677748019200025}, length=4194304, offset=0, token=null, pipeline=null, createVersion=0, partNumber=0}] in key level0/level1/level1/file1.
2023-04-11 11:25:35,574 [OM StateMachine ApplyTransaction Thread - 0] INFO  key.OMKeyRequest (OMKeyRequest.java:wrapUncommittedBlocksAsPseudoKey(838)) - Detect allocated but uncommitted blocks [{blockID={containerID=3, localID=111677748019200026}, length=4194304, offset=0, token=null, pipeline=null, createVersion=0, partNumber=0}] in key level0/level2/file1.
2023-04-11 11:25:35,579 [OM StateMachine ApplyTransaction Thread - 0] INFO  key.OMKeyRequest (OMKeyRequest.java:wrapUncommittedBlocksAsPseudoKey(838)) - Detect allocated but uncommitted blocks [{blockID={containerID=2, localID=111677748019200027}, length=4194304, offset=0, token=null, pipeline=null, createVersion=0, partNumber=0}] in key level0/level2/level2/file1.
2023-04-11 11:25:35,583 [OM StateMachine ApplyTransaction Thread - 0] INFO  key.OMKeyRequest (OMKeyRequest.java:wrapUncommittedBlocksAsPseudoKey(838)) - Detect allocated but uncommitted blocks [{blockID={containerID=1, localID=111677748019200028}, length=4194304, offset=0, token=null, pipeline=null, createVersion=0, partNumber=0}] in key level0/level3/file1.
2023-04-11 11:25:35,586 [OM StateMachine ApplyTransaction Thread - 0] INFO  key.OMKeyRequest (OMKeyRequest.java:wrapUncommittedBlocksAsPseudoKey(838)) - Detect allocated but uncommitted blocks [{blockID={containerID=4, localID=111677748019200029}, length=4194304, offset=0, token=null, pipeline=null, createVersion=0, partNumber=0}] in key level0/level3/level3/file1.
11:25:35.605 [IPC Server handler 1 on default port 39679] ERROR OMAudit - user=runner | ip=127.0.0.1 | op=GET_FILE_STATUS {volume=volume21709, bucket=bucket98076, key=level0, dataSize=0, replicationConfig=null} | ret=FAILURE
org.apache.hadoop.ozone.om.exceptions.OMException: Unable to get file status: volume: volume21709 bucket: bucket98076 key: level0
	at org.apache.hadoop.ozone.om.KeyManagerImpl.getOzoneFileStatus(KeyManagerImpl.java:1200) ~[ozone-manager-1.4.0-SNAPSHOT.jar:?]
	at org.apache.hadoop.ozone.om.KeyManagerImpl.getFileStatus(KeyManagerImpl.java:1118) ~[ozone-manager-1.4.0-SNAPSHOT.jar:?]
	at org.apache.hadoop.ozone.om.OmMetadataReader.getFileStatus(OmMetadataReader.java:288) ~[ozone-manager-1.4.0-SNAPSHOT.jar:?]
	at org.apache.hadoop.ozone.om.OzoneManager.getFileStatus(OzoneManager.java:3491) ~[ozone-manager-1.4.0-SNAPSHOT.jar:?]
	at org.apache.hadoop.ozone.protocolPB.OzoneManagerRequestHandler.getOzoneFileStatus(OzoneManagerRequestHandler.java:934) ~[ozone-manager-1.4.0-SNAPSHOT.jar:?]
	at org.apache.hadoop.ozone.protocolPB.OzoneManagerRequestHandler.handleReadRequest(OzoneManagerRequestHandler.java:238) ~[ozone-manager-1.4.0-SNAPSHOT.jar:?]
	at org.apache.hadoop.ozone.protocolPB.OzoneManagerProtocolServerSideTranslatorPB.submitReadRequestToOM(OzoneManagerProtocolServerSideTranslatorPB.java:223) ~[ozone-manager-1.4.0-SNAPSHOT.jar:?]
	at org.apache.hadoop.ozone.protocolPB.OzoneManagerProtocolServerSideTranslatorPB.processRequest(OzoneManagerProtocolServerSideTranslatorPB.java:177) ~[ozone-manager-1.4.0-SNAPSHOT.jar:?]
	at org.apache.hadoop.hdds.server.OzoneProtocolMessageDispatcher.processRequest(OzoneProtocolMessageDispatcher.java:87) [hdds-server-framework-1.4.0-SNAPSHOT.jar:?]
	at org.apache.hadoop.ozone.protocolPB.OzoneManagerProtocolServerSideTranslatorPB.submitRequest(OzoneManagerProtocolServerSideTranslatorPB.java:147) [ozone-manager-1.4.0-SNAPSHOT.jar:?]
	at org.apache.hadoop.ozone.protocol.proto.OzoneManagerProtocolProtos$OzoneManagerService$2.callBlockingMethod(OzoneManagerProtocolProtos.java) [ozone-interface-client-1.4.0-SNAPSHOT.jar:?]
	at org.apache.hadoop.ipc.ProtobufRpcEngine$Server.processCall(ProtobufRpcEngine.java:484) [hadoop-common-3.3.5.jar:?]
	at org.apache.hadoop.ipc.ProtobufRpcEngine2$Server$ProtoBufRpcInvoker.call(ProtobufRpcEngine2.java:595) [hadoop-common-3.3.5.jar:?]
	at org.apache.hadoop.ipc.ProtobufRpcEngine2$Server$ProtoBufRpcInvoker.call(ProtobufRpcEngine2.java:573) [hadoop-common-3.3.5.jar:?]
	at org.apache.hadoop.ipc.RPC$Server.call(RPC.java:1213) [hadoop-common-3.3.5.jar:?]
	at org.apache.hadoop.ipc.Server$RpcCall.run(Server.java:1089) [hadoop-common-3.3.5.jar:?]
	at org.apache.hadoop.ipc.Server$RpcCall.run(Server.java:1012) [hadoop-common-3.3.5.jar:?]
	at java.security.AccessController.doPrivileged(Native Method) ~[?:1.8.0_362]
	at javax.security.auth.Subject.doAs(Subject.java:422) [?:1.8.0_362]
	at org.apache.hadoop.security.UserGroupInformation.doAs(UserGroupInformation.java:1899) [hadoop-common-3.3.5.jar:?]
	at org.apache.hadoop.ipc.Server$Handler.run(Server.java:3026) [hadoop-common-3.3.5.jar:?]
11:25:35.605 [IPC Server handler 2 on default port 39679] ERROR OMAudit - user=runner | ip=127.0.0.1 | op=GET_FILE_STATUS {volume=volume21709, bucket=bucket98076, key=level0/level1, dataSize=0, replicationConfig=null} | ret=FAILURE
org.apache.hadoop.ozone.om.exceptions.OMException: Unable to get file status: volume: volume21709 bucket: bucket98076 key: level0/level1
	at org.apache.hadoop.ozone.om.KeyManagerImpl.getOzoneFileStatus(KeyManagerImpl.java:1200) ~[ozone-manager-1.4.0-SNAPSHOT.jar:?]
	at org.apache.hadoop.ozone.om.KeyManagerImpl.getFileStatus(KeyManagerImpl.java:1118) ~[ozone-manager-1.4.0-SNAPSHOT.jar:?]
	at org.apache.hadoop.ozone.om.OmMetadataReader.getFileStatus(OmMetadataReader.java:288) ~[ozone-manager-1.4.0-SNAPSHOT.jar:?]
	at org.apache.hadoop.ozone.om.OzoneManager.getFileStatus(OzoneManager.java:3491) ~[ozone-manager-1.4.0-SNAPSHOT.jar:?]
	at org.apache.hadoop.ozone.protocolPB.OzoneManagerRequestHandler.getOzoneFileStatus(OzoneManagerRequestHandler.java:934) ~[ozone-manager-1.4.0-SNAPSHOT.jar:?]
	at org.apache.hadoop.ozone.protocolPB.OzoneManagerRequestHandler.handleReadRequest(OzoneManagerRequestHandler.java:238) ~[ozone-manager-1.4.0-SNAPSHOT.jar:?]
	at org.apache.hadoop.ozone.protocolPB.OzoneManagerProtocolServerSideTranslatorPB.submitReadRequestToOM(OzoneManagerProtocolServerSideTranslatorPB.java:223) ~[ozone-manager-1.4.0-SNAPSHOT.jar:?]
	at org.apache.hadoop.ozone.protocolPB.OzoneManagerProtocolServerSideTranslatorPB.processRequest(OzoneManagerProtocolServerSideTranslatorPB.java:177) ~[ozone-manager-1.4.0-SNAPSHOT.jar:?]
	at org.apache.hadoop.hdds.server.OzoneProtocolMessageDispatcher.processRequest(OzoneProtocolMessageDispatcher.java:87) [hdds-server-framework-1.4.0-SNAPSHOT.jar:?]
	at org.apache.hadoop.ozone.protocolPB.OzoneManagerProtocolServerSideTranslatorPB.submitRequest(OzoneManagerProtocolServerSideTranslatorPB.java:147) [ozone-manager-1.4.0-SNAPSHOT.jar:?]
	at org.apache.hadoop.ozone.protocol.proto.OzoneManagerProtocolProtos$OzoneManagerService$2.callBlockingMethod(OzoneManagerProtocolProtos.java) [ozone-interface-client-1.4.0-SNAPSHOT.jar:?]
	at org.apache.hadoop.ipc.ProtobufRpcEngine$Server.processCall(ProtobufRpcEngine.java:484) [hadoop-common-3.3.5.jar:?]
	at org.apache.hadoop.ipc.ProtobufRpcEngine2$Server$ProtoBufRpcInvoker.call(ProtobufRpcEngine2.java:595) [hadoop-common-3.3.5.jar:?]
	at org.apache.hadoop.ipc.ProtobufRpcEngine2$Server$ProtoBufRpcInvoker.call(ProtobufRpcEngine2.java:573) [hadoop-common-3.3.5.jar:?]
	at org.apache.hadoop.ipc.RPC$Server.call(RPC.java:1213) [hadoop-common-3.3.5.jar:?]
	at org.apache.hadoop.ipc.Server$RpcCall.run(Server.java:1089) [hadoop-common-3.3.5.jar:?]
	at org.apache.hadoop.ipc.Server$RpcCall.run(Server.java:1012) [hadoop-common-3.3.5.jar:?]
	at java.security.AccessController.doPrivileged(Native Method) ~[?:1.8.0_362]
	at javax.security.auth.Subject.doAs(Subject.java:422) [?:1.8.0_362]
	at org.apache.hadoop.security.UserGroupInformation.doAs(UserGroupInformation.java:1899) [hadoop-common-3.3.5.jar:?]
	at org.apache.hadoop.ipc.Server$Handler.run(Server.java:3026) [hadoop-common-3.3.5.jar:?]
11:25:35.607 [IPC Server handler 3 on default port 39679] ERROR OMAudit - user=runner | ip=127.0.0.1 | op=GET_FILE_STATUS {volume=volume21709, bucket=bucket98076, key=level0/level1/level1, dataSize=0, replicationConfig=null} | ret=FAILURE
org.apache.hadoop.ozone.om.exceptions.OMException: Unable to get file status: volume: volume21709 bucket: bucket98076 key: level0/level1/level1
	at org.apache.hadoop.ozone.om.KeyManagerImpl.getOzoneFileStatus(KeyManagerImpl.java:1200) ~[ozone-manager-1.4.0-SNAPSHOT.jar:?]
	at org.apache.hadoop.ozone.om.KeyManagerImpl.getFileStatus(KeyManagerImpl.java:1118) ~[ozone-manager-1.4.0-SNAPSHOT.jar:?]
	at org.apache.hadoop.ozone.om.OmMetadataReader.getFileStatus(OmMetadataReader.java:288) ~[ozone-manager-1.4.0-SNAPSHOT.jar:?]
	at org.apache.hadoop.ozone.om.OzoneManager.getFileStatus(OzoneManager.java:3491) ~[ozone-manager-1.4.0-SNAPSHOT.jar:?]
	at org.apache.hadoop.ozone.protocolPB.OzoneManagerRequestHandler.getOzoneFileStatus(OzoneManagerRequestHandler.java:934) ~[ozone-manager-1.4.0-SNAPSHOT.jar:?]
	at org.apache.hadoop.ozone.protocolPB.OzoneManagerRequestHandler.handleReadRequest(OzoneManagerRequestHandler.java:238) ~[ozone-manager-1.4.0-SNAPSHOT.jar:?]
	at org.apache.hadoop.ozone.protocolPB.OzoneManagerProtocolServerSideTranslatorPB.submitReadRequestToOM(OzoneManagerProtocolServerSideTranslatorPB.java:223) ~[ozone-manager-1.4.0-SNAPSHOT.jar:?]
	at org.apache.hadoop.ozone.protocolPB.OzoneManagerProtocolServerSideTranslatorPB.processRequest(OzoneManagerProtocolServerSideTranslatorPB.java:177) ~[ozone-manager-1.4.0-SNAPSHOT.jar:?]
	at org.apache.hadoop.hdds.server.OzoneProtocolMessageDispatcher.processRequest(OzoneProtocolMessageDispatcher.java:87) [hdds-server-framework-1.4.0-SNAPSHOT.jar:?]
	at org.apache.hadoop.ozone.protocolPB.OzoneManagerProtocolServerSideTranslatorPB.submitRequest(OzoneManagerProtocolServerSideTranslatorPB.java:147) [ozone-manager-1.4.0-SNAPSHOT.jar:?]
	at org.apache.hadoop.ozone.protocol.proto.OzoneManagerProtocolProtos$OzoneManagerService$2.callBlockingMethod(OzoneManagerProtocolProtos.java) [ozone-interface-client-1.4.0-SNAPSHOT.jar:?]
	at org.apache.hadoop.ipc.ProtobufRpcEngine$Server.processCall(ProtobufRpcEngine.java:484) [hadoop-common-3.3.5.jar:?]
	at org.apache.hadoop.ipc.ProtobufRpcEngine2$Server$ProtoBufRpcInvoker.call(ProtobufRpcEngine2.java:595) [hadoop-common-3.3.5.jar:?]
	at org.apache.hadoop.ipc.ProtobufRpcEngine2$Server$ProtoBufRpcInvoker.call(ProtobufRpcEngine2.java:573) [hadoop-common-3.3.5.jar:?]
	at org.apache.hadoop.ipc.RPC$Server.call(RPC.java:1213) [hadoop-common-3.3.5.jar:?]
	at org.apache.hadoop.ipc.Server$RpcCall.run(Server.java:1089) [hadoop-common-3.3.5.jar:?]
	at org.apache.hadoop.ipc.Server$RpcCall.run(Server.java:1012) [hadoop-common-3.3.5.jar:?]
	at java.security.AccessController.doPrivileged(Native Method) ~[?:1.8.0_362]
	at javax.security.auth.Subject.doAs(Subject.java:422) [?:1.8.0_362]
	at org.apache.hadoop.security.UserGroupInformation.doAs(UserGroupInformation.java:1899) [hadoop-common-3.3.5.jar:?]
	at org.apache.hadoop.ipc.Server$Handler.run(Server.java:3026) [hadoop-common-3.3.5.jar:?]
11:25:35.607 [IPC Server handler 4 on default port 39679] ERROR OMAudit - user=runner | ip=127.0.0.1 | op=GET_FILE_STATUS {volume=volume21709, bucket=bucket98076, key=level0/level1/file1, dataSize=0, replicationConfig=null} | ret=FAILURE
org.apache.hadoop.ozone.om.exceptions.OMException: Unable to get file status: volume: volume21709 bucket: bucket98076 key: level0/level1/file1
	at org.apache.hadoop.ozone.om.KeyManagerImpl.getOzoneFileStatus(KeyManagerImpl.java:1200) ~[ozone-manager-1.4.0-SNAPSHOT.jar:?]
	at org.apache.hadoop.ozone.om.KeyManagerImpl.getFileStatus(KeyManagerImpl.java:1118) ~[ozone-manager-1.4.0-SNAPSHOT.jar:?]
	at org.apache.hadoop.ozone.om.OmMetadataReader.getFileStatus(OmMetadataReader.java:288) ~[ozone-manager-1.4.0-SNAPSHOT.jar:?]
	at org.apache.hadoop.ozone.om.OzoneManager.getFileStatus(OzoneManager.java:3491) ~[ozone-manager-1.4.0-SNAPSHOT.jar:?]
	at org.apache.hadoop.ozone.protocolPB.OzoneManagerRequestHandler.getOzoneFileStatus(OzoneManagerRequestHandler.java:934) ~[ozone-manager-1.4.0-SNAPSHOT.jar:?]
	at org.apache.hadoop.ozone.protocolPB.OzoneManagerRequestHandler.handleReadRequest(OzoneManagerRequestHandler.java:238) ~[ozone-manager-1.4.0-SNAPSHOT.jar:?]
	at org.apache.hadoop.ozone.protocolPB.OzoneManagerProtocolServerSideTranslatorPB.submitReadRequestToOM(OzoneManagerProtocolServerSideTranslatorPB.java:223) ~[ozone-manager-1.4.0-SNAPSHOT.jar:?]
	at org.apache.hadoop.ozone.protocolPB.OzoneManagerProtocolServerSideTranslatorPB.processRequest(OzoneManagerProtocolServerSideTranslatorPB.java:177) ~[ozone-manager-1.4.0-SNAPSHOT.jar:?]
	at org.apache.hadoop.hdds.server.OzoneProtocolMessageDispatcher.processRequest(OzoneProtocolMessageDispatcher.java:87) [hdds-server-framework-1.4.0-SNAPSHOT.jar:?]
	at org.apache.hadoop.ozone.protocolPB.OzoneManagerProtocolServerSideTranslatorPB.submitRequest(OzoneManagerProtocolServerSideTranslatorPB.java:147) [ozone-manager-1.4.0-SNAPSHOT.jar:?]
	at org.apache.hadoop.ozone.protocol.proto.OzoneManagerProtocolProtos$OzoneManagerService$2.callBlockingMethod(OzoneManagerProtocolProtos.java) [ozone-interface-client-1.4.0-SNAPSHOT.jar:?]
	at org.apache.hadoop.ipc.ProtobufRpcEngine$Server.processCall(ProtobufRpcEngine.java:484) [hadoop-common-3.3.5.jar:?]
	at org.apache.hadoop.ipc.ProtobufRpcEngine2$Server$ProtoBufRpcInvoker.call(ProtobufRpcEngine2.java:595) [hadoop-common-3.3.5.jar:?]
	at org.apache.hadoop.ipc.ProtobufRpcEngine2$Server$ProtoBufRpcInvoker.call(ProtobufRpcEngine2.java:573) [hadoop-common-3.3.5.jar:?]
	at org.apache.hadoop.ipc.RPC$Server.call(RPC.java:1213) [hadoop-common-3.3.5.jar:?]
	at org.apache.hadoop.ipc.Server$RpcCall.run(Server.java:1089) [hadoop-common-3.3.5.jar:?]
	at org.apache.hadoop.ipc.Server$RpcCall.run(Server.java:1012) [hadoop-common-3.3.5.jar:?]
	at java.security.AccessController.doPrivileged(Native Method) ~[?:1.8.0_362]
	at javax.security.auth.Subject.doAs(Subject.java:422) [?:1.8.0_362]
	at org.apache.hadoop.security.UserGroupInformation.doAs(UserGroupInformation.java:1899) [hadoop-common-3.3.5.jar:?]
	at org.apache.hadoop.ipc.Server$Handler.run(Server.java:3026) [hadoop-common-3.3.5.jar:?]
11:25:35.608 [IPC Server handler 5 on default port 39679] ERROR OMAudit - user=runner | ip=127.0.0.1 | op=GET_FILE_STATUS {volume=volume21709, bucket=bucket98076, key=level0/level1/level1/file1, dataSize=0, replicationConfig=null} | ret=FAILURE
org.apache.hadoop.ozone.om.exceptions.OMException: Unable to get file status: volume: volume21709 bucket: bucket98076 key: level0/level1/level1/file1
	at org.apache.hadoop.ozone.om.KeyManagerImpl.getOzoneFileStatus(KeyManagerImpl.java:1200) ~[ozone-manager-1.4.0-SNAPSHOT.jar:?]
	at org.apache.hadoop.ozone.om.KeyManagerImpl.getFileStatus(KeyManagerImpl.java:1118) ~[ozone-manager-1.4.0-SNAPSHOT.jar:?]
	at org.apache.hadoop.ozone.om.OmMetadataReader.getFileStatus(OmMetadataReader.java:288) ~[ozone-manager-1.4.0-SNAPSHOT.jar:?]
	at org.apache.hadoop.ozone.om.OzoneManager.getFileStatus(OzoneManager.java:3491) ~[ozone-manager-1.4.0-SNAPSHOT.jar:?]
	at org.apache.hadoop.ozone.protocolPB.OzoneManagerRequestHandler.getOzoneFileStatus(OzoneManagerRequestHandler.java:934) ~[ozone-manager-1.4.0-SNAPSHOT.jar:?]
	at org.apache.hadoop.ozone.protocolPB.OzoneManagerRequestHandler.handleReadRequest(OzoneManagerRequestHandler.java:238) ~[ozone-manager-1.4.0-SNAPSHOT.jar:?]
	at org.apache.hadoop.ozone.protocolPB.OzoneManagerProtocolServerSideTranslatorPB.submitReadRequestToOM(OzoneManagerProtocolServerSideTranslatorPB.java:223) ~[ozone-manager-1.4.0-SNAPSHOT.jar:?]
	at org.apache.hadoop.ozone.protocolPB.OzoneManagerProtocolServerSideTranslatorPB.processRequest(OzoneManagerProtocolServerSideTranslatorPB.java:177) ~[ozone-manager-1.4.0-SNAPSHOT.jar:?]
	at org.apache.hadoop.hdds.server.OzoneProtocolMessageDispatcher.processRequest(OzoneProtocolMessageDispatcher.java:87) [hdds-server-framework-1.4.0-SNAPSHOT.jar:?]
	at org.apache.hadoop.ozone.protocolPB.OzoneManagerProtocolServerSideTranslatorPB.submitRequest(OzoneManagerProtocolServerSideTranslatorPB.java:147) [ozone-manager-1.4.0-SNAPSHOT.jar:?]
	at org.apache.hadoop.ozone.protocol.proto.OzoneManagerProtocolProtos$OzoneManagerService$2.callBlockingMethod(OzoneManagerProtocolProtos.java) [ozone-interface-client-1.4.0-SNAPSHOT.jar:?]
	at org.apache.hadoop.ipc.ProtobufRpcEngine$Server.processCall(ProtobufRpcEngine.java:484) [hadoop-common-3.3.5.jar:?]
	at org.apache.hadoop.ipc.ProtobufRpcEngine2$Server$ProtoBufRpcInvoker.call(ProtobufRpcEngine2.java:595) [hadoop-common-3.3.5.jar:?]
	at org.apache.hadoop.ipc.ProtobufRpcEngine2$Server$ProtoBufRpcInvoker.call(ProtobufRpcEngine2.java:573) [hadoop-common-3.3.5.jar:?]
	at org.apache.hadoop.ipc.RPC$Server.call(RPC.java:1213) [hadoop-common-3.3.5.jar:?]
	at org.apache.hadoop.ipc.Server$RpcCall.run(Server.java:1089) [hadoop-common-3.3.5.jar:?]
	at org.apache.hadoop.ipc.Server$RpcCall.run(Server.java:1012) [hadoop-common-3.3.5.jar:?]
	at java.security.AccessController.doPrivileged(Native Method) ~[?:1.8.0_362]
	at javax.security.auth.Subject.doAs(Subject.java:422) [?:1.8.0_362]
	at org.apache.hadoop.security.UserGroupInformation.doAs(UserGroupInformation.java:1899) [hadoop-common-3.3.5.jar:?]
	at org.apache.hadoop.ipc.Server$Handler.run(Server.java:3026) [hadoop-common-3.3.5.jar:?]
11:25:35.609 [IPC Server handler 7 on default port 39679] ERROR OMAudit - user=runner | ip=127.0.0.1 | op=GET_FILE_STATUS {volume=volume21709, bucket=bucket98076, key=level0/level2, dataSize=0, replicationConfig=null} | ret=FAILURE
org.apache.hadoop.ozone.om.exceptions.OMException: Unable to get file status: volume: volume21709 bucket: bucket98076 key: level0/level2
	at org.apache.hadoop.ozone.om.KeyManagerImpl.getOzoneFileStatus(KeyManagerImpl.java:1200) ~[ozone-manager-1.4.0-SNAPSHOT.jar:?]
	at org.apache.hadoop.ozone.om.KeyManagerImpl.getFileStatus(KeyManagerImpl.java:1118) ~[ozone-manager-1.4.0-SNAPSHOT.jar:?]
	at org.apache.hadoop.ozone.om.OmMetadataReader.getFileStatus(OmMetadataReader.java:288) ~[ozone-manager-1.4.0-SNAPSHOT.jar:?]
	at org.apache.hadoop.ozone.om.OzoneManager.getFileStatus(OzoneManager.java:3491) ~[ozone-manager-1.4.0-SNAPSHOT.jar:?]
	at org.apache.hadoop.ozone.protocolPB.OzoneManagerRequestHandler.getOzoneFileStatus(OzoneManagerRequestHandler.java:934) ~[ozone-manager-1.4.0-SNAPSHOT.jar:?]
	at org.apache.hadoop.ozone.protocolPB.OzoneManagerRequestHandler.handleReadRequest(OzoneManagerRequestHandler.java:238) ~[ozone-manager-1.4.0-SNAPSHOT.jar:?]
	at org.apache.hadoop.ozone.protocolPB.OzoneManagerProtocolServerSideTranslatorPB.submitReadRequestToOM(OzoneManagerProtocolServerSideTranslatorPB.java:223) ~[ozone-manager-1.4.0-SNAPSHOT.jar:?]
	at org.apache.hadoop.ozone.protocolPB.OzoneManagerProtocolServerSideTranslatorPB.processRequest(OzoneManagerProtocolServerSideTranslatorPB.java:177) ~[ozone-manager-1.4.0-SNAPSHOT.jar:?]
	at org.apache.hadoop.hdds.server.OzoneProtocolMessageDispatcher.processRequest(OzoneProtocolMessageDispatcher.java:87) [hdds-server-framework-1.4.0-SNAPSHOT.jar:?]
	at org.apache.hadoop.ozone.protocolPB.OzoneManagerProtocolServerSideTranslatorPB.submitRequest(OzoneManagerProtocolServerSideTranslatorPB.java:147) [ozone-manager-1.4.0-SNAPSHOT.jar:?]
	at org.apache.hadoop.ozone.protocol.proto.OzoneManagerProtocolProtos$OzoneManagerService$2.callBlockingMethod(OzoneManagerProtocolProtos.java) [ozone-interface-client-1.4.0-SNAPSHOT.jar:?]
	at org.apache.hadoop.ipc.ProtobufRpcEngine$Server.processCall(ProtobufRpcEngine.java:484) [hadoop-common-3.3.5.jar:?]
	at org.apache.hadoop.ipc.ProtobufRpcEngine2$Server$ProtoBufRpcInvoker.call(ProtobufRpcEngine2.java:595) [hadoop-common-3.3.5.jar:?]
	at org.apache.hadoop.ipc.ProtobufRpcEngine2$Server$ProtoBufRpcInvoker.call(ProtobufRpcEngine2.java:573) [hadoop-common-3.3.5.jar:?]
	at org.apache.hadoop.ipc.RPC$Server.call(RPC.java:1213) [hadoop-common-3.3.5.jar:?]
	at org.apache.hadoop.ipc.Server$RpcCall.run(Server.java:1089) [hadoop-common-3.3.5.jar:?]
	at org.apache.hadoop.ipc.Server$RpcCall.run(Server.java:1012) [hadoop-common-3.3.5.jar:?]
	at java.security.AccessController.doPrivileged(Native Method) ~[?:1.8.0_362]
	at javax.security.auth.Subject.doAs(Subject.java:422) [?:1.8.0_362]
	at org.apache.hadoop.security.UserGroupInformation.doAs(UserGroupInformation.java:1899) [hadoop-common-3.3.5.jar:?]
	at org.apache.hadoop.ipc.Server$Handler.run(Server.java:3026) [hadoop-common-3.3.5.jar:?]
11:25:35.609 [IPC Server handler 6 on default port 39679] ERROR OMAudit - user=runner | ip=127.0.0.1 | op=GET_FILE_STATUS {volume=volume21709, bucket=bucket98076, key=level0/level2/level2, dataSize=0, replicationConfig=null} | ret=FAILURE
org.apache.hadoop.ozone.om.exceptions.OMException: Unable to get file status: volume: volume21709 bucket: bucket98076 key: level0/level2/level2
	at org.apache.hadoop.ozone.om.KeyManagerImpl.getOzoneFileStatus(KeyManagerImpl.java:1200) ~[ozone-manager-1.4.0-SNAPSHOT.jar:?]
	at org.apache.hadoop.ozone.om.KeyManagerImpl.getFileStatus(KeyManagerImpl.java:1118) ~[ozone-manager-1.4.0-SNAPSHOT.jar:?]
	at org.apache.hadoop.ozone.om.OmMetadataReader.getFileStatus(OmMetadataReader.java:288) ~[ozone-manager-1.4.0-SNAPSHOT.jar:?]
	at org.apache.hadoop.ozone.om.OzoneManager.getFileStatus(OzoneManager.java:3491) ~[ozone-manager-1.4.0-SNAPSHOT.jar:?]
	at org.apache.hadoop.ozone.protocolPB.OzoneManagerRequestHandler.getOzoneFileStatus(OzoneManagerRequestHandler.java:934) ~[ozone-manager-1.4.0-SNAPSHOT.jar:?]
	at org.apache.hadoop.ozone.protocolPB.OzoneManagerRequestHandler.handleReadRequest(OzoneManagerRequestHandler.java:238) ~[ozone-manager-1.4.0-SNAPSHOT.jar:?]
	at org.apache.hadoop.ozone.protocolPB.OzoneManagerProtocolServerSideTranslatorPB.submitReadRequestToOM(OzoneManagerProtocolServerSideTranslatorPB.java:223) ~[ozone-manager-1.4.0-SNAPSHOT.jar:?]
	at org.apache.hadoop.ozone.protocolPB.OzoneManagerProtocolServerSideTranslatorPB.processRequest(OzoneManagerProtocolServerSideTranslatorPB.java:177) ~[ozone-manager-1.4.0-SNAPSHOT.jar:?]
	at org.apache.hadoop.hdds.server.OzoneProtocolMessageDispatcher.processRequest(OzoneProtocolMessageDispatcher.java:87) [hdds-server-framework-1.4.0-SNAPSHOT.jar:?]
	at org.apache.hadoop.ozone.protocolPB.OzoneManagerProtocolServerSideTranslatorPB.submitRequest(OzoneManagerProtocolServerSideTranslatorPB.java:147) [ozone-manager-1.4.0-SNAPSHOT.jar:?]
	at org.apache.hadoop.ozone.protocol.proto.OzoneManagerProtocolProtos$OzoneManagerService$2.callBlockingMethod(OzoneManagerProtocolProtos.java) [ozone-interface-client-1.4.0-SNAPSHOT.jar:?]
	at org.apache.hadoop.ipc.ProtobufRpcEngine$Server.processCall(ProtobufRpcEngine.java:484) [hadoop-common-3.3.5.jar:?]
	at org.apache.hadoop.ipc.ProtobufRpcEngine2$Server$ProtoBufRpcInvoker.call(ProtobufRpcEngine2.java:595) [hadoop-common-3.3.5.jar:?]
	at org.apache.hadoop.ipc.ProtobufRpcEngine2$Server$ProtoBufRpcInvoker.call(ProtobufRpcEngine2.java:573) [hadoop-common-3.3.5.jar:?]
	at org.apache.hadoop.ipc.RPC$Server.call(RPC.java:1213) [hadoop-common-3.3.5.jar:?]
	at org.apache.hadoop.ipc.Server$RpcCall.run(Server.java:1089) [hadoop-common-3.3.5.jar:?]
	at org.apache.hadoop.ipc.Server$RpcCall.run(Server.java:1012) [hadoop-common-3.3.5.jar:?]
	at java.security.AccessController.doPrivileged(Native Method) ~[?:1.8.0_362]
	at javax.security.auth.Subject.doAs(Subject.java:422) [?:1.8.0_362]
	at org.apache.hadoop.security.UserGroupInformation.doAs(UserGroupInformation.java:1899) [hadoop-common-3.3.5.jar:?]
	at org.apache.hadoop.ipc.Server$Handler.run(Server.java:3026) [hadoop-common-3.3.5.jar:?]
11:25:35.610 [IPC Server handler 8 on default port 39679] ERROR OMAudit - user=runner | ip=127.0.0.1 | op=GET_FILE_STATUS {volume=volume21709, bucket=bucket98076, key=level0/level2/file1, dataSize=0, replicationConfig=null} | ret=FAILURE
org.apache.hadoop.ozone.om.exceptions.OMException: Unable to get file status: volume: volume21709 bucket: bucket98076 key: level0/level2/file1
	at org.apache.hadoop.ozone.om.KeyManagerImpl.getOzoneFileStatus(KeyManagerImpl.java:1200) ~[ozone-manager-1.4.0-SNAPSHOT.jar:?]
	at org.apache.hadoop.ozone.om.KeyManagerImpl.getFileStatus(KeyManagerImpl.java:1118) ~[ozone-manager-1.4.0-SNAPSHOT.jar:?]
	at org.apache.hadoop.ozone.om.OmMetadataReader.getFileStatus(OmMetadataReader.java:288) ~[ozone-manager-1.4.0-SNAPSHOT.jar:?]
	at org.apache.hadoop.ozone.om.OzoneManager.getFileStatus(OzoneManager.java:3491) ~[ozone-manager-1.4.0-SNAPSHOT.jar:?]
	at org.apache.hadoop.ozone.protocolPB.OzoneManagerRequestHandler.getOzoneFileStatus(OzoneManagerRequestHandler.java:934) ~[ozone-manager-1.4.0-SNAPSHOT.jar:?]
	at org.apache.hadoop.ozone.protocolPB.OzoneManagerRequestHandler.handleReadRequest(OzoneManagerRequestHandler.java:238) ~[ozone-manager-1.4.0-SNAPSHOT.jar:?]
	at org.apache.hadoop.ozone.protocolPB.OzoneManagerProtocolServerSideTranslatorPB.submitReadRequestToOM(OzoneManagerProtocolServerSideTranslatorPB.java:223) ~[ozone-manager-1.4.0-SNAPSHOT.jar:?]
	at org.apache.hadoop.ozone.protocolPB.OzoneManagerProtocolServerSideTranslatorPB.processRequest(OzoneManagerProtocolServerSideTranslatorPB.java:177) ~[ozone-manager-1.4.0-SNAPSHOT.jar:?]
	at org.apache.hadoop.hdds.server.OzoneProtocolMessageDispatcher.processRequest(OzoneProtocolMessageDispatcher.java:87) [hdds-server-framework-1.4.0-SNAPSHOT.jar:?]
	at org.apache.hadoop.ozone.protocolPB.OzoneManagerProtocolServerSideTranslatorPB.submitRequest(OzoneManagerProtocolServerSideTranslatorPB.java:147) [ozone-manager-1.4.0-SNAPSHOT.jar:?]
	at org.apache.hadoop.ozone.protocol.proto.OzoneManagerProtocolProtos$OzoneManagerService$2.callBlockingMethod(OzoneManagerProtocolProtos.java) [ozone-interface-client-1.4.0-SNAPSHOT.jar:?]
	at org.apache.hadoop.ipc.ProtobufRpcEngine$Server.processCall(ProtobufRpcEngine.java:484) [hadoop-common-3.3.5.jar:?]
	at org.apache.hadoop.ipc.ProtobufRpcEngine2$Server$ProtoBufRpcInvoker.call(ProtobufRpcEngine2.java:595) [hadoop-common-3.3.5.jar:?]
	at org.apache.hadoop.ipc.ProtobufRpcEngine2$Server$ProtoBufRpcInvoker.call(ProtobufRpcEngine2.java:573) [hadoop-common-3.3.5.jar:?]
	at org.apache.hadoop.ipc.RPC$Server.call(RPC.java:1213) [hadoop-common-3.3.5.jar:?]
	at org.apache.hadoop.ipc.Server$RpcCall.run(Server.java:1089) [hadoop-common-3.3.5.jar:?]
	at org.apache.hadoop.ipc.Server$RpcCall.run(Server.java:1012) [hadoop-common-3.3.5.jar:?]
	at java.security.AccessController.doPrivileged(Native Method) ~[?:1.8.0_362]
	at javax.security.auth.Subject.doAs(Subject.java:422) [?:1.8.0_362]
	at org.apache.hadoop.security.UserGroupInformation.doAs(UserGroupInformation.java:1899) [hadoop-common-3.3.5.jar:?]
	at org.apache.hadoop.ipc.Server$Handler.run(Server.java:3026) [hadoop-common-3.3.5.jar:?]
11:25:35.612 [IPC Server handler 10 on default port 39679] ERROR OMAudit - user=runner | ip=127.0.0.1 | op=GET_FILE_STATUS {volume=volume21709, bucket=bucket98076, key=level0/level2/level2/file1, dataSize=0, replicationConfig=null} | ret=FAILURE
org.apache.hadoop.ozone.om.exceptions.OMException: Unable to get file status: volume: volume21709 bucket: bucket98076 key: level0/level2/level2/file1
	at org.apache.hadoop.ozone.om.KeyManagerImpl.getOzoneFileStatus(KeyManagerImpl.java:1200) ~[ozone-manager-1.4.0-SNAPSHOT.jar:?]
	at org.apache.hadoop.ozone.om.KeyManagerImpl.getFileStatus(KeyManagerImpl.java:1118) ~[ozone-manager-1.4.0-SNAPSHOT.jar:?]
	at org.apache.hadoop.ozone.om.OmMetadataReader.getFileStatus(OmMetadataReader.java:288) ~[ozone-manager-1.4.0-SNAPSHOT.jar:?]
	at org.apache.hadoop.ozone.om.OzoneManager.getFileStatus(OzoneManager.java:3491) ~[ozone-manager-1.4.0-SNAPSHOT.jar:?]
	at org.apache.hadoop.ozone.protocolPB.OzoneManagerRequestHandler.getOzoneFileStatus(OzoneManagerRequestHandler.java:934) ~[ozone-manager-1.4.0-SNAPSHOT.jar:?]
	at org.apache.hadoop.ozone.protocolPB.OzoneManagerRequestHandler.handleReadRequest(OzoneManagerRequestHandler.java:238) ~[ozone-manager-1.4.0-SNAPSHOT.jar:?]
	at org.apache.hadoop.ozone.protocolPB.OzoneManagerProtocolServerSideTranslatorPB.submitReadRequestToOM(OzoneManagerProtocolServerSideTranslatorPB.java:223) ~[ozone-manager-1.4.0-SNAPSHOT.jar:?]
	at org.apache.hadoop.ozone.protocolPB.OzoneManagerProtocolServerSideTranslatorPB.processRequest(OzoneManagerProtocolServerSideTranslatorPB.java:177) ~[ozone-manager-1.4.0-SNAPSHOT.jar:?]
	at org.apache.hadoop.hdds.server.OzoneProtocolMessageDispatcher.processRequest(OzoneProtocolMessageDispatcher.java:87) [hdds-server-framework-1.4.0-SNAPSHOT.jar:?]
	at org.apache.hadoop.ozone.protocolPB.OzoneManagerProtocolServerSideTranslatorPB.submitRequest(OzoneManagerProtocolServerSideTranslatorPB.java:147) [ozone-manager-1.4.0-SNAPSHOT.jar:?]
	at org.apache.hadoop.ozone.protocol.proto.OzoneManagerProtocolProtos$OzoneManagerService$2.callBlockingMethod(OzoneManagerProtocolProtos.java) [ozone-interface-client-1.4.0-SNAPSHOT.jar:?]
	at org.apache.hadoop.ipc.ProtobufRpcEngine$Server.processCall(ProtobufRpcEngine.java:484) [hadoop-common-3.3.5.jar:?]
	at org.apache.hadoop.ipc.ProtobufRpcEngine2$Server$ProtoBufRpcInvoker.call(ProtobufRpcEngine2.java:595) [hadoop-common-3.3.5.jar:?]
	at org.apache.hadoop.ipc.ProtobufRpcEngine2$Server$ProtoBufRpcInvoker.call(ProtobufRpcEngine2.java:573) [hadoop-common-3.3.5.jar:?]
	at org.apache.hadoop.ipc.RPC$Server.call(RPC.java:1213) [hadoop-common-3.3.5.jar:?]
	at org.apache.hadoop.ipc.Server$RpcCall.run(Server.java:1089) [hadoop-common-3.3.5.jar:?]
	at org.apache.hadoop.ipc.Server$RpcCall.run(Server.java:1012) [hadoop-common-3.3.5.jar:?]
	at java.security.AccessController.doPrivileged(Native Method) ~[?:1.8.0_362]
	at javax.security.auth.Subject.doAs(Subject.java:422) [?:1.8.0_362]
	at org.apache.hadoop.security.UserGroupInformation.doAs(UserGroupInformation.java:1899) [hadoop-common-3.3.5.jar:?]
	at org.apache.hadoop.ipc.Server$Handler.run(Server.java:3026) [hadoop-common-3.3.5.jar:?]
11:25:35.614 [IPC Server handler 11 on default port 39679] ERROR OMAudit - user=runner | ip=127.0.0.1 | op=GET_FILE_STATUS {volume=volume21709, bucket=bucket98076, key=level0/level3, dataSize=0, replicationConfig=null} | ret=FAILURE
org.apache.hadoop.ozone.om.exceptions.OMException: Unable to get file status: volume: volume21709 bucket: bucket98076 key: level0/level3
	at org.apache.hadoop.ozone.om.KeyManagerImpl.getOzoneFileStatus(KeyManagerImpl.java:1200) ~[ozone-manager-1.4.0-SNAPSHOT.jar:?]
	at org.apache.hadoop.ozone.om.KeyManagerImpl.getFileStatus(KeyManagerImpl.java:1118) ~[ozone-manager-1.4.0-SNAPSHOT.jar:?]
	at org.apache.hadoop.ozone.om.OmMetadataReader.getFileStatus(OmMetadataReader.java:288) ~[ozone-manager-1.4.0-SNAPSHOT.jar:?]
	at org.apache.hadoop.ozone.om.OzoneManager.getFileStatus(OzoneManager.java:3491) ~[ozone-manager-1.4.0-SNAPSHOT.jar:?]
	at org.apache.hadoop.ozone.protocolPB.OzoneManagerRequestHandler.getOzoneFileStatus(OzoneManagerRequestHandler.java:934) ~[ozone-manager-1.4.0-SNAPSHOT.jar:?]
	at org.apache.hadoop.ozone.protocolPB.OzoneManagerRequestHandler.handleReadRequest(OzoneManagerRequestHandler.java:238) ~[ozone-manager-1.4.0-SNAPSHOT.jar:?]
	at org.apache.hadoop.ozone.protocolPB.OzoneManagerProtocolServerSideTranslatorPB.submitReadRequestToOM(OzoneManagerProtocolServerSideTranslatorPB.java:223) ~[ozone-manager-1.4.0-SNAPSHOT.jar:?]
	at org.apache.hadoop.ozone.protocolPB.OzoneManagerProtocolServerSideTranslatorPB.processRequest(OzoneManagerProtocolServerSideTranslatorPB.java:177) ~[ozone-manager-1.4.0-SNAPSHOT.jar:?]
	at org.apache.hadoop.hdds.server.OzoneProtocolMessageDispatcher.processRequest(OzoneProtocolMessageDispatcher.java:87) [hdds-server-framework-1.4.0-SNAPSHOT.jar:?]
	at org.apache.hadoop.ozone.protocolPB.OzoneManagerProtocolServerSideTranslatorPB.submitRequest(OzoneManagerProtocolServerSideTranslatorPB.java:147) [ozone-manager-1.4.0-SNAPSHOT.jar:?]
	at org.apache.hadoop.ozone.protocol.proto.OzoneManagerProtocolProtos$OzoneManagerService$2.callBlockingMethod(OzoneManagerProtocolProtos.java) [ozone-interface-client-1.4.0-SNAPSHOT.jar:?]
	at org.apache.hadoop.ipc.ProtobufRpcEngine$Server.processCall(ProtobufRpcEngine.java:484) [hadoop-common-3.3.5.jar:?]
	at org.apache.hadoop.ipc.ProtobufRpcEngine2$Server$ProtoBufRpcInvoker.call(ProtobufRpcEngine2.java:595) [hadoop-common-3.3.5.jar:?]
	at org.apache.hadoop.ipc.ProtobufRpcEngine2$Server$ProtoBufRpcInvoker.call(ProtobufRpcEngine2.java:573) [hadoop-common-3.3.5.jar:?]
	at org.apache.hadoop.ipc.RPC$Server.call(RPC.java:1213) [hadoop-common-3.3.5.jar:?]
	at org.apache.hadoop.ipc.Server$RpcCall.run(Server.java:1089) [hadoop-common-3.3.5.jar:?]
	at org.apache.hadoop.ipc.Server$RpcCall.run(Server.java:1012) [hadoop-common-3.3.5.jar:?]
	at java.security.AccessController.doPrivileged(Native Method) ~[?:1.8.0_362]
	at javax.security.auth.Subject.doAs(Subject.java:422) [?:1.8.0_362]
	at org.apache.hadoop.security.UserGroupInformation.doAs(UserGroupInformation.java:1899) [hadoop-common-3.3.5.jar:?]
	at org.apache.hadoop.ipc.Server$Handler.run(Server.java:3026) [hadoop-common-3.3.5.jar:?]
11:25:35.614 [IPC Server handler 9 on default port 39679] ERROR OMAudit - user=runner | ip=127.0.0.1 | op=GET_FILE_STATUS {volume=volume21709, bucket=bucket98076, key=level0/level3/level3, dataSize=0, replicationConfig=null} | ret=FAILURE
org.apache.hadoop.ozone.om.exceptions.OMException: Unable to get file status: volume: volume21709 bucket: bucket98076 key: level0/level3/level3
	at org.apache.hadoop.ozone.om.KeyManagerImpl.getOzoneFileStatus(KeyManagerImpl.java:1200) ~[ozone-manager-1.4.0-SNAPSHOT.jar:?]
	at org.apache.hadoop.ozone.om.KeyManagerImpl.getFileStatus(KeyManagerImpl.java:1118) ~[ozone-manager-1.4.0-SNAPSHOT.jar:?]
	at org.apache.hadoop.ozone.om.OmMetadataReader.getFileStatus(OmMetadataReader.java:288) ~[ozone-manager-1.4.0-SNAPSHOT.jar:?]
	at org.apache.hadoop.ozone.om.OzoneManager.getFileStatus(OzoneManager.java:3491) ~[ozone-manager-1.4.0-SNAPSHOT.jar:?]
	at org.apache.hadoop.ozone.protocolPB.OzoneManagerRequestHandler.getOzoneFileStatus(OzoneManagerRequestHandler.java:934) ~[ozone-manager-1.4.0-SNAPSHOT.jar:?]
	at org.apache.hadoop.ozone.protocolPB.OzoneManagerRequestHandler.handleReadRequest(OzoneManagerRequestHandler.java:238) ~[ozone-manager-1.4.0-SNAPSHOT.jar:?]
	at org.apache.hadoop.ozone.protocolPB.OzoneManagerProtocolServerSideTranslatorPB.submitReadRequestToOM(OzoneManagerProtocolServerSideTranslatorPB.java:223) ~[ozone-manager-1.4.0-SNAPSHOT.jar:?]
	at org.apache.hadoop.ozone.protocolPB.OzoneManagerProtocolServerSideTranslatorPB.processRequest(OzoneManagerProtocolServerSideTranslatorPB.java:177) ~[ozone-manager-1.4.0-SNAPSHOT.jar:?]
	at org.apache.hadoop.hdds.server.OzoneProtocolMessageDispatcher.processRequest(OzoneProtocolMessageDispatcher.java:87) [hdds-server-framework-1.4.0-SNAPSHOT.jar:?]
	at org.apache.hadoop.ozone.protocolPB.OzoneManagerProtocolServerSideTranslatorPB.submitRequest(OzoneManagerProtocolServerSideTranslatorPB.java:147) [ozone-manager-1.4.0-SNAPSHOT.jar:?]
	at org.apache.hadoop.ozone.protocol.proto.OzoneManagerProtocolProtos$OzoneManagerService$2.callBlockingMethod(OzoneManagerProtocolProtos.java) [ozone-interface-client-1.4.0-SNAPSHOT.jar:?]
	at org.apache.hadoop.ipc.ProtobufRpcEngine$Server.processCall(ProtobufRpcEngine.java:484) [hadoop-common-3.3.5.jar:?]
	at org.apache.hadoop.ipc.ProtobufRpcEngine2$Server$ProtoBufRpcInvoker.call(ProtobufRpcEngine2.java:595) [hadoop-common-3.3.5.jar:?]
	at org.apache.hadoop.ipc.ProtobufRpcEngine2$Server$ProtoBufRpcInvoker.call(ProtobufRpcEngine2.java:573) [hadoop-common-3.3.5.jar:?]
	at org.apache.hadoop.ipc.RPC$Server.call(RPC.java:1213) [hadoop-common-3.3.5.jar:?]
	at org.apache.hadoop.ipc.Server$RpcCall.run(Server.java:1089) [hadoop-common-3.3.5.jar:?]
	at org.apache.hadoop.ipc.Server$RpcCall.run(Server.java:1012) [hadoop-common-3.3.5.jar:?]
	at java.security.AccessController.doPrivileged(Native Method) ~[?:1.8.0_362]
	at javax.security.auth.Subject.doAs(Subject.java:422) [?:1.8.0_362]
	at org.apache.hadoop.security.UserGroupInformation.doAs(UserGroupInformation.java:1899) [hadoop-common-3.3.5.jar:?]
	at org.apache.hadoop.ipc.Server$Handler.run(Server.java:3026) [hadoop-common-3.3.5.jar:?]
11:25:35.617 [IPC Server handler 13 on default port 39679] ERROR OMAudit - user=runner | ip=127.0.0.1 | op=GET_FILE_STATUS {volume=volume21709, bucket=bucket98076, key=level0/level3/file1, dataSize=0, replicationConfig=null} | ret=FAILURE
org.apache.hadoop.ozone.om.exceptions.OMException: Unable to get file status: volume: volume21709 bucket: bucket98076 key: level0/level3/file1
	at org.apache.hadoop.ozone.om.KeyManagerImpl.getOzoneFileStatus(KeyManagerImpl.java:1200) ~[ozone-manager-1.4.0-SNAPSHOT.jar:?]
	at org.apache.hadoop.ozone.om.KeyManagerImpl.getFileStatus(KeyManagerImpl.java:1118) ~[ozone-manager-1.4.0-SNAPSHOT.jar:?]
	at org.apache.hadoop.ozone.om.OmMetadataReader.getFileStatus(OmMetadataReader.java:288) ~[ozone-manager-1.4.0-SNAPSHOT.jar:?]
	at org.apache.hadoop.ozone.om.OzoneManager.getFileStatus(OzoneManager.java:3491) ~[ozone-manager-1.4.0-SNAPSHOT.jar:?]
	at org.apache.hadoop.ozone.protocolPB.OzoneManagerRequestHandler.getOzoneFileStatus(OzoneManagerRequestHandler.java:934) ~[ozone-manager-1.4.0-SNAPSHOT.jar:?]
	at org.apache.hadoop.ozone.protocolPB.OzoneManagerRequestHandler.handleReadRequest(OzoneManagerRequestHandler.java:238) ~[ozone-manager-1.4.0-SNAPSHOT.jar:?]
	at org.apache.hadoop.ozone.protocolPB.OzoneManagerProtocolServerSideTranslatorPB.submitReadRequestToOM(OzoneManagerProtocolServerSideTranslatorPB.java:223) ~[ozone-manager-1.4.0-SNAPSHOT.jar:?]
	at org.apache.hadoop.ozone.protocolPB.OzoneManagerProtocolServerSideTranslatorPB.processRequest(OzoneManagerProtocolServerSideTranslatorPB.java:177) ~[ozone-manager-1.4.0-SNAPSHOT.jar:?]
	at org.apache.hadoop.hdds.server.OzoneProtocolMessageDispatcher.processRequest(OzoneProtocolMessageDispatcher.java:87) [hdds-server-framework-1.4.0-SNAPSHOT.jar:?]
	at org.apache.hadoop.ozone.protocolPB.OzoneManagerProtocolServerSideTranslatorPB.submitRequest(OzoneManagerProtocolServerSideTranslatorPB.java:147) [ozone-manager-1.4.0-SNAPSHOT.jar:?]
	at org.apache.hadoop.ozone.protocol.proto.OzoneManagerProtocolProtos$OzoneManagerService$2.callBlockingMethod(OzoneManagerProtocolProtos.java) [ozone-interface-client-1.4.0-SNAPSHOT.jar:?]
	at org.apache.hadoop.ipc.ProtobufRpcEngine$Server.processCall(ProtobufRpcEngine.java:484) [hadoop-common-3.3.5.jar:?]
	at org.apache.hadoop.ipc.ProtobufRpcEngine2$Server$ProtoBufRpcInvoker.call(ProtobufRpcEngine2.java:595) [hadoop-common-3.3.5.jar:?]
	at org.apache.hadoop.ipc.ProtobufRpcEngine2$Server$ProtoBufRpcInvoker.call(ProtobufRpcEngine2.java:573) [hadoop-common-3.3.5.jar:?]
	at org.apache.hadoop.ipc.RPC$Server.call(RPC.java:1213) [hadoop-common-3.3.5.jar:?]
	at org.apache.hadoop.ipc.Server$RpcCall.run(Server.java:1089) [hadoop-common-3.3.5.jar:?]
	at org.apache.hadoop.ipc.Server$RpcCall.run(Server.java:1012) [hadoop-common-3.3.5.jar:?]
	at java.security.AccessController.doPrivileged(Native Method) ~[?:1.8.0_362]
	at javax.security.auth.Subject.doAs(Subject.java:422) [?:1.8.0_362]
	at org.apache.hadoop.security.UserGroupInformation.doAs(UserGroupInformation.java:1899) [hadoop-common-3.3.5.jar:?]
	at org.apache.hadoop.ipc.Server$Handler.run(Server.java:3026) [hadoop-common-3.3.5.jar:?]
11:25:35.618 [IPC Server handler 12 on default port 39679] ERROR OMAudit - user=runner | ip=127.0.0.1 | op=GET_FILE_STATUS {volume=volume21709, bucket=bucket98076, key=level0/level3/level3/file1, dataSize=0, replicationConfig=null} | ret=FAILURE
org.apache.hadoop.ozone.om.exceptions.OMException: Unable to get file status: volume: volume21709 bucket: bucket98076 key: level0/level3/level3/file1
	at org.apache.hadoop.ozone.om.KeyManagerImpl.getOzoneFileStatus(KeyManagerImpl.java:1200) ~[ozone-manager-1.4.0-SNAPSHOT.jar:?]
	at org.apache.hadoop.ozone.om.KeyManagerImpl.getFileStatus(KeyManagerImpl.java:1118) ~[ozone-manager-1.4.0-SNAPSHOT.jar:?]
	at org.apache.hadoop.ozone.om.OmMetadataReader.getFileStatus(OmMetadataReader.java:288) ~[ozone-manager-1.4.0-SNAPSHOT.jar:?]
	at org.apache.hadoop.ozone.om.OzoneManager.getFileStatus(OzoneManager.java:3491) ~[ozone-manager-1.4.0-SNAPSHOT.jar:?]
	at org.apache.hadoop.ozone.protocolPB.OzoneManagerRequestHandler.getOzoneFileStatus(OzoneManagerRequestHandler.java:934) ~[ozone-manager-1.4.0-SNAPSHOT.jar:?]
	at org.apache.hadoop.ozone.protocolPB.OzoneManagerRequestHandler.handleReadRequest(OzoneManagerRequestHandler.java:238) ~[ozone-manager-1.4.0-SNAPSHOT.jar:?]
	at org.apache.hadoop.ozone.protocolPB.OzoneManagerProtocolServerSideTranslatorPB.submitReadRequestToOM(OzoneManagerProtocolServerSideTranslatorPB.java:223) ~[ozone-manager-1.4.0-SNAPSHOT.jar:?]
	at org.apache.hadoop.ozone.protocolPB.OzoneManagerProtocolServerSideTranslatorPB.processRequest(OzoneManagerProtocolServerSideTranslatorPB.java:177) ~[ozone-manager-1.4.0-SNAPSHOT.jar:?]
	at org.apache.hadoop.hdds.server.OzoneProtocolMessageDispatcher.processRequest(OzoneProtocolMessageDispatcher.java:87) [hdds-server-framework-1.4.0-SNAPSHOT.jar:?]
	at org.apache.hadoop.ozone.protocolPB.OzoneManagerProtocolServerSideTranslatorPB.submitRequest(OzoneManagerProtocolServerSideTranslatorPB.java:147) [ozone-manager-1.4.0-SNAPSHOT.jar:?]
	at org.apache.hadoop.ozone.protocol.proto.OzoneManagerProtocolProtos$OzoneManagerService$2.callBlockingMethod(OzoneManagerProtocolProtos.java) [ozone-interface-client-1.4.0-SNAPSHOT.jar:?]
	at org.apache.hadoop.ipc.ProtobufRpcEngine$Server.processCall(ProtobufRpcEngine.java:484) [hadoop-common-3.3.5.jar:?]
	at org.apache.hadoop.ipc.ProtobufRpcEngine2$Server$ProtoBufRpcInvoker.call(ProtobufRpcEngine2.java:595) [hadoop-common-3.3.5.jar:?]
	at org.apache.hadoop.ipc.ProtobufRpcEngine2$Server$ProtoBufRpcInvoker.call(ProtobufRpcEngine2.java:573) [hadoop-common-3.3.5.jar:?]
	at org.apache.hadoop.ipc.RPC$Server.call(RPC.java:1213) [hadoop-common-3.3.5.jar:?]
	at org.apache.hadoop.ipc.Server$RpcCall.run(Server.java:1089) [hadoop-common-3.3.5.jar:?]
	at org.apache.hadoop.ipc.Server$RpcCall.run(Server.java:1012) [hadoop-common-3.3.5.jar:?]
	at java.security.AccessController.doPrivileged(Native Method) ~[?:1.8.0_362]
	at javax.security.auth.Subject.doAs(Subject.java:422) [?:1.8.0_362]
	at org.apache.hadoop.security.UserGroupInformation.doAs(UserGroupInformation.java:1899) [hadoop-common-3.3.5.jar:?]
	at org.apache.hadoop.ipc.Server$Handler.run(Server.java:3026) [hadoop-common-3.3.5.jar:?]
]]></system-out>
  </testcase>
  <testcase name="testRecursiveDelete" classname="TestOzoneFileSystem" time="0.109">
    <system-out><![CDATA[2023-04-11 11:26:34,064 [IPC Server handler 16 on default port 44509] INFO  key.OMKeyRequest (OMKeyRequest.java:wrapUncommittedBlocksAsPseudoKey(838)) - Detect allocated but uncommitted blocks [{blockID={containerID=2, localID=111677748019200014}, length=4194304, offset=0, token=null, pipeline=null, createVersion=0, partNumber=0}] in key gdir1/pdir1/child.
2023-04-11 11:26:34,067 [IPC Server handler 7 on default port 44509] INFO  key.OMKeyRequest (OMKeyRequest.java:wrapUncommittedBlocksAsPseudoKey(838)) - Detect allocated but uncommitted blocks [{blockID={containerID=3, localID=111677748019200015}, length=4194304, offset=0, token=null, pipeline=null, createVersion=0, partNumber=0}] in key gdir1/pdir2/child.
2023-04-11 11:26:34,070 [IPC Server handler 9 on default port 44509] INFO  key.OMKeyRequest (OMKeyRequest.java:wrapUncommittedBlocksAsPseudoKey(838)) - Detect allocated but uncommitted blocks [{blockID={containerID=4, localID=111677748019200016}, length=4194304, offset=0, token=null, pipeline=null, createVersion=0, partNumber=0}] in key gdir1/pdir3/child.
2023-04-11 11:26:34,074 [IPC Server handler 12 on default port 44509] INFO  key.OMKeyRequest (OMKeyRequest.java:wrapUncommittedBlocksAsPseudoKey(838)) - Detect allocated but uncommitted blocks [{blockID={containerID=1, localID=111677748019200017}, length=4194304, offset=0, token=null, pipeline=null, createVersion=0, partNumber=0}] in key gdir1/pdir4/child.
2023-04-11 11:26:34,076 [IPC Server handler 15 on default port 44509] INFO  key.OMKeyRequest (OMKeyRequest.java:wrapUncommittedBlocksAsPseudoKey(838)) - Detect allocated but uncommitted blocks [{blockID={containerID=2, localID=111677748019200018}, length=4194304, offset=0, token=null, pipeline=null, createVersion=0, partNumber=0}] in key gdir1/pdir5/child.
2023-04-11 11:26:34,079 [IPC Server handler 17 on default port 44509] INFO  key.OMKeyRequest (OMKeyRequest.java:wrapUncommittedBlocksAsPseudoKey(838)) - Detect allocated but uncommitted blocks [{blockID={containerID=1, localID=111677748019200019}, length=4194304, offset=0, token=null, pipeline=null, createVersion=0, partNumber=0}] in key gdir1/pdir6/child.
2023-04-11 11:26:34,082 [IPC Server handler 6 on default port 44509] INFO  key.OMKeyRequest (OMKeyRequest.java:wrapUncommittedBlocksAsPseudoKey(838)) - Detect allocated but uncommitted blocks [{blockID={containerID=3, localID=111677748019200020}, length=4194304, offset=0, token=null, pipeline=null, createVersion=0, partNumber=0}] in key gdir1/pdir7/child.
2023-04-11 11:26:34,084 [IPC Server handler 4 on default port 44509] INFO  key.OMKeyRequest (OMKeyRequest.java:wrapUncommittedBlocksAsPseudoKey(838)) - Detect allocated but uncommitted blocks [{blockID={containerID=4, localID=111677748019200021}, length=4194304, offset=0, token=null, pipeline=null, createVersion=0, partNumber=0}] in key gdir1/pdir8/child.
2023-04-11 11:26:34,092 [IPC Server handler 5 on default port 44509] INFO  key.OMKeyRequest (OMKeyRequest.java:wrapUncommittedBlocksAsPseudoKey(838)) - Detect allocated but uncommitted blocks [{blockID={containerID=2, localID=111677748019200022}, length=4194304, offset=0, token=null, pipeline=null, createVersion=0, partNumber=0}] in key gdir1/pdir9/child.
2023-04-11 11:26:34,095 [IPC Server handler 14 on default port 44509] INFO  key.OMKeyRequest (OMKeyRequest.java:wrapUncommittedBlocksAsPseudoKey(838)) - Detect allocated but uncommitted blocks [{blockID={containerID=1, localID=111677748019200023}, length=4194304, offset=0, token=null, pipeline=null, createVersion=0, partNumber=0}] in key gdir1/pdir10/child.
11:26:34.104 [IPC Server handler 10 on default port 44509] ERROR OMAudit - user=runner | ip=127.0.0.1 | op=GET_FILE_STATUS {volume=volume17585, bucket=bucket91798, key=gdir1, dataSize=0, replicationConfig=null} | ret=FAILURE
org.apache.hadoop.ozone.om.exceptions.OMException: Unable to get file status: volume: volume17585 bucket: bucket91798 key: gdir1
	at org.apache.hadoop.ozone.om.KeyManagerImpl.getOzoneFileStatus(KeyManagerImpl.java:1200) ~[ozone-manager-1.4.0-SNAPSHOT.jar:?]
	at org.apache.hadoop.ozone.om.KeyManagerImpl.getFileStatus(KeyManagerImpl.java:1118) ~[ozone-manager-1.4.0-SNAPSHOT.jar:?]
	at org.apache.hadoop.ozone.om.OmMetadataReader.getFileStatus(OmMetadataReader.java:288) ~[ozone-manager-1.4.0-SNAPSHOT.jar:?]
	at org.apache.hadoop.ozone.om.OzoneManager.getFileStatus(OzoneManager.java:3491) ~[ozone-manager-1.4.0-SNAPSHOT.jar:?]
	at org.apache.hadoop.ozone.protocolPB.OzoneManagerRequestHandler.getOzoneFileStatus(OzoneManagerRequestHandler.java:934) ~[ozone-manager-1.4.0-SNAPSHOT.jar:?]
	at org.apache.hadoop.ozone.protocolPB.OzoneManagerRequestHandler.handleReadRequest(OzoneManagerRequestHandler.java:238) ~[ozone-manager-1.4.0-SNAPSHOT.jar:?]
	at org.apache.hadoop.ozone.protocolPB.OzoneManagerProtocolServerSideTranslatorPB.submitRequestDirectlyToOM(OzoneManagerProtocolServerSideTranslatorPB.java:272) ~[ozone-manager-1.4.0-SNAPSHOT.jar:?]
	at org.apache.hadoop.ozone.protocolPB.OzoneManagerProtocolServerSideTranslatorPB.processRequest(OzoneManagerProtocolServerSideTranslatorPB.java:173) ~[ozone-manager-1.4.0-SNAPSHOT.jar:?]
	at org.apache.hadoop.hdds.server.OzoneProtocolMessageDispatcher.processRequest(OzoneProtocolMessageDispatcher.java:87) [hdds-server-framework-1.4.0-SNAPSHOT.jar:?]
	at org.apache.hadoop.ozone.protocolPB.OzoneManagerProtocolServerSideTranslatorPB.submitRequest(OzoneManagerProtocolServerSideTranslatorPB.java:147) [ozone-manager-1.4.0-SNAPSHOT.jar:?]
	at org.apache.hadoop.ozone.protocol.proto.OzoneManagerProtocolProtos$OzoneManagerService$2.callBlockingMethod(OzoneManagerProtocolProtos.java) [ozone-interface-client-1.4.0-SNAPSHOT.jar:?]
	at org.apache.hadoop.ipc.ProtobufRpcEngine$Server.processCall(ProtobufRpcEngine.java:484) [hadoop-common-3.3.5.jar:?]
	at org.apache.hadoop.ipc.ProtobufRpcEngine2$Server$ProtoBufRpcInvoker.call(ProtobufRpcEngine2.java:595) [hadoop-common-3.3.5.jar:?]
	at org.apache.hadoop.ipc.ProtobufRpcEngine2$Server$ProtoBufRpcInvoker.call(ProtobufRpcEngine2.java:573) [hadoop-common-3.3.5.jar:?]
	at org.apache.hadoop.ipc.RPC$Server.call(RPC.java:1213) [hadoop-common-3.3.5.jar:?]
	at org.apache.hadoop.ipc.Server$RpcCall.run(Server.java:1089) [hadoop-common-3.3.5.jar:?]
	at org.apache.hadoop.ipc.Server$RpcCall.run(Server.java:1012) [hadoop-common-3.3.5.jar:?]
	at java.security.AccessController.doPrivileged(Native Method) ~[?:1.8.0_362]
	at javax.security.auth.Subject.doAs(Subject.java:422) [?:1.8.0_362]
	at org.apache.hadoop.security.UserGroupInformation.doAs(UserGroupInformation.java:1899) [hadoop-common-3.3.5.jar:?]
	at org.apache.hadoop.ipc.Server$Handler.run(Server.java:3026) [hadoop-common-3.3.5.jar:?]
11:26:34.106 [IPC Server handler 14 on default port 44509] ERROR OMAudit - user=runner | ip=127.0.0.1 | op=GET_FILE_STATUS {volume=volume17585, bucket=bucket91798, key=gdir1/dir1, dataSize=0, replicationConfig=null} | ret=FAILURE
org.apache.hadoop.ozone.om.exceptions.OMException: Unable to get file status: volume: volume17585 bucket: bucket91798 key: gdir1/dir1
	at org.apache.hadoop.ozone.om.KeyManagerImpl.getOzoneFileStatus(KeyManagerImpl.java:1200) ~[ozone-manager-1.4.0-SNAPSHOT.jar:?]
	at org.apache.hadoop.ozone.om.KeyManagerImpl.getFileStatus(KeyManagerImpl.java:1118) ~[ozone-manager-1.4.0-SNAPSHOT.jar:?]
	at org.apache.hadoop.ozone.om.OmMetadataReader.getFileStatus(OmMetadataReader.java:288) ~[ozone-manager-1.4.0-SNAPSHOT.jar:?]
	at org.apache.hadoop.ozone.om.OzoneManager.getFileStatus(OzoneManager.java:3491) ~[ozone-manager-1.4.0-SNAPSHOT.jar:?]
	at org.apache.hadoop.ozone.protocolPB.OzoneManagerRequestHandler.getOzoneFileStatus(OzoneManagerRequestHandler.java:934) ~[ozone-manager-1.4.0-SNAPSHOT.jar:?]
	at org.apache.hadoop.ozone.protocolPB.OzoneManagerRequestHandler.handleReadRequest(OzoneManagerRequestHandler.java:238) ~[ozone-manager-1.4.0-SNAPSHOT.jar:?]
	at org.apache.hadoop.ozone.protocolPB.OzoneManagerProtocolServerSideTranslatorPB.submitRequestDirectlyToOM(OzoneManagerProtocolServerSideTranslatorPB.java:272) ~[ozone-manager-1.4.0-SNAPSHOT.jar:?]
	at org.apache.hadoop.ozone.protocolPB.OzoneManagerProtocolServerSideTranslatorPB.processRequest(OzoneManagerProtocolServerSideTranslatorPB.java:173) ~[ozone-manager-1.4.0-SNAPSHOT.jar:?]
	at org.apache.hadoop.hdds.server.OzoneProtocolMessageDispatcher.processRequest(OzoneProtocolMessageDispatcher.java:87) [hdds-server-framework-1.4.0-SNAPSHOT.jar:?]
	at org.apache.hadoop.ozone.protocolPB.OzoneManagerProtocolServerSideTranslatorPB.submitRequest(OzoneManagerProtocolServerSideTranslatorPB.java:147) [ozone-manager-1.4.0-SNAPSHOT.jar:?]
	at org.apache.hadoop.ozone.protocol.proto.OzoneManagerProtocolProtos$OzoneManagerService$2.callBlockingMethod(OzoneManagerProtocolProtos.java) [ozone-interface-client-1.4.0-SNAPSHOT.jar:?]
	at org.apache.hadoop.ipc.ProtobufRpcEngine$Server.processCall(ProtobufRpcEngine.java:484) [hadoop-common-3.3.5.jar:?]
	at org.apache.hadoop.ipc.ProtobufRpcEngine2$Server$ProtoBufRpcInvoker.call(ProtobufRpcEngine2.java:595) [hadoop-common-3.3.5.jar:?]
	at org.apache.hadoop.ipc.ProtobufRpcEngine2$Server$ProtoBufRpcInvoker.call(ProtobufRpcEngine2.java:573) [hadoop-common-3.3.5.jar:?]
	at org.apache.hadoop.ipc.RPC$Server.call(RPC.java:1213) [hadoop-common-3.3.5.jar:?]
	at org.apache.hadoop.ipc.Server$RpcCall.run(Server.java:1089) [hadoop-common-3.3.5.jar:?]
	at org.apache.hadoop.ipc.Server$RpcCall.run(Server.java:1012) [hadoop-common-3.3.5.jar:?]
	at java.security.AccessController.doPrivileged(Native Method) ~[?:1.8.0_362]
	at javax.security.auth.Subject.doAs(Subject.java:422) [?:1.8.0_362]
	at org.apache.hadoop.security.UserGroupInformation.doAs(UserGroupInformation.java:1899) [hadoop-common-3.3.5.jar:?]
	at org.apache.hadoop.ipc.Server$Handler.run(Server.java:3026) [hadoop-common-3.3.5.jar:?]
11:26:34.106 [IPC Server handler 19 on default port 44509] ERROR OMAudit - user=runner | ip=127.0.0.1 | op=GET_FILE_STATUS {volume=volume17585, bucket=bucket91798, key=gdir1/dir1/child, dataSize=0, replicationConfig=null} | ret=FAILURE
org.apache.hadoop.ozone.om.exceptions.OMException: Unable to get file status: volume: volume17585 bucket: bucket91798 key: gdir1/dir1/child
	at org.apache.hadoop.ozone.om.KeyManagerImpl.getOzoneFileStatus(KeyManagerImpl.java:1200) ~[ozone-manager-1.4.0-SNAPSHOT.jar:?]
	at org.apache.hadoop.ozone.om.KeyManagerImpl.getFileStatus(KeyManagerImpl.java:1118) ~[ozone-manager-1.4.0-SNAPSHOT.jar:?]
	at org.apache.hadoop.ozone.om.OmMetadataReader.getFileStatus(OmMetadataReader.java:288) ~[ozone-manager-1.4.0-SNAPSHOT.jar:?]
	at org.apache.hadoop.ozone.om.OzoneManager.getFileStatus(OzoneManager.java:3491) ~[ozone-manager-1.4.0-SNAPSHOT.jar:?]
	at org.apache.hadoop.ozone.protocolPB.OzoneManagerRequestHandler.getOzoneFileStatus(OzoneManagerRequestHandler.java:934) ~[ozone-manager-1.4.0-SNAPSHOT.jar:?]
	at org.apache.hadoop.ozone.protocolPB.OzoneManagerRequestHandler.handleReadRequest(OzoneManagerRequestHandler.java:238) ~[ozone-manager-1.4.0-SNAPSHOT.jar:?]
	at org.apache.hadoop.ozone.protocolPB.OzoneManagerProtocolServerSideTranslatorPB.submitRequestDirectlyToOM(OzoneManagerProtocolServerSideTranslatorPB.java:272) ~[ozone-manager-1.4.0-SNAPSHOT.jar:?]
	at org.apache.hadoop.ozone.protocolPB.OzoneManagerProtocolServerSideTranslatorPB.processRequest(OzoneManagerProtocolServerSideTranslatorPB.java:173) ~[ozone-manager-1.4.0-SNAPSHOT.jar:?]
	at org.apache.hadoop.hdds.server.OzoneProtocolMessageDispatcher.processRequest(OzoneProtocolMessageDispatcher.java:87) [hdds-server-framework-1.4.0-SNAPSHOT.jar:?]
	at org.apache.hadoop.ozone.protocolPB.OzoneManagerProtocolServerSideTranslatorPB.submitRequest(OzoneManagerProtocolServerSideTranslatorPB.java:147) [ozone-manager-1.4.0-SNAPSHOT.jar:?]
	at org.apache.hadoop.ozone.protocol.proto.OzoneManagerProtocolProtos$OzoneManagerService$2.callBlockingMethod(OzoneManagerProtocolProtos.java) [ozone-interface-client-1.4.0-SNAPSHOT.jar:?]
	at org.apache.hadoop.ipc.ProtobufRpcEngine$Server.processCall(ProtobufRpcEngine.java:484) [hadoop-common-3.3.5.jar:?]
	at org.apache.hadoop.ipc.ProtobufRpcEngine2$Server$ProtoBufRpcInvoker.call(ProtobufRpcEngine2.java:595) [hadoop-common-3.3.5.jar:?]
	at org.apache.hadoop.ipc.ProtobufRpcEngine2$Server$ProtoBufRpcInvoker.call(ProtobufRpcEngine2.java:573) [hadoop-common-3.3.5.jar:?]
	at org.apache.hadoop.ipc.RPC$Server.call(RPC.java:1213) [hadoop-common-3.3.5.jar:?]
	at org.apache.hadoop.ipc.Server$RpcCall.run(Server.java:1089) [hadoop-common-3.3.5.jar:?]
	at org.apache.hadoop.ipc.Server$RpcCall.run(Server.java:1012) [hadoop-common-3.3.5.jar:?]
	at java.security.AccessController.doPrivileged(Native Method) ~[?:1.8.0_362]
	at javax.security.auth.Subject.doAs(Subject.java:422) [?:1.8.0_362]
	at org.apache.hadoop.security.UserGroupInformation.doAs(UserGroupInformation.java:1899) [hadoop-common-3.3.5.jar:?]
	at org.apache.hadoop.ipc.Server$Handler.run(Server.java:3026) [hadoop-common-3.3.5.jar:?]
11:26:34.107 [IPC Server handler 16 on default port 44509] ERROR OMAudit - user=runner | ip=127.0.0.1 | op=GET_FILE_STATUS {volume=volume17585, bucket=bucket91798, key=gdir1/dir2, dataSize=0, replicationConfig=null} | ret=FAILURE
org.apache.hadoop.ozone.om.exceptions.OMException: Unable to get file status: volume: volume17585 bucket: bucket91798 key: gdir1/dir2
	at org.apache.hadoop.ozone.om.KeyManagerImpl.getOzoneFileStatus(KeyManagerImpl.java:1200) ~[ozone-manager-1.4.0-SNAPSHOT.jar:?]
	at org.apache.hadoop.ozone.om.KeyManagerImpl.getFileStatus(KeyManagerImpl.java:1118) ~[ozone-manager-1.4.0-SNAPSHOT.jar:?]
	at org.apache.hadoop.ozone.om.OmMetadataReader.getFileStatus(OmMetadataReader.java:288) ~[ozone-manager-1.4.0-SNAPSHOT.jar:?]
	at org.apache.hadoop.ozone.om.OzoneManager.getFileStatus(OzoneManager.java:3491) ~[ozone-manager-1.4.0-SNAPSHOT.jar:?]
	at org.apache.hadoop.ozone.protocolPB.OzoneManagerRequestHandler.getOzoneFileStatus(OzoneManagerRequestHandler.java:934) ~[ozone-manager-1.4.0-SNAPSHOT.jar:?]
	at org.apache.hadoop.ozone.protocolPB.OzoneManagerRequestHandler.handleReadRequest(OzoneManagerRequestHandler.java:238) ~[ozone-manager-1.4.0-SNAPSHOT.jar:?]
	at org.apache.hadoop.ozone.protocolPB.OzoneManagerProtocolServerSideTranslatorPB.submitRequestDirectlyToOM(OzoneManagerProtocolServerSideTranslatorPB.java:272) ~[ozone-manager-1.4.0-SNAPSHOT.jar:?]
	at org.apache.hadoop.ozone.protocolPB.OzoneManagerProtocolServerSideTranslatorPB.processRequest(OzoneManagerProtocolServerSideTranslatorPB.java:173) ~[ozone-manager-1.4.0-SNAPSHOT.jar:?]
	at org.apache.hadoop.hdds.server.OzoneProtocolMessageDispatcher.processRequest(OzoneProtocolMessageDispatcher.java:87) [hdds-server-framework-1.4.0-SNAPSHOT.jar:?]
	at org.apache.hadoop.ozone.protocolPB.OzoneManagerProtocolServerSideTranslatorPB.submitRequest(OzoneManagerProtocolServerSideTranslatorPB.java:147) [ozone-manager-1.4.0-SNAPSHOT.jar:?]
	at org.apache.hadoop.ozone.protocol.proto.OzoneManagerProtocolProtos$OzoneManagerService$2.callBlockingMethod(OzoneManagerProtocolProtos.java) [ozone-interface-client-1.4.0-SNAPSHOT.jar:?]
	at org.apache.hadoop.ipc.ProtobufRpcEngine$Server.processCall(ProtobufRpcEngine.java:484) [hadoop-common-3.3.5.jar:?]
	at org.apache.hadoop.ipc.ProtobufRpcEngine2$Server$ProtoBufRpcInvoker.call(ProtobufRpcEngine2.java:595) [hadoop-common-3.3.5.jar:?]
	at org.apache.hadoop.ipc.ProtobufRpcEngine2$Server$ProtoBufRpcInvoker.call(ProtobufRpcEngine2.java:573) [hadoop-common-3.3.5.jar:?]
	at org.apache.hadoop.ipc.RPC$Server.call(RPC.java:1213) [hadoop-common-3.3.5.jar:?]
	at org.apache.hadoop.ipc.Server$RpcCall.run(Server.java:1089) [hadoop-common-3.3.5.jar:?]
	at org.apache.hadoop.ipc.Server$RpcCall.run(Server.java:1012) [hadoop-common-3.3.5.jar:?]
	at java.security.AccessController.doPrivileged(Native Method) ~[?:1.8.0_362]
	at javax.security.auth.Subject.doAs(Subject.java:422) [?:1.8.0_362]
	at org.apache.hadoop.security.UserGroupInformation.doAs(UserGroupInformation.java:1899) [hadoop-common-3.3.5.jar:?]
	at org.apache.hadoop.ipc.Server$Handler.run(Server.java:3026) [hadoop-common-3.3.5.jar:?]
11:26:34.108 [IPC Server handler 3 on default port 44509] ERROR OMAudit - user=runner | ip=127.0.0.1 | op=GET_FILE_STATUS {volume=volume17585, bucket=bucket91798, key=gdir1/dir2/child, dataSize=0, replicationConfig=null} | ret=FAILURE
org.apache.hadoop.ozone.om.exceptions.OMException: Unable to get file status: volume: volume17585 bucket: bucket91798 key: gdir1/dir2/child
	at org.apache.hadoop.ozone.om.KeyManagerImpl.getOzoneFileStatus(KeyManagerImpl.java:1200) ~[ozone-manager-1.4.0-SNAPSHOT.jar:?]
	at org.apache.hadoop.ozone.om.KeyManagerImpl.getFileStatus(KeyManagerImpl.java:1118) ~[ozone-manager-1.4.0-SNAPSHOT.jar:?]
	at org.apache.hadoop.ozone.om.OmMetadataReader.getFileStatus(OmMetadataReader.java:288) ~[ozone-manager-1.4.0-SNAPSHOT.jar:?]
	at org.apache.hadoop.ozone.om.OzoneManager.getFileStatus(OzoneManager.java:3491) ~[ozone-manager-1.4.0-SNAPSHOT.jar:?]
	at org.apache.hadoop.ozone.protocolPB.OzoneManagerRequestHandler.getOzoneFileStatus(OzoneManagerRequestHandler.java:934) ~[ozone-manager-1.4.0-SNAPSHOT.jar:?]
	at org.apache.hadoop.ozone.protocolPB.OzoneManagerRequestHandler.handleReadRequest(OzoneManagerRequestHandler.java:238) ~[ozone-manager-1.4.0-SNAPSHOT.jar:?]
	at org.apache.hadoop.ozone.protocolPB.OzoneManagerProtocolServerSideTranslatorPB.submitRequestDirectlyToOM(OzoneManagerProtocolServerSideTranslatorPB.java:272) ~[ozone-manager-1.4.0-SNAPSHOT.jar:?]
	at org.apache.hadoop.ozone.protocolPB.OzoneManagerProtocolServerSideTranslatorPB.processRequest(OzoneManagerProtocolServerSideTranslatorPB.java:173) ~[ozone-manager-1.4.0-SNAPSHOT.jar:?]
	at org.apache.hadoop.hdds.server.OzoneProtocolMessageDispatcher.processRequest(OzoneProtocolMessageDispatcher.java:87) [hdds-server-framework-1.4.0-SNAPSHOT.jar:?]
	at org.apache.hadoop.ozone.protocolPB.OzoneManagerProtocolServerSideTranslatorPB.submitRequest(OzoneManagerProtocolServerSideTranslatorPB.java:147) [ozone-manager-1.4.0-SNAPSHOT.jar:?]
	at org.apache.hadoop.ozone.protocol.proto.OzoneManagerProtocolProtos$OzoneManagerService$2.callBlockingMethod(OzoneManagerProtocolProtos.java) [ozone-interface-client-1.4.0-SNAPSHOT.jar:?]
	at org.apache.hadoop.ipc.ProtobufRpcEngine$Server.processCall(ProtobufRpcEngine.java:484) [hadoop-common-3.3.5.jar:?]
	at org.apache.hadoop.ipc.ProtobufRpcEngine2$Server$ProtoBufRpcInvoker.call(ProtobufRpcEngine2.java:595) [hadoop-common-3.3.5.jar:?]
	at org.apache.hadoop.ipc.ProtobufRpcEngine2$Server$ProtoBufRpcInvoker.call(ProtobufRpcEngine2.java:573) [hadoop-common-3.3.5.jar:?]
	at org.apache.hadoop.ipc.RPC$Server.call(RPC.java:1213) [hadoop-common-3.3.5.jar:?]
	at org.apache.hadoop.ipc.Server$RpcCall.run(Server.java:1089) [hadoop-common-3.3.5.jar:?]
	at org.apache.hadoop.ipc.Server$RpcCall.run(Server.java:1012) [hadoop-common-3.3.5.jar:?]
	at java.security.AccessController.doPrivileged(Native Method) ~[?:1.8.0_362]
	at javax.security.auth.Subject.doAs(Subject.java:422) [?:1.8.0_362]
	at org.apache.hadoop.security.UserGroupInformation.doAs(UserGroupInformation.java:1899) [hadoop-common-3.3.5.jar:?]
	at org.apache.hadoop.ipc.Server$Handler.run(Server.java:3026) [hadoop-common-3.3.5.jar:?]
11:26:34.108 [IPC Server handler 7 on default port 44509] ERROR OMAudit - user=runner | ip=127.0.0.1 | op=GET_FILE_STATUS {volume=volume17585, bucket=bucket91798, key=gdir1/dir3, dataSize=0, replicationConfig=null} | ret=FAILURE
org.apache.hadoop.ozone.om.exceptions.OMException: Unable to get file status: volume: volume17585 bucket: bucket91798 key: gdir1/dir3
	at org.apache.hadoop.ozone.om.KeyManagerImpl.getOzoneFileStatus(KeyManagerImpl.java:1200) ~[ozone-manager-1.4.0-SNAPSHOT.jar:?]
	at org.apache.hadoop.ozone.om.KeyManagerImpl.getFileStatus(KeyManagerImpl.java:1118) ~[ozone-manager-1.4.0-SNAPSHOT.jar:?]
	at org.apache.hadoop.ozone.om.OmMetadataReader.getFileStatus(OmMetadataReader.java:288) ~[ozone-manager-1.4.0-SNAPSHOT.jar:?]
	at org.apache.hadoop.ozone.om.OzoneManager.getFileStatus(OzoneManager.java:3491) ~[ozone-manager-1.4.0-SNAPSHOT.jar:?]
	at org.apache.hadoop.ozone.protocolPB.OzoneManagerRequestHandler.getOzoneFileStatus(OzoneManagerRequestHandler.java:934) ~[ozone-manager-1.4.0-SNAPSHOT.jar:?]
	at org.apache.hadoop.ozone.protocolPB.OzoneManagerRequestHandler.handleReadRequest(OzoneManagerRequestHandler.java:238) ~[ozone-manager-1.4.0-SNAPSHOT.jar:?]
	at org.apache.hadoop.ozone.protocolPB.OzoneManagerProtocolServerSideTranslatorPB.submitRequestDirectlyToOM(OzoneManagerProtocolServerSideTranslatorPB.java:272) ~[ozone-manager-1.4.0-SNAPSHOT.jar:?]
	at org.apache.hadoop.ozone.protocolPB.OzoneManagerProtocolServerSideTranslatorPB.processRequest(OzoneManagerProtocolServerSideTranslatorPB.java:173) ~[ozone-manager-1.4.0-SNAPSHOT.jar:?]
	at org.apache.hadoop.hdds.server.OzoneProtocolMessageDispatcher.processRequest(OzoneProtocolMessageDispatcher.java:87) [hdds-server-framework-1.4.0-SNAPSHOT.jar:?]
	at org.apache.hadoop.ozone.protocolPB.OzoneManagerProtocolServerSideTranslatorPB.submitRequest(OzoneManagerProtocolServerSideTranslatorPB.java:147) [ozone-manager-1.4.0-SNAPSHOT.jar:?]
	at org.apache.hadoop.ozone.protocol.proto.OzoneManagerProtocolProtos$OzoneManagerService$2.callBlockingMethod(OzoneManagerProtocolProtos.java) [ozone-interface-client-1.4.0-SNAPSHOT.jar:?]
	at org.apache.hadoop.ipc.ProtobufRpcEngine$Server.processCall(ProtobufRpcEngine.java:484) [hadoop-common-3.3.5.jar:?]
	at org.apache.hadoop.ipc.ProtobufRpcEngine2$Server$ProtoBufRpcInvoker.call(ProtobufRpcEngine2.java:595) [hadoop-common-3.3.5.jar:?]
	at org.apache.hadoop.ipc.ProtobufRpcEngine2$Server$ProtoBufRpcInvoker.call(ProtobufRpcEngine2.java:573) [hadoop-common-3.3.5.jar:?]
	at org.apache.hadoop.ipc.RPC$Server.call(RPC.java:1213) [hadoop-common-3.3.5.jar:?]
	at org.apache.hadoop.ipc.Server$RpcCall.run(Server.java:1089) [hadoop-common-3.3.5.jar:?]
	at org.apache.hadoop.ipc.Server$RpcCall.run(Server.java:1012) [hadoop-common-3.3.5.jar:?]
	at java.security.AccessController.doPrivileged(Native Method) ~[?:1.8.0_362]
	at javax.security.auth.Subject.doAs(Subject.java:422) [?:1.8.0_362]
	at org.apache.hadoop.security.UserGroupInformation.doAs(UserGroupInformation.java:1899) [hadoop-common-3.3.5.jar:?]
	at org.apache.hadoop.ipc.Server$Handler.run(Server.java:3026) [hadoop-common-3.3.5.jar:?]
11:26:34.109 [IPC Server handler 8 on default port 44509] ERROR OMAudit - user=runner | ip=127.0.0.1 | op=GET_FILE_STATUS {volume=volume17585, bucket=bucket91798, key=gdir1/dir3/child, dataSize=0, replicationConfig=null} | ret=FAILURE
org.apache.hadoop.ozone.om.exceptions.OMException: Unable to get file status: volume: volume17585 bucket: bucket91798 key: gdir1/dir3/child
	at org.apache.hadoop.ozone.om.KeyManagerImpl.getOzoneFileStatus(KeyManagerImpl.java:1200) ~[ozone-manager-1.4.0-SNAPSHOT.jar:?]
	at org.apache.hadoop.ozone.om.KeyManagerImpl.getFileStatus(KeyManagerImpl.java:1118) ~[ozone-manager-1.4.0-SNAPSHOT.jar:?]
	at org.apache.hadoop.ozone.om.OmMetadataReader.getFileStatus(OmMetadataReader.java:288) ~[ozone-manager-1.4.0-SNAPSHOT.jar:?]
	at org.apache.hadoop.ozone.om.OzoneManager.getFileStatus(OzoneManager.java:3491) ~[ozone-manager-1.4.0-SNAPSHOT.jar:?]
	at org.apache.hadoop.ozone.protocolPB.OzoneManagerRequestHandler.getOzoneFileStatus(OzoneManagerRequestHandler.java:934) ~[ozone-manager-1.4.0-SNAPSHOT.jar:?]
	at org.apache.hadoop.ozone.protocolPB.OzoneManagerRequestHandler.handleReadRequest(OzoneManagerRequestHandler.java:238) ~[ozone-manager-1.4.0-SNAPSHOT.jar:?]
	at org.apache.hadoop.ozone.protocolPB.OzoneManagerProtocolServerSideTranslatorPB.submitRequestDirectlyToOM(OzoneManagerProtocolServerSideTranslatorPB.java:272) ~[ozone-manager-1.4.0-SNAPSHOT.jar:?]
	at org.apache.hadoop.ozone.protocolPB.OzoneManagerProtocolServerSideTranslatorPB.processRequest(OzoneManagerProtocolServerSideTranslatorPB.java:173) ~[ozone-manager-1.4.0-SNAPSHOT.jar:?]
	at org.apache.hadoop.hdds.server.OzoneProtocolMessageDispatcher.processRequest(OzoneProtocolMessageDispatcher.java:87) [hdds-server-framework-1.4.0-SNAPSHOT.jar:?]
	at org.apache.hadoop.ozone.protocolPB.OzoneManagerProtocolServerSideTranslatorPB.submitRequest(OzoneManagerProtocolServerSideTranslatorPB.java:147) [ozone-manager-1.4.0-SNAPSHOT.jar:?]
	at org.apache.hadoop.ozone.protocol.proto.OzoneManagerProtocolProtos$OzoneManagerService$2.callBlockingMethod(OzoneManagerProtocolProtos.java) [ozone-interface-client-1.4.0-SNAPSHOT.jar:?]
	at org.apache.hadoop.ipc.ProtobufRpcEngine$Server.processCall(ProtobufRpcEngine.java:484) [hadoop-common-3.3.5.jar:?]
	at org.apache.hadoop.ipc.ProtobufRpcEngine2$Server$ProtoBufRpcInvoker.call(ProtobufRpcEngine2.java:595) [hadoop-common-3.3.5.jar:?]
	at org.apache.hadoop.ipc.ProtobufRpcEngine2$Server$ProtoBufRpcInvoker.call(ProtobufRpcEngine2.java:573) [hadoop-common-3.3.5.jar:?]
	at org.apache.hadoop.ipc.RPC$Server.call(RPC.java:1213) [hadoop-common-3.3.5.jar:?]
	at org.apache.hadoop.ipc.Server$RpcCall.run(Server.java:1089) [hadoop-common-3.3.5.jar:?]
	at org.apache.hadoop.ipc.Server$RpcCall.run(Server.java:1012) [hadoop-common-3.3.5.jar:?]
	at java.security.AccessController.doPrivileged(Native Method) ~[?:1.8.0_362]
	at javax.security.auth.Subject.doAs(Subject.java:422) [?:1.8.0_362]
	at org.apache.hadoop.security.UserGroupInformation.doAs(UserGroupInformation.java:1899) [hadoop-common-3.3.5.jar:?]
	at org.apache.hadoop.ipc.Server$Handler.run(Server.java:3026) [hadoop-common-3.3.5.jar:?]
11:26:34.110 [IPC Server handler 9 on default port 44509] ERROR OMAudit - user=runner | ip=127.0.0.1 | op=GET_FILE_STATUS {volume=volume17585, bucket=bucket91798, key=gdir1/dir4, dataSize=0, replicationConfig=null} | ret=FAILURE
org.apache.hadoop.ozone.om.exceptions.OMException: Unable to get file status: volume: volume17585 bucket: bucket91798 key: gdir1/dir4
	at org.apache.hadoop.ozone.om.KeyManagerImpl.getOzoneFileStatus(KeyManagerImpl.java:1200) ~[ozone-manager-1.4.0-SNAPSHOT.jar:?]
	at org.apache.hadoop.ozone.om.KeyManagerImpl.getFileStatus(KeyManagerImpl.java:1118) ~[ozone-manager-1.4.0-SNAPSHOT.jar:?]
	at org.apache.hadoop.ozone.om.OmMetadataReader.getFileStatus(OmMetadataReader.java:288) ~[ozone-manager-1.4.0-SNAPSHOT.jar:?]
	at org.apache.hadoop.ozone.om.OzoneManager.getFileStatus(OzoneManager.java:3491) ~[ozone-manager-1.4.0-SNAPSHOT.jar:?]
	at org.apache.hadoop.ozone.protocolPB.OzoneManagerRequestHandler.getOzoneFileStatus(OzoneManagerRequestHandler.java:934) ~[ozone-manager-1.4.0-SNAPSHOT.jar:?]
	at org.apache.hadoop.ozone.protocolPB.OzoneManagerRequestHandler.handleReadRequest(OzoneManagerRequestHandler.java:238) ~[ozone-manager-1.4.0-SNAPSHOT.jar:?]
	at org.apache.hadoop.ozone.protocolPB.OzoneManagerProtocolServerSideTranslatorPB.submitRequestDirectlyToOM(OzoneManagerProtocolServerSideTranslatorPB.java:272) ~[ozone-manager-1.4.0-SNAPSHOT.jar:?]
	at org.apache.hadoop.ozone.protocolPB.OzoneManagerProtocolServerSideTranslatorPB.processRequest(OzoneManagerProtocolServerSideTranslatorPB.java:173) ~[ozone-manager-1.4.0-SNAPSHOT.jar:?]
	at org.apache.hadoop.hdds.server.OzoneProtocolMessageDispatcher.processRequest(OzoneProtocolMessageDispatcher.java:87) [hdds-server-framework-1.4.0-SNAPSHOT.jar:?]
	at org.apache.hadoop.ozone.protocolPB.OzoneManagerProtocolServerSideTranslatorPB.submitRequest(OzoneManagerProtocolServerSideTranslatorPB.java:147) [ozone-manager-1.4.0-SNAPSHOT.jar:?]
	at org.apache.hadoop.ozone.protocol.proto.OzoneManagerProtocolProtos$OzoneManagerService$2.callBlockingMethod(OzoneManagerProtocolProtos.java) [ozone-interface-client-1.4.0-SNAPSHOT.jar:?]
	at org.apache.hadoop.ipc.ProtobufRpcEngine$Server.processCall(ProtobufRpcEngine.java:484) [hadoop-common-3.3.5.jar:?]
	at org.apache.hadoop.ipc.ProtobufRpcEngine2$Server$ProtoBufRpcInvoker.call(ProtobufRpcEngine2.java:595) [hadoop-common-3.3.5.jar:?]
	at org.apache.hadoop.ipc.ProtobufRpcEngine2$Server$ProtoBufRpcInvoker.call(ProtobufRpcEngine2.java:573) [hadoop-common-3.3.5.jar:?]
	at org.apache.hadoop.ipc.RPC$Server.call(RPC.java:1213) [hadoop-common-3.3.5.jar:?]
	at org.apache.hadoop.ipc.Server$RpcCall.run(Server.java:1089) [hadoop-common-3.3.5.jar:?]
	at org.apache.hadoop.ipc.Server$RpcCall.run(Server.java:1012) [hadoop-common-3.3.5.jar:?]
	at java.security.AccessController.doPrivileged(Native Method) ~[?:1.8.0_362]
	at javax.security.auth.Subject.doAs(Subject.java:422) [?:1.8.0_362]
	at org.apache.hadoop.security.UserGroupInformation.doAs(UserGroupInformation.java:1899) [hadoop-common-3.3.5.jar:?]
	at org.apache.hadoop.ipc.Server$Handler.run(Server.java:3026) [hadoop-common-3.3.5.jar:?]
11:26:34.110 [IPC Server handler 11 on default port 44509] ERROR OMAudit - user=runner | ip=127.0.0.1 | op=GET_FILE_STATUS {volume=volume17585, bucket=bucket91798, key=gdir1/dir4/child, dataSize=0, replicationConfig=null} | ret=FAILURE
org.apache.hadoop.ozone.om.exceptions.OMException: Unable to get file status: volume: volume17585 bucket: bucket91798 key: gdir1/dir4/child
	at org.apache.hadoop.ozone.om.KeyManagerImpl.getOzoneFileStatus(KeyManagerImpl.java:1200) ~[ozone-manager-1.4.0-SNAPSHOT.jar:?]
	at org.apache.hadoop.ozone.om.KeyManagerImpl.getFileStatus(KeyManagerImpl.java:1118) ~[ozone-manager-1.4.0-SNAPSHOT.jar:?]
	at org.apache.hadoop.ozone.om.OmMetadataReader.getFileStatus(OmMetadataReader.java:288) ~[ozone-manager-1.4.0-SNAPSHOT.jar:?]
	at org.apache.hadoop.ozone.om.OzoneManager.getFileStatus(OzoneManager.java:3491) ~[ozone-manager-1.4.0-SNAPSHOT.jar:?]
	at org.apache.hadoop.ozone.protocolPB.OzoneManagerRequestHandler.getOzoneFileStatus(OzoneManagerRequestHandler.java:934) ~[ozone-manager-1.4.0-SNAPSHOT.jar:?]
	at org.apache.hadoop.ozone.protocolPB.OzoneManagerRequestHandler.handleReadRequest(OzoneManagerRequestHandler.java:238) ~[ozone-manager-1.4.0-SNAPSHOT.jar:?]
	at org.apache.hadoop.ozone.protocolPB.OzoneManagerProtocolServerSideTranslatorPB.submitRequestDirectlyToOM(OzoneManagerProtocolServerSideTranslatorPB.java:272) ~[ozone-manager-1.4.0-SNAPSHOT.jar:?]
	at org.apache.hadoop.ozone.protocolPB.OzoneManagerProtocolServerSideTranslatorPB.processRequest(OzoneManagerProtocolServerSideTranslatorPB.java:173) ~[ozone-manager-1.4.0-SNAPSHOT.jar:?]
	at org.apache.hadoop.hdds.server.OzoneProtocolMessageDispatcher.processRequest(OzoneProtocolMessageDispatcher.java:87) [hdds-server-framework-1.4.0-SNAPSHOT.jar:?]
	at org.apache.hadoop.ozone.protocolPB.OzoneManagerProtocolServerSideTranslatorPB.submitRequest(OzoneManagerProtocolServerSideTranslatorPB.java:147) [ozone-manager-1.4.0-SNAPSHOT.jar:?]
	at org.apache.hadoop.ozone.protocol.proto.OzoneManagerProtocolProtos$OzoneManagerService$2.callBlockingMethod(OzoneManagerProtocolProtos.java) [ozone-interface-client-1.4.0-SNAPSHOT.jar:?]
	at org.apache.hadoop.ipc.ProtobufRpcEngine$Server.processCall(ProtobufRpcEngine.java:484) [hadoop-common-3.3.5.jar:?]
	at org.apache.hadoop.ipc.ProtobufRpcEngine2$Server$ProtoBufRpcInvoker.call(ProtobufRpcEngine2.java:595) [hadoop-common-3.3.5.jar:?]
	at org.apache.hadoop.ipc.ProtobufRpcEngine2$Server$ProtoBufRpcInvoker.call(ProtobufRpcEngine2.java:573) [hadoop-common-3.3.5.jar:?]
	at org.apache.hadoop.ipc.RPC$Server.call(RPC.java:1213) [hadoop-common-3.3.5.jar:?]
	at org.apache.hadoop.ipc.Server$RpcCall.run(Server.java:1089) [hadoop-common-3.3.5.jar:?]
	at org.apache.hadoop.ipc.Server$RpcCall.run(Server.java:1012) [hadoop-common-3.3.5.jar:?]
	at java.security.AccessController.doPrivileged(Native Method) ~[?:1.8.0_362]
	at javax.security.auth.Subject.doAs(Subject.java:422) [?:1.8.0_362]
	at org.apache.hadoop.security.UserGroupInformation.doAs(UserGroupInformation.java:1899) [hadoop-common-3.3.5.jar:?]
	at org.apache.hadoop.ipc.Server$Handler.run(Server.java:3026) [hadoop-common-3.3.5.jar:?]
11:26:34.111 [IPC Server handler 12 on default port 44509] ERROR OMAudit - user=runner | ip=127.0.0.1 | op=GET_FILE_STATUS {volume=volume17585, bucket=bucket91798, key=gdir1/dir5, dataSize=0, replicationConfig=null} | ret=FAILURE
org.apache.hadoop.ozone.om.exceptions.OMException: Unable to get file status: volume: volume17585 bucket: bucket91798 key: gdir1/dir5
	at org.apache.hadoop.ozone.om.KeyManagerImpl.getOzoneFileStatus(KeyManagerImpl.java:1200) ~[ozone-manager-1.4.0-SNAPSHOT.jar:?]
	at org.apache.hadoop.ozone.om.KeyManagerImpl.getFileStatus(KeyManagerImpl.java:1118) ~[ozone-manager-1.4.0-SNAPSHOT.jar:?]
	at org.apache.hadoop.ozone.om.OmMetadataReader.getFileStatus(OmMetadataReader.java:288) ~[ozone-manager-1.4.0-SNAPSHOT.jar:?]
	at org.apache.hadoop.ozone.om.OzoneManager.getFileStatus(OzoneManager.java:3491) ~[ozone-manager-1.4.0-SNAPSHOT.jar:?]
	at org.apache.hadoop.ozone.protocolPB.OzoneManagerRequestHandler.getOzoneFileStatus(OzoneManagerRequestHandler.java:934) ~[ozone-manager-1.4.0-SNAPSHOT.jar:?]
	at org.apache.hadoop.ozone.protocolPB.OzoneManagerRequestHandler.handleReadRequest(OzoneManagerRequestHandler.java:238) ~[ozone-manager-1.4.0-SNAPSHOT.jar:?]
	at org.apache.hadoop.ozone.protocolPB.OzoneManagerProtocolServerSideTranslatorPB.submitRequestDirectlyToOM(OzoneManagerProtocolServerSideTranslatorPB.java:272) ~[ozone-manager-1.4.0-SNAPSHOT.jar:?]
	at org.apache.hadoop.ozone.protocolPB.OzoneManagerProtocolServerSideTranslatorPB.processRequest(OzoneManagerProtocolServerSideTranslatorPB.java:173) ~[ozone-manager-1.4.0-SNAPSHOT.jar:?]
	at org.apache.hadoop.hdds.server.OzoneProtocolMessageDispatcher.processRequest(OzoneProtocolMessageDispatcher.java:87) [hdds-server-framework-1.4.0-SNAPSHOT.jar:?]
	at org.apache.hadoop.ozone.protocolPB.OzoneManagerProtocolServerSideTranslatorPB.submitRequest(OzoneManagerProtocolServerSideTranslatorPB.java:147) [ozone-manager-1.4.0-SNAPSHOT.jar:?]
	at org.apache.hadoop.ozone.protocol.proto.OzoneManagerProtocolProtos$OzoneManagerService$2.callBlockingMethod(OzoneManagerProtocolProtos.java) [ozone-interface-client-1.4.0-SNAPSHOT.jar:?]
	at org.apache.hadoop.ipc.ProtobufRpcEngine$Server.processCall(ProtobufRpcEngine.java:484) [hadoop-common-3.3.5.jar:?]
	at org.apache.hadoop.ipc.ProtobufRpcEngine2$Server$ProtoBufRpcInvoker.call(ProtobufRpcEngine2.java:595) [hadoop-common-3.3.5.jar:?]
	at org.apache.hadoop.ipc.ProtobufRpcEngine2$Server$ProtoBufRpcInvoker.call(ProtobufRpcEngine2.java:573) [hadoop-common-3.3.5.jar:?]
	at org.apache.hadoop.ipc.RPC$Server.call(RPC.java:1213) [hadoop-common-3.3.5.jar:?]
	at org.apache.hadoop.ipc.Server$RpcCall.run(Server.java:1089) [hadoop-common-3.3.5.jar:?]
	at org.apache.hadoop.ipc.Server$RpcCall.run(Server.java:1012) [hadoop-common-3.3.5.jar:?]
	at java.security.AccessController.doPrivileged(Native Method) ~[?:1.8.0_362]
	at javax.security.auth.Subject.doAs(Subject.java:422) [?:1.8.0_362]
	at org.apache.hadoop.security.UserGroupInformation.doAs(UserGroupInformation.java:1899) [hadoop-common-3.3.5.jar:?]
	at org.apache.hadoop.ipc.Server$Handler.run(Server.java:3026) [hadoop-common-3.3.5.jar:?]
11:26:34.112 [IPC Server handler 13 on default port 44509] ERROR OMAudit - user=runner | ip=127.0.0.1 | op=GET_FILE_STATUS {volume=volume17585, bucket=bucket91798, key=gdir1/dir5/child, dataSize=0, replicationConfig=null} | ret=FAILURE
org.apache.hadoop.ozone.om.exceptions.OMException: Unable to get file status: volume: volume17585 bucket: bucket91798 key: gdir1/dir5/child
	at org.apache.hadoop.ozone.om.KeyManagerImpl.getOzoneFileStatus(KeyManagerImpl.java:1200) ~[ozone-manager-1.4.0-SNAPSHOT.jar:?]
	at org.apache.hadoop.ozone.om.KeyManagerImpl.getFileStatus(KeyManagerImpl.java:1118) ~[ozone-manager-1.4.0-SNAPSHOT.jar:?]
	at org.apache.hadoop.ozone.om.OmMetadataReader.getFileStatus(OmMetadataReader.java:288) ~[ozone-manager-1.4.0-SNAPSHOT.jar:?]
	at org.apache.hadoop.ozone.om.OzoneManager.getFileStatus(OzoneManager.java:3491) ~[ozone-manager-1.4.0-SNAPSHOT.jar:?]
	at org.apache.hadoop.ozone.protocolPB.OzoneManagerRequestHandler.getOzoneFileStatus(OzoneManagerRequestHandler.java:934) ~[ozone-manager-1.4.0-SNAPSHOT.jar:?]
	at org.apache.hadoop.ozone.protocolPB.OzoneManagerRequestHandler.handleReadRequest(OzoneManagerRequestHandler.java:238) ~[ozone-manager-1.4.0-SNAPSHOT.jar:?]
	at org.apache.hadoop.ozone.protocolPB.OzoneManagerProtocolServerSideTranslatorPB.submitRequestDirectlyToOM(OzoneManagerProtocolServerSideTranslatorPB.java:272) ~[ozone-manager-1.4.0-SNAPSHOT.jar:?]
	at org.apache.hadoop.ozone.protocolPB.OzoneManagerProtocolServerSideTranslatorPB.processRequest(OzoneManagerProtocolServerSideTranslatorPB.java:173) ~[ozone-manager-1.4.0-SNAPSHOT.jar:?]
	at org.apache.hadoop.hdds.server.OzoneProtocolMessageDispatcher.processRequest(OzoneProtocolMessageDispatcher.java:87) [hdds-server-framework-1.4.0-SNAPSHOT.jar:?]
	at org.apache.hadoop.ozone.protocolPB.OzoneManagerProtocolServerSideTranslatorPB.submitRequest(OzoneManagerProtocolServerSideTranslatorPB.java:147) [ozone-manager-1.4.0-SNAPSHOT.jar:?]
	at org.apache.hadoop.ozone.protocol.proto.OzoneManagerProtocolProtos$OzoneManagerService$2.callBlockingMethod(OzoneManagerProtocolProtos.java) [ozone-interface-client-1.4.0-SNAPSHOT.jar:?]
	at org.apache.hadoop.ipc.ProtobufRpcEngine$Server.processCall(ProtobufRpcEngine.java:484) [hadoop-common-3.3.5.jar:?]
	at org.apache.hadoop.ipc.ProtobufRpcEngine2$Server$ProtoBufRpcInvoker.call(ProtobufRpcEngine2.java:595) [hadoop-common-3.3.5.jar:?]
	at org.apache.hadoop.ipc.ProtobufRpcEngine2$Server$ProtoBufRpcInvoker.call(ProtobufRpcEngine2.java:573) [hadoop-common-3.3.5.jar:?]
	at org.apache.hadoop.ipc.RPC$Server.call(RPC.java:1213) [hadoop-common-3.3.5.jar:?]
	at org.apache.hadoop.ipc.Server$RpcCall.run(Server.java:1089) [hadoop-common-3.3.5.jar:?]
	at org.apache.hadoop.ipc.Server$RpcCall.run(Server.java:1012) [hadoop-common-3.3.5.jar:?]
	at java.security.AccessController.doPrivileged(Native Method) ~[?:1.8.0_362]
	at javax.security.auth.Subject.doAs(Subject.java:422) [?:1.8.0_362]
	at org.apache.hadoop.security.UserGroupInformation.doAs(UserGroupInformation.java:1899) [hadoop-common-3.3.5.jar:?]
	at org.apache.hadoop.ipc.Server$Handler.run(Server.java:3026) [hadoop-common-3.3.5.jar:?]
11:26:34.113 [IPC Server handler 15 on default port 44509] ERROR OMAudit - user=runner | ip=127.0.0.1 | op=GET_FILE_STATUS {volume=volume17585, bucket=bucket91798, key=gdir1/dir6, dataSize=0, replicationConfig=null} | ret=FAILURE
org.apache.hadoop.ozone.om.exceptions.OMException: Unable to get file status: volume: volume17585 bucket: bucket91798 key: gdir1/dir6
	at org.apache.hadoop.ozone.om.KeyManagerImpl.getOzoneFileStatus(KeyManagerImpl.java:1200) ~[ozone-manager-1.4.0-SNAPSHOT.jar:?]
	at org.apache.hadoop.ozone.om.KeyManagerImpl.getFileStatus(KeyManagerImpl.java:1118) ~[ozone-manager-1.4.0-SNAPSHOT.jar:?]
	at org.apache.hadoop.ozone.om.OmMetadataReader.getFileStatus(OmMetadataReader.java:288) ~[ozone-manager-1.4.0-SNAPSHOT.jar:?]
	at org.apache.hadoop.ozone.om.OzoneManager.getFileStatus(OzoneManager.java:3491) ~[ozone-manager-1.4.0-SNAPSHOT.jar:?]
	at org.apache.hadoop.ozone.protocolPB.OzoneManagerRequestHandler.getOzoneFileStatus(OzoneManagerRequestHandler.java:934) ~[ozone-manager-1.4.0-SNAPSHOT.jar:?]
	at org.apache.hadoop.ozone.protocolPB.OzoneManagerRequestHandler.handleReadRequest(OzoneManagerRequestHandler.java:238) ~[ozone-manager-1.4.0-SNAPSHOT.jar:?]
	at org.apache.hadoop.ozone.protocolPB.OzoneManagerProtocolServerSideTranslatorPB.submitRequestDirectlyToOM(OzoneManagerProtocolServerSideTranslatorPB.java:272) ~[ozone-manager-1.4.0-SNAPSHOT.jar:?]
	at org.apache.hadoop.ozone.protocolPB.OzoneManagerProtocolServerSideTranslatorPB.processRequest(OzoneManagerProtocolServerSideTranslatorPB.java:173) ~[ozone-manager-1.4.0-SNAPSHOT.jar:?]
	at org.apache.hadoop.hdds.server.OzoneProtocolMessageDispatcher.processRequest(OzoneProtocolMessageDispatcher.java:87) [hdds-server-framework-1.4.0-SNAPSHOT.jar:?]
	at org.apache.hadoop.ozone.protocolPB.OzoneManagerProtocolServerSideTranslatorPB.submitRequest(OzoneManagerProtocolServerSideTranslatorPB.java:147) [ozone-manager-1.4.0-SNAPSHOT.jar:?]
	at org.apache.hadoop.ozone.protocol.proto.OzoneManagerProtocolProtos$OzoneManagerService$2.callBlockingMethod(OzoneManagerProtocolProtos.java) [ozone-interface-client-1.4.0-SNAPSHOT.jar:?]
	at org.apache.hadoop.ipc.ProtobufRpcEngine$Server.processCall(ProtobufRpcEngine.java:484) [hadoop-common-3.3.5.jar:?]
	at org.apache.hadoop.ipc.ProtobufRpcEngine2$Server$ProtoBufRpcInvoker.call(ProtobufRpcEngine2.java:595) [hadoop-common-3.3.5.jar:?]
	at org.apache.hadoop.ipc.ProtobufRpcEngine2$Server$ProtoBufRpcInvoker.call(ProtobufRpcEngine2.java:573) [hadoop-common-3.3.5.jar:?]
	at org.apache.hadoop.ipc.RPC$Server.call(RPC.java:1213) [hadoop-common-3.3.5.jar:?]
	at org.apache.hadoop.ipc.Server$RpcCall.run(Server.java:1089) [hadoop-common-3.3.5.jar:?]
	at org.apache.hadoop.ipc.Server$RpcCall.run(Server.java:1012) [hadoop-common-3.3.5.jar:?]
	at java.security.AccessController.doPrivileged(Native Method) ~[?:1.8.0_362]
	at javax.security.auth.Subject.doAs(Subject.java:422) [?:1.8.0_362]
	at org.apache.hadoop.security.UserGroupInformation.doAs(UserGroupInformation.java:1899) [hadoop-common-3.3.5.jar:?]
	at org.apache.hadoop.ipc.Server$Handler.run(Server.java:3026) [hadoop-common-3.3.5.jar:?]
11:26:34.117 [IPC Server handler 18 on default port 44509] ERROR OMAudit - user=runner | ip=127.0.0.1 | op=GET_FILE_STATUS {volume=volume17585, bucket=bucket91798, key=gdir1/dir6/child, dataSize=0, replicationConfig=null} | ret=FAILURE
org.apache.hadoop.ozone.om.exceptions.OMException: Unable to get file status: volume: volume17585 bucket: bucket91798 key: gdir1/dir6/child
	at org.apache.hadoop.ozone.om.KeyManagerImpl.getOzoneFileStatus(KeyManagerImpl.java:1200) ~[ozone-manager-1.4.0-SNAPSHOT.jar:?]
	at org.apache.hadoop.ozone.om.KeyManagerImpl.getFileStatus(KeyManagerImpl.java:1118) ~[ozone-manager-1.4.0-SNAPSHOT.jar:?]
	at org.apache.hadoop.ozone.om.OmMetadataReader.getFileStatus(OmMetadataReader.java:288) ~[ozone-manager-1.4.0-SNAPSHOT.jar:?]
	at org.apache.hadoop.ozone.om.OzoneManager.getFileStatus(OzoneManager.java:3491) ~[ozone-manager-1.4.0-SNAPSHOT.jar:?]
	at org.apache.hadoop.ozone.protocolPB.OzoneManagerRequestHandler.getOzoneFileStatus(OzoneManagerRequestHandler.java:934) ~[ozone-manager-1.4.0-SNAPSHOT.jar:?]
	at org.apache.hadoop.ozone.protocolPB.OzoneManagerRequestHandler.handleReadRequest(OzoneManagerRequestHandler.java:238) ~[ozone-manager-1.4.0-SNAPSHOT.jar:?]
	at org.apache.hadoop.ozone.protocolPB.OzoneManagerProtocolServerSideTranslatorPB.submitRequestDirectlyToOM(OzoneManagerProtocolServerSideTranslatorPB.java:272) ~[ozone-manager-1.4.0-SNAPSHOT.jar:?]
	at org.apache.hadoop.ozone.protocolPB.OzoneManagerProtocolServerSideTranslatorPB.processRequest(OzoneManagerProtocolServerSideTranslatorPB.java:173) ~[ozone-manager-1.4.0-SNAPSHOT.jar:?]
	at org.apache.hadoop.hdds.server.OzoneProtocolMessageDispatcher.processRequest(OzoneProtocolMessageDispatcher.java:87) [hdds-server-framework-1.4.0-SNAPSHOT.jar:?]
	at org.apache.hadoop.ozone.protocolPB.OzoneManagerProtocolServerSideTranslatorPB.submitRequest(OzoneManagerProtocolServerSideTranslatorPB.java:147) [ozone-manager-1.4.0-SNAPSHOT.jar:?]
	at org.apache.hadoop.ozone.protocol.proto.OzoneManagerProtocolProtos$OzoneManagerService$2.callBlockingMethod(OzoneManagerProtocolProtos.java) [ozone-interface-client-1.4.0-SNAPSHOT.jar:?]
	at org.apache.hadoop.ipc.ProtobufRpcEngine$Server.processCall(ProtobufRpcEngine.java:484) [hadoop-common-3.3.5.jar:?]
	at org.apache.hadoop.ipc.ProtobufRpcEngine2$Server$ProtoBufRpcInvoker.call(ProtobufRpcEngine2.java:595) [hadoop-common-3.3.5.jar:?]
	at org.apache.hadoop.ipc.ProtobufRpcEngine2$Server$ProtoBufRpcInvoker.call(ProtobufRpcEngine2.java:573) [hadoop-common-3.3.5.jar:?]
	at org.apache.hadoop.ipc.RPC$Server.call(RPC.java:1213) [hadoop-common-3.3.5.jar:?]
	at org.apache.hadoop.ipc.Server$RpcCall.run(Server.java:1089) [hadoop-common-3.3.5.jar:?]
	at org.apache.hadoop.ipc.Server$RpcCall.run(Server.java:1012) [hadoop-common-3.3.5.jar:?]
	at java.security.AccessController.doPrivileged(Native Method) ~[?:1.8.0_362]
	at javax.security.auth.Subject.doAs(Subject.java:422) [?:1.8.0_362]
	at org.apache.hadoop.security.UserGroupInformation.doAs(UserGroupInformation.java:1899) [hadoop-common-3.3.5.jar:?]
	at org.apache.hadoop.ipc.Server$Handler.run(Server.java:3026) [hadoop-common-3.3.5.jar:?]
11:26:34.117 [IPC Server handler 17 on default port 44509] ERROR OMAudit - user=runner | ip=127.0.0.1 | op=GET_FILE_STATUS {volume=volume17585, bucket=bucket91798, key=gdir1/dir7, dataSize=0, replicationConfig=null} | ret=FAILURE
org.apache.hadoop.ozone.om.exceptions.OMException: Unable to get file status: volume: volume17585 bucket: bucket91798 key: gdir1/dir7
	at org.apache.hadoop.ozone.om.KeyManagerImpl.getOzoneFileStatus(KeyManagerImpl.java:1200) ~[ozone-manager-1.4.0-SNAPSHOT.jar:?]
	at org.apache.hadoop.ozone.om.KeyManagerImpl.getFileStatus(KeyManagerImpl.java:1118) ~[ozone-manager-1.4.0-SNAPSHOT.jar:?]
	at org.apache.hadoop.ozone.om.OmMetadataReader.getFileStatus(OmMetadataReader.java:288) ~[ozone-manager-1.4.0-SNAPSHOT.jar:?]
	at org.apache.hadoop.ozone.om.OzoneManager.getFileStatus(OzoneManager.java:3491) ~[ozone-manager-1.4.0-SNAPSHOT.jar:?]
	at org.apache.hadoop.ozone.protocolPB.OzoneManagerRequestHandler.getOzoneFileStatus(OzoneManagerRequestHandler.java:934) ~[ozone-manager-1.4.0-SNAPSHOT.jar:?]
	at org.apache.hadoop.ozone.protocolPB.OzoneManagerRequestHandler.handleReadRequest(OzoneManagerRequestHandler.java:238) ~[ozone-manager-1.4.0-SNAPSHOT.jar:?]
	at org.apache.hadoop.ozone.protocolPB.OzoneManagerProtocolServerSideTranslatorPB.submitRequestDirectlyToOM(OzoneManagerProtocolServerSideTranslatorPB.java:272) ~[ozone-manager-1.4.0-SNAPSHOT.jar:?]
	at org.apache.hadoop.ozone.protocolPB.OzoneManagerProtocolServerSideTranslatorPB.processRequest(OzoneManagerProtocolServerSideTranslatorPB.java:173) ~[ozone-manager-1.4.0-SNAPSHOT.jar:?]
	at org.apache.hadoop.hdds.server.OzoneProtocolMessageDispatcher.processRequest(OzoneProtocolMessageDispatcher.java:87) [hdds-server-framework-1.4.0-SNAPSHOT.jar:?]
	at org.apache.hadoop.ozone.protocolPB.OzoneManagerProtocolServerSideTranslatorPB.submitRequest(OzoneManagerProtocolServerSideTranslatorPB.java:147) [ozone-manager-1.4.0-SNAPSHOT.jar:?]
	at org.apache.hadoop.ozone.protocol.proto.OzoneManagerProtocolProtos$OzoneManagerService$2.callBlockingMethod(OzoneManagerProtocolProtos.java) [ozone-interface-client-1.4.0-SNAPSHOT.jar:?]
	at org.apache.hadoop.ipc.ProtobufRpcEngine$Server.processCall(ProtobufRpcEngine.java:484) [hadoop-common-3.3.5.jar:?]
	at org.apache.hadoop.ipc.ProtobufRpcEngine2$Server$ProtoBufRpcInvoker.call(ProtobufRpcEngine2.java:595) [hadoop-common-3.3.5.jar:?]
	at org.apache.hadoop.ipc.ProtobufRpcEngine2$Server$ProtoBufRpcInvoker.call(ProtobufRpcEngine2.java:573) [hadoop-common-3.3.5.jar:?]
	at org.apache.hadoop.ipc.RPC$Server.call(RPC.java:1213) [hadoop-common-3.3.5.jar:?]
	at org.apache.hadoop.ipc.Server$RpcCall.run(Server.java:1089) [hadoop-common-3.3.5.jar:?]
	at org.apache.hadoop.ipc.Server$RpcCall.run(Server.java:1012) [hadoop-common-3.3.5.jar:?]
	at java.security.AccessController.doPrivileged(Native Method) ~[?:1.8.0_362]
	at javax.security.auth.Subject.doAs(Subject.java:422) [?:1.8.0_362]
	at org.apache.hadoop.security.UserGroupInformation.doAs(UserGroupInformation.java:1899) [hadoop-common-3.3.5.jar:?]
	at org.apache.hadoop.ipc.Server$Handler.run(Server.java:3026) [hadoop-common-3.3.5.jar:?]
11:26:34.118 [IPC Server handler 0 on default port 44509] ERROR OMAudit - user=runner | ip=127.0.0.1 | op=GET_FILE_STATUS {volume=volume17585, bucket=bucket91798, key=gdir1/dir7/child, dataSize=0, replicationConfig=null} | ret=FAILURE
org.apache.hadoop.ozone.om.exceptions.OMException: Unable to get file status: volume: volume17585 bucket: bucket91798 key: gdir1/dir7/child
	at org.apache.hadoop.ozone.om.KeyManagerImpl.getOzoneFileStatus(KeyManagerImpl.java:1200) ~[ozone-manager-1.4.0-SNAPSHOT.jar:?]
	at org.apache.hadoop.ozone.om.KeyManagerImpl.getFileStatus(KeyManagerImpl.java:1118) ~[ozone-manager-1.4.0-SNAPSHOT.jar:?]
	at org.apache.hadoop.ozone.om.OmMetadataReader.getFileStatus(OmMetadataReader.java:288) ~[ozone-manager-1.4.0-SNAPSHOT.jar:?]
	at org.apache.hadoop.ozone.om.OzoneManager.getFileStatus(OzoneManager.java:3491) ~[ozone-manager-1.4.0-SNAPSHOT.jar:?]
	at org.apache.hadoop.ozone.protocolPB.OzoneManagerRequestHandler.getOzoneFileStatus(OzoneManagerRequestHandler.java:934) ~[ozone-manager-1.4.0-SNAPSHOT.jar:?]
	at org.apache.hadoop.ozone.protocolPB.OzoneManagerRequestHandler.handleReadRequest(OzoneManagerRequestHandler.java:238) ~[ozone-manager-1.4.0-SNAPSHOT.jar:?]
	at org.apache.hadoop.ozone.protocolPB.OzoneManagerProtocolServerSideTranslatorPB.submitRequestDirectlyToOM(OzoneManagerProtocolServerSideTranslatorPB.java:272) ~[ozone-manager-1.4.0-SNAPSHOT.jar:?]
	at org.apache.hadoop.ozone.protocolPB.OzoneManagerProtocolServerSideTranslatorPB.processRequest(OzoneManagerProtocolServerSideTranslatorPB.java:173) ~[ozone-manager-1.4.0-SNAPSHOT.jar:?]
	at org.apache.hadoop.hdds.server.OzoneProtocolMessageDispatcher.processRequest(OzoneProtocolMessageDispatcher.java:87) [hdds-server-framework-1.4.0-SNAPSHOT.jar:?]
	at org.apache.hadoop.ozone.protocolPB.OzoneManagerProtocolServerSideTranslatorPB.submitRequest(OzoneManagerProtocolServerSideTranslatorPB.java:147) [ozone-manager-1.4.0-SNAPSHOT.jar:?]
	at org.apache.hadoop.ozone.protocol.proto.OzoneManagerProtocolProtos$OzoneManagerService$2.callBlockingMethod(OzoneManagerProtocolProtos.java) [ozone-interface-client-1.4.0-SNAPSHOT.jar:?]
	at org.apache.hadoop.ipc.ProtobufRpcEngine$Server.processCall(ProtobufRpcEngine.java:484) [hadoop-common-3.3.5.jar:?]
	at org.apache.hadoop.ipc.ProtobufRpcEngine2$Server$ProtoBufRpcInvoker.call(ProtobufRpcEngine2.java:595) [hadoop-common-3.3.5.jar:?]
	at org.apache.hadoop.ipc.ProtobufRpcEngine2$Server$ProtoBufRpcInvoker.call(ProtobufRpcEngine2.java:573) [hadoop-common-3.3.5.jar:?]
	at org.apache.hadoop.ipc.RPC$Server.call(RPC.java:1213) [hadoop-common-3.3.5.jar:?]
	at org.apache.hadoop.ipc.Server$RpcCall.run(Server.java:1089) [hadoop-common-3.3.5.jar:?]
	at org.apache.hadoop.ipc.Server$RpcCall.run(Server.java:1012) [hadoop-common-3.3.5.jar:?]
	at java.security.AccessController.doPrivileged(Native Method) ~[?:1.8.0_362]
	at javax.security.auth.Subject.doAs(Subject.java:422) [?:1.8.0_362]
	at org.apache.hadoop.security.UserGroupInformation.doAs(UserGroupInformation.java:1899) [hadoop-common-3.3.5.jar:?]
	at org.apache.hadoop.ipc.Server$Handler.run(Server.java:3026) [hadoop-common-3.3.5.jar:?]
11:26:34.120 [IPC Server handler 6 on default port 44509] ERROR OMAudit - user=runner | ip=127.0.0.1 | op=GET_FILE_STATUS {volume=volume17585, bucket=bucket91798, key=gdir1/dir8, dataSize=0, replicationConfig=null} | ret=FAILURE
org.apache.hadoop.ozone.om.exceptions.OMException: Unable to get file status: volume: volume17585 bucket: bucket91798 key: gdir1/dir8
	at org.apache.hadoop.ozone.om.KeyManagerImpl.getOzoneFileStatus(KeyManagerImpl.java:1200) ~[ozone-manager-1.4.0-SNAPSHOT.jar:?]
	at org.apache.hadoop.ozone.om.KeyManagerImpl.getFileStatus(KeyManagerImpl.java:1118) ~[ozone-manager-1.4.0-SNAPSHOT.jar:?]
	at org.apache.hadoop.ozone.om.OmMetadataReader.getFileStatus(OmMetadataReader.java:288) ~[ozone-manager-1.4.0-SNAPSHOT.jar:?]
	at org.apache.hadoop.ozone.om.OzoneManager.getFileStatus(OzoneManager.java:3491) ~[ozone-manager-1.4.0-SNAPSHOT.jar:?]
	at org.apache.hadoop.ozone.protocolPB.OzoneManagerRequestHandler.getOzoneFileStatus(OzoneManagerRequestHandler.java:934) ~[ozone-manager-1.4.0-SNAPSHOT.jar:?]
	at org.apache.hadoop.ozone.protocolPB.OzoneManagerRequestHandler.handleReadRequest(OzoneManagerRequestHandler.java:238) ~[ozone-manager-1.4.0-SNAPSHOT.jar:?]
	at org.apache.hadoop.ozone.protocolPB.OzoneManagerProtocolServerSideTranslatorPB.submitRequestDirectlyToOM(OzoneManagerProtocolServerSideTranslatorPB.java:272) ~[ozone-manager-1.4.0-SNAPSHOT.jar:?]
	at org.apache.hadoop.ozone.protocolPB.OzoneManagerProtocolServerSideTranslatorPB.processRequest(OzoneManagerProtocolServerSideTranslatorPB.java:173) ~[ozone-manager-1.4.0-SNAPSHOT.jar:?]
	at org.apache.hadoop.hdds.server.OzoneProtocolMessageDispatcher.processRequest(OzoneProtocolMessageDispatcher.java:87) [hdds-server-framework-1.4.0-SNAPSHOT.jar:?]
	at org.apache.hadoop.ozone.protocolPB.OzoneManagerProtocolServerSideTranslatorPB.submitRequest(OzoneManagerProtocolServerSideTranslatorPB.java:147) [ozone-manager-1.4.0-SNAPSHOT.jar:?]
	at org.apache.hadoop.ozone.protocol.proto.OzoneManagerProtocolProtos$OzoneManagerService$2.callBlockingMethod(OzoneManagerProtocolProtos.java) [ozone-interface-client-1.4.0-SNAPSHOT.jar:?]
	at org.apache.hadoop.ipc.ProtobufRpcEngine$Server.processCall(ProtobufRpcEngine.java:484) [hadoop-common-3.3.5.jar:?]
	at org.apache.hadoop.ipc.ProtobufRpcEngine2$Server$ProtoBufRpcInvoker.call(ProtobufRpcEngine2.java:595) [hadoop-common-3.3.5.jar:?]
	at org.apache.hadoop.ipc.ProtobufRpcEngine2$Server$ProtoBufRpcInvoker.call(ProtobufRpcEngine2.java:573) [hadoop-common-3.3.5.jar:?]
	at org.apache.hadoop.ipc.RPC$Server.call(RPC.java:1213) [hadoop-common-3.3.5.jar:?]
	at org.apache.hadoop.ipc.Server$RpcCall.run(Server.java:1089) [hadoop-common-3.3.5.jar:?]
	at org.apache.hadoop.ipc.Server$RpcCall.run(Server.java:1012) [hadoop-common-3.3.5.jar:?]
	at java.security.AccessController.doPrivileged(Native Method) ~[?:1.8.0_362]
	at javax.security.auth.Subject.doAs(Subject.java:422) [?:1.8.0_362]
	at org.apache.hadoop.security.UserGroupInformation.doAs(UserGroupInformation.java:1899) [hadoop-common-3.3.5.jar:?]
	at org.apache.hadoop.ipc.Server$Handler.run(Server.java:3026) [hadoop-common-3.3.5.jar:?]
11:26:34.121 [IPC Server handler 1 on default port 44509] ERROR OMAudit - user=runner | ip=127.0.0.1 | op=GET_FILE_STATUS {volume=volume17585, bucket=bucket91798, key=gdir1/dir8/child, dataSize=0, replicationConfig=null} | ret=FAILURE
org.apache.hadoop.ozone.om.exceptions.OMException: Unable to get file status: volume: volume17585 bucket: bucket91798 key: gdir1/dir8/child
	at org.apache.hadoop.ozone.om.KeyManagerImpl.getOzoneFileStatus(KeyManagerImpl.java:1200) ~[ozone-manager-1.4.0-SNAPSHOT.jar:?]
	at org.apache.hadoop.ozone.om.KeyManagerImpl.getFileStatus(KeyManagerImpl.java:1118) ~[ozone-manager-1.4.0-SNAPSHOT.jar:?]
	at org.apache.hadoop.ozone.om.OmMetadataReader.getFileStatus(OmMetadataReader.java:288) ~[ozone-manager-1.4.0-SNAPSHOT.jar:?]
	at org.apache.hadoop.ozone.om.OzoneManager.getFileStatus(OzoneManager.java:3491) ~[ozone-manager-1.4.0-SNAPSHOT.jar:?]
	at org.apache.hadoop.ozone.protocolPB.OzoneManagerRequestHandler.getOzoneFileStatus(OzoneManagerRequestHandler.java:934) ~[ozone-manager-1.4.0-SNAPSHOT.jar:?]
	at org.apache.hadoop.ozone.protocolPB.OzoneManagerRequestHandler.handleReadRequest(OzoneManagerRequestHandler.java:238) ~[ozone-manager-1.4.0-SNAPSHOT.jar:?]
	at org.apache.hadoop.ozone.protocolPB.OzoneManagerProtocolServerSideTranslatorPB.submitRequestDirectlyToOM(OzoneManagerProtocolServerSideTranslatorPB.java:272) ~[ozone-manager-1.4.0-SNAPSHOT.jar:?]
	at org.apache.hadoop.ozone.protocolPB.OzoneManagerProtocolServerSideTranslatorPB.processRequest(OzoneManagerProtocolServerSideTranslatorPB.java:173) ~[ozone-manager-1.4.0-SNAPSHOT.jar:?]
	at org.apache.hadoop.hdds.server.OzoneProtocolMessageDispatcher.processRequest(OzoneProtocolMessageDispatcher.java:87) [hdds-server-framework-1.4.0-SNAPSHOT.jar:?]
	at org.apache.hadoop.ozone.protocolPB.OzoneManagerProtocolServerSideTranslatorPB.submitRequest(OzoneManagerProtocolServerSideTranslatorPB.java:147) [ozone-manager-1.4.0-SNAPSHOT.jar:?]
	at org.apache.hadoop.ozone.protocol.proto.OzoneManagerProtocolProtos$OzoneManagerService$2.callBlockingMethod(OzoneManagerProtocolProtos.java) [ozone-interface-client-1.4.0-SNAPSHOT.jar:?]
	at org.apache.hadoop.ipc.ProtobufRpcEngine$Server.processCall(ProtobufRpcEngine.java:484) [hadoop-common-3.3.5.jar:?]
	at org.apache.hadoop.ipc.ProtobufRpcEngine2$Server$ProtoBufRpcInvoker.call(ProtobufRpcEngine2.java:595) [hadoop-common-3.3.5.jar:?]
	at org.apache.hadoop.ipc.ProtobufRpcEngine2$Server$ProtoBufRpcInvoker.call(ProtobufRpcEngine2.java:573) [hadoop-common-3.3.5.jar:?]
	at org.apache.hadoop.ipc.RPC$Server.call(RPC.java:1213) [hadoop-common-3.3.5.jar:?]
	at org.apache.hadoop.ipc.Server$RpcCall.run(Server.java:1089) [hadoop-common-3.3.5.jar:?]
	at org.apache.hadoop.ipc.Server$RpcCall.run(Server.java:1012) [hadoop-common-3.3.5.jar:?]
	at java.security.AccessController.doPrivileged(Native Method) ~[?:1.8.0_362]
	at javax.security.auth.Subject.doAs(Subject.java:422) [?:1.8.0_362]
	at org.apache.hadoop.security.UserGroupInformation.doAs(UserGroupInformation.java:1899) [hadoop-common-3.3.5.jar:?]
	at org.apache.hadoop.ipc.Server$Handler.run(Server.java:3026) [hadoop-common-3.3.5.jar:?]
11:26:34.121 [IPC Server handler 4 on default port 44509] ERROR OMAudit - user=runner | ip=127.0.0.1 | op=GET_FILE_STATUS {volume=volume17585, bucket=bucket91798, key=gdir1/dir9, dataSize=0, replicationConfig=null} | ret=FAILURE
org.apache.hadoop.ozone.om.exceptions.OMException: Unable to get file status: volume: volume17585 bucket: bucket91798 key: gdir1/dir9
	at org.apache.hadoop.ozone.om.KeyManagerImpl.getOzoneFileStatus(KeyManagerImpl.java:1200) ~[ozone-manager-1.4.0-SNAPSHOT.jar:?]
	at org.apache.hadoop.ozone.om.KeyManagerImpl.getFileStatus(KeyManagerImpl.java:1118) ~[ozone-manager-1.4.0-SNAPSHOT.jar:?]
	at org.apache.hadoop.ozone.om.OmMetadataReader.getFileStatus(OmMetadataReader.java:288) ~[ozone-manager-1.4.0-SNAPSHOT.jar:?]
	at org.apache.hadoop.ozone.om.OzoneManager.getFileStatus(OzoneManager.java:3491) ~[ozone-manager-1.4.0-SNAPSHOT.jar:?]
	at org.apache.hadoop.ozone.protocolPB.OzoneManagerRequestHandler.getOzoneFileStatus(OzoneManagerRequestHandler.java:934) ~[ozone-manager-1.4.0-SNAPSHOT.jar:?]
	at org.apache.hadoop.ozone.protocolPB.OzoneManagerRequestHandler.handleReadRequest(OzoneManagerRequestHandler.java:238) ~[ozone-manager-1.4.0-SNAPSHOT.jar:?]
	at org.apache.hadoop.ozone.protocolPB.OzoneManagerProtocolServerSideTranslatorPB.submitRequestDirectlyToOM(OzoneManagerProtocolServerSideTranslatorPB.java:272) ~[ozone-manager-1.4.0-SNAPSHOT.jar:?]
	at org.apache.hadoop.ozone.protocolPB.OzoneManagerProtocolServerSideTranslatorPB.processRequest(OzoneManagerProtocolServerSideTranslatorPB.java:173) ~[ozone-manager-1.4.0-SNAPSHOT.jar:?]
	at org.apache.hadoop.hdds.server.OzoneProtocolMessageDispatcher.processRequest(OzoneProtocolMessageDispatcher.java:87) [hdds-server-framework-1.4.0-SNAPSHOT.jar:?]
	at org.apache.hadoop.ozone.protocolPB.OzoneManagerProtocolServerSideTranslatorPB.submitRequest(OzoneManagerProtocolServerSideTranslatorPB.java:147) [ozone-manager-1.4.0-SNAPSHOT.jar:?]
	at org.apache.hadoop.ozone.protocol.proto.OzoneManagerProtocolProtos$OzoneManagerService$2.callBlockingMethod(OzoneManagerProtocolProtos.java) [ozone-interface-client-1.4.0-SNAPSHOT.jar:?]
	at org.apache.hadoop.ipc.ProtobufRpcEngine$Server.processCall(ProtobufRpcEngine.java:484) [hadoop-common-3.3.5.jar:?]
	at org.apache.hadoop.ipc.ProtobufRpcEngine2$Server$ProtoBufRpcInvoker.call(ProtobufRpcEngine2.java:595) [hadoop-common-3.3.5.jar:?]
	at org.apache.hadoop.ipc.ProtobufRpcEngine2$Server$ProtoBufRpcInvoker.call(ProtobufRpcEngine2.java:573) [hadoop-common-3.3.5.jar:?]
	at org.apache.hadoop.ipc.RPC$Server.call(RPC.java:1213) [hadoop-common-3.3.5.jar:?]
	at org.apache.hadoop.ipc.Server$RpcCall.run(Server.java:1089) [hadoop-common-3.3.5.jar:?]
	at org.apache.hadoop.ipc.Server$RpcCall.run(Server.java:1012) [hadoop-common-3.3.5.jar:?]
	at java.security.AccessController.doPrivileged(Native Method) ~[?:1.8.0_362]
	at javax.security.auth.Subject.doAs(Subject.java:422) [?:1.8.0_362]
	at org.apache.hadoop.security.UserGroupInformation.doAs(UserGroupInformation.java:1899) [hadoop-common-3.3.5.jar:?]
	at org.apache.hadoop.ipc.Server$Handler.run(Server.java:3026) [hadoop-common-3.3.5.jar:?]
11:26:34.122 [IPC Server handler 2 on default port 44509] ERROR OMAudit - user=runner | ip=127.0.0.1 | op=GET_FILE_STATUS {volume=volume17585, bucket=bucket91798, key=gdir1/dir9/child, dataSize=0, replicationConfig=null} | ret=FAILURE
org.apache.hadoop.ozone.om.exceptions.OMException: Unable to get file status: volume: volume17585 bucket: bucket91798 key: gdir1/dir9/child
	at org.apache.hadoop.ozone.om.KeyManagerImpl.getOzoneFileStatus(KeyManagerImpl.java:1200) ~[ozone-manager-1.4.0-SNAPSHOT.jar:?]
	at org.apache.hadoop.ozone.om.KeyManagerImpl.getFileStatus(KeyManagerImpl.java:1118) ~[ozone-manager-1.4.0-SNAPSHOT.jar:?]
	at org.apache.hadoop.ozone.om.OmMetadataReader.getFileStatus(OmMetadataReader.java:288) ~[ozone-manager-1.4.0-SNAPSHOT.jar:?]
	at org.apache.hadoop.ozone.om.OzoneManager.getFileStatus(OzoneManager.java:3491) ~[ozone-manager-1.4.0-SNAPSHOT.jar:?]
	at org.apache.hadoop.ozone.protocolPB.OzoneManagerRequestHandler.getOzoneFileStatus(OzoneManagerRequestHandler.java:934) ~[ozone-manager-1.4.0-SNAPSHOT.jar:?]
	at org.apache.hadoop.ozone.protocolPB.OzoneManagerRequestHandler.handleReadRequest(OzoneManagerRequestHandler.java:238) ~[ozone-manager-1.4.0-SNAPSHOT.jar:?]
	at org.apache.hadoop.ozone.protocolPB.OzoneManagerProtocolServerSideTranslatorPB.submitRequestDirectlyToOM(OzoneManagerProtocolServerSideTranslatorPB.java:272) ~[ozone-manager-1.4.0-SNAPSHOT.jar:?]
	at org.apache.hadoop.ozone.protocolPB.OzoneManagerProtocolServerSideTranslatorPB.processRequest(OzoneManagerProtocolServerSideTranslatorPB.java:173) ~[ozone-manager-1.4.0-SNAPSHOT.jar:?]
	at org.apache.hadoop.hdds.server.OzoneProtocolMessageDispatcher.processRequest(OzoneProtocolMessageDispatcher.java:87) [hdds-server-framework-1.4.0-SNAPSHOT.jar:?]
	at org.apache.hadoop.ozone.protocolPB.OzoneManagerProtocolServerSideTranslatorPB.submitRequest(OzoneManagerProtocolServerSideTranslatorPB.java:147) [ozone-manager-1.4.0-SNAPSHOT.jar:?]
	at org.apache.hadoop.ozone.protocol.proto.OzoneManagerProtocolProtos$OzoneManagerService$2.callBlockingMethod(OzoneManagerProtocolProtos.java) [ozone-interface-client-1.4.0-SNAPSHOT.jar:?]
	at org.apache.hadoop.ipc.ProtobufRpcEngine$Server.processCall(ProtobufRpcEngine.java:484) [hadoop-common-3.3.5.jar:?]
	at org.apache.hadoop.ipc.ProtobufRpcEngine2$Server$ProtoBufRpcInvoker.call(ProtobufRpcEngine2.java:595) [hadoop-common-3.3.5.jar:?]
	at org.apache.hadoop.ipc.ProtobufRpcEngine2$Server$ProtoBufRpcInvoker.call(ProtobufRpcEngine2.java:573) [hadoop-common-3.3.5.jar:?]
	at org.apache.hadoop.ipc.RPC$Server.call(RPC.java:1213) [hadoop-common-3.3.5.jar:?]
	at org.apache.hadoop.ipc.Server$RpcCall.run(Server.java:1089) [hadoop-common-3.3.5.jar:?]
	at org.apache.hadoop.ipc.Server$RpcCall.run(Server.java:1012) [hadoop-common-3.3.5.jar:?]
	at java.security.AccessController.doPrivileged(Native Method) ~[?:1.8.0_362]
	at javax.security.auth.Subject.doAs(Subject.java:422) [?:1.8.0_362]
	at org.apache.hadoop.security.UserGroupInformation.doAs(UserGroupInformation.java:1899) [hadoop-common-3.3.5.jar:?]
	at org.apache.hadoop.ipc.Server$Handler.run(Server.java:3026) [hadoop-common-3.3.5.jar:?]
11:26:34.123 [IPC Server handler 5 on default port 44509] ERROR OMAudit - user=runner | ip=127.0.0.1 | op=GET_FILE_STATUS {volume=volume17585, bucket=bucket91798, key=gdir1/dir10, dataSize=0, replicationConfig=null} | ret=FAILURE
org.apache.hadoop.ozone.om.exceptions.OMException: Unable to get file status: volume: volume17585 bucket: bucket91798 key: gdir1/dir10
	at org.apache.hadoop.ozone.om.KeyManagerImpl.getOzoneFileStatus(KeyManagerImpl.java:1200) ~[ozone-manager-1.4.0-SNAPSHOT.jar:?]
	at org.apache.hadoop.ozone.om.KeyManagerImpl.getFileStatus(KeyManagerImpl.java:1118) ~[ozone-manager-1.4.0-SNAPSHOT.jar:?]
	at org.apache.hadoop.ozone.om.OmMetadataReader.getFileStatus(OmMetadataReader.java:288) ~[ozone-manager-1.4.0-SNAPSHOT.jar:?]
	at org.apache.hadoop.ozone.om.OzoneManager.getFileStatus(OzoneManager.java:3491) ~[ozone-manager-1.4.0-SNAPSHOT.jar:?]
	at org.apache.hadoop.ozone.protocolPB.OzoneManagerRequestHandler.getOzoneFileStatus(OzoneManagerRequestHandler.java:934) ~[ozone-manager-1.4.0-SNAPSHOT.jar:?]
	at org.apache.hadoop.ozone.protocolPB.OzoneManagerRequestHandler.handleReadRequest(OzoneManagerRequestHandler.java:238) ~[ozone-manager-1.4.0-SNAPSHOT.jar:?]
	at org.apache.hadoop.ozone.protocolPB.OzoneManagerProtocolServerSideTranslatorPB.submitRequestDirectlyToOM(OzoneManagerProtocolServerSideTranslatorPB.java:272) ~[ozone-manager-1.4.0-SNAPSHOT.jar:?]
	at org.apache.hadoop.ozone.protocolPB.OzoneManagerProtocolServerSideTranslatorPB.processRequest(OzoneManagerProtocolServerSideTranslatorPB.java:173) ~[ozone-manager-1.4.0-SNAPSHOT.jar:?]
	at org.apache.hadoop.hdds.server.OzoneProtocolMessageDispatcher.processRequest(OzoneProtocolMessageDispatcher.java:87) [hdds-server-framework-1.4.0-SNAPSHOT.jar:?]
	at org.apache.hadoop.ozone.protocolPB.OzoneManagerProtocolServerSideTranslatorPB.submitRequest(OzoneManagerProtocolServerSideTranslatorPB.java:147) [ozone-manager-1.4.0-SNAPSHOT.jar:?]
	at org.apache.hadoop.ozone.protocol.proto.OzoneManagerProtocolProtos$OzoneManagerService$2.callBlockingMethod(OzoneManagerProtocolProtos.java) [ozone-interface-client-1.4.0-SNAPSHOT.jar:?]
	at org.apache.hadoop.ipc.ProtobufRpcEngine$Server.processCall(ProtobufRpcEngine.java:484) [hadoop-common-3.3.5.jar:?]
	at org.apache.hadoop.ipc.ProtobufRpcEngine2$Server$ProtoBufRpcInvoker.call(ProtobufRpcEngine2.java:595) [hadoop-common-3.3.5.jar:?]
	at org.apache.hadoop.ipc.ProtobufRpcEngine2$Server$ProtoBufRpcInvoker.call(ProtobufRpcEngine2.java:573) [hadoop-common-3.3.5.jar:?]
	at org.apache.hadoop.ipc.RPC$Server.call(RPC.java:1213) [hadoop-common-3.3.5.jar:?]
	at org.apache.hadoop.ipc.Server$RpcCall.run(Server.java:1089) [hadoop-common-3.3.5.jar:?]
	at org.apache.hadoop.ipc.Server$RpcCall.run(Server.java:1012) [hadoop-common-3.3.5.jar:?]
	at java.security.AccessController.doPrivileged(Native Method) ~[?:1.8.0_362]
	at javax.security.auth.Subject.doAs(Subject.java:422) [?:1.8.0_362]
	at org.apache.hadoop.security.UserGroupInformation.doAs(UserGroupInformation.java:1899) [hadoop-common-3.3.5.jar:?]
	at org.apache.hadoop.ipc.Server$Handler.run(Server.java:3026) [hadoop-common-3.3.5.jar:?]
11:26:34.124 [IPC Server handler 10 on default port 44509] ERROR OMAudit - user=runner | ip=127.0.0.1 | op=GET_FILE_STATUS {volume=volume17585, bucket=bucket91798, key=gdir1/dir10/child, dataSize=0, replicationConfig=null} | ret=FAILURE
org.apache.hadoop.ozone.om.exceptions.OMException: Unable to get file status: volume: volume17585 bucket: bucket91798 key: gdir1/dir10/child
	at org.apache.hadoop.ozone.om.KeyManagerImpl.getOzoneFileStatus(KeyManagerImpl.java:1200) ~[ozone-manager-1.4.0-SNAPSHOT.jar:?]
	at org.apache.hadoop.ozone.om.KeyManagerImpl.getFileStatus(KeyManagerImpl.java:1118) ~[ozone-manager-1.4.0-SNAPSHOT.jar:?]
	at org.apache.hadoop.ozone.om.OmMetadataReader.getFileStatus(OmMetadataReader.java:288) ~[ozone-manager-1.4.0-SNAPSHOT.jar:?]
	at org.apache.hadoop.ozone.om.OzoneManager.getFileStatus(OzoneManager.java:3491) ~[ozone-manager-1.4.0-SNAPSHOT.jar:?]
	at org.apache.hadoop.ozone.protocolPB.OzoneManagerRequestHandler.getOzoneFileStatus(OzoneManagerRequestHandler.java:934) ~[ozone-manager-1.4.0-SNAPSHOT.jar:?]
	at org.apache.hadoop.ozone.protocolPB.OzoneManagerRequestHandler.handleReadRequest(OzoneManagerRequestHandler.java:238) ~[ozone-manager-1.4.0-SNAPSHOT.jar:?]
	at org.apache.hadoop.ozone.protocolPB.OzoneManagerProtocolServerSideTranslatorPB.submitRequestDirectlyToOM(OzoneManagerProtocolServerSideTranslatorPB.java:272) ~[ozone-manager-1.4.0-SNAPSHOT.jar:?]
	at org.apache.hadoop.ozone.protocolPB.OzoneManagerProtocolServerSideTranslatorPB.processRequest(OzoneManagerProtocolServerSideTranslatorPB.java:173) ~[ozone-manager-1.4.0-SNAPSHOT.jar:?]
	at org.apache.hadoop.hdds.server.OzoneProtocolMessageDispatcher.processRequest(OzoneProtocolMessageDispatcher.java:87) [hdds-server-framework-1.4.0-SNAPSHOT.jar:?]
	at org.apache.hadoop.ozone.protocolPB.OzoneManagerProtocolServerSideTranslatorPB.submitRequest(OzoneManagerProtocolServerSideTranslatorPB.java:147) [ozone-manager-1.4.0-SNAPSHOT.jar:?]
	at org.apache.hadoop.ozone.protocol.proto.OzoneManagerProtocolProtos$OzoneManagerService$2.callBlockingMethod(OzoneManagerProtocolProtos.java) [ozone-interface-client-1.4.0-SNAPSHOT.jar:?]
	at org.apache.hadoop.ipc.ProtobufRpcEngine$Server.processCall(ProtobufRpcEngine.java:484) [hadoop-common-3.3.5.jar:?]
	at org.apache.hadoop.ipc.ProtobufRpcEngine2$Server$ProtoBufRpcInvoker.call(ProtobufRpcEngine2.java:595) [hadoop-common-3.3.5.jar:?]
	at org.apache.hadoop.ipc.ProtobufRpcEngine2$Server$ProtoBufRpcInvoker.call(ProtobufRpcEngine2.java:573) [hadoop-common-3.3.5.jar:?]
	at org.apache.hadoop.ipc.RPC$Server.call(RPC.java:1213) [hadoop-common-3.3.5.jar:?]
	at org.apache.hadoop.ipc.Server$RpcCall.run(Server.java:1089) [hadoop-common-3.3.5.jar:?]
	at org.apache.hadoop.ipc.Server$RpcCall.run(Server.java:1012) [hadoop-common-3.3.5.jar:?]
	at java.security.AccessController.doPrivileged(Native Method) ~[?:1.8.0_362]
	at javax.security.auth.Subject.doAs(Subject.java:422) [?:1.8.0_362]
	at org.apache.hadoop.security.UserGroupInformation.doAs(UserGroupInformation.java:1899) [hadoop-common-3.3.5.jar:?]
	at org.apache.hadoop.ipc.Server$Handler.run(Server.java:3026) [hadoop-common-3.3.5.jar:?]
2023-04-11 11:26:34,128 [IPC Server handler 19 on default port 44509] INFO  key.OMKeyRequest (OMKeyRequest.java:wrapUncommittedBlocksAsPseudoKey(838)) - Detect allocated but uncommitted blocks [{blockID={containerID=3, localID=111677748019200024}, length=4194304, offset=0, token=null, pipeline=null, createVersion=0, partNumber=0}] in key level0/level1/file1.
2023-04-11 11:26:34,131 [IPC Server handler 3 on default port 44509] INFO  key.OMKeyRequest (OMKeyRequest.java:wrapUncommittedBlocksAsPseudoKey(838)) - Detect allocated but uncommitted blocks [{blockID={containerID=4, localID=111677748019200025}, length=4194304, offset=0, token=null, pipeline=null, createVersion=0, partNumber=0}] in key level0/level1/level1/file1.
2023-04-11 11:26:34,136 [IPC Server handler 8 on default port 44509] INFO  key.OMKeyRequest (OMKeyRequest.java:wrapUncommittedBlocksAsPseudoKey(838)) - Detect allocated but uncommitted blocks [{blockID={containerID=2, localID=111677748019200026}, length=4194304, offset=0, token=null, pipeline=null, createVersion=0, partNumber=0}] in key level0/level2/file1.
2023-04-11 11:26:34,139 [IPC Server handler 11 on default port 44509] INFO  key.OMKeyRequest (OMKeyRequest.java:wrapUncommittedBlocksAsPseudoKey(838)) - Detect allocated but uncommitted blocks [{blockID={containerID=3, localID=111677748019200027}, length=4194304, offset=0, token=null, pipeline=null, createVersion=0, partNumber=0}] in key level0/level2/level2/file1.
2023-04-11 11:26:34,142 [IPC Server handler 13 on default port 44509] INFO  key.OMKeyRequest (OMKeyRequest.java:wrapUncommittedBlocksAsPseudoKey(838)) - Detect allocated but uncommitted blocks [{blockID={containerID=4, localID=111677748019200028}, length=4194304, offset=0, token=null, pipeline=null, createVersion=0, partNumber=0}] in key level0/level3/file1.
2023-04-11 11:26:34,144 [IPC Server handler 18 on default port 44509] INFO  key.OMKeyRequest (OMKeyRequest.java:wrapUncommittedBlocksAsPseudoKey(838)) - Detect allocated but uncommitted blocks [{blockID={containerID=3, localID=111677748019200029}, length=4194304, offset=0, token=null, pipeline=null, createVersion=0, partNumber=0}] in key level0/level3/level3/file1.
11:26:34.160 [IPC Server handler 0 on default port 44509] ERROR OMAudit - user=runner | ip=127.0.0.1 | op=GET_FILE_STATUS {volume=volume17585, bucket=bucket91798, key=level0, dataSize=0, replicationConfig=null} | ret=FAILURE
org.apache.hadoop.ozone.om.exceptions.OMException: Unable to get file status: volume: volume17585 bucket: bucket91798 key: level0
	at org.apache.hadoop.ozone.om.KeyManagerImpl.getOzoneFileStatus(KeyManagerImpl.java:1200) ~[ozone-manager-1.4.0-SNAPSHOT.jar:?]
	at org.apache.hadoop.ozone.om.KeyManagerImpl.getFileStatus(KeyManagerImpl.java:1118) ~[ozone-manager-1.4.0-SNAPSHOT.jar:?]
	at org.apache.hadoop.ozone.om.OmMetadataReader.getFileStatus(OmMetadataReader.java:288) ~[ozone-manager-1.4.0-SNAPSHOT.jar:?]
	at org.apache.hadoop.ozone.om.OzoneManager.getFileStatus(OzoneManager.java:3491) ~[ozone-manager-1.4.0-SNAPSHOT.jar:?]
	at org.apache.hadoop.ozone.protocolPB.OzoneManagerRequestHandler.getOzoneFileStatus(OzoneManagerRequestHandler.java:934) ~[ozone-manager-1.4.0-SNAPSHOT.jar:?]
	at org.apache.hadoop.ozone.protocolPB.OzoneManagerRequestHandler.handleReadRequest(OzoneManagerRequestHandler.java:238) ~[ozone-manager-1.4.0-SNAPSHOT.jar:?]
	at org.apache.hadoop.ozone.protocolPB.OzoneManagerProtocolServerSideTranslatorPB.submitRequestDirectlyToOM(OzoneManagerProtocolServerSideTranslatorPB.java:272) ~[ozone-manager-1.4.0-SNAPSHOT.jar:?]
	at org.apache.hadoop.ozone.protocolPB.OzoneManagerProtocolServerSideTranslatorPB.processRequest(OzoneManagerProtocolServerSideTranslatorPB.java:173) ~[ozone-manager-1.4.0-SNAPSHOT.jar:?]
	at org.apache.hadoop.hdds.server.OzoneProtocolMessageDispatcher.processRequest(OzoneProtocolMessageDispatcher.java:87) [hdds-server-framework-1.4.0-SNAPSHOT.jar:?]
	at org.apache.hadoop.ozone.protocolPB.OzoneManagerProtocolServerSideTranslatorPB.submitRequest(OzoneManagerProtocolServerSideTranslatorPB.java:147) [ozone-manager-1.4.0-SNAPSHOT.jar:?]
	at org.apache.hadoop.ozone.protocol.proto.OzoneManagerProtocolProtos$OzoneManagerService$2.callBlockingMethod(OzoneManagerProtocolProtos.java) [ozone-interface-client-1.4.0-SNAPSHOT.jar:?]
	at org.apache.hadoop.ipc.ProtobufRpcEngine$Server.processCall(ProtobufRpcEngine.java:484) [hadoop-common-3.3.5.jar:?]
	at org.apache.hadoop.ipc.ProtobufRpcEngine2$Server$ProtoBufRpcInvoker.call(ProtobufRpcEngine2.java:595) [hadoop-common-3.3.5.jar:?]
	at org.apache.hadoop.ipc.ProtobufRpcEngine2$Server$ProtoBufRpcInvoker.call(ProtobufRpcEngine2.java:573) [hadoop-common-3.3.5.jar:?]
	at org.apache.hadoop.ipc.RPC$Server.call(RPC.java:1213) [hadoop-common-3.3.5.jar:?]
	at org.apache.hadoop.ipc.Server$RpcCall.run(Server.java:1089) [hadoop-common-3.3.5.jar:?]
	at org.apache.hadoop.ipc.Server$RpcCall.run(Server.java:1012) [hadoop-common-3.3.5.jar:?]
	at java.security.AccessController.doPrivileged(Native Method) ~[?:1.8.0_362]
	at javax.security.auth.Subject.doAs(Subject.java:422) [?:1.8.0_362]
	at org.apache.hadoop.security.UserGroupInformation.doAs(UserGroupInformation.java:1899) [hadoop-common-3.3.5.jar:?]
	at org.apache.hadoop.ipc.Server$Handler.run(Server.java:3026) [hadoop-common-3.3.5.jar:?]
11:26:34.161 [IPC Server handler 6 on default port 44509] ERROR OMAudit - user=runner | ip=127.0.0.1 | op=GET_FILE_STATUS {volume=volume17585, bucket=bucket91798, key=level0/level1, dataSize=0, replicationConfig=null} | ret=FAILURE
org.apache.hadoop.ozone.om.exceptions.OMException: Unable to get file status: volume: volume17585 bucket: bucket91798 key: level0/level1
	at org.apache.hadoop.ozone.om.KeyManagerImpl.getOzoneFileStatus(KeyManagerImpl.java:1200) ~[ozone-manager-1.4.0-SNAPSHOT.jar:?]
	at org.apache.hadoop.ozone.om.KeyManagerImpl.getFileStatus(KeyManagerImpl.java:1118) ~[ozone-manager-1.4.0-SNAPSHOT.jar:?]
	at org.apache.hadoop.ozone.om.OmMetadataReader.getFileStatus(OmMetadataReader.java:288) ~[ozone-manager-1.4.0-SNAPSHOT.jar:?]
	at org.apache.hadoop.ozone.om.OzoneManager.getFileStatus(OzoneManager.java:3491) ~[ozone-manager-1.4.0-SNAPSHOT.jar:?]
	at org.apache.hadoop.ozone.protocolPB.OzoneManagerRequestHandler.getOzoneFileStatus(OzoneManagerRequestHandler.java:934) ~[ozone-manager-1.4.0-SNAPSHOT.jar:?]
	at org.apache.hadoop.ozone.protocolPB.OzoneManagerRequestHandler.handleReadRequest(OzoneManagerRequestHandler.java:238) ~[ozone-manager-1.4.0-SNAPSHOT.jar:?]
	at org.apache.hadoop.ozone.protocolPB.OzoneManagerProtocolServerSideTranslatorPB.submitRequestDirectlyToOM(OzoneManagerProtocolServerSideTranslatorPB.java:272) ~[ozone-manager-1.4.0-SNAPSHOT.jar:?]
	at org.apache.hadoop.ozone.protocolPB.OzoneManagerProtocolServerSideTranslatorPB.processRequest(OzoneManagerProtocolServerSideTranslatorPB.java:173) ~[ozone-manager-1.4.0-SNAPSHOT.jar:?]
	at org.apache.hadoop.hdds.server.OzoneProtocolMessageDispatcher.processRequest(OzoneProtocolMessageDispatcher.java:87) [hdds-server-framework-1.4.0-SNAPSHOT.jar:?]
	at org.apache.hadoop.ozone.protocolPB.OzoneManagerProtocolServerSideTranslatorPB.submitRequest(OzoneManagerProtocolServerSideTranslatorPB.java:147) [ozone-manager-1.4.0-SNAPSHOT.jar:?]
	at org.apache.hadoop.ozone.protocol.proto.OzoneManagerProtocolProtos$OzoneManagerService$2.callBlockingMethod(OzoneManagerProtocolProtos.java) [ozone-interface-client-1.4.0-SNAPSHOT.jar:?]
	at org.apache.hadoop.ipc.ProtobufRpcEngine$Server.processCall(ProtobufRpcEngine.java:484) [hadoop-common-3.3.5.jar:?]
	at org.apache.hadoop.ipc.ProtobufRpcEngine2$Server$ProtoBufRpcInvoker.call(ProtobufRpcEngine2.java:595) [hadoop-common-3.3.5.jar:?]
	at org.apache.hadoop.ipc.ProtobufRpcEngine2$Server$ProtoBufRpcInvoker.call(ProtobufRpcEngine2.java:573) [hadoop-common-3.3.5.jar:?]
	at org.apache.hadoop.ipc.RPC$Server.call(RPC.java:1213) [hadoop-common-3.3.5.jar:?]
	at org.apache.hadoop.ipc.Server$RpcCall.run(Server.java:1089) [hadoop-common-3.3.5.jar:?]
	at org.apache.hadoop.ipc.Server$RpcCall.run(Server.java:1012) [hadoop-common-3.3.5.jar:?]
	at java.security.AccessController.doPrivileged(Native Method) ~[?:1.8.0_362]
	at javax.security.auth.Subject.doAs(Subject.java:422) [?:1.8.0_362]
	at org.apache.hadoop.security.UserGroupInformation.doAs(UserGroupInformation.java:1899) [hadoop-common-3.3.5.jar:?]
	at org.apache.hadoop.ipc.Server$Handler.run(Server.java:3026) [hadoop-common-3.3.5.jar:?]
11:26:34.162 [IPC Server handler 1 on default port 44509] ERROR OMAudit - user=runner | ip=127.0.0.1 | op=GET_FILE_STATUS {volume=volume17585, bucket=bucket91798, key=level0/level1/level1, dataSize=0, replicationConfig=null} | ret=FAILURE
org.apache.hadoop.ozone.om.exceptions.OMException: Unable to get file status: volume: volume17585 bucket: bucket91798 key: level0/level1/level1
	at org.apache.hadoop.ozone.om.KeyManagerImpl.getOzoneFileStatus(KeyManagerImpl.java:1200) ~[ozone-manager-1.4.0-SNAPSHOT.jar:?]
	at org.apache.hadoop.ozone.om.KeyManagerImpl.getFileStatus(KeyManagerImpl.java:1118) ~[ozone-manager-1.4.0-SNAPSHOT.jar:?]
	at org.apache.hadoop.ozone.om.OmMetadataReader.getFileStatus(OmMetadataReader.java:288) ~[ozone-manager-1.4.0-SNAPSHOT.jar:?]
	at org.apache.hadoop.ozone.om.OzoneManager.getFileStatus(OzoneManager.java:3491) ~[ozone-manager-1.4.0-SNAPSHOT.jar:?]
	at org.apache.hadoop.ozone.protocolPB.OzoneManagerRequestHandler.getOzoneFileStatus(OzoneManagerRequestHandler.java:934) ~[ozone-manager-1.4.0-SNAPSHOT.jar:?]
	at org.apache.hadoop.ozone.protocolPB.OzoneManagerRequestHandler.handleReadRequest(OzoneManagerRequestHandler.java:238) ~[ozone-manager-1.4.0-SNAPSHOT.jar:?]
	at org.apache.hadoop.ozone.protocolPB.OzoneManagerProtocolServerSideTranslatorPB.submitRequestDirectlyToOM(OzoneManagerProtocolServerSideTranslatorPB.java:272) ~[ozone-manager-1.4.0-SNAPSHOT.jar:?]
	at org.apache.hadoop.ozone.protocolPB.OzoneManagerProtocolServerSideTranslatorPB.processRequest(OzoneManagerProtocolServerSideTranslatorPB.java:173) ~[ozone-manager-1.4.0-SNAPSHOT.jar:?]
	at org.apache.hadoop.hdds.server.OzoneProtocolMessageDispatcher.processRequest(OzoneProtocolMessageDispatcher.java:87) [hdds-server-framework-1.4.0-SNAPSHOT.jar:?]
	at org.apache.hadoop.ozone.protocolPB.OzoneManagerProtocolServerSideTranslatorPB.submitRequest(OzoneManagerProtocolServerSideTranslatorPB.java:147) [ozone-manager-1.4.0-SNAPSHOT.jar:?]
	at org.apache.hadoop.ozone.protocol.proto.OzoneManagerProtocolProtos$OzoneManagerService$2.callBlockingMethod(OzoneManagerProtocolProtos.java) [ozone-interface-client-1.4.0-SNAPSHOT.jar:?]
	at org.apache.hadoop.ipc.ProtobufRpcEngine$Server.processCall(ProtobufRpcEngine.java:484) [hadoop-common-3.3.5.jar:?]
	at org.apache.hadoop.ipc.ProtobufRpcEngine2$Server$ProtoBufRpcInvoker.call(ProtobufRpcEngine2.java:595) [hadoop-common-3.3.5.jar:?]
	at org.apache.hadoop.ipc.ProtobufRpcEngine2$Server$ProtoBufRpcInvoker.call(ProtobufRpcEngine2.java:573) [hadoop-common-3.3.5.jar:?]
	at org.apache.hadoop.ipc.RPC$Server.call(RPC.java:1213) [hadoop-common-3.3.5.jar:?]
	at org.apache.hadoop.ipc.Server$RpcCall.run(Server.java:1089) [hadoop-common-3.3.5.jar:?]
	at org.apache.hadoop.ipc.Server$RpcCall.run(Server.java:1012) [hadoop-common-3.3.5.jar:?]
	at java.security.AccessController.doPrivileged(Native Method) ~[?:1.8.0_362]
	at javax.security.auth.Subject.doAs(Subject.java:422) [?:1.8.0_362]
	at org.apache.hadoop.security.UserGroupInformation.doAs(UserGroupInformation.java:1899) [hadoop-common-3.3.5.jar:?]
	at org.apache.hadoop.ipc.Server$Handler.run(Server.java:3026) [hadoop-common-3.3.5.jar:?]
11:26:34.162 [IPC Server handler 4 on default port 44509] ERROR OMAudit - user=runner | ip=127.0.0.1 | op=GET_FILE_STATUS {volume=volume17585, bucket=bucket91798, key=level0/level1/file1, dataSize=0, replicationConfig=null} | ret=FAILURE
org.apache.hadoop.ozone.om.exceptions.OMException: Unable to get file status: volume: volume17585 bucket: bucket91798 key: level0/level1/file1
	at org.apache.hadoop.ozone.om.KeyManagerImpl.getOzoneFileStatus(KeyManagerImpl.java:1200) ~[ozone-manager-1.4.0-SNAPSHOT.jar:?]
	at org.apache.hadoop.ozone.om.KeyManagerImpl.getFileStatus(KeyManagerImpl.java:1118) ~[ozone-manager-1.4.0-SNAPSHOT.jar:?]
	at org.apache.hadoop.ozone.om.OmMetadataReader.getFileStatus(OmMetadataReader.java:288) ~[ozone-manager-1.4.0-SNAPSHOT.jar:?]
	at org.apache.hadoop.ozone.om.OzoneManager.getFileStatus(OzoneManager.java:3491) ~[ozone-manager-1.4.0-SNAPSHOT.jar:?]
	at org.apache.hadoop.ozone.protocolPB.OzoneManagerRequestHandler.getOzoneFileStatus(OzoneManagerRequestHandler.java:934) ~[ozone-manager-1.4.0-SNAPSHOT.jar:?]
	at org.apache.hadoop.ozone.protocolPB.OzoneManagerRequestHandler.handleReadRequest(OzoneManagerRequestHandler.java:238) ~[ozone-manager-1.4.0-SNAPSHOT.jar:?]
	at org.apache.hadoop.ozone.protocolPB.OzoneManagerProtocolServerSideTranslatorPB.submitRequestDirectlyToOM(OzoneManagerProtocolServerSideTranslatorPB.java:272) ~[ozone-manager-1.4.0-SNAPSHOT.jar:?]
	at org.apache.hadoop.ozone.protocolPB.OzoneManagerProtocolServerSideTranslatorPB.processRequest(OzoneManagerProtocolServerSideTranslatorPB.java:173) ~[ozone-manager-1.4.0-SNAPSHOT.jar:?]
	at org.apache.hadoop.hdds.server.OzoneProtocolMessageDispatcher.processRequest(OzoneProtocolMessageDispatcher.java:87) [hdds-server-framework-1.4.0-SNAPSHOT.jar:?]
	at org.apache.hadoop.ozone.protocolPB.OzoneManagerProtocolServerSideTranslatorPB.submitRequest(OzoneManagerProtocolServerSideTranslatorPB.java:147) [ozone-manager-1.4.0-SNAPSHOT.jar:?]
	at org.apache.hadoop.ozone.protocol.proto.OzoneManagerProtocolProtos$OzoneManagerService$2.callBlockingMethod(OzoneManagerProtocolProtos.java) [ozone-interface-client-1.4.0-SNAPSHOT.jar:?]
	at org.apache.hadoop.ipc.ProtobufRpcEngine$Server.processCall(ProtobufRpcEngine.java:484) [hadoop-common-3.3.5.jar:?]
	at org.apache.hadoop.ipc.ProtobufRpcEngine2$Server$ProtoBufRpcInvoker.call(ProtobufRpcEngine2.java:595) [hadoop-common-3.3.5.jar:?]
	at org.apache.hadoop.ipc.ProtobufRpcEngine2$Server$ProtoBufRpcInvoker.call(ProtobufRpcEngine2.java:573) [hadoop-common-3.3.5.jar:?]
	at org.apache.hadoop.ipc.RPC$Server.call(RPC.java:1213) [hadoop-common-3.3.5.jar:?]
	at org.apache.hadoop.ipc.Server$RpcCall.run(Server.java:1089) [hadoop-common-3.3.5.jar:?]
	at org.apache.hadoop.ipc.Server$RpcCall.run(Server.java:1012) [hadoop-common-3.3.5.jar:?]
	at java.security.AccessController.doPrivileged(Native Method) ~[?:1.8.0_362]
	at javax.security.auth.Subject.doAs(Subject.java:422) [?:1.8.0_362]
	at org.apache.hadoop.security.UserGroupInformation.doAs(UserGroupInformation.java:1899) [hadoop-common-3.3.5.jar:?]
	at org.apache.hadoop.ipc.Server$Handler.run(Server.java:3026) [hadoop-common-3.3.5.jar:?]
11:26:34.163 [IPC Server handler 2 on default port 44509] ERROR OMAudit - user=runner | ip=127.0.0.1 | op=GET_FILE_STATUS {volume=volume17585, bucket=bucket91798, key=level0/level1/level1/file1, dataSize=0, replicationConfig=null} | ret=FAILURE
org.apache.hadoop.ozone.om.exceptions.OMException: Unable to get file status: volume: volume17585 bucket: bucket91798 key: level0/level1/level1/file1
	at org.apache.hadoop.ozone.om.KeyManagerImpl.getOzoneFileStatus(KeyManagerImpl.java:1200) ~[ozone-manager-1.4.0-SNAPSHOT.jar:?]
	at org.apache.hadoop.ozone.om.KeyManagerImpl.getFileStatus(KeyManagerImpl.java:1118) ~[ozone-manager-1.4.0-SNAPSHOT.jar:?]
	at org.apache.hadoop.ozone.om.OmMetadataReader.getFileStatus(OmMetadataReader.java:288) ~[ozone-manager-1.4.0-SNAPSHOT.jar:?]
	at org.apache.hadoop.ozone.om.OzoneManager.getFileStatus(OzoneManager.java:3491) ~[ozone-manager-1.4.0-SNAPSHOT.jar:?]
	at org.apache.hadoop.ozone.protocolPB.OzoneManagerRequestHandler.getOzoneFileStatus(OzoneManagerRequestHandler.java:934) ~[ozone-manager-1.4.0-SNAPSHOT.jar:?]
	at org.apache.hadoop.ozone.protocolPB.OzoneManagerRequestHandler.handleReadRequest(OzoneManagerRequestHandler.java:238) ~[ozone-manager-1.4.0-SNAPSHOT.jar:?]
	at org.apache.hadoop.ozone.protocolPB.OzoneManagerProtocolServerSideTranslatorPB.submitRequestDirectlyToOM(OzoneManagerProtocolServerSideTranslatorPB.java:272) ~[ozone-manager-1.4.0-SNAPSHOT.jar:?]
	at org.apache.hadoop.ozone.protocolPB.OzoneManagerProtocolServerSideTranslatorPB.processRequest(OzoneManagerProtocolServerSideTranslatorPB.java:173) ~[ozone-manager-1.4.0-SNAPSHOT.jar:?]
	at org.apache.hadoop.hdds.server.OzoneProtocolMessageDispatcher.processRequest(OzoneProtocolMessageDispatcher.java:87) [hdds-server-framework-1.4.0-SNAPSHOT.jar:?]
	at org.apache.hadoop.ozone.protocolPB.OzoneManagerProtocolServerSideTranslatorPB.submitRequest(OzoneManagerProtocolServerSideTranslatorPB.java:147) [ozone-manager-1.4.0-SNAPSHOT.jar:?]
	at org.apache.hadoop.ozone.protocol.proto.OzoneManagerProtocolProtos$OzoneManagerService$2.callBlockingMethod(OzoneManagerProtocolProtos.java) [ozone-interface-client-1.4.0-SNAPSHOT.jar:?]
	at org.apache.hadoop.ipc.ProtobufRpcEngine$Server.processCall(ProtobufRpcEngine.java:484) [hadoop-common-3.3.5.jar:?]
	at org.apache.hadoop.ipc.ProtobufRpcEngine2$Server$ProtoBufRpcInvoker.call(ProtobufRpcEngine2.java:595) [hadoop-common-3.3.5.jar:?]
	at org.apache.hadoop.ipc.ProtobufRpcEngine2$Server$ProtoBufRpcInvoker.call(ProtobufRpcEngine2.java:573) [hadoop-common-3.3.5.jar:?]
	at org.apache.hadoop.ipc.RPC$Server.call(RPC.java:1213) [hadoop-common-3.3.5.jar:?]
	at org.apache.hadoop.ipc.Server$RpcCall.run(Server.java:1089) [hadoop-common-3.3.5.jar:?]
	at org.apache.hadoop.ipc.Server$RpcCall.run(Server.java:1012) [hadoop-common-3.3.5.jar:?]
	at java.security.AccessController.doPrivileged(Native Method) ~[?:1.8.0_362]
	at javax.security.auth.Subject.doAs(Subject.java:422) [?:1.8.0_362]
	at org.apache.hadoop.security.UserGroupInformation.doAs(UserGroupInformation.java:1899) [hadoop-common-3.3.5.jar:?]
	at org.apache.hadoop.ipc.Server$Handler.run(Server.java:3026) [hadoop-common-3.3.5.jar:?]
11:26:34.164 [IPC Server handler 5 on default port 44509] ERROR OMAudit - user=runner | ip=127.0.0.1 | op=GET_FILE_STATUS {volume=volume17585, bucket=bucket91798, key=level0/level2, dataSize=0, replicationConfig=null} | ret=FAILURE
org.apache.hadoop.ozone.om.exceptions.OMException: Unable to get file status: volume: volume17585 bucket: bucket91798 key: level0/level2
	at org.apache.hadoop.ozone.om.KeyManagerImpl.getOzoneFileStatus(KeyManagerImpl.java:1200) ~[ozone-manager-1.4.0-SNAPSHOT.jar:?]
	at org.apache.hadoop.ozone.om.KeyManagerImpl.getFileStatus(KeyManagerImpl.java:1118) ~[ozone-manager-1.4.0-SNAPSHOT.jar:?]
	at org.apache.hadoop.ozone.om.OmMetadataReader.getFileStatus(OmMetadataReader.java:288) ~[ozone-manager-1.4.0-SNAPSHOT.jar:?]
	at org.apache.hadoop.ozone.om.OzoneManager.getFileStatus(OzoneManager.java:3491) ~[ozone-manager-1.4.0-SNAPSHOT.jar:?]
	at org.apache.hadoop.ozone.protocolPB.OzoneManagerRequestHandler.getOzoneFileStatus(OzoneManagerRequestHandler.java:934) ~[ozone-manager-1.4.0-SNAPSHOT.jar:?]
	at org.apache.hadoop.ozone.protocolPB.OzoneManagerRequestHandler.handleReadRequest(OzoneManagerRequestHandler.java:238) ~[ozone-manager-1.4.0-SNAPSHOT.jar:?]
	at org.apache.hadoop.ozone.protocolPB.OzoneManagerProtocolServerSideTranslatorPB.submitRequestDirectlyToOM(OzoneManagerProtocolServerSideTranslatorPB.java:272) ~[ozone-manager-1.4.0-SNAPSHOT.jar:?]
	at org.apache.hadoop.ozone.protocolPB.OzoneManagerProtocolServerSideTranslatorPB.processRequest(OzoneManagerProtocolServerSideTranslatorPB.java:173) ~[ozone-manager-1.4.0-SNAPSHOT.jar:?]
	at org.apache.hadoop.hdds.server.OzoneProtocolMessageDispatcher.processRequest(OzoneProtocolMessageDispatcher.java:87) [hdds-server-framework-1.4.0-SNAPSHOT.jar:?]
	at org.apache.hadoop.ozone.protocolPB.OzoneManagerProtocolServerSideTranslatorPB.submitRequest(OzoneManagerProtocolServerSideTranslatorPB.java:147) [ozone-manager-1.4.0-SNAPSHOT.jar:?]
	at org.apache.hadoop.ozone.protocol.proto.OzoneManagerProtocolProtos$OzoneManagerService$2.callBlockingMethod(OzoneManagerProtocolProtos.java) [ozone-interface-client-1.4.0-SNAPSHOT.jar:?]
	at org.apache.hadoop.ipc.ProtobufRpcEngine$Server.processCall(ProtobufRpcEngine.java:484) [hadoop-common-3.3.5.jar:?]
	at org.apache.hadoop.ipc.ProtobufRpcEngine2$Server$ProtoBufRpcInvoker.call(ProtobufRpcEngine2.java:595) [hadoop-common-3.3.5.jar:?]
	at org.apache.hadoop.ipc.ProtobufRpcEngine2$Server$ProtoBufRpcInvoker.call(ProtobufRpcEngine2.java:573) [hadoop-common-3.3.5.jar:?]
	at org.apache.hadoop.ipc.RPC$Server.call(RPC.java:1213) [hadoop-common-3.3.5.jar:?]
	at org.apache.hadoop.ipc.Server$RpcCall.run(Server.java:1089) [hadoop-common-3.3.5.jar:?]
	at org.apache.hadoop.ipc.Server$RpcCall.run(Server.java:1012) [hadoop-common-3.3.5.jar:?]
	at java.security.AccessController.doPrivileged(Native Method) ~[?:1.8.0_362]
	at javax.security.auth.Subject.doAs(Subject.java:422) [?:1.8.0_362]
	at org.apache.hadoop.security.UserGroupInformation.doAs(UserGroupInformation.java:1899) [hadoop-common-3.3.5.jar:?]
	at org.apache.hadoop.ipc.Server$Handler.run(Server.java:3026) [hadoop-common-3.3.5.jar:?]
11:26:34.164 [IPC Server handler 10 on default port 44509] ERROR OMAudit - user=runner | ip=127.0.0.1 | op=GET_FILE_STATUS {volume=volume17585, bucket=bucket91798, key=level0/level2/level2, dataSize=0, replicationConfig=null} | ret=FAILURE
org.apache.hadoop.ozone.om.exceptions.OMException: Unable to get file status: volume: volume17585 bucket: bucket91798 key: level0/level2/level2
	at org.apache.hadoop.ozone.om.KeyManagerImpl.getOzoneFileStatus(KeyManagerImpl.java:1200) ~[ozone-manager-1.4.0-SNAPSHOT.jar:?]
	at org.apache.hadoop.ozone.om.KeyManagerImpl.getFileStatus(KeyManagerImpl.java:1118) ~[ozone-manager-1.4.0-SNAPSHOT.jar:?]
	at org.apache.hadoop.ozone.om.OmMetadataReader.getFileStatus(OmMetadataReader.java:288) ~[ozone-manager-1.4.0-SNAPSHOT.jar:?]
	at org.apache.hadoop.ozone.om.OzoneManager.getFileStatus(OzoneManager.java:3491) ~[ozone-manager-1.4.0-SNAPSHOT.jar:?]
	at org.apache.hadoop.ozone.protocolPB.OzoneManagerRequestHandler.getOzoneFileStatus(OzoneManagerRequestHandler.java:934) ~[ozone-manager-1.4.0-SNAPSHOT.jar:?]
	at org.apache.hadoop.ozone.protocolPB.OzoneManagerRequestHandler.handleReadRequest(OzoneManagerRequestHandler.java:238) ~[ozone-manager-1.4.0-SNAPSHOT.jar:?]
	at org.apache.hadoop.ozone.protocolPB.OzoneManagerProtocolServerSideTranslatorPB.submitRequestDirectlyToOM(OzoneManagerProtocolServerSideTranslatorPB.java:272) ~[ozone-manager-1.4.0-SNAPSHOT.jar:?]
	at org.apache.hadoop.ozone.protocolPB.OzoneManagerProtocolServerSideTranslatorPB.processRequest(OzoneManagerProtocolServerSideTranslatorPB.java:173) ~[ozone-manager-1.4.0-SNAPSHOT.jar:?]
	at org.apache.hadoop.hdds.server.OzoneProtocolMessageDispatcher.processRequest(OzoneProtocolMessageDispatcher.java:87) [hdds-server-framework-1.4.0-SNAPSHOT.jar:?]
	at org.apache.hadoop.ozone.protocolPB.OzoneManagerProtocolServerSideTranslatorPB.submitRequest(OzoneManagerProtocolServerSideTranslatorPB.java:147) [ozone-manager-1.4.0-SNAPSHOT.jar:?]
	at org.apache.hadoop.ozone.protocol.proto.OzoneManagerProtocolProtos$OzoneManagerService$2.callBlockingMethod(OzoneManagerProtocolProtos.java) [ozone-interface-client-1.4.0-SNAPSHOT.jar:?]
	at org.apache.hadoop.ipc.ProtobufRpcEngine$Server.processCall(ProtobufRpcEngine.java:484) [hadoop-common-3.3.5.jar:?]
	at org.apache.hadoop.ipc.ProtobufRpcEngine2$Server$ProtoBufRpcInvoker.call(ProtobufRpcEngine2.java:595) [hadoop-common-3.3.5.jar:?]
	at org.apache.hadoop.ipc.ProtobufRpcEngine2$Server$ProtoBufRpcInvoker.call(ProtobufRpcEngine2.java:573) [hadoop-common-3.3.5.jar:?]
	at org.apache.hadoop.ipc.RPC$Server.call(RPC.java:1213) [hadoop-common-3.3.5.jar:?]
	at org.apache.hadoop.ipc.Server$RpcCall.run(Server.java:1089) [hadoop-common-3.3.5.jar:?]
	at org.apache.hadoop.ipc.Server$RpcCall.run(Server.java:1012) [hadoop-common-3.3.5.jar:?]
	at java.security.AccessController.doPrivileged(Native Method) ~[?:1.8.0_362]
	at javax.security.auth.Subject.doAs(Subject.java:422) [?:1.8.0_362]
	at org.apache.hadoop.security.UserGroupInformation.doAs(UserGroupInformation.java:1899) [hadoop-common-3.3.5.jar:?]
	at org.apache.hadoop.ipc.Server$Handler.run(Server.java:3026) [hadoop-common-3.3.5.jar:?]
11:26:34.165 [IPC Server handler 14 on default port 44509] ERROR OMAudit - user=runner | ip=127.0.0.1 | op=GET_FILE_STATUS {volume=volume17585, bucket=bucket91798, key=level0/level2/file1, dataSize=0, replicationConfig=null} | ret=FAILURE
org.apache.hadoop.ozone.om.exceptions.OMException: Unable to get file status: volume: volume17585 bucket: bucket91798 key: level0/level2/file1
	at org.apache.hadoop.ozone.om.KeyManagerImpl.getOzoneFileStatus(KeyManagerImpl.java:1200) ~[ozone-manager-1.4.0-SNAPSHOT.jar:?]
	at org.apache.hadoop.ozone.om.KeyManagerImpl.getFileStatus(KeyManagerImpl.java:1118) ~[ozone-manager-1.4.0-SNAPSHOT.jar:?]
	at org.apache.hadoop.ozone.om.OmMetadataReader.getFileStatus(OmMetadataReader.java:288) ~[ozone-manager-1.4.0-SNAPSHOT.jar:?]
	at org.apache.hadoop.ozone.om.OzoneManager.getFileStatus(OzoneManager.java:3491) ~[ozone-manager-1.4.0-SNAPSHOT.jar:?]
	at org.apache.hadoop.ozone.protocolPB.OzoneManagerRequestHandler.getOzoneFileStatus(OzoneManagerRequestHandler.java:934) ~[ozone-manager-1.4.0-SNAPSHOT.jar:?]
	at org.apache.hadoop.ozone.protocolPB.OzoneManagerRequestHandler.handleReadRequest(OzoneManagerRequestHandler.java:238) ~[ozone-manager-1.4.0-SNAPSHOT.jar:?]
	at org.apache.hadoop.ozone.protocolPB.OzoneManagerProtocolServerSideTranslatorPB.submitRequestDirectlyToOM(OzoneManagerProtocolServerSideTranslatorPB.java:272) ~[ozone-manager-1.4.0-SNAPSHOT.jar:?]
	at org.apache.hadoop.ozone.protocolPB.OzoneManagerProtocolServerSideTranslatorPB.processRequest(OzoneManagerProtocolServerSideTranslatorPB.java:173) ~[ozone-manager-1.4.0-SNAPSHOT.jar:?]
	at org.apache.hadoop.hdds.server.OzoneProtocolMessageDispatcher.processRequest(OzoneProtocolMessageDispatcher.java:87) [hdds-server-framework-1.4.0-SNAPSHOT.jar:?]
	at org.apache.hadoop.ozone.protocolPB.OzoneManagerProtocolServerSideTranslatorPB.submitRequest(OzoneManagerProtocolServerSideTranslatorPB.java:147) [ozone-manager-1.4.0-SNAPSHOT.jar:?]
	at org.apache.hadoop.ozone.protocol.proto.OzoneManagerProtocolProtos$OzoneManagerService$2.callBlockingMethod(OzoneManagerProtocolProtos.java) [ozone-interface-client-1.4.0-SNAPSHOT.jar:?]
	at org.apache.hadoop.ipc.ProtobufRpcEngine$Server.processCall(ProtobufRpcEngine.java:484) [hadoop-common-3.3.5.jar:?]
	at org.apache.hadoop.ipc.ProtobufRpcEngine2$Server$ProtoBufRpcInvoker.call(ProtobufRpcEngine2.java:595) [hadoop-common-3.3.5.jar:?]
	at org.apache.hadoop.ipc.ProtobufRpcEngine2$Server$ProtoBufRpcInvoker.call(ProtobufRpcEngine2.java:573) [hadoop-common-3.3.5.jar:?]
	at org.apache.hadoop.ipc.RPC$Server.call(RPC.java:1213) [hadoop-common-3.3.5.jar:?]
	at org.apache.hadoop.ipc.Server$RpcCall.run(Server.java:1089) [hadoop-common-3.3.5.jar:?]
	at org.apache.hadoop.ipc.Server$RpcCall.run(Server.java:1012) [hadoop-common-3.3.5.jar:?]
	at java.security.AccessController.doPrivileged(Native Method) ~[?:1.8.0_362]
	at javax.security.auth.Subject.doAs(Subject.java:422) [?:1.8.0_362]
	at org.apache.hadoop.security.UserGroupInformation.doAs(UserGroupInformation.java:1899) [hadoop-common-3.3.5.jar:?]
	at org.apache.hadoop.ipc.Server$Handler.run(Server.java:3026) [hadoop-common-3.3.5.jar:?]
11:26:34.166 [IPC Server handler 19 on default port 44509] ERROR OMAudit - user=runner | ip=127.0.0.1 | op=GET_FILE_STATUS {volume=volume17585, bucket=bucket91798, key=level0/level2/level2/file1, dataSize=0, replicationConfig=null} | ret=FAILURE
org.apache.hadoop.ozone.om.exceptions.OMException: Unable to get file status: volume: volume17585 bucket: bucket91798 key: level0/level2/level2/file1
	at org.apache.hadoop.ozone.om.KeyManagerImpl.getOzoneFileStatus(KeyManagerImpl.java:1200) ~[ozone-manager-1.4.0-SNAPSHOT.jar:?]
	at org.apache.hadoop.ozone.om.KeyManagerImpl.getFileStatus(KeyManagerImpl.java:1118) ~[ozone-manager-1.4.0-SNAPSHOT.jar:?]
	at org.apache.hadoop.ozone.om.OmMetadataReader.getFileStatus(OmMetadataReader.java:288) ~[ozone-manager-1.4.0-SNAPSHOT.jar:?]
	at org.apache.hadoop.ozone.om.OzoneManager.getFileStatus(OzoneManager.java:3491) ~[ozone-manager-1.4.0-SNAPSHOT.jar:?]
	at org.apache.hadoop.ozone.protocolPB.OzoneManagerRequestHandler.getOzoneFileStatus(OzoneManagerRequestHandler.java:934) ~[ozone-manager-1.4.0-SNAPSHOT.jar:?]
	at org.apache.hadoop.ozone.protocolPB.OzoneManagerRequestHandler.handleReadRequest(OzoneManagerRequestHandler.java:238) ~[ozone-manager-1.4.0-SNAPSHOT.jar:?]
	at org.apache.hadoop.ozone.protocolPB.OzoneManagerProtocolServerSideTranslatorPB.submitRequestDirectlyToOM(OzoneManagerProtocolServerSideTranslatorPB.java:272) ~[ozone-manager-1.4.0-SNAPSHOT.jar:?]
	at org.apache.hadoop.ozone.protocolPB.OzoneManagerProtocolServerSideTranslatorPB.processRequest(OzoneManagerProtocolServerSideTranslatorPB.java:173) ~[ozone-manager-1.4.0-SNAPSHOT.jar:?]
	at org.apache.hadoop.hdds.server.OzoneProtocolMessageDispatcher.processRequest(OzoneProtocolMessageDispatcher.java:87) [hdds-server-framework-1.4.0-SNAPSHOT.jar:?]
	at org.apache.hadoop.ozone.protocolPB.OzoneManagerProtocolServerSideTranslatorPB.submitRequest(OzoneManagerProtocolServerSideTranslatorPB.java:147) [ozone-manager-1.4.0-SNAPSHOT.jar:?]
	at org.apache.hadoop.ozone.protocol.proto.OzoneManagerProtocolProtos$OzoneManagerService$2.callBlockingMethod(OzoneManagerProtocolProtos.java) [ozone-interface-client-1.4.0-SNAPSHOT.jar:?]
	at org.apache.hadoop.ipc.ProtobufRpcEngine$Server.processCall(ProtobufRpcEngine.java:484) [hadoop-common-3.3.5.jar:?]
	at org.apache.hadoop.ipc.ProtobufRpcEngine2$Server$ProtoBufRpcInvoker.call(ProtobufRpcEngine2.java:595) [hadoop-common-3.3.5.jar:?]
	at org.apache.hadoop.ipc.ProtobufRpcEngine2$Server$ProtoBufRpcInvoker.call(ProtobufRpcEngine2.java:573) [hadoop-common-3.3.5.jar:?]
	at org.apache.hadoop.ipc.RPC$Server.call(RPC.java:1213) [hadoop-common-3.3.5.jar:?]
	at org.apache.hadoop.ipc.Server$RpcCall.run(Server.java:1089) [hadoop-common-3.3.5.jar:?]
	at org.apache.hadoop.ipc.Server$RpcCall.run(Server.java:1012) [hadoop-common-3.3.5.jar:?]
	at java.security.AccessController.doPrivileged(Native Method) ~[?:1.8.0_362]
	at javax.security.auth.Subject.doAs(Subject.java:422) [?:1.8.0_362]
	at org.apache.hadoop.security.UserGroupInformation.doAs(UserGroupInformation.java:1899) [hadoop-common-3.3.5.jar:?]
	at org.apache.hadoop.ipc.Server$Handler.run(Server.java:3026) [hadoop-common-3.3.5.jar:?]
11:26:34.167 [IPC Server handler 16 on default port 44509] ERROR OMAudit - user=runner | ip=127.0.0.1 | op=GET_FILE_STATUS {volume=volume17585, bucket=bucket91798, key=level0/level3, dataSize=0, replicationConfig=null} | ret=FAILURE
org.apache.hadoop.ozone.om.exceptions.OMException: Unable to get file status: volume: volume17585 bucket: bucket91798 key: level0/level3
	at org.apache.hadoop.ozone.om.KeyManagerImpl.getOzoneFileStatus(KeyManagerImpl.java:1200) ~[ozone-manager-1.4.0-SNAPSHOT.jar:?]
	at org.apache.hadoop.ozone.om.KeyManagerImpl.getFileStatus(KeyManagerImpl.java:1118) ~[ozone-manager-1.4.0-SNAPSHOT.jar:?]
	at org.apache.hadoop.ozone.om.OmMetadataReader.getFileStatus(OmMetadataReader.java:288) ~[ozone-manager-1.4.0-SNAPSHOT.jar:?]
	at org.apache.hadoop.ozone.om.OzoneManager.getFileStatus(OzoneManager.java:3491) ~[ozone-manager-1.4.0-SNAPSHOT.jar:?]
	at org.apache.hadoop.ozone.protocolPB.OzoneManagerRequestHandler.getOzoneFileStatus(OzoneManagerRequestHandler.java:934) ~[ozone-manager-1.4.0-SNAPSHOT.jar:?]
	at org.apache.hadoop.ozone.protocolPB.OzoneManagerRequestHandler.handleReadRequest(OzoneManagerRequestHandler.java:238) ~[ozone-manager-1.4.0-SNAPSHOT.jar:?]
	at org.apache.hadoop.ozone.protocolPB.OzoneManagerProtocolServerSideTranslatorPB.submitRequestDirectlyToOM(OzoneManagerProtocolServerSideTranslatorPB.java:272) ~[ozone-manager-1.4.0-SNAPSHOT.jar:?]
	at org.apache.hadoop.ozone.protocolPB.OzoneManagerProtocolServerSideTranslatorPB.processRequest(OzoneManagerProtocolServerSideTranslatorPB.java:173) ~[ozone-manager-1.4.0-SNAPSHOT.jar:?]
	at org.apache.hadoop.hdds.server.OzoneProtocolMessageDispatcher.processRequest(OzoneProtocolMessageDispatcher.java:87) [hdds-server-framework-1.4.0-SNAPSHOT.jar:?]
	at org.apache.hadoop.ozone.protocolPB.OzoneManagerProtocolServerSideTranslatorPB.submitRequest(OzoneManagerProtocolServerSideTranslatorPB.java:147) [ozone-manager-1.4.0-SNAPSHOT.jar:?]
	at org.apache.hadoop.ozone.protocol.proto.OzoneManagerProtocolProtos$OzoneManagerService$2.callBlockingMethod(OzoneManagerProtocolProtos.java) [ozone-interface-client-1.4.0-SNAPSHOT.jar:?]
	at org.apache.hadoop.ipc.ProtobufRpcEngine$Server.processCall(ProtobufRpcEngine.java:484) [hadoop-common-3.3.5.jar:?]
	at org.apache.hadoop.ipc.ProtobufRpcEngine2$Server$ProtoBufRpcInvoker.call(ProtobufRpcEngine2.java:595) [hadoop-common-3.3.5.jar:?]
	at org.apache.hadoop.ipc.ProtobufRpcEngine2$Server$ProtoBufRpcInvoker.call(ProtobufRpcEngine2.java:573) [hadoop-common-3.3.5.jar:?]
	at org.apache.hadoop.ipc.RPC$Server.call(RPC.java:1213) [hadoop-common-3.3.5.jar:?]
	at org.apache.hadoop.ipc.Server$RpcCall.run(Server.java:1089) [hadoop-common-3.3.5.jar:?]
	at org.apache.hadoop.ipc.Server$RpcCall.run(Server.java:1012) [hadoop-common-3.3.5.jar:?]
	at java.security.AccessController.doPrivileged(Native Method) ~[?:1.8.0_362]
	at javax.security.auth.Subject.doAs(Subject.java:422) [?:1.8.0_362]
	at org.apache.hadoop.security.UserGroupInformation.doAs(UserGroupInformation.java:1899) [hadoop-common-3.3.5.jar:?]
	at org.apache.hadoop.ipc.Server$Handler.run(Server.java:3026) [hadoop-common-3.3.5.jar:?]
11:26:34.168 [IPC Server handler 3 on default port 44509] ERROR OMAudit - user=runner | ip=127.0.0.1 | op=GET_FILE_STATUS {volume=volume17585, bucket=bucket91798, key=level0/level3/level3, dataSize=0, replicationConfig=null} | ret=FAILURE
org.apache.hadoop.ozone.om.exceptions.OMException: Unable to get file status: volume: volume17585 bucket: bucket91798 key: level0/level3/level3
	at org.apache.hadoop.ozone.om.KeyManagerImpl.getOzoneFileStatus(KeyManagerImpl.java:1200) ~[ozone-manager-1.4.0-SNAPSHOT.jar:?]
	at org.apache.hadoop.ozone.om.KeyManagerImpl.getFileStatus(KeyManagerImpl.java:1118) ~[ozone-manager-1.4.0-SNAPSHOT.jar:?]
	at org.apache.hadoop.ozone.om.OmMetadataReader.getFileStatus(OmMetadataReader.java:288) ~[ozone-manager-1.4.0-SNAPSHOT.jar:?]
	at org.apache.hadoop.ozone.om.OzoneManager.getFileStatus(OzoneManager.java:3491) ~[ozone-manager-1.4.0-SNAPSHOT.jar:?]
	at org.apache.hadoop.ozone.protocolPB.OzoneManagerRequestHandler.getOzoneFileStatus(OzoneManagerRequestHandler.java:934) ~[ozone-manager-1.4.0-SNAPSHOT.jar:?]
	at org.apache.hadoop.ozone.protocolPB.OzoneManagerRequestHandler.handleReadRequest(OzoneManagerRequestHandler.java:238) ~[ozone-manager-1.4.0-SNAPSHOT.jar:?]
	at org.apache.hadoop.ozone.protocolPB.OzoneManagerProtocolServerSideTranslatorPB.submitRequestDirectlyToOM(OzoneManagerProtocolServerSideTranslatorPB.java:272) ~[ozone-manager-1.4.0-SNAPSHOT.jar:?]
	at org.apache.hadoop.ozone.protocolPB.OzoneManagerProtocolServerSideTranslatorPB.processRequest(OzoneManagerProtocolServerSideTranslatorPB.java:173) ~[ozone-manager-1.4.0-SNAPSHOT.jar:?]
	at org.apache.hadoop.hdds.server.OzoneProtocolMessageDispatcher.processRequest(OzoneProtocolMessageDispatcher.java:87) [hdds-server-framework-1.4.0-SNAPSHOT.jar:?]
	at org.apache.hadoop.ozone.protocolPB.OzoneManagerProtocolServerSideTranslatorPB.submitRequest(OzoneManagerProtocolServerSideTranslatorPB.java:147) [ozone-manager-1.4.0-SNAPSHOT.jar:?]
	at org.apache.hadoop.ozone.protocol.proto.OzoneManagerProtocolProtos$OzoneManagerService$2.callBlockingMethod(OzoneManagerProtocolProtos.java) [ozone-interface-client-1.4.0-SNAPSHOT.jar:?]
	at org.apache.hadoop.ipc.ProtobufRpcEngine$Server.processCall(ProtobufRpcEngine.java:484) [hadoop-common-3.3.5.jar:?]
	at org.apache.hadoop.ipc.ProtobufRpcEngine2$Server$ProtoBufRpcInvoker.call(ProtobufRpcEngine2.java:595) [hadoop-common-3.3.5.jar:?]
	at org.apache.hadoop.ipc.ProtobufRpcEngine2$Server$ProtoBufRpcInvoker.call(ProtobufRpcEngine2.java:573) [hadoop-common-3.3.5.jar:?]
	at org.apache.hadoop.ipc.RPC$Server.call(RPC.java:1213) [hadoop-common-3.3.5.jar:?]
	at org.apache.hadoop.ipc.Server$RpcCall.run(Server.java:1089) [hadoop-common-3.3.5.jar:?]
	at org.apache.hadoop.ipc.Server$RpcCall.run(Server.java:1012) [hadoop-common-3.3.5.jar:?]
	at java.security.AccessController.doPrivileged(Native Method) ~[?:1.8.0_362]
	at javax.security.auth.Subject.doAs(Subject.java:422) [?:1.8.0_362]
	at org.apache.hadoop.security.UserGroupInformation.doAs(UserGroupInformation.java:1899) [hadoop-common-3.3.5.jar:?]
	at org.apache.hadoop.ipc.Server$Handler.run(Server.java:3026) [hadoop-common-3.3.5.jar:?]
11:26:34.168 [IPC Server handler 7 on default port 44509] ERROR OMAudit - user=runner | ip=127.0.0.1 | op=GET_FILE_STATUS {volume=volume17585, bucket=bucket91798, key=level0/level3/file1, dataSize=0, replicationConfig=null} | ret=FAILURE
org.apache.hadoop.ozone.om.exceptions.OMException: Unable to get file status: volume: volume17585 bucket: bucket91798 key: level0/level3/file1
	at org.apache.hadoop.ozone.om.KeyManagerImpl.getOzoneFileStatus(KeyManagerImpl.java:1200) ~[ozone-manager-1.4.0-SNAPSHOT.jar:?]
	at org.apache.hadoop.ozone.om.KeyManagerImpl.getFileStatus(KeyManagerImpl.java:1118) ~[ozone-manager-1.4.0-SNAPSHOT.jar:?]
	at org.apache.hadoop.ozone.om.OmMetadataReader.getFileStatus(OmMetadataReader.java:288) ~[ozone-manager-1.4.0-SNAPSHOT.jar:?]
	at org.apache.hadoop.ozone.om.OzoneManager.getFileStatus(OzoneManager.java:3491) ~[ozone-manager-1.4.0-SNAPSHOT.jar:?]
	at org.apache.hadoop.ozone.protocolPB.OzoneManagerRequestHandler.getOzoneFileStatus(OzoneManagerRequestHandler.java:934) ~[ozone-manager-1.4.0-SNAPSHOT.jar:?]
	at org.apache.hadoop.ozone.protocolPB.OzoneManagerRequestHandler.handleReadRequest(OzoneManagerRequestHandler.java:238) ~[ozone-manager-1.4.0-SNAPSHOT.jar:?]
	at org.apache.hadoop.ozone.protocolPB.OzoneManagerProtocolServerSideTranslatorPB.submitRequestDirectlyToOM(OzoneManagerProtocolServerSideTranslatorPB.java:272) ~[ozone-manager-1.4.0-SNAPSHOT.jar:?]
	at org.apache.hadoop.ozone.protocolPB.OzoneManagerProtocolServerSideTranslatorPB.processRequest(OzoneManagerProtocolServerSideTranslatorPB.java:173) ~[ozone-manager-1.4.0-SNAPSHOT.jar:?]
	at org.apache.hadoop.hdds.server.OzoneProtocolMessageDispatcher.processRequest(OzoneProtocolMessageDispatcher.java:87) [hdds-server-framework-1.4.0-SNAPSHOT.jar:?]
	at org.apache.hadoop.ozone.protocolPB.OzoneManagerProtocolServerSideTranslatorPB.submitRequest(OzoneManagerProtocolServerSideTranslatorPB.java:147) [ozone-manager-1.4.0-SNAPSHOT.jar:?]
	at org.apache.hadoop.ozone.protocol.proto.OzoneManagerProtocolProtos$OzoneManagerService$2.callBlockingMethod(OzoneManagerProtocolProtos.java) [ozone-interface-client-1.4.0-SNAPSHOT.jar:?]
	at org.apache.hadoop.ipc.ProtobufRpcEngine$Server.processCall(ProtobufRpcEngine.java:484) [hadoop-common-3.3.5.jar:?]
	at org.apache.hadoop.ipc.ProtobufRpcEngine2$Server$ProtoBufRpcInvoker.call(ProtobufRpcEngine2.java:595) [hadoop-common-3.3.5.jar:?]
	at org.apache.hadoop.ipc.ProtobufRpcEngine2$Server$ProtoBufRpcInvoker.call(ProtobufRpcEngine2.java:573) [hadoop-common-3.3.5.jar:?]
	at org.apache.hadoop.ipc.RPC$Server.call(RPC.java:1213) [hadoop-common-3.3.5.jar:?]
	at org.apache.hadoop.ipc.Server$RpcCall.run(Server.java:1089) [hadoop-common-3.3.5.jar:?]
	at org.apache.hadoop.ipc.Server$RpcCall.run(Server.java:1012) [hadoop-common-3.3.5.jar:?]
	at java.security.AccessController.doPrivileged(Native Method) ~[?:1.8.0_362]
	at javax.security.auth.Subject.doAs(Subject.java:422) [?:1.8.0_362]
	at org.apache.hadoop.security.UserGroupInformation.doAs(UserGroupInformation.java:1899) [hadoop-common-3.3.5.jar:?]
	at org.apache.hadoop.ipc.Server$Handler.run(Server.java:3026) [hadoop-common-3.3.5.jar:?]
11:26:34.169 [IPC Server handler 8 on default port 44509] ERROR OMAudit - user=runner | ip=127.0.0.1 | op=GET_FILE_STATUS {volume=volume17585, bucket=bucket91798, key=level0/level3/level3/file1, dataSize=0, replicationConfig=null} | ret=FAILURE
org.apache.hadoop.ozone.om.exceptions.OMException: Unable to get file status: volume: volume17585 bucket: bucket91798 key: level0/level3/level3/file1
	at org.apache.hadoop.ozone.om.KeyManagerImpl.getOzoneFileStatus(KeyManagerImpl.java:1200) ~[ozone-manager-1.4.0-SNAPSHOT.jar:?]
	at org.apache.hadoop.ozone.om.KeyManagerImpl.getFileStatus(KeyManagerImpl.java:1118) ~[ozone-manager-1.4.0-SNAPSHOT.jar:?]
	at org.apache.hadoop.ozone.om.OmMetadataReader.getFileStatus(OmMetadataReader.java:288) ~[ozone-manager-1.4.0-SNAPSHOT.jar:?]
	at org.apache.hadoop.ozone.om.OzoneManager.getFileStatus(OzoneManager.java:3491) ~[ozone-manager-1.4.0-SNAPSHOT.jar:?]
	at org.apache.hadoop.ozone.protocolPB.OzoneManagerRequestHandler.getOzoneFileStatus(OzoneManagerRequestHandler.java:934) ~[ozone-manager-1.4.0-SNAPSHOT.jar:?]
	at org.apache.hadoop.ozone.protocolPB.OzoneManagerRequestHandler.handleReadRequest(OzoneManagerRequestHandler.java:238) ~[ozone-manager-1.4.0-SNAPSHOT.jar:?]
	at org.apache.hadoop.ozone.protocolPB.OzoneManagerProtocolServerSideTranslatorPB.submitRequestDirectlyToOM(OzoneManagerProtocolServerSideTranslatorPB.java:272) ~[ozone-manager-1.4.0-SNAPSHOT.jar:?]
	at org.apache.hadoop.ozone.protocolPB.OzoneManagerProtocolServerSideTranslatorPB.processRequest(OzoneManagerProtocolServerSideTranslatorPB.java:173) ~[ozone-manager-1.4.0-SNAPSHOT.jar:?]
	at org.apache.hadoop.hdds.server.OzoneProtocolMessageDispatcher.processRequest(OzoneProtocolMessageDispatcher.java:87) [hdds-server-framework-1.4.0-SNAPSHOT.jar:?]
	at org.apache.hadoop.ozone.protocolPB.OzoneManagerProtocolServerSideTranslatorPB.submitRequest(OzoneManagerProtocolServerSideTranslatorPB.java:147) [ozone-manager-1.4.0-SNAPSHOT.jar:?]
	at org.apache.hadoop.ozone.protocol.proto.OzoneManagerProtocolProtos$OzoneManagerService$2.callBlockingMethod(OzoneManagerProtocolProtos.java) [ozone-interface-client-1.4.0-SNAPSHOT.jar:?]
	at org.apache.hadoop.ipc.ProtobufRpcEngine$Server.processCall(ProtobufRpcEngine.java:484) [hadoop-common-3.3.5.jar:?]
	at org.apache.hadoop.ipc.ProtobufRpcEngine2$Server$ProtoBufRpcInvoker.call(ProtobufRpcEngine2.java:595) [hadoop-common-3.3.5.jar:?]
	at org.apache.hadoop.ipc.ProtobufRpcEngine2$Server$ProtoBufRpcInvoker.call(ProtobufRpcEngine2.java:573) [hadoop-common-3.3.5.jar:?]
	at org.apache.hadoop.ipc.RPC$Server.call(RPC.java:1213) [hadoop-common-3.3.5.jar:?]
	at org.apache.hadoop.ipc.Server$RpcCall.run(Server.java:1089) [hadoop-common-3.3.5.jar:?]
	at org.apache.hadoop.ipc.Server$RpcCall.run(Server.java:1012) [hadoop-common-3.3.5.jar:?]
	at java.security.AccessController.doPrivileged(Native Method) ~[?:1.8.0_362]
	at javax.security.auth.Subject.doAs(Subject.java:422) [?:1.8.0_362]
	at org.apache.hadoop.security.UserGroupInformation.doAs(UserGroupInformation.java:1899) [hadoop-common-3.3.5.jar:?]
	at org.apache.hadoop.ipc.Server$Handler.run(Server.java:3026) [hadoop-common-3.3.5.jar:?]
]]></system-out>
  </testcase>
  <testcase name="testGetTrashRoots" classname="TestOzoneFileSystem" time="0.065">
    <system-out><![CDATA[11:23:35.216 [IPC Server handler 1 on default port 36763] ERROR OMAudit - user=runner | ip=127.0.0.1 | op=GET_FILE_STATUS {volume=volume14578, bucket=bucket96393, key=.Trash/runner, dataSize=0, replicationConfig=null} | ret=FAILURE
org.apache.hadoop.ozone.om.exceptions.OMException: Unable to get file status: volume: volume14578 bucket: bucket96393 key: .Trash/runner
	at org.apache.hadoop.ozone.om.KeyManagerImpl.getOzoneFileStatus(KeyManagerImpl.java:1200) ~[ozone-manager-1.4.0-SNAPSHOT.jar:?]
	at org.apache.hadoop.ozone.om.KeyManagerImpl.getFileStatus(KeyManagerImpl.java:1118) ~[ozone-manager-1.4.0-SNAPSHOT.jar:?]
	at org.apache.hadoop.ozone.om.OmMetadataReader.getFileStatus(OmMetadataReader.java:288) ~[ozone-manager-1.4.0-SNAPSHOT.jar:?]
	at org.apache.hadoop.ozone.om.OzoneManager.getFileStatus(OzoneManager.java:3491) ~[ozone-manager-1.4.0-SNAPSHOT.jar:?]
	at org.apache.hadoop.ozone.protocolPB.OzoneManagerRequestHandler.getOzoneFileStatus(OzoneManagerRequestHandler.java:934) ~[ozone-manager-1.4.0-SNAPSHOT.jar:?]
	at org.apache.hadoop.ozone.protocolPB.OzoneManagerRequestHandler.handleReadRequest(OzoneManagerRequestHandler.java:238) ~[ozone-manager-1.4.0-SNAPSHOT.jar:?]
	at org.apache.hadoop.ozone.protocolPB.OzoneManagerProtocolServerSideTranslatorPB.submitReadRequestToOM(OzoneManagerProtocolServerSideTranslatorPB.java:223) ~[ozone-manager-1.4.0-SNAPSHOT.jar:?]
	at org.apache.hadoop.ozone.protocolPB.OzoneManagerProtocolServerSideTranslatorPB.processRequest(OzoneManagerProtocolServerSideTranslatorPB.java:177) ~[ozone-manager-1.4.0-SNAPSHOT.jar:?]
	at org.apache.hadoop.hdds.server.OzoneProtocolMessageDispatcher.processRequest(OzoneProtocolMessageDispatcher.java:87) [hdds-server-framework-1.4.0-SNAPSHOT.jar:?]
	at org.apache.hadoop.ozone.protocolPB.OzoneManagerProtocolServerSideTranslatorPB.submitRequest(OzoneManagerProtocolServerSideTranslatorPB.java:147) [ozone-manager-1.4.0-SNAPSHOT.jar:?]
	at org.apache.hadoop.ozone.protocol.proto.OzoneManagerProtocolProtos$OzoneManagerService$2.callBlockingMethod(OzoneManagerProtocolProtos.java) [ozone-interface-client-1.4.0-SNAPSHOT.jar:?]
	at org.apache.hadoop.ipc.ProtobufRpcEngine$Server.processCall(ProtobufRpcEngine.java:484) [hadoop-common-3.3.5.jar:?]
	at org.apache.hadoop.ipc.ProtobufRpcEngine2$Server$ProtoBufRpcInvoker.call(ProtobufRpcEngine2.java:595) [hadoop-common-3.3.5.jar:?]
	at org.apache.hadoop.ipc.ProtobufRpcEngine2$Server$ProtoBufRpcInvoker.call(ProtobufRpcEngine2.java:573) [hadoop-common-3.3.5.jar:?]
	at org.apache.hadoop.ipc.RPC$Server.call(RPC.java:1213) [hadoop-common-3.3.5.jar:?]
	at org.apache.hadoop.ipc.Server$RpcCall.run(Server.java:1089) [hadoop-common-3.3.5.jar:?]
	at org.apache.hadoop.ipc.Server$RpcCall.run(Server.java:1012) [hadoop-common-3.3.5.jar:?]
	at java.security.AccessController.doPrivileged(Native Method) ~[?:1.8.0_362]
	at javax.security.auth.Subject.doAs(Subject.java:422) [?:1.8.0_362]
	at org.apache.hadoop.security.UserGroupInformation.doAs(UserGroupInformation.java:1899) [hadoop-common-3.3.5.jar:?]
	at org.apache.hadoop.ipc.Server$Handler.run(Server.java:3026) [hadoop-common-3.3.5.jar:?]
]]></system-out>
  </testcase>
  <testcase name="testGetTrashRoots" classname="TestOzoneFileSystem" time="0.024">
    <system-out><![CDATA[11:24:44.300 [IPC Server handler 12 on default port 36969] ERROR OMAudit - user=runner | ip=127.0.0.1 | op=GET_FILE_STATUS {volume=volume23474, bucket=bucket17726, key=.Trash/runner, dataSize=0, replicationConfig=null} | ret=FAILURE
org.apache.hadoop.ozone.om.exceptions.OMException: Unable to get file status: volume: volume23474 bucket: bucket17726 key: .Trash/runner
	at org.apache.hadoop.ozone.om.KeyManagerImpl.getOzoneFileStatus(KeyManagerImpl.java:1200) ~[ozone-manager-1.4.0-SNAPSHOT.jar:?]
	at org.apache.hadoop.ozone.om.KeyManagerImpl.getFileStatus(KeyManagerImpl.java:1118) ~[ozone-manager-1.4.0-SNAPSHOT.jar:?]
	at org.apache.hadoop.ozone.om.OmMetadataReader.getFileStatus(OmMetadataReader.java:288) ~[ozone-manager-1.4.0-SNAPSHOT.jar:?]
	at org.apache.hadoop.ozone.om.OzoneManager.getFileStatus(OzoneManager.java:3491) ~[ozone-manager-1.4.0-SNAPSHOT.jar:?]
	at org.apache.hadoop.ozone.protocolPB.OzoneManagerRequestHandler.getOzoneFileStatus(OzoneManagerRequestHandler.java:934) ~[ozone-manager-1.4.0-SNAPSHOT.jar:?]
	at org.apache.hadoop.ozone.protocolPB.OzoneManagerRequestHandler.handleReadRequest(OzoneManagerRequestHandler.java:238) ~[ozone-manager-1.4.0-SNAPSHOT.jar:?]
	at org.apache.hadoop.ozone.protocolPB.OzoneManagerProtocolServerSideTranslatorPB.submitRequestDirectlyToOM(OzoneManagerProtocolServerSideTranslatorPB.java:272) ~[ozone-manager-1.4.0-SNAPSHOT.jar:?]
	at org.apache.hadoop.ozone.protocolPB.OzoneManagerProtocolServerSideTranslatorPB.processRequest(OzoneManagerProtocolServerSideTranslatorPB.java:173) ~[ozone-manager-1.4.0-SNAPSHOT.jar:?]
	at org.apache.hadoop.hdds.server.OzoneProtocolMessageDispatcher.processRequest(OzoneProtocolMessageDispatcher.java:87) [hdds-server-framework-1.4.0-SNAPSHOT.jar:?]
	at org.apache.hadoop.ozone.protocolPB.OzoneManagerProtocolServerSideTranslatorPB.submitRequest(OzoneManagerProtocolServerSideTranslatorPB.java:147) [ozone-manager-1.4.0-SNAPSHOT.jar:?]
	at org.apache.hadoop.ozone.protocol.proto.OzoneManagerProtocolProtos$OzoneManagerService$2.callBlockingMethod(OzoneManagerProtocolProtos.java) [ozone-interface-client-1.4.0-SNAPSHOT.jar:?]
	at org.apache.hadoop.ipc.ProtobufRpcEngine$Server.processCall(ProtobufRpcEngine.java:484) [hadoop-common-3.3.5.jar:?]
	at org.apache.hadoop.ipc.ProtobufRpcEngine2$Server$ProtoBufRpcInvoker.call(ProtobufRpcEngine2.java:595) [hadoop-common-3.3.5.jar:?]
	at org.apache.hadoop.ipc.ProtobufRpcEngine2$Server$ProtoBufRpcInvoker.call(ProtobufRpcEngine2.java:573) [hadoop-common-3.3.5.jar:?]
	at org.apache.hadoop.ipc.RPC$Server.call(RPC.java:1213) [hadoop-common-3.3.5.jar:?]
	at org.apache.hadoop.ipc.Server$RpcCall.run(Server.java:1089) [hadoop-common-3.3.5.jar:?]
	at org.apache.hadoop.ipc.Server$RpcCall.run(Server.java:1012) [hadoop-common-3.3.5.jar:?]
	at java.security.AccessController.doPrivileged(Native Method) ~[?:1.8.0_362]
	at javax.security.auth.Subject.doAs(Subject.java:422) [?:1.8.0_362]
	at org.apache.hadoop.security.UserGroupInformation.doAs(UserGroupInformation.java:1899) [hadoop-common-3.3.5.jar:?]
	at org.apache.hadoop.ipc.Server$Handler.run(Server.java:3026) [hadoop-common-3.3.5.jar:?]
]]></system-out>
  </testcase>
  <testcase name="testGetTrashRoots" classname="TestOzoneFileSystem" time="0.022">
    <system-out><![CDATA[11:25:35.622 [IPC Server handler 14 on default port 39679] ERROR OMAudit - user=runner | ip=127.0.0.1 | op=GET_FILE_STATUS {volume=volume21709, bucket=bucket98076, key=.Trash/runner, dataSize=0, replicationConfig=null} | ret=FAILURE
org.apache.hadoop.ozone.om.exceptions.OMException: Unable to get file status: volume: volume21709 bucket: bucket98076 key: .Trash/runner
	at org.apache.hadoop.ozone.om.KeyManagerImpl.getOzoneFileStatus(KeyManagerImpl.java:1200) ~[ozone-manager-1.4.0-SNAPSHOT.jar:?]
	at org.apache.hadoop.ozone.om.KeyManagerImpl.getFileStatus(KeyManagerImpl.java:1118) ~[ozone-manager-1.4.0-SNAPSHOT.jar:?]
	at org.apache.hadoop.ozone.om.OmMetadataReader.getFileStatus(OmMetadataReader.java:288) ~[ozone-manager-1.4.0-SNAPSHOT.jar:?]
	at org.apache.hadoop.ozone.om.OzoneManager.getFileStatus(OzoneManager.java:3491) ~[ozone-manager-1.4.0-SNAPSHOT.jar:?]
	at org.apache.hadoop.ozone.protocolPB.OzoneManagerRequestHandler.getOzoneFileStatus(OzoneManagerRequestHandler.java:934) ~[ozone-manager-1.4.0-SNAPSHOT.jar:?]
	at org.apache.hadoop.ozone.protocolPB.OzoneManagerRequestHandler.handleReadRequest(OzoneManagerRequestHandler.java:238) ~[ozone-manager-1.4.0-SNAPSHOT.jar:?]
	at org.apache.hadoop.ozone.protocolPB.OzoneManagerProtocolServerSideTranslatorPB.submitReadRequestToOM(OzoneManagerProtocolServerSideTranslatorPB.java:223) ~[ozone-manager-1.4.0-SNAPSHOT.jar:?]
	at org.apache.hadoop.ozone.protocolPB.OzoneManagerProtocolServerSideTranslatorPB.processRequest(OzoneManagerProtocolServerSideTranslatorPB.java:177) ~[ozone-manager-1.4.0-SNAPSHOT.jar:?]
	at org.apache.hadoop.hdds.server.OzoneProtocolMessageDispatcher.processRequest(OzoneProtocolMessageDispatcher.java:87) [hdds-server-framework-1.4.0-SNAPSHOT.jar:?]
	at org.apache.hadoop.ozone.protocolPB.OzoneManagerProtocolServerSideTranslatorPB.submitRequest(OzoneManagerProtocolServerSideTranslatorPB.java:147) [ozone-manager-1.4.0-SNAPSHOT.jar:?]
	at org.apache.hadoop.ozone.protocol.proto.OzoneManagerProtocolProtos$OzoneManagerService$2.callBlockingMethod(OzoneManagerProtocolProtos.java) [ozone-interface-client-1.4.0-SNAPSHOT.jar:?]
	at org.apache.hadoop.ipc.ProtobufRpcEngine$Server.processCall(ProtobufRpcEngine.java:484) [hadoop-common-3.3.5.jar:?]
	at org.apache.hadoop.ipc.ProtobufRpcEngine2$Server$ProtoBufRpcInvoker.call(ProtobufRpcEngine2.java:595) [hadoop-common-3.3.5.jar:?]
	at org.apache.hadoop.ipc.ProtobufRpcEngine2$Server$ProtoBufRpcInvoker.call(ProtobufRpcEngine2.java:573) [hadoop-common-3.3.5.jar:?]
	at org.apache.hadoop.ipc.RPC$Server.call(RPC.java:1213) [hadoop-common-3.3.5.jar:?]
	at org.apache.hadoop.ipc.Server$RpcCall.run(Server.java:1089) [hadoop-common-3.3.5.jar:?]
	at org.apache.hadoop.ipc.Server$RpcCall.run(Server.java:1012) [hadoop-common-3.3.5.jar:?]
	at java.security.AccessController.doPrivileged(Native Method) ~[?:1.8.0_362]
	at javax.security.auth.Subject.doAs(Subject.java:422) [?:1.8.0_362]
	at org.apache.hadoop.security.UserGroupInformation.doAs(UserGroupInformation.java:1899) [hadoop-common-3.3.5.jar:?]
	at org.apache.hadoop.ipc.Server$Handler.run(Server.java:3026) [hadoop-common-3.3.5.jar:?]
]]></system-out>
  </testcase>
  <testcase name="testGetTrashRoots" classname="TestOzoneFileSystem" time="0.016">
    <system-out><![CDATA[11:26:34.171 [IPC Server handler 11 on default port 44509] ERROR OMAudit - user=runner | ip=127.0.0.1 | op=GET_FILE_STATUS {volume=volume17585, bucket=bucket91798, key=.Trash/runner, dataSize=0, replicationConfig=null} | ret=FAILURE
org.apache.hadoop.ozone.om.exceptions.OMException: Unable to get file status: volume: volume17585 bucket: bucket91798 key: .Trash/runner
	at org.apache.hadoop.ozone.om.KeyManagerImpl.getOzoneFileStatus(KeyManagerImpl.java:1200) ~[ozone-manager-1.4.0-SNAPSHOT.jar:?]
	at org.apache.hadoop.ozone.om.KeyManagerImpl.getFileStatus(KeyManagerImpl.java:1118) ~[ozone-manager-1.4.0-SNAPSHOT.jar:?]
	at org.apache.hadoop.ozone.om.OmMetadataReader.getFileStatus(OmMetadataReader.java:288) ~[ozone-manager-1.4.0-SNAPSHOT.jar:?]
	at org.apache.hadoop.ozone.om.OzoneManager.getFileStatus(OzoneManager.java:3491) ~[ozone-manager-1.4.0-SNAPSHOT.jar:?]
	at org.apache.hadoop.ozone.protocolPB.OzoneManagerRequestHandler.getOzoneFileStatus(OzoneManagerRequestHandler.java:934) ~[ozone-manager-1.4.0-SNAPSHOT.jar:?]
	at org.apache.hadoop.ozone.protocolPB.OzoneManagerRequestHandler.handleReadRequest(OzoneManagerRequestHandler.java:238) ~[ozone-manager-1.4.0-SNAPSHOT.jar:?]
	at org.apache.hadoop.ozone.protocolPB.OzoneManagerProtocolServerSideTranslatorPB.submitRequestDirectlyToOM(OzoneManagerProtocolServerSideTranslatorPB.java:272) ~[ozone-manager-1.4.0-SNAPSHOT.jar:?]
	at org.apache.hadoop.ozone.protocolPB.OzoneManagerProtocolServerSideTranslatorPB.processRequest(OzoneManagerProtocolServerSideTranslatorPB.java:173) ~[ozone-manager-1.4.0-SNAPSHOT.jar:?]
	at org.apache.hadoop.hdds.server.OzoneProtocolMessageDispatcher.processRequest(OzoneProtocolMessageDispatcher.java:87) [hdds-server-framework-1.4.0-SNAPSHOT.jar:?]
	at org.apache.hadoop.ozone.protocolPB.OzoneManagerProtocolServerSideTranslatorPB.submitRequest(OzoneManagerProtocolServerSideTranslatorPB.java:147) [ozone-manager-1.4.0-SNAPSHOT.jar:?]
	at org.apache.hadoop.ozone.protocol.proto.OzoneManagerProtocolProtos$OzoneManagerService$2.callBlockingMethod(OzoneManagerProtocolProtos.java) [ozone-interface-client-1.4.0-SNAPSHOT.jar:?]
	at org.apache.hadoop.ipc.ProtobufRpcEngine$Server.processCall(ProtobufRpcEngine.java:484) [hadoop-common-3.3.5.jar:?]
	at org.apache.hadoop.ipc.ProtobufRpcEngine2$Server$ProtoBufRpcInvoker.call(ProtobufRpcEngine2.java:595) [hadoop-common-3.3.5.jar:?]
	at org.apache.hadoop.ipc.ProtobufRpcEngine2$Server$ProtoBufRpcInvoker.call(ProtobufRpcEngine2.java:573) [hadoop-common-3.3.5.jar:?]
	at org.apache.hadoop.ipc.RPC$Server.call(RPC.java:1213) [hadoop-common-3.3.5.jar:?]
	at org.apache.hadoop.ipc.Server$RpcCall.run(Server.java:1089) [hadoop-common-3.3.5.jar:?]
	at org.apache.hadoop.ipc.Server$RpcCall.run(Server.java:1012) [hadoop-common-3.3.5.jar:?]
	at java.security.AccessController.doPrivileged(Native Method) ~[?:1.8.0_362]
	at javax.security.auth.Subject.doAs(Subject.java:422) [?:1.8.0_362]
	at org.apache.hadoop.security.UserGroupInformation.doAs(UserGroupInformation.java:1899) [hadoop-common-3.3.5.jar:?]
	at org.apache.hadoop.ipc.Server$Handler.run(Server.java:3026) [hadoop-common-3.3.5.jar:?]
]]></system-out>
  </testcase>
  <testcase name="testCreateDoesNotAddParentDirKeys" classname="TestOzoneFileSystem" time="0.041">
    <system-out><![CDATA[2023-04-11 11:23:35,292 [OM StateMachine ApplyTransaction Thread - 0] INFO  key.OMKeyRequest (OMKeyRequest.java:wrapUncommittedBlocksAsPseudoKey(838)) - Detect allocated but uncommitted blocks [{blockID={containerID=3, localID=111677748019200031}, length=4194304, offset=0, token=null, pipeline=null, createVersion=0, partNumber=0}] in key testCreateDoesNotAddParentDirKeys/parent/child.
]]></system-out>
  </testcase>
  <testcase name="testCreateDoesNotAddParentDirKeys" classname="TestOzoneFileSystem" time="0.018">
    <system-out><![CDATA[2023-04-11 11:24:44,329 [IPC Server handler 1 on default port 36969] INFO  key.OMKeyRequest (OMKeyRequest.java:wrapUncommittedBlocksAsPseudoKey(838)) - Detect allocated but uncommitted blocks [{blockID={containerID=2, localID=111677748019200031}, length=4194304, offset=0, token=null, pipeline=null, createVersion=0, partNumber=0}] in key testCreateDoesNotAddParentDirKeys/parent/child.
]]></system-out>
  </testcase>
  <testcase name="testCreateDoesNotAddParentDirKeys" classname="TestOzoneFileSystem" time="0.017">
    <system-out><![CDATA[2023-04-11 11:25:35,649 [OM StateMachine ApplyTransaction Thread - 0] INFO  key.OMKeyRequest (OMKeyRequest.java:wrapUncommittedBlocksAsPseudoKey(838)) - Detect allocated but uncommitted blocks [{blockID={containerID=3, localID=111677748019200031}, length=4194304, offset=0, token=null, pipeline=null, createVersion=0, partNumber=0}] in key testCreateDoesNotAddParentDirKeys/parent/child.
]]></system-out>
  </testcase>
  <testcase name="testCreateDoesNotAddParentDirKeys" classname="TestOzoneFileSystem" time="0.014">
    <system-out><![CDATA[2023-04-11 11:26:34,191 [IPC Server handler 0 on default port 44509] INFO  key.OMKeyRequest (OMKeyRequest.java:wrapUncommittedBlocksAsPseudoKey(838)) - Detect allocated but uncommitted blocks [{blockID={containerID=2, localID=111677748019200031}, length=4194304, offset=0, token=null, pipeline=null, createVersion=0, partNumber=0}] in key testCreateDoesNotAddParentDirKeys/parent/child.
]]></system-out>
  </testcase>
  <testcase name="testDeleteCreatesFakeParentDir" classname="TestOzoneFileSystem" time="0.038">
    <system-out><![CDATA[2023-04-11 11:23:35,337 [OM StateMachine ApplyTransaction Thread - 0] INFO  key.OMKeyRequest (OMKeyRequest.java:wrapUncommittedBlocksAsPseudoKey(838)) - Detect allocated but uncommitted blocks [{blockID={containerID=2, localID=111677748019200032}, length=4194304, offset=0, token=null, pipeline=null, createVersion=0, partNumber=0}] in key testDeleteCreatesFakeParentDir/parent/child.
]]></system-out>
  </testcase>
  <testcase name="testDeleteCreatesFakeParentDir" classname="TestOzoneFileSystem" time="0.017">
    <system-out><![CDATA[2023-04-11 11:24:44,350 [IPC Server handler 14 on default port 36969] INFO  key.OMKeyRequest (OMKeyRequest.java:wrapUncommittedBlocksAsPseudoKey(838)) - Detect allocated but uncommitted blocks [{blockID={containerID=4, localID=111677748019200032}, length=4194304, offset=0, token=null, pipeline=null, createVersion=0, partNumber=0}] in key testDeleteCreatesFakeParentDir/parent/child.
]]></system-out>
  </testcase>
  <testcase name="testDeleteCreatesFakeParentDir" classname="TestOzoneFileSystem" time="0.017">
    <system-out><![CDATA[2023-04-11 11:25:35,667 [OM StateMachine ApplyTransaction Thread - 0] INFO  key.OMKeyRequest (OMKeyRequest.java:wrapUncommittedBlocksAsPseudoKey(838)) - Detect allocated but uncommitted blocks [{blockID={containerID=4, localID=111677748019200032}, length=4194304, offset=0, token=null, pipeline=null, createVersion=0, partNumber=0}] in key testDeleteCreatesFakeParentDir/parent/child.
]]></system-out>
  </testcase>
  <testcase name="testDeleteCreatesFakeParentDir" classname="TestOzoneFileSystem" time="0.019">
    <system-out><![CDATA[2023-04-11 11:26:34,208 [IPC Server handler 13 on default port 44509] INFO  key.OMKeyRequest (OMKeyRequest.java:wrapUncommittedBlocksAsPseudoKey(838)) - Detect allocated but uncommitted blocks [{blockID={containerID=1, localID=111677748019200032}, length=4194304, offset=0, token=null, pipeline=null, createVersion=0, partNumber=0}] in key testDeleteCreatesFakeParentDir/parent/child.
]]></system-out>
  </testcase>
  <testcase name="testListStatusOnKeyNameContainDelimiter" classname="TestOzoneFileSystem" time="0.038">
    <system-out><![CDATA[2023-04-11 11:23:35,381 [OM StateMachine ApplyTransaction Thread - 0] INFO  key.OMKeyRequest (OMKeyRequest.java:wrapUncommittedBlocksAsPseudoKey(838)) - Detect allocated but uncommitted blocks [{blockID={containerID=5, localID=111677748019200033}, length=4194304, offset=0, token=null, pipeline=null, createVersion=0, partNumber=0}] in key dir1/dir2/key1.
]]></system-out>
  </testcase>
  <testcase name="testListStatusOnKeyNameContainDelimiter" classname="TestOzoneFileSystem" time="0.01">
    <system-out><![CDATA[2023-04-11 11:24:44,362 [IPC Server handler 15 on default port 36969] INFO  key.OMKeyRequest (OMKeyRequest.java:wrapUncommittedBlocksAsPseudoKey(838)) - Detect allocated but uncommitted blocks [{blockID={containerID=5, localID=111677748019200033}, length=4194304, offset=0, token=null, pipeline=null, createVersion=0, partNumber=0}] in key dir1/dir2/key1.
]]></system-out>
  </testcase>
  <testcase name="testListStatusOnKeyNameContainDelimiter" classname="TestOzoneFileSystem" time="0.014">
    <system-out><![CDATA[2023-04-11 11:25:35,682 [OM StateMachine ApplyTransaction Thread - 0] INFO  key.OMKeyRequest (OMKeyRequest.java:wrapUncommittedBlocksAsPseudoKey(838)) - Detect allocated but uncommitted blocks [{blockID={containerID=5, localID=111677748019200033}, length=4194304, offset=0, token=null, pipeline=null, createVersion=0, partNumber=0}] in key dir1/dir2/key1.
]]></system-out>
  </testcase>
  <testcase name="testListStatusOnKeyNameContainDelimiter" classname="TestOzoneFileSystem" time="0.011">
    <system-out><![CDATA[2023-04-11 11:26:34,225 [IPC Server handler 7 on default port 44509] INFO  key.OMKeyRequest (OMKeyRequest.java:wrapUncommittedBlocksAsPseudoKey(838)) - Detect allocated but uncommitted blocks [{blockID={containerID=5, localID=111677748019200033}, length=4194304, offset=0, token=null, pipeline=null, createVersion=0, partNumber=0}] in key dir1/dir2/key1.
]]></system-out>
  </testcase>
  <testcase name="testNonExplicitlyCreatedPathExistsAfterItsLeafsWereRemoved" classname="TestOzoneFileSystem" time="0.057">
    <system-out><![CDATA[11:23:35.416 [IPC Server handler 17 on default port 36763] ERROR OMAudit - user=runner | ip=127.0.0.1 | op=GET_FILE_STATUS {volume=volume14578, bucket=bucket96393, key=target/leaf, dataSize=0, replicationConfig=null} | ret=FAILURE
org.apache.hadoop.ozone.om.exceptions.OMException: Unable to get file status: volume: volume14578 bucket: bucket96393 key: target/leaf
	at org.apache.hadoop.ozone.om.KeyManagerImpl.getOzoneFileStatus(KeyManagerImpl.java:1200) ~[ozone-manager-1.4.0-SNAPSHOT.jar:?]
	at org.apache.hadoop.ozone.om.KeyManagerImpl.getFileStatus(KeyManagerImpl.java:1118) ~[ozone-manager-1.4.0-SNAPSHOT.jar:?]
	at org.apache.hadoop.ozone.om.OmMetadataReader.getFileStatus(OmMetadataReader.java:288) ~[ozone-manager-1.4.0-SNAPSHOT.jar:?]
	at org.apache.hadoop.ozone.om.OzoneManager.getFileStatus(OzoneManager.java:3491) ~[ozone-manager-1.4.0-SNAPSHOT.jar:?]
	at org.apache.hadoop.ozone.protocolPB.OzoneManagerRequestHandler.getOzoneFileStatus(OzoneManagerRequestHandler.java:934) ~[ozone-manager-1.4.0-SNAPSHOT.jar:?]
	at org.apache.hadoop.ozone.protocolPB.OzoneManagerRequestHandler.handleReadRequest(OzoneManagerRequestHandler.java:238) ~[ozone-manager-1.4.0-SNAPSHOT.jar:?]
	at org.apache.hadoop.ozone.protocolPB.OzoneManagerProtocolServerSideTranslatorPB.submitReadRequestToOM(OzoneManagerProtocolServerSideTranslatorPB.java:223) ~[ozone-manager-1.4.0-SNAPSHOT.jar:?]
	at org.apache.hadoop.ozone.protocolPB.OzoneManagerProtocolServerSideTranslatorPB.processRequest(OzoneManagerProtocolServerSideTranslatorPB.java:177) ~[ozone-manager-1.4.0-SNAPSHOT.jar:?]
	at org.apache.hadoop.hdds.server.OzoneProtocolMessageDispatcher.processRequest(OzoneProtocolMessageDispatcher.java:87) [hdds-server-framework-1.4.0-SNAPSHOT.jar:?]
	at org.apache.hadoop.ozone.protocolPB.OzoneManagerProtocolServerSideTranslatorPB.submitRequest(OzoneManagerProtocolServerSideTranslatorPB.java:147) [ozone-manager-1.4.0-SNAPSHOT.jar:?]
	at org.apache.hadoop.ozone.protocol.proto.OzoneManagerProtocolProtos$OzoneManagerService$2.callBlockingMethod(OzoneManagerProtocolProtos.java) [ozone-interface-client-1.4.0-SNAPSHOT.jar:?]
	at org.apache.hadoop.ipc.ProtobufRpcEngine$Server.processCall(ProtobufRpcEngine.java:484) [hadoop-common-3.3.5.jar:?]
	at org.apache.hadoop.ipc.ProtobufRpcEngine2$Server$ProtoBufRpcInvoker.call(ProtobufRpcEngine2.java:595) [hadoop-common-3.3.5.jar:?]
	at org.apache.hadoop.ipc.ProtobufRpcEngine2$Server$ProtoBufRpcInvoker.call(ProtobufRpcEngine2.java:573) [hadoop-common-3.3.5.jar:?]
	at org.apache.hadoop.ipc.RPC$Server.call(RPC.java:1213) [hadoop-common-3.3.5.jar:?]
	at org.apache.hadoop.ipc.Server$RpcCall.run(Server.java:1089) [hadoop-common-3.3.5.jar:?]
	at org.apache.hadoop.ipc.Server$RpcCall.run(Server.java:1012) [hadoop-common-3.3.5.jar:?]
	at java.security.AccessController.doPrivileged(Native Method) ~[?:1.8.0_362]
	at javax.security.auth.Subject.doAs(Subject.java:422) [?:1.8.0_362]
	at org.apache.hadoop.security.UserGroupInformation.doAs(UserGroupInformation.java:1899) [hadoop-common-3.3.5.jar:?]
	at org.apache.hadoop.ipc.Server$Handler.run(Server.java:3026) [hadoop-common-3.3.5.jar:?]
]]></system-out>
  </testcase>
  <testcase name="testNonExplicitlyCreatedPathExistsAfterItsLeafsWereRemoved" classname="TestOzoneFileSystem" time="0.014">
    <system-out><![CDATA[11:24:44.371 [IPC Server handler 5 on default port 36969] ERROR OMAudit - user=runner | ip=127.0.0.1 | op=GET_FILE_STATUS {volume=volume23474, bucket=bucket17726, key=target/leaf, dataSize=0, replicationConfig=null} | ret=FAILURE
org.apache.hadoop.ozone.om.exceptions.OMException: Unable to get file status: volume: volume23474 bucket: bucket17726 key: target/leaf
	at org.apache.hadoop.ozone.om.KeyManagerImpl.getOzoneFileStatus(KeyManagerImpl.java:1200) ~[ozone-manager-1.4.0-SNAPSHOT.jar:?]
	at org.apache.hadoop.ozone.om.KeyManagerImpl.getFileStatus(KeyManagerImpl.java:1118) ~[ozone-manager-1.4.0-SNAPSHOT.jar:?]
	at org.apache.hadoop.ozone.om.OmMetadataReader.getFileStatus(OmMetadataReader.java:288) ~[ozone-manager-1.4.0-SNAPSHOT.jar:?]
	at org.apache.hadoop.ozone.om.OzoneManager.getFileStatus(OzoneManager.java:3491) ~[ozone-manager-1.4.0-SNAPSHOT.jar:?]
	at org.apache.hadoop.ozone.protocolPB.OzoneManagerRequestHandler.getOzoneFileStatus(OzoneManagerRequestHandler.java:934) ~[ozone-manager-1.4.0-SNAPSHOT.jar:?]
	at org.apache.hadoop.ozone.protocolPB.OzoneManagerRequestHandler.handleReadRequest(OzoneManagerRequestHandler.java:238) ~[ozone-manager-1.4.0-SNAPSHOT.jar:?]
	at org.apache.hadoop.ozone.protocolPB.OzoneManagerProtocolServerSideTranslatorPB.submitRequestDirectlyToOM(OzoneManagerProtocolServerSideTranslatorPB.java:272) ~[ozone-manager-1.4.0-SNAPSHOT.jar:?]
	at org.apache.hadoop.ozone.protocolPB.OzoneManagerProtocolServerSideTranslatorPB.processRequest(OzoneManagerProtocolServerSideTranslatorPB.java:173) ~[ozone-manager-1.4.0-SNAPSHOT.jar:?]
	at org.apache.hadoop.hdds.server.OzoneProtocolMessageDispatcher.processRequest(OzoneProtocolMessageDispatcher.java:87) [hdds-server-framework-1.4.0-SNAPSHOT.jar:?]
	at org.apache.hadoop.ozone.protocolPB.OzoneManagerProtocolServerSideTranslatorPB.submitRequest(OzoneManagerProtocolServerSideTranslatorPB.java:147) [ozone-manager-1.4.0-SNAPSHOT.jar:?]
	at org.apache.hadoop.ozone.protocol.proto.OzoneManagerProtocolProtos$OzoneManagerService$2.callBlockingMethod(OzoneManagerProtocolProtos.java) [ozone-interface-client-1.4.0-SNAPSHOT.jar:?]
	at org.apache.hadoop.ipc.ProtobufRpcEngine$Server.processCall(ProtobufRpcEngine.java:484) [hadoop-common-3.3.5.jar:?]
	at org.apache.hadoop.ipc.ProtobufRpcEngine2$Server$ProtoBufRpcInvoker.call(ProtobufRpcEngine2.java:595) [hadoop-common-3.3.5.jar:?]
	at org.apache.hadoop.ipc.ProtobufRpcEngine2$Server$ProtoBufRpcInvoker.call(ProtobufRpcEngine2.java:573) [hadoop-common-3.3.5.jar:?]
	at org.apache.hadoop.ipc.RPC$Server.call(RPC.java:1213) [hadoop-common-3.3.5.jar:?]
	at org.apache.hadoop.ipc.Server$RpcCall.run(Server.java:1089) [hadoop-common-3.3.5.jar:?]
	at org.apache.hadoop.ipc.Server$RpcCall.run(Server.java:1012) [hadoop-common-3.3.5.jar:?]
	at java.security.AccessController.doPrivileged(Native Method) ~[?:1.8.0_362]
	at javax.security.auth.Subject.doAs(Subject.java:422) [?:1.8.0_362]
	at org.apache.hadoop.security.UserGroupInformation.doAs(UserGroupInformation.java:1899) [hadoop-common-3.3.5.jar:?]
	at org.apache.hadoop.ipc.Server$Handler.run(Server.java:3026) [hadoop-common-3.3.5.jar:?]
]]></system-out>
  </testcase>
  <testcase name="testNonExplicitlyCreatedPathExistsAfterItsLeafsWereRemoved" classname="TestOzoneFileSystem" time="0.016">
    <system-out><![CDATA[11:25:35.695 [IPC Server handler 7 on default port 39679] ERROR OMAudit - user=runner | ip=127.0.0.1 | op=GET_FILE_STATUS {volume=volume21709, bucket=bucket98076, key=target/leaf, dataSize=0, replicationConfig=null} | ret=FAILURE
org.apache.hadoop.ozone.om.exceptions.OMException: Unable to get file status: volume: volume21709 bucket: bucket98076 key: target/leaf
	at org.apache.hadoop.ozone.om.KeyManagerImpl.getOzoneFileStatus(KeyManagerImpl.java:1200) ~[ozone-manager-1.4.0-SNAPSHOT.jar:?]
	at org.apache.hadoop.ozone.om.KeyManagerImpl.getFileStatus(KeyManagerImpl.java:1118) ~[ozone-manager-1.4.0-SNAPSHOT.jar:?]
	at org.apache.hadoop.ozone.om.OmMetadataReader.getFileStatus(OmMetadataReader.java:288) ~[ozone-manager-1.4.0-SNAPSHOT.jar:?]
	at org.apache.hadoop.ozone.om.OzoneManager.getFileStatus(OzoneManager.java:3491) ~[ozone-manager-1.4.0-SNAPSHOT.jar:?]
	at org.apache.hadoop.ozone.protocolPB.OzoneManagerRequestHandler.getOzoneFileStatus(OzoneManagerRequestHandler.java:934) ~[ozone-manager-1.4.0-SNAPSHOT.jar:?]
	at org.apache.hadoop.ozone.protocolPB.OzoneManagerRequestHandler.handleReadRequest(OzoneManagerRequestHandler.java:238) ~[ozone-manager-1.4.0-SNAPSHOT.jar:?]
	at org.apache.hadoop.ozone.protocolPB.OzoneManagerProtocolServerSideTranslatorPB.submitReadRequestToOM(OzoneManagerProtocolServerSideTranslatorPB.java:223) ~[ozone-manager-1.4.0-SNAPSHOT.jar:?]
	at org.apache.hadoop.ozone.protocolPB.OzoneManagerProtocolServerSideTranslatorPB.processRequest(OzoneManagerProtocolServerSideTranslatorPB.java:177) ~[ozone-manager-1.4.0-SNAPSHOT.jar:?]
	at org.apache.hadoop.hdds.server.OzoneProtocolMessageDispatcher.processRequest(OzoneProtocolMessageDispatcher.java:87) [hdds-server-framework-1.4.0-SNAPSHOT.jar:?]
	at org.apache.hadoop.ozone.protocolPB.OzoneManagerProtocolServerSideTranslatorPB.submitRequest(OzoneManagerProtocolServerSideTranslatorPB.java:147) [ozone-manager-1.4.0-SNAPSHOT.jar:?]
	at org.apache.hadoop.ozone.protocol.proto.OzoneManagerProtocolProtos$OzoneManagerService$2.callBlockingMethod(OzoneManagerProtocolProtos.java) [ozone-interface-client-1.4.0-SNAPSHOT.jar:?]
	at org.apache.hadoop.ipc.ProtobufRpcEngine$Server.processCall(ProtobufRpcEngine.java:484) [hadoop-common-3.3.5.jar:?]
	at org.apache.hadoop.ipc.ProtobufRpcEngine2$Server$ProtoBufRpcInvoker.call(ProtobufRpcEngine2.java:595) [hadoop-common-3.3.5.jar:?]
	at org.apache.hadoop.ipc.ProtobufRpcEngine2$Server$ProtoBufRpcInvoker.call(ProtobufRpcEngine2.java:573) [hadoop-common-3.3.5.jar:?]
	at org.apache.hadoop.ipc.RPC$Server.call(RPC.java:1213) [hadoop-common-3.3.5.jar:?]
	at org.apache.hadoop.ipc.Server$RpcCall.run(Server.java:1089) [hadoop-common-3.3.5.jar:?]
	at org.apache.hadoop.ipc.Server$RpcCall.run(Server.java:1012) [hadoop-common-3.3.5.jar:?]
	at java.security.AccessController.doPrivileged(Native Method) ~[?:1.8.0_362]
	at javax.security.auth.Subject.doAs(Subject.java:422) [?:1.8.0_362]
	at org.apache.hadoop.security.UserGroupInformation.doAs(UserGroupInformation.java:1899) [hadoop-common-3.3.5.jar:?]
	at org.apache.hadoop.ipc.Server$Handler.run(Server.java:3026) [hadoop-common-3.3.5.jar:?]
]]></system-out>
  </testcase>
  <testcase name="testNonExplicitlyCreatedPathExistsAfterItsLeafsWereRemoved" classname="TestOzoneFileSystem" time="0.011">
    <system-out><![CDATA[11:26:34.234 [IPC Server handler 5 on default port 44509] ERROR OMAudit - user=runner | ip=127.0.0.1 | op=GET_FILE_STATUS {volume=volume17585, bucket=bucket91798, key=target/leaf, dataSize=0, replicationConfig=null} | ret=FAILURE
org.apache.hadoop.ozone.om.exceptions.OMException: Unable to get file status: volume: volume17585 bucket: bucket91798 key: target/leaf
	at org.apache.hadoop.ozone.om.KeyManagerImpl.getOzoneFileStatus(KeyManagerImpl.java:1200) ~[ozone-manager-1.4.0-SNAPSHOT.jar:?]
	at org.apache.hadoop.ozone.om.KeyManagerImpl.getFileStatus(KeyManagerImpl.java:1118) ~[ozone-manager-1.4.0-SNAPSHOT.jar:?]
	at org.apache.hadoop.ozone.om.OmMetadataReader.getFileStatus(OmMetadataReader.java:288) ~[ozone-manager-1.4.0-SNAPSHOT.jar:?]
	at org.apache.hadoop.ozone.om.OzoneManager.getFileStatus(OzoneManager.java:3491) ~[ozone-manager-1.4.0-SNAPSHOT.jar:?]
	at org.apache.hadoop.ozone.protocolPB.OzoneManagerRequestHandler.getOzoneFileStatus(OzoneManagerRequestHandler.java:934) ~[ozone-manager-1.4.0-SNAPSHOT.jar:?]
	at org.apache.hadoop.ozone.protocolPB.OzoneManagerRequestHandler.handleReadRequest(OzoneManagerRequestHandler.java:238) ~[ozone-manager-1.4.0-SNAPSHOT.jar:?]
	at org.apache.hadoop.ozone.protocolPB.OzoneManagerProtocolServerSideTranslatorPB.submitRequestDirectlyToOM(OzoneManagerProtocolServerSideTranslatorPB.java:272) ~[ozone-manager-1.4.0-SNAPSHOT.jar:?]
	at org.apache.hadoop.ozone.protocolPB.OzoneManagerProtocolServerSideTranslatorPB.processRequest(OzoneManagerProtocolServerSideTranslatorPB.java:173) ~[ozone-manager-1.4.0-SNAPSHOT.jar:?]
	at org.apache.hadoop.hdds.server.OzoneProtocolMessageDispatcher.processRequest(OzoneProtocolMessageDispatcher.java:87) [hdds-server-framework-1.4.0-SNAPSHOT.jar:?]
	at org.apache.hadoop.ozone.protocolPB.OzoneManagerProtocolServerSideTranslatorPB.submitRequest(OzoneManagerProtocolServerSideTranslatorPB.java:147) [ozone-manager-1.4.0-SNAPSHOT.jar:?]
	at org.apache.hadoop.ozone.protocol.proto.OzoneManagerProtocolProtos$OzoneManagerService$2.callBlockingMethod(OzoneManagerProtocolProtos.java) [ozone-interface-client-1.4.0-SNAPSHOT.jar:?]
	at org.apache.hadoop.ipc.ProtobufRpcEngine$Server.processCall(ProtobufRpcEngine.java:484) [hadoop-common-3.3.5.jar:?]
	at org.apache.hadoop.ipc.ProtobufRpcEngine2$Server$ProtoBufRpcInvoker.call(ProtobufRpcEngine2.java:595) [hadoop-common-3.3.5.jar:?]
	at org.apache.hadoop.ipc.ProtobufRpcEngine2$Server$ProtoBufRpcInvoker.call(ProtobufRpcEngine2.java:573) [hadoop-common-3.3.5.jar:?]
	at org.apache.hadoop.ipc.RPC$Server.call(RPC.java:1213) [hadoop-common-3.3.5.jar:?]
	at org.apache.hadoop.ipc.Server$RpcCall.run(Server.java:1089) [hadoop-common-3.3.5.jar:?]
	at org.apache.hadoop.ipc.Server$RpcCall.run(Server.java:1012) [hadoop-common-3.3.5.jar:?]
	at java.security.AccessController.doPrivileged(Native Method) ~[?:1.8.0_362]
	at javax.security.auth.Subject.doAs(Subject.java:422) [?:1.8.0_362]
	at org.apache.hadoop.security.UserGroupInformation.doAs(UserGroupInformation.java:1899) [hadoop-common-3.3.5.jar:?]
	at org.apache.hadoop.ipc.Server$Handler.run(Server.java:3026) [hadoop-common-3.3.5.jar:?]
]]></system-out>
  </testcase>
  <testcase name="testCreateFileShouldCheckExistenceOfDirWithSameName" classname="TestOzoneFileSystem" time="0.066">
    <system-out><![CDATA[2023-04-11 11:23:35,473 [OM StateMachine ApplyTransaction Thread - 0] INFO  key.OMKeyRequest (OMKeyRequest.java:wrapUncommittedBlocksAsPseudoKey(838)) - Detect allocated but uncommitted blocks [{blockID={containerID=4, localID=111677748019200034}, length=4194304, offset=0, token=null, pipeline=null, createVersion=0, partNumber=0}] in key d1/d2/d3/d4/key1.
11:23:35.482 [OM StateMachine ApplyTransaction Thread - 0] ERROR OMAudit - user=runner | ip=127.0.0.1 | op=CREATE_FILE {volume=volume14578, bucket=bucket96393, key=d1/d2/d3/d4/key2, dataSize=4194304, replicationType=RATIS, replicationFactor=THREE} | ret=FAILURE
org.apache.hadoop.ozone.om.exceptions.OMException: Can not write to directory: d1/d2/d3/d4/key2
	at org.apache.hadoop.ozone.om.request.file.OMFileCreateRequest.checkDirectoryResult(OMFileCreateRequest.java:363) ~[ozone-manager-1.4.0-SNAPSHOT.jar:?]
	at org.apache.hadoop.ozone.om.request.file.OMFileCreateRequest.validateAndUpdateCache(OMFileCreateRequest.java:238) ~[ozone-manager-1.4.0-SNAPSHOT.jar:?]
	at org.apache.hadoop.ozone.protocolPB.OzoneManagerRequestHandler.handleWriteRequest(OzoneManagerRequestHandler.java:337) ~[ozone-manager-1.4.0-SNAPSHOT.jar:?]
	at org.apache.hadoop.ozone.om.ratis.OzoneManagerStateMachine.runCommand(OzoneManagerStateMachine.java:541) ~[ozone-manager-1.4.0-SNAPSHOT.jar:?]
	at org.apache.hadoop.ozone.om.ratis.OzoneManagerStateMachine.lambda$1(OzoneManagerStateMachine.java:332) ~[ozone-manager-1.4.0-SNAPSHOT.jar:?]
	at java.util.concurrent.CompletableFuture$AsyncSupply.run(CompletableFuture.java:1604) [?:1.8.0_362]
	at java.util.concurrent.ThreadPoolExecutor.runWorker(ThreadPoolExecutor.java:1149) [?:1.8.0_362]
	at java.util.concurrent.ThreadPoolExecutor$Worker.run(ThreadPoolExecutor.java:624) [?:1.8.0_362]
	at java.lang.Thread.run(Thread.java:750) [?:1.8.0_362]
2023-04-11 11:23:35,484 [OM StateMachine ApplyTransaction Thread - 0] ERROR file.OMFileCreateRequest (OMFileCreateRequest.java:validateAndUpdateCache(336)) - File create failed. Volume:volume14578, Bucket:bucket96393, Keyd1/d2/d3/d4/key2.
NOT_A_FILE org.apache.hadoop.ozone.om.exceptions.OMException: Can not write to directory: d1/d2/d3/d4/key2
	at org.apache.hadoop.ozone.om.request.file.OMFileCreateRequest.checkDirectoryResult(OMFileCreateRequest.java:363)
	at org.apache.hadoop.ozone.om.request.file.OMFileCreateRequest.validateAndUpdateCache(OMFileCreateRequest.java:238)
	at org.apache.hadoop.ozone.protocolPB.OzoneManagerRequestHandler.handleWriteRequest(OzoneManagerRequestHandler.java:337)
	at org.apache.hadoop.ozone.om.ratis.OzoneManagerStateMachine.runCommand(OzoneManagerStateMachine.java:541)
	at org.apache.hadoop.ozone.om.ratis.OzoneManagerStateMachine.lambda$1(OzoneManagerStateMachine.java:332)
	at java.util.concurrent.CompletableFuture$AsyncSupply.run(CompletableFuture.java:1604)
	at java.util.concurrent.ThreadPoolExecutor.runWorker(ThreadPoolExecutor.java:1149)
	at java.util.concurrent.ThreadPoolExecutor$Worker.run(ThreadPoolExecutor.java:624)
	at java.lang.Thread.run(Thread.java:750)
2023-04-11 11:23:35,495 [OM StateMachine ApplyTransaction Thread - 0] INFO  key.OMKeyRequest (OMKeyRequest.java:wrapUncommittedBlocksAsPseudoKey(838)) - Detect allocated but uncommitted blocks [{blockID={containerID=2, localID=111677748019200036}, length=4194304, offset=0, token=null, pipeline=null, createVersion=0, partNumber=0}] in key d1/d2/d3/d4/key3.
11:23:35.498 [OM StateMachine ApplyTransaction Thread - 0] ERROR OMAudit - user=runner | ip=127.0.0.1 | op=CREATE_DIRECTORY {volume=volume14578, bucket=bucket96393, key=d1/d2/d3/d4/key3, dataSize=0, replicationType=NONE, replicationFactor=ZERO} | ret=FAILURE
org.apache.hadoop.ozone.om.exceptions.OMException: Unable to create directory: d1/d2/d3/d4/key3 in volume/bucket: volume14578/bucket96393
	at org.apache.hadoop.ozone.om.request.file.OMDirectoryCreateRequest.validateAndUpdateCache(OMDirectoryCreateRequest.java:196) ~[ozone-manager-1.4.0-SNAPSHOT.jar:?]
	at org.apache.hadoop.ozone.protocolPB.OzoneManagerRequestHandler.handleWriteRequest(OzoneManagerRequestHandler.java:337) ~[ozone-manager-1.4.0-SNAPSHOT.jar:?]
	at org.apache.hadoop.ozone.om.ratis.OzoneManagerStateMachine.runCommand(OzoneManagerStateMachine.java:541) ~[ozone-manager-1.4.0-SNAPSHOT.jar:?]
	at org.apache.hadoop.ozone.om.ratis.OzoneManagerStateMachine.lambda$1(OzoneManagerStateMachine.java:332) ~[ozone-manager-1.4.0-SNAPSHOT.jar:?]
	at java.util.concurrent.CompletableFuture$AsyncSupply.run(CompletableFuture.java:1604) [?:1.8.0_362]
	at java.util.concurrent.ThreadPoolExecutor.runWorker(ThreadPoolExecutor.java:1149) [?:1.8.0_362]
	at java.util.concurrent.ThreadPoolExecutor$Worker.run(ThreadPoolExecutor.java:624) [?:1.8.0_362]
	at java.lang.Thread.run(Thread.java:750) [?:1.8.0_362]
2023-04-11 11:23:35,498 [OM StateMachine ApplyTransaction Thread - 0] ERROR file.OMDirectoryCreateRequest (OMDirectoryCreateRequest.java:logResult(335)) - Directory creation failed. Volume:volume14578, Bucket:bucket96393, Keyd1/d2/d3/d4/key3. Exception:{}
FILE_ALREADY_EXISTS org.apache.hadoop.ozone.om.exceptions.OMException: Unable to create directory: d1/d2/d3/d4/key3 in volume/bucket: volume14578/bucket96393
	at org.apache.hadoop.ozone.om.request.file.OMDirectoryCreateRequest.validateAndUpdateCache(OMDirectoryCreateRequest.java:196)
	at org.apache.hadoop.ozone.protocolPB.OzoneManagerRequestHandler.handleWriteRequest(OzoneManagerRequestHandler.java:337)
	at org.apache.hadoop.ozone.om.ratis.OzoneManagerStateMachine.runCommand(OzoneManagerStateMachine.java:541)
	at org.apache.hadoop.ozone.om.ratis.OzoneManagerStateMachine.lambda$1(OzoneManagerStateMachine.java:332)
	at java.util.concurrent.CompletableFuture$AsyncSupply.run(CompletableFuture.java:1604)
	at java.util.concurrent.ThreadPoolExecutor.runWorker(ThreadPoolExecutor.java:1149)
	at java.util.concurrent.ThreadPoolExecutor$Worker.run(ThreadPoolExecutor.java:624)
	at java.lang.Thread.run(Thread.java:750)
11:23:35.503 [OM StateMachine ApplyTransaction Thread - 0] ERROR OMAudit - user=runner | ip=127.0.0.1 | op=CREATE_FILE {volume=volume14578, bucket=bucket96393, key=d1/d2/d3, dataSize=4194304, replicationType=RATIS, replicationFactor=THREE} | ret=FAILURE
org.apache.hadoop.ozone.om.exceptions.OMException: Can not write to directory: d1/d2/d3
	at org.apache.hadoop.ozone.om.request.file.OMFileCreateRequest.checkDirectoryResult(OMFileCreateRequest.java:363) ~[ozone-manager-1.4.0-SNAPSHOT.jar:?]
	at org.apache.hadoop.ozone.om.request.file.OMFileCreateRequest.validateAndUpdateCache(OMFileCreateRequest.java:238) ~[ozone-manager-1.4.0-SNAPSHOT.jar:?]
	at org.apache.hadoop.ozone.protocolPB.OzoneManagerRequestHandler.handleWriteRequest(OzoneManagerRequestHandler.java:337) ~[ozone-manager-1.4.0-SNAPSHOT.jar:?]
	at org.apache.hadoop.ozone.om.ratis.OzoneManagerStateMachine.runCommand(OzoneManagerStateMachine.java:541) ~[ozone-manager-1.4.0-SNAPSHOT.jar:?]
	at org.apache.hadoop.ozone.om.ratis.OzoneManagerStateMachine.lambda$1(OzoneManagerStateMachine.java:332) ~[ozone-manager-1.4.0-SNAPSHOT.jar:?]
	at java.util.concurrent.CompletableFuture$AsyncSupply.run(CompletableFuture.java:1604) [?:1.8.0_362]
	at java.util.concurrent.ThreadPoolExecutor.runWorker(ThreadPoolExecutor.java:1149) [?:1.8.0_362]
	at java.util.concurrent.ThreadPoolExecutor$Worker.run(ThreadPoolExecutor.java:624) [?:1.8.0_362]
	at java.lang.Thread.run(Thread.java:750) [?:1.8.0_362]
2023-04-11 11:23:35,504 [OM StateMachine ApplyTransaction Thread - 0] ERROR file.OMFileCreateRequest (OMFileCreateRequest.java:validateAndUpdateCache(336)) - File create failed. Volume:volume14578, Bucket:bucket96393, Keyd1/d2/d3.
NOT_A_FILE org.apache.hadoop.ozone.om.exceptions.OMException: Can not write to directory: d1/d2/d3
	at org.apache.hadoop.ozone.om.request.file.OMFileCreateRequest.checkDirectoryResult(OMFileCreateRequest.java:363)
	at org.apache.hadoop.ozone.om.request.file.OMFileCreateRequest.validateAndUpdateCache(OMFileCreateRequest.java:238)
	at org.apache.hadoop.ozone.protocolPB.OzoneManagerRequestHandler.handleWriteRequest(OzoneManagerRequestHandler.java:337)
	at org.apache.hadoop.ozone.om.ratis.OzoneManagerStateMachine.runCommand(OzoneManagerStateMachine.java:541)
	at org.apache.hadoop.ozone.om.ratis.OzoneManagerStateMachine.lambda$1(OzoneManagerStateMachine.java:332)
	at java.util.concurrent.CompletableFuture$AsyncSupply.run(CompletableFuture.java:1604)
	at java.util.concurrent.ThreadPoolExecutor.runWorker(ThreadPoolExecutor.java:1149)
	at java.util.concurrent.ThreadPoolExecutor$Worker.run(ThreadPoolExecutor.java:624)
	at java.lang.Thread.run(Thread.java:750)
11:23:35.506 [IPC Server handler 1 on default port 36763] ERROR OMAudit - user=runner | ip=127.0.0.1 | op=GET_FILE_STATUS {volume=volume14578, bucket=bucket96393, key=d1/d2/d3/d4/key3/invalid, dataSize=0, replicationConfig=null} | ret=FAILURE
org.apache.hadoop.ozone.om.exceptions.OMException: Unable to get file status: volume: volume14578 bucket: bucket96393 key: d1/d2/d3/d4/key3/invalid
	at org.apache.hadoop.ozone.om.KeyManagerImpl.getOzoneFileStatus(KeyManagerImpl.java:1200) ~[ozone-manager-1.4.0-SNAPSHOT.jar:?]
	at org.apache.hadoop.ozone.om.KeyManagerImpl.getFileStatus(KeyManagerImpl.java:1118) ~[ozone-manager-1.4.0-SNAPSHOT.jar:?]
	at org.apache.hadoop.ozone.om.OmMetadataReader.getFileStatus(OmMetadataReader.java:288) ~[ozone-manager-1.4.0-SNAPSHOT.jar:?]
	at org.apache.hadoop.ozone.om.OzoneManager.getFileStatus(OzoneManager.java:3491) ~[ozone-manager-1.4.0-SNAPSHOT.jar:?]
	at org.apache.hadoop.ozone.protocolPB.OzoneManagerRequestHandler.getOzoneFileStatus(OzoneManagerRequestHandler.java:934) ~[ozone-manager-1.4.0-SNAPSHOT.jar:?]
	at org.apache.hadoop.ozone.protocolPB.OzoneManagerRequestHandler.handleReadRequest(OzoneManagerRequestHandler.java:238) ~[ozone-manager-1.4.0-SNAPSHOT.jar:?]
	at org.apache.hadoop.ozone.protocolPB.OzoneManagerProtocolServerSideTranslatorPB.submitReadRequestToOM(OzoneManagerProtocolServerSideTranslatorPB.java:223) ~[ozone-manager-1.4.0-SNAPSHOT.jar:?]
	at org.apache.hadoop.ozone.protocolPB.OzoneManagerProtocolServerSideTranslatorPB.processRequest(OzoneManagerProtocolServerSideTranslatorPB.java:177) ~[ozone-manager-1.4.0-SNAPSHOT.jar:?]
	at org.apache.hadoop.hdds.server.OzoneProtocolMessageDispatcher.processRequest(OzoneProtocolMessageDispatcher.java:87) [hdds-server-framework-1.4.0-SNAPSHOT.jar:?]
	at org.apache.hadoop.ozone.protocolPB.OzoneManagerProtocolServerSideTranslatorPB.submitRequest(OzoneManagerProtocolServerSideTranslatorPB.java:147) [ozone-manager-1.4.0-SNAPSHOT.jar:?]
	at org.apache.hadoop.ozone.protocol.proto.OzoneManagerProtocolProtos$OzoneManagerService$2.callBlockingMethod(OzoneManagerProtocolProtos.java) [ozone-interface-client-1.4.0-SNAPSHOT.jar:?]
	at org.apache.hadoop.ipc.ProtobufRpcEngine$Server.processCall(ProtobufRpcEngine.java:484) [hadoop-common-3.3.5.jar:?]
	at org.apache.hadoop.ipc.ProtobufRpcEngine2$Server$ProtoBufRpcInvoker.call(ProtobufRpcEngine2.java:595) [hadoop-common-3.3.5.jar:?]
	at org.apache.hadoop.ipc.ProtobufRpcEngine2$Server$ProtoBufRpcInvoker.call(ProtobufRpcEngine2.java:573) [hadoop-common-3.3.5.jar:?]
	at org.apache.hadoop.ipc.RPC$Server.call(RPC.java:1213) [hadoop-common-3.3.5.jar:?]
	at org.apache.hadoop.ipc.Server$RpcCall.run(Server.java:1089) [hadoop-common-3.3.5.jar:?]
	at org.apache.hadoop.ipc.Server$RpcCall.run(Server.java:1012) [hadoop-common-3.3.5.jar:?]
	at java.security.AccessController.doPrivileged(Native Method) ~[?:1.8.0_362]
	at javax.security.auth.Subject.doAs(Subject.java:422) [?:1.8.0_362]
	at org.apache.hadoop.security.UserGroupInformation.doAs(UserGroupInformation.java:1899) [hadoop-common-3.3.5.jar:?]
	at org.apache.hadoop.ipc.Server$Handler.run(Server.java:3026) [hadoop-common-3.3.5.jar:?]
11:23:35.508 [IPC Server handler 11 on default port 36763] ERROR OMAudit - user=runner | ip=127.0.0.1 | op=GET_FILE_STATUS {volume=volume14578, bucket=bucket96393, key=d1/d2/d3/d4/invalidkey, dataSize=0, replicationConfig=null} | ret=FAILURE
org.apache.hadoop.ozone.om.exceptions.OMException: Unable to get file status: volume: volume14578 bucket: bucket96393 key: d1/d2/d3/d4/invalidkey
	at org.apache.hadoop.ozone.om.KeyManagerImpl.getOzoneFileStatus(KeyManagerImpl.java:1200) ~[ozone-manager-1.4.0-SNAPSHOT.jar:?]
	at org.apache.hadoop.ozone.om.KeyManagerImpl.getFileStatus(KeyManagerImpl.java:1118) ~[ozone-manager-1.4.0-SNAPSHOT.jar:?]
	at org.apache.hadoop.ozone.om.OmMetadataReader.getFileStatus(OmMetadataReader.java:288) ~[ozone-manager-1.4.0-SNAPSHOT.jar:?]
	at org.apache.hadoop.ozone.om.OzoneManager.getFileStatus(OzoneManager.java:3491) ~[ozone-manager-1.4.0-SNAPSHOT.jar:?]
	at org.apache.hadoop.ozone.protocolPB.OzoneManagerRequestHandler.getOzoneFileStatus(OzoneManagerRequestHandler.java:934) ~[ozone-manager-1.4.0-SNAPSHOT.jar:?]
	at org.apache.hadoop.ozone.protocolPB.OzoneManagerRequestHandler.handleReadRequest(OzoneManagerRequestHandler.java:238) ~[ozone-manager-1.4.0-SNAPSHOT.jar:?]
	at org.apache.hadoop.ozone.protocolPB.OzoneManagerProtocolServerSideTranslatorPB.submitReadRequestToOM(OzoneManagerProtocolServerSideTranslatorPB.java:223) ~[ozone-manager-1.4.0-SNAPSHOT.jar:?]
	at org.apache.hadoop.ozone.protocolPB.OzoneManagerProtocolServerSideTranslatorPB.processRequest(OzoneManagerProtocolServerSideTranslatorPB.java:177) ~[ozone-manager-1.4.0-SNAPSHOT.jar:?]
	at org.apache.hadoop.hdds.server.OzoneProtocolMessageDispatcher.processRequest(OzoneProtocolMessageDispatcher.java:87) [hdds-server-framework-1.4.0-SNAPSHOT.jar:?]
	at org.apache.hadoop.ozone.protocolPB.OzoneManagerProtocolServerSideTranslatorPB.submitRequest(OzoneManagerProtocolServerSideTranslatorPB.java:147) [ozone-manager-1.4.0-SNAPSHOT.jar:?]
	at org.apache.hadoop.ozone.protocol.proto.OzoneManagerProtocolProtos$OzoneManagerService$2.callBlockingMethod(OzoneManagerProtocolProtos.java) [ozone-interface-client-1.4.0-SNAPSHOT.jar:?]
	at org.apache.hadoop.ipc.ProtobufRpcEngine$Server.processCall(ProtobufRpcEngine.java:484) [hadoop-common-3.3.5.jar:?]
	at org.apache.hadoop.ipc.ProtobufRpcEngine2$Server$ProtoBufRpcInvoker.call(ProtobufRpcEngine2.java:595) [hadoop-common-3.3.5.jar:?]
	at org.apache.hadoop.ipc.ProtobufRpcEngine2$Server$ProtoBufRpcInvoker.call(ProtobufRpcEngine2.java:573) [hadoop-common-3.3.5.jar:?]
	at org.apache.hadoop.ipc.RPC$Server.call(RPC.java:1213) [hadoop-common-3.3.5.jar:?]
	at org.apache.hadoop.ipc.Server$RpcCall.run(Server.java:1089) [hadoop-common-3.3.5.jar:?]
	at org.apache.hadoop.ipc.Server$RpcCall.run(Server.java:1012) [hadoop-common-3.3.5.jar:?]
	at java.security.AccessController.doPrivileged(Native Method) ~[?:1.8.0_362]
	at javax.security.auth.Subject.doAs(Subject.java:422) [?:1.8.0_362]
	at org.apache.hadoop.security.UserGroupInformation.doAs(UserGroupInformation.java:1899) [hadoop-common-3.3.5.jar:?]
	at org.apache.hadoop.ipc.Server$Handler.run(Server.java:3026) [hadoop-common-3.3.5.jar:?]
]]></system-out>
  </testcase>
  <testcase name="testCreateFileShouldCheckExistenceOfDirWithSameName" classname="TestOzoneFileSystem" time="0.029">
    <system-out><![CDATA[2023-04-11 11:24:44,387 [IPC Server handler 9 on default port 36969] INFO  key.OMKeyRequest (OMKeyRequest.java:wrapUncommittedBlocksAsPseudoKey(838)) - Detect allocated but uncommitted blocks [{blockID={containerID=1, localID=111677748019200034}, length=4194304, offset=0, token=null, pipeline=null, createVersion=0, partNumber=0}] in key d1/d2/d3/d4/key1.
11:24:44.390 [IPC Server handler 7 on default port 36969] ERROR OMAudit - user=runner | ip=127.0.0.1 | op=CREATE_FILE {volume=volume23474, bucket=bucket17726, key=d1/d2/d3/d4/key2, dataSize=4194304, replicationType=RATIS, replicationFactor=THREE} | ret=FAILURE
org.apache.hadoop.ozone.om.exceptions.OMException: Can not write to directory: d1/d2/d3/d4/key2
	at org.apache.hadoop.ozone.om.request.file.OMFileCreateRequest.checkDirectoryResult(OMFileCreateRequest.java:363) ~[ozone-manager-1.4.0-SNAPSHOT.jar:?]
	at org.apache.hadoop.ozone.om.request.file.OMFileCreateRequest.validateAndUpdateCache(OMFileCreateRequest.java:238) ~[ozone-manager-1.4.0-SNAPSHOT.jar:?]
	at org.apache.hadoop.ozone.protocolPB.OzoneManagerRequestHandler.handleWriteRequest(OzoneManagerRequestHandler.java:337) ~[ozone-manager-1.4.0-SNAPSHOT.jar:?]
	at org.apache.hadoop.ozone.protocolPB.OzoneManagerProtocolServerSideTranslatorPB.submitRequestDirectlyToOM(OzoneManagerProtocolServerSideTranslatorPB.java:278) ~[ozone-manager-1.4.0-SNAPSHOT.jar:?]
	at org.apache.hadoop.ozone.protocolPB.OzoneManagerProtocolServerSideTranslatorPB.processRequest(OzoneManagerProtocolServerSideTranslatorPB.java:173) ~[ozone-manager-1.4.0-SNAPSHOT.jar:?]
	at org.apache.hadoop.hdds.server.OzoneProtocolMessageDispatcher.processRequest(OzoneProtocolMessageDispatcher.java:87) [hdds-server-framework-1.4.0-SNAPSHOT.jar:?]
	at org.apache.hadoop.ozone.protocolPB.OzoneManagerProtocolServerSideTranslatorPB.submitRequest(OzoneManagerProtocolServerSideTranslatorPB.java:147) [ozone-manager-1.4.0-SNAPSHOT.jar:?]
	at org.apache.hadoop.ozone.protocol.proto.OzoneManagerProtocolProtos$OzoneManagerService$2.callBlockingMethod(OzoneManagerProtocolProtos.java) [ozone-interface-client-1.4.0-SNAPSHOT.jar:?]
	at org.apache.hadoop.ipc.ProtobufRpcEngine$Server.processCall(ProtobufRpcEngine.java:484) [hadoop-common-3.3.5.jar:?]
	at org.apache.hadoop.ipc.ProtobufRpcEngine2$Server$ProtoBufRpcInvoker.call(ProtobufRpcEngine2.java:595) [hadoop-common-3.3.5.jar:?]
	at org.apache.hadoop.ipc.ProtobufRpcEngine2$Server$ProtoBufRpcInvoker.call(ProtobufRpcEngine2.java:573) [hadoop-common-3.3.5.jar:?]
	at org.apache.hadoop.ipc.RPC$Server.call(RPC.java:1213) [hadoop-common-3.3.5.jar:?]
	at org.apache.hadoop.ipc.Server$RpcCall.run(Server.java:1089) [hadoop-common-3.3.5.jar:?]
	at org.apache.hadoop.ipc.Server$RpcCall.run(Server.java:1012) [hadoop-common-3.3.5.jar:?]
	at java.security.AccessController.doPrivileged(Native Method) ~[?:1.8.0_362]
	at javax.security.auth.Subject.doAs(Subject.java:422) [?:1.8.0_362]
	at org.apache.hadoop.security.UserGroupInformation.doAs(UserGroupInformation.java:1899) [hadoop-common-3.3.5.jar:?]
	at org.apache.hadoop.ipc.Server$Handler.run(Server.java:3026) [hadoop-common-3.3.5.jar:?]
2023-04-11 11:24:44,390 [IPC Server handler 7 on default port 36969] ERROR file.OMFileCreateRequest (OMFileCreateRequest.java:validateAndUpdateCache(336)) - File create failed. Volume:volume23474, Bucket:bucket17726, Keyd1/d2/d3/d4/key2.
NOT_A_FILE org.apache.hadoop.ozone.om.exceptions.OMException: Can not write to directory: d1/d2/d3/d4/key2
	at org.apache.hadoop.ozone.om.request.file.OMFileCreateRequest.checkDirectoryResult(OMFileCreateRequest.java:363)
	at org.apache.hadoop.ozone.om.request.file.OMFileCreateRequest.validateAndUpdateCache(OMFileCreateRequest.java:238)
	at org.apache.hadoop.ozone.protocolPB.OzoneManagerRequestHandler.handleWriteRequest(OzoneManagerRequestHandler.java:337)
	at org.apache.hadoop.ozone.protocolPB.OzoneManagerProtocolServerSideTranslatorPB.submitRequestDirectlyToOM(OzoneManagerProtocolServerSideTranslatorPB.java:278)
	at org.apache.hadoop.ozone.protocolPB.OzoneManagerProtocolServerSideTranslatorPB.processRequest(OzoneManagerProtocolServerSideTranslatorPB.java:173)
	at org.apache.hadoop.hdds.server.OzoneProtocolMessageDispatcher.processRequest(OzoneProtocolMessageDispatcher.java:87)
	at org.apache.hadoop.ozone.protocolPB.OzoneManagerProtocolServerSideTranslatorPB.submitRequest(OzoneManagerProtocolServerSideTranslatorPB.java:147)
	at org.apache.hadoop.ozone.protocol.proto.OzoneManagerProtocolProtos$OzoneManagerService$2.callBlockingMethod(OzoneManagerProtocolProtos.java)
	at org.apache.hadoop.ipc.ProtobufRpcEngine$Server.processCall(ProtobufRpcEngine.java:484)
	at org.apache.hadoop.ipc.ProtobufRpcEngine2$Server$ProtoBufRpcInvoker.call(ProtobufRpcEngine2.java:595)
	at org.apache.hadoop.ipc.ProtobufRpcEngine2$Server$ProtoBufRpcInvoker.call(ProtobufRpcEngine2.java:573)
	at org.apache.hadoop.ipc.RPC$Server.call(RPC.java:1213)
	at org.apache.hadoop.ipc.Server$RpcCall.run(Server.java:1089)
	at org.apache.hadoop.ipc.Server$RpcCall.run(Server.java:1012)
	at java.security.AccessController.doPrivileged(Native Method)
	at javax.security.auth.Subject.doAs(Subject.java:422)
	at org.apache.hadoop.security.UserGroupInformation.doAs(UserGroupInformation.java:1899)
	at org.apache.hadoop.ipc.Server$Handler.run(Server.java:3026)
2023-04-11 11:24:44,396 [IPC Server handler 6 on default port 36969] INFO  key.OMKeyRequest (OMKeyRequest.java:wrapUncommittedBlocksAsPseudoKey(838)) - Detect allocated but uncommitted blocks [{blockID={containerID=1, localID=111677748019200036}, length=4194304, offset=0, token=null, pipeline=null, createVersion=0, partNumber=0}] in key d1/d2/d3/d4/key3.
11:24:44.397 [IPC Server handler 15 on default port 36969] ERROR OMAudit - user=runner | ip=127.0.0.1 | op=CREATE_DIRECTORY {volume=volume23474, bucket=bucket17726, key=d1/d2/d3/d4/key3, dataSize=0, replicationType=NONE, replicationFactor=ZERO} | ret=FAILURE
org.apache.hadoop.ozone.om.exceptions.OMException: Unable to create directory: d1/d2/d3/d4/key3 in volume/bucket: volume23474/bucket17726
	at org.apache.hadoop.ozone.om.request.file.OMDirectoryCreateRequest.validateAndUpdateCache(OMDirectoryCreateRequest.java:196) ~[ozone-manager-1.4.0-SNAPSHOT.jar:?]
	at org.apache.hadoop.ozone.protocolPB.OzoneManagerRequestHandler.handleWriteRequest(OzoneManagerRequestHandler.java:337) ~[ozone-manager-1.4.0-SNAPSHOT.jar:?]
	at org.apache.hadoop.ozone.protocolPB.OzoneManagerProtocolServerSideTranslatorPB.submitRequestDirectlyToOM(OzoneManagerProtocolServerSideTranslatorPB.java:278) ~[ozone-manager-1.4.0-SNAPSHOT.jar:?]
	at org.apache.hadoop.ozone.protocolPB.OzoneManagerProtocolServerSideTranslatorPB.processRequest(OzoneManagerProtocolServerSideTranslatorPB.java:173) ~[ozone-manager-1.4.0-SNAPSHOT.jar:?]
	at org.apache.hadoop.hdds.server.OzoneProtocolMessageDispatcher.processRequest(OzoneProtocolMessageDispatcher.java:87) [hdds-server-framework-1.4.0-SNAPSHOT.jar:?]
	at org.apache.hadoop.ozone.protocolPB.OzoneManagerProtocolServerSideTranslatorPB.submitRequest(OzoneManagerProtocolServerSideTranslatorPB.java:147) [ozone-manager-1.4.0-SNAPSHOT.jar:?]
	at org.apache.hadoop.ozone.protocol.proto.OzoneManagerProtocolProtos$OzoneManagerService$2.callBlockingMethod(OzoneManagerProtocolProtos.java) [ozone-interface-client-1.4.0-SNAPSHOT.jar:?]
	at org.apache.hadoop.ipc.ProtobufRpcEngine$Server.processCall(ProtobufRpcEngine.java:484) [hadoop-common-3.3.5.jar:?]
	at org.apache.hadoop.ipc.ProtobufRpcEngine2$Server$ProtoBufRpcInvoker.call(ProtobufRpcEngine2.java:595) [hadoop-common-3.3.5.jar:?]
	at org.apache.hadoop.ipc.ProtobufRpcEngine2$Server$ProtoBufRpcInvoker.call(ProtobufRpcEngine2.java:573) [hadoop-common-3.3.5.jar:?]
	at org.apache.hadoop.ipc.RPC$Server.call(RPC.java:1213) [hadoop-common-3.3.5.jar:?]
	at org.apache.hadoop.ipc.Server$RpcCall.run(Server.java:1089) [hadoop-common-3.3.5.jar:?]
	at org.apache.hadoop.ipc.Server$RpcCall.run(Server.java:1012) [hadoop-common-3.3.5.jar:?]
	at java.security.AccessController.doPrivileged(Native Method) ~[?:1.8.0_362]
	at javax.security.auth.Subject.doAs(Subject.java:422) [?:1.8.0_362]
	at org.apache.hadoop.security.UserGroupInformation.doAs(UserGroupInformation.java:1899) [hadoop-common-3.3.5.jar:?]
	at org.apache.hadoop.ipc.Server$Handler.run(Server.java:3026) [hadoop-common-3.3.5.jar:?]
2023-04-11 11:24:44,398 [IPC Server handler 15 on default port 36969] ERROR file.OMDirectoryCreateRequest (OMDirectoryCreateRequest.java:logResult(335)) - Directory creation failed. Volume:volume23474, Bucket:bucket17726, Keyd1/d2/d3/d4/key3. Exception:{}
FILE_ALREADY_EXISTS org.apache.hadoop.ozone.om.exceptions.OMException: Unable to create directory: d1/d2/d3/d4/key3 in volume/bucket: volume23474/bucket17726
	at org.apache.hadoop.ozone.om.request.file.OMDirectoryCreateRequest.validateAndUpdateCache(OMDirectoryCreateRequest.java:196)
	at org.apache.hadoop.ozone.protocolPB.OzoneManagerRequestHandler.handleWriteRequest(OzoneManagerRequestHandler.java:337)
	at org.apache.hadoop.ozone.protocolPB.OzoneManagerProtocolServerSideTranslatorPB.submitRequestDirectlyToOM(OzoneManagerProtocolServerSideTranslatorPB.java:278)
	at org.apache.hadoop.ozone.protocolPB.OzoneManagerProtocolServerSideTranslatorPB.processRequest(OzoneManagerProtocolServerSideTranslatorPB.java:173)
	at org.apache.hadoop.hdds.server.OzoneProtocolMessageDispatcher.processRequest(OzoneProtocolMessageDispatcher.java:87)
	at org.apache.hadoop.ozone.protocolPB.OzoneManagerProtocolServerSideTranslatorPB.submitRequest(OzoneManagerProtocolServerSideTranslatorPB.java:147)
	at org.apache.hadoop.ozone.protocol.proto.OzoneManagerProtocolProtos$OzoneManagerService$2.callBlockingMethod(OzoneManagerProtocolProtos.java)
	at org.apache.hadoop.ipc.ProtobufRpcEngine$Server.processCall(ProtobufRpcEngine.java:484)
	at org.apache.hadoop.ipc.ProtobufRpcEngine2$Server$ProtoBufRpcInvoker.call(ProtobufRpcEngine2.java:595)
	at org.apache.hadoop.ipc.ProtobufRpcEngine2$Server$ProtoBufRpcInvoker.call(ProtobufRpcEngine2.java:573)
	at org.apache.hadoop.ipc.RPC$Server.call(RPC.java:1213)
	at org.apache.hadoop.ipc.Server$RpcCall.run(Server.java:1089)
	at org.apache.hadoop.ipc.Server$RpcCall.run(Server.java:1012)
	at java.security.AccessController.doPrivileged(Native Method)
	at javax.security.auth.Subject.doAs(Subject.java:422)
	at org.apache.hadoop.security.UserGroupInformation.doAs(UserGroupInformation.java:1899)
	at org.apache.hadoop.ipc.Server$Handler.run(Server.java:3026)
11:24:44.404 [IPC Server handler 18 on default port 36969] ERROR OMAudit - user=runner | ip=127.0.0.1 | op=CREATE_FILE {volume=volume23474, bucket=bucket17726, key=d1/d2/d3, dataSize=4194304, replicationType=RATIS, replicationFactor=THREE} | ret=FAILURE
org.apache.hadoop.ozone.om.exceptions.OMException: Can not write to directory: d1/d2/d3
	at org.apache.hadoop.ozone.om.request.file.OMFileCreateRequest.checkDirectoryResult(OMFileCreateRequest.java:363) ~[ozone-manager-1.4.0-SNAPSHOT.jar:?]
	at org.apache.hadoop.ozone.om.request.file.OMFileCreateRequest.validateAndUpdateCache(OMFileCreateRequest.java:238) ~[ozone-manager-1.4.0-SNAPSHOT.jar:?]
	at org.apache.hadoop.ozone.protocolPB.OzoneManagerRequestHandler.handleWriteRequest(OzoneManagerRequestHandler.java:337) ~[ozone-manager-1.4.0-SNAPSHOT.jar:?]
	at org.apache.hadoop.ozone.protocolPB.OzoneManagerProtocolServerSideTranslatorPB.submitRequestDirectlyToOM(OzoneManagerProtocolServerSideTranslatorPB.java:278) ~[ozone-manager-1.4.0-SNAPSHOT.jar:?]
	at org.apache.hadoop.ozone.protocolPB.OzoneManagerProtocolServerSideTranslatorPB.processRequest(OzoneManagerProtocolServerSideTranslatorPB.java:173) ~[ozone-manager-1.4.0-SNAPSHOT.jar:?]
	at org.apache.hadoop.hdds.server.OzoneProtocolMessageDispatcher.processRequest(OzoneProtocolMessageDispatcher.java:87) [hdds-server-framework-1.4.0-SNAPSHOT.jar:?]
	at org.apache.hadoop.ozone.protocolPB.OzoneManagerProtocolServerSideTranslatorPB.submitRequest(OzoneManagerProtocolServerSideTranslatorPB.java:147) [ozone-manager-1.4.0-SNAPSHOT.jar:?]
	at org.apache.hadoop.ozone.protocol.proto.OzoneManagerProtocolProtos$OzoneManagerService$2.callBlockingMethod(OzoneManagerProtocolProtos.java) [ozone-interface-client-1.4.0-SNAPSHOT.jar:?]
	at org.apache.hadoop.ipc.ProtobufRpcEngine$Server.processCall(ProtobufRpcEngine.java:484) [hadoop-common-3.3.5.jar:?]
	at org.apache.hadoop.ipc.ProtobufRpcEngine2$Server$ProtoBufRpcInvoker.call(ProtobufRpcEngine2.java:595) [hadoop-common-3.3.5.jar:?]
	at org.apache.hadoop.ipc.ProtobufRpcEngine2$Server$ProtoBufRpcInvoker.call(ProtobufRpcEngine2.java:573) [hadoop-common-3.3.5.jar:?]
	at org.apache.hadoop.ipc.RPC$Server.call(RPC.java:1213) [hadoop-common-3.3.5.jar:?]
	at org.apache.hadoop.ipc.Server$RpcCall.run(Server.java:1089) [hadoop-common-3.3.5.jar:?]
	at org.apache.hadoop.ipc.Server$RpcCall.run(Server.java:1012) [hadoop-common-3.3.5.jar:?]
	at java.security.AccessController.doPrivileged(Native Method) ~[?:1.8.0_362]
	at javax.security.auth.Subject.doAs(Subject.java:422) [?:1.8.0_362]
	at org.apache.hadoop.security.UserGroupInformation.doAs(UserGroupInformation.java:1899) [hadoop-common-3.3.5.jar:?]
	at org.apache.hadoop.ipc.Server$Handler.run(Server.java:3026) [hadoop-common-3.3.5.jar:?]
2023-04-11 11:24:44,404 [IPC Server handler 18 on default port 36969] ERROR file.OMFileCreateRequest (OMFileCreateRequest.java:validateAndUpdateCache(336)) - File create failed. Volume:volume23474, Bucket:bucket17726, Keyd1/d2/d3.
NOT_A_FILE org.apache.hadoop.ozone.om.exceptions.OMException: Can not write to directory: d1/d2/d3
	at org.apache.hadoop.ozone.om.request.file.OMFileCreateRequest.checkDirectoryResult(OMFileCreateRequest.java:363)
	at org.apache.hadoop.ozone.om.request.file.OMFileCreateRequest.validateAndUpdateCache(OMFileCreateRequest.java:238)
	at org.apache.hadoop.ozone.protocolPB.OzoneManagerRequestHandler.handleWriteRequest(OzoneManagerRequestHandler.java:337)
	at org.apache.hadoop.ozone.protocolPB.OzoneManagerProtocolServerSideTranslatorPB.submitRequestDirectlyToOM(OzoneManagerProtocolServerSideTranslatorPB.java:278)
	at org.apache.hadoop.ozone.protocolPB.OzoneManagerProtocolServerSideTranslatorPB.processRequest(OzoneManagerProtocolServerSideTranslatorPB.java:173)
	at org.apache.hadoop.hdds.server.OzoneProtocolMessageDispatcher.processRequest(OzoneProtocolMessageDispatcher.java:87)
	at org.apache.hadoop.ozone.protocolPB.OzoneManagerProtocolServerSideTranslatorPB.submitRequest(OzoneManagerProtocolServerSideTranslatorPB.java:147)
	at org.apache.hadoop.ozone.protocol.proto.OzoneManagerProtocolProtos$OzoneManagerService$2.callBlockingMethod(OzoneManagerProtocolProtos.java)
	at org.apache.hadoop.ipc.ProtobufRpcEngine$Server.processCall(ProtobufRpcEngine.java:484)
	at org.apache.hadoop.ipc.ProtobufRpcEngine2$Server$ProtoBufRpcInvoker.call(ProtobufRpcEngine2.java:595)
	at org.apache.hadoop.ipc.ProtobufRpcEngine2$Server$ProtoBufRpcInvoker.call(ProtobufRpcEngine2.java:573)
	at org.apache.hadoop.ipc.RPC$Server.call(RPC.java:1213)
	at org.apache.hadoop.ipc.Server$RpcCall.run(Server.java:1089)
	at org.apache.hadoop.ipc.Server$RpcCall.run(Server.java:1012)
	at java.security.AccessController.doPrivileged(Native Method)
	at javax.security.auth.Subject.doAs(Subject.java:422)
	at org.apache.hadoop.security.UserGroupInformation.doAs(UserGroupInformation.java:1899)
	at org.apache.hadoop.ipc.Server$Handler.run(Server.java:3026)
11:24:44.405 [IPC Server handler 12 on default port 36969] ERROR OMAudit - user=runner | ip=127.0.0.1 | op=GET_FILE_STATUS {volume=volume23474, bucket=bucket17726, key=d1/d2/d3/d4/key3/invalid, dataSize=0, replicationConfig=null} | ret=FAILURE
org.apache.hadoop.ozone.om.exceptions.OMException: Unable to get file status: volume: volume23474 bucket: bucket17726 key: d1/d2/d3/d4/key3/invalid
	at org.apache.hadoop.ozone.om.KeyManagerImpl.getOzoneFileStatus(KeyManagerImpl.java:1200) ~[ozone-manager-1.4.0-SNAPSHOT.jar:?]
	at org.apache.hadoop.ozone.om.KeyManagerImpl.getFileStatus(KeyManagerImpl.java:1118) ~[ozone-manager-1.4.0-SNAPSHOT.jar:?]
	at org.apache.hadoop.ozone.om.OmMetadataReader.getFileStatus(OmMetadataReader.java:288) ~[ozone-manager-1.4.0-SNAPSHOT.jar:?]
	at org.apache.hadoop.ozone.om.OzoneManager.getFileStatus(OzoneManager.java:3491) ~[ozone-manager-1.4.0-SNAPSHOT.jar:?]
	at org.apache.hadoop.ozone.protocolPB.OzoneManagerRequestHandler.getOzoneFileStatus(OzoneManagerRequestHandler.java:934) ~[ozone-manager-1.4.0-SNAPSHOT.jar:?]
	at org.apache.hadoop.ozone.protocolPB.OzoneManagerRequestHandler.handleReadRequest(OzoneManagerRequestHandler.java:238) ~[ozone-manager-1.4.0-SNAPSHOT.jar:?]
	at org.apache.hadoop.ozone.protocolPB.OzoneManagerProtocolServerSideTranslatorPB.submitRequestDirectlyToOM(OzoneManagerProtocolServerSideTranslatorPB.java:272) ~[ozone-manager-1.4.0-SNAPSHOT.jar:?]
	at org.apache.hadoop.ozone.protocolPB.OzoneManagerProtocolServerSideTranslatorPB.processRequest(OzoneManagerProtocolServerSideTranslatorPB.java:173) ~[ozone-manager-1.4.0-SNAPSHOT.jar:?]
	at org.apache.hadoop.hdds.server.OzoneProtocolMessageDispatcher.processRequest(OzoneProtocolMessageDispatcher.java:87) [hdds-server-framework-1.4.0-SNAPSHOT.jar:?]
	at org.apache.hadoop.ozone.protocolPB.OzoneManagerProtocolServerSideTranslatorPB.submitRequest(OzoneManagerProtocolServerSideTranslatorPB.java:147) [ozone-manager-1.4.0-SNAPSHOT.jar:?]
	at org.apache.hadoop.ozone.protocol.proto.OzoneManagerProtocolProtos$OzoneManagerService$2.callBlockingMethod(OzoneManagerProtocolProtos.java) [ozone-interface-client-1.4.0-SNAPSHOT.jar:?]
	at org.apache.hadoop.ipc.ProtobufRpcEngine$Server.processCall(ProtobufRpcEngine.java:484) [hadoop-common-3.3.5.jar:?]
	at org.apache.hadoop.ipc.ProtobufRpcEngine2$Server$ProtoBufRpcInvoker.call(ProtobufRpcEngine2.java:595) [hadoop-common-3.3.5.jar:?]
	at org.apache.hadoop.ipc.ProtobufRpcEngine2$Server$ProtoBufRpcInvoker.call(ProtobufRpcEngine2.java:573) [hadoop-common-3.3.5.jar:?]
	at org.apache.hadoop.ipc.RPC$Server.call(RPC.java:1213) [hadoop-common-3.3.5.jar:?]
	at org.apache.hadoop.ipc.Server$RpcCall.run(Server.java:1089) [hadoop-common-3.3.5.jar:?]
	at org.apache.hadoop.ipc.Server$RpcCall.run(Server.java:1012) [hadoop-common-3.3.5.jar:?]
	at java.security.AccessController.doPrivileged(Native Method) ~[?:1.8.0_362]
	at javax.security.auth.Subject.doAs(Subject.java:422) [?:1.8.0_362]
	at org.apache.hadoop.security.UserGroupInformation.doAs(UserGroupInformation.java:1899) [hadoop-common-3.3.5.jar:?]
	at org.apache.hadoop.ipc.Server$Handler.run(Server.java:3026) [hadoop-common-3.3.5.jar:?]
11:24:44.407 [IPC Server handler 19 on default port 36969] ERROR OMAudit - user=runner | ip=127.0.0.1 | op=GET_FILE_STATUS {volume=volume23474, bucket=bucket17726, key=d1/d2/d3/d4/invalidkey, dataSize=0, replicationConfig=null} | ret=FAILURE
org.apache.hadoop.ozone.om.exceptions.OMException: Unable to get file status: volume: volume23474 bucket: bucket17726 key: d1/d2/d3/d4/invalidkey
	at org.apache.hadoop.ozone.om.KeyManagerImpl.getOzoneFileStatus(KeyManagerImpl.java:1200) ~[ozone-manager-1.4.0-SNAPSHOT.jar:?]
	at org.apache.hadoop.ozone.om.KeyManagerImpl.getFileStatus(KeyManagerImpl.java:1118) ~[ozone-manager-1.4.0-SNAPSHOT.jar:?]
	at org.apache.hadoop.ozone.om.OmMetadataReader.getFileStatus(OmMetadataReader.java:288) ~[ozone-manager-1.4.0-SNAPSHOT.jar:?]
	at org.apache.hadoop.ozone.om.OzoneManager.getFileStatus(OzoneManager.java:3491) ~[ozone-manager-1.4.0-SNAPSHOT.jar:?]
	at org.apache.hadoop.ozone.protocolPB.OzoneManagerRequestHandler.getOzoneFileStatus(OzoneManagerRequestHandler.java:934) ~[ozone-manager-1.4.0-SNAPSHOT.jar:?]
	at org.apache.hadoop.ozone.protocolPB.OzoneManagerRequestHandler.handleReadRequest(OzoneManagerRequestHandler.java:238) ~[ozone-manager-1.4.0-SNAPSHOT.jar:?]
	at org.apache.hadoop.ozone.protocolPB.OzoneManagerProtocolServerSideTranslatorPB.submitRequestDirectlyToOM(OzoneManagerProtocolServerSideTranslatorPB.java:272) ~[ozone-manager-1.4.0-SNAPSHOT.jar:?]
	at org.apache.hadoop.ozone.protocolPB.OzoneManagerProtocolServerSideTranslatorPB.processRequest(OzoneManagerProtocolServerSideTranslatorPB.java:173) ~[ozone-manager-1.4.0-SNAPSHOT.jar:?]
	at org.apache.hadoop.hdds.server.OzoneProtocolMessageDispatcher.processRequest(OzoneProtocolMessageDispatcher.java:87) [hdds-server-framework-1.4.0-SNAPSHOT.jar:?]
	at org.apache.hadoop.ozone.protocolPB.OzoneManagerProtocolServerSideTranslatorPB.submitRequest(OzoneManagerProtocolServerSideTranslatorPB.java:147) [ozone-manager-1.4.0-SNAPSHOT.jar:?]
	at org.apache.hadoop.ozone.protocol.proto.OzoneManagerProtocolProtos$OzoneManagerService$2.callBlockingMethod(OzoneManagerProtocolProtos.java) [ozone-interface-client-1.4.0-SNAPSHOT.jar:?]
	at org.apache.hadoop.ipc.ProtobufRpcEngine$Server.processCall(ProtobufRpcEngine.java:484) [hadoop-common-3.3.5.jar:?]
	at org.apache.hadoop.ipc.ProtobufRpcEngine2$Server$ProtoBufRpcInvoker.call(ProtobufRpcEngine2.java:595) [hadoop-common-3.3.5.jar:?]
	at org.apache.hadoop.ipc.ProtobufRpcEngine2$Server$ProtoBufRpcInvoker.call(ProtobufRpcEngine2.java:573) [hadoop-common-3.3.5.jar:?]
	at org.apache.hadoop.ipc.RPC$Server.call(RPC.java:1213) [hadoop-common-3.3.5.jar:?]
	at org.apache.hadoop.ipc.Server$RpcCall.run(Server.java:1089) [hadoop-common-3.3.5.jar:?]
	at org.apache.hadoop.ipc.Server$RpcCall.run(Server.java:1012) [hadoop-common-3.3.5.jar:?]
	at java.security.AccessController.doPrivileged(Native Method) ~[?:1.8.0_362]
	at javax.security.auth.Subject.doAs(Subject.java:422) [?:1.8.0_362]
	at org.apache.hadoop.security.UserGroupInformation.doAs(UserGroupInformation.java:1899) [hadoop-common-3.3.5.jar:?]
	at org.apache.hadoop.ipc.Server$Handler.run(Server.java:3026) [hadoop-common-3.3.5.jar:?]
]]></system-out>
  </testcase>
  <testcase name="testCreateFileShouldCheckExistenceOfDirWithSameName" classname="TestOzoneFileSystem" time="0.03">
    <system-out><![CDATA[2023-04-11 11:25:35,710 [OM StateMachine ApplyTransaction Thread - 0] INFO  key.OMKeyRequest (OMKeyRequest.java:wrapUncommittedBlocksAsPseudoKey(838)) - Detect allocated but uncommitted blocks [{blockID={containerID=1, localID=111677748019200034}, length=4194304, offset=0, token=null, pipeline=null, createVersion=0, partNumber=0}] in key d1/d2/d3/d4/key1.
11:25:35.714 [OM StateMachine ApplyTransaction Thread - 0] ERROR OMAudit - user=runner | ip=127.0.0.1 | op=CREATE_FILE {volume=volume21709, bucket=bucket98076, key=d1/d2/d3/d4/key2, dataSize=4194304, replicationType=RATIS, replicationFactor=THREE} | ret=FAILURE
org.apache.hadoop.ozone.om.exceptions.OMException: Can not write to directory: d1/d2/d3/d4/key2
	at org.apache.hadoop.ozone.om.request.file.OMFileCreateRequest.checkDirectoryResult(OMFileCreateRequest.java:363) ~[ozone-manager-1.4.0-SNAPSHOT.jar:?]
	at org.apache.hadoop.ozone.om.request.file.OMFileCreateRequest.validateAndUpdateCache(OMFileCreateRequest.java:238) ~[ozone-manager-1.4.0-SNAPSHOT.jar:?]
	at org.apache.hadoop.ozone.protocolPB.OzoneManagerRequestHandler.handleWriteRequest(OzoneManagerRequestHandler.java:337) ~[ozone-manager-1.4.0-SNAPSHOT.jar:?]
	at org.apache.hadoop.ozone.om.ratis.OzoneManagerStateMachine.runCommand(OzoneManagerStateMachine.java:541) ~[ozone-manager-1.4.0-SNAPSHOT.jar:?]
	at org.apache.hadoop.ozone.om.ratis.OzoneManagerStateMachine.lambda$1(OzoneManagerStateMachine.java:332) ~[ozone-manager-1.4.0-SNAPSHOT.jar:?]
	at java.util.concurrent.CompletableFuture$AsyncSupply.run(CompletableFuture.java:1604) [?:1.8.0_362]
	at java.util.concurrent.ThreadPoolExecutor.runWorker(ThreadPoolExecutor.java:1149) [?:1.8.0_362]
	at java.util.concurrent.ThreadPoolExecutor$Worker.run(ThreadPoolExecutor.java:624) [?:1.8.0_362]
	at java.lang.Thread.run(Thread.java:750) [?:1.8.0_362]
2023-04-11 11:25:35,714 [OM StateMachine ApplyTransaction Thread - 0] ERROR file.OMFileCreateRequest (OMFileCreateRequest.java:validateAndUpdateCache(336)) - File create failed. Volume:volume21709, Bucket:bucket98076, Keyd1/d2/d3/d4/key2.
NOT_A_FILE org.apache.hadoop.ozone.om.exceptions.OMException: Can not write to directory: d1/d2/d3/d4/key2
	at org.apache.hadoop.ozone.om.request.file.OMFileCreateRequest.checkDirectoryResult(OMFileCreateRequest.java:363)
	at org.apache.hadoop.ozone.om.request.file.OMFileCreateRequest.validateAndUpdateCache(OMFileCreateRequest.java:238)
	at org.apache.hadoop.ozone.protocolPB.OzoneManagerRequestHandler.handleWriteRequest(OzoneManagerRequestHandler.java:337)
	at org.apache.hadoop.ozone.om.ratis.OzoneManagerStateMachine.runCommand(OzoneManagerStateMachine.java:541)
	at org.apache.hadoop.ozone.om.ratis.OzoneManagerStateMachine.lambda$1(OzoneManagerStateMachine.java:332)
	at java.util.concurrent.CompletableFuture$AsyncSupply.run(CompletableFuture.java:1604)
	at java.util.concurrent.ThreadPoolExecutor.runWorker(ThreadPoolExecutor.java:1149)
	at java.util.concurrent.ThreadPoolExecutor$Worker.run(ThreadPoolExecutor.java:624)
	at java.lang.Thread.run(Thread.java:750)
2023-04-11 11:25:35,719 [OM StateMachine ApplyTransaction Thread - 0] INFO  key.OMKeyRequest (OMKeyRequest.java:wrapUncommittedBlocksAsPseudoKey(838)) - Detect allocated but uncommitted blocks [{blockID={containerID=1, localID=111677748019200036}, length=4194304, offset=0, token=null, pipeline=null, createVersion=0, partNumber=0}] in key d1/d2/d3/d4/key3.
11:25:35.721 [OM StateMachine ApplyTransaction Thread - 0] ERROR OMAudit - user=runner | ip=127.0.0.1 | op=CREATE_DIRECTORY {volume=volume21709, bucket=bucket98076, key=d1/d2/d3/d4/key3, dataSize=0, replicationType=NONE, replicationFactor=ZERO} | ret=FAILURE
org.apache.hadoop.ozone.om.exceptions.OMException: Unable to create directory: d1/d2/d3/d4/key3 in volume/bucket: volume21709/bucket98076
	at org.apache.hadoop.ozone.om.request.file.OMDirectoryCreateRequest.validateAndUpdateCache(OMDirectoryCreateRequest.java:196) ~[ozone-manager-1.4.0-SNAPSHOT.jar:?]
	at org.apache.hadoop.ozone.protocolPB.OzoneManagerRequestHandler.handleWriteRequest(OzoneManagerRequestHandler.java:337) ~[ozone-manager-1.4.0-SNAPSHOT.jar:?]
	at org.apache.hadoop.ozone.om.ratis.OzoneManagerStateMachine.runCommand(OzoneManagerStateMachine.java:541) ~[ozone-manager-1.4.0-SNAPSHOT.jar:?]
	at org.apache.hadoop.ozone.om.ratis.OzoneManagerStateMachine.lambda$1(OzoneManagerStateMachine.java:332) ~[ozone-manager-1.4.0-SNAPSHOT.jar:?]
	at java.util.concurrent.CompletableFuture$AsyncSupply.run(CompletableFuture.java:1604) [?:1.8.0_362]
	at java.util.concurrent.ThreadPoolExecutor.runWorker(ThreadPoolExecutor.java:1149) [?:1.8.0_362]
	at java.util.concurrent.ThreadPoolExecutor$Worker.run(ThreadPoolExecutor.java:624) [?:1.8.0_362]
	at java.lang.Thread.run(Thread.java:750) [?:1.8.0_362]
2023-04-11 11:25:35,721 [OM StateMachine ApplyTransaction Thread - 0] ERROR file.OMDirectoryCreateRequest (OMDirectoryCreateRequest.java:logResult(335)) - Directory creation failed. Volume:volume21709, Bucket:bucket98076, Keyd1/d2/d3/d4/key3. Exception:{}
FILE_ALREADY_EXISTS org.apache.hadoop.ozone.om.exceptions.OMException: Unable to create directory: d1/d2/d3/d4/key3 in volume/bucket: volume21709/bucket98076
	at org.apache.hadoop.ozone.om.request.file.OMDirectoryCreateRequest.validateAndUpdateCache(OMDirectoryCreateRequest.java:196)
	at org.apache.hadoop.ozone.protocolPB.OzoneManagerRequestHandler.handleWriteRequest(OzoneManagerRequestHandler.java:337)
	at org.apache.hadoop.ozone.om.ratis.OzoneManagerStateMachine.runCommand(OzoneManagerStateMachine.java:541)
	at org.apache.hadoop.ozone.om.ratis.OzoneManagerStateMachine.lambda$1(OzoneManagerStateMachine.java:332)
	at java.util.concurrent.CompletableFuture$AsyncSupply.run(CompletableFuture.java:1604)
	at java.util.concurrent.ThreadPoolExecutor.runWorker(ThreadPoolExecutor.java:1149)
	at java.util.concurrent.ThreadPoolExecutor$Worker.run(ThreadPoolExecutor.java:624)
	at java.lang.Thread.run(Thread.java:750)
11:25:35.727 [OM StateMachine ApplyTransaction Thread - 0] ERROR OMAudit - user=runner | ip=127.0.0.1 | op=CREATE_FILE {volume=volume21709, bucket=bucket98076, key=d1/d2/d3, dataSize=4194304, replicationType=RATIS, replicationFactor=THREE} | ret=FAILURE
org.apache.hadoop.ozone.om.exceptions.OMException: Can not write to directory: d1/d2/d3
	at org.apache.hadoop.ozone.om.request.file.OMFileCreateRequest.checkDirectoryResult(OMFileCreateRequest.java:363) ~[ozone-manager-1.4.0-SNAPSHOT.jar:?]
	at org.apache.hadoop.ozone.om.request.file.OMFileCreateRequest.validateAndUpdateCache(OMFileCreateRequest.java:238) ~[ozone-manager-1.4.0-SNAPSHOT.jar:?]
	at org.apache.hadoop.ozone.protocolPB.OzoneManagerRequestHandler.handleWriteRequest(OzoneManagerRequestHandler.java:337) ~[ozone-manager-1.4.0-SNAPSHOT.jar:?]
	at org.apache.hadoop.ozone.om.ratis.OzoneManagerStateMachine.runCommand(OzoneManagerStateMachine.java:541) ~[ozone-manager-1.4.0-SNAPSHOT.jar:?]
	at org.apache.hadoop.ozone.om.ratis.OzoneManagerStateMachine.lambda$1(OzoneManagerStateMachine.java:332) ~[ozone-manager-1.4.0-SNAPSHOT.jar:?]
	at java.util.concurrent.CompletableFuture$AsyncSupply.run(CompletableFuture.java:1604) [?:1.8.0_362]
	at java.util.concurrent.ThreadPoolExecutor.runWorker(ThreadPoolExecutor.java:1149) [?:1.8.0_362]
	at java.util.concurrent.ThreadPoolExecutor$Worker.run(ThreadPoolExecutor.java:624) [?:1.8.0_362]
	at java.lang.Thread.run(Thread.java:750) [?:1.8.0_362]
2023-04-11 11:25:35,727 [OM StateMachine ApplyTransaction Thread - 0] ERROR file.OMFileCreateRequest (OMFileCreateRequest.java:validateAndUpdateCache(336)) - File create failed. Volume:volume21709, Bucket:bucket98076, Keyd1/d2/d3.
NOT_A_FILE org.apache.hadoop.ozone.om.exceptions.OMException: Can not write to directory: d1/d2/d3
	at org.apache.hadoop.ozone.om.request.file.OMFileCreateRequest.checkDirectoryResult(OMFileCreateRequest.java:363)
	at org.apache.hadoop.ozone.om.request.file.OMFileCreateRequest.validateAndUpdateCache(OMFileCreateRequest.java:238)
	at org.apache.hadoop.ozone.protocolPB.OzoneManagerRequestHandler.handleWriteRequest(OzoneManagerRequestHandler.java:337)
	at org.apache.hadoop.ozone.om.ratis.OzoneManagerStateMachine.runCommand(OzoneManagerStateMachine.java:541)
	at org.apache.hadoop.ozone.om.ratis.OzoneManagerStateMachine.lambda$1(OzoneManagerStateMachine.java:332)
	at java.util.concurrent.CompletableFuture$AsyncSupply.run(CompletableFuture.java:1604)
	at java.util.concurrent.ThreadPoolExecutor.runWorker(ThreadPoolExecutor.java:1149)
	at java.util.concurrent.ThreadPoolExecutor$Worker.run(ThreadPoolExecutor.java:624)
	at java.lang.Thread.run(Thread.java:750)
11:25:35.729 [IPC Server handler 14 on default port 39679] ERROR OMAudit - user=runner | ip=127.0.0.1 | op=GET_FILE_STATUS {volume=volume21709, bucket=bucket98076, key=d1/d2/d3/d4/key3/invalid, dataSize=0, replicationConfig=null} | ret=FAILURE
org.apache.hadoop.ozone.om.exceptions.OMException: Unable to get file status: volume: volume21709 bucket: bucket98076 key: d1/d2/d3/d4/key3/invalid
	at org.apache.hadoop.ozone.om.KeyManagerImpl.getOzoneFileStatus(KeyManagerImpl.java:1200) ~[ozone-manager-1.4.0-SNAPSHOT.jar:?]
	at org.apache.hadoop.ozone.om.KeyManagerImpl.getFileStatus(KeyManagerImpl.java:1118) ~[ozone-manager-1.4.0-SNAPSHOT.jar:?]
	at org.apache.hadoop.ozone.om.OmMetadataReader.getFileStatus(OmMetadataReader.java:288) ~[ozone-manager-1.4.0-SNAPSHOT.jar:?]
	at org.apache.hadoop.ozone.om.OzoneManager.getFileStatus(OzoneManager.java:3491) ~[ozone-manager-1.4.0-SNAPSHOT.jar:?]
	at org.apache.hadoop.ozone.protocolPB.OzoneManagerRequestHandler.getOzoneFileStatus(OzoneManagerRequestHandler.java:934) ~[ozone-manager-1.4.0-SNAPSHOT.jar:?]
	at org.apache.hadoop.ozone.protocolPB.OzoneManagerRequestHandler.handleReadRequest(OzoneManagerRequestHandler.java:238) ~[ozone-manager-1.4.0-SNAPSHOT.jar:?]
	at org.apache.hadoop.ozone.protocolPB.OzoneManagerProtocolServerSideTranslatorPB.submitReadRequestToOM(OzoneManagerProtocolServerSideTranslatorPB.java:223) ~[ozone-manager-1.4.0-SNAPSHOT.jar:?]
	at org.apache.hadoop.ozone.protocolPB.OzoneManagerProtocolServerSideTranslatorPB.processRequest(OzoneManagerProtocolServerSideTranslatorPB.java:177) ~[ozone-manager-1.4.0-SNAPSHOT.jar:?]
	at org.apache.hadoop.hdds.server.OzoneProtocolMessageDispatcher.processRequest(OzoneProtocolMessageDispatcher.java:87) [hdds-server-framework-1.4.0-SNAPSHOT.jar:?]
	at org.apache.hadoop.ozone.protocolPB.OzoneManagerProtocolServerSideTranslatorPB.submitRequest(OzoneManagerProtocolServerSideTranslatorPB.java:147) [ozone-manager-1.4.0-SNAPSHOT.jar:?]
	at org.apache.hadoop.ozone.protocol.proto.OzoneManagerProtocolProtos$OzoneManagerService$2.callBlockingMethod(OzoneManagerProtocolProtos.java) [ozone-interface-client-1.4.0-SNAPSHOT.jar:?]
	at org.apache.hadoop.ipc.ProtobufRpcEngine$Server.processCall(ProtobufRpcEngine.java:484) [hadoop-common-3.3.5.jar:?]
	at org.apache.hadoop.ipc.ProtobufRpcEngine2$Server$ProtoBufRpcInvoker.call(ProtobufRpcEngine2.java:595) [hadoop-common-3.3.5.jar:?]
	at org.apache.hadoop.ipc.ProtobufRpcEngine2$Server$ProtoBufRpcInvoker.call(ProtobufRpcEngine2.java:573) [hadoop-common-3.3.5.jar:?]
	at org.apache.hadoop.ipc.RPC$Server.call(RPC.java:1213) [hadoop-common-3.3.5.jar:?]
	at org.apache.hadoop.ipc.Server$RpcCall.run(Server.java:1089) [hadoop-common-3.3.5.jar:?]
	at org.apache.hadoop.ipc.Server$RpcCall.run(Server.java:1012) [hadoop-common-3.3.5.jar:?]
	at java.security.AccessController.doPrivileged(Native Method) ~[?:1.8.0_362]
	at javax.security.auth.Subject.doAs(Subject.java:422) [?:1.8.0_362]
	at org.apache.hadoop.security.UserGroupInformation.doAs(UserGroupInformation.java:1899) [hadoop-common-3.3.5.jar:?]
	at org.apache.hadoop.ipc.Server$Handler.run(Server.java:3026) [hadoop-common-3.3.5.jar:?]
11:25:35.730 [IPC Server handler 17 on default port 39679] ERROR OMAudit - user=runner | ip=127.0.0.1 | op=GET_FILE_STATUS {volume=volume21709, bucket=bucket98076, key=d1/d2/d3/d4/invalidkey, dataSize=0, replicationConfig=null} | ret=FAILURE
org.apache.hadoop.ozone.om.exceptions.OMException: Unable to get file status: volume: volume21709 bucket: bucket98076 key: d1/d2/d3/d4/invalidkey
	at org.apache.hadoop.ozone.om.KeyManagerImpl.getOzoneFileStatus(KeyManagerImpl.java:1200) ~[ozone-manager-1.4.0-SNAPSHOT.jar:?]
	at org.apache.hadoop.ozone.om.KeyManagerImpl.getFileStatus(KeyManagerImpl.java:1118) ~[ozone-manager-1.4.0-SNAPSHOT.jar:?]
	at org.apache.hadoop.ozone.om.OmMetadataReader.getFileStatus(OmMetadataReader.java:288) ~[ozone-manager-1.4.0-SNAPSHOT.jar:?]
	at org.apache.hadoop.ozone.om.OzoneManager.getFileStatus(OzoneManager.java:3491) ~[ozone-manager-1.4.0-SNAPSHOT.jar:?]
	at org.apache.hadoop.ozone.protocolPB.OzoneManagerRequestHandler.getOzoneFileStatus(OzoneManagerRequestHandler.java:934) ~[ozone-manager-1.4.0-SNAPSHOT.jar:?]
	at org.apache.hadoop.ozone.protocolPB.OzoneManagerRequestHandler.handleReadRequest(OzoneManagerRequestHandler.java:238) ~[ozone-manager-1.4.0-SNAPSHOT.jar:?]
	at org.apache.hadoop.ozone.protocolPB.OzoneManagerProtocolServerSideTranslatorPB.submitReadRequestToOM(OzoneManagerProtocolServerSideTranslatorPB.java:223) ~[ozone-manager-1.4.0-SNAPSHOT.jar:?]
	at org.apache.hadoop.ozone.protocolPB.OzoneManagerProtocolServerSideTranslatorPB.processRequest(OzoneManagerProtocolServerSideTranslatorPB.java:177) ~[ozone-manager-1.4.0-SNAPSHOT.jar:?]
	at org.apache.hadoop.hdds.server.OzoneProtocolMessageDispatcher.processRequest(OzoneProtocolMessageDispatcher.java:87) [hdds-server-framework-1.4.0-SNAPSHOT.jar:?]
	at org.apache.hadoop.ozone.protocolPB.OzoneManagerProtocolServerSideTranslatorPB.submitRequest(OzoneManagerProtocolServerSideTranslatorPB.java:147) [ozone-manager-1.4.0-SNAPSHOT.jar:?]
	at org.apache.hadoop.ozone.protocol.proto.OzoneManagerProtocolProtos$OzoneManagerService$2.callBlockingMethod(OzoneManagerProtocolProtos.java) [ozone-interface-client-1.4.0-SNAPSHOT.jar:?]
	at org.apache.hadoop.ipc.ProtobufRpcEngine$Server.processCall(ProtobufRpcEngine.java:484) [hadoop-common-3.3.5.jar:?]
	at org.apache.hadoop.ipc.ProtobufRpcEngine2$Server$ProtoBufRpcInvoker.call(ProtobufRpcEngine2.java:595) [hadoop-common-3.3.5.jar:?]
	at org.apache.hadoop.ipc.ProtobufRpcEngine2$Server$ProtoBufRpcInvoker.call(ProtobufRpcEngine2.java:573) [hadoop-common-3.3.5.jar:?]
	at org.apache.hadoop.ipc.RPC$Server.call(RPC.java:1213) [hadoop-common-3.3.5.jar:?]
	at org.apache.hadoop.ipc.Server$RpcCall.run(Server.java:1089) [hadoop-common-3.3.5.jar:?]
	at org.apache.hadoop.ipc.Server$RpcCall.run(Server.java:1012) [hadoop-common-3.3.5.jar:?]
	at java.security.AccessController.doPrivileged(Native Method) ~[?:1.8.0_362]
	at javax.security.auth.Subject.doAs(Subject.java:422) [?:1.8.0_362]
	at org.apache.hadoop.security.UserGroupInformation.doAs(UserGroupInformation.java:1899) [hadoop-common-3.3.5.jar:?]
	at org.apache.hadoop.ipc.Server$Handler.run(Server.java:3026) [hadoop-common-3.3.5.jar:?]
]]></system-out>
  </testcase>
  <testcase name="testCreateFileShouldCheckExistenceOfDirWithSameName" classname="TestOzoneFileSystem" time="0.027">
    <system-out><![CDATA[2023-04-11 11:26:34,247 [IPC Server handler 10 on default port 44509] INFO  key.OMKeyRequest (OMKeyRequest.java:wrapUncommittedBlocksAsPseudoKey(838)) - Detect allocated but uncommitted blocks [{blockID={containerID=4, localID=111677748019200034}, length=4194304, offset=0, token=null, pipeline=null, createVersion=0, partNumber=0}] in key d1/d2/d3/d4/key1.
11:26:34.250 [IPC Server handler 19 on default port 44509] ERROR OMAudit - user=runner | ip=127.0.0.1 | op=CREATE_FILE {volume=volume17585, bucket=bucket91798, key=d1/d2/d3/d4/key2, dataSize=4194304, replicationType=RATIS, replicationFactor=THREE} | ret=FAILURE
org.apache.hadoop.ozone.om.exceptions.OMException: Can not write to directory: d1/d2/d3/d4/key2
	at org.apache.hadoop.ozone.om.request.file.OMFileCreateRequest.checkDirectoryResult(OMFileCreateRequest.java:363) ~[ozone-manager-1.4.0-SNAPSHOT.jar:?]
	at org.apache.hadoop.ozone.om.request.file.OMFileCreateRequest.validateAndUpdateCache(OMFileCreateRequest.java:238) ~[ozone-manager-1.4.0-SNAPSHOT.jar:?]
	at org.apache.hadoop.ozone.protocolPB.OzoneManagerRequestHandler.handleWriteRequest(OzoneManagerRequestHandler.java:337) ~[ozone-manager-1.4.0-SNAPSHOT.jar:?]
	at org.apache.hadoop.ozone.protocolPB.OzoneManagerProtocolServerSideTranslatorPB.submitRequestDirectlyToOM(OzoneManagerProtocolServerSideTranslatorPB.java:278) ~[ozone-manager-1.4.0-SNAPSHOT.jar:?]
	at org.apache.hadoop.ozone.protocolPB.OzoneManagerProtocolServerSideTranslatorPB.processRequest(OzoneManagerProtocolServerSideTranslatorPB.java:173) ~[ozone-manager-1.4.0-SNAPSHOT.jar:?]
	at org.apache.hadoop.hdds.server.OzoneProtocolMessageDispatcher.processRequest(OzoneProtocolMessageDispatcher.java:87) [hdds-server-framework-1.4.0-SNAPSHOT.jar:?]
	at org.apache.hadoop.ozone.protocolPB.OzoneManagerProtocolServerSideTranslatorPB.submitRequest(OzoneManagerProtocolServerSideTranslatorPB.java:147) [ozone-manager-1.4.0-SNAPSHOT.jar:?]
	at org.apache.hadoop.ozone.protocol.proto.OzoneManagerProtocolProtos$OzoneManagerService$2.callBlockingMethod(OzoneManagerProtocolProtos.java) [ozone-interface-client-1.4.0-SNAPSHOT.jar:?]
	at org.apache.hadoop.ipc.ProtobufRpcEngine$Server.processCall(ProtobufRpcEngine.java:484) [hadoop-common-3.3.5.jar:?]
	at org.apache.hadoop.ipc.ProtobufRpcEngine2$Server$ProtoBufRpcInvoker.call(ProtobufRpcEngine2.java:595) [hadoop-common-3.3.5.jar:?]
	at org.apache.hadoop.ipc.ProtobufRpcEngine2$Server$ProtoBufRpcInvoker.call(ProtobufRpcEngine2.java:573) [hadoop-common-3.3.5.jar:?]
	at org.apache.hadoop.ipc.RPC$Server.call(RPC.java:1213) [hadoop-common-3.3.5.jar:?]
	at org.apache.hadoop.ipc.Server$RpcCall.run(Server.java:1089) [hadoop-common-3.3.5.jar:?]
	at org.apache.hadoop.ipc.Server$RpcCall.run(Server.java:1012) [hadoop-common-3.3.5.jar:?]
	at java.security.AccessController.doPrivileged(Native Method) ~[?:1.8.0_362]
	at javax.security.auth.Subject.doAs(Subject.java:422) [?:1.8.0_362]
	at org.apache.hadoop.security.UserGroupInformation.doAs(UserGroupInformation.java:1899) [hadoop-common-3.3.5.jar:?]
	at org.apache.hadoop.ipc.Server$Handler.run(Server.java:3026) [hadoop-common-3.3.5.jar:?]
2023-04-11 11:26:34,250 [IPC Server handler 19 on default port 44509] ERROR file.OMFileCreateRequest (OMFileCreateRequest.java:validateAndUpdateCache(336)) - File create failed. Volume:volume17585, Bucket:bucket91798, Keyd1/d2/d3/d4/key2.
NOT_A_FILE org.apache.hadoop.ozone.om.exceptions.OMException: Can not write to directory: d1/d2/d3/d4/key2
	at org.apache.hadoop.ozone.om.request.file.OMFileCreateRequest.checkDirectoryResult(OMFileCreateRequest.java:363)
	at org.apache.hadoop.ozone.om.request.file.OMFileCreateRequest.validateAndUpdateCache(OMFileCreateRequest.java:238)
	at org.apache.hadoop.ozone.protocolPB.OzoneManagerRequestHandler.handleWriteRequest(OzoneManagerRequestHandler.java:337)
	at org.apache.hadoop.ozone.protocolPB.OzoneManagerProtocolServerSideTranslatorPB.submitRequestDirectlyToOM(OzoneManagerProtocolServerSideTranslatorPB.java:278)
	at org.apache.hadoop.ozone.protocolPB.OzoneManagerProtocolServerSideTranslatorPB.processRequest(OzoneManagerProtocolServerSideTranslatorPB.java:173)
	at org.apache.hadoop.hdds.server.OzoneProtocolMessageDispatcher.processRequest(OzoneProtocolMessageDispatcher.java:87)
	at org.apache.hadoop.ozone.protocolPB.OzoneManagerProtocolServerSideTranslatorPB.submitRequest(OzoneManagerProtocolServerSideTranslatorPB.java:147)
	at org.apache.hadoop.ozone.protocol.proto.OzoneManagerProtocolProtos$OzoneManagerService$2.callBlockingMethod(OzoneManagerProtocolProtos.java)
	at org.apache.hadoop.ipc.ProtobufRpcEngine$Server.processCall(ProtobufRpcEngine.java:484)
	at org.apache.hadoop.ipc.ProtobufRpcEngine2$Server$ProtoBufRpcInvoker.call(ProtobufRpcEngine2.java:595)
	at org.apache.hadoop.ipc.ProtobufRpcEngine2$Server$ProtoBufRpcInvoker.call(ProtobufRpcEngine2.java:573)
	at org.apache.hadoop.ipc.RPC$Server.call(RPC.java:1213)
	at org.apache.hadoop.ipc.Server$RpcCall.run(Server.java:1089)
	at org.apache.hadoop.ipc.Server$RpcCall.run(Server.java:1012)
	at java.security.AccessController.doPrivileged(Native Method)
	at javax.security.auth.Subject.doAs(Subject.java:422)
	at org.apache.hadoop.security.UserGroupInformation.doAs(UserGroupInformation.java:1899)
	at org.apache.hadoop.ipc.Server$Handler.run(Server.java:3026)
2023-04-11 11:26:34,257 [IPC Server handler 3 on default port 44509] INFO  key.OMKeyRequest (OMKeyRequest.java:wrapUncommittedBlocksAsPseudoKey(838)) - Detect allocated but uncommitted blocks [{blockID={containerID=3, localID=111677748019200036}, length=4194304, offset=0, token=null, pipeline=null, createVersion=0, partNumber=0}] in key d1/d2/d3/d4/key3.
11:26:34.257 [IPC Server handler 7 on default port 44509] ERROR OMAudit - user=runner | ip=127.0.0.1 | op=CREATE_DIRECTORY {volume=volume17585, bucket=bucket91798, key=d1/d2/d3/d4/key3, dataSize=0, replicationType=NONE, replicationFactor=ZERO} | ret=FAILURE
org.apache.hadoop.ozone.om.exceptions.OMException: Unable to create directory: d1/d2/d3/d4/key3 in volume/bucket: volume17585/bucket91798
	at org.apache.hadoop.ozone.om.request.file.OMDirectoryCreateRequest.validateAndUpdateCache(OMDirectoryCreateRequest.java:196) ~[ozone-manager-1.4.0-SNAPSHOT.jar:?]
	at org.apache.hadoop.ozone.protocolPB.OzoneManagerRequestHandler.handleWriteRequest(OzoneManagerRequestHandler.java:337) ~[ozone-manager-1.4.0-SNAPSHOT.jar:?]
	at org.apache.hadoop.ozone.protocolPB.OzoneManagerProtocolServerSideTranslatorPB.submitRequestDirectlyToOM(OzoneManagerProtocolServerSideTranslatorPB.java:278) ~[ozone-manager-1.4.0-SNAPSHOT.jar:?]
	at org.apache.hadoop.ozone.protocolPB.OzoneManagerProtocolServerSideTranslatorPB.processRequest(OzoneManagerProtocolServerSideTranslatorPB.java:173) ~[ozone-manager-1.4.0-SNAPSHOT.jar:?]
	at org.apache.hadoop.hdds.server.OzoneProtocolMessageDispatcher.processRequest(OzoneProtocolMessageDispatcher.java:87) [hdds-server-framework-1.4.0-SNAPSHOT.jar:?]
	at org.apache.hadoop.ozone.protocolPB.OzoneManagerProtocolServerSideTranslatorPB.submitRequest(OzoneManagerProtocolServerSideTranslatorPB.java:147) [ozone-manager-1.4.0-SNAPSHOT.jar:?]
	at org.apache.hadoop.ozone.protocol.proto.OzoneManagerProtocolProtos$OzoneManagerService$2.callBlockingMethod(OzoneManagerProtocolProtos.java) [ozone-interface-client-1.4.0-SNAPSHOT.jar:?]
	at org.apache.hadoop.ipc.ProtobufRpcEngine$Server.processCall(ProtobufRpcEngine.java:484) [hadoop-common-3.3.5.jar:?]
	at org.apache.hadoop.ipc.ProtobufRpcEngine2$Server$ProtoBufRpcInvoker.call(ProtobufRpcEngine2.java:595) [hadoop-common-3.3.5.jar:?]
	at org.apache.hadoop.ipc.ProtobufRpcEngine2$Server$ProtoBufRpcInvoker.call(ProtobufRpcEngine2.java:573) [hadoop-common-3.3.5.jar:?]
	at org.apache.hadoop.ipc.RPC$Server.call(RPC.java:1213) [hadoop-common-3.3.5.jar:?]
	at org.apache.hadoop.ipc.Server$RpcCall.run(Server.java:1089) [hadoop-common-3.3.5.jar:?]
	at org.apache.hadoop.ipc.Server$RpcCall.run(Server.java:1012) [hadoop-common-3.3.5.jar:?]
	at java.security.AccessController.doPrivileged(Native Method) ~[?:1.8.0_362]
	at javax.security.auth.Subject.doAs(Subject.java:422) [?:1.8.0_362]
	at org.apache.hadoop.security.UserGroupInformation.doAs(UserGroupInformation.java:1899) [hadoop-common-3.3.5.jar:?]
	at org.apache.hadoop.ipc.Server$Handler.run(Server.java:3026) [hadoop-common-3.3.5.jar:?]
2023-04-11 11:26:34,258 [IPC Server handler 7 on default port 44509] ERROR file.OMDirectoryCreateRequest (OMDirectoryCreateRequest.java:logResult(335)) - Directory creation failed. Volume:volume17585, Bucket:bucket91798, Keyd1/d2/d3/d4/key3. Exception:{}
FILE_ALREADY_EXISTS org.apache.hadoop.ozone.om.exceptions.OMException: Unable to create directory: d1/d2/d3/d4/key3 in volume/bucket: volume17585/bucket91798
	at org.apache.hadoop.ozone.om.request.file.OMDirectoryCreateRequest.validateAndUpdateCache(OMDirectoryCreateRequest.java:196)
	at org.apache.hadoop.ozone.protocolPB.OzoneManagerRequestHandler.handleWriteRequest(OzoneManagerRequestHandler.java:337)
	at org.apache.hadoop.ozone.protocolPB.OzoneManagerProtocolServerSideTranslatorPB.submitRequestDirectlyToOM(OzoneManagerProtocolServerSideTranslatorPB.java:278)
	at org.apache.hadoop.ozone.protocolPB.OzoneManagerProtocolServerSideTranslatorPB.processRequest(OzoneManagerProtocolServerSideTranslatorPB.java:173)
	at org.apache.hadoop.hdds.server.OzoneProtocolMessageDispatcher.processRequest(OzoneProtocolMessageDispatcher.java:87)
	at org.apache.hadoop.ozone.protocolPB.OzoneManagerProtocolServerSideTranslatorPB.submitRequest(OzoneManagerProtocolServerSideTranslatorPB.java:147)
	at org.apache.hadoop.ozone.protocol.proto.OzoneManagerProtocolProtos$OzoneManagerService$2.callBlockingMethod(OzoneManagerProtocolProtos.java)
	at org.apache.hadoop.ipc.ProtobufRpcEngine$Server.processCall(ProtobufRpcEngine.java:484)
	at org.apache.hadoop.ipc.ProtobufRpcEngine2$Server$ProtoBufRpcInvoker.call(ProtobufRpcEngine2.java:595)
	at org.apache.hadoop.ipc.ProtobufRpcEngine2$Server$ProtoBufRpcInvoker.call(ProtobufRpcEngine2.java:573)
	at org.apache.hadoop.ipc.RPC$Server.call(RPC.java:1213)
	at org.apache.hadoop.ipc.Server$RpcCall.run(Server.java:1089)
	at org.apache.hadoop.ipc.Server$RpcCall.run(Server.java:1012)
	at java.security.AccessController.doPrivileged(Native Method)
	at javax.security.auth.Subject.doAs(Subject.java:422)
	at org.apache.hadoop.security.UserGroupInformation.doAs(UserGroupInformation.java:1899)
	at org.apache.hadoop.ipc.Server$Handler.run(Server.java:3026)
11:26:34.261 [IPC Server handler 8 on default port 44509] ERROR OMAudit - user=runner | ip=127.0.0.1 | op=CREATE_FILE {volume=volume17585, bucket=bucket91798, key=d1/d2/d3, dataSize=4194304, replicationType=RATIS, replicationFactor=THREE} | ret=FAILURE
org.apache.hadoop.ozone.om.exceptions.OMException: Can not write to directory: d1/d2/d3
	at org.apache.hadoop.ozone.om.request.file.OMFileCreateRequest.checkDirectoryResult(OMFileCreateRequest.java:363) ~[ozone-manager-1.4.0-SNAPSHOT.jar:?]
	at org.apache.hadoop.ozone.om.request.file.OMFileCreateRequest.validateAndUpdateCache(OMFileCreateRequest.java:238) ~[ozone-manager-1.4.0-SNAPSHOT.jar:?]
	at org.apache.hadoop.ozone.protocolPB.OzoneManagerRequestHandler.handleWriteRequest(OzoneManagerRequestHandler.java:337) ~[ozone-manager-1.4.0-SNAPSHOT.jar:?]
	at org.apache.hadoop.ozone.protocolPB.OzoneManagerProtocolServerSideTranslatorPB.submitRequestDirectlyToOM(OzoneManagerProtocolServerSideTranslatorPB.java:278) ~[ozone-manager-1.4.0-SNAPSHOT.jar:?]
	at org.apache.hadoop.ozone.protocolPB.OzoneManagerProtocolServerSideTranslatorPB.processRequest(OzoneManagerProtocolServerSideTranslatorPB.java:173) ~[ozone-manager-1.4.0-SNAPSHOT.jar:?]
	at org.apache.hadoop.hdds.server.OzoneProtocolMessageDispatcher.processRequest(OzoneProtocolMessageDispatcher.java:87) [hdds-server-framework-1.4.0-SNAPSHOT.jar:?]
	at org.apache.hadoop.ozone.protocolPB.OzoneManagerProtocolServerSideTranslatorPB.submitRequest(OzoneManagerProtocolServerSideTranslatorPB.java:147) [ozone-manager-1.4.0-SNAPSHOT.jar:?]
	at org.apache.hadoop.ozone.protocol.proto.OzoneManagerProtocolProtos$OzoneManagerService$2.callBlockingMethod(OzoneManagerProtocolProtos.java) [ozone-interface-client-1.4.0-SNAPSHOT.jar:?]
	at org.apache.hadoop.ipc.ProtobufRpcEngine$Server.processCall(ProtobufRpcEngine.java:484) [hadoop-common-3.3.5.jar:?]
	at org.apache.hadoop.ipc.ProtobufRpcEngine2$Server$ProtoBufRpcInvoker.call(ProtobufRpcEngine2.java:595) [hadoop-common-3.3.5.jar:?]
	at org.apache.hadoop.ipc.ProtobufRpcEngine2$Server$ProtoBufRpcInvoker.call(ProtobufRpcEngine2.java:573) [hadoop-common-3.3.5.jar:?]
	at org.apache.hadoop.ipc.RPC$Server.call(RPC.java:1213) [hadoop-common-3.3.5.jar:?]
	at org.apache.hadoop.ipc.Server$RpcCall.run(Server.java:1089) [hadoop-common-3.3.5.jar:?]
	at org.apache.hadoop.ipc.Server$RpcCall.run(Server.java:1012) [hadoop-common-3.3.5.jar:?]
	at java.security.AccessController.doPrivileged(Native Method) ~[?:1.8.0_362]
	at javax.security.auth.Subject.doAs(Subject.java:422) [?:1.8.0_362]
	at org.apache.hadoop.security.UserGroupInformation.doAs(UserGroupInformation.java:1899) [hadoop-common-3.3.5.jar:?]
	at org.apache.hadoop.ipc.Server$Handler.run(Server.java:3026) [hadoop-common-3.3.5.jar:?]
2023-04-11 11:26:34,262 [IPC Server handler 8 on default port 44509] ERROR file.OMFileCreateRequest (OMFileCreateRequest.java:validateAndUpdateCache(336)) - File create failed. Volume:volume17585, Bucket:bucket91798, Keyd1/d2/d3.
NOT_A_FILE org.apache.hadoop.ozone.om.exceptions.OMException: Can not write to directory: d1/d2/d3
	at org.apache.hadoop.ozone.om.request.file.OMFileCreateRequest.checkDirectoryResult(OMFileCreateRequest.java:363)
	at org.apache.hadoop.ozone.om.request.file.OMFileCreateRequest.validateAndUpdateCache(OMFileCreateRequest.java:238)
	at org.apache.hadoop.ozone.protocolPB.OzoneManagerRequestHandler.handleWriteRequest(OzoneManagerRequestHandler.java:337)
	at org.apache.hadoop.ozone.protocolPB.OzoneManagerProtocolServerSideTranslatorPB.submitRequestDirectlyToOM(OzoneManagerProtocolServerSideTranslatorPB.java:278)
	at org.apache.hadoop.ozone.protocolPB.OzoneManagerProtocolServerSideTranslatorPB.processRequest(OzoneManagerProtocolServerSideTranslatorPB.java:173)
	at org.apache.hadoop.hdds.server.OzoneProtocolMessageDispatcher.processRequest(OzoneProtocolMessageDispatcher.java:87)
	at org.apache.hadoop.ozone.protocolPB.OzoneManagerProtocolServerSideTranslatorPB.submitRequest(OzoneManagerProtocolServerSideTranslatorPB.java:147)
	at org.apache.hadoop.ozone.protocol.proto.OzoneManagerProtocolProtos$OzoneManagerService$2.callBlockingMethod(OzoneManagerProtocolProtos.java)
	at org.apache.hadoop.ipc.ProtobufRpcEngine$Server.processCall(ProtobufRpcEngine.java:484)
	at org.apache.hadoop.ipc.ProtobufRpcEngine2$Server$ProtoBufRpcInvoker.call(ProtobufRpcEngine2.java:595)
	at org.apache.hadoop.ipc.ProtobufRpcEngine2$Server$ProtoBufRpcInvoker.call(ProtobufRpcEngine2.java:573)
	at org.apache.hadoop.ipc.RPC$Server.call(RPC.java:1213)
	at org.apache.hadoop.ipc.Server$RpcCall.run(Server.java:1089)
	at org.apache.hadoop.ipc.Server$RpcCall.run(Server.java:1012)
	at java.security.AccessController.doPrivileged(Native Method)
	at javax.security.auth.Subject.doAs(Subject.java:422)
	at org.apache.hadoop.security.UserGroupInformation.doAs(UserGroupInformation.java:1899)
	at org.apache.hadoop.ipc.Server$Handler.run(Server.java:3026)
11:26:34.265 [IPC Server handler 11 on default port 44509] ERROR OMAudit - user=runner | ip=127.0.0.1 | op=GET_FILE_STATUS {volume=volume17585, bucket=bucket91798, key=d1/d2/d3/d4/key3/invalid, dataSize=0, replicationConfig=null} | ret=FAILURE
org.apache.hadoop.ozone.om.exceptions.OMException: Unable to get file status: volume: volume17585 bucket: bucket91798 key: d1/d2/d3/d4/key3/invalid
	at org.apache.hadoop.ozone.om.KeyManagerImpl.getOzoneFileStatus(KeyManagerImpl.java:1200) ~[ozone-manager-1.4.0-SNAPSHOT.jar:?]
	at org.apache.hadoop.ozone.om.KeyManagerImpl.getFileStatus(KeyManagerImpl.java:1118) ~[ozone-manager-1.4.0-SNAPSHOT.jar:?]
	at org.apache.hadoop.ozone.om.OmMetadataReader.getFileStatus(OmMetadataReader.java:288) ~[ozone-manager-1.4.0-SNAPSHOT.jar:?]
	at org.apache.hadoop.ozone.om.OzoneManager.getFileStatus(OzoneManager.java:3491) ~[ozone-manager-1.4.0-SNAPSHOT.jar:?]
	at org.apache.hadoop.ozone.protocolPB.OzoneManagerRequestHandler.getOzoneFileStatus(OzoneManagerRequestHandler.java:934) ~[ozone-manager-1.4.0-SNAPSHOT.jar:?]
	at org.apache.hadoop.ozone.protocolPB.OzoneManagerRequestHandler.handleReadRequest(OzoneManagerRequestHandler.java:238) ~[ozone-manager-1.4.0-SNAPSHOT.jar:?]
	at org.apache.hadoop.ozone.protocolPB.OzoneManagerProtocolServerSideTranslatorPB.submitRequestDirectlyToOM(OzoneManagerProtocolServerSideTranslatorPB.java:272) ~[ozone-manager-1.4.0-SNAPSHOT.jar:?]
	at org.apache.hadoop.ozone.protocolPB.OzoneManagerProtocolServerSideTranslatorPB.processRequest(OzoneManagerProtocolServerSideTranslatorPB.java:173) ~[ozone-manager-1.4.0-SNAPSHOT.jar:?]
	at org.apache.hadoop.hdds.server.OzoneProtocolMessageDispatcher.processRequest(OzoneProtocolMessageDispatcher.java:87) [hdds-server-framework-1.4.0-SNAPSHOT.jar:?]
	at org.apache.hadoop.ozone.protocolPB.OzoneManagerProtocolServerSideTranslatorPB.submitRequest(OzoneManagerProtocolServerSideTranslatorPB.java:147) [ozone-manager-1.4.0-SNAPSHOT.jar:?]
	at org.apache.hadoop.ozone.protocol.proto.OzoneManagerProtocolProtos$OzoneManagerService$2.callBlockingMethod(OzoneManagerProtocolProtos.java) [ozone-interface-client-1.4.0-SNAPSHOT.jar:?]
	at org.apache.hadoop.ipc.ProtobufRpcEngine$Server.processCall(ProtobufRpcEngine.java:484) [hadoop-common-3.3.5.jar:?]
	at org.apache.hadoop.ipc.ProtobufRpcEngine2$Server$ProtoBufRpcInvoker.call(ProtobufRpcEngine2.java:595) [hadoop-common-3.3.5.jar:?]
	at org.apache.hadoop.ipc.ProtobufRpcEngine2$Server$ProtoBufRpcInvoker.call(ProtobufRpcEngine2.java:573) [hadoop-common-3.3.5.jar:?]
	at org.apache.hadoop.ipc.RPC$Server.call(RPC.java:1213) [hadoop-common-3.3.5.jar:?]
	at org.apache.hadoop.ipc.Server$RpcCall.run(Server.java:1089) [hadoop-common-3.3.5.jar:?]
	at org.apache.hadoop.ipc.Server$RpcCall.run(Server.java:1012) [hadoop-common-3.3.5.jar:?]
	at java.security.AccessController.doPrivileged(Native Method) ~[?:1.8.0_362]
	at javax.security.auth.Subject.doAs(Subject.java:422) [?:1.8.0_362]
	at org.apache.hadoop.security.UserGroupInformation.doAs(UserGroupInformation.java:1899) [hadoop-common-3.3.5.jar:?]
	at org.apache.hadoop.ipc.Server$Handler.run(Server.java:3026) [hadoop-common-3.3.5.jar:?]
11:26:34.265 [IPC Server handler 12 on default port 44509] ERROR OMAudit - user=runner | ip=127.0.0.1 | op=GET_FILE_STATUS {volume=volume17585, bucket=bucket91798, key=d1/d2/d3/d4/invalidkey, dataSize=0, replicationConfig=null} | ret=FAILURE
org.apache.hadoop.ozone.om.exceptions.OMException: Unable to get file status: volume: volume17585 bucket: bucket91798 key: d1/d2/d3/d4/invalidkey
	at org.apache.hadoop.ozone.om.KeyManagerImpl.getOzoneFileStatus(KeyManagerImpl.java:1200) ~[ozone-manager-1.4.0-SNAPSHOT.jar:?]
	at org.apache.hadoop.ozone.om.KeyManagerImpl.getFileStatus(KeyManagerImpl.java:1118) ~[ozone-manager-1.4.0-SNAPSHOT.jar:?]
	at org.apache.hadoop.ozone.om.OmMetadataReader.getFileStatus(OmMetadataReader.java:288) ~[ozone-manager-1.4.0-SNAPSHOT.jar:?]
	at org.apache.hadoop.ozone.om.OzoneManager.getFileStatus(OzoneManager.java:3491) ~[ozone-manager-1.4.0-SNAPSHOT.jar:?]
	at org.apache.hadoop.ozone.protocolPB.OzoneManagerRequestHandler.getOzoneFileStatus(OzoneManagerRequestHandler.java:934) ~[ozone-manager-1.4.0-SNAPSHOT.jar:?]
	at org.apache.hadoop.ozone.protocolPB.OzoneManagerRequestHandler.handleReadRequest(OzoneManagerRequestHandler.java:238) ~[ozone-manager-1.4.0-SNAPSHOT.jar:?]
	at org.apache.hadoop.ozone.protocolPB.OzoneManagerProtocolServerSideTranslatorPB.submitRequestDirectlyToOM(OzoneManagerProtocolServerSideTranslatorPB.java:272) ~[ozone-manager-1.4.0-SNAPSHOT.jar:?]
	at org.apache.hadoop.ozone.protocolPB.OzoneManagerProtocolServerSideTranslatorPB.processRequest(OzoneManagerProtocolServerSideTranslatorPB.java:173) ~[ozone-manager-1.4.0-SNAPSHOT.jar:?]
	at org.apache.hadoop.hdds.server.OzoneProtocolMessageDispatcher.processRequest(OzoneProtocolMessageDispatcher.java:87) [hdds-server-framework-1.4.0-SNAPSHOT.jar:?]
	at org.apache.hadoop.ozone.protocolPB.OzoneManagerProtocolServerSideTranslatorPB.submitRequest(OzoneManagerProtocolServerSideTranslatorPB.java:147) [ozone-manager-1.4.0-SNAPSHOT.jar:?]
	at org.apache.hadoop.ozone.protocol.proto.OzoneManagerProtocolProtos$OzoneManagerService$2.callBlockingMethod(OzoneManagerProtocolProtos.java) [ozone-interface-client-1.4.0-SNAPSHOT.jar:?]
	at org.apache.hadoop.ipc.ProtobufRpcEngine$Server.processCall(ProtobufRpcEngine.java:484) [hadoop-common-3.3.5.jar:?]
	at org.apache.hadoop.ipc.ProtobufRpcEngine2$Server$ProtoBufRpcInvoker.call(ProtobufRpcEngine2.java:595) [hadoop-common-3.3.5.jar:?]
	at org.apache.hadoop.ipc.ProtobufRpcEngine2$Server$ProtoBufRpcInvoker.call(ProtobufRpcEngine2.java:573) [hadoop-common-3.3.5.jar:?]
	at org.apache.hadoop.ipc.RPC$Server.call(RPC.java:1213) [hadoop-common-3.3.5.jar:?]
	at org.apache.hadoop.ipc.Server$RpcCall.run(Server.java:1089) [hadoop-common-3.3.5.jar:?]
	at org.apache.hadoop.ipc.Server$RpcCall.run(Server.java:1012) [hadoop-common-3.3.5.jar:?]
	at java.security.AccessController.doPrivileged(Native Method) ~[?:1.8.0_362]
	at javax.security.auth.Subject.doAs(Subject.java:422) [?:1.8.0_362]
	at org.apache.hadoop.security.UserGroupInformation.doAs(UserGroupInformation.java:1899) [hadoop-common-3.3.5.jar:?]
	at org.apache.hadoop.ipc.Server$Handler.run(Server.java:3026) [hadoop-common-3.3.5.jar:?]
]]></system-out>
  </testcase>
  <testcase name="testRenameContainDelimiterFile" classname="TestOzoneFileSystem" time="0.042">
    <system-out><![CDATA[2023-04-11 11:23:35,537 [OM StateMachine ApplyTransaction Thread - 0] INFO  key.OMKeyRequest (OMKeyRequest.java:wrapUncommittedBlocksAsPseudoKey(838)) - Detect allocated but uncommitted blocks [{blockID={containerID=6, localID=111677748019200038}, length=4194304, offset=0, token=null, pipeline=null, createVersion=0, partNumber=0}] in key dir1/dir2/key1.
11:23:35.540 [IPC Server handler 14 on default port 36763] ERROR OMAudit - user=runner | ip=127.0.0.1 | op=GET_FILE_STATUS {volume=volume14578, bucket=bucket96393, key=dir1/dir2/key2, dataSize=0, replicationConfig=null} | ret=FAILURE
org.apache.hadoop.ozone.om.exceptions.OMException: Unable to get file status: volume: volume14578 bucket: bucket96393 key: dir1/dir2/key2
	at org.apache.hadoop.ozone.om.KeyManagerImpl.getOzoneFileStatus(KeyManagerImpl.java:1200) ~[ozone-manager-1.4.0-SNAPSHOT.jar:?]
	at org.apache.hadoop.ozone.om.KeyManagerImpl.getFileStatus(KeyManagerImpl.java:1118) ~[ozone-manager-1.4.0-SNAPSHOT.jar:?]
	at org.apache.hadoop.ozone.om.OmMetadataReader.getFileStatus(OmMetadataReader.java:288) ~[ozone-manager-1.4.0-SNAPSHOT.jar:?]
	at org.apache.hadoop.ozone.om.OzoneManager.getFileStatus(OzoneManager.java:3491) ~[ozone-manager-1.4.0-SNAPSHOT.jar:?]
	at org.apache.hadoop.ozone.protocolPB.OzoneManagerRequestHandler.getOzoneFileStatus(OzoneManagerRequestHandler.java:934) ~[ozone-manager-1.4.0-SNAPSHOT.jar:?]
	at org.apache.hadoop.ozone.protocolPB.OzoneManagerRequestHandler.handleReadRequest(OzoneManagerRequestHandler.java:238) ~[ozone-manager-1.4.0-SNAPSHOT.jar:?]
	at org.apache.hadoop.ozone.protocolPB.OzoneManagerProtocolServerSideTranslatorPB.submitReadRequestToOM(OzoneManagerProtocolServerSideTranslatorPB.java:223) ~[ozone-manager-1.4.0-SNAPSHOT.jar:?]
	at org.apache.hadoop.ozone.protocolPB.OzoneManagerProtocolServerSideTranslatorPB.processRequest(OzoneManagerProtocolServerSideTranslatorPB.java:177) ~[ozone-manager-1.4.0-SNAPSHOT.jar:?]
	at org.apache.hadoop.hdds.server.OzoneProtocolMessageDispatcher.processRequest(OzoneProtocolMessageDispatcher.java:87) [hdds-server-framework-1.4.0-SNAPSHOT.jar:?]
	at org.apache.hadoop.ozone.protocolPB.OzoneManagerProtocolServerSideTranslatorPB.submitRequest(OzoneManagerProtocolServerSideTranslatorPB.java:147) [ozone-manager-1.4.0-SNAPSHOT.jar:?]
	at org.apache.hadoop.ozone.protocol.proto.OzoneManagerProtocolProtos$OzoneManagerService$2.callBlockingMethod(OzoneManagerProtocolProtos.java) [ozone-interface-client-1.4.0-SNAPSHOT.jar:?]
	at org.apache.hadoop.ipc.ProtobufRpcEngine$Server.processCall(ProtobufRpcEngine.java:484) [hadoop-common-3.3.5.jar:?]
	at org.apache.hadoop.ipc.ProtobufRpcEngine2$Server$ProtoBufRpcInvoker.call(ProtobufRpcEngine2.java:595) [hadoop-common-3.3.5.jar:?]
	at org.apache.hadoop.ipc.ProtobufRpcEngine2$Server$ProtoBufRpcInvoker.call(ProtobufRpcEngine2.java:573) [hadoop-common-3.3.5.jar:?]
	at org.apache.hadoop.ipc.RPC$Server.call(RPC.java:1213) [hadoop-common-3.3.5.jar:?]
	at org.apache.hadoop.ipc.Server$RpcCall.run(Server.java:1089) [hadoop-common-3.3.5.jar:?]
	at org.apache.hadoop.ipc.Server$RpcCall.run(Server.java:1012) [hadoop-common-3.3.5.jar:?]
	at java.security.AccessController.doPrivileged(Native Method) ~[?:1.8.0_362]
	at javax.security.auth.Subject.doAs(Subject.java:422) [?:1.8.0_362]
	at org.apache.hadoop.security.UserGroupInformation.doAs(UserGroupInformation.java:1899) [hadoop-common-3.3.5.jar:?]
	at org.apache.hadoop.ipc.Server$Handler.run(Server.java:3026) [hadoop-common-3.3.5.jar:?]
11:23:35.549 [IPC Server handler 3 on default port 36763] ERROR OMAudit - user=runner | ip=127.0.0.1 | op=GET_FILE_STATUS {volume=volume14578, bucket=bucket96393, key=dir1/dir2/key1, dataSize=0, replicationConfig=null} | ret=FAILURE
org.apache.hadoop.ozone.om.exceptions.OMException: Unable to get file status: volume: volume14578 bucket: bucket96393 key: dir1/dir2/key1
	at org.apache.hadoop.ozone.om.KeyManagerImpl.getOzoneFileStatus(KeyManagerImpl.java:1200) ~[ozone-manager-1.4.0-SNAPSHOT.jar:?]
	at org.apache.hadoop.ozone.om.KeyManagerImpl.getFileStatus(KeyManagerImpl.java:1118) ~[ozone-manager-1.4.0-SNAPSHOT.jar:?]
	at org.apache.hadoop.ozone.om.OmMetadataReader.getFileStatus(OmMetadataReader.java:288) ~[ozone-manager-1.4.0-SNAPSHOT.jar:?]
	at org.apache.hadoop.ozone.om.OzoneManager.getFileStatus(OzoneManager.java:3491) ~[ozone-manager-1.4.0-SNAPSHOT.jar:?]
	at org.apache.hadoop.ozone.protocolPB.OzoneManagerRequestHandler.getOzoneFileStatus(OzoneManagerRequestHandler.java:934) ~[ozone-manager-1.4.0-SNAPSHOT.jar:?]
	at org.apache.hadoop.ozone.protocolPB.OzoneManagerRequestHandler.handleReadRequest(OzoneManagerRequestHandler.java:238) ~[ozone-manager-1.4.0-SNAPSHOT.jar:?]
	at org.apache.hadoop.ozone.protocolPB.OzoneManagerProtocolServerSideTranslatorPB.submitReadRequestToOM(OzoneManagerProtocolServerSideTranslatorPB.java:223) ~[ozone-manager-1.4.0-SNAPSHOT.jar:?]
	at org.apache.hadoop.ozone.protocolPB.OzoneManagerProtocolServerSideTranslatorPB.processRequest(OzoneManagerProtocolServerSideTranslatorPB.java:177) ~[ozone-manager-1.4.0-SNAPSHOT.jar:?]
	at org.apache.hadoop.hdds.server.OzoneProtocolMessageDispatcher.processRequest(OzoneProtocolMessageDispatcher.java:87) [hdds-server-framework-1.4.0-SNAPSHOT.jar:?]
	at org.apache.hadoop.ozone.protocolPB.OzoneManagerProtocolServerSideTranslatorPB.submitRequest(OzoneManagerProtocolServerSideTranslatorPB.java:147) [ozone-manager-1.4.0-SNAPSHOT.jar:?]
	at org.apache.hadoop.ozone.protocol.proto.OzoneManagerProtocolProtos$OzoneManagerService$2.callBlockingMethod(OzoneManagerProtocolProtos.java) [ozone-interface-client-1.4.0-SNAPSHOT.jar:?]
	at org.apache.hadoop.ipc.ProtobufRpcEngine$Server.processCall(ProtobufRpcEngine.java:484) [hadoop-common-3.3.5.jar:?]
	at org.apache.hadoop.ipc.ProtobufRpcEngine2$Server$ProtoBufRpcInvoker.call(ProtobufRpcEngine2.java:595) [hadoop-common-3.3.5.jar:?]
	at org.apache.hadoop.ipc.ProtobufRpcEngine2$Server$ProtoBufRpcInvoker.call(ProtobufRpcEngine2.java:573) [hadoop-common-3.3.5.jar:?]
	at org.apache.hadoop.ipc.RPC$Server.call(RPC.java:1213) [hadoop-common-3.3.5.jar:?]
	at org.apache.hadoop.ipc.Server$RpcCall.run(Server.java:1089) [hadoop-common-3.3.5.jar:?]
	at org.apache.hadoop.ipc.Server$RpcCall.run(Server.java:1012) [hadoop-common-3.3.5.jar:?]
	at java.security.AccessController.doPrivileged(Native Method) ~[?:1.8.0_362]
	at javax.security.auth.Subject.doAs(Subject.java:422) [?:1.8.0_362]
	at org.apache.hadoop.security.UserGroupInformation.doAs(UserGroupInformation.java:1899) [hadoop-common-3.3.5.jar:?]
	at org.apache.hadoop.ipc.Server$Handler.run(Server.java:3026) [hadoop-common-3.3.5.jar:?]
11:23:35.552 [IPC Server handler 1 on default port 36763] ERROR OMAudit - user=runner | ip=127.0.0.1 | op=GET_FILE_STATUS {volume=volume14578, bucket=bucket96393, key=user/runner/dir1, dataSize=0, replicationConfig=null} | ret=FAILURE
org.apache.hadoop.ozone.om.exceptions.OMException: Unable to get file status: volume: volume14578 bucket: bucket96393 key: user/runner/dir1
	at org.apache.hadoop.ozone.om.KeyManagerImpl.getOzoneFileStatus(KeyManagerImpl.java:1200) ~[ozone-manager-1.4.0-SNAPSHOT.jar:?]
	at org.apache.hadoop.ozone.om.KeyManagerImpl.getFileStatus(KeyManagerImpl.java:1118) ~[ozone-manager-1.4.0-SNAPSHOT.jar:?]
	at org.apache.hadoop.ozone.om.OmMetadataReader.getFileStatus(OmMetadataReader.java:288) ~[ozone-manager-1.4.0-SNAPSHOT.jar:?]
	at org.apache.hadoop.ozone.om.OzoneManager.getFileStatus(OzoneManager.java:3491) ~[ozone-manager-1.4.0-SNAPSHOT.jar:?]
	at org.apache.hadoop.ozone.protocolPB.OzoneManagerRequestHandler.getOzoneFileStatus(OzoneManagerRequestHandler.java:934) ~[ozone-manager-1.4.0-SNAPSHOT.jar:?]
	at org.apache.hadoop.ozone.protocolPB.OzoneManagerRequestHandler.handleReadRequest(OzoneManagerRequestHandler.java:238) ~[ozone-manager-1.4.0-SNAPSHOT.jar:?]
	at org.apache.hadoop.ozone.protocolPB.OzoneManagerProtocolServerSideTranslatorPB.submitReadRequestToOM(OzoneManagerProtocolServerSideTranslatorPB.java:223) ~[ozone-manager-1.4.0-SNAPSHOT.jar:?]
	at org.apache.hadoop.ozone.protocolPB.OzoneManagerProtocolServerSideTranslatorPB.processRequest(OzoneManagerProtocolServerSideTranslatorPB.java:177) ~[ozone-manager-1.4.0-SNAPSHOT.jar:?]
	at org.apache.hadoop.hdds.server.OzoneProtocolMessageDispatcher.processRequest(OzoneProtocolMessageDispatcher.java:87) [hdds-server-framework-1.4.0-SNAPSHOT.jar:?]
	at org.apache.hadoop.ozone.protocolPB.OzoneManagerProtocolServerSideTranslatorPB.submitRequest(OzoneManagerProtocolServerSideTranslatorPB.java:147) [ozone-manager-1.4.0-SNAPSHOT.jar:?]
	at org.apache.hadoop.ozone.protocol.proto.OzoneManagerProtocolProtos$OzoneManagerService$2.callBlockingMethod(OzoneManagerProtocolProtos.java) [ozone-interface-client-1.4.0-SNAPSHOT.jar:?]
	at org.apache.hadoop.ipc.ProtobufRpcEngine$Server.processCall(ProtobufRpcEngine.java:484) [hadoop-common-3.3.5.jar:?]
	at org.apache.hadoop.ipc.ProtobufRpcEngine2$Server$ProtoBufRpcInvoker.call(ProtobufRpcEngine2.java:595) [hadoop-common-3.3.5.jar:?]
	at org.apache.hadoop.ipc.ProtobufRpcEngine2$Server$ProtoBufRpcInvoker.call(ProtobufRpcEngine2.java:573) [hadoop-common-3.3.5.jar:?]
	at org.apache.hadoop.ipc.RPC$Server.call(RPC.java:1213) [hadoop-common-3.3.5.jar:?]
	at org.apache.hadoop.ipc.Server$RpcCall.run(Server.java:1089) [hadoop-common-3.3.5.jar:?]
	at org.apache.hadoop.ipc.Server$RpcCall.run(Server.java:1012) [hadoop-common-3.3.5.jar:?]
	at java.security.AccessController.doPrivileged(Native Method) ~[?:1.8.0_362]
	at javax.security.auth.Subject.doAs(Subject.java:422) [?:1.8.0_362]
	at org.apache.hadoop.security.UserGroupInformation.doAs(UserGroupInformation.java:1899) [hadoop-common-3.3.5.jar:?]
	at org.apache.hadoop.ipc.Server$Handler.run(Server.java:3026) [hadoop-common-3.3.5.jar:?]
11:23:35.553 [IPC Server handler 11 on default port 36763] ERROR OMAudit - user=runner | ip=127.0.0.1 | op=GET_FILE_STATUS {volume=volume14578, bucket=bucket96393, key=user/runner/dir1/dir2, dataSize=0, replicationConfig=null} | ret=FAILURE
org.apache.hadoop.ozone.om.exceptions.OMException: Unable to get file status: volume: volume14578 bucket: bucket96393 key: user/runner/dir1/dir2
	at org.apache.hadoop.ozone.om.KeyManagerImpl.getOzoneFileStatus(KeyManagerImpl.java:1200) ~[ozone-manager-1.4.0-SNAPSHOT.jar:?]
	at org.apache.hadoop.ozone.om.KeyManagerImpl.getFileStatus(KeyManagerImpl.java:1118) ~[ozone-manager-1.4.0-SNAPSHOT.jar:?]
	at org.apache.hadoop.ozone.om.OmMetadataReader.getFileStatus(OmMetadataReader.java:288) ~[ozone-manager-1.4.0-SNAPSHOT.jar:?]
	at org.apache.hadoop.ozone.om.OzoneManager.getFileStatus(OzoneManager.java:3491) ~[ozone-manager-1.4.0-SNAPSHOT.jar:?]
	at org.apache.hadoop.ozone.protocolPB.OzoneManagerRequestHandler.getOzoneFileStatus(OzoneManagerRequestHandler.java:934) ~[ozone-manager-1.4.0-SNAPSHOT.jar:?]
	at org.apache.hadoop.ozone.protocolPB.OzoneManagerRequestHandler.handleReadRequest(OzoneManagerRequestHandler.java:238) ~[ozone-manager-1.4.0-SNAPSHOT.jar:?]
	at org.apache.hadoop.ozone.protocolPB.OzoneManagerProtocolServerSideTranslatorPB.submitReadRequestToOM(OzoneManagerProtocolServerSideTranslatorPB.java:223) ~[ozone-manager-1.4.0-SNAPSHOT.jar:?]
	at org.apache.hadoop.ozone.protocolPB.OzoneManagerProtocolServerSideTranslatorPB.processRequest(OzoneManagerProtocolServerSideTranslatorPB.java:177) ~[ozone-manager-1.4.0-SNAPSHOT.jar:?]
	at org.apache.hadoop.hdds.server.OzoneProtocolMessageDispatcher.processRequest(OzoneProtocolMessageDispatcher.java:87) [hdds-server-framework-1.4.0-SNAPSHOT.jar:?]
	at org.apache.hadoop.ozone.protocolPB.OzoneManagerProtocolServerSideTranslatorPB.submitRequest(OzoneManagerProtocolServerSideTranslatorPB.java:147) [ozone-manager-1.4.0-SNAPSHOT.jar:?]
	at org.apache.hadoop.ozone.protocol.proto.OzoneManagerProtocolProtos$OzoneManagerService$2.callBlockingMethod(OzoneManagerProtocolProtos.java) [ozone-interface-client-1.4.0-SNAPSHOT.jar:?]
	at org.apache.hadoop.ipc.ProtobufRpcEngine$Server.processCall(ProtobufRpcEngine.java:484) [hadoop-common-3.3.5.jar:?]
	at org.apache.hadoop.ipc.ProtobufRpcEngine2$Server$ProtoBufRpcInvoker.call(ProtobufRpcEngine2.java:595) [hadoop-common-3.3.5.jar:?]
	at org.apache.hadoop.ipc.ProtobufRpcEngine2$Server$ProtoBufRpcInvoker.call(ProtobufRpcEngine2.java:573) [hadoop-common-3.3.5.jar:?]
	at org.apache.hadoop.ipc.RPC$Server.call(RPC.java:1213) [hadoop-common-3.3.5.jar:?]
	at org.apache.hadoop.ipc.Server$RpcCall.run(Server.java:1089) [hadoop-common-3.3.5.jar:?]
	at org.apache.hadoop.ipc.Server$RpcCall.run(Server.java:1012) [hadoop-common-3.3.5.jar:?]
	at java.security.AccessController.doPrivileged(Native Method) ~[?:1.8.0_362]
	at javax.security.auth.Subject.doAs(Subject.java:422) [?:1.8.0_362]
	at org.apache.hadoop.security.UserGroupInformation.doAs(UserGroupInformation.java:1899) [hadoop-common-3.3.5.jar:?]
	at org.apache.hadoop.ipc.Server$Handler.run(Server.java:3026) [hadoop-common-3.3.5.jar:?]
]]></system-out>
  </testcase>
  <testcase name="testRenameContainDelimiterFile" classname="TestOzoneFileSystem" time="0.018">
    <system-out><![CDATA[2023-04-11 11:24:44,417 [IPC Server handler 4 on default port 36969] INFO  key.OMKeyRequest (OMKeyRequest.java:wrapUncommittedBlocksAsPseudoKey(838)) - Detect allocated but uncommitted blocks [{blockID={containerID=6, localID=111677748019200038}, length=4194304, offset=0, token=null, pipeline=null, createVersion=0, partNumber=0}] in key dir1/dir2/key1.
11:24:44.418 [IPC Server handler 9 on default port 36969] ERROR OMAudit - user=runner | ip=127.0.0.1 | op=GET_FILE_STATUS {volume=volume23474, bucket=bucket17726, key=dir1/dir2/key2, dataSize=0, replicationConfig=null} | ret=FAILURE
org.apache.hadoop.ozone.om.exceptions.OMException: Unable to get file status: volume: volume23474 bucket: bucket17726 key: dir1/dir2/key2
	at org.apache.hadoop.ozone.om.KeyManagerImpl.getOzoneFileStatus(KeyManagerImpl.java:1200) ~[ozone-manager-1.4.0-SNAPSHOT.jar:?]
	at org.apache.hadoop.ozone.om.KeyManagerImpl.getFileStatus(KeyManagerImpl.java:1118) ~[ozone-manager-1.4.0-SNAPSHOT.jar:?]
	at org.apache.hadoop.ozone.om.OmMetadataReader.getFileStatus(OmMetadataReader.java:288) ~[ozone-manager-1.4.0-SNAPSHOT.jar:?]
	at org.apache.hadoop.ozone.om.OzoneManager.getFileStatus(OzoneManager.java:3491) ~[ozone-manager-1.4.0-SNAPSHOT.jar:?]
	at org.apache.hadoop.ozone.protocolPB.OzoneManagerRequestHandler.getOzoneFileStatus(OzoneManagerRequestHandler.java:934) ~[ozone-manager-1.4.0-SNAPSHOT.jar:?]
	at org.apache.hadoop.ozone.protocolPB.OzoneManagerRequestHandler.handleReadRequest(OzoneManagerRequestHandler.java:238) ~[ozone-manager-1.4.0-SNAPSHOT.jar:?]
	at org.apache.hadoop.ozone.protocolPB.OzoneManagerProtocolServerSideTranslatorPB.submitRequestDirectlyToOM(OzoneManagerProtocolServerSideTranslatorPB.java:272) ~[ozone-manager-1.4.0-SNAPSHOT.jar:?]
	at org.apache.hadoop.ozone.protocolPB.OzoneManagerProtocolServerSideTranslatorPB.processRequest(OzoneManagerProtocolServerSideTranslatorPB.java:173) ~[ozone-manager-1.4.0-SNAPSHOT.jar:?]
	at org.apache.hadoop.hdds.server.OzoneProtocolMessageDispatcher.processRequest(OzoneProtocolMessageDispatcher.java:87) [hdds-server-framework-1.4.0-SNAPSHOT.jar:?]
	at org.apache.hadoop.ozone.protocolPB.OzoneManagerProtocolServerSideTranslatorPB.submitRequest(OzoneManagerProtocolServerSideTranslatorPB.java:147) [ozone-manager-1.4.0-SNAPSHOT.jar:?]
	at org.apache.hadoop.ozone.protocol.proto.OzoneManagerProtocolProtos$OzoneManagerService$2.callBlockingMethod(OzoneManagerProtocolProtos.java) [ozone-interface-client-1.4.0-SNAPSHOT.jar:?]
	at org.apache.hadoop.ipc.ProtobufRpcEngine$Server.processCall(ProtobufRpcEngine.java:484) [hadoop-common-3.3.5.jar:?]
	at org.apache.hadoop.ipc.ProtobufRpcEngine2$Server$ProtoBufRpcInvoker.call(ProtobufRpcEngine2.java:595) [hadoop-common-3.3.5.jar:?]
	at org.apache.hadoop.ipc.ProtobufRpcEngine2$Server$ProtoBufRpcInvoker.call(ProtobufRpcEngine2.java:573) [hadoop-common-3.3.5.jar:?]
	at org.apache.hadoop.ipc.RPC$Server.call(RPC.java:1213) [hadoop-common-3.3.5.jar:?]
	at org.apache.hadoop.ipc.Server$RpcCall.run(Server.java:1089) [hadoop-common-3.3.5.jar:?]
	at org.apache.hadoop.ipc.Server$RpcCall.run(Server.java:1012) [hadoop-common-3.3.5.jar:?]
	at java.security.AccessController.doPrivileged(Native Method) ~[?:1.8.0_362]
	at javax.security.auth.Subject.doAs(Subject.java:422) [?:1.8.0_362]
	at org.apache.hadoop.security.UserGroupInformation.doAs(UserGroupInformation.java:1899) [hadoop-common-3.3.5.jar:?]
	at org.apache.hadoop.ipc.Server$Handler.run(Server.java:3026) [hadoop-common-3.3.5.jar:?]
11:24:44.422 [IPC Server handler 18 on default port 36969] ERROR OMAudit - user=runner | ip=127.0.0.1 | op=GET_FILE_STATUS {volume=volume23474, bucket=bucket17726, key=dir1/dir2/key1, dataSize=0, replicationConfig=null} | ret=FAILURE
org.apache.hadoop.ozone.om.exceptions.OMException: Unable to get file status: volume: volume23474 bucket: bucket17726 key: dir1/dir2/key1
	at org.apache.hadoop.ozone.om.KeyManagerImpl.getOzoneFileStatus(KeyManagerImpl.java:1200) ~[ozone-manager-1.4.0-SNAPSHOT.jar:?]
	at org.apache.hadoop.ozone.om.KeyManagerImpl.getFileStatus(KeyManagerImpl.java:1118) ~[ozone-manager-1.4.0-SNAPSHOT.jar:?]
	at org.apache.hadoop.ozone.om.OmMetadataReader.getFileStatus(OmMetadataReader.java:288) ~[ozone-manager-1.4.0-SNAPSHOT.jar:?]
	at org.apache.hadoop.ozone.om.OzoneManager.getFileStatus(OzoneManager.java:3491) ~[ozone-manager-1.4.0-SNAPSHOT.jar:?]
	at org.apache.hadoop.ozone.protocolPB.OzoneManagerRequestHandler.getOzoneFileStatus(OzoneManagerRequestHandler.java:934) ~[ozone-manager-1.4.0-SNAPSHOT.jar:?]
	at org.apache.hadoop.ozone.protocolPB.OzoneManagerRequestHandler.handleReadRequest(OzoneManagerRequestHandler.java:238) ~[ozone-manager-1.4.0-SNAPSHOT.jar:?]
	at org.apache.hadoop.ozone.protocolPB.OzoneManagerProtocolServerSideTranslatorPB.submitRequestDirectlyToOM(OzoneManagerProtocolServerSideTranslatorPB.java:272) ~[ozone-manager-1.4.0-SNAPSHOT.jar:?]
	at org.apache.hadoop.ozone.protocolPB.OzoneManagerProtocolServerSideTranslatorPB.processRequest(OzoneManagerProtocolServerSideTranslatorPB.java:173) ~[ozone-manager-1.4.0-SNAPSHOT.jar:?]
	at org.apache.hadoop.hdds.server.OzoneProtocolMessageDispatcher.processRequest(OzoneProtocolMessageDispatcher.java:87) [hdds-server-framework-1.4.0-SNAPSHOT.jar:?]
	at org.apache.hadoop.ozone.protocolPB.OzoneManagerProtocolServerSideTranslatorPB.submitRequest(OzoneManagerProtocolServerSideTranslatorPB.java:147) [ozone-manager-1.4.0-SNAPSHOT.jar:?]
	at org.apache.hadoop.ozone.protocol.proto.OzoneManagerProtocolProtos$OzoneManagerService$2.callBlockingMethod(OzoneManagerProtocolProtos.java) [ozone-interface-client-1.4.0-SNAPSHOT.jar:?]
	at org.apache.hadoop.ipc.ProtobufRpcEngine$Server.processCall(ProtobufRpcEngine.java:484) [hadoop-common-3.3.5.jar:?]
	at org.apache.hadoop.ipc.ProtobufRpcEngine2$Server$ProtoBufRpcInvoker.call(ProtobufRpcEngine2.java:595) [hadoop-common-3.3.5.jar:?]
	at org.apache.hadoop.ipc.ProtobufRpcEngine2$Server$ProtoBufRpcInvoker.call(ProtobufRpcEngine2.java:573) [hadoop-common-3.3.5.jar:?]
	at org.apache.hadoop.ipc.RPC$Server.call(RPC.java:1213) [hadoop-common-3.3.5.jar:?]
	at org.apache.hadoop.ipc.Server$RpcCall.run(Server.java:1089) [hadoop-common-3.3.5.jar:?]
	at org.apache.hadoop.ipc.Server$RpcCall.run(Server.java:1012) [hadoop-common-3.3.5.jar:?]
	at java.security.AccessController.doPrivileged(Native Method) ~[?:1.8.0_362]
	at javax.security.auth.Subject.doAs(Subject.java:422) [?:1.8.0_362]
	at org.apache.hadoop.security.UserGroupInformation.doAs(UserGroupInformation.java:1899) [hadoop-common-3.3.5.jar:?]
	at org.apache.hadoop.ipc.Server$Handler.run(Server.java:3026) [hadoop-common-3.3.5.jar:?]
11:24:44.424 [IPC Server handler 12 on default port 36969] ERROR OMAudit - user=runner | ip=127.0.0.1 | op=GET_FILE_STATUS {volume=volume23474, bucket=bucket17726, key=user/runner/dir1, dataSize=0, replicationConfig=null} | ret=FAILURE
org.apache.hadoop.ozone.om.exceptions.OMException: Unable to get file status: volume: volume23474 bucket: bucket17726 key: user/runner/dir1
	at org.apache.hadoop.ozone.om.KeyManagerImpl.getOzoneFileStatus(KeyManagerImpl.java:1200) ~[ozone-manager-1.4.0-SNAPSHOT.jar:?]
	at org.apache.hadoop.ozone.om.KeyManagerImpl.getFileStatus(KeyManagerImpl.java:1118) ~[ozone-manager-1.4.0-SNAPSHOT.jar:?]
	at org.apache.hadoop.ozone.om.OmMetadataReader.getFileStatus(OmMetadataReader.java:288) ~[ozone-manager-1.4.0-SNAPSHOT.jar:?]
	at org.apache.hadoop.ozone.om.OzoneManager.getFileStatus(OzoneManager.java:3491) ~[ozone-manager-1.4.0-SNAPSHOT.jar:?]
	at org.apache.hadoop.ozone.protocolPB.OzoneManagerRequestHandler.getOzoneFileStatus(OzoneManagerRequestHandler.java:934) ~[ozone-manager-1.4.0-SNAPSHOT.jar:?]
	at org.apache.hadoop.ozone.protocolPB.OzoneManagerRequestHandler.handleReadRequest(OzoneManagerRequestHandler.java:238) ~[ozone-manager-1.4.0-SNAPSHOT.jar:?]
	at org.apache.hadoop.ozone.protocolPB.OzoneManagerProtocolServerSideTranslatorPB.submitRequestDirectlyToOM(OzoneManagerProtocolServerSideTranslatorPB.java:272) ~[ozone-manager-1.4.0-SNAPSHOT.jar:?]
	at org.apache.hadoop.ozone.protocolPB.OzoneManagerProtocolServerSideTranslatorPB.processRequest(OzoneManagerProtocolServerSideTranslatorPB.java:173) ~[ozone-manager-1.4.0-SNAPSHOT.jar:?]
	at org.apache.hadoop.hdds.server.OzoneProtocolMessageDispatcher.processRequest(OzoneProtocolMessageDispatcher.java:87) [hdds-server-framework-1.4.0-SNAPSHOT.jar:?]
	at org.apache.hadoop.ozone.protocolPB.OzoneManagerProtocolServerSideTranslatorPB.submitRequest(OzoneManagerProtocolServerSideTranslatorPB.java:147) [ozone-manager-1.4.0-SNAPSHOT.jar:?]
	at org.apache.hadoop.ozone.protocol.proto.OzoneManagerProtocolProtos$OzoneManagerService$2.callBlockingMethod(OzoneManagerProtocolProtos.java) [ozone-interface-client-1.4.0-SNAPSHOT.jar:?]
	at org.apache.hadoop.ipc.ProtobufRpcEngine$Server.processCall(ProtobufRpcEngine.java:484) [hadoop-common-3.3.5.jar:?]
	at org.apache.hadoop.ipc.ProtobufRpcEngine2$Server$ProtoBufRpcInvoker.call(ProtobufRpcEngine2.java:595) [hadoop-common-3.3.5.jar:?]
	at org.apache.hadoop.ipc.ProtobufRpcEngine2$Server$ProtoBufRpcInvoker.call(ProtobufRpcEngine2.java:573) [hadoop-common-3.3.5.jar:?]
	at org.apache.hadoop.ipc.RPC$Server.call(RPC.java:1213) [hadoop-common-3.3.5.jar:?]
	at org.apache.hadoop.ipc.Server$RpcCall.run(Server.java:1089) [hadoop-common-3.3.5.jar:?]
	at org.apache.hadoop.ipc.Server$RpcCall.run(Server.java:1012) [hadoop-common-3.3.5.jar:?]
	at java.security.AccessController.doPrivileged(Native Method) ~[?:1.8.0_362]
	at javax.security.auth.Subject.doAs(Subject.java:422) [?:1.8.0_362]
	at org.apache.hadoop.security.UserGroupInformation.doAs(UserGroupInformation.java:1899) [hadoop-common-3.3.5.jar:?]
	at org.apache.hadoop.ipc.Server$Handler.run(Server.java:3026) [hadoop-common-3.3.5.jar:?]
11:24:44.424 [IPC Server handler 19 on default port 36969] ERROR OMAudit - user=runner | ip=127.0.0.1 | op=GET_FILE_STATUS {volume=volume23474, bucket=bucket17726, key=user/runner/dir1/dir2, dataSize=0, replicationConfig=null} | ret=FAILURE
org.apache.hadoop.ozone.om.exceptions.OMException: Unable to get file status: volume: volume23474 bucket: bucket17726 key: user/runner/dir1/dir2
	at org.apache.hadoop.ozone.om.KeyManagerImpl.getOzoneFileStatus(KeyManagerImpl.java:1200) ~[ozone-manager-1.4.0-SNAPSHOT.jar:?]
	at org.apache.hadoop.ozone.om.KeyManagerImpl.getFileStatus(KeyManagerImpl.java:1118) ~[ozone-manager-1.4.0-SNAPSHOT.jar:?]
	at org.apache.hadoop.ozone.om.OmMetadataReader.getFileStatus(OmMetadataReader.java:288) ~[ozone-manager-1.4.0-SNAPSHOT.jar:?]
	at org.apache.hadoop.ozone.om.OzoneManager.getFileStatus(OzoneManager.java:3491) ~[ozone-manager-1.4.0-SNAPSHOT.jar:?]
	at org.apache.hadoop.ozone.protocolPB.OzoneManagerRequestHandler.getOzoneFileStatus(OzoneManagerRequestHandler.java:934) ~[ozone-manager-1.4.0-SNAPSHOT.jar:?]
	at org.apache.hadoop.ozone.protocolPB.OzoneManagerRequestHandler.handleReadRequest(OzoneManagerRequestHandler.java:238) ~[ozone-manager-1.4.0-SNAPSHOT.jar:?]
	at org.apache.hadoop.ozone.protocolPB.OzoneManagerProtocolServerSideTranslatorPB.submitRequestDirectlyToOM(OzoneManagerProtocolServerSideTranslatorPB.java:272) ~[ozone-manager-1.4.0-SNAPSHOT.jar:?]
	at org.apache.hadoop.ozone.protocolPB.OzoneManagerProtocolServerSideTranslatorPB.processRequest(OzoneManagerProtocolServerSideTranslatorPB.java:173) ~[ozone-manager-1.4.0-SNAPSHOT.jar:?]
	at org.apache.hadoop.hdds.server.OzoneProtocolMessageDispatcher.processRequest(OzoneProtocolMessageDispatcher.java:87) [hdds-server-framework-1.4.0-SNAPSHOT.jar:?]
	at org.apache.hadoop.ozone.protocolPB.OzoneManagerProtocolServerSideTranslatorPB.submitRequest(OzoneManagerProtocolServerSideTranslatorPB.java:147) [ozone-manager-1.4.0-SNAPSHOT.jar:?]
	at org.apache.hadoop.ozone.protocol.proto.OzoneManagerProtocolProtos$OzoneManagerService$2.callBlockingMethod(OzoneManagerProtocolProtos.java) [ozone-interface-client-1.4.0-SNAPSHOT.jar:?]
	at org.apache.hadoop.ipc.ProtobufRpcEngine$Server.processCall(ProtobufRpcEngine.java:484) [hadoop-common-3.3.5.jar:?]
	at org.apache.hadoop.ipc.ProtobufRpcEngine2$Server$ProtoBufRpcInvoker.call(ProtobufRpcEngine2.java:595) [hadoop-common-3.3.5.jar:?]
	at org.apache.hadoop.ipc.ProtobufRpcEngine2$Server$ProtoBufRpcInvoker.call(ProtobufRpcEngine2.java:573) [hadoop-common-3.3.5.jar:?]
	at org.apache.hadoop.ipc.RPC$Server.call(RPC.java:1213) [hadoop-common-3.3.5.jar:?]
	at org.apache.hadoop.ipc.Server$RpcCall.run(Server.java:1089) [hadoop-common-3.3.5.jar:?]
	at org.apache.hadoop.ipc.Server$RpcCall.run(Server.java:1012) [hadoop-common-3.3.5.jar:?]
	at java.security.AccessController.doPrivileged(Native Method) ~[?:1.8.0_362]
	at javax.security.auth.Subject.doAs(Subject.java:422) [?:1.8.0_362]
	at org.apache.hadoop.security.UserGroupInformation.doAs(UserGroupInformation.java:1899) [hadoop-common-3.3.5.jar:?]
	at org.apache.hadoop.ipc.Server$Handler.run(Server.java:3026) [hadoop-common-3.3.5.jar:?]
]]></system-out>
  </testcase>
  <testcase name="testRenameContainDelimiterFile" classname="TestOzoneFileSystem" time="0.022">
    <system-out><![CDATA[2023-04-11 11:25:35,742 [OM StateMachine ApplyTransaction Thread - 0] INFO  key.OMKeyRequest (OMKeyRequest.java:wrapUncommittedBlocksAsPseudoKey(838)) - Detect allocated but uncommitted blocks [{blockID={containerID=6, localID=111677748019200038}, length=4194304, offset=0, token=null, pipeline=null, createVersion=0, partNumber=0}] in key dir1/dir2/key1.
11:25:35.743 [IPC Server handler 6 on default port 39679] ERROR OMAudit - user=runner | ip=127.0.0.1 | op=GET_FILE_STATUS {volume=volume21709, bucket=bucket98076, key=dir1/dir2/key2, dataSize=0, replicationConfig=null} | ret=FAILURE
org.apache.hadoop.ozone.om.exceptions.OMException: Unable to get file status: volume: volume21709 bucket: bucket98076 key: dir1/dir2/key2
	at org.apache.hadoop.ozone.om.KeyManagerImpl.getOzoneFileStatus(KeyManagerImpl.java:1200) ~[ozone-manager-1.4.0-SNAPSHOT.jar:?]
	at org.apache.hadoop.ozone.om.KeyManagerImpl.getFileStatus(KeyManagerImpl.java:1118) ~[ozone-manager-1.4.0-SNAPSHOT.jar:?]
	at org.apache.hadoop.ozone.om.OmMetadataReader.getFileStatus(OmMetadataReader.java:288) ~[ozone-manager-1.4.0-SNAPSHOT.jar:?]
	at org.apache.hadoop.ozone.om.OzoneManager.getFileStatus(OzoneManager.java:3491) ~[ozone-manager-1.4.0-SNAPSHOT.jar:?]
	at org.apache.hadoop.ozone.protocolPB.OzoneManagerRequestHandler.getOzoneFileStatus(OzoneManagerRequestHandler.java:934) ~[ozone-manager-1.4.0-SNAPSHOT.jar:?]
	at org.apache.hadoop.ozone.protocolPB.OzoneManagerRequestHandler.handleReadRequest(OzoneManagerRequestHandler.java:238) ~[ozone-manager-1.4.0-SNAPSHOT.jar:?]
	at org.apache.hadoop.ozone.protocolPB.OzoneManagerProtocolServerSideTranslatorPB.submitReadRequestToOM(OzoneManagerProtocolServerSideTranslatorPB.java:223) ~[ozone-manager-1.4.0-SNAPSHOT.jar:?]
	at org.apache.hadoop.ozone.protocolPB.OzoneManagerProtocolServerSideTranslatorPB.processRequest(OzoneManagerProtocolServerSideTranslatorPB.java:177) ~[ozone-manager-1.4.0-SNAPSHOT.jar:?]
	at org.apache.hadoop.hdds.server.OzoneProtocolMessageDispatcher.processRequest(OzoneProtocolMessageDispatcher.java:87) [hdds-server-framework-1.4.0-SNAPSHOT.jar:?]
	at org.apache.hadoop.ozone.protocolPB.OzoneManagerProtocolServerSideTranslatorPB.submitRequest(OzoneManagerProtocolServerSideTranslatorPB.java:147) [ozone-manager-1.4.0-SNAPSHOT.jar:?]
	at org.apache.hadoop.ozone.protocol.proto.OzoneManagerProtocolProtos$OzoneManagerService$2.callBlockingMethod(OzoneManagerProtocolProtos.java) [ozone-interface-client-1.4.0-SNAPSHOT.jar:?]
	at org.apache.hadoop.ipc.ProtobufRpcEngine$Server.processCall(ProtobufRpcEngine.java:484) [hadoop-common-3.3.5.jar:?]
	at org.apache.hadoop.ipc.ProtobufRpcEngine2$Server$ProtoBufRpcInvoker.call(ProtobufRpcEngine2.java:595) [hadoop-common-3.3.5.jar:?]
	at org.apache.hadoop.ipc.ProtobufRpcEngine2$Server$ProtoBufRpcInvoker.call(ProtobufRpcEngine2.java:573) [hadoop-common-3.3.5.jar:?]
	at org.apache.hadoop.ipc.RPC$Server.call(RPC.java:1213) [hadoop-common-3.3.5.jar:?]
	at org.apache.hadoop.ipc.Server$RpcCall.run(Server.java:1089) [hadoop-common-3.3.5.jar:?]
	at org.apache.hadoop.ipc.Server$RpcCall.run(Server.java:1012) [hadoop-common-3.3.5.jar:?]
	at java.security.AccessController.doPrivileged(Native Method) ~[?:1.8.0_362]
	at javax.security.auth.Subject.doAs(Subject.java:422) [?:1.8.0_362]
	at org.apache.hadoop.security.UserGroupInformation.doAs(UserGroupInformation.java:1899) [hadoop-common-3.3.5.jar:?]
	at org.apache.hadoop.ipc.Server$Handler.run(Server.java:3026) [hadoop-common-3.3.5.jar:?]
11:25:35.750 [IPC Server handler 12 on default port 39679] ERROR OMAudit - user=runner | ip=127.0.0.1 | op=GET_FILE_STATUS {volume=volume21709, bucket=bucket98076, key=dir1/dir2/key1, dataSize=0, replicationConfig=null} | ret=FAILURE
org.apache.hadoop.ozone.om.exceptions.OMException: Unable to get file status: volume: volume21709 bucket: bucket98076 key: dir1/dir2/key1
	at org.apache.hadoop.ozone.om.KeyManagerImpl.getOzoneFileStatus(KeyManagerImpl.java:1200) ~[ozone-manager-1.4.0-SNAPSHOT.jar:?]
	at org.apache.hadoop.ozone.om.KeyManagerImpl.getFileStatus(KeyManagerImpl.java:1118) ~[ozone-manager-1.4.0-SNAPSHOT.jar:?]
	at org.apache.hadoop.ozone.om.OmMetadataReader.getFileStatus(OmMetadataReader.java:288) ~[ozone-manager-1.4.0-SNAPSHOT.jar:?]
	at org.apache.hadoop.ozone.om.OzoneManager.getFileStatus(OzoneManager.java:3491) ~[ozone-manager-1.4.0-SNAPSHOT.jar:?]
	at org.apache.hadoop.ozone.protocolPB.OzoneManagerRequestHandler.getOzoneFileStatus(OzoneManagerRequestHandler.java:934) ~[ozone-manager-1.4.0-SNAPSHOT.jar:?]
	at org.apache.hadoop.ozone.protocolPB.OzoneManagerRequestHandler.handleReadRequest(OzoneManagerRequestHandler.java:238) ~[ozone-manager-1.4.0-SNAPSHOT.jar:?]
	at org.apache.hadoop.ozone.protocolPB.OzoneManagerProtocolServerSideTranslatorPB.submitReadRequestToOM(OzoneManagerProtocolServerSideTranslatorPB.java:223) ~[ozone-manager-1.4.0-SNAPSHOT.jar:?]
	at org.apache.hadoop.ozone.protocolPB.OzoneManagerProtocolServerSideTranslatorPB.processRequest(OzoneManagerProtocolServerSideTranslatorPB.java:177) ~[ozone-manager-1.4.0-SNAPSHOT.jar:?]
	at org.apache.hadoop.hdds.server.OzoneProtocolMessageDispatcher.processRequest(OzoneProtocolMessageDispatcher.java:87) [hdds-server-framework-1.4.0-SNAPSHOT.jar:?]
	at org.apache.hadoop.ozone.protocolPB.OzoneManagerProtocolServerSideTranslatorPB.submitRequest(OzoneManagerProtocolServerSideTranslatorPB.java:147) [ozone-manager-1.4.0-SNAPSHOT.jar:?]
	at org.apache.hadoop.ozone.protocol.proto.OzoneManagerProtocolProtos$OzoneManagerService$2.callBlockingMethod(OzoneManagerProtocolProtos.java) [ozone-interface-client-1.4.0-SNAPSHOT.jar:?]
	at org.apache.hadoop.ipc.ProtobufRpcEngine$Server.processCall(ProtobufRpcEngine.java:484) [hadoop-common-3.3.5.jar:?]
	at org.apache.hadoop.ipc.ProtobufRpcEngine2$Server$ProtoBufRpcInvoker.call(ProtobufRpcEngine2.java:595) [hadoop-common-3.3.5.jar:?]
	at org.apache.hadoop.ipc.ProtobufRpcEngine2$Server$ProtoBufRpcInvoker.call(ProtobufRpcEngine2.java:573) [hadoop-common-3.3.5.jar:?]
	at org.apache.hadoop.ipc.RPC$Server.call(RPC.java:1213) [hadoop-common-3.3.5.jar:?]
	at org.apache.hadoop.ipc.Server$RpcCall.run(Server.java:1089) [hadoop-common-3.3.5.jar:?]
	at org.apache.hadoop.ipc.Server$RpcCall.run(Server.java:1012) [hadoop-common-3.3.5.jar:?]
	at java.security.AccessController.doPrivileged(Native Method) ~[?:1.8.0_362]
	at javax.security.auth.Subject.doAs(Subject.java:422) [?:1.8.0_362]
	at org.apache.hadoop.security.UserGroupInformation.doAs(UserGroupInformation.java:1899) [hadoop-common-3.3.5.jar:?]
	at org.apache.hadoop.ipc.Server$Handler.run(Server.java:3026) [hadoop-common-3.3.5.jar:?]
11:25:35.751 [IPC Server handler 14 on default port 39679] ERROR OMAudit - user=runner | ip=127.0.0.1 | op=GET_FILE_STATUS {volume=volume21709, bucket=bucket98076, key=user/runner/dir1, dataSize=0, replicationConfig=null} | ret=FAILURE
org.apache.hadoop.ozone.om.exceptions.OMException: Unable to get file status: volume: volume21709 bucket: bucket98076 key: user/runner/dir1
	at org.apache.hadoop.ozone.om.KeyManagerImpl.getOzoneFileStatus(KeyManagerImpl.java:1200) ~[ozone-manager-1.4.0-SNAPSHOT.jar:?]
	at org.apache.hadoop.ozone.om.KeyManagerImpl.getFileStatus(KeyManagerImpl.java:1118) ~[ozone-manager-1.4.0-SNAPSHOT.jar:?]
	at org.apache.hadoop.ozone.om.OmMetadataReader.getFileStatus(OmMetadataReader.java:288) ~[ozone-manager-1.4.0-SNAPSHOT.jar:?]
	at org.apache.hadoop.ozone.om.OzoneManager.getFileStatus(OzoneManager.java:3491) ~[ozone-manager-1.4.0-SNAPSHOT.jar:?]
	at org.apache.hadoop.ozone.protocolPB.OzoneManagerRequestHandler.getOzoneFileStatus(OzoneManagerRequestHandler.java:934) ~[ozone-manager-1.4.0-SNAPSHOT.jar:?]
	at org.apache.hadoop.ozone.protocolPB.OzoneManagerRequestHandler.handleReadRequest(OzoneManagerRequestHandler.java:238) ~[ozone-manager-1.4.0-SNAPSHOT.jar:?]
	at org.apache.hadoop.ozone.protocolPB.OzoneManagerProtocolServerSideTranslatorPB.submitReadRequestToOM(OzoneManagerProtocolServerSideTranslatorPB.java:223) ~[ozone-manager-1.4.0-SNAPSHOT.jar:?]
	at org.apache.hadoop.ozone.protocolPB.OzoneManagerProtocolServerSideTranslatorPB.processRequest(OzoneManagerProtocolServerSideTranslatorPB.java:177) ~[ozone-manager-1.4.0-SNAPSHOT.jar:?]
	at org.apache.hadoop.hdds.server.OzoneProtocolMessageDispatcher.processRequest(OzoneProtocolMessageDispatcher.java:87) [hdds-server-framework-1.4.0-SNAPSHOT.jar:?]
	at org.apache.hadoop.ozone.protocolPB.OzoneManagerProtocolServerSideTranslatorPB.submitRequest(OzoneManagerProtocolServerSideTranslatorPB.java:147) [ozone-manager-1.4.0-SNAPSHOT.jar:?]
	at org.apache.hadoop.ozone.protocol.proto.OzoneManagerProtocolProtos$OzoneManagerService$2.callBlockingMethod(OzoneManagerProtocolProtos.java) [ozone-interface-client-1.4.0-SNAPSHOT.jar:?]
	at org.apache.hadoop.ipc.ProtobufRpcEngine$Server.processCall(ProtobufRpcEngine.java:484) [hadoop-common-3.3.5.jar:?]
	at org.apache.hadoop.ipc.ProtobufRpcEngine2$Server$ProtoBufRpcInvoker.call(ProtobufRpcEngine2.java:595) [hadoop-common-3.3.5.jar:?]
	at org.apache.hadoop.ipc.ProtobufRpcEngine2$Server$ProtoBufRpcInvoker.call(ProtobufRpcEngine2.java:573) [hadoop-common-3.3.5.jar:?]
	at org.apache.hadoop.ipc.RPC$Server.call(RPC.java:1213) [hadoop-common-3.3.5.jar:?]
	at org.apache.hadoop.ipc.Server$RpcCall.run(Server.java:1089) [hadoop-common-3.3.5.jar:?]
	at org.apache.hadoop.ipc.Server$RpcCall.run(Server.java:1012) [hadoop-common-3.3.5.jar:?]
	at java.security.AccessController.doPrivileged(Native Method) ~[?:1.8.0_362]
	at javax.security.auth.Subject.doAs(Subject.java:422) [?:1.8.0_362]
	at org.apache.hadoop.security.UserGroupInformation.doAs(UserGroupInformation.java:1899) [hadoop-common-3.3.5.jar:?]
	at org.apache.hadoop.ipc.Server$Handler.run(Server.java:3026) [hadoop-common-3.3.5.jar:?]
11:25:35.752 [IPC Server handler 17 on default port 39679] ERROR OMAudit - user=runner | ip=127.0.0.1 | op=GET_FILE_STATUS {volume=volume21709, bucket=bucket98076, key=user/runner/dir1/dir2, dataSize=0, replicationConfig=null} | ret=FAILURE
org.apache.hadoop.ozone.om.exceptions.OMException: Unable to get file status: volume: volume21709 bucket: bucket98076 key: user/runner/dir1/dir2
	at org.apache.hadoop.ozone.om.KeyManagerImpl.getOzoneFileStatus(KeyManagerImpl.java:1200) ~[ozone-manager-1.4.0-SNAPSHOT.jar:?]
	at org.apache.hadoop.ozone.om.KeyManagerImpl.getFileStatus(KeyManagerImpl.java:1118) ~[ozone-manager-1.4.0-SNAPSHOT.jar:?]
	at org.apache.hadoop.ozone.om.OmMetadataReader.getFileStatus(OmMetadataReader.java:288) ~[ozone-manager-1.4.0-SNAPSHOT.jar:?]
	at org.apache.hadoop.ozone.om.OzoneManager.getFileStatus(OzoneManager.java:3491) ~[ozone-manager-1.4.0-SNAPSHOT.jar:?]
	at org.apache.hadoop.ozone.protocolPB.OzoneManagerRequestHandler.getOzoneFileStatus(OzoneManagerRequestHandler.java:934) ~[ozone-manager-1.4.0-SNAPSHOT.jar:?]
	at org.apache.hadoop.ozone.protocolPB.OzoneManagerRequestHandler.handleReadRequest(OzoneManagerRequestHandler.java:238) ~[ozone-manager-1.4.0-SNAPSHOT.jar:?]
	at org.apache.hadoop.ozone.protocolPB.OzoneManagerProtocolServerSideTranslatorPB.submitReadRequestToOM(OzoneManagerProtocolServerSideTranslatorPB.java:223) ~[ozone-manager-1.4.0-SNAPSHOT.jar:?]
	at org.apache.hadoop.ozone.protocolPB.OzoneManagerProtocolServerSideTranslatorPB.processRequest(OzoneManagerProtocolServerSideTranslatorPB.java:177) ~[ozone-manager-1.4.0-SNAPSHOT.jar:?]
	at org.apache.hadoop.hdds.server.OzoneProtocolMessageDispatcher.processRequest(OzoneProtocolMessageDispatcher.java:87) [hdds-server-framework-1.4.0-SNAPSHOT.jar:?]
	at org.apache.hadoop.ozone.protocolPB.OzoneManagerProtocolServerSideTranslatorPB.submitRequest(OzoneManagerProtocolServerSideTranslatorPB.java:147) [ozone-manager-1.4.0-SNAPSHOT.jar:?]
	at org.apache.hadoop.ozone.protocol.proto.OzoneManagerProtocolProtos$OzoneManagerService$2.callBlockingMethod(OzoneManagerProtocolProtos.java) [ozone-interface-client-1.4.0-SNAPSHOT.jar:?]
	at org.apache.hadoop.ipc.ProtobufRpcEngine$Server.processCall(ProtobufRpcEngine.java:484) [hadoop-common-3.3.5.jar:?]
	at org.apache.hadoop.ipc.ProtobufRpcEngine2$Server$ProtoBufRpcInvoker.call(ProtobufRpcEngine2.java:595) [hadoop-common-3.3.5.jar:?]
	at org.apache.hadoop.ipc.ProtobufRpcEngine2$Server$ProtoBufRpcInvoker.call(ProtobufRpcEngine2.java:573) [hadoop-common-3.3.5.jar:?]
	at org.apache.hadoop.ipc.RPC$Server.call(RPC.java:1213) [hadoop-common-3.3.5.jar:?]
	at org.apache.hadoop.ipc.Server$RpcCall.run(Server.java:1089) [hadoop-common-3.3.5.jar:?]
	at org.apache.hadoop.ipc.Server$RpcCall.run(Server.java:1012) [hadoop-common-3.3.5.jar:?]
	at java.security.AccessController.doPrivileged(Native Method) ~[?:1.8.0_362]
	at javax.security.auth.Subject.doAs(Subject.java:422) [?:1.8.0_362]
	at org.apache.hadoop.security.UserGroupInformation.doAs(UserGroupInformation.java:1899) [hadoop-common-3.3.5.jar:?]
	at org.apache.hadoop.ipc.Server$Handler.run(Server.java:3026) [hadoop-common-3.3.5.jar:?]
]]></system-out>
  </testcase>
  <testcase name="testRenameContainDelimiterFile" classname="TestOzoneFileSystem" time="0.012">
    <system-out><![CDATA[2023-04-11 11:26:34,273 [IPC Server handler 2 on default port 44509] INFO  key.OMKeyRequest (OMKeyRequest.java:wrapUncommittedBlocksAsPseudoKey(838)) - Detect allocated but uncommitted blocks [{blockID={containerID=6, localID=111677748019200038}, length=4194304, offset=0, token=null, pipeline=null, createVersion=0, partNumber=0}] in key dir1/dir2/key1.
11:26:34.274 [IPC Server handler 10 on default port 44509] ERROR OMAudit - user=runner | ip=127.0.0.1 | op=GET_FILE_STATUS {volume=volume17585, bucket=bucket91798, key=dir1/dir2/key2, dataSize=0, replicationConfig=null} | ret=FAILURE
org.apache.hadoop.ozone.om.exceptions.OMException: Unable to get file status: volume: volume17585 bucket: bucket91798 key: dir1/dir2/key2
	at org.apache.hadoop.ozone.om.KeyManagerImpl.getOzoneFileStatus(KeyManagerImpl.java:1200) ~[ozone-manager-1.4.0-SNAPSHOT.jar:?]
	at org.apache.hadoop.ozone.om.KeyManagerImpl.getFileStatus(KeyManagerImpl.java:1118) ~[ozone-manager-1.4.0-SNAPSHOT.jar:?]
	at org.apache.hadoop.ozone.om.OmMetadataReader.getFileStatus(OmMetadataReader.java:288) ~[ozone-manager-1.4.0-SNAPSHOT.jar:?]
	at org.apache.hadoop.ozone.om.OzoneManager.getFileStatus(OzoneManager.java:3491) ~[ozone-manager-1.4.0-SNAPSHOT.jar:?]
	at org.apache.hadoop.ozone.protocolPB.OzoneManagerRequestHandler.getOzoneFileStatus(OzoneManagerRequestHandler.java:934) ~[ozone-manager-1.4.0-SNAPSHOT.jar:?]
	at org.apache.hadoop.ozone.protocolPB.OzoneManagerRequestHandler.handleReadRequest(OzoneManagerRequestHandler.java:238) ~[ozone-manager-1.4.0-SNAPSHOT.jar:?]
	at org.apache.hadoop.ozone.protocolPB.OzoneManagerProtocolServerSideTranslatorPB.submitRequestDirectlyToOM(OzoneManagerProtocolServerSideTranslatorPB.java:272) ~[ozone-manager-1.4.0-SNAPSHOT.jar:?]
	at org.apache.hadoop.ozone.protocolPB.OzoneManagerProtocolServerSideTranslatorPB.processRequest(OzoneManagerProtocolServerSideTranslatorPB.java:173) ~[ozone-manager-1.4.0-SNAPSHOT.jar:?]
	at org.apache.hadoop.hdds.server.OzoneProtocolMessageDispatcher.processRequest(OzoneProtocolMessageDispatcher.java:87) [hdds-server-framework-1.4.0-SNAPSHOT.jar:?]
	at org.apache.hadoop.ozone.protocolPB.OzoneManagerProtocolServerSideTranslatorPB.submitRequest(OzoneManagerProtocolServerSideTranslatorPB.java:147) [ozone-manager-1.4.0-SNAPSHOT.jar:?]
	at org.apache.hadoop.ozone.protocol.proto.OzoneManagerProtocolProtos$OzoneManagerService$2.callBlockingMethod(OzoneManagerProtocolProtos.java) [ozone-interface-client-1.4.0-SNAPSHOT.jar:?]
	at org.apache.hadoop.ipc.ProtobufRpcEngine$Server.processCall(ProtobufRpcEngine.java:484) [hadoop-common-3.3.5.jar:?]
	at org.apache.hadoop.ipc.ProtobufRpcEngine2$Server$ProtoBufRpcInvoker.call(ProtobufRpcEngine2.java:595) [hadoop-common-3.3.5.jar:?]
	at org.apache.hadoop.ipc.ProtobufRpcEngine2$Server$ProtoBufRpcInvoker.call(ProtobufRpcEngine2.java:573) [hadoop-common-3.3.5.jar:?]
	at org.apache.hadoop.ipc.RPC$Server.call(RPC.java:1213) [hadoop-common-3.3.5.jar:?]
	at org.apache.hadoop.ipc.Server$RpcCall.run(Server.java:1089) [hadoop-common-3.3.5.jar:?]
	at org.apache.hadoop.ipc.Server$RpcCall.run(Server.java:1012) [hadoop-common-3.3.5.jar:?]
	at java.security.AccessController.doPrivileged(Native Method) ~[?:1.8.0_362]
	at javax.security.auth.Subject.doAs(Subject.java:422) [?:1.8.0_362]
	at org.apache.hadoop.security.UserGroupInformation.doAs(UserGroupInformation.java:1899) [hadoop-common-3.3.5.jar:?]
	at org.apache.hadoop.ipc.Server$Handler.run(Server.java:3026) [hadoop-common-3.3.5.jar:?]
11:26:34.277 [IPC Server handler 8 on default port 44509] ERROR OMAudit - user=runner | ip=127.0.0.1 | op=GET_FILE_STATUS {volume=volume17585, bucket=bucket91798, key=dir1/dir2/key1, dataSize=0, replicationConfig=null} | ret=FAILURE
org.apache.hadoop.ozone.om.exceptions.OMException: Unable to get file status: volume: volume17585 bucket: bucket91798 key: dir1/dir2/key1
	at org.apache.hadoop.ozone.om.KeyManagerImpl.getOzoneFileStatus(KeyManagerImpl.java:1200) ~[ozone-manager-1.4.0-SNAPSHOT.jar:?]
	at org.apache.hadoop.ozone.om.KeyManagerImpl.getFileStatus(KeyManagerImpl.java:1118) ~[ozone-manager-1.4.0-SNAPSHOT.jar:?]
	at org.apache.hadoop.ozone.om.OmMetadataReader.getFileStatus(OmMetadataReader.java:288) ~[ozone-manager-1.4.0-SNAPSHOT.jar:?]
	at org.apache.hadoop.ozone.om.OzoneManager.getFileStatus(OzoneManager.java:3491) ~[ozone-manager-1.4.0-SNAPSHOT.jar:?]
	at org.apache.hadoop.ozone.protocolPB.OzoneManagerRequestHandler.getOzoneFileStatus(OzoneManagerRequestHandler.java:934) ~[ozone-manager-1.4.0-SNAPSHOT.jar:?]
	at org.apache.hadoop.ozone.protocolPB.OzoneManagerRequestHandler.handleReadRequest(OzoneManagerRequestHandler.java:238) ~[ozone-manager-1.4.0-SNAPSHOT.jar:?]
	at org.apache.hadoop.ozone.protocolPB.OzoneManagerProtocolServerSideTranslatorPB.submitRequestDirectlyToOM(OzoneManagerProtocolServerSideTranslatorPB.java:272) ~[ozone-manager-1.4.0-SNAPSHOT.jar:?]
	at org.apache.hadoop.ozone.protocolPB.OzoneManagerProtocolServerSideTranslatorPB.processRequest(OzoneManagerProtocolServerSideTranslatorPB.java:173) ~[ozone-manager-1.4.0-SNAPSHOT.jar:?]
	at org.apache.hadoop.hdds.server.OzoneProtocolMessageDispatcher.processRequest(OzoneProtocolMessageDispatcher.java:87) [hdds-server-framework-1.4.0-SNAPSHOT.jar:?]
	at org.apache.hadoop.ozone.protocolPB.OzoneManagerProtocolServerSideTranslatorPB.submitRequest(OzoneManagerProtocolServerSideTranslatorPB.java:147) [ozone-manager-1.4.0-SNAPSHOT.jar:?]
	at org.apache.hadoop.ozone.protocol.proto.OzoneManagerProtocolProtos$OzoneManagerService$2.callBlockingMethod(OzoneManagerProtocolProtos.java) [ozone-interface-client-1.4.0-SNAPSHOT.jar:?]
	at org.apache.hadoop.ipc.ProtobufRpcEngine$Server.processCall(ProtobufRpcEngine.java:484) [hadoop-common-3.3.5.jar:?]
	at org.apache.hadoop.ipc.ProtobufRpcEngine2$Server$ProtoBufRpcInvoker.call(ProtobufRpcEngine2.java:595) [hadoop-common-3.3.5.jar:?]
	at org.apache.hadoop.ipc.ProtobufRpcEngine2$Server$ProtoBufRpcInvoker.call(ProtobufRpcEngine2.java:573) [hadoop-common-3.3.5.jar:?]
	at org.apache.hadoop.ipc.RPC$Server.call(RPC.java:1213) [hadoop-common-3.3.5.jar:?]
	at org.apache.hadoop.ipc.Server$RpcCall.run(Server.java:1089) [hadoop-common-3.3.5.jar:?]
	at org.apache.hadoop.ipc.Server$RpcCall.run(Server.java:1012) [hadoop-common-3.3.5.jar:?]
	at java.security.AccessController.doPrivileged(Native Method) ~[?:1.8.0_362]
	at javax.security.auth.Subject.doAs(Subject.java:422) [?:1.8.0_362]
	at org.apache.hadoop.security.UserGroupInformation.doAs(UserGroupInformation.java:1899) [hadoop-common-3.3.5.jar:?]
	at org.apache.hadoop.ipc.Server$Handler.run(Server.java:3026) [hadoop-common-3.3.5.jar:?]
11:26:34.278 [IPC Server handler 11 on default port 44509] ERROR OMAudit - user=runner | ip=127.0.0.1 | op=GET_FILE_STATUS {volume=volume17585, bucket=bucket91798, key=user/runner/dir1, dataSize=0, replicationConfig=null} | ret=FAILURE
org.apache.hadoop.ozone.om.exceptions.OMException: Unable to get file status: volume: volume17585 bucket: bucket91798 key: user/runner/dir1
	at org.apache.hadoop.ozone.om.KeyManagerImpl.getOzoneFileStatus(KeyManagerImpl.java:1200) ~[ozone-manager-1.4.0-SNAPSHOT.jar:?]
	at org.apache.hadoop.ozone.om.KeyManagerImpl.getFileStatus(KeyManagerImpl.java:1118) ~[ozone-manager-1.4.0-SNAPSHOT.jar:?]
	at org.apache.hadoop.ozone.om.OmMetadataReader.getFileStatus(OmMetadataReader.java:288) ~[ozone-manager-1.4.0-SNAPSHOT.jar:?]
	at org.apache.hadoop.ozone.om.OzoneManager.getFileStatus(OzoneManager.java:3491) ~[ozone-manager-1.4.0-SNAPSHOT.jar:?]
	at org.apache.hadoop.ozone.protocolPB.OzoneManagerRequestHandler.getOzoneFileStatus(OzoneManagerRequestHandler.java:934) ~[ozone-manager-1.4.0-SNAPSHOT.jar:?]
	at org.apache.hadoop.ozone.protocolPB.OzoneManagerRequestHandler.handleReadRequest(OzoneManagerRequestHandler.java:238) ~[ozone-manager-1.4.0-SNAPSHOT.jar:?]
	at org.apache.hadoop.ozone.protocolPB.OzoneManagerProtocolServerSideTranslatorPB.submitRequestDirectlyToOM(OzoneManagerProtocolServerSideTranslatorPB.java:272) ~[ozone-manager-1.4.0-SNAPSHOT.jar:?]
	at org.apache.hadoop.ozone.protocolPB.OzoneManagerProtocolServerSideTranslatorPB.processRequest(OzoneManagerProtocolServerSideTranslatorPB.java:173) ~[ozone-manager-1.4.0-SNAPSHOT.jar:?]
	at org.apache.hadoop.hdds.server.OzoneProtocolMessageDispatcher.processRequest(OzoneProtocolMessageDispatcher.java:87) [hdds-server-framework-1.4.0-SNAPSHOT.jar:?]
	at org.apache.hadoop.ozone.protocolPB.OzoneManagerProtocolServerSideTranslatorPB.submitRequest(OzoneManagerProtocolServerSideTranslatorPB.java:147) [ozone-manager-1.4.0-SNAPSHOT.jar:?]
	at org.apache.hadoop.ozone.protocol.proto.OzoneManagerProtocolProtos$OzoneManagerService$2.callBlockingMethod(OzoneManagerProtocolProtos.java) [ozone-interface-client-1.4.0-SNAPSHOT.jar:?]
	at org.apache.hadoop.ipc.ProtobufRpcEngine$Server.processCall(ProtobufRpcEngine.java:484) [hadoop-common-3.3.5.jar:?]
	at org.apache.hadoop.ipc.ProtobufRpcEngine2$Server$ProtoBufRpcInvoker.call(ProtobufRpcEngine2.java:595) [hadoop-common-3.3.5.jar:?]
	at org.apache.hadoop.ipc.ProtobufRpcEngine2$Server$ProtoBufRpcInvoker.call(ProtobufRpcEngine2.java:573) [hadoop-common-3.3.5.jar:?]
	at org.apache.hadoop.ipc.RPC$Server.call(RPC.java:1213) [hadoop-common-3.3.5.jar:?]
	at org.apache.hadoop.ipc.Server$RpcCall.run(Server.java:1089) [hadoop-common-3.3.5.jar:?]
	at org.apache.hadoop.ipc.Server$RpcCall.run(Server.java:1012) [hadoop-common-3.3.5.jar:?]
	at java.security.AccessController.doPrivileged(Native Method) ~[?:1.8.0_362]
	at javax.security.auth.Subject.doAs(Subject.java:422) [?:1.8.0_362]
	at org.apache.hadoop.security.UserGroupInformation.doAs(UserGroupInformation.java:1899) [hadoop-common-3.3.5.jar:?]
	at org.apache.hadoop.ipc.Server$Handler.run(Server.java:3026) [hadoop-common-3.3.5.jar:?]
11:26:34.278 [IPC Server handler 12 on default port 44509] ERROR OMAudit - user=runner | ip=127.0.0.1 | op=GET_FILE_STATUS {volume=volume17585, bucket=bucket91798, key=user/runner/dir1/dir2, dataSize=0, replicationConfig=null} | ret=FAILURE
org.apache.hadoop.ozone.om.exceptions.OMException: Unable to get file status: volume: volume17585 bucket: bucket91798 key: user/runner/dir1/dir2
	at org.apache.hadoop.ozone.om.KeyManagerImpl.getOzoneFileStatus(KeyManagerImpl.java:1200) ~[ozone-manager-1.4.0-SNAPSHOT.jar:?]
	at org.apache.hadoop.ozone.om.KeyManagerImpl.getFileStatus(KeyManagerImpl.java:1118) ~[ozone-manager-1.4.0-SNAPSHOT.jar:?]
	at org.apache.hadoop.ozone.om.OmMetadataReader.getFileStatus(OmMetadataReader.java:288) ~[ozone-manager-1.4.0-SNAPSHOT.jar:?]
	at org.apache.hadoop.ozone.om.OzoneManager.getFileStatus(OzoneManager.java:3491) ~[ozone-manager-1.4.0-SNAPSHOT.jar:?]
	at org.apache.hadoop.ozone.protocolPB.OzoneManagerRequestHandler.getOzoneFileStatus(OzoneManagerRequestHandler.java:934) ~[ozone-manager-1.4.0-SNAPSHOT.jar:?]
	at org.apache.hadoop.ozone.protocolPB.OzoneManagerRequestHandler.handleReadRequest(OzoneManagerRequestHandler.java:238) ~[ozone-manager-1.4.0-SNAPSHOT.jar:?]
	at org.apache.hadoop.ozone.protocolPB.OzoneManagerProtocolServerSideTranslatorPB.submitRequestDirectlyToOM(OzoneManagerProtocolServerSideTranslatorPB.java:272) ~[ozone-manager-1.4.0-SNAPSHOT.jar:?]
	at org.apache.hadoop.ozone.protocolPB.OzoneManagerProtocolServerSideTranslatorPB.processRequest(OzoneManagerProtocolServerSideTranslatorPB.java:173) ~[ozone-manager-1.4.0-SNAPSHOT.jar:?]
	at org.apache.hadoop.hdds.server.OzoneProtocolMessageDispatcher.processRequest(OzoneProtocolMessageDispatcher.java:87) [hdds-server-framework-1.4.0-SNAPSHOT.jar:?]
	at org.apache.hadoop.ozone.protocolPB.OzoneManagerProtocolServerSideTranslatorPB.submitRequest(OzoneManagerProtocolServerSideTranslatorPB.java:147) [ozone-manager-1.4.0-SNAPSHOT.jar:?]
	at org.apache.hadoop.ozone.protocol.proto.OzoneManagerProtocolProtos$OzoneManagerService$2.callBlockingMethod(OzoneManagerProtocolProtos.java) [ozone-interface-client-1.4.0-SNAPSHOT.jar:?]
	at org.apache.hadoop.ipc.ProtobufRpcEngine$Server.processCall(ProtobufRpcEngine.java:484) [hadoop-common-3.3.5.jar:?]
	at org.apache.hadoop.ipc.ProtobufRpcEngine2$Server$ProtoBufRpcInvoker.call(ProtobufRpcEngine2.java:595) [hadoop-common-3.3.5.jar:?]
	at org.apache.hadoop.ipc.ProtobufRpcEngine2$Server$ProtoBufRpcInvoker.call(ProtobufRpcEngine2.java:573) [hadoop-common-3.3.5.jar:?]
	at org.apache.hadoop.ipc.RPC$Server.call(RPC.java:1213) [hadoop-common-3.3.5.jar:?]
	at org.apache.hadoop.ipc.Server$RpcCall.run(Server.java:1089) [hadoop-common-3.3.5.jar:?]
	at org.apache.hadoop.ipc.Server$RpcCall.run(Server.java:1012) [hadoop-common-3.3.5.jar:?]
	at java.security.AccessController.doPrivileged(Native Method) ~[?:1.8.0_362]
	at javax.security.auth.Subject.doAs(Subject.java:422) [?:1.8.0_362]
	at org.apache.hadoop.security.UserGroupInformation.doAs(UserGroupInformation.java:1899) [hadoop-common-3.3.5.jar:?]
	at org.apache.hadoop.ipc.Server$Handler.run(Server.java:3026) [hadoop-common-3.3.5.jar:?]
]]></system-out>
  </testcase>
  <testcase name="testMakeDirsWithAnFakeDirectory" classname="TestOzoneFileSystem" time="0.047">
    <system-out><![CDATA[2023-04-11 11:23:35,585 [OM StateMachine ApplyTransaction Thread - 0] INFO  key.OMKeyRequest (OMKeyRequest.java:wrapUncommittedBlocksAsPseudoKey(838)) - Detect allocated but uncommitted blocks [{blockID={containerID=7, localID=111677748019200039}, length=4194304, offset=0, token=null, pipeline=null, createVersion=0, partNumber=0}] in key dir1/dir2/key1.
11:23:35.587 [IPC Server handler 16 on default port 36763] ERROR OMAudit - user=runner | ip=127.0.0.1 | op=GET_FILE_STATUS {volume=volume14578, bucket=bucket96393, key=user/runner/dir1/dir2, dataSize=0, replicationConfig=null} | ret=FAILURE
org.apache.hadoop.ozone.om.exceptions.OMException: Unable to get file status: volume: volume14578 bucket: bucket96393 key: user/runner/dir1/dir2
	at org.apache.hadoop.ozone.om.KeyManagerImpl.getOzoneFileStatus(KeyManagerImpl.java:1200) ~[ozone-manager-1.4.0-SNAPSHOT.jar:?]
	at org.apache.hadoop.ozone.om.KeyManagerImpl.getFileStatus(KeyManagerImpl.java:1118) ~[ozone-manager-1.4.0-SNAPSHOT.jar:?]
	at org.apache.hadoop.ozone.om.OmMetadataReader.getFileStatus(OmMetadataReader.java:288) ~[ozone-manager-1.4.0-SNAPSHOT.jar:?]
	at org.apache.hadoop.ozone.om.OzoneManager.getFileStatus(OzoneManager.java:3491) ~[ozone-manager-1.4.0-SNAPSHOT.jar:?]
	at org.apache.hadoop.ozone.protocolPB.OzoneManagerRequestHandler.getOzoneFileStatus(OzoneManagerRequestHandler.java:934) ~[ozone-manager-1.4.0-SNAPSHOT.jar:?]
	at org.apache.hadoop.ozone.protocolPB.OzoneManagerRequestHandler.handleReadRequest(OzoneManagerRequestHandler.java:238) ~[ozone-manager-1.4.0-SNAPSHOT.jar:?]
	at org.apache.hadoop.ozone.protocolPB.OzoneManagerProtocolServerSideTranslatorPB.submitReadRequestToOM(OzoneManagerProtocolServerSideTranslatorPB.java:223) ~[ozone-manager-1.4.0-SNAPSHOT.jar:?]
	at org.apache.hadoop.ozone.protocolPB.OzoneManagerProtocolServerSideTranslatorPB.processRequest(OzoneManagerProtocolServerSideTranslatorPB.java:177) ~[ozone-manager-1.4.0-SNAPSHOT.jar:?]
	at org.apache.hadoop.hdds.server.OzoneProtocolMessageDispatcher.processRequest(OzoneProtocolMessageDispatcher.java:87) [hdds-server-framework-1.4.0-SNAPSHOT.jar:?]
	at org.apache.hadoop.ozone.protocolPB.OzoneManagerProtocolServerSideTranslatorPB.submitRequest(OzoneManagerProtocolServerSideTranslatorPB.java:147) [ozone-manager-1.4.0-SNAPSHOT.jar:?]
	at org.apache.hadoop.ozone.protocol.proto.OzoneManagerProtocolProtos$OzoneManagerService$2.callBlockingMethod(OzoneManagerProtocolProtos.java) [ozone-interface-client-1.4.0-SNAPSHOT.jar:?]
	at org.apache.hadoop.ipc.ProtobufRpcEngine$Server.processCall(ProtobufRpcEngine.java:484) [hadoop-common-3.3.5.jar:?]
	at org.apache.hadoop.ipc.ProtobufRpcEngine2$Server$ProtoBufRpcInvoker.call(ProtobufRpcEngine2.java:595) [hadoop-common-3.3.5.jar:?]
	at org.apache.hadoop.ipc.ProtobufRpcEngine2$Server$ProtoBufRpcInvoker.call(ProtobufRpcEngine2.java:573) [hadoop-common-3.3.5.jar:?]
	at org.apache.hadoop.ipc.RPC$Server.call(RPC.java:1213) [hadoop-common-3.3.5.jar:?]
	at org.apache.hadoop.ipc.Server$RpcCall.run(Server.java:1089) [hadoop-common-3.3.5.jar:?]
	at org.apache.hadoop.ipc.Server$RpcCall.run(Server.java:1012) [hadoop-common-3.3.5.jar:?]
	at java.security.AccessController.doPrivileged(Native Method) ~[?:1.8.0_362]
	at javax.security.auth.Subject.doAs(Subject.java:422) [?:1.8.0_362]
	at org.apache.hadoop.security.UserGroupInformation.doAs(UserGroupInformation.java:1899) [hadoop-common-3.3.5.jar:?]
	at org.apache.hadoop.ipc.Server$Handler.run(Server.java:3026) [hadoop-common-3.3.5.jar:?]
]]></system-out>
  </testcase>
  <testcase name="testMakeDirsWithAnFakeDirectory" classname="TestOzoneFileSystem" time="0.015">
    <system-out><![CDATA[2023-04-11 11:24:44,436 [IPC Server handler 3 on default port 36969] INFO  key.OMKeyRequest (OMKeyRequest.java:wrapUncommittedBlocksAsPseudoKey(838)) - Detect allocated but uncommitted blocks [{blockID={containerID=7, localID=111677748019200039}, length=4194304, offset=0, token=null, pipeline=null, createVersion=0, partNumber=0}] in key dir1/dir2/key1.
11:24:44.437 [IPC Server handler 4 on default port 36969] ERROR OMAudit - user=runner | ip=127.0.0.1 | op=GET_FILE_STATUS {volume=volume23474, bucket=bucket17726, key=user/runner/dir1/dir2, dataSize=0, replicationConfig=null} | ret=FAILURE
org.apache.hadoop.ozone.om.exceptions.OMException: Unable to get file status: volume: volume23474 bucket: bucket17726 key: user/runner/dir1/dir2
	at org.apache.hadoop.ozone.om.KeyManagerImpl.getOzoneFileStatus(KeyManagerImpl.java:1200) ~[ozone-manager-1.4.0-SNAPSHOT.jar:?]
	at org.apache.hadoop.ozone.om.KeyManagerImpl.getFileStatus(KeyManagerImpl.java:1118) ~[ozone-manager-1.4.0-SNAPSHOT.jar:?]
	at org.apache.hadoop.ozone.om.OmMetadataReader.getFileStatus(OmMetadataReader.java:288) ~[ozone-manager-1.4.0-SNAPSHOT.jar:?]
	at org.apache.hadoop.ozone.om.OzoneManager.getFileStatus(OzoneManager.java:3491) ~[ozone-manager-1.4.0-SNAPSHOT.jar:?]
	at org.apache.hadoop.ozone.protocolPB.OzoneManagerRequestHandler.getOzoneFileStatus(OzoneManagerRequestHandler.java:934) ~[ozone-manager-1.4.0-SNAPSHOT.jar:?]
	at org.apache.hadoop.ozone.protocolPB.OzoneManagerRequestHandler.handleReadRequest(OzoneManagerRequestHandler.java:238) ~[ozone-manager-1.4.0-SNAPSHOT.jar:?]
	at org.apache.hadoop.ozone.protocolPB.OzoneManagerProtocolServerSideTranslatorPB.submitRequestDirectlyToOM(OzoneManagerProtocolServerSideTranslatorPB.java:272) ~[ozone-manager-1.4.0-SNAPSHOT.jar:?]
	at org.apache.hadoop.ozone.protocolPB.OzoneManagerProtocolServerSideTranslatorPB.processRequest(OzoneManagerProtocolServerSideTranslatorPB.java:173) ~[ozone-manager-1.4.0-SNAPSHOT.jar:?]
	at org.apache.hadoop.hdds.server.OzoneProtocolMessageDispatcher.processRequest(OzoneProtocolMessageDispatcher.java:87) [hdds-server-framework-1.4.0-SNAPSHOT.jar:?]
	at org.apache.hadoop.ozone.protocolPB.OzoneManagerProtocolServerSideTranslatorPB.submitRequest(OzoneManagerProtocolServerSideTranslatorPB.java:147) [ozone-manager-1.4.0-SNAPSHOT.jar:?]
	at org.apache.hadoop.ozone.protocol.proto.OzoneManagerProtocolProtos$OzoneManagerService$2.callBlockingMethod(OzoneManagerProtocolProtos.java) [ozone-interface-client-1.4.0-SNAPSHOT.jar:?]
	at org.apache.hadoop.ipc.ProtobufRpcEngine$Server.processCall(ProtobufRpcEngine.java:484) [hadoop-common-3.3.5.jar:?]
	at org.apache.hadoop.ipc.ProtobufRpcEngine2$Server$ProtoBufRpcInvoker.call(ProtobufRpcEngine2.java:595) [hadoop-common-3.3.5.jar:?]
	at org.apache.hadoop.ipc.ProtobufRpcEngine2$Server$ProtoBufRpcInvoker.call(ProtobufRpcEngine2.java:573) [hadoop-common-3.3.5.jar:?]
	at org.apache.hadoop.ipc.RPC$Server.call(RPC.java:1213) [hadoop-common-3.3.5.jar:?]
	at org.apache.hadoop.ipc.Server$RpcCall.run(Server.java:1089) [hadoop-common-3.3.5.jar:?]
	at org.apache.hadoop.ipc.Server$RpcCall.run(Server.java:1012) [hadoop-common-3.3.5.jar:?]
	at java.security.AccessController.doPrivileged(Native Method) ~[?:1.8.0_362]
	at javax.security.auth.Subject.doAs(Subject.java:422) [?:1.8.0_362]
	at org.apache.hadoop.security.UserGroupInformation.doAs(UserGroupInformation.java:1899) [hadoop-common-3.3.5.jar:?]
	at org.apache.hadoop.ipc.Server$Handler.run(Server.java:3026) [hadoop-common-3.3.5.jar:?]
]]></system-out>
  </testcase>
  <testcase name="testMakeDirsWithAnFakeDirectory" classname="TestOzoneFileSystem" time="0.014">
    <system-out><![CDATA[2023-04-11 11:25:35,762 [OM StateMachine ApplyTransaction Thread - 0] INFO  key.OMKeyRequest (OMKeyRequest.java:wrapUncommittedBlocksAsPseudoKey(838)) - Detect allocated but uncommitted blocks [{blockID={containerID=5, localID=111677748019200039}, length=4194304, offset=0, token=null, pipeline=null, createVersion=0, partNumber=0}] in key dir1/dir2/key1.
11:25:35.763 [IPC Server handler 5 on default port 39679] ERROR OMAudit - user=runner | ip=127.0.0.1 | op=GET_FILE_STATUS {volume=volume21709, bucket=bucket98076, key=user/runner/dir1/dir2, dataSize=0, replicationConfig=null} | ret=FAILURE
org.apache.hadoop.ozone.om.exceptions.OMException: Unable to get file status: volume: volume21709 bucket: bucket98076 key: user/runner/dir1/dir2
	at org.apache.hadoop.ozone.om.KeyManagerImpl.getOzoneFileStatus(KeyManagerImpl.java:1200) ~[ozone-manager-1.4.0-SNAPSHOT.jar:?]
	at org.apache.hadoop.ozone.om.KeyManagerImpl.getFileStatus(KeyManagerImpl.java:1118) ~[ozone-manager-1.4.0-SNAPSHOT.jar:?]
	at org.apache.hadoop.ozone.om.OmMetadataReader.getFileStatus(OmMetadataReader.java:288) ~[ozone-manager-1.4.0-SNAPSHOT.jar:?]
	at org.apache.hadoop.ozone.om.OzoneManager.getFileStatus(OzoneManager.java:3491) ~[ozone-manager-1.4.0-SNAPSHOT.jar:?]
	at org.apache.hadoop.ozone.protocolPB.OzoneManagerRequestHandler.getOzoneFileStatus(OzoneManagerRequestHandler.java:934) ~[ozone-manager-1.4.0-SNAPSHOT.jar:?]
	at org.apache.hadoop.ozone.protocolPB.OzoneManagerRequestHandler.handleReadRequest(OzoneManagerRequestHandler.java:238) ~[ozone-manager-1.4.0-SNAPSHOT.jar:?]
	at org.apache.hadoop.ozone.protocolPB.OzoneManagerProtocolServerSideTranslatorPB.submitReadRequestToOM(OzoneManagerProtocolServerSideTranslatorPB.java:223) ~[ozone-manager-1.4.0-SNAPSHOT.jar:?]
	at org.apache.hadoop.ozone.protocolPB.OzoneManagerProtocolServerSideTranslatorPB.processRequest(OzoneManagerProtocolServerSideTranslatorPB.java:177) ~[ozone-manager-1.4.0-SNAPSHOT.jar:?]
	at org.apache.hadoop.hdds.server.OzoneProtocolMessageDispatcher.processRequest(OzoneProtocolMessageDispatcher.java:87) [hdds-server-framework-1.4.0-SNAPSHOT.jar:?]
	at org.apache.hadoop.ozone.protocolPB.OzoneManagerProtocolServerSideTranslatorPB.submitRequest(OzoneManagerProtocolServerSideTranslatorPB.java:147) [ozone-manager-1.4.0-SNAPSHOT.jar:?]
	at org.apache.hadoop.ozone.protocol.proto.OzoneManagerProtocolProtos$OzoneManagerService$2.callBlockingMethod(OzoneManagerProtocolProtos.java) [ozone-interface-client-1.4.0-SNAPSHOT.jar:?]
	at org.apache.hadoop.ipc.ProtobufRpcEngine$Server.processCall(ProtobufRpcEngine.java:484) [hadoop-common-3.3.5.jar:?]
	at org.apache.hadoop.ipc.ProtobufRpcEngine2$Server$ProtoBufRpcInvoker.call(ProtobufRpcEngine2.java:595) [hadoop-common-3.3.5.jar:?]
	at org.apache.hadoop.ipc.ProtobufRpcEngine2$Server$ProtoBufRpcInvoker.call(ProtobufRpcEngine2.java:573) [hadoop-common-3.3.5.jar:?]
	at org.apache.hadoop.ipc.RPC$Server.call(RPC.java:1213) [hadoop-common-3.3.5.jar:?]
	at org.apache.hadoop.ipc.Server$RpcCall.run(Server.java:1089) [hadoop-common-3.3.5.jar:?]
	at org.apache.hadoop.ipc.Server$RpcCall.run(Server.java:1012) [hadoop-common-3.3.5.jar:?]
	at java.security.AccessController.doPrivileged(Native Method) ~[?:1.8.0_362]
	at javax.security.auth.Subject.doAs(Subject.java:422) [?:1.8.0_362]
	at org.apache.hadoop.security.UserGroupInformation.doAs(UserGroupInformation.java:1899) [hadoop-common-3.3.5.jar:?]
	at org.apache.hadoop.ipc.Server$Handler.run(Server.java:3026) [hadoop-common-3.3.5.jar:?]
]]></system-out>
  </testcase>
  <testcase name="testMakeDirsWithAnFakeDirectory" classname="TestOzoneFileSystem" time="0.021">
    <system-out><![CDATA[2023-04-11 11:26:34,294 [IPC Server handler 4 on default port 44509] INFO  key.OMKeyRequest (OMKeyRequest.java:wrapUncommittedBlocksAsPseudoKey(838)) - Detect allocated but uncommitted blocks [{blockID={containerID=7, localID=111677748019200039}, length=4194304, offset=0, token=null, pipeline=null, createVersion=0, partNumber=0}] in key dir1/dir2/key1.
11:26:34.297 [IPC Server handler 2 on default port 44509] ERROR OMAudit - user=runner | ip=127.0.0.1 | op=GET_FILE_STATUS {volume=volume17585, bucket=bucket91798, key=user/runner/dir1/dir2, dataSize=0, replicationConfig=null} | ret=FAILURE
org.apache.hadoop.ozone.om.exceptions.OMException: Unable to get file status: volume: volume17585 bucket: bucket91798 key: user/runner/dir1/dir2
	at org.apache.hadoop.ozone.om.KeyManagerImpl.getOzoneFileStatus(KeyManagerImpl.java:1200) ~[ozone-manager-1.4.0-SNAPSHOT.jar:?]
	at org.apache.hadoop.ozone.om.KeyManagerImpl.getFileStatus(KeyManagerImpl.java:1118) ~[ozone-manager-1.4.0-SNAPSHOT.jar:?]
	at org.apache.hadoop.ozone.om.OmMetadataReader.getFileStatus(OmMetadataReader.java:288) ~[ozone-manager-1.4.0-SNAPSHOT.jar:?]
	at org.apache.hadoop.ozone.om.OzoneManager.getFileStatus(OzoneManager.java:3491) ~[ozone-manager-1.4.0-SNAPSHOT.jar:?]
	at org.apache.hadoop.ozone.protocolPB.OzoneManagerRequestHandler.getOzoneFileStatus(OzoneManagerRequestHandler.java:934) ~[ozone-manager-1.4.0-SNAPSHOT.jar:?]
	at org.apache.hadoop.ozone.protocolPB.OzoneManagerRequestHandler.handleReadRequest(OzoneManagerRequestHandler.java:238) ~[ozone-manager-1.4.0-SNAPSHOT.jar:?]
	at org.apache.hadoop.ozone.protocolPB.OzoneManagerProtocolServerSideTranslatorPB.submitRequestDirectlyToOM(OzoneManagerProtocolServerSideTranslatorPB.java:272) ~[ozone-manager-1.4.0-SNAPSHOT.jar:?]
	at org.apache.hadoop.ozone.protocolPB.OzoneManagerProtocolServerSideTranslatorPB.processRequest(OzoneManagerProtocolServerSideTranslatorPB.java:173) ~[ozone-manager-1.4.0-SNAPSHOT.jar:?]
	at org.apache.hadoop.hdds.server.OzoneProtocolMessageDispatcher.processRequest(OzoneProtocolMessageDispatcher.java:87) [hdds-server-framework-1.4.0-SNAPSHOT.jar:?]
	at org.apache.hadoop.ozone.protocolPB.OzoneManagerProtocolServerSideTranslatorPB.submitRequest(OzoneManagerProtocolServerSideTranslatorPB.java:147) [ozone-manager-1.4.0-SNAPSHOT.jar:?]
	at org.apache.hadoop.ozone.protocol.proto.OzoneManagerProtocolProtos$OzoneManagerService$2.callBlockingMethod(OzoneManagerProtocolProtos.java) [ozone-interface-client-1.4.0-SNAPSHOT.jar:?]
	at org.apache.hadoop.ipc.ProtobufRpcEngine$Server.processCall(ProtobufRpcEngine.java:484) [hadoop-common-3.3.5.jar:?]
	at org.apache.hadoop.ipc.ProtobufRpcEngine2$Server$ProtoBufRpcInvoker.call(ProtobufRpcEngine2.java:595) [hadoop-common-3.3.5.jar:?]
	at org.apache.hadoop.ipc.ProtobufRpcEngine2$Server$ProtoBufRpcInvoker.call(ProtobufRpcEngine2.java:573) [hadoop-common-3.3.5.jar:?]
	at org.apache.hadoop.ipc.RPC$Server.call(RPC.java:1213) [hadoop-common-3.3.5.jar:?]
	at org.apache.hadoop.ipc.Server$RpcCall.run(Server.java:1089) [hadoop-common-3.3.5.jar:?]
	at org.apache.hadoop.ipc.Server$RpcCall.run(Server.java:1012) [hadoop-common-3.3.5.jar:?]
	at java.security.AccessController.doPrivileged(Native Method) ~[?:1.8.0_362]
	at javax.security.auth.Subject.doAs(Subject.java:422) [?:1.8.0_362]
	at org.apache.hadoop.security.UserGroupInformation.doAs(UserGroupInformation.java:1899) [hadoop-common-3.3.5.jar:?]
	at org.apache.hadoop.ipc.Server$Handler.run(Server.java:3026) [hadoop-common-3.3.5.jar:?]
]]></system-out>
  </testcase>
  <testcase name="testFileDelete" classname="TestOzoneFileSystem" time="0.19">
    <system-out><![CDATA[2023-04-11 11:23:35,621 [OM StateMachine ApplyTransaction Thread - 0] INFO  key.OMKeyRequest (OMKeyRequest.java:wrapUncommittedBlocksAsPseudoKey(838)) - Detect allocated but uncommitted blocks [{blockID={containerID=4, localID=111677748019200040}, length=4194304, offset=0, token=null, pipeline=null, createVersion=0, partNumber=0}] in key testBatchDelete/parent/child0.
2023-04-11 11:23:35,631 [OM StateMachine ApplyTransaction Thread - 0] INFO  key.OMKeyRequest (OMKeyRequest.java:wrapUncommittedBlocksAsPseudoKey(838)) - Detect allocated but uncommitted blocks [{blockID={containerID=3, localID=111677748019200041}, length=4194304, offset=0, token=null, pipeline=null, createVersion=0, partNumber=0}] in key testBatchDelete/parent/childFolder/child0.
2023-04-11 11:23:35,641 [OM StateMachine ApplyTransaction Thread - 0] INFO  key.OMKeyRequest (OMKeyRequest.java:wrapUncommittedBlocksAsPseudoKey(838)) - Detect allocated but uncommitted blocks [{blockID={containerID=2, localID=111677748019200042}, length=4194304, offset=0, token=null, pipeline=null, createVersion=0, partNumber=0}] in key testBatchDelete/parent/child1.
2023-04-11 11:23:35,653 [OM StateMachine ApplyTransaction Thread - 0] INFO  key.OMKeyRequest (OMKeyRequest.java:wrapUncommittedBlocksAsPseudoKey(838)) - Detect allocated but uncommitted blocks [{blockID={containerID=3, localID=111677748019200043}, length=4194304, offset=0, token=null, pipeline=null, createVersion=0, partNumber=0}] in key testBatchDelete/parent/childFolder/child1.
2023-04-11 11:23:35,662 [OM StateMachine ApplyTransaction Thread - 0] INFO  key.OMKeyRequest (OMKeyRequest.java:wrapUncommittedBlocksAsPseudoKey(838)) - Detect allocated but uncommitted blocks [{blockID={containerID=2, localID=111677748019200044}, length=4194304, offset=0, token=null, pipeline=null, createVersion=0, partNumber=0}] in key testBatchDelete/parent/child2.
2023-04-11 11:23:35,671 [OM StateMachine ApplyTransaction Thread - 0] INFO  key.OMKeyRequest (OMKeyRequest.java:wrapUncommittedBlocksAsPseudoKey(838)) - Detect allocated but uncommitted blocks [{blockID={containerID=3, localID=111677748019200045}, length=4194304, offset=0, token=null, pipeline=null, createVersion=0, partNumber=0}] in key testBatchDelete/parent/childFolder/child2.
2023-04-11 11:23:35,680 [OM StateMachine ApplyTransaction Thread - 0] INFO  key.OMKeyRequest (OMKeyRequest.java:wrapUncommittedBlocksAsPseudoKey(838)) - Detect allocated but uncommitted blocks [{blockID={containerID=1, localID=111677748019200046}, length=4194304, offset=0, token=null, pipeline=null, createVersion=0, partNumber=0}] in key testBatchDelete/parent/child3.
2023-04-11 11:23:35,689 [OM StateMachine ApplyTransaction Thread - 0] INFO  key.OMKeyRequest (OMKeyRequest.java:wrapUncommittedBlocksAsPseudoKey(838)) - Detect allocated but uncommitted blocks [{blockID={containerID=2, localID=111677748019200047}, length=4194304, offset=0, token=null, pipeline=null, createVersion=0, partNumber=0}] in key testBatchDelete/parent/childFolder/child3.
2023-04-11 11:23:35,697 [OM StateMachine ApplyTransaction Thread - 0] INFO  key.OMKeyRequest (OMKeyRequest.java:wrapUncommittedBlocksAsPseudoKey(838)) - Detect allocated but uncommitted blocks [{blockID={containerID=4, localID=111677748019200048}, length=4194304, offset=0, token=null, pipeline=null, createVersion=0, partNumber=0}] in key testBatchDelete/parent/child4.
2023-04-11 11:23:35,706 [OM StateMachine ApplyTransaction Thread - 0] INFO  key.OMKeyRequest (OMKeyRequest.java:wrapUncommittedBlocksAsPseudoKey(838)) - Detect allocated but uncommitted blocks [{blockID={containerID=1, localID=111677748019200049}, length=4194304, offset=0, token=null, pipeline=null, createVersion=0, partNumber=0}] in key testBatchDelete/parent/childFolder/child4.
2023-04-11 11:23:35,714 [OM StateMachine ApplyTransaction Thread - 0] INFO  key.OMKeyRequest (OMKeyRequest.java:wrapUncommittedBlocksAsPseudoKey(838)) - Detect allocated but uncommitted blocks [{blockID={containerID=3, localID=111677748019200050}, length=4194304, offset=0, token=null, pipeline=null, createVersion=0, partNumber=0}] in key testBatchDelete/parent/child5.
2023-04-11 11:23:35,722 [OM StateMachine ApplyTransaction Thread - 0] INFO  key.OMKeyRequest (OMKeyRequest.java:wrapUncommittedBlocksAsPseudoKey(838)) - Detect allocated but uncommitted blocks [{blockID={containerID=4, localID=111677748019200051}, length=4194304, offset=0, token=null, pipeline=null, createVersion=0, partNumber=0}] in key testBatchDelete/parent/childFolder/child5.
2023-04-11 11:23:35,730 [OM StateMachine ApplyTransaction Thread - 0] INFO  key.OMKeyRequest (OMKeyRequest.java:wrapUncommittedBlocksAsPseudoKey(838)) - Detect allocated but uncommitted blocks [{blockID={containerID=1, localID=111677748019200052}, length=4194304, offset=0, token=null, pipeline=null, createVersion=0, partNumber=0}] in key testBatchDelete/parent/child6.
2023-04-11 11:23:35,738 [OM StateMachine ApplyTransaction Thread - 0] INFO  key.OMKeyRequest (OMKeyRequest.java:wrapUncommittedBlocksAsPseudoKey(838)) - Detect allocated but uncommitted blocks [{blockID={containerID=4, localID=111677748019200053}, length=4194304, offset=0, token=null, pipeline=null, createVersion=0, partNumber=0}] in key testBatchDelete/parent/childFolder/child6.
2023-04-11 11:23:35,746 [OM StateMachine ApplyTransaction Thread - 0] INFO  key.OMKeyRequest (OMKeyRequest.java:wrapUncommittedBlocksAsPseudoKey(838)) - Detect allocated but uncommitted blocks [{blockID={containerID=2, localID=111677748019200054}, length=4194304, offset=0, token=null, pipeline=null, createVersion=0, partNumber=0}] in key testBatchDelete/parent/child7.
2023-04-11 11:23:35,755 [OM StateMachine ApplyTransaction Thread - 0] INFO  key.OMKeyRequest (OMKeyRequest.java:wrapUncommittedBlocksAsPseudoKey(838)) - Detect allocated but uncommitted blocks [{blockID={containerID=3, localID=111677748019200055}, length=4194304, offset=0, token=null, pipeline=null, createVersion=0, partNumber=0}] in key testBatchDelete/parent/childFolder/child7.
11:23:35.776 [IPC Server handler 10 on default port 36763] ERROR OMAudit - user=runner | ip=127.0.0.1 | op=GET_FILE_STATUS {volume=volume14578, bucket=bucket96393, key=testBatchDelete, dataSize=0, replicationConfig=null} | ret=FAILURE
org.apache.hadoop.ozone.om.exceptions.OMException: Unable to get file status: volume: volume14578 bucket: bucket96393 key: testBatchDelete
	at org.apache.hadoop.ozone.om.KeyManagerImpl.getOzoneFileStatus(KeyManagerImpl.java:1200) ~[ozone-manager-1.4.0-SNAPSHOT.jar:?]
	at org.apache.hadoop.ozone.om.KeyManagerImpl.getFileStatus(KeyManagerImpl.java:1118) ~[ozone-manager-1.4.0-SNAPSHOT.jar:?]
	at org.apache.hadoop.ozone.om.OmMetadataReader.getFileStatus(OmMetadataReader.java:288) ~[ozone-manager-1.4.0-SNAPSHOT.jar:?]
	at org.apache.hadoop.ozone.om.OzoneManager.getFileStatus(OzoneManager.java:3491) ~[ozone-manager-1.4.0-SNAPSHOT.jar:?]
	at org.apache.hadoop.ozone.protocolPB.OzoneManagerRequestHandler.getOzoneFileStatus(OzoneManagerRequestHandler.java:934) ~[ozone-manager-1.4.0-SNAPSHOT.jar:?]
	at org.apache.hadoop.ozone.protocolPB.OzoneManagerRequestHandler.handleReadRequest(OzoneManagerRequestHandler.java:238) ~[ozone-manager-1.4.0-SNAPSHOT.jar:?]
	at org.apache.hadoop.ozone.protocolPB.OzoneManagerProtocolServerSideTranslatorPB.submitReadRequestToOM(OzoneManagerProtocolServerSideTranslatorPB.java:223) ~[ozone-manager-1.4.0-SNAPSHOT.jar:?]
	at org.apache.hadoop.ozone.protocolPB.OzoneManagerProtocolServerSideTranslatorPB.processRequest(OzoneManagerProtocolServerSideTranslatorPB.java:177) ~[ozone-manager-1.4.0-SNAPSHOT.jar:?]
	at org.apache.hadoop.hdds.server.OzoneProtocolMessageDispatcher.processRequest(OzoneProtocolMessageDispatcher.java:87) [hdds-server-framework-1.4.0-SNAPSHOT.jar:?]
	at org.apache.hadoop.ozone.protocolPB.OzoneManagerProtocolServerSideTranslatorPB.submitRequest(OzoneManagerProtocolServerSideTranslatorPB.java:147) [ozone-manager-1.4.0-SNAPSHOT.jar:?]
	at org.apache.hadoop.ozone.protocol.proto.OzoneManagerProtocolProtos$OzoneManagerService$2.callBlockingMethod(OzoneManagerProtocolProtos.java) [ozone-interface-client-1.4.0-SNAPSHOT.jar:?]
	at org.apache.hadoop.ipc.ProtobufRpcEngine$Server.processCall(ProtobufRpcEngine.java:484) [hadoop-common-3.3.5.jar:?]
	at org.apache.hadoop.ipc.ProtobufRpcEngine2$Server$ProtoBufRpcInvoker.call(ProtobufRpcEngine2.java:595) [hadoop-common-3.3.5.jar:?]
	at org.apache.hadoop.ipc.ProtobufRpcEngine2$Server$ProtoBufRpcInvoker.call(ProtobufRpcEngine2.java:573) [hadoop-common-3.3.5.jar:?]
	at org.apache.hadoop.ipc.RPC$Server.call(RPC.java:1213) [hadoop-common-3.3.5.jar:?]
	at org.apache.hadoop.ipc.Server$RpcCall.run(Server.java:1089) [hadoop-common-3.3.5.jar:?]
	at org.apache.hadoop.ipc.Server$RpcCall.run(Server.java:1012) [hadoop-common-3.3.5.jar:?]
	at java.security.AccessController.doPrivileged(Native Method) ~[?:1.8.0_362]
	at javax.security.auth.Subject.doAs(Subject.java:422) [?:1.8.0_362]
	at org.apache.hadoop.security.UserGroupInformation.doAs(UserGroupInformation.java:1899) [hadoop-common-3.3.5.jar:?]
	at org.apache.hadoop.ipc.Server$Handler.run(Server.java:3026) [hadoop-common-3.3.5.jar:?]
11:23:35.778 [IPC Server handler 18 on default port 36763] ERROR OMAudit - user=runner | ip=127.0.0.1 | op=GET_FILE_STATUS {volume=volume14578, bucket=bucket96393, key=testBatchDelete/parent/child0, dataSize=0, replicationConfig=null} | ret=FAILURE
org.apache.hadoop.ozone.om.exceptions.OMException: Unable to get file status: volume: volume14578 bucket: bucket96393 key: testBatchDelete/parent/child0
	at org.apache.hadoop.ozone.om.KeyManagerImpl.getOzoneFileStatus(KeyManagerImpl.java:1200) ~[ozone-manager-1.4.0-SNAPSHOT.jar:?]
	at org.apache.hadoop.ozone.om.KeyManagerImpl.getFileStatus(KeyManagerImpl.java:1118) ~[ozone-manager-1.4.0-SNAPSHOT.jar:?]
	at org.apache.hadoop.ozone.om.OmMetadataReader.getFileStatus(OmMetadataReader.java:288) ~[ozone-manager-1.4.0-SNAPSHOT.jar:?]
	at org.apache.hadoop.ozone.om.OzoneManager.getFileStatus(OzoneManager.java:3491) ~[ozone-manager-1.4.0-SNAPSHOT.jar:?]
	at org.apache.hadoop.ozone.protocolPB.OzoneManagerRequestHandler.getOzoneFileStatus(OzoneManagerRequestHandler.java:934) ~[ozone-manager-1.4.0-SNAPSHOT.jar:?]
	at org.apache.hadoop.ozone.protocolPB.OzoneManagerRequestHandler.handleReadRequest(OzoneManagerRequestHandler.java:238) ~[ozone-manager-1.4.0-SNAPSHOT.jar:?]
	at org.apache.hadoop.ozone.protocolPB.OzoneManagerProtocolServerSideTranslatorPB.submitReadRequestToOM(OzoneManagerProtocolServerSideTranslatorPB.java:223) ~[ozone-manager-1.4.0-SNAPSHOT.jar:?]
	at org.apache.hadoop.ozone.protocolPB.OzoneManagerProtocolServerSideTranslatorPB.processRequest(OzoneManagerProtocolServerSideTranslatorPB.java:177) ~[ozone-manager-1.4.0-SNAPSHOT.jar:?]
	at org.apache.hadoop.hdds.server.OzoneProtocolMessageDispatcher.processRequest(OzoneProtocolMessageDispatcher.java:87) [hdds-server-framework-1.4.0-SNAPSHOT.jar:?]
	at org.apache.hadoop.ozone.protocolPB.OzoneManagerProtocolServerSideTranslatorPB.submitRequest(OzoneManagerProtocolServerSideTranslatorPB.java:147) [ozone-manager-1.4.0-SNAPSHOT.jar:?]
	at org.apache.hadoop.ozone.protocol.proto.OzoneManagerProtocolProtos$OzoneManagerService$2.callBlockingMethod(OzoneManagerProtocolProtos.java) [ozone-interface-client-1.4.0-SNAPSHOT.jar:?]
	at org.apache.hadoop.ipc.ProtobufRpcEngine$Server.processCall(ProtobufRpcEngine.java:484) [hadoop-common-3.3.5.jar:?]
	at org.apache.hadoop.ipc.ProtobufRpcEngine2$Server$ProtoBufRpcInvoker.call(ProtobufRpcEngine2.java:595) [hadoop-common-3.3.5.jar:?]
	at org.apache.hadoop.ipc.ProtobufRpcEngine2$Server$ProtoBufRpcInvoker.call(ProtobufRpcEngine2.java:573) [hadoop-common-3.3.5.jar:?]
	at org.apache.hadoop.ipc.RPC$Server.call(RPC.java:1213) [hadoop-common-3.3.5.jar:?]
	at org.apache.hadoop.ipc.Server$RpcCall.run(Server.java:1089) [hadoop-common-3.3.5.jar:?]
	at org.apache.hadoop.ipc.Server$RpcCall.run(Server.java:1012) [hadoop-common-3.3.5.jar:?]
	at java.security.AccessController.doPrivileged(Native Method) ~[?:1.8.0_362]
	at javax.security.auth.Subject.doAs(Subject.java:422) [?:1.8.0_362]
	at org.apache.hadoop.security.UserGroupInformation.doAs(UserGroupInformation.java:1899) [hadoop-common-3.3.5.jar:?]
	at org.apache.hadoop.ipc.Server$Handler.run(Server.java:3026) [hadoop-common-3.3.5.jar:?]
11:23:35.779 [IPC Server handler 16 on default port 36763] ERROR OMAudit - user=runner | ip=127.0.0.1 | op=GET_FILE_STATUS {volume=volume14578, bucket=bucket96393, key=testBatchDelete/parent/childFolder/child0, dataSize=0, replicationConfig=null} | ret=FAILURE
org.apache.hadoop.ozone.om.exceptions.OMException: Unable to get file status: volume: volume14578 bucket: bucket96393 key: testBatchDelete/parent/childFolder/child0
	at org.apache.hadoop.ozone.om.KeyManagerImpl.getOzoneFileStatus(KeyManagerImpl.java:1200) ~[ozone-manager-1.4.0-SNAPSHOT.jar:?]
	at org.apache.hadoop.ozone.om.KeyManagerImpl.getFileStatus(KeyManagerImpl.java:1118) ~[ozone-manager-1.4.0-SNAPSHOT.jar:?]
	at org.apache.hadoop.ozone.om.OmMetadataReader.getFileStatus(OmMetadataReader.java:288) ~[ozone-manager-1.4.0-SNAPSHOT.jar:?]
	at org.apache.hadoop.ozone.om.OzoneManager.getFileStatus(OzoneManager.java:3491) ~[ozone-manager-1.4.0-SNAPSHOT.jar:?]
	at org.apache.hadoop.ozone.protocolPB.OzoneManagerRequestHandler.getOzoneFileStatus(OzoneManagerRequestHandler.java:934) ~[ozone-manager-1.4.0-SNAPSHOT.jar:?]
	at org.apache.hadoop.ozone.protocolPB.OzoneManagerRequestHandler.handleReadRequest(OzoneManagerRequestHandler.java:238) ~[ozone-manager-1.4.0-SNAPSHOT.jar:?]
	at org.apache.hadoop.ozone.protocolPB.OzoneManagerProtocolServerSideTranslatorPB.submitReadRequestToOM(OzoneManagerProtocolServerSideTranslatorPB.java:223) ~[ozone-manager-1.4.0-SNAPSHOT.jar:?]
	at org.apache.hadoop.ozone.protocolPB.OzoneManagerProtocolServerSideTranslatorPB.processRequest(OzoneManagerProtocolServerSideTranslatorPB.java:177) ~[ozone-manager-1.4.0-SNAPSHOT.jar:?]
	at org.apache.hadoop.hdds.server.OzoneProtocolMessageDispatcher.processRequest(OzoneProtocolMessageDispatcher.java:87) [hdds-server-framework-1.4.0-SNAPSHOT.jar:?]
	at org.apache.hadoop.ozone.protocolPB.OzoneManagerProtocolServerSideTranslatorPB.submitRequest(OzoneManagerProtocolServerSideTranslatorPB.java:147) [ozone-manager-1.4.0-SNAPSHOT.jar:?]
	at org.apache.hadoop.ozone.protocol.proto.OzoneManagerProtocolProtos$OzoneManagerService$2.callBlockingMethod(OzoneManagerProtocolProtos.java) [ozone-interface-client-1.4.0-SNAPSHOT.jar:?]
	at org.apache.hadoop.ipc.ProtobufRpcEngine$Server.processCall(ProtobufRpcEngine.java:484) [hadoop-common-3.3.5.jar:?]
	at org.apache.hadoop.ipc.ProtobufRpcEngine2$Server$ProtoBufRpcInvoker.call(ProtobufRpcEngine2.java:595) [hadoop-common-3.3.5.jar:?]
	at org.apache.hadoop.ipc.ProtobufRpcEngine2$Server$ProtoBufRpcInvoker.call(ProtobufRpcEngine2.java:573) [hadoop-common-3.3.5.jar:?]
	at org.apache.hadoop.ipc.RPC$Server.call(RPC.java:1213) [hadoop-common-3.3.5.jar:?]
	at org.apache.hadoop.ipc.Server$RpcCall.run(Server.java:1089) [hadoop-common-3.3.5.jar:?]
	at org.apache.hadoop.ipc.Server$RpcCall.run(Server.java:1012) [hadoop-common-3.3.5.jar:?]
	at java.security.AccessController.doPrivileged(Native Method) ~[?:1.8.0_362]
	at javax.security.auth.Subject.doAs(Subject.java:422) [?:1.8.0_362]
	at org.apache.hadoop.security.UserGroupInformation.doAs(UserGroupInformation.java:1899) [hadoop-common-3.3.5.jar:?]
	at org.apache.hadoop.ipc.Server$Handler.run(Server.java:3026) [hadoop-common-3.3.5.jar:?]
11:23:35.780 [IPC Server handler 17 on default port 36763] ERROR OMAudit - user=runner | ip=127.0.0.1 | op=GET_FILE_STATUS {volume=volume14578, bucket=bucket96393, key=testBatchDelete/parent/child1, dataSize=0, replicationConfig=null} | ret=FAILURE
org.apache.hadoop.ozone.om.exceptions.OMException: Unable to get file status: volume: volume14578 bucket: bucket96393 key: testBatchDelete/parent/child1
	at org.apache.hadoop.ozone.om.KeyManagerImpl.getOzoneFileStatus(KeyManagerImpl.java:1200) ~[ozone-manager-1.4.0-SNAPSHOT.jar:?]
	at org.apache.hadoop.ozone.om.KeyManagerImpl.getFileStatus(KeyManagerImpl.java:1118) ~[ozone-manager-1.4.0-SNAPSHOT.jar:?]
	at org.apache.hadoop.ozone.om.OmMetadataReader.getFileStatus(OmMetadataReader.java:288) ~[ozone-manager-1.4.0-SNAPSHOT.jar:?]
	at org.apache.hadoop.ozone.om.OzoneManager.getFileStatus(OzoneManager.java:3491) ~[ozone-manager-1.4.0-SNAPSHOT.jar:?]
	at org.apache.hadoop.ozone.protocolPB.OzoneManagerRequestHandler.getOzoneFileStatus(OzoneManagerRequestHandler.java:934) ~[ozone-manager-1.4.0-SNAPSHOT.jar:?]
	at org.apache.hadoop.ozone.protocolPB.OzoneManagerRequestHandler.handleReadRequest(OzoneManagerRequestHandler.java:238) ~[ozone-manager-1.4.0-SNAPSHOT.jar:?]
	at org.apache.hadoop.ozone.protocolPB.OzoneManagerProtocolServerSideTranslatorPB.submitReadRequestToOM(OzoneManagerProtocolServerSideTranslatorPB.java:223) ~[ozone-manager-1.4.0-SNAPSHOT.jar:?]
	at org.apache.hadoop.ozone.protocolPB.OzoneManagerProtocolServerSideTranslatorPB.processRequest(OzoneManagerProtocolServerSideTranslatorPB.java:177) ~[ozone-manager-1.4.0-SNAPSHOT.jar:?]
	at org.apache.hadoop.hdds.server.OzoneProtocolMessageDispatcher.processRequest(OzoneProtocolMessageDispatcher.java:87) [hdds-server-framework-1.4.0-SNAPSHOT.jar:?]
	at org.apache.hadoop.ozone.protocolPB.OzoneManagerProtocolServerSideTranslatorPB.submitRequest(OzoneManagerProtocolServerSideTranslatorPB.java:147) [ozone-manager-1.4.0-SNAPSHOT.jar:?]
	at org.apache.hadoop.ozone.protocol.proto.OzoneManagerProtocolProtos$OzoneManagerService$2.callBlockingMethod(OzoneManagerProtocolProtos.java) [ozone-interface-client-1.4.0-SNAPSHOT.jar:?]
	at org.apache.hadoop.ipc.ProtobufRpcEngine$Server.processCall(ProtobufRpcEngine.java:484) [hadoop-common-3.3.5.jar:?]
	at org.apache.hadoop.ipc.ProtobufRpcEngine2$Server$ProtoBufRpcInvoker.call(ProtobufRpcEngine2.java:595) [hadoop-common-3.3.5.jar:?]
	at org.apache.hadoop.ipc.ProtobufRpcEngine2$Server$ProtoBufRpcInvoker.call(ProtobufRpcEngine2.java:573) [hadoop-common-3.3.5.jar:?]
	at org.apache.hadoop.ipc.RPC$Server.call(RPC.java:1213) [hadoop-common-3.3.5.jar:?]
	at org.apache.hadoop.ipc.Server$RpcCall.run(Server.java:1089) [hadoop-common-3.3.5.jar:?]
	at org.apache.hadoop.ipc.Server$RpcCall.run(Server.java:1012) [hadoop-common-3.3.5.jar:?]
	at java.security.AccessController.doPrivileged(Native Method) ~[?:1.8.0_362]
	at javax.security.auth.Subject.doAs(Subject.java:422) [?:1.8.0_362]
	at org.apache.hadoop.security.UserGroupInformation.doAs(UserGroupInformation.java:1899) [hadoop-common-3.3.5.jar:?]
	at org.apache.hadoop.ipc.Server$Handler.run(Server.java:3026) [hadoop-common-3.3.5.jar:?]
11:23:35.782 [IPC Server handler 14 on default port 36763] ERROR OMAudit - user=runner | ip=127.0.0.1 | op=GET_FILE_STATUS {volume=volume14578, bucket=bucket96393, key=testBatchDelete/parent/childFolder/child1, dataSize=0, replicationConfig=null} | ret=FAILURE
org.apache.hadoop.ozone.om.exceptions.OMException: Unable to get file status: volume: volume14578 bucket: bucket96393 key: testBatchDelete/parent/childFolder/child1
	at org.apache.hadoop.ozone.om.KeyManagerImpl.getOzoneFileStatus(KeyManagerImpl.java:1200) ~[ozone-manager-1.4.0-SNAPSHOT.jar:?]
	at org.apache.hadoop.ozone.om.KeyManagerImpl.getFileStatus(KeyManagerImpl.java:1118) ~[ozone-manager-1.4.0-SNAPSHOT.jar:?]
	at org.apache.hadoop.ozone.om.OmMetadataReader.getFileStatus(OmMetadataReader.java:288) ~[ozone-manager-1.4.0-SNAPSHOT.jar:?]
	at org.apache.hadoop.ozone.om.OzoneManager.getFileStatus(OzoneManager.java:3491) ~[ozone-manager-1.4.0-SNAPSHOT.jar:?]
	at org.apache.hadoop.ozone.protocolPB.OzoneManagerRequestHandler.getOzoneFileStatus(OzoneManagerRequestHandler.java:934) ~[ozone-manager-1.4.0-SNAPSHOT.jar:?]
	at org.apache.hadoop.ozone.protocolPB.OzoneManagerRequestHandler.handleReadRequest(OzoneManagerRequestHandler.java:238) ~[ozone-manager-1.4.0-SNAPSHOT.jar:?]
	at org.apache.hadoop.ozone.protocolPB.OzoneManagerProtocolServerSideTranslatorPB.submitReadRequestToOM(OzoneManagerProtocolServerSideTranslatorPB.java:223) ~[ozone-manager-1.4.0-SNAPSHOT.jar:?]
	at org.apache.hadoop.ozone.protocolPB.OzoneManagerProtocolServerSideTranslatorPB.processRequest(OzoneManagerProtocolServerSideTranslatorPB.java:177) ~[ozone-manager-1.4.0-SNAPSHOT.jar:?]
	at org.apache.hadoop.hdds.server.OzoneProtocolMessageDispatcher.processRequest(OzoneProtocolMessageDispatcher.java:87) [hdds-server-framework-1.4.0-SNAPSHOT.jar:?]
	at org.apache.hadoop.ozone.protocolPB.OzoneManagerProtocolServerSideTranslatorPB.submitRequest(OzoneManagerProtocolServerSideTranslatorPB.java:147) [ozone-manager-1.4.0-SNAPSHOT.jar:?]
	at org.apache.hadoop.ozone.protocol.proto.OzoneManagerProtocolProtos$OzoneManagerService$2.callBlockingMethod(OzoneManagerProtocolProtos.java) [ozone-interface-client-1.4.0-SNAPSHOT.jar:?]
	at org.apache.hadoop.ipc.ProtobufRpcEngine$Server.processCall(ProtobufRpcEngine.java:484) [hadoop-common-3.3.5.jar:?]
	at org.apache.hadoop.ipc.ProtobufRpcEngine2$Server$ProtoBufRpcInvoker.call(ProtobufRpcEngine2.java:595) [hadoop-common-3.3.5.jar:?]
	at org.apache.hadoop.ipc.ProtobufRpcEngine2$Server$ProtoBufRpcInvoker.call(ProtobufRpcEngine2.java:573) [hadoop-common-3.3.5.jar:?]
	at org.apache.hadoop.ipc.RPC$Server.call(RPC.java:1213) [hadoop-common-3.3.5.jar:?]
	at org.apache.hadoop.ipc.Server$RpcCall.run(Server.java:1089) [hadoop-common-3.3.5.jar:?]
	at org.apache.hadoop.ipc.Server$RpcCall.run(Server.java:1012) [hadoop-common-3.3.5.jar:?]
	at java.security.AccessController.doPrivileged(Native Method) ~[?:1.8.0_362]
	at javax.security.auth.Subject.doAs(Subject.java:422) [?:1.8.0_362]
	at org.apache.hadoop.security.UserGroupInformation.doAs(UserGroupInformation.java:1899) [hadoop-common-3.3.5.jar:?]
	at org.apache.hadoop.ipc.Server$Handler.run(Server.java:3026) [hadoop-common-3.3.5.jar:?]
11:23:35.783 [IPC Server handler 9 on default port 36763] ERROR OMAudit - user=runner | ip=127.0.0.1 | op=GET_FILE_STATUS {volume=volume14578, bucket=bucket96393, key=testBatchDelete/parent/child2, dataSize=0, replicationConfig=null} | ret=FAILURE
org.apache.hadoop.ozone.om.exceptions.OMException: Unable to get file status: volume: volume14578 bucket: bucket96393 key: testBatchDelete/parent/child2
	at org.apache.hadoop.ozone.om.KeyManagerImpl.getOzoneFileStatus(KeyManagerImpl.java:1200) ~[ozone-manager-1.4.0-SNAPSHOT.jar:?]
	at org.apache.hadoop.ozone.om.KeyManagerImpl.getFileStatus(KeyManagerImpl.java:1118) ~[ozone-manager-1.4.0-SNAPSHOT.jar:?]
	at org.apache.hadoop.ozone.om.OmMetadataReader.getFileStatus(OmMetadataReader.java:288) ~[ozone-manager-1.4.0-SNAPSHOT.jar:?]
	at org.apache.hadoop.ozone.om.OzoneManager.getFileStatus(OzoneManager.java:3491) ~[ozone-manager-1.4.0-SNAPSHOT.jar:?]
	at org.apache.hadoop.ozone.protocolPB.OzoneManagerRequestHandler.getOzoneFileStatus(OzoneManagerRequestHandler.java:934) ~[ozone-manager-1.4.0-SNAPSHOT.jar:?]
	at org.apache.hadoop.ozone.protocolPB.OzoneManagerRequestHandler.handleReadRequest(OzoneManagerRequestHandler.java:238) ~[ozone-manager-1.4.0-SNAPSHOT.jar:?]
	at org.apache.hadoop.ozone.protocolPB.OzoneManagerProtocolServerSideTranslatorPB.submitReadRequestToOM(OzoneManagerProtocolServerSideTranslatorPB.java:223) ~[ozone-manager-1.4.0-SNAPSHOT.jar:?]
	at org.apache.hadoop.ozone.protocolPB.OzoneManagerProtocolServerSideTranslatorPB.processRequest(OzoneManagerProtocolServerSideTranslatorPB.java:177) ~[ozone-manager-1.4.0-SNAPSHOT.jar:?]
	at org.apache.hadoop.hdds.server.OzoneProtocolMessageDispatcher.processRequest(OzoneProtocolMessageDispatcher.java:87) [hdds-server-framework-1.4.0-SNAPSHOT.jar:?]
	at org.apache.hadoop.ozone.protocolPB.OzoneManagerProtocolServerSideTranslatorPB.submitRequest(OzoneManagerProtocolServerSideTranslatorPB.java:147) [ozone-manager-1.4.0-SNAPSHOT.jar:?]
	at org.apache.hadoop.ozone.protocol.proto.OzoneManagerProtocolProtos$OzoneManagerService$2.callBlockingMethod(OzoneManagerProtocolProtos.java) [ozone-interface-client-1.4.0-SNAPSHOT.jar:?]
	at org.apache.hadoop.ipc.ProtobufRpcEngine$Server.processCall(ProtobufRpcEngine.java:484) [hadoop-common-3.3.5.jar:?]
	at org.apache.hadoop.ipc.ProtobufRpcEngine2$Server$ProtoBufRpcInvoker.call(ProtobufRpcEngine2.java:595) [hadoop-common-3.3.5.jar:?]
	at org.apache.hadoop.ipc.ProtobufRpcEngine2$Server$ProtoBufRpcInvoker.call(ProtobufRpcEngine2.java:573) [hadoop-common-3.3.5.jar:?]
	at org.apache.hadoop.ipc.RPC$Server.call(RPC.java:1213) [hadoop-common-3.3.5.jar:?]
	at org.apache.hadoop.ipc.Server$RpcCall.run(Server.java:1089) [hadoop-common-3.3.5.jar:?]
	at org.apache.hadoop.ipc.Server$RpcCall.run(Server.java:1012) [hadoop-common-3.3.5.jar:?]
	at java.security.AccessController.doPrivileged(Native Method) ~[?:1.8.0_362]
	at javax.security.auth.Subject.doAs(Subject.java:422) [?:1.8.0_362]
	at org.apache.hadoop.security.UserGroupInformation.doAs(UserGroupInformation.java:1899) [hadoop-common-3.3.5.jar:?]
	at org.apache.hadoop.ipc.Server$Handler.run(Server.java:3026) [hadoop-common-3.3.5.jar:?]
11:23:35.784 [IPC Server handler 6 on default port 36763] ERROR OMAudit - user=runner | ip=127.0.0.1 | op=GET_FILE_STATUS {volume=volume14578, bucket=bucket96393, key=testBatchDelete/parent/childFolder/child2, dataSize=0, replicationConfig=null} | ret=FAILURE
org.apache.hadoop.ozone.om.exceptions.OMException: Unable to get file status: volume: volume14578 bucket: bucket96393 key: testBatchDelete/parent/childFolder/child2
	at org.apache.hadoop.ozone.om.KeyManagerImpl.getOzoneFileStatus(KeyManagerImpl.java:1200) ~[ozone-manager-1.4.0-SNAPSHOT.jar:?]
	at org.apache.hadoop.ozone.om.KeyManagerImpl.getFileStatus(KeyManagerImpl.java:1118) ~[ozone-manager-1.4.0-SNAPSHOT.jar:?]
	at org.apache.hadoop.ozone.om.OmMetadataReader.getFileStatus(OmMetadataReader.java:288) ~[ozone-manager-1.4.0-SNAPSHOT.jar:?]
	at org.apache.hadoop.ozone.om.OzoneManager.getFileStatus(OzoneManager.java:3491) ~[ozone-manager-1.4.0-SNAPSHOT.jar:?]
	at org.apache.hadoop.ozone.protocolPB.OzoneManagerRequestHandler.getOzoneFileStatus(OzoneManagerRequestHandler.java:934) ~[ozone-manager-1.4.0-SNAPSHOT.jar:?]
	at org.apache.hadoop.ozone.protocolPB.OzoneManagerRequestHandler.handleReadRequest(OzoneManagerRequestHandler.java:238) ~[ozone-manager-1.4.0-SNAPSHOT.jar:?]
	at org.apache.hadoop.ozone.protocolPB.OzoneManagerProtocolServerSideTranslatorPB.submitReadRequestToOM(OzoneManagerProtocolServerSideTranslatorPB.java:223) ~[ozone-manager-1.4.0-SNAPSHOT.jar:?]
	at org.apache.hadoop.ozone.protocolPB.OzoneManagerProtocolServerSideTranslatorPB.processRequest(OzoneManagerProtocolServerSideTranslatorPB.java:177) ~[ozone-manager-1.4.0-SNAPSHOT.jar:?]
	at org.apache.hadoop.hdds.server.OzoneProtocolMessageDispatcher.processRequest(OzoneProtocolMessageDispatcher.java:87) [hdds-server-framework-1.4.0-SNAPSHOT.jar:?]
	at org.apache.hadoop.ozone.protocolPB.OzoneManagerProtocolServerSideTranslatorPB.submitRequest(OzoneManagerProtocolServerSideTranslatorPB.java:147) [ozone-manager-1.4.0-SNAPSHOT.jar:?]
	at org.apache.hadoop.ozone.protocol.proto.OzoneManagerProtocolProtos$OzoneManagerService$2.callBlockingMethod(OzoneManagerProtocolProtos.java) [ozone-interface-client-1.4.0-SNAPSHOT.jar:?]
	at org.apache.hadoop.ipc.ProtobufRpcEngine$Server.processCall(ProtobufRpcEngine.java:484) [hadoop-common-3.3.5.jar:?]
	at org.apache.hadoop.ipc.ProtobufRpcEngine2$Server$ProtoBufRpcInvoker.call(ProtobufRpcEngine2.java:595) [hadoop-common-3.3.5.jar:?]
	at org.apache.hadoop.ipc.ProtobufRpcEngine2$Server$ProtoBufRpcInvoker.call(ProtobufRpcEngine2.java:573) [hadoop-common-3.3.5.jar:?]
	at org.apache.hadoop.ipc.RPC$Server.call(RPC.java:1213) [hadoop-common-3.3.5.jar:?]
	at org.apache.hadoop.ipc.Server$RpcCall.run(Server.java:1089) [hadoop-common-3.3.5.jar:?]
	at org.apache.hadoop.ipc.Server$RpcCall.run(Server.java:1012) [hadoop-common-3.3.5.jar:?]
	at java.security.AccessController.doPrivileged(Native Method) ~[?:1.8.0_362]
	at javax.security.auth.Subject.doAs(Subject.java:422) [?:1.8.0_362]
	at org.apache.hadoop.security.UserGroupInformation.doAs(UserGroupInformation.java:1899) [hadoop-common-3.3.5.jar:?]
	at org.apache.hadoop.ipc.Server$Handler.run(Server.java:3026) [hadoop-common-3.3.5.jar:?]
11:23:35.785 [IPC Server handler 5 on default port 36763] ERROR OMAudit - user=runner | ip=127.0.0.1 | op=GET_FILE_STATUS {volume=volume14578, bucket=bucket96393, key=testBatchDelete/parent/child3, dataSize=0, replicationConfig=null} | ret=FAILURE
org.apache.hadoop.ozone.om.exceptions.OMException: Unable to get file status: volume: volume14578 bucket: bucket96393 key: testBatchDelete/parent/child3
	at org.apache.hadoop.ozone.om.KeyManagerImpl.getOzoneFileStatus(KeyManagerImpl.java:1200) ~[ozone-manager-1.4.0-SNAPSHOT.jar:?]
	at org.apache.hadoop.ozone.om.KeyManagerImpl.getFileStatus(KeyManagerImpl.java:1118) ~[ozone-manager-1.4.0-SNAPSHOT.jar:?]
	at org.apache.hadoop.ozone.om.OmMetadataReader.getFileStatus(OmMetadataReader.java:288) ~[ozone-manager-1.4.0-SNAPSHOT.jar:?]
	at org.apache.hadoop.ozone.om.OzoneManager.getFileStatus(OzoneManager.java:3491) ~[ozone-manager-1.4.0-SNAPSHOT.jar:?]
	at org.apache.hadoop.ozone.protocolPB.OzoneManagerRequestHandler.getOzoneFileStatus(OzoneManagerRequestHandler.java:934) ~[ozone-manager-1.4.0-SNAPSHOT.jar:?]
	at org.apache.hadoop.ozone.protocolPB.OzoneManagerRequestHandler.handleReadRequest(OzoneManagerRequestHandler.java:238) ~[ozone-manager-1.4.0-SNAPSHOT.jar:?]
	at org.apache.hadoop.ozone.protocolPB.OzoneManagerProtocolServerSideTranslatorPB.submitReadRequestToOM(OzoneManagerProtocolServerSideTranslatorPB.java:223) ~[ozone-manager-1.4.0-SNAPSHOT.jar:?]
	at org.apache.hadoop.ozone.protocolPB.OzoneManagerProtocolServerSideTranslatorPB.processRequest(OzoneManagerProtocolServerSideTranslatorPB.java:177) ~[ozone-manager-1.4.0-SNAPSHOT.jar:?]
	at org.apache.hadoop.hdds.server.OzoneProtocolMessageDispatcher.processRequest(OzoneProtocolMessageDispatcher.java:87) [hdds-server-framework-1.4.0-SNAPSHOT.jar:?]
	at org.apache.hadoop.ozone.protocolPB.OzoneManagerProtocolServerSideTranslatorPB.submitRequest(OzoneManagerProtocolServerSideTranslatorPB.java:147) [ozone-manager-1.4.0-SNAPSHOT.jar:?]
	at org.apache.hadoop.ozone.protocol.proto.OzoneManagerProtocolProtos$OzoneManagerService$2.callBlockingMethod(OzoneManagerProtocolProtos.java) [ozone-interface-client-1.4.0-SNAPSHOT.jar:?]
	at org.apache.hadoop.ipc.ProtobufRpcEngine$Server.processCall(ProtobufRpcEngine.java:484) [hadoop-common-3.3.5.jar:?]
	at org.apache.hadoop.ipc.ProtobufRpcEngine2$Server$ProtoBufRpcInvoker.call(ProtobufRpcEngine2.java:595) [hadoop-common-3.3.5.jar:?]
	at org.apache.hadoop.ipc.ProtobufRpcEngine2$Server$ProtoBufRpcInvoker.call(ProtobufRpcEngine2.java:573) [hadoop-common-3.3.5.jar:?]
	at org.apache.hadoop.ipc.RPC$Server.call(RPC.java:1213) [hadoop-common-3.3.5.jar:?]
	at org.apache.hadoop.ipc.Server$RpcCall.run(Server.java:1089) [hadoop-common-3.3.5.jar:?]
	at org.apache.hadoop.ipc.Server$RpcCall.run(Server.java:1012) [hadoop-common-3.3.5.jar:?]
	at java.security.AccessController.doPrivileged(Native Method) ~[?:1.8.0_362]
	at javax.security.auth.Subject.doAs(Subject.java:422) [?:1.8.0_362]
	at org.apache.hadoop.security.UserGroupInformation.doAs(UserGroupInformation.java:1899) [hadoop-common-3.3.5.jar:?]
	at org.apache.hadoop.ipc.Server$Handler.run(Server.java:3026) [hadoop-common-3.3.5.jar:?]
11:23:35.786 [IPC Server handler 2 on default port 36763] ERROR OMAudit - user=runner | ip=127.0.0.1 | op=GET_FILE_STATUS {volume=volume14578, bucket=bucket96393, key=testBatchDelete/parent/childFolder/child3, dataSize=0, replicationConfig=null} | ret=FAILURE
org.apache.hadoop.ozone.om.exceptions.OMException: Unable to get file status: volume: volume14578 bucket: bucket96393 key: testBatchDelete/parent/childFolder/child3
	at org.apache.hadoop.ozone.om.KeyManagerImpl.getOzoneFileStatus(KeyManagerImpl.java:1200) ~[ozone-manager-1.4.0-SNAPSHOT.jar:?]
	at org.apache.hadoop.ozone.om.KeyManagerImpl.getFileStatus(KeyManagerImpl.java:1118) ~[ozone-manager-1.4.0-SNAPSHOT.jar:?]
	at org.apache.hadoop.ozone.om.OmMetadataReader.getFileStatus(OmMetadataReader.java:288) ~[ozone-manager-1.4.0-SNAPSHOT.jar:?]
	at org.apache.hadoop.ozone.om.OzoneManager.getFileStatus(OzoneManager.java:3491) ~[ozone-manager-1.4.0-SNAPSHOT.jar:?]
	at org.apache.hadoop.ozone.protocolPB.OzoneManagerRequestHandler.getOzoneFileStatus(OzoneManagerRequestHandler.java:934) ~[ozone-manager-1.4.0-SNAPSHOT.jar:?]
	at org.apache.hadoop.ozone.protocolPB.OzoneManagerRequestHandler.handleReadRequest(OzoneManagerRequestHandler.java:238) ~[ozone-manager-1.4.0-SNAPSHOT.jar:?]
	at org.apache.hadoop.ozone.protocolPB.OzoneManagerProtocolServerSideTranslatorPB.submitReadRequestToOM(OzoneManagerProtocolServerSideTranslatorPB.java:223) ~[ozone-manager-1.4.0-SNAPSHOT.jar:?]
	at org.apache.hadoop.ozone.protocolPB.OzoneManagerProtocolServerSideTranslatorPB.processRequest(OzoneManagerProtocolServerSideTranslatorPB.java:177) ~[ozone-manager-1.4.0-SNAPSHOT.jar:?]
	at org.apache.hadoop.hdds.server.OzoneProtocolMessageDispatcher.processRequest(OzoneProtocolMessageDispatcher.java:87) [hdds-server-framework-1.4.0-SNAPSHOT.jar:?]
	at org.apache.hadoop.ozone.protocolPB.OzoneManagerProtocolServerSideTranslatorPB.submitRequest(OzoneManagerProtocolServerSideTranslatorPB.java:147) [ozone-manager-1.4.0-SNAPSHOT.jar:?]
	at org.apache.hadoop.ozone.protocol.proto.OzoneManagerProtocolProtos$OzoneManagerService$2.callBlockingMethod(OzoneManagerProtocolProtos.java) [ozone-interface-client-1.4.0-SNAPSHOT.jar:?]
	at org.apache.hadoop.ipc.ProtobufRpcEngine$Server.processCall(ProtobufRpcEngine.java:484) [hadoop-common-3.3.5.jar:?]
	at org.apache.hadoop.ipc.ProtobufRpcEngine2$Server$ProtoBufRpcInvoker.call(ProtobufRpcEngine2.java:595) [hadoop-common-3.3.5.jar:?]
	at org.apache.hadoop.ipc.ProtobufRpcEngine2$Server$ProtoBufRpcInvoker.call(ProtobufRpcEngine2.java:573) [hadoop-common-3.3.5.jar:?]
	at org.apache.hadoop.ipc.RPC$Server.call(RPC.java:1213) [hadoop-common-3.3.5.jar:?]
	at org.apache.hadoop.ipc.Server$RpcCall.run(Server.java:1089) [hadoop-common-3.3.5.jar:?]
	at org.apache.hadoop.ipc.Server$RpcCall.run(Server.java:1012) [hadoop-common-3.3.5.jar:?]
	at java.security.AccessController.doPrivileged(Native Method) ~[?:1.8.0_362]
	at javax.security.auth.Subject.doAs(Subject.java:422) [?:1.8.0_362]
	at org.apache.hadoop.security.UserGroupInformation.doAs(UserGroupInformation.java:1899) [hadoop-common-3.3.5.jar:?]
	at org.apache.hadoop.ipc.Server$Handler.run(Server.java:3026) [hadoop-common-3.3.5.jar:?]
11:23:35.788 [IPC Server handler 4 on default port 36763] ERROR OMAudit - user=runner | ip=127.0.0.1 | op=GET_FILE_STATUS {volume=volume14578, bucket=bucket96393, key=testBatchDelete/parent/child4, dataSize=0, replicationConfig=null} | ret=FAILURE
org.apache.hadoop.ozone.om.exceptions.OMException: Unable to get file status: volume: volume14578 bucket: bucket96393 key: testBatchDelete/parent/child4
	at org.apache.hadoop.ozone.om.KeyManagerImpl.getOzoneFileStatus(KeyManagerImpl.java:1200) ~[ozone-manager-1.4.0-SNAPSHOT.jar:?]
	at org.apache.hadoop.ozone.om.KeyManagerImpl.getFileStatus(KeyManagerImpl.java:1118) ~[ozone-manager-1.4.0-SNAPSHOT.jar:?]
	at org.apache.hadoop.ozone.om.OmMetadataReader.getFileStatus(OmMetadataReader.java:288) ~[ozone-manager-1.4.0-SNAPSHOT.jar:?]
	at org.apache.hadoop.ozone.om.OzoneManager.getFileStatus(OzoneManager.java:3491) ~[ozone-manager-1.4.0-SNAPSHOT.jar:?]
	at org.apache.hadoop.ozone.protocolPB.OzoneManagerRequestHandler.getOzoneFileStatus(OzoneManagerRequestHandler.java:934) ~[ozone-manager-1.4.0-SNAPSHOT.jar:?]
	at org.apache.hadoop.ozone.protocolPB.OzoneManagerRequestHandler.handleReadRequest(OzoneManagerRequestHandler.java:238) ~[ozone-manager-1.4.0-SNAPSHOT.jar:?]
	at org.apache.hadoop.ozone.protocolPB.OzoneManagerProtocolServerSideTranslatorPB.submitReadRequestToOM(OzoneManagerProtocolServerSideTranslatorPB.java:223) ~[ozone-manager-1.4.0-SNAPSHOT.jar:?]
	at org.apache.hadoop.ozone.protocolPB.OzoneManagerProtocolServerSideTranslatorPB.processRequest(OzoneManagerProtocolServerSideTranslatorPB.java:177) ~[ozone-manager-1.4.0-SNAPSHOT.jar:?]
	at org.apache.hadoop.hdds.server.OzoneProtocolMessageDispatcher.processRequest(OzoneProtocolMessageDispatcher.java:87) [hdds-server-framework-1.4.0-SNAPSHOT.jar:?]
	at org.apache.hadoop.ozone.protocolPB.OzoneManagerProtocolServerSideTranslatorPB.submitRequest(OzoneManagerProtocolServerSideTranslatorPB.java:147) [ozone-manager-1.4.0-SNAPSHOT.jar:?]
	at org.apache.hadoop.ozone.protocol.proto.OzoneManagerProtocolProtos$OzoneManagerService$2.callBlockingMethod(OzoneManagerProtocolProtos.java) [ozone-interface-client-1.4.0-SNAPSHOT.jar:?]
	at org.apache.hadoop.ipc.ProtobufRpcEngine$Server.processCall(ProtobufRpcEngine.java:484) [hadoop-common-3.3.5.jar:?]
	at org.apache.hadoop.ipc.ProtobufRpcEngine2$Server$ProtoBufRpcInvoker.call(ProtobufRpcEngine2.java:595) [hadoop-common-3.3.5.jar:?]
	at org.apache.hadoop.ipc.ProtobufRpcEngine2$Server$ProtoBufRpcInvoker.call(ProtobufRpcEngine2.java:573) [hadoop-common-3.3.5.jar:?]
	at org.apache.hadoop.ipc.RPC$Server.call(RPC.java:1213) [hadoop-common-3.3.5.jar:?]
	at org.apache.hadoop.ipc.Server$RpcCall.run(Server.java:1089) [hadoop-common-3.3.5.jar:?]
	at org.apache.hadoop.ipc.Server$RpcCall.run(Server.java:1012) [hadoop-common-3.3.5.jar:?]
	at java.security.AccessController.doPrivileged(Native Method) ~[?:1.8.0_362]
	at javax.security.auth.Subject.doAs(Subject.java:422) [?:1.8.0_362]
	at org.apache.hadoop.security.UserGroupInformation.doAs(UserGroupInformation.java:1899) [hadoop-common-3.3.5.jar:?]
	at org.apache.hadoop.ipc.Server$Handler.run(Server.java:3026) [hadoop-common-3.3.5.jar:?]
11:23:35.789 [IPC Server handler 3 on default port 36763] ERROR OMAudit - user=runner | ip=127.0.0.1 | op=GET_FILE_STATUS {volume=volume14578, bucket=bucket96393, key=testBatchDelete/parent/childFolder/child4, dataSize=0, replicationConfig=null} | ret=FAILURE
org.apache.hadoop.ozone.om.exceptions.OMException: Unable to get file status: volume: volume14578 bucket: bucket96393 key: testBatchDelete/parent/childFolder/child4
	at org.apache.hadoop.ozone.om.KeyManagerImpl.getOzoneFileStatus(KeyManagerImpl.java:1200) ~[ozone-manager-1.4.0-SNAPSHOT.jar:?]
	at org.apache.hadoop.ozone.om.KeyManagerImpl.getFileStatus(KeyManagerImpl.java:1118) ~[ozone-manager-1.4.0-SNAPSHOT.jar:?]
	at org.apache.hadoop.ozone.om.OmMetadataReader.getFileStatus(OmMetadataReader.java:288) ~[ozone-manager-1.4.0-SNAPSHOT.jar:?]
	at org.apache.hadoop.ozone.om.OzoneManager.getFileStatus(OzoneManager.java:3491) ~[ozone-manager-1.4.0-SNAPSHOT.jar:?]
	at org.apache.hadoop.ozone.protocolPB.OzoneManagerRequestHandler.getOzoneFileStatus(OzoneManagerRequestHandler.java:934) ~[ozone-manager-1.4.0-SNAPSHOT.jar:?]
	at org.apache.hadoop.ozone.protocolPB.OzoneManagerRequestHandler.handleReadRequest(OzoneManagerRequestHandler.java:238) ~[ozone-manager-1.4.0-SNAPSHOT.jar:?]
	at org.apache.hadoop.ozone.protocolPB.OzoneManagerProtocolServerSideTranslatorPB.submitReadRequestToOM(OzoneManagerProtocolServerSideTranslatorPB.java:223) ~[ozone-manager-1.4.0-SNAPSHOT.jar:?]
	at org.apache.hadoop.ozone.protocolPB.OzoneManagerProtocolServerSideTranslatorPB.processRequest(OzoneManagerProtocolServerSideTranslatorPB.java:177) ~[ozone-manager-1.4.0-SNAPSHOT.jar:?]
	at org.apache.hadoop.hdds.server.OzoneProtocolMessageDispatcher.processRequest(OzoneProtocolMessageDispatcher.java:87) [hdds-server-framework-1.4.0-SNAPSHOT.jar:?]
	at org.apache.hadoop.ozone.protocolPB.OzoneManagerProtocolServerSideTranslatorPB.submitRequest(OzoneManagerProtocolServerSideTranslatorPB.java:147) [ozone-manager-1.4.0-SNAPSHOT.jar:?]
	at org.apache.hadoop.ozone.protocol.proto.OzoneManagerProtocolProtos$OzoneManagerService$2.callBlockingMethod(OzoneManagerProtocolProtos.java) [ozone-interface-client-1.4.0-SNAPSHOT.jar:?]
	at org.apache.hadoop.ipc.ProtobufRpcEngine$Server.processCall(ProtobufRpcEngine.java:484) [hadoop-common-3.3.5.jar:?]
	at org.apache.hadoop.ipc.ProtobufRpcEngine2$Server$ProtoBufRpcInvoker.call(ProtobufRpcEngine2.java:595) [hadoop-common-3.3.5.jar:?]
	at org.apache.hadoop.ipc.ProtobufRpcEngine2$Server$ProtoBufRpcInvoker.call(ProtobufRpcEngine2.java:573) [hadoop-common-3.3.5.jar:?]
	at org.apache.hadoop.ipc.RPC$Server.call(RPC.java:1213) [hadoop-common-3.3.5.jar:?]
	at org.apache.hadoop.ipc.Server$RpcCall.run(Server.java:1089) [hadoop-common-3.3.5.jar:?]
	at org.apache.hadoop.ipc.Server$RpcCall.run(Server.java:1012) [hadoop-common-3.3.5.jar:?]
	at java.security.AccessController.doPrivileged(Native Method) ~[?:1.8.0_362]
	at javax.security.auth.Subject.doAs(Subject.java:422) [?:1.8.0_362]
	at org.apache.hadoop.security.UserGroupInformation.doAs(UserGroupInformation.java:1899) [hadoop-common-3.3.5.jar:?]
	at org.apache.hadoop.ipc.Server$Handler.run(Server.java:3026) [hadoop-common-3.3.5.jar:?]
11:23:35.790 [IPC Server handler 0 on default port 36763] ERROR OMAudit - user=runner | ip=127.0.0.1 | op=GET_FILE_STATUS {volume=volume14578, bucket=bucket96393, key=testBatchDelete/parent/child5, dataSize=0, replicationConfig=null} | ret=FAILURE
org.apache.hadoop.ozone.om.exceptions.OMException: Unable to get file status: volume: volume14578 bucket: bucket96393 key: testBatchDelete/parent/child5
	at org.apache.hadoop.ozone.om.KeyManagerImpl.getOzoneFileStatus(KeyManagerImpl.java:1200) ~[ozone-manager-1.4.0-SNAPSHOT.jar:?]
	at org.apache.hadoop.ozone.om.KeyManagerImpl.getFileStatus(KeyManagerImpl.java:1118) ~[ozone-manager-1.4.0-SNAPSHOT.jar:?]
	at org.apache.hadoop.ozone.om.OmMetadataReader.getFileStatus(OmMetadataReader.java:288) ~[ozone-manager-1.4.0-SNAPSHOT.jar:?]
	at org.apache.hadoop.ozone.om.OzoneManager.getFileStatus(OzoneManager.java:3491) ~[ozone-manager-1.4.0-SNAPSHOT.jar:?]
	at org.apache.hadoop.ozone.protocolPB.OzoneManagerRequestHandler.getOzoneFileStatus(OzoneManagerRequestHandler.java:934) ~[ozone-manager-1.4.0-SNAPSHOT.jar:?]
	at org.apache.hadoop.ozone.protocolPB.OzoneManagerRequestHandler.handleReadRequest(OzoneManagerRequestHandler.java:238) ~[ozone-manager-1.4.0-SNAPSHOT.jar:?]
	at org.apache.hadoop.ozone.protocolPB.OzoneManagerProtocolServerSideTranslatorPB.submitReadRequestToOM(OzoneManagerProtocolServerSideTranslatorPB.java:223) ~[ozone-manager-1.4.0-SNAPSHOT.jar:?]
	at org.apache.hadoop.ozone.protocolPB.OzoneManagerProtocolServerSideTranslatorPB.processRequest(OzoneManagerProtocolServerSideTranslatorPB.java:177) ~[ozone-manager-1.4.0-SNAPSHOT.jar:?]
	at org.apache.hadoop.hdds.server.OzoneProtocolMessageDispatcher.processRequest(OzoneProtocolMessageDispatcher.java:87) [hdds-server-framework-1.4.0-SNAPSHOT.jar:?]
	at org.apache.hadoop.ozone.protocolPB.OzoneManagerProtocolServerSideTranslatorPB.submitRequest(OzoneManagerProtocolServerSideTranslatorPB.java:147) [ozone-manager-1.4.0-SNAPSHOT.jar:?]
	at org.apache.hadoop.ozone.protocol.proto.OzoneManagerProtocolProtos$OzoneManagerService$2.callBlockingMethod(OzoneManagerProtocolProtos.java) [ozone-interface-client-1.4.0-SNAPSHOT.jar:?]
	at org.apache.hadoop.ipc.ProtobufRpcEngine$Server.processCall(ProtobufRpcEngine.java:484) [hadoop-common-3.3.5.jar:?]
	at org.apache.hadoop.ipc.ProtobufRpcEngine2$Server$ProtoBufRpcInvoker.call(ProtobufRpcEngine2.java:595) [hadoop-common-3.3.5.jar:?]
	at org.apache.hadoop.ipc.ProtobufRpcEngine2$Server$ProtoBufRpcInvoker.call(ProtobufRpcEngine2.java:573) [hadoop-common-3.3.5.jar:?]
	at org.apache.hadoop.ipc.RPC$Server.call(RPC.java:1213) [hadoop-common-3.3.5.jar:?]
	at org.apache.hadoop.ipc.Server$RpcCall.run(Server.java:1089) [hadoop-common-3.3.5.jar:?]
	at org.apache.hadoop.ipc.Server$RpcCall.run(Server.java:1012) [hadoop-common-3.3.5.jar:?]
	at java.security.AccessController.doPrivileged(Native Method) ~[?:1.8.0_362]
	at javax.security.auth.Subject.doAs(Subject.java:422) [?:1.8.0_362]
	at org.apache.hadoop.security.UserGroupInformation.doAs(UserGroupInformation.java:1899) [hadoop-common-3.3.5.jar:?]
	at org.apache.hadoop.ipc.Server$Handler.run(Server.java:3026) [hadoop-common-3.3.5.jar:?]
11:23:35.791 [IPC Server handler 1 on default port 36763] ERROR OMAudit - user=runner | ip=127.0.0.1 | op=GET_FILE_STATUS {volume=volume14578, bucket=bucket96393, key=testBatchDelete/parent/childFolder/child5, dataSize=0, replicationConfig=null} | ret=FAILURE
org.apache.hadoop.ozone.om.exceptions.OMException: Unable to get file status: volume: volume14578 bucket: bucket96393 key: testBatchDelete/parent/childFolder/child5
	at org.apache.hadoop.ozone.om.KeyManagerImpl.getOzoneFileStatus(KeyManagerImpl.java:1200) ~[ozone-manager-1.4.0-SNAPSHOT.jar:?]
	at org.apache.hadoop.ozone.om.KeyManagerImpl.getFileStatus(KeyManagerImpl.java:1118) ~[ozone-manager-1.4.0-SNAPSHOT.jar:?]
	at org.apache.hadoop.ozone.om.OmMetadataReader.getFileStatus(OmMetadataReader.java:288) ~[ozone-manager-1.4.0-SNAPSHOT.jar:?]
	at org.apache.hadoop.ozone.om.OzoneManager.getFileStatus(OzoneManager.java:3491) ~[ozone-manager-1.4.0-SNAPSHOT.jar:?]
	at org.apache.hadoop.ozone.protocolPB.OzoneManagerRequestHandler.getOzoneFileStatus(OzoneManagerRequestHandler.java:934) ~[ozone-manager-1.4.0-SNAPSHOT.jar:?]
	at org.apache.hadoop.ozone.protocolPB.OzoneManagerRequestHandler.handleReadRequest(OzoneManagerRequestHandler.java:238) ~[ozone-manager-1.4.0-SNAPSHOT.jar:?]
	at org.apache.hadoop.ozone.protocolPB.OzoneManagerProtocolServerSideTranslatorPB.submitReadRequestToOM(OzoneManagerProtocolServerSideTranslatorPB.java:223) ~[ozone-manager-1.4.0-SNAPSHOT.jar:?]
	at org.apache.hadoop.ozone.protocolPB.OzoneManagerProtocolServerSideTranslatorPB.processRequest(OzoneManagerProtocolServerSideTranslatorPB.java:177) ~[ozone-manager-1.4.0-SNAPSHOT.jar:?]
	at org.apache.hadoop.hdds.server.OzoneProtocolMessageDispatcher.processRequest(OzoneProtocolMessageDispatcher.java:87) [hdds-server-framework-1.4.0-SNAPSHOT.jar:?]
	at org.apache.hadoop.ozone.protocolPB.OzoneManagerProtocolServerSideTranslatorPB.submitRequest(OzoneManagerProtocolServerSideTranslatorPB.java:147) [ozone-manager-1.4.0-SNAPSHOT.jar:?]
	at org.apache.hadoop.ozone.protocol.proto.OzoneManagerProtocolProtos$OzoneManagerService$2.callBlockingMethod(OzoneManagerProtocolProtos.java) [ozone-interface-client-1.4.0-SNAPSHOT.jar:?]
	at org.apache.hadoop.ipc.ProtobufRpcEngine$Server.processCall(ProtobufRpcEngine.java:484) [hadoop-common-3.3.5.jar:?]
	at org.apache.hadoop.ipc.ProtobufRpcEngine2$Server$ProtoBufRpcInvoker.call(ProtobufRpcEngine2.java:595) [hadoop-common-3.3.5.jar:?]
	at org.apache.hadoop.ipc.ProtobufRpcEngine2$Server$ProtoBufRpcInvoker.call(ProtobufRpcEngine2.java:573) [hadoop-common-3.3.5.jar:?]
	at org.apache.hadoop.ipc.RPC$Server.call(RPC.java:1213) [hadoop-common-3.3.5.jar:?]
	at org.apache.hadoop.ipc.Server$RpcCall.run(Server.java:1089) [hadoop-common-3.3.5.jar:?]
	at org.apache.hadoop.ipc.Server$RpcCall.run(Server.java:1012) [hadoop-common-3.3.5.jar:?]
	at java.security.AccessController.doPrivileged(Native Method) ~[?:1.8.0_362]
	at javax.security.auth.Subject.doAs(Subject.java:422) [?:1.8.0_362]
	at org.apache.hadoop.security.UserGroupInformation.doAs(UserGroupInformation.java:1899) [hadoop-common-3.3.5.jar:?]
	at org.apache.hadoop.ipc.Server$Handler.run(Server.java:3026) [hadoop-common-3.3.5.jar:?]
11:23:35.792 [IPC Server handler 11 on default port 36763] ERROR OMAudit - user=runner | ip=127.0.0.1 | op=GET_FILE_STATUS {volume=volume14578, bucket=bucket96393, key=testBatchDelete/parent/child6, dataSize=0, replicationConfig=null} | ret=FAILURE
org.apache.hadoop.ozone.om.exceptions.OMException: Unable to get file status: volume: volume14578 bucket: bucket96393 key: testBatchDelete/parent/child6
	at org.apache.hadoop.ozone.om.KeyManagerImpl.getOzoneFileStatus(KeyManagerImpl.java:1200) ~[ozone-manager-1.4.0-SNAPSHOT.jar:?]
	at org.apache.hadoop.ozone.om.KeyManagerImpl.getFileStatus(KeyManagerImpl.java:1118) ~[ozone-manager-1.4.0-SNAPSHOT.jar:?]
	at org.apache.hadoop.ozone.om.OmMetadataReader.getFileStatus(OmMetadataReader.java:288) ~[ozone-manager-1.4.0-SNAPSHOT.jar:?]
	at org.apache.hadoop.ozone.om.OzoneManager.getFileStatus(OzoneManager.java:3491) ~[ozone-manager-1.4.0-SNAPSHOT.jar:?]
	at org.apache.hadoop.ozone.protocolPB.OzoneManagerRequestHandler.getOzoneFileStatus(OzoneManagerRequestHandler.java:934) ~[ozone-manager-1.4.0-SNAPSHOT.jar:?]
	at org.apache.hadoop.ozone.protocolPB.OzoneManagerRequestHandler.handleReadRequest(OzoneManagerRequestHandler.java:238) ~[ozone-manager-1.4.0-SNAPSHOT.jar:?]
	at org.apache.hadoop.ozone.protocolPB.OzoneManagerProtocolServerSideTranslatorPB.submitReadRequestToOM(OzoneManagerProtocolServerSideTranslatorPB.java:223) ~[ozone-manager-1.4.0-SNAPSHOT.jar:?]
	at org.apache.hadoop.ozone.protocolPB.OzoneManagerProtocolServerSideTranslatorPB.processRequest(OzoneManagerProtocolServerSideTranslatorPB.java:177) ~[ozone-manager-1.4.0-SNAPSHOT.jar:?]
	at org.apache.hadoop.hdds.server.OzoneProtocolMessageDispatcher.processRequest(OzoneProtocolMessageDispatcher.java:87) [hdds-server-framework-1.4.0-SNAPSHOT.jar:?]
	at org.apache.hadoop.ozone.protocolPB.OzoneManagerProtocolServerSideTranslatorPB.submitRequest(OzoneManagerProtocolServerSideTranslatorPB.java:147) [ozone-manager-1.4.0-SNAPSHOT.jar:?]
	at org.apache.hadoop.ozone.protocol.proto.OzoneManagerProtocolProtos$OzoneManagerService$2.callBlockingMethod(OzoneManagerProtocolProtos.java) [ozone-interface-client-1.4.0-SNAPSHOT.jar:?]
	at org.apache.hadoop.ipc.ProtobufRpcEngine$Server.processCall(ProtobufRpcEngine.java:484) [hadoop-common-3.3.5.jar:?]
	at org.apache.hadoop.ipc.ProtobufRpcEngine2$Server$ProtoBufRpcInvoker.call(ProtobufRpcEngine2.java:595) [hadoop-common-3.3.5.jar:?]
	at org.apache.hadoop.ipc.ProtobufRpcEngine2$Server$ProtoBufRpcInvoker.call(ProtobufRpcEngine2.java:573) [hadoop-common-3.3.5.jar:?]
	at org.apache.hadoop.ipc.RPC$Server.call(RPC.java:1213) [hadoop-common-3.3.5.jar:?]
	at org.apache.hadoop.ipc.Server$RpcCall.run(Server.java:1089) [hadoop-common-3.3.5.jar:?]
	at org.apache.hadoop.ipc.Server$RpcCall.run(Server.java:1012) [hadoop-common-3.3.5.jar:?]
	at java.security.AccessController.doPrivileged(Native Method) ~[?:1.8.0_362]
	at javax.security.auth.Subject.doAs(Subject.java:422) [?:1.8.0_362]
	at org.apache.hadoop.security.UserGroupInformation.doAs(UserGroupInformation.java:1899) [hadoop-common-3.3.5.jar:?]
	at org.apache.hadoop.ipc.Server$Handler.run(Server.java:3026) [hadoop-common-3.3.5.jar:?]
11:23:35.795 [IPC Server handler 12 on default port 36763] ERROR OMAudit - user=runner | ip=127.0.0.1 | op=GET_FILE_STATUS {volume=volume14578, bucket=bucket96393, key=testBatchDelete/parent/childFolder/child6, dataSize=0, replicationConfig=null} | ret=FAILURE
org.apache.hadoop.ozone.om.exceptions.OMException: Unable to get file status: volume: volume14578 bucket: bucket96393 key: testBatchDelete/parent/childFolder/child6
	at org.apache.hadoop.ozone.om.KeyManagerImpl.getOzoneFileStatus(KeyManagerImpl.java:1200) ~[ozone-manager-1.4.0-SNAPSHOT.jar:?]
	at org.apache.hadoop.ozone.om.KeyManagerImpl.getFileStatus(KeyManagerImpl.java:1118) ~[ozone-manager-1.4.0-SNAPSHOT.jar:?]
	at org.apache.hadoop.ozone.om.OmMetadataReader.getFileStatus(OmMetadataReader.java:288) ~[ozone-manager-1.4.0-SNAPSHOT.jar:?]
	at org.apache.hadoop.ozone.om.OzoneManager.getFileStatus(OzoneManager.java:3491) ~[ozone-manager-1.4.0-SNAPSHOT.jar:?]
	at org.apache.hadoop.ozone.protocolPB.OzoneManagerRequestHandler.getOzoneFileStatus(OzoneManagerRequestHandler.java:934) ~[ozone-manager-1.4.0-SNAPSHOT.jar:?]
	at org.apache.hadoop.ozone.protocolPB.OzoneManagerRequestHandler.handleReadRequest(OzoneManagerRequestHandler.java:238) ~[ozone-manager-1.4.0-SNAPSHOT.jar:?]
	at org.apache.hadoop.ozone.protocolPB.OzoneManagerProtocolServerSideTranslatorPB.submitReadRequestToOM(OzoneManagerProtocolServerSideTranslatorPB.java:223) ~[ozone-manager-1.4.0-SNAPSHOT.jar:?]
	at org.apache.hadoop.ozone.protocolPB.OzoneManagerProtocolServerSideTranslatorPB.processRequest(OzoneManagerProtocolServerSideTranslatorPB.java:177) ~[ozone-manager-1.4.0-SNAPSHOT.jar:?]
	at org.apache.hadoop.hdds.server.OzoneProtocolMessageDispatcher.processRequest(OzoneProtocolMessageDispatcher.java:87) [hdds-server-framework-1.4.0-SNAPSHOT.jar:?]
	at org.apache.hadoop.ozone.protocolPB.OzoneManagerProtocolServerSideTranslatorPB.submitRequest(OzoneManagerProtocolServerSideTranslatorPB.java:147) [ozone-manager-1.4.0-SNAPSHOT.jar:?]
	at org.apache.hadoop.ozone.protocol.proto.OzoneManagerProtocolProtos$OzoneManagerService$2.callBlockingMethod(OzoneManagerProtocolProtos.java) [ozone-interface-client-1.4.0-SNAPSHOT.jar:?]
	at org.apache.hadoop.ipc.ProtobufRpcEngine$Server.processCall(ProtobufRpcEngine.java:484) [hadoop-common-3.3.5.jar:?]
	at org.apache.hadoop.ipc.ProtobufRpcEngine2$Server$ProtoBufRpcInvoker.call(ProtobufRpcEngine2.java:595) [hadoop-common-3.3.5.jar:?]
	at org.apache.hadoop.ipc.ProtobufRpcEngine2$Server$ProtoBufRpcInvoker.call(ProtobufRpcEngine2.java:573) [hadoop-common-3.3.5.jar:?]
	at org.apache.hadoop.ipc.RPC$Server.call(RPC.java:1213) [hadoop-common-3.3.5.jar:?]
	at org.apache.hadoop.ipc.Server$RpcCall.run(Server.java:1089) [hadoop-common-3.3.5.jar:?]
	at org.apache.hadoop.ipc.Server$RpcCall.run(Server.java:1012) [hadoop-common-3.3.5.jar:?]
	at java.security.AccessController.doPrivileged(Native Method) ~[?:1.8.0_362]
	at javax.security.auth.Subject.doAs(Subject.java:422) [?:1.8.0_362]
	at org.apache.hadoop.security.UserGroupInformation.doAs(UserGroupInformation.java:1899) [hadoop-common-3.3.5.jar:?]
	at org.apache.hadoop.ipc.Server$Handler.run(Server.java:3026) [hadoop-common-3.3.5.jar:?]
11:23:35.796 [IPC Server handler 8 on default port 36763] ERROR OMAudit - user=runner | ip=127.0.0.1 | op=GET_FILE_STATUS {volume=volume14578, bucket=bucket96393, key=testBatchDelete/parent/child7, dataSize=0, replicationConfig=null} | ret=FAILURE
org.apache.hadoop.ozone.om.exceptions.OMException: Unable to get file status: volume: volume14578 bucket: bucket96393 key: testBatchDelete/parent/child7
	at org.apache.hadoop.ozone.om.KeyManagerImpl.getOzoneFileStatus(KeyManagerImpl.java:1200) ~[ozone-manager-1.4.0-SNAPSHOT.jar:?]
	at org.apache.hadoop.ozone.om.KeyManagerImpl.getFileStatus(KeyManagerImpl.java:1118) ~[ozone-manager-1.4.0-SNAPSHOT.jar:?]
	at org.apache.hadoop.ozone.om.OmMetadataReader.getFileStatus(OmMetadataReader.java:288) ~[ozone-manager-1.4.0-SNAPSHOT.jar:?]
	at org.apache.hadoop.ozone.om.OzoneManager.getFileStatus(OzoneManager.java:3491) ~[ozone-manager-1.4.0-SNAPSHOT.jar:?]
	at org.apache.hadoop.ozone.protocolPB.OzoneManagerRequestHandler.getOzoneFileStatus(OzoneManagerRequestHandler.java:934) ~[ozone-manager-1.4.0-SNAPSHOT.jar:?]
	at org.apache.hadoop.ozone.protocolPB.OzoneManagerRequestHandler.handleReadRequest(OzoneManagerRequestHandler.java:238) ~[ozone-manager-1.4.0-SNAPSHOT.jar:?]
	at org.apache.hadoop.ozone.protocolPB.OzoneManagerProtocolServerSideTranslatorPB.submitReadRequestToOM(OzoneManagerProtocolServerSideTranslatorPB.java:223) ~[ozone-manager-1.4.0-SNAPSHOT.jar:?]
	at org.apache.hadoop.ozone.protocolPB.OzoneManagerProtocolServerSideTranslatorPB.processRequest(OzoneManagerProtocolServerSideTranslatorPB.java:177) ~[ozone-manager-1.4.0-SNAPSHOT.jar:?]
	at org.apache.hadoop.hdds.server.OzoneProtocolMessageDispatcher.processRequest(OzoneProtocolMessageDispatcher.java:87) [hdds-server-framework-1.4.0-SNAPSHOT.jar:?]
	at org.apache.hadoop.ozone.protocolPB.OzoneManagerProtocolServerSideTranslatorPB.submitRequest(OzoneManagerProtocolServerSideTranslatorPB.java:147) [ozone-manager-1.4.0-SNAPSHOT.jar:?]
	at org.apache.hadoop.ozone.protocol.proto.OzoneManagerProtocolProtos$OzoneManagerService$2.callBlockingMethod(OzoneManagerProtocolProtos.java) [ozone-interface-client-1.4.0-SNAPSHOT.jar:?]
	at org.apache.hadoop.ipc.ProtobufRpcEngine$Server.processCall(ProtobufRpcEngine.java:484) [hadoop-common-3.3.5.jar:?]
	at org.apache.hadoop.ipc.ProtobufRpcEngine2$Server$ProtoBufRpcInvoker.call(ProtobufRpcEngine2.java:595) [hadoop-common-3.3.5.jar:?]
	at org.apache.hadoop.ipc.ProtobufRpcEngine2$Server$ProtoBufRpcInvoker.call(ProtobufRpcEngine2.java:573) [hadoop-common-3.3.5.jar:?]
	at org.apache.hadoop.ipc.RPC$Server.call(RPC.java:1213) [hadoop-common-3.3.5.jar:?]
	at org.apache.hadoop.ipc.Server$RpcCall.run(Server.java:1089) [hadoop-common-3.3.5.jar:?]
	at org.apache.hadoop.ipc.Server$RpcCall.run(Server.java:1012) [hadoop-common-3.3.5.jar:?]
	at java.security.AccessController.doPrivileged(Native Method) ~[?:1.8.0_362]
	at javax.security.auth.Subject.doAs(Subject.java:422) [?:1.8.0_362]
	at org.apache.hadoop.security.UserGroupInformation.doAs(UserGroupInformation.java:1899) [hadoop-common-3.3.5.jar:?]
	at org.apache.hadoop.ipc.Server$Handler.run(Server.java:3026) [hadoop-common-3.3.5.jar:?]
11:23:35.797 [IPC Server handler 7 on default port 36763] ERROR OMAudit - user=runner | ip=127.0.0.1 | op=GET_FILE_STATUS {volume=volume14578, bucket=bucket96393, key=testBatchDelete/parent/childFolder/child7, dataSize=0, replicationConfig=null} | ret=FAILURE
org.apache.hadoop.ozone.om.exceptions.OMException: Unable to get file status: volume: volume14578 bucket: bucket96393 key: testBatchDelete/parent/childFolder/child7
	at org.apache.hadoop.ozone.om.KeyManagerImpl.getOzoneFileStatus(KeyManagerImpl.java:1200) ~[ozone-manager-1.4.0-SNAPSHOT.jar:?]
	at org.apache.hadoop.ozone.om.KeyManagerImpl.getFileStatus(KeyManagerImpl.java:1118) ~[ozone-manager-1.4.0-SNAPSHOT.jar:?]
	at org.apache.hadoop.ozone.om.OmMetadataReader.getFileStatus(OmMetadataReader.java:288) ~[ozone-manager-1.4.0-SNAPSHOT.jar:?]
	at org.apache.hadoop.ozone.om.OzoneManager.getFileStatus(OzoneManager.java:3491) ~[ozone-manager-1.4.0-SNAPSHOT.jar:?]
	at org.apache.hadoop.ozone.protocolPB.OzoneManagerRequestHandler.getOzoneFileStatus(OzoneManagerRequestHandler.java:934) ~[ozone-manager-1.4.0-SNAPSHOT.jar:?]
	at org.apache.hadoop.ozone.protocolPB.OzoneManagerRequestHandler.handleReadRequest(OzoneManagerRequestHandler.java:238) ~[ozone-manager-1.4.0-SNAPSHOT.jar:?]
	at org.apache.hadoop.ozone.protocolPB.OzoneManagerProtocolServerSideTranslatorPB.submitReadRequestToOM(OzoneManagerProtocolServerSideTranslatorPB.java:223) ~[ozone-manager-1.4.0-SNAPSHOT.jar:?]
	at org.apache.hadoop.ozone.protocolPB.OzoneManagerProtocolServerSideTranslatorPB.processRequest(OzoneManagerProtocolServerSideTranslatorPB.java:177) ~[ozone-manager-1.4.0-SNAPSHOT.jar:?]
	at org.apache.hadoop.hdds.server.OzoneProtocolMessageDispatcher.processRequest(OzoneProtocolMessageDispatcher.java:87) [hdds-server-framework-1.4.0-SNAPSHOT.jar:?]
	at org.apache.hadoop.ozone.protocolPB.OzoneManagerProtocolServerSideTranslatorPB.submitRequest(OzoneManagerProtocolServerSideTranslatorPB.java:147) [ozone-manager-1.4.0-SNAPSHOT.jar:?]
	at org.apache.hadoop.ozone.protocol.proto.OzoneManagerProtocolProtos$OzoneManagerService$2.callBlockingMethod(OzoneManagerProtocolProtos.java) [ozone-interface-client-1.4.0-SNAPSHOT.jar:?]
	at org.apache.hadoop.ipc.ProtobufRpcEngine$Server.processCall(ProtobufRpcEngine.java:484) [hadoop-common-3.3.5.jar:?]
	at org.apache.hadoop.ipc.ProtobufRpcEngine2$Server$ProtoBufRpcInvoker.call(ProtobufRpcEngine2.java:595) [hadoop-common-3.3.5.jar:?]
	at org.apache.hadoop.ipc.ProtobufRpcEngine2$Server$ProtoBufRpcInvoker.call(ProtobufRpcEngine2.java:573) [hadoop-common-3.3.5.jar:?]
	at org.apache.hadoop.ipc.RPC$Server.call(RPC.java:1213) [hadoop-common-3.3.5.jar:?]
	at org.apache.hadoop.ipc.Server$RpcCall.run(Server.java:1089) [hadoop-common-3.3.5.jar:?]
	at org.apache.hadoop.ipc.Server$RpcCall.run(Server.java:1012) [hadoop-common-3.3.5.jar:?]
	at java.security.AccessController.doPrivileged(Native Method) ~[?:1.8.0_362]
	at javax.security.auth.Subject.doAs(Subject.java:422) [?:1.8.0_362]
	at org.apache.hadoop.security.UserGroupInformation.doAs(UserGroupInformation.java:1899) [hadoop-common-3.3.5.jar:?]
	at org.apache.hadoop.ipc.Server$Handler.run(Server.java:3026) [hadoop-common-3.3.5.jar:?]
11:23:35.799 [IPC Server handler 13 on default port 36763] ERROR OMAudit - user=runner | ip=127.0.0.1 | op=GET_FILE_STATUS {volume=volume14578, bucket=bucket96393, key=testBatchDelete/parent, dataSize=0, replicationConfig=null} | ret=FAILURE
org.apache.hadoop.ozone.om.exceptions.OMException: Unable to get file status: volume: volume14578 bucket: bucket96393 key: testBatchDelete/parent
	at org.apache.hadoop.ozone.om.KeyManagerImpl.getOzoneFileStatus(KeyManagerImpl.java:1200) ~[ozone-manager-1.4.0-SNAPSHOT.jar:?]
	at org.apache.hadoop.ozone.om.KeyManagerImpl.getFileStatus(KeyManagerImpl.java:1118) ~[ozone-manager-1.4.0-SNAPSHOT.jar:?]
	at org.apache.hadoop.ozone.om.OmMetadataReader.getFileStatus(OmMetadataReader.java:288) ~[ozone-manager-1.4.0-SNAPSHOT.jar:?]
	at org.apache.hadoop.ozone.om.OzoneManager.getFileStatus(OzoneManager.java:3491) ~[ozone-manager-1.4.0-SNAPSHOT.jar:?]
	at org.apache.hadoop.ozone.protocolPB.OzoneManagerRequestHandler.getOzoneFileStatus(OzoneManagerRequestHandler.java:934) ~[ozone-manager-1.4.0-SNAPSHOT.jar:?]
	at org.apache.hadoop.ozone.protocolPB.OzoneManagerRequestHandler.handleReadRequest(OzoneManagerRequestHandler.java:238) ~[ozone-manager-1.4.0-SNAPSHOT.jar:?]
	at org.apache.hadoop.ozone.protocolPB.OzoneManagerProtocolServerSideTranslatorPB.submitReadRequestToOM(OzoneManagerProtocolServerSideTranslatorPB.java:223) ~[ozone-manager-1.4.0-SNAPSHOT.jar:?]
	at org.apache.hadoop.ozone.protocolPB.OzoneManagerProtocolServerSideTranslatorPB.processRequest(OzoneManagerProtocolServerSideTranslatorPB.java:177) ~[ozone-manager-1.4.0-SNAPSHOT.jar:?]
	at org.apache.hadoop.hdds.server.OzoneProtocolMessageDispatcher.processRequest(OzoneProtocolMessageDispatcher.java:87) [hdds-server-framework-1.4.0-SNAPSHOT.jar:?]
	at org.apache.hadoop.ozone.protocolPB.OzoneManagerProtocolServerSideTranslatorPB.submitRequest(OzoneManagerProtocolServerSideTranslatorPB.java:147) [ozone-manager-1.4.0-SNAPSHOT.jar:?]
	at org.apache.hadoop.ozone.protocol.proto.OzoneManagerProtocolProtos$OzoneManagerService$2.callBlockingMethod(OzoneManagerProtocolProtos.java) [ozone-interface-client-1.4.0-SNAPSHOT.jar:?]
	at org.apache.hadoop.ipc.ProtobufRpcEngine$Server.processCall(ProtobufRpcEngine.java:484) [hadoop-common-3.3.5.jar:?]
	at org.apache.hadoop.ipc.ProtobufRpcEngine2$Server$ProtoBufRpcInvoker.call(ProtobufRpcEngine2.java:595) [hadoop-common-3.3.5.jar:?]
	at org.apache.hadoop.ipc.ProtobufRpcEngine2$Server$ProtoBufRpcInvoker.call(ProtobufRpcEngine2.java:573) [hadoop-common-3.3.5.jar:?]
	at org.apache.hadoop.ipc.RPC$Server.call(RPC.java:1213) [hadoop-common-3.3.5.jar:?]
	at org.apache.hadoop.ipc.Server$RpcCall.run(Server.java:1089) [hadoop-common-3.3.5.jar:?]
	at org.apache.hadoop.ipc.Server$RpcCall.run(Server.java:1012) [hadoop-common-3.3.5.jar:?]
	at java.security.AccessController.doPrivileged(Native Method) ~[?:1.8.0_362]
	at javax.security.auth.Subject.doAs(Subject.java:422) [?:1.8.0_362]
	at org.apache.hadoop.security.UserGroupInformation.doAs(UserGroupInformation.java:1899) [hadoop-common-3.3.5.jar:?]
	at org.apache.hadoop.ipc.Server$Handler.run(Server.java:3026) [hadoop-common-3.3.5.jar:?]
2023-04-11 11:23:35,799 [Time-limited test] WARN  ozone.BasicOzoneFileSystem (BasicOzoneFileSystem.java:delete(559)) - delete: Path does not exist: /testBatchDelete/parent
]]></system-out>
  </testcase>
  <testcase name="testFileDelete" classname="TestOzoneFileSystem" time="0.087">
    <system-out><![CDATA[2023-04-11 11:24:44,454 [IPC Server handler 1 on default port 36969] INFO  key.OMKeyRequest (OMKeyRequest.java:wrapUncommittedBlocksAsPseudoKey(838)) - Detect allocated but uncommitted blocks [{blockID={containerID=1, localID=111677748019200040}, length=4194304, offset=0, token=null, pipeline=null, createVersion=0, partNumber=0}] in key testBatchDelete/parent/child0.
2023-04-11 11:24:44,459 [IPC Server handler 2 on default port 36969] INFO  key.OMKeyRequest (OMKeyRequest.java:wrapUncommittedBlocksAsPseudoKey(838)) - Detect allocated but uncommitted blocks [{blockID={containerID=2, localID=111677748019200041}, length=4194304, offset=0, token=null, pipeline=null, createVersion=0, partNumber=0}] in key testBatchDelete/parent/childFolder/child0.
2023-04-11 11:24:44,462 [IPC Server handler 4 on default port 36969] INFO  key.OMKeyRequest (OMKeyRequest.java:wrapUncommittedBlocksAsPseudoKey(838)) - Detect allocated but uncommitted blocks [{blockID={containerID=3, localID=111677748019200042}, length=4194304, offset=0, token=null, pipeline=null, createVersion=0, partNumber=0}] in key testBatchDelete/parent/child1.
2023-04-11 11:24:44,466 [IPC Server handler 9 on default port 36969] INFO  key.OMKeyRequest (OMKeyRequest.java:wrapUncommittedBlocksAsPseudoKey(838)) - Detect allocated but uncommitted blocks [{blockID={containerID=1, localID=111677748019200043}, length=4194304, offset=0, token=null, pipeline=null, createVersion=0, partNumber=0}] in key testBatchDelete/parent/childFolder/child1.
2023-04-11 11:24:44,470 [IPC Server handler 7 on default port 36969] INFO  key.OMKeyRequest (OMKeyRequest.java:wrapUncommittedBlocksAsPseudoKey(838)) - Detect allocated but uncommitted blocks [{blockID={containerID=4, localID=111677748019200044}, length=4194304, offset=0, token=null, pipeline=null, createVersion=0, partNumber=0}] in key testBatchDelete/parent/child2.
2023-04-11 11:24:44,473 [IPC Server handler 6 on default port 36969] INFO  key.OMKeyRequest (OMKeyRequest.java:wrapUncommittedBlocksAsPseudoKey(838)) - Detect allocated but uncommitted blocks [{blockID={containerID=2, localID=111677748019200045}, length=4194304, offset=0, token=null, pipeline=null, createVersion=0, partNumber=0}] in key testBatchDelete/parent/childFolder/child2.
2023-04-11 11:24:44,476 [IPC Server handler 18 on default port 36969] INFO  key.OMKeyRequest (OMKeyRequest.java:wrapUncommittedBlocksAsPseudoKey(838)) - Detect allocated but uncommitted blocks [{blockID={containerID=3, localID=111677748019200046}, length=4194304, offset=0, token=null, pipeline=null, createVersion=0, partNumber=0}] in key testBatchDelete/parent/child3.
2023-04-11 11:24:44,483 [IPC Server handler 12 on default port 36969] INFO  key.OMKeyRequest (OMKeyRequest.java:wrapUncommittedBlocksAsPseudoKey(838)) - Detect allocated but uncommitted blocks [{blockID={containerID=4, localID=111677748019200047}, length=4194304, offset=0, token=null, pipeline=null, createVersion=0, partNumber=0}] in key testBatchDelete/parent/childFolder/child3.
2023-04-11 11:24:44,487 [IPC Server handler 14 on default port 36969] INFO  key.OMKeyRequest (OMKeyRequest.java:wrapUncommittedBlocksAsPseudoKey(838)) - Detect allocated but uncommitted blocks [{blockID={containerID=1, localID=111677748019200048}, length=4194304, offset=0, token=null, pipeline=null, createVersion=0, partNumber=0}] in key testBatchDelete/parent/child4.
2023-04-11 11:24:44,490 [IPC Server handler 11 on default port 36969] INFO  key.OMKeyRequest (OMKeyRequest.java:wrapUncommittedBlocksAsPseudoKey(838)) - Detect allocated but uncommitted blocks [{blockID={containerID=3, localID=111677748019200049}, length=4194304, offset=0, token=null, pipeline=null, createVersion=0, partNumber=0}] in key testBatchDelete/parent/childFolder/child4.
2023-04-11 11:24:44,493 [IPC Server handler 1 on default port 36969] INFO  key.OMKeyRequest (OMKeyRequest.java:wrapUncommittedBlocksAsPseudoKey(838)) - Detect allocated but uncommitted blocks [{blockID={containerID=2, localID=111677748019200050}, length=4194304, offset=0, token=null, pipeline=null, createVersion=0, partNumber=0}] in key testBatchDelete/parent/child5.
2023-04-11 11:24:44,496 [IPC Server handler 2 on default port 36969] INFO  key.OMKeyRequest (OMKeyRequest.java:wrapUncommittedBlocksAsPseudoKey(838)) - Detect allocated but uncommitted blocks [{blockID={containerID=1, localID=111677748019200051}, length=4194304, offset=0, token=null, pipeline=null, createVersion=0, partNumber=0}] in key testBatchDelete/parent/childFolder/child5.
2023-04-11 11:24:44,500 [IPC Server handler 4 on default port 36969] INFO  key.OMKeyRequest (OMKeyRequest.java:wrapUncommittedBlocksAsPseudoKey(838)) - Detect allocated but uncommitted blocks [{blockID={containerID=4, localID=111677748019200052}, length=4194304, offset=0, token=null, pipeline=null, createVersion=0, partNumber=0}] in key testBatchDelete/parent/child6.
2023-04-11 11:24:44,503 [IPC Server handler 9 on default port 36969] INFO  key.OMKeyRequest (OMKeyRequest.java:wrapUncommittedBlocksAsPseudoKey(838)) - Detect allocated but uncommitted blocks [{blockID={containerID=2, localID=111677748019200053}, length=4194304, offset=0, token=null, pipeline=null, createVersion=0, partNumber=0}] in key testBatchDelete/parent/childFolder/child6.
2023-04-11 11:24:44,506 [IPC Server handler 7 on default port 36969] INFO  key.OMKeyRequest (OMKeyRequest.java:wrapUncommittedBlocksAsPseudoKey(838)) - Detect allocated but uncommitted blocks [{blockID={containerID=1, localID=111677748019200054}, length=4194304, offset=0, token=null, pipeline=null, createVersion=0, partNumber=0}] in key testBatchDelete/parent/child7.
2023-04-11 11:24:44,509 [IPC Server handler 6 on default port 36969] INFO  key.OMKeyRequest (OMKeyRequest.java:wrapUncommittedBlocksAsPseudoKey(838)) - Detect allocated but uncommitted blocks [{blockID={containerID=3, localID=111677748019200055}, length=4194304, offset=0, token=null, pipeline=null, createVersion=0, partNumber=0}] in key testBatchDelete/parent/childFolder/child7.
11:24:44.518 [IPC Server handler 2 on default port 36969] ERROR OMAudit - user=runner | ip=127.0.0.1 | op=GET_FILE_STATUS {volume=volume23474, bucket=bucket17726, key=testBatchDelete, dataSize=0, replicationConfig=null} | ret=FAILURE
org.apache.hadoop.ozone.om.exceptions.OMException: Unable to get file status: volume: volume23474 bucket: bucket17726 key: testBatchDelete
	at org.apache.hadoop.ozone.om.KeyManagerImpl.getOzoneFileStatus(KeyManagerImpl.java:1200) ~[ozone-manager-1.4.0-SNAPSHOT.jar:?]
	at org.apache.hadoop.ozone.om.KeyManagerImpl.getFileStatus(KeyManagerImpl.java:1118) ~[ozone-manager-1.4.0-SNAPSHOT.jar:?]
	at org.apache.hadoop.ozone.om.OmMetadataReader.getFileStatus(OmMetadataReader.java:288) ~[ozone-manager-1.4.0-SNAPSHOT.jar:?]
	at org.apache.hadoop.ozone.om.OzoneManager.getFileStatus(OzoneManager.java:3491) ~[ozone-manager-1.4.0-SNAPSHOT.jar:?]
	at org.apache.hadoop.ozone.protocolPB.OzoneManagerRequestHandler.getOzoneFileStatus(OzoneManagerRequestHandler.java:934) ~[ozone-manager-1.4.0-SNAPSHOT.jar:?]
	at org.apache.hadoop.ozone.protocolPB.OzoneManagerRequestHandler.handleReadRequest(OzoneManagerRequestHandler.java:238) ~[ozone-manager-1.4.0-SNAPSHOT.jar:?]
	at org.apache.hadoop.ozone.protocolPB.OzoneManagerProtocolServerSideTranslatorPB.submitRequestDirectlyToOM(OzoneManagerProtocolServerSideTranslatorPB.java:272) ~[ozone-manager-1.4.0-SNAPSHOT.jar:?]
	at org.apache.hadoop.ozone.protocolPB.OzoneManagerProtocolServerSideTranslatorPB.processRequest(OzoneManagerProtocolServerSideTranslatorPB.java:173) ~[ozone-manager-1.4.0-SNAPSHOT.jar:?]
	at org.apache.hadoop.hdds.server.OzoneProtocolMessageDispatcher.processRequest(OzoneProtocolMessageDispatcher.java:87) [hdds-server-framework-1.4.0-SNAPSHOT.jar:?]
	at org.apache.hadoop.ozone.protocolPB.OzoneManagerProtocolServerSideTranslatorPB.submitRequest(OzoneManagerProtocolServerSideTranslatorPB.java:147) [ozone-manager-1.4.0-SNAPSHOT.jar:?]
	at org.apache.hadoop.ozone.protocol.proto.OzoneManagerProtocolProtos$OzoneManagerService$2.callBlockingMethod(OzoneManagerProtocolProtos.java) [ozone-interface-client-1.4.0-SNAPSHOT.jar:?]
	at org.apache.hadoop.ipc.ProtobufRpcEngine$Server.processCall(ProtobufRpcEngine.java:484) [hadoop-common-3.3.5.jar:?]
	at org.apache.hadoop.ipc.ProtobufRpcEngine2$Server$ProtoBufRpcInvoker.call(ProtobufRpcEngine2.java:595) [hadoop-common-3.3.5.jar:?]
	at org.apache.hadoop.ipc.ProtobufRpcEngine2$Server$ProtoBufRpcInvoker.call(ProtobufRpcEngine2.java:573) [hadoop-common-3.3.5.jar:?]
	at org.apache.hadoop.ipc.RPC$Server.call(RPC.java:1213) [hadoop-common-3.3.5.jar:?]
	at org.apache.hadoop.ipc.Server$RpcCall.run(Server.java:1089) [hadoop-common-3.3.5.jar:?]
	at org.apache.hadoop.ipc.Server$RpcCall.run(Server.java:1012) [hadoop-common-3.3.5.jar:?]
	at java.security.AccessController.doPrivileged(Native Method) ~[?:1.8.0_362]
	at javax.security.auth.Subject.doAs(Subject.java:422) [?:1.8.0_362]
	at org.apache.hadoop.security.UserGroupInformation.doAs(UserGroupInformation.java:1899) [hadoop-common-3.3.5.jar:?]
	at org.apache.hadoop.ipc.Server$Handler.run(Server.java:3026) [hadoop-common-3.3.5.jar:?]
11:24:44.519 [IPC Server handler 3 on default port 36969] ERROR OMAudit - user=runner | ip=127.0.0.1 | op=GET_FILE_STATUS {volume=volume23474, bucket=bucket17726, key=testBatchDelete/parent/child0, dataSize=0, replicationConfig=null} | ret=FAILURE
org.apache.hadoop.ozone.om.exceptions.OMException: Unable to get file status: volume: volume23474 bucket: bucket17726 key: testBatchDelete/parent/child0
	at org.apache.hadoop.ozone.om.KeyManagerImpl.getOzoneFileStatus(KeyManagerImpl.java:1200) ~[ozone-manager-1.4.0-SNAPSHOT.jar:?]
	at org.apache.hadoop.ozone.om.KeyManagerImpl.getFileStatus(KeyManagerImpl.java:1118) ~[ozone-manager-1.4.0-SNAPSHOT.jar:?]
	at org.apache.hadoop.ozone.om.OmMetadataReader.getFileStatus(OmMetadataReader.java:288) ~[ozone-manager-1.4.0-SNAPSHOT.jar:?]
	at org.apache.hadoop.ozone.om.OzoneManager.getFileStatus(OzoneManager.java:3491) ~[ozone-manager-1.4.0-SNAPSHOT.jar:?]
	at org.apache.hadoop.ozone.protocolPB.OzoneManagerRequestHandler.getOzoneFileStatus(OzoneManagerRequestHandler.java:934) ~[ozone-manager-1.4.0-SNAPSHOT.jar:?]
	at org.apache.hadoop.ozone.protocolPB.OzoneManagerRequestHandler.handleReadRequest(OzoneManagerRequestHandler.java:238) ~[ozone-manager-1.4.0-SNAPSHOT.jar:?]
	at org.apache.hadoop.ozone.protocolPB.OzoneManagerProtocolServerSideTranslatorPB.submitRequestDirectlyToOM(OzoneManagerProtocolServerSideTranslatorPB.java:272) ~[ozone-manager-1.4.0-SNAPSHOT.jar:?]
	at org.apache.hadoop.ozone.protocolPB.OzoneManagerProtocolServerSideTranslatorPB.processRequest(OzoneManagerProtocolServerSideTranslatorPB.java:173) ~[ozone-manager-1.4.0-SNAPSHOT.jar:?]
	at org.apache.hadoop.hdds.server.OzoneProtocolMessageDispatcher.processRequest(OzoneProtocolMessageDispatcher.java:87) [hdds-server-framework-1.4.0-SNAPSHOT.jar:?]
	at org.apache.hadoop.ozone.protocolPB.OzoneManagerProtocolServerSideTranslatorPB.submitRequest(OzoneManagerProtocolServerSideTranslatorPB.java:147) [ozone-manager-1.4.0-SNAPSHOT.jar:?]
	at org.apache.hadoop.ozone.protocol.proto.OzoneManagerProtocolProtos$OzoneManagerService$2.callBlockingMethod(OzoneManagerProtocolProtos.java) [ozone-interface-client-1.4.0-SNAPSHOT.jar:?]
	at org.apache.hadoop.ipc.ProtobufRpcEngine$Server.processCall(ProtobufRpcEngine.java:484) [hadoop-common-3.3.5.jar:?]
	at org.apache.hadoop.ipc.ProtobufRpcEngine2$Server$ProtoBufRpcInvoker.call(ProtobufRpcEngine2.java:595) [hadoop-common-3.3.5.jar:?]
	at org.apache.hadoop.ipc.ProtobufRpcEngine2$Server$ProtoBufRpcInvoker.call(ProtobufRpcEngine2.java:573) [hadoop-common-3.3.5.jar:?]
	at org.apache.hadoop.ipc.RPC$Server.call(RPC.java:1213) [hadoop-common-3.3.5.jar:?]
	at org.apache.hadoop.ipc.Server$RpcCall.run(Server.java:1089) [hadoop-common-3.3.5.jar:?]
	at org.apache.hadoop.ipc.Server$RpcCall.run(Server.java:1012) [hadoop-common-3.3.5.jar:?]
	at java.security.AccessController.doPrivileged(Native Method) ~[?:1.8.0_362]
	at javax.security.auth.Subject.doAs(Subject.java:422) [?:1.8.0_362]
	at org.apache.hadoop.security.UserGroupInformation.doAs(UserGroupInformation.java:1899) [hadoop-common-3.3.5.jar:?]
	at org.apache.hadoop.ipc.Server$Handler.run(Server.java:3026) [hadoop-common-3.3.5.jar:?]
11:24:44.519 [IPC Server handler 4 on default port 36969] ERROR OMAudit - user=runner | ip=127.0.0.1 | op=GET_FILE_STATUS {volume=volume23474, bucket=bucket17726, key=testBatchDelete/parent/childFolder/child0, dataSize=0, replicationConfig=null} | ret=FAILURE
org.apache.hadoop.ozone.om.exceptions.OMException: Unable to get file status: volume: volume23474 bucket: bucket17726 key: testBatchDelete/parent/childFolder/child0
	at org.apache.hadoop.ozone.om.KeyManagerImpl.getOzoneFileStatus(KeyManagerImpl.java:1200) ~[ozone-manager-1.4.0-SNAPSHOT.jar:?]
	at org.apache.hadoop.ozone.om.KeyManagerImpl.getFileStatus(KeyManagerImpl.java:1118) ~[ozone-manager-1.4.0-SNAPSHOT.jar:?]
	at org.apache.hadoop.ozone.om.OmMetadataReader.getFileStatus(OmMetadataReader.java:288) ~[ozone-manager-1.4.0-SNAPSHOT.jar:?]
	at org.apache.hadoop.ozone.om.OzoneManager.getFileStatus(OzoneManager.java:3491) ~[ozone-manager-1.4.0-SNAPSHOT.jar:?]
	at org.apache.hadoop.ozone.protocolPB.OzoneManagerRequestHandler.getOzoneFileStatus(OzoneManagerRequestHandler.java:934) ~[ozone-manager-1.4.0-SNAPSHOT.jar:?]
	at org.apache.hadoop.ozone.protocolPB.OzoneManagerRequestHandler.handleReadRequest(OzoneManagerRequestHandler.java:238) ~[ozone-manager-1.4.0-SNAPSHOT.jar:?]
	at org.apache.hadoop.ozone.protocolPB.OzoneManagerProtocolServerSideTranslatorPB.submitRequestDirectlyToOM(OzoneManagerProtocolServerSideTranslatorPB.java:272) ~[ozone-manager-1.4.0-SNAPSHOT.jar:?]
	at org.apache.hadoop.ozone.protocolPB.OzoneManagerProtocolServerSideTranslatorPB.processRequest(OzoneManagerProtocolServerSideTranslatorPB.java:173) ~[ozone-manager-1.4.0-SNAPSHOT.jar:?]
	at org.apache.hadoop.hdds.server.OzoneProtocolMessageDispatcher.processRequest(OzoneProtocolMessageDispatcher.java:87) [hdds-server-framework-1.4.0-SNAPSHOT.jar:?]
	at org.apache.hadoop.ozone.protocolPB.OzoneManagerProtocolServerSideTranslatorPB.submitRequest(OzoneManagerProtocolServerSideTranslatorPB.java:147) [ozone-manager-1.4.0-SNAPSHOT.jar:?]
	at org.apache.hadoop.ozone.protocol.proto.OzoneManagerProtocolProtos$OzoneManagerService$2.callBlockingMethod(OzoneManagerProtocolProtos.java) [ozone-interface-client-1.4.0-SNAPSHOT.jar:?]
	at org.apache.hadoop.ipc.ProtobufRpcEngine$Server.processCall(ProtobufRpcEngine.java:484) [hadoop-common-3.3.5.jar:?]
	at org.apache.hadoop.ipc.ProtobufRpcEngine2$Server$ProtoBufRpcInvoker.call(ProtobufRpcEngine2.java:595) [hadoop-common-3.3.5.jar:?]
	at org.apache.hadoop.ipc.ProtobufRpcEngine2$Server$ProtoBufRpcInvoker.call(ProtobufRpcEngine2.java:573) [hadoop-common-3.3.5.jar:?]
	at org.apache.hadoop.ipc.RPC$Server.call(RPC.java:1213) [hadoop-common-3.3.5.jar:?]
	at org.apache.hadoop.ipc.Server$RpcCall.run(Server.java:1089) [hadoop-common-3.3.5.jar:?]
	at org.apache.hadoop.ipc.Server$RpcCall.run(Server.java:1012) [hadoop-common-3.3.5.jar:?]
	at java.security.AccessController.doPrivileged(Native Method) ~[?:1.8.0_362]
	at javax.security.auth.Subject.doAs(Subject.java:422) [?:1.8.0_362]
	at org.apache.hadoop.security.UserGroupInformation.doAs(UserGroupInformation.java:1899) [hadoop-common-3.3.5.jar:?]
	at org.apache.hadoop.ipc.Server$Handler.run(Server.java:3026) [hadoop-common-3.3.5.jar:?]
11:24:44.520 [IPC Server handler 5 on default port 36969] ERROR OMAudit - user=runner | ip=127.0.0.1 | op=GET_FILE_STATUS {volume=volume23474, bucket=bucket17726, key=testBatchDelete/parent/child1, dataSize=0, replicationConfig=null} | ret=FAILURE
org.apache.hadoop.ozone.om.exceptions.OMException: Unable to get file status: volume: volume23474 bucket: bucket17726 key: testBatchDelete/parent/child1
	at org.apache.hadoop.ozone.om.KeyManagerImpl.getOzoneFileStatus(KeyManagerImpl.java:1200) ~[ozone-manager-1.4.0-SNAPSHOT.jar:?]
	at org.apache.hadoop.ozone.om.KeyManagerImpl.getFileStatus(KeyManagerImpl.java:1118) ~[ozone-manager-1.4.0-SNAPSHOT.jar:?]
	at org.apache.hadoop.ozone.om.OmMetadataReader.getFileStatus(OmMetadataReader.java:288) ~[ozone-manager-1.4.0-SNAPSHOT.jar:?]
	at org.apache.hadoop.ozone.om.OzoneManager.getFileStatus(OzoneManager.java:3491) ~[ozone-manager-1.4.0-SNAPSHOT.jar:?]
	at org.apache.hadoop.ozone.protocolPB.OzoneManagerRequestHandler.getOzoneFileStatus(OzoneManagerRequestHandler.java:934) ~[ozone-manager-1.4.0-SNAPSHOT.jar:?]
	at org.apache.hadoop.ozone.protocolPB.OzoneManagerRequestHandler.handleReadRequest(OzoneManagerRequestHandler.java:238) ~[ozone-manager-1.4.0-SNAPSHOT.jar:?]
	at org.apache.hadoop.ozone.protocolPB.OzoneManagerProtocolServerSideTranslatorPB.submitRequestDirectlyToOM(OzoneManagerProtocolServerSideTranslatorPB.java:272) ~[ozone-manager-1.4.0-SNAPSHOT.jar:?]
	at org.apache.hadoop.ozone.protocolPB.OzoneManagerProtocolServerSideTranslatorPB.processRequest(OzoneManagerProtocolServerSideTranslatorPB.java:173) ~[ozone-manager-1.4.0-SNAPSHOT.jar:?]
	at org.apache.hadoop.hdds.server.OzoneProtocolMessageDispatcher.processRequest(OzoneProtocolMessageDispatcher.java:87) [hdds-server-framework-1.4.0-SNAPSHOT.jar:?]
	at org.apache.hadoop.ozone.protocolPB.OzoneManagerProtocolServerSideTranslatorPB.submitRequest(OzoneManagerProtocolServerSideTranslatorPB.java:147) [ozone-manager-1.4.0-SNAPSHOT.jar:?]
	at org.apache.hadoop.ozone.protocol.proto.OzoneManagerProtocolProtos$OzoneManagerService$2.callBlockingMethod(OzoneManagerProtocolProtos.java) [ozone-interface-client-1.4.0-SNAPSHOT.jar:?]
	at org.apache.hadoop.ipc.ProtobufRpcEngine$Server.processCall(ProtobufRpcEngine.java:484) [hadoop-common-3.3.5.jar:?]
	at org.apache.hadoop.ipc.ProtobufRpcEngine2$Server$ProtoBufRpcInvoker.call(ProtobufRpcEngine2.java:595) [hadoop-common-3.3.5.jar:?]
	at org.apache.hadoop.ipc.ProtobufRpcEngine2$Server$ProtoBufRpcInvoker.call(ProtobufRpcEngine2.java:573) [hadoop-common-3.3.5.jar:?]
	at org.apache.hadoop.ipc.RPC$Server.call(RPC.java:1213) [hadoop-common-3.3.5.jar:?]
	at org.apache.hadoop.ipc.Server$RpcCall.run(Server.java:1089) [hadoop-common-3.3.5.jar:?]
	at org.apache.hadoop.ipc.Server$RpcCall.run(Server.java:1012) [hadoop-common-3.3.5.jar:?]
	at java.security.AccessController.doPrivileged(Native Method) ~[?:1.8.0_362]
	at javax.security.auth.Subject.doAs(Subject.java:422) [?:1.8.0_362]
	at org.apache.hadoop.security.UserGroupInformation.doAs(UserGroupInformation.java:1899) [hadoop-common-3.3.5.jar:?]
	at org.apache.hadoop.ipc.Server$Handler.run(Server.java:3026) [hadoop-common-3.3.5.jar:?]
11:24:44.521 [IPC Server handler 9 on default port 36969] ERROR OMAudit - user=runner | ip=127.0.0.1 | op=GET_FILE_STATUS {volume=volume23474, bucket=bucket17726, key=testBatchDelete/parent/childFolder/child1, dataSize=0, replicationConfig=null} | ret=FAILURE
org.apache.hadoop.ozone.om.exceptions.OMException: Unable to get file status: volume: volume23474 bucket: bucket17726 key: testBatchDelete/parent/childFolder/child1
	at org.apache.hadoop.ozone.om.KeyManagerImpl.getOzoneFileStatus(KeyManagerImpl.java:1200) ~[ozone-manager-1.4.0-SNAPSHOT.jar:?]
	at org.apache.hadoop.ozone.om.KeyManagerImpl.getFileStatus(KeyManagerImpl.java:1118) ~[ozone-manager-1.4.0-SNAPSHOT.jar:?]
	at org.apache.hadoop.ozone.om.OmMetadataReader.getFileStatus(OmMetadataReader.java:288) ~[ozone-manager-1.4.0-SNAPSHOT.jar:?]
	at org.apache.hadoop.ozone.om.OzoneManager.getFileStatus(OzoneManager.java:3491) ~[ozone-manager-1.4.0-SNAPSHOT.jar:?]
	at org.apache.hadoop.ozone.protocolPB.OzoneManagerRequestHandler.getOzoneFileStatus(OzoneManagerRequestHandler.java:934) ~[ozone-manager-1.4.0-SNAPSHOT.jar:?]
	at org.apache.hadoop.ozone.protocolPB.OzoneManagerRequestHandler.handleReadRequest(OzoneManagerRequestHandler.java:238) ~[ozone-manager-1.4.0-SNAPSHOT.jar:?]
	at org.apache.hadoop.ozone.protocolPB.OzoneManagerProtocolServerSideTranslatorPB.submitRequestDirectlyToOM(OzoneManagerProtocolServerSideTranslatorPB.java:272) ~[ozone-manager-1.4.0-SNAPSHOT.jar:?]
	at org.apache.hadoop.ozone.protocolPB.OzoneManagerProtocolServerSideTranslatorPB.processRequest(OzoneManagerProtocolServerSideTranslatorPB.java:173) ~[ozone-manager-1.4.0-SNAPSHOT.jar:?]
	at org.apache.hadoop.hdds.server.OzoneProtocolMessageDispatcher.processRequest(OzoneProtocolMessageDispatcher.java:87) [hdds-server-framework-1.4.0-SNAPSHOT.jar:?]
	at org.apache.hadoop.ozone.protocolPB.OzoneManagerProtocolServerSideTranslatorPB.submitRequest(OzoneManagerProtocolServerSideTranslatorPB.java:147) [ozone-manager-1.4.0-SNAPSHOT.jar:?]
	at org.apache.hadoop.ozone.protocol.proto.OzoneManagerProtocolProtos$OzoneManagerService$2.callBlockingMethod(OzoneManagerProtocolProtos.java) [ozone-interface-client-1.4.0-SNAPSHOT.jar:?]
	at org.apache.hadoop.ipc.ProtobufRpcEngine$Server.processCall(ProtobufRpcEngine.java:484) [hadoop-common-3.3.5.jar:?]
	at org.apache.hadoop.ipc.ProtobufRpcEngine2$Server$ProtoBufRpcInvoker.call(ProtobufRpcEngine2.java:595) [hadoop-common-3.3.5.jar:?]
	at org.apache.hadoop.ipc.ProtobufRpcEngine2$Server$ProtoBufRpcInvoker.call(ProtobufRpcEngine2.java:573) [hadoop-common-3.3.5.jar:?]
	at org.apache.hadoop.ipc.RPC$Server.call(RPC.java:1213) [hadoop-common-3.3.5.jar:?]
	at org.apache.hadoop.ipc.Server$RpcCall.run(Server.java:1089) [hadoop-common-3.3.5.jar:?]
	at org.apache.hadoop.ipc.Server$RpcCall.run(Server.java:1012) [hadoop-common-3.3.5.jar:?]
	at java.security.AccessController.doPrivileged(Native Method) ~[?:1.8.0_362]
	at javax.security.auth.Subject.doAs(Subject.java:422) [?:1.8.0_362]
	at org.apache.hadoop.security.UserGroupInformation.doAs(UserGroupInformation.java:1899) [hadoop-common-3.3.5.jar:?]
	at org.apache.hadoop.ipc.Server$Handler.run(Server.java:3026) [hadoop-common-3.3.5.jar:?]
11:24:44.522 [IPC Server handler 8 on default port 36969] ERROR OMAudit - user=runner | ip=127.0.0.1 | op=GET_FILE_STATUS {volume=volume23474, bucket=bucket17726, key=testBatchDelete/parent/child2, dataSize=0, replicationConfig=null} | ret=FAILURE
org.apache.hadoop.ozone.om.exceptions.OMException: Unable to get file status: volume: volume23474 bucket: bucket17726 key: testBatchDelete/parent/child2
	at org.apache.hadoop.ozone.om.KeyManagerImpl.getOzoneFileStatus(KeyManagerImpl.java:1200) ~[ozone-manager-1.4.0-SNAPSHOT.jar:?]
	at org.apache.hadoop.ozone.om.KeyManagerImpl.getFileStatus(KeyManagerImpl.java:1118) ~[ozone-manager-1.4.0-SNAPSHOT.jar:?]
	at org.apache.hadoop.ozone.om.OmMetadataReader.getFileStatus(OmMetadataReader.java:288) ~[ozone-manager-1.4.0-SNAPSHOT.jar:?]
	at org.apache.hadoop.ozone.om.OzoneManager.getFileStatus(OzoneManager.java:3491) ~[ozone-manager-1.4.0-SNAPSHOT.jar:?]
	at org.apache.hadoop.ozone.protocolPB.OzoneManagerRequestHandler.getOzoneFileStatus(OzoneManagerRequestHandler.java:934) ~[ozone-manager-1.4.0-SNAPSHOT.jar:?]
	at org.apache.hadoop.ozone.protocolPB.OzoneManagerRequestHandler.handleReadRequest(OzoneManagerRequestHandler.java:238) ~[ozone-manager-1.4.0-SNAPSHOT.jar:?]
	at org.apache.hadoop.ozone.protocolPB.OzoneManagerProtocolServerSideTranslatorPB.submitRequestDirectlyToOM(OzoneManagerProtocolServerSideTranslatorPB.java:272) ~[ozone-manager-1.4.0-SNAPSHOT.jar:?]
	at org.apache.hadoop.ozone.protocolPB.OzoneManagerProtocolServerSideTranslatorPB.processRequest(OzoneManagerProtocolServerSideTranslatorPB.java:173) ~[ozone-manager-1.4.0-SNAPSHOT.jar:?]
	at org.apache.hadoop.hdds.server.OzoneProtocolMessageDispatcher.processRequest(OzoneProtocolMessageDispatcher.java:87) [hdds-server-framework-1.4.0-SNAPSHOT.jar:?]
	at org.apache.hadoop.ozone.protocolPB.OzoneManagerProtocolServerSideTranslatorPB.submitRequest(OzoneManagerProtocolServerSideTranslatorPB.java:147) [ozone-manager-1.4.0-SNAPSHOT.jar:?]
	at org.apache.hadoop.ozone.protocol.proto.OzoneManagerProtocolProtos$OzoneManagerService$2.callBlockingMethod(OzoneManagerProtocolProtos.java) [ozone-interface-client-1.4.0-SNAPSHOT.jar:?]
	at org.apache.hadoop.ipc.ProtobufRpcEngine$Server.processCall(ProtobufRpcEngine.java:484) [hadoop-common-3.3.5.jar:?]
	at org.apache.hadoop.ipc.ProtobufRpcEngine2$Server$ProtoBufRpcInvoker.call(ProtobufRpcEngine2.java:595) [hadoop-common-3.3.5.jar:?]
	at org.apache.hadoop.ipc.ProtobufRpcEngine2$Server$ProtoBufRpcInvoker.call(ProtobufRpcEngine2.java:573) [hadoop-common-3.3.5.jar:?]
	at org.apache.hadoop.ipc.RPC$Server.call(RPC.java:1213) [hadoop-common-3.3.5.jar:?]
	at org.apache.hadoop.ipc.Server$RpcCall.run(Server.java:1089) [hadoop-common-3.3.5.jar:?]
	at org.apache.hadoop.ipc.Server$RpcCall.run(Server.java:1012) [hadoop-common-3.3.5.jar:?]
	at java.security.AccessController.doPrivileged(Native Method) ~[?:1.8.0_362]
	at javax.security.auth.Subject.doAs(Subject.java:422) [?:1.8.0_362]
	at org.apache.hadoop.security.UserGroupInformation.doAs(UserGroupInformation.java:1899) [hadoop-common-3.3.5.jar:?]
	at org.apache.hadoop.ipc.Server$Handler.run(Server.java:3026) [hadoop-common-3.3.5.jar:?]
11:24:44.522 [IPC Server handler 7 on default port 36969] ERROR OMAudit - user=runner | ip=127.0.0.1 | op=GET_FILE_STATUS {volume=volume23474, bucket=bucket17726, key=testBatchDelete/parent/childFolder/child2, dataSize=0, replicationConfig=null} | ret=FAILURE
org.apache.hadoop.ozone.om.exceptions.OMException: Unable to get file status: volume: volume23474 bucket: bucket17726 key: testBatchDelete/parent/childFolder/child2
	at org.apache.hadoop.ozone.om.KeyManagerImpl.getOzoneFileStatus(KeyManagerImpl.java:1200) ~[ozone-manager-1.4.0-SNAPSHOT.jar:?]
	at org.apache.hadoop.ozone.om.KeyManagerImpl.getFileStatus(KeyManagerImpl.java:1118) ~[ozone-manager-1.4.0-SNAPSHOT.jar:?]
	at org.apache.hadoop.ozone.om.OmMetadataReader.getFileStatus(OmMetadataReader.java:288) ~[ozone-manager-1.4.0-SNAPSHOT.jar:?]
	at org.apache.hadoop.ozone.om.OzoneManager.getFileStatus(OzoneManager.java:3491) ~[ozone-manager-1.4.0-SNAPSHOT.jar:?]
	at org.apache.hadoop.ozone.protocolPB.OzoneManagerRequestHandler.getOzoneFileStatus(OzoneManagerRequestHandler.java:934) ~[ozone-manager-1.4.0-SNAPSHOT.jar:?]
	at org.apache.hadoop.ozone.protocolPB.OzoneManagerRequestHandler.handleReadRequest(OzoneManagerRequestHandler.java:238) ~[ozone-manager-1.4.0-SNAPSHOT.jar:?]
	at org.apache.hadoop.ozone.protocolPB.OzoneManagerProtocolServerSideTranslatorPB.submitRequestDirectlyToOM(OzoneManagerProtocolServerSideTranslatorPB.java:272) ~[ozone-manager-1.4.0-SNAPSHOT.jar:?]
	at org.apache.hadoop.ozone.protocolPB.OzoneManagerProtocolServerSideTranslatorPB.processRequest(OzoneManagerProtocolServerSideTranslatorPB.java:173) ~[ozone-manager-1.4.0-SNAPSHOT.jar:?]
	at org.apache.hadoop.hdds.server.OzoneProtocolMessageDispatcher.processRequest(OzoneProtocolMessageDispatcher.java:87) [hdds-server-framework-1.4.0-SNAPSHOT.jar:?]
	at org.apache.hadoop.ozone.protocolPB.OzoneManagerProtocolServerSideTranslatorPB.submitRequest(OzoneManagerProtocolServerSideTranslatorPB.java:147) [ozone-manager-1.4.0-SNAPSHOT.jar:?]
	at org.apache.hadoop.ozone.protocol.proto.OzoneManagerProtocolProtos$OzoneManagerService$2.callBlockingMethod(OzoneManagerProtocolProtos.java) [ozone-interface-client-1.4.0-SNAPSHOT.jar:?]
	at org.apache.hadoop.ipc.ProtobufRpcEngine$Server.processCall(ProtobufRpcEngine.java:484) [hadoop-common-3.3.5.jar:?]
	at org.apache.hadoop.ipc.ProtobufRpcEngine2$Server$ProtoBufRpcInvoker.call(ProtobufRpcEngine2.java:595) [hadoop-common-3.3.5.jar:?]
	at org.apache.hadoop.ipc.ProtobufRpcEngine2$Server$ProtoBufRpcInvoker.call(ProtobufRpcEngine2.java:573) [hadoop-common-3.3.5.jar:?]
	at org.apache.hadoop.ipc.RPC$Server.call(RPC.java:1213) [hadoop-common-3.3.5.jar:?]
	at org.apache.hadoop.ipc.Server$RpcCall.run(Server.java:1089) [hadoop-common-3.3.5.jar:?]
	at org.apache.hadoop.ipc.Server$RpcCall.run(Server.java:1012) [hadoop-common-3.3.5.jar:?]
	at java.security.AccessController.doPrivileged(Native Method) ~[?:1.8.0_362]
	at javax.security.auth.Subject.doAs(Subject.java:422) [?:1.8.0_362]
	at org.apache.hadoop.security.UserGroupInformation.doAs(UserGroupInformation.java:1899) [hadoop-common-3.3.5.jar:?]
	at org.apache.hadoop.ipc.Server$Handler.run(Server.java:3026) [hadoop-common-3.3.5.jar:?]
11:24:44.523 [IPC Server handler 10 on default port 36969] ERROR OMAudit - user=runner | ip=127.0.0.1 | op=GET_FILE_STATUS {volume=volume23474, bucket=bucket17726, key=testBatchDelete/parent/child3, dataSize=0, replicationConfig=null} | ret=FAILURE
org.apache.hadoop.ozone.om.exceptions.OMException: Unable to get file status: volume: volume23474 bucket: bucket17726 key: testBatchDelete/parent/child3
	at org.apache.hadoop.ozone.om.KeyManagerImpl.getOzoneFileStatus(KeyManagerImpl.java:1200) ~[ozone-manager-1.4.0-SNAPSHOT.jar:?]
	at org.apache.hadoop.ozone.om.KeyManagerImpl.getFileStatus(KeyManagerImpl.java:1118) ~[ozone-manager-1.4.0-SNAPSHOT.jar:?]
	at org.apache.hadoop.ozone.om.OmMetadataReader.getFileStatus(OmMetadataReader.java:288) ~[ozone-manager-1.4.0-SNAPSHOT.jar:?]
	at org.apache.hadoop.ozone.om.OzoneManager.getFileStatus(OzoneManager.java:3491) ~[ozone-manager-1.4.0-SNAPSHOT.jar:?]
	at org.apache.hadoop.ozone.protocolPB.OzoneManagerRequestHandler.getOzoneFileStatus(OzoneManagerRequestHandler.java:934) ~[ozone-manager-1.4.0-SNAPSHOT.jar:?]
	at org.apache.hadoop.ozone.protocolPB.OzoneManagerRequestHandler.handleReadRequest(OzoneManagerRequestHandler.java:238) ~[ozone-manager-1.4.0-SNAPSHOT.jar:?]
	at org.apache.hadoop.ozone.protocolPB.OzoneManagerProtocolServerSideTranslatorPB.submitRequestDirectlyToOM(OzoneManagerProtocolServerSideTranslatorPB.java:272) ~[ozone-manager-1.4.0-SNAPSHOT.jar:?]
	at org.apache.hadoop.ozone.protocolPB.OzoneManagerProtocolServerSideTranslatorPB.processRequest(OzoneManagerProtocolServerSideTranslatorPB.java:173) ~[ozone-manager-1.4.0-SNAPSHOT.jar:?]
	at org.apache.hadoop.hdds.server.OzoneProtocolMessageDispatcher.processRequest(OzoneProtocolMessageDispatcher.java:87) [hdds-server-framework-1.4.0-SNAPSHOT.jar:?]
	at org.apache.hadoop.ozone.protocolPB.OzoneManagerProtocolServerSideTranslatorPB.submitRequest(OzoneManagerProtocolServerSideTranslatorPB.java:147) [ozone-manager-1.4.0-SNAPSHOT.jar:?]
	at org.apache.hadoop.ozone.protocol.proto.OzoneManagerProtocolProtos$OzoneManagerService$2.callBlockingMethod(OzoneManagerProtocolProtos.java) [ozone-interface-client-1.4.0-SNAPSHOT.jar:?]
	at org.apache.hadoop.ipc.ProtobufRpcEngine$Server.processCall(ProtobufRpcEngine.java:484) [hadoop-common-3.3.5.jar:?]
	at org.apache.hadoop.ipc.ProtobufRpcEngine2$Server$ProtoBufRpcInvoker.call(ProtobufRpcEngine2.java:595) [hadoop-common-3.3.5.jar:?]
	at org.apache.hadoop.ipc.ProtobufRpcEngine2$Server$ProtoBufRpcInvoker.call(ProtobufRpcEngine2.java:573) [hadoop-common-3.3.5.jar:?]
	at org.apache.hadoop.ipc.RPC$Server.call(RPC.java:1213) [hadoop-common-3.3.5.jar:?]
	at org.apache.hadoop.ipc.Server$RpcCall.run(Server.java:1089) [hadoop-common-3.3.5.jar:?]
	at org.apache.hadoop.ipc.Server$RpcCall.run(Server.java:1012) [hadoop-common-3.3.5.jar:?]
	at java.security.AccessController.doPrivileged(Native Method) ~[?:1.8.0_362]
	at javax.security.auth.Subject.doAs(Subject.java:422) [?:1.8.0_362]
	at org.apache.hadoop.security.UserGroupInformation.doAs(UserGroupInformation.java:1899) [hadoop-common-3.3.5.jar:?]
	at org.apache.hadoop.ipc.Server$Handler.run(Server.java:3026) [hadoop-common-3.3.5.jar:?]
11:24:44.524 [IPC Server handler 6 on default port 36969] ERROR OMAudit - user=runner | ip=127.0.0.1 | op=GET_FILE_STATUS {volume=volume23474, bucket=bucket17726, key=testBatchDelete/parent/childFolder/child3, dataSize=0, replicationConfig=null} | ret=FAILURE
org.apache.hadoop.ozone.om.exceptions.OMException: Unable to get file status: volume: volume23474 bucket: bucket17726 key: testBatchDelete/parent/childFolder/child3
	at org.apache.hadoop.ozone.om.KeyManagerImpl.getOzoneFileStatus(KeyManagerImpl.java:1200) ~[ozone-manager-1.4.0-SNAPSHOT.jar:?]
	at org.apache.hadoop.ozone.om.KeyManagerImpl.getFileStatus(KeyManagerImpl.java:1118) ~[ozone-manager-1.4.0-SNAPSHOT.jar:?]
	at org.apache.hadoop.ozone.om.OmMetadataReader.getFileStatus(OmMetadataReader.java:288) ~[ozone-manager-1.4.0-SNAPSHOT.jar:?]
	at org.apache.hadoop.ozone.om.OzoneManager.getFileStatus(OzoneManager.java:3491) ~[ozone-manager-1.4.0-SNAPSHOT.jar:?]
	at org.apache.hadoop.ozone.protocolPB.OzoneManagerRequestHandler.getOzoneFileStatus(OzoneManagerRequestHandler.java:934) ~[ozone-manager-1.4.0-SNAPSHOT.jar:?]
	at org.apache.hadoop.ozone.protocolPB.OzoneManagerRequestHandler.handleReadRequest(OzoneManagerRequestHandler.java:238) ~[ozone-manager-1.4.0-SNAPSHOT.jar:?]
	at org.apache.hadoop.ozone.protocolPB.OzoneManagerProtocolServerSideTranslatorPB.submitRequestDirectlyToOM(OzoneManagerProtocolServerSideTranslatorPB.java:272) ~[ozone-manager-1.4.0-SNAPSHOT.jar:?]
	at org.apache.hadoop.ozone.protocolPB.OzoneManagerProtocolServerSideTranslatorPB.processRequest(OzoneManagerProtocolServerSideTranslatorPB.java:173) ~[ozone-manager-1.4.0-SNAPSHOT.jar:?]
	at org.apache.hadoop.hdds.server.OzoneProtocolMessageDispatcher.processRequest(OzoneProtocolMessageDispatcher.java:87) [hdds-server-framework-1.4.0-SNAPSHOT.jar:?]
	at org.apache.hadoop.ozone.protocolPB.OzoneManagerProtocolServerSideTranslatorPB.submitRequest(OzoneManagerProtocolServerSideTranslatorPB.java:147) [ozone-manager-1.4.0-SNAPSHOT.jar:?]
	at org.apache.hadoop.ozone.protocol.proto.OzoneManagerProtocolProtos$OzoneManagerService$2.callBlockingMethod(OzoneManagerProtocolProtos.java) [ozone-interface-client-1.4.0-SNAPSHOT.jar:?]
	at org.apache.hadoop.ipc.ProtobufRpcEngine$Server.processCall(ProtobufRpcEngine.java:484) [hadoop-common-3.3.5.jar:?]
	at org.apache.hadoop.ipc.ProtobufRpcEngine2$Server$ProtoBufRpcInvoker.call(ProtobufRpcEngine2.java:595) [hadoop-common-3.3.5.jar:?]
	at org.apache.hadoop.ipc.ProtobufRpcEngine2$Server$ProtoBufRpcInvoker.call(ProtobufRpcEngine2.java:573) [hadoop-common-3.3.5.jar:?]
	at org.apache.hadoop.ipc.RPC$Server.call(RPC.java:1213) [hadoop-common-3.3.5.jar:?]
	at org.apache.hadoop.ipc.Server$RpcCall.run(Server.java:1089) [hadoop-common-3.3.5.jar:?]
	at org.apache.hadoop.ipc.Server$RpcCall.run(Server.java:1012) [hadoop-common-3.3.5.jar:?]
	at java.security.AccessController.doPrivileged(Native Method) ~[?:1.8.0_362]
	at javax.security.auth.Subject.doAs(Subject.java:422) [?:1.8.0_362]
	at org.apache.hadoop.security.UserGroupInformation.doAs(UserGroupInformation.java:1899) [hadoop-common-3.3.5.jar:?]
	at org.apache.hadoop.ipc.Server$Handler.run(Server.java:3026) [hadoop-common-3.3.5.jar:?]
11:24:44.525 [IPC Server handler 15 on default port 36969] ERROR OMAudit - user=runner | ip=127.0.0.1 | op=GET_FILE_STATUS {volume=volume23474, bucket=bucket17726, key=testBatchDelete/parent/child4, dataSize=0, replicationConfig=null} | ret=FAILURE
org.apache.hadoop.ozone.om.exceptions.OMException: Unable to get file status: volume: volume23474 bucket: bucket17726 key: testBatchDelete/parent/child4
	at org.apache.hadoop.ozone.om.KeyManagerImpl.getOzoneFileStatus(KeyManagerImpl.java:1200) ~[ozone-manager-1.4.0-SNAPSHOT.jar:?]
	at org.apache.hadoop.ozone.om.KeyManagerImpl.getFileStatus(KeyManagerImpl.java:1118) ~[ozone-manager-1.4.0-SNAPSHOT.jar:?]
	at org.apache.hadoop.ozone.om.OmMetadataReader.getFileStatus(OmMetadataReader.java:288) ~[ozone-manager-1.4.0-SNAPSHOT.jar:?]
	at org.apache.hadoop.ozone.om.OzoneManager.getFileStatus(OzoneManager.java:3491) ~[ozone-manager-1.4.0-SNAPSHOT.jar:?]
	at org.apache.hadoop.ozone.protocolPB.OzoneManagerRequestHandler.getOzoneFileStatus(OzoneManagerRequestHandler.java:934) ~[ozone-manager-1.4.0-SNAPSHOT.jar:?]
	at org.apache.hadoop.ozone.protocolPB.OzoneManagerRequestHandler.handleReadRequest(OzoneManagerRequestHandler.java:238) ~[ozone-manager-1.4.0-SNAPSHOT.jar:?]
	at org.apache.hadoop.ozone.protocolPB.OzoneManagerProtocolServerSideTranslatorPB.submitRequestDirectlyToOM(OzoneManagerProtocolServerSideTranslatorPB.java:272) ~[ozone-manager-1.4.0-SNAPSHOT.jar:?]
	at org.apache.hadoop.ozone.protocolPB.OzoneManagerProtocolServerSideTranslatorPB.processRequest(OzoneManagerProtocolServerSideTranslatorPB.java:173) ~[ozone-manager-1.4.0-SNAPSHOT.jar:?]
	at org.apache.hadoop.hdds.server.OzoneProtocolMessageDispatcher.processRequest(OzoneProtocolMessageDispatcher.java:87) [hdds-server-framework-1.4.0-SNAPSHOT.jar:?]
	at org.apache.hadoop.ozone.protocolPB.OzoneManagerProtocolServerSideTranslatorPB.submitRequest(OzoneManagerProtocolServerSideTranslatorPB.java:147) [ozone-manager-1.4.0-SNAPSHOT.jar:?]
	at org.apache.hadoop.ozone.protocol.proto.OzoneManagerProtocolProtos$OzoneManagerService$2.callBlockingMethod(OzoneManagerProtocolProtos.java) [ozone-interface-client-1.4.0-SNAPSHOT.jar:?]
	at org.apache.hadoop.ipc.ProtobufRpcEngine$Server.processCall(ProtobufRpcEngine.java:484) [hadoop-common-3.3.5.jar:?]
	at org.apache.hadoop.ipc.ProtobufRpcEngine2$Server$ProtoBufRpcInvoker.call(ProtobufRpcEngine2.java:595) [hadoop-common-3.3.5.jar:?]
	at org.apache.hadoop.ipc.ProtobufRpcEngine2$Server$ProtoBufRpcInvoker.call(ProtobufRpcEngine2.java:573) [hadoop-common-3.3.5.jar:?]
	at org.apache.hadoop.ipc.RPC$Server.call(RPC.java:1213) [hadoop-common-3.3.5.jar:?]
	at org.apache.hadoop.ipc.Server$RpcCall.run(Server.java:1089) [hadoop-common-3.3.5.jar:?]
	at org.apache.hadoop.ipc.Server$RpcCall.run(Server.java:1012) [hadoop-common-3.3.5.jar:?]
	at java.security.AccessController.doPrivileged(Native Method) ~[?:1.8.0_362]
	at javax.security.auth.Subject.doAs(Subject.java:422) [?:1.8.0_362]
	at org.apache.hadoop.security.UserGroupInformation.doAs(UserGroupInformation.java:1899) [hadoop-common-3.3.5.jar:?]
	at org.apache.hadoop.ipc.Server$Handler.run(Server.java:3026) [hadoop-common-3.3.5.jar:?]
11:24:44.525 [IPC Server handler 18 on default port 36969] ERROR OMAudit - user=runner | ip=127.0.0.1 | op=GET_FILE_STATUS {volume=volume23474, bucket=bucket17726, key=testBatchDelete/parent/childFolder/child4, dataSize=0, replicationConfig=null} | ret=FAILURE
org.apache.hadoop.ozone.om.exceptions.OMException: Unable to get file status: volume: volume23474 bucket: bucket17726 key: testBatchDelete/parent/childFolder/child4
	at org.apache.hadoop.ozone.om.KeyManagerImpl.getOzoneFileStatus(KeyManagerImpl.java:1200) ~[ozone-manager-1.4.0-SNAPSHOT.jar:?]
	at org.apache.hadoop.ozone.om.KeyManagerImpl.getFileStatus(KeyManagerImpl.java:1118) ~[ozone-manager-1.4.0-SNAPSHOT.jar:?]
	at org.apache.hadoop.ozone.om.OmMetadataReader.getFileStatus(OmMetadataReader.java:288) ~[ozone-manager-1.4.0-SNAPSHOT.jar:?]
	at org.apache.hadoop.ozone.om.OzoneManager.getFileStatus(OzoneManager.java:3491) ~[ozone-manager-1.4.0-SNAPSHOT.jar:?]
	at org.apache.hadoop.ozone.protocolPB.OzoneManagerRequestHandler.getOzoneFileStatus(OzoneManagerRequestHandler.java:934) ~[ozone-manager-1.4.0-SNAPSHOT.jar:?]
	at org.apache.hadoop.ozone.protocolPB.OzoneManagerRequestHandler.handleReadRequest(OzoneManagerRequestHandler.java:238) ~[ozone-manager-1.4.0-SNAPSHOT.jar:?]
	at org.apache.hadoop.ozone.protocolPB.OzoneManagerProtocolServerSideTranslatorPB.submitRequestDirectlyToOM(OzoneManagerProtocolServerSideTranslatorPB.java:272) ~[ozone-manager-1.4.0-SNAPSHOT.jar:?]
	at org.apache.hadoop.ozone.protocolPB.OzoneManagerProtocolServerSideTranslatorPB.processRequest(OzoneManagerProtocolServerSideTranslatorPB.java:173) ~[ozone-manager-1.4.0-SNAPSHOT.jar:?]
	at org.apache.hadoop.hdds.server.OzoneProtocolMessageDispatcher.processRequest(OzoneProtocolMessageDispatcher.java:87) [hdds-server-framework-1.4.0-SNAPSHOT.jar:?]
	at org.apache.hadoop.ozone.protocolPB.OzoneManagerProtocolServerSideTranslatorPB.submitRequest(OzoneManagerProtocolServerSideTranslatorPB.java:147) [ozone-manager-1.4.0-SNAPSHOT.jar:?]
	at org.apache.hadoop.ozone.protocol.proto.OzoneManagerProtocolProtos$OzoneManagerService$2.callBlockingMethod(OzoneManagerProtocolProtos.java) [ozone-interface-client-1.4.0-SNAPSHOT.jar:?]
	at org.apache.hadoop.ipc.ProtobufRpcEngine$Server.processCall(ProtobufRpcEngine.java:484) [hadoop-common-3.3.5.jar:?]
	at org.apache.hadoop.ipc.ProtobufRpcEngine2$Server$ProtoBufRpcInvoker.call(ProtobufRpcEngine2.java:595) [hadoop-common-3.3.5.jar:?]
	at org.apache.hadoop.ipc.ProtobufRpcEngine2$Server$ProtoBufRpcInvoker.call(ProtobufRpcEngine2.java:573) [hadoop-common-3.3.5.jar:?]
	at org.apache.hadoop.ipc.RPC$Server.call(RPC.java:1213) [hadoop-common-3.3.5.jar:?]
	at org.apache.hadoop.ipc.Server$RpcCall.run(Server.java:1089) [hadoop-common-3.3.5.jar:?]
	at org.apache.hadoop.ipc.Server$RpcCall.run(Server.java:1012) [hadoop-common-3.3.5.jar:?]
	at java.security.AccessController.doPrivileged(Native Method) ~[?:1.8.0_362]
	at javax.security.auth.Subject.doAs(Subject.java:422) [?:1.8.0_362]
	at org.apache.hadoop.security.UserGroupInformation.doAs(UserGroupInformation.java:1899) [hadoop-common-3.3.5.jar:?]
	at org.apache.hadoop.ipc.Server$Handler.run(Server.java:3026) [hadoop-common-3.3.5.jar:?]
11:24:44.526 [IPC Server handler 16 on default port 36969] ERROR OMAudit - user=runner | ip=127.0.0.1 | op=GET_FILE_STATUS {volume=volume23474, bucket=bucket17726, key=testBatchDelete/parent/child5, dataSize=0, replicationConfig=null} | ret=FAILURE
org.apache.hadoop.ozone.om.exceptions.OMException: Unable to get file status: volume: volume23474 bucket: bucket17726 key: testBatchDelete/parent/child5
	at org.apache.hadoop.ozone.om.KeyManagerImpl.getOzoneFileStatus(KeyManagerImpl.java:1200) ~[ozone-manager-1.4.0-SNAPSHOT.jar:?]
	at org.apache.hadoop.ozone.om.KeyManagerImpl.getFileStatus(KeyManagerImpl.java:1118) ~[ozone-manager-1.4.0-SNAPSHOT.jar:?]
	at org.apache.hadoop.ozone.om.OmMetadataReader.getFileStatus(OmMetadataReader.java:288) ~[ozone-manager-1.4.0-SNAPSHOT.jar:?]
	at org.apache.hadoop.ozone.om.OzoneManager.getFileStatus(OzoneManager.java:3491) ~[ozone-manager-1.4.0-SNAPSHOT.jar:?]
	at org.apache.hadoop.ozone.protocolPB.OzoneManagerRequestHandler.getOzoneFileStatus(OzoneManagerRequestHandler.java:934) ~[ozone-manager-1.4.0-SNAPSHOT.jar:?]
	at org.apache.hadoop.ozone.protocolPB.OzoneManagerRequestHandler.handleReadRequest(OzoneManagerRequestHandler.java:238) ~[ozone-manager-1.4.0-SNAPSHOT.jar:?]
	at org.apache.hadoop.ozone.protocolPB.OzoneManagerProtocolServerSideTranslatorPB.submitRequestDirectlyToOM(OzoneManagerProtocolServerSideTranslatorPB.java:272) ~[ozone-manager-1.4.0-SNAPSHOT.jar:?]
	at org.apache.hadoop.ozone.protocolPB.OzoneManagerProtocolServerSideTranslatorPB.processRequest(OzoneManagerProtocolServerSideTranslatorPB.java:173) ~[ozone-manager-1.4.0-SNAPSHOT.jar:?]
	at org.apache.hadoop.hdds.server.OzoneProtocolMessageDispatcher.processRequest(OzoneProtocolMessageDispatcher.java:87) [hdds-server-framework-1.4.0-SNAPSHOT.jar:?]
	at org.apache.hadoop.ozone.protocolPB.OzoneManagerProtocolServerSideTranslatorPB.submitRequest(OzoneManagerProtocolServerSideTranslatorPB.java:147) [ozone-manager-1.4.0-SNAPSHOT.jar:?]
	at org.apache.hadoop.ozone.protocol.proto.OzoneManagerProtocolProtos$OzoneManagerService$2.callBlockingMethod(OzoneManagerProtocolProtos.java) [ozone-interface-client-1.4.0-SNAPSHOT.jar:?]
	at org.apache.hadoop.ipc.ProtobufRpcEngine$Server.processCall(ProtobufRpcEngine.java:484) [hadoop-common-3.3.5.jar:?]
	at org.apache.hadoop.ipc.ProtobufRpcEngine2$Server$ProtoBufRpcInvoker.call(ProtobufRpcEngine2.java:595) [hadoop-common-3.3.5.jar:?]
	at org.apache.hadoop.ipc.ProtobufRpcEngine2$Server$ProtoBufRpcInvoker.call(ProtobufRpcEngine2.java:573) [hadoop-common-3.3.5.jar:?]
	at org.apache.hadoop.ipc.RPC$Server.call(RPC.java:1213) [hadoop-common-3.3.5.jar:?]
	at org.apache.hadoop.ipc.Server$RpcCall.run(Server.java:1089) [hadoop-common-3.3.5.jar:?]
	at org.apache.hadoop.ipc.Server$RpcCall.run(Server.java:1012) [hadoop-common-3.3.5.jar:?]
	at java.security.AccessController.doPrivileged(Native Method) ~[?:1.8.0_362]
	at javax.security.auth.Subject.doAs(Subject.java:422) [?:1.8.0_362]
	at org.apache.hadoop.security.UserGroupInformation.doAs(UserGroupInformation.java:1899) [hadoop-common-3.3.5.jar:?]
	at org.apache.hadoop.ipc.Server$Handler.run(Server.java:3026) [hadoop-common-3.3.5.jar:?]
11:24:44.527 [IPC Server handler 12 on default port 36969] ERROR OMAudit - user=runner | ip=127.0.0.1 | op=GET_FILE_STATUS {volume=volume23474, bucket=bucket17726, key=testBatchDelete/parent/childFolder/child5, dataSize=0, replicationConfig=null} | ret=FAILURE
org.apache.hadoop.ozone.om.exceptions.OMException: Unable to get file status: volume: volume23474 bucket: bucket17726 key: testBatchDelete/parent/childFolder/child5
	at org.apache.hadoop.ozone.om.KeyManagerImpl.getOzoneFileStatus(KeyManagerImpl.java:1200) ~[ozone-manager-1.4.0-SNAPSHOT.jar:?]
	at org.apache.hadoop.ozone.om.KeyManagerImpl.getFileStatus(KeyManagerImpl.java:1118) ~[ozone-manager-1.4.0-SNAPSHOT.jar:?]
	at org.apache.hadoop.ozone.om.OmMetadataReader.getFileStatus(OmMetadataReader.java:288) ~[ozone-manager-1.4.0-SNAPSHOT.jar:?]
	at org.apache.hadoop.ozone.om.OzoneManager.getFileStatus(OzoneManager.java:3491) ~[ozone-manager-1.4.0-SNAPSHOT.jar:?]
	at org.apache.hadoop.ozone.protocolPB.OzoneManagerRequestHandler.getOzoneFileStatus(OzoneManagerRequestHandler.java:934) ~[ozone-manager-1.4.0-SNAPSHOT.jar:?]
	at org.apache.hadoop.ozone.protocolPB.OzoneManagerRequestHandler.handleReadRequest(OzoneManagerRequestHandler.java:238) ~[ozone-manager-1.4.0-SNAPSHOT.jar:?]
	at org.apache.hadoop.ozone.protocolPB.OzoneManagerProtocolServerSideTranslatorPB.submitRequestDirectlyToOM(OzoneManagerProtocolServerSideTranslatorPB.java:272) ~[ozone-manager-1.4.0-SNAPSHOT.jar:?]
	at org.apache.hadoop.ozone.protocolPB.OzoneManagerProtocolServerSideTranslatorPB.processRequest(OzoneManagerProtocolServerSideTranslatorPB.java:173) ~[ozone-manager-1.4.0-SNAPSHOT.jar:?]
	at org.apache.hadoop.hdds.server.OzoneProtocolMessageDispatcher.processRequest(OzoneProtocolMessageDispatcher.java:87) [hdds-server-framework-1.4.0-SNAPSHOT.jar:?]
	at org.apache.hadoop.ozone.protocolPB.OzoneManagerProtocolServerSideTranslatorPB.submitRequest(OzoneManagerProtocolServerSideTranslatorPB.java:147) [ozone-manager-1.4.0-SNAPSHOT.jar:?]
	at org.apache.hadoop.ozone.protocol.proto.OzoneManagerProtocolProtos$OzoneManagerService$2.callBlockingMethod(OzoneManagerProtocolProtos.java) [ozone-interface-client-1.4.0-SNAPSHOT.jar:?]
	at org.apache.hadoop.ipc.ProtobufRpcEngine$Server.processCall(ProtobufRpcEngine.java:484) [hadoop-common-3.3.5.jar:?]
	at org.apache.hadoop.ipc.ProtobufRpcEngine2$Server$ProtoBufRpcInvoker.call(ProtobufRpcEngine2.java:595) [hadoop-common-3.3.5.jar:?]
	at org.apache.hadoop.ipc.ProtobufRpcEngine2$Server$ProtoBufRpcInvoker.call(ProtobufRpcEngine2.java:573) [hadoop-common-3.3.5.jar:?]
	at org.apache.hadoop.ipc.RPC$Server.call(RPC.java:1213) [hadoop-common-3.3.5.jar:?]
	at org.apache.hadoop.ipc.Server$RpcCall.run(Server.java:1089) [hadoop-common-3.3.5.jar:?]
	at org.apache.hadoop.ipc.Server$RpcCall.run(Server.java:1012) [hadoop-common-3.3.5.jar:?]
	at java.security.AccessController.doPrivileged(Native Method) ~[?:1.8.0_362]
	at javax.security.auth.Subject.doAs(Subject.java:422) [?:1.8.0_362]
	at org.apache.hadoop.security.UserGroupInformation.doAs(UserGroupInformation.java:1899) [hadoop-common-3.3.5.jar:?]
	at org.apache.hadoop.ipc.Server$Handler.run(Server.java:3026) [hadoop-common-3.3.5.jar:?]
11:24:44.528 [IPC Server handler 19 on default port 36969] ERROR OMAudit - user=runner | ip=127.0.0.1 | op=GET_FILE_STATUS {volume=volume23474, bucket=bucket17726, key=testBatchDelete/parent/child6, dataSize=0, replicationConfig=null} | ret=FAILURE
org.apache.hadoop.ozone.om.exceptions.OMException: Unable to get file status: volume: volume23474 bucket: bucket17726 key: testBatchDelete/parent/child6
	at org.apache.hadoop.ozone.om.KeyManagerImpl.getOzoneFileStatus(KeyManagerImpl.java:1200) ~[ozone-manager-1.4.0-SNAPSHOT.jar:?]
	at org.apache.hadoop.ozone.om.KeyManagerImpl.getFileStatus(KeyManagerImpl.java:1118) ~[ozone-manager-1.4.0-SNAPSHOT.jar:?]
	at org.apache.hadoop.ozone.om.OmMetadataReader.getFileStatus(OmMetadataReader.java:288) ~[ozone-manager-1.4.0-SNAPSHOT.jar:?]
	at org.apache.hadoop.ozone.om.OzoneManager.getFileStatus(OzoneManager.java:3491) ~[ozone-manager-1.4.0-SNAPSHOT.jar:?]
	at org.apache.hadoop.ozone.protocolPB.OzoneManagerRequestHandler.getOzoneFileStatus(OzoneManagerRequestHandler.java:934) ~[ozone-manager-1.4.0-SNAPSHOT.jar:?]
	at org.apache.hadoop.ozone.protocolPB.OzoneManagerRequestHandler.handleReadRequest(OzoneManagerRequestHandler.java:238) ~[ozone-manager-1.4.0-SNAPSHOT.jar:?]
	at org.apache.hadoop.ozone.protocolPB.OzoneManagerProtocolServerSideTranslatorPB.submitRequestDirectlyToOM(OzoneManagerProtocolServerSideTranslatorPB.java:272) ~[ozone-manager-1.4.0-SNAPSHOT.jar:?]
	at org.apache.hadoop.ozone.protocolPB.OzoneManagerProtocolServerSideTranslatorPB.processRequest(OzoneManagerProtocolServerSideTranslatorPB.java:173) ~[ozone-manager-1.4.0-SNAPSHOT.jar:?]
	at org.apache.hadoop.hdds.server.OzoneProtocolMessageDispatcher.processRequest(OzoneProtocolMessageDispatcher.java:87) [hdds-server-framework-1.4.0-SNAPSHOT.jar:?]
	at org.apache.hadoop.ozone.protocolPB.OzoneManagerProtocolServerSideTranslatorPB.submitRequest(OzoneManagerProtocolServerSideTranslatorPB.java:147) [ozone-manager-1.4.0-SNAPSHOT.jar:?]
	at org.apache.hadoop.ozone.protocol.proto.OzoneManagerProtocolProtos$OzoneManagerService$2.callBlockingMethod(OzoneManagerProtocolProtos.java) [ozone-interface-client-1.4.0-SNAPSHOT.jar:?]
	at org.apache.hadoop.ipc.ProtobufRpcEngine$Server.processCall(ProtobufRpcEngine.java:484) [hadoop-common-3.3.5.jar:?]
	at org.apache.hadoop.ipc.ProtobufRpcEngine2$Server$ProtoBufRpcInvoker.call(ProtobufRpcEngine2.java:595) [hadoop-common-3.3.5.jar:?]
	at org.apache.hadoop.ipc.ProtobufRpcEngine2$Server$ProtoBufRpcInvoker.call(ProtobufRpcEngine2.java:573) [hadoop-common-3.3.5.jar:?]
	at org.apache.hadoop.ipc.RPC$Server.call(RPC.java:1213) [hadoop-common-3.3.5.jar:?]
	at org.apache.hadoop.ipc.Server$RpcCall.run(Server.java:1089) [hadoop-common-3.3.5.jar:?]
	at org.apache.hadoop.ipc.Server$RpcCall.run(Server.java:1012) [hadoop-common-3.3.5.jar:?]
	at java.security.AccessController.doPrivileged(Native Method) ~[?:1.8.0_362]
	at javax.security.auth.Subject.doAs(Subject.java:422) [?:1.8.0_362]
	at org.apache.hadoop.security.UserGroupInformation.doAs(UserGroupInformation.java:1899) [hadoop-common-3.3.5.jar:?]
	at org.apache.hadoop.ipc.Server$Handler.run(Server.java:3026) [hadoop-common-3.3.5.jar:?]
11:24:44.530 [IPC Server handler 14 on default port 36969] ERROR OMAudit - user=runner | ip=127.0.0.1 | op=GET_FILE_STATUS {volume=volume23474, bucket=bucket17726, key=testBatchDelete/parent/childFolder/child6, dataSize=0, replicationConfig=null} | ret=FAILURE
org.apache.hadoop.ozone.om.exceptions.OMException: Unable to get file status: volume: volume23474 bucket: bucket17726 key: testBatchDelete/parent/childFolder/child6
	at org.apache.hadoop.ozone.om.KeyManagerImpl.getOzoneFileStatus(KeyManagerImpl.java:1200) ~[ozone-manager-1.4.0-SNAPSHOT.jar:?]
	at org.apache.hadoop.ozone.om.KeyManagerImpl.getFileStatus(KeyManagerImpl.java:1118) ~[ozone-manager-1.4.0-SNAPSHOT.jar:?]
	at org.apache.hadoop.ozone.om.OmMetadataReader.getFileStatus(OmMetadataReader.java:288) ~[ozone-manager-1.4.0-SNAPSHOT.jar:?]
	at org.apache.hadoop.ozone.om.OzoneManager.getFileStatus(OzoneManager.java:3491) ~[ozone-manager-1.4.0-SNAPSHOT.jar:?]
	at org.apache.hadoop.ozone.protocolPB.OzoneManagerRequestHandler.getOzoneFileStatus(OzoneManagerRequestHandler.java:934) ~[ozone-manager-1.4.0-SNAPSHOT.jar:?]
	at org.apache.hadoop.ozone.protocolPB.OzoneManagerRequestHandler.handleReadRequest(OzoneManagerRequestHandler.java:238) ~[ozone-manager-1.4.0-SNAPSHOT.jar:?]
	at org.apache.hadoop.ozone.protocolPB.OzoneManagerProtocolServerSideTranslatorPB.submitRequestDirectlyToOM(OzoneManagerProtocolServerSideTranslatorPB.java:272) ~[ozone-manager-1.4.0-SNAPSHOT.jar:?]
	at org.apache.hadoop.ozone.protocolPB.OzoneManagerProtocolServerSideTranslatorPB.processRequest(OzoneManagerProtocolServerSideTranslatorPB.java:173) ~[ozone-manager-1.4.0-SNAPSHOT.jar:?]
	at org.apache.hadoop.hdds.server.OzoneProtocolMessageDispatcher.processRequest(OzoneProtocolMessageDispatcher.java:87) [hdds-server-framework-1.4.0-SNAPSHOT.jar:?]
	at org.apache.hadoop.ozone.protocolPB.OzoneManagerProtocolServerSideTranslatorPB.submitRequest(OzoneManagerProtocolServerSideTranslatorPB.java:147) [ozone-manager-1.4.0-SNAPSHOT.jar:?]
	at org.apache.hadoop.ozone.protocol.proto.OzoneManagerProtocolProtos$OzoneManagerService$2.callBlockingMethod(OzoneManagerProtocolProtos.java) [ozone-interface-client-1.4.0-SNAPSHOT.jar:?]
	at org.apache.hadoop.ipc.ProtobufRpcEngine$Server.processCall(ProtobufRpcEngine.java:484) [hadoop-common-3.3.5.jar:?]
	at org.apache.hadoop.ipc.ProtobufRpcEngine2$Server$ProtoBufRpcInvoker.call(ProtobufRpcEngine2.java:595) [hadoop-common-3.3.5.jar:?]
	at org.apache.hadoop.ipc.ProtobufRpcEngine2$Server$ProtoBufRpcInvoker.call(ProtobufRpcEngine2.java:573) [hadoop-common-3.3.5.jar:?]
	at org.apache.hadoop.ipc.RPC$Server.call(RPC.java:1213) [hadoop-common-3.3.5.jar:?]
	at org.apache.hadoop.ipc.Server$RpcCall.run(Server.java:1089) [hadoop-common-3.3.5.jar:?]
	at org.apache.hadoop.ipc.Server$RpcCall.run(Server.java:1012) [hadoop-common-3.3.5.jar:?]
	at java.security.AccessController.doPrivileged(Native Method) ~[?:1.8.0_362]
	at javax.security.auth.Subject.doAs(Subject.java:422) [?:1.8.0_362]
	at org.apache.hadoop.security.UserGroupInformation.doAs(UserGroupInformation.java:1899) [hadoop-common-3.3.5.jar:?]
	at org.apache.hadoop.ipc.Server$Handler.run(Server.java:3026) [hadoop-common-3.3.5.jar:?]
11:24:44.531 [IPC Server handler 13 on default port 36969] ERROR OMAudit - user=runner | ip=127.0.0.1 | op=GET_FILE_STATUS {volume=volume23474, bucket=bucket17726, key=testBatchDelete/parent/child7, dataSize=0, replicationConfig=null} | ret=FAILURE
org.apache.hadoop.ozone.om.exceptions.OMException: Unable to get file status: volume: volume23474 bucket: bucket17726 key: testBatchDelete/parent/child7
	at org.apache.hadoop.ozone.om.KeyManagerImpl.getOzoneFileStatus(KeyManagerImpl.java:1200) ~[ozone-manager-1.4.0-SNAPSHOT.jar:?]
	at org.apache.hadoop.ozone.om.KeyManagerImpl.getFileStatus(KeyManagerImpl.java:1118) ~[ozone-manager-1.4.0-SNAPSHOT.jar:?]
	at org.apache.hadoop.ozone.om.OmMetadataReader.getFileStatus(OmMetadataReader.java:288) ~[ozone-manager-1.4.0-SNAPSHOT.jar:?]
	at org.apache.hadoop.ozone.om.OzoneManager.getFileStatus(OzoneManager.java:3491) ~[ozone-manager-1.4.0-SNAPSHOT.jar:?]
	at org.apache.hadoop.ozone.protocolPB.OzoneManagerRequestHandler.getOzoneFileStatus(OzoneManagerRequestHandler.java:934) ~[ozone-manager-1.4.0-SNAPSHOT.jar:?]
	at org.apache.hadoop.ozone.protocolPB.OzoneManagerRequestHandler.handleReadRequest(OzoneManagerRequestHandler.java:238) ~[ozone-manager-1.4.0-SNAPSHOT.jar:?]
	at org.apache.hadoop.ozone.protocolPB.OzoneManagerProtocolServerSideTranslatorPB.submitRequestDirectlyToOM(OzoneManagerProtocolServerSideTranslatorPB.java:272) ~[ozone-manager-1.4.0-SNAPSHOT.jar:?]
	at org.apache.hadoop.ozone.protocolPB.OzoneManagerProtocolServerSideTranslatorPB.processRequest(OzoneManagerProtocolServerSideTranslatorPB.java:173) ~[ozone-manager-1.4.0-SNAPSHOT.jar:?]
	at org.apache.hadoop.hdds.server.OzoneProtocolMessageDispatcher.processRequest(OzoneProtocolMessageDispatcher.java:87) [hdds-server-framework-1.4.0-SNAPSHOT.jar:?]
	at org.apache.hadoop.ozone.protocolPB.OzoneManagerProtocolServerSideTranslatorPB.submitRequest(OzoneManagerProtocolServerSideTranslatorPB.java:147) [ozone-manager-1.4.0-SNAPSHOT.jar:?]
	at org.apache.hadoop.ozone.protocol.proto.OzoneManagerProtocolProtos$OzoneManagerService$2.callBlockingMethod(OzoneManagerProtocolProtos.java) [ozone-interface-client-1.4.0-SNAPSHOT.jar:?]
	at org.apache.hadoop.ipc.ProtobufRpcEngine$Server.processCall(ProtobufRpcEngine.java:484) [hadoop-common-3.3.5.jar:?]
	at org.apache.hadoop.ipc.ProtobufRpcEngine2$Server$ProtoBufRpcInvoker.call(ProtobufRpcEngine2.java:595) [hadoop-common-3.3.5.jar:?]
	at org.apache.hadoop.ipc.ProtobufRpcEngine2$Server$ProtoBufRpcInvoker.call(ProtobufRpcEngine2.java:573) [hadoop-common-3.3.5.jar:?]
	at org.apache.hadoop.ipc.RPC$Server.call(RPC.java:1213) [hadoop-common-3.3.5.jar:?]
	at org.apache.hadoop.ipc.Server$RpcCall.run(Server.java:1089) [hadoop-common-3.3.5.jar:?]
	at org.apache.hadoop.ipc.Server$RpcCall.run(Server.java:1012) [hadoop-common-3.3.5.jar:?]
	at java.security.AccessController.doPrivileged(Native Method) ~[?:1.8.0_362]
	at javax.security.auth.Subject.doAs(Subject.java:422) [?:1.8.0_362]
	at org.apache.hadoop.security.UserGroupInformation.doAs(UserGroupInformation.java:1899) [hadoop-common-3.3.5.jar:?]
	at org.apache.hadoop.ipc.Server$Handler.run(Server.java:3026) [hadoop-common-3.3.5.jar:?]
11:24:44.531 [IPC Server handler 11 on default port 36969] ERROR OMAudit - user=runner | ip=127.0.0.1 | op=GET_FILE_STATUS {volume=volume23474, bucket=bucket17726, key=testBatchDelete/parent/childFolder/child7, dataSize=0, replicationConfig=null} | ret=FAILURE
org.apache.hadoop.ozone.om.exceptions.OMException: Unable to get file status: volume: volume23474 bucket: bucket17726 key: testBatchDelete/parent/childFolder/child7
	at org.apache.hadoop.ozone.om.KeyManagerImpl.getOzoneFileStatus(KeyManagerImpl.java:1200) ~[ozone-manager-1.4.0-SNAPSHOT.jar:?]
	at org.apache.hadoop.ozone.om.KeyManagerImpl.getFileStatus(KeyManagerImpl.java:1118) ~[ozone-manager-1.4.0-SNAPSHOT.jar:?]
	at org.apache.hadoop.ozone.om.OmMetadataReader.getFileStatus(OmMetadataReader.java:288) ~[ozone-manager-1.4.0-SNAPSHOT.jar:?]
	at org.apache.hadoop.ozone.om.OzoneManager.getFileStatus(OzoneManager.java:3491) ~[ozone-manager-1.4.0-SNAPSHOT.jar:?]
	at org.apache.hadoop.ozone.protocolPB.OzoneManagerRequestHandler.getOzoneFileStatus(OzoneManagerRequestHandler.java:934) ~[ozone-manager-1.4.0-SNAPSHOT.jar:?]
	at org.apache.hadoop.ozone.protocolPB.OzoneManagerRequestHandler.handleReadRequest(OzoneManagerRequestHandler.java:238) ~[ozone-manager-1.4.0-SNAPSHOT.jar:?]
	at org.apache.hadoop.ozone.protocolPB.OzoneManagerProtocolServerSideTranslatorPB.submitRequestDirectlyToOM(OzoneManagerProtocolServerSideTranslatorPB.java:272) ~[ozone-manager-1.4.0-SNAPSHOT.jar:?]
	at org.apache.hadoop.ozone.protocolPB.OzoneManagerProtocolServerSideTranslatorPB.processRequest(OzoneManagerProtocolServerSideTranslatorPB.java:173) ~[ozone-manager-1.4.0-SNAPSHOT.jar:?]
	at org.apache.hadoop.hdds.server.OzoneProtocolMessageDispatcher.processRequest(OzoneProtocolMessageDispatcher.java:87) [hdds-server-framework-1.4.0-SNAPSHOT.jar:?]
	at org.apache.hadoop.ozone.protocolPB.OzoneManagerProtocolServerSideTranslatorPB.submitRequest(OzoneManagerProtocolServerSideTranslatorPB.java:147) [ozone-manager-1.4.0-SNAPSHOT.jar:?]
	at org.apache.hadoop.ozone.protocol.proto.OzoneManagerProtocolProtos$OzoneManagerService$2.callBlockingMethod(OzoneManagerProtocolProtos.java) [ozone-interface-client-1.4.0-SNAPSHOT.jar:?]
	at org.apache.hadoop.ipc.ProtobufRpcEngine$Server.processCall(ProtobufRpcEngine.java:484) [hadoop-common-3.3.5.jar:?]
	at org.apache.hadoop.ipc.ProtobufRpcEngine2$Server$ProtoBufRpcInvoker.call(ProtobufRpcEngine2.java:595) [hadoop-common-3.3.5.jar:?]
	at org.apache.hadoop.ipc.ProtobufRpcEngine2$Server$ProtoBufRpcInvoker.call(ProtobufRpcEngine2.java:573) [hadoop-common-3.3.5.jar:?]
	at org.apache.hadoop.ipc.RPC$Server.call(RPC.java:1213) [hadoop-common-3.3.5.jar:?]
	at org.apache.hadoop.ipc.Server$RpcCall.run(Server.java:1089) [hadoop-common-3.3.5.jar:?]
	at org.apache.hadoop.ipc.Server$RpcCall.run(Server.java:1012) [hadoop-common-3.3.5.jar:?]
	at java.security.AccessController.doPrivileged(Native Method) ~[?:1.8.0_362]
	at javax.security.auth.Subject.doAs(Subject.java:422) [?:1.8.0_362]
	at org.apache.hadoop.security.UserGroupInformation.doAs(UserGroupInformation.java:1899) [hadoop-common-3.3.5.jar:?]
	at org.apache.hadoop.ipc.Server$Handler.run(Server.java:3026) [hadoop-common-3.3.5.jar:?]
11:24:44.532 [IPC Server handler 17 on default port 36969] ERROR OMAudit - user=runner | ip=127.0.0.1 | op=GET_FILE_STATUS {volume=volume23474, bucket=bucket17726, key=testBatchDelete/parent, dataSize=0, replicationConfig=null} | ret=FAILURE
org.apache.hadoop.ozone.om.exceptions.OMException: Unable to get file status: volume: volume23474 bucket: bucket17726 key: testBatchDelete/parent
	at org.apache.hadoop.ozone.om.KeyManagerImpl.getOzoneFileStatus(KeyManagerImpl.java:1200) ~[ozone-manager-1.4.0-SNAPSHOT.jar:?]
	at org.apache.hadoop.ozone.om.KeyManagerImpl.getFileStatus(KeyManagerImpl.java:1118) ~[ozone-manager-1.4.0-SNAPSHOT.jar:?]
	at org.apache.hadoop.ozone.om.OmMetadataReader.getFileStatus(OmMetadataReader.java:288) ~[ozone-manager-1.4.0-SNAPSHOT.jar:?]
	at org.apache.hadoop.ozone.om.OzoneManager.getFileStatus(OzoneManager.java:3491) ~[ozone-manager-1.4.0-SNAPSHOT.jar:?]
	at org.apache.hadoop.ozone.protocolPB.OzoneManagerRequestHandler.getOzoneFileStatus(OzoneManagerRequestHandler.java:934) ~[ozone-manager-1.4.0-SNAPSHOT.jar:?]
	at org.apache.hadoop.ozone.protocolPB.OzoneManagerRequestHandler.handleReadRequest(OzoneManagerRequestHandler.java:238) ~[ozone-manager-1.4.0-SNAPSHOT.jar:?]
	at org.apache.hadoop.ozone.protocolPB.OzoneManagerProtocolServerSideTranslatorPB.submitRequestDirectlyToOM(OzoneManagerProtocolServerSideTranslatorPB.java:272) ~[ozone-manager-1.4.0-SNAPSHOT.jar:?]
	at org.apache.hadoop.ozone.protocolPB.OzoneManagerProtocolServerSideTranslatorPB.processRequest(OzoneManagerProtocolServerSideTranslatorPB.java:173) ~[ozone-manager-1.4.0-SNAPSHOT.jar:?]
	at org.apache.hadoop.hdds.server.OzoneProtocolMessageDispatcher.processRequest(OzoneProtocolMessageDispatcher.java:87) [hdds-server-framework-1.4.0-SNAPSHOT.jar:?]
	at org.apache.hadoop.ozone.protocolPB.OzoneManagerProtocolServerSideTranslatorPB.submitRequest(OzoneManagerProtocolServerSideTranslatorPB.java:147) [ozone-manager-1.4.0-SNAPSHOT.jar:?]
	at org.apache.hadoop.ozone.protocol.proto.OzoneManagerProtocolProtos$OzoneManagerService$2.callBlockingMethod(OzoneManagerProtocolProtos.java) [ozone-interface-client-1.4.0-SNAPSHOT.jar:?]
	at org.apache.hadoop.ipc.ProtobufRpcEngine$Server.processCall(ProtobufRpcEngine.java:484) [hadoop-common-3.3.5.jar:?]
	at org.apache.hadoop.ipc.ProtobufRpcEngine2$Server$ProtoBufRpcInvoker.call(ProtobufRpcEngine2.java:595) [hadoop-common-3.3.5.jar:?]
	at org.apache.hadoop.ipc.ProtobufRpcEngine2$Server$ProtoBufRpcInvoker.call(ProtobufRpcEngine2.java:573) [hadoop-common-3.3.5.jar:?]
	at org.apache.hadoop.ipc.RPC$Server.call(RPC.java:1213) [hadoop-common-3.3.5.jar:?]
	at org.apache.hadoop.ipc.Server$RpcCall.run(Server.java:1089) [hadoop-common-3.3.5.jar:?]
	at org.apache.hadoop.ipc.Server$RpcCall.run(Server.java:1012) [hadoop-common-3.3.5.jar:?]
	at java.security.AccessController.doPrivileged(Native Method) ~[?:1.8.0_362]
	at javax.security.auth.Subject.doAs(Subject.java:422) [?:1.8.0_362]
	at org.apache.hadoop.security.UserGroupInformation.doAs(UserGroupInformation.java:1899) [hadoop-common-3.3.5.jar:?]
	at org.apache.hadoop.ipc.Server$Handler.run(Server.java:3026) [hadoop-common-3.3.5.jar:?]
2023-04-11 11:24:44,532 [Time-limited test] WARN  ozone.BasicOzoneFileSystem (BasicOzoneFileSystem.java:delete(559)) - delete: Path does not exist: /testBatchDelete/parent
]]></system-out>
  </testcase>
  <testcase name="testFileDelete" classname="TestOzoneFileSystem" time="0.102">
    <system-out><![CDATA[2023-04-11 11:25:35,785 [OM StateMachine ApplyTransaction Thread - 0] INFO  key.OMKeyRequest (OMKeyRequest.java:wrapUncommittedBlocksAsPseudoKey(838)) - Detect allocated but uncommitted blocks [{blockID={containerID=1, localID=111677748019200040}, length=4194304, offset=0, token=null, pipeline=null, createVersion=0, partNumber=0}] in key testBatchDelete/parent/child0.
2023-04-11 11:25:35,790 [OM StateMachine ApplyTransaction Thread - 0] INFO  key.OMKeyRequest (OMKeyRequest.java:wrapUncommittedBlocksAsPseudoKey(838)) - Detect allocated but uncommitted blocks [{blockID={containerID=3, localID=111677748019200041}, length=4194304, offset=0, token=null, pipeline=null, createVersion=0, partNumber=0}] in key testBatchDelete/parent/childFolder/child0.
2023-04-11 11:25:35,794 [OM StateMachine ApplyTransaction Thread - 0] INFO  key.OMKeyRequest (OMKeyRequest.java:wrapUncommittedBlocksAsPseudoKey(838)) - Detect allocated but uncommitted blocks [{blockID={containerID=4, localID=111677748019200042}, length=4194304, offset=0, token=null, pipeline=null, createVersion=0, partNumber=0}] in key testBatchDelete/parent/child1.
2023-04-11 11:25:35,798 [OM StateMachine ApplyTransaction Thread - 0] INFO  key.OMKeyRequest (OMKeyRequest.java:wrapUncommittedBlocksAsPseudoKey(838)) - Detect allocated but uncommitted blocks [{blockID={containerID=3, localID=111677748019200043}, length=4194304, offset=0, token=null, pipeline=null, createVersion=0, partNumber=0}] in key testBatchDelete/parent/childFolder/child1.
2023-04-11 11:25:35,803 [OM StateMachine ApplyTransaction Thread - 0] INFO  key.OMKeyRequest (OMKeyRequest.java:wrapUncommittedBlocksAsPseudoKey(838)) - Detect allocated but uncommitted blocks [{blockID={containerID=2, localID=111677748019200044}, length=4194304, offset=0, token=null, pipeline=null, createVersion=0, partNumber=0}] in key testBatchDelete/parent/child2.
2023-04-11 11:25:35,808 [OM StateMachine ApplyTransaction Thread - 0] INFO  key.OMKeyRequest (OMKeyRequest.java:wrapUncommittedBlocksAsPseudoKey(838)) - Detect allocated but uncommitted blocks [{blockID={containerID=1, localID=111677748019200045}, length=4194304, offset=0, token=null, pipeline=null, createVersion=0, partNumber=0}] in key testBatchDelete/parent/childFolder/child2.
2023-04-11 11:25:35,812 [OM StateMachine ApplyTransaction Thread - 0] INFO  key.OMKeyRequest (OMKeyRequest.java:wrapUncommittedBlocksAsPseudoKey(838)) - Detect allocated but uncommitted blocks [{blockID={containerID=4, localID=111677748019200046}, length=4194304, offset=0, token=null, pipeline=null, createVersion=0, partNumber=0}] in key testBatchDelete/parent/child3.
2023-04-11 11:25:35,815 [OM StateMachine ApplyTransaction Thread - 0] INFO  key.OMKeyRequest (OMKeyRequest.java:wrapUncommittedBlocksAsPseudoKey(838)) - Detect allocated but uncommitted blocks [{blockID={containerID=2, localID=111677748019200047}, length=4194304, offset=0, token=null, pipeline=null, createVersion=0, partNumber=0}] in key testBatchDelete/parent/childFolder/child3.
2023-04-11 11:25:35,819 [OM StateMachine ApplyTransaction Thread - 0] INFO  key.OMKeyRequest (OMKeyRequest.java:wrapUncommittedBlocksAsPseudoKey(838)) - Detect allocated but uncommitted blocks [{blockID={containerID=1, localID=111677748019200048}, length=4194304, offset=0, token=null, pipeline=null, createVersion=0, partNumber=0}] in key testBatchDelete/parent/child4.
2023-04-11 11:25:35,823 [OM StateMachine ApplyTransaction Thread - 0] INFO  key.OMKeyRequest (OMKeyRequest.java:wrapUncommittedBlocksAsPseudoKey(838)) - Detect allocated but uncommitted blocks [{blockID={containerID=2, localID=111677748019200049}, length=4194304, offset=0, token=null, pipeline=null, createVersion=0, partNumber=0}] in key testBatchDelete/parent/childFolder/child4.
2023-04-11 11:25:35,827 [OM StateMachine ApplyTransaction Thread - 0] INFO  key.OMKeyRequest (OMKeyRequest.java:wrapUncommittedBlocksAsPseudoKey(838)) - Detect allocated but uncommitted blocks [{blockID={containerID=3, localID=111677748019200050}, length=4194304, offset=0, token=null, pipeline=null, createVersion=0, partNumber=0}] in key testBatchDelete/parent/child5.
2023-04-11 11:25:35,830 [OM StateMachine ApplyTransaction Thread - 0] INFO  key.OMKeyRequest (OMKeyRequest.java:wrapUncommittedBlocksAsPseudoKey(838)) - Detect allocated but uncommitted blocks [{blockID={containerID=4, localID=111677748019200051}, length=4194304, offset=0, token=null, pipeline=null, createVersion=0, partNumber=0}] in key testBatchDelete/parent/childFolder/child5.
2023-04-11 11:25:35,834 [OM StateMachine ApplyTransaction Thread - 0] INFO  key.OMKeyRequest (OMKeyRequest.java:wrapUncommittedBlocksAsPseudoKey(838)) - Detect allocated but uncommitted blocks [{blockID={containerID=1, localID=111677748019200052}, length=4194304, offset=0, token=null, pipeline=null, createVersion=0, partNumber=0}] in key testBatchDelete/parent/child6.
2023-04-11 11:25:35,838 [OM StateMachine ApplyTransaction Thread - 0] INFO  key.OMKeyRequest (OMKeyRequest.java:wrapUncommittedBlocksAsPseudoKey(838)) - Detect allocated but uncommitted blocks [{blockID={containerID=3, localID=111677748019200053}, length=4194304, offset=0, token=null, pipeline=null, createVersion=0, partNumber=0}] in key testBatchDelete/parent/childFolder/child6.
2023-04-11 11:25:35,841 [OM StateMachine ApplyTransaction Thread - 0] INFO  key.OMKeyRequest (OMKeyRequest.java:wrapUncommittedBlocksAsPseudoKey(838)) - Detect allocated but uncommitted blocks [{blockID={containerID=4, localID=111677748019200054}, length=4194304, offset=0, token=null, pipeline=null, createVersion=0, partNumber=0}] in key testBatchDelete/parent/child7.
2023-04-11 11:25:35,845 [OM StateMachine ApplyTransaction Thread - 0] INFO  key.OMKeyRequest (OMKeyRequest.java:wrapUncommittedBlocksAsPseudoKey(838)) - Detect allocated but uncommitted blocks [{blockID={containerID=3, localID=111677748019200055}, length=4194304, offset=0, token=null, pipeline=null, createVersion=0, partNumber=0}] in key testBatchDelete/parent/childFolder/child7.
11:25:35.859 [IPC Server handler 3 on default port 39679] ERROR OMAudit - user=runner | ip=127.0.0.1 | op=GET_FILE_STATUS {volume=volume21709, bucket=bucket98076, key=testBatchDelete, dataSize=0, replicationConfig=null} | ret=FAILURE
org.apache.hadoop.ozone.om.exceptions.OMException: Unable to get file status: volume: volume21709 bucket: bucket98076 key: testBatchDelete
	at org.apache.hadoop.ozone.om.KeyManagerImpl.getOzoneFileStatus(KeyManagerImpl.java:1200) ~[ozone-manager-1.4.0-SNAPSHOT.jar:?]
	at org.apache.hadoop.ozone.om.KeyManagerImpl.getFileStatus(KeyManagerImpl.java:1118) ~[ozone-manager-1.4.0-SNAPSHOT.jar:?]
	at org.apache.hadoop.ozone.om.OmMetadataReader.getFileStatus(OmMetadataReader.java:288) ~[ozone-manager-1.4.0-SNAPSHOT.jar:?]
	at org.apache.hadoop.ozone.om.OzoneManager.getFileStatus(OzoneManager.java:3491) ~[ozone-manager-1.4.0-SNAPSHOT.jar:?]
	at org.apache.hadoop.ozone.protocolPB.OzoneManagerRequestHandler.getOzoneFileStatus(OzoneManagerRequestHandler.java:934) ~[ozone-manager-1.4.0-SNAPSHOT.jar:?]
	at org.apache.hadoop.ozone.protocolPB.OzoneManagerRequestHandler.handleReadRequest(OzoneManagerRequestHandler.java:238) ~[ozone-manager-1.4.0-SNAPSHOT.jar:?]
	at org.apache.hadoop.ozone.protocolPB.OzoneManagerProtocolServerSideTranslatorPB.submitReadRequestToOM(OzoneManagerProtocolServerSideTranslatorPB.java:223) ~[ozone-manager-1.4.0-SNAPSHOT.jar:?]
	at org.apache.hadoop.ozone.protocolPB.OzoneManagerProtocolServerSideTranslatorPB.processRequest(OzoneManagerProtocolServerSideTranslatorPB.java:177) ~[ozone-manager-1.4.0-SNAPSHOT.jar:?]
	at org.apache.hadoop.hdds.server.OzoneProtocolMessageDispatcher.processRequest(OzoneProtocolMessageDispatcher.java:87) [hdds-server-framework-1.4.0-SNAPSHOT.jar:?]
	at org.apache.hadoop.ozone.protocolPB.OzoneManagerProtocolServerSideTranslatorPB.submitRequest(OzoneManagerProtocolServerSideTranslatorPB.java:147) [ozone-manager-1.4.0-SNAPSHOT.jar:?]
	at org.apache.hadoop.ozone.protocol.proto.OzoneManagerProtocolProtos$OzoneManagerService$2.callBlockingMethod(OzoneManagerProtocolProtos.java) [ozone-interface-client-1.4.0-SNAPSHOT.jar:?]
	at org.apache.hadoop.ipc.ProtobufRpcEngine$Server.processCall(ProtobufRpcEngine.java:484) [hadoop-common-3.3.5.jar:?]
	at org.apache.hadoop.ipc.ProtobufRpcEngine2$Server$ProtoBufRpcInvoker.call(ProtobufRpcEngine2.java:595) [hadoop-common-3.3.5.jar:?]
	at org.apache.hadoop.ipc.ProtobufRpcEngine2$Server$ProtoBufRpcInvoker.call(ProtobufRpcEngine2.java:573) [hadoop-common-3.3.5.jar:?]
	at org.apache.hadoop.ipc.RPC$Server.call(RPC.java:1213) [hadoop-common-3.3.5.jar:?]
	at org.apache.hadoop.ipc.Server$RpcCall.run(Server.java:1089) [hadoop-common-3.3.5.jar:?]
	at org.apache.hadoop.ipc.Server$RpcCall.run(Server.java:1012) [hadoop-common-3.3.5.jar:?]
	at java.security.AccessController.doPrivileged(Native Method) ~[?:1.8.0_362]
	at javax.security.auth.Subject.doAs(Subject.java:422) [?:1.8.0_362]
	at org.apache.hadoop.security.UserGroupInformation.doAs(UserGroupInformation.java:1899) [hadoop-common-3.3.5.jar:?]
	at org.apache.hadoop.ipc.Server$Handler.run(Server.java:3026) [hadoop-common-3.3.5.jar:?]
11:25:35.859 [IPC Server handler 4 on default port 39679] ERROR OMAudit - user=runner | ip=127.0.0.1 | op=GET_FILE_STATUS {volume=volume21709, bucket=bucket98076, key=testBatchDelete/parent/child0, dataSize=0, replicationConfig=null} | ret=FAILURE
org.apache.hadoop.ozone.om.exceptions.OMException: Unable to get file status: volume: volume21709 bucket: bucket98076 key: testBatchDelete/parent/child0
	at org.apache.hadoop.ozone.om.KeyManagerImpl.getOzoneFileStatus(KeyManagerImpl.java:1200) ~[ozone-manager-1.4.0-SNAPSHOT.jar:?]
	at org.apache.hadoop.ozone.om.KeyManagerImpl.getFileStatus(KeyManagerImpl.java:1118) ~[ozone-manager-1.4.0-SNAPSHOT.jar:?]
	at org.apache.hadoop.ozone.om.OmMetadataReader.getFileStatus(OmMetadataReader.java:288) ~[ozone-manager-1.4.0-SNAPSHOT.jar:?]
	at org.apache.hadoop.ozone.om.OzoneManager.getFileStatus(OzoneManager.java:3491) ~[ozone-manager-1.4.0-SNAPSHOT.jar:?]
	at org.apache.hadoop.ozone.protocolPB.OzoneManagerRequestHandler.getOzoneFileStatus(OzoneManagerRequestHandler.java:934) ~[ozone-manager-1.4.0-SNAPSHOT.jar:?]
	at org.apache.hadoop.ozone.protocolPB.OzoneManagerRequestHandler.handleReadRequest(OzoneManagerRequestHandler.java:238) ~[ozone-manager-1.4.0-SNAPSHOT.jar:?]
	at org.apache.hadoop.ozone.protocolPB.OzoneManagerProtocolServerSideTranslatorPB.submitReadRequestToOM(OzoneManagerProtocolServerSideTranslatorPB.java:223) ~[ozone-manager-1.4.0-SNAPSHOT.jar:?]
	at org.apache.hadoop.ozone.protocolPB.OzoneManagerProtocolServerSideTranslatorPB.processRequest(OzoneManagerProtocolServerSideTranslatorPB.java:177) ~[ozone-manager-1.4.0-SNAPSHOT.jar:?]
	at org.apache.hadoop.hdds.server.OzoneProtocolMessageDispatcher.processRequest(OzoneProtocolMessageDispatcher.java:87) [hdds-server-framework-1.4.0-SNAPSHOT.jar:?]
	at org.apache.hadoop.ozone.protocolPB.OzoneManagerProtocolServerSideTranslatorPB.submitRequest(OzoneManagerProtocolServerSideTranslatorPB.java:147) [ozone-manager-1.4.0-SNAPSHOT.jar:?]
	at org.apache.hadoop.ozone.protocol.proto.OzoneManagerProtocolProtos$OzoneManagerService$2.callBlockingMethod(OzoneManagerProtocolProtos.java) [ozone-interface-client-1.4.0-SNAPSHOT.jar:?]
	at org.apache.hadoop.ipc.ProtobufRpcEngine$Server.processCall(ProtobufRpcEngine.java:484) [hadoop-common-3.3.5.jar:?]
	at org.apache.hadoop.ipc.ProtobufRpcEngine2$Server$ProtoBufRpcInvoker.call(ProtobufRpcEngine2.java:595) [hadoop-common-3.3.5.jar:?]
	at org.apache.hadoop.ipc.ProtobufRpcEngine2$Server$ProtoBufRpcInvoker.call(ProtobufRpcEngine2.java:573) [hadoop-common-3.3.5.jar:?]
	at org.apache.hadoop.ipc.RPC$Server.call(RPC.java:1213) [hadoop-common-3.3.5.jar:?]
	at org.apache.hadoop.ipc.Server$RpcCall.run(Server.java:1089) [hadoop-common-3.3.5.jar:?]
	at org.apache.hadoop.ipc.Server$RpcCall.run(Server.java:1012) [hadoop-common-3.3.5.jar:?]
	at java.security.AccessController.doPrivileged(Native Method) ~[?:1.8.0_362]
	at javax.security.auth.Subject.doAs(Subject.java:422) [?:1.8.0_362]
	at org.apache.hadoop.security.UserGroupInformation.doAs(UserGroupInformation.java:1899) [hadoop-common-3.3.5.jar:?]
	at org.apache.hadoop.ipc.Server$Handler.run(Server.java:3026) [hadoop-common-3.3.5.jar:?]
11:25:35.860 [IPC Server handler 5 on default port 39679] ERROR OMAudit - user=runner | ip=127.0.0.1 | op=GET_FILE_STATUS {volume=volume21709, bucket=bucket98076, key=testBatchDelete/parent/childFolder/child0, dataSize=0, replicationConfig=null} | ret=FAILURE
org.apache.hadoop.ozone.om.exceptions.OMException: Unable to get file status: volume: volume21709 bucket: bucket98076 key: testBatchDelete/parent/childFolder/child0
	at org.apache.hadoop.ozone.om.KeyManagerImpl.getOzoneFileStatus(KeyManagerImpl.java:1200) ~[ozone-manager-1.4.0-SNAPSHOT.jar:?]
	at org.apache.hadoop.ozone.om.KeyManagerImpl.getFileStatus(KeyManagerImpl.java:1118) ~[ozone-manager-1.4.0-SNAPSHOT.jar:?]
	at org.apache.hadoop.ozone.om.OmMetadataReader.getFileStatus(OmMetadataReader.java:288) ~[ozone-manager-1.4.0-SNAPSHOT.jar:?]
	at org.apache.hadoop.ozone.om.OzoneManager.getFileStatus(OzoneManager.java:3491) ~[ozone-manager-1.4.0-SNAPSHOT.jar:?]
	at org.apache.hadoop.ozone.protocolPB.OzoneManagerRequestHandler.getOzoneFileStatus(OzoneManagerRequestHandler.java:934) ~[ozone-manager-1.4.0-SNAPSHOT.jar:?]
	at org.apache.hadoop.ozone.protocolPB.OzoneManagerRequestHandler.handleReadRequest(OzoneManagerRequestHandler.java:238) ~[ozone-manager-1.4.0-SNAPSHOT.jar:?]
	at org.apache.hadoop.ozone.protocolPB.OzoneManagerProtocolServerSideTranslatorPB.submitReadRequestToOM(OzoneManagerProtocolServerSideTranslatorPB.java:223) ~[ozone-manager-1.4.0-SNAPSHOT.jar:?]
	at org.apache.hadoop.ozone.protocolPB.OzoneManagerProtocolServerSideTranslatorPB.processRequest(OzoneManagerProtocolServerSideTranslatorPB.java:177) ~[ozone-manager-1.4.0-SNAPSHOT.jar:?]
	at org.apache.hadoop.hdds.server.OzoneProtocolMessageDispatcher.processRequest(OzoneProtocolMessageDispatcher.java:87) [hdds-server-framework-1.4.0-SNAPSHOT.jar:?]
	at org.apache.hadoop.ozone.protocolPB.OzoneManagerProtocolServerSideTranslatorPB.submitRequest(OzoneManagerProtocolServerSideTranslatorPB.java:147) [ozone-manager-1.4.0-SNAPSHOT.jar:?]
	at org.apache.hadoop.ozone.protocol.proto.OzoneManagerProtocolProtos$OzoneManagerService$2.callBlockingMethod(OzoneManagerProtocolProtos.java) [ozone-interface-client-1.4.0-SNAPSHOT.jar:?]
	at org.apache.hadoop.ipc.ProtobufRpcEngine$Server.processCall(ProtobufRpcEngine.java:484) [hadoop-common-3.3.5.jar:?]
	at org.apache.hadoop.ipc.ProtobufRpcEngine2$Server$ProtoBufRpcInvoker.call(ProtobufRpcEngine2.java:595) [hadoop-common-3.3.5.jar:?]
	at org.apache.hadoop.ipc.ProtobufRpcEngine2$Server$ProtoBufRpcInvoker.call(ProtobufRpcEngine2.java:573) [hadoop-common-3.3.5.jar:?]
	at org.apache.hadoop.ipc.RPC$Server.call(RPC.java:1213) [hadoop-common-3.3.5.jar:?]
	at org.apache.hadoop.ipc.Server$RpcCall.run(Server.java:1089) [hadoop-common-3.3.5.jar:?]
	at org.apache.hadoop.ipc.Server$RpcCall.run(Server.java:1012) [hadoop-common-3.3.5.jar:?]
	at java.security.AccessController.doPrivileged(Native Method) ~[?:1.8.0_362]
	at javax.security.auth.Subject.doAs(Subject.java:422) [?:1.8.0_362]
	at org.apache.hadoop.security.UserGroupInformation.doAs(UserGroupInformation.java:1899) [hadoop-common-3.3.5.jar:?]
	at org.apache.hadoop.ipc.Server$Handler.run(Server.java:3026) [hadoop-common-3.3.5.jar:?]
11:25:35.861 [IPC Server handler 7 on default port 39679] ERROR OMAudit - user=runner | ip=127.0.0.1 | op=GET_FILE_STATUS {volume=volume21709, bucket=bucket98076, key=testBatchDelete/parent/child1, dataSize=0, replicationConfig=null} | ret=FAILURE
org.apache.hadoop.ozone.om.exceptions.OMException: Unable to get file status: volume: volume21709 bucket: bucket98076 key: testBatchDelete/parent/child1
	at org.apache.hadoop.ozone.om.KeyManagerImpl.getOzoneFileStatus(KeyManagerImpl.java:1200) ~[ozone-manager-1.4.0-SNAPSHOT.jar:?]
	at org.apache.hadoop.ozone.om.KeyManagerImpl.getFileStatus(KeyManagerImpl.java:1118) ~[ozone-manager-1.4.0-SNAPSHOT.jar:?]
	at org.apache.hadoop.ozone.om.OmMetadataReader.getFileStatus(OmMetadataReader.java:288) ~[ozone-manager-1.4.0-SNAPSHOT.jar:?]
	at org.apache.hadoop.ozone.om.OzoneManager.getFileStatus(OzoneManager.java:3491) ~[ozone-manager-1.4.0-SNAPSHOT.jar:?]
	at org.apache.hadoop.ozone.protocolPB.OzoneManagerRequestHandler.getOzoneFileStatus(OzoneManagerRequestHandler.java:934) ~[ozone-manager-1.4.0-SNAPSHOT.jar:?]
	at org.apache.hadoop.ozone.protocolPB.OzoneManagerRequestHandler.handleReadRequest(OzoneManagerRequestHandler.java:238) ~[ozone-manager-1.4.0-SNAPSHOT.jar:?]
	at org.apache.hadoop.ozone.protocolPB.OzoneManagerProtocolServerSideTranslatorPB.submitReadRequestToOM(OzoneManagerProtocolServerSideTranslatorPB.java:223) ~[ozone-manager-1.4.0-SNAPSHOT.jar:?]
	at org.apache.hadoop.ozone.protocolPB.OzoneManagerProtocolServerSideTranslatorPB.processRequest(OzoneManagerProtocolServerSideTranslatorPB.java:177) ~[ozone-manager-1.4.0-SNAPSHOT.jar:?]
	at org.apache.hadoop.hdds.server.OzoneProtocolMessageDispatcher.processRequest(OzoneProtocolMessageDispatcher.java:87) [hdds-server-framework-1.4.0-SNAPSHOT.jar:?]
	at org.apache.hadoop.ozone.protocolPB.OzoneManagerProtocolServerSideTranslatorPB.submitRequest(OzoneManagerProtocolServerSideTranslatorPB.java:147) [ozone-manager-1.4.0-SNAPSHOT.jar:?]
	at org.apache.hadoop.ozone.protocol.proto.OzoneManagerProtocolProtos$OzoneManagerService$2.callBlockingMethod(OzoneManagerProtocolProtos.java) [ozone-interface-client-1.4.0-SNAPSHOT.jar:?]
	at org.apache.hadoop.ipc.ProtobufRpcEngine$Server.processCall(ProtobufRpcEngine.java:484) [hadoop-common-3.3.5.jar:?]
	at org.apache.hadoop.ipc.ProtobufRpcEngine2$Server$ProtoBufRpcInvoker.call(ProtobufRpcEngine2.java:595) [hadoop-common-3.3.5.jar:?]
	at org.apache.hadoop.ipc.ProtobufRpcEngine2$Server$ProtoBufRpcInvoker.call(ProtobufRpcEngine2.java:573) [hadoop-common-3.3.5.jar:?]
	at org.apache.hadoop.ipc.RPC$Server.call(RPC.java:1213) [hadoop-common-3.3.5.jar:?]
	at org.apache.hadoop.ipc.Server$RpcCall.run(Server.java:1089) [hadoop-common-3.3.5.jar:?]
	at org.apache.hadoop.ipc.Server$RpcCall.run(Server.java:1012) [hadoop-common-3.3.5.jar:?]
	at java.security.AccessController.doPrivileged(Native Method) ~[?:1.8.0_362]
	at javax.security.auth.Subject.doAs(Subject.java:422) [?:1.8.0_362]
	at org.apache.hadoop.security.UserGroupInformation.doAs(UserGroupInformation.java:1899) [hadoop-common-3.3.5.jar:?]
	at org.apache.hadoop.ipc.Server$Handler.run(Server.java:3026) [hadoop-common-3.3.5.jar:?]
11:25:35.861 [IPC Server handler 6 on default port 39679] ERROR OMAudit - user=runner | ip=127.0.0.1 | op=GET_FILE_STATUS {volume=volume21709, bucket=bucket98076, key=testBatchDelete/parent/childFolder/child1, dataSize=0, replicationConfig=null} | ret=FAILURE
org.apache.hadoop.ozone.om.exceptions.OMException: Unable to get file status: volume: volume21709 bucket: bucket98076 key: testBatchDelete/parent/childFolder/child1
	at org.apache.hadoop.ozone.om.KeyManagerImpl.getOzoneFileStatus(KeyManagerImpl.java:1200) ~[ozone-manager-1.4.0-SNAPSHOT.jar:?]
	at org.apache.hadoop.ozone.om.KeyManagerImpl.getFileStatus(KeyManagerImpl.java:1118) ~[ozone-manager-1.4.0-SNAPSHOT.jar:?]
	at org.apache.hadoop.ozone.om.OmMetadataReader.getFileStatus(OmMetadataReader.java:288) ~[ozone-manager-1.4.0-SNAPSHOT.jar:?]
	at org.apache.hadoop.ozone.om.OzoneManager.getFileStatus(OzoneManager.java:3491) ~[ozone-manager-1.4.0-SNAPSHOT.jar:?]
	at org.apache.hadoop.ozone.protocolPB.OzoneManagerRequestHandler.getOzoneFileStatus(OzoneManagerRequestHandler.java:934) ~[ozone-manager-1.4.0-SNAPSHOT.jar:?]
	at org.apache.hadoop.ozone.protocolPB.OzoneManagerRequestHandler.handleReadRequest(OzoneManagerRequestHandler.java:238) ~[ozone-manager-1.4.0-SNAPSHOT.jar:?]
	at org.apache.hadoop.ozone.protocolPB.OzoneManagerProtocolServerSideTranslatorPB.submitReadRequestToOM(OzoneManagerProtocolServerSideTranslatorPB.java:223) ~[ozone-manager-1.4.0-SNAPSHOT.jar:?]
	at org.apache.hadoop.ozone.protocolPB.OzoneManagerProtocolServerSideTranslatorPB.processRequest(OzoneManagerProtocolServerSideTranslatorPB.java:177) ~[ozone-manager-1.4.0-SNAPSHOT.jar:?]
	at org.apache.hadoop.hdds.server.OzoneProtocolMessageDispatcher.processRequest(OzoneProtocolMessageDispatcher.java:87) [hdds-server-framework-1.4.0-SNAPSHOT.jar:?]
	at org.apache.hadoop.ozone.protocolPB.OzoneManagerProtocolServerSideTranslatorPB.submitRequest(OzoneManagerProtocolServerSideTranslatorPB.java:147) [ozone-manager-1.4.0-SNAPSHOT.jar:?]
	at org.apache.hadoop.ozone.protocol.proto.OzoneManagerProtocolProtos$OzoneManagerService$2.callBlockingMethod(OzoneManagerProtocolProtos.java) [ozone-interface-client-1.4.0-SNAPSHOT.jar:?]
	at org.apache.hadoop.ipc.ProtobufRpcEngine$Server.processCall(ProtobufRpcEngine.java:484) [hadoop-common-3.3.5.jar:?]
	at org.apache.hadoop.ipc.ProtobufRpcEngine2$Server$ProtoBufRpcInvoker.call(ProtobufRpcEngine2.java:595) [hadoop-common-3.3.5.jar:?]
	at org.apache.hadoop.ipc.ProtobufRpcEngine2$Server$ProtoBufRpcInvoker.call(ProtobufRpcEngine2.java:573) [hadoop-common-3.3.5.jar:?]
	at org.apache.hadoop.ipc.RPC$Server.call(RPC.java:1213) [hadoop-common-3.3.5.jar:?]
	at org.apache.hadoop.ipc.Server$RpcCall.run(Server.java:1089) [hadoop-common-3.3.5.jar:?]
	at org.apache.hadoop.ipc.Server$RpcCall.run(Server.java:1012) [hadoop-common-3.3.5.jar:?]
	at java.security.AccessController.doPrivileged(Native Method) ~[?:1.8.0_362]
	at javax.security.auth.Subject.doAs(Subject.java:422) [?:1.8.0_362]
	at org.apache.hadoop.security.UserGroupInformation.doAs(UserGroupInformation.java:1899) [hadoop-common-3.3.5.jar:?]
	at org.apache.hadoop.ipc.Server$Handler.run(Server.java:3026) [hadoop-common-3.3.5.jar:?]
11:25:35.862 [IPC Server handler 8 on default port 39679] ERROR OMAudit - user=runner | ip=127.0.0.1 | op=GET_FILE_STATUS {volume=volume21709, bucket=bucket98076, key=testBatchDelete/parent/child2, dataSize=0, replicationConfig=null} | ret=FAILURE
org.apache.hadoop.ozone.om.exceptions.OMException: Unable to get file status: volume: volume21709 bucket: bucket98076 key: testBatchDelete/parent/child2
	at org.apache.hadoop.ozone.om.KeyManagerImpl.getOzoneFileStatus(KeyManagerImpl.java:1200) ~[ozone-manager-1.4.0-SNAPSHOT.jar:?]
	at org.apache.hadoop.ozone.om.KeyManagerImpl.getFileStatus(KeyManagerImpl.java:1118) ~[ozone-manager-1.4.0-SNAPSHOT.jar:?]
	at org.apache.hadoop.ozone.om.OmMetadataReader.getFileStatus(OmMetadataReader.java:288) ~[ozone-manager-1.4.0-SNAPSHOT.jar:?]
	at org.apache.hadoop.ozone.om.OzoneManager.getFileStatus(OzoneManager.java:3491) ~[ozone-manager-1.4.0-SNAPSHOT.jar:?]
	at org.apache.hadoop.ozone.protocolPB.OzoneManagerRequestHandler.getOzoneFileStatus(OzoneManagerRequestHandler.java:934) ~[ozone-manager-1.4.0-SNAPSHOT.jar:?]
	at org.apache.hadoop.ozone.protocolPB.OzoneManagerRequestHandler.handleReadRequest(OzoneManagerRequestHandler.java:238) ~[ozone-manager-1.4.0-SNAPSHOT.jar:?]
	at org.apache.hadoop.ozone.protocolPB.OzoneManagerProtocolServerSideTranslatorPB.submitReadRequestToOM(OzoneManagerProtocolServerSideTranslatorPB.java:223) ~[ozone-manager-1.4.0-SNAPSHOT.jar:?]
	at org.apache.hadoop.ozone.protocolPB.OzoneManagerProtocolServerSideTranslatorPB.processRequest(OzoneManagerProtocolServerSideTranslatorPB.java:177) ~[ozone-manager-1.4.0-SNAPSHOT.jar:?]
	at org.apache.hadoop.hdds.server.OzoneProtocolMessageDispatcher.processRequest(OzoneProtocolMessageDispatcher.java:87) [hdds-server-framework-1.4.0-SNAPSHOT.jar:?]
	at org.apache.hadoop.ozone.protocolPB.OzoneManagerProtocolServerSideTranslatorPB.submitRequest(OzoneManagerProtocolServerSideTranslatorPB.java:147) [ozone-manager-1.4.0-SNAPSHOT.jar:?]
	at org.apache.hadoop.ozone.protocol.proto.OzoneManagerProtocolProtos$OzoneManagerService$2.callBlockingMethod(OzoneManagerProtocolProtos.java) [ozone-interface-client-1.4.0-SNAPSHOT.jar:?]
	at org.apache.hadoop.ipc.ProtobufRpcEngine$Server.processCall(ProtobufRpcEngine.java:484) [hadoop-common-3.3.5.jar:?]
	at org.apache.hadoop.ipc.ProtobufRpcEngine2$Server$ProtoBufRpcInvoker.call(ProtobufRpcEngine2.java:595) [hadoop-common-3.3.5.jar:?]
	at org.apache.hadoop.ipc.ProtobufRpcEngine2$Server$ProtoBufRpcInvoker.call(ProtobufRpcEngine2.java:573) [hadoop-common-3.3.5.jar:?]
	at org.apache.hadoop.ipc.RPC$Server.call(RPC.java:1213) [hadoop-common-3.3.5.jar:?]
	at org.apache.hadoop.ipc.Server$RpcCall.run(Server.java:1089) [hadoop-common-3.3.5.jar:?]
	at org.apache.hadoop.ipc.Server$RpcCall.run(Server.java:1012) [hadoop-common-3.3.5.jar:?]
	at java.security.AccessController.doPrivileged(Native Method) ~[?:1.8.0_362]
	at javax.security.auth.Subject.doAs(Subject.java:422) [?:1.8.0_362]
	at org.apache.hadoop.security.UserGroupInformation.doAs(UserGroupInformation.java:1899) [hadoop-common-3.3.5.jar:?]
	at org.apache.hadoop.ipc.Server$Handler.run(Server.java:3026) [hadoop-common-3.3.5.jar:?]
11:25:35.863 [IPC Server handler 10 on default port 39679] ERROR OMAudit - user=runner | ip=127.0.0.1 | op=GET_FILE_STATUS {volume=volume21709, bucket=bucket98076, key=testBatchDelete/parent/childFolder/child2, dataSize=0, replicationConfig=null} | ret=FAILURE
org.apache.hadoop.ozone.om.exceptions.OMException: Unable to get file status: volume: volume21709 bucket: bucket98076 key: testBatchDelete/parent/childFolder/child2
	at org.apache.hadoop.ozone.om.KeyManagerImpl.getOzoneFileStatus(KeyManagerImpl.java:1200) ~[ozone-manager-1.4.0-SNAPSHOT.jar:?]
	at org.apache.hadoop.ozone.om.KeyManagerImpl.getFileStatus(KeyManagerImpl.java:1118) ~[ozone-manager-1.4.0-SNAPSHOT.jar:?]
	at org.apache.hadoop.ozone.om.OmMetadataReader.getFileStatus(OmMetadataReader.java:288) ~[ozone-manager-1.4.0-SNAPSHOT.jar:?]
	at org.apache.hadoop.ozone.om.OzoneManager.getFileStatus(OzoneManager.java:3491) ~[ozone-manager-1.4.0-SNAPSHOT.jar:?]
	at org.apache.hadoop.ozone.protocolPB.OzoneManagerRequestHandler.getOzoneFileStatus(OzoneManagerRequestHandler.java:934) ~[ozone-manager-1.4.0-SNAPSHOT.jar:?]
	at org.apache.hadoop.ozone.protocolPB.OzoneManagerRequestHandler.handleReadRequest(OzoneManagerRequestHandler.java:238) ~[ozone-manager-1.4.0-SNAPSHOT.jar:?]
	at org.apache.hadoop.ozone.protocolPB.OzoneManagerProtocolServerSideTranslatorPB.submitReadRequestToOM(OzoneManagerProtocolServerSideTranslatorPB.java:223) ~[ozone-manager-1.4.0-SNAPSHOT.jar:?]
	at org.apache.hadoop.ozone.protocolPB.OzoneManagerProtocolServerSideTranslatorPB.processRequest(OzoneManagerProtocolServerSideTranslatorPB.java:177) ~[ozone-manager-1.4.0-SNAPSHOT.jar:?]
	at org.apache.hadoop.hdds.server.OzoneProtocolMessageDispatcher.processRequest(OzoneProtocolMessageDispatcher.java:87) [hdds-server-framework-1.4.0-SNAPSHOT.jar:?]
	at org.apache.hadoop.ozone.protocolPB.OzoneManagerProtocolServerSideTranslatorPB.submitRequest(OzoneManagerProtocolServerSideTranslatorPB.java:147) [ozone-manager-1.4.0-SNAPSHOT.jar:?]
	at org.apache.hadoop.ozone.protocol.proto.OzoneManagerProtocolProtos$OzoneManagerService$2.callBlockingMethod(OzoneManagerProtocolProtos.java) [ozone-interface-client-1.4.0-SNAPSHOT.jar:?]
	at org.apache.hadoop.ipc.ProtobufRpcEngine$Server.processCall(ProtobufRpcEngine.java:484) [hadoop-common-3.3.5.jar:?]
	at org.apache.hadoop.ipc.ProtobufRpcEngine2$Server$ProtoBufRpcInvoker.call(ProtobufRpcEngine2.java:595) [hadoop-common-3.3.5.jar:?]
	at org.apache.hadoop.ipc.ProtobufRpcEngine2$Server$ProtoBufRpcInvoker.call(ProtobufRpcEngine2.java:573) [hadoop-common-3.3.5.jar:?]
	at org.apache.hadoop.ipc.RPC$Server.call(RPC.java:1213) [hadoop-common-3.3.5.jar:?]
	at org.apache.hadoop.ipc.Server$RpcCall.run(Server.java:1089) [hadoop-common-3.3.5.jar:?]
	at org.apache.hadoop.ipc.Server$RpcCall.run(Server.java:1012) [hadoop-common-3.3.5.jar:?]
	at java.security.AccessController.doPrivileged(Native Method) ~[?:1.8.0_362]
	at javax.security.auth.Subject.doAs(Subject.java:422) [?:1.8.0_362]
	at org.apache.hadoop.security.UserGroupInformation.doAs(UserGroupInformation.java:1899) [hadoop-common-3.3.5.jar:?]
	at org.apache.hadoop.ipc.Server$Handler.run(Server.java:3026) [hadoop-common-3.3.5.jar:?]
11:25:35.865 [IPC Server handler 11 on default port 39679] ERROR OMAudit - user=runner | ip=127.0.0.1 | op=GET_FILE_STATUS {volume=volume21709, bucket=bucket98076, key=testBatchDelete/parent/child3, dataSize=0, replicationConfig=null} | ret=FAILURE
org.apache.hadoop.ozone.om.exceptions.OMException: Unable to get file status: volume: volume21709 bucket: bucket98076 key: testBatchDelete/parent/child3
	at org.apache.hadoop.ozone.om.KeyManagerImpl.getOzoneFileStatus(KeyManagerImpl.java:1200) ~[ozone-manager-1.4.0-SNAPSHOT.jar:?]
	at org.apache.hadoop.ozone.om.KeyManagerImpl.getFileStatus(KeyManagerImpl.java:1118) ~[ozone-manager-1.4.0-SNAPSHOT.jar:?]
	at org.apache.hadoop.ozone.om.OmMetadataReader.getFileStatus(OmMetadataReader.java:288) ~[ozone-manager-1.4.0-SNAPSHOT.jar:?]
	at org.apache.hadoop.ozone.om.OzoneManager.getFileStatus(OzoneManager.java:3491) ~[ozone-manager-1.4.0-SNAPSHOT.jar:?]
	at org.apache.hadoop.ozone.protocolPB.OzoneManagerRequestHandler.getOzoneFileStatus(OzoneManagerRequestHandler.java:934) ~[ozone-manager-1.4.0-SNAPSHOT.jar:?]
	at org.apache.hadoop.ozone.protocolPB.OzoneManagerRequestHandler.handleReadRequest(OzoneManagerRequestHandler.java:238) ~[ozone-manager-1.4.0-SNAPSHOT.jar:?]
	at org.apache.hadoop.ozone.protocolPB.OzoneManagerProtocolServerSideTranslatorPB.submitReadRequestToOM(OzoneManagerProtocolServerSideTranslatorPB.java:223) ~[ozone-manager-1.4.0-SNAPSHOT.jar:?]
	at org.apache.hadoop.ozone.protocolPB.OzoneManagerProtocolServerSideTranslatorPB.processRequest(OzoneManagerProtocolServerSideTranslatorPB.java:177) ~[ozone-manager-1.4.0-SNAPSHOT.jar:?]
	at org.apache.hadoop.hdds.server.OzoneProtocolMessageDispatcher.processRequest(OzoneProtocolMessageDispatcher.java:87) [hdds-server-framework-1.4.0-SNAPSHOT.jar:?]
	at org.apache.hadoop.ozone.protocolPB.OzoneManagerProtocolServerSideTranslatorPB.submitRequest(OzoneManagerProtocolServerSideTranslatorPB.java:147) [ozone-manager-1.4.0-SNAPSHOT.jar:?]
	at org.apache.hadoop.ozone.protocol.proto.OzoneManagerProtocolProtos$OzoneManagerService$2.callBlockingMethod(OzoneManagerProtocolProtos.java) [ozone-interface-client-1.4.0-SNAPSHOT.jar:?]
	at org.apache.hadoop.ipc.ProtobufRpcEngine$Server.processCall(ProtobufRpcEngine.java:484) [hadoop-common-3.3.5.jar:?]
	at org.apache.hadoop.ipc.ProtobufRpcEngine2$Server$ProtoBufRpcInvoker.call(ProtobufRpcEngine2.java:595) [hadoop-common-3.3.5.jar:?]
	at org.apache.hadoop.ipc.ProtobufRpcEngine2$Server$ProtoBufRpcInvoker.call(ProtobufRpcEngine2.java:573) [hadoop-common-3.3.5.jar:?]
	at org.apache.hadoop.ipc.RPC$Server.call(RPC.java:1213) [hadoop-common-3.3.5.jar:?]
	at org.apache.hadoop.ipc.Server$RpcCall.run(Server.java:1089) [hadoop-common-3.3.5.jar:?]
	at org.apache.hadoop.ipc.Server$RpcCall.run(Server.java:1012) [hadoop-common-3.3.5.jar:?]
	at java.security.AccessController.doPrivileged(Native Method) ~[?:1.8.0_362]
	at javax.security.auth.Subject.doAs(Subject.java:422) [?:1.8.0_362]
	at org.apache.hadoop.security.UserGroupInformation.doAs(UserGroupInformation.java:1899) [hadoop-common-3.3.5.jar:?]
	at org.apache.hadoop.ipc.Server$Handler.run(Server.java:3026) [hadoop-common-3.3.5.jar:?]
11:25:35.866 [IPC Server handler 9 on default port 39679] ERROR OMAudit - user=runner | ip=127.0.0.1 | op=GET_FILE_STATUS {volume=volume21709, bucket=bucket98076, key=testBatchDelete/parent/childFolder/child3, dataSize=0, replicationConfig=null} | ret=FAILURE
org.apache.hadoop.ozone.om.exceptions.OMException: Unable to get file status: volume: volume21709 bucket: bucket98076 key: testBatchDelete/parent/childFolder/child3
	at org.apache.hadoop.ozone.om.KeyManagerImpl.getOzoneFileStatus(KeyManagerImpl.java:1200) ~[ozone-manager-1.4.0-SNAPSHOT.jar:?]
	at org.apache.hadoop.ozone.om.KeyManagerImpl.getFileStatus(KeyManagerImpl.java:1118) ~[ozone-manager-1.4.0-SNAPSHOT.jar:?]
	at org.apache.hadoop.ozone.om.OmMetadataReader.getFileStatus(OmMetadataReader.java:288) ~[ozone-manager-1.4.0-SNAPSHOT.jar:?]
	at org.apache.hadoop.ozone.om.OzoneManager.getFileStatus(OzoneManager.java:3491) ~[ozone-manager-1.4.0-SNAPSHOT.jar:?]
	at org.apache.hadoop.ozone.protocolPB.OzoneManagerRequestHandler.getOzoneFileStatus(OzoneManagerRequestHandler.java:934) ~[ozone-manager-1.4.0-SNAPSHOT.jar:?]
	at org.apache.hadoop.ozone.protocolPB.OzoneManagerRequestHandler.handleReadRequest(OzoneManagerRequestHandler.java:238) ~[ozone-manager-1.4.0-SNAPSHOT.jar:?]
	at org.apache.hadoop.ozone.protocolPB.OzoneManagerProtocolServerSideTranslatorPB.submitReadRequestToOM(OzoneManagerProtocolServerSideTranslatorPB.java:223) ~[ozone-manager-1.4.0-SNAPSHOT.jar:?]
	at org.apache.hadoop.ozone.protocolPB.OzoneManagerProtocolServerSideTranslatorPB.processRequest(OzoneManagerProtocolServerSideTranslatorPB.java:177) ~[ozone-manager-1.4.0-SNAPSHOT.jar:?]
	at org.apache.hadoop.hdds.server.OzoneProtocolMessageDispatcher.processRequest(OzoneProtocolMessageDispatcher.java:87) [hdds-server-framework-1.4.0-SNAPSHOT.jar:?]
	at org.apache.hadoop.ozone.protocolPB.OzoneManagerProtocolServerSideTranslatorPB.submitRequest(OzoneManagerProtocolServerSideTranslatorPB.java:147) [ozone-manager-1.4.0-SNAPSHOT.jar:?]
	at org.apache.hadoop.ozone.protocol.proto.OzoneManagerProtocolProtos$OzoneManagerService$2.callBlockingMethod(OzoneManagerProtocolProtos.java) [ozone-interface-client-1.4.0-SNAPSHOT.jar:?]
	at org.apache.hadoop.ipc.ProtobufRpcEngine$Server.processCall(ProtobufRpcEngine.java:484) [hadoop-common-3.3.5.jar:?]
	at org.apache.hadoop.ipc.ProtobufRpcEngine2$Server$ProtoBufRpcInvoker.call(ProtobufRpcEngine2.java:595) [hadoop-common-3.3.5.jar:?]
	at org.apache.hadoop.ipc.ProtobufRpcEngine2$Server$ProtoBufRpcInvoker.call(ProtobufRpcEngine2.java:573) [hadoop-common-3.3.5.jar:?]
	at org.apache.hadoop.ipc.RPC$Server.call(RPC.java:1213) [hadoop-common-3.3.5.jar:?]
	at org.apache.hadoop.ipc.Server$RpcCall.run(Server.java:1089) [hadoop-common-3.3.5.jar:?]
	at org.apache.hadoop.ipc.Server$RpcCall.run(Server.java:1012) [hadoop-common-3.3.5.jar:?]
	at java.security.AccessController.doPrivileged(Native Method) ~[?:1.8.0_362]
	at javax.security.auth.Subject.doAs(Subject.java:422) [?:1.8.0_362]
	at org.apache.hadoop.security.UserGroupInformation.doAs(UserGroupInformation.java:1899) [hadoop-common-3.3.5.jar:?]
	at org.apache.hadoop.ipc.Server$Handler.run(Server.java:3026) [hadoop-common-3.3.5.jar:?]
11:25:35.866 [IPC Server handler 13 on default port 39679] ERROR OMAudit - user=runner | ip=127.0.0.1 | op=GET_FILE_STATUS {volume=volume21709, bucket=bucket98076, key=testBatchDelete/parent/child4, dataSize=0, replicationConfig=null} | ret=FAILURE
org.apache.hadoop.ozone.om.exceptions.OMException: Unable to get file status: volume: volume21709 bucket: bucket98076 key: testBatchDelete/parent/child4
	at org.apache.hadoop.ozone.om.KeyManagerImpl.getOzoneFileStatus(KeyManagerImpl.java:1200) ~[ozone-manager-1.4.0-SNAPSHOT.jar:?]
	at org.apache.hadoop.ozone.om.KeyManagerImpl.getFileStatus(KeyManagerImpl.java:1118) ~[ozone-manager-1.4.0-SNAPSHOT.jar:?]
	at org.apache.hadoop.ozone.om.OmMetadataReader.getFileStatus(OmMetadataReader.java:288) ~[ozone-manager-1.4.0-SNAPSHOT.jar:?]
	at org.apache.hadoop.ozone.om.OzoneManager.getFileStatus(OzoneManager.java:3491) ~[ozone-manager-1.4.0-SNAPSHOT.jar:?]
	at org.apache.hadoop.ozone.protocolPB.OzoneManagerRequestHandler.getOzoneFileStatus(OzoneManagerRequestHandler.java:934) ~[ozone-manager-1.4.0-SNAPSHOT.jar:?]
	at org.apache.hadoop.ozone.protocolPB.OzoneManagerRequestHandler.handleReadRequest(OzoneManagerRequestHandler.java:238) ~[ozone-manager-1.4.0-SNAPSHOT.jar:?]
	at org.apache.hadoop.ozone.protocolPB.OzoneManagerProtocolServerSideTranslatorPB.submitReadRequestToOM(OzoneManagerProtocolServerSideTranslatorPB.java:223) ~[ozone-manager-1.4.0-SNAPSHOT.jar:?]
	at org.apache.hadoop.ozone.protocolPB.OzoneManagerProtocolServerSideTranslatorPB.processRequest(OzoneManagerProtocolServerSideTranslatorPB.java:177) ~[ozone-manager-1.4.0-SNAPSHOT.jar:?]
	at org.apache.hadoop.hdds.server.OzoneProtocolMessageDispatcher.processRequest(OzoneProtocolMessageDispatcher.java:87) [hdds-server-framework-1.4.0-SNAPSHOT.jar:?]
	at org.apache.hadoop.ozone.protocolPB.OzoneManagerProtocolServerSideTranslatorPB.submitRequest(OzoneManagerProtocolServerSideTranslatorPB.java:147) [ozone-manager-1.4.0-SNAPSHOT.jar:?]
	at org.apache.hadoop.ozone.protocol.proto.OzoneManagerProtocolProtos$OzoneManagerService$2.callBlockingMethod(OzoneManagerProtocolProtos.java) [ozone-interface-client-1.4.0-SNAPSHOT.jar:?]
	at org.apache.hadoop.ipc.ProtobufRpcEngine$Server.processCall(ProtobufRpcEngine.java:484) [hadoop-common-3.3.5.jar:?]
	at org.apache.hadoop.ipc.ProtobufRpcEngine2$Server$ProtoBufRpcInvoker.call(ProtobufRpcEngine2.java:595) [hadoop-common-3.3.5.jar:?]
	at org.apache.hadoop.ipc.ProtobufRpcEngine2$Server$ProtoBufRpcInvoker.call(ProtobufRpcEngine2.java:573) [hadoop-common-3.3.5.jar:?]
	at org.apache.hadoop.ipc.RPC$Server.call(RPC.java:1213) [hadoop-common-3.3.5.jar:?]
	at org.apache.hadoop.ipc.Server$RpcCall.run(Server.java:1089) [hadoop-common-3.3.5.jar:?]
	at org.apache.hadoop.ipc.Server$RpcCall.run(Server.java:1012) [hadoop-common-3.3.5.jar:?]
	at java.security.AccessController.doPrivileged(Native Method) ~[?:1.8.0_362]
	at javax.security.auth.Subject.doAs(Subject.java:422) [?:1.8.0_362]
	at org.apache.hadoop.security.UserGroupInformation.doAs(UserGroupInformation.java:1899) [hadoop-common-3.3.5.jar:?]
	at org.apache.hadoop.ipc.Server$Handler.run(Server.java:3026) [hadoop-common-3.3.5.jar:?]
11:25:35.867 [IPC Server handler 12 on default port 39679] ERROR OMAudit - user=runner | ip=127.0.0.1 | op=GET_FILE_STATUS {volume=volume21709, bucket=bucket98076, key=testBatchDelete/parent/childFolder/child4, dataSize=0, replicationConfig=null} | ret=FAILURE
org.apache.hadoop.ozone.om.exceptions.OMException: Unable to get file status: volume: volume21709 bucket: bucket98076 key: testBatchDelete/parent/childFolder/child4
	at org.apache.hadoop.ozone.om.KeyManagerImpl.getOzoneFileStatus(KeyManagerImpl.java:1200) ~[ozone-manager-1.4.0-SNAPSHOT.jar:?]
	at org.apache.hadoop.ozone.om.KeyManagerImpl.getFileStatus(KeyManagerImpl.java:1118) ~[ozone-manager-1.4.0-SNAPSHOT.jar:?]
	at org.apache.hadoop.ozone.om.OmMetadataReader.getFileStatus(OmMetadataReader.java:288) ~[ozone-manager-1.4.0-SNAPSHOT.jar:?]
	at org.apache.hadoop.ozone.om.OzoneManager.getFileStatus(OzoneManager.java:3491) ~[ozone-manager-1.4.0-SNAPSHOT.jar:?]
	at org.apache.hadoop.ozone.protocolPB.OzoneManagerRequestHandler.getOzoneFileStatus(OzoneManagerRequestHandler.java:934) ~[ozone-manager-1.4.0-SNAPSHOT.jar:?]
	at org.apache.hadoop.ozone.protocolPB.OzoneManagerRequestHandler.handleReadRequest(OzoneManagerRequestHandler.java:238) ~[ozone-manager-1.4.0-SNAPSHOT.jar:?]
	at org.apache.hadoop.ozone.protocolPB.OzoneManagerProtocolServerSideTranslatorPB.submitReadRequestToOM(OzoneManagerProtocolServerSideTranslatorPB.java:223) ~[ozone-manager-1.4.0-SNAPSHOT.jar:?]
	at org.apache.hadoop.ozone.protocolPB.OzoneManagerProtocolServerSideTranslatorPB.processRequest(OzoneManagerProtocolServerSideTranslatorPB.java:177) ~[ozone-manager-1.4.0-SNAPSHOT.jar:?]
	at org.apache.hadoop.hdds.server.OzoneProtocolMessageDispatcher.processRequest(OzoneProtocolMessageDispatcher.java:87) [hdds-server-framework-1.4.0-SNAPSHOT.jar:?]
	at org.apache.hadoop.ozone.protocolPB.OzoneManagerProtocolServerSideTranslatorPB.submitRequest(OzoneManagerProtocolServerSideTranslatorPB.java:147) [ozone-manager-1.4.0-SNAPSHOT.jar:?]
	at org.apache.hadoop.ozone.protocol.proto.OzoneManagerProtocolProtos$OzoneManagerService$2.callBlockingMethod(OzoneManagerProtocolProtos.java) [ozone-interface-client-1.4.0-SNAPSHOT.jar:?]
	at org.apache.hadoop.ipc.ProtobufRpcEngine$Server.processCall(ProtobufRpcEngine.java:484) [hadoop-common-3.3.5.jar:?]
	at org.apache.hadoop.ipc.ProtobufRpcEngine2$Server$ProtoBufRpcInvoker.call(ProtobufRpcEngine2.java:595) [hadoop-common-3.3.5.jar:?]
	at org.apache.hadoop.ipc.ProtobufRpcEngine2$Server$ProtoBufRpcInvoker.call(ProtobufRpcEngine2.java:573) [hadoop-common-3.3.5.jar:?]
	at org.apache.hadoop.ipc.RPC$Server.call(RPC.java:1213) [hadoop-common-3.3.5.jar:?]
	at org.apache.hadoop.ipc.Server$RpcCall.run(Server.java:1089) [hadoop-common-3.3.5.jar:?]
	at org.apache.hadoop.ipc.Server$RpcCall.run(Server.java:1012) [hadoop-common-3.3.5.jar:?]
	at java.security.AccessController.doPrivileged(Native Method) ~[?:1.8.0_362]
	at javax.security.auth.Subject.doAs(Subject.java:422) [?:1.8.0_362]
	at org.apache.hadoop.security.UserGroupInformation.doAs(UserGroupInformation.java:1899) [hadoop-common-3.3.5.jar:?]
	at org.apache.hadoop.ipc.Server$Handler.run(Server.java:3026) [hadoop-common-3.3.5.jar:?]
11:25:35.867 [IPC Server handler 15 on default port 39679] ERROR OMAudit - user=runner | ip=127.0.0.1 | op=GET_FILE_STATUS {volume=volume21709, bucket=bucket98076, key=testBatchDelete/parent/child5, dataSize=0, replicationConfig=null} | ret=FAILURE
org.apache.hadoop.ozone.om.exceptions.OMException: Unable to get file status: volume: volume21709 bucket: bucket98076 key: testBatchDelete/parent/child5
	at org.apache.hadoop.ozone.om.KeyManagerImpl.getOzoneFileStatus(KeyManagerImpl.java:1200) ~[ozone-manager-1.4.0-SNAPSHOT.jar:?]
	at org.apache.hadoop.ozone.om.KeyManagerImpl.getFileStatus(KeyManagerImpl.java:1118) ~[ozone-manager-1.4.0-SNAPSHOT.jar:?]
	at org.apache.hadoop.ozone.om.OmMetadataReader.getFileStatus(OmMetadataReader.java:288) ~[ozone-manager-1.4.0-SNAPSHOT.jar:?]
	at org.apache.hadoop.ozone.om.OzoneManager.getFileStatus(OzoneManager.java:3491) ~[ozone-manager-1.4.0-SNAPSHOT.jar:?]
	at org.apache.hadoop.ozone.protocolPB.OzoneManagerRequestHandler.getOzoneFileStatus(OzoneManagerRequestHandler.java:934) ~[ozone-manager-1.4.0-SNAPSHOT.jar:?]
	at org.apache.hadoop.ozone.protocolPB.OzoneManagerRequestHandler.handleReadRequest(OzoneManagerRequestHandler.java:238) ~[ozone-manager-1.4.0-SNAPSHOT.jar:?]
	at org.apache.hadoop.ozone.protocolPB.OzoneManagerProtocolServerSideTranslatorPB.submitReadRequestToOM(OzoneManagerProtocolServerSideTranslatorPB.java:223) ~[ozone-manager-1.4.0-SNAPSHOT.jar:?]
	at org.apache.hadoop.ozone.protocolPB.OzoneManagerProtocolServerSideTranslatorPB.processRequest(OzoneManagerProtocolServerSideTranslatorPB.java:177) ~[ozone-manager-1.4.0-SNAPSHOT.jar:?]
	at org.apache.hadoop.hdds.server.OzoneProtocolMessageDispatcher.processRequest(OzoneProtocolMessageDispatcher.java:87) [hdds-server-framework-1.4.0-SNAPSHOT.jar:?]
	at org.apache.hadoop.ozone.protocolPB.OzoneManagerProtocolServerSideTranslatorPB.submitRequest(OzoneManagerProtocolServerSideTranslatorPB.java:147) [ozone-manager-1.4.0-SNAPSHOT.jar:?]
	at org.apache.hadoop.ozone.protocol.proto.OzoneManagerProtocolProtos$OzoneManagerService$2.callBlockingMethod(OzoneManagerProtocolProtos.java) [ozone-interface-client-1.4.0-SNAPSHOT.jar:?]
	at org.apache.hadoop.ipc.ProtobufRpcEngine$Server.processCall(ProtobufRpcEngine.java:484) [hadoop-common-3.3.5.jar:?]
	at org.apache.hadoop.ipc.ProtobufRpcEngine2$Server$ProtoBufRpcInvoker.call(ProtobufRpcEngine2.java:595) [hadoop-common-3.3.5.jar:?]
	at org.apache.hadoop.ipc.ProtobufRpcEngine2$Server$ProtoBufRpcInvoker.call(ProtobufRpcEngine2.java:573) [hadoop-common-3.3.5.jar:?]
	at org.apache.hadoop.ipc.RPC$Server.call(RPC.java:1213) [hadoop-common-3.3.5.jar:?]
	at org.apache.hadoop.ipc.Server$RpcCall.run(Server.java:1089) [hadoop-common-3.3.5.jar:?]
	at org.apache.hadoop.ipc.Server$RpcCall.run(Server.java:1012) [hadoop-common-3.3.5.jar:?]
	at java.security.AccessController.doPrivileged(Native Method) ~[?:1.8.0_362]
	at javax.security.auth.Subject.doAs(Subject.java:422) [?:1.8.0_362]
	at org.apache.hadoop.security.UserGroupInformation.doAs(UserGroupInformation.java:1899) [hadoop-common-3.3.5.jar:?]
	at org.apache.hadoop.ipc.Server$Handler.run(Server.java:3026) [hadoop-common-3.3.5.jar:?]
11:25:35.868 [IPC Server handler 14 on default port 39679] ERROR OMAudit - user=runner | ip=127.0.0.1 | op=GET_FILE_STATUS {volume=volume21709, bucket=bucket98076, key=testBatchDelete/parent/childFolder/child5, dataSize=0, replicationConfig=null} | ret=FAILURE
org.apache.hadoop.ozone.om.exceptions.OMException: Unable to get file status: volume: volume21709 bucket: bucket98076 key: testBatchDelete/parent/childFolder/child5
	at org.apache.hadoop.ozone.om.KeyManagerImpl.getOzoneFileStatus(KeyManagerImpl.java:1200) ~[ozone-manager-1.4.0-SNAPSHOT.jar:?]
	at org.apache.hadoop.ozone.om.KeyManagerImpl.getFileStatus(KeyManagerImpl.java:1118) ~[ozone-manager-1.4.0-SNAPSHOT.jar:?]
	at org.apache.hadoop.ozone.om.OmMetadataReader.getFileStatus(OmMetadataReader.java:288) ~[ozone-manager-1.4.0-SNAPSHOT.jar:?]
	at org.apache.hadoop.ozone.om.OzoneManager.getFileStatus(OzoneManager.java:3491) ~[ozone-manager-1.4.0-SNAPSHOT.jar:?]
	at org.apache.hadoop.ozone.protocolPB.OzoneManagerRequestHandler.getOzoneFileStatus(OzoneManagerRequestHandler.java:934) ~[ozone-manager-1.4.0-SNAPSHOT.jar:?]
	at org.apache.hadoop.ozone.protocolPB.OzoneManagerRequestHandler.handleReadRequest(OzoneManagerRequestHandler.java:238) ~[ozone-manager-1.4.0-SNAPSHOT.jar:?]
	at org.apache.hadoop.ozone.protocolPB.OzoneManagerProtocolServerSideTranslatorPB.submitReadRequestToOM(OzoneManagerProtocolServerSideTranslatorPB.java:223) ~[ozone-manager-1.4.0-SNAPSHOT.jar:?]
	at org.apache.hadoop.ozone.protocolPB.OzoneManagerProtocolServerSideTranslatorPB.processRequest(OzoneManagerProtocolServerSideTranslatorPB.java:177) ~[ozone-manager-1.4.0-SNAPSHOT.jar:?]
	at org.apache.hadoop.hdds.server.OzoneProtocolMessageDispatcher.processRequest(OzoneProtocolMessageDispatcher.java:87) [hdds-server-framework-1.4.0-SNAPSHOT.jar:?]
	at org.apache.hadoop.ozone.protocolPB.OzoneManagerProtocolServerSideTranslatorPB.submitRequest(OzoneManagerProtocolServerSideTranslatorPB.java:147) [ozone-manager-1.4.0-SNAPSHOT.jar:?]
	at org.apache.hadoop.ozone.protocol.proto.OzoneManagerProtocolProtos$OzoneManagerService$2.callBlockingMethod(OzoneManagerProtocolProtos.java) [ozone-interface-client-1.4.0-SNAPSHOT.jar:?]
	at org.apache.hadoop.ipc.ProtobufRpcEngine$Server.processCall(ProtobufRpcEngine.java:484) [hadoop-common-3.3.5.jar:?]
	at org.apache.hadoop.ipc.ProtobufRpcEngine2$Server$ProtoBufRpcInvoker.call(ProtobufRpcEngine2.java:595) [hadoop-common-3.3.5.jar:?]
	at org.apache.hadoop.ipc.ProtobufRpcEngine2$Server$ProtoBufRpcInvoker.call(ProtobufRpcEngine2.java:573) [hadoop-common-3.3.5.jar:?]
	at org.apache.hadoop.ipc.RPC$Server.call(RPC.java:1213) [hadoop-common-3.3.5.jar:?]
	at org.apache.hadoop.ipc.Server$RpcCall.run(Server.java:1089) [hadoop-common-3.3.5.jar:?]
	at org.apache.hadoop.ipc.Server$RpcCall.run(Server.java:1012) [hadoop-common-3.3.5.jar:?]
	at java.security.AccessController.doPrivileged(Native Method) ~[?:1.8.0_362]
	at javax.security.auth.Subject.doAs(Subject.java:422) [?:1.8.0_362]
	at org.apache.hadoop.security.UserGroupInformation.doAs(UserGroupInformation.java:1899) [hadoop-common-3.3.5.jar:?]
	at org.apache.hadoop.ipc.Server$Handler.run(Server.java:3026) [hadoop-common-3.3.5.jar:?]
11:25:35.869 [IPC Server handler 17 on default port 39679] ERROR OMAudit - user=runner | ip=127.0.0.1 | op=GET_FILE_STATUS {volume=volume21709, bucket=bucket98076, key=testBatchDelete/parent/child6, dataSize=0, replicationConfig=null} | ret=FAILURE
org.apache.hadoop.ozone.om.exceptions.OMException: Unable to get file status: volume: volume21709 bucket: bucket98076 key: testBatchDelete/parent/child6
	at org.apache.hadoop.ozone.om.KeyManagerImpl.getOzoneFileStatus(KeyManagerImpl.java:1200) ~[ozone-manager-1.4.0-SNAPSHOT.jar:?]
	at org.apache.hadoop.ozone.om.KeyManagerImpl.getFileStatus(KeyManagerImpl.java:1118) ~[ozone-manager-1.4.0-SNAPSHOT.jar:?]
	at org.apache.hadoop.ozone.om.OmMetadataReader.getFileStatus(OmMetadataReader.java:288) ~[ozone-manager-1.4.0-SNAPSHOT.jar:?]
	at org.apache.hadoop.ozone.om.OzoneManager.getFileStatus(OzoneManager.java:3491) ~[ozone-manager-1.4.0-SNAPSHOT.jar:?]
	at org.apache.hadoop.ozone.protocolPB.OzoneManagerRequestHandler.getOzoneFileStatus(OzoneManagerRequestHandler.java:934) ~[ozone-manager-1.4.0-SNAPSHOT.jar:?]
	at org.apache.hadoop.ozone.protocolPB.OzoneManagerRequestHandler.handleReadRequest(OzoneManagerRequestHandler.java:238) ~[ozone-manager-1.4.0-SNAPSHOT.jar:?]
	at org.apache.hadoop.ozone.protocolPB.OzoneManagerProtocolServerSideTranslatorPB.submitReadRequestToOM(OzoneManagerProtocolServerSideTranslatorPB.java:223) ~[ozone-manager-1.4.0-SNAPSHOT.jar:?]
	at org.apache.hadoop.ozone.protocolPB.OzoneManagerProtocolServerSideTranslatorPB.processRequest(OzoneManagerProtocolServerSideTranslatorPB.java:177) ~[ozone-manager-1.4.0-SNAPSHOT.jar:?]
	at org.apache.hadoop.hdds.server.OzoneProtocolMessageDispatcher.processRequest(OzoneProtocolMessageDispatcher.java:87) [hdds-server-framework-1.4.0-SNAPSHOT.jar:?]
	at org.apache.hadoop.ozone.protocolPB.OzoneManagerProtocolServerSideTranslatorPB.submitRequest(OzoneManagerProtocolServerSideTranslatorPB.java:147) [ozone-manager-1.4.0-SNAPSHOT.jar:?]
	at org.apache.hadoop.ozone.protocol.proto.OzoneManagerProtocolProtos$OzoneManagerService$2.callBlockingMethod(OzoneManagerProtocolProtos.java) [ozone-interface-client-1.4.0-SNAPSHOT.jar:?]
	at org.apache.hadoop.ipc.ProtobufRpcEngine$Server.processCall(ProtobufRpcEngine.java:484) [hadoop-common-3.3.5.jar:?]
	at org.apache.hadoop.ipc.ProtobufRpcEngine2$Server$ProtoBufRpcInvoker.call(ProtobufRpcEngine2.java:595) [hadoop-common-3.3.5.jar:?]
	at org.apache.hadoop.ipc.ProtobufRpcEngine2$Server$ProtoBufRpcInvoker.call(ProtobufRpcEngine2.java:573) [hadoop-common-3.3.5.jar:?]
	at org.apache.hadoop.ipc.RPC$Server.call(RPC.java:1213) [hadoop-common-3.3.5.jar:?]
	at org.apache.hadoop.ipc.Server$RpcCall.run(Server.java:1089) [hadoop-common-3.3.5.jar:?]
	at org.apache.hadoop.ipc.Server$RpcCall.run(Server.java:1012) [hadoop-common-3.3.5.jar:?]
	at java.security.AccessController.doPrivileged(Native Method) ~[?:1.8.0_362]
	at javax.security.auth.Subject.doAs(Subject.java:422) [?:1.8.0_362]
	at org.apache.hadoop.security.UserGroupInformation.doAs(UserGroupInformation.java:1899) [hadoop-common-3.3.5.jar:?]
	at org.apache.hadoop.ipc.Server$Handler.run(Server.java:3026) [hadoop-common-3.3.5.jar:?]
11:25:35.871 [IPC Server handler 16 on default port 39679] ERROR OMAudit - user=runner | ip=127.0.0.1 | op=GET_FILE_STATUS {volume=volume21709, bucket=bucket98076, key=testBatchDelete/parent/childFolder/child6, dataSize=0, replicationConfig=null} | ret=FAILURE
org.apache.hadoop.ozone.om.exceptions.OMException: Unable to get file status: volume: volume21709 bucket: bucket98076 key: testBatchDelete/parent/childFolder/child6
	at org.apache.hadoop.ozone.om.KeyManagerImpl.getOzoneFileStatus(KeyManagerImpl.java:1200) ~[ozone-manager-1.4.0-SNAPSHOT.jar:?]
	at org.apache.hadoop.ozone.om.KeyManagerImpl.getFileStatus(KeyManagerImpl.java:1118) ~[ozone-manager-1.4.0-SNAPSHOT.jar:?]
	at org.apache.hadoop.ozone.om.OmMetadataReader.getFileStatus(OmMetadataReader.java:288) ~[ozone-manager-1.4.0-SNAPSHOT.jar:?]
	at org.apache.hadoop.ozone.om.OzoneManager.getFileStatus(OzoneManager.java:3491) ~[ozone-manager-1.4.0-SNAPSHOT.jar:?]
	at org.apache.hadoop.ozone.protocolPB.OzoneManagerRequestHandler.getOzoneFileStatus(OzoneManagerRequestHandler.java:934) ~[ozone-manager-1.4.0-SNAPSHOT.jar:?]
	at org.apache.hadoop.ozone.protocolPB.OzoneManagerRequestHandler.handleReadRequest(OzoneManagerRequestHandler.java:238) ~[ozone-manager-1.4.0-SNAPSHOT.jar:?]
	at org.apache.hadoop.ozone.protocolPB.OzoneManagerProtocolServerSideTranslatorPB.submitReadRequestToOM(OzoneManagerProtocolServerSideTranslatorPB.java:223) ~[ozone-manager-1.4.0-SNAPSHOT.jar:?]
	at org.apache.hadoop.ozone.protocolPB.OzoneManagerProtocolServerSideTranslatorPB.processRequest(OzoneManagerProtocolServerSideTranslatorPB.java:177) ~[ozone-manager-1.4.0-SNAPSHOT.jar:?]
	at org.apache.hadoop.hdds.server.OzoneProtocolMessageDispatcher.processRequest(OzoneProtocolMessageDispatcher.java:87) [hdds-server-framework-1.4.0-SNAPSHOT.jar:?]
	at org.apache.hadoop.ozone.protocolPB.OzoneManagerProtocolServerSideTranslatorPB.submitRequest(OzoneManagerProtocolServerSideTranslatorPB.java:147) [ozone-manager-1.4.0-SNAPSHOT.jar:?]
	at org.apache.hadoop.ozone.protocol.proto.OzoneManagerProtocolProtos$OzoneManagerService$2.callBlockingMethod(OzoneManagerProtocolProtos.java) [ozone-interface-client-1.4.0-SNAPSHOT.jar:?]
	at org.apache.hadoop.ipc.ProtobufRpcEngine$Server.processCall(ProtobufRpcEngine.java:484) [hadoop-common-3.3.5.jar:?]
	at org.apache.hadoop.ipc.ProtobufRpcEngine2$Server$ProtoBufRpcInvoker.call(ProtobufRpcEngine2.java:595) [hadoop-common-3.3.5.jar:?]
	at org.apache.hadoop.ipc.ProtobufRpcEngine2$Server$ProtoBufRpcInvoker.call(ProtobufRpcEngine2.java:573) [hadoop-common-3.3.5.jar:?]
	at org.apache.hadoop.ipc.RPC$Server.call(RPC.java:1213) [hadoop-common-3.3.5.jar:?]
	at org.apache.hadoop.ipc.Server$RpcCall.run(Server.java:1089) [hadoop-common-3.3.5.jar:?]
	at org.apache.hadoop.ipc.Server$RpcCall.run(Server.java:1012) [hadoop-common-3.3.5.jar:?]
	at java.security.AccessController.doPrivileged(Native Method) ~[?:1.8.0_362]
	at javax.security.auth.Subject.doAs(Subject.java:422) [?:1.8.0_362]
	at org.apache.hadoop.security.UserGroupInformation.doAs(UserGroupInformation.java:1899) [hadoop-common-3.3.5.jar:?]
	at org.apache.hadoop.ipc.Server$Handler.run(Server.java:3026) [hadoop-common-3.3.5.jar:?]
11:25:35.871 [IPC Server handler 18 on default port 39679] ERROR OMAudit - user=runner | ip=127.0.0.1 | op=GET_FILE_STATUS {volume=volume21709, bucket=bucket98076, key=testBatchDelete/parent/child7, dataSize=0, replicationConfig=null} | ret=FAILURE
org.apache.hadoop.ozone.om.exceptions.OMException: Unable to get file status: volume: volume21709 bucket: bucket98076 key: testBatchDelete/parent/child7
	at org.apache.hadoop.ozone.om.KeyManagerImpl.getOzoneFileStatus(KeyManagerImpl.java:1200) ~[ozone-manager-1.4.0-SNAPSHOT.jar:?]
	at org.apache.hadoop.ozone.om.KeyManagerImpl.getFileStatus(KeyManagerImpl.java:1118) ~[ozone-manager-1.4.0-SNAPSHOT.jar:?]
	at org.apache.hadoop.ozone.om.OmMetadataReader.getFileStatus(OmMetadataReader.java:288) ~[ozone-manager-1.4.0-SNAPSHOT.jar:?]
	at org.apache.hadoop.ozone.om.OzoneManager.getFileStatus(OzoneManager.java:3491) ~[ozone-manager-1.4.0-SNAPSHOT.jar:?]
	at org.apache.hadoop.ozone.protocolPB.OzoneManagerRequestHandler.getOzoneFileStatus(OzoneManagerRequestHandler.java:934) ~[ozone-manager-1.4.0-SNAPSHOT.jar:?]
	at org.apache.hadoop.ozone.protocolPB.OzoneManagerRequestHandler.handleReadRequest(OzoneManagerRequestHandler.java:238) ~[ozone-manager-1.4.0-SNAPSHOT.jar:?]
	at org.apache.hadoop.ozone.protocolPB.OzoneManagerProtocolServerSideTranslatorPB.submitReadRequestToOM(OzoneManagerProtocolServerSideTranslatorPB.java:223) ~[ozone-manager-1.4.0-SNAPSHOT.jar:?]
	at org.apache.hadoop.ozone.protocolPB.OzoneManagerProtocolServerSideTranslatorPB.processRequest(OzoneManagerProtocolServerSideTranslatorPB.java:177) ~[ozone-manager-1.4.0-SNAPSHOT.jar:?]
	at org.apache.hadoop.hdds.server.OzoneProtocolMessageDispatcher.processRequest(OzoneProtocolMessageDispatcher.java:87) [hdds-server-framework-1.4.0-SNAPSHOT.jar:?]
	at org.apache.hadoop.ozone.protocolPB.OzoneManagerProtocolServerSideTranslatorPB.submitRequest(OzoneManagerProtocolServerSideTranslatorPB.java:147) [ozone-manager-1.4.0-SNAPSHOT.jar:?]
	at org.apache.hadoop.ozone.protocol.proto.OzoneManagerProtocolProtos$OzoneManagerService$2.callBlockingMethod(OzoneManagerProtocolProtos.java) [ozone-interface-client-1.4.0-SNAPSHOT.jar:?]
	at org.apache.hadoop.ipc.ProtobufRpcEngine$Server.processCall(ProtobufRpcEngine.java:484) [hadoop-common-3.3.5.jar:?]
	at org.apache.hadoop.ipc.ProtobufRpcEngine2$Server$ProtoBufRpcInvoker.call(ProtobufRpcEngine2.java:595) [hadoop-common-3.3.5.jar:?]
	at org.apache.hadoop.ipc.ProtobufRpcEngine2$Server$ProtoBufRpcInvoker.call(ProtobufRpcEngine2.java:573) [hadoop-common-3.3.5.jar:?]
	at org.apache.hadoop.ipc.RPC$Server.call(RPC.java:1213) [hadoop-common-3.3.5.jar:?]
	at org.apache.hadoop.ipc.Server$RpcCall.run(Server.java:1089) [hadoop-common-3.3.5.jar:?]
	at org.apache.hadoop.ipc.Server$RpcCall.run(Server.java:1012) [hadoop-common-3.3.5.jar:?]
	at java.security.AccessController.doPrivileged(Native Method) ~[?:1.8.0_362]
	at javax.security.auth.Subject.doAs(Subject.java:422) [?:1.8.0_362]
	at org.apache.hadoop.security.UserGroupInformation.doAs(UserGroupInformation.java:1899) [hadoop-common-3.3.5.jar:?]
	at org.apache.hadoop.ipc.Server$Handler.run(Server.java:3026) [hadoop-common-3.3.5.jar:?]
11:25:35.872 [IPC Server handler 19 on default port 39679] ERROR OMAudit - user=runner | ip=127.0.0.1 | op=GET_FILE_STATUS {volume=volume21709, bucket=bucket98076, key=testBatchDelete/parent/childFolder/child7, dataSize=0, replicationConfig=null} | ret=FAILURE
org.apache.hadoop.ozone.om.exceptions.OMException: Unable to get file status: volume: volume21709 bucket: bucket98076 key: testBatchDelete/parent/childFolder/child7
	at org.apache.hadoop.ozone.om.KeyManagerImpl.getOzoneFileStatus(KeyManagerImpl.java:1200) ~[ozone-manager-1.4.0-SNAPSHOT.jar:?]
	at org.apache.hadoop.ozone.om.KeyManagerImpl.getFileStatus(KeyManagerImpl.java:1118) ~[ozone-manager-1.4.0-SNAPSHOT.jar:?]
	at org.apache.hadoop.ozone.om.OmMetadataReader.getFileStatus(OmMetadataReader.java:288) ~[ozone-manager-1.4.0-SNAPSHOT.jar:?]
	at org.apache.hadoop.ozone.om.OzoneManager.getFileStatus(OzoneManager.java:3491) ~[ozone-manager-1.4.0-SNAPSHOT.jar:?]
	at org.apache.hadoop.ozone.protocolPB.OzoneManagerRequestHandler.getOzoneFileStatus(OzoneManagerRequestHandler.java:934) ~[ozone-manager-1.4.0-SNAPSHOT.jar:?]
	at org.apache.hadoop.ozone.protocolPB.OzoneManagerRequestHandler.handleReadRequest(OzoneManagerRequestHandler.java:238) ~[ozone-manager-1.4.0-SNAPSHOT.jar:?]
	at org.apache.hadoop.ozone.protocolPB.OzoneManagerProtocolServerSideTranslatorPB.submitReadRequestToOM(OzoneManagerProtocolServerSideTranslatorPB.java:223) ~[ozone-manager-1.4.0-SNAPSHOT.jar:?]
	at org.apache.hadoop.ozone.protocolPB.OzoneManagerProtocolServerSideTranslatorPB.processRequest(OzoneManagerProtocolServerSideTranslatorPB.java:177) ~[ozone-manager-1.4.0-SNAPSHOT.jar:?]
	at org.apache.hadoop.hdds.server.OzoneProtocolMessageDispatcher.processRequest(OzoneProtocolMessageDispatcher.java:87) [hdds-server-framework-1.4.0-SNAPSHOT.jar:?]
	at org.apache.hadoop.ozone.protocolPB.OzoneManagerProtocolServerSideTranslatorPB.submitRequest(OzoneManagerProtocolServerSideTranslatorPB.java:147) [ozone-manager-1.4.0-SNAPSHOT.jar:?]
	at org.apache.hadoop.ozone.protocol.proto.OzoneManagerProtocolProtos$OzoneManagerService$2.callBlockingMethod(OzoneManagerProtocolProtos.java) [ozone-interface-client-1.4.0-SNAPSHOT.jar:?]
	at org.apache.hadoop.ipc.ProtobufRpcEngine$Server.processCall(ProtobufRpcEngine.java:484) [hadoop-common-3.3.5.jar:?]
	at org.apache.hadoop.ipc.ProtobufRpcEngine2$Server$ProtoBufRpcInvoker.call(ProtobufRpcEngine2.java:595) [hadoop-common-3.3.5.jar:?]
	at org.apache.hadoop.ipc.ProtobufRpcEngine2$Server$ProtoBufRpcInvoker.call(ProtobufRpcEngine2.java:573) [hadoop-common-3.3.5.jar:?]
	at org.apache.hadoop.ipc.RPC$Server.call(RPC.java:1213) [hadoop-common-3.3.5.jar:?]
	at org.apache.hadoop.ipc.Server$RpcCall.run(Server.java:1089) [hadoop-common-3.3.5.jar:?]
	at org.apache.hadoop.ipc.Server$RpcCall.run(Server.java:1012) [hadoop-common-3.3.5.jar:?]
	at java.security.AccessController.doPrivileged(Native Method) ~[?:1.8.0_362]
	at javax.security.auth.Subject.doAs(Subject.java:422) [?:1.8.0_362]
	at org.apache.hadoop.security.UserGroupInformation.doAs(UserGroupInformation.java:1899) [hadoop-common-3.3.5.jar:?]
	at org.apache.hadoop.ipc.Server$Handler.run(Server.java:3026) [hadoop-common-3.3.5.jar:?]
11:25:35.873 [IPC Server handler 0 on default port 39679] ERROR OMAudit - user=runner | ip=127.0.0.1 | op=GET_FILE_STATUS {volume=volume21709, bucket=bucket98076, key=testBatchDelete/parent, dataSize=0, replicationConfig=null} | ret=FAILURE
org.apache.hadoop.ozone.om.exceptions.OMException: Unable to get file status: volume: volume21709 bucket: bucket98076 key: testBatchDelete/parent
	at org.apache.hadoop.ozone.om.KeyManagerImpl.getOzoneFileStatus(KeyManagerImpl.java:1200) ~[ozone-manager-1.4.0-SNAPSHOT.jar:?]
	at org.apache.hadoop.ozone.om.KeyManagerImpl.getFileStatus(KeyManagerImpl.java:1118) ~[ozone-manager-1.4.0-SNAPSHOT.jar:?]
	at org.apache.hadoop.ozone.om.OmMetadataReader.getFileStatus(OmMetadataReader.java:288) ~[ozone-manager-1.4.0-SNAPSHOT.jar:?]
	at org.apache.hadoop.ozone.om.OzoneManager.getFileStatus(OzoneManager.java:3491) ~[ozone-manager-1.4.0-SNAPSHOT.jar:?]
	at org.apache.hadoop.ozone.protocolPB.OzoneManagerRequestHandler.getOzoneFileStatus(OzoneManagerRequestHandler.java:934) ~[ozone-manager-1.4.0-SNAPSHOT.jar:?]
	at org.apache.hadoop.ozone.protocolPB.OzoneManagerRequestHandler.handleReadRequest(OzoneManagerRequestHandler.java:238) ~[ozone-manager-1.4.0-SNAPSHOT.jar:?]
	at org.apache.hadoop.ozone.protocolPB.OzoneManagerProtocolServerSideTranslatorPB.submitReadRequestToOM(OzoneManagerProtocolServerSideTranslatorPB.java:223) ~[ozone-manager-1.4.0-SNAPSHOT.jar:?]
	at org.apache.hadoop.ozone.protocolPB.OzoneManagerProtocolServerSideTranslatorPB.processRequest(OzoneManagerProtocolServerSideTranslatorPB.java:177) ~[ozone-manager-1.4.0-SNAPSHOT.jar:?]
	at org.apache.hadoop.hdds.server.OzoneProtocolMessageDispatcher.processRequest(OzoneProtocolMessageDispatcher.java:87) [hdds-server-framework-1.4.0-SNAPSHOT.jar:?]
	at org.apache.hadoop.ozone.protocolPB.OzoneManagerProtocolServerSideTranslatorPB.submitRequest(OzoneManagerProtocolServerSideTranslatorPB.java:147) [ozone-manager-1.4.0-SNAPSHOT.jar:?]
	at org.apache.hadoop.ozone.protocol.proto.OzoneManagerProtocolProtos$OzoneManagerService$2.callBlockingMethod(OzoneManagerProtocolProtos.java) [ozone-interface-client-1.4.0-SNAPSHOT.jar:?]
	at org.apache.hadoop.ipc.ProtobufRpcEngine$Server.processCall(ProtobufRpcEngine.java:484) [hadoop-common-3.3.5.jar:?]
	at org.apache.hadoop.ipc.ProtobufRpcEngine2$Server$ProtoBufRpcInvoker.call(ProtobufRpcEngine2.java:595) [hadoop-common-3.3.5.jar:?]
	at org.apache.hadoop.ipc.ProtobufRpcEngine2$Server$ProtoBufRpcInvoker.call(ProtobufRpcEngine2.java:573) [hadoop-common-3.3.5.jar:?]
	at org.apache.hadoop.ipc.RPC$Server.call(RPC.java:1213) [hadoop-common-3.3.5.jar:?]
	at org.apache.hadoop.ipc.Server$RpcCall.run(Server.java:1089) [hadoop-common-3.3.5.jar:?]
	at org.apache.hadoop.ipc.Server$RpcCall.run(Server.java:1012) [hadoop-common-3.3.5.jar:?]
	at java.security.AccessController.doPrivileged(Native Method) ~[?:1.8.0_362]
	at javax.security.auth.Subject.doAs(Subject.java:422) [?:1.8.0_362]
	at org.apache.hadoop.security.UserGroupInformation.doAs(UserGroupInformation.java:1899) [hadoop-common-3.3.5.jar:?]
	at org.apache.hadoop.ipc.Server$Handler.run(Server.java:3026) [hadoop-common-3.3.5.jar:?]
2023-04-11 11:25:35,873 [Time-limited test] WARN  ozone.BasicOzoneFileSystem (BasicOzoneFileSystem.java:delete(559)) - delete: Path does not exist: /testBatchDelete/parent
]]></system-out>
  </testcase>
  <testcase name="testFileDelete" classname="TestOzoneFileSystem" time="0.073">
    <system-out><![CDATA[2023-04-11 11:26:34,307 [IPC Server handler 0 on default port 44509] INFO  key.OMKeyRequest (OMKeyRequest.java:wrapUncommittedBlocksAsPseudoKey(838)) - Detect allocated but uncommitted blocks [{blockID={containerID=1, localID=111677748019200040}, length=4194304, offset=0, token=null, pipeline=null, createVersion=0, partNumber=0}] in key testBatchDelete/parent/child0.
2023-04-11 11:26:34,310 [IPC Server handler 1 on default port 44509] INFO  key.OMKeyRequest (OMKeyRequest.java:wrapUncommittedBlocksAsPseudoKey(838)) - Detect allocated but uncommitted blocks [{blockID={containerID=2, localID=111677748019200041}, length=4194304, offset=0, token=null, pipeline=null, createVersion=0, partNumber=0}] in key testBatchDelete/parent/childFolder/child0.
2023-04-11 11:26:34,317 [IPC Server handler 2 on default port 44509] INFO  key.OMKeyRequest (OMKeyRequest.java:wrapUncommittedBlocksAsPseudoKey(838)) - Detect allocated but uncommitted blocks [{blockID={containerID=1, localID=111677748019200042}, length=4194304, offset=0, token=null, pipeline=null, createVersion=0, partNumber=0}] in key testBatchDelete/parent/child1.
2023-04-11 11:26:34,321 [IPC Server handler 10 on default port 44509] INFO  key.OMKeyRequest (OMKeyRequest.java:wrapUncommittedBlocksAsPseudoKey(838)) - Detect allocated but uncommitted blocks [{blockID={containerID=2, localID=111677748019200043}, length=4194304, offset=0, token=null, pipeline=null, createVersion=0, partNumber=0}] in key testBatchDelete/parent/childFolder/child1.
2023-04-11 11:26:34,323 [IPC Server handler 19 on default port 44509] INFO  key.OMKeyRequest (OMKeyRequest.java:wrapUncommittedBlocksAsPseudoKey(838)) - Detect allocated but uncommitted blocks [{blockID={containerID=1, localID=111677748019200044}, length=4194304, offset=0, token=null, pipeline=null, createVersion=0, partNumber=0}] in key testBatchDelete/parent/child2.
2023-04-11 11:26:34,326 [IPC Server handler 3 on default port 44509] INFO  key.OMKeyRequest (OMKeyRequest.java:wrapUncommittedBlocksAsPseudoKey(838)) - Detect allocated but uncommitted blocks [{blockID={containerID=3, localID=111677748019200045}, length=4194304, offset=0, token=null, pipeline=null, createVersion=0, partNumber=0}] in key testBatchDelete/parent/childFolder/child2.
2023-04-11 11:26:34,329 [IPC Server handler 8 on default port 44509] INFO  key.OMKeyRequest (OMKeyRequest.java:wrapUncommittedBlocksAsPseudoKey(838)) - Detect allocated but uncommitted blocks [{blockID={containerID=4, localID=111677748019200046}, length=4194304, offset=0, token=null, pipeline=null, createVersion=0, partNumber=0}] in key testBatchDelete/parent/child3.
2023-04-11 11:26:34,331 [IPC Server handler 11 on default port 44509] INFO  key.OMKeyRequest (OMKeyRequest.java:wrapUncommittedBlocksAsPseudoKey(838)) - Detect allocated but uncommitted blocks [{blockID={containerID=3, localID=111677748019200047}, length=4194304, offset=0, token=null, pipeline=null, createVersion=0, partNumber=0}] in key testBatchDelete/parent/childFolder/child3.
2023-04-11 11:26:34,334 [IPC Server handler 13 on default port 44509] INFO  key.OMKeyRequest (OMKeyRequest.java:wrapUncommittedBlocksAsPseudoKey(838)) - Detect allocated but uncommitted blocks [{blockID={containerID=4, localID=111677748019200048}, length=4194304, offset=0, token=null, pipeline=null, createVersion=0, partNumber=0}] in key testBatchDelete/parent/child4.
2023-04-11 11:26:34,337 [IPC Server handler 18 on default port 44509] INFO  key.OMKeyRequest (OMKeyRequest.java:wrapUncommittedBlocksAsPseudoKey(838)) - Detect allocated but uncommitted blocks [{blockID={containerID=2, localID=111677748019200049}, length=4194304, offset=0, token=null, pipeline=null, createVersion=0, partNumber=0}] in key testBatchDelete/parent/childFolder/child4.
2023-04-11 11:26:34,341 [IPC Server handler 0 on default port 44509] INFO  key.OMKeyRequest (OMKeyRequest.java:wrapUncommittedBlocksAsPseudoKey(838)) - Detect allocated but uncommitted blocks [{blockID={containerID=1, localID=111677748019200050}, length=4194304, offset=0, token=null, pipeline=null, createVersion=0, partNumber=0}] in key testBatchDelete/parent/child5.
2023-04-11 11:26:34,344 [IPC Server handler 1 on default port 44509] INFO  key.OMKeyRequest (OMKeyRequest.java:wrapUncommittedBlocksAsPseudoKey(838)) - Detect allocated but uncommitted blocks [{blockID={containerID=2, localID=111677748019200051}, length=4194304, offset=0, token=null, pipeline=null, createVersion=0, partNumber=0}] in key testBatchDelete/parent/childFolder/child5.
2023-04-11 11:26:34,347 [IPC Server handler 2 on default port 44509] INFO  key.OMKeyRequest (OMKeyRequest.java:wrapUncommittedBlocksAsPseudoKey(838)) - Detect allocated but uncommitted blocks [{blockID={containerID=3, localID=111677748019200052}, length=4194304, offset=0, token=null, pipeline=null, createVersion=0, partNumber=0}] in key testBatchDelete/parent/child6.
2023-04-11 11:26:34,349 [IPC Server handler 10 on default port 44509] INFO  key.OMKeyRequest (OMKeyRequest.java:wrapUncommittedBlocksAsPseudoKey(838)) - Detect allocated but uncommitted blocks [{blockID={containerID=1, localID=111677748019200053}, length=4194304, offset=0, token=null, pipeline=null, createVersion=0, partNumber=0}] in key testBatchDelete/parent/childFolder/child6.
2023-04-11 11:26:34,355 [IPC Server handler 19 on default port 44509] INFO  key.OMKeyRequest (OMKeyRequest.java:wrapUncommittedBlocksAsPseudoKey(838)) - Detect allocated but uncommitted blocks [{blockID={containerID=2, localID=111677748019200054}, length=4194304, offset=0, token=null, pipeline=null, createVersion=0, partNumber=0}] in key testBatchDelete/parent/child7.
2023-04-11 11:26:34,358 [IPC Server handler 3 on default port 44509] INFO  key.OMKeyRequest (OMKeyRequest.java:wrapUncommittedBlocksAsPseudoKey(838)) - Detect allocated but uncommitted blocks [{blockID={containerID=1, localID=111677748019200055}, length=4194304, offset=0, token=null, pipeline=null, createVersion=0, partNumber=0}] in key testBatchDelete/parent/childFolder/child7.
11:26:34.365 [IPC Server handler 1 on default port 44509] ERROR OMAudit - user=runner | ip=127.0.0.1 | op=GET_FILE_STATUS {volume=volume17585, bucket=bucket91798, key=testBatchDelete, dataSize=0, replicationConfig=null} | ret=FAILURE
org.apache.hadoop.ozone.om.exceptions.OMException: Unable to get file status: volume: volume17585 bucket: bucket91798 key: testBatchDelete
	at org.apache.hadoop.ozone.om.KeyManagerImpl.getOzoneFileStatus(KeyManagerImpl.java:1200) ~[ozone-manager-1.4.0-SNAPSHOT.jar:?]
	at org.apache.hadoop.ozone.om.KeyManagerImpl.getFileStatus(KeyManagerImpl.java:1118) ~[ozone-manager-1.4.0-SNAPSHOT.jar:?]
	at org.apache.hadoop.ozone.om.OmMetadataReader.getFileStatus(OmMetadataReader.java:288) ~[ozone-manager-1.4.0-SNAPSHOT.jar:?]
	at org.apache.hadoop.ozone.om.OzoneManager.getFileStatus(OzoneManager.java:3491) ~[ozone-manager-1.4.0-SNAPSHOT.jar:?]
	at org.apache.hadoop.ozone.protocolPB.OzoneManagerRequestHandler.getOzoneFileStatus(OzoneManagerRequestHandler.java:934) ~[ozone-manager-1.4.0-SNAPSHOT.jar:?]
	at org.apache.hadoop.ozone.protocolPB.OzoneManagerRequestHandler.handleReadRequest(OzoneManagerRequestHandler.java:238) ~[ozone-manager-1.4.0-SNAPSHOT.jar:?]
	at org.apache.hadoop.ozone.protocolPB.OzoneManagerProtocolServerSideTranslatorPB.submitRequestDirectlyToOM(OzoneManagerProtocolServerSideTranslatorPB.java:272) ~[ozone-manager-1.4.0-SNAPSHOT.jar:?]
	at org.apache.hadoop.ozone.protocolPB.OzoneManagerProtocolServerSideTranslatorPB.processRequest(OzoneManagerProtocolServerSideTranslatorPB.java:173) ~[ozone-manager-1.4.0-SNAPSHOT.jar:?]
	at org.apache.hadoop.hdds.server.OzoneProtocolMessageDispatcher.processRequest(OzoneProtocolMessageDispatcher.java:87) [hdds-server-framework-1.4.0-SNAPSHOT.jar:?]
	at org.apache.hadoop.ozone.protocolPB.OzoneManagerProtocolServerSideTranslatorPB.submitRequest(OzoneManagerProtocolServerSideTranslatorPB.java:147) [ozone-manager-1.4.0-SNAPSHOT.jar:?]
	at org.apache.hadoop.ozone.protocol.proto.OzoneManagerProtocolProtos$OzoneManagerService$2.callBlockingMethod(OzoneManagerProtocolProtos.java) [ozone-interface-client-1.4.0-SNAPSHOT.jar:?]
	at org.apache.hadoop.ipc.ProtobufRpcEngine$Server.processCall(ProtobufRpcEngine.java:484) [hadoop-common-3.3.5.jar:?]
	at org.apache.hadoop.ipc.ProtobufRpcEngine2$Server$ProtoBufRpcInvoker.call(ProtobufRpcEngine2.java:595) [hadoop-common-3.3.5.jar:?]
	at org.apache.hadoop.ipc.ProtobufRpcEngine2$Server$ProtoBufRpcInvoker.call(ProtobufRpcEngine2.java:573) [hadoop-common-3.3.5.jar:?]
	at org.apache.hadoop.ipc.RPC$Server.call(RPC.java:1213) [hadoop-common-3.3.5.jar:?]
	at org.apache.hadoop.ipc.Server$RpcCall.run(Server.java:1089) [hadoop-common-3.3.5.jar:?]
	at org.apache.hadoop.ipc.Server$RpcCall.run(Server.java:1012) [hadoop-common-3.3.5.jar:?]
	at java.security.AccessController.doPrivileged(Native Method) ~[?:1.8.0_362]
	at javax.security.auth.Subject.doAs(Subject.java:422) [?:1.8.0_362]
	at org.apache.hadoop.security.UserGroupInformation.doAs(UserGroupInformation.java:1899) [hadoop-common-3.3.5.jar:?]
	at org.apache.hadoop.ipc.Server$Handler.run(Server.java:3026) [hadoop-common-3.3.5.jar:?]
11:26:34.365 [IPC Server handler 4 on default port 44509] ERROR OMAudit - user=runner | ip=127.0.0.1 | op=GET_FILE_STATUS {volume=volume17585, bucket=bucket91798, key=testBatchDelete/parent/child0, dataSize=0, replicationConfig=null} | ret=FAILURE
org.apache.hadoop.ozone.om.exceptions.OMException: Unable to get file status: volume: volume17585 bucket: bucket91798 key: testBatchDelete/parent/child0
	at org.apache.hadoop.ozone.om.KeyManagerImpl.getOzoneFileStatus(KeyManagerImpl.java:1200) ~[ozone-manager-1.4.0-SNAPSHOT.jar:?]
	at org.apache.hadoop.ozone.om.KeyManagerImpl.getFileStatus(KeyManagerImpl.java:1118) ~[ozone-manager-1.4.0-SNAPSHOT.jar:?]
	at org.apache.hadoop.ozone.om.OmMetadataReader.getFileStatus(OmMetadataReader.java:288) ~[ozone-manager-1.4.0-SNAPSHOT.jar:?]
	at org.apache.hadoop.ozone.om.OzoneManager.getFileStatus(OzoneManager.java:3491) ~[ozone-manager-1.4.0-SNAPSHOT.jar:?]
	at org.apache.hadoop.ozone.protocolPB.OzoneManagerRequestHandler.getOzoneFileStatus(OzoneManagerRequestHandler.java:934) ~[ozone-manager-1.4.0-SNAPSHOT.jar:?]
	at org.apache.hadoop.ozone.protocolPB.OzoneManagerRequestHandler.handleReadRequest(OzoneManagerRequestHandler.java:238) ~[ozone-manager-1.4.0-SNAPSHOT.jar:?]
	at org.apache.hadoop.ozone.protocolPB.OzoneManagerProtocolServerSideTranslatorPB.submitRequestDirectlyToOM(OzoneManagerProtocolServerSideTranslatorPB.java:272) ~[ozone-manager-1.4.0-SNAPSHOT.jar:?]
	at org.apache.hadoop.ozone.protocolPB.OzoneManagerProtocolServerSideTranslatorPB.processRequest(OzoneManagerProtocolServerSideTranslatorPB.java:173) ~[ozone-manager-1.4.0-SNAPSHOT.jar:?]
	at org.apache.hadoop.hdds.server.OzoneProtocolMessageDispatcher.processRequest(OzoneProtocolMessageDispatcher.java:87) [hdds-server-framework-1.4.0-SNAPSHOT.jar:?]
	at org.apache.hadoop.ozone.protocolPB.OzoneManagerProtocolServerSideTranslatorPB.submitRequest(OzoneManagerProtocolServerSideTranslatorPB.java:147) [ozone-manager-1.4.0-SNAPSHOT.jar:?]
	at org.apache.hadoop.ozone.protocol.proto.OzoneManagerProtocolProtos$OzoneManagerService$2.callBlockingMethod(OzoneManagerProtocolProtos.java) [ozone-interface-client-1.4.0-SNAPSHOT.jar:?]
	at org.apache.hadoop.ipc.ProtobufRpcEngine$Server.processCall(ProtobufRpcEngine.java:484) [hadoop-common-3.3.5.jar:?]
	at org.apache.hadoop.ipc.ProtobufRpcEngine2$Server$ProtoBufRpcInvoker.call(ProtobufRpcEngine2.java:595) [hadoop-common-3.3.5.jar:?]
	at org.apache.hadoop.ipc.ProtobufRpcEngine2$Server$ProtoBufRpcInvoker.call(ProtobufRpcEngine2.java:573) [hadoop-common-3.3.5.jar:?]
	at org.apache.hadoop.ipc.RPC$Server.call(RPC.java:1213) [hadoop-common-3.3.5.jar:?]
	at org.apache.hadoop.ipc.Server$RpcCall.run(Server.java:1089) [hadoop-common-3.3.5.jar:?]
	at org.apache.hadoop.ipc.Server$RpcCall.run(Server.java:1012) [hadoop-common-3.3.5.jar:?]
	at java.security.AccessController.doPrivileged(Native Method) ~[?:1.8.0_362]
	at javax.security.auth.Subject.doAs(Subject.java:422) [?:1.8.0_362]
	at org.apache.hadoop.security.UserGroupInformation.doAs(UserGroupInformation.java:1899) [hadoop-common-3.3.5.jar:?]
	at org.apache.hadoop.ipc.Server$Handler.run(Server.java:3026) [hadoop-common-3.3.5.jar:?]
11:26:34.366 [IPC Server handler 2 on default port 44509] ERROR OMAudit - user=runner | ip=127.0.0.1 | op=GET_FILE_STATUS {volume=volume17585, bucket=bucket91798, key=testBatchDelete/parent/childFolder/child0, dataSize=0, replicationConfig=null} | ret=FAILURE
org.apache.hadoop.ozone.om.exceptions.OMException: Unable to get file status: volume: volume17585 bucket: bucket91798 key: testBatchDelete/parent/childFolder/child0
	at org.apache.hadoop.ozone.om.KeyManagerImpl.getOzoneFileStatus(KeyManagerImpl.java:1200) ~[ozone-manager-1.4.0-SNAPSHOT.jar:?]
	at org.apache.hadoop.ozone.om.KeyManagerImpl.getFileStatus(KeyManagerImpl.java:1118) ~[ozone-manager-1.4.0-SNAPSHOT.jar:?]
	at org.apache.hadoop.ozone.om.OmMetadataReader.getFileStatus(OmMetadataReader.java:288) ~[ozone-manager-1.4.0-SNAPSHOT.jar:?]
	at org.apache.hadoop.ozone.om.OzoneManager.getFileStatus(OzoneManager.java:3491) ~[ozone-manager-1.4.0-SNAPSHOT.jar:?]
	at org.apache.hadoop.ozone.protocolPB.OzoneManagerRequestHandler.getOzoneFileStatus(OzoneManagerRequestHandler.java:934) ~[ozone-manager-1.4.0-SNAPSHOT.jar:?]
	at org.apache.hadoop.ozone.protocolPB.OzoneManagerRequestHandler.handleReadRequest(OzoneManagerRequestHandler.java:238) ~[ozone-manager-1.4.0-SNAPSHOT.jar:?]
	at org.apache.hadoop.ozone.protocolPB.OzoneManagerProtocolServerSideTranslatorPB.submitRequestDirectlyToOM(OzoneManagerProtocolServerSideTranslatorPB.java:272) ~[ozone-manager-1.4.0-SNAPSHOT.jar:?]
	at org.apache.hadoop.ozone.protocolPB.OzoneManagerProtocolServerSideTranslatorPB.processRequest(OzoneManagerProtocolServerSideTranslatorPB.java:173) ~[ozone-manager-1.4.0-SNAPSHOT.jar:?]
	at org.apache.hadoop.hdds.server.OzoneProtocolMessageDispatcher.processRequest(OzoneProtocolMessageDispatcher.java:87) [hdds-server-framework-1.4.0-SNAPSHOT.jar:?]
	at org.apache.hadoop.ozone.protocolPB.OzoneManagerProtocolServerSideTranslatorPB.submitRequest(OzoneManagerProtocolServerSideTranslatorPB.java:147) [ozone-manager-1.4.0-SNAPSHOT.jar:?]
	at org.apache.hadoop.ozone.protocol.proto.OzoneManagerProtocolProtos$OzoneManagerService$2.callBlockingMethod(OzoneManagerProtocolProtos.java) [ozone-interface-client-1.4.0-SNAPSHOT.jar:?]
	at org.apache.hadoop.ipc.ProtobufRpcEngine$Server.processCall(ProtobufRpcEngine.java:484) [hadoop-common-3.3.5.jar:?]
	at org.apache.hadoop.ipc.ProtobufRpcEngine2$Server$ProtoBufRpcInvoker.call(ProtobufRpcEngine2.java:595) [hadoop-common-3.3.5.jar:?]
	at org.apache.hadoop.ipc.ProtobufRpcEngine2$Server$ProtoBufRpcInvoker.call(ProtobufRpcEngine2.java:573) [hadoop-common-3.3.5.jar:?]
	at org.apache.hadoop.ipc.RPC$Server.call(RPC.java:1213) [hadoop-common-3.3.5.jar:?]
	at org.apache.hadoop.ipc.Server$RpcCall.run(Server.java:1089) [hadoop-common-3.3.5.jar:?]
	at org.apache.hadoop.ipc.Server$RpcCall.run(Server.java:1012) [hadoop-common-3.3.5.jar:?]
	at java.security.AccessController.doPrivileged(Native Method) ~[?:1.8.0_362]
	at javax.security.auth.Subject.doAs(Subject.java:422) [?:1.8.0_362]
	at org.apache.hadoop.security.UserGroupInformation.doAs(UserGroupInformation.java:1899) [hadoop-common-3.3.5.jar:?]
	at org.apache.hadoop.ipc.Server$Handler.run(Server.java:3026) [hadoop-common-3.3.5.jar:?]
11:26:34.367 [IPC Server handler 5 on default port 44509] ERROR OMAudit - user=runner | ip=127.0.0.1 | op=GET_FILE_STATUS {volume=volume17585, bucket=bucket91798, key=testBatchDelete/parent/child1, dataSize=0, replicationConfig=null} | ret=FAILURE
org.apache.hadoop.ozone.om.exceptions.OMException: Unable to get file status: volume: volume17585 bucket: bucket91798 key: testBatchDelete/parent/child1
	at org.apache.hadoop.ozone.om.KeyManagerImpl.getOzoneFileStatus(KeyManagerImpl.java:1200) ~[ozone-manager-1.4.0-SNAPSHOT.jar:?]
	at org.apache.hadoop.ozone.om.KeyManagerImpl.getFileStatus(KeyManagerImpl.java:1118) ~[ozone-manager-1.4.0-SNAPSHOT.jar:?]
	at org.apache.hadoop.ozone.om.OmMetadataReader.getFileStatus(OmMetadataReader.java:288) ~[ozone-manager-1.4.0-SNAPSHOT.jar:?]
	at org.apache.hadoop.ozone.om.OzoneManager.getFileStatus(OzoneManager.java:3491) ~[ozone-manager-1.4.0-SNAPSHOT.jar:?]
	at org.apache.hadoop.ozone.protocolPB.OzoneManagerRequestHandler.getOzoneFileStatus(OzoneManagerRequestHandler.java:934) ~[ozone-manager-1.4.0-SNAPSHOT.jar:?]
	at org.apache.hadoop.ozone.protocolPB.OzoneManagerRequestHandler.handleReadRequest(OzoneManagerRequestHandler.java:238) ~[ozone-manager-1.4.0-SNAPSHOT.jar:?]
	at org.apache.hadoop.ozone.protocolPB.OzoneManagerProtocolServerSideTranslatorPB.submitRequestDirectlyToOM(OzoneManagerProtocolServerSideTranslatorPB.java:272) ~[ozone-manager-1.4.0-SNAPSHOT.jar:?]
	at org.apache.hadoop.ozone.protocolPB.OzoneManagerProtocolServerSideTranslatorPB.processRequest(OzoneManagerProtocolServerSideTranslatorPB.java:173) ~[ozone-manager-1.4.0-SNAPSHOT.jar:?]
	at org.apache.hadoop.hdds.server.OzoneProtocolMessageDispatcher.processRequest(OzoneProtocolMessageDispatcher.java:87) [hdds-server-framework-1.4.0-SNAPSHOT.jar:?]
	at org.apache.hadoop.ozone.protocolPB.OzoneManagerProtocolServerSideTranslatorPB.submitRequest(OzoneManagerProtocolServerSideTranslatorPB.java:147) [ozone-manager-1.4.0-SNAPSHOT.jar:?]
	at org.apache.hadoop.ozone.protocol.proto.OzoneManagerProtocolProtos$OzoneManagerService$2.callBlockingMethod(OzoneManagerProtocolProtos.java) [ozone-interface-client-1.4.0-SNAPSHOT.jar:?]
	at org.apache.hadoop.ipc.ProtobufRpcEngine$Server.processCall(ProtobufRpcEngine.java:484) [hadoop-common-3.3.5.jar:?]
	at org.apache.hadoop.ipc.ProtobufRpcEngine2$Server$ProtoBufRpcInvoker.call(ProtobufRpcEngine2.java:595) [hadoop-common-3.3.5.jar:?]
	at org.apache.hadoop.ipc.ProtobufRpcEngine2$Server$ProtoBufRpcInvoker.call(ProtobufRpcEngine2.java:573) [hadoop-common-3.3.5.jar:?]
	at org.apache.hadoop.ipc.RPC$Server.call(RPC.java:1213) [hadoop-common-3.3.5.jar:?]
	at org.apache.hadoop.ipc.Server$RpcCall.run(Server.java:1089) [hadoop-common-3.3.5.jar:?]
	at org.apache.hadoop.ipc.Server$RpcCall.run(Server.java:1012) [hadoop-common-3.3.5.jar:?]
	at java.security.AccessController.doPrivileged(Native Method) ~[?:1.8.0_362]
	at javax.security.auth.Subject.doAs(Subject.java:422) [?:1.8.0_362]
	at org.apache.hadoop.security.UserGroupInformation.doAs(UserGroupInformation.java:1899) [hadoop-common-3.3.5.jar:?]
	at org.apache.hadoop.ipc.Server$Handler.run(Server.java:3026) [hadoop-common-3.3.5.jar:?]
11:26:34.367 [IPC Server handler 10 on default port 44509] ERROR OMAudit - user=runner | ip=127.0.0.1 | op=GET_FILE_STATUS {volume=volume17585, bucket=bucket91798, key=testBatchDelete/parent/childFolder/child1, dataSize=0, replicationConfig=null} | ret=FAILURE
org.apache.hadoop.ozone.om.exceptions.OMException: Unable to get file status: volume: volume17585 bucket: bucket91798 key: testBatchDelete/parent/childFolder/child1
	at org.apache.hadoop.ozone.om.KeyManagerImpl.getOzoneFileStatus(KeyManagerImpl.java:1200) ~[ozone-manager-1.4.0-SNAPSHOT.jar:?]
	at org.apache.hadoop.ozone.om.KeyManagerImpl.getFileStatus(KeyManagerImpl.java:1118) ~[ozone-manager-1.4.0-SNAPSHOT.jar:?]
	at org.apache.hadoop.ozone.om.OmMetadataReader.getFileStatus(OmMetadataReader.java:288) ~[ozone-manager-1.4.0-SNAPSHOT.jar:?]
	at org.apache.hadoop.ozone.om.OzoneManager.getFileStatus(OzoneManager.java:3491) ~[ozone-manager-1.4.0-SNAPSHOT.jar:?]
	at org.apache.hadoop.ozone.protocolPB.OzoneManagerRequestHandler.getOzoneFileStatus(OzoneManagerRequestHandler.java:934) ~[ozone-manager-1.4.0-SNAPSHOT.jar:?]
	at org.apache.hadoop.ozone.protocolPB.OzoneManagerRequestHandler.handleReadRequest(OzoneManagerRequestHandler.java:238) ~[ozone-manager-1.4.0-SNAPSHOT.jar:?]
	at org.apache.hadoop.ozone.protocolPB.OzoneManagerProtocolServerSideTranslatorPB.submitRequestDirectlyToOM(OzoneManagerProtocolServerSideTranslatorPB.java:272) ~[ozone-manager-1.4.0-SNAPSHOT.jar:?]
	at org.apache.hadoop.ozone.protocolPB.OzoneManagerProtocolServerSideTranslatorPB.processRequest(OzoneManagerProtocolServerSideTranslatorPB.java:173) ~[ozone-manager-1.4.0-SNAPSHOT.jar:?]
	at org.apache.hadoop.hdds.server.OzoneProtocolMessageDispatcher.processRequest(OzoneProtocolMessageDispatcher.java:87) [hdds-server-framework-1.4.0-SNAPSHOT.jar:?]
	at org.apache.hadoop.ozone.protocolPB.OzoneManagerProtocolServerSideTranslatorPB.submitRequest(OzoneManagerProtocolServerSideTranslatorPB.java:147) [ozone-manager-1.4.0-SNAPSHOT.jar:?]
	at org.apache.hadoop.ozone.protocol.proto.OzoneManagerProtocolProtos$OzoneManagerService$2.callBlockingMethod(OzoneManagerProtocolProtos.java) [ozone-interface-client-1.4.0-SNAPSHOT.jar:?]
	at org.apache.hadoop.ipc.ProtobufRpcEngine$Server.processCall(ProtobufRpcEngine.java:484) [hadoop-common-3.3.5.jar:?]
	at org.apache.hadoop.ipc.ProtobufRpcEngine2$Server$ProtoBufRpcInvoker.call(ProtobufRpcEngine2.java:595) [hadoop-common-3.3.5.jar:?]
	at org.apache.hadoop.ipc.ProtobufRpcEngine2$Server$ProtoBufRpcInvoker.call(ProtobufRpcEngine2.java:573) [hadoop-common-3.3.5.jar:?]
	at org.apache.hadoop.ipc.RPC$Server.call(RPC.java:1213) [hadoop-common-3.3.5.jar:?]
	at org.apache.hadoop.ipc.Server$RpcCall.run(Server.java:1089) [hadoop-common-3.3.5.jar:?]
	at org.apache.hadoop.ipc.Server$RpcCall.run(Server.java:1012) [hadoop-common-3.3.5.jar:?]
	at java.security.AccessController.doPrivileged(Native Method) ~[?:1.8.0_362]
	at javax.security.auth.Subject.doAs(Subject.java:422) [?:1.8.0_362]
	at org.apache.hadoop.security.UserGroupInformation.doAs(UserGroupInformation.java:1899) [hadoop-common-3.3.5.jar:?]
	at org.apache.hadoop.ipc.Server$Handler.run(Server.java:3026) [hadoop-common-3.3.5.jar:?]
11:26:34.368 [IPC Server handler 14 on default port 44509] ERROR OMAudit - user=runner | ip=127.0.0.1 | op=GET_FILE_STATUS {volume=volume17585, bucket=bucket91798, key=testBatchDelete/parent/child2, dataSize=0, replicationConfig=null} | ret=FAILURE
org.apache.hadoop.ozone.om.exceptions.OMException: Unable to get file status: volume: volume17585 bucket: bucket91798 key: testBatchDelete/parent/child2
	at org.apache.hadoop.ozone.om.KeyManagerImpl.getOzoneFileStatus(KeyManagerImpl.java:1200) ~[ozone-manager-1.4.0-SNAPSHOT.jar:?]
	at org.apache.hadoop.ozone.om.KeyManagerImpl.getFileStatus(KeyManagerImpl.java:1118) ~[ozone-manager-1.4.0-SNAPSHOT.jar:?]
	at org.apache.hadoop.ozone.om.OmMetadataReader.getFileStatus(OmMetadataReader.java:288) ~[ozone-manager-1.4.0-SNAPSHOT.jar:?]
	at org.apache.hadoop.ozone.om.OzoneManager.getFileStatus(OzoneManager.java:3491) ~[ozone-manager-1.4.0-SNAPSHOT.jar:?]
	at org.apache.hadoop.ozone.protocolPB.OzoneManagerRequestHandler.getOzoneFileStatus(OzoneManagerRequestHandler.java:934) ~[ozone-manager-1.4.0-SNAPSHOT.jar:?]
	at org.apache.hadoop.ozone.protocolPB.OzoneManagerRequestHandler.handleReadRequest(OzoneManagerRequestHandler.java:238) ~[ozone-manager-1.4.0-SNAPSHOT.jar:?]
	at org.apache.hadoop.ozone.protocolPB.OzoneManagerProtocolServerSideTranslatorPB.submitRequestDirectlyToOM(OzoneManagerProtocolServerSideTranslatorPB.java:272) ~[ozone-manager-1.4.0-SNAPSHOT.jar:?]
	at org.apache.hadoop.ozone.protocolPB.OzoneManagerProtocolServerSideTranslatorPB.processRequest(OzoneManagerProtocolServerSideTranslatorPB.java:173) ~[ozone-manager-1.4.0-SNAPSHOT.jar:?]
	at org.apache.hadoop.hdds.server.OzoneProtocolMessageDispatcher.processRequest(OzoneProtocolMessageDispatcher.java:87) [hdds-server-framework-1.4.0-SNAPSHOT.jar:?]
	at org.apache.hadoop.ozone.protocolPB.OzoneManagerProtocolServerSideTranslatorPB.submitRequest(OzoneManagerProtocolServerSideTranslatorPB.java:147) [ozone-manager-1.4.0-SNAPSHOT.jar:?]
	at org.apache.hadoop.ozone.protocol.proto.OzoneManagerProtocolProtos$OzoneManagerService$2.callBlockingMethod(OzoneManagerProtocolProtos.java) [ozone-interface-client-1.4.0-SNAPSHOT.jar:?]
	at org.apache.hadoop.ipc.ProtobufRpcEngine$Server.processCall(ProtobufRpcEngine.java:484) [hadoop-common-3.3.5.jar:?]
	at org.apache.hadoop.ipc.ProtobufRpcEngine2$Server$ProtoBufRpcInvoker.call(ProtobufRpcEngine2.java:595) [hadoop-common-3.3.5.jar:?]
	at org.apache.hadoop.ipc.ProtobufRpcEngine2$Server$ProtoBufRpcInvoker.call(ProtobufRpcEngine2.java:573) [hadoop-common-3.3.5.jar:?]
	at org.apache.hadoop.ipc.RPC$Server.call(RPC.java:1213) [hadoop-common-3.3.5.jar:?]
	at org.apache.hadoop.ipc.Server$RpcCall.run(Server.java:1089) [hadoop-common-3.3.5.jar:?]
	at org.apache.hadoop.ipc.Server$RpcCall.run(Server.java:1012) [hadoop-common-3.3.5.jar:?]
	at java.security.AccessController.doPrivileged(Native Method) ~[?:1.8.0_362]
	at javax.security.auth.Subject.doAs(Subject.java:422) [?:1.8.0_362]
	at org.apache.hadoop.security.UserGroupInformation.doAs(UserGroupInformation.java:1899) [hadoop-common-3.3.5.jar:?]
	at org.apache.hadoop.ipc.Server$Handler.run(Server.java:3026) [hadoop-common-3.3.5.jar:?]
11:26:34.368 [IPC Server handler 19 on default port 44509] ERROR OMAudit - user=runner | ip=127.0.0.1 | op=GET_FILE_STATUS {volume=volume17585, bucket=bucket91798, key=testBatchDelete/parent/childFolder/child2, dataSize=0, replicationConfig=null} | ret=FAILURE
org.apache.hadoop.ozone.om.exceptions.OMException: Unable to get file status: volume: volume17585 bucket: bucket91798 key: testBatchDelete/parent/childFolder/child2
	at org.apache.hadoop.ozone.om.KeyManagerImpl.getOzoneFileStatus(KeyManagerImpl.java:1200) ~[ozone-manager-1.4.0-SNAPSHOT.jar:?]
	at org.apache.hadoop.ozone.om.KeyManagerImpl.getFileStatus(KeyManagerImpl.java:1118) ~[ozone-manager-1.4.0-SNAPSHOT.jar:?]
	at org.apache.hadoop.ozone.om.OmMetadataReader.getFileStatus(OmMetadataReader.java:288) ~[ozone-manager-1.4.0-SNAPSHOT.jar:?]
	at org.apache.hadoop.ozone.om.OzoneManager.getFileStatus(OzoneManager.java:3491) ~[ozone-manager-1.4.0-SNAPSHOT.jar:?]
	at org.apache.hadoop.ozone.protocolPB.OzoneManagerRequestHandler.getOzoneFileStatus(OzoneManagerRequestHandler.java:934) ~[ozone-manager-1.4.0-SNAPSHOT.jar:?]
	at org.apache.hadoop.ozone.protocolPB.OzoneManagerRequestHandler.handleReadRequest(OzoneManagerRequestHandler.java:238) ~[ozone-manager-1.4.0-SNAPSHOT.jar:?]
	at org.apache.hadoop.ozone.protocolPB.OzoneManagerProtocolServerSideTranslatorPB.submitRequestDirectlyToOM(OzoneManagerProtocolServerSideTranslatorPB.java:272) ~[ozone-manager-1.4.0-SNAPSHOT.jar:?]
	at org.apache.hadoop.ozone.protocolPB.OzoneManagerProtocolServerSideTranslatorPB.processRequest(OzoneManagerProtocolServerSideTranslatorPB.java:173) ~[ozone-manager-1.4.0-SNAPSHOT.jar:?]
	at org.apache.hadoop.hdds.server.OzoneProtocolMessageDispatcher.processRequest(OzoneProtocolMessageDispatcher.java:87) [hdds-server-framework-1.4.0-SNAPSHOT.jar:?]
	at org.apache.hadoop.ozone.protocolPB.OzoneManagerProtocolServerSideTranslatorPB.submitRequest(OzoneManagerProtocolServerSideTranslatorPB.java:147) [ozone-manager-1.4.0-SNAPSHOT.jar:?]
	at org.apache.hadoop.ozone.protocol.proto.OzoneManagerProtocolProtos$OzoneManagerService$2.callBlockingMethod(OzoneManagerProtocolProtos.java) [ozone-interface-client-1.4.0-SNAPSHOT.jar:?]
	at org.apache.hadoop.ipc.ProtobufRpcEngine$Server.processCall(ProtobufRpcEngine.java:484) [hadoop-common-3.3.5.jar:?]
	at org.apache.hadoop.ipc.ProtobufRpcEngine2$Server$ProtoBufRpcInvoker.call(ProtobufRpcEngine2.java:595) [hadoop-common-3.3.5.jar:?]
	at org.apache.hadoop.ipc.ProtobufRpcEngine2$Server$ProtoBufRpcInvoker.call(ProtobufRpcEngine2.java:573) [hadoop-common-3.3.5.jar:?]
	at org.apache.hadoop.ipc.RPC$Server.call(RPC.java:1213) [hadoop-common-3.3.5.jar:?]
	at org.apache.hadoop.ipc.Server$RpcCall.run(Server.java:1089) [hadoop-common-3.3.5.jar:?]
	at org.apache.hadoop.ipc.Server$RpcCall.run(Server.java:1012) [hadoop-common-3.3.5.jar:?]
	at java.security.AccessController.doPrivileged(Native Method) ~[?:1.8.0_362]
	at javax.security.auth.Subject.doAs(Subject.java:422) [?:1.8.0_362]
	at org.apache.hadoop.security.UserGroupInformation.doAs(UserGroupInformation.java:1899) [hadoop-common-3.3.5.jar:?]
	at org.apache.hadoop.ipc.Server$Handler.run(Server.java:3026) [hadoop-common-3.3.5.jar:?]
11:26:34.369 [IPC Server handler 16 on default port 44509] ERROR OMAudit - user=runner | ip=127.0.0.1 | op=GET_FILE_STATUS {volume=volume17585, bucket=bucket91798, key=testBatchDelete/parent/child3, dataSize=0, replicationConfig=null} | ret=FAILURE
org.apache.hadoop.ozone.om.exceptions.OMException: Unable to get file status: volume: volume17585 bucket: bucket91798 key: testBatchDelete/parent/child3
	at org.apache.hadoop.ozone.om.KeyManagerImpl.getOzoneFileStatus(KeyManagerImpl.java:1200) ~[ozone-manager-1.4.0-SNAPSHOT.jar:?]
	at org.apache.hadoop.ozone.om.KeyManagerImpl.getFileStatus(KeyManagerImpl.java:1118) ~[ozone-manager-1.4.0-SNAPSHOT.jar:?]
	at org.apache.hadoop.ozone.om.OmMetadataReader.getFileStatus(OmMetadataReader.java:288) ~[ozone-manager-1.4.0-SNAPSHOT.jar:?]
	at org.apache.hadoop.ozone.om.OzoneManager.getFileStatus(OzoneManager.java:3491) ~[ozone-manager-1.4.0-SNAPSHOT.jar:?]
	at org.apache.hadoop.ozone.protocolPB.OzoneManagerRequestHandler.getOzoneFileStatus(OzoneManagerRequestHandler.java:934) ~[ozone-manager-1.4.0-SNAPSHOT.jar:?]
	at org.apache.hadoop.ozone.protocolPB.OzoneManagerRequestHandler.handleReadRequest(OzoneManagerRequestHandler.java:238) ~[ozone-manager-1.4.0-SNAPSHOT.jar:?]
	at org.apache.hadoop.ozone.protocolPB.OzoneManagerProtocolServerSideTranslatorPB.submitRequestDirectlyToOM(OzoneManagerProtocolServerSideTranslatorPB.java:272) ~[ozone-manager-1.4.0-SNAPSHOT.jar:?]
	at org.apache.hadoop.ozone.protocolPB.OzoneManagerProtocolServerSideTranslatorPB.processRequest(OzoneManagerProtocolServerSideTranslatorPB.java:173) ~[ozone-manager-1.4.0-SNAPSHOT.jar:?]
	at org.apache.hadoop.hdds.server.OzoneProtocolMessageDispatcher.processRequest(OzoneProtocolMessageDispatcher.java:87) [hdds-server-framework-1.4.0-SNAPSHOT.jar:?]
	at org.apache.hadoop.ozone.protocolPB.OzoneManagerProtocolServerSideTranslatorPB.submitRequest(OzoneManagerProtocolServerSideTranslatorPB.java:147) [ozone-manager-1.4.0-SNAPSHOT.jar:?]
	at org.apache.hadoop.ozone.protocol.proto.OzoneManagerProtocolProtos$OzoneManagerService$2.callBlockingMethod(OzoneManagerProtocolProtos.java) [ozone-interface-client-1.4.0-SNAPSHOT.jar:?]
	at org.apache.hadoop.ipc.ProtobufRpcEngine$Server.processCall(ProtobufRpcEngine.java:484) [hadoop-common-3.3.5.jar:?]
	at org.apache.hadoop.ipc.ProtobufRpcEngine2$Server$ProtoBufRpcInvoker.call(ProtobufRpcEngine2.java:595) [hadoop-common-3.3.5.jar:?]
	at org.apache.hadoop.ipc.ProtobufRpcEngine2$Server$ProtoBufRpcInvoker.call(ProtobufRpcEngine2.java:573) [hadoop-common-3.3.5.jar:?]
	at org.apache.hadoop.ipc.RPC$Server.call(RPC.java:1213) [hadoop-common-3.3.5.jar:?]
	at org.apache.hadoop.ipc.Server$RpcCall.run(Server.java:1089) [hadoop-common-3.3.5.jar:?]
	at org.apache.hadoop.ipc.Server$RpcCall.run(Server.java:1012) [hadoop-common-3.3.5.jar:?]
	at java.security.AccessController.doPrivileged(Native Method) ~[?:1.8.0_362]
	at javax.security.auth.Subject.doAs(Subject.java:422) [?:1.8.0_362]
	at org.apache.hadoop.security.UserGroupInformation.doAs(UserGroupInformation.java:1899) [hadoop-common-3.3.5.jar:?]
	at org.apache.hadoop.ipc.Server$Handler.run(Server.java:3026) [hadoop-common-3.3.5.jar:?]
11:26:34.369 [IPC Server handler 3 on default port 44509] ERROR OMAudit - user=runner | ip=127.0.0.1 | op=GET_FILE_STATUS {volume=volume17585, bucket=bucket91798, key=testBatchDelete/parent/childFolder/child3, dataSize=0, replicationConfig=null} | ret=FAILURE
org.apache.hadoop.ozone.om.exceptions.OMException: Unable to get file status: volume: volume17585 bucket: bucket91798 key: testBatchDelete/parent/childFolder/child3
	at org.apache.hadoop.ozone.om.KeyManagerImpl.getOzoneFileStatus(KeyManagerImpl.java:1200) ~[ozone-manager-1.4.0-SNAPSHOT.jar:?]
	at org.apache.hadoop.ozone.om.KeyManagerImpl.getFileStatus(KeyManagerImpl.java:1118) ~[ozone-manager-1.4.0-SNAPSHOT.jar:?]
	at org.apache.hadoop.ozone.om.OmMetadataReader.getFileStatus(OmMetadataReader.java:288) ~[ozone-manager-1.4.0-SNAPSHOT.jar:?]
	at org.apache.hadoop.ozone.om.OzoneManager.getFileStatus(OzoneManager.java:3491) ~[ozone-manager-1.4.0-SNAPSHOT.jar:?]
	at org.apache.hadoop.ozone.protocolPB.OzoneManagerRequestHandler.getOzoneFileStatus(OzoneManagerRequestHandler.java:934) ~[ozone-manager-1.4.0-SNAPSHOT.jar:?]
	at org.apache.hadoop.ozone.protocolPB.OzoneManagerRequestHandler.handleReadRequest(OzoneManagerRequestHandler.java:238) ~[ozone-manager-1.4.0-SNAPSHOT.jar:?]
	at org.apache.hadoop.ozone.protocolPB.OzoneManagerProtocolServerSideTranslatorPB.submitRequestDirectlyToOM(OzoneManagerProtocolServerSideTranslatorPB.java:272) ~[ozone-manager-1.4.0-SNAPSHOT.jar:?]
	at org.apache.hadoop.ozone.protocolPB.OzoneManagerProtocolServerSideTranslatorPB.processRequest(OzoneManagerProtocolServerSideTranslatorPB.java:173) ~[ozone-manager-1.4.0-SNAPSHOT.jar:?]
	at org.apache.hadoop.hdds.server.OzoneProtocolMessageDispatcher.processRequest(OzoneProtocolMessageDispatcher.java:87) [hdds-server-framework-1.4.0-SNAPSHOT.jar:?]
	at org.apache.hadoop.ozone.protocolPB.OzoneManagerProtocolServerSideTranslatorPB.submitRequest(OzoneManagerProtocolServerSideTranslatorPB.java:147) [ozone-manager-1.4.0-SNAPSHOT.jar:?]
	at org.apache.hadoop.ozone.protocol.proto.OzoneManagerProtocolProtos$OzoneManagerService$2.callBlockingMethod(OzoneManagerProtocolProtos.java) [ozone-interface-client-1.4.0-SNAPSHOT.jar:?]
	at org.apache.hadoop.ipc.ProtobufRpcEngine$Server.processCall(ProtobufRpcEngine.java:484) [hadoop-common-3.3.5.jar:?]
	at org.apache.hadoop.ipc.ProtobufRpcEngine2$Server$ProtoBufRpcInvoker.call(ProtobufRpcEngine2.java:595) [hadoop-common-3.3.5.jar:?]
	at org.apache.hadoop.ipc.ProtobufRpcEngine2$Server$ProtoBufRpcInvoker.call(ProtobufRpcEngine2.java:573) [hadoop-common-3.3.5.jar:?]
	at org.apache.hadoop.ipc.RPC$Server.call(RPC.java:1213) [hadoop-common-3.3.5.jar:?]
	at org.apache.hadoop.ipc.Server$RpcCall.run(Server.java:1089) [hadoop-common-3.3.5.jar:?]
	at org.apache.hadoop.ipc.Server$RpcCall.run(Server.java:1012) [hadoop-common-3.3.5.jar:?]
	at java.security.AccessController.doPrivileged(Native Method) ~[?:1.8.0_362]
	at javax.security.auth.Subject.doAs(Subject.java:422) [?:1.8.0_362]
	at org.apache.hadoop.security.UserGroupInformation.doAs(UserGroupInformation.java:1899) [hadoop-common-3.3.5.jar:?]
	at org.apache.hadoop.ipc.Server$Handler.run(Server.java:3026) [hadoop-common-3.3.5.jar:?]
11:26:34.370 [IPC Server handler 7 on default port 44509] ERROR OMAudit - user=runner | ip=127.0.0.1 | op=GET_FILE_STATUS {volume=volume17585, bucket=bucket91798, key=testBatchDelete/parent/child4, dataSize=0, replicationConfig=null} | ret=FAILURE
org.apache.hadoop.ozone.om.exceptions.OMException: Unable to get file status: volume: volume17585 bucket: bucket91798 key: testBatchDelete/parent/child4
	at org.apache.hadoop.ozone.om.KeyManagerImpl.getOzoneFileStatus(KeyManagerImpl.java:1200) ~[ozone-manager-1.4.0-SNAPSHOT.jar:?]
	at org.apache.hadoop.ozone.om.KeyManagerImpl.getFileStatus(KeyManagerImpl.java:1118) ~[ozone-manager-1.4.0-SNAPSHOT.jar:?]
	at org.apache.hadoop.ozone.om.OmMetadataReader.getFileStatus(OmMetadataReader.java:288) ~[ozone-manager-1.4.0-SNAPSHOT.jar:?]
	at org.apache.hadoop.ozone.om.OzoneManager.getFileStatus(OzoneManager.java:3491) ~[ozone-manager-1.4.0-SNAPSHOT.jar:?]
	at org.apache.hadoop.ozone.protocolPB.OzoneManagerRequestHandler.getOzoneFileStatus(OzoneManagerRequestHandler.java:934) ~[ozone-manager-1.4.0-SNAPSHOT.jar:?]
	at org.apache.hadoop.ozone.protocolPB.OzoneManagerRequestHandler.handleReadRequest(OzoneManagerRequestHandler.java:238) ~[ozone-manager-1.4.0-SNAPSHOT.jar:?]
	at org.apache.hadoop.ozone.protocolPB.OzoneManagerProtocolServerSideTranslatorPB.submitRequestDirectlyToOM(OzoneManagerProtocolServerSideTranslatorPB.java:272) ~[ozone-manager-1.4.0-SNAPSHOT.jar:?]
	at org.apache.hadoop.ozone.protocolPB.OzoneManagerProtocolServerSideTranslatorPB.processRequest(OzoneManagerProtocolServerSideTranslatorPB.java:173) ~[ozone-manager-1.4.0-SNAPSHOT.jar:?]
	at org.apache.hadoop.hdds.server.OzoneProtocolMessageDispatcher.processRequest(OzoneProtocolMessageDispatcher.java:87) [hdds-server-framework-1.4.0-SNAPSHOT.jar:?]
	at org.apache.hadoop.ozone.protocolPB.OzoneManagerProtocolServerSideTranslatorPB.submitRequest(OzoneManagerProtocolServerSideTranslatorPB.java:147) [ozone-manager-1.4.0-SNAPSHOT.jar:?]
	at org.apache.hadoop.ozone.protocol.proto.OzoneManagerProtocolProtos$OzoneManagerService$2.callBlockingMethod(OzoneManagerProtocolProtos.java) [ozone-interface-client-1.4.0-SNAPSHOT.jar:?]
	at org.apache.hadoop.ipc.ProtobufRpcEngine$Server.processCall(ProtobufRpcEngine.java:484) [hadoop-common-3.3.5.jar:?]
	at org.apache.hadoop.ipc.ProtobufRpcEngine2$Server$ProtoBufRpcInvoker.call(ProtobufRpcEngine2.java:595) [hadoop-common-3.3.5.jar:?]
	at org.apache.hadoop.ipc.ProtobufRpcEngine2$Server$ProtoBufRpcInvoker.call(ProtobufRpcEngine2.java:573) [hadoop-common-3.3.5.jar:?]
	at org.apache.hadoop.ipc.RPC$Server.call(RPC.java:1213) [hadoop-common-3.3.5.jar:?]
	at org.apache.hadoop.ipc.Server$RpcCall.run(Server.java:1089) [hadoop-common-3.3.5.jar:?]
	at org.apache.hadoop.ipc.Server$RpcCall.run(Server.java:1012) [hadoop-common-3.3.5.jar:?]
	at java.security.AccessController.doPrivileged(Native Method) ~[?:1.8.0_362]
	at javax.security.auth.Subject.doAs(Subject.java:422) [?:1.8.0_362]
	at org.apache.hadoop.security.UserGroupInformation.doAs(UserGroupInformation.java:1899) [hadoop-common-3.3.5.jar:?]
	at org.apache.hadoop.ipc.Server$Handler.run(Server.java:3026) [hadoop-common-3.3.5.jar:?]
11:26:34.371 [IPC Server handler 8 on default port 44509] ERROR OMAudit - user=runner | ip=127.0.0.1 | op=GET_FILE_STATUS {volume=volume17585, bucket=bucket91798, key=testBatchDelete/parent/childFolder/child4, dataSize=0, replicationConfig=null} | ret=FAILURE
org.apache.hadoop.ozone.om.exceptions.OMException: Unable to get file status: volume: volume17585 bucket: bucket91798 key: testBatchDelete/parent/childFolder/child4
	at org.apache.hadoop.ozone.om.KeyManagerImpl.getOzoneFileStatus(KeyManagerImpl.java:1200) ~[ozone-manager-1.4.0-SNAPSHOT.jar:?]
	at org.apache.hadoop.ozone.om.KeyManagerImpl.getFileStatus(KeyManagerImpl.java:1118) ~[ozone-manager-1.4.0-SNAPSHOT.jar:?]
	at org.apache.hadoop.ozone.om.OmMetadataReader.getFileStatus(OmMetadataReader.java:288) ~[ozone-manager-1.4.0-SNAPSHOT.jar:?]
	at org.apache.hadoop.ozone.om.OzoneManager.getFileStatus(OzoneManager.java:3491) ~[ozone-manager-1.4.0-SNAPSHOT.jar:?]
	at org.apache.hadoop.ozone.protocolPB.OzoneManagerRequestHandler.getOzoneFileStatus(OzoneManagerRequestHandler.java:934) ~[ozone-manager-1.4.0-SNAPSHOT.jar:?]
	at org.apache.hadoop.ozone.protocolPB.OzoneManagerRequestHandler.handleReadRequest(OzoneManagerRequestHandler.java:238) ~[ozone-manager-1.4.0-SNAPSHOT.jar:?]
	at org.apache.hadoop.ozone.protocolPB.OzoneManagerProtocolServerSideTranslatorPB.submitRequestDirectlyToOM(OzoneManagerProtocolServerSideTranslatorPB.java:272) ~[ozone-manager-1.4.0-SNAPSHOT.jar:?]
	at org.apache.hadoop.ozone.protocolPB.OzoneManagerProtocolServerSideTranslatorPB.processRequest(OzoneManagerProtocolServerSideTranslatorPB.java:173) ~[ozone-manager-1.4.0-SNAPSHOT.jar:?]
	at org.apache.hadoop.hdds.server.OzoneProtocolMessageDispatcher.processRequest(OzoneProtocolMessageDispatcher.java:87) [hdds-server-framework-1.4.0-SNAPSHOT.jar:?]
	at org.apache.hadoop.ozone.protocolPB.OzoneManagerProtocolServerSideTranslatorPB.submitRequest(OzoneManagerProtocolServerSideTranslatorPB.java:147) [ozone-manager-1.4.0-SNAPSHOT.jar:?]
	at org.apache.hadoop.ozone.protocol.proto.OzoneManagerProtocolProtos$OzoneManagerService$2.callBlockingMethod(OzoneManagerProtocolProtos.java) [ozone-interface-client-1.4.0-SNAPSHOT.jar:?]
	at org.apache.hadoop.ipc.ProtobufRpcEngine$Server.processCall(ProtobufRpcEngine.java:484) [hadoop-common-3.3.5.jar:?]
	at org.apache.hadoop.ipc.ProtobufRpcEngine2$Server$ProtoBufRpcInvoker.call(ProtobufRpcEngine2.java:595) [hadoop-common-3.3.5.jar:?]
	at org.apache.hadoop.ipc.ProtobufRpcEngine2$Server$ProtoBufRpcInvoker.call(ProtobufRpcEngine2.java:573) [hadoop-common-3.3.5.jar:?]
	at org.apache.hadoop.ipc.RPC$Server.call(RPC.java:1213) [hadoop-common-3.3.5.jar:?]
	at org.apache.hadoop.ipc.Server$RpcCall.run(Server.java:1089) [hadoop-common-3.3.5.jar:?]
	at org.apache.hadoop.ipc.Server$RpcCall.run(Server.java:1012) [hadoop-common-3.3.5.jar:?]
	at java.security.AccessController.doPrivileged(Native Method) ~[?:1.8.0_362]
	at javax.security.auth.Subject.doAs(Subject.java:422) [?:1.8.0_362]
	at org.apache.hadoop.security.UserGroupInformation.doAs(UserGroupInformation.java:1899) [hadoop-common-3.3.5.jar:?]
	at org.apache.hadoop.ipc.Server$Handler.run(Server.java:3026) [hadoop-common-3.3.5.jar:?]
11:26:34.371 [IPC Server handler 9 on default port 44509] ERROR OMAudit - user=runner | ip=127.0.0.1 | op=GET_FILE_STATUS {volume=volume17585, bucket=bucket91798, key=testBatchDelete/parent/child5, dataSize=0, replicationConfig=null} | ret=FAILURE
org.apache.hadoop.ozone.om.exceptions.OMException: Unable to get file status: volume: volume17585 bucket: bucket91798 key: testBatchDelete/parent/child5
	at org.apache.hadoop.ozone.om.KeyManagerImpl.getOzoneFileStatus(KeyManagerImpl.java:1200) ~[ozone-manager-1.4.0-SNAPSHOT.jar:?]
	at org.apache.hadoop.ozone.om.KeyManagerImpl.getFileStatus(KeyManagerImpl.java:1118) ~[ozone-manager-1.4.0-SNAPSHOT.jar:?]
	at org.apache.hadoop.ozone.om.OmMetadataReader.getFileStatus(OmMetadataReader.java:288) ~[ozone-manager-1.4.0-SNAPSHOT.jar:?]
	at org.apache.hadoop.ozone.om.OzoneManager.getFileStatus(OzoneManager.java:3491) ~[ozone-manager-1.4.0-SNAPSHOT.jar:?]
	at org.apache.hadoop.ozone.protocolPB.OzoneManagerRequestHandler.getOzoneFileStatus(OzoneManagerRequestHandler.java:934) ~[ozone-manager-1.4.0-SNAPSHOT.jar:?]
	at org.apache.hadoop.ozone.protocolPB.OzoneManagerRequestHandler.handleReadRequest(OzoneManagerRequestHandler.java:238) ~[ozone-manager-1.4.0-SNAPSHOT.jar:?]
	at org.apache.hadoop.ozone.protocolPB.OzoneManagerProtocolServerSideTranslatorPB.submitRequestDirectlyToOM(OzoneManagerProtocolServerSideTranslatorPB.java:272) ~[ozone-manager-1.4.0-SNAPSHOT.jar:?]
	at org.apache.hadoop.ozone.protocolPB.OzoneManagerProtocolServerSideTranslatorPB.processRequest(OzoneManagerProtocolServerSideTranslatorPB.java:173) ~[ozone-manager-1.4.0-SNAPSHOT.jar:?]
	at org.apache.hadoop.hdds.server.OzoneProtocolMessageDispatcher.processRequest(OzoneProtocolMessageDispatcher.java:87) [hdds-server-framework-1.4.0-SNAPSHOT.jar:?]
	at org.apache.hadoop.ozone.protocolPB.OzoneManagerProtocolServerSideTranslatorPB.submitRequest(OzoneManagerProtocolServerSideTranslatorPB.java:147) [ozone-manager-1.4.0-SNAPSHOT.jar:?]
	at org.apache.hadoop.ozone.protocol.proto.OzoneManagerProtocolProtos$OzoneManagerService$2.callBlockingMethod(OzoneManagerProtocolProtos.java) [ozone-interface-client-1.4.0-SNAPSHOT.jar:?]
	at org.apache.hadoop.ipc.ProtobufRpcEngine$Server.processCall(ProtobufRpcEngine.java:484) [hadoop-common-3.3.5.jar:?]
	at org.apache.hadoop.ipc.ProtobufRpcEngine2$Server$ProtoBufRpcInvoker.call(ProtobufRpcEngine2.java:595) [hadoop-common-3.3.5.jar:?]
	at org.apache.hadoop.ipc.ProtobufRpcEngine2$Server$ProtoBufRpcInvoker.call(ProtobufRpcEngine2.java:573) [hadoop-common-3.3.5.jar:?]
	at org.apache.hadoop.ipc.RPC$Server.call(RPC.java:1213) [hadoop-common-3.3.5.jar:?]
	at org.apache.hadoop.ipc.Server$RpcCall.run(Server.java:1089) [hadoop-common-3.3.5.jar:?]
	at org.apache.hadoop.ipc.Server$RpcCall.run(Server.java:1012) [hadoop-common-3.3.5.jar:?]
	at java.security.AccessController.doPrivileged(Native Method) ~[?:1.8.0_362]
	at javax.security.auth.Subject.doAs(Subject.java:422) [?:1.8.0_362]
	at org.apache.hadoop.security.UserGroupInformation.doAs(UserGroupInformation.java:1899) [hadoop-common-3.3.5.jar:?]
	at org.apache.hadoop.ipc.Server$Handler.run(Server.java:3026) [hadoop-common-3.3.5.jar:?]
11:26:34.372 [IPC Server handler 11 on default port 44509] ERROR OMAudit - user=runner | ip=127.0.0.1 | op=GET_FILE_STATUS {volume=volume17585, bucket=bucket91798, key=testBatchDelete/parent/childFolder/child5, dataSize=0, replicationConfig=null} | ret=FAILURE
org.apache.hadoop.ozone.om.exceptions.OMException: Unable to get file status: volume: volume17585 bucket: bucket91798 key: testBatchDelete/parent/childFolder/child5
	at org.apache.hadoop.ozone.om.KeyManagerImpl.getOzoneFileStatus(KeyManagerImpl.java:1200) ~[ozone-manager-1.4.0-SNAPSHOT.jar:?]
	at org.apache.hadoop.ozone.om.KeyManagerImpl.getFileStatus(KeyManagerImpl.java:1118) ~[ozone-manager-1.4.0-SNAPSHOT.jar:?]
	at org.apache.hadoop.ozone.om.OmMetadataReader.getFileStatus(OmMetadataReader.java:288) ~[ozone-manager-1.4.0-SNAPSHOT.jar:?]
	at org.apache.hadoop.ozone.om.OzoneManager.getFileStatus(OzoneManager.java:3491) ~[ozone-manager-1.4.0-SNAPSHOT.jar:?]
	at org.apache.hadoop.ozone.protocolPB.OzoneManagerRequestHandler.getOzoneFileStatus(OzoneManagerRequestHandler.java:934) ~[ozone-manager-1.4.0-SNAPSHOT.jar:?]
	at org.apache.hadoop.ozone.protocolPB.OzoneManagerRequestHandler.handleReadRequest(OzoneManagerRequestHandler.java:238) ~[ozone-manager-1.4.0-SNAPSHOT.jar:?]
	at org.apache.hadoop.ozone.protocolPB.OzoneManagerProtocolServerSideTranslatorPB.submitRequestDirectlyToOM(OzoneManagerProtocolServerSideTranslatorPB.java:272) ~[ozone-manager-1.4.0-SNAPSHOT.jar:?]
	at org.apache.hadoop.ozone.protocolPB.OzoneManagerProtocolServerSideTranslatorPB.processRequest(OzoneManagerProtocolServerSideTranslatorPB.java:173) ~[ozone-manager-1.4.0-SNAPSHOT.jar:?]
	at org.apache.hadoop.hdds.server.OzoneProtocolMessageDispatcher.processRequest(OzoneProtocolMessageDispatcher.java:87) [hdds-server-framework-1.4.0-SNAPSHOT.jar:?]
	at org.apache.hadoop.ozone.protocolPB.OzoneManagerProtocolServerSideTranslatorPB.submitRequest(OzoneManagerProtocolServerSideTranslatorPB.java:147) [ozone-manager-1.4.0-SNAPSHOT.jar:?]
	at org.apache.hadoop.ozone.protocol.proto.OzoneManagerProtocolProtos$OzoneManagerService$2.callBlockingMethod(OzoneManagerProtocolProtos.java) [ozone-interface-client-1.4.0-SNAPSHOT.jar:?]
	at org.apache.hadoop.ipc.ProtobufRpcEngine$Server.processCall(ProtobufRpcEngine.java:484) [hadoop-common-3.3.5.jar:?]
	at org.apache.hadoop.ipc.ProtobufRpcEngine2$Server$ProtoBufRpcInvoker.call(ProtobufRpcEngine2.java:595) [hadoop-common-3.3.5.jar:?]
	at org.apache.hadoop.ipc.ProtobufRpcEngine2$Server$ProtoBufRpcInvoker.call(ProtobufRpcEngine2.java:573) [hadoop-common-3.3.5.jar:?]
	at org.apache.hadoop.ipc.RPC$Server.call(RPC.java:1213) [hadoop-common-3.3.5.jar:?]
	at org.apache.hadoop.ipc.Server$RpcCall.run(Server.java:1089) [hadoop-common-3.3.5.jar:?]
	at org.apache.hadoop.ipc.Server$RpcCall.run(Server.java:1012) [hadoop-common-3.3.5.jar:?]
	at java.security.AccessController.doPrivileged(Native Method) ~[?:1.8.0_362]
	at javax.security.auth.Subject.doAs(Subject.java:422) [?:1.8.0_362]
	at org.apache.hadoop.security.UserGroupInformation.doAs(UserGroupInformation.java:1899) [hadoop-common-3.3.5.jar:?]
	at org.apache.hadoop.ipc.Server$Handler.run(Server.java:3026) [hadoop-common-3.3.5.jar:?]
11:26:34.372 [IPC Server handler 12 on default port 44509] ERROR OMAudit - user=runner | ip=127.0.0.1 | op=GET_FILE_STATUS {volume=volume17585, bucket=bucket91798, key=testBatchDelete/parent/child6, dataSize=0, replicationConfig=null} | ret=FAILURE
org.apache.hadoop.ozone.om.exceptions.OMException: Unable to get file status: volume: volume17585 bucket: bucket91798 key: testBatchDelete/parent/child6
	at org.apache.hadoop.ozone.om.KeyManagerImpl.getOzoneFileStatus(KeyManagerImpl.java:1200) ~[ozone-manager-1.4.0-SNAPSHOT.jar:?]
	at org.apache.hadoop.ozone.om.KeyManagerImpl.getFileStatus(KeyManagerImpl.java:1118) ~[ozone-manager-1.4.0-SNAPSHOT.jar:?]
	at org.apache.hadoop.ozone.om.OmMetadataReader.getFileStatus(OmMetadataReader.java:288) ~[ozone-manager-1.4.0-SNAPSHOT.jar:?]
	at org.apache.hadoop.ozone.om.OzoneManager.getFileStatus(OzoneManager.java:3491) ~[ozone-manager-1.4.0-SNAPSHOT.jar:?]
	at org.apache.hadoop.ozone.protocolPB.OzoneManagerRequestHandler.getOzoneFileStatus(OzoneManagerRequestHandler.java:934) ~[ozone-manager-1.4.0-SNAPSHOT.jar:?]
	at org.apache.hadoop.ozone.protocolPB.OzoneManagerRequestHandler.handleReadRequest(OzoneManagerRequestHandler.java:238) ~[ozone-manager-1.4.0-SNAPSHOT.jar:?]
	at org.apache.hadoop.ozone.protocolPB.OzoneManagerProtocolServerSideTranslatorPB.submitRequestDirectlyToOM(OzoneManagerProtocolServerSideTranslatorPB.java:272) ~[ozone-manager-1.4.0-SNAPSHOT.jar:?]
	at org.apache.hadoop.ozone.protocolPB.OzoneManagerProtocolServerSideTranslatorPB.processRequest(OzoneManagerProtocolServerSideTranslatorPB.java:173) ~[ozone-manager-1.4.0-SNAPSHOT.jar:?]
	at org.apache.hadoop.hdds.server.OzoneProtocolMessageDispatcher.processRequest(OzoneProtocolMessageDispatcher.java:87) [hdds-server-framework-1.4.0-SNAPSHOT.jar:?]
	at org.apache.hadoop.ozone.protocolPB.OzoneManagerProtocolServerSideTranslatorPB.submitRequest(OzoneManagerProtocolServerSideTranslatorPB.java:147) [ozone-manager-1.4.0-SNAPSHOT.jar:?]
	at org.apache.hadoop.ozone.protocol.proto.OzoneManagerProtocolProtos$OzoneManagerService$2.callBlockingMethod(OzoneManagerProtocolProtos.java) [ozone-interface-client-1.4.0-SNAPSHOT.jar:?]
	at org.apache.hadoop.ipc.ProtobufRpcEngine$Server.processCall(ProtobufRpcEngine.java:484) [hadoop-common-3.3.5.jar:?]
	at org.apache.hadoop.ipc.ProtobufRpcEngine2$Server$ProtoBufRpcInvoker.call(ProtobufRpcEngine2.java:595) [hadoop-common-3.3.5.jar:?]
	at org.apache.hadoop.ipc.ProtobufRpcEngine2$Server$ProtoBufRpcInvoker.call(ProtobufRpcEngine2.java:573) [hadoop-common-3.3.5.jar:?]
	at org.apache.hadoop.ipc.RPC$Server.call(RPC.java:1213) [hadoop-common-3.3.5.jar:?]
	at org.apache.hadoop.ipc.Server$RpcCall.run(Server.java:1089) [hadoop-common-3.3.5.jar:?]
	at org.apache.hadoop.ipc.Server$RpcCall.run(Server.java:1012) [hadoop-common-3.3.5.jar:?]
	at java.security.AccessController.doPrivileged(Native Method) ~[?:1.8.0_362]
	at javax.security.auth.Subject.doAs(Subject.java:422) [?:1.8.0_362]
	at org.apache.hadoop.security.UserGroupInformation.doAs(UserGroupInformation.java:1899) [hadoop-common-3.3.5.jar:?]
	at org.apache.hadoop.ipc.Server$Handler.run(Server.java:3026) [hadoop-common-3.3.5.jar:?]
11:26:34.374 [IPC Server handler 13 on default port 44509] ERROR OMAudit - user=runner | ip=127.0.0.1 | op=GET_FILE_STATUS {volume=volume17585, bucket=bucket91798, key=testBatchDelete/parent/childFolder/child6, dataSize=0, replicationConfig=null} | ret=FAILURE
org.apache.hadoop.ozone.om.exceptions.OMException: Unable to get file status: volume: volume17585 bucket: bucket91798 key: testBatchDelete/parent/childFolder/child6
	at org.apache.hadoop.ozone.om.KeyManagerImpl.getOzoneFileStatus(KeyManagerImpl.java:1200) ~[ozone-manager-1.4.0-SNAPSHOT.jar:?]
	at org.apache.hadoop.ozone.om.KeyManagerImpl.getFileStatus(KeyManagerImpl.java:1118) ~[ozone-manager-1.4.0-SNAPSHOT.jar:?]
	at org.apache.hadoop.ozone.om.OmMetadataReader.getFileStatus(OmMetadataReader.java:288) ~[ozone-manager-1.4.0-SNAPSHOT.jar:?]
	at org.apache.hadoop.ozone.om.OzoneManager.getFileStatus(OzoneManager.java:3491) ~[ozone-manager-1.4.0-SNAPSHOT.jar:?]
	at org.apache.hadoop.ozone.protocolPB.OzoneManagerRequestHandler.getOzoneFileStatus(OzoneManagerRequestHandler.java:934) ~[ozone-manager-1.4.0-SNAPSHOT.jar:?]
	at org.apache.hadoop.ozone.protocolPB.OzoneManagerRequestHandler.handleReadRequest(OzoneManagerRequestHandler.java:238) ~[ozone-manager-1.4.0-SNAPSHOT.jar:?]
	at org.apache.hadoop.ozone.protocolPB.OzoneManagerProtocolServerSideTranslatorPB.submitRequestDirectlyToOM(OzoneManagerProtocolServerSideTranslatorPB.java:272) ~[ozone-manager-1.4.0-SNAPSHOT.jar:?]
	at org.apache.hadoop.ozone.protocolPB.OzoneManagerProtocolServerSideTranslatorPB.processRequest(OzoneManagerProtocolServerSideTranslatorPB.java:173) ~[ozone-manager-1.4.0-SNAPSHOT.jar:?]
	at org.apache.hadoop.hdds.server.OzoneProtocolMessageDispatcher.processRequest(OzoneProtocolMessageDispatcher.java:87) [hdds-server-framework-1.4.0-SNAPSHOT.jar:?]
	at org.apache.hadoop.ozone.protocolPB.OzoneManagerProtocolServerSideTranslatorPB.submitRequest(OzoneManagerProtocolServerSideTranslatorPB.java:147) [ozone-manager-1.4.0-SNAPSHOT.jar:?]
	at org.apache.hadoop.ozone.protocol.proto.OzoneManagerProtocolProtos$OzoneManagerService$2.callBlockingMethod(OzoneManagerProtocolProtos.java) [ozone-interface-client-1.4.0-SNAPSHOT.jar:?]
	at org.apache.hadoop.ipc.ProtobufRpcEngine$Server.processCall(ProtobufRpcEngine.java:484) [hadoop-common-3.3.5.jar:?]
	at org.apache.hadoop.ipc.ProtobufRpcEngine2$Server$ProtoBufRpcInvoker.call(ProtobufRpcEngine2.java:595) [hadoop-common-3.3.5.jar:?]
	at org.apache.hadoop.ipc.ProtobufRpcEngine2$Server$ProtoBufRpcInvoker.call(ProtobufRpcEngine2.java:573) [hadoop-common-3.3.5.jar:?]
	at org.apache.hadoop.ipc.RPC$Server.call(RPC.java:1213) [hadoop-common-3.3.5.jar:?]
	at org.apache.hadoop.ipc.Server$RpcCall.run(Server.java:1089) [hadoop-common-3.3.5.jar:?]
	at org.apache.hadoop.ipc.Server$RpcCall.run(Server.java:1012) [hadoop-common-3.3.5.jar:?]
	at java.security.AccessController.doPrivileged(Native Method) ~[?:1.8.0_362]
	at javax.security.auth.Subject.doAs(Subject.java:422) [?:1.8.0_362]
	at org.apache.hadoop.security.UserGroupInformation.doAs(UserGroupInformation.java:1899) [hadoop-common-3.3.5.jar:?]
	at org.apache.hadoop.ipc.Server$Handler.run(Server.java:3026) [hadoop-common-3.3.5.jar:?]
11:26:34.375 [IPC Server handler 15 on default port 44509] ERROR OMAudit - user=runner | ip=127.0.0.1 | op=GET_FILE_STATUS {volume=volume17585, bucket=bucket91798, key=testBatchDelete/parent/child7, dataSize=0, replicationConfig=null} | ret=FAILURE
org.apache.hadoop.ozone.om.exceptions.OMException: Unable to get file status: volume: volume17585 bucket: bucket91798 key: testBatchDelete/parent/child7
	at org.apache.hadoop.ozone.om.KeyManagerImpl.getOzoneFileStatus(KeyManagerImpl.java:1200) ~[ozone-manager-1.4.0-SNAPSHOT.jar:?]
	at org.apache.hadoop.ozone.om.KeyManagerImpl.getFileStatus(KeyManagerImpl.java:1118) ~[ozone-manager-1.4.0-SNAPSHOT.jar:?]
	at org.apache.hadoop.ozone.om.OmMetadataReader.getFileStatus(OmMetadataReader.java:288) ~[ozone-manager-1.4.0-SNAPSHOT.jar:?]
	at org.apache.hadoop.ozone.om.OzoneManager.getFileStatus(OzoneManager.java:3491) ~[ozone-manager-1.4.0-SNAPSHOT.jar:?]
	at org.apache.hadoop.ozone.protocolPB.OzoneManagerRequestHandler.getOzoneFileStatus(OzoneManagerRequestHandler.java:934) ~[ozone-manager-1.4.0-SNAPSHOT.jar:?]
	at org.apache.hadoop.ozone.protocolPB.OzoneManagerRequestHandler.handleReadRequest(OzoneManagerRequestHandler.java:238) ~[ozone-manager-1.4.0-SNAPSHOT.jar:?]
	at org.apache.hadoop.ozone.protocolPB.OzoneManagerProtocolServerSideTranslatorPB.submitRequestDirectlyToOM(OzoneManagerProtocolServerSideTranslatorPB.java:272) ~[ozone-manager-1.4.0-SNAPSHOT.jar:?]
	at org.apache.hadoop.ozone.protocolPB.OzoneManagerProtocolServerSideTranslatorPB.processRequest(OzoneManagerProtocolServerSideTranslatorPB.java:173) ~[ozone-manager-1.4.0-SNAPSHOT.jar:?]
	at org.apache.hadoop.hdds.server.OzoneProtocolMessageDispatcher.processRequest(OzoneProtocolMessageDispatcher.java:87) [hdds-server-framework-1.4.0-SNAPSHOT.jar:?]
	at org.apache.hadoop.ozone.protocolPB.OzoneManagerProtocolServerSideTranslatorPB.submitRequest(OzoneManagerProtocolServerSideTranslatorPB.java:147) [ozone-manager-1.4.0-SNAPSHOT.jar:?]
	at org.apache.hadoop.ozone.protocol.proto.OzoneManagerProtocolProtos$OzoneManagerService$2.callBlockingMethod(OzoneManagerProtocolProtos.java) [ozone-interface-client-1.4.0-SNAPSHOT.jar:?]
	at org.apache.hadoop.ipc.ProtobufRpcEngine$Server.processCall(ProtobufRpcEngine.java:484) [hadoop-common-3.3.5.jar:?]
	at org.apache.hadoop.ipc.ProtobufRpcEngine2$Server$ProtoBufRpcInvoker.call(ProtobufRpcEngine2.java:595) [hadoop-common-3.3.5.jar:?]
	at org.apache.hadoop.ipc.ProtobufRpcEngine2$Server$ProtoBufRpcInvoker.call(ProtobufRpcEngine2.java:573) [hadoop-common-3.3.5.jar:?]
	at org.apache.hadoop.ipc.RPC$Server.call(RPC.java:1213) [hadoop-common-3.3.5.jar:?]
	at org.apache.hadoop.ipc.Server$RpcCall.run(Server.java:1089) [hadoop-common-3.3.5.jar:?]
	at org.apache.hadoop.ipc.Server$RpcCall.run(Server.java:1012) [hadoop-common-3.3.5.jar:?]
	at java.security.AccessController.doPrivileged(Native Method) ~[?:1.8.0_362]
	at javax.security.auth.Subject.doAs(Subject.java:422) [?:1.8.0_362]
	at org.apache.hadoop.security.UserGroupInformation.doAs(UserGroupInformation.java:1899) [hadoop-common-3.3.5.jar:?]
	at org.apache.hadoop.ipc.Server$Handler.run(Server.java:3026) [hadoop-common-3.3.5.jar:?]
11:26:34.375 [IPC Server handler 18 on default port 44509] ERROR OMAudit - user=runner | ip=127.0.0.1 | op=GET_FILE_STATUS {volume=volume17585, bucket=bucket91798, key=testBatchDelete/parent/childFolder/child7, dataSize=0, replicationConfig=null} | ret=FAILURE
org.apache.hadoop.ozone.om.exceptions.OMException: Unable to get file status: volume: volume17585 bucket: bucket91798 key: testBatchDelete/parent/childFolder/child7
	at org.apache.hadoop.ozone.om.KeyManagerImpl.getOzoneFileStatus(KeyManagerImpl.java:1200) ~[ozone-manager-1.4.0-SNAPSHOT.jar:?]
	at org.apache.hadoop.ozone.om.KeyManagerImpl.getFileStatus(KeyManagerImpl.java:1118) ~[ozone-manager-1.4.0-SNAPSHOT.jar:?]
	at org.apache.hadoop.ozone.om.OmMetadataReader.getFileStatus(OmMetadataReader.java:288) ~[ozone-manager-1.4.0-SNAPSHOT.jar:?]
	at org.apache.hadoop.ozone.om.OzoneManager.getFileStatus(OzoneManager.java:3491) ~[ozone-manager-1.4.0-SNAPSHOT.jar:?]
	at org.apache.hadoop.ozone.protocolPB.OzoneManagerRequestHandler.getOzoneFileStatus(OzoneManagerRequestHandler.java:934) ~[ozone-manager-1.4.0-SNAPSHOT.jar:?]
	at org.apache.hadoop.ozone.protocolPB.OzoneManagerRequestHandler.handleReadRequest(OzoneManagerRequestHandler.java:238) ~[ozone-manager-1.4.0-SNAPSHOT.jar:?]
	at org.apache.hadoop.ozone.protocolPB.OzoneManagerProtocolServerSideTranslatorPB.submitRequestDirectlyToOM(OzoneManagerProtocolServerSideTranslatorPB.java:272) ~[ozone-manager-1.4.0-SNAPSHOT.jar:?]
	at org.apache.hadoop.ozone.protocolPB.OzoneManagerProtocolServerSideTranslatorPB.processRequest(OzoneManagerProtocolServerSideTranslatorPB.java:173) ~[ozone-manager-1.4.0-SNAPSHOT.jar:?]
	at org.apache.hadoop.hdds.server.OzoneProtocolMessageDispatcher.processRequest(OzoneProtocolMessageDispatcher.java:87) [hdds-server-framework-1.4.0-SNAPSHOT.jar:?]
	at org.apache.hadoop.ozone.protocolPB.OzoneManagerProtocolServerSideTranslatorPB.submitRequest(OzoneManagerProtocolServerSideTranslatorPB.java:147) [ozone-manager-1.4.0-SNAPSHOT.jar:?]
	at org.apache.hadoop.ozone.protocol.proto.OzoneManagerProtocolProtos$OzoneManagerService$2.callBlockingMethod(OzoneManagerProtocolProtos.java) [ozone-interface-client-1.4.0-SNAPSHOT.jar:?]
	at org.apache.hadoop.ipc.ProtobufRpcEngine$Server.processCall(ProtobufRpcEngine.java:484) [hadoop-common-3.3.5.jar:?]
	at org.apache.hadoop.ipc.ProtobufRpcEngine2$Server$ProtoBufRpcInvoker.call(ProtobufRpcEngine2.java:595) [hadoop-common-3.3.5.jar:?]
	at org.apache.hadoop.ipc.ProtobufRpcEngine2$Server$ProtoBufRpcInvoker.call(ProtobufRpcEngine2.java:573) [hadoop-common-3.3.5.jar:?]
	at org.apache.hadoop.ipc.RPC$Server.call(RPC.java:1213) [hadoop-common-3.3.5.jar:?]
	at org.apache.hadoop.ipc.Server$RpcCall.run(Server.java:1089) [hadoop-common-3.3.5.jar:?]
	at org.apache.hadoop.ipc.Server$RpcCall.run(Server.java:1012) [hadoop-common-3.3.5.jar:?]
	at java.security.AccessController.doPrivileged(Native Method) ~[?:1.8.0_362]
	at javax.security.auth.Subject.doAs(Subject.java:422) [?:1.8.0_362]
	at org.apache.hadoop.security.UserGroupInformation.doAs(UserGroupInformation.java:1899) [hadoop-common-3.3.5.jar:?]
	at org.apache.hadoop.ipc.Server$Handler.run(Server.java:3026) [hadoop-common-3.3.5.jar:?]
11:26:34.376 [IPC Server handler 17 on default port 44509] ERROR OMAudit - user=runner | ip=127.0.0.1 | op=GET_FILE_STATUS {volume=volume17585, bucket=bucket91798, key=testBatchDelete/parent, dataSize=0, replicationConfig=null} | ret=FAILURE
org.apache.hadoop.ozone.om.exceptions.OMException: Unable to get file status: volume: volume17585 bucket: bucket91798 key: testBatchDelete/parent
	at org.apache.hadoop.ozone.om.KeyManagerImpl.getOzoneFileStatus(KeyManagerImpl.java:1200) ~[ozone-manager-1.4.0-SNAPSHOT.jar:?]
	at org.apache.hadoop.ozone.om.KeyManagerImpl.getFileStatus(KeyManagerImpl.java:1118) ~[ozone-manager-1.4.0-SNAPSHOT.jar:?]
	at org.apache.hadoop.ozone.om.OmMetadataReader.getFileStatus(OmMetadataReader.java:288) ~[ozone-manager-1.4.0-SNAPSHOT.jar:?]
	at org.apache.hadoop.ozone.om.OzoneManager.getFileStatus(OzoneManager.java:3491) ~[ozone-manager-1.4.0-SNAPSHOT.jar:?]
	at org.apache.hadoop.ozone.protocolPB.OzoneManagerRequestHandler.getOzoneFileStatus(OzoneManagerRequestHandler.java:934) ~[ozone-manager-1.4.0-SNAPSHOT.jar:?]
	at org.apache.hadoop.ozone.protocolPB.OzoneManagerRequestHandler.handleReadRequest(OzoneManagerRequestHandler.java:238) ~[ozone-manager-1.4.0-SNAPSHOT.jar:?]
	at org.apache.hadoop.ozone.protocolPB.OzoneManagerProtocolServerSideTranslatorPB.submitRequestDirectlyToOM(OzoneManagerProtocolServerSideTranslatorPB.java:272) ~[ozone-manager-1.4.0-SNAPSHOT.jar:?]
	at org.apache.hadoop.ozone.protocolPB.OzoneManagerProtocolServerSideTranslatorPB.processRequest(OzoneManagerProtocolServerSideTranslatorPB.java:173) ~[ozone-manager-1.4.0-SNAPSHOT.jar:?]
	at org.apache.hadoop.hdds.server.OzoneProtocolMessageDispatcher.processRequest(OzoneProtocolMessageDispatcher.java:87) [hdds-server-framework-1.4.0-SNAPSHOT.jar:?]
	at org.apache.hadoop.ozone.protocolPB.OzoneManagerProtocolServerSideTranslatorPB.submitRequest(OzoneManagerProtocolServerSideTranslatorPB.java:147) [ozone-manager-1.4.0-SNAPSHOT.jar:?]
	at org.apache.hadoop.ozone.protocol.proto.OzoneManagerProtocolProtos$OzoneManagerService$2.callBlockingMethod(OzoneManagerProtocolProtos.java) [ozone-interface-client-1.4.0-SNAPSHOT.jar:?]
	at org.apache.hadoop.ipc.ProtobufRpcEngine$Server.processCall(ProtobufRpcEngine.java:484) [hadoop-common-3.3.5.jar:?]
	at org.apache.hadoop.ipc.ProtobufRpcEngine2$Server$ProtoBufRpcInvoker.call(ProtobufRpcEngine2.java:595) [hadoop-common-3.3.5.jar:?]
	at org.apache.hadoop.ipc.ProtobufRpcEngine2$Server$ProtoBufRpcInvoker.call(ProtobufRpcEngine2.java:573) [hadoop-common-3.3.5.jar:?]
	at org.apache.hadoop.ipc.RPC$Server.call(RPC.java:1213) [hadoop-common-3.3.5.jar:?]
	at org.apache.hadoop.ipc.Server$RpcCall.run(Server.java:1089) [hadoop-common-3.3.5.jar:?]
	at org.apache.hadoop.ipc.Server$RpcCall.run(Server.java:1012) [hadoop-common-3.3.5.jar:?]
	at java.security.AccessController.doPrivileged(Native Method) ~[?:1.8.0_362]
	at javax.security.auth.Subject.doAs(Subject.java:422) [?:1.8.0_362]
	at org.apache.hadoop.security.UserGroupInformation.doAs(UserGroupInformation.java:1899) [hadoop-common-3.3.5.jar:?]
	at org.apache.hadoop.ipc.Server$Handler.run(Server.java:3026) [hadoop-common-3.3.5.jar:?]
2023-04-11 11:26:34,376 [Time-limited test] WARN  ozone.BasicOzoneFileSystem (BasicOzoneFileSystem.java:delete(559)) - delete: Path does not exist: /testBatchDelete/parent
]]></system-out>
  </testcase>
  <testcase name="testListStatusIteratorOnPageSize" classname="TestOzoneFileSystem" time="33.734"/>
  <testcase name="testListStatusIteratorOnPageSize" classname="TestOzoneFileSystem" time="19.124">
    <system-out><![CDATA[2023-04-11 11:24:48,423 [JvmPauseMonitor9] WARN  util.JvmPauseMonitor (JvmPauseMonitor.java:detectPause(126)) - JvmPauseMonitor-54dbd36c-297a-448a-bb41-2352e1c524ac: Detected pause in JVM or host machine (eg GC): pause of approximately 157509348ns.
GC pool 'PS MarkSweep' had collection(s): count=1 time=220ms
GC pool 'PS Scavenge' had collection(s): count=1 time=65ms
2023-04-11 11:24:48,423 [JvmPauseMonitor8] WARN  util.JvmPauseMonitor (JvmPauseMonitor.java:detectPause(126)) - JvmPauseMonitor-4797470f-ac54-44b7-9b0a-d535466dc4d7: Detected pause in JVM or host machine (eg GC): pause of approximately 194045934ns.
GC pool 'PS MarkSweep' had collection(s): count=1 time=220ms
GC pool 'PS Scavenge' had collection(s): count=1 time=65ms
2023-04-11 11:24:48,424 [JvmPauseMonitor7] WARN  util.JvmPauseMonitor (JvmPauseMonitor.java:detectPause(126)) - JvmPauseMonitor-91daf988-b498-4475-b6c7-add854a09df6: Detected pause in JVM or host machine (eg GC): pause of approximately 195059247ns.
GC pool 'PS MarkSweep' had collection(s): count=1 time=220ms
GC pool 'PS Scavenge' had collection(s): count=1 time=65ms
2023-04-11 11:24:48,424 [JvmPauseMonitor10] WARN  util.JvmPauseMonitor (JvmPauseMonitor.java:detectPause(126)) - JvmPauseMonitor-b78ace34-11d4-46ff-baaa-a173e90e3d16: Detected pause in JVM or host machine (eg GC): pause of approximately 201778136ns.
GC pool 'PS MarkSweep' had collection(s): count=1 time=220ms
GC pool 'PS Scavenge' had collection(s): count=1 time=65ms
2023-04-11 11:24:48,425 [JvmPauseMonitor6] WARN  util.JvmPauseMonitor (JvmPauseMonitor.java:detectPause(126)) - JvmPauseMonitor-bdac8111-12cf-4b14-9a03-ea98a7d0b884: Detected pause in JVM or host machine (eg GC): pause of approximately 211229762ns.
GC pool 'PS MarkSweep' had collection(s): count=1 time=220ms
GC pool 'PS Scavenge' had collection(s): count=1 time=65ms
]]></system-out>
  </testcase>
  <testcase name="testListStatusIteratorOnPageSize" classname="TestOzoneFileSystem" time="24.696">
    <system-out><![CDATA[2023-04-11 11:25:40,697 [JvmPauseMonitor13] WARN  util.JvmPauseMonitor (JvmPauseMonitor.java:detectPause(126)) - JvmPauseMonitor-05ccd17e-9552-4505-90bd-a622c50008e8: Detected pause in JVM or host machine (eg GC): pause of approximately 163789660ns.
GC pool 'PS MarkSweep' had collection(s): count=1 time=305ms
GC pool 'PS Scavenge' had collection(s): count=1 time=154ms
2023-04-11 11:25:40,703 [JvmPauseMonitor11] WARN  util.JvmPauseMonitor (JvmPauseMonitor.java:detectPause(126)) - JvmPauseMonitor-om1: Detected pause in JVM or host machine (eg GC): pause of approximately 375961692ns.
GC pool 'PS MarkSweep' had collection(s): count=1 time=305ms
GC pool 'PS Scavenge' had collection(s): count=1 time=154ms
2023-04-11 11:25:40,703 [JvmPauseMonitor15] WARN  util.JvmPauseMonitor (JvmPauseMonitor.java:detectPause(126)) - JvmPauseMonitor-1f55909b-7792-4429-a8f4-0e8df975840d: Detected pause in JVM or host machine (eg GC): pause of approximately 376189195ns.
GC pool 'PS MarkSweep' had collection(s): count=1 time=305ms
GC pool 'PS Scavenge' had collection(s): count=1 time=154ms
2023-04-11 11:25:40,705 [JvmPauseMonitor14] WARN  util.JvmPauseMonitor (JvmPauseMonitor.java:detectPause(126)) - JvmPauseMonitor-c1e7a0ec-ae3b-4726-987d-7d9bf2cc9de6: Detected pause in JVM or host machine (eg GC): pause of approximately 310580920ns.
GC pool 'PS MarkSweep' had collection(s): count=1 time=305ms
GC pool 'PS Scavenge' had collection(s): count=1 time=154ms
]]></system-out>
  </testcase>
  <testcase name="testListStatusIteratorOnPageSize" classname="TestOzoneFileSystem" time="17.019"/>
  <testcase name="testRenameToTrashEnabled" classname="TestOzoneFileSystem" time="0.135">
    <system-out><![CDATA[11:24:09.644 [IPC Server handler 18 on default port 36763] ERROR OMAudit - user=runner | ip=127.0.0.1 | op=GET_FILE_STATUS {volume=volume14578, bucket=bucket96393, key=.Trash/runner/Current/testKey1, dataSize=0, replicationConfig=null} | ret=FAILURE
org.apache.hadoop.ozone.om.exceptions.OMException: Unable to get file status: volume: volume14578 bucket: bucket96393 key: .Trash/runner/Current/testKey1
	at org.apache.hadoop.ozone.om.KeyManagerImpl.getOzoneFileStatus(KeyManagerImpl.java:1200) ~[ozone-manager-1.4.0-SNAPSHOT.jar:?]
	at org.apache.hadoop.ozone.om.KeyManagerImpl.getFileStatus(KeyManagerImpl.java:1118) ~[ozone-manager-1.4.0-SNAPSHOT.jar:?]
	at org.apache.hadoop.ozone.om.OmMetadataReader.getFileStatus(OmMetadataReader.java:288) ~[ozone-manager-1.4.0-SNAPSHOT.jar:?]
	at org.apache.hadoop.ozone.om.OzoneManager.getFileStatus(OzoneManager.java:3491) ~[ozone-manager-1.4.0-SNAPSHOT.jar:?]
	at org.apache.hadoop.ozone.protocolPB.OzoneManagerRequestHandler.getOzoneFileStatus(OzoneManagerRequestHandler.java:934) ~[ozone-manager-1.4.0-SNAPSHOT.jar:?]
	at org.apache.hadoop.ozone.protocolPB.OzoneManagerRequestHandler.handleReadRequest(OzoneManagerRequestHandler.java:238) ~[ozone-manager-1.4.0-SNAPSHOT.jar:?]
	at org.apache.hadoop.ozone.protocolPB.OzoneManagerProtocolServerSideTranslatorPB.submitReadRequestToOM(OzoneManagerProtocolServerSideTranslatorPB.java:223) ~[ozone-manager-1.4.0-SNAPSHOT.jar:?]
	at org.apache.hadoop.ozone.protocolPB.OzoneManagerProtocolServerSideTranslatorPB.processRequest(OzoneManagerProtocolServerSideTranslatorPB.java:177) ~[ozone-manager-1.4.0-SNAPSHOT.jar:?]
	at org.apache.hadoop.hdds.server.OzoneProtocolMessageDispatcher.processRequest(OzoneProtocolMessageDispatcher.java:87) [hdds-server-framework-1.4.0-SNAPSHOT.jar:?]
	at org.apache.hadoop.ozone.protocolPB.OzoneManagerProtocolServerSideTranslatorPB.submitRequest(OzoneManagerProtocolServerSideTranslatorPB.java:147) [ozone-manager-1.4.0-SNAPSHOT.jar:?]
	at org.apache.hadoop.ozone.protocol.proto.OzoneManagerProtocolProtos$OzoneManagerService$2.callBlockingMethod(OzoneManagerProtocolProtos.java) [ozone-interface-client-1.4.0-SNAPSHOT.jar:?]
	at org.apache.hadoop.ipc.ProtobufRpcEngine$Server.processCall(ProtobufRpcEngine.java:484) [hadoop-common-3.3.5.jar:?]
	at org.apache.hadoop.ipc.ProtobufRpcEngine2$Server$ProtoBufRpcInvoker.call(ProtobufRpcEngine2.java:595) [hadoop-common-3.3.5.jar:?]
	at org.apache.hadoop.ipc.ProtobufRpcEngine2$Server$ProtoBufRpcInvoker.call(ProtobufRpcEngine2.java:573) [hadoop-common-3.3.5.jar:?]
	at org.apache.hadoop.ipc.RPC$Server.call(RPC.java:1213) [hadoop-common-3.3.5.jar:?]
	at org.apache.hadoop.ipc.Server$RpcCall.run(Server.java:1089) [hadoop-common-3.3.5.jar:?]
	at org.apache.hadoop.ipc.Server$RpcCall.run(Server.java:1012) [hadoop-common-3.3.5.jar:?]
	at java.security.AccessController.doPrivileged(Native Method) ~[?:1.8.0_362]
	at javax.security.auth.Subject.doAs(Subject.java:422) [?:1.8.0_362]
	at org.apache.hadoop.security.UserGroupInformation.doAs(UserGroupInformation.java:1899) [hadoop-common-3.3.5.jar:?]
	at org.apache.hadoop.ipc.Server$Handler.run(Server.java:3026) [hadoop-common-3.3.5.jar:?]
11:24:09.648 [IPC Server handler 14 on default port 36763] ERROR OMAudit - user=runner | ip=127.0.0.1 | op=GET_FILE_STATUS {volume=volume14578, bucket=bucket96393, key=.Trash/runner/Current/testKey1, dataSize=0, replicationConfig=null} | ret=FAILURE
org.apache.hadoop.ozone.om.exceptions.OMException: Unable to get file status: volume: volume14578 bucket: bucket96393 key: .Trash/runner/Current/testKey1
	at org.apache.hadoop.ozone.om.KeyManagerImpl.getOzoneFileStatus(KeyManagerImpl.java:1200) ~[ozone-manager-1.4.0-SNAPSHOT.jar:?]
	at org.apache.hadoop.ozone.om.KeyManagerImpl.getFileStatus(KeyManagerImpl.java:1118) ~[ozone-manager-1.4.0-SNAPSHOT.jar:?]
	at org.apache.hadoop.ozone.om.OmMetadataReader.getFileStatus(OmMetadataReader.java:288) ~[ozone-manager-1.4.0-SNAPSHOT.jar:?]
	at org.apache.hadoop.ozone.om.OzoneManager.getFileStatus(OzoneManager.java:3491) ~[ozone-manager-1.4.0-SNAPSHOT.jar:?]
	at org.apache.hadoop.ozone.protocolPB.OzoneManagerRequestHandler.getOzoneFileStatus(OzoneManagerRequestHandler.java:934) ~[ozone-manager-1.4.0-SNAPSHOT.jar:?]
	at org.apache.hadoop.ozone.protocolPB.OzoneManagerRequestHandler.handleReadRequest(OzoneManagerRequestHandler.java:238) ~[ozone-manager-1.4.0-SNAPSHOT.jar:?]
	at org.apache.hadoop.ozone.protocolPB.OzoneManagerProtocolServerSideTranslatorPB.submitReadRequestToOM(OzoneManagerProtocolServerSideTranslatorPB.java:223) ~[ozone-manager-1.4.0-SNAPSHOT.jar:?]
	at org.apache.hadoop.ozone.protocolPB.OzoneManagerProtocolServerSideTranslatorPB.processRequest(OzoneManagerProtocolServerSideTranslatorPB.java:177) ~[ozone-manager-1.4.0-SNAPSHOT.jar:?]
	at org.apache.hadoop.hdds.server.OzoneProtocolMessageDispatcher.processRequest(OzoneProtocolMessageDispatcher.java:87) [hdds-server-framework-1.4.0-SNAPSHOT.jar:?]
	at org.apache.hadoop.ozone.protocolPB.OzoneManagerProtocolServerSideTranslatorPB.submitRequest(OzoneManagerProtocolServerSideTranslatorPB.java:147) [ozone-manager-1.4.0-SNAPSHOT.jar:?]
	at org.apache.hadoop.ozone.protocol.proto.OzoneManagerProtocolProtos$OzoneManagerService$2.callBlockingMethod(OzoneManagerProtocolProtos.java) [ozone-interface-client-1.4.0-SNAPSHOT.jar:?]
	at org.apache.hadoop.ipc.ProtobufRpcEngine$Server.processCall(ProtobufRpcEngine.java:484) [hadoop-common-3.3.5.jar:?]
	at org.apache.hadoop.ipc.ProtobufRpcEngine2$Server$ProtoBufRpcInvoker.call(ProtobufRpcEngine2.java:595) [hadoop-common-3.3.5.jar:?]
	at org.apache.hadoop.ipc.ProtobufRpcEngine2$Server$ProtoBufRpcInvoker.call(ProtobufRpcEngine2.java:573) [hadoop-common-3.3.5.jar:?]
	at org.apache.hadoop.ipc.RPC$Server.call(RPC.java:1213) [hadoop-common-3.3.5.jar:?]
	at org.apache.hadoop.ipc.Server$RpcCall.run(Server.java:1089) [hadoop-common-3.3.5.jar:?]
	at org.apache.hadoop.ipc.Server$RpcCall.run(Server.java:1012) [hadoop-common-3.3.5.jar:?]
	at java.security.AccessController.doPrivileged(Native Method) ~[?:1.8.0_362]
	at javax.security.auth.Subject.doAs(Subject.java:422) [?:1.8.0_362]
	at org.apache.hadoop.security.UserGroupInformation.doAs(UserGroupInformation.java:1899) [hadoop-common-3.3.5.jar:?]
	at org.apache.hadoop.ipc.Server$Handler.run(Server.java:3026) [hadoop-common-3.3.5.jar:?]
2023-04-11 11:24:09,656 [Time-limited test] INFO  om.TrashPolicyOzone (TrashPolicyOzone.java:moveToTrash(209)) - Moved: '/testKey1' to trash at: /.Trash/runner/Current/testKey1
]]></system-out>
  </testcase>
  <testcase name="testRenameToTrashEnabled" classname="TestOzoneFileSystem" time="0.142">
    <system-out><![CDATA[11:25:03.780 [IPC Server handler 2 on default port 36969] ERROR OMAudit - user=runner | ip=127.0.0.1 | op=GET_FILE_STATUS {volume=volume23474, bucket=bucket17726, key=.Trash/runner/Current/testKey1, dataSize=0, replicationConfig=null} | ret=FAILURE
org.apache.hadoop.ozone.om.exceptions.OMException: Unable to get file status: volume: volume23474 bucket: bucket17726 key: .Trash/runner/Current/testKey1
	at org.apache.hadoop.ozone.om.KeyManagerImpl.getOzoneFileStatus(KeyManagerImpl.java:1200) ~[ozone-manager-1.4.0-SNAPSHOT.jar:?]
	at org.apache.hadoop.ozone.om.KeyManagerImpl.getFileStatus(KeyManagerImpl.java:1118) ~[ozone-manager-1.4.0-SNAPSHOT.jar:?]
	at org.apache.hadoop.ozone.om.OmMetadataReader.getFileStatus(OmMetadataReader.java:288) ~[ozone-manager-1.4.0-SNAPSHOT.jar:?]
	at org.apache.hadoop.ozone.om.OzoneManager.getFileStatus(OzoneManager.java:3491) ~[ozone-manager-1.4.0-SNAPSHOT.jar:?]
	at org.apache.hadoop.ozone.protocolPB.OzoneManagerRequestHandler.getOzoneFileStatus(OzoneManagerRequestHandler.java:934) ~[ozone-manager-1.4.0-SNAPSHOT.jar:?]
	at org.apache.hadoop.ozone.protocolPB.OzoneManagerRequestHandler.handleReadRequest(OzoneManagerRequestHandler.java:238) ~[ozone-manager-1.4.0-SNAPSHOT.jar:?]
	at org.apache.hadoop.ozone.protocolPB.OzoneManagerProtocolServerSideTranslatorPB.submitRequestDirectlyToOM(OzoneManagerProtocolServerSideTranslatorPB.java:272) ~[ozone-manager-1.4.0-SNAPSHOT.jar:?]
	at org.apache.hadoop.ozone.protocolPB.OzoneManagerProtocolServerSideTranslatorPB.processRequest(OzoneManagerProtocolServerSideTranslatorPB.java:173) ~[ozone-manager-1.4.0-SNAPSHOT.jar:?]
	at org.apache.hadoop.hdds.server.OzoneProtocolMessageDispatcher.processRequest(OzoneProtocolMessageDispatcher.java:87) [hdds-server-framework-1.4.0-SNAPSHOT.jar:?]
	at org.apache.hadoop.ozone.protocolPB.OzoneManagerProtocolServerSideTranslatorPB.submitRequest(OzoneManagerProtocolServerSideTranslatorPB.java:147) [ozone-manager-1.4.0-SNAPSHOT.jar:?]
	at org.apache.hadoop.ozone.protocol.proto.OzoneManagerProtocolProtos$OzoneManagerService$2.callBlockingMethod(OzoneManagerProtocolProtos.java) [ozone-interface-client-1.4.0-SNAPSHOT.jar:?]
	at org.apache.hadoop.ipc.ProtobufRpcEngine$Server.processCall(ProtobufRpcEngine.java:484) [hadoop-common-3.3.5.jar:?]
	at org.apache.hadoop.ipc.ProtobufRpcEngine2$Server$ProtoBufRpcInvoker.call(ProtobufRpcEngine2.java:595) [hadoop-common-3.3.5.jar:?]
	at org.apache.hadoop.ipc.ProtobufRpcEngine2$Server$ProtoBufRpcInvoker.call(ProtobufRpcEngine2.java:573) [hadoop-common-3.3.5.jar:?]
	at org.apache.hadoop.ipc.RPC$Server.call(RPC.java:1213) [hadoop-common-3.3.5.jar:?]
	at org.apache.hadoop.ipc.Server$RpcCall.run(Server.java:1089) [hadoop-common-3.3.5.jar:?]
	at org.apache.hadoop.ipc.Server$RpcCall.run(Server.java:1012) [hadoop-common-3.3.5.jar:?]
	at java.security.AccessController.doPrivileged(Native Method) ~[?:1.8.0_362]
	at javax.security.auth.Subject.doAs(Subject.java:422) [?:1.8.0_362]
	at org.apache.hadoop.security.UserGroupInformation.doAs(UserGroupInformation.java:1899) [hadoop-common-3.3.5.jar:?]
	at org.apache.hadoop.ipc.Server$Handler.run(Server.java:3026) [hadoop-common-3.3.5.jar:?]
11:25:03.783 [IPC Server handler 4 on default port 36969] ERROR OMAudit - user=runner | ip=127.0.0.1 | op=GET_FILE_STATUS {volume=volume23474, bucket=bucket17726, key=.Trash/runner/Current/testKey1, dataSize=0, replicationConfig=null} | ret=FAILURE
org.apache.hadoop.ozone.om.exceptions.OMException: Unable to get file status: volume: volume23474 bucket: bucket17726 key: .Trash/runner/Current/testKey1
	at org.apache.hadoop.ozone.om.KeyManagerImpl.getOzoneFileStatus(KeyManagerImpl.java:1200) ~[ozone-manager-1.4.0-SNAPSHOT.jar:?]
	at org.apache.hadoop.ozone.om.KeyManagerImpl.getFileStatus(KeyManagerImpl.java:1118) ~[ozone-manager-1.4.0-SNAPSHOT.jar:?]
	at org.apache.hadoop.ozone.om.OmMetadataReader.getFileStatus(OmMetadataReader.java:288) ~[ozone-manager-1.4.0-SNAPSHOT.jar:?]
	at org.apache.hadoop.ozone.om.OzoneManager.getFileStatus(OzoneManager.java:3491) ~[ozone-manager-1.4.0-SNAPSHOT.jar:?]
	at org.apache.hadoop.ozone.protocolPB.OzoneManagerRequestHandler.getOzoneFileStatus(OzoneManagerRequestHandler.java:934) ~[ozone-manager-1.4.0-SNAPSHOT.jar:?]
	at org.apache.hadoop.ozone.protocolPB.OzoneManagerRequestHandler.handleReadRequest(OzoneManagerRequestHandler.java:238) ~[ozone-manager-1.4.0-SNAPSHOT.jar:?]
	at org.apache.hadoop.ozone.protocolPB.OzoneManagerProtocolServerSideTranslatorPB.submitRequestDirectlyToOM(OzoneManagerProtocolServerSideTranslatorPB.java:272) ~[ozone-manager-1.4.0-SNAPSHOT.jar:?]
	at org.apache.hadoop.ozone.protocolPB.OzoneManagerProtocolServerSideTranslatorPB.processRequest(OzoneManagerProtocolServerSideTranslatorPB.java:173) ~[ozone-manager-1.4.0-SNAPSHOT.jar:?]
	at org.apache.hadoop.hdds.server.OzoneProtocolMessageDispatcher.processRequest(OzoneProtocolMessageDispatcher.java:87) [hdds-server-framework-1.4.0-SNAPSHOT.jar:?]
	at org.apache.hadoop.ozone.protocolPB.OzoneManagerProtocolServerSideTranslatorPB.submitRequest(OzoneManagerProtocolServerSideTranslatorPB.java:147) [ozone-manager-1.4.0-SNAPSHOT.jar:?]
	at org.apache.hadoop.ozone.protocol.proto.OzoneManagerProtocolProtos$OzoneManagerService$2.callBlockingMethod(OzoneManagerProtocolProtos.java) [ozone-interface-client-1.4.0-SNAPSHOT.jar:?]
	at org.apache.hadoop.ipc.ProtobufRpcEngine$Server.processCall(ProtobufRpcEngine.java:484) [hadoop-common-3.3.5.jar:?]
	at org.apache.hadoop.ipc.ProtobufRpcEngine2$Server$ProtoBufRpcInvoker.call(ProtobufRpcEngine2.java:595) [hadoop-common-3.3.5.jar:?]
	at org.apache.hadoop.ipc.ProtobufRpcEngine2$Server$ProtoBufRpcInvoker.call(ProtobufRpcEngine2.java:573) [hadoop-common-3.3.5.jar:?]
	at org.apache.hadoop.ipc.RPC$Server.call(RPC.java:1213) [hadoop-common-3.3.5.jar:?]
	at org.apache.hadoop.ipc.Server$RpcCall.run(Server.java:1089) [hadoop-common-3.3.5.jar:?]
	at org.apache.hadoop.ipc.Server$RpcCall.run(Server.java:1012) [hadoop-common-3.3.5.jar:?]
	at java.security.AccessController.doPrivileged(Native Method) ~[?:1.8.0_362]
	at javax.security.auth.Subject.doAs(Subject.java:422) [?:1.8.0_362]
	at org.apache.hadoop.security.UserGroupInformation.doAs(UserGroupInformation.java:1899) [hadoop-common-3.3.5.jar:?]
	at org.apache.hadoop.ipc.Server$Handler.run(Server.java:3026) [hadoop-common-3.3.5.jar:?]
2023-04-11 11:25:03,789 [Time-limited test] INFO  om.TrashPolicyOzone (TrashPolicyOzone.java:moveToTrash(209)) - Moved: '/testKey1' to trash at: /.Trash/runner/Current/testKey1
]]></system-out>
  </testcase>
  <testcase name="testRenameToTrashEnabled" classname="TestOzoneFileSystem" time="0.132">
    <system-out><![CDATA[11:26:00.678 [IPC Server handler 4 on default port 39679] ERROR OMAudit - user=runner | ip=127.0.0.1 | op=GET_FILE_STATUS {volume=volume21709, bucket=bucket98076, key=.Trash/runner/Current/testKey1, dataSize=0, replicationConfig=null} | ret=FAILURE
org.apache.hadoop.ozone.om.exceptions.OMException: Unable to get file status: volume: volume21709 bucket: bucket98076 key: .Trash/runner/Current/testKey1
	at org.apache.hadoop.ozone.om.KeyManagerImpl.getOzoneFileStatus(KeyManagerImpl.java:1200) ~[ozone-manager-1.4.0-SNAPSHOT.jar:?]
	at org.apache.hadoop.ozone.om.KeyManagerImpl.getFileStatus(KeyManagerImpl.java:1118) ~[ozone-manager-1.4.0-SNAPSHOT.jar:?]
	at org.apache.hadoop.ozone.om.OmMetadataReader.getFileStatus(OmMetadataReader.java:288) ~[ozone-manager-1.4.0-SNAPSHOT.jar:?]
	at org.apache.hadoop.ozone.om.OzoneManager.getFileStatus(OzoneManager.java:3491) ~[ozone-manager-1.4.0-SNAPSHOT.jar:?]
	at org.apache.hadoop.ozone.protocolPB.OzoneManagerRequestHandler.getOzoneFileStatus(OzoneManagerRequestHandler.java:934) ~[ozone-manager-1.4.0-SNAPSHOT.jar:?]
	at org.apache.hadoop.ozone.protocolPB.OzoneManagerRequestHandler.handleReadRequest(OzoneManagerRequestHandler.java:238) ~[ozone-manager-1.4.0-SNAPSHOT.jar:?]
	at org.apache.hadoop.ozone.protocolPB.OzoneManagerProtocolServerSideTranslatorPB.submitReadRequestToOM(OzoneManagerProtocolServerSideTranslatorPB.java:223) ~[ozone-manager-1.4.0-SNAPSHOT.jar:?]
	at org.apache.hadoop.ozone.protocolPB.OzoneManagerProtocolServerSideTranslatorPB.processRequest(OzoneManagerProtocolServerSideTranslatorPB.java:177) ~[ozone-manager-1.4.0-SNAPSHOT.jar:?]
	at org.apache.hadoop.hdds.server.OzoneProtocolMessageDispatcher.processRequest(OzoneProtocolMessageDispatcher.java:87) [hdds-server-framework-1.4.0-SNAPSHOT.jar:?]
	at org.apache.hadoop.ozone.protocolPB.OzoneManagerProtocolServerSideTranslatorPB.submitRequest(OzoneManagerProtocolServerSideTranslatorPB.java:147) [ozone-manager-1.4.0-SNAPSHOT.jar:?]
	at org.apache.hadoop.ozone.protocol.proto.OzoneManagerProtocolProtos$OzoneManagerService$2.callBlockingMethod(OzoneManagerProtocolProtos.java) [ozone-interface-client-1.4.0-SNAPSHOT.jar:?]
	at org.apache.hadoop.ipc.ProtobufRpcEngine$Server.processCall(ProtobufRpcEngine.java:484) [hadoop-common-3.3.5.jar:?]
	at org.apache.hadoop.ipc.ProtobufRpcEngine2$Server$ProtoBufRpcInvoker.call(ProtobufRpcEngine2.java:595) [hadoop-common-3.3.5.jar:?]
	at org.apache.hadoop.ipc.ProtobufRpcEngine2$Server$ProtoBufRpcInvoker.call(ProtobufRpcEngine2.java:573) [hadoop-common-3.3.5.jar:?]
	at org.apache.hadoop.ipc.RPC$Server.call(RPC.java:1213) [hadoop-common-3.3.5.jar:?]
	at org.apache.hadoop.ipc.Server$RpcCall.run(Server.java:1089) [hadoop-common-3.3.5.jar:?]
	at org.apache.hadoop.ipc.Server$RpcCall.run(Server.java:1012) [hadoop-common-3.3.5.jar:?]
	at java.security.AccessController.doPrivileged(Native Method) ~[?:1.8.0_362]
	at javax.security.auth.Subject.doAs(Subject.java:422) [?:1.8.0_362]
	at org.apache.hadoop.security.UserGroupInformation.doAs(UserGroupInformation.java:1899) [hadoop-common-3.3.5.jar:?]
	at org.apache.hadoop.ipc.Server$Handler.run(Server.java:3026) [hadoop-common-3.3.5.jar:?]
11:26:00.682 [IPC Server handler 7 on default port 39679] ERROR OMAudit - user=runner | ip=127.0.0.1 | op=GET_FILE_STATUS {volume=volume21709, bucket=bucket98076, key=.Trash/runner/Current/testKey1, dataSize=0, replicationConfig=null} | ret=FAILURE
org.apache.hadoop.ozone.om.exceptions.OMException: Unable to get file status: volume: volume21709 bucket: bucket98076 key: .Trash/runner/Current/testKey1
	at org.apache.hadoop.ozone.om.KeyManagerImpl.getOzoneFileStatus(KeyManagerImpl.java:1200) ~[ozone-manager-1.4.0-SNAPSHOT.jar:?]
	at org.apache.hadoop.ozone.om.KeyManagerImpl.getFileStatus(KeyManagerImpl.java:1118) ~[ozone-manager-1.4.0-SNAPSHOT.jar:?]
	at org.apache.hadoop.ozone.om.OmMetadataReader.getFileStatus(OmMetadataReader.java:288) ~[ozone-manager-1.4.0-SNAPSHOT.jar:?]
	at org.apache.hadoop.ozone.om.OzoneManager.getFileStatus(OzoneManager.java:3491) ~[ozone-manager-1.4.0-SNAPSHOT.jar:?]
	at org.apache.hadoop.ozone.protocolPB.OzoneManagerRequestHandler.getOzoneFileStatus(OzoneManagerRequestHandler.java:934) ~[ozone-manager-1.4.0-SNAPSHOT.jar:?]
	at org.apache.hadoop.ozone.protocolPB.OzoneManagerRequestHandler.handleReadRequest(OzoneManagerRequestHandler.java:238) ~[ozone-manager-1.4.0-SNAPSHOT.jar:?]
	at org.apache.hadoop.ozone.protocolPB.OzoneManagerProtocolServerSideTranslatorPB.submitReadRequestToOM(OzoneManagerProtocolServerSideTranslatorPB.java:223) ~[ozone-manager-1.4.0-SNAPSHOT.jar:?]
	at org.apache.hadoop.ozone.protocolPB.OzoneManagerProtocolServerSideTranslatorPB.processRequest(OzoneManagerProtocolServerSideTranslatorPB.java:177) ~[ozone-manager-1.4.0-SNAPSHOT.jar:?]
	at org.apache.hadoop.hdds.server.OzoneProtocolMessageDispatcher.processRequest(OzoneProtocolMessageDispatcher.java:87) [hdds-server-framework-1.4.0-SNAPSHOT.jar:?]
	at org.apache.hadoop.ozone.protocolPB.OzoneManagerProtocolServerSideTranslatorPB.submitRequest(OzoneManagerProtocolServerSideTranslatorPB.java:147) [ozone-manager-1.4.0-SNAPSHOT.jar:?]
	at org.apache.hadoop.ozone.protocol.proto.OzoneManagerProtocolProtos$OzoneManagerService$2.callBlockingMethod(OzoneManagerProtocolProtos.java) [ozone-interface-client-1.4.0-SNAPSHOT.jar:?]
	at org.apache.hadoop.ipc.ProtobufRpcEngine$Server.processCall(ProtobufRpcEngine.java:484) [hadoop-common-3.3.5.jar:?]
	at org.apache.hadoop.ipc.ProtobufRpcEngine2$Server$ProtoBufRpcInvoker.call(ProtobufRpcEngine2.java:595) [hadoop-common-3.3.5.jar:?]
	at org.apache.hadoop.ipc.ProtobufRpcEngine2$Server$ProtoBufRpcInvoker.call(ProtobufRpcEngine2.java:573) [hadoop-common-3.3.5.jar:?]
	at org.apache.hadoop.ipc.RPC$Server.call(RPC.java:1213) [hadoop-common-3.3.5.jar:?]
	at org.apache.hadoop.ipc.Server$RpcCall.run(Server.java:1089) [hadoop-common-3.3.5.jar:?]
	at org.apache.hadoop.ipc.Server$RpcCall.run(Server.java:1012) [hadoop-common-3.3.5.jar:?]
	at java.security.AccessController.doPrivileged(Native Method) ~[?:1.8.0_362]
	at javax.security.auth.Subject.doAs(Subject.java:422) [?:1.8.0_362]
	at org.apache.hadoop.security.UserGroupInformation.doAs(UserGroupInformation.java:1899) [hadoop-common-3.3.5.jar:?]
	at org.apache.hadoop.ipc.Server$Handler.run(Server.java:3026) [hadoop-common-3.3.5.jar:?]
2023-04-11 11:26:00,690 [Time-limited test] INFO  om.TrashPolicyOzone (TrashPolicyOzone.java:moveToTrash(209)) - Moved: '/testKey1' to trash at: /.Trash/runner/Current/testKey1
]]></system-out>
  </testcase>
  <testcase name="testRenameToTrashEnabled" classname="TestOzoneFileSystem" time="0.12">
    <system-out><![CDATA[11:26:51.496 [IPC Server handler 1 on default port 44509] ERROR OMAudit - user=runner | ip=127.0.0.1 | op=GET_FILE_STATUS {volume=volume17585, bucket=bucket91798, key=.Trash/runner/Current/testKey1, dataSize=0, replicationConfig=null} | ret=FAILURE
org.apache.hadoop.ozone.om.exceptions.OMException: Unable to get file status: volume: volume17585 bucket: bucket91798 key: .Trash/runner/Current/testKey1
	at org.apache.hadoop.ozone.om.KeyManagerImpl.getOzoneFileStatus(KeyManagerImpl.java:1200) ~[ozone-manager-1.4.0-SNAPSHOT.jar:?]
	at org.apache.hadoop.ozone.om.KeyManagerImpl.getFileStatus(KeyManagerImpl.java:1118) ~[ozone-manager-1.4.0-SNAPSHOT.jar:?]
	at org.apache.hadoop.ozone.om.OmMetadataReader.getFileStatus(OmMetadataReader.java:288) ~[ozone-manager-1.4.0-SNAPSHOT.jar:?]
	at org.apache.hadoop.ozone.om.OzoneManager.getFileStatus(OzoneManager.java:3491) ~[ozone-manager-1.4.0-SNAPSHOT.jar:?]
	at org.apache.hadoop.ozone.protocolPB.OzoneManagerRequestHandler.getOzoneFileStatus(OzoneManagerRequestHandler.java:934) ~[ozone-manager-1.4.0-SNAPSHOT.jar:?]
	at org.apache.hadoop.ozone.protocolPB.OzoneManagerRequestHandler.handleReadRequest(OzoneManagerRequestHandler.java:238) ~[ozone-manager-1.4.0-SNAPSHOT.jar:?]
	at org.apache.hadoop.ozone.protocolPB.OzoneManagerProtocolServerSideTranslatorPB.submitRequestDirectlyToOM(OzoneManagerProtocolServerSideTranslatorPB.java:272) ~[ozone-manager-1.4.0-SNAPSHOT.jar:?]
	at org.apache.hadoop.ozone.protocolPB.OzoneManagerProtocolServerSideTranslatorPB.processRequest(OzoneManagerProtocolServerSideTranslatorPB.java:173) ~[ozone-manager-1.4.0-SNAPSHOT.jar:?]
	at org.apache.hadoop.hdds.server.OzoneProtocolMessageDispatcher.processRequest(OzoneProtocolMessageDispatcher.java:87) [hdds-server-framework-1.4.0-SNAPSHOT.jar:?]
	at org.apache.hadoop.ozone.protocolPB.OzoneManagerProtocolServerSideTranslatorPB.submitRequest(OzoneManagerProtocolServerSideTranslatorPB.java:147) [ozone-manager-1.4.0-SNAPSHOT.jar:?]
	at org.apache.hadoop.ozone.protocol.proto.OzoneManagerProtocolProtos$OzoneManagerService$2.callBlockingMethod(OzoneManagerProtocolProtos.java) [ozone-interface-client-1.4.0-SNAPSHOT.jar:?]
	at org.apache.hadoop.ipc.ProtobufRpcEngine$Server.processCall(ProtobufRpcEngine.java:484) [hadoop-common-3.3.5.jar:?]
	at org.apache.hadoop.ipc.ProtobufRpcEngine2$Server$ProtoBufRpcInvoker.call(ProtobufRpcEngine2.java:595) [hadoop-common-3.3.5.jar:?]
	at org.apache.hadoop.ipc.ProtobufRpcEngine2$Server$ProtoBufRpcInvoker.call(ProtobufRpcEngine2.java:573) [hadoop-common-3.3.5.jar:?]
	at org.apache.hadoop.ipc.RPC$Server.call(RPC.java:1213) [hadoop-common-3.3.5.jar:?]
	at org.apache.hadoop.ipc.Server$RpcCall.run(Server.java:1089) [hadoop-common-3.3.5.jar:?]
	at org.apache.hadoop.ipc.Server$RpcCall.run(Server.java:1012) [hadoop-common-3.3.5.jar:?]
	at java.security.AccessController.doPrivileged(Native Method) ~[?:1.8.0_362]
	at javax.security.auth.Subject.doAs(Subject.java:422) [?:1.8.0_362]
	at org.apache.hadoop.security.UserGroupInformation.doAs(UserGroupInformation.java:1899) [hadoop-common-3.3.5.jar:?]
	at org.apache.hadoop.ipc.Server$Handler.run(Server.java:3026) [hadoop-common-3.3.5.jar:?]
11:26:51.500 [IPC Server handler 5 on default port 44509] ERROR OMAudit - user=runner | ip=127.0.0.1 | op=GET_FILE_STATUS {volume=volume17585, bucket=bucket91798, key=.Trash/runner/Current/testKey1, dataSize=0, replicationConfig=null} | ret=FAILURE
org.apache.hadoop.ozone.om.exceptions.OMException: Unable to get file status: volume: volume17585 bucket: bucket91798 key: .Trash/runner/Current/testKey1
	at org.apache.hadoop.ozone.om.KeyManagerImpl.getOzoneFileStatus(KeyManagerImpl.java:1200) ~[ozone-manager-1.4.0-SNAPSHOT.jar:?]
	at org.apache.hadoop.ozone.om.KeyManagerImpl.getFileStatus(KeyManagerImpl.java:1118) ~[ozone-manager-1.4.0-SNAPSHOT.jar:?]
	at org.apache.hadoop.ozone.om.OmMetadataReader.getFileStatus(OmMetadataReader.java:288) ~[ozone-manager-1.4.0-SNAPSHOT.jar:?]
	at org.apache.hadoop.ozone.om.OzoneManager.getFileStatus(OzoneManager.java:3491) ~[ozone-manager-1.4.0-SNAPSHOT.jar:?]
	at org.apache.hadoop.ozone.protocolPB.OzoneManagerRequestHandler.getOzoneFileStatus(OzoneManagerRequestHandler.java:934) ~[ozone-manager-1.4.0-SNAPSHOT.jar:?]
	at org.apache.hadoop.ozone.protocolPB.OzoneManagerRequestHandler.handleReadRequest(OzoneManagerRequestHandler.java:238) ~[ozone-manager-1.4.0-SNAPSHOT.jar:?]
	at org.apache.hadoop.ozone.protocolPB.OzoneManagerProtocolServerSideTranslatorPB.submitRequestDirectlyToOM(OzoneManagerProtocolServerSideTranslatorPB.java:272) ~[ozone-manager-1.4.0-SNAPSHOT.jar:?]
	at org.apache.hadoop.ozone.protocolPB.OzoneManagerProtocolServerSideTranslatorPB.processRequest(OzoneManagerProtocolServerSideTranslatorPB.java:173) ~[ozone-manager-1.4.0-SNAPSHOT.jar:?]
	at org.apache.hadoop.hdds.server.OzoneProtocolMessageDispatcher.processRequest(OzoneProtocolMessageDispatcher.java:87) [hdds-server-framework-1.4.0-SNAPSHOT.jar:?]
	at org.apache.hadoop.ozone.protocolPB.OzoneManagerProtocolServerSideTranslatorPB.submitRequest(OzoneManagerProtocolServerSideTranslatorPB.java:147) [ozone-manager-1.4.0-SNAPSHOT.jar:?]
	at org.apache.hadoop.ozone.protocol.proto.OzoneManagerProtocolProtos$OzoneManagerService$2.callBlockingMethod(OzoneManagerProtocolProtos.java) [ozone-interface-client-1.4.0-SNAPSHOT.jar:?]
	at org.apache.hadoop.ipc.ProtobufRpcEngine$Server.processCall(ProtobufRpcEngine.java:484) [hadoop-common-3.3.5.jar:?]
	at org.apache.hadoop.ipc.ProtobufRpcEngine2$Server$ProtoBufRpcInvoker.call(ProtobufRpcEngine2.java:595) [hadoop-common-3.3.5.jar:?]
	at org.apache.hadoop.ipc.ProtobufRpcEngine2$Server$ProtoBufRpcInvoker.call(ProtobufRpcEngine2.java:573) [hadoop-common-3.3.5.jar:?]
	at org.apache.hadoop.ipc.RPC$Server.call(RPC.java:1213) [hadoop-common-3.3.5.jar:?]
	at org.apache.hadoop.ipc.Server$RpcCall.run(Server.java:1089) [hadoop-common-3.3.5.jar:?]
	at org.apache.hadoop.ipc.Server$RpcCall.run(Server.java:1012) [hadoop-common-3.3.5.jar:?]
	at java.security.AccessController.doPrivileged(Native Method) ~[?:1.8.0_362]
	at javax.security.auth.Subject.doAs(Subject.java:422) [?:1.8.0_362]
	at org.apache.hadoop.security.UserGroupInformation.doAs(UserGroupInformation.java:1899) [hadoop-common-3.3.5.jar:?]
	at org.apache.hadoop.ipc.Server$Handler.run(Server.java:3026) [hadoop-common-3.3.5.jar:?]
2023-04-11 11:26:51,505 [Time-limited test] INFO  om.TrashPolicyOzone (TrashPolicyOzone.java:moveToTrash(209)) - Moved: '/testKey1' to trash at: /.Trash/runner/Current/testKey1
]]></system-out>
  </testcase>
  <testcase name="testListStatusWithIntermediateDir" classname="TestOzoneFileSystem" time="0.057">
    <system-out><![CDATA[2023-04-11 11:24:09,700 [IPC Server handler 0 on default port 39469] INFO  pipeline.PipelineStateManagerImpl (PipelineStateManagerImpl.java:addPipeline(103)) - Created pipeline Pipeline[ Id: f0427e54-fad6-41e9-b8e0-05c818220feb, Nodes: cea8b5f9-ee25-46f1-ad4b-37d39f533b4e(fv-az590-525.scpgifznvsounmmscp2whtfmwe.cx.internal.cloudapp.net/10.1.0.37), ReplicationConfig: STANDALONE/ONE, State:OPEN, leaderId:, CreationTimestamp2023-04-11T11:24:09.699Z[Etc/UTC]].
2023-04-11 11:24:09,708 [OM StateMachine ApplyTransaction Thread - 0] INFO  key.OMKeyRequest (OMKeyRequest.java:wrapUncommittedBlocksAsPseudoKey(838)) - Detect allocated but uncommitted blocks [{blockID={containerID=8, localID=111677748019200057}, length=4194304, offset=0, token=null, pipeline=null, createVersion=0, partNumber=0}] in key object-dir/object-name.
]]></system-out>
  </testcase>
  <testcase name="testListStatusWithIntermediateDir" classname="TestOzoneFileSystem" time="0.037">
    <system-out><![CDATA[2023-04-11 11:25:03,814 [IPC Server handler 16 on default port 40501] INFO  pipeline.PipelineStateManagerImpl (PipelineStateManagerImpl.java:addPipeline(103)) - Created pipeline Pipeline[ Id: 70f750d1-5264-4a63-a8ca-fc7adaea3cc4, Nodes: b78ace34-11d4-46ff-baaa-a173e90e3d16(fv-az590-525.scpgifznvsounmmscp2whtfmwe.cx.internal.cloudapp.net/10.1.0.37), ReplicationConfig: STANDALONE/ONE, State:OPEN, leaderId:, CreationTimestamp2023-04-11T11:25:03.813Z[Etc/UTC]].
2023-04-11 11:25:03,821 [IPC Server handler 11 on default port 36969] INFO  key.OMKeyRequest (OMKeyRequest.java:wrapUncommittedBlocksAsPseudoKey(838)) - Detect allocated but uncommitted blocks [{blockID={containerID=8, localID=111677748019200057}, length=4194304, offset=0, token=null, pipeline=null, createVersion=0, partNumber=0}] in key object-dir/object-name.
]]></system-out>
  </testcase>
  <testcase name="testListStatusWithIntermediateDir" classname="TestOzoneFileSystem" time="0.035">
    <system-out><![CDATA[2023-04-11 11:26:00,715 [IPC Server handler 16 on default port 44705] INFO  pipeline.PipelineStateManagerImpl (PipelineStateManagerImpl.java:addPipeline(103)) - Created pipeline Pipeline[ Id: a44d367a-6b15-4702-afa8-2e1466dbe0e7, Nodes: 05ccd17e-9552-4505-90bd-a622c50008e8(fv-az590-525.scpgifznvsounmmscp2whtfmwe.cx.internal.cloudapp.net/10.1.0.37), ReplicationConfig: STANDALONE/ONE, State:OPEN, leaderId:, CreationTimestamp2023-04-11T11:26:00.714Z[Etc/UTC]].
2023-04-11 11:26:00,719 [OM StateMachine ApplyTransaction Thread - 0] INFO  key.OMKeyRequest (OMKeyRequest.java:wrapUncommittedBlocksAsPseudoKey(838)) - Detect allocated but uncommitted blocks [{blockID={containerID=7, localID=111677748019200057}, length=4194304, offset=0, token=null, pipeline=null, createVersion=0, partNumber=0}] in key object-dir/object-name.
]]></system-out>
  </testcase>
  <testcase name="testListStatusWithIntermediateDir" classname="TestOzoneFileSystem" time="0.028">
    <system-out><![CDATA[2023-04-11 11:26:51,525 [IPC Server handler 18 on default port 34475] INFO  pipeline.PipelineStateManagerImpl (PipelineStateManagerImpl.java:addPipeline(103)) - Created pipeline Pipeline[ Id: 71bb14e5-9c99-4045-aac7-9cd27a0d9990, Nodes: caa308e7-95fe-4c5f-9440-a942b893081e(fv-az590-525.scpgifznvsounmmscp2whtfmwe.cx.internal.cloudapp.net/10.1.0.37), ReplicationConfig: STANDALONE/ONE, State:OPEN, leaderId:, CreationTimestamp2023-04-11T11:26:51.522Z[Etc/UTC]].
2023-04-11 11:26:51,528 [IPC Server handler 18 on default port 44509] INFO  key.OMKeyRequest (OMKeyRequest.java:wrapUncommittedBlocksAsPseudoKey(838)) - Detect allocated but uncommitted blocks [{blockID={containerID=8, localID=111677748019200057}, length=4194304, offset=0, token=null, pipeline=null, createVersion=0, partNumber=0}] in key object-dir/object-name.
]]></system-out>
  </testcase>
  <testcase name="testRenameSourceAndDestinAreSame" classname="TestOzoneFileSystem" time="0.021">
    <system-out><![CDATA[2023-04-11 11:24:09,737 [OM StateMachine ApplyTransaction Thread - 0] INFO  key.OMKeyRequest (OMKeyRequest.java:wrapUncommittedBlocksAsPseudoKey(838)) - Detect allocated but uncommitted blocks [{blockID={containerID=1, localID=111677748019200058}, length=4194304, offset=0, token=null, pipeline=null, createVersion=0, partNumber=0}] in key root/dir1/dir2/file1.
]]></system-out>
  </testcase>
  <testcase name="testRenameSourceAndDestinAreSame" classname="TestOzoneFileSystem" time="0.014">
    <system-out><![CDATA[2023-04-11 11:25:03,842 [IPC Server handler 10 on default port 36969] INFO  key.OMKeyRequest (OMKeyRequest.java:wrapUncommittedBlocksAsPseudoKey(838)) - Detect allocated but uncommitted blocks [{blockID={containerID=1, localID=111677748019200058}, length=4194304, offset=0, token=null, pipeline=null, createVersion=0, partNumber=0}] in key root/dir1/dir2/file1.
]]></system-out>
  </testcase>
  <testcase name="testRenameSourceAndDestinAreSame" classname="TestOzoneFileSystem" time="0.019">
    <system-out><![CDATA[2023-04-11 11:26:00,747 [OM StateMachine ApplyTransaction Thread - 0] INFO  key.OMKeyRequest (OMKeyRequest.java:wrapUncommittedBlocksAsPseudoKey(838)) - Detect allocated but uncommitted blocks [{blockID={containerID=4, localID=111677748019200058}, length=4194304, offset=0, token=null, pipeline=null, createVersion=0, partNumber=0}] in key root/dir1/dir2/file1.
]]></system-out>
  </testcase>
  <testcase name="testRenameSourceAndDestinAreSame" classname="TestOzoneFileSystem" time="0.014">
    <system-out><![CDATA[2023-04-11 11:26:51,548 [IPC Server handler 2 on default port 44509] INFO  key.OMKeyRequest (OMKeyRequest.java:wrapUncommittedBlocksAsPseudoKey(838)) - Detect allocated but uncommitted blocks [{blockID={containerID=4, localID=111677748019200058}, length=4194304, offset=0, token=null, pipeline=null, createVersion=0, partNumber=0}] in key root/dir1/dir2/file1.
]]></system-out>
  </testcase>
  <testcase name="testListStatusIteratorWithDir" classname="TestOzoneFileSystem" time="0.059">
    <system-out><![CDATA[2023-04-11 11:24:09,764 [OM StateMachine ApplyTransaction Thread - 0] INFO  key.OMKeyRequest (OMKeyRequest.java:wrapUncommittedBlocksAsPseudoKey(838)) - Detect allocated but uncommitted blocks [{blockID={containerID=4, localID=111677748019200059}, length=4194304, offset=0, token=null, pipeline=null, createVersion=0, partNumber=0}] in key testListStatus/key1.
2023-04-11 11:24:09,770 [OM StateMachine ApplyTransaction Thread - 0] INFO  key.OMKeyRequest (OMKeyRequest.java:wrapUncommittedBlocksAsPseudoKey(838)) - Detect allocated but uncommitted blocks [{blockID={containerID=3, localID=111677748019200060}, length=4194304, offset=0, token=null, pipeline=null, createVersion=0, partNumber=0}] in key testListStatus/key2.
2023-04-11 11:24:09,782 [OM StateMachine ApplyTransaction Thread - 0] INFO  key.OMKeyRequest (OMKeyRequest.java:wrapUncommittedBlocksAsPseudoKey(838)) - Detect allocated but uncommitted blocks [{blockID={containerID=1, localID=111677748019200061}, length=4194304, offset=0, token=null, pipeline=null, createVersion=0, partNumber=0}] in key testListStatus/dir1/key3.
2023-04-11 11:24:09,788 [OM StateMachine ApplyTransaction Thread - 0] INFO  key.OMKeyRequest (OMKeyRequest.java:wrapUncommittedBlocksAsPseudoKey(838)) - Detect allocated but uncommitted blocks [{blockID={containerID=2, localID=111677748019200062}, length=4194304, offset=0, token=null, pipeline=null, createVersion=0, partNumber=0}] in key testListStatus/dir1/key4.
]]></system-out>
  </testcase>
  <testcase name="testListStatusIteratorWithDir" classname="TestOzoneFileSystem" time="0.042">
    <system-out><![CDATA[2023-04-11 11:25:03,861 [IPC Server handler 11 on default port 36969] INFO  key.OMKeyRequest (OMKeyRequest.java:wrapUncommittedBlocksAsPseudoKey(838)) - Detect allocated but uncommitted blocks [{blockID={containerID=2, localID=111677748019200059}, length=4194304, offset=0, token=null, pipeline=null, createVersion=0, partNumber=0}] in key testListStatus/key1.
2023-04-11 11:25:03,865 [IPC Server handler 1 on default port 36969] INFO  key.OMKeyRequest (OMKeyRequest.java:wrapUncommittedBlocksAsPseudoKey(838)) - Detect allocated but uncommitted blocks [{blockID={containerID=1, localID=111677748019200060}, length=4194304, offset=0, token=null, pipeline=null, createVersion=0, partNumber=0}] in key testListStatus/key2.
2023-04-11 11:25:03,875 [IPC Server handler 4 on default port 36969] INFO  key.OMKeyRequest (OMKeyRequest.java:wrapUncommittedBlocksAsPseudoKey(838)) - Detect allocated but uncommitted blocks [{blockID={containerID=4, localID=111677748019200061}, length=4194304, offset=0, token=null, pipeline=null, createVersion=0, partNumber=0}] in key testListStatus/dir1/key3.
2023-04-11 11:25:03,879 [IPC Server handler 9 on default port 36969] INFO  key.OMKeyRequest (OMKeyRequest.java:wrapUncommittedBlocksAsPseudoKey(838)) - Detect allocated but uncommitted blocks [{blockID={containerID=3, localID=111677748019200062}, length=4194304, offset=0, token=null, pipeline=null, createVersion=0, partNumber=0}] in key testListStatus/dir1/key4.
]]></system-out>
  </testcase>
  <testcase name="testListStatusIteratorWithDir" classname="TestOzoneFileSystem" time="0.044">
    <system-out><![CDATA[2023-04-11 11:26:00,768 [OM StateMachine ApplyTransaction Thread - 0] INFO  key.OMKeyRequest (OMKeyRequest.java:wrapUncommittedBlocksAsPseudoKey(838)) - Detect allocated but uncommitted blocks [{blockID={containerID=1, localID=111677748019200059}, length=4194304, offset=0, token=null, pipeline=null, createVersion=0, partNumber=0}] in key testListStatus/key1.
2023-04-11 11:26:00,772 [OM StateMachine ApplyTransaction Thread - 0] INFO  key.OMKeyRequest (OMKeyRequest.java:wrapUncommittedBlocksAsPseudoKey(838)) - Detect allocated but uncommitted blocks [{blockID={containerID=2, localID=111677748019200060}, length=4194304, offset=0, token=null, pipeline=null, createVersion=0, partNumber=0}] in key testListStatus/key2.
2023-04-11 11:26:00,782 [OM StateMachine ApplyTransaction Thread - 0] INFO  key.OMKeyRequest (OMKeyRequest.java:wrapUncommittedBlocksAsPseudoKey(838)) - Detect allocated but uncommitted blocks [{blockID={containerID=1, localID=111677748019200061}, length=4194304, offset=0, token=null, pipeline=null, createVersion=0, partNumber=0}] in key testListStatus/dir1/key3.
2023-04-11 11:26:00,787 [OM StateMachine ApplyTransaction Thread - 0] INFO  key.OMKeyRequest (OMKeyRequest.java:wrapUncommittedBlocksAsPseudoKey(838)) - Detect allocated but uncommitted blocks [{blockID={containerID=3, localID=111677748019200062}, length=4194304, offset=0, token=null, pipeline=null, createVersion=0, partNumber=0}] in key testListStatus/dir1/key4.
]]></system-out>
  </testcase>
  <testcase name="testListStatusIteratorWithDir" classname="TestOzoneFileSystem" time="0.038">
    <system-out><![CDATA[2023-04-11 11:26:51,566 [IPC Server handler 11 on default port 44509] INFO  key.OMKeyRequest (OMKeyRequest.java:wrapUncommittedBlocksAsPseudoKey(838)) - Detect allocated but uncommitted blocks [{blockID={containerID=1, localID=111677748019200059}, length=4194304, offset=0, token=null, pipeline=null, createVersion=0, partNumber=0}] in key testListStatus/key1.
2023-04-11 11:26:51,569 [IPC Server handler 13 on default port 44509] INFO  key.OMKeyRequest (OMKeyRequest.java:wrapUncommittedBlocksAsPseudoKey(838)) - Detect allocated but uncommitted blocks [{blockID={containerID=2, localID=111677748019200060}, length=4194304, offset=0, token=null, pipeline=null, createVersion=0, partNumber=0}] in key testListStatus/key2.
2023-04-11 11:26:51,578 [IPC Server handler 0 on default port 44509] INFO  key.OMKeyRequest (OMKeyRequest.java:wrapUncommittedBlocksAsPseudoKey(838)) - Detect allocated but uncommitted blocks [{blockID={containerID=3, localID=111677748019200061}, length=4194304, offset=0, token=null, pipeline=null, createVersion=0, partNumber=0}] in key testListStatus/dir1/key3.
2023-04-11 11:26:51,582 [IPC Server handler 1 on default port 44509] INFO  key.OMKeyRequest (OMKeyRequest.java:wrapUncommittedBlocksAsPseudoKey(838)) - Detect allocated but uncommitted blocks [{blockID={containerID=4, localID=111677748019200062}, length=4194304, offset=0, token=null, pipeline=null, createVersion=0, partNumber=0}] in key testListStatus/dir1/key4.
]]></system-out>
  </testcase>
  <testcase name="testListStatusOnLargeDirectory" classname="TestOzoneFileSystem" time="6.594">
    <system-out><![CDATA[2023-04-11 11:24:13,059 [IPC Server handler 19 on default port 39469] INFO  ha.SequenceIdGenerator (SequenceIdGenerator.java:getNextId(128)) - Allocate a batch for delTxnId, change lastId from 0 to 1000.
2023-04-11 11:24:16,248 [BlockDeletingService#0] INFO  interfaces.ContainerDeletionChoosingPolicyTemplate (ContainerDeletionChoosingPolicyTemplate.java:chooseContainerForBlockDeletion(83)) - Chosen 0/5000 blocks from 0 candidate containers.
]]></system-out>
  </testcase>
  <testcase name="testListStatusOnLargeDirectory" classname="TestOzoneFileSystem" time="3.697"/>
  <testcase name="testListStatusOnLargeDirectory" classname="TestOzoneFileSystem" time="5.122"/>
  <testcase name="testListStatusOnLargeDirectory" classname="TestOzoneFileSystem" time="3.591"/>
  <testcase name="testFileSystemDeclaresCapability" classname="TestOzoneFileSystem" time="0.008"/>
  <testcase name="testFileSystemDeclaresCapability" classname="TestOzoneFileSystem" time="0.005"/>
  <testcase name="testFileSystemDeclaresCapability" classname="TestOzoneFileSystem" time="0.005"/>
  <testcase name="testFileSystemDeclaresCapability" classname="TestOzoneFileSystem" time="0.006"/>
  <testcase name="testCreateKeyShouldUseRefreshedBucketReplicationConfig" classname="TestOzoneFileSystem" time="0.326">
    <system-out><![CDATA[2023-04-11 11:24:16,428 [Time-limited test] INFO  rpc.RpcClient (RpcClient.java:createVolume(476)) - Creating Volume: volume96030, with user27228 as owner and space quota set to -1 bytes, counts quota set to -1
2023-04-11 11:24:16,431 [OM StateMachine ApplyTransaction Thread - 0] INFO  volume.OMVolumeCreateRequest (OMVolumeCreateRequest.java:validateAndUpdateCache(195)) - created volume:volume96030 for user:user27228
2023-04-11 11:24:16,433 [Time-limited test] INFO  rpc.RpcClient (RpcClient.java:createBucket(698)) - Creating Bucket: volume96030/bucket67337, with bucket layout LEGACY, runner as owner, Versioning false, Storage Type set to DISK and Encryption set to false, Replication Type set to server-side default replication type, Namespace Quota set to -1, Space Quota set to -1 
2023-04-11 11:24:16,434 [OM StateMachine ApplyTransaction Thread - 0] INFO  bucket.OMBucketCreateRequest (OMBucketCreateRequest.java:validateAndUpdateCache(269)) - created bucket: bucket67337 of layout LEGACY in volume: volume96030
2023-04-11 11:24:16,459 [OM StateMachine ApplyTransaction Thread - 0] INFO  key.OMKeyRequest (OMKeyRequest.java:wrapUncommittedBlocksAsPseudoKey(838)) - Detect allocated but uncommitted blocks [{blockID={containerID=3, localID=111677748019200063}, length=4194304, offset=0, token=null, pipeline=null, createVersion=0, partNumber=0}] in key key.
2023-04-11 11:24:16,488 [OM StateMachine ApplyTransaction Thread - 0] INFO  key.OMKeyRequest (OMKeyRequest.java:wrapUncommittedBlocksAsPseudoKey(838)) - Detect allocated but uncommitted blocks [{blockID={containerID=2, localID=111677748019200064}, length=4194304, offset=0, token=null, pipeline=null, createVersion=0, partNumber=0}] in key key1.
2023-04-11 11:24:16,498 [IPC Server handler 14 on default port 39469] INFO  pipeline.PipelineStateManagerImpl (PipelineStateManagerImpl.java:addPipeline(103)) - Created pipeline Pipeline[ Id: 6fe6ef40-e95d-4af8-a939-6524fe71dd21, Nodes: 977ecd76-07f1-4d4a-bcc7-583ed48225e4(fv-az590-525.scpgifznvsounmmscp2whtfmwe.cx.internal.cloudapp.net/10.1.0.37)c75a143a-6faf-4f8e-9847-b3e7e26fc01f(fv-az590-525.scpgifznvsounmmscp2whtfmwe.cx.internal.cloudapp.net/10.1.0.37)ca122d53-8fd1-4cec-b324-69d908933b08(fv-az590-525.scpgifznvsounmmscp2whtfmwe.cx.internal.cloudapp.net/10.1.0.37)243d07fb-de29-4324-a32b-24d5948493a7(fv-az590-525.scpgifznvsounmmscp2whtfmwe.cx.internal.cloudapp.net/10.1.0.37)cea8b5f9-ee25-46f1-ad4b-37d39f533b4e(fv-az590-525.scpgifznvsounmmscp2whtfmwe.cx.internal.cloudapp.net/10.1.0.37), ReplicationConfig: EC{rs-3-2-1024k}, State:ALLOCATED, leaderId:, CreationTimestamp2023-04-11T11:24:16.498Z[Etc/UTC]].
2023-04-11 11:24:16,503 [IPC Server handler 14 on default port 39469] INFO  pipeline.PipelineManagerImpl (PipelineManagerImpl.java:openPipeline(367)) - Pipeline Pipeline[ Id: 6fe6ef40-e95d-4af8-a939-6524fe71dd21, Nodes: 977ecd76-07f1-4d4a-bcc7-583ed48225e4(fv-az590-525.scpgifznvsounmmscp2whtfmwe.cx.internal.cloudapp.net/10.1.0.37)c75a143a-6faf-4f8e-9847-b3e7e26fc01f(fv-az590-525.scpgifznvsounmmscp2whtfmwe.cx.internal.cloudapp.net/10.1.0.37)ca122d53-8fd1-4cec-b324-69d908933b08(fv-az590-525.scpgifznvsounmmscp2whtfmwe.cx.internal.cloudapp.net/10.1.0.37)243d07fb-de29-4324-a32b-24d5948493a7(fv-az590-525.scpgifznvsounmmscp2whtfmwe.cx.internal.cloudapp.net/10.1.0.37)cea8b5f9-ee25-46f1-ad4b-37d39f533b4e(fv-az590-525.scpgifznvsounmmscp2whtfmwe.cx.internal.cloudapp.net/10.1.0.37), ReplicationConfig: EC{rs-3-2-1024k}, State:ALLOCATED, leaderId:, CreationTimestamp2023-04-11T11:24:16.498Z[Etc/UTC]] moved to OPEN state
2023-04-11 11:24:16,571 [Time-limited test] WARN  erasurecode.ErasureCodeNative (ErasureCodeNative.java:<clinit>(55)) - ISA-L support is not available in your platform... using builtin-java codec where applicable
2023-04-11 11:24:16,665 [OM StateMachine ApplyTransaction Thread - 0] INFO  key.OMKeyRequest (OMKeyRequest.java:wrapUncommittedBlocksAsPseudoKey(838)) - Detect allocated but uncommitted blocks [{blockID={containerID=9, localID=111677748019200065}, length=4194304, offset=0, token=null, pipeline=null, createVersion=0, partNumber=0}] in key key2.
2023-04-11 11:24:16,673 [IPC Server handler 16 on default port 39469] INFO  pipeline.PipelineStateManagerImpl (PipelineStateManagerImpl.java:addPipeline(103)) - Created pipeline Pipeline[ Id: 55e2175b-5a51-43f6-ba54-51df73a6d901, Nodes: c75a143a-6faf-4f8e-9847-b3e7e26fc01f(fv-az590-525.scpgifznvsounmmscp2whtfmwe.cx.internal.cloudapp.net/10.1.0.37)243d07fb-de29-4324-a32b-24d5948493a7(fv-az590-525.scpgifznvsounmmscp2whtfmwe.cx.internal.cloudapp.net/10.1.0.37)ca122d53-8fd1-4cec-b324-69d908933b08(fv-az590-525.scpgifznvsounmmscp2whtfmwe.cx.internal.cloudapp.net/10.1.0.37)977ecd76-07f1-4d4a-bcc7-583ed48225e4(fv-az590-525.scpgifznvsounmmscp2whtfmwe.cx.internal.cloudapp.net/10.1.0.37)cea8b5f9-ee25-46f1-ad4b-37d39f533b4e(fv-az590-525.scpgifznvsounmmscp2whtfmwe.cx.internal.cloudapp.net/10.1.0.37), ReplicationConfig: EC{rs-3-2-1024k}, State:ALLOCATED, leaderId:, CreationTimestamp2023-04-11T11:24:16.672Z[Etc/UTC]].
2023-04-11 11:24:16,674 [IPC Server handler 16 on default port 39469] INFO  pipeline.PipelineManagerImpl (PipelineManagerImpl.java:openPipeline(367)) - Pipeline Pipeline[ Id: 55e2175b-5a51-43f6-ba54-51df73a6d901, Nodes: c75a143a-6faf-4f8e-9847-b3e7e26fc01f(fv-az590-525.scpgifznvsounmmscp2whtfmwe.cx.internal.cloudapp.net/10.1.0.37)243d07fb-de29-4324-a32b-24d5948493a7(fv-az590-525.scpgifznvsounmmscp2whtfmwe.cx.internal.cloudapp.net/10.1.0.37)ca122d53-8fd1-4cec-b324-69d908933b08(fv-az590-525.scpgifznvsounmmscp2whtfmwe.cx.internal.cloudapp.net/10.1.0.37)977ecd76-07f1-4d4a-bcc7-583ed48225e4(fv-az590-525.scpgifznvsounmmscp2whtfmwe.cx.internal.cloudapp.net/10.1.0.37)cea8b5f9-ee25-46f1-ad4b-37d39f533b4e(fv-az590-525.scpgifznvsounmmscp2whtfmwe.cx.internal.cloudapp.net/10.1.0.37), ReplicationConfig: EC{rs-3-2-1024k}, State:ALLOCATED, leaderId:, CreationTimestamp2023-04-11T11:24:16.672Z[Etc/UTC]] moved to OPEN state
2023-04-11 11:24:16,710 [OM StateMachine ApplyTransaction Thread - 0] INFO  key.OMKeyRequest (OMKeyRequest.java:wrapUncommittedBlocksAsPseudoKey(838)) - Detect allocated but uncommitted blocks [{blockID={containerID=10, localID=111677748019200066}, length=4194304, offset=0, token=null, pipeline=null, createVersion=0, partNumber=0}] in key key3.
2023-04-11 11:24:16,732 [OM StateMachine ApplyTransaction Thread - 0] INFO  key.OMKeyRequest (OMKeyRequest.java:wrapUncommittedBlocksAsPseudoKey(838)) - Detect allocated but uncommitted blocks [{blockID={containerID=4, localID=111677748019200067}, length=4194304, offset=0, token=null, pipeline=null, createVersion=0, partNumber=0}] in key key4.
]]></system-out>
  </testcase>
  <testcase name="testCreateKeyShouldUseRefreshedBucketReplicationConfig" classname="TestOzoneFileSystem" time="0.122">
    <system-out><![CDATA[2023-04-11 11:25:07,612 [Time-limited test] INFO  rpc.RpcClient (RpcClient.java:createVolume(476)) - Creating Volume: volume37930, with user25616 as owner and space quota set to -1 bytes, counts quota set to -1
2023-04-11 11:25:07,612 [IPC Server handler 11 on default port 36969] INFO  volume.OMVolumeCreateRequest (OMVolumeCreateRequest.java:validateAndUpdateCache(195)) - created volume:volume37930 for user:user25616
2023-04-11 11:25:07,614 [Time-limited test] INFO  rpc.RpcClient (RpcClient.java:createBucket(698)) - Creating Bucket: volume37930/bucket53124, with bucket layout LEGACY, runner as owner, Versioning false, Storage Type set to DISK and Encryption set to false, Replication Type set to server-side default replication type, Namespace Quota set to -1, Space Quota set to -1 
2023-04-11 11:25:07,615 [IPC Server handler 1 on default port 36969] INFO  bucket.OMBucketCreateRequest (OMBucketCreateRequest.java:validateAndUpdateCache(269)) - created bucket: bucket53124 of layout LEGACY in volume: volume37930
2023-04-11 11:25:07,644 [IPC Server handler 9 on default port 36969] INFO  key.OMKeyRequest (OMKeyRequest.java:wrapUncommittedBlocksAsPseudoKey(838)) - Detect allocated but uncommitted blocks [{blockID={containerID=4, localID=111677748019200063}, length=4194304, offset=0, token=null, pipeline=null, createVersion=0, partNumber=0}] in key key.
2023-04-11 11:25:07,650 [IPC Server handler 6 on default port 36969] INFO  key.OMKeyRequest (OMKeyRequest.java:wrapUncommittedBlocksAsPseudoKey(838)) - Detect allocated but uncommitted blocks [{blockID={containerID=2, localID=111677748019200064}, length=4194304, offset=0, token=null, pipeline=null, createVersion=0, partNumber=0}] in key key1.
2023-04-11 11:25:07,654 [IPC Server handler 11 on default port 40501] INFO  pipeline.PipelineStateManagerImpl (PipelineStateManagerImpl.java:addPipeline(103)) - Created pipeline Pipeline[ Id: 045d48dd-db98-43a4-b42e-acf3e649c867, Nodes: 4797470f-ac54-44b7-9b0a-d535466dc4d7(fv-az590-525.scpgifznvsounmmscp2whtfmwe.cx.internal.cloudapp.net/10.1.0.37)91daf988-b498-4475-b6c7-add854a09df6(fv-az590-525.scpgifznvsounmmscp2whtfmwe.cx.internal.cloudapp.net/10.1.0.37)bdac8111-12cf-4b14-9a03-ea98a7d0b884(fv-az590-525.scpgifznvsounmmscp2whtfmwe.cx.internal.cloudapp.net/10.1.0.37)54dbd36c-297a-448a-bb41-2352e1c524ac(fv-az590-525.scpgifznvsounmmscp2whtfmwe.cx.internal.cloudapp.net/10.1.0.37)b78ace34-11d4-46ff-baaa-a173e90e3d16(fv-az590-525.scpgifznvsounmmscp2whtfmwe.cx.internal.cloudapp.net/10.1.0.37), ReplicationConfig: EC{rs-3-2-1024k}, State:ALLOCATED, leaderId:, CreationTimestamp2023-04-11T11:25:07.653Z[Etc/UTC]].
2023-04-11 11:25:07,654 [IPC Server handler 11 on default port 40501] INFO  pipeline.PipelineManagerImpl (PipelineManagerImpl.java:openPipeline(367)) - Pipeline Pipeline[ Id: 045d48dd-db98-43a4-b42e-acf3e649c867, Nodes: 4797470f-ac54-44b7-9b0a-d535466dc4d7(fv-az590-525.scpgifznvsounmmscp2whtfmwe.cx.internal.cloudapp.net/10.1.0.37)91daf988-b498-4475-b6c7-add854a09df6(fv-az590-525.scpgifznvsounmmscp2whtfmwe.cx.internal.cloudapp.net/10.1.0.37)bdac8111-12cf-4b14-9a03-ea98a7d0b884(fv-az590-525.scpgifznvsounmmscp2whtfmwe.cx.internal.cloudapp.net/10.1.0.37)54dbd36c-297a-448a-bb41-2352e1c524ac(fv-az590-525.scpgifznvsounmmscp2whtfmwe.cx.internal.cloudapp.net/10.1.0.37)b78ace34-11d4-46ff-baaa-a173e90e3d16(fv-az590-525.scpgifznvsounmmscp2whtfmwe.cx.internal.cloudapp.net/10.1.0.37), ReplicationConfig: EC{rs-3-2-1024k}, State:ALLOCATED, leaderId:, CreationTimestamp2023-04-11T11:25:07.653Z[Etc/UTC]] moved to OPEN state
2023-04-11 11:25:07,674 [IPC Server handler 12 on default port 36969] INFO  key.OMKeyRequest (OMKeyRequest.java:wrapUncommittedBlocksAsPseudoKey(838)) - Detect allocated but uncommitted blocks [{blockID={containerID=9, localID=111677748019200065}, length=4194304, offset=0, token=null, pipeline=null, createVersion=0, partNumber=0}] in key key2.
2023-04-11 11:25:07,680 [IPC Server handler 14 on default port 40501] INFO  pipeline.PipelineStateManagerImpl (PipelineStateManagerImpl.java:addPipeline(103)) - Created pipeline Pipeline[ Id: f50e7d82-1944-47b9-8c23-59cd55d4d267, Nodes: b78ace34-11d4-46ff-baaa-a173e90e3d16(fv-az590-525.scpgifznvsounmmscp2whtfmwe.cx.internal.cloudapp.net/10.1.0.37)bdac8111-12cf-4b14-9a03-ea98a7d0b884(fv-az590-525.scpgifznvsounmmscp2whtfmwe.cx.internal.cloudapp.net/10.1.0.37)4797470f-ac54-44b7-9b0a-d535466dc4d7(fv-az590-525.scpgifznvsounmmscp2whtfmwe.cx.internal.cloudapp.net/10.1.0.37)91daf988-b498-4475-b6c7-add854a09df6(fv-az590-525.scpgifznvsounmmscp2whtfmwe.cx.internal.cloudapp.net/10.1.0.37)54dbd36c-297a-448a-bb41-2352e1c524ac(fv-az590-525.scpgifznvsounmmscp2whtfmwe.cx.internal.cloudapp.net/10.1.0.37), ReplicationConfig: EC{rs-3-2-1024k}, State:ALLOCATED, leaderId:, CreationTimestamp2023-04-11T11:25:07.680Z[Etc/UTC]].
2023-04-11 11:25:07,681 [IPC Server handler 14 on default port 40501] INFO  pipeline.PipelineManagerImpl (PipelineManagerImpl.java:openPipeline(367)) - Pipeline Pipeline[ Id: f50e7d82-1944-47b9-8c23-59cd55d4d267, Nodes: b78ace34-11d4-46ff-baaa-a173e90e3d16(fv-az590-525.scpgifznvsounmmscp2whtfmwe.cx.internal.cloudapp.net/10.1.0.37)bdac8111-12cf-4b14-9a03-ea98a7d0b884(fv-az590-525.scpgifznvsounmmscp2whtfmwe.cx.internal.cloudapp.net/10.1.0.37)4797470f-ac54-44b7-9b0a-d535466dc4d7(fv-az590-525.scpgifznvsounmmscp2whtfmwe.cx.internal.cloudapp.net/10.1.0.37)91daf988-b498-4475-b6c7-add854a09df6(fv-az590-525.scpgifznvsounmmscp2whtfmwe.cx.internal.cloudapp.net/10.1.0.37)54dbd36c-297a-448a-bb41-2352e1c524ac(fv-az590-525.scpgifznvsounmmscp2whtfmwe.cx.internal.cloudapp.net/10.1.0.37), ReplicationConfig: EC{rs-3-2-1024k}, State:ALLOCATED, leaderId:, CreationTimestamp2023-04-11T11:25:07.680Z[Etc/UTC]] moved to OPEN state
2023-04-11 11:25:07,703 [IPC Server handler 11 on default port 36969] INFO  key.OMKeyRequest (OMKeyRequest.java:wrapUncommittedBlocksAsPseudoKey(838)) - Detect allocated but uncommitted blocks [{blockID={containerID=10, localID=111677748019200066}, length=4194304, offset=0, token=null, pipeline=null, createVersion=0, partNumber=0}] in key key3.
2023-04-11 11:25:07,709 [IPC Server handler 2 on default port 36969] INFO  key.OMKeyRequest (OMKeyRequest.java:wrapUncommittedBlocksAsPseudoKey(838)) - Detect allocated but uncommitted blocks [{blockID={containerID=3, localID=111677748019200067}, length=4194304, offset=0, token=null, pipeline=null, createVersion=0, partNumber=0}] in key key4.
]]></system-out>
  </testcase>
  <testcase name="testCreateKeyShouldUseRefreshedBucketReplicationConfig" classname="TestOzoneFileSystem" time="0.127">
    <system-out><![CDATA[2023-04-11 11:26:05,944 [Time-limited test] INFO  rpc.RpcClient (RpcClient.java:createVolume(476)) - Creating Volume: volume53976, with user55159 as owner and space quota set to -1 bytes, counts quota set to -1
2023-04-11 11:26:05,948 [OM StateMachine ApplyTransaction Thread - 0] INFO  volume.OMVolumeCreateRequest (OMVolumeCreateRequest.java:validateAndUpdateCache(195)) - created volume:volume53976 for user:user55159
2023-04-11 11:26:05,949 [Time-limited test] INFO  rpc.RpcClient (RpcClient.java:createBucket(698)) - Creating Bucket: volume53976/bucket20556, with bucket layout LEGACY, runner as owner, Versioning false, Storage Type set to DISK and Encryption set to false, Replication Type set to server-side default replication type, Namespace Quota set to -1, Space Quota set to -1 
2023-04-11 11:26:05,950 [OM StateMachine ApplyTransaction Thread - 0] INFO  bucket.OMBucketCreateRequest (OMBucketCreateRequest.java:validateAndUpdateCache(269)) - created bucket: bucket20556 of layout LEGACY in volume: volume53976
2023-04-11 11:26:05,977 [OM StateMachine ApplyTransaction Thread - 0] INFO  key.OMKeyRequest (OMKeyRequest.java:wrapUncommittedBlocksAsPseudoKey(838)) - Detect allocated but uncommitted blocks [{blockID={containerID=2, localID=111677748019200063}, length=4194304, offset=0, token=null, pipeline=null, createVersion=0, partNumber=0}] in key key.
2023-04-11 11:26:05,983 [OM StateMachine ApplyTransaction Thread - 0] INFO  key.OMKeyRequest (OMKeyRequest.java:wrapUncommittedBlocksAsPseudoKey(838)) - Detect allocated but uncommitted blocks [{blockID={containerID=1, localID=111677748019200064}, length=4194304, offset=0, token=null, pipeline=null, createVersion=0, partNumber=0}] in key key1.
2023-04-11 11:26:05,986 [IPC Server handler 18 on default port 44705] INFO  pipeline.PipelineStateManagerImpl (PipelineStateManagerImpl.java:addPipeline(103)) - Created pipeline Pipeline[ Id: 65b0dedc-91ea-41d7-b3ad-8075fb4e8a2d, Nodes: 00d37185-0744-49d2-a2a1-ceac977c9e2d(fv-az590-525.scpgifznvsounmmscp2whtfmwe.cx.internal.cloudapp.net/10.1.0.37)c1e7a0ec-ae3b-4726-987d-7d9bf2cc9de6(fv-az590-525.scpgifznvsounmmscp2whtfmwe.cx.internal.cloudapp.net/10.1.0.37)27a39a48-bb81-47fe-95ba-2ac18a68ea79(fv-az590-525.scpgifznvsounmmscp2whtfmwe.cx.internal.cloudapp.net/10.1.0.37)05ccd17e-9552-4505-90bd-a622c50008e8(fv-az590-525.scpgifznvsounmmscp2whtfmwe.cx.internal.cloudapp.net/10.1.0.37)1f55909b-7792-4429-a8f4-0e8df975840d(fv-az590-525.scpgifznvsounmmscp2whtfmwe.cx.internal.cloudapp.net/10.1.0.37), ReplicationConfig: EC{rs-3-2-1024k}, State:ALLOCATED, leaderId:, CreationTimestamp2023-04-11T11:26:05.986Z[Etc/UTC]].
2023-04-11 11:26:05,986 [IPC Server handler 18 on default port 44705] INFO  pipeline.PipelineManagerImpl (PipelineManagerImpl.java:openPipeline(367)) - Pipeline Pipeline[ Id: 65b0dedc-91ea-41d7-b3ad-8075fb4e8a2d, Nodes: 00d37185-0744-49d2-a2a1-ceac977c9e2d(fv-az590-525.scpgifznvsounmmscp2whtfmwe.cx.internal.cloudapp.net/10.1.0.37)c1e7a0ec-ae3b-4726-987d-7d9bf2cc9de6(fv-az590-525.scpgifznvsounmmscp2whtfmwe.cx.internal.cloudapp.net/10.1.0.37)27a39a48-bb81-47fe-95ba-2ac18a68ea79(fv-az590-525.scpgifznvsounmmscp2whtfmwe.cx.internal.cloudapp.net/10.1.0.37)05ccd17e-9552-4505-90bd-a622c50008e8(fv-az590-525.scpgifznvsounmmscp2whtfmwe.cx.internal.cloudapp.net/10.1.0.37)1f55909b-7792-4429-a8f4-0e8df975840d(fv-az590-525.scpgifznvsounmmscp2whtfmwe.cx.internal.cloudapp.net/10.1.0.37), ReplicationConfig: EC{rs-3-2-1024k}, State:ALLOCATED, leaderId:, CreationTimestamp2023-04-11T11:26:05.986Z[Etc/UTC]] moved to OPEN state
2023-04-11 11:26:06,007 [OM StateMachine ApplyTransaction Thread - 0] INFO  key.OMKeyRequest (OMKeyRequest.java:wrapUncommittedBlocksAsPseudoKey(838)) - Detect allocated but uncommitted blocks [{blockID={containerID=8, localID=111677748019200065}, length=4194304, offset=0, token=null, pipeline=null, createVersion=0, partNumber=0}] in key key2.
2023-04-11 11:26:06,015 [IPC Server handler 15 on default port 44705] INFO  pipeline.PipelineStateManagerImpl (PipelineStateManagerImpl.java:addPipeline(103)) - Created pipeline Pipeline[ Id: b05d386a-6064-4c9f-b8c7-5438f02359f9, Nodes: 27a39a48-bb81-47fe-95ba-2ac18a68ea79(fv-az590-525.scpgifznvsounmmscp2whtfmwe.cx.internal.cloudapp.net/10.1.0.37)00d37185-0744-49d2-a2a1-ceac977c9e2d(fv-az590-525.scpgifznvsounmmscp2whtfmwe.cx.internal.cloudapp.net/10.1.0.37)05ccd17e-9552-4505-90bd-a622c50008e8(fv-az590-525.scpgifznvsounmmscp2whtfmwe.cx.internal.cloudapp.net/10.1.0.37)c1e7a0ec-ae3b-4726-987d-7d9bf2cc9de6(fv-az590-525.scpgifznvsounmmscp2whtfmwe.cx.internal.cloudapp.net/10.1.0.37)1f55909b-7792-4429-a8f4-0e8df975840d(fv-az590-525.scpgifznvsounmmscp2whtfmwe.cx.internal.cloudapp.net/10.1.0.37), ReplicationConfig: EC{rs-3-2-1024k}, State:ALLOCATED, leaderId:, CreationTimestamp2023-04-11T11:26:06.015Z[Etc/UTC]].
2023-04-11 11:26:06,016 [IPC Server handler 15 on default port 44705] INFO  pipeline.PipelineManagerImpl (PipelineManagerImpl.java:openPipeline(367)) - Pipeline Pipeline[ Id: b05d386a-6064-4c9f-b8c7-5438f02359f9, Nodes: 27a39a48-bb81-47fe-95ba-2ac18a68ea79(fv-az590-525.scpgifznvsounmmscp2whtfmwe.cx.internal.cloudapp.net/10.1.0.37)00d37185-0744-49d2-a2a1-ceac977c9e2d(fv-az590-525.scpgifznvsounmmscp2whtfmwe.cx.internal.cloudapp.net/10.1.0.37)05ccd17e-9552-4505-90bd-a622c50008e8(fv-az590-525.scpgifznvsounmmscp2whtfmwe.cx.internal.cloudapp.net/10.1.0.37)c1e7a0ec-ae3b-4726-987d-7d9bf2cc9de6(fv-az590-525.scpgifznvsounmmscp2whtfmwe.cx.internal.cloudapp.net/10.1.0.37)1f55909b-7792-4429-a8f4-0e8df975840d(fv-az590-525.scpgifznvsounmmscp2whtfmwe.cx.internal.cloudapp.net/10.1.0.37), ReplicationConfig: EC{rs-3-2-1024k}, State:ALLOCATED, leaderId:, CreationTimestamp2023-04-11T11:26:06.015Z[Etc/UTC]] moved to OPEN state
2023-04-11 11:26:06,040 [OM StateMachine ApplyTransaction Thread - 0] INFO  key.OMKeyRequest (OMKeyRequest.java:wrapUncommittedBlocksAsPseudoKey(838)) - Detect allocated but uncommitted blocks [{blockID={containerID=9, localID=111677748019200066}, length=4194304, offset=0, token=null, pipeline=null, createVersion=0, partNumber=0}] in key key3.
2023-04-11 11:26:06,051 [OM StateMachine ApplyTransaction Thread - 0] INFO  key.OMKeyRequest (OMKeyRequest.java:wrapUncommittedBlocksAsPseudoKey(838)) - Detect allocated but uncommitted blocks [{blockID={containerID=4, localID=111677748019200067}, length=4194304, offset=0, token=null, pipeline=null, createVersion=0, partNumber=0}] in key key4.
]]></system-out>
  </testcase>
  <testcase name="testCreateKeyShouldUseRefreshedBucketReplicationConfig" classname="TestOzoneFileSystem" time="0.129">
    <system-out><![CDATA[2023-04-11 11:26:55,212 [Time-limited test] INFO  rpc.RpcClient (RpcClient.java:createVolume(476)) - Creating Volume: volume36920, with user91014 as owner and space quota set to -1 bytes, counts quota set to -1
2023-04-11 11:26:55,213 [IPC Server handler 11 on default port 44509] INFO  volume.OMVolumeCreateRequest (OMVolumeCreateRequest.java:validateAndUpdateCache(195)) - created volume:volume36920 for user:user91014
2023-04-11 11:26:55,214 [Time-limited test] INFO  rpc.RpcClient (RpcClient.java:createBucket(698)) - Creating Bucket: volume36920/bucket84754, with bucket layout LEGACY, runner as owner, Versioning false, Storage Type set to DISK and Encryption set to false, Replication Type set to server-side default replication type, Namespace Quota set to -1, Space Quota set to -1 
2023-04-11 11:26:55,215 [IPC Server handler 13 on default port 44509] INFO  bucket.OMBucketCreateRequest (OMBucketCreateRequest.java:validateAndUpdateCache(269)) - created bucket: bucket84754 of layout LEGACY in volume: volume36920
2023-04-11 11:26:55,237 [IPC Server handler 1 on default port 44509] INFO  key.OMKeyRequest (OMKeyRequest.java:wrapUncommittedBlocksAsPseudoKey(838)) - Detect allocated but uncommitted blocks [{blockID={containerID=3, localID=111677748019200063}, length=4194304, offset=0, token=null, pipeline=null, createVersion=0, partNumber=0}] in key key.
2023-04-11 11:26:55,243 [IPC Server handler 10 on default port 44509] INFO  key.OMKeyRequest (OMKeyRequest.java:wrapUncommittedBlocksAsPseudoKey(838)) - Detect allocated but uncommitted blocks [{blockID={containerID=1, localID=111677748019200064}, length=4194304, offset=0, token=null, pipeline=null, createVersion=0, partNumber=0}] in key key1.
2023-04-11 11:26:55,251 [IPC Server handler 19 on default port 34475] INFO  pipeline.PipelineStateManagerImpl (PipelineStateManagerImpl.java:addPipeline(103)) - Created pipeline Pipeline[ Id: 3962478f-fcb8-4b40-9d8f-1330cdb2694b, Nodes: 7b25ec04-6163-44ae-a7e6-933a1c4a9d86(fv-az590-525.scpgifznvsounmmscp2whtfmwe.cx.internal.cloudapp.net/10.1.0.37)caa308e7-95fe-4c5f-9440-a942b893081e(fv-az590-525.scpgifznvsounmmscp2whtfmwe.cx.internal.cloudapp.net/10.1.0.37)4d790031-0a50-4ffd-b1f5-2ef434e1e7d9(fv-az590-525.scpgifznvsounmmscp2whtfmwe.cx.internal.cloudapp.net/10.1.0.37)d4f16431-48bc-4a47-9d93-60d3e8fb304c(fv-az590-525.scpgifznvsounmmscp2whtfmwe.cx.internal.cloudapp.net/10.1.0.37)8800b703-234b-42c9-a364-cc0e28a54155(fv-az590-525.scpgifznvsounmmscp2whtfmwe.cx.internal.cloudapp.net/10.1.0.37), ReplicationConfig: EC{rs-3-2-1024k}, State:ALLOCATED, leaderId:, CreationTimestamp2023-04-11T11:26:55.250Z[Etc/UTC]].
2023-04-11 11:26:55,252 [IPC Server handler 19 on default port 34475] INFO  pipeline.PipelineManagerImpl (PipelineManagerImpl.java:openPipeline(367)) - Pipeline Pipeline[ Id: 3962478f-fcb8-4b40-9d8f-1330cdb2694b, Nodes: 7b25ec04-6163-44ae-a7e6-933a1c4a9d86(fv-az590-525.scpgifznvsounmmscp2whtfmwe.cx.internal.cloudapp.net/10.1.0.37)caa308e7-95fe-4c5f-9440-a942b893081e(fv-az590-525.scpgifznvsounmmscp2whtfmwe.cx.internal.cloudapp.net/10.1.0.37)4d790031-0a50-4ffd-b1f5-2ef434e1e7d9(fv-az590-525.scpgifznvsounmmscp2whtfmwe.cx.internal.cloudapp.net/10.1.0.37)d4f16431-48bc-4a47-9d93-60d3e8fb304c(fv-az590-525.scpgifznvsounmmscp2whtfmwe.cx.internal.cloudapp.net/10.1.0.37)8800b703-234b-42c9-a364-cc0e28a54155(fv-az590-525.scpgifznvsounmmscp2whtfmwe.cx.internal.cloudapp.net/10.1.0.37), ReplicationConfig: EC{rs-3-2-1024k}, State:ALLOCATED, leaderId:, CreationTimestamp2023-04-11T11:26:55.250Z[Etc/UTC]] moved to OPEN state
2023-04-11 11:26:55,277 [IPC Server handler 3 on default port 44509] INFO  key.OMKeyRequest (OMKeyRequest.java:wrapUncommittedBlocksAsPseudoKey(838)) - Detect allocated but uncommitted blocks [{blockID={containerID=9, localID=111677748019200065}, length=4194304, offset=0, token=null, pipeline=null, createVersion=0, partNumber=0}] in key key2.
2023-04-11 11:26:55,286 [IPC Server handler 0 on default port 34475] INFO  pipeline.PipelineStateManagerImpl (PipelineStateManagerImpl.java:addPipeline(103)) - Created pipeline Pipeline[ Id: d5bfd2f6-4e6d-4806-b642-07bfb1e74751, Nodes: 4d790031-0a50-4ffd-b1f5-2ef434e1e7d9(fv-az590-525.scpgifznvsounmmscp2whtfmwe.cx.internal.cloudapp.net/10.1.0.37)7b25ec04-6163-44ae-a7e6-933a1c4a9d86(fv-az590-525.scpgifznvsounmmscp2whtfmwe.cx.internal.cloudapp.net/10.1.0.37)caa308e7-95fe-4c5f-9440-a942b893081e(fv-az590-525.scpgifznvsounmmscp2whtfmwe.cx.internal.cloudapp.net/10.1.0.37)d4f16431-48bc-4a47-9d93-60d3e8fb304c(fv-az590-525.scpgifznvsounmmscp2whtfmwe.cx.internal.cloudapp.net/10.1.0.37)8800b703-234b-42c9-a364-cc0e28a54155(fv-az590-525.scpgifznvsounmmscp2whtfmwe.cx.internal.cloudapp.net/10.1.0.37), ReplicationConfig: EC{rs-3-2-1024k}, State:ALLOCATED, leaderId:, CreationTimestamp2023-04-11T11:26:55.286Z[Etc/UTC]].
2023-04-11 11:26:55,287 [IPC Server handler 0 on default port 34475] INFO  pipeline.PipelineManagerImpl (PipelineManagerImpl.java:openPipeline(367)) - Pipeline Pipeline[ Id: d5bfd2f6-4e6d-4806-b642-07bfb1e74751, Nodes: 4d790031-0a50-4ffd-b1f5-2ef434e1e7d9(fv-az590-525.scpgifznvsounmmscp2whtfmwe.cx.internal.cloudapp.net/10.1.0.37)7b25ec04-6163-44ae-a7e6-933a1c4a9d86(fv-az590-525.scpgifznvsounmmscp2whtfmwe.cx.internal.cloudapp.net/10.1.0.37)caa308e7-95fe-4c5f-9440-a942b893081e(fv-az590-525.scpgifznvsounmmscp2whtfmwe.cx.internal.cloudapp.net/10.1.0.37)d4f16431-48bc-4a47-9d93-60d3e8fb304c(fv-az590-525.scpgifznvsounmmscp2whtfmwe.cx.internal.cloudapp.net/10.1.0.37)8800b703-234b-42c9-a364-cc0e28a54155(fv-az590-525.scpgifznvsounmmscp2whtfmwe.cx.internal.cloudapp.net/10.1.0.37), ReplicationConfig: EC{rs-3-2-1024k}, State:ALLOCATED, leaderId:, CreationTimestamp2023-04-11T11:26:55.286Z[Etc/UTC]] moved to OPEN state
2023-04-11 11:26:55,310 [IPC Server handler 11 on default port 44509] INFO  key.OMKeyRequest (OMKeyRequest.java:wrapUncommittedBlocksAsPseudoKey(838)) - Detect allocated but uncommitted blocks [{blockID={containerID=10, localID=111677748019200066}, length=4194304, offset=0, token=null, pipeline=null, createVersion=0, partNumber=0}] in key key3.
2023-04-11 11:26:55,316 [IPC Server handler 18 on default port 44509] INFO  key.OMKeyRequest (OMKeyRequest.java:wrapUncommittedBlocksAsPseudoKey(838)) - Detect allocated but uncommitted blocks [{blockID={containerID=4, localID=111677748019200067}, length=4194304, offset=0, token=null, pipeline=null, createVersion=0, partNumber=0}] in key key4.
]]></system-out>
  </testcase>
  <testcase name="testListStatusIteratorOnRoot" classname="TestOzoneFileSystem" time="0.036">
    <system-out><![CDATA[2023-04-11 11:24:16,776 [BlockDeletingService#0] INFO  interfaces.ContainerDeletionChoosingPolicyTemplate (ContainerDeletionChoosingPolicyTemplate.java:chooseContainerForBlockDeletion(83)) - Chosen 0/5000 blocks from 0 candidate containers.
]]></system-out>
  </testcase>
  <testcase name="testListStatusIteratorOnRoot" classname="TestOzoneFileSystem" time="0.03"/>
  <testcase name="testListStatusIteratorOnRoot" classname="TestOzoneFileSystem" time="0.026"/>
  <testcase name="testListStatusIteratorOnRoot" classname="TestOzoneFileSystem" time="0.03"/>
  <testcase name="testRenameDirToFile" classname="TestOzoneFileSystem" time="0.041">
    <system-out><![CDATA[2023-04-11 11:24:16,785 [OM StateMachine ApplyTransaction Thread - 0] INFO  key.OMKeyRequest (OMKeyRequest.java:wrapUncommittedBlocksAsPseudoKey(838)) - Detect allocated but uncommitted blocks [{blockID={containerID=1, localID=111677748019200068}, length=4194304, offset=0, token=null, pipeline=null, createVersion=0, partNumber=0}] in key root/file1.
2023-04-11 11:24:16,789 [Time-limited test] WARN  ozone.BasicOzoneFileSystem (BasicOzoneFileSystem.java:rename(423)) - Failed to rename o3fs://bucket96393.volume14578/a/b/c to o3fs://bucket96393.volume14578/root/file1, file already exists!
]]></system-out>
  </testcase>
  <testcase name="testRenameDirToFile" classname="TestOzoneFileSystem" time="0.017">
    <system-out><![CDATA[2023-04-11 11:25:07,751 [IPC Server handler 0 on default port 36969] INFO  key.OMKeyRequest (OMKeyRequest.java:wrapUncommittedBlocksAsPseudoKey(838)) - Detect allocated but uncommitted blocks [{blockID={containerID=4, localID=111677748019200068}, length=4194304, offset=0, token=null, pipeline=null, createVersion=0, partNumber=0}] in key root/file1.
2023-04-11 11:25:07,753 [Time-limited test] WARN  ozone.BasicOzoneFileSystem (BasicOzoneFileSystem.java:rename(423)) - Failed to rename o3fs://bucket17726.volume23474/a/b/c to o3fs://bucket17726.volume23474/root/file1, file already exists!
]]></system-out>
  </testcase>
  <testcase name="testRenameDirToFile" classname="TestOzoneFileSystem" time="0.027">
    <system-out><![CDATA[2023-04-11 11:26:06,095 [OM StateMachine ApplyTransaction Thread - 0] INFO  key.OMKeyRequest (OMKeyRequest.java:wrapUncommittedBlocksAsPseudoKey(838)) - Detect allocated but uncommitted blocks [{blockID={containerID=2, localID=111677748019200068}, length=4194304, offset=0, token=null, pipeline=null, createVersion=0, partNumber=0}] in key root/file1.
2023-04-11 11:26:06,097 [Time-limited test] WARN  ozone.BasicOzoneFileSystem (BasicOzoneFileSystem.java:rename(423)) - Failed to rename o3fs://bucket98076.volume21709/a/b/c to o3fs://bucket98076.volume21709/root/file1, file already exists!
]]></system-out>
  </testcase>
  <testcase name="testRenameDirToFile" classname="TestOzoneFileSystem" time="0.023">
    <system-out><![CDATA[2023-04-11 11:26:55,362 [IPC Server handler 15 on default port 44509] INFO  key.OMKeyRequest (OMKeyRequest.java:wrapUncommittedBlocksAsPseudoKey(838)) - Detect allocated but uncommitted blocks [{blockID={containerID=3, localID=111677748019200068}, length=4194304, offset=0, token=null, pipeline=null, createVersion=0, partNumber=0}] in key root/file1.
2023-04-11 11:26:55,364 [Time-limited test] WARN  ozone.BasicOzoneFileSystem (BasicOzoneFileSystem.java:rename(423)) - Failed to rename o3fs://bucket91798.volume17585/a/b/c to o3fs://bucket91798.volume17585/root/file1, file already exists!
]]></system-out>
  </testcase>
  <testcase name="testRenameToNewSubDirShouldNotExist" classname="TestOzoneFileSystem" time="0.06">
    <system-out><![CDATA[2023-04-11 11:24:16,830 [Time-limited test] WARN  ozone.BasicOzoneFileSystem (BasicOzoneFileSystem.java:rename(417)) - Failed to rename o3fs://bucket96393.volume14578/a to o3fs://bucket96393.volume14578/b/a, file already exists or not empty!
2023-04-11 11:24:16,838 [OM StateMachine ApplyTransaction Thread - 0] INFO  key.OMKeyRequest (OMKeyRequest.java:wrapUncommittedBlocksAsPseudoKey(838)) - Detect allocated but uncommitted blocks [{blockID={containerID=4, localID=111677748019200069}, length=4194304, offset=0, token=null, pipeline=null, createVersion=0, partNumber=0}] in key file1.
2023-04-11 11:24:16,844 [OM StateMachine ApplyTransaction Thread - 0] INFO  key.OMKeyRequest (OMKeyRequest.java:wrapUncommittedBlocksAsPseudoKey(838)) - Detect allocated but uncommitted blocks [{blockID={containerID=1, localID=111677748019200070}, length=4194304, offset=0, token=null, pipeline=null, createVersion=0, partNumber=0}] in key a/file1.
2023-04-11 11:24:16,847 [Time-limited test] WARN  ozone.BasicOzoneFileSystem (BasicOzoneFileSystem.java:rename(417)) - Failed to rename o3fs://bucket96393.volume14578/file1 to o3fs://bucket96393.volume14578/a/file1, file already exists or not empty!
]]></system-out>
  </testcase>
  <testcase name="testRenameToNewSubDirShouldNotExist" classname="TestOzoneFileSystem" time="0.031">
    <system-out><![CDATA[2023-04-11 11:25:07,772 [Time-limited test] WARN  ozone.BasicOzoneFileSystem (BasicOzoneFileSystem.java:rename(417)) - Failed to rename o3fs://bucket17726.volume23474/a to o3fs://bucket17726.volume23474/b/a, file already exists or not empty!
2023-04-11 11:25:07,776 [IPC Server handler 3 on default port 36969] INFO  key.OMKeyRequest (OMKeyRequest.java:wrapUncommittedBlocksAsPseudoKey(838)) - Detect allocated but uncommitted blocks [{blockID={containerID=3, localID=111677748019200069}, length=4194304, offset=0, token=null, pipeline=null, createVersion=0, partNumber=0}] in key file1.
2023-04-11 11:25:07,780 [IPC Server handler 9 on default port 36969] INFO  key.OMKeyRequest (OMKeyRequest.java:wrapUncommittedBlocksAsPseudoKey(838)) - Detect allocated but uncommitted blocks [{blockID={containerID=1, localID=111677748019200070}, length=4194304, offset=0, token=null, pipeline=null, createVersion=0, partNumber=0}] in key a/file1.
2023-04-11 11:25:07,782 [Time-limited test] WARN  ozone.BasicOzoneFileSystem (BasicOzoneFileSystem.java:rename(417)) - Failed to rename o3fs://bucket17726.volume23474/file1 to o3fs://bucket17726.volume23474/a/file1, file already exists or not empty!
]]></system-out>
  </testcase>
  <testcase name="testRenameToNewSubDirShouldNotExist" classname="TestOzoneFileSystem" time="0.039">
    <system-out><![CDATA[2023-04-11 11:26:06,122 [Time-limited test] WARN  ozone.BasicOzoneFileSystem (BasicOzoneFileSystem.java:rename(417)) - Failed to rename o3fs://bucket98076.volume21709/a to o3fs://bucket98076.volume21709/b/a, file already exists or not empty!
2023-04-11 11:26:06,129 [OM StateMachine ApplyTransaction Thread - 0] INFO  key.OMKeyRequest (OMKeyRequest.java:wrapUncommittedBlocksAsPseudoKey(838)) - Detect allocated but uncommitted blocks [{blockID={containerID=1, localID=111677748019200069}, length=4194304, offset=0, token=null, pipeline=null, createVersion=0, partNumber=0}] in key file1.
2023-04-11 11:26:06,134 [OM StateMachine ApplyTransaction Thread - 0] INFO  key.OMKeyRequest (OMKeyRequest.java:wrapUncommittedBlocksAsPseudoKey(838)) - Detect allocated but uncommitted blocks [{blockID={containerID=3, localID=111677748019200070}, length=4194304, offset=0, token=null, pipeline=null, createVersion=0, partNumber=0}] in key a/file1.
2023-04-11 11:26:06,135 [Time-limited test] WARN  ozone.BasicOzoneFileSystem (BasicOzoneFileSystem.java:rename(417)) - Failed to rename o3fs://bucket98076.volume21709/file1 to o3fs://bucket98076.volume21709/a/file1, file already exists or not empty!
]]></system-out>
  </testcase>
  <testcase name="testRenameToNewSubDirShouldNotExist" classname="TestOzoneFileSystem" time="0.028">
    <system-out><![CDATA[2023-04-11 11:26:55,384 [Time-limited test] WARN  ozone.BasicOzoneFileSystem (BasicOzoneFileSystem.java:rename(417)) - Failed to rename o3fs://bucket91798.volume17585/a to o3fs://bucket91798.volume17585/b/a, file already exists or not empty!
2023-04-11 11:26:55,387 [IPC Server handler 0 on default port 44509] INFO  key.OMKeyRequest (OMKeyRequest.java:wrapUncommittedBlocksAsPseudoKey(838)) - Detect allocated but uncommitted blocks [{blockID={containerID=4, localID=111677748019200069}, length=4194304, offset=0, token=null, pipeline=null, createVersion=0, partNumber=0}] in key file1.
2023-04-11 11:26:55,391 [IPC Server handler 1 on default port 44509] INFO  key.OMKeyRequest (OMKeyRequest.java:wrapUncommittedBlocksAsPseudoKey(838)) - Detect allocated but uncommitted blocks [{blockID={containerID=2, localID=111677748019200070}, length=4194304, offset=0, token=null, pipeline=null, createVersion=0, partNumber=0}] in key a/file1.
2023-04-11 11:26:55,393 [Time-limited test] WARN  ozone.BasicOzoneFileSystem (BasicOzoneFileSystem.java:rename(417)) - Failed to rename o3fs://bucket91798.volume17585/file1 to o3fs://bucket91798.volume17585/a/file1, file already exists or not empty!
]]></system-out>
  </testcase>
  <testcase name="testListStatusOnLargeDirectoryForACLCheck" classname="TestOzoneFileSystem" time="2.606">
    <system-out><![CDATA[2023-04-11 11:24:17,178 [BlockDeletingService#0] INFO  interfaces.ContainerDeletionChoosingPolicyTemplate (ContainerDeletionChoosingPolicyTemplate.java:chooseContainerForBlockDeletion(83)) - Chosen 0/5000 blocks from 0 candidate containers.
2023-04-11 11:24:17,515 [BlockDeletingService#0] INFO  interfaces.ContainerDeletionChoosingPolicyTemplate (ContainerDeletionChoosingPolicyTemplate.java:chooseContainerForBlockDeletion(83)) - Chosen 0/5000 blocks from 0 candidate containers.
2023-04-11 11:24:17,872 [BlockDeletingService#0] INFO  interfaces.ContainerDeletionChoosingPolicyTemplate (ContainerDeletionChoosingPolicyTemplate.java:chooseContainerForBlockDeletion(83)) - Chosen 0/5000 blocks from 0 candidate containers.
2023-04-11 11:24:19,394 [om1-client-thread1] INFO  segmented.SegmentedRaftLogWorker (SegmentedRaftLogWorker.java:rollLogSegment(457)) - om1@group-C5BA1605619E-SegmentedRaftLogWorker: Rolling segment log-0_36881 to index:36881
2023-04-11 11:24:19,396 [om1@group-C5BA1605619E-SegmentedRaftLogWorker] INFO  segmented.SegmentedRaftLogWorker (SegmentedRaftLogWorker.java:execute(613)) - om1@group-C5BA1605619E-SegmentedRaftLogWorker: Rolled log segment from /home/runner/work/ozone/ozone/hadoop-ozone/integration-test/target/test-dir/MiniOzoneClusterImpl-9bce2823-b07a-4470-87a5-870b50b19846/ozone-meta/ratis/bf265839-605b-3f16-9796-c5ba1605619e/current/log_inprogress_0 to /home/runner/work/ozone/ozone/hadoop-ozone/integration-test/target/test-dir/MiniOzoneClusterImpl-9bce2823-b07a-4470-87a5-870b50b19846/ozone-meta/ratis/bf265839-605b-3f16-9796-c5ba1605619e/current/log_0-36881
2023-04-11 11:24:19,406 [om1@group-C5BA1605619E-SegmentedRaftLogWorker] INFO  segmented.SegmentedRaftLogWorker (SegmentedRaftLogWorker.java:execute(656)) - om1@group-C5BA1605619E-SegmentedRaftLogWorker: created new log segment /home/runner/work/ozone/ozone/hadoop-ozone/integration-test/target/test-dir/MiniOzoneClusterImpl-9bce2823-b07a-4470-87a5-870b50b19846/ozone-meta/ratis/bf265839-605b-3f16-9796-c5ba1605619e/current/log_inprogress_36882
]]></system-out>
  </testcase>
  <testcase name="testListStatusOnLargeDirectoryForACLCheck" classname="TestOzoneFileSystem" time="1.376"/>
  <testcase name="testListStatusOnLargeDirectoryForACLCheck" classname="TestOzoneFileSystem" time="1.939">
    <system-out><![CDATA[2023-04-11 11:26:08,029 [om1-client-thread1] INFO  segmented.SegmentedRaftLogWorker (SegmentedRaftLogWorker.java:rollLogSegment(457)) - om1@group-C5BA1605619E-SegmentedRaftLogWorker: Rolling segment log-0_36866 to index:36866
2023-04-11 11:26:08,029 [om1@group-C5BA1605619E-SegmentedRaftLogWorker] INFO  segmented.SegmentedRaftLogWorker (SegmentedRaftLogWorker.java:execute(613)) - om1@group-C5BA1605619E-SegmentedRaftLogWorker: Rolled log segment from /home/runner/work/ozone/ozone/hadoop-ozone/integration-test/target/test-dir/MiniOzoneClusterImpl-1c4368e0-208c-48c5-9b0c-56c20ccf1352/ozone-meta/ratis/bf265839-605b-3f16-9796-c5ba1605619e/current/log_inprogress_0 to /home/runner/work/ozone/ozone/hadoop-ozone/integration-test/target/test-dir/MiniOzoneClusterImpl-1c4368e0-208c-48c5-9b0c-56c20ccf1352/ozone-meta/ratis/bf265839-605b-3f16-9796-c5ba1605619e/current/log_0-36866
2023-04-11 11:26:08,040 [om1@group-C5BA1605619E-SegmentedRaftLogWorker] INFO  segmented.SegmentedRaftLogWorker (SegmentedRaftLogWorker.java:execute(656)) - om1@group-C5BA1605619E-SegmentedRaftLogWorker: created new log segment /home/runner/work/ozone/ozone/hadoop-ozone/integration-test/target/test-dir/MiniOzoneClusterImpl-1c4368e0-208c-48c5-9b0c-56c20ccf1352/ozone-meta/ratis/bf265839-605b-3f16-9796-c5ba1605619e/current/log_inprogress_36867
]]></system-out>
  </testcase>
  <testcase name="testListStatusOnLargeDirectoryForACLCheck" classname="TestOzoneFileSystem" time="1.314"/>
  <testcase name="testRenameFileToDir" classname="TestOzoneFileSystem" time="0.053">
    <system-out><![CDATA[2023-04-11 11:24:19,504 [OM StateMachine ApplyTransaction Thread - 0] INFO  key.OMKeyRequest (OMKeyRequest.java:wrapUncommittedBlocksAsPseudoKey(838)) - Detect allocated but uncommitted blocks [{blockID={containerID=3, localID=111677748019200071}, length=4194304, offset=0, token=null, pipeline=null, createVersion=0, partNumber=0}] in key root/file1.
11:24:19.508 [IPC Server handler 15 on default port 36763] ERROR OMAudit - user=runner | ip=127.0.0.1 | op=LIST_STATUS {volume=volume14578, bucket=bucket96393, key=a/b/c/file1, dataSize=0, replicationConfig=null} | ret=FAILURE
org.apache.hadoop.ozone.om.exceptions.OMException: Unable to get file status: volume: volume14578 bucket: bucket96393 key: a/b/c/file1
	at org.apache.hadoop.ozone.om.KeyManagerImpl.getOzoneFileStatus(KeyManagerImpl.java:1200) ~[ozone-manager-1.4.0-SNAPSHOT.jar:?]
	at org.apache.hadoop.ozone.om.KeyManagerImpl.getFileStatus(KeyManagerImpl.java:1118) ~[ozone-manager-1.4.0-SNAPSHOT.jar:?]
	at org.apache.hadoop.ozone.om.KeyManagerImpl.listStatus(KeyManagerImpl.java:1508) ~[ozone-manager-1.4.0-SNAPSHOT.jar:?]
	at org.apache.hadoop.ozone.om.OmMetadataReader.listStatus(OmMetadataReader.java:261) ~[ozone-manager-1.4.0-SNAPSHOT.jar:?]
	at org.apache.hadoop.ozone.om.OzoneManager.listStatus(OzoneManager.java:3510) ~[ozone-manager-1.4.0-SNAPSHOT.jar:?]
	at org.apache.hadoop.ozone.protocolPB.OzoneManagerRequestHandler.listStatus(OzoneManagerRequestHandler.java:1098) ~[ozone-manager-1.4.0-SNAPSHOT.jar:?]
	at org.apache.hadoop.ozone.protocolPB.OzoneManagerRequestHandler.handleReadRequest(OzoneManagerRequestHandler.java:249) ~[ozone-manager-1.4.0-SNAPSHOT.jar:?]
	at org.apache.hadoop.ozone.protocolPB.OzoneManagerProtocolServerSideTranslatorPB.submitReadRequestToOM(OzoneManagerProtocolServerSideTranslatorPB.java:223) ~[ozone-manager-1.4.0-SNAPSHOT.jar:?]
	at org.apache.hadoop.ozone.protocolPB.OzoneManagerProtocolServerSideTranslatorPB.processRequest(OzoneManagerProtocolServerSideTranslatorPB.java:177) ~[ozone-manager-1.4.0-SNAPSHOT.jar:?]
	at org.apache.hadoop.hdds.server.OzoneProtocolMessageDispatcher.processRequest(OzoneProtocolMessageDispatcher.java:87) [hdds-server-framework-1.4.0-SNAPSHOT.jar:?]
	at org.apache.hadoop.ozone.protocolPB.OzoneManagerProtocolServerSideTranslatorPB.submitRequest(OzoneManagerProtocolServerSideTranslatorPB.java:147) [ozone-manager-1.4.0-SNAPSHOT.jar:?]
	at org.apache.hadoop.ozone.protocol.proto.OzoneManagerProtocolProtos$OzoneManagerService$2.callBlockingMethod(OzoneManagerProtocolProtos.java) [ozone-interface-client-1.4.0-SNAPSHOT.jar:?]
	at org.apache.hadoop.ipc.ProtobufRpcEngine$Server.processCall(ProtobufRpcEngine.java:484) [hadoop-common-3.3.5.jar:?]
	at org.apache.hadoop.ipc.ProtobufRpcEngine2$Server$ProtoBufRpcInvoker.call(ProtobufRpcEngine2.java:595) [hadoop-common-3.3.5.jar:?]
	at org.apache.hadoop.ipc.ProtobufRpcEngine2$Server$ProtoBufRpcInvoker.call(ProtobufRpcEngine2.java:573) [hadoop-common-3.3.5.jar:?]
	at org.apache.hadoop.ipc.RPC$Server.call(RPC.java:1213) [hadoop-common-3.3.5.jar:?]
	at org.apache.hadoop.ipc.Server$RpcCall.run(Server.java:1089) [hadoop-common-3.3.5.jar:?]
	at org.apache.hadoop.ipc.Server$RpcCall.run(Server.java:1012) [hadoop-common-3.3.5.jar:?]
	at java.security.AccessController.doPrivileged(Native Method) ~[?:1.8.0_362]
	at javax.security.auth.Subject.doAs(Subject.java:422) [?:1.8.0_362]
	at org.apache.hadoop.security.UserGroupInformation.doAs(UserGroupInformation.java:1899) [hadoop-common-3.3.5.jar:?]
	at org.apache.hadoop.ipc.Server$Handler.run(Server.java:3026) [hadoop-common-3.3.5.jar:?]
]]></system-out>
  </testcase>
  <testcase name="testRenameFileToDir" classname="TestOzoneFileSystem" time="0.031">
    <system-out><![CDATA[2023-04-11 11:25:09,177 [IPC Server handler 19 on default port 36969] INFO  key.OMKeyRequest (OMKeyRequest.java:wrapUncommittedBlocksAsPseudoKey(838)) - Detect allocated but uncommitted blocks [{blockID={containerID=4, localID=111677748019200071}, length=4194304, offset=0, token=null, pipeline=null, createVersion=0, partNumber=0}] in key root/file1.
11:25:09.180 [IPC Server handler 17 on default port 36969] ERROR OMAudit - user=runner | ip=127.0.0.1 | op=LIST_STATUS {volume=volume23474, bucket=bucket17726, key=a/b/c/file1, dataSize=0, replicationConfig=null} | ret=FAILURE
org.apache.hadoop.ozone.om.exceptions.OMException: Unable to get file status: volume: volume23474 bucket: bucket17726 key: a/b/c/file1
	at org.apache.hadoop.ozone.om.KeyManagerImpl.getOzoneFileStatus(KeyManagerImpl.java:1200) ~[ozone-manager-1.4.0-SNAPSHOT.jar:?]
	at org.apache.hadoop.ozone.om.KeyManagerImpl.getFileStatus(KeyManagerImpl.java:1118) ~[ozone-manager-1.4.0-SNAPSHOT.jar:?]
	at org.apache.hadoop.ozone.om.KeyManagerImpl.listStatus(KeyManagerImpl.java:1508) ~[ozone-manager-1.4.0-SNAPSHOT.jar:?]
	at org.apache.hadoop.ozone.om.OmMetadataReader.listStatus(OmMetadataReader.java:261) ~[ozone-manager-1.4.0-SNAPSHOT.jar:?]
	at org.apache.hadoop.ozone.om.OzoneManager.listStatus(OzoneManager.java:3510) ~[ozone-manager-1.4.0-SNAPSHOT.jar:?]
	at org.apache.hadoop.ozone.protocolPB.OzoneManagerRequestHandler.listStatus(OzoneManagerRequestHandler.java:1098) ~[ozone-manager-1.4.0-SNAPSHOT.jar:?]
	at org.apache.hadoop.ozone.protocolPB.OzoneManagerRequestHandler.handleReadRequest(OzoneManagerRequestHandler.java:249) ~[ozone-manager-1.4.0-SNAPSHOT.jar:?]
	at org.apache.hadoop.ozone.protocolPB.OzoneManagerProtocolServerSideTranslatorPB.submitRequestDirectlyToOM(OzoneManagerProtocolServerSideTranslatorPB.java:272) ~[ozone-manager-1.4.0-SNAPSHOT.jar:?]
	at org.apache.hadoop.ozone.protocolPB.OzoneManagerProtocolServerSideTranslatorPB.processRequest(OzoneManagerProtocolServerSideTranslatorPB.java:173) ~[ozone-manager-1.4.0-SNAPSHOT.jar:?]
	at org.apache.hadoop.hdds.server.OzoneProtocolMessageDispatcher.processRequest(OzoneProtocolMessageDispatcher.java:87) [hdds-server-framework-1.4.0-SNAPSHOT.jar:?]
	at org.apache.hadoop.ozone.protocolPB.OzoneManagerProtocolServerSideTranslatorPB.submitRequest(OzoneManagerProtocolServerSideTranslatorPB.java:147) [ozone-manager-1.4.0-SNAPSHOT.jar:?]
	at org.apache.hadoop.ozone.protocol.proto.OzoneManagerProtocolProtos$OzoneManagerService$2.callBlockingMethod(OzoneManagerProtocolProtos.java) [ozone-interface-client-1.4.0-SNAPSHOT.jar:?]
	at org.apache.hadoop.ipc.ProtobufRpcEngine$Server.processCall(ProtobufRpcEngine.java:484) [hadoop-common-3.3.5.jar:?]
	at org.apache.hadoop.ipc.ProtobufRpcEngine2$Server$ProtoBufRpcInvoker.call(ProtobufRpcEngine2.java:595) [hadoop-common-3.3.5.jar:?]
	at org.apache.hadoop.ipc.ProtobufRpcEngine2$Server$ProtoBufRpcInvoker.call(ProtobufRpcEngine2.java:573) [hadoop-common-3.3.5.jar:?]
	at org.apache.hadoop.ipc.RPC$Server.call(RPC.java:1213) [hadoop-common-3.3.5.jar:?]
	at org.apache.hadoop.ipc.Server$RpcCall.run(Server.java:1089) [hadoop-common-3.3.5.jar:?]
	at org.apache.hadoop.ipc.Server$RpcCall.run(Server.java:1012) [hadoop-common-3.3.5.jar:?]
	at java.security.AccessController.doPrivileged(Native Method) ~[?:1.8.0_362]
	at javax.security.auth.Subject.doAs(Subject.java:422) [?:1.8.0_362]
	at org.apache.hadoop.security.UserGroupInformation.doAs(UserGroupInformation.java:1899) [hadoop-common-3.3.5.jar:?]
	at org.apache.hadoop.ipc.Server$Handler.run(Server.java:3026) [hadoop-common-3.3.5.jar:?]
]]></system-out>
  </testcase>
  <testcase name="testRenameFileToDir" classname="TestOzoneFileSystem" time="0.04">
    <system-out><![CDATA[2023-04-11 11:26:08,095 [OM StateMachine ApplyTransaction Thread - 0] INFO  key.OMKeyRequest (OMKeyRequest.java:wrapUncommittedBlocksAsPseudoKey(838)) - Detect allocated but uncommitted blocks [{blockID={containerID=2, localID=111677748019200071}, length=4194304, offset=0, token=null, pipeline=null, createVersion=0, partNumber=0}] in key root/file1.
11:26:08.098 [IPC Server handler 16 on default port 39679] ERROR OMAudit - user=runner | ip=127.0.0.1 | op=LIST_STATUS {volume=volume21709, bucket=bucket98076, key=a/b/c/file1, dataSize=0, replicationConfig=null} | ret=FAILURE
org.apache.hadoop.ozone.om.exceptions.OMException: Unable to get file status: volume: volume21709 bucket: bucket98076 key: a/b/c/file1
	at org.apache.hadoop.ozone.om.KeyManagerImpl.getOzoneFileStatus(KeyManagerImpl.java:1200) ~[ozone-manager-1.4.0-SNAPSHOT.jar:?]
	at org.apache.hadoop.ozone.om.KeyManagerImpl.getFileStatus(KeyManagerImpl.java:1118) ~[ozone-manager-1.4.0-SNAPSHOT.jar:?]
	at org.apache.hadoop.ozone.om.KeyManagerImpl.listStatus(KeyManagerImpl.java:1508) ~[ozone-manager-1.4.0-SNAPSHOT.jar:?]
	at org.apache.hadoop.ozone.om.OmMetadataReader.listStatus(OmMetadataReader.java:261) ~[ozone-manager-1.4.0-SNAPSHOT.jar:?]
	at org.apache.hadoop.ozone.om.OzoneManager.listStatus(OzoneManager.java:3510) ~[ozone-manager-1.4.0-SNAPSHOT.jar:?]
	at org.apache.hadoop.ozone.protocolPB.OzoneManagerRequestHandler.listStatus(OzoneManagerRequestHandler.java:1098) ~[ozone-manager-1.4.0-SNAPSHOT.jar:?]
	at org.apache.hadoop.ozone.protocolPB.OzoneManagerRequestHandler.handleReadRequest(OzoneManagerRequestHandler.java:249) ~[ozone-manager-1.4.0-SNAPSHOT.jar:?]
	at org.apache.hadoop.ozone.protocolPB.OzoneManagerProtocolServerSideTranslatorPB.submitReadRequestToOM(OzoneManagerProtocolServerSideTranslatorPB.java:223) ~[ozone-manager-1.4.0-SNAPSHOT.jar:?]
	at org.apache.hadoop.ozone.protocolPB.OzoneManagerProtocolServerSideTranslatorPB.processRequest(OzoneManagerProtocolServerSideTranslatorPB.java:177) ~[ozone-manager-1.4.0-SNAPSHOT.jar:?]
	at org.apache.hadoop.hdds.server.OzoneProtocolMessageDispatcher.processRequest(OzoneProtocolMessageDispatcher.java:87) [hdds-server-framework-1.4.0-SNAPSHOT.jar:?]
	at org.apache.hadoop.ozone.protocolPB.OzoneManagerProtocolServerSideTranslatorPB.submitRequest(OzoneManagerProtocolServerSideTranslatorPB.java:147) [ozone-manager-1.4.0-SNAPSHOT.jar:?]
	at org.apache.hadoop.ozone.protocol.proto.OzoneManagerProtocolProtos$OzoneManagerService$2.callBlockingMethod(OzoneManagerProtocolProtos.java) [ozone-interface-client-1.4.0-SNAPSHOT.jar:?]
	at org.apache.hadoop.ipc.ProtobufRpcEngine$Server.processCall(ProtobufRpcEngine.java:484) [hadoop-common-3.3.5.jar:?]
	at org.apache.hadoop.ipc.ProtobufRpcEngine2$Server$ProtoBufRpcInvoker.call(ProtobufRpcEngine2.java:595) [hadoop-common-3.3.5.jar:?]
	at org.apache.hadoop.ipc.ProtobufRpcEngine2$Server$ProtoBufRpcInvoker.call(ProtobufRpcEngine2.java:573) [hadoop-common-3.3.5.jar:?]
	at org.apache.hadoop.ipc.RPC$Server.call(RPC.java:1213) [hadoop-common-3.3.5.jar:?]
	at org.apache.hadoop.ipc.Server$RpcCall.run(Server.java:1089) [hadoop-common-3.3.5.jar:?]
	at org.apache.hadoop.ipc.Server$RpcCall.run(Server.java:1012) [hadoop-common-3.3.5.jar:?]
	at java.security.AccessController.doPrivileged(Native Method) ~[?:1.8.0_362]
	at javax.security.auth.Subject.doAs(Subject.java:422) [?:1.8.0_362]
	at org.apache.hadoop.security.UserGroupInformation.doAs(UserGroupInformation.java:1899) [hadoop-common-3.3.5.jar:?]
	at org.apache.hadoop.ipc.Server$Handler.run(Server.java:3026) [hadoop-common-3.3.5.jar:?]
]]></system-out>
  </testcase>
  <testcase name="testRenameFileToDir" classname="TestOzoneFileSystem" time="0.033">
    <system-out><![CDATA[2023-04-11 11:26:56,725 [IPC Server handler 7 on default port 44509] INFO  key.OMKeyRequest (OMKeyRequest.java:wrapUncommittedBlocksAsPseudoKey(838)) - Detect allocated but uncommitted blocks [{blockID={containerID=3, localID=111677748019200071}, length=4194304, offset=0, token=null, pipeline=null, createVersion=0, partNumber=0}] in key root/file1.
11:26:56.727 [IPC Server handler 12 on default port 44509] ERROR OMAudit - user=runner | ip=127.0.0.1 | op=LIST_STATUS {volume=volume17585, bucket=bucket91798, key=a/b/c/file1, dataSize=0, replicationConfig=null} | ret=FAILURE
org.apache.hadoop.ozone.om.exceptions.OMException: Unable to get file status: volume: volume17585 bucket: bucket91798 key: a/b/c/file1
	at org.apache.hadoop.ozone.om.KeyManagerImpl.getOzoneFileStatus(KeyManagerImpl.java:1200) ~[ozone-manager-1.4.0-SNAPSHOT.jar:?]
	at org.apache.hadoop.ozone.om.KeyManagerImpl.getFileStatus(KeyManagerImpl.java:1118) ~[ozone-manager-1.4.0-SNAPSHOT.jar:?]
	at org.apache.hadoop.ozone.om.KeyManagerImpl.listStatus(KeyManagerImpl.java:1508) ~[ozone-manager-1.4.0-SNAPSHOT.jar:?]
	at org.apache.hadoop.ozone.om.OmMetadataReader.listStatus(OmMetadataReader.java:261) ~[ozone-manager-1.4.0-SNAPSHOT.jar:?]
	at org.apache.hadoop.ozone.om.OzoneManager.listStatus(OzoneManager.java:3510) ~[ozone-manager-1.4.0-SNAPSHOT.jar:?]
	at org.apache.hadoop.ozone.protocolPB.OzoneManagerRequestHandler.listStatus(OzoneManagerRequestHandler.java:1098) ~[ozone-manager-1.4.0-SNAPSHOT.jar:?]
	at org.apache.hadoop.ozone.protocolPB.OzoneManagerRequestHandler.handleReadRequest(OzoneManagerRequestHandler.java:249) ~[ozone-manager-1.4.0-SNAPSHOT.jar:?]
	at org.apache.hadoop.ozone.protocolPB.OzoneManagerProtocolServerSideTranslatorPB.submitRequestDirectlyToOM(OzoneManagerProtocolServerSideTranslatorPB.java:272) ~[ozone-manager-1.4.0-SNAPSHOT.jar:?]
	at org.apache.hadoop.ozone.protocolPB.OzoneManagerProtocolServerSideTranslatorPB.processRequest(OzoneManagerProtocolServerSideTranslatorPB.java:173) ~[ozone-manager-1.4.0-SNAPSHOT.jar:?]
	at org.apache.hadoop.hdds.server.OzoneProtocolMessageDispatcher.processRequest(OzoneProtocolMessageDispatcher.java:87) [hdds-server-framework-1.4.0-SNAPSHOT.jar:?]
	at org.apache.hadoop.ozone.protocolPB.OzoneManagerProtocolServerSideTranslatorPB.submitRequest(OzoneManagerProtocolServerSideTranslatorPB.java:147) [ozone-manager-1.4.0-SNAPSHOT.jar:?]
	at org.apache.hadoop.ozone.protocol.proto.OzoneManagerProtocolProtos$OzoneManagerService$2.callBlockingMethod(OzoneManagerProtocolProtos.java) [ozone-interface-client-1.4.0-SNAPSHOT.jar:?]
	at org.apache.hadoop.ipc.ProtobufRpcEngine$Server.processCall(ProtobufRpcEngine.java:484) [hadoop-common-3.3.5.jar:?]
	at org.apache.hadoop.ipc.ProtobufRpcEngine2$Server$ProtoBufRpcInvoker.call(ProtobufRpcEngine2.java:595) [hadoop-common-3.3.5.jar:?]
	at org.apache.hadoop.ipc.ProtobufRpcEngine2$Server$ProtoBufRpcInvoker.call(ProtobufRpcEngine2.java:573) [hadoop-common-3.3.5.jar:?]
	at org.apache.hadoop.ipc.RPC$Server.call(RPC.java:1213) [hadoop-common-3.3.5.jar:?]
	at org.apache.hadoop.ipc.Server$RpcCall.run(Server.java:1089) [hadoop-common-3.3.5.jar:?]
	at org.apache.hadoop.ipc.Server$RpcCall.run(Server.java:1012) [hadoop-common-3.3.5.jar:?]
	at java.security.AccessController.doPrivileged(Native Method) ~[?:1.8.0_362]
	at javax.security.auth.Subject.doAs(Subject.java:422) [?:1.8.0_362]
	at org.apache.hadoop.security.UserGroupInformation.doAs(UserGroupInformation.java:1899) [hadoop-common-3.3.5.jar:?]
	at org.apache.hadoop.ipc.Server$Handler.run(Server.java:3026) [hadoop-common-3.3.5.jar:?]
]]></system-out>
  </testcase>
  <testcase name="testListStatusWithIntermediateDirWithECEnabled" classname="TestOzoneFileSystem" time="0.04">
    <system-out><![CDATA[2023-04-11 11:24:19,540 [IPC Server handler 7 on default port 39469] INFO  pipeline.PipelineStateManagerImpl (PipelineStateManagerImpl.java:addPipeline(103)) - Created pipeline Pipeline[ Id: aabf2785-b36f-4168-b52b-ac869800f217, Nodes: c75a143a-6faf-4f8e-9847-b3e7e26fc01f(fv-az590-525.scpgifznvsounmmscp2whtfmwe.cx.internal.cloudapp.net/10.1.0.37)243d07fb-de29-4324-a32b-24d5948493a7(fv-az590-525.scpgifznvsounmmscp2whtfmwe.cx.internal.cloudapp.net/10.1.0.37)ca122d53-8fd1-4cec-b324-69d908933b08(fv-az590-525.scpgifznvsounmmscp2whtfmwe.cx.internal.cloudapp.net/10.1.0.37)cea8b5f9-ee25-46f1-ad4b-37d39f533b4e(fv-az590-525.scpgifznvsounmmscp2whtfmwe.cx.internal.cloudapp.net/10.1.0.37)977ecd76-07f1-4d4a-bcc7-583ed48225e4(fv-az590-525.scpgifznvsounmmscp2whtfmwe.cx.internal.cloudapp.net/10.1.0.37), ReplicationConfig: EC{rs-3-2-1024k}, State:ALLOCATED, leaderId:, CreationTimestamp2023-04-11T11:24:19.540Z[Etc/UTC]].
2023-04-11 11:24:19,541 [IPC Server handler 7 on default port 39469] INFO  pipeline.PipelineManagerImpl (PipelineManagerImpl.java:openPipeline(367)) - Pipeline Pipeline[ Id: aabf2785-b36f-4168-b52b-ac869800f217, Nodes: c75a143a-6faf-4f8e-9847-b3e7e26fc01f(fv-az590-525.scpgifznvsounmmscp2whtfmwe.cx.internal.cloudapp.net/10.1.0.37)243d07fb-de29-4324-a32b-24d5948493a7(fv-az590-525.scpgifznvsounmmscp2whtfmwe.cx.internal.cloudapp.net/10.1.0.37)ca122d53-8fd1-4cec-b324-69d908933b08(fv-az590-525.scpgifznvsounmmscp2whtfmwe.cx.internal.cloudapp.net/10.1.0.37)cea8b5f9-ee25-46f1-ad4b-37d39f533b4e(fv-az590-525.scpgifznvsounmmscp2whtfmwe.cx.internal.cloudapp.net/10.1.0.37)977ecd76-07f1-4d4a-bcc7-583ed48225e4(fv-az590-525.scpgifznvsounmmscp2whtfmwe.cx.internal.cloudapp.net/10.1.0.37), ReplicationConfig: EC{rs-3-2-1024k}, State:ALLOCATED, leaderId:, CreationTimestamp2023-04-11T11:24:19.540Z[Etc/UTC]] moved to OPEN state
2023-04-11 11:24:19,546 [OM StateMachine ApplyTransaction Thread - 0] INFO  key.OMKeyRequest (OMKeyRequest.java:wrapUncommittedBlocksAsPseudoKey(838)) - Detect allocated but uncommitted blocks [{blockID={containerID=11, localID=111677748019200072}, length=4194304, offset=0, token=null, pipeline=null, createVersion=0, partNumber=0}] in key object-dir/object-name1.
]]></system-out>
  </testcase>
  <testcase name="testListStatusWithIntermediateDirWithECEnabled" classname="TestOzoneFileSystem" time="0.029">
    <system-out><![CDATA[2023-04-11 11:25:09,208 [IPC Server handler 7 on default port 40501] INFO  pipeline.PipelineStateManagerImpl (PipelineStateManagerImpl.java:addPipeline(103)) - Created pipeline Pipeline[ Id: 27adf85a-556f-4bd7-be9b-9bbdecef80bd, Nodes: b78ace34-11d4-46ff-baaa-a173e90e3d16(fv-az590-525.scpgifznvsounmmscp2whtfmwe.cx.internal.cloudapp.net/10.1.0.37)54dbd36c-297a-448a-bb41-2352e1c524ac(fv-az590-525.scpgifznvsounmmscp2whtfmwe.cx.internal.cloudapp.net/10.1.0.37)4797470f-ac54-44b7-9b0a-d535466dc4d7(fv-az590-525.scpgifznvsounmmscp2whtfmwe.cx.internal.cloudapp.net/10.1.0.37)bdac8111-12cf-4b14-9a03-ea98a7d0b884(fv-az590-525.scpgifznvsounmmscp2whtfmwe.cx.internal.cloudapp.net/10.1.0.37)91daf988-b498-4475-b6c7-add854a09df6(fv-az590-525.scpgifznvsounmmscp2whtfmwe.cx.internal.cloudapp.net/10.1.0.37), ReplicationConfig: EC{rs-3-2-1024k}, State:ALLOCATED, leaderId:, CreationTimestamp2023-04-11T11:25:09.208Z[Etc/UTC]].
2023-04-11 11:25:09,209 [IPC Server handler 7 on default port 40501] INFO  pipeline.PipelineManagerImpl (PipelineManagerImpl.java:openPipeline(367)) - Pipeline Pipeline[ Id: 27adf85a-556f-4bd7-be9b-9bbdecef80bd, Nodes: b78ace34-11d4-46ff-baaa-a173e90e3d16(fv-az590-525.scpgifznvsounmmscp2whtfmwe.cx.internal.cloudapp.net/10.1.0.37)54dbd36c-297a-448a-bb41-2352e1c524ac(fv-az590-525.scpgifznvsounmmscp2whtfmwe.cx.internal.cloudapp.net/10.1.0.37)4797470f-ac54-44b7-9b0a-d535466dc4d7(fv-az590-525.scpgifznvsounmmscp2whtfmwe.cx.internal.cloudapp.net/10.1.0.37)bdac8111-12cf-4b14-9a03-ea98a7d0b884(fv-az590-525.scpgifznvsounmmscp2whtfmwe.cx.internal.cloudapp.net/10.1.0.37)91daf988-b498-4475-b6c7-add854a09df6(fv-az590-525.scpgifznvsounmmscp2whtfmwe.cx.internal.cloudapp.net/10.1.0.37), ReplicationConfig: EC{rs-3-2-1024k}, State:ALLOCATED, leaderId:, CreationTimestamp2023-04-11T11:25:09.208Z[Etc/UTC]] moved to OPEN state
2023-04-11 11:25:09,212 [IPC Server handler 13 on default port 36969] INFO  key.OMKeyRequest (OMKeyRequest.java:wrapUncommittedBlocksAsPseudoKey(838)) - Detect allocated but uncommitted blocks [{blockID={containerID=11, localID=111677748019200072}, length=4194304, offset=0, token=null, pipeline=null, createVersion=0, partNumber=0}] in key object-dir/object-name1.
]]></system-out>
  </testcase>
  <testcase name="testListStatusWithIntermediateDirWithECEnabled" classname="TestOzoneFileSystem" time="0.032">
    <system-out><![CDATA[2023-04-11 11:26:08,131 [IPC Server handler 1 on default port 44705] INFO  pipeline.PipelineStateManagerImpl (PipelineStateManagerImpl.java:addPipeline(103)) - Created pipeline Pipeline[ Id: 2a2af46d-98bf-4656-9283-bd2a68616c07, Nodes: 05ccd17e-9552-4505-90bd-a622c50008e8(fv-az590-525.scpgifznvsounmmscp2whtfmwe.cx.internal.cloudapp.net/10.1.0.37)27a39a48-bb81-47fe-95ba-2ac18a68ea79(fv-az590-525.scpgifznvsounmmscp2whtfmwe.cx.internal.cloudapp.net/10.1.0.37)1f55909b-7792-4429-a8f4-0e8df975840d(fv-az590-525.scpgifznvsounmmscp2whtfmwe.cx.internal.cloudapp.net/10.1.0.37)c1e7a0ec-ae3b-4726-987d-7d9bf2cc9de6(fv-az590-525.scpgifznvsounmmscp2whtfmwe.cx.internal.cloudapp.net/10.1.0.37)00d37185-0744-49d2-a2a1-ceac977c9e2d(fv-az590-525.scpgifznvsounmmscp2whtfmwe.cx.internal.cloudapp.net/10.1.0.37), ReplicationConfig: EC{rs-3-2-1024k}, State:ALLOCATED, leaderId:, CreationTimestamp2023-04-11T11:26:08.131Z[Etc/UTC]].
2023-04-11 11:26:08,132 [IPC Server handler 1 on default port 44705] INFO  pipeline.PipelineManagerImpl (PipelineManagerImpl.java:openPipeline(367)) - Pipeline Pipeline[ Id: 2a2af46d-98bf-4656-9283-bd2a68616c07, Nodes: 05ccd17e-9552-4505-90bd-a622c50008e8(fv-az590-525.scpgifznvsounmmscp2whtfmwe.cx.internal.cloudapp.net/10.1.0.37)27a39a48-bb81-47fe-95ba-2ac18a68ea79(fv-az590-525.scpgifznvsounmmscp2whtfmwe.cx.internal.cloudapp.net/10.1.0.37)1f55909b-7792-4429-a8f4-0e8df975840d(fv-az590-525.scpgifznvsounmmscp2whtfmwe.cx.internal.cloudapp.net/10.1.0.37)c1e7a0ec-ae3b-4726-987d-7d9bf2cc9de6(fv-az590-525.scpgifznvsounmmscp2whtfmwe.cx.internal.cloudapp.net/10.1.0.37)00d37185-0744-49d2-a2a1-ceac977c9e2d(fv-az590-525.scpgifznvsounmmscp2whtfmwe.cx.internal.cloudapp.net/10.1.0.37), ReplicationConfig: EC{rs-3-2-1024k}, State:ALLOCATED, leaderId:, CreationTimestamp2023-04-11T11:26:08.131Z[Etc/UTC]] moved to OPEN state
2023-04-11 11:26:08,138 [OM StateMachine ApplyTransaction Thread - 0] INFO  key.OMKeyRequest (OMKeyRequest.java:wrapUncommittedBlocksAsPseudoKey(838)) - Detect allocated but uncommitted blocks [{blockID={containerID=10, localID=111677748019200072}, length=4194304, offset=0, token=null, pipeline=null, createVersion=0, partNumber=0}] in key object-dir/object-name1.
]]></system-out>
  </testcase>
  <testcase name="testListStatusWithIntermediateDirWithECEnabled" classname="TestOzoneFileSystem" time="0.026">
    <system-out><![CDATA[2023-04-11 11:26:56,755 [IPC Server handler 4 on default port 34475] INFO  pipeline.PipelineStateManagerImpl (PipelineStateManagerImpl.java:addPipeline(103)) - Created pipeline Pipeline[ Id: ebf8e7a7-9bd8-43fc-bfc7-f066f326d9e5, Nodes: 8800b703-234b-42c9-a364-cc0e28a54155(fv-az590-525.scpgifznvsounmmscp2whtfmwe.cx.internal.cloudapp.net/10.1.0.37)caa308e7-95fe-4c5f-9440-a942b893081e(fv-az590-525.scpgifznvsounmmscp2whtfmwe.cx.internal.cloudapp.net/10.1.0.37)7b25ec04-6163-44ae-a7e6-933a1c4a9d86(fv-az590-525.scpgifznvsounmmscp2whtfmwe.cx.internal.cloudapp.net/10.1.0.37)4d790031-0a50-4ffd-b1f5-2ef434e1e7d9(fv-az590-525.scpgifznvsounmmscp2whtfmwe.cx.internal.cloudapp.net/10.1.0.37)d4f16431-48bc-4a47-9d93-60d3e8fb304c(fv-az590-525.scpgifznvsounmmscp2whtfmwe.cx.internal.cloudapp.net/10.1.0.37), ReplicationConfig: EC{rs-3-2-1024k}, State:ALLOCATED, leaderId:, CreationTimestamp2023-04-11T11:26:56.754Z[Etc/UTC]].
2023-04-11 11:26:56,755 [IPC Server handler 4 on default port 34475] INFO  pipeline.PipelineManagerImpl (PipelineManagerImpl.java:openPipeline(367)) - Pipeline Pipeline[ Id: ebf8e7a7-9bd8-43fc-bfc7-f066f326d9e5, Nodes: 8800b703-234b-42c9-a364-cc0e28a54155(fv-az590-525.scpgifznvsounmmscp2whtfmwe.cx.internal.cloudapp.net/10.1.0.37)caa308e7-95fe-4c5f-9440-a942b893081e(fv-az590-525.scpgifznvsounmmscp2whtfmwe.cx.internal.cloudapp.net/10.1.0.37)7b25ec04-6163-44ae-a7e6-933a1c4a9d86(fv-az590-525.scpgifznvsounmmscp2whtfmwe.cx.internal.cloudapp.net/10.1.0.37)4d790031-0a50-4ffd-b1f5-2ef434e1e7d9(fv-az590-525.scpgifznvsounmmscp2whtfmwe.cx.internal.cloudapp.net/10.1.0.37)d4f16431-48bc-4a47-9d93-60d3e8fb304c(fv-az590-525.scpgifznvsounmmscp2whtfmwe.cx.internal.cloudapp.net/10.1.0.37), ReplicationConfig: EC{rs-3-2-1024k}, State:ALLOCATED, leaderId:, CreationTimestamp2023-04-11T11:26:56.754Z[Etc/UTC]] moved to OPEN state
2023-04-11 11:26:56,760 [IPC Server handler 9 on default port 44509] INFO  key.OMKeyRequest (OMKeyRequest.java:wrapUncommittedBlocksAsPseudoKey(838)) - Detect allocated but uncommitted blocks [{blockID={containerID=11, localID=111677748019200072}, length=4194304, offset=0, token=null, pipeline=null, createVersion=0, partNumber=0}] in key object-dir/object-name1.
]]></system-out>
  </testcase>
  <testcase name="testMakeDirsWithAnExistingDirectoryPath" classname="TestOzoneFileSystem" time="0.033">
    <system-out><![CDATA[2023-04-11 11:24:19,589 [OM StateMachine ApplyTransaction Thread - 0] INFO  key.OMKeyRequest (OMKeyRequest.java:wrapUncommittedBlocksAsPseudoKey(838)) - Detect allocated but uncommitted blocks [{blockID={containerID=4, localID=111677748019200073}, length=4194304, offset=0, token=null, pipeline=null, createVersion=0, partNumber=0}] in key d1/d2/d3/d4/key1.
]]></system-out>
  </testcase>
  <testcase name="testMakeDirsWithAnExistingDirectoryPath" classname="TestOzoneFileSystem" time="0.022">
    <system-out><![CDATA[2023-04-11 11:25:09,242 [IPC Server handler 7 on default port 36969] INFO  key.OMKeyRequest (OMKeyRequest.java:wrapUncommittedBlocksAsPseudoKey(838)) - Detect allocated but uncommitted blocks [{blockID={containerID=3, localID=111677748019200073}, length=4194304, offset=0, token=null, pipeline=null, createVersion=0, partNumber=0}] in key d1/d2/d3/d4/key1.
]]></system-out>
  </testcase>
  <testcase name="testMakeDirsWithAnExistingDirectoryPath" classname="TestOzoneFileSystem" time="0.023">
    <system-out><![CDATA[2023-04-11 11:26:08,168 [OM StateMachine ApplyTransaction Thread - 0] INFO  key.OMKeyRequest (OMKeyRequest.java:wrapUncommittedBlocksAsPseudoKey(838)) - Detect allocated but uncommitted blocks [{blockID={containerID=1, localID=111677748019200073}, length=4194304, offset=0, token=null, pipeline=null, createVersion=0, partNumber=0}] in key d1/d2/d3/d4/key1.
]]></system-out>
  </testcase>
  <testcase name="testMakeDirsWithAnExistingDirectoryPath" classname="TestOzoneFileSystem" time="0.017">
    <system-out><![CDATA[2023-04-11 11:26:56,783 [IPC Server handler 0 on default port 44509] INFO  key.OMKeyRequest (OMKeyRequest.java:wrapUncommittedBlocksAsPseudoKey(838)) - Detect allocated but uncommitted blocks [{blockID={containerID=4, localID=111677748019200073}, length=4194304, offset=0, token=null, pipeline=null, createVersion=0, partNumber=0}] in key d1/d2/d3/d4/key1.
]]></system-out>
  </testcase>
</testsuite>