<?xml version="1.0" encoding="UTF-8"?>
<testsuite xmlns:xsi="http://www.w3.org/2001/XMLSchema-instance" xsi:noNamespaceSchemaLocation="https://maven.apache.org/surefire/maven-surefire-plugin/xsd/surefire-test-report-3.0.xsd" version="3.0" name="org.apache.hadoop.ozone.client.rpc.TestOzoneAtRestEncryption" time="63.724" tests="22" errors="1" skipped="0" failures="0">
  <properties>
    <property name="awt.toolkit" value="sun.awt.X11.XToolkit"/>
    <property name="log4j.configuration" value="kms-log4j.properties"/>
    <property name="java.specification.version" value="1.8"/>
    <property name="file.encoding.pkg" value="sun.io"/>
    <property name="sun.cpu.isalist" value=""/>
    <property name="sun.jnu.encoding" value="UTF-8"/>
    <property name="java.class.path" value="/home/runner/work/ozone/ozone/hadoop-ozone/integration-test/target/test-classes:/home/runner/work/ozone/ozone/hadoop-ozone/integration-test/target/classes:/home/runner/.m2/repository/org/apache/ozone/ozone-common/1.4.0-SNAPSHOT/ozone-common-1.4.0-SNAPSHOT.jar:/home/runner/.m2/repository/io/grpc/grpc-netty/1.51.1/grpc-netty-1.51.1.jar:/home/runner/.m2/repository/io/grpc/grpc-core/1.51.1/grpc-core-1.51.1.jar:/home/runner/.m2/repository/com/google/android/annotations/4.1.1.4/annotations-4.1.1.4.jar:/home/runner/.m2/repository/org/codehaus/mojo/animal-sniffer-annotations/1.21/animal-sniffer-annotations-1.21.jar:/home/runner/.m2/repository/com/google/errorprone/error_prone_annotations/2.2.0/error_prone_annotations-2.2.0.jar:/home/runner/.m2/repository/io/perfmark/perfmark-api/0.25.0/perfmark-api-0.25.0.jar:/home/runner/.m2/repository/io/netty/netty-codec-http2/4.1.94.Final/netty-codec-http2-4.1.94.Final.jar:/home/runner/.m2/repository/io/netty/netty-common/4.1.94.Final/netty-common-4.1.94.Final.jar:/home/runner/.m2/repository/io/netty/netty-buffer/4.1.94.Final/netty-buffer-4.1.94.Final.jar:/home/runner/.m2/repository/io/netty/netty-codec-http/4.1.94.Final/netty-codec-http-4.1.94.Final.jar:/home/runner/.m2/repository/io/netty/netty-handler-proxy/4.1.94.Final/netty-handler-proxy-4.1.94.Final.jar:/home/runner/.m2/repository/io/netty/netty-codec-socks/4.1.94.Final/netty-codec-socks-4.1.94.Final.jar:/home/runner/.m2/repository/io/netty/netty-tcnative-boringssl-static/2.0.61.Final/netty-tcnative-boringssl-static-2.0.61.Final.jar:/home/runner/.m2/repository/io/netty/netty-tcnative-classes/2.0.61.Final/netty-tcnative-classes-2.0.61.Final.jar:/home/runner/.m2/repository/io/netty/netty-tcnative-boringssl-static/2.0.61.Final/netty-tcnative-boringssl-static-2.0.61.Final-linux-x86_64.jar:/home/runner/.m2/repository/io/netty/netty-tcnative-boringssl-static/2.0.61.Final/netty-tcnative-boringssl-static-2.0.61.Final-linux-aarch_64.jar:/home/runner/.m2/repository/io/netty/netty-tcnative-boringssl-static/2.0.61.Final/netty-tcnative-boringssl-static-2.0.61.Final-osx-x86_64.jar:/home/runner/.m2/repository/io/netty/netty-tcnative-boringssl-static/2.0.61.Final/netty-tcnative-boringssl-static-2.0.61.Final-osx-aarch_64.jar:/home/runner/.m2/repository/io/netty/netty-tcnative-boringssl-static/2.0.61.Final/netty-tcnative-boringssl-static-2.0.61.Final-windows-x86_64.jar:/home/runner/.m2/repository/org/apache/commons/commons-compress/1.21/commons-compress-1.21.jar:/home/runner/.m2/repository/org/apache/ozone/hdds-common/1.4.0-SNAPSHOT/hdds-common-1.4.0-SNAPSHOT.jar:/home/runner/.m2/repository/org/apache/ozone/hdds-client/1.4.0-SNAPSHOT/hdds-client-1.4.0-SNAPSHOT.jar:/home/runner/.m2/repository/org/apache/ozone/ozone-interface-client/1.4.0-SNAPSHOT/ozone-interface-client-1.4.0-SNAPSHOT.jar:/home/runner/.m2/repository/org/apache/hadoop/hadoop-hdfs-client/3.3.6/hadoop-hdfs-client-3.3.6.jar:/home/runner/.m2/repository/com/squareup/okhttp3/okhttp/4.9.3/okhttp-4.9.3.jar:/home/runner/.m2/repository/com/squareup/okio/okio/3.4.0/okio-3.4.0.jar:/home/runner/.m2/repository/com/squareup/okio/okio-jvm/3.4.0/okio-jvm-3.4.0.jar:/home/runner/.m2/repository/org/jetbrains/kotlin/kotlin-stdlib-jdk8/1.8.0/kotlin-stdlib-jdk8-1.8.0.jar:/home/runner/.m2/repository/org/jetbrains/kotlin/kotlin-stdlib-jdk7/1.8.0/kotlin-stdlib-jdk7-1.8.0.jar:/home/runner/.m2/repository/org/jetbrains/kotlin/kotlin-stdlib-common/1.6.21/kotlin-stdlib-common-1.6.21.jar:/home/runner/.m2/repository/org/apache/ozone/hdds-test-utils/1.4.0-SNAPSHOT/hdds-test-utils-1.4.0-SNAPSHOT.jar:/home/runner/.m2/repository/com/google/guava/guava/32.0.0-jre/guava-32.0.0-jre.jar:/home/runner/.m2/repository/com/google/guava/failureaccess/1.0.1/failureaccess-1.0.1.jar:/home/runner/.m2/repository/com/google/guava/listenablefuture/9999.0-empty-to-avoid-conflict-with-guava/listenablefuture-9999.0-empty-to-avoid-conflict-with-guava.jar:/home/runner/.m2/repository/com/google/code/findbugs/jsr305/3.0.0/jsr305-3.0.0.jar:/home/runner/.m2/repository/org/checkerframework/checker-qual/3.33.0/checker-qual-3.33.0.jar:/home/runner/.m2/repository/com/google/j2objc/j2objc-annotations/2.8/j2objc-annotations-2.8.jar:/home/runner/.m2/repository/commons-io/commons-io/2.11.0/commons-io-2.11.0.jar:/home/runner/.m2/repository/commons-logging/commons-logging/1.2/commons-logging-1.2.jar:/home/runner/.m2/repository/ch/qos/reload4j/reload4j/1.2.22/reload4j-1.2.22.jar:/home/runner/.m2/repository/org/slf4j/slf4j-api/1.7.36/slf4j-api-1.7.36.jar:/home/runner/.m2/repository/org/apache/logging/log4j/log4j-api/2.17.1/log4j-api-2.17.1.jar:/home/runner/.m2/repository/org/apache/ozone/hdds-server-scm/1.4.0-SNAPSHOT/hdds-server-scm-1.4.0-SNAPSHOT.jar:/home/runner/.m2/repository/org/apache/ozone/hdds-container-service/1.4.0-SNAPSHOT/hdds-container-service-1.4.0-SNAPSHOT.jar:/home/runner/.m2/repository/org/apache/ozone/hdds-hadoop-dependency-server/1.4.0-SNAPSHOT/hdds-hadoop-dependency-server-1.4.0-SNAPSHOT.jar:/home/runner/.m2/repository/org/apache/hadoop/hadoop-hdfs/3.3.6/hadoop-hdfs-3.3.6.jar:/home/runner/.m2/repository/commons-daemon/commons-daemon/1.0.13/commons-daemon-1.0.13.jar:/home/runner/.m2/repository/org/apache/ozone/hdds-server-framework/1.4.0-SNAPSHOT/hdds-server-framework-1.4.0-SNAPSHOT.jar:/home/runner/.m2/repository/io/dropwizard/metrics/metrics-core/3.2.4/metrics-core-3.2.4.jar:/home/runner/.m2/repository/org/apache/commons/commons-text/1.10.0/commons-text-1.10.0.jar:/home/runner/.m2/repository/org/bouncycastle/bcprov-jdk15on/1.67/bcprov-jdk15on-1.67.jar:/home/runner/.m2/repository/com/google/protobuf/protobuf-java/2.5.0/protobuf-java-2.5.0.jar:/home/runner/.m2/repository/org/apache/ozone/hdds-server-framework/1.4.0-SNAPSHOT/hdds-server-framework-1.4.0-SNAPSHOT-tests.jar:/home/runner/.m2/repository/org/apache/ozone/hdds-interface-server/1.4.0-SNAPSHOT/hdds-interface-server-1.4.0-SNAPSHOT.jar:/home/runner/.m2/repository/org/apache/ozone/hdds-interface-admin/1.4.0-SNAPSHOT/hdds-interface-admin-1.4.0-SNAPSHOT.jar:/home/runner/.m2/repository/org/apache/ozone/hdds-managed-rocksdb/1.4.0-SNAPSHOT/hdds-managed-rocksdb-1.4.0-SNAPSHOT.jar:/home/runner/.m2/repository/org/rocksdb/rocksdbjni/7.7.3/rocksdbjni-7.7.3.jar:/home/runner/.m2/repository/org/slf4j/slf4j-reload4j/1.7.36/slf4j-reload4j-1.7.36.jar:/home/runner/.m2/repository/org/apache/commons/commons-configuration2/2.1.1/commons-configuration2-2.1.1.jar:/home/runner/.m2/repository/commons-fileupload/commons-fileupload/1.5/commons-fileupload-1.5.jar:/home/runner/.m2/repository/org/apache/logging/log4j/log4j-core/2.17.1/log4j-core-2.17.1.jar:/home/runner/.m2/repository/com/lmax/disruptor/3.4.2/disruptor-3.4.2.jar:/home/runner/.m2/repository/org/eclipse/jetty/jetty-util/9.4.51.v20230217/jetty-util-9.4.51.v20230217.jar:/home/runner/.m2/repository/org/eclipse/jetty/jetty-server/9.4.51.v20230217/jetty-server-9.4.51.v20230217.jar:/home/runner/.m2/repository/org/eclipse/jetty/jetty-http/9.4.51.v20230217/jetty-http-9.4.51.v20230217.jar:/home/runner/.m2/repository/org/eclipse/jetty/jetty-io/9.4.51.v20230217/jetty-io-9.4.51.v20230217.jar:/home/runner/.m2/repository/org/eclipse/jetty/jetty-servlet/9.4.51.v20230217/jetty-servlet-9.4.51.v20230217.jar:/home/runner/.m2/repository/org/eclipse/jetty/jetty-security/9.4.51.v20230217/jetty-security-9.4.51.v20230217.jar:/home/runner/.m2/repository/org/eclipse/jetty/jetty-util-ajax/9.4.51.v20230217/jetty-util-ajax-9.4.51.v20230217.jar:/home/runner/.m2/repository/org/eclipse/jetty/jetty-webapp/9.4.51.v20230217/jetty-webapp-9.4.51.v20230217.jar:/home/runner/.m2/repository/org/eclipse/jetty/jetty-xml/9.4.51.v20230217/jetty-xml-9.4.51.v20230217.jar:/home/runner/.m2/repository/org/apache/ratis/ratis-server/2.5.1/ratis-server-2.5.1.jar:/home/runner/.m2/repository/org/apache/ratis/ratis-thirdparty-misc/1.0.4/ratis-thirdparty-misc-1.0.4.jar:/home/runner/.m2/repository/org/apache/ratis/ratis-proto/2.5.1/ratis-proto-2.5.1.jar:/home/runner/.m2/repository/org/apache/ratis/ratis-common/2.5.1/ratis-common-2.5.1.jar:/home/runner/.m2/repository/org/apache/ratis/ratis-client/2.5.1/ratis-client-2.5.1.jar:/home/runner/.m2/repository/org/apache/ratis/ratis-server-api/2.5.1/ratis-server-api-2.5.1.jar:/home/runner/.m2/repository/org/apache/ratis/ratis-metrics/2.5.1/ratis-metrics-2.5.1.jar:/home/runner/.m2/repository/io/prometheus/simpleclient_dropwizard/0.7.0/simpleclient_dropwizard-0.7.0.jar:/home/runner/.m2/repository/io/prometheus/simpleclient/0.7.0/simpleclient-0.7.0.jar:/home/runner/.m2/repository/io/prometheus/simpleclient_common/0.7.0/simpleclient_common-0.7.0.jar:/home/runner/.m2/repository/com/fasterxml/jackson/datatype/jackson-datatype-jsr310/2.13.4/jackson-datatype-jsr310-2.13.4.jar:/home/runner/.m2/repository/com/fasterxml/jackson/core/jackson-core/2.13.4/jackson-core-2.13.4.jar:/home/runner/.m2/repository/com/github/spotbugs/spotbugs-annotations/3.1.12/spotbugs-annotations-3.1.12.jar:/home/runner/.m2/repository/org/apache/ozone/rocksdb-checkpoint-differ/1.4.0-SNAPSHOT/rocksdb-checkpoint-differ-1.4.0-SNAPSHOT.jar:/home/runner/.m2/repository/org/jgrapht/jgrapht-core/1.0.1/jgrapht-core-1.0.1.jar:/home/runner/.m2/repository/org/jgrapht/jgrapht-ext/1.0.1/jgrapht-ext-1.0.1.jar:/home/runner/.m2/repository/org/tinyjee/jgraphx/jgraphx/2.0.0.1/jgraphx-2.0.0.1.jar:/home/runner/.m2/repository/jgraph/jgraph/5.13.0.0/jgraph-5.13.0.0.jar:/home/runner/.m2/repository/org/antlr/antlr4-runtime/4.5.3/antlr4-runtime-4.5.3.jar:/home/runner/.m2/repository/org/awaitility/awaitility/4.2.0/awaitility-4.2.0.jar:/home/runner/.m2/repository/org/hamcrest/hamcrest/2.1/hamcrest-2.1.jar:/home/runner/.m2/repository/org/apache/ozone/ozone-manager/1.4.0-SNAPSHOT/ozone-manager-1.4.0-SNAPSHOT.jar:/home/runner/.m2/repository/org/aspectj/aspectjrt/1.9.7/aspectjrt-1.9.7.jar:/home/runner/.m2/repository/org/aspectj/aspectjweaver/1.9.7/aspectjweaver-1.9.7.jar:/home/runner/.m2/repository/org/apache/ozone/hdds-interface-client/1.4.0-SNAPSHOT/hdds-interface-client-1.4.0-SNAPSHOT.jar:/home/runner/.m2/repository/org/apache/hadoop/thirdparty/hadoop-shaded-protobuf_3_7/1.1.1/hadoop-shaded-protobuf_3_7-1.1.1.jar:/home/runner/.m2/repository/org/apache/ozone/ozone-interface-storage/1.4.0-SNAPSHOT/ozone-interface-storage-1.4.0-SNAPSHOT.jar:/home/runner/.m2/repository/org/reflections/reflections/0.9.11/reflections-0.9.11.jar:/home/runner/.m2/repository/com/sun/jersey/jersey-client/1.19/jersey-client-1.19.jar:/home/runner/.m2/repository/org/codehaus/jackson/jackson-core-asl/1.9.13/jackson-core-asl-1.9.13.jar:/home/runner/.m2/repository/org/codehaus/jackson/jackson-mapper-asl/1.9.13/jackson-mapper-asl-1.9.13.jar:/home/runner/.m2/repository/org/codehaus/jackson/jackson-jaxrs/1.9.13/jackson-jaxrs-1.9.13.jar:/home/runner/.m2/repository/org/apache/ranger/ranger-intg/2.3.0/ranger-intg-2.3.0.jar:/home/runner/.m2/repository/org/apache/ranger/ranger-plugins-common/2.3.0/ranger-plugins-common-2.3.0.jar:/home/runner/.m2/repository/commons-lang/commons-lang/2.6/commons-lang-2.6.jar:/home/runner/.m2/repository/org/apache/ranger/ranger-plugins-cred/2.3.0/ranger-plugins-cred-2.3.0.jar:/home/runner/.m2/repository/org/apache/ranger/ranger-plugins-audit/2.3.0/ranger-plugins-audit-2.3.0.jar:/home/runner/.m2/repository/org/eclipse/jetty/jetty-client/9.4.51.v20230217/jetty-client-9.4.51.v20230217.jar:/home/runner/.m2/repository/org/apache/httpcomponents/httpmime/4.5.6/httpmime-4.5.6.jar:/home/runner/.m2/repository/org/apache/httpcomponents/httpcore-nio/4.4.13/httpcore-nio-4.4.13.jar:/home/runner/.m2/repository/org/apache/httpcomponents/httpasyncclient/4.1.3/httpasyncclient-4.1.3.jar:/home/runner/.m2/repository/com/carrotsearch/hppc/0.8.0/hppc-0.8.0.jar:/home/runner/.m2/repository/org/apache/orc/orc-core/1.5.8/orc-core-1.5.8.jar:/home/runner/.m2/repository/net/java/dev/jna/jna/5.2.0/jna-5.2.0.jar:/home/runner/.m2/repository/net/java/dev/jna/jna-platform/5.2.0/jna-platform-5.2.0.jar:/home/runner/.m2/repository/com/kstruct/gethostname4j/0.0.2/gethostname4j-0.0.2.jar:/home/runner/.m2/repository/org/apache/ranger/ranger-plugin-classloader/2.3.0/ranger-plugin-classloader-2.3.0.jar:/home/runner/.m2/repository/org/apache/ozone/hdds-rocks-native/1.4.0-SNAPSHOT/hdds-rocks-native-1.4.0-SNAPSHOT.jar:/home/runner/.m2/repository/org/apache/hadoop/hadoop-minikdc/3.3.6/hadoop-minikdc-3.3.6.jar:/home/runner/.m2/repository/org/apache/kerby/kerb-simplekdc/1.0.1/kerb-simplekdc-1.0.1.jar:/home/runner/.m2/repository/org/apache/kerby/kerb-client/1.0.1/kerb-client-1.0.1.jar:/home/runner/.m2/repository/org/apache/kerby/kerby-config/1.0.1/kerby-config-1.0.1.jar:/home/runner/.m2/repository/org/apache/kerby/kerb-common/1.0.1/kerb-common-1.0.1.jar:/home/runner/.m2/repository/org/apache/kerby/kerb-crypto/1.0.1/kerb-crypto-1.0.1.jar:/home/runner/.m2/repository/org/apache/kerby/kerb-util/1.0.1/kerb-util-1.0.1.jar:/home/runner/.m2/repository/org/apache/kerby/token-provider/1.0.1/token-provider-1.0.1.jar:/home/runner/.m2/repository/org/apache/kerby/kerb-admin/1.0.1/kerb-admin-1.0.1.jar:/home/runner/.m2/repository/org/apache/kerby/kerb-server/1.0.1/kerb-server-1.0.1.jar:/home/runner/.m2/repository/org/apache/kerby/kerb-identity/1.0.1/kerb-identity-1.0.1.jar:/home/runner/.m2/repository/org/apache/kerby/kerby-xdr/1.0.1/kerby-xdr-1.0.1.jar:/home/runner/.m2/repository/org/apache/ozone/ozone-s3gateway/1.4.0-SNAPSHOT/ozone-s3gateway-1.4.0-SNAPSHOT.jar:/home/runner/.m2/repository/org/javassist/javassist/3.21.0-GA/javassist-3.21.0-GA.jar:/home/runner/.m2/repository/org/jboss/weld/servlet/weld-servlet-shaded/3.1.9.Final/weld-servlet-shaded-3.1.9.Final.jar:/home/runner/.m2/repository/org/glassfish/jersey/containers/jersey-container-servlet-core/2.34/jersey-container-servlet-core-2.34.jar:/home/runner/.m2/repository/org/glassfish/hk2/external/jakarta.inject/2.6.1/jakarta.inject-2.6.1.jar:/home/runner/.m2/repository/org/glassfish/jersey/core/jersey-common/2.34/jersey-common-2.34.jar:/home/runner/.m2/repository/jakarta/ws/rs/jakarta.ws.rs-api/2.1.6/jakarta.ws.rs-api-2.1.6.jar:/home/runner/.m2/repository/org/glassfish/jersey/ext/cdi/jersey-cdi1x/2.34/jersey-cdi1x-2.34.jar:/home/runner/.m2/repository/org/glassfish/jersey/inject/jersey-hk2/2.34/jersey-hk2-2.34.jar:/home/runner/.m2/repository/org/glassfish/hk2/hk2-locator/2.6.1/hk2-locator-2.6.1.jar:/home/runner/.m2/repository/org/glassfish/jersey/media/jersey-media-jaxb/2.34/jersey-media-jaxb-2.34.jar:/home/runner/.m2/repository/org/glassfish/hk2/osgi-resource-locator/1.0.3/osgi-resource-locator-1.0.3.jar:/home/runner/.m2/repository/org/glassfish/hk2/hk2-api/2.5.0/hk2-api-2.5.0.jar:/home/runner/.m2/repository/org/glassfish/hk2/hk2-utils/2.5.0/hk2-utils-2.5.0.jar:/home/runner/.m2/repository/org/glassfish/hk2/external/aopalliance-repackaged/2.5.0/aopalliance-repackaged-2.5.0.jar:/home/runner/.m2/repository/com/fasterxml/jackson/dataformat/jackson-dataformat-xml/2.13.4/jackson-dataformat-xml-2.13.4.jar:/home/runner/.m2/repository/org/codehaus/woodstox/stax2-api/4.2.1/stax2-api-4.2.1.jar:/home/runner/.m2/repository/com/fasterxml/woodstox/woodstox-core/5.4.0/woodstox-core-5.4.0.jar:/home/runner/.m2/repository/com/fasterxml/jackson/module/jackson-module-jaxb-annotations/2.13.4/jackson-module-jaxb-annotations-2.13.4.jar:/home/runner/.m2/repository/jakarta/xml/bind/jakarta.xml.bind-api/2.3.3/jakarta.xml.bind-api-2.3.3.jar:/home/runner/.m2/repository/jakarta/activation/jakarta.activation-api/1.2.2/jakarta.activation-api-1.2.2.jar:/home/runner/.m2/repository/javax/enterprise/cdi-api/2.0/cdi-api-2.0.jar:/home/runner/.m2/repository/javax/el/javax.el-api/3.0.0/javax.el-api-3.0.0.jar:/home/runner/.m2/repository/javax/interceptor/javax.interceptor-api/1.2/javax.interceptor-api-1.2.jar:/home/runner/.m2/repository/javax/inject/javax.inject/1/javax.inject-1.jar:/home/runner/.m2/repository/javax/xml/bind/jaxb-api/2.3.0/jaxb-api-2.3.0.jar:/home/runner/.m2/repository/org/glassfish/jaxb/jaxb-runtime/2.3.0.1/jaxb-runtime-2.3.0.1.jar:/home/runner/.m2/repository/org/glassfish/jaxb/jaxb-core/2.3.0.1/jaxb-core-2.3.0.1.jar:/home/runner/.m2/repository/org/glassfish/jaxb/txw2/2.3.0.1/txw2-2.3.0.1.jar:/home/runner/.m2/repository/com/sun/istack/istack-commons-runtime/3.0.5/istack-commons-runtime-3.0.5.jar:/home/runner/.m2/repository/org/jvnet/staxex/stax-ex/1.7.8/stax-ex-1.7.8.jar:/home/runner/.m2/repository/com/sun/xml/fastinfoset/FastInfoset/1.2.13/FastInfoset-1.2.13.jar:/home/runner/.m2/repository/javax/activation/activation/1.1.1/activation-1.1.1.jar:/home/runner/.m2/repository/io/grpc/grpc-protobuf/1.51.1/grpc-protobuf-1.51.1.jar:/home/runner/.m2/repository/com/google/api/grpc/proto-google-common-protos/2.9.0/proto-google-common-protos-2.9.0.jar:/home/runner/.m2/repository/io/grpc/grpc-protobuf-lite/1.51.1/grpc-protobuf-lite-1.51.1.jar:/home/runner/.m2/repository/io/grpc/grpc-stub/1.51.1/grpc-stub-1.51.1.jar:/home/runner/.m2/repository/io/netty/netty-transport/4.1.94.Final/netty-transport-4.1.94.Final.jar:/home/runner/.m2/repository/io/netty/netty-resolver/4.1.94.Final/netty-resolver-4.1.94.Final.jar:/home/runner/.m2/repository/org/apache/ozone/ozone-csi/1.4.0-SNAPSHOT/ozone-csi-1.4.0-SNAPSHOT.jar:/home/runner/.m2/repository/com/google/protobuf/protobuf-java-util/3.19.6/protobuf-java-util-3.19.6.jar:/home/runner/.m2/repository/com/google/code/gson/gson/2.9.0/gson-2.9.0.jar:/home/runner/.m2/repository/org/apache/ozone/hdds-config/1.4.0-SNAPSHOT/hdds-config-1.4.0-SNAPSHOT.jar:/home/runner/.m2/repository/io/netty/netty-transport-native-epoll/4.1.94.Final/netty-transport-native-epoll-4.1.94.Final-linux-x86_64.jar:/home/runner/.m2/repository/io/netty/netty-transport-classes-epoll/4.1.94.Final/netty-transport-classes-epoll-4.1.94.Final.jar:/home/runner/.m2/repository/io/netty/netty-transport-native-unix-common/4.1.94.Final/netty-transport-native-unix-common-4.1.94.Final.jar:/home/runner/.m2/repository/org/apache/ozone/ozone-recon/1.4.0-SNAPSHOT/ozone-recon-1.4.0-SNAPSHOT.jar:/home/runner/.m2/repository/org/apache/ozone/ozone-reconcodegen/1.4.0-SNAPSHOT/ozone-reconcodegen-1.4.0-SNAPSHOT.jar:/home/runner/.m2/repository/com/google/inject/guice/5.1.0/guice-5.1.0.jar:/home/runner/.m2/repository/aopalliance/aopalliance/1.0/aopalliance-1.0.jar:/home/runner/.m2/repository/com/google/inject/extensions/guice-assistedinject/5.1.0/guice-assistedinject-5.1.0.jar:/home/runner/.m2/repository/com/google/inject/extensions/guice-servlet/5.1.0/guice-servlet-5.1.0.jar:/home/runner/.m2/repository/org/glassfish/jersey/containers/jersey-container-servlet/2.34/jersey-container-servlet-2.34.jar:/home/runner/.m2/repository/org/glassfish/hk2/guice-bridge/2.5.0/guice-bridge-2.5.0.jar:/home/runner/.m2/repository/org/glassfish/jersey/core/jersey-server/2.34/jersey-server-2.34.jar:/home/runner/.m2/repository/org/glassfish/jersey/core/jersey-client/2.34/jersey-client-2.34.jar:/home/runner/.m2/repository/jakarta/annotation/jakarta.annotation-api/1.3.5/jakarta.annotation-api-1.3.5.jar:/home/runner/.m2/repository/jakarta/validation/jakarta.validation-api/2.0.2/jakarta.validation-api-2.0.2.jar:/home/runner/.m2/repository/org/glassfish/jersey/media/jersey-media-json-jackson/2.34/jersey-media-json-jackson-2.34.jar:/home/runner/.m2/repository/org/glassfish/jersey/ext/jersey-entity-filtering/2.34/jersey-entity-filtering-2.34.jar:/home/runner/.m2/repository/org/jooq/jooq/3.11.10/jooq-3.11.10.jar:/home/runner/.m2/repository/org/jooq/jooq-meta/3.11.10/jooq-meta-3.11.10.jar:/home/runner/.m2/repository/org/jooq/jooq-codegen/3.11.10/jooq-codegen-3.11.10.jar:/home/runner/.m2/repository/com/jolbox/bonecp/0.8.0.RELEASE/bonecp-0.8.0.RELEASE.jar:/home/runner/.m2/repository/org/apache/derby/derby/10.14.2.0/derby-10.14.2.0.jar:/home/runner/.m2/repository/org/xerial/sqlite-jdbc/3.41.2.2/sqlite-jdbc-3.41.2.2.jar:/home/runner/.m2/repository/org/springframework/spring-jdbc/5.3.27/spring-jdbc-5.3.27.jar:/home/runner/.m2/repository/org/springframework/spring-beans/5.3.27/spring-beans-5.3.27.jar:/home/runner/.m2/repository/org/springframework/spring-core/5.3.27/spring-core-5.3.27.jar:/home/runner/.m2/repository/org/springframework/spring-tx/5.3.27/spring-tx-5.3.27.jar:/home/runner/.m2/repository/org/apache/ozone/ozone-client/1.4.0-SNAPSHOT/ozone-client-1.4.0-SNAPSHOT.jar:/home/runner/.m2/repository/org/apache/ozone/hdds-erasurecode/1.4.0-SNAPSHOT/hdds-erasurecode-1.4.0-SNAPSHOT.jar:/home/runner/.m2/repository/org/apache/ozone/ozone-filesystem/1.4.0-SNAPSHOT/ozone-filesystem-1.4.0-SNAPSHOT.jar:/home/runner/.m2/repository/org/apache/ozone/ozone-filesystem-common/1.4.0-SNAPSHOT/ozone-filesystem-common-1.4.0-SNAPSHOT.jar:/home/runner/.m2/repository/org/apache/ozone/ozone-tools/1.4.0-SNAPSHOT/ozone-tools-1.4.0-SNAPSHOT.jar:/home/runner/.m2/repository/com/amazonaws/aws-java-sdk-core/1.12.261/aws-java-sdk-core-1.12.261.jar:/home/runner/.m2/repository/org/apache/httpcomponents/httpclient/4.5.13/httpclient-4.5.13.jar:/home/runner/.m2/repository/org/apache/httpcomponents/httpcore/4.4.13/httpcore-4.4.13.jar:/home/runner/.m2/repository/software/amazon/ion/ion-java/1.0.2/ion-java-1.0.2.jar:/home/runner/.m2/repository/com/fasterxml/jackson/dataformat/jackson-dataformat-cbor/2.13.4/jackson-dataformat-cbor-2.13.4.jar:/home/runner/.m2/repository/joda-time/joda-time/2.10.6/joda-time-2.10.6.jar:/home/runner/.m2/repository/com/amazonaws/aws-java-sdk-s3/1.12.261/aws-java-sdk-s3-1.12.261.jar:/home/runner/.m2/repository/com/amazonaws/aws-java-sdk-kms/1.12.261/aws-java-sdk-kms-1.12.261.jar:/home/runner/.m2/repository/com/amazonaws/jmespath-java/1.12.261/jmespath-java-1.12.261.jar:/home/runner/.m2/repository/org/kohsuke/metainf-services/metainf-services/1.8/metainf-services-1.8.jar:/home/runner/.m2/repository/org/apache/ozone/hdds-tools/1.4.0-SNAPSHOT/hdds-tools-1.4.0-SNAPSHOT.jar:/home/runner/.m2/repository/org/apache/ratis/ratis-tools/2.5.1/ratis-tools-2.5.1.jar:/home/runner/.m2/repository/commons-cli/commons-cli/1.2/commons-cli-1.2.jar:/home/runner/.m2/repository/org/apache/commons/commons-lang3/3.7/commons-lang3-3.7.jar:/home/runner/.m2/repository/org/apache/ozone/ozone-manager/1.4.0-SNAPSHOT/ozone-manager-1.4.0-SNAPSHOT-tests.jar:/home/runner/.m2/repository/org/apache/ozone/hdds-common/1.4.0-SNAPSHOT/hdds-common-1.4.0-SNAPSHOT-tests.jar:/home/runner/.m2/repository/org/apache/ozone/hdds-hadoop-dependency-client/1.4.0-SNAPSHOT/hdds-hadoop-dependency-client-1.4.0-SNAPSHOT.jar:/home/runner/.m2/repository/info/picocli/picocli/4.6.1/picocli-4.6.1.jar:/home/runner/.m2/repository/com/fasterxml/jackson/core/jackson-annotations/2.13.4/jackson-annotations-2.13.4.jar:/home/runner/.m2/repository/org/apache/ozone/hdds-annotation-processing/1.4.0-SNAPSHOT/hdds-annotation-processing-1.4.0-SNAPSHOT.jar:/home/runner/.m2/repository/javax/annotation/javax.annotation-api/1.2/javax.annotation-api-1.2.jar:/home/runner/.m2/repository/org/apache/ratis/ratis-netty/2.5.1/ratis-netty-2.5.1.jar:/home/runner/.m2/repository/org/apache/ratis/ratis-grpc/2.5.1/ratis-grpc-2.5.1.jar:/home/runner/.m2/repository/org/apache/commons/commons-pool2/2.6.0/commons-pool2-2.6.0.jar:/home/runner/.m2/repository/org/bouncycastle/bcpkix-jdk15on/1.67/bcpkix-jdk15on-1.67.jar:/home/runner/.m2/repository/commons-validator/commons-validator/1.6/commons-validator-1.6.jar:/home/runner/.m2/repository/commons-beanutils/commons-beanutils/1.9.4/commons-beanutils-1.9.4.jar:/home/runner/.m2/repository/commons-digester/commons-digester/1.8.1/commons-digester-1.8.1.jar:/home/runner/.m2/repository/commons-collections/commons-collections/3.2.2/commons-collections-3.2.2.jar:/home/runner/.m2/repository/io/jaegertracing/jaeger-client/1.6.0/jaeger-client-1.6.0.jar:/home/runner/.m2/repository/io/jaegertracing/jaeger-thrift/1.6.0/jaeger-thrift-1.6.0.jar:/home/runner/.m2/repository/org/apache/thrift/libthrift/0.14.1/libthrift-0.14.1.jar:/home/runner/.m2/repository/io/jaegertracing/jaeger-core/1.6.0/jaeger-core-1.6.0.jar:/home/runner/.m2/repository/io/jaegertracing/jaeger-tracerresolver/1.6.0/jaeger-tracerresolver-1.6.0.jar:/home/runner/.m2/repository/io/opentracing/contrib/opentracing-tracerresolver/0.1.8/opentracing-tracerresolver-0.1.8.jar:/home/runner/.m2/repository/org/jetbrains/kotlin/kotlin-stdlib/1.6.21/kotlin-stdlib-1.6.21.jar:/home/runner/.m2/repository/org/jetbrains/annotations/13.0/annotations-13.0.jar:/home/runner/.m2/repository/io/opentracing/opentracing-util/0.33.0/opentracing-util-0.33.0.jar:/home/runner/.m2/repository/io/opentracing/opentracing-api/0.33.0/opentracing-api-0.33.0.jar:/home/runner/.m2/repository/io/opentracing/opentracing-noop/0.33.0/opentracing-noop-0.33.0.jar:/home/runner/.m2/repository/org/yaml/snakeyaml/2.0/snakeyaml-2.0.jar:/home/runner/.m2/repository/io/grpc/grpc-api/1.51.1/grpc-api-1.51.1.jar:/home/runner/.m2/repository/io/grpc/grpc-context/1.51.1/grpc-context-1.51.1.jar:/home/runner/.m2/repository/junit/junit/4.13.1/junit-4.13.1.jar:/home/runner/.m2/repository/org/hamcrest/hamcrest-core/1.3/hamcrest-core-1.3.jar:/home/runner/.m2/repository/org/junit/jupiter/junit-jupiter-api/5.8.2/junit-jupiter-api-5.8.2.jar:/home/runner/.m2/repository/org/opentest4j/opentest4j/1.2.0/opentest4j-1.2.0.jar:/home/runner/.m2/repository/org/junit/platform/junit-platform-commons/1.8.2/junit-platform-commons-1.8.2.jar:/home/runner/.m2/repository/org/apiguardian/apiguardian-api/1.1.2/apiguardian-api-1.1.2.jar:/home/runner/.m2/repository/org/junit/jupiter/junit-jupiter-params/5.8.2/junit-jupiter-params-5.8.2.jar:/home/runner/.m2/repository/org/junit/jupiter/junit-jupiter-migrationsupport/5.8.2/junit-jupiter-migrationsupport-5.8.2.jar:/home/runner/.m2/repository/org/junit/jupiter/junit-jupiter-engine/5.8.2/junit-jupiter-engine-5.8.2.jar:/home/runner/.m2/repository/org/junit/platform/junit-platform-engine/1.8.2/junit-platform-engine-1.8.2.jar:/home/runner/.m2/repository/org/junit/vintage/junit-vintage-engine/5.8.2/junit-vintage-engine-5.8.2.jar:/home/runner/.m2/repository/org/junit/platform/junit-platform-launcher/1.8.2/junit-platform-launcher-1.8.2.jar:/home/runner/.m2/repository/org/mockito/mockito-core/3.5.9/mockito-core-3.5.9.jar:/home/runner/.m2/repository/net/bytebuddy/byte-buddy/1.10.13/byte-buddy-1.10.13.jar:/home/runner/.m2/repository/net/bytebuddy/byte-buddy-agent/1.10.13/byte-buddy-agent-1.10.13.jar:/home/runner/.m2/repository/org/objenesis/objenesis/1.0/objenesis-1.0.jar:/home/runner/.m2/repository/org/apache/hadoop/hadoop-kms/3.3.6/hadoop-kms-3.3.6.jar:/home/runner/.m2/repository/org/apache/hadoop/hadoop-auth/3.3.6/hadoop-auth-3.3.6.jar:/home/runner/.m2/repository/com/nimbusds/nimbus-jose-jwt/9.8.1/nimbus-jose-jwt-9.8.1.jar:/home/runner/.m2/repository/com/github/stephenc/jcip/jcip-annotations/1.0-1/jcip-annotations-1.0-1.jar:/home/runner/.m2/repository/org/apache/zookeeper/zookeeper/3.5.6/zookeeper-3.5.6.jar:/home/runner/.m2/repository/org/apache/zookeeper/zookeeper-jute/3.5.6/zookeeper-jute-3.5.6.jar:/home/runner/.m2/repository/org/apache/yetus/audience-annotations/0.5.0/audience-annotations-0.5.0.jar:/home/runner/.m2/repository/org/apache/curator/curator-framework/4.2.0/curator-framework-4.2.0.jar:/home/runner/.m2/repository/org/apache/hadoop/thirdparty/hadoop-shaded-guava/1.1.1/hadoop-shaded-guava-1.1.1.jar:/home/runner/.m2/repository/com/sun/jersey/jersey-core/1.19/jersey-core-1.19.jar:/home/runner/.m2/repository/javax/ws/rs/jsr311-api/1.1.1/jsr311-api-1.1.1.jar:/home/runner/.m2/repository/com/sun/jersey/jersey-server/1.19/jersey-server-1.19.jar:/home/runner/.m2/repository/javax/servlet/javax.servlet-api/3.1.0/javax.servlet-api-3.1.0.jar:/home/runner/.m2/repository/org/apache/hadoop/hadoop-common/3.3.6/hadoop-common-3.3.6.jar:/home/runner/.m2/repository/org/apache/commons/commons-math3/3.1.1/commons-math3-3.1.1.jar:/home/runner/.m2/repository/commons-net/commons-net/3.9.0/commons-net-3.9.0.jar:/home/runner/.m2/repository/com/sun/jersey/jersey-servlet/1.19/jersey-servlet-1.19.jar:/home/runner/.m2/repository/com/github/pjfanning/jersey-json/1.20/jersey-json-1.20.jar:/home/runner/.m2/repository/org/codehaus/jettison/jettison/1.1/jettison-1.1.jar:/home/runner/.m2/repository/com/sun/xml/bind/jaxb-impl/2.2.3-1/jaxb-impl-2.2.3-1.jar:/home/runner/.m2/repository/com/google/re2j/re2j/1.1/re2j-1.1.jar:/home/runner/.m2/repository/com/jcraft/jsch/0.1.54/jsch-0.1.54.jar:/home/runner/.m2/repository/org/apache/curator/curator-client/4.2.0/curator-client-4.2.0.jar:/home/runner/.m2/repository/org/apache/curator/curator-recipes/5.2.0/curator-recipes-5.2.0.jar:/home/runner/.m2/repository/org/apache/kerby/kerb-core/1.0.1/kerb-core-1.0.1.jar:/home/runner/.m2/repository/org/apache/kerby/kerby-pkix/1.0.1/kerby-pkix-1.0.1.jar:/home/runner/.m2/repository/org/apache/kerby/kerby-asn1/1.0.1/kerby-asn1-1.0.1.jar:/home/runner/.m2/repository/org/apache/kerby/kerby-util/1.0.1/kerby-util-1.0.1.jar:/home/runner/.m2/repository/dnsjava/dnsjava/2.1.7/dnsjava-2.1.7.jar:/home/runner/.m2/repository/org/xerial/snappy/snappy-java/1.1.8.2/snappy-java-1.1.8.2.jar:/home/runner/.m2/repository/com/fasterxml/jackson/core/jackson-databind/2.13.4.2/jackson-databind-2.13.4.2.jar:/home/runner/.m2/repository/org/apache/hadoop/hadoop-kms/3.3.6/hadoop-kms-3.3.6-tests.jar:/home/runner/.m2/repository/org/apache/ozone/hdds-server-scm/1.4.0-SNAPSHOT/hdds-server-scm-1.4.0-SNAPSHOT-tests.jar:/home/runner/.m2/repository/org/apache/ozone/hdds-container-service/1.4.0-SNAPSHOT/hdds-container-service-1.4.0-SNAPSHOT-tests.jar:/home/runner/.m2/repository/com/github/luben/zstd-jni/1.5.2-5/zstd-jni-1.5.2-5.jar:/home/runner/.m2/repository/commons-codec/commons-codec/1.15/commons-codec-1.15.jar:/home/runner/.m2/repository/io/netty/netty-codec/4.1.94.Final/netty-codec-4.1.94.Final.jar:/home/runner/.m2/repository/io/netty/netty-handler/4.1.94.Final/netty-handler-4.1.94.Final.jar:/home/runner/.m2/repository/org/apache/ozone/hdds-hadoop-dependency-test/1.4.0-SNAPSHOT/hdds-hadoop-dependency-test-1.4.0-SNAPSHOT.jar:/home/runner/.m2/repository/org/apache/hadoop/hadoop-common/3.3.6/hadoop-common-3.3.6-tests.jar:/home/runner/.m2/repository/org/apache/hadoop/hadoop-hdfs/3.3.6/hadoop-hdfs-3.3.6-tests.jar:/home/runner/.m2/repository/org/assertj/assertj-core/3.12.2/assertj-core-3.12.2.jar:/home/runner/.m2/repository/org/apache/hadoop/hadoop-distcp/3.3.6/hadoop-distcp-3.3.6.jar:/home/runner/.m2/repository/org/apache/hadoop/hadoop-mapreduce-client-jobclient/3.3.6/hadoop-mapreduce-client-jobclient-3.3.6.jar:/home/runner/.m2/repository/org/apache/hadoop/hadoop-mapreduce-client-common/3.3.6/hadoop-mapreduce-client-common-3.3.6.jar:/home/runner/.m2/repository/org/apache/hadoop/hadoop-yarn-common/3.3.6/hadoop-yarn-common-3.3.6.jar:/home/runner/.m2/repository/org/apache/hadoop/hadoop-yarn-api/3.3.6/hadoop-yarn-api-3.3.6.jar:/home/runner/.m2/repository/com/sun/jersey/contribs/jersey-guice/1.19/jersey-guice-1.19.jar:/home/runner/.m2/repository/com/fasterxml/jackson/jaxrs/jackson-jaxrs-json-provider/2.13.4/jackson-jaxrs-json-provider-2.13.4.jar:/home/runner/.m2/repository/com/fasterxml/jackson/jaxrs/jackson-jaxrs-base/2.13.4/jackson-jaxrs-base-2.13.4.jar:/home/runner/.m2/repository/org/apache/hadoop/hadoop-yarn-client/3.3.6/hadoop-yarn-client-3.3.6.jar:/home/runner/.m2/repository/org/eclipse/jetty/websocket/websocket-client/9.4.51.v20230217/websocket-client-9.4.51.v20230217.jar:/home/runner/.m2/repository/org/eclipse/jetty/websocket/websocket-common/9.4.51.v20230217/websocket-common-9.4.51.v20230217.jar:/home/runner/.m2/repository/org/eclipse/jetty/websocket/websocket-api/9.4.51.v20230217/websocket-api-9.4.51.v20230217.jar:/home/runner/.m2/repository/org/jline/jline/3.9.0/jline-3.9.0.jar:/home/runner/.m2/repository/org/apache/hadoop/hadoop-mapreduce-client-core/3.3.6/hadoop-mapreduce-client-core-3.3.6.jar:/home/runner/.m2/repository/org/apache/avro/avro/1.7.7/avro-1.7.7.jar:/home/runner/.m2/repository/com/thoughtworks/paranamer/paranamer/2.3/paranamer-2.3.jar:/home/runner/.m2/repository/org/apache/hadoop/hadoop-annotations/3.3.6/hadoop-annotations-3.3.6.jar:/usr/lib/jvm/temurin-8-jdk-amd64/jre/../lib/tools.jar:/home/runner/.m2/repository/io/netty/netty/3.10.6.Final/netty-3.10.6.Final.jar:/home/runner/.m2/repository/org/apache/hadoop/hadoop-distcp/3.3.6/hadoop-distcp-3.3.6-tests.jar:/home/runner/.m2/repository/org/slf4j/jul-to-slf4j/1.7.36/jul-to-slf4j-1.7.36.jar:"/>
    <property name="java.vm.vendor" value="Temurin"/>
    <property name="sun.arch.data.model" value="64"/>
    <property name="jceks.key.serialFilter" value="java.lang.Enum;java.security.KeyRep;java.security.KeyRep$Type;javax.crypto.spec.SecretKeySpec;org.apache.hadoop.crypto.key.JavaKeyStoreProvider$KeyMetadata;!*"/>
    <property name="test.build.dir" value="/home/runner/work/ozone/ozone/hadoop-ozone/integration-test/target/test-dir"/>
    <property name="test.cache.data" value=""/>
    <property name="java.vendor.url" value="https://adoptium.net/"/>
    <property name="user.timezone" value="Etc/UTC"/>
    <property name="os.name" value="Linux"/>
    <property name="java.vm.specification.version" value="1.8"/>
    <property name="test.build.data" value="/home/runner/work/ozone/ozone/hadoop-ozone/integration-test/target/test-dir"/>
    <property name="sun.java.launcher" value="SUN_STANDARD"/>
    <property name="sun.boot.library.path" value="/usr/lib/jvm/temurin-8-jdk-amd64/jre/lib/amd64"/>
    <property name="sun.java.command" value="/home/runner/work/ozone/ozone/hadoop-ozone/integration-test/target/surefire/surefirebooter5477070021728139559.jar /home/runner/work/ozone/ozone/hadoop-ozone/integration-test/target/surefire 2023-09-15T04-39-10_960-jvmRun1 surefire116324173556183942tmp surefire_216786549544287878191tmp"/>
    <property name="native.lib.tmp.dir" value="/tmp"/>
    <property name="surefire.test.class.path" value="/home/runner/work/ozone/ozone/hadoop-ozone/integration-test/target/test-classes:/home/runner/work/ozone/ozone/hadoop-ozone/integration-test/target/classes:/home/runner/.m2/repository/org/apache/ozone/ozone-common/1.4.0-SNAPSHOT/ozone-common-1.4.0-SNAPSHOT.jar:/home/runner/.m2/repository/io/grpc/grpc-netty/1.51.1/grpc-netty-1.51.1.jar:/home/runner/.m2/repository/io/grpc/grpc-core/1.51.1/grpc-core-1.51.1.jar:/home/runner/.m2/repository/com/google/android/annotations/4.1.1.4/annotations-4.1.1.4.jar:/home/runner/.m2/repository/org/codehaus/mojo/animal-sniffer-annotations/1.21/animal-sniffer-annotations-1.21.jar:/home/runner/.m2/repository/com/google/errorprone/error_prone_annotations/2.2.0/error_prone_annotations-2.2.0.jar:/home/runner/.m2/repository/io/perfmark/perfmark-api/0.25.0/perfmark-api-0.25.0.jar:/home/runner/.m2/repository/io/netty/netty-codec-http2/4.1.94.Final/netty-codec-http2-4.1.94.Final.jar:/home/runner/.m2/repository/io/netty/netty-common/4.1.94.Final/netty-common-4.1.94.Final.jar:/home/runner/.m2/repository/io/netty/netty-buffer/4.1.94.Final/netty-buffer-4.1.94.Final.jar:/home/runner/.m2/repository/io/netty/netty-codec-http/4.1.94.Final/netty-codec-http-4.1.94.Final.jar:/home/runner/.m2/repository/io/netty/netty-handler-proxy/4.1.94.Final/netty-handler-proxy-4.1.94.Final.jar:/home/runner/.m2/repository/io/netty/netty-codec-socks/4.1.94.Final/netty-codec-socks-4.1.94.Final.jar:/home/runner/.m2/repository/io/netty/netty-tcnative-boringssl-static/2.0.61.Final/netty-tcnative-boringssl-static-2.0.61.Final.jar:/home/runner/.m2/repository/io/netty/netty-tcnative-classes/2.0.61.Final/netty-tcnative-classes-2.0.61.Final.jar:/home/runner/.m2/repository/io/netty/netty-tcnative-boringssl-static/2.0.61.Final/netty-tcnative-boringssl-static-2.0.61.Final-linux-x86_64.jar:/home/runner/.m2/repository/io/netty/netty-tcnative-boringssl-static/2.0.61.Final/netty-tcnative-boringssl-static-2.0.61.Final-linux-aarch_64.jar:/home/runner/.m2/repository/io/netty/netty-tcnative-boringssl-static/2.0.61.Final/netty-tcnative-boringssl-static-2.0.61.Final-osx-x86_64.jar:/home/runner/.m2/repository/io/netty/netty-tcnative-boringssl-static/2.0.61.Final/netty-tcnative-boringssl-static-2.0.61.Final-osx-aarch_64.jar:/home/runner/.m2/repository/io/netty/netty-tcnative-boringssl-static/2.0.61.Final/netty-tcnative-boringssl-static-2.0.61.Final-windows-x86_64.jar:/home/runner/.m2/repository/org/apache/commons/commons-compress/1.21/commons-compress-1.21.jar:/home/runner/.m2/repository/org/apache/ozone/hdds-common/1.4.0-SNAPSHOT/hdds-common-1.4.0-SNAPSHOT.jar:/home/runner/.m2/repository/org/apache/ozone/hdds-client/1.4.0-SNAPSHOT/hdds-client-1.4.0-SNAPSHOT.jar:/home/runner/.m2/repository/org/apache/ozone/ozone-interface-client/1.4.0-SNAPSHOT/ozone-interface-client-1.4.0-SNAPSHOT.jar:/home/runner/.m2/repository/org/apache/hadoop/hadoop-hdfs-client/3.3.6/hadoop-hdfs-client-3.3.6.jar:/home/runner/.m2/repository/com/squareup/okhttp3/okhttp/4.9.3/okhttp-4.9.3.jar:/home/runner/.m2/repository/com/squareup/okio/okio/3.4.0/okio-3.4.0.jar:/home/runner/.m2/repository/com/squareup/okio/okio-jvm/3.4.0/okio-jvm-3.4.0.jar:/home/runner/.m2/repository/org/jetbrains/kotlin/kotlin-stdlib-jdk8/1.8.0/kotlin-stdlib-jdk8-1.8.0.jar:/home/runner/.m2/repository/org/jetbrains/kotlin/kotlin-stdlib-jdk7/1.8.0/kotlin-stdlib-jdk7-1.8.0.jar:/home/runner/.m2/repository/org/jetbrains/kotlin/kotlin-stdlib-common/1.6.21/kotlin-stdlib-common-1.6.21.jar:/home/runner/.m2/repository/org/apache/ozone/hdds-test-utils/1.4.0-SNAPSHOT/hdds-test-utils-1.4.0-SNAPSHOT.jar:/home/runner/.m2/repository/com/google/guava/guava/32.0.0-jre/guava-32.0.0-jre.jar:/home/runner/.m2/repository/com/google/guava/failureaccess/1.0.1/failureaccess-1.0.1.jar:/home/runner/.m2/repository/com/google/guava/listenablefuture/9999.0-empty-to-avoid-conflict-with-guava/listenablefuture-9999.0-empty-to-avoid-conflict-with-guava.jar:/home/runner/.m2/repository/com/google/code/findbugs/jsr305/3.0.0/jsr305-3.0.0.jar:/home/runner/.m2/repository/org/checkerframework/checker-qual/3.33.0/checker-qual-3.33.0.jar:/home/runner/.m2/repository/com/google/j2objc/j2objc-annotations/2.8/j2objc-annotations-2.8.jar:/home/runner/.m2/repository/commons-io/commons-io/2.11.0/commons-io-2.11.0.jar:/home/runner/.m2/repository/commons-logging/commons-logging/1.2/commons-logging-1.2.jar:/home/runner/.m2/repository/ch/qos/reload4j/reload4j/1.2.22/reload4j-1.2.22.jar:/home/runner/.m2/repository/org/slf4j/slf4j-api/1.7.36/slf4j-api-1.7.36.jar:/home/runner/.m2/repository/org/apache/logging/log4j/log4j-api/2.17.1/log4j-api-2.17.1.jar:/home/runner/.m2/repository/org/apache/ozone/hdds-server-scm/1.4.0-SNAPSHOT/hdds-server-scm-1.4.0-SNAPSHOT.jar:/home/runner/.m2/repository/org/apache/ozone/hdds-container-service/1.4.0-SNAPSHOT/hdds-container-service-1.4.0-SNAPSHOT.jar:/home/runner/.m2/repository/org/apache/ozone/hdds-hadoop-dependency-server/1.4.0-SNAPSHOT/hdds-hadoop-dependency-server-1.4.0-SNAPSHOT.jar:/home/runner/.m2/repository/org/apache/hadoop/hadoop-hdfs/3.3.6/hadoop-hdfs-3.3.6.jar:/home/runner/.m2/repository/commons-daemon/commons-daemon/1.0.13/commons-daemon-1.0.13.jar:/home/runner/.m2/repository/org/apache/ozone/hdds-server-framework/1.4.0-SNAPSHOT/hdds-server-framework-1.4.0-SNAPSHOT.jar:/home/runner/.m2/repository/io/dropwizard/metrics/metrics-core/3.2.4/metrics-core-3.2.4.jar:/home/runner/.m2/repository/org/apache/commons/commons-text/1.10.0/commons-text-1.10.0.jar:/home/runner/.m2/repository/org/bouncycastle/bcprov-jdk15on/1.67/bcprov-jdk15on-1.67.jar:/home/runner/.m2/repository/com/google/protobuf/protobuf-java/2.5.0/protobuf-java-2.5.0.jar:/home/runner/.m2/repository/org/apache/ozone/hdds-server-framework/1.4.0-SNAPSHOT/hdds-server-framework-1.4.0-SNAPSHOT-tests.jar:/home/runner/.m2/repository/org/apache/ozone/hdds-interface-server/1.4.0-SNAPSHOT/hdds-interface-server-1.4.0-SNAPSHOT.jar:/home/runner/.m2/repository/org/apache/ozone/hdds-interface-admin/1.4.0-SNAPSHOT/hdds-interface-admin-1.4.0-SNAPSHOT.jar:/home/runner/.m2/repository/org/apache/ozone/hdds-managed-rocksdb/1.4.0-SNAPSHOT/hdds-managed-rocksdb-1.4.0-SNAPSHOT.jar:/home/runner/.m2/repository/org/rocksdb/rocksdbjni/7.7.3/rocksdbjni-7.7.3.jar:/home/runner/.m2/repository/org/slf4j/slf4j-reload4j/1.7.36/slf4j-reload4j-1.7.36.jar:/home/runner/.m2/repository/org/apache/commons/commons-configuration2/2.1.1/commons-configuration2-2.1.1.jar:/home/runner/.m2/repository/commons-fileupload/commons-fileupload/1.5/commons-fileupload-1.5.jar:/home/runner/.m2/repository/org/apache/logging/log4j/log4j-core/2.17.1/log4j-core-2.17.1.jar:/home/runner/.m2/repository/com/lmax/disruptor/3.4.2/disruptor-3.4.2.jar:/home/runner/.m2/repository/org/eclipse/jetty/jetty-util/9.4.51.v20230217/jetty-util-9.4.51.v20230217.jar:/home/runner/.m2/repository/org/eclipse/jetty/jetty-server/9.4.51.v20230217/jetty-server-9.4.51.v20230217.jar:/home/runner/.m2/repository/org/eclipse/jetty/jetty-http/9.4.51.v20230217/jetty-http-9.4.51.v20230217.jar:/home/runner/.m2/repository/org/eclipse/jetty/jetty-io/9.4.51.v20230217/jetty-io-9.4.51.v20230217.jar:/home/runner/.m2/repository/org/eclipse/jetty/jetty-servlet/9.4.51.v20230217/jetty-servlet-9.4.51.v20230217.jar:/home/runner/.m2/repository/org/eclipse/jetty/jetty-security/9.4.51.v20230217/jetty-security-9.4.51.v20230217.jar:/home/runner/.m2/repository/org/eclipse/jetty/jetty-util-ajax/9.4.51.v20230217/jetty-util-ajax-9.4.51.v20230217.jar:/home/runner/.m2/repository/org/eclipse/jetty/jetty-webapp/9.4.51.v20230217/jetty-webapp-9.4.51.v20230217.jar:/home/runner/.m2/repository/org/eclipse/jetty/jetty-xml/9.4.51.v20230217/jetty-xml-9.4.51.v20230217.jar:/home/runner/.m2/repository/org/apache/ratis/ratis-server/2.5.1/ratis-server-2.5.1.jar:/home/runner/.m2/repository/org/apache/ratis/ratis-thirdparty-misc/1.0.4/ratis-thirdparty-misc-1.0.4.jar:/home/runner/.m2/repository/org/apache/ratis/ratis-proto/2.5.1/ratis-proto-2.5.1.jar:/home/runner/.m2/repository/org/apache/ratis/ratis-common/2.5.1/ratis-common-2.5.1.jar:/home/runner/.m2/repository/org/apache/ratis/ratis-client/2.5.1/ratis-client-2.5.1.jar:/home/runner/.m2/repository/org/apache/ratis/ratis-server-api/2.5.1/ratis-server-api-2.5.1.jar:/home/runner/.m2/repository/org/apache/ratis/ratis-metrics/2.5.1/ratis-metrics-2.5.1.jar:/home/runner/.m2/repository/io/prometheus/simpleclient_dropwizard/0.7.0/simpleclient_dropwizard-0.7.0.jar:/home/runner/.m2/repository/io/prometheus/simpleclient/0.7.0/simpleclient-0.7.0.jar:/home/runner/.m2/repository/io/prometheus/simpleclient_common/0.7.0/simpleclient_common-0.7.0.jar:/home/runner/.m2/repository/com/fasterxml/jackson/datatype/jackson-datatype-jsr310/2.13.4/jackson-datatype-jsr310-2.13.4.jar:/home/runner/.m2/repository/com/fasterxml/jackson/core/jackson-core/2.13.4/jackson-core-2.13.4.jar:/home/runner/.m2/repository/com/github/spotbugs/spotbugs-annotations/3.1.12/spotbugs-annotations-3.1.12.jar:/home/runner/.m2/repository/org/apache/ozone/rocksdb-checkpoint-differ/1.4.0-SNAPSHOT/rocksdb-checkpoint-differ-1.4.0-SNAPSHOT.jar:/home/runner/.m2/repository/org/jgrapht/jgrapht-core/1.0.1/jgrapht-core-1.0.1.jar:/home/runner/.m2/repository/org/jgrapht/jgrapht-ext/1.0.1/jgrapht-ext-1.0.1.jar:/home/runner/.m2/repository/org/tinyjee/jgraphx/jgraphx/2.0.0.1/jgraphx-2.0.0.1.jar:/home/runner/.m2/repository/jgraph/jgraph/5.13.0.0/jgraph-5.13.0.0.jar:/home/runner/.m2/repository/org/antlr/antlr4-runtime/4.5.3/antlr4-runtime-4.5.3.jar:/home/runner/.m2/repository/org/awaitility/awaitility/4.2.0/awaitility-4.2.0.jar:/home/runner/.m2/repository/org/hamcrest/hamcrest/2.1/hamcrest-2.1.jar:/home/runner/.m2/repository/org/apache/ozone/ozone-manager/1.4.0-SNAPSHOT/ozone-manager-1.4.0-SNAPSHOT.jar:/home/runner/.m2/repository/org/aspectj/aspectjrt/1.9.7/aspectjrt-1.9.7.jar:/home/runner/.m2/repository/org/aspectj/aspectjweaver/1.9.7/aspectjweaver-1.9.7.jar:/home/runner/.m2/repository/org/apache/ozone/hdds-interface-client/1.4.0-SNAPSHOT/hdds-interface-client-1.4.0-SNAPSHOT.jar:/home/runner/.m2/repository/org/apache/hadoop/thirdparty/hadoop-shaded-protobuf_3_7/1.1.1/hadoop-shaded-protobuf_3_7-1.1.1.jar:/home/runner/.m2/repository/org/apache/ozone/ozone-interface-storage/1.4.0-SNAPSHOT/ozone-interface-storage-1.4.0-SNAPSHOT.jar:/home/runner/.m2/repository/org/reflections/reflections/0.9.11/reflections-0.9.11.jar:/home/runner/.m2/repository/com/sun/jersey/jersey-client/1.19/jersey-client-1.19.jar:/home/runner/.m2/repository/org/codehaus/jackson/jackson-core-asl/1.9.13/jackson-core-asl-1.9.13.jar:/home/runner/.m2/repository/org/codehaus/jackson/jackson-mapper-asl/1.9.13/jackson-mapper-asl-1.9.13.jar:/home/runner/.m2/repository/org/codehaus/jackson/jackson-jaxrs/1.9.13/jackson-jaxrs-1.9.13.jar:/home/runner/.m2/repository/org/apache/ranger/ranger-intg/2.3.0/ranger-intg-2.3.0.jar:/home/runner/.m2/repository/org/apache/ranger/ranger-plugins-common/2.3.0/ranger-plugins-common-2.3.0.jar:/home/runner/.m2/repository/commons-lang/commons-lang/2.6/commons-lang-2.6.jar:/home/runner/.m2/repository/org/apache/ranger/ranger-plugins-cred/2.3.0/ranger-plugins-cred-2.3.0.jar:/home/runner/.m2/repository/org/apache/ranger/ranger-plugins-audit/2.3.0/ranger-plugins-audit-2.3.0.jar:/home/runner/.m2/repository/org/eclipse/jetty/jetty-client/9.4.51.v20230217/jetty-client-9.4.51.v20230217.jar:/home/runner/.m2/repository/org/apache/httpcomponents/httpmime/4.5.6/httpmime-4.5.6.jar:/home/runner/.m2/repository/org/apache/httpcomponents/httpcore-nio/4.4.13/httpcore-nio-4.4.13.jar:/home/runner/.m2/repository/org/apache/httpcomponents/httpasyncclient/4.1.3/httpasyncclient-4.1.3.jar:/home/runner/.m2/repository/com/carrotsearch/hppc/0.8.0/hppc-0.8.0.jar:/home/runner/.m2/repository/org/apache/orc/orc-core/1.5.8/orc-core-1.5.8.jar:/home/runner/.m2/repository/net/java/dev/jna/jna/5.2.0/jna-5.2.0.jar:/home/runner/.m2/repository/net/java/dev/jna/jna-platform/5.2.0/jna-platform-5.2.0.jar:/home/runner/.m2/repository/com/kstruct/gethostname4j/0.0.2/gethostname4j-0.0.2.jar:/home/runner/.m2/repository/org/apache/ranger/ranger-plugin-classloader/2.3.0/ranger-plugin-classloader-2.3.0.jar:/home/runner/.m2/repository/org/apache/ozone/hdds-rocks-native/1.4.0-SNAPSHOT/hdds-rocks-native-1.4.0-SNAPSHOT.jar:/home/runner/.m2/repository/org/apache/hadoop/hadoop-minikdc/3.3.6/hadoop-minikdc-3.3.6.jar:/home/runner/.m2/repository/org/apache/kerby/kerb-simplekdc/1.0.1/kerb-simplekdc-1.0.1.jar:/home/runner/.m2/repository/org/apache/kerby/kerb-client/1.0.1/kerb-client-1.0.1.jar:/home/runner/.m2/repository/org/apache/kerby/kerby-config/1.0.1/kerby-config-1.0.1.jar:/home/runner/.m2/repository/org/apache/kerby/kerb-common/1.0.1/kerb-common-1.0.1.jar:/home/runner/.m2/repository/org/apache/kerby/kerb-crypto/1.0.1/kerb-crypto-1.0.1.jar:/home/runner/.m2/repository/org/apache/kerby/kerb-util/1.0.1/kerb-util-1.0.1.jar:/home/runner/.m2/repository/org/apache/kerby/token-provider/1.0.1/token-provider-1.0.1.jar:/home/runner/.m2/repository/org/apache/kerby/kerb-admin/1.0.1/kerb-admin-1.0.1.jar:/home/runner/.m2/repository/org/apache/kerby/kerb-server/1.0.1/kerb-server-1.0.1.jar:/home/runner/.m2/repository/org/apache/kerby/kerb-identity/1.0.1/kerb-identity-1.0.1.jar:/home/runner/.m2/repository/org/apache/kerby/kerby-xdr/1.0.1/kerby-xdr-1.0.1.jar:/home/runner/.m2/repository/org/apache/ozone/ozone-s3gateway/1.4.0-SNAPSHOT/ozone-s3gateway-1.4.0-SNAPSHOT.jar:/home/runner/.m2/repository/org/javassist/javassist/3.21.0-GA/javassist-3.21.0-GA.jar:/home/runner/.m2/repository/org/jboss/weld/servlet/weld-servlet-shaded/3.1.9.Final/weld-servlet-shaded-3.1.9.Final.jar:/home/runner/.m2/repository/org/glassfish/jersey/containers/jersey-container-servlet-core/2.34/jersey-container-servlet-core-2.34.jar:/home/runner/.m2/repository/org/glassfish/hk2/external/jakarta.inject/2.6.1/jakarta.inject-2.6.1.jar:/home/runner/.m2/repository/org/glassfish/jersey/core/jersey-common/2.34/jersey-common-2.34.jar:/home/runner/.m2/repository/jakarta/ws/rs/jakarta.ws.rs-api/2.1.6/jakarta.ws.rs-api-2.1.6.jar:/home/runner/.m2/repository/org/glassfish/jersey/ext/cdi/jersey-cdi1x/2.34/jersey-cdi1x-2.34.jar:/home/runner/.m2/repository/org/glassfish/jersey/inject/jersey-hk2/2.34/jersey-hk2-2.34.jar:/home/runner/.m2/repository/org/glassfish/hk2/hk2-locator/2.6.1/hk2-locator-2.6.1.jar:/home/runner/.m2/repository/org/glassfish/jersey/media/jersey-media-jaxb/2.34/jersey-media-jaxb-2.34.jar:/home/runner/.m2/repository/org/glassfish/hk2/osgi-resource-locator/1.0.3/osgi-resource-locator-1.0.3.jar:/home/runner/.m2/repository/org/glassfish/hk2/hk2-api/2.5.0/hk2-api-2.5.0.jar:/home/runner/.m2/repository/org/glassfish/hk2/hk2-utils/2.5.0/hk2-utils-2.5.0.jar:/home/runner/.m2/repository/org/glassfish/hk2/external/aopalliance-repackaged/2.5.0/aopalliance-repackaged-2.5.0.jar:/home/runner/.m2/repository/com/fasterxml/jackson/dataformat/jackson-dataformat-xml/2.13.4/jackson-dataformat-xml-2.13.4.jar:/home/runner/.m2/repository/org/codehaus/woodstox/stax2-api/4.2.1/stax2-api-4.2.1.jar:/home/runner/.m2/repository/com/fasterxml/woodstox/woodstox-core/5.4.0/woodstox-core-5.4.0.jar:/home/runner/.m2/repository/com/fasterxml/jackson/module/jackson-module-jaxb-annotations/2.13.4/jackson-module-jaxb-annotations-2.13.4.jar:/home/runner/.m2/repository/jakarta/xml/bind/jakarta.xml.bind-api/2.3.3/jakarta.xml.bind-api-2.3.3.jar:/home/runner/.m2/repository/jakarta/activation/jakarta.activation-api/1.2.2/jakarta.activation-api-1.2.2.jar:/home/runner/.m2/repository/javax/enterprise/cdi-api/2.0/cdi-api-2.0.jar:/home/runner/.m2/repository/javax/el/javax.el-api/3.0.0/javax.el-api-3.0.0.jar:/home/runner/.m2/repository/javax/interceptor/javax.interceptor-api/1.2/javax.interceptor-api-1.2.jar:/home/runner/.m2/repository/javax/inject/javax.inject/1/javax.inject-1.jar:/home/runner/.m2/repository/javax/xml/bind/jaxb-api/2.3.0/jaxb-api-2.3.0.jar:/home/runner/.m2/repository/org/glassfish/jaxb/jaxb-runtime/2.3.0.1/jaxb-runtime-2.3.0.1.jar:/home/runner/.m2/repository/org/glassfish/jaxb/jaxb-core/2.3.0.1/jaxb-core-2.3.0.1.jar:/home/runner/.m2/repository/org/glassfish/jaxb/txw2/2.3.0.1/txw2-2.3.0.1.jar:/home/runner/.m2/repository/com/sun/istack/istack-commons-runtime/3.0.5/istack-commons-runtime-3.0.5.jar:/home/runner/.m2/repository/org/jvnet/staxex/stax-ex/1.7.8/stax-ex-1.7.8.jar:/home/runner/.m2/repository/com/sun/xml/fastinfoset/FastInfoset/1.2.13/FastInfoset-1.2.13.jar:/home/runner/.m2/repository/javax/activation/activation/1.1.1/activation-1.1.1.jar:/home/runner/.m2/repository/io/grpc/grpc-protobuf/1.51.1/grpc-protobuf-1.51.1.jar:/home/runner/.m2/repository/com/google/api/grpc/proto-google-common-protos/2.9.0/proto-google-common-protos-2.9.0.jar:/home/runner/.m2/repository/io/grpc/grpc-protobuf-lite/1.51.1/grpc-protobuf-lite-1.51.1.jar:/home/runner/.m2/repository/io/grpc/grpc-stub/1.51.1/grpc-stub-1.51.1.jar:/home/runner/.m2/repository/io/netty/netty-transport/4.1.94.Final/netty-transport-4.1.94.Final.jar:/home/runner/.m2/repository/io/netty/netty-resolver/4.1.94.Final/netty-resolver-4.1.94.Final.jar:/home/runner/.m2/repository/org/apache/ozone/ozone-csi/1.4.0-SNAPSHOT/ozone-csi-1.4.0-SNAPSHOT.jar:/home/runner/.m2/repository/com/google/protobuf/protobuf-java-util/3.19.6/protobuf-java-util-3.19.6.jar:/home/runner/.m2/repository/com/google/code/gson/gson/2.9.0/gson-2.9.0.jar:/home/runner/.m2/repository/org/apache/ozone/hdds-config/1.4.0-SNAPSHOT/hdds-config-1.4.0-SNAPSHOT.jar:/home/runner/.m2/repository/io/netty/netty-transport-native-epoll/4.1.94.Final/netty-transport-native-epoll-4.1.94.Final-linux-x86_64.jar:/home/runner/.m2/repository/io/netty/netty-transport-classes-epoll/4.1.94.Final/netty-transport-classes-epoll-4.1.94.Final.jar:/home/runner/.m2/repository/io/netty/netty-transport-native-unix-common/4.1.94.Final/netty-transport-native-unix-common-4.1.94.Final.jar:/home/runner/.m2/repository/org/apache/ozone/ozone-recon/1.4.0-SNAPSHOT/ozone-recon-1.4.0-SNAPSHOT.jar:/home/runner/.m2/repository/org/apache/ozone/ozone-reconcodegen/1.4.0-SNAPSHOT/ozone-reconcodegen-1.4.0-SNAPSHOT.jar:/home/runner/.m2/repository/com/google/inject/guice/5.1.0/guice-5.1.0.jar:/home/runner/.m2/repository/aopalliance/aopalliance/1.0/aopalliance-1.0.jar:/home/runner/.m2/repository/com/google/inject/extensions/guice-assistedinject/5.1.0/guice-assistedinject-5.1.0.jar:/home/runner/.m2/repository/com/google/inject/extensions/guice-servlet/5.1.0/guice-servlet-5.1.0.jar:/home/runner/.m2/repository/org/glassfish/jersey/containers/jersey-container-servlet/2.34/jersey-container-servlet-2.34.jar:/home/runner/.m2/repository/org/glassfish/hk2/guice-bridge/2.5.0/guice-bridge-2.5.0.jar:/home/runner/.m2/repository/org/glassfish/jersey/core/jersey-server/2.34/jersey-server-2.34.jar:/home/runner/.m2/repository/org/glassfish/jersey/core/jersey-client/2.34/jersey-client-2.34.jar:/home/runner/.m2/repository/jakarta/annotation/jakarta.annotation-api/1.3.5/jakarta.annotation-api-1.3.5.jar:/home/runner/.m2/repository/jakarta/validation/jakarta.validation-api/2.0.2/jakarta.validation-api-2.0.2.jar:/home/runner/.m2/repository/org/glassfish/jersey/media/jersey-media-json-jackson/2.34/jersey-media-json-jackson-2.34.jar:/home/runner/.m2/repository/org/glassfish/jersey/ext/jersey-entity-filtering/2.34/jersey-entity-filtering-2.34.jar:/home/runner/.m2/repository/org/jooq/jooq/3.11.10/jooq-3.11.10.jar:/home/runner/.m2/repository/org/jooq/jooq-meta/3.11.10/jooq-meta-3.11.10.jar:/home/runner/.m2/repository/org/jooq/jooq-codegen/3.11.10/jooq-codegen-3.11.10.jar:/home/runner/.m2/repository/com/jolbox/bonecp/0.8.0.RELEASE/bonecp-0.8.0.RELEASE.jar:/home/runner/.m2/repository/org/apache/derby/derby/10.14.2.0/derby-10.14.2.0.jar:/home/runner/.m2/repository/org/xerial/sqlite-jdbc/3.41.2.2/sqlite-jdbc-3.41.2.2.jar:/home/runner/.m2/repository/org/springframework/spring-jdbc/5.3.27/spring-jdbc-5.3.27.jar:/home/runner/.m2/repository/org/springframework/spring-beans/5.3.27/spring-beans-5.3.27.jar:/home/runner/.m2/repository/org/springframework/spring-core/5.3.27/spring-core-5.3.27.jar:/home/runner/.m2/repository/org/springframework/spring-tx/5.3.27/spring-tx-5.3.27.jar:/home/runner/.m2/repository/org/apache/ozone/ozone-client/1.4.0-SNAPSHOT/ozone-client-1.4.0-SNAPSHOT.jar:/home/runner/.m2/repository/org/apache/ozone/hdds-erasurecode/1.4.0-SNAPSHOT/hdds-erasurecode-1.4.0-SNAPSHOT.jar:/home/runner/.m2/repository/org/apache/ozone/ozone-filesystem/1.4.0-SNAPSHOT/ozone-filesystem-1.4.0-SNAPSHOT.jar:/home/runner/.m2/repository/org/apache/ozone/ozone-filesystem-common/1.4.0-SNAPSHOT/ozone-filesystem-common-1.4.0-SNAPSHOT.jar:/home/runner/.m2/repository/org/apache/ozone/ozone-tools/1.4.0-SNAPSHOT/ozone-tools-1.4.0-SNAPSHOT.jar:/home/runner/.m2/repository/com/amazonaws/aws-java-sdk-core/1.12.261/aws-java-sdk-core-1.12.261.jar:/home/runner/.m2/repository/org/apache/httpcomponents/httpclient/4.5.13/httpclient-4.5.13.jar:/home/runner/.m2/repository/org/apache/httpcomponents/httpcore/4.4.13/httpcore-4.4.13.jar:/home/runner/.m2/repository/software/amazon/ion/ion-java/1.0.2/ion-java-1.0.2.jar:/home/runner/.m2/repository/com/fasterxml/jackson/dataformat/jackson-dataformat-cbor/2.13.4/jackson-dataformat-cbor-2.13.4.jar:/home/runner/.m2/repository/joda-time/joda-time/2.10.6/joda-time-2.10.6.jar:/home/runner/.m2/repository/com/amazonaws/aws-java-sdk-s3/1.12.261/aws-java-sdk-s3-1.12.261.jar:/home/runner/.m2/repository/com/amazonaws/aws-java-sdk-kms/1.12.261/aws-java-sdk-kms-1.12.261.jar:/home/runner/.m2/repository/com/amazonaws/jmespath-java/1.12.261/jmespath-java-1.12.261.jar:/home/runner/.m2/repository/org/kohsuke/metainf-services/metainf-services/1.8/metainf-services-1.8.jar:/home/runner/.m2/repository/org/apache/ozone/hdds-tools/1.4.0-SNAPSHOT/hdds-tools-1.4.0-SNAPSHOT.jar:/home/runner/.m2/repository/org/apache/ratis/ratis-tools/2.5.1/ratis-tools-2.5.1.jar:/home/runner/.m2/repository/commons-cli/commons-cli/1.2/commons-cli-1.2.jar:/home/runner/.m2/repository/org/apache/commons/commons-lang3/3.7/commons-lang3-3.7.jar:/home/runner/.m2/repository/org/apache/ozone/ozone-manager/1.4.0-SNAPSHOT/ozone-manager-1.4.0-SNAPSHOT-tests.jar:/home/runner/.m2/repository/org/apache/ozone/hdds-common/1.4.0-SNAPSHOT/hdds-common-1.4.0-SNAPSHOT-tests.jar:/home/runner/.m2/repository/org/apache/ozone/hdds-hadoop-dependency-client/1.4.0-SNAPSHOT/hdds-hadoop-dependency-client-1.4.0-SNAPSHOT.jar:/home/runner/.m2/repository/info/picocli/picocli/4.6.1/picocli-4.6.1.jar:/home/runner/.m2/repository/com/fasterxml/jackson/core/jackson-annotations/2.13.4/jackson-annotations-2.13.4.jar:/home/runner/.m2/repository/org/apache/ozone/hdds-annotation-processing/1.4.0-SNAPSHOT/hdds-annotation-processing-1.4.0-SNAPSHOT.jar:/home/runner/.m2/repository/javax/annotation/javax.annotation-api/1.2/javax.annotation-api-1.2.jar:/home/runner/.m2/repository/org/apache/ratis/ratis-netty/2.5.1/ratis-netty-2.5.1.jar:/home/runner/.m2/repository/org/apache/ratis/ratis-grpc/2.5.1/ratis-grpc-2.5.1.jar:/home/runner/.m2/repository/org/apache/commons/commons-pool2/2.6.0/commons-pool2-2.6.0.jar:/home/runner/.m2/repository/org/bouncycastle/bcpkix-jdk15on/1.67/bcpkix-jdk15on-1.67.jar:/home/runner/.m2/repository/commons-validator/commons-validator/1.6/commons-validator-1.6.jar:/home/runner/.m2/repository/commons-beanutils/commons-beanutils/1.9.4/commons-beanutils-1.9.4.jar:/home/runner/.m2/repository/commons-digester/commons-digester/1.8.1/commons-digester-1.8.1.jar:/home/runner/.m2/repository/commons-collections/commons-collections/3.2.2/commons-collections-3.2.2.jar:/home/runner/.m2/repository/io/jaegertracing/jaeger-client/1.6.0/jaeger-client-1.6.0.jar:/home/runner/.m2/repository/io/jaegertracing/jaeger-thrift/1.6.0/jaeger-thrift-1.6.0.jar:/home/runner/.m2/repository/org/apache/thrift/libthrift/0.14.1/libthrift-0.14.1.jar:/home/runner/.m2/repository/io/jaegertracing/jaeger-core/1.6.0/jaeger-core-1.6.0.jar:/home/runner/.m2/repository/io/jaegertracing/jaeger-tracerresolver/1.6.0/jaeger-tracerresolver-1.6.0.jar:/home/runner/.m2/repository/io/opentracing/contrib/opentracing-tracerresolver/0.1.8/opentracing-tracerresolver-0.1.8.jar:/home/runner/.m2/repository/org/jetbrains/kotlin/kotlin-stdlib/1.6.21/kotlin-stdlib-1.6.21.jar:/home/runner/.m2/repository/org/jetbrains/annotations/13.0/annotations-13.0.jar:/home/runner/.m2/repository/io/opentracing/opentracing-util/0.33.0/opentracing-util-0.33.0.jar:/home/runner/.m2/repository/io/opentracing/opentracing-api/0.33.0/opentracing-api-0.33.0.jar:/home/runner/.m2/repository/io/opentracing/opentracing-noop/0.33.0/opentracing-noop-0.33.0.jar:/home/runner/.m2/repository/org/yaml/snakeyaml/2.0/snakeyaml-2.0.jar:/home/runner/.m2/repository/io/grpc/grpc-api/1.51.1/grpc-api-1.51.1.jar:/home/runner/.m2/repository/io/grpc/grpc-context/1.51.1/grpc-context-1.51.1.jar:/home/runner/.m2/repository/junit/junit/4.13.1/junit-4.13.1.jar:/home/runner/.m2/repository/org/hamcrest/hamcrest-core/1.3/hamcrest-core-1.3.jar:/home/runner/.m2/repository/org/junit/jupiter/junit-jupiter-api/5.8.2/junit-jupiter-api-5.8.2.jar:/home/runner/.m2/repository/org/opentest4j/opentest4j/1.2.0/opentest4j-1.2.0.jar:/home/runner/.m2/repository/org/junit/platform/junit-platform-commons/1.8.2/junit-platform-commons-1.8.2.jar:/home/runner/.m2/repository/org/apiguardian/apiguardian-api/1.1.2/apiguardian-api-1.1.2.jar:/home/runner/.m2/repository/org/junit/jupiter/junit-jupiter-params/5.8.2/junit-jupiter-params-5.8.2.jar:/home/runner/.m2/repository/org/junit/jupiter/junit-jupiter-migrationsupport/5.8.2/junit-jupiter-migrationsupport-5.8.2.jar:/home/runner/.m2/repository/org/junit/jupiter/junit-jupiter-engine/5.8.2/junit-jupiter-engine-5.8.2.jar:/home/runner/.m2/repository/org/junit/platform/junit-platform-engine/1.8.2/junit-platform-engine-1.8.2.jar:/home/runner/.m2/repository/org/junit/vintage/junit-vintage-engine/5.8.2/junit-vintage-engine-5.8.2.jar:/home/runner/.m2/repository/org/junit/platform/junit-platform-launcher/1.8.2/junit-platform-launcher-1.8.2.jar:/home/runner/.m2/repository/org/mockito/mockito-core/3.5.9/mockito-core-3.5.9.jar:/home/runner/.m2/repository/net/bytebuddy/byte-buddy/1.10.13/byte-buddy-1.10.13.jar:/home/runner/.m2/repository/net/bytebuddy/byte-buddy-agent/1.10.13/byte-buddy-agent-1.10.13.jar:/home/runner/.m2/repository/org/objenesis/objenesis/1.0/objenesis-1.0.jar:/home/runner/.m2/repository/org/apache/hadoop/hadoop-kms/3.3.6/hadoop-kms-3.3.6.jar:/home/runner/.m2/repository/org/apache/hadoop/hadoop-auth/3.3.6/hadoop-auth-3.3.6.jar:/home/runner/.m2/repository/com/nimbusds/nimbus-jose-jwt/9.8.1/nimbus-jose-jwt-9.8.1.jar:/home/runner/.m2/repository/com/github/stephenc/jcip/jcip-annotations/1.0-1/jcip-annotations-1.0-1.jar:/home/runner/.m2/repository/org/apache/zookeeper/zookeeper/3.5.6/zookeeper-3.5.6.jar:/home/runner/.m2/repository/org/apache/zookeeper/zookeeper-jute/3.5.6/zookeeper-jute-3.5.6.jar:/home/runner/.m2/repository/org/apache/yetus/audience-annotations/0.5.0/audience-annotations-0.5.0.jar:/home/runner/.m2/repository/org/apache/curator/curator-framework/4.2.0/curator-framework-4.2.0.jar:/home/runner/.m2/repository/org/apache/hadoop/thirdparty/hadoop-shaded-guava/1.1.1/hadoop-shaded-guava-1.1.1.jar:/home/runner/.m2/repository/com/sun/jersey/jersey-core/1.19/jersey-core-1.19.jar:/home/runner/.m2/repository/javax/ws/rs/jsr311-api/1.1.1/jsr311-api-1.1.1.jar:/home/runner/.m2/repository/com/sun/jersey/jersey-server/1.19/jersey-server-1.19.jar:/home/runner/.m2/repository/javax/servlet/javax.servlet-api/3.1.0/javax.servlet-api-3.1.0.jar:/home/runner/.m2/repository/org/apache/hadoop/hadoop-common/3.3.6/hadoop-common-3.3.6.jar:/home/runner/.m2/repository/org/apache/commons/commons-math3/3.1.1/commons-math3-3.1.1.jar:/home/runner/.m2/repository/commons-net/commons-net/3.9.0/commons-net-3.9.0.jar:/home/runner/.m2/repository/com/sun/jersey/jersey-servlet/1.19/jersey-servlet-1.19.jar:/home/runner/.m2/repository/com/github/pjfanning/jersey-json/1.20/jersey-json-1.20.jar:/home/runner/.m2/repository/org/codehaus/jettison/jettison/1.1/jettison-1.1.jar:/home/runner/.m2/repository/com/sun/xml/bind/jaxb-impl/2.2.3-1/jaxb-impl-2.2.3-1.jar:/home/runner/.m2/repository/com/google/re2j/re2j/1.1/re2j-1.1.jar:/home/runner/.m2/repository/com/jcraft/jsch/0.1.54/jsch-0.1.54.jar:/home/runner/.m2/repository/org/apache/curator/curator-client/4.2.0/curator-client-4.2.0.jar:/home/runner/.m2/repository/org/apache/curator/curator-recipes/5.2.0/curator-recipes-5.2.0.jar:/home/runner/.m2/repository/org/apache/kerby/kerb-core/1.0.1/kerb-core-1.0.1.jar:/home/runner/.m2/repository/org/apache/kerby/kerby-pkix/1.0.1/kerby-pkix-1.0.1.jar:/home/runner/.m2/repository/org/apache/kerby/kerby-asn1/1.0.1/kerby-asn1-1.0.1.jar:/home/runner/.m2/repository/org/apache/kerby/kerby-util/1.0.1/kerby-util-1.0.1.jar:/home/runner/.m2/repository/dnsjava/dnsjava/2.1.7/dnsjava-2.1.7.jar:/home/runner/.m2/repository/org/xerial/snappy/snappy-java/1.1.8.2/snappy-java-1.1.8.2.jar:/home/runner/.m2/repository/com/fasterxml/jackson/core/jackson-databind/2.13.4.2/jackson-databind-2.13.4.2.jar:/home/runner/.m2/repository/org/apache/hadoop/hadoop-kms/3.3.6/hadoop-kms-3.3.6-tests.jar:/home/runner/.m2/repository/org/apache/ozone/hdds-server-scm/1.4.0-SNAPSHOT/hdds-server-scm-1.4.0-SNAPSHOT-tests.jar:/home/runner/.m2/repository/org/apache/ozone/hdds-container-service/1.4.0-SNAPSHOT/hdds-container-service-1.4.0-SNAPSHOT-tests.jar:/home/runner/.m2/repository/com/github/luben/zstd-jni/1.5.2-5/zstd-jni-1.5.2-5.jar:/home/runner/.m2/repository/commons-codec/commons-codec/1.15/commons-codec-1.15.jar:/home/runner/.m2/repository/io/netty/netty-codec/4.1.94.Final/netty-codec-4.1.94.Final.jar:/home/runner/.m2/repository/io/netty/netty-handler/4.1.94.Final/netty-handler-4.1.94.Final.jar:/home/runner/.m2/repository/org/apache/ozone/hdds-hadoop-dependency-test/1.4.0-SNAPSHOT/hdds-hadoop-dependency-test-1.4.0-SNAPSHOT.jar:/home/runner/.m2/repository/org/apache/hadoop/hadoop-common/3.3.6/hadoop-common-3.3.6-tests.jar:/home/runner/.m2/repository/org/apache/hadoop/hadoop-hdfs/3.3.6/hadoop-hdfs-3.3.6-tests.jar:/home/runner/.m2/repository/org/assertj/assertj-core/3.12.2/assertj-core-3.12.2.jar:/home/runner/.m2/repository/org/apache/hadoop/hadoop-distcp/3.3.6/hadoop-distcp-3.3.6.jar:/home/runner/.m2/repository/org/apache/hadoop/hadoop-mapreduce-client-jobclient/3.3.6/hadoop-mapreduce-client-jobclient-3.3.6.jar:/home/runner/.m2/repository/org/apache/hadoop/hadoop-mapreduce-client-common/3.3.6/hadoop-mapreduce-client-common-3.3.6.jar:/home/runner/.m2/repository/org/apache/hadoop/hadoop-yarn-common/3.3.6/hadoop-yarn-common-3.3.6.jar:/home/runner/.m2/repository/org/apache/hadoop/hadoop-yarn-api/3.3.6/hadoop-yarn-api-3.3.6.jar:/home/runner/.m2/repository/com/sun/jersey/contribs/jersey-guice/1.19/jersey-guice-1.19.jar:/home/runner/.m2/repository/com/fasterxml/jackson/jaxrs/jackson-jaxrs-json-provider/2.13.4/jackson-jaxrs-json-provider-2.13.4.jar:/home/runner/.m2/repository/com/fasterxml/jackson/jaxrs/jackson-jaxrs-base/2.13.4/jackson-jaxrs-base-2.13.4.jar:/home/runner/.m2/repository/org/apache/hadoop/hadoop-yarn-client/3.3.6/hadoop-yarn-client-3.3.6.jar:/home/runner/.m2/repository/org/eclipse/jetty/websocket/websocket-client/9.4.51.v20230217/websocket-client-9.4.51.v20230217.jar:/home/runner/.m2/repository/org/eclipse/jetty/websocket/websocket-common/9.4.51.v20230217/websocket-common-9.4.51.v20230217.jar:/home/runner/.m2/repository/org/eclipse/jetty/websocket/websocket-api/9.4.51.v20230217/websocket-api-9.4.51.v20230217.jar:/home/runner/.m2/repository/org/jline/jline/3.9.0/jline-3.9.0.jar:/home/runner/.m2/repository/org/apache/hadoop/hadoop-mapreduce-client-core/3.3.6/hadoop-mapreduce-client-core-3.3.6.jar:/home/runner/.m2/repository/org/apache/avro/avro/1.7.7/avro-1.7.7.jar:/home/runner/.m2/repository/com/thoughtworks/paranamer/paranamer/2.3/paranamer-2.3.jar:/home/runner/.m2/repository/org/apache/hadoop/hadoop-annotations/3.3.6/hadoop-annotations-3.3.6.jar:/usr/lib/jvm/temurin-8-jdk-amd64/jre/../lib/tools.jar:/home/runner/.m2/repository/io/netty/netty/3.10.6.Final/netty-3.10.6.Final.jar:/home/runner/.m2/repository/org/apache/hadoop/hadoop-distcp/3.3.6/hadoop-distcp-3.3.6-tests.jar:/home/runner/.m2/repository/org/slf4j/jul-to-slf4j/1.7.36/jul-to-slf4j-1.7.36.jar:"/>
    <property name="sun.cpu.endian" value="little"/>
    <property name="user.home" value="/home/runner"/>
    <property name="user.language" value="en"/>
    <property name="java.specification.vendor" value="Oracle Corporation"/>
    <property name="java.home" value="/usr/lib/jvm/temurin-8-jdk-amd64/jre"/>
    <property name="java.security.krb5.conf" value="/home/runner/work/ozone/ozone/hadoop-ozone/integration-test/target/test-classes/krb5.conf"/>
    <property name="file.separator" value="/"/>
    <property name="basedir" value="/home/runner/work/ozone/ozone/hadoop-ozone/integration-test"/>
    <property name="line.separator" value="&#10;"/>
    <property name="java.vm.specification.vendor" value="Oracle Corporation"/>
    <property name="java.specification.name" value="Java Platform API Specification"/>
    <property name="skip.installnpx" value="true"/>
    <property name="java.awt.graphicsenv" value="sun.awt.X11GraphicsEnvironment"/>
    <property name="surefire.real.class.path" value="/home/runner/work/ozone/ozone/hadoop-ozone/integration-test/target/surefire/surefirebooter5477070021728139559.jar:/home/runner/.m2/repository/org/jacoco/org.jacoco.agent/0.8.5/org.jacoco.agent-0.8.5-runtime.jar"/>
    <property name="sun.boot.class.path" value="/usr/lib/jvm/temurin-8-jdk-amd64/jre/lib/resources.jar:/usr/lib/jvm/temurin-8-jdk-amd64/jre/lib/rt.jar:/usr/lib/jvm/temurin-8-jdk-amd64/jre/lib/sunrsasign.jar:/usr/lib/jvm/temurin-8-jdk-amd64/jre/lib/jsse.jar:/usr/lib/jvm/temurin-8-jdk-amd64/jre/lib/jce.jar:/usr/lib/jvm/temurin-8-jdk-amd64/jre/lib/charsets.jar:/usr/lib/jvm/temurin-8-jdk-amd64/jre/lib/jfr.jar:/usr/lib/jvm/temurin-8-jdk-amd64/jre/classes"/>
    <property name="hadoop.log.dir" value="/home/runner/work/ozone/ozone/hadoop-ozone/integration-test/target/log"/>
    <property name="sun.management.compiler" value="HotSpot 64-Bit Tiered Compilers"/>
    <property name="java.runtime.version" value="1.8.0_382-b05"/>
    <property name="skip.npx" value="true"/>
    <property name="user.name" value="runner"/>
    <property name="java.net.preferIPv4Stack" value="true"/>
    <property name="path.separator" value=":"/>
    <property name="java.security.egd" value="file:///dev/urandom"/>
    <property name="os.version" value="5.15.0-1046-azure"/>
    <property name="java.endorsed.dirs" value="/usr/lib/jvm/temurin-8-jdk-amd64/jre/lib/endorsed"/>
    <property name="java.runtime.name" value="OpenJDK Runtime Environment"/>
    <property name="file.encoding" value="UTF-8"/>
    <property name="java.vm.name" value="OpenJDK 64-Bit Server VM"/>
    <property name="test.build.webapps" value=""/>
    <property name="log4j1.compatibility" value="true"/>
    <property name="localRepository" value="/home/runner/.m2/repository"/>
    <property name="jetty.git.hash" value="b45c405e4544384de066f814ed42ae3dceacdd49"/>
    <property name="java.vendor.url.bug" value="https://github.com/adoptium/adoptium-support/issues"/>
    <property name="require.test.libhadoop" value=""/>
    <property name="java.io.tmpdir" value="/tmp"/>
    <property name="java.version" value="1.8.0_382"/>
    <property name="user.dir" value="/home/runner/work/ozone/ozone/hadoop-ozone/integration-test"/>
    <property name="os.arch" value="amd64"/>
    <property name="test.build.classes" value="/home/runner/work/ozone/ozone/hadoop-ozone/integration-test/target/test-classes"/>
    <property name="java.vm.specification.name" value="Java Virtual Machine Specification"/>
    <property name="java.awt.printerjob" value="sun.print.PSPrinterJob"/>
    <property name="sun.os.patch.level" value="unknown"/>
    <property name="org.apache.ratis.thirdparty.io.netty.allocator.useCacheForAllThreads" value="false"/>
    <property name="hadoop.tmp.dir" value="/home/runner/work/ozone/ozone/hadoop-ozone/integration-test/target/tmp"/>
    <property name="java.library.path" value="/usr/java/packages/lib/amd64:/usr/lib64:/lib64:/lib:/usr/lib"/>
    <property name="java.vendor" value="Temurin"/>
    <property name="java.vm.info" value="mixed mode"/>
    <property name="java.vm.version" value="25.382-b05"/>
    <property name="java.specification.maintenance.version" value="5"/>
    <property name="sun.io.unicode.encoding" value="UnicodeLittle"/>
    <property name="java.ext.dirs" value="/usr/lib/jvm/temurin-8-jdk-amd64/jre/lib/ext:/usr/java/packages/lib/ext"/>
    <property name="java.class.version" value="52.0"/>
    <property name="kms.config.dir" value="/home/runner/work/ozone/ozone/hadoop-ozone/integration-test/target/test-dir/TestSecureOzoneRpcClient/a5f8751e-f3cf-4912-913b-58a0a4a17671"/>
  </properties>
  <testcase name="testPutKeyWithEncryption(BucketLayout)[1]" classname="org.apache.hadoop.ozone.client.rpc.TestOzoneAtRestEncryption" time="1.999">
    <system-out><![CDATA[2023-09-15 05:01:28,121 [main] INFO  util.log (Log.java:initialized(170)) - Logging initialized @1992ms to org.eclipse.jetty.util.log.Slf4jLog
2023-09-15 05:01:28,340 [main] INFO  http.HttpRequestLog (HttpRequestLog.java:getRequestLog(82)) - Http request log for http.requests.kms is not defined
2023-09-15 05:01:28,349 [main] INFO  http.HttpServer2 (HttpServer2.java:addGlobalFilter(1124)) - Added global filter 'safety' (class=org.apache.hadoop.http.HttpServer2$QuotingInputFilter)
2023-09-15 05:01:28,351 [main] INFO  http.HttpServer2 (HttpServer2.java:addFilter(1097)) - Added filter static_user_filter (class=org.apache.hadoop.http.lib.StaticUserWebFilter$StaticUserFilter) to context kms
2023-09-15 05:01:28,352 [main] INFO  http.HttpServer2 (HttpServer2.java:addFilter(1107)) - Added filter static_user_filter (class=org.apache.hadoop.http.lib.StaticUserWebFilter$StaticUserFilter) to context logs
2023-09-15 05:01:28,352 [main] INFO  http.HttpServer2 (HttpServer2.java:addFilter(1107)) - Added filter static_user_filter (class=org.apache.hadoop.http.lib.StaticUserWebFilter$StaticUserFilter) to context static
2023-09-15 05:01:28,387 [main] INFO  http.HttpServer2 (HttpServer2.java:bindListener(1357)) - Jetty bound to port 45749
2023-09-15 05:01:28,389 [main] INFO  server.Server (Server.java:doStart(375)) - jetty-9.4.51.v20230217; built: 2023-02-17T08:19:37.309Z; git: b45c405e4544384de066f814ed42ae3dceacdd49; jvm 1.8.0_382-b05
2023-09-15 05:01:28,415 [main] INFO  server.session (DefaultSessionIdManager.java:doStart(334)) - DefaultSessionIdManager workerName=node0
2023-09-15 05:01:28,415 [main] INFO  server.session (DefaultSessionIdManager.java:doStart(339)) - No SessionScavenger set, using defaults
2023-09-15 05:01:28,417 [main] INFO  server.session (HouseKeeper.java:startScavenging(132)) - node0 Scavenging every 660000ms
2023-09-15 05:01:28,429 [main] INFO  handler.ContextHandler (ContextHandler.java:doStart(921)) - Started o.e.j.s.ServletContextHandler@14229fa7{logs,/logs,file:///home/runner/work/ozone/ozone/hadoop-ozone/integration-test/target/log,AVAILABLE}
2023-09-15 05:01:28,430 [main] INFO  handler.ContextHandler (ContextHandler.java:doStart(921)) - Started o.e.j.s.ServletContextHandler@102efc59{static,/static,jar:file:/home/runner/.m2/repository/org/apache/hadoop/hadoop-kms/3.3.6/hadoop-kms-3.3.6.jar!/webapps/static,AVAILABLE}
2023-09-15 05:01:28,516 [main] INFO  server.KMSWebApp (KMSWebApp.java:contextInitialized(94)) - -------------------------------------------------------------
2023-09-15 05:01:28,516 [main] INFO  server.KMSWebApp (KMSWebApp.java:contextInitialized(95)) -   Java runtime version : 1.8.0_382-b05
2023-09-15 05:01:28,516 [main] INFO  server.KMSWebApp (KMSWebApp.java:contextInitialized(97)) -   User: runner
2023-09-15 05:01:28,520 [main] INFO  server.KMSWebApp (KMSWebApp.java:contextInitialized(98)) -   KMS Hadoop Version: 3.3.6
2023-09-15 05:01:28,520 [main] INFO  server.KMSWebApp (KMSWebApp.java:contextInitialized(99)) - -------------------------------------------------------------
2023-09-15 05:01:28,531 [main] INFO  server.KMSACLs (KMSACLs.java:setKMSACLs(107)) - 'CREATE' ACL '*'
2023-09-15 05:01:28,531 [main] INFO  server.KMSACLs (KMSACLs.java:setKMSACLs(107)) - 'DELETE' ACL '*'
2023-09-15 05:01:28,532 [main] INFO  server.KMSACLs (KMSACLs.java:setKMSACLs(107)) - 'ROLLOVER' ACL '*'
2023-09-15 05:01:28,532 [main] INFO  server.KMSACLs (KMSACLs.java:setKMSACLs(107)) - 'GET' ACL '*'
2023-09-15 05:01:28,532 [main] INFO  server.KMSACLs (KMSACLs.java:setKMSACLs(107)) - 'GET_KEYS' ACL '*'
2023-09-15 05:01:28,532 [main] INFO  server.KMSACLs (KMSACLs.java:setKMSACLs(107)) - 'GET_METADATA' ACL '*'
2023-09-15 05:01:28,533 [main] INFO  server.KMSACLs (KMSACLs.java:setKMSACLs(107)) - 'SET_KEY_MATERIAL' ACL '*'
2023-09-15 05:01:28,533 [main] INFO  server.KMSACLs (KMSACLs.java:setKMSACLs(107)) - 'GENERATE_EEK' ACL '*'
2023-09-15 05:01:28,533 [main] INFO  server.KMSACLs (KMSACLs.java:setKMSACLs(107)) - 'DECRYPT_EEK' ACL '*'
2023-09-15 05:01:28,534 [main] INFO  server.KMSACLs (KMSACLs.java:parseAclsWithPrefix(185)) - default.key.acl. for KEY_OP 'READ' is set to '*'
2023-09-15 05:01:28,534 [main] INFO  server.KMSACLs (KMSACLs.java:parseAclsWithPrefix(185)) - default.key.acl. for KEY_OP 'MANAGEMENT' is set to '*'
2023-09-15 05:01:28,535 [main] INFO  server.KMSACLs (KMSACLs.java:parseAclsWithPrefix(185)) - default.key.acl. for KEY_OP 'GENERATE_EEK' is set to '*'
2023-09-15 05:01:28,535 [main] INFO  server.KMSACLs (KMSACLs.java:parseAclsWithPrefix(185)) - default.key.acl. for KEY_OP 'DECRYPT_EEK' is set to '*'
2023-09-15 05:01:28,614 [main] INFO  server.KMSAudit (KMSAudit.java:initializeAuditLoggers(157)) - Initializing audit logger class org.apache.hadoop.crypto.key.kms.server.SimpleKMSAuditLogger
2023-09-15 05:01:28,815 [main] INFO  server.KMSWebApp (KMSWebApp.java:contextInitialized(149)) - Initialized KeyProvider CachingKeyProvider: jceks://file@/home/runner/work/ozone/ozone/hadoop-ozone/integration-test/target/test-dir/TestSecureOzoneRpcClient/a5f8751e-f3cf-4912-913b-58a0a4a17671/kms.keystore
2023-09-15 05:01:28,824 [main] INFO  server.KMSWebApp (KMSWebApp.java:contextInitialized(163)) - Initialized KeyProviderCryptoExtension org.apache.hadoop.crypto.key.kms.server.KeyAuthorizationKeyProvider: EagerKeyGeneratorKeyProviderCryptoExtension: KeyProviderCryptoExtension: CachingKeyProvider: jceks://file@/home/runner/work/ozone/ozone/hadoop-ozone/integration-test/target/test-dir/TestSecureOzoneRpcClient/a5f8751e-f3cf-4912-913b-58a0a4a17671/kms.keystore
2023-09-15 05:01:28,825 [main] INFO  server.KMSWebApp (KMSWebApp.java:contextInitialized(168)) - Default key bitlength is 128
2023-09-15 05:01:28,825 [main] INFO  server.KMSWebApp (KMSWebApp.java:contextInitialized(169)) - KMS Started
2023-09-15 05:01:28,873 [main] INFO  delegation.AbstractDelegationTokenSecretManager (AbstractDelegationTokenSecretManager.java:updateCurrentKey(415)) - Updating the current master key for generating delegation tokens
2023-09-15 05:01:28,882 [Thread[Thread-14,5,main]] INFO  delegation.AbstractDelegationTokenSecretManager (AbstractDelegationTokenSecretManager.java:run(797)) - Starting expired delegation token remover thread, tokenRemoverScanInterval=60 min(s)
2023-09-15 05:01:28,883 [Thread[Thread-14,5,main]] INFO  delegation.AbstractDelegationTokenSecretManager (AbstractDelegationTokenSecretManager.java:updateCurrentKey(415)) - Updating the current master key for generating delegation tokens
2023-09-15 05:01:28,936 [main] INFO  core.PackagesResourceConfig (PackagesResourceConfig.java:init(101)) - Scanning for root resource and provider classes in the packages:
  org.apache.hadoop.crypto.key.kms.server
2023-09-15 05:01:28,994 [main] INFO  core.ScanningResourceConfig (ScanningResourceConfig.java:logClasses(153)) - Root resource classes found:
  class org.apache.hadoop.crypto.key.kms.server.KMS
2023-09-15 05:01:28,994 [main] INFO  core.ScanningResourceConfig (ScanningResourceConfig.java:logClasses(153)) - Provider classes found:
  class org.apache.hadoop.crypto.key.kms.server.KMSJSONReader
  class org.apache.hadoop.crypto.key.kms.server.KMSJSONWriter
  class org.apache.hadoop.crypto.key.kms.server.KMSExceptionsProvider
2023-09-15 05:01:29,127 [main] INFO  application.WebApplicationImpl (WebApplicationImpl.java:_initiate(815)) - Initiating Jersey application, version 'Jersey: 1.19 02/11/2015 03:25 AM'
2023-09-15 05:01:30,079 [main] INFO  handler.ContextHandler (ContextHandler.java:doStart(921)) - Started o.e.j.w.WebAppContext@f5bf288{kms,/,file:///home/runner/work/ozone/ozone/hadoop-ozone/integration-test/target/tmp/kms/webapp/,AVAILABLE}{jar:file:/home/runner/.m2/repository/org/apache/hadoop/hadoop-kms/3.3.6/hadoop-kms-3.3.6.jar!/webapps/kms}
2023-09-15 05:01:30,090 [main] INFO  server.AbstractConnector (AbstractConnector.java:doStart(333)) - Started ServerConnector@2042ccce{HTTP/1.1, (http/1.1)}{localhost:45749}
2023-09-15 05:01:30,090 [main] INFO  server.Server (Server.java:doStart(415)) - Started @3962ms
2023-09-15 05:01:30,221 [main] WARN  impl.MetricsConfig (MetricsConfig.java:loadFirst(136)) - Cannot locate configuration: tried hadoop-metrics2-kms.properties,hadoop-metrics2.properties
2023-09-15 05:01:30,235 [main] INFO  impl.MetricsSystemImpl (MetricsSystemImpl.java:startTimer(378)) - Scheduled Metric snapshot period at 10 second(s).
2023-09-15 05:01:30,236 [main] INFO  impl.MetricsSystemImpl (MetricsSystemImpl.java:start(191)) - KMS metrics system started
2023-09-15 05:01:30,264 [org.apache.hadoop.util.JvmPauseMonitor$Monitor@787988f4] INFO  util.JvmPauseMonitor (JvmPauseMonitor.java:run(188)) - Starting JVM pause monitor
2023-09-15 05:01:30,549 [main] INFO  audit.AuditLogger (AuditLogger.java:refreshDebugCmdSet(126)) - Refresh DebugCmdSet for OMAudit to [].
2023-09-15 05:01:32,642 [main] INFO  utils.SelfSignedCertificate (SelfSignedCertificate.java:generateCertificate(157)) - Certificate 1 is issued by CN=rootCA@localhost,OU=scm1,O=cluster1 to CN=rootCA@localhost,OU=scm1,O=cluster1, valid from Fri Sep 15 05:01:32 UTC 2023 to Mon Oct 23 05:01:32 UTC 2028
2023-09-15 05:01:32,686 [main] INFO  authority.DefaultApprover (DefaultApprover.java:sign(154)) - Extensions in CSR: 2.5.29.15
2023-09-15 05:01:32,687 [main] INFO  authority.DefaultApprover (DefaultApprover.java:sign(158)) - Extensions to add to the certificate if they present in CSR: 2.5.29.17, 1.3.6.1.5.5.7.1.12, 2.5.29.35, 2.5.29.37, 2.5.29.15
2023-09-15 05:01:32,708 [main] INFO  ssl.ReloadingX509KeyManager (ReloadingX509KeyManager.java:loadKeyManager(222)) - Key manager is loaded with certificate chain
2023-09-15 05:01:32,711 [main] INFO  ssl.ReloadingX509KeyManager (ReloadingX509KeyManager.java:loadKeyManager(224)) - [
[
  Version: V3
  Subject: O=cluster1, OU=scm1, CN=localhost
  Signature Algorithm: SHA256withRSA, OID = 1.2.840.113549.1.1.11

  Key:  Sun RSA public key, 2048 bits
  params: null
  modulus: 24307042835613542781176371490676666922628609912784889429053287229740964667042957462388435714038398995040263198808233094106733262262359028617038993269106461319181913261629769736851013976700867537377669158070253804995319129483563416457020617585504153740888699825117617912956005009319440636625300421932874880817433148975482037193027993833192193448853167168648078438963506726115855725349021066351843199323707726806940583184698742915817446841353207730292199944516455215622620407890687290151448980983819547496082265899764522151401655675774551372832208855406761089279026568953876874392876102497650020217955759327465563434093
  public exponent: 65537
  Validity: [From: Fri Sep 15 05:01:32 UTC 2023,
               To: Sat Sep 14 05:01:32 UTC 2024]
  Issuer: O=cluster1, OU=scm1, CN=rootCA@localhost
  SerialNumber: [    0229d275 eb20]

Certificate Extensions: 1
[1]: ObjectId: 2.5.29.15 Criticality=true
KeyUsage [
  DigitalSignature
  Key_Encipherment
  Data_Encipherment
  Key_Agreement
]

]
  Algorithm: [SHA256withRSA]
  Signature:
0000: 09 BA 82 7E 03 46 F8 A5   73 B5 AE 29 13 21 94 24  .....F..s..).!.$
0010: D5 9C 06 E7 EE FB 3F 1F   68 76 C7 99 2C 94 7D F2  ......?.hv..,...
0020: 17 A4 44 F5 58 F5 2A 57   B1 92 29 0B DA FC CE A3  ..D.X.*W..).....
0030: C7 76 82 CB CE 89 7A 52   CE A9 59 AF 71 08 CD 46  .v....zR..Y.q..F
0040: AF F2 0C D8 95 D8 5D 98   E2 85 81 AC 2E AF 10 8F  ......].........
0050: A8 54 07 51 01 95 E0 D9   1B 6C 95 73 17 B1 FE 5B  .T.Q.....l.s...[
0060: A7 09 63 CE 62 57 22 73   6E E4 F9 74 2D EC 7D D7  ..c.bW"sn..t-...
0070: 80 18 E9 84 39 A0 9A CA   C7 C1 FA 62 B6 B4 D9 59  ....9......b...Y
0080: 73 37 4E 32 AB 2B 3B 81   04 C1 0C 2A 81 1D 74 E5  s7N2.+;....*..t.
0090: 2D DF BE 78 B0 20 91 69   79 10 44 B9 49 C0 C7 B2  -..x. .iy.D.I...
00A0: 6D F1 6B 32 3D F5 4E 87   11 C9 E1 97 76 46 A9 65  m.k2=.N.....vF.e
00B0: 99 96 90 BD 7A 29 A1 91   07 DF 17 3A 20 A5 0D 25  ....z).....: ..%
00C0: 3E 1F F5 3A 85 40 02 2D   81 7B 76 93 00 14 6C B9  >..:.@.-..v...l.
00D0: 24 EC 30 BA 52 C4 F8 34   AF DB 8B 04 F9 0E 04 2B  $.0.R..4.......+
00E0: 3D 60 70 41 80 D5 60 C2   E2 45 00 EF 16 15 90 1D  =`pA..`..E......
00F0: E7 70 24 4D D3 57 2D 95   F4 AB 79 3A 06 7E 24 53  .p$M.W-...y:..$S

]
2023-09-15 05:01:32,712 [main] INFO  ssl.ReloadingX509KeyManager (ReloadingX509KeyManager.java:loadKeyManager(224)) - [
[
  Version: V3
  Subject: O=cluster1, OU=scm1, CN=rootCA@localhost
  Signature Algorithm: SHA256withRSA, OID = 1.2.840.113549.1.1.11

  Key:  Sun RSA public key, 2048 bits
  params: null
  modulus: 27930712087901494092514548868047566080149630266814362585545315370492391859349534752294068854394667606791859800273924195803340641629594533631604051346799296017132386440091424517606926782687567831560224816304869358389878033603104542258033897900074791033176543769583465683243929402824242756530389209098164749095255531643057837721050423035459162912273496454808917892124046073069836711949550188265711672224701030450944648302989451894573586625288491019332091185146003144572409075799195518023600617916346173060090014845567824352411319319172234737063840547389647512176677724274267316819769051389267103762376722581283967961683
  public exponent: 65537
  Validity: [From: Fri Sep 15 05:01:32 UTC 2023,
               To: Mon Oct 23 05:01:32 UTC 2028]
  Issuer: O=cluster1, OU=scm1, CN=rootCA@localhost
  SerialNumber: [    01]

Certificate Extensions: 2
[1]: ObjectId: 2.5.29.19 Criticality=true
BasicConstraints:[
  CA:true
  PathLen:2147483647
]

[2]: ObjectId: 2.5.29.15 Criticality=true
KeyUsage [
  Key_CertSign
  Crl_Sign
]

]
  Algorithm: [SHA256withRSA]
  Signature:
0000: 6B 9C 99 71 30 0E 5E 53   AB ED 82 46 80 B2 B6 FF  k..q0.^S...F....
0010: CE FC B2 67 F7 91 15 2B   8B 59 4F 84 40 D9 F3 3F  ...g...+.YO.@..?
0020: 48 30 AE 6B F9 38 E4 76   E3 E1 A5 93 A3 B1 83 1F  H0.k.8.v........
0030: 17 71 AE 00 89 48 88 BB   7C 20 26 63 73 94 2C AE  .q...H... &cs.,.
0040: ED 62 BB E0 D8 5A 14 8B   C3 18 B0 20 C3 CE 27 BA  .b...Z..... ..'.
0050: 90 19 BC 51 F5 1C 57 37   05 82 2B E4 BC DA 49 B1  ...Q..W7..+...I.
0060: B3 B3 F6 4A 20 F7 2B E2   EA CA 13 F9 34 AC 0D EA  ...J .+.....4...
0070: 10 7C 52 40 92 7C 1D CF   B2 38 13 3D 64 30 CF F7  ..R@.....8.=d0..
0080: F4 C2 3A 89 65 21 82 7A   6A 4A E9 1F 04 F4 20 09  ..:.e!.zjJ.... .
0090: 63 2E F1 69 81 E2 56 20   AB AE B1 F2 DA EB 7E 38  c..i..V .......8
00A0: AF 30 49 3C 0D 76 56 12   9C 64 4D 65 DA BC D6 45  .0I<.vV..dMe...E
00B0: 53 98 6B CF 7A 21 AA 37   B9 5E B0 99 A3 C8 24 81  S.k.z!.7.^....$.
00C0: B7 8F A4 73 97 29 03 FA   E2 82 B0 A8 5B A0 83 07  ...s.)......[...
00D0: 7B CE 8F D8 81 29 5A 30   42 A5 EF 31 A0 6E 96 9E  .....)Z0B..1.n..
00E0: 7A 87 CB DC D2 86 3F 0E   9E BC 8F 6F E7 C2 B8 FC  z.....?....o....
00F0: E1 6E 9A C2 26 80 FF 07   C7 4E C9 DB 64 F8 1E B1  .n..&....N..d...

]
2023-09-15 05:01:32,716 [main] INFO  ssl.ReloadingX509TrustManager (ReloadingX509TrustManager.java:insertCertsToKeystore(188)) - Trust manager is loaded with certificates
2023-09-15 05:01:32,717 [main] INFO  ssl.ReloadingX509TrustManager (ReloadingX509TrustManager.java:insertCertsToKeystore(192)) - [
[
  Version: V3
  Subject: O=cluster1, OU=scm1, CN=rootCA@localhost
  Signature Algorithm: SHA256withRSA, OID = 1.2.840.113549.1.1.11

  Key:  Sun RSA public key, 2048 bits
  params: null
  modulus: 27930712087901494092514548868047566080149630266814362585545315370492391859349534752294068854394667606791859800273924195803340641629594533631604051346799296017132386440091424517606926782687567831560224816304869358389878033603104542258033897900074791033176543769583465683243929402824242756530389209098164749095255531643057837721050423035459162912273496454808917892124046073069836711949550188265711672224701030450944648302989451894573586625288491019332091185146003144572409075799195518023600617916346173060090014845567824352411319319172234737063840547389647512176677724274267316819769051389267103762376722581283967961683
  public exponent: 65537
  Validity: [From: Fri Sep 15 05:01:32 UTC 2023,
               To: Mon Oct 23 05:01:32 UTC 2028]
  Issuer: O=cluster1, OU=scm1, CN=rootCA@localhost
  SerialNumber: [    01]

Certificate Extensions: 2
[1]: ObjectId: 2.5.29.19 Criticality=true
BasicConstraints:[
  CA:true
  PathLen:2147483647
]

[2]: ObjectId: 2.5.29.15 Criticality=true
KeyUsage [
  Key_CertSign
  Crl_Sign
]

]
  Algorithm: [SHA256withRSA]
  Signature:
0000: 6B 9C 99 71 30 0E 5E 53   AB ED 82 46 80 B2 B6 FF  k..q0.^S...F....
0010: CE FC B2 67 F7 91 15 2B   8B 59 4F 84 40 D9 F3 3F  ...g...+.YO.@..?
0020: 48 30 AE 6B F9 38 E4 76   E3 E1 A5 93 A3 B1 83 1F  H0.k.8.v........
0030: 17 71 AE 00 89 48 88 BB   7C 20 26 63 73 94 2C AE  .q...H... &cs.,.
0040: ED 62 BB E0 D8 5A 14 8B   C3 18 B0 20 C3 CE 27 BA  .b...Z..... ..'.
0050: 90 19 BC 51 F5 1C 57 37   05 82 2B E4 BC DA 49 B1  ...Q..W7..+...I.
0060: B3 B3 F6 4A 20 F7 2B E2   EA CA 13 F9 34 AC 0D EA  ...J .+.....4...
0070: 10 7C 52 40 92 7C 1D CF   B2 38 13 3D 64 30 CF F7  ..R@.....8.=d0..
0080: F4 C2 3A 89 65 21 82 7A   6A 4A E9 1F 04 F4 20 09  ..:.e!.zjJ.... .
0090: 63 2E F1 69 81 E2 56 20   AB AE B1 F2 DA EB 7E 38  c..i..V .......8
00A0: AF 30 49 3C 0D 76 56 12   9C 64 4D 65 DA BC D6 45  .0I<.vV..dMe...E
00B0: 53 98 6B CF 7A 21 AA 37   B9 5E B0 99 A3 C8 24 81  S.k.z!.7.^....$.
00C0: B7 8F A4 73 97 29 03 FA   E2 82 B0 A8 5B A0 83 07  ...s.)......[...
00D0: 7B CE 8F D8 81 29 5A 30   42 A5 EF 31 A0 6E 96 9E  .....)Z0B..1.n..
00E0: 7A 87 CB DC D2 86 3F 0E   9E BC 8F 6F E7 C2 B8 FC  z.....?....o....
00F0: E1 6E 9A C2 26 80 FF 07   C7 4E C9 DB 64 F8 1E B1  .n..&....N..d...

]
2023-09-15 05:01:32,719 [main] INFO  ssl.ReloadingX509KeyManager (ReloadingX509KeyManager.java:loadKeyManager(222)) - Key manager is loaded with certificate chain
2023-09-15 05:01:32,720 [main] INFO  ssl.ReloadingX509KeyManager (ReloadingX509KeyManager.java:loadKeyManager(224)) - [
[
  Version: V3
  Subject: O=cluster1, OU=scm1, CN=localhost
  Signature Algorithm: SHA256withRSA, OID = 1.2.840.113549.1.1.11

  Key:  Sun RSA public key, 2048 bits
  params: null
  modulus: 24307042835613542781176371490676666922628609912784889429053287229740964667042957462388435714038398995040263198808233094106733262262359028617038993269106461319181913261629769736851013976700867537377669158070253804995319129483563416457020617585504153740888699825117617912956005009319440636625300421932874880817433148975482037193027993833192193448853167168648078438963506726115855725349021066351843199323707726806940583184698742915817446841353207730292199944516455215622620407890687290151448980983819547496082265899764522151401655675774551372832208855406761089279026568953876874392876102497650020217955759327465563434093
  public exponent: 65537
  Validity: [From: Fri Sep 15 05:01:32 UTC 2023,
               To: Sat Sep 14 05:01:32 UTC 2024]
  Issuer: O=cluster1, OU=scm1, CN=rootCA@localhost
  SerialNumber: [    0229d275 eb20]

Certificate Extensions: 1
[1]: ObjectId: 2.5.29.15 Criticality=true
KeyUsage [
  DigitalSignature
  Key_Encipherment
  Data_Encipherment
  Key_Agreement
]

]
  Algorithm: [SHA256withRSA]
  Signature:
0000: 09 BA 82 7E 03 46 F8 A5   73 B5 AE 29 13 21 94 24  .....F..s..).!.$
0010: D5 9C 06 E7 EE FB 3F 1F   68 76 C7 99 2C 94 7D F2  ......?.hv..,...
0020: 17 A4 44 F5 58 F5 2A 57   B1 92 29 0B DA FC CE A3  ..D.X.*W..).....
0030: C7 76 82 CB CE 89 7A 52   CE A9 59 AF 71 08 CD 46  .v....zR..Y.q..F
0040: AF F2 0C D8 95 D8 5D 98   E2 85 81 AC 2E AF 10 8F  ......].........
0050: A8 54 07 51 01 95 E0 D9   1B 6C 95 73 17 B1 FE 5B  .T.Q.....l.s...[
0060: A7 09 63 CE 62 57 22 73   6E E4 F9 74 2D EC 7D D7  ..c.bW"sn..t-...
0070: 80 18 E9 84 39 A0 9A CA   C7 C1 FA 62 B6 B4 D9 59  ....9......b...Y
0080: 73 37 4E 32 AB 2B 3B 81   04 C1 0C 2A 81 1D 74 E5  s7N2.+;....*..t.
0090: 2D DF BE 78 B0 20 91 69   79 10 44 B9 49 C0 C7 B2  -..x. .iy.D.I...
00A0: 6D F1 6B 32 3D F5 4E 87   11 C9 E1 97 76 46 A9 65  m.k2=.N.....vF.e
00B0: 99 96 90 BD 7A 29 A1 91   07 DF 17 3A 20 A5 0D 25  ....z).....: ..%
00C0: 3E 1F F5 3A 85 40 02 2D   81 7B 76 93 00 14 6C B9  >..:.@.-..v...l.
00D0: 24 EC 30 BA 52 C4 F8 34   AF DB 8B 04 F9 0E 04 2B  $.0.R..4.......+
00E0: 3D 60 70 41 80 D5 60 C2   E2 45 00 EF 16 15 90 1D  =`pA..`..E......
00F0: E7 70 24 4D D3 57 2D 95   F4 AB 79 3A 06 7E 24 53  .p$M.W-...y:..$S

]
2023-09-15 05:01:32,721 [main] INFO  ssl.ReloadingX509KeyManager (ReloadingX509KeyManager.java:loadKeyManager(224)) - [
[
  Version: V3
  Subject: O=cluster1, OU=scm1, CN=rootCA@localhost
  Signature Algorithm: SHA256withRSA, OID = 1.2.840.113549.1.1.11

  Key:  Sun RSA public key, 2048 bits
  params: null
  modulus: 27930712087901494092514548868047566080149630266814362585545315370492391859349534752294068854394667606791859800273924195803340641629594533631604051346799296017132386440091424517606926782687567831560224816304869358389878033603104542258033897900074791033176543769583465683243929402824242756530389209098164749095255531643057837721050423035459162912273496454808917892124046073069836711949550188265711672224701030450944648302989451894573586625288491019332091185146003144572409075799195518023600617916346173060090014845567824352411319319172234737063840547389647512176677724274267316819769051389267103762376722581283967961683
  public exponent: 65537
  Validity: [From: Fri Sep 15 05:01:32 UTC 2023,
               To: Mon Oct 23 05:01:32 UTC 2028]
  Issuer: O=cluster1, OU=scm1, CN=rootCA@localhost
  SerialNumber: [    01]

Certificate Extensions: 2
[1]: ObjectId: 2.5.29.19 Criticality=true
BasicConstraints:[
  CA:true
  PathLen:2147483647
]

[2]: ObjectId: 2.5.29.15 Criticality=true
KeyUsage [
  Key_CertSign
  Crl_Sign
]

]
  Algorithm: [SHA256withRSA]
  Signature:
0000: 6B 9C 99 71 30 0E 5E 53   AB ED 82 46 80 B2 B6 FF  k..q0.^S...F....
0010: CE FC B2 67 F7 91 15 2B   8B 59 4F 84 40 D9 F3 3F  ...g...+.YO.@..?
0020: 48 30 AE 6B F9 38 E4 76   E3 E1 A5 93 A3 B1 83 1F  H0.k.8.v........
0030: 17 71 AE 00 89 48 88 BB   7C 20 26 63 73 94 2C AE  .q...H... &cs.,.
0040: ED 62 BB E0 D8 5A 14 8B   C3 18 B0 20 C3 CE 27 BA  .b...Z..... ..'.
0050: 90 19 BC 51 F5 1C 57 37   05 82 2B E4 BC DA 49 B1  ...Q..W7..+...I.
0060: B3 B3 F6 4A 20 F7 2B E2   EA CA 13 F9 34 AC 0D EA  ...J .+.....4...
0070: 10 7C 52 40 92 7C 1D CF   B2 38 13 3D 64 30 CF F7  ..R@.....8.=d0..
0080: F4 C2 3A 89 65 21 82 7A   6A 4A E9 1F 04 F4 20 09  ..:.e!.zjJ.... .
0090: 63 2E F1 69 81 E2 56 20   AB AE B1 F2 DA EB 7E 38  c..i..V .......8
00A0: AF 30 49 3C 0D 76 56 12   9C 64 4D 65 DA BC D6 45  .0I<.vV..dMe...E
00B0: 53 98 6B CF 7A 21 AA 37   B9 5E B0 99 A3 C8 24 81  S.k.z!.7.^....$.
00C0: B7 8F A4 73 97 29 03 FA   E2 82 B0 A8 5B A0 83 07  ...s.)......[...
00D0: 7B CE 8F D8 81 29 5A 30   42 A5 EF 31 A0 6E 96 9E  .....)Z0B..1.n..
00E0: 7A 87 CB DC D2 86 3F 0E   9E BC 8F 6F E7 C2 B8 FC  z.....?....o....
00F0: E1 6E 9A C2 26 80 FF 07   C7 4E C9 DB 64 F8 1E B1  .n..&....N..d...

]
2023-09-15 05:01:32,721 [main] INFO  ssl.ReloadingX509TrustManager (ReloadingX509TrustManager.java:insertCertsToKeystore(188)) - Trust manager is loaded with certificates
2023-09-15 05:01:32,722 [main] INFO  ssl.ReloadingX509TrustManager (ReloadingX509TrustManager.java:insertCertsToKeystore(192)) - [
[
  Version: V3
  Subject: O=cluster1, OU=scm1, CN=rootCA@localhost
  Signature Algorithm: SHA256withRSA, OID = 1.2.840.113549.1.1.11

  Key:  Sun RSA public key, 2048 bits
  params: null
  modulus: 27930712087901494092514548868047566080149630266814362585545315370492391859349534752294068854394667606791859800273924195803340641629594533631604051346799296017132386440091424517606926782687567831560224816304869358389878033603104542258033897900074791033176543769583465683243929402824242756530389209098164749095255531643057837721050423035459162912273496454808917892124046073069836711949550188265711672224701030450944648302989451894573586625288491019332091185146003144572409075799195518023600617916346173060090014845567824352411319319172234737063840547389647512176677724274267316819769051389267103762376722581283967961683
  public exponent: 65537
  Validity: [From: Fri Sep 15 05:01:32 UTC 2023,
               To: Mon Oct 23 05:01:32 UTC 2028]
  Issuer: O=cluster1, OU=scm1, CN=rootCA@localhost
  SerialNumber: [    01]

Certificate Extensions: 2
[1]: ObjectId: 2.5.29.19 Criticality=true
BasicConstraints:[
  CA:true
  PathLen:2147483647
]

[2]: ObjectId: 2.5.29.15 Criticality=true
KeyUsage [
  Key_CertSign
  Crl_Sign
]

]
  Algorithm: [SHA256withRSA]
  Signature:
0000: 6B 9C 99 71 30 0E 5E 53   AB ED 82 46 80 B2 B6 FF  k..q0.^S...F....
0010: CE FC B2 67 F7 91 15 2B   8B 59 4F 84 40 D9 F3 3F  ...g...+.YO.@..?
0020: 48 30 AE 6B F9 38 E4 76   E3 E1 A5 93 A3 B1 83 1F  H0.k.8.v........
0030: 17 71 AE 00 89 48 88 BB   7C 20 26 63 73 94 2C AE  .q...H... &cs.,.
0040: ED 62 BB E0 D8 5A 14 8B   C3 18 B0 20 C3 CE 27 BA  .b...Z..... ..'.
0050: 90 19 BC 51 F5 1C 57 37   05 82 2B E4 BC DA 49 B1  ...Q..W7..+...I.
0060: B3 B3 F6 4A 20 F7 2B E2   EA CA 13 F9 34 AC 0D EA  ...J .+.....4...
0070: 10 7C 52 40 92 7C 1D CF   B2 38 13 3D 64 30 CF F7  ..R@.....8.=d0..
0080: F4 C2 3A 89 65 21 82 7A   6A 4A E9 1F 04 F4 20 09  ..:.e!.zjJ.... .
0090: 63 2E F1 69 81 E2 56 20   AB AE B1 F2 DA EB 7E 38  c..i..V .......8
00A0: AF 30 49 3C 0D 76 56 12   9C 64 4D 65 DA BC D6 45  .0I<.vV..dMe...E
00B0: 53 98 6B CF 7A 21 AA 37   B9 5E B0 99 A3 C8 24 81  S.k.z!.7.^....$.
00C0: B7 8F A4 73 97 29 03 FA   E2 82 B0 A8 5B A0 83 07  ...s.)......[...
00D0: 7B CE 8F D8 81 29 5A 30   42 A5 EF 31 A0 6E 96 9E  .....)Z0B..1.n..
00E0: 7A 87 CB DC D2 86 3F 0E   9E BC 8F 6F E7 C2 B8 FC  z.....?....o....
00F0: E1 6E 9A C2 26 80 FF 07   C7 4E C9 DB 64 F8 1E B1  .n..&....N..d...

]
2023-09-15 05:01:32,785 [main] WARN  server.ServerUtils (ServerUtils.java:getScmDbDir(155)) - ozone.scm.db.dirs is not configured. We recommend adding this setting. Falling back to ozone.metadata.dirs instead.
2023-09-15 05:01:33,004 [main] INFO  reflections.Reflections (Reflections.java:scan(232)) - Reflections took 182 ms to scan 7 urls, producing 161 keys and 379 values 
2023-09-15 05:01:33,146 [main] WARN  server.ServerUtils (ServerUtils.java:getScmDbDir(155)) - ozone.scm.db.dirs is not configured. We recommend adding this setting. Falling back to ozone.metadata.dirs instead.
2023-09-15 05:01:33,150 [main] INFO  ha.SCMHANodeDetails (SCMHANodeDetails.java:loadSCMHAConfig(210)) - ServiceID for StorageContainerManager is null
2023-09-15 05:01:33,158 [main] WARN  ha.SCMHANodeDetails (SCMHANodeDetails.java:validateSCMHAConfig(183)) - Invalid config ozone.scm.ratis.enable. The config was not specified, but the default value true conflicts with the expected config value false. Falling back to the expected value. Current State of SCM: SCM is running in Non-HA without Ratis Ratis SCM -> Non Ratis SCM or Non HA SCM -> HA SCM is not supported
2023-09-15 05:01:33,158 [main] INFO  ha.SCMHANodeDetails (SCMHANodeDetails.java:loadSCMHAConfig(215)) - ozone.scm.default.service.id is not defined, falling back to ozone.scm.service.ids to find serviceID for StorageContainerManager if it is HA enabled cluster
2023-09-15 05:01:33,304 [main] WARN  utils.HAUtils (HAUtils.java:getMetaDir(339)) - ozone.scm.db.dirs is not configured. We recommend adding this setting. Falling back to ozone.metadata.dirs instead.
2023-09-15 05:01:33,484 [main] WARN  db.DBStoreBuilder (DBStoreBuilder.java:applyDBDefinition(166)) - ozone.scm.db.dirs is not configured. We recommend adding this setting. Falling back to ozone.metadata.dirs instead.
2023-09-15 05:01:33,743 [main] INFO  net.NodeSchemaLoader (NodeSchemaLoader.java:loadSchemaFromFile(129)) - Loading schema from [jar:file:/home/runner/.m2/repository/org/apache/ozone/hdds-common/1.4.0-SNAPSHOT/hdds-common-1.4.0-SNAPSHOT.jar!/network-topology-default.xml]
2023-09-15 05:01:33,745 [main] INFO  net.NodeSchemaLoader (NodeSchemaLoader.java:loadSchema(176)) - Loading network topology layer schema file
2023-09-15 05:01:33,768 [main] INFO  metrics.MetricRegistries (MetricRegistriesLoader.java:load(64)) - Loaded MetricRegistries class org.apache.ratis.metrics.impl.MetricRegistriesImpl
2023-09-15 05:01:33,784 [main] INFO  upgrade.AbstractLayoutVersionManager (AbstractLayoutVersionManager.java:init(83)) - Initializing Layout version manager with metadata layout = HADOOP_PRC_PORTS_IN_DATANODEDETAILS (version = 7), software layout = HADOOP_PRC_PORTS_IN_DATANODEDETAILS (version = 7)
2023-09-15 05:01:33,927 [main] INFO  ha.SequenceIdGenerator (SequenceIdGenerator.java:upgradeToSequenceId(365)) - upgrade localId to 111677748019200000
2023-09-15 05:01:33,929 [main] INFO  ha.SequenceIdGenerator (SequenceIdGenerator.java:upgradeToSequenceId(375)) - upgrade delTxnId to 0
2023-09-15 05:01:33,938 [main] INFO  ha.SequenceIdGenerator (SequenceIdGenerator.java:upgradeToSequenceId(392)) - upgrade containerId to 0
2023-09-15 05:01:33,941 [main] INFO  ha.SequenceIdGenerator (SequenceIdGenerator.java:upgradeToSequenceId(428)) - upgrade rootCertificateId to 1
2023-09-15 05:01:33,943 [main] INFO  ha.SequenceIdGenerator (SequenceIdGenerator.java:<init>(236)) - Init the HA SequenceIdGenerator.
2023-09-15 05:01:34,003 [main] WARN  server.ServerUtils (ServerUtils.java:sanitizeUserArgs(80)) - ozone.scm.stale.node.interval value = 300000 is larger than max = 100000 based on the key value of ozone.scm.heartbeat.thread.interval, reset to the max value 100000.
2023-09-15 05:01:34,004 [main] WARN  server.ServerUtils (ServerUtils.java:sanitizeUserArgs(80)) - ozone.scm.stale.node.interval value = 300000 is larger than max = 100000 based on the key value of ozone.scm.heartbeat.thread.interval, reset to the max value 100000.
2023-09-15 05:01:34,009 [main] INFO  node.SCMNodeManager (SCMNodeManager.java:<init>(157)) - Entering startup safe mode.
2023-09-15 05:01:34,028 [main] INFO  algorithms.ContainerPlacementPolicyFactory (ContainerPlacementPolicyFactory.java:getPolicyInternal(86)) - Create container placement policy of type org.apache.hadoop.hdds.scm.container.placement.algorithms.SCMContainerPlacementRackAware
2023-09-15 05:01:34,032 [main] INFO  algorithms.ContainerPlacementPolicyFactory (ContainerPlacementPolicyFactory.java:getPolicyInternal(86)) - Create container placement policy of type org.apache.hadoop.hdds.scm.container.placement.algorithms.SCMContainerPlacementRackScatter
2023-09-15 05:01:34,042 [main] INFO  pipeline.PipelineStateManagerImpl (PipelineStateManagerImpl.java:initialize(78)) - No pipeline exists in current db
2023-09-15 05:01:34,056 [main] INFO  algorithms.LeaderChoosePolicyFactory (LeaderChoosePolicyFactory.java:getPolicy(57)) - Create leader choose policy of type org.apache.hadoop.hdds.scm.pipeline.leader.choose.algorithms.MinLeaderCountChoosePolicy
2023-09-15 05:01:34,056 [main] INFO  algorithms.ContainerPlacementPolicyFactory (ContainerPlacementPolicyFactory.java:getPolicyInternal(86)) - Create container placement policy of type org.apache.hadoop.hdds.scm.container.placement.algorithms.SCMContainerPlacementRackScatter
2023-09-15 05:01:34,064 [main] INFO  ha.SCMServiceManager (SCMServiceManager.java:register(42)) - Registering service BackgroundPipelineCreator.
2023-09-15 05:01:34,064 [main] INFO  pipeline.BackgroundPipelineCreator (BackgroundPipelineCreator.java:start(124)) - Starting RatisPipelineUtilsThread.
2023-09-15 05:01:34,067 [main] INFO  BackgroundPipelineScrubber (BackgroundSCMService.java:start(68)) - Starting BackgroundPipelineScrubber Service.
2023-09-15 05:01:34,070 [main] INFO  ha.SCMServiceManager (SCMServiceManager.java:register(42)) - Registering service BackgroundPipelineScrubber.
2023-09-15 05:01:34,077 [main] INFO  ExpiredContainerReplicaOpScrubber (BackgroundSCMService.java:start(68)) - Starting ExpiredContainerReplicaOpScrubber Service.
2023-09-15 05:01:34,080 [main] INFO  ha.SCMServiceManager (SCMServiceManager.java:register(42)) - Registering service ExpiredContainerReplicaOpScrubber.
2023-09-15 05:01:34,104 [main] INFO  algorithms.PipelineChoosePolicyFactory (PipelineChoosePolicyFactory.java:createPipelineChoosePolicyFromClass(78)) - Create pipeline choose policy of type org.apache.hadoop.hdds.scm.pipeline.choose.algorithms.RandomPipelineChoosePolicy
2023-09-15 05:01:34,104 [main] INFO  algorithms.PipelineChoosePolicyFactory (PipelineChoosePolicyFactory.java:createPipelineChoosePolicyFromClass(78)) - Create pipeline choose policy of type org.apache.hadoop.hdds.scm.pipeline.choose.algorithms.RandomPipelineChoosePolicy
2023-09-15 05:01:34,128 [main] INFO  ha.SCMServiceManager (SCMServiceManager.java:register(42)) - Registering service SCMBlockDeletingService.
2023-09-15 05:01:34,197 [main] INFO  replication.ReplicationManager (ReplicationManager.java:start(291)) - Starting Replication Monitor Thread.
2023-09-15 05:01:34,201 [main] INFO  ha.SCMServiceManager (SCMServiceManager.java:register(42)) - Registering service ReplicationManager.
2023-09-15 05:01:34,210 [ReplicationMonitor] INFO  replication.ReplicationManager (ReplicationManager.java:processAll(365)) - Replication Manager is not ready to run until 3000ms after safemode exit
2023-09-15 05:01:34,219 [main] INFO  safemode.ContainerSafeModeRule (ContainerSafeModeRule.java:<init>(90)) - containers with one replica threshold count 0
2023-09-15 05:01:34,223 [main] INFO  safemode.HealthyPipelineSafeModeRule (HealthyPipelineSafeModeRule.java:initializeRule(169)) - Total pipeline count is 0, healthy pipeline threshold count is 1
2023-09-15 05:01:34,226 [main] INFO  safemode.OneReplicaPipelineSafeModeRule (OneReplicaPipelineSafeModeRule.java:initializeRule(180)) - Total pipeline count is 0, pipeline's with at least one datanode reported threshold count is 0
2023-09-15 05:01:34,239 [main] INFO  server.StorageContainerManager (StorageContainerManager.java:<init>(425)) - SCM start with adminUsers: [runner]
2023-09-15 05:01:34,268 [main] INFO  audit.AuditLogger (AuditLogger.java:refreshDebugCmdSet(126)) - Refresh DebugCmdSet for SCMAudit to [].
2023-09-15 05:01:34,304 [main] INFO  ipc.CallQueueManager (CallQueueManager.java:<init>(90)) - Using callQueue: class java.util.concurrent.LinkedBlockingQueue, queueCapacity: 2000, scheduler: class org.apache.hadoop.ipc.DefaultRpcScheduler, ipcBackoff: false.
2023-09-15 05:01:34,340 [main] INFO  ipc.Server (Server.java:<init>(1287)) - Listener at 0.0.0.0:15002
2023-09-15 05:01:34,347 [Socket Reader #1 for port 15002] INFO  ipc.Server (Server.java:run(1323)) - Starting Socket Reader #1 for port 15002
2023-09-15 05:01:34,428 [main] INFO  audit.AuditLogger (AuditLogger.java:refreshDebugCmdSet(126)) - Refresh DebugCmdSet for SCMAudit to [].
2023-09-15 05:01:34,434 [main] INFO  ipc.CallQueueManager (CallQueueManager.java:<init>(90)) - Using callQueue: class java.util.concurrent.LinkedBlockingQueue, queueCapacity: 2000, scheduler: class org.apache.hadoop.ipc.DefaultRpcScheduler, ipcBackoff: false.
2023-09-15 05:01:34,435 [main] INFO  ipc.Server (Server.java:<init>(1287)) - Listener at 0.0.0.0:15001
2023-09-15 05:01:34,435 [Socket Reader #1 for port 15001] INFO  ipc.Server (Server.java:run(1323)) - Starting Socket Reader #1 for port 15001
2023-09-15 05:01:34,470 [main] INFO  audit.AuditLogger (AuditLogger.java:refreshDebugCmdSet(126)) - Refresh DebugCmdSet for SCMAudit to [].
2023-09-15 05:01:34,482 [main] INFO  ipc.CallQueueManager (CallQueueManager.java:<init>(90)) - Using callQueue: class java.util.concurrent.LinkedBlockingQueue, queueCapacity: 2000, scheduler: class org.apache.hadoop.ipc.DefaultRpcScheduler, ipcBackoff: false.
2023-09-15 05:01:34,483 [main] INFO  ipc.Server (Server.java:<init>(1287)) - Listener at 0.0.0.0:15000
2023-09-15 05:01:34,486 [Socket Reader #1 for port 15000] INFO  ipc.Server (Server.java:run(1323)) - Starting Socket Reader #1 for port 15000
2023-09-15 05:01:34,545 [main] INFO  ha.SCMServiceManager (SCMServiceManager.java:register(42)) - Registering service ContainerBalancer.
2023-09-15 05:01:34,546 [main] INFO  server.StorageContainerManager (StorageContainerManager.java:<init>(438)) - 
Container Balancer status:
Key                            Value
Running                        false
Container Balancer Configuration values:
Key                                                Value
Threshold                                          10
Max Datanodes to Involve per Iteration(percent)    20
Max Size to Move per Iteration                     500GB
Max Size Entering Target per Iteration             26GB
Max Size Leaving Source per Iteration              26GB
Number of Iterations                               10
Time Limit for Single Container's Movement         65min
Time Limit for Single Container's Replication      50min
Interval between each Iteration                    70min
Whether to Enable Network Topology                 false
Whether to Trigger Refresh Datanode Usage Info     false
Container IDs to Exclude from Balancing            None
Datanodes Specified to be Balanced                 None
Datanodes Excluded from Balancing                  None

2023-09-15 05:01:34,546 [main] INFO  ha.SCMContext (SCMContext.java:updateSafeModeStatus(228)) - Update SafeModeStatus from SafeModeStatus{safeModeStatus=true, preCheckPassed=false} to SafeModeStatus{safeModeStatus=true, preCheckPassed=false}.
2023-09-15 05:01:34,550 [main] INFO  server.StorageContainerManager (StorageContainerManager.java:start(1483)) - StorageContainerLocationProtocol RPC server is listening at /0.0.0.0:15000
2023-09-15 05:01:34,550 [main] INFO  impl.MetricsSystemImpl (MetricsSystemImpl.java:init(158)) - StorageContainerManager metrics system started (again)
2023-09-15 05:01:34,574 [main] INFO  server.SCMClientProtocolServer (SCMClientProtocolServer.java:start(201)) - RPC server for Client  is listening at /0.0.0.0:15000
2023-09-15 05:01:34,575 [IPC Server Responder] INFO  ipc.Server (Server.java:run(1562)) - IPC Server Responder: starting
2023-09-15 05:01:34,585 [main] INFO  server.StorageContainerManager (StorageContainerManager.java:start(1496)) - ScmBlockLocationProtocol RPC server is listening at /0.0.0.0:15001
2023-09-15 05:01:34,609 [IPC Server listener on 15000] INFO  ipc.Server (Server.java:run(1402)) - IPC Server listener on 15000: starting
2023-09-15 05:01:34,610 [main] INFO  server.SCMBlockProtocolServer (SCMBlockProtocolServer.java:start(154)) - RPC server for Block Protocol is listening at /0.0.0.0:15001
2023-09-15 05:01:34,613 [IPC Server Responder] INFO  ipc.Server (Server.java:run(1562)) - IPC Server Responder: starting
2023-09-15 05:01:34,615 [IPC Server listener on 15001] INFO  ipc.Server (Server.java:run(1402)) - IPC Server listener on 15001: starting
2023-09-15 05:01:34,619 [main] INFO  server.SCMDatanodeProtocolServer (SCMDatanodeProtocolServer.java:start(193)) - ScmDatanodeProtocol RPC server for DataNodes is listening at /0.0.0.0:15002
2023-09-15 05:01:34,620 [IPC Server Responder] INFO  ipc.Server (Server.java:run(1562)) - IPC Server Responder: starting
2023-09-15 05:01:34,621 [IPC Server listener on 15002] INFO  ipc.Server (Server.java:run(1402)) - IPC Server listener on 15002: starting
2023-09-15 05:01:34,647 [JvmPauseMonitor0] INFO  util.JvmPauseMonitor (JvmPauseMonitor.java:run(103)) - JvmPauseMonitor-5d3e2595-dea5-4fd1-9d34-73e13793f983: Started
2023-09-15 05:01:34,659 [main] INFO  http.BaseHttpServer (BaseHttpServer.java:newHttpServer2BuilderForOzone(223)) - Starting Web-server for scm at: http://0.0.0.0:15003
2023-09-15 05:01:34,662 [main] INFO  http.BaseHttpServer (BaseHttpServer.java:<init>(110)) - Hadoop Security Enabled: false Ozone Security Enabled: false Ozone HTTP Security Enabled: false 
2023-09-15 05:01:34,683 [main] WARN  server.AuthenticationFilter (AuthenticationFilter.java:constructSecretProvider(240)) - Unable to initialize FileSignerSecretProvider, falling back to use random secrets. Reason: Could not read signature secret file: /home/runner/hadoop-http-auth-signature-secret
2023-09-15 05:01:34,689 [main] INFO  http.HttpRequestLog (HttpRequestLog.java:getRequestLog(86)) - Http request log for http.requests.scm is not defined
2023-09-15 05:01:34,696 [main] INFO  http.HttpServer2 (HttpServer2.java:addGlobalFilter(1031)) - Added global filter 'safety' (class=org.apache.hadoop.hdds.server.http.HttpServer2$QuotingInputFilter)
2023-09-15 05:01:34,697 [main] INFO  http.HttpServer2 (HttpServer2.java:addFilter(1007)) - Added filter static_user_filter (class=org.apache.hadoop.http.lib.StaticUserWebFilter$StaticUserFilter) to context scm
2023-09-15 05:01:34,697 [main] INFO  http.HttpServer2 (HttpServer2.java:addFilter(1015)) - Added filter static_user_filter (class=org.apache.hadoop.http.lib.StaticUserWebFilter$StaticUserFilter) to context logs
2023-09-15 05:01:34,697 [main] INFO  http.HttpServer2 (HttpServer2.java:addFilter(1015)) - Added filter static_user_filter (class=org.apache.hadoop.http.lib.StaticUserWebFilter$StaticUserFilter) to context static
2023-09-15 05:01:34,705 [main] INFO  http.BaseHttpServer (BaseHttpServer.java:<init>(189)) - HTTP server of scm uses base directory /home/runner/work/ozone/ozone/hadoop-ozone/integration-test/target/test-dir/MiniOzoneClusterImpl-0a18362f-1832-4b81-b629-935968d04e12/ozone-meta/webserver
2023-09-15 05:01:34,706 [main] INFO  http.HttpServer2 (HttpServer2.java:bindListener(1231)) - Jetty bound to port 15003
2023-09-15 05:01:34,706 [main] INFO  server.Server (Server.java:doStart(375)) - jetty-9.4.51.v20230217; built: 2023-02-17T08:19:37.309Z; git: b45c405e4544384de066f814ed42ae3dceacdd49; jvm 1.8.0_382-b05
2023-09-15 05:01:34,715 [main] INFO  server.session (DefaultSessionIdManager.java:doStart(334)) - DefaultSessionIdManager workerName=node0
2023-09-15 05:01:34,715 [main] INFO  server.session (DefaultSessionIdManager.java:doStart(339)) - No SessionScavenger set, using defaults
2023-09-15 05:01:34,715 [main] INFO  server.session (HouseKeeper.java:startScavenging(132)) - node0 Scavenging every 600000ms
2023-09-15 05:01:34,718 [main] INFO  handler.ContextHandler (ContextHandler.java:doStart(921)) - Started o.e.j.s.ServletContextHandler@4d400e77{logs,/logs,file:///home/runner/work/ozone/ozone/hadoop-ozone/integration-test/target/log,AVAILABLE}
2023-09-15 05:01:34,719 [main] INFO  handler.ContextHandler (ContextHandler.java:doStart(921)) - Started o.e.j.s.ServletContextHandler@7265db9d{static,/static,file:///home/runner/work/ozone/ozone/hadoop-ozone/integration-test/target/test-classes/webapps/static,AVAILABLE}
2023-09-15 05:01:34,726 [main] INFO  handler.ContextHandler (ContextHandler.java:doStart(921)) - Started o.e.j.w.WebAppContext@5d1acb3a{scm,/,file:///home/runner/work/ozone/ozone/hadoop-ozone/integration-test/target/test-classes/webapps/scm/,AVAILABLE}{file:/home/runner/work/ozone/ozone/hadoop-ozone/integration-test/target/test-classes/webapps/scm}
2023-09-15 05:01:34,733 [main] INFO  server.AbstractConnector (AbstractConnector.java:doStart(333)) - Started ServerConnector@357f7e2d{HTTP/1.1, (http/1.1)}{0.0.0.0:15003}
2023-09-15 05:01:34,736 [main] INFO  server.Server (Server.java:doStart(415)) - Started @8607ms
2023-09-15 05:01:34,744 [main] INFO  impl.MetricsSinkAdapter (MetricsSinkAdapter.java:start(204)) - Sink prometheus started
2023-09-15 05:01:34,744 [main] INFO  impl.MetricsSystemImpl (MetricsSystemImpl.java:registerSink(305)) - Registered sink prometheus
2023-09-15 05:01:34,745 [main] INFO  http.BaseHttpServer (BaseHttpServer.java:updateConnectorAddress(354)) - HTTP server of scm listening at http://0.0.0.0:15003
2023-09-15 05:01:34,748 [main] WARN  server.ServerUtils (ServerUtils.java:getDBPath(311)) - ozone.om.db.dirs is not configured. We recommend adding this setting. Falling back to ozone.metadata.dirs instead.
2023-09-15 05:01:34,767 [main] INFO  ha.OMHANodeDetails (OMHANodeDetails.java:loadOMHAConfig(115)) - ozone.om.internal.service.id is not defined, falling back to ozone.om.service.ids to find serviceID for OzoneManager if it is HA enabled cluster
2023-09-15 05:01:34,775 [main] INFO  ha.OMHANodeDetails (OMHANodeDetails.java:loadOMHAConfig(226)) - Configuration does not have ozone.om.address set. Falling back to the default OM address /127.0.0.1:15004
2023-09-15 05:01:34,776 [main] INFO  ha.OMHANodeDetails (OMHANodeDetails.java:getOMNodeDetailsForNonHA(254)) - OM Service ID is not set. Setting it to the default ID: omServiceIdDefault
2023-09-15 05:01:34,776 [main] INFO  ha.OMHANodeDetails (OMHANodeDetails.java:getOMNodeDetailsForNonHA(261)) - OM Node ID is not set. Setting it to the default ID: om1
2023-09-15 05:01:34,784 [main] WARN  server.ServerUtils (ServerUtils.java:getDBPath(311)) - ozone.om.db.dirs is not configured. We recommend adding this setting. Falling back to ozone.metadata.dirs instead.
2023-09-15 05:01:34,788 [main] INFO  upgrade.AbstractLayoutVersionManager (AbstractLayoutVersionManager.java:init(83)) - Initializing Layout version manager with metadata layout = QUOTA (version = 6), software layout = QUOTA (version = 6)
2023-09-15 05:01:34,905 [main] INFO  reflections.Reflections (Reflections.java:scan(232)) - Reflections took 113 ms to scan 2 urls, producing 187 keys and 515 values [using 2 cores]
2023-09-15 05:01:34,910 [main] INFO  upgrade.OMLayoutVersionManager (OMLayoutVersionManager.java:lambda$0(115)) - Skipping Upgrade Action QuotaRepairUpgradeAction since it has been finalized.
2023-09-15 05:01:34,913 [main] INFO  upgrade.OMLayoutVersionManager (OMLayoutVersionManager.java:lambda$0(115)) - Skipping Upgrade Action MockOmUpgradeAction since it has been finalized.
2023-09-15 05:01:34,915 [main] WARN  server.ServerUtils (ServerUtils.java:getDBPath(311)) - ozone.om.db.dirs is not configured. We recommend adding this setting. Falling back to ozone.metadata.dirs instead.
2023-09-15 05:01:35,087 [main] INFO  proxy.SCMBlockLocationFailoverProxyProvider (SCMBlockLocationFailoverProxyProvider.java:<init>(114)) - Created block location fail-over proxy with 1 nodes: [nodeId=scmNodeId,nodeAddress=/0.0.0.0:15001]
2023-09-15 05:01:35,157 [main] INFO  om.OzoneManager (OzoneManager.java:<init>(665)) - OM start with adminUsers: [runner]
2023-09-15 05:01:35,178 [main] WARN  server.ServerUtils (ServerUtils.java:getDBPath(311)) - ozone.om.db.dirs is not configured. We recommend adding this setting. Falling back to ozone.metadata.dirs instead.
2023-09-15 05:01:35,210 [main] INFO  helpers.OmKeyInfo (OmKeyInfo.java:getCodec(71)) - OmKeyInfo.getCodec ignorePipeline = true
2023-09-15 05:01:35,738 [main] INFO  om.OzoneManager (OzoneManager.java:instantiateServices(794)) - S3 Multi-Tenancy is disabled
2023-09-15 05:01:35,750 [main] INFO  security.OzoneSecretStore (OzoneSecretStore.java:loadState(69)) - Loaded 0 tokens
2023-09-15 05:01:35,750 [main] INFO  security.OzoneDelegationTokenSecretManager (OzoneDelegationTokenSecretManager.java:loadTokenSecretState(530)) - Loading token state into token manager.
2023-09-15 05:01:35,779 [main] INFO  om.OmSnapshotManager (OmSnapshotManager.java:<init>(174)) - Ozone filesystem snapshot feature is enabled.
2023-09-15 05:01:35,787 [main] WARN  server.ServerUtils (ServerUtils.java:getDBPath(311)) - ozone.om.snapshot.diff.db.dir is not configured. We recommend adding this setting. Falling back to ozone.metadata.dirs instead.
2023-09-15 05:01:35,834 [main] INFO  utils.NativeLibraryLoader (NativeLibraryLoader.java:loadLibrary(108)) - Loading Library: ozone_rocksdb_tools
2023-09-15 05:01:35,835 [main] INFO  snapshot.SnapshotDiffManager (SnapshotDiffManager.java:closeExecutorService(1718)) - Shutting down executorService: 'SstDumpToolExecutor'
2023-09-15 05:01:35,912 [main] INFO  om.OzoneManager (OzoneManager.java:addS3GVolumeToDB(4305)) - Created Volume s3v With Owner runner required for S3Gateway operations.
2023-09-15 05:01:35,987 [main] WARN  server.ServerUtils (ServerUtils.java:getDefaultRatisDirectory(323)) - Storage directory for Ratis is not configured. It is a good idea to map this to an SSD disk. Falling back to ozone.metadata.dirs
2023-09-15 05:01:35,988 [main] WARN  utils.OzoneManagerRatisUtils (OzoneManagerRatisUtils.java:getOMRatisSnapshotDirectory(464)) - ozone.om.ratis.snapshot.dir is not configured. Falling back to ozone.metadata.dirs config
2023-09-15 05:01:36,005 [main] WARN  server.ServerUtils (ServerUtils.java:getDefaultRatisDirectory(323)) - Storage directory for Ratis is not configured. It is a good idea to map this to an SSD disk. Falling back to ozone.metadata.dirs
2023-09-15 05:01:36,033 [main] INFO  ratis.OzoneManagerRatisServer (OzoneManagerRatisServer.java:<init>(163)) - Instantiating OM Ratis server with groupID: omServiceIdDefault and peers: localhost:15007
2023-09-15 05:01:36,044 [main] INFO  ratis.OzoneManagerStateMachine (OzoneManagerStateMachine.java:loadSnapshotInfoFromDB(687)) - LastAppliedIndex is set from TransactionInfo from OM DB as (t:0, i:~)
2023-09-15 05:01:36,114 [main] INFO  server.RaftServer (ConfUtils.java:logGet(46)) - raft.rpc.type = GRPC (default)
2023-09-15 05:01:36,125 [main] INFO  grpc.GrpcConfigKeys (ConfUtils.java:logFallback(53)) - raft.grpc.admin.host = null (fallback to raft.grpc.server.host)
2023-09-15 05:01:36,127 [main] INFO  grpc.GrpcConfigKeys (ConfUtils.java:logFallback(53)) - raft.grpc.admin.port = 15007 (fallback to raft.grpc.server.port)
2023-09-15 05:01:36,127 [main] INFO  grpc.GrpcConfigKeys (ConfUtils.java:logFallback(53)) - raft.grpc.client.host = null (fallback to raft.grpc.server.host)
2023-09-15 05:01:36,128 [main] INFO  grpc.GrpcConfigKeys (ConfUtils.java:logFallback(53)) - raft.grpc.client.port = 15007 (fallback to raft.grpc.server.port)
2023-09-15 05:01:36,128 [main] INFO  grpc.GrpcConfigKeys (ConfUtils.java:logGet(46)) - raft.grpc.server.host = null (default)
2023-09-15 05:01:36,129 [main] INFO  grpc.GrpcConfigKeys (ConfUtils.java:logGet(46)) - raft.grpc.server.port = 15007 (custom)
2023-09-15 05:01:36,129 [main] INFO  server.GrpcService (ConfUtils.java:logGet(46)) - raft.grpc.message.size.max = 33554432 (custom)
2023-09-15 05:01:36,131 [main] INFO  server.RaftServerConfigKeys (ConfUtils.java:logGet(46)) - raft.server.log.appender.buffer.byte-limit = 33554432 (custom)
2023-09-15 05:01:36,132 [main] INFO  server.GrpcService (ConfUtils.java:logGet(46)) - raft.grpc.flow.control.window = 1MB (=1048576) (default)
2023-09-15 05:01:36,132 [main] INFO  server.RaftServerConfigKeys (ConfUtils.java:logGet(46)) - raft.server.rpc.request.timeout = 3000ms (default)
2023-09-15 05:01:36,146 [main] INFO  grpc.GrpcConfigKeys (ConfUtils.java:logGet(46)) - raft.grpc.server.heartbeat.channel = true (default)
2023-09-15 05:01:36,150 [main] INFO  grpc.GrpcConfigKeys (ConfUtils.java:logGet(46)) - raft.grpc.server.async.request.thread.pool.cached = true (default)
2023-09-15 05:01:36,151 [main] INFO  grpc.GrpcConfigKeys (ConfUtils.java:logGet(46)) - raft.grpc.server.async.request.thread.pool.size = 32 (default)
2023-09-15 05:01:36,402 [main] INFO  impl.DataStreamServerImpl (ConfUtils.java:logGet(46)) - raft.datastream.type = DISABLED (default)
2023-09-15 05:01:36,405 [main] INFO  server.RaftServerConfigKeys (ConfUtils.java:logGet(46)) - raft.server.threadpool.proxy.cached = true (default)
2023-09-15 05:01:36,406 [main] INFO  server.RaftServerConfigKeys (ConfUtils.java:logGet(46)) - raft.server.threadpool.proxy.size = 0 (default)
2023-09-15 05:01:36,406 [main] INFO  server.RaftServerConfigKeys (ConfUtils.java:logGet(46)) - raft.server.rpc.slowness.timeout = 120s (custom)
2023-09-15 05:01:36,406 [main] INFO  server.RaftServerConfigKeys (ConfUtils.java:logGet(46)) - raft.server.leaderelection.leader.step-down.wait-time = 10s (default)
2023-09-15 05:01:36,408 [main] INFO  server.RaftServerConfigKeys (ConfUtils.java:logGet(46)) - raft.server.storage.dir = [/home/runner/work/ozone/ozone/hadoop-ozone/integration-test/target/test-dir/MiniOzoneClusterImpl-0a18362f-1832-4b81-b629-935968d04e12/ozone-meta/ratis] (custom)
2023-09-15 05:01:36,418 [main] INFO  server.RaftServer (RaftServerProxy.java:addNew(98)) - om1: addNew group-C5BA1605619E:[om1|rpc:localhost:15007|priority:0|startupRole:FOLLOWER] returns group-C5BA1605619E:java.util.concurrent.CompletableFuture@561797fd[Not completed]
2023-09-15 05:01:36,419 [main] INFO  om.OzoneManager (OzoneManager.java:initializeRatisServer(2148)) - OzoneManager Ratis server initialized at port 15007
2023-09-15 05:01:36,422 [main] INFO  om.OzoneManager (OzoneManager.java:getRpcServer(1196)) - Creating RPC Server
2023-09-15 05:01:36,451 [om1-groupManagement] INFO  server.RaftServer$Division (RaftServerImpl.java:<init>(198)) - om1: new RaftServerImpl for group-C5BA1605619E:[om1|rpc:localhost:15007|priority:0|startupRole:FOLLOWER] with OzoneManagerStateMachine:uninitialized
2023-09-15 05:01:36,452 [om1-groupManagement] INFO  server.RaftServerConfigKeys (ConfUtils.java:logGet(46)) - raft.server.rpc.timeout.min = 1s (custom)
2023-09-15 05:01:36,453 [om1-groupManagement] INFO  server.RaftServerConfigKeys (ConfUtils.java:logGet(46)) - raft.server.rpc.timeout.max = 1200ms (custom)
2023-09-15 05:01:36,453 [om1-groupManagement] INFO  server.RaftServerConfigKeys (ConfUtils.java:logGet(46)) - raft.server.rpc.sleep.time = 25ms (default)
2023-09-15 05:01:36,453 [om1-groupManagement] INFO  server.RaftServerConfigKeys (ConfUtils.java:logGet(46)) - raft.server.rpc.slowness.timeout = 120s (custom)
2023-09-15 05:01:36,453 [om1-groupManagement] INFO  server.RaftServerConfigKeys (ConfUtils.java:logGet(46)) - raft.server.leaderelection.leader.step-down.wait-time = 10s (default)
2023-09-15 05:01:36,453 [om1-groupManagement] INFO  server.RaftServerConfigKeys (ConfUtils.java:logGet(46)) - raft.server.sleep.deviation.threshold = 300ms (default)
2023-09-15 05:01:36,464 [om1-groupManagement] INFO  server.RaftServer$Division (ServerState.java:<init>(120)) - om1@group-C5BA1605619E: ConfigurationManager, init=-1: peers:[om1|rpc:localhost:15007|priority:0|startupRole:FOLLOWER]|listeners:[], old=null, confs=<EMPTY_MAP>
2023-09-15 05:01:36,464 [om1-groupManagement] INFO  server.RaftServerConfigKeys (ConfUtils.java:logGet(46)) - raft.server.storage.dir = [/home/runner/work/ozone/ozone/hadoop-ozone/integration-test/target/test-dir/MiniOzoneClusterImpl-0a18362f-1832-4b81-b629-935968d04e12/ozone-meta/ratis] (custom)
2023-09-15 05:01:36,475 [om1-groupManagement] INFO  server.RaftServerConfigKeys (ConfUtils.java:logGet(46)) - raft.server.log.corruption.policy = EXCEPTION (default)
2023-09-15 05:01:36,476 [om1-groupManagement] INFO  server.RaftServerConfigKeys (ConfUtils.java:logGet(46)) - raft.server.storage.free-space.min = 0MB (=0) (default)
2023-09-15 05:01:36,485 [om1-groupManagement] INFO  server.RaftServerConfigKeys (ConfUtils.java:logGet(46)) - raft.server.notification.no-leader.timeout = 120s (custom)
2023-09-15 05:01:36,490 [om1-groupManagement] INFO  server.RaftServerConfigKeys (ConfUtils.java:logGet(46)) - raft.server.read.timeout = 10s (default)
2023-09-15 05:01:36,494 [om1-groupManagement] INFO  server.RaftServerConfigKeys (ConfUtils.java:logGet(46)) - raft.server.retrycache.expirytime = 300s (custom)
2023-09-15 05:01:36,494 [om1-groupManagement] INFO  server.RaftServerConfigKeys (ConfUtils.java:logGet(46)) - raft.server.retrycache.statistics.expirytime = 100μs (default)
2023-09-15 05:01:36,532 [om1-groupManagement] INFO  server.RaftServerConfigKeys (ConfUtils.java:logGet(46)) - raft.server.read.option = DEFAULT (default)
2023-09-15 05:01:36,579 [om1-groupManagement] INFO  server.RaftServerConfigKeys (ConfUtils.java:logGet(46)) - raft.server.rpc.request.timeout = 3000ms (default)
2023-09-15 05:01:36,584 [om1-groupManagement] INFO  server.RaftServerConfigKeys (ConfUtils.java:logGet(46)) - raft.server.log.appender.install.snapshot.enabled = false (custom)
2023-09-15 05:01:36,587 [om1-groupManagement] INFO  server.RaftServerConfigKeys (ConfUtils.java:logGet(46)) - raft.server.threadpool.server.cached = true (default)
2023-09-15 05:01:36,592 [om1-groupManagement] INFO  server.RaftServerConfigKeys (ConfUtils.java:logGet(46)) - raft.server.threadpool.server.size = 0 (default)
2023-09-15 05:01:36,593 [om1-groupManagement] INFO  server.RaftServerConfigKeys (ConfUtils.java:logGet(46)) - raft.server.threadpool.client.cached = true (default)
2023-09-15 05:01:36,593 [om1-groupManagement] INFO  server.RaftServerConfigKeys (ConfUtils.java:logGet(46)) - raft.server.threadpool.client.size = 0 (default)
2023-09-15 05:01:37,347 [main] INFO  reflections.Reflections (Reflections.java:scan(232)) - Reflections took 802 ms to scan 20 urls, producing 70 keys and 6003 values [using 2 cores]
2023-09-15 05:01:37,580 [main] INFO  ipc.CallQueueManager (CallQueueManager.java:<init>(90)) - Using callQueue: class java.util.concurrent.LinkedBlockingQueue, queueCapacity: 2000, scheduler: class org.apache.hadoop.ipc.DefaultRpcScheduler, ipcBackoff: false.
2023-09-15 05:01:37,588 [main] INFO  ipc.Server (Server.java:<init>(1287)) - Listener at 127.0.0.1:15004
2023-09-15 05:01:37,588 [Socket Reader #1 for port 15004] INFO  ipc.Server (Server.java:run(1323)) - Starting Socket Reader #1 for port 15004
2023-09-15 05:01:37,629 [main] INFO  impl.MetricsSystemImpl (MetricsSystemImpl.java:init(158)) - OzoneManager metrics system started (again)
2023-09-15 05:01:37,644 [main] INFO  om.OzoneManager (OzoneManager.java:start(1633)) - OzoneManager RPC server is listening at localhost/127.0.0.1:15004
2023-09-15 05:01:37,644 [main] INFO  ratis.OzoneManagerRatisServer (OzoneManagerRatisServer.java:start(558)) - Starting OzoneManagerRatisServer om1 at port 15007
2023-09-15 05:01:37,647 [om1-impl-thread1] INFO  storage.RaftStorageDirectory (RaftStorageDirectoryImpl.java:analyzeStorage(137)) - The storage directory /home/runner/work/ozone/ozone/hadoop-ozone/integration-test/target/test-dir/MiniOzoneClusterImpl-0a18362f-1832-4b81-b629-935968d04e12/ozone-meta/ratis/bf265839-605b-3f16-9796-c5ba1605619e does not exist. Creating ...
2023-09-15 05:01:37,651 [om1-impl-thread1] INFO  storage.RaftStorageDirectory (RaftStorageDirectoryImpl.java:tryLock(231)) - Lock on /home/runner/work/ozone/ozone/hadoop-ozone/integration-test/target/test-dir/MiniOzoneClusterImpl-0a18362f-1832-4b81-b629-935968d04e12/ozone-meta/ratis/bf265839-605b-3f16-9796-c5ba1605619e/in_use.lock acquired by nodename 87703@fv-az371-27
2023-09-15 05:01:37,657 [om1-impl-thread1] INFO  storage.RaftStorage (RaftStorageImpl.java:format(96)) - Storage directory /home/runner/work/ozone/ozone/hadoop-ozone/integration-test/target/test-dir/MiniOzoneClusterImpl-0a18362f-1832-4b81-b629-935968d04e12/ozone-meta/ratis/bf265839-605b-3f16-9796-c5ba1605619e has been successfully formatted.
2023-09-15 05:01:37,661 [om1-impl-thread1] INFO  server.RaftServerConfigKeys (ConfUtils.java:logGet(46)) - raft.server.log.use.memory = false (default)
2023-09-15 05:01:37,669 [om1-impl-thread1] INFO  server.RaftServerConfigKeys (ConfUtils.java:logGet(46)) - raft.server.log.purge.gap = 1000000 (custom)
2023-09-15 05:01:37,669 [om1-impl-thread1] INFO  server.RaftServerConfigKeys (ConfUtils.java:logGet(46)) - raft.server.log.appender.buffer.byte-limit = 33554432 (custom)
2023-09-15 05:01:37,671 [om1-impl-thread1] INFO  server.RaftServerConfigKeys (ConfUtils.java:logGet(46)) - raft.server.log.statemachine.data.read.timeout = 1000ms (default)
2023-09-15 05:01:37,672 [om1-impl-thread1] INFO  server.RaftServerConfigKeys (ConfUtils.java:logGet(46)) - raft.server.log.purge.preservation.log.num = 0 (default)
2023-09-15 05:01:37,674 [om1-impl-thread1] INFO  server.RaftServerConfigKeys (ConfUtils.java:logGet(46)) - raft.server.log.segment.size.max = 4194304 (custom)
2023-09-15 05:01:37,681 [om1-impl-thread1] INFO  server.RaftServerConfigKeys (ConfUtils.java:logGet(46)) - raft.server.log.segment.cache.num.max = 2 (custom)
2023-09-15 05:01:37,681 [om1-impl-thread1] INFO  server.RaftServerConfigKeys (ConfUtils.java:logGet(46)) - raft.server.log.segment.cache.size.max = 200MB (=209715200) (default)
2023-09-15 05:01:37,681 [om1-impl-thread1] INFO  server.RaftServerConfigKeys (ConfUtils.java:logGet(46)) - raft.server.log.appender.buffer.byte-limit = 33554432 (custom)
2023-09-15 05:01:37,688 [om1-impl-thread1] INFO  segmented.SegmentedRaftLogWorker (SegmentedRaftLogWorker.java:<init>(188)) - new om1@group-C5BA1605619E-SegmentedRaftLogWorker for RaftStorageImpl:Storage Directory /home/runner/work/ozone/ozone/hadoop-ozone/integration-test/target/test-dir/MiniOzoneClusterImpl-0a18362f-1832-4b81-b629-935968d04e12/ozone-meta/ratis/bf265839-605b-3f16-9796-c5ba1605619e
2023-09-15 05:01:37,688 [om1-impl-thread1] INFO  server.RaftServerConfigKeys (ConfUtils.java:logGet(46)) - raft.server.log.queue.byte-limit = 64MB (=67108864) (default)
2023-09-15 05:01:37,689 [om1-impl-thread1] INFO  server.RaftServerConfigKeys (ConfUtils.java:logGet(46)) - raft.server.log.queue.element-limit = 4096 (default)
2023-09-15 05:01:37,690 [om1-impl-thread1] INFO  server.RaftServerConfigKeys (ConfUtils.java:logGet(46)) - raft.server.log.segment.size.max = 4194304 (custom)
2023-09-15 05:01:37,690 [om1-impl-thread1] INFO  server.RaftServerConfigKeys (ConfUtils.java:logGet(46)) - raft.server.log.preallocated.size = 4194304 (custom)
2023-09-15 05:01:37,690 [om1-impl-thread1] INFO  server.RaftServerConfigKeys (ConfUtils.java:logGet(46)) - raft.server.log.force.sync.num = 128 (default)
2023-09-15 05:01:37,691 [om1-impl-thread1] INFO  server.RaftServerConfigKeys (ConfUtils.java:logGet(46)) - raft.server.log.statemachine.data.sync = true (default)
2023-09-15 05:01:37,692 [om1-impl-thread1] INFO  server.RaftServerConfigKeys (ConfUtils.java:logGet(46)) - raft.server.log.statemachine.data.sync.timeout = 10s (default)
2023-09-15 05:01:37,692 [om1-impl-thread1] INFO  server.RaftServerConfigKeys (ConfUtils.java:logGet(46)) - raft.server.log.statemachine.data.sync.timeout.retry = -1 (default)
2023-09-15 05:01:37,699 [om1-impl-thread1] INFO  server.RaftServerConfigKeys (ConfUtils.java:logGet(46)) - raft.server.log.write.buffer.size = 64KB (=65536) (default)
2023-09-15 05:01:37,699 [om1-impl-thread1] INFO  server.RaftServerConfigKeys (ConfUtils.java:logGet(46)) - raft.server.log.appender.buffer.byte-limit = 33554432 (custom)
2023-09-15 05:01:37,705 [om1-impl-thread1] INFO  server.RaftServerConfigKeys (ConfUtils.java:logGet(46)) - raft.server.log.unsafe-flush.enabled = false (default)
2023-09-15 05:01:37,705 [om1-impl-thread1] INFO  server.RaftServerConfigKeys (ConfUtils.java:logGet(46)) - raft.server.log.async-flush.enabled = false (default)
2023-09-15 05:01:37,706 [om1-impl-thread1] INFO  server.RaftServerConfigKeys (ConfUtils.java:logGet(46)) - raft.server.log.statemachine.data.caching.enabled = false (default)
2023-09-15 05:01:37,712 [om1-impl-thread1] INFO  segmented.SegmentedRaftLogWorker (SegmentedRaftLogWorker.java:lambda$new$0(135)) - om1@group-C5BA1605619E-SegmentedRaftLogWorker: flushIndex: setUnconditionally 0 -> -1
2023-09-15 05:01:37,712 [om1-impl-thread1] INFO  segmented.SegmentedRaftLogWorker (SegmentedRaftLogWorker.java:lambda$new$0(135)) - om1@group-C5BA1605619E-SegmentedRaftLogWorker: safeCacheEvictIndex: setUnconditionally 0 -> -1
2023-09-15 05:01:37,714 [om1-impl-thread1] INFO  server.RaftServer$Division (RaftServerImpl.java:start(342)) - om1@group-C5BA1605619E: start as a follower, conf=-1: peers:[om1|rpc:localhost:15007|priority:0|startupRole:FOLLOWER]|listeners:[], old=null
2023-09-15 05:01:37,715 [om1-impl-thread1] INFO  server.RaftServer$Division (RaftServerImpl.java:setRole(329)) - om1@group-C5BA1605619E: changes role from      null to FOLLOWER at term 0 for startAsFollower
2023-09-15 05:01:37,717 [om1-impl-thread1] INFO  impl.RoleInfo (RoleInfo.java:updateAndGet(139)) - om1: start om1@group-C5BA1605619E-FollowerState
2023-09-15 05:01:37,718 [om1-impl-thread1] INFO  util.JmxRegister (JmxRegister.java:tryRegister(44)) - Successfully registered JMX Bean with object name Ratis:service=RaftServer,group=group-C5BA1605619E,id=om1
2023-09-15 05:01:37,721 [om1-impl-thread1] INFO  server.RaftServerConfigKeys (ConfUtils.java:logGet(46)) - raft.server.snapshot.auto.trigger.enabled = true (custom)
2023-09-15 05:01:37,721 [om1-impl-thread1] INFO  server.RaftServerConfigKeys (ConfUtils.java:logGet(46)) - raft.server.snapshot.auto.trigger.threshold = 400000 (default)
2023-09-15 05:01:37,722 [om1-impl-thread1] INFO  server.RaftServerConfigKeys (ConfUtils.java:logGet(46)) - raft.server.snapshot.retention.file.num = -1 (default)
2023-09-15 05:01:37,722 [om1-impl-thread1] INFO  server.RaftServerConfigKeys (ConfUtils.java:logGet(46)) - raft.server.log.purge.upto.snapshot.index = true (custom)
2023-09-15 05:01:37,724 [om1@group-C5BA1605619E-FollowerState] INFO  server.RaftServerConfigKeys (ConfUtils.java:logFallback(53)) - raft.server.rpc.first-election.timeout.min = 1s (fallback to raft.server.rpc.timeout.min)
2023-09-15 05:01:37,724 [om1@group-C5BA1605619E-FollowerState] INFO  server.RaftServerConfigKeys (ConfUtils.java:logFallback(53)) - raft.server.rpc.first-election.timeout.max = 1200ms (fallback to raft.server.rpc.timeout.max)
2023-09-15 05:01:37,726 [main] INFO  server.RaftServer (RaftServerProxy.java:startImpl(400)) - om1: start RPC server
2023-09-15 05:01:37,783 [main] INFO  server.GrpcService (GrpcService.java:startImpl(302)) - om1: GrpcService started, listening on 15007
2023-09-15 05:01:37,787 [main] INFO  om.OzoneManager (OzoneManager.java:start(1649)) - Version File has different layout version (6) than OM DB (null). That is expected if this OM has never been finalized to a newer layout version.
2023-09-15 05:01:37,795 [JvmPauseMonitor1] INFO  util.JvmPauseMonitor (JvmPauseMonitor.java:run(103)) - JvmPauseMonitor-om1: Started
2023-09-15 05:01:37,819 [main] INFO  http.BaseHttpServer (BaseHttpServer.java:newHttpServer2BuilderForOzone(223)) - Starting Web-server for ozoneManager at: http://0.0.0.0:15005
2023-09-15 05:01:37,820 [main] INFO  http.BaseHttpServer (BaseHttpServer.java:<init>(110)) - Hadoop Security Enabled: false Ozone Security Enabled: false Ozone HTTP Security Enabled: false 
2023-09-15 05:01:37,822 [main] WARN  server.AuthenticationFilter (AuthenticationFilter.java:constructSecretProvider(240)) - Unable to initialize FileSignerSecretProvider, falling back to use random secrets. Reason: Could not read signature secret file: /home/runner/hadoop-http-auth-signature-secret
2023-09-15 05:01:37,829 [main] INFO  http.HttpRequestLog (HttpRequestLog.java:getRequestLog(86)) - Http request log for http.requests.ozoneManager is not defined
2023-09-15 05:01:37,831 [main] INFO  http.HttpServer2 (HttpServer2.java:addGlobalFilter(1031)) - Added global filter 'safety' (class=org.apache.hadoop.hdds.server.http.HttpServer2$QuotingInputFilter)
2023-09-15 05:01:37,832 [main] INFO  http.HttpServer2 (HttpServer2.java:addFilter(1007)) - Added filter static_user_filter (class=org.apache.hadoop.http.lib.StaticUserWebFilter$StaticUserFilter) to context ozoneManager
2023-09-15 05:01:37,833 [main] INFO  http.HttpServer2 (HttpServer2.java:addFilter(1015)) - Added filter static_user_filter (class=org.apache.hadoop.http.lib.StaticUserWebFilter$StaticUserFilter) to context logs
2023-09-15 05:01:37,833 [main] INFO  http.HttpServer2 (HttpServer2.java:addFilter(1015)) - Added filter static_user_filter (class=org.apache.hadoop.http.lib.StaticUserWebFilter$StaticUserFilter) to context static
2023-09-15 05:01:37,834 [main] INFO  http.BaseHttpServer (BaseHttpServer.java:<init>(189)) - HTTP server of ozoneManager uses base directory /home/runner/work/ozone/ozone/hadoop-ozone/integration-test/target/test-dir/MiniOzoneClusterImpl-0a18362f-1832-4b81-b629-935968d04e12/ozone-meta/webserver
2023-09-15 05:01:37,837 [main] INFO  http.HttpServer2 (HttpServer2.java:bindListener(1231)) - Jetty bound to port 15005
2023-09-15 05:01:37,838 [main] INFO  server.Server (Server.java:doStart(375)) - jetty-9.4.51.v20230217; built: 2023-02-17T08:19:37.309Z; git: b45c405e4544384de066f814ed42ae3dceacdd49; jvm 1.8.0_382-b05
2023-09-15 05:01:37,843 [main] INFO  server.session (DefaultSessionIdManager.java:doStart(334)) - DefaultSessionIdManager workerName=node0
2023-09-15 05:01:37,843 [main] INFO  server.session (DefaultSessionIdManager.java:doStart(339)) - No SessionScavenger set, using defaults
2023-09-15 05:01:37,843 [main] INFO  server.session (HouseKeeper.java:startScavenging(132)) - node0 Scavenging every 600000ms
2023-09-15 05:01:37,844 [main] INFO  handler.ContextHandler (ContextHandler.java:doStart(921)) - Started o.e.j.s.ServletContextHandler@6ca9dba0{logs,/logs,file:///home/runner/work/ozone/ozone/hadoop-ozone/integration-test/target/log,AVAILABLE}
2023-09-15 05:01:37,845 [main] INFO  handler.ContextHandler (ContextHandler.java:doStart(921)) - Started o.e.j.s.ServletContextHandler@7baee2{static,/static,file:///home/runner/work/ozone/ozone/hadoop-ozone/integration-test/target/test-classes/webapps/static,AVAILABLE}
2023-09-15 05:01:37,852 [main] INFO  handler.ContextHandler (ContextHandler.java:doStart(921)) - Started o.e.j.w.WebAppContext@4d828783{ozoneManager,/,file:///home/runner/work/ozone/ozone/hadoop-ozone/integration-test/target/test-classes/webapps/ozoneManager/,AVAILABLE}{file:/home/runner/work/ozone/ozone/hadoop-ozone/integration-test/target/test-classes/webapps/ozoneManager}
2023-09-15 05:01:37,854 [main] INFO  server.AbstractConnector (AbstractConnector.java:doStart(333)) - Started ServerConnector@2479d01b{HTTP/1.1, (http/1.1)}{0.0.0.0:15005}
2023-09-15 05:01:37,854 [main] INFO  server.Server (Server.java:doStart(415)) - Started @11725ms
2023-09-15 05:01:37,854 [main] WARN  impl.MetricsSystemImpl (MetricsSystemImpl.java:register(279)) - Sink prometheus already exists!
2023-09-15 05:01:37,855 [main] INFO  http.BaseHttpServer (BaseHttpServer.java:updateConnectorAddress(354)) - HTTP server of ozoneManager listening at http://0.0.0.0:15005
2023-09-15 05:01:37,855 [IPC Server Responder] INFO  ipc.Server (Server.java:run(1562)) - IPC Server Responder: starting
2023-09-15 05:01:37,855 [IPC Server listener on 15004] INFO  ipc.Server (Server.java:run(1402)) - IPC Server listener on 15004: starting
2023-09-15 05:01:37,857 [main] INFO  om.OzoneManager (OzoneManager.java:startTrashEmptier(2101)) - Trash Interval set to 0. Files deleted won't move to trash
2023-09-15 05:01:38,026 [main] WARN  impl.MetricRegistriesImpl (MetricRegistriesImpl.java:addReporterRegistration(111)) - New reporters are added after registries were created. Some metrics will be missing from the reporter. Please add reporter before adding any new registry.
2023-09-15 05:01:38,026 [main] WARN  impl.MetricRegistriesImpl (MetricRegistriesImpl.java:addReporterRegistration(111)) - New reporters are added after registries were created. Some metrics will be missing from the reporter. Please add reporter before adding any new registry.
2023-09-15 05:01:38,026 [main] INFO  impl.MetricsSystemImpl (MetricsSystemImpl.java:init(158)) - HddsDatanode metrics system started (again)
2023-09-15 05:01:38,055 [main] INFO  ozone.HddsDatanodeService (HddsDatanodeService.java:start(237)) - HddsDatanodeService host:fv-az371-27.ipdn00qvwfrujbrcphh0gwusye.dx.internal.cloudapp.net ip:10.1.0.24
2023-09-15 05:01:38,090 [main] INFO  upgrade.AbstractLayoutVersionManager (AbstractLayoutVersionManager.java:init(83)) - Initializing Layout version manager with metadata layout = HADOOP_PRC_PORTS_IN_DATANODEDETAILS (version = 7), software layout = HADOOP_PRC_PORTS_IN_DATANODEDETAILS (version = 7)
2023-09-15 05:01:38,092 [main] INFO  statemachine.DatanodeStateMachine (DatanodeStateMachine.java:getEndPointTaskThreadPoolSize(282)) - Datanode State Machine Task Thread Pool size 2
2023-09-15 05:01:38,223 [main] INFO  volume.HddsVolume (HddsVolume.java:<init>(126)) - Creating HddsVolume: /home/runner/work/ozone/ozone/hadoop-ozone/integration-test/target/test-dir/MiniOzoneClusterImpl-0a18362f-1832-4b81-b629-935968d04e12/datanode-0/data-0/containers/hdds of storage type : DISK capacity : 9223372036854775807
2023-09-15 05:01:38,226 [main] INFO  volume.MutableVolumeSet (MutableVolumeSet.java:initializeVolumeSet(173)) - Added Volume : /home/runner/work/ozone/ozone/hadoop-ozone/integration-test/target/test-dir/MiniOzoneClusterImpl-0a18362f-1832-4b81-b629-935968d04e12/datanode-0/data-0/containers/hdds to VolumeSet
2023-09-15 05:01:38,229 [main] INFO  volume.MutableVolumeSet (MutableVolumeSet.java:initializeVolumeSet(173)) - Added Volume : /home/runner/work/ozone/ozone/hadoop-ozone/integration-test/target/test-dir/MiniOzoneClusterImpl-0a18362f-1832-4b81-b629-935968d04e12/datanode-0/data/ratis to VolumeSet
2023-09-15 05:01:38,245 [Thread-152] INFO  ozoneimpl.ContainerReader (ContainerReader.java:readVolume(177)) - Finish verifying containers on volume /home/runner/work/ozone/ozone/hadoop-ozone/integration-test/target/test-dir/MiniOzoneClusterImpl-0a18362f-1832-4b81-b629-935968d04e12/datanode-0/data-0/containers/hdds
2023-09-15 05:01:38,245 [main] INFO  ozoneimpl.OzoneContainer (OzoneContainer.java:buildContainerSet(314)) - Build ContainerSet costs 0s
2023-09-15 05:01:38,307 [main] INFO  audit.AuditLogger (AuditLogger.java:refreshDebugCmdSet(126)) - Refresh DebugCmdSet for DNAudit to [].
2023-09-15 05:01:38,344 [main] INFO  server.RaftServer (ConfUtils.java:logGet(46)) - raft.rpc.type = GRPC (default)
2023-09-15 05:01:38,345 [main] INFO  grpc.GrpcConfigKeys (ConfUtils.java:logFallback(53)) - raft.grpc.admin.host = null (fallback to raft.grpc.server.host)
2023-09-15 05:01:38,345 [main] INFO  grpc.GrpcConfigKeys (ConfUtils.java:logGet(46)) - raft.grpc.admin.port = 15013 (custom)
2023-09-15 05:01:38,345 [main] INFO  grpc.GrpcConfigKeys (ConfUtils.java:logFallback(53)) - raft.grpc.client.host = null (fallback to raft.grpc.server.host)
2023-09-15 05:01:38,345 [main] INFO  grpc.GrpcConfigKeys (ConfUtils.java:logGet(46)) - raft.grpc.client.port = 15012 (custom)
2023-09-15 05:01:38,346 [main] INFO  grpc.GrpcConfigKeys (ConfUtils.java:logGet(46)) - raft.grpc.server.host = null (default)
2023-09-15 05:01:38,346 [main] INFO  grpc.GrpcConfigKeys (ConfUtils.java:logGet(46)) - raft.grpc.server.port = 15014 (custom)
2023-09-15 05:01:38,346 [main] INFO  server.GrpcService (ConfUtils.java:logGet(46)) - raft.grpc.message.size.max = 32MB (=33554432) (custom)
2023-09-15 05:01:38,346 [main] INFO  server.RaftServerConfigKeys (ConfUtils.java:logGet(46)) - raft.server.log.appender.buffer.byte-limit = 33554432 (custom)
2023-09-15 05:01:38,346 [main] INFO  server.GrpcService (ConfUtils.java:logGet(46)) - raft.grpc.flow.control.window = 5MB (=5242880) (custom)
2023-09-15 05:01:38,346 [main] INFO  server.RaftServerConfigKeys (ConfUtils.java:logGet(46)) - raft.server.rpc.request.timeout = 60s (custom)
2023-09-15 05:01:38,347 [main] INFO  grpc.GrpcConfigKeys (ConfUtils.java:logGet(46)) - raft.grpc.server.heartbeat.channel = true (default)
2023-09-15 05:01:38,347 [main] INFO  grpc.GrpcConfigKeys (ConfUtils.java:logGet(46)) - raft.grpc.server.async.request.thread.pool.cached = true (default)
2023-09-15 05:01:38,347 [main] INFO  grpc.GrpcConfigKeys (ConfUtils.java:logGet(46)) - raft.grpc.server.async.request.thread.pool.size = 32 (default)
2023-09-15 05:01:38,350 [main] INFO  impl.DataStreamServerImpl (ConfUtils.java:logGet(46)) - raft.datastream.type = NETTY (custom)
2023-09-15 05:01:38,361 [main] INFO  server.RaftServerConfigKeys (ConfUtils.java:logGet(46)) - raft.server.data-stream.async.request.thread.pool.cached = false (default)
2023-09-15 05:01:38,362 [main] INFO  server.RaftServerConfigKeys (ConfUtils.java:logGet(46)) - raft.server.data-stream.async.request.thread.pool.size = 20 (custom)
2023-09-15 05:01:38,362 [main] INFO  server.RaftServerConfigKeys (ConfUtils.java:logGet(46)) - raft.server.data-stream.async.write.thread.pool.size = 16 (default)
2023-09-15 05:01:38,363 [main] INFO  server.RaftServerConfigKeys (ConfUtils.java:logGet(46)) - raft.server.data-stream.client.pool.size = 10 (default)
2023-09-15 05:01:38,366 [main] INFO  netty.NettyConfigKeys$DataStream (ConfUtils.java:logGet(46)) - raft.netty.dataStream.server.use-epoll = false (default)
2023-09-15 05:01:38,367 [main] INFO  netty.NettyConfigKeys$DataStream (ConfUtils.java:logGet(46)) - raft.netty.dataStream.server.boss-group.size = 0 (default)
2023-09-15 05:01:38,375 [main] INFO  netty.NettyConfigKeys$DataStream (ConfUtils.java:logGet(46)) - raft.netty.dataStream.server.worker-group.size = 0 (default)
2023-09-15 05:01:38,391 [main] INFO  netty.NettyConfigKeys$DataStream (ConfUtils.java:logGet(46)) - raft.netty.dataStream.server.tls.conf = null (default)
2023-09-15 05:01:38,392 [main] INFO  netty.NettyConfigKeys$DataStream (ConfUtils.java:logGet(46)) - raft.netty.dataStream.host = null (default)
2023-09-15 05:01:38,393 [main] INFO  netty.NettyConfigKeys$DataStream (ConfUtils.java:logGet(46)) - raft.netty.dataStream.port = 15015 (custom)
2023-09-15 05:01:38,403 [main] INFO  server.RaftServerConfigKeys (ConfUtils.java:logGet(46)) - raft.server.threadpool.proxy.cached = true (default)
2023-09-15 05:01:38,403 [main] INFO  server.RaftServerConfigKeys (ConfUtils.java:logGet(46)) - raft.server.threadpool.proxy.size = 0 (default)
2023-09-15 05:01:38,403 [main] INFO  server.RaftServerConfigKeys (ConfUtils.java:logGet(46)) - raft.server.rpc.slowness.timeout = 300s (custom)
2023-09-15 05:01:38,404 [main] INFO  server.RaftServerConfigKeys (ConfUtils.java:logGet(46)) - raft.server.leaderelection.leader.step-down.wait-time = 10s (default)
2023-09-15 05:01:38,404 [main] INFO  server.RaftServerConfigKeys (ConfUtils.java:logGet(46)) - raft.server.storage.dir = [/home/runner/work/ozone/ozone/hadoop-ozone/integration-test/target/test-dir/MiniOzoneClusterImpl-0a18362f-1832-4b81-b629-935968d04e12/datanode-0/data/ratis] (custom)
2023-09-15 05:01:38,414 [3b898b8b-8841-452f-b538-8e8d26c8d287-impl-thread1] INFO  server.RaftServer (RaftServerProxy.java:initGroupDir(258)) - 3b898b8b-8841-452f-b538-8e8d26c8d287: found a subdirectory /home/runner/work/ozone/ozone/hadoop-ozone/integration-test/target/test-dir/MiniOzoneClusterImpl-0a18362f-1832-4b81-b629-935968d04e12/datanode-0/data/ratis/tmp
2023-09-15 05:01:38,417 [3b898b8b-8841-452f-b538-8e8d26c8d287-impl-thread1] INFO  server.RaftServer (RaftServerProxy.java:initGroupDir(263)) - 3b898b8b-8841-452f-b538-8e8d26c8d287: The directory /home/runner/work/ozone/ozone/hadoop-ozone/integration-test/target/test-dir/MiniOzoneClusterImpl-0a18362f-1832-4b81-b629-935968d04e12/datanode-0/data/ratis/tmp is not a group directory; ignoring it. 
2023-09-15 05:01:38,420 [main] INFO  replication.ReplicationServer (ReplicationServer.java:<init>(83)) - Initializing replication server with thread count = 10 queue length = 4096
2023-09-15 05:01:38,439 [3b898b8b-8841-452f-b538-8e8d26c8d287-NettyServerStreamRpc-bossGroup--thread1] INFO  logging.LoggingHandler (AbstractInternalLogger.java:log(148)) - [id: 0x048f3eb0] REGISTERED
2023-09-15 05:01:38,440 [3b898b8b-8841-452f-b538-8e8d26c8d287-NettyServerStreamRpc-bossGroup--thread1] INFO  logging.LoggingHandler (AbstractInternalLogger.java:log(148)) - [id: 0x048f3eb0] BIND: 0.0.0.0/0.0.0.0:15015
2023-09-15 05:01:38,440 [3b898b8b-8841-452f-b538-8e8d26c8d287-NettyServerStreamRpc-bossGroup--thread1] INFO  logging.LoggingHandler (AbstractInternalLogger.java:log(148)) - [id: 0x048f3eb0, L:/0:0:0:0:0:0:0:0:15015] ACTIVE
2023-09-15 05:01:38,458 [main] INFO  server.XceiverServerGrpc (XceiverServerGrpc.java:<init>(132)) - GrpcServer channel type EpollServerSocketChannel
2023-09-15 05:01:38,696 [main] INFO  replication.ReplicationSupervisor (ReplicationSupervisor.java:build(155)) - Initializing replication supervisor with thread count = 10
2023-09-15 05:01:38,697 [main] INFO  replication.ReplicationSupervisor (ReplicationSupervisor.java:nodeStateUpdated(307)) - Node state updated to IN_SERVICE, scaling executor pool size to 10
2023-09-15 05:01:38,755 [main] INFO  http.BaseHttpServer (BaseHttpServer.java:newHttpServer2BuilderForOzone(223)) - Starting Web-server for hddsDatanode at: http://0.0.0.0:15009
2023-09-15 05:01:38,755 [main] INFO  http.BaseHttpServer (BaseHttpServer.java:<init>(110)) - Hadoop Security Enabled: false Ozone Security Enabled: false Ozone HTTP Security Enabled: false 
2023-09-15 05:01:38,757 [main] WARN  server.AuthenticationFilter (AuthenticationFilter.java:constructSecretProvider(240)) - Unable to initialize FileSignerSecretProvider, falling back to use random secrets. Reason: Could not read signature secret file: /home/runner/hadoop-http-auth-signature-secret
2023-09-15 05:01:38,758 [main] INFO  http.HttpRequestLog (HttpRequestLog.java:getRequestLog(86)) - Http request log for http.requests.hddsDatanode is not defined
2023-09-15 05:01:38,760 [main] INFO  http.HttpServer2 (HttpServer2.java:addGlobalFilter(1031)) - Added global filter 'safety' (class=org.apache.hadoop.hdds.server.http.HttpServer2$QuotingInputFilter)
2023-09-15 05:01:38,761 [main] INFO  http.HttpServer2 (HttpServer2.java:addFilter(1007)) - Added filter static_user_filter (class=org.apache.hadoop.http.lib.StaticUserWebFilter$StaticUserFilter) to context hddsDatanode
2023-09-15 05:01:38,761 [main] INFO  http.HttpServer2 (HttpServer2.java:addFilter(1015)) - Added filter static_user_filter (class=org.apache.hadoop.http.lib.StaticUserWebFilter$StaticUserFilter) to context static
2023-09-15 05:01:38,761 [main] INFO  http.HttpServer2 (HttpServer2.java:addFilter(1015)) - Added filter static_user_filter (class=org.apache.hadoop.http.lib.StaticUserWebFilter$StaticUserFilter) to context logs
2023-09-15 05:01:38,763 [main] INFO  http.BaseHttpServer (BaseHttpServer.java:<init>(189)) - HTTP server of hddsDatanode uses base directory /home/runner/work/ozone/ozone/hadoop-ozone/integration-test/target/test-dir/MiniOzoneClusterImpl-0a18362f-1832-4b81-b629-935968d04e12/datanode-0/meta/webserver
2023-09-15 05:01:38,763 [main] INFO  http.HttpServer2 (HttpServer2.java:bindListener(1231)) - Jetty bound to port 15009
2023-09-15 05:01:38,763 [main] INFO  server.Server (Server.java:doStart(375)) - jetty-9.4.51.v20230217; built: 2023-02-17T08:19:37.309Z; git: b45c405e4544384de066f814ed42ae3dceacdd49; jvm 1.8.0_382-b05
2023-09-15 05:01:38,765 [main] INFO  server.session (DefaultSessionIdManager.java:doStart(334)) - DefaultSessionIdManager workerName=node0
2023-09-15 05:01:38,765 [main] INFO  server.session (DefaultSessionIdManager.java:doStart(339)) - No SessionScavenger set, using defaults
2023-09-15 05:01:38,766 [main] INFO  server.session (HouseKeeper.java:startScavenging(132)) - node0 Scavenging every 660000ms
2023-09-15 05:01:38,767 [main] INFO  handler.ContextHandler (ContextHandler.java:doStart(921)) - Started o.e.j.s.ServletContextHandler@1a9d9a3e{logs,/logs,file:///home/runner/work/ozone/ozone/hadoop-ozone/integration-test/target/log,AVAILABLE}
2023-09-15 05:01:38,767 [main] INFO  handler.ContextHandler (ContextHandler.java:doStart(921)) - Started o.e.j.s.ServletContextHandler@8df2d4f{static,/static,jar:file:/home/runner/.m2/repository/org/apache/ozone/hdds-container-service/1.4.0-SNAPSHOT/hdds-container-service-1.4.0-SNAPSHOT.jar!/webapps/static,AVAILABLE}
2023-09-15 05:01:38,807 [om1@group-C5BA1605619E-FollowerState] INFO  impl.FollowerState (FollowerState.java:run(143)) - om1@group-C5BA1605619E-FollowerState: change to CANDIDATE, lastRpcElapsedTime:1090416392ns, electionTimeout:1082ms
2023-09-15 05:01:38,809 [om1@group-C5BA1605619E-FollowerState] INFO  impl.RoleInfo (RoleInfo.java:shutdownFollowerState(110)) - om1: shutdown om1@group-C5BA1605619E-FollowerState
2023-09-15 05:01:38,810 [om1@group-C5BA1605619E-FollowerState] INFO  server.RaftServer$Division (RaftServerImpl.java:setRole(329)) - om1@group-C5BA1605619E: changes role from  FOLLOWER to CANDIDATE at term 0 for changeToCandidate
2023-09-15 05:01:38,813 [om1@group-C5BA1605619E-FollowerState] INFO  server.RaftServerConfigKeys (ConfUtils.java:logGet(46)) - raft.server.leaderelection.pre-vote = true (default)
2023-09-15 05:01:38,815 [om1@group-C5BA1605619E-FollowerState] INFO  impl.RoleInfo (RoleInfo.java:updateAndGet(139)) - om1: start om1@group-C5BA1605619E-LeaderElection1
2023-09-15 05:01:38,826 [om1@group-C5BA1605619E-LeaderElection1] INFO  impl.LeaderElection (LeaderElection.java:askForVotes(321)) - om1@group-C5BA1605619E-LeaderElection1 PRE_VOTE round 0: submit vote requests at term 0 for -1: peers:[om1|rpc:localhost:15007|priority:0|startupRole:FOLLOWER]|listeners:[], old=null
2023-09-15 05:01:38,829 [om1@group-C5BA1605619E-LeaderElection1] INFO  impl.LeaderElection (LeaderElection.java:askForVotes(323)) - om1@group-C5BA1605619E-LeaderElection1 PRE_VOTE round 0: result PASSED (term=0)
2023-09-15 05:01:38,834 [om1@group-C5BA1605619E-LeaderElection1] INFO  impl.LeaderElection (LeaderElection.java:askForVotes(321)) - om1@group-C5BA1605619E-LeaderElection1 ELECTION round 0: submit vote requests at term 1 for -1: peers:[om1|rpc:localhost:15007|priority:0|startupRole:FOLLOWER]|listeners:[], old=null
2023-09-15 05:01:38,834 [om1@group-C5BA1605619E-LeaderElection1] INFO  impl.LeaderElection (LeaderElection.java:askForVotes(323)) - om1@group-C5BA1605619E-LeaderElection1 ELECTION round 0: result PASSED (term=1)
2023-09-15 05:01:38,834 [om1@group-C5BA1605619E-LeaderElection1] INFO  impl.RoleInfo (RoleInfo.java:shutdownLeaderElection(130)) - om1: shutdown om1@group-C5BA1605619E-LeaderElection1
2023-09-15 05:01:38,834 [om1@group-C5BA1605619E-LeaderElection1] INFO  server.RaftServer$Division (RaftServerImpl.java:setRole(329)) - om1@group-C5BA1605619E: changes role from CANDIDATE to LEADER at term 1 for changeToLeader
2023-09-15 05:01:38,838 [om1@group-C5BA1605619E-LeaderElection1] INFO  server.RaftServer$Division (ServerState.java:setLeader(317)) - om1@group-C5BA1605619E: change Leader from null to om1 at term 1 for becomeLeader, leader elected after 2349ms
2023-09-15 05:01:38,849 [om1@group-C5BA1605619E-LeaderElection1] INFO  server.RaftServerConfigKeys (ConfUtils.java:logGet(46)) - raft.server.staging.catchup.gap = 1000 (default)
2023-09-15 05:01:38,863 [om1@group-C5BA1605619E-LeaderElection1] INFO  server.RaftServerConfigKeys (ConfUtils.java:logGet(46)) - raft.server.write.element-limit = 4096 (default)
2023-09-15 05:01:38,864 [om1@group-C5BA1605619E-LeaderElection1] INFO  server.RaftServerConfigKeys (ConfUtils.java:logGet(46)) - raft.server.write.byte-limit = 64MB (=67108864) (default)
2023-09-15 05:01:38,874 [om1@group-C5BA1605619E-LeaderElection1] INFO  server.RaftServerConfigKeys (ConfUtils.java:logGet(46)) - raft.server.watch.timeout = 10s (default)
2023-09-15 05:01:38,874 [om1@group-C5BA1605619E-LeaderElection1] INFO  server.RaftServerConfigKeys (ConfUtils.java:logGet(46)) - raft.server.watch.timeout.denomination = 1s (default)
2023-09-15 05:01:38,877 [om1@group-C5BA1605619E-LeaderElection1] INFO  server.RaftServerConfigKeys (ConfUtils.java:logGet(46)) - raft.server.watch.element-limit = 65536 (default)
2023-09-15 05:01:38,890 [om1@group-C5BA1605619E-LeaderElection1] INFO  server.RaftServerConfigKeys (ConfUtils.java:logGet(46)) - raft.server.write.element-limit = 4096 (default)
2023-09-15 05:01:38,894 [om1@group-C5BA1605619E-LeaderElection1] INFO  server.RaftServerConfigKeys (ConfUtils.java:logGet(46)) - raft.server.write.follower.gap.ratio.max = -1.0 (default)
2023-09-15 05:01:38,902 [om1@group-C5BA1605619E-LeaderElection1] INFO  impl.RoleInfo (RoleInfo.java:updateAndGet(139)) - om1: start om1@group-C5BA1605619E-LeaderStateImpl
2023-09-15 05:01:38,961 [om1@group-C5BA1605619E-LeaderElection1] INFO  segmented.SegmentedRaftLogWorker (SegmentedRaftLogWorker.java:startLogSegment(447)) - om1@group-C5BA1605619E-SegmentedRaftLogWorker: Starting segment from index:0
2023-09-15 05:01:39,017 [om1@group-C5BA1605619E-LeaderElection1] INFO  server.RaftServer$Division (ServerState.java:setRaftConf(434)) - om1@group-C5BA1605619E: set configuration 0: peers:[om1|rpc:localhost:15007|admin:|client:|dataStream:|priority:0|startupRole:FOLLOWER]|listeners:[], old=null
2023-09-15 05:01:39,100 [om1@group-C5BA1605619E-SegmentedRaftLogWorker] INFO  segmented.SegmentedRaftLogWorker (SegmentedRaftLogWorker.java:execute(651)) - om1@group-C5BA1605619E-SegmentedRaftLogWorker: created new log segment /home/runner/work/ozone/ozone/hadoop-ozone/integration-test/target/test-dir/MiniOzoneClusterImpl-0a18362f-1832-4b81-b629-935968d04e12/ozone-meta/ratis/bf265839-605b-3f16-9796-c5ba1605619e/current/log_inprogress_0
2023-09-15 05:01:39,146 [main] INFO  handler.ContextHandler (ContextHandler.java:doStart(921)) - Started o.e.j.w.WebAppContext@12a44b61{hddsDatanode,/,file:///home/runner/work/ozone/ozone/hadoop-ozone/integration-test/target/tmp/kms/webapp/,AVAILABLE}{jar:file:/home/runner/.m2/repository/org/apache/ozone/hdds-container-service/1.4.0-SNAPSHOT/hdds-container-service-1.4.0-SNAPSHOT.jar!/webapps/hddsDatanode}
2023-09-15 05:01:39,148 [main] INFO  server.AbstractConnector (AbstractConnector.java:doStart(333)) - Started ServerConnector@223dd1c1{HTTP/1.1, (http/1.1)}{0.0.0.0:15009}
2023-09-15 05:01:39,149 [main] INFO  server.Server (Server.java:doStart(415)) - Started @13020ms
2023-09-15 05:01:39,149 [main] WARN  impl.MetricsSystemImpl (MetricsSystemImpl.java:register(279)) - Sink prometheus already exists!
2023-09-15 05:01:39,150 [main] INFO  http.BaseHttpServer (BaseHttpServer.java:updateConnectorAddress(354)) - HTTP server of hddsDatanode listening at http://0.0.0.0:15009
2023-09-15 05:01:39,160 [main] INFO  ipc.CallQueueManager (CallQueueManager.java:<init>(90)) - Using callQueue: class java.util.concurrent.LinkedBlockingQueue, queueCapacity: 100, scheduler: class org.apache.hadoop.ipc.DefaultRpcScheduler, ipcBackoff: false.
2023-09-15 05:01:39,160 [main] INFO  ipc.Server (Server.java:<init>(1287)) - Listener at 0.0.0.0:15010
2023-09-15 05:01:39,161 [Socket Reader #1 for port 15010] INFO  ipc.Server (Server.java:run(1323)) - Starting Socket Reader #1 for port 15010
2023-09-15 05:01:39,172 [main] INFO  ozone.HddsDatanodeService (HddsDatanodeService.java:start(315)) - Datanode start with admins: [runner]
2023-09-15 05:01:39,172 [main] INFO  ozone.HddsDatanodeClientProtocolServer (HddsDatanodeClientProtocolServer.java:start(72)) - RPC server for Client /0.0.0.0:15010
2023-09-15 05:01:39,177 [IPC Server Responder] INFO  ipc.Server (Server.java:run(1562)) - IPC Server Responder: starting
2023-09-15 05:01:39,182 [IPC Server listener on 15010] INFO  ipc.Server (Server.java:run(1402)) - IPC Server listener on 15010: starting
2023-09-15 05:01:39,188 [main] WARN  impl.MetricRegistriesImpl (MetricRegistriesImpl.java:addReporterRegistration(111)) - New reporters are added after registries were created. Some metrics will be missing from the reporter. Please add reporter before adding any new registry.
2023-09-15 05:01:39,188 [main] WARN  impl.MetricRegistriesImpl (MetricRegistriesImpl.java:addReporterRegistration(111)) - New reporters are added after registries were created. Some metrics will be missing from the reporter. Please add reporter before adding any new registry.
2023-09-15 05:01:39,188 [main] INFO  impl.MetricsSystemImpl (MetricsSystemImpl.java:init(158)) - HddsDatanode metrics system started (again)
2023-09-15 05:01:39,189 [Datanode State Machine Daemon Thread] INFO  statemachine.DatanodeStateMachine (DatanodeStateMachine.java:lambda$startDaemon$0(538)) - Ozone container server started.
2023-09-15 05:01:39,214 [main] INFO  ozone.HddsDatanodeService (HddsDatanodeService.java:start(237)) - HddsDatanodeService host:fv-az371-27.ipdn00qvwfrujbrcphh0gwusye.dx.internal.cloudapp.net ip:10.1.0.24
2023-09-15 05:01:39,256 [main] INFO  upgrade.AbstractLayoutVersionManager (AbstractLayoutVersionManager.java:init(83)) - Initializing Layout version manager with metadata layout = HADOOP_PRC_PORTS_IN_DATANODEDETAILS (version = 7), software layout = HADOOP_PRC_PORTS_IN_DATANODEDETAILS (version = 7)
2023-09-15 05:01:39,259 [main] INFO  statemachine.DatanodeStateMachine (DatanodeStateMachine.java:getEndPointTaskThreadPoolSize(282)) - Datanode State Machine Task Thread Pool size 2
2023-09-15 05:01:39,266 [main] INFO  volume.HddsVolume (HddsVolume.java:<init>(126)) - Creating HddsVolume: /home/runner/work/ozone/ozone/hadoop-ozone/integration-test/target/test-dir/MiniOzoneClusterImpl-0a18362f-1832-4b81-b629-935968d04e12/datanode-1/data-0/containers/hdds of storage type : DISK capacity : 9223372036854775807
2023-09-15 05:01:39,266 [main] INFO  volume.MutableVolumeSet (MutableVolumeSet.java:initializeVolumeSet(173)) - Added Volume : /home/runner/work/ozone/ozone/hadoop-ozone/integration-test/target/test-dir/MiniOzoneClusterImpl-0a18362f-1832-4b81-b629-935968d04e12/datanode-1/data-0/containers/hdds to VolumeSet
2023-09-15 05:01:39,269 [main] INFO  volume.MutableVolumeSet (MutableVolumeSet.java:initializeVolumeSet(173)) - Added Volume : /home/runner/work/ozone/ozone/hadoop-ozone/integration-test/target/test-dir/MiniOzoneClusterImpl-0a18362f-1832-4b81-b629-935968d04e12/datanode-1/data/ratis to VolumeSet
2023-09-15 05:01:39,284 [Thread-171] INFO  ozoneimpl.ContainerReader (ContainerReader.java:readVolume(177)) - Finish verifying containers on volume /home/runner/work/ozone/ozone/hadoop-ozone/integration-test/target/test-dir/MiniOzoneClusterImpl-0a18362f-1832-4b81-b629-935968d04e12/datanode-1/data-0/containers/hdds
2023-09-15 05:01:39,284 [main] INFO  ozoneimpl.OzoneContainer (OzoneContainer.java:buildContainerSet(314)) - Build ContainerSet costs 0s
2023-09-15 05:01:39,288 [main] INFO  server.RaftServer (ConfUtils.java:logGet(46)) - raft.rpc.type = GRPC (default)
2023-09-15 05:01:39,289 [main] INFO  grpc.GrpcConfigKeys (ConfUtils.java:logFallback(53)) - raft.grpc.admin.host = null (fallback to raft.grpc.server.host)
2023-09-15 05:01:39,289 [main] INFO  grpc.GrpcConfigKeys (ConfUtils.java:logGet(46)) - raft.grpc.admin.port = 15022 (custom)
2023-09-15 05:01:39,289 [main] INFO  grpc.GrpcConfigKeys (ConfUtils.java:logFallback(53)) - raft.grpc.client.host = null (fallback to raft.grpc.server.host)
2023-09-15 05:01:39,289 [main] INFO  grpc.GrpcConfigKeys (ConfUtils.java:logGet(46)) - raft.grpc.client.port = 15021 (custom)
2023-09-15 05:01:39,289 [main] INFO  grpc.GrpcConfigKeys (ConfUtils.java:logGet(46)) - raft.grpc.server.host = null (default)
2023-09-15 05:01:39,289 [main] INFO  grpc.GrpcConfigKeys (ConfUtils.java:logGet(46)) - raft.grpc.server.port = 15023 (custom)
2023-09-15 05:01:39,290 [main] INFO  server.GrpcService (ConfUtils.java:logGet(46)) - raft.grpc.message.size.max = 32MB (=33554432) (custom)
2023-09-15 05:01:39,290 [main] INFO  server.RaftServerConfigKeys (ConfUtils.java:logGet(46)) - raft.server.log.appender.buffer.byte-limit = 33554432 (custom)
2023-09-15 05:01:39,290 [main] INFO  server.GrpcService (ConfUtils.java:logGet(46)) - raft.grpc.flow.control.window = 5MB (=5242880) (custom)
2023-09-15 05:01:39,290 [main] INFO  server.RaftServerConfigKeys (ConfUtils.java:logGet(46)) - raft.server.rpc.request.timeout = 60s (custom)
2023-09-15 05:01:39,290 [main] INFO  grpc.GrpcConfigKeys (ConfUtils.java:logGet(46)) - raft.grpc.server.heartbeat.channel = true (default)
2023-09-15 05:01:39,290 [main] INFO  grpc.GrpcConfigKeys (ConfUtils.java:logGet(46)) - raft.grpc.server.async.request.thread.pool.cached = true (default)
2023-09-15 05:01:39,291 [main] INFO  grpc.GrpcConfigKeys (ConfUtils.java:logGet(46)) - raft.grpc.server.async.request.thread.pool.size = 32 (default)
2023-09-15 05:01:39,298 [main] INFO  impl.DataStreamServerImpl (ConfUtils.java:logGet(46)) - raft.datastream.type = NETTY (custom)
2023-09-15 05:01:39,297 [om1@group-C5BA1605619E-StateMachineUpdater] INFO  ratis.OzoneManagerStateMachine (OzoneManagerStateMachine.java:notifyConfigurationChanged(202)) - Received Configuration change notification from Ratis. New Peer list:
[id: "om1"
address: "localhost:15007"
startupRole: FOLLOWER
]
2023-09-15 05:01:39,299 [main] INFO  server.RaftServerConfigKeys (ConfUtils.java:logGet(46)) - raft.server.data-stream.async.request.thread.pool.cached = false (default)
2023-09-15 05:01:39,299 [main] INFO  server.RaftServerConfigKeys (ConfUtils.java:logGet(46)) - raft.server.data-stream.async.request.thread.pool.size = 20 (custom)
2023-09-15 05:01:39,299 [main] INFO  server.RaftServerConfigKeys (ConfUtils.java:logGet(46)) - raft.server.data-stream.async.write.thread.pool.size = 16 (default)
2023-09-15 05:01:39,299 [main] INFO  server.RaftServerConfigKeys (ConfUtils.java:logGet(46)) - raft.server.data-stream.client.pool.size = 10 (default)
2023-09-15 05:01:39,300 [main] INFO  netty.NettyConfigKeys$DataStream (ConfUtils.java:logGet(46)) - raft.netty.dataStream.server.use-epoll = false (default)
2023-09-15 05:01:39,300 [main] INFO  netty.NettyConfigKeys$DataStream (ConfUtils.java:logGet(46)) - raft.netty.dataStream.server.boss-group.size = 0 (default)
2023-09-15 05:01:39,300 [main] INFO  netty.NettyConfigKeys$DataStream (ConfUtils.java:logGet(46)) - raft.netty.dataStream.server.worker-group.size = 0 (default)
2023-09-15 05:01:39,301 [main] INFO  netty.NettyConfigKeys$DataStream (ConfUtils.java:logGet(46)) - raft.netty.dataStream.server.tls.conf = null (default)
2023-09-15 05:01:39,301 [main] INFO  netty.NettyConfigKeys$DataStream (ConfUtils.java:logGet(46)) - raft.netty.dataStream.host = null (default)
2023-09-15 05:01:39,301 [main] INFO  netty.NettyConfigKeys$DataStream (ConfUtils.java:logGet(46)) - raft.netty.dataStream.port = 15024 (custom)
2023-09-15 05:01:39,302 [main] INFO  server.RaftServerConfigKeys (ConfUtils.java:logGet(46)) - raft.server.threadpool.proxy.cached = true (default)
2023-09-15 05:01:39,302 [main] INFO  server.RaftServerConfigKeys (ConfUtils.java:logGet(46)) - raft.server.threadpool.proxy.size = 0 (default)
2023-09-15 05:01:39,302 [main] INFO  server.RaftServerConfigKeys (ConfUtils.java:logGet(46)) - raft.server.rpc.slowness.timeout = 300s (custom)
2023-09-15 05:01:39,302 [main] INFO  server.RaftServerConfigKeys (ConfUtils.java:logGet(46)) - raft.server.leaderelection.leader.step-down.wait-time = 10s (default)
2023-09-15 05:01:39,303 [main] INFO  server.RaftServerConfigKeys (ConfUtils.java:logGet(46)) - raft.server.storage.dir = [/home/runner/work/ozone/ozone/hadoop-ozone/integration-test/target/test-dir/MiniOzoneClusterImpl-0a18362f-1832-4b81-b629-935968d04e12/datanode-1/data/ratis] (custom)
2023-09-15 05:01:39,308 [dd1e58ff-ca4a-47cb-ae71-8fc517aad200-impl-thread1] INFO  server.RaftServer (RaftServerProxy.java:initGroupDir(258)) - dd1e58ff-ca4a-47cb-ae71-8fc517aad200: found a subdirectory /home/runner/work/ozone/ozone/hadoop-ozone/integration-test/target/test-dir/MiniOzoneClusterImpl-0a18362f-1832-4b81-b629-935968d04e12/datanode-1/data/ratis/tmp
2023-09-15 05:01:39,308 [dd1e58ff-ca4a-47cb-ae71-8fc517aad200-impl-thread1] INFO  server.RaftServer (RaftServerProxy.java:initGroupDir(263)) - dd1e58ff-ca4a-47cb-ae71-8fc517aad200: The directory /home/runner/work/ozone/ozone/hadoop-ozone/integration-test/target/test-dir/MiniOzoneClusterImpl-0a18362f-1832-4b81-b629-935968d04e12/datanode-1/data/ratis/tmp is not a group directory; ignoring it. 
2023-09-15 05:01:39,309 [main] INFO  replication.ReplicationServer (ReplicationServer.java:<init>(83)) - Initializing replication server with thread count = 10 queue length = 4096
2023-09-15 05:01:39,310 [main] INFO  server.XceiverServerGrpc (XceiverServerGrpc.java:<init>(132)) - GrpcServer channel type EpollServerSocketChannel
2023-09-15 05:01:39,317 [main] INFO  replication.ReplicationSupervisor (ReplicationSupervisor.java:build(155)) - Initializing replication supervisor with thread count = 10
2023-09-15 05:01:39,318 [main] INFO  replication.ReplicationSupervisor (ReplicationSupervisor.java:nodeStateUpdated(307)) - Node state updated to IN_SERVICE, scaling executor pool size to 10
2023-09-15 05:01:39,318 [dd1e58ff-ca4a-47cb-ae71-8fc517aad200-NettyServerStreamRpc-bossGroup--thread1] INFO  logging.LoggingHandler (AbstractInternalLogger.java:log(148)) - [id: 0x429208b6] REGISTERED
2023-09-15 05:01:39,322 [dd1e58ff-ca4a-47cb-ae71-8fc517aad200-NettyServerStreamRpc-bossGroup--thread1] INFO  logging.LoggingHandler (AbstractInternalLogger.java:log(148)) - [id: 0x429208b6] BIND: 0.0.0.0/0.0.0.0:15024
2023-09-15 05:01:39,322 [dd1e58ff-ca4a-47cb-ae71-8fc517aad200-NettyServerStreamRpc-bossGroup--thread1] INFO  logging.LoggingHandler (AbstractInternalLogger.java:log(148)) - [id: 0x429208b6, L:/0:0:0:0:0:0:0:0:15024] ACTIVE
2023-09-15 05:01:39,325 [main] INFO  http.BaseHttpServer (BaseHttpServer.java:newHttpServer2BuilderForOzone(223)) - Starting Web-server for hddsDatanode at: http://0.0.0.0:15018
2023-09-15 05:01:39,325 [main] INFO  http.BaseHttpServer (BaseHttpServer.java:<init>(110)) - Hadoop Security Enabled: false Ozone Security Enabled: false Ozone HTTP Security Enabled: false 
2023-09-15 05:01:39,328 [main] WARN  server.AuthenticationFilter (AuthenticationFilter.java:constructSecretProvider(240)) - Unable to initialize FileSignerSecretProvider, falling back to use random secrets. Reason: Could not read signature secret file: /home/runner/hadoop-http-auth-signature-secret
2023-09-15 05:01:39,330 [main] INFO  http.HttpRequestLog (HttpRequestLog.java:getRequestLog(86)) - Http request log for http.requests.hddsDatanode is not defined
2023-09-15 05:01:39,331 [main] INFO  http.HttpServer2 (HttpServer2.java:addGlobalFilter(1031)) - Added global filter 'safety' (class=org.apache.hadoop.hdds.server.http.HttpServer2$QuotingInputFilter)
2023-09-15 05:01:39,333 [main] INFO  http.HttpServer2 (HttpServer2.java:addFilter(1007)) - Added filter static_user_filter (class=org.apache.hadoop.http.lib.StaticUserWebFilter$StaticUserFilter) to context hddsDatanode
2023-09-15 05:01:39,333 [main] INFO  http.HttpServer2 (HttpServer2.java:addFilter(1015)) - Added filter static_user_filter (class=org.apache.hadoop.http.lib.StaticUserWebFilter$StaticUserFilter) to context static
2023-09-15 05:01:39,333 [main] INFO  http.HttpServer2 (HttpServer2.java:addFilter(1015)) - Added filter static_user_filter (class=org.apache.hadoop.http.lib.StaticUserWebFilter$StaticUserFilter) to context logs
2023-09-15 05:01:39,334 [main] INFO  http.BaseHttpServer (BaseHttpServer.java:<init>(189)) - HTTP server of hddsDatanode uses base directory /home/runner/work/ozone/ozone/hadoop-ozone/integration-test/target/test-dir/MiniOzoneClusterImpl-0a18362f-1832-4b81-b629-935968d04e12/datanode-1/meta/webserver
2023-09-15 05:01:39,335 [main] INFO  http.HttpServer2 (HttpServer2.java:bindListener(1231)) - Jetty bound to port 15018
2023-09-15 05:01:39,335 [main] INFO  server.Server (Server.java:doStart(375)) - jetty-9.4.51.v20230217; built: 2023-02-17T08:19:37.309Z; git: b45c405e4544384de066f814ed42ae3dceacdd49; jvm 1.8.0_382-b05
2023-09-15 05:01:39,371 [main] INFO  server.session (DefaultSessionIdManager.java:doStart(334)) - DefaultSessionIdManager workerName=node0
2023-09-15 05:01:39,372 [main] INFO  server.session (DefaultSessionIdManager.java:doStart(339)) - No SessionScavenger set, using defaults
2023-09-15 05:01:39,372 [main] INFO  server.session (HouseKeeper.java:startScavenging(132)) - node0 Scavenging every 660000ms
2023-09-15 05:01:39,376 [main] INFO  handler.ContextHandler (ContextHandler.java:doStart(921)) - Started o.e.j.s.ServletContextHandler@40486321{logs,/logs,file:///home/runner/work/ozone/ozone/hadoop-ozone/integration-test/target/log,AVAILABLE}
2023-09-15 05:01:39,376 [main] INFO  handler.ContextHandler (ContextHandler.java:doStart(921)) - Started o.e.j.s.ServletContextHandler@6f6e3748{static,/static,jar:file:/home/runner/.m2/repository/org/apache/ozone/hdds-container-service/1.4.0-SNAPSHOT/hdds-container-service-1.4.0-SNAPSHOT.jar!/webapps/static,AVAILABLE}
2023-09-15 05:01:39,422 [Datanode State Machine Task Thread - 0] INFO  datanode.InitDatanodeState (InitDatanodeState.java:persistContainerDatanodeDetails(138)) - DatanodeDetails is persisted to /home/runner/work/ozone/ozone/hadoop-ozone/integration-test/target/test-dir/MiniOzoneClusterImpl-0a18362f-1832-4b81-b629-935968d04e12/datanode-0/meta/datanode.id
2023-09-15 05:01:39,638 [main] INFO  handler.ContextHandler (ContextHandler.java:doStart(921)) - Started o.e.j.w.WebAppContext@78d232ff{hddsDatanode,/,file:///home/runner/work/ozone/ozone/hadoop-ozone/integration-test/target/tmp/kms/webapp/,AVAILABLE}{jar:file:/home/runner/.m2/repository/org/apache/ozone/hdds-container-service/1.4.0-SNAPSHOT/hdds-container-service-1.4.0-SNAPSHOT.jar!/webapps/hddsDatanode}
2023-09-15 05:01:39,640 [main] INFO  server.AbstractConnector (AbstractConnector.java:doStart(333)) - Started ServerConnector@1ca06c48{HTTP/1.1, (http/1.1)}{0.0.0.0:15018}
2023-09-15 05:01:39,640 [main] INFO  server.Server (Server.java:doStart(415)) - Started @13512ms
2023-09-15 05:01:39,640 [main] WARN  impl.MetricsSystemImpl (MetricsSystemImpl.java:register(279)) - Sink prometheus already exists!
2023-09-15 05:01:39,642 [main] INFO  http.BaseHttpServer (BaseHttpServer.java:updateConnectorAddress(354)) - HTTP server of hddsDatanode listening at http://0.0.0.0:15018
2023-09-15 05:01:39,642 [main] INFO  ipc.CallQueueManager (CallQueueManager.java:<init>(90)) - Using callQueue: class java.util.concurrent.LinkedBlockingQueue, queueCapacity: 100, scheduler: class org.apache.hadoop.ipc.DefaultRpcScheduler, ipcBackoff: false.
2023-09-15 05:01:39,643 [main] INFO  ipc.Server (Server.java:<init>(1287)) - Listener at 0.0.0.0:15019
2023-09-15 05:01:39,643 [Socket Reader #1 for port 15019] INFO  ipc.Server (Server.java:run(1323)) - Starting Socket Reader #1 for port 15019
2023-09-15 05:01:39,646 [main] INFO  ozone.HddsDatanodeService (HddsDatanodeService.java:start(315)) - Datanode start with admins: [runner]
2023-09-15 05:01:39,646 [main] INFO  ozone.HddsDatanodeClientProtocolServer (HddsDatanodeClientProtocolServer.java:start(72)) - RPC server for Client /0.0.0.0:15019
2023-09-15 05:01:39,646 [IPC Server Responder] INFO  ipc.Server (Server.java:run(1562)) - IPC Server Responder: starting
2023-09-15 05:01:39,647 [IPC Server listener on 15019] INFO  ipc.Server (Server.java:run(1402)) - IPC Server listener on 15019: starting
2023-09-15 05:01:39,647 [main] WARN  impl.MetricRegistriesImpl (MetricRegistriesImpl.java:addReporterRegistration(111)) - New reporters are added after registries were created. Some metrics will be missing from the reporter. Please add reporter before adding any new registry.
2023-09-15 05:01:39,647 [main] WARN  impl.MetricRegistriesImpl (MetricRegistriesImpl.java:addReporterRegistration(111)) - New reporters are added after registries were created. Some metrics will be missing from the reporter. Please add reporter before adding any new registry.
2023-09-15 05:01:39,647 [main] INFO  impl.MetricsSystemImpl (MetricsSystemImpl.java:init(158)) - HddsDatanode metrics system started (again)
2023-09-15 05:01:39,654 [Datanode State Machine Daemon Thread] INFO  statemachine.DatanodeStateMachine (DatanodeStateMachine.java:lambda$startDaemon$0(538)) - Ozone container server started.
2023-09-15 05:01:39,670 [Datanode State Machine Task Thread - 0] INFO  datanode.InitDatanodeState (InitDatanodeState.java:persistContainerDatanodeDetails(138)) - DatanodeDetails is persisted to /home/runner/work/ozone/ozone/hadoop-ozone/integration-test/target/test-dir/MiniOzoneClusterImpl-0a18362f-1832-4b81-b629-935968d04e12/datanode-1/meta/datanode.id
2023-09-15 05:01:39,680 [main] INFO  ozone.HddsDatanodeService (HddsDatanodeService.java:start(237)) - HddsDatanodeService host:fv-az371-27.ipdn00qvwfrujbrcphh0gwusye.dx.internal.cloudapp.net ip:10.1.0.24
2023-09-15 05:01:39,703 [main] INFO  upgrade.AbstractLayoutVersionManager (AbstractLayoutVersionManager.java:init(83)) - Initializing Layout version manager with metadata layout = HADOOP_PRC_PORTS_IN_DATANODEDETAILS (version = 7), software layout = HADOOP_PRC_PORTS_IN_DATANODEDETAILS (version = 7)
2023-09-15 05:01:39,704 [main] INFO  statemachine.DatanodeStateMachine (DatanodeStateMachine.java:getEndPointTaskThreadPoolSize(282)) - Datanode State Machine Task Thread Pool size 2
2023-09-15 05:01:39,713 [main] INFO  volume.HddsVolume (HddsVolume.java:<init>(126)) - Creating HddsVolume: /home/runner/work/ozone/ozone/hadoop-ozone/integration-test/target/test-dir/MiniOzoneClusterImpl-0a18362f-1832-4b81-b629-935968d04e12/datanode-2/data-0/containers/hdds of storage type : DISK capacity : 9223372036854775807
2023-09-15 05:01:39,713 [main] INFO  volume.MutableVolumeSet (MutableVolumeSet.java:initializeVolumeSet(173)) - Added Volume : /home/runner/work/ozone/ozone/hadoop-ozone/integration-test/target/test-dir/MiniOzoneClusterImpl-0a18362f-1832-4b81-b629-935968d04e12/datanode-2/data-0/containers/hdds to VolumeSet
2023-09-15 05:01:39,716 [main] INFO  volume.MutableVolumeSet (MutableVolumeSet.java:initializeVolumeSet(173)) - Added Volume : /home/runner/work/ozone/ozone/hadoop-ozone/integration-test/target/test-dir/MiniOzoneClusterImpl-0a18362f-1832-4b81-b629-935968d04e12/datanode-2/data/ratis to VolumeSet
2023-09-15 05:01:39,718 [Thread-188] INFO  ozoneimpl.ContainerReader (ContainerReader.java:readVolume(177)) - Finish verifying containers on volume /home/runner/work/ozone/ozone/hadoop-ozone/integration-test/target/test-dir/MiniOzoneClusterImpl-0a18362f-1832-4b81-b629-935968d04e12/datanode-2/data-0/containers/hdds
2023-09-15 05:01:39,718 [main] INFO  ozoneimpl.OzoneContainer (OzoneContainer.java:buildContainerSet(314)) - Build ContainerSet costs 0s
2023-09-15 05:01:39,728 [main] INFO  server.RaftServer (ConfUtils.java:logGet(46)) - raft.rpc.type = GRPC (default)
2023-09-15 05:01:39,728 [main] INFO  grpc.GrpcConfigKeys (ConfUtils.java:logFallback(53)) - raft.grpc.admin.host = null (fallback to raft.grpc.server.host)
2023-09-15 05:01:39,728 [main] INFO  grpc.GrpcConfigKeys (ConfUtils.java:logGet(46)) - raft.grpc.admin.port = 15031 (custom)
2023-09-15 05:01:39,728 [main] INFO  grpc.GrpcConfigKeys (ConfUtils.java:logFallback(53)) - raft.grpc.client.host = null (fallback to raft.grpc.server.host)
2023-09-15 05:01:39,728 [main] INFO  grpc.GrpcConfigKeys (ConfUtils.java:logGet(46)) - raft.grpc.client.port = 15030 (custom)
2023-09-15 05:01:39,729 [main] INFO  grpc.GrpcConfigKeys (ConfUtils.java:logGet(46)) - raft.grpc.server.host = null (default)
2023-09-15 05:01:39,729 [main] INFO  grpc.GrpcConfigKeys (ConfUtils.java:logGet(46)) - raft.grpc.server.port = 15032 (custom)
2023-09-15 05:01:39,729 [main] INFO  server.GrpcService (ConfUtils.java:logGet(46)) - raft.grpc.message.size.max = 32MB (=33554432) (custom)
2023-09-15 05:01:39,730 [main] INFO  server.RaftServerConfigKeys (ConfUtils.java:logGet(46)) - raft.server.log.appender.buffer.byte-limit = 33554432 (custom)
2023-09-15 05:01:39,730 [main] INFO  server.GrpcService (ConfUtils.java:logGet(46)) - raft.grpc.flow.control.window = 5MB (=5242880) (custom)
2023-09-15 05:01:39,730 [main] INFO  server.RaftServerConfigKeys (ConfUtils.java:logGet(46)) - raft.server.rpc.request.timeout = 60s (custom)
2023-09-15 05:01:39,730 [main] INFO  grpc.GrpcConfigKeys (ConfUtils.java:logGet(46)) - raft.grpc.server.heartbeat.channel = true (default)
2023-09-15 05:01:39,731 [main] INFO  grpc.GrpcConfigKeys (ConfUtils.java:logGet(46)) - raft.grpc.server.async.request.thread.pool.cached = true (default)
2023-09-15 05:01:39,732 [main] INFO  grpc.GrpcConfigKeys (ConfUtils.java:logGet(46)) - raft.grpc.server.async.request.thread.pool.size = 32 (default)
2023-09-15 05:01:39,743 [main] INFO  impl.DataStreamServerImpl (ConfUtils.java:logGet(46)) - raft.datastream.type = NETTY (custom)
2023-09-15 05:01:39,744 [main] INFO  server.RaftServerConfigKeys (ConfUtils.java:logGet(46)) - raft.server.data-stream.async.request.thread.pool.cached = false (default)
2023-09-15 05:01:39,744 [main] INFO  server.RaftServerConfigKeys (ConfUtils.java:logGet(46)) - raft.server.data-stream.async.request.thread.pool.size = 20 (custom)
2023-09-15 05:01:39,745 [main] INFO  server.RaftServerConfigKeys (ConfUtils.java:logGet(46)) - raft.server.data-stream.async.write.thread.pool.size = 16 (default)
2023-09-15 05:01:39,745 [main] INFO  server.RaftServerConfigKeys (ConfUtils.java:logGet(46)) - raft.server.data-stream.client.pool.size = 10 (default)
2023-09-15 05:01:39,745 [main] INFO  netty.NettyConfigKeys$DataStream (ConfUtils.java:logGet(46)) - raft.netty.dataStream.server.use-epoll = false (default)
2023-09-15 05:01:39,745 [main] INFO  netty.NettyConfigKeys$DataStream (ConfUtils.java:logGet(46)) - raft.netty.dataStream.server.boss-group.size = 0 (default)
2023-09-15 05:01:39,746 [main] INFO  netty.NettyConfigKeys$DataStream (ConfUtils.java:logGet(46)) - raft.netty.dataStream.server.worker-group.size = 0 (default)
2023-09-15 05:01:39,746 [main] INFO  netty.NettyConfigKeys$DataStream (ConfUtils.java:logGet(46)) - raft.netty.dataStream.server.tls.conf = null (default)
2023-09-15 05:01:39,747 [main] INFO  netty.NettyConfigKeys$DataStream (ConfUtils.java:logGet(46)) - raft.netty.dataStream.host = null (default)
2023-09-15 05:01:39,747 [main] INFO  netty.NettyConfigKeys$DataStream (ConfUtils.java:logGet(46)) - raft.netty.dataStream.port = 15033 (custom)
2023-09-15 05:01:39,749 [main] INFO  server.RaftServerConfigKeys (ConfUtils.java:logGet(46)) - raft.server.threadpool.proxy.cached = true (default)
2023-09-15 05:01:39,750 [main] INFO  server.RaftServerConfigKeys (ConfUtils.java:logGet(46)) - raft.server.threadpool.proxy.size = 0 (default)
2023-09-15 05:01:39,750 [main] INFO  server.RaftServerConfigKeys (ConfUtils.java:logGet(46)) - raft.server.rpc.slowness.timeout = 300s (custom)
2023-09-15 05:01:39,750 [main] INFO  server.RaftServerConfigKeys (ConfUtils.java:logGet(46)) - raft.server.leaderelection.leader.step-down.wait-time = 10s (default)
2023-09-15 05:01:39,750 [main] INFO  server.RaftServerConfigKeys (ConfUtils.java:logGet(46)) - raft.server.storage.dir = [/home/runner/work/ozone/ozone/hadoop-ozone/integration-test/target/test-dir/MiniOzoneClusterImpl-0a18362f-1832-4b81-b629-935968d04e12/datanode-2/data/ratis] (custom)
2023-09-15 05:01:39,755 [729f921e-514b-472d-a5a3-7d6b9d90aa28-NettyServerStreamRpc-bossGroup--thread1] INFO  logging.LoggingHandler (AbstractInternalLogger.java:log(148)) - [id: 0x6ba3add7] REGISTERED
2023-09-15 05:01:39,756 [729f921e-514b-472d-a5a3-7d6b9d90aa28-NettyServerStreamRpc-bossGroup--thread1] INFO  logging.LoggingHandler (AbstractInternalLogger.java:log(148)) - [id: 0x6ba3add7] BIND: 0.0.0.0/0.0.0.0:15033
2023-09-15 05:01:39,756 [729f921e-514b-472d-a5a3-7d6b9d90aa28-NettyServerStreamRpc-bossGroup--thread1] INFO  logging.LoggingHandler (AbstractInternalLogger.java:log(148)) - [id: 0x6ba3add7, L:/0:0:0:0:0:0:0:0:15033] ACTIVE
2023-09-15 05:01:39,757 [729f921e-514b-472d-a5a3-7d6b9d90aa28-impl-thread1] INFO  server.RaftServer (RaftServerProxy.java:initGroupDir(258)) - 729f921e-514b-472d-a5a3-7d6b9d90aa28: found a subdirectory /home/runner/work/ozone/ozone/hadoop-ozone/integration-test/target/test-dir/MiniOzoneClusterImpl-0a18362f-1832-4b81-b629-935968d04e12/datanode-2/data/ratis/tmp
2023-09-15 05:01:39,757 [729f921e-514b-472d-a5a3-7d6b9d90aa28-impl-thread1] INFO  server.RaftServer (RaftServerProxy.java:initGroupDir(263)) - 729f921e-514b-472d-a5a3-7d6b9d90aa28: The directory /home/runner/work/ozone/ozone/hadoop-ozone/integration-test/target/test-dir/MiniOzoneClusterImpl-0a18362f-1832-4b81-b629-935968d04e12/datanode-2/data/ratis/tmp is not a group directory; ignoring it. 
2023-09-15 05:01:39,757 [main] INFO  replication.ReplicationServer (ReplicationServer.java:<init>(83)) - Initializing replication server with thread count = 10 queue length = 4096
2023-09-15 05:01:39,759 [main] INFO  server.XceiverServerGrpc (XceiverServerGrpc.java:<init>(132)) - GrpcServer channel type EpollServerSocketChannel
2023-09-15 05:01:39,762 [main] INFO  replication.ReplicationSupervisor (ReplicationSupervisor.java:build(155)) - Initializing replication supervisor with thread count = 10
2023-09-15 05:01:39,762 [main] INFO  replication.ReplicationSupervisor (ReplicationSupervisor.java:nodeStateUpdated(307)) - Node state updated to IN_SERVICE, scaling executor pool size to 10
2023-09-15 05:01:39,770 [main] INFO  http.BaseHttpServer (BaseHttpServer.java:newHttpServer2BuilderForOzone(223)) - Starting Web-server for hddsDatanode at: http://0.0.0.0:15027
2023-09-15 05:01:39,770 [main] INFO  http.BaseHttpServer (BaseHttpServer.java:<init>(110)) - Hadoop Security Enabled: false Ozone Security Enabled: false Ozone HTTP Security Enabled: false 
2023-09-15 05:01:39,771 [main] WARN  server.AuthenticationFilter (AuthenticationFilter.java:constructSecretProvider(240)) - Unable to initialize FileSignerSecretProvider, falling back to use random secrets. Reason: Could not read signature secret file: /home/runner/hadoop-http-auth-signature-secret
2023-09-15 05:01:39,773 [main] INFO  http.HttpRequestLog (HttpRequestLog.java:getRequestLog(86)) - Http request log for http.requests.hddsDatanode is not defined
2023-09-15 05:01:39,774 [main] INFO  http.HttpServer2 (HttpServer2.java:addGlobalFilter(1031)) - Added global filter 'safety' (class=org.apache.hadoop.hdds.server.http.HttpServer2$QuotingInputFilter)
2023-09-15 05:01:39,775 [main] INFO  http.HttpServer2 (HttpServer2.java:addFilter(1007)) - Added filter static_user_filter (class=org.apache.hadoop.http.lib.StaticUserWebFilter$StaticUserFilter) to context hddsDatanode
2023-09-15 05:01:39,775 [main] INFO  http.HttpServer2 (HttpServer2.java:addFilter(1015)) - Added filter static_user_filter (class=org.apache.hadoop.http.lib.StaticUserWebFilter$StaticUserFilter) to context static
2023-09-15 05:01:39,775 [main] INFO  http.HttpServer2 (HttpServer2.java:addFilter(1015)) - Added filter static_user_filter (class=org.apache.hadoop.http.lib.StaticUserWebFilter$StaticUserFilter) to context logs
2023-09-15 05:01:39,776 [main] INFO  http.BaseHttpServer (BaseHttpServer.java:<init>(189)) - HTTP server of hddsDatanode uses base directory /home/runner/work/ozone/ozone/hadoop-ozone/integration-test/target/test-dir/MiniOzoneClusterImpl-0a18362f-1832-4b81-b629-935968d04e12/datanode-2/meta/webserver
2023-09-15 05:01:39,776 [main] INFO  http.HttpServer2 (HttpServer2.java:bindListener(1231)) - Jetty bound to port 15027
2023-09-15 05:01:39,777 [main] INFO  server.Server (Server.java:doStart(375)) - jetty-9.4.51.v20230217; built: 2023-02-17T08:19:37.309Z; git: b45c405e4544384de066f814ed42ae3dceacdd49; jvm 1.8.0_382-b05
2023-09-15 05:01:39,783 [main] INFO  server.session (DefaultSessionIdManager.java:doStart(334)) - DefaultSessionIdManager workerName=node0
2023-09-15 05:01:39,784 [main] INFO  server.session (DefaultSessionIdManager.java:doStart(339)) - No SessionScavenger set, using defaults
2023-09-15 05:01:39,784 [main] INFO  server.session (HouseKeeper.java:startScavenging(132)) - node0 Scavenging every 660000ms
2023-09-15 05:01:39,786 [main] INFO  handler.ContextHandler (ContextHandler.java:doStart(921)) - Started o.e.j.s.ServletContextHandler@71c24598{logs,/logs,file:///home/runner/work/ozone/ozone/hadoop-ozone/integration-test/target/log,AVAILABLE}
2023-09-15 05:01:39,787 [main] INFO  handler.ContextHandler (ContextHandler.java:doStart(921)) - Started o.e.j.s.ServletContextHandler@2ce8ce50{static,/static,jar:file:/home/runner/.m2/repository/org/apache/ozone/hdds-container-service/1.4.0-SNAPSHOT/hdds-container-service-1.4.0-SNAPSHOT.jar!/webapps/static,AVAILABLE}
2023-09-15 05:01:40,025 [main] INFO  handler.ContextHandler (ContextHandler.java:doStart(921)) - Started o.e.j.w.WebAppContext@51db219f{hddsDatanode,/,file:///home/runner/work/ozone/ozone/hadoop-ozone/integration-test/target/tmp/kms/webapp/,AVAILABLE}{jar:file:/home/runner/.m2/repository/org/apache/ozone/hdds-container-service/1.4.0-SNAPSHOT/hdds-container-service-1.4.0-SNAPSHOT.jar!/webapps/hddsDatanode}
2023-09-15 05:01:40,027 [main] INFO  server.AbstractConnector (AbstractConnector.java:doStart(333)) - Started ServerConnector@7507ec0f{HTTP/1.1, (http/1.1)}{0.0.0.0:15027}
2023-09-15 05:01:40,027 [main] INFO  server.Server (Server.java:doStart(415)) - Started @13899ms
2023-09-15 05:01:40,028 [main] WARN  impl.MetricsSystemImpl (MetricsSystemImpl.java:register(279)) - Sink prometheus already exists!
2023-09-15 05:01:40,028 [main] INFO  http.BaseHttpServer (BaseHttpServer.java:updateConnectorAddress(354)) - HTTP server of hddsDatanode listening at http://0.0.0.0:15027
2023-09-15 05:01:40,029 [main] INFO  ipc.CallQueueManager (CallQueueManager.java:<init>(90)) - Using callQueue: class java.util.concurrent.LinkedBlockingQueue, queueCapacity: 100, scheduler: class org.apache.hadoop.ipc.DefaultRpcScheduler, ipcBackoff: false.
2023-09-15 05:01:40,029 [main] INFO  ipc.Server (Server.java:<init>(1287)) - Listener at 0.0.0.0:15028
2023-09-15 05:01:40,030 [Socket Reader #1 for port 15028] INFO  ipc.Server (Server.java:run(1323)) - Starting Socket Reader #1 for port 15028
2023-09-15 05:01:40,031 [main] INFO  ozone.HddsDatanodeService (HddsDatanodeService.java:start(315)) - Datanode start with admins: [runner]
2023-09-15 05:01:40,032 [main] INFO  ozone.HddsDatanodeClientProtocolServer (HddsDatanodeClientProtocolServer.java:start(72)) - RPC server for Client /0.0.0.0:15028
2023-09-15 05:01:40,038 [IPC Server listener on 15028] INFO  ipc.Server (Server.java:run(1402)) - IPC Server listener on 15028: starting
2023-09-15 05:01:40,038 [Datanode State Machine Daemon Thread] INFO  statemachine.DatanodeStateMachine (DatanodeStateMachine.java:lambda$startDaemon$0(538)) - Ozone container server started.
2023-09-15 05:01:40,039 [IPC Server Responder] INFO  ipc.Server (Server.java:run(1562)) - IPC Server Responder: starting
2023-09-15 05:01:40,038 [main] WARN  impl.MetricRegistriesImpl (MetricRegistriesImpl.java:addReporterRegistration(111)) - New reporters are added after registries were created. Some metrics will be missing from the reporter. Please add reporter before adding any new registry.
2023-09-15 05:01:40,039 [main] WARN  impl.MetricRegistriesImpl (MetricRegistriesImpl.java:addReporterRegistration(111)) - New reporters are added after registries were created. Some metrics will be missing from the reporter. Please add reporter before adding any new registry.
2023-09-15 05:01:40,039 [main] INFO  impl.MetricsSystemImpl (MetricsSystemImpl.java:init(158)) - HddsDatanode metrics system started (again)
2023-09-15 05:01:40,056 [main] INFO  ozone.HddsDatanodeService (HddsDatanodeService.java:start(237)) - HddsDatanodeService host:fv-az371-27.ipdn00qvwfrujbrcphh0gwusye.dx.internal.cloudapp.net ip:10.1.0.24
2023-09-15 05:01:40,067 [Datanode State Machine Task Thread - 0] INFO  datanode.InitDatanodeState (InitDatanodeState.java:persistContainerDatanodeDetails(138)) - DatanodeDetails is persisted to /home/runner/work/ozone/ozone/hadoop-ozone/integration-test/target/test-dir/MiniOzoneClusterImpl-0a18362f-1832-4b81-b629-935968d04e12/datanode-2/meta/datanode.id
2023-09-15 05:01:40,080 [main] INFO  upgrade.AbstractLayoutVersionManager (AbstractLayoutVersionManager.java:init(83)) - Initializing Layout version manager with metadata layout = HADOOP_PRC_PORTS_IN_DATANODEDETAILS (version = 7), software layout = HADOOP_PRC_PORTS_IN_DATANODEDETAILS (version = 7)
2023-09-15 05:01:40,081 [main] INFO  statemachine.DatanodeStateMachine (DatanodeStateMachine.java:getEndPointTaskThreadPoolSize(282)) - Datanode State Machine Task Thread Pool size 2
2023-09-15 05:01:40,090 [main] INFO  volume.HddsVolume (HddsVolume.java:<init>(126)) - Creating HddsVolume: /home/runner/work/ozone/ozone/hadoop-ozone/integration-test/target/test-dir/MiniOzoneClusterImpl-0a18362f-1832-4b81-b629-935968d04e12/datanode-3/data-0/containers/hdds of storage type : DISK capacity : 9223372036854775807
2023-09-15 05:01:40,091 [main] INFO  volume.MutableVolumeSet (MutableVolumeSet.java:initializeVolumeSet(173)) - Added Volume : /home/runner/work/ozone/ozone/hadoop-ozone/integration-test/target/test-dir/MiniOzoneClusterImpl-0a18362f-1832-4b81-b629-935968d04e12/datanode-3/data-0/containers/hdds to VolumeSet
2023-09-15 05:01:40,093 [main] INFO  volume.MutableVolumeSet (MutableVolumeSet.java:initializeVolumeSet(173)) - Added Volume : /home/runner/work/ozone/ozone/hadoop-ozone/integration-test/target/test-dir/MiniOzoneClusterImpl-0a18362f-1832-4b81-b629-935968d04e12/datanode-3/data/ratis to VolumeSet
2023-09-15 05:01:40,097 [Thread-205] INFO  ozoneimpl.ContainerReader (ContainerReader.java:readVolume(177)) - Finish verifying containers on volume /home/runner/work/ozone/ozone/hadoop-ozone/integration-test/target/test-dir/MiniOzoneClusterImpl-0a18362f-1832-4b81-b629-935968d04e12/datanode-3/data-0/containers/hdds
2023-09-15 05:01:40,097 [main] INFO  ozoneimpl.OzoneContainer (OzoneContainer.java:buildContainerSet(314)) - Build ContainerSet costs 0s
2023-09-15 05:01:40,106 [main] INFO  server.RaftServer (ConfUtils.java:logGet(46)) - raft.rpc.type = GRPC (default)
2023-09-15 05:01:40,107 [main] INFO  grpc.GrpcConfigKeys (ConfUtils.java:logFallback(53)) - raft.grpc.admin.host = null (fallback to raft.grpc.server.host)
2023-09-15 05:01:40,107 [main] INFO  grpc.GrpcConfigKeys (ConfUtils.java:logGet(46)) - raft.grpc.admin.port = 15040 (custom)
2023-09-15 05:01:40,107 [main] INFO  grpc.GrpcConfigKeys (ConfUtils.java:logFallback(53)) - raft.grpc.client.host = null (fallback to raft.grpc.server.host)
2023-09-15 05:01:40,107 [main] INFO  grpc.GrpcConfigKeys (ConfUtils.java:logGet(46)) - raft.grpc.client.port = 15039 (custom)
2023-09-15 05:01:40,107 [main] INFO  grpc.GrpcConfigKeys (ConfUtils.java:logGet(46)) - raft.grpc.server.host = null (default)
2023-09-15 05:01:40,107 [main] INFO  grpc.GrpcConfigKeys (ConfUtils.java:logGet(46)) - raft.grpc.server.port = 15041 (custom)
2023-09-15 05:01:40,108 [main] INFO  server.GrpcService (ConfUtils.java:logGet(46)) - raft.grpc.message.size.max = 32MB (=33554432) (custom)
2023-09-15 05:01:40,108 [main] INFO  server.RaftServerConfigKeys (ConfUtils.java:logGet(46)) - raft.server.log.appender.buffer.byte-limit = 33554432 (custom)
2023-09-15 05:01:40,108 [main] INFO  server.GrpcService (ConfUtils.java:logGet(46)) - raft.grpc.flow.control.window = 5MB (=5242880) (custom)
2023-09-15 05:01:40,108 [main] INFO  server.RaftServerConfigKeys (ConfUtils.java:logGet(46)) - raft.server.rpc.request.timeout = 60s (custom)
2023-09-15 05:01:40,108 [main] INFO  grpc.GrpcConfigKeys (ConfUtils.java:logGet(46)) - raft.grpc.server.heartbeat.channel = true (default)
2023-09-15 05:01:40,108 [main] INFO  grpc.GrpcConfigKeys (ConfUtils.java:logGet(46)) - raft.grpc.server.async.request.thread.pool.cached = true (default)
2023-09-15 05:01:40,109 [main] INFO  grpc.GrpcConfigKeys (ConfUtils.java:logGet(46)) - raft.grpc.server.async.request.thread.pool.size = 32 (default)
2023-09-15 05:01:40,124 [main] INFO  impl.DataStreamServerImpl (ConfUtils.java:logGet(46)) - raft.datastream.type = NETTY (custom)
2023-09-15 05:01:40,125 [main] INFO  server.RaftServerConfigKeys (ConfUtils.java:logGet(46)) - raft.server.data-stream.async.request.thread.pool.cached = false (default)
2023-09-15 05:01:40,125 [main] INFO  server.RaftServerConfigKeys (ConfUtils.java:logGet(46)) - raft.server.data-stream.async.request.thread.pool.size = 20 (custom)
2023-09-15 05:01:40,125 [main] INFO  server.RaftServerConfigKeys (ConfUtils.java:logGet(46)) - raft.server.data-stream.async.write.thread.pool.size = 16 (default)
2023-09-15 05:01:40,125 [main] INFO  server.RaftServerConfigKeys (ConfUtils.java:logGet(46)) - raft.server.data-stream.client.pool.size = 10 (default)
2023-09-15 05:01:40,126 [main] INFO  netty.NettyConfigKeys$DataStream (ConfUtils.java:logGet(46)) - raft.netty.dataStream.server.use-epoll = false (default)
2023-09-15 05:01:40,126 [main] INFO  netty.NettyConfigKeys$DataStream (ConfUtils.java:logGet(46)) - raft.netty.dataStream.server.boss-group.size = 0 (default)
2023-09-15 05:01:40,126 [main] INFO  netty.NettyConfigKeys$DataStream (ConfUtils.java:logGet(46)) - raft.netty.dataStream.server.worker-group.size = 0 (default)
2023-09-15 05:01:40,127 [main] INFO  netty.NettyConfigKeys$DataStream (ConfUtils.java:logGet(46)) - raft.netty.dataStream.server.tls.conf = null (default)
2023-09-15 05:01:40,127 [main] INFO  netty.NettyConfigKeys$DataStream (ConfUtils.java:logGet(46)) - raft.netty.dataStream.host = null (default)
2023-09-15 05:01:40,127 [main] INFO  netty.NettyConfigKeys$DataStream (ConfUtils.java:logGet(46)) - raft.netty.dataStream.port = 15042 (custom)
2023-09-15 05:01:40,131 [0a6fa645-f909-40e7-9d0d-0c6da806ec87-NettyServerStreamRpc-bossGroup--thread1] INFO  logging.LoggingHandler (AbstractInternalLogger.java:log(148)) - [id: 0xb27d63e1] REGISTERED
2023-09-15 05:01:40,132 [0a6fa645-f909-40e7-9d0d-0c6da806ec87-NettyServerStreamRpc-bossGroup--thread1] INFO  logging.LoggingHandler (AbstractInternalLogger.java:log(148)) - [id: 0xb27d63e1] BIND: 0.0.0.0/0.0.0.0:15042
2023-09-15 05:01:40,132 [0a6fa645-f909-40e7-9d0d-0c6da806ec87-NettyServerStreamRpc-bossGroup--thread1] INFO  logging.LoggingHandler (AbstractInternalLogger.java:log(148)) - [id: 0xb27d63e1, L:/0:0:0:0:0:0:0:0:15042] ACTIVE
2023-09-15 05:01:40,132 [main] INFO  server.RaftServerConfigKeys (ConfUtils.java:logGet(46)) - raft.server.threadpool.proxy.cached = true (default)
2023-09-15 05:01:40,132 [main] INFO  server.RaftServerConfigKeys (ConfUtils.java:logGet(46)) - raft.server.threadpool.proxy.size = 0 (default)
2023-09-15 05:01:40,133 [main] INFO  server.RaftServerConfigKeys (ConfUtils.java:logGet(46)) - raft.server.rpc.slowness.timeout = 300s (custom)
2023-09-15 05:01:40,133 [main] INFO  server.RaftServerConfigKeys (ConfUtils.java:logGet(46)) - raft.server.leaderelection.leader.step-down.wait-time = 10s (default)
2023-09-15 05:01:40,133 [main] INFO  server.RaftServerConfigKeys (ConfUtils.java:logGet(46)) - raft.server.storage.dir = [/home/runner/work/ozone/ozone/hadoop-ozone/integration-test/target/test-dir/MiniOzoneClusterImpl-0a18362f-1832-4b81-b629-935968d04e12/datanode-3/data/ratis] (custom)
2023-09-15 05:01:40,134 [0a6fa645-f909-40e7-9d0d-0c6da806ec87-impl-thread1] INFO  server.RaftServer (RaftServerProxy.java:initGroupDir(258)) - 0a6fa645-f909-40e7-9d0d-0c6da806ec87: found a subdirectory /home/runner/work/ozone/ozone/hadoop-ozone/integration-test/target/test-dir/MiniOzoneClusterImpl-0a18362f-1832-4b81-b629-935968d04e12/datanode-3/data/ratis/tmp
2023-09-15 05:01:40,134 [0a6fa645-f909-40e7-9d0d-0c6da806ec87-impl-thread1] INFO  server.RaftServer (RaftServerProxy.java:initGroupDir(263)) - 0a6fa645-f909-40e7-9d0d-0c6da806ec87: The directory /home/runner/work/ozone/ozone/hadoop-ozone/integration-test/target/test-dir/MiniOzoneClusterImpl-0a18362f-1832-4b81-b629-935968d04e12/datanode-3/data/ratis/tmp is not a group directory; ignoring it. 
2023-09-15 05:01:40,134 [main] INFO  replication.ReplicationServer (ReplicationServer.java:<init>(83)) - Initializing replication server with thread count = 10 queue length = 4096
2023-09-15 05:01:40,136 [main] INFO  server.XceiverServerGrpc (XceiverServerGrpc.java:<init>(132)) - GrpcServer channel type EpollServerSocketChannel
2023-09-15 05:01:40,141 [main] INFO  replication.ReplicationSupervisor (ReplicationSupervisor.java:build(155)) - Initializing replication supervisor with thread count = 10
2023-09-15 05:01:40,142 [main] INFO  replication.ReplicationSupervisor (ReplicationSupervisor.java:nodeStateUpdated(307)) - Node state updated to IN_SERVICE, scaling executor pool size to 10
2023-09-15 05:01:40,149 [main] INFO  http.BaseHttpServer (BaseHttpServer.java:newHttpServer2BuilderForOzone(223)) - Starting Web-server for hddsDatanode at: http://0.0.0.0:15036
2023-09-15 05:01:40,154 [main] INFO  http.BaseHttpServer (BaseHttpServer.java:<init>(110)) - Hadoop Security Enabled: false Ozone Security Enabled: false Ozone HTTP Security Enabled: false 
2023-09-15 05:01:40,158 [main] WARN  server.AuthenticationFilter (AuthenticationFilter.java:constructSecretProvider(240)) - Unable to initialize FileSignerSecretProvider, falling back to use random secrets. Reason: Could not read signature secret file: /home/runner/hadoop-http-auth-signature-secret
2023-09-15 05:01:40,166 [main] INFO  http.HttpRequestLog (HttpRequestLog.java:getRequestLog(86)) - Http request log for http.requests.hddsDatanode is not defined
2023-09-15 05:01:40,168 [main] INFO  http.HttpServer2 (HttpServer2.java:addGlobalFilter(1031)) - Added global filter 'safety' (class=org.apache.hadoop.hdds.server.http.HttpServer2$QuotingInputFilter)
2023-09-15 05:01:40,169 [main] INFO  http.HttpServer2 (HttpServer2.java:addFilter(1007)) - Added filter static_user_filter (class=org.apache.hadoop.http.lib.StaticUserWebFilter$StaticUserFilter) to context hddsDatanode
2023-09-15 05:01:40,169 [main] INFO  http.HttpServer2 (HttpServer2.java:addFilter(1015)) - Added filter static_user_filter (class=org.apache.hadoop.http.lib.StaticUserWebFilter$StaticUserFilter) to context logs
2023-09-15 05:01:40,169 [main] INFO  http.HttpServer2 (HttpServer2.java:addFilter(1015)) - Added filter static_user_filter (class=org.apache.hadoop.http.lib.StaticUserWebFilter$StaticUserFilter) to context static
2023-09-15 05:01:40,170 [main] INFO  http.BaseHttpServer (BaseHttpServer.java:<init>(189)) - HTTP server of hddsDatanode uses base directory /home/runner/work/ozone/ozone/hadoop-ozone/integration-test/target/test-dir/MiniOzoneClusterImpl-0a18362f-1832-4b81-b629-935968d04e12/datanode-3/meta/webserver
2023-09-15 05:01:40,171 [main] INFO  http.HttpServer2 (HttpServer2.java:bindListener(1231)) - Jetty bound to port 15036
2023-09-15 05:01:40,171 [main] INFO  server.Server (Server.java:doStart(375)) - jetty-9.4.51.v20230217; built: 2023-02-17T08:19:37.309Z; git: b45c405e4544384de066f814ed42ae3dceacdd49; jvm 1.8.0_382-b05
2023-09-15 05:01:40,179 [main] INFO  server.session (DefaultSessionIdManager.java:doStart(334)) - DefaultSessionIdManager workerName=node0
2023-09-15 05:01:40,179 [main] INFO  server.session (DefaultSessionIdManager.java:doStart(339)) - No SessionScavenger set, using defaults
2023-09-15 05:01:40,180 [main] INFO  server.session (HouseKeeper.java:startScavenging(132)) - node0 Scavenging every 660000ms
2023-09-15 05:01:40,180 [main] INFO  handler.ContextHandler (ContextHandler.java:doStart(921)) - Started o.e.j.s.ServletContextHandler@78f7f351{logs,/logs,file:///home/runner/work/ozone/ozone/hadoop-ozone/integration-test/target/log,AVAILABLE}
2023-09-15 05:01:40,181 [main] INFO  handler.ContextHandler (ContextHandler.java:doStart(921)) - Started o.e.j.s.ServletContextHandler@183d5f27{static,/static,jar:file:/home/runner/.m2/repository/org/apache/ozone/hdds-container-service/1.4.0-SNAPSHOT/hdds-container-service-1.4.0-SNAPSHOT.jar!/webapps/static,AVAILABLE}
2023-09-15 05:01:40,517 [main] INFO  handler.ContextHandler (ContextHandler.java:doStart(921)) - Started o.e.j.w.WebAppContext@76e13af5{hddsDatanode,/,file:///home/runner/work/ozone/ozone/hadoop-ozone/integration-test/target/tmp/kms/webapp/,AVAILABLE}{jar:file:/home/runner/.m2/repository/org/apache/ozone/hdds-container-service/1.4.0-SNAPSHOT/hdds-container-service-1.4.0-SNAPSHOT.jar!/webapps/hddsDatanode}
2023-09-15 05:01:40,519 [main] INFO  server.AbstractConnector (AbstractConnector.java:doStart(333)) - Started ServerConnector@4942cabd{HTTP/1.1, (http/1.1)}{0.0.0.0:15036}
2023-09-15 05:01:40,519 [main] INFO  server.Server (Server.java:doStart(415)) - Started @14391ms
2023-09-15 05:01:40,519 [main] WARN  impl.MetricsSystemImpl (MetricsSystemImpl.java:register(279)) - Sink prometheus already exists!
2023-09-15 05:01:40,520 [main] INFO  http.BaseHttpServer (BaseHttpServer.java:updateConnectorAddress(354)) - HTTP server of hddsDatanode listening at http://0.0.0.0:15036
2023-09-15 05:01:40,520 [main] INFO  ipc.CallQueueManager (CallQueueManager.java:<init>(90)) - Using callQueue: class java.util.concurrent.LinkedBlockingQueue, queueCapacity: 100, scheduler: class org.apache.hadoop.ipc.DefaultRpcScheduler, ipcBackoff: false.
2023-09-15 05:01:40,521 [main] INFO  ipc.Server (Server.java:<init>(1287)) - Listener at 0.0.0.0:15037
2023-09-15 05:01:40,522 [Socket Reader #1 for port 15037] INFO  ipc.Server (Server.java:run(1323)) - Starting Socket Reader #1 for port 15037
2023-09-15 05:01:40,526 [main] INFO  ozone.HddsDatanodeService (HddsDatanodeService.java:start(315)) - Datanode start with admins: [runner]
2023-09-15 05:01:40,526 [main] INFO  ozone.HddsDatanodeClientProtocolServer (HddsDatanodeClientProtocolServer.java:start(72)) - RPC server for Client /0.0.0.0:15037
2023-09-15 05:01:40,527 [IPC Server Responder] INFO  ipc.Server (Server.java:run(1562)) - IPC Server Responder: starting
2023-09-15 05:01:40,530 [Datanode State Machine Daemon Thread] INFO  statemachine.DatanodeStateMachine (DatanodeStateMachine.java:lambda$startDaemon$0(538)) - Ozone container server started.
2023-09-15 05:01:40,531 [IPC Server listener on 15037] INFO  ipc.Server (Server.java:run(1402)) - IPC Server listener on 15037: starting
2023-09-15 05:01:40,531 [main] WARN  impl.MetricRegistriesImpl (MetricRegistriesImpl.java:addReporterRegistration(111)) - New reporters are added after registries were created. Some metrics will be missing from the reporter. Please add reporter before adding any new registry.
2023-09-15 05:01:40,532 [main] WARN  impl.MetricRegistriesImpl (MetricRegistriesImpl.java:addReporterRegistration(111)) - New reporters are added after registries were created. Some metrics will be missing from the reporter. Please add reporter before adding any new registry.
2023-09-15 05:01:40,532 [main] INFO  impl.MetricsSystemImpl (MetricsSystemImpl.java:init(158)) - HddsDatanode metrics system started (again)
2023-09-15 05:01:40,557 [main] INFO  ozone.HddsDatanodeService (HddsDatanodeService.java:start(237)) - HddsDatanodeService host:fv-az371-27.ipdn00qvwfrujbrcphh0gwusye.dx.internal.cloudapp.net ip:10.1.0.24
2023-09-15 05:01:40,560 [Datanode State Machine Task Thread - 0] INFO  datanode.InitDatanodeState (InitDatanodeState.java:persistContainerDatanodeDetails(138)) - DatanodeDetails is persisted to /home/runner/work/ozone/ozone/hadoop-ozone/integration-test/target/test-dir/MiniOzoneClusterImpl-0a18362f-1832-4b81-b629-935968d04e12/datanode-3/meta/datanode.id
2023-09-15 05:01:40,584 [main] INFO  upgrade.AbstractLayoutVersionManager (AbstractLayoutVersionManager.java:init(83)) - Initializing Layout version manager with metadata layout = HADOOP_PRC_PORTS_IN_DATANODEDETAILS (version = 7), software layout = HADOOP_PRC_PORTS_IN_DATANODEDETAILS (version = 7)
2023-09-15 05:01:40,585 [main] INFO  statemachine.DatanodeStateMachine (DatanodeStateMachine.java:getEndPointTaskThreadPoolSize(282)) - Datanode State Machine Task Thread Pool size 2
2023-09-15 05:01:40,587 [main] INFO  volume.HddsVolume (HddsVolume.java:<init>(126)) - Creating HddsVolume: /home/runner/work/ozone/ozone/hadoop-ozone/integration-test/target/test-dir/MiniOzoneClusterImpl-0a18362f-1832-4b81-b629-935968d04e12/datanode-4/data-0/containers/hdds of storage type : DISK capacity : 9223372036854775807
2023-09-15 05:01:40,588 [main] INFO  volume.MutableVolumeSet (MutableVolumeSet.java:initializeVolumeSet(173)) - Added Volume : /home/runner/work/ozone/ozone/hadoop-ozone/integration-test/target/test-dir/MiniOzoneClusterImpl-0a18362f-1832-4b81-b629-935968d04e12/datanode-4/data-0/containers/hdds to VolumeSet
2023-09-15 05:01:40,589 [main] INFO  volume.MutableVolumeSet (MutableVolumeSet.java:initializeVolumeSet(173)) - Added Volume : /home/runner/work/ozone/ozone/hadoop-ozone/integration-test/target/test-dir/MiniOzoneClusterImpl-0a18362f-1832-4b81-b629-935968d04e12/datanode-4/data/ratis to VolumeSet
2023-09-15 05:01:40,589 [Thread-222] INFO  ozoneimpl.ContainerReader (ContainerReader.java:readVolume(177)) - Finish verifying containers on volume /home/runner/work/ozone/ozone/hadoop-ozone/integration-test/target/test-dir/MiniOzoneClusterImpl-0a18362f-1832-4b81-b629-935968d04e12/datanode-4/data-0/containers/hdds
2023-09-15 05:01:40,590 [main] INFO  ozoneimpl.OzoneContainer (OzoneContainer.java:buildContainerSet(314)) - Build ContainerSet costs 0s
2023-09-15 05:01:40,592 [main] INFO  server.RaftServer (ConfUtils.java:logGet(46)) - raft.rpc.type = GRPC (default)
2023-09-15 05:01:40,593 [main] INFO  grpc.GrpcConfigKeys (ConfUtils.java:logFallback(53)) - raft.grpc.admin.host = null (fallback to raft.grpc.server.host)
2023-09-15 05:01:40,593 [main] INFO  grpc.GrpcConfigKeys (ConfUtils.java:logGet(46)) - raft.grpc.admin.port = 15049 (custom)
2023-09-15 05:01:40,593 [main] INFO  grpc.GrpcConfigKeys (ConfUtils.java:logFallback(53)) - raft.grpc.client.host = null (fallback to raft.grpc.server.host)
2023-09-15 05:01:40,593 [main] INFO  grpc.GrpcConfigKeys (ConfUtils.java:logGet(46)) - raft.grpc.client.port = 15048 (custom)
2023-09-15 05:01:40,593 [main] INFO  grpc.GrpcConfigKeys (ConfUtils.java:logGet(46)) - raft.grpc.server.host = null (default)
2023-09-15 05:01:40,593 [main] INFO  grpc.GrpcConfigKeys (ConfUtils.java:logGet(46)) - raft.grpc.server.port = 15050 (custom)
2023-09-15 05:01:40,594 [main] INFO  server.GrpcService (ConfUtils.java:logGet(46)) - raft.grpc.message.size.max = 32MB (=33554432) (custom)
2023-09-15 05:01:40,594 [main] INFO  server.RaftServerConfigKeys (ConfUtils.java:logGet(46)) - raft.server.log.appender.buffer.byte-limit = 33554432 (custom)
2023-09-15 05:01:40,594 [main] INFO  server.GrpcService (ConfUtils.java:logGet(46)) - raft.grpc.flow.control.window = 5MB (=5242880) (custom)
2023-09-15 05:01:40,594 [main] INFO  server.RaftServerConfigKeys (ConfUtils.java:logGet(46)) - raft.server.rpc.request.timeout = 60s (custom)
2023-09-15 05:01:40,594 [main] INFO  grpc.GrpcConfigKeys (ConfUtils.java:logGet(46)) - raft.grpc.server.heartbeat.channel = true (default)
2023-09-15 05:01:40,594 [main] INFO  grpc.GrpcConfigKeys (ConfUtils.java:logGet(46)) - raft.grpc.server.async.request.thread.pool.cached = true (default)
2023-09-15 05:01:40,595 [main] INFO  grpc.GrpcConfigKeys (ConfUtils.java:logGet(46)) - raft.grpc.server.async.request.thread.pool.size = 32 (default)
2023-09-15 05:01:40,597 [main] INFO  impl.DataStreamServerImpl (ConfUtils.java:logGet(46)) - raft.datastream.type = NETTY (custom)
2023-09-15 05:01:40,598 [main] INFO  server.RaftServerConfigKeys (ConfUtils.java:logGet(46)) - raft.server.data-stream.async.request.thread.pool.cached = false (default)
2023-09-15 05:01:40,598 [main] INFO  server.RaftServerConfigKeys (ConfUtils.java:logGet(46)) - raft.server.data-stream.async.request.thread.pool.size = 20 (custom)
2023-09-15 05:01:40,598 [main] INFO  server.RaftServerConfigKeys (ConfUtils.java:logGet(46)) - raft.server.data-stream.async.write.thread.pool.size = 16 (default)
2023-09-15 05:01:40,598 [main] INFO  server.RaftServerConfigKeys (ConfUtils.java:logGet(46)) - raft.server.data-stream.client.pool.size = 10 (default)
2023-09-15 05:01:40,599 [main] INFO  netty.NettyConfigKeys$DataStream (ConfUtils.java:logGet(46)) - raft.netty.dataStream.server.use-epoll = false (default)
2023-09-15 05:01:40,599 [main] INFO  netty.NettyConfigKeys$DataStream (ConfUtils.java:logGet(46)) - raft.netty.dataStream.server.boss-group.size = 0 (default)
2023-09-15 05:01:40,599 [main] INFO  netty.NettyConfigKeys$DataStream (ConfUtils.java:logGet(46)) - raft.netty.dataStream.server.worker-group.size = 0 (default)
2023-09-15 05:01:40,600 [main] INFO  netty.NettyConfigKeys$DataStream (ConfUtils.java:logGet(46)) - raft.netty.dataStream.server.tls.conf = null (default)
2023-09-15 05:01:40,600 [main] INFO  netty.NettyConfigKeys$DataStream (ConfUtils.java:logGet(46)) - raft.netty.dataStream.host = null (default)
2023-09-15 05:01:40,600 [main] INFO  netty.NettyConfigKeys$DataStream (ConfUtils.java:logGet(46)) - raft.netty.dataStream.port = 15051 (custom)
2023-09-15 05:01:40,601 [main] INFO  server.RaftServerConfigKeys (ConfUtils.java:logGet(46)) - raft.server.threadpool.proxy.cached = true (default)
2023-09-15 05:01:40,601 [main] INFO  server.RaftServerConfigKeys (ConfUtils.java:logGet(46)) - raft.server.threadpool.proxy.size = 0 (default)
2023-09-15 05:01:40,601 [main] INFO  server.RaftServerConfigKeys (ConfUtils.java:logGet(46)) - raft.server.rpc.slowness.timeout = 300s (custom)
2023-09-15 05:01:40,601 [main] INFO  server.RaftServerConfigKeys (ConfUtils.java:logGet(46)) - raft.server.leaderelection.leader.step-down.wait-time = 10s (default)
2023-09-15 05:01:40,601 [main] INFO  server.RaftServerConfigKeys (ConfUtils.java:logGet(46)) - raft.server.storage.dir = [/home/runner/work/ozone/ozone/hadoop-ozone/integration-test/target/test-dir/MiniOzoneClusterImpl-0a18362f-1832-4b81-b629-935968d04e12/datanode-4/data/ratis] (custom)
2023-09-15 05:01:40,613 [01e3e3a9-29b9-4c52-904d-7d79db62114f-NettyServerStreamRpc-bossGroup--thread1] INFO  logging.LoggingHandler (AbstractInternalLogger.java:log(148)) - [id: 0xc005fc40] REGISTERED
2023-09-15 05:01:40,613 [01e3e3a9-29b9-4c52-904d-7d79db62114f-impl-thread1] INFO  server.RaftServer (RaftServerProxy.java:initGroupDir(258)) - 01e3e3a9-29b9-4c52-904d-7d79db62114f: found a subdirectory /home/runner/work/ozone/ozone/hadoop-ozone/integration-test/target/test-dir/MiniOzoneClusterImpl-0a18362f-1832-4b81-b629-935968d04e12/datanode-4/data/ratis/tmp
2023-09-15 05:01:40,613 [01e3e3a9-29b9-4c52-904d-7d79db62114f-NettyServerStreamRpc-bossGroup--thread1] INFO  logging.LoggingHandler (AbstractInternalLogger.java:log(148)) - [id: 0xc005fc40] BIND: 0.0.0.0/0.0.0.0:15051
2023-09-15 05:01:40,613 [01e3e3a9-29b9-4c52-904d-7d79db62114f-NettyServerStreamRpc-bossGroup--thread1] INFO  logging.LoggingHandler (AbstractInternalLogger.java:log(148)) - [id: 0xc005fc40, L:/0:0:0:0:0:0:0:0:15051] ACTIVE
2023-09-15 05:01:40,613 [01e3e3a9-29b9-4c52-904d-7d79db62114f-impl-thread1] INFO  server.RaftServer (RaftServerProxy.java:initGroupDir(263)) - 01e3e3a9-29b9-4c52-904d-7d79db62114f: The directory /home/runner/work/ozone/ozone/hadoop-ozone/integration-test/target/test-dir/MiniOzoneClusterImpl-0a18362f-1832-4b81-b629-935968d04e12/datanode-4/data/ratis/tmp is not a group directory; ignoring it. 
2023-09-15 05:01:40,614 [main] INFO  replication.ReplicationServer (ReplicationServer.java:<init>(83)) - Initializing replication server with thread count = 10 queue length = 4096
2023-09-15 05:01:40,615 [main] INFO  server.XceiverServerGrpc (XceiverServerGrpc.java:<init>(132)) - GrpcServer channel type EpollServerSocketChannel
2023-09-15 05:01:40,618 [main] INFO  replication.ReplicationSupervisor (ReplicationSupervisor.java:build(155)) - Initializing replication supervisor with thread count = 10
2023-09-15 05:01:40,618 [main] INFO  replication.ReplicationSupervisor (ReplicationSupervisor.java:nodeStateUpdated(307)) - Node state updated to IN_SERVICE, scaling executor pool size to 10
2023-09-15 05:01:40,620 [main] INFO  http.BaseHttpServer (BaseHttpServer.java:newHttpServer2BuilderForOzone(223)) - Starting Web-server for hddsDatanode at: http://0.0.0.0:15045
2023-09-15 05:01:40,621 [main] INFO  http.BaseHttpServer (BaseHttpServer.java:<init>(110)) - Hadoop Security Enabled: false Ozone Security Enabled: false Ozone HTTP Security Enabled: false 
2023-09-15 05:01:40,622 [main] WARN  server.AuthenticationFilter (AuthenticationFilter.java:constructSecretProvider(240)) - Unable to initialize FileSignerSecretProvider, falling back to use random secrets. Reason: Could not read signature secret file: /home/runner/hadoop-http-auth-signature-secret
2023-09-15 05:01:40,623 [main] INFO  http.HttpRequestLog (HttpRequestLog.java:getRequestLog(86)) - Http request log for http.requests.hddsDatanode is not defined
2023-09-15 05:01:40,624 [main] INFO  http.HttpServer2 (HttpServer2.java:addGlobalFilter(1031)) - Added global filter 'safety' (class=org.apache.hadoop.hdds.server.http.HttpServer2$QuotingInputFilter)
2023-09-15 05:01:40,625 [main] INFO  http.HttpServer2 (HttpServer2.java:addFilter(1007)) - Added filter static_user_filter (class=org.apache.hadoop.http.lib.StaticUserWebFilter$StaticUserFilter) to context hddsDatanode
2023-09-15 05:01:40,625 [main] INFO  http.HttpServer2 (HttpServer2.java:addFilter(1015)) - Added filter static_user_filter (class=org.apache.hadoop.http.lib.StaticUserWebFilter$StaticUserFilter) to context static
2023-09-15 05:01:40,625 [main] INFO  http.HttpServer2 (HttpServer2.java:addFilter(1015)) - Added filter static_user_filter (class=org.apache.hadoop.http.lib.StaticUserWebFilter$StaticUserFilter) to context logs
2023-09-15 05:01:40,626 [main] INFO  http.BaseHttpServer (BaseHttpServer.java:<init>(189)) - HTTP server of hddsDatanode uses base directory /home/runner/work/ozone/ozone/hadoop-ozone/integration-test/target/test-dir/MiniOzoneClusterImpl-0a18362f-1832-4b81-b629-935968d04e12/datanode-4/meta/webserver
2023-09-15 05:01:40,626 [main] INFO  http.HttpServer2 (HttpServer2.java:bindListener(1231)) - Jetty bound to port 15045
2023-09-15 05:01:40,627 [main] INFO  server.Server (Server.java:doStart(375)) - jetty-9.4.51.v20230217; built: 2023-02-17T08:19:37.309Z; git: b45c405e4544384de066f814ed42ae3dceacdd49; jvm 1.8.0_382-b05
2023-09-15 05:01:40,630 [main] INFO  server.session (DefaultSessionIdManager.java:doStart(334)) - DefaultSessionIdManager workerName=node0
2023-09-15 05:01:40,631 [main] INFO  server.session (DefaultSessionIdManager.java:doStart(339)) - No SessionScavenger set, using defaults
2023-09-15 05:01:40,631 [main] INFO  server.session (HouseKeeper.java:startScavenging(132)) - node0 Scavenging every 600000ms
2023-09-15 05:01:40,632 [main] INFO  handler.ContextHandler (ContextHandler.java:doStart(921)) - Started o.e.j.s.ServletContextHandler@190cb9a{logs,/logs,file:///home/runner/work/ozone/ozone/hadoop-ozone/integration-test/target/log,AVAILABLE}
2023-09-15 05:01:40,632 [main] INFO  handler.ContextHandler (ContextHandler.java:doStart(921)) - Started o.e.j.s.ServletContextHandler@153f34aa{static,/static,jar:file:/home/runner/.m2/repository/org/apache/ozone/hdds-container-service/1.4.0-SNAPSHOT/hdds-container-service-1.4.0-SNAPSHOT.jar!/webapps/static,AVAILABLE}
2023-09-15 05:01:40,866 [main] INFO  handler.ContextHandler (ContextHandler.java:doStart(921)) - Started o.e.j.w.WebAppContext@6c884847{hddsDatanode,/,file:///home/runner/work/ozone/ozone/hadoop-ozone/integration-test/target/tmp/kms/webapp/,AVAILABLE}{jar:file:/home/runner/.m2/repository/org/apache/ozone/hdds-container-service/1.4.0-SNAPSHOT/hdds-container-service-1.4.0-SNAPSHOT.jar!/webapps/hddsDatanode}
2023-09-15 05:01:40,868 [main] INFO  server.AbstractConnector (AbstractConnector.java:doStart(333)) - Started ServerConnector@5ecf2f06{HTTP/1.1, (http/1.1)}{0.0.0.0:15045}
2023-09-15 05:01:40,868 [main] INFO  server.Server (Server.java:doStart(415)) - Started @14740ms
2023-09-15 05:01:40,868 [main] WARN  impl.MetricsSystemImpl (MetricsSystemImpl.java:register(279)) - Sink prometheus already exists!
2023-09-15 05:01:40,869 [main] INFO  http.BaseHttpServer (BaseHttpServer.java:updateConnectorAddress(354)) - HTTP server of hddsDatanode listening at http://0.0.0.0:15045
2023-09-15 05:01:40,870 [main] INFO  ipc.CallQueueManager (CallQueueManager.java:<init>(90)) - Using callQueue: class java.util.concurrent.LinkedBlockingQueue, queueCapacity: 100, scheduler: class org.apache.hadoop.ipc.DefaultRpcScheduler, ipcBackoff: false.
2023-09-15 05:01:40,870 [main] INFO  ipc.Server (Server.java:<init>(1287)) - Listener at 0.0.0.0:15046
2023-09-15 05:01:40,870 [Socket Reader #1 for port 15046] INFO  ipc.Server (Server.java:run(1323)) - Starting Socket Reader #1 for port 15046
2023-09-15 05:01:40,877 [main] INFO  ozone.HddsDatanodeService (HddsDatanodeService.java:start(315)) - Datanode start with admins: [runner]
2023-09-15 05:01:40,878 [main] INFO  ozone.HddsDatanodeClientProtocolServer (HddsDatanodeClientProtocolServer.java:start(72)) - RPC server for Client /0.0.0.0:15046
2023-09-15 05:01:40,878 [IPC Server listener on 15046] INFO  ipc.Server (Server.java:run(1402)) - IPC Server listener on 15046: starting
2023-09-15 05:01:40,878 [IPC Server Responder] INFO  ipc.Server (Server.java:run(1562)) - IPC Server Responder: starting
2023-09-15 05:01:40,883 [main] WARN  impl.MetricRegistriesImpl (MetricRegistriesImpl.java:addReporterRegistration(111)) - New reporters are added after registries were created. Some metrics will be missing from the reporter. Please add reporter before adding any new registry.
2023-09-15 05:01:40,883 [main] WARN  impl.MetricRegistriesImpl (MetricRegistriesImpl.java:addReporterRegistration(111)) - New reporters are added after registries were created. Some metrics will be missing from the reporter. Please add reporter before adding any new registry.
2023-09-15 05:01:40,883 [main] INFO  impl.MetricsSystemImpl (MetricsSystemImpl.java:init(158)) - HddsDatanode metrics system started (again)
2023-09-15 05:01:40,883 [Datanode State Machine Daemon Thread] INFO  statemachine.DatanodeStateMachine (DatanodeStateMachine.java:lambda$startDaemon$0(538)) - Ozone container server started.
2023-09-15 05:01:40,899 [main] INFO  ozone.HddsDatanodeService (HddsDatanodeService.java:start(237)) - HddsDatanodeService host:fv-az371-27.ipdn00qvwfrujbrcphh0gwusye.dx.internal.cloudapp.net ip:10.1.0.24
2023-09-15 05:01:40,906 [Datanode State Machine Task Thread - 0] INFO  datanode.InitDatanodeState (InitDatanodeState.java:persistContainerDatanodeDetails(138)) - DatanodeDetails is persisted to /home/runner/work/ozone/ozone/hadoop-ozone/integration-test/target/test-dir/MiniOzoneClusterImpl-0a18362f-1832-4b81-b629-935968d04e12/datanode-4/meta/datanode.id
2023-09-15 05:01:40,923 [main] INFO  upgrade.AbstractLayoutVersionManager (AbstractLayoutVersionManager.java:init(83)) - Initializing Layout version manager with metadata layout = HADOOP_PRC_PORTS_IN_DATANODEDETAILS (version = 7), software layout = HADOOP_PRC_PORTS_IN_DATANODEDETAILS (version = 7)
2023-09-15 05:01:40,925 [main] INFO  statemachine.DatanodeStateMachine (DatanodeStateMachine.java:getEndPointTaskThreadPoolSize(282)) - Datanode State Machine Task Thread Pool size 2
2023-09-15 05:01:40,931 [main] INFO  volume.HddsVolume (HddsVolume.java:<init>(126)) - Creating HddsVolume: /home/runner/work/ozone/ozone/hadoop-ozone/integration-test/target/test-dir/MiniOzoneClusterImpl-0a18362f-1832-4b81-b629-935968d04e12/datanode-5/data-0/containers/hdds of storage type : DISK capacity : 9223372036854775807
2023-09-15 05:01:40,932 [main] INFO  volume.MutableVolumeSet (MutableVolumeSet.java:initializeVolumeSet(173)) - Added Volume : /home/runner/work/ozone/ozone/hadoop-ozone/integration-test/target/test-dir/MiniOzoneClusterImpl-0a18362f-1832-4b81-b629-935968d04e12/datanode-5/data-0/containers/hdds to VolumeSet
2023-09-15 05:01:40,933 [main] INFO  volume.MutableVolumeSet (MutableVolumeSet.java:initializeVolumeSet(173)) - Added Volume : /home/runner/work/ozone/ozone/hadoop-ozone/integration-test/target/test-dir/MiniOzoneClusterImpl-0a18362f-1832-4b81-b629-935968d04e12/datanode-5/data/ratis to VolumeSet
2023-09-15 05:01:40,933 [Thread-239] INFO  ozoneimpl.ContainerReader (ContainerReader.java:readVolume(177)) - Finish verifying containers on volume /home/runner/work/ozone/ozone/hadoop-ozone/integration-test/target/test-dir/MiniOzoneClusterImpl-0a18362f-1832-4b81-b629-935968d04e12/datanode-5/data-0/containers/hdds
2023-09-15 05:01:40,934 [main] INFO  ozoneimpl.OzoneContainer (OzoneContainer.java:buildContainerSet(314)) - Build ContainerSet costs 0s
2023-09-15 05:01:40,937 [main] INFO  server.RaftServer (ConfUtils.java:logGet(46)) - raft.rpc.type = GRPC (default)
2023-09-15 05:01:40,937 [main] INFO  grpc.GrpcConfigKeys (ConfUtils.java:logFallback(53)) - raft.grpc.admin.host = null (fallback to raft.grpc.server.host)
2023-09-15 05:01:40,937 [main] INFO  grpc.GrpcConfigKeys (ConfUtils.java:logGet(46)) - raft.grpc.admin.port = 15058 (custom)
2023-09-15 05:01:40,937 [main] INFO  grpc.GrpcConfigKeys (ConfUtils.java:logFallback(53)) - raft.grpc.client.host = null (fallback to raft.grpc.server.host)
2023-09-15 05:01:40,938 [main] INFO  grpc.GrpcConfigKeys (ConfUtils.java:logGet(46)) - raft.grpc.client.port = 15057 (custom)
2023-09-15 05:01:40,938 [main] INFO  grpc.GrpcConfigKeys (ConfUtils.java:logGet(46)) - raft.grpc.server.host = null (default)
2023-09-15 05:01:40,938 [main] INFO  grpc.GrpcConfigKeys (ConfUtils.java:logGet(46)) - raft.grpc.server.port = 15059 (custom)
2023-09-15 05:01:40,938 [main] INFO  server.GrpcService (ConfUtils.java:logGet(46)) - raft.grpc.message.size.max = 32MB (=33554432) (custom)
2023-09-15 05:01:40,938 [main] INFO  server.RaftServerConfigKeys (ConfUtils.java:logGet(46)) - raft.server.log.appender.buffer.byte-limit = 33554432 (custom)
2023-09-15 05:01:40,938 [main] INFO  server.GrpcService (ConfUtils.java:logGet(46)) - raft.grpc.flow.control.window = 5MB (=5242880) (custom)
2023-09-15 05:01:40,938 [main] INFO  server.RaftServerConfigKeys (ConfUtils.java:logGet(46)) - raft.server.rpc.request.timeout = 60s (custom)
2023-09-15 05:01:40,939 [main] INFO  grpc.GrpcConfigKeys (ConfUtils.java:logGet(46)) - raft.grpc.server.heartbeat.channel = true (default)
2023-09-15 05:01:40,939 [main] INFO  grpc.GrpcConfigKeys (ConfUtils.java:logGet(46)) - raft.grpc.server.async.request.thread.pool.cached = true (default)
2023-09-15 05:01:40,939 [main] INFO  grpc.GrpcConfigKeys (ConfUtils.java:logGet(46)) - raft.grpc.server.async.request.thread.pool.size = 32 (default)
2023-09-15 05:01:40,942 [main] INFO  impl.DataStreamServerImpl (ConfUtils.java:logGet(46)) - raft.datastream.type = NETTY (custom)
2023-09-15 05:01:40,947 [main] INFO  server.RaftServerConfigKeys (ConfUtils.java:logGet(46)) - raft.server.data-stream.async.request.thread.pool.cached = false (default)
2023-09-15 05:01:40,947 [main] INFO  server.RaftServerConfigKeys (ConfUtils.java:logGet(46)) - raft.server.data-stream.async.request.thread.pool.size = 20 (custom)
2023-09-15 05:01:40,947 [main] INFO  server.RaftServerConfigKeys (ConfUtils.java:logGet(46)) - raft.server.data-stream.async.write.thread.pool.size = 16 (default)
2023-09-15 05:01:40,947 [main] INFO  server.RaftServerConfigKeys (ConfUtils.java:logGet(46)) - raft.server.data-stream.client.pool.size = 10 (default)
2023-09-15 05:01:40,947 [main] INFO  netty.NettyConfigKeys$DataStream (ConfUtils.java:logGet(46)) - raft.netty.dataStream.server.use-epoll = false (default)
2023-09-15 05:01:40,948 [main] INFO  netty.NettyConfigKeys$DataStream (ConfUtils.java:logGet(46)) - raft.netty.dataStream.server.boss-group.size = 0 (default)
2023-09-15 05:01:40,948 [main] INFO  netty.NettyConfigKeys$DataStream (ConfUtils.java:logGet(46)) - raft.netty.dataStream.server.worker-group.size = 0 (default)
2023-09-15 05:01:40,949 [main] INFO  netty.NettyConfigKeys$DataStream (ConfUtils.java:logGet(46)) - raft.netty.dataStream.server.tls.conf = null (default)
2023-09-15 05:01:40,949 [main] INFO  netty.NettyConfigKeys$DataStream (ConfUtils.java:logGet(46)) - raft.netty.dataStream.host = null (default)
2023-09-15 05:01:40,949 [main] INFO  netty.NettyConfigKeys$DataStream (ConfUtils.java:logGet(46)) - raft.netty.dataStream.port = 15060 (custom)
2023-09-15 05:01:40,954 [main] INFO  server.RaftServerConfigKeys (ConfUtils.java:logGet(46)) - raft.server.threadpool.proxy.cached = true (default)
2023-09-15 05:01:40,954 [main] INFO  server.RaftServerConfigKeys (ConfUtils.java:logGet(46)) - raft.server.threadpool.proxy.size = 0 (default)
2023-09-15 05:01:40,954 [main] INFO  server.RaftServerConfigKeys (ConfUtils.java:logGet(46)) - raft.server.rpc.slowness.timeout = 300s (custom)
2023-09-15 05:01:40,954 [main] INFO  server.RaftServerConfigKeys (ConfUtils.java:logGet(46)) - raft.server.leaderelection.leader.step-down.wait-time = 10s (default)
2023-09-15 05:01:40,955 [main] INFO  server.RaftServerConfigKeys (ConfUtils.java:logGet(46)) - raft.server.storage.dir = [/home/runner/work/ozone/ozone/hadoop-ozone/integration-test/target/test-dir/MiniOzoneClusterImpl-0a18362f-1832-4b81-b629-935968d04e12/datanode-5/data/ratis] (custom)
2023-09-15 05:01:40,973 [ddd75f10-d1e9-4189-b9ef-e4896743935a-impl-thread1] INFO  server.RaftServer (RaftServerProxy.java:initGroupDir(258)) - ddd75f10-d1e9-4189-b9ef-e4896743935a: found a subdirectory /home/runner/work/ozone/ozone/hadoop-ozone/integration-test/target/test-dir/MiniOzoneClusterImpl-0a18362f-1832-4b81-b629-935968d04e12/datanode-5/data/ratis/tmp
2023-09-15 05:01:40,974 [ddd75f10-d1e9-4189-b9ef-e4896743935a-impl-thread1] INFO  server.RaftServer (RaftServerProxy.java:initGroupDir(263)) - ddd75f10-d1e9-4189-b9ef-e4896743935a: The directory /home/runner/work/ozone/ozone/hadoop-ozone/integration-test/target/test-dir/MiniOzoneClusterImpl-0a18362f-1832-4b81-b629-935968d04e12/datanode-5/data/ratis/tmp is not a group directory; ignoring it. 
2023-09-15 05:01:40,974 [main] INFO  replication.ReplicationServer (ReplicationServer.java:<init>(83)) - Initializing replication server with thread count = 10 queue length = 4096
2023-09-15 05:01:40,977 [main] INFO  server.XceiverServerGrpc (XceiverServerGrpc.java:<init>(132)) - GrpcServer channel type EpollServerSocketChannel
2023-09-15 05:01:40,978 [ddd75f10-d1e9-4189-b9ef-e4896743935a-NettyServerStreamRpc-bossGroup--thread1] INFO  logging.LoggingHandler (AbstractInternalLogger.java:log(148)) - [id: 0x372ef9b9] REGISTERED
2023-09-15 05:01:40,978 [ddd75f10-d1e9-4189-b9ef-e4896743935a-NettyServerStreamRpc-bossGroup--thread1] INFO  logging.LoggingHandler (AbstractInternalLogger.java:log(148)) - [id: 0x372ef9b9] BIND: 0.0.0.0/0.0.0.0:15060
2023-09-15 05:01:40,978 [ddd75f10-d1e9-4189-b9ef-e4896743935a-NettyServerStreamRpc-bossGroup--thread1] INFO  logging.LoggingHandler (AbstractInternalLogger.java:log(148)) - [id: 0x372ef9b9, L:/0:0:0:0:0:0:0:0:15060] ACTIVE
2023-09-15 05:01:40,983 [main] INFO  replication.ReplicationSupervisor (ReplicationSupervisor.java:build(155)) - Initializing replication supervisor with thread count = 10
2023-09-15 05:01:40,983 [main] INFO  replication.ReplicationSupervisor (ReplicationSupervisor.java:nodeStateUpdated(307)) - Node state updated to IN_SERVICE, scaling executor pool size to 10
2023-09-15 05:01:40,996 [main] INFO  http.BaseHttpServer (BaseHttpServer.java:newHttpServer2BuilderForOzone(223)) - Starting Web-server for hddsDatanode at: http://0.0.0.0:15054
2023-09-15 05:01:40,996 [main] INFO  http.BaseHttpServer (BaseHttpServer.java:<init>(110)) - Hadoop Security Enabled: false Ozone Security Enabled: false Ozone HTTP Security Enabled: false 
2023-09-15 05:01:40,998 [main] WARN  server.AuthenticationFilter (AuthenticationFilter.java:constructSecretProvider(240)) - Unable to initialize FileSignerSecretProvider, falling back to use random secrets. Reason: Could not read signature secret file: /home/runner/hadoop-http-auth-signature-secret
2023-09-15 05:01:41,000 [main] INFO  http.HttpRequestLog (HttpRequestLog.java:getRequestLog(86)) - Http request log for http.requests.hddsDatanode is not defined
2023-09-15 05:01:41,004 [main] INFO  http.HttpServer2 (HttpServer2.java:addGlobalFilter(1031)) - Added global filter 'safety' (class=org.apache.hadoop.hdds.server.http.HttpServer2$QuotingInputFilter)
2023-09-15 05:01:41,005 [main] INFO  http.HttpServer2 (HttpServer2.java:addFilter(1007)) - Added filter static_user_filter (class=org.apache.hadoop.http.lib.StaticUserWebFilter$StaticUserFilter) to context hddsDatanode
2023-09-15 05:01:41,005 [main] INFO  http.HttpServer2 (HttpServer2.java:addFilter(1015)) - Added filter static_user_filter (class=org.apache.hadoop.http.lib.StaticUserWebFilter$StaticUserFilter) to context static
2023-09-15 05:01:41,008 [main] INFO  http.HttpServer2 (HttpServer2.java:addFilter(1015)) - Added filter static_user_filter (class=org.apache.hadoop.http.lib.StaticUserWebFilter$StaticUserFilter) to context logs
2023-09-15 05:01:41,009 [main] INFO  http.BaseHttpServer (BaseHttpServer.java:<init>(189)) - HTTP server of hddsDatanode uses base directory /home/runner/work/ozone/ozone/hadoop-ozone/integration-test/target/test-dir/MiniOzoneClusterImpl-0a18362f-1832-4b81-b629-935968d04e12/datanode-5/meta/webserver
2023-09-15 05:01:41,009 [main] INFO  http.HttpServer2 (HttpServer2.java:bindListener(1231)) - Jetty bound to port 15054
2023-09-15 05:01:41,010 [main] INFO  server.Server (Server.java:doStart(375)) - jetty-9.4.51.v20230217; built: 2023-02-17T08:19:37.309Z; git: b45c405e4544384de066f814ed42ae3dceacdd49; jvm 1.8.0_382-b05
2023-09-15 05:01:41,011 [main] INFO  server.session (DefaultSessionIdManager.java:doStart(334)) - DefaultSessionIdManager workerName=node0
2023-09-15 05:01:41,011 [main] INFO  server.session (DefaultSessionIdManager.java:doStart(339)) - No SessionScavenger set, using defaults
2023-09-15 05:01:41,012 [main] INFO  server.session (HouseKeeper.java:startScavenging(132)) - node0 Scavenging every 660000ms
2023-09-15 05:01:41,013 [main] INFO  handler.ContextHandler (ContextHandler.java:doStart(921)) - Started o.e.j.s.ServletContextHandler@1fb6a13a{logs,/logs,file:///home/runner/work/ozone/ozone/hadoop-ozone/integration-test/target/log,AVAILABLE}
2023-09-15 05:01:41,013 [main] INFO  handler.ContextHandler (ContextHandler.java:doStart(921)) - Started o.e.j.s.ServletContextHandler@788c607c{static,/static,jar:file:/home/runner/.m2/repository/org/apache/ozone/hdds-container-service/1.4.0-SNAPSHOT/hdds-container-service-1.4.0-SNAPSHOT.jar!/webapps/static,AVAILABLE}
2023-09-15 05:01:41,248 [main] INFO  handler.ContextHandler (ContextHandler.java:doStart(921)) - Started o.e.j.w.WebAppContext@24de4588{hddsDatanode,/,file:///home/runner/work/ozone/ozone/hadoop-ozone/integration-test/target/tmp/kms/webapp/,AVAILABLE}{jar:file:/home/runner/.m2/repository/org/apache/ozone/hdds-container-service/1.4.0-SNAPSHOT/hdds-container-service-1.4.0-SNAPSHOT.jar!/webapps/hddsDatanode}
2023-09-15 05:01:41,253 [main] INFO  server.AbstractConnector (AbstractConnector.java:doStart(333)) - Started ServerConnector@cbaa846{HTTP/1.1, (http/1.1)}{0.0.0.0:15054}
2023-09-15 05:01:41,253 [main] INFO  server.Server (Server.java:doStart(415)) - Started @15125ms
2023-09-15 05:01:41,253 [main] WARN  impl.MetricsSystemImpl (MetricsSystemImpl.java:register(279)) - Sink prometheus already exists!
2023-09-15 05:01:41,254 [main] INFO  http.BaseHttpServer (BaseHttpServer.java:updateConnectorAddress(354)) - HTTP server of hddsDatanode listening at http://0.0.0.0:15054
2023-09-15 05:01:41,254 [main] INFO  ipc.CallQueueManager (CallQueueManager.java:<init>(90)) - Using callQueue: class java.util.concurrent.LinkedBlockingQueue, queueCapacity: 100, scheduler: class org.apache.hadoop.ipc.DefaultRpcScheduler, ipcBackoff: false.
2023-09-15 05:01:41,255 [main] INFO  ipc.Server (Server.java:<init>(1287)) - Listener at 0.0.0.0:15055
2023-09-15 05:01:41,275 [Socket Reader #1 for port 15055] INFO  ipc.Server (Server.java:run(1323)) - Starting Socket Reader #1 for port 15055
2023-09-15 05:01:41,282 [main] INFO  ozone.HddsDatanodeService (HddsDatanodeService.java:start(315)) - Datanode start with admins: [runner]
2023-09-15 05:01:41,282 [main] INFO  ozone.HddsDatanodeClientProtocolServer (HddsDatanodeClientProtocolServer.java:start(72)) - RPC server for Client /0.0.0.0:15055
2023-09-15 05:01:41,288 [IPC Server Responder] INFO  ipc.Server (Server.java:run(1562)) - IPC Server Responder: starting
2023-09-15 05:01:41,290 [IPC Server listener on 15055] INFO  ipc.Server (Server.java:run(1402)) - IPC Server listener on 15055: starting
2023-09-15 05:01:41,301 [main] WARN  impl.MetricRegistriesImpl (MetricRegistriesImpl.java:addReporterRegistration(111)) - New reporters are added after registries were created. Some metrics will be missing from the reporter. Please add reporter before adding any new registry.
2023-09-15 05:01:41,301 [main] WARN  impl.MetricRegistriesImpl (MetricRegistriesImpl.java:addReporterRegistration(111)) - New reporters are added after registries were created. Some metrics will be missing from the reporter. Please add reporter before adding any new registry.
2023-09-15 05:01:41,302 [main] INFO  impl.MetricsSystemImpl (MetricsSystemImpl.java:init(158)) - HddsDatanode metrics system started (again)
2023-09-15 05:01:41,320 [Datanode State Machine Daemon Thread] INFO  statemachine.DatanodeStateMachine (DatanodeStateMachine.java:lambda$startDaemon$0(538)) - Ozone container server started.
2023-09-15 05:01:41,340 [main] INFO  ozone.HddsDatanodeService (HddsDatanodeService.java:start(237)) - HddsDatanodeService host:fv-az371-27.ipdn00qvwfrujbrcphh0gwusye.dx.internal.cloudapp.net ip:10.1.0.24
2023-09-15 05:01:41,377 [Datanode State Machine Task Thread - 0] INFO  datanode.InitDatanodeState (InitDatanodeState.java:persistContainerDatanodeDetails(138)) - DatanodeDetails is persisted to /home/runner/work/ozone/ozone/hadoop-ozone/integration-test/target/test-dir/MiniOzoneClusterImpl-0a18362f-1832-4b81-b629-935968d04e12/datanode-5/meta/datanode.id
2023-09-15 05:01:41,392 [main] INFO  upgrade.AbstractLayoutVersionManager (AbstractLayoutVersionManager.java:init(83)) - Initializing Layout version manager with metadata layout = HADOOP_PRC_PORTS_IN_DATANODEDETAILS (version = 7), software layout = HADOOP_PRC_PORTS_IN_DATANODEDETAILS (version = 7)
2023-09-15 05:01:41,394 [main] INFO  statemachine.DatanodeStateMachine (DatanodeStateMachine.java:getEndPointTaskThreadPoolSize(282)) - Datanode State Machine Task Thread Pool size 2
2023-09-15 05:01:41,400 [main] INFO  volume.HddsVolume (HddsVolume.java:<init>(126)) - Creating HddsVolume: /home/runner/work/ozone/ozone/hadoop-ozone/integration-test/target/test-dir/MiniOzoneClusterImpl-0a18362f-1832-4b81-b629-935968d04e12/datanode-6/data-0/containers/hdds of storage type : DISK capacity : 9223372036854775807
2023-09-15 05:01:41,401 [main] INFO  volume.MutableVolumeSet (MutableVolumeSet.java:initializeVolumeSet(173)) - Added Volume : /home/runner/work/ozone/ozone/hadoop-ozone/integration-test/target/test-dir/MiniOzoneClusterImpl-0a18362f-1832-4b81-b629-935968d04e12/datanode-6/data-0/containers/hdds to VolumeSet
2023-09-15 05:01:41,404 [main] INFO  volume.MutableVolumeSet (MutableVolumeSet.java:initializeVolumeSet(173)) - Added Volume : /home/runner/work/ozone/ozone/hadoop-ozone/integration-test/target/test-dir/MiniOzoneClusterImpl-0a18362f-1832-4b81-b629-935968d04e12/datanode-6/data/ratis to VolumeSet
2023-09-15 05:01:41,404 [Thread-257] INFO  ozoneimpl.ContainerReader (ContainerReader.java:readVolume(177)) - Finish verifying containers on volume /home/runner/work/ozone/ozone/hadoop-ozone/integration-test/target/test-dir/MiniOzoneClusterImpl-0a18362f-1832-4b81-b629-935968d04e12/datanode-6/data-0/containers/hdds
2023-09-15 05:01:41,404 [main] INFO  ozoneimpl.OzoneContainer (OzoneContainer.java:buildContainerSet(314)) - Build ContainerSet costs 0s
2023-09-15 05:01:41,407 [main] INFO  server.RaftServer (ConfUtils.java:logGet(46)) - raft.rpc.type = GRPC (default)
2023-09-15 05:01:41,407 [main] INFO  grpc.GrpcConfigKeys (ConfUtils.java:logFallback(53)) - raft.grpc.admin.host = null (fallback to raft.grpc.server.host)
2023-09-15 05:01:41,408 [main] INFO  grpc.GrpcConfigKeys (ConfUtils.java:logGet(46)) - raft.grpc.admin.port = 15067 (custom)
2023-09-15 05:01:41,408 [main] INFO  grpc.GrpcConfigKeys (ConfUtils.java:logFallback(53)) - raft.grpc.client.host = null (fallback to raft.grpc.server.host)
2023-09-15 05:01:41,408 [main] INFO  grpc.GrpcConfigKeys (ConfUtils.java:logGet(46)) - raft.grpc.client.port = 15066 (custom)
2023-09-15 05:01:41,408 [main] INFO  grpc.GrpcConfigKeys (ConfUtils.java:logGet(46)) - raft.grpc.server.host = null (default)
2023-09-15 05:01:41,408 [main] INFO  grpc.GrpcConfigKeys (ConfUtils.java:logGet(46)) - raft.grpc.server.port = 15068 (custom)
2023-09-15 05:01:41,408 [main] INFO  server.GrpcService (ConfUtils.java:logGet(46)) - raft.grpc.message.size.max = 32MB (=33554432) (custom)
2023-09-15 05:01:41,408 [main] INFO  server.RaftServerConfigKeys (ConfUtils.java:logGet(46)) - raft.server.log.appender.buffer.byte-limit = 33554432 (custom)
2023-09-15 05:01:41,409 [main] INFO  server.GrpcService (ConfUtils.java:logGet(46)) - raft.grpc.flow.control.window = 5MB (=5242880) (custom)
2023-09-15 05:01:41,409 [main] INFO  server.RaftServerConfigKeys (ConfUtils.java:logGet(46)) - raft.server.rpc.request.timeout = 60s (custom)
2023-09-15 05:01:41,409 [main] INFO  grpc.GrpcConfigKeys (ConfUtils.java:logGet(46)) - raft.grpc.server.heartbeat.channel = true (default)
2023-09-15 05:01:41,409 [main] INFO  grpc.GrpcConfigKeys (ConfUtils.java:logGet(46)) - raft.grpc.server.async.request.thread.pool.cached = true (default)
2023-09-15 05:01:41,409 [main] INFO  grpc.GrpcConfigKeys (ConfUtils.java:logGet(46)) - raft.grpc.server.async.request.thread.pool.size = 32 (default)
2023-09-15 05:01:41,432 [main] INFO  impl.DataStreamServerImpl (ConfUtils.java:logGet(46)) - raft.datastream.type = NETTY (custom)
2023-09-15 05:01:41,444 [main] INFO  server.RaftServerConfigKeys (ConfUtils.java:logGet(46)) - raft.server.data-stream.async.request.thread.pool.cached = false (default)
2023-09-15 05:01:41,445 [main] INFO  server.RaftServerConfigKeys (ConfUtils.java:logGet(46)) - raft.server.data-stream.async.request.thread.pool.size = 20 (custom)
2023-09-15 05:01:41,445 [main] INFO  server.RaftServerConfigKeys (ConfUtils.java:logGet(46)) - raft.server.data-stream.async.write.thread.pool.size = 16 (default)
2023-09-15 05:01:41,445 [main] INFO  server.RaftServerConfigKeys (ConfUtils.java:logGet(46)) - raft.server.data-stream.client.pool.size = 10 (default)
2023-09-15 05:01:41,449 [main] INFO  netty.NettyConfigKeys$DataStream (ConfUtils.java:logGet(46)) - raft.netty.dataStream.server.use-epoll = false (default)
2023-09-15 05:01:41,449 [main] INFO  netty.NettyConfigKeys$DataStream (ConfUtils.java:logGet(46)) - raft.netty.dataStream.server.boss-group.size = 0 (default)
2023-09-15 05:01:41,449 [main] INFO  netty.NettyConfigKeys$DataStream (ConfUtils.java:logGet(46)) - raft.netty.dataStream.server.worker-group.size = 0 (default)
2023-09-15 05:01:41,452 [main] INFO  netty.NettyConfigKeys$DataStream (ConfUtils.java:logGet(46)) - raft.netty.dataStream.server.tls.conf = null (default)
2023-09-15 05:01:41,452 [main] INFO  netty.NettyConfigKeys$DataStream (ConfUtils.java:logGet(46)) - raft.netty.dataStream.host = null (default)
2023-09-15 05:01:41,452 [main] INFO  netty.NettyConfigKeys$DataStream (ConfUtils.java:logGet(46)) - raft.netty.dataStream.port = 15069 (custom)
2023-09-15 05:01:41,458 [main] INFO  server.RaftServerConfigKeys (ConfUtils.java:logGet(46)) - raft.server.threadpool.proxy.cached = true (default)
2023-09-15 05:01:41,458 [main] INFO  server.RaftServerConfigKeys (ConfUtils.java:logGet(46)) - raft.server.threadpool.proxy.size = 0 (default)
2023-09-15 05:01:41,458 [main] INFO  server.RaftServerConfigKeys (ConfUtils.java:logGet(46)) - raft.server.rpc.slowness.timeout = 300s (custom)
2023-09-15 05:01:41,458 [main] INFO  server.RaftServerConfigKeys (ConfUtils.java:logGet(46)) - raft.server.leaderelection.leader.step-down.wait-time = 10s (default)
2023-09-15 05:01:41,458 [main] INFO  server.RaftServerConfigKeys (ConfUtils.java:logGet(46)) - raft.server.storage.dir = [/home/runner/work/ozone/ozone/hadoop-ozone/integration-test/target/test-dir/MiniOzoneClusterImpl-0a18362f-1832-4b81-b629-935968d04e12/datanode-6/data/ratis] (custom)
2023-09-15 05:01:41,473 [49835f94-14b4-44df-a6e0-f69154e42310-NettyServerStreamRpc-bossGroup--thread1] INFO  logging.LoggingHandler (AbstractInternalLogger.java:log(148)) - [id: 0x971e79ed] REGISTERED
2023-09-15 05:01:41,473 [49835f94-14b4-44df-a6e0-f69154e42310-NettyServerStreamRpc-bossGroup--thread1] INFO  logging.LoggingHandler (AbstractInternalLogger.java:log(148)) - [id: 0x971e79ed] BIND: 0.0.0.0/0.0.0.0:15069
2023-09-15 05:01:41,473 [49835f94-14b4-44df-a6e0-f69154e42310-NettyServerStreamRpc-bossGroup--thread1] INFO  logging.LoggingHandler (AbstractInternalLogger.java:log(148)) - [id: 0x971e79ed, L:/0:0:0:0:0:0:0:0:15069] ACTIVE
2023-09-15 05:01:41,475 [49835f94-14b4-44df-a6e0-f69154e42310-impl-thread1] INFO  server.RaftServer (RaftServerProxy.java:initGroupDir(258)) - 49835f94-14b4-44df-a6e0-f69154e42310: found a subdirectory /home/runner/work/ozone/ozone/hadoop-ozone/integration-test/target/test-dir/MiniOzoneClusterImpl-0a18362f-1832-4b81-b629-935968d04e12/datanode-6/data/ratis/tmp
2023-09-15 05:01:41,475 [49835f94-14b4-44df-a6e0-f69154e42310-impl-thread1] INFO  server.RaftServer (RaftServerProxy.java:initGroupDir(263)) - 49835f94-14b4-44df-a6e0-f69154e42310: The directory /home/runner/work/ozone/ozone/hadoop-ozone/integration-test/target/test-dir/MiniOzoneClusterImpl-0a18362f-1832-4b81-b629-935968d04e12/datanode-6/data/ratis/tmp is not a group directory; ignoring it. 
2023-09-15 05:01:41,476 [main] INFO  replication.ReplicationServer (ReplicationServer.java:<init>(83)) - Initializing replication server with thread count = 10 queue length = 4096
2023-09-15 05:01:41,477 [main] INFO  server.XceiverServerGrpc (XceiverServerGrpc.java:<init>(132)) - GrpcServer channel type EpollServerSocketChannel
2023-09-15 05:01:41,482 [main] INFO  replication.ReplicationSupervisor (ReplicationSupervisor.java:build(155)) - Initializing replication supervisor with thread count = 10
2023-09-15 05:01:41,484 [main] INFO  replication.ReplicationSupervisor (ReplicationSupervisor.java:nodeStateUpdated(307)) - Node state updated to IN_SERVICE, scaling executor pool size to 10
2023-09-15 05:01:41,494 [main] INFO  http.BaseHttpServer (BaseHttpServer.java:newHttpServer2BuilderForOzone(223)) - Starting Web-server for hddsDatanode at: http://0.0.0.0:15063
2023-09-15 05:01:41,494 [main] INFO  http.BaseHttpServer (BaseHttpServer.java:<init>(110)) - Hadoop Security Enabled: false Ozone Security Enabled: false Ozone HTTP Security Enabled: false 
2023-09-15 05:01:41,496 [main] WARN  server.AuthenticationFilter (AuthenticationFilter.java:constructSecretProvider(240)) - Unable to initialize FileSignerSecretProvider, falling back to use random secrets. Reason: Could not read signature secret file: /home/runner/hadoop-http-auth-signature-secret
2023-09-15 05:01:41,506 [main] INFO  http.HttpRequestLog (HttpRequestLog.java:getRequestLog(86)) - Http request log for http.requests.hddsDatanode is not defined
2023-09-15 05:01:41,508 [main] INFO  http.HttpServer2 (HttpServer2.java:addGlobalFilter(1031)) - Added global filter 'safety' (class=org.apache.hadoop.hdds.server.http.HttpServer2$QuotingInputFilter)
2023-09-15 05:01:41,509 [main] INFO  http.HttpServer2 (HttpServer2.java:addFilter(1007)) - Added filter static_user_filter (class=org.apache.hadoop.http.lib.StaticUserWebFilter$StaticUserFilter) to context hddsDatanode
2023-09-15 05:01:41,509 [main] INFO  http.HttpServer2 (HttpServer2.java:addFilter(1015)) - Added filter static_user_filter (class=org.apache.hadoop.http.lib.StaticUserWebFilter$StaticUserFilter) to context logs
2023-09-15 05:01:41,509 [main] INFO  http.HttpServer2 (HttpServer2.java:addFilter(1015)) - Added filter static_user_filter (class=org.apache.hadoop.http.lib.StaticUserWebFilter$StaticUserFilter) to context static
2023-09-15 05:01:41,510 [main] INFO  http.BaseHttpServer (BaseHttpServer.java:<init>(189)) - HTTP server of hddsDatanode uses base directory /home/runner/work/ozone/ozone/hadoop-ozone/integration-test/target/test-dir/MiniOzoneClusterImpl-0a18362f-1832-4b81-b629-935968d04e12/datanode-6/meta/webserver
2023-09-15 05:01:41,512 [main] INFO  http.HttpServer2 (HttpServer2.java:bindListener(1231)) - Jetty bound to port 15063
2023-09-15 05:01:41,513 [main] INFO  server.Server (Server.java:doStart(375)) - jetty-9.4.51.v20230217; built: 2023-02-17T08:19:37.309Z; git: b45c405e4544384de066f814ed42ae3dceacdd49; jvm 1.8.0_382-b05
2023-09-15 05:01:41,516 [main] INFO  server.session (DefaultSessionIdManager.java:doStart(334)) - DefaultSessionIdManager workerName=node0
2023-09-15 05:01:41,516 [main] INFO  server.session (DefaultSessionIdManager.java:doStart(339)) - No SessionScavenger set, using defaults
2023-09-15 05:01:41,516 [main] INFO  server.session (HouseKeeper.java:startScavenging(132)) - node0 Scavenging every 660000ms
2023-09-15 05:01:41,517 [main] INFO  handler.ContextHandler (ContextHandler.java:doStart(921)) - Started o.e.j.s.ServletContextHandler@77397cfa{logs,/logs,file:///home/runner/work/ozone/ozone/hadoop-ozone/integration-test/target/log,AVAILABLE}
2023-09-15 05:01:41,517 [main] INFO  handler.ContextHandler (ContextHandler.java:doStart(921)) - Started o.e.j.s.ServletContextHandler@3f6075ce{static,/static,jar:file:/home/runner/.m2/repository/org/apache/ozone/hdds-container-service/1.4.0-SNAPSHOT/hdds-container-service-1.4.0-SNAPSHOT.jar!/webapps/static,AVAILABLE}
2023-09-15 05:01:41,652 [EndpointStateMachine task thread for /0.0.0.0:15002 - 0 ] INFO  utils.DatanodeStoreCache (DatanodeStoreCache.java:addDB(66)) - Added db /home/runner/work/ozone/ozone/hadoop-ozone/integration-test/target/test-dir/MiniOzoneClusterImpl-0a18362f-1832-4b81-b629-935968d04e12/datanode-0/data-0/containers/hdds/0a18362f-1832-4b81-b629-935968d04e12/DS-520b3fea-ca4c-45d8-b4ee-df619073457c/container.db to cache
2023-09-15 05:01:41,652 [EndpointStateMachine task thread for /0.0.0.0:15002 - 0 ] INFO  volume.HddsVolume (HddsVolume.java:createDbStore(422)) - SchemaV3 db is created and loaded at /home/runner/work/ozone/ozone/hadoop-ozone/integration-test/target/test-dir/MiniOzoneClusterImpl-0a18362f-1832-4b81-b629-935968d04e12/datanode-0/data-0/containers/hdds/0a18362f-1832-4b81-b629-935968d04e12/DS-520b3fea-ca4c-45d8-b4ee-df619073457c/container.db for volume DS-520b3fea-ca4c-45d8-b4ee-df619073457c
2023-09-15 05:01:41,655 [EndpointStateMachine task thread for /0.0.0.0:15002 - 0 ] INFO  volume.ThrottledAsyncChecker (ThrottledAsyncChecker.java:schedule(141)) - Scheduling a check for /home/runner/work/ozone/ozone/hadoop-ozone/integration-test/target/test-dir/MiniOzoneClusterImpl-0a18362f-1832-4b81-b629-935968d04e12/datanode-0/data-0/containers/hdds
2023-09-15 05:01:41,693 [EndpointStateMachine task thread for /0.0.0.0:15002 - 0 ] INFO  volume.StorageVolumeChecker (StorageVolumeChecker.java:checkAllVolumes(213)) - Scheduled health check for volume /home/runner/work/ozone/ozone/hadoop-ozone/integration-test/target/test-dir/MiniOzoneClusterImpl-0a18362f-1832-4b81-b629-935968d04e12/datanode-0/data-0/containers/hdds
2023-09-15 05:01:41,704 [EndpointStateMachine task thread for /0.0.0.0:15002 - 0 ] INFO  volume.ThrottledAsyncChecker (ThrottledAsyncChecker.java:schedule(141)) - Scheduling a check for /home/runner/work/ozone/ozone/hadoop-ozone/integration-test/target/test-dir/MiniOzoneClusterImpl-0a18362f-1832-4b81-b629-935968d04e12/datanode-0/data/ratis
2023-09-15 05:01:41,705 [EndpointStateMachine task thread for /0.0.0.0:15002 - 0 ] INFO  volume.StorageVolumeChecker (StorageVolumeChecker.java:checkAllVolumes(213)) - Scheduled health check for volume /home/runner/work/ozone/ozone/hadoop-ozone/integration-test/target/test-dir/MiniOzoneClusterImpl-0a18362f-1832-4b81-b629-935968d04e12/datanode-0/data/ratis
2023-09-15 05:01:41,714 [EndpointStateMachine task thread for /0.0.0.0:15002 - 0 ] INFO  ozoneimpl.OzoneContainer (OzoneContainer.java:start(429)) - Attempting to start container services.
2023-09-15 05:01:41,723 [EndpointStateMachine task thread for /0.0.0.0:15002 - 0 ] INFO  ozoneimpl.OzoneContainer (OzoneContainer.java:startContainerScrub(325)) - Scheduled background container scanners and the on-demand container scanner have been disabled.
2023-09-15 05:01:41,725 [EndpointStateMachine task thread for /0.0.0.0:15002 - 0 ] INFO  replication.ReplicationServer (ReplicationServer.java:start(134)) - ReplicationServer is started using port 15016
2023-09-15 05:01:41,726 [EndpointStateMachine task thread for /0.0.0.0:15002 - 0 ] INFO  ratis.XceiverServerRatis (XceiverServerRatis.java:start(517)) - Starting XceiverServerRatis 3b898b8b-8841-452f-b538-8e8d26c8d287
2023-09-15 05:01:41,738 [EndpointStateMachine task thread for /0.0.0.0:15002 - 0 ] INFO  server.RaftServer (RaftServerProxy.java:startImpl(400)) - 3b898b8b-8841-452f-b538-8e8d26c8d287: start RPC server
2023-09-15 05:01:41,740 [EndpointStateMachine task thread for /0.0.0.0:15002 - 0 ] INFO  utils.DatanodeStoreCache (DatanodeStoreCache.java:addDB(66)) - Added db /home/runner/work/ozone/ozone/hadoop-ozone/integration-test/target/test-dir/MiniOzoneClusterImpl-0a18362f-1832-4b81-b629-935968d04e12/datanode-1/data-0/containers/hdds/0a18362f-1832-4b81-b629-935968d04e12/DS-4110cd3c-5708-46c3-ad84-82ab7d8e7c8d/container.db to cache
2023-09-15 05:01:41,762 [EndpointStateMachine task thread for /0.0.0.0:15002 - 0 ] INFO  volume.HddsVolume (HddsVolume.java:createDbStore(422)) - SchemaV3 db is created and loaded at /home/runner/work/ozone/ozone/hadoop-ozone/integration-test/target/test-dir/MiniOzoneClusterImpl-0a18362f-1832-4b81-b629-935968d04e12/datanode-1/data-0/containers/hdds/0a18362f-1832-4b81-b629-935968d04e12/DS-4110cd3c-5708-46c3-ad84-82ab7d8e7c8d/container.db for volume DS-4110cd3c-5708-46c3-ad84-82ab7d8e7c8d
2023-09-15 05:01:41,770 [EndpointStateMachine task thread for /0.0.0.0:15002 - 0 ] INFO  volume.ThrottledAsyncChecker (ThrottledAsyncChecker.java:schedule(141)) - Scheduling a check for /home/runner/work/ozone/ozone/hadoop-ozone/integration-test/target/test-dir/MiniOzoneClusterImpl-0a18362f-1832-4b81-b629-935968d04e12/datanode-1/data-0/containers/hdds
2023-09-15 05:01:41,793 [EndpointStateMachine task thread for /0.0.0.0:15002 - 0 ] INFO  volume.StorageVolumeChecker (StorageVolumeChecker.java:checkAllVolumes(213)) - Scheduled health check for volume /home/runner/work/ozone/ozone/hadoop-ozone/integration-test/target/test-dir/MiniOzoneClusterImpl-0a18362f-1832-4b81-b629-935968d04e12/datanode-1/data-0/containers/hdds
2023-09-15 05:01:41,797 [EndpointStateMachine task thread for /0.0.0.0:15002 - 0 ] INFO  volume.ThrottledAsyncChecker (ThrottledAsyncChecker.java:schedule(141)) - Scheduling a check for /home/runner/work/ozone/ozone/hadoop-ozone/integration-test/target/test-dir/MiniOzoneClusterImpl-0a18362f-1832-4b81-b629-935968d04e12/datanode-1/data/ratis
2023-09-15 05:01:41,797 [EndpointStateMachine task thread for /0.0.0.0:15002 - 0 ] INFO  volume.StorageVolumeChecker (StorageVolumeChecker.java:checkAllVolumes(213)) - Scheduled health check for volume /home/runner/work/ozone/ozone/hadoop-ozone/integration-test/target/test-dir/MiniOzoneClusterImpl-0a18362f-1832-4b81-b629-935968d04e12/datanode-1/data/ratis
2023-09-15 05:01:41,797 [EndpointStateMachine task thread for /0.0.0.0:15002 - 0 ] INFO  server.GrpcService (GrpcService.java:startImpl(302)) - 3b898b8b-8841-452f-b538-8e8d26c8d287: GrpcService started, listening on 15012
2023-09-15 05:01:41,801 [EndpointStateMachine task thread for /0.0.0.0:15002 - 0 ] INFO  ozoneimpl.OzoneContainer (OzoneContainer.java:start(429)) - Attempting to start container services.
2023-09-15 05:01:41,801 [EndpointStateMachine task thread for /0.0.0.0:15002 - 0 ] INFO  ozoneimpl.OzoneContainer (OzoneContainer.java:startContainerScrub(325)) - Scheduled background container scanners and the on-demand container scanner have been disabled.
2023-09-15 05:01:41,803 [EndpointStateMachine task thread for /0.0.0.0:15002 - 0 ] INFO  server.GrpcService (GrpcService.java:startImpl(302)) - 3b898b8b-8841-452f-b538-8e8d26c8d287: GrpcService started, listening on 15014
2023-09-15 05:01:41,804 [EndpointStateMachine task thread for /0.0.0.0:15002 - 0 ] INFO  replication.ReplicationServer (ReplicationServer.java:start(134)) - ReplicationServer is started using port 15025
2023-09-15 05:01:41,804 [EndpointStateMachine task thread for /0.0.0.0:15002 - 0 ] INFO  ratis.XceiverServerRatis (XceiverServerRatis.java:start(517)) - Starting XceiverServerRatis dd1e58ff-ca4a-47cb-ae71-8fc517aad200
2023-09-15 05:01:41,816 [EndpointStateMachine task thread for /0.0.0.0:15002 - 0 ] INFO  server.RaftServer (RaftServerProxy.java:startImpl(400)) - dd1e58ff-ca4a-47cb-ae71-8fc517aad200: start RPC server
2023-09-15 05:01:41,831 [EndpointStateMachine task thread for /0.0.0.0:15002 - 0 ] INFO  server.GrpcService (GrpcService.java:startImpl(302)) - 3b898b8b-8841-452f-b538-8e8d26c8d287: GrpcService started, listening on 15013
2023-09-15 05:01:41,831 [EndpointStateMachine task thread for /0.0.0.0:15002 - 0 ] INFO  server.GrpcService (GrpcService.java:startImpl(302)) - dd1e58ff-ca4a-47cb-ae71-8fc517aad200: GrpcService started, listening on 15021
2023-09-15 05:01:41,834 [EndpointStateMachine task thread for /0.0.0.0:15002 - 0 ] INFO  ratis.XceiverServerRatis (XceiverServerRatis.java:getRealPort(543)) - XceiverServerRatis 3b898b8b-8841-452f-b538-8e8d26c8d287 is started using port 15012 for RATIS
2023-09-15 05:01:41,846 [EndpointStateMachine task thread for /0.0.0.0:15002 - 0 ] INFO  ratis.XceiverServerRatis (XceiverServerRatis.java:getRealPort(543)) - XceiverServerRatis 3b898b8b-8841-452f-b538-8e8d26c8d287 is started using port 15013 for RATIS_ADMIN
2023-09-15 05:01:41,846 [EndpointStateMachine task thread for /0.0.0.0:15002 - 0 ] INFO  ratis.XceiverServerRatis (XceiverServerRatis.java:getRealPort(543)) - XceiverServerRatis 3b898b8b-8841-452f-b538-8e8d26c8d287 is started using port 15014 for RATIS_SERVER
2023-09-15 05:01:41,847 [EndpointStateMachine task thread for /0.0.0.0:15002 - 0 ] INFO  ratis.XceiverServerRatis (XceiverServerRatis.java:getRealPort(543)) - XceiverServerRatis 3b898b8b-8841-452f-b538-8e8d26c8d287 is started using port 15015 for RATIS_DATASTREAM
2023-09-15 05:01:41,850 [JvmPauseMonitor2] INFO  util.JvmPauseMonitor (JvmPauseMonitor.java:run(103)) - JvmPauseMonitor-3b898b8b-8841-452f-b538-8e8d26c8d287: Started
2023-09-15 05:01:41,871 [EndpointStateMachine task thread for /0.0.0.0:15002 - 0 ] INFO  server.GrpcService (GrpcService.java:startImpl(302)) - dd1e58ff-ca4a-47cb-ae71-8fc517aad200: GrpcService started, listening on 15023
2023-09-15 05:01:41,878 [BlockDeletingService#0] INFO  interfaces.ContainerDeletionChoosingPolicyTemplate (ContainerDeletionChoosingPolicyTemplate.java:chooseContainerForBlockDeletion(85)) - Chosen 0/5000 blocks from 0 candidate containers.
2023-09-15 05:01:41,894 [EndpointStateMachine task thread for /0.0.0.0:15002 - 0 ] INFO  server.GrpcService (GrpcService.java:startImpl(302)) - dd1e58ff-ca4a-47cb-ae71-8fc517aad200: GrpcService started, listening on 15022
2023-09-15 05:01:41,901 [EndpointStateMachine task thread for /0.0.0.0:15002 - 0 ] INFO  ratis.XceiverServerRatis (XceiverServerRatis.java:getRealPort(543)) - XceiverServerRatis dd1e58ff-ca4a-47cb-ae71-8fc517aad200 is started using port 15021 for RATIS
2023-09-15 05:01:41,901 [EndpointStateMachine task thread for /0.0.0.0:15002 - 0 ] INFO  ratis.XceiverServerRatis (XceiverServerRatis.java:getRealPort(543)) - XceiverServerRatis dd1e58ff-ca4a-47cb-ae71-8fc517aad200 is started using port 15022 for RATIS_ADMIN
2023-09-15 05:01:41,901 [EndpointStateMachine task thread for /0.0.0.0:15002 - 0 ] INFO  ratis.XceiverServerRatis (XceiverServerRatis.java:getRealPort(543)) - XceiverServerRatis dd1e58ff-ca4a-47cb-ae71-8fc517aad200 is started using port 15023 for RATIS_SERVER
2023-09-15 05:01:41,901 [EndpointStateMachine task thread for /0.0.0.0:15002 - 0 ] INFO  ratis.XceiverServerRatis (XceiverServerRatis.java:getRealPort(543)) - XceiverServerRatis dd1e58ff-ca4a-47cb-ae71-8fc517aad200 is started using port 15024 for RATIS_DATASTREAM
2023-09-15 05:01:41,902 [JvmPauseMonitor3] INFO  util.JvmPauseMonitor (JvmPauseMonitor.java:run(103)) - JvmPauseMonitor-dd1e58ff-ca4a-47cb-ae71-8fc517aad200: Started
2023-09-15 05:01:41,918 [main] INFO  handler.ContextHandler (ContextHandler.java:doStart(921)) - Started o.e.j.w.WebAppContext@5d3bc563{hddsDatanode,/,file:///home/runner/work/ozone/ozone/hadoop-ozone/integration-test/target/tmp/kms/webapp/,AVAILABLE}{jar:file:/home/runner/.m2/repository/org/apache/ozone/hdds-container-service/1.4.0-SNAPSHOT/hdds-container-service-1.4.0-SNAPSHOT.jar!/webapps/hddsDatanode}
2023-09-15 05:01:41,922 [BlockDeletingService#0] INFO  interfaces.ContainerDeletionChoosingPolicyTemplate (ContainerDeletionChoosingPolicyTemplate.java:chooseContainerForBlockDeletion(85)) - Chosen 0/5000 blocks from 0 candidate containers.
2023-09-15 05:01:41,931 [main] INFO  server.AbstractConnector (AbstractConnector.java:doStart(333)) - Started ServerConnector@3ed2983b{HTTP/1.1, (http/1.1)}{0.0.0.0:15063}
2023-09-15 05:01:41,931 [main] INFO  server.Server (Server.java:doStart(415)) - Started @15803ms
2023-09-15 05:01:41,931 [main] WARN  impl.MetricsSystemImpl (MetricsSystemImpl.java:register(279)) - Sink prometheus already exists!
2023-09-15 05:01:41,934 [main] INFO  http.BaseHttpServer (BaseHttpServer.java:updateConnectorAddress(354)) - HTTP server of hddsDatanode listening at http://0.0.0.0:15063
2023-09-15 05:01:41,934 [main] INFO  ipc.CallQueueManager (CallQueueManager.java:<init>(90)) - Using callQueue: class java.util.concurrent.LinkedBlockingQueue, queueCapacity: 100, scheduler: class org.apache.hadoop.ipc.DefaultRpcScheduler, ipcBackoff: false.
2023-09-15 05:01:41,935 [main] INFO  ipc.Server (Server.java:<init>(1287)) - Listener at 0.0.0.0:15064
2023-09-15 05:01:41,938 [Socket Reader #1 for port 15064] INFO  ipc.Server (Server.java:run(1323)) - Starting Socket Reader #1 for port 15064
2023-09-15 05:01:41,940 [main] INFO  ozone.HddsDatanodeService (HddsDatanodeService.java:start(315)) - Datanode start with admins: [runner]
2023-09-15 05:01:41,940 [main] INFO  ozone.HddsDatanodeClientProtocolServer (HddsDatanodeClientProtocolServer.java:start(72)) - RPC server for Client /0.0.0.0:15064
2023-09-15 05:01:41,941 [IPC Server Responder] INFO  ipc.Server (Server.java:run(1562)) - IPC Server Responder: starting
2023-09-15 05:01:41,941 [IPC Server listener on 15064] INFO  ipc.Server (Server.java:run(1402)) - IPC Server listener on 15064: starting
2023-09-15 05:01:41,942 [main] WARN  impl.MetricRegistriesImpl (MetricRegistriesImpl.java:addReporterRegistration(111)) - New reporters are added after registries were created. Some metrics will be missing from the reporter. Please add reporter before adding any new registry.
2023-09-15 05:01:41,942 [main] WARN  impl.MetricRegistriesImpl (MetricRegistriesImpl.java:addReporterRegistration(111)) - New reporters are added after registries were created. Some metrics will be missing from the reporter. Please add reporter before adding any new registry.
2023-09-15 05:01:41,942 [main] INFO  impl.MetricsSystemImpl (MetricsSystemImpl.java:init(158)) - HddsDatanode metrics system started (again)
2023-09-15 05:01:41,958 [Datanode State Machine Daemon Thread] INFO  statemachine.DatanodeStateMachine (DatanodeStateMachine.java:lambda$startDaemon$0(538)) - Ozone container server started.
2023-09-15 05:01:41,969 [main] INFO  ozone.HddsDatanodeService (HddsDatanodeService.java:start(237)) - HddsDatanodeService host:fv-az371-27.ipdn00qvwfrujbrcphh0gwusye.dx.internal.cloudapp.net ip:10.1.0.24
2023-09-15 05:01:41,977 [Datanode State Machine Task Thread - 0] INFO  datanode.InitDatanodeState (InitDatanodeState.java:persistContainerDatanodeDetails(138)) - DatanodeDetails is persisted to /home/runner/work/ozone/ozone/hadoop-ozone/integration-test/target/test-dir/MiniOzoneClusterImpl-0a18362f-1832-4b81-b629-935968d04e12/datanode-6/meta/datanode.id
2023-09-15 05:01:41,995 [main] INFO  upgrade.AbstractLayoutVersionManager (AbstractLayoutVersionManager.java:init(83)) - Initializing Layout version manager with metadata layout = HADOOP_PRC_PORTS_IN_DATANODEDETAILS (version = 7), software layout = HADOOP_PRC_PORTS_IN_DATANODEDETAILS (version = 7)
2023-09-15 05:01:41,995 [main] INFO  statemachine.DatanodeStateMachine (DatanodeStateMachine.java:getEndPointTaskThreadPoolSize(282)) - Datanode State Machine Task Thread Pool size 2
2023-09-15 05:01:41,997 [main] INFO  volume.HddsVolume (HddsVolume.java:<init>(126)) - Creating HddsVolume: /home/runner/work/ozone/ozone/hadoop-ozone/integration-test/target/test-dir/MiniOzoneClusterImpl-0a18362f-1832-4b81-b629-935968d04e12/datanode-7/data-0/containers/hdds of storage type : DISK capacity : 9223372036854775807
2023-09-15 05:01:41,998 [main] INFO  volume.MutableVolumeSet (MutableVolumeSet.java:initializeVolumeSet(173)) - Added Volume : /home/runner/work/ozone/ozone/hadoop-ozone/integration-test/target/test-dir/MiniOzoneClusterImpl-0a18362f-1832-4b81-b629-935968d04e12/datanode-7/data-0/containers/hdds to VolumeSet
2023-09-15 05:01:41,999 [main] INFO  volume.MutableVolumeSet (MutableVolumeSet.java:initializeVolumeSet(173)) - Added Volume : /home/runner/work/ozone/ozone/hadoop-ozone/integration-test/target/test-dir/MiniOzoneClusterImpl-0a18362f-1832-4b81-b629-935968d04e12/datanode-7/data/ratis to VolumeSet
2023-09-15 05:01:42,000 [Thread-284] INFO  ozoneimpl.ContainerReader (ContainerReader.java:readVolume(177)) - Finish verifying containers on volume /home/runner/work/ozone/ozone/hadoop-ozone/integration-test/target/test-dir/MiniOzoneClusterImpl-0a18362f-1832-4b81-b629-935968d04e12/datanode-7/data-0/containers/hdds
2023-09-15 05:01:42,000 [main] INFO  ozoneimpl.OzoneContainer (OzoneContainer.java:buildContainerSet(314)) - Build ContainerSet costs 0s
2023-09-15 05:01:42,002 [main] INFO  server.RaftServer (ConfUtils.java:logGet(46)) - raft.rpc.type = GRPC (default)
2023-09-15 05:01:42,003 [main] INFO  grpc.GrpcConfigKeys (ConfUtils.java:logFallback(53)) - raft.grpc.admin.host = null (fallback to raft.grpc.server.host)
2023-09-15 05:01:42,003 [main] INFO  grpc.GrpcConfigKeys (ConfUtils.java:logGet(46)) - raft.grpc.admin.port = 15076 (custom)
2023-09-15 05:01:42,003 [main] INFO  grpc.GrpcConfigKeys (ConfUtils.java:logFallback(53)) - raft.grpc.client.host = null (fallback to raft.grpc.server.host)
2023-09-15 05:01:42,003 [main] INFO  grpc.GrpcConfigKeys (ConfUtils.java:logGet(46)) - raft.grpc.client.port = 15075 (custom)
2023-09-15 05:01:42,003 [main] INFO  grpc.GrpcConfigKeys (ConfUtils.java:logGet(46)) - raft.grpc.server.host = null (default)
2023-09-15 05:01:42,003 [main] INFO  grpc.GrpcConfigKeys (ConfUtils.java:logGet(46)) - raft.grpc.server.port = 15077 (custom)
2023-09-15 05:01:42,004 [main] INFO  server.GrpcService (ConfUtils.java:logGet(46)) - raft.grpc.message.size.max = 32MB (=33554432) (custom)
2023-09-15 05:01:42,004 [main] INFO  server.RaftServerConfigKeys (ConfUtils.java:logGet(46)) - raft.server.log.appender.buffer.byte-limit = 33554432 (custom)
2023-09-15 05:01:42,004 [main] INFO  server.GrpcService (ConfUtils.java:logGet(46)) - raft.grpc.flow.control.window = 5MB (=5242880) (custom)
2023-09-15 05:01:42,004 [main] INFO  server.RaftServerConfigKeys (ConfUtils.java:logGet(46)) - raft.server.rpc.request.timeout = 60s (custom)
2023-09-15 05:01:42,004 [main] INFO  grpc.GrpcConfigKeys (ConfUtils.java:logGet(46)) - raft.grpc.server.heartbeat.channel = true (default)
2023-09-15 05:01:42,004 [main] INFO  grpc.GrpcConfigKeys (ConfUtils.java:logGet(46)) - raft.grpc.server.async.request.thread.pool.cached = true (default)
2023-09-15 05:01:42,004 [main] INFO  grpc.GrpcConfigKeys (ConfUtils.java:logGet(46)) - raft.grpc.server.async.request.thread.pool.size = 32 (default)
2023-09-15 05:01:42,007 [main] INFO  impl.DataStreamServerImpl (ConfUtils.java:logGet(46)) - raft.datastream.type = NETTY (custom)
2023-09-15 05:01:42,008 [main] INFO  server.RaftServerConfigKeys (ConfUtils.java:logGet(46)) - raft.server.data-stream.async.request.thread.pool.cached = false (default)
2023-09-15 05:01:42,008 [main] INFO  server.RaftServerConfigKeys (ConfUtils.java:logGet(46)) - raft.server.data-stream.async.request.thread.pool.size = 20 (custom)
2023-09-15 05:01:42,008 [main] INFO  server.RaftServerConfigKeys (ConfUtils.java:logGet(46)) - raft.server.data-stream.async.write.thread.pool.size = 16 (default)
2023-09-15 05:01:42,008 [main] INFO  server.RaftServerConfigKeys (ConfUtils.java:logGet(46)) - raft.server.data-stream.client.pool.size = 10 (default)
2023-09-15 05:01:42,008 [main] INFO  netty.NettyConfigKeys$DataStream (ConfUtils.java:logGet(46)) - raft.netty.dataStream.server.use-epoll = false (default)
2023-09-15 05:01:42,009 [main] INFO  netty.NettyConfigKeys$DataStream (ConfUtils.java:logGet(46)) - raft.netty.dataStream.server.boss-group.size = 0 (default)
2023-09-15 05:01:42,009 [main] INFO  netty.NettyConfigKeys$DataStream (ConfUtils.java:logGet(46)) - raft.netty.dataStream.server.worker-group.size = 0 (default)
2023-09-15 05:01:42,009 [main] INFO  netty.NettyConfigKeys$DataStream (ConfUtils.java:logGet(46)) - raft.netty.dataStream.server.tls.conf = null (default)
2023-09-15 05:01:42,010 [main] INFO  netty.NettyConfigKeys$DataStream (ConfUtils.java:logGet(46)) - raft.netty.dataStream.host = null (default)
2023-09-15 05:01:42,010 [main] INFO  netty.NettyConfigKeys$DataStream (ConfUtils.java:logGet(46)) - raft.netty.dataStream.port = 15078 (custom)
2023-09-15 05:01:42,014 [main] INFO  server.RaftServerConfigKeys (ConfUtils.java:logGet(46)) - raft.server.threadpool.proxy.cached = true (default)
2023-09-15 05:01:42,014 [main] INFO  server.RaftServerConfigKeys (ConfUtils.java:logGet(46)) - raft.server.threadpool.proxy.size = 0 (default)
2023-09-15 05:01:42,015 [main] INFO  server.RaftServerConfigKeys (ConfUtils.java:logGet(46)) - raft.server.rpc.slowness.timeout = 300s (custom)
2023-09-15 05:01:42,015 [main] INFO  server.RaftServerConfigKeys (ConfUtils.java:logGet(46)) - raft.server.leaderelection.leader.step-down.wait-time = 10s (default)
2023-09-15 05:01:42,015 [main] INFO  server.RaftServerConfigKeys (ConfUtils.java:logGet(46)) - raft.server.storage.dir = [/home/runner/work/ozone/ozone/hadoop-ozone/integration-test/target/test-dir/MiniOzoneClusterImpl-0a18362f-1832-4b81-b629-935968d04e12/datanode-7/data/ratis] (custom)
2023-09-15 05:01:42,017 [386b2284-1126-4572-992a-9634c883c70a-NettyServerStreamRpc-bossGroup--thread1] INFO  logging.LoggingHandler (AbstractInternalLogger.java:log(148)) - [id: 0xd19c06fe] REGISTERED
2023-09-15 05:01:42,017 [386b2284-1126-4572-992a-9634c883c70a-NettyServerStreamRpc-bossGroup--thread1] INFO  logging.LoggingHandler (AbstractInternalLogger.java:log(148)) - [id: 0xd19c06fe] BIND: 0.0.0.0/0.0.0.0:15078
2023-09-15 05:01:42,018 [386b2284-1126-4572-992a-9634c883c70a-NettyServerStreamRpc-bossGroup--thread1] INFO  logging.LoggingHandler (AbstractInternalLogger.java:log(148)) - [id: 0xd19c06fe, L:/0:0:0:0:0:0:0:0:15078] ACTIVE
2023-09-15 05:01:42,018 [386b2284-1126-4572-992a-9634c883c70a-impl-thread1] INFO  server.RaftServer (RaftServerProxy.java:initGroupDir(258)) - 386b2284-1126-4572-992a-9634c883c70a: found a subdirectory /home/runner/work/ozone/ozone/hadoop-ozone/integration-test/target/test-dir/MiniOzoneClusterImpl-0a18362f-1832-4b81-b629-935968d04e12/datanode-7/data/ratis/tmp
2023-09-15 05:01:42,018 [386b2284-1126-4572-992a-9634c883c70a-impl-thread1] INFO  server.RaftServer (RaftServerProxy.java:initGroupDir(263)) - 386b2284-1126-4572-992a-9634c883c70a: The directory /home/runner/work/ozone/ozone/hadoop-ozone/integration-test/target/test-dir/MiniOzoneClusterImpl-0a18362f-1832-4b81-b629-935968d04e12/datanode-7/data/ratis/tmp is not a group directory; ignoring it. 
2023-09-15 05:01:42,019 [main] INFO  replication.ReplicationServer (ReplicationServer.java:<init>(83)) - Initializing replication server with thread count = 10 queue length = 4096
2023-09-15 05:01:42,023 [main] INFO  server.XceiverServerGrpc (XceiverServerGrpc.java:<init>(132)) - GrpcServer channel type EpollServerSocketChannel
2023-09-15 05:01:42,026 [main] INFO  replication.ReplicationSupervisor (ReplicationSupervisor.java:build(155)) - Initializing replication supervisor with thread count = 10
2023-09-15 05:01:42,026 [main] INFO  replication.ReplicationSupervisor (ReplicationSupervisor.java:nodeStateUpdated(307)) - Node state updated to IN_SERVICE, scaling executor pool size to 10
2023-09-15 05:01:42,031 [main] INFO  http.BaseHttpServer (BaseHttpServer.java:newHttpServer2BuilderForOzone(223)) - Starting Web-server for hddsDatanode at: http://0.0.0.0:15072
2023-09-15 05:01:42,031 [main] INFO  http.BaseHttpServer (BaseHttpServer.java:<init>(110)) - Hadoop Security Enabled: false Ozone Security Enabled: false Ozone HTTP Security Enabled: false 
2023-09-15 05:01:42,033 [main] WARN  server.AuthenticationFilter (AuthenticationFilter.java:constructSecretProvider(240)) - Unable to initialize FileSignerSecretProvider, falling back to use random secrets. Reason: Could not read signature secret file: /home/runner/hadoop-http-auth-signature-secret
2023-09-15 05:01:42,036 [main] INFO  http.HttpRequestLog (HttpRequestLog.java:getRequestLog(86)) - Http request log for http.requests.hddsDatanode is not defined
2023-09-15 05:01:42,037 [main] INFO  http.HttpServer2 (HttpServer2.java:addGlobalFilter(1031)) - Added global filter 'safety' (class=org.apache.hadoop.hdds.server.http.HttpServer2$QuotingInputFilter)
2023-09-15 05:01:42,038 [main] INFO  http.HttpServer2 (HttpServer2.java:addFilter(1007)) - Added filter static_user_filter (class=org.apache.hadoop.http.lib.StaticUserWebFilter$StaticUserFilter) to context hddsDatanode
2023-09-15 05:01:42,039 [main] INFO  http.HttpServer2 (HttpServer2.java:addFilter(1015)) - Added filter static_user_filter (class=org.apache.hadoop.http.lib.StaticUserWebFilter$StaticUserFilter) to context logs
2023-09-15 05:01:42,039 [main] INFO  http.HttpServer2 (HttpServer2.java:addFilter(1015)) - Added filter static_user_filter (class=org.apache.hadoop.http.lib.StaticUserWebFilter$StaticUserFilter) to context static
2023-09-15 05:01:42,039 [main] INFO  http.BaseHttpServer (BaseHttpServer.java:<init>(189)) - HTTP server of hddsDatanode uses base directory /home/runner/work/ozone/ozone/hadoop-ozone/integration-test/target/test-dir/MiniOzoneClusterImpl-0a18362f-1832-4b81-b629-935968d04e12/datanode-7/meta/webserver
2023-09-15 05:01:42,040 [main] INFO  http.HttpServer2 (HttpServer2.java:bindListener(1231)) - Jetty bound to port 15072
2023-09-15 05:01:42,040 [main] INFO  server.Server (Server.java:doStart(375)) - jetty-9.4.51.v20230217; built: 2023-02-17T08:19:37.309Z; git: b45c405e4544384de066f814ed42ae3dceacdd49; jvm 1.8.0_382-b05
2023-09-15 05:01:42,042 [main] INFO  server.session (DefaultSessionIdManager.java:doStart(334)) - DefaultSessionIdManager workerName=node0
2023-09-15 05:01:42,042 [main] INFO  server.session (DefaultSessionIdManager.java:doStart(339)) - No SessionScavenger set, using defaults
2023-09-15 05:01:42,043 [main] INFO  server.session (HouseKeeper.java:startScavenging(132)) - node0 Scavenging every 600000ms
2023-09-15 05:01:42,043 [main] INFO  handler.ContextHandler (ContextHandler.java:doStart(921)) - Started o.e.j.s.ServletContextHandler@4e119850{logs,/logs,file:///home/runner/work/ozone/ozone/hadoop-ozone/integration-test/target/log,AVAILABLE}
2023-09-15 05:01:42,044 [main] INFO  handler.ContextHandler (ContextHandler.java:doStart(921)) - Started o.e.j.s.ServletContextHandler@6b7f46f6{static,/static,jar:file:/home/runner/.m2/repository/org/apache/ozone/hdds-container-service/1.4.0-SNAPSHOT/hdds-container-service-1.4.0-SNAPSHOT.jar!/webapps/static,AVAILABLE}
2023-09-15 05:01:42,121 [EndpointStateMachine task thread for /0.0.0.0:15002 - 0 ] INFO  utils.DatanodeStoreCache (DatanodeStoreCache.java:addDB(66)) - Added db /home/runner/work/ozone/ozone/hadoop-ozone/integration-test/target/test-dir/MiniOzoneClusterImpl-0a18362f-1832-4b81-b629-935968d04e12/datanode-2/data-0/containers/hdds/0a18362f-1832-4b81-b629-935968d04e12/DS-606f25c8-8c20-47bb-a3ad-3329d47a23a2/container.db to cache
2023-09-15 05:01:42,121 [EndpointStateMachine task thread for /0.0.0.0:15002 - 0 ] INFO  volume.HddsVolume (HddsVolume.java:createDbStore(422)) - SchemaV3 db is created and loaded at /home/runner/work/ozone/ozone/hadoop-ozone/integration-test/target/test-dir/MiniOzoneClusterImpl-0a18362f-1832-4b81-b629-935968d04e12/datanode-2/data-0/containers/hdds/0a18362f-1832-4b81-b629-935968d04e12/DS-606f25c8-8c20-47bb-a3ad-3329d47a23a2/container.db for volume DS-606f25c8-8c20-47bb-a3ad-3329d47a23a2
2023-09-15 05:01:42,127 [EndpointStateMachine task thread for /0.0.0.0:15002 - 0 ] INFO  volume.ThrottledAsyncChecker (ThrottledAsyncChecker.java:schedule(141)) - Scheduling a check for /home/runner/work/ozone/ozone/hadoop-ozone/integration-test/target/test-dir/MiniOzoneClusterImpl-0a18362f-1832-4b81-b629-935968d04e12/datanode-2/data-0/containers/hdds
2023-09-15 05:01:42,134 [EndpointStateMachine task thread for /0.0.0.0:15002 - 0 ] INFO  volume.StorageVolumeChecker (StorageVolumeChecker.java:checkAllVolumes(213)) - Scheduled health check for volume /home/runner/work/ozone/ozone/hadoop-ozone/integration-test/target/test-dir/MiniOzoneClusterImpl-0a18362f-1832-4b81-b629-935968d04e12/datanode-2/data-0/containers/hdds
2023-09-15 05:01:42,136 [EndpointStateMachine task thread for /0.0.0.0:15002 - 0 ] INFO  volume.ThrottledAsyncChecker (ThrottledAsyncChecker.java:schedule(141)) - Scheduling a check for /home/runner/work/ozone/ozone/hadoop-ozone/integration-test/target/test-dir/MiniOzoneClusterImpl-0a18362f-1832-4b81-b629-935968d04e12/datanode-2/data/ratis
2023-09-15 05:01:42,136 [EndpointStateMachine task thread for /0.0.0.0:15002 - 0 ] INFO  volume.StorageVolumeChecker (StorageVolumeChecker.java:checkAllVolumes(213)) - Scheduled health check for volume /home/runner/work/ozone/ozone/hadoop-ozone/integration-test/target/test-dir/MiniOzoneClusterImpl-0a18362f-1832-4b81-b629-935968d04e12/datanode-2/data/ratis
2023-09-15 05:01:42,150 [EndpointStateMachine task thread for /0.0.0.0:15002 - 0 ] INFO  ozoneimpl.OzoneContainer (OzoneContainer.java:start(429)) - Attempting to start container services.
2023-09-15 05:01:42,151 [EndpointStateMachine task thread for /0.0.0.0:15002 - 0 ] INFO  ozoneimpl.OzoneContainer (OzoneContainer.java:startContainerScrub(325)) - Scheduled background container scanners and the on-demand container scanner have been disabled.
2023-09-15 05:01:42,154 [EndpointStateMachine task thread for /0.0.0.0:15002 - 0 ] INFO  replication.ReplicationServer (ReplicationServer.java:start(134)) - ReplicationServer is started using port 15034
2023-09-15 05:01:42,154 [EndpointStateMachine task thread for /0.0.0.0:15002 - 0 ] INFO  ratis.XceiverServerRatis (XceiverServerRatis.java:start(517)) - Starting XceiverServerRatis 729f921e-514b-472d-a5a3-7d6b9d90aa28
2023-09-15 05:01:42,159 [EndpointStateMachine task thread for /0.0.0.0:15002 - 0 ] INFO  server.RaftServer (RaftServerProxy.java:startImpl(400)) - 729f921e-514b-472d-a5a3-7d6b9d90aa28: start RPC server
2023-09-15 05:01:42,168 [EndpointStateMachine task thread for /0.0.0.0:15002 - 0 ] INFO  server.GrpcService (GrpcService.java:startImpl(302)) - 729f921e-514b-472d-a5a3-7d6b9d90aa28: GrpcService started, listening on 15030
2023-09-15 05:01:42,172 [EndpointStateMachine task thread for /0.0.0.0:15002 - 0 ] INFO  server.GrpcService (GrpcService.java:startImpl(302)) - 729f921e-514b-472d-a5a3-7d6b9d90aa28: GrpcService started, listening on 15032
2023-09-15 05:01:42,175 [EndpointStateMachine task thread for /0.0.0.0:15002 - 0 ] INFO  server.GrpcService (GrpcService.java:startImpl(302)) - 729f921e-514b-472d-a5a3-7d6b9d90aa28: GrpcService started, listening on 15031
2023-09-15 05:01:42,178 [EndpointStateMachine task thread for /0.0.0.0:15002 - 0 ] INFO  ratis.XceiverServerRatis (XceiverServerRatis.java:getRealPort(543)) - XceiverServerRatis 729f921e-514b-472d-a5a3-7d6b9d90aa28 is started using port 15030 for RATIS
2023-09-15 05:01:42,178 [EndpointStateMachine task thread for /0.0.0.0:15002 - 0 ] INFO  ratis.XceiverServerRatis (XceiverServerRatis.java:getRealPort(543)) - XceiverServerRatis 729f921e-514b-472d-a5a3-7d6b9d90aa28 is started using port 15031 for RATIS_ADMIN
2023-09-15 05:01:42,178 [EndpointStateMachine task thread for /0.0.0.0:15002 - 0 ] INFO  ratis.XceiverServerRatis (XceiverServerRatis.java:getRealPort(543)) - XceiverServerRatis 729f921e-514b-472d-a5a3-7d6b9d90aa28 is started using port 15032 for RATIS_SERVER
2023-09-15 05:01:42,178 [EndpointStateMachine task thread for /0.0.0.0:15002 - 0 ] INFO  ratis.XceiverServerRatis (XceiverServerRatis.java:getRealPort(543)) - XceiverServerRatis 729f921e-514b-472d-a5a3-7d6b9d90aa28 is started using port 15033 for RATIS_DATASTREAM
2023-09-15 05:01:42,178 [JvmPauseMonitor4] INFO  util.JvmPauseMonitor (JvmPauseMonitor.java:run(103)) - JvmPauseMonitor-729f921e-514b-472d-a5a3-7d6b9d90aa28: Started
2023-09-15 05:01:42,187 [BlockDeletingService#0] INFO  interfaces.ContainerDeletionChoosingPolicyTemplate (ContainerDeletionChoosingPolicyTemplate.java:chooseContainerForBlockDeletion(85)) - Chosen 0/5000 blocks from 0 candidate containers.
2023-09-15 05:01:42,349 [main] INFO  handler.ContextHandler (ContextHandler.java:doStart(921)) - Started o.e.j.w.WebAppContext@db7e9c3{hddsDatanode,/,file:///home/runner/work/ozone/ozone/hadoop-ozone/integration-test/target/tmp/kms/webapp/,AVAILABLE}{jar:file:/home/runner/.m2/repository/org/apache/ozone/hdds-container-service/1.4.0-SNAPSHOT/hdds-container-service-1.4.0-SNAPSHOT.jar!/webapps/hddsDatanode}
2023-09-15 05:01:42,351 [main] INFO  server.AbstractConnector (AbstractConnector.java:doStart(333)) - Started ServerConnector@6d34e2e1{HTTP/1.1, (http/1.1)}{0.0.0.0:15072}
2023-09-15 05:01:42,352 [main] INFO  server.Server (Server.java:doStart(415)) - Started @16223ms
2023-09-15 05:01:42,352 [main] WARN  impl.MetricsSystemImpl (MetricsSystemImpl.java:register(279)) - Sink prometheus already exists!
2023-09-15 05:01:42,353 [main] INFO  http.BaseHttpServer (BaseHttpServer.java:updateConnectorAddress(354)) - HTTP server of hddsDatanode listening at http://0.0.0.0:15072
2023-09-15 05:01:42,353 [main] INFO  ipc.CallQueueManager (CallQueueManager.java:<init>(90)) - Using callQueue: class java.util.concurrent.LinkedBlockingQueue, queueCapacity: 100, scheduler: class org.apache.hadoop.ipc.DefaultRpcScheduler, ipcBackoff: false.
2023-09-15 05:01:42,353 [main] INFO  ipc.Server (Server.java:<init>(1287)) - Listener at 0.0.0.0:15073
2023-09-15 05:01:42,355 [Socket Reader #1 for port 15073] INFO  ipc.Server (Server.java:run(1323)) - Starting Socket Reader #1 for port 15073
2023-09-15 05:01:42,360 [main] INFO  ozone.HddsDatanodeService (HddsDatanodeService.java:start(315)) - Datanode start with admins: [runner]
2023-09-15 05:01:42,361 [main] INFO  ozone.HddsDatanodeClientProtocolServer (HddsDatanodeClientProtocolServer.java:start(72)) - RPC server for Client /0.0.0.0:15073
2023-09-15 05:01:42,361 [IPC Server Responder] INFO  ipc.Server (Server.java:run(1562)) - IPC Server Responder: starting
2023-09-15 05:01:42,363 [Datanode State Machine Daemon Thread] INFO  statemachine.DatanodeStateMachine (DatanodeStateMachine.java:lambda$startDaemon$0(538)) - Ozone container server started.
2023-09-15 05:01:42,364 [main] WARN  impl.MetricRegistriesImpl (MetricRegistriesImpl.java:addReporterRegistration(111)) - New reporters are added after registries were created. Some metrics will be missing from the reporter. Please add reporter before adding any new registry.
2023-09-15 05:01:42,364 [main] WARN  impl.MetricRegistriesImpl (MetricRegistriesImpl.java:addReporterRegistration(111)) - New reporters are added after registries were created. Some metrics will be missing from the reporter. Please add reporter before adding any new registry.
2023-09-15 05:01:42,364 [main] INFO  impl.MetricsSystemImpl (MetricsSystemImpl.java:init(158)) - HddsDatanode metrics system started (again)
2023-09-15 05:01:42,373 [IPC Server listener on 15073] INFO  ipc.Server (Server.java:run(1402)) - IPC Server listener on 15073: starting
2023-09-15 05:01:42,382 [Datanode State Machine Task Thread - 0] INFO  datanode.InitDatanodeState (InitDatanodeState.java:persistContainerDatanodeDetails(138)) - DatanodeDetails is persisted to /home/runner/work/ozone/ozone/hadoop-ozone/integration-test/target/test-dir/MiniOzoneClusterImpl-0a18362f-1832-4b81-b629-935968d04e12/datanode-7/meta/datanode.id
2023-09-15 05:01:42,391 [main] INFO  ozone.HddsDatanodeService (HddsDatanodeService.java:start(237)) - HddsDatanodeService host:fv-az371-27.ipdn00qvwfrujbrcphh0gwusye.dx.internal.cloudapp.net ip:10.1.0.24
2023-09-15 05:01:42,412 [main] INFO  upgrade.AbstractLayoutVersionManager (AbstractLayoutVersionManager.java:init(83)) - Initializing Layout version manager with metadata layout = HADOOP_PRC_PORTS_IN_DATANODEDETAILS (version = 7), software layout = HADOOP_PRC_PORTS_IN_DATANODEDETAILS (version = 7)
2023-09-15 05:01:42,414 [main] INFO  statemachine.DatanodeStateMachine (DatanodeStateMachine.java:getEndPointTaskThreadPoolSize(282)) - Datanode State Machine Task Thread Pool size 2
2023-09-15 05:01:42,416 [main] INFO  volume.HddsVolume (HddsVolume.java:<init>(126)) - Creating HddsVolume: /home/runner/work/ozone/ozone/hadoop-ozone/integration-test/target/test-dir/MiniOzoneClusterImpl-0a18362f-1832-4b81-b629-935968d04e12/datanode-8/data-0/containers/hdds of storage type : DISK capacity : 9223372036854775807
2023-09-15 05:01:42,416 [main] INFO  volume.MutableVolumeSet (MutableVolumeSet.java:initializeVolumeSet(173)) - Added Volume : /home/runner/work/ozone/ozone/hadoop-ozone/integration-test/target/test-dir/MiniOzoneClusterImpl-0a18362f-1832-4b81-b629-935968d04e12/datanode-8/data-0/containers/hdds to VolumeSet
2023-09-15 05:01:42,417 [main] INFO  volume.MutableVolumeSet (MutableVolumeSet.java:initializeVolumeSet(173)) - Added Volume : /home/runner/work/ozone/ozone/hadoop-ozone/integration-test/target/test-dir/MiniOzoneClusterImpl-0a18362f-1832-4b81-b629-935968d04e12/datanode-8/data/ratis to VolumeSet
2023-09-15 05:01:42,418 [Thread-306] INFO  ozoneimpl.ContainerReader (ContainerReader.java:readVolume(177)) - Finish verifying containers on volume /home/runner/work/ozone/ozone/hadoop-ozone/integration-test/target/test-dir/MiniOzoneClusterImpl-0a18362f-1832-4b81-b629-935968d04e12/datanode-8/data-0/containers/hdds
2023-09-15 05:01:42,418 [main] INFO  ozoneimpl.OzoneContainer (OzoneContainer.java:buildContainerSet(314)) - Build ContainerSet costs 0s
2023-09-15 05:01:42,421 [main] INFO  server.RaftServer (ConfUtils.java:logGet(46)) - raft.rpc.type = GRPC (default)
2023-09-15 05:01:42,422 [main] INFO  grpc.GrpcConfigKeys (ConfUtils.java:logFallback(53)) - raft.grpc.admin.host = null (fallback to raft.grpc.server.host)
2023-09-15 05:01:42,422 [main] INFO  grpc.GrpcConfigKeys (ConfUtils.java:logGet(46)) - raft.grpc.admin.port = 15085 (custom)
2023-09-15 05:01:42,422 [main] INFO  grpc.GrpcConfigKeys (ConfUtils.java:logFallback(53)) - raft.grpc.client.host = null (fallback to raft.grpc.server.host)
2023-09-15 05:01:42,422 [main] INFO  grpc.GrpcConfigKeys (ConfUtils.java:logGet(46)) - raft.grpc.client.port = 15084 (custom)
2023-09-15 05:01:42,422 [main] INFO  grpc.GrpcConfigKeys (ConfUtils.java:logGet(46)) - raft.grpc.server.host = null (default)
2023-09-15 05:01:42,422 [main] INFO  grpc.GrpcConfigKeys (ConfUtils.java:logGet(46)) - raft.grpc.server.port = 15086 (custom)
2023-09-15 05:01:42,422 [main] INFO  server.GrpcService (ConfUtils.java:logGet(46)) - raft.grpc.message.size.max = 32MB (=33554432) (custom)
2023-09-15 05:01:42,423 [main] INFO  server.RaftServerConfigKeys (ConfUtils.java:logGet(46)) - raft.server.log.appender.buffer.byte-limit = 33554432 (custom)
2023-09-15 05:01:42,423 [main] INFO  server.GrpcService (ConfUtils.java:logGet(46)) - raft.grpc.flow.control.window = 5MB (=5242880) (custom)
2023-09-15 05:01:42,423 [main] INFO  server.RaftServerConfigKeys (ConfUtils.java:logGet(46)) - raft.server.rpc.request.timeout = 60s (custom)
2023-09-15 05:01:42,423 [main] INFO  grpc.GrpcConfigKeys (ConfUtils.java:logGet(46)) - raft.grpc.server.heartbeat.channel = true (default)
2023-09-15 05:01:42,423 [main] INFO  grpc.GrpcConfigKeys (ConfUtils.java:logGet(46)) - raft.grpc.server.async.request.thread.pool.cached = true (default)
2023-09-15 05:01:42,423 [main] INFO  grpc.GrpcConfigKeys (ConfUtils.java:logGet(46)) - raft.grpc.server.async.request.thread.pool.size = 32 (default)
2023-09-15 05:01:42,426 [main] INFO  impl.DataStreamServerImpl (ConfUtils.java:logGet(46)) - raft.datastream.type = NETTY (custom)
2023-09-15 05:01:42,427 [main] INFO  server.RaftServerConfigKeys (ConfUtils.java:logGet(46)) - raft.server.data-stream.async.request.thread.pool.cached = false (default)
2023-09-15 05:01:42,427 [main] INFO  server.RaftServerConfigKeys (ConfUtils.java:logGet(46)) - raft.server.data-stream.async.request.thread.pool.size = 20 (custom)
2023-09-15 05:01:42,427 [main] INFO  server.RaftServerConfigKeys (ConfUtils.java:logGet(46)) - raft.server.data-stream.async.write.thread.pool.size = 16 (default)
2023-09-15 05:01:42,427 [main] INFO  server.RaftServerConfigKeys (ConfUtils.java:logGet(46)) - raft.server.data-stream.client.pool.size = 10 (default)
2023-09-15 05:01:42,427 [main] INFO  netty.NettyConfigKeys$DataStream (ConfUtils.java:logGet(46)) - raft.netty.dataStream.server.use-epoll = false (default)
2023-09-15 05:01:42,427 [main] INFO  netty.NettyConfigKeys$DataStream (ConfUtils.java:logGet(46)) - raft.netty.dataStream.server.boss-group.size = 0 (default)
2023-09-15 05:01:42,428 [main] INFO  netty.NettyConfigKeys$DataStream (ConfUtils.java:logGet(46)) - raft.netty.dataStream.server.worker-group.size = 0 (default)
2023-09-15 05:01:42,428 [main] INFO  netty.NettyConfigKeys$DataStream (ConfUtils.java:logGet(46)) - raft.netty.dataStream.server.tls.conf = null (default)
2023-09-15 05:01:42,428 [main] INFO  netty.NettyConfigKeys$DataStream (ConfUtils.java:logGet(46)) - raft.netty.dataStream.host = null (default)
2023-09-15 05:01:42,429 [main] INFO  netty.NettyConfigKeys$DataStream (ConfUtils.java:logGet(46)) - raft.netty.dataStream.port = 15087 (custom)
2023-09-15 05:01:42,429 [main] INFO  server.RaftServerConfigKeys (ConfUtils.java:logGet(46)) - raft.server.threadpool.proxy.cached = true (default)
2023-09-15 05:01:42,429 [main] INFO  server.RaftServerConfigKeys (ConfUtils.java:logGet(46)) - raft.server.threadpool.proxy.size = 0 (default)
2023-09-15 05:01:42,429 [main] INFO  server.RaftServerConfigKeys (ConfUtils.java:logGet(46)) - raft.server.rpc.slowness.timeout = 300s (custom)
2023-09-15 05:01:42,430 [main] INFO  server.RaftServerConfigKeys (ConfUtils.java:logGet(46)) - raft.server.leaderelection.leader.step-down.wait-time = 10s (default)
2023-09-15 05:01:42,430 [main] INFO  server.RaftServerConfigKeys (ConfUtils.java:logGet(46)) - raft.server.storage.dir = [/home/runner/work/ozone/ozone/hadoop-ozone/integration-test/target/test-dir/MiniOzoneClusterImpl-0a18362f-1832-4b81-b629-935968d04e12/datanode-8/data/ratis] (custom)
2023-09-15 05:01:42,433 [ba5cf16e-7b97-4e1d-8791-bccb4873d66e-NettyServerStreamRpc-bossGroup--thread1] INFO  logging.LoggingHandler (AbstractInternalLogger.java:log(148)) - [id: 0x35944b65] REGISTERED
2023-09-15 05:01:42,433 [ba5cf16e-7b97-4e1d-8791-bccb4873d66e-NettyServerStreamRpc-bossGroup--thread1] INFO  logging.LoggingHandler (AbstractInternalLogger.java:log(148)) - [id: 0x35944b65] BIND: 0.0.0.0/0.0.0.0:15087
2023-09-15 05:01:42,433 [ba5cf16e-7b97-4e1d-8791-bccb4873d66e-NettyServerStreamRpc-bossGroup--thread1] INFO  logging.LoggingHandler (AbstractInternalLogger.java:log(148)) - [id: 0x35944b65, L:/0:0:0:0:0:0:0:0:15087] ACTIVE
2023-09-15 05:01:42,433 [ba5cf16e-7b97-4e1d-8791-bccb4873d66e-impl-thread1] INFO  server.RaftServer (RaftServerProxy.java:initGroupDir(258)) - ba5cf16e-7b97-4e1d-8791-bccb4873d66e: found a subdirectory /home/runner/work/ozone/ozone/hadoop-ozone/integration-test/target/test-dir/MiniOzoneClusterImpl-0a18362f-1832-4b81-b629-935968d04e12/datanode-8/data/ratis/tmp
2023-09-15 05:01:42,434 [ba5cf16e-7b97-4e1d-8791-bccb4873d66e-impl-thread1] INFO  server.RaftServer (RaftServerProxy.java:initGroupDir(263)) - ba5cf16e-7b97-4e1d-8791-bccb4873d66e: The directory /home/runner/work/ozone/ozone/hadoop-ozone/integration-test/target/test-dir/MiniOzoneClusterImpl-0a18362f-1832-4b81-b629-935968d04e12/datanode-8/data/ratis/tmp is not a group directory; ignoring it. 
2023-09-15 05:01:42,434 [main] INFO  replication.ReplicationServer (ReplicationServer.java:<init>(83)) - Initializing replication server with thread count = 10 queue length = 4096
2023-09-15 05:01:42,435 [main] INFO  server.XceiverServerGrpc (XceiverServerGrpc.java:<init>(132)) - GrpcServer channel type EpollServerSocketChannel
2023-09-15 05:01:42,437 [main] INFO  replication.ReplicationSupervisor (ReplicationSupervisor.java:build(155)) - Initializing replication supervisor with thread count = 10
2023-09-15 05:01:42,437 [main] INFO  replication.ReplicationSupervisor (ReplicationSupervisor.java:nodeStateUpdated(307)) - Node state updated to IN_SERVICE, scaling executor pool size to 10
2023-09-15 05:01:42,444 [main] INFO  http.BaseHttpServer (BaseHttpServer.java:newHttpServer2BuilderForOzone(223)) - Starting Web-server for hddsDatanode at: http://0.0.0.0:15081
2023-09-15 05:01:42,444 [main] INFO  http.BaseHttpServer (BaseHttpServer.java:<init>(110)) - Hadoop Security Enabled: false Ozone Security Enabled: false Ozone HTTP Security Enabled: false 
2023-09-15 05:01:42,446 [main] WARN  server.AuthenticationFilter (AuthenticationFilter.java:constructSecretProvider(240)) - Unable to initialize FileSignerSecretProvider, falling back to use random secrets. Reason: Could not read signature secret file: /home/runner/hadoop-http-auth-signature-secret
2023-09-15 05:01:42,450 [main] INFO  http.HttpRequestLog (HttpRequestLog.java:getRequestLog(86)) - Http request log for http.requests.hddsDatanode is not defined
2023-09-15 05:01:42,451 [main] INFO  http.HttpServer2 (HttpServer2.java:addGlobalFilter(1031)) - Added global filter 'safety' (class=org.apache.hadoop.hdds.server.http.HttpServer2$QuotingInputFilter)
2023-09-15 05:01:42,452 [main] INFO  http.HttpServer2 (HttpServer2.java:addFilter(1007)) - Added filter static_user_filter (class=org.apache.hadoop.http.lib.StaticUserWebFilter$StaticUserFilter) to context hddsDatanode
2023-09-15 05:01:42,454 [main] INFO  http.HttpServer2 (HttpServer2.java:addFilter(1015)) - Added filter static_user_filter (class=org.apache.hadoop.http.lib.StaticUserWebFilter$StaticUserFilter) to context logs
2023-09-15 05:01:42,454 [main] INFO  http.HttpServer2 (HttpServer2.java:addFilter(1015)) - Added filter static_user_filter (class=org.apache.hadoop.http.lib.StaticUserWebFilter$StaticUserFilter) to context static
2023-09-15 05:01:42,455 [main] INFO  http.BaseHttpServer (BaseHttpServer.java:<init>(189)) - HTTP server of hddsDatanode uses base directory /home/runner/work/ozone/ozone/hadoop-ozone/integration-test/target/test-dir/MiniOzoneClusterImpl-0a18362f-1832-4b81-b629-935968d04e12/datanode-8/meta/webserver
2023-09-15 05:01:42,455 [main] INFO  http.HttpServer2 (HttpServer2.java:bindListener(1231)) - Jetty bound to port 15081
2023-09-15 05:01:42,455 [main] INFO  server.Server (Server.java:doStart(375)) - jetty-9.4.51.v20230217; built: 2023-02-17T08:19:37.309Z; git: b45c405e4544384de066f814ed42ae3dceacdd49; jvm 1.8.0_382-b05
2023-09-15 05:01:42,459 [main] INFO  server.session (DefaultSessionIdManager.java:doStart(334)) - DefaultSessionIdManager workerName=node0
2023-09-15 05:01:42,459 [main] INFO  server.session (DefaultSessionIdManager.java:doStart(339)) - No SessionScavenger set, using defaults
2023-09-15 05:01:42,460 [main] INFO  server.session (HouseKeeper.java:startScavenging(132)) - node0 Scavenging every 660000ms
2023-09-15 05:01:42,460 [main] INFO  handler.ContextHandler (ContextHandler.java:doStart(921)) - Started o.e.j.s.ServletContextHandler@3d42a303{logs,/logs,file:///home/runner/work/ozone/ozone/hadoop-ozone/integration-test/target/log,AVAILABLE}
2023-09-15 05:01:42,461 [main] INFO  handler.ContextHandler (ContextHandler.java:doStart(921)) - Started o.e.j.s.ServletContextHandler@395a2458{static,/static,jar:file:/home/runner/.m2/repository/org/apache/ozone/hdds-container-service/1.4.0-SNAPSHOT/hdds-container-service-1.4.0-SNAPSHOT.jar!/webapps/static,AVAILABLE}
2023-09-15 05:01:42,608 [EndpointStateMachine task thread for /0.0.0.0:15002 - 0 ] INFO  utils.DatanodeStoreCache (DatanodeStoreCache.java:addDB(66)) - Added db /home/runner/work/ozone/ozone/hadoop-ozone/integration-test/target/test-dir/MiniOzoneClusterImpl-0a18362f-1832-4b81-b629-935968d04e12/datanode-3/data-0/containers/hdds/0a18362f-1832-4b81-b629-935968d04e12/DS-1e14dab3-2ee7-4eee-b609-f8b75a70819c/container.db to cache
2023-09-15 05:01:42,608 [EndpointStateMachine task thread for /0.0.0.0:15002 - 0 ] INFO  volume.HddsVolume (HddsVolume.java:createDbStore(422)) - SchemaV3 db is created and loaded at /home/runner/work/ozone/ozone/hadoop-ozone/integration-test/target/test-dir/MiniOzoneClusterImpl-0a18362f-1832-4b81-b629-935968d04e12/datanode-3/data-0/containers/hdds/0a18362f-1832-4b81-b629-935968d04e12/DS-1e14dab3-2ee7-4eee-b609-f8b75a70819c/container.db for volume DS-1e14dab3-2ee7-4eee-b609-f8b75a70819c
2023-09-15 05:01:42,608 [EndpointStateMachine task thread for /0.0.0.0:15002 - 0 ] INFO  volume.ThrottledAsyncChecker (ThrottledAsyncChecker.java:schedule(141)) - Scheduling a check for /home/runner/work/ozone/ozone/hadoop-ozone/integration-test/target/test-dir/MiniOzoneClusterImpl-0a18362f-1832-4b81-b629-935968d04e12/datanode-3/data-0/containers/hdds
2023-09-15 05:01:42,609 [EndpointStateMachine task thread for /0.0.0.0:15002 - 0 ] INFO  volume.StorageVolumeChecker (StorageVolumeChecker.java:checkAllVolumes(213)) - Scheduled health check for volume /home/runner/work/ozone/ozone/hadoop-ozone/integration-test/target/test-dir/MiniOzoneClusterImpl-0a18362f-1832-4b81-b629-935968d04e12/datanode-3/data-0/containers/hdds
2023-09-15 05:01:42,612 [EndpointStateMachine task thread for /0.0.0.0:15002 - 0 ] INFO  volume.ThrottledAsyncChecker (ThrottledAsyncChecker.java:schedule(141)) - Scheduling a check for /home/runner/work/ozone/ozone/hadoop-ozone/integration-test/target/test-dir/MiniOzoneClusterImpl-0a18362f-1832-4b81-b629-935968d04e12/datanode-3/data/ratis
2023-09-15 05:01:42,612 [EndpointStateMachine task thread for /0.0.0.0:15002 - 0 ] INFO  volume.StorageVolumeChecker (StorageVolumeChecker.java:checkAllVolumes(213)) - Scheduled health check for volume /home/runner/work/ozone/ozone/hadoop-ozone/integration-test/target/test-dir/MiniOzoneClusterImpl-0a18362f-1832-4b81-b629-935968d04e12/datanode-3/data/ratis
2023-09-15 05:01:42,614 [EndpointStateMachine task thread for /0.0.0.0:15002 - 0 ] INFO  ozoneimpl.OzoneContainer (OzoneContainer.java:start(429)) - Attempting to start container services.
2023-09-15 05:01:42,614 [EndpointStateMachine task thread for /0.0.0.0:15002 - 0 ] INFO  ozoneimpl.OzoneContainer (OzoneContainer.java:startContainerScrub(325)) - Scheduled background container scanners and the on-demand container scanner have been disabled.
2023-09-15 05:01:42,616 [EndpointStateMachine task thread for /0.0.0.0:15002 - 0 ] INFO  replication.ReplicationServer (ReplicationServer.java:start(134)) - ReplicationServer is started using port 15043
2023-09-15 05:01:42,616 [EndpointStateMachine task thread for /0.0.0.0:15002 - 0 ] INFO  ratis.XceiverServerRatis (XceiverServerRatis.java:start(517)) - Starting XceiverServerRatis 0a6fa645-f909-40e7-9d0d-0c6da806ec87
2023-09-15 05:01:42,617 [EndpointStateMachine task thread for /0.0.0.0:15002 - 0 ] INFO  server.RaftServer (RaftServerProxy.java:startImpl(400)) - 0a6fa645-f909-40e7-9d0d-0c6da806ec87: start RPC server
2023-09-15 05:01:42,619 [EndpointStateMachine task thread for /0.0.0.0:15002 - 0 ] INFO  server.GrpcService (GrpcService.java:startImpl(302)) - 0a6fa645-f909-40e7-9d0d-0c6da806ec87: GrpcService started, listening on 15039
2023-09-15 05:01:42,622 [EndpointStateMachine task thread for /0.0.0.0:15002 - 0 ] INFO  server.GrpcService (GrpcService.java:startImpl(302)) - 0a6fa645-f909-40e7-9d0d-0c6da806ec87: GrpcService started, listening on 15041
2023-09-15 05:01:42,627 [EndpointStateMachine task thread for /0.0.0.0:15002 - 0 ] INFO  server.GrpcService (GrpcService.java:startImpl(302)) - 0a6fa645-f909-40e7-9d0d-0c6da806ec87: GrpcService started, listening on 15040
2023-09-15 05:01:42,630 [EndpointStateMachine task thread for /0.0.0.0:15002 - 0 ] INFO  ratis.XceiverServerRatis (XceiverServerRatis.java:getRealPort(543)) - XceiverServerRatis 0a6fa645-f909-40e7-9d0d-0c6da806ec87 is started using port 15039 for RATIS
2023-09-15 05:01:42,630 [EndpointStateMachine task thread for /0.0.0.0:15002 - 0 ] INFO  ratis.XceiverServerRatis (XceiverServerRatis.java:getRealPort(543)) - XceiverServerRatis 0a6fa645-f909-40e7-9d0d-0c6da806ec87 is started using port 15040 for RATIS_ADMIN
2023-09-15 05:01:42,630 [EndpointStateMachine task thread for /0.0.0.0:15002 - 0 ] INFO  ratis.XceiverServerRatis (XceiverServerRatis.java:getRealPort(543)) - XceiverServerRatis 0a6fa645-f909-40e7-9d0d-0c6da806ec87 is started using port 15041 for RATIS_SERVER
2023-09-15 05:01:42,630 [EndpointStateMachine task thread for /0.0.0.0:15002 - 0 ] INFO  ratis.XceiverServerRatis (XceiverServerRatis.java:getRealPort(543)) - XceiverServerRatis 0a6fa645-f909-40e7-9d0d-0c6da806ec87 is started using port 15042 for RATIS_DATASTREAM
2023-09-15 05:01:42,630 [JvmPauseMonitor5] INFO  util.JvmPauseMonitor (JvmPauseMonitor.java:run(103)) - JvmPauseMonitor-0a6fa645-f909-40e7-9d0d-0c6da806ec87: Started
2023-09-15 05:01:42,640 [BlockDeletingService#0] INFO  interfaces.ContainerDeletionChoosingPolicyTemplate (ContainerDeletionChoosingPolicyTemplate.java:chooseContainerForBlockDeletion(85)) - Chosen 0/5000 blocks from 0 candidate containers.
2023-09-15 05:01:42,758 [main] INFO  handler.ContextHandler (ContextHandler.java:doStart(921)) - Started o.e.j.w.WebAppContext@613b8633{hddsDatanode,/,file:///home/runner/work/ozone/ozone/hadoop-ozone/integration-test/target/tmp/kms/webapp/,AVAILABLE}{jar:file:/home/runner/.m2/repository/org/apache/ozone/hdds-container-service/1.4.0-SNAPSHOT/hdds-container-service-1.4.0-SNAPSHOT.jar!/webapps/hddsDatanode}
2023-09-15 05:01:42,760 [main] INFO  server.AbstractConnector (AbstractConnector.java:doStart(333)) - Started ServerConnector@68cf49ac{HTTP/1.1, (http/1.1)}{0.0.0.0:15081}
2023-09-15 05:01:42,761 [main] INFO  server.Server (Server.java:doStart(415)) - Started @16632ms
2023-09-15 05:01:42,761 [main] WARN  impl.MetricsSystemImpl (MetricsSystemImpl.java:register(279)) - Sink prometheus already exists!
2023-09-15 05:01:42,762 [main] INFO  http.BaseHttpServer (BaseHttpServer.java:updateConnectorAddress(354)) - HTTP server of hddsDatanode listening at http://0.0.0.0:15081
2023-09-15 05:01:42,762 [main] INFO  ipc.CallQueueManager (CallQueueManager.java:<init>(90)) - Using callQueue: class java.util.concurrent.LinkedBlockingQueue, queueCapacity: 100, scheduler: class org.apache.hadoop.ipc.DefaultRpcScheduler, ipcBackoff: false.
2023-09-15 05:01:42,762 [main] INFO  ipc.Server (Server.java:<init>(1287)) - Listener at 0.0.0.0:15082
2023-09-15 05:01:42,767 [Socket Reader #1 for port 15082] INFO  ipc.Server (Server.java:run(1323)) - Starting Socket Reader #1 for port 15082
2023-09-15 05:01:42,770 [main] INFO  ozone.HddsDatanodeService (HddsDatanodeService.java:start(315)) - Datanode start with admins: [runner]
2023-09-15 05:01:42,771 [main] INFO  ozone.HddsDatanodeClientProtocolServer (HddsDatanodeClientProtocolServer.java:start(72)) - RPC server for Client /0.0.0.0:15082
2023-09-15 05:01:42,771 [IPC Server Responder] INFO  ipc.Server (Server.java:run(1562)) - IPC Server Responder: starting
2023-09-15 05:01:42,771 [IPC Server listener on 15082] INFO  ipc.Server (Server.java:run(1402)) - IPC Server listener on 15082: starting
2023-09-15 05:01:42,775 [Datanode State Machine Daemon Thread] INFO  statemachine.DatanodeStateMachine (DatanodeStateMachine.java:lambda$startDaemon$0(538)) - Ozone container server started.
2023-09-15 05:01:42,775 [main] WARN  impl.MetricRegistriesImpl (MetricRegistriesImpl.java:addReporterRegistration(111)) - New reporters are added after registries were created. Some metrics will be missing from the reporter. Please add reporter before adding any new registry.
2023-09-15 05:01:42,776 [main] WARN  impl.MetricRegistriesImpl (MetricRegistriesImpl.java:addReporterRegistration(111)) - New reporters are added after registries were created. Some metrics will be missing from the reporter. Please add reporter before adding any new registry.
2023-09-15 05:01:42,776 [main] INFO  impl.MetricsSystemImpl (MetricsSystemImpl.java:init(158)) - HddsDatanode metrics system started (again)
2023-09-15 05:01:42,791 [Datanode State Machine Task Thread - 0] INFO  datanode.InitDatanodeState (InitDatanodeState.java:persistContainerDatanodeDetails(138)) - DatanodeDetails is persisted to /home/runner/work/ozone/ozone/hadoop-ozone/integration-test/target/test-dir/MiniOzoneClusterImpl-0a18362f-1832-4b81-b629-935968d04e12/datanode-8/meta/datanode.id
2023-09-15 05:01:42,795 [main] INFO  ozone.HddsDatanodeService (HddsDatanodeService.java:start(237)) - HddsDatanodeService host:fv-az371-27.ipdn00qvwfrujbrcphh0gwusye.dx.internal.cloudapp.net ip:10.1.0.24
2023-09-15 05:01:42,816 [main] INFO  upgrade.AbstractLayoutVersionManager (AbstractLayoutVersionManager.java:init(83)) - Initializing Layout version manager with metadata layout = HADOOP_PRC_PORTS_IN_DATANODEDETAILS (version = 7), software layout = HADOOP_PRC_PORTS_IN_DATANODEDETAILS (version = 7)
2023-09-15 05:01:42,817 [main] INFO  statemachine.DatanodeStateMachine (DatanodeStateMachine.java:getEndPointTaskThreadPoolSize(282)) - Datanode State Machine Task Thread Pool size 2
2023-09-15 05:01:42,819 [main] INFO  volume.HddsVolume (HddsVolume.java:<init>(126)) - Creating HddsVolume: /home/runner/work/ozone/ozone/hadoop-ozone/integration-test/target/test-dir/MiniOzoneClusterImpl-0a18362f-1832-4b81-b629-935968d04e12/datanode-9/data-0/containers/hdds of storage type : DISK capacity : 9223372036854775807
2023-09-15 05:01:42,819 [main] INFO  volume.MutableVolumeSet (MutableVolumeSet.java:initializeVolumeSet(173)) - Added Volume : /home/runner/work/ozone/ozone/hadoop-ozone/integration-test/target/test-dir/MiniOzoneClusterImpl-0a18362f-1832-4b81-b629-935968d04e12/datanode-9/data-0/containers/hdds to VolumeSet
2023-09-15 05:01:42,820 [main] INFO  volume.MutableVolumeSet (MutableVolumeSet.java:initializeVolumeSet(173)) - Added Volume : /home/runner/work/ozone/ozone/hadoop-ozone/integration-test/target/test-dir/MiniOzoneClusterImpl-0a18362f-1832-4b81-b629-935968d04e12/datanode-9/data/ratis to VolumeSet
2023-09-15 05:01:42,821 [Thread-328] INFO  ozoneimpl.ContainerReader (ContainerReader.java:readVolume(177)) - Finish verifying containers on volume /home/runner/work/ozone/ozone/hadoop-ozone/integration-test/target/test-dir/MiniOzoneClusterImpl-0a18362f-1832-4b81-b629-935968d04e12/datanode-9/data-0/containers/hdds
2023-09-15 05:01:42,821 [main] INFO  ozoneimpl.OzoneContainer (OzoneContainer.java:buildContainerSet(314)) - Build ContainerSet costs 0s
2023-09-15 05:01:42,826 [main] INFO  server.RaftServer (ConfUtils.java:logGet(46)) - raft.rpc.type = GRPC (default)
2023-09-15 05:01:42,827 [main] INFO  grpc.GrpcConfigKeys (ConfUtils.java:logFallback(53)) - raft.grpc.admin.host = null (fallback to raft.grpc.server.host)
2023-09-15 05:01:42,827 [main] INFO  grpc.GrpcConfigKeys (ConfUtils.java:logGet(46)) - raft.grpc.admin.port = 15094 (custom)
2023-09-15 05:01:42,827 [main] INFO  grpc.GrpcConfigKeys (ConfUtils.java:logFallback(53)) - raft.grpc.client.host = null (fallback to raft.grpc.server.host)
2023-09-15 05:01:42,827 [main] INFO  grpc.GrpcConfigKeys (ConfUtils.java:logGet(46)) - raft.grpc.client.port = 15093 (custom)
2023-09-15 05:01:42,827 [main] INFO  grpc.GrpcConfigKeys (ConfUtils.java:logGet(46)) - raft.grpc.server.host = null (default)
2023-09-15 05:01:42,827 [main] INFO  grpc.GrpcConfigKeys (ConfUtils.java:logGet(46)) - raft.grpc.server.port = 15095 (custom)
2023-09-15 05:01:42,828 [main] INFO  server.GrpcService (ConfUtils.java:logGet(46)) - raft.grpc.message.size.max = 32MB (=33554432) (custom)
2023-09-15 05:01:42,828 [main] INFO  server.RaftServerConfigKeys (ConfUtils.java:logGet(46)) - raft.server.log.appender.buffer.byte-limit = 33554432 (custom)
2023-09-15 05:01:42,828 [main] INFO  server.GrpcService (ConfUtils.java:logGet(46)) - raft.grpc.flow.control.window = 5MB (=5242880) (custom)
2023-09-15 05:01:42,828 [main] INFO  server.RaftServerConfigKeys (ConfUtils.java:logGet(46)) - raft.server.rpc.request.timeout = 60s (custom)
2023-09-15 05:01:42,828 [main] INFO  grpc.GrpcConfigKeys (ConfUtils.java:logGet(46)) - raft.grpc.server.heartbeat.channel = true (default)
2023-09-15 05:01:42,828 [main] INFO  grpc.GrpcConfigKeys (ConfUtils.java:logGet(46)) - raft.grpc.server.async.request.thread.pool.cached = true (default)
2023-09-15 05:01:42,829 [main] INFO  grpc.GrpcConfigKeys (ConfUtils.java:logGet(46)) - raft.grpc.server.async.request.thread.pool.size = 32 (default)
2023-09-15 05:01:42,831 [main] INFO  impl.DataStreamServerImpl (ConfUtils.java:logGet(46)) - raft.datastream.type = NETTY (custom)
2023-09-15 05:01:42,832 [main] INFO  server.RaftServerConfigKeys (ConfUtils.java:logGet(46)) - raft.server.data-stream.async.request.thread.pool.cached = false (default)
2023-09-15 05:01:42,832 [main] INFO  server.RaftServerConfigKeys (ConfUtils.java:logGet(46)) - raft.server.data-stream.async.request.thread.pool.size = 20 (custom)
2023-09-15 05:01:42,832 [main] INFO  server.RaftServerConfigKeys (ConfUtils.java:logGet(46)) - raft.server.data-stream.async.write.thread.pool.size = 16 (default)
2023-09-15 05:01:42,832 [main] INFO  server.RaftServerConfigKeys (ConfUtils.java:logGet(46)) - raft.server.data-stream.client.pool.size = 10 (default)
2023-09-15 05:01:42,833 [main] INFO  netty.NettyConfigKeys$DataStream (ConfUtils.java:logGet(46)) - raft.netty.dataStream.server.use-epoll = false (default)
2023-09-15 05:01:42,833 [main] INFO  netty.NettyConfigKeys$DataStream (ConfUtils.java:logGet(46)) - raft.netty.dataStream.server.boss-group.size = 0 (default)
2023-09-15 05:01:42,846 [main] INFO  netty.NettyConfigKeys$DataStream (ConfUtils.java:logGet(46)) - raft.netty.dataStream.server.worker-group.size = 0 (default)
2023-09-15 05:01:42,846 [main] INFO  netty.NettyConfigKeys$DataStream (ConfUtils.java:logGet(46)) - raft.netty.dataStream.server.tls.conf = null (default)
2023-09-15 05:01:42,847 [main] INFO  netty.NettyConfigKeys$DataStream (ConfUtils.java:logGet(46)) - raft.netty.dataStream.host = null (default)
2023-09-15 05:01:42,847 [main] INFO  netty.NettyConfigKeys$DataStream (ConfUtils.java:logGet(46)) - raft.netty.dataStream.port = 15096 (custom)
2023-09-15 05:01:42,847 [main] INFO  server.RaftServerConfigKeys (ConfUtils.java:logGet(46)) - raft.server.threadpool.proxy.cached = true (default)
2023-09-15 05:01:42,848 [main] INFO  server.RaftServerConfigKeys (ConfUtils.java:logGet(46)) - raft.server.threadpool.proxy.size = 0 (default)
2023-09-15 05:01:42,848 [main] INFO  server.RaftServerConfigKeys (ConfUtils.java:logGet(46)) - raft.server.rpc.slowness.timeout = 300s (custom)
2023-09-15 05:01:42,848 [main] INFO  server.RaftServerConfigKeys (ConfUtils.java:logGet(46)) - raft.server.leaderelection.leader.step-down.wait-time = 10s (default)
2023-09-15 05:01:42,848 [main] INFO  server.RaftServerConfigKeys (ConfUtils.java:logGet(46)) - raft.server.storage.dir = [/home/runner/work/ozone/ozone/hadoop-ozone/integration-test/target/test-dir/MiniOzoneClusterImpl-0a18362f-1832-4b81-b629-935968d04e12/datanode-9/data/ratis] (custom)
2023-09-15 05:01:42,852 [578440bc-c25e-4c80-bfb5-6b6f6462e7c6-impl-thread1] INFO  server.RaftServer (RaftServerProxy.java:initGroupDir(258)) - 578440bc-c25e-4c80-bfb5-6b6f6462e7c6: found a subdirectory /home/runner/work/ozone/ozone/hadoop-ozone/integration-test/target/test-dir/MiniOzoneClusterImpl-0a18362f-1832-4b81-b629-935968d04e12/datanode-9/data/ratis/tmp
2023-09-15 05:01:42,852 [578440bc-c25e-4c80-bfb5-6b6f6462e7c6-impl-thread1] INFO  server.RaftServer (RaftServerProxy.java:initGroupDir(263)) - 578440bc-c25e-4c80-bfb5-6b6f6462e7c6: The directory /home/runner/work/ozone/ozone/hadoop-ozone/integration-test/target/test-dir/MiniOzoneClusterImpl-0a18362f-1832-4b81-b629-935968d04e12/datanode-9/data/ratis/tmp is not a group directory; ignoring it. 
2023-09-15 05:01:42,853 [578440bc-c25e-4c80-bfb5-6b6f6462e7c6-NettyServerStreamRpc-bossGroup--thread1] INFO  logging.LoggingHandler (AbstractInternalLogger.java:log(148)) - [id: 0xbe6159af] REGISTERED
2023-09-15 05:01:42,854 [578440bc-c25e-4c80-bfb5-6b6f6462e7c6-NettyServerStreamRpc-bossGroup--thread1] INFO  logging.LoggingHandler (AbstractInternalLogger.java:log(148)) - [id: 0xbe6159af] BIND: 0.0.0.0/0.0.0.0:15096
2023-09-15 05:01:42,854 [578440bc-c25e-4c80-bfb5-6b6f6462e7c6-NettyServerStreamRpc-bossGroup--thread1] INFO  logging.LoggingHandler (AbstractInternalLogger.java:log(148)) - [id: 0xbe6159af, L:/0:0:0:0:0:0:0:0:15096] ACTIVE
2023-09-15 05:01:42,854 [main] INFO  replication.ReplicationServer (ReplicationServer.java:<init>(83)) - Initializing replication server with thread count = 10 queue length = 4096
2023-09-15 05:01:42,856 [main] INFO  server.XceiverServerGrpc (XceiverServerGrpc.java:<init>(132)) - GrpcServer channel type EpollServerSocketChannel
2023-09-15 05:01:42,859 [main] INFO  replication.ReplicationSupervisor (ReplicationSupervisor.java:build(155)) - Initializing replication supervisor with thread count = 10
2023-09-15 05:01:42,859 [main] INFO  replication.ReplicationSupervisor (ReplicationSupervisor.java:nodeStateUpdated(307)) - Node state updated to IN_SERVICE, scaling executor pool size to 10
2023-09-15 05:01:42,861 [main] INFO  http.BaseHttpServer (BaseHttpServer.java:newHttpServer2BuilderForOzone(223)) - Starting Web-server for hddsDatanode at: http://0.0.0.0:15090
2023-09-15 05:01:42,861 [main] INFO  http.BaseHttpServer (BaseHttpServer.java:<init>(110)) - Hadoop Security Enabled: false Ozone Security Enabled: false Ozone HTTP Security Enabled: false 
2023-09-15 05:01:42,863 [main] WARN  server.AuthenticationFilter (AuthenticationFilter.java:constructSecretProvider(240)) - Unable to initialize FileSignerSecretProvider, falling back to use random secrets. Reason: Could not read signature secret file: /home/runner/hadoop-http-auth-signature-secret
2023-09-15 05:01:42,864 [main] INFO  http.HttpRequestLog (HttpRequestLog.java:getRequestLog(86)) - Http request log for http.requests.hddsDatanode is not defined
2023-09-15 05:01:42,866 [main] INFO  http.HttpServer2 (HttpServer2.java:addGlobalFilter(1031)) - Added global filter 'safety' (class=org.apache.hadoop.hdds.server.http.HttpServer2$QuotingInputFilter)
2023-09-15 05:01:42,867 [main] INFO  http.HttpServer2 (HttpServer2.java:addFilter(1007)) - Added filter static_user_filter (class=org.apache.hadoop.http.lib.StaticUserWebFilter$StaticUserFilter) to context hddsDatanode
2023-09-15 05:01:42,867 [main] INFO  http.HttpServer2 (HttpServer2.java:addFilter(1015)) - Added filter static_user_filter (class=org.apache.hadoop.http.lib.StaticUserWebFilter$StaticUserFilter) to context logs
2023-09-15 05:01:42,867 [main] INFO  http.HttpServer2 (HttpServer2.java:addFilter(1015)) - Added filter static_user_filter (class=org.apache.hadoop.http.lib.StaticUserWebFilter$StaticUserFilter) to context static
2023-09-15 05:01:42,868 [main] INFO  http.BaseHttpServer (BaseHttpServer.java:<init>(189)) - HTTP server of hddsDatanode uses base directory /home/runner/work/ozone/ozone/hadoop-ozone/integration-test/target/test-dir/MiniOzoneClusterImpl-0a18362f-1832-4b81-b629-935968d04e12/datanode-9/meta/webserver
2023-09-15 05:01:42,868 [main] INFO  http.HttpServer2 (HttpServer2.java:bindListener(1231)) - Jetty bound to port 15090
2023-09-15 05:01:42,868 [main] INFO  server.Server (Server.java:doStart(375)) - jetty-9.4.51.v20230217; built: 2023-02-17T08:19:37.309Z; git: b45c405e4544384de066f814ed42ae3dceacdd49; jvm 1.8.0_382-b05
2023-09-15 05:01:42,871 [main] INFO  server.session (DefaultSessionIdManager.java:doStart(334)) - DefaultSessionIdManager workerName=node0
2023-09-15 05:01:42,871 [main] INFO  server.session (DefaultSessionIdManager.java:doStart(339)) - No SessionScavenger set, using defaults
2023-09-15 05:01:42,871 [main] INFO  server.session (HouseKeeper.java:startScavenging(132)) - node0 Scavenging every 600000ms
2023-09-15 05:01:42,873 [main] INFO  handler.ContextHandler (ContextHandler.java:doStart(921)) - Started o.e.j.s.ServletContextHandler@5d1557e6{logs,/logs,file:///home/runner/work/ozone/ozone/hadoop-ozone/integration-test/target/log,AVAILABLE}
2023-09-15 05:01:42,873 [main] INFO  handler.ContextHandler (ContextHandler.java:doStart(921)) - Started o.e.j.s.ServletContextHandler@1566b0b{static,/static,jar:file:/home/runner/.m2/repository/org/apache/ozone/hdds-container-service/1.4.0-SNAPSHOT/hdds-container-service-1.4.0-SNAPSHOT.jar!/webapps/static,AVAILABLE}
2023-09-15 05:01:42,935 [EndpointStateMachine task thread for /0.0.0.0:15002 - 0 ] INFO  utils.DatanodeStoreCache (DatanodeStoreCache.java:addDB(66)) - Added db /home/runner/work/ozone/ozone/hadoop-ozone/integration-test/target/test-dir/MiniOzoneClusterImpl-0a18362f-1832-4b81-b629-935968d04e12/datanode-4/data-0/containers/hdds/0a18362f-1832-4b81-b629-935968d04e12/DS-7ee5a84b-ac29-4034-98fb-0e956efb2407/container.db to cache
2023-09-15 05:01:42,935 [EndpointStateMachine task thread for /0.0.0.0:15002 - 0 ] INFO  volume.HddsVolume (HddsVolume.java:createDbStore(422)) - SchemaV3 db is created and loaded at /home/runner/work/ozone/ozone/hadoop-ozone/integration-test/target/test-dir/MiniOzoneClusterImpl-0a18362f-1832-4b81-b629-935968d04e12/datanode-4/data-0/containers/hdds/0a18362f-1832-4b81-b629-935968d04e12/DS-7ee5a84b-ac29-4034-98fb-0e956efb2407/container.db for volume DS-7ee5a84b-ac29-4034-98fb-0e956efb2407
2023-09-15 05:01:42,936 [EndpointStateMachine task thread for /0.0.0.0:15002 - 0 ] INFO  volume.ThrottledAsyncChecker (ThrottledAsyncChecker.java:schedule(141)) - Scheduling a check for /home/runner/work/ozone/ozone/hadoop-ozone/integration-test/target/test-dir/MiniOzoneClusterImpl-0a18362f-1832-4b81-b629-935968d04e12/datanode-4/data-0/containers/hdds
2023-09-15 05:01:42,937 [EndpointStateMachine task thread for /0.0.0.0:15002 - 0 ] INFO  volume.StorageVolumeChecker (StorageVolumeChecker.java:checkAllVolumes(213)) - Scheduled health check for volume /home/runner/work/ozone/ozone/hadoop-ozone/integration-test/target/test-dir/MiniOzoneClusterImpl-0a18362f-1832-4b81-b629-935968d04e12/datanode-4/data-0/containers/hdds
2023-09-15 05:01:42,939 [EndpointStateMachine task thread for /0.0.0.0:15002 - 0 ] INFO  volume.ThrottledAsyncChecker (ThrottledAsyncChecker.java:schedule(141)) - Scheduling a check for /home/runner/work/ozone/ozone/hadoop-ozone/integration-test/target/test-dir/MiniOzoneClusterImpl-0a18362f-1832-4b81-b629-935968d04e12/datanode-4/data/ratis
2023-09-15 05:01:42,942 [EndpointStateMachine task thread for /0.0.0.0:15002 - 0 ] INFO  volume.StorageVolumeChecker (StorageVolumeChecker.java:checkAllVolumes(213)) - Scheduled health check for volume /home/runner/work/ozone/ozone/hadoop-ozone/integration-test/target/test-dir/MiniOzoneClusterImpl-0a18362f-1832-4b81-b629-935968d04e12/datanode-4/data/ratis
2023-09-15 05:01:42,944 [EndpointStateMachine task thread for /0.0.0.0:15002 - 0 ] INFO  ozoneimpl.OzoneContainer (OzoneContainer.java:start(429)) - Attempting to start container services.
2023-09-15 05:01:42,944 [EndpointStateMachine task thread for /0.0.0.0:15002 - 0 ] INFO  ozoneimpl.OzoneContainer (OzoneContainer.java:startContainerScrub(325)) - Scheduled background container scanners and the on-demand container scanner have been disabled.
2023-09-15 05:01:42,945 [EndpointStateMachine task thread for /0.0.0.0:15002 - 0 ] INFO  replication.ReplicationServer (ReplicationServer.java:start(134)) - ReplicationServer is started using port 15052
2023-09-15 05:01:42,945 [EndpointStateMachine task thread for /0.0.0.0:15002 - 0 ] INFO  ratis.XceiverServerRatis (XceiverServerRatis.java:start(517)) - Starting XceiverServerRatis 01e3e3a9-29b9-4c52-904d-7d79db62114f
2023-09-15 05:01:42,952 [EndpointStateMachine task thread for /0.0.0.0:15002 - 0 ] INFO  server.RaftServer (RaftServerProxy.java:startImpl(400)) - 01e3e3a9-29b9-4c52-904d-7d79db62114f: start RPC server
2023-09-15 05:01:42,954 [EndpointStateMachine task thread for /0.0.0.0:15002 - 0 ] INFO  server.GrpcService (GrpcService.java:startImpl(302)) - 01e3e3a9-29b9-4c52-904d-7d79db62114f: GrpcService started, listening on 15048
2023-09-15 05:01:42,956 [EndpointStateMachine task thread for /0.0.0.0:15002 - 0 ] INFO  server.GrpcService (GrpcService.java:startImpl(302)) - 01e3e3a9-29b9-4c52-904d-7d79db62114f: GrpcService started, listening on 15050
2023-09-15 05:01:42,957 [EndpointStateMachine task thread for /0.0.0.0:15002 - 0 ] INFO  server.GrpcService (GrpcService.java:startImpl(302)) - 01e3e3a9-29b9-4c52-904d-7d79db62114f: GrpcService started, listening on 15049
2023-09-15 05:01:42,957 [EndpointStateMachine task thread for /0.0.0.0:15002 - 0 ] INFO  ratis.XceiverServerRatis (XceiverServerRatis.java:getRealPort(543)) - XceiverServerRatis 01e3e3a9-29b9-4c52-904d-7d79db62114f is started using port 15048 for RATIS
2023-09-15 05:01:42,957 [EndpointStateMachine task thread for /0.0.0.0:15002 - 0 ] INFO  ratis.XceiverServerRatis (XceiverServerRatis.java:getRealPort(543)) - XceiverServerRatis 01e3e3a9-29b9-4c52-904d-7d79db62114f is started using port 15049 for RATIS_ADMIN
2023-09-15 05:01:42,957 [EndpointStateMachine task thread for /0.0.0.0:15002 - 0 ] INFO  ratis.XceiverServerRatis (XceiverServerRatis.java:getRealPort(543)) - XceiverServerRatis 01e3e3a9-29b9-4c52-904d-7d79db62114f is started using port 15050 for RATIS_SERVER
2023-09-15 05:01:42,957 [EndpointStateMachine task thread for /0.0.0.0:15002 - 0 ] INFO  ratis.XceiverServerRatis (XceiverServerRatis.java:getRealPort(543)) - XceiverServerRatis 01e3e3a9-29b9-4c52-904d-7d79db62114f is started using port 15051 for RATIS_DATASTREAM
2023-09-15 05:01:42,958 [JvmPauseMonitor6] INFO  util.JvmPauseMonitor (JvmPauseMonitor.java:run(103)) - JvmPauseMonitor-01e3e3a9-29b9-4c52-904d-7d79db62114f: Started
2023-09-15 05:01:42,975 [BlockDeletingService#0] INFO  interfaces.ContainerDeletionChoosingPolicyTemplate (ContainerDeletionChoosingPolicyTemplate.java:chooseContainerForBlockDeletion(85)) - Chosen 0/5000 blocks from 0 candidate containers.
2023-09-15 05:01:43,150 [main] INFO  handler.ContextHandler (ContextHandler.java:doStart(921)) - Started o.e.j.w.WebAppContext@42553ed4{hddsDatanode,/,file:///home/runner/work/ozone/ozone/hadoop-ozone/integration-test/target/tmp/kms/webapp/,AVAILABLE}{jar:file:/home/runner/.m2/repository/org/apache/ozone/hdds-container-service/1.4.0-SNAPSHOT/hdds-container-service-1.4.0-SNAPSHOT.jar!/webapps/hddsDatanode}
2023-09-15 05:01:43,152 [main] INFO  server.AbstractConnector (AbstractConnector.java:doStart(333)) - Started ServerConnector@1c87d155{HTTP/1.1, (http/1.1)}{0.0.0.0:15090}
2023-09-15 05:01:43,152 [main] INFO  server.Server (Server.java:doStart(415)) - Started @17024ms
2023-09-15 05:01:43,152 [main] WARN  impl.MetricsSystemImpl (MetricsSystemImpl.java:register(279)) - Sink prometheus already exists!
2023-09-15 05:01:43,153 [main] INFO  http.BaseHttpServer (BaseHttpServer.java:updateConnectorAddress(354)) - HTTP server of hddsDatanode listening at http://0.0.0.0:15090
2023-09-15 05:01:43,154 [main] INFO  ipc.CallQueueManager (CallQueueManager.java:<init>(90)) - Using callQueue: class java.util.concurrent.LinkedBlockingQueue, queueCapacity: 100, scheduler: class org.apache.hadoop.ipc.DefaultRpcScheduler, ipcBackoff: false.
2023-09-15 05:01:43,154 [main] INFO  ipc.Server (Server.java:<init>(1287)) - Listener at 0.0.0.0:15091
2023-09-15 05:01:43,155 [Socket Reader #1 for port 15091] INFO  ipc.Server (Server.java:run(1323)) - Starting Socket Reader #1 for port 15091
2023-09-15 05:01:43,158 [main] INFO  ozone.HddsDatanodeService (HddsDatanodeService.java:start(315)) - Datanode start with admins: [runner]
2023-09-15 05:01:43,158 [main] INFO  ozone.HddsDatanodeClientProtocolServer (HddsDatanodeClientProtocolServer.java:start(72)) - RPC server for Client /0.0.0.0:15091
2023-09-15 05:01:43,158 [IPC Server Responder] INFO  ipc.Server (Server.java:run(1562)) - IPC Server Responder: starting
2023-09-15 05:01:43,159 [IPC Server listener on 15091] INFO  ipc.Server (Server.java:run(1402)) - IPC Server listener on 15091: starting
2023-09-15 05:01:43,159 [Datanode State Machine Daemon Thread] INFO  statemachine.DatanodeStateMachine (DatanodeStateMachine.java:lambda$startDaemon$0(538)) - Ozone container server started.
2023-09-15 05:01:43,159 [main] INFO  om.OzoneManager (OzoneManager.java:startSecretManager(1095)) - Starting secret key client.
2023-09-15 05:01:43,159 [main] INFO  om.OzoneManager (OzoneManager.java:startSecretManager(1106)) - Starting OM delegation token secret manager
2023-09-15 05:01:43,160 [main] INFO  security.OzoneDelegationTokenSecretManager (OzoneSecretManager.java:updateCurrentKey(175)) - Updating current master key for generating tokens. Cert id 2378647857952
2023-09-15 05:01:43,165 [main] INFO  ozone.MiniOzoneClusterImpl (MiniOzoneClusterImpl.java:lambda$waitForClusterToBeReady$0(224)) - Waiting for nodes to be ready. Got 0 of 10 DN Heartbeats.
2023-09-15 05:01:43,166 [main] INFO  ozone.MiniOzoneClusterImpl (MiniOzoneClusterImpl.java:lambda$waitForClusterToBeReady$0(227)) - Waiting for cluster to exit safe mode
2023-09-15 05:01:43,166 [main] INFO  ozone.MiniOzoneClusterImpl (MiniOzoneClusterImpl.java:lambda$waitForClusterToBeReady$0(229)) - SCM became leader
2023-09-15 05:01:43,166 [Thread[Thread-349,5,main]] INFO  security.OzoneDelegationTokenSecretManager (OzoneDelegationTokenSecretManager.java:run(636)) - Starting expired delegation token remover thread, tokenRemoverScanInterval=60 min(s)
2023-09-15 05:01:43,172 [Datanode State Machine Task Thread - 0] INFO  datanode.InitDatanodeState (InitDatanodeState.java:persistContainerDatanodeDetails(138)) - DatanodeDetails is persisted to /home/runner/work/ozone/ozone/hadoop-ozone/integration-test/target/test-dir/MiniOzoneClusterImpl-0a18362f-1832-4b81-b629-935968d04e12/datanode-9/meta/datanode.id
2023-09-15 05:01:43,273 [IPC Server handler 16 on default port 15002] INFO  net.NetworkTopologyImpl (NetworkTopologyImpl.java:add(112)) - Added a new node: /default-rack/3b898b8b-8841-452f-b538-8e8d26c8d287
2023-09-15 05:01:43,276 [IPC Server handler 16 on default port 15002] INFO  node.SCMNodeManager (SCMNodeManager.java:register(405)) - Registered Data node : 3b898b8b-8841-452f-b538-8e8d26c8d287{ip: 10.1.0.24, host: fv-az371-27.ipdn00qvwfrujbrcphh0gwusye.dx.internal.cloudapp.net, ports: [HTTP=15009, CLIENT_RPC=15010, REPLICATION=15016, RATIS=15012, RATIS_ADMIN=15013, RATIS_SERVER=15014, RATIS_DATASTREAM=15015, STANDALONE=15011], networkLocation: /default-rack, certSerialId: null, persistedOpState: null, persistedOpStateExpiryEpochSec: 0}
2023-09-15 05:01:43,281 [EventQueue-NewNodeForNewNodeHandler] INFO  pipeline.BackgroundPipelineCreator (BackgroundPipelineCreator.java:notifyEventTriggered(277)) - trigger a one-shot run on RatisPipelineUtilsThread.
2023-09-15 05:01:43,294 [EventQueue-NodeRegistrationContainerReportForDataNodeSafeModeRule] INFO  safemode.SCMSafeModeManager (DataNodeSafeModeRule.java:process(71)) - SCM in safe mode. 1 DataNodes registered, 3 required.
2023-09-15 05:01:43,297 [RatisPipelineUtilsThread - 0] INFO  pipeline.RatisPipelineProvider (RatisPipelineProvider.java:lambda$create$0(206)) - Sending CreatePipelineCommand for pipeline:PipelineID=5c1996a5-cec9-4532-a56d-7a86a7cbbbc4 to datanode:3b898b8b-8841-452f-b538-8e8d26c8d287
2023-09-15 05:01:43,299 [EventQueue-NodeRegistrationContainerReportForContainerSafeModeRule] INFO  safemode.SCMSafeModeManager (SCMSafeModeManager.java:validateSafeModeExitRules(200)) - ContainerSafeModeRule rule is successfully validated
2023-09-15 05:01:43,303 [EventQueue-PipelineReportForOneReplicaPipelineSafeModeRule] INFO  safemode.SCMSafeModeManager (SCMSafeModeManager.java:validateSafeModeExitRules(200)) - AtleastOneDatanodeReportedRule rule is successfully validated
2023-09-15 05:01:43,314 [RatisPipelineUtilsThread - 0] INFO  pipeline.BackgroundPipelineCreator (BackgroundPipelineCreator.java:createPipelines(233)) - Created new pipeline Pipeline[ Id: 5c1996a5-cec9-4532-a56d-7a86a7cbbbc4, Nodes: 3b898b8b-8841-452f-b538-8e8d26c8d287(fv-az371-27.ipdn00qvwfrujbrcphh0gwusye.dx.internal.cloudapp.net/10.1.0.24), ReplicationConfig: RATIS/ONE, State:ALLOCATED, leaderId:, CreationTimestamp2023-09-15T05:01:43.296Z[Etc/UTC]]
2023-09-15 05:01:43,398 [EndpointStateMachine task thread for /0.0.0.0:15002 - 0 ] INFO  utils.DatanodeStoreCache (DatanodeStoreCache.java:addDB(66)) - Added db /home/runner/work/ozone/ozone/hadoop-ozone/integration-test/target/test-dir/MiniOzoneClusterImpl-0a18362f-1832-4b81-b629-935968d04e12/datanode-5/data-0/containers/hdds/0a18362f-1832-4b81-b629-935968d04e12/DS-c816b825-2d83-461e-95fc-34a8708edff9/container.db to cache
2023-09-15 05:01:43,398 [EndpointStateMachine task thread for /0.0.0.0:15002 - 0 ] INFO  volume.HddsVolume (HddsVolume.java:createDbStore(422)) - SchemaV3 db is created and loaded at /home/runner/work/ozone/ozone/hadoop-ozone/integration-test/target/test-dir/MiniOzoneClusterImpl-0a18362f-1832-4b81-b629-935968d04e12/datanode-5/data-0/containers/hdds/0a18362f-1832-4b81-b629-935968d04e12/DS-c816b825-2d83-461e-95fc-34a8708edff9/container.db for volume DS-c816b825-2d83-461e-95fc-34a8708edff9
2023-09-15 05:01:43,399 [EndpointStateMachine task thread for /0.0.0.0:15002 - 0 ] INFO  volume.ThrottledAsyncChecker (ThrottledAsyncChecker.java:schedule(141)) - Scheduling a check for /home/runner/work/ozone/ozone/hadoop-ozone/integration-test/target/test-dir/MiniOzoneClusterImpl-0a18362f-1832-4b81-b629-935968d04e12/datanode-5/data-0/containers/hdds
2023-09-15 05:01:43,399 [EndpointStateMachine task thread for /0.0.0.0:15002 - 0 ] INFO  volume.StorageVolumeChecker (StorageVolumeChecker.java:checkAllVolumes(213)) - Scheduled health check for volume /home/runner/work/ozone/ozone/hadoop-ozone/integration-test/target/test-dir/MiniOzoneClusterImpl-0a18362f-1832-4b81-b629-935968d04e12/datanode-5/data-0/containers/hdds
2023-09-15 05:01:43,402 [EndpointStateMachine task thread for /0.0.0.0:15002 - 0 ] INFO  volume.ThrottledAsyncChecker (ThrottledAsyncChecker.java:schedule(141)) - Scheduling a check for /home/runner/work/ozone/ozone/hadoop-ozone/integration-test/target/test-dir/MiniOzoneClusterImpl-0a18362f-1832-4b81-b629-935968d04e12/datanode-5/data/ratis
2023-09-15 05:01:43,402 [EndpointStateMachine task thread for /0.0.0.0:15002 - 0 ] INFO  volume.StorageVolumeChecker (StorageVolumeChecker.java:checkAllVolumes(213)) - Scheduled health check for volume /home/runner/work/ozone/ozone/hadoop-ozone/integration-test/target/test-dir/MiniOzoneClusterImpl-0a18362f-1832-4b81-b629-935968d04e12/datanode-5/data/ratis
2023-09-15 05:01:43,403 [EndpointStateMachine task thread for /0.0.0.0:15002 - 0 ] INFO  ozoneimpl.OzoneContainer (OzoneContainer.java:start(429)) - Attempting to start container services.
2023-09-15 05:01:43,403 [EndpointStateMachine task thread for /0.0.0.0:15002 - 0 ] INFO  ozoneimpl.OzoneContainer (OzoneContainer.java:startContainerScrub(325)) - Scheduled background container scanners and the on-demand container scanner have been disabled.
2023-09-15 05:01:43,405 [EndpointStateMachine task thread for /0.0.0.0:15002 - 0 ] INFO  replication.ReplicationServer (ReplicationServer.java:start(134)) - ReplicationServer is started using port 15061
2023-09-15 05:01:43,405 [EndpointStateMachine task thread for /0.0.0.0:15002 - 0 ] INFO  ratis.XceiverServerRatis (XceiverServerRatis.java:start(517)) - Starting XceiverServerRatis ddd75f10-d1e9-4189-b9ef-e4896743935a
2023-09-15 05:01:43,406 [EndpointStateMachine task thread for /0.0.0.0:15002 - 0 ] INFO  server.RaftServer (RaftServerProxy.java:startImpl(400)) - ddd75f10-d1e9-4189-b9ef-e4896743935a: start RPC server
2023-09-15 05:01:43,408 [EndpointStateMachine task thread for /0.0.0.0:15002 - 0 ] INFO  server.GrpcService (GrpcService.java:startImpl(302)) - ddd75f10-d1e9-4189-b9ef-e4896743935a: GrpcService started, listening on 15057
2023-09-15 05:01:43,409 [EndpointStateMachine task thread for /0.0.0.0:15002 - 0 ] INFO  server.GrpcService (GrpcService.java:startImpl(302)) - ddd75f10-d1e9-4189-b9ef-e4896743935a: GrpcService started, listening on 15059
2023-09-15 05:01:43,410 [EndpointStateMachine task thread for /0.0.0.0:15002 - 0 ] INFO  server.GrpcService (GrpcService.java:startImpl(302)) - ddd75f10-d1e9-4189-b9ef-e4896743935a: GrpcService started, listening on 15058
2023-09-15 05:01:43,410 [EndpointStateMachine task thread for /0.0.0.0:15002 - 0 ] INFO  ratis.XceiverServerRatis (XceiverServerRatis.java:getRealPort(543)) - XceiverServerRatis ddd75f10-d1e9-4189-b9ef-e4896743935a is started using port 15057 for RATIS
2023-09-15 05:01:43,410 [EndpointStateMachine task thread for /0.0.0.0:15002 - 0 ] INFO  ratis.XceiverServerRatis (XceiverServerRatis.java:getRealPort(543)) - XceiverServerRatis ddd75f10-d1e9-4189-b9ef-e4896743935a is started using port 15058 for RATIS_ADMIN
2023-09-15 05:01:43,410 [JvmPauseMonitor7] INFO  util.JvmPauseMonitor (JvmPauseMonitor.java:run(103)) - JvmPauseMonitor-ddd75f10-d1e9-4189-b9ef-e4896743935a: Started
2023-09-15 05:01:43,410 [EndpointStateMachine task thread for /0.0.0.0:15002 - 0 ] INFO  ratis.XceiverServerRatis (XceiverServerRatis.java:getRealPort(543)) - XceiverServerRatis ddd75f10-d1e9-4189-b9ef-e4896743935a is started using port 15059 for RATIS_SERVER
2023-09-15 05:01:43,411 [EndpointStateMachine task thread for /0.0.0.0:15002 - 0 ] INFO  ratis.XceiverServerRatis (XceiverServerRatis.java:getRealPort(543)) - XceiverServerRatis ddd75f10-d1e9-4189-b9ef-e4896743935a is started using port 15060 for RATIS_DATASTREAM
2023-09-15 05:01:43,419 [BlockDeletingService#0] INFO  interfaces.ContainerDeletionChoosingPolicyTemplate (ContainerDeletionChoosingPolicyTemplate.java:chooseContainerForBlockDeletion(85)) - Chosen 0/5000 blocks from 0 candidate containers.
2023-09-15 05:01:43,661 [IPC Server handler 14 on default port 15002] INFO  net.NetworkTopologyImpl (NetworkTopologyImpl.java:add(112)) - Added a new node: /default-rack/dd1e58ff-ca4a-47cb-ae71-8fc517aad200
2023-09-15 05:01:43,662 [IPC Server handler 14 on default port 15002] INFO  node.SCMNodeManager (SCMNodeManager.java:register(405)) - Registered Data node : dd1e58ff-ca4a-47cb-ae71-8fc517aad200{ip: 10.1.0.24, host: fv-az371-27.ipdn00qvwfrujbrcphh0gwusye.dx.internal.cloudapp.net, ports: [HTTP=15018, CLIENT_RPC=15019, REPLICATION=15025, RATIS=15021, RATIS_ADMIN=15022, RATIS_SERVER=15023, RATIS_DATASTREAM=15024, STANDALONE=15020], networkLocation: /default-rack, certSerialId: null, persistedOpState: null, persistedOpStateExpiryEpochSec: 0}
2023-09-15 05:01:43,663 [EventQueue-NewNodeForNewNodeHandler] INFO  pipeline.BackgroundPipelineCreator (BackgroundPipelineCreator.java:notifyEventTriggered(277)) - trigger a one-shot run on RatisPipelineUtilsThread.
2023-09-15 05:01:43,665 [EventQueue-NodeRegistrationContainerReportForDataNodeSafeModeRule] INFO  safemode.SCMSafeModeManager (DataNodeSafeModeRule.java:process(71)) - SCM in safe mode. 2 DataNodes registered, 3 required.
2023-09-15 05:01:43,667 [RatisPipelineUtilsThread - 0] INFO  pipeline.RatisPipelineProvider (RatisPipelineProvider.java:lambda$create$0(206)) - Sending CreatePipelineCommand for pipeline:PipelineID=46d30dc5-c752-4956-bd29-cb77a8191913 to datanode:dd1e58ff-ca4a-47cb-ae71-8fc517aad200
2023-09-15 05:01:43,668 [RatisPipelineUtilsThread - 0] INFO  pipeline.BackgroundPipelineCreator (BackgroundPipelineCreator.java:createPipelines(233)) - Created new pipeline Pipeline[ Id: 46d30dc5-c752-4956-bd29-cb77a8191913, Nodes: dd1e58ff-ca4a-47cb-ae71-8fc517aad200(fv-az371-27.ipdn00qvwfrujbrcphh0gwusye.dx.internal.cloudapp.net/10.1.0.24), ReplicationConfig: RATIS/ONE, State:ALLOCATED, leaderId:, CreationTimestamp2023-09-15T05:01:43.667Z[Etc/UTC]]
2023-09-15 05:01:44,007 [EndpointStateMachine task thread for /0.0.0.0:15002 - 0 ] INFO  utils.DatanodeStoreCache (DatanodeStoreCache.java:addDB(66)) - Added db /home/runner/work/ozone/ozone/hadoop-ozone/integration-test/target/test-dir/MiniOzoneClusterImpl-0a18362f-1832-4b81-b629-935968d04e12/datanode-6/data-0/containers/hdds/0a18362f-1832-4b81-b629-935968d04e12/DS-92eaed2d-1455-43d8-9b4f-9fe55ce4674b/container.db to cache
2023-09-15 05:01:44,007 [EndpointStateMachine task thread for /0.0.0.0:15002 - 0 ] INFO  volume.HddsVolume (HddsVolume.java:createDbStore(422)) - SchemaV3 db is created and loaded at /home/runner/work/ozone/ozone/hadoop-ozone/integration-test/target/test-dir/MiniOzoneClusterImpl-0a18362f-1832-4b81-b629-935968d04e12/datanode-6/data-0/containers/hdds/0a18362f-1832-4b81-b629-935968d04e12/DS-92eaed2d-1455-43d8-9b4f-9fe55ce4674b/container.db for volume DS-92eaed2d-1455-43d8-9b4f-9fe55ce4674b
2023-09-15 05:01:44,008 [EndpointStateMachine task thread for /0.0.0.0:15002 - 0 ] INFO  volume.ThrottledAsyncChecker (ThrottledAsyncChecker.java:schedule(141)) - Scheduling a check for /home/runner/work/ozone/ozone/hadoop-ozone/integration-test/target/test-dir/MiniOzoneClusterImpl-0a18362f-1832-4b81-b629-935968d04e12/datanode-6/data-0/containers/hdds
2023-09-15 05:01:44,010 [EndpointStateMachine task thread for /0.0.0.0:15002 - 0 ] INFO  volume.StorageVolumeChecker (StorageVolumeChecker.java:checkAllVolumes(213)) - Scheduled health check for volume /home/runner/work/ozone/ozone/hadoop-ozone/integration-test/target/test-dir/MiniOzoneClusterImpl-0a18362f-1832-4b81-b629-935968d04e12/datanode-6/data-0/containers/hdds
2023-09-15 05:01:44,011 [EndpointStateMachine task thread for /0.0.0.0:15002 - 0 ] INFO  volume.ThrottledAsyncChecker (ThrottledAsyncChecker.java:schedule(141)) - Scheduling a check for /home/runner/work/ozone/ozone/hadoop-ozone/integration-test/target/test-dir/MiniOzoneClusterImpl-0a18362f-1832-4b81-b629-935968d04e12/datanode-6/data/ratis
2023-09-15 05:01:44,011 [EndpointStateMachine task thread for /0.0.0.0:15002 - 0 ] INFO  volume.StorageVolumeChecker (StorageVolumeChecker.java:checkAllVolumes(213)) - Scheduled health check for volume /home/runner/work/ozone/ozone/hadoop-ozone/integration-test/target/test-dir/MiniOzoneClusterImpl-0a18362f-1832-4b81-b629-935968d04e12/datanode-6/data/ratis
2023-09-15 05:01:44,013 [EndpointStateMachine task thread for /0.0.0.0:15002 - 0 ] INFO  ozoneimpl.OzoneContainer (OzoneContainer.java:start(429)) - Attempting to start container services.
2023-09-15 05:01:44,013 [EndpointStateMachine task thread for /0.0.0.0:15002 - 0 ] INFO  ozoneimpl.OzoneContainer (OzoneContainer.java:startContainerScrub(325)) - Scheduled background container scanners and the on-demand container scanner have been disabled.
2023-09-15 05:01:44,015 [EndpointStateMachine task thread for /0.0.0.0:15002 - 0 ] INFO  replication.ReplicationServer (ReplicationServer.java:start(134)) - ReplicationServer is started using port 15070
2023-09-15 05:01:44,015 [EndpointStateMachine task thread for /0.0.0.0:15002 - 0 ] INFO  ratis.XceiverServerRatis (XceiverServerRatis.java:start(517)) - Starting XceiverServerRatis 49835f94-14b4-44df-a6e0-f69154e42310
2023-09-15 05:01:44,015 [EndpointStateMachine task thread for /0.0.0.0:15002 - 0 ] INFO  server.RaftServer (RaftServerProxy.java:startImpl(400)) - 49835f94-14b4-44df-a6e0-f69154e42310: start RPC server
2023-09-15 05:01:44,016 [EndpointStateMachine task thread for /0.0.0.0:15002 - 0 ] INFO  server.GrpcService (GrpcService.java:startImpl(302)) - 49835f94-14b4-44df-a6e0-f69154e42310: GrpcService started, listening on 15066
2023-09-15 05:01:44,018 [EndpointStateMachine task thread for /0.0.0.0:15002 - 0 ] INFO  server.GrpcService (GrpcService.java:startImpl(302)) - 49835f94-14b4-44df-a6e0-f69154e42310: GrpcService started, listening on 15068
2023-09-15 05:01:44,019 [EndpointStateMachine task thread for /0.0.0.0:15002 - 0 ] INFO  server.GrpcService (GrpcService.java:startImpl(302)) - 49835f94-14b4-44df-a6e0-f69154e42310: GrpcService started, listening on 15067
2023-09-15 05:01:44,019 [EndpointStateMachine task thread for /0.0.0.0:15002 - 0 ] INFO  ratis.XceiverServerRatis (XceiverServerRatis.java:getRealPort(543)) - XceiverServerRatis 49835f94-14b4-44df-a6e0-f69154e42310 is started using port 15066 for RATIS
2023-09-15 05:01:44,019 [JvmPauseMonitor8] INFO  util.JvmPauseMonitor (JvmPauseMonitor.java:run(103)) - JvmPauseMonitor-49835f94-14b4-44df-a6e0-f69154e42310: Started
2023-09-15 05:01:44,019 [EndpointStateMachine task thread for /0.0.0.0:15002 - 0 ] INFO  ratis.XceiverServerRatis (XceiverServerRatis.java:getRealPort(543)) - XceiverServerRatis 49835f94-14b4-44df-a6e0-f69154e42310 is started using port 15067 for RATIS_ADMIN
2023-09-15 05:01:44,020 [EndpointStateMachine task thread for /0.0.0.0:15002 - 0 ] INFO  ratis.XceiverServerRatis (XceiverServerRatis.java:getRealPort(543)) - XceiverServerRatis 49835f94-14b4-44df-a6e0-f69154e42310 is started using port 15068 for RATIS_SERVER
2023-09-15 05:01:44,020 [EndpointStateMachine task thread for /0.0.0.0:15002 - 0 ] INFO  ratis.XceiverServerRatis (XceiverServerRatis.java:getRealPort(543)) - XceiverServerRatis 49835f94-14b4-44df-a6e0-f69154e42310 is started using port 15069 for RATIS_DATASTREAM
2023-09-15 05:01:44,027 [BlockDeletingService#0] INFO  interfaces.ContainerDeletionChoosingPolicyTemplate (ContainerDeletionChoosingPolicyTemplate.java:chooseContainerForBlockDeletion(85)) - Chosen 0/5000 blocks from 0 candidate containers.
2023-09-15 05:01:44,061 [IPC Server handler 15 on default port 15002] INFO  net.NetworkTopologyImpl (NetworkTopologyImpl.java:add(112)) - Added a new node: /default-rack/729f921e-514b-472d-a5a3-7d6b9d90aa28
2023-09-15 05:01:44,061 [IPC Server handler 15 on default port 15002] INFO  node.SCMNodeManager (SCMNodeManager.java:register(405)) - Registered Data node : 729f921e-514b-472d-a5a3-7d6b9d90aa28{ip: 10.1.0.24, host: fv-az371-27.ipdn00qvwfrujbrcphh0gwusye.dx.internal.cloudapp.net, ports: [HTTP=15027, CLIENT_RPC=15028, REPLICATION=15034, RATIS=15030, RATIS_ADMIN=15031, RATIS_SERVER=15032, RATIS_DATASTREAM=15033, STANDALONE=15029], networkLocation: /default-rack, certSerialId: null, persistedOpState: null, persistedOpStateExpiryEpochSec: 0}
2023-09-15 05:01:44,062 [EventQueue-NodeRegistrationContainerReportForDataNodeSafeModeRule] INFO  safemode.SCMSafeModeManager (DataNodeSafeModeRule.java:process(71)) - SCM in safe mode. 3 DataNodes registered, 3 required.
2023-09-15 05:01:44,063 [EventQueue-NodeRegistrationContainerReportForDataNodeSafeModeRule] INFO  safemode.SCMSafeModeManager (SCMSafeModeManager.java:validateSafeModeExitRules(200)) - DataNodeSafeModeRule rule is successfully validated
2023-09-15 05:01:44,063 [EventQueue-NodeRegistrationContainerReportForDataNodeSafeModeRule] INFO  safemode.SCMSafeModeManager (SCMSafeModeManager.java:completePreCheck(229)) - All SCM safe mode pre check rules have passed
2023-09-15 05:01:44,063 [EventQueue-NodeRegistrationContainerReportForDataNodeSafeModeRule] INFO  ha.SCMContext (SCMContext.java:updateSafeModeStatus(228)) - Update SafeModeStatus from SafeModeStatus{safeModeStatus=true, preCheckPassed=false} to SafeModeStatus{safeModeStatus=true, preCheckPassed=true}.
2023-09-15 05:01:44,063 [EventQueue-NodeRegistrationContainerReportForDataNodeSafeModeRule] INFO  pipeline.BackgroundPipelineCreator (BackgroundPipelineCreator.java:notifyEventTriggered(277)) - trigger a one-shot run on RatisPipelineUtilsThread.
2023-09-15 05:01:44,063 [RatisPipelineUtilsThread - 0] INFO  pipeline.RatisPipelineProvider (RatisPipelineProvider.java:lambda$create$0(206)) - Sending CreatePipelineCommand for pipeline:PipelineID=faf68125-ad7f-456d-a28d-e2255abab38b to datanode:729f921e-514b-472d-a5a3-7d6b9d90aa28
2023-09-15 05:01:44,065 [RatisPipelineUtilsThread - 0] INFO  pipeline.BackgroundPipelineCreator (BackgroundPipelineCreator.java:createPipelines(233)) - Created new pipeline Pipeline[ Id: faf68125-ad7f-456d-a28d-e2255abab38b, Nodes: 729f921e-514b-472d-a5a3-7d6b9d90aa28(fv-az371-27.ipdn00qvwfrujbrcphh0gwusye.dx.internal.cloudapp.net/10.1.0.24), ReplicationConfig: RATIS/ONE, State:ALLOCATED, leaderId:, CreationTimestamp2023-09-15T05:01:44.063Z[Etc/UTC]]
2023-09-15 05:01:44,063 [EventQueue-NewNodeForNewNodeHandler] INFO  pipeline.BackgroundPipelineCreator (BackgroundPipelineCreator.java:notifyEventTriggered(277)) - trigger a one-shot run on RatisPipelineUtilsThread.
2023-09-15 05:01:44,069 [RatisPipelineUtilsThread - 0] INFO  pipeline.RatisPipelineProvider (RatisPipelineProvider.java:lambda$create$0(206)) - Sending CreatePipelineCommand for pipeline:PipelineID=80467dae-107b-4dcd-be89-88a1b8300e3c to datanode:3b898b8b-8841-452f-b538-8e8d26c8d287
2023-09-15 05:01:44,069 [RatisPipelineUtilsThread - 0] INFO  pipeline.RatisPipelineProvider (RatisPipelineProvider.java:lambda$create$0(206)) - Sending CreatePipelineCommand for pipeline:PipelineID=80467dae-107b-4dcd-be89-88a1b8300e3c to datanode:729f921e-514b-472d-a5a3-7d6b9d90aa28
2023-09-15 05:01:44,069 [RatisPipelineUtilsThread - 0] INFO  pipeline.RatisPipelineProvider (RatisPipelineProvider.java:lambda$create$0(206)) - Sending CreatePipelineCommand for pipeline:PipelineID=80467dae-107b-4dcd-be89-88a1b8300e3c to datanode:dd1e58ff-ca4a-47cb-ae71-8fc517aad200
2023-09-15 05:01:44,071 [RatisPipelineUtilsThread - 0] INFO  pipeline.BackgroundPipelineCreator (BackgroundPipelineCreator.java:createPipelines(233)) - Created new pipeline Pipeline[ Id: 80467dae-107b-4dcd-be89-88a1b8300e3c, Nodes: 3b898b8b-8841-452f-b538-8e8d26c8d287(fv-az371-27.ipdn00qvwfrujbrcphh0gwusye.dx.internal.cloudapp.net/10.1.0.24)729f921e-514b-472d-a5a3-7d6b9d90aa28(fv-az371-27.ipdn00qvwfrujbrcphh0gwusye.dx.internal.cloudapp.net/10.1.0.24)dd1e58ff-ca4a-47cb-ae71-8fc517aad200(fv-az371-27.ipdn00qvwfrujbrcphh0gwusye.dx.internal.cloudapp.net/10.1.0.24), ReplicationConfig: RATIS/THREE, State:ALLOCATED, leaderId:, CreationTimestamp2023-09-15T05:01:44.069Z[Etc/UTC]]
2023-09-15 05:01:44,072 [RatisPipelineUtilsThread - 0] INFO  pipeline.RatisPipelineProvider (RatisPipelineProvider.java:lambda$create$0(206)) - Sending CreatePipelineCommand for pipeline:PipelineID=93ce8fe8-8840-4965-87c0-193eeefe86b1 to datanode:729f921e-514b-472d-a5a3-7d6b9d90aa28
2023-09-15 05:01:44,072 [RatisPipelineUtilsThread - 0] INFO  pipeline.RatisPipelineProvider (RatisPipelineProvider.java:lambda$create$0(206)) - Sending CreatePipelineCommand for pipeline:PipelineID=93ce8fe8-8840-4965-87c0-193eeefe86b1 to datanode:3b898b8b-8841-452f-b538-8e8d26c8d287
2023-09-15 05:01:44,072 [RatisPipelineUtilsThread - 0] INFO  pipeline.RatisPipelineProvider (RatisPipelineProvider.java:lambda$create$0(206)) - Sending CreatePipelineCommand for pipeline:PipelineID=93ce8fe8-8840-4965-87c0-193eeefe86b1 to datanode:dd1e58ff-ca4a-47cb-ae71-8fc517aad200
2023-09-15 05:01:44,073 [RatisPipelineUtilsThread - 0] INFO  pipeline.PipelineManagerImpl (PipelineManagerImpl.java:recordMetricsForPipeline(895)) - Pipeline: PipelineID=93ce8fe8-8840-4965-87c0-193eeefe86b1 contains same datanodes as previous pipelines: PipelineID=80467dae-107b-4dcd-be89-88a1b8300e3c nodeIds: 729f921e-514b-472d-a5a3-7d6b9d90aa28, 3b898b8b-8841-452f-b538-8e8d26c8d287, dd1e58ff-ca4a-47cb-ae71-8fc517aad200
2023-09-15 05:01:44,073 [RatisPipelineUtilsThread - 0] INFO  pipeline.BackgroundPipelineCreator (BackgroundPipelineCreator.java:createPipelines(233)) - Created new pipeline Pipeline[ Id: 93ce8fe8-8840-4965-87c0-193eeefe86b1, Nodes: 729f921e-514b-472d-a5a3-7d6b9d90aa28(fv-az371-27.ipdn00qvwfrujbrcphh0gwusye.dx.internal.cloudapp.net/10.1.0.24)3b898b8b-8841-452f-b538-8e8d26c8d287(fv-az371-27.ipdn00qvwfrujbrcphh0gwusye.dx.internal.cloudapp.net/10.1.0.24)dd1e58ff-ca4a-47cb-ae71-8fc517aad200(fv-az371-27.ipdn00qvwfrujbrcphh0gwusye.dx.internal.cloudapp.net/10.1.0.24), ReplicationConfig: RATIS/THREE, State:ALLOCATED, leaderId:, CreationTimestamp2023-09-15T05:01:44.072Z[Etc/UTC]]
2023-09-15 05:01:44,166 [main] INFO  ozone.MiniOzoneClusterImpl (MiniOzoneClusterImpl.java:lambda$waitForClusterToBeReady$0(224)) - Waiting for nodes to be ready. Got 3 of 10 DN Heartbeats.
2023-09-15 05:01:44,168 [main] INFO  ozone.MiniOzoneClusterImpl (MiniOzoneClusterImpl.java:lambda$waitForClusterToBeReady$0(227)) - Waiting for cluster to exit safe mode
2023-09-15 05:01:44,168 [main] INFO  ozone.MiniOzoneClusterImpl (MiniOzoneClusterImpl.java:lambda$waitForClusterToBeReady$0(229)) - SCM became leader
2023-09-15 05:01:44,424 [EndpointStateMachine task thread for /0.0.0.0:15002 - 0 ] INFO  utils.DatanodeStoreCache (DatanodeStoreCache.java:addDB(66)) - Added db /home/runner/work/ozone/ozone/hadoop-ozone/integration-test/target/test-dir/MiniOzoneClusterImpl-0a18362f-1832-4b81-b629-935968d04e12/datanode-7/data-0/containers/hdds/0a18362f-1832-4b81-b629-935968d04e12/DS-4f4630f1-8ed9-46c2-8162-73c121f79d36/container.db to cache
2023-09-15 05:01:44,426 [EndpointStateMachine task thread for /0.0.0.0:15002 - 0 ] INFO  volume.HddsVolume (HddsVolume.java:createDbStore(422)) - SchemaV3 db is created and loaded at /home/runner/work/ozone/ozone/hadoop-ozone/integration-test/target/test-dir/MiniOzoneClusterImpl-0a18362f-1832-4b81-b629-935968d04e12/datanode-7/data-0/containers/hdds/0a18362f-1832-4b81-b629-935968d04e12/DS-4f4630f1-8ed9-46c2-8162-73c121f79d36/container.db for volume DS-4f4630f1-8ed9-46c2-8162-73c121f79d36
2023-09-15 05:01:44,428 [EndpointStateMachine task thread for /0.0.0.0:15002 - 0 ] INFO  volume.ThrottledAsyncChecker (ThrottledAsyncChecker.java:schedule(141)) - Scheduling a check for /home/runner/work/ozone/ozone/hadoop-ozone/integration-test/target/test-dir/MiniOzoneClusterImpl-0a18362f-1832-4b81-b629-935968d04e12/datanode-7/data-0/containers/hdds
2023-09-15 05:01:44,429 [EndpointStateMachine task thread for /0.0.0.0:15002 - 0 ] INFO  volume.StorageVolumeChecker (StorageVolumeChecker.java:checkAllVolumes(213)) - Scheduled health check for volume /home/runner/work/ozone/ozone/hadoop-ozone/integration-test/target/test-dir/MiniOzoneClusterImpl-0a18362f-1832-4b81-b629-935968d04e12/datanode-7/data-0/containers/hdds
2023-09-15 05:01:44,432 [EndpointStateMachine task thread for /0.0.0.0:15002 - 0 ] INFO  volume.ThrottledAsyncChecker (ThrottledAsyncChecker.java:schedule(141)) - Scheduling a check for /home/runner/work/ozone/ozone/hadoop-ozone/integration-test/target/test-dir/MiniOzoneClusterImpl-0a18362f-1832-4b81-b629-935968d04e12/datanode-7/data/ratis
2023-09-15 05:01:44,432 [EndpointStateMachine task thread for /0.0.0.0:15002 - 0 ] INFO  volume.StorageVolumeChecker (StorageVolumeChecker.java:checkAllVolumes(213)) - Scheduled health check for volume /home/runner/work/ozone/ozone/hadoop-ozone/integration-test/target/test-dir/MiniOzoneClusterImpl-0a18362f-1832-4b81-b629-935968d04e12/datanode-7/data/ratis
2023-09-15 05:01:44,433 [EndpointStateMachine task thread for /0.0.0.0:15002 - 0 ] INFO  ozoneimpl.OzoneContainer (OzoneContainer.java:start(429)) - Attempting to start container services.
2023-09-15 05:01:44,433 [EndpointStateMachine task thread for /0.0.0.0:15002 - 0 ] INFO  ozoneimpl.OzoneContainer (OzoneContainer.java:startContainerScrub(325)) - Scheduled background container scanners and the on-demand container scanner have been disabled.
2023-09-15 05:01:44,435 [EndpointStateMachine task thread for /0.0.0.0:15002 - 0 ] INFO  replication.ReplicationServer (ReplicationServer.java:start(134)) - ReplicationServer is started using port 15079
2023-09-15 05:01:44,435 [EndpointStateMachine task thread for /0.0.0.0:15002 - 0 ] INFO  ratis.XceiverServerRatis (XceiverServerRatis.java:start(517)) - Starting XceiverServerRatis 386b2284-1126-4572-992a-9634c883c70a
2023-09-15 05:01:44,436 [EndpointStateMachine task thread for /0.0.0.0:15002 - 0 ] INFO  server.RaftServer (RaftServerProxy.java:startImpl(400)) - 386b2284-1126-4572-992a-9634c883c70a: start RPC server
2023-09-15 05:01:44,437 [EndpointStateMachine task thread for /0.0.0.0:15002 - 0 ] INFO  server.GrpcService (GrpcService.java:startImpl(302)) - 386b2284-1126-4572-992a-9634c883c70a: GrpcService started, listening on 15075
2023-09-15 05:01:44,438 [EndpointStateMachine task thread for /0.0.0.0:15002 - 0 ] INFO  server.GrpcService (GrpcService.java:startImpl(302)) - 386b2284-1126-4572-992a-9634c883c70a: GrpcService started, listening on 15077
2023-09-15 05:01:44,444 [EndpointStateMachine task thread for /0.0.0.0:15002 - 0 ] INFO  server.GrpcService (GrpcService.java:startImpl(302)) - 386b2284-1126-4572-992a-9634c883c70a: GrpcService started, listening on 15076
2023-09-15 05:01:44,444 [EndpointStateMachine task thread for /0.0.0.0:15002 - 0 ] INFO  ratis.XceiverServerRatis (XceiverServerRatis.java:getRealPort(543)) - XceiverServerRatis 386b2284-1126-4572-992a-9634c883c70a is started using port 15075 for RATIS
2023-09-15 05:01:44,444 [EndpointStateMachine task thread for /0.0.0.0:15002 - 0 ] INFO  ratis.XceiverServerRatis (XceiverServerRatis.java:getRealPort(543)) - XceiverServerRatis 386b2284-1126-4572-992a-9634c883c70a is started using port 15076 for RATIS_ADMIN
2023-09-15 05:01:44,444 [JvmPauseMonitor9] INFO  util.JvmPauseMonitor (JvmPauseMonitor.java:run(103)) - JvmPauseMonitor-386b2284-1126-4572-992a-9634c883c70a: Started
2023-09-15 05:01:44,444 [EndpointStateMachine task thread for /0.0.0.0:15002 - 0 ] INFO  ratis.XceiverServerRatis (XceiverServerRatis.java:getRealPort(543)) - XceiverServerRatis 386b2284-1126-4572-992a-9634c883c70a is started using port 15077 for RATIS_SERVER
2023-09-15 05:01:44,445 [EndpointStateMachine task thread for /0.0.0.0:15002 - 0 ] INFO  ratis.XceiverServerRatis (XceiverServerRatis.java:getRealPort(543)) - XceiverServerRatis 386b2284-1126-4572-992a-9634c883c70a is started using port 15078 for RATIS_DATASTREAM
2023-09-15 05:01:44,448 [BlockDeletingService#0] INFO  interfaces.ContainerDeletionChoosingPolicyTemplate (ContainerDeletionChoosingPolicyTemplate.java:chooseContainerForBlockDeletion(85)) - Chosen 0/5000 blocks from 0 candidate containers.
2023-09-15 05:01:44,549 [IPC Server handler 5 on default port 15002] INFO  net.NetworkTopologyImpl (NetworkTopologyImpl.java:add(112)) - Added a new node: /default-rack/0a6fa645-f909-40e7-9d0d-0c6da806ec87
2023-09-15 05:01:44,549 [IPC Server handler 5 on default port 15002] INFO  node.SCMNodeManager (SCMNodeManager.java:register(405)) - Registered Data node : 0a6fa645-f909-40e7-9d0d-0c6da806ec87{ip: 10.1.0.24, host: fv-az371-27.ipdn00qvwfrujbrcphh0gwusye.dx.internal.cloudapp.net, ports: [HTTP=15036, CLIENT_RPC=15037, REPLICATION=15043, RATIS=15039, RATIS_ADMIN=15040, RATIS_SERVER=15041, RATIS_DATASTREAM=15042, STANDALONE=15038], networkLocation: /default-rack, certSerialId: null, persistedOpState: null, persistedOpStateExpiryEpochSec: 0}
2023-09-15 05:01:44,550 [EventQueue-NewNodeForNewNodeHandler] INFO  pipeline.BackgroundPipelineCreator (BackgroundPipelineCreator.java:notifyEventTriggered(277)) - trigger a one-shot run on RatisPipelineUtilsThread.
2023-09-15 05:01:44,552 [RatisPipelineUtilsThread - 0] INFO  pipeline.RatisPipelineProvider (RatisPipelineProvider.java:lambda$create$0(206)) - Sending CreatePipelineCommand for pipeline:PipelineID=5f1a1bfc-b2f2-44f4-b5c2-a0c906569a0d to datanode:0a6fa645-f909-40e7-9d0d-0c6da806ec87
2023-09-15 05:01:44,554 [RatisPipelineUtilsThread - 0] INFO  pipeline.BackgroundPipelineCreator (BackgroundPipelineCreator.java:createPipelines(233)) - Created new pipeline Pipeline[ Id: 5f1a1bfc-b2f2-44f4-b5c2-a0c906569a0d, Nodes: 0a6fa645-f909-40e7-9d0d-0c6da806ec87(fv-az371-27.ipdn00qvwfrujbrcphh0gwusye.dx.internal.cloudapp.net/10.1.0.24), ReplicationConfig: RATIS/ONE, State:ALLOCATED, leaderId:, CreationTimestamp2023-09-15T05:01:44.552Z[Etc/UTC]]
2023-09-15 05:01:44,822 [EndpointStateMachine task thread for /0.0.0.0:15002 - 0 ] INFO  utils.DatanodeStoreCache (DatanodeStoreCache.java:addDB(66)) - Added db /home/runner/work/ozone/ozone/hadoop-ozone/integration-test/target/test-dir/MiniOzoneClusterImpl-0a18362f-1832-4b81-b629-935968d04e12/datanode-8/data-0/containers/hdds/0a18362f-1832-4b81-b629-935968d04e12/DS-bfb4ad1a-22bd-4b37-b2ab-a9bff382b9a3/container.db to cache
2023-09-15 05:01:44,822 [EndpointStateMachine task thread for /0.0.0.0:15002 - 0 ] INFO  volume.HddsVolume (HddsVolume.java:createDbStore(422)) - SchemaV3 db is created and loaded at /home/runner/work/ozone/ozone/hadoop-ozone/integration-test/target/test-dir/MiniOzoneClusterImpl-0a18362f-1832-4b81-b629-935968d04e12/datanode-8/data-0/containers/hdds/0a18362f-1832-4b81-b629-935968d04e12/DS-bfb4ad1a-22bd-4b37-b2ab-a9bff382b9a3/container.db for volume DS-bfb4ad1a-22bd-4b37-b2ab-a9bff382b9a3
2023-09-15 05:01:44,828 [EndpointStateMachine task thread for /0.0.0.0:15002 - 0 ] INFO  volume.ThrottledAsyncChecker (ThrottledAsyncChecker.java:schedule(141)) - Scheduling a check for /home/runner/work/ozone/ozone/hadoop-ozone/integration-test/target/test-dir/MiniOzoneClusterImpl-0a18362f-1832-4b81-b629-935968d04e12/datanode-8/data-0/containers/hdds
2023-09-15 05:01:44,829 [EndpointStateMachine task thread for /0.0.0.0:15002 - 0 ] INFO  volume.StorageVolumeChecker (StorageVolumeChecker.java:checkAllVolumes(213)) - Scheduled health check for volume /home/runner/work/ozone/ozone/hadoop-ozone/integration-test/target/test-dir/MiniOzoneClusterImpl-0a18362f-1832-4b81-b629-935968d04e12/datanode-8/data-0/containers/hdds
2023-09-15 05:01:44,833 [EndpointStateMachine task thread for /0.0.0.0:15002 - 0 ] INFO  volume.ThrottledAsyncChecker (ThrottledAsyncChecker.java:schedule(141)) - Scheduling a check for /home/runner/work/ozone/ozone/hadoop-ozone/integration-test/target/test-dir/MiniOzoneClusterImpl-0a18362f-1832-4b81-b629-935968d04e12/datanode-8/data/ratis
2023-09-15 05:01:44,833 [EndpointStateMachine task thread for /0.0.0.0:15002 - 0 ] INFO  volume.StorageVolumeChecker (StorageVolumeChecker.java:checkAllVolumes(213)) - Scheduled health check for volume /home/runner/work/ozone/ozone/hadoop-ozone/integration-test/target/test-dir/MiniOzoneClusterImpl-0a18362f-1832-4b81-b629-935968d04e12/datanode-8/data/ratis
2023-09-15 05:01:44,834 [EndpointStateMachine task thread for /0.0.0.0:15002 - 0 ] INFO  ozoneimpl.OzoneContainer (OzoneContainer.java:start(429)) - Attempting to start container services.
2023-09-15 05:01:44,834 [EndpointStateMachine task thread for /0.0.0.0:15002 - 0 ] INFO  ozoneimpl.OzoneContainer (OzoneContainer.java:startContainerScrub(325)) - Scheduled background container scanners and the on-demand container scanner have been disabled.
2023-09-15 05:01:44,835 [EndpointStateMachine task thread for /0.0.0.0:15002 - 0 ] INFO  replication.ReplicationServer (ReplicationServer.java:start(134)) - ReplicationServer is started using port 15088
2023-09-15 05:01:44,835 [EndpointStateMachine task thread for /0.0.0.0:15002 - 0 ] INFO  ratis.XceiverServerRatis (XceiverServerRatis.java:start(517)) - Starting XceiverServerRatis ba5cf16e-7b97-4e1d-8791-bccb4873d66e
2023-09-15 05:01:44,836 [EndpointStateMachine task thread for /0.0.0.0:15002 - 0 ] INFO  server.RaftServer (RaftServerProxy.java:startImpl(400)) - ba5cf16e-7b97-4e1d-8791-bccb4873d66e: start RPC server
2023-09-15 05:01:44,837 [EndpointStateMachine task thread for /0.0.0.0:15002 - 0 ] INFO  server.GrpcService (GrpcService.java:startImpl(302)) - ba5cf16e-7b97-4e1d-8791-bccb4873d66e: GrpcService started, listening on 15084
2023-09-15 05:01:44,837 [EndpointStateMachine task thread for /0.0.0.0:15002 - 0 ] INFO  server.GrpcService (GrpcService.java:startImpl(302)) - ba5cf16e-7b97-4e1d-8791-bccb4873d66e: GrpcService started, listening on 15086
2023-09-15 05:01:44,838 [EndpointStateMachine task thread for /0.0.0.0:15002 - 0 ] INFO  server.GrpcService (GrpcService.java:startImpl(302)) - ba5cf16e-7b97-4e1d-8791-bccb4873d66e: GrpcService started, listening on 15085
2023-09-15 05:01:44,841 [EndpointStateMachine task thread for /0.0.0.0:15002 - 0 ] INFO  ratis.XceiverServerRatis (XceiverServerRatis.java:getRealPort(543)) - XceiverServerRatis ba5cf16e-7b97-4e1d-8791-bccb4873d66e is started using port 15084 for RATIS
2023-09-15 05:01:44,841 [JvmPauseMonitor10] INFO  util.JvmPauseMonitor (JvmPauseMonitor.java:run(103)) - JvmPauseMonitor-ba5cf16e-7b97-4e1d-8791-bccb4873d66e: Started
2023-09-15 05:01:44,841 [EndpointStateMachine task thread for /0.0.0.0:15002 - 0 ] INFO  ratis.XceiverServerRatis (XceiverServerRatis.java:getRealPort(543)) - XceiverServerRatis ba5cf16e-7b97-4e1d-8791-bccb4873d66e is started using port 15085 for RATIS_ADMIN
2023-09-15 05:01:44,841 [EndpointStateMachine task thread for /0.0.0.0:15002 - 0 ] INFO  ratis.XceiverServerRatis (XceiverServerRatis.java:getRealPort(543)) - XceiverServerRatis ba5cf16e-7b97-4e1d-8791-bccb4873d66e is started using port 15086 for RATIS_SERVER
2023-09-15 05:01:44,841 [EndpointStateMachine task thread for /0.0.0.0:15002 - 0 ] INFO  ratis.XceiverServerRatis (XceiverServerRatis.java:getRealPort(543)) - XceiverServerRatis ba5cf16e-7b97-4e1d-8791-bccb4873d66e is started using port 15087 for RATIS_DATASTREAM
2023-09-15 05:01:44,845 [BlockDeletingService#0] INFO  interfaces.ContainerDeletionChoosingPolicyTemplate (ContainerDeletionChoosingPolicyTemplate.java:chooseContainerForBlockDeletion(85)) - Chosen 0/5000 blocks from 0 candidate containers.
2023-09-15 05:01:44,898 [IPC Server handler 16 on default port 15002] INFO  net.NetworkTopologyImpl (NetworkTopologyImpl.java:add(112)) - Added a new node: /default-rack/01e3e3a9-29b9-4c52-904d-7d79db62114f
2023-09-15 05:01:44,898 [IPC Server handler 16 on default port 15002] INFO  node.SCMNodeManager (SCMNodeManager.java:register(405)) - Registered Data node : 01e3e3a9-29b9-4c52-904d-7d79db62114f{ip: 10.1.0.24, host: fv-az371-27.ipdn00qvwfrujbrcphh0gwusye.dx.internal.cloudapp.net, ports: [HTTP=15045, CLIENT_RPC=15046, REPLICATION=15052, RATIS=15048, RATIS_ADMIN=15049, RATIS_SERVER=15050, RATIS_DATASTREAM=15051, STANDALONE=15047], networkLocation: /default-rack, certSerialId: null, persistedOpState: null, persistedOpStateExpiryEpochSec: 0}
2023-09-15 05:01:44,900 [EventQueue-NewNodeForNewNodeHandler] INFO  pipeline.BackgroundPipelineCreator (BackgroundPipelineCreator.java:notifyEventTriggered(277)) - trigger a one-shot run on RatisPipelineUtilsThread.
2023-09-15 05:01:44,900 [RatisPipelineUtilsThread - 0] INFO  pipeline.RatisPipelineProvider (RatisPipelineProvider.java:lambda$create$0(206)) - Sending CreatePipelineCommand for pipeline:PipelineID=0280702e-c921-48d2-88bf-13677ebc315b to datanode:01e3e3a9-29b9-4c52-904d-7d79db62114f
2023-09-15 05:01:44,907 [RatisPipelineUtilsThread - 0] INFO  pipeline.BackgroundPipelineCreator (BackgroundPipelineCreator.java:createPipelines(233)) - Created new pipeline Pipeline[ Id: 0280702e-c921-48d2-88bf-13677ebc315b, Nodes: 01e3e3a9-29b9-4c52-904d-7d79db62114f(fv-az371-27.ipdn00qvwfrujbrcphh0gwusye.dx.internal.cloudapp.net/10.1.0.24), ReplicationConfig: RATIS/ONE, State:ALLOCATED, leaderId:, CreationTimestamp2023-09-15T05:01:44.900Z[Etc/UTC]]
2023-09-15 05:01:45,168 [main] INFO  ozone.MiniOzoneClusterImpl (MiniOzoneClusterImpl.java:lambda$waitForClusterToBeReady$0(224)) - Waiting for nodes to be ready. Got 5 of 10 DN Heartbeats.
2023-09-15 05:01:45,169 [main] INFO  ozone.MiniOzoneClusterImpl (MiniOzoneClusterImpl.java:lambda$waitForClusterToBeReady$0(227)) - Waiting for cluster to exit safe mode
2023-09-15 05:01:45,169 [main] INFO  ozone.MiniOzoneClusterImpl (MiniOzoneClusterImpl.java:lambda$waitForClusterToBeReady$0(229)) - SCM became leader
2023-09-15 05:01:45,203 [EndpointStateMachine task thread for /0.0.0.0:15002 - 0 ] INFO  utils.DatanodeStoreCache (DatanodeStoreCache.java:addDB(66)) - Added db /home/runner/work/ozone/ozone/hadoop-ozone/integration-test/target/test-dir/MiniOzoneClusterImpl-0a18362f-1832-4b81-b629-935968d04e12/datanode-9/data-0/containers/hdds/0a18362f-1832-4b81-b629-935968d04e12/DS-eee62388-9a8c-4c15-9e11-310c5b7959b4/container.db to cache
2023-09-15 05:01:45,203 [EndpointStateMachine task thread for /0.0.0.0:15002 - 0 ] INFO  volume.HddsVolume (HddsVolume.java:createDbStore(422)) - SchemaV3 db is created and loaded at /home/runner/work/ozone/ozone/hadoop-ozone/integration-test/target/test-dir/MiniOzoneClusterImpl-0a18362f-1832-4b81-b629-935968d04e12/datanode-9/data-0/containers/hdds/0a18362f-1832-4b81-b629-935968d04e12/DS-eee62388-9a8c-4c15-9e11-310c5b7959b4/container.db for volume DS-eee62388-9a8c-4c15-9e11-310c5b7959b4
2023-09-15 05:01:45,204 [EndpointStateMachine task thread for /0.0.0.0:15002 - 0 ] INFO  volume.ThrottledAsyncChecker (ThrottledAsyncChecker.java:schedule(141)) - Scheduling a check for /home/runner/work/ozone/ozone/hadoop-ozone/integration-test/target/test-dir/MiniOzoneClusterImpl-0a18362f-1832-4b81-b629-935968d04e12/datanode-9/data-0/containers/hdds
2023-09-15 05:01:45,205 [EndpointStateMachine task thread for /0.0.0.0:15002 - 0 ] INFO  volume.StorageVolumeChecker (StorageVolumeChecker.java:checkAllVolumes(213)) - Scheduled health check for volume /home/runner/work/ozone/ozone/hadoop-ozone/integration-test/target/test-dir/MiniOzoneClusterImpl-0a18362f-1832-4b81-b629-935968d04e12/datanode-9/data-0/containers/hdds
2023-09-15 05:01:45,208 [EndpointStateMachine task thread for /0.0.0.0:15002 - 0 ] INFO  volume.ThrottledAsyncChecker (ThrottledAsyncChecker.java:schedule(141)) - Scheduling a check for /home/runner/work/ozone/ozone/hadoop-ozone/integration-test/target/test-dir/MiniOzoneClusterImpl-0a18362f-1832-4b81-b629-935968d04e12/datanode-9/data/ratis
2023-09-15 05:01:45,208 [EndpointStateMachine task thread for /0.0.0.0:15002 - 0 ] INFO  volume.StorageVolumeChecker (StorageVolumeChecker.java:checkAllVolumes(213)) - Scheduled health check for volume /home/runner/work/ozone/ozone/hadoop-ozone/integration-test/target/test-dir/MiniOzoneClusterImpl-0a18362f-1832-4b81-b629-935968d04e12/datanode-9/data/ratis
2023-09-15 05:01:45,210 [EndpointStateMachine task thread for /0.0.0.0:15002 - 0 ] INFO  ozoneimpl.OzoneContainer (OzoneContainer.java:start(429)) - Attempting to start container services.
2023-09-15 05:01:45,210 [EndpointStateMachine task thread for /0.0.0.0:15002 - 0 ] INFO  ozoneimpl.OzoneContainer (OzoneContainer.java:startContainerScrub(325)) - Scheduled background container scanners and the on-demand container scanner have been disabled.
2023-09-15 05:01:45,211 [EndpointStateMachine task thread for /0.0.0.0:15002 - 0 ] INFO  replication.ReplicationServer (ReplicationServer.java:start(134)) - ReplicationServer is started using port 15097
2023-09-15 05:01:45,211 [EndpointStateMachine task thread for /0.0.0.0:15002 - 0 ] INFO  ratis.XceiverServerRatis (XceiverServerRatis.java:start(517)) - Starting XceiverServerRatis 578440bc-c25e-4c80-bfb5-6b6f6462e7c6
2023-09-15 05:01:45,211 [EndpointStateMachine task thread for /0.0.0.0:15002 - 0 ] INFO  server.RaftServer (RaftServerProxy.java:startImpl(400)) - 578440bc-c25e-4c80-bfb5-6b6f6462e7c6: start RPC server
2023-09-15 05:01:45,212 [EndpointStateMachine task thread for /0.0.0.0:15002 - 0 ] INFO  server.GrpcService (GrpcService.java:startImpl(302)) - 578440bc-c25e-4c80-bfb5-6b6f6462e7c6: GrpcService started, listening on 15093
2023-09-15 05:01:45,212 [EndpointStateMachine task thread for /0.0.0.0:15002 - 0 ] INFO  server.GrpcService (GrpcService.java:startImpl(302)) - 578440bc-c25e-4c80-bfb5-6b6f6462e7c6: GrpcService started, listening on 15095
2023-09-15 05:01:45,213 [EndpointStateMachine task thread for /0.0.0.0:15002 - 0 ] INFO  server.GrpcService (GrpcService.java:startImpl(302)) - 578440bc-c25e-4c80-bfb5-6b6f6462e7c6: GrpcService started, listening on 15094
2023-09-15 05:01:45,214 [EndpointStateMachine task thread for /0.0.0.0:15002 - 0 ] INFO  ratis.XceiverServerRatis (XceiverServerRatis.java:getRealPort(543)) - XceiverServerRatis 578440bc-c25e-4c80-bfb5-6b6f6462e7c6 is started using port 15093 for RATIS
2023-09-15 05:01:45,214 [EndpointStateMachine task thread for /0.0.0.0:15002 - 0 ] INFO  ratis.XceiverServerRatis (XceiverServerRatis.java:getRealPort(543)) - XceiverServerRatis 578440bc-c25e-4c80-bfb5-6b6f6462e7c6 is started using port 15094 for RATIS_ADMIN
2023-09-15 05:01:45,214 [EndpointStateMachine task thread for /0.0.0.0:15002 - 0 ] INFO  ratis.XceiverServerRatis (XceiverServerRatis.java:getRealPort(543)) - XceiverServerRatis 578440bc-c25e-4c80-bfb5-6b6f6462e7c6 is started using port 15095 for RATIS_SERVER
2023-09-15 05:01:45,214 [EndpointStateMachine task thread for /0.0.0.0:15002 - 0 ] INFO  ratis.XceiverServerRatis (XceiverServerRatis.java:getRealPort(543)) - XceiverServerRatis 578440bc-c25e-4c80-bfb5-6b6f6462e7c6 is started using port 15096 for RATIS_DATASTREAM
2023-09-15 05:01:45,214 [JvmPauseMonitor11] INFO  util.JvmPauseMonitor (JvmPauseMonitor.java:run(103)) - JvmPauseMonitor-578440bc-c25e-4c80-bfb5-6b6f6462e7c6: Started
2023-09-15 05:01:45,250 [BlockDeletingService#0] INFO  interfaces.ContainerDeletionChoosingPolicyTemplate (ContainerDeletionChoosingPolicyTemplate.java:chooseContainerForBlockDeletion(85)) - Chosen 0/5000 blocks from 0 candidate containers.
2023-09-15 05:01:45,366 [IPC Server handler 7 on default port 15002] INFO  net.NetworkTopologyImpl (NetworkTopologyImpl.java:add(112)) - Added a new node: /default-rack/ddd75f10-d1e9-4189-b9ef-e4896743935a
2023-09-15 05:01:45,367 [IPC Server handler 7 on default port 15002] INFO  node.SCMNodeManager (SCMNodeManager.java:register(405)) - Registered Data node : ddd75f10-d1e9-4189-b9ef-e4896743935a{ip: 10.1.0.24, host: fv-az371-27.ipdn00qvwfrujbrcphh0gwusye.dx.internal.cloudapp.net, ports: [HTTP=15054, CLIENT_RPC=15055, REPLICATION=15061, RATIS=15057, RATIS_ADMIN=15058, RATIS_SERVER=15059, RATIS_DATASTREAM=15060, STANDALONE=15056], networkLocation: /default-rack, certSerialId: null, persistedOpState: null, persistedOpStateExpiryEpochSec: 0}
2023-09-15 05:01:45,367 [EventQueue-NewNodeForNewNodeHandler] INFO  pipeline.BackgroundPipelineCreator (BackgroundPipelineCreator.java:notifyEventTriggered(277)) - trigger a one-shot run on RatisPipelineUtilsThread.
2023-09-15 05:01:45,367 [RatisPipelineUtilsThread - 0] INFO  pipeline.RatisPipelineProvider (RatisPipelineProvider.java:lambda$create$0(206)) - Sending CreatePipelineCommand for pipeline:PipelineID=0d493743-1714-4cdc-9ef2-b3001cf6da5a to datanode:ddd75f10-d1e9-4189-b9ef-e4896743935a
2023-09-15 05:01:45,371 [RatisPipelineUtilsThread - 0] INFO  pipeline.BackgroundPipelineCreator (BackgroundPipelineCreator.java:createPipelines(233)) - Created new pipeline Pipeline[ Id: 0d493743-1714-4cdc-9ef2-b3001cf6da5a, Nodes: ddd75f10-d1e9-4189-b9ef-e4896743935a(fv-az371-27.ipdn00qvwfrujbrcphh0gwusye.dx.internal.cloudapp.net/10.1.0.24), ReplicationConfig: RATIS/ONE, State:ALLOCATED, leaderId:, CreationTimestamp2023-09-15T05:01:45.367Z[Etc/UTC]]
2023-09-15 05:01:45,372 [RatisPipelineUtilsThread - 0] INFO  pipeline.RatisPipelineProvider (RatisPipelineProvider.java:lambda$create$0(206)) - Sending CreatePipelineCommand for pipeline:PipelineID=ed3cce30-e7bf-4ce3-80a3-8b57097445fe to datanode:ddd75f10-d1e9-4189-b9ef-e4896743935a
2023-09-15 05:01:45,372 [RatisPipelineUtilsThread - 0] INFO  pipeline.RatisPipelineProvider (RatisPipelineProvider.java:lambda$create$0(206)) - Sending CreatePipelineCommand for pipeline:PipelineID=ed3cce30-e7bf-4ce3-80a3-8b57097445fe to datanode:01e3e3a9-29b9-4c52-904d-7d79db62114f
2023-09-15 05:01:45,372 [RatisPipelineUtilsThread - 0] INFO  pipeline.RatisPipelineProvider (RatisPipelineProvider.java:lambda$create$0(206)) - Sending CreatePipelineCommand for pipeline:PipelineID=ed3cce30-e7bf-4ce3-80a3-8b57097445fe to datanode:0a6fa645-f909-40e7-9d0d-0c6da806ec87
2023-09-15 05:01:45,373 [RatisPipelineUtilsThread - 0] INFO  pipeline.BackgroundPipelineCreator (BackgroundPipelineCreator.java:createPipelines(233)) - Created new pipeline Pipeline[ Id: ed3cce30-e7bf-4ce3-80a3-8b57097445fe, Nodes: ddd75f10-d1e9-4189-b9ef-e4896743935a(fv-az371-27.ipdn00qvwfrujbrcphh0gwusye.dx.internal.cloudapp.net/10.1.0.24)01e3e3a9-29b9-4c52-904d-7d79db62114f(fv-az371-27.ipdn00qvwfrujbrcphh0gwusye.dx.internal.cloudapp.net/10.1.0.24)0a6fa645-f909-40e7-9d0d-0c6da806ec87(fv-az371-27.ipdn00qvwfrujbrcphh0gwusye.dx.internal.cloudapp.net/10.1.0.24), ReplicationConfig: RATIS/THREE, State:ALLOCATED, leaderId:, CreationTimestamp2023-09-15T05:01:45.372Z[Etc/UTC]]
2023-09-15 05:01:45,374 [RatisPipelineUtilsThread - 0] INFO  pipeline.RatisPipelineProvider (RatisPipelineProvider.java:lambda$create$0(206)) - Sending CreatePipelineCommand for pipeline:PipelineID=cb8f184f-730b-4bd6-b6c0-eb771131e1c7 to datanode:0a6fa645-f909-40e7-9d0d-0c6da806ec87
2023-09-15 05:01:45,374 [RatisPipelineUtilsThread - 0] INFO  pipeline.RatisPipelineProvider (RatisPipelineProvider.java:lambda$create$0(206)) - Sending CreatePipelineCommand for pipeline:PipelineID=cb8f184f-730b-4bd6-b6c0-eb771131e1c7 to datanode:ddd75f10-d1e9-4189-b9ef-e4896743935a
2023-09-15 05:01:45,375 [RatisPipelineUtilsThread - 0] INFO  pipeline.RatisPipelineProvider (RatisPipelineProvider.java:lambda$create$0(206)) - Sending CreatePipelineCommand for pipeline:PipelineID=cb8f184f-730b-4bd6-b6c0-eb771131e1c7 to datanode:01e3e3a9-29b9-4c52-904d-7d79db62114f
2023-09-15 05:01:45,376 [RatisPipelineUtilsThread - 0] INFO  pipeline.PipelineManagerImpl (PipelineManagerImpl.java:recordMetricsForPipeline(895)) - Pipeline: PipelineID=cb8f184f-730b-4bd6-b6c0-eb771131e1c7 contains same datanodes as previous pipelines: PipelineID=ed3cce30-e7bf-4ce3-80a3-8b57097445fe nodeIds: 0a6fa645-f909-40e7-9d0d-0c6da806ec87, ddd75f10-d1e9-4189-b9ef-e4896743935a, 01e3e3a9-29b9-4c52-904d-7d79db62114f
2023-09-15 05:01:45,376 [RatisPipelineUtilsThread - 0] INFO  pipeline.BackgroundPipelineCreator (BackgroundPipelineCreator.java:createPipelines(233)) - Created new pipeline Pipeline[ Id: cb8f184f-730b-4bd6-b6c0-eb771131e1c7, Nodes: 0a6fa645-f909-40e7-9d0d-0c6da806ec87(fv-az371-27.ipdn00qvwfrujbrcphh0gwusye.dx.internal.cloudapp.net/10.1.0.24)ddd75f10-d1e9-4189-b9ef-e4896743935a(fv-az371-27.ipdn00qvwfrujbrcphh0gwusye.dx.internal.cloudapp.net/10.1.0.24)01e3e3a9-29b9-4c52-904d-7d79db62114f(fv-az371-27.ipdn00qvwfrujbrcphh0gwusye.dx.internal.cloudapp.net/10.1.0.24), ReplicationConfig: RATIS/THREE, State:ALLOCATED, leaderId:, CreationTimestamp2023-09-15T05:01:45.374Z[Etc/UTC]]
2023-09-15 05:01:45,976 [IPC Server handler 15 on default port 15002] INFO  net.NetworkTopologyImpl (NetworkTopologyImpl.java:add(112)) - Added a new node: /default-rack/49835f94-14b4-44df-a6e0-f69154e42310
2023-09-15 05:01:45,977 [IPC Server handler 15 on default port 15002] INFO  node.SCMNodeManager (SCMNodeManager.java:register(405)) - Registered Data node : 49835f94-14b4-44df-a6e0-f69154e42310{ip: 10.1.0.24, host: fv-az371-27.ipdn00qvwfrujbrcphh0gwusye.dx.internal.cloudapp.net, ports: [HTTP=15063, CLIENT_RPC=15064, REPLICATION=15070, RATIS=15066, RATIS_ADMIN=15067, RATIS_SERVER=15068, RATIS_DATASTREAM=15069, STANDALONE=15065], networkLocation: /default-rack, certSerialId: null, persistedOpState: null, persistedOpStateExpiryEpochSec: 0}
2023-09-15 05:01:45,978 [EventQueue-NewNodeForNewNodeHandler] INFO  pipeline.BackgroundPipelineCreator (BackgroundPipelineCreator.java:notifyEventTriggered(277)) - trigger a one-shot run on RatisPipelineUtilsThread.
2023-09-15 05:01:45,979 [RatisPipelineUtilsThread - 0] INFO  pipeline.RatisPipelineProvider (RatisPipelineProvider.java:lambda$create$0(206)) - Sending CreatePipelineCommand for pipeline:PipelineID=54667523-c106-46cf-97e0-370fe6a9ca5d to datanode:49835f94-14b4-44df-a6e0-f69154e42310
2023-09-15 05:01:45,981 [RatisPipelineUtilsThread - 0] INFO  pipeline.BackgroundPipelineCreator (BackgroundPipelineCreator.java:createPipelines(233)) - Created new pipeline Pipeline[ Id: 54667523-c106-46cf-97e0-370fe6a9ca5d, Nodes: 49835f94-14b4-44df-a6e0-f69154e42310(fv-az371-27.ipdn00qvwfrujbrcphh0gwusye.dx.internal.cloudapp.net/10.1.0.24), ReplicationConfig: RATIS/ONE, State:ALLOCATED, leaderId:, CreationTimestamp2023-09-15T05:01:45.979Z[Etc/UTC]]
2023-09-15 05:01:46,169 [main] INFO  ozone.MiniOzoneClusterImpl (MiniOzoneClusterImpl.java:lambda$waitForClusterToBeReady$0(224)) - Waiting for nodes to be ready. Got 7 of 10 DN Heartbeats.
2023-09-15 05:01:46,170 [main] INFO  ozone.MiniOzoneClusterImpl (MiniOzoneClusterImpl.java:lambda$waitForClusterToBeReady$0(227)) - Waiting for cluster to exit safe mode
2023-09-15 05:01:46,170 [main] INFO  ozone.MiniOzoneClusterImpl (MiniOzoneClusterImpl.java:lambda$waitForClusterToBeReady$0(229)) - SCM became leader
2023-09-15 05:01:46,275 [PipelineCommandHandlerThread-0] INFO  server.RaftServer (RaftServerProxy.java:addNew(98)) - 3b898b8b-8841-452f-b538-8e8d26c8d287: addNew group-7A86A7CBBBC4:[3b898b8b-8841-452f-b538-8e8d26c8d287|rpc:10.1.0.24:15014|admin:10.1.0.24:15013|client:10.1.0.24:15012|dataStream:10.1.0.24:15015|priority:1|startupRole:FOLLOWER] returns group-7A86A7CBBBC4:java.util.concurrent.CompletableFuture@6f7309e5[Not completed]
2023-09-15 05:01:46,290 [3b898b8b-8841-452f-b538-8e8d26c8d287-groupManagement] INFO  server.RaftServer$Division (RaftServerImpl.java:<init>(198)) - 3b898b8b-8841-452f-b538-8e8d26c8d287: new RaftServerImpl for group-7A86A7CBBBC4:[3b898b8b-8841-452f-b538-8e8d26c8d287|rpc:10.1.0.24:15014|admin:10.1.0.24:15013|client:10.1.0.24:15012|dataStream:10.1.0.24:15015|priority:1|startupRole:FOLLOWER] with ContainerStateMachine:uninitialized
2023-09-15 05:01:46,290 [3b898b8b-8841-452f-b538-8e8d26c8d287-groupManagement] INFO  server.RaftServerConfigKeys (ConfUtils.java:logGet(46)) - raft.server.rpc.timeout.min = 5s (custom)
2023-09-15 05:01:46,290 [3b898b8b-8841-452f-b538-8e8d26c8d287-groupManagement] INFO  server.RaftServerConfigKeys (ConfUtils.java:logGet(46)) - raft.server.rpc.timeout.max = 5200ms (custom)
2023-09-15 05:01:46,290 [3b898b8b-8841-452f-b538-8e8d26c8d287-groupManagement] INFO  server.RaftServerConfigKeys (ConfUtils.java:logGet(46)) - raft.server.rpc.sleep.time = 25ms (default)
2023-09-15 05:01:46,291 [3b898b8b-8841-452f-b538-8e8d26c8d287-groupManagement] INFO  server.RaftServerConfigKeys (ConfUtils.java:logGet(46)) - raft.server.rpc.slowness.timeout = 300s (custom)
2023-09-15 05:01:46,291 [3b898b8b-8841-452f-b538-8e8d26c8d287-groupManagement] INFO  server.RaftServerConfigKeys (ConfUtils.java:logGet(46)) - raft.server.leaderelection.leader.step-down.wait-time = 10s (default)
2023-09-15 05:01:46,291 [3b898b8b-8841-452f-b538-8e8d26c8d287-groupManagement] INFO  server.RaftServerConfigKeys (ConfUtils.java:logGet(46)) - raft.server.sleep.deviation.threshold = 300ms (default)
2023-09-15 05:01:46,291 [3b898b8b-8841-452f-b538-8e8d26c8d287-groupManagement] INFO  server.RaftServer$Division (ServerState.java:<init>(120)) - 3b898b8b-8841-452f-b538-8e8d26c8d287@group-7A86A7CBBBC4: ConfigurationManager, init=-1: peers:[3b898b8b-8841-452f-b538-8e8d26c8d287|rpc:10.1.0.24:15014|admin:10.1.0.24:15013|client:10.1.0.24:15012|dataStream:10.1.0.24:15015|priority:1|startupRole:FOLLOWER]|listeners:[], old=null, confs=<EMPTY_MAP>
2023-09-15 05:01:46,291 [3b898b8b-8841-452f-b538-8e8d26c8d287-groupManagement] INFO  server.RaftServerConfigKeys (ConfUtils.java:logGet(46)) - raft.server.storage.dir = [/home/runner/work/ozone/ozone/hadoop-ozone/integration-test/target/test-dir/MiniOzoneClusterImpl-0a18362f-1832-4b81-b629-935968d04e12/datanode-0/data/ratis] (custom)
2023-09-15 05:01:46,291 [3b898b8b-8841-452f-b538-8e8d26c8d287-groupManagement] INFO  server.RaftServerConfigKeys (ConfUtils.java:logGet(46)) - raft.server.log.corruption.policy = EXCEPTION (default)
2023-09-15 05:01:46,291 [3b898b8b-8841-452f-b538-8e8d26c8d287-groupManagement] INFO  server.RaftServerConfigKeys (ConfUtils.java:logGet(46)) - raft.server.storage.free-space.min = 0MB (=0) (default)
2023-09-15 05:01:46,291 [3b898b8b-8841-452f-b538-8e8d26c8d287-groupManagement] INFO  server.RaftServerConfigKeys (ConfUtils.java:logGet(46)) - raft.server.notification.no-leader.timeout = 300s (custom)
2023-09-15 05:01:46,292 [3b898b8b-8841-452f-b538-8e8d26c8d287-groupManagement] INFO  server.RaftServerConfigKeys (ConfUtils.java:logGet(46)) - raft.server.read.timeout = 10s (default)
2023-09-15 05:01:46,292 [3b898b8b-8841-452f-b538-8e8d26c8d287-groupManagement] INFO  server.RaftServerConfigKeys (ConfUtils.java:logGet(46)) - raft.server.retrycache.expirytime = 600000ms (custom)
2023-09-15 05:01:46,292 [3b898b8b-8841-452f-b538-8e8d26c8d287-groupManagement] INFO  server.RaftServerConfigKeys (ConfUtils.java:logGet(46)) - raft.server.retrycache.statistics.expirytime = 100μs (default)
2023-09-15 05:01:46,292 [3b898b8b-8841-452f-b538-8e8d26c8d287-groupManagement] INFO  server.RaftServerConfigKeys (ConfUtils.java:logGet(46)) - raft.server.read.option = DEFAULT (default)
2023-09-15 05:01:46,299 [3b898b8b-8841-452f-b538-8e8d26c8d287-groupManagement] INFO  server.RaftServerConfigKeys (ConfUtils.java:logGet(46)) - raft.server.rpc.request.timeout = 60s (custom)
2023-09-15 05:01:46,299 [3b898b8b-8841-452f-b538-8e8d26c8d287-groupManagement] INFO  server.RaftServerConfigKeys (ConfUtils.java:logGet(46)) - raft.server.log.appender.install.snapshot.enabled = false (custom)
2023-09-15 05:01:46,299 [3b898b8b-8841-452f-b538-8e8d26c8d287-groupManagement] INFO  server.RaftServerConfigKeys (ConfUtils.java:logGet(46)) - raft.server.threadpool.server.cached = true (default)
2023-09-15 05:01:46,299 [3b898b8b-8841-452f-b538-8e8d26c8d287-groupManagement] INFO  server.RaftServerConfigKeys (ConfUtils.java:logGet(46)) - raft.server.threadpool.server.size = 0 (default)
2023-09-15 05:01:46,299 [3b898b8b-8841-452f-b538-8e8d26c8d287-groupManagement] INFO  server.RaftServerConfigKeys (ConfUtils.java:logGet(46)) - raft.server.threadpool.client.cached = true (default)
2023-09-15 05:01:46,300 [3b898b8b-8841-452f-b538-8e8d26c8d287-groupManagement] INFO  server.RaftServerConfigKeys (ConfUtils.java:logGet(46)) - raft.server.threadpool.client.size = 0 (default)
2023-09-15 05:01:46,300 [3b898b8b-8841-452f-b538-8e8d26c8d287-groupManagement] INFO  storage.RaftStorageDirectory (RaftStorageDirectoryImpl.java:analyzeStorage(137)) - The storage directory /home/runner/work/ozone/ozone/hadoop-ozone/integration-test/target/test-dir/MiniOzoneClusterImpl-0a18362f-1832-4b81-b629-935968d04e12/datanode-0/data/ratis/5c1996a5-cec9-4532-a56d-7a86a7cbbbc4 does not exist. Creating ...
2023-09-15 05:01:46,302 [3b898b8b-8841-452f-b538-8e8d26c8d287-groupManagement] INFO  storage.RaftStorageDirectory (RaftStorageDirectoryImpl.java:tryLock(231)) - Lock on /home/runner/work/ozone/ozone/hadoop-ozone/integration-test/target/test-dir/MiniOzoneClusterImpl-0a18362f-1832-4b81-b629-935968d04e12/datanode-0/data/ratis/5c1996a5-cec9-4532-a56d-7a86a7cbbbc4/in_use.lock acquired by nodename 87703@fv-az371-27
2023-09-15 05:01:46,305 [3b898b8b-8841-452f-b538-8e8d26c8d287-groupManagement] INFO  storage.RaftStorage (RaftStorageImpl.java:format(96)) - Storage directory /home/runner/work/ozone/ozone/hadoop-ozone/integration-test/target/test-dir/MiniOzoneClusterImpl-0a18362f-1832-4b81-b629-935968d04e12/datanode-0/data/ratis/5c1996a5-cec9-4532-a56d-7a86a7cbbbc4 has been successfully formatted.
2023-09-15 05:01:46,310 [3b898b8b-8841-452f-b538-8e8d26c8d287-groupManagement] INFO  ratis.ContainerStateMachine (ContainerStateMachine.java:loadSnapshot(262)) - group-7A86A7CBBBC4: The snapshot info is null. Setting the last applied indexto:(t:0, i:~)
2023-09-15 05:01:46,311 [3b898b8b-8841-452f-b538-8e8d26c8d287-groupManagement] INFO  server.RaftServerConfigKeys (ConfUtils.java:logGet(46)) - raft.server.log.use.memory = false (default)
2023-09-15 05:01:46,311 [3b898b8b-8841-452f-b538-8e8d26c8d287-groupManagement] INFO  server.RaftServerConfigKeys (ConfUtils.java:logGet(46)) - raft.server.log.purge.gap = 1000000 (custom)
2023-09-15 05:01:46,311 [3b898b8b-8841-452f-b538-8e8d26c8d287-groupManagement] INFO  server.RaftServerConfigKeys (ConfUtils.java:logGet(46)) - raft.server.log.appender.buffer.byte-limit = 33554432 (custom)
2023-09-15 05:01:46,311 [3b898b8b-8841-452f-b538-8e8d26c8d287-groupManagement] INFO  server.RaftServerConfigKeys (ConfUtils.java:logGet(46)) - raft.server.log.statemachine.data.read.timeout = 1000ms (default)
2023-09-15 05:01:46,311 [3b898b8b-8841-452f-b538-8e8d26c8d287-groupManagement] INFO  server.RaftServerConfigKeys (ConfUtils.java:logGet(46)) - raft.server.log.purge.preservation.log.num = 0 (default)
2023-09-15 05:01:46,311 [3b898b8b-8841-452f-b538-8e8d26c8d287-groupManagement] INFO  server.RaftServerConfigKeys (ConfUtils.java:logGet(46)) - raft.server.log.segment.size.max = 1048576 (custom)
2023-09-15 05:01:46,313 [3b898b8b-8841-452f-b538-8e8d26c8d287-groupManagement] INFO  server.RaftServerConfigKeys (ConfUtils.java:logGet(46)) - raft.server.log.segment.cache.num.max = 2 (custom)
2023-09-15 05:01:46,313 [3b898b8b-8841-452f-b538-8e8d26c8d287-groupManagement] INFO  server.RaftServerConfigKeys (ConfUtils.java:logGet(46)) - raft.server.log.segment.cache.size.max = 200MB (=209715200) (default)
2023-09-15 05:01:46,315 [3b898b8b-8841-452f-b538-8e8d26c8d287-groupManagement] INFO  server.RaftServerConfigKeys (ConfUtils.java:logGet(46)) - raft.server.log.appender.buffer.byte-limit = 33554432 (custom)
2023-09-15 05:01:46,315 [3b898b8b-8841-452f-b538-8e8d26c8d287-groupManagement] INFO  segmented.SegmentedRaftLogWorker (SegmentedRaftLogWorker.java:<init>(188)) - new 3b898b8b-8841-452f-b538-8e8d26c8d287@group-7A86A7CBBBC4-SegmentedRaftLogWorker for RaftStorageImpl:Storage Directory /home/runner/work/ozone/ozone/hadoop-ozone/integration-test/target/test-dir/MiniOzoneClusterImpl-0a18362f-1832-4b81-b629-935968d04e12/datanode-0/data/ratis/5c1996a5-cec9-4532-a56d-7a86a7cbbbc4
2023-09-15 05:01:46,315 [3b898b8b-8841-452f-b538-8e8d26c8d287-groupManagement] INFO  server.RaftServerConfigKeys (ConfUtils.java:logGet(46)) - raft.server.log.queue.byte-limit = 4294967296 (custom)
2023-09-15 05:01:46,315 [3b898b8b-8841-452f-b538-8e8d26c8d287-groupManagement] INFO  server.RaftServerConfigKeys (ConfUtils.java:logGet(46)) - raft.server.log.queue.element-limit = 1024 (custom)
2023-09-15 05:01:46,315 [3b898b8b-8841-452f-b538-8e8d26c8d287-groupManagement] INFO  server.RaftServerConfigKeys (ConfUtils.java:logGet(46)) - raft.server.log.segment.size.max = 1048576 (custom)
2023-09-15 05:01:46,315 [3b898b8b-8841-452f-b538-8e8d26c8d287-groupManagement] INFO  server.RaftServerConfigKeys (ConfUtils.java:logGet(46)) - raft.server.log.preallocated.size = 16384 (custom)
2023-09-15 05:01:46,315 [3b898b8b-8841-452f-b538-8e8d26c8d287-groupManagement] INFO  server.RaftServerConfigKeys (ConfUtils.java:logGet(46)) - raft.server.log.force.sync.num = 128 (default)
2023-09-15 05:01:46,315 [3b898b8b-8841-452f-b538-8e8d26c8d287-groupManagement] INFO  server.RaftServerConfigKeys (ConfUtils.java:logGet(46)) - raft.server.log.statemachine.data.sync = true (default)
2023-09-15 05:01:46,315 [3b898b8b-8841-452f-b538-8e8d26c8d287-groupManagement] INFO  server.RaftServerConfigKeys (ConfUtils.java:logGet(46)) - raft.server.log.statemachine.data.sync.timeout = 10s (default)
2023-09-15 05:01:46,315 [3b898b8b-8841-452f-b538-8e8d26c8d287-groupManagement] INFO  server.RaftServerConfigKeys (ConfUtils.java:logGet(46)) - raft.server.log.statemachine.data.sync.timeout.retry = -1 (default)
2023-09-15 05:01:46,319 [3b898b8b-8841-452f-b538-8e8d26c8d287-groupManagement] INFO  server.RaftServerConfigKeys (ConfUtils.java:logGet(46)) - raft.server.log.write.buffer.size = 1048576 (custom)
2023-09-15 05:01:46,322 [3b898b8b-8841-452f-b538-8e8d26c8d287-groupManagement] INFO  server.RaftServerConfigKeys (ConfUtils.java:logGet(46)) - raft.server.log.appender.buffer.byte-limit = 33554432 (custom)
2023-09-15 05:01:46,337 [3b898b8b-8841-452f-b538-8e8d26c8d287-groupManagement] INFO  server.RaftServerConfigKeys (ConfUtils.java:logGet(46)) - raft.server.log.unsafe-flush.enabled = false (default)
2023-09-15 05:01:46,337 [3b898b8b-8841-452f-b538-8e8d26c8d287-groupManagement] INFO  server.RaftServerConfigKeys (ConfUtils.java:logGet(46)) - raft.server.log.async-flush.enabled = false (default)
2023-09-15 05:01:46,337 [3b898b8b-8841-452f-b538-8e8d26c8d287-groupManagement] INFO  server.RaftServerConfigKeys (ConfUtils.java:logGet(46)) - raft.server.log.statemachine.data.caching.enabled = true (custom)
2023-09-15 05:01:46,337 [3b898b8b-8841-452f-b538-8e8d26c8d287-groupManagement] INFO  segmented.SegmentedRaftLogWorker (SegmentedRaftLogWorker.java:lambda$new$0(135)) - 3b898b8b-8841-452f-b538-8e8d26c8d287@group-7A86A7CBBBC4-SegmentedRaftLogWorker: flushIndex: setUnconditionally 0 -> -1
2023-09-15 05:01:46,338 [3b898b8b-8841-452f-b538-8e8d26c8d287-groupManagement] INFO  segmented.SegmentedRaftLogWorker (SegmentedRaftLogWorker.java:lambda$new$0(135)) - 3b898b8b-8841-452f-b538-8e8d26c8d287@group-7A86A7CBBBC4-SegmentedRaftLogWorker: safeCacheEvictIndex: setUnconditionally 0 -> -1
2023-09-15 05:01:46,338 [EventQueue-PipelineReportForPipelineReportHandler] INFO  pipeline.PipelineReportHandler (PipelineReportHandler.java:processPipelineReport(136)) - Opened pipeline PipelineID=5c1996a5-cec9-4532-a56d-7a86a7cbbbc4
2023-09-15 05:01:46,339 [3b898b8b-8841-452f-b538-8e8d26c8d287-groupManagement] INFO  server.RaftServer$Division (RaftServerImpl.java:start(342)) - 3b898b8b-8841-452f-b538-8e8d26c8d287@group-7A86A7CBBBC4: start as a follower, conf=-1: peers:[3b898b8b-8841-452f-b538-8e8d26c8d287|rpc:10.1.0.24:15014|admin:10.1.0.24:15013|client:10.1.0.24:15012|dataStream:10.1.0.24:15015|priority:1|startupRole:FOLLOWER]|listeners:[], old=null
2023-09-15 05:01:46,339 [3b898b8b-8841-452f-b538-8e8d26c8d287-groupManagement] INFO  server.RaftServer$Division (RaftServerImpl.java:setRole(329)) - 3b898b8b-8841-452f-b538-8e8d26c8d287@group-7A86A7CBBBC4: changes role from      null to FOLLOWER at term 0 for startAsFollower
2023-09-15 05:01:46,339 [3b898b8b-8841-452f-b538-8e8d26c8d287-groupManagement] INFO  impl.RoleInfo (RoleInfo.java:updateAndGet(139)) - 3b898b8b-8841-452f-b538-8e8d26c8d287: start 3b898b8b-8841-452f-b538-8e8d26c8d287@group-7A86A7CBBBC4-FollowerState
2023-09-15 05:01:46,341 [3b898b8b-8841-452f-b538-8e8d26c8d287-groupManagement] INFO  util.JmxRegister (JmxRegister.java:tryRegister(44)) - Successfully registered JMX Bean with object name Ratis:service=RaftServer,group=group-7A86A7CBBBC4,id=3b898b8b-8841-452f-b538-8e8d26c8d287
2023-09-15 05:01:46,341 [3b898b8b-8841-452f-b538-8e8d26c8d287-groupManagement] INFO  server.RaftServerConfigKeys (ConfUtils.java:logGet(46)) - raft.server.snapshot.auto.trigger.enabled = true (custom)
2023-09-15 05:01:46,341 [3b898b8b-8841-452f-b538-8e8d26c8d287-groupManagement] INFO  server.RaftServerConfigKeys (ConfUtils.java:logGet(46)) - raft.server.snapshot.auto.trigger.threshold = 10000 (custom)
2023-09-15 05:01:46,341 [3b898b8b-8841-452f-b538-8e8d26c8d287-groupManagement] INFO  server.RaftServerConfigKeys (ConfUtils.java:logGet(46)) - raft.server.snapshot.retention.file.num = 5 (custom)
2023-09-15 05:01:46,341 [3b898b8b-8841-452f-b538-8e8d26c8d287-groupManagement] INFO  server.RaftServerConfigKeys (ConfUtils.java:logGet(46)) - raft.server.log.purge.upto.snapshot.index = false (default)
2023-09-15 05:01:46,343 [3b898b8b-8841-452f-b538-8e8d26c8d287@group-7A86A7CBBBC4-FollowerState] INFO  server.RaftServerConfigKeys (ConfUtils.java:logFallback(53)) - raft.server.rpc.first-election.timeout.min = 5s (fallback to raft.server.rpc.timeout.min)
2023-09-15 05:01:46,343 [3b898b8b-8841-452f-b538-8e8d26c8d287@group-7A86A7CBBBC4-FollowerState] INFO  server.RaftServerConfigKeys (ConfUtils.java:logFallback(53)) - raft.server.rpc.first-election.timeout.max = 5200ms (fallback to raft.server.rpc.timeout.max)
2023-09-15 05:01:46,359 [PipelineCommandHandlerThread-0] INFO  ratis.XceiverServerRatis (XceiverServerRatis.java:addGroup(804)) - Created group PipelineID=5c1996a5-cec9-4532-a56d-7a86a7cbbbc4
2023-09-15 05:01:46,359 [PipelineCommandHandlerThread-0] INFO  commandhandler.CreatePipelineCommandHandler (CreatePipelineCommandHandler.java:lambda$handle$2(124)) - Created Pipeline RATIS ONE PipelineID=5c1996a5-cec9-4532-a56d-7a86a7cbbbc4.
2023-09-15 05:01:46,360 [PipelineCommandHandlerThread-0] INFO  server.RaftServer (RaftServerProxy.java:addNew(98)) - 3b898b8b-8841-452f-b538-8e8d26c8d287: addNew group-88A1B8300E3C:[dd1e58ff-ca4a-47cb-ae71-8fc517aad200|rpc:10.1.0.24:15023|admin:10.1.0.24:15022|client:10.1.0.24:15021|dataStream:10.1.0.24:15024|priority:0|startupRole:FOLLOWER, 3b898b8b-8841-452f-b538-8e8d26c8d287|rpc:10.1.0.24:15014|admin:10.1.0.24:15013|client:10.1.0.24:15012|dataStream:10.1.0.24:15015|priority:1|startupRole:FOLLOWER, 729f921e-514b-472d-a5a3-7d6b9d90aa28|rpc:10.1.0.24:15032|admin:10.1.0.24:15031|client:10.1.0.24:15030|dataStream:10.1.0.24:15033|priority:0|startupRole:FOLLOWER] returns group-88A1B8300E3C:java.util.concurrent.CompletableFuture@215a0c07[Not completed]
2023-09-15 05:01:46,361 [EventQueue-OpenPipelineForHealthyPipelineSafeModeRule] INFO  safemode.SCMSafeModeManager (HealthyPipelineSafeModeRule.java:process(137)) - SCM in safe mode. Healthy pipelines reported count is 0, required healthy pipeline reported count is 1
2023-09-15 05:01:46,365 [3b898b8b-8841-452f-b538-8e8d26c8d287-groupManagement] INFO  server.RaftServer$Division (RaftServerImpl.java:<init>(198)) - 3b898b8b-8841-452f-b538-8e8d26c8d287: new RaftServerImpl for group-88A1B8300E3C:[dd1e58ff-ca4a-47cb-ae71-8fc517aad200|rpc:10.1.0.24:15023|admin:10.1.0.24:15022|client:10.1.0.24:15021|dataStream:10.1.0.24:15024|priority:0|startupRole:FOLLOWER, 3b898b8b-8841-452f-b538-8e8d26c8d287|rpc:10.1.0.24:15014|admin:10.1.0.24:15013|client:10.1.0.24:15012|dataStream:10.1.0.24:15015|priority:1|startupRole:FOLLOWER, 729f921e-514b-472d-a5a3-7d6b9d90aa28|rpc:10.1.0.24:15032|admin:10.1.0.24:15031|client:10.1.0.24:15030|dataStream:10.1.0.24:15033|priority:0|startupRole:FOLLOWER] with ContainerStateMachine:uninitialized
2023-09-15 05:01:46,366 [3b898b8b-8841-452f-b538-8e8d26c8d287-groupManagement] INFO  server.RaftServerConfigKeys (ConfUtils.java:logGet(46)) - raft.server.rpc.timeout.min = 5s (custom)
2023-09-15 05:01:46,366 [3b898b8b-8841-452f-b538-8e8d26c8d287-groupManagement] INFO  server.RaftServerConfigKeys (ConfUtils.java:logGet(46)) - raft.server.rpc.timeout.max = 5200ms (custom)
2023-09-15 05:01:46,366 [3b898b8b-8841-452f-b538-8e8d26c8d287-groupManagement] INFO  server.RaftServerConfigKeys (ConfUtils.java:logGet(46)) - raft.server.rpc.sleep.time = 25ms (default)
2023-09-15 05:01:46,366 [3b898b8b-8841-452f-b538-8e8d26c8d287-groupManagement] INFO  server.RaftServerConfigKeys (ConfUtils.java:logGet(46)) - raft.server.rpc.slowness.timeout = 300s (custom)
2023-09-15 05:01:46,366 [3b898b8b-8841-452f-b538-8e8d26c8d287-groupManagement] INFO  server.RaftServerConfigKeys (ConfUtils.java:logGet(46)) - raft.server.leaderelection.leader.step-down.wait-time = 10s (default)
2023-09-15 05:01:46,366 [3b898b8b-8841-452f-b538-8e8d26c8d287-groupManagement] INFO  server.RaftServerConfigKeys (ConfUtils.java:logGet(46)) - raft.server.sleep.deviation.threshold = 300ms (default)
2023-09-15 05:01:46,366 [3b898b8b-8841-452f-b538-8e8d26c8d287-groupManagement] INFO  server.RaftServer$Division (ServerState.java:<init>(120)) - 3b898b8b-8841-452f-b538-8e8d26c8d287@group-88A1B8300E3C: ConfigurationManager, init=-1: peers:[dd1e58ff-ca4a-47cb-ae71-8fc517aad200|rpc:10.1.0.24:15023|admin:10.1.0.24:15022|client:10.1.0.24:15021|dataStream:10.1.0.24:15024|priority:0|startupRole:FOLLOWER, 3b898b8b-8841-452f-b538-8e8d26c8d287|rpc:10.1.0.24:15014|admin:10.1.0.24:15013|client:10.1.0.24:15012|dataStream:10.1.0.24:15015|priority:1|startupRole:FOLLOWER, 729f921e-514b-472d-a5a3-7d6b9d90aa28|rpc:10.1.0.24:15032|admin:10.1.0.24:15031|client:10.1.0.24:15030|dataStream:10.1.0.24:15033|priority:0|startupRole:FOLLOWER]|listeners:[], old=null, confs=<EMPTY_MAP>
2023-09-15 05:01:46,366 [3b898b8b-8841-452f-b538-8e8d26c8d287-groupManagement] INFO  server.RaftServerConfigKeys (ConfUtils.java:logGet(46)) - raft.server.storage.dir = [/home/runner/work/ozone/ozone/hadoop-ozone/integration-test/target/test-dir/MiniOzoneClusterImpl-0a18362f-1832-4b81-b629-935968d04e12/datanode-0/data/ratis] (custom)
2023-09-15 05:01:46,367 [3b898b8b-8841-452f-b538-8e8d26c8d287-groupManagement] INFO  server.RaftServerConfigKeys (ConfUtils.java:logGet(46)) - raft.server.log.corruption.policy = EXCEPTION (default)
2023-09-15 05:01:46,367 [3b898b8b-8841-452f-b538-8e8d26c8d287-groupManagement] INFO  server.RaftServerConfigKeys (ConfUtils.java:logGet(46)) - raft.server.storage.free-space.min = 0MB (=0) (default)
2023-09-15 05:01:46,367 [3b898b8b-8841-452f-b538-8e8d26c8d287-groupManagement] INFO  server.RaftServerConfigKeys (ConfUtils.java:logGet(46)) - raft.server.notification.no-leader.timeout = 300s (custom)
2023-09-15 05:01:46,367 [3b898b8b-8841-452f-b538-8e8d26c8d287-groupManagement] INFO  server.RaftServerConfigKeys (ConfUtils.java:logGet(46)) - raft.server.read.timeout = 10s (default)
2023-09-15 05:01:46,367 [3b898b8b-8841-452f-b538-8e8d26c8d287-groupManagement] INFO  server.RaftServerConfigKeys (ConfUtils.java:logGet(46)) - raft.server.retrycache.expirytime = 600000ms (custom)
2023-09-15 05:01:46,367 [3b898b8b-8841-452f-b538-8e8d26c8d287-groupManagement] INFO  server.RaftServerConfigKeys (ConfUtils.java:logGet(46)) - raft.server.retrycache.statistics.expirytime = 100μs (default)
2023-09-15 05:01:46,367 [3b898b8b-8841-452f-b538-8e8d26c8d287-groupManagement] INFO  server.RaftServerConfigKeys (ConfUtils.java:logGet(46)) - raft.server.read.option = DEFAULT (default)
2023-09-15 05:01:46,374 [IPC Server handler 6 on default port 15002] INFO  net.NetworkTopologyImpl (NetworkTopologyImpl.java:add(112)) - Added a new node: /default-rack/386b2284-1126-4572-992a-9634c883c70a
2023-09-15 05:01:46,376 [IPC Server handler 6 on default port 15002] INFO  node.SCMNodeManager (SCMNodeManager.java:register(405)) - Registered Data node : 386b2284-1126-4572-992a-9634c883c70a{ip: 10.1.0.24, host: fv-az371-27.ipdn00qvwfrujbrcphh0gwusye.dx.internal.cloudapp.net, ports: [HTTP=15072, CLIENT_RPC=15073, REPLICATION=15079, RATIS=15075, RATIS_ADMIN=15076, RATIS_SERVER=15077, RATIS_DATASTREAM=15078, STANDALONE=15074], networkLocation: /default-rack, certSerialId: null, persistedOpState: null, persistedOpStateExpiryEpochSec: 0}
2023-09-15 05:01:46,378 [EventQueue-NewNodeForNewNodeHandler] INFO  pipeline.BackgroundPipelineCreator (BackgroundPipelineCreator.java:notifyEventTriggered(277)) - trigger a one-shot run on RatisPipelineUtilsThread.
2023-09-15 05:01:46,378 [RatisPipelineUtilsThread - 0] INFO  pipeline.RatisPipelineProvider (RatisPipelineProvider.java:lambda$create$0(206)) - Sending CreatePipelineCommand for pipeline:PipelineID=231ec847-5fe8-4206-b182-2173b2354f71 to datanode:386b2284-1126-4572-992a-9634c883c70a
2023-09-15 05:01:46,380 [RatisPipelineUtilsThread - 0] INFO  pipeline.BackgroundPipelineCreator (BackgroundPipelineCreator.java:createPipelines(233)) - Created new pipeline Pipeline[ Id: 231ec847-5fe8-4206-b182-2173b2354f71, Nodes: 386b2284-1126-4572-992a-9634c883c70a(fv-az371-27.ipdn00qvwfrujbrcphh0gwusye.dx.internal.cloudapp.net/10.1.0.24), ReplicationConfig: RATIS/ONE, State:ALLOCATED, leaderId:, CreationTimestamp2023-09-15T05:01:46.378Z[Etc/UTC]]
2023-09-15 05:01:46,382 [3b898b8b-8841-452f-b538-8e8d26c8d287-groupManagement] INFO  server.RaftServerConfigKeys (ConfUtils.java:logGet(46)) - raft.server.rpc.request.timeout = 60s (custom)
2023-09-15 05:01:46,382 [3b898b8b-8841-452f-b538-8e8d26c8d287-groupManagement] INFO  server.RaftServerConfigKeys (ConfUtils.java:logGet(46)) - raft.server.log.appender.install.snapshot.enabled = false (custom)
2023-09-15 05:01:46,382 [3b898b8b-8841-452f-b538-8e8d26c8d287-groupManagement] INFO  server.RaftServerConfigKeys (ConfUtils.java:logGet(46)) - raft.server.threadpool.server.cached = true (default)
2023-09-15 05:01:46,382 [3b898b8b-8841-452f-b538-8e8d26c8d287-groupManagement] INFO  server.RaftServerConfigKeys (ConfUtils.java:logGet(46)) - raft.server.threadpool.server.size = 0 (default)
2023-09-15 05:01:46,382 [3b898b8b-8841-452f-b538-8e8d26c8d287-groupManagement] INFO  server.RaftServerConfigKeys (ConfUtils.java:logGet(46)) - raft.server.threadpool.client.cached = true (default)
2023-09-15 05:01:46,382 [3b898b8b-8841-452f-b538-8e8d26c8d287-groupManagement] INFO  server.RaftServerConfigKeys (ConfUtils.java:logGet(46)) - raft.server.threadpool.client.size = 0 (default)
2023-09-15 05:01:46,382 [3b898b8b-8841-452f-b538-8e8d26c8d287-groupManagement] INFO  storage.RaftStorageDirectory (RaftStorageDirectoryImpl.java:analyzeStorage(137)) - The storage directory /home/runner/work/ozone/ozone/hadoop-ozone/integration-test/target/test-dir/MiniOzoneClusterImpl-0a18362f-1832-4b81-b629-935968d04e12/datanode-0/data/ratis/80467dae-107b-4dcd-be89-88a1b8300e3c does not exist. Creating ...
2023-09-15 05:01:46,384 [3b898b8b-8841-452f-b538-8e8d26c8d287-groupManagement] INFO  storage.RaftStorageDirectory (RaftStorageDirectoryImpl.java:tryLock(231)) - Lock on /home/runner/work/ozone/ozone/hadoop-ozone/integration-test/target/test-dir/MiniOzoneClusterImpl-0a18362f-1832-4b81-b629-935968d04e12/datanode-0/data/ratis/80467dae-107b-4dcd-be89-88a1b8300e3c/in_use.lock acquired by nodename 87703@fv-az371-27
2023-09-15 05:01:46,385 [3b898b8b-8841-452f-b538-8e8d26c8d287-groupManagement] INFO  storage.RaftStorage (RaftStorageImpl.java:format(96)) - Storage directory /home/runner/work/ozone/ozone/hadoop-ozone/integration-test/target/test-dir/MiniOzoneClusterImpl-0a18362f-1832-4b81-b629-935968d04e12/datanode-0/data/ratis/80467dae-107b-4dcd-be89-88a1b8300e3c has been successfully formatted.
2023-09-15 05:01:46,388 [EventQueue-OpenPipelineForHealthyPipelineSafeModeRule] INFO  safemode.SCMSafeModeManager (HealthyPipelineSafeModeRule.java:process(137)) - SCM in safe mode. Healthy pipelines reported count is 0, required healthy pipeline reported count is 1
2023-09-15 05:01:46,388 [3b898b8b-8841-452f-b538-8e8d26c8d287-groupManagement] INFO  ratis.ContainerStateMachine (ContainerStateMachine.java:loadSnapshot(262)) - group-88A1B8300E3C: The snapshot info is null. Setting the last applied indexto:(t:0, i:~)
2023-09-15 05:01:46,388 [3b898b8b-8841-452f-b538-8e8d26c8d287-groupManagement] INFO  server.RaftServerConfigKeys (ConfUtils.java:logGet(46)) - raft.server.log.use.memory = false (default)
2023-09-15 05:01:46,388 [3b898b8b-8841-452f-b538-8e8d26c8d287-groupManagement] INFO  server.RaftServerConfigKeys (ConfUtils.java:logGet(46)) - raft.server.log.purge.gap = 1000000 (custom)
2023-09-15 05:01:46,388 [3b898b8b-8841-452f-b538-8e8d26c8d287-groupManagement] INFO  server.RaftServerConfigKeys (ConfUtils.java:logGet(46)) - raft.server.log.appender.buffer.byte-limit = 33554432 (custom)
2023-09-15 05:01:46,388 [3b898b8b-8841-452f-b538-8e8d26c8d287-groupManagement] INFO  server.RaftServerConfigKeys (ConfUtils.java:logGet(46)) - raft.server.log.statemachine.data.read.timeout = 1000ms (default)
2023-09-15 05:01:46,388 [3b898b8b-8841-452f-b538-8e8d26c8d287-groupManagement] INFO  server.RaftServerConfigKeys (ConfUtils.java:logGet(46)) - raft.server.log.purge.preservation.log.num = 0 (default)
2023-09-15 05:01:46,389 [3b898b8b-8841-452f-b538-8e8d26c8d287-groupManagement] INFO  server.RaftServerConfigKeys (ConfUtils.java:logGet(46)) - raft.server.log.segment.size.max = 1048576 (custom)
2023-09-15 05:01:46,389 [3b898b8b-8841-452f-b538-8e8d26c8d287-groupManagement] INFO  server.RaftServerConfigKeys (ConfUtils.java:logGet(46)) - raft.server.log.segment.cache.num.max = 2 (custom)
2023-09-15 05:01:46,389 [3b898b8b-8841-452f-b538-8e8d26c8d287-groupManagement] INFO  server.RaftServerConfigKeys (ConfUtils.java:logGet(46)) - raft.server.log.segment.cache.size.max = 200MB (=209715200) (default)
2023-09-15 05:01:46,389 [3b898b8b-8841-452f-b538-8e8d26c8d287-groupManagement] INFO  server.RaftServerConfigKeys (ConfUtils.java:logGet(46)) - raft.server.log.appender.buffer.byte-limit = 33554432 (custom)
2023-09-15 05:01:46,390 [3b898b8b-8841-452f-b538-8e8d26c8d287-groupManagement] INFO  segmented.SegmentedRaftLogWorker (SegmentedRaftLogWorker.java:<init>(188)) - new 3b898b8b-8841-452f-b538-8e8d26c8d287@group-88A1B8300E3C-SegmentedRaftLogWorker for RaftStorageImpl:Storage Directory /home/runner/work/ozone/ozone/hadoop-ozone/integration-test/target/test-dir/MiniOzoneClusterImpl-0a18362f-1832-4b81-b629-935968d04e12/datanode-0/data/ratis/80467dae-107b-4dcd-be89-88a1b8300e3c
2023-09-15 05:01:46,390 [3b898b8b-8841-452f-b538-8e8d26c8d287-groupManagement] INFO  server.RaftServerConfigKeys (ConfUtils.java:logGet(46)) - raft.server.log.queue.byte-limit = 4294967296 (custom)
2023-09-15 05:01:46,390 [3b898b8b-8841-452f-b538-8e8d26c8d287-groupManagement] INFO  server.RaftServerConfigKeys (ConfUtils.java:logGet(46)) - raft.server.log.queue.element-limit = 1024 (custom)
2023-09-15 05:01:46,390 [3b898b8b-8841-452f-b538-8e8d26c8d287-groupManagement] INFO  server.RaftServerConfigKeys (ConfUtils.java:logGet(46)) - raft.server.log.segment.size.max = 1048576 (custom)
2023-09-15 05:01:46,390 [3b898b8b-8841-452f-b538-8e8d26c8d287-groupManagement] INFO  server.RaftServerConfigKeys (ConfUtils.java:logGet(46)) - raft.server.log.preallocated.size = 16384 (custom)
2023-09-15 05:01:46,390 [3b898b8b-8841-452f-b538-8e8d26c8d287-groupManagement] INFO  server.RaftServerConfigKeys (ConfUtils.java:logGet(46)) - raft.server.log.force.sync.num = 128 (default)
2023-09-15 05:01:46,390 [3b898b8b-8841-452f-b538-8e8d26c8d287-groupManagement] INFO  server.RaftServerConfigKeys (ConfUtils.java:logGet(46)) - raft.server.log.statemachine.data.sync = true (default)
2023-09-15 05:01:46,390 [3b898b8b-8841-452f-b538-8e8d26c8d287-groupManagement] INFO  server.RaftServerConfigKeys (ConfUtils.java:logGet(46)) - raft.server.log.statemachine.data.sync.timeout = 10s (default)
2023-09-15 05:01:46,390 [3b898b8b-8841-452f-b538-8e8d26c8d287-groupManagement] INFO  server.RaftServerConfigKeys (ConfUtils.java:logGet(46)) - raft.server.log.statemachine.data.sync.timeout.retry = -1 (default)
2023-09-15 05:01:46,392 [3b898b8b-8841-452f-b538-8e8d26c8d287-groupManagement] INFO  server.RaftServerConfigKeys (ConfUtils.java:logGet(46)) - raft.server.log.write.buffer.size = 1048576 (custom)
2023-09-15 05:01:46,393 [3b898b8b-8841-452f-b538-8e8d26c8d287-groupManagement] INFO  server.RaftServerConfigKeys (ConfUtils.java:logGet(46)) - raft.server.log.appender.buffer.byte-limit = 33554432 (custom)
2023-09-15 05:01:46,398 [3b898b8b-8841-452f-b538-8e8d26c8d287-groupManagement] INFO  server.RaftServerConfigKeys (ConfUtils.java:logGet(46)) - raft.server.log.unsafe-flush.enabled = false (default)
2023-09-15 05:01:46,398 [3b898b8b-8841-452f-b538-8e8d26c8d287-groupManagement] INFO  server.RaftServerConfigKeys (ConfUtils.java:logGet(46)) - raft.server.log.async-flush.enabled = false (default)
2023-09-15 05:01:46,398 [3b898b8b-8841-452f-b538-8e8d26c8d287-groupManagement] INFO  server.RaftServerConfigKeys (ConfUtils.java:logGet(46)) - raft.server.log.statemachine.data.caching.enabled = true (custom)
2023-09-15 05:01:46,398 [3b898b8b-8841-452f-b538-8e8d26c8d287-groupManagement] INFO  segmented.SegmentedRaftLogWorker (SegmentedRaftLogWorker.java:lambda$new$0(135)) - 3b898b8b-8841-452f-b538-8e8d26c8d287@group-88A1B8300E3C-SegmentedRaftLogWorker: flushIndex: setUnconditionally 0 -> -1
2023-09-15 05:01:46,398 [3b898b8b-8841-452f-b538-8e8d26c8d287-groupManagement] INFO  segmented.SegmentedRaftLogWorker (SegmentedRaftLogWorker.java:lambda$new$0(135)) - 3b898b8b-8841-452f-b538-8e8d26c8d287@group-88A1B8300E3C-SegmentedRaftLogWorker: safeCacheEvictIndex: setUnconditionally 0 -> -1
2023-09-15 05:01:46,399 [3b898b8b-8841-452f-b538-8e8d26c8d287-groupManagement] INFO  server.RaftServer$Division (RaftServerImpl.java:start(342)) - 3b898b8b-8841-452f-b538-8e8d26c8d287@group-88A1B8300E3C: start as a follower, conf=-1: peers:[dd1e58ff-ca4a-47cb-ae71-8fc517aad200|rpc:10.1.0.24:15023|admin:10.1.0.24:15022|client:10.1.0.24:15021|dataStream:10.1.0.24:15024|priority:0|startupRole:FOLLOWER, 3b898b8b-8841-452f-b538-8e8d26c8d287|rpc:10.1.0.24:15014|admin:10.1.0.24:15013|client:10.1.0.24:15012|dataStream:10.1.0.24:15015|priority:1|startupRole:FOLLOWER, 729f921e-514b-472d-a5a3-7d6b9d90aa28|rpc:10.1.0.24:15032|admin:10.1.0.24:15031|client:10.1.0.24:15030|dataStream:10.1.0.24:15033|priority:0|startupRole:FOLLOWER]|listeners:[], old=null
2023-09-15 05:01:46,399 [3b898b8b-8841-452f-b538-8e8d26c8d287-groupManagement] INFO  server.RaftServer$Division (RaftServerImpl.java:setRole(329)) - 3b898b8b-8841-452f-b538-8e8d26c8d287@group-88A1B8300E3C: changes role from      null to FOLLOWER at term 0 for startAsFollower
2023-09-15 05:01:46,399 [3b898b8b-8841-452f-b538-8e8d26c8d287-groupManagement] INFO  impl.RoleInfo (RoleInfo.java:updateAndGet(139)) - 3b898b8b-8841-452f-b538-8e8d26c8d287: start 3b898b8b-8841-452f-b538-8e8d26c8d287@group-88A1B8300E3C-FollowerState
2023-09-15 05:01:46,399 [3b898b8b-8841-452f-b538-8e8d26c8d287-groupManagement] INFO  util.JmxRegister (JmxRegister.java:tryRegister(44)) - Successfully registered JMX Bean with object name Ratis:service=RaftServer,group=group-88A1B8300E3C,id=3b898b8b-8841-452f-b538-8e8d26c8d287
2023-09-15 05:01:46,399 [3b898b8b-8841-452f-b538-8e8d26c8d287@group-88A1B8300E3C-FollowerState] INFO  server.RaftServerConfigKeys (ConfUtils.java:logFallback(53)) - raft.server.rpc.first-election.timeout.min = 5s (fallback to raft.server.rpc.timeout.min)
2023-09-15 05:01:46,403 [3b898b8b-8841-452f-b538-8e8d26c8d287-groupManagement] INFO  server.RaftServerConfigKeys (ConfUtils.java:logGet(46)) - raft.server.snapshot.auto.trigger.enabled = true (custom)
2023-09-15 05:01:46,403 [3b898b8b-8841-452f-b538-8e8d26c8d287@group-88A1B8300E3C-FollowerState] INFO  server.RaftServerConfigKeys (ConfUtils.java:logFallback(53)) - raft.server.rpc.first-election.timeout.max = 5200ms (fallback to raft.server.rpc.timeout.max)
2023-09-15 05:01:46,403 [3b898b8b-8841-452f-b538-8e8d26c8d287-groupManagement] INFO  server.RaftServerConfigKeys (ConfUtils.java:logGet(46)) - raft.server.snapshot.auto.trigger.threshold = 10000 (custom)
2023-09-15 05:01:46,403 [3b898b8b-8841-452f-b538-8e8d26c8d287-groupManagement] INFO  server.RaftServerConfigKeys (ConfUtils.java:logGet(46)) - raft.server.snapshot.retention.file.num = 5 (custom)
2023-09-15 05:01:46,403 [3b898b8b-8841-452f-b538-8e8d26c8d287-groupManagement] INFO  server.RaftServerConfigKeys (ConfUtils.java:logGet(46)) - raft.server.log.purge.upto.snapshot.index = false (default)
2023-09-15 05:01:46,405 [PipelineCommandHandlerThread-0] INFO  ratis.XceiverServerRatis (XceiverServerRatis.java:addGroup(804)) - Created group PipelineID=80467dae-107b-4dcd-be89-88a1b8300e3c
2023-09-15 05:01:46,680 [PipelineCommandHandlerThread-0] INFO  server.RaftServer (RaftServerProxy.java:addNew(98)) - dd1e58ff-ca4a-47cb-ae71-8fc517aad200: addNew group-CB77A8191913:[dd1e58ff-ca4a-47cb-ae71-8fc517aad200|rpc:10.1.0.24:15023|admin:10.1.0.24:15022|client:10.1.0.24:15021|dataStream:10.1.0.24:15024|priority:1|startupRole:FOLLOWER] returns group-CB77A8191913:java.util.concurrent.CompletableFuture@23c1cdb1[Not completed]
2023-09-15 05:01:46,683 [dd1e58ff-ca4a-47cb-ae71-8fc517aad200-groupManagement] INFO  server.RaftServer$Division (RaftServerImpl.java:<init>(198)) - dd1e58ff-ca4a-47cb-ae71-8fc517aad200: new RaftServerImpl for group-CB77A8191913:[dd1e58ff-ca4a-47cb-ae71-8fc517aad200|rpc:10.1.0.24:15023|admin:10.1.0.24:15022|client:10.1.0.24:15021|dataStream:10.1.0.24:15024|priority:1|startupRole:FOLLOWER] with ContainerStateMachine:uninitialized
2023-09-15 05:01:46,683 [dd1e58ff-ca4a-47cb-ae71-8fc517aad200-groupManagement] INFO  server.RaftServerConfigKeys (ConfUtils.java:logGet(46)) - raft.server.rpc.timeout.min = 5s (custom)
2023-09-15 05:01:46,683 [dd1e58ff-ca4a-47cb-ae71-8fc517aad200-groupManagement] INFO  server.RaftServerConfigKeys (ConfUtils.java:logGet(46)) - raft.server.rpc.timeout.max = 5200ms (custom)
2023-09-15 05:01:46,683 [dd1e58ff-ca4a-47cb-ae71-8fc517aad200-groupManagement] INFO  server.RaftServerConfigKeys (ConfUtils.java:logGet(46)) - raft.server.rpc.sleep.time = 25ms (default)
2023-09-15 05:01:46,684 [dd1e58ff-ca4a-47cb-ae71-8fc517aad200-groupManagement] INFO  server.RaftServerConfigKeys (ConfUtils.java:logGet(46)) - raft.server.rpc.slowness.timeout = 300s (custom)
2023-09-15 05:01:46,684 [dd1e58ff-ca4a-47cb-ae71-8fc517aad200-groupManagement] INFO  server.RaftServerConfigKeys (ConfUtils.java:logGet(46)) - raft.server.leaderelection.leader.step-down.wait-time = 10s (default)
2023-09-15 05:01:46,684 [dd1e58ff-ca4a-47cb-ae71-8fc517aad200-groupManagement] INFO  server.RaftServerConfigKeys (ConfUtils.java:logGet(46)) - raft.server.sleep.deviation.threshold = 300ms (default)
2023-09-15 05:01:46,684 [dd1e58ff-ca4a-47cb-ae71-8fc517aad200-groupManagement] INFO  server.RaftServer$Division (ServerState.java:<init>(120)) - dd1e58ff-ca4a-47cb-ae71-8fc517aad200@group-CB77A8191913: ConfigurationManager, init=-1: peers:[dd1e58ff-ca4a-47cb-ae71-8fc517aad200|rpc:10.1.0.24:15023|admin:10.1.0.24:15022|client:10.1.0.24:15021|dataStream:10.1.0.24:15024|priority:1|startupRole:FOLLOWER]|listeners:[], old=null, confs=<EMPTY_MAP>
2023-09-15 05:01:46,684 [dd1e58ff-ca4a-47cb-ae71-8fc517aad200-groupManagement] INFO  server.RaftServerConfigKeys (ConfUtils.java:logGet(46)) - raft.server.storage.dir = [/home/runner/work/ozone/ozone/hadoop-ozone/integration-test/target/test-dir/MiniOzoneClusterImpl-0a18362f-1832-4b81-b629-935968d04e12/datanode-1/data/ratis] (custom)
2023-09-15 05:01:46,684 [dd1e58ff-ca4a-47cb-ae71-8fc517aad200-groupManagement] INFO  server.RaftServerConfigKeys (ConfUtils.java:logGet(46)) - raft.server.log.corruption.policy = EXCEPTION (default)
2023-09-15 05:01:46,684 [dd1e58ff-ca4a-47cb-ae71-8fc517aad200-groupManagement] INFO  server.RaftServerConfigKeys (ConfUtils.java:logGet(46)) - raft.server.storage.free-space.min = 0MB (=0) (default)
2023-09-15 05:01:46,684 [dd1e58ff-ca4a-47cb-ae71-8fc517aad200-groupManagement] INFO  server.RaftServerConfigKeys (ConfUtils.java:logGet(46)) - raft.server.notification.no-leader.timeout = 300s (custom)
2023-09-15 05:01:46,684 [dd1e58ff-ca4a-47cb-ae71-8fc517aad200-groupManagement] INFO  server.RaftServerConfigKeys (ConfUtils.java:logGet(46)) - raft.server.read.timeout = 10s (default)
2023-09-15 05:01:46,684 [dd1e58ff-ca4a-47cb-ae71-8fc517aad200-groupManagement] INFO  server.RaftServerConfigKeys (ConfUtils.java:logGet(46)) - raft.server.retrycache.expirytime = 600000ms (custom)
2023-09-15 05:01:46,684 [dd1e58ff-ca4a-47cb-ae71-8fc517aad200-groupManagement] INFO  server.RaftServerConfigKeys (ConfUtils.java:logGet(46)) - raft.server.retrycache.statistics.expirytime = 100μs (default)
2023-09-15 05:01:46,684 [dd1e58ff-ca4a-47cb-ae71-8fc517aad200-groupManagement] INFO  server.RaftServerConfigKeys (ConfUtils.java:logGet(46)) - raft.server.read.option = DEFAULT (default)
2023-09-15 05:01:46,697 [dd1e58ff-ca4a-47cb-ae71-8fc517aad200-groupManagement] INFO  server.RaftServerConfigKeys (ConfUtils.java:logGet(46)) - raft.server.rpc.request.timeout = 60s (custom)
2023-09-15 05:01:46,697 [dd1e58ff-ca4a-47cb-ae71-8fc517aad200-groupManagement] INFO  server.RaftServerConfigKeys (ConfUtils.java:logGet(46)) - raft.server.log.appender.install.snapshot.enabled = false (custom)
2023-09-15 05:01:46,697 [dd1e58ff-ca4a-47cb-ae71-8fc517aad200-groupManagement] INFO  server.RaftServerConfigKeys (ConfUtils.java:logGet(46)) - raft.server.threadpool.server.cached = true (default)
2023-09-15 05:01:46,697 [dd1e58ff-ca4a-47cb-ae71-8fc517aad200-groupManagement] INFO  server.RaftServerConfigKeys (ConfUtils.java:logGet(46)) - raft.server.threadpool.server.size = 0 (default)
2023-09-15 05:01:46,697 [dd1e58ff-ca4a-47cb-ae71-8fc517aad200-groupManagement] INFO  server.RaftServerConfigKeys (ConfUtils.java:logGet(46)) - raft.server.threadpool.client.cached = true (default)
2023-09-15 05:01:46,697 [dd1e58ff-ca4a-47cb-ae71-8fc517aad200-groupManagement] INFO  server.RaftServerConfigKeys (ConfUtils.java:logGet(46)) - raft.server.threadpool.client.size = 0 (default)
2023-09-15 05:01:46,698 [dd1e58ff-ca4a-47cb-ae71-8fc517aad200-groupManagement] INFO  storage.RaftStorageDirectory (RaftStorageDirectoryImpl.java:analyzeStorage(137)) - The storage directory /home/runner/work/ozone/ozone/hadoop-ozone/integration-test/target/test-dir/MiniOzoneClusterImpl-0a18362f-1832-4b81-b629-935968d04e12/datanode-1/data/ratis/46d30dc5-c752-4956-bd29-cb77a8191913 does not exist. Creating ...
2023-09-15 05:01:46,701 [dd1e58ff-ca4a-47cb-ae71-8fc517aad200-groupManagement] INFO  storage.RaftStorageDirectory (RaftStorageDirectoryImpl.java:tryLock(231)) - Lock on /home/runner/work/ozone/ozone/hadoop-ozone/integration-test/target/test-dir/MiniOzoneClusterImpl-0a18362f-1832-4b81-b629-935968d04e12/datanode-1/data/ratis/46d30dc5-c752-4956-bd29-cb77a8191913/in_use.lock acquired by nodename 87703@fv-az371-27
2023-09-15 05:01:46,703 [dd1e58ff-ca4a-47cb-ae71-8fc517aad200-groupManagement] INFO  storage.RaftStorage (RaftStorageImpl.java:format(96)) - Storage directory /home/runner/work/ozone/ozone/hadoop-ozone/integration-test/target/test-dir/MiniOzoneClusterImpl-0a18362f-1832-4b81-b629-935968d04e12/datanode-1/data/ratis/46d30dc5-c752-4956-bd29-cb77a8191913 has been successfully formatted.
2023-09-15 05:01:46,709 [dd1e58ff-ca4a-47cb-ae71-8fc517aad200-groupManagement] INFO  ratis.ContainerStateMachine (ContainerStateMachine.java:loadSnapshot(262)) - group-CB77A8191913: The snapshot info is null. Setting the last applied indexto:(t:0, i:~)
2023-09-15 05:01:46,710 [dd1e58ff-ca4a-47cb-ae71-8fc517aad200-groupManagement] INFO  server.RaftServerConfigKeys (ConfUtils.java:logGet(46)) - raft.server.log.use.memory = false (default)
2023-09-15 05:01:46,710 [dd1e58ff-ca4a-47cb-ae71-8fc517aad200-groupManagement] INFO  server.RaftServerConfigKeys (ConfUtils.java:logGet(46)) - raft.server.log.purge.gap = 1000000 (custom)
2023-09-15 05:01:46,710 [dd1e58ff-ca4a-47cb-ae71-8fc517aad200-groupManagement] INFO  server.RaftServerConfigKeys (ConfUtils.java:logGet(46)) - raft.server.log.appender.buffer.byte-limit = 33554432 (custom)
2023-09-15 05:01:46,710 [dd1e58ff-ca4a-47cb-ae71-8fc517aad200-groupManagement] INFO  server.RaftServerConfigKeys (ConfUtils.java:logGet(46)) - raft.server.log.statemachine.data.read.timeout = 1000ms (default)
2023-09-15 05:01:46,710 [EventQueue-PipelineReportForPipelineReportHandler] INFO  pipeline.PipelineReportHandler (PipelineReportHandler.java:processPipelineReport(136)) - Opened pipeline PipelineID=46d30dc5-c752-4956-bd29-cb77a8191913
2023-09-15 05:01:46,711 [EventQueue-OpenPipelineForHealthyPipelineSafeModeRule] INFO  safemode.SCMSafeModeManager (HealthyPipelineSafeModeRule.java:process(137)) - SCM in safe mode. Healthy pipelines reported count is 0, required healthy pipeline reported count is 1
2023-09-15 05:01:46,711 [dd1e58ff-ca4a-47cb-ae71-8fc517aad200-groupManagement] INFO  server.RaftServerConfigKeys (ConfUtils.java:logGet(46)) - raft.server.log.purge.preservation.log.num = 0 (default)
2023-09-15 05:01:46,712 [dd1e58ff-ca4a-47cb-ae71-8fc517aad200-groupManagement] INFO  server.RaftServerConfigKeys (ConfUtils.java:logGet(46)) - raft.server.log.segment.size.max = 1048576 (custom)
2023-09-15 05:01:46,713 [dd1e58ff-ca4a-47cb-ae71-8fc517aad200-groupManagement] INFO  server.RaftServerConfigKeys (ConfUtils.java:logGet(46)) - raft.server.log.segment.cache.num.max = 2 (custom)
2023-09-15 05:01:46,713 [dd1e58ff-ca4a-47cb-ae71-8fc517aad200-groupManagement] INFO  server.RaftServerConfigKeys (ConfUtils.java:logGet(46)) - raft.server.log.segment.cache.size.max = 200MB (=209715200) (default)
2023-09-15 05:01:46,713 [dd1e58ff-ca4a-47cb-ae71-8fc517aad200-groupManagement] INFO  server.RaftServerConfigKeys (ConfUtils.java:logGet(46)) - raft.server.log.appender.buffer.byte-limit = 33554432 (custom)
2023-09-15 05:01:46,713 [dd1e58ff-ca4a-47cb-ae71-8fc517aad200-groupManagement] INFO  segmented.SegmentedRaftLogWorker (SegmentedRaftLogWorker.java:<init>(188)) - new dd1e58ff-ca4a-47cb-ae71-8fc517aad200@group-CB77A8191913-SegmentedRaftLogWorker for RaftStorageImpl:Storage Directory /home/runner/work/ozone/ozone/hadoop-ozone/integration-test/target/test-dir/MiniOzoneClusterImpl-0a18362f-1832-4b81-b629-935968d04e12/datanode-1/data/ratis/46d30dc5-c752-4956-bd29-cb77a8191913
2023-09-15 05:01:46,713 [dd1e58ff-ca4a-47cb-ae71-8fc517aad200-groupManagement] INFO  server.RaftServerConfigKeys (ConfUtils.java:logGet(46)) - raft.server.log.queue.byte-limit = 4294967296 (custom)
2023-09-15 05:01:46,713 [dd1e58ff-ca4a-47cb-ae71-8fc517aad200-groupManagement] INFO  server.RaftServerConfigKeys (ConfUtils.java:logGet(46)) - raft.server.log.queue.element-limit = 1024 (custom)
2023-09-15 05:01:46,713 [dd1e58ff-ca4a-47cb-ae71-8fc517aad200-groupManagement] INFO  server.RaftServerConfigKeys (ConfUtils.java:logGet(46)) - raft.server.log.segment.size.max = 1048576 (custom)
2023-09-15 05:01:46,713 [dd1e58ff-ca4a-47cb-ae71-8fc517aad200-groupManagement] INFO  server.RaftServerConfigKeys (ConfUtils.java:logGet(46)) - raft.server.log.preallocated.size = 16384 (custom)
2023-09-15 05:01:46,713 [dd1e58ff-ca4a-47cb-ae71-8fc517aad200-groupManagement] INFO  server.RaftServerConfigKeys (ConfUtils.java:logGet(46)) - raft.server.log.force.sync.num = 128 (default)
2023-09-15 05:01:46,713 [dd1e58ff-ca4a-47cb-ae71-8fc517aad200-groupManagement] INFO  server.RaftServerConfigKeys (ConfUtils.java:logGet(46)) - raft.server.log.statemachine.data.sync = true (default)
2023-09-15 05:01:46,713 [dd1e58ff-ca4a-47cb-ae71-8fc517aad200-groupManagement] INFO  server.RaftServerConfigKeys (ConfUtils.java:logGet(46)) - raft.server.log.statemachine.data.sync.timeout = 10s (default)
2023-09-15 05:01:46,714 [dd1e58ff-ca4a-47cb-ae71-8fc517aad200-groupManagement] INFO  server.RaftServerConfigKeys (ConfUtils.java:logGet(46)) - raft.server.log.statemachine.data.sync.timeout.retry = -1 (default)
2023-09-15 05:01:46,716 [dd1e58ff-ca4a-47cb-ae71-8fc517aad200-groupManagement] INFO  server.RaftServerConfigKeys (ConfUtils.java:logGet(46)) - raft.server.log.write.buffer.size = 1048576 (custom)
2023-09-15 05:01:46,716 [dd1e58ff-ca4a-47cb-ae71-8fc517aad200-groupManagement] INFO  server.RaftServerConfigKeys (ConfUtils.java:logGet(46)) - raft.server.log.appender.buffer.byte-limit = 33554432 (custom)
2023-09-15 05:01:46,728 [dd1e58ff-ca4a-47cb-ae71-8fc517aad200-groupManagement] INFO  server.RaftServerConfigKeys (ConfUtils.java:logGet(46)) - raft.server.log.unsafe-flush.enabled = false (default)
2023-09-15 05:01:46,728 [dd1e58ff-ca4a-47cb-ae71-8fc517aad200-groupManagement] INFO  server.RaftServerConfigKeys (ConfUtils.java:logGet(46)) - raft.server.log.async-flush.enabled = false (default)
2023-09-15 05:01:46,728 [dd1e58ff-ca4a-47cb-ae71-8fc517aad200-groupManagement] INFO  server.RaftServerConfigKeys (ConfUtils.java:logGet(46)) - raft.server.log.statemachine.data.caching.enabled = true (custom)
2023-09-15 05:01:46,729 [dd1e58ff-ca4a-47cb-ae71-8fc517aad200-groupManagement] INFO  segmented.SegmentedRaftLogWorker (SegmentedRaftLogWorker.java:lambda$new$0(135)) - dd1e58ff-ca4a-47cb-ae71-8fc517aad200@group-CB77A8191913-SegmentedRaftLogWorker: flushIndex: setUnconditionally 0 -> -1
2023-09-15 05:01:46,729 [dd1e58ff-ca4a-47cb-ae71-8fc517aad200-groupManagement] INFO  segmented.SegmentedRaftLogWorker (SegmentedRaftLogWorker.java:lambda$new$0(135)) - dd1e58ff-ca4a-47cb-ae71-8fc517aad200@group-CB77A8191913-SegmentedRaftLogWorker: safeCacheEvictIndex: setUnconditionally 0 -> -1
2023-09-15 05:01:46,735 [dd1e58ff-ca4a-47cb-ae71-8fc517aad200-groupManagement] INFO  server.RaftServer$Division (RaftServerImpl.java:start(342)) - dd1e58ff-ca4a-47cb-ae71-8fc517aad200@group-CB77A8191913: start as a follower, conf=-1: peers:[dd1e58ff-ca4a-47cb-ae71-8fc517aad200|rpc:10.1.0.24:15023|admin:10.1.0.24:15022|client:10.1.0.24:15021|dataStream:10.1.0.24:15024|priority:1|startupRole:FOLLOWER]|listeners:[], old=null
2023-09-15 05:01:46,735 [dd1e58ff-ca4a-47cb-ae71-8fc517aad200-groupManagement] INFO  server.RaftServer$Division (RaftServerImpl.java:setRole(329)) - dd1e58ff-ca4a-47cb-ae71-8fc517aad200@group-CB77A8191913: changes role from      null to FOLLOWER at term 0 for startAsFollower
2023-09-15 05:01:46,736 [dd1e58ff-ca4a-47cb-ae71-8fc517aad200-groupManagement] INFO  impl.RoleInfo (RoleInfo.java:updateAndGet(139)) - dd1e58ff-ca4a-47cb-ae71-8fc517aad200: start dd1e58ff-ca4a-47cb-ae71-8fc517aad200@group-CB77A8191913-FollowerState
2023-09-15 05:01:46,738 [dd1e58ff-ca4a-47cb-ae71-8fc517aad200-groupManagement] INFO  util.JmxRegister (JmxRegister.java:tryRegister(44)) - Successfully registered JMX Bean with object name Ratis:service=RaftServer,group=group-CB77A8191913,id=dd1e58ff-ca4a-47cb-ae71-8fc517aad200
2023-09-15 05:01:46,739 [dd1e58ff-ca4a-47cb-ae71-8fc517aad200-groupManagement] INFO  server.RaftServerConfigKeys (ConfUtils.java:logGet(46)) - raft.server.snapshot.auto.trigger.enabled = true (custom)
2023-09-15 05:01:46,739 [dd1e58ff-ca4a-47cb-ae71-8fc517aad200@group-CB77A8191913-FollowerState] INFO  server.RaftServerConfigKeys (ConfUtils.java:logFallback(53)) - raft.server.rpc.first-election.timeout.min = 5s (fallback to raft.server.rpc.timeout.min)
2023-09-15 05:01:46,739 [dd1e58ff-ca4a-47cb-ae71-8fc517aad200-groupManagement] INFO  server.RaftServerConfigKeys (ConfUtils.java:logGet(46)) - raft.server.snapshot.auto.trigger.threshold = 10000 (custom)
2023-09-15 05:01:46,739 [dd1e58ff-ca4a-47cb-ae71-8fc517aad200-groupManagement] INFO  server.RaftServerConfigKeys (ConfUtils.java:logGet(46)) - raft.server.snapshot.retention.file.num = 5 (custom)
2023-09-15 05:01:46,739 [dd1e58ff-ca4a-47cb-ae71-8fc517aad200-groupManagement] INFO  server.RaftServerConfigKeys (ConfUtils.java:logGet(46)) - raft.server.log.purge.upto.snapshot.index = false (default)
2023-09-15 05:01:46,739 [dd1e58ff-ca4a-47cb-ae71-8fc517aad200@group-CB77A8191913-FollowerState] INFO  server.RaftServerConfigKeys (ConfUtils.java:logFallback(53)) - raft.server.rpc.first-election.timeout.max = 5200ms (fallback to raft.server.rpc.timeout.max)
2023-09-15 05:01:46,743 [PipelineCommandHandlerThread-0] INFO  ratis.XceiverServerRatis (XceiverServerRatis.java:addGroup(804)) - Created group PipelineID=46d30dc5-c752-4956-bd29-cb77a8191913
2023-09-15 05:01:46,744 [PipelineCommandHandlerThread-0] INFO  commandhandler.CreatePipelineCommandHandler (CreatePipelineCommandHandler.java:lambda$handle$2(124)) - Created Pipeline RATIS ONE PipelineID=46d30dc5-c752-4956-bd29-cb77a8191913.
2023-09-15 05:01:46,745 [PipelineCommandHandlerThread-0] INFO  server.RaftServer (RaftServerProxy.java:addNew(98)) - dd1e58ff-ca4a-47cb-ae71-8fc517aad200: addNew group-88A1B8300E3C:[dd1e58ff-ca4a-47cb-ae71-8fc517aad200|rpc:10.1.0.24:15023|admin:10.1.0.24:15022|client:10.1.0.24:15021|dataStream:10.1.0.24:15024|priority:0|startupRole:FOLLOWER, 3b898b8b-8841-452f-b538-8e8d26c8d287|rpc:10.1.0.24:15014|admin:10.1.0.24:15013|client:10.1.0.24:15012|dataStream:10.1.0.24:15015|priority:1|startupRole:FOLLOWER, 729f921e-514b-472d-a5a3-7d6b9d90aa28|rpc:10.1.0.24:15032|admin:10.1.0.24:15031|client:10.1.0.24:15030|dataStream:10.1.0.24:15033|priority:0|startupRole:FOLLOWER] returns group-88A1B8300E3C:java.util.concurrent.CompletableFuture@27fe4d11[Not completed]
2023-09-15 05:01:46,747 [dd1e58ff-ca4a-47cb-ae71-8fc517aad200-groupManagement] INFO  server.RaftServer$Division (RaftServerImpl.java:<init>(198)) - dd1e58ff-ca4a-47cb-ae71-8fc517aad200: new RaftServerImpl for group-88A1B8300E3C:[dd1e58ff-ca4a-47cb-ae71-8fc517aad200|rpc:10.1.0.24:15023|admin:10.1.0.24:15022|client:10.1.0.24:15021|dataStream:10.1.0.24:15024|priority:0|startupRole:FOLLOWER, 3b898b8b-8841-452f-b538-8e8d26c8d287|rpc:10.1.0.24:15014|admin:10.1.0.24:15013|client:10.1.0.24:15012|dataStream:10.1.0.24:15015|priority:1|startupRole:FOLLOWER, 729f921e-514b-472d-a5a3-7d6b9d90aa28|rpc:10.1.0.24:15032|admin:10.1.0.24:15031|client:10.1.0.24:15030|dataStream:10.1.0.24:15033|priority:0|startupRole:FOLLOWER] with ContainerStateMachine:uninitialized
2023-09-15 05:01:46,747 [dd1e58ff-ca4a-47cb-ae71-8fc517aad200-groupManagement] INFO  server.RaftServerConfigKeys (ConfUtils.java:logGet(46)) - raft.server.rpc.timeout.min = 5s (custom)
2023-09-15 05:01:46,747 [dd1e58ff-ca4a-47cb-ae71-8fc517aad200-groupManagement] INFO  server.RaftServerConfigKeys (ConfUtils.java:logGet(46)) - raft.server.rpc.timeout.max = 5200ms (custom)
2023-09-15 05:01:46,747 [dd1e58ff-ca4a-47cb-ae71-8fc517aad200-groupManagement] INFO  server.RaftServerConfigKeys (ConfUtils.java:logGet(46)) - raft.server.rpc.sleep.time = 25ms (default)
2023-09-15 05:01:46,747 [dd1e58ff-ca4a-47cb-ae71-8fc517aad200-groupManagement] INFO  server.RaftServerConfigKeys (ConfUtils.java:logGet(46)) - raft.server.rpc.slowness.timeout = 300s (custom)
2023-09-15 05:01:46,747 [dd1e58ff-ca4a-47cb-ae71-8fc517aad200-groupManagement] INFO  server.RaftServerConfigKeys (ConfUtils.java:logGet(46)) - raft.server.leaderelection.leader.step-down.wait-time = 10s (default)
2023-09-15 05:01:46,747 [dd1e58ff-ca4a-47cb-ae71-8fc517aad200-groupManagement] INFO  server.RaftServerConfigKeys (ConfUtils.java:logGet(46)) - raft.server.sleep.deviation.threshold = 300ms (default)
2023-09-15 05:01:46,747 [dd1e58ff-ca4a-47cb-ae71-8fc517aad200-groupManagement] INFO  server.RaftServer$Division (ServerState.java:<init>(120)) - dd1e58ff-ca4a-47cb-ae71-8fc517aad200@group-88A1B8300E3C: ConfigurationManager, init=-1: peers:[dd1e58ff-ca4a-47cb-ae71-8fc517aad200|rpc:10.1.0.24:15023|admin:10.1.0.24:15022|client:10.1.0.24:15021|dataStream:10.1.0.24:15024|priority:0|startupRole:FOLLOWER, 3b898b8b-8841-452f-b538-8e8d26c8d287|rpc:10.1.0.24:15014|admin:10.1.0.24:15013|client:10.1.0.24:15012|dataStream:10.1.0.24:15015|priority:1|startupRole:FOLLOWER, 729f921e-514b-472d-a5a3-7d6b9d90aa28|rpc:10.1.0.24:15032|admin:10.1.0.24:15031|client:10.1.0.24:15030|dataStream:10.1.0.24:15033|priority:0|startupRole:FOLLOWER]|listeners:[], old=null, confs=<EMPTY_MAP>
2023-09-15 05:01:46,747 [dd1e58ff-ca4a-47cb-ae71-8fc517aad200-groupManagement] INFO  server.RaftServerConfigKeys (ConfUtils.java:logGet(46)) - raft.server.storage.dir = [/home/runner/work/ozone/ozone/hadoop-ozone/integration-test/target/test-dir/MiniOzoneClusterImpl-0a18362f-1832-4b81-b629-935968d04e12/datanode-1/data/ratis] (custom)
2023-09-15 05:01:46,747 [dd1e58ff-ca4a-47cb-ae71-8fc517aad200-groupManagement] INFO  server.RaftServerConfigKeys (ConfUtils.java:logGet(46)) - raft.server.log.corruption.policy = EXCEPTION (default)
2023-09-15 05:01:46,747 [dd1e58ff-ca4a-47cb-ae71-8fc517aad200-groupManagement] INFO  server.RaftServerConfigKeys (ConfUtils.java:logGet(46)) - raft.server.storage.free-space.min = 0MB (=0) (default)
2023-09-15 05:01:46,748 [dd1e58ff-ca4a-47cb-ae71-8fc517aad200-groupManagement] INFO  server.RaftServerConfigKeys (ConfUtils.java:logGet(46)) - raft.server.notification.no-leader.timeout = 300s (custom)
2023-09-15 05:01:46,748 [dd1e58ff-ca4a-47cb-ae71-8fc517aad200-groupManagement] INFO  server.RaftServerConfigKeys (ConfUtils.java:logGet(46)) - raft.server.read.timeout = 10s (default)
2023-09-15 05:01:46,748 [dd1e58ff-ca4a-47cb-ae71-8fc517aad200-groupManagement] INFO  server.RaftServerConfigKeys (ConfUtils.java:logGet(46)) - raft.server.retrycache.expirytime = 600000ms (custom)
2023-09-15 05:01:46,748 [dd1e58ff-ca4a-47cb-ae71-8fc517aad200-groupManagement] INFO  server.RaftServerConfigKeys (ConfUtils.java:logGet(46)) - raft.server.retrycache.statistics.expirytime = 100μs (default)
2023-09-15 05:01:46,748 [dd1e58ff-ca4a-47cb-ae71-8fc517aad200-groupManagement] INFO  server.RaftServerConfigKeys (ConfUtils.java:logGet(46)) - raft.server.read.option = DEFAULT (default)
2023-09-15 05:01:46,749 [dd1e58ff-ca4a-47cb-ae71-8fc517aad200-groupManagement] INFO  server.RaftServerConfigKeys (ConfUtils.java:logGet(46)) - raft.server.rpc.request.timeout = 60s (custom)
2023-09-15 05:01:46,749 [dd1e58ff-ca4a-47cb-ae71-8fc517aad200-groupManagement] INFO  server.RaftServerConfigKeys (ConfUtils.java:logGet(46)) - raft.server.log.appender.install.snapshot.enabled = false (custom)
2023-09-15 05:01:46,749 [dd1e58ff-ca4a-47cb-ae71-8fc517aad200-groupManagement] INFO  server.RaftServerConfigKeys (ConfUtils.java:logGet(46)) - raft.server.threadpool.server.cached = true (default)
2023-09-15 05:01:46,750 [dd1e58ff-ca4a-47cb-ae71-8fc517aad200-groupManagement] INFO  server.RaftServerConfigKeys (ConfUtils.java:logGet(46)) - raft.server.threadpool.server.size = 0 (default)
2023-09-15 05:01:46,750 [dd1e58ff-ca4a-47cb-ae71-8fc517aad200-groupManagement] INFO  server.RaftServerConfigKeys (ConfUtils.java:logGet(46)) - raft.server.threadpool.client.cached = true (default)
2023-09-15 05:01:46,750 [dd1e58ff-ca4a-47cb-ae71-8fc517aad200-groupManagement] INFO  server.RaftServerConfigKeys (ConfUtils.java:logGet(46)) - raft.server.threadpool.client.size = 0 (default)
2023-09-15 05:01:46,750 [dd1e58ff-ca4a-47cb-ae71-8fc517aad200-groupManagement] INFO  storage.RaftStorageDirectory (RaftStorageDirectoryImpl.java:analyzeStorage(137)) - The storage directory /home/runner/work/ozone/ozone/hadoop-ozone/integration-test/target/test-dir/MiniOzoneClusterImpl-0a18362f-1832-4b81-b629-935968d04e12/datanode-1/data/ratis/80467dae-107b-4dcd-be89-88a1b8300e3c does not exist. Creating ...
2023-09-15 05:01:46,751 [dd1e58ff-ca4a-47cb-ae71-8fc517aad200-groupManagement] INFO  storage.RaftStorageDirectory (RaftStorageDirectoryImpl.java:tryLock(231)) - Lock on /home/runner/work/ozone/ozone/hadoop-ozone/integration-test/target/test-dir/MiniOzoneClusterImpl-0a18362f-1832-4b81-b629-935968d04e12/datanode-1/data/ratis/80467dae-107b-4dcd-be89-88a1b8300e3c/in_use.lock acquired by nodename 87703@fv-az371-27
2023-09-15 05:01:46,752 [dd1e58ff-ca4a-47cb-ae71-8fc517aad200-groupManagement] INFO  storage.RaftStorage (RaftStorageImpl.java:format(96)) - Storage directory /home/runner/work/ozone/ozone/hadoop-ozone/integration-test/target/test-dir/MiniOzoneClusterImpl-0a18362f-1832-4b81-b629-935968d04e12/datanode-1/data/ratis/80467dae-107b-4dcd-be89-88a1b8300e3c has been successfully formatted.
2023-09-15 05:01:46,753 [dd1e58ff-ca4a-47cb-ae71-8fc517aad200-groupManagement] INFO  ratis.ContainerStateMachine (ContainerStateMachine.java:loadSnapshot(262)) - group-88A1B8300E3C: The snapshot info is null. Setting the last applied indexto:(t:0, i:~)
2023-09-15 05:01:46,753 [dd1e58ff-ca4a-47cb-ae71-8fc517aad200-groupManagement] INFO  server.RaftServerConfigKeys (ConfUtils.java:logGet(46)) - raft.server.log.use.memory = false (default)
2023-09-15 05:01:46,753 [dd1e58ff-ca4a-47cb-ae71-8fc517aad200-groupManagement] INFO  server.RaftServerConfigKeys (ConfUtils.java:logGet(46)) - raft.server.log.purge.gap = 1000000 (custom)
2023-09-15 05:01:46,753 [dd1e58ff-ca4a-47cb-ae71-8fc517aad200-groupManagement] INFO  server.RaftServerConfigKeys (ConfUtils.java:logGet(46)) - raft.server.log.appender.buffer.byte-limit = 33554432 (custom)
2023-09-15 05:01:46,753 [dd1e58ff-ca4a-47cb-ae71-8fc517aad200-groupManagement] INFO  server.RaftServerConfigKeys (ConfUtils.java:logGet(46)) - raft.server.log.statemachine.data.read.timeout = 1000ms (default)
2023-09-15 05:01:46,753 [dd1e58ff-ca4a-47cb-ae71-8fc517aad200-groupManagement] INFO  server.RaftServerConfigKeys (ConfUtils.java:logGet(46)) - raft.server.log.purge.preservation.log.num = 0 (default)
2023-09-15 05:01:46,755 [dd1e58ff-ca4a-47cb-ae71-8fc517aad200-groupManagement] INFO  server.RaftServerConfigKeys (ConfUtils.java:logGet(46)) - raft.server.log.segment.size.max = 1048576 (custom)
2023-09-15 05:01:46,755 [EventQueue-OpenPipelineForHealthyPipelineSafeModeRule] INFO  safemode.SCMSafeModeManager (HealthyPipelineSafeModeRule.java:process(137)) - SCM in safe mode. Healthy pipelines reported count is 0, required healthy pipeline reported count is 1
2023-09-15 05:01:46,762 [dd1e58ff-ca4a-47cb-ae71-8fc517aad200-groupManagement] INFO  server.RaftServerConfigKeys (ConfUtils.java:logGet(46)) - raft.server.log.segment.cache.num.max = 2 (custom)
2023-09-15 05:01:46,762 [dd1e58ff-ca4a-47cb-ae71-8fc517aad200-groupManagement] INFO  server.RaftServerConfigKeys (ConfUtils.java:logGet(46)) - raft.server.log.segment.cache.size.max = 200MB (=209715200) (default)
2023-09-15 05:01:46,762 [dd1e58ff-ca4a-47cb-ae71-8fc517aad200-groupManagement] INFO  server.RaftServerConfigKeys (ConfUtils.java:logGet(46)) - raft.server.log.appender.buffer.byte-limit = 33554432 (custom)
2023-09-15 05:01:46,762 [dd1e58ff-ca4a-47cb-ae71-8fc517aad200-groupManagement] INFO  segmented.SegmentedRaftLogWorker (SegmentedRaftLogWorker.java:<init>(188)) - new dd1e58ff-ca4a-47cb-ae71-8fc517aad200@group-88A1B8300E3C-SegmentedRaftLogWorker for RaftStorageImpl:Storage Directory /home/runner/work/ozone/ozone/hadoop-ozone/integration-test/target/test-dir/MiniOzoneClusterImpl-0a18362f-1832-4b81-b629-935968d04e12/datanode-1/data/ratis/80467dae-107b-4dcd-be89-88a1b8300e3c
2023-09-15 05:01:46,762 [dd1e58ff-ca4a-47cb-ae71-8fc517aad200-groupManagement] INFO  server.RaftServerConfigKeys (ConfUtils.java:logGet(46)) - raft.server.log.queue.byte-limit = 4294967296 (custom)
2023-09-15 05:01:46,762 [dd1e58ff-ca4a-47cb-ae71-8fc517aad200-groupManagement] INFO  server.RaftServerConfigKeys (ConfUtils.java:logGet(46)) - raft.server.log.queue.element-limit = 1024 (custom)
2023-09-15 05:01:46,762 [dd1e58ff-ca4a-47cb-ae71-8fc517aad200-groupManagement] INFO  server.RaftServerConfigKeys (ConfUtils.java:logGet(46)) - raft.server.log.segment.size.max = 1048576 (custom)
2023-09-15 05:01:46,762 [dd1e58ff-ca4a-47cb-ae71-8fc517aad200-groupManagement] INFO  server.RaftServerConfigKeys (ConfUtils.java:logGet(46)) - raft.server.log.preallocated.size = 16384 (custom)
2023-09-15 05:01:46,762 [dd1e58ff-ca4a-47cb-ae71-8fc517aad200-groupManagement] INFO  server.RaftServerConfigKeys (ConfUtils.java:logGet(46)) - raft.server.log.force.sync.num = 128 (default)
2023-09-15 05:01:46,762 [dd1e58ff-ca4a-47cb-ae71-8fc517aad200-groupManagement] INFO  server.RaftServerConfigKeys (ConfUtils.java:logGet(46)) - raft.server.log.statemachine.data.sync = true (default)
2023-09-15 05:01:46,762 [dd1e58ff-ca4a-47cb-ae71-8fc517aad200-groupManagement] INFO  server.RaftServerConfigKeys (ConfUtils.java:logGet(46)) - raft.server.log.statemachine.data.sync.timeout = 10s (default)
2023-09-15 05:01:46,762 [dd1e58ff-ca4a-47cb-ae71-8fc517aad200-groupManagement] INFO  server.RaftServerConfigKeys (ConfUtils.java:logGet(46)) - raft.server.log.statemachine.data.sync.timeout.retry = -1 (default)
2023-09-15 05:01:46,765 [dd1e58ff-ca4a-47cb-ae71-8fc517aad200-groupManagement] INFO  server.RaftServerConfigKeys (ConfUtils.java:logGet(46)) - raft.server.log.write.buffer.size = 1048576 (custom)
2023-09-15 05:01:46,766 [dd1e58ff-ca4a-47cb-ae71-8fc517aad200-groupManagement] INFO  server.RaftServerConfigKeys (ConfUtils.java:logGet(46)) - raft.server.log.appender.buffer.byte-limit = 33554432 (custom)
2023-09-15 05:01:46,777 [dd1e58ff-ca4a-47cb-ae71-8fc517aad200-groupManagement] INFO  server.RaftServerConfigKeys (ConfUtils.java:logGet(46)) - raft.server.log.unsafe-flush.enabled = false (default)
2023-09-15 05:01:46,777 [dd1e58ff-ca4a-47cb-ae71-8fc517aad200-groupManagement] INFO  server.RaftServerConfigKeys (ConfUtils.java:logGet(46)) - raft.server.log.async-flush.enabled = false (default)
2023-09-15 05:01:46,777 [dd1e58ff-ca4a-47cb-ae71-8fc517aad200-groupManagement] INFO  server.RaftServerConfigKeys (ConfUtils.java:logGet(46)) - raft.server.log.statemachine.data.caching.enabled = true (custom)
2023-09-15 05:01:46,778 [dd1e58ff-ca4a-47cb-ae71-8fc517aad200-groupManagement] INFO  segmented.SegmentedRaftLogWorker (SegmentedRaftLogWorker.java:lambda$new$0(135)) - dd1e58ff-ca4a-47cb-ae71-8fc517aad200@group-88A1B8300E3C-SegmentedRaftLogWorker: flushIndex: setUnconditionally 0 -> -1
2023-09-15 05:01:46,778 [dd1e58ff-ca4a-47cb-ae71-8fc517aad200-groupManagement] INFO  segmented.SegmentedRaftLogWorker (SegmentedRaftLogWorker.java:lambda$new$0(135)) - dd1e58ff-ca4a-47cb-ae71-8fc517aad200@group-88A1B8300E3C-SegmentedRaftLogWorker: safeCacheEvictIndex: setUnconditionally 0 -> -1
2023-09-15 05:01:46,783 [dd1e58ff-ca4a-47cb-ae71-8fc517aad200-groupManagement] INFO  server.RaftServer$Division (RaftServerImpl.java:start(342)) - dd1e58ff-ca4a-47cb-ae71-8fc517aad200@group-88A1B8300E3C: start as a follower, conf=-1: peers:[dd1e58ff-ca4a-47cb-ae71-8fc517aad200|rpc:10.1.0.24:15023|admin:10.1.0.24:15022|client:10.1.0.24:15021|dataStream:10.1.0.24:15024|priority:0|startupRole:FOLLOWER, 3b898b8b-8841-452f-b538-8e8d26c8d287|rpc:10.1.0.24:15014|admin:10.1.0.24:15013|client:10.1.0.24:15012|dataStream:10.1.0.24:15015|priority:1|startupRole:FOLLOWER, 729f921e-514b-472d-a5a3-7d6b9d90aa28|rpc:10.1.0.24:15032|admin:10.1.0.24:15031|client:10.1.0.24:15030|dataStream:10.1.0.24:15033|priority:0|startupRole:FOLLOWER]|listeners:[], old=null
2023-09-15 05:01:46,783 [dd1e58ff-ca4a-47cb-ae71-8fc517aad200-groupManagement] INFO  server.RaftServer$Division (RaftServerImpl.java:setRole(329)) - dd1e58ff-ca4a-47cb-ae71-8fc517aad200@group-88A1B8300E3C: changes role from      null to FOLLOWER at term 0 for startAsFollower
2023-09-15 05:01:46,783 [dd1e58ff-ca4a-47cb-ae71-8fc517aad200-groupManagement] INFO  impl.RoleInfo (RoleInfo.java:updateAndGet(139)) - dd1e58ff-ca4a-47cb-ae71-8fc517aad200: start dd1e58ff-ca4a-47cb-ae71-8fc517aad200@group-88A1B8300E3C-FollowerState
2023-09-15 05:01:46,788 [dd1e58ff-ca4a-47cb-ae71-8fc517aad200-groupManagement] INFO  util.JmxRegister (JmxRegister.java:tryRegister(44)) - Successfully registered JMX Bean with object name Ratis:service=RaftServer,group=group-88A1B8300E3C,id=dd1e58ff-ca4a-47cb-ae71-8fc517aad200
2023-09-15 05:01:46,788 [dd1e58ff-ca4a-47cb-ae71-8fc517aad200-groupManagement] INFO  server.RaftServerConfigKeys (ConfUtils.java:logGet(46)) - raft.server.snapshot.auto.trigger.enabled = true (custom)
2023-09-15 05:01:46,788 [dd1e58ff-ca4a-47cb-ae71-8fc517aad200-groupManagement] INFO  server.RaftServerConfigKeys (ConfUtils.java:logGet(46)) - raft.server.snapshot.auto.trigger.threshold = 10000 (custom)
2023-09-15 05:01:46,788 [dd1e58ff-ca4a-47cb-ae71-8fc517aad200-groupManagement] INFO  server.RaftServerConfigKeys (ConfUtils.java:logGet(46)) - raft.server.snapshot.retention.file.num = 5 (custom)
2023-09-15 05:01:46,788 [dd1e58ff-ca4a-47cb-ae71-8fc517aad200-groupManagement] INFO  server.RaftServerConfigKeys (ConfUtils.java:logGet(46)) - raft.server.log.purge.upto.snapshot.index = false (default)
2023-09-15 05:01:46,789 [PipelineCommandHandlerThread-0] INFO  ratis.XceiverServerRatis (XceiverServerRatis.java:addGroup(804)) - Created group PipelineID=80467dae-107b-4dcd-be89-88a1b8300e3c
2023-09-15 05:01:46,803 [dd1e58ff-ca4a-47cb-ae71-8fc517aad200@group-88A1B8300E3C-FollowerState] INFO  server.RaftServerConfigKeys (ConfUtils.java:logFallback(53)) - raft.server.rpc.first-election.timeout.min = 5s (fallback to raft.server.rpc.timeout.min)
2023-09-15 05:01:46,808 [dd1e58ff-ca4a-47cb-ae71-8fc517aad200@group-88A1B8300E3C-FollowerState] INFO  server.RaftServerConfigKeys (ConfUtils.java:logFallback(53)) - raft.server.rpc.first-election.timeout.max = 5200ms (fallback to raft.server.rpc.timeout.max)
2023-09-15 05:01:46,814 [IPC Server handler 15 on default port 15002] INFO  net.NetworkTopologyImpl (NetworkTopologyImpl.java:add(112)) - Added a new node: /default-rack/ba5cf16e-7b97-4e1d-8791-bccb4873d66e
2023-09-15 05:01:46,814 [IPC Server handler 15 on default port 15002] INFO  node.SCMNodeManager (SCMNodeManager.java:register(405)) - Registered Data node : ba5cf16e-7b97-4e1d-8791-bccb4873d66e{ip: 10.1.0.24, host: fv-az371-27.ipdn00qvwfrujbrcphh0gwusye.dx.internal.cloudapp.net, ports: [HTTP=15081, CLIENT_RPC=15082, REPLICATION=15088, RATIS=15084, RATIS_ADMIN=15085, RATIS_SERVER=15086, RATIS_DATASTREAM=15087, STANDALONE=15083], networkLocation: /default-rack, certSerialId: null, persistedOpState: null, persistedOpStateExpiryEpochSec: 0}
2023-09-15 05:01:46,814 [EventQueue-NewNodeForNewNodeHandler] INFO  pipeline.BackgroundPipelineCreator (BackgroundPipelineCreator.java:notifyEventTriggered(277)) - trigger a one-shot run on RatisPipelineUtilsThread.
2023-09-15 05:01:46,815 [RatisPipelineUtilsThread - 0] INFO  pipeline.RatisPipelineProvider (RatisPipelineProvider.java:lambda$create$0(206)) - Sending CreatePipelineCommand for pipeline:PipelineID=c07551b4-2a24-42e5-b768-fd5d28ba849a to datanode:ba5cf16e-7b97-4e1d-8791-bccb4873d66e
2023-09-15 05:01:46,820 [RatisPipelineUtilsThread - 0] INFO  pipeline.BackgroundPipelineCreator (BackgroundPipelineCreator.java:createPipelines(233)) - Created new pipeline Pipeline[ Id: c07551b4-2a24-42e5-b768-fd5d28ba849a, Nodes: ba5cf16e-7b97-4e1d-8791-bccb4873d66e(fv-az371-27.ipdn00qvwfrujbrcphh0gwusye.dx.internal.cloudapp.net/10.1.0.24), ReplicationConfig: RATIS/ONE, State:ALLOCATED, leaderId:, CreationTimestamp2023-09-15T05:01:46.815Z[Etc/UTC]]
2023-09-15 05:01:46,821 [RatisPipelineUtilsThread - 0] INFO  pipeline.RatisPipelineProvider (RatisPipelineProvider.java:lambda$create$0(206)) - Sending CreatePipelineCommand for pipeline:PipelineID=15203ac6-9476-4918-ba21-a97556893afe to datanode:ba5cf16e-7b97-4e1d-8791-bccb4873d66e
2023-09-15 05:01:46,821 [RatisPipelineUtilsThread - 0] INFO  pipeline.RatisPipelineProvider (RatisPipelineProvider.java:lambda$create$0(206)) - Sending CreatePipelineCommand for pipeline:PipelineID=15203ac6-9476-4918-ba21-a97556893afe to datanode:49835f94-14b4-44df-a6e0-f69154e42310
2023-09-15 05:01:46,821 [RatisPipelineUtilsThread - 0] INFO  pipeline.RatisPipelineProvider (RatisPipelineProvider.java:lambda$create$0(206)) - Sending CreatePipelineCommand for pipeline:PipelineID=15203ac6-9476-4918-ba21-a97556893afe to datanode:386b2284-1126-4572-992a-9634c883c70a
2023-09-15 05:01:46,823 [RatisPipelineUtilsThread - 0] INFO  pipeline.BackgroundPipelineCreator (BackgroundPipelineCreator.java:createPipelines(233)) - Created new pipeline Pipeline[ Id: 15203ac6-9476-4918-ba21-a97556893afe, Nodes: ba5cf16e-7b97-4e1d-8791-bccb4873d66e(fv-az371-27.ipdn00qvwfrujbrcphh0gwusye.dx.internal.cloudapp.net/10.1.0.24)49835f94-14b4-44df-a6e0-f69154e42310(fv-az371-27.ipdn00qvwfrujbrcphh0gwusye.dx.internal.cloudapp.net/10.1.0.24)386b2284-1126-4572-992a-9634c883c70a(fv-az371-27.ipdn00qvwfrujbrcphh0gwusye.dx.internal.cloudapp.net/10.1.0.24), ReplicationConfig: RATIS/THREE, State:ALLOCATED, leaderId:, CreationTimestamp2023-09-15T05:01:46.821Z[Etc/UTC]]
2023-09-15 05:01:46,824 [RatisPipelineUtilsThread - 0] INFO  pipeline.RatisPipelineProvider (RatisPipelineProvider.java:lambda$create$0(206)) - Sending CreatePipelineCommand for pipeline:PipelineID=bc2810cb-2d62-4486-9982-18db07e89af1 to datanode:49835f94-14b4-44df-a6e0-f69154e42310
2023-09-15 05:01:46,826 [RatisPipelineUtilsThread - 0] INFO  pipeline.RatisPipelineProvider (RatisPipelineProvider.java:lambda$create$0(206)) - Sending CreatePipelineCommand for pipeline:PipelineID=bc2810cb-2d62-4486-9982-18db07e89af1 to datanode:ba5cf16e-7b97-4e1d-8791-bccb4873d66e
2023-09-15 05:01:46,826 [RatisPipelineUtilsThread - 0] INFO  pipeline.RatisPipelineProvider (RatisPipelineProvider.java:lambda$create$0(206)) - Sending CreatePipelineCommand for pipeline:PipelineID=bc2810cb-2d62-4486-9982-18db07e89af1 to datanode:386b2284-1126-4572-992a-9634c883c70a
2023-09-15 05:01:46,828 [RatisPipelineUtilsThread - 0] INFO  pipeline.PipelineManagerImpl (PipelineManagerImpl.java:recordMetricsForPipeline(895)) - Pipeline: PipelineID=bc2810cb-2d62-4486-9982-18db07e89af1 contains same datanodes as previous pipelines: PipelineID=15203ac6-9476-4918-ba21-a97556893afe nodeIds: 49835f94-14b4-44df-a6e0-f69154e42310, ba5cf16e-7b97-4e1d-8791-bccb4873d66e, 386b2284-1126-4572-992a-9634c883c70a
2023-09-15 05:01:46,828 [RatisPipelineUtilsThread - 0] INFO  pipeline.BackgroundPipelineCreator (BackgroundPipelineCreator.java:createPipelines(233)) - Created new pipeline Pipeline[ Id: bc2810cb-2d62-4486-9982-18db07e89af1, Nodes: 49835f94-14b4-44df-a6e0-f69154e42310(fv-az371-27.ipdn00qvwfrujbrcphh0gwusye.dx.internal.cloudapp.net/10.1.0.24)ba5cf16e-7b97-4e1d-8791-bccb4873d66e(fv-az371-27.ipdn00qvwfrujbrcphh0gwusye.dx.internal.cloudapp.net/10.1.0.24)386b2284-1126-4572-992a-9634c883c70a(fv-az371-27.ipdn00qvwfrujbrcphh0gwusye.dx.internal.cloudapp.net/10.1.0.24), ReplicationConfig: RATIS/THREE, State:ALLOCATED, leaderId:, CreationTimestamp2023-09-15T05:01:46.824Z[Etc/UTC]]
2023-09-15 05:01:47,020 [grpc-default-executor-0] INFO  server.RaftServer (RaftServerProxy.java:addNew(98)) - 729f921e-514b-472d-a5a3-7d6b9d90aa28: addNew group-88A1B8300E3C:[dd1e58ff-ca4a-47cb-ae71-8fc517aad200|rpc:10.1.0.24:15023|admin:10.1.0.24:15022|client:10.1.0.24:15021|dataStream:10.1.0.24:15024|priority:0|startupRole:FOLLOWER, 3b898b8b-8841-452f-b538-8e8d26c8d287|rpc:10.1.0.24:15014|admin:10.1.0.24:15013|client:10.1.0.24:15012|dataStream:10.1.0.24:15015|priority:1|startupRole:FOLLOWER, 729f921e-514b-472d-a5a3-7d6b9d90aa28|rpc:10.1.0.24:15032|admin:10.1.0.24:15031|client:10.1.0.24:15030|dataStream:10.1.0.24:15033|priority:0|startupRole:FOLLOWER] returns group-88A1B8300E3C:java.util.concurrent.CompletableFuture@53a2159b[Not completed]
2023-09-15 05:01:47,026 [729f921e-514b-472d-a5a3-7d6b9d90aa28-groupManagement] INFO  server.RaftServer$Division (RaftServerImpl.java:<init>(198)) - 729f921e-514b-472d-a5a3-7d6b9d90aa28: new RaftServerImpl for group-88A1B8300E3C:[dd1e58ff-ca4a-47cb-ae71-8fc517aad200|rpc:10.1.0.24:15023|admin:10.1.0.24:15022|client:10.1.0.24:15021|dataStream:10.1.0.24:15024|priority:0|startupRole:FOLLOWER, 3b898b8b-8841-452f-b538-8e8d26c8d287|rpc:10.1.0.24:15014|admin:10.1.0.24:15013|client:10.1.0.24:15012|dataStream:10.1.0.24:15015|priority:1|startupRole:FOLLOWER, 729f921e-514b-472d-a5a3-7d6b9d90aa28|rpc:10.1.0.24:15032|admin:10.1.0.24:15031|client:10.1.0.24:15030|dataStream:10.1.0.24:15033|priority:0|startupRole:FOLLOWER] with ContainerStateMachine:uninitialized
2023-09-15 05:01:47,027 [729f921e-514b-472d-a5a3-7d6b9d90aa28-groupManagement] INFO  server.RaftServerConfigKeys (ConfUtils.java:logGet(46)) - raft.server.rpc.timeout.min = 5s (custom)
2023-09-15 05:01:47,027 [729f921e-514b-472d-a5a3-7d6b9d90aa28-groupManagement] INFO  server.RaftServerConfigKeys (ConfUtils.java:logGet(46)) - raft.server.rpc.timeout.max = 5200ms (custom)
2023-09-15 05:01:47,027 [729f921e-514b-472d-a5a3-7d6b9d90aa28-groupManagement] INFO  server.RaftServerConfigKeys (ConfUtils.java:logGet(46)) - raft.server.rpc.sleep.time = 25ms (default)
2023-09-15 05:01:47,027 [729f921e-514b-472d-a5a3-7d6b9d90aa28-groupManagement] INFO  server.RaftServerConfigKeys (ConfUtils.java:logGet(46)) - raft.server.rpc.slowness.timeout = 300s (custom)
2023-09-15 05:01:47,027 [729f921e-514b-472d-a5a3-7d6b9d90aa28-groupManagement] INFO  server.RaftServerConfigKeys (ConfUtils.java:logGet(46)) - raft.server.leaderelection.leader.step-down.wait-time = 10s (default)
2023-09-15 05:01:47,027 [729f921e-514b-472d-a5a3-7d6b9d90aa28-groupManagement] INFO  server.RaftServerConfigKeys (ConfUtils.java:logGet(46)) - raft.server.sleep.deviation.threshold = 300ms (default)
2023-09-15 05:01:47,027 [729f921e-514b-472d-a5a3-7d6b9d90aa28-groupManagement] INFO  server.RaftServer$Division (ServerState.java:<init>(120)) - 729f921e-514b-472d-a5a3-7d6b9d90aa28@group-88A1B8300E3C: ConfigurationManager, init=-1: peers:[dd1e58ff-ca4a-47cb-ae71-8fc517aad200|rpc:10.1.0.24:15023|admin:10.1.0.24:15022|client:10.1.0.24:15021|dataStream:10.1.0.24:15024|priority:0|startupRole:FOLLOWER, 3b898b8b-8841-452f-b538-8e8d26c8d287|rpc:10.1.0.24:15014|admin:10.1.0.24:15013|client:10.1.0.24:15012|dataStream:10.1.0.24:15015|priority:1|startupRole:FOLLOWER, 729f921e-514b-472d-a5a3-7d6b9d90aa28|rpc:10.1.0.24:15032|admin:10.1.0.24:15031|client:10.1.0.24:15030|dataStream:10.1.0.24:15033|priority:0|startupRole:FOLLOWER]|listeners:[], old=null, confs=<EMPTY_MAP>
2023-09-15 05:01:47,027 [729f921e-514b-472d-a5a3-7d6b9d90aa28-groupManagement] INFO  server.RaftServerConfigKeys (ConfUtils.java:logGet(46)) - raft.server.storage.dir = [/home/runner/work/ozone/ozone/hadoop-ozone/integration-test/target/test-dir/MiniOzoneClusterImpl-0a18362f-1832-4b81-b629-935968d04e12/datanode-2/data/ratis] (custom)
2023-09-15 05:01:47,033 [729f921e-514b-472d-a5a3-7d6b9d90aa28-groupManagement] INFO  server.RaftServerConfigKeys (ConfUtils.java:logGet(46)) - raft.server.log.corruption.policy = EXCEPTION (default)
2023-09-15 05:01:47,033 [729f921e-514b-472d-a5a3-7d6b9d90aa28-groupManagement] INFO  server.RaftServerConfigKeys (ConfUtils.java:logGet(46)) - raft.server.storage.free-space.min = 0MB (=0) (default)
2023-09-15 05:01:47,033 [729f921e-514b-472d-a5a3-7d6b9d90aa28-groupManagement] INFO  server.RaftServerConfigKeys (ConfUtils.java:logGet(46)) - raft.server.notification.no-leader.timeout = 300s (custom)
2023-09-15 05:01:47,033 [729f921e-514b-472d-a5a3-7d6b9d90aa28-groupManagement] INFO  server.RaftServerConfigKeys (ConfUtils.java:logGet(46)) - raft.server.read.timeout = 10s (default)
2023-09-15 05:01:47,034 [729f921e-514b-472d-a5a3-7d6b9d90aa28-groupManagement] INFO  server.RaftServerConfigKeys (ConfUtils.java:logGet(46)) - raft.server.retrycache.expirytime = 600000ms (custom)
2023-09-15 05:01:47,034 [729f921e-514b-472d-a5a3-7d6b9d90aa28-groupManagement] INFO  server.RaftServerConfigKeys (ConfUtils.java:logGet(46)) - raft.server.retrycache.statistics.expirytime = 100μs (default)
2023-09-15 05:01:47,034 [729f921e-514b-472d-a5a3-7d6b9d90aa28-groupManagement] INFO  server.RaftServerConfigKeys (ConfUtils.java:logGet(46)) - raft.server.read.option = DEFAULT (default)
2023-09-15 05:01:47,035 [729f921e-514b-472d-a5a3-7d6b9d90aa28-groupManagement] INFO  server.RaftServerConfigKeys (ConfUtils.java:logGet(46)) - raft.server.rpc.request.timeout = 60s (custom)
2023-09-15 05:01:47,035 [729f921e-514b-472d-a5a3-7d6b9d90aa28-groupManagement] INFO  server.RaftServerConfigKeys (ConfUtils.java:logGet(46)) - raft.server.log.appender.install.snapshot.enabled = false (custom)
2023-09-15 05:01:47,035 [729f921e-514b-472d-a5a3-7d6b9d90aa28-groupManagement] INFO  server.RaftServerConfigKeys (ConfUtils.java:logGet(46)) - raft.server.threadpool.server.cached = true (default)
2023-09-15 05:01:47,035 [729f921e-514b-472d-a5a3-7d6b9d90aa28-groupManagement] INFO  server.RaftServerConfigKeys (ConfUtils.java:logGet(46)) - raft.server.threadpool.server.size = 0 (default)
2023-09-15 05:01:47,036 [729f921e-514b-472d-a5a3-7d6b9d90aa28-groupManagement] INFO  server.RaftServerConfigKeys (ConfUtils.java:logGet(46)) - raft.server.threadpool.client.cached = true (default)
2023-09-15 05:01:47,036 [729f921e-514b-472d-a5a3-7d6b9d90aa28-groupManagement] INFO  server.RaftServerConfigKeys (ConfUtils.java:logGet(46)) - raft.server.threadpool.client.size = 0 (default)
2023-09-15 05:01:47,036 [729f921e-514b-472d-a5a3-7d6b9d90aa28-groupManagement] INFO  storage.RaftStorageDirectory (RaftStorageDirectoryImpl.java:analyzeStorage(137)) - The storage directory /home/runner/work/ozone/ozone/hadoop-ozone/integration-test/target/test-dir/MiniOzoneClusterImpl-0a18362f-1832-4b81-b629-935968d04e12/datanode-2/data/ratis/80467dae-107b-4dcd-be89-88a1b8300e3c does not exist. Creating ...
2023-09-15 05:01:47,041 [729f921e-514b-472d-a5a3-7d6b9d90aa28-groupManagement] INFO  storage.RaftStorageDirectory (RaftStorageDirectoryImpl.java:tryLock(231)) - Lock on /home/runner/work/ozone/ozone/hadoop-ozone/integration-test/target/test-dir/MiniOzoneClusterImpl-0a18362f-1832-4b81-b629-935968d04e12/datanode-2/data/ratis/80467dae-107b-4dcd-be89-88a1b8300e3c/in_use.lock acquired by nodename 87703@fv-az371-27
2023-09-15 05:01:47,043 [729f921e-514b-472d-a5a3-7d6b9d90aa28-groupManagement] INFO  storage.RaftStorage (RaftStorageImpl.java:format(96)) - Storage directory /home/runner/work/ozone/ozone/hadoop-ozone/integration-test/target/test-dir/MiniOzoneClusterImpl-0a18362f-1832-4b81-b629-935968d04e12/datanode-2/data/ratis/80467dae-107b-4dcd-be89-88a1b8300e3c has been successfully formatted.
2023-09-15 05:01:47,050 [729f921e-514b-472d-a5a3-7d6b9d90aa28-groupManagement] INFO  ratis.ContainerStateMachine (ContainerStateMachine.java:loadSnapshot(262)) - group-88A1B8300E3C: The snapshot info is null. Setting the last applied indexto:(t:0, i:~)
2023-09-15 05:01:47,050 [729f921e-514b-472d-a5a3-7d6b9d90aa28-groupManagement] INFO  server.RaftServerConfigKeys (ConfUtils.java:logGet(46)) - raft.server.log.use.memory = false (default)
2023-09-15 05:01:47,050 [729f921e-514b-472d-a5a3-7d6b9d90aa28-groupManagement] INFO  server.RaftServerConfigKeys (ConfUtils.java:logGet(46)) - raft.server.log.purge.gap = 1000000 (custom)
2023-09-15 05:01:47,050 [729f921e-514b-472d-a5a3-7d6b9d90aa28-groupManagement] INFO  server.RaftServerConfigKeys (ConfUtils.java:logGet(46)) - raft.server.log.appender.buffer.byte-limit = 33554432 (custom)
2023-09-15 05:01:47,050 [729f921e-514b-472d-a5a3-7d6b9d90aa28-groupManagement] INFO  server.RaftServerConfigKeys (ConfUtils.java:logGet(46)) - raft.server.log.statemachine.data.read.timeout = 1000ms (default)
2023-09-15 05:01:47,050 [729f921e-514b-472d-a5a3-7d6b9d90aa28-groupManagement] INFO  server.RaftServerConfigKeys (ConfUtils.java:logGet(46)) - raft.server.log.purge.preservation.log.num = 0 (default)
2023-09-15 05:01:47,050 [729f921e-514b-472d-a5a3-7d6b9d90aa28-groupManagement] INFO  server.RaftServerConfigKeys (ConfUtils.java:logGet(46)) - raft.server.log.segment.size.max = 1048576 (custom)
2023-09-15 05:01:47,051 [729f921e-514b-472d-a5a3-7d6b9d90aa28-groupManagement] INFO  server.RaftServerConfigKeys (ConfUtils.java:logGet(46)) - raft.server.log.segment.cache.num.max = 2 (custom)
2023-09-15 05:01:47,051 [729f921e-514b-472d-a5a3-7d6b9d90aa28-groupManagement] INFO  server.RaftServerConfigKeys (ConfUtils.java:logGet(46)) - raft.server.log.segment.cache.size.max = 200MB (=209715200) (default)
2023-09-15 05:01:47,051 [729f921e-514b-472d-a5a3-7d6b9d90aa28-groupManagement] INFO  server.RaftServerConfigKeys (ConfUtils.java:logGet(46)) - raft.server.log.appender.buffer.byte-limit = 33554432 (custom)
2023-09-15 05:01:47,051 [729f921e-514b-472d-a5a3-7d6b9d90aa28-groupManagement] INFO  segmented.SegmentedRaftLogWorker (SegmentedRaftLogWorker.java:<init>(188)) - new 729f921e-514b-472d-a5a3-7d6b9d90aa28@group-88A1B8300E3C-SegmentedRaftLogWorker for RaftStorageImpl:Storage Directory /home/runner/work/ozone/ozone/hadoop-ozone/integration-test/target/test-dir/MiniOzoneClusterImpl-0a18362f-1832-4b81-b629-935968d04e12/datanode-2/data/ratis/80467dae-107b-4dcd-be89-88a1b8300e3c
2023-09-15 05:01:47,051 [729f921e-514b-472d-a5a3-7d6b9d90aa28-groupManagement] INFO  server.RaftServerConfigKeys (ConfUtils.java:logGet(46)) - raft.server.log.queue.byte-limit = 4294967296 (custom)
2023-09-15 05:01:47,051 [729f921e-514b-472d-a5a3-7d6b9d90aa28-groupManagement] INFO  server.RaftServerConfigKeys (ConfUtils.java:logGet(46)) - raft.server.log.queue.element-limit = 1024 (custom)
2023-09-15 05:01:47,051 [729f921e-514b-472d-a5a3-7d6b9d90aa28-groupManagement] INFO  server.RaftServerConfigKeys (ConfUtils.java:logGet(46)) - raft.server.log.segment.size.max = 1048576 (custom)
2023-09-15 05:01:47,056 [729f921e-514b-472d-a5a3-7d6b9d90aa28-groupManagement] INFO  server.RaftServerConfigKeys (ConfUtils.java:logGet(46)) - raft.server.log.preallocated.size = 16384 (custom)
2023-09-15 05:01:47,056 [729f921e-514b-472d-a5a3-7d6b9d90aa28-groupManagement] INFO  server.RaftServerConfigKeys (ConfUtils.java:logGet(46)) - raft.server.log.force.sync.num = 128 (default)
2023-09-15 05:01:47,056 [729f921e-514b-472d-a5a3-7d6b9d90aa28-groupManagement] INFO  server.RaftServerConfigKeys (ConfUtils.java:logGet(46)) - raft.server.log.statemachine.data.sync = true (default)
2023-09-15 05:01:47,056 [729f921e-514b-472d-a5a3-7d6b9d90aa28-groupManagement] INFO  server.RaftServerConfigKeys (ConfUtils.java:logGet(46)) - raft.server.log.statemachine.data.sync.timeout = 10s (default)
2023-09-15 05:01:47,056 [729f921e-514b-472d-a5a3-7d6b9d90aa28-groupManagement] INFO  server.RaftServerConfigKeys (ConfUtils.java:logGet(46)) - raft.server.log.statemachine.data.sync.timeout.retry = -1 (default)
2023-09-15 05:01:47,062 [729f921e-514b-472d-a5a3-7d6b9d90aa28-groupManagement] INFO  server.RaftServerConfigKeys (ConfUtils.java:logGet(46)) - raft.server.log.write.buffer.size = 1048576 (custom)
2023-09-15 05:01:47,062 [PipelineCommandHandlerThread-0] INFO  server.RaftServer (RaftServerProxy.java:addNew(98)) - 729f921e-514b-472d-a5a3-7d6b9d90aa28: addNew group-E2255ABAB38B:[729f921e-514b-472d-a5a3-7d6b9d90aa28|rpc:10.1.0.24:15032|admin:10.1.0.24:15031|client:10.1.0.24:15030|dataStream:10.1.0.24:15033|priority:1|startupRole:FOLLOWER] returns group-E2255ABAB38B:java.util.concurrent.CompletableFuture@62a8f1e6[Not completed]
2023-09-15 05:01:47,063 [729f921e-514b-472d-a5a3-7d6b9d90aa28-groupManagement] INFO  server.RaftServerConfigKeys (ConfUtils.java:logGet(46)) - raft.server.log.appender.buffer.byte-limit = 33554432 (custom)
2023-09-15 05:01:47,070 [729f921e-514b-472d-a5a3-7d6b9d90aa28-groupManagement] INFO  server.RaftServerConfigKeys (ConfUtils.java:logGet(46)) - raft.server.log.unsafe-flush.enabled = false (default)
2023-09-15 05:01:47,070 [729f921e-514b-472d-a5a3-7d6b9d90aa28-groupManagement] INFO  server.RaftServerConfigKeys (ConfUtils.java:logGet(46)) - raft.server.log.async-flush.enabled = false (default)
2023-09-15 05:01:47,070 [729f921e-514b-472d-a5a3-7d6b9d90aa28-groupManagement] INFO  server.RaftServerConfigKeys (ConfUtils.java:logGet(46)) - raft.server.log.statemachine.data.caching.enabled = true (custom)
2023-09-15 05:01:47,070 [729f921e-514b-472d-a5a3-7d6b9d90aa28-groupManagement] INFO  segmented.SegmentedRaftLogWorker (SegmentedRaftLogWorker.java:lambda$new$0(135)) - 729f921e-514b-472d-a5a3-7d6b9d90aa28@group-88A1B8300E3C-SegmentedRaftLogWorker: flushIndex: setUnconditionally 0 -> -1
2023-09-15 05:01:47,070 [729f921e-514b-472d-a5a3-7d6b9d90aa28-groupManagement] INFO  segmented.SegmentedRaftLogWorker (SegmentedRaftLogWorker.java:lambda$new$0(135)) - 729f921e-514b-472d-a5a3-7d6b9d90aa28@group-88A1B8300E3C-SegmentedRaftLogWorker: safeCacheEvictIndex: setUnconditionally 0 -> -1
2023-09-15 05:01:47,073 [729f921e-514b-472d-a5a3-7d6b9d90aa28-groupManagement] INFO  server.RaftServer$Division (RaftServerImpl.java:start(342)) - 729f921e-514b-472d-a5a3-7d6b9d90aa28@group-88A1B8300E3C: start as a follower, conf=-1: peers:[dd1e58ff-ca4a-47cb-ae71-8fc517aad200|rpc:10.1.0.24:15023|admin:10.1.0.24:15022|client:10.1.0.24:15021|dataStream:10.1.0.24:15024|priority:0|startupRole:FOLLOWER, 3b898b8b-8841-452f-b538-8e8d26c8d287|rpc:10.1.0.24:15014|admin:10.1.0.24:15013|client:10.1.0.24:15012|dataStream:10.1.0.24:15015|priority:1|startupRole:FOLLOWER, 729f921e-514b-472d-a5a3-7d6b9d90aa28|rpc:10.1.0.24:15032|admin:10.1.0.24:15031|client:10.1.0.24:15030|dataStream:10.1.0.24:15033|priority:0|startupRole:FOLLOWER]|listeners:[], old=null
2023-09-15 05:01:47,073 [729f921e-514b-472d-a5a3-7d6b9d90aa28-groupManagement] INFO  server.RaftServer$Division (RaftServerImpl.java:setRole(329)) - 729f921e-514b-472d-a5a3-7d6b9d90aa28@group-88A1B8300E3C: changes role from      null to FOLLOWER at term 0 for startAsFollower
2023-09-15 05:01:47,073 [729f921e-514b-472d-a5a3-7d6b9d90aa28-groupManagement] INFO  impl.RoleInfo (RoleInfo.java:updateAndGet(139)) - 729f921e-514b-472d-a5a3-7d6b9d90aa28: start 729f921e-514b-472d-a5a3-7d6b9d90aa28@group-88A1B8300E3C-FollowerState
2023-09-15 05:01:47,073 [729f921e-514b-472d-a5a3-7d6b9d90aa28-groupManagement] INFO  util.JmxRegister (JmxRegister.java:tryRegister(44)) - Successfully registered JMX Bean with object name Ratis:service=RaftServer,group=group-88A1B8300E3C,id=729f921e-514b-472d-a5a3-7d6b9d90aa28
2023-09-15 05:01:47,074 [729f921e-514b-472d-a5a3-7d6b9d90aa28-groupManagement] INFO  server.RaftServerConfigKeys (ConfUtils.java:logGet(46)) - raft.server.snapshot.auto.trigger.enabled = true (custom)
2023-09-15 05:01:47,074 [729f921e-514b-472d-a5a3-7d6b9d90aa28-groupManagement] INFO  server.RaftServerConfigKeys (ConfUtils.java:logGet(46)) - raft.server.snapshot.auto.trigger.threshold = 10000 (custom)
2023-09-15 05:01:47,074 [729f921e-514b-472d-a5a3-7d6b9d90aa28-groupManagement] INFO  server.RaftServerConfigKeys (ConfUtils.java:logGet(46)) - raft.server.snapshot.retention.file.num = 5 (custom)
2023-09-15 05:01:47,074 [729f921e-514b-472d-a5a3-7d6b9d90aa28-groupManagement] INFO  server.RaftServerConfigKeys (ConfUtils.java:logGet(46)) - raft.server.log.purge.upto.snapshot.index = false (default)
2023-09-15 05:01:47,078 [729f921e-514b-472d-a5a3-7d6b9d90aa28@group-88A1B8300E3C-FollowerState] INFO  server.RaftServerConfigKeys (ConfUtils.java:logFallback(53)) - raft.server.rpc.first-election.timeout.min = 5s (fallback to raft.server.rpc.timeout.min)
2023-09-15 05:01:47,087 [729f921e-514b-472d-a5a3-7d6b9d90aa28@group-88A1B8300E3C-FollowerState] INFO  server.RaftServerConfigKeys (ConfUtils.java:logFallback(53)) - raft.server.rpc.first-election.timeout.max = 5200ms (fallback to raft.server.rpc.timeout.max)
2023-09-15 05:01:47,083 [729f921e-514b-472d-a5a3-7d6b9d90aa28-groupManagement] INFO  server.RaftServer$Division (RaftServerImpl.java:<init>(198)) - 729f921e-514b-472d-a5a3-7d6b9d90aa28: new RaftServerImpl for group-E2255ABAB38B:[729f921e-514b-472d-a5a3-7d6b9d90aa28|rpc:10.1.0.24:15032|admin:10.1.0.24:15031|client:10.1.0.24:15030|dataStream:10.1.0.24:15033|priority:1|startupRole:FOLLOWER] with ContainerStateMachine:uninitialized
2023-09-15 05:01:47,087 [729f921e-514b-472d-a5a3-7d6b9d90aa28-groupManagement] INFO  server.RaftServerConfigKeys (ConfUtils.java:logGet(46)) - raft.server.rpc.timeout.min = 5s (custom)
2023-09-15 05:01:47,087 [729f921e-514b-472d-a5a3-7d6b9d90aa28-groupManagement] INFO  server.RaftServerConfigKeys (ConfUtils.java:logGet(46)) - raft.server.rpc.timeout.max = 5200ms (custom)
2023-09-15 05:01:47,087 [729f921e-514b-472d-a5a3-7d6b9d90aa28-groupManagement] INFO  server.RaftServerConfigKeys (ConfUtils.java:logGet(46)) - raft.server.rpc.sleep.time = 25ms (default)
2023-09-15 05:01:47,087 [729f921e-514b-472d-a5a3-7d6b9d90aa28-groupManagement] INFO  server.RaftServerConfigKeys (ConfUtils.java:logGet(46)) - raft.server.rpc.slowness.timeout = 300s (custom)
2023-09-15 05:01:47,087 [729f921e-514b-472d-a5a3-7d6b9d90aa28-groupManagement] INFO  server.RaftServerConfigKeys (ConfUtils.java:logGet(46)) - raft.server.leaderelection.leader.step-down.wait-time = 10s (default)
2023-09-15 05:01:47,087 [729f921e-514b-472d-a5a3-7d6b9d90aa28-groupManagement] INFO  server.RaftServerConfigKeys (ConfUtils.java:logGet(46)) - raft.server.sleep.deviation.threshold = 300ms (default)
2023-09-15 05:01:47,088 [729f921e-514b-472d-a5a3-7d6b9d90aa28-groupManagement] INFO  server.RaftServer$Division (ServerState.java:<init>(120)) - 729f921e-514b-472d-a5a3-7d6b9d90aa28@group-E2255ABAB38B: ConfigurationManager, init=-1: peers:[729f921e-514b-472d-a5a3-7d6b9d90aa28|rpc:10.1.0.24:15032|admin:10.1.0.24:15031|client:10.1.0.24:15030|dataStream:10.1.0.24:15033|priority:1|startupRole:FOLLOWER]|listeners:[], old=null, confs=<EMPTY_MAP>
2023-09-15 05:01:47,088 [729f921e-514b-472d-a5a3-7d6b9d90aa28-groupManagement] INFO  server.RaftServerConfigKeys (ConfUtils.java:logGet(46)) - raft.server.storage.dir = [/home/runner/work/ozone/ozone/hadoop-ozone/integration-test/target/test-dir/MiniOzoneClusterImpl-0a18362f-1832-4b81-b629-935968d04e12/datanode-2/data/ratis] (custom)
2023-09-15 05:01:47,088 [729f921e-514b-472d-a5a3-7d6b9d90aa28-groupManagement] INFO  server.RaftServerConfigKeys (ConfUtils.java:logGet(46)) - raft.server.log.corruption.policy = EXCEPTION (default)
2023-09-15 05:01:47,088 [729f921e-514b-472d-a5a3-7d6b9d90aa28-groupManagement] INFO  server.RaftServerConfigKeys (ConfUtils.java:logGet(46)) - raft.server.storage.free-space.min = 0MB (=0) (default)
2023-09-15 05:01:47,088 [729f921e-514b-472d-a5a3-7d6b9d90aa28-groupManagement] INFO  server.RaftServerConfigKeys (ConfUtils.java:logGet(46)) - raft.server.notification.no-leader.timeout = 300s (custom)
2023-09-15 05:01:47,088 [729f921e-514b-472d-a5a3-7d6b9d90aa28-groupManagement] INFO  server.RaftServerConfigKeys (ConfUtils.java:logGet(46)) - raft.server.read.timeout = 10s (default)
2023-09-15 05:01:47,088 [729f921e-514b-472d-a5a3-7d6b9d90aa28-groupManagement] INFO  server.RaftServerConfigKeys (ConfUtils.java:logGet(46)) - raft.server.retrycache.expirytime = 600000ms (custom)
2023-09-15 05:01:47,088 [729f921e-514b-472d-a5a3-7d6b9d90aa28-groupManagement] INFO  server.RaftServerConfigKeys (ConfUtils.java:logGet(46)) - raft.server.retrycache.statistics.expirytime = 100μs (default)
2023-09-15 05:01:47,088 [729f921e-514b-472d-a5a3-7d6b9d90aa28-groupManagement] INFO  server.RaftServerConfigKeys (ConfUtils.java:logGet(46)) - raft.server.read.option = DEFAULT (default)
2023-09-15 05:01:47,090 [729f921e-514b-472d-a5a3-7d6b9d90aa28-groupManagement] INFO  server.RaftServerConfigKeys (ConfUtils.java:logGet(46)) - raft.server.rpc.request.timeout = 60s (custom)
2023-09-15 05:01:47,090 [729f921e-514b-472d-a5a3-7d6b9d90aa28-groupManagement] INFO  server.RaftServerConfigKeys (ConfUtils.java:logGet(46)) - raft.server.log.appender.install.snapshot.enabled = false (custom)
2023-09-15 05:01:47,090 [729f921e-514b-472d-a5a3-7d6b9d90aa28-groupManagement] INFO  server.RaftServerConfigKeys (ConfUtils.java:logGet(46)) - raft.server.threadpool.server.cached = true (default)
2023-09-15 05:01:47,090 [729f921e-514b-472d-a5a3-7d6b9d90aa28-groupManagement] INFO  server.RaftServerConfigKeys (ConfUtils.java:logGet(46)) - raft.server.threadpool.server.size = 0 (default)
2023-09-15 05:01:47,090 [729f921e-514b-472d-a5a3-7d6b9d90aa28-groupManagement] INFO  server.RaftServerConfigKeys (ConfUtils.java:logGet(46)) - raft.server.threadpool.client.cached = true (default)
2023-09-15 05:01:47,090 [729f921e-514b-472d-a5a3-7d6b9d90aa28-groupManagement] INFO  server.RaftServerConfigKeys (ConfUtils.java:logGet(46)) - raft.server.threadpool.client.size = 0 (default)
2023-09-15 05:01:47,090 [729f921e-514b-472d-a5a3-7d6b9d90aa28-groupManagement] INFO  storage.RaftStorageDirectory (RaftStorageDirectoryImpl.java:analyzeStorage(137)) - The storage directory /home/runner/work/ozone/ozone/hadoop-ozone/integration-test/target/test-dir/MiniOzoneClusterImpl-0a18362f-1832-4b81-b629-935968d04e12/datanode-2/data/ratis/faf68125-ad7f-456d-a28d-e2255abab38b does not exist. Creating ...
2023-09-15 05:01:47,091 [729f921e-514b-472d-a5a3-7d6b9d90aa28-groupManagement] INFO  storage.RaftStorageDirectory (RaftStorageDirectoryImpl.java:tryLock(231)) - Lock on /home/runner/work/ozone/ozone/hadoop-ozone/integration-test/target/test-dir/MiniOzoneClusterImpl-0a18362f-1832-4b81-b629-935968d04e12/datanode-2/data/ratis/faf68125-ad7f-456d-a28d-e2255abab38b/in_use.lock acquired by nodename 87703@fv-az371-27
2023-09-15 05:01:47,093 [729f921e-514b-472d-a5a3-7d6b9d90aa28-groupManagement] INFO  storage.RaftStorage (RaftStorageImpl.java:format(96)) - Storage directory /home/runner/work/ozone/ozone/hadoop-ozone/integration-test/target/test-dir/MiniOzoneClusterImpl-0a18362f-1832-4b81-b629-935968d04e12/datanode-2/data/ratis/faf68125-ad7f-456d-a28d-e2255abab38b has been successfully formatted.
2023-09-15 05:01:47,093 [729f921e-514b-472d-a5a3-7d6b9d90aa28-groupManagement] INFO  ratis.ContainerStateMachine (ContainerStateMachine.java:loadSnapshot(262)) - group-E2255ABAB38B: The snapshot info is null. Setting the last applied indexto:(t:0, i:~)
2023-09-15 05:01:47,093 [729f921e-514b-472d-a5a3-7d6b9d90aa28-groupManagement] INFO  server.RaftServerConfigKeys (ConfUtils.java:logGet(46)) - raft.server.log.use.memory = false (default)
2023-09-15 05:01:47,094 [729f921e-514b-472d-a5a3-7d6b9d90aa28-groupManagement] INFO  server.RaftServerConfigKeys (ConfUtils.java:logGet(46)) - raft.server.log.purge.gap = 1000000 (custom)
2023-09-15 05:01:47,094 [729f921e-514b-472d-a5a3-7d6b9d90aa28-groupManagement] INFO  server.RaftServerConfigKeys (ConfUtils.java:logGet(46)) - raft.server.log.appender.buffer.byte-limit = 33554432 (custom)
2023-09-15 05:01:47,094 [729f921e-514b-472d-a5a3-7d6b9d90aa28-groupManagement] INFO  server.RaftServerConfigKeys (ConfUtils.java:logGet(46)) - raft.server.log.statemachine.data.read.timeout = 1000ms (default)
2023-09-15 05:01:47,094 [729f921e-514b-472d-a5a3-7d6b9d90aa28-groupManagement] INFO  server.RaftServerConfigKeys (ConfUtils.java:logGet(46)) - raft.server.log.purge.preservation.log.num = 0 (default)
2023-09-15 05:01:47,102 [EventQueue-PipelineReportForPipelineReportHandler] INFO  pipeline.PipelineReportHandler (PipelineReportHandler.java:processPipelineReport(136)) - Opened pipeline PipelineID=faf68125-ad7f-456d-a28d-e2255abab38b
2023-09-15 05:01:47,103 [EventQueue-OpenPipelineForHealthyPipelineSafeModeRule] INFO  safemode.SCMSafeModeManager (HealthyPipelineSafeModeRule.java:process(137)) - SCM in safe mode. Healthy pipelines reported count is 0, required healthy pipeline reported count is 1
2023-09-15 05:01:47,110 [729f921e-514b-472d-a5a3-7d6b9d90aa28-groupManagement] INFO  server.RaftServerConfigKeys (ConfUtils.java:logGet(46)) - raft.server.log.segment.size.max = 1048576 (custom)
2023-09-15 05:01:47,111 [729f921e-514b-472d-a5a3-7d6b9d90aa28-groupManagement] INFO  server.RaftServerConfigKeys (ConfUtils.java:logGet(46)) - raft.server.log.segment.cache.num.max = 2 (custom)
2023-09-15 05:01:47,111 [729f921e-514b-472d-a5a3-7d6b9d90aa28-groupManagement] INFO  server.RaftServerConfigKeys (ConfUtils.java:logGet(46)) - raft.server.log.segment.cache.size.max = 200MB (=209715200) (default)
2023-09-15 05:01:47,111 [729f921e-514b-472d-a5a3-7d6b9d90aa28-groupManagement] INFO  server.RaftServerConfigKeys (ConfUtils.java:logGet(46)) - raft.server.log.appender.buffer.byte-limit = 33554432 (custom)
2023-09-15 05:01:47,111 [729f921e-514b-472d-a5a3-7d6b9d90aa28-groupManagement] INFO  segmented.SegmentedRaftLogWorker (SegmentedRaftLogWorker.java:<init>(188)) - new 729f921e-514b-472d-a5a3-7d6b9d90aa28@group-E2255ABAB38B-SegmentedRaftLogWorker for RaftStorageImpl:Storage Directory /home/runner/work/ozone/ozone/hadoop-ozone/integration-test/target/test-dir/MiniOzoneClusterImpl-0a18362f-1832-4b81-b629-935968d04e12/datanode-2/data/ratis/faf68125-ad7f-456d-a28d-e2255abab38b
2023-09-15 05:01:47,111 [729f921e-514b-472d-a5a3-7d6b9d90aa28-groupManagement] INFO  server.RaftServerConfigKeys (ConfUtils.java:logGet(46)) - raft.server.log.queue.byte-limit = 4294967296 (custom)
2023-09-15 05:01:47,111 [729f921e-514b-472d-a5a3-7d6b9d90aa28-groupManagement] INFO  server.RaftServerConfigKeys (ConfUtils.java:logGet(46)) - raft.server.log.queue.element-limit = 1024 (custom)
2023-09-15 05:01:47,111 [729f921e-514b-472d-a5a3-7d6b9d90aa28-groupManagement] INFO  server.RaftServerConfigKeys (ConfUtils.java:logGet(46)) - raft.server.log.segment.size.max = 1048576 (custom)
2023-09-15 05:01:47,111 [729f921e-514b-472d-a5a3-7d6b9d90aa28-groupManagement] INFO  server.RaftServerConfigKeys (ConfUtils.java:logGet(46)) - raft.server.log.preallocated.size = 16384 (custom)
2023-09-15 05:01:47,111 [729f921e-514b-472d-a5a3-7d6b9d90aa28-groupManagement] INFO  server.RaftServerConfigKeys (ConfUtils.java:logGet(46)) - raft.server.log.force.sync.num = 128 (default)
2023-09-15 05:01:47,111 [729f921e-514b-472d-a5a3-7d6b9d90aa28-groupManagement] INFO  server.RaftServerConfigKeys (ConfUtils.java:logGet(46)) - raft.server.log.statemachine.data.sync = true (default)
2023-09-15 05:01:47,111 [729f921e-514b-472d-a5a3-7d6b9d90aa28-groupManagement] INFO  server.RaftServerConfigKeys (ConfUtils.java:logGet(46)) - raft.server.log.statemachine.data.sync.timeout = 10s (default)
2023-09-15 05:01:47,111 [729f921e-514b-472d-a5a3-7d6b9d90aa28-groupManagement] INFO  server.RaftServerConfigKeys (ConfUtils.java:logGet(46)) - raft.server.log.statemachine.data.sync.timeout.retry = -1 (default)
2023-09-15 05:01:47,127 [729f921e-514b-472d-a5a3-7d6b9d90aa28-groupManagement] INFO  server.RaftServerConfigKeys (ConfUtils.java:logGet(46)) - raft.server.log.write.buffer.size = 1048576 (custom)
2023-09-15 05:01:47,128 [729f921e-514b-472d-a5a3-7d6b9d90aa28-groupManagement] INFO  server.RaftServerConfigKeys (ConfUtils.java:logGet(46)) - raft.server.log.appender.buffer.byte-limit = 33554432 (custom)
2023-09-15 05:01:47,133 [729f921e-514b-472d-a5a3-7d6b9d90aa28-groupManagement] INFO  server.RaftServerConfigKeys (ConfUtils.java:logGet(46)) - raft.server.log.unsafe-flush.enabled = false (default)
2023-09-15 05:01:47,133 [729f921e-514b-472d-a5a3-7d6b9d90aa28-groupManagement] INFO  server.RaftServerConfigKeys (ConfUtils.java:logGet(46)) - raft.server.log.async-flush.enabled = false (default)
2023-09-15 05:01:47,133 [729f921e-514b-472d-a5a3-7d6b9d90aa28-groupManagement] INFO  server.RaftServerConfigKeys (ConfUtils.java:logGet(46)) - raft.server.log.statemachine.data.caching.enabled = true (custom)
2023-09-15 05:01:47,151 [729f921e-514b-472d-a5a3-7d6b9d90aa28-groupManagement] INFO  segmented.SegmentedRaftLogWorker (SegmentedRaftLogWorker.java:lambda$new$0(135)) - 729f921e-514b-472d-a5a3-7d6b9d90aa28@group-E2255ABAB38B-SegmentedRaftLogWorker: flushIndex: setUnconditionally 0 -> -1
2023-09-15 05:01:47,151 [729f921e-514b-472d-a5a3-7d6b9d90aa28-groupManagement] INFO  segmented.SegmentedRaftLogWorker (SegmentedRaftLogWorker.java:lambda$new$0(135)) - 729f921e-514b-472d-a5a3-7d6b9d90aa28@group-E2255ABAB38B-SegmentedRaftLogWorker: safeCacheEvictIndex: setUnconditionally 0 -> -1
2023-09-15 05:01:47,175 [729f921e-514b-472d-a5a3-7d6b9d90aa28-groupManagement] INFO  server.RaftServer$Division (RaftServerImpl.java:start(342)) - 729f921e-514b-472d-a5a3-7d6b9d90aa28@group-E2255ABAB38B: start as a follower, conf=-1: peers:[729f921e-514b-472d-a5a3-7d6b9d90aa28|rpc:10.1.0.24:15032|admin:10.1.0.24:15031|client:10.1.0.24:15030|dataStream:10.1.0.24:15033|priority:1|startupRole:FOLLOWER]|listeners:[], old=null
2023-09-15 05:01:47,175 [729f921e-514b-472d-a5a3-7d6b9d90aa28-groupManagement] INFO  server.RaftServer$Division (RaftServerImpl.java:setRole(329)) - 729f921e-514b-472d-a5a3-7d6b9d90aa28@group-E2255ABAB38B: changes role from      null to FOLLOWER at term 0 for startAsFollower
2023-09-15 05:01:47,175 [729f921e-514b-472d-a5a3-7d6b9d90aa28-groupManagement] INFO  impl.RoleInfo (RoleInfo.java:updateAndGet(139)) - 729f921e-514b-472d-a5a3-7d6b9d90aa28: start 729f921e-514b-472d-a5a3-7d6b9d90aa28@group-E2255ABAB38B-FollowerState
2023-09-15 05:01:47,175 [729f921e-514b-472d-a5a3-7d6b9d90aa28-groupManagement] INFO  util.JmxRegister (JmxRegister.java:tryRegister(44)) - Successfully registered JMX Bean with object name Ratis:service=RaftServer,group=group-E2255ABAB38B,id=729f921e-514b-472d-a5a3-7d6b9d90aa28
2023-09-15 05:01:47,175 [729f921e-514b-472d-a5a3-7d6b9d90aa28-groupManagement] INFO  server.RaftServerConfigKeys (ConfUtils.java:logGet(46)) - raft.server.snapshot.auto.trigger.enabled = true (custom)
2023-09-15 05:01:47,175 [729f921e-514b-472d-a5a3-7d6b9d90aa28-groupManagement] INFO  server.RaftServerConfigKeys (ConfUtils.java:logGet(46)) - raft.server.snapshot.auto.trigger.threshold = 10000 (custom)
2023-09-15 05:01:47,175 [729f921e-514b-472d-a5a3-7d6b9d90aa28-groupManagement] INFO  server.RaftServerConfigKeys (ConfUtils.java:logGet(46)) - raft.server.snapshot.retention.file.num = 5 (custom)
2023-09-15 05:01:47,176 [729f921e-514b-472d-a5a3-7d6b9d90aa28-groupManagement] INFO  server.RaftServerConfigKeys (ConfUtils.java:logGet(46)) - raft.server.log.purge.upto.snapshot.index = false (default)
2023-09-15 05:01:47,177 [729f921e-514b-472d-a5a3-7d6b9d90aa28@group-E2255ABAB38B-FollowerState] INFO  server.RaftServerConfigKeys (ConfUtils.java:logFallback(53)) - raft.server.rpc.first-election.timeout.min = 5s (fallback to raft.server.rpc.timeout.min)
2023-09-15 05:01:47,177 [729f921e-514b-472d-a5a3-7d6b9d90aa28@group-E2255ABAB38B-FollowerState] INFO  server.RaftServerConfigKeys (ConfUtils.java:logFallback(53)) - raft.server.rpc.first-election.timeout.max = 5200ms (fallback to raft.server.rpc.timeout.max)
2023-09-15 05:01:47,177 [main] INFO  ozone.MiniOzoneClusterImpl (MiniOzoneClusterImpl.java:lambda$waitForClusterToBeReady$0(224)) - Waiting for nodes to be ready. Got 9 of 10 DN Heartbeats.
2023-09-15 05:01:47,177 [main] INFO  ozone.MiniOzoneClusterImpl (MiniOzoneClusterImpl.java:lambda$waitForClusterToBeReady$0(227)) - Waiting for cluster to exit safe mode
2023-09-15 05:01:47,177 [main] INFO  ozone.MiniOzoneClusterImpl (MiniOzoneClusterImpl.java:lambda$waitForClusterToBeReady$0(229)) - SCM became leader
2023-09-15 05:01:47,178 [PipelineCommandHandlerThread-0] INFO  ratis.XceiverServerRatis (XceiverServerRatis.java:addGroup(804)) - Created group PipelineID=faf68125-ad7f-456d-a28d-e2255abab38b
2023-09-15 05:01:47,184 [PipelineCommandHandlerThread-0] INFO  commandhandler.CreatePipelineCommandHandler (CreatePipelineCommandHandler.java:lambda$handle$2(124)) - Created Pipeline RATIS ONE PipelineID=faf68125-ad7f-456d-a28d-e2255abab38b.
2023-09-15 05:01:47,184 [PipelineCommandHandlerThread-0] INFO  server.RaftServer (RaftServerProxy.java:addNew(98)) - 729f921e-514b-472d-a5a3-7d6b9d90aa28: addNew group-193EEEFE86B1:[dd1e58ff-ca4a-47cb-ae71-8fc517aad200|rpc:10.1.0.24:15023|admin:10.1.0.24:15022|client:10.1.0.24:15021|dataStream:10.1.0.24:15024|priority:0|startupRole:FOLLOWER, 3b898b8b-8841-452f-b538-8e8d26c8d287|rpc:10.1.0.24:15014|admin:10.1.0.24:15013|client:10.1.0.24:15012|dataStream:10.1.0.24:15015|priority:0|startupRole:FOLLOWER, 729f921e-514b-472d-a5a3-7d6b9d90aa28|rpc:10.1.0.24:15032|admin:10.1.0.24:15031|client:10.1.0.24:15030|dataStream:10.1.0.24:15033|priority:1|startupRole:FOLLOWER] returns group-193EEEFE86B1:java.util.concurrent.CompletableFuture@6c6f03c3[Not completed]
2023-09-15 05:01:47,185 [729f921e-514b-472d-a5a3-7d6b9d90aa28-groupManagement] INFO  server.RaftServer$Division (RaftServerImpl.java:<init>(198)) - 729f921e-514b-472d-a5a3-7d6b9d90aa28: new RaftServerImpl for group-193EEEFE86B1:[dd1e58ff-ca4a-47cb-ae71-8fc517aad200|rpc:10.1.0.24:15023|admin:10.1.0.24:15022|client:10.1.0.24:15021|dataStream:10.1.0.24:15024|priority:0|startupRole:FOLLOWER, 3b898b8b-8841-452f-b538-8e8d26c8d287|rpc:10.1.0.24:15014|admin:10.1.0.24:15013|client:10.1.0.24:15012|dataStream:10.1.0.24:15015|priority:0|startupRole:FOLLOWER, 729f921e-514b-472d-a5a3-7d6b9d90aa28|rpc:10.1.0.24:15032|admin:10.1.0.24:15031|client:10.1.0.24:15030|dataStream:10.1.0.24:15033|priority:1|startupRole:FOLLOWER] with ContainerStateMachine:uninitialized
2023-09-15 05:01:47,186 [729f921e-514b-472d-a5a3-7d6b9d90aa28-groupManagement] INFO  server.RaftServerConfigKeys (ConfUtils.java:logGet(46)) - raft.server.rpc.timeout.min = 5s (custom)
2023-09-15 05:01:47,186 [729f921e-514b-472d-a5a3-7d6b9d90aa28-groupManagement] INFO  server.RaftServerConfigKeys (ConfUtils.java:logGet(46)) - raft.server.rpc.timeout.max = 5200ms (custom)
2023-09-15 05:01:47,186 [729f921e-514b-472d-a5a3-7d6b9d90aa28-groupManagement] INFO  server.RaftServerConfigKeys (ConfUtils.java:logGet(46)) - raft.server.rpc.sleep.time = 25ms (default)
2023-09-15 05:01:47,186 [729f921e-514b-472d-a5a3-7d6b9d90aa28-groupManagement] INFO  server.RaftServerConfigKeys (ConfUtils.java:logGet(46)) - raft.server.rpc.slowness.timeout = 300s (custom)
2023-09-15 05:01:47,186 [729f921e-514b-472d-a5a3-7d6b9d90aa28-groupManagement] INFO  server.RaftServerConfigKeys (ConfUtils.java:logGet(46)) - raft.server.leaderelection.leader.step-down.wait-time = 10s (default)
2023-09-15 05:01:47,186 [729f921e-514b-472d-a5a3-7d6b9d90aa28-groupManagement] INFO  server.RaftServerConfigKeys (ConfUtils.java:logGet(46)) - raft.server.sleep.deviation.threshold = 300ms (default)
2023-09-15 05:01:47,186 [729f921e-514b-472d-a5a3-7d6b9d90aa28-groupManagement] INFO  server.RaftServer$Division (ServerState.java:<init>(120)) - 729f921e-514b-472d-a5a3-7d6b9d90aa28@group-193EEEFE86B1: ConfigurationManager, init=-1: peers:[dd1e58ff-ca4a-47cb-ae71-8fc517aad200|rpc:10.1.0.24:15023|admin:10.1.0.24:15022|client:10.1.0.24:15021|dataStream:10.1.0.24:15024|priority:0|startupRole:FOLLOWER, 3b898b8b-8841-452f-b538-8e8d26c8d287|rpc:10.1.0.24:15014|admin:10.1.0.24:15013|client:10.1.0.24:15012|dataStream:10.1.0.24:15015|priority:0|startupRole:FOLLOWER, 729f921e-514b-472d-a5a3-7d6b9d90aa28|rpc:10.1.0.24:15032|admin:10.1.0.24:15031|client:10.1.0.24:15030|dataStream:10.1.0.24:15033|priority:1|startupRole:FOLLOWER]|listeners:[], old=null, confs=<EMPTY_MAP>
2023-09-15 05:01:47,186 [729f921e-514b-472d-a5a3-7d6b9d90aa28-groupManagement] INFO  server.RaftServerConfigKeys (ConfUtils.java:logGet(46)) - raft.server.storage.dir = [/home/runner/work/ozone/ozone/hadoop-ozone/integration-test/target/test-dir/MiniOzoneClusterImpl-0a18362f-1832-4b81-b629-935968d04e12/datanode-2/data/ratis] (custom)
2023-09-15 05:01:47,186 [729f921e-514b-472d-a5a3-7d6b9d90aa28-groupManagement] INFO  server.RaftServerConfigKeys (ConfUtils.java:logGet(46)) - raft.server.log.corruption.policy = EXCEPTION (default)
2023-09-15 05:01:47,186 [729f921e-514b-472d-a5a3-7d6b9d90aa28-groupManagement] INFO  server.RaftServerConfigKeys (ConfUtils.java:logGet(46)) - raft.server.storage.free-space.min = 0MB (=0) (default)
2023-09-15 05:01:47,186 [729f921e-514b-472d-a5a3-7d6b9d90aa28-groupManagement] INFO  server.RaftServerConfigKeys (ConfUtils.java:logGet(46)) - raft.server.notification.no-leader.timeout = 300s (custom)
2023-09-15 05:01:47,186 [729f921e-514b-472d-a5a3-7d6b9d90aa28-groupManagement] INFO  server.RaftServerConfigKeys (ConfUtils.java:logGet(46)) - raft.server.read.timeout = 10s (default)
2023-09-15 05:01:47,186 [729f921e-514b-472d-a5a3-7d6b9d90aa28-groupManagement] INFO  server.RaftServerConfigKeys (ConfUtils.java:logGet(46)) - raft.server.retrycache.expirytime = 600000ms (custom)
2023-09-15 05:01:47,187 [729f921e-514b-472d-a5a3-7d6b9d90aa28-groupManagement] INFO  server.RaftServerConfigKeys (ConfUtils.java:logGet(46)) - raft.server.retrycache.statistics.expirytime = 100μs (default)
2023-09-15 05:01:47,187 [729f921e-514b-472d-a5a3-7d6b9d90aa28-groupManagement] INFO  server.RaftServerConfigKeys (ConfUtils.java:logGet(46)) - raft.server.read.option = DEFAULT (default)
2023-09-15 05:01:47,188 [729f921e-514b-472d-a5a3-7d6b9d90aa28-groupManagement] INFO  server.RaftServerConfigKeys (ConfUtils.java:logGet(46)) - raft.server.rpc.request.timeout = 60s (custom)
2023-09-15 05:01:47,188 [729f921e-514b-472d-a5a3-7d6b9d90aa28-groupManagement] INFO  server.RaftServerConfigKeys (ConfUtils.java:logGet(46)) - raft.server.log.appender.install.snapshot.enabled = false (custom)
2023-09-15 05:01:47,188 [729f921e-514b-472d-a5a3-7d6b9d90aa28-groupManagement] INFO  server.RaftServerConfigKeys (ConfUtils.java:logGet(46)) - raft.server.threadpool.server.cached = true (default)
2023-09-15 05:01:47,188 [729f921e-514b-472d-a5a3-7d6b9d90aa28-groupManagement] INFO  server.RaftServerConfigKeys (ConfUtils.java:logGet(46)) - raft.server.threadpool.server.size = 0 (default)
2023-09-15 05:01:47,188 [729f921e-514b-472d-a5a3-7d6b9d90aa28-groupManagement] INFO  server.RaftServerConfigKeys (ConfUtils.java:logGet(46)) - raft.server.threadpool.client.cached = true (default)
2023-09-15 05:01:47,188 [729f921e-514b-472d-a5a3-7d6b9d90aa28-groupManagement] INFO  server.RaftServerConfigKeys (ConfUtils.java:logGet(46)) - raft.server.threadpool.client.size = 0 (default)
2023-09-15 05:01:47,189 [729f921e-514b-472d-a5a3-7d6b9d90aa28-groupManagement] INFO  storage.RaftStorageDirectory (RaftStorageDirectoryImpl.java:analyzeStorage(137)) - The storage directory /home/runner/work/ozone/ozone/hadoop-ozone/integration-test/target/test-dir/MiniOzoneClusterImpl-0a18362f-1832-4b81-b629-935968d04e12/datanode-2/data/ratis/93ce8fe8-8840-4965-87c0-193eeefe86b1 does not exist. Creating ...
2023-09-15 05:01:47,194 [IPC Server handler 6 on default port 15002] INFO  net.NetworkTopologyImpl (NetworkTopologyImpl.java:add(112)) - Added a new node: /default-rack/578440bc-c25e-4c80-bfb5-6b6f6462e7c6
2023-09-15 05:01:47,198 [IPC Server handler 6 on default port 15002] INFO  node.SCMNodeManager (SCMNodeManager.java:register(405)) - Registered Data node : 578440bc-c25e-4c80-bfb5-6b6f6462e7c6{ip: 10.1.0.24, host: fv-az371-27.ipdn00qvwfrujbrcphh0gwusye.dx.internal.cloudapp.net, ports: [HTTP=15090, CLIENT_RPC=15091, REPLICATION=15097, RATIS=15093, RATIS_ADMIN=15094, RATIS_SERVER=15095, RATIS_DATASTREAM=15096, STANDALONE=15092], networkLocation: /default-rack, certSerialId: null, persistedOpState: null, persistedOpStateExpiryEpochSec: 0}
2023-09-15 05:01:47,202 [EventQueue-NewNodeForNewNodeHandler] INFO  pipeline.BackgroundPipelineCreator (BackgroundPipelineCreator.java:notifyEventTriggered(277)) - trigger a one-shot run on RatisPipelineUtilsThread.
2023-09-15 05:01:47,203 [RatisPipelineUtilsThread - 0] INFO  pipeline.RatisPipelineProvider (RatisPipelineProvider.java:lambda$create$0(206)) - Sending CreatePipelineCommand for pipeline:PipelineID=5fbb0ba5-b7ee-43e7-9c18-36b55943243a to datanode:578440bc-c25e-4c80-bfb5-6b6f6462e7c6
2023-09-15 05:01:47,196 [729f921e-514b-472d-a5a3-7d6b9d90aa28-groupManagement] INFO  storage.RaftStorageDirectory (RaftStorageDirectoryImpl.java:tryLock(231)) - Lock on /home/runner/work/ozone/ozone/hadoop-ozone/integration-test/target/test-dir/MiniOzoneClusterImpl-0a18362f-1832-4b81-b629-935968d04e12/datanode-2/data/ratis/93ce8fe8-8840-4965-87c0-193eeefe86b1/in_use.lock acquired by nodename 87703@fv-az371-27
2023-09-15 05:01:47,209 [RatisPipelineUtilsThread - 0] INFO  pipeline.BackgroundPipelineCreator (BackgroundPipelineCreator.java:createPipelines(233)) - Created new pipeline Pipeline[ Id: 5fbb0ba5-b7ee-43e7-9c18-36b55943243a, Nodes: 578440bc-c25e-4c80-bfb5-6b6f6462e7c6(fv-az371-27.ipdn00qvwfrujbrcphh0gwusye.dx.internal.cloudapp.net/10.1.0.24), ReplicationConfig: RATIS/ONE, State:ALLOCATED, leaderId:, CreationTimestamp2023-09-15T05:01:47.203Z[Etc/UTC]]
2023-09-15 05:01:47,212 [729f921e-514b-472d-a5a3-7d6b9d90aa28-groupManagement] INFO  storage.RaftStorage (RaftStorageImpl.java:format(96)) - Storage directory /home/runner/work/ozone/ozone/hadoop-ozone/integration-test/target/test-dir/MiniOzoneClusterImpl-0a18362f-1832-4b81-b629-935968d04e12/datanode-2/data/ratis/93ce8fe8-8840-4965-87c0-193eeefe86b1 has been successfully formatted.
2023-09-15 05:01:47,212 [729f921e-514b-472d-a5a3-7d6b9d90aa28-groupManagement] INFO  ratis.ContainerStateMachine (ContainerStateMachine.java:loadSnapshot(262)) - group-193EEEFE86B1: The snapshot info is null. Setting the last applied indexto:(t:0, i:~)
2023-09-15 05:01:47,213 [729f921e-514b-472d-a5a3-7d6b9d90aa28-groupManagement] INFO  server.RaftServerConfigKeys (ConfUtils.java:logGet(46)) - raft.server.log.use.memory = false (default)
2023-09-15 05:01:47,213 [729f921e-514b-472d-a5a3-7d6b9d90aa28-groupManagement] INFO  server.RaftServerConfigKeys (ConfUtils.java:logGet(46)) - raft.server.log.purge.gap = 1000000 (custom)
2023-09-15 05:01:47,213 [729f921e-514b-472d-a5a3-7d6b9d90aa28-groupManagement] INFO  server.RaftServerConfigKeys (ConfUtils.java:logGet(46)) - raft.server.log.appender.buffer.byte-limit = 33554432 (custom)
2023-09-15 05:01:47,213 [729f921e-514b-472d-a5a3-7d6b9d90aa28-groupManagement] INFO  server.RaftServerConfigKeys (ConfUtils.java:logGet(46)) - raft.server.log.statemachine.data.read.timeout = 1000ms (default)
2023-09-15 05:01:47,213 [729f921e-514b-472d-a5a3-7d6b9d90aa28-groupManagement] INFO  server.RaftServerConfigKeys (ConfUtils.java:logGet(46)) - raft.server.log.purge.preservation.log.num = 0 (default)
2023-09-15 05:01:47,214 [729f921e-514b-472d-a5a3-7d6b9d90aa28-groupManagement] INFO  server.RaftServerConfigKeys (ConfUtils.java:logGet(46)) - raft.server.log.segment.size.max = 1048576 (custom)
2023-09-15 05:01:47,215 [729f921e-514b-472d-a5a3-7d6b9d90aa28-groupManagement] INFO  server.RaftServerConfigKeys (ConfUtils.java:logGet(46)) - raft.server.log.segment.cache.num.max = 2 (custom)
2023-09-15 05:01:47,215 [729f921e-514b-472d-a5a3-7d6b9d90aa28-groupManagement] INFO  server.RaftServerConfigKeys (ConfUtils.java:logGet(46)) - raft.server.log.segment.cache.size.max = 200MB (=209715200) (default)
2023-09-15 05:01:47,215 [729f921e-514b-472d-a5a3-7d6b9d90aa28-groupManagement] INFO  server.RaftServerConfigKeys (ConfUtils.java:logGet(46)) - raft.server.log.appender.buffer.byte-limit = 33554432 (custom)
2023-09-15 05:01:47,215 [729f921e-514b-472d-a5a3-7d6b9d90aa28-groupManagement] INFO  segmented.SegmentedRaftLogWorker (SegmentedRaftLogWorker.java:<init>(188)) - new 729f921e-514b-472d-a5a3-7d6b9d90aa28@group-193EEEFE86B1-SegmentedRaftLogWorker for RaftStorageImpl:Storage Directory /home/runner/work/ozone/ozone/hadoop-ozone/integration-test/target/test-dir/MiniOzoneClusterImpl-0a18362f-1832-4b81-b629-935968d04e12/datanode-2/data/ratis/93ce8fe8-8840-4965-87c0-193eeefe86b1
2023-09-15 05:01:47,215 [729f921e-514b-472d-a5a3-7d6b9d90aa28-groupManagement] INFO  server.RaftServerConfigKeys (ConfUtils.java:logGet(46)) - raft.server.log.queue.byte-limit = 4294967296 (custom)
2023-09-15 05:01:47,215 [729f921e-514b-472d-a5a3-7d6b9d90aa28-groupManagement] INFO  server.RaftServerConfigKeys (ConfUtils.java:logGet(46)) - raft.server.log.queue.element-limit = 1024 (custom)
2023-09-15 05:01:47,215 [729f921e-514b-472d-a5a3-7d6b9d90aa28-groupManagement] INFO  server.RaftServerConfigKeys (ConfUtils.java:logGet(46)) - raft.server.log.segment.size.max = 1048576 (custom)
2023-09-15 05:01:47,215 [729f921e-514b-472d-a5a3-7d6b9d90aa28-groupManagement] INFO  server.RaftServerConfigKeys (ConfUtils.java:logGet(46)) - raft.server.log.preallocated.size = 16384 (custom)
2023-09-15 05:01:47,215 [729f921e-514b-472d-a5a3-7d6b9d90aa28-groupManagement] INFO  server.RaftServerConfigKeys (ConfUtils.java:logGet(46)) - raft.server.log.force.sync.num = 128 (default)
2023-09-15 05:01:47,215 [729f921e-514b-472d-a5a3-7d6b9d90aa28-groupManagement] INFO  server.RaftServerConfigKeys (ConfUtils.java:logGet(46)) - raft.server.log.statemachine.data.sync = true (default)
2023-09-15 05:01:47,215 [729f921e-514b-472d-a5a3-7d6b9d90aa28-groupManagement] INFO  server.RaftServerConfigKeys (ConfUtils.java:logGet(46)) - raft.server.log.statemachine.data.sync.timeout = 10s (default)
2023-09-15 05:01:47,215 [729f921e-514b-472d-a5a3-7d6b9d90aa28-groupManagement] INFO  server.RaftServerConfigKeys (ConfUtils.java:logGet(46)) - raft.server.log.statemachine.data.sync.timeout.retry = -1 (default)
2023-09-15 05:01:47,216 [729f921e-514b-472d-a5a3-7d6b9d90aa28-groupManagement] INFO  server.RaftServerConfigKeys (ConfUtils.java:logGet(46)) - raft.server.log.write.buffer.size = 1048576 (custom)
2023-09-15 05:01:47,220 [729f921e-514b-472d-a5a3-7d6b9d90aa28-groupManagement] INFO  server.RaftServerConfigKeys (ConfUtils.java:logGet(46)) - raft.server.log.appender.buffer.byte-limit = 33554432 (custom)
2023-09-15 05:01:47,229 [EventQueue-OpenPipelineForHealthyPipelineSafeModeRule] INFO  safemode.SCMSafeModeManager (HealthyPipelineSafeModeRule.java:process(137)) - SCM in safe mode. Healthy pipelines reported count is 0, required healthy pipeline reported count is 1
2023-09-15 05:01:47,236 [729f921e-514b-472d-a5a3-7d6b9d90aa28-groupManagement] INFO  server.RaftServerConfigKeys (ConfUtils.java:logGet(46)) - raft.server.log.unsafe-flush.enabled = false (default)
2023-09-15 05:01:47,236 [729f921e-514b-472d-a5a3-7d6b9d90aa28-groupManagement] INFO  server.RaftServerConfigKeys (ConfUtils.java:logGet(46)) - raft.server.log.async-flush.enabled = false (default)
2023-09-15 05:01:47,236 [729f921e-514b-472d-a5a3-7d6b9d90aa28-groupManagement] INFO  server.RaftServerConfigKeys (ConfUtils.java:logGet(46)) - raft.server.log.statemachine.data.caching.enabled = true (custom)
2023-09-15 05:01:47,237 [729f921e-514b-472d-a5a3-7d6b9d90aa28-groupManagement] INFO  segmented.SegmentedRaftLogWorker (SegmentedRaftLogWorker.java:lambda$new$0(135)) - 729f921e-514b-472d-a5a3-7d6b9d90aa28@group-193EEEFE86B1-SegmentedRaftLogWorker: flushIndex: setUnconditionally 0 -> -1
2023-09-15 05:01:47,237 [729f921e-514b-472d-a5a3-7d6b9d90aa28-groupManagement] INFO  segmented.SegmentedRaftLogWorker (SegmentedRaftLogWorker.java:lambda$new$0(135)) - 729f921e-514b-472d-a5a3-7d6b9d90aa28@group-193EEEFE86B1-SegmentedRaftLogWorker: safeCacheEvictIndex: setUnconditionally 0 -> -1
2023-09-15 05:01:47,243 [729f921e-514b-472d-a5a3-7d6b9d90aa28-groupManagement] INFO  server.RaftServer$Division (RaftServerImpl.java:start(342)) - 729f921e-514b-472d-a5a3-7d6b9d90aa28@group-193EEEFE86B1: start as a follower, conf=-1: peers:[dd1e58ff-ca4a-47cb-ae71-8fc517aad200|rpc:10.1.0.24:15023|admin:10.1.0.24:15022|client:10.1.0.24:15021|dataStream:10.1.0.24:15024|priority:0|startupRole:FOLLOWER, 3b898b8b-8841-452f-b538-8e8d26c8d287|rpc:10.1.0.24:15014|admin:10.1.0.24:15013|client:10.1.0.24:15012|dataStream:10.1.0.24:15015|priority:0|startupRole:FOLLOWER, 729f921e-514b-472d-a5a3-7d6b9d90aa28|rpc:10.1.0.24:15032|admin:10.1.0.24:15031|client:10.1.0.24:15030|dataStream:10.1.0.24:15033|priority:1|startupRole:FOLLOWER]|listeners:[], old=null
2023-09-15 05:01:47,243 [729f921e-514b-472d-a5a3-7d6b9d90aa28-groupManagement] INFO  server.RaftServer$Division (RaftServerImpl.java:setRole(329)) - 729f921e-514b-472d-a5a3-7d6b9d90aa28@group-193EEEFE86B1: changes role from      null to FOLLOWER at term 0 for startAsFollower
2023-09-15 05:01:47,243 [729f921e-514b-472d-a5a3-7d6b9d90aa28-groupManagement] INFO  impl.RoleInfo (RoleInfo.java:updateAndGet(139)) - 729f921e-514b-472d-a5a3-7d6b9d90aa28: start 729f921e-514b-472d-a5a3-7d6b9d90aa28@group-193EEEFE86B1-FollowerState
2023-09-15 05:01:47,243 [729f921e-514b-472d-a5a3-7d6b9d90aa28-groupManagement] INFO  util.JmxRegister (JmxRegister.java:tryRegister(44)) - Successfully registered JMX Bean with object name Ratis:service=RaftServer,group=group-193EEEFE86B1,id=729f921e-514b-472d-a5a3-7d6b9d90aa28
2023-09-15 05:01:47,243 [729f921e-514b-472d-a5a3-7d6b9d90aa28-groupManagement] INFO  server.RaftServerConfigKeys (ConfUtils.java:logGet(46)) - raft.server.snapshot.auto.trigger.enabled = true (custom)
2023-09-15 05:01:47,243 [729f921e-514b-472d-a5a3-7d6b9d90aa28-groupManagement] INFO  server.RaftServerConfigKeys (ConfUtils.java:logGet(46)) - raft.server.snapshot.auto.trigger.threshold = 10000 (custom)
2023-09-15 05:01:47,243 [729f921e-514b-472d-a5a3-7d6b9d90aa28-groupManagement] INFO  server.RaftServerConfigKeys (ConfUtils.java:logGet(46)) - raft.server.snapshot.retention.file.num = 5 (custom)
2023-09-15 05:01:47,243 [729f921e-514b-472d-a5a3-7d6b9d90aa28-groupManagement] INFO  server.RaftServerConfigKeys (ConfUtils.java:logGet(46)) - raft.server.log.purge.upto.snapshot.index = false (default)
2023-09-15 05:01:47,244 [729f921e-514b-472d-a5a3-7d6b9d90aa28@group-193EEEFE86B1-FollowerState] INFO  server.RaftServerConfigKeys (ConfUtils.java:logFallback(53)) - raft.server.rpc.first-election.timeout.min = 5s (fallback to raft.server.rpc.timeout.min)
2023-09-15 05:01:47,244 [PipelineCommandHandlerThread-0] INFO  ratis.XceiverServerRatis (XceiverServerRatis.java:addGroup(804)) - Created group PipelineID=93ce8fe8-8840-4965-87c0-193eeefe86b1
2023-09-15 05:01:47,262 [729f921e-514b-472d-a5a3-7d6b9d90aa28@group-193EEEFE86B1-FollowerState] INFO  server.RaftServerConfigKeys (ConfUtils.java:logFallback(53)) - raft.server.rpc.first-election.timeout.max = 5200ms (fallback to raft.server.rpc.timeout.max)
2023-09-15 05:01:47,283 [grpc-default-executor-0] INFO  server.RaftServer (RaftServerProxy.java:addNew(98)) - 3b898b8b-8841-452f-b538-8e8d26c8d287: addNew group-193EEEFE86B1:[dd1e58ff-ca4a-47cb-ae71-8fc517aad200|rpc:10.1.0.24:15023|admin:10.1.0.24:15022|client:10.1.0.24:15021|dataStream:10.1.0.24:15024|priority:0|startupRole:FOLLOWER, 3b898b8b-8841-452f-b538-8e8d26c8d287|rpc:10.1.0.24:15014|admin:10.1.0.24:15013|client:10.1.0.24:15012|dataStream:10.1.0.24:15015|priority:0|startupRole:FOLLOWER, 729f921e-514b-472d-a5a3-7d6b9d90aa28|rpc:10.1.0.24:15032|admin:10.1.0.24:15031|client:10.1.0.24:15030|dataStream:10.1.0.24:15033|priority:1|startupRole:FOLLOWER] returns group-193EEEFE86B1:java.util.concurrent.CompletableFuture@263afd7b[Not completed]
2023-09-15 05:01:47,287 [3b898b8b-8841-452f-b538-8e8d26c8d287-groupManagement] INFO  server.RaftServer$Division (RaftServerImpl.java:<init>(198)) - 3b898b8b-8841-452f-b538-8e8d26c8d287: new RaftServerImpl for group-193EEEFE86B1:[dd1e58ff-ca4a-47cb-ae71-8fc517aad200|rpc:10.1.0.24:15023|admin:10.1.0.24:15022|client:10.1.0.24:15021|dataStream:10.1.0.24:15024|priority:0|startupRole:FOLLOWER, 3b898b8b-8841-452f-b538-8e8d26c8d287|rpc:10.1.0.24:15014|admin:10.1.0.24:15013|client:10.1.0.24:15012|dataStream:10.1.0.24:15015|priority:0|startupRole:FOLLOWER, 729f921e-514b-472d-a5a3-7d6b9d90aa28|rpc:10.1.0.24:15032|admin:10.1.0.24:15031|client:10.1.0.24:15030|dataStream:10.1.0.24:15033|priority:1|startupRole:FOLLOWER] with ContainerStateMachine:uninitialized
2023-09-15 05:01:47,287 [3b898b8b-8841-452f-b538-8e8d26c8d287-groupManagement] INFO  server.RaftServerConfigKeys (ConfUtils.java:logGet(46)) - raft.server.rpc.timeout.min = 5s (custom)
2023-09-15 05:01:47,287 [3b898b8b-8841-452f-b538-8e8d26c8d287-groupManagement] INFO  server.RaftServerConfigKeys (ConfUtils.java:logGet(46)) - raft.server.rpc.timeout.max = 5200ms (custom)
2023-09-15 05:01:47,287 [3b898b8b-8841-452f-b538-8e8d26c8d287-groupManagement] INFO  server.RaftServerConfigKeys (ConfUtils.java:logGet(46)) - raft.server.rpc.sleep.time = 25ms (default)
2023-09-15 05:01:47,287 [3b898b8b-8841-452f-b538-8e8d26c8d287-groupManagement] INFO  server.RaftServerConfigKeys (ConfUtils.java:logGet(46)) - raft.server.rpc.slowness.timeout = 300s (custom)
2023-09-15 05:01:47,287 [3b898b8b-8841-452f-b538-8e8d26c8d287-groupManagement] INFO  server.RaftServerConfigKeys (ConfUtils.java:logGet(46)) - raft.server.leaderelection.leader.step-down.wait-time = 10s (default)
2023-09-15 05:01:47,287 [3b898b8b-8841-452f-b538-8e8d26c8d287-groupManagement] INFO  server.RaftServerConfigKeys (ConfUtils.java:logGet(46)) - raft.server.sleep.deviation.threshold = 300ms (default)
2023-09-15 05:01:47,287 [3b898b8b-8841-452f-b538-8e8d26c8d287-groupManagement] INFO  server.RaftServer$Division (ServerState.java:<init>(120)) - 3b898b8b-8841-452f-b538-8e8d26c8d287@group-193EEEFE86B1: ConfigurationManager, init=-1: peers:[dd1e58ff-ca4a-47cb-ae71-8fc517aad200|rpc:10.1.0.24:15023|admin:10.1.0.24:15022|client:10.1.0.24:15021|dataStream:10.1.0.24:15024|priority:0|startupRole:FOLLOWER, 3b898b8b-8841-452f-b538-8e8d26c8d287|rpc:10.1.0.24:15014|admin:10.1.0.24:15013|client:10.1.0.24:15012|dataStream:10.1.0.24:15015|priority:0|startupRole:FOLLOWER, 729f921e-514b-472d-a5a3-7d6b9d90aa28|rpc:10.1.0.24:15032|admin:10.1.0.24:15031|client:10.1.0.24:15030|dataStream:10.1.0.24:15033|priority:1|startupRole:FOLLOWER]|listeners:[], old=null, confs=<EMPTY_MAP>
2023-09-15 05:01:47,288 [3b898b8b-8841-452f-b538-8e8d26c8d287-groupManagement] INFO  server.RaftServerConfigKeys (ConfUtils.java:logGet(46)) - raft.server.storage.dir = [/home/runner/work/ozone/ozone/hadoop-ozone/integration-test/target/test-dir/MiniOzoneClusterImpl-0a18362f-1832-4b81-b629-935968d04e12/datanode-0/data/ratis] (custom)
2023-09-15 05:01:47,288 [3b898b8b-8841-452f-b538-8e8d26c8d287-groupManagement] INFO  server.RaftServerConfigKeys (ConfUtils.java:logGet(46)) - raft.server.log.corruption.policy = EXCEPTION (default)
2023-09-15 05:01:47,288 [3b898b8b-8841-452f-b538-8e8d26c8d287-groupManagement] INFO  server.RaftServerConfigKeys (ConfUtils.java:logGet(46)) - raft.server.storage.free-space.min = 0MB (=0) (default)
2023-09-15 05:01:47,288 [3b898b8b-8841-452f-b538-8e8d26c8d287-groupManagement] INFO  server.RaftServerConfigKeys (ConfUtils.java:logGet(46)) - raft.server.notification.no-leader.timeout = 300s (custom)
2023-09-15 05:01:47,288 [3b898b8b-8841-452f-b538-8e8d26c8d287-groupManagement] INFO  server.RaftServerConfigKeys (ConfUtils.java:logGet(46)) - raft.server.read.timeout = 10s (default)
2023-09-15 05:01:47,288 [3b898b8b-8841-452f-b538-8e8d26c8d287-groupManagement] INFO  server.RaftServerConfigKeys (ConfUtils.java:logGet(46)) - raft.server.retrycache.expirytime = 600000ms (custom)
2023-09-15 05:01:47,288 [3b898b8b-8841-452f-b538-8e8d26c8d287-groupManagement] INFO  server.RaftServerConfigKeys (ConfUtils.java:logGet(46)) - raft.server.retrycache.statistics.expirytime = 100μs (default)
2023-09-15 05:01:47,288 [3b898b8b-8841-452f-b538-8e8d26c8d287-groupManagement] INFO  server.RaftServerConfigKeys (ConfUtils.java:logGet(46)) - raft.server.read.option = DEFAULT (default)
2023-09-15 05:01:47,290 [3b898b8b-8841-452f-b538-8e8d26c8d287-groupManagement] INFO  server.RaftServerConfigKeys (ConfUtils.java:logGet(46)) - raft.server.rpc.request.timeout = 60s (custom)
2023-09-15 05:01:47,290 [3b898b8b-8841-452f-b538-8e8d26c8d287-groupManagement] INFO  server.RaftServerConfigKeys (ConfUtils.java:logGet(46)) - raft.server.log.appender.install.snapshot.enabled = false (custom)
2023-09-15 05:01:47,290 [3b898b8b-8841-452f-b538-8e8d26c8d287-groupManagement] INFO  server.RaftServerConfigKeys (ConfUtils.java:logGet(46)) - raft.server.threadpool.server.cached = true (default)
2023-09-15 05:01:47,290 [3b898b8b-8841-452f-b538-8e8d26c8d287-groupManagement] INFO  server.RaftServerConfigKeys (ConfUtils.java:logGet(46)) - raft.server.threadpool.server.size = 0 (default)
2023-09-15 05:01:47,290 [3b898b8b-8841-452f-b538-8e8d26c8d287-groupManagement] INFO  server.RaftServerConfigKeys (ConfUtils.java:logGet(46)) - raft.server.threadpool.client.cached = true (default)
2023-09-15 05:01:47,290 [3b898b8b-8841-452f-b538-8e8d26c8d287-groupManagement] INFO  server.RaftServerConfigKeys (ConfUtils.java:logGet(46)) - raft.server.threadpool.client.size = 0 (default)
2023-09-15 05:01:47,290 [3b898b8b-8841-452f-b538-8e8d26c8d287-groupManagement] INFO  storage.RaftStorageDirectory (RaftStorageDirectoryImpl.java:analyzeStorage(137)) - The storage directory /home/runner/work/ozone/ozone/hadoop-ozone/integration-test/target/test-dir/MiniOzoneClusterImpl-0a18362f-1832-4b81-b629-935968d04e12/datanode-0/data/ratis/93ce8fe8-8840-4965-87c0-193eeefe86b1 does not exist. Creating ...
2023-09-15 05:01:47,293 [3b898b8b-8841-452f-b538-8e8d26c8d287-groupManagement] INFO  storage.RaftStorageDirectory (RaftStorageDirectoryImpl.java:tryLock(231)) - Lock on /home/runner/work/ozone/ozone/hadoop-ozone/integration-test/target/test-dir/MiniOzoneClusterImpl-0a18362f-1832-4b81-b629-935968d04e12/datanode-0/data/ratis/93ce8fe8-8840-4965-87c0-193eeefe86b1/in_use.lock acquired by nodename 87703@fv-az371-27
2023-09-15 05:01:47,299 [3b898b8b-8841-452f-b538-8e8d26c8d287-groupManagement] INFO  storage.RaftStorage (RaftStorageImpl.java:format(96)) - Storage directory /home/runner/work/ozone/ozone/hadoop-ozone/integration-test/target/test-dir/MiniOzoneClusterImpl-0a18362f-1832-4b81-b629-935968d04e12/datanode-0/data/ratis/93ce8fe8-8840-4965-87c0-193eeefe86b1 has been successfully formatted.
2023-09-15 05:01:47,306 [3b898b8b-8841-452f-b538-8e8d26c8d287-groupManagement] INFO  ratis.ContainerStateMachine (ContainerStateMachine.java:loadSnapshot(262)) - group-193EEEFE86B1: The snapshot info is null. Setting the last applied indexto:(t:0, i:~)
2023-09-15 05:01:47,306 [3b898b8b-8841-452f-b538-8e8d26c8d287-groupManagement] INFO  server.RaftServerConfigKeys (ConfUtils.java:logGet(46)) - raft.server.log.use.memory = false (default)
2023-09-15 05:01:47,307 [3b898b8b-8841-452f-b538-8e8d26c8d287-groupManagement] INFO  server.RaftServerConfigKeys (ConfUtils.java:logGet(46)) - raft.server.log.purge.gap = 1000000 (custom)
2023-09-15 05:01:47,307 [3b898b8b-8841-452f-b538-8e8d26c8d287-groupManagement] INFO  server.RaftServerConfigKeys (ConfUtils.java:logGet(46)) - raft.server.log.appender.buffer.byte-limit = 33554432 (custom)
2023-09-15 05:01:47,307 [3b898b8b-8841-452f-b538-8e8d26c8d287-groupManagement] INFO  server.RaftServerConfigKeys (ConfUtils.java:logGet(46)) - raft.server.log.statemachine.data.read.timeout = 1000ms (default)
2023-09-15 05:01:47,307 [3b898b8b-8841-452f-b538-8e8d26c8d287-groupManagement] INFO  server.RaftServerConfigKeys (ConfUtils.java:logGet(46)) - raft.server.log.purge.preservation.log.num = 0 (default)
2023-09-15 05:01:47,307 [3b898b8b-8841-452f-b538-8e8d26c8d287-groupManagement] INFO  server.RaftServerConfigKeys (ConfUtils.java:logGet(46)) - raft.server.log.segment.size.max = 1048576 (custom)
2023-09-15 05:01:47,308 [3b898b8b-8841-452f-b538-8e8d26c8d287-groupManagement] INFO  server.RaftServerConfigKeys (ConfUtils.java:logGet(46)) - raft.server.log.segment.cache.num.max = 2 (custom)
2023-09-15 05:01:47,308 [3b898b8b-8841-452f-b538-8e8d26c8d287-groupManagement] INFO  server.RaftServerConfigKeys (ConfUtils.java:logGet(46)) - raft.server.log.segment.cache.size.max = 200MB (=209715200) (default)
2023-09-15 05:01:47,308 [3b898b8b-8841-452f-b538-8e8d26c8d287-groupManagement] INFO  server.RaftServerConfigKeys (ConfUtils.java:logGet(46)) - raft.server.log.appender.buffer.byte-limit = 33554432 (custom)
2023-09-15 05:01:47,308 [3b898b8b-8841-452f-b538-8e8d26c8d287-groupManagement] INFO  segmented.SegmentedRaftLogWorker (SegmentedRaftLogWorker.java:<init>(188)) - new 3b898b8b-8841-452f-b538-8e8d26c8d287@group-193EEEFE86B1-SegmentedRaftLogWorker for RaftStorageImpl:Storage Directory /home/runner/work/ozone/ozone/hadoop-ozone/integration-test/target/test-dir/MiniOzoneClusterImpl-0a18362f-1832-4b81-b629-935968d04e12/datanode-0/data/ratis/93ce8fe8-8840-4965-87c0-193eeefe86b1
2023-09-15 05:01:47,308 [3b898b8b-8841-452f-b538-8e8d26c8d287-groupManagement] INFO  server.RaftServerConfigKeys (ConfUtils.java:logGet(46)) - raft.server.log.queue.byte-limit = 4294967296 (custom)
2023-09-15 05:01:47,308 [3b898b8b-8841-452f-b538-8e8d26c8d287-groupManagement] INFO  server.RaftServerConfigKeys (ConfUtils.java:logGet(46)) - raft.server.log.queue.element-limit = 1024 (custom)
2023-09-15 05:01:47,308 [3b898b8b-8841-452f-b538-8e8d26c8d287-groupManagement] INFO  server.RaftServerConfigKeys (ConfUtils.java:logGet(46)) - raft.server.log.segment.size.max = 1048576 (custom)
2023-09-15 05:01:47,308 [3b898b8b-8841-452f-b538-8e8d26c8d287-groupManagement] INFO  server.RaftServerConfigKeys (ConfUtils.java:logGet(46)) - raft.server.log.preallocated.size = 16384 (custom)
2023-09-15 05:01:47,308 [3b898b8b-8841-452f-b538-8e8d26c8d287-groupManagement] INFO  server.RaftServerConfigKeys (ConfUtils.java:logGet(46)) - raft.server.log.force.sync.num = 128 (default)
2023-09-15 05:01:47,308 [3b898b8b-8841-452f-b538-8e8d26c8d287-groupManagement] INFO  server.RaftServerConfigKeys (ConfUtils.java:logGet(46)) - raft.server.log.statemachine.data.sync = true (default)
2023-09-15 05:01:47,308 [3b898b8b-8841-452f-b538-8e8d26c8d287-groupManagement] INFO  server.RaftServerConfigKeys (ConfUtils.java:logGet(46)) - raft.server.log.statemachine.data.sync.timeout = 10s (default)
2023-09-15 05:01:47,308 [3b898b8b-8841-452f-b538-8e8d26c8d287-groupManagement] INFO  server.RaftServerConfigKeys (ConfUtils.java:logGet(46)) - raft.server.log.statemachine.data.sync.timeout.retry = -1 (default)
2023-09-15 05:01:47,309 [3b898b8b-8841-452f-b538-8e8d26c8d287-groupManagement] INFO  server.RaftServerConfigKeys (ConfUtils.java:logGet(46)) - raft.server.log.write.buffer.size = 1048576 (custom)
2023-09-15 05:01:47,312 [3b898b8b-8841-452f-b538-8e8d26c8d287-groupManagement] INFO  server.RaftServerConfigKeys (ConfUtils.java:logGet(46)) - raft.server.log.appender.buffer.byte-limit = 33554432 (custom)
2023-09-15 05:01:47,315 [EventQueue-OpenPipelineForHealthyPipelineSafeModeRule] INFO  safemode.SCMSafeModeManager (HealthyPipelineSafeModeRule.java:process(137)) - SCM in safe mode. Healthy pipelines reported count is 0, required healthy pipeline reported count is 1
2023-09-15 05:01:47,320 [PipelineCommandHandlerThread-0] INFO  commandhandler.CreatePipelineCommandHandler (CreatePipelineCommandHandler.java:lambda$handle$2(124)) - Created Pipeline RATIS THREE PipelineID=80467dae-107b-4dcd-be89-88a1b8300e3c.
2023-09-15 05:01:47,327 [3b898b8b-8841-452f-b538-8e8d26c8d287-groupManagement] INFO  server.RaftServerConfigKeys (ConfUtils.java:logGet(46)) - raft.server.log.unsafe-flush.enabled = false (default)
2023-09-15 05:01:47,327 [3b898b8b-8841-452f-b538-8e8d26c8d287-groupManagement] INFO  server.RaftServerConfigKeys (ConfUtils.java:logGet(46)) - raft.server.log.async-flush.enabled = false (default)
2023-09-15 05:01:47,327 [3b898b8b-8841-452f-b538-8e8d26c8d287-groupManagement] INFO  server.RaftServerConfigKeys (ConfUtils.java:logGet(46)) - raft.server.log.statemachine.data.caching.enabled = true (custom)
2023-09-15 05:01:47,329 [3b898b8b-8841-452f-b538-8e8d26c8d287-groupManagement] INFO  segmented.SegmentedRaftLogWorker (SegmentedRaftLogWorker.java:lambda$new$0(135)) - 3b898b8b-8841-452f-b538-8e8d26c8d287@group-193EEEFE86B1-SegmentedRaftLogWorker: flushIndex: setUnconditionally 0 -> -1
2023-09-15 05:01:47,329 [3b898b8b-8841-452f-b538-8e8d26c8d287-groupManagement] INFO  segmented.SegmentedRaftLogWorker (SegmentedRaftLogWorker.java:lambda$new$0(135)) - 3b898b8b-8841-452f-b538-8e8d26c8d287@group-193EEEFE86B1-SegmentedRaftLogWorker: safeCacheEvictIndex: setUnconditionally 0 -> -1
2023-09-15 05:01:47,329 [3b898b8b-8841-452f-b538-8e8d26c8d287-groupManagement] INFO  server.RaftServer$Division (RaftServerImpl.java:start(342)) - 3b898b8b-8841-452f-b538-8e8d26c8d287@group-193EEEFE86B1: start as a follower, conf=-1: peers:[dd1e58ff-ca4a-47cb-ae71-8fc517aad200|rpc:10.1.0.24:15023|admin:10.1.0.24:15022|client:10.1.0.24:15021|dataStream:10.1.0.24:15024|priority:0|startupRole:FOLLOWER, 3b898b8b-8841-452f-b538-8e8d26c8d287|rpc:10.1.0.24:15014|admin:10.1.0.24:15013|client:10.1.0.24:15012|dataStream:10.1.0.24:15015|priority:0|startupRole:FOLLOWER, 729f921e-514b-472d-a5a3-7d6b9d90aa28|rpc:10.1.0.24:15032|admin:10.1.0.24:15031|client:10.1.0.24:15030|dataStream:10.1.0.24:15033|priority:1|startupRole:FOLLOWER]|listeners:[], old=null
2023-09-15 05:01:47,329 [3b898b8b-8841-452f-b538-8e8d26c8d287-groupManagement] INFO  server.RaftServer$Division (RaftServerImpl.java:setRole(329)) - 3b898b8b-8841-452f-b538-8e8d26c8d287@group-193EEEFE86B1: changes role from      null to FOLLOWER at term 0 for startAsFollower
2023-09-15 05:01:47,329 [3b898b8b-8841-452f-b538-8e8d26c8d287-groupManagement] INFO  impl.RoleInfo (RoleInfo.java:updateAndGet(139)) - 3b898b8b-8841-452f-b538-8e8d26c8d287: start 3b898b8b-8841-452f-b538-8e8d26c8d287@group-193EEEFE86B1-FollowerState
2023-09-15 05:01:47,329 [PipelineCommandHandlerThread-0] INFO  commandhandler.CreatePipelineCommandHandler (CreatePipelineCommandHandler.java:lambda$handle$2(124)) - Created Pipeline RATIS THREE PipelineID=80467dae-107b-4dcd-be89-88a1b8300e3c.
2023-09-15 05:01:47,332 [PipelineCommandHandlerThread-0] INFO  server.RaftServer (RaftServerProxy.java:addNew(98)) - dd1e58ff-ca4a-47cb-ae71-8fc517aad200: addNew group-193EEEFE86B1:[dd1e58ff-ca4a-47cb-ae71-8fc517aad200|rpc:10.1.0.24:15023|admin:10.1.0.24:15022|client:10.1.0.24:15021|dataStream:10.1.0.24:15024|priority:0|startupRole:FOLLOWER, 3b898b8b-8841-452f-b538-8e8d26c8d287|rpc:10.1.0.24:15014|admin:10.1.0.24:15013|client:10.1.0.24:15012|dataStream:10.1.0.24:15015|priority:0|startupRole:FOLLOWER, 729f921e-514b-472d-a5a3-7d6b9d90aa28|rpc:10.1.0.24:15032|admin:10.1.0.24:15031|client:10.1.0.24:15030|dataStream:10.1.0.24:15033|priority:1|startupRole:FOLLOWER] returns group-193EEEFE86B1:java.util.concurrent.CompletableFuture@33516b11[Not completed]
2023-09-15 05:01:47,332 [3b898b8b-8841-452f-b538-8e8d26c8d287-groupManagement] INFO  util.JmxRegister (JmxRegister.java:tryRegister(44)) - Successfully registered JMX Bean with object name Ratis:service=RaftServer,group=group-193EEEFE86B1,id=3b898b8b-8841-452f-b538-8e8d26c8d287
2023-09-15 05:01:47,332 [3b898b8b-8841-452f-b538-8e8d26c8d287-groupManagement] INFO  server.RaftServerConfigKeys (ConfUtils.java:logGet(46)) - raft.server.snapshot.auto.trigger.enabled = true (custom)
2023-09-15 05:01:47,332 [3b898b8b-8841-452f-b538-8e8d26c8d287-groupManagement] INFO  server.RaftServerConfigKeys (ConfUtils.java:logGet(46)) - raft.server.snapshot.auto.trigger.threshold = 10000 (custom)
2023-09-15 05:01:47,332 [3b898b8b-8841-452f-b538-8e8d26c8d287-groupManagement] INFO  server.RaftServerConfigKeys (ConfUtils.java:logGet(46)) - raft.server.snapshot.retention.file.num = 5 (custom)
2023-09-15 05:01:47,332 [3b898b8b-8841-452f-b538-8e8d26c8d287-groupManagement] INFO  server.RaftServerConfigKeys (ConfUtils.java:logGet(46)) - raft.server.log.purge.upto.snapshot.index = false (default)
2023-09-15 05:01:47,333 [dd1e58ff-ca4a-47cb-ae71-8fc517aad200-groupManagement] INFO  server.RaftServer$Division (RaftServerImpl.java:<init>(198)) - dd1e58ff-ca4a-47cb-ae71-8fc517aad200: new RaftServerImpl for group-193EEEFE86B1:[dd1e58ff-ca4a-47cb-ae71-8fc517aad200|rpc:10.1.0.24:15023|admin:10.1.0.24:15022|client:10.1.0.24:15021|dataStream:10.1.0.24:15024|priority:0|startupRole:FOLLOWER, 3b898b8b-8841-452f-b538-8e8d26c8d287|rpc:10.1.0.24:15014|admin:10.1.0.24:15013|client:10.1.0.24:15012|dataStream:10.1.0.24:15015|priority:0|startupRole:FOLLOWER, 729f921e-514b-472d-a5a3-7d6b9d90aa28|rpc:10.1.0.24:15032|admin:10.1.0.24:15031|client:10.1.0.24:15030|dataStream:10.1.0.24:15033|priority:1|startupRole:FOLLOWER] with ContainerStateMachine:uninitialized
2023-09-15 05:01:47,334 [dd1e58ff-ca4a-47cb-ae71-8fc517aad200-groupManagement] INFO  server.RaftServerConfigKeys (ConfUtils.java:logGet(46)) - raft.server.rpc.timeout.min = 5s (custom)
2023-09-15 05:01:47,334 [dd1e58ff-ca4a-47cb-ae71-8fc517aad200-groupManagement] INFO  server.RaftServerConfigKeys (ConfUtils.java:logGet(46)) - raft.server.rpc.timeout.max = 5200ms (custom)
2023-09-15 05:01:47,334 [dd1e58ff-ca4a-47cb-ae71-8fc517aad200-groupManagement] INFO  server.RaftServerConfigKeys (ConfUtils.java:logGet(46)) - raft.server.rpc.sleep.time = 25ms (default)
2023-09-15 05:01:47,334 [3b898b8b-8841-452f-b538-8e8d26c8d287@group-193EEEFE86B1-FollowerState] INFO  server.RaftServerConfigKeys (ConfUtils.java:logFallback(53)) - raft.server.rpc.first-election.timeout.min = 5s (fallback to raft.server.rpc.timeout.min)
2023-09-15 05:01:47,334 [dd1e58ff-ca4a-47cb-ae71-8fc517aad200-groupManagement] INFO  server.RaftServerConfigKeys (ConfUtils.java:logGet(46)) - raft.server.rpc.slowness.timeout = 300s (custom)
2023-09-15 05:01:47,339 [3b898b8b-8841-452f-b538-8e8d26c8d287@group-193EEEFE86B1-FollowerState] INFO  server.RaftServerConfigKeys (ConfUtils.java:logFallback(53)) - raft.server.rpc.first-election.timeout.max = 5200ms (fallback to raft.server.rpc.timeout.max)
2023-09-15 05:01:47,339 [dd1e58ff-ca4a-47cb-ae71-8fc517aad200-groupManagement] INFO  server.RaftServerConfigKeys (ConfUtils.java:logGet(46)) - raft.server.leaderelection.leader.step-down.wait-time = 10s (default)
2023-09-15 05:01:47,339 [dd1e58ff-ca4a-47cb-ae71-8fc517aad200-groupManagement] INFO  server.RaftServerConfigKeys (ConfUtils.java:logGet(46)) - raft.server.sleep.deviation.threshold = 300ms (default)
2023-09-15 05:01:47,339 [dd1e58ff-ca4a-47cb-ae71-8fc517aad200-groupManagement] INFO  server.RaftServer$Division (ServerState.java:<init>(120)) - dd1e58ff-ca4a-47cb-ae71-8fc517aad200@group-193EEEFE86B1: ConfigurationManager, init=-1: peers:[dd1e58ff-ca4a-47cb-ae71-8fc517aad200|rpc:10.1.0.24:15023|admin:10.1.0.24:15022|client:10.1.0.24:15021|dataStream:10.1.0.24:15024|priority:0|startupRole:FOLLOWER, 3b898b8b-8841-452f-b538-8e8d26c8d287|rpc:10.1.0.24:15014|admin:10.1.0.24:15013|client:10.1.0.24:15012|dataStream:10.1.0.24:15015|priority:0|startupRole:FOLLOWER, 729f921e-514b-472d-a5a3-7d6b9d90aa28|rpc:10.1.0.24:15032|admin:10.1.0.24:15031|client:10.1.0.24:15030|dataStream:10.1.0.24:15033|priority:1|startupRole:FOLLOWER]|listeners:[], old=null, confs=<EMPTY_MAP>
2023-09-15 05:01:47,339 [dd1e58ff-ca4a-47cb-ae71-8fc517aad200-groupManagement] INFO  server.RaftServerConfigKeys (ConfUtils.java:logGet(46)) - raft.server.storage.dir = [/home/runner/work/ozone/ozone/hadoop-ozone/integration-test/target/test-dir/MiniOzoneClusterImpl-0a18362f-1832-4b81-b629-935968d04e12/datanode-1/data/ratis] (custom)
2023-09-15 05:01:47,339 [dd1e58ff-ca4a-47cb-ae71-8fc517aad200-groupManagement] INFO  server.RaftServerConfigKeys (ConfUtils.java:logGet(46)) - raft.server.log.corruption.policy = EXCEPTION (default)
2023-09-15 05:01:47,339 [dd1e58ff-ca4a-47cb-ae71-8fc517aad200-groupManagement] INFO  server.RaftServerConfigKeys (ConfUtils.java:logGet(46)) - raft.server.storage.free-space.min = 0MB (=0) (default)
2023-09-15 05:01:47,339 [dd1e58ff-ca4a-47cb-ae71-8fc517aad200-groupManagement] INFO  server.RaftServerConfigKeys (ConfUtils.java:logGet(46)) - raft.server.notification.no-leader.timeout = 300s (custom)
2023-09-15 05:01:47,339 [dd1e58ff-ca4a-47cb-ae71-8fc517aad200-groupManagement] INFO  server.RaftServerConfigKeys (ConfUtils.java:logGet(46)) - raft.server.read.timeout = 10s (default)
2023-09-15 05:01:47,339 [dd1e58ff-ca4a-47cb-ae71-8fc517aad200-groupManagement] INFO  server.RaftServerConfigKeys (ConfUtils.java:logGet(46)) - raft.server.retrycache.expirytime = 600000ms (custom)
2023-09-15 05:01:47,340 [dd1e58ff-ca4a-47cb-ae71-8fc517aad200-groupManagement] INFO  server.RaftServerConfigKeys (ConfUtils.java:logGet(46)) - raft.server.retrycache.statistics.expirytime = 100μs (default)
2023-09-15 05:01:47,340 [dd1e58ff-ca4a-47cb-ae71-8fc517aad200-groupManagement] INFO  server.RaftServerConfigKeys (ConfUtils.java:logGet(46)) - raft.server.read.option = DEFAULT (default)
2023-09-15 05:01:47,341 [dd1e58ff-ca4a-47cb-ae71-8fc517aad200-groupManagement] INFO  server.RaftServerConfigKeys (ConfUtils.java:logGet(46)) - raft.server.rpc.request.timeout = 60s (custom)
2023-09-15 05:01:47,341 [dd1e58ff-ca4a-47cb-ae71-8fc517aad200-groupManagement] INFO  server.RaftServerConfigKeys (ConfUtils.java:logGet(46)) - raft.server.log.appender.install.snapshot.enabled = false (custom)
2023-09-15 05:01:47,341 [dd1e58ff-ca4a-47cb-ae71-8fc517aad200-groupManagement] INFO  server.RaftServerConfigKeys (ConfUtils.java:logGet(46)) - raft.server.threadpool.server.cached = true (default)
2023-09-15 05:01:47,341 [dd1e58ff-ca4a-47cb-ae71-8fc517aad200-groupManagement] INFO  server.RaftServerConfigKeys (ConfUtils.java:logGet(46)) - raft.server.threadpool.server.size = 0 (default)
2023-09-15 05:01:47,341 [dd1e58ff-ca4a-47cb-ae71-8fc517aad200-groupManagement] INFO  server.RaftServerConfigKeys (ConfUtils.java:logGet(46)) - raft.server.threadpool.client.cached = true (default)
2023-09-15 05:01:47,341 [dd1e58ff-ca4a-47cb-ae71-8fc517aad200-groupManagement] INFO  server.RaftServerConfigKeys (ConfUtils.java:logGet(46)) - raft.server.threadpool.client.size = 0 (default)
2023-09-15 05:01:47,341 [dd1e58ff-ca4a-47cb-ae71-8fc517aad200-groupManagement] INFO  storage.RaftStorageDirectory (RaftStorageDirectoryImpl.java:analyzeStorage(137)) - The storage directory /home/runner/work/ozone/ozone/hadoop-ozone/integration-test/target/test-dir/MiniOzoneClusterImpl-0a18362f-1832-4b81-b629-935968d04e12/datanode-1/data/ratis/93ce8fe8-8840-4965-87c0-193eeefe86b1 does not exist. Creating ...
2023-09-15 05:01:47,343 [dd1e58ff-ca4a-47cb-ae71-8fc517aad200-groupManagement] INFO  storage.RaftStorageDirectory (RaftStorageDirectoryImpl.java:tryLock(231)) - Lock on /home/runner/work/ozone/ozone/hadoop-ozone/integration-test/target/test-dir/MiniOzoneClusterImpl-0a18362f-1832-4b81-b629-935968d04e12/datanode-1/data/ratis/93ce8fe8-8840-4965-87c0-193eeefe86b1/in_use.lock acquired by nodename 87703@fv-az371-27
2023-09-15 05:01:47,348 [dd1e58ff-ca4a-47cb-ae71-8fc517aad200-groupManagement] INFO  storage.RaftStorage (RaftStorageImpl.java:format(96)) - Storage directory /home/runner/work/ozone/ozone/hadoop-ozone/integration-test/target/test-dir/MiniOzoneClusterImpl-0a18362f-1832-4b81-b629-935968d04e12/datanode-1/data/ratis/93ce8fe8-8840-4965-87c0-193eeefe86b1 has been successfully formatted.
2023-09-15 05:01:47,352 [dd1e58ff-ca4a-47cb-ae71-8fc517aad200-groupManagement] INFO  ratis.ContainerStateMachine (ContainerStateMachine.java:loadSnapshot(262)) - group-193EEEFE86B1: The snapshot info is null. Setting the last applied indexto:(t:0, i:~)
2023-09-15 05:01:47,353 [dd1e58ff-ca4a-47cb-ae71-8fc517aad200-groupManagement] INFO  server.RaftServerConfigKeys (ConfUtils.java:logGet(46)) - raft.server.log.use.memory = false (default)
2023-09-15 05:01:47,355 [dd1e58ff-ca4a-47cb-ae71-8fc517aad200-groupManagement] INFO  server.RaftServerConfigKeys (ConfUtils.java:logGet(46)) - raft.server.log.purge.gap = 1000000 (custom)
2023-09-15 05:01:47,356 [dd1e58ff-ca4a-47cb-ae71-8fc517aad200-groupManagement] INFO  server.RaftServerConfigKeys (ConfUtils.java:logGet(46)) - raft.server.log.appender.buffer.byte-limit = 33554432 (custom)
2023-09-15 05:01:47,356 [dd1e58ff-ca4a-47cb-ae71-8fc517aad200-groupManagement] INFO  server.RaftServerConfigKeys (ConfUtils.java:logGet(46)) - raft.server.log.statemachine.data.read.timeout = 1000ms (default)
2023-09-15 05:01:47,356 [dd1e58ff-ca4a-47cb-ae71-8fc517aad200-groupManagement] INFO  server.RaftServerConfigKeys (ConfUtils.java:logGet(46)) - raft.server.log.purge.preservation.log.num = 0 (default)
2023-09-15 05:01:47,356 [dd1e58ff-ca4a-47cb-ae71-8fc517aad200-groupManagement] INFO  server.RaftServerConfigKeys (ConfUtils.java:logGet(46)) - raft.server.log.segment.size.max = 1048576 (custom)
2023-09-15 05:01:47,357 [dd1e58ff-ca4a-47cb-ae71-8fc517aad200-groupManagement] INFO  server.RaftServerConfigKeys (ConfUtils.java:logGet(46)) - raft.server.log.segment.cache.num.max = 2 (custom)
2023-09-15 05:01:47,357 [dd1e58ff-ca4a-47cb-ae71-8fc517aad200-groupManagement] INFO  server.RaftServerConfigKeys (ConfUtils.java:logGet(46)) - raft.server.log.segment.cache.size.max = 200MB (=209715200) (default)
2023-09-15 05:01:47,357 [dd1e58ff-ca4a-47cb-ae71-8fc517aad200-groupManagement] INFO  server.RaftServerConfigKeys (ConfUtils.java:logGet(46)) - raft.server.log.appender.buffer.byte-limit = 33554432 (custom)
2023-09-15 05:01:47,357 [dd1e58ff-ca4a-47cb-ae71-8fc517aad200-groupManagement] INFO  segmented.SegmentedRaftLogWorker (SegmentedRaftLogWorker.java:<init>(188)) - new dd1e58ff-ca4a-47cb-ae71-8fc517aad200@group-193EEEFE86B1-SegmentedRaftLogWorker for RaftStorageImpl:Storage Directory /home/runner/work/ozone/ozone/hadoop-ozone/integration-test/target/test-dir/MiniOzoneClusterImpl-0a18362f-1832-4b81-b629-935968d04e12/datanode-1/data/ratis/93ce8fe8-8840-4965-87c0-193eeefe86b1
2023-09-15 05:01:47,357 [dd1e58ff-ca4a-47cb-ae71-8fc517aad200-groupManagement] INFO  server.RaftServerConfigKeys (ConfUtils.java:logGet(46)) - raft.server.log.queue.byte-limit = 4294967296 (custom)
2023-09-15 05:01:47,363 [dd1e58ff-ca4a-47cb-ae71-8fc517aad200-groupManagement] INFO  server.RaftServerConfigKeys (ConfUtils.java:logGet(46)) - raft.server.log.queue.element-limit = 1024 (custom)
2023-09-15 05:01:47,363 [dd1e58ff-ca4a-47cb-ae71-8fc517aad200-groupManagement] INFO  server.RaftServerConfigKeys (ConfUtils.java:logGet(46)) - raft.server.log.segment.size.max = 1048576 (custom)
2023-09-15 05:01:47,363 [dd1e58ff-ca4a-47cb-ae71-8fc517aad200-groupManagement] INFO  server.RaftServerConfigKeys (ConfUtils.java:logGet(46)) - raft.server.log.preallocated.size = 16384 (custom)
2023-09-15 05:01:47,363 [dd1e58ff-ca4a-47cb-ae71-8fc517aad200-groupManagement] INFO  server.RaftServerConfigKeys (ConfUtils.java:logGet(46)) - raft.server.log.force.sync.num = 128 (default)
2023-09-15 05:01:47,363 [dd1e58ff-ca4a-47cb-ae71-8fc517aad200-groupManagement] INFO  server.RaftServerConfigKeys (ConfUtils.java:logGet(46)) - raft.server.log.statemachine.data.sync = true (default)
2023-09-15 05:01:47,367 [dd1e58ff-ca4a-47cb-ae71-8fc517aad200-groupManagement] INFO  server.RaftServerConfigKeys (ConfUtils.java:logGet(46)) - raft.server.log.statemachine.data.sync.timeout = 10s (default)
2023-09-15 05:01:47,367 [dd1e58ff-ca4a-47cb-ae71-8fc517aad200-groupManagement] INFO  server.RaftServerConfigKeys (ConfUtils.java:logGet(46)) - raft.server.log.statemachine.data.sync.timeout.retry = -1 (default)
2023-09-15 05:01:47,366 [EventQueue-OpenPipelineForHealthyPipelineSafeModeRule] INFO  safemode.SCMSafeModeManager (HealthyPipelineSafeModeRule.java:process(137)) - SCM in safe mode. Healthy pipelines reported count is 0, required healthy pipeline reported count is 1
2023-09-15 05:01:47,368 [dd1e58ff-ca4a-47cb-ae71-8fc517aad200-groupManagement] INFO  server.RaftServerConfigKeys (ConfUtils.java:logGet(46)) - raft.server.log.write.buffer.size = 1048576 (custom)
2023-09-15 05:01:47,386 [dd1e58ff-ca4a-47cb-ae71-8fc517aad200-groupManagement] INFO  server.RaftServerConfigKeys (ConfUtils.java:logGet(46)) - raft.server.log.appender.buffer.byte-limit = 33554432 (custom)
2023-09-15 05:01:47,397 [dd1e58ff-ca4a-47cb-ae71-8fc517aad200-groupManagement] INFO  server.RaftServerConfigKeys (ConfUtils.java:logGet(46)) - raft.server.log.unsafe-flush.enabled = false (default)
2023-09-15 05:01:47,404 [dd1e58ff-ca4a-47cb-ae71-8fc517aad200-groupManagement] INFO  server.RaftServerConfigKeys (ConfUtils.java:logGet(46)) - raft.server.log.async-flush.enabled = false (default)
2023-09-15 05:01:47,404 [dd1e58ff-ca4a-47cb-ae71-8fc517aad200-groupManagement] INFO  server.RaftServerConfigKeys (ConfUtils.java:logGet(46)) - raft.server.log.statemachine.data.caching.enabled = true (custom)
2023-09-15 05:01:47,405 [dd1e58ff-ca4a-47cb-ae71-8fc517aad200-groupManagement] INFO  segmented.SegmentedRaftLogWorker (SegmentedRaftLogWorker.java:lambda$new$0(135)) - dd1e58ff-ca4a-47cb-ae71-8fc517aad200@group-193EEEFE86B1-SegmentedRaftLogWorker: flushIndex: setUnconditionally 0 -> -1
2023-09-15 05:01:47,405 [dd1e58ff-ca4a-47cb-ae71-8fc517aad200-groupManagement] INFO  segmented.SegmentedRaftLogWorker (SegmentedRaftLogWorker.java:lambda$new$0(135)) - dd1e58ff-ca4a-47cb-ae71-8fc517aad200@group-193EEEFE86B1-SegmentedRaftLogWorker: safeCacheEvictIndex: setUnconditionally 0 -> -1
2023-09-15 05:01:47,407 [dd1e58ff-ca4a-47cb-ae71-8fc517aad200-groupManagement] INFO  server.RaftServer$Division (RaftServerImpl.java:start(342)) - dd1e58ff-ca4a-47cb-ae71-8fc517aad200@group-193EEEFE86B1: start as a follower, conf=-1: peers:[dd1e58ff-ca4a-47cb-ae71-8fc517aad200|rpc:10.1.0.24:15023|admin:10.1.0.24:15022|client:10.1.0.24:15021|dataStream:10.1.0.24:15024|priority:0|startupRole:FOLLOWER, 3b898b8b-8841-452f-b538-8e8d26c8d287|rpc:10.1.0.24:15014|admin:10.1.0.24:15013|client:10.1.0.24:15012|dataStream:10.1.0.24:15015|priority:0|startupRole:FOLLOWER, 729f921e-514b-472d-a5a3-7d6b9d90aa28|rpc:10.1.0.24:15032|admin:10.1.0.24:15031|client:10.1.0.24:15030|dataStream:10.1.0.24:15033|priority:1|startupRole:FOLLOWER]|listeners:[], old=null
2023-09-15 05:01:47,407 [dd1e58ff-ca4a-47cb-ae71-8fc517aad200-groupManagement] INFO  server.RaftServer$Division (RaftServerImpl.java:setRole(329)) - dd1e58ff-ca4a-47cb-ae71-8fc517aad200@group-193EEEFE86B1: changes role from      null to FOLLOWER at term 0 for startAsFollower
2023-09-15 05:01:47,407 [dd1e58ff-ca4a-47cb-ae71-8fc517aad200-groupManagement] INFO  impl.RoleInfo (RoleInfo.java:updateAndGet(139)) - dd1e58ff-ca4a-47cb-ae71-8fc517aad200: start dd1e58ff-ca4a-47cb-ae71-8fc517aad200@group-193EEEFE86B1-FollowerState
2023-09-15 05:01:47,408 [dd1e58ff-ca4a-47cb-ae71-8fc517aad200-groupManagement] INFO  util.JmxRegister (JmxRegister.java:tryRegister(44)) - Successfully registered JMX Bean with object name Ratis:service=RaftServer,group=group-193EEEFE86B1,id=dd1e58ff-ca4a-47cb-ae71-8fc517aad200
2023-09-15 05:01:47,408 [dd1e58ff-ca4a-47cb-ae71-8fc517aad200-groupManagement] INFO  server.RaftServerConfigKeys (ConfUtils.java:logGet(46)) - raft.server.snapshot.auto.trigger.enabled = true (custom)
2023-09-15 05:01:47,408 [dd1e58ff-ca4a-47cb-ae71-8fc517aad200-groupManagement] INFO  server.RaftServerConfigKeys (ConfUtils.java:logGet(46)) - raft.server.snapshot.auto.trigger.threshold = 10000 (custom)
2023-09-15 05:01:47,408 [dd1e58ff-ca4a-47cb-ae71-8fc517aad200-groupManagement] INFO  server.RaftServerConfigKeys (ConfUtils.java:logGet(46)) - raft.server.snapshot.retention.file.num = 5 (custom)
2023-09-15 05:01:47,408 [dd1e58ff-ca4a-47cb-ae71-8fc517aad200-groupManagement] INFO  server.RaftServerConfigKeys (ConfUtils.java:logGet(46)) - raft.server.log.purge.upto.snapshot.index = false (default)
2023-09-15 05:01:47,409 [dd1e58ff-ca4a-47cb-ae71-8fc517aad200@group-193EEEFE86B1-FollowerState] INFO  server.RaftServerConfigKeys (ConfUtils.java:logFallback(53)) - raft.server.rpc.first-election.timeout.min = 5s (fallback to raft.server.rpc.timeout.min)
2023-09-15 05:01:47,412 [dd1e58ff-ca4a-47cb-ae71-8fc517aad200@group-193EEEFE86B1-FollowerState] INFO  server.RaftServerConfigKeys (ConfUtils.java:logFallback(53)) - raft.server.rpc.first-election.timeout.max = 5200ms (fallback to raft.server.rpc.timeout.max)
2023-09-15 05:01:47,409 [PipelineCommandHandlerThread-0] INFO  ratis.XceiverServerRatis (XceiverServerRatis.java:addGroup(804)) - Created group PipelineID=93ce8fe8-8840-4965-87c0-193eeefe86b1
2023-09-15 05:01:47,473 [PipelineCommandHandlerThread-0] INFO  commandhandler.CreatePipelineCommandHandler (CreatePipelineCommandHandler.java:lambda$handle$2(124)) - Created Pipeline RATIS THREE PipelineID=93ce8fe8-8840-4965-87c0-193eeefe86b1.
2023-09-15 05:01:47,516 [PipelineCommandHandlerThread-0] INFO  commandhandler.CreatePipelineCommandHandler (CreatePipelineCommandHandler.java:lambda$handle$2(124)) - Created Pipeline RATIS THREE PipelineID=93ce8fe8-8840-4965-87c0-193eeefe86b1.
2023-09-15 05:01:47,550 [PipelineCommandHandlerThread-0] INFO  server.RaftServer (RaftServerProxy.java:addNew(98)) - 0a6fa645-f909-40e7-9d0d-0c6da806ec87: addNew group-A0C906569A0D:[0a6fa645-f909-40e7-9d0d-0c6da806ec87|rpc:10.1.0.24:15041|admin:10.1.0.24:15040|client:10.1.0.24:15039|dataStream:10.1.0.24:15042|priority:1|startupRole:FOLLOWER] returns group-A0C906569A0D:java.util.concurrent.CompletableFuture@34d21b7b[Not completed]
2023-09-15 05:01:47,552 [0a6fa645-f909-40e7-9d0d-0c6da806ec87-groupManagement] INFO  server.RaftServer$Division (RaftServerImpl.java:<init>(198)) - 0a6fa645-f909-40e7-9d0d-0c6da806ec87: new RaftServerImpl for group-A0C906569A0D:[0a6fa645-f909-40e7-9d0d-0c6da806ec87|rpc:10.1.0.24:15041|admin:10.1.0.24:15040|client:10.1.0.24:15039|dataStream:10.1.0.24:15042|priority:1|startupRole:FOLLOWER] with ContainerStateMachine:uninitialized
2023-09-15 05:01:47,552 [0a6fa645-f909-40e7-9d0d-0c6da806ec87-groupManagement] INFO  server.RaftServerConfigKeys (ConfUtils.java:logGet(46)) - raft.server.rpc.timeout.min = 5s (custom)
2023-09-15 05:01:47,552 [0a6fa645-f909-40e7-9d0d-0c6da806ec87-groupManagement] INFO  server.RaftServerConfigKeys (ConfUtils.java:logGet(46)) - raft.server.rpc.timeout.max = 5200ms (custom)
2023-09-15 05:01:47,552 [0a6fa645-f909-40e7-9d0d-0c6da806ec87-groupManagement] INFO  server.RaftServerConfigKeys (ConfUtils.java:logGet(46)) - raft.server.rpc.sleep.time = 25ms (default)
2023-09-15 05:01:47,552 [0a6fa645-f909-40e7-9d0d-0c6da806ec87-groupManagement] INFO  server.RaftServerConfigKeys (ConfUtils.java:logGet(46)) - raft.server.rpc.slowness.timeout = 300s (custom)
2023-09-15 05:01:47,552 [0a6fa645-f909-40e7-9d0d-0c6da806ec87-groupManagement] INFO  server.RaftServerConfigKeys (ConfUtils.java:logGet(46)) - raft.server.leaderelection.leader.step-down.wait-time = 10s (default)
2023-09-15 05:01:47,552 [0a6fa645-f909-40e7-9d0d-0c6da806ec87-groupManagement] INFO  server.RaftServerConfigKeys (ConfUtils.java:logGet(46)) - raft.server.sleep.deviation.threshold = 300ms (default)
2023-09-15 05:01:47,552 [0a6fa645-f909-40e7-9d0d-0c6da806ec87-groupManagement] INFO  server.RaftServer$Division (ServerState.java:<init>(120)) - 0a6fa645-f909-40e7-9d0d-0c6da806ec87@group-A0C906569A0D: ConfigurationManager, init=-1: peers:[0a6fa645-f909-40e7-9d0d-0c6da806ec87|rpc:10.1.0.24:15041|admin:10.1.0.24:15040|client:10.1.0.24:15039|dataStream:10.1.0.24:15042|priority:1|startupRole:FOLLOWER]|listeners:[], old=null, confs=<EMPTY_MAP>
2023-09-15 05:01:47,553 [0a6fa645-f909-40e7-9d0d-0c6da806ec87-groupManagement] INFO  server.RaftServerConfigKeys (ConfUtils.java:logGet(46)) - raft.server.storage.dir = [/home/runner/work/ozone/ozone/hadoop-ozone/integration-test/target/test-dir/MiniOzoneClusterImpl-0a18362f-1832-4b81-b629-935968d04e12/datanode-3/data/ratis] (custom)
2023-09-15 05:01:47,553 [0a6fa645-f909-40e7-9d0d-0c6da806ec87-groupManagement] INFO  server.RaftServerConfigKeys (ConfUtils.java:logGet(46)) - raft.server.log.corruption.policy = EXCEPTION (default)
2023-09-15 05:01:47,553 [0a6fa645-f909-40e7-9d0d-0c6da806ec87-groupManagement] INFO  server.RaftServerConfigKeys (ConfUtils.java:logGet(46)) - raft.server.storage.free-space.min = 0MB (=0) (default)
2023-09-15 05:01:47,553 [0a6fa645-f909-40e7-9d0d-0c6da806ec87-groupManagement] INFO  server.RaftServerConfigKeys (ConfUtils.java:logGet(46)) - raft.server.notification.no-leader.timeout = 300s (custom)
2023-09-15 05:01:47,553 [0a6fa645-f909-40e7-9d0d-0c6da806ec87-groupManagement] INFO  server.RaftServerConfigKeys (ConfUtils.java:logGet(46)) - raft.server.read.timeout = 10s (default)
2023-09-15 05:01:47,553 [0a6fa645-f909-40e7-9d0d-0c6da806ec87-groupManagement] INFO  server.RaftServerConfigKeys (ConfUtils.java:logGet(46)) - raft.server.retrycache.expirytime = 600000ms (custom)
2023-09-15 05:01:47,553 [0a6fa645-f909-40e7-9d0d-0c6da806ec87-groupManagement] INFO  server.RaftServerConfigKeys (ConfUtils.java:logGet(46)) - raft.server.retrycache.statistics.expirytime = 100μs (default)
2023-09-15 05:01:47,553 [0a6fa645-f909-40e7-9d0d-0c6da806ec87-groupManagement] INFO  server.RaftServerConfigKeys (ConfUtils.java:logGet(46)) - raft.server.read.option = DEFAULT (default)
2023-09-15 05:01:47,558 [0a6fa645-f909-40e7-9d0d-0c6da806ec87-groupManagement] INFO  server.RaftServerConfigKeys (ConfUtils.java:logGet(46)) - raft.server.rpc.request.timeout = 60s (custom)
2023-09-15 05:01:47,559 [0a6fa645-f909-40e7-9d0d-0c6da806ec87-groupManagement] INFO  server.RaftServerConfigKeys (ConfUtils.java:logGet(46)) - raft.server.log.appender.install.snapshot.enabled = false (custom)
2023-09-15 05:01:47,559 [0a6fa645-f909-40e7-9d0d-0c6da806ec87-groupManagement] INFO  server.RaftServerConfigKeys (ConfUtils.java:logGet(46)) - raft.server.threadpool.server.cached = true (default)
2023-09-15 05:01:47,559 [0a6fa645-f909-40e7-9d0d-0c6da806ec87-groupManagement] INFO  server.RaftServerConfigKeys (ConfUtils.java:logGet(46)) - raft.server.threadpool.server.size = 0 (default)
2023-09-15 05:01:47,559 [0a6fa645-f909-40e7-9d0d-0c6da806ec87-groupManagement] INFO  server.RaftServerConfigKeys (ConfUtils.java:logGet(46)) - raft.server.threadpool.client.cached = true (default)
2023-09-15 05:01:47,559 [0a6fa645-f909-40e7-9d0d-0c6da806ec87-groupManagement] INFO  server.RaftServerConfigKeys (ConfUtils.java:logGet(46)) - raft.server.threadpool.client.size = 0 (default)
2023-09-15 05:01:47,559 [0a6fa645-f909-40e7-9d0d-0c6da806ec87-groupManagement] INFO  storage.RaftStorageDirectory (RaftStorageDirectoryImpl.java:analyzeStorage(137)) - The storage directory /home/runner/work/ozone/ozone/hadoop-ozone/integration-test/target/test-dir/MiniOzoneClusterImpl-0a18362f-1832-4b81-b629-935968d04e12/datanode-3/data/ratis/5f1a1bfc-b2f2-44f4-b5c2-a0c906569a0d does not exist. Creating ...
2023-09-15 05:01:47,561 [0a6fa645-f909-40e7-9d0d-0c6da806ec87-groupManagement] INFO  storage.RaftStorageDirectory (RaftStorageDirectoryImpl.java:tryLock(231)) - Lock on /home/runner/work/ozone/ozone/hadoop-ozone/integration-test/target/test-dir/MiniOzoneClusterImpl-0a18362f-1832-4b81-b629-935968d04e12/datanode-3/data/ratis/5f1a1bfc-b2f2-44f4-b5c2-a0c906569a0d/in_use.lock acquired by nodename 87703@fv-az371-27
2023-09-15 05:01:47,563 [0a6fa645-f909-40e7-9d0d-0c6da806ec87-groupManagement] INFO  storage.RaftStorage (RaftStorageImpl.java:format(96)) - Storage directory /home/runner/work/ozone/ozone/hadoop-ozone/integration-test/target/test-dir/MiniOzoneClusterImpl-0a18362f-1832-4b81-b629-935968d04e12/datanode-3/data/ratis/5f1a1bfc-b2f2-44f4-b5c2-a0c906569a0d has been successfully formatted.
2023-09-15 05:01:47,566 [0a6fa645-f909-40e7-9d0d-0c6da806ec87-groupManagement] INFO  ratis.ContainerStateMachine (ContainerStateMachine.java:loadSnapshot(262)) - group-A0C906569A0D: The snapshot info is null. Setting the last applied indexto:(t:0, i:~)
2023-09-15 05:01:47,567 [0a6fa645-f909-40e7-9d0d-0c6da806ec87-groupManagement] INFO  server.RaftServerConfigKeys (ConfUtils.java:logGet(46)) - raft.server.log.use.memory = false (default)
2023-09-15 05:01:47,567 [0a6fa645-f909-40e7-9d0d-0c6da806ec87-groupManagement] INFO  server.RaftServerConfigKeys (ConfUtils.java:logGet(46)) - raft.server.log.purge.gap = 1000000 (custom)
2023-09-15 05:01:47,567 [0a6fa645-f909-40e7-9d0d-0c6da806ec87-groupManagement] INFO  server.RaftServerConfigKeys (ConfUtils.java:logGet(46)) - raft.server.log.appender.buffer.byte-limit = 33554432 (custom)
2023-09-15 05:01:47,567 [0a6fa645-f909-40e7-9d0d-0c6da806ec87-groupManagement] INFO  server.RaftServerConfigKeys (ConfUtils.java:logGet(46)) - raft.server.log.statemachine.data.read.timeout = 1000ms (default)
2023-09-15 05:01:47,567 [0a6fa645-f909-40e7-9d0d-0c6da806ec87-groupManagement] INFO  server.RaftServerConfigKeys (ConfUtils.java:logGet(46)) - raft.server.log.purge.preservation.log.num = 0 (default)
2023-09-15 05:01:47,567 [0a6fa645-f909-40e7-9d0d-0c6da806ec87-groupManagement] INFO  server.RaftServerConfigKeys (ConfUtils.java:logGet(46)) - raft.server.log.segment.size.max = 1048576 (custom)
2023-09-15 05:01:47,570 [EventQueue-PipelineReportForPipelineReportHandler] INFO  pipeline.PipelineReportHandler (PipelineReportHandler.java:processPipelineReport(136)) - Opened pipeline PipelineID=5f1a1bfc-b2f2-44f4-b5c2-a0c906569a0d
2023-09-15 05:01:47,571 [EventQueue-OpenPipelineForHealthyPipelineSafeModeRule] INFO  safemode.SCMSafeModeManager (HealthyPipelineSafeModeRule.java:process(137)) - SCM in safe mode. Healthy pipelines reported count is 0, required healthy pipeline reported count is 1
2023-09-15 05:01:47,573 [0a6fa645-f909-40e7-9d0d-0c6da806ec87-groupManagement] INFO  server.RaftServerConfigKeys (ConfUtils.java:logGet(46)) - raft.server.log.segment.cache.num.max = 2 (custom)
2023-09-15 05:01:47,573 [0a6fa645-f909-40e7-9d0d-0c6da806ec87-groupManagement] INFO  server.RaftServerConfigKeys (ConfUtils.java:logGet(46)) - raft.server.log.segment.cache.size.max = 200MB (=209715200) (default)
2023-09-15 05:01:47,573 [0a6fa645-f909-40e7-9d0d-0c6da806ec87-groupManagement] INFO  server.RaftServerConfigKeys (ConfUtils.java:logGet(46)) - raft.server.log.appender.buffer.byte-limit = 33554432 (custom)
2023-09-15 05:01:47,574 [0a6fa645-f909-40e7-9d0d-0c6da806ec87-groupManagement] INFO  segmented.SegmentedRaftLogWorker (SegmentedRaftLogWorker.java:<init>(188)) - new 0a6fa645-f909-40e7-9d0d-0c6da806ec87@group-A0C906569A0D-SegmentedRaftLogWorker for RaftStorageImpl:Storage Directory /home/runner/work/ozone/ozone/hadoop-ozone/integration-test/target/test-dir/MiniOzoneClusterImpl-0a18362f-1832-4b81-b629-935968d04e12/datanode-3/data/ratis/5f1a1bfc-b2f2-44f4-b5c2-a0c906569a0d
2023-09-15 05:01:47,574 [0a6fa645-f909-40e7-9d0d-0c6da806ec87-groupManagement] INFO  server.RaftServerConfigKeys (ConfUtils.java:logGet(46)) - raft.server.log.queue.byte-limit = 4294967296 (custom)
2023-09-15 05:01:47,574 [0a6fa645-f909-40e7-9d0d-0c6da806ec87-groupManagement] INFO  server.RaftServerConfigKeys (ConfUtils.java:logGet(46)) - raft.server.log.queue.element-limit = 1024 (custom)
2023-09-15 05:01:47,574 [0a6fa645-f909-40e7-9d0d-0c6da806ec87-groupManagement] INFO  server.RaftServerConfigKeys (ConfUtils.java:logGet(46)) - raft.server.log.segment.size.max = 1048576 (custom)
2023-09-15 05:01:47,574 [0a6fa645-f909-40e7-9d0d-0c6da806ec87-groupManagement] INFO  server.RaftServerConfigKeys (ConfUtils.java:logGet(46)) - raft.server.log.preallocated.size = 16384 (custom)
2023-09-15 05:01:47,574 [0a6fa645-f909-40e7-9d0d-0c6da806ec87-groupManagement] INFO  server.RaftServerConfigKeys (ConfUtils.java:logGet(46)) - raft.server.log.force.sync.num = 128 (default)
2023-09-15 05:01:47,574 [0a6fa645-f909-40e7-9d0d-0c6da806ec87-groupManagement] INFO  server.RaftServerConfigKeys (ConfUtils.java:logGet(46)) - raft.server.log.statemachine.data.sync = true (default)
2023-09-15 05:01:47,574 [0a6fa645-f909-40e7-9d0d-0c6da806ec87-groupManagement] INFO  server.RaftServerConfigKeys (ConfUtils.java:logGet(46)) - raft.server.log.statemachine.data.sync.timeout = 10s (default)
2023-09-15 05:01:47,574 [0a6fa645-f909-40e7-9d0d-0c6da806ec87-groupManagement] INFO  server.RaftServerConfigKeys (ConfUtils.java:logGet(46)) - raft.server.log.statemachine.data.sync.timeout.retry = -1 (default)
2023-09-15 05:01:47,576 [0a6fa645-f909-40e7-9d0d-0c6da806ec87-groupManagement] INFO  server.RaftServerConfigKeys (ConfUtils.java:logGet(46)) - raft.server.log.write.buffer.size = 1048576 (custom)
2023-09-15 05:01:47,577 [0a6fa645-f909-40e7-9d0d-0c6da806ec87-groupManagement] INFO  server.RaftServerConfigKeys (ConfUtils.java:logGet(46)) - raft.server.log.appender.buffer.byte-limit = 33554432 (custom)
2023-09-15 05:01:47,582 [0a6fa645-f909-40e7-9d0d-0c6da806ec87-groupManagement] INFO  server.RaftServerConfigKeys (ConfUtils.java:logGet(46)) - raft.server.log.unsafe-flush.enabled = false (default)
2023-09-15 05:01:47,583 [0a6fa645-f909-40e7-9d0d-0c6da806ec87-groupManagement] INFO  server.RaftServerConfigKeys (ConfUtils.java:logGet(46)) - raft.server.log.async-flush.enabled = false (default)
2023-09-15 05:01:47,583 [0a6fa645-f909-40e7-9d0d-0c6da806ec87-groupManagement] INFO  server.RaftServerConfigKeys (ConfUtils.java:logGet(46)) - raft.server.log.statemachine.data.caching.enabled = true (custom)
2023-09-15 05:01:47,583 [0a6fa645-f909-40e7-9d0d-0c6da806ec87-groupManagement] INFO  segmented.SegmentedRaftLogWorker (SegmentedRaftLogWorker.java:lambda$new$0(135)) - 0a6fa645-f909-40e7-9d0d-0c6da806ec87@group-A0C906569A0D-SegmentedRaftLogWorker: flushIndex: setUnconditionally 0 -> -1
2023-09-15 05:01:47,583 [0a6fa645-f909-40e7-9d0d-0c6da806ec87-groupManagement] INFO  segmented.SegmentedRaftLogWorker (SegmentedRaftLogWorker.java:lambda$new$0(135)) - 0a6fa645-f909-40e7-9d0d-0c6da806ec87@group-A0C906569A0D-SegmentedRaftLogWorker: safeCacheEvictIndex: setUnconditionally 0 -> -1
2023-09-15 05:01:47,586 [0a6fa645-f909-40e7-9d0d-0c6da806ec87-groupManagement] INFO  server.RaftServer$Division (RaftServerImpl.java:start(342)) - 0a6fa645-f909-40e7-9d0d-0c6da806ec87@group-A0C906569A0D: start as a follower, conf=-1: peers:[0a6fa645-f909-40e7-9d0d-0c6da806ec87|rpc:10.1.0.24:15041|admin:10.1.0.24:15040|client:10.1.0.24:15039|dataStream:10.1.0.24:15042|priority:1|startupRole:FOLLOWER]|listeners:[], old=null
2023-09-15 05:01:47,586 [0a6fa645-f909-40e7-9d0d-0c6da806ec87-groupManagement] INFO  server.RaftServer$Division (RaftServerImpl.java:setRole(329)) - 0a6fa645-f909-40e7-9d0d-0c6da806ec87@group-A0C906569A0D: changes role from      null to FOLLOWER at term 0 for startAsFollower
2023-09-15 05:01:47,586 [0a6fa645-f909-40e7-9d0d-0c6da806ec87-groupManagement] INFO  impl.RoleInfo (RoleInfo.java:updateAndGet(139)) - 0a6fa645-f909-40e7-9d0d-0c6da806ec87: start 0a6fa645-f909-40e7-9d0d-0c6da806ec87@group-A0C906569A0D-FollowerState
2023-09-15 05:01:47,590 [0a6fa645-f909-40e7-9d0d-0c6da806ec87-groupManagement] INFO  util.JmxRegister (JmxRegister.java:tryRegister(44)) - Successfully registered JMX Bean with object name Ratis:service=RaftServer,group=group-A0C906569A0D,id=0a6fa645-f909-40e7-9d0d-0c6da806ec87
2023-09-15 05:01:47,590 [0a6fa645-f909-40e7-9d0d-0c6da806ec87-groupManagement] INFO  server.RaftServerConfigKeys (ConfUtils.java:logGet(46)) - raft.server.snapshot.auto.trigger.enabled = true (custom)
2023-09-15 05:01:47,590 [0a6fa645-f909-40e7-9d0d-0c6da806ec87-groupManagement] INFO  server.RaftServerConfigKeys (ConfUtils.java:logGet(46)) - raft.server.snapshot.auto.trigger.threshold = 10000 (custom)
2023-09-15 05:01:47,590 [0a6fa645-f909-40e7-9d0d-0c6da806ec87-groupManagement] INFO  server.RaftServerConfigKeys (ConfUtils.java:logGet(46)) - raft.server.snapshot.retention.file.num = 5 (custom)
2023-09-15 05:01:47,590 [0a6fa645-f909-40e7-9d0d-0c6da806ec87-groupManagement] INFO  server.RaftServerConfigKeys (ConfUtils.java:logGet(46)) - raft.server.log.purge.upto.snapshot.index = false (default)
2023-09-15 05:01:47,591 [0a6fa645-f909-40e7-9d0d-0c6da806ec87@group-A0C906569A0D-FollowerState] INFO  server.RaftServerConfigKeys (ConfUtils.java:logFallback(53)) - raft.server.rpc.first-election.timeout.min = 5s (fallback to raft.server.rpc.timeout.min)
2023-09-15 05:01:47,591 [0a6fa645-f909-40e7-9d0d-0c6da806ec87@group-A0C906569A0D-FollowerState] INFO  server.RaftServerConfigKeys (ConfUtils.java:logFallback(53)) - raft.server.rpc.first-election.timeout.max = 5200ms (fallback to raft.server.rpc.timeout.max)
2023-09-15 05:01:47,593 [PipelineCommandHandlerThread-0] INFO  ratis.XceiverServerRatis (XceiverServerRatis.java:addGroup(804)) - Created group PipelineID=5f1a1bfc-b2f2-44f4-b5c2-a0c906569a0d
2023-09-15 05:01:47,593 [PipelineCommandHandlerThread-0] INFO  commandhandler.CreatePipelineCommandHandler (CreatePipelineCommandHandler.java:lambda$handle$2(124)) - Created Pipeline RATIS ONE PipelineID=5f1a1bfc-b2f2-44f4-b5c2-a0c906569a0d.
2023-09-15 05:01:47,593 [PipelineCommandHandlerThread-0] INFO  server.RaftServer (RaftServerProxy.java:addNew(98)) - 0a6fa645-f909-40e7-9d0d-0c6da806ec87: addNew group-8B57097445FE:[0a6fa645-f909-40e7-9d0d-0c6da806ec87|rpc:10.1.0.24:15041|admin:10.1.0.24:15040|client:10.1.0.24:15039|dataStream:10.1.0.24:15042|priority:1|startupRole:FOLLOWER, ddd75f10-d1e9-4189-b9ef-e4896743935a|rpc:10.1.0.24:15059|admin:10.1.0.24:15058|client:10.1.0.24:15057|dataStream:10.1.0.24:15060|priority:0|startupRole:FOLLOWER, 01e3e3a9-29b9-4c52-904d-7d79db62114f|rpc:10.1.0.24:15050|admin:10.1.0.24:15049|client:10.1.0.24:15048|dataStream:10.1.0.24:15051|priority:0|startupRole:FOLLOWER] returns group-8B57097445FE:java.util.concurrent.CompletableFuture@30ed9939[Not completed]
2023-09-15 05:01:47,594 [0a6fa645-f909-40e7-9d0d-0c6da806ec87-groupManagement] INFO  server.RaftServer$Division (RaftServerImpl.java:<init>(198)) - 0a6fa645-f909-40e7-9d0d-0c6da806ec87: new RaftServerImpl for group-8B57097445FE:[0a6fa645-f909-40e7-9d0d-0c6da806ec87|rpc:10.1.0.24:15041|admin:10.1.0.24:15040|client:10.1.0.24:15039|dataStream:10.1.0.24:15042|priority:1|startupRole:FOLLOWER, ddd75f10-d1e9-4189-b9ef-e4896743935a|rpc:10.1.0.24:15059|admin:10.1.0.24:15058|client:10.1.0.24:15057|dataStream:10.1.0.24:15060|priority:0|startupRole:FOLLOWER, 01e3e3a9-29b9-4c52-904d-7d79db62114f|rpc:10.1.0.24:15050|admin:10.1.0.24:15049|client:10.1.0.24:15048|dataStream:10.1.0.24:15051|priority:0|startupRole:FOLLOWER] with ContainerStateMachine:uninitialized
2023-09-15 05:01:47,594 [0a6fa645-f909-40e7-9d0d-0c6da806ec87-groupManagement] INFO  server.RaftServerConfigKeys (ConfUtils.java:logGet(46)) - raft.server.rpc.timeout.min = 5s (custom)
2023-09-15 05:01:47,594 [0a6fa645-f909-40e7-9d0d-0c6da806ec87-groupManagement] INFO  server.RaftServerConfigKeys (ConfUtils.java:logGet(46)) - raft.server.rpc.timeout.max = 5200ms (custom)
2023-09-15 05:01:47,594 [0a6fa645-f909-40e7-9d0d-0c6da806ec87-groupManagement] INFO  server.RaftServerConfigKeys (ConfUtils.java:logGet(46)) - raft.server.rpc.sleep.time = 25ms (default)
2023-09-15 05:01:47,594 [0a6fa645-f909-40e7-9d0d-0c6da806ec87-groupManagement] INFO  server.RaftServerConfigKeys (ConfUtils.java:logGet(46)) - raft.server.rpc.slowness.timeout = 300s (custom)
2023-09-15 05:01:47,595 [0a6fa645-f909-40e7-9d0d-0c6da806ec87-groupManagement] INFO  server.RaftServerConfigKeys (ConfUtils.java:logGet(46)) - raft.server.leaderelection.leader.step-down.wait-time = 10s (default)
2023-09-15 05:01:47,595 [0a6fa645-f909-40e7-9d0d-0c6da806ec87-groupManagement] INFO  server.RaftServerConfigKeys (ConfUtils.java:logGet(46)) - raft.server.sleep.deviation.threshold = 300ms (default)
2023-09-15 05:01:47,595 [0a6fa645-f909-40e7-9d0d-0c6da806ec87-groupManagement] INFO  server.RaftServer$Division (ServerState.java:<init>(120)) - 0a6fa645-f909-40e7-9d0d-0c6da806ec87@group-8B57097445FE: ConfigurationManager, init=-1: peers:[0a6fa645-f909-40e7-9d0d-0c6da806ec87|rpc:10.1.0.24:15041|admin:10.1.0.24:15040|client:10.1.0.24:15039|dataStream:10.1.0.24:15042|priority:1|startupRole:FOLLOWER, ddd75f10-d1e9-4189-b9ef-e4896743935a|rpc:10.1.0.24:15059|admin:10.1.0.24:15058|client:10.1.0.24:15057|dataStream:10.1.0.24:15060|priority:0|startupRole:FOLLOWER, 01e3e3a9-29b9-4c52-904d-7d79db62114f|rpc:10.1.0.24:15050|admin:10.1.0.24:15049|client:10.1.0.24:15048|dataStream:10.1.0.24:15051|priority:0|startupRole:FOLLOWER]|listeners:[], old=null, confs=<EMPTY_MAP>
2023-09-15 05:01:47,595 [0a6fa645-f909-40e7-9d0d-0c6da806ec87-groupManagement] INFO  server.RaftServerConfigKeys (ConfUtils.java:logGet(46)) - raft.server.storage.dir = [/home/runner/work/ozone/ozone/hadoop-ozone/integration-test/target/test-dir/MiniOzoneClusterImpl-0a18362f-1832-4b81-b629-935968d04e12/datanode-3/data/ratis] (custom)
2023-09-15 05:01:47,595 [0a6fa645-f909-40e7-9d0d-0c6da806ec87-groupManagement] INFO  server.RaftServerConfigKeys (ConfUtils.java:logGet(46)) - raft.server.log.corruption.policy = EXCEPTION (default)
2023-09-15 05:01:47,595 [0a6fa645-f909-40e7-9d0d-0c6da806ec87-groupManagement] INFO  server.RaftServerConfigKeys (ConfUtils.java:logGet(46)) - raft.server.storage.free-space.min = 0MB (=0) (default)
2023-09-15 05:01:47,595 [0a6fa645-f909-40e7-9d0d-0c6da806ec87-groupManagement] INFO  server.RaftServerConfigKeys (ConfUtils.java:logGet(46)) - raft.server.notification.no-leader.timeout = 300s (custom)
2023-09-15 05:01:47,595 [0a6fa645-f909-40e7-9d0d-0c6da806ec87-groupManagement] INFO  server.RaftServerConfigKeys (ConfUtils.java:logGet(46)) - raft.server.read.timeout = 10s (default)
2023-09-15 05:01:47,595 [0a6fa645-f909-40e7-9d0d-0c6da806ec87-groupManagement] INFO  server.RaftServerConfigKeys (ConfUtils.java:logGet(46)) - raft.server.retrycache.expirytime = 600000ms (custom)
2023-09-15 05:01:47,595 [0a6fa645-f909-40e7-9d0d-0c6da806ec87-groupManagement] INFO  server.RaftServerConfigKeys (ConfUtils.java:logGet(46)) - raft.server.retrycache.statistics.expirytime = 100μs (default)
2023-09-15 05:01:47,595 [0a6fa645-f909-40e7-9d0d-0c6da806ec87-groupManagement] INFO  server.RaftServerConfigKeys (ConfUtils.java:logGet(46)) - raft.server.read.option = DEFAULT (default)
2023-09-15 05:01:47,598 [0a6fa645-f909-40e7-9d0d-0c6da806ec87-groupManagement] INFO  server.RaftServerConfigKeys (ConfUtils.java:logGet(46)) - raft.server.rpc.request.timeout = 60s (custom)
2023-09-15 05:01:47,598 [0a6fa645-f909-40e7-9d0d-0c6da806ec87-groupManagement] INFO  server.RaftServerConfigKeys (ConfUtils.java:logGet(46)) - raft.server.log.appender.install.snapshot.enabled = false (custom)
2023-09-15 05:01:47,598 [0a6fa645-f909-40e7-9d0d-0c6da806ec87-groupManagement] INFO  server.RaftServerConfigKeys (ConfUtils.java:logGet(46)) - raft.server.threadpool.server.cached = true (default)
2023-09-15 05:01:47,598 [0a6fa645-f909-40e7-9d0d-0c6da806ec87-groupManagement] INFO  server.RaftServerConfigKeys (ConfUtils.java:logGet(46)) - raft.server.threadpool.server.size = 0 (default)
2023-09-15 05:01:47,598 [0a6fa645-f909-40e7-9d0d-0c6da806ec87-groupManagement] INFO  server.RaftServerConfigKeys (ConfUtils.java:logGet(46)) - raft.server.threadpool.client.cached = true (default)
2023-09-15 05:01:47,598 [0a6fa645-f909-40e7-9d0d-0c6da806ec87-groupManagement] INFO  server.RaftServerConfigKeys (ConfUtils.java:logGet(46)) - raft.server.threadpool.client.size = 0 (default)
2023-09-15 05:01:47,598 [0a6fa645-f909-40e7-9d0d-0c6da806ec87-groupManagement] INFO  storage.RaftStorageDirectory (RaftStorageDirectoryImpl.java:analyzeStorage(137)) - The storage directory /home/runner/work/ozone/ozone/hadoop-ozone/integration-test/target/test-dir/MiniOzoneClusterImpl-0a18362f-1832-4b81-b629-935968d04e12/datanode-3/data/ratis/ed3cce30-e7bf-4ce3-80a3-8b57097445fe does not exist. Creating ...
2023-09-15 05:01:47,599 [0a6fa645-f909-40e7-9d0d-0c6da806ec87-groupManagement] INFO  storage.RaftStorageDirectory (RaftStorageDirectoryImpl.java:tryLock(231)) - Lock on /home/runner/work/ozone/ozone/hadoop-ozone/integration-test/target/test-dir/MiniOzoneClusterImpl-0a18362f-1832-4b81-b629-935968d04e12/datanode-3/data/ratis/ed3cce30-e7bf-4ce3-80a3-8b57097445fe/in_use.lock acquired by nodename 87703@fv-az371-27
2023-09-15 05:01:47,601 [0a6fa645-f909-40e7-9d0d-0c6da806ec87-groupManagement] INFO  storage.RaftStorage (RaftStorageImpl.java:format(96)) - Storage directory /home/runner/work/ozone/ozone/hadoop-ozone/integration-test/target/test-dir/MiniOzoneClusterImpl-0a18362f-1832-4b81-b629-935968d04e12/datanode-3/data/ratis/ed3cce30-e7bf-4ce3-80a3-8b57097445fe has been successfully formatted.
2023-09-15 05:01:47,601 [0a6fa645-f909-40e7-9d0d-0c6da806ec87-groupManagement] INFO  ratis.ContainerStateMachine (ContainerStateMachine.java:loadSnapshot(262)) - group-8B57097445FE: The snapshot info is null. Setting the last applied indexto:(t:0, i:~)
2023-09-15 05:01:47,601 [0a6fa645-f909-40e7-9d0d-0c6da806ec87-groupManagement] INFO  server.RaftServerConfigKeys (ConfUtils.java:logGet(46)) - raft.server.log.use.memory = false (default)
2023-09-15 05:01:47,601 [0a6fa645-f909-40e7-9d0d-0c6da806ec87-groupManagement] INFO  server.RaftServerConfigKeys (ConfUtils.java:logGet(46)) - raft.server.log.purge.gap = 1000000 (custom)
2023-09-15 05:01:47,601 [0a6fa645-f909-40e7-9d0d-0c6da806ec87-groupManagement] INFO  server.RaftServerConfigKeys (ConfUtils.java:logGet(46)) - raft.server.log.appender.buffer.byte-limit = 33554432 (custom)
2023-09-15 05:01:47,612 [0a6fa645-f909-40e7-9d0d-0c6da806ec87-groupManagement] INFO  server.RaftServerConfigKeys (ConfUtils.java:logGet(46)) - raft.server.log.statemachine.data.read.timeout = 1000ms (default)
2023-09-15 05:01:47,612 [0a6fa645-f909-40e7-9d0d-0c6da806ec87-groupManagement] INFO  server.RaftServerConfigKeys (ConfUtils.java:logGet(46)) - raft.server.log.purge.preservation.log.num = 0 (default)
2023-09-15 05:01:47,612 [0a6fa645-f909-40e7-9d0d-0c6da806ec87-groupManagement] INFO  server.RaftServerConfigKeys (ConfUtils.java:logGet(46)) - raft.server.log.segment.size.max = 1048576 (custom)
2023-09-15 05:01:47,612 [0a6fa645-f909-40e7-9d0d-0c6da806ec87-groupManagement] INFO  server.RaftServerConfigKeys (ConfUtils.java:logGet(46)) - raft.server.log.segment.cache.num.max = 2 (custom)
2023-09-15 05:01:47,613 [0a6fa645-f909-40e7-9d0d-0c6da806ec87-groupManagement] INFO  server.RaftServerConfigKeys (ConfUtils.java:logGet(46)) - raft.server.log.segment.cache.size.max = 200MB (=209715200) (default)
2023-09-15 05:01:47,613 [0a6fa645-f909-40e7-9d0d-0c6da806ec87-groupManagement] INFO  server.RaftServerConfigKeys (ConfUtils.java:logGet(46)) - raft.server.log.appender.buffer.byte-limit = 33554432 (custom)
2023-09-15 05:01:47,613 [0a6fa645-f909-40e7-9d0d-0c6da806ec87-groupManagement] INFO  segmented.SegmentedRaftLogWorker (SegmentedRaftLogWorker.java:<init>(188)) - new 0a6fa645-f909-40e7-9d0d-0c6da806ec87@group-8B57097445FE-SegmentedRaftLogWorker for RaftStorageImpl:Storage Directory /home/runner/work/ozone/ozone/hadoop-ozone/integration-test/target/test-dir/MiniOzoneClusterImpl-0a18362f-1832-4b81-b629-935968d04e12/datanode-3/data/ratis/ed3cce30-e7bf-4ce3-80a3-8b57097445fe
2023-09-15 05:01:47,613 [0a6fa645-f909-40e7-9d0d-0c6da806ec87-groupManagement] INFO  server.RaftServerConfigKeys (ConfUtils.java:logGet(46)) - raft.server.log.queue.byte-limit = 4294967296 (custom)
2023-09-15 05:01:47,613 [0a6fa645-f909-40e7-9d0d-0c6da806ec87-groupManagement] INFO  server.RaftServerConfigKeys (ConfUtils.java:logGet(46)) - raft.server.log.queue.element-limit = 1024 (custom)
2023-09-15 05:01:47,613 [0a6fa645-f909-40e7-9d0d-0c6da806ec87-groupManagement] INFO  server.RaftServerConfigKeys (ConfUtils.java:logGet(46)) - raft.server.log.segment.size.max = 1048576 (custom)
2023-09-15 05:01:47,613 [0a6fa645-f909-40e7-9d0d-0c6da806ec87-groupManagement] INFO  server.RaftServerConfigKeys (ConfUtils.java:logGet(46)) - raft.server.log.preallocated.size = 16384 (custom)
2023-09-15 05:01:47,613 [0a6fa645-f909-40e7-9d0d-0c6da806ec87-groupManagement] INFO  server.RaftServerConfigKeys (ConfUtils.java:logGet(46)) - raft.server.log.force.sync.num = 128 (default)
2023-09-15 05:01:47,613 [EventQueue-OpenPipelineForHealthyPipelineSafeModeRule] INFO  safemode.SCMSafeModeManager (HealthyPipelineSafeModeRule.java:process(137)) - SCM in safe mode. Healthy pipelines reported count is 0, required healthy pipeline reported count is 1
2023-09-15 05:01:47,615 [0a6fa645-f909-40e7-9d0d-0c6da806ec87-groupManagement] INFO  server.RaftServerConfigKeys (ConfUtils.java:logGet(46)) - raft.server.log.statemachine.data.sync = true (default)
2023-09-15 05:01:47,615 [0a6fa645-f909-40e7-9d0d-0c6da806ec87-groupManagement] INFO  server.RaftServerConfigKeys (ConfUtils.java:logGet(46)) - raft.server.log.statemachine.data.sync.timeout = 10s (default)
2023-09-15 05:01:47,615 [0a6fa645-f909-40e7-9d0d-0c6da806ec87-groupManagement] INFO  server.RaftServerConfigKeys (ConfUtils.java:logGet(46)) - raft.server.log.statemachine.data.sync.timeout.retry = -1 (default)
2023-09-15 05:01:47,617 [0a6fa645-f909-40e7-9d0d-0c6da806ec87-groupManagement] INFO  server.RaftServerConfigKeys (ConfUtils.java:logGet(46)) - raft.server.log.write.buffer.size = 1048576 (custom)
2023-09-15 05:01:47,618 [0a6fa645-f909-40e7-9d0d-0c6da806ec87-groupManagement] INFO  server.RaftServerConfigKeys (ConfUtils.java:logGet(46)) - raft.server.log.appender.buffer.byte-limit = 33554432 (custom)
2023-09-15 05:01:47,625 [0a6fa645-f909-40e7-9d0d-0c6da806ec87-groupManagement] INFO  server.RaftServerConfigKeys (ConfUtils.java:logGet(46)) - raft.server.log.unsafe-flush.enabled = false (default)
2023-09-15 05:01:47,625 [0a6fa645-f909-40e7-9d0d-0c6da806ec87-groupManagement] INFO  server.RaftServerConfigKeys (ConfUtils.java:logGet(46)) - raft.server.log.async-flush.enabled = false (default)
2023-09-15 05:01:47,625 [0a6fa645-f909-40e7-9d0d-0c6da806ec87-groupManagement] INFO  server.RaftServerConfigKeys (ConfUtils.java:logGet(46)) - raft.server.log.statemachine.data.caching.enabled = true (custom)
2023-09-15 05:01:47,625 [0a6fa645-f909-40e7-9d0d-0c6da806ec87-groupManagement] INFO  segmented.SegmentedRaftLogWorker (SegmentedRaftLogWorker.java:lambda$new$0(135)) - 0a6fa645-f909-40e7-9d0d-0c6da806ec87@group-8B57097445FE-SegmentedRaftLogWorker: flushIndex: setUnconditionally 0 -> -1
2023-09-15 05:01:47,626 [0a6fa645-f909-40e7-9d0d-0c6da806ec87-groupManagement] INFO  segmented.SegmentedRaftLogWorker (SegmentedRaftLogWorker.java:lambda$new$0(135)) - 0a6fa645-f909-40e7-9d0d-0c6da806ec87@group-8B57097445FE-SegmentedRaftLogWorker: safeCacheEvictIndex: setUnconditionally 0 -> -1
2023-09-15 05:01:47,626 [0a6fa645-f909-40e7-9d0d-0c6da806ec87-groupManagement] INFO  server.RaftServer$Division (RaftServerImpl.java:start(342)) - 0a6fa645-f909-40e7-9d0d-0c6da806ec87@group-8B57097445FE: start as a follower, conf=-1: peers:[0a6fa645-f909-40e7-9d0d-0c6da806ec87|rpc:10.1.0.24:15041|admin:10.1.0.24:15040|client:10.1.0.24:15039|dataStream:10.1.0.24:15042|priority:1|startupRole:FOLLOWER, ddd75f10-d1e9-4189-b9ef-e4896743935a|rpc:10.1.0.24:15059|admin:10.1.0.24:15058|client:10.1.0.24:15057|dataStream:10.1.0.24:15060|priority:0|startupRole:FOLLOWER, 01e3e3a9-29b9-4c52-904d-7d79db62114f|rpc:10.1.0.24:15050|admin:10.1.0.24:15049|client:10.1.0.24:15048|dataStream:10.1.0.24:15051|priority:0|startupRole:FOLLOWER]|listeners:[], old=null
2023-09-15 05:01:47,626 [0a6fa645-f909-40e7-9d0d-0c6da806ec87-groupManagement] INFO  server.RaftServer$Division (RaftServerImpl.java:setRole(329)) - 0a6fa645-f909-40e7-9d0d-0c6da806ec87@group-8B57097445FE: changes role from      null to FOLLOWER at term 0 for startAsFollower
2023-09-15 05:01:47,626 [0a6fa645-f909-40e7-9d0d-0c6da806ec87-groupManagement] INFO  impl.RoleInfo (RoleInfo.java:updateAndGet(139)) - 0a6fa645-f909-40e7-9d0d-0c6da806ec87: start 0a6fa645-f909-40e7-9d0d-0c6da806ec87@group-8B57097445FE-FollowerState
2023-09-15 05:01:47,626 [0a6fa645-f909-40e7-9d0d-0c6da806ec87-groupManagement] INFO  util.JmxRegister (JmxRegister.java:tryRegister(44)) - Successfully registered JMX Bean with object name Ratis:service=RaftServer,group=group-8B57097445FE,id=0a6fa645-f909-40e7-9d0d-0c6da806ec87
2023-09-15 05:01:47,626 [0a6fa645-f909-40e7-9d0d-0c6da806ec87@group-8B57097445FE-FollowerState] INFO  server.RaftServerConfigKeys (ConfUtils.java:logFallback(53)) - raft.server.rpc.first-election.timeout.min = 5s (fallback to raft.server.rpc.timeout.min)
2023-09-15 05:01:47,627 [0a6fa645-f909-40e7-9d0d-0c6da806ec87-groupManagement] INFO  server.RaftServerConfigKeys (ConfUtils.java:logGet(46)) - raft.server.snapshot.auto.trigger.enabled = true (custom)
2023-09-15 05:01:47,627 [0a6fa645-f909-40e7-9d0d-0c6da806ec87@group-8B57097445FE-FollowerState] INFO  server.RaftServerConfigKeys (ConfUtils.java:logFallback(53)) - raft.server.rpc.first-election.timeout.max = 5200ms (fallback to raft.server.rpc.timeout.max)
2023-09-15 05:01:47,628 [0a6fa645-f909-40e7-9d0d-0c6da806ec87-groupManagement] INFO  server.RaftServerConfigKeys (ConfUtils.java:logGet(46)) - raft.server.snapshot.auto.trigger.threshold = 10000 (custom)
2023-09-15 05:01:47,628 [0a6fa645-f909-40e7-9d0d-0c6da806ec87-groupManagement] INFO  server.RaftServerConfigKeys (ConfUtils.java:logGet(46)) - raft.server.snapshot.retention.file.num = 5 (custom)
2023-09-15 05:01:47,628 [0a6fa645-f909-40e7-9d0d-0c6da806ec87-groupManagement] INFO  server.RaftServerConfigKeys (ConfUtils.java:logGet(46)) - raft.server.log.purge.upto.snapshot.index = false (default)
2023-09-15 05:01:47,629 [PipelineCommandHandlerThread-0] INFO  ratis.XceiverServerRatis (XceiverServerRatis.java:addGroup(804)) - Created group PipelineID=ed3cce30-e7bf-4ce3-80a3-8b57097445fe
2023-09-15 05:01:47,644 [grpc-default-executor-1] INFO  server.RaftServer (RaftServerProxy.java:addNew(98)) - ddd75f10-d1e9-4189-b9ef-e4896743935a: addNew group-8B57097445FE:[0a6fa645-f909-40e7-9d0d-0c6da806ec87|rpc:10.1.0.24:15041|admin:10.1.0.24:15040|client:10.1.0.24:15039|dataStream:10.1.0.24:15042|priority:1|startupRole:FOLLOWER, ddd75f10-d1e9-4189-b9ef-e4896743935a|rpc:10.1.0.24:15059|admin:10.1.0.24:15058|client:10.1.0.24:15057|dataStream:10.1.0.24:15060|priority:0|startupRole:FOLLOWER, 01e3e3a9-29b9-4c52-904d-7d79db62114f|rpc:10.1.0.24:15050|admin:10.1.0.24:15049|client:10.1.0.24:15048|dataStream:10.1.0.24:15051|priority:0|startupRole:FOLLOWER] returns group-8B57097445FE:java.util.concurrent.CompletableFuture@47bfacb5[Not completed]
2023-09-15 05:01:47,646 [ddd75f10-d1e9-4189-b9ef-e4896743935a-groupManagement] INFO  server.RaftServer$Division (RaftServerImpl.java:<init>(198)) - ddd75f10-d1e9-4189-b9ef-e4896743935a: new RaftServerImpl for group-8B57097445FE:[0a6fa645-f909-40e7-9d0d-0c6da806ec87|rpc:10.1.0.24:15041|admin:10.1.0.24:15040|client:10.1.0.24:15039|dataStream:10.1.0.24:15042|priority:1|startupRole:FOLLOWER, ddd75f10-d1e9-4189-b9ef-e4896743935a|rpc:10.1.0.24:15059|admin:10.1.0.24:15058|client:10.1.0.24:15057|dataStream:10.1.0.24:15060|priority:0|startupRole:FOLLOWER, 01e3e3a9-29b9-4c52-904d-7d79db62114f|rpc:10.1.0.24:15050|admin:10.1.0.24:15049|client:10.1.0.24:15048|dataStream:10.1.0.24:15051|priority:0|startupRole:FOLLOWER] with ContainerStateMachine:uninitialized
2023-09-15 05:01:47,646 [ddd75f10-d1e9-4189-b9ef-e4896743935a-groupManagement] INFO  server.RaftServerConfigKeys (ConfUtils.java:logGet(46)) - raft.server.rpc.timeout.min = 5s (custom)
2023-09-15 05:01:47,646 [ddd75f10-d1e9-4189-b9ef-e4896743935a-groupManagement] INFO  server.RaftServerConfigKeys (ConfUtils.java:logGet(46)) - raft.server.rpc.timeout.max = 5200ms (custom)
2023-09-15 05:01:47,646 [ddd75f10-d1e9-4189-b9ef-e4896743935a-groupManagement] INFO  server.RaftServerConfigKeys (ConfUtils.java:logGet(46)) - raft.server.rpc.sleep.time = 25ms (default)
2023-09-15 05:01:47,646 [ddd75f10-d1e9-4189-b9ef-e4896743935a-groupManagement] INFO  server.RaftServerConfigKeys (ConfUtils.java:logGet(46)) - raft.server.rpc.slowness.timeout = 300s (custom)
2023-09-15 05:01:47,646 [ddd75f10-d1e9-4189-b9ef-e4896743935a-groupManagement] INFO  server.RaftServerConfigKeys (ConfUtils.java:logGet(46)) - raft.server.leaderelection.leader.step-down.wait-time = 10s (default)
2023-09-15 05:01:47,646 [ddd75f10-d1e9-4189-b9ef-e4896743935a-groupManagement] INFO  server.RaftServerConfigKeys (ConfUtils.java:logGet(46)) - raft.server.sleep.deviation.threshold = 300ms (default)
2023-09-15 05:01:47,646 [ddd75f10-d1e9-4189-b9ef-e4896743935a-groupManagement] INFO  server.RaftServer$Division (ServerState.java:<init>(120)) - ddd75f10-d1e9-4189-b9ef-e4896743935a@group-8B57097445FE: ConfigurationManager, init=-1: peers:[0a6fa645-f909-40e7-9d0d-0c6da806ec87|rpc:10.1.0.24:15041|admin:10.1.0.24:15040|client:10.1.0.24:15039|dataStream:10.1.0.24:15042|priority:1|startupRole:FOLLOWER, ddd75f10-d1e9-4189-b9ef-e4896743935a|rpc:10.1.0.24:15059|admin:10.1.0.24:15058|client:10.1.0.24:15057|dataStream:10.1.0.24:15060|priority:0|startupRole:FOLLOWER, 01e3e3a9-29b9-4c52-904d-7d79db62114f|rpc:10.1.0.24:15050|admin:10.1.0.24:15049|client:10.1.0.24:15048|dataStream:10.1.0.24:15051|priority:0|startupRole:FOLLOWER]|listeners:[], old=null, confs=<EMPTY_MAP>
2023-09-15 05:01:47,647 [ddd75f10-d1e9-4189-b9ef-e4896743935a-groupManagement] INFO  server.RaftServerConfigKeys (ConfUtils.java:logGet(46)) - raft.server.storage.dir = [/home/runner/work/ozone/ozone/hadoop-ozone/integration-test/target/test-dir/MiniOzoneClusterImpl-0a18362f-1832-4b81-b629-935968d04e12/datanode-5/data/ratis] (custom)
2023-09-15 05:01:47,647 [ddd75f10-d1e9-4189-b9ef-e4896743935a-groupManagement] INFO  server.RaftServerConfigKeys (ConfUtils.java:logGet(46)) - raft.server.log.corruption.policy = EXCEPTION (default)
2023-09-15 05:01:47,647 [ddd75f10-d1e9-4189-b9ef-e4896743935a-groupManagement] INFO  server.RaftServerConfigKeys (ConfUtils.java:logGet(46)) - raft.server.storage.free-space.min = 0MB (=0) (default)
2023-09-15 05:01:47,647 [ddd75f10-d1e9-4189-b9ef-e4896743935a-groupManagement] INFO  server.RaftServerConfigKeys (ConfUtils.java:logGet(46)) - raft.server.notification.no-leader.timeout = 300s (custom)
2023-09-15 05:01:47,647 [ddd75f10-d1e9-4189-b9ef-e4896743935a-groupManagement] INFO  server.RaftServerConfigKeys (ConfUtils.java:logGet(46)) - raft.server.read.timeout = 10s (default)
2023-09-15 05:01:47,647 [ddd75f10-d1e9-4189-b9ef-e4896743935a-groupManagement] INFO  server.RaftServerConfigKeys (ConfUtils.java:logGet(46)) - raft.server.retrycache.expirytime = 600000ms (custom)
2023-09-15 05:01:47,647 [ddd75f10-d1e9-4189-b9ef-e4896743935a-groupManagement] INFO  server.RaftServerConfigKeys (ConfUtils.java:logGet(46)) - raft.server.retrycache.statistics.expirytime = 100μs (default)
2023-09-15 05:01:47,647 [ddd75f10-d1e9-4189-b9ef-e4896743935a-groupManagement] INFO  server.RaftServerConfigKeys (ConfUtils.java:logGet(46)) - raft.server.read.option = DEFAULT (default)
2023-09-15 05:01:47,649 [ddd75f10-d1e9-4189-b9ef-e4896743935a-groupManagement] INFO  server.RaftServerConfigKeys (ConfUtils.java:logGet(46)) - raft.server.rpc.request.timeout = 60s (custom)
2023-09-15 05:01:47,649 [ddd75f10-d1e9-4189-b9ef-e4896743935a-groupManagement] INFO  server.RaftServerConfigKeys (ConfUtils.java:logGet(46)) - raft.server.log.appender.install.snapshot.enabled = false (custom)
2023-09-15 05:01:47,649 [ddd75f10-d1e9-4189-b9ef-e4896743935a-groupManagement] INFO  server.RaftServerConfigKeys (ConfUtils.java:logGet(46)) - raft.server.threadpool.server.cached = true (default)
2023-09-15 05:01:47,649 [ddd75f10-d1e9-4189-b9ef-e4896743935a-groupManagement] INFO  server.RaftServerConfigKeys (ConfUtils.java:logGet(46)) - raft.server.threadpool.server.size = 0 (default)
2023-09-15 05:01:47,649 [ddd75f10-d1e9-4189-b9ef-e4896743935a-groupManagement] INFO  server.RaftServerConfigKeys (ConfUtils.java:logGet(46)) - raft.server.threadpool.client.cached = true (default)
2023-09-15 05:01:47,649 [ddd75f10-d1e9-4189-b9ef-e4896743935a-groupManagement] INFO  server.RaftServerConfigKeys (ConfUtils.java:logGet(46)) - raft.server.threadpool.client.size = 0 (default)
2023-09-15 05:01:47,650 [ddd75f10-d1e9-4189-b9ef-e4896743935a-groupManagement] INFO  storage.RaftStorageDirectory (RaftStorageDirectoryImpl.java:analyzeStorage(137)) - The storage directory /home/runner/work/ozone/ozone/hadoop-ozone/integration-test/target/test-dir/MiniOzoneClusterImpl-0a18362f-1832-4b81-b629-935968d04e12/datanode-5/data/ratis/ed3cce30-e7bf-4ce3-80a3-8b57097445fe does not exist. Creating ...
2023-09-15 05:01:47,651 [ddd75f10-d1e9-4189-b9ef-e4896743935a-groupManagement] INFO  storage.RaftStorageDirectory (RaftStorageDirectoryImpl.java:tryLock(231)) - Lock on /home/runner/work/ozone/ozone/hadoop-ozone/integration-test/target/test-dir/MiniOzoneClusterImpl-0a18362f-1832-4b81-b629-935968d04e12/datanode-5/data/ratis/ed3cce30-e7bf-4ce3-80a3-8b57097445fe/in_use.lock acquired by nodename 87703@fv-az371-27
2023-09-15 05:01:47,652 [ddd75f10-d1e9-4189-b9ef-e4896743935a-groupManagement] INFO  storage.RaftStorage (RaftStorageImpl.java:format(96)) - Storage directory /home/runner/work/ozone/ozone/hadoop-ozone/integration-test/target/test-dir/MiniOzoneClusterImpl-0a18362f-1832-4b81-b629-935968d04e12/datanode-5/data/ratis/ed3cce30-e7bf-4ce3-80a3-8b57097445fe has been successfully formatted.
2023-09-15 05:01:47,654 [ddd75f10-d1e9-4189-b9ef-e4896743935a-groupManagement] INFO  ratis.ContainerStateMachine (ContainerStateMachine.java:loadSnapshot(262)) - group-8B57097445FE: The snapshot info is null. Setting the last applied indexto:(t:0, i:~)
2023-09-15 05:01:47,654 [ddd75f10-d1e9-4189-b9ef-e4896743935a-groupManagement] INFO  server.RaftServerConfigKeys (ConfUtils.java:logGet(46)) - raft.server.log.use.memory = false (default)
2023-09-15 05:01:47,655 [ddd75f10-d1e9-4189-b9ef-e4896743935a-groupManagement] INFO  server.RaftServerConfigKeys (ConfUtils.java:logGet(46)) - raft.server.log.purge.gap = 1000000 (custom)
2023-09-15 05:01:47,656 [ddd75f10-d1e9-4189-b9ef-e4896743935a-groupManagement] INFO  server.RaftServerConfigKeys (ConfUtils.java:logGet(46)) - raft.server.log.appender.buffer.byte-limit = 33554432 (custom)
2023-09-15 05:01:47,656 [ddd75f10-d1e9-4189-b9ef-e4896743935a-groupManagement] INFO  server.RaftServerConfigKeys (ConfUtils.java:logGet(46)) - raft.server.log.statemachine.data.read.timeout = 1000ms (default)
2023-09-15 05:01:47,656 [ddd75f10-d1e9-4189-b9ef-e4896743935a-groupManagement] INFO  server.RaftServerConfigKeys (ConfUtils.java:logGet(46)) - raft.server.log.purge.preservation.log.num = 0 (default)
2023-09-15 05:01:47,656 [ddd75f10-d1e9-4189-b9ef-e4896743935a-groupManagement] INFO  server.RaftServerConfigKeys (ConfUtils.java:logGet(46)) - raft.server.log.segment.size.max = 1048576 (custom)
2023-09-15 05:01:47,656 [ddd75f10-d1e9-4189-b9ef-e4896743935a-groupManagement] INFO  server.RaftServerConfigKeys (ConfUtils.java:logGet(46)) - raft.server.log.segment.cache.num.max = 2 (custom)
2023-09-15 05:01:47,656 [ddd75f10-d1e9-4189-b9ef-e4896743935a-groupManagement] INFO  server.RaftServerConfigKeys (ConfUtils.java:logGet(46)) - raft.server.log.segment.cache.size.max = 200MB (=209715200) (default)
2023-09-15 05:01:47,657 [ddd75f10-d1e9-4189-b9ef-e4896743935a-groupManagement] INFO  server.RaftServerConfigKeys (ConfUtils.java:logGet(46)) - raft.server.log.appender.buffer.byte-limit = 33554432 (custom)
2023-09-15 05:01:47,657 [ddd75f10-d1e9-4189-b9ef-e4896743935a-groupManagement] INFO  segmented.SegmentedRaftLogWorker (SegmentedRaftLogWorker.java:<init>(188)) - new ddd75f10-d1e9-4189-b9ef-e4896743935a@group-8B57097445FE-SegmentedRaftLogWorker for RaftStorageImpl:Storage Directory /home/runner/work/ozone/ozone/hadoop-ozone/integration-test/target/test-dir/MiniOzoneClusterImpl-0a18362f-1832-4b81-b629-935968d04e12/datanode-5/data/ratis/ed3cce30-e7bf-4ce3-80a3-8b57097445fe
2023-09-15 05:01:47,657 [ddd75f10-d1e9-4189-b9ef-e4896743935a-groupManagement] INFO  server.RaftServerConfigKeys (ConfUtils.java:logGet(46)) - raft.server.log.queue.byte-limit = 4294967296 (custom)
2023-09-15 05:01:47,657 [ddd75f10-d1e9-4189-b9ef-e4896743935a-groupManagement] INFO  server.RaftServerConfigKeys (ConfUtils.java:logGet(46)) - raft.server.log.queue.element-limit = 1024 (custom)
2023-09-15 05:01:47,657 [ddd75f10-d1e9-4189-b9ef-e4896743935a-groupManagement] INFO  server.RaftServerConfigKeys (ConfUtils.java:logGet(46)) - raft.server.log.segment.size.max = 1048576 (custom)
2023-09-15 05:01:47,657 [ddd75f10-d1e9-4189-b9ef-e4896743935a-groupManagement] INFO  server.RaftServerConfigKeys (ConfUtils.java:logGet(46)) - raft.server.log.preallocated.size = 16384 (custom)
2023-09-15 05:01:47,657 [ddd75f10-d1e9-4189-b9ef-e4896743935a-groupManagement] INFO  server.RaftServerConfigKeys (ConfUtils.java:logGet(46)) - raft.server.log.force.sync.num = 128 (default)
2023-09-15 05:01:47,657 [ddd75f10-d1e9-4189-b9ef-e4896743935a-groupManagement] INFO  server.RaftServerConfigKeys (ConfUtils.java:logGet(46)) - raft.server.log.statemachine.data.sync = true (default)
2023-09-15 05:01:47,657 [ddd75f10-d1e9-4189-b9ef-e4896743935a-groupManagement] INFO  server.RaftServerConfigKeys (ConfUtils.java:logGet(46)) - raft.server.log.statemachine.data.sync.timeout = 10s (default)
2023-09-15 05:01:47,657 [ddd75f10-d1e9-4189-b9ef-e4896743935a-groupManagement] INFO  server.RaftServerConfigKeys (ConfUtils.java:logGet(46)) - raft.server.log.statemachine.data.sync.timeout.retry = -1 (default)
2023-09-15 05:01:47,658 [ddd75f10-d1e9-4189-b9ef-e4896743935a-groupManagement] INFO  server.RaftServerConfigKeys (ConfUtils.java:logGet(46)) - raft.server.log.write.buffer.size = 1048576 (custom)
2023-09-15 05:01:47,658 [ddd75f10-d1e9-4189-b9ef-e4896743935a-groupManagement] INFO  server.RaftServerConfigKeys (ConfUtils.java:logGet(46)) - raft.server.log.appender.buffer.byte-limit = 33554432 (custom)
2023-09-15 05:01:47,666 [ddd75f10-d1e9-4189-b9ef-e4896743935a-groupManagement] INFO  server.RaftServerConfigKeys (ConfUtils.java:logGet(46)) - raft.server.log.unsafe-flush.enabled = false (default)
2023-09-15 05:01:47,666 [ddd75f10-d1e9-4189-b9ef-e4896743935a-groupManagement] INFO  server.RaftServerConfigKeys (ConfUtils.java:logGet(46)) - raft.server.log.async-flush.enabled = false (default)
2023-09-15 05:01:47,667 [ddd75f10-d1e9-4189-b9ef-e4896743935a-groupManagement] INFO  server.RaftServerConfigKeys (ConfUtils.java:logGet(46)) - raft.server.log.statemachine.data.caching.enabled = true (custom)
2023-09-15 05:01:47,667 [ddd75f10-d1e9-4189-b9ef-e4896743935a-groupManagement] INFO  segmented.SegmentedRaftLogWorker (SegmentedRaftLogWorker.java:lambda$new$0(135)) - ddd75f10-d1e9-4189-b9ef-e4896743935a@group-8B57097445FE-SegmentedRaftLogWorker: flushIndex: setUnconditionally 0 -> -1
2023-09-15 05:01:47,667 [ddd75f10-d1e9-4189-b9ef-e4896743935a-groupManagement] INFO  segmented.SegmentedRaftLogWorker (SegmentedRaftLogWorker.java:lambda$new$0(135)) - ddd75f10-d1e9-4189-b9ef-e4896743935a@group-8B57097445FE-SegmentedRaftLogWorker: safeCacheEvictIndex: setUnconditionally 0 -> -1
2023-09-15 05:01:47,667 [ddd75f10-d1e9-4189-b9ef-e4896743935a-groupManagement] INFO  server.RaftServer$Division (RaftServerImpl.java:start(342)) - ddd75f10-d1e9-4189-b9ef-e4896743935a@group-8B57097445FE: start as a follower, conf=-1: peers:[0a6fa645-f909-40e7-9d0d-0c6da806ec87|rpc:10.1.0.24:15041|admin:10.1.0.24:15040|client:10.1.0.24:15039|dataStream:10.1.0.24:15042|priority:1|startupRole:FOLLOWER, ddd75f10-d1e9-4189-b9ef-e4896743935a|rpc:10.1.0.24:15059|admin:10.1.0.24:15058|client:10.1.0.24:15057|dataStream:10.1.0.24:15060|priority:0|startupRole:FOLLOWER, 01e3e3a9-29b9-4c52-904d-7d79db62114f|rpc:10.1.0.24:15050|admin:10.1.0.24:15049|client:10.1.0.24:15048|dataStream:10.1.0.24:15051|priority:0|startupRole:FOLLOWER]|listeners:[], old=null
2023-09-15 05:01:47,667 [ddd75f10-d1e9-4189-b9ef-e4896743935a-groupManagement] INFO  server.RaftServer$Division (RaftServerImpl.java:setRole(329)) - ddd75f10-d1e9-4189-b9ef-e4896743935a@group-8B57097445FE: changes role from      null to FOLLOWER at term 0 for startAsFollower
2023-09-15 05:01:47,667 [ddd75f10-d1e9-4189-b9ef-e4896743935a-groupManagement] INFO  impl.RoleInfo (RoleInfo.java:updateAndGet(139)) - ddd75f10-d1e9-4189-b9ef-e4896743935a: start ddd75f10-d1e9-4189-b9ef-e4896743935a@group-8B57097445FE-FollowerState
2023-09-15 05:01:47,669 [ddd75f10-d1e9-4189-b9ef-e4896743935a-groupManagement] INFO  util.JmxRegister (JmxRegister.java:tryRegister(44)) - Successfully registered JMX Bean with object name Ratis:service=RaftServer,group=group-8B57097445FE,id=ddd75f10-d1e9-4189-b9ef-e4896743935a
2023-09-15 05:01:47,669 [ddd75f10-d1e9-4189-b9ef-e4896743935a@group-8B57097445FE-FollowerState] INFO  server.RaftServerConfigKeys (ConfUtils.java:logFallback(53)) - raft.server.rpc.first-election.timeout.min = 5s (fallback to raft.server.rpc.timeout.min)
2023-09-15 05:01:47,669 [ddd75f10-d1e9-4189-b9ef-e4896743935a-groupManagement] INFO  server.RaftServerConfigKeys (ConfUtils.java:logGet(46)) - raft.server.snapshot.auto.trigger.enabled = true (custom)
2023-09-15 05:01:47,671 [ddd75f10-d1e9-4189-b9ef-e4896743935a-groupManagement] INFO  server.RaftServerConfigKeys (ConfUtils.java:logGet(46)) - raft.server.snapshot.auto.trigger.threshold = 10000 (custom)
2023-09-15 05:01:47,671 [ddd75f10-d1e9-4189-b9ef-e4896743935a-groupManagement] INFO  server.RaftServerConfigKeys (ConfUtils.java:logGet(46)) - raft.server.snapshot.retention.file.num = 5 (custom)
2023-09-15 05:01:47,672 [ddd75f10-d1e9-4189-b9ef-e4896743935a-groupManagement] INFO  server.RaftServerConfigKeys (ConfUtils.java:logGet(46)) - raft.server.log.purge.upto.snapshot.index = false (default)
2023-09-15 05:01:47,673 [ddd75f10-d1e9-4189-b9ef-e4896743935a@group-8B57097445FE-FollowerState] INFO  server.RaftServerConfigKeys (ConfUtils.java:logFallback(53)) - raft.server.rpc.first-election.timeout.max = 5200ms (fallback to raft.server.rpc.timeout.max)
2023-09-15 05:01:47,703 [grpc-default-executor-1] INFO  server.RaftServer (RaftServerProxy.java:addNew(98)) - 01e3e3a9-29b9-4c52-904d-7d79db62114f: addNew group-8B57097445FE:[0a6fa645-f909-40e7-9d0d-0c6da806ec87|rpc:10.1.0.24:15041|admin:10.1.0.24:15040|client:10.1.0.24:15039|dataStream:10.1.0.24:15042|priority:1|startupRole:FOLLOWER, ddd75f10-d1e9-4189-b9ef-e4896743935a|rpc:10.1.0.24:15059|admin:10.1.0.24:15058|client:10.1.0.24:15057|dataStream:10.1.0.24:15060|priority:0|startupRole:FOLLOWER, 01e3e3a9-29b9-4c52-904d-7d79db62114f|rpc:10.1.0.24:15050|admin:10.1.0.24:15049|client:10.1.0.24:15048|dataStream:10.1.0.24:15051|priority:0|startupRole:FOLLOWER] returns group-8B57097445FE:java.util.concurrent.CompletableFuture@1c8d231f[Not completed]
2023-09-15 05:01:47,705 [01e3e3a9-29b9-4c52-904d-7d79db62114f-groupManagement] INFO  server.RaftServer$Division (RaftServerImpl.java:<init>(198)) - 01e3e3a9-29b9-4c52-904d-7d79db62114f: new RaftServerImpl for group-8B57097445FE:[0a6fa645-f909-40e7-9d0d-0c6da806ec87|rpc:10.1.0.24:15041|admin:10.1.0.24:15040|client:10.1.0.24:15039|dataStream:10.1.0.24:15042|priority:1|startupRole:FOLLOWER, ddd75f10-d1e9-4189-b9ef-e4896743935a|rpc:10.1.0.24:15059|admin:10.1.0.24:15058|client:10.1.0.24:15057|dataStream:10.1.0.24:15060|priority:0|startupRole:FOLLOWER, 01e3e3a9-29b9-4c52-904d-7d79db62114f|rpc:10.1.0.24:15050|admin:10.1.0.24:15049|client:10.1.0.24:15048|dataStream:10.1.0.24:15051|priority:0|startupRole:FOLLOWER] with ContainerStateMachine:uninitialized
2023-09-15 05:01:47,705 [01e3e3a9-29b9-4c52-904d-7d79db62114f-groupManagement] INFO  server.RaftServerConfigKeys (ConfUtils.java:logGet(46)) - raft.server.rpc.timeout.min = 5s (custom)
2023-09-15 05:01:47,706 [01e3e3a9-29b9-4c52-904d-7d79db62114f-groupManagement] INFO  server.RaftServerConfigKeys (ConfUtils.java:logGet(46)) - raft.server.rpc.timeout.max = 5200ms (custom)
2023-09-15 05:01:47,706 [01e3e3a9-29b9-4c52-904d-7d79db62114f-groupManagement] INFO  server.RaftServerConfigKeys (ConfUtils.java:logGet(46)) - raft.server.rpc.sleep.time = 25ms (default)
2023-09-15 05:01:47,706 [01e3e3a9-29b9-4c52-904d-7d79db62114f-groupManagement] INFO  server.RaftServerConfigKeys (ConfUtils.java:logGet(46)) - raft.server.rpc.slowness.timeout = 300s (custom)
2023-09-15 05:01:47,706 [01e3e3a9-29b9-4c52-904d-7d79db62114f-groupManagement] INFO  server.RaftServerConfigKeys (ConfUtils.java:logGet(46)) - raft.server.leaderelection.leader.step-down.wait-time = 10s (default)
2023-09-15 05:01:47,706 [01e3e3a9-29b9-4c52-904d-7d79db62114f-groupManagement] INFO  server.RaftServerConfigKeys (ConfUtils.java:logGet(46)) - raft.server.sleep.deviation.threshold = 300ms (default)
2023-09-15 05:01:47,706 [01e3e3a9-29b9-4c52-904d-7d79db62114f-groupManagement] INFO  server.RaftServer$Division (ServerState.java:<init>(120)) - 01e3e3a9-29b9-4c52-904d-7d79db62114f@group-8B57097445FE: ConfigurationManager, init=-1: peers:[0a6fa645-f909-40e7-9d0d-0c6da806ec87|rpc:10.1.0.24:15041|admin:10.1.0.24:15040|client:10.1.0.24:15039|dataStream:10.1.0.24:15042|priority:1|startupRole:FOLLOWER, ddd75f10-d1e9-4189-b9ef-e4896743935a|rpc:10.1.0.24:15059|admin:10.1.0.24:15058|client:10.1.0.24:15057|dataStream:10.1.0.24:15060|priority:0|startupRole:FOLLOWER, 01e3e3a9-29b9-4c52-904d-7d79db62114f|rpc:10.1.0.24:15050|admin:10.1.0.24:15049|client:10.1.0.24:15048|dataStream:10.1.0.24:15051|priority:0|startupRole:FOLLOWER]|listeners:[], old=null, confs=<EMPTY_MAP>
2023-09-15 05:01:47,706 [01e3e3a9-29b9-4c52-904d-7d79db62114f-groupManagement] INFO  server.RaftServerConfigKeys (ConfUtils.java:logGet(46)) - raft.server.storage.dir = [/home/runner/work/ozone/ozone/hadoop-ozone/integration-test/target/test-dir/MiniOzoneClusterImpl-0a18362f-1832-4b81-b629-935968d04e12/datanode-4/data/ratis] (custom)
2023-09-15 05:01:47,706 [01e3e3a9-29b9-4c52-904d-7d79db62114f-groupManagement] INFO  server.RaftServerConfigKeys (ConfUtils.java:logGet(46)) - raft.server.log.corruption.policy = EXCEPTION (default)
2023-09-15 05:01:47,706 [01e3e3a9-29b9-4c52-904d-7d79db62114f-groupManagement] INFO  server.RaftServerConfigKeys (ConfUtils.java:logGet(46)) - raft.server.storage.free-space.min = 0MB (=0) (default)
2023-09-15 05:01:47,706 [01e3e3a9-29b9-4c52-904d-7d79db62114f-groupManagement] INFO  server.RaftServerConfigKeys (ConfUtils.java:logGet(46)) - raft.server.notification.no-leader.timeout = 300s (custom)
2023-09-15 05:01:47,707 [01e3e3a9-29b9-4c52-904d-7d79db62114f-groupManagement] INFO  server.RaftServerConfigKeys (ConfUtils.java:logGet(46)) - raft.server.read.timeout = 10s (default)
2023-09-15 05:01:47,707 [01e3e3a9-29b9-4c52-904d-7d79db62114f-groupManagement] INFO  server.RaftServerConfigKeys (ConfUtils.java:logGet(46)) - raft.server.retrycache.expirytime = 600000ms (custom)
2023-09-15 05:01:47,707 [01e3e3a9-29b9-4c52-904d-7d79db62114f-groupManagement] INFO  server.RaftServerConfigKeys (ConfUtils.java:logGet(46)) - raft.server.retrycache.statistics.expirytime = 100μs (default)
2023-09-15 05:01:47,707 [01e3e3a9-29b9-4c52-904d-7d79db62114f-groupManagement] INFO  server.RaftServerConfigKeys (ConfUtils.java:logGet(46)) - raft.server.read.option = DEFAULT (default)
2023-09-15 05:01:47,709 [01e3e3a9-29b9-4c52-904d-7d79db62114f-groupManagement] INFO  server.RaftServerConfigKeys (ConfUtils.java:logGet(46)) - raft.server.rpc.request.timeout = 60s (custom)
2023-09-15 05:01:47,709 [01e3e3a9-29b9-4c52-904d-7d79db62114f-groupManagement] INFO  server.RaftServerConfigKeys (ConfUtils.java:logGet(46)) - raft.server.log.appender.install.snapshot.enabled = false (custom)
2023-09-15 05:01:47,709 [01e3e3a9-29b9-4c52-904d-7d79db62114f-groupManagement] INFO  server.RaftServerConfigKeys (ConfUtils.java:logGet(46)) - raft.server.threadpool.server.cached = true (default)
2023-09-15 05:01:47,709 [01e3e3a9-29b9-4c52-904d-7d79db62114f-groupManagement] INFO  server.RaftServerConfigKeys (ConfUtils.java:logGet(46)) - raft.server.threadpool.server.size = 0 (default)
2023-09-15 05:01:47,709 [01e3e3a9-29b9-4c52-904d-7d79db62114f-groupManagement] INFO  server.RaftServerConfigKeys (ConfUtils.java:logGet(46)) - raft.server.threadpool.client.cached = true (default)
2023-09-15 05:01:47,709 [01e3e3a9-29b9-4c52-904d-7d79db62114f-groupManagement] INFO  server.RaftServerConfigKeys (ConfUtils.java:logGet(46)) - raft.server.threadpool.client.size = 0 (default)
2023-09-15 05:01:47,709 [01e3e3a9-29b9-4c52-904d-7d79db62114f-groupManagement] INFO  storage.RaftStorageDirectory (RaftStorageDirectoryImpl.java:analyzeStorage(137)) - The storage directory /home/runner/work/ozone/ozone/hadoop-ozone/integration-test/target/test-dir/MiniOzoneClusterImpl-0a18362f-1832-4b81-b629-935968d04e12/datanode-4/data/ratis/ed3cce30-e7bf-4ce3-80a3-8b57097445fe does not exist. Creating ...
2023-09-15 05:01:47,710 [01e3e3a9-29b9-4c52-904d-7d79db62114f-groupManagement] INFO  storage.RaftStorageDirectory (RaftStorageDirectoryImpl.java:tryLock(231)) - Lock on /home/runner/work/ozone/ozone/hadoop-ozone/integration-test/target/test-dir/MiniOzoneClusterImpl-0a18362f-1832-4b81-b629-935968d04e12/datanode-4/data/ratis/ed3cce30-e7bf-4ce3-80a3-8b57097445fe/in_use.lock acquired by nodename 87703@fv-az371-27
2023-09-15 05:01:47,712 [01e3e3a9-29b9-4c52-904d-7d79db62114f-groupManagement] INFO  storage.RaftStorage (RaftStorageImpl.java:format(96)) - Storage directory /home/runner/work/ozone/ozone/hadoop-ozone/integration-test/target/test-dir/MiniOzoneClusterImpl-0a18362f-1832-4b81-b629-935968d04e12/datanode-4/data/ratis/ed3cce30-e7bf-4ce3-80a3-8b57097445fe has been successfully formatted.
2023-09-15 05:01:47,713 [01e3e3a9-29b9-4c52-904d-7d79db62114f-groupManagement] INFO  ratis.ContainerStateMachine (ContainerStateMachine.java:loadSnapshot(262)) - group-8B57097445FE: The snapshot info is null. Setting the last applied indexto:(t:0, i:~)
2023-09-15 05:01:47,713 [01e3e3a9-29b9-4c52-904d-7d79db62114f-groupManagement] INFO  server.RaftServerConfigKeys (ConfUtils.java:logGet(46)) - raft.server.log.use.memory = false (default)
2023-09-15 05:01:47,714 [01e3e3a9-29b9-4c52-904d-7d79db62114f-groupManagement] INFO  server.RaftServerConfigKeys (ConfUtils.java:logGet(46)) - raft.server.log.purge.gap = 1000000 (custom)
2023-09-15 05:01:47,715 [01e3e3a9-29b9-4c52-904d-7d79db62114f-groupManagement] INFO  server.RaftServerConfigKeys (ConfUtils.java:logGet(46)) - raft.server.log.appender.buffer.byte-limit = 33554432 (custom)
2023-09-15 05:01:47,715 [01e3e3a9-29b9-4c52-904d-7d79db62114f-groupManagement] INFO  server.RaftServerConfigKeys (ConfUtils.java:logGet(46)) - raft.server.log.statemachine.data.read.timeout = 1000ms (default)
2023-09-15 05:01:47,715 [01e3e3a9-29b9-4c52-904d-7d79db62114f-groupManagement] INFO  server.RaftServerConfigKeys (ConfUtils.java:logGet(46)) - raft.server.log.purge.preservation.log.num = 0 (default)
2023-09-15 05:01:47,715 [01e3e3a9-29b9-4c52-904d-7d79db62114f-groupManagement] INFO  server.RaftServerConfigKeys (ConfUtils.java:logGet(46)) - raft.server.log.segment.size.max = 1048576 (custom)
2023-09-15 05:01:47,716 [01e3e3a9-29b9-4c52-904d-7d79db62114f-groupManagement] INFO  server.RaftServerConfigKeys (ConfUtils.java:logGet(46)) - raft.server.log.segment.cache.num.max = 2 (custom)
2023-09-15 05:01:47,716 [01e3e3a9-29b9-4c52-904d-7d79db62114f-groupManagement] INFO  server.RaftServerConfigKeys (ConfUtils.java:logGet(46)) - raft.server.log.segment.cache.size.max = 200MB (=209715200) (default)
2023-09-15 05:01:47,716 [01e3e3a9-29b9-4c52-904d-7d79db62114f-groupManagement] INFO  server.RaftServerConfigKeys (ConfUtils.java:logGet(46)) - raft.server.log.appender.buffer.byte-limit = 33554432 (custom)
2023-09-15 05:01:47,716 [01e3e3a9-29b9-4c52-904d-7d79db62114f-groupManagement] INFO  segmented.SegmentedRaftLogWorker (SegmentedRaftLogWorker.java:<init>(188)) - new 01e3e3a9-29b9-4c52-904d-7d79db62114f@group-8B57097445FE-SegmentedRaftLogWorker for RaftStorageImpl:Storage Directory /home/runner/work/ozone/ozone/hadoop-ozone/integration-test/target/test-dir/MiniOzoneClusterImpl-0a18362f-1832-4b81-b629-935968d04e12/datanode-4/data/ratis/ed3cce30-e7bf-4ce3-80a3-8b57097445fe
2023-09-15 05:01:47,716 [01e3e3a9-29b9-4c52-904d-7d79db62114f-groupManagement] INFO  server.RaftServerConfigKeys (ConfUtils.java:logGet(46)) - raft.server.log.queue.byte-limit = 4294967296 (custom)
2023-09-15 05:01:47,716 [01e3e3a9-29b9-4c52-904d-7d79db62114f-groupManagement] INFO  server.RaftServerConfigKeys (ConfUtils.java:logGet(46)) - raft.server.log.queue.element-limit = 1024 (custom)
2023-09-15 05:01:47,716 [01e3e3a9-29b9-4c52-904d-7d79db62114f-groupManagement] INFO  server.RaftServerConfigKeys (ConfUtils.java:logGet(46)) - raft.server.log.segment.size.max = 1048576 (custom)
2023-09-15 05:01:47,716 [01e3e3a9-29b9-4c52-904d-7d79db62114f-groupManagement] INFO  server.RaftServerConfigKeys (ConfUtils.java:logGet(46)) - raft.server.log.preallocated.size = 16384 (custom)
2023-09-15 05:01:47,716 [01e3e3a9-29b9-4c52-904d-7d79db62114f-groupManagement] INFO  server.RaftServerConfigKeys (ConfUtils.java:logGet(46)) - raft.server.log.force.sync.num = 128 (default)
2023-09-15 05:01:47,716 [01e3e3a9-29b9-4c52-904d-7d79db62114f-groupManagement] INFO  server.RaftServerConfigKeys (ConfUtils.java:logGet(46)) - raft.server.log.statemachine.data.sync = true (default)
2023-09-15 05:01:47,717 [01e3e3a9-29b9-4c52-904d-7d79db62114f-groupManagement] INFO  server.RaftServerConfigKeys (ConfUtils.java:logGet(46)) - raft.server.log.statemachine.data.sync.timeout = 10s (default)
2023-09-15 05:01:47,717 [01e3e3a9-29b9-4c52-904d-7d79db62114f-groupManagement] INFO  server.RaftServerConfigKeys (ConfUtils.java:logGet(46)) - raft.server.log.statemachine.data.sync.timeout.retry = -1 (default)
2023-09-15 05:01:47,718 [01e3e3a9-29b9-4c52-904d-7d79db62114f-groupManagement] INFO  server.RaftServerConfigKeys (ConfUtils.java:logGet(46)) - raft.server.log.write.buffer.size = 1048576 (custom)
2023-09-15 05:01:47,718 [01e3e3a9-29b9-4c52-904d-7d79db62114f-groupManagement] INFO  server.RaftServerConfigKeys (ConfUtils.java:logGet(46)) - raft.server.log.appender.buffer.byte-limit = 33554432 (custom)
2023-09-15 05:01:47,729 [01e3e3a9-29b9-4c52-904d-7d79db62114f-groupManagement] INFO  server.RaftServerConfigKeys (ConfUtils.java:logGet(46)) - raft.server.log.unsafe-flush.enabled = false (default)
2023-09-15 05:01:47,729 [01e3e3a9-29b9-4c52-904d-7d79db62114f-groupManagement] INFO  server.RaftServerConfigKeys (ConfUtils.java:logGet(46)) - raft.server.log.async-flush.enabled = false (default)
2023-09-15 05:01:47,729 [01e3e3a9-29b9-4c52-904d-7d79db62114f-groupManagement] INFO  server.RaftServerConfigKeys (ConfUtils.java:logGet(46)) - raft.server.log.statemachine.data.caching.enabled = true (custom)
2023-09-15 05:01:47,729 [01e3e3a9-29b9-4c52-904d-7d79db62114f-groupManagement] INFO  segmented.SegmentedRaftLogWorker (SegmentedRaftLogWorker.java:lambda$new$0(135)) - 01e3e3a9-29b9-4c52-904d-7d79db62114f@group-8B57097445FE-SegmentedRaftLogWorker: flushIndex: setUnconditionally 0 -> -1
2023-09-15 05:01:47,729 [01e3e3a9-29b9-4c52-904d-7d79db62114f-groupManagement] INFO  segmented.SegmentedRaftLogWorker (SegmentedRaftLogWorker.java:lambda$new$0(135)) - 01e3e3a9-29b9-4c52-904d-7d79db62114f@group-8B57097445FE-SegmentedRaftLogWorker: safeCacheEvictIndex: setUnconditionally 0 -> -1
2023-09-15 05:01:47,730 [01e3e3a9-29b9-4c52-904d-7d79db62114f-groupManagement] INFO  server.RaftServer$Division (RaftServerImpl.java:start(342)) - 01e3e3a9-29b9-4c52-904d-7d79db62114f@group-8B57097445FE: start as a follower, conf=-1: peers:[0a6fa645-f909-40e7-9d0d-0c6da806ec87|rpc:10.1.0.24:15041|admin:10.1.0.24:15040|client:10.1.0.24:15039|dataStream:10.1.0.24:15042|priority:1|startupRole:FOLLOWER, ddd75f10-d1e9-4189-b9ef-e4896743935a|rpc:10.1.0.24:15059|admin:10.1.0.24:15058|client:10.1.0.24:15057|dataStream:10.1.0.24:15060|priority:0|startupRole:FOLLOWER, 01e3e3a9-29b9-4c52-904d-7d79db62114f|rpc:10.1.0.24:15050|admin:10.1.0.24:15049|client:10.1.0.24:15048|dataStream:10.1.0.24:15051|priority:0|startupRole:FOLLOWER]|listeners:[], old=null
2023-09-15 05:01:47,730 [01e3e3a9-29b9-4c52-904d-7d79db62114f-groupManagement] INFO  server.RaftServer$Division (RaftServerImpl.java:setRole(329)) - 01e3e3a9-29b9-4c52-904d-7d79db62114f@group-8B57097445FE: changes role from      null to FOLLOWER at term 0 for startAsFollower
2023-09-15 05:01:47,730 [01e3e3a9-29b9-4c52-904d-7d79db62114f-groupManagement] INFO  impl.RoleInfo (RoleInfo.java:updateAndGet(139)) - 01e3e3a9-29b9-4c52-904d-7d79db62114f: start 01e3e3a9-29b9-4c52-904d-7d79db62114f@group-8B57097445FE-FollowerState
2023-09-15 05:01:47,730 [01e3e3a9-29b9-4c52-904d-7d79db62114f-groupManagement] INFO  util.JmxRegister (JmxRegister.java:tryRegister(44)) - Successfully registered JMX Bean with object name Ratis:service=RaftServer,group=group-8B57097445FE,id=01e3e3a9-29b9-4c52-904d-7d79db62114f
2023-09-15 05:01:47,730 [01e3e3a9-29b9-4c52-904d-7d79db62114f-groupManagement] INFO  server.RaftServerConfigKeys (ConfUtils.java:logGet(46)) - raft.server.snapshot.auto.trigger.enabled = true (custom)
2023-09-15 05:01:47,730 [01e3e3a9-29b9-4c52-904d-7d79db62114f@group-8B57097445FE-FollowerState] INFO  server.RaftServerConfigKeys (ConfUtils.java:logFallback(53)) - raft.server.rpc.first-election.timeout.min = 5s (fallback to raft.server.rpc.timeout.min)
2023-09-15 05:01:47,738 [01e3e3a9-29b9-4c52-904d-7d79db62114f-groupManagement] INFO  server.RaftServerConfigKeys (ConfUtils.java:logGet(46)) - raft.server.snapshot.auto.trigger.threshold = 10000 (custom)
2023-09-15 05:01:47,738 [01e3e3a9-29b9-4c52-904d-7d79db62114f@group-8B57097445FE-FollowerState] INFO  server.RaftServerConfigKeys (ConfUtils.java:logFallback(53)) - raft.server.rpc.first-election.timeout.max = 5200ms (fallback to raft.server.rpc.timeout.max)
2023-09-15 05:01:47,738 [01e3e3a9-29b9-4c52-904d-7d79db62114f-groupManagement] INFO  server.RaftServerConfigKeys (ConfUtils.java:logGet(46)) - raft.server.snapshot.retention.file.num = 5 (custom)
2023-09-15 05:01:47,738 [01e3e3a9-29b9-4c52-904d-7d79db62114f-groupManagement] INFO  server.RaftServerConfigKeys (ConfUtils.java:logGet(46)) - raft.server.log.purge.upto.snapshot.index = false (default)
2023-09-15 05:01:47,748 [PipelineCommandHandlerThread-0] INFO  commandhandler.CreatePipelineCommandHandler (CreatePipelineCommandHandler.java:lambda$handle$2(124)) - Created Pipeline RATIS THREE PipelineID=ed3cce30-e7bf-4ce3-80a3-8b57097445fe.
2023-09-15 05:01:47,749 [PipelineCommandHandlerThread-0] INFO  server.RaftServer (RaftServerProxy.java:addNew(98)) - 0a6fa645-f909-40e7-9d0d-0c6da806ec87: addNew group-EB771131E1C7:[0a6fa645-f909-40e7-9d0d-0c6da806ec87|rpc:10.1.0.24:15041|admin:10.1.0.24:15040|client:10.1.0.24:15039|dataStream:10.1.0.24:15042|priority:0|startupRole:FOLLOWER, ddd75f10-d1e9-4189-b9ef-e4896743935a|rpc:10.1.0.24:15059|admin:10.1.0.24:15058|client:10.1.0.24:15057|dataStream:10.1.0.24:15060|priority:1|startupRole:FOLLOWER, 01e3e3a9-29b9-4c52-904d-7d79db62114f|rpc:10.1.0.24:15050|admin:10.1.0.24:15049|client:10.1.0.24:15048|dataStream:10.1.0.24:15051|priority:0|startupRole:FOLLOWER] returns group-EB771131E1C7:java.util.concurrent.CompletableFuture@5bf68197[Not completed]
2023-09-15 05:01:47,750 [0a6fa645-f909-40e7-9d0d-0c6da806ec87-groupManagement] INFO  server.RaftServer$Division (RaftServerImpl.java:<init>(198)) - 0a6fa645-f909-40e7-9d0d-0c6da806ec87: new RaftServerImpl for group-EB771131E1C7:[0a6fa645-f909-40e7-9d0d-0c6da806ec87|rpc:10.1.0.24:15041|admin:10.1.0.24:15040|client:10.1.0.24:15039|dataStream:10.1.0.24:15042|priority:0|startupRole:FOLLOWER, ddd75f10-d1e9-4189-b9ef-e4896743935a|rpc:10.1.0.24:15059|admin:10.1.0.24:15058|client:10.1.0.24:15057|dataStream:10.1.0.24:15060|priority:1|startupRole:FOLLOWER, 01e3e3a9-29b9-4c52-904d-7d79db62114f|rpc:10.1.0.24:15050|admin:10.1.0.24:15049|client:10.1.0.24:15048|dataStream:10.1.0.24:15051|priority:0|startupRole:FOLLOWER] with ContainerStateMachine:uninitialized
2023-09-15 05:01:47,750 [0a6fa645-f909-40e7-9d0d-0c6da806ec87-groupManagement] INFO  server.RaftServerConfigKeys (ConfUtils.java:logGet(46)) - raft.server.rpc.timeout.min = 5s (custom)
2023-09-15 05:01:47,750 [0a6fa645-f909-40e7-9d0d-0c6da806ec87-groupManagement] INFO  server.RaftServerConfigKeys (ConfUtils.java:logGet(46)) - raft.server.rpc.timeout.max = 5200ms (custom)
2023-09-15 05:01:47,750 [0a6fa645-f909-40e7-9d0d-0c6da806ec87-groupManagement] INFO  server.RaftServerConfigKeys (ConfUtils.java:logGet(46)) - raft.server.rpc.sleep.time = 25ms (default)
2023-09-15 05:01:47,750 [0a6fa645-f909-40e7-9d0d-0c6da806ec87-groupManagement] INFO  server.RaftServerConfigKeys (ConfUtils.java:logGet(46)) - raft.server.rpc.slowness.timeout = 300s (custom)
2023-09-15 05:01:47,750 [0a6fa645-f909-40e7-9d0d-0c6da806ec87-groupManagement] INFO  server.RaftServerConfigKeys (ConfUtils.java:logGet(46)) - raft.server.leaderelection.leader.step-down.wait-time = 10s (default)
2023-09-15 05:01:47,750 [0a6fa645-f909-40e7-9d0d-0c6da806ec87-groupManagement] INFO  server.RaftServerConfigKeys (ConfUtils.java:logGet(46)) - raft.server.sleep.deviation.threshold = 300ms (default)
2023-09-15 05:01:47,750 [0a6fa645-f909-40e7-9d0d-0c6da806ec87-groupManagement] INFO  server.RaftServer$Division (ServerState.java:<init>(120)) - 0a6fa645-f909-40e7-9d0d-0c6da806ec87@group-EB771131E1C7: ConfigurationManager, init=-1: peers:[0a6fa645-f909-40e7-9d0d-0c6da806ec87|rpc:10.1.0.24:15041|admin:10.1.0.24:15040|client:10.1.0.24:15039|dataStream:10.1.0.24:15042|priority:0|startupRole:FOLLOWER, ddd75f10-d1e9-4189-b9ef-e4896743935a|rpc:10.1.0.24:15059|admin:10.1.0.24:15058|client:10.1.0.24:15057|dataStream:10.1.0.24:15060|priority:1|startupRole:FOLLOWER, 01e3e3a9-29b9-4c52-904d-7d79db62114f|rpc:10.1.0.24:15050|admin:10.1.0.24:15049|client:10.1.0.24:15048|dataStream:10.1.0.24:15051|priority:0|startupRole:FOLLOWER]|listeners:[], old=null, confs=<EMPTY_MAP>
2023-09-15 05:01:47,750 [0a6fa645-f909-40e7-9d0d-0c6da806ec87-groupManagement] INFO  server.RaftServerConfigKeys (ConfUtils.java:logGet(46)) - raft.server.storage.dir = [/home/runner/work/ozone/ozone/hadoop-ozone/integration-test/target/test-dir/MiniOzoneClusterImpl-0a18362f-1832-4b81-b629-935968d04e12/datanode-3/data/ratis] (custom)
2023-09-15 05:01:47,750 [0a6fa645-f909-40e7-9d0d-0c6da806ec87-groupManagement] INFO  server.RaftServerConfigKeys (ConfUtils.java:logGet(46)) - raft.server.log.corruption.policy = EXCEPTION (default)
2023-09-15 05:01:47,750 [0a6fa645-f909-40e7-9d0d-0c6da806ec87-groupManagement] INFO  server.RaftServerConfigKeys (ConfUtils.java:logGet(46)) - raft.server.storage.free-space.min = 0MB (=0) (default)
2023-09-15 05:01:47,751 [0a6fa645-f909-40e7-9d0d-0c6da806ec87-groupManagement] INFO  server.RaftServerConfigKeys (ConfUtils.java:logGet(46)) - raft.server.notification.no-leader.timeout = 300s (custom)
2023-09-15 05:01:47,751 [0a6fa645-f909-40e7-9d0d-0c6da806ec87-groupManagement] INFO  server.RaftServerConfigKeys (ConfUtils.java:logGet(46)) - raft.server.read.timeout = 10s (default)
2023-09-15 05:01:47,751 [0a6fa645-f909-40e7-9d0d-0c6da806ec87-groupManagement] INFO  server.RaftServerConfigKeys (ConfUtils.java:logGet(46)) - raft.server.retrycache.expirytime = 600000ms (custom)
2023-09-15 05:01:47,751 [0a6fa645-f909-40e7-9d0d-0c6da806ec87-groupManagement] INFO  server.RaftServerConfigKeys (ConfUtils.java:logGet(46)) - raft.server.retrycache.statistics.expirytime = 100μs (default)
2023-09-15 05:01:47,751 [0a6fa645-f909-40e7-9d0d-0c6da806ec87-groupManagement] INFO  server.RaftServerConfigKeys (ConfUtils.java:logGet(46)) - raft.server.read.option = DEFAULT (default)
2023-09-15 05:01:47,753 [0a6fa645-f909-40e7-9d0d-0c6da806ec87-groupManagement] INFO  server.RaftServerConfigKeys (ConfUtils.java:logGet(46)) - raft.server.rpc.request.timeout = 60s (custom)
2023-09-15 05:01:47,753 [0a6fa645-f909-40e7-9d0d-0c6da806ec87-groupManagement] INFO  server.RaftServerConfigKeys (ConfUtils.java:logGet(46)) - raft.server.log.appender.install.snapshot.enabled = false (custom)
2023-09-15 05:01:47,753 [0a6fa645-f909-40e7-9d0d-0c6da806ec87-groupManagement] INFO  server.RaftServerConfigKeys (ConfUtils.java:logGet(46)) - raft.server.threadpool.server.cached = true (default)
2023-09-15 05:01:47,753 [0a6fa645-f909-40e7-9d0d-0c6da806ec87-groupManagement] INFO  server.RaftServerConfigKeys (ConfUtils.java:logGet(46)) - raft.server.threadpool.server.size = 0 (default)
2023-09-15 05:01:47,753 [0a6fa645-f909-40e7-9d0d-0c6da806ec87-groupManagement] INFO  server.RaftServerConfigKeys (ConfUtils.java:logGet(46)) - raft.server.threadpool.client.cached = true (default)
2023-09-15 05:01:47,753 [0a6fa645-f909-40e7-9d0d-0c6da806ec87-groupManagement] INFO  server.RaftServerConfigKeys (ConfUtils.java:logGet(46)) - raft.server.threadpool.client.size = 0 (default)
2023-09-15 05:01:47,753 [0a6fa645-f909-40e7-9d0d-0c6da806ec87-groupManagement] INFO  storage.RaftStorageDirectory (RaftStorageDirectoryImpl.java:analyzeStorage(137)) - The storage directory /home/runner/work/ozone/ozone/hadoop-ozone/integration-test/target/test-dir/MiniOzoneClusterImpl-0a18362f-1832-4b81-b629-935968d04e12/datanode-3/data/ratis/cb8f184f-730b-4bd6-b6c0-eb771131e1c7 does not exist. Creating ...
2023-09-15 05:01:47,754 [0a6fa645-f909-40e7-9d0d-0c6da806ec87-groupManagement] INFO  storage.RaftStorageDirectory (RaftStorageDirectoryImpl.java:tryLock(231)) - Lock on /home/runner/work/ozone/ozone/hadoop-ozone/integration-test/target/test-dir/MiniOzoneClusterImpl-0a18362f-1832-4b81-b629-935968d04e12/datanode-3/data/ratis/cb8f184f-730b-4bd6-b6c0-eb771131e1c7/in_use.lock acquired by nodename 87703@fv-az371-27
2023-09-15 05:01:47,755 [0a6fa645-f909-40e7-9d0d-0c6da806ec87-groupManagement] INFO  storage.RaftStorage (RaftStorageImpl.java:format(96)) - Storage directory /home/runner/work/ozone/ozone/hadoop-ozone/integration-test/target/test-dir/MiniOzoneClusterImpl-0a18362f-1832-4b81-b629-935968d04e12/datanode-3/data/ratis/cb8f184f-730b-4bd6-b6c0-eb771131e1c7 has been successfully formatted.
2023-09-15 05:01:47,757 [0a6fa645-f909-40e7-9d0d-0c6da806ec87-groupManagement] INFO  ratis.ContainerStateMachine (ContainerStateMachine.java:loadSnapshot(262)) - group-EB771131E1C7: The snapshot info is null. Setting the last applied indexto:(t:0, i:~)
2023-09-15 05:01:47,757 [0a6fa645-f909-40e7-9d0d-0c6da806ec87-groupManagement] INFO  server.RaftServerConfigKeys (ConfUtils.java:logGet(46)) - raft.server.log.use.memory = false (default)
2023-09-15 05:01:47,757 [0a6fa645-f909-40e7-9d0d-0c6da806ec87-groupManagement] INFO  server.RaftServerConfigKeys (ConfUtils.java:logGet(46)) - raft.server.log.purge.gap = 1000000 (custom)
2023-09-15 05:01:47,757 [0a6fa645-f909-40e7-9d0d-0c6da806ec87-groupManagement] INFO  server.RaftServerConfigKeys (ConfUtils.java:logGet(46)) - raft.server.log.appender.buffer.byte-limit = 33554432 (custom)
2023-09-15 05:01:47,757 [0a6fa645-f909-40e7-9d0d-0c6da806ec87-groupManagement] INFO  server.RaftServerConfigKeys (ConfUtils.java:logGet(46)) - raft.server.log.statemachine.data.read.timeout = 1000ms (default)
2023-09-15 05:01:47,758 [EventQueue-OpenPipelineForHealthyPipelineSafeModeRule] INFO  safemode.SCMSafeModeManager (HealthyPipelineSafeModeRule.java:process(137)) - SCM in safe mode. Healthy pipelines reported count is 0, required healthy pipeline reported count is 1
2023-09-15 05:01:47,759 [0a6fa645-f909-40e7-9d0d-0c6da806ec87-groupManagement] INFO  server.RaftServerConfigKeys (ConfUtils.java:logGet(46)) - raft.server.log.purge.preservation.log.num = 0 (default)
2023-09-15 05:01:47,760 [0a6fa645-f909-40e7-9d0d-0c6da806ec87-groupManagement] INFO  server.RaftServerConfigKeys (ConfUtils.java:logGet(46)) - raft.server.log.segment.size.max = 1048576 (custom)
2023-09-15 05:01:47,760 [0a6fa645-f909-40e7-9d0d-0c6da806ec87-groupManagement] INFO  server.RaftServerConfigKeys (ConfUtils.java:logGet(46)) - raft.server.log.segment.cache.num.max = 2 (custom)
2023-09-15 05:01:47,760 [0a6fa645-f909-40e7-9d0d-0c6da806ec87-groupManagement] INFO  server.RaftServerConfigKeys (ConfUtils.java:logGet(46)) - raft.server.log.segment.cache.size.max = 200MB (=209715200) (default)
2023-09-15 05:01:47,760 [0a6fa645-f909-40e7-9d0d-0c6da806ec87-groupManagement] INFO  server.RaftServerConfigKeys (ConfUtils.java:logGet(46)) - raft.server.log.appender.buffer.byte-limit = 33554432 (custom)
2023-09-15 05:01:47,763 [0a6fa645-f909-40e7-9d0d-0c6da806ec87-groupManagement] INFO  segmented.SegmentedRaftLogWorker (SegmentedRaftLogWorker.java:<init>(188)) - new 0a6fa645-f909-40e7-9d0d-0c6da806ec87@group-EB771131E1C7-SegmentedRaftLogWorker for RaftStorageImpl:Storage Directory /home/runner/work/ozone/ozone/hadoop-ozone/integration-test/target/test-dir/MiniOzoneClusterImpl-0a18362f-1832-4b81-b629-935968d04e12/datanode-3/data/ratis/cb8f184f-730b-4bd6-b6c0-eb771131e1c7
2023-09-15 05:01:47,763 [0a6fa645-f909-40e7-9d0d-0c6da806ec87-groupManagement] INFO  server.RaftServerConfigKeys (ConfUtils.java:logGet(46)) - raft.server.log.queue.byte-limit = 4294967296 (custom)
2023-09-15 05:01:47,763 [0a6fa645-f909-40e7-9d0d-0c6da806ec87-groupManagement] INFO  server.RaftServerConfigKeys (ConfUtils.java:logGet(46)) - raft.server.log.queue.element-limit = 1024 (custom)
2023-09-15 05:01:47,763 [0a6fa645-f909-40e7-9d0d-0c6da806ec87-groupManagement] INFO  server.RaftServerConfigKeys (ConfUtils.java:logGet(46)) - raft.server.log.segment.size.max = 1048576 (custom)
2023-09-15 05:01:47,763 [0a6fa645-f909-40e7-9d0d-0c6da806ec87-groupManagement] INFO  server.RaftServerConfigKeys (ConfUtils.java:logGet(46)) - raft.server.log.preallocated.size = 16384 (custom)
2023-09-15 05:01:47,763 [0a6fa645-f909-40e7-9d0d-0c6da806ec87-groupManagement] INFO  server.RaftServerConfigKeys (ConfUtils.java:logGet(46)) - raft.server.log.force.sync.num = 128 (default)
2023-09-15 05:01:47,763 [0a6fa645-f909-40e7-9d0d-0c6da806ec87-groupManagement] INFO  server.RaftServerConfigKeys (ConfUtils.java:logGet(46)) - raft.server.log.statemachine.data.sync = true (default)
2023-09-15 05:01:47,763 [0a6fa645-f909-40e7-9d0d-0c6da806ec87-groupManagement] INFO  server.RaftServerConfigKeys (ConfUtils.java:logGet(46)) - raft.server.log.statemachine.data.sync.timeout = 10s (default)
2023-09-15 05:01:47,763 [0a6fa645-f909-40e7-9d0d-0c6da806ec87-groupManagement] INFO  server.RaftServerConfigKeys (ConfUtils.java:logGet(46)) - raft.server.log.statemachine.data.sync.timeout.retry = -1 (default)
2023-09-15 05:01:47,764 [0a6fa645-f909-40e7-9d0d-0c6da806ec87-groupManagement] INFO  server.RaftServerConfigKeys (ConfUtils.java:logGet(46)) - raft.server.log.write.buffer.size = 1048576 (custom)
2023-09-15 05:01:47,765 [0a6fa645-f909-40e7-9d0d-0c6da806ec87-groupManagement] INFO  server.RaftServerConfigKeys (ConfUtils.java:logGet(46)) - raft.server.log.appender.buffer.byte-limit = 33554432 (custom)
2023-09-15 05:01:47,776 [0a6fa645-f909-40e7-9d0d-0c6da806ec87-groupManagement] INFO  server.RaftServerConfigKeys (ConfUtils.java:logGet(46)) - raft.server.log.unsafe-flush.enabled = false (default)
2023-09-15 05:01:47,776 [0a6fa645-f909-40e7-9d0d-0c6da806ec87-groupManagement] INFO  server.RaftServerConfigKeys (ConfUtils.java:logGet(46)) - raft.server.log.async-flush.enabled = false (default)
2023-09-15 05:01:47,776 [0a6fa645-f909-40e7-9d0d-0c6da806ec87-groupManagement] INFO  server.RaftServerConfigKeys (ConfUtils.java:logGet(46)) - raft.server.log.statemachine.data.caching.enabled = true (custom)
2023-09-15 05:01:47,777 [0a6fa645-f909-40e7-9d0d-0c6da806ec87-groupManagement] INFO  segmented.SegmentedRaftLogWorker (SegmentedRaftLogWorker.java:lambda$new$0(135)) - 0a6fa645-f909-40e7-9d0d-0c6da806ec87@group-EB771131E1C7-SegmentedRaftLogWorker: flushIndex: setUnconditionally 0 -> -1
2023-09-15 05:01:47,777 [0a6fa645-f909-40e7-9d0d-0c6da806ec87-groupManagement] INFO  segmented.SegmentedRaftLogWorker (SegmentedRaftLogWorker.java:lambda$new$0(135)) - 0a6fa645-f909-40e7-9d0d-0c6da806ec87@group-EB771131E1C7-SegmentedRaftLogWorker: safeCacheEvictIndex: setUnconditionally 0 -> -1
2023-09-15 05:01:47,777 [0a6fa645-f909-40e7-9d0d-0c6da806ec87-groupManagement] INFO  server.RaftServer$Division (RaftServerImpl.java:start(342)) - 0a6fa645-f909-40e7-9d0d-0c6da806ec87@group-EB771131E1C7: start as a follower, conf=-1: peers:[0a6fa645-f909-40e7-9d0d-0c6da806ec87|rpc:10.1.0.24:15041|admin:10.1.0.24:15040|client:10.1.0.24:15039|dataStream:10.1.0.24:15042|priority:0|startupRole:FOLLOWER, ddd75f10-d1e9-4189-b9ef-e4896743935a|rpc:10.1.0.24:15059|admin:10.1.0.24:15058|client:10.1.0.24:15057|dataStream:10.1.0.24:15060|priority:1|startupRole:FOLLOWER, 01e3e3a9-29b9-4c52-904d-7d79db62114f|rpc:10.1.0.24:15050|admin:10.1.0.24:15049|client:10.1.0.24:15048|dataStream:10.1.0.24:15051|priority:0|startupRole:FOLLOWER]|listeners:[], old=null
2023-09-15 05:01:47,778 [0a6fa645-f909-40e7-9d0d-0c6da806ec87-groupManagement] INFO  server.RaftServer$Division (RaftServerImpl.java:setRole(329)) - 0a6fa645-f909-40e7-9d0d-0c6da806ec87@group-EB771131E1C7: changes role from      null to FOLLOWER at term 0 for startAsFollower
2023-09-15 05:01:47,778 [0a6fa645-f909-40e7-9d0d-0c6da806ec87-groupManagement] INFO  impl.RoleInfo (RoleInfo.java:updateAndGet(139)) - 0a6fa645-f909-40e7-9d0d-0c6da806ec87: start 0a6fa645-f909-40e7-9d0d-0c6da806ec87@group-EB771131E1C7-FollowerState
2023-09-15 05:01:47,778 [0a6fa645-f909-40e7-9d0d-0c6da806ec87@group-EB771131E1C7-FollowerState] INFO  server.RaftServerConfigKeys (ConfUtils.java:logFallback(53)) - raft.server.rpc.first-election.timeout.min = 5s (fallback to raft.server.rpc.timeout.min)
2023-09-15 05:01:47,778 [0a6fa645-f909-40e7-9d0d-0c6da806ec87-groupManagement] INFO  util.JmxRegister (JmxRegister.java:tryRegister(44)) - Successfully registered JMX Bean with object name Ratis:service=RaftServer,group=group-EB771131E1C7,id=0a6fa645-f909-40e7-9d0d-0c6da806ec87
2023-09-15 05:01:47,780 [0a6fa645-f909-40e7-9d0d-0c6da806ec87@group-EB771131E1C7-FollowerState] INFO  server.RaftServerConfigKeys (ConfUtils.java:logFallback(53)) - raft.server.rpc.first-election.timeout.max = 5200ms (fallback to raft.server.rpc.timeout.max)
2023-09-15 05:01:47,780 [0a6fa645-f909-40e7-9d0d-0c6da806ec87-groupManagement] INFO  server.RaftServerConfigKeys (ConfUtils.java:logGet(46)) - raft.server.snapshot.auto.trigger.enabled = true (custom)
2023-09-15 05:01:47,780 [0a6fa645-f909-40e7-9d0d-0c6da806ec87-groupManagement] INFO  server.RaftServerConfigKeys (ConfUtils.java:logGet(46)) - raft.server.snapshot.auto.trigger.threshold = 10000 (custom)
2023-09-15 05:01:47,780 [0a6fa645-f909-40e7-9d0d-0c6da806ec87-groupManagement] INFO  server.RaftServerConfigKeys (ConfUtils.java:logGet(46)) - raft.server.snapshot.retention.file.num = 5 (custom)
2023-09-15 05:01:47,780 [0a6fa645-f909-40e7-9d0d-0c6da806ec87-groupManagement] INFO  server.RaftServerConfigKeys (ConfUtils.java:logGet(46)) - raft.server.log.purge.upto.snapshot.index = false (default)
2023-09-15 05:01:47,781 [PipelineCommandHandlerThread-0] INFO  ratis.XceiverServerRatis (XceiverServerRatis.java:addGroup(804)) - Created group PipelineID=cb8f184f-730b-4bd6-b6c0-eb771131e1c7
2023-09-15 05:01:47,799 [grpc-default-executor-1] INFO  server.RaftServer (RaftServerProxy.java:addNew(98)) - ddd75f10-d1e9-4189-b9ef-e4896743935a: addNew group-EB771131E1C7:[0a6fa645-f909-40e7-9d0d-0c6da806ec87|rpc:10.1.0.24:15041|admin:10.1.0.24:15040|client:10.1.0.24:15039|dataStream:10.1.0.24:15042|priority:0|startupRole:FOLLOWER, ddd75f10-d1e9-4189-b9ef-e4896743935a|rpc:10.1.0.24:15059|admin:10.1.0.24:15058|client:10.1.0.24:15057|dataStream:10.1.0.24:15060|priority:1|startupRole:FOLLOWER, 01e3e3a9-29b9-4c52-904d-7d79db62114f|rpc:10.1.0.24:15050|admin:10.1.0.24:15049|client:10.1.0.24:15048|dataStream:10.1.0.24:15051|priority:0|startupRole:FOLLOWER] returns group-EB771131E1C7:java.util.concurrent.CompletableFuture@434d186d[Not completed]
2023-09-15 05:01:47,801 [ddd75f10-d1e9-4189-b9ef-e4896743935a-groupManagement] INFO  server.RaftServer$Division (RaftServerImpl.java:<init>(198)) - ddd75f10-d1e9-4189-b9ef-e4896743935a: new RaftServerImpl for group-EB771131E1C7:[0a6fa645-f909-40e7-9d0d-0c6da806ec87|rpc:10.1.0.24:15041|admin:10.1.0.24:15040|client:10.1.0.24:15039|dataStream:10.1.0.24:15042|priority:0|startupRole:FOLLOWER, ddd75f10-d1e9-4189-b9ef-e4896743935a|rpc:10.1.0.24:15059|admin:10.1.0.24:15058|client:10.1.0.24:15057|dataStream:10.1.0.24:15060|priority:1|startupRole:FOLLOWER, 01e3e3a9-29b9-4c52-904d-7d79db62114f|rpc:10.1.0.24:15050|admin:10.1.0.24:15049|client:10.1.0.24:15048|dataStream:10.1.0.24:15051|priority:0|startupRole:FOLLOWER] with ContainerStateMachine:uninitialized
2023-09-15 05:01:47,801 [ddd75f10-d1e9-4189-b9ef-e4896743935a-groupManagement] INFO  server.RaftServerConfigKeys (ConfUtils.java:logGet(46)) - raft.server.rpc.timeout.min = 5s (custom)
2023-09-15 05:01:47,801 [ddd75f10-d1e9-4189-b9ef-e4896743935a-groupManagement] INFO  server.RaftServerConfigKeys (ConfUtils.java:logGet(46)) - raft.server.rpc.timeout.max = 5200ms (custom)
2023-09-15 05:01:47,801 [ddd75f10-d1e9-4189-b9ef-e4896743935a-groupManagement] INFO  server.RaftServerConfigKeys (ConfUtils.java:logGet(46)) - raft.server.rpc.sleep.time = 25ms (default)
2023-09-15 05:01:47,801 [ddd75f10-d1e9-4189-b9ef-e4896743935a-groupManagement] INFO  server.RaftServerConfigKeys (ConfUtils.java:logGet(46)) - raft.server.rpc.slowness.timeout = 300s (custom)
2023-09-15 05:01:47,801 [ddd75f10-d1e9-4189-b9ef-e4896743935a-groupManagement] INFO  server.RaftServerConfigKeys (ConfUtils.java:logGet(46)) - raft.server.leaderelection.leader.step-down.wait-time = 10s (default)
2023-09-15 05:01:47,801 [ddd75f10-d1e9-4189-b9ef-e4896743935a-groupManagement] INFO  server.RaftServerConfigKeys (ConfUtils.java:logGet(46)) - raft.server.sleep.deviation.threshold = 300ms (default)
2023-09-15 05:01:47,801 [ddd75f10-d1e9-4189-b9ef-e4896743935a-groupManagement] INFO  server.RaftServer$Division (ServerState.java:<init>(120)) - ddd75f10-d1e9-4189-b9ef-e4896743935a@group-EB771131E1C7: ConfigurationManager, init=-1: peers:[0a6fa645-f909-40e7-9d0d-0c6da806ec87|rpc:10.1.0.24:15041|admin:10.1.0.24:15040|client:10.1.0.24:15039|dataStream:10.1.0.24:15042|priority:0|startupRole:FOLLOWER, ddd75f10-d1e9-4189-b9ef-e4896743935a|rpc:10.1.0.24:15059|admin:10.1.0.24:15058|client:10.1.0.24:15057|dataStream:10.1.0.24:15060|priority:1|startupRole:FOLLOWER, 01e3e3a9-29b9-4c52-904d-7d79db62114f|rpc:10.1.0.24:15050|admin:10.1.0.24:15049|client:10.1.0.24:15048|dataStream:10.1.0.24:15051|priority:0|startupRole:FOLLOWER]|listeners:[], old=null, confs=<EMPTY_MAP>
2023-09-15 05:01:47,801 [ddd75f10-d1e9-4189-b9ef-e4896743935a-groupManagement] INFO  server.RaftServerConfigKeys (ConfUtils.java:logGet(46)) - raft.server.storage.dir = [/home/runner/work/ozone/ozone/hadoop-ozone/integration-test/target/test-dir/MiniOzoneClusterImpl-0a18362f-1832-4b81-b629-935968d04e12/datanode-5/data/ratis] (custom)
2023-09-15 05:01:47,801 [ddd75f10-d1e9-4189-b9ef-e4896743935a-groupManagement] INFO  server.RaftServerConfigKeys (ConfUtils.java:logGet(46)) - raft.server.log.corruption.policy = EXCEPTION (default)
2023-09-15 05:01:47,801 [ddd75f10-d1e9-4189-b9ef-e4896743935a-groupManagement] INFO  server.RaftServerConfigKeys (ConfUtils.java:logGet(46)) - raft.server.storage.free-space.min = 0MB (=0) (default)
2023-09-15 05:01:47,802 [ddd75f10-d1e9-4189-b9ef-e4896743935a-groupManagement] INFO  server.RaftServerConfigKeys (ConfUtils.java:logGet(46)) - raft.server.notification.no-leader.timeout = 300s (custom)
2023-09-15 05:01:47,802 [ddd75f10-d1e9-4189-b9ef-e4896743935a-groupManagement] INFO  server.RaftServerConfigKeys (ConfUtils.java:logGet(46)) - raft.server.read.timeout = 10s (default)
2023-09-15 05:01:47,802 [ddd75f10-d1e9-4189-b9ef-e4896743935a-groupManagement] INFO  server.RaftServerConfigKeys (ConfUtils.java:logGet(46)) - raft.server.retrycache.expirytime = 600000ms (custom)
2023-09-15 05:01:47,802 [ddd75f10-d1e9-4189-b9ef-e4896743935a-groupManagement] INFO  server.RaftServerConfigKeys (ConfUtils.java:logGet(46)) - raft.server.retrycache.statistics.expirytime = 100μs (default)
2023-09-15 05:01:47,802 [ddd75f10-d1e9-4189-b9ef-e4896743935a-groupManagement] INFO  server.RaftServerConfigKeys (ConfUtils.java:logGet(46)) - raft.server.read.option = DEFAULT (default)
2023-09-15 05:01:47,803 [ddd75f10-d1e9-4189-b9ef-e4896743935a-groupManagement] INFO  server.RaftServerConfigKeys (ConfUtils.java:logGet(46)) - raft.server.rpc.request.timeout = 60s (custom)
2023-09-15 05:01:47,804 [ddd75f10-d1e9-4189-b9ef-e4896743935a-groupManagement] INFO  server.RaftServerConfigKeys (ConfUtils.java:logGet(46)) - raft.server.log.appender.install.snapshot.enabled = false (custom)
2023-09-15 05:01:47,804 [ddd75f10-d1e9-4189-b9ef-e4896743935a-groupManagement] INFO  server.RaftServerConfigKeys (ConfUtils.java:logGet(46)) - raft.server.threadpool.server.cached = true (default)
2023-09-15 05:01:47,804 [ddd75f10-d1e9-4189-b9ef-e4896743935a-groupManagement] INFO  server.RaftServerConfigKeys (ConfUtils.java:logGet(46)) - raft.server.threadpool.server.size = 0 (default)
2023-09-15 05:01:47,804 [ddd75f10-d1e9-4189-b9ef-e4896743935a-groupManagement] INFO  server.RaftServerConfigKeys (ConfUtils.java:logGet(46)) - raft.server.threadpool.client.cached = true (default)
2023-09-15 05:01:47,804 [ddd75f10-d1e9-4189-b9ef-e4896743935a-groupManagement] INFO  server.RaftServerConfigKeys (ConfUtils.java:logGet(46)) - raft.server.threadpool.client.size = 0 (default)
2023-09-15 05:01:47,804 [ddd75f10-d1e9-4189-b9ef-e4896743935a-groupManagement] INFO  storage.RaftStorageDirectory (RaftStorageDirectoryImpl.java:analyzeStorage(137)) - The storage directory /home/runner/work/ozone/ozone/hadoop-ozone/integration-test/target/test-dir/MiniOzoneClusterImpl-0a18362f-1832-4b81-b629-935968d04e12/datanode-5/data/ratis/cb8f184f-730b-4bd6-b6c0-eb771131e1c7 does not exist. Creating ...
2023-09-15 05:01:47,805 [ddd75f10-d1e9-4189-b9ef-e4896743935a-groupManagement] INFO  storage.RaftStorageDirectory (RaftStorageDirectoryImpl.java:tryLock(231)) - Lock on /home/runner/work/ozone/ozone/hadoop-ozone/integration-test/target/test-dir/MiniOzoneClusterImpl-0a18362f-1832-4b81-b629-935968d04e12/datanode-5/data/ratis/cb8f184f-730b-4bd6-b6c0-eb771131e1c7/in_use.lock acquired by nodename 87703@fv-az371-27
2023-09-15 05:01:47,806 [ddd75f10-d1e9-4189-b9ef-e4896743935a-groupManagement] INFO  storage.RaftStorage (RaftStorageImpl.java:format(96)) - Storage directory /home/runner/work/ozone/ozone/hadoop-ozone/integration-test/target/test-dir/MiniOzoneClusterImpl-0a18362f-1832-4b81-b629-935968d04e12/datanode-5/data/ratis/cb8f184f-730b-4bd6-b6c0-eb771131e1c7 has been successfully formatted.
2023-09-15 05:01:47,809 [ddd75f10-d1e9-4189-b9ef-e4896743935a-groupManagement] INFO  ratis.ContainerStateMachine (ContainerStateMachine.java:loadSnapshot(262)) - group-EB771131E1C7: The snapshot info is null. Setting the last applied indexto:(t:0, i:~)
2023-09-15 05:01:47,809 [ddd75f10-d1e9-4189-b9ef-e4896743935a-groupManagement] INFO  server.RaftServerConfigKeys (ConfUtils.java:logGet(46)) - raft.server.log.use.memory = false (default)
2023-09-15 05:01:47,809 [ddd75f10-d1e9-4189-b9ef-e4896743935a-groupManagement] INFO  server.RaftServerConfigKeys (ConfUtils.java:logGet(46)) - raft.server.log.purge.gap = 1000000 (custom)
2023-09-15 05:01:47,809 [ddd75f10-d1e9-4189-b9ef-e4896743935a-groupManagement] INFO  server.RaftServerConfigKeys (ConfUtils.java:logGet(46)) - raft.server.log.appender.buffer.byte-limit = 33554432 (custom)
2023-09-15 05:01:47,809 [ddd75f10-d1e9-4189-b9ef-e4896743935a-groupManagement] INFO  server.RaftServerConfigKeys (ConfUtils.java:logGet(46)) - raft.server.log.statemachine.data.read.timeout = 1000ms (default)
2023-09-15 05:01:47,809 [ddd75f10-d1e9-4189-b9ef-e4896743935a-groupManagement] INFO  server.RaftServerConfigKeys (ConfUtils.java:logGet(46)) - raft.server.log.purge.preservation.log.num = 0 (default)
2023-09-15 05:01:47,809 [ddd75f10-d1e9-4189-b9ef-e4896743935a-groupManagement] INFO  server.RaftServerConfigKeys (ConfUtils.java:logGet(46)) - raft.server.log.segment.size.max = 1048576 (custom)
2023-09-15 05:01:47,810 [ddd75f10-d1e9-4189-b9ef-e4896743935a-groupManagement] INFO  server.RaftServerConfigKeys (ConfUtils.java:logGet(46)) - raft.server.log.segment.cache.num.max = 2 (custom)
2023-09-15 05:01:47,810 [ddd75f10-d1e9-4189-b9ef-e4896743935a-groupManagement] INFO  server.RaftServerConfigKeys (ConfUtils.java:logGet(46)) - raft.server.log.segment.cache.size.max = 200MB (=209715200) (default)
2023-09-15 05:01:47,811 [ddd75f10-d1e9-4189-b9ef-e4896743935a-groupManagement] INFO  server.RaftServerConfigKeys (ConfUtils.java:logGet(46)) - raft.server.log.appender.buffer.byte-limit = 33554432 (custom)
2023-09-15 05:01:47,811 [ddd75f10-d1e9-4189-b9ef-e4896743935a-groupManagement] INFO  segmented.SegmentedRaftLogWorker (SegmentedRaftLogWorker.java:<init>(188)) - new ddd75f10-d1e9-4189-b9ef-e4896743935a@group-EB771131E1C7-SegmentedRaftLogWorker for RaftStorageImpl:Storage Directory /home/runner/work/ozone/ozone/hadoop-ozone/integration-test/target/test-dir/MiniOzoneClusterImpl-0a18362f-1832-4b81-b629-935968d04e12/datanode-5/data/ratis/cb8f184f-730b-4bd6-b6c0-eb771131e1c7
2023-09-15 05:01:47,811 [ddd75f10-d1e9-4189-b9ef-e4896743935a-groupManagement] INFO  server.RaftServerConfigKeys (ConfUtils.java:logGet(46)) - raft.server.log.queue.byte-limit = 4294967296 (custom)
2023-09-15 05:01:47,811 [ddd75f10-d1e9-4189-b9ef-e4896743935a-groupManagement] INFO  server.RaftServerConfigKeys (ConfUtils.java:logGet(46)) - raft.server.log.queue.element-limit = 1024 (custom)
2023-09-15 05:01:47,811 [ddd75f10-d1e9-4189-b9ef-e4896743935a-groupManagement] INFO  server.RaftServerConfigKeys (ConfUtils.java:logGet(46)) - raft.server.log.segment.size.max = 1048576 (custom)
2023-09-15 05:01:47,811 [ddd75f10-d1e9-4189-b9ef-e4896743935a-groupManagement] INFO  server.RaftServerConfigKeys (ConfUtils.java:logGet(46)) - raft.server.log.preallocated.size = 16384 (custom)
2023-09-15 05:01:47,811 [ddd75f10-d1e9-4189-b9ef-e4896743935a-groupManagement] INFO  server.RaftServerConfigKeys (ConfUtils.java:logGet(46)) - raft.server.log.force.sync.num = 128 (default)
2023-09-15 05:01:47,811 [ddd75f10-d1e9-4189-b9ef-e4896743935a-groupManagement] INFO  server.RaftServerConfigKeys (ConfUtils.java:logGet(46)) - raft.server.log.statemachine.data.sync = true (default)
2023-09-15 05:01:47,811 [ddd75f10-d1e9-4189-b9ef-e4896743935a-groupManagement] INFO  server.RaftServerConfigKeys (ConfUtils.java:logGet(46)) - raft.server.log.statemachine.data.sync.timeout = 10s (default)
2023-09-15 05:01:47,811 [ddd75f10-d1e9-4189-b9ef-e4896743935a-groupManagement] INFO  server.RaftServerConfigKeys (ConfUtils.java:logGet(46)) - raft.server.log.statemachine.data.sync.timeout.retry = -1 (default)
2023-09-15 05:01:47,815 [ddd75f10-d1e9-4189-b9ef-e4896743935a-groupManagement] INFO  server.RaftServerConfigKeys (ConfUtils.java:logGet(46)) - raft.server.log.write.buffer.size = 1048576 (custom)
2023-09-15 05:01:47,816 [ddd75f10-d1e9-4189-b9ef-e4896743935a-groupManagement] INFO  server.RaftServerConfigKeys (ConfUtils.java:logGet(46)) - raft.server.log.appender.buffer.byte-limit = 33554432 (custom)
2023-09-15 05:01:48,203 [main] INFO  ozone.MiniOzoneClusterImpl (MiniOzoneClusterImpl.java:lambda$waitForClusterToBeReady$0(224)) - Nodes are ready. Got 10 of 10 DN Heartbeats.
2023-09-15 05:01:48,223 [main] INFO  ozone.MiniOzoneClusterImpl (MiniOzoneClusterImpl.java:lambda$waitForClusterToBeReady$0(227)) - Waiting for cluster to exit safe mode
2023-09-15 05:01:48,223 [main] INFO  ozone.MiniOzoneClusterImpl (MiniOzoneClusterImpl.java:lambda$waitForClusterToBeReady$0(229)) - SCM became leader
2023-09-15 05:01:48,221 [ddd75f10-d1e9-4189-b9ef-e4896743935a-groupManagement] INFO  server.RaftServerConfigKeys (ConfUtils.java:logGet(46)) - raft.server.log.unsafe-flush.enabled = false (default)
2023-09-15 05:01:48,211 [JvmPauseMonitor10] WARN  util.JvmPauseMonitor (JvmPauseMonitor.java:detectPause(124)) - JvmPauseMonitor-ba5cf16e-7b97-4e1d-8791-bccb4873d66e: Detected pause in JVM or host machine approximately 0.368s with 0.386s GC time.
GC pool 'PS MarkSweep' had collection(s): count=1 time=241ms
GC pool 'PS Scavenge' had collection(s): count=1 time=145ms
2023-09-15 05:01:48,211 [JvmPauseMonitor2] WARN  util.JvmPauseMonitor (JvmPauseMonitor.java:detectPause(124)) - JvmPauseMonitor-3b898b8b-8841-452f-b538-8e8d26c8d287: Detected pause in JVM or host machine approximately 0.357s with 0.386s GC time.
GC pool 'PS MarkSweep' had collection(s): count=1 time=241ms
GC pool 'PS Scavenge' had collection(s): count=1 time=145ms
2023-09-15 05:01:48,223 [ddd75f10-d1e9-4189-b9ef-e4896743935a-groupManagement] INFO  server.RaftServerConfigKeys (ConfUtils.java:logGet(46)) - raft.server.log.async-flush.enabled = false (default)
2023-09-15 05:01:48,223 [ddd75f10-d1e9-4189-b9ef-e4896743935a-groupManagement] INFO  server.RaftServerConfigKeys (ConfUtils.java:logGet(46)) - raft.server.log.statemachine.data.caching.enabled = true (custom)
2023-09-15 05:01:48,224 [ddd75f10-d1e9-4189-b9ef-e4896743935a-groupManagement] INFO  segmented.SegmentedRaftLogWorker (SegmentedRaftLogWorker.java:lambda$new$0(135)) - ddd75f10-d1e9-4189-b9ef-e4896743935a@group-EB771131E1C7-SegmentedRaftLogWorker: flushIndex: setUnconditionally 0 -> -1
2023-09-15 05:01:48,224 [ddd75f10-d1e9-4189-b9ef-e4896743935a-groupManagement] INFO  segmented.SegmentedRaftLogWorker (SegmentedRaftLogWorker.java:lambda$new$0(135)) - ddd75f10-d1e9-4189-b9ef-e4896743935a@group-EB771131E1C7-SegmentedRaftLogWorker: safeCacheEvictIndex: setUnconditionally 0 -> -1
2023-09-15 05:01:48,209 [PipelineCommandHandlerThread-0] INFO  server.RaftServer (RaftServerProxy.java:addNew(98)) - 01e3e3a9-29b9-4c52-904d-7d79db62114f: addNew group-13677EBC315B:[01e3e3a9-29b9-4c52-904d-7d79db62114f|rpc:10.1.0.24:15050|admin:10.1.0.24:15049|client:10.1.0.24:15048|dataStream:10.1.0.24:15051|priority:1|startupRole:FOLLOWER] returns group-13677EBC315B:java.util.concurrent.CompletableFuture@1157668b[Not completed]
2023-09-15 05:01:48,209 [01e3e3a9-29b9-4c52-904d-7d79db62114f-groupManagement] INFO  server.RaftServer$Division (RaftServerImpl.java:<init>(198)) - 01e3e3a9-29b9-4c52-904d-7d79db62114f: new RaftServerImpl for group-13677EBC315B:[01e3e3a9-29b9-4c52-904d-7d79db62114f|rpc:10.1.0.24:15050|admin:10.1.0.24:15049|client:10.1.0.24:15048|dataStream:10.1.0.24:15051|priority:1|startupRole:FOLLOWER] with ContainerStateMachine:uninitialized
2023-09-15 05:01:48,206 [JvmPauseMonitor3] WARN  util.JvmPauseMonitor (JvmPauseMonitor.java:detectPause(124)) - JvmPauseMonitor-dd1e58ff-ca4a-47cb-ae71-8fc517aad200: Detected pause in JVM or host machine approximately 0.296s with 0.386s GC time.
GC pool 'PS MarkSweep' had collection(s): count=1 time=241ms
GC pool 'PS Scavenge' had collection(s): count=1 time=145ms
2023-09-15 05:01:48,206 [JvmPauseMonitor8] WARN  util.JvmPauseMonitor (JvmPauseMonitor.java:detectPause(124)) - JvmPauseMonitor-49835f94-14b4-44df-a6e0-f69154e42310: Detected pause in JVM or host machine approximately 0.179s with 0.386s GC time.
GC pool 'PS MarkSweep' had collection(s): count=1 time=241ms
GC pool 'PS Scavenge' had collection(s): count=1 time=145ms
2023-09-15 05:01:48,206 [JvmPauseMonitor9] WARN  util.JvmPauseMonitor (JvmPauseMonitor.java:detectPause(124)) - JvmPauseMonitor-386b2284-1126-4572-992a-9634c883c70a: Detected pause in JVM or host machine approximately 0.258s with 0.386s GC time.
GC pool 'PS MarkSweep' had collection(s): count=1 time=241ms
GC pool 'PS Scavenge' had collection(s): count=1 time=145ms
2023-09-15 05:01:48,224 [ddd75f10-d1e9-4189-b9ef-e4896743935a-groupManagement] INFO  server.RaftServer$Division (RaftServerImpl.java:start(342)) - ddd75f10-d1e9-4189-b9ef-e4896743935a@group-EB771131E1C7: start as a follower, conf=-1: peers:[0a6fa645-f909-40e7-9d0d-0c6da806ec87|rpc:10.1.0.24:15041|admin:10.1.0.24:15040|client:10.1.0.24:15039|dataStream:10.1.0.24:15042|priority:0|startupRole:FOLLOWER, ddd75f10-d1e9-4189-b9ef-e4896743935a|rpc:10.1.0.24:15059|admin:10.1.0.24:15058|client:10.1.0.24:15057|dataStream:10.1.0.24:15060|priority:1|startupRole:FOLLOWER, 01e3e3a9-29b9-4c52-904d-7d79db62114f|rpc:10.1.0.24:15050|admin:10.1.0.24:15049|client:10.1.0.24:15048|dataStream:10.1.0.24:15051|priority:0|startupRole:FOLLOWER]|listeners:[], old=null
2023-09-15 05:01:48,205 [JvmPauseMonitor7] WARN  util.JvmPauseMonitor (JvmPauseMonitor.java:detectPause(124)) - JvmPauseMonitor-ddd75f10-d1e9-4189-b9ef-e4896743935a: Detected pause in JVM or host machine approximately 0.288s with 0.386s GC time.
GC pool 'PS MarkSweep' had collection(s): count=1 time=241ms
GC pool 'PS Scavenge' had collection(s): count=1 time=145ms
2023-09-15 05:01:48,205 [JvmPauseMonitor6] WARN  util.JvmPauseMonitor (JvmPauseMonitor.java:detectPause(124)) - JvmPauseMonitor-01e3e3a9-29b9-4c52-904d-7d79db62114f: Detected pause in JVM or host machine approximately 0.244s with 0.386s GC time.
GC pool 'PS MarkSweep' had collection(s): count=1 time=241ms
GC pool 'PS Scavenge' had collection(s): count=1 time=145ms
2023-09-15 05:01:48,233 [ddd75f10-d1e9-4189-b9ef-e4896743935a-groupManagement] INFO  server.RaftServer$Division (RaftServerImpl.java:setRole(329)) - ddd75f10-d1e9-4189-b9ef-e4896743935a@group-EB771131E1C7: changes role from      null to FOLLOWER at term 0 for startAsFollower
2023-09-15 05:01:48,224 [01e3e3a9-29b9-4c52-904d-7d79db62114f-groupManagement] INFO  server.RaftServerConfigKeys (ConfUtils.java:logGet(46)) - raft.server.rpc.timeout.min = 5s (custom)
2023-09-15 05:01:48,238 [01e3e3a9-29b9-4c52-904d-7d79db62114f-groupManagement] INFO  server.RaftServerConfigKeys (ConfUtils.java:logGet(46)) - raft.server.rpc.timeout.max = 5200ms (custom)
2023-09-15 05:01:48,238 [01e3e3a9-29b9-4c52-904d-7d79db62114f-groupManagement] INFO  server.RaftServerConfigKeys (ConfUtils.java:logGet(46)) - raft.server.rpc.sleep.time = 25ms (default)
2023-09-15 05:01:48,238 [01e3e3a9-29b9-4c52-904d-7d79db62114f-groupManagement] INFO  server.RaftServerConfigKeys (ConfUtils.java:logGet(46)) - raft.server.rpc.slowness.timeout = 300s (custom)
2023-09-15 05:01:48,238 [01e3e3a9-29b9-4c52-904d-7d79db62114f-groupManagement] INFO  server.RaftServerConfigKeys (ConfUtils.java:logGet(46)) - raft.server.leaderelection.leader.step-down.wait-time = 10s (default)
2023-09-15 05:01:48,238 [01e3e3a9-29b9-4c52-904d-7d79db62114f-groupManagement] INFO  server.RaftServerConfigKeys (ConfUtils.java:logGet(46)) - raft.server.sleep.deviation.threshold = 300ms (default)
2023-09-15 05:01:48,238 [01e3e3a9-29b9-4c52-904d-7d79db62114f-groupManagement] INFO  server.RaftServer$Division (ServerState.java:<init>(120)) - 01e3e3a9-29b9-4c52-904d-7d79db62114f@group-13677EBC315B: ConfigurationManager, init=-1: peers:[01e3e3a9-29b9-4c52-904d-7d79db62114f|rpc:10.1.0.24:15050|admin:10.1.0.24:15049|client:10.1.0.24:15048|dataStream:10.1.0.24:15051|priority:1|startupRole:FOLLOWER]|listeners:[], old=null, confs=<EMPTY_MAP>
2023-09-15 05:01:48,239 [01e3e3a9-29b9-4c52-904d-7d79db62114f-groupManagement] INFO  server.RaftServerConfigKeys (ConfUtils.java:logGet(46)) - raft.server.storage.dir = [/home/runner/work/ozone/ozone/hadoop-ozone/integration-test/target/test-dir/MiniOzoneClusterImpl-0a18362f-1832-4b81-b629-935968d04e12/datanode-4/data/ratis] (custom)
2023-09-15 05:01:48,239 [01e3e3a9-29b9-4c52-904d-7d79db62114f-groupManagement] INFO  server.RaftServerConfigKeys (ConfUtils.java:logGet(46)) - raft.server.log.corruption.policy = EXCEPTION (default)
2023-09-15 05:01:48,239 [01e3e3a9-29b9-4c52-904d-7d79db62114f-groupManagement] INFO  server.RaftServerConfigKeys (ConfUtils.java:logGet(46)) - raft.server.storage.free-space.min = 0MB (=0) (default)
2023-09-15 05:01:48,239 [01e3e3a9-29b9-4c52-904d-7d79db62114f-groupManagement] INFO  server.RaftServerConfigKeys (ConfUtils.java:logGet(46)) - raft.server.notification.no-leader.timeout = 300s (custom)
2023-09-15 05:01:48,239 [01e3e3a9-29b9-4c52-904d-7d79db62114f-groupManagement] INFO  server.RaftServerConfigKeys (ConfUtils.java:logGet(46)) - raft.server.read.timeout = 10s (default)
2023-09-15 05:01:48,239 [01e3e3a9-29b9-4c52-904d-7d79db62114f-groupManagement] INFO  server.RaftServerConfigKeys (ConfUtils.java:logGet(46)) - raft.server.retrycache.expirytime = 600000ms (custom)
2023-09-15 05:01:48,239 [01e3e3a9-29b9-4c52-904d-7d79db62114f-groupManagement] INFO  server.RaftServerConfigKeys (ConfUtils.java:logGet(46)) - raft.server.retrycache.statistics.expirytime = 100μs (default)
2023-09-15 05:01:48,239 [01e3e3a9-29b9-4c52-904d-7d79db62114f-groupManagement] INFO  server.RaftServerConfigKeys (ConfUtils.java:logGet(46)) - raft.server.read.option = DEFAULT (default)
2023-09-15 05:01:48,241 [01e3e3a9-29b9-4c52-904d-7d79db62114f-groupManagement] INFO  server.RaftServerConfigKeys (ConfUtils.java:logGet(46)) - raft.server.rpc.request.timeout = 60s (custom)
2023-09-15 05:01:48,241 [01e3e3a9-29b9-4c52-904d-7d79db62114f-groupManagement] INFO  server.RaftServerConfigKeys (ConfUtils.java:logGet(46)) - raft.server.log.appender.install.snapshot.enabled = false (custom)
2023-09-15 05:01:48,241 [01e3e3a9-29b9-4c52-904d-7d79db62114f-groupManagement] INFO  server.RaftServerConfigKeys (ConfUtils.java:logGet(46)) - raft.server.threadpool.server.cached = true (default)
2023-09-15 05:01:48,241 [01e3e3a9-29b9-4c52-904d-7d79db62114f-groupManagement] INFO  server.RaftServerConfigKeys (ConfUtils.java:logGet(46)) - raft.server.threadpool.server.size = 0 (default)
2023-09-15 05:01:48,241 [01e3e3a9-29b9-4c52-904d-7d79db62114f-groupManagement] INFO  server.RaftServerConfigKeys (ConfUtils.java:logGet(46)) - raft.server.threadpool.client.cached = true (default)
2023-09-15 05:01:48,241 [01e3e3a9-29b9-4c52-904d-7d79db62114f-groupManagement] INFO  server.RaftServerConfigKeys (ConfUtils.java:logGet(46)) - raft.server.threadpool.client.size = 0 (default)
2023-09-15 05:01:48,241 [01e3e3a9-29b9-4c52-904d-7d79db62114f-groupManagement] INFO  storage.RaftStorageDirectory (RaftStorageDirectoryImpl.java:analyzeStorage(137)) - The storage directory /home/runner/work/ozone/ozone/hadoop-ozone/integration-test/target/test-dir/MiniOzoneClusterImpl-0a18362f-1832-4b81-b629-935968d04e12/datanode-4/data/ratis/0280702e-c921-48d2-88bf-13677ebc315b does not exist. Creating ...
2023-09-15 05:01:48,242 [ddd75f10-d1e9-4189-b9ef-e4896743935a-groupManagement] INFO  impl.RoleInfo (RoleInfo.java:updateAndGet(139)) - ddd75f10-d1e9-4189-b9ef-e4896743935a: start ddd75f10-d1e9-4189-b9ef-e4896743935a@group-EB771131E1C7-FollowerState
2023-09-15 05:01:48,242 [ddd75f10-d1e9-4189-b9ef-e4896743935a-groupManagement] INFO  util.JmxRegister (JmxRegister.java:tryRegister(44)) - Successfully registered JMX Bean with object name Ratis:service=RaftServer,group=group-EB771131E1C7,id=ddd75f10-d1e9-4189-b9ef-e4896743935a
2023-09-15 05:01:48,242 [ddd75f10-d1e9-4189-b9ef-e4896743935a@group-EB771131E1C7-FollowerState] INFO  server.RaftServerConfigKeys (ConfUtils.java:logFallback(53)) - raft.server.rpc.first-election.timeout.min = 5s (fallback to raft.server.rpc.timeout.min)
2023-09-15 05:01:48,242 [ddd75f10-d1e9-4189-b9ef-e4896743935a-groupManagement] INFO  server.RaftServerConfigKeys (ConfUtils.java:logGet(46)) - raft.server.snapshot.auto.trigger.enabled = true (custom)
2023-09-15 05:01:48,242 [ddd75f10-d1e9-4189-b9ef-e4896743935a@group-EB771131E1C7-FollowerState] INFO  server.RaftServerConfigKeys (ConfUtils.java:logFallback(53)) - raft.server.rpc.first-election.timeout.max = 5200ms (fallback to raft.server.rpc.timeout.max)
2023-09-15 05:01:48,242 [ddd75f10-d1e9-4189-b9ef-e4896743935a-groupManagement] INFO  server.RaftServerConfigKeys (ConfUtils.java:logGet(46)) - raft.server.snapshot.auto.trigger.threshold = 10000 (custom)
2023-09-15 05:01:48,242 [ddd75f10-d1e9-4189-b9ef-e4896743935a-groupManagement] INFO  server.RaftServerConfigKeys (ConfUtils.java:logGet(46)) - raft.server.snapshot.retention.file.num = 5 (custom)
2023-09-15 05:01:48,243 [ddd75f10-d1e9-4189-b9ef-e4896743935a-groupManagement] INFO  server.RaftServerConfigKeys (ConfUtils.java:logGet(46)) - raft.server.log.purge.upto.snapshot.index = false (default)
2023-09-15 05:01:48,242 [01e3e3a9-29b9-4c52-904d-7d79db62114f-groupManagement] INFO  storage.RaftStorageDirectory (RaftStorageDirectoryImpl.java:tryLock(231)) - Lock on /home/runner/work/ozone/ozone/hadoop-ozone/integration-test/target/test-dir/MiniOzoneClusterImpl-0a18362f-1832-4b81-b629-935968d04e12/datanode-4/data/ratis/0280702e-c921-48d2-88bf-13677ebc315b/in_use.lock acquired by nodename 87703@fv-az371-27
2023-09-15 05:01:48,245 [01e3e3a9-29b9-4c52-904d-7d79db62114f-groupManagement] INFO  storage.RaftStorage (RaftStorageImpl.java:format(96)) - Storage directory /home/runner/work/ozone/ozone/hadoop-ozone/integration-test/target/test-dir/MiniOzoneClusterImpl-0a18362f-1832-4b81-b629-935968d04e12/datanode-4/data/ratis/0280702e-c921-48d2-88bf-13677ebc315b has been successfully formatted.
2023-09-15 05:01:48,255 [01e3e3a9-29b9-4c52-904d-7d79db62114f-groupManagement] INFO  ratis.ContainerStateMachine (ContainerStateMachine.java:loadSnapshot(262)) - group-13677EBC315B: The snapshot info is null. Setting the last applied indexto:(t:0, i:~)
2023-09-15 05:01:48,255 [01e3e3a9-29b9-4c52-904d-7d79db62114f-groupManagement] INFO  server.RaftServerConfigKeys (ConfUtils.java:logGet(46)) - raft.server.log.use.memory = false (default)
2023-09-15 05:01:48,255 [01e3e3a9-29b9-4c52-904d-7d79db62114f-groupManagement] INFO  server.RaftServerConfigKeys (ConfUtils.java:logGet(46)) - raft.server.log.purge.gap = 1000000 (custom)
2023-09-15 05:01:48,255 [01e3e3a9-29b9-4c52-904d-7d79db62114f-groupManagement] INFO  server.RaftServerConfigKeys (ConfUtils.java:logGet(46)) - raft.server.log.appender.buffer.byte-limit = 33554432 (custom)
2023-09-15 05:01:48,255 [01e3e3a9-29b9-4c52-904d-7d79db62114f-groupManagement] INFO  server.RaftServerConfigKeys (ConfUtils.java:logGet(46)) - raft.server.log.statemachine.data.read.timeout = 1000ms (default)
2023-09-15 05:01:48,255 [01e3e3a9-29b9-4c52-904d-7d79db62114f-groupManagement] INFO  server.RaftServerConfigKeys (ConfUtils.java:logGet(46)) - raft.server.log.purge.preservation.log.num = 0 (default)
2023-09-15 05:01:48,256 [01e3e3a9-29b9-4c52-904d-7d79db62114f-groupManagement] INFO  server.RaftServerConfigKeys (ConfUtils.java:logGet(46)) - raft.server.log.segment.size.max = 1048576 (custom)
2023-09-15 05:01:48,256 [01e3e3a9-29b9-4c52-904d-7d79db62114f-groupManagement] INFO  server.RaftServerConfigKeys (ConfUtils.java:logGet(46)) - raft.server.log.segment.cache.num.max = 2 (custom)
2023-09-15 05:01:48,256 [01e3e3a9-29b9-4c52-904d-7d79db62114f-groupManagement] INFO  server.RaftServerConfigKeys (ConfUtils.java:logGet(46)) - raft.server.log.segment.cache.size.max = 200MB (=209715200) (default)
2023-09-15 05:01:48,256 [01e3e3a9-29b9-4c52-904d-7d79db62114f-groupManagement] INFO  server.RaftServerConfigKeys (ConfUtils.java:logGet(46)) - raft.server.log.appender.buffer.byte-limit = 33554432 (custom)
2023-09-15 05:01:48,256 [01e3e3a9-29b9-4c52-904d-7d79db62114f-groupManagement] INFO  segmented.SegmentedRaftLogWorker (SegmentedRaftLogWorker.java:<init>(188)) - new 01e3e3a9-29b9-4c52-904d-7d79db62114f@group-13677EBC315B-SegmentedRaftLogWorker for RaftStorageImpl:Storage Directory /home/runner/work/ozone/ozone/hadoop-ozone/integration-test/target/test-dir/MiniOzoneClusterImpl-0a18362f-1832-4b81-b629-935968d04e12/datanode-4/data/ratis/0280702e-c921-48d2-88bf-13677ebc315b
2023-09-15 05:01:48,256 [01e3e3a9-29b9-4c52-904d-7d79db62114f-groupManagement] INFO  server.RaftServerConfigKeys (ConfUtils.java:logGet(46)) - raft.server.log.queue.byte-limit = 4294967296 (custom)
2023-09-15 05:01:48,256 [01e3e3a9-29b9-4c52-904d-7d79db62114f-groupManagement] INFO  server.RaftServerConfigKeys (ConfUtils.java:logGet(46)) - raft.server.log.queue.element-limit = 1024 (custom)
2023-09-15 05:01:48,256 [01e3e3a9-29b9-4c52-904d-7d79db62114f-groupManagement] INFO  server.RaftServerConfigKeys (ConfUtils.java:logGet(46)) - raft.server.log.segment.size.max = 1048576 (custom)
2023-09-15 05:01:48,256 [01e3e3a9-29b9-4c52-904d-7d79db62114f-groupManagement] INFO  server.RaftServerConfigKeys (ConfUtils.java:logGet(46)) - raft.server.log.preallocated.size = 16384 (custom)
2023-09-15 05:01:48,256 [01e3e3a9-29b9-4c52-904d-7d79db62114f-groupManagement] INFO  server.RaftServerConfigKeys (ConfUtils.java:logGet(46)) - raft.server.log.force.sync.num = 128 (default)
2023-09-15 05:01:48,256 [01e3e3a9-29b9-4c52-904d-7d79db62114f-groupManagement] INFO  server.RaftServerConfigKeys (ConfUtils.java:logGet(46)) - raft.server.log.statemachine.data.sync = true (default)
2023-09-15 05:01:48,257 [01e3e3a9-29b9-4c52-904d-7d79db62114f-groupManagement] INFO  server.RaftServerConfigKeys (ConfUtils.java:logGet(46)) - raft.server.log.statemachine.data.sync.timeout = 10s (default)
2023-09-15 05:01:48,257 [01e3e3a9-29b9-4c52-904d-7d79db62114f-groupManagement] INFO  server.RaftServerConfigKeys (ConfUtils.java:logGet(46)) - raft.server.log.statemachine.data.sync.timeout.retry = -1 (default)
2023-09-15 05:01:48,257 [01e3e3a9-29b9-4c52-904d-7d79db62114f-groupManagement] INFO  server.RaftServerConfigKeys (ConfUtils.java:logGet(46)) - raft.server.log.write.buffer.size = 1048576 (custom)
2023-09-15 05:01:48,258 [01e3e3a9-29b9-4c52-904d-7d79db62114f-groupManagement] INFO  server.RaftServerConfigKeys (ConfUtils.java:logGet(46)) - raft.server.log.appender.buffer.byte-limit = 33554432 (custom)
2023-09-15 05:01:48,265 [EventQueue-PipelineReportForPipelineReportHandler] INFO  pipeline.PipelineReportHandler (PipelineReportHandler.java:processPipelineReport(136)) - Opened pipeline PipelineID=0280702e-c921-48d2-88bf-13677ebc315b
2023-09-15 05:01:48,265 [EventQueue-OpenPipelineForHealthyPipelineSafeModeRule] INFO  safemode.SCMSafeModeManager (HealthyPipelineSafeModeRule.java:process(137)) - SCM in safe mode. Healthy pipelines reported count is 0, required healthy pipeline reported count is 1
2023-09-15 05:01:48,279 [01e3e3a9-29b9-4c52-904d-7d79db62114f-groupManagement] INFO  server.RaftServerConfigKeys (ConfUtils.java:logGet(46)) - raft.server.log.unsafe-flush.enabled = false (default)
2023-09-15 05:01:48,282 [01e3e3a9-29b9-4c52-904d-7d79db62114f-groupManagement] INFO  server.RaftServerConfigKeys (ConfUtils.java:logGet(46)) - raft.server.log.async-flush.enabled = false (default)
2023-09-15 05:01:48,282 [01e3e3a9-29b9-4c52-904d-7d79db62114f-groupManagement] INFO  server.RaftServerConfigKeys (ConfUtils.java:logGet(46)) - raft.server.log.statemachine.data.caching.enabled = true (custom)
2023-09-15 05:01:48,282 [01e3e3a9-29b9-4c52-904d-7d79db62114f-groupManagement] INFO  segmented.SegmentedRaftLogWorker (SegmentedRaftLogWorker.java:lambda$new$0(135)) - 01e3e3a9-29b9-4c52-904d-7d79db62114f@group-13677EBC315B-SegmentedRaftLogWorker: flushIndex: setUnconditionally 0 -> -1
2023-09-15 05:01:48,282 [01e3e3a9-29b9-4c52-904d-7d79db62114f-groupManagement] INFO  segmented.SegmentedRaftLogWorker (SegmentedRaftLogWorker.java:lambda$new$0(135)) - 01e3e3a9-29b9-4c52-904d-7d79db62114f@group-13677EBC315B-SegmentedRaftLogWorker: safeCacheEvictIndex: setUnconditionally 0 -> -1
2023-09-15 05:01:48,282 [01e3e3a9-29b9-4c52-904d-7d79db62114f-groupManagement] INFO  server.RaftServer$Division (RaftServerImpl.java:start(342)) - 01e3e3a9-29b9-4c52-904d-7d79db62114f@group-13677EBC315B: start as a follower, conf=-1: peers:[01e3e3a9-29b9-4c52-904d-7d79db62114f|rpc:10.1.0.24:15050|admin:10.1.0.24:15049|client:10.1.0.24:15048|dataStream:10.1.0.24:15051|priority:1|startupRole:FOLLOWER]|listeners:[], old=null
2023-09-15 05:01:48,282 [01e3e3a9-29b9-4c52-904d-7d79db62114f-groupManagement] INFO  server.RaftServer$Division (RaftServerImpl.java:setRole(329)) - 01e3e3a9-29b9-4c52-904d-7d79db62114f@group-13677EBC315B: changes role from      null to FOLLOWER at term 0 for startAsFollower
2023-09-15 05:01:48,282 [01e3e3a9-29b9-4c52-904d-7d79db62114f-groupManagement] INFO  impl.RoleInfo (RoleInfo.java:updateAndGet(139)) - 01e3e3a9-29b9-4c52-904d-7d79db62114f: start 01e3e3a9-29b9-4c52-904d-7d79db62114f@group-13677EBC315B-FollowerState
2023-09-15 05:01:48,283 [01e3e3a9-29b9-4c52-904d-7d79db62114f-groupManagement] INFO  util.JmxRegister (JmxRegister.java:tryRegister(44)) - Successfully registered JMX Bean with object name Ratis:service=RaftServer,group=group-13677EBC315B,id=01e3e3a9-29b9-4c52-904d-7d79db62114f
2023-09-15 05:01:48,283 [01e3e3a9-29b9-4c52-904d-7d79db62114f-groupManagement] INFO  server.RaftServerConfigKeys (ConfUtils.java:logGet(46)) - raft.server.snapshot.auto.trigger.enabled = true (custom)
2023-09-15 05:01:48,283 [01e3e3a9-29b9-4c52-904d-7d79db62114f-groupManagement] INFO  server.RaftServerConfigKeys (ConfUtils.java:logGet(46)) - raft.server.snapshot.auto.trigger.threshold = 10000 (custom)
2023-09-15 05:01:48,283 [01e3e3a9-29b9-4c52-904d-7d79db62114f-groupManagement] INFO  server.RaftServerConfigKeys (ConfUtils.java:logGet(46)) - raft.server.snapshot.retention.file.num = 5 (custom)
2023-09-15 05:01:48,283 [01e3e3a9-29b9-4c52-904d-7d79db62114f-groupManagement] INFO  server.RaftServerConfigKeys (ConfUtils.java:logGet(46)) - raft.server.log.purge.upto.snapshot.index = false (default)
2023-09-15 05:01:48,284 [01e3e3a9-29b9-4c52-904d-7d79db62114f@group-13677EBC315B-FollowerState] INFO  server.RaftServerConfigKeys (ConfUtils.java:logFallback(53)) - raft.server.rpc.first-election.timeout.min = 5s (fallback to raft.server.rpc.timeout.min)
2023-09-15 05:01:48,285 [01e3e3a9-29b9-4c52-904d-7d79db62114f@group-13677EBC315B-FollowerState] INFO  server.RaftServerConfigKeys (ConfUtils.java:logFallback(53)) - raft.server.rpc.first-election.timeout.max = 5200ms (fallback to raft.server.rpc.timeout.max)
2023-09-15 05:01:48,285 [PipelineCommandHandlerThread-0] INFO  ratis.XceiverServerRatis (XceiverServerRatis.java:addGroup(804)) - Created group PipelineID=0280702e-c921-48d2-88bf-13677ebc315b
2023-09-15 05:01:48,285 [PipelineCommandHandlerThread-0] INFO  commandhandler.CreatePipelineCommandHandler (CreatePipelineCommandHandler.java:lambda$handle$2(124)) - Created Pipeline RATIS ONE PipelineID=0280702e-c921-48d2-88bf-13677ebc315b.
2023-09-15 05:01:48,286 [PipelineCommandHandlerThread-0] INFO  server.RaftServer (RaftServerProxy.java:addNew(98)) - 01e3e3a9-29b9-4c52-904d-7d79db62114f: addNew group-EB771131E1C7:[0a6fa645-f909-40e7-9d0d-0c6da806ec87|rpc:10.1.0.24:15041|admin:10.1.0.24:15040|client:10.1.0.24:15039|dataStream:10.1.0.24:15042|priority:0|startupRole:FOLLOWER, ddd75f10-d1e9-4189-b9ef-e4896743935a|rpc:10.1.0.24:15059|admin:10.1.0.24:15058|client:10.1.0.24:15057|dataStream:10.1.0.24:15060|priority:1|startupRole:FOLLOWER, 01e3e3a9-29b9-4c52-904d-7d79db62114f|rpc:10.1.0.24:15050|admin:10.1.0.24:15049|client:10.1.0.24:15048|dataStream:10.1.0.24:15051|priority:0|startupRole:FOLLOWER] returns group-EB771131E1C7:java.util.concurrent.CompletableFuture@1f908ad1[Not completed]
2023-09-15 05:01:48,289 [01e3e3a9-29b9-4c52-904d-7d79db62114f-groupManagement] INFO  server.RaftServer$Division (RaftServerImpl.java:<init>(198)) - 01e3e3a9-29b9-4c52-904d-7d79db62114f: new RaftServerImpl for group-EB771131E1C7:[0a6fa645-f909-40e7-9d0d-0c6da806ec87|rpc:10.1.0.24:15041|admin:10.1.0.24:15040|client:10.1.0.24:15039|dataStream:10.1.0.24:15042|priority:0|startupRole:FOLLOWER, ddd75f10-d1e9-4189-b9ef-e4896743935a|rpc:10.1.0.24:15059|admin:10.1.0.24:15058|client:10.1.0.24:15057|dataStream:10.1.0.24:15060|priority:1|startupRole:FOLLOWER, 01e3e3a9-29b9-4c52-904d-7d79db62114f|rpc:10.1.0.24:15050|admin:10.1.0.24:15049|client:10.1.0.24:15048|dataStream:10.1.0.24:15051|priority:0|startupRole:FOLLOWER] with ContainerStateMachine:uninitialized
2023-09-15 05:01:48,289 [01e3e3a9-29b9-4c52-904d-7d79db62114f-groupManagement] INFO  server.RaftServerConfigKeys (ConfUtils.java:logGet(46)) - raft.server.rpc.timeout.min = 5s (custom)
2023-09-15 05:01:48,289 [01e3e3a9-29b9-4c52-904d-7d79db62114f-groupManagement] INFO  server.RaftServerConfigKeys (ConfUtils.java:logGet(46)) - raft.server.rpc.timeout.max = 5200ms (custom)
2023-09-15 05:01:48,289 [01e3e3a9-29b9-4c52-904d-7d79db62114f-groupManagement] INFO  server.RaftServerConfigKeys (ConfUtils.java:logGet(46)) - raft.server.rpc.sleep.time = 25ms (default)
2023-09-15 05:01:48,289 [01e3e3a9-29b9-4c52-904d-7d79db62114f-groupManagement] INFO  server.RaftServerConfigKeys (ConfUtils.java:logGet(46)) - raft.server.rpc.slowness.timeout = 300s (custom)
2023-09-15 05:01:48,289 [01e3e3a9-29b9-4c52-904d-7d79db62114f-groupManagement] INFO  server.RaftServerConfigKeys (ConfUtils.java:logGet(46)) - raft.server.leaderelection.leader.step-down.wait-time = 10s (default)
2023-09-15 05:01:48,289 [01e3e3a9-29b9-4c52-904d-7d79db62114f-groupManagement] INFO  server.RaftServerConfigKeys (ConfUtils.java:logGet(46)) - raft.server.sleep.deviation.threshold = 300ms (default)
2023-09-15 05:01:48,289 [01e3e3a9-29b9-4c52-904d-7d79db62114f-groupManagement] INFO  server.RaftServer$Division (ServerState.java:<init>(120)) - 01e3e3a9-29b9-4c52-904d-7d79db62114f@group-EB771131E1C7: ConfigurationManager, init=-1: peers:[0a6fa645-f909-40e7-9d0d-0c6da806ec87|rpc:10.1.0.24:15041|admin:10.1.0.24:15040|client:10.1.0.24:15039|dataStream:10.1.0.24:15042|priority:0|startupRole:FOLLOWER, ddd75f10-d1e9-4189-b9ef-e4896743935a|rpc:10.1.0.24:15059|admin:10.1.0.24:15058|client:10.1.0.24:15057|dataStream:10.1.0.24:15060|priority:1|startupRole:FOLLOWER, 01e3e3a9-29b9-4c52-904d-7d79db62114f|rpc:10.1.0.24:15050|admin:10.1.0.24:15049|client:10.1.0.24:15048|dataStream:10.1.0.24:15051|priority:0|startupRole:FOLLOWER]|listeners:[], old=null, confs=<EMPTY_MAP>
2023-09-15 05:01:48,289 [01e3e3a9-29b9-4c52-904d-7d79db62114f-groupManagement] INFO  server.RaftServerConfigKeys (ConfUtils.java:logGet(46)) - raft.server.storage.dir = [/home/runner/work/ozone/ozone/hadoop-ozone/integration-test/target/test-dir/MiniOzoneClusterImpl-0a18362f-1832-4b81-b629-935968d04e12/datanode-4/data/ratis] (custom)
2023-09-15 05:01:48,289 [01e3e3a9-29b9-4c52-904d-7d79db62114f-groupManagement] INFO  server.RaftServerConfigKeys (ConfUtils.java:logGet(46)) - raft.server.log.corruption.policy = EXCEPTION (default)
2023-09-15 05:01:48,289 [01e3e3a9-29b9-4c52-904d-7d79db62114f-groupManagement] INFO  server.RaftServerConfigKeys (ConfUtils.java:logGet(46)) - raft.server.storage.free-space.min = 0MB (=0) (default)
2023-09-15 05:01:48,290 [01e3e3a9-29b9-4c52-904d-7d79db62114f-groupManagement] INFO  server.RaftServerConfigKeys (ConfUtils.java:logGet(46)) - raft.server.notification.no-leader.timeout = 300s (custom)
2023-09-15 05:01:48,290 [01e3e3a9-29b9-4c52-904d-7d79db62114f-groupManagement] INFO  server.RaftServerConfigKeys (ConfUtils.java:logGet(46)) - raft.server.read.timeout = 10s (default)
2023-09-15 05:01:48,290 [01e3e3a9-29b9-4c52-904d-7d79db62114f-groupManagement] INFO  server.RaftServerConfigKeys (ConfUtils.java:logGet(46)) - raft.server.retrycache.expirytime = 600000ms (custom)
2023-09-15 05:01:48,291 [01e3e3a9-29b9-4c52-904d-7d79db62114f-groupManagement] INFO  server.RaftServerConfigKeys (ConfUtils.java:logGet(46)) - raft.server.retrycache.statistics.expirytime = 100μs (default)
2023-09-15 05:01:48,291 [01e3e3a9-29b9-4c52-904d-7d79db62114f-groupManagement] INFO  server.RaftServerConfigKeys (ConfUtils.java:logGet(46)) - raft.server.read.option = DEFAULT (default)
2023-09-15 05:01:48,293 [01e3e3a9-29b9-4c52-904d-7d79db62114f-groupManagement] INFO  server.RaftServerConfigKeys (ConfUtils.java:logGet(46)) - raft.server.rpc.request.timeout = 60s (custom)
2023-09-15 05:01:48,293 [01e3e3a9-29b9-4c52-904d-7d79db62114f-groupManagement] INFO  server.RaftServerConfigKeys (ConfUtils.java:logGet(46)) - raft.server.log.appender.install.snapshot.enabled = false (custom)
2023-09-15 05:01:48,293 [01e3e3a9-29b9-4c52-904d-7d79db62114f-groupManagement] INFO  server.RaftServerConfigKeys (ConfUtils.java:logGet(46)) - raft.server.threadpool.server.cached = true (default)
2023-09-15 05:01:48,293 [01e3e3a9-29b9-4c52-904d-7d79db62114f-groupManagement] INFO  server.RaftServerConfigKeys (ConfUtils.java:logGet(46)) - raft.server.threadpool.server.size = 0 (default)
2023-09-15 05:01:48,293 [01e3e3a9-29b9-4c52-904d-7d79db62114f-groupManagement] INFO  server.RaftServerConfigKeys (ConfUtils.java:logGet(46)) - raft.server.threadpool.client.cached = true (default)
2023-09-15 05:01:48,293 [01e3e3a9-29b9-4c52-904d-7d79db62114f-groupManagement] INFO  server.RaftServerConfigKeys (ConfUtils.java:logGet(46)) - raft.server.threadpool.client.size = 0 (default)
2023-09-15 05:01:48,293 [01e3e3a9-29b9-4c52-904d-7d79db62114f-groupManagement] INFO  storage.RaftStorageDirectory (RaftStorageDirectoryImpl.java:analyzeStorage(137)) - The storage directory /home/runner/work/ozone/ozone/hadoop-ozone/integration-test/target/test-dir/MiniOzoneClusterImpl-0a18362f-1832-4b81-b629-935968d04e12/datanode-4/data/ratis/cb8f184f-730b-4bd6-b6c0-eb771131e1c7 does not exist. Creating ...
2023-09-15 05:01:48,295 [01e3e3a9-29b9-4c52-904d-7d79db62114f-groupManagement] INFO  storage.RaftStorageDirectory (RaftStorageDirectoryImpl.java:tryLock(231)) - Lock on /home/runner/work/ozone/ozone/hadoop-ozone/integration-test/target/test-dir/MiniOzoneClusterImpl-0a18362f-1832-4b81-b629-935968d04e12/datanode-4/data/ratis/cb8f184f-730b-4bd6-b6c0-eb771131e1c7/in_use.lock acquired by nodename 87703@fv-az371-27
2023-09-15 05:01:48,296 [01e3e3a9-29b9-4c52-904d-7d79db62114f-groupManagement] INFO  storage.RaftStorage (RaftStorageImpl.java:format(96)) - Storage directory /home/runner/work/ozone/ozone/hadoop-ozone/integration-test/target/test-dir/MiniOzoneClusterImpl-0a18362f-1832-4b81-b629-935968d04e12/datanode-4/data/ratis/cb8f184f-730b-4bd6-b6c0-eb771131e1c7 has been successfully formatted.
2023-09-15 05:01:48,297 [01e3e3a9-29b9-4c52-904d-7d79db62114f-groupManagement] INFO  ratis.ContainerStateMachine (ContainerStateMachine.java:loadSnapshot(262)) - group-EB771131E1C7: The snapshot info is null. Setting the last applied indexto:(t:0, i:~)
2023-09-15 05:01:48,297 [01e3e3a9-29b9-4c52-904d-7d79db62114f-groupManagement] INFO  server.RaftServerConfigKeys (ConfUtils.java:logGet(46)) - raft.server.log.use.memory = false (default)
2023-09-15 05:01:48,297 [01e3e3a9-29b9-4c52-904d-7d79db62114f-groupManagement] INFO  server.RaftServerConfigKeys (ConfUtils.java:logGet(46)) - raft.server.log.purge.gap = 1000000 (custom)
2023-09-15 05:01:48,297 [01e3e3a9-29b9-4c52-904d-7d79db62114f-groupManagement] INFO  server.RaftServerConfigKeys (ConfUtils.java:logGet(46)) - raft.server.log.appender.buffer.byte-limit = 33554432 (custom)
2023-09-15 05:01:48,297 [01e3e3a9-29b9-4c52-904d-7d79db62114f-groupManagement] INFO  server.RaftServerConfigKeys (ConfUtils.java:logGet(46)) - raft.server.log.statemachine.data.read.timeout = 1000ms (default)
2023-09-15 05:01:48,297 [01e3e3a9-29b9-4c52-904d-7d79db62114f-groupManagement] INFO  server.RaftServerConfigKeys (ConfUtils.java:logGet(46)) - raft.server.log.purge.preservation.log.num = 0 (default)
2023-09-15 05:01:48,297 [01e3e3a9-29b9-4c52-904d-7d79db62114f-groupManagement] INFO  server.RaftServerConfigKeys (ConfUtils.java:logGet(46)) - raft.server.log.segment.size.max = 1048576 (custom)
2023-09-15 05:01:48,298 [01e3e3a9-29b9-4c52-904d-7d79db62114f-groupManagement] INFO  server.RaftServerConfigKeys (ConfUtils.java:logGet(46)) - raft.server.log.segment.cache.num.max = 2 (custom)
2023-09-15 05:01:48,298 [01e3e3a9-29b9-4c52-904d-7d79db62114f-groupManagement] INFO  server.RaftServerConfigKeys (ConfUtils.java:logGet(46)) - raft.server.log.segment.cache.size.max = 200MB (=209715200) (default)
2023-09-15 05:01:48,298 [01e3e3a9-29b9-4c52-904d-7d79db62114f-groupManagement] INFO  server.RaftServerConfigKeys (ConfUtils.java:logGet(46)) - raft.server.log.appender.buffer.byte-limit = 33554432 (custom)
2023-09-15 05:01:48,298 [01e3e3a9-29b9-4c52-904d-7d79db62114f-groupManagement] INFO  segmented.SegmentedRaftLogWorker (SegmentedRaftLogWorker.java:<init>(188)) - new 01e3e3a9-29b9-4c52-904d-7d79db62114f@group-EB771131E1C7-SegmentedRaftLogWorker for RaftStorageImpl:Storage Directory /home/runner/work/ozone/ozone/hadoop-ozone/integration-test/target/test-dir/MiniOzoneClusterImpl-0a18362f-1832-4b81-b629-935968d04e12/datanode-4/data/ratis/cb8f184f-730b-4bd6-b6c0-eb771131e1c7
2023-09-15 05:01:48,298 [01e3e3a9-29b9-4c52-904d-7d79db62114f-groupManagement] INFO  server.RaftServerConfigKeys (ConfUtils.java:logGet(46)) - raft.server.log.queue.byte-limit = 4294967296 (custom)
2023-09-15 05:01:48,298 [01e3e3a9-29b9-4c52-904d-7d79db62114f-groupManagement] INFO  server.RaftServerConfigKeys (ConfUtils.java:logGet(46)) - raft.server.log.queue.element-limit = 1024 (custom)
2023-09-15 05:01:48,298 [01e3e3a9-29b9-4c52-904d-7d79db62114f-groupManagement] INFO  server.RaftServerConfigKeys (ConfUtils.java:logGet(46)) - raft.server.log.segment.size.max = 1048576 (custom)
2023-09-15 05:01:48,299 [01e3e3a9-29b9-4c52-904d-7d79db62114f-groupManagement] INFO  server.RaftServerConfigKeys (ConfUtils.java:logGet(46)) - raft.server.log.preallocated.size = 16384 (custom)
2023-09-15 05:01:48,299 [01e3e3a9-29b9-4c52-904d-7d79db62114f-groupManagement] INFO  server.RaftServerConfigKeys (ConfUtils.java:logGet(46)) - raft.server.log.force.sync.num = 128 (default)
2023-09-15 05:01:48,299 [01e3e3a9-29b9-4c52-904d-7d79db62114f-groupManagement] INFO  server.RaftServerConfigKeys (ConfUtils.java:logGet(46)) - raft.server.log.statemachine.data.sync = true (default)
2023-09-15 05:01:48,299 [01e3e3a9-29b9-4c52-904d-7d79db62114f-groupManagement] INFO  server.RaftServerConfigKeys (ConfUtils.java:logGet(46)) - raft.server.log.statemachine.data.sync.timeout = 10s (default)
2023-09-15 05:01:48,299 [01e3e3a9-29b9-4c52-904d-7d79db62114f-groupManagement] INFO  server.RaftServerConfigKeys (ConfUtils.java:logGet(46)) - raft.server.log.statemachine.data.sync.timeout.retry = -1 (default)
2023-09-15 05:01:48,299 [EventQueue-OpenPipelineForHealthyPipelineSafeModeRule] INFO  safemode.SCMSafeModeManager (HealthyPipelineSafeModeRule.java:process(137)) - SCM in safe mode. Healthy pipelines reported count is 0, required healthy pipeline reported count is 1
2023-09-15 05:01:48,300 [01e3e3a9-29b9-4c52-904d-7d79db62114f-groupManagement] INFO  server.RaftServerConfigKeys (ConfUtils.java:logGet(46)) - raft.server.log.write.buffer.size = 1048576 (custom)
2023-09-15 05:01:48,301 [01e3e3a9-29b9-4c52-904d-7d79db62114f-groupManagement] INFO  server.RaftServerConfigKeys (ConfUtils.java:logGet(46)) - raft.server.log.appender.buffer.byte-limit = 33554432 (custom)
2023-09-15 05:01:48,307 [01e3e3a9-29b9-4c52-904d-7d79db62114f-groupManagement] INFO  server.RaftServerConfigKeys (ConfUtils.java:logGet(46)) - raft.server.log.unsafe-flush.enabled = false (default)
2023-09-15 05:01:48,321 [01e3e3a9-29b9-4c52-904d-7d79db62114f-groupManagement] INFO  server.RaftServerConfigKeys (ConfUtils.java:logGet(46)) - raft.server.log.async-flush.enabled = false (default)
2023-09-15 05:01:48,321 [01e3e3a9-29b9-4c52-904d-7d79db62114f-groupManagement] INFO  server.RaftServerConfigKeys (ConfUtils.java:logGet(46)) - raft.server.log.statemachine.data.caching.enabled = true (custom)
2023-09-15 05:01:48,321 [01e3e3a9-29b9-4c52-904d-7d79db62114f-groupManagement] INFO  segmented.SegmentedRaftLogWorker (SegmentedRaftLogWorker.java:lambda$new$0(135)) - 01e3e3a9-29b9-4c52-904d-7d79db62114f@group-EB771131E1C7-SegmentedRaftLogWorker: flushIndex: setUnconditionally 0 -> -1
2023-09-15 05:01:48,321 [01e3e3a9-29b9-4c52-904d-7d79db62114f-groupManagement] INFO  segmented.SegmentedRaftLogWorker (SegmentedRaftLogWorker.java:lambda$new$0(135)) - 01e3e3a9-29b9-4c52-904d-7d79db62114f@group-EB771131E1C7-SegmentedRaftLogWorker: safeCacheEvictIndex: setUnconditionally 0 -> -1
2023-09-15 05:01:48,322 [01e3e3a9-29b9-4c52-904d-7d79db62114f-groupManagement] INFO  server.RaftServer$Division (RaftServerImpl.java:start(342)) - 01e3e3a9-29b9-4c52-904d-7d79db62114f@group-EB771131E1C7: start as a follower, conf=-1: peers:[0a6fa645-f909-40e7-9d0d-0c6da806ec87|rpc:10.1.0.24:15041|admin:10.1.0.24:15040|client:10.1.0.24:15039|dataStream:10.1.0.24:15042|priority:0|startupRole:FOLLOWER, ddd75f10-d1e9-4189-b9ef-e4896743935a|rpc:10.1.0.24:15059|admin:10.1.0.24:15058|client:10.1.0.24:15057|dataStream:10.1.0.24:15060|priority:1|startupRole:FOLLOWER, 01e3e3a9-29b9-4c52-904d-7d79db62114f|rpc:10.1.0.24:15050|admin:10.1.0.24:15049|client:10.1.0.24:15048|dataStream:10.1.0.24:15051|priority:0|startupRole:FOLLOWER]|listeners:[], old=null
2023-09-15 05:01:48,322 [01e3e3a9-29b9-4c52-904d-7d79db62114f-groupManagement] INFO  server.RaftServer$Division (RaftServerImpl.java:setRole(329)) - 01e3e3a9-29b9-4c52-904d-7d79db62114f@group-EB771131E1C7: changes role from      null to FOLLOWER at term 0 for startAsFollower
2023-09-15 05:01:48,322 [01e3e3a9-29b9-4c52-904d-7d79db62114f-groupManagement] INFO  impl.RoleInfo (RoleInfo.java:updateAndGet(139)) - 01e3e3a9-29b9-4c52-904d-7d79db62114f: start 01e3e3a9-29b9-4c52-904d-7d79db62114f@group-EB771131E1C7-FollowerState
2023-09-15 05:01:48,322 [01e3e3a9-29b9-4c52-904d-7d79db62114f-groupManagement] INFO  util.JmxRegister (JmxRegister.java:tryRegister(44)) - Successfully registered JMX Bean with object name Ratis:service=RaftServer,group=group-EB771131E1C7,id=01e3e3a9-29b9-4c52-904d-7d79db62114f
2023-09-15 05:01:48,322 [01e3e3a9-29b9-4c52-904d-7d79db62114f-groupManagement] INFO  server.RaftServerConfigKeys (ConfUtils.java:logGet(46)) - raft.server.snapshot.auto.trigger.enabled = true (custom)
2023-09-15 05:01:48,322 [01e3e3a9-29b9-4c52-904d-7d79db62114f-groupManagement] INFO  server.RaftServerConfigKeys (ConfUtils.java:logGet(46)) - raft.server.snapshot.auto.trigger.threshold = 10000 (custom)
2023-09-15 05:01:48,322 [01e3e3a9-29b9-4c52-904d-7d79db62114f-groupManagement] INFO  server.RaftServerConfigKeys (ConfUtils.java:logGet(46)) - raft.server.snapshot.retention.file.num = 5 (custom)
2023-09-15 05:01:48,322 [01e3e3a9-29b9-4c52-904d-7d79db62114f-groupManagement] INFO  server.RaftServerConfigKeys (ConfUtils.java:logGet(46)) - raft.server.log.purge.upto.snapshot.index = false (default)
2023-09-15 05:01:48,323 [01e3e3a9-29b9-4c52-904d-7d79db62114f@group-EB771131E1C7-FollowerState] INFO  server.RaftServerConfigKeys (ConfUtils.java:logFallback(53)) - raft.server.rpc.first-election.timeout.min = 5s (fallback to raft.server.rpc.timeout.min)
2023-09-15 05:01:48,323 [01e3e3a9-29b9-4c52-904d-7d79db62114f@group-EB771131E1C7-FollowerState] INFO  server.RaftServerConfigKeys (ConfUtils.java:logFallback(53)) - raft.server.rpc.first-election.timeout.max = 5200ms (fallback to raft.server.rpc.timeout.max)
2023-09-15 05:01:48,324 [PipelineCommandHandlerThread-0] INFO  ratis.XceiverServerRatis (XceiverServerRatis.java:addGroup(804)) - Created group PipelineID=cb8f184f-730b-4bd6-b6c0-eb771131e1c7
2023-09-15 05:01:48,341 [PipelineCommandHandlerThread-0] INFO  commandhandler.CreatePipelineCommandHandler (CreatePipelineCommandHandler.java:lambda$handle$2(124)) - Created Pipeline RATIS THREE PipelineID=cb8f184f-730b-4bd6-b6c0-eb771131e1c7.
2023-09-15 05:01:48,367 [ddd75f10-d1e9-4189-b9ef-e4896743935a-groupManagement] INFO  server.RaftServer$Division (RaftServerImpl.java:<init>(198)) - ddd75f10-d1e9-4189-b9ef-e4896743935a: new RaftServerImpl for group-B3001CF6DA5A:[ddd75f10-d1e9-4189-b9ef-e4896743935a|rpc:10.1.0.24:15059|admin:10.1.0.24:15058|client:10.1.0.24:15057|dataStream:10.1.0.24:15060|priority:1|startupRole:FOLLOWER] with ContainerStateMachine:uninitialized
2023-09-15 05:01:48,367 [ddd75f10-d1e9-4189-b9ef-e4896743935a-groupManagement] INFO  server.RaftServerConfigKeys (ConfUtils.java:logGet(46)) - raft.server.rpc.timeout.min = 5s (custom)
2023-09-15 05:01:48,368 [ddd75f10-d1e9-4189-b9ef-e4896743935a-groupManagement] INFO  server.RaftServerConfigKeys (ConfUtils.java:logGet(46)) - raft.server.rpc.timeout.max = 5200ms (custom)
2023-09-15 05:01:48,368 [ddd75f10-d1e9-4189-b9ef-e4896743935a-groupManagement] INFO  server.RaftServerConfigKeys (ConfUtils.java:logGet(46)) - raft.server.rpc.sleep.time = 25ms (default)
2023-09-15 05:01:48,368 [ddd75f10-d1e9-4189-b9ef-e4896743935a-groupManagement] INFO  server.RaftServerConfigKeys (ConfUtils.java:logGet(46)) - raft.server.rpc.slowness.timeout = 300s (custom)
2023-09-15 05:01:48,368 [ddd75f10-d1e9-4189-b9ef-e4896743935a-groupManagement] INFO  server.RaftServerConfigKeys (ConfUtils.java:logGet(46)) - raft.server.leaderelection.leader.step-down.wait-time = 10s (default)
2023-09-15 05:01:48,368 [ddd75f10-d1e9-4189-b9ef-e4896743935a-groupManagement] INFO  server.RaftServerConfigKeys (ConfUtils.java:logGet(46)) - raft.server.sleep.deviation.threshold = 300ms (default)
2023-09-15 05:01:48,368 [ddd75f10-d1e9-4189-b9ef-e4896743935a-groupManagement] INFO  server.RaftServer$Division (ServerState.java:<init>(120)) - ddd75f10-d1e9-4189-b9ef-e4896743935a@group-B3001CF6DA5A: ConfigurationManager, init=-1: peers:[ddd75f10-d1e9-4189-b9ef-e4896743935a|rpc:10.1.0.24:15059|admin:10.1.0.24:15058|client:10.1.0.24:15057|dataStream:10.1.0.24:15060|priority:1|startupRole:FOLLOWER]|listeners:[], old=null, confs=<EMPTY_MAP>
2023-09-15 05:01:48,368 [ddd75f10-d1e9-4189-b9ef-e4896743935a-groupManagement] INFO  server.RaftServerConfigKeys (ConfUtils.java:logGet(46)) - raft.server.storage.dir = [/home/runner/work/ozone/ozone/hadoop-ozone/integration-test/target/test-dir/MiniOzoneClusterImpl-0a18362f-1832-4b81-b629-935968d04e12/datanode-5/data/ratis] (custom)
2023-09-15 05:01:48,368 [ddd75f10-d1e9-4189-b9ef-e4896743935a-groupManagement] INFO  server.RaftServerConfigKeys (ConfUtils.java:logGet(46)) - raft.server.log.corruption.policy = EXCEPTION (default)
2023-09-15 05:01:48,368 [ddd75f10-d1e9-4189-b9ef-e4896743935a-groupManagement] INFO  server.RaftServerConfigKeys (ConfUtils.java:logGet(46)) - raft.server.storage.free-space.min = 0MB (=0) (default)
2023-09-15 05:01:48,368 [ddd75f10-d1e9-4189-b9ef-e4896743935a-groupManagement] INFO  server.RaftServerConfigKeys (ConfUtils.java:logGet(46)) - raft.server.notification.no-leader.timeout = 300s (custom)
2023-09-15 05:01:48,368 [ddd75f10-d1e9-4189-b9ef-e4896743935a-groupManagement] INFO  server.RaftServerConfigKeys (ConfUtils.java:logGet(46)) - raft.server.read.timeout = 10s (default)
2023-09-15 05:01:48,368 [ddd75f10-d1e9-4189-b9ef-e4896743935a-groupManagement] INFO  server.RaftServerConfigKeys (ConfUtils.java:logGet(46)) - raft.server.retrycache.expirytime = 600000ms (custom)
2023-09-15 05:01:48,368 [ddd75f10-d1e9-4189-b9ef-e4896743935a-groupManagement] INFO  server.RaftServerConfigKeys (ConfUtils.java:logGet(46)) - raft.server.retrycache.statistics.expirytime = 100μs (default)
2023-09-15 05:01:48,368 [ddd75f10-d1e9-4189-b9ef-e4896743935a-groupManagement] INFO  server.RaftServerConfigKeys (ConfUtils.java:logGet(46)) - raft.server.read.option = DEFAULT (default)
2023-09-15 05:01:48,370 [ddd75f10-d1e9-4189-b9ef-e4896743935a-groupManagement] INFO  server.RaftServerConfigKeys (ConfUtils.java:logGet(46)) - raft.server.rpc.request.timeout = 60s (custom)
2023-09-15 05:01:48,370 [ddd75f10-d1e9-4189-b9ef-e4896743935a-groupManagement] INFO  server.RaftServerConfigKeys (ConfUtils.java:logGet(46)) - raft.server.log.appender.install.snapshot.enabled = false (custom)
2023-09-15 05:01:48,370 [ddd75f10-d1e9-4189-b9ef-e4896743935a-groupManagement] INFO  server.RaftServerConfigKeys (ConfUtils.java:logGet(46)) - raft.server.threadpool.server.cached = true (default)
2023-09-15 05:01:48,370 [ddd75f10-d1e9-4189-b9ef-e4896743935a-groupManagement] INFO  server.RaftServerConfigKeys (ConfUtils.java:logGet(46)) - raft.server.threadpool.server.size = 0 (default)
2023-09-15 05:01:48,370 [ddd75f10-d1e9-4189-b9ef-e4896743935a-groupManagement] INFO  server.RaftServerConfigKeys (ConfUtils.java:logGet(46)) - raft.server.threadpool.client.cached = true (default)
2023-09-15 05:01:48,370 [ddd75f10-d1e9-4189-b9ef-e4896743935a-groupManagement] INFO  server.RaftServerConfigKeys (ConfUtils.java:logGet(46)) - raft.server.threadpool.client.size = 0 (default)
2023-09-15 05:01:48,370 [PipelineCommandHandlerThread-0] INFO  server.RaftServer (RaftServerProxy.java:addNew(98)) - ddd75f10-d1e9-4189-b9ef-e4896743935a: addNew group-B3001CF6DA5A:[ddd75f10-d1e9-4189-b9ef-e4896743935a|rpc:10.1.0.24:15059|admin:10.1.0.24:15058|client:10.1.0.24:15057|dataStream:10.1.0.24:15060|priority:1|startupRole:FOLLOWER] returns      null ddd75f10-d1e9-4189-b9ef-e4896743935a@group-B3001CF6DA5A:t0, leader=null, voted=null, raftlog=UNINITIALIZED, conf=-1: peers:[ddd75f10-d1e9-4189-b9ef-e4896743935a|rpc:10.1.0.24:15059|admin:10.1.0.24:15058|client:10.1.0.24:15057|dataStream:10.1.0.24:15060|priority:1|startupRole:FOLLOWER]|listeners:[], old=null NEW
2023-09-15 05:01:48,370 [ddd75f10-d1e9-4189-b9ef-e4896743935a-groupManagement] INFO  storage.RaftStorageDirectory (RaftStorageDirectoryImpl.java:analyzeStorage(137)) - The storage directory /home/runner/work/ozone/ozone/hadoop-ozone/integration-test/target/test-dir/MiniOzoneClusterImpl-0a18362f-1832-4b81-b629-935968d04e12/datanode-5/data/ratis/0d493743-1714-4cdc-9ef2-b3001cf6da5a does not exist. Creating ...
2023-09-15 05:01:48,373 [ddd75f10-d1e9-4189-b9ef-e4896743935a-groupManagement] INFO  storage.RaftStorageDirectory (RaftStorageDirectoryImpl.java:tryLock(231)) - Lock on /home/runner/work/ozone/ozone/hadoop-ozone/integration-test/target/test-dir/MiniOzoneClusterImpl-0a18362f-1832-4b81-b629-935968d04e12/datanode-5/data/ratis/0d493743-1714-4cdc-9ef2-b3001cf6da5a/in_use.lock acquired by nodename 87703@fv-az371-27
2023-09-15 05:01:48,374 [ddd75f10-d1e9-4189-b9ef-e4896743935a-groupManagement] INFO  storage.RaftStorage (RaftStorageImpl.java:format(96)) - Storage directory /home/runner/work/ozone/ozone/hadoop-ozone/integration-test/target/test-dir/MiniOzoneClusterImpl-0a18362f-1832-4b81-b629-935968d04e12/datanode-5/data/ratis/0d493743-1714-4cdc-9ef2-b3001cf6da5a has been successfully formatted.
2023-09-15 05:01:48,378 [ddd75f10-d1e9-4189-b9ef-e4896743935a-groupManagement] INFO  ratis.ContainerStateMachine (ContainerStateMachine.java:loadSnapshot(262)) - group-B3001CF6DA5A: The snapshot info is null. Setting the last applied indexto:(t:0, i:~)
2023-09-15 05:01:48,378 [ddd75f10-d1e9-4189-b9ef-e4896743935a-groupManagement] INFO  server.RaftServerConfigKeys (ConfUtils.java:logGet(46)) - raft.server.log.use.memory = false (default)
2023-09-15 05:01:48,378 [ddd75f10-d1e9-4189-b9ef-e4896743935a-groupManagement] INFO  server.RaftServerConfigKeys (ConfUtils.java:logGet(46)) - raft.server.log.purge.gap = 1000000 (custom)
2023-09-15 05:01:48,378 [ddd75f10-d1e9-4189-b9ef-e4896743935a-groupManagement] INFO  server.RaftServerConfigKeys (ConfUtils.java:logGet(46)) - raft.server.log.appender.buffer.byte-limit = 33554432 (custom)
2023-09-15 05:01:48,378 [ddd75f10-d1e9-4189-b9ef-e4896743935a-groupManagement] INFO  server.RaftServerConfigKeys (ConfUtils.java:logGet(46)) - raft.server.log.statemachine.data.read.timeout = 1000ms (default)
2023-09-15 05:01:48,378 [ddd75f10-d1e9-4189-b9ef-e4896743935a-groupManagement] INFO  server.RaftServerConfigKeys (ConfUtils.java:logGet(46)) - raft.server.log.purge.preservation.log.num = 0 (default)
2023-09-15 05:01:48,378 [ddd75f10-d1e9-4189-b9ef-e4896743935a-groupManagement] INFO  server.RaftServerConfigKeys (ConfUtils.java:logGet(46)) - raft.server.log.segment.size.max = 1048576 (custom)
2023-09-15 05:01:48,380 [EventQueue-PipelineReportForPipelineReportHandler] INFO  pipeline.PipelineReportHandler (PipelineReportHandler.java:processPipelineReport(136)) - Opened pipeline PipelineID=0d493743-1714-4cdc-9ef2-b3001cf6da5a
2023-09-15 05:01:48,380 [EventQueue-OpenPipelineForHealthyPipelineSafeModeRule] INFO  safemode.SCMSafeModeManager (HealthyPipelineSafeModeRule.java:process(137)) - SCM in safe mode. Healthy pipelines reported count is 0, required healthy pipeline reported count is 1
2023-09-15 05:01:48,381 [ddd75f10-d1e9-4189-b9ef-e4896743935a-groupManagement] INFO  server.RaftServerConfigKeys (ConfUtils.java:logGet(46)) - raft.server.log.segment.cache.num.max = 2 (custom)
2023-09-15 05:01:48,381 [ddd75f10-d1e9-4189-b9ef-e4896743935a-groupManagement] INFO  server.RaftServerConfigKeys (ConfUtils.java:logGet(46)) - raft.server.log.segment.cache.size.max = 200MB (=209715200) (default)
2023-09-15 05:01:48,381 [ddd75f10-d1e9-4189-b9ef-e4896743935a-groupManagement] INFO  server.RaftServerConfigKeys (ConfUtils.java:logGet(46)) - raft.server.log.appender.buffer.byte-limit = 33554432 (custom)
2023-09-15 05:01:48,381 [ddd75f10-d1e9-4189-b9ef-e4896743935a-groupManagement] INFO  segmented.SegmentedRaftLogWorker (SegmentedRaftLogWorker.java:<init>(188)) - new ddd75f10-d1e9-4189-b9ef-e4896743935a@group-B3001CF6DA5A-SegmentedRaftLogWorker for RaftStorageImpl:Storage Directory /home/runner/work/ozone/ozone/hadoop-ozone/integration-test/target/test-dir/MiniOzoneClusterImpl-0a18362f-1832-4b81-b629-935968d04e12/datanode-5/data/ratis/0d493743-1714-4cdc-9ef2-b3001cf6da5a
2023-09-15 05:01:48,381 [ddd75f10-d1e9-4189-b9ef-e4896743935a-groupManagement] INFO  server.RaftServerConfigKeys (ConfUtils.java:logGet(46)) - raft.server.log.queue.byte-limit = 4294967296 (custom)
2023-09-15 05:01:48,381 [ddd75f10-d1e9-4189-b9ef-e4896743935a-groupManagement] INFO  server.RaftServerConfigKeys (ConfUtils.java:logGet(46)) - raft.server.log.queue.element-limit = 1024 (custom)
2023-09-15 05:01:48,381 [ddd75f10-d1e9-4189-b9ef-e4896743935a-groupManagement] INFO  server.RaftServerConfigKeys (ConfUtils.java:logGet(46)) - raft.server.log.segment.size.max = 1048576 (custom)
2023-09-15 05:01:48,381 [ddd75f10-d1e9-4189-b9ef-e4896743935a-groupManagement] INFO  server.RaftServerConfigKeys (ConfUtils.java:logGet(46)) - raft.server.log.preallocated.size = 16384 (custom)
2023-09-15 05:01:48,381 [ddd75f10-d1e9-4189-b9ef-e4896743935a-groupManagement] INFO  server.RaftServerConfigKeys (ConfUtils.java:logGet(46)) - raft.server.log.force.sync.num = 128 (default)
2023-09-15 05:01:48,381 [ddd75f10-d1e9-4189-b9ef-e4896743935a-groupManagement] INFO  server.RaftServerConfigKeys (ConfUtils.java:logGet(46)) - raft.server.log.statemachine.data.sync = true (default)
2023-09-15 05:01:48,381 [ddd75f10-d1e9-4189-b9ef-e4896743935a-groupManagement] INFO  server.RaftServerConfigKeys (ConfUtils.java:logGet(46)) - raft.server.log.statemachine.data.sync.timeout = 10s (default)
2023-09-15 05:01:48,381 [ddd75f10-d1e9-4189-b9ef-e4896743935a-groupManagement] INFO  server.RaftServerConfigKeys (ConfUtils.java:logGet(46)) - raft.server.log.statemachine.data.sync.timeout.retry = -1 (default)
2023-09-15 05:01:48,383 [ddd75f10-d1e9-4189-b9ef-e4896743935a-groupManagement] INFO  server.RaftServerConfigKeys (ConfUtils.java:logGet(46)) - raft.server.log.write.buffer.size = 1048576 (custom)
2023-09-15 05:01:48,385 [ddd75f10-d1e9-4189-b9ef-e4896743935a-groupManagement] INFO  server.RaftServerConfigKeys (ConfUtils.java:logGet(46)) - raft.server.log.appender.buffer.byte-limit = 33554432 (custom)
2023-09-15 05:01:48,396 [ddd75f10-d1e9-4189-b9ef-e4896743935a-groupManagement] INFO  server.RaftServerConfigKeys (ConfUtils.java:logGet(46)) - raft.server.log.unsafe-flush.enabled = false (default)
2023-09-15 05:01:48,397 [ddd75f10-d1e9-4189-b9ef-e4896743935a-groupManagement] INFO  server.RaftServerConfigKeys (ConfUtils.java:logGet(46)) - raft.server.log.async-flush.enabled = false (default)
2023-09-15 05:01:48,397 [ddd75f10-d1e9-4189-b9ef-e4896743935a-groupManagement] INFO  server.RaftServerConfigKeys (ConfUtils.java:logGet(46)) - raft.server.log.statemachine.data.caching.enabled = true (custom)
2023-09-15 05:01:48,397 [ddd75f10-d1e9-4189-b9ef-e4896743935a-groupManagement] INFO  segmented.SegmentedRaftLogWorker (SegmentedRaftLogWorker.java:lambda$new$0(135)) - ddd75f10-d1e9-4189-b9ef-e4896743935a@group-B3001CF6DA5A-SegmentedRaftLogWorker: flushIndex: setUnconditionally 0 -> -1
2023-09-15 05:01:48,397 [ddd75f10-d1e9-4189-b9ef-e4896743935a-groupManagement] INFO  segmented.SegmentedRaftLogWorker (SegmentedRaftLogWorker.java:lambda$new$0(135)) - ddd75f10-d1e9-4189-b9ef-e4896743935a@group-B3001CF6DA5A-SegmentedRaftLogWorker: safeCacheEvictIndex: setUnconditionally 0 -> -1
2023-09-15 05:01:48,397 [ddd75f10-d1e9-4189-b9ef-e4896743935a-groupManagement] INFO  server.RaftServer$Division (RaftServerImpl.java:start(342)) - ddd75f10-d1e9-4189-b9ef-e4896743935a@group-B3001CF6DA5A: start as a follower, conf=-1: peers:[ddd75f10-d1e9-4189-b9ef-e4896743935a|rpc:10.1.0.24:15059|admin:10.1.0.24:15058|client:10.1.0.24:15057|dataStream:10.1.0.24:15060|priority:1|startupRole:FOLLOWER]|listeners:[], old=null
2023-09-15 05:01:48,397 [ddd75f10-d1e9-4189-b9ef-e4896743935a-groupManagement] INFO  server.RaftServer$Division (RaftServerImpl.java:setRole(329)) - ddd75f10-d1e9-4189-b9ef-e4896743935a@group-B3001CF6DA5A: changes role from      null to FOLLOWER at term 0 for startAsFollower
2023-09-15 05:01:48,397 [ddd75f10-d1e9-4189-b9ef-e4896743935a-groupManagement] INFO  impl.RoleInfo (RoleInfo.java:updateAndGet(139)) - ddd75f10-d1e9-4189-b9ef-e4896743935a: start ddd75f10-d1e9-4189-b9ef-e4896743935a@group-B3001CF6DA5A-FollowerState
2023-09-15 05:01:48,402 [ddd75f10-d1e9-4189-b9ef-e4896743935a-groupManagement] INFO  util.JmxRegister (JmxRegister.java:tryRegister(44)) - Successfully registered JMX Bean with object name Ratis:service=RaftServer,group=group-B3001CF6DA5A,id=ddd75f10-d1e9-4189-b9ef-e4896743935a
2023-09-15 05:01:48,402 [ddd75f10-d1e9-4189-b9ef-e4896743935a-groupManagement] INFO  server.RaftServerConfigKeys (ConfUtils.java:logGet(46)) - raft.server.snapshot.auto.trigger.enabled = true (custom)
2023-09-15 05:01:48,402 [ddd75f10-d1e9-4189-b9ef-e4896743935a-groupManagement] INFO  server.RaftServerConfigKeys (ConfUtils.java:logGet(46)) - raft.server.snapshot.auto.trigger.threshold = 10000 (custom)
2023-09-15 05:01:48,402 [ddd75f10-d1e9-4189-b9ef-e4896743935a-groupManagement] INFO  server.RaftServerConfigKeys (ConfUtils.java:logGet(46)) - raft.server.snapshot.retention.file.num = 5 (custom)
2023-09-15 05:01:48,402 [ddd75f10-d1e9-4189-b9ef-e4896743935a-groupManagement] INFO  server.RaftServerConfigKeys (ConfUtils.java:logGet(46)) - raft.server.log.purge.upto.snapshot.index = false (default)
2023-09-15 05:01:48,403 [ddd75f10-d1e9-4189-b9ef-e4896743935a@group-B3001CF6DA5A-FollowerState] INFO  server.RaftServerConfigKeys (ConfUtils.java:logFallback(53)) - raft.server.rpc.first-election.timeout.min = 5s (fallback to raft.server.rpc.timeout.min)
2023-09-15 05:01:48,403 [ddd75f10-d1e9-4189-b9ef-e4896743935a@group-B3001CF6DA5A-FollowerState] INFO  server.RaftServerConfigKeys (ConfUtils.java:logFallback(53)) - raft.server.rpc.first-election.timeout.max = 5200ms (fallback to raft.server.rpc.timeout.max)
2023-09-15 05:01:48,404 [PipelineCommandHandlerThread-0] INFO  ratis.XceiverServerRatis (XceiverServerRatis.java:addGroup(804)) - Created group PipelineID=0d493743-1714-4cdc-9ef2-b3001cf6da5a
2023-09-15 05:01:48,404 [PipelineCommandHandlerThread-0] INFO  commandhandler.CreatePipelineCommandHandler (CreatePipelineCommandHandler.java:lambda$handle$2(124)) - Created Pipeline RATIS ONE PipelineID=0d493743-1714-4cdc-9ef2-b3001cf6da5a.
2023-09-15 05:01:48,440 [PipelineCommandHandlerThread-0] INFO  commandhandler.CreatePipelineCommandHandler (CreatePipelineCommandHandler.java:lambda$handle$2(124)) - Created Pipeline RATIS THREE PipelineID=cb8f184f-730b-4bd6-b6c0-eb771131e1c7.
2023-09-15 05:01:48,974 [PipelineCommandHandlerThread-0] INFO  server.RaftServer (RaftServerProxy.java:addNew(98)) - 49835f94-14b4-44df-a6e0-f69154e42310: addNew group-370FE6A9CA5D:[49835f94-14b4-44df-a6e0-f69154e42310|rpc:10.1.0.24:15068|admin:10.1.0.24:15067|client:10.1.0.24:15066|dataStream:10.1.0.24:15069|priority:1|startupRole:FOLLOWER] returns group-370FE6A9CA5D:java.util.concurrent.CompletableFuture@64c3f6e1[Not completed]
2023-09-15 05:01:48,975 [49835f94-14b4-44df-a6e0-f69154e42310-groupManagement] INFO  server.RaftServer$Division (RaftServerImpl.java:<init>(198)) - 49835f94-14b4-44df-a6e0-f69154e42310: new RaftServerImpl for group-370FE6A9CA5D:[49835f94-14b4-44df-a6e0-f69154e42310|rpc:10.1.0.24:15068|admin:10.1.0.24:15067|client:10.1.0.24:15066|dataStream:10.1.0.24:15069|priority:1|startupRole:FOLLOWER] with ContainerStateMachine:uninitialized
2023-09-15 05:01:48,976 [49835f94-14b4-44df-a6e0-f69154e42310-groupManagement] INFO  server.RaftServerConfigKeys (ConfUtils.java:logGet(46)) - raft.server.rpc.timeout.min = 5s (custom)
2023-09-15 05:01:48,976 [49835f94-14b4-44df-a6e0-f69154e42310-groupManagement] INFO  server.RaftServerConfigKeys (ConfUtils.java:logGet(46)) - raft.server.rpc.timeout.max = 5200ms (custom)
2023-09-15 05:01:48,976 [49835f94-14b4-44df-a6e0-f69154e42310-groupManagement] INFO  server.RaftServerConfigKeys (ConfUtils.java:logGet(46)) - raft.server.rpc.sleep.time = 25ms (default)
2023-09-15 05:01:48,976 [49835f94-14b4-44df-a6e0-f69154e42310-groupManagement] INFO  server.RaftServerConfigKeys (ConfUtils.java:logGet(46)) - raft.server.rpc.slowness.timeout = 300s (custom)
2023-09-15 05:01:48,976 [49835f94-14b4-44df-a6e0-f69154e42310-groupManagement] INFO  server.RaftServerConfigKeys (ConfUtils.java:logGet(46)) - raft.server.leaderelection.leader.step-down.wait-time = 10s (default)
2023-09-15 05:01:48,976 [49835f94-14b4-44df-a6e0-f69154e42310-groupManagement] INFO  server.RaftServerConfigKeys (ConfUtils.java:logGet(46)) - raft.server.sleep.deviation.threshold = 300ms (default)
2023-09-15 05:01:48,976 [49835f94-14b4-44df-a6e0-f69154e42310-groupManagement] INFO  server.RaftServer$Division (ServerState.java:<init>(120)) - 49835f94-14b4-44df-a6e0-f69154e42310@group-370FE6A9CA5D: ConfigurationManager, init=-1: peers:[49835f94-14b4-44df-a6e0-f69154e42310|rpc:10.1.0.24:15068|admin:10.1.0.24:15067|client:10.1.0.24:15066|dataStream:10.1.0.24:15069|priority:1|startupRole:FOLLOWER]|listeners:[], old=null, confs=<EMPTY_MAP>
2023-09-15 05:01:48,976 [49835f94-14b4-44df-a6e0-f69154e42310-groupManagement] INFO  server.RaftServerConfigKeys (ConfUtils.java:logGet(46)) - raft.server.storage.dir = [/home/runner/work/ozone/ozone/hadoop-ozone/integration-test/target/test-dir/MiniOzoneClusterImpl-0a18362f-1832-4b81-b629-935968d04e12/datanode-6/data/ratis] (custom)
2023-09-15 05:01:48,976 [49835f94-14b4-44df-a6e0-f69154e42310-groupManagement] INFO  server.RaftServerConfigKeys (ConfUtils.java:logGet(46)) - raft.server.log.corruption.policy = EXCEPTION (default)
2023-09-15 05:01:48,976 [49835f94-14b4-44df-a6e0-f69154e42310-groupManagement] INFO  server.RaftServerConfigKeys (ConfUtils.java:logGet(46)) - raft.server.storage.free-space.min = 0MB (=0) (default)
2023-09-15 05:01:48,977 [49835f94-14b4-44df-a6e0-f69154e42310-groupManagement] INFO  server.RaftServerConfigKeys (ConfUtils.java:logGet(46)) - raft.server.notification.no-leader.timeout = 300s (custom)
2023-09-15 05:01:48,977 [49835f94-14b4-44df-a6e0-f69154e42310-groupManagement] INFO  server.RaftServerConfigKeys (ConfUtils.java:logGet(46)) - raft.server.read.timeout = 10s (default)
2023-09-15 05:01:48,977 [49835f94-14b4-44df-a6e0-f69154e42310-groupManagement] INFO  server.RaftServerConfigKeys (ConfUtils.java:logGet(46)) - raft.server.retrycache.expirytime = 600000ms (custom)
2023-09-15 05:01:48,977 [49835f94-14b4-44df-a6e0-f69154e42310-groupManagement] INFO  server.RaftServerConfigKeys (ConfUtils.java:logGet(46)) - raft.server.retrycache.statistics.expirytime = 100μs (default)
2023-09-15 05:01:48,977 [49835f94-14b4-44df-a6e0-f69154e42310-groupManagement] INFO  server.RaftServerConfigKeys (ConfUtils.java:logGet(46)) - raft.server.read.option = DEFAULT (default)
2023-09-15 05:01:48,980 [49835f94-14b4-44df-a6e0-f69154e42310-groupManagement] INFO  server.RaftServerConfigKeys (ConfUtils.java:logGet(46)) - raft.server.rpc.request.timeout = 60s (custom)
2023-09-15 05:01:48,980 [49835f94-14b4-44df-a6e0-f69154e42310-groupManagement] INFO  server.RaftServerConfigKeys (ConfUtils.java:logGet(46)) - raft.server.log.appender.install.snapshot.enabled = false (custom)
2023-09-15 05:01:48,980 [49835f94-14b4-44df-a6e0-f69154e42310-groupManagement] INFO  server.RaftServerConfigKeys (ConfUtils.java:logGet(46)) - raft.server.threadpool.server.cached = true (default)
2023-09-15 05:01:48,980 [49835f94-14b4-44df-a6e0-f69154e42310-groupManagement] INFO  server.RaftServerConfigKeys (ConfUtils.java:logGet(46)) - raft.server.threadpool.server.size = 0 (default)
2023-09-15 05:01:48,980 [49835f94-14b4-44df-a6e0-f69154e42310-groupManagement] INFO  server.RaftServerConfigKeys (ConfUtils.java:logGet(46)) - raft.server.threadpool.client.cached = true (default)
2023-09-15 05:01:48,980 [49835f94-14b4-44df-a6e0-f69154e42310-groupManagement] INFO  server.RaftServerConfigKeys (ConfUtils.java:logGet(46)) - raft.server.threadpool.client.size = 0 (default)
2023-09-15 05:01:48,980 [49835f94-14b4-44df-a6e0-f69154e42310-groupManagement] INFO  storage.RaftStorageDirectory (RaftStorageDirectoryImpl.java:analyzeStorage(137)) - The storage directory /home/runner/work/ozone/ozone/hadoop-ozone/integration-test/target/test-dir/MiniOzoneClusterImpl-0a18362f-1832-4b81-b629-935968d04e12/datanode-6/data/ratis/54667523-c106-46cf-97e0-370fe6a9ca5d does not exist. Creating ...
2023-09-15 05:01:48,981 [49835f94-14b4-44df-a6e0-f69154e42310-groupManagement] INFO  storage.RaftStorageDirectory (RaftStorageDirectoryImpl.java:tryLock(231)) - Lock on /home/runner/work/ozone/ozone/hadoop-ozone/integration-test/target/test-dir/MiniOzoneClusterImpl-0a18362f-1832-4b81-b629-935968d04e12/datanode-6/data/ratis/54667523-c106-46cf-97e0-370fe6a9ca5d/in_use.lock acquired by nodename 87703@fv-az371-27
2023-09-15 05:01:48,982 [49835f94-14b4-44df-a6e0-f69154e42310-groupManagement] INFO  storage.RaftStorage (RaftStorageImpl.java:format(96)) - Storage directory /home/runner/work/ozone/ozone/hadoop-ozone/integration-test/target/test-dir/MiniOzoneClusterImpl-0a18362f-1832-4b81-b629-935968d04e12/datanode-6/data/ratis/54667523-c106-46cf-97e0-370fe6a9ca5d has been successfully formatted.
2023-09-15 05:01:48,984 [49835f94-14b4-44df-a6e0-f69154e42310-groupManagement] INFO  ratis.ContainerStateMachine (ContainerStateMachine.java:loadSnapshot(262)) - group-370FE6A9CA5D: The snapshot info is null. Setting the last applied indexto:(t:0, i:~)
2023-09-15 05:01:48,984 [49835f94-14b4-44df-a6e0-f69154e42310-groupManagement] INFO  server.RaftServerConfigKeys (ConfUtils.java:logGet(46)) - raft.server.log.use.memory = false (default)
2023-09-15 05:01:48,984 [49835f94-14b4-44df-a6e0-f69154e42310-groupManagement] INFO  server.RaftServerConfigKeys (ConfUtils.java:logGet(46)) - raft.server.log.purge.gap = 1000000 (custom)
2023-09-15 05:01:48,984 [49835f94-14b4-44df-a6e0-f69154e42310-groupManagement] INFO  server.RaftServerConfigKeys (ConfUtils.java:logGet(46)) - raft.server.log.appender.buffer.byte-limit = 33554432 (custom)
2023-09-15 05:01:48,984 [49835f94-14b4-44df-a6e0-f69154e42310-groupManagement] INFO  server.RaftServerConfigKeys (ConfUtils.java:logGet(46)) - raft.server.log.statemachine.data.read.timeout = 1000ms (default)
2023-09-15 05:01:48,984 [49835f94-14b4-44df-a6e0-f69154e42310-groupManagement] INFO  server.RaftServerConfigKeys (ConfUtils.java:logGet(46)) - raft.server.log.purge.preservation.log.num = 0 (default)
2023-09-15 05:01:48,986 [EventQueue-PipelineReportForPipelineReportHandler] INFO  pipeline.PipelineReportHandler (PipelineReportHandler.java:processPipelineReport(136)) - Opened pipeline PipelineID=54667523-c106-46cf-97e0-370fe6a9ca5d
2023-09-15 05:01:48,986 [EventQueue-OpenPipelineForHealthyPipelineSafeModeRule] INFO  safemode.SCMSafeModeManager (HealthyPipelineSafeModeRule.java:process(137)) - SCM in safe mode. Healthy pipelines reported count is 0, required healthy pipeline reported count is 1
2023-09-15 05:01:48,987 [49835f94-14b4-44df-a6e0-f69154e42310-groupManagement] INFO  server.RaftServerConfigKeys (ConfUtils.java:logGet(46)) - raft.server.log.segment.size.max = 1048576 (custom)
2023-09-15 05:01:48,987 [49835f94-14b4-44df-a6e0-f69154e42310-groupManagement] INFO  server.RaftServerConfigKeys (ConfUtils.java:logGet(46)) - raft.server.log.segment.cache.num.max = 2 (custom)
2023-09-15 05:01:48,987 [49835f94-14b4-44df-a6e0-f69154e42310-groupManagement] INFO  server.RaftServerConfigKeys (ConfUtils.java:logGet(46)) - raft.server.log.segment.cache.size.max = 200MB (=209715200) (default)
2023-09-15 05:01:48,987 [49835f94-14b4-44df-a6e0-f69154e42310-groupManagement] INFO  server.RaftServerConfigKeys (ConfUtils.java:logGet(46)) - raft.server.log.appender.buffer.byte-limit = 33554432 (custom)
2023-09-15 05:01:48,987 [49835f94-14b4-44df-a6e0-f69154e42310-groupManagement] INFO  segmented.SegmentedRaftLogWorker (SegmentedRaftLogWorker.java:<init>(188)) - new 49835f94-14b4-44df-a6e0-f69154e42310@group-370FE6A9CA5D-SegmentedRaftLogWorker for RaftStorageImpl:Storage Directory /home/runner/work/ozone/ozone/hadoop-ozone/integration-test/target/test-dir/MiniOzoneClusterImpl-0a18362f-1832-4b81-b629-935968d04e12/datanode-6/data/ratis/54667523-c106-46cf-97e0-370fe6a9ca5d
2023-09-15 05:01:48,987 [49835f94-14b4-44df-a6e0-f69154e42310-groupManagement] INFO  server.RaftServerConfigKeys (ConfUtils.java:logGet(46)) - raft.server.log.queue.byte-limit = 4294967296 (custom)
2023-09-15 05:01:48,988 [49835f94-14b4-44df-a6e0-f69154e42310-groupManagement] INFO  server.RaftServerConfigKeys (ConfUtils.java:logGet(46)) - raft.server.log.queue.element-limit = 1024 (custom)
2023-09-15 05:01:48,988 [49835f94-14b4-44df-a6e0-f69154e42310-groupManagement] INFO  server.RaftServerConfigKeys (ConfUtils.java:logGet(46)) - raft.server.log.segment.size.max = 1048576 (custom)
2023-09-15 05:01:48,988 [49835f94-14b4-44df-a6e0-f69154e42310-groupManagement] INFO  server.RaftServerConfigKeys (ConfUtils.java:logGet(46)) - raft.server.log.preallocated.size = 16384 (custom)
2023-09-15 05:01:48,988 [49835f94-14b4-44df-a6e0-f69154e42310-groupManagement] INFO  server.RaftServerConfigKeys (ConfUtils.java:logGet(46)) - raft.server.log.force.sync.num = 128 (default)
2023-09-15 05:01:48,988 [49835f94-14b4-44df-a6e0-f69154e42310-groupManagement] INFO  server.RaftServerConfigKeys (ConfUtils.java:logGet(46)) - raft.server.log.statemachine.data.sync = true (default)
2023-09-15 05:01:48,988 [49835f94-14b4-44df-a6e0-f69154e42310-groupManagement] INFO  server.RaftServerConfigKeys (ConfUtils.java:logGet(46)) - raft.server.log.statemachine.data.sync.timeout = 10s (default)
2023-09-15 05:01:48,988 [49835f94-14b4-44df-a6e0-f69154e42310-groupManagement] INFO  server.RaftServerConfigKeys (ConfUtils.java:logGet(46)) - raft.server.log.statemachine.data.sync.timeout.retry = -1 (default)
2023-09-15 05:01:48,989 [49835f94-14b4-44df-a6e0-f69154e42310-groupManagement] INFO  server.RaftServerConfigKeys (ConfUtils.java:logGet(46)) - raft.server.log.write.buffer.size = 1048576 (custom)
2023-09-15 05:01:48,990 [49835f94-14b4-44df-a6e0-f69154e42310-groupManagement] INFO  server.RaftServerConfigKeys (ConfUtils.java:logGet(46)) - raft.server.log.appender.buffer.byte-limit = 33554432 (custom)
2023-09-15 05:01:48,995 [49835f94-14b4-44df-a6e0-f69154e42310-groupManagement] INFO  server.RaftServerConfigKeys (ConfUtils.java:logGet(46)) - raft.server.log.unsafe-flush.enabled = false (default)
2023-09-15 05:01:48,995 [49835f94-14b4-44df-a6e0-f69154e42310-groupManagement] INFO  server.RaftServerConfigKeys (ConfUtils.java:logGet(46)) - raft.server.log.async-flush.enabled = false (default)
2023-09-15 05:01:48,995 [49835f94-14b4-44df-a6e0-f69154e42310-groupManagement] INFO  server.RaftServerConfigKeys (ConfUtils.java:logGet(46)) - raft.server.log.statemachine.data.caching.enabled = true (custom)
2023-09-15 05:01:48,995 [49835f94-14b4-44df-a6e0-f69154e42310-groupManagement] INFO  segmented.SegmentedRaftLogWorker (SegmentedRaftLogWorker.java:lambda$new$0(135)) - 49835f94-14b4-44df-a6e0-f69154e42310@group-370FE6A9CA5D-SegmentedRaftLogWorker: flushIndex: setUnconditionally 0 -> -1
2023-09-15 05:01:48,995 [49835f94-14b4-44df-a6e0-f69154e42310-groupManagement] INFO  segmented.SegmentedRaftLogWorker (SegmentedRaftLogWorker.java:lambda$new$0(135)) - 49835f94-14b4-44df-a6e0-f69154e42310@group-370FE6A9CA5D-SegmentedRaftLogWorker: safeCacheEvictIndex: setUnconditionally 0 -> -1
2023-09-15 05:01:48,996 [49835f94-14b4-44df-a6e0-f69154e42310-groupManagement] INFO  server.RaftServer$Division (RaftServerImpl.java:start(342)) - 49835f94-14b4-44df-a6e0-f69154e42310@group-370FE6A9CA5D: start as a follower, conf=-1: peers:[49835f94-14b4-44df-a6e0-f69154e42310|rpc:10.1.0.24:15068|admin:10.1.0.24:15067|client:10.1.0.24:15066|dataStream:10.1.0.24:15069|priority:1|startupRole:FOLLOWER]|listeners:[], old=null
2023-09-15 05:01:48,996 [49835f94-14b4-44df-a6e0-f69154e42310-groupManagement] INFO  server.RaftServer$Division (RaftServerImpl.java:setRole(329)) - 49835f94-14b4-44df-a6e0-f69154e42310@group-370FE6A9CA5D: changes role from      null to FOLLOWER at term 0 for startAsFollower
2023-09-15 05:01:48,996 [49835f94-14b4-44df-a6e0-f69154e42310-groupManagement] INFO  impl.RoleInfo (RoleInfo.java:updateAndGet(139)) - 49835f94-14b4-44df-a6e0-f69154e42310: start 49835f94-14b4-44df-a6e0-f69154e42310@group-370FE6A9CA5D-FollowerState
2023-09-15 05:01:49,000 [49835f94-14b4-44df-a6e0-f69154e42310@group-370FE6A9CA5D-FollowerState] INFO  server.RaftServerConfigKeys (ConfUtils.java:logFallback(53)) - raft.server.rpc.first-election.timeout.min = 5s (fallback to raft.server.rpc.timeout.min)
2023-09-15 05:01:49,000 [49835f94-14b4-44df-a6e0-f69154e42310-groupManagement] INFO  util.JmxRegister (JmxRegister.java:tryRegister(44)) - Successfully registered JMX Bean with object name Ratis:service=RaftServer,group=group-370FE6A9CA5D,id=49835f94-14b4-44df-a6e0-f69154e42310
2023-09-15 05:01:49,000 [49835f94-14b4-44df-a6e0-f69154e42310@group-370FE6A9CA5D-FollowerState] INFO  server.RaftServerConfigKeys (ConfUtils.java:logFallback(53)) - raft.server.rpc.first-election.timeout.max = 5200ms (fallback to raft.server.rpc.timeout.max)
2023-09-15 05:01:49,000 [49835f94-14b4-44df-a6e0-f69154e42310-groupManagement] INFO  server.RaftServerConfigKeys (ConfUtils.java:logGet(46)) - raft.server.snapshot.auto.trigger.enabled = true (custom)
2023-09-15 05:01:49,001 [49835f94-14b4-44df-a6e0-f69154e42310-groupManagement] INFO  server.RaftServerConfigKeys (ConfUtils.java:logGet(46)) - raft.server.snapshot.auto.trigger.threshold = 10000 (custom)
2023-09-15 05:01:49,001 [49835f94-14b4-44df-a6e0-f69154e42310-groupManagement] INFO  server.RaftServerConfigKeys (ConfUtils.java:logGet(46)) - raft.server.snapshot.retention.file.num = 5 (custom)
2023-09-15 05:01:49,001 [49835f94-14b4-44df-a6e0-f69154e42310-groupManagement] INFO  server.RaftServerConfigKeys (ConfUtils.java:logGet(46)) - raft.server.log.purge.upto.snapshot.index = false (default)
2023-09-15 05:01:49,006 [PipelineCommandHandlerThread-0] INFO  ratis.XceiverServerRatis (XceiverServerRatis.java:addGroup(804)) - Created group PipelineID=54667523-c106-46cf-97e0-370fe6a9ca5d
2023-09-15 05:01:49,006 [PipelineCommandHandlerThread-0] INFO  commandhandler.CreatePipelineCommandHandler (CreatePipelineCommandHandler.java:lambda$handle$2(124)) - Created Pipeline RATIS ONE PipelineID=54667523-c106-46cf-97e0-370fe6a9ca5d.
2023-09-15 05:01:49,006 [PipelineCommandHandlerThread-0] INFO  server.RaftServer (RaftServerProxy.java:addNew(98)) - 49835f94-14b4-44df-a6e0-f69154e42310: addNew group-A97556893AFE:[ba5cf16e-7b97-4e1d-8791-bccb4873d66e|rpc:10.1.0.24:15086|admin:10.1.0.24:15085|client:10.1.0.24:15084|dataStream:10.1.0.24:15087|priority:0|startupRole:FOLLOWER, 49835f94-14b4-44df-a6e0-f69154e42310|rpc:10.1.0.24:15068|admin:10.1.0.24:15067|client:10.1.0.24:15066|dataStream:10.1.0.24:15069|priority:1|startupRole:FOLLOWER, 386b2284-1126-4572-992a-9634c883c70a|rpc:10.1.0.24:15077|admin:10.1.0.24:15076|client:10.1.0.24:15075|dataStream:10.1.0.24:15078|priority:0|startupRole:FOLLOWER] returns group-A97556893AFE:java.util.concurrent.CompletableFuture@60fc6ea1[Not completed]
2023-09-15 05:01:49,007 [49835f94-14b4-44df-a6e0-f69154e42310-groupManagement] INFO  server.RaftServer$Division (RaftServerImpl.java:<init>(198)) - 49835f94-14b4-44df-a6e0-f69154e42310: new RaftServerImpl for group-A97556893AFE:[ba5cf16e-7b97-4e1d-8791-bccb4873d66e|rpc:10.1.0.24:15086|admin:10.1.0.24:15085|client:10.1.0.24:15084|dataStream:10.1.0.24:15087|priority:0|startupRole:FOLLOWER, 49835f94-14b4-44df-a6e0-f69154e42310|rpc:10.1.0.24:15068|admin:10.1.0.24:15067|client:10.1.0.24:15066|dataStream:10.1.0.24:15069|priority:1|startupRole:FOLLOWER, 386b2284-1126-4572-992a-9634c883c70a|rpc:10.1.0.24:15077|admin:10.1.0.24:15076|client:10.1.0.24:15075|dataStream:10.1.0.24:15078|priority:0|startupRole:FOLLOWER] with ContainerStateMachine:uninitialized
2023-09-15 05:01:49,007 [49835f94-14b4-44df-a6e0-f69154e42310-groupManagement] INFO  server.RaftServerConfigKeys (ConfUtils.java:logGet(46)) - raft.server.rpc.timeout.min = 5s (custom)
2023-09-15 05:01:49,007 [49835f94-14b4-44df-a6e0-f69154e42310-groupManagement] INFO  server.RaftServerConfigKeys (ConfUtils.java:logGet(46)) - raft.server.rpc.timeout.max = 5200ms (custom)
2023-09-15 05:01:49,007 [49835f94-14b4-44df-a6e0-f69154e42310-groupManagement] INFO  server.RaftServerConfigKeys (ConfUtils.java:logGet(46)) - raft.server.rpc.sleep.time = 25ms (default)
2023-09-15 05:01:49,008 [49835f94-14b4-44df-a6e0-f69154e42310-groupManagement] INFO  server.RaftServerConfigKeys (ConfUtils.java:logGet(46)) - raft.server.rpc.slowness.timeout = 300s (custom)
2023-09-15 05:01:49,008 [49835f94-14b4-44df-a6e0-f69154e42310-groupManagement] INFO  server.RaftServerConfigKeys (ConfUtils.java:logGet(46)) - raft.server.leaderelection.leader.step-down.wait-time = 10s (default)
2023-09-15 05:01:49,008 [49835f94-14b4-44df-a6e0-f69154e42310-groupManagement] INFO  server.RaftServerConfigKeys (ConfUtils.java:logGet(46)) - raft.server.sleep.deviation.threshold = 300ms (default)
2023-09-15 05:01:49,008 [49835f94-14b4-44df-a6e0-f69154e42310-groupManagement] INFO  server.RaftServer$Division (ServerState.java:<init>(120)) - 49835f94-14b4-44df-a6e0-f69154e42310@group-A97556893AFE: ConfigurationManager, init=-1: peers:[ba5cf16e-7b97-4e1d-8791-bccb4873d66e|rpc:10.1.0.24:15086|admin:10.1.0.24:15085|client:10.1.0.24:15084|dataStream:10.1.0.24:15087|priority:0|startupRole:FOLLOWER, 49835f94-14b4-44df-a6e0-f69154e42310|rpc:10.1.0.24:15068|admin:10.1.0.24:15067|client:10.1.0.24:15066|dataStream:10.1.0.24:15069|priority:1|startupRole:FOLLOWER, 386b2284-1126-4572-992a-9634c883c70a|rpc:10.1.0.24:15077|admin:10.1.0.24:15076|client:10.1.0.24:15075|dataStream:10.1.0.24:15078|priority:0|startupRole:FOLLOWER]|listeners:[], old=null, confs=<EMPTY_MAP>
2023-09-15 05:01:49,008 [49835f94-14b4-44df-a6e0-f69154e42310-groupManagement] INFO  server.RaftServerConfigKeys (ConfUtils.java:logGet(46)) - raft.server.storage.dir = [/home/runner/work/ozone/ozone/hadoop-ozone/integration-test/target/test-dir/MiniOzoneClusterImpl-0a18362f-1832-4b81-b629-935968d04e12/datanode-6/data/ratis] (custom)
2023-09-15 05:01:49,008 [49835f94-14b4-44df-a6e0-f69154e42310-groupManagement] INFO  server.RaftServerConfigKeys (ConfUtils.java:logGet(46)) - raft.server.log.corruption.policy = EXCEPTION (default)
2023-09-15 05:01:49,008 [49835f94-14b4-44df-a6e0-f69154e42310-groupManagement] INFO  server.RaftServerConfigKeys (ConfUtils.java:logGet(46)) - raft.server.storage.free-space.min = 0MB (=0) (default)
2023-09-15 05:01:49,008 [49835f94-14b4-44df-a6e0-f69154e42310-groupManagement] INFO  server.RaftServerConfigKeys (ConfUtils.java:logGet(46)) - raft.server.notification.no-leader.timeout = 300s (custom)
2023-09-15 05:01:49,008 [49835f94-14b4-44df-a6e0-f69154e42310-groupManagement] INFO  server.RaftServerConfigKeys (ConfUtils.java:logGet(46)) - raft.server.read.timeout = 10s (default)
2023-09-15 05:01:49,008 [49835f94-14b4-44df-a6e0-f69154e42310-groupManagement] INFO  server.RaftServerConfigKeys (ConfUtils.java:logGet(46)) - raft.server.retrycache.expirytime = 600000ms (custom)
2023-09-15 05:01:49,008 [49835f94-14b4-44df-a6e0-f69154e42310-groupManagement] INFO  server.RaftServerConfigKeys (ConfUtils.java:logGet(46)) - raft.server.retrycache.statistics.expirytime = 100μs (default)
2023-09-15 05:01:49,008 [49835f94-14b4-44df-a6e0-f69154e42310-groupManagement] INFO  server.RaftServerConfigKeys (ConfUtils.java:logGet(46)) - raft.server.read.option = DEFAULT (default)
2023-09-15 05:01:49,009 [49835f94-14b4-44df-a6e0-f69154e42310-groupManagement] INFO  server.RaftServerConfigKeys (ConfUtils.java:logGet(46)) - raft.server.rpc.request.timeout = 60s (custom)
2023-09-15 05:01:49,010 [49835f94-14b4-44df-a6e0-f69154e42310-groupManagement] INFO  server.RaftServerConfigKeys (ConfUtils.java:logGet(46)) - raft.server.log.appender.install.snapshot.enabled = false (custom)
2023-09-15 05:01:49,010 [49835f94-14b4-44df-a6e0-f69154e42310-groupManagement] INFO  server.RaftServerConfigKeys (ConfUtils.java:logGet(46)) - raft.server.threadpool.server.cached = true (default)
2023-09-15 05:01:49,010 [49835f94-14b4-44df-a6e0-f69154e42310-groupManagement] INFO  server.RaftServerConfigKeys (ConfUtils.java:logGet(46)) - raft.server.threadpool.server.size = 0 (default)
2023-09-15 05:01:49,010 [49835f94-14b4-44df-a6e0-f69154e42310-groupManagement] INFO  server.RaftServerConfigKeys (ConfUtils.java:logGet(46)) - raft.server.threadpool.client.cached = true (default)
2023-09-15 05:01:49,010 [49835f94-14b4-44df-a6e0-f69154e42310-groupManagement] INFO  server.RaftServerConfigKeys (ConfUtils.java:logGet(46)) - raft.server.threadpool.client.size = 0 (default)
2023-09-15 05:01:49,010 [49835f94-14b4-44df-a6e0-f69154e42310-groupManagement] INFO  storage.RaftStorageDirectory (RaftStorageDirectoryImpl.java:analyzeStorage(137)) - The storage directory /home/runner/work/ozone/ozone/hadoop-ozone/integration-test/target/test-dir/MiniOzoneClusterImpl-0a18362f-1832-4b81-b629-935968d04e12/datanode-6/data/ratis/15203ac6-9476-4918-ba21-a97556893afe does not exist. Creating ...
2023-09-15 05:01:49,011 [49835f94-14b4-44df-a6e0-f69154e42310-groupManagement] INFO  storage.RaftStorageDirectory (RaftStorageDirectoryImpl.java:tryLock(231)) - Lock on /home/runner/work/ozone/ozone/hadoop-ozone/integration-test/target/test-dir/MiniOzoneClusterImpl-0a18362f-1832-4b81-b629-935968d04e12/datanode-6/data/ratis/15203ac6-9476-4918-ba21-a97556893afe/in_use.lock acquired by nodename 87703@fv-az371-27
2023-09-15 05:01:49,012 [49835f94-14b4-44df-a6e0-f69154e42310-groupManagement] INFO  storage.RaftStorage (RaftStorageImpl.java:format(96)) - Storage directory /home/runner/work/ozone/ozone/hadoop-ozone/integration-test/target/test-dir/MiniOzoneClusterImpl-0a18362f-1832-4b81-b629-935968d04e12/datanode-6/data/ratis/15203ac6-9476-4918-ba21-a97556893afe has been successfully formatted.
2023-09-15 05:01:49,013 [49835f94-14b4-44df-a6e0-f69154e42310-groupManagement] INFO  ratis.ContainerStateMachine (ContainerStateMachine.java:loadSnapshot(262)) - group-A97556893AFE: The snapshot info is null. Setting the last applied indexto:(t:0, i:~)
2023-09-15 05:01:49,013 [49835f94-14b4-44df-a6e0-f69154e42310-groupManagement] INFO  server.RaftServerConfigKeys (ConfUtils.java:logGet(46)) - raft.server.log.use.memory = false (default)
2023-09-15 05:01:49,013 [49835f94-14b4-44df-a6e0-f69154e42310-groupManagement] INFO  server.RaftServerConfigKeys (ConfUtils.java:logGet(46)) - raft.server.log.purge.gap = 1000000 (custom)
2023-09-15 05:01:49,013 [49835f94-14b4-44df-a6e0-f69154e42310-groupManagement] INFO  server.RaftServerConfigKeys (ConfUtils.java:logGet(46)) - raft.server.log.appender.buffer.byte-limit = 33554432 (custom)
2023-09-15 05:01:49,013 [49835f94-14b4-44df-a6e0-f69154e42310-groupManagement] INFO  server.RaftServerConfigKeys (ConfUtils.java:logGet(46)) - raft.server.log.statemachine.data.read.timeout = 1000ms (default)
2023-09-15 05:01:49,013 [49835f94-14b4-44df-a6e0-f69154e42310-groupManagement] INFO  server.RaftServerConfigKeys (ConfUtils.java:logGet(46)) - raft.server.log.purge.preservation.log.num = 0 (default)
2023-09-15 05:01:49,015 [EventQueue-OpenPipelineForHealthyPipelineSafeModeRule] INFO  safemode.SCMSafeModeManager (HealthyPipelineSafeModeRule.java:process(137)) - SCM in safe mode. Healthy pipelines reported count is 0, required healthy pipeline reported count is 1
2023-09-15 05:01:49,015 [49835f94-14b4-44df-a6e0-f69154e42310-groupManagement] INFO  server.RaftServerConfigKeys (ConfUtils.java:logGet(46)) - raft.server.log.segment.size.max = 1048576 (custom)
2023-09-15 05:01:49,016 [49835f94-14b4-44df-a6e0-f69154e42310-groupManagement] INFO  server.RaftServerConfigKeys (ConfUtils.java:logGet(46)) - raft.server.log.segment.cache.num.max = 2 (custom)
2023-09-15 05:01:49,016 [49835f94-14b4-44df-a6e0-f69154e42310-groupManagement] INFO  server.RaftServerConfigKeys (ConfUtils.java:logGet(46)) - raft.server.log.segment.cache.size.max = 200MB (=209715200) (default)
2023-09-15 05:01:49,016 [49835f94-14b4-44df-a6e0-f69154e42310-groupManagement] INFO  server.RaftServerConfigKeys (ConfUtils.java:logGet(46)) - raft.server.log.appender.buffer.byte-limit = 33554432 (custom)
2023-09-15 05:01:49,016 [49835f94-14b4-44df-a6e0-f69154e42310-groupManagement] INFO  segmented.SegmentedRaftLogWorker (SegmentedRaftLogWorker.java:<init>(188)) - new 49835f94-14b4-44df-a6e0-f69154e42310@group-A97556893AFE-SegmentedRaftLogWorker for RaftStorageImpl:Storage Directory /home/runner/work/ozone/ozone/hadoop-ozone/integration-test/target/test-dir/MiniOzoneClusterImpl-0a18362f-1832-4b81-b629-935968d04e12/datanode-6/data/ratis/15203ac6-9476-4918-ba21-a97556893afe
2023-09-15 05:01:49,016 [49835f94-14b4-44df-a6e0-f69154e42310-groupManagement] INFO  server.RaftServerConfigKeys (ConfUtils.java:logGet(46)) - raft.server.log.queue.byte-limit = 4294967296 (custom)
2023-09-15 05:01:49,016 [49835f94-14b4-44df-a6e0-f69154e42310-groupManagement] INFO  server.RaftServerConfigKeys (ConfUtils.java:logGet(46)) - raft.server.log.queue.element-limit = 1024 (custom)
2023-09-15 05:01:49,016 [49835f94-14b4-44df-a6e0-f69154e42310-groupManagement] INFO  server.RaftServerConfigKeys (ConfUtils.java:logGet(46)) - raft.server.log.segment.size.max = 1048576 (custom)
2023-09-15 05:01:49,016 [49835f94-14b4-44df-a6e0-f69154e42310-groupManagement] INFO  server.RaftServerConfigKeys (ConfUtils.java:logGet(46)) - raft.server.log.preallocated.size = 16384 (custom)
2023-09-15 05:01:49,016 [49835f94-14b4-44df-a6e0-f69154e42310-groupManagement] INFO  server.RaftServerConfigKeys (ConfUtils.java:logGet(46)) - raft.server.log.force.sync.num = 128 (default)
2023-09-15 05:01:49,016 [49835f94-14b4-44df-a6e0-f69154e42310-groupManagement] INFO  server.RaftServerConfigKeys (ConfUtils.java:logGet(46)) - raft.server.log.statemachine.data.sync = true (default)
2023-09-15 05:01:49,016 [49835f94-14b4-44df-a6e0-f69154e42310-groupManagement] INFO  server.RaftServerConfigKeys (ConfUtils.java:logGet(46)) - raft.server.log.statemachine.data.sync.timeout = 10s (default)
2023-09-15 05:01:49,017 [49835f94-14b4-44df-a6e0-f69154e42310-groupManagement] INFO  server.RaftServerConfigKeys (ConfUtils.java:logGet(46)) - raft.server.log.statemachine.data.sync.timeout.retry = -1 (default)
2023-09-15 05:01:49,018 [49835f94-14b4-44df-a6e0-f69154e42310-groupManagement] INFO  server.RaftServerConfigKeys (ConfUtils.java:logGet(46)) - raft.server.log.write.buffer.size = 1048576 (custom)
2023-09-15 05:01:49,019 [49835f94-14b4-44df-a6e0-f69154e42310-groupManagement] INFO  server.RaftServerConfigKeys (ConfUtils.java:logGet(46)) - raft.server.log.appender.buffer.byte-limit = 33554432 (custom)
2023-09-15 05:01:49,024 [49835f94-14b4-44df-a6e0-f69154e42310-groupManagement] INFO  server.RaftServerConfigKeys (ConfUtils.java:logGet(46)) - raft.server.log.unsafe-flush.enabled = false (default)
2023-09-15 05:01:49,024 [49835f94-14b4-44df-a6e0-f69154e42310-groupManagement] INFO  server.RaftServerConfigKeys (ConfUtils.java:logGet(46)) - raft.server.log.async-flush.enabled = false (default)
2023-09-15 05:01:49,025 [49835f94-14b4-44df-a6e0-f69154e42310-groupManagement] INFO  server.RaftServerConfigKeys (ConfUtils.java:logGet(46)) - raft.server.log.statemachine.data.caching.enabled = true (custom)
2023-09-15 05:01:49,025 [49835f94-14b4-44df-a6e0-f69154e42310-groupManagement] INFO  segmented.SegmentedRaftLogWorker (SegmentedRaftLogWorker.java:lambda$new$0(135)) - 49835f94-14b4-44df-a6e0-f69154e42310@group-A97556893AFE-SegmentedRaftLogWorker: flushIndex: setUnconditionally 0 -> -1
2023-09-15 05:01:49,025 [49835f94-14b4-44df-a6e0-f69154e42310-groupManagement] INFO  segmented.SegmentedRaftLogWorker (SegmentedRaftLogWorker.java:lambda$new$0(135)) - 49835f94-14b4-44df-a6e0-f69154e42310@group-A97556893AFE-SegmentedRaftLogWorker: safeCacheEvictIndex: setUnconditionally 0 -> -1
2023-09-15 05:01:49,025 [49835f94-14b4-44df-a6e0-f69154e42310-groupManagement] INFO  server.RaftServer$Division (RaftServerImpl.java:start(342)) - 49835f94-14b4-44df-a6e0-f69154e42310@group-A97556893AFE: start as a follower, conf=-1: peers:[ba5cf16e-7b97-4e1d-8791-bccb4873d66e|rpc:10.1.0.24:15086|admin:10.1.0.24:15085|client:10.1.0.24:15084|dataStream:10.1.0.24:15087|priority:0|startupRole:FOLLOWER, 49835f94-14b4-44df-a6e0-f69154e42310|rpc:10.1.0.24:15068|admin:10.1.0.24:15067|client:10.1.0.24:15066|dataStream:10.1.0.24:15069|priority:1|startupRole:FOLLOWER, 386b2284-1126-4572-992a-9634c883c70a|rpc:10.1.0.24:15077|admin:10.1.0.24:15076|client:10.1.0.24:15075|dataStream:10.1.0.24:15078|priority:0|startupRole:FOLLOWER]|listeners:[], old=null
2023-09-15 05:01:49,025 [49835f94-14b4-44df-a6e0-f69154e42310-groupManagement] INFO  server.RaftServer$Division (RaftServerImpl.java:setRole(329)) - 49835f94-14b4-44df-a6e0-f69154e42310@group-A97556893AFE: changes role from      null to FOLLOWER at term 0 for startAsFollower
2023-09-15 05:01:49,025 [49835f94-14b4-44df-a6e0-f69154e42310-groupManagement] INFO  impl.RoleInfo (RoleInfo.java:updateAndGet(139)) - 49835f94-14b4-44df-a6e0-f69154e42310: start 49835f94-14b4-44df-a6e0-f69154e42310@group-A97556893AFE-FollowerState
2023-09-15 05:01:49,030 [49835f94-14b4-44df-a6e0-f69154e42310-groupManagement] INFO  util.JmxRegister (JmxRegister.java:tryRegister(44)) - Successfully registered JMX Bean with object name Ratis:service=RaftServer,group=group-A97556893AFE,id=49835f94-14b4-44df-a6e0-f69154e42310
2023-09-15 05:01:49,030 [49835f94-14b4-44df-a6e0-f69154e42310-groupManagement] INFO  server.RaftServerConfigKeys (ConfUtils.java:logGet(46)) - raft.server.snapshot.auto.trigger.enabled = true (custom)
2023-09-15 05:01:49,030 [49835f94-14b4-44df-a6e0-f69154e42310-groupManagement] INFO  server.RaftServerConfigKeys (ConfUtils.java:logGet(46)) - raft.server.snapshot.auto.trigger.threshold = 10000 (custom)
2023-09-15 05:01:49,030 [49835f94-14b4-44df-a6e0-f69154e42310-groupManagement] INFO  server.RaftServerConfigKeys (ConfUtils.java:logGet(46)) - raft.server.snapshot.retention.file.num = 5 (custom)
2023-09-15 05:01:49,030 [49835f94-14b4-44df-a6e0-f69154e42310-groupManagement] INFO  server.RaftServerConfigKeys (ConfUtils.java:logGet(46)) - raft.server.log.purge.upto.snapshot.index = false (default)
2023-09-15 05:01:49,031 [49835f94-14b4-44df-a6e0-f69154e42310@group-A97556893AFE-FollowerState] INFO  server.RaftServerConfigKeys (ConfUtils.java:logFallback(53)) - raft.server.rpc.first-election.timeout.min = 5s (fallback to raft.server.rpc.timeout.min)
2023-09-15 05:01:49,031 [49835f94-14b4-44df-a6e0-f69154e42310@group-A97556893AFE-FollowerState] INFO  server.RaftServerConfigKeys (ConfUtils.java:logFallback(53)) - raft.server.rpc.first-election.timeout.max = 5200ms (fallback to raft.server.rpc.timeout.max)
2023-09-15 05:01:49,032 [PipelineCommandHandlerThread-0] INFO  ratis.XceiverServerRatis (XceiverServerRatis.java:addGroup(804)) - Created group PipelineID=15203ac6-9476-4918-ba21-a97556893afe
2023-09-15 05:01:49,060 [grpc-default-executor-1] INFO  server.RaftServer (RaftServerProxy.java:addNew(98)) - ba5cf16e-7b97-4e1d-8791-bccb4873d66e: addNew group-A97556893AFE:[ba5cf16e-7b97-4e1d-8791-bccb4873d66e|rpc:10.1.0.24:15086|admin:10.1.0.24:15085|client:10.1.0.24:15084|dataStream:10.1.0.24:15087|priority:0|startupRole:FOLLOWER, 49835f94-14b4-44df-a6e0-f69154e42310|rpc:10.1.0.24:15068|admin:10.1.0.24:15067|client:10.1.0.24:15066|dataStream:10.1.0.24:15069|priority:1|startupRole:FOLLOWER, 386b2284-1126-4572-992a-9634c883c70a|rpc:10.1.0.24:15077|admin:10.1.0.24:15076|client:10.1.0.24:15075|dataStream:10.1.0.24:15078|priority:0|startupRole:FOLLOWER] returns group-A97556893AFE:java.util.concurrent.CompletableFuture@115a709f[Not completed]
2023-09-15 05:01:49,063 [ba5cf16e-7b97-4e1d-8791-bccb4873d66e-groupManagement] INFO  server.RaftServer$Division (RaftServerImpl.java:<init>(198)) - ba5cf16e-7b97-4e1d-8791-bccb4873d66e: new RaftServerImpl for group-A97556893AFE:[ba5cf16e-7b97-4e1d-8791-bccb4873d66e|rpc:10.1.0.24:15086|admin:10.1.0.24:15085|client:10.1.0.24:15084|dataStream:10.1.0.24:15087|priority:0|startupRole:FOLLOWER, 49835f94-14b4-44df-a6e0-f69154e42310|rpc:10.1.0.24:15068|admin:10.1.0.24:15067|client:10.1.0.24:15066|dataStream:10.1.0.24:15069|priority:1|startupRole:FOLLOWER, 386b2284-1126-4572-992a-9634c883c70a|rpc:10.1.0.24:15077|admin:10.1.0.24:15076|client:10.1.0.24:15075|dataStream:10.1.0.24:15078|priority:0|startupRole:FOLLOWER] with ContainerStateMachine:uninitialized
2023-09-15 05:01:49,063 [ba5cf16e-7b97-4e1d-8791-bccb4873d66e-groupManagement] INFO  server.RaftServerConfigKeys (ConfUtils.java:logGet(46)) - raft.server.rpc.timeout.min = 5s (custom)
2023-09-15 05:01:49,063 [ba5cf16e-7b97-4e1d-8791-bccb4873d66e-groupManagement] INFO  server.RaftServerConfigKeys (ConfUtils.java:logGet(46)) - raft.server.rpc.timeout.max = 5200ms (custom)
2023-09-15 05:01:49,063 [ba5cf16e-7b97-4e1d-8791-bccb4873d66e-groupManagement] INFO  server.RaftServerConfigKeys (ConfUtils.java:logGet(46)) - raft.server.rpc.sleep.time = 25ms (default)
2023-09-15 05:01:49,063 [ba5cf16e-7b97-4e1d-8791-bccb4873d66e-groupManagement] INFO  server.RaftServerConfigKeys (ConfUtils.java:logGet(46)) - raft.server.rpc.slowness.timeout = 300s (custom)
2023-09-15 05:01:49,063 [ba5cf16e-7b97-4e1d-8791-bccb4873d66e-groupManagement] INFO  server.RaftServerConfigKeys (ConfUtils.java:logGet(46)) - raft.server.leaderelection.leader.step-down.wait-time = 10s (default)
2023-09-15 05:01:49,063 [ba5cf16e-7b97-4e1d-8791-bccb4873d66e-groupManagement] INFO  server.RaftServerConfigKeys (ConfUtils.java:logGet(46)) - raft.server.sleep.deviation.threshold = 300ms (default)
2023-09-15 05:01:49,063 [ba5cf16e-7b97-4e1d-8791-bccb4873d66e-groupManagement] INFO  server.RaftServer$Division (ServerState.java:<init>(120)) - ba5cf16e-7b97-4e1d-8791-bccb4873d66e@group-A97556893AFE: ConfigurationManager, init=-1: peers:[ba5cf16e-7b97-4e1d-8791-bccb4873d66e|rpc:10.1.0.24:15086|admin:10.1.0.24:15085|client:10.1.0.24:15084|dataStream:10.1.0.24:15087|priority:0|startupRole:FOLLOWER, 49835f94-14b4-44df-a6e0-f69154e42310|rpc:10.1.0.24:15068|admin:10.1.0.24:15067|client:10.1.0.24:15066|dataStream:10.1.0.24:15069|priority:1|startupRole:FOLLOWER, 386b2284-1126-4572-992a-9634c883c70a|rpc:10.1.0.24:15077|admin:10.1.0.24:15076|client:10.1.0.24:15075|dataStream:10.1.0.24:15078|priority:0|startupRole:FOLLOWER]|listeners:[], old=null, confs=<EMPTY_MAP>
2023-09-15 05:01:49,063 [ba5cf16e-7b97-4e1d-8791-bccb4873d66e-groupManagement] INFO  server.RaftServerConfigKeys (ConfUtils.java:logGet(46)) - raft.server.storage.dir = [/home/runner/work/ozone/ozone/hadoop-ozone/integration-test/target/test-dir/MiniOzoneClusterImpl-0a18362f-1832-4b81-b629-935968d04e12/datanode-8/data/ratis] (custom)
2023-09-15 05:01:49,064 [ba5cf16e-7b97-4e1d-8791-bccb4873d66e-groupManagement] INFO  server.RaftServerConfigKeys (ConfUtils.java:logGet(46)) - raft.server.log.corruption.policy = EXCEPTION (default)
2023-09-15 05:01:49,064 [ba5cf16e-7b97-4e1d-8791-bccb4873d66e-groupManagement] INFO  server.RaftServerConfigKeys (ConfUtils.java:logGet(46)) - raft.server.storage.free-space.min = 0MB (=0) (default)
2023-09-15 05:01:49,064 [ba5cf16e-7b97-4e1d-8791-bccb4873d66e-groupManagement] INFO  server.RaftServerConfigKeys (ConfUtils.java:logGet(46)) - raft.server.notification.no-leader.timeout = 300s (custom)
2023-09-15 05:01:49,064 [ba5cf16e-7b97-4e1d-8791-bccb4873d66e-groupManagement] INFO  server.RaftServerConfigKeys (ConfUtils.java:logGet(46)) - raft.server.read.timeout = 10s (default)
2023-09-15 05:01:49,064 [ba5cf16e-7b97-4e1d-8791-bccb4873d66e-groupManagement] INFO  server.RaftServerConfigKeys (ConfUtils.java:logGet(46)) - raft.server.retrycache.expirytime = 600000ms (custom)
2023-09-15 05:01:49,064 [ba5cf16e-7b97-4e1d-8791-bccb4873d66e-groupManagement] INFO  server.RaftServerConfigKeys (ConfUtils.java:logGet(46)) - raft.server.retrycache.statistics.expirytime = 100μs (default)
2023-09-15 05:01:49,064 [ba5cf16e-7b97-4e1d-8791-bccb4873d66e-groupManagement] INFO  server.RaftServerConfigKeys (ConfUtils.java:logGet(46)) - raft.server.read.option = DEFAULT (default)
2023-09-15 05:01:49,067 [ba5cf16e-7b97-4e1d-8791-bccb4873d66e-groupManagement] INFO  server.RaftServerConfigKeys (ConfUtils.java:logGet(46)) - raft.server.rpc.request.timeout = 60s (custom)
2023-09-15 05:01:49,067 [ba5cf16e-7b97-4e1d-8791-bccb4873d66e-groupManagement] INFO  server.RaftServerConfigKeys (ConfUtils.java:logGet(46)) - raft.server.log.appender.install.snapshot.enabled = false (custom)
2023-09-15 05:01:49,067 [ba5cf16e-7b97-4e1d-8791-bccb4873d66e-groupManagement] INFO  server.RaftServerConfigKeys (ConfUtils.java:logGet(46)) - raft.server.threadpool.server.cached = true (default)
2023-09-15 05:01:49,067 [ba5cf16e-7b97-4e1d-8791-bccb4873d66e-groupManagement] INFO  server.RaftServerConfigKeys (ConfUtils.java:logGet(46)) - raft.server.threadpool.server.size = 0 (default)
2023-09-15 05:01:49,067 [ba5cf16e-7b97-4e1d-8791-bccb4873d66e-groupManagement] INFO  server.RaftServerConfigKeys (ConfUtils.java:logGet(46)) - raft.server.threadpool.client.cached = true (default)
2023-09-15 05:01:49,067 [ba5cf16e-7b97-4e1d-8791-bccb4873d66e-groupManagement] INFO  server.RaftServerConfigKeys (ConfUtils.java:logGet(46)) - raft.server.threadpool.client.size = 0 (default)
2023-09-15 05:01:49,068 [ba5cf16e-7b97-4e1d-8791-bccb4873d66e-groupManagement] INFO  storage.RaftStorageDirectory (RaftStorageDirectoryImpl.java:analyzeStorage(137)) - The storage directory /home/runner/work/ozone/ozone/hadoop-ozone/integration-test/target/test-dir/MiniOzoneClusterImpl-0a18362f-1832-4b81-b629-935968d04e12/datanode-8/data/ratis/15203ac6-9476-4918-ba21-a97556893afe does not exist. Creating ...
2023-09-15 05:01:49,069 [ba5cf16e-7b97-4e1d-8791-bccb4873d66e-groupManagement] INFO  storage.RaftStorageDirectory (RaftStorageDirectoryImpl.java:tryLock(231)) - Lock on /home/runner/work/ozone/ozone/hadoop-ozone/integration-test/target/test-dir/MiniOzoneClusterImpl-0a18362f-1832-4b81-b629-935968d04e12/datanode-8/data/ratis/15203ac6-9476-4918-ba21-a97556893afe/in_use.lock acquired by nodename 87703@fv-az371-27
2023-09-15 05:01:49,070 [ba5cf16e-7b97-4e1d-8791-bccb4873d66e-groupManagement] INFO  storage.RaftStorage (RaftStorageImpl.java:format(96)) - Storage directory /home/runner/work/ozone/ozone/hadoop-ozone/integration-test/target/test-dir/MiniOzoneClusterImpl-0a18362f-1832-4b81-b629-935968d04e12/datanode-8/data/ratis/15203ac6-9476-4918-ba21-a97556893afe has been successfully formatted.
2023-09-15 05:01:49,073 [ba5cf16e-7b97-4e1d-8791-bccb4873d66e-groupManagement] INFO  ratis.ContainerStateMachine (ContainerStateMachine.java:loadSnapshot(262)) - group-A97556893AFE: The snapshot info is null. Setting the last applied indexto:(t:0, i:~)
2023-09-15 05:01:49,073 [ba5cf16e-7b97-4e1d-8791-bccb4873d66e-groupManagement] INFO  server.RaftServerConfigKeys (ConfUtils.java:logGet(46)) - raft.server.log.use.memory = false (default)
2023-09-15 05:01:49,073 [ba5cf16e-7b97-4e1d-8791-bccb4873d66e-groupManagement] INFO  server.RaftServerConfigKeys (ConfUtils.java:logGet(46)) - raft.server.log.purge.gap = 1000000 (custom)
2023-09-15 05:01:49,073 [ba5cf16e-7b97-4e1d-8791-bccb4873d66e-groupManagement] INFO  server.RaftServerConfigKeys (ConfUtils.java:logGet(46)) - raft.server.log.appender.buffer.byte-limit = 33554432 (custom)
2023-09-15 05:01:49,073 [ba5cf16e-7b97-4e1d-8791-bccb4873d66e-groupManagement] INFO  server.RaftServerConfigKeys (ConfUtils.java:logGet(46)) - raft.server.log.statemachine.data.read.timeout = 1000ms (default)
2023-09-15 05:01:49,074 [ba5cf16e-7b97-4e1d-8791-bccb4873d66e-groupManagement] INFO  server.RaftServerConfigKeys (ConfUtils.java:logGet(46)) - raft.server.log.purge.preservation.log.num = 0 (default)
2023-09-15 05:01:49,076 [ba5cf16e-7b97-4e1d-8791-bccb4873d66e-groupManagement] INFO  server.RaftServerConfigKeys (ConfUtils.java:logGet(46)) - raft.server.log.segment.size.max = 1048576 (custom)
2023-09-15 05:01:49,076 [ba5cf16e-7b97-4e1d-8791-bccb4873d66e-groupManagement] INFO  server.RaftServerConfigKeys (ConfUtils.java:logGet(46)) - raft.server.log.segment.cache.num.max = 2 (custom)
2023-09-15 05:01:49,076 [ba5cf16e-7b97-4e1d-8791-bccb4873d66e-groupManagement] INFO  server.RaftServerConfigKeys (ConfUtils.java:logGet(46)) - raft.server.log.segment.cache.size.max = 200MB (=209715200) (default)
2023-09-15 05:01:49,076 [ba5cf16e-7b97-4e1d-8791-bccb4873d66e-groupManagement] INFO  server.RaftServerConfigKeys (ConfUtils.java:logGet(46)) - raft.server.log.appender.buffer.byte-limit = 33554432 (custom)
2023-09-15 05:01:49,076 [ba5cf16e-7b97-4e1d-8791-bccb4873d66e-groupManagement] INFO  segmented.SegmentedRaftLogWorker (SegmentedRaftLogWorker.java:<init>(188)) - new ba5cf16e-7b97-4e1d-8791-bccb4873d66e@group-A97556893AFE-SegmentedRaftLogWorker for RaftStorageImpl:Storage Directory /home/runner/work/ozone/ozone/hadoop-ozone/integration-test/target/test-dir/MiniOzoneClusterImpl-0a18362f-1832-4b81-b629-935968d04e12/datanode-8/data/ratis/15203ac6-9476-4918-ba21-a97556893afe
2023-09-15 05:01:49,076 [ba5cf16e-7b97-4e1d-8791-bccb4873d66e-groupManagement] INFO  server.RaftServerConfigKeys (ConfUtils.java:logGet(46)) - raft.server.log.queue.byte-limit = 4294967296 (custom)
2023-09-15 05:01:49,076 [ba5cf16e-7b97-4e1d-8791-bccb4873d66e-groupManagement] INFO  server.RaftServerConfigKeys (ConfUtils.java:logGet(46)) - raft.server.log.queue.element-limit = 1024 (custom)
2023-09-15 05:01:49,077 [ba5cf16e-7b97-4e1d-8791-bccb4873d66e-groupManagement] INFO  server.RaftServerConfigKeys (ConfUtils.java:logGet(46)) - raft.server.log.segment.size.max = 1048576 (custom)
2023-09-15 05:01:49,077 [ba5cf16e-7b97-4e1d-8791-bccb4873d66e-groupManagement] INFO  server.RaftServerConfigKeys (ConfUtils.java:logGet(46)) - raft.server.log.preallocated.size = 16384 (custom)
2023-09-15 05:01:49,077 [ba5cf16e-7b97-4e1d-8791-bccb4873d66e-groupManagement] INFO  server.RaftServerConfigKeys (ConfUtils.java:logGet(46)) - raft.server.log.force.sync.num = 128 (default)
2023-09-15 05:01:49,077 [ba5cf16e-7b97-4e1d-8791-bccb4873d66e-groupManagement] INFO  server.RaftServerConfigKeys (ConfUtils.java:logGet(46)) - raft.server.log.statemachine.data.sync = true (default)
2023-09-15 05:01:49,077 [ba5cf16e-7b97-4e1d-8791-bccb4873d66e-groupManagement] INFO  server.RaftServerConfigKeys (ConfUtils.java:logGet(46)) - raft.server.log.statemachine.data.sync.timeout = 10s (default)
2023-09-15 05:01:49,077 [ba5cf16e-7b97-4e1d-8791-bccb4873d66e-groupManagement] INFO  server.RaftServerConfigKeys (ConfUtils.java:logGet(46)) - raft.server.log.statemachine.data.sync.timeout.retry = -1 (default)
2023-09-15 05:01:49,078 [ba5cf16e-7b97-4e1d-8791-bccb4873d66e-groupManagement] INFO  server.RaftServerConfigKeys (ConfUtils.java:logGet(46)) - raft.server.log.write.buffer.size = 1048576 (custom)
2023-09-15 05:01:49,079 [ba5cf16e-7b97-4e1d-8791-bccb4873d66e-groupManagement] INFO  server.RaftServerConfigKeys (ConfUtils.java:logGet(46)) - raft.server.log.appender.buffer.byte-limit = 33554432 (custom)
2023-09-15 05:01:49,084 [ba5cf16e-7b97-4e1d-8791-bccb4873d66e-groupManagement] INFO  server.RaftServerConfigKeys (ConfUtils.java:logGet(46)) - raft.server.log.unsafe-flush.enabled = false (default)
2023-09-15 05:01:49,084 [ba5cf16e-7b97-4e1d-8791-bccb4873d66e-groupManagement] INFO  server.RaftServerConfigKeys (ConfUtils.java:logGet(46)) - raft.server.log.async-flush.enabled = false (default)
2023-09-15 05:01:49,084 [ba5cf16e-7b97-4e1d-8791-bccb4873d66e-groupManagement] INFO  server.RaftServerConfigKeys (ConfUtils.java:logGet(46)) - raft.server.log.statemachine.data.caching.enabled = true (custom)
2023-09-15 05:01:49,085 [ba5cf16e-7b97-4e1d-8791-bccb4873d66e-groupManagement] INFO  segmented.SegmentedRaftLogWorker (SegmentedRaftLogWorker.java:lambda$new$0(135)) - ba5cf16e-7b97-4e1d-8791-bccb4873d66e@group-A97556893AFE-SegmentedRaftLogWorker: flushIndex: setUnconditionally 0 -> -1
2023-09-15 05:01:49,085 [ba5cf16e-7b97-4e1d-8791-bccb4873d66e-groupManagement] INFO  segmented.SegmentedRaftLogWorker (SegmentedRaftLogWorker.java:lambda$new$0(135)) - ba5cf16e-7b97-4e1d-8791-bccb4873d66e@group-A97556893AFE-SegmentedRaftLogWorker: safeCacheEvictIndex: setUnconditionally 0 -> -1
2023-09-15 05:01:49,086 [ba5cf16e-7b97-4e1d-8791-bccb4873d66e-groupManagement] INFO  server.RaftServer$Division (RaftServerImpl.java:start(342)) - ba5cf16e-7b97-4e1d-8791-bccb4873d66e@group-A97556893AFE: start as a follower, conf=-1: peers:[ba5cf16e-7b97-4e1d-8791-bccb4873d66e|rpc:10.1.0.24:15086|admin:10.1.0.24:15085|client:10.1.0.24:15084|dataStream:10.1.0.24:15087|priority:0|startupRole:FOLLOWER, 49835f94-14b4-44df-a6e0-f69154e42310|rpc:10.1.0.24:15068|admin:10.1.0.24:15067|client:10.1.0.24:15066|dataStream:10.1.0.24:15069|priority:1|startupRole:FOLLOWER, 386b2284-1126-4572-992a-9634c883c70a|rpc:10.1.0.24:15077|admin:10.1.0.24:15076|client:10.1.0.24:15075|dataStream:10.1.0.24:15078|priority:0|startupRole:FOLLOWER]|listeners:[], old=null
2023-09-15 05:01:49,086 [ba5cf16e-7b97-4e1d-8791-bccb4873d66e-groupManagement] INFO  server.RaftServer$Division (RaftServerImpl.java:setRole(329)) - ba5cf16e-7b97-4e1d-8791-bccb4873d66e@group-A97556893AFE: changes role from      null to FOLLOWER at term 0 for startAsFollower
2023-09-15 05:01:49,086 [ba5cf16e-7b97-4e1d-8791-bccb4873d66e-groupManagement] INFO  impl.RoleInfo (RoleInfo.java:updateAndGet(139)) - ba5cf16e-7b97-4e1d-8791-bccb4873d66e: start ba5cf16e-7b97-4e1d-8791-bccb4873d66e@group-A97556893AFE-FollowerState
2023-09-15 05:01:49,089 [ba5cf16e-7b97-4e1d-8791-bccb4873d66e-groupManagement] INFO  util.JmxRegister (JmxRegister.java:tryRegister(44)) - Successfully registered JMX Bean with object name Ratis:service=RaftServer,group=group-A97556893AFE,id=ba5cf16e-7b97-4e1d-8791-bccb4873d66e
2023-09-15 05:01:49,089 [ba5cf16e-7b97-4e1d-8791-bccb4873d66e-groupManagement] INFO  server.RaftServerConfigKeys (ConfUtils.java:logGet(46)) - raft.server.snapshot.auto.trigger.enabled = true (custom)
2023-09-15 05:01:49,089 [ba5cf16e-7b97-4e1d-8791-bccb4873d66e-groupManagement] INFO  server.RaftServerConfigKeys (ConfUtils.java:logGet(46)) - raft.server.snapshot.auto.trigger.threshold = 10000 (custom)
2023-09-15 05:01:49,089 [ba5cf16e-7b97-4e1d-8791-bccb4873d66e-groupManagement] INFO  server.RaftServerConfigKeys (ConfUtils.java:logGet(46)) - raft.server.snapshot.retention.file.num = 5 (custom)
2023-09-15 05:01:49,089 [ba5cf16e-7b97-4e1d-8791-bccb4873d66e-groupManagement] INFO  server.RaftServerConfigKeys (ConfUtils.java:logGet(46)) - raft.server.log.purge.upto.snapshot.index = false (default)
2023-09-15 05:01:49,090 [ba5cf16e-7b97-4e1d-8791-bccb4873d66e@group-A97556893AFE-FollowerState] INFO  server.RaftServerConfigKeys (ConfUtils.java:logFallback(53)) - raft.server.rpc.first-election.timeout.min = 5s (fallback to raft.server.rpc.timeout.min)
2023-09-15 05:01:49,090 [ba5cf16e-7b97-4e1d-8791-bccb4873d66e@group-A97556893AFE-FollowerState] INFO  server.RaftServerConfigKeys (ConfUtils.java:logFallback(53)) - raft.server.rpc.first-election.timeout.max = 5200ms (fallback to raft.server.rpc.timeout.max)
2023-09-15 05:01:49,116 [grpc-default-executor-1] INFO  server.RaftServer (RaftServerProxy.java:addNew(98)) - 386b2284-1126-4572-992a-9634c883c70a: addNew group-A97556893AFE:[ba5cf16e-7b97-4e1d-8791-bccb4873d66e|rpc:10.1.0.24:15086|admin:10.1.0.24:15085|client:10.1.0.24:15084|dataStream:10.1.0.24:15087|priority:0|startupRole:FOLLOWER, 49835f94-14b4-44df-a6e0-f69154e42310|rpc:10.1.0.24:15068|admin:10.1.0.24:15067|client:10.1.0.24:15066|dataStream:10.1.0.24:15069|priority:1|startupRole:FOLLOWER, 386b2284-1126-4572-992a-9634c883c70a|rpc:10.1.0.24:15077|admin:10.1.0.24:15076|client:10.1.0.24:15075|dataStream:10.1.0.24:15078|priority:0|startupRole:FOLLOWER] returns group-A97556893AFE:java.util.concurrent.CompletableFuture@4879e20[Not completed]
2023-09-15 05:01:49,120 [386b2284-1126-4572-992a-9634c883c70a-groupManagement] INFO  server.RaftServer$Division (RaftServerImpl.java:<init>(198)) - 386b2284-1126-4572-992a-9634c883c70a: new RaftServerImpl for group-A97556893AFE:[ba5cf16e-7b97-4e1d-8791-bccb4873d66e|rpc:10.1.0.24:15086|admin:10.1.0.24:15085|client:10.1.0.24:15084|dataStream:10.1.0.24:15087|priority:0|startupRole:FOLLOWER, 49835f94-14b4-44df-a6e0-f69154e42310|rpc:10.1.0.24:15068|admin:10.1.0.24:15067|client:10.1.0.24:15066|dataStream:10.1.0.24:15069|priority:1|startupRole:FOLLOWER, 386b2284-1126-4572-992a-9634c883c70a|rpc:10.1.0.24:15077|admin:10.1.0.24:15076|client:10.1.0.24:15075|dataStream:10.1.0.24:15078|priority:0|startupRole:FOLLOWER] with ContainerStateMachine:uninitialized
2023-09-15 05:01:49,120 [386b2284-1126-4572-992a-9634c883c70a-groupManagement] INFO  server.RaftServerConfigKeys (ConfUtils.java:logGet(46)) - raft.server.rpc.timeout.min = 5s (custom)
2023-09-15 05:01:49,120 [386b2284-1126-4572-992a-9634c883c70a-groupManagement] INFO  server.RaftServerConfigKeys (ConfUtils.java:logGet(46)) - raft.server.rpc.timeout.max = 5200ms (custom)
2023-09-15 05:01:49,120 [386b2284-1126-4572-992a-9634c883c70a-groupManagement] INFO  server.RaftServerConfigKeys (ConfUtils.java:logGet(46)) - raft.server.rpc.sleep.time = 25ms (default)
2023-09-15 05:01:49,120 [386b2284-1126-4572-992a-9634c883c70a-groupManagement] INFO  server.RaftServerConfigKeys (ConfUtils.java:logGet(46)) - raft.server.rpc.slowness.timeout = 300s (custom)
2023-09-15 05:01:49,120 [386b2284-1126-4572-992a-9634c883c70a-groupManagement] INFO  server.RaftServerConfigKeys (ConfUtils.java:logGet(46)) - raft.server.leaderelection.leader.step-down.wait-time = 10s (default)
2023-09-15 05:01:49,122 [386b2284-1126-4572-992a-9634c883c70a-groupManagement] INFO  server.RaftServerConfigKeys (ConfUtils.java:logGet(46)) - raft.server.sleep.deviation.threshold = 300ms (default)
2023-09-15 05:01:49,122 [386b2284-1126-4572-992a-9634c883c70a-groupManagement] INFO  server.RaftServer$Division (ServerState.java:<init>(120)) - 386b2284-1126-4572-992a-9634c883c70a@group-A97556893AFE: ConfigurationManager, init=-1: peers:[ba5cf16e-7b97-4e1d-8791-bccb4873d66e|rpc:10.1.0.24:15086|admin:10.1.0.24:15085|client:10.1.0.24:15084|dataStream:10.1.0.24:15087|priority:0|startupRole:FOLLOWER, 49835f94-14b4-44df-a6e0-f69154e42310|rpc:10.1.0.24:15068|admin:10.1.0.24:15067|client:10.1.0.24:15066|dataStream:10.1.0.24:15069|priority:1|startupRole:FOLLOWER, 386b2284-1126-4572-992a-9634c883c70a|rpc:10.1.0.24:15077|admin:10.1.0.24:15076|client:10.1.0.24:15075|dataStream:10.1.0.24:15078|priority:0|startupRole:FOLLOWER]|listeners:[], old=null, confs=<EMPTY_MAP>
2023-09-15 05:01:49,122 [386b2284-1126-4572-992a-9634c883c70a-groupManagement] INFO  server.RaftServerConfigKeys (ConfUtils.java:logGet(46)) - raft.server.storage.dir = [/home/runner/work/ozone/ozone/hadoop-ozone/integration-test/target/test-dir/MiniOzoneClusterImpl-0a18362f-1832-4b81-b629-935968d04e12/datanode-7/data/ratis] (custom)
2023-09-15 05:01:49,123 [386b2284-1126-4572-992a-9634c883c70a-groupManagement] INFO  server.RaftServerConfigKeys (ConfUtils.java:logGet(46)) - raft.server.log.corruption.policy = EXCEPTION (default)
2023-09-15 05:01:49,123 [386b2284-1126-4572-992a-9634c883c70a-groupManagement] INFO  server.RaftServerConfigKeys (ConfUtils.java:logGet(46)) - raft.server.storage.free-space.min = 0MB (=0) (default)
2023-09-15 05:01:49,123 [386b2284-1126-4572-992a-9634c883c70a-groupManagement] INFO  server.RaftServerConfigKeys (ConfUtils.java:logGet(46)) - raft.server.notification.no-leader.timeout = 300s (custom)
2023-09-15 05:01:49,123 [386b2284-1126-4572-992a-9634c883c70a-groupManagement] INFO  server.RaftServerConfigKeys (ConfUtils.java:logGet(46)) - raft.server.read.timeout = 10s (default)
2023-09-15 05:01:49,123 [386b2284-1126-4572-992a-9634c883c70a-groupManagement] INFO  server.RaftServerConfigKeys (ConfUtils.java:logGet(46)) - raft.server.retrycache.expirytime = 600000ms (custom)
2023-09-15 05:01:49,123 [386b2284-1126-4572-992a-9634c883c70a-groupManagement] INFO  server.RaftServerConfigKeys (ConfUtils.java:logGet(46)) - raft.server.retrycache.statistics.expirytime = 100μs (default)
2023-09-15 05:01:49,123 [386b2284-1126-4572-992a-9634c883c70a-groupManagement] INFO  server.RaftServerConfigKeys (ConfUtils.java:logGet(46)) - raft.server.read.option = DEFAULT (default)
2023-09-15 05:01:49,125 [386b2284-1126-4572-992a-9634c883c70a-groupManagement] INFO  server.RaftServerConfigKeys (ConfUtils.java:logGet(46)) - raft.server.rpc.request.timeout = 60s (custom)
2023-09-15 05:01:49,125 [386b2284-1126-4572-992a-9634c883c70a-groupManagement] INFO  server.RaftServerConfigKeys (ConfUtils.java:logGet(46)) - raft.server.log.appender.install.snapshot.enabled = false (custom)
2023-09-15 05:01:49,125 [386b2284-1126-4572-992a-9634c883c70a-groupManagement] INFO  server.RaftServerConfigKeys (ConfUtils.java:logGet(46)) - raft.server.threadpool.server.cached = true (default)
2023-09-15 05:01:49,125 [386b2284-1126-4572-992a-9634c883c70a-groupManagement] INFO  server.RaftServerConfigKeys (ConfUtils.java:logGet(46)) - raft.server.threadpool.server.size = 0 (default)
2023-09-15 05:01:49,125 [386b2284-1126-4572-992a-9634c883c70a-groupManagement] INFO  server.RaftServerConfigKeys (ConfUtils.java:logGet(46)) - raft.server.threadpool.client.cached = true (default)
2023-09-15 05:01:49,125 [386b2284-1126-4572-992a-9634c883c70a-groupManagement] INFO  server.RaftServerConfigKeys (ConfUtils.java:logGet(46)) - raft.server.threadpool.client.size = 0 (default)
2023-09-15 05:01:49,125 [386b2284-1126-4572-992a-9634c883c70a-groupManagement] INFO  storage.RaftStorageDirectory (RaftStorageDirectoryImpl.java:analyzeStorage(137)) - The storage directory /home/runner/work/ozone/ozone/hadoop-ozone/integration-test/target/test-dir/MiniOzoneClusterImpl-0a18362f-1832-4b81-b629-935968d04e12/datanode-7/data/ratis/15203ac6-9476-4918-ba21-a97556893afe does not exist. Creating ...
2023-09-15 05:01:49,130 [386b2284-1126-4572-992a-9634c883c70a-groupManagement] INFO  storage.RaftStorageDirectory (RaftStorageDirectoryImpl.java:tryLock(231)) - Lock on /home/runner/work/ozone/ozone/hadoop-ozone/integration-test/target/test-dir/MiniOzoneClusterImpl-0a18362f-1832-4b81-b629-935968d04e12/datanode-7/data/ratis/15203ac6-9476-4918-ba21-a97556893afe/in_use.lock acquired by nodename 87703@fv-az371-27
2023-09-15 05:01:49,132 [386b2284-1126-4572-992a-9634c883c70a-groupManagement] INFO  storage.RaftStorage (RaftStorageImpl.java:format(96)) - Storage directory /home/runner/work/ozone/ozone/hadoop-ozone/integration-test/target/test-dir/MiniOzoneClusterImpl-0a18362f-1832-4b81-b629-935968d04e12/datanode-7/data/ratis/15203ac6-9476-4918-ba21-a97556893afe has been successfully formatted.
2023-09-15 05:01:49,134 [386b2284-1126-4572-992a-9634c883c70a-groupManagement] INFO  ratis.ContainerStateMachine (ContainerStateMachine.java:loadSnapshot(262)) - group-A97556893AFE: The snapshot info is null. Setting the last applied indexto:(t:0, i:~)
2023-09-15 05:01:49,134 [386b2284-1126-4572-992a-9634c883c70a-groupManagement] INFO  server.RaftServerConfigKeys (ConfUtils.java:logGet(46)) - raft.server.log.use.memory = false (default)
2023-09-15 05:01:49,134 [386b2284-1126-4572-992a-9634c883c70a-groupManagement] INFO  server.RaftServerConfigKeys (ConfUtils.java:logGet(46)) - raft.server.log.purge.gap = 1000000 (custom)
2023-09-15 05:01:49,134 [386b2284-1126-4572-992a-9634c883c70a-groupManagement] INFO  server.RaftServerConfigKeys (ConfUtils.java:logGet(46)) - raft.server.log.appender.buffer.byte-limit = 33554432 (custom)
2023-09-15 05:01:49,134 [386b2284-1126-4572-992a-9634c883c70a-groupManagement] INFO  server.RaftServerConfigKeys (ConfUtils.java:logGet(46)) - raft.server.log.statemachine.data.read.timeout = 1000ms (default)
2023-09-15 05:01:49,134 [386b2284-1126-4572-992a-9634c883c70a-groupManagement] INFO  server.RaftServerConfigKeys (ConfUtils.java:logGet(46)) - raft.server.log.purge.preservation.log.num = 0 (default)
2023-09-15 05:01:49,137 [386b2284-1126-4572-992a-9634c883c70a-groupManagement] INFO  server.RaftServerConfigKeys (ConfUtils.java:logGet(46)) - raft.server.log.segment.size.max = 1048576 (custom)
2023-09-15 05:01:49,138 [386b2284-1126-4572-992a-9634c883c70a-groupManagement] INFO  server.RaftServerConfigKeys (ConfUtils.java:logGet(46)) - raft.server.log.segment.cache.num.max = 2 (custom)
2023-09-15 05:01:49,138 [386b2284-1126-4572-992a-9634c883c70a-groupManagement] INFO  server.RaftServerConfigKeys (ConfUtils.java:logGet(46)) - raft.server.log.segment.cache.size.max = 200MB (=209715200) (default)
2023-09-15 05:01:49,138 [386b2284-1126-4572-992a-9634c883c70a-groupManagement] INFO  server.RaftServerConfigKeys (ConfUtils.java:logGet(46)) - raft.server.log.appender.buffer.byte-limit = 33554432 (custom)
2023-09-15 05:01:49,138 [386b2284-1126-4572-992a-9634c883c70a-groupManagement] INFO  segmented.SegmentedRaftLogWorker (SegmentedRaftLogWorker.java:<init>(188)) - new 386b2284-1126-4572-992a-9634c883c70a@group-A97556893AFE-SegmentedRaftLogWorker for RaftStorageImpl:Storage Directory /home/runner/work/ozone/ozone/hadoop-ozone/integration-test/target/test-dir/MiniOzoneClusterImpl-0a18362f-1832-4b81-b629-935968d04e12/datanode-7/data/ratis/15203ac6-9476-4918-ba21-a97556893afe
2023-09-15 05:01:49,138 [386b2284-1126-4572-992a-9634c883c70a-groupManagement] INFO  server.RaftServerConfigKeys (ConfUtils.java:logGet(46)) - raft.server.log.queue.byte-limit = 4294967296 (custom)
2023-09-15 05:01:49,138 [386b2284-1126-4572-992a-9634c883c70a-groupManagement] INFO  server.RaftServerConfigKeys (ConfUtils.java:logGet(46)) - raft.server.log.queue.element-limit = 1024 (custom)
2023-09-15 05:01:49,138 [386b2284-1126-4572-992a-9634c883c70a-groupManagement] INFO  server.RaftServerConfigKeys (ConfUtils.java:logGet(46)) - raft.server.log.segment.size.max = 1048576 (custom)
2023-09-15 05:01:49,139 [386b2284-1126-4572-992a-9634c883c70a-groupManagement] INFO  server.RaftServerConfigKeys (ConfUtils.java:logGet(46)) - raft.server.log.preallocated.size = 16384 (custom)
2023-09-15 05:01:49,139 [386b2284-1126-4572-992a-9634c883c70a-groupManagement] INFO  server.RaftServerConfigKeys (ConfUtils.java:logGet(46)) - raft.server.log.force.sync.num = 128 (default)
2023-09-15 05:01:49,139 [386b2284-1126-4572-992a-9634c883c70a-groupManagement] INFO  server.RaftServerConfigKeys (ConfUtils.java:logGet(46)) - raft.server.log.statemachine.data.sync = true (default)
2023-09-15 05:01:49,139 [386b2284-1126-4572-992a-9634c883c70a-groupManagement] INFO  server.RaftServerConfigKeys (ConfUtils.java:logGet(46)) - raft.server.log.statemachine.data.sync.timeout = 10s (default)
2023-09-15 05:01:49,139 [386b2284-1126-4572-992a-9634c883c70a-groupManagement] INFO  server.RaftServerConfigKeys (ConfUtils.java:logGet(46)) - raft.server.log.statemachine.data.sync.timeout.retry = -1 (default)
2023-09-15 05:01:49,141 [386b2284-1126-4572-992a-9634c883c70a-groupManagement] INFO  server.RaftServerConfigKeys (ConfUtils.java:logGet(46)) - raft.server.log.write.buffer.size = 1048576 (custom)
2023-09-15 05:01:49,143 [386b2284-1126-4572-992a-9634c883c70a-groupManagement] INFO  server.RaftServerConfigKeys (ConfUtils.java:logGet(46)) - raft.server.log.appender.buffer.byte-limit = 33554432 (custom)
2023-09-15 05:01:49,152 [386b2284-1126-4572-992a-9634c883c70a-groupManagement] INFO  server.RaftServerConfigKeys (ConfUtils.java:logGet(46)) - raft.server.log.unsafe-flush.enabled = false (default)
2023-09-15 05:01:49,152 [386b2284-1126-4572-992a-9634c883c70a-groupManagement] INFO  server.RaftServerConfigKeys (ConfUtils.java:logGet(46)) - raft.server.log.async-flush.enabled = false (default)
2023-09-15 05:01:49,152 [386b2284-1126-4572-992a-9634c883c70a-groupManagement] INFO  server.RaftServerConfigKeys (ConfUtils.java:logGet(46)) - raft.server.log.statemachine.data.caching.enabled = true (custom)
2023-09-15 05:01:49,153 [386b2284-1126-4572-992a-9634c883c70a-groupManagement] INFO  segmented.SegmentedRaftLogWorker (SegmentedRaftLogWorker.java:lambda$new$0(135)) - 386b2284-1126-4572-992a-9634c883c70a@group-A97556893AFE-SegmentedRaftLogWorker: flushIndex: setUnconditionally 0 -> -1
2023-09-15 05:01:49,153 [386b2284-1126-4572-992a-9634c883c70a-groupManagement] INFO  segmented.SegmentedRaftLogWorker (SegmentedRaftLogWorker.java:lambda$new$0(135)) - 386b2284-1126-4572-992a-9634c883c70a@group-A97556893AFE-SegmentedRaftLogWorker: safeCacheEvictIndex: setUnconditionally 0 -> -1
2023-09-15 05:01:49,154 [386b2284-1126-4572-992a-9634c883c70a-groupManagement] INFO  server.RaftServer$Division (RaftServerImpl.java:start(342)) - 386b2284-1126-4572-992a-9634c883c70a@group-A97556893AFE: start as a follower, conf=-1: peers:[ba5cf16e-7b97-4e1d-8791-bccb4873d66e|rpc:10.1.0.24:15086|admin:10.1.0.24:15085|client:10.1.0.24:15084|dataStream:10.1.0.24:15087|priority:0|startupRole:FOLLOWER, 49835f94-14b4-44df-a6e0-f69154e42310|rpc:10.1.0.24:15068|admin:10.1.0.24:15067|client:10.1.0.24:15066|dataStream:10.1.0.24:15069|priority:1|startupRole:FOLLOWER, 386b2284-1126-4572-992a-9634c883c70a|rpc:10.1.0.24:15077|admin:10.1.0.24:15076|client:10.1.0.24:15075|dataStream:10.1.0.24:15078|priority:0|startupRole:FOLLOWER]|listeners:[], old=null
2023-09-15 05:01:49,154 [386b2284-1126-4572-992a-9634c883c70a-groupManagement] INFO  server.RaftServer$Division (RaftServerImpl.java:setRole(329)) - 386b2284-1126-4572-992a-9634c883c70a@group-A97556893AFE: changes role from      null to FOLLOWER at term 0 for startAsFollower
2023-09-15 05:01:49,154 [386b2284-1126-4572-992a-9634c883c70a-groupManagement] INFO  impl.RoleInfo (RoleInfo.java:updateAndGet(139)) - 386b2284-1126-4572-992a-9634c883c70a: start 386b2284-1126-4572-992a-9634c883c70a@group-A97556893AFE-FollowerState
2023-09-15 05:01:49,156 [386b2284-1126-4572-992a-9634c883c70a-groupManagement] INFO  util.JmxRegister (JmxRegister.java:tryRegister(44)) - Successfully registered JMX Bean with object name Ratis:service=RaftServer,group=group-A97556893AFE,id=386b2284-1126-4572-992a-9634c883c70a
2023-09-15 05:01:49,157 [386b2284-1126-4572-992a-9634c883c70a-groupManagement] INFO  server.RaftServerConfigKeys (ConfUtils.java:logGet(46)) - raft.server.snapshot.auto.trigger.enabled = true (custom)
2023-09-15 05:01:49,157 [386b2284-1126-4572-992a-9634c883c70a-groupManagement] INFO  server.RaftServerConfigKeys (ConfUtils.java:logGet(46)) - raft.server.snapshot.auto.trigger.threshold = 10000 (custom)
2023-09-15 05:01:49,157 [386b2284-1126-4572-992a-9634c883c70a-groupManagement] INFO  server.RaftServerConfigKeys (ConfUtils.java:logGet(46)) - raft.server.snapshot.retention.file.num = 5 (custom)
2023-09-15 05:01:49,157 [386b2284-1126-4572-992a-9634c883c70a-groupManagement] INFO  server.RaftServerConfigKeys (ConfUtils.java:logGet(46)) - raft.server.log.purge.upto.snapshot.index = false (default)
2023-09-15 05:01:49,157 [386b2284-1126-4572-992a-9634c883c70a@group-A97556893AFE-FollowerState] INFO  server.RaftServerConfigKeys (ConfUtils.java:logFallback(53)) - raft.server.rpc.first-election.timeout.min = 5s (fallback to raft.server.rpc.timeout.min)
2023-09-15 05:01:49,158 [386b2284-1126-4572-992a-9634c883c70a@group-A97556893AFE-FollowerState] INFO  server.RaftServerConfigKeys (ConfUtils.java:logFallback(53)) - raft.server.rpc.first-election.timeout.max = 5200ms (fallback to raft.server.rpc.timeout.max)
2023-09-15 05:01:49,174 [PipelineCommandHandlerThread-0] INFO  commandhandler.CreatePipelineCommandHandler (CreatePipelineCommandHandler.java:lambda$handle$2(124)) - Created Pipeline RATIS THREE PipelineID=15203ac6-9476-4918-ba21-a97556893afe.
2023-09-15 05:01:49,174 [PipelineCommandHandlerThread-0] INFO  server.RaftServer (RaftServerProxy.java:addNew(98)) - 49835f94-14b4-44df-a6e0-f69154e42310: addNew group-18DB07E89AF1:[ba5cf16e-7b97-4e1d-8791-bccb4873d66e|rpc:10.1.0.24:15086|admin:10.1.0.24:15085|client:10.1.0.24:15084|dataStream:10.1.0.24:15087|priority:0|startupRole:FOLLOWER, 49835f94-14b4-44df-a6e0-f69154e42310|rpc:10.1.0.24:15068|admin:10.1.0.24:15067|client:10.1.0.24:15066|dataStream:10.1.0.24:15069|priority:0|startupRole:FOLLOWER, 386b2284-1126-4572-992a-9634c883c70a|rpc:10.1.0.24:15077|admin:10.1.0.24:15076|client:10.1.0.24:15075|dataStream:10.1.0.24:15078|priority:1|startupRole:FOLLOWER] returns group-18DB07E89AF1:java.util.concurrent.CompletableFuture@3ed988a0[Not completed]
2023-09-15 05:01:49,175 [49835f94-14b4-44df-a6e0-f69154e42310-groupManagement] INFO  server.RaftServer$Division (RaftServerImpl.java:<init>(198)) - 49835f94-14b4-44df-a6e0-f69154e42310: new RaftServerImpl for group-18DB07E89AF1:[ba5cf16e-7b97-4e1d-8791-bccb4873d66e|rpc:10.1.0.24:15086|admin:10.1.0.24:15085|client:10.1.0.24:15084|dataStream:10.1.0.24:15087|priority:0|startupRole:FOLLOWER, 49835f94-14b4-44df-a6e0-f69154e42310|rpc:10.1.0.24:15068|admin:10.1.0.24:15067|client:10.1.0.24:15066|dataStream:10.1.0.24:15069|priority:0|startupRole:FOLLOWER, 386b2284-1126-4572-992a-9634c883c70a|rpc:10.1.0.24:15077|admin:10.1.0.24:15076|client:10.1.0.24:15075|dataStream:10.1.0.24:15078|priority:1|startupRole:FOLLOWER] with ContainerStateMachine:uninitialized
2023-09-15 05:01:49,176 [49835f94-14b4-44df-a6e0-f69154e42310-groupManagement] INFO  server.RaftServerConfigKeys (ConfUtils.java:logGet(46)) - raft.server.rpc.timeout.min = 5s (custom)
2023-09-15 05:01:49,176 [49835f94-14b4-44df-a6e0-f69154e42310-groupManagement] INFO  server.RaftServerConfigKeys (ConfUtils.java:logGet(46)) - raft.server.rpc.timeout.max = 5200ms (custom)
2023-09-15 05:01:49,176 [49835f94-14b4-44df-a6e0-f69154e42310-groupManagement] INFO  server.RaftServerConfigKeys (ConfUtils.java:logGet(46)) - raft.server.rpc.sleep.time = 25ms (default)
2023-09-15 05:01:49,176 [49835f94-14b4-44df-a6e0-f69154e42310-groupManagement] INFO  server.RaftServerConfigKeys (ConfUtils.java:logGet(46)) - raft.server.rpc.slowness.timeout = 300s (custom)
2023-09-15 05:01:49,176 [49835f94-14b4-44df-a6e0-f69154e42310-groupManagement] INFO  server.RaftServerConfigKeys (ConfUtils.java:logGet(46)) - raft.server.leaderelection.leader.step-down.wait-time = 10s (default)
2023-09-15 05:01:49,176 [49835f94-14b4-44df-a6e0-f69154e42310-groupManagement] INFO  server.RaftServerConfigKeys (ConfUtils.java:logGet(46)) - raft.server.sleep.deviation.threshold = 300ms (default)
2023-09-15 05:01:49,176 [49835f94-14b4-44df-a6e0-f69154e42310-groupManagement] INFO  server.RaftServer$Division (ServerState.java:<init>(120)) - 49835f94-14b4-44df-a6e0-f69154e42310@group-18DB07E89AF1: ConfigurationManager, init=-1: peers:[ba5cf16e-7b97-4e1d-8791-bccb4873d66e|rpc:10.1.0.24:15086|admin:10.1.0.24:15085|client:10.1.0.24:15084|dataStream:10.1.0.24:15087|priority:0|startupRole:FOLLOWER, 49835f94-14b4-44df-a6e0-f69154e42310|rpc:10.1.0.24:15068|admin:10.1.0.24:15067|client:10.1.0.24:15066|dataStream:10.1.0.24:15069|priority:0|startupRole:FOLLOWER, 386b2284-1126-4572-992a-9634c883c70a|rpc:10.1.0.24:15077|admin:10.1.0.24:15076|client:10.1.0.24:15075|dataStream:10.1.0.24:15078|priority:1|startupRole:FOLLOWER]|listeners:[], old=null, confs=<EMPTY_MAP>
2023-09-15 05:01:49,176 [49835f94-14b4-44df-a6e0-f69154e42310-groupManagement] INFO  server.RaftServerConfigKeys (ConfUtils.java:logGet(46)) - raft.server.storage.dir = [/home/runner/work/ozone/ozone/hadoop-ozone/integration-test/target/test-dir/MiniOzoneClusterImpl-0a18362f-1832-4b81-b629-935968d04e12/datanode-6/data/ratis] (custom)
2023-09-15 05:01:49,176 [49835f94-14b4-44df-a6e0-f69154e42310-groupManagement] INFO  server.RaftServerConfigKeys (ConfUtils.java:logGet(46)) - raft.server.log.corruption.policy = EXCEPTION (default)
2023-09-15 05:01:49,176 [49835f94-14b4-44df-a6e0-f69154e42310-groupManagement] INFO  server.RaftServerConfigKeys (ConfUtils.java:logGet(46)) - raft.server.storage.free-space.min = 0MB (=0) (default)
2023-09-15 05:01:49,176 [49835f94-14b4-44df-a6e0-f69154e42310-groupManagement] INFO  server.RaftServerConfigKeys (ConfUtils.java:logGet(46)) - raft.server.notification.no-leader.timeout = 300s (custom)
2023-09-15 05:01:49,176 [49835f94-14b4-44df-a6e0-f69154e42310-groupManagement] INFO  server.RaftServerConfigKeys (ConfUtils.java:logGet(46)) - raft.server.read.timeout = 10s (default)
2023-09-15 05:01:49,176 [49835f94-14b4-44df-a6e0-f69154e42310-groupManagement] INFO  server.RaftServerConfigKeys (ConfUtils.java:logGet(46)) - raft.server.retrycache.expirytime = 600000ms (custom)
2023-09-15 05:01:49,177 [49835f94-14b4-44df-a6e0-f69154e42310-groupManagement] INFO  server.RaftServerConfigKeys (ConfUtils.java:logGet(46)) - raft.server.retrycache.statistics.expirytime = 100μs (default)
2023-09-15 05:01:49,177 [49835f94-14b4-44df-a6e0-f69154e42310-groupManagement] INFO  server.RaftServerConfigKeys (ConfUtils.java:logGet(46)) - raft.server.read.option = DEFAULT (default)
2023-09-15 05:01:49,178 [49835f94-14b4-44df-a6e0-f69154e42310-groupManagement] INFO  server.RaftServerConfigKeys (ConfUtils.java:logGet(46)) - raft.server.rpc.request.timeout = 60s (custom)
2023-09-15 05:01:49,178 [49835f94-14b4-44df-a6e0-f69154e42310-groupManagement] INFO  server.RaftServerConfigKeys (ConfUtils.java:logGet(46)) - raft.server.log.appender.install.snapshot.enabled = false (custom)
2023-09-15 05:01:49,178 [49835f94-14b4-44df-a6e0-f69154e42310-groupManagement] INFO  server.RaftServerConfigKeys (ConfUtils.java:logGet(46)) - raft.server.threadpool.server.cached = true (default)
2023-09-15 05:01:49,178 [49835f94-14b4-44df-a6e0-f69154e42310-groupManagement] INFO  server.RaftServerConfigKeys (ConfUtils.java:logGet(46)) - raft.server.threadpool.server.size = 0 (default)
2023-09-15 05:01:49,178 [49835f94-14b4-44df-a6e0-f69154e42310-groupManagement] INFO  server.RaftServerConfigKeys (ConfUtils.java:logGet(46)) - raft.server.threadpool.client.cached = true (default)
2023-09-15 05:01:49,179 [49835f94-14b4-44df-a6e0-f69154e42310-groupManagement] INFO  server.RaftServerConfigKeys (ConfUtils.java:logGet(46)) - raft.server.threadpool.client.size = 0 (default)
2023-09-15 05:01:49,183 [49835f94-14b4-44df-a6e0-f69154e42310-groupManagement] INFO  storage.RaftStorageDirectory (RaftStorageDirectoryImpl.java:analyzeStorage(137)) - The storage directory /home/runner/work/ozone/ozone/hadoop-ozone/integration-test/target/test-dir/MiniOzoneClusterImpl-0a18362f-1832-4b81-b629-935968d04e12/datanode-6/data/ratis/bc2810cb-2d62-4486-9982-18db07e89af1 does not exist. Creating ...
2023-09-15 05:01:49,184 [49835f94-14b4-44df-a6e0-f69154e42310-groupManagement] INFO  storage.RaftStorageDirectory (RaftStorageDirectoryImpl.java:tryLock(231)) - Lock on /home/runner/work/ozone/ozone/hadoop-ozone/integration-test/target/test-dir/MiniOzoneClusterImpl-0a18362f-1832-4b81-b629-935968d04e12/datanode-6/data/ratis/bc2810cb-2d62-4486-9982-18db07e89af1/in_use.lock acquired by nodename 87703@fv-az371-27
2023-09-15 05:01:49,185 [49835f94-14b4-44df-a6e0-f69154e42310-groupManagement] INFO  storage.RaftStorage (RaftStorageImpl.java:format(96)) - Storage directory /home/runner/work/ozone/ozone/hadoop-ozone/integration-test/target/test-dir/MiniOzoneClusterImpl-0a18362f-1832-4b81-b629-935968d04e12/datanode-6/data/ratis/bc2810cb-2d62-4486-9982-18db07e89af1 has been successfully formatted.
2023-09-15 05:01:49,186 [49835f94-14b4-44df-a6e0-f69154e42310-groupManagement] INFO  ratis.ContainerStateMachine (ContainerStateMachine.java:loadSnapshot(262)) - group-18DB07E89AF1: The snapshot info is null. Setting the last applied indexto:(t:0, i:~)
2023-09-15 05:01:49,186 [49835f94-14b4-44df-a6e0-f69154e42310-groupManagement] INFO  server.RaftServerConfigKeys (ConfUtils.java:logGet(46)) - raft.server.log.use.memory = false (default)
2023-09-15 05:01:49,186 [49835f94-14b4-44df-a6e0-f69154e42310-groupManagement] INFO  server.RaftServerConfigKeys (ConfUtils.java:logGet(46)) - raft.server.log.purge.gap = 1000000 (custom)
2023-09-15 05:01:49,186 [49835f94-14b4-44df-a6e0-f69154e42310-groupManagement] INFO  server.RaftServerConfigKeys (ConfUtils.java:logGet(46)) - raft.server.log.appender.buffer.byte-limit = 33554432 (custom)
2023-09-15 05:01:49,186 [49835f94-14b4-44df-a6e0-f69154e42310-groupManagement] INFO  server.RaftServerConfigKeys (ConfUtils.java:logGet(46)) - raft.server.log.statemachine.data.read.timeout = 1000ms (default)
2023-09-15 05:01:49,186 [49835f94-14b4-44df-a6e0-f69154e42310-groupManagement] INFO  server.RaftServerConfigKeys (ConfUtils.java:logGet(46)) - raft.server.log.purge.preservation.log.num = 0 (default)
2023-09-15 05:01:49,187 [EventQueue-OpenPipelineForHealthyPipelineSafeModeRule] INFO  safemode.SCMSafeModeManager (HealthyPipelineSafeModeRule.java:process(137)) - SCM in safe mode. Healthy pipelines reported count is 0, required healthy pipeline reported count is 1
2023-09-15 05:01:49,188 [49835f94-14b4-44df-a6e0-f69154e42310-groupManagement] INFO  server.RaftServerConfigKeys (ConfUtils.java:logGet(46)) - raft.server.log.segment.size.max = 1048576 (custom)
2023-09-15 05:01:49,188 [49835f94-14b4-44df-a6e0-f69154e42310-groupManagement] INFO  server.RaftServerConfigKeys (ConfUtils.java:logGet(46)) - raft.server.log.segment.cache.num.max = 2 (custom)
2023-09-15 05:01:49,188 [49835f94-14b4-44df-a6e0-f69154e42310-groupManagement] INFO  server.RaftServerConfigKeys (ConfUtils.java:logGet(46)) - raft.server.log.segment.cache.size.max = 200MB (=209715200) (default)
2023-09-15 05:01:49,189 [49835f94-14b4-44df-a6e0-f69154e42310-groupManagement] INFO  server.RaftServerConfigKeys (ConfUtils.java:logGet(46)) - raft.server.log.appender.buffer.byte-limit = 33554432 (custom)
2023-09-15 05:01:49,189 [49835f94-14b4-44df-a6e0-f69154e42310-groupManagement] INFO  segmented.SegmentedRaftLogWorker (SegmentedRaftLogWorker.java:<init>(188)) - new 49835f94-14b4-44df-a6e0-f69154e42310@group-18DB07E89AF1-SegmentedRaftLogWorker for RaftStorageImpl:Storage Directory /home/runner/work/ozone/ozone/hadoop-ozone/integration-test/target/test-dir/MiniOzoneClusterImpl-0a18362f-1832-4b81-b629-935968d04e12/datanode-6/data/ratis/bc2810cb-2d62-4486-9982-18db07e89af1
2023-09-15 05:01:49,189 [49835f94-14b4-44df-a6e0-f69154e42310-groupManagement] INFO  server.RaftServerConfigKeys (ConfUtils.java:logGet(46)) - raft.server.log.queue.byte-limit = 4294967296 (custom)
2023-09-15 05:01:49,189 [49835f94-14b4-44df-a6e0-f69154e42310-groupManagement] INFO  server.RaftServerConfigKeys (ConfUtils.java:logGet(46)) - raft.server.log.queue.element-limit = 1024 (custom)
2023-09-15 05:01:49,189 [49835f94-14b4-44df-a6e0-f69154e42310-groupManagement] INFO  server.RaftServerConfigKeys (ConfUtils.java:logGet(46)) - raft.server.log.segment.size.max = 1048576 (custom)
2023-09-15 05:01:49,189 [49835f94-14b4-44df-a6e0-f69154e42310-groupManagement] INFO  server.RaftServerConfigKeys (ConfUtils.java:logGet(46)) - raft.server.log.preallocated.size = 16384 (custom)
2023-09-15 05:01:49,189 [49835f94-14b4-44df-a6e0-f69154e42310-groupManagement] INFO  server.RaftServerConfigKeys (ConfUtils.java:logGet(46)) - raft.server.log.force.sync.num = 128 (default)
2023-09-15 05:01:49,189 [49835f94-14b4-44df-a6e0-f69154e42310-groupManagement] INFO  server.RaftServerConfigKeys (ConfUtils.java:logGet(46)) - raft.server.log.statemachine.data.sync = true (default)
2023-09-15 05:01:49,189 [49835f94-14b4-44df-a6e0-f69154e42310-groupManagement] INFO  server.RaftServerConfigKeys (ConfUtils.java:logGet(46)) - raft.server.log.statemachine.data.sync.timeout = 10s (default)
2023-09-15 05:01:49,189 [49835f94-14b4-44df-a6e0-f69154e42310-groupManagement] INFO  server.RaftServerConfigKeys (ConfUtils.java:logGet(46)) - raft.server.log.statemachine.data.sync.timeout.retry = -1 (default)
2023-09-15 05:01:49,190 [49835f94-14b4-44df-a6e0-f69154e42310-groupManagement] INFO  server.RaftServerConfigKeys (ConfUtils.java:logGet(46)) - raft.server.log.write.buffer.size = 1048576 (custom)
2023-09-15 05:01:49,191 [49835f94-14b4-44df-a6e0-f69154e42310-groupManagement] INFO  server.RaftServerConfigKeys (ConfUtils.java:logGet(46)) - raft.server.log.appender.buffer.byte-limit = 33554432 (custom)
2023-09-15 05:01:49,196 [49835f94-14b4-44df-a6e0-f69154e42310-groupManagement] INFO  server.RaftServerConfigKeys (ConfUtils.java:logGet(46)) - raft.server.log.unsafe-flush.enabled = false (default)
2023-09-15 05:01:49,196 [49835f94-14b4-44df-a6e0-f69154e42310-groupManagement] INFO  server.RaftServerConfigKeys (ConfUtils.java:logGet(46)) - raft.server.log.async-flush.enabled = false (default)
2023-09-15 05:01:49,196 [49835f94-14b4-44df-a6e0-f69154e42310-groupManagement] INFO  server.RaftServerConfigKeys (ConfUtils.java:logGet(46)) - raft.server.log.statemachine.data.caching.enabled = true (custom)
2023-09-15 05:01:49,196 [49835f94-14b4-44df-a6e0-f69154e42310-groupManagement] INFO  segmented.SegmentedRaftLogWorker (SegmentedRaftLogWorker.java:lambda$new$0(135)) - 49835f94-14b4-44df-a6e0-f69154e42310@group-18DB07E89AF1-SegmentedRaftLogWorker: flushIndex: setUnconditionally 0 -> -1
2023-09-15 05:01:49,196 [49835f94-14b4-44df-a6e0-f69154e42310-groupManagement] INFO  segmented.SegmentedRaftLogWorker (SegmentedRaftLogWorker.java:lambda$new$0(135)) - 49835f94-14b4-44df-a6e0-f69154e42310@group-18DB07E89AF1-SegmentedRaftLogWorker: safeCacheEvictIndex: setUnconditionally 0 -> -1
2023-09-15 05:01:49,197 [49835f94-14b4-44df-a6e0-f69154e42310-groupManagement] INFO  server.RaftServer$Division (RaftServerImpl.java:start(342)) - 49835f94-14b4-44df-a6e0-f69154e42310@group-18DB07E89AF1: start as a follower, conf=-1: peers:[ba5cf16e-7b97-4e1d-8791-bccb4873d66e|rpc:10.1.0.24:15086|admin:10.1.0.24:15085|client:10.1.0.24:15084|dataStream:10.1.0.24:15087|priority:0|startupRole:FOLLOWER, 49835f94-14b4-44df-a6e0-f69154e42310|rpc:10.1.0.24:15068|admin:10.1.0.24:15067|client:10.1.0.24:15066|dataStream:10.1.0.24:15069|priority:0|startupRole:FOLLOWER, 386b2284-1126-4572-992a-9634c883c70a|rpc:10.1.0.24:15077|admin:10.1.0.24:15076|client:10.1.0.24:15075|dataStream:10.1.0.24:15078|priority:1|startupRole:FOLLOWER]|listeners:[], old=null
2023-09-15 05:01:49,197 [49835f94-14b4-44df-a6e0-f69154e42310-groupManagement] INFO  server.RaftServer$Division (RaftServerImpl.java:setRole(329)) - 49835f94-14b4-44df-a6e0-f69154e42310@group-18DB07E89AF1: changes role from      null to FOLLOWER at term 0 for startAsFollower
2023-09-15 05:01:49,197 [49835f94-14b4-44df-a6e0-f69154e42310-groupManagement] INFO  impl.RoleInfo (RoleInfo.java:updateAndGet(139)) - 49835f94-14b4-44df-a6e0-f69154e42310: start 49835f94-14b4-44df-a6e0-f69154e42310@group-18DB07E89AF1-FollowerState
2023-09-15 05:01:49,198 [49835f94-14b4-44df-a6e0-f69154e42310-groupManagement] INFO  util.JmxRegister (JmxRegister.java:tryRegister(44)) - Successfully registered JMX Bean with object name Ratis:service=RaftServer,group=group-18DB07E89AF1,id=49835f94-14b4-44df-a6e0-f69154e42310
2023-09-15 05:01:49,198 [49835f94-14b4-44df-a6e0-f69154e42310-groupManagement] INFO  server.RaftServerConfigKeys (ConfUtils.java:logGet(46)) - raft.server.snapshot.auto.trigger.enabled = true (custom)
2023-09-15 05:01:49,198 [49835f94-14b4-44df-a6e0-f69154e42310-groupManagement] INFO  server.RaftServerConfigKeys (ConfUtils.java:logGet(46)) - raft.server.snapshot.auto.trigger.threshold = 10000 (custom)
2023-09-15 05:01:49,198 [49835f94-14b4-44df-a6e0-f69154e42310-groupManagement] INFO  server.RaftServerConfigKeys (ConfUtils.java:logGet(46)) - raft.server.snapshot.retention.file.num = 5 (custom)
2023-09-15 05:01:49,198 [49835f94-14b4-44df-a6e0-f69154e42310-groupManagement] INFO  server.RaftServerConfigKeys (ConfUtils.java:logGet(46)) - raft.server.log.purge.upto.snapshot.index = false (default)
2023-09-15 05:01:49,199 [49835f94-14b4-44df-a6e0-f69154e42310@group-18DB07E89AF1-FollowerState] INFO  server.RaftServerConfigKeys (ConfUtils.java:logFallback(53)) - raft.server.rpc.first-election.timeout.min = 5s (fallback to raft.server.rpc.timeout.min)
2023-09-15 05:01:49,199 [49835f94-14b4-44df-a6e0-f69154e42310@group-18DB07E89AF1-FollowerState] INFO  server.RaftServerConfigKeys (ConfUtils.java:logFallback(53)) - raft.server.rpc.first-election.timeout.max = 5200ms (fallback to raft.server.rpc.timeout.max)
2023-09-15 05:01:49,202 [PipelineCommandHandlerThread-0] INFO  ratis.XceiverServerRatis (XceiverServerRatis.java:addGroup(804)) - Created group PipelineID=bc2810cb-2d62-4486-9982-18db07e89af1
2023-09-15 05:01:49,219 [grpc-default-executor-1] INFO  server.RaftServer (RaftServerProxy.java:addNew(98)) - ba5cf16e-7b97-4e1d-8791-bccb4873d66e: addNew group-18DB07E89AF1:[ba5cf16e-7b97-4e1d-8791-bccb4873d66e|rpc:10.1.0.24:15086|admin:10.1.0.24:15085|client:10.1.0.24:15084|dataStream:10.1.0.24:15087|priority:0|startupRole:FOLLOWER, 49835f94-14b4-44df-a6e0-f69154e42310|rpc:10.1.0.24:15068|admin:10.1.0.24:15067|client:10.1.0.24:15066|dataStream:10.1.0.24:15069|priority:0|startupRole:FOLLOWER, 386b2284-1126-4572-992a-9634c883c70a|rpc:10.1.0.24:15077|admin:10.1.0.24:15076|client:10.1.0.24:15075|dataStream:10.1.0.24:15078|priority:1|startupRole:FOLLOWER] returns group-18DB07E89AF1:java.util.concurrent.CompletableFuture@5b81374e[Not completed]
2023-09-15 05:01:49,220 [ba5cf16e-7b97-4e1d-8791-bccb4873d66e-groupManagement] INFO  server.RaftServer$Division (RaftServerImpl.java:<init>(198)) - ba5cf16e-7b97-4e1d-8791-bccb4873d66e: new RaftServerImpl for group-18DB07E89AF1:[ba5cf16e-7b97-4e1d-8791-bccb4873d66e|rpc:10.1.0.24:15086|admin:10.1.0.24:15085|client:10.1.0.24:15084|dataStream:10.1.0.24:15087|priority:0|startupRole:FOLLOWER, 49835f94-14b4-44df-a6e0-f69154e42310|rpc:10.1.0.24:15068|admin:10.1.0.24:15067|client:10.1.0.24:15066|dataStream:10.1.0.24:15069|priority:0|startupRole:FOLLOWER, 386b2284-1126-4572-992a-9634c883c70a|rpc:10.1.0.24:15077|admin:10.1.0.24:15076|client:10.1.0.24:15075|dataStream:10.1.0.24:15078|priority:1|startupRole:FOLLOWER] with ContainerStateMachine:uninitialized
2023-09-15 05:01:49,220 [ba5cf16e-7b97-4e1d-8791-bccb4873d66e-groupManagement] INFO  server.RaftServerConfigKeys (ConfUtils.java:logGet(46)) - raft.server.rpc.timeout.min = 5s (custom)
2023-09-15 05:01:49,220 [ba5cf16e-7b97-4e1d-8791-bccb4873d66e-groupManagement] INFO  server.RaftServerConfigKeys (ConfUtils.java:logGet(46)) - raft.server.rpc.timeout.max = 5200ms (custom)
2023-09-15 05:01:49,220 [ba5cf16e-7b97-4e1d-8791-bccb4873d66e-groupManagement] INFO  server.RaftServerConfigKeys (ConfUtils.java:logGet(46)) - raft.server.rpc.sleep.time = 25ms (default)
2023-09-15 05:01:49,220 [ba5cf16e-7b97-4e1d-8791-bccb4873d66e-groupManagement] INFO  server.RaftServerConfigKeys (ConfUtils.java:logGet(46)) - raft.server.rpc.slowness.timeout = 300s (custom)
2023-09-15 05:01:49,220 [ba5cf16e-7b97-4e1d-8791-bccb4873d66e-groupManagement] INFO  server.RaftServerConfigKeys (ConfUtils.java:logGet(46)) - raft.server.leaderelection.leader.step-down.wait-time = 10s (default)
2023-09-15 05:01:49,220 [ba5cf16e-7b97-4e1d-8791-bccb4873d66e-groupManagement] INFO  server.RaftServerConfigKeys (ConfUtils.java:logGet(46)) - raft.server.sleep.deviation.threshold = 300ms (default)
2023-09-15 05:01:49,221 [ba5cf16e-7b97-4e1d-8791-bccb4873d66e-groupManagement] INFO  server.RaftServer$Division (ServerState.java:<init>(120)) - ba5cf16e-7b97-4e1d-8791-bccb4873d66e@group-18DB07E89AF1: ConfigurationManager, init=-1: peers:[ba5cf16e-7b97-4e1d-8791-bccb4873d66e|rpc:10.1.0.24:15086|admin:10.1.0.24:15085|client:10.1.0.24:15084|dataStream:10.1.0.24:15087|priority:0|startupRole:FOLLOWER, 49835f94-14b4-44df-a6e0-f69154e42310|rpc:10.1.0.24:15068|admin:10.1.0.24:15067|client:10.1.0.24:15066|dataStream:10.1.0.24:15069|priority:0|startupRole:FOLLOWER, 386b2284-1126-4572-992a-9634c883c70a|rpc:10.1.0.24:15077|admin:10.1.0.24:15076|client:10.1.0.24:15075|dataStream:10.1.0.24:15078|priority:1|startupRole:FOLLOWER]|listeners:[], old=null, confs=<EMPTY_MAP>
2023-09-15 05:01:49,221 [ba5cf16e-7b97-4e1d-8791-bccb4873d66e-groupManagement] INFO  server.RaftServerConfigKeys (ConfUtils.java:logGet(46)) - raft.server.storage.dir = [/home/runner/work/ozone/ozone/hadoop-ozone/integration-test/target/test-dir/MiniOzoneClusterImpl-0a18362f-1832-4b81-b629-935968d04e12/datanode-8/data/ratis] (custom)
2023-09-15 05:01:49,221 [ba5cf16e-7b97-4e1d-8791-bccb4873d66e-groupManagement] INFO  server.RaftServerConfigKeys (ConfUtils.java:logGet(46)) - raft.server.log.corruption.policy = EXCEPTION (default)
2023-09-15 05:01:49,221 [ba5cf16e-7b97-4e1d-8791-bccb4873d66e-groupManagement] INFO  server.RaftServerConfigKeys (ConfUtils.java:logGet(46)) - raft.server.storage.free-space.min = 0MB (=0) (default)
2023-09-15 05:01:49,221 [ba5cf16e-7b97-4e1d-8791-bccb4873d66e-groupManagement] INFO  server.RaftServerConfigKeys (ConfUtils.java:logGet(46)) - raft.server.notification.no-leader.timeout = 300s (custom)
2023-09-15 05:01:49,221 [ba5cf16e-7b97-4e1d-8791-bccb4873d66e-groupManagement] INFO  server.RaftServerConfigKeys (ConfUtils.java:logGet(46)) - raft.server.read.timeout = 10s (default)
2023-09-15 05:01:49,221 [ba5cf16e-7b97-4e1d-8791-bccb4873d66e-groupManagement] INFO  server.RaftServerConfigKeys (ConfUtils.java:logGet(46)) - raft.server.retrycache.expirytime = 600000ms (custom)
2023-09-15 05:01:49,221 [ba5cf16e-7b97-4e1d-8791-bccb4873d66e-groupManagement] INFO  server.RaftServerConfigKeys (ConfUtils.java:logGet(46)) - raft.server.retrycache.statistics.expirytime = 100μs (default)
2023-09-15 05:01:49,221 [ba5cf16e-7b97-4e1d-8791-bccb4873d66e-groupManagement] INFO  server.RaftServerConfigKeys (ConfUtils.java:logGet(46)) - raft.server.read.option = DEFAULT (default)
2023-09-15 05:01:49,222 [ba5cf16e-7b97-4e1d-8791-bccb4873d66e-groupManagement] INFO  server.RaftServerConfigKeys (ConfUtils.java:logGet(46)) - raft.server.rpc.request.timeout = 60s (custom)
2023-09-15 05:01:49,222 [ba5cf16e-7b97-4e1d-8791-bccb4873d66e-groupManagement] INFO  server.RaftServerConfigKeys (ConfUtils.java:logGet(46)) - raft.server.log.appender.install.snapshot.enabled = false (custom)
2023-09-15 05:01:49,222 [ba5cf16e-7b97-4e1d-8791-bccb4873d66e-groupManagement] INFO  server.RaftServerConfigKeys (ConfUtils.java:logGet(46)) - raft.server.threadpool.server.cached = true (default)
2023-09-15 05:01:49,222 [ba5cf16e-7b97-4e1d-8791-bccb4873d66e-groupManagement] INFO  server.RaftServerConfigKeys (ConfUtils.java:logGet(46)) - raft.server.threadpool.server.size = 0 (default)
2023-09-15 05:01:49,223 [ba5cf16e-7b97-4e1d-8791-bccb4873d66e-groupManagement] INFO  server.RaftServerConfigKeys (ConfUtils.java:logGet(46)) - raft.server.threadpool.client.cached = true (default)
2023-09-15 05:01:49,223 [ba5cf16e-7b97-4e1d-8791-bccb4873d66e-groupManagement] INFO  server.RaftServerConfigKeys (ConfUtils.java:logGet(46)) - raft.server.threadpool.client.size = 0 (default)
2023-09-15 05:01:49,223 [ba5cf16e-7b97-4e1d-8791-bccb4873d66e-groupManagement] INFO  storage.RaftStorageDirectory (RaftStorageDirectoryImpl.java:analyzeStorage(137)) - The storage directory /home/runner/work/ozone/ozone/hadoop-ozone/integration-test/target/test-dir/MiniOzoneClusterImpl-0a18362f-1832-4b81-b629-935968d04e12/datanode-8/data/ratis/bc2810cb-2d62-4486-9982-18db07e89af1 does not exist. Creating ...
2023-09-15 05:01:49,223 [main] INFO  ozone.MiniOzoneClusterImpl (MiniOzoneClusterImpl.java:lambda$waitForClusterToBeReady$0(224)) - Nodes are ready. Got 10 of 10 DN Heartbeats.
2023-09-15 05:01:49,223 [main] INFO  ozone.MiniOzoneClusterImpl (MiniOzoneClusterImpl.java:lambda$waitForClusterToBeReady$0(227)) - Waiting for cluster to exit safe mode
2023-09-15 05:01:49,223 [main] INFO  ozone.MiniOzoneClusterImpl (MiniOzoneClusterImpl.java:lambda$waitForClusterToBeReady$0(229)) - SCM became leader
2023-09-15 05:01:49,224 [ba5cf16e-7b97-4e1d-8791-bccb4873d66e-groupManagement] INFO  storage.RaftStorageDirectory (RaftStorageDirectoryImpl.java:tryLock(231)) - Lock on /home/runner/work/ozone/ozone/hadoop-ozone/integration-test/target/test-dir/MiniOzoneClusterImpl-0a18362f-1832-4b81-b629-935968d04e12/datanode-8/data/ratis/bc2810cb-2d62-4486-9982-18db07e89af1/in_use.lock acquired by nodename 87703@fv-az371-27
2023-09-15 05:01:49,226 [ba5cf16e-7b97-4e1d-8791-bccb4873d66e-groupManagement] INFO  storage.RaftStorage (RaftStorageImpl.java:format(96)) - Storage directory /home/runner/work/ozone/ozone/hadoop-ozone/integration-test/target/test-dir/MiniOzoneClusterImpl-0a18362f-1832-4b81-b629-935968d04e12/datanode-8/data/ratis/bc2810cb-2d62-4486-9982-18db07e89af1 has been successfully formatted.
2023-09-15 05:01:49,227 [ba5cf16e-7b97-4e1d-8791-bccb4873d66e-groupManagement] INFO  ratis.ContainerStateMachine (ContainerStateMachine.java:loadSnapshot(262)) - group-18DB07E89AF1: The snapshot info is null. Setting the last applied indexto:(t:0, i:~)
2023-09-15 05:01:49,227 [ba5cf16e-7b97-4e1d-8791-bccb4873d66e-groupManagement] INFO  server.RaftServerConfigKeys (ConfUtils.java:logGet(46)) - raft.server.log.use.memory = false (default)
2023-09-15 05:01:49,227 [ba5cf16e-7b97-4e1d-8791-bccb4873d66e-groupManagement] INFO  server.RaftServerConfigKeys (ConfUtils.java:logGet(46)) - raft.server.log.purge.gap = 1000000 (custom)
2023-09-15 05:01:49,227 [ba5cf16e-7b97-4e1d-8791-bccb4873d66e-groupManagement] INFO  server.RaftServerConfigKeys (ConfUtils.java:logGet(46)) - raft.server.log.appender.buffer.byte-limit = 33554432 (custom)
2023-09-15 05:01:49,227 [ba5cf16e-7b97-4e1d-8791-bccb4873d66e-groupManagement] INFO  server.RaftServerConfigKeys (ConfUtils.java:logGet(46)) - raft.server.log.statemachine.data.read.timeout = 1000ms (default)
2023-09-15 05:01:49,227 [ba5cf16e-7b97-4e1d-8791-bccb4873d66e-groupManagement] INFO  server.RaftServerConfigKeys (ConfUtils.java:logGet(46)) - raft.server.log.purge.preservation.log.num = 0 (default)
2023-09-15 05:01:49,228 [ba5cf16e-7b97-4e1d-8791-bccb4873d66e-groupManagement] INFO  server.RaftServerConfigKeys (ConfUtils.java:logGet(46)) - raft.server.log.segment.size.max = 1048576 (custom)
2023-09-15 05:01:49,228 [ba5cf16e-7b97-4e1d-8791-bccb4873d66e-groupManagement] INFO  server.RaftServerConfigKeys (ConfUtils.java:logGet(46)) - raft.server.log.segment.cache.num.max = 2 (custom)
2023-09-15 05:01:49,228 [ba5cf16e-7b97-4e1d-8791-bccb4873d66e-groupManagement] INFO  server.RaftServerConfigKeys (ConfUtils.java:logGet(46)) - raft.server.log.segment.cache.size.max = 200MB (=209715200) (default)
2023-09-15 05:01:49,230 [ba5cf16e-7b97-4e1d-8791-bccb4873d66e-groupManagement] INFO  server.RaftServerConfigKeys (ConfUtils.java:logGet(46)) - raft.server.log.appender.buffer.byte-limit = 33554432 (custom)
2023-09-15 05:01:49,230 [ba5cf16e-7b97-4e1d-8791-bccb4873d66e-groupManagement] INFO  segmented.SegmentedRaftLogWorker (SegmentedRaftLogWorker.java:<init>(188)) - new ba5cf16e-7b97-4e1d-8791-bccb4873d66e@group-18DB07E89AF1-SegmentedRaftLogWorker for RaftStorageImpl:Storage Directory /home/runner/work/ozone/ozone/hadoop-ozone/integration-test/target/test-dir/MiniOzoneClusterImpl-0a18362f-1832-4b81-b629-935968d04e12/datanode-8/data/ratis/bc2810cb-2d62-4486-9982-18db07e89af1
2023-09-15 05:01:49,230 [ba5cf16e-7b97-4e1d-8791-bccb4873d66e-groupManagement] INFO  server.RaftServerConfigKeys (ConfUtils.java:logGet(46)) - raft.server.log.queue.byte-limit = 4294967296 (custom)
2023-09-15 05:01:49,230 [ba5cf16e-7b97-4e1d-8791-bccb4873d66e-groupManagement] INFO  server.RaftServerConfigKeys (ConfUtils.java:logGet(46)) - raft.server.log.queue.element-limit = 1024 (custom)
2023-09-15 05:01:49,230 [ba5cf16e-7b97-4e1d-8791-bccb4873d66e-groupManagement] INFO  server.RaftServerConfigKeys (ConfUtils.java:logGet(46)) - raft.server.log.segment.size.max = 1048576 (custom)
2023-09-15 05:01:49,230 [ba5cf16e-7b97-4e1d-8791-bccb4873d66e-groupManagement] INFO  server.RaftServerConfigKeys (ConfUtils.java:logGet(46)) - raft.server.log.preallocated.size = 16384 (custom)
2023-09-15 05:01:49,230 [ba5cf16e-7b97-4e1d-8791-bccb4873d66e-groupManagement] INFO  server.RaftServerConfigKeys (ConfUtils.java:logGet(46)) - raft.server.log.force.sync.num = 128 (default)
2023-09-15 05:01:49,232 [ba5cf16e-7b97-4e1d-8791-bccb4873d66e-groupManagement] INFO  server.RaftServerConfigKeys (ConfUtils.java:logGet(46)) - raft.server.log.statemachine.data.sync = true (default)
2023-09-15 05:01:49,232 [ba5cf16e-7b97-4e1d-8791-bccb4873d66e-groupManagement] INFO  server.RaftServerConfigKeys (ConfUtils.java:logGet(46)) - raft.server.log.statemachine.data.sync.timeout = 10s (default)
2023-09-15 05:01:49,232 [ba5cf16e-7b97-4e1d-8791-bccb4873d66e-groupManagement] INFO  server.RaftServerConfigKeys (ConfUtils.java:logGet(46)) - raft.server.log.statemachine.data.sync.timeout.retry = -1 (default)
2023-09-15 05:01:49,233 [ba5cf16e-7b97-4e1d-8791-bccb4873d66e-groupManagement] INFO  server.RaftServerConfigKeys (ConfUtils.java:logGet(46)) - raft.server.log.write.buffer.size = 1048576 (custom)
2023-09-15 05:01:49,234 [ba5cf16e-7b97-4e1d-8791-bccb4873d66e-groupManagement] INFO  server.RaftServerConfigKeys (ConfUtils.java:logGet(46)) - raft.server.log.appender.buffer.byte-limit = 33554432 (custom)
2023-09-15 05:01:49,239 [ba5cf16e-7b97-4e1d-8791-bccb4873d66e-groupManagement] INFO  server.RaftServerConfigKeys (ConfUtils.java:logGet(46)) - raft.server.log.unsafe-flush.enabled = false (default)
2023-09-15 05:01:49,240 [ba5cf16e-7b97-4e1d-8791-bccb4873d66e-groupManagement] INFO  server.RaftServerConfigKeys (ConfUtils.java:logGet(46)) - raft.server.log.async-flush.enabled = false (default)
2023-09-15 05:01:49,240 [ba5cf16e-7b97-4e1d-8791-bccb4873d66e-groupManagement] INFO  server.RaftServerConfigKeys (ConfUtils.java:logGet(46)) - raft.server.log.statemachine.data.caching.enabled = true (custom)
2023-09-15 05:01:49,240 [ba5cf16e-7b97-4e1d-8791-bccb4873d66e-groupManagement] INFO  segmented.SegmentedRaftLogWorker (SegmentedRaftLogWorker.java:lambda$new$0(135)) - ba5cf16e-7b97-4e1d-8791-bccb4873d66e@group-18DB07E89AF1-SegmentedRaftLogWorker: flushIndex: setUnconditionally 0 -> -1
2023-09-15 05:01:49,240 [ba5cf16e-7b97-4e1d-8791-bccb4873d66e-groupManagement] INFO  segmented.SegmentedRaftLogWorker (SegmentedRaftLogWorker.java:lambda$new$0(135)) - ba5cf16e-7b97-4e1d-8791-bccb4873d66e@group-18DB07E89AF1-SegmentedRaftLogWorker: safeCacheEvictIndex: setUnconditionally 0 -> -1
2023-09-15 05:01:49,240 [ba5cf16e-7b97-4e1d-8791-bccb4873d66e-groupManagement] INFO  server.RaftServer$Division (RaftServerImpl.java:start(342)) - ba5cf16e-7b97-4e1d-8791-bccb4873d66e@group-18DB07E89AF1: start as a follower, conf=-1: peers:[ba5cf16e-7b97-4e1d-8791-bccb4873d66e|rpc:10.1.0.24:15086|admin:10.1.0.24:15085|client:10.1.0.24:15084|dataStream:10.1.0.24:15087|priority:0|startupRole:FOLLOWER, 49835f94-14b4-44df-a6e0-f69154e42310|rpc:10.1.0.24:15068|admin:10.1.0.24:15067|client:10.1.0.24:15066|dataStream:10.1.0.24:15069|priority:0|startupRole:FOLLOWER, 386b2284-1126-4572-992a-9634c883c70a|rpc:10.1.0.24:15077|admin:10.1.0.24:15076|client:10.1.0.24:15075|dataStream:10.1.0.24:15078|priority:1|startupRole:FOLLOWER]|listeners:[], old=null
2023-09-15 05:01:49,240 [ba5cf16e-7b97-4e1d-8791-bccb4873d66e-groupManagement] INFO  server.RaftServer$Division (RaftServerImpl.java:setRole(329)) - ba5cf16e-7b97-4e1d-8791-bccb4873d66e@group-18DB07E89AF1: changes role from      null to FOLLOWER at term 0 for startAsFollower
2023-09-15 05:01:49,240 [ba5cf16e-7b97-4e1d-8791-bccb4873d66e-groupManagement] INFO  impl.RoleInfo (RoleInfo.java:updateAndGet(139)) - ba5cf16e-7b97-4e1d-8791-bccb4873d66e: start ba5cf16e-7b97-4e1d-8791-bccb4873d66e@group-18DB07E89AF1-FollowerState
2023-09-15 05:01:49,241 [ba5cf16e-7b97-4e1d-8791-bccb4873d66e-groupManagement] INFO  util.JmxRegister (JmxRegister.java:tryRegister(44)) - Successfully registered JMX Bean with object name Ratis:service=RaftServer,group=group-18DB07E89AF1,id=ba5cf16e-7b97-4e1d-8791-bccb4873d66e
2023-09-15 05:01:49,241 [ba5cf16e-7b97-4e1d-8791-bccb4873d66e@group-18DB07E89AF1-FollowerState] INFO  server.RaftServerConfigKeys (ConfUtils.java:logFallback(53)) - raft.server.rpc.first-election.timeout.min = 5s (fallback to raft.server.rpc.timeout.min)
2023-09-15 05:01:49,241 [ba5cf16e-7b97-4e1d-8791-bccb4873d66e-groupManagement] INFO  server.RaftServerConfigKeys (ConfUtils.java:logGet(46)) - raft.server.snapshot.auto.trigger.enabled = true (custom)
2023-09-15 05:01:49,241 [ba5cf16e-7b97-4e1d-8791-bccb4873d66e@group-18DB07E89AF1-FollowerState] INFO  server.RaftServerConfigKeys (ConfUtils.java:logFallback(53)) - raft.server.rpc.first-election.timeout.max = 5200ms (fallback to raft.server.rpc.timeout.max)
2023-09-15 05:01:49,241 [ba5cf16e-7b97-4e1d-8791-bccb4873d66e-groupManagement] INFO  server.RaftServerConfigKeys (ConfUtils.java:logGet(46)) - raft.server.snapshot.auto.trigger.threshold = 10000 (custom)
2023-09-15 05:01:49,241 [ba5cf16e-7b97-4e1d-8791-bccb4873d66e-groupManagement] INFO  server.RaftServerConfigKeys (ConfUtils.java:logGet(46)) - raft.server.snapshot.retention.file.num = 5 (custom)
2023-09-15 05:01:49,241 [ba5cf16e-7b97-4e1d-8791-bccb4873d66e-groupManagement] INFO  server.RaftServerConfigKeys (ConfUtils.java:logGet(46)) - raft.server.log.purge.upto.snapshot.index = false (default)
2023-09-15 05:01:49,278 [grpc-default-executor-1] INFO  server.RaftServer (RaftServerProxy.java:addNew(98)) - 386b2284-1126-4572-992a-9634c883c70a: addNew group-18DB07E89AF1:[ba5cf16e-7b97-4e1d-8791-bccb4873d66e|rpc:10.1.0.24:15086|admin:10.1.0.24:15085|client:10.1.0.24:15084|dataStream:10.1.0.24:15087|priority:0|startupRole:FOLLOWER, 49835f94-14b4-44df-a6e0-f69154e42310|rpc:10.1.0.24:15068|admin:10.1.0.24:15067|client:10.1.0.24:15066|dataStream:10.1.0.24:15069|priority:0|startupRole:FOLLOWER, 386b2284-1126-4572-992a-9634c883c70a|rpc:10.1.0.24:15077|admin:10.1.0.24:15076|client:10.1.0.24:15075|dataStream:10.1.0.24:15078|priority:1|startupRole:FOLLOWER] returns group-18DB07E89AF1:java.util.concurrent.CompletableFuture@beafdcb[Not completed]
2023-09-15 05:01:49,279 [386b2284-1126-4572-992a-9634c883c70a-groupManagement] INFO  server.RaftServer$Division (RaftServerImpl.java:<init>(198)) - 386b2284-1126-4572-992a-9634c883c70a: new RaftServerImpl for group-18DB07E89AF1:[ba5cf16e-7b97-4e1d-8791-bccb4873d66e|rpc:10.1.0.24:15086|admin:10.1.0.24:15085|client:10.1.0.24:15084|dataStream:10.1.0.24:15087|priority:0|startupRole:FOLLOWER, 49835f94-14b4-44df-a6e0-f69154e42310|rpc:10.1.0.24:15068|admin:10.1.0.24:15067|client:10.1.0.24:15066|dataStream:10.1.0.24:15069|priority:0|startupRole:FOLLOWER, 386b2284-1126-4572-992a-9634c883c70a|rpc:10.1.0.24:15077|admin:10.1.0.24:15076|client:10.1.0.24:15075|dataStream:10.1.0.24:15078|priority:1|startupRole:FOLLOWER] with ContainerStateMachine:uninitialized
2023-09-15 05:01:49,279 [386b2284-1126-4572-992a-9634c883c70a-groupManagement] INFO  server.RaftServerConfigKeys (ConfUtils.java:logGet(46)) - raft.server.rpc.timeout.min = 5s (custom)
2023-09-15 05:01:49,279 [386b2284-1126-4572-992a-9634c883c70a-groupManagement] INFO  server.RaftServerConfigKeys (ConfUtils.java:logGet(46)) - raft.server.rpc.timeout.max = 5200ms (custom)
2023-09-15 05:01:49,279 [386b2284-1126-4572-992a-9634c883c70a-groupManagement] INFO  server.RaftServerConfigKeys (ConfUtils.java:logGet(46)) - raft.server.rpc.sleep.time = 25ms (default)
2023-09-15 05:01:49,279 [386b2284-1126-4572-992a-9634c883c70a-groupManagement] INFO  server.RaftServerConfigKeys (ConfUtils.java:logGet(46)) - raft.server.rpc.slowness.timeout = 300s (custom)
2023-09-15 05:01:49,279 [386b2284-1126-4572-992a-9634c883c70a-groupManagement] INFO  server.RaftServerConfigKeys (ConfUtils.java:logGet(46)) - raft.server.leaderelection.leader.step-down.wait-time = 10s (default)
2023-09-15 05:01:49,279 [386b2284-1126-4572-992a-9634c883c70a-groupManagement] INFO  server.RaftServerConfigKeys (ConfUtils.java:logGet(46)) - raft.server.sleep.deviation.threshold = 300ms (default)
2023-09-15 05:01:49,280 [386b2284-1126-4572-992a-9634c883c70a-groupManagement] INFO  server.RaftServer$Division (ServerState.java:<init>(120)) - 386b2284-1126-4572-992a-9634c883c70a@group-18DB07E89AF1: ConfigurationManager, init=-1: peers:[ba5cf16e-7b97-4e1d-8791-bccb4873d66e|rpc:10.1.0.24:15086|admin:10.1.0.24:15085|client:10.1.0.24:15084|dataStream:10.1.0.24:15087|priority:0|startupRole:FOLLOWER, 49835f94-14b4-44df-a6e0-f69154e42310|rpc:10.1.0.24:15068|admin:10.1.0.24:15067|client:10.1.0.24:15066|dataStream:10.1.0.24:15069|priority:0|startupRole:FOLLOWER, 386b2284-1126-4572-992a-9634c883c70a|rpc:10.1.0.24:15077|admin:10.1.0.24:15076|client:10.1.0.24:15075|dataStream:10.1.0.24:15078|priority:1|startupRole:FOLLOWER]|listeners:[], old=null, confs=<EMPTY_MAP>
2023-09-15 05:01:49,280 [386b2284-1126-4572-992a-9634c883c70a-groupManagement] INFO  server.RaftServerConfigKeys (ConfUtils.java:logGet(46)) - raft.server.storage.dir = [/home/runner/work/ozone/ozone/hadoop-ozone/integration-test/target/test-dir/MiniOzoneClusterImpl-0a18362f-1832-4b81-b629-935968d04e12/datanode-7/data/ratis] (custom)
2023-09-15 05:01:49,280 [386b2284-1126-4572-992a-9634c883c70a-groupManagement] INFO  server.RaftServerConfigKeys (ConfUtils.java:logGet(46)) - raft.server.log.corruption.policy = EXCEPTION (default)
2023-09-15 05:01:49,280 [386b2284-1126-4572-992a-9634c883c70a-groupManagement] INFO  server.RaftServerConfigKeys (ConfUtils.java:logGet(46)) - raft.server.storage.free-space.min = 0MB (=0) (default)
2023-09-15 05:01:49,280 [386b2284-1126-4572-992a-9634c883c70a-groupManagement] INFO  server.RaftServerConfigKeys (ConfUtils.java:logGet(46)) - raft.server.notification.no-leader.timeout = 300s (custom)
2023-09-15 05:01:49,280 [386b2284-1126-4572-992a-9634c883c70a-groupManagement] INFO  server.RaftServerConfigKeys (ConfUtils.java:logGet(46)) - raft.server.read.timeout = 10s (default)
2023-09-15 05:01:49,280 [386b2284-1126-4572-992a-9634c883c70a-groupManagement] INFO  server.RaftServerConfigKeys (ConfUtils.java:logGet(46)) - raft.server.retrycache.expirytime = 600000ms (custom)
2023-09-15 05:01:49,280 [386b2284-1126-4572-992a-9634c883c70a-groupManagement] INFO  server.RaftServerConfigKeys (ConfUtils.java:logGet(46)) - raft.server.retrycache.statistics.expirytime = 100μs (default)
2023-09-15 05:01:49,280 [386b2284-1126-4572-992a-9634c883c70a-groupManagement] INFO  server.RaftServerConfigKeys (ConfUtils.java:logGet(46)) - raft.server.read.option = DEFAULT (default)
2023-09-15 05:01:49,281 [386b2284-1126-4572-992a-9634c883c70a-groupManagement] INFO  server.RaftServerConfigKeys (ConfUtils.java:logGet(46)) - raft.server.rpc.request.timeout = 60s (custom)
2023-09-15 05:01:49,281 [386b2284-1126-4572-992a-9634c883c70a-groupManagement] INFO  server.RaftServerConfigKeys (ConfUtils.java:logGet(46)) - raft.server.log.appender.install.snapshot.enabled = false (custom)
2023-09-15 05:01:49,281 [386b2284-1126-4572-992a-9634c883c70a-groupManagement] INFO  server.RaftServerConfigKeys (ConfUtils.java:logGet(46)) - raft.server.threadpool.server.cached = true (default)
2023-09-15 05:01:49,281 [386b2284-1126-4572-992a-9634c883c70a-groupManagement] INFO  server.RaftServerConfigKeys (ConfUtils.java:logGet(46)) - raft.server.threadpool.server.size = 0 (default)
2023-09-15 05:01:49,281 [386b2284-1126-4572-992a-9634c883c70a-groupManagement] INFO  server.RaftServerConfigKeys (ConfUtils.java:logGet(46)) - raft.server.threadpool.client.cached = true (default)
2023-09-15 05:01:49,282 [386b2284-1126-4572-992a-9634c883c70a-groupManagement] INFO  server.RaftServerConfigKeys (ConfUtils.java:logGet(46)) - raft.server.threadpool.client.size = 0 (default)
2023-09-15 05:01:49,282 [386b2284-1126-4572-992a-9634c883c70a-groupManagement] INFO  storage.RaftStorageDirectory (RaftStorageDirectoryImpl.java:analyzeStorage(137)) - The storage directory /home/runner/work/ozone/ozone/hadoop-ozone/integration-test/target/test-dir/MiniOzoneClusterImpl-0a18362f-1832-4b81-b629-935968d04e12/datanode-7/data/ratis/bc2810cb-2d62-4486-9982-18db07e89af1 does not exist. Creating ...
2023-09-15 05:01:49,283 [386b2284-1126-4572-992a-9634c883c70a-groupManagement] INFO  storage.RaftStorageDirectory (RaftStorageDirectoryImpl.java:tryLock(231)) - Lock on /home/runner/work/ozone/ozone/hadoop-ozone/integration-test/target/test-dir/MiniOzoneClusterImpl-0a18362f-1832-4b81-b629-935968d04e12/datanode-7/data/ratis/bc2810cb-2d62-4486-9982-18db07e89af1/in_use.lock acquired by nodename 87703@fv-az371-27
2023-09-15 05:01:49,284 [386b2284-1126-4572-992a-9634c883c70a-groupManagement] INFO  storage.RaftStorage (RaftStorageImpl.java:format(96)) - Storage directory /home/runner/work/ozone/ozone/hadoop-ozone/integration-test/target/test-dir/MiniOzoneClusterImpl-0a18362f-1832-4b81-b629-935968d04e12/datanode-7/data/ratis/bc2810cb-2d62-4486-9982-18db07e89af1 has been successfully formatted.
2023-09-15 05:01:49,286 [386b2284-1126-4572-992a-9634c883c70a-groupManagement] INFO  ratis.ContainerStateMachine (ContainerStateMachine.java:loadSnapshot(262)) - group-18DB07E89AF1: The snapshot info is null. Setting the last applied indexto:(t:0, i:~)
2023-09-15 05:01:49,286 [386b2284-1126-4572-992a-9634c883c70a-groupManagement] INFO  server.RaftServerConfigKeys (ConfUtils.java:logGet(46)) - raft.server.log.use.memory = false (default)
2023-09-15 05:01:49,286 [386b2284-1126-4572-992a-9634c883c70a-groupManagement] INFO  server.RaftServerConfigKeys (ConfUtils.java:logGet(46)) - raft.server.log.purge.gap = 1000000 (custom)
2023-09-15 05:01:49,286 [386b2284-1126-4572-992a-9634c883c70a-groupManagement] INFO  server.RaftServerConfigKeys (ConfUtils.java:logGet(46)) - raft.server.log.appender.buffer.byte-limit = 33554432 (custom)
2023-09-15 05:01:49,286 [386b2284-1126-4572-992a-9634c883c70a-groupManagement] INFO  server.RaftServerConfigKeys (ConfUtils.java:logGet(46)) - raft.server.log.statemachine.data.read.timeout = 1000ms (default)
2023-09-15 05:01:49,286 [386b2284-1126-4572-992a-9634c883c70a-groupManagement] INFO  server.RaftServerConfigKeys (ConfUtils.java:logGet(46)) - raft.server.log.purge.preservation.log.num = 0 (default)
2023-09-15 05:01:49,286 [386b2284-1126-4572-992a-9634c883c70a-groupManagement] INFO  server.RaftServerConfigKeys (ConfUtils.java:logGet(46)) - raft.server.log.segment.size.max = 1048576 (custom)
2023-09-15 05:01:49,287 [386b2284-1126-4572-992a-9634c883c70a-groupManagement] INFO  server.RaftServerConfigKeys (ConfUtils.java:logGet(46)) - raft.server.log.segment.cache.num.max = 2 (custom)
2023-09-15 05:01:49,287 [386b2284-1126-4572-992a-9634c883c70a-groupManagement] INFO  server.RaftServerConfigKeys (ConfUtils.java:logGet(46)) - raft.server.log.segment.cache.size.max = 200MB (=209715200) (default)
2023-09-15 05:01:49,287 [386b2284-1126-4572-992a-9634c883c70a-groupManagement] INFO  server.RaftServerConfigKeys (ConfUtils.java:logGet(46)) - raft.server.log.appender.buffer.byte-limit = 33554432 (custom)
2023-09-15 05:01:49,287 [386b2284-1126-4572-992a-9634c883c70a-groupManagement] INFO  segmented.SegmentedRaftLogWorker (SegmentedRaftLogWorker.java:<init>(188)) - new 386b2284-1126-4572-992a-9634c883c70a@group-18DB07E89AF1-SegmentedRaftLogWorker for RaftStorageImpl:Storage Directory /home/runner/work/ozone/ozone/hadoop-ozone/integration-test/target/test-dir/MiniOzoneClusterImpl-0a18362f-1832-4b81-b629-935968d04e12/datanode-7/data/ratis/bc2810cb-2d62-4486-9982-18db07e89af1
2023-09-15 05:01:49,287 [386b2284-1126-4572-992a-9634c883c70a-groupManagement] INFO  server.RaftServerConfigKeys (ConfUtils.java:logGet(46)) - raft.server.log.queue.byte-limit = 4294967296 (custom)
2023-09-15 05:01:49,287 [386b2284-1126-4572-992a-9634c883c70a-groupManagement] INFO  server.RaftServerConfigKeys (ConfUtils.java:logGet(46)) - raft.server.log.queue.element-limit = 1024 (custom)
2023-09-15 05:01:49,287 [386b2284-1126-4572-992a-9634c883c70a-groupManagement] INFO  server.RaftServerConfigKeys (ConfUtils.java:logGet(46)) - raft.server.log.segment.size.max = 1048576 (custom)
2023-09-15 05:01:49,288 [386b2284-1126-4572-992a-9634c883c70a-groupManagement] INFO  server.RaftServerConfigKeys (ConfUtils.java:logGet(46)) - raft.server.log.preallocated.size = 16384 (custom)
2023-09-15 05:01:49,288 [386b2284-1126-4572-992a-9634c883c70a-groupManagement] INFO  server.RaftServerConfigKeys (ConfUtils.java:logGet(46)) - raft.server.log.force.sync.num = 128 (default)
2023-09-15 05:01:49,288 [386b2284-1126-4572-992a-9634c883c70a-groupManagement] INFO  server.RaftServerConfigKeys (ConfUtils.java:logGet(46)) - raft.server.log.statemachine.data.sync = true (default)
2023-09-15 05:01:49,288 [386b2284-1126-4572-992a-9634c883c70a-groupManagement] INFO  server.RaftServerConfigKeys (ConfUtils.java:logGet(46)) - raft.server.log.statemachine.data.sync.timeout = 10s (default)
2023-09-15 05:01:49,288 [386b2284-1126-4572-992a-9634c883c70a-groupManagement] INFO  server.RaftServerConfigKeys (ConfUtils.java:logGet(46)) - raft.server.log.statemachine.data.sync.timeout.retry = -1 (default)
2023-09-15 05:01:49,290 [386b2284-1126-4572-992a-9634c883c70a-groupManagement] INFO  server.RaftServerConfigKeys (ConfUtils.java:logGet(46)) - raft.server.log.write.buffer.size = 1048576 (custom)
2023-09-15 05:01:49,291 [386b2284-1126-4572-992a-9634c883c70a-groupManagement] INFO  server.RaftServerConfigKeys (ConfUtils.java:logGet(46)) - raft.server.log.appender.buffer.byte-limit = 33554432 (custom)
2023-09-15 05:01:49,296 [386b2284-1126-4572-992a-9634c883c70a-groupManagement] INFO  server.RaftServerConfigKeys (ConfUtils.java:logGet(46)) - raft.server.log.unsafe-flush.enabled = false (default)
2023-09-15 05:01:49,296 [386b2284-1126-4572-992a-9634c883c70a-groupManagement] INFO  server.RaftServerConfigKeys (ConfUtils.java:logGet(46)) - raft.server.log.async-flush.enabled = false (default)
2023-09-15 05:01:49,296 [386b2284-1126-4572-992a-9634c883c70a-groupManagement] INFO  server.RaftServerConfigKeys (ConfUtils.java:logGet(46)) - raft.server.log.statemachine.data.caching.enabled = true (custom)
2023-09-15 05:01:49,297 [386b2284-1126-4572-992a-9634c883c70a-groupManagement] INFO  segmented.SegmentedRaftLogWorker (SegmentedRaftLogWorker.java:lambda$new$0(135)) - 386b2284-1126-4572-992a-9634c883c70a@group-18DB07E89AF1-SegmentedRaftLogWorker: flushIndex: setUnconditionally 0 -> -1
2023-09-15 05:01:49,301 [386b2284-1126-4572-992a-9634c883c70a-groupManagement] INFO  segmented.SegmentedRaftLogWorker (SegmentedRaftLogWorker.java:lambda$new$0(135)) - 386b2284-1126-4572-992a-9634c883c70a@group-18DB07E89AF1-SegmentedRaftLogWorker: safeCacheEvictIndex: setUnconditionally 0 -> -1
2023-09-15 05:01:49,302 [386b2284-1126-4572-992a-9634c883c70a-groupManagement] INFO  server.RaftServer$Division (RaftServerImpl.java:start(342)) - 386b2284-1126-4572-992a-9634c883c70a@group-18DB07E89AF1: start as a follower, conf=-1: peers:[ba5cf16e-7b97-4e1d-8791-bccb4873d66e|rpc:10.1.0.24:15086|admin:10.1.0.24:15085|client:10.1.0.24:15084|dataStream:10.1.0.24:15087|priority:0|startupRole:FOLLOWER, 49835f94-14b4-44df-a6e0-f69154e42310|rpc:10.1.0.24:15068|admin:10.1.0.24:15067|client:10.1.0.24:15066|dataStream:10.1.0.24:15069|priority:0|startupRole:FOLLOWER, 386b2284-1126-4572-992a-9634c883c70a|rpc:10.1.0.24:15077|admin:10.1.0.24:15076|client:10.1.0.24:15075|dataStream:10.1.0.24:15078|priority:1|startupRole:FOLLOWER]|listeners:[], old=null
2023-09-15 05:01:49,302 [386b2284-1126-4572-992a-9634c883c70a-groupManagement] INFO  server.RaftServer$Division (RaftServerImpl.java:setRole(329)) - 386b2284-1126-4572-992a-9634c883c70a@group-18DB07E89AF1: changes role from      null to FOLLOWER at term 0 for startAsFollower
2023-09-15 05:01:49,302 [386b2284-1126-4572-992a-9634c883c70a-groupManagement] INFO  impl.RoleInfo (RoleInfo.java:updateAndGet(139)) - 386b2284-1126-4572-992a-9634c883c70a: start 386b2284-1126-4572-992a-9634c883c70a@group-18DB07E89AF1-FollowerState
2023-09-15 05:01:49,302 [386b2284-1126-4572-992a-9634c883c70a@group-18DB07E89AF1-FollowerState] INFO  server.RaftServerConfigKeys (ConfUtils.java:logFallback(53)) - raft.server.rpc.first-election.timeout.min = 5s (fallback to raft.server.rpc.timeout.min)
2023-09-15 05:01:49,302 [386b2284-1126-4572-992a-9634c883c70a@group-18DB07E89AF1-FollowerState] INFO  server.RaftServerConfigKeys (ConfUtils.java:logFallback(53)) - raft.server.rpc.first-election.timeout.max = 5200ms (fallback to raft.server.rpc.timeout.max)
2023-09-15 05:01:49,303 [386b2284-1126-4572-992a-9634c883c70a-groupManagement] INFO  util.JmxRegister (JmxRegister.java:tryRegister(44)) - Successfully registered JMX Bean with object name Ratis:service=RaftServer,group=group-18DB07E89AF1,id=386b2284-1126-4572-992a-9634c883c70a
2023-09-15 05:01:49,303 [386b2284-1126-4572-992a-9634c883c70a-groupManagement] INFO  server.RaftServerConfigKeys (ConfUtils.java:logGet(46)) - raft.server.snapshot.auto.trigger.enabled = true (custom)
2023-09-15 05:01:49,303 [386b2284-1126-4572-992a-9634c883c70a-groupManagement] INFO  server.RaftServerConfigKeys (ConfUtils.java:logGet(46)) - raft.server.snapshot.auto.trigger.threshold = 10000 (custom)
2023-09-15 05:01:49,303 [386b2284-1126-4572-992a-9634c883c70a-groupManagement] INFO  server.RaftServerConfigKeys (ConfUtils.java:logGet(46)) - raft.server.snapshot.retention.file.num = 5 (custom)
2023-09-15 05:01:49,303 [386b2284-1126-4572-992a-9634c883c70a-groupManagement] INFO  server.RaftServerConfigKeys (ConfUtils.java:logGet(46)) - raft.server.log.purge.upto.snapshot.index = false (default)
2023-09-15 05:01:49,311 [PipelineCommandHandlerThread-0] INFO  commandhandler.CreatePipelineCommandHandler (CreatePipelineCommandHandler.java:lambda$handle$2(124)) - Created Pipeline RATIS THREE PipelineID=bc2810cb-2d62-4486-9982-18db07e89af1.
2023-09-15 05:01:49,373 [PipelineCommandHandlerThread-0] INFO  server.RaftServer (RaftServerProxy.java:addNew(98)) - 386b2284-1126-4572-992a-9634c883c70a: addNew group-2173B2354F71:[386b2284-1126-4572-992a-9634c883c70a|rpc:10.1.0.24:15077|admin:10.1.0.24:15076|client:10.1.0.24:15075|dataStream:10.1.0.24:15078|priority:1|startupRole:FOLLOWER] returns group-2173B2354F71:java.util.concurrent.CompletableFuture@1d8daedc[Not completed]
2023-09-15 05:01:49,375 [386b2284-1126-4572-992a-9634c883c70a-groupManagement] INFO  server.RaftServer$Division (RaftServerImpl.java:<init>(198)) - 386b2284-1126-4572-992a-9634c883c70a: new RaftServerImpl for group-2173B2354F71:[386b2284-1126-4572-992a-9634c883c70a|rpc:10.1.0.24:15077|admin:10.1.0.24:15076|client:10.1.0.24:15075|dataStream:10.1.0.24:15078|priority:1|startupRole:FOLLOWER] with ContainerStateMachine:uninitialized
2023-09-15 05:01:49,375 [386b2284-1126-4572-992a-9634c883c70a-groupManagement] INFO  server.RaftServerConfigKeys (ConfUtils.java:logGet(46)) - raft.server.rpc.timeout.min = 5s (custom)
2023-09-15 05:01:49,375 [386b2284-1126-4572-992a-9634c883c70a-groupManagement] INFO  server.RaftServerConfigKeys (ConfUtils.java:logGet(46)) - raft.server.rpc.timeout.max = 5200ms (custom)
2023-09-15 05:01:49,375 [386b2284-1126-4572-992a-9634c883c70a-groupManagement] INFO  server.RaftServerConfigKeys (ConfUtils.java:logGet(46)) - raft.server.rpc.sleep.time = 25ms (default)
2023-09-15 05:01:49,375 [386b2284-1126-4572-992a-9634c883c70a-groupManagement] INFO  server.RaftServerConfigKeys (ConfUtils.java:logGet(46)) - raft.server.rpc.slowness.timeout = 300s (custom)
2023-09-15 05:01:49,375 [386b2284-1126-4572-992a-9634c883c70a-groupManagement] INFO  server.RaftServerConfigKeys (ConfUtils.java:logGet(46)) - raft.server.leaderelection.leader.step-down.wait-time = 10s (default)
2023-09-15 05:01:49,375 [386b2284-1126-4572-992a-9634c883c70a-groupManagement] INFO  server.RaftServerConfigKeys (ConfUtils.java:logGet(46)) - raft.server.sleep.deviation.threshold = 300ms (default)
2023-09-15 05:01:49,375 [386b2284-1126-4572-992a-9634c883c70a-groupManagement] INFO  server.RaftServer$Division (ServerState.java:<init>(120)) - 386b2284-1126-4572-992a-9634c883c70a@group-2173B2354F71: ConfigurationManager, init=-1: peers:[386b2284-1126-4572-992a-9634c883c70a|rpc:10.1.0.24:15077|admin:10.1.0.24:15076|client:10.1.0.24:15075|dataStream:10.1.0.24:15078|priority:1|startupRole:FOLLOWER]|listeners:[], old=null, confs=<EMPTY_MAP>
2023-09-15 05:01:49,375 [386b2284-1126-4572-992a-9634c883c70a-groupManagement] INFO  server.RaftServerConfigKeys (ConfUtils.java:logGet(46)) - raft.server.storage.dir = [/home/runner/work/ozone/ozone/hadoop-ozone/integration-test/target/test-dir/MiniOzoneClusterImpl-0a18362f-1832-4b81-b629-935968d04e12/datanode-7/data/ratis] (custom)
2023-09-15 05:01:49,376 [386b2284-1126-4572-992a-9634c883c70a-groupManagement] INFO  server.RaftServerConfigKeys (ConfUtils.java:logGet(46)) - raft.server.log.corruption.policy = EXCEPTION (default)
2023-09-15 05:01:49,376 [386b2284-1126-4572-992a-9634c883c70a-groupManagement] INFO  server.RaftServerConfigKeys (ConfUtils.java:logGet(46)) - raft.server.storage.free-space.min = 0MB (=0) (default)
2023-09-15 05:01:49,376 [386b2284-1126-4572-992a-9634c883c70a-groupManagement] INFO  server.RaftServerConfigKeys (ConfUtils.java:logGet(46)) - raft.server.notification.no-leader.timeout = 300s (custom)
2023-09-15 05:01:49,376 [386b2284-1126-4572-992a-9634c883c70a-groupManagement] INFO  server.RaftServerConfigKeys (ConfUtils.java:logGet(46)) - raft.server.read.timeout = 10s (default)
2023-09-15 05:01:49,376 [386b2284-1126-4572-992a-9634c883c70a-groupManagement] INFO  server.RaftServerConfigKeys (ConfUtils.java:logGet(46)) - raft.server.retrycache.expirytime = 600000ms (custom)
2023-09-15 05:01:49,376 [386b2284-1126-4572-992a-9634c883c70a-groupManagement] INFO  server.RaftServerConfigKeys (ConfUtils.java:logGet(46)) - raft.server.retrycache.statistics.expirytime = 100μs (default)
2023-09-15 05:01:49,376 [386b2284-1126-4572-992a-9634c883c70a-groupManagement] INFO  server.RaftServerConfigKeys (ConfUtils.java:logGet(46)) - raft.server.read.option = DEFAULT (default)
2023-09-15 05:01:49,377 [386b2284-1126-4572-992a-9634c883c70a-groupManagement] INFO  server.RaftServerConfigKeys (ConfUtils.java:logGet(46)) - raft.server.rpc.request.timeout = 60s (custom)
2023-09-15 05:01:49,377 [386b2284-1126-4572-992a-9634c883c70a-groupManagement] INFO  server.RaftServerConfigKeys (ConfUtils.java:logGet(46)) - raft.server.log.appender.install.snapshot.enabled = false (custom)
2023-09-15 05:01:49,377 [386b2284-1126-4572-992a-9634c883c70a-groupManagement] INFO  server.RaftServerConfigKeys (ConfUtils.java:logGet(46)) - raft.server.threadpool.server.cached = true (default)
2023-09-15 05:01:49,377 [386b2284-1126-4572-992a-9634c883c70a-groupManagement] INFO  server.RaftServerConfigKeys (ConfUtils.java:logGet(46)) - raft.server.threadpool.server.size = 0 (default)
2023-09-15 05:01:49,377 [386b2284-1126-4572-992a-9634c883c70a-groupManagement] INFO  server.RaftServerConfigKeys (ConfUtils.java:logGet(46)) - raft.server.threadpool.client.cached = true (default)
2023-09-15 05:01:49,377 [386b2284-1126-4572-992a-9634c883c70a-groupManagement] INFO  server.RaftServerConfigKeys (ConfUtils.java:logGet(46)) - raft.server.threadpool.client.size = 0 (default)
2023-09-15 05:01:49,378 [386b2284-1126-4572-992a-9634c883c70a-groupManagement] INFO  storage.RaftStorageDirectory (RaftStorageDirectoryImpl.java:analyzeStorage(137)) - The storage directory /home/runner/work/ozone/ozone/hadoop-ozone/integration-test/target/test-dir/MiniOzoneClusterImpl-0a18362f-1832-4b81-b629-935968d04e12/datanode-7/data/ratis/231ec847-5fe8-4206-b182-2173b2354f71 does not exist. Creating ...
2023-09-15 05:01:49,379 [386b2284-1126-4572-992a-9634c883c70a-groupManagement] INFO  storage.RaftStorageDirectory (RaftStorageDirectoryImpl.java:tryLock(231)) - Lock on /home/runner/work/ozone/ozone/hadoop-ozone/integration-test/target/test-dir/MiniOzoneClusterImpl-0a18362f-1832-4b81-b629-935968d04e12/datanode-7/data/ratis/231ec847-5fe8-4206-b182-2173b2354f71/in_use.lock acquired by nodename 87703@fv-az371-27
2023-09-15 05:01:49,381 [386b2284-1126-4572-992a-9634c883c70a-groupManagement] INFO  storage.RaftStorage (RaftStorageImpl.java:format(96)) - Storage directory /home/runner/work/ozone/ozone/hadoop-ozone/integration-test/target/test-dir/MiniOzoneClusterImpl-0a18362f-1832-4b81-b629-935968d04e12/datanode-7/data/ratis/231ec847-5fe8-4206-b182-2173b2354f71 has been successfully formatted.
2023-09-15 05:01:49,382 [386b2284-1126-4572-992a-9634c883c70a-groupManagement] INFO  ratis.ContainerStateMachine (ContainerStateMachine.java:loadSnapshot(262)) - group-2173B2354F71: The snapshot info is null. Setting the last applied indexto:(t:0, i:~)
2023-09-15 05:01:49,382 [386b2284-1126-4572-992a-9634c883c70a-groupManagement] INFO  server.RaftServerConfigKeys (ConfUtils.java:logGet(46)) - raft.server.log.use.memory = false (default)
2023-09-15 05:01:49,382 [386b2284-1126-4572-992a-9634c883c70a-groupManagement] INFO  server.RaftServerConfigKeys (ConfUtils.java:logGet(46)) - raft.server.log.purge.gap = 1000000 (custom)
2023-09-15 05:01:49,382 [386b2284-1126-4572-992a-9634c883c70a-groupManagement] INFO  server.RaftServerConfigKeys (ConfUtils.java:logGet(46)) - raft.server.log.appender.buffer.byte-limit = 33554432 (custom)
2023-09-15 05:01:49,382 [386b2284-1126-4572-992a-9634c883c70a-groupManagement] INFO  server.RaftServerConfigKeys (ConfUtils.java:logGet(46)) - raft.server.log.statemachine.data.read.timeout = 1000ms (default)
2023-09-15 05:01:49,382 [386b2284-1126-4572-992a-9634c883c70a-groupManagement] INFO  server.RaftServerConfigKeys (ConfUtils.java:logGet(46)) - raft.server.log.purge.preservation.log.num = 0 (default)
2023-09-15 05:01:49,382 [386b2284-1126-4572-992a-9634c883c70a-groupManagement] INFO  server.RaftServerConfigKeys (ConfUtils.java:logGet(46)) - raft.server.log.segment.size.max = 1048576 (custom)
2023-09-15 05:01:49,383 [386b2284-1126-4572-992a-9634c883c70a-groupManagement] INFO  server.RaftServerConfigKeys (ConfUtils.java:logGet(46)) - raft.server.log.segment.cache.num.max = 2 (custom)
2023-09-15 05:01:49,383 [386b2284-1126-4572-992a-9634c883c70a-groupManagement] INFO  server.RaftServerConfigKeys (ConfUtils.java:logGet(46)) - raft.server.log.segment.cache.size.max = 200MB (=209715200) (default)
2023-09-15 05:01:49,383 [386b2284-1126-4572-992a-9634c883c70a-groupManagement] INFO  server.RaftServerConfigKeys (ConfUtils.java:logGet(46)) - raft.server.log.appender.buffer.byte-limit = 33554432 (custom)
2023-09-15 05:01:49,383 [386b2284-1126-4572-992a-9634c883c70a-groupManagement] INFO  segmented.SegmentedRaftLogWorker (SegmentedRaftLogWorker.java:<init>(188)) - new 386b2284-1126-4572-992a-9634c883c70a@group-2173B2354F71-SegmentedRaftLogWorker for RaftStorageImpl:Storage Directory /home/runner/work/ozone/ozone/hadoop-ozone/integration-test/target/test-dir/MiniOzoneClusterImpl-0a18362f-1832-4b81-b629-935968d04e12/datanode-7/data/ratis/231ec847-5fe8-4206-b182-2173b2354f71
2023-09-15 05:01:49,383 [386b2284-1126-4572-992a-9634c883c70a-groupManagement] INFO  server.RaftServerConfigKeys (ConfUtils.java:logGet(46)) - raft.server.log.queue.byte-limit = 4294967296 (custom)
2023-09-15 05:01:49,383 [386b2284-1126-4572-992a-9634c883c70a-groupManagement] INFO  server.RaftServerConfigKeys (ConfUtils.java:logGet(46)) - raft.server.log.queue.element-limit = 1024 (custom)
2023-09-15 05:01:49,383 [386b2284-1126-4572-992a-9634c883c70a-groupManagement] INFO  server.RaftServerConfigKeys (ConfUtils.java:logGet(46)) - raft.server.log.segment.size.max = 1048576 (custom)
2023-09-15 05:01:49,383 [386b2284-1126-4572-992a-9634c883c70a-groupManagement] INFO  server.RaftServerConfigKeys (ConfUtils.java:logGet(46)) - raft.server.log.preallocated.size = 16384 (custom)
2023-09-15 05:01:49,383 [386b2284-1126-4572-992a-9634c883c70a-groupManagement] INFO  server.RaftServerConfigKeys (ConfUtils.java:logGet(46)) - raft.server.log.force.sync.num = 128 (default)
2023-09-15 05:01:49,383 [386b2284-1126-4572-992a-9634c883c70a-groupManagement] INFO  server.RaftServerConfigKeys (ConfUtils.java:logGet(46)) - raft.server.log.statemachine.data.sync = true (default)
2023-09-15 05:01:49,383 [386b2284-1126-4572-992a-9634c883c70a-groupManagement] INFO  server.RaftServerConfigKeys (ConfUtils.java:logGet(46)) - raft.server.log.statemachine.data.sync.timeout = 10s (default)
2023-09-15 05:01:49,383 [386b2284-1126-4572-992a-9634c883c70a-groupManagement] INFO  server.RaftServerConfigKeys (ConfUtils.java:logGet(46)) - raft.server.log.statemachine.data.sync.timeout.retry = -1 (default)
2023-09-15 05:01:49,384 [EventQueue-PipelineReportForPipelineReportHandler] INFO  pipeline.PipelineReportHandler (PipelineReportHandler.java:processPipelineReport(136)) - Opened pipeline PipelineID=231ec847-5fe8-4206-b182-2173b2354f71
2023-09-15 05:01:49,384 [EventQueue-OpenPipelineForHealthyPipelineSafeModeRule] INFO  safemode.SCMSafeModeManager (HealthyPipelineSafeModeRule.java:process(137)) - SCM in safe mode. Healthy pipelines reported count is 0, required healthy pipeline reported count is 1
2023-09-15 05:01:49,384 [386b2284-1126-4572-992a-9634c883c70a-groupManagement] INFO  server.RaftServerConfigKeys (ConfUtils.java:logGet(46)) - raft.server.log.write.buffer.size = 1048576 (custom)
2023-09-15 05:01:49,385 [386b2284-1126-4572-992a-9634c883c70a-groupManagement] INFO  server.RaftServerConfigKeys (ConfUtils.java:logGet(46)) - raft.server.log.appender.buffer.byte-limit = 33554432 (custom)
2023-09-15 05:01:49,391 [386b2284-1126-4572-992a-9634c883c70a-groupManagement] INFO  server.RaftServerConfigKeys (ConfUtils.java:logGet(46)) - raft.server.log.unsafe-flush.enabled = false (default)
2023-09-15 05:01:49,391 [386b2284-1126-4572-992a-9634c883c70a-groupManagement] INFO  server.RaftServerConfigKeys (ConfUtils.java:logGet(46)) - raft.server.log.async-flush.enabled = false (default)
2023-09-15 05:01:49,391 [386b2284-1126-4572-992a-9634c883c70a-groupManagement] INFO  server.RaftServerConfigKeys (ConfUtils.java:logGet(46)) - raft.server.log.statemachine.data.caching.enabled = true (custom)
2023-09-15 05:01:49,391 [386b2284-1126-4572-992a-9634c883c70a-groupManagement] INFO  segmented.SegmentedRaftLogWorker (SegmentedRaftLogWorker.java:lambda$new$0(135)) - 386b2284-1126-4572-992a-9634c883c70a@group-2173B2354F71-SegmentedRaftLogWorker: flushIndex: setUnconditionally 0 -> -1
2023-09-15 05:01:49,391 [386b2284-1126-4572-992a-9634c883c70a-groupManagement] INFO  segmented.SegmentedRaftLogWorker (SegmentedRaftLogWorker.java:lambda$new$0(135)) - 386b2284-1126-4572-992a-9634c883c70a@group-2173B2354F71-SegmentedRaftLogWorker: safeCacheEvictIndex: setUnconditionally 0 -> -1
2023-09-15 05:01:49,394 [386b2284-1126-4572-992a-9634c883c70a-groupManagement] INFO  server.RaftServer$Division (RaftServerImpl.java:start(342)) - 386b2284-1126-4572-992a-9634c883c70a@group-2173B2354F71: start as a follower, conf=-1: peers:[386b2284-1126-4572-992a-9634c883c70a|rpc:10.1.0.24:15077|admin:10.1.0.24:15076|client:10.1.0.24:15075|dataStream:10.1.0.24:15078|priority:1|startupRole:FOLLOWER]|listeners:[], old=null
2023-09-15 05:01:49,394 [386b2284-1126-4572-992a-9634c883c70a-groupManagement] INFO  server.RaftServer$Division (RaftServerImpl.java:setRole(329)) - 386b2284-1126-4572-992a-9634c883c70a@group-2173B2354F71: changes role from      null to FOLLOWER at term 0 for startAsFollower
2023-09-15 05:01:49,394 [386b2284-1126-4572-992a-9634c883c70a-groupManagement] INFO  impl.RoleInfo (RoleInfo.java:updateAndGet(139)) - 386b2284-1126-4572-992a-9634c883c70a: start 386b2284-1126-4572-992a-9634c883c70a@group-2173B2354F71-FollowerState
2023-09-15 05:01:49,404 [386b2284-1126-4572-992a-9634c883c70a@group-2173B2354F71-FollowerState] INFO  server.RaftServerConfigKeys (ConfUtils.java:logFallback(53)) - raft.server.rpc.first-election.timeout.min = 5s (fallback to raft.server.rpc.timeout.min)
2023-09-15 05:01:49,404 [386b2284-1126-4572-992a-9634c883c70a-groupManagement] INFO  util.JmxRegister (JmxRegister.java:tryRegister(44)) - Successfully registered JMX Bean with object name Ratis:service=RaftServer,group=group-2173B2354F71,id=386b2284-1126-4572-992a-9634c883c70a
2023-09-15 05:01:49,404 [386b2284-1126-4572-992a-9634c883c70a@group-2173B2354F71-FollowerState] INFO  server.RaftServerConfigKeys (ConfUtils.java:logFallback(53)) - raft.server.rpc.first-election.timeout.max = 5200ms (fallback to raft.server.rpc.timeout.max)
2023-09-15 05:01:49,404 [386b2284-1126-4572-992a-9634c883c70a-groupManagement] INFO  server.RaftServerConfigKeys (ConfUtils.java:logGet(46)) - raft.server.snapshot.auto.trigger.enabled = true (custom)
2023-09-15 05:01:49,405 [386b2284-1126-4572-992a-9634c883c70a-groupManagement] INFO  server.RaftServerConfigKeys (ConfUtils.java:logGet(46)) - raft.server.snapshot.auto.trigger.threshold = 10000 (custom)
2023-09-15 05:01:49,405 [386b2284-1126-4572-992a-9634c883c70a-groupManagement] INFO  server.RaftServerConfigKeys (ConfUtils.java:logGet(46)) - raft.server.snapshot.retention.file.num = 5 (custom)
2023-09-15 05:01:49,405 [386b2284-1126-4572-992a-9634c883c70a-groupManagement] INFO  server.RaftServerConfigKeys (ConfUtils.java:logGet(46)) - raft.server.log.purge.upto.snapshot.index = false (default)
2023-09-15 05:01:49,410 [PipelineCommandHandlerThread-0] INFO  ratis.XceiverServerRatis (XceiverServerRatis.java:addGroup(804)) - Created group PipelineID=231ec847-5fe8-4206-b182-2173b2354f71
2023-09-15 05:01:49,410 [PipelineCommandHandlerThread-0] INFO  commandhandler.CreatePipelineCommandHandler (CreatePipelineCommandHandler.java:lambda$handle$2(124)) - Created Pipeline RATIS ONE PipelineID=231ec847-5fe8-4206-b182-2173b2354f71.
2023-09-15 05:01:49,786 [PipelineCommandHandlerThread-0] INFO  server.RaftServer (RaftServerProxy.java:addNew(98)) - ba5cf16e-7b97-4e1d-8791-bccb4873d66e: addNew group-FD5D28BA849A:[ba5cf16e-7b97-4e1d-8791-bccb4873d66e|rpc:10.1.0.24:15086|admin:10.1.0.24:15085|client:10.1.0.24:15084|dataStream:10.1.0.24:15087|priority:1|startupRole:FOLLOWER] returns group-FD5D28BA849A:java.util.concurrent.CompletableFuture@7cb8530b[Not completed]
2023-09-15 05:01:49,787 [ba5cf16e-7b97-4e1d-8791-bccb4873d66e-groupManagement] INFO  server.RaftServer$Division (RaftServerImpl.java:<init>(198)) - ba5cf16e-7b97-4e1d-8791-bccb4873d66e: new RaftServerImpl for group-FD5D28BA849A:[ba5cf16e-7b97-4e1d-8791-bccb4873d66e|rpc:10.1.0.24:15086|admin:10.1.0.24:15085|client:10.1.0.24:15084|dataStream:10.1.0.24:15087|priority:1|startupRole:FOLLOWER] with ContainerStateMachine:uninitialized
2023-09-15 05:01:49,787 [ba5cf16e-7b97-4e1d-8791-bccb4873d66e-groupManagement] INFO  server.RaftServerConfigKeys (ConfUtils.java:logGet(46)) - raft.server.rpc.timeout.min = 5s (custom)
2023-09-15 05:01:49,787 [ba5cf16e-7b97-4e1d-8791-bccb4873d66e-groupManagement] INFO  server.RaftServerConfigKeys (ConfUtils.java:logGet(46)) - raft.server.rpc.timeout.max = 5200ms (custom)
2023-09-15 05:01:49,787 [ba5cf16e-7b97-4e1d-8791-bccb4873d66e-groupManagement] INFO  server.RaftServerConfigKeys (ConfUtils.java:logGet(46)) - raft.server.rpc.sleep.time = 25ms (default)
2023-09-15 05:01:49,787 [ba5cf16e-7b97-4e1d-8791-bccb4873d66e-groupManagement] INFO  server.RaftServerConfigKeys (ConfUtils.java:logGet(46)) - raft.server.rpc.slowness.timeout = 300s (custom)
2023-09-15 05:01:49,787 [ba5cf16e-7b97-4e1d-8791-bccb4873d66e-groupManagement] INFO  server.RaftServerConfigKeys (ConfUtils.java:logGet(46)) - raft.server.leaderelection.leader.step-down.wait-time = 10s (default)
2023-09-15 05:01:49,787 [ba5cf16e-7b97-4e1d-8791-bccb4873d66e-groupManagement] INFO  server.RaftServerConfigKeys (ConfUtils.java:logGet(46)) - raft.server.sleep.deviation.threshold = 300ms (default)
2023-09-15 05:01:49,787 [ba5cf16e-7b97-4e1d-8791-bccb4873d66e-groupManagement] INFO  server.RaftServer$Division (ServerState.java:<init>(120)) - ba5cf16e-7b97-4e1d-8791-bccb4873d66e@group-FD5D28BA849A: ConfigurationManager, init=-1: peers:[ba5cf16e-7b97-4e1d-8791-bccb4873d66e|rpc:10.1.0.24:15086|admin:10.1.0.24:15085|client:10.1.0.24:15084|dataStream:10.1.0.24:15087|priority:1|startupRole:FOLLOWER]|listeners:[], old=null, confs=<EMPTY_MAP>
2023-09-15 05:01:49,787 [ba5cf16e-7b97-4e1d-8791-bccb4873d66e-groupManagement] INFO  server.RaftServerConfigKeys (ConfUtils.java:logGet(46)) - raft.server.storage.dir = [/home/runner/work/ozone/ozone/hadoop-ozone/integration-test/target/test-dir/MiniOzoneClusterImpl-0a18362f-1832-4b81-b629-935968d04e12/datanode-8/data/ratis] (custom)
2023-09-15 05:01:49,788 [ba5cf16e-7b97-4e1d-8791-bccb4873d66e-groupManagement] INFO  server.RaftServerConfigKeys (ConfUtils.java:logGet(46)) - raft.server.log.corruption.policy = EXCEPTION (default)
2023-09-15 05:01:49,788 [ba5cf16e-7b97-4e1d-8791-bccb4873d66e-groupManagement] INFO  server.RaftServerConfigKeys (ConfUtils.java:logGet(46)) - raft.server.storage.free-space.min = 0MB (=0) (default)
2023-09-15 05:01:49,788 [ba5cf16e-7b97-4e1d-8791-bccb4873d66e-groupManagement] INFO  server.RaftServerConfigKeys (ConfUtils.java:logGet(46)) - raft.server.notification.no-leader.timeout = 300s (custom)
2023-09-15 05:01:49,788 [ba5cf16e-7b97-4e1d-8791-bccb4873d66e-groupManagement] INFO  server.RaftServerConfigKeys (ConfUtils.java:logGet(46)) - raft.server.read.timeout = 10s (default)
2023-09-15 05:01:49,788 [ba5cf16e-7b97-4e1d-8791-bccb4873d66e-groupManagement] INFO  server.RaftServerConfigKeys (ConfUtils.java:logGet(46)) - raft.server.retrycache.expirytime = 600000ms (custom)
2023-09-15 05:01:49,788 [ba5cf16e-7b97-4e1d-8791-bccb4873d66e-groupManagement] INFO  server.RaftServerConfigKeys (ConfUtils.java:logGet(46)) - raft.server.retrycache.statistics.expirytime = 100μs (default)
2023-09-15 05:01:49,788 [ba5cf16e-7b97-4e1d-8791-bccb4873d66e-groupManagement] INFO  server.RaftServerConfigKeys (ConfUtils.java:logGet(46)) - raft.server.read.option = DEFAULT (default)
2023-09-15 05:01:49,789 [ba5cf16e-7b97-4e1d-8791-bccb4873d66e-groupManagement] INFO  server.RaftServerConfigKeys (ConfUtils.java:logGet(46)) - raft.server.rpc.request.timeout = 60s (custom)
2023-09-15 05:01:49,789 [ba5cf16e-7b97-4e1d-8791-bccb4873d66e-groupManagement] INFO  server.RaftServerConfigKeys (ConfUtils.java:logGet(46)) - raft.server.log.appender.install.snapshot.enabled = false (custom)
2023-09-15 05:01:49,789 [ba5cf16e-7b97-4e1d-8791-bccb4873d66e-groupManagement] INFO  server.RaftServerConfigKeys (ConfUtils.java:logGet(46)) - raft.server.threadpool.server.cached = true (default)
2023-09-15 05:01:49,789 [ba5cf16e-7b97-4e1d-8791-bccb4873d66e-groupManagement] INFO  server.RaftServerConfigKeys (ConfUtils.java:logGet(46)) - raft.server.threadpool.server.size = 0 (default)
2023-09-15 05:01:49,794 [ba5cf16e-7b97-4e1d-8791-bccb4873d66e-groupManagement] INFO  server.RaftServerConfigKeys (ConfUtils.java:logGet(46)) - raft.server.threadpool.client.cached = true (default)
2023-09-15 05:01:49,794 [ba5cf16e-7b97-4e1d-8791-bccb4873d66e-groupManagement] INFO  server.RaftServerConfigKeys (ConfUtils.java:logGet(46)) - raft.server.threadpool.client.size = 0 (default)
2023-09-15 05:01:49,794 [ba5cf16e-7b97-4e1d-8791-bccb4873d66e-groupManagement] INFO  storage.RaftStorageDirectory (RaftStorageDirectoryImpl.java:analyzeStorage(137)) - The storage directory /home/runner/work/ozone/ozone/hadoop-ozone/integration-test/target/test-dir/MiniOzoneClusterImpl-0a18362f-1832-4b81-b629-935968d04e12/datanode-8/data/ratis/c07551b4-2a24-42e5-b768-fd5d28ba849a does not exist. Creating ...
2023-09-15 05:01:49,795 [ba5cf16e-7b97-4e1d-8791-bccb4873d66e-groupManagement] INFO  storage.RaftStorageDirectory (RaftStorageDirectoryImpl.java:tryLock(231)) - Lock on /home/runner/work/ozone/ozone/hadoop-ozone/integration-test/target/test-dir/MiniOzoneClusterImpl-0a18362f-1832-4b81-b629-935968d04e12/datanode-8/data/ratis/c07551b4-2a24-42e5-b768-fd5d28ba849a/in_use.lock acquired by nodename 87703@fv-az371-27
2023-09-15 05:01:49,796 [ba5cf16e-7b97-4e1d-8791-bccb4873d66e-groupManagement] INFO  storage.RaftStorage (RaftStorageImpl.java:format(96)) - Storage directory /home/runner/work/ozone/ozone/hadoop-ozone/integration-test/target/test-dir/MiniOzoneClusterImpl-0a18362f-1832-4b81-b629-935968d04e12/datanode-8/data/ratis/c07551b4-2a24-42e5-b768-fd5d28ba849a has been successfully formatted.
2023-09-15 05:01:49,797 [ba5cf16e-7b97-4e1d-8791-bccb4873d66e-groupManagement] INFO  ratis.ContainerStateMachine (ContainerStateMachine.java:loadSnapshot(262)) - group-FD5D28BA849A: The snapshot info is null. Setting the last applied indexto:(t:0, i:~)
2023-09-15 05:01:49,797 [ba5cf16e-7b97-4e1d-8791-bccb4873d66e-groupManagement] INFO  server.RaftServerConfigKeys (ConfUtils.java:logGet(46)) - raft.server.log.use.memory = false (default)
2023-09-15 05:01:49,797 [ba5cf16e-7b97-4e1d-8791-bccb4873d66e-groupManagement] INFO  server.RaftServerConfigKeys (ConfUtils.java:logGet(46)) - raft.server.log.purge.gap = 1000000 (custom)
2023-09-15 05:01:49,797 [ba5cf16e-7b97-4e1d-8791-bccb4873d66e-groupManagement] INFO  server.RaftServerConfigKeys (ConfUtils.java:logGet(46)) - raft.server.log.appender.buffer.byte-limit = 33554432 (custom)
2023-09-15 05:01:49,797 [ba5cf16e-7b97-4e1d-8791-bccb4873d66e-groupManagement] INFO  server.RaftServerConfigKeys (ConfUtils.java:logGet(46)) - raft.server.log.statemachine.data.read.timeout = 1000ms (default)
2023-09-15 05:01:49,798 [ba5cf16e-7b97-4e1d-8791-bccb4873d66e-groupManagement] INFO  server.RaftServerConfigKeys (ConfUtils.java:logGet(46)) - raft.server.log.purge.preservation.log.num = 0 (default)
2023-09-15 05:01:49,798 [ba5cf16e-7b97-4e1d-8791-bccb4873d66e-groupManagement] INFO  server.RaftServerConfigKeys (ConfUtils.java:logGet(46)) - raft.server.log.segment.size.max = 1048576 (custom)
2023-09-15 05:01:49,798 [ba5cf16e-7b97-4e1d-8791-bccb4873d66e-groupManagement] INFO  server.RaftServerConfigKeys (ConfUtils.java:logGet(46)) - raft.server.log.segment.cache.num.max = 2 (custom)
2023-09-15 05:01:49,798 [ba5cf16e-7b97-4e1d-8791-bccb4873d66e-groupManagement] INFO  server.RaftServerConfigKeys (ConfUtils.java:logGet(46)) - raft.server.log.segment.cache.size.max = 200MB (=209715200) (default)
2023-09-15 05:01:49,798 [ba5cf16e-7b97-4e1d-8791-bccb4873d66e-groupManagement] INFO  server.RaftServerConfigKeys (ConfUtils.java:logGet(46)) - raft.server.log.appender.buffer.byte-limit = 33554432 (custom)
2023-09-15 05:01:49,798 [ba5cf16e-7b97-4e1d-8791-bccb4873d66e-groupManagement] INFO  segmented.SegmentedRaftLogWorker (SegmentedRaftLogWorker.java:<init>(188)) - new ba5cf16e-7b97-4e1d-8791-bccb4873d66e@group-FD5D28BA849A-SegmentedRaftLogWorker for RaftStorageImpl:Storage Directory /home/runner/work/ozone/ozone/hadoop-ozone/integration-test/target/test-dir/MiniOzoneClusterImpl-0a18362f-1832-4b81-b629-935968d04e12/datanode-8/data/ratis/c07551b4-2a24-42e5-b768-fd5d28ba849a
2023-09-15 05:01:49,798 [ba5cf16e-7b97-4e1d-8791-bccb4873d66e-groupManagement] INFO  server.RaftServerConfigKeys (ConfUtils.java:logGet(46)) - raft.server.log.queue.byte-limit = 4294967296 (custom)
2023-09-15 05:01:49,799 [ba5cf16e-7b97-4e1d-8791-bccb4873d66e-groupManagement] INFO  server.RaftServerConfigKeys (ConfUtils.java:logGet(46)) - raft.server.log.queue.element-limit = 1024 (custom)
2023-09-15 05:01:49,799 [ba5cf16e-7b97-4e1d-8791-bccb4873d66e-groupManagement] INFO  server.RaftServerConfigKeys (ConfUtils.java:logGet(46)) - raft.server.log.segment.size.max = 1048576 (custom)
2023-09-15 05:01:49,799 [ba5cf16e-7b97-4e1d-8791-bccb4873d66e-groupManagement] INFO  server.RaftServerConfigKeys (ConfUtils.java:logGet(46)) - raft.server.log.preallocated.size = 16384 (custom)
2023-09-15 05:01:49,799 [ba5cf16e-7b97-4e1d-8791-bccb4873d66e-groupManagement] INFO  server.RaftServerConfigKeys (ConfUtils.java:logGet(46)) - raft.server.log.force.sync.num = 128 (default)
2023-09-15 05:01:49,799 [ba5cf16e-7b97-4e1d-8791-bccb4873d66e-groupManagement] INFO  server.RaftServerConfigKeys (ConfUtils.java:logGet(46)) - raft.server.log.statemachine.data.sync = true (default)
2023-09-15 05:01:49,799 [ba5cf16e-7b97-4e1d-8791-bccb4873d66e-groupManagement] INFO  server.RaftServerConfigKeys (ConfUtils.java:logGet(46)) - raft.server.log.statemachine.data.sync.timeout = 10s (default)
2023-09-15 05:01:49,799 [ba5cf16e-7b97-4e1d-8791-bccb4873d66e-groupManagement] INFO  server.RaftServerConfigKeys (ConfUtils.java:logGet(46)) - raft.server.log.statemachine.data.sync.timeout.retry = -1 (default)
2023-09-15 05:01:49,799 [EventQueue-PipelineReportForPipelineReportHandler] INFO  pipeline.PipelineReportHandler (PipelineReportHandler.java:processPipelineReport(136)) - Opened pipeline PipelineID=c07551b4-2a24-42e5-b768-fd5d28ba849a
2023-09-15 05:01:49,799 [EventQueue-OpenPipelineForHealthyPipelineSafeModeRule] INFO  safemode.SCMSafeModeManager (HealthyPipelineSafeModeRule.java:process(137)) - SCM in safe mode. Healthy pipelines reported count is 0, required healthy pipeline reported count is 1
2023-09-15 05:01:49,800 [ba5cf16e-7b97-4e1d-8791-bccb4873d66e-groupManagement] INFO  server.RaftServerConfigKeys (ConfUtils.java:logGet(46)) - raft.server.log.write.buffer.size = 1048576 (custom)
2023-09-15 05:01:49,801 [ba5cf16e-7b97-4e1d-8791-bccb4873d66e-groupManagement] INFO  server.RaftServerConfigKeys (ConfUtils.java:logGet(46)) - raft.server.log.appender.buffer.byte-limit = 33554432 (custom)
2023-09-15 05:01:49,806 [ba5cf16e-7b97-4e1d-8791-bccb4873d66e-groupManagement] INFO  server.RaftServerConfigKeys (ConfUtils.java:logGet(46)) - raft.server.log.unsafe-flush.enabled = false (default)
2023-09-15 05:01:49,806 [ba5cf16e-7b97-4e1d-8791-bccb4873d66e-groupManagement] INFO  server.RaftServerConfigKeys (ConfUtils.java:logGet(46)) - raft.server.log.async-flush.enabled = false (default)
2023-09-15 05:01:49,806 [ba5cf16e-7b97-4e1d-8791-bccb4873d66e-groupManagement] INFO  server.RaftServerConfigKeys (ConfUtils.java:logGet(46)) - raft.server.log.statemachine.data.caching.enabled = true (custom)
2023-09-15 05:01:49,807 [ba5cf16e-7b97-4e1d-8791-bccb4873d66e-groupManagement] INFO  segmented.SegmentedRaftLogWorker (SegmentedRaftLogWorker.java:lambda$new$0(135)) - ba5cf16e-7b97-4e1d-8791-bccb4873d66e@group-FD5D28BA849A-SegmentedRaftLogWorker: flushIndex: setUnconditionally 0 -> -1
2023-09-15 05:01:49,807 [ba5cf16e-7b97-4e1d-8791-bccb4873d66e-groupManagement] INFO  segmented.SegmentedRaftLogWorker (SegmentedRaftLogWorker.java:lambda$new$0(135)) - ba5cf16e-7b97-4e1d-8791-bccb4873d66e@group-FD5D28BA849A-SegmentedRaftLogWorker: safeCacheEvictIndex: setUnconditionally 0 -> -1
2023-09-15 05:01:49,814 [ba5cf16e-7b97-4e1d-8791-bccb4873d66e-groupManagement] INFO  server.RaftServer$Division (RaftServerImpl.java:start(342)) - ba5cf16e-7b97-4e1d-8791-bccb4873d66e@group-FD5D28BA849A: start as a follower, conf=-1: peers:[ba5cf16e-7b97-4e1d-8791-bccb4873d66e|rpc:10.1.0.24:15086|admin:10.1.0.24:15085|client:10.1.0.24:15084|dataStream:10.1.0.24:15087|priority:1|startupRole:FOLLOWER]|listeners:[], old=null
2023-09-15 05:01:49,814 [ba5cf16e-7b97-4e1d-8791-bccb4873d66e-groupManagement] INFO  server.RaftServer$Division (RaftServerImpl.java:setRole(329)) - ba5cf16e-7b97-4e1d-8791-bccb4873d66e@group-FD5D28BA849A: changes role from      null to FOLLOWER at term 0 for startAsFollower
2023-09-15 05:01:49,814 [ba5cf16e-7b97-4e1d-8791-bccb4873d66e-groupManagement] INFO  impl.RoleInfo (RoleInfo.java:updateAndGet(139)) - ba5cf16e-7b97-4e1d-8791-bccb4873d66e: start ba5cf16e-7b97-4e1d-8791-bccb4873d66e@group-FD5D28BA849A-FollowerState
2023-09-15 05:01:49,818 [ba5cf16e-7b97-4e1d-8791-bccb4873d66e-groupManagement] INFO  util.JmxRegister (JmxRegister.java:tryRegister(44)) - Successfully registered JMX Bean with object name Ratis:service=RaftServer,group=group-FD5D28BA849A,id=ba5cf16e-7b97-4e1d-8791-bccb4873d66e
2023-09-15 05:01:49,818 [ba5cf16e-7b97-4e1d-8791-bccb4873d66e-groupManagement] INFO  server.RaftServerConfigKeys (ConfUtils.java:logGet(46)) - raft.server.snapshot.auto.trigger.enabled = true (custom)
2023-09-15 05:01:49,818 [ba5cf16e-7b97-4e1d-8791-bccb4873d66e-groupManagement] INFO  server.RaftServerConfigKeys (ConfUtils.java:logGet(46)) - raft.server.snapshot.auto.trigger.threshold = 10000 (custom)
2023-09-15 05:01:49,818 [ba5cf16e-7b97-4e1d-8791-bccb4873d66e-groupManagement] INFO  server.RaftServerConfigKeys (ConfUtils.java:logGet(46)) - raft.server.snapshot.retention.file.num = 5 (custom)
2023-09-15 05:01:49,818 [ba5cf16e-7b97-4e1d-8791-bccb4873d66e-groupManagement] INFO  server.RaftServerConfigKeys (ConfUtils.java:logGet(46)) - raft.server.log.purge.upto.snapshot.index = false (default)
2023-09-15 05:01:49,819 [ba5cf16e-7b97-4e1d-8791-bccb4873d66e@group-FD5D28BA849A-FollowerState] INFO  server.RaftServerConfigKeys (ConfUtils.java:logFallback(53)) - raft.server.rpc.first-election.timeout.min = 5s (fallback to raft.server.rpc.timeout.min)
2023-09-15 05:01:49,819 [ba5cf16e-7b97-4e1d-8791-bccb4873d66e@group-FD5D28BA849A-FollowerState] INFO  server.RaftServerConfigKeys (ConfUtils.java:logFallback(53)) - raft.server.rpc.first-election.timeout.max = 5200ms (fallback to raft.server.rpc.timeout.max)
2023-09-15 05:01:49,826 [PipelineCommandHandlerThread-0] INFO  ratis.XceiverServerRatis (XceiverServerRatis.java:addGroup(804)) - Created group PipelineID=c07551b4-2a24-42e5-b768-fd5d28ba849a
2023-09-15 05:01:49,826 [PipelineCommandHandlerThread-0] INFO  commandhandler.CreatePipelineCommandHandler (CreatePipelineCommandHandler.java:lambda$handle$2(124)) - Created Pipeline RATIS ONE PipelineID=c07551b4-2a24-42e5-b768-fd5d28ba849a.
2023-09-15 05:01:50,182 [PipelineCommandHandlerThread-0] INFO  server.RaftServer (RaftServerProxy.java:addNew(98)) - 578440bc-c25e-4c80-bfb5-6b6f6462e7c6: addNew group-36B55943243A:[578440bc-c25e-4c80-bfb5-6b6f6462e7c6|rpc:10.1.0.24:15095|admin:10.1.0.24:15094|client:10.1.0.24:15093|dataStream:10.1.0.24:15096|priority:1|startupRole:FOLLOWER] returns group-36B55943243A:java.util.concurrent.CompletableFuture@6b46e901[Not completed]
2023-09-15 05:01:50,184 [578440bc-c25e-4c80-bfb5-6b6f6462e7c6-groupManagement] INFO  server.RaftServer$Division (RaftServerImpl.java:<init>(198)) - 578440bc-c25e-4c80-bfb5-6b6f6462e7c6: new RaftServerImpl for group-36B55943243A:[578440bc-c25e-4c80-bfb5-6b6f6462e7c6|rpc:10.1.0.24:15095|admin:10.1.0.24:15094|client:10.1.0.24:15093|dataStream:10.1.0.24:15096|priority:1|startupRole:FOLLOWER] with ContainerStateMachine:uninitialized
2023-09-15 05:01:50,184 [578440bc-c25e-4c80-bfb5-6b6f6462e7c6-groupManagement] INFO  server.RaftServerConfigKeys (ConfUtils.java:logGet(46)) - raft.server.rpc.timeout.min = 5s (custom)
2023-09-15 05:01:50,184 [578440bc-c25e-4c80-bfb5-6b6f6462e7c6-groupManagement] INFO  server.RaftServerConfigKeys (ConfUtils.java:logGet(46)) - raft.server.rpc.timeout.max = 5200ms (custom)
2023-09-15 05:01:50,184 [578440bc-c25e-4c80-bfb5-6b6f6462e7c6-groupManagement] INFO  server.RaftServerConfigKeys (ConfUtils.java:logGet(46)) - raft.server.rpc.sleep.time = 25ms (default)
2023-09-15 05:01:50,184 [578440bc-c25e-4c80-bfb5-6b6f6462e7c6-groupManagement] INFO  server.RaftServerConfigKeys (ConfUtils.java:logGet(46)) - raft.server.rpc.slowness.timeout = 300s (custom)
2023-09-15 05:01:50,184 [578440bc-c25e-4c80-bfb5-6b6f6462e7c6-groupManagement] INFO  server.RaftServerConfigKeys (ConfUtils.java:logGet(46)) - raft.server.leaderelection.leader.step-down.wait-time = 10s (default)
2023-09-15 05:01:50,184 [578440bc-c25e-4c80-bfb5-6b6f6462e7c6-groupManagement] INFO  server.RaftServerConfigKeys (ConfUtils.java:logGet(46)) - raft.server.sleep.deviation.threshold = 300ms (default)
2023-09-15 05:01:50,184 [578440bc-c25e-4c80-bfb5-6b6f6462e7c6-groupManagement] INFO  server.RaftServer$Division (ServerState.java:<init>(120)) - 578440bc-c25e-4c80-bfb5-6b6f6462e7c6@group-36B55943243A: ConfigurationManager, init=-1: peers:[578440bc-c25e-4c80-bfb5-6b6f6462e7c6|rpc:10.1.0.24:15095|admin:10.1.0.24:15094|client:10.1.0.24:15093|dataStream:10.1.0.24:15096|priority:1|startupRole:FOLLOWER]|listeners:[], old=null, confs=<EMPTY_MAP>
2023-09-15 05:01:50,184 [578440bc-c25e-4c80-bfb5-6b6f6462e7c6-groupManagement] INFO  server.RaftServerConfigKeys (ConfUtils.java:logGet(46)) - raft.server.storage.dir = [/home/runner/work/ozone/ozone/hadoop-ozone/integration-test/target/test-dir/MiniOzoneClusterImpl-0a18362f-1832-4b81-b629-935968d04e12/datanode-9/data/ratis] (custom)
2023-09-15 05:01:50,185 [578440bc-c25e-4c80-bfb5-6b6f6462e7c6-groupManagement] INFO  server.RaftServerConfigKeys (ConfUtils.java:logGet(46)) - raft.server.log.corruption.policy = EXCEPTION (default)
2023-09-15 05:01:50,185 [578440bc-c25e-4c80-bfb5-6b6f6462e7c6-groupManagement] INFO  server.RaftServerConfigKeys (ConfUtils.java:logGet(46)) - raft.server.storage.free-space.min = 0MB (=0) (default)
2023-09-15 05:01:50,185 [578440bc-c25e-4c80-bfb5-6b6f6462e7c6-groupManagement] INFO  server.RaftServerConfigKeys (ConfUtils.java:logGet(46)) - raft.server.notification.no-leader.timeout = 300s (custom)
2023-09-15 05:01:50,185 [578440bc-c25e-4c80-bfb5-6b6f6462e7c6-groupManagement] INFO  server.RaftServerConfigKeys (ConfUtils.java:logGet(46)) - raft.server.read.timeout = 10s (default)
2023-09-15 05:01:50,185 [578440bc-c25e-4c80-bfb5-6b6f6462e7c6-groupManagement] INFO  server.RaftServerConfigKeys (ConfUtils.java:logGet(46)) - raft.server.retrycache.expirytime = 600000ms (custom)
2023-09-15 05:01:50,185 [578440bc-c25e-4c80-bfb5-6b6f6462e7c6-groupManagement] INFO  server.RaftServerConfigKeys (ConfUtils.java:logGet(46)) - raft.server.retrycache.statistics.expirytime = 100μs (default)
2023-09-15 05:01:50,185 [578440bc-c25e-4c80-bfb5-6b6f6462e7c6-groupManagement] INFO  server.RaftServerConfigKeys (ConfUtils.java:logGet(46)) - raft.server.read.option = DEFAULT (default)
2023-09-15 05:01:50,186 [578440bc-c25e-4c80-bfb5-6b6f6462e7c6-groupManagement] INFO  server.RaftServerConfigKeys (ConfUtils.java:logGet(46)) - raft.server.rpc.request.timeout = 60s (custom)
2023-09-15 05:01:50,186 [578440bc-c25e-4c80-bfb5-6b6f6462e7c6-groupManagement] INFO  server.RaftServerConfigKeys (ConfUtils.java:logGet(46)) - raft.server.log.appender.install.snapshot.enabled = false (custom)
2023-09-15 05:01:50,186 [578440bc-c25e-4c80-bfb5-6b6f6462e7c6-groupManagement] INFO  server.RaftServerConfigKeys (ConfUtils.java:logGet(46)) - raft.server.threadpool.server.cached = true (default)
2023-09-15 05:01:50,186 [578440bc-c25e-4c80-bfb5-6b6f6462e7c6-groupManagement] INFO  server.RaftServerConfigKeys (ConfUtils.java:logGet(46)) - raft.server.threadpool.server.size = 0 (default)
2023-09-15 05:01:50,186 [578440bc-c25e-4c80-bfb5-6b6f6462e7c6-groupManagement] INFO  server.RaftServerConfigKeys (ConfUtils.java:logGet(46)) - raft.server.threadpool.client.cached = true (default)
2023-09-15 05:01:50,187 [578440bc-c25e-4c80-bfb5-6b6f6462e7c6-groupManagement] INFO  server.RaftServerConfigKeys (ConfUtils.java:logGet(46)) - raft.server.threadpool.client.size = 0 (default)
2023-09-15 05:01:50,187 [578440bc-c25e-4c80-bfb5-6b6f6462e7c6-groupManagement] INFO  storage.RaftStorageDirectory (RaftStorageDirectoryImpl.java:analyzeStorage(137)) - The storage directory /home/runner/work/ozone/ozone/hadoop-ozone/integration-test/target/test-dir/MiniOzoneClusterImpl-0a18362f-1832-4b81-b629-935968d04e12/datanode-9/data/ratis/5fbb0ba5-b7ee-43e7-9c18-36b55943243a does not exist. Creating ...
2023-09-15 05:01:50,188 [578440bc-c25e-4c80-bfb5-6b6f6462e7c6-groupManagement] INFO  storage.RaftStorageDirectory (RaftStorageDirectoryImpl.java:tryLock(231)) - Lock on /home/runner/work/ozone/ozone/hadoop-ozone/integration-test/target/test-dir/MiniOzoneClusterImpl-0a18362f-1832-4b81-b629-935968d04e12/datanode-9/data/ratis/5fbb0ba5-b7ee-43e7-9c18-36b55943243a/in_use.lock acquired by nodename 87703@fv-az371-27
2023-09-15 05:01:50,189 [578440bc-c25e-4c80-bfb5-6b6f6462e7c6-groupManagement] INFO  storage.RaftStorage (RaftStorageImpl.java:format(96)) - Storage directory /home/runner/work/ozone/ozone/hadoop-ozone/integration-test/target/test-dir/MiniOzoneClusterImpl-0a18362f-1832-4b81-b629-935968d04e12/datanode-9/data/ratis/5fbb0ba5-b7ee-43e7-9c18-36b55943243a has been successfully formatted.
2023-09-15 05:01:50,191 [578440bc-c25e-4c80-bfb5-6b6f6462e7c6-groupManagement] INFO  ratis.ContainerStateMachine (ContainerStateMachine.java:loadSnapshot(262)) - group-36B55943243A: The snapshot info is null. Setting the last applied indexto:(t:0, i:~)
2023-09-15 05:01:50,191 [578440bc-c25e-4c80-bfb5-6b6f6462e7c6-groupManagement] INFO  server.RaftServerConfigKeys (ConfUtils.java:logGet(46)) - raft.server.log.use.memory = false (default)
2023-09-15 05:01:50,192 [578440bc-c25e-4c80-bfb5-6b6f6462e7c6-groupManagement] INFO  server.RaftServerConfigKeys (ConfUtils.java:logGet(46)) - raft.server.log.purge.gap = 1000000 (custom)
2023-09-15 05:01:50,192 [578440bc-c25e-4c80-bfb5-6b6f6462e7c6-groupManagement] INFO  server.RaftServerConfigKeys (ConfUtils.java:logGet(46)) - raft.server.log.appender.buffer.byte-limit = 33554432 (custom)
2023-09-15 05:01:50,192 [578440bc-c25e-4c80-bfb5-6b6f6462e7c6-groupManagement] INFO  server.RaftServerConfigKeys (ConfUtils.java:logGet(46)) - raft.server.log.statemachine.data.read.timeout = 1000ms (default)
2023-09-15 05:01:50,192 [578440bc-c25e-4c80-bfb5-6b6f6462e7c6-groupManagement] INFO  server.RaftServerConfigKeys (ConfUtils.java:logGet(46)) - raft.server.log.purge.preservation.log.num = 0 (default)
2023-09-15 05:01:50,192 [578440bc-c25e-4c80-bfb5-6b6f6462e7c6-groupManagement] INFO  server.RaftServerConfigKeys (ConfUtils.java:logGet(46)) - raft.server.log.segment.size.max = 1048576 (custom)
2023-09-15 05:01:50,192 [578440bc-c25e-4c80-bfb5-6b6f6462e7c6-groupManagement] INFO  server.RaftServerConfigKeys (ConfUtils.java:logGet(46)) - raft.server.log.segment.cache.num.max = 2 (custom)
2023-09-15 05:01:50,192 [578440bc-c25e-4c80-bfb5-6b6f6462e7c6-groupManagement] INFO  server.RaftServerConfigKeys (ConfUtils.java:logGet(46)) - raft.server.log.segment.cache.size.max = 200MB (=209715200) (default)
2023-09-15 05:01:50,192 [578440bc-c25e-4c80-bfb5-6b6f6462e7c6-groupManagement] INFO  server.RaftServerConfigKeys (ConfUtils.java:logGet(46)) - raft.server.log.appender.buffer.byte-limit = 33554432 (custom)
2023-09-15 05:01:50,193 [578440bc-c25e-4c80-bfb5-6b6f6462e7c6-groupManagement] INFO  segmented.SegmentedRaftLogWorker (SegmentedRaftLogWorker.java:<init>(188)) - new 578440bc-c25e-4c80-bfb5-6b6f6462e7c6@group-36B55943243A-SegmentedRaftLogWorker for RaftStorageImpl:Storage Directory /home/runner/work/ozone/ozone/hadoop-ozone/integration-test/target/test-dir/MiniOzoneClusterImpl-0a18362f-1832-4b81-b629-935968d04e12/datanode-9/data/ratis/5fbb0ba5-b7ee-43e7-9c18-36b55943243a
2023-09-15 05:01:50,193 [578440bc-c25e-4c80-bfb5-6b6f6462e7c6-groupManagement] INFO  server.RaftServerConfigKeys (ConfUtils.java:logGet(46)) - raft.server.log.queue.byte-limit = 4294967296 (custom)
2023-09-15 05:01:50,193 [578440bc-c25e-4c80-bfb5-6b6f6462e7c6-groupManagement] INFO  server.RaftServerConfigKeys (ConfUtils.java:logGet(46)) - raft.server.log.queue.element-limit = 1024 (custom)
2023-09-15 05:01:50,193 [578440bc-c25e-4c80-bfb5-6b6f6462e7c6-groupManagement] INFO  server.RaftServerConfigKeys (ConfUtils.java:logGet(46)) - raft.server.log.segment.size.max = 1048576 (custom)
2023-09-15 05:01:50,193 [578440bc-c25e-4c80-bfb5-6b6f6462e7c6-groupManagement] INFO  server.RaftServerConfigKeys (ConfUtils.java:logGet(46)) - raft.server.log.preallocated.size = 16384 (custom)
2023-09-15 05:01:50,193 [578440bc-c25e-4c80-bfb5-6b6f6462e7c6-groupManagement] INFO  server.RaftServerConfigKeys (ConfUtils.java:logGet(46)) - raft.server.log.force.sync.num = 128 (default)
2023-09-15 05:01:50,193 [578440bc-c25e-4c80-bfb5-6b6f6462e7c6-groupManagement] INFO  server.RaftServerConfigKeys (ConfUtils.java:logGet(46)) - raft.server.log.statemachine.data.sync = true (default)
2023-09-15 05:01:50,193 [578440bc-c25e-4c80-bfb5-6b6f6462e7c6-groupManagement] INFO  server.RaftServerConfigKeys (ConfUtils.java:logGet(46)) - raft.server.log.statemachine.data.sync.timeout = 10s (default)
2023-09-15 05:01:50,193 [578440bc-c25e-4c80-bfb5-6b6f6462e7c6-groupManagement] INFO  server.RaftServerConfigKeys (ConfUtils.java:logGet(46)) - raft.server.log.statemachine.data.sync.timeout.retry = -1 (default)
2023-09-15 05:01:50,193 [EventQueue-PipelineReportForPipelineReportHandler] INFO  pipeline.PipelineReportHandler (PipelineReportHandler.java:processPipelineReport(136)) - Opened pipeline PipelineID=5fbb0ba5-b7ee-43e7-9c18-36b55943243a
2023-09-15 05:01:50,193 [EventQueue-OpenPipelineForHealthyPipelineSafeModeRule] INFO  safemode.SCMSafeModeManager (HealthyPipelineSafeModeRule.java:process(137)) - SCM in safe mode. Healthy pipelines reported count is 0, required healthy pipeline reported count is 1
2023-09-15 05:01:50,194 [578440bc-c25e-4c80-bfb5-6b6f6462e7c6-groupManagement] INFO  server.RaftServerConfigKeys (ConfUtils.java:logGet(46)) - raft.server.log.write.buffer.size = 1048576 (custom)
2023-09-15 05:01:50,195 [578440bc-c25e-4c80-bfb5-6b6f6462e7c6-groupManagement] INFO  server.RaftServerConfigKeys (ConfUtils.java:logGet(46)) - raft.server.log.appender.buffer.byte-limit = 33554432 (custom)
2023-09-15 05:01:50,200 [578440bc-c25e-4c80-bfb5-6b6f6462e7c6-groupManagement] INFO  server.RaftServerConfigKeys (ConfUtils.java:logGet(46)) - raft.server.log.unsafe-flush.enabled = false (default)
2023-09-15 05:01:50,200 [578440bc-c25e-4c80-bfb5-6b6f6462e7c6-groupManagement] INFO  server.RaftServerConfigKeys (ConfUtils.java:logGet(46)) - raft.server.log.async-flush.enabled = false (default)
2023-09-15 05:01:50,200 [578440bc-c25e-4c80-bfb5-6b6f6462e7c6-groupManagement] INFO  server.RaftServerConfigKeys (ConfUtils.java:logGet(46)) - raft.server.log.statemachine.data.caching.enabled = true (custom)
2023-09-15 05:01:50,200 [578440bc-c25e-4c80-bfb5-6b6f6462e7c6-groupManagement] INFO  segmented.SegmentedRaftLogWorker (SegmentedRaftLogWorker.java:lambda$new$0(135)) - 578440bc-c25e-4c80-bfb5-6b6f6462e7c6@group-36B55943243A-SegmentedRaftLogWorker: flushIndex: setUnconditionally 0 -> -1
2023-09-15 05:01:50,200 [578440bc-c25e-4c80-bfb5-6b6f6462e7c6-groupManagement] INFO  segmented.SegmentedRaftLogWorker (SegmentedRaftLogWorker.java:lambda$new$0(135)) - 578440bc-c25e-4c80-bfb5-6b6f6462e7c6@group-36B55943243A-SegmentedRaftLogWorker: safeCacheEvictIndex: setUnconditionally 0 -> -1
2023-09-15 05:01:50,201 [578440bc-c25e-4c80-bfb5-6b6f6462e7c6-groupManagement] INFO  server.RaftServer$Division (RaftServerImpl.java:start(342)) - 578440bc-c25e-4c80-bfb5-6b6f6462e7c6@group-36B55943243A: start as a follower, conf=-1: peers:[578440bc-c25e-4c80-bfb5-6b6f6462e7c6|rpc:10.1.0.24:15095|admin:10.1.0.24:15094|client:10.1.0.24:15093|dataStream:10.1.0.24:15096|priority:1|startupRole:FOLLOWER]|listeners:[], old=null
2023-09-15 05:01:50,201 [578440bc-c25e-4c80-bfb5-6b6f6462e7c6-groupManagement] INFO  server.RaftServer$Division (RaftServerImpl.java:setRole(329)) - 578440bc-c25e-4c80-bfb5-6b6f6462e7c6@group-36B55943243A: changes role from      null to FOLLOWER at term 0 for startAsFollower
2023-09-15 05:01:50,201 [578440bc-c25e-4c80-bfb5-6b6f6462e7c6-groupManagement] INFO  impl.RoleInfo (RoleInfo.java:updateAndGet(139)) - 578440bc-c25e-4c80-bfb5-6b6f6462e7c6: start 578440bc-c25e-4c80-bfb5-6b6f6462e7c6@group-36B55943243A-FollowerState
2023-09-15 05:01:50,206 [578440bc-c25e-4c80-bfb5-6b6f6462e7c6-groupManagement] INFO  util.JmxRegister (JmxRegister.java:tryRegister(44)) - Successfully registered JMX Bean with object name Ratis:service=RaftServer,group=group-36B55943243A,id=578440bc-c25e-4c80-bfb5-6b6f6462e7c6
2023-09-15 05:01:50,206 [578440bc-c25e-4c80-bfb5-6b6f6462e7c6-groupManagement] INFO  server.RaftServerConfigKeys (ConfUtils.java:logGet(46)) - raft.server.snapshot.auto.trigger.enabled = true (custom)
2023-09-15 05:01:50,206 [578440bc-c25e-4c80-bfb5-6b6f6462e7c6-groupManagement] INFO  server.RaftServerConfigKeys (ConfUtils.java:logGet(46)) - raft.server.snapshot.auto.trigger.threshold = 10000 (custom)
2023-09-15 05:01:50,206 [578440bc-c25e-4c80-bfb5-6b6f6462e7c6-groupManagement] INFO  server.RaftServerConfigKeys (ConfUtils.java:logGet(46)) - raft.server.snapshot.retention.file.num = 5 (custom)
2023-09-15 05:01:50,206 [578440bc-c25e-4c80-bfb5-6b6f6462e7c6-groupManagement] INFO  server.RaftServerConfigKeys (ConfUtils.java:logGet(46)) - raft.server.log.purge.upto.snapshot.index = false (default)
2023-09-15 05:01:50,207 [578440bc-c25e-4c80-bfb5-6b6f6462e7c6@group-36B55943243A-FollowerState] INFO  server.RaftServerConfigKeys (ConfUtils.java:logFallback(53)) - raft.server.rpc.first-election.timeout.min = 5s (fallback to raft.server.rpc.timeout.min)
2023-09-15 05:01:50,207 [578440bc-c25e-4c80-bfb5-6b6f6462e7c6@group-36B55943243A-FollowerState] INFO  server.RaftServerConfigKeys (ConfUtils.java:logFallback(53)) - raft.server.rpc.first-election.timeout.max = 5200ms (fallback to raft.server.rpc.timeout.max)
2023-09-15 05:01:50,208 [PipelineCommandHandlerThread-0] INFO  ratis.XceiverServerRatis (XceiverServerRatis.java:addGroup(804)) - Created group PipelineID=5fbb0ba5-b7ee-43e7-9c18-36b55943243a
2023-09-15 05:01:50,209 [PipelineCommandHandlerThread-0] INFO  commandhandler.CreatePipelineCommandHandler (CreatePipelineCommandHandler.java:lambda$handle$2(124)) - Created Pipeline RATIS ONE PipelineID=5fbb0ba5-b7ee-43e7-9c18-36b55943243a.
2023-09-15 05:01:50,223 [main] INFO  ozone.MiniOzoneClusterImpl (MiniOzoneClusterImpl.java:lambda$waitForClusterToBeReady$0(224)) - Nodes are ready. Got 10 of 10 DN Heartbeats.
2023-09-15 05:01:50,224 [main] INFO  ozone.MiniOzoneClusterImpl (MiniOzoneClusterImpl.java:lambda$waitForClusterToBeReady$0(227)) - Waiting for cluster to exit safe mode
2023-09-15 05:01:50,224 [main] INFO  ozone.MiniOzoneClusterImpl (MiniOzoneClusterImpl.java:lambda$waitForClusterToBeReady$0(229)) - SCM became leader
2023-09-15 05:01:51,224 [main] INFO  ozone.MiniOzoneClusterImpl (MiniOzoneClusterImpl.java:lambda$waitForClusterToBeReady$0(224)) - Nodes are ready. Got 10 of 10 DN Heartbeats.
2023-09-15 05:01:51,224 [main] INFO  ozone.MiniOzoneClusterImpl (MiniOzoneClusterImpl.java:lambda$waitForClusterToBeReady$0(227)) - Waiting for cluster to exit safe mode
2023-09-15 05:01:51,224 [main] INFO  ozone.MiniOzoneClusterImpl (MiniOzoneClusterImpl.java:lambda$waitForClusterToBeReady$0(229)) - SCM became leader
2023-09-15 05:01:51,493 [3b898b8b-8841-452f-b538-8e8d26c8d287@group-7A86A7CBBBC4-FollowerState] INFO  impl.FollowerState (FollowerState.java:run(143)) - 3b898b8b-8841-452f-b538-8e8d26c8d287@group-7A86A7CBBBC4-FollowerState: change to CANDIDATE, lastRpcElapsedTime:5153466652ns, electionTimeout:5149ms
2023-09-15 05:01:51,493 [3b898b8b-8841-452f-b538-8e8d26c8d287@group-7A86A7CBBBC4-FollowerState] INFO  impl.RoleInfo (RoleInfo.java:shutdownFollowerState(110)) - 3b898b8b-8841-452f-b538-8e8d26c8d287: shutdown 3b898b8b-8841-452f-b538-8e8d26c8d287@group-7A86A7CBBBC4-FollowerState
2023-09-15 05:01:51,493 [3b898b8b-8841-452f-b538-8e8d26c8d287@group-7A86A7CBBBC4-FollowerState] INFO  server.RaftServer$Division (RaftServerImpl.java:setRole(329)) - 3b898b8b-8841-452f-b538-8e8d26c8d287@group-7A86A7CBBBC4: changes role from  FOLLOWER to CANDIDATE at term 0 for changeToCandidate
2023-09-15 05:01:51,493 [3b898b8b-8841-452f-b538-8e8d26c8d287@group-7A86A7CBBBC4-FollowerState] INFO  server.RaftServerConfigKeys (ConfUtils.java:logGet(46)) - raft.server.leaderelection.pre-vote = true (default)
2023-09-15 05:01:51,493 [3b898b8b-8841-452f-b538-8e8d26c8d287@group-7A86A7CBBBC4-FollowerState] INFO  impl.RoleInfo (RoleInfo.java:updateAndGet(139)) - 3b898b8b-8841-452f-b538-8e8d26c8d287: start 3b898b8b-8841-452f-b538-8e8d26c8d287@group-7A86A7CBBBC4-LeaderElection2
2023-09-15 05:01:51,496 [3b898b8b-8841-452f-b538-8e8d26c8d287@group-7A86A7CBBBC4-LeaderElection2] INFO  impl.LeaderElection (LeaderElection.java:askForVotes(321)) - 3b898b8b-8841-452f-b538-8e8d26c8d287@group-7A86A7CBBBC4-LeaderElection2 PRE_VOTE round 0: submit vote requests at term 0 for -1: peers:[3b898b8b-8841-452f-b538-8e8d26c8d287|rpc:10.1.0.24:15014|admin:10.1.0.24:15013|client:10.1.0.24:15012|dataStream:10.1.0.24:15015|priority:1|startupRole:FOLLOWER]|listeners:[], old=null
2023-09-15 05:01:51,497 [3b898b8b-8841-452f-b538-8e8d26c8d287@group-7A86A7CBBBC4-LeaderElection2] INFO  impl.LeaderElection (LeaderElection.java:askForVotes(323)) - 3b898b8b-8841-452f-b538-8e8d26c8d287@group-7A86A7CBBBC4-LeaderElection2 PRE_VOTE round 0: result PASSED (term=0)
2023-09-15 05:01:51,498 [3b898b8b-8841-452f-b538-8e8d26c8d287@group-7A86A7CBBBC4-LeaderElection2] INFO  impl.LeaderElection (LeaderElection.java:askForVotes(321)) - 3b898b8b-8841-452f-b538-8e8d26c8d287@group-7A86A7CBBBC4-LeaderElection2 ELECTION round 0: submit vote requests at term 1 for -1: peers:[3b898b8b-8841-452f-b538-8e8d26c8d287|rpc:10.1.0.24:15014|admin:10.1.0.24:15013|client:10.1.0.24:15012|dataStream:10.1.0.24:15015|priority:1|startupRole:FOLLOWER]|listeners:[], old=null
2023-09-15 05:01:51,498 [3b898b8b-8841-452f-b538-8e8d26c8d287@group-7A86A7CBBBC4-LeaderElection2] INFO  impl.LeaderElection (LeaderElection.java:askForVotes(323)) - 3b898b8b-8841-452f-b538-8e8d26c8d287@group-7A86A7CBBBC4-LeaderElection2 ELECTION round 0: result PASSED (term=1)
2023-09-15 05:01:51,498 [3b898b8b-8841-452f-b538-8e8d26c8d287@group-7A86A7CBBBC4-LeaderElection2] INFO  impl.RoleInfo (RoleInfo.java:shutdownLeaderElection(130)) - 3b898b8b-8841-452f-b538-8e8d26c8d287: shutdown 3b898b8b-8841-452f-b538-8e8d26c8d287@group-7A86A7CBBBC4-LeaderElection2
2023-09-15 05:01:51,498 [3b898b8b-8841-452f-b538-8e8d26c8d287@group-7A86A7CBBBC4-LeaderElection2] INFO  server.RaftServer$Division (RaftServerImpl.java:setRole(329)) - 3b898b8b-8841-452f-b538-8e8d26c8d287@group-7A86A7CBBBC4: changes role from CANDIDATE to LEADER at term 1 for changeToLeader
2023-09-15 05:01:51,498 [3b898b8b-8841-452f-b538-8e8d26c8d287@group-7A86A7CBBBC4-LeaderElection2] INFO  ratis.XceiverServerRatis (XceiverServerRatis.java:handleLeaderChangedNotification(902)) - Leader change notification received for group: group-7A86A7CBBBC4 with new leaderId: 3b898b8b-8841-452f-b538-8e8d26c8d287
2023-09-15 05:01:51,498 [3b898b8b-8841-452f-b538-8e8d26c8d287@group-7A86A7CBBBC4-LeaderElection2] INFO  server.RaftServer$Division (ServerState.java:setLeader(317)) - 3b898b8b-8841-452f-b538-8e8d26c8d287@group-7A86A7CBBBC4: change Leader from null to 3b898b8b-8841-452f-b538-8e8d26c8d287 at term 1 for becomeLeader, leader elected after 5206ms
2023-09-15 05:01:51,499 [3b898b8b-8841-452f-b538-8e8d26c8d287@group-7A86A7CBBBC4-LeaderElection2] INFO  server.RaftServerConfigKeys (ConfUtils.java:logGet(46)) - raft.server.staging.catchup.gap = 1000 (default)
2023-09-15 05:01:51,499 [3b898b8b-8841-452f-b538-8e8d26c8d287@group-7A86A7CBBBC4-LeaderElection2] INFO  server.RaftServerConfigKeys (ConfUtils.java:logGet(46)) - raft.server.write.element-limit = 1024 (custom)
2023-09-15 05:01:51,499 [3b898b8b-8841-452f-b538-8e8d26c8d287@group-7A86A7CBBBC4-LeaderElection2] INFO  server.RaftServerConfigKeys (ConfUtils.java:logGet(46)) - raft.server.write.byte-limit = 1024 M (=1073741824) (custom)
2023-09-15 05:01:51,500 [EventQueue-OpenPipelineForHealthyPipelineSafeModeRule] INFO  safemode.SCMSafeModeManager (HealthyPipelineSafeModeRule.java:process(137)) - SCM in safe mode. Healthy pipelines reported count is 0, required healthy pipeline reported count is 1
2023-09-15 05:01:51,501 [3b898b8b-8841-452f-b538-8e8d26c8d287@group-7A86A7CBBBC4-LeaderElection2] INFO  server.RaftServerConfigKeys (ConfUtils.java:logGet(46)) - raft.server.watch.timeout = 180s (custom)
2023-09-15 05:01:51,501 [3b898b8b-8841-452f-b538-8e8d26c8d287@group-7A86A7CBBBC4-LeaderElection2] INFO  server.RaftServerConfigKeys (ConfUtils.java:logGet(46)) - raft.server.watch.timeout.denomination = 1s (default)
2023-09-15 05:01:51,501 [3b898b8b-8841-452f-b538-8e8d26c8d287@group-7A86A7CBBBC4-LeaderElection2] INFO  server.RaftServerConfigKeys (ConfUtils.java:logGet(46)) - raft.server.watch.element-limit = 65536 (default)
2023-09-15 05:01:51,501 [3b898b8b-8841-452f-b538-8e8d26c8d287@group-7A86A7CBBBC4-LeaderElection2] INFO  server.RaftServerConfigKeys (ConfUtils.java:logGet(46)) - raft.server.write.element-limit = 1024 (custom)
2023-09-15 05:01:51,501 [3b898b8b-8841-452f-b538-8e8d26c8d287@group-7A86A7CBBBC4-LeaderElection2] INFO  server.RaftServerConfigKeys (ConfUtils.java:logGet(46)) - raft.server.write.follower.gap.ratio.max = -1.0 (default)
2023-09-15 05:01:51,501 [3b898b8b-8841-452f-b538-8e8d26c8d287@group-7A86A7CBBBC4-LeaderElection2] INFO  impl.RoleInfo (RoleInfo.java:updateAndGet(139)) - 3b898b8b-8841-452f-b538-8e8d26c8d287: start 3b898b8b-8841-452f-b538-8e8d26c8d287@group-7A86A7CBBBC4-LeaderStateImpl
2023-09-15 05:01:51,501 [3b898b8b-8841-452f-b538-8e8d26c8d287@group-7A86A7CBBBC4-LeaderElection2] INFO  segmented.SegmentedRaftLogWorker (SegmentedRaftLogWorker.java:startLogSegment(447)) - 3b898b8b-8841-452f-b538-8e8d26c8d287@group-7A86A7CBBBC4-SegmentedRaftLogWorker: Starting segment from index:0
2023-09-15 05:01:51,509 [3b898b8b-8841-452f-b538-8e8d26c8d287@group-7A86A7CBBBC4-LeaderElection2] INFO  server.RaftServer$Division (ServerState.java:setRaftConf(434)) - 3b898b8b-8841-452f-b538-8e8d26c8d287@group-7A86A7CBBBC4: set configuration 0: peers:[3b898b8b-8841-452f-b538-8e8d26c8d287|rpc:10.1.0.24:15014|admin:10.1.0.24:15013|client:10.1.0.24:15012|dataStream:10.1.0.24:15015|priority:1|startupRole:FOLLOWER]|listeners:[], old=null
2023-09-15 05:01:51,509 [3b898b8b-8841-452f-b538-8e8d26c8d287@group-7A86A7CBBBC4-SegmentedRaftLogWorker] INFO  segmented.SegmentedRaftLogWorker (SegmentedRaftLogWorker.java:execute(651)) - 3b898b8b-8841-452f-b538-8e8d26c8d287@group-7A86A7CBBBC4-SegmentedRaftLogWorker: created new log segment /home/runner/work/ozone/ozone/hadoop-ozone/integration-test/target/test-dir/MiniOzoneClusterImpl-0a18362f-1832-4b81-b629-935968d04e12/datanode-0/data/ratis/5c1996a5-cec9-4532-a56d-7a86a7cbbbc4/current/log_inprogress_0
2023-09-15 05:01:51,515 [3b898b8b-8841-452f-b538-8e8d26c8d287@group-88A1B8300E3C-FollowerState] INFO  impl.FollowerState (FollowerState.java:run(143)) - 3b898b8b-8841-452f-b538-8e8d26c8d287@group-88A1B8300E3C-FollowerState: change to CANDIDATE, lastRpcElapsedTime:5116603227ns, electionTimeout:5112ms
2023-09-15 05:01:51,516 [3b898b8b-8841-452f-b538-8e8d26c8d287@group-88A1B8300E3C-FollowerState] INFO  impl.RoleInfo (RoleInfo.java:shutdownFollowerState(110)) - 3b898b8b-8841-452f-b538-8e8d26c8d287: shutdown 3b898b8b-8841-452f-b538-8e8d26c8d287@group-88A1B8300E3C-FollowerState
2023-09-15 05:01:51,516 [3b898b8b-8841-452f-b538-8e8d26c8d287@group-88A1B8300E3C-FollowerState] INFO  server.RaftServer$Division (RaftServerImpl.java:setRole(329)) - 3b898b8b-8841-452f-b538-8e8d26c8d287@group-88A1B8300E3C: changes role from  FOLLOWER to CANDIDATE at term 0 for changeToCandidate
2023-09-15 05:01:51,517 [3b898b8b-8841-452f-b538-8e8d26c8d287@group-88A1B8300E3C-FollowerState] INFO  server.RaftServerConfigKeys (ConfUtils.java:logGet(46)) - raft.server.leaderelection.pre-vote = true (default)
2023-09-15 05:01:51,517 [3b898b8b-8841-452f-b538-8e8d26c8d287@group-88A1B8300E3C-FollowerState] INFO  impl.RoleInfo (RoleInfo.java:updateAndGet(139)) - 3b898b8b-8841-452f-b538-8e8d26c8d287: start 3b898b8b-8841-452f-b538-8e8d26c8d287@group-88A1B8300E3C-LeaderElection3
2023-09-15 05:01:51,519 [3b898b8b-8841-452f-b538-8e8d26c8d287@group-88A1B8300E3C-LeaderElection3] INFO  impl.LeaderElection (LeaderElection.java:askForVotes(321)) - 3b898b8b-8841-452f-b538-8e8d26c8d287@group-88A1B8300E3C-LeaderElection3 PRE_VOTE round 0: submit vote requests at term 0 for -1: peers:[dd1e58ff-ca4a-47cb-ae71-8fc517aad200|rpc:10.1.0.24:15023|admin:10.1.0.24:15022|client:10.1.0.24:15021|dataStream:10.1.0.24:15024|priority:0|startupRole:FOLLOWER, 3b898b8b-8841-452f-b538-8e8d26c8d287|rpc:10.1.0.24:15014|admin:10.1.0.24:15013|client:10.1.0.24:15012|dataStream:10.1.0.24:15015|priority:1|startupRole:FOLLOWER, 729f921e-514b-472d-a5a3-7d6b9d90aa28|rpc:10.1.0.24:15032|admin:10.1.0.24:15031|client:10.1.0.24:15030|dataStream:10.1.0.24:15033|priority:0|startupRole:FOLLOWER]|listeners:[], old=null
2023-09-15 05:01:51,525 [3b898b8b-8841-452f-b538-8e8d26c8d287@group-88A1B8300E3C-LeaderElection3] INFO  server.RaftServerConfigKeys (ConfUtils.java:logFallback(53)) - raft.server.rpc.first-election.timeout.min = 5s (fallback to raft.server.rpc.timeout.min)
2023-09-15 05:01:51,525 [3b898b8b-8841-452f-b538-8e8d26c8d287@group-88A1B8300E3C-LeaderElection3] INFO  server.RaftServerConfigKeys (ConfUtils.java:logFallback(53)) - raft.server.rpc.first-election.timeout.max = 5200ms (fallback to raft.server.rpc.timeout.max)
2023-09-15 05:01:51,525 [3b898b8b-8841-452f-b538-8e8d26c8d287@group-88A1B8300E3C-LeaderElection3-1] INFO  server.GrpcServerProtocolClient (GrpcServerProtocolClient.java:<init>(65)) - Build channel for dd1e58ff-ca4a-47cb-ae71-8fc517aad200
2023-09-15 05:01:51,527 [3b898b8b-8841-452f-b538-8e8d26c8d287@group-88A1B8300E3C-LeaderElection3-2] INFO  server.GrpcServerProtocolClient (GrpcServerProtocolClient.java:<init>(65)) - Build channel for 729f921e-514b-472d-a5a3-7d6b9d90aa28
2023-09-15 05:01:51,540 [grpc-default-executor-0] INFO  server.RaftServer$Division (RaftServerImpl.java:requestVote(1302)) - dd1e58ff-ca4a-47cb-ae71-8fc517aad200@group-88A1B8300E3C: receive requestVote(PRE_VOTE, 3b898b8b-8841-452f-b538-8e8d26c8d287, group-88A1B8300E3C, 0, (t:0, i:0))
2023-09-15 05:01:51,542 [grpc-default-executor-0] INFO  impl.VoteContext (VoteContext.java:log(49)) - dd1e58ff-ca4a-47cb-ae71-8fc517aad200@group-88A1B8300E3C-FOLLOWER: accept PRE_VOTE from 3b898b8b-8841-452f-b538-8e8d26c8d287: our priority 0 <= candidate's priority 1
2023-09-15 05:01:51,550 [grpc-default-executor-1] INFO  server.RaftServer$Division (RaftServerImpl.java:requestVote(1302)) - 729f921e-514b-472d-a5a3-7d6b9d90aa28@group-88A1B8300E3C: receive requestVote(PRE_VOTE, 3b898b8b-8841-452f-b538-8e8d26c8d287, group-88A1B8300E3C, 0, (t:0, i:0))
2023-09-15 05:01:51,550 [grpc-default-executor-1] INFO  impl.VoteContext (VoteContext.java:log(49)) - 729f921e-514b-472d-a5a3-7d6b9d90aa28@group-88A1B8300E3C-FOLLOWER: accept PRE_VOTE from 3b898b8b-8841-452f-b538-8e8d26c8d287: our priority 0 <= candidate's priority 1
2023-09-15 05:01:51,553 [grpc-default-executor-0] INFO  server.RaftServer$Division (RaftServerImpl.java:requestVote(1335)) - dd1e58ff-ca4a-47cb-ae71-8fc517aad200@group-88A1B8300E3C replies to PRE_VOTE vote request: 3b898b8b-8841-452f-b538-8e8d26c8d287<-dd1e58ff-ca4a-47cb-ae71-8fc517aad200#0:OK-t0. Peer's state: dd1e58ff-ca4a-47cb-ae71-8fc517aad200@group-88A1B8300E3C:t0, leader=null, voted=, raftlog=Memoized:dd1e58ff-ca4a-47cb-ae71-8fc517aad200@group-88A1B8300E3C-SegmentedRaftLog:OPENED:c-1, conf=-1: peers:[dd1e58ff-ca4a-47cb-ae71-8fc517aad200|rpc:10.1.0.24:15023|admin:10.1.0.24:15022|client:10.1.0.24:15021|dataStream:10.1.0.24:15024|priority:0|startupRole:FOLLOWER, 3b898b8b-8841-452f-b538-8e8d26c8d287|rpc:10.1.0.24:15014|admin:10.1.0.24:15013|client:10.1.0.24:15012|dataStream:10.1.0.24:15015|priority:1|startupRole:FOLLOWER, 729f921e-514b-472d-a5a3-7d6b9d90aa28|rpc:10.1.0.24:15032|admin:10.1.0.24:15031|client:10.1.0.24:15030|dataStream:10.1.0.24:15033|priority:0|startupRole:FOLLOWER]|listeners:[], old=null
2023-09-15 05:01:51,553 [grpc-default-executor-1] INFO  server.RaftServer$Division (RaftServerImpl.java:requestVote(1335)) - 729f921e-514b-472d-a5a3-7d6b9d90aa28@group-88A1B8300E3C replies to PRE_VOTE vote request: 3b898b8b-8841-452f-b538-8e8d26c8d287<-729f921e-514b-472d-a5a3-7d6b9d90aa28#0:OK-t0. Peer's state: 729f921e-514b-472d-a5a3-7d6b9d90aa28@group-88A1B8300E3C:t0, leader=null, voted=, raftlog=Memoized:729f921e-514b-472d-a5a3-7d6b9d90aa28@group-88A1B8300E3C-SegmentedRaftLog:OPENED:c-1, conf=-1: peers:[dd1e58ff-ca4a-47cb-ae71-8fc517aad200|rpc:10.1.0.24:15023|admin:10.1.0.24:15022|client:10.1.0.24:15021|dataStream:10.1.0.24:15024|priority:0|startupRole:FOLLOWER, 3b898b8b-8841-452f-b538-8e8d26c8d287|rpc:10.1.0.24:15014|admin:10.1.0.24:15013|client:10.1.0.24:15012|dataStream:10.1.0.24:15015|priority:1|startupRole:FOLLOWER, 729f921e-514b-472d-a5a3-7d6b9d90aa28|rpc:10.1.0.24:15032|admin:10.1.0.24:15031|client:10.1.0.24:15030|dataStream:10.1.0.24:15033|priority:0|startupRole:FOLLOWER]|listeners:[], old=null
2023-09-15 05:01:51,557 [3b898b8b-8841-452f-b538-8e8d26c8d287@group-88A1B8300E3C-LeaderElection3] INFO  impl.LeaderElection (LeaderElection.java:logAndReturn(90)) - 3b898b8b-8841-452f-b538-8e8d26c8d287@group-88A1B8300E3C-LeaderElection3: PRE_VOTE PASSED received 1 response(s) and 0 exception(s):
2023-09-15 05:01:51,558 [3b898b8b-8841-452f-b538-8e8d26c8d287@group-88A1B8300E3C-LeaderElection3] INFO  impl.LeaderElection (LeaderElection.java:logAndReturn(94)) -   Response 0: 3b898b8b-8841-452f-b538-8e8d26c8d287<-729f921e-514b-472d-a5a3-7d6b9d90aa28#0:OK-t0
2023-09-15 05:01:51,558 [3b898b8b-8841-452f-b538-8e8d26c8d287@group-88A1B8300E3C-LeaderElection3] INFO  impl.LeaderElection (LeaderElection.java:askForVotes(323)) - 3b898b8b-8841-452f-b538-8e8d26c8d287@group-88A1B8300E3C-LeaderElection3 PRE_VOTE round 0: result PASSED
2023-09-15 05:01:51,559 [3b898b8b-8841-452f-b538-8e8d26c8d287@group-88A1B8300E3C-LeaderElection3] INFO  impl.LeaderElection (LeaderElection.java:askForVotes(321)) - 3b898b8b-8841-452f-b538-8e8d26c8d287@group-88A1B8300E3C-LeaderElection3 ELECTION round 0: submit vote requests at term 1 for -1: peers:[dd1e58ff-ca4a-47cb-ae71-8fc517aad200|rpc:10.1.0.24:15023|admin:10.1.0.24:15022|client:10.1.0.24:15021|dataStream:10.1.0.24:15024|priority:0|startupRole:FOLLOWER, 3b898b8b-8841-452f-b538-8e8d26c8d287|rpc:10.1.0.24:15014|admin:10.1.0.24:15013|client:10.1.0.24:15012|dataStream:10.1.0.24:15015|priority:1|startupRole:FOLLOWER, 729f921e-514b-472d-a5a3-7d6b9d90aa28|rpc:10.1.0.24:15032|admin:10.1.0.24:15031|client:10.1.0.24:15030|dataStream:10.1.0.24:15033|priority:0|startupRole:FOLLOWER]|listeners:[], old=null
2023-09-15 05:01:51,562 [3b898b8b-8841-452f-b538-8e8d26c8d287@group-88A1B8300E3C-LeaderElection3] INFO  server.RaftServerConfigKeys (ConfUtils.java:logFallback(53)) - raft.server.rpc.first-election.timeout.min = 5s (fallback to raft.server.rpc.timeout.min)
2023-09-15 05:01:51,562 [3b898b8b-8841-452f-b538-8e8d26c8d287@group-88A1B8300E3C-LeaderElection3] INFO  server.RaftServerConfigKeys (ConfUtils.java:logFallback(53)) - raft.server.rpc.first-election.timeout.max = 5200ms (fallback to raft.server.rpc.timeout.max)
2023-09-15 05:01:51,567 [grpc-default-executor-1] INFO  server.RaftServer$Division (RaftServerImpl.java:requestVote(1302)) - dd1e58ff-ca4a-47cb-ae71-8fc517aad200@group-88A1B8300E3C: receive requestVote(ELECTION, 3b898b8b-8841-452f-b538-8e8d26c8d287, group-88A1B8300E3C, 1, (t:0, i:0))
2023-09-15 05:01:51,569 [grpc-default-executor-1] INFO  impl.VoteContext (VoteContext.java:log(49)) - dd1e58ff-ca4a-47cb-ae71-8fc517aad200@group-88A1B8300E3C-FOLLOWER: accept ELECTION from 3b898b8b-8841-452f-b538-8e8d26c8d287: our priority 0 <= candidate's priority 1
2023-09-15 05:01:51,569 [grpc-default-executor-1] INFO  server.RaftServer$Division (RaftServerImpl.java:setRole(329)) - dd1e58ff-ca4a-47cb-ae71-8fc517aad200@group-88A1B8300E3C: changes role from  FOLLOWER to FOLLOWER at term 1 for candidate:3b898b8b-8841-452f-b538-8e8d26c8d287
2023-09-15 05:01:51,570 [grpc-default-executor-1] INFO  impl.RoleInfo (RoleInfo.java:shutdownFollowerState(110)) - dd1e58ff-ca4a-47cb-ae71-8fc517aad200: shutdown dd1e58ff-ca4a-47cb-ae71-8fc517aad200@group-88A1B8300E3C-FollowerState
2023-09-15 05:01:51,570 [grpc-default-executor-1] INFO  impl.RoleInfo (RoleInfo.java:updateAndGet(139)) - dd1e58ff-ca4a-47cb-ae71-8fc517aad200: start dd1e58ff-ca4a-47cb-ae71-8fc517aad200@group-88A1B8300E3C-FollowerState
2023-09-15 05:01:51,570 [dd1e58ff-ca4a-47cb-ae71-8fc517aad200@group-88A1B8300E3C-FollowerState] INFO  impl.FollowerState (FollowerState.java:run(152)) - dd1e58ff-ca4a-47cb-ae71-8fc517aad200@group-88A1B8300E3C-FollowerState was interrupted
2023-09-15 05:01:51,571 [grpc-default-executor-1] INFO  server.RaftServer$Division (RaftServerImpl.java:requestVote(1335)) - dd1e58ff-ca4a-47cb-ae71-8fc517aad200@group-88A1B8300E3C replies to ELECTION vote request: 3b898b8b-8841-452f-b538-8e8d26c8d287<-dd1e58ff-ca4a-47cb-ae71-8fc517aad200#0:OK-t1. Peer's state: dd1e58ff-ca4a-47cb-ae71-8fc517aad200@group-88A1B8300E3C:t1, leader=null, voted=3b898b8b-8841-452f-b538-8e8d26c8d287, raftlog=Memoized:dd1e58ff-ca4a-47cb-ae71-8fc517aad200@group-88A1B8300E3C-SegmentedRaftLog:OPENED:c-1, conf=-1: peers:[dd1e58ff-ca4a-47cb-ae71-8fc517aad200|rpc:10.1.0.24:15023|admin:10.1.0.24:15022|client:10.1.0.24:15021|dataStream:10.1.0.24:15024|priority:0|startupRole:FOLLOWER, 3b898b8b-8841-452f-b538-8e8d26c8d287|rpc:10.1.0.24:15014|admin:10.1.0.24:15013|client:10.1.0.24:15012|dataStream:10.1.0.24:15015|priority:1|startupRole:FOLLOWER, 729f921e-514b-472d-a5a3-7d6b9d90aa28|rpc:10.1.0.24:15032|admin:10.1.0.24:15031|client:10.1.0.24:15030|dataStream:10.1.0.24:15033|priority:0|startupRole:FOLLOWER]|listeners:[], old=null
2023-09-15 05:01:51,573 [3b898b8b-8841-452f-b538-8e8d26c8d287@group-88A1B8300E3C-LeaderElection3] INFO  impl.LeaderElection (LeaderElection.java:logAndReturn(90)) - 3b898b8b-8841-452f-b538-8e8d26c8d287@group-88A1B8300E3C-LeaderElection3: ELECTION PASSED received 1 response(s) and 0 exception(s):
2023-09-15 05:01:51,573 [3b898b8b-8841-452f-b538-8e8d26c8d287@group-88A1B8300E3C-LeaderElection3] INFO  impl.LeaderElection (LeaderElection.java:logAndReturn(94)) -   Response 0: 3b898b8b-8841-452f-b538-8e8d26c8d287<-dd1e58ff-ca4a-47cb-ae71-8fc517aad200#0:OK-t1
2023-09-15 05:01:51,573 [3b898b8b-8841-452f-b538-8e8d26c8d287@group-88A1B8300E3C-LeaderElection3] INFO  impl.LeaderElection (LeaderElection.java:askForVotes(323)) - 3b898b8b-8841-452f-b538-8e8d26c8d287@group-88A1B8300E3C-LeaderElection3 ELECTION round 0: result PASSED
2023-09-15 05:01:51,573 [3b898b8b-8841-452f-b538-8e8d26c8d287@group-88A1B8300E3C-LeaderElection3] INFO  impl.RoleInfo (RoleInfo.java:shutdownLeaderElection(130)) - 3b898b8b-8841-452f-b538-8e8d26c8d287: shutdown 3b898b8b-8841-452f-b538-8e8d26c8d287@group-88A1B8300E3C-LeaderElection3
2023-09-15 05:01:51,573 [3b898b8b-8841-452f-b538-8e8d26c8d287@group-88A1B8300E3C-LeaderElection3] INFO  server.RaftServer$Division (RaftServerImpl.java:setRole(329)) - 3b898b8b-8841-452f-b538-8e8d26c8d287@group-88A1B8300E3C: changes role from CANDIDATE to LEADER at term 1 for changeToLeader
2023-09-15 05:01:51,573 [3b898b8b-8841-452f-b538-8e8d26c8d287@group-88A1B8300E3C-LeaderElection3] INFO  ratis.XceiverServerRatis (XceiverServerRatis.java:handleLeaderChangedNotification(902)) - Leader change notification received for group: group-88A1B8300E3C with new leaderId: 3b898b8b-8841-452f-b538-8e8d26c8d287
2023-09-15 05:01:51,573 [3b898b8b-8841-452f-b538-8e8d26c8d287@group-88A1B8300E3C-LeaderElection3] INFO  server.RaftServer$Division (ServerState.java:setLeader(317)) - 3b898b8b-8841-452f-b538-8e8d26c8d287@group-88A1B8300E3C: change Leader from null to 3b898b8b-8841-452f-b538-8e8d26c8d287 at term 1 for becomeLeader, leader elected after 5206ms
2023-09-15 05:01:51,573 [3b898b8b-8841-452f-b538-8e8d26c8d287@group-88A1B8300E3C-LeaderElection3] INFO  server.RaftServerConfigKeys (ConfUtils.java:logGet(46)) - raft.server.staging.catchup.gap = 1000 (default)
2023-09-15 05:01:51,574 [3b898b8b-8841-452f-b538-8e8d26c8d287@group-88A1B8300E3C-LeaderElection3] INFO  server.RaftServerConfigKeys (ConfUtils.java:logGet(46)) - raft.server.write.element-limit = 1024 (custom)
2023-09-15 05:01:51,574 [3b898b8b-8841-452f-b538-8e8d26c8d287@group-88A1B8300E3C-LeaderElection3] INFO  server.RaftServerConfigKeys (ConfUtils.java:logGet(46)) - raft.server.write.byte-limit = 1024 M (=1073741824) (custom)
2023-09-15 05:01:51,575 [3b898b8b-8841-452f-b538-8e8d26c8d287@group-88A1B8300E3C-LeaderElection3] INFO  server.RaftServerConfigKeys (ConfUtils.java:logGet(46)) - raft.server.watch.timeout = 180s (custom)
2023-09-15 05:01:51,575 [3b898b8b-8841-452f-b538-8e8d26c8d287@group-88A1B8300E3C-LeaderElection3] INFO  server.RaftServerConfigKeys (ConfUtils.java:logGet(46)) - raft.server.watch.timeout.denomination = 1s (default)
2023-09-15 05:01:51,575 [3b898b8b-8841-452f-b538-8e8d26c8d287@group-88A1B8300E3C-LeaderElection3] INFO  server.RaftServerConfigKeys (ConfUtils.java:logGet(46)) - raft.server.watch.element-limit = 65536 (default)
2023-09-15 05:01:51,576 [3b898b8b-8841-452f-b538-8e8d26c8d287@group-88A1B8300E3C-LeaderElection3] INFO  server.RaftServerConfigKeys (ConfUtils.java:logGet(46)) - raft.server.write.element-limit = 1024 (custom)
2023-09-15 05:01:51,576 [3b898b8b-8841-452f-b538-8e8d26c8d287@group-88A1B8300E3C-LeaderElection3] INFO  server.RaftServerConfigKeys (ConfUtils.java:logGet(46)) - raft.server.write.follower.gap.ratio.max = -1.0 (default)
2023-09-15 05:01:51,578 [EventQueue-PipelineReportForPipelineReportHandler] INFO  pipeline.PipelineReportHandler (PipelineReportHandler.java:processPipelineReport(136)) - Opened pipeline PipelineID=80467dae-107b-4dcd-be89-88a1b8300e3c
2023-09-15 05:01:51,578 [EventQueue-OpenPipelineForHealthyPipelineSafeModeRule] INFO  safemode.SCMSafeModeManager (HealthyPipelineSafeModeRule.java:process(137)) - SCM in safe mode. Healthy pipelines reported count is 0, required healthy pipeline reported count is 1
2023-09-15 05:01:51,578 [EventQueue-OpenPipelineForHealthyPipelineSafeModeRule] INFO  safemode.SCMSafeModeManager (HealthyPipelineSafeModeRule.java:process(137)) - SCM in safe mode. Healthy pipelines reported count is 1, required healthy pipeline reported count is 1
2023-09-15 05:01:51,578 [EventQueue-OpenPipelineForHealthyPipelineSafeModeRule] INFO  safemode.SCMSafeModeManager (SCMSafeModeManager.java:validateSafeModeExitRules(200)) - HealthyPipelineSafeModeRule rule is successfully validated
2023-09-15 05:01:51,578 [EventQueue-OpenPipelineForHealthyPipelineSafeModeRule] INFO  safemode.SCMSafeModeManager (SCMSafeModeManager.java:validateSafeModeExitRules(215)) - ScmSafeModeManager, all rules are successfully validated
2023-09-15 05:01:51,578 [EventQueue-OpenPipelineForHealthyPipelineSafeModeRule] INFO  safemode.SCMSafeModeManager (SCMSafeModeManager.java:exitSafeMode(244)) - SCM exiting safe mode.
2023-09-15 05:01:51,578 [EventQueue-OpenPipelineForHealthyPipelineSafeModeRule] INFO  ha.SCMContext (SCMContext.java:updateSafeModeStatus(228)) - Update SafeModeStatus from SafeModeStatus{safeModeStatus=true, preCheckPassed=true} to SafeModeStatus{safeModeStatus=false, preCheckPassed=true}.
2023-09-15 05:01:51,583 [EventQueue-OpenPipelineForHealthyPipelineSafeModeRule] INFO  pipeline.BackgroundPipelineCreator (BackgroundPipelineCreator.java:notifyStatusChanged(255)) - Service BackgroundPipelineCreator transitions to RUNNING.
2023-09-15 05:01:51,583 [EventQueue-OpenPipelineForHealthyPipelineSafeModeRule] INFO  BackgroundPipelineScrubber (BackgroundSCMService.java:notifyStatusChanged(82)) - Service BackgroundPipelineScrubber transitions to RUNNING.
2023-09-15 05:01:51,583 [EventQueue-OpenPipelineForHealthyPipelineSafeModeRule] INFO  ExpiredContainerReplicaOpScrubber (BackgroundSCMService.java:notifyStatusChanged(82)) - Service ExpiredContainerReplicaOpScrubber transitions to RUNNING.
2023-09-15 05:01:51,583 [EventQueue-OpenPipelineForHealthyPipelineSafeModeRule] INFO  replication.ReplicationManager (ReplicationManager.java:notifyStatusChanged(1370)) - Service ReplicationManager transitions to RUNNING.
2023-09-15 05:01:51,586 [grpc-default-executor-0] INFO  server.RaftServer$Division (RaftServerImpl.java:requestVote(1302)) - 729f921e-514b-472d-a5a3-7d6b9d90aa28@group-88A1B8300E3C: receive requestVote(ELECTION, 3b898b8b-8841-452f-b538-8e8d26c8d287, group-88A1B8300E3C, 1, (t:0, i:0))
2023-09-15 05:01:51,589 [EventQueue-OpenPipelineForHealthyPipelineSafeModeRule] WARN  balancer.ContainerBalancer (ContainerBalancer.java:shouldRun(134)) - Could not find persisted configuration for ContainerBalancer when checking if ContainerBalancer should run. ContainerBalancer should not run now.
2023-09-15 05:01:51,591 [grpc-default-executor-0] INFO  impl.VoteContext (VoteContext.java:log(49)) - 729f921e-514b-472d-a5a3-7d6b9d90aa28@group-88A1B8300E3C-FOLLOWER: accept ELECTION from 3b898b8b-8841-452f-b538-8e8d26c8d287: our priority 0 <= candidate's priority 1
2023-09-15 05:01:51,591 [grpc-default-executor-0] INFO  server.RaftServer$Division (RaftServerImpl.java:setRole(329)) - 729f921e-514b-472d-a5a3-7d6b9d90aa28@group-88A1B8300E3C: changes role from  FOLLOWER to FOLLOWER at term 1 for candidate:3b898b8b-8841-452f-b538-8e8d26c8d287
2023-09-15 05:01:51,591 [grpc-default-executor-0] INFO  impl.RoleInfo (RoleInfo.java:shutdownFollowerState(110)) - 729f921e-514b-472d-a5a3-7d6b9d90aa28: shutdown 729f921e-514b-472d-a5a3-7d6b9d90aa28@group-88A1B8300E3C-FollowerState
2023-09-15 05:01:51,591 [grpc-default-executor-0] INFO  impl.RoleInfo (RoleInfo.java:updateAndGet(139)) - 729f921e-514b-472d-a5a3-7d6b9d90aa28: start 729f921e-514b-472d-a5a3-7d6b9d90aa28@group-88A1B8300E3C-FollowerState
2023-09-15 05:01:51,592 [3b898b8b-8841-452f-b538-8e8d26c8d287@group-88A1B8300E3C-LeaderElection3] INFO  server.RaftServerConfigKeys (ConfUtils.java:logGet(46)) - raft.server.log.appender.snapshot.chunk.size.max = 16MB (=16777216) (default)
2023-09-15 05:01:51,592 [729f921e-514b-472d-a5a3-7d6b9d90aa28@group-88A1B8300E3C-FollowerState] INFO  impl.FollowerState (FollowerState.java:run(152)) - 729f921e-514b-472d-a5a3-7d6b9d90aa28@group-88A1B8300E3C-FollowerState was interrupted
2023-09-15 05:01:51,592 [3b898b8b-8841-452f-b538-8e8d26c8d287@group-88A1B8300E3C-LeaderElection3] INFO  server.RaftServerConfigKeys (ConfUtils.java:logGet(46)) - raft.server.log.appender.buffer.byte-limit = 33554432 (custom)
2023-09-15 05:01:51,592 [3b898b8b-8841-452f-b538-8e8d26c8d287@group-88A1B8300E3C-LeaderElection3] INFO  server.RaftServerConfigKeys (ConfUtils.java:logGet(46)) - raft.server.log.appender.buffer.element-limit = 1 (custom)
2023-09-15 05:01:51,599 [3b898b8b-8841-452f-b538-8e8d26c8d287@group-88A1B8300E3C-LeaderElection3] INFO  server.RaftServerConfigKeys (ConfUtils.java:logGet(46)) - raft.server.log.appender.wait-time.min = 10ms (default)
2023-09-15 05:01:51,600 [grpc-default-executor-0] INFO  server.RaftServer$Division (RaftServerImpl.java:requestVote(1335)) - 729f921e-514b-472d-a5a3-7d6b9d90aa28@group-88A1B8300E3C replies to ELECTION vote request: 3b898b8b-8841-452f-b538-8e8d26c8d287<-729f921e-514b-472d-a5a3-7d6b9d90aa28#0:OK-t1. Peer's state: 729f921e-514b-472d-a5a3-7d6b9d90aa28@group-88A1B8300E3C:t1, leader=null, voted=3b898b8b-8841-452f-b538-8e8d26c8d287, raftlog=Memoized:729f921e-514b-472d-a5a3-7d6b9d90aa28@group-88A1B8300E3C-SegmentedRaftLog:OPENED:c-1, conf=-1: peers:[dd1e58ff-ca4a-47cb-ae71-8fc517aad200|rpc:10.1.0.24:15023|admin:10.1.0.24:15022|client:10.1.0.24:15021|dataStream:10.1.0.24:15024|priority:0|startupRole:FOLLOWER, 3b898b8b-8841-452f-b538-8e8d26c8d287|rpc:10.1.0.24:15014|admin:10.1.0.24:15013|client:10.1.0.24:15012|dataStream:10.1.0.24:15015|priority:1|startupRole:FOLLOWER, 729f921e-514b-472d-a5a3-7d6b9d90aa28|rpc:10.1.0.24:15032|admin:10.1.0.24:15031|client:10.1.0.24:15030|dataStream:10.1.0.24:15033|priority:0|startupRole:FOLLOWER]|listeners:[], old=null
2023-09-15 05:01:51,603 [3b898b8b-8841-452f-b538-8e8d26c8d287@group-88A1B8300E3C-LeaderElection3] INFO  grpc.GrpcConfigKeys (ConfUtils.java:logGet(46)) - raft.grpc.server.leader.outstanding.appends.max = 128 (default)
2023-09-15 05:01:51,604 [3b898b8b-8841-452f-b538-8e8d26c8d287@group-88A1B8300E3C-LeaderElection3] INFO  server.RaftServerConfigKeys (ConfUtils.java:logGet(46)) - raft.server.rpc.request.timeout = 60s (custom)
2023-09-15 05:01:51,604 [3b898b8b-8841-452f-b538-8e8d26c8d287@group-88A1B8300E3C-LeaderElection3] INFO  grpc.GrpcConfigKeys (ConfUtils.java:logGet(46)) - raft.grpc.server.install_snapshot.request.element-limit = 8 (default)
2023-09-15 05:01:51,605 [3b898b8b-8841-452f-b538-8e8d26c8d287@group-88A1B8300E3C-LeaderElection3] INFO  grpc.GrpcConfigKeys (ConfUtils.java:logGet(46)) - raft.grpc.server.install_snapshot.request.timeout = 3000ms (default)
2023-09-15 05:01:51,605 [3b898b8b-8841-452f-b538-8e8d26c8d287@group-88A1B8300E3C-LeaderElection3] INFO  server.RaftServerConfigKeys (ConfUtils.java:logGet(46)) - raft.server.log.appender.install.snapshot.enabled = false (custom)
2023-09-15 05:01:51,605 [3b898b8b-8841-452f-b538-8e8d26c8d287@group-88A1B8300E3C-LeaderElection3] INFO  grpc.GrpcConfigKeys (ConfUtils.java:logGet(46)) - raft.grpc.server.heartbeat.channel = true (default)
2023-09-15 05:01:51,609 [3b898b8b-8841-452f-b538-8e8d26c8d287@group-88A1B8300E3C-LeaderElection3] INFO  server.RaftServerConfigKeys (ConfUtils.java:logGet(46)) - raft.server.log.appender.snapshot.chunk.size.max = 16MB (=16777216) (default)
2023-09-15 05:01:51,609 [3b898b8b-8841-452f-b538-8e8d26c8d287@group-88A1B8300E3C-LeaderElection3] INFO  server.RaftServerConfigKeys (ConfUtils.java:logGet(46)) - raft.server.log.appender.buffer.byte-limit = 33554432 (custom)
2023-09-15 05:01:51,609 [3b898b8b-8841-452f-b538-8e8d26c8d287@group-88A1B8300E3C-LeaderElection3] INFO  server.RaftServerConfigKeys (ConfUtils.java:logGet(46)) - raft.server.log.appender.buffer.element-limit = 1 (custom)
2023-09-15 05:01:51,609 [3b898b8b-8841-452f-b538-8e8d26c8d287@group-88A1B8300E3C-LeaderElection3] INFO  server.RaftServerConfigKeys (ConfUtils.java:logGet(46)) - raft.server.log.appender.wait-time.min = 10ms (default)
2023-09-15 05:01:51,609 [3b898b8b-8841-452f-b538-8e8d26c8d287@group-88A1B8300E3C-LeaderElection3] INFO  grpc.GrpcConfigKeys (ConfUtils.java:logGet(46)) - raft.grpc.server.leader.outstanding.appends.max = 128 (default)
2023-09-15 05:01:51,609 [3b898b8b-8841-452f-b538-8e8d26c8d287@group-88A1B8300E3C-LeaderElection3] INFO  server.RaftServerConfigKeys (ConfUtils.java:logGet(46)) - raft.server.rpc.request.timeout = 60s (custom)
2023-09-15 05:01:51,609 [3b898b8b-8841-452f-b538-8e8d26c8d287@group-88A1B8300E3C-LeaderElection3] INFO  grpc.GrpcConfigKeys (ConfUtils.java:logGet(46)) - raft.grpc.server.install_snapshot.request.element-limit = 8 (default)
2023-09-15 05:01:51,609 [3b898b8b-8841-452f-b538-8e8d26c8d287@group-88A1B8300E3C-LeaderElection3] INFO  grpc.GrpcConfigKeys (ConfUtils.java:logGet(46)) - raft.grpc.server.install_snapshot.request.timeout = 3000ms (default)
2023-09-15 05:01:51,610 [3b898b8b-8841-452f-b538-8e8d26c8d287@group-88A1B8300E3C-LeaderElection3] INFO  server.RaftServerConfigKeys (ConfUtils.java:logGet(46)) - raft.server.log.appender.install.snapshot.enabled = false (custom)
2023-09-15 05:01:51,611 [3b898b8b-8841-452f-b538-8e8d26c8d287@group-88A1B8300E3C-LeaderElection3] INFO  grpc.GrpcConfigKeys (ConfUtils.java:logGet(46)) - raft.grpc.server.heartbeat.channel = true (default)
2023-09-15 05:01:51,613 [3b898b8b-8841-452f-b538-8e8d26c8d287@group-88A1B8300E3C-LeaderElection3] INFO  impl.RoleInfo (RoleInfo.java:updateAndGet(139)) - 3b898b8b-8841-452f-b538-8e8d26c8d287: start 3b898b8b-8841-452f-b538-8e8d26c8d287@group-88A1B8300E3C-LeaderStateImpl
2023-09-15 05:01:51,614 [3b898b8b-8841-452f-b538-8e8d26c8d287@group-88A1B8300E3C-LeaderElection3] INFO  segmented.SegmentedRaftLogWorker (SegmentedRaftLogWorker.java:startLogSegment(447)) - 3b898b8b-8841-452f-b538-8e8d26c8d287@group-88A1B8300E3C-SegmentedRaftLogWorker: Starting segment from index:0
2023-09-15 05:01:51,615 [3b898b8b-8841-452f-b538-8e8d26c8d287@group-88A1B8300E3C-SegmentedRaftLogWorker] INFO  segmented.SegmentedRaftLogWorker (SegmentedRaftLogWorker.java:execute(651)) - 3b898b8b-8841-452f-b538-8e8d26c8d287@group-88A1B8300E3C-SegmentedRaftLogWorker: created new log segment /home/runner/work/ozone/ozone/hadoop-ozone/integration-test/target/test-dir/MiniOzoneClusterImpl-0a18362f-1832-4b81-b629-935968d04e12/datanode-0/data/ratis/80467dae-107b-4dcd-be89-88a1b8300e3c/current/log_inprogress_0
2023-09-15 05:01:51,625 [3b898b8b-8841-452f-b538-8e8d26c8d287@group-88A1B8300E3C-LeaderElection3] INFO  server.RaftServer$Division (ServerState.java:setRaftConf(434)) - 3b898b8b-8841-452f-b538-8e8d26c8d287@group-88A1B8300E3C: set configuration 0: peers:[dd1e58ff-ca4a-47cb-ae71-8fc517aad200|rpc:10.1.0.24:15023|admin:10.1.0.24:15022|client:10.1.0.24:15021|dataStream:10.1.0.24:15024|priority:0|startupRole:FOLLOWER, 3b898b8b-8841-452f-b538-8e8d26c8d287|rpc:10.1.0.24:15014|admin:10.1.0.24:15013|client:10.1.0.24:15012|dataStream:10.1.0.24:15015|priority:1|startupRole:FOLLOWER, 729f921e-514b-472d-a5a3-7d6b9d90aa28|rpc:10.1.0.24:15032|admin:10.1.0.24:15031|client:10.1.0.24:15030|dataStream:10.1.0.24:15033|priority:0|startupRole:FOLLOWER]|listeners:[], old=null
2023-09-15 05:01:51,667 [dd1e58ff-ca4a-47cb-ae71-8fc517aad200-server-thread1] INFO  ratis.XceiverServerRatis (XceiverServerRatis.java:handleLeaderChangedNotification(902)) - Leader change notification received for group: group-88A1B8300E3C with new leaderId: 3b898b8b-8841-452f-b538-8e8d26c8d287
2023-09-15 05:01:51,667 [dd1e58ff-ca4a-47cb-ae71-8fc517aad200-server-thread1] INFO  server.RaftServer$Division (ServerState.java:setLeader(317)) - dd1e58ff-ca4a-47cb-ae71-8fc517aad200@group-88A1B8300E3C: change Leader from null to 3b898b8b-8841-452f-b538-8e8d26c8d287 at term 1 for appendEntries, leader elected after 4919ms
2023-09-15 05:01:51,685 [729f921e-514b-472d-a5a3-7d6b9d90aa28-server-thread1] INFO  ratis.XceiverServerRatis (XceiverServerRatis.java:handleLeaderChangedNotification(902)) - Leader change notification received for group: group-88A1B8300E3C with new leaderId: 3b898b8b-8841-452f-b538-8e8d26c8d287
2023-09-15 05:01:51,685 [729f921e-514b-472d-a5a3-7d6b9d90aa28-server-thread1] INFO  server.RaftServer$Division (ServerState.java:setLeader(317)) - 729f921e-514b-472d-a5a3-7d6b9d90aa28@group-88A1B8300E3C: change Leader from null to 3b898b8b-8841-452f-b538-8e8d26c8d287 at term 1 for appendEntries, leader elected after 4651ms
2023-09-15 05:01:51,704 [dd1e58ff-ca4a-47cb-ae71-8fc517aad200-server-thread3] INFO  server.RaftServer$Division (ServerState.java:setRaftConf(434)) - dd1e58ff-ca4a-47cb-ae71-8fc517aad200@group-88A1B8300E3C: set configuration 0: peers:[dd1e58ff-ca4a-47cb-ae71-8fc517aad200|rpc:10.1.0.24:15023|admin:10.1.0.24:15022|client:10.1.0.24:15021|dataStream:10.1.0.24:15024|priority:0|startupRole:FOLLOWER, 3b898b8b-8841-452f-b538-8e8d26c8d287|rpc:10.1.0.24:15014|admin:10.1.0.24:15013|client:10.1.0.24:15012|dataStream:10.1.0.24:15015|priority:1|startupRole:FOLLOWER, 729f921e-514b-472d-a5a3-7d6b9d90aa28|rpc:10.1.0.24:15032|admin:10.1.0.24:15031|client:10.1.0.24:15030|dataStream:10.1.0.24:15033|priority:0|startupRole:FOLLOWER]|listeners:[], old=null
2023-09-15 05:01:51,705 [729f921e-514b-472d-a5a3-7d6b9d90aa28-server-thread3] INFO  server.RaftServer$Division (ServerState.java:setRaftConf(434)) - 729f921e-514b-472d-a5a3-7d6b9d90aa28@group-88A1B8300E3C: set configuration 0: peers:[dd1e58ff-ca4a-47cb-ae71-8fc517aad200|rpc:10.1.0.24:15023|admin:10.1.0.24:15022|client:10.1.0.24:15021|dataStream:10.1.0.24:15024|priority:0|startupRole:FOLLOWER, 3b898b8b-8841-452f-b538-8e8d26c8d287|rpc:10.1.0.24:15014|admin:10.1.0.24:15013|client:10.1.0.24:15012|dataStream:10.1.0.24:15015|priority:1|startupRole:FOLLOWER, 729f921e-514b-472d-a5a3-7d6b9d90aa28|rpc:10.1.0.24:15032|admin:10.1.0.24:15031|client:10.1.0.24:15030|dataStream:10.1.0.24:15033|priority:0|startupRole:FOLLOWER]|listeners:[], old=null
2023-09-15 05:01:51,706 [dd1e58ff-ca4a-47cb-ae71-8fc517aad200-server-thread3] INFO  segmented.SegmentedRaftLogWorker (SegmentedRaftLogWorker.java:startLogSegment(447)) - dd1e58ff-ca4a-47cb-ae71-8fc517aad200@group-88A1B8300E3C-SegmentedRaftLogWorker: Starting segment from index:0
2023-09-15 05:01:51,707 [729f921e-514b-472d-a5a3-7d6b9d90aa28-server-thread3] INFO  segmented.SegmentedRaftLogWorker (SegmentedRaftLogWorker.java:startLogSegment(447)) - 729f921e-514b-472d-a5a3-7d6b9d90aa28@group-88A1B8300E3C-SegmentedRaftLogWorker: Starting segment from index:0
2023-09-15 05:01:51,708 [dd1e58ff-ca4a-47cb-ae71-8fc517aad200@group-88A1B8300E3C-SegmentedRaftLogWorker] INFO  segmented.SegmentedRaftLogWorker (SegmentedRaftLogWorker.java:execute(651)) - dd1e58ff-ca4a-47cb-ae71-8fc517aad200@group-88A1B8300E3C-SegmentedRaftLogWorker: created new log segment /home/runner/work/ozone/ozone/hadoop-ozone/integration-test/target/test-dir/MiniOzoneClusterImpl-0a18362f-1832-4b81-b629-935968d04e12/datanode-1/data/ratis/80467dae-107b-4dcd-be89-88a1b8300e3c/current/log_inprogress_0
2023-09-15 05:01:51,709 [729f921e-514b-472d-a5a3-7d6b9d90aa28@group-88A1B8300E3C-SegmentedRaftLogWorker] INFO  segmented.SegmentedRaftLogWorker (SegmentedRaftLogWorker.java:execute(651)) - 729f921e-514b-472d-a5a3-7d6b9d90aa28@group-88A1B8300E3C-SegmentedRaftLogWorker: created new log segment /home/runner/work/ozone/ozone/hadoop-ozone/integration-test/target/test-dir/MiniOzoneClusterImpl-0a18362f-1832-4b81-b629-935968d04e12/datanode-2/data/ratis/80467dae-107b-4dcd-be89-88a1b8300e3c/current/log_inprogress_0
2023-09-15 05:01:51,770 [dd1e58ff-ca4a-47cb-ae71-8fc517aad200@group-CB77A8191913-FollowerState] INFO  impl.FollowerState (FollowerState.java:run(143)) - dd1e58ff-ca4a-47cb-ae71-8fc517aad200@group-CB77A8191913-FollowerState: change to CANDIDATE, lastRpcElapsedTime:5034772932ns, electionTimeout:5030ms
2023-09-15 05:01:51,771 [dd1e58ff-ca4a-47cb-ae71-8fc517aad200@group-CB77A8191913-FollowerState] INFO  impl.RoleInfo (RoleInfo.java:shutdownFollowerState(110)) - dd1e58ff-ca4a-47cb-ae71-8fc517aad200: shutdown dd1e58ff-ca4a-47cb-ae71-8fc517aad200@group-CB77A8191913-FollowerState
2023-09-15 05:01:51,771 [dd1e58ff-ca4a-47cb-ae71-8fc517aad200@group-CB77A8191913-FollowerState] INFO  server.RaftServer$Division (RaftServerImpl.java:setRole(329)) - dd1e58ff-ca4a-47cb-ae71-8fc517aad200@group-CB77A8191913: changes role from  FOLLOWER to CANDIDATE at term 0 for changeToCandidate
2023-09-15 05:01:51,771 [dd1e58ff-ca4a-47cb-ae71-8fc517aad200@group-CB77A8191913-FollowerState] INFO  server.RaftServerConfigKeys (ConfUtils.java:logGet(46)) - raft.server.leaderelection.pre-vote = true (default)
2023-09-15 05:01:51,771 [dd1e58ff-ca4a-47cb-ae71-8fc517aad200@group-CB77A8191913-FollowerState] INFO  impl.RoleInfo (RoleInfo.java:updateAndGet(139)) - dd1e58ff-ca4a-47cb-ae71-8fc517aad200: start dd1e58ff-ca4a-47cb-ae71-8fc517aad200@group-CB77A8191913-LeaderElection4
2023-09-15 05:01:51,775 [dd1e58ff-ca4a-47cb-ae71-8fc517aad200@group-CB77A8191913-LeaderElection4] INFO  impl.LeaderElection (LeaderElection.java:askForVotes(321)) - dd1e58ff-ca4a-47cb-ae71-8fc517aad200@group-CB77A8191913-LeaderElection4 PRE_VOTE round 0: submit vote requests at term 0 for -1: peers:[dd1e58ff-ca4a-47cb-ae71-8fc517aad200|rpc:10.1.0.24:15023|admin:10.1.0.24:15022|client:10.1.0.24:15021|dataStream:10.1.0.24:15024|priority:1|startupRole:FOLLOWER]|listeners:[], old=null
2023-09-15 05:01:51,776 [dd1e58ff-ca4a-47cb-ae71-8fc517aad200@group-CB77A8191913-LeaderElection4] INFO  impl.LeaderElection (LeaderElection.java:askForVotes(323)) - dd1e58ff-ca4a-47cb-ae71-8fc517aad200@group-CB77A8191913-LeaderElection4 PRE_VOTE round 0: result PASSED (term=0)
2023-09-15 05:01:51,778 [dd1e58ff-ca4a-47cb-ae71-8fc517aad200@group-CB77A8191913-LeaderElection4] INFO  impl.LeaderElection (LeaderElection.java:askForVotes(321)) - dd1e58ff-ca4a-47cb-ae71-8fc517aad200@group-CB77A8191913-LeaderElection4 ELECTION round 0: submit vote requests at term 1 for -1: peers:[dd1e58ff-ca4a-47cb-ae71-8fc517aad200|rpc:10.1.0.24:15023|admin:10.1.0.24:15022|client:10.1.0.24:15021|dataStream:10.1.0.24:15024|priority:1|startupRole:FOLLOWER]|listeners:[], old=null
2023-09-15 05:01:51,778 [dd1e58ff-ca4a-47cb-ae71-8fc517aad200@group-CB77A8191913-LeaderElection4] INFO  impl.LeaderElection (LeaderElection.java:askForVotes(323)) - dd1e58ff-ca4a-47cb-ae71-8fc517aad200@group-CB77A8191913-LeaderElection4 ELECTION round 0: result PASSED (term=1)
2023-09-15 05:01:51,778 [dd1e58ff-ca4a-47cb-ae71-8fc517aad200@group-CB77A8191913-LeaderElection4] INFO  impl.RoleInfo (RoleInfo.java:shutdownLeaderElection(130)) - dd1e58ff-ca4a-47cb-ae71-8fc517aad200: shutdown dd1e58ff-ca4a-47cb-ae71-8fc517aad200@group-CB77A8191913-LeaderElection4
2023-09-15 05:01:51,778 [dd1e58ff-ca4a-47cb-ae71-8fc517aad200@group-CB77A8191913-LeaderElection4] INFO  server.RaftServer$Division (RaftServerImpl.java:setRole(329)) - dd1e58ff-ca4a-47cb-ae71-8fc517aad200@group-CB77A8191913: changes role from CANDIDATE to LEADER at term 1 for changeToLeader
2023-09-15 05:01:51,778 [dd1e58ff-ca4a-47cb-ae71-8fc517aad200@group-CB77A8191913-LeaderElection4] INFO  ratis.XceiverServerRatis (XceiverServerRatis.java:handleLeaderChangedNotification(902)) - Leader change notification received for group: group-CB77A8191913 with new leaderId: dd1e58ff-ca4a-47cb-ae71-8fc517aad200
2023-09-15 05:01:51,778 [dd1e58ff-ca4a-47cb-ae71-8fc517aad200@group-CB77A8191913-LeaderElection4] INFO  server.RaftServer$Division (ServerState.java:setLeader(317)) - dd1e58ff-ca4a-47cb-ae71-8fc517aad200@group-CB77A8191913: change Leader from null to dd1e58ff-ca4a-47cb-ae71-8fc517aad200 at term 1 for becomeLeader, leader elected after 5094ms
2023-09-15 05:01:51,779 [dd1e58ff-ca4a-47cb-ae71-8fc517aad200@group-CB77A8191913-LeaderElection4] INFO  server.RaftServerConfigKeys (ConfUtils.java:logGet(46)) - raft.server.staging.catchup.gap = 1000 (default)
2023-09-15 05:01:51,779 [dd1e58ff-ca4a-47cb-ae71-8fc517aad200@group-CB77A8191913-LeaderElection4] INFO  server.RaftServerConfigKeys (ConfUtils.java:logGet(46)) - raft.server.write.element-limit = 1024 (custom)
2023-09-15 05:01:51,779 [dd1e58ff-ca4a-47cb-ae71-8fc517aad200@group-CB77A8191913-LeaderElection4] INFO  server.RaftServerConfigKeys (ConfUtils.java:logGet(46)) - raft.server.write.byte-limit = 1024 M (=1073741824) (custom)
2023-09-15 05:01:51,780 [dd1e58ff-ca4a-47cb-ae71-8fc517aad200@group-CB77A8191913-LeaderElection4] INFO  server.RaftServerConfigKeys (ConfUtils.java:logGet(46)) - raft.server.watch.timeout = 180s (custom)
2023-09-15 05:01:51,780 [dd1e58ff-ca4a-47cb-ae71-8fc517aad200@group-CB77A8191913-LeaderElection4] INFO  server.RaftServerConfigKeys (ConfUtils.java:logGet(46)) - raft.server.watch.timeout.denomination = 1s (default)
2023-09-15 05:01:51,780 [dd1e58ff-ca4a-47cb-ae71-8fc517aad200@group-CB77A8191913-LeaderElection4] INFO  server.RaftServerConfigKeys (ConfUtils.java:logGet(46)) - raft.server.watch.element-limit = 65536 (default)
2023-09-15 05:01:51,780 [dd1e58ff-ca4a-47cb-ae71-8fc517aad200@group-CB77A8191913-LeaderElection4] INFO  server.RaftServerConfigKeys (ConfUtils.java:logGet(46)) - raft.server.write.element-limit = 1024 (custom)
2023-09-15 05:01:51,780 [dd1e58ff-ca4a-47cb-ae71-8fc517aad200@group-CB77A8191913-LeaderElection4] INFO  server.RaftServerConfigKeys (ConfUtils.java:logGet(46)) - raft.server.write.follower.gap.ratio.max = -1.0 (default)
2023-09-15 05:01:51,781 [dd1e58ff-ca4a-47cb-ae71-8fc517aad200@group-CB77A8191913-LeaderElection4] INFO  impl.RoleInfo (RoleInfo.java:updateAndGet(139)) - dd1e58ff-ca4a-47cb-ae71-8fc517aad200: start dd1e58ff-ca4a-47cb-ae71-8fc517aad200@group-CB77A8191913-LeaderStateImpl
2023-09-15 05:01:51,782 [dd1e58ff-ca4a-47cb-ae71-8fc517aad200@group-CB77A8191913-LeaderElection4] INFO  segmented.SegmentedRaftLogWorker (SegmentedRaftLogWorker.java:startLogSegment(447)) - dd1e58ff-ca4a-47cb-ae71-8fc517aad200@group-CB77A8191913-SegmentedRaftLogWorker: Starting segment from index:0
2023-09-15 05:01:51,783 [dd1e58ff-ca4a-47cb-ae71-8fc517aad200@group-CB77A8191913-SegmentedRaftLogWorker] INFO  segmented.SegmentedRaftLogWorker (SegmentedRaftLogWorker.java:execute(651)) - dd1e58ff-ca4a-47cb-ae71-8fc517aad200@group-CB77A8191913-SegmentedRaftLogWorker: created new log segment /home/runner/work/ozone/ozone/hadoop-ozone/integration-test/target/test-dir/MiniOzoneClusterImpl-0a18362f-1832-4b81-b629-935968d04e12/datanode-1/data/ratis/46d30dc5-c752-4956-bd29-cb77a8191913/current/log_inprogress_0
2023-09-15 05:01:51,791 [dd1e58ff-ca4a-47cb-ae71-8fc517aad200@group-CB77A8191913-LeaderElection4] INFO  server.RaftServer$Division (ServerState.java:setRaftConf(434)) - dd1e58ff-ca4a-47cb-ae71-8fc517aad200@group-CB77A8191913: set configuration 0: peers:[dd1e58ff-ca4a-47cb-ae71-8fc517aad200|rpc:10.1.0.24:15023|admin:10.1.0.24:15022|client:10.1.0.24:15021|dataStream:10.1.0.24:15024|priority:1|startupRole:FOLLOWER]|listeners:[], old=null
2023-09-15 05:01:52,200 [729f921e-514b-472d-a5a3-7d6b9d90aa28@group-E2255ABAB38B-FollowerState] INFO  impl.FollowerState (FollowerState.java:run(143)) - 729f921e-514b-472d-a5a3-7d6b9d90aa28@group-E2255ABAB38B-FollowerState: change to CANDIDATE, lastRpcElapsedTime:5025034158ns, electionTimeout:5023ms
2023-09-15 05:01:52,200 [729f921e-514b-472d-a5a3-7d6b9d90aa28@group-E2255ABAB38B-FollowerState] INFO  impl.RoleInfo (RoleInfo.java:shutdownFollowerState(110)) - 729f921e-514b-472d-a5a3-7d6b9d90aa28: shutdown 729f921e-514b-472d-a5a3-7d6b9d90aa28@group-E2255ABAB38B-FollowerState
2023-09-15 05:01:52,200 [729f921e-514b-472d-a5a3-7d6b9d90aa28@group-E2255ABAB38B-FollowerState] INFO  server.RaftServer$Division (RaftServerImpl.java:setRole(329)) - 729f921e-514b-472d-a5a3-7d6b9d90aa28@group-E2255ABAB38B: changes role from  FOLLOWER to CANDIDATE at term 0 for changeToCandidate
2023-09-15 05:01:52,200 [729f921e-514b-472d-a5a3-7d6b9d90aa28@group-E2255ABAB38B-FollowerState] INFO  server.RaftServerConfigKeys (ConfUtils.java:logGet(46)) - raft.server.leaderelection.pre-vote = true (default)
2023-09-15 05:01:52,200 [729f921e-514b-472d-a5a3-7d6b9d90aa28@group-E2255ABAB38B-FollowerState] INFO  impl.RoleInfo (RoleInfo.java:updateAndGet(139)) - 729f921e-514b-472d-a5a3-7d6b9d90aa28: start 729f921e-514b-472d-a5a3-7d6b9d90aa28@group-E2255ABAB38B-LeaderElection5
2023-09-15 05:01:52,204 [729f921e-514b-472d-a5a3-7d6b9d90aa28@group-E2255ABAB38B-LeaderElection5] INFO  impl.LeaderElection (LeaderElection.java:askForVotes(321)) - 729f921e-514b-472d-a5a3-7d6b9d90aa28@group-E2255ABAB38B-LeaderElection5 PRE_VOTE round 0: submit vote requests at term 0 for -1: peers:[729f921e-514b-472d-a5a3-7d6b9d90aa28|rpc:10.1.0.24:15032|admin:10.1.0.24:15031|client:10.1.0.24:15030|dataStream:10.1.0.24:15033|priority:1|startupRole:FOLLOWER]|listeners:[], old=null
2023-09-15 05:01:52,204 [729f921e-514b-472d-a5a3-7d6b9d90aa28@group-E2255ABAB38B-LeaderElection5] INFO  impl.LeaderElection (LeaderElection.java:askForVotes(323)) - 729f921e-514b-472d-a5a3-7d6b9d90aa28@group-E2255ABAB38B-LeaderElection5 PRE_VOTE round 0: result PASSED (term=0)
2023-09-15 05:01:52,205 [729f921e-514b-472d-a5a3-7d6b9d90aa28@group-E2255ABAB38B-LeaderElection5] INFO  impl.LeaderElection (LeaderElection.java:askForVotes(321)) - 729f921e-514b-472d-a5a3-7d6b9d90aa28@group-E2255ABAB38B-LeaderElection5 ELECTION round 0: submit vote requests at term 1 for -1: peers:[729f921e-514b-472d-a5a3-7d6b9d90aa28|rpc:10.1.0.24:15032|admin:10.1.0.24:15031|client:10.1.0.24:15030|dataStream:10.1.0.24:15033|priority:1|startupRole:FOLLOWER]|listeners:[], old=null
2023-09-15 05:01:52,205 [729f921e-514b-472d-a5a3-7d6b9d90aa28@group-E2255ABAB38B-LeaderElection5] INFO  impl.LeaderElection (LeaderElection.java:askForVotes(323)) - 729f921e-514b-472d-a5a3-7d6b9d90aa28@group-E2255ABAB38B-LeaderElection5 ELECTION round 0: result PASSED (term=1)
2023-09-15 05:01:52,205 [729f921e-514b-472d-a5a3-7d6b9d90aa28@group-E2255ABAB38B-LeaderElection5] INFO  impl.RoleInfo (RoleInfo.java:shutdownLeaderElection(130)) - 729f921e-514b-472d-a5a3-7d6b9d90aa28: shutdown 729f921e-514b-472d-a5a3-7d6b9d90aa28@group-E2255ABAB38B-LeaderElection5
2023-09-15 05:01:52,206 [729f921e-514b-472d-a5a3-7d6b9d90aa28@group-E2255ABAB38B-LeaderElection5] INFO  server.RaftServer$Division (RaftServerImpl.java:setRole(329)) - 729f921e-514b-472d-a5a3-7d6b9d90aa28@group-E2255ABAB38B: changes role from CANDIDATE to LEADER at term 1 for changeToLeader
2023-09-15 05:01:52,206 [729f921e-514b-472d-a5a3-7d6b9d90aa28@group-E2255ABAB38B-LeaderElection5] INFO  ratis.XceiverServerRatis (XceiverServerRatis.java:handleLeaderChangedNotification(902)) - Leader change notification received for group: group-E2255ABAB38B with new leaderId: 729f921e-514b-472d-a5a3-7d6b9d90aa28
2023-09-15 05:01:52,206 [729f921e-514b-472d-a5a3-7d6b9d90aa28@group-E2255ABAB38B-LeaderElection5] INFO  server.RaftServer$Division (ServerState.java:setLeader(317)) - 729f921e-514b-472d-a5a3-7d6b9d90aa28@group-E2255ABAB38B: change Leader from null to 729f921e-514b-472d-a5a3-7d6b9d90aa28 at term 1 for becomeLeader, leader elected after 5117ms
2023-09-15 05:01:52,206 [729f921e-514b-472d-a5a3-7d6b9d90aa28@group-E2255ABAB38B-LeaderElection5] INFO  server.RaftServerConfigKeys (ConfUtils.java:logGet(46)) - raft.server.staging.catchup.gap = 1000 (default)
2023-09-15 05:01:52,206 [729f921e-514b-472d-a5a3-7d6b9d90aa28@group-E2255ABAB38B-LeaderElection5] INFO  server.RaftServerConfigKeys (ConfUtils.java:logGet(46)) - raft.server.write.element-limit = 1024 (custom)
2023-09-15 05:01:52,206 [729f921e-514b-472d-a5a3-7d6b9d90aa28@group-E2255ABAB38B-LeaderElection5] INFO  server.RaftServerConfigKeys (ConfUtils.java:logGet(46)) - raft.server.write.byte-limit = 1024 M (=1073741824) (custom)
2023-09-15 05:01:52,207 [729f921e-514b-472d-a5a3-7d6b9d90aa28@group-E2255ABAB38B-LeaderElection5] INFO  server.RaftServerConfigKeys (ConfUtils.java:logGet(46)) - raft.server.watch.timeout = 180s (custom)
2023-09-15 05:01:52,208 [729f921e-514b-472d-a5a3-7d6b9d90aa28@group-E2255ABAB38B-LeaderElection5] INFO  server.RaftServerConfigKeys (ConfUtils.java:logGet(46)) - raft.server.watch.timeout.denomination = 1s (default)
2023-09-15 05:01:52,208 [729f921e-514b-472d-a5a3-7d6b9d90aa28@group-E2255ABAB38B-LeaderElection5] INFO  server.RaftServerConfigKeys (ConfUtils.java:logGet(46)) - raft.server.watch.element-limit = 65536 (default)
2023-09-15 05:01:52,208 [729f921e-514b-472d-a5a3-7d6b9d90aa28@group-E2255ABAB38B-LeaderElection5] INFO  server.RaftServerConfigKeys (ConfUtils.java:logGet(46)) - raft.server.write.element-limit = 1024 (custom)
2023-09-15 05:01:52,208 [729f921e-514b-472d-a5a3-7d6b9d90aa28@group-E2255ABAB38B-LeaderElection5] INFO  server.RaftServerConfigKeys (ConfUtils.java:logGet(46)) - raft.server.write.follower.gap.ratio.max = -1.0 (default)
2023-09-15 05:01:52,208 [729f921e-514b-472d-a5a3-7d6b9d90aa28@group-E2255ABAB38B-LeaderElection5] INFO  impl.RoleInfo (RoleInfo.java:updateAndGet(139)) - 729f921e-514b-472d-a5a3-7d6b9d90aa28: start 729f921e-514b-472d-a5a3-7d6b9d90aa28@group-E2255ABAB38B-LeaderStateImpl
2023-09-15 05:01:52,208 [729f921e-514b-472d-a5a3-7d6b9d90aa28@group-E2255ABAB38B-LeaderElection5] INFO  segmented.SegmentedRaftLogWorker (SegmentedRaftLogWorker.java:startLogSegment(447)) - 729f921e-514b-472d-a5a3-7d6b9d90aa28@group-E2255ABAB38B-SegmentedRaftLogWorker: Starting segment from index:0
2023-09-15 05:01:52,211 [729f921e-514b-472d-a5a3-7d6b9d90aa28@group-E2255ABAB38B-LeaderElection5] INFO  server.RaftServer$Division (ServerState.java:setRaftConf(434)) - 729f921e-514b-472d-a5a3-7d6b9d90aa28@group-E2255ABAB38B: set configuration 0: peers:[729f921e-514b-472d-a5a3-7d6b9d90aa28|rpc:10.1.0.24:15032|admin:10.1.0.24:15031|client:10.1.0.24:15030|dataStream:10.1.0.24:15033|priority:1|startupRole:FOLLOWER]|listeners:[], old=null
2023-09-15 05:01:52,211 [729f921e-514b-472d-a5a3-7d6b9d90aa28@group-E2255ABAB38B-SegmentedRaftLogWorker] INFO  segmented.SegmentedRaftLogWorker (SegmentedRaftLogWorker.java:execute(651)) - 729f921e-514b-472d-a5a3-7d6b9d90aa28@group-E2255ABAB38B-SegmentedRaftLogWorker: created new log segment /home/runner/work/ozone/ozone/hadoop-ozone/integration-test/target/test-dir/MiniOzoneClusterImpl-0a18362f-1832-4b81-b629-935968d04e12/datanode-2/data/ratis/faf68125-ad7f-456d-a28d-e2255abab38b/current/log_inprogress_0
2023-09-15 05:01:52,225 [main] INFO  ozone.MiniOzoneClusterImpl (MiniOzoneClusterImpl.java:lambda$waitForClusterToBeReady$0(224)) - Nodes are ready. Got 10 of 10 DN Heartbeats.
2023-09-15 05:01:52,225 [main] INFO  ozone.MiniOzoneClusterImpl (MiniOzoneClusterImpl.java:lambda$waitForClusterToBeReady$0(227)) - Cluster exits safe mode
2023-09-15 05:01:52,225 [main] INFO  ozone.MiniOzoneClusterImpl (MiniOzoneClusterImpl.java:lambda$waitForClusterToBeReady$0(229)) - SCM became leader
2023-09-15 05:01:52,372 [729f921e-514b-472d-a5a3-7d6b9d90aa28@group-193EEEFE86B1-FollowerState] INFO  impl.FollowerState (FollowerState.java:run(143)) - 729f921e-514b-472d-a5a3-7d6b9d90aa28@group-193EEEFE86B1-FollowerState: change to CANDIDATE, lastRpcElapsedTime:5129712567ns, electionTimeout:5110ms
2023-09-15 05:01:52,373 [729f921e-514b-472d-a5a3-7d6b9d90aa28@group-193EEEFE86B1-FollowerState] INFO  impl.RoleInfo (RoleInfo.java:shutdownFollowerState(110)) - 729f921e-514b-472d-a5a3-7d6b9d90aa28: shutdown 729f921e-514b-472d-a5a3-7d6b9d90aa28@group-193EEEFE86B1-FollowerState
2023-09-15 05:01:52,373 [729f921e-514b-472d-a5a3-7d6b9d90aa28@group-193EEEFE86B1-FollowerState] INFO  server.RaftServer$Division (RaftServerImpl.java:setRole(329)) - 729f921e-514b-472d-a5a3-7d6b9d90aa28@group-193EEEFE86B1: changes role from  FOLLOWER to CANDIDATE at term 0 for changeToCandidate
2023-09-15 05:01:52,373 [729f921e-514b-472d-a5a3-7d6b9d90aa28@group-193EEEFE86B1-FollowerState] INFO  server.RaftServerConfigKeys (ConfUtils.java:logGet(46)) - raft.server.leaderelection.pre-vote = true (default)
2023-09-15 05:01:52,373 [729f921e-514b-472d-a5a3-7d6b9d90aa28@group-193EEEFE86B1-FollowerState] INFO  impl.RoleInfo (RoleInfo.java:updateAndGet(139)) - 729f921e-514b-472d-a5a3-7d6b9d90aa28: start 729f921e-514b-472d-a5a3-7d6b9d90aa28@group-193EEEFE86B1-LeaderElection6
2023-09-15 05:01:52,384 [729f921e-514b-472d-a5a3-7d6b9d90aa28@group-193EEEFE86B1-LeaderElection6] INFO  impl.LeaderElection (LeaderElection.java:askForVotes(321)) - 729f921e-514b-472d-a5a3-7d6b9d90aa28@group-193EEEFE86B1-LeaderElection6 PRE_VOTE round 0: submit vote requests at term 0 for -1: peers:[dd1e58ff-ca4a-47cb-ae71-8fc517aad200|rpc:10.1.0.24:15023|admin:10.1.0.24:15022|client:10.1.0.24:15021|dataStream:10.1.0.24:15024|priority:0|startupRole:FOLLOWER, 3b898b8b-8841-452f-b538-8e8d26c8d287|rpc:10.1.0.24:15014|admin:10.1.0.24:15013|client:10.1.0.24:15012|dataStream:10.1.0.24:15015|priority:0|startupRole:FOLLOWER, 729f921e-514b-472d-a5a3-7d6b9d90aa28|rpc:10.1.0.24:15032|admin:10.1.0.24:15031|client:10.1.0.24:15030|dataStream:10.1.0.24:15033|priority:1|startupRole:FOLLOWER]|listeners:[], old=null
2023-09-15 05:01:52,391 [729f921e-514b-472d-a5a3-7d6b9d90aa28@group-193EEEFE86B1-LeaderElection6-1] INFO  server.GrpcServerProtocolClient (GrpcServerProtocolClient.java:<init>(65)) - Build channel for dd1e58ff-ca4a-47cb-ae71-8fc517aad200
2023-09-15 05:01:52,394 [729f921e-514b-472d-a5a3-7d6b9d90aa28@group-193EEEFE86B1-LeaderElection6] INFO  server.RaftServerConfigKeys (ConfUtils.java:logFallback(53)) - raft.server.rpc.first-election.timeout.min = 5s (fallback to raft.server.rpc.timeout.min)
2023-09-15 05:01:52,394 [729f921e-514b-472d-a5a3-7d6b9d90aa28@group-193EEEFE86B1-LeaderElection6] INFO  server.RaftServerConfigKeys (ConfUtils.java:logFallback(53)) - raft.server.rpc.first-election.timeout.max = 5200ms (fallback to raft.server.rpc.timeout.max)
2023-09-15 05:01:52,399 [729f921e-514b-472d-a5a3-7d6b9d90aa28@group-193EEEFE86B1-LeaderElection6-2] INFO  server.GrpcServerProtocolClient (GrpcServerProtocolClient.java:<init>(65)) - Build channel for 3b898b8b-8841-452f-b538-8e8d26c8d287
2023-09-15 05:01:52,413 [grpc-default-executor-3] INFO  server.RaftServer$Division (RaftServerImpl.java:requestVote(1302)) - dd1e58ff-ca4a-47cb-ae71-8fc517aad200@group-193EEEFE86B1: receive requestVote(PRE_VOTE, 729f921e-514b-472d-a5a3-7d6b9d90aa28, group-193EEEFE86B1, 0, (t:0, i:0))
2023-09-15 05:01:52,413 [grpc-default-executor-3] INFO  impl.VoteContext (VoteContext.java:log(49)) - dd1e58ff-ca4a-47cb-ae71-8fc517aad200@group-193EEEFE86B1-FOLLOWER: accept PRE_VOTE from 729f921e-514b-472d-a5a3-7d6b9d90aa28: our priority 0 <= candidate's priority 1
2023-09-15 05:01:52,413 [grpc-default-executor-3] INFO  server.RaftServer$Division (RaftServerImpl.java:requestVote(1335)) - dd1e58ff-ca4a-47cb-ae71-8fc517aad200@group-193EEEFE86B1 replies to PRE_VOTE vote request: 729f921e-514b-472d-a5a3-7d6b9d90aa28<-dd1e58ff-ca4a-47cb-ae71-8fc517aad200#0:OK-t0. Peer's state: dd1e58ff-ca4a-47cb-ae71-8fc517aad200@group-193EEEFE86B1:t0, leader=null, voted=, raftlog=Memoized:dd1e58ff-ca4a-47cb-ae71-8fc517aad200@group-193EEEFE86B1-SegmentedRaftLog:OPENED:c-1, conf=-1: peers:[dd1e58ff-ca4a-47cb-ae71-8fc517aad200|rpc:10.1.0.24:15023|admin:10.1.0.24:15022|client:10.1.0.24:15021|dataStream:10.1.0.24:15024|priority:0|startupRole:FOLLOWER, 3b898b8b-8841-452f-b538-8e8d26c8d287|rpc:10.1.0.24:15014|admin:10.1.0.24:15013|client:10.1.0.24:15012|dataStream:10.1.0.24:15015|priority:0|startupRole:FOLLOWER, 729f921e-514b-472d-a5a3-7d6b9d90aa28|rpc:10.1.0.24:15032|admin:10.1.0.24:15031|client:10.1.0.24:15030|dataStream:10.1.0.24:15033|priority:1|startupRole:FOLLOWER]|listeners:[], old=null
2023-09-15 05:01:52,420 [729f921e-514b-472d-a5a3-7d6b9d90aa28@group-193EEEFE86B1-LeaderElection6] INFO  impl.LeaderElection (LeaderElection.java:logAndReturn(90)) - 729f921e-514b-472d-a5a3-7d6b9d90aa28@group-193EEEFE86B1-LeaderElection6: PRE_VOTE PASSED received 1 response(s) and 0 exception(s):
2023-09-15 05:01:52,420 [729f921e-514b-472d-a5a3-7d6b9d90aa28@group-193EEEFE86B1-LeaderElection6] INFO  impl.LeaderElection (LeaderElection.java:logAndReturn(94)) -   Response 0: 729f921e-514b-472d-a5a3-7d6b9d90aa28<-dd1e58ff-ca4a-47cb-ae71-8fc517aad200#0:OK-t0
2023-09-15 05:01:52,420 [729f921e-514b-472d-a5a3-7d6b9d90aa28@group-193EEEFE86B1-LeaderElection6] INFO  impl.LeaderElection (LeaderElection.java:askForVotes(323)) - 729f921e-514b-472d-a5a3-7d6b9d90aa28@group-193EEEFE86B1-LeaderElection6 PRE_VOTE round 0: result PASSED
2023-09-15 05:01:52,421 [3b898b8b-8841-452f-b538-8e8d26c8d287@group-193EEEFE86B1-FollowerState] INFO  impl.FollowerState (FollowerState.java:run(143)) - 3b898b8b-8841-452f-b538-8e8d26c8d287@group-193EEEFE86B1-FollowerState: change to CANDIDATE, lastRpcElapsedTime:5091960571ns, electionTimeout:5082ms
2023-09-15 05:01:52,421 [3b898b8b-8841-452f-b538-8e8d26c8d287@group-193EEEFE86B1-FollowerState] INFO  impl.RoleInfo (RoleInfo.java:shutdownFollowerState(110)) - 3b898b8b-8841-452f-b538-8e8d26c8d287: shutdown 3b898b8b-8841-452f-b538-8e8d26c8d287@group-193EEEFE86B1-FollowerState
2023-09-15 05:01:52,421 [3b898b8b-8841-452f-b538-8e8d26c8d287@group-193EEEFE86B1-FollowerState] INFO  server.RaftServer$Division (RaftServerImpl.java:setRole(329)) - 3b898b8b-8841-452f-b538-8e8d26c8d287@group-193EEEFE86B1: changes role from  FOLLOWER to CANDIDATE at term 0 for changeToCandidate
2023-09-15 05:01:52,421 [3b898b8b-8841-452f-b538-8e8d26c8d287@group-193EEEFE86B1-FollowerState] INFO  server.RaftServerConfigKeys (ConfUtils.java:logGet(46)) - raft.server.leaderelection.pre-vote = true (default)
2023-09-15 05:01:52,422 [3b898b8b-8841-452f-b538-8e8d26c8d287@group-193EEEFE86B1-FollowerState] INFO  impl.RoleInfo (RoleInfo.java:updateAndGet(139)) - 3b898b8b-8841-452f-b538-8e8d26c8d287: start 3b898b8b-8841-452f-b538-8e8d26c8d287@group-193EEEFE86B1-LeaderElection7
2023-09-15 05:01:52,422 [729f921e-514b-472d-a5a3-7d6b9d90aa28@group-193EEEFE86B1-LeaderElection6] INFO  impl.LeaderElection (LeaderElection.java:askForVotes(321)) - 729f921e-514b-472d-a5a3-7d6b9d90aa28@group-193EEEFE86B1-LeaderElection6 ELECTION round 0: submit vote requests at term 1 for -1: peers:[dd1e58ff-ca4a-47cb-ae71-8fc517aad200|rpc:10.1.0.24:15023|admin:10.1.0.24:15022|client:10.1.0.24:15021|dataStream:10.1.0.24:15024|priority:0|startupRole:FOLLOWER, 3b898b8b-8841-452f-b538-8e8d26c8d287|rpc:10.1.0.24:15014|admin:10.1.0.24:15013|client:10.1.0.24:15012|dataStream:10.1.0.24:15015|priority:0|startupRole:FOLLOWER, 729f921e-514b-472d-a5a3-7d6b9d90aa28|rpc:10.1.0.24:15032|admin:10.1.0.24:15031|client:10.1.0.24:15030|dataStream:10.1.0.24:15033|priority:1|startupRole:FOLLOWER]|listeners:[], old=null
2023-09-15 05:01:52,437 [grpc-default-executor-3] INFO  server.RaftServer$Division (RaftServerImpl.java:requestVote(1302)) - 3b898b8b-8841-452f-b538-8e8d26c8d287@group-193EEEFE86B1: receive requestVote(PRE_VOTE, 729f921e-514b-472d-a5a3-7d6b9d90aa28, group-193EEEFE86B1, 0, (t:0, i:0))
2023-09-15 05:01:52,437 [grpc-default-executor-3] INFO  impl.VoteContext (VoteContext.java:log(49)) - 3b898b8b-8841-452f-b538-8e8d26c8d287@group-193EEEFE86B1-CANDIDATE: accept PRE_VOTE from 729f921e-514b-472d-a5a3-7d6b9d90aa28: our priority 0 <= candidate's priority 1
2023-09-15 05:01:52,437 [grpc-default-executor-3] INFO  server.RaftServer$Division (RaftServerImpl.java:requestVote(1335)) - 3b898b8b-8841-452f-b538-8e8d26c8d287@group-193EEEFE86B1 replies to PRE_VOTE vote request: 729f921e-514b-472d-a5a3-7d6b9d90aa28<-3b898b8b-8841-452f-b538-8e8d26c8d287#0:OK-t0. Peer's state: 3b898b8b-8841-452f-b538-8e8d26c8d287@group-193EEEFE86B1:t0, leader=null, voted=, raftlog=Memoized:3b898b8b-8841-452f-b538-8e8d26c8d287@group-193EEEFE86B1-SegmentedRaftLog:OPENED:c-1, conf=-1: peers:[dd1e58ff-ca4a-47cb-ae71-8fc517aad200|rpc:10.1.0.24:15023|admin:10.1.0.24:15022|client:10.1.0.24:15021|dataStream:10.1.0.24:15024|priority:0|startupRole:FOLLOWER, 3b898b8b-8841-452f-b538-8e8d26c8d287|rpc:10.1.0.24:15014|admin:10.1.0.24:15013|client:10.1.0.24:15012|dataStream:10.1.0.24:15015|priority:0|startupRole:FOLLOWER, 729f921e-514b-472d-a5a3-7d6b9d90aa28|rpc:10.1.0.24:15032|admin:10.1.0.24:15031|client:10.1.0.24:15030|dataStream:10.1.0.24:15033|priority:1|startupRole:FOLLOWER]|listeners:[], old=null
2023-09-15 05:01:52,438 [3b898b8b-8841-452f-b538-8e8d26c8d287@group-193EEEFE86B1-LeaderElection7] INFO  impl.LeaderElection (LeaderElection.java:askForVotes(321)) - 3b898b8b-8841-452f-b538-8e8d26c8d287@group-193EEEFE86B1-LeaderElection7 PRE_VOTE round 0: submit vote requests at term 0 for -1: peers:[dd1e58ff-ca4a-47cb-ae71-8fc517aad200|rpc:10.1.0.24:15023|admin:10.1.0.24:15022|client:10.1.0.24:15021|dataStream:10.1.0.24:15024|priority:0|startupRole:FOLLOWER, 3b898b8b-8841-452f-b538-8e8d26c8d287|rpc:10.1.0.24:15014|admin:10.1.0.24:15013|client:10.1.0.24:15012|dataStream:10.1.0.24:15015|priority:0|startupRole:FOLLOWER, 729f921e-514b-472d-a5a3-7d6b9d90aa28|rpc:10.1.0.24:15032|admin:10.1.0.24:15031|client:10.1.0.24:15030|dataStream:10.1.0.24:15033|priority:1|startupRole:FOLLOWER]|listeners:[], old=null
2023-09-15 05:01:52,438 [grpc-default-executor-4] INFO  server.RaftServer$Division (RaftServerImpl.java:requestVote(1302)) - dd1e58ff-ca4a-47cb-ae71-8fc517aad200@group-193EEEFE86B1: receive requestVote(ELECTION, 729f921e-514b-472d-a5a3-7d6b9d90aa28, group-193EEEFE86B1, 1, (t:0, i:0))
2023-09-15 05:01:52,439 [729f921e-514b-472d-a5a3-7d6b9d90aa28@group-193EEEFE86B1-LeaderElection6] INFO  server.RaftServerConfigKeys (ConfUtils.java:logFallback(53)) - raft.server.rpc.first-election.timeout.min = 5s (fallback to raft.server.rpc.timeout.min)
2023-09-15 05:01:52,439 [729f921e-514b-472d-a5a3-7d6b9d90aa28@group-193EEEFE86B1-LeaderElection6] INFO  server.RaftServerConfigKeys (ConfUtils.java:logFallback(53)) - raft.server.rpc.first-election.timeout.max = 5200ms (fallback to raft.server.rpc.timeout.max)
2023-09-15 05:01:52,439 [3b898b8b-8841-452f-b538-8e8d26c8d287@group-193EEEFE86B1-LeaderElection7] INFO  server.RaftServerConfigKeys (ConfUtils.java:logFallback(53)) - raft.server.rpc.first-election.timeout.min = 5s (fallback to raft.server.rpc.timeout.min)
2023-09-15 05:01:52,439 [3b898b8b-8841-452f-b538-8e8d26c8d287@group-193EEEFE86B1-LeaderElection7] INFO  server.RaftServerConfigKeys (ConfUtils.java:logFallback(53)) - raft.server.rpc.first-election.timeout.max = 5200ms (fallback to raft.server.rpc.timeout.max)
2023-09-15 05:01:52,443 [grpc-default-executor-4] INFO  impl.VoteContext (VoteContext.java:log(49)) - dd1e58ff-ca4a-47cb-ae71-8fc517aad200@group-193EEEFE86B1-FOLLOWER: accept ELECTION from 729f921e-514b-472d-a5a3-7d6b9d90aa28: our priority 0 <= candidate's priority 1
2023-09-15 05:01:52,443 [grpc-default-executor-4] INFO  server.RaftServer$Division (RaftServerImpl.java:setRole(329)) - dd1e58ff-ca4a-47cb-ae71-8fc517aad200@group-193EEEFE86B1: changes role from  FOLLOWER to FOLLOWER at term 1 for candidate:729f921e-514b-472d-a5a3-7d6b9d90aa28
2023-09-15 05:01:52,443 [grpc-default-executor-4] INFO  impl.RoleInfo (RoleInfo.java:shutdownFollowerState(110)) - dd1e58ff-ca4a-47cb-ae71-8fc517aad200: shutdown dd1e58ff-ca4a-47cb-ae71-8fc517aad200@group-193EEEFE86B1-FollowerState
2023-09-15 05:01:52,443 [grpc-default-executor-4] INFO  impl.RoleInfo (RoleInfo.java:updateAndGet(139)) - dd1e58ff-ca4a-47cb-ae71-8fc517aad200: start dd1e58ff-ca4a-47cb-ae71-8fc517aad200@group-193EEEFE86B1-FollowerState
2023-09-15 05:01:52,443 [dd1e58ff-ca4a-47cb-ae71-8fc517aad200@group-193EEEFE86B1-FollowerState] INFO  impl.FollowerState (FollowerState.java:run(152)) - dd1e58ff-ca4a-47cb-ae71-8fc517aad200@group-193EEEFE86B1-FollowerState was interrupted
2023-09-15 05:01:52,451 [grpc-default-executor-4] INFO  server.RaftServer$Division (RaftServerImpl.java:requestVote(1335)) - dd1e58ff-ca4a-47cb-ae71-8fc517aad200@group-193EEEFE86B1 replies to ELECTION vote request: 729f921e-514b-472d-a5a3-7d6b9d90aa28<-dd1e58ff-ca4a-47cb-ae71-8fc517aad200#0:OK-t1. Peer's state: dd1e58ff-ca4a-47cb-ae71-8fc517aad200@group-193EEEFE86B1:t1, leader=null, voted=729f921e-514b-472d-a5a3-7d6b9d90aa28, raftlog=Memoized:dd1e58ff-ca4a-47cb-ae71-8fc517aad200@group-193EEEFE86B1-SegmentedRaftLog:OPENED:c-1, conf=-1: peers:[dd1e58ff-ca4a-47cb-ae71-8fc517aad200|rpc:10.1.0.24:15023|admin:10.1.0.24:15022|client:10.1.0.24:15021|dataStream:10.1.0.24:15024|priority:0|startupRole:FOLLOWER, 3b898b8b-8841-452f-b538-8e8d26c8d287|rpc:10.1.0.24:15014|admin:10.1.0.24:15013|client:10.1.0.24:15012|dataStream:10.1.0.24:15015|priority:0|startupRole:FOLLOWER, 729f921e-514b-472d-a5a3-7d6b9d90aa28|rpc:10.1.0.24:15032|admin:10.1.0.24:15031|client:10.1.0.24:15030|dataStream:10.1.0.24:15033|priority:1|startupRole:FOLLOWER]|listeners:[], old=null
2023-09-15 05:01:52,452 [729f921e-514b-472d-a5a3-7d6b9d90aa28@group-193EEEFE86B1-LeaderElection6] INFO  impl.LeaderElection (LeaderElection.java:logAndReturn(90)) - 729f921e-514b-472d-a5a3-7d6b9d90aa28@group-193EEEFE86B1-LeaderElection6: ELECTION PASSED received 1 response(s) and 0 exception(s):
2023-09-15 05:01:52,453 [729f921e-514b-472d-a5a3-7d6b9d90aa28@group-193EEEFE86B1-LeaderElection6] INFO  impl.LeaderElection (LeaderElection.java:logAndReturn(94)) -   Response 0: 729f921e-514b-472d-a5a3-7d6b9d90aa28<-dd1e58ff-ca4a-47cb-ae71-8fc517aad200#0:OK-t1
2023-09-15 05:01:52,453 [729f921e-514b-472d-a5a3-7d6b9d90aa28@group-193EEEFE86B1-LeaderElection6] INFO  impl.LeaderElection (LeaderElection.java:askForVotes(323)) - 729f921e-514b-472d-a5a3-7d6b9d90aa28@group-193EEEFE86B1-LeaderElection6 ELECTION round 0: result PASSED
2023-09-15 05:01:52,453 [729f921e-514b-472d-a5a3-7d6b9d90aa28@group-193EEEFE86B1-LeaderElection6] INFO  impl.RoleInfo (RoleInfo.java:shutdownLeaderElection(130)) - 729f921e-514b-472d-a5a3-7d6b9d90aa28: shutdown 729f921e-514b-472d-a5a3-7d6b9d90aa28@group-193EEEFE86B1-LeaderElection6
2023-09-15 05:01:52,453 [729f921e-514b-472d-a5a3-7d6b9d90aa28@group-193EEEFE86B1-LeaderElection6] INFO  server.RaftServer$Division (RaftServerImpl.java:setRole(329)) - 729f921e-514b-472d-a5a3-7d6b9d90aa28@group-193EEEFE86B1: changes role from CANDIDATE to LEADER at term 1 for changeToLeader
2023-09-15 05:01:52,453 [729f921e-514b-472d-a5a3-7d6b9d90aa28@group-193EEEFE86B1-LeaderElection6] INFO  ratis.XceiverServerRatis (XceiverServerRatis.java:handleLeaderChangedNotification(902)) - Leader change notification received for group: group-193EEEFE86B1 with new leaderId: 729f921e-514b-472d-a5a3-7d6b9d90aa28
2023-09-15 05:01:52,453 [729f921e-514b-472d-a5a3-7d6b9d90aa28@group-193EEEFE86B1-LeaderElection6] INFO  server.RaftServer$Division (ServerState.java:setLeader(317)) - 729f921e-514b-472d-a5a3-7d6b9d90aa28@group-193EEEFE86B1: change Leader from null to 729f921e-514b-472d-a5a3-7d6b9d90aa28 at term 1 for becomeLeader, leader elected after 5266ms
2023-09-15 05:01:52,453 [729f921e-514b-472d-a5a3-7d6b9d90aa28@group-193EEEFE86B1-LeaderElection6] INFO  server.RaftServerConfigKeys (ConfUtils.java:logGet(46)) - raft.server.staging.catchup.gap = 1000 (default)
2023-09-15 05:01:52,453 [729f921e-514b-472d-a5a3-7d6b9d90aa28@group-193EEEFE86B1-LeaderElection6] INFO  server.RaftServerConfigKeys (ConfUtils.java:logGet(46)) - raft.server.write.element-limit = 1024 (custom)
2023-09-15 05:01:52,453 [729f921e-514b-472d-a5a3-7d6b9d90aa28@group-193EEEFE86B1-LeaderElection6] INFO  server.RaftServerConfigKeys (ConfUtils.java:logGet(46)) - raft.server.write.byte-limit = 1024 M (=1073741824) (custom)
2023-09-15 05:01:52,454 [729f921e-514b-472d-a5a3-7d6b9d90aa28@group-193EEEFE86B1-LeaderElection6] INFO  server.RaftServerConfigKeys (ConfUtils.java:logGet(46)) - raft.server.watch.timeout = 180s (custom)
2023-09-15 05:01:52,454 [729f921e-514b-472d-a5a3-7d6b9d90aa28@group-193EEEFE86B1-LeaderElection6] INFO  server.RaftServerConfigKeys (ConfUtils.java:logGet(46)) - raft.server.watch.timeout.denomination = 1s (default)
2023-09-15 05:01:52,454 [729f921e-514b-472d-a5a3-7d6b9d90aa28@group-193EEEFE86B1-LeaderElection6] INFO  server.RaftServerConfigKeys (ConfUtils.java:logGet(46)) - raft.server.watch.element-limit = 65536 (default)
2023-09-15 05:01:52,454 [729f921e-514b-472d-a5a3-7d6b9d90aa28@group-193EEEFE86B1-LeaderElection6] INFO  server.RaftServerConfigKeys (ConfUtils.java:logGet(46)) - raft.server.write.element-limit = 1024 (custom)
2023-09-15 05:01:52,454 [729f921e-514b-472d-a5a3-7d6b9d90aa28@group-193EEEFE86B1-LeaderElection6] INFO  server.RaftServerConfigKeys (ConfUtils.java:logGet(46)) - raft.server.write.follower.gap.ratio.max = -1.0 (default)
2023-09-15 05:01:52,454 [729f921e-514b-472d-a5a3-7d6b9d90aa28@group-193EEEFE86B1-LeaderElection6] INFO  server.RaftServerConfigKeys (ConfUtils.java:logGet(46)) - raft.server.log.appender.snapshot.chunk.size.max = 16MB (=16777216) (default)
2023-09-15 05:01:52,454 [729f921e-514b-472d-a5a3-7d6b9d90aa28@group-193EEEFE86B1-LeaderElection6] INFO  server.RaftServerConfigKeys (ConfUtils.java:logGet(46)) - raft.server.log.appender.buffer.byte-limit = 33554432 (custom)
2023-09-15 05:01:52,455 [729f921e-514b-472d-a5a3-7d6b9d90aa28@group-193EEEFE86B1-LeaderElection6] INFO  server.RaftServerConfigKeys (ConfUtils.java:logGet(46)) - raft.server.log.appender.buffer.element-limit = 1 (custom)
2023-09-15 05:01:52,455 [729f921e-514b-472d-a5a3-7d6b9d90aa28@group-193EEEFE86B1-LeaderElection6] INFO  server.RaftServerConfigKeys (ConfUtils.java:logGet(46)) - raft.server.log.appender.wait-time.min = 10ms (default)
2023-09-15 05:01:52,455 [729f921e-514b-472d-a5a3-7d6b9d90aa28@group-193EEEFE86B1-LeaderElection6] INFO  grpc.GrpcConfigKeys (ConfUtils.java:logGet(46)) - raft.grpc.server.leader.outstanding.appends.max = 128 (default)
2023-09-15 05:01:52,455 [729f921e-514b-472d-a5a3-7d6b9d90aa28@group-193EEEFE86B1-LeaderElection6] INFO  server.RaftServerConfigKeys (ConfUtils.java:logGet(46)) - raft.server.rpc.request.timeout = 60s (custom)
2023-09-15 05:01:52,455 [729f921e-514b-472d-a5a3-7d6b9d90aa28@group-193EEEFE86B1-LeaderElection6] INFO  grpc.GrpcConfigKeys (ConfUtils.java:logGet(46)) - raft.grpc.server.install_snapshot.request.element-limit = 8 (default)
2023-09-15 05:01:52,455 [729f921e-514b-472d-a5a3-7d6b9d90aa28@group-193EEEFE86B1-LeaderElection6] INFO  grpc.GrpcConfigKeys (ConfUtils.java:logGet(46)) - raft.grpc.server.install_snapshot.request.timeout = 3000ms (default)
2023-09-15 05:01:52,455 [729f921e-514b-472d-a5a3-7d6b9d90aa28@group-193EEEFE86B1-LeaderElection6] INFO  server.RaftServerConfigKeys (ConfUtils.java:logGet(46)) - raft.server.log.appender.install.snapshot.enabled = false (custom)
2023-09-15 05:01:52,455 [729f921e-514b-472d-a5a3-7d6b9d90aa28@group-193EEEFE86B1-LeaderElection6] INFO  grpc.GrpcConfigKeys (ConfUtils.java:logGet(46)) - raft.grpc.server.heartbeat.channel = true (default)
2023-09-15 05:01:52,456 [729f921e-514b-472d-a5a3-7d6b9d90aa28@group-193EEEFE86B1-LeaderElection6] INFO  server.RaftServerConfigKeys (ConfUtils.java:logGet(46)) - raft.server.log.appender.snapshot.chunk.size.max = 16MB (=16777216) (default)
2023-09-15 05:01:52,456 [729f921e-514b-472d-a5a3-7d6b9d90aa28@group-193EEEFE86B1-LeaderElection6] INFO  server.RaftServerConfigKeys (ConfUtils.java:logGet(46)) - raft.server.log.appender.buffer.byte-limit = 33554432 (custom)
2023-09-15 05:01:52,456 [729f921e-514b-472d-a5a3-7d6b9d90aa28@group-193EEEFE86B1-LeaderElection6] INFO  server.RaftServerConfigKeys (ConfUtils.java:logGet(46)) - raft.server.log.appender.buffer.element-limit = 1 (custom)
2023-09-15 05:01:52,456 [729f921e-514b-472d-a5a3-7d6b9d90aa28@group-193EEEFE86B1-LeaderElection6] INFO  server.RaftServerConfigKeys (ConfUtils.java:logGet(46)) - raft.server.log.appender.wait-time.min = 10ms (default)
2023-09-15 05:01:52,456 [729f921e-514b-472d-a5a3-7d6b9d90aa28@group-193EEEFE86B1-LeaderElection6] INFO  grpc.GrpcConfigKeys (ConfUtils.java:logGet(46)) - raft.grpc.server.leader.outstanding.appends.max = 128 (default)
2023-09-15 05:01:52,456 [729f921e-514b-472d-a5a3-7d6b9d90aa28@group-193EEEFE86B1-LeaderElection6] INFO  server.RaftServerConfigKeys (ConfUtils.java:logGet(46)) - raft.server.rpc.request.timeout = 60s (custom)
2023-09-15 05:01:52,456 [729f921e-514b-472d-a5a3-7d6b9d90aa28@group-193EEEFE86B1-LeaderElection6] INFO  grpc.GrpcConfigKeys (ConfUtils.java:logGet(46)) - raft.grpc.server.install_snapshot.request.element-limit = 8 (default)
2023-09-15 05:01:52,456 [729f921e-514b-472d-a5a3-7d6b9d90aa28@group-193EEEFE86B1-LeaderElection6] INFO  grpc.GrpcConfigKeys (ConfUtils.java:logGet(46)) - raft.grpc.server.install_snapshot.request.timeout = 3000ms (default)
2023-09-15 05:01:52,456 [729f921e-514b-472d-a5a3-7d6b9d90aa28@group-193EEEFE86B1-LeaderElection6] INFO  server.RaftServerConfigKeys (ConfUtils.java:logGet(46)) - raft.server.log.appender.install.snapshot.enabled = false (custom)
2023-09-15 05:01:52,456 [729f921e-514b-472d-a5a3-7d6b9d90aa28@group-193EEEFE86B1-LeaderElection6] INFO  grpc.GrpcConfigKeys (ConfUtils.java:logGet(46)) - raft.grpc.server.heartbeat.channel = true (default)
2023-09-15 05:01:52,456 [729f921e-514b-472d-a5a3-7d6b9d90aa28@group-193EEEFE86B1-LeaderElection6] INFO  impl.RoleInfo (RoleInfo.java:updateAndGet(139)) - 729f921e-514b-472d-a5a3-7d6b9d90aa28: start 729f921e-514b-472d-a5a3-7d6b9d90aa28@group-193EEEFE86B1-LeaderStateImpl
2023-09-15 05:01:52,457 [729f921e-514b-472d-a5a3-7d6b9d90aa28@group-193EEEFE86B1-LeaderElection6] INFO  segmented.SegmentedRaftLogWorker (SegmentedRaftLogWorker.java:startLogSegment(447)) - 729f921e-514b-472d-a5a3-7d6b9d90aa28@group-193EEEFE86B1-SegmentedRaftLogWorker: Starting segment from index:0
2023-09-15 05:01:52,459 [EventQueue-PipelineReportForPipelineReportHandler] INFO  pipeline.PipelineReportHandler (PipelineReportHandler.java:processPipelineReport(136)) - Opened pipeline PipelineID=93ce8fe8-8840-4965-87c0-193eeefe86b1
2023-09-15 05:01:52,463 [grpc-default-executor-2] INFO  server.RaftServer$Division (RaftServerImpl.java:requestVote(1302)) - 729f921e-514b-472d-a5a3-7d6b9d90aa28@group-193EEEFE86B1: receive requestVote(PRE_VOTE, 3b898b8b-8841-452f-b538-8e8d26c8d287, group-193EEEFE86B1, 0, (t:0, i:0))
2023-09-15 05:01:52,463 [grpc-default-executor-0] INFO  server.RaftServer$Division (RaftServerImpl.java:requestVote(1302)) - 3b898b8b-8841-452f-b538-8e8d26c8d287@group-193EEEFE86B1: receive requestVote(ELECTION, 729f921e-514b-472d-a5a3-7d6b9d90aa28, group-193EEEFE86B1, 1, (t:0, i:0))
2023-09-15 05:01:52,463 [grpc-default-executor-3] INFO  server.RaftServer$Division (RaftServerImpl.java:requestVote(1302)) - dd1e58ff-ca4a-47cb-ae71-8fc517aad200@group-193EEEFE86B1: receive requestVote(PRE_VOTE, 3b898b8b-8841-452f-b538-8e8d26c8d287, group-193EEEFE86B1, 0, (t:0, i:0))
2023-09-15 05:01:52,463 [grpc-default-executor-0] INFO  impl.VoteContext (VoteContext.java:log(49)) - 3b898b8b-8841-452f-b538-8e8d26c8d287@group-193EEEFE86B1-CANDIDATE: accept ELECTION from 729f921e-514b-472d-a5a3-7d6b9d90aa28: our priority 0 <= candidate's priority 1
2023-09-15 05:01:52,463 [grpc-default-executor-3] INFO  impl.VoteContext (VoteContext.java:log(49)) - dd1e58ff-ca4a-47cb-ae71-8fc517aad200@group-193EEEFE86B1-FOLLOWER: accept PRE_VOTE from 3b898b8b-8841-452f-b538-8e8d26c8d287: our priority 0 <= candidate's priority 0
2023-09-15 05:01:52,463 [grpc-default-executor-0] INFO  server.RaftServer$Division (RaftServerImpl.java:setRole(329)) - 3b898b8b-8841-452f-b538-8e8d26c8d287@group-193EEEFE86B1: changes role from CANDIDATE to FOLLOWER at term 1 for candidate:729f921e-514b-472d-a5a3-7d6b9d90aa28
2023-09-15 05:01:52,463 [grpc-default-executor-0] INFO  impl.RoleInfo (RoleInfo.java:shutdownLeaderElection(130)) - 3b898b8b-8841-452f-b538-8e8d26c8d287: shutdown 3b898b8b-8841-452f-b538-8e8d26c8d287@group-193EEEFE86B1-LeaderElection7
2023-09-15 05:01:52,463 [grpc-default-executor-3] INFO  server.RaftServer$Division (RaftServerImpl.java:requestVote(1335)) - dd1e58ff-ca4a-47cb-ae71-8fc517aad200@group-193EEEFE86B1 replies to PRE_VOTE vote request: 3b898b8b-8841-452f-b538-8e8d26c8d287<-dd1e58ff-ca4a-47cb-ae71-8fc517aad200#0:OK-t1. Peer's state: dd1e58ff-ca4a-47cb-ae71-8fc517aad200@group-193EEEFE86B1:t1, leader=null, voted=729f921e-514b-472d-a5a3-7d6b9d90aa28, raftlog=Memoized:dd1e58ff-ca4a-47cb-ae71-8fc517aad200@group-193EEEFE86B1-SegmentedRaftLog:OPENED:c-1, conf=-1: peers:[dd1e58ff-ca4a-47cb-ae71-8fc517aad200|rpc:10.1.0.24:15023|admin:10.1.0.24:15022|client:10.1.0.24:15021|dataStream:10.1.0.24:15024|priority:0|startupRole:FOLLOWER, 3b898b8b-8841-452f-b538-8e8d26c8d287|rpc:10.1.0.24:15014|admin:10.1.0.24:15013|client:10.1.0.24:15012|dataStream:10.1.0.24:15015|priority:0|startupRole:FOLLOWER, 729f921e-514b-472d-a5a3-7d6b9d90aa28|rpc:10.1.0.24:15032|admin:10.1.0.24:15031|client:10.1.0.24:15030|dataStream:10.1.0.24:15033|priority:1|startupRole:FOLLOWER]|listeners:[], old=null
2023-09-15 05:01:52,463 [729f921e-514b-472d-a5a3-7d6b9d90aa28@group-193EEEFE86B1-SegmentedRaftLogWorker] INFO  segmented.SegmentedRaftLogWorker (SegmentedRaftLogWorker.java:execute(651)) - 729f921e-514b-472d-a5a3-7d6b9d90aa28@group-193EEEFE86B1-SegmentedRaftLogWorker: created new log segment /home/runner/work/ozone/ozone/hadoop-ozone/integration-test/target/test-dir/MiniOzoneClusterImpl-0a18362f-1832-4b81-b629-935968d04e12/datanode-2/data/ratis/93ce8fe8-8840-4965-87c0-193eeefe86b1/current/log_inprogress_0
2023-09-15 05:01:52,478 [grpc-default-executor-0] INFO  impl.RoleInfo (RoleInfo.java:updateAndGet(139)) - 3b898b8b-8841-452f-b538-8e8d26c8d287: start 3b898b8b-8841-452f-b538-8e8d26c8d287@group-193EEEFE86B1-FollowerState
2023-09-15 05:01:52,489 [729f921e-514b-472d-a5a3-7d6b9d90aa28@group-193EEEFE86B1-LeaderElection6] INFO  server.RaftServer$Division (ServerState.java:setRaftConf(434)) - 729f921e-514b-472d-a5a3-7d6b9d90aa28@group-193EEEFE86B1: set configuration 0: peers:[dd1e58ff-ca4a-47cb-ae71-8fc517aad200|rpc:10.1.0.24:15023|admin:10.1.0.24:15022|client:10.1.0.24:15021|dataStream:10.1.0.24:15024|priority:0|startupRole:FOLLOWER, 3b898b8b-8841-452f-b538-8e8d26c8d287|rpc:10.1.0.24:15014|admin:10.1.0.24:15013|client:10.1.0.24:15012|dataStream:10.1.0.24:15015|priority:0|startupRole:FOLLOWER, 729f921e-514b-472d-a5a3-7d6b9d90aa28|rpc:10.1.0.24:15032|admin:10.1.0.24:15031|client:10.1.0.24:15030|dataStream:10.1.0.24:15033|priority:1|startupRole:FOLLOWER]|listeners:[], old=null
2023-09-15 05:01:52,490 [grpc-default-executor-2] INFO  impl.VoteContext (VoteContext.java:log(49)) - 729f921e-514b-472d-a5a3-7d6b9d90aa28@group-193EEEFE86B1-LEADER: reject PRE_VOTE from 3b898b8b-8841-452f-b538-8e8d26c8d287: this server is the leader and still has leadership
2023-09-15 05:01:52,490 [grpc-default-executor-2] INFO  server.RaftServer$Division (RaftServerImpl.java:requestVote(1335)) - 729f921e-514b-472d-a5a3-7d6b9d90aa28@group-193EEEFE86B1 replies to PRE_VOTE vote request: 3b898b8b-8841-452f-b538-8e8d26c8d287<-729f921e-514b-472d-a5a3-7d6b9d90aa28#0:FAIL-t1. Peer's state: 729f921e-514b-472d-a5a3-7d6b9d90aa28@group-193EEEFE86B1:t1, leader=729f921e-514b-472d-a5a3-7d6b9d90aa28, voted=729f921e-514b-472d-a5a3-7d6b9d90aa28, raftlog=Memoized:729f921e-514b-472d-a5a3-7d6b9d90aa28@group-193EEEFE86B1-SegmentedRaftLog:OPENED:c-1, conf=0: peers:[dd1e58ff-ca4a-47cb-ae71-8fc517aad200|rpc:10.1.0.24:15023|admin:10.1.0.24:15022|client:10.1.0.24:15021|dataStream:10.1.0.24:15024|priority:0|startupRole:FOLLOWER, 3b898b8b-8841-452f-b538-8e8d26c8d287|rpc:10.1.0.24:15014|admin:10.1.0.24:15013|client:10.1.0.24:15012|dataStream:10.1.0.24:15015|priority:0|startupRole:FOLLOWER, 729f921e-514b-472d-a5a3-7d6b9d90aa28|rpc:10.1.0.24:15032|admin:10.1.0.24:15031|client:10.1.0.24:15030|dataStream:10.1.0.24:15033|priority:1|startupRole:FOLLOWER]|listeners:[], old=null
2023-09-15 05:01:52,496 [3b898b8b-8841-452f-b538-8e8d26c8d287@group-193EEEFE86B1-LeaderElection7] INFO  impl.LeaderElection (LeaderElection.java:logAndReturn(90)) - 3b898b8b-8841-452f-b538-8e8d26c8d287@group-193EEEFE86B1-LeaderElection7: PRE_VOTE DISCOVERED_A_NEW_TERM (term=1) received 1 response(s) and 0 exception(s):
2023-09-15 05:01:52,496 [3b898b8b-8841-452f-b538-8e8d26c8d287@group-193EEEFE86B1-LeaderElection7] INFO  impl.LeaderElection (LeaderElection.java:logAndReturn(94)) -   Response 0: 3b898b8b-8841-452f-b538-8e8d26c8d287<-dd1e58ff-ca4a-47cb-ae71-8fc517aad200#0:OK-t1
2023-09-15 05:01:52,496 [grpc-default-executor-0] INFO  server.RaftServer$Division (RaftServerImpl.java:requestVote(1335)) - 3b898b8b-8841-452f-b538-8e8d26c8d287@group-193EEEFE86B1 replies to ELECTION vote request: 729f921e-514b-472d-a5a3-7d6b9d90aa28<-3b898b8b-8841-452f-b538-8e8d26c8d287#0:OK-t1. Peer's state: 3b898b8b-8841-452f-b538-8e8d26c8d287@group-193EEEFE86B1:t1, leader=null, voted=729f921e-514b-472d-a5a3-7d6b9d90aa28, raftlog=Memoized:3b898b8b-8841-452f-b538-8e8d26c8d287@group-193EEEFE86B1-SegmentedRaftLog:OPENED:c-1, conf=-1: peers:[dd1e58ff-ca4a-47cb-ae71-8fc517aad200|rpc:10.1.0.24:15023|admin:10.1.0.24:15022|client:10.1.0.24:15021|dataStream:10.1.0.24:15024|priority:0|startupRole:FOLLOWER, 3b898b8b-8841-452f-b538-8e8d26c8d287|rpc:10.1.0.24:15014|admin:10.1.0.24:15013|client:10.1.0.24:15012|dataStream:10.1.0.24:15015|priority:0|startupRole:FOLLOWER, 729f921e-514b-472d-a5a3-7d6b9d90aa28|rpc:10.1.0.24:15032|admin:10.1.0.24:15031|client:10.1.0.24:15030|dataStream:10.1.0.24:15033|priority:1|startupRole:FOLLOWER]|listeners:[], old=null
2023-09-15 05:01:52,498 [dd1e58ff-ca4a-47cb-ae71-8fc517aad200-server-thread1] INFO  ratis.XceiverServerRatis (XceiverServerRatis.java:handleLeaderChangedNotification(902)) - Leader change notification received for group: group-193EEEFE86B1 with new leaderId: 729f921e-514b-472d-a5a3-7d6b9d90aa28
2023-09-15 05:01:52,498 [dd1e58ff-ca4a-47cb-ae71-8fc517aad200-server-thread1] INFO  server.RaftServer$Division (ServerState.java:setLeader(317)) - dd1e58ff-ca4a-47cb-ae71-8fc517aad200@group-193EEEFE86B1: change Leader from null to 729f921e-514b-472d-a5a3-7d6b9d90aa28 at term 1 for appendEntries, leader elected after 5158ms
2023-09-15 05:01:52,502 [3b898b8b-8841-452f-b538-8e8d26c8d287@group-193EEEFE86B1-LeaderElection7] INFO  impl.LeaderElection (LeaderElection.java:askForVotes(323)) - 3b898b8b-8841-452f-b538-8e8d26c8d287@group-193EEEFE86B1-LeaderElection7 PRE_VOTE round 0: result DISCOVERED_A_NEW_TERM (term=1)
2023-09-15 05:01:52,515 [3b898b8b-8841-452f-b538-8e8d26c8d287-server-thread2] INFO  ratis.XceiverServerRatis (XceiverServerRatis.java:handleLeaderChangedNotification(902)) - Leader change notification received for group: group-193EEEFE86B1 with new leaderId: 729f921e-514b-472d-a5a3-7d6b9d90aa28
2023-09-15 05:01:52,515 [3b898b8b-8841-452f-b538-8e8d26c8d287-server-thread2] INFO  server.RaftServer$Division (ServerState.java:setLeader(317)) - 3b898b8b-8841-452f-b538-8e8d26c8d287@group-193EEEFE86B1: change Leader from null to 729f921e-514b-472d-a5a3-7d6b9d90aa28 at term 1 for appendEntries, leader elected after 5227ms
2023-09-15 05:01:52,520 [3b898b8b-8841-452f-b538-8e8d26c8d287-server-thread2] INFO  server.RaftServer$Division (ServerState.java:setRaftConf(434)) - 3b898b8b-8841-452f-b538-8e8d26c8d287@group-193EEEFE86B1: set configuration 0: peers:[dd1e58ff-ca4a-47cb-ae71-8fc517aad200|rpc:10.1.0.24:15023|admin:10.1.0.24:15022|client:10.1.0.24:15021|dataStream:10.1.0.24:15024|priority:0|startupRole:FOLLOWER, 3b898b8b-8841-452f-b538-8e8d26c8d287|rpc:10.1.0.24:15014|admin:10.1.0.24:15013|client:10.1.0.24:15012|dataStream:10.1.0.24:15015|priority:0|startupRole:FOLLOWER, 729f921e-514b-472d-a5a3-7d6b9d90aa28|rpc:10.1.0.24:15032|admin:10.1.0.24:15031|client:10.1.0.24:15030|dataStream:10.1.0.24:15033|priority:1|startupRole:FOLLOWER]|listeners:[], old=null
2023-09-15 05:01:52,520 [3b898b8b-8841-452f-b538-8e8d26c8d287-server-thread2] INFO  segmented.SegmentedRaftLogWorker (SegmentedRaftLogWorker.java:startLogSegment(447)) - 3b898b8b-8841-452f-b538-8e8d26c8d287@group-193EEEFE86B1-SegmentedRaftLogWorker: Starting segment from index:0
2023-09-15 05:01:52,523 [dd1e58ff-ca4a-47cb-ae71-8fc517aad200-server-thread3] INFO  server.RaftServer$Division (ServerState.java:setRaftConf(434)) - dd1e58ff-ca4a-47cb-ae71-8fc517aad200@group-193EEEFE86B1: set configuration 0: peers:[dd1e58ff-ca4a-47cb-ae71-8fc517aad200|rpc:10.1.0.24:15023|admin:10.1.0.24:15022|client:10.1.0.24:15021|dataStream:10.1.0.24:15024|priority:0|startupRole:FOLLOWER, 3b898b8b-8841-452f-b538-8e8d26c8d287|rpc:10.1.0.24:15014|admin:10.1.0.24:15013|client:10.1.0.24:15012|dataStream:10.1.0.24:15015|priority:0|startupRole:FOLLOWER, 729f921e-514b-472d-a5a3-7d6b9d90aa28|rpc:10.1.0.24:15032|admin:10.1.0.24:15031|client:10.1.0.24:15030|dataStream:10.1.0.24:15033|priority:1|startupRole:FOLLOWER]|listeners:[], old=null
2023-09-15 05:01:52,524 [3b898b8b-8841-452f-b538-8e8d26c8d287@group-193EEEFE86B1-SegmentedRaftLogWorker] INFO  segmented.SegmentedRaftLogWorker (SegmentedRaftLogWorker.java:execute(651)) - 3b898b8b-8841-452f-b538-8e8d26c8d287@group-193EEEFE86B1-SegmentedRaftLogWorker: created new log segment /home/runner/work/ozone/ozone/hadoop-ozone/integration-test/target/test-dir/MiniOzoneClusterImpl-0a18362f-1832-4b81-b629-935968d04e12/datanode-0/data/ratis/93ce8fe8-8840-4965-87c0-193eeefe86b1/current/log_inprogress_0
2023-09-15 05:01:52,524 [dd1e58ff-ca4a-47cb-ae71-8fc517aad200-server-thread3] INFO  segmented.SegmentedRaftLogWorker (SegmentedRaftLogWorker.java:startLogSegment(447)) - dd1e58ff-ca4a-47cb-ae71-8fc517aad200@group-193EEEFE86B1-SegmentedRaftLogWorker: Starting segment from index:0
2023-09-15 05:01:52,525 [dd1e58ff-ca4a-47cb-ae71-8fc517aad200@group-193EEEFE86B1-SegmentedRaftLogWorker] INFO  segmented.SegmentedRaftLogWorker (SegmentedRaftLogWorker.java:execute(651)) - dd1e58ff-ca4a-47cb-ae71-8fc517aad200@group-193EEEFE86B1-SegmentedRaftLogWorker: created new log segment /home/runner/work/ozone/ozone/hadoop-ozone/integration-test/target/test-dir/MiniOzoneClusterImpl-0a18362f-1832-4b81-b629-935968d04e12/datanode-1/data/ratis/93ce8fe8-8840-4965-87c0-193eeefe86b1/current/log_inprogress_0
2023-09-15 05:01:52,595 [0a6fa645-f909-40e7-9d0d-0c6da806ec87@group-A0C906569A0D-FollowerState] INFO  impl.FollowerState (FollowerState.java:run(143)) - 0a6fa645-f909-40e7-9d0d-0c6da806ec87@group-A0C906569A0D-FollowerState: change to CANDIDATE, lastRpcElapsedTime:5008262627ns, electionTimeout:5003ms
2023-09-15 05:01:52,595 [0a6fa645-f909-40e7-9d0d-0c6da806ec87@group-A0C906569A0D-FollowerState] INFO  impl.RoleInfo (RoleInfo.java:shutdownFollowerState(110)) - 0a6fa645-f909-40e7-9d0d-0c6da806ec87: shutdown 0a6fa645-f909-40e7-9d0d-0c6da806ec87@group-A0C906569A0D-FollowerState
2023-09-15 05:01:52,595 [0a6fa645-f909-40e7-9d0d-0c6da806ec87@group-A0C906569A0D-FollowerState] INFO  server.RaftServer$Division (RaftServerImpl.java:setRole(329)) - 0a6fa645-f909-40e7-9d0d-0c6da806ec87@group-A0C906569A0D: changes role from  FOLLOWER to CANDIDATE at term 0 for changeToCandidate
2023-09-15 05:01:52,595 [0a6fa645-f909-40e7-9d0d-0c6da806ec87@group-A0C906569A0D-FollowerState] INFO  server.RaftServerConfigKeys (ConfUtils.java:logGet(46)) - raft.server.leaderelection.pre-vote = true (default)
2023-09-15 05:01:52,595 [0a6fa645-f909-40e7-9d0d-0c6da806ec87@group-A0C906569A0D-FollowerState] INFO  impl.RoleInfo (RoleInfo.java:updateAndGet(139)) - 0a6fa645-f909-40e7-9d0d-0c6da806ec87: start 0a6fa645-f909-40e7-9d0d-0c6da806ec87@group-A0C906569A0D-LeaderElection8
2023-09-15 05:01:53,196 [0a6fa645-f909-40e7-9d0d-0c6da806ec87@group-EB771131E1C7-FollowerState] WARN  impl.FollowerState (FollowerState.java:run(130)) - Unexpected long sleep: sleep 5076ms but took extra 339868681ns (> threshold = 300ms)
2023-09-15 05:01:53,196 [0a6fa645-f909-40e7-9d0d-0c6da806ec87@group-EB771131E1C7-FollowerState] INFO  server.RaftServerConfigKeys (ConfUtils.java:logFallback(53)) - raft.server.rpc.first-election.timeout.min = 5s (fallback to raft.server.rpc.timeout.min)
2023-09-15 05:01:53,196 [0a6fa645-f909-40e7-9d0d-0c6da806ec87@group-EB771131E1C7-FollowerState] INFO  server.RaftServerConfigKeys (ConfUtils.java:logFallback(53)) - raft.server.rpc.first-election.timeout.max = 5200ms (fallback to raft.server.rpc.timeout.max)
2023-09-15 05:01:53,196 [JvmPauseMonitor1] WARN  util.JvmPauseMonitor (JvmPauseMonitor.java:detectPause(124)) - JvmPauseMonitor-om1: Detected pause in JVM or host machine approximately 0.381s with 0.589s GC time.
GC pool 'PS MarkSweep' had collection(s): count=1 time=451ms
GC pool 'PS Scavenge' had collection(s): count=1 time=138ms
2023-09-15 05:01:53,198 [0a6fa645-f909-40e7-9d0d-0c6da806ec87@group-8B57097445FE-FollowerState] WARN  impl.FollowerState (FollowerState.java:run(130)) - Unexpected long sleep: sleep 5153ms but took extra 417762475ns (> threshold = 300ms)
2023-09-15 05:01:53,198 [0a6fa645-f909-40e7-9d0d-0c6da806ec87@group-8B57097445FE-FollowerState] INFO  server.RaftServerConfigKeys (ConfUtils.java:logFallback(53)) - raft.server.rpc.first-election.timeout.min = 5s (fallback to raft.server.rpc.timeout.min)
2023-09-15 05:01:53,199 [0a6fa645-f909-40e7-9d0d-0c6da806ec87@group-8B57097445FE-FollowerState] INFO  server.RaftServerConfigKeys (ConfUtils.java:logFallback(53)) - raft.server.rpc.first-election.timeout.max = 5200ms (fallback to raft.server.rpc.timeout.max)
2023-09-15 05:01:53,203 [JvmPauseMonitor7] WARN  util.JvmPauseMonitor (JvmPauseMonitor.java:detectPause(124)) - JvmPauseMonitor-ddd75f10-d1e9-4189-b9ef-e4896743935a: Detected pause in JVM or host machine approximately 0.473s with 0.589s GC time.
GC pool 'PS MarkSweep' had collection(s): count=1 time=451ms
GC pool 'PS Scavenge' had collection(s): count=1 time=138ms
2023-09-15 05:01:53,203 [JvmPauseMonitor3] WARN  util.JvmPauseMonitor (JvmPauseMonitor.java:detectPause(124)) - JvmPauseMonitor-dd1e58ff-ca4a-47cb-ae71-8fc517aad200: Detected pause in JVM or host machine approximately 0.473s with 0.589s GC time.
GC pool 'PS MarkSweep' had collection(s): count=1 time=451ms
GC pool 'PS Scavenge' had collection(s): count=1 time=138ms
2023-09-15 05:01:53,204 [JvmPauseMonitor8] WARN  util.JvmPauseMonitor (JvmPauseMonitor.java:detectPause(124)) - JvmPauseMonitor-49835f94-14b4-44df-a6e0-f69154e42310: Detected pause in JVM or host machine approximately 0.477s with 0.589s GC time.
GC pool 'PS MarkSweep' had collection(s): count=1 time=451ms
GC pool 'PS Scavenge' had collection(s): count=1 time=138ms
2023-09-15 05:01:53,204 [JvmPauseMonitor9] WARN  util.JvmPauseMonitor (JvmPauseMonitor.java:detectPause(124)) - JvmPauseMonitor-386b2284-1126-4572-992a-9634c883c70a: Detected pause in JVM or host machine approximately 0.478s with 0.589s GC time.
GC pool 'PS MarkSweep' had collection(s): count=1 time=451ms
GC pool 'PS Scavenge' had collection(s): count=1 time=138ms
2023-09-15 05:01:53,204 [JvmPauseMonitor2] WARN  util.JvmPauseMonitor (JvmPauseMonitor.java:detectPause(124)) - JvmPauseMonitor-3b898b8b-8841-452f-b538-8e8d26c8d287: Detected pause in JVM or host machine approximately 0.480s with 0.589s GC time.
GC pool 'PS MarkSweep' had collection(s): count=1 time=451ms
GC pool 'PS Scavenge' had collection(s): count=1 time=138ms
2023-09-15 05:01:53,205 [JvmPauseMonitor10] WARN  util.JvmPauseMonitor (JvmPauseMonitor.java:detectPause(124)) - JvmPauseMonitor-ba5cf16e-7b97-4e1d-8791-bccb4873d66e: Detected pause in JVM or host machine approximately 0.480s with 0.589s GC time.
GC pool 'PS MarkSweep' had collection(s): count=1 time=451ms
GC pool 'PS Scavenge' had collection(s): count=1 time=138ms
2023-09-15 05:01:53,205 [JvmPauseMonitor11] WARN  util.JvmPauseMonitor (JvmPauseMonitor.java:detectPause(124)) - JvmPauseMonitor-578440bc-c25e-4c80-bfb5-6b6f6462e7c6: Detected pause in JVM or host machine approximately 0.488s with 0.589s GC time.
GC pool 'PS MarkSweep' had collection(s): count=1 time=451ms
GC pool 'PS Scavenge' had collection(s): count=1 time=138ms
2023-09-15 05:01:53,205 [JvmPauseMonitor0] WARN  util.JvmPauseMonitor (JvmPauseMonitor.java:detectPause(124)) - JvmPauseMonitor-5d3e2595-dea5-4fd1-9d34-73e13793f983: Detected pause in JVM or host machine approximately 0.499s with 0.589s GC time.
GC pool 'PS MarkSweep' had collection(s): count=1 time=451ms
GC pool 'PS Scavenge' had collection(s): count=1 time=138ms
2023-09-15 05:01:53,205 [JvmPauseMonitor5] WARN  util.JvmPauseMonitor (JvmPauseMonitor.java:detectPause(124)) - JvmPauseMonitor-0a6fa645-f909-40e7-9d0d-0c6da806ec87: Detected pause in JVM or host machine approximately 0.499s with 0.589s GC time.
GC pool 'PS MarkSweep' had collection(s): count=1 time=451ms
GC pool 'PS Scavenge' had collection(s): count=1 time=138ms
2023-09-15 05:01:53,214 [JvmPauseMonitor6] WARN  util.JvmPauseMonitor (JvmPauseMonitor.java:detectPause(124)) - JvmPauseMonitor-01e3e3a9-29b9-4c52-904d-7d79db62114f: Detected pause in JVM or host machine approximately 0.463s with 0.589s GC time.
GC pool 'PS MarkSweep' had collection(s): count=1 time=451ms
GC pool 'PS Scavenge' had collection(s): count=1 time=138ms
2023-09-15 05:01:53,214 [01e3e3a9-29b9-4c52-904d-7d79db62114f@group-8B57097445FE-FollowerState] WARN  impl.FollowerState (FollowerState.java:run(130)) - Unexpected long sleep: sleep 5004ms but took extra 459610670ns (> threshold = 300ms)
2023-09-15 05:01:53,214 [01e3e3a9-29b9-4c52-904d-7d79db62114f@group-8B57097445FE-FollowerState] INFO  server.RaftServerConfigKeys (ConfUtils.java:logFallback(53)) - raft.server.rpc.first-election.timeout.min = 5s (fallback to raft.server.rpc.timeout.min)
2023-09-15 05:01:53,214 [01e3e3a9-29b9-4c52-904d-7d79db62114f@group-8B57097445FE-FollowerState] INFO  server.RaftServerConfigKeys (ConfUtils.java:logFallback(53)) - raft.server.rpc.first-election.timeout.max = 5200ms (fallback to raft.server.rpc.timeout.max)
2023-09-15 05:01:53,214 [ddd75f10-d1e9-4189-b9ef-e4896743935a@group-8B57097445FE-FollowerState] WARN  impl.FollowerState (FollowerState.java:run(130)) - Unexpected long sleep: sleep 5073ms but took extra 468057217ns (> threshold = 300ms)
2023-09-15 05:01:53,214 [ddd75f10-d1e9-4189-b9ef-e4896743935a@group-8B57097445FE-FollowerState] INFO  server.RaftServerConfigKeys (ConfUtils.java:logFallback(53)) - raft.server.rpc.first-election.timeout.min = 5s (fallback to raft.server.rpc.timeout.min)
2023-09-15 05:01:53,214 [ddd75f10-d1e9-4189-b9ef-e4896743935a@group-8B57097445FE-FollowerState] INFO  server.RaftServerConfigKeys (ConfUtils.java:logFallback(53)) - raft.server.rpc.first-election.timeout.max = 5200ms (fallback to raft.server.rpc.timeout.max)
2023-09-15 05:01:53,211 [JvmPauseMonitor4] WARN  util.JvmPauseMonitor (JvmPauseMonitor.java:detectPause(124)) - JvmPauseMonitor-729f921e-514b-472d-a5a3-7d6b9d90aa28: Detected pause in JVM or host machine approximately 0.501s with 0.589s GC time.
GC pool 'PS MarkSweep' had collection(s): count=1 time=451ms
GC pool 'PS Scavenge' had collection(s): count=1 time=138ms
2023-09-15 05:01:53,223 [0a6fa645-f909-40e7-9d0d-0c6da806ec87@group-A0C906569A0D-LeaderElection8] INFO  impl.LeaderElection (LeaderElection.java:askForVotes(321)) - 0a6fa645-f909-40e7-9d0d-0c6da806ec87@group-A0C906569A0D-LeaderElection8 PRE_VOTE round 0: submit vote requests at term 0 for -1: peers:[0a6fa645-f909-40e7-9d0d-0c6da806ec87|rpc:10.1.0.24:15041|admin:10.1.0.24:15040|client:10.1.0.24:15039|dataStream:10.1.0.24:15042|priority:1|startupRole:FOLLOWER]|listeners:[], old=null
2023-09-15 05:01:53,223 [0a6fa645-f909-40e7-9d0d-0c6da806ec87@group-A0C906569A0D-LeaderElection8] INFO  impl.LeaderElection (LeaderElection.java:askForVotes(323)) - 0a6fa645-f909-40e7-9d0d-0c6da806ec87@group-A0C906569A0D-LeaderElection8 PRE_VOTE round 0: result PASSED (term=0)
2023-09-15 05:01:53,229 [0a6fa645-f909-40e7-9d0d-0c6da806ec87@group-A0C906569A0D-LeaderElection8] INFO  impl.LeaderElection (LeaderElection.java:askForVotes(321)) - 0a6fa645-f909-40e7-9d0d-0c6da806ec87@group-A0C906569A0D-LeaderElection8 ELECTION round 0: submit vote requests at term 1 for -1: peers:[0a6fa645-f909-40e7-9d0d-0c6da806ec87|rpc:10.1.0.24:15041|admin:10.1.0.24:15040|client:10.1.0.24:15039|dataStream:10.1.0.24:15042|priority:1|startupRole:FOLLOWER]|listeners:[], old=null
2023-09-15 05:01:53,229 [0a6fa645-f909-40e7-9d0d-0c6da806ec87@group-A0C906569A0D-LeaderElection8] INFO  impl.LeaderElection (LeaderElection.java:askForVotes(323)) - 0a6fa645-f909-40e7-9d0d-0c6da806ec87@group-A0C906569A0D-LeaderElection8 ELECTION round 0: result PASSED (term=1)
2023-09-15 05:01:53,229 [0a6fa645-f909-40e7-9d0d-0c6da806ec87@group-A0C906569A0D-LeaderElection8] INFO  impl.RoleInfo (RoleInfo.java:shutdownLeaderElection(130)) - 0a6fa645-f909-40e7-9d0d-0c6da806ec87: shutdown 0a6fa645-f909-40e7-9d0d-0c6da806ec87@group-A0C906569A0D-LeaderElection8
2023-09-15 05:01:53,229 [0a6fa645-f909-40e7-9d0d-0c6da806ec87@group-A0C906569A0D-LeaderElection8] INFO  server.RaftServer$Division (RaftServerImpl.java:setRole(329)) - 0a6fa645-f909-40e7-9d0d-0c6da806ec87@group-A0C906569A0D: changes role from CANDIDATE to LEADER at term 1 for changeToLeader
2023-09-15 05:01:53,229 [0a6fa645-f909-40e7-9d0d-0c6da806ec87@group-A0C906569A0D-LeaderElection8] INFO  ratis.XceiverServerRatis (XceiverServerRatis.java:handleLeaderChangedNotification(902)) - Leader change notification received for group: group-A0C906569A0D with new leaderId: 0a6fa645-f909-40e7-9d0d-0c6da806ec87
2023-09-15 05:01:53,229 [0a6fa645-f909-40e7-9d0d-0c6da806ec87@group-A0C906569A0D-LeaderElection8] INFO  server.RaftServer$Division (ServerState.java:setLeader(317)) - 0a6fa645-f909-40e7-9d0d-0c6da806ec87@group-A0C906569A0D: change Leader from null to 0a6fa645-f909-40e7-9d0d-0c6da806ec87 at term 1 for becomeLeader, leader elected after 5675ms
2023-09-15 05:01:53,229 [0a6fa645-f909-40e7-9d0d-0c6da806ec87@group-A0C906569A0D-LeaderElection8] INFO  server.RaftServerConfigKeys (ConfUtils.java:logGet(46)) - raft.server.staging.catchup.gap = 1000 (default)
2023-09-15 05:01:53,230 [0a6fa645-f909-40e7-9d0d-0c6da806ec87@group-A0C906569A0D-LeaderElection8] INFO  server.RaftServerConfigKeys (ConfUtils.java:logGet(46)) - raft.server.write.element-limit = 1024 (custom)
2023-09-15 05:01:53,230 [0a6fa645-f909-40e7-9d0d-0c6da806ec87@group-A0C906569A0D-LeaderElection8] INFO  server.RaftServerConfigKeys (ConfUtils.java:logGet(46)) - raft.server.write.byte-limit = 1024 M (=1073741824) (custom)
2023-09-15 05:01:53,230 [0a6fa645-f909-40e7-9d0d-0c6da806ec87@group-A0C906569A0D-LeaderElection8] INFO  server.RaftServerConfigKeys (ConfUtils.java:logGet(46)) - raft.server.watch.timeout = 180s (custom)
2023-09-15 05:01:53,230 [0a6fa645-f909-40e7-9d0d-0c6da806ec87@group-A0C906569A0D-LeaderElection8] INFO  server.RaftServerConfigKeys (ConfUtils.java:logGet(46)) - raft.server.watch.timeout.denomination = 1s (default)
2023-09-15 05:01:53,230 [0a6fa645-f909-40e7-9d0d-0c6da806ec87@group-A0C906569A0D-LeaderElection8] INFO  server.RaftServerConfigKeys (ConfUtils.java:logGet(46)) - raft.server.watch.element-limit = 65536 (default)
2023-09-15 05:01:53,230 [0a6fa645-f909-40e7-9d0d-0c6da806ec87@group-A0C906569A0D-LeaderElection8] INFO  server.RaftServerConfigKeys (ConfUtils.java:logGet(46)) - raft.server.write.element-limit = 1024 (custom)
2023-09-15 05:01:53,230 [0a6fa645-f909-40e7-9d0d-0c6da806ec87@group-A0C906569A0D-LeaderElection8] INFO  server.RaftServerConfigKeys (ConfUtils.java:logGet(46)) - raft.server.write.follower.gap.ratio.max = -1.0 (default)
2023-09-15 05:01:53,230 [0a6fa645-f909-40e7-9d0d-0c6da806ec87@group-A0C906569A0D-LeaderElection8] INFO  impl.RoleInfo (RoleInfo.java:updateAndGet(139)) - 0a6fa645-f909-40e7-9d0d-0c6da806ec87: start 0a6fa645-f909-40e7-9d0d-0c6da806ec87@group-A0C906569A0D-LeaderStateImpl
2023-09-15 05:01:53,231 [0a6fa645-f909-40e7-9d0d-0c6da806ec87@group-A0C906569A0D-LeaderElection8] INFO  segmented.SegmentedRaftLogWorker (SegmentedRaftLogWorker.java:startLogSegment(447)) - 0a6fa645-f909-40e7-9d0d-0c6da806ec87@group-A0C906569A0D-SegmentedRaftLogWorker: Starting segment from index:0
2023-09-15 05:01:53,233 [0a6fa645-f909-40e7-9d0d-0c6da806ec87@group-A0C906569A0D-SegmentedRaftLogWorker] INFO  segmented.SegmentedRaftLogWorker (SegmentedRaftLogWorker.java:execute(651)) - 0a6fa645-f909-40e7-9d0d-0c6da806ec87@group-A0C906569A0D-SegmentedRaftLogWorker: created new log segment /home/runner/work/ozone/ozone/hadoop-ozone/integration-test/target/test-dir/MiniOzoneClusterImpl-0a18362f-1832-4b81-b629-935968d04e12/datanode-3/data/ratis/5f1a1bfc-b2f2-44f4-b5c2-a0c906569a0d/current/log_inprogress_0
2023-09-15 05:01:53,245 [0a6fa645-f909-40e7-9d0d-0c6da806ec87@group-A0C906569A0D-LeaderElection8] INFO  server.RaftServer$Division (ServerState.java:setRaftConf(434)) - 0a6fa645-f909-40e7-9d0d-0c6da806ec87@group-A0C906569A0D: set configuration 0: peers:[0a6fa645-f909-40e7-9d0d-0c6da806ec87|rpc:10.1.0.24:15041|admin:10.1.0.24:15040|client:10.1.0.24:15039|dataStream:10.1.0.24:15042|priority:1|startupRole:FOLLOWER]|listeners:[], old=null
2023-09-15 05:01:53,347 [ddd75f10-d1e9-4189-b9ef-e4896743935a@group-EB771131E1C7-FollowerState] INFO  impl.FollowerState (FollowerState.java:run(143)) - ddd75f10-d1e9-4189-b9ef-e4896743935a@group-EB771131E1C7-FollowerState: change to CANDIDATE, lastRpcElapsedTime:5105849873ns, electionTimeout:5105ms
2023-09-15 05:01:53,348 [ddd75f10-d1e9-4189-b9ef-e4896743935a@group-EB771131E1C7-FollowerState] INFO  impl.RoleInfo (RoleInfo.java:shutdownFollowerState(110)) - ddd75f10-d1e9-4189-b9ef-e4896743935a: shutdown ddd75f10-d1e9-4189-b9ef-e4896743935a@group-EB771131E1C7-FollowerState
2023-09-15 05:01:53,348 [ddd75f10-d1e9-4189-b9ef-e4896743935a@group-EB771131E1C7-FollowerState] INFO  server.RaftServer$Division (RaftServerImpl.java:setRole(329)) - ddd75f10-d1e9-4189-b9ef-e4896743935a@group-EB771131E1C7: changes role from  FOLLOWER to CANDIDATE at term 0 for changeToCandidate
2023-09-15 05:01:53,348 [ddd75f10-d1e9-4189-b9ef-e4896743935a@group-EB771131E1C7-FollowerState] INFO  server.RaftServerConfigKeys (ConfUtils.java:logGet(46)) - raft.server.leaderelection.pre-vote = true (default)
2023-09-15 05:01:53,348 [ddd75f10-d1e9-4189-b9ef-e4896743935a@group-EB771131E1C7-FollowerState] INFO  impl.RoleInfo (RoleInfo.java:updateAndGet(139)) - ddd75f10-d1e9-4189-b9ef-e4896743935a: start ddd75f10-d1e9-4189-b9ef-e4896743935a@group-EB771131E1C7-LeaderElection9
2023-09-15 05:01:53,364 [ddd75f10-d1e9-4189-b9ef-e4896743935a@group-EB771131E1C7-LeaderElection9] INFO  impl.LeaderElection (LeaderElection.java:askForVotes(321)) - ddd75f10-d1e9-4189-b9ef-e4896743935a@group-EB771131E1C7-LeaderElection9 PRE_VOTE round 0: submit vote requests at term 0 for -1: peers:[0a6fa645-f909-40e7-9d0d-0c6da806ec87|rpc:10.1.0.24:15041|admin:10.1.0.24:15040|client:10.1.0.24:15039|dataStream:10.1.0.24:15042|priority:0|startupRole:FOLLOWER, ddd75f10-d1e9-4189-b9ef-e4896743935a|rpc:10.1.0.24:15059|admin:10.1.0.24:15058|client:10.1.0.24:15057|dataStream:10.1.0.24:15060|priority:1|startupRole:FOLLOWER, 01e3e3a9-29b9-4c52-904d-7d79db62114f|rpc:10.1.0.24:15050|admin:10.1.0.24:15049|client:10.1.0.24:15048|dataStream:10.1.0.24:15051|priority:0|startupRole:FOLLOWER]|listeners:[], old=null
2023-09-15 05:01:53,365 [ddd75f10-d1e9-4189-b9ef-e4896743935a@group-EB771131E1C7-LeaderElection9-1] INFO  server.GrpcServerProtocolClient (GrpcServerProtocolClient.java:<init>(65)) - Build channel for 0a6fa645-f909-40e7-9d0d-0c6da806ec87
2023-09-15 05:01:53,378 [ddd75f10-d1e9-4189-b9ef-e4896743935a@group-EB771131E1C7-LeaderElection9] INFO  server.RaftServerConfigKeys (ConfUtils.java:logFallback(53)) - raft.server.rpc.first-election.timeout.min = 5s (fallback to raft.server.rpc.timeout.min)
2023-09-15 05:01:53,378 [ddd75f10-d1e9-4189-b9ef-e4896743935a@group-EB771131E1C7-LeaderElection9] INFO  server.RaftServerConfigKeys (ConfUtils.java:logFallback(53)) - raft.server.rpc.first-election.timeout.max = 5200ms (fallback to raft.server.rpc.timeout.max)
2023-09-15 05:01:53,381 [grpc-default-executor-0] INFO  server.RaftServer$Division (RaftServerImpl.java:requestVote(1302)) - 0a6fa645-f909-40e7-9d0d-0c6da806ec87@group-EB771131E1C7: receive requestVote(PRE_VOTE, ddd75f10-d1e9-4189-b9ef-e4896743935a, group-EB771131E1C7, 0, (t:0, i:0))
2023-09-15 05:01:53,381 [grpc-default-executor-0] INFO  impl.VoteContext (VoteContext.java:log(49)) - 0a6fa645-f909-40e7-9d0d-0c6da806ec87@group-EB771131E1C7-FOLLOWER: accept PRE_VOTE from ddd75f10-d1e9-4189-b9ef-e4896743935a: our priority 0 <= candidate's priority 1
2023-09-15 05:01:53,382 [grpc-default-executor-0] INFO  server.RaftServer$Division (RaftServerImpl.java:requestVote(1335)) - 0a6fa645-f909-40e7-9d0d-0c6da806ec87@group-EB771131E1C7 replies to PRE_VOTE vote request: ddd75f10-d1e9-4189-b9ef-e4896743935a<-0a6fa645-f909-40e7-9d0d-0c6da806ec87#0:OK-t0. Peer's state: 0a6fa645-f909-40e7-9d0d-0c6da806ec87@group-EB771131E1C7:t0, leader=null, voted=, raftlog=Memoized:0a6fa645-f909-40e7-9d0d-0c6da806ec87@group-EB771131E1C7-SegmentedRaftLog:OPENED:c-1, conf=-1: peers:[0a6fa645-f909-40e7-9d0d-0c6da806ec87|rpc:10.1.0.24:15041|admin:10.1.0.24:15040|client:10.1.0.24:15039|dataStream:10.1.0.24:15042|priority:0|startupRole:FOLLOWER, ddd75f10-d1e9-4189-b9ef-e4896743935a|rpc:10.1.0.24:15059|admin:10.1.0.24:15058|client:10.1.0.24:15057|dataStream:10.1.0.24:15060|priority:1|startupRole:FOLLOWER, 01e3e3a9-29b9-4c52-904d-7d79db62114f|rpc:10.1.0.24:15050|admin:10.1.0.24:15049|client:10.1.0.24:15048|dataStream:10.1.0.24:15051|priority:0|startupRole:FOLLOWER]|listeners:[], old=null
2023-09-15 05:01:53,384 [ddd75f10-d1e9-4189-b9ef-e4896743935a@group-EB771131E1C7-LeaderElection9-2] INFO  server.GrpcServerProtocolClient (GrpcServerProtocolClient.java:<init>(65)) - Build channel for 01e3e3a9-29b9-4c52-904d-7d79db62114f
2023-09-15 05:01:53,391 [ddd75f10-d1e9-4189-b9ef-e4896743935a@group-EB771131E1C7-LeaderElection9] INFO  impl.LeaderElection (LeaderElection.java:logAndReturn(90)) - ddd75f10-d1e9-4189-b9ef-e4896743935a@group-EB771131E1C7-LeaderElection9: PRE_VOTE PASSED received 1 response(s) and 0 exception(s):
2023-09-15 05:01:53,391 [ddd75f10-d1e9-4189-b9ef-e4896743935a@group-EB771131E1C7-LeaderElection9] INFO  impl.LeaderElection (LeaderElection.java:logAndReturn(94)) -   Response 0: ddd75f10-d1e9-4189-b9ef-e4896743935a<-0a6fa645-f909-40e7-9d0d-0c6da806ec87#0:OK-t0
2023-09-15 05:01:53,391 [ddd75f10-d1e9-4189-b9ef-e4896743935a@group-EB771131E1C7-LeaderElection9] INFO  impl.LeaderElection (LeaderElection.java:askForVotes(323)) - ddd75f10-d1e9-4189-b9ef-e4896743935a@group-EB771131E1C7-LeaderElection9 PRE_VOTE round 0: result PASSED
2023-09-15 05:01:53,393 [ddd75f10-d1e9-4189-b9ef-e4896743935a@group-EB771131E1C7-LeaderElection9] INFO  impl.LeaderElection (LeaderElection.java:askForVotes(321)) - ddd75f10-d1e9-4189-b9ef-e4896743935a@group-EB771131E1C7-LeaderElection9 ELECTION round 0: submit vote requests at term 1 for -1: peers:[0a6fa645-f909-40e7-9d0d-0c6da806ec87|rpc:10.1.0.24:15041|admin:10.1.0.24:15040|client:10.1.0.24:15039|dataStream:10.1.0.24:15042|priority:0|startupRole:FOLLOWER, ddd75f10-d1e9-4189-b9ef-e4896743935a|rpc:10.1.0.24:15059|admin:10.1.0.24:15058|client:10.1.0.24:15057|dataStream:10.1.0.24:15060|priority:1|startupRole:FOLLOWER, 01e3e3a9-29b9-4c52-904d-7d79db62114f|rpc:10.1.0.24:15050|admin:10.1.0.24:15049|client:10.1.0.24:15048|dataStream:10.1.0.24:15051|priority:0|startupRole:FOLLOWER]|listeners:[], old=null
2023-09-15 05:01:53,394 [01e3e3a9-29b9-4c52-904d-7d79db62114f@group-13677EBC315B-FollowerState] INFO  impl.FollowerState (FollowerState.java:run(143)) - 01e3e3a9-29b9-4c52-904d-7d79db62114f@group-13677EBC315B-FollowerState: change to CANDIDATE, lastRpcElapsedTime:5111329807ns, electionTimeout:5109ms
2023-09-15 05:01:53,394 [01e3e3a9-29b9-4c52-904d-7d79db62114f@group-13677EBC315B-FollowerState] INFO  impl.RoleInfo (RoleInfo.java:shutdownFollowerState(110)) - 01e3e3a9-29b9-4c52-904d-7d79db62114f: shutdown 01e3e3a9-29b9-4c52-904d-7d79db62114f@group-13677EBC315B-FollowerState
2023-09-15 05:01:53,394 [01e3e3a9-29b9-4c52-904d-7d79db62114f@group-13677EBC315B-FollowerState] INFO  server.RaftServer$Division (RaftServerImpl.java:setRole(329)) - 01e3e3a9-29b9-4c52-904d-7d79db62114f@group-13677EBC315B: changes role from  FOLLOWER to CANDIDATE at term 0 for changeToCandidate
2023-09-15 05:01:53,398 [ddd75f10-d1e9-4189-b9ef-e4896743935a@group-EB771131E1C7-LeaderElection9] INFO  server.RaftServerConfigKeys (ConfUtils.java:logFallback(53)) - raft.server.rpc.first-election.timeout.min = 5s (fallback to raft.server.rpc.timeout.min)
2023-09-15 05:01:53,398 [ddd75f10-d1e9-4189-b9ef-e4896743935a@group-EB771131E1C7-LeaderElection9] INFO  server.RaftServerConfigKeys (ConfUtils.java:logFallback(53)) - raft.server.rpc.first-election.timeout.max = 5200ms (fallback to raft.server.rpc.timeout.max)
2023-09-15 05:01:53,403 [grpc-default-executor-0] INFO  server.RaftServer$Division (RaftServerImpl.java:requestVote(1302)) - 0a6fa645-f909-40e7-9d0d-0c6da806ec87@group-EB771131E1C7: receive requestVote(ELECTION, ddd75f10-d1e9-4189-b9ef-e4896743935a, group-EB771131E1C7, 1, (t:0, i:0))
2023-09-15 05:01:53,403 [grpc-default-executor-0] INFO  impl.VoteContext (VoteContext.java:log(49)) - 0a6fa645-f909-40e7-9d0d-0c6da806ec87@group-EB771131E1C7-FOLLOWER: accept ELECTION from ddd75f10-d1e9-4189-b9ef-e4896743935a: our priority 0 <= candidate's priority 1
2023-09-15 05:01:53,403 [grpc-default-executor-0] INFO  server.RaftServer$Division (RaftServerImpl.java:setRole(329)) - 0a6fa645-f909-40e7-9d0d-0c6da806ec87@group-EB771131E1C7: changes role from  FOLLOWER to FOLLOWER at term 1 for candidate:ddd75f10-d1e9-4189-b9ef-e4896743935a
2023-09-15 05:01:53,403 [grpc-default-executor-0] INFO  impl.RoleInfo (RoleInfo.java:shutdownFollowerState(110)) - 0a6fa645-f909-40e7-9d0d-0c6da806ec87: shutdown 0a6fa645-f909-40e7-9d0d-0c6da806ec87@group-EB771131E1C7-FollowerState
2023-09-15 05:01:53,403 [grpc-default-executor-0] INFO  impl.RoleInfo (RoleInfo.java:updateAndGet(139)) - 0a6fa645-f909-40e7-9d0d-0c6da806ec87: start 0a6fa645-f909-40e7-9d0d-0c6da806ec87@group-EB771131E1C7-FollowerState
2023-09-15 05:01:53,403 [0a6fa645-f909-40e7-9d0d-0c6da806ec87@group-EB771131E1C7-FollowerState] INFO  impl.FollowerState (FollowerState.java:run(152)) - 0a6fa645-f909-40e7-9d0d-0c6da806ec87@group-EB771131E1C7-FollowerState was interrupted
2023-09-15 05:01:53,405 [01e3e3a9-29b9-4c52-904d-7d79db62114f@group-13677EBC315B-FollowerState] INFO  server.RaftServerConfigKeys (ConfUtils.java:logGet(46)) - raft.server.leaderelection.pre-vote = true (default)
2023-09-15 05:01:53,405 [01e3e3a9-29b9-4c52-904d-7d79db62114f@group-13677EBC315B-FollowerState] INFO  impl.RoleInfo (RoleInfo.java:updateAndGet(139)) - 01e3e3a9-29b9-4c52-904d-7d79db62114f: start 01e3e3a9-29b9-4c52-904d-7d79db62114f@group-13677EBC315B-LeaderElection10
2023-09-15 05:01:53,407 [grpc-default-executor-0] INFO  server.RaftServer$Division (RaftServerImpl.java:requestVote(1335)) - 0a6fa645-f909-40e7-9d0d-0c6da806ec87@group-EB771131E1C7 replies to ELECTION vote request: ddd75f10-d1e9-4189-b9ef-e4896743935a<-0a6fa645-f909-40e7-9d0d-0c6da806ec87#0:OK-t1. Peer's state: 0a6fa645-f909-40e7-9d0d-0c6da806ec87@group-EB771131E1C7:t1, leader=null, voted=ddd75f10-d1e9-4189-b9ef-e4896743935a, raftlog=Memoized:0a6fa645-f909-40e7-9d0d-0c6da806ec87@group-EB771131E1C7-SegmentedRaftLog:OPENED:c-1, conf=-1: peers:[0a6fa645-f909-40e7-9d0d-0c6da806ec87|rpc:10.1.0.24:15041|admin:10.1.0.24:15040|client:10.1.0.24:15039|dataStream:10.1.0.24:15042|priority:0|startupRole:FOLLOWER, ddd75f10-d1e9-4189-b9ef-e4896743935a|rpc:10.1.0.24:15059|admin:10.1.0.24:15058|client:10.1.0.24:15057|dataStream:10.1.0.24:15060|priority:1|startupRole:FOLLOWER, 01e3e3a9-29b9-4c52-904d-7d79db62114f|rpc:10.1.0.24:15050|admin:10.1.0.24:15049|client:10.1.0.24:15048|dataStream:10.1.0.24:15051|priority:0|startupRole:FOLLOWER]|listeners:[], old=null
2023-09-15 05:01:53,412 [grpc-default-executor-2] INFO  server.RaftServer$Division (RaftServerImpl.java:requestVote(1302)) - 01e3e3a9-29b9-4c52-904d-7d79db62114f@group-EB771131E1C7: receive requestVote(PRE_VOTE, ddd75f10-d1e9-4189-b9ef-e4896743935a, group-EB771131E1C7, 0, (t:0, i:0))
2023-09-15 05:01:53,412 [grpc-default-executor-2] INFO  impl.VoteContext (VoteContext.java:log(49)) - 01e3e3a9-29b9-4c52-904d-7d79db62114f@group-EB771131E1C7-FOLLOWER: accept PRE_VOTE from ddd75f10-d1e9-4189-b9ef-e4896743935a: our priority 0 <= candidate's priority 1
2023-09-15 05:01:53,412 [grpc-default-executor-2] INFO  server.RaftServer$Division (RaftServerImpl.java:requestVote(1335)) - 01e3e3a9-29b9-4c52-904d-7d79db62114f@group-EB771131E1C7 replies to PRE_VOTE vote request: ddd75f10-d1e9-4189-b9ef-e4896743935a<-01e3e3a9-29b9-4c52-904d-7d79db62114f#0:OK-t0. Peer's state: 01e3e3a9-29b9-4c52-904d-7d79db62114f@group-EB771131E1C7:t0, leader=null, voted=, raftlog=Memoized:01e3e3a9-29b9-4c52-904d-7d79db62114f@group-EB771131E1C7-SegmentedRaftLog:OPENED:c-1, conf=-1: peers:[0a6fa645-f909-40e7-9d0d-0c6da806ec87|rpc:10.1.0.24:15041|admin:10.1.0.24:15040|client:10.1.0.24:15039|dataStream:10.1.0.24:15042|priority:0|startupRole:FOLLOWER, ddd75f10-d1e9-4189-b9ef-e4896743935a|rpc:10.1.0.24:15059|admin:10.1.0.24:15058|client:10.1.0.24:15057|dataStream:10.1.0.24:15060|priority:1|startupRole:FOLLOWER, 01e3e3a9-29b9-4c52-904d-7d79db62114f|rpc:10.1.0.24:15050|admin:10.1.0.24:15049|client:10.1.0.24:15048|dataStream:10.1.0.24:15051|priority:0|startupRole:FOLLOWER]|listeners:[], old=null
2023-09-15 05:01:53,417 [ddd75f10-d1e9-4189-b9ef-e4896743935a@group-EB771131E1C7-LeaderElection9] INFO  impl.LeaderElection (LeaderElection.java:logAndReturn(90)) - ddd75f10-d1e9-4189-b9ef-e4896743935a@group-EB771131E1C7-LeaderElection9: ELECTION PASSED received 1 response(s) and 0 exception(s):
2023-09-15 05:01:53,417 [ddd75f10-d1e9-4189-b9ef-e4896743935a@group-EB771131E1C7-LeaderElection9] INFO  impl.LeaderElection (LeaderElection.java:logAndReturn(94)) -   Response 0: ddd75f10-d1e9-4189-b9ef-e4896743935a<-0a6fa645-f909-40e7-9d0d-0c6da806ec87#0:OK-t1
2023-09-15 05:01:53,417 [ddd75f10-d1e9-4189-b9ef-e4896743935a@group-EB771131E1C7-LeaderElection9] INFO  impl.LeaderElection (LeaderElection.java:askForVotes(323)) - ddd75f10-d1e9-4189-b9ef-e4896743935a@group-EB771131E1C7-LeaderElection9 ELECTION round 0: result PASSED
2023-09-15 05:01:53,417 [ddd75f10-d1e9-4189-b9ef-e4896743935a@group-EB771131E1C7-LeaderElection9] INFO  impl.RoleInfo (RoleInfo.java:shutdownLeaderElection(130)) - ddd75f10-d1e9-4189-b9ef-e4896743935a: shutdown ddd75f10-d1e9-4189-b9ef-e4896743935a@group-EB771131E1C7-LeaderElection9
2023-09-15 05:01:53,417 [ddd75f10-d1e9-4189-b9ef-e4896743935a@group-EB771131E1C7-LeaderElection9] INFO  server.RaftServer$Division (RaftServerImpl.java:setRole(329)) - ddd75f10-d1e9-4189-b9ef-e4896743935a@group-EB771131E1C7: changes role from CANDIDATE to LEADER at term 1 for changeToLeader
2023-09-15 05:01:53,417 [ddd75f10-d1e9-4189-b9ef-e4896743935a@group-EB771131E1C7-LeaderElection9] INFO  ratis.XceiverServerRatis (XceiverServerRatis.java:handleLeaderChangedNotification(902)) - Leader change notification received for group: group-EB771131E1C7 with new leaderId: ddd75f10-d1e9-4189-b9ef-e4896743935a
2023-09-15 05:01:53,418 [ddd75f10-d1e9-4189-b9ef-e4896743935a@group-EB771131E1C7-LeaderElection9] INFO  server.RaftServer$Division (ServerState.java:setLeader(317)) - ddd75f10-d1e9-4189-b9ef-e4896743935a@group-EB771131E1C7: change Leader from null to ddd75f10-d1e9-4189-b9ef-e4896743935a at term 1 for becomeLeader, leader elected after 5615ms
2023-09-15 05:01:53,418 [ddd75f10-d1e9-4189-b9ef-e4896743935a@group-EB771131E1C7-LeaderElection9] INFO  server.RaftServerConfigKeys (ConfUtils.java:logGet(46)) - raft.server.staging.catchup.gap = 1000 (default)
2023-09-15 05:01:53,418 [ddd75f10-d1e9-4189-b9ef-e4896743935a@group-EB771131E1C7-LeaderElection9] INFO  server.RaftServerConfigKeys (ConfUtils.java:logGet(46)) - raft.server.write.element-limit = 1024 (custom)
2023-09-15 05:01:53,418 [ddd75f10-d1e9-4189-b9ef-e4896743935a@group-EB771131E1C7-LeaderElection9] INFO  server.RaftServerConfigKeys (ConfUtils.java:logGet(46)) - raft.server.write.byte-limit = 1024 M (=1073741824) (custom)
2023-09-15 05:01:53,418 [ddd75f10-d1e9-4189-b9ef-e4896743935a@group-EB771131E1C7-LeaderElection9] INFO  server.RaftServerConfigKeys (ConfUtils.java:logGet(46)) - raft.server.watch.timeout = 180s (custom)
2023-09-15 05:01:53,418 [ddd75f10-d1e9-4189-b9ef-e4896743935a@group-EB771131E1C7-LeaderElection9] INFO  server.RaftServerConfigKeys (ConfUtils.java:logGet(46)) - raft.server.watch.timeout.denomination = 1s (default)
2023-09-15 05:01:53,418 [ddd75f10-d1e9-4189-b9ef-e4896743935a@group-EB771131E1C7-LeaderElection9] INFO  server.RaftServerConfigKeys (ConfUtils.java:logGet(46)) - raft.server.watch.element-limit = 65536 (default)
2023-09-15 05:01:53,419 [ddd75f10-d1e9-4189-b9ef-e4896743935a@group-EB771131E1C7-LeaderElection9] INFO  server.RaftServerConfigKeys (ConfUtils.java:logGet(46)) - raft.server.write.element-limit = 1024 (custom)
2023-09-15 05:01:53,419 [ddd75f10-d1e9-4189-b9ef-e4896743935a@group-EB771131E1C7-LeaderElection9] INFO  server.RaftServerConfigKeys (ConfUtils.java:logGet(46)) - raft.server.write.follower.gap.ratio.max = -1.0 (default)
2023-09-15 05:01:53,419 [ddd75f10-d1e9-4189-b9ef-e4896743935a@group-EB771131E1C7-LeaderElection9] INFO  server.RaftServerConfigKeys (ConfUtils.java:logGet(46)) - raft.server.log.appender.snapshot.chunk.size.max = 16MB (=16777216) (default)
2023-09-15 05:01:53,419 [ddd75f10-d1e9-4189-b9ef-e4896743935a@group-EB771131E1C7-LeaderElection9] INFO  server.RaftServerConfigKeys (ConfUtils.java:logGet(46)) - raft.server.log.appender.buffer.byte-limit = 33554432 (custom)
2023-09-15 05:01:53,419 [ddd75f10-d1e9-4189-b9ef-e4896743935a@group-EB771131E1C7-LeaderElection9] INFO  server.RaftServerConfigKeys (ConfUtils.java:logGet(46)) - raft.server.log.appender.buffer.element-limit = 1 (custom)
2023-09-15 05:01:53,419 [ddd75f10-d1e9-4189-b9ef-e4896743935a@group-EB771131E1C7-LeaderElection9] INFO  server.RaftServerConfigKeys (ConfUtils.java:logGet(46)) - raft.server.log.appender.wait-time.min = 10ms (default)
2023-09-15 05:01:53,419 [ddd75f10-d1e9-4189-b9ef-e4896743935a@group-EB771131E1C7-LeaderElection9] INFO  grpc.GrpcConfigKeys (ConfUtils.java:logGet(46)) - raft.grpc.server.leader.outstanding.appends.max = 128 (default)
2023-09-15 05:01:53,419 [ddd75f10-d1e9-4189-b9ef-e4896743935a@group-EB771131E1C7-LeaderElection9] INFO  server.RaftServerConfigKeys (ConfUtils.java:logGet(46)) - raft.server.rpc.request.timeout = 60s (custom)
2023-09-15 05:01:53,420 [ddd75f10-d1e9-4189-b9ef-e4896743935a@group-EB771131E1C7-LeaderElection9] INFO  grpc.GrpcConfigKeys (ConfUtils.java:logGet(46)) - raft.grpc.server.install_snapshot.request.element-limit = 8 (default)
2023-09-15 05:01:53,420 [ddd75f10-d1e9-4189-b9ef-e4896743935a@group-EB771131E1C7-LeaderElection9] INFO  grpc.GrpcConfigKeys (ConfUtils.java:logGet(46)) - raft.grpc.server.install_snapshot.request.timeout = 3000ms (default)
2023-09-15 05:01:53,420 [ddd75f10-d1e9-4189-b9ef-e4896743935a@group-EB771131E1C7-LeaderElection9] INFO  server.RaftServerConfigKeys (ConfUtils.java:logGet(46)) - raft.server.log.appender.install.snapshot.enabled = false (custom)
2023-09-15 05:01:53,420 [ddd75f10-d1e9-4189-b9ef-e4896743935a@group-EB771131E1C7-LeaderElection9] INFO  grpc.GrpcConfigKeys (ConfUtils.java:logGet(46)) - raft.grpc.server.heartbeat.channel = true (default)
2023-09-15 05:01:53,420 [ddd75f10-d1e9-4189-b9ef-e4896743935a@group-EB771131E1C7-LeaderElection9] INFO  server.RaftServerConfigKeys (ConfUtils.java:logGet(46)) - raft.server.log.appender.snapshot.chunk.size.max = 16MB (=16777216) (default)
2023-09-15 05:01:53,420 [ddd75f10-d1e9-4189-b9ef-e4896743935a@group-EB771131E1C7-LeaderElection9] INFO  server.RaftServerConfigKeys (ConfUtils.java:logGet(46)) - raft.server.log.appender.buffer.byte-limit = 33554432 (custom)
2023-09-15 05:01:53,421 [ddd75f10-d1e9-4189-b9ef-e4896743935a@group-EB771131E1C7-LeaderElection9] INFO  server.RaftServerConfigKeys (ConfUtils.java:logGet(46)) - raft.server.log.appender.buffer.element-limit = 1 (custom)
2023-09-15 05:01:53,421 [ddd75f10-d1e9-4189-b9ef-e4896743935a@group-EB771131E1C7-LeaderElection9] INFO  server.RaftServerConfigKeys (ConfUtils.java:logGet(46)) - raft.server.log.appender.wait-time.min = 10ms (default)
2023-09-15 05:01:53,421 [ddd75f10-d1e9-4189-b9ef-e4896743935a@group-EB771131E1C7-LeaderElection9] INFO  grpc.GrpcConfigKeys (ConfUtils.java:logGet(46)) - raft.grpc.server.leader.outstanding.appends.max = 128 (default)
2023-09-15 05:01:53,421 [ddd75f10-d1e9-4189-b9ef-e4896743935a@group-EB771131E1C7-LeaderElection9] INFO  server.RaftServerConfigKeys (ConfUtils.java:logGet(46)) - raft.server.rpc.request.timeout = 60s (custom)
2023-09-15 05:01:53,421 [ddd75f10-d1e9-4189-b9ef-e4896743935a@group-EB771131E1C7-LeaderElection9] INFO  grpc.GrpcConfigKeys (ConfUtils.java:logGet(46)) - raft.grpc.server.install_snapshot.request.element-limit = 8 (default)
2023-09-15 05:01:53,421 [ddd75f10-d1e9-4189-b9ef-e4896743935a@group-EB771131E1C7-LeaderElection9] INFO  grpc.GrpcConfigKeys (ConfUtils.java:logGet(46)) - raft.grpc.server.install_snapshot.request.timeout = 3000ms (default)
2023-09-15 05:01:53,421 [ddd75f10-d1e9-4189-b9ef-e4896743935a@group-EB771131E1C7-LeaderElection9] INFO  server.RaftServerConfigKeys (ConfUtils.java:logGet(46)) - raft.server.log.appender.install.snapshot.enabled = false (custom)
2023-09-15 05:01:53,421 [ddd75f10-d1e9-4189-b9ef-e4896743935a@group-EB771131E1C7-LeaderElection9] INFO  grpc.GrpcConfigKeys (ConfUtils.java:logGet(46)) - raft.grpc.server.heartbeat.channel = true (default)
2023-09-15 05:01:53,421 [ddd75f10-d1e9-4189-b9ef-e4896743935a@group-EB771131E1C7-LeaderElection9] INFO  impl.RoleInfo (RoleInfo.java:updateAndGet(139)) - ddd75f10-d1e9-4189-b9ef-e4896743935a: start ddd75f10-d1e9-4189-b9ef-e4896743935a@group-EB771131E1C7-LeaderStateImpl
2023-09-15 05:01:53,421 [ddd75f10-d1e9-4189-b9ef-e4896743935a@group-EB771131E1C7-LeaderElection9] INFO  segmented.SegmentedRaftLogWorker (SegmentedRaftLogWorker.java:startLogSegment(447)) - ddd75f10-d1e9-4189-b9ef-e4896743935a@group-EB771131E1C7-SegmentedRaftLogWorker: Starting segment from index:0
2023-09-15 05:01:53,431 [01e3e3a9-29b9-4c52-904d-7d79db62114f@group-13677EBC315B-LeaderElection10] INFO  impl.LeaderElection (LeaderElection.java:askForVotes(321)) - 01e3e3a9-29b9-4c52-904d-7d79db62114f@group-13677EBC315B-LeaderElection10 PRE_VOTE round 0: submit vote requests at term 0 for -1: peers:[01e3e3a9-29b9-4c52-904d-7d79db62114f|rpc:10.1.0.24:15050|admin:10.1.0.24:15049|client:10.1.0.24:15048|dataStream:10.1.0.24:15051|priority:1|startupRole:FOLLOWER]|listeners:[], old=null
2023-09-15 05:01:53,431 [01e3e3a9-29b9-4c52-904d-7d79db62114f@group-13677EBC315B-LeaderElection10] INFO  impl.LeaderElection (LeaderElection.java:askForVotes(323)) - 01e3e3a9-29b9-4c52-904d-7d79db62114f@group-13677EBC315B-LeaderElection10 PRE_VOTE round 0: result PASSED (term=0)
2023-09-15 05:01:53,432 [ddd75f10-d1e9-4189-b9ef-e4896743935a@group-EB771131E1C7-LeaderElection9] INFO  server.RaftServer$Division (ServerState.java:setRaftConf(434)) - ddd75f10-d1e9-4189-b9ef-e4896743935a@group-EB771131E1C7: set configuration 0: peers:[0a6fa645-f909-40e7-9d0d-0c6da806ec87|rpc:10.1.0.24:15041|admin:10.1.0.24:15040|client:10.1.0.24:15039|dataStream:10.1.0.24:15042|priority:0|startupRole:FOLLOWER, ddd75f10-d1e9-4189-b9ef-e4896743935a|rpc:10.1.0.24:15059|admin:10.1.0.24:15058|client:10.1.0.24:15057|dataStream:10.1.0.24:15060|priority:1|startupRole:FOLLOWER, 01e3e3a9-29b9-4c52-904d-7d79db62114f|rpc:10.1.0.24:15050|admin:10.1.0.24:15049|client:10.1.0.24:15048|dataStream:10.1.0.24:15051|priority:0|startupRole:FOLLOWER]|listeners:[], old=null
2023-09-15 05:01:53,433 [EventQueue-PipelineReportForPipelineReportHandler] INFO  pipeline.PipelineReportHandler (PipelineReportHandler.java:processPipelineReport(136)) - Opened pipeline PipelineID=cb8f184f-730b-4bd6-b6c0-eb771131e1c7
2023-09-15 05:01:53,435 [grpc-default-executor-2] INFO  server.RaftServer$Division (RaftServerImpl.java:requestVote(1302)) - 01e3e3a9-29b9-4c52-904d-7d79db62114f@group-EB771131E1C7: receive requestVote(ELECTION, ddd75f10-d1e9-4189-b9ef-e4896743935a, group-EB771131E1C7, 1, (t:0, i:0))
2023-09-15 05:01:53,436 [grpc-default-executor-2] INFO  impl.VoteContext (VoteContext.java:log(49)) - 01e3e3a9-29b9-4c52-904d-7d79db62114f@group-EB771131E1C7-FOLLOWER: accept ELECTION from ddd75f10-d1e9-4189-b9ef-e4896743935a: our priority 0 <= candidate's priority 1
2023-09-15 05:01:53,436 [grpc-default-executor-2] INFO  server.RaftServer$Division (RaftServerImpl.java:setRole(329)) - 01e3e3a9-29b9-4c52-904d-7d79db62114f@group-EB771131E1C7: changes role from  FOLLOWER to FOLLOWER at term 1 for candidate:ddd75f10-d1e9-4189-b9ef-e4896743935a
2023-09-15 05:01:53,436 [grpc-default-executor-2] INFO  impl.RoleInfo (RoleInfo.java:shutdownFollowerState(110)) - 01e3e3a9-29b9-4c52-904d-7d79db62114f: shutdown 01e3e3a9-29b9-4c52-904d-7d79db62114f@group-EB771131E1C7-FollowerState
2023-09-15 05:01:53,436 [grpc-default-executor-2] INFO  impl.RoleInfo (RoleInfo.java:updateAndGet(139)) - 01e3e3a9-29b9-4c52-904d-7d79db62114f: start 01e3e3a9-29b9-4c52-904d-7d79db62114f@group-EB771131E1C7-FollowerState
2023-09-15 05:01:53,436 [01e3e3a9-29b9-4c52-904d-7d79db62114f@group-EB771131E1C7-FollowerState] INFO  impl.FollowerState (FollowerState.java:run(152)) - 01e3e3a9-29b9-4c52-904d-7d79db62114f@group-EB771131E1C7-FollowerState was interrupted
2023-09-15 05:01:53,439 [ddd75f10-d1e9-4189-b9ef-e4896743935a@group-EB771131E1C7-SegmentedRaftLogWorker] INFO  segmented.SegmentedRaftLogWorker (SegmentedRaftLogWorker.java:execute(651)) - ddd75f10-d1e9-4189-b9ef-e4896743935a@group-EB771131E1C7-SegmentedRaftLogWorker: created new log segment /home/runner/work/ozone/ozone/hadoop-ozone/integration-test/target/test-dir/MiniOzoneClusterImpl-0a18362f-1832-4b81-b629-935968d04e12/datanode-5/data/ratis/cb8f184f-730b-4bd6-b6c0-eb771131e1c7/current/log_inprogress_0
2023-09-15 05:01:53,439 [01e3e3a9-29b9-4c52-904d-7d79db62114f@group-13677EBC315B-LeaderElection10] INFO  impl.LeaderElection (LeaderElection.java:askForVotes(321)) - 01e3e3a9-29b9-4c52-904d-7d79db62114f@group-13677EBC315B-LeaderElection10 ELECTION round 0: submit vote requests at term 1 for -1: peers:[01e3e3a9-29b9-4c52-904d-7d79db62114f|rpc:10.1.0.24:15050|admin:10.1.0.24:15049|client:10.1.0.24:15048|dataStream:10.1.0.24:15051|priority:1|startupRole:FOLLOWER]|listeners:[], old=null
2023-09-15 05:01:53,439 [01e3e3a9-29b9-4c52-904d-7d79db62114f@group-13677EBC315B-LeaderElection10] INFO  impl.LeaderElection (LeaderElection.java:askForVotes(323)) - 01e3e3a9-29b9-4c52-904d-7d79db62114f@group-13677EBC315B-LeaderElection10 ELECTION round 0: result PASSED (term=1)
2023-09-15 05:01:53,439 [01e3e3a9-29b9-4c52-904d-7d79db62114f@group-13677EBC315B-LeaderElection10] INFO  impl.RoleInfo (RoleInfo.java:shutdownLeaderElection(130)) - 01e3e3a9-29b9-4c52-904d-7d79db62114f: shutdown 01e3e3a9-29b9-4c52-904d-7d79db62114f@group-13677EBC315B-LeaderElection10
2023-09-15 05:01:53,439 [01e3e3a9-29b9-4c52-904d-7d79db62114f@group-13677EBC315B-LeaderElection10] INFO  server.RaftServer$Division (RaftServerImpl.java:setRole(329)) - 01e3e3a9-29b9-4c52-904d-7d79db62114f@group-13677EBC315B: changes role from CANDIDATE to LEADER at term 1 for changeToLeader
2023-09-15 05:01:53,439 [01e3e3a9-29b9-4c52-904d-7d79db62114f@group-13677EBC315B-LeaderElection10] INFO  ratis.XceiverServerRatis (XceiverServerRatis.java:handleLeaderChangedNotification(902)) - Leader change notification received for group: group-13677EBC315B with new leaderId: 01e3e3a9-29b9-4c52-904d-7d79db62114f
2023-09-15 05:01:53,441 [01e3e3a9-29b9-4c52-904d-7d79db62114f@group-13677EBC315B-LeaderElection10] INFO  server.RaftServer$Division (ServerState.java:setLeader(317)) - 01e3e3a9-29b9-4c52-904d-7d79db62114f@group-13677EBC315B: change Leader from null to 01e3e3a9-29b9-4c52-904d-7d79db62114f at term 1 for becomeLeader, leader elected after 5200ms
2023-09-15 05:01:53,441 [01e3e3a9-29b9-4c52-904d-7d79db62114f@group-13677EBC315B-LeaderElection10] INFO  server.RaftServerConfigKeys (ConfUtils.java:logGet(46)) - raft.server.staging.catchup.gap = 1000 (default)
2023-09-15 05:01:53,441 [01e3e3a9-29b9-4c52-904d-7d79db62114f@group-13677EBC315B-LeaderElection10] INFO  server.RaftServerConfigKeys (ConfUtils.java:logGet(46)) - raft.server.write.element-limit = 1024 (custom)
2023-09-15 05:01:53,441 [01e3e3a9-29b9-4c52-904d-7d79db62114f@group-13677EBC315B-LeaderElection10] INFO  server.RaftServerConfigKeys (ConfUtils.java:logGet(46)) - raft.server.write.byte-limit = 1024 M (=1073741824) (custom)
2023-09-15 05:01:53,441 [01e3e3a9-29b9-4c52-904d-7d79db62114f@group-13677EBC315B-LeaderElection10] INFO  server.RaftServerConfigKeys (ConfUtils.java:logGet(46)) - raft.server.watch.timeout = 180s (custom)
2023-09-15 05:01:53,441 [01e3e3a9-29b9-4c52-904d-7d79db62114f@group-13677EBC315B-LeaderElection10] INFO  server.RaftServerConfigKeys (ConfUtils.java:logGet(46)) - raft.server.watch.timeout.denomination = 1s (default)
2023-09-15 05:01:53,441 [01e3e3a9-29b9-4c52-904d-7d79db62114f@group-13677EBC315B-LeaderElection10] INFO  server.RaftServerConfigKeys (ConfUtils.java:logGet(46)) - raft.server.watch.element-limit = 65536 (default)
2023-09-15 05:01:53,441 [01e3e3a9-29b9-4c52-904d-7d79db62114f@group-13677EBC315B-LeaderElection10] INFO  server.RaftServerConfigKeys (ConfUtils.java:logGet(46)) - raft.server.write.element-limit = 1024 (custom)
2023-09-15 05:01:53,441 [01e3e3a9-29b9-4c52-904d-7d79db62114f@group-13677EBC315B-LeaderElection10] INFO  server.RaftServerConfigKeys (ConfUtils.java:logGet(46)) - raft.server.write.follower.gap.ratio.max = -1.0 (default)
2023-09-15 05:01:53,442 [01e3e3a9-29b9-4c52-904d-7d79db62114f@group-13677EBC315B-LeaderElection10] INFO  impl.RoleInfo (RoleInfo.java:updateAndGet(139)) - 01e3e3a9-29b9-4c52-904d-7d79db62114f: start 01e3e3a9-29b9-4c52-904d-7d79db62114f@group-13677EBC315B-LeaderStateImpl
2023-09-15 05:01:53,442 [01e3e3a9-29b9-4c52-904d-7d79db62114f@group-13677EBC315B-LeaderElection10] INFO  segmented.SegmentedRaftLogWorker (SegmentedRaftLogWorker.java:startLogSegment(447)) - 01e3e3a9-29b9-4c52-904d-7d79db62114f@group-13677EBC315B-SegmentedRaftLogWorker: Starting segment from index:0
2023-09-15 05:01:53,442 [grpc-default-executor-2] INFO  server.RaftServer$Division (RaftServerImpl.java:requestVote(1335)) - 01e3e3a9-29b9-4c52-904d-7d79db62114f@group-EB771131E1C7 replies to ELECTION vote request: ddd75f10-d1e9-4189-b9ef-e4896743935a<-01e3e3a9-29b9-4c52-904d-7d79db62114f#0:OK-t1. Peer's state: 01e3e3a9-29b9-4c52-904d-7d79db62114f@group-EB771131E1C7:t1, leader=null, voted=ddd75f10-d1e9-4189-b9ef-e4896743935a, raftlog=Memoized:01e3e3a9-29b9-4c52-904d-7d79db62114f@group-EB771131E1C7-SegmentedRaftLog:OPENED:c-1, conf=-1: peers:[0a6fa645-f909-40e7-9d0d-0c6da806ec87|rpc:10.1.0.24:15041|admin:10.1.0.24:15040|client:10.1.0.24:15039|dataStream:10.1.0.24:15042|priority:0|startupRole:FOLLOWER, ddd75f10-d1e9-4189-b9ef-e4896743935a|rpc:10.1.0.24:15059|admin:10.1.0.24:15058|client:10.1.0.24:15057|dataStream:10.1.0.24:15060|priority:1|startupRole:FOLLOWER, 01e3e3a9-29b9-4c52-904d-7d79db62114f|rpc:10.1.0.24:15050|admin:10.1.0.24:15049|client:10.1.0.24:15048|dataStream:10.1.0.24:15051|priority:0|startupRole:FOLLOWER]|listeners:[], old=null
2023-09-15 05:01:53,444 [01e3e3a9-29b9-4c52-904d-7d79db62114f@group-13677EBC315B-SegmentedRaftLogWorker] INFO  segmented.SegmentedRaftLogWorker (SegmentedRaftLogWorker.java:execute(651)) - 01e3e3a9-29b9-4c52-904d-7d79db62114f@group-13677EBC315B-SegmentedRaftLogWorker: created new log segment /home/runner/work/ozone/ozone/hadoop-ozone/integration-test/target/test-dir/MiniOzoneClusterImpl-0a18362f-1832-4b81-b629-935968d04e12/datanode-4/data/ratis/0280702e-c921-48d2-88bf-13677ebc315b/current/log_inprogress_0
2023-09-15 05:01:53,461 [01e3e3a9-29b9-4c52-904d-7d79db62114f@group-13677EBC315B-LeaderElection10] INFO  server.RaftServer$Division (ServerState.java:setRaftConf(434)) - 01e3e3a9-29b9-4c52-904d-7d79db62114f@group-13677EBC315B: set configuration 0: peers:[01e3e3a9-29b9-4c52-904d-7d79db62114f|rpc:10.1.0.24:15050|admin:10.1.0.24:15049|client:10.1.0.24:15048|dataStream:10.1.0.24:15051|priority:1|startupRole:FOLLOWER]|listeners:[], old=null
2023-09-15 05:01:53,477 [01e3e3a9-29b9-4c52-904d-7d79db62114f-server-thread1] INFO  ratis.XceiverServerRatis (XceiverServerRatis.java:handleLeaderChangedNotification(902)) - Leader change notification received for group: group-EB771131E1C7 with new leaderId: ddd75f10-d1e9-4189-b9ef-e4896743935a
2023-09-15 05:01:53,477 [01e3e3a9-29b9-4c52-904d-7d79db62114f-server-thread1] INFO  server.RaftServer$Division (ServerState.java:setLeader(317)) - 01e3e3a9-29b9-4c52-904d-7d79db62114f@group-EB771131E1C7: change Leader from null to ddd75f10-d1e9-4189-b9ef-e4896743935a at term 1 for appendEntries, leader elected after 5187ms
2023-09-15 05:01:53,479 [0a6fa645-f909-40e7-9d0d-0c6da806ec87-server-thread1] INFO  ratis.XceiverServerRatis (XceiverServerRatis.java:handleLeaderChangedNotification(902)) - Leader change notification received for group: group-EB771131E1C7 with new leaderId: ddd75f10-d1e9-4189-b9ef-e4896743935a
2023-09-15 05:01:53,479 [0a6fa645-f909-40e7-9d0d-0c6da806ec87-server-thread1] INFO  server.RaftServer$Division (ServerState.java:setLeader(317)) - 0a6fa645-f909-40e7-9d0d-0c6da806ec87@group-EB771131E1C7: change Leader from null to ddd75f10-d1e9-4189-b9ef-e4896743935a at term 1 for appendEntries, leader elected after 5727ms
2023-09-15 05:01:53,480 [0a6fa645-f909-40e7-9d0d-0c6da806ec87-server-thread1] INFO  server.RaftServer$Division (ServerState.java:setRaftConf(434)) - 0a6fa645-f909-40e7-9d0d-0c6da806ec87@group-EB771131E1C7: set configuration 0: peers:[0a6fa645-f909-40e7-9d0d-0c6da806ec87|rpc:10.1.0.24:15041|admin:10.1.0.24:15040|client:10.1.0.24:15039|dataStream:10.1.0.24:15042|priority:0|startupRole:FOLLOWER, ddd75f10-d1e9-4189-b9ef-e4896743935a|rpc:10.1.0.24:15059|admin:10.1.0.24:15058|client:10.1.0.24:15057|dataStream:10.1.0.24:15060|priority:1|startupRole:FOLLOWER, 01e3e3a9-29b9-4c52-904d-7d79db62114f|rpc:10.1.0.24:15050|admin:10.1.0.24:15049|client:10.1.0.24:15048|dataStream:10.1.0.24:15051|priority:0|startupRole:FOLLOWER]|listeners:[], old=null
2023-09-15 05:01:53,480 [0a6fa645-f909-40e7-9d0d-0c6da806ec87-server-thread1] INFO  segmented.SegmentedRaftLogWorker (SegmentedRaftLogWorker.java:startLogSegment(447)) - 0a6fa645-f909-40e7-9d0d-0c6da806ec87@group-EB771131E1C7-SegmentedRaftLogWorker: Starting segment from index:0
2023-09-15 05:01:53,481 [0a6fa645-f909-40e7-9d0d-0c6da806ec87@group-EB771131E1C7-SegmentedRaftLogWorker] INFO  segmented.SegmentedRaftLogWorker (SegmentedRaftLogWorker.java:execute(651)) - 0a6fa645-f909-40e7-9d0d-0c6da806ec87@group-EB771131E1C7-SegmentedRaftLogWorker: created new log segment /home/runner/work/ozone/ozone/hadoop-ozone/integration-test/target/test-dir/MiniOzoneClusterImpl-0a18362f-1832-4b81-b629-935968d04e12/datanode-3/data/ratis/cb8f184f-730b-4bd6-b6c0-eb771131e1c7/current/log_inprogress_0
2023-09-15 05:01:53,499 [01e3e3a9-29b9-4c52-904d-7d79db62114f-server-thread2] INFO  server.RaftServer$Division (ServerState.java:setRaftConf(434)) - 01e3e3a9-29b9-4c52-904d-7d79db62114f@group-EB771131E1C7: set configuration 0: peers:[0a6fa645-f909-40e7-9d0d-0c6da806ec87|rpc:10.1.0.24:15041|admin:10.1.0.24:15040|client:10.1.0.24:15039|dataStream:10.1.0.24:15042|priority:0|startupRole:FOLLOWER, ddd75f10-d1e9-4189-b9ef-e4896743935a|rpc:10.1.0.24:15059|admin:10.1.0.24:15058|client:10.1.0.24:15057|dataStream:10.1.0.24:15060|priority:1|startupRole:FOLLOWER, 01e3e3a9-29b9-4c52-904d-7d79db62114f|rpc:10.1.0.24:15050|admin:10.1.0.24:15049|client:10.1.0.24:15048|dataStream:10.1.0.24:15051|priority:0|startupRole:FOLLOWER]|listeners:[], old=null
2023-09-15 05:01:53,500 [01e3e3a9-29b9-4c52-904d-7d79db62114f-server-thread2] INFO  segmented.SegmentedRaftLogWorker (SegmentedRaftLogWorker.java:startLogSegment(447)) - 01e3e3a9-29b9-4c52-904d-7d79db62114f@group-EB771131E1C7-SegmentedRaftLogWorker: Starting segment from index:0
2023-09-15 05:01:53,501 [01e3e3a9-29b9-4c52-904d-7d79db62114f@group-EB771131E1C7-SegmentedRaftLogWorker] INFO  segmented.SegmentedRaftLogWorker (SegmentedRaftLogWorker.java:execute(651)) - 01e3e3a9-29b9-4c52-904d-7d79db62114f@group-EB771131E1C7-SegmentedRaftLogWorker: created new log segment /home/runner/work/ozone/ozone/hadoop-ozone/integration-test/target/test-dir/MiniOzoneClusterImpl-0a18362f-1832-4b81-b629-935968d04e12/datanode-4/data/ratis/cb8f184f-730b-4bd6-b6c0-eb771131e1c7/current/log_inprogress_0
2023-09-15 05:01:53,504 [ddd75f10-d1e9-4189-b9ef-e4896743935a@group-B3001CF6DA5A-FollowerState] INFO  impl.FollowerState (FollowerState.java:run(143)) - ddd75f10-d1e9-4189-b9ef-e4896743935a@group-B3001CF6DA5A-FollowerState: change to CANDIDATE, lastRpcElapsedTime:5106662737ns, electionTimeout:5101ms
2023-09-15 05:01:53,504 [ddd75f10-d1e9-4189-b9ef-e4896743935a@group-B3001CF6DA5A-FollowerState] INFO  impl.RoleInfo (RoleInfo.java:shutdownFollowerState(110)) - ddd75f10-d1e9-4189-b9ef-e4896743935a: shutdown ddd75f10-d1e9-4189-b9ef-e4896743935a@group-B3001CF6DA5A-FollowerState
2023-09-15 05:01:53,504 [ddd75f10-d1e9-4189-b9ef-e4896743935a@group-B3001CF6DA5A-FollowerState] INFO  server.RaftServer$Division (RaftServerImpl.java:setRole(329)) - ddd75f10-d1e9-4189-b9ef-e4896743935a@group-B3001CF6DA5A: changes role from  FOLLOWER to CANDIDATE at term 0 for changeToCandidate
2023-09-15 05:01:53,504 [ddd75f10-d1e9-4189-b9ef-e4896743935a@group-B3001CF6DA5A-FollowerState] INFO  server.RaftServerConfigKeys (ConfUtils.java:logGet(46)) - raft.server.leaderelection.pre-vote = true (default)
2023-09-15 05:01:53,504 [ddd75f10-d1e9-4189-b9ef-e4896743935a@group-B3001CF6DA5A-FollowerState] INFO  impl.RoleInfo (RoleInfo.java:updateAndGet(139)) - ddd75f10-d1e9-4189-b9ef-e4896743935a: start ddd75f10-d1e9-4189-b9ef-e4896743935a@group-B3001CF6DA5A-LeaderElection11
2023-09-15 05:01:53,508 [ddd75f10-d1e9-4189-b9ef-e4896743935a@group-B3001CF6DA5A-LeaderElection11] INFO  impl.LeaderElection (LeaderElection.java:askForVotes(321)) - ddd75f10-d1e9-4189-b9ef-e4896743935a@group-B3001CF6DA5A-LeaderElection11 PRE_VOTE round 0: submit vote requests at term 0 for -1: peers:[ddd75f10-d1e9-4189-b9ef-e4896743935a|rpc:10.1.0.24:15059|admin:10.1.0.24:15058|client:10.1.0.24:15057|dataStream:10.1.0.24:15060|priority:1|startupRole:FOLLOWER]|listeners:[], old=null
2023-09-15 05:01:53,509 [ddd75f10-d1e9-4189-b9ef-e4896743935a@group-B3001CF6DA5A-LeaderElection11] INFO  impl.LeaderElection (LeaderElection.java:askForVotes(323)) - ddd75f10-d1e9-4189-b9ef-e4896743935a@group-B3001CF6DA5A-LeaderElection11 PRE_VOTE round 0: result PASSED (term=0)
2023-09-15 05:01:53,511 [ddd75f10-d1e9-4189-b9ef-e4896743935a@group-B3001CF6DA5A-LeaderElection11] INFO  impl.LeaderElection (LeaderElection.java:askForVotes(321)) - ddd75f10-d1e9-4189-b9ef-e4896743935a@group-B3001CF6DA5A-LeaderElection11 ELECTION round 0: submit vote requests at term 1 for -1: peers:[ddd75f10-d1e9-4189-b9ef-e4896743935a|rpc:10.1.0.24:15059|admin:10.1.0.24:15058|client:10.1.0.24:15057|dataStream:10.1.0.24:15060|priority:1|startupRole:FOLLOWER]|listeners:[], old=null
2023-09-15 05:01:53,511 [ddd75f10-d1e9-4189-b9ef-e4896743935a@group-B3001CF6DA5A-LeaderElection11] INFO  impl.LeaderElection (LeaderElection.java:askForVotes(323)) - ddd75f10-d1e9-4189-b9ef-e4896743935a@group-B3001CF6DA5A-LeaderElection11 ELECTION round 0: result PASSED (term=1)
2023-09-15 05:01:53,511 [ddd75f10-d1e9-4189-b9ef-e4896743935a@group-B3001CF6DA5A-LeaderElection11] INFO  impl.RoleInfo (RoleInfo.java:shutdownLeaderElection(130)) - ddd75f10-d1e9-4189-b9ef-e4896743935a: shutdown ddd75f10-d1e9-4189-b9ef-e4896743935a@group-B3001CF6DA5A-LeaderElection11
2023-09-15 05:01:53,511 [ddd75f10-d1e9-4189-b9ef-e4896743935a@group-B3001CF6DA5A-LeaderElection11] INFO  server.RaftServer$Division (RaftServerImpl.java:setRole(329)) - ddd75f10-d1e9-4189-b9ef-e4896743935a@group-B3001CF6DA5A: changes role from CANDIDATE to LEADER at term 1 for changeToLeader
2023-09-15 05:01:53,511 [ddd75f10-d1e9-4189-b9ef-e4896743935a@group-B3001CF6DA5A-LeaderElection11] INFO  ratis.XceiverServerRatis (XceiverServerRatis.java:handleLeaderChangedNotification(902)) - Leader change notification received for group: group-B3001CF6DA5A with new leaderId: ddd75f10-d1e9-4189-b9ef-e4896743935a
2023-09-15 05:01:53,511 [ddd75f10-d1e9-4189-b9ef-e4896743935a@group-B3001CF6DA5A-LeaderElection11] INFO  server.RaftServer$Division (ServerState.java:setLeader(317)) - ddd75f10-d1e9-4189-b9ef-e4896743935a@group-B3001CF6DA5A: change Leader from null to ddd75f10-d1e9-4189-b9ef-e4896743935a at term 1 for becomeLeader, leader elected after 5143ms
2023-09-15 05:01:53,511 [ddd75f10-d1e9-4189-b9ef-e4896743935a@group-B3001CF6DA5A-LeaderElection11] INFO  server.RaftServerConfigKeys (ConfUtils.java:logGet(46)) - raft.server.staging.catchup.gap = 1000 (default)
2023-09-15 05:01:53,512 [ddd75f10-d1e9-4189-b9ef-e4896743935a@group-B3001CF6DA5A-LeaderElection11] INFO  server.RaftServerConfigKeys (ConfUtils.java:logGet(46)) - raft.server.write.element-limit = 1024 (custom)
2023-09-15 05:01:53,512 [ddd75f10-d1e9-4189-b9ef-e4896743935a@group-B3001CF6DA5A-LeaderElection11] INFO  server.RaftServerConfigKeys (ConfUtils.java:logGet(46)) - raft.server.write.byte-limit = 1024 M (=1073741824) (custom)
2023-09-15 05:01:53,513 [ddd75f10-d1e9-4189-b9ef-e4896743935a@group-B3001CF6DA5A-LeaderElection11] INFO  server.RaftServerConfigKeys (ConfUtils.java:logGet(46)) - raft.server.watch.timeout = 180s (custom)
2023-09-15 05:01:53,513 [ddd75f10-d1e9-4189-b9ef-e4896743935a@group-B3001CF6DA5A-LeaderElection11] INFO  server.RaftServerConfigKeys (ConfUtils.java:logGet(46)) - raft.server.watch.timeout.denomination = 1s (default)
2023-09-15 05:01:53,513 [ddd75f10-d1e9-4189-b9ef-e4896743935a@group-B3001CF6DA5A-LeaderElection11] INFO  server.RaftServerConfigKeys (ConfUtils.java:logGet(46)) - raft.server.watch.element-limit = 65536 (default)
2023-09-15 05:01:53,513 [ddd75f10-d1e9-4189-b9ef-e4896743935a@group-B3001CF6DA5A-LeaderElection11] INFO  server.RaftServerConfigKeys (ConfUtils.java:logGet(46)) - raft.server.write.element-limit = 1024 (custom)
2023-09-15 05:01:53,513 [ddd75f10-d1e9-4189-b9ef-e4896743935a@group-B3001CF6DA5A-LeaderElection11] INFO  server.RaftServerConfigKeys (ConfUtils.java:logGet(46)) - raft.server.write.follower.gap.ratio.max = -1.0 (default)
2023-09-15 05:01:53,514 [ddd75f10-d1e9-4189-b9ef-e4896743935a@group-B3001CF6DA5A-LeaderElection11] INFO  impl.RoleInfo (RoleInfo.java:updateAndGet(139)) - ddd75f10-d1e9-4189-b9ef-e4896743935a: start ddd75f10-d1e9-4189-b9ef-e4896743935a@group-B3001CF6DA5A-LeaderStateImpl
2023-09-15 05:01:53,514 [ddd75f10-d1e9-4189-b9ef-e4896743935a@group-B3001CF6DA5A-LeaderElection11] INFO  segmented.SegmentedRaftLogWorker (SegmentedRaftLogWorker.java:startLogSegment(447)) - ddd75f10-d1e9-4189-b9ef-e4896743935a@group-B3001CF6DA5A-SegmentedRaftLogWorker: Starting segment from index:0
2023-09-15 05:01:53,516 [ddd75f10-d1e9-4189-b9ef-e4896743935a@group-B3001CF6DA5A-SegmentedRaftLogWorker] INFO  segmented.SegmentedRaftLogWorker (SegmentedRaftLogWorker.java:execute(651)) - ddd75f10-d1e9-4189-b9ef-e4896743935a@group-B3001CF6DA5A-SegmentedRaftLogWorker: created new log segment /home/runner/work/ozone/ozone/hadoop-ozone/integration-test/target/test-dir/MiniOzoneClusterImpl-0a18362f-1832-4b81-b629-935968d04e12/datanode-5/data/ratis/0d493743-1714-4cdc-9ef2-b3001cf6da5a/current/log_inprogress_0
2023-09-15 05:01:53,526 [ddd75f10-d1e9-4189-b9ef-e4896743935a@group-B3001CF6DA5A-LeaderElection11] INFO  server.RaftServer$Division (ServerState.java:setRaftConf(434)) - ddd75f10-d1e9-4189-b9ef-e4896743935a@group-B3001CF6DA5A: set configuration 0: peers:[ddd75f10-d1e9-4189-b9ef-e4896743935a|rpc:10.1.0.24:15059|admin:10.1.0.24:15058|client:10.1.0.24:15057|dataStream:10.1.0.24:15060|priority:1|startupRole:FOLLOWER]|listeners:[], old=null
2023-09-15 05:01:53,854 [qtp1742235652-15] ERROR generators.WadlGeneratorJAXBGrammarGenerator (WadlGeneratorJAXBGrammarGenerator.java:buildModelAndSchemas(207)) - Failed to generate the schema for the JAX-B elements
com.sun.xml.bind.v2.runtime.IllegalAnnotationsException: 1 counts of IllegalAnnotationExceptions
java.util.Map is an interface, and JAXB can't handle interfaces.
	this problem is related to the following location:
		at java.util.Map

	at com.sun.xml.bind.v2.runtime.IllegalAnnotationsException$Builder.check(IllegalAnnotationsException.java:106)
	at com.sun.xml.bind.v2.runtime.JAXBContextImpl.getTypeInfoSet(JAXBContextImpl.java:471)
	at com.sun.xml.bind.v2.runtime.JAXBContextImpl.<init>(JAXBContextImpl.java:303)
	at com.sun.xml.bind.v2.runtime.JAXBContextImpl.<init>(JAXBContextImpl.java:139)
	at com.sun.xml.bind.v2.runtime.JAXBContextImpl$JAXBContextBuilder.build(JAXBContextImpl.java:1156)
	at com.sun.xml.bind.v2.ContextFactory.createContext(ContextFactory.java:165)
	at sun.reflect.NativeMethodAccessorImpl.invoke0(Native Method)
	at sun.reflect.NativeMethodAccessorImpl.invoke(NativeMethodAccessorImpl.java:62)
	at sun.reflect.DelegatingMethodAccessorImpl.invoke(DelegatingMethodAccessorImpl.java:43)
	at java.lang.reflect.Method.invoke(Method.java:498)
	at javax.xml.bind.ContextFinder.newInstance(ContextFinder.java:247)
	at javax.xml.bind.ContextFinder.newInstance(ContextFinder.java:234)
	at javax.xml.bind.ContextFinder.find(ContextFinder.java:441)
	at javax.xml.bind.JAXBContext.newInstance(JAXBContext.java:641)
	at javax.xml.bind.JAXBContext.newInstance(JAXBContext.java:584)
	at com.sun.jersey.server.wadl.generators.WadlGeneratorJAXBGrammarGenerator.buildModelAndSchemas(WadlGeneratorJAXBGrammarGenerator.java:169)
	at com.sun.jersey.server.wadl.generators.AbstractWadlGeneratorGrammarGenerator.createExternalGrammar(AbstractWadlGeneratorGrammarGenerator.java:405)
	at com.sun.jersey.server.wadl.WadlBuilder.generate(WadlBuilder.java:149)
	at com.sun.jersey.server.impl.wadl.WadlApplicationContextImpl.getApplication(WadlApplicationContextImpl.java:119)
	at com.sun.jersey.server.impl.wadl.WadlApplicationContextImpl.getApplication(WadlApplicationContextImpl.java:138)
	at com.sun.jersey.server.impl.wadl.WadlMethodFactory$WadlOptionsMethodDispatcher.dispatch(WadlMethodFactory.java:110)
	at com.sun.jersey.server.impl.uri.rules.HttpMethodRule.accept(HttpMethodRule.java:302)
	at com.sun.jersey.server.impl.uri.rules.RightHandPathRule.accept(RightHandPathRule.java:147)
	at com.sun.jersey.server.impl.uri.rules.ResourceClassRule.accept(ResourceClassRule.java:108)
	at com.sun.jersey.server.impl.uri.rules.RightHandPathRule.accept(RightHandPathRule.java:147)
	at com.sun.jersey.server.impl.uri.rules.RootResourceClassesRule.accept(RootResourceClassesRule.java:84)
	at com.sun.jersey.server.impl.application.WebApplicationImpl._handleRequest(WebApplicationImpl.java:1542)
	at com.sun.jersey.server.impl.application.WebApplicationImpl._handleRequest(WebApplicationImpl.java:1473)
	at com.sun.jersey.server.impl.application.WebApplicationImpl.handleRequest(WebApplicationImpl.java:1419)
	at com.sun.jersey.server.impl.application.WebApplicationImpl.handleRequest(WebApplicationImpl.java:1409)
	at com.sun.jersey.spi.container.servlet.WebComponent.service(WebComponent.java:409)
	at com.sun.jersey.spi.container.servlet.ServletContainer.service(ServletContainer.java:558)
	at com.sun.jersey.spi.container.servlet.ServletContainer.service(ServletContainer.java:733)
	at javax.servlet.http.HttpServlet.service(HttpServlet.java:590)
	at org.eclipse.jetty.servlet.ServletHolder$NotAsync.service(ServletHolder.java:1459)
	at org.eclipse.jetty.servlet.ServletHolder.handle(ServletHolder.java:799)
	at org.eclipse.jetty.servlet.ServletHandler$ChainEnd.doFilter(ServletHandler.java:1656)
	at org.apache.hadoop.crypto.key.kms.server.KMSMDCFilter.doFilter(KMSMDCFilter.java:98)
	at org.eclipse.jetty.servlet.FilterHolder.doFilter(FilterHolder.java:193)
	at org.eclipse.jetty.servlet.ServletHandler$Chain.doFilter(ServletHandler.java:1626)
	at org.apache.hadoop.security.authentication.server.AuthenticationFilter.doFilter(AuthenticationFilter.java:650)
	at org.apache.hadoop.security.token.delegation.web.DelegationTokenAuthenticationFilter.doFilter(DelegationTokenAuthenticationFilter.java:305)
	at org.apache.hadoop.security.authentication.server.AuthenticationFilter.doFilter(AuthenticationFilter.java:592)
	at org.apache.hadoop.crypto.key.kms.server.KMSAuthenticationFilter.doFilter(KMSAuthenticationFilter.java:162)
	at org.eclipse.jetty.servlet.FilterHolder.doFilter(FilterHolder.java:201)
	at org.eclipse.jetty.servlet.ServletHandler$Chain.doFilter(ServletHandler.java:1626)
	at org.apache.hadoop.http.lib.StaticUserWebFilter$StaticUserFilter.doFilter(StaticUserWebFilter.java:110)
	at org.eclipse.jetty.servlet.FilterHolder.doFilter(FilterHolder.java:193)
	at org.eclipse.jetty.servlet.ServletHandler$Chain.doFilter(ServletHandler.java:1626)
	at org.apache.hadoop.http.HttpServer2$QuotingInputFilter.doFilter(HttpServer2.java:1794)
	at org.eclipse.jetty.servlet.FilterHolder.doFilter(FilterHolder.java:193)
	at org.eclipse.jetty.servlet.ServletHandler$Chain.doFilter(ServletHandler.java:1626)
	at org.apache.hadoop.http.NoCacheFilter.doFilter(NoCacheFilter.java:45)
	at org.eclipse.jetty.servlet.FilterHolder.doFilter(FilterHolder.java:193)
	at org.eclipse.jetty.servlet.ServletHandler$Chain.doFilter(ServletHandler.java:1626)
	at org.eclipse.jetty.servlet.ServletHandler.doHandle(ServletHandler.java:552)
	at org.eclipse.jetty.server.handler.ScopedHandler.handle(ScopedHandler.java:143)
	at org.eclipse.jetty.security.SecurityHandler.handle(SecurityHandler.java:600)
	at org.eclipse.jetty.server.handler.HandlerWrapper.handle(HandlerWrapper.java:127)
	at org.eclipse.jetty.server.handler.ScopedHandler.nextHandle(ScopedHandler.java:235)
	at org.eclipse.jetty.server.session.SessionHandler.doHandle(SessionHandler.java:1624)
	at org.eclipse.jetty.server.handler.ScopedHandler.nextHandle(ScopedHandler.java:233)
	at org.eclipse.jetty.server.handler.ContextHandler.doHandle(ContextHandler.java:1440)
	at org.eclipse.jetty.server.handler.ScopedHandler.nextScope(ScopedHandler.java:188)
	at org.eclipse.jetty.servlet.ServletHandler.doScope(ServletHandler.java:505)
	at org.eclipse.jetty.server.session.SessionHandler.doScope(SessionHandler.java:1594)
	at org.eclipse.jetty.server.handler.ScopedHandler.nextScope(ScopedHandler.java:186)
	at org.eclipse.jetty.server.handler.ContextHandler.doScope(ContextHandler.java:1355)
	at org.eclipse.jetty.server.handler.ScopedHandler.handle(ScopedHandler.java:141)
	at org.eclipse.jetty.server.handler.HandlerCollection.handle(HandlerCollection.java:146)
	at org.eclipse.jetty.server.handler.HandlerWrapper.handle(HandlerWrapper.java:127)
	at org.eclipse.jetty.server.Server.handle(Server.java:512)
	at org.eclipse.jetty.server.HttpChannel.lambda$handle$1(HttpChannel.java:487)
	at org.eclipse.jetty.server.HttpChannel.dispatch(HttpChannel.java:732)
	at org.eclipse.jetty.server.HttpChannel.handle(HttpChannel.java:479)
	at org.eclipse.jetty.server.HttpConnection.onFillable(HttpConnection.java:277)
	at org.eclipse.jetty.io.AbstractConnection$ReadCallback.succeeded(AbstractConnection.java:311)
	at org.eclipse.jetty.io.FillInterest.fillable(FillInterest.java:105)
	at org.eclipse.jetty.io.ChannelEndPoint$1.run(ChannelEndPoint.java:104)
	at org.eclipse.jetty.util.thread.strategy.EatWhatYouKill.runTask(EatWhatYouKill.java:338)
	at org.eclipse.jetty.util.thread.strategy.EatWhatYouKill.doProduce(EatWhatYouKill.java:315)
	at org.eclipse.jetty.util.thread.strategy.EatWhatYouKill.tryProduce(EatWhatYouKill.java:173)
	at org.eclipse.jetty.util.thread.strategy.EatWhatYouKill.produce(EatWhatYouKill.java:137)
	at org.eclipse.jetty.util.thread.QueuedThreadPool.runJob(QueuedThreadPool.java:883)
	at org.eclipse.jetty.util.thread.QueuedThreadPool$Runner.run(QueuedThreadPool.java:1034)
	at java.lang.Thread.run(Thread.java:750)
2023-09-15 05:01:53,856 [qtp1742235652-15] INFO  generators.AbstractWadlGeneratorGrammarGenerator (AbstractWadlGeneratorGrammarGenerator.java:attachTypes(479)) - Couldn't find grammar element for class javax.ws.rs.core.Response
2023-09-15 05:01:53,857 [qtp1742235652-15] INFO  generators.AbstractWadlGeneratorGrammarGenerator (AbstractWadlGeneratorGrammarGenerator.java:attachTypes(479)) - Couldn't find grammar element for class java.util.Map
2023-09-15 05:01:53,857 [qtp1742235652-15] INFO  generators.AbstractWadlGeneratorGrammarGenerator (AbstractWadlGeneratorGrammarGenerator.java:attachTypes(479)) - Couldn't find grammar element for class javax.ws.rs.core.Response
2023-09-15 05:01:53,857 [qtp1742235652-15] INFO  generators.AbstractWadlGeneratorGrammarGenerator (AbstractWadlGeneratorGrammarGenerator.java:attachTypes(479)) - Couldn't find grammar element for class java.util.Map
2023-09-15 05:01:53,857 [qtp1742235652-15] INFO  generators.AbstractWadlGeneratorGrammarGenerator (AbstractWadlGeneratorGrammarGenerator.java:attachTypes(479)) - Couldn't find grammar element for class javax.ws.rs.core.Response
2023-09-15 05:01:53,857 [qtp1742235652-15] INFO  generators.AbstractWadlGeneratorGrammarGenerator (AbstractWadlGeneratorGrammarGenerator.java:attachTypes(479)) - Couldn't find grammar element for class java.util.Map
2023-09-15 05:01:53,857 [qtp1742235652-15] INFO  generators.AbstractWadlGeneratorGrammarGenerator (AbstractWadlGeneratorGrammarGenerator.java:attachTypes(479)) - Couldn't find grammar element for class java.util.Map
2023-09-15 05:01:53,858 [qtp1742235652-15] INFO  generators.AbstractWadlGeneratorGrammarGenerator (AbstractWadlGeneratorGrammarGenerator.java:attachTypes(479)) - Couldn't find grammar element for class java.util.Map
2023-09-15 05:01:54,151 [49835f94-14b4-44df-a6e0-f69154e42310@group-370FE6A9CA5D-FollowerState] INFO  impl.FollowerState (FollowerState.java:run(143)) - 49835f94-14b4-44df-a6e0-f69154e42310@group-370FE6A9CA5D-FollowerState: change to CANDIDATE, lastRpcElapsedTime:5154828042ns, electionTimeout:5150ms
2023-09-15 05:01:54,156 [49835f94-14b4-44df-a6e0-f69154e42310@group-370FE6A9CA5D-FollowerState] INFO  impl.RoleInfo (RoleInfo.java:shutdownFollowerState(110)) - 49835f94-14b4-44df-a6e0-f69154e42310: shutdown 49835f94-14b4-44df-a6e0-f69154e42310@group-370FE6A9CA5D-FollowerState
2023-09-15 05:01:54,156 [49835f94-14b4-44df-a6e0-f69154e42310@group-370FE6A9CA5D-FollowerState] INFO  server.RaftServer$Division (RaftServerImpl.java:setRole(329)) - 49835f94-14b4-44df-a6e0-f69154e42310@group-370FE6A9CA5D: changes role from  FOLLOWER to CANDIDATE at term 0 for changeToCandidate
2023-09-15 05:01:54,156 [49835f94-14b4-44df-a6e0-f69154e42310@group-370FE6A9CA5D-FollowerState] INFO  server.RaftServerConfigKeys (ConfUtils.java:logGet(46)) - raft.server.leaderelection.pre-vote = true (default)
2023-09-15 05:01:54,156 [49835f94-14b4-44df-a6e0-f69154e42310@group-370FE6A9CA5D-FollowerState] INFO  impl.RoleInfo (RoleInfo.java:updateAndGet(139)) - 49835f94-14b4-44df-a6e0-f69154e42310: start 49835f94-14b4-44df-a6e0-f69154e42310@group-370FE6A9CA5D-LeaderElection12
2023-09-15 05:01:54,162 [49835f94-14b4-44df-a6e0-f69154e42310@group-370FE6A9CA5D-LeaderElection12] INFO  impl.LeaderElection (LeaderElection.java:askForVotes(321)) - 49835f94-14b4-44df-a6e0-f69154e42310@group-370FE6A9CA5D-LeaderElection12 PRE_VOTE round 0: submit vote requests at term 0 for -1: peers:[49835f94-14b4-44df-a6e0-f69154e42310|rpc:10.1.0.24:15068|admin:10.1.0.24:15067|client:10.1.0.24:15066|dataStream:10.1.0.24:15069|priority:1|startupRole:FOLLOWER]|listeners:[], old=null
2023-09-15 05:01:54,162 [49835f94-14b4-44df-a6e0-f69154e42310@group-370FE6A9CA5D-LeaderElection12] INFO  impl.LeaderElection (LeaderElection.java:askForVotes(323)) - 49835f94-14b4-44df-a6e0-f69154e42310@group-370FE6A9CA5D-LeaderElection12 PRE_VOTE round 0: result PASSED (term=0)
2023-09-15 05:01:54,164 [49835f94-14b4-44df-a6e0-f69154e42310@group-370FE6A9CA5D-LeaderElection12] INFO  impl.LeaderElection (LeaderElection.java:askForVotes(321)) - 49835f94-14b4-44df-a6e0-f69154e42310@group-370FE6A9CA5D-LeaderElection12 ELECTION round 0: submit vote requests at term 1 for -1: peers:[49835f94-14b4-44df-a6e0-f69154e42310|rpc:10.1.0.24:15068|admin:10.1.0.24:15067|client:10.1.0.24:15066|dataStream:10.1.0.24:15069|priority:1|startupRole:FOLLOWER]|listeners:[], old=null
2023-09-15 05:01:54,164 [49835f94-14b4-44df-a6e0-f69154e42310@group-370FE6A9CA5D-LeaderElection12] INFO  impl.LeaderElection (LeaderElection.java:askForVotes(323)) - 49835f94-14b4-44df-a6e0-f69154e42310@group-370FE6A9CA5D-LeaderElection12 ELECTION round 0: result PASSED (term=1)
2023-09-15 05:01:54,164 [49835f94-14b4-44df-a6e0-f69154e42310@group-370FE6A9CA5D-LeaderElection12] INFO  impl.RoleInfo (RoleInfo.java:shutdownLeaderElection(130)) - 49835f94-14b4-44df-a6e0-f69154e42310: shutdown 49835f94-14b4-44df-a6e0-f69154e42310@group-370FE6A9CA5D-LeaderElection12
2023-09-15 05:01:54,164 [49835f94-14b4-44df-a6e0-f69154e42310@group-370FE6A9CA5D-LeaderElection12] INFO  server.RaftServer$Division (RaftServerImpl.java:setRole(329)) - 49835f94-14b4-44df-a6e0-f69154e42310@group-370FE6A9CA5D: changes role from CANDIDATE to LEADER at term 1 for changeToLeader
2023-09-15 05:01:54,164 [49835f94-14b4-44df-a6e0-f69154e42310@group-370FE6A9CA5D-LeaderElection12] INFO  ratis.XceiverServerRatis (XceiverServerRatis.java:handleLeaderChangedNotification(902)) - Leader change notification received for group: group-370FE6A9CA5D with new leaderId: 49835f94-14b4-44df-a6e0-f69154e42310
2023-09-15 05:01:54,165 [49835f94-14b4-44df-a6e0-f69154e42310@group-370FE6A9CA5D-LeaderElection12] INFO  server.RaftServer$Division (ServerState.java:setLeader(317)) - 49835f94-14b4-44df-a6e0-f69154e42310@group-370FE6A9CA5D: change Leader from null to 49835f94-14b4-44df-a6e0-f69154e42310 at term 1 for becomeLeader, leader elected after 5187ms
2023-09-15 05:01:54,165 [49835f94-14b4-44df-a6e0-f69154e42310@group-370FE6A9CA5D-LeaderElection12] INFO  server.RaftServerConfigKeys (ConfUtils.java:logGet(46)) - raft.server.staging.catchup.gap = 1000 (default)
2023-09-15 05:01:54,165 [49835f94-14b4-44df-a6e0-f69154e42310@group-370FE6A9CA5D-LeaderElection12] INFO  server.RaftServerConfigKeys (ConfUtils.java:logGet(46)) - raft.server.write.element-limit = 1024 (custom)
2023-09-15 05:01:54,165 [49835f94-14b4-44df-a6e0-f69154e42310@group-370FE6A9CA5D-LeaderElection12] INFO  server.RaftServerConfigKeys (ConfUtils.java:logGet(46)) - raft.server.write.byte-limit = 1024 M (=1073741824) (custom)
2023-09-15 05:01:54,166 [49835f94-14b4-44df-a6e0-f69154e42310@group-370FE6A9CA5D-LeaderElection12] INFO  server.RaftServerConfigKeys (ConfUtils.java:logGet(46)) - raft.server.watch.timeout = 180s (custom)
2023-09-15 05:01:54,167 [49835f94-14b4-44df-a6e0-f69154e42310@group-370FE6A9CA5D-LeaderElection12] INFO  server.RaftServerConfigKeys (ConfUtils.java:logGet(46)) - raft.server.watch.timeout.denomination = 1s (default)
2023-09-15 05:01:54,167 [49835f94-14b4-44df-a6e0-f69154e42310@group-370FE6A9CA5D-LeaderElection12] INFO  server.RaftServerConfigKeys (ConfUtils.java:logGet(46)) - raft.server.watch.element-limit = 65536 (default)
2023-09-15 05:01:54,165 [ba5cf16e-7b97-4e1d-8791-bccb4873d66e@group-A97556893AFE-FollowerState] INFO  impl.FollowerState (FollowerState.java:run(143)) - ba5cf16e-7b97-4e1d-8791-bccb4873d66e@group-A97556893AFE-FollowerState: change to CANDIDATE, lastRpcElapsedTime:5079128432ns, electionTimeout:5075ms
2023-09-15 05:01:54,168 [ba5cf16e-7b97-4e1d-8791-bccb4873d66e@group-A97556893AFE-FollowerState] INFO  impl.RoleInfo (RoleInfo.java:shutdownFollowerState(110)) - ba5cf16e-7b97-4e1d-8791-bccb4873d66e: shutdown ba5cf16e-7b97-4e1d-8791-bccb4873d66e@group-A97556893AFE-FollowerState
2023-09-15 05:01:54,168 [ba5cf16e-7b97-4e1d-8791-bccb4873d66e@group-A97556893AFE-FollowerState] INFO  server.RaftServer$Division (RaftServerImpl.java:setRole(329)) - ba5cf16e-7b97-4e1d-8791-bccb4873d66e@group-A97556893AFE: changes role from  FOLLOWER to CANDIDATE at term 0 for changeToCandidate
2023-09-15 05:01:54,168 [ba5cf16e-7b97-4e1d-8791-bccb4873d66e@group-A97556893AFE-FollowerState] INFO  server.RaftServerConfigKeys (ConfUtils.java:logGet(46)) - raft.server.leaderelection.pre-vote = true (default)
2023-09-15 05:01:54,168 [ba5cf16e-7b97-4e1d-8791-bccb4873d66e@group-A97556893AFE-FollowerState] INFO  impl.RoleInfo (RoleInfo.java:updateAndGet(139)) - ba5cf16e-7b97-4e1d-8791-bccb4873d66e: start ba5cf16e-7b97-4e1d-8791-bccb4873d66e@group-A97556893AFE-LeaderElection13
2023-09-15 05:01:54,167 [49835f94-14b4-44df-a6e0-f69154e42310@group-370FE6A9CA5D-LeaderElection12] INFO  server.RaftServerConfigKeys (ConfUtils.java:logGet(46)) - raft.server.write.element-limit = 1024 (custom)
2023-09-15 05:01:54,169 [49835f94-14b4-44df-a6e0-f69154e42310@group-370FE6A9CA5D-LeaderElection12] INFO  server.RaftServerConfigKeys (ConfUtils.java:logGet(46)) - raft.server.write.follower.gap.ratio.max = -1.0 (default)
2023-09-15 05:01:54,169 [49835f94-14b4-44df-a6e0-f69154e42310@group-370FE6A9CA5D-LeaderElection12] INFO  impl.RoleInfo (RoleInfo.java:updateAndGet(139)) - 49835f94-14b4-44df-a6e0-f69154e42310: start 49835f94-14b4-44df-a6e0-f69154e42310@group-370FE6A9CA5D-LeaderStateImpl
2023-09-15 05:01:54,170 [49835f94-14b4-44df-a6e0-f69154e42310@group-370FE6A9CA5D-LeaderElection12] INFO  segmented.SegmentedRaftLogWorker (SegmentedRaftLogWorker.java:startLogSegment(447)) - 49835f94-14b4-44df-a6e0-f69154e42310@group-370FE6A9CA5D-SegmentedRaftLogWorker: Starting segment from index:0
2023-09-15 05:01:54,179 [49835f94-14b4-44df-a6e0-f69154e42310@group-370FE6A9CA5D-SegmentedRaftLogWorker] INFO  segmented.SegmentedRaftLogWorker (SegmentedRaftLogWorker.java:execute(651)) - 49835f94-14b4-44df-a6e0-f69154e42310@group-370FE6A9CA5D-SegmentedRaftLogWorker: created new log segment /home/runner/work/ozone/ozone/hadoop-ozone/integration-test/target/test-dir/MiniOzoneClusterImpl-0a18362f-1832-4b81-b629-935968d04e12/datanode-6/data/ratis/54667523-c106-46cf-97e0-370fe6a9ca5d/current/log_inprogress_0
2023-09-15 05:01:54,187 [ba5cf16e-7b97-4e1d-8791-bccb4873d66e@group-A97556893AFE-LeaderElection13] INFO  impl.LeaderElection (LeaderElection.java:askForVotes(321)) - ba5cf16e-7b97-4e1d-8791-bccb4873d66e@group-A97556893AFE-LeaderElection13 PRE_VOTE round 0: submit vote requests at term 0 for -1: peers:[ba5cf16e-7b97-4e1d-8791-bccb4873d66e|rpc:10.1.0.24:15086|admin:10.1.0.24:15085|client:10.1.0.24:15084|dataStream:10.1.0.24:15087|priority:0|startupRole:FOLLOWER, 49835f94-14b4-44df-a6e0-f69154e42310|rpc:10.1.0.24:15068|admin:10.1.0.24:15067|client:10.1.0.24:15066|dataStream:10.1.0.24:15069|priority:1|startupRole:FOLLOWER, 386b2284-1126-4572-992a-9634c883c70a|rpc:10.1.0.24:15077|admin:10.1.0.24:15076|client:10.1.0.24:15075|dataStream:10.1.0.24:15078|priority:0|startupRole:FOLLOWER]|listeners:[], old=null
2023-09-15 05:01:54,188 [49835f94-14b4-44df-a6e0-f69154e42310@group-A97556893AFE-FollowerState] INFO  impl.FollowerState (FollowerState.java:run(143)) - 49835f94-14b4-44df-a6e0-f69154e42310@group-A97556893AFE-FollowerState: change to CANDIDATE, lastRpcElapsedTime:5162117817ns, electionTimeout:5156ms
2023-09-15 05:01:54,188 [49835f94-14b4-44df-a6e0-f69154e42310@group-A97556893AFE-FollowerState] INFO  impl.RoleInfo (RoleInfo.java:shutdownFollowerState(110)) - 49835f94-14b4-44df-a6e0-f69154e42310: shutdown 49835f94-14b4-44df-a6e0-f69154e42310@group-A97556893AFE-FollowerState
2023-09-15 05:01:54,188 [49835f94-14b4-44df-a6e0-f69154e42310@group-A97556893AFE-FollowerState] INFO  server.RaftServer$Division (RaftServerImpl.java:setRole(329)) - 49835f94-14b4-44df-a6e0-f69154e42310@group-A97556893AFE: changes role from  FOLLOWER to CANDIDATE at term 0 for changeToCandidate
2023-09-15 05:01:54,188 [49835f94-14b4-44df-a6e0-f69154e42310@group-370FE6A9CA5D-LeaderElection12] INFO  server.RaftServer$Division (ServerState.java:setRaftConf(434)) - 49835f94-14b4-44df-a6e0-f69154e42310@group-370FE6A9CA5D: set configuration 0: peers:[49835f94-14b4-44df-a6e0-f69154e42310|rpc:10.1.0.24:15068|admin:10.1.0.24:15067|client:10.1.0.24:15066|dataStream:10.1.0.24:15069|priority:1|startupRole:FOLLOWER]|listeners:[], old=null
2023-09-15 05:01:54,188 [ba5cf16e-7b97-4e1d-8791-bccb4873d66e@group-A97556893AFE-LeaderElection13-1] INFO  server.GrpcServerProtocolClient (GrpcServerProtocolClient.java:<init>(65)) - Build channel for 49835f94-14b4-44df-a6e0-f69154e42310
2023-09-15 05:01:54,205 [ba5cf16e-7b97-4e1d-8791-bccb4873d66e@group-A97556893AFE-LeaderElection13] INFO  server.RaftServerConfigKeys (ConfUtils.java:logFallback(53)) - raft.server.rpc.first-election.timeout.min = 5s (fallback to raft.server.rpc.timeout.min)
2023-09-15 05:01:54,205 [ba5cf16e-7b97-4e1d-8791-bccb4873d66e@group-A97556893AFE-LeaderElection13] INFO  server.RaftServerConfigKeys (ConfUtils.java:logFallback(53)) - raft.server.rpc.first-election.timeout.max = 5200ms (fallback to raft.server.rpc.timeout.max)
2023-09-15 05:01:54,208 [49835f94-14b4-44df-a6e0-f69154e42310@group-A97556893AFE-FollowerState] INFO  server.RaftServerConfigKeys (ConfUtils.java:logGet(46)) - raft.server.leaderelection.pre-vote = true (default)
2023-09-15 05:01:54,208 [49835f94-14b4-44df-a6e0-f69154e42310@group-A97556893AFE-FollowerState] INFO  impl.RoleInfo (RoleInfo.java:updateAndGet(139)) - 49835f94-14b4-44df-a6e0-f69154e42310: start 49835f94-14b4-44df-a6e0-f69154e42310@group-A97556893AFE-LeaderElection14
2023-09-15 05:01:54,208 [grpc-default-executor-2] INFO  server.RaftServer$Division (RaftServerImpl.java:requestVote(1302)) - 49835f94-14b4-44df-a6e0-f69154e42310@group-A97556893AFE: receive requestVote(PRE_VOTE, ba5cf16e-7b97-4e1d-8791-bccb4873d66e, group-A97556893AFE, 0, (t:0, i:0))
2023-09-15 05:01:54,210 [grpc-default-executor-2] INFO  impl.VoteContext (VoteContext.java:log(49)) - 49835f94-14b4-44df-a6e0-f69154e42310@group-A97556893AFE-CANDIDATE: reject PRE_VOTE from ba5cf16e-7b97-4e1d-8791-bccb4873d66e: our priority 1 > candidate's priority 0
2023-09-15 05:01:54,210 [grpc-default-executor-2] INFO  server.RaftServer$Division (RaftServerImpl.java:requestVote(1335)) - 49835f94-14b4-44df-a6e0-f69154e42310@group-A97556893AFE replies to PRE_VOTE vote request: ba5cf16e-7b97-4e1d-8791-bccb4873d66e<-49835f94-14b4-44df-a6e0-f69154e42310#0:FAIL-t0. Peer's state: 49835f94-14b4-44df-a6e0-f69154e42310@group-A97556893AFE:t0, leader=null, voted=, raftlog=Memoized:49835f94-14b4-44df-a6e0-f69154e42310@group-A97556893AFE-SegmentedRaftLog:OPENED:c-1, conf=-1: peers:[ba5cf16e-7b97-4e1d-8791-bccb4873d66e|rpc:10.1.0.24:15086|admin:10.1.0.24:15085|client:10.1.0.24:15084|dataStream:10.1.0.24:15087|priority:0|startupRole:FOLLOWER, 49835f94-14b4-44df-a6e0-f69154e42310|rpc:10.1.0.24:15068|admin:10.1.0.24:15067|client:10.1.0.24:15066|dataStream:10.1.0.24:15069|priority:1|startupRole:FOLLOWER, 386b2284-1126-4572-992a-9634c883c70a|rpc:10.1.0.24:15077|admin:10.1.0.24:15076|client:10.1.0.24:15075|dataStream:10.1.0.24:15078|priority:0|startupRole:FOLLOWER]|listeners:[], old=null
2023-09-15 05:01:54,211 [ba5cf16e-7b97-4e1d-8791-bccb4873d66e@group-A97556893AFE-LeaderElection13-2] INFO  server.GrpcServerProtocolClient (GrpcServerProtocolClient.java:<init>(65)) - Build channel for 386b2284-1126-4572-992a-9634c883c70a
2023-09-15 05:01:54,216 [ba5cf16e-7b97-4e1d-8791-bccb4873d66e@group-A97556893AFE-LeaderElection13] INFO  impl.LeaderElection (LeaderElection.java:logAndReturn(90)) - ba5cf16e-7b97-4e1d-8791-bccb4873d66e@group-A97556893AFE-LeaderElection13: PRE_VOTE REJECTED received 1 response(s) and 0 exception(s):
2023-09-15 05:01:54,217 [ba5cf16e-7b97-4e1d-8791-bccb4873d66e@group-A97556893AFE-LeaderElection13] INFO  impl.LeaderElection (LeaderElection.java:logAndReturn(94)) -   Response 0: ba5cf16e-7b97-4e1d-8791-bccb4873d66e<-49835f94-14b4-44df-a6e0-f69154e42310#0:FAIL-t0
2023-09-15 05:01:54,217 [ba5cf16e-7b97-4e1d-8791-bccb4873d66e@group-A97556893AFE-LeaderElection13] INFO  impl.LeaderElection (LeaderElection.java:askForVotes(323)) - ba5cf16e-7b97-4e1d-8791-bccb4873d66e@group-A97556893AFE-LeaderElection13 PRE_VOTE round 0: result REJECTED
2023-09-15 05:01:54,217 [ba5cf16e-7b97-4e1d-8791-bccb4873d66e@group-A97556893AFE-LeaderElection13] INFO  server.RaftServer$Division (RaftServerImpl.java:setRole(329)) - ba5cf16e-7b97-4e1d-8791-bccb4873d66e@group-A97556893AFE: changes role from CANDIDATE to FOLLOWER at term 0 for REJECTED
2023-09-15 05:01:54,217 [ba5cf16e-7b97-4e1d-8791-bccb4873d66e@group-A97556893AFE-LeaderElection13] INFO  impl.RoleInfo (RoleInfo.java:shutdownLeaderElection(130)) - ba5cf16e-7b97-4e1d-8791-bccb4873d66e: shutdown ba5cf16e-7b97-4e1d-8791-bccb4873d66e@group-A97556893AFE-LeaderElection13
2023-09-15 05:01:54,217 [ba5cf16e-7b97-4e1d-8791-bccb4873d66e@group-A97556893AFE-LeaderElection13] INFO  impl.RoleInfo (RoleInfo.java:updateAndGet(139)) - ba5cf16e-7b97-4e1d-8791-bccb4873d66e: start ba5cf16e-7b97-4e1d-8791-bccb4873d66e@group-A97556893AFE-FollowerState
2023-09-15 05:01:54,233 [49835f94-14b4-44df-a6e0-f69154e42310@group-A97556893AFE-LeaderElection14] INFO  impl.LeaderElection (LeaderElection.java:askForVotes(321)) - 49835f94-14b4-44df-a6e0-f69154e42310@group-A97556893AFE-LeaderElection14 PRE_VOTE round 0: submit vote requests at term 0 for -1: peers:[ba5cf16e-7b97-4e1d-8791-bccb4873d66e|rpc:10.1.0.24:15086|admin:10.1.0.24:15085|client:10.1.0.24:15084|dataStream:10.1.0.24:15087|priority:0|startupRole:FOLLOWER, 49835f94-14b4-44df-a6e0-f69154e42310|rpc:10.1.0.24:15068|admin:10.1.0.24:15067|client:10.1.0.24:15066|dataStream:10.1.0.24:15069|priority:1|startupRole:FOLLOWER, 386b2284-1126-4572-992a-9634c883c70a|rpc:10.1.0.24:15077|admin:10.1.0.24:15076|client:10.1.0.24:15075|dataStream:10.1.0.24:15078|priority:0|startupRole:FOLLOWER]|listeners:[], old=null
2023-09-15 05:01:54,241 [49835f94-14b4-44df-a6e0-f69154e42310@group-A97556893AFE-LeaderElection14-1] INFO  server.GrpcServerProtocolClient (GrpcServerProtocolClient.java:<init>(65)) - Build channel for ba5cf16e-7b97-4e1d-8791-bccb4873d66e
2023-09-15 05:01:54,245 [49835f94-14b4-44df-a6e0-f69154e42310@group-A97556893AFE-LeaderElection14] INFO  server.RaftServerConfigKeys (ConfUtils.java:logFallback(53)) - raft.server.rpc.first-election.timeout.min = 5s (fallback to raft.server.rpc.timeout.min)
2023-09-15 05:01:54,245 [49835f94-14b4-44df-a6e0-f69154e42310@group-A97556893AFE-LeaderElection14] INFO  server.RaftServerConfigKeys (ConfUtils.java:logFallback(53)) - raft.server.rpc.first-election.timeout.max = 5200ms (fallback to raft.server.rpc.timeout.max)
2023-09-15 05:01:54,255 [49835f94-14b4-44df-a6e0-f69154e42310@group-A97556893AFE-LeaderElection14-2] INFO  server.GrpcServerProtocolClient (GrpcServerProtocolClient.java:<init>(65)) - Build channel for 386b2284-1126-4572-992a-9634c883c70a
2023-09-15 05:01:54,264 [grpc-default-executor-2] INFO  server.RaftServer$Division (RaftServerImpl.java:requestVote(1302)) - 386b2284-1126-4572-992a-9634c883c70a@group-A97556893AFE: receive requestVote(PRE_VOTE, ba5cf16e-7b97-4e1d-8791-bccb4873d66e, group-A97556893AFE, 0, (t:0, i:0))
2023-09-15 05:01:54,264 [grpc-default-executor-2] INFO  impl.VoteContext (VoteContext.java:log(49)) - 386b2284-1126-4572-992a-9634c883c70a@group-A97556893AFE-FOLLOWER: accept PRE_VOTE from ba5cf16e-7b97-4e1d-8791-bccb4873d66e: our priority 0 <= candidate's priority 0
2023-09-15 05:01:54,265 [grpc-default-executor-2] INFO  server.RaftServer$Division (RaftServerImpl.java:requestVote(1335)) - 386b2284-1126-4572-992a-9634c883c70a@group-A97556893AFE replies to PRE_VOTE vote request: ba5cf16e-7b97-4e1d-8791-bccb4873d66e<-386b2284-1126-4572-992a-9634c883c70a#0:OK-t0. Peer's state: 386b2284-1126-4572-992a-9634c883c70a@group-A97556893AFE:t0, leader=null, voted=, raftlog=Memoized:386b2284-1126-4572-992a-9634c883c70a@group-A97556893AFE-SegmentedRaftLog:OPENED:c-1, conf=-1: peers:[ba5cf16e-7b97-4e1d-8791-bccb4873d66e|rpc:10.1.0.24:15086|admin:10.1.0.24:15085|client:10.1.0.24:15084|dataStream:10.1.0.24:15087|priority:0|startupRole:FOLLOWER, 49835f94-14b4-44df-a6e0-f69154e42310|rpc:10.1.0.24:15068|admin:10.1.0.24:15067|client:10.1.0.24:15066|dataStream:10.1.0.24:15069|priority:1|startupRole:FOLLOWER, 386b2284-1126-4572-992a-9634c883c70a|rpc:10.1.0.24:15077|admin:10.1.0.24:15076|client:10.1.0.24:15075|dataStream:10.1.0.24:15078|priority:0|startupRole:FOLLOWER]|listeners:[], old=null
2023-09-15 05:01:54,267 [grpc-default-executor-5] INFO  server.RaftServer$Division (RaftServerImpl.java:requestVote(1302)) - ba5cf16e-7b97-4e1d-8791-bccb4873d66e@group-A97556893AFE: receive requestVote(PRE_VOTE, 49835f94-14b4-44df-a6e0-f69154e42310, group-A97556893AFE, 0, (t:0, i:0))
2023-09-15 05:01:54,267 [grpc-default-executor-5] INFO  impl.VoteContext (VoteContext.java:log(49)) - ba5cf16e-7b97-4e1d-8791-bccb4873d66e@group-A97556893AFE-FOLLOWER: accept PRE_VOTE from 49835f94-14b4-44df-a6e0-f69154e42310: our priority 0 <= candidate's priority 1
2023-09-15 05:01:54,267 [grpc-default-executor-5] INFO  server.RaftServer$Division (RaftServerImpl.java:requestVote(1335)) - ba5cf16e-7b97-4e1d-8791-bccb4873d66e@group-A97556893AFE replies to PRE_VOTE vote request: 49835f94-14b4-44df-a6e0-f69154e42310<-ba5cf16e-7b97-4e1d-8791-bccb4873d66e#0:OK-t0. Peer's state: ba5cf16e-7b97-4e1d-8791-bccb4873d66e@group-A97556893AFE:t0, leader=null, voted=, raftlog=Memoized:ba5cf16e-7b97-4e1d-8791-bccb4873d66e@group-A97556893AFE-SegmentedRaftLog:OPENED:c-1, conf=-1: peers:[ba5cf16e-7b97-4e1d-8791-bccb4873d66e|rpc:10.1.0.24:15086|admin:10.1.0.24:15085|client:10.1.0.24:15084|dataStream:10.1.0.24:15087|priority:0|startupRole:FOLLOWER, 49835f94-14b4-44df-a6e0-f69154e42310|rpc:10.1.0.24:15068|admin:10.1.0.24:15067|client:10.1.0.24:15066|dataStream:10.1.0.24:15069|priority:1|startupRole:FOLLOWER, 386b2284-1126-4572-992a-9634c883c70a|rpc:10.1.0.24:15077|admin:10.1.0.24:15076|client:10.1.0.24:15075|dataStream:10.1.0.24:15078|priority:0|startupRole:FOLLOWER]|listeners:[], old=null
2023-09-15 05:01:54,270 [49835f94-14b4-44df-a6e0-f69154e42310@group-A97556893AFE-LeaderElection14] INFO  impl.LeaderElection (LeaderElection.java:logAndReturn(90)) - 49835f94-14b4-44df-a6e0-f69154e42310@group-A97556893AFE-LeaderElection14: PRE_VOTE PASSED received 1 response(s) and 0 exception(s):
2023-09-15 05:01:54,270 [49835f94-14b4-44df-a6e0-f69154e42310@group-A97556893AFE-LeaderElection14] INFO  impl.LeaderElection (LeaderElection.java:logAndReturn(94)) -   Response 0: 49835f94-14b4-44df-a6e0-f69154e42310<-ba5cf16e-7b97-4e1d-8791-bccb4873d66e#0:OK-t0
2023-09-15 05:01:54,270 [49835f94-14b4-44df-a6e0-f69154e42310@group-A97556893AFE-LeaderElection14] INFO  impl.LeaderElection (LeaderElection.java:askForVotes(323)) - 49835f94-14b4-44df-a6e0-f69154e42310@group-A97556893AFE-LeaderElection14 PRE_VOTE round 0: result PASSED
2023-09-15 05:01:54,271 [49835f94-14b4-44df-a6e0-f69154e42310@group-A97556893AFE-LeaderElection14] INFO  impl.LeaderElection (LeaderElection.java:askForVotes(321)) - 49835f94-14b4-44df-a6e0-f69154e42310@group-A97556893AFE-LeaderElection14 ELECTION round 0: submit vote requests at term 1 for -1: peers:[ba5cf16e-7b97-4e1d-8791-bccb4873d66e|rpc:10.1.0.24:15086|admin:10.1.0.24:15085|client:10.1.0.24:15084|dataStream:10.1.0.24:15087|priority:0|startupRole:FOLLOWER, 49835f94-14b4-44df-a6e0-f69154e42310|rpc:10.1.0.24:15068|admin:10.1.0.24:15067|client:10.1.0.24:15066|dataStream:10.1.0.24:15069|priority:1|startupRole:FOLLOWER, 386b2284-1126-4572-992a-9634c883c70a|rpc:10.1.0.24:15077|admin:10.1.0.24:15076|client:10.1.0.24:15075|dataStream:10.1.0.24:15078|priority:0|startupRole:FOLLOWER]|listeners:[], old=null
2023-09-15 05:01:54,283 [grpc-default-executor-3] INFO  server.RaftServer$Division (RaftServerImpl.java:requestVote(1302)) - 386b2284-1126-4572-992a-9634c883c70a@group-A97556893AFE: receive requestVote(PRE_VOTE, 49835f94-14b4-44df-a6e0-f69154e42310, group-A97556893AFE, 0, (t:0, i:0))
2023-09-15 05:01:54,286 [49835f94-14b4-44df-a6e0-f69154e42310@group-A97556893AFE-LeaderElection14] INFO  server.RaftServerConfigKeys (ConfUtils.java:logFallback(53)) - raft.server.rpc.first-election.timeout.min = 5s (fallback to raft.server.rpc.timeout.min)
2023-09-15 05:01:54,286 [49835f94-14b4-44df-a6e0-f69154e42310@group-A97556893AFE-LeaderElection14] INFO  server.RaftServerConfigKeys (ConfUtils.java:logFallback(53)) - raft.server.rpc.first-election.timeout.max = 5200ms (fallback to raft.server.rpc.timeout.max)
2023-09-15 05:01:54,294 [grpc-default-executor-3] INFO  impl.VoteContext (VoteContext.java:log(49)) - 386b2284-1126-4572-992a-9634c883c70a@group-A97556893AFE-FOLLOWER: accept PRE_VOTE from 49835f94-14b4-44df-a6e0-f69154e42310: our priority 0 <= candidate's priority 1
2023-09-15 05:01:54,294 [grpc-default-executor-3] INFO  server.RaftServer$Division (RaftServerImpl.java:requestVote(1335)) - 386b2284-1126-4572-992a-9634c883c70a@group-A97556893AFE replies to PRE_VOTE vote request: 49835f94-14b4-44df-a6e0-f69154e42310<-386b2284-1126-4572-992a-9634c883c70a#0:OK-t0. Peer's state: 386b2284-1126-4572-992a-9634c883c70a@group-A97556893AFE:t0, leader=null, voted=, raftlog=Memoized:386b2284-1126-4572-992a-9634c883c70a@group-A97556893AFE-SegmentedRaftLog:OPENED:c-1, conf=-1: peers:[ba5cf16e-7b97-4e1d-8791-bccb4873d66e|rpc:10.1.0.24:15086|admin:10.1.0.24:15085|client:10.1.0.24:15084|dataStream:10.1.0.24:15087|priority:0|startupRole:FOLLOWER, 49835f94-14b4-44df-a6e0-f69154e42310|rpc:10.1.0.24:15068|admin:10.1.0.24:15067|client:10.1.0.24:15066|dataStream:10.1.0.24:15069|priority:1|startupRole:FOLLOWER, 386b2284-1126-4572-992a-9634c883c70a|rpc:10.1.0.24:15077|admin:10.1.0.24:15076|client:10.1.0.24:15075|dataStream:10.1.0.24:15078|priority:0|startupRole:FOLLOWER]|listeners:[], old=null
2023-09-15 05:01:54,294 [grpc-default-executor-5] INFO  server.RaftServer$Division (RaftServerImpl.java:requestVote(1302)) - ba5cf16e-7b97-4e1d-8791-bccb4873d66e@group-A97556893AFE: receive requestVote(ELECTION, 49835f94-14b4-44df-a6e0-f69154e42310, group-A97556893AFE, 1, (t:0, i:0))
2023-09-15 05:01:54,294 [grpc-default-executor-5] INFO  impl.VoteContext (VoteContext.java:log(49)) - ba5cf16e-7b97-4e1d-8791-bccb4873d66e@group-A97556893AFE-FOLLOWER: accept ELECTION from 49835f94-14b4-44df-a6e0-f69154e42310: our priority 0 <= candidate's priority 1
2023-09-15 05:01:54,294 [grpc-default-executor-5] INFO  server.RaftServer$Division (RaftServerImpl.java:setRole(329)) - ba5cf16e-7b97-4e1d-8791-bccb4873d66e@group-A97556893AFE: changes role from  FOLLOWER to FOLLOWER at term 1 for candidate:49835f94-14b4-44df-a6e0-f69154e42310
2023-09-15 05:01:54,295 [grpc-default-executor-5] INFO  impl.RoleInfo (RoleInfo.java:shutdownFollowerState(110)) - ba5cf16e-7b97-4e1d-8791-bccb4873d66e: shutdown ba5cf16e-7b97-4e1d-8791-bccb4873d66e@group-A97556893AFE-FollowerState
2023-09-15 05:01:54,295 [grpc-default-executor-5] INFO  impl.RoleInfo (RoleInfo.java:updateAndGet(139)) - ba5cf16e-7b97-4e1d-8791-bccb4873d66e: start ba5cf16e-7b97-4e1d-8791-bccb4873d66e@group-A97556893AFE-FollowerState
2023-09-15 05:01:54,295 [ba5cf16e-7b97-4e1d-8791-bccb4873d66e@group-A97556893AFE-FollowerState] INFO  impl.FollowerState (FollowerState.java:run(152)) - ba5cf16e-7b97-4e1d-8791-bccb4873d66e@group-A97556893AFE-FollowerState was interrupted
2023-09-15 05:01:54,309 [grpc-default-executor-3] INFO  server.RaftServer$Division (RaftServerImpl.java:requestVote(1302)) - 386b2284-1126-4572-992a-9634c883c70a@group-A97556893AFE: receive requestVote(ELECTION, 49835f94-14b4-44df-a6e0-f69154e42310, group-A97556893AFE, 1, (t:0, i:0))
2023-09-15 05:01:54,310 [grpc-default-executor-3] INFO  impl.VoteContext (VoteContext.java:log(49)) - 386b2284-1126-4572-992a-9634c883c70a@group-A97556893AFE-FOLLOWER: accept ELECTION from 49835f94-14b4-44df-a6e0-f69154e42310: our priority 0 <= candidate's priority 1
2023-09-15 05:01:54,310 [grpc-default-executor-3] INFO  server.RaftServer$Division (RaftServerImpl.java:setRole(329)) - 386b2284-1126-4572-992a-9634c883c70a@group-A97556893AFE: changes role from  FOLLOWER to FOLLOWER at term 1 for candidate:49835f94-14b4-44df-a6e0-f69154e42310
2023-09-15 05:01:54,310 [grpc-default-executor-3] INFO  impl.RoleInfo (RoleInfo.java:shutdownFollowerState(110)) - 386b2284-1126-4572-992a-9634c883c70a: shutdown 386b2284-1126-4572-992a-9634c883c70a@group-A97556893AFE-FollowerState
2023-09-15 05:01:54,310 [grpc-default-executor-3] INFO  impl.RoleInfo (RoleInfo.java:updateAndGet(139)) - 386b2284-1126-4572-992a-9634c883c70a: start 386b2284-1126-4572-992a-9634c883c70a@group-A97556893AFE-FollowerState
2023-09-15 05:01:54,310 [386b2284-1126-4572-992a-9634c883c70a@group-A97556893AFE-FollowerState] INFO  impl.FollowerState (FollowerState.java:run(152)) - 386b2284-1126-4572-992a-9634c883c70a@group-A97556893AFE-FollowerState was interrupted
2023-09-15 05:01:54,311 [grpc-default-executor-5] INFO  server.RaftServer$Division (RaftServerImpl.java:requestVote(1335)) - ba5cf16e-7b97-4e1d-8791-bccb4873d66e@group-A97556893AFE replies to ELECTION vote request: 49835f94-14b4-44df-a6e0-f69154e42310<-ba5cf16e-7b97-4e1d-8791-bccb4873d66e#0:OK-t1. Peer's state: ba5cf16e-7b97-4e1d-8791-bccb4873d66e@group-A97556893AFE:t1, leader=null, voted=49835f94-14b4-44df-a6e0-f69154e42310, raftlog=Memoized:ba5cf16e-7b97-4e1d-8791-bccb4873d66e@group-A97556893AFE-SegmentedRaftLog:OPENED:c-1, conf=-1: peers:[ba5cf16e-7b97-4e1d-8791-bccb4873d66e|rpc:10.1.0.24:15086|admin:10.1.0.24:15085|client:10.1.0.24:15084|dataStream:10.1.0.24:15087|priority:0|startupRole:FOLLOWER, 49835f94-14b4-44df-a6e0-f69154e42310|rpc:10.1.0.24:15068|admin:10.1.0.24:15067|client:10.1.0.24:15066|dataStream:10.1.0.24:15069|priority:1|startupRole:FOLLOWER, 386b2284-1126-4572-992a-9634c883c70a|rpc:10.1.0.24:15077|admin:10.1.0.24:15076|client:10.1.0.24:15075|dataStream:10.1.0.24:15078|priority:0|startupRole:FOLLOWER]|listeners:[], old=null
2023-09-15 05:01:54,312 [49835f94-14b4-44df-a6e0-f69154e42310@group-A97556893AFE-LeaderElection14] INFO  impl.LeaderElection (LeaderElection.java:logAndReturn(90)) - 49835f94-14b4-44df-a6e0-f69154e42310@group-A97556893AFE-LeaderElection14: ELECTION PASSED received 1 response(s) and 0 exception(s):
2023-09-15 05:01:54,313 [49835f94-14b4-44df-a6e0-f69154e42310@group-A97556893AFE-LeaderElection14] INFO  impl.LeaderElection (LeaderElection.java:logAndReturn(94)) -   Response 0: 49835f94-14b4-44df-a6e0-f69154e42310<-ba5cf16e-7b97-4e1d-8791-bccb4873d66e#0:OK-t1
2023-09-15 05:01:54,313 [49835f94-14b4-44df-a6e0-f69154e42310@group-A97556893AFE-LeaderElection14] INFO  impl.LeaderElection (LeaderElection.java:askForVotes(323)) - 49835f94-14b4-44df-a6e0-f69154e42310@group-A97556893AFE-LeaderElection14 ELECTION round 0: result PASSED
2023-09-15 05:01:54,313 [49835f94-14b4-44df-a6e0-f69154e42310@group-A97556893AFE-LeaderElection14] INFO  impl.RoleInfo (RoleInfo.java:shutdownLeaderElection(130)) - 49835f94-14b4-44df-a6e0-f69154e42310: shutdown 49835f94-14b4-44df-a6e0-f69154e42310@group-A97556893AFE-LeaderElection14
2023-09-15 05:01:54,313 [49835f94-14b4-44df-a6e0-f69154e42310@group-A97556893AFE-LeaderElection14] INFO  server.RaftServer$Division (RaftServerImpl.java:setRole(329)) - 49835f94-14b4-44df-a6e0-f69154e42310@group-A97556893AFE: changes role from CANDIDATE to LEADER at term 1 for changeToLeader
2023-09-15 05:01:54,313 [49835f94-14b4-44df-a6e0-f69154e42310@group-A97556893AFE-LeaderElection14] INFO  ratis.XceiverServerRatis (XceiverServerRatis.java:handleLeaderChangedNotification(902)) - Leader change notification received for group: group-A97556893AFE with new leaderId: 49835f94-14b4-44df-a6e0-f69154e42310
2023-09-15 05:01:54,313 [49835f94-14b4-44df-a6e0-f69154e42310@group-A97556893AFE-LeaderElection14] INFO  server.RaftServer$Division (ServerState.java:setLeader(317)) - 49835f94-14b4-44df-a6e0-f69154e42310@group-A97556893AFE: change Leader from null to 49835f94-14b4-44df-a6e0-f69154e42310 at term 1 for becomeLeader, leader elected after 5304ms
2023-09-15 05:01:54,313 [49835f94-14b4-44df-a6e0-f69154e42310@group-A97556893AFE-LeaderElection14] INFO  server.RaftServerConfigKeys (ConfUtils.java:logGet(46)) - raft.server.staging.catchup.gap = 1000 (default)
2023-09-15 05:01:54,313 [grpc-default-executor-3] INFO  server.RaftServer$Division (RaftServerImpl.java:requestVote(1335)) - 386b2284-1126-4572-992a-9634c883c70a@group-A97556893AFE replies to ELECTION vote request: 49835f94-14b4-44df-a6e0-f69154e42310<-386b2284-1126-4572-992a-9634c883c70a#0:OK-t1. Peer's state: 386b2284-1126-4572-992a-9634c883c70a@group-A97556893AFE:t1, leader=null, voted=49835f94-14b4-44df-a6e0-f69154e42310, raftlog=Memoized:386b2284-1126-4572-992a-9634c883c70a@group-A97556893AFE-SegmentedRaftLog:OPENED:c-1, conf=-1: peers:[ba5cf16e-7b97-4e1d-8791-bccb4873d66e|rpc:10.1.0.24:15086|admin:10.1.0.24:15085|client:10.1.0.24:15084|dataStream:10.1.0.24:15087|priority:0|startupRole:FOLLOWER, 49835f94-14b4-44df-a6e0-f69154e42310|rpc:10.1.0.24:15068|admin:10.1.0.24:15067|client:10.1.0.24:15066|dataStream:10.1.0.24:15069|priority:1|startupRole:FOLLOWER, 386b2284-1126-4572-992a-9634c883c70a|rpc:10.1.0.24:15077|admin:10.1.0.24:15076|client:10.1.0.24:15075|dataStream:10.1.0.24:15078|priority:0|startupRole:FOLLOWER]|listeners:[], old=null
2023-09-15 05:01:54,313 [49835f94-14b4-44df-a6e0-f69154e42310@group-A97556893AFE-LeaderElection14] INFO  server.RaftServerConfigKeys (ConfUtils.java:logGet(46)) - raft.server.write.element-limit = 1024 (custom)
2023-09-15 05:01:54,314 [49835f94-14b4-44df-a6e0-f69154e42310@group-A97556893AFE-LeaderElection14] INFO  server.RaftServerConfigKeys (ConfUtils.java:logGet(46)) - raft.server.write.byte-limit = 1024 M (=1073741824) (custom)
2023-09-15 05:01:54,314 [49835f94-14b4-44df-a6e0-f69154e42310@group-A97556893AFE-LeaderElection14] INFO  server.RaftServerConfigKeys (ConfUtils.java:logGet(46)) - raft.server.watch.timeout = 180s (custom)
2023-09-15 05:01:54,314 [49835f94-14b4-44df-a6e0-f69154e42310@group-A97556893AFE-LeaderElection14] INFO  server.RaftServerConfigKeys (ConfUtils.java:logGet(46)) - raft.server.watch.timeout.denomination = 1s (default)
2023-09-15 05:01:54,314 [49835f94-14b4-44df-a6e0-f69154e42310@group-A97556893AFE-LeaderElection14] INFO  server.RaftServerConfigKeys (ConfUtils.java:logGet(46)) - raft.server.watch.element-limit = 65536 (default)
2023-09-15 05:01:54,314 [49835f94-14b4-44df-a6e0-f69154e42310@group-A97556893AFE-LeaderElection14] INFO  server.RaftServerConfigKeys (ConfUtils.java:logGet(46)) - raft.server.write.element-limit = 1024 (custom)
2023-09-15 05:01:54,314 [49835f94-14b4-44df-a6e0-f69154e42310@group-A97556893AFE-LeaderElection14] INFO  server.RaftServerConfigKeys (ConfUtils.java:logGet(46)) - raft.server.write.follower.gap.ratio.max = -1.0 (default)
2023-09-15 05:01:54,315 [49835f94-14b4-44df-a6e0-f69154e42310@group-A97556893AFE-LeaderElection14] INFO  server.RaftServerConfigKeys (ConfUtils.java:logGet(46)) - raft.server.log.appender.snapshot.chunk.size.max = 16MB (=16777216) (default)
2023-09-15 05:01:54,315 [49835f94-14b4-44df-a6e0-f69154e42310@group-A97556893AFE-LeaderElection14] INFO  server.RaftServerConfigKeys (ConfUtils.java:logGet(46)) - raft.server.log.appender.buffer.byte-limit = 33554432 (custom)
2023-09-15 05:01:54,315 [49835f94-14b4-44df-a6e0-f69154e42310@group-A97556893AFE-LeaderElection14] INFO  server.RaftServerConfigKeys (ConfUtils.java:logGet(46)) - raft.server.log.appender.buffer.element-limit = 1 (custom)
2023-09-15 05:01:54,315 [49835f94-14b4-44df-a6e0-f69154e42310@group-A97556893AFE-LeaderElection14] INFO  server.RaftServerConfigKeys (ConfUtils.java:logGet(46)) - raft.server.log.appender.wait-time.min = 10ms (default)
2023-09-15 05:01:54,315 [49835f94-14b4-44df-a6e0-f69154e42310@group-A97556893AFE-LeaderElection14] INFO  grpc.GrpcConfigKeys (ConfUtils.java:logGet(46)) - raft.grpc.server.leader.outstanding.appends.max = 128 (default)
2023-09-15 05:01:54,315 [49835f94-14b4-44df-a6e0-f69154e42310@group-A97556893AFE-LeaderElection14] INFO  server.RaftServerConfigKeys (ConfUtils.java:logGet(46)) - raft.server.rpc.request.timeout = 60s (custom)
2023-09-15 05:01:54,315 [49835f94-14b4-44df-a6e0-f69154e42310@group-A97556893AFE-LeaderElection14] INFO  grpc.GrpcConfigKeys (ConfUtils.java:logGet(46)) - raft.grpc.server.install_snapshot.request.element-limit = 8 (default)
2023-09-15 05:01:54,315 [49835f94-14b4-44df-a6e0-f69154e42310@group-A97556893AFE-LeaderElection14] INFO  grpc.GrpcConfigKeys (ConfUtils.java:logGet(46)) - raft.grpc.server.install_snapshot.request.timeout = 3000ms (default)
2023-09-15 05:01:54,315 [49835f94-14b4-44df-a6e0-f69154e42310@group-A97556893AFE-LeaderElection14] INFO  server.RaftServerConfigKeys (ConfUtils.java:logGet(46)) - raft.server.log.appender.install.snapshot.enabled = false (custom)
2023-09-15 05:01:54,315 [49835f94-14b4-44df-a6e0-f69154e42310@group-A97556893AFE-LeaderElection14] INFO  grpc.GrpcConfigKeys (ConfUtils.java:logGet(46)) - raft.grpc.server.heartbeat.channel = true (default)
2023-09-15 05:01:54,316 [49835f94-14b4-44df-a6e0-f69154e42310@group-A97556893AFE-LeaderElection14] INFO  server.RaftServerConfigKeys (ConfUtils.java:logGet(46)) - raft.server.log.appender.snapshot.chunk.size.max = 16MB (=16777216) (default)
2023-09-15 05:01:54,316 [49835f94-14b4-44df-a6e0-f69154e42310@group-A97556893AFE-LeaderElection14] INFO  server.RaftServerConfigKeys (ConfUtils.java:logGet(46)) - raft.server.log.appender.buffer.byte-limit = 33554432 (custom)
2023-09-15 05:01:54,316 [49835f94-14b4-44df-a6e0-f69154e42310@group-A97556893AFE-LeaderElection14] INFO  server.RaftServerConfigKeys (ConfUtils.java:logGet(46)) - raft.server.log.appender.buffer.element-limit = 1 (custom)
2023-09-15 05:01:54,316 [49835f94-14b4-44df-a6e0-f69154e42310@group-A97556893AFE-LeaderElection14] INFO  server.RaftServerConfigKeys (ConfUtils.java:logGet(46)) - raft.server.log.appender.wait-time.min = 10ms (default)
2023-09-15 05:01:54,316 [49835f94-14b4-44df-a6e0-f69154e42310@group-A97556893AFE-LeaderElection14] INFO  grpc.GrpcConfigKeys (ConfUtils.java:logGet(46)) - raft.grpc.server.leader.outstanding.appends.max = 128 (default)
2023-09-15 05:01:54,316 [49835f94-14b4-44df-a6e0-f69154e42310@group-A97556893AFE-LeaderElection14] INFO  server.RaftServerConfigKeys (ConfUtils.java:logGet(46)) - raft.server.rpc.request.timeout = 60s (custom)
2023-09-15 05:01:54,316 [49835f94-14b4-44df-a6e0-f69154e42310@group-A97556893AFE-LeaderElection14] INFO  grpc.GrpcConfigKeys (ConfUtils.java:logGet(46)) - raft.grpc.server.install_snapshot.request.element-limit = 8 (default)
2023-09-15 05:01:54,316 [49835f94-14b4-44df-a6e0-f69154e42310@group-A97556893AFE-LeaderElection14] INFO  grpc.GrpcConfigKeys (ConfUtils.java:logGet(46)) - raft.grpc.server.install_snapshot.request.timeout = 3000ms (default)
2023-09-15 05:01:54,317 [49835f94-14b4-44df-a6e0-f69154e42310@group-A97556893AFE-LeaderElection14] INFO  server.RaftServerConfigKeys (ConfUtils.java:logGet(46)) - raft.server.log.appender.install.snapshot.enabled = false (custom)
2023-09-15 05:01:54,317 [49835f94-14b4-44df-a6e0-f69154e42310@group-A97556893AFE-LeaderElection14] INFO  grpc.GrpcConfigKeys (ConfUtils.java:logGet(46)) - raft.grpc.server.heartbeat.channel = true (default)
2023-09-15 05:01:54,317 [49835f94-14b4-44df-a6e0-f69154e42310@group-A97556893AFE-LeaderElection14] INFO  impl.RoleInfo (RoleInfo.java:updateAndGet(139)) - 49835f94-14b4-44df-a6e0-f69154e42310: start 49835f94-14b4-44df-a6e0-f69154e42310@group-A97556893AFE-LeaderStateImpl
2023-09-15 05:01:54,317 [49835f94-14b4-44df-a6e0-f69154e42310@group-A97556893AFE-LeaderElection14] INFO  segmented.SegmentedRaftLogWorker (SegmentedRaftLogWorker.java:startLogSegment(447)) - 49835f94-14b4-44df-a6e0-f69154e42310@group-A97556893AFE-SegmentedRaftLogWorker: Starting segment from index:0
2023-09-15 05:01:54,318 [49835f94-14b4-44df-a6e0-f69154e42310@group-A97556893AFE-SegmentedRaftLogWorker] INFO  segmented.SegmentedRaftLogWorker (SegmentedRaftLogWorker.java:execute(651)) - 49835f94-14b4-44df-a6e0-f69154e42310@group-A97556893AFE-SegmentedRaftLogWorker: created new log segment /home/runner/work/ozone/ozone/hadoop-ozone/integration-test/target/test-dir/MiniOzoneClusterImpl-0a18362f-1832-4b81-b629-935968d04e12/datanode-6/data/ratis/15203ac6-9476-4918-ba21-a97556893afe/current/log_inprogress_0
2023-09-15 05:01:54,320 [ba5cf16e-7b97-4e1d-8791-bccb4873d66e@group-18DB07E89AF1-FollowerState] INFO  impl.FollowerState (FollowerState.java:run(143)) - ba5cf16e-7b97-4e1d-8791-bccb4873d66e@group-18DB07E89AF1-FollowerState: change to CANDIDATE, lastRpcElapsedTime:5079444039ns, electionTimeout:5077ms
2023-09-15 05:01:54,320 [ba5cf16e-7b97-4e1d-8791-bccb4873d66e@group-18DB07E89AF1-FollowerState] INFO  impl.RoleInfo (RoleInfo.java:shutdownFollowerState(110)) - ba5cf16e-7b97-4e1d-8791-bccb4873d66e: shutdown ba5cf16e-7b97-4e1d-8791-bccb4873d66e@group-18DB07E89AF1-FollowerState
2023-09-15 05:01:54,320 [ba5cf16e-7b97-4e1d-8791-bccb4873d66e@group-18DB07E89AF1-FollowerState] INFO  server.RaftServer$Division (RaftServerImpl.java:setRole(329)) - ba5cf16e-7b97-4e1d-8791-bccb4873d66e@group-18DB07E89AF1: changes role from  FOLLOWER to CANDIDATE at term 0 for changeToCandidate
2023-09-15 05:01:54,322 [EventQueue-PipelineReportForPipelineReportHandler] INFO  pipeline.PipelineReportHandler (PipelineReportHandler.java:processPipelineReport(136)) - Opened pipeline PipelineID=15203ac6-9476-4918-ba21-a97556893afe
2023-09-15 05:01:54,336 [ba5cf16e-7b97-4e1d-8791-bccb4873d66e@group-18DB07E89AF1-FollowerState] INFO  server.RaftServerConfigKeys (ConfUtils.java:logGet(46)) - raft.server.leaderelection.pre-vote = true (default)
2023-09-15 05:01:54,336 [ba5cf16e-7b97-4e1d-8791-bccb4873d66e@group-18DB07E89AF1-FollowerState] INFO  impl.RoleInfo (RoleInfo.java:updateAndGet(139)) - ba5cf16e-7b97-4e1d-8791-bccb4873d66e: start ba5cf16e-7b97-4e1d-8791-bccb4873d66e@group-18DB07E89AF1-LeaderElection15
2023-09-15 05:01:54,340 [ba5cf16e-7b97-4e1d-8791-bccb4873d66e-server-thread1] INFO  ratis.XceiverServerRatis (XceiverServerRatis.java:handleLeaderChangedNotification(902)) - Leader change notification received for group: group-A97556893AFE with new leaderId: 49835f94-14b4-44df-a6e0-f69154e42310
2023-09-15 05:01:54,340 [ba5cf16e-7b97-4e1d-8791-bccb4873d66e-server-thread1] INFO  server.RaftServer$Division (ServerState.java:setLeader(317)) - ba5cf16e-7b97-4e1d-8791-bccb4873d66e@group-A97556893AFE: change Leader from null to 49835f94-14b4-44df-a6e0-f69154e42310 at term 1 for appendEntries, leader elected after 5276ms
2023-09-15 05:01:54,347 [ba5cf16e-7b97-4e1d-8791-bccb4873d66e@group-18DB07E89AF1-LeaderElection15] INFO  impl.LeaderElection (LeaderElection.java:askForVotes(321)) - ba5cf16e-7b97-4e1d-8791-bccb4873d66e@group-18DB07E89AF1-LeaderElection15 PRE_VOTE round 0: submit vote requests at term 0 for -1: peers:[ba5cf16e-7b97-4e1d-8791-bccb4873d66e|rpc:10.1.0.24:15086|admin:10.1.0.24:15085|client:10.1.0.24:15084|dataStream:10.1.0.24:15087|priority:0|startupRole:FOLLOWER, 49835f94-14b4-44df-a6e0-f69154e42310|rpc:10.1.0.24:15068|admin:10.1.0.24:15067|client:10.1.0.24:15066|dataStream:10.1.0.24:15069|priority:0|startupRole:FOLLOWER, 386b2284-1126-4572-992a-9634c883c70a|rpc:10.1.0.24:15077|admin:10.1.0.24:15076|client:10.1.0.24:15075|dataStream:10.1.0.24:15078|priority:1|startupRole:FOLLOWER]|listeners:[], old=null
2023-09-15 05:01:54,347 [49835f94-14b4-44df-a6e0-f69154e42310@group-A97556893AFE-LeaderElection14] INFO  server.RaftServer$Division (ServerState.java:setRaftConf(434)) - 49835f94-14b4-44df-a6e0-f69154e42310@group-A97556893AFE: set configuration 0: peers:[ba5cf16e-7b97-4e1d-8791-bccb4873d66e|rpc:10.1.0.24:15086|admin:10.1.0.24:15085|client:10.1.0.24:15084|dataStream:10.1.0.24:15087|priority:0|startupRole:FOLLOWER, 49835f94-14b4-44df-a6e0-f69154e42310|rpc:10.1.0.24:15068|admin:10.1.0.24:15067|client:10.1.0.24:15066|dataStream:10.1.0.24:15069|priority:1|startupRole:FOLLOWER, 386b2284-1126-4572-992a-9634c883c70a|rpc:10.1.0.24:15077|admin:10.1.0.24:15076|client:10.1.0.24:15075|dataStream:10.1.0.24:15078|priority:0|startupRole:FOLLOWER]|listeners:[], old=null
2023-09-15 05:01:54,348 [ba5cf16e-7b97-4e1d-8791-bccb4873d66e-server-thread1] INFO  server.RaftServer$Division (ServerState.java:setRaftConf(434)) - ba5cf16e-7b97-4e1d-8791-bccb4873d66e@group-A97556893AFE: set configuration 0: peers:[ba5cf16e-7b97-4e1d-8791-bccb4873d66e|rpc:10.1.0.24:15086|admin:10.1.0.24:15085|client:10.1.0.24:15084|dataStream:10.1.0.24:15087|priority:0|startupRole:FOLLOWER, 49835f94-14b4-44df-a6e0-f69154e42310|rpc:10.1.0.24:15068|admin:10.1.0.24:15067|client:10.1.0.24:15066|dataStream:10.1.0.24:15069|priority:1|startupRole:FOLLOWER, 386b2284-1126-4572-992a-9634c883c70a|rpc:10.1.0.24:15077|admin:10.1.0.24:15076|client:10.1.0.24:15075|dataStream:10.1.0.24:15078|priority:0|startupRole:FOLLOWER]|listeners:[], old=null
2023-09-15 05:01:54,348 [ba5cf16e-7b97-4e1d-8791-bccb4873d66e-server-thread1] INFO  segmented.SegmentedRaftLogWorker (SegmentedRaftLogWorker.java:startLogSegment(447)) - ba5cf16e-7b97-4e1d-8791-bccb4873d66e@group-A97556893AFE-SegmentedRaftLogWorker: Starting segment from index:0
2023-09-15 05:01:54,348 [ba5cf16e-7b97-4e1d-8791-bccb4873d66e@group-18DB07E89AF1-LeaderElection15] INFO  server.RaftServerConfigKeys (ConfUtils.java:logFallback(53)) - raft.server.rpc.first-election.timeout.min = 5s (fallback to raft.server.rpc.timeout.min)
2023-09-15 05:01:54,349 [ba5cf16e-7b97-4e1d-8791-bccb4873d66e@group-18DB07E89AF1-LeaderElection15] INFO  server.RaftServerConfigKeys (ConfUtils.java:logFallback(53)) - raft.server.rpc.first-election.timeout.max = 5200ms (fallback to raft.server.rpc.timeout.max)
2023-09-15 05:01:54,352 [49835f94-14b4-44df-a6e0-f69154e42310@group-18DB07E89AF1-FollowerState] INFO  impl.FollowerState (FollowerState.java:run(143)) - 49835f94-14b4-44df-a6e0-f69154e42310@group-18DB07E89AF1-FollowerState: change to CANDIDATE, lastRpcElapsedTime:5155589679ns, electionTimeout:5153ms
2023-09-15 05:01:54,353 [49835f94-14b4-44df-a6e0-f69154e42310@group-18DB07E89AF1-FollowerState] INFO  impl.RoleInfo (RoleInfo.java:shutdownFollowerState(110)) - 49835f94-14b4-44df-a6e0-f69154e42310: shutdown 49835f94-14b4-44df-a6e0-f69154e42310@group-18DB07E89AF1-FollowerState
2023-09-15 05:01:54,353 [49835f94-14b4-44df-a6e0-f69154e42310@group-18DB07E89AF1-FollowerState] INFO  server.RaftServer$Division (RaftServerImpl.java:setRole(329)) - 49835f94-14b4-44df-a6e0-f69154e42310@group-18DB07E89AF1: changes role from  FOLLOWER to CANDIDATE at term 0 for changeToCandidate
2023-09-15 05:01:54,354 [ba5cf16e-7b97-4e1d-8791-bccb4873d66e@group-A97556893AFE-SegmentedRaftLogWorker] INFO  segmented.SegmentedRaftLogWorker (SegmentedRaftLogWorker.java:execute(651)) - ba5cf16e-7b97-4e1d-8791-bccb4873d66e@group-A97556893AFE-SegmentedRaftLogWorker: created new log segment /home/runner/work/ozone/ozone/hadoop-ozone/integration-test/target/test-dir/MiniOzoneClusterImpl-0a18362f-1832-4b81-b629-935968d04e12/datanode-8/data/ratis/15203ac6-9476-4918-ba21-a97556893afe/current/log_inprogress_0
2023-09-15 05:01:54,354 [49835f94-14b4-44df-a6e0-f69154e42310@group-18DB07E89AF1-FollowerState] INFO  server.RaftServerConfigKeys (ConfUtils.java:logGet(46)) - raft.server.leaderelection.pre-vote = true (default)
2023-09-15 05:01:54,354 [49835f94-14b4-44df-a6e0-f69154e42310@group-18DB07E89AF1-FollowerState] INFO  impl.RoleInfo (RoleInfo.java:updateAndGet(139)) - 49835f94-14b4-44df-a6e0-f69154e42310: start 49835f94-14b4-44df-a6e0-f69154e42310@group-18DB07E89AF1-LeaderElection16
2023-09-15 05:01:54,360 [grpc-default-executor-0] INFO  server.RaftServer$Division (RaftServerImpl.java:requestVote(1302)) - 49835f94-14b4-44df-a6e0-f69154e42310@group-18DB07E89AF1: receive requestVote(PRE_VOTE, ba5cf16e-7b97-4e1d-8791-bccb4873d66e, group-18DB07E89AF1, 0, (t:0, i:0))
2023-09-15 05:01:54,360 [grpc-default-executor-0] INFO  impl.VoteContext (VoteContext.java:log(49)) - 49835f94-14b4-44df-a6e0-f69154e42310@group-18DB07E89AF1-CANDIDATE: accept PRE_VOTE from ba5cf16e-7b97-4e1d-8791-bccb4873d66e: our priority 0 <= candidate's priority 0
2023-09-15 05:01:54,360 [grpc-default-executor-0] INFO  server.RaftServer$Division (RaftServerImpl.java:requestVote(1335)) - 49835f94-14b4-44df-a6e0-f69154e42310@group-18DB07E89AF1 replies to PRE_VOTE vote request: ba5cf16e-7b97-4e1d-8791-bccb4873d66e<-49835f94-14b4-44df-a6e0-f69154e42310#0:OK-t0. Peer's state: 49835f94-14b4-44df-a6e0-f69154e42310@group-18DB07E89AF1:t0, leader=null, voted=, raftlog=Memoized:49835f94-14b4-44df-a6e0-f69154e42310@group-18DB07E89AF1-SegmentedRaftLog:OPENED:c-1, conf=-1: peers:[ba5cf16e-7b97-4e1d-8791-bccb4873d66e|rpc:10.1.0.24:15086|admin:10.1.0.24:15085|client:10.1.0.24:15084|dataStream:10.1.0.24:15087|priority:0|startupRole:FOLLOWER, 49835f94-14b4-44df-a6e0-f69154e42310|rpc:10.1.0.24:15068|admin:10.1.0.24:15067|client:10.1.0.24:15066|dataStream:10.1.0.24:15069|priority:0|startupRole:FOLLOWER, 386b2284-1126-4572-992a-9634c883c70a|rpc:10.1.0.24:15077|admin:10.1.0.24:15076|client:10.1.0.24:15075|dataStream:10.1.0.24:15078|priority:1|startupRole:FOLLOWER]|listeners:[], old=null
2023-09-15 05:01:54,377 [49835f94-14b4-44df-a6e0-f69154e42310@group-18DB07E89AF1-LeaderElection16] INFO  impl.LeaderElection (LeaderElection.java:askForVotes(321)) - 49835f94-14b4-44df-a6e0-f69154e42310@group-18DB07E89AF1-LeaderElection16 PRE_VOTE round 0: submit vote requests at term 0 for -1: peers:[ba5cf16e-7b97-4e1d-8791-bccb4873d66e|rpc:10.1.0.24:15086|admin:10.1.0.24:15085|client:10.1.0.24:15084|dataStream:10.1.0.24:15087|priority:0|startupRole:FOLLOWER, 49835f94-14b4-44df-a6e0-f69154e42310|rpc:10.1.0.24:15068|admin:10.1.0.24:15067|client:10.1.0.24:15066|dataStream:10.1.0.24:15069|priority:0|startupRole:FOLLOWER, 386b2284-1126-4572-992a-9634c883c70a|rpc:10.1.0.24:15077|admin:10.1.0.24:15076|client:10.1.0.24:15075|dataStream:10.1.0.24:15078|priority:1|startupRole:FOLLOWER]|listeners:[], old=null
2023-09-15 05:01:54,378 [grpc-default-executor-2] INFO  server.RaftServer$Division (RaftServerImpl.java:requestVote(1302)) - 386b2284-1126-4572-992a-9634c883c70a@group-18DB07E89AF1: receive requestVote(PRE_VOTE, ba5cf16e-7b97-4e1d-8791-bccb4873d66e, group-18DB07E89AF1, 0, (t:0, i:0))
2023-09-15 05:01:54,378 [grpc-default-executor-2] INFO  impl.VoteContext (VoteContext.java:log(49)) - 386b2284-1126-4572-992a-9634c883c70a@group-18DB07E89AF1-FOLLOWER: reject PRE_VOTE from ba5cf16e-7b97-4e1d-8791-bccb4873d66e: our priority 1 > candidate's priority 0
2023-09-15 05:01:54,378 [grpc-default-executor-2] INFO  server.RaftServer$Division (RaftServerImpl.java:requestVote(1335)) - 386b2284-1126-4572-992a-9634c883c70a@group-18DB07E89AF1 replies to PRE_VOTE vote request: ba5cf16e-7b97-4e1d-8791-bccb4873d66e<-386b2284-1126-4572-992a-9634c883c70a#0:FAIL-t0. Peer's state: 386b2284-1126-4572-992a-9634c883c70a@group-18DB07E89AF1:t0, leader=null, voted=, raftlog=Memoized:386b2284-1126-4572-992a-9634c883c70a@group-18DB07E89AF1-SegmentedRaftLog:OPENED:c-1, conf=-1: peers:[ba5cf16e-7b97-4e1d-8791-bccb4873d66e|rpc:10.1.0.24:15086|admin:10.1.0.24:15085|client:10.1.0.24:15084|dataStream:10.1.0.24:15087|priority:0|startupRole:FOLLOWER, 49835f94-14b4-44df-a6e0-f69154e42310|rpc:10.1.0.24:15068|admin:10.1.0.24:15067|client:10.1.0.24:15066|dataStream:10.1.0.24:15069|priority:0|startupRole:FOLLOWER, 386b2284-1126-4572-992a-9634c883c70a|rpc:10.1.0.24:15077|admin:10.1.0.24:15076|client:10.1.0.24:15075|dataStream:10.1.0.24:15078|priority:1|startupRole:FOLLOWER]|listeners:[], old=null
2023-09-15 05:01:54,380 [49835f94-14b4-44df-a6e0-f69154e42310@group-18DB07E89AF1-LeaderElection16] INFO  server.RaftServerConfigKeys (ConfUtils.java:logFallback(53)) - raft.server.rpc.first-election.timeout.min = 5s (fallback to raft.server.rpc.timeout.min)
2023-09-15 05:01:54,380 [49835f94-14b4-44df-a6e0-f69154e42310@group-18DB07E89AF1-LeaderElection16] INFO  server.RaftServerConfigKeys (ConfUtils.java:logFallback(53)) - raft.server.rpc.first-election.timeout.max = 5200ms (fallback to raft.server.rpc.timeout.max)
2023-09-15 05:01:54,383 [386b2284-1126-4572-992a-9634c883c70a-server-thread1] INFO  ratis.XceiverServerRatis (XceiverServerRatis.java:handleLeaderChangedNotification(902)) - Leader change notification received for group: group-A97556893AFE with new leaderId: 49835f94-14b4-44df-a6e0-f69154e42310
2023-09-15 05:01:54,383 [386b2284-1126-4572-992a-9634c883c70a-server-thread1] INFO  server.RaftServer$Division (ServerState.java:setLeader(317)) - 386b2284-1126-4572-992a-9634c883c70a@group-A97556893AFE: change Leader from null to 49835f94-14b4-44df-a6e0-f69154e42310 at term 1 for appendEntries, leader elected after 5260ms
2023-09-15 05:01:54,387 [ba5cf16e-7b97-4e1d-8791-bccb4873d66e@group-18DB07E89AF1-LeaderElection15] INFO  impl.LeaderElection (LeaderElection.java:logAndReturn(90)) - ba5cf16e-7b97-4e1d-8791-bccb4873d66e@group-18DB07E89AF1-LeaderElection15: PRE_VOTE REJECTED received 2 response(s) and 0 exception(s):
2023-09-15 05:01:54,388 [ba5cf16e-7b97-4e1d-8791-bccb4873d66e@group-18DB07E89AF1-LeaderElection15] INFO  impl.LeaderElection (LeaderElection.java:logAndReturn(94)) -   Response 0: ba5cf16e-7b97-4e1d-8791-bccb4873d66e<-49835f94-14b4-44df-a6e0-f69154e42310#0:OK-t0
2023-09-15 05:01:54,388 [ba5cf16e-7b97-4e1d-8791-bccb4873d66e@group-18DB07E89AF1-LeaderElection15] INFO  impl.LeaderElection (LeaderElection.java:logAndReturn(94)) -   Response 1: ba5cf16e-7b97-4e1d-8791-bccb4873d66e<-386b2284-1126-4572-992a-9634c883c70a#0:FAIL-t0
2023-09-15 05:01:54,388 [ba5cf16e-7b97-4e1d-8791-bccb4873d66e@group-18DB07E89AF1-LeaderElection15] INFO  impl.LeaderElection (LeaderElection.java:askForVotes(323)) - ba5cf16e-7b97-4e1d-8791-bccb4873d66e@group-18DB07E89AF1-LeaderElection15 PRE_VOTE round 0: result REJECTED
2023-09-15 05:01:54,388 [ba5cf16e-7b97-4e1d-8791-bccb4873d66e@group-18DB07E89AF1-LeaderElection15] INFO  server.RaftServer$Division (RaftServerImpl.java:setRole(329)) - ba5cf16e-7b97-4e1d-8791-bccb4873d66e@group-18DB07E89AF1: changes role from CANDIDATE to FOLLOWER at term 0 for REJECTED
2023-09-15 05:01:54,388 [ba5cf16e-7b97-4e1d-8791-bccb4873d66e@group-18DB07E89AF1-LeaderElection15] INFO  impl.RoleInfo (RoleInfo.java:shutdownLeaderElection(130)) - ba5cf16e-7b97-4e1d-8791-bccb4873d66e: shutdown ba5cf16e-7b97-4e1d-8791-bccb4873d66e@group-18DB07E89AF1-LeaderElection15
2023-09-15 05:01:54,389 [ba5cf16e-7b97-4e1d-8791-bccb4873d66e@group-18DB07E89AF1-LeaderElection15] INFO  impl.RoleInfo (RoleInfo.java:updateAndGet(139)) - ba5cf16e-7b97-4e1d-8791-bccb4873d66e: start ba5cf16e-7b97-4e1d-8791-bccb4873d66e@group-18DB07E89AF1-FollowerState
2023-09-15 05:01:54,398 [386b2284-1126-4572-992a-9634c883c70a-server-thread1] INFO  server.RaftServer$Division (ServerState.java:setRaftConf(434)) - 386b2284-1126-4572-992a-9634c883c70a@group-A97556893AFE: set configuration 0: peers:[ba5cf16e-7b97-4e1d-8791-bccb4873d66e|rpc:10.1.0.24:15086|admin:10.1.0.24:15085|client:10.1.0.24:15084|dataStream:10.1.0.24:15087|priority:0|startupRole:FOLLOWER, 49835f94-14b4-44df-a6e0-f69154e42310|rpc:10.1.0.24:15068|admin:10.1.0.24:15067|client:10.1.0.24:15066|dataStream:10.1.0.24:15069|priority:1|startupRole:FOLLOWER, 386b2284-1126-4572-992a-9634c883c70a|rpc:10.1.0.24:15077|admin:10.1.0.24:15076|client:10.1.0.24:15075|dataStream:10.1.0.24:15078|priority:0|startupRole:FOLLOWER]|listeners:[], old=null
2023-09-15 05:01:54,398 [386b2284-1126-4572-992a-9634c883c70a-server-thread1] INFO  segmented.SegmentedRaftLogWorker (SegmentedRaftLogWorker.java:startLogSegment(447)) - 386b2284-1126-4572-992a-9634c883c70a@group-A97556893AFE-SegmentedRaftLogWorker: Starting segment from index:0
2023-09-15 05:01:54,400 [grpc-default-executor-0] INFO  server.RaftServer$Division (RaftServerImpl.java:requestVote(1302)) - ba5cf16e-7b97-4e1d-8791-bccb4873d66e@group-18DB07E89AF1: receive requestVote(PRE_VOTE, 49835f94-14b4-44df-a6e0-f69154e42310, group-18DB07E89AF1, 0, (t:0, i:0))
2023-09-15 05:01:54,400 [grpc-default-executor-0] INFO  impl.VoteContext (VoteContext.java:log(49)) - ba5cf16e-7b97-4e1d-8791-bccb4873d66e@group-18DB07E89AF1-FOLLOWER: accept PRE_VOTE from 49835f94-14b4-44df-a6e0-f69154e42310: our priority 0 <= candidate's priority 0
2023-09-15 05:01:54,400 [grpc-default-executor-0] INFO  server.RaftServer$Division (RaftServerImpl.java:requestVote(1335)) - ba5cf16e-7b97-4e1d-8791-bccb4873d66e@group-18DB07E89AF1 replies to PRE_VOTE vote request: 49835f94-14b4-44df-a6e0-f69154e42310<-ba5cf16e-7b97-4e1d-8791-bccb4873d66e#0:OK-t0. Peer's state: ba5cf16e-7b97-4e1d-8791-bccb4873d66e@group-18DB07E89AF1:t0, leader=null, voted=, raftlog=Memoized:ba5cf16e-7b97-4e1d-8791-bccb4873d66e@group-18DB07E89AF1-SegmentedRaftLog:OPENED:c-1, conf=-1: peers:[ba5cf16e-7b97-4e1d-8791-bccb4873d66e|rpc:10.1.0.24:15086|admin:10.1.0.24:15085|client:10.1.0.24:15084|dataStream:10.1.0.24:15087|priority:0|startupRole:FOLLOWER, 49835f94-14b4-44df-a6e0-f69154e42310|rpc:10.1.0.24:15068|admin:10.1.0.24:15067|client:10.1.0.24:15066|dataStream:10.1.0.24:15069|priority:0|startupRole:FOLLOWER, 386b2284-1126-4572-992a-9634c883c70a|rpc:10.1.0.24:15077|admin:10.1.0.24:15076|client:10.1.0.24:15075|dataStream:10.1.0.24:15078|priority:1|startupRole:FOLLOWER]|listeners:[], old=null
2023-09-15 05:01:54,400 [grpc-default-executor-2] INFO  server.RaftServer$Division (RaftServerImpl.java:requestVote(1302)) - 386b2284-1126-4572-992a-9634c883c70a@group-18DB07E89AF1: receive requestVote(PRE_VOTE, 49835f94-14b4-44df-a6e0-f69154e42310, group-18DB07E89AF1, 0, (t:0, i:0))
2023-09-15 05:01:54,402 [grpc-default-executor-2] INFO  impl.VoteContext (VoteContext.java:log(49)) - 386b2284-1126-4572-992a-9634c883c70a@group-18DB07E89AF1-FOLLOWER: reject PRE_VOTE from 49835f94-14b4-44df-a6e0-f69154e42310: our priority 1 > candidate's priority 0
2023-09-15 05:01:54,402 [grpc-default-executor-2] INFO  server.RaftServer$Division (RaftServerImpl.java:requestVote(1335)) - 386b2284-1126-4572-992a-9634c883c70a@group-18DB07E89AF1 replies to PRE_VOTE vote request: 49835f94-14b4-44df-a6e0-f69154e42310<-386b2284-1126-4572-992a-9634c883c70a#0:FAIL-t0. Peer's state: 386b2284-1126-4572-992a-9634c883c70a@group-18DB07E89AF1:t0, leader=null, voted=, raftlog=Memoized:386b2284-1126-4572-992a-9634c883c70a@group-18DB07E89AF1-SegmentedRaftLog:OPENED:c-1, conf=-1: peers:[ba5cf16e-7b97-4e1d-8791-bccb4873d66e|rpc:10.1.0.24:15086|admin:10.1.0.24:15085|client:10.1.0.24:15084|dataStream:10.1.0.24:15087|priority:0|startupRole:FOLLOWER, 49835f94-14b4-44df-a6e0-f69154e42310|rpc:10.1.0.24:15068|admin:10.1.0.24:15067|client:10.1.0.24:15066|dataStream:10.1.0.24:15069|priority:0|startupRole:FOLLOWER, 386b2284-1126-4572-992a-9634c883c70a|rpc:10.1.0.24:15077|admin:10.1.0.24:15076|client:10.1.0.24:15075|dataStream:10.1.0.24:15078|priority:1|startupRole:FOLLOWER]|listeners:[], old=null
2023-09-15 05:01:54,403 [49835f94-14b4-44df-a6e0-f69154e42310@group-18DB07E89AF1-LeaderElection16] INFO  impl.LeaderElection (LeaderElection.java:logAndReturn(90)) - 49835f94-14b4-44df-a6e0-f69154e42310@group-18DB07E89AF1-LeaderElection16: PRE_VOTE REJECTED received 2 response(s) and 0 exception(s):
2023-09-15 05:01:54,403 [49835f94-14b4-44df-a6e0-f69154e42310@group-18DB07E89AF1-LeaderElection16] INFO  impl.LeaderElection (LeaderElection.java:logAndReturn(94)) -   Response 0: 49835f94-14b4-44df-a6e0-f69154e42310<-ba5cf16e-7b97-4e1d-8791-bccb4873d66e#0:OK-t0
2023-09-15 05:01:54,403 [49835f94-14b4-44df-a6e0-f69154e42310@group-18DB07E89AF1-LeaderElection16] INFO  impl.LeaderElection (LeaderElection.java:logAndReturn(94)) -   Response 1: 49835f94-14b4-44df-a6e0-f69154e42310<-386b2284-1126-4572-992a-9634c883c70a#0:FAIL-t0
2023-09-15 05:01:54,403 [49835f94-14b4-44df-a6e0-f69154e42310@group-18DB07E89AF1-LeaderElection16] INFO  impl.LeaderElection (LeaderElection.java:askForVotes(323)) - 49835f94-14b4-44df-a6e0-f69154e42310@group-18DB07E89AF1-LeaderElection16 PRE_VOTE round 0: result REJECTED
2023-09-15 05:01:54,403 [49835f94-14b4-44df-a6e0-f69154e42310@group-18DB07E89AF1-LeaderElection16] INFO  server.RaftServer$Division (RaftServerImpl.java:setRole(329)) - 49835f94-14b4-44df-a6e0-f69154e42310@group-18DB07E89AF1: changes role from CANDIDATE to FOLLOWER at term 0 for REJECTED
2023-09-15 05:01:54,403 [49835f94-14b4-44df-a6e0-f69154e42310@group-18DB07E89AF1-LeaderElection16] INFO  impl.RoleInfo (RoleInfo.java:shutdownLeaderElection(130)) - 49835f94-14b4-44df-a6e0-f69154e42310: shutdown 49835f94-14b4-44df-a6e0-f69154e42310@group-18DB07E89AF1-LeaderElection16
2023-09-15 05:01:54,403 [49835f94-14b4-44df-a6e0-f69154e42310@group-18DB07E89AF1-LeaderElection16] INFO  impl.RoleInfo (RoleInfo.java:updateAndGet(139)) - 49835f94-14b4-44df-a6e0-f69154e42310: start 49835f94-14b4-44df-a6e0-f69154e42310@group-18DB07E89AF1-FollowerState
2023-09-15 05:01:54,408 [386b2284-1126-4572-992a-9634c883c70a@group-A97556893AFE-SegmentedRaftLogWorker] INFO  segmented.SegmentedRaftLogWorker (SegmentedRaftLogWorker.java:execute(651)) - 386b2284-1126-4572-992a-9634c883c70a@group-A97556893AFE-SegmentedRaftLogWorker: created new log segment /home/runner/work/ozone/ozone/hadoop-ozone/integration-test/target/test-dir/MiniOzoneClusterImpl-0a18362f-1832-4b81-b629-935968d04e12/datanode-7/data/ratis/15203ac6-9476-4918-ba21-a97556893afe/current/log_inprogress_0
2023-09-15 05:01:54,468 [386b2284-1126-4572-992a-9634c883c70a@group-18DB07E89AF1-FollowerState] INFO  impl.FollowerState (FollowerState.java:run(143)) - 386b2284-1126-4572-992a-9634c883c70a@group-18DB07E89AF1-FollowerState: change to CANDIDATE, lastRpcElapsedTime:5166107300ns, electionTimeout:5164ms
2023-09-15 05:01:54,468 [386b2284-1126-4572-992a-9634c883c70a@group-18DB07E89AF1-FollowerState] INFO  impl.RoleInfo (RoleInfo.java:shutdownFollowerState(110)) - 386b2284-1126-4572-992a-9634c883c70a: shutdown 386b2284-1126-4572-992a-9634c883c70a@group-18DB07E89AF1-FollowerState
2023-09-15 05:01:54,468 [386b2284-1126-4572-992a-9634c883c70a@group-18DB07E89AF1-FollowerState] INFO  server.RaftServer$Division (RaftServerImpl.java:setRole(329)) - 386b2284-1126-4572-992a-9634c883c70a@group-18DB07E89AF1: changes role from  FOLLOWER to CANDIDATE at term 0 for changeToCandidate
2023-09-15 05:01:54,468 [386b2284-1126-4572-992a-9634c883c70a@group-18DB07E89AF1-FollowerState] INFO  server.RaftServerConfigKeys (ConfUtils.java:logGet(46)) - raft.server.leaderelection.pre-vote = true (default)
2023-09-15 05:01:54,468 [386b2284-1126-4572-992a-9634c883c70a@group-18DB07E89AF1-FollowerState] INFO  impl.RoleInfo (RoleInfo.java:updateAndGet(139)) - 386b2284-1126-4572-992a-9634c883c70a: start 386b2284-1126-4572-992a-9634c883c70a@group-18DB07E89AF1-LeaderElection17
2023-09-15 05:01:54,469 [386b2284-1126-4572-992a-9634c883c70a@group-18DB07E89AF1-LeaderElection17] INFO  impl.LeaderElection (LeaderElection.java:askForVotes(321)) - 386b2284-1126-4572-992a-9634c883c70a@group-18DB07E89AF1-LeaderElection17 PRE_VOTE round 0: submit vote requests at term 0 for -1: peers:[ba5cf16e-7b97-4e1d-8791-bccb4873d66e|rpc:10.1.0.24:15086|admin:10.1.0.24:15085|client:10.1.0.24:15084|dataStream:10.1.0.24:15087|priority:0|startupRole:FOLLOWER, 49835f94-14b4-44df-a6e0-f69154e42310|rpc:10.1.0.24:15068|admin:10.1.0.24:15067|client:10.1.0.24:15066|dataStream:10.1.0.24:15069|priority:0|startupRole:FOLLOWER, 386b2284-1126-4572-992a-9634c883c70a|rpc:10.1.0.24:15077|admin:10.1.0.24:15076|client:10.1.0.24:15075|dataStream:10.1.0.24:15078|priority:1|startupRole:FOLLOWER]|listeners:[], old=null
2023-09-15 05:01:54,469 [386b2284-1126-4572-992a-9634c883c70a@group-18DB07E89AF1-LeaderElection17-1] INFO  server.GrpcServerProtocolClient (GrpcServerProtocolClient.java:<init>(65)) - Build channel for ba5cf16e-7b97-4e1d-8791-bccb4873d66e
2023-09-15 05:01:54,483 [grpc-default-executor-1] INFO  server.RaftServer$Division (RaftServerImpl.java:requestVote(1302)) - ba5cf16e-7b97-4e1d-8791-bccb4873d66e@group-18DB07E89AF1: receive requestVote(PRE_VOTE, 386b2284-1126-4572-992a-9634c883c70a, group-18DB07E89AF1, 0, (t:0, i:0))
2023-09-15 05:01:54,483 [grpc-default-executor-1] INFO  impl.VoteContext (VoteContext.java:log(49)) - ba5cf16e-7b97-4e1d-8791-bccb4873d66e@group-18DB07E89AF1-FOLLOWER: accept PRE_VOTE from 386b2284-1126-4572-992a-9634c883c70a: our priority 0 <= candidate's priority 1
2023-09-15 05:01:54,483 [grpc-default-executor-1] INFO  server.RaftServer$Division (RaftServerImpl.java:requestVote(1335)) - ba5cf16e-7b97-4e1d-8791-bccb4873d66e@group-18DB07E89AF1 replies to PRE_VOTE vote request: 386b2284-1126-4572-992a-9634c883c70a<-ba5cf16e-7b97-4e1d-8791-bccb4873d66e#0:OK-t0. Peer's state: ba5cf16e-7b97-4e1d-8791-bccb4873d66e@group-18DB07E89AF1:t0, leader=null, voted=, raftlog=Memoized:ba5cf16e-7b97-4e1d-8791-bccb4873d66e@group-18DB07E89AF1-SegmentedRaftLog:OPENED:c-1, conf=-1: peers:[ba5cf16e-7b97-4e1d-8791-bccb4873d66e|rpc:10.1.0.24:15086|admin:10.1.0.24:15085|client:10.1.0.24:15084|dataStream:10.1.0.24:15087|priority:0|startupRole:FOLLOWER, 49835f94-14b4-44df-a6e0-f69154e42310|rpc:10.1.0.24:15068|admin:10.1.0.24:15067|client:10.1.0.24:15066|dataStream:10.1.0.24:15069|priority:0|startupRole:FOLLOWER, 386b2284-1126-4572-992a-9634c883c70a|rpc:10.1.0.24:15077|admin:10.1.0.24:15076|client:10.1.0.24:15075|dataStream:10.1.0.24:15078|priority:1|startupRole:FOLLOWER]|listeners:[], old=null
2023-09-15 05:01:54,484 [386b2284-1126-4572-992a-9634c883c70a@group-18DB07E89AF1-LeaderElection17] INFO  server.RaftServerConfigKeys (ConfUtils.java:logFallback(53)) - raft.server.rpc.first-election.timeout.min = 5s (fallback to raft.server.rpc.timeout.min)
2023-09-15 05:01:54,485 [386b2284-1126-4572-992a-9634c883c70a@group-18DB07E89AF1-LeaderElection17] INFO  server.RaftServerConfigKeys (ConfUtils.java:logFallback(53)) - raft.server.rpc.first-election.timeout.max = 5200ms (fallback to raft.server.rpc.timeout.max)
2023-09-15 05:01:54,485 [386b2284-1126-4572-992a-9634c883c70a@group-18DB07E89AF1-LeaderElection17-2] INFO  server.GrpcServerProtocolClient (GrpcServerProtocolClient.java:<init>(65)) - Build channel for 49835f94-14b4-44df-a6e0-f69154e42310
2023-09-15 05:01:54,486 [386b2284-1126-4572-992a-9634c883c70a@group-18DB07E89AF1-LeaderElection17] INFO  impl.LeaderElection (LeaderElection.java:logAndReturn(90)) - 386b2284-1126-4572-992a-9634c883c70a@group-18DB07E89AF1-LeaderElection17: PRE_VOTE PASSED received 1 response(s) and 0 exception(s):
2023-09-15 05:01:54,486 [386b2284-1126-4572-992a-9634c883c70a@group-18DB07E89AF1-LeaderElection17] INFO  impl.LeaderElection (LeaderElection.java:logAndReturn(94)) -   Response 0: 386b2284-1126-4572-992a-9634c883c70a<-ba5cf16e-7b97-4e1d-8791-bccb4873d66e#0:OK-t0
2023-09-15 05:01:54,486 [386b2284-1126-4572-992a-9634c883c70a@group-18DB07E89AF1-LeaderElection17] INFO  impl.LeaderElection (LeaderElection.java:askForVotes(323)) - 386b2284-1126-4572-992a-9634c883c70a@group-18DB07E89AF1-LeaderElection17 PRE_VOTE round 0: result PASSED
2023-09-15 05:01:54,488 [386b2284-1126-4572-992a-9634c883c70a@group-18DB07E89AF1-LeaderElection17] INFO  impl.LeaderElection (LeaderElection.java:askForVotes(321)) - 386b2284-1126-4572-992a-9634c883c70a@group-18DB07E89AF1-LeaderElection17 ELECTION round 0: submit vote requests at term 1 for -1: peers:[ba5cf16e-7b97-4e1d-8791-bccb4873d66e|rpc:10.1.0.24:15086|admin:10.1.0.24:15085|client:10.1.0.24:15084|dataStream:10.1.0.24:15087|priority:0|startupRole:FOLLOWER, 49835f94-14b4-44df-a6e0-f69154e42310|rpc:10.1.0.24:15068|admin:10.1.0.24:15067|client:10.1.0.24:15066|dataStream:10.1.0.24:15069|priority:0|startupRole:FOLLOWER, 386b2284-1126-4572-992a-9634c883c70a|rpc:10.1.0.24:15077|admin:10.1.0.24:15076|client:10.1.0.24:15075|dataStream:10.1.0.24:15078|priority:1|startupRole:FOLLOWER]|listeners:[], old=null
2023-09-15 05:01:54,489 [386b2284-1126-4572-992a-9634c883c70a@group-18DB07E89AF1-LeaderElection17] INFO  server.RaftServerConfigKeys (ConfUtils.java:logFallback(53)) - raft.server.rpc.first-election.timeout.min = 5s (fallback to raft.server.rpc.timeout.min)
2023-09-15 05:01:54,489 [386b2284-1126-4572-992a-9634c883c70a@group-18DB07E89AF1-LeaderElection17] INFO  server.RaftServerConfigKeys (ConfUtils.java:logFallback(53)) - raft.server.rpc.first-election.timeout.max = 5200ms (fallback to raft.server.rpc.timeout.max)
2023-09-15 05:01:54,490 [grpc-default-executor-1] INFO  server.RaftServer$Division (RaftServerImpl.java:requestVote(1302)) - ba5cf16e-7b97-4e1d-8791-bccb4873d66e@group-18DB07E89AF1: receive requestVote(ELECTION, 386b2284-1126-4572-992a-9634c883c70a, group-18DB07E89AF1, 1, (t:0, i:0))
2023-09-15 05:01:54,490 [grpc-default-executor-1] INFO  impl.VoteContext (VoteContext.java:log(49)) - ba5cf16e-7b97-4e1d-8791-bccb4873d66e@group-18DB07E89AF1-FOLLOWER: accept ELECTION from 386b2284-1126-4572-992a-9634c883c70a: our priority 0 <= candidate's priority 1
2023-09-15 05:01:54,490 [grpc-default-executor-1] INFO  server.RaftServer$Division (RaftServerImpl.java:setRole(329)) - ba5cf16e-7b97-4e1d-8791-bccb4873d66e@group-18DB07E89AF1: changes role from  FOLLOWER to FOLLOWER at term 1 for candidate:386b2284-1126-4572-992a-9634c883c70a
2023-09-15 05:01:54,490 [grpc-default-executor-1] INFO  impl.RoleInfo (RoleInfo.java:shutdownFollowerState(110)) - ba5cf16e-7b97-4e1d-8791-bccb4873d66e: shutdown ba5cf16e-7b97-4e1d-8791-bccb4873d66e@group-18DB07E89AF1-FollowerState
2023-09-15 05:01:54,490 [grpc-default-executor-1] INFO  impl.RoleInfo (RoleInfo.java:updateAndGet(139)) - ba5cf16e-7b97-4e1d-8791-bccb4873d66e: start ba5cf16e-7b97-4e1d-8791-bccb4873d66e@group-18DB07E89AF1-FollowerState
2023-09-15 05:01:54,491 [ba5cf16e-7b97-4e1d-8791-bccb4873d66e@group-18DB07E89AF1-FollowerState] INFO  impl.FollowerState (FollowerState.java:run(152)) - ba5cf16e-7b97-4e1d-8791-bccb4873d66e@group-18DB07E89AF1-FollowerState was interrupted
2023-09-15 05:01:54,497 [grpc-default-executor-1] INFO  server.RaftServer$Division (RaftServerImpl.java:requestVote(1335)) - ba5cf16e-7b97-4e1d-8791-bccb4873d66e@group-18DB07E89AF1 replies to ELECTION vote request: 386b2284-1126-4572-992a-9634c883c70a<-ba5cf16e-7b97-4e1d-8791-bccb4873d66e#0:OK-t1. Peer's state: ba5cf16e-7b97-4e1d-8791-bccb4873d66e@group-18DB07E89AF1:t1, leader=null, voted=386b2284-1126-4572-992a-9634c883c70a, raftlog=Memoized:ba5cf16e-7b97-4e1d-8791-bccb4873d66e@group-18DB07E89AF1-SegmentedRaftLog:OPENED:c-1, conf=-1: peers:[ba5cf16e-7b97-4e1d-8791-bccb4873d66e|rpc:10.1.0.24:15086|admin:10.1.0.24:15085|client:10.1.0.24:15084|dataStream:10.1.0.24:15087|priority:0|startupRole:FOLLOWER, 49835f94-14b4-44df-a6e0-f69154e42310|rpc:10.1.0.24:15068|admin:10.1.0.24:15067|client:10.1.0.24:15066|dataStream:10.1.0.24:15069|priority:0|startupRole:FOLLOWER, 386b2284-1126-4572-992a-9634c883c70a|rpc:10.1.0.24:15077|admin:10.1.0.24:15076|client:10.1.0.24:15075|dataStream:10.1.0.24:15078|priority:1|startupRole:FOLLOWER]|listeners:[], old=null
2023-09-15 05:01:54,498 [386b2284-1126-4572-992a-9634c883c70a@group-18DB07E89AF1-LeaderElection17] INFO  impl.LeaderElection (LeaderElection.java:logAndReturn(90)) - 386b2284-1126-4572-992a-9634c883c70a@group-18DB07E89AF1-LeaderElection17: ELECTION PASSED received 1 response(s) and 0 exception(s):
2023-09-15 05:01:54,498 [386b2284-1126-4572-992a-9634c883c70a@group-18DB07E89AF1-LeaderElection17] INFO  impl.LeaderElection (LeaderElection.java:logAndReturn(94)) -   Response 0: 386b2284-1126-4572-992a-9634c883c70a<-ba5cf16e-7b97-4e1d-8791-bccb4873d66e#0:OK-t1
2023-09-15 05:01:54,498 [386b2284-1126-4572-992a-9634c883c70a@group-18DB07E89AF1-LeaderElection17] INFO  impl.LeaderElection (LeaderElection.java:askForVotes(323)) - 386b2284-1126-4572-992a-9634c883c70a@group-18DB07E89AF1-LeaderElection17 ELECTION round 0: result PASSED
2023-09-15 05:01:54,498 [386b2284-1126-4572-992a-9634c883c70a@group-18DB07E89AF1-LeaderElection17] INFO  impl.RoleInfo (RoleInfo.java:shutdownLeaderElection(130)) - 386b2284-1126-4572-992a-9634c883c70a: shutdown 386b2284-1126-4572-992a-9634c883c70a@group-18DB07E89AF1-LeaderElection17
2023-09-15 05:01:54,498 [386b2284-1126-4572-992a-9634c883c70a@group-18DB07E89AF1-LeaderElection17] INFO  server.RaftServer$Division (RaftServerImpl.java:setRole(329)) - 386b2284-1126-4572-992a-9634c883c70a@group-18DB07E89AF1: changes role from CANDIDATE to LEADER at term 1 for changeToLeader
2023-09-15 05:01:54,498 [386b2284-1126-4572-992a-9634c883c70a@group-18DB07E89AF1-LeaderElection17] INFO  ratis.XceiverServerRatis (XceiverServerRatis.java:handleLeaderChangedNotification(902)) - Leader change notification received for group: group-18DB07E89AF1 with new leaderId: 386b2284-1126-4572-992a-9634c883c70a
2023-09-15 05:01:54,498 [386b2284-1126-4572-992a-9634c883c70a@group-18DB07E89AF1-LeaderElection17] INFO  server.RaftServer$Division (ServerState.java:setLeader(317)) - 386b2284-1126-4572-992a-9634c883c70a@group-18DB07E89AF1: change Leader from null to 386b2284-1126-4572-992a-9634c883c70a at term 1 for becomeLeader, leader elected after 5217ms
2023-09-15 05:01:54,498 [386b2284-1126-4572-992a-9634c883c70a@group-18DB07E89AF1-LeaderElection17] INFO  server.RaftServerConfigKeys (ConfUtils.java:logGet(46)) - raft.server.staging.catchup.gap = 1000 (default)
2023-09-15 05:01:54,498 [386b2284-1126-4572-992a-9634c883c70a@group-18DB07E89AF1-LeaderElection17] INFO  server.RaftServerConfigKeys (ConfUtils.java:logGet(46)) - raft.server.write.element-limit = 1024 (custom)
2023-09-15 05:01:54,498 [386b2284-1126-4572-992a-9634c883c70a@group-18DB07E89AF1-LeaderElection17] INFO  server.RaftServerConfigKeys (ConfUtils.java:logGet(46)) - raft.server.write.byte-limit = 1024 M (=1073741824) (custom)
2023-09-15 05:01:54,499 [386b2284-1126-4572-992a-9634c883c70a@group-18DB07E89AF1-LeaderElection17] INFO  server.RaftServerConfigKeys (ConfUtils.java:logGet(46)) - raft.server.watch.timeout = 180s (custom)
2023-09-15 05:01:54,499 [386b2284-1126-4572-992a-9634c883c70a@group-18DB07E89AF1-LeaderElection17] INFO  server.RaftServerConfigKeys (ConfUtils.java:logGet(46)) - raft.server.watch.timeout.denomination = 1s (default)
2023-09-15 05:01:54,499 [386b2284-1126-4572-992a-9634c883c70a@group-18DB07E89AF1-LeaderElection17] INFO  server.RaftServerConfigKeys (ConfUtils.java:logGet(46)) - raft.server.watch.element-limit = 65536 (default)
2023-09-15 05:01:54,499 [386b2284-1126-4572-992a-9634c883c70a@group-18DB07E89AF1-LeaderElection17] INFO  server.RaftServerConfigKeys (ConfUtils.java:logGet(46)) - raft.server.write.element-limit = 1024 (custom)
2023-09-15 05:01:54,499 [386b2284-1126-4572-992a-9634c883c70a@group-18DB07E89AF1-LeaderElection17] INFO  server.RaftServerConfigKeys (ConfUtils.java:logGet(46)) - raft.server.write.follower.gap.ratio.max = -1.0 (default)
2023-09-15 05:01:54,499 [386b2284-1126-4572-992a-9634c883c70a@group-18DB07E89AF1-LeaderElection17] INFO  server.RaftServerConfigKeys (ConfUtils.java:logGet(46)) - raft.server.log.appender.snapshot.chunk.size.max = 16MB (=16777216) (default)
2023-09-15 05:01:54,504 [grpc-default-executor-1] INFO  server.RaftServer$Division (RaftServerImpl.java:requestVote(1302)) - 49835f94-14b4-44df-a6e0-f69154e42310@group-18DB07E89AF1: receive requestVote(ELECTION, 386b2284-1126-4572-992a-9634c883c70a, group-18DB07E89AF1, 1, (t:0, i:0))
2023-09-15 05:01:54,505 [grpc-default-executor-1] INFO  impl.VoteContext (VoteContext.java:log(49)) - 49835f94-14b4-44df-a6e0-f69154e42310@group-18DB07E89AF1-FOLLOWER: accept ELECTION from 386b2284-1126-4572-992a-9634c883c70a: our priority 0 <= candidate's priority 1
2023-09-15 05:01:54,505 [grpc-default-executor-1] INFO  server.RaftServer$Division (RaftServerImpl.java:setRole(329)) - 49835f94-14b4-44df-a6e0-f69154e42310@group-18DB07E89AF1: changes role from  FOLLOWER to FOLLOWER at term 1 for candidate:386b2284-1126-4572-992a-9634c883c70a
2023-09-15 05:01:54,505 [grpc-default-executor-1] INFO  impl.RoleInfo (RoleInfo.java:shutdownFollowerState(110)) - 49835f94-14b4-44df-a6e0-f69154e42310: shutdown 49835f94-14b4-44df-a6e0-f69154e42310@group-18DB07E89AF1-FollowerState
2023-09-15 05:01:54,505 [grpc-default-executor-1] INFO  impl.RoleInfo (RoleInfo.java:updateAndGet(139)) - 49835f94-14b4-44df-a6e0-f69154e42310: start 49835f94-14b4-44df-a6e0-f69154e42310@group-18DB07E89AF1-FollowerState
2023-09-15 05:01:54,503 [grpc-default-executor-0] INFO  server.RaftServer$Division (RaftServerImpl.java:requestVote(1302)) - 49835f94-14b4-44df-a6e0-f69154e42310@group-18DB07E89AF1: receive requestVote(PRE_VOTE, 386b2284-1126-4572-992a-9634c883c70a, group-18DB07E89AF1, 0, (t:0, i:0))
2023-09-15 05:01:54,508 [grpc-default-executor-1] INFO  server.RaftServer$Division (RaftServerImpl.java:requestVote(1335)) - 49835f94-14b4-44df-a6e0-f69154e42310@group-18DB07E89AF1 replies to ELECTION vote request: 386b2284-1126-4572-992a-9634c883c70a<-49835f94-14b4-44df-a6e0-f69154e42310#0:OK-t1. Peer's state: 49835f94-14b4-44df-a6e0-f69154e42310@group-18DB07E89AF1:t1, leader=null, voted=386b2284-1126-4572-992a-9634c883c70a, raftlog=Memoized:49835f94-14b4-44df-a6e0-f69154e42310@group-18DB07E89AF1-SegmentedRaftLog:OPENED:c-1, conf=-1: peers:[ba5cf16e-7b97-4e1d-8791-bccb4873d66e|rpc:10.1.0.24:15086|admin:10.1.0.24:15085|client:10.1.0.24:15084|dataStream:10.1.0.24:15087|priority:0|startupRole:FOLLOWER, 49835f94-14b4-44df-a6e0-f69154e42310|rpc:10.1.0.24:15068|admin:10.1.0.24:15067|client:10.1.0.24:15066|dataStream:10.1.0.24:15069|priority:0|startupRole:FOLLOWER, 386b2284-1126-4572-992a-9634c883c70a|rpc:10.1.0.24:15077|admin:10.1.0.24:15076|client:10.1.0.24:15075|dataStream:10.1.0.24:15078|priority:1|startupRole:FOLLOWER]|listeners:[], old=null
2023-09-15 05:01:54,509 [grpc-default-executor-0] INFO  impl.VoteContext (VoteContext.java:log(49)) - 49835f94-14b4-44df-a6e0-f69154e42310@group-18DB07E89AF1-FOLLOWER: accept PRE_VOTE from 386b2284-1126-4572-992a-9634c883c70a: our priority 0 <= candidate's priority 1
2023-09-15 05:01:54,509 [grpc-default-executor-0] INFO  server.RaftServer$Division (RaftServerImpl.java:requestVote(1335)) - 49835f94-14b4-44df-a6e0-f69154e42310@group-18DB07E89AF1 replies to PRE_VOTE vote request: 386b2284-1126-4572-992a-9634c883c70a<-49835f94-14b4-44df-a6e0-f69154e42310#0:OK-t1. Peer's state: 49835f94-14b4-44df-a6e0-f69154e42310@group-18DB07E89AF1:t1, leader=null, voted=386b2284-1126-4572-992a-9634c883c70a, raftlog=Memoized:49835f94-14b4-44df-a6e0-f69154e42310@group-18DB07E89AF1-SegmentedRaftLog:OPENED:c-1, conf=-1: peers:[ba5cf16e-7b97-4e1d-8791-bccb4873d66e|rpc:10.1.0.24:15086|admin:10.1.0.24:15085|client:10.1.0.24:15084|dataStream:10.1.0.24:15087|priority:0|startupRole:FOLLOWER, 49835f94-14b4-44df-a6e0-f69154e42310|rpc:10.1.0.24:15068|admin:10.1.0.24:15067|client:10.1.0.24:15066|dataStream:10.1.0.24:15069|priority:0|startupRole:FOLLOWER, 386b2284-1126-4572-992a-9634c883c70a|rpc:10.1.0.24:15077|admin:10.1.0.24:15076|client:10.1.0.24:15075|dataStream:10.1.0.24:15078|priority:1|startupRole:FOLLOWER]|listeners:[], old=null
2023-09-15 05:01:54,506 [49835f94-14b4-44df-a6e0-f69154e42310@group-18DB07E89AF1-FollowerState] INFO  impl.FollowerState (FollowerState.java:run(152)) - 49835f94-14b4-44df-a6e0-f69154e42310@group-18DB07E89AF1-FollowerState was interrupted
2023-09-15 05:01:54,505 [386b2284-1126-4572-992a-9634c883c70a@group-18DB07E89AF1-LeaderElection17] INFO  server.RaftServerConfigKeys (ConfUtils.java:logGet(46)) - raft.server.log.appender.buffer.byte-limit = 33554432 (custom)
2023-09-15 05:01:54,522 [386b2284-1126-4572-992a-9634c883c70a@group-18DB07E89AF1-LeaderElection17] INFO  server.RaftServerConfigKeys (ConfUtils.java:logGet(46)) - raft.server.log.appender.buffer.element-limit = 1 (custom)
2023-09-15 05:01:54,522 [386b2284-1126-4572-992a-9634c883c70a@group-18DB07E89AF1-LeaderElection17] INFO  server.RaftServerConfigKeys (ConfUtils.java:logGet(46)) - raft.server.log.appender.wait-time.min = 10ms (default)
2023-09-15 05:01:54,522 [386b2284-1126-4572-992a-9634c883c70a@group-18DB07E89AF1-LeaderElection17] INFO  grpc.GrpcConfigKeys (ConfUtils.java:logGet(46)) - raft.grpc.server.leader.outstanding.appends.max = 128 (default)
2023-09-15 05:01:54,522 [386b2284-1126-4572-992a-9634c883c70a@group-18DB07E89AF1-LeaderElection17] INFO  server.RaftServerConfigKeys (ConfUtils.java:logGet(46)) - raft.server.rpc.request.timeout = 60s (custom)
2023-09-15 05:01:54,522 [386b2284-1126-4572-992a-9634c883c70a@group-18DB07E89AF1-LeaderElection17] INFO  grpc.GrpcConfigKeys (ConfUtils.java:logGet(46)) - raft.grpc.server.install_snapshot.request.element-limit = 8 (default)
2023-09-15 05:01:54,522 [386b2284-1126-4572-992a-9634c883c70a@group-18DB07E89AF1-LeaderElection17] INFO  grpc.GrpcConfigKeys (ConfUtils.java:logGet(46)) - raft.grpc.server.install_snapshot.request.timeout = 3000ms (default)
2023-09-15 05:01:54,522 [386b2284-1126-4572-992a-9634c883c70a@group-18DB07E89AF1-LeaderElection17] INFO  server.RaftServerConfigKeys (ConfUtils.java:logGet(46)) - raft.server.log.appender.install.snapshot.enabled = false (custom)
2023-09-15 05:01:54,522 [386b2284-1126-4572-992a-9634c883c70a@group-18DB07E89AF1-LeaderElection17] INFO  grpc.GrpcConfigKeys (ConfUtils.java:logGet(46)) - raft.grpc.server.heartbeat.channel = true (default)
2023-09-15 05:01:54,523 [386b2284-1126-4572-992a-9634c883c70a@group-18DB07E89AF1-LeaderElection17] INFO  server.RaftServerConfigKeys (ConfUtils.java:logGet(46)) - raft.server.log.appender.snapshot.chunk.size.max = 16MB (=16777216) (default)
2023-09-15 05:01:54,523 [386b2284-1126-4572-992a-9634c883c70a@group-18DB07E89AF1-LeaderElection17] INFO  server.RaftServerConfigKeys (ConfUtils.java:logGet(46)) - raft.server.log.appender.buffer.byte-limit = 33554432 (custom)
2023-09-15 05:01:54,523 [386b2284-1126-4572-992a-9634c883c70a@group-18DB07E89AF1-LeaderElection17] INFO  server.RaftServerConfigKeys (ConfUtils.java:logGet(46)) - raft.server.log.appender.buffer.element-limit = 1 (custom)
2023-09-15 05:01:54,523 [386b2284-1126-4572-992a-9634c883c70a@group-18DB07E89AF1-LeaderElection17] INFO  server.RaftServerConfigKeys (ConfUtils.java:logGet(46)) - raft.server.log.appender.wait-time.min = 10ms (default)
2023-09-15 05:01:54,524 [386b2284-1126-4572-992a-9634c883c70a@group-18DB07E89AF1-LeaderElection17] INFO  grpc.GrpcConfigKeys (ConfUtils.java:logGet(46)) - raft.grpc.server.leader.outstanding.appends.max = 128 (default)
2023-09-15 05:01:54,524 [386b2284-1126-4572-992a-9634c883c70a@group-18DB07E89AF1-LeaderElection17] INFO  server.RaftServerConfigKeys (ConfUtils.java:logGet(46)) - raft.server.rpc.request.timeout = 60s (custom)
2023-09-15 05:01:54,524 [386b2284-1126-4572-992a-9634c883c70a@group-18DB07E89AF1-LeaderElection17] INFO  grpc.GrpcConfigKeys (ConfUtils.java:logGet(46)) - raft.grpc.server.install_snapshot.request.element-limit = 8 (default)
2023-09-15 05:01:54,524 [386b2284-1126-4572-992a-9634c883c70a@group-18DB07E89AF1-LeaderElection17] INFO  grpc.GrpcConfigKeys (ConfUtils.java:logGet(46)) - raft.grpc.server.install_snapshot.request.timeout = 3000ms (default)
2023-09-15 05:01:54,524 [386b2284-1126-4572-992a-9634c883c70a@group-18DB07E89AF1-LeaderElection17] INFO  server.RaftServerConfigKeys (ConfUtils.java:logGet(46)) - raft.server.log.appender.install.snapshot.enabled = false (custom)
2023-09-15 05:01:54,524 [386b2284-1126-4572-992a-9634c883c70a@group-18DB07E89AF1-LeaderElection17] INFO  grpc.GrpcConfigKeys (ConfUtils.java:logGet(46)) - raft.grpc.server.heartbeat.channel = true (default)
2023-09-15 05:01:54,524 [386b2284-1126-4572-992a-9634c883c70a@group-18DB07E89AF1-LeaderElection17] INFO  impl.RoleInfo (RoleInfo.java:updateAndGet(139)) - 386b2284-1126-4572-992a-9634c883c70a: start 386b2284-1126-4572-992a-9634c883c70a@group-18DB07E89AF1-LeaderStateImpl
2023-09-15 05:01:54,524 [386b2284-1126-4572-992a-9634c883c70a@group-18DB07E89AF1-LeaderElection17] INFO  segmented.SegmentedRaftLogWorker (SegmentedRaftLogWorker.java:startLogSegment(447)) - 386b2284-1126-4572-992a-9634c883c70a@group-18DB07E89AF1-SegmentedRaftLogWorker: Starting segment from index:0
2023-09-15 05:01:54,508 [EventQueue-PipelineReportForPipelineReportHandler] INFO  pipeline.PipelineReportHandler (PipelineReportHandler.java:processPipelineReport(136)) - Opened pipeline PipelineID=bc2810cb-2d62-4486-9982-18db07e89af1
2023-09-15 05:01:54,533 [386b2284-1126-4572-992a-9634c883c70a@group-2173B2354F71-FollowerState] INFO  impl.FollowerState (FollowerState.java:run(143)) - 386b2284-1126-4572-992a-9634c883c70a@group-2173B2354F71-FollowerState: change to CANDIDATE, lastRpcElapsedTime:5138625211ns, electionTimeout:5128ms
2023-09-15 05:01:54,533 [386b2284-1126-4572-992a-9634c883c70a@group-2173B2354F71-FollowerState] INFO  impl.RoleInfo (RoleInfo.java:shutdownFollowerState(110)) - 386b2284-1126-4572-992a-9634c883c70a: shutdown 386b2284-1126-4572-992a-9634c883c70a@group-2173B2354F71-FollowerState
2023-09-15 05:01:54,533 [386b2284-1126-4572-992a-9634c883c70a@group-2173B2354F71-FollowerState] INFO  server.RaftServer$Division (RaftServerImpl.java:setRole(329)) - 386b2284-1126-4572-992a-9634c883c70a@group-2173B2354F71: changes role from  FOLLOWER to CANDIDATE at term 0 for changeToCandidate
2023-09-15 05:01:54,542 [386b2284-1126-4572-992a-9634c883c70a@group-18DB07E89AF1-LeaderElection17] INFO  server.RaftServer$Division (ServerState.java:setRaftConf(434)) - 386b2284-1126-4572-992a-9634c883c70a@group-18DB07E89AF1: set configuration 0: peers:[ba5cf16e-7b97-4e1d-8791-bccb4873d66e|rpc:10.1.0.24:15086|admin:10.1.0.24:15085|client:10.1.0.24:15084|dataStream:10.1.0.24:15087|priority:0|startupRole:FOLLOWER, 49835f94-14b4-44df-a6e0-f69154e42310|rpc:10.1.0.24:15068|admin:10.1.0.24:15067|client:10.1.0.24:15066|dataStream:10.1.0.24:15069|priority:0|startupRole:FOLLOWER, 386b2284-1126-4572-992a-9634c883c70a|rpc:10.1.0.24:15077|admin:10.1.0.24:15076|client:10.1.0.24:15075|dataStream:10.1.0.24:15078|priority:1|startupRole:FOLLOWER]|listeners:[], old=null
2023-09-15 05:01:54,542 [386b2284-1126-4572-992a-9634c883c70a@group-2173B2354F71-FollowerState] INFO  server.RaftServerConfigKeys (ConfUtils.java:logGet(46)) - raft.server.leaderelection.pre-vote = true (default)
2023-09-15 05:01:54,542 [386b2284-1126-4572-992a-9634c883c70a@group-2173B2354F71-FollowerState] INFO  impl.RoleInfo (RoleInfo.java:updateAndGet(139)) - 386b2284-1126-4572-992a-9634c883c70a: start 386b2284-1126-4572-992a-9634c883c70a@group-2173B2354F71-LeaderElection18
2023-09-15 05:01:54,544 [386b2284-1126-4572-992a-9634c883c70a@group-18DB07E89AF1-SegmentedRaftLogWorker] INFO  segmented.SegmentedRaftLogWorker (SegmentedRaftLogWorker.java:execute(651)) - 386b2284-1126-4572-992a-9634c883c70a@group-18DB07E89AF1-SegmentedRaftLogWorker: created new log segment /home/runner/work/ozone/ozone/hadoop-ozone/integration-test/target/test-dir/MiniOzoneClusterImpl-0a18362f-1832-4b81-b629-935968d04e12/datanode-7/data/ratis/bc2810cb-2d62-4486-9982-18db07e89af1/current/log_inprogress_0
2023-09-15 05:01:54,553 [386b2284-1126-4572-992a-9634c883c70a@group-2173B2354F71-LeaderElection18] INFO  impl.LeaderElection (LeaderElection.java:askForVotes(321)) - 386b2284-1126-4572-992a-9634c883c70a@group-2173B2354F71-LeaderElection18 PRE_VOTE round 0: submit vote requests at term 0 for -1: peers:[386b2284-1126-4572-992a-9634c883c70a|rpc:10.1.0.24:15077|admin:10.1.0.24:15076|client:10.1.0.24:15075|dataStream:10.1.0.24:15078|priority:1|startupRole:FOLLOWER]|listeners:[], old=null
2023-09-15 05:01:54,560 [386b2284-1126-4572-992a-9634c883c70a@group-2173B2354F71-LeaderElection18] INFO  impl.LeaderElection (LeaderElection.java:askForVotes(323)) - 386b2284-1126-4572-992a-9634c883c70a@group-2173B2354F71-LeaderElection18 PRE_VOTE round 0: result PASSED (term=0)
2023-09-15 05:01:54,553 [ba5cf16e-7b97-4e1d-8791-bccb4873d66e-server-thread1] INFO  ratis.XceiverServerRatis (XceiverServerRatis.java:handleLeaderChangedNotification(902)) - Leader change notification received for group: group-18DB07E89AF1 with new leaderId: 386b2284-1126-4572-992a-9634c883c70a
2023-09-15 05:01:54,562 [ba5cf16e-7b97-4e1d-8791-bccb4873d66e-server-thread1] INFO  server.RaftServer$Division (ServerState.java:setLeader(317)) - ba5cf16e-7b97-4e1d-8791-bccb4873d66e@group-18DB07E89AF1: change Leader from null to 386b2284-1126-4572-992a-9634c883c70a at term 1 for appendEntries, leader elected after 5332ms
2023-09-15 05:01:54,563 [ba5cf16e-7b97-4e1d-8791-bccb4873d66e-server-thread2] INFO  server.RaftServer$Division (ServerState.java:setRaftConf(434)) - ba5cf16e-7b97-4e1d-8791-bccb4873d66e@group-18DB07E89AF1: set configuration 0: peers:[ba5cf16e-7b97-4e1d-8791-bccb4873d66e|rpc:10.1.0.24:15086|admin:10.1.0.24:15085|client:10.1.0.24:15084|dataStream:10.1.0.24:15087|priority:0|startupRole:FOLLOWER, 49835f94-14b4-44df-a6e0-f69154e42310|rpc:10.1.0.24:15068|admin:10.1.0.24:15067|client:10.1.0.24:15066|dataStream:10.1.0.24:15069|priority:0|startupRole:FOLLOWER, 386b2284-1126-4572-992a-9634c883c70a|rpc:10.1.0.24:15077|admin:10.1.0.24:15076|client:10.1.0.24:15075|dataStream:10.1.0.24:15078|priority:1|startupRole:FOLLOWER]|listeners:[], old=null
2023-09-15 05:01:54,563 [ba5cf16e-7b97-4e1d-8791-bccb4873d66e-server-thread2] INFO  segmented.SegmentedRaftLogWorker (SegmentedRaftLogWorker.java:startLogSegment(447)) - ba5cf16e-7b97-4e1d-8791-bccb4873d66e@group-18DB07E89AF1-SegmentedRaftLogWorker: Starting segment from index:0
2023-09-15 05:01:54,564 [386b2284-1126-4572-992a-9634c883c70a@group-2173B2354F71-LeaderElection18] INFO  impl.LeaderElection (LeaderElection.java:askForVotes(321)) - 386b2284-1126-4572-992a-9634c883c70a@group-2173B2354F71-LeaderElection18 ELECTION round 0: submit vote requests at term 1 for -1: peers:[386b2284-1126-4572-992a-9634c883c70a|rpc:10.1.0.24:15077|admin:10.1.0.24:15076|client:10.1.0.24:15075|dataStream:10.1.0.24:15078|priority:1|startupRole:FOLLOWER]|listeners:[], old=null
2023-09-15 05:01:54,564 [386b2284-1126-4572-992a-9634c883c70a@group-2173B2354F71-LeaderElection18] INFO  impl.LeaderElection (LeaderElection.java:askForVotes(323)) - 386b2284-1126-4572-992a-9634c883c70a@group-2173B2354F71-LeaderElection18 ELECTION round 0: result PASSED (term=1)
2023-09-15 05:01:54,564 [386b2284-1126-4572-992a-9634c883c70a@group-2173B2354F71-LeaderElection18] INFO  impl.RoleInfo (RoleInfo.java:shutdownLeaderElection(130)) - 386b2284-1126-4572-992a-9634c883c70a: shutdown 386b2284-1126-4572-992a-9634c883c70a@group-2173B2354F71-LeaderElection18
2023-09-15 05:01:54,564 [386b2284-1126-4572-992a-9634c883c70a@group-2173B2354F71-LeaderElection18] INFO  server.RaftServer$Division (RaftServerImpl.java:setRole(329)) - 386b2284-1126-4572-992a-9634c883c70a@group-2173B2354F71: changes role from CANDIDATE to LEADER at term 1 for changeToLeader
2023-09-15 05:01:54,564 [386b2284-1126-4572-992a-9634c883c70a@group-2173B2354F71-LeaderElection18] INFO  ratis.XceiverServerRatis (XceiverServerRatis.java:handleLeaderChangedNotification(902)) - Leader change notification received for group: group-2173B2354F71 with new leaderId: 386b2284-1126-4572-992a-9634c883c70a
2023-09-15 05:01:54,565 [ba5cf16e-7b97-4e1d-8791-bccb4873d66e@group-18DB07E89AF1-SegmentedRaftLogWorker] INFO  segmented.SegmentedRaftLogWorker (SegmentedRaftLogWorker.java:execute(651)) - ba5cf16e-7b97-4e1d-8791-bccb4873d66e@group-18DB07E89AF1-SegmentedRaftLogWorker: created new log segment /home/runner/work/ozone/ozone/hadoop-ozone/integration-test/target/test-dir/MiniOzoneClusterImpl-0a18362f-1832-4b81-b629-935968d04e12/datanode-8/data/ratis/bc2810cb-2d62-4486-9982-18db07e89af1/current/log_inprogress_0
2023-09-15 05:01:54,565 [386b2284-1126-4572-992a-9634c883c70a@group-2173B2354F71-LeaderElection18] INFO  server.RaftServer$Division (ServerState.java:setLeader(317)) - 386b2284-1126-4572-992a-9634c883c70a@group-2173B2354F71: change Leader from null to 386b2284-1126-4572-992a-9634c883c70a at term 1 for becomeLeader, leader elected after 5188ms
2023-09-15 05:01:54,565 [386b2284-1126-4572-992a-9634c883c70a@group-2173B2354F71-LeaderElection18] INFO  server.RaftServerConfigKeys (ConfUtils.java:logGet(46)) - raft.server.staging.catchup.gap = 1000 (default)
2023-09-15 05:01:54,565 [386b2284-1126-4572-992a-9634c883c70a@group-2173B2354F71-LeaderElection18] INFO  server.RaftServerConfigKeys (ConfUtils.java:logGet(46)) - raft.server.write.element-limit = 1024 (custom)
2023-09-15 05:01:54,565 [386b2284-1126-4572-992a-9634c883c70a@group-2173B2354F71-LeaderElection18] INFO  server.RaftServerConfigKeys (ConfUtils.java:logGet(46)) - raft.server.write.byte-limit = 1024 M (=1073741824) (custom)
2023-09-15 05:01:54,565 [386b2284-1126-4572-992a-9634c883c70a@group-2173B2354F71-LeaderElection18] INFO  server.RaftServerConfigKeys (ConfUtils.java:logGet(46)) - raft.server.watch.timeout = 180s (custom)
2023-09-15 05:01:54,565 [386b2284-1126-4572-992a-9634c883c70a@group-2173B2354F71-LeaderElection18] INFO  server.RaftServerConfigKeys (ConfUtils.java:logGet(46)) - raft.server.watch.timeout.denomination = 1s (default)
2023-09-15 05:01:54,565 [386b2284-1126-4572-992a-9634c883c70a@group-2173B2354F71-LeaderElection18] INFO  server.RaftServerConfigKeys (ConfUtils.java:logGet(46)) - raft.server.watch.element-limit = 65536 (default)
2023-09-15 05:01:54,568 [386b2284-1126-4572-992a-9634c883c70a@group-2173B2354F71-LeaderElection18] INFO  server.RaftServerConfigKeys (ConfUtils.java:logGet(46)) - raft.server.write.element-limit = 1024 (custom)
2023-09-15 05:01:54,568 [49835f94-14b4-44df-a6e0-f69154e42310-server-thread2] INFO  ratis.XceiverServerRatis (XceiverServerRatis.java:handleLeaderChangedNotification(902)) - Leader change notification received for group: group-18DB07E89AF1 with new leaderId: 386b2284-1126-4572-992a-9634c883c70a
2023-09-15 05:01:54,569 [49835f94-14b4-44df-a6e0-f69154e42310-server-thread2] INFO  server.RaftServer$Division (ServerState.java:setLeader(317)) - 49835f94-14b4-44df-a6e0-f69154e42310@group-18DB07E89AF1: change Leader from null to 386b2284-1126-4572-992a-9634c883c70a at term 1 for appendEntries, leader elected after 5392ms
2023-09-15 05:01:54,569 [49835f94-14b4-44df-a6e0-f69154e42310-server-thread2] INFO  server.RaftServer$Division (ServerState.java:setRaftConf(434)) - 49835f94-14b4-44df-a6e0-f69154e42310@group-18DB07E89AF1: set configuration 0: peers:[ba5cf16e-7b97-4e1d-8791-bccb4873d66e|rpc:10.1.0.24:15086|admin:10.1.0.24:15085|client:10.1.0.24:15084|dataStream:10.1.0.24:15087|priority:0|startupRole:FOLLOWER, 49835f94-14b4-44df-a6e0-f69154e42310|rpc:10.1.0.24:15068|admin:10.1.0.24:15067|client:10.1.0.24:15066|dataStream:10.1.0.24:15069|priority:0|startupRole:FOLLOWER, 386b2284-1126-4572-992a-9634c883c70a|rpc:10.1.0.24:15077|admin:10.1.0.24:15076|client:10.1.0.24:15075|dataStream:10.1.0.24:15078|priority:1|startupRole:FOLLOWER]|listeners:[], old=null
2023-09-15 05:01:54,569 [49835f94-14b4-44df-a6e0-f69154e42310-server-thread2] INFO  segmented.SegmentedRaftLogWorker (SegmentedRaftLogWorker.java:startLogSegment(447)) - 49835f94-14b4-44df-a6e0-f69154e42310@group-18DB07E89AF1-SegmentedRaftLogWorker: Starting segment from index:0
2023-09-15 05:01:54,569 [386b2284-1126-4572-992a-9634c883c70a@group-2173B2354F71-LeaderElection18] INFO  server.RaftServerConfigKeys (ConfUtils.java:logGet(46)) - raft.server.write.follower.gap.ratio.max = -1.0 (default)
2023-09-15 05:01:54,569 [386b2284-1126-4572-992a-9634c883c70a@group-2173B2354F71-LeaderElection18] INFO  impl.RoleInfo (RoleInfo.java:updateAndGet(139)) - 386b2284-1126-4572-992a-9634c883c70a: start 386b2284-1126-4572-992a-9634c883c70a@group-2173B2354F71-LeaderStateImpl
2023-09-15 05:01:54,571 [49835f94-14b4-44df-a6e0-f69154e42310@group-18DB07E89AF1-SegmentedRaftLogWorker] INFO  segmented.SegmentedRaftLogWorker (SegmentedRaftLogWorker.java:execute(651)) - 49835f94-14b4-44df-a6e0-f69154e42310@group-18DB07E89AF1-SegmentedRaftLogWorker: created new log segment /home/runner/work/ozone/ozone/hadoop-ozone/integration-test/target/test-dir/MiniOzoneClusterImpl-0a18362f-1832-4b81-b629-935968d04e12/datanode-6/data/ratis/bc2810cb-2d62-4486-9982-18db07e89af1/current/log_inprogress_0
2023-09-15 05:01:54,571 [386b2284-1126-4572-992a-9634c883c70a@group-2173B2354F71-LeaderElection18] INFO  segmented.SegmentedRaftLogWorker (SegmentedRaftLogWorker.java:startLogSegment(447)) - 386b2284-1126-4572-992a-9634c883c70a@group-2173B2354F71-SegmentedRaftLogWorker: Starting segment from index:0
2023-09-15 05:01:54,573 [386b2284-1126-4572-992a-9634c883c70a@group-2173B2354F71-SegmentedRaftLogWorker] INFO  segmented.SegmentedRaftLogWorker (SegmentedRaftLogWorker.java:execute(651)) - 386b2284-1126-4572-992a-9634c883c70a@group-2173B2354F71-SegmentedRaftLogWorker: created new log segment /home/runner/work/ozone/ozone/hadoop-ozone/integration-test/target/test-dir/MiniOzoneClusterImpl-0a18362f-1832-4b81-b629-935968d04e12/datanode-7/data/ratis/231ec847-5fe8-4206-b182-2173b2354f71/current/log_inprogress_0
2023-09-15 05:01:54,581 [386b2284-1126-4572-992a-9634c883c70a@group-2173B2354F71-LeaderElection18] INFO  server.RaftServer$Division (ServerState.java:setRaftConf(434)) - 386b2284-1126-4572-992a-9634c883c70a@group-2173B2354F71: set configuration 0: peers:[386b2284-1126-4572-992a-9634c883c70a|rpc:10.1.0.24:15077|admin:10.1.0.24:15076|client:10.1.0.24:15075|dataStream:10.1.0.24:15078|priority:1|startupRole:FOLLOWER]|listeners:[], old=null
2023-09-15 05:01:54,642 [qtp1742235652-18] INFO  kms-audit (SimpleKMSAuditLogger.java:logAuditSimpleFormat(93)) - OK[op=CREATE_KEY, key=key1, user=runner] UserProvidedMaterial:false Description:key1
2023-09-15 05:01:54,707 [main] INFO  rpc.RpcClient (RpcClient.java:createVolume(461)) - Creating Volume: a3c066b7-2dd4-4480-aab5-1c2e038e74a4, with runner as owner and space quota set to -1 bytes, counts quota set to -1
2023-09-15 05:01:54,759 [OM StateMachine ApplyTransaction Thread - 0] INFO  volume.OMVolumeCreateRequest (OMVolumeCreateRequest.java:validateAndUpdateCache(196)) - created volume:a3c066b7-2dd4-4480-aab5-1c2e038e74a4 for user:runner
2023-09-15 05:01:54,783 [main] INFO  rpc.RpcClient (RpcClient.java:createBucket(688)) - Creating Bucket: a3c066b7-2dd4-4480-aab5-1c2e038e74a4/afeb0853-3230-4859-8111-7f4ff5614c97, with bucket layout FILE_SYSTEM_OPTIMIZED, runner as owner, Versioning false, Storage Type set to DISK and Encryption set to true, Replication Type set to server-side default replication type, Namespace Quota set to -1, Space Quota set to -1 
2023-09-15 05:01:54,815 [qtp1742235652-21] INFO  kms-audit (SimpleKMSAuditLogger.java:logAuditSimpleFormat(93)) - OK[op=GET_METADATA, key=key1, user=runner] 
2023-09-15 05:01:54,980 [ba5cf16e-7b97-4e1d-8791-bccb4873d66e@group-FD5D28BA849A-FollowerState] INFO  impl.FollowerState (FollowerState.java:run(143)) - ba5cf16e-7b97-4e1d-8791-bccb4873d66e@group-FD5D28BA849A-FollowerState: change to CANDIDATE, lastRpcElapsedTime:5166135242ns, electionTimeout:5161ms
2023-09-15 05:01:54,980 [ba5cf16e-7b97-4e1d-8791-bccb4873d66e@group-FD5D28BA849A-FollowerState] INFO  impl.RoleInfo (RoleInfo.java:shutdownFollowerState(110)) - ba5cf16e-7b97-4e1d-8791-bccb4873d66e: shutdown ba5cf16e-7b97-4e1d-8791-bccb4873d66e@group-FD5D28BA849A-FollowerState
2023-09-15 05:01:54,980 [ba5cf16e-7b97-4e1d-8791-bccb4873d66e@group-FD5D28BA849A-FollowerState] INFO  server.RaftServer$Division (RaftServerImpl.java:setRole(329)) - ba5cf16e-7b97-4e1d-8791-bccb4873d66e@group-FD5D28BA849A: changes role from  FOLLOWER to CANDIDATE at term 0 for changeToCandidate
2023-09-15 05:01:54,980 [ba5cf16e-7b97-4e1d-8791-bccb4873d66e@group-FD5D28BA849A-FollowerState] INFO  server.RaftServerConfigKeys (ConfUtils.java:logGet(46)) - raft.server.leaderelection.pre-vote = true (default)
2023-09-15 05:01:54,981 [ba5cf16e-7b97-4e1d-8791-bccb4873d66e@group-FD5D28BA849A-FollowerState] INFO  impl.RoleInfo (RoleInfo.java:updateAndGet(139)) - ba5cf16e-7b97-4e1d-8791-bccb4873d66e: start ba5cf16e-7b97-4e1d-8791-bccb4873d66e@group-FD5D28BA849A-LeaderElection19
2023-09-15 05:01:54,998 [ba5cf16e-7b97-4e1d-8791-bccb4873d66e@group-FD5D28BA849A-LeaderElection19] INFO  impl.LeaderElection (LeaderElection.java:askForVotes(321)) - ba5cf16e-7b97-4e1d-8791-bccb4873d66e@group-FD5D28BA849A-LeaderElection19 PRE_VOTE round 0: submit vote requests at term 0 for -1: peers:[ba5cf16e-7b97-4e1d-8791-bccb4873d66e|rpc:10.1.0.24:15086|admin:10.1.0.24:15085|client:10.1.0.24:15084|dataStream:10.1.0.24:15087|priority:1|startupRole:FOLLOWER]|listeners:[], old=null
2023-09-15 05:01:54,998 [ba5cf16e-7b97-4e1d-8791-bccb4873d66e@group-FD5D28BA849A-LeaderElection19] INFO  impl.LeaderElection (LeaderElection.java:askForVotes(323)) - ba5cf16e-7b97-4e1d-8791-bccb4873d66e@group-FD5D28BA849A-LeaderElection19 PRE_VOTE round 0: result PASSED (term=0)
2023-09-15 05:01:55,004 [ba5cf16e-7b97-4e1d-8791-bccb4873d66e@group-FD5D28BA849A-LeaderElection19] INFO  impl.LeaderElection (LeaderElection.java:askForVotes(321)) - ba5cf16e-7b97-4e1d-8791-bccb4873d66e@group-FD5D28BA849A-LeaderElection19 ELECTION round 0: submit vote requests at term 1 for -1: peers:[ba5cf16e-7b97-4e1d-8791-bccb4873d66e|rpc:10.1.0.24:15086|admin:10.1.0.24:15085|client:10.1.0.24:15084|dataStream:10.1.0.24:15087|priority:1|startupRole:FOLLOWER]|listeners:[], old=null
2023-09-15 05:01:55,004 [ba5cf16e-7b97-4e1d-8791-bccb4873d66e@group-FD5D28BA849A-LeaderElection19] INFO  impl.LeaderElection (LeaderElection.java:askForVotes(323)) - ba5cf16e-7b97-4e1d-8791-bccb4873d66e@group-FD5D28BA849A-LeaderElection19 ELECTION round 0: result PASSED (term=1)
2023-09-15 05:01:55,004 [ba5cf16e-7b97-4e1d-8791-bccb4873d66e@group-FD5D28BA849A-LeaderElection19] INFO  impl.RoleInfo (RoleInfo.java:shutdownLeaderElection(130)) - ba5cf16e-7b97-4e1d-8791-bccb4873d66e: shutdown ba5cf16e-7b97-4e1d-8791-bccb4873d66e@group-FD5D28BA849A-LeaderElection19
2023-09-15 05:01:55,005 [ba5cf16e-7b97-4e1d-8791-bccb4873d66e@group-FD5D28BA849A-LeaderElection19] INFO  server.RaftServer$Division (RaftServerImpl.java:setRole(329)) - ba5cf16e-7b97-4e1d-8791-bccb4873d66e@group-FD5D28BA849A: changes role from CANDIDATE to LEADER at term 1 for changeToLeader
2023-09-15 05:01:55,005 [ba5cf16e-7b97-4e1d-8791-bccb4873d66e@group-FD5D28BA849A-LeaderElection19] INFO  ratis.XceiverServerRatis (XceiverServerRatis.java:handleLeaderChangedNotification(902)) - Leader change notification received for group: group-FD5D28BA849A with new leaderId: ba5cf16e-7b97-4e1d-8791-bccb4873d66e
2023-09-15 05:01:55,005 [ba5cf16e-7b97-4e1d-8791-bccb4873d66e@group-FD5D28BA849A-LeaderElection19] INFO  server.RaftServer$Division (ServerState.java:setLeader(317)) - ba5cf16e-7b97-4e1d-8791-bccb4873d66e@group-FD5D28BA849A: change Leader from null to ba5cf16e-7b97-4e1d-8791-bccb4873d66e at term 1 for becomeLeader, leader elected after 5216ms
2023-09-15 05:01:55,005 [ba5cf16e-7b97-4e1d-8791-bccb4873d66e@group-FD5D28BA849A-LeaderElection19] INFO  server.RaftServerConfigKeys (ConfUtils.java:logGet(46)) - raft.server.staging.catchup.gap = 1000 (default)
2023-09-15 05:01:55,005 [ba5cf16e-7b97-4e1d-8791-bccb4873d66e@group-FD5D28BA849A-LeaderElection19] INFO  server.RaftServerConfigKeys (ConfUtils.java:logGet(46)) - raft.server.write.element-limit = 1024 (custom)
2023-09-15 05:01:55,005 [ba5cf16e-7b97-4e1d-8791-bccb4873d66e@group-FD5D28BA849A-LeaderElection19] INFO  server.RaftServerConfigKeys (ConfUtils.java:logGet(46)) - raft.server.write.byte-limit = 1024 M (=1073741824) (custom)
2023-09-15 05:01:55,006 [ba5cf16e-7b97-4e1d-8791-bccb4873d66e@group-FD5D28BA849A-LeaderElection19] INFO  server.RaftServerConfigKeys (ConfUtils.java:logGet(46)) - raft.server.watch.timeout = 180s (custom)
2023-09-15 05:01:55,006 [ba5cf16e-7b97-4e1d-8791-bccb4873d66e@group-FD5D28BA849A-LeaderElection19] INFO  server.RaftServerConfigKeys (ConfUtils.java:logGet(46)) - raft.server.watch.timeout.denomination = 1s (default)
2023-09-15 05:01:55,006 [ba5cf16e-7b97-4e1d-8791-bccb4873d66e@group-FD5D28BA849A-LeaderElection19] INFO  server.RaftServerConfigKeys (ConfUtils.java:logGet(46)) - raft.server.watch.element-limit = 65536 (default)
2023-09-15 05:01:55,006 [ba5cf16e-7b97-4e1d-8791-bccb4873d66e@group-FD5D28BA849A-LeaderElection19] INFO  server.RaftServerConfigKeys (ConfUtils.java:logGet(46)) - raft.server.write.element-limit = 1024 (custom)
2023-09-15 05:01:55,006 [ba5cf16e-7b97-4e1d-8791-bccb4873d66e@group-FD5D28BA849A-LeaderElection19] INFO  server.RaftServerConfigKeys (ConfUtils.java:logGet(46)) - raft.server.write.follower.gap.ratio.max = -1.0 (default)
2023-09-15 05:01:55,006 [ba5cf16e-7b97-4e1d-8791-bccb4873d66e@group-FD5D28BA849A-LeaderElection19] INFO  impl.RoleInfo (RoleInfo.java:updateAndGet(139)) - ba5cf16e-7b97-4e1d-8791-bccb4873d66e: start ba5cf16e-7b97-4e1d-8791-bccb4873d66e@group-FD5D28BA849A-LeaderStateImpl
2023-09-15 05:01:55,006 [ba5cf16e-7b97-4e1d-8791-bccb4873d66e@group-FD5D28BA849A-LeaderElection19] INFO  segmented.SegmentedRaftLogWorker (SegmentedRaftLogWorker.java:startLogSegment(447)) - ba5cf16e-7b97-4e1d-8791-bccb4873d66e@group-FD5D28BA849A-SegmentedRaftLogWorker: Starting segment from index:0
2023-09-15 05:01:55,008 [ba5cf16e-7b97-4e1d-8791-bccb4873d66e@group-FD5D28BA849A-SegmentedRaftLogWorker] INFO  segmented.SegmentedRaftLogWorker (SegmentedRaftLogWorker.java:execute(651)) - ba5cf16e-7b97-4e1d-8791-bccb4873d66e@group-FD5D28BA849A-SegmentedRaftLogWorker: created new log segment /home/runner/work/ozone/ozone/hadoop-ozone/integration-test/target/test-dir/MiniOzoneClusterImpl-0a18362f-1832-4b81-b629-935968d04e12/datanode-8/data/ratis/c07551b4-2a24-42e5-b768-fd5d28ba849a/current/log_inprogress_0
2023-09-15 05:01:55,013 [ba5cf16e-7b97-4e1d-8791-bccb4873d66e@group-FD5D28BA849A-LeaderElection19] INFO  server.RaftServer$Division (ServerState.java:setRaftConf(434)) - ba5cf16e-7b97-4e1d-8791-bccb4873d66e@group-FD5D28BA849A: set configuration 0: peers:[ba5cf16e-7b97-4e1d-8791-bccb4873d66e|rpc:10.1.0.24:15086|admin:10.1.0.24:15085|client:10.1.0.24:15084|dataStream:10.1.0.24:15087|priority:1|startupRole:FOLLOWER]|listeners:[], old=null
2023-09-15 05:01:55,029 [qtp1742235652-21] INFO  kms-audit (SimpleKMSAuditLogger.java:logAuditEvent(59)) - OK[op=GENERATE_EEK, key=key1, user=runner, accessCount=1, interval=0ms] 
2023-09-15 05:01:55,077 [OM StateMachine ApplyTransaction Thread - 0] INFO  bucket.OMBucketCreateRequest (OMBucketCreateRequest.java:validateAndUpdateCache(270)) - created bucket: afeb0853-3230-4859-8111-7f4ff5614c97 of layout FILE_SYSTEM_OPTIMIZED in volume: a3c066b7-2dd4-4480-aab5-1c2e038e74a4
2023-09-15 05:01:55,178 [IPC Server handler 0 on default port 15001] INFO  ha.SequenceIdGenerator (SequenceIdGenerator.java:getNextId(140)) - Allocate a batch for containerId, change lastId from 0 to 1000.
2023-09-15 05:01:55,189 [IPC Server handler 0 on default port 15001] WARN  ha.SequenceIdGenerator (SequenceIdGenerator.java:allocateBatch(253)) - Failed to allocate a batch for localId, expected lastId is 0, actual lastId is 111677748019200000.
2023-09-15 05:01:55,190 [IPC Server handler 0 on default port 15001] INFO  ha.SequenceIdGenerator (SequenceIdGenerator.java:getNextId(140)) - Allocate a batch for localId, change lastId from 111677748019200000 to 111677748019201000.
2023-09-15 05:01:55,380 [578440bc-c25e-4c80-bfb5-6b6f6462e7c6@group-36B55943243A-FollowerState] INFO  impl.FollowerState (FollowerState.java:run(143)) - 578440bc-c25e-4c80-bfb5-6b6f6462e7c6@group-36B55943243A-FollowerState: change to CANDIDATE, lastRpcElapsedTime:5179196332ns, electionTimeout:5173ms
2023-09-15 05:01:55,380 [578440bc-c25e-4c80-bfb5-6b6f6462e7c6@group-36B55943243A-FollowerState] INFO  impl.RoleInfo (RoleInfo.java:shutdownFollowerState(110)) - 578440bc-c25e-4c80-bfb5-6b6f6462e7c6: shutdown 578440bc-c25e-4c80-bfb5-6b6f6462e7c6@group-36B55943243A-FollowerState
2023-09-15 05:01:55,380 [578440bc-c25e-4c80-bfb5-6b6f6462e7c6@group-36B55943243A-FollowerState] INFO  server.RaftServer$Division (RaftServerImpl.java:setRole(329)) - 578440bc-c25e-4c80-bfb5-6b6f6462e7c6@group-36B55943243A: changes role from  FOLLOWER to CANDIDATE at term 0 for changeToCandidate
2023-09-15 05:01:55,380 [578440bc-c25e-4c80-bfb5-6b6f6462e7c6@group-36B55943243A-FollowerState] INFO  server.RaftServerConfigKeys (ConfUtils.java:logGet(46)) - raft.server.leaderelection.pre-vote = true (default)
2023-09-15 05:01:55,381 [578440bc-c25e-4c80-bfb5-6b6f6462e7c6@group-36B55943243A-FollowerState] INFO  impl.RoleInfo (RoleInfo.java:updateAndGet(139)) - 578440bc-c25e-4c80-bfb5-6b6f6462e7c6: start 578440bc-c25e-4c80-bfb5-6b6f6462e7c6@group-36B55943243A-LeaderElection20
2023-09-15 05:01:55,386 [578440bc-c25e-4c80-bfb5-6b6f6462e7c6@group-36B55943243A-LeaderElection20] INFO  impl.LeaderElection (LeaderElection.java:askForVotes(321)) - 578440bc-c25e-4c80-bfb5-6b6f6462e7c6@group-36B55943243A-LeaderElection20 PRE_VOTE round 0: submit vote requests at term 0 for -1: peers:[578440bc-c25e-4c80-bfb5-6b6f6462e7c6|rpc:10.1.0.24:15095|admin:10.1.0.24:15094|client:10.1.0.24:15093|dataStream:10.1.0.24:15096|priority:1|startupRole:FOLLOWER]|listeners:[], old=null
2023-09-15 05:01:55,387 [578440bc-c25e-4c80-bfb5-6b6f6462e7c6@group-36B55943243A-LeaderElection20] INFO  impl.LeaderElection (LeaderElection.java:askForVotes(323)) - 578440bc-c25e-4c80-bfb5-6b6f6462e7c6@group-36B55943243A-LeaderElection20 PRE_VOTE round 0: result PASSED (term=0)
2023-09-15 05:01:55,388 [578440bc-c25e-4c80-bfb5-6b6f6462e7c6@group-36B55943243A-LeaderElection20] INFO  impl.LeaderElection (LeaderElection.java:askForVotes(321)) - 578440bc-c25e-4c80-bfb5-6b6f6462e7c6@group-36B55943243A-LeaderElection20 ELECTION round 0: submit vote requests at term 1 for -1: peers:[578440bc-c25e-4c80-bfb5-6b6f6462e7c6|rpc:10.1.0.24:15095|admin:10.1.0.24:15094|client:10.1.0.24:15093|dataStream:10.1.0.24:15096|priority:1|startupRole:FOLLOWER]|listeners:[], old=null
2023-09-15 05:01:55,388 [578440bc-c25e-4c80-bfb5-6b6f6462e7c6@group-36B55943243A-LeaderElection20] INFO  impl.LeaderElection (LeaderElection.java:askForVotes(323)) - 578440bc-c25e-4c80-bfb5-6b6f6462e7c6@group-36B55943243A-LeaderElection20 ELECTION round 0: result PASSED (term=1)
2023-09-15 05:01:55,388 [578440bc-c25e-4c80-bfb5-6b6f6462e7c6@group-36B55943243A-LeaderElection20] INFO  impl.RoleInfo (RoleInfo.java:shutdownLeaderElection(130)) - 578440bc-c25e-4c80-bfb5-6b6f6462e7c6: shutdown 578440bc-c25e-4c80-bfb5-6b6f6462e7c6@group-36B55943243A-LeaderElection20
2023-09-15 05:01:55,388 [578440bc-c25e-4c80-bfb5-6b6f6462e7c6@group-36B55943243A-LeaderElection20] INFO  server.RaftServer$Division (RaftServerImpl.java:setRole(329)) - 578440bc-c25e-4c80-bfb5-6b6f6462e7c6@group-36B55943243A: changes role from CANDIDATE to LEADER at term 1 for changeToLeader
2023-09-15 05:01:55,388 [578440bc-c25e-4c80-bfb5-6b6f6462e7c6@group-36B55943243A-LeaderElection20] INFO  ratis.XceiverServerRatis (XceiverServerRatis.java:handleLeaderChangedNotification(902)) - Leader change notification received for group: group-36B55943243A with new leaderId: 578440bc-c25e-4c80-bfb5-6b6f6462e7c6
2023-09-15 05:01:55,389 [578440bc-c25e-4c80-bfb5-6b6f6462e7c6@group-36B55943243A-LeaderElection20] INFO  server.RaftServer$Division (ServerState.java:setLeader(317)) - 578440bc-c25e-4c80-bfb5-6b6f6462e7c6@group-36B55943243A: change Leader from null to 578440bc-c25e-4c80-bfb5-6b6f6462e7c6 at term 1 for becomeLeader, leader elected after 5203ms
2023-09-15 05:01:55,389 [578440bc-c25e-4c80-bfb5-6b6f6462e7c6@group-36B55943243A-LeaderElection20] INFO  server.RaftServerConfigKeys (ConfUtils.java:logGet(46)) - raft.server.staging.catchup.gap = 1000 (default)
2023-09-15 05:01:55,389 [578440bc-c25e-4c80-bfb5-6b6f6462e7c6@group-36B55943243A-LeaderElection20] INFO  server.RaftServerConfigKeys (ConfUtils.java:logGet(46)) - raft.server.write.element-limit = 1024 (custom)
2023-09-15 05:01:55,389 [578440bc-c25e-4c80-bfb5-6b6f6462e7c6@group-36B55943243A-LeaderElection20] INFO  server.RaftServerConfigKeys (ConfUtils.java:logGet(46)) - raft.server.write.byte-limit = 1024 M (=1073741824) (custom)
2023-09-15 05:01:55,389 [578440bc-c25e-4c80-bfb5-6b6f6462e7c6@group-36B55943243A-LeaderElection20] INFO  server.RaftServerConfigKeys (ConfUtils.java:logGet(46)) - raft.server.watch.timeout = 180s (custom)
2023-09-15 05:01:55,389 [578440bc-c25e-4c80-bfb5-6b6f6462e7c6@group-36B55943243A-LeaderElection20] INFO  server.RaftServerConfigKeys (ConfUtils.java:logGet(46)) - raft.server.watch.timeout.denomination = 1s (default)
2023-09-15 05:01:55,389 [578440bc-c25e-4c80-bfb5-6b6f6462e7c6@group-36B55943243A-LeaderElection20] INFO  server.RaftServerConfigKeys (ConfUtils.java:logGet(46)) - raft.server.watch.element-limit = 65536 (default)
2023-09-15 05:01:55,389 [578440bc-c25e-4c80-bfb5-6b6f6462e7c6@group-36B55943243A-LeaderElection20] INFO  server.RaftServerConfigKeys (ConfUtils.java:logGet(46)) - raft.server.write.element-limit = 1024 (custom)
2023-09-15 05:01:55,389 [578440bc-c25e-4c80-bfb5-6b6f6462e7c6@group-36B55943243A-LeaderElection20] INFO  server.RaftServerConfigKeys (ConfUtils.java:logGet(46)) - raft.server.write.follower.gap.ratio.max = -1.0 (default)
2023-09-15 05:01:55,395 [578440bc-c25e-4c80-bfb5-6b6f6462e7c6@group-36B55943243A-LeaderElection20] INFO  impl.RoleInfo (RoleInfo.java:updateAndGet(139)) - 578440bc-c25e-4c80-bfb5-6b6f6462e7c6: start 578440bc-c25e-4c80-bfb5-6b6f6462e7c6@group-36B55943243A-LeaderStateImpl
2023-09-15 05:01:55,395 [578440bc-c25e-4c80-bfb5-6b6f6462e7c6@group-36B55943243A-LeaderElection20] INFO  segmented.SegmentedRaftLogWorker (SegmentedRaftLogWorker.java:startLogSegment(447)) - 578440bc-c25e-4c80-bfb5-6b6f6462e7c6@group-36B55943243A-SegmentedRaftLogWorker: Starting segment from index:0
2023-09-15 05:01:55,397 [578440bc-c25e-4c80-bfb5-6b6f6462e7c6@group-36B55943243A-SegmentedRaftLogWorker] INFO  segmented.SegmentedRaftLogWorker (SegmentedRaftLogWorker.java:execute(651)) - 578440bc-c25e-4c80-bfb5-6b6f6462e7c6@group-36B55943243A-SegmentedRaftLogWorker: created new log segment /home/runner/work/ozone/ozone/hadoop-ozone/integration-test/target/test-dir/MiniOzoneClusterImpl-0a18362f-1832-4b81-b629-935968d04e12/datanode-9/data/ratis/5fbb0ba5-b7ee-43e7-9c18-36b55943243a/current/log_inprogress_0
2023-09-15 05:01:55,390 [qtp1742235652-21] ERROR generators.WadlGeneratorJAXBGrammarGenerator (WadlGeneratorJAXBGrammarGenerator.java:buildModelAndSchemas(207)) - Failed to generate the schema for the JAX-B elements
com.sun.xml.bind.v2.runtime.IllegalAnnotationsException: 1 counts of IllegalAnnotationExceptions
java.util.Map is an interface, and JAXB can't handle interfaces.
	this problem is related to the following location:
		at java.util.Map

	at com.sun.xml.bind.v2.runtime.IllegalAnnotationsException$Builder.check(IllegalAnnotationsException.java:106)
	at com.sun.xml.bind.v2.runtime.JAXBContextImpl.getTypeInfoSet(JAXBContextImpl.java:471)
	at com.sun.xml.bind.v2.runtime.JAXBContextImpl.<init>(JAXBContextImpl.java:303)
	at com.sun.xml.bind.v2.runtime.JAXBContextImpl.<init>(JAXBContextImpl.java:139)
	at com.sun.xml.bind.v2.runtime.JAXBContextImpl$JAXBContextBuilder.build(JAXBContextImpl.java:1156)
	at com.sun.xml.bind.v2.ContextFactory.createContext(ContextFactory.java:165)
	at sun.reflect.NativeMethodAccessorImpl.invoke0(Native Method)
	at sun.reflect.NativeMethodAccessorImpl.invoke(NativeMethodAccessorImpl.java:62)
	at sun.reflect.DelegatingMethodAccessorImpl.invoke(DelegatingMethodAccessorImpl.java:43)
	at java.lang.reflect.Method.invoke(Method.java:498)
	at javax.xml.bind.ContextFinder.newInstance(ContextFinder.java:247)
	at javax.xml.bind.ContextFinder.newInstance(ContextFinder.java:234)
	at javax.xml.bind.ContextFinder.find(ContextFinder.java:441)
	at javax.xml.bind.JAXBContext.newInstance(JAXBContext.java:641)
	at javax.xml.bind.JAXBContext.newInstance(JAXBContext.java:584)
	at com.sun.jersey.server.wadl.generators.WadlGeneratorJAXBGrammarGenerator.buildModelAndSchemas(WadlGeneratorJAXBGrammarGenerator.java:169)
	at com.sun.jersey.server.wadl.generators.AbstractWadlGeneratorGrammarGenerator.createExternalGrammar(AbstractWadlGeneratorGrammarGenerator.java:405)
	at com.sun.jersey.server.wadl.WadlBuilder.generate(WadlBuilder.java:149)
	at com.sun.jersey.server.impl.wadl.WadlApplicationContextImpl.getApplication(WadlApplicationContextImpl.java:119)
	at com.sun.jersey.server.impl.wadl.WadlApplicationContextImpl.getApplication(WadlApplicationContextImpl.java:138)
	at com.sun.jersey.server.impl.wadl.WadlMethodFactory$WadlOptionsMethodDispatcher.dispatch(WadlMethodFactory.java:110)
	at com.sun.jersey.server.impl.uri.rules.HttpMethodRule.accept(HttpMethodRule.java:302)
	at com.sun.jersey.server.impl.uri.rules.RightHandPathRule.accept(RightHandPathRule.java:147)
	at com.sun.jersey.server.impl.uri.rules.ResourceClassRule.accept(ResourceClassRule.java:108)
	at com.sun.jersey.server.impl.uri.rules.RightHandPathRule.accept(RightHandPathRule.java:147)
	at com.sun.jersey.server.impl.uri.rules.RootResourceClassesRule.accept(RootResourceClassesRule.java:84)
	at com.sun.jersey.server.impl.application.WebApplicationImpl._handleRequest(WebApplicationImpl.java:1542)
	at com.sun.jersey.server.impl.application.WebApplicationImpl._handleRequest(WebApplicationImpl.java:1473)
	at com.sun.jersey.server.impl.application.WebApplicationImpl.handleRequest(WebApplicationImpl.java:1419)
	at com.sun.jersey.server.impl.application.WebApplicationImpl.handleRequest(WebApplicationImpl.java:1409)
	at com.sun.jersey.spi.container.servlet.WebComponent.service(WebComponent.java:409)
	at com.sun.jersey.spi.container.servlet.ServletContainer.service(ServletContainer.java:558)
	at com.sun.jersey.spi.container.servlet.ServletContainer.service(ServletContainer.java:733)
	at javax.servlet.http.HttpServlet.service(HttpServlet.java:590)
	at org.eclipse.jetty.servlet.ServletHolder$NotAsync.service(ServletHolder.java:1459)
	at org.eclipse.jetty.servlet.ServletHolder.handle(ServletHolder.java:799)
	at org.eclipse.jetty.servlet.ServletHandler$ChainEnd.doFilter(ServletHandler.java:1656)
	at org.apache.hadoop.crypto.key.kms.server.KMSMDCFilter.doFilter(KMSMDCFilter.java:98)
	at org.eclipse.jetty.servlet.FilterHolder.doFilter(FilterHolder.java:193)
	at org.eclipse.jetty.servlet.ServletHandler$Chain.doFilter(ServletHandler.java:1626)
	at org.apache.hadoop.security.authentication.server.AuthenticationFilter.doFilter(AuthenticationFilter.java:650)
	at org.apache.hadoop.security.token.delegation.web.DelegationTokenAuthenticationFilter.doFilter(DelegationTokenAuthenticationFilter.java:305)
	at org.apache.hadoop.security.authentication.server.AuthenticationFilter.doFilter(AuthenticationFilter.java:592)
	at org.apache.hadoop.crypto.key.kms.server.KMSAuthenticationFilter.doFilter(KMSAuthenticationFilter.java:162)
	at org.eclipse.jetty.servlet.FilterHolder.doFilter(FilterHolder.java:201)
	at org.eclipse.jetty.servlet.ServletHandler$Chain.doFilter(ServletHandler.java:1626)
	at org.apache.hadoop.http.lib.StaticUserWebFilter$StaticUserFilter.doFilter(StaticUserWebFilter.java:110)
	at org.eclipse.jetty.servlet.FilterHolder.doFilter(FilterHolder.java:193)
	at org.eclipse.jetty.servlet.ServletHandler$Chain.doFilter(ServletHandler.java:1626)
	at org.apache.hadoop.http.HttpServer2$QuotingInputFilter.doFilter(HttpServer2.java:1794)
	at org.eclipse.jetty.servlet.FilterHolder.doFilter(FilterHolder.java:193)
	at org.eclipse.jetty.servlet.ServletHandler$Chain.doFilter(ServletHandler.java:1626)
	at org.apache.hadoop.http.NoCacheFilter.doFilter(NoCacheFilter.java:45)
	at org.eclipse.jetty.servlet.FilterHolder.doFilter(FilterHolder.java:193)
	at org.eclipse.jetty.servlet.ServletHandler$Chain.doFilter(ServletHandler.java:1626)
	at org.eclipse.jetty.servlet.ServletHandler.doHandle(ServletHandler.java:552)
	at org.eclipse.jetty.server.handler.ScopedHandler.handle(ScopedHandler.java:143)
	at org.eclipse.jetty.security.SecurityHandler.handle(SecurityHandler.java:600)
	at org.eclipse.jetty.server.handler.HandlerWrapper.handle(HandlerWrapper.java:127)
	at org.eclipse.jetty.server.handler.ScopedHandler.nextHandle(ScopedHandler.java:235)
	at org.eclipse.jetty.server.session.SessionHandler.doHandle(SessionHandler.java:1624)
	at org.eclipse.jetty.server.handler.ScopedHandler.nextHandle(ScopedHandler.java:233)
	at org.eclipse.jetty.server.handler.ContextHandler.doHandle(ContextHandler.java:1440)
	at org.eclipse.jetty.server.handler.ScopedHandler.nextScope(ScopedHandler.java:188)
	at org.eclipse.jetty.servlet.ServletHandler.doScope(ServletHandler.java:505)
	at org.eclipse.jetty.server.session.SessionHandler.doScope(SessionHandler.java:1594)
	at org.eclipse.jetty.server.handler.ScopedHandler.nextScope(ScopedHandler.java:186)
	at org.eclipse.jetty.server.handler.ContextHandler.doScope(ContextHandler.java:1355)
	at org.eclipse.jetty.server.handler.ScopedHandler.handle(ScopedHandler.java:141)
	at org.eclipse.jetty.server.handler.HandlerCollection.handle(HandlerCollection.java:146)
	at org.eclipse.jetty.server.handler.HandlerWrapper.handle(HandlerWrapper.java:127)
	at org.eclipse.jetty.server.Server.handle(Server.java:512)
	at org.eclipse.jetty.server.HttpChannel.lambda$handle$1(HttpChannel.java:487)
	at org.eclipse.jetty.server.HttpChannel.dispatch(HttpChannel.java:732)
	at org.eclipse.jetty.server.HttpChannel.handle(HttpChannel.java:479)
	at org.eclipse.jetty.server.HttpConnection.onFillable(HttpConnection.java:277)
	at org.eclipse.jetty.io.AbstractConnection$ReadCallback.succeeded(AbstractConnection.java:311)
	at org.eclipse.jetty.io.FillInterest.fillable(FillInterest.java:105)
	at org.eclipse.jetty.io.ChannelEndPoint$1.run(ChannelEndPoint.java:104)
	at org.eclipse.jetty.util.thread.strategy.EatWhatYouKill.runTask(EatWhatYouKill.java:338)
	at org.eclipse.jetty.util.thread.strategy.EatWhatYouKill.doProduce(EatWhatYouKill.java:315)
	at org.eclipse.jetty.util.thread.strategy.EatWhatYouKill.tryProduce(EatWhatYouKill.java:173)
	at org.eclipse.jetty.util.thread.strategy.EatWhatYouKill.run(EatWhatYouKill.java:131)
	at org.eclipse.jetty.util.thread.ReservedThreadExecutor$ReservedThread.run(ReservedThreadExecutor.java:409)
	at org.eclipse.jetty.util.thread.QueuedThreadPool.runJob(QueuedThreadPool.java:883)
	at org.eclipse.jetty.util.thread.QueuedThreadPool$Runner.run(QueuedThreadPool.java:1034)
	at java.lang.Thread.run(Thread.java:750)
2023-09-15 05:01:55,398 [578440bc-c25e-4c80-bfb5-6b6f6462e7c6@group-36B55943243A-LeaderElection20] INFO  server.RaftServer$Division (ServerState.java:setRaftConf(434)) - 578440bc-c25e-4c80-bfb5-6b6f6462e7c6@group-36B55943243A: set configuration 0: peers:[578440bc-c25e-4c80-bfb5-6b6f6462e7c6|rpc:10.1.0.24:15095|admin:10.1.0.24:15094|client:10.1.0.24:15093|dataStream:10.1.0.24:15096|priority:1|startupRole:FOLLOWER]|listeners:[], old=null
2023-09-15 05:01:55,399 [qtp1742235652-21] INFO  generators.AbstractWadlGeneratorGrammarGenerator (AbstractWadlGeneratorGrammarGenerator.java:attachTypes(479)) - Couldn't find grammar element for class javax.ws.rs.core.Response
2023-09-15 05:01:55,399 [qtp1742235652-21] INFO  generators.AbstractWadlGeneratorGrammarGenerator (AbstractWadlGeneratorGrammarGenerator.java:attachTypes(479)) - Couldn't find grammar element for class java.util.Map
2023-09-15 05:01:55,399 [qtp1742235652-21] INFO  generators.AbstractWadlGeneratorGrammarGenerator (AbstractWadlGeneratorGrammarGenerator.java:attachTypes(479)) - Couldn't find grammar element for class javax.ws.rs.core.Response
2023-09-15 05:01:55,399 [qtp1742235652-21] INFO  generators.AbstractWadlGeneratorGrammarGenerator (AbstractWadlGeneratorGrammarGenerator.java:attachTypes(479)) - Couldn't find grammar element for class java.util.Map
2023-09-15 05:01:55,399 [qtp1742235652-21] INFO  generators.AbstractWadlGeneratorGrammarGenerator (AbstractWadlGeneratorGrammarGenerator.java:attachTypes(479)) - Couldn't find grammar element for class javax.ws.rs.core.Response
2023-09-15 05:01:55,399 [qtp1742235652-21] INFO  generators.AbstractWadlGeneratorGrammarGenerator (AbstractWadlGeneratorGrammarGenerator.java:attachTypes(479)) - Couldn't find grammar element for class java.util.Map
2023-09-15 05:01:55,399 [qtp1742235652-21] INFO  generators.AbstractWadlGeneratorGrammarGenerator (AbstractWadlGeneratorGrammarGenerator.java:attachTypes(479)) - Couldn't find grammar element for class java.util.Map
2023-09-15 05:01:55,400 [qtp1742235652-21] INFO  generators.AbstractWadlGeneratorGrammarGenerator (AbstractWadlGeneratorGrammarGenerator.java:attachTypes(479)) - Couldn't find grammar element for class java.util.Map
2023-09-15 05:01:55,552 [qtp1742235652-22] INFO  kms-audit (SimpleKMSAuditLogger.java:logAuditEvent(59)) - OK[op=DECRYPT_EEK, key=key1, user=runner, accessCount=1, interval=0ms] 
2023-09-15 05:01:55,594 [main] INFO  impl.MetricsSystemImpl (MetricsSystemImpl.java:init(158)) - XceiverClientMetrics metrics system started (again)
2023-09-15 05:01:55,594 [main] INFO  lib.Interns (Interns.java:removeEldestEntry(50)) - Metrics intern cache overflow at 2011 for MetricsSystem={MetricsSystem=MetricsInfoImpl{name=MetricsSystem, description=MetricsSystem}, MetricsSystem record=MetricsInfoImpl{name=MetricsSystem, description=MetricsSystem record}}
2023-09-15 05:01:56,176 [IPC Server handler 0 on default port 15001] WARN  node.SCMNodeManager (SCMNodeManager.java:getNodesByAddress(1373)) - Cannot find node for address 127.0.0.1
2023-09-15 05:01:56,193 [IPC Server handler 8 on default port 15001] WARN  node.SCMNodeManager (SCMNodeManager.java:getNodesByAddress(1373)) - Cannot find node for address 127.0.0.1
2023-09-15 05:01:56,357 [main] INFO  client.DataStreamClient (ConfUtils.java:logGet(46)) - raft.datastream.type = NETTY (custom)
2023-09-15 05:01:56,363 [main] INFO  netty.NettyConfigKeys$DataStream (ConfUtils.java:logGet(46)) - raft.netty.dataStream.client.tls.conf = null (default)
2023-09-15 05:01:56,364 [main] INFO  netty.NettyConfigKeys$DataStream (ConfUtils.java:logGet(46)) - raft.netty.dataStream.client.reply.queue.grace-period = 1s (default)
2023-09-15 05:01:56,368 [main] INFO  netty.NettyConfigKeys$DataStream (ConfUtils.java:logGet(46)) - raft.netty.dataStream.client.worker-group.share = false (default)
2023-09-15 05:01:56,368 [main] INFO  netty.NettyConfigKeys$DataStream (ConfUtils.java:logGet(46)) - raft.netty.dataStream.client.worker-group.size = 4 (default)
2023-09-15 05:01:56,403 [3b898b8b-8841-452f-b538-8e8d26c8d287-NettyServerStreamRpc-bossGroup--thread1] INFO  logging.LoggingHandler (AbstractInternalLogger.java:log(148)) - [id: 0x048f3eb0, L:/0:0:0:0:0:0:0:0:15015] READ: [id: 0x8d5983c4, L:/10.1.0.24:15015 - R:/10.1.0.24:42816]
2023-09-15 05:01:56,408 [3b898b8b-8841-452f-b538-8e8d26c8d287-NettyServerStreamRpc-bossGroup--thread1] INFO  logging.LoggingHandler (AbstractInternalLogger.java:log(148)) - [id: 0x048f3eb0, L:/0:0:0:0:0:0:0:0:15015] READ COMPLETE
2023-09-15 05:01:56,588 [IPC Server handler 8 on default port 15001] WARN  node.SCMNodeManager (SCMNodeManager.java:getNodesByAddress(1373)) - Cannot find node for address 127.0.0.1
2023-09-15 05:01:56,593 [IPC Server handler 9 on default port 15001] WARN  node.SCMNodeManager (SCMNodeManager.java:getNodesByAddress(1373)) - Cannot find node for address 127.0.0.1
]]></system-out>
    <system-err><![CDATA[ERROR StatusLogger Reconfiguration failed: No configuration found for '18b4aac2' at 'null' in 'null'
]]></system-err>
  </testcase>
  <testcase name="testPutKeyWithEncryption(BucketLayout)[2]" classname="org.apache.hadoop.ozone.client.rpc.TestOzoneAtRestEncryption" time="0.364">
    <error type="org.apache.hadoop.hdds.scm.container.common.helpers.StorageContainerException"><![CDATA[org.apache.hadoop.hdds.scm.container.common.helpers.StorageContainerException: Unable to find the block with bcsID 2 .Container 4 bcsId is 1.
	at org.apache.hadoop.hdds.scm.storage.ContainerProtocolCalls.validateContainerResponse(ContainerProtocolCalls.java:674)
	at org.apache.hadoop.hdds.scm.storage.ContainerProtocolCalls.lambda$createValidators$4(ContainerProtocolCalls.java:685)
	at org.apache.hadoop.hdds.scm.XceiverClientGrpc.sendCommandWithRetry(XceiverClientGrpc.java:407)
	at org.apache.hadoop.hdds.scm.XceiverClientGrpc.lambda$sendCommandWithTraceIDAndRetry$0(XceiverClientGrpc.java:347)
	at org.apache.hadoop.hdds.tracing.TracingUtil.executeInSpan(TracingUtil.java:169)
	at org.apache.hadoop.hdds.tracing.TracingUtil.executeInNewSpan(TracingUtil.java:149)
	at org.apache.hadoop.hdds.scm.XceiverClientGrpc.sendCommandWithTraceIDAndRetry(XceiverClientGrpc.java:342)
	at org.apache.hadoop.hdds.scm.XceiverClientGrpc.sendCommand(XceiverClientGrpc.java:323)
	at org.apache.hadoop.hdds.scm.storage.ContainerProtocolCalls.getBlock(ContainerProtocolCalls.java:208)
	at org.apache.hadoop.hdds.scm.storage.ContainerProtocolCalls.lambda$getBlock$0(ContainerProtocolCalls.java:186)
	at org.apache.hadoop.hdds.scm.storage.ContainerProtocolCalls.tryEachDatanode(ContainerProtocolCalls.java:146)
	at org.apache.hadoop.hdds.scm.storage.ContainerProtocolCalls.getBlock(ContainerProtocolCalls.java:185)
	at org.apache.hadoop.hdds.scm.storage.BlockInputStream.getChunkInfos(BlockInputStream.java:255)
	at org.apache.hadoop.hdds.scm.storage.BlockInputStream.initialize(BlockInputStream.java:146)
	at org.apache.hadoop.hdds.scm.storage.BlockInputStream.readWithStrategy(BlockInputStream.java:308)
	at org.apache.hadoop.hdds.scm.storage.ExtendedInputStream.read(ExtendedInputStream.java:66)
	at org.apache.hadoop.hdds.scm.storage.ByteBufferReader.readFromBlock(ByteBufferReader.java:56)
	at org.apache.hadoop.hdds.scm.storage.MultipartInputStream.readWithStrategy(MultipartInputStream.java:96)
	at org.apache.hadoop.hdds.scm.storage.ExtendedInputStream.read(ExtendedInputStream.java:66)
	at org.apache.hadoop.crypto.CryptoInputStream.read(CryptoInputStream.java:189)
	at org.apache.hadoop.ozone.client.io.OzoneInputStream.read(OzoneInputStream.java:56)
	at java.io.InputStream.read(InputStream.java:101)
	at org.apache.hadoop.ozone.client.rpc.TestOzoneAtRestEncryption.verifyKeyData(TestOzoneAtRestEncryption.java:269)
	at org.apache.hadoop.ozone.client.rpc.TestOzoneAtRestEncryption.createAndVerifyStreamKeyData(TestOzoneAtRestEncryption.java:238)
	at org.apache.hadoop.ozone.client.rpc.TestOzoneAtRestEncryption.testPutKeyWithEncryption(TestOzoneAtRestEncryption.java:205)
	at sun.reflect.NativeMethodAccessorImpl.invoke0(Native Method)
	at sun.reflect.NativeMethodAccessorImpl.invoke(NativeMethodAccessorImpl.java:62)
	at sun.reflect.DelegatingMethodAccessorImpl.invoke(DelegatingMethodAccessorImpl.java:43)
	at java.lang.reflect.Method.invoke(Method.java:498)
	at org.junit.platform.commons.util.ReflectionUtils.invokeMethod(ReflectionUtils.java:725)
	at org.junit.jupiter.engine.execution.MethodInvocation.proceed(MethodInvocation.java:60)
	at org.junit.jupiter.engine.execution.InvocationInterceptorChain$ValidatingInvocation.proceed(InvocationInterceptorChain.java:131)
	at org.junit.jupiter.engine.extension.TimeoutExtension.intercept(TimeoutExtension.java:149)
	at org.junit.jupiter.engine.extension.TimeoutExtension.interceptTestableMethod(TimeoutExtension.java:140)
	at org.junit.jupiter.engine.extension.TimeoutExtension.interceptTestTemplateMethod(TimeoutExtension.java:92)
	at org.junit.jupiter.engine.execution.ExecutableInvoker$ReflectiveInterceptorCall.lambda$ofVoidMethod$0(ExecutableInvoker.java:115)
	at org.junit.jupiter.engine.execution.ExecutableInvoker.lambda$invoke$0(ExecutableInvoker.java:105)
	at org.junit.jupiter.engine.execution.InvocationInterceptorChain$InterceptedInvocation.proceed(InvocationInterceptorChain.java:106)
	at org.junit.jupiter.engine.execution.InvocationInterceptorChain.proceed(InvocationInterceptorChain.java:64)
	at org.junit.jupiter.engine.execution.InvocationInterceptorChain.chainAndInvoke(InvocationInterceptorChain.java:45)
	at org.junit.jupiter.engine.execution.InvocationInterceptorChain.invoke(InvocationInterceptorChain.java:37)
	at org.junit.jupiter.engine.execution.ExecutableInvoker.invoke(ExecutableInvoker.java:104)
	at org.junit.jupiter.engine.execution.ExecutableInvoker.invoke(ExecutableInvoker.java:98)
	at org.junit.jupiter.engine.descriptor.TestMethodTestDescriptor.lambda$invokeTestMethod$7(TestMethodTestDescriptor.java:214)
	at org.junit.platform.engine.support.hierarchical.ThrowableCollector.execute(ThrowableCollector.java:73)
	at org.junit.jupiter.engine.descriptor.TestMethodTestDescriptor.invokeTestMethod(TestMethodTestDescriptor.java:210)
	at org.junit.jupiter.engine.descriptor.TestMethodTestDescriptor.execute(TestMethodTestDescriptor.java:135)
	at org.junit.jupiter.engine.descriptor.TestMethodTestDescriptor.execute(TestMethodTestDescriptor.java:66)
	at org.junit.platform.engine.support.hierarchical.NodeTestTask.lambda$executeRecursively$6(NodeTestTask.java:151)
	at org.junit.platform.engine.support.hierarchical.ThrowableCollector.execute(ThrowableCollector.java:73)
	at org.junit.platform.engine.support.hierarchical.NodeTestTask.lambda$executeRecursively$8(NodeTestTask.java:141)
	at org.junit.platform.engine.support.hierarchical.Node.around(Node.java:137)
	at org.junit.platform.engine.support.hierarchical.NodeTestTask.lambda$executeRecursively$9(NodeTestTask.java:139)
	at org.junit.platform.engine.support.hierarchical.ThrowableCollector.execute(ThrowableCollector.java:73)
	at org.junit.platform.engine.support.hierarchical.NodeTestTask.executeRecursively(NodeTestTask.java:138)
	at org.junit.platform.engine.support.hierarchical.NodeTestTask.execute(NodeTestTask.java:95)
	at org.junit.platform.engine.support.hierarchical.SameThreadHierarchicalTestExecutorService.submit(SameThreadHierarchicalTestExecutorService.java:35)
	at org.junit.platform.engine.support.hierarchical.NodeTestTask$DefaultDynamicTestExecutor.execute(NodeTestTask.java:226)
	at org.junit.platform.engine.support.hierarchical.NodeTestTask$DefaultDynamicTestExecutor.execute(NodeTestTask.java:204)
	at org.junit.jupiter.engine.descriptor.TestTemplateTestDescriptor.execute(TestTemplateTestDescriptor.java:139)
	at org.junit.jupiter.engine.descriptor.TestTemplateTestDescriptor.lambda$execute$2(TestTemplateTestDescriptor.java:107)
	at java.util.stream.ForEachOps$ForEachOp$OfRef.accept(ForEachOps.java:183)
	at java.util.stream.ReferencePipeline$3$1.accept(ReferencePipeline.java:193)
	at java.util.stream.ReferencePipeline$2$1.accept(ReferencePipeline.java:175)
	at java.util.stream.ReferencePipeline$3$1.accept(ReferencePipeline.java:193)
	at java.util.stream.ForEachOps$ForEachOp$OfRef.accept(ForEachOps.java:183)
	at java.util.stream.ReferencePipeline$3$1.accept(ReferencePipeline.java:193)
	at java.util.stream.ReferencePipeline$3$1.accept(ReferencePipeline.java:193)
	at java.util.stream.ReferencePipeline$3$1.accept(ReferencePipeline.java:193)
	at java.util.stream.ForEachOps$ForEachOp$OfRef.accept(ForEachOps.java:183)
	at java.util.stream.ReferencePipeline$3$1.accept(ReferencePipeline.java:193)
	at java.util.Iterator.forEachRemaining(Iterator.java:116)
	at java.util.Spliterators$IteratorSpliterator.forEachRemaining(Spliterators.java:1801)
	at java.util.stream.AbstractPipeline.copyInto(AbstractPipeline.java:482)
	at java.util.stream.AbstractPipeline.wrapAndCopyInto(AbstractPipeline.java:472)
	at java.util.stream.ForEachOps$ForEachOp.evaluateSequential(ForEachOps.java:150)
	at java.util.stream.ForEachOps$ForEachOp$OfRef.evaluateSequential(ForEachOps.java:173)
	at java.util.stream.AbstractPipeline.evaluate(AbstractPipeline.java:234)
	at java.util.stream.ReferencePipeline.forEach(ReferencePipeline.java:485)
	at java.util.stream.ReferencePipeline$7$1.accept(ReferencePipeline.java:272)
	at java.util.stream.ReferencePipeline$3$1.accept(ReferencePipeline.java:193)
	at java.util.stream.ReferencePipeline$3$1.accept(ReferencePipeline.java:193)
	at java.util.stream.ReferencePipeline$3$1.accept(ReferencePipeline.java:193)
	at java.util.ArrayList$ArrayListSpliterator.forEachRemaining(ArrayList.java:1384)
	at java.util.stream.AbstractPipeline.copyInto(AbstractPipeline.java:482)
	at java.util.stream.AbstractPipeline.wrapAndCopyInto(AbstractPipeline.java:472)
	at java.util.stream.ForEachOps$ForEachOp.evaluateSequential(ForEachOps.java:150)
	at java.util.stream.ForEachOps$ForEachOp$OfRef.evaluateSequential(ForEachOps.java:173)
	at java.util.stream.AbstractPipeline.evaluate(AbstractPipeline.java:234)
	at java.util.stream.ReferencePipeline.forEach(ReferencePipeline.java:485)
	at java.util.stream.ReferencePipeline$7$1.accept(ReferencePipeline.java:272)
	at java.util.ArrayList$ArrayListSpliterator.forEachRemaining(ArrayList.java:1384)
	at java.util.stream.AbstractPipeline.copyInto(AbstractPipeline.java:482)
	at java.util.stream.AbstractPipeline.wrapAndCopyInto(AbstractPipeline.java:472)
	at java.util.stream.ForEachOps$ForEachOp.evaluateSequential(ForEachOps.java:150)
	at java.util.stream.ForEachOps$ForEachOp$OfRef.evaluateSequential(ForEachOps.java:173)
	at java.util.stream.AbstractPipeline.evaluate(AbstractPipeline.java:234)
	at java.util.stream.ReferencePipeline.forEach(ReferencePipeline.java:485)
	at org.junit.jupiter.engine.descriptor.TestTemplateTestDescriptor.execute(TestTemplateTestDescriptor.java:107)
	at org.junit.jupiter.engine.descriptor.TestTemplateTestDescriptor.execute(TestTemplateTestDescriptor.java:42)
	at org.junit.platform.engine.support.hierarchical.NodeTestTask.lambda$executeRecursively$6(NodeTestTask.java:151)
	at org.junit.platform.engine.support.hierarchical.ThrowableCollector.execute(ThrowableCollector.java:73)
	at org.junit.platform.engine.support.hierarchical.NodeTestTask.lambda$executeRecursively$8(NodeTestTask.java:141)
	at org.junit.platform.engine.support.hierarchical.Node.around(Node.java:137)
	at org.junit.platform.engine.support.hierarchical.NodeTestTask.lambda$executeRecursively$9(NodeTestTask.java:139)
	at org.junit.platform.engine.support.hierarchical.ThrowableCollector.execute(ThrowableCollector.java:73)
	at org.junit.platform.engine.support.hierarchical.NodeTestTask.executeRecursively(NodeTestTask.java:138)
	at org.junit.platform.engine.support.hierarchical.NodeTestTask.execute(NodeTestTask.java:95)
	at java.util.ArrayList.forEach(ArrayList.java:1259)
	at org.junit.platform.engine.support.hierarchical.SameThreadHierarchicalTestExecutorService.invokeAll(SameThreadHierarchicalTestExecutorService.java:41)
	at org.junit.platform.engine.support.hierarchical.NodeTestTask.lambda$executeRecursively$6(NodeTestTask.java:155)
	at org.junit.platform.engine.support.hierarchical.ThrowableCollector.execute(ThrowableCollector.java:73)
	at org.junit.platform.engine.support.hierarchical.NodeTestTask.lambda$executeRecursively$8(NodeTestTask.java:141)
	at org.junit.platform.engine.support.hierarchical.Node.around(Node.java:137)
	at org.junit.platform.engine.support.hierarchical.NodeTestTask.lambda$executeRecursively$9(NodeTestTask.java:139)
	at org.junit.platform.engine.support.hierarchical.ThrowableCollector.execute(ThrowableCollector.java:73)
	at org.junit.platform.engine.support.hierarchical.NodeTestTask.executeRecursively(NodeTestTask.java:138)
	at org.junit.platform.engine.support.hierarchical.NodeTestTask.execute(NodeTestTask.java:95)
	at java.util.ArrayList.forEach(ArrayList.java:1259)
	at org.junit.platform.engine.support.hierarchical.SameThreadHierarchicalTestExecutorService.invokeAll(SameThreadHierarchicalTestExecutorService.java:41)
	at org.junit.platform.engine.support.hierarchical.NodeTestTask.lambda$executeRecursively$6(NodeTestTask.java:155)
	at org.junit.platform.engine.support.hierarchical.ThrowableCollector.execute(ThrowableCollector.java:73)
	at org.junit.platform.engine.support.hierarchical.NodeTestTask.lambda$executeRecursively$8(NodeTestTask.java:141)
	at org.junit.platform.engine.support.hierarchical.Node.around(Node.java:137)
	at org.junit.platform.engine.support.hierarchical.NodeTestTask.lambda$executeRecursively$9(NodeTestTask.java:139)
	at org.junit.platform.engine.support.hierarchical.ThrowableCollector.execute(ThrowableCollector.java:73)
	at org.junit.platform.engine.support.hierarchical.NodeTestTask.executeRecursively(NodeTestTask.java:138)
	at org.junit.platform.engine.support.hierarchical.NodeTestTask.execute(NodeTestTask.java:95)
	at org.junit.platform.engine.support.hierarchical.SameThreadHierarchicalTestExecutorService.submit(SameThreadHierarchicalTestExecutorService.java:35)
	at org.junit.platform.engine.support.hierarchical.HierarchicalTestExecutor.execute(HierarchicalTestExecutor.java:57)
	at org.junit.platform.engine.support.hierarchical.HierarchicalTestEngine.execute(HierarchicalTestEngine.java:54)
	at org.junit.platform.launcher.core.EngineExecutionOrchestrator.execute(EngineExecutionOrchestrator.java:107)
	at org.junit.platform.launcher.core.EngineExecutionOrchestrator.execute(EngineExecutionOrchestrator.java:88)
	at org.junit.platform.launcher.core.EngineExecutionOrchestrator.lambda$execute$0(EngineExecutionOrchestrator.java:54)
	at org.junit.platform.launcher.core.EngineExecutionOrchestrator.withInterceptedStreams(EngineExecutionOrchestrator.java:67)
	at org.junit.platform.launcher.core.EngineExecutionOrchestrator.execute(EngineExecutionOrchestrator.java:52)
	at org.junit.platform.launcher.core.DefaultLauncher.execute(DefaultLauncher.java:114)
	at org.junit.platform.launcher.core.DefaultLauncher.execute(DefaultLauncher.java:86)
	at org.junit.platform.launcher.core.DefaultLauncherSession$DelegatingLauncher.execute(DefaultLauncherSession.java:86)
	at org.junit.platform.launcher.core.SessionPerRequestLauncher.execute(SessionPerRequestLauncher.java:53)
	at org.apache.maven.surefire.junitplatform.JUnitPlatformProvider.execute(JUnitPlatformProvider.java:188)
	at org.apache.maven.surefire.junitplatform.JUnitPlatformProvider.invokeAllTests(JUnitPlatformProvider.java:154)
	at org.apache.maven.surefire.junitplatform.JUnitPlatformProvider.invoke(JUnitPlatformProvider.java:124)
	at org.apache.maven.surefire.booter.ForkedBooter.runSuitesInProcess(ForkedBooter.java:428)
	at org.apache.maven.surefire.booter.ForkedBooter.execute(ForkedBooter.java:162)
	at org.apache.maven.surefire.booter.ForkedBooter.run(ForkedBooter.java:562)
	at org.apache.maven.surefire.booter.ForkedBooter.main(ForkedBooter.java:548)
]]></error>
    <system-out><![CDATA[2023-09-15 05:01:56,686 [main] INFO  rpc.RpcClient (RpcClient.java:createVolume(461)) - Creating Volume: ead89505-4043-42db-a370-b7b57159d2c3, with runner as owner and space quota set to -1 bytes, counts quota set to -1
2023-09-15 05:01:56,691 [OM StateMachine ApplyTransaction Thread - 0] INFO  volume.OMVolumeCreateRequest (OMVolumeCreateRequest.java:validateAndUpdateCache(196)) - created volume:ead89505-4043-42db-a370-b7b57159d2c3 for user:runner
2023-09-15 05:01:56,695 [main] INFO  rpc.RpcClient (RpcClient.java:createBucket(688)) - Creating Bucket: ead89505-4043-42db-a370-b7b57159d2c3/bca4ed13-a63c-4b2a-9496-db59aea5a20f, with bucket layout OBJECT_STORE, runner as owner, Versioning false, Storage Type set to DISK and Encryption set to true, Replication Type set to server-side default replication type, Namespace Quota set to -1, Space Quota set to -1 
2023-09-15 05:01:56,708 [qtp1742235652-21] INFO  kms-audit (SimpleKMSAuditLogger.java:logAuditSimpleFormat(93)) - OK[op=GET_METADATA, key=key1, user=runner] 
2023-09-15 05:01:56,716 [OM StateMachine ApplyTransaction Thread - 0] INFO  bucket.OMBucketCreateRequest (OMBucketCreateRequest.java:validateAndUpdateCache(270)) - created bucket: bca4ed13-a63c-4b2a-9496-db59aea5a20f of layout OBJECT_STORE in volume: ead89505-4043-42db-a370-b7b57159d2c3
2023-09-15 05:01:56,777 [IPC Server handler 4 on default port 15001] WARN  node.SCMNodeManager (SCMNodeManager.java:getNodesByAddress(1373)) - Cannot find node for address 127.0.0.1
2023-09-15 05:01:56,783 [IPC Server handler 6 on default port 15001] WARN  node.SCMNodeManager (SCMNodeManager.java:getNodesByAddress(1373)) - Cannot find node for address 127.0.0.1
2023-09-15 05:01:56,824 [main] INFO  client.DataStreamClient (ConfUtils.java:logGet(46)) - raft.datastream.type = NETTY (custom)
2023-09-15 05:01:56,824 [main] INFO  netty.NettyConfigKeys$DataStream (ConfUtils.java:logGet(46)) - raft.netty.dataStream.client.tls.conf = null (default)
2023-09-15 05:01:56,825 [main] INFO  netty.NettyConfigKeys$DataStream (ConfUtils.java:logGet(46)) - raft.netty.dataStream.client.reply.queue.grace-period = 1s (default)
2023-09-15 05:01:56,825 [main] INFO  netty.NettyConfigKeys$DataStream (ConfUtils.java:logGet(46)) - raft.netty.dataStream.client.worker-group.share = false (default)
2023-09-15 05:01:56,826 [main] INFO  netty.NettyConfigKeys$DataStream (ConfUtils.java:logGet(46)) - raft.netty.dataStream.client.worker-group.size = 4 (default)
2023-09-15 05:01:56,833 [386b2284-1126-4572-992a-9634c883c70a-NettyServerStreamRpc-bossGroup--thread1] INFO  logging.LoggingHandler (AbstractInternalLogger.java:log(148)) - [id: 0xd19c06fe, L:/0:0:0:0:0:0:0:0:15078] READ: [id: 0xdca1baa6, L:/10.1.0.24:15078 - R:/10.1.0.24:59852]
2023-09-15 05:01:56,833 [386b2284-1126-4572-992a-9634c883c70a-NettyServerStreamRpc-bossGroup--thread1] INFO  logging.LoggingHandler (AbstractInternalLogger.java:log(148)) - [id: 0xd19c06fe, L:/0:0:0:0:0:0:0:0:15078] READ COMPLETE
2023-09-15 05:01:56,954 [IPC Server handler 10 on default port 15001] WARN  node.SCMNodeManager (SCMNodeManager.java:getNodesByAddress(1373)) - Cannot find node for address 127.0.0.1
2023-09-15 05:01:56,959 [IPC Server handler 1 on default port 15001] WARN  node.SCMNodeManager (SCMNodeManager.java:getNodesByAddress(1373)) - Cannot find node for address 127.0.0.1
2023-09-15 05:01:56,974 [ChunkReader-0] WARN  keyvalue.KeyValueHandler (ContainerUtils.java:logAndReturnError(96)) - Operation: GetBlock , Trace ID:  , Message: Unable to find the block with bcsID 2 .Container 4 bcsId is 1. , Result: UNKNOWN_BCSID , StorageContainerException Occurred.
org.apache.hadoop.hdds.scm.container.common.helpers.StorageContainerException: Unable to find the block with bcsID 2 .Container 4 bcsId is 1.
	at org.apache.hadoop.ozone.container.keyvalue.impl.BlockManagerImpl.getBlock(BlockManagerImpl.java:248)
	at org.apache.hadoop.ozone.container.keyvalue.KeyValueHandler.handleGetBlock(KeyValueHandler.java:588)
	at org.apache.hadoop.ozone.container.keyvalue.KeyValueHandler.dispatchRequest(KeyValueHandler.java:257)
	at org.apache.hadoop.ozone.container.keyvalue.KeyValueHandler.handle(KeyValueHandler.java:226)
	at org.apache.hadoop.ozone.container.common.impl.HddsDispatcher.dispatchRequest(HddsDispatcher.java:325)
	at org.apache.hadoop.ozone.container.common.impl.HddsDispatcher.lambda$dispatch$0(HddsDispatcher.java:178)
	at org.apache.hadoop.hdds.server.OzoneProtocolMessageDispatcher.processRequest(OzoneProtocolMessageDispatcher.java:87)
	at org.apache.hadoop.ozone.container.common.impl.HddsDispatcher.dispatch(HddsDispatcher.java:177)
	at org.apache.hadoop.ozone.container.common.transport.server.GrpcXceiverService$1.onNext(GrpcXceiverService.java:57)
	at org.apache.hadoop.ozone.container.common.transport.server.GrpcXceiverService$1.onNext(GrpcXceiverService.java:50)
	at org.apache.ratis.thirdparty.io.grpc.stub.ServerCalls$StreamingServerCallHandler$StreamingServerCallListener.onMessage(ServerCalls.java:262)
	at org.apache.ratis.thirdparty.io.grpc.ForwardingServerCallListener.onMessage(ForwardingServerCallListener.java:33)
	at org.apache.hadoop.hdds.tracing.GrpcServerInterceptor$1.onMessage(GrpcServerInterceptor.java:49)
	at org.apache.ratis.thirdparty.io.grpc.internal.ServerCallImpl$ServerStreamListenerImpl.messagesAvailableInternal(ServerCallImpl.java:333)
	at org.apache.ratis.thirdparty.io.grpc.internal.ServerCallImpl$ServerStreamListenerImpl.messagesAvailable(ServerCallImpl.java:316)
	at org.apache.ratis.thirdparty.io.grpc.internal.ServerImpl$JumpToApplicationThreadServerStreamListener$1MessagesAvailable.runInContext(ServerImpl.java:835)
	at org.apache.ratis.thirdparty.io.grpc.internal.ContextRunnable.run(ContextRunnable.java:37)
	at org.apache.ratis.thirdparty.io.grpc.internal.SerializingExecutor.run(SerializingExecutor.java:133)
	at java.util.concurrent.ThreadPoolExecutor.runWorker(ThreadPoolExecutor.java:1149)
	at java.util.concurrent.ThreadPoolExecutor$Worker.run(ThreadPoolExecutor.java:624)
	at java.lang.Thread.run(Thread.java:750)
05:01:56.995 [ChunkReader-0] ERROR DNAudit - user=null | ip=null | op=GET_BLOCK {blockData=conID: 4 locID: 111677748019200004 bcsId: 2} | ret=FAILURE
java.lang.Exception: Unable to find the block with bcsID 2 .Container 4 bcsId is 1.
	at org.apache.hadoop.ozone.container.common.impl.HddsDispatcher.dispatchRequest(HddsDispatcher.java:399) ~[hdds-container-service-1.4.0-SNAPSHOT.jar:?]
	at org.apache.hadoop.ozone.container.common.impl.HddsDispatcher.lambda$dispatch$0(HddsDispatcher.java:178) ~[hdds-container-service-1.4.0-SNAPSHOT.jar:?]
	at org.apache.hadoop.hdds.server.OzoneProtocolMessageDispatcher.processRequest(OzoneProtocolMessageDispatcher.java:87) [hdds-server-framework-1.4.0-SNAPSHOT.jar:?]
	at org.apache.hadoop.ozone.container.common.impl.HddsDispatcher.dispatch(HddsDispatcher.java:177) [hdds-container-service-1.4.0-SNAPSHOT.jar:?]
	at org.apache.hadoop.ozone.container.common.transport.server.GrpcXceiverService$1.onNext(GrpcXceiverService.java:57) [hdds-container-service-1.4.0-SNAPSHOT.jar:?]
	at org.apache.hadoop.ozone.container.common.transport.server.GrpcXceiverService$1.onNext(GrpcXceiverService.java:50) [hdds-container-service-1.4.0-SNAPSHOT.jar:?]
	at org.apache.ratis.thirdparty.io.grpc.stub.ServerCalls$StreamingServerCallHandler$StreamingServerCallListener.onMessage(ServerCalls.java:262) [ratis-thirdparty-misc-1.0.4.jar:1.0.4]
	at org.apache.ratis.thirdparty.io.grpc.ForwardingServerCallListener.onMessage(ForwardingServerCallListener.java:33) [ratis-thirdparty-misc-1.0.4.jar:1.0.4]
	at org.apache.hadoop.hdds.tracing.GrpcServerInterceptor$1.onMessage(GrpcServerInterceptor.java:49) [hdds-common-1.4.0-SNAPSHOT.jar:?]
	at org.apache.ratis.thirdparty.io.grpc.internal.ServerCallImpl$ServerStreamListenerImpl.messagesAvailableInternal(ServerCallImpl.java:333) [ratis-thirdparty-misc-1.0.4.jar:1.0.4]
	at org.apache.ratis.thirdparty.io.grpc.internal.ServerCallImpl$ServerStreamListenerImpl.messagesAvailable(ServerCallImpl.java:316) [ratis-thirdparty-misc-1.0.4.jar:1.0.4]
	at org.apache.ratis.thirdparty.io.grpc.internal.ServerImpl$JumpToApplicationThreadServerStreamListener$1MessagesAvailable.runInContext(ServerImpl.java:835) [ratis-thirdparty-misc-1.0.4.jar:1.0.4]
	at org.apache.ratis.thirdparty.io.grpc.internal.ContextRunnable.run(ContextRunnable.java:37) [ratis-thirdparty-misc-1.0.4.jar:1.0.4]
	at org.apache.ratis.thirdparty.io.grpc.internal.SerializingExecutor.run(SerializingExecutor.java:133) [ratis-thirdparty-misc-1.0.4.jar:1.0.4]
	at java.util.concurrent.ThreadPoolExecutor.runWorker(ThreadPoolExecutor.java:1149) [?:1.8.0_382]
	at java.util.concurrent.ThreadPoolExecutor$Worker.run(ThreadPoolExecutor.java:624) [?:1.8.0_382]
	at java.lang.Thread.run(Thread.java:750) [?:1.8.0_382]
2023-09-15 05:01:57,011 [main] ERROR scm.XceiverClientGrpc (XceiverClientGrpc.java:sendCommandWithRetry(450)) - Failed to execute command GetBlock on the pipeline Pipeline[ Id: 231ec847-5fe8-4206-b182-2173b2354f71, Nodes: 386b2284-1126-4572-992a-9634c883c70a(fv-az371-27.ipdn00qvwfrujbrcphh0gwusye.dx.internal.cloudapp.net/10.1.0.24), ReplicationConfig: STANDALONE/ONE, State:OPEN, leaderId:386b2284-1126-4572-992a-9634c883c70a, CreationTimestamp2023-09-15T05:01:46.378Z[Etc/UTC]].
2023-09-15 05:01:57,012 [main] INFO  storage.BlockInputStream (BlockInputStream.java:refreshBlockInfo(205)) - Unable to read information for block conID: 4 locID: 111677748019200004 bcsId: 2 from pipeline PipelineID=231ec847-5fe8-4206-b182-2173b2354f71: Unable to find the block with bcsID 2 .Container 4 bcsId is 1.
2023-09-15 05:01:57,017 [IPC Server handler 2 on default port 15001] WARN  node.SCMNodeManager (SCMNodeManager.java:getNodesByAddress(1373)) - Cannot find node for address 127.0.0.1
2023-09-15 05:01:57,024 [ChunkReader-1] WARN  keyvalue.KeyValueHandler (ContainerUtils.java:logAndReturnError(96)) - Operation: GetBlock , Trace ID:  , Message: Unable to find the block with bcsID 2 .Container 4 bcsId is 1. , Result: UNKNOWN_BCSID , StorageContainerException Occurred.
org.apache.hadoop.hdds.scm.container.common.helpers.StorageContainerException: Unable to find the block with bcsID 2 .Container 4 bcsId is 1.
	at org.apache.hadoop.ozone.container.keyvalue.impl.BlockManagerImpl.getBlock(BlockManagerImpl.java:248)
	at org.apache.hadoop.ozone.container.keyvalue.KeyValueHandler.handleGetBlock(KeyValueHandler.java:588)
	at org.apache.hadoop.ozone.container.keyvalue.KeyValueHandler.dispatchRequest(KeyValueHandler.java:257)
	at org.apache.hadoop.ozone.container.keyvalue.KeyValueHandler.handle(KeyValueHandler.java:226)
	at org.apache.hadoop.ozone.container.common.impl.HddsDispatcher.dispatchRequest(HddsDispatcher.java:325)
	at org.apache.hadoop.ozone.container.common.impl.HddsDispatcher.lambda$dispatch$0(HddsDispatcher.java:178)
	at org.apache.hadoop.hdds.server.OzoneProtocolMessageDispatcher.processRequest(OzoneProtocolMessageDispatcher.java:87)
	at org.apache.hadoop.ozone.container.common.impl.HddsDispatcher.dispatch(HddsDispatcher.java:177)
	at org.apache.hadoop.ozone.container.common.transport.server.GrpcXceiverService$1.onNext(GrpcXceiverService.java:57)
	at org.apache.hadoop.ozone.container.common.transport.server.GrpcXceiverService$1.onNext(GrpcXceiverService.java:50)
	at org.apache.ratis.thirdparty.io.grpc.stub.ServerCalls$StreamingServerCallHandler$StreamingServerCallListener.onMessage(ServerCalls.java:262)
	at org.apache.ratis.thirdparty.io.grpc.ForwardingServerCallListener.onMessage(ForwardingServerCallListener.java:33)
	at org.apache.hadoop.hdds.tracing.GrpcServerInterceptor$1.onMessage(GrpcServerInterceptor.java:49)
	at org.apache.ratis.thirdparty.io.grpc.internal.ServerCallImpl$ServerStreamListenerImpl.messagesAvailableInternal(ServerCallImpl.java:333)
	at org.apache.ratis.thirdparty.io.grpc.internal.ServerCallImpl$ServerStreamListenerImpl.messagesAvailable(ServerCallImpl.java:316)
	at org.apache.ratis.thirdparty.io.grpc.internal.ServerImpl$JumpToApplicationThreadServerStreamListener$1MessagesAvailable.runInContext(ServerImpl.java:835)
	at org.apache.ratis.thirdparty.io.grpc.internal.ContextRunnable.run(ContextRunnable.java:37)
	at org.apache.ratis.thirdparty.io.grpc.internal.SerializingExecutor.run(SerializingExecutor.java:133)
	at java.util.concurrent.ThreadPoolExecutor.runWorker(ThreadPoolExecutor.java:1149)
	at java.util.concurrent.ThreadPoolExecutor$Worker.run(ThreadPoolExecutor.java:624)
	at java.lang.Thread.run(Thread.java:750)
05:01:57.024 [ChunkReader-1] ERROR DNAudit - user=null | ip=null | op=GET_BLOCK {blockData=conID: 4 locID: 111677748019200004 bcsId: 2} | ret=FAILURE
java.lang.Exception: Unable to find the block with bcsID 2 .Container 4 bcsId is 1.
	at org.apache.hadoop.ozone.container.common.impl.HddsDispatcher.dispatchRequest(HddsDispatcher.java:399) ~[hdds-container-service-1.4.0-SNAPSHOT.jar:?]
	at org.apache.hadoop.ozone.container.common.impl.HddsDispatcher.lambda$dispatch$0(HddsDispatcher.java:178) ~[hdds-container-service-1.4.0-SNAPSHOT.jar:?]
	at org.apache.hadoop.hdds.server.OzoneProtocolMessageDispatcher.processRequest(OzoneProtocolMessageDispatcher.java:87) [hdds-server-framework-1.4.0-SNAPSHOT.jar:?]
	at org.apache.hadoop.ozone.container.common.impl.HddsDispatcher.dispatch(HddsDispatcher.java:177) [hdds-container-service-1.4.0-SNAPSHOT.jar:?]
	at org.apache.hadoop.ozone.container.common.transport.server.GrpcXceiverService$1.onNext(GrpcXceiverService.java:57) [hdds-container-service-1.4.0-SNAPSHOT.jar:?]
	at org.apache.hadoop.ozone.container.common.transport.server.GrpcXceiverService$1.onNext(GrpcXceiverService.java:50) [hdds-container-service-1.4.0-SNAPSHOT.jar:?]
	at org.apache.ratis.thirdparty.io.grpc.stub.ServerCalls$StreamingServerCallHandler$StreamingServerCallListener.onMessage(ServerCalls.java:262) [ratis-thirdparty-misc-1.0.4.jar:1.0.4]
	at org.apache.ratis.thirdparty.io.grpc.ForwardingServerCallListener.onMessage(ForwardingServerCallListener.java:33) [ratis-thirdparty-misc-1.0.4.jar:1.0.4]
	at org.apache.hadoop.hdds.tracing.GrpcServerInterceptor$1.onMessage(GrpcServerInterceptor.java:49) [hdds-common-1.4.0-SNAPSHOT.jar:?]
	at org.apache.ratis.thirdparty.io.grpc.internal.ServerCallImpl$ServerStreamListenerImpl.messagesAvailableInternal(ServerCallImpl.java:333) [ratis-thirdparty-misc-1.0.4.jar:1.0.4]
	at org.apache.ratis.thirdparty.io.grpc.internal.ServerCallImpl$ServerStreamListenerImpl.messagesAvailable(ServerCallImpl.java:316) [ratis-thirdparty-misc-1.0.4.jar:1.0.4]
	at org.apache.ratis.thirdparty.io.grpc.internal.ServerImpl$JumpToApplicationThreadServerStreamListener$1MessagesAvailable.runInContext(ServerImpl.java:835) [ratis-thirdparty-misc-1.0.4.jar:1.0.4]
	at org.apache.ratis.thirdparty.io.grpc.internal.ContextRunnable.run(ContextRunnable.java:37) [ratis-thirdparty-misc-1.0.4.jar:1.0.4]
	at org.apache.ratis.thirdparty.io.grpc.internal.SerializingExecutor.run(SerializingExecutor.java:133) [ratis-thirdparty-misc-1.0.4.jar:1.0.4]
	at java.util.concurrent.ThreadPoolExecutor.runWorker(ThreadPoolExecutor.java:1149) [?:1.8.0_382]
	at java.util.concurrent.ThreadPoolExecutor$Worker.run(ThreadPoolExecutor.java:624) [?:1.8.0_382]
	at java.lang.Thread.run(Thread.java:750) [?:1.8.0_382]
2023-09-15 05:01:57,025 [main] ERROR scm.XceiverClientGrpc (XceiverClientGrpc.java:sendCommandWithRetry(450)) - Failed to execute command GetBlock on the pipeline Pipeline[ Id: 231ec847-5fe8-4206-b182-2173b2354f71, Nodes: 386b2284-1126-4572-992a-9634c883c70a(fv-az371-27.ipdn00qvwfrujbrcphh0gwusye.dx.internal.cloudapp.net/10.1.0.24), ReplicationConfig: STANDALONE/ONE, State:OPEN, leaderId:386b2284-1126-4572-992a-9634c883c70a, CreationTimestamp2023-09-15T05:01:46.378Z[Etc/UTC]].
2023-09-15 05:01:57,026 [main] INFO  storage.BlockInputStream (BlockInputStream.java:refreshBlockInfo(205)) - Unable to read information for block conID: 4 locID: 111677748019200004 bcsId: 2 from pipeline PipelineID=231ec847-5fe8-4206-b182-2173b2354f71: Unable to find the block with bcsID 2 .Container 4 bcsId is 1.
2023-09-15 05:01:57,032 [IPC Server handler 12 on default port 15001] WARN  node.SCMNodeManager (SCMNodeManager.java:getNodesByAddress(1373)) - Cannot find node for address 127.0.0.1
2023-09-15 05:01:57,036 [ChunkReader-2] WARN  keyvalue.KeyValueHandler (ContainerUtils.java:logAndReturnError(96)) - Operation: GetBlock , Trace ID:  , Message: Unable to find the block with bcsID 2 .Container 4 bcsId is 1. , Result: UNKNOWN_BCSID , StorageContainerException Occurred.
org.apache.hadoop.hdds.scm.container.common.helpers.StorageContainerException: Unable to find the block with bcsID 2 .Container 4 bcsId is 1.
	at org.apache.hadoop.ozone.container.keyvalue.impl.BlockManagerImpl.getBlock(BlockManagerImpl.java:248)
	at org.apache.hadoop.ozone.container.keyvalue.KeyValueHandler.handleGetBlock(KeyValueHandler.java:588)
	at org.apache.hadoop.ozone.container.keyvalue.KeyValueHandler.dispatchRequest(KeyValueHandler.java:257)
	at org.apache.hadoop.ozone.container.keyvalue.KeyValueHandler.handle(KeyValueHandler.java:226)
	at org.apache.hadoop.ozone.container.common.impl.HddsDispatcher.dispatchRequest(HddsDispatcher.java:325)
	at org.apache.hadoop.ozone.container.common.impl.HddsDispatcher.lambda$dispatch$0(HddsDispatcher.java:178)
	at org.apache.hadoop.hdds.server.OzoneProtocolMessageDispatcher.processRequest(OzoneProtocolMessageDispatcher.java:87)
	at org.apache.hadoop.ozone.container.common.impl.HddsDispatcher.dispatch(HddsDispatcher.java:177)
	at org.apache.hadoop.ozone.container.common.transport.server.GrpcXceiverService$1.onNext(GrpcXceiverService.java:57)
	at org.apache.hadoop.ozone.container.common.transport.server.GrpcXceiverService$1.onNext(GrpcXceiverService.java:50)
	at org.apache.ratis.thirdparty.io.grpc.stub.ServerCalls$StreamingServerCallHandler$StreamingServerCallListener.onMessage(ServerCalls.java:262)
	at org.apache.ratis.thirdparty.io.grpc.ForwardingServerCallListener.onMessage(ForwardingServerCallListener.java:33)
	at org.apache.hadoop.hdds.tracing.GrpcServerInterceptor$1.onMessage(GrpcServerInterceptor.java:49)
	at org.apache.ratis.thirdparty.io.grpc.internal.ServerCallImpl$ServerStreamListenerImpl.messagesAvailableInternal(ServerCallImpl.java:333)
	at org.apache.ratis.thirdparty.io.grpc.internal.ServerCallImpl$ServerStreamListenerImpl.messagesAvailable(ServerCallImpl.java:316)
	at org.apache.ratis.thirdparty.io.grpc.internal.ServerImpl$JumpToApplicationThreadServerStreamListener$1MessagesAvailable.runInContext(ServerImpl.java:835)
	at org.apache.ratis.thirdparty.io.grpc.internal.ContextRunnable.run(ContextRunnable.java:37)
	at org.apache.ratis.thirdparty.io.grpc.internal.SerializingExecutor.run(SerializingExecutor.java:133)
	at java.util.concurrent.ThreadPoolExecutor.runWorker(ThreadPoolExecutor.java:1149)
	at java.util.concurrent.ThreadPoolExecutor$Worker.run(ThreadPoolExecutor.java:624)
	at java.lang.Thread.run(Thread.java:750)
05:01:57.036 [ChunkReader-2] ERROR DNAudit - user=null | ip=null | op=GET_BLOCK {blockData=conID: 4 locID: 111677748019200004 bcsId: 2} | ret=FAILURE
java.lang.Exception: Unable to find the block with bcsID 2 .Container 4 bcsId is 1.
	at org.apache.hadoop.ozone.container.common.impl.HddsDispatcher.dispatchRequest(HddsDispatcher.java:399) ~[hdds-container-service-1.4.0-SNAPSHOT.jar:?]
	at org.apache.hadoop.ozone.container.common.impl.HddsDispatcher.lambda$dispatch$0(HddsDispatcher.java:178) ~[hdds-container-service-1.4.0-SNAPSHOT.jar:?]
	at org.apache.hadoop.hdds.server.OzoneProtocolMessageDispatcher.processRequest(OzoneProtocolMessageDispatcher.java:87) [hdds-server-framework-1.4.0-SNAPSHOT.jar:?]
	at org.apache.hadoop.ozone.container.common.impl.HddsDispatcher.dispatch(HddsDispatcher.java:177) [hdds-container-service-1.4.0-SNAPSHOT.jar:?]
	at org.apache.hadoop.ozone.container.common.transport.server.GrpcXceiverService$1.onNext(GrpcXceiverService.java:57) [hdds-container-service-1.4.0-SNAPSHOT.jar:?]
	at org.apache.hadoop.ozone.container.common.transport.server.GrpcXceiverService$1.onNext(GrpcXceiverService.java:50) [hdds-container-service-1.4.0-SNAPSHOT.jar:?]
	at org.apache.ratis.thirdparty.io.grpc.stub.ServerCalls$StreamingServerCallHandler$StreamingServerCallListener.onMessage(ServerCalls.java:262) [ratis-thirdparty-misc-1.0.4.jar:1.0.4]
	at org.apache.ratis.thirdparty.io.grpc.ForwardingServerCallListener.onMessage(ForwardingServerCallListener.java:33) [ratis-thirdparty-misc-1.0.4.jar:1.0.4]
	at org.apache.hadoop.hdds.tracing.GrpcServerInterceptor$1.onMessage(GrpcServerInterceptor.java:49) [hdds-common-1.4.0-SNAPSHOT.jar:?]
	at org.apache.ratis.thirdparty.io.grpc.internal.ServerCallImpl$ServerStreamListenerImpl.messagesAvailableInternal(ServerCallImpl.java:333) [ratis-thirdparty-misc-1.0.4.jar:1.0.4]
	at org.apache.ratis.thirdparty.io.grpc.internal.ServerCallImpl$ServerStreamListenerImpl.messagesAvailable(ServerCallImpl.java:316) [ratis-thirdparty-misc-1.0.4.jar:1.0.4]
	at org.apache.ratis.thirdparty.io.grpc.internal.ServerImpl$JumpToApplicationThreadServerStreamListener$1MessagesAvailable.runInContext(ServerImpl.java:835) [ratis-thirdparty-misc-1.0.4.jar:1.0.4]
	at org.apache.ratis.thirdparty.io.grpc.internal.ContextRunnable.run(ContextRunnable.java:37) [ratis-thirdparty-misc-1.0.4.jar:1.0.4]
	at org.apache.ratis.thirdparty.io.grpc.internal.SerializingExecutor.run(SerializingExecutor.java:133) [ratis-thirdparty-misc-1.0.4.jar:1.0.4]
	at java.util.concurrent.ThreadPoolExecutor.runWorker(ThreadPoolExecutor.java:1149) [?:1.8.0_382]
	at java.util.concurrent.ThreadPoolExecutor$Worker.run(ThreadPoolExecutor.java:624) [?:1.8.0_382]
	at java.lang.Thread.run(Thread.java:750) [?:1.8.0_382]
2023-09-15 05:01:57,037 [main] ERROR scm.XceiverClientGrpc (XceiverClientGrpc.java:sendCommandWithRetry(450)) - Failed to execute command GetBlock on the pipeline Pipeline[ Id: 231ec847-5fe8-4206-b182-2173b2354f71, Nodes: 386b2284-1126-4572-992a-9634c883c70a(fv-az371-27.ipdn00qvwfrujbrcphh0gwusye.dx.internal.cloudapp.net/10.1.0.24), ReplicationConfig: STANDALONE/ONE, State:OPEN, leaderId:386b2284-1126-4572-992a-9634c883c70a, CreationTimestamp2023-09-15T05:01:46.378Z[Etc/UTC]].
2023-09-15 05:01:57,038 [main] INFO  storage.BlockInputStream (BlockInputStream.java:refreshBlockInfo(205)) - Unable to read information for block conID: 4 locID: 111677748019200004 bcsId: 2 from pipeline PipelineID=231ec847-5fe8-4206-b182-2173b2354f71: Unable to find the block with bcsID 2 .Container 4 bcsId is 1.
2023-09-15 05:01:57,042 [IPC Server handler 7 on default port 15001] WARN  node.SCMNodeManager (SCMNodeManager.java:getNodesByAddress(1373)) - Cannot find node for address 127.0.0.1
]]></system-out>
  </testcase>
  <testcase name="testPutKeyWithEncryption(BucketLayout)[3]" classname="org.apache.hadoop.ozone.client.rpc.TestOzoneAtRestEncryption" time="0.271">
    <system-out><![CDATA[2023-09-15 05:01:57,061 [main] INFO  rpc.RpcClient (RpcClient.java:createVolume(461)) - Creating Volume: f0bbfb73-3ed0-4257-b2d9-bad3f572796c, with runner as owner and space quota set to -1 bytes, counts quota set to -1
2023-09-15 05:01:57,069 [OM StateMachine ApplyTransaction Thread - 0] INFO  volume.OMVolumeCreateRequest (OMVolumeCreateRequest.java:validateAndUpdateCache(196)) - created volume:f0bbfb73-3ed0-4257-b2d9-bad3f572796c for user:runner
2023-09-15 05:01:57,077 [main] INFO  rpc.RpcClient (RpcClient.java:createBucket(688)) - Creating Bucket: f0bbfb73-3ed0-4257-b2d9-bad3f572796c/d33a4593-3b70-42ef-adc3-c7f6df1a9708, with bucket layout LEGACY, runner as owner, Versioning false, Storage Type set to DISK and Encryption set to true, Replication Type set to server-side default replication type, Namespace Quota set to -1, Space Quota set to -1 
2023-09-15 05:01:57,080 [qtp1742235652-21] INFO  kms-audit (SimpleKMSAuditLogger.java:logAuditSimpleFormat(93)) - OK[op=GET_METADATA, key=key1, user=runner] 
2023-09-15 05:01:57,084 [OM StateMachine ApplyTransaction Thread - 0] INFO  bucket.OMBucketCreateRequest (OMBucketCreateRequest.java:validateAndUpdateCache(270)) - created bucket: d33a4593-3b70-42ef-adc3-c7f6df1a9708 of layout LEGACY in volume: f0bbfb73-3ed0-4257-b2d9-bad3f572796c
2023-09-15 05:01:57,130 [IPC Server handler 11 on default port 15001] WARN  node.SCMNodeManager (SCMNodeManager.java:getNodesByAddress(1373)) - Cannot find node for address 127.0.0.1
2023-09-15 05:01:57,134 [IPC Server handler 15 on default port 15001] WARN  node.SCMNodeManager (SCMNodeManager.java:getNodesByAddress(1373)) - Cannot find node for address 127.0.0.1
2023-09-15 05:01:57,176 [main] INFO  client.DataStreamClient (ConfUtils.java:logGet(46)) - raft.datastream.type = NETTY (custom)
2023-09-15 05:01:57,176 [main] INFO  netty.NettyConfigKeys$DataStream (ConfUtils.java:logGet(46)) - raft.netty.dataStream.client.tls.conf = null (default)
2023-09-15 05:01:57,176 [main] INFO  netty.NettyConfigKeys$DataStream (ConfUtils.java:logGet(46)) - raft.netty.dataStream.client.reply.queue.grace-period = 1s (default)
2023-09-15 05:01:57,176 [main] INFO  netty.NettyConfigKeys$DataStream (ConfUtils.java:logGet(46)) - raft.netty.dataStream.client.worker-group.share = false (default)
2023-09-15 05:01:57,177 [main] INFO  netty.NettyConfigKeys$DataStream (ConfUtils.java:logGet(46)) - raft.netty.dataStream.client.worker-group.size = 4 (default)
2023-09-15 05:01:57,186 [729f921e-514b-472d-a5a3-7d6b9d90aa28-NettyServerStreamRpc-bossGroup--thread1] INFO  logging.LoggingHandler (AbstractInternalLogger.java:log(148)) - [id: 0x6ba3add7, L:/0:0:0:0:0:0:0:0:15033] READ: [id: 0x3a0f3fed, L:/10.1.0.24:15033 - R:/10.1.0.24:51276]
2023-09-15 05:01:57,187 [729f921e-514b-472d-a5a3-7d6b9d90aa28-NettyServerStreamRpc-bossGroup--thread1] INFO  logging.LoggingHandler (AbstractInternalLogger.java:log(148)) - [id: 0x6ba3add7, L:/0:0:0:0:0:0:0:0:15033] READ COMPLETE
2023-09-15 05:01:57,299 [IPC Server handler 0 on default port 15001] WARN  node.SCMNodeManager (SCMNodeManager.java:getNodesByAddress(1373)) - Cannot find node for address 127.0.0.1
2023-09-15 05:01:57,303 [IPC Server handler 8 on default port 15001] WARN  node.SCMNodeManager (SCMNodeManager.java:getNodesByAddress(1373)) - Cannot find node for address 127.0.0.1
]]></system-out>
  </testcase>
  <testcase name="mpuWithLink(BucketLayout)[1]" classname="org.apache.hadoop.ozone.client.rpc.TestOzoneAtRestEncryption" time="2.925">
    <system-out><![CDATA[2023-09-15 05:01:57,334 [main] INFO  rpc.RpcClient (RpcClient.java:createVolume(461)) - Creating Volume: 09441ae7-7705-4287-b8e0-ed7fd4f9ae37, with runner as owner and space quota set to -1 bytes, counts quota set to -1
2023-09-15 05:01:57,338 [OM StateMachine ApplyTransaction Thread - 0] INFO  volume.OMVolumeCreateRequest (OMVolumeCreateRequest.java:validateAndUpdateCache(196)) - created volume:09441ae7-7705-4287-b8e0-ed7fd4f9ae37 for user:runner
2023-09-15 05:01:57,341 [main] INFO  rpc.RpcClient (RpcClient.java:createBucket(688)) - Creating Bucket: 09441ae7-7705-4287-b8e0-ed7fd4f9ae37/b927ef68-1596-4220-883f-2297cc659f59, with bucket layout FILE_SYSTEM_OPTIMIZED, runner as owner, Versioning false, Storage Type set to DISK and Encryption set to true, Replication Type set to server-side default replication type, Namespace Quota set to -1, Space Quota set to -1 
2023-09-15 05:01:57,344 [qtp1742235652-21] INFO  kms-audit (SimpleKMSAuditLogger.java:logAuditSimpleFormat(93)) - OK[op=GET_METADATA, key=key1, user=runner] 
2023-09-15 05:01:57,348 [OM StateMachine ApplyTransaction Thread - 0] INFO  bucket.OMBucketCreateRequest (OMBucketCreateRequest.java:validateAndUpdateCache(270)) - created bucket: b927ef68-1596-4220-883f-2297cc659f59 of layout FILE_SYSTEM_OPTIMIZED in volume: 09441ae7-7705-4287-b8e0-ed7fd4f9ae37
2023-09-15 05:01:57,352 [main] INFO  rpc.RpcClient (RpcClient.java:createVolume(461)) - Creating Volume: 1f39245c-671f-4ff7-8c14-c887bee63f5c, with runner as owner and space quota set to -1 bytes, counts quota set to -1
2023-09-15 05:01:57,355 [OM StateMachine ApplyTransaction Thread - 0] INFO  volume.OMVolumeCreateRequest (OMVolumeCreateRequest.java:validateAndUpdateCache(196)) - created volume:1f39245c-671f-4ff7-8c14-c887bee63f5c for user:runner
2023-09-15 05:01:57,358 [main] INFO  rpc.RpcClient (RpcClient.java:createBucket(688)) - Creating Bucket: 1f39245c-671f-4ff7-8c14-c887bee63f5c/b4f5ee4a-b5ad-4351-aac2-59cd553ed622, with server-side default bucket layout, runner as owner, Versioning false, Storage Type set to DISK and Encryption set to false, Replication Type set to server-side default replication type, Namespace Quota set to -1, Space Quota set to -1 
2023-09-15 05:01:57,361 [OM StateMachine ApplyTransaction Thread - 0] INFO  bucket.OMBucketCreateRequest (OMBucketCreateRequest.java:validateAndUpdateCache(270)) - created bucket: b4f5ee4a-b5ad-4351-aac2-59cd553ed622 of layout FILE_SYSTEM_OPTIMIZED in volume: 1f39245c-671f-4ff7-8c14-c887bee63f5c
2023-09-15 05:01:58,200 [0a6fa645-f909-40e7-9d0d-0c6da806ec87@group-8B57097445FE-FollowerState] INFO  impl.FollowerState (FollowerState.java:run(143)) - 0a6fa645-f909-40e7-9d0d-0c6da806ec87@group-8B57097445FE-FollowerState: change to CANDIDATE, lastRpcElapsedTime:10573703086ns, electionTimeout:5001ms
2023-09-15 05:01:58,200 [0a6fa645-f909-40e7-9d0d-0c6da806ec87@group-8B57097445FE-FollowerState] INFO  impl.RoleInfo (RoleInfo.java:shutdownFollowerState(110)) - 0a6fa645-f909-40e7-9d0d-0c6da806ec87: shutdown 0a6fa645-f909-40e7-9d0d-0c6da806ec87@group-8B57097445FE-FollowerState
2023-09-15 05:01:58,200 [0a6fa645-f909-40e7-9d0d-0c6da806ec87@group-8B57097445FE-FollowerState] INFO  server.RaftServer$Division (RaftServerImpl.java:setRole(329)) - 0a6fa645-f909-40e7-9d0d-0c6da806ec87@group-8B57097445FE: changes role from  FOLLOWER to CANDIDATE at term 0 for changeToCandidate
2023-09-15 05:01:58,200 [0a6fa645-f909-40e7-9d0d-0c6da806ec87@group-8B57097445FE-FollowerState] INFO  server.RaftServerConfigKeys (ConfUtils.java:logGet(46)) - raft.server.leaderelection.pre-vote = true (default)
2023-09-15 05:01:58,200 [0a6fa645-f909-40e7-9d0d-0c6da806ec87@group-8B57097445FE-FollowerState] INFO  impl.RoleInfo (RoleInfo.java:updateAndGet(139)) - 0a6fa645-f909-40e7-9d0d-0c6da806ec87: start 0a6fa645-f909-40e7-9d0d-0c6da806ec87@group-8B57097445FE-LeaderElection21
2023-09-15 05:01:58,218 [0a6fa645-f909-40e7-9d0d-0c6da806ec87@group-8B57097445FE-LeaderElection21] INFO  impl.LeaderElection (LeaderElection.java:askForVotes(321)) - 0a6fa645-f909-40e7-9d0d-0c6da806ec87@group-8B57097445FE-LeaderElection21 PRE_VOTE round 0: submit vote requests at term 0 for -1: peers:[0a6fa645-f909-40e7-9d0d-0c6da806ec87|rpc:10.1.0.24:15041|admin:10.1.0.24:15040|client:10.1.0.24:15039|dataStream:10.1.0.24:15042|priority:1|startupRole:FOLLOWER, ddd75f10-d1e9-4189-b9ef-e4896743935a|rpc:10.1.0.24:15059|admin:10.1.0.24:15058|client:10.1.0.24:15057|dataStream:10.1.0.24:15060|priority:0|startupRole:FOLLOWER, 01e3e3a9-29b9-4c52-904d-7d79db62114f|rpc:10.1.0.24:15050|admin:10.1.0.24:15049|client:10.1.0.24:15048|dataStream:10.1.0.24:15051|priority:0|startupRole:FOLLOWER]|listeners:[], old=null
2023-09-15 05:01:58,218 [0a6fa645-f909-40e7-9d0d-0c6da806ec87@group-8B57097445FE-LeaderElection21-1] INFO  server.GrpcServerProtocolClient (GrpcServerProtocolClient.java:<init>(65)) - Build channel for ddd75f10-d1e9-4189-b9ef-e4896743935a
2023-09-15 05:01:58,221 [0a6fa645-f909-40e7-9d0d-0c6da806ec87@group-8B57097445FE-LeaderElection21] INFO  server.RaftServerConfigKeys (ConfUtils.java:logFallback(53)) - raft.server.rpc.first-election.timeout.min = 5s (fallback to raft.server.rpc.timeout.min)
2023-09-15 05:01:58,221 [0a6fa645-f909-40e7-9d0d-0c6da806ec87@group-8B57097445FE-LeaderElection21] INFO  server.RaftServerConfigKeys (ConfUtils.java:logFallback(53)) - raft.server.rpc.first-election.timeout.max = 5200ms (fallback to raft.server.rpc.timeout.max)
2023-09-15 05:01:58,241 [0a6fa645-f909-40e7-9d0d-0c6da806ec87@group-8B57097445FE-LeaderElection21-2] INFO  server.GrpcServerProtocolClient (GrpcServerProtocolClient.java:<init>(65)) - Build channel for 01e3e3a9-29b9-4c52-904d-7d79db62114f
2023-09-15 05:01:58,242 [grpc-default-executor-3] INFO  server.RaftServer$Division (RaftServerImpl.java:requestVote(1302)) - ddd75f10-d1e9-4189-b9ef-e4896743935a@group-8B57097445FE: receive requestVote(PRE_VOTE, 0a6fa645-f909-40e7-9d0d-0c6da806ec87, group-8B57097445FE, 0, (t:0, i:0))
2023-09-15 05:01:58,243 [grpc-default-executor-3] INFO  impl.VoteContext (VoteContext.java:log(49)) - ddd75f10-d1e9-4189-b9ef-e4896743935a@group-8B57097445FE-FOLLOWER: accept PRE_VOTE from 0a6fa645-f909-40e7-9d0d-0c6da806ec87: our priority 0 <= candidate's priority 1
2023-09-15 05:01:58,243 [grpc-default-executor-3] INFO  server.RaftServer$Division (RaftServerImpl.java:requestVote(1335)) - ddd75f10-d1e9-4189-b9ef-e4896743935a@group-8B57097445FE replies to PRE_VOTE vote request: 0a6fa645-f909-40e7-9d0d-0c6da806ec87<-ddd75f10-d1e9-4189-b9ef-e4896743935a#0:OK-t0. Peer's state: ddd75f10-d1e9-4189-b9ef-e4896743935a@group-8B57097445FE:t0, leader=null, voted=, raftlog=Memoized:ddd75f10-d1e9-4189-b9ef-e4896743935a@group-8B57097445FE-SegmentedRaftLog:OPENED:c-1, conf=-1: peers:[0a6fa645-f909-40e7-9d0d-0c6da806ec87|rpc:10.1.0.24:15041|admin:10.1.0.24:15040|client:10.1.0.24:15039|dataStream:10.1.0.24:15042|priority:1|startupRole:FOLLOWER, ddd75f10-d1e9-4189-b9ef-e4896743935a|rpc:10.1.0.24:15059|admin:10.1.0.24:15058|client:10.1.0.24:15057|dataStream:10.1.0.24:15060|priority:0|startupRole:FOLLOWER, 01e3e3a9-29b9-4c52-904d-7d79db62114f|rpc:10.1.0.24:15050|admin:10.1.0.24:15049|client:10.1.0.24:15048|dataStream:10.1.0.24:15051|priority:0|startupRole:FOLLOWER]|listeners:[], old=null
2023-09-15 05:01:58,246 [0a6fa645-f909-40e7-9d0d-0c6da806ec87@group-8B57097445FE-LeaderElection21] INFO  impl.LeaderElection (LeaderElection.java:logAndReturn(90)) - 0a6fa645-f909-40e7-9d0d-0c6da806ec87@group-8B57097445FE-LeaderElection21: PRE_VOTE PASSED received 1 response(s) and 0 exception(s):
2023-09-15 05:01:58,246 [0a6fa645-f909-40e7-9d0d-0c6da806ec87@group-8B57097445FE-LeaderElection21] INFO  impl.LeaderElection (LeaderElection.java:logAndReturn(94)) -   Response 0: 0a6fa645-f909-40e7-9d0d-0c6da806ec87<-ddd75f10-d1e9-4189-b9ef-e4896743935a#0:OK-t0
2023-09-15 05:01:58,246 [0a6fa645-f909-40e7-9d0d-0c6da806ec87@group-8B57097445FE-LeaderElection21] INFO  impl.LeaderElection (LeaderElection.java:askForVotes(323)) - 0a6fa645-f909-40e7-9d0d-0c6da806ec87@group-8B57097445FE-LeaderElection21 PRE_VOTE round 0: result PASSED
2023-09-15 05:01:58,247 [0a6fa645-f909-40e7-9d0d-0c6da806ec87@group-8B57097445FE-LeaderElection21] INFO  impl.LeaderElection (LeaderElection.java:askForVotes(321)) - 0a6fa645-f909-40e7-9d0d-0c6da806ec87@group-8B57097445FE-LeaderElection21 ELECTION round 0: submit vote requests at term 1 for -1: peers:[0a6fa645-f909-40e7-9d0d-0c6da806ec87|rpc:10.1.0.24:15041|admin:10.1.0.24:15040|client:10.1.0.24:15039|dataStream:10.1.0.24:15042|priority:1|startupRole:FOLLOWER, ddd75f10-d1e9-4189-b9ef-e4896743935a|rpc:10.1.0.24:15059|admin:10.1.0.24:15058|client:10.1.0.24:15057|dataStream:10.1.0.24:15060|priority:0|startupRole:FOLLOWER, 01e3e3a9-29b9-4c52-904d-7d79db62114f|rpc:10.1.0.24:15050|admin:10.1.0.24:15049|client:10.1.0.24:15048|dataStream:10.1.0.24:15051|priority:0|startupRole:FOLLOWER]|listeners:[], old=null
2023-09-15 05:01:58,254 [grpc-default-executor-0] INFO  server.RaftServer$Division (RaftServerImpl.java:requestVote(1302)) - 01e3e3a9-29b9-4c52-904d-7d79db62114f@group-8B57097445FE: receive requestVote(PRE_VOTE, 0a6fa645-f909-40e7-9d0d-0c6da806ec87, group-8B57097445FE, 0, (t:0, i:0))
2023-09-15 05:01:58,254 [grpc-default-executor-0] INFO  impl.VoteContext (VoteContext.java:log(49)) - 01e3e3a9-29b9-4c52-904d-7d79db62114f@group-8B57097445FE-FOLLOWER: accept PRE_VOTE from 0a6fa645-f909-40e7-9d0d-0c6da806ec87: our priority 0 <= candidate's priority 1
2023-09-15 05:01:58,254 [grpc-default-executor-0] INFO  server.RaftServer$Division (RaftServerImpl.java:requestVote(1335)) - 01e3e3a9-29b9-4c52-904d-7d79db62114f@group-8B57097445FE replies to PRE_VOTE vote request: 0a6fa645-f909-40e7-9d0d-0c6da806ec87<-01e3e3a9-29b9-4c52-904d-7d79db62114f#0:OK-t0. Peer's state: 01e3e3a9-29b9-4c52-904d-7d79db62114f@group-8B57097445FE:t0, leader=null, voted=, raftlog=Memoized:01e3e3a9-29b9-4c52-904d-7d79db62114f@group-8B57097445FE-SegmentedRaftLog:OPENED:c-1, conf=-1: peers:[0a6fa645-f909-40e7-9d0d-0c6da806ec87|rpc:10.1.0.24:15041|admin:10.1.0.24:15040|client:10.1.0.24:15039|dataStream:10.1.0.24:15042|priority:1|startupRole:FOLLOWER, ddd75f10-d1e9-4189-b9ef-e4896743935a|rpc:10.1.0.24:15059|admin:10.1.0.24:15058|client:10.1.0.24:15057|dataStream:10.1.0.24:15060|priority:0|startupRole:FOLLOWER, 01e3e3a9-29b9-4c52-904d-7d79db62114f|rpc:10.1.0.24:15050|admin:10.1.0.24:15049|client:10.1.0.24:15048|dataStream:10.1.0.24:15051|priority:0|startupRole:FOLLOWER]|listeners:[], old=null
2023-09-15 05:01:58,255 [grpc-default-executor-0] INFO  server.RaftServer$Division (RaftServerImpl.java:requestVote(1302)) - ddd75f10-d1e9-4189-b9ef-e4896743935a@group-8B57097445FE: receive requestVote(ELECTION, 0a6fa645-f909-40e7-9d0d-0c6da806ec87, group-8B57097445FE, 1, (t:0, i:0))
2023-09-15 05:01:58,261 [grpc-default-executor-0] INFO  impl.VoteContext (VoteContext.java:log(49)) - ddd75f10-d1e9-4189-b9ef-e4896743935a@group-8B57097445FE-FOLLOWER: accept ELECTION from 0a6fa645-f909-40e7-9d0d-0c6da806ec87: our priority 0 <= candidate's priority 1
2023-09-15 05:01:58,261 [0a6fa645-f909-40e7-9d0d-0c6da806ec87@group-8B57097445FE-LeaderElection21] INFO  server.RaftServerConfigKeys (ConfUtils.java:logFallback(53)) - raft.server.rpc.first-election.timeout.min = 5s (fallback to raft.server.rpc.timeout.min)
2023-09-15 05:01:58,261 [0a6fa645-f909-40e7-9d0d-0c6da806ec87@group-8B57097445FE-LeaderElection21] INFO  server.RaftServerConfigKeys (ConfUtils.java:logFallback(53)) - raft.server.rpc.first-election.timeout.max = 5200ms (fallback to raft.server.rpc.timeout.max)
2023-09-15 05:01:58,261 [grpc-default-executor-0] INFO  server.RaftServer$Division (RaftServerImpl.java:setRole(329)) - ddd75f10-d1e9-4189-b9ef-e4896743935a@group-8B57097445FE: changes role from  FOLLOWER to FOLLOWER at term 1 for candidate:0a6fa645-f909-40e7-9d0d-0c6da806ec87
2023-09-15 05:01:58,261 [grpc-default-executor-0] INFO  impl.RoleInfo (RoleInfo.java:shutdownFollowerState(110)) - ddd75f10-d1e9-4189-b9ef-e4896743935a: shutdown ddd75f10-d1e9-4189-b9ef-e4896743935a@group-8B57097445FE-FollowerState
2023-09-15 05:01:58,261 [grpc-default-executor-0] INFO  impl.RoleInfo (RoleInfo.java:updateAndGet(139)) - ddd75f10-d1e9-4189-b9ef-e4896743935a: start ddd75f10-d1e9-4189-b9ef-e4896743935a@group-8B57097445FE-FollowerState
2023-09-15 05:01:58,261 [ddd75f10-d1e9-4189-b9ef-e4896743935a@group-8B57097445FE-FollowerState] INFO  impl.FollowerState (FollowerState.java:run(152)) - ddd75f10-d1e9-4189-b9ef-e4896743935a@group-8B57097445FE-FollowerState was interrupted
2023-09-15 05:01:58,263 [grpc-default-executor-3] INFO  server.RaftServer$Division (RaftServerImpl.java:requestVote(1302)) - 01e3e3a9-29b9-4c52-904d-7d79db62114f@group-8B57097445FE: receive requestVote(ELECTION, 0a6fa645-f909-40e7-9d0d-0c6da806ec87, group-8B57097445FE, 1, (t:0, i:0))
2023-09-15 05:01:58,264 [grpc-default-executor-0] INFO  server.RaftServer$Division (RaftServerImpl.java:requestVote(1335)) - ddd75f10-d1e9-4189-b9ef-e4896743935a@group-8B57097445FE replies to ELECTION vote request: 0a6fa645-f909-40e7-9d0d-0c6da806ec87<-ddd75f10-d1e9-4189-b9ef-e4896743935a#0:OK-t1. Peer's state: ddd75f10-d1e9-4189-b9ef-e4896743935a@group-8B57097445FE:t1, leader=null, voted=0a6fa645-f909-40e7-9d0d-0c6da806ec87, raftlog=Memoized:ddd75f10-d1e9-4189-b9ef-e4896743935a@group-8B57097445FE-SegmentedRaftLog:OPENED:c-1, conf=-1: peers:[0a6fa645-f909-40e7-9d0d-0c6da806ec87|rpc:10.1.0.24:15041|admin:10.1.0.24:15040|client:10.1.0.24:15039|dataStream:10.1.0.24:15042|priority:1|startupRole:FOLLOWER, ddd75f10-d1e9-4189-b9ef-e4896743935a|rpc:10.1.0.24:15059|admin:10.1.0.24:15058|client:10.1.0.24:15057|dataStream:10.1.0.24:15060|priority:0|startupRole:FOLLOWER, 01e3e3a9-29b9-4c52-904d-7d79db62114f|rpc:10.1.0.24:15050|admin:10.1.0.24:15049|client:10.1.0.24:15048|dataStream:10.1.0.24:15051|priority:0|startupRole:FOLLOWER]|listeners:[], old=null
2023-09-15 05:01:58,265 [0a6fa645-f909-40e7-9d0d-0c6da806ec87@group-8B57097445FE-LeaderElection21] INFO  impl.LeaderElection (LeaderElection.java:logAndReturn(90)) - 0a6fa645-f909-40e7-9d0d-0c6da806ec87@group-8B57097445FE-LeaderElection21: ELECTION PASSED received 1 response(s) and 0 exception(s):
2023-09-15 05:01:58,265 [0a6fa645-f909-40e7-9d0d-0c6da806ec87@group-8B57097445FE-LeaderElection21] INFO  impl.LeaderElection (LeaderElection.java:logAndReturn(94)) -   Response 0: 0a6fa645-f909-40e7-9d0d-0c6da806ec87<-ddd75f10-d1e9-4189-b9ef-e4896743935a#0:OK-t1
2023-09-15 05:01:58,269 [grpc-default-executor-3] INFO  impl.VoteContext (VoteContext.java:log(49)) - 01e3e3a9-29b9-4c52-904d-7d79db62114f@group-8B57097445FE-FOLLOWER: accept ELECTION from 0a6fa645-f909-40e7-9d0d-0c6da806ec87: our priority 0 <= candidate's priority 1
2023-09-15 05:01:58,269 [grpc-default-executor-3] INFO  server.RaftServer$Division (RaftServerImpl.java:setRole(329)) - 01e3e3a9-29b9-4c52-904d-7d79db62114f@group-8B57097445FE: changes role from  FOLLOWER to FOLLOWER at term 1 for candidate:0a6fa645-f909-40e7-9d0d-0c6da806ec87
2023-09-15 05:01:58,269 [grpc-default-executor-3] INFO  impl.RoleInfo (RoleInfo.java:shutdownFollowerState(110)) - 01e3e3a9-29b9-4c52-904d-7d79db62114f: shutdown 01e3e3a9-29b9-4c52-904d-7d79db62114f@group-8B57097445FE-FollowerState
2023-09-15 05:01:58,269 [grpc-default-executor-3] INFO  impl.RoleInfo (RoleInfo.java:updateAndGet(139)) - 01e3e3a9-29b9-4c52-904d-7d79db62114f: start 01e3e3a9-29b9-4c52-904d-7d79db62114f@group-8B57097445FE-FollowerState
2023-09-15 05:01:58,269 [01e3e3a9-29b9-4c52-904d-7d79db62114f@group-8B57097445FE-FollowerState] INFO  impl.FollowerState (FollowerState.java:run(152)) - 01e3e3a9-29b9-4c52-904d-7d79db62114f@group-8B57097445FE-FollowerState was interrupted
2023-09-15 05:01:58,270 [0a6fa645-f909-40e7-9d0d-0c6da806ec87@group-8B57097445FE-LeaderElection21] INFO  impl.LeaderElection (LeaderElection.java:askForVotes(323)) - 0a6fa645-f909-40e7-9d0d-0c6da806ec87@group-8B57097445FE-LeaderElection21 ELECTION round 0: result PASSED
2023-09-15 05:01:58,270 [0a6fa645-f909-40e7-9d0d-0c6da806ec87@group-8B57097445FE-LeaderElection21] INFO  impl.RoleInfo (RoleInfo.java:shutdownLeaderElection(130)) - 0a6fa645-f909-40e7-9d0d-0c6da806ec87: shutdown 0a6fa645-f909-40e7-9d0d-0c6da806ec87@group-8B57097445FE-LeaderElection21
2023-09-15 05:01:58,270 [0a6fa645-f909-40e7-9d0d-0c6da806ec87@group-8B57097445FE-LeaderElection21] INFO  server.RaftServer$Division (RaftServerImpl.java:setRole(329)) - 0a6fa645-f909-40e7-9d0d-0c6da806ec87@group-8B57097445FE: changes role from CANDIDATE to LEADER at term 1 for changeToLeader
2023-09-15 05:01:58,270 [0a6fa645-f909-40e7-9d0d-0c6da806ec87@group-8B57097445FE-LeaderElection21] INFO  ratis.XceiverServerRatis (XceiverServerRatis.java:handleLeaderChangedNotification(902)) - Leader change notification received for group: group-8B57097445FE with new leaderId: 0a6fa645-f909-40e7-9d0d-0c6da806ec87
2023-09-15 05:01:58,270 [grpc-default-executor-3] INFO  server.RaftServer$Division (RaftServerImpl.java:requestVote(1335)) - 01e3e3a9-29b9-4c52-904d-7d79db62114f@group-8B57097445FE replies to ELECTION vote request: 0a6fa645-f909-40e7-9d0d-0c6da806ec87<-01e3e3a9-29b9-4c52-904d-7d79db62114f#0:OK-t1. Peer's state: 01e3e3a9-29b9-4c52-904d-7d79db62114f@group-8B57097445FE:t1, leader=null, voted=0a6fa645-f909-40e7-9d0d-0c6da806ec87, raftlog=Memoized:01e3e3a9-29b9-4c52-904d-7d79db62114f@group-8B57097445FE-SegmentedRaftLog:OPENED:c-1, conf=-1: peers:[0a6fa645-f909-40e7-9d0d-0c6da806ec87|rpc:10.1.0.24:15041|admin:10.1.0.24:15040|client:10.1.0.24:15039|dataStream:10.1.0.24:15042|priority:1|startupRole:FOLLOWER, ddd75f10-d1e9-4189-b9ef-e4896743935a|rpc:10.1.0.24:15059|admin:10.1.0.24:15058|client:10.1.0.24:15057|dataStream:10.1.0.24:15060|priority:0|startupRole:FOLLOWER, 01e3e3a9-29b9-4c52-904d-7d79db62114f|rpc:10.1.0.24:15050|admin:10.1.0.24:15049|client:10.1.0.24:15048|dataStream:10.1.0.24:15051|priority:0|startupRole:FOLLOWER]|listeners:[], old=null
2023-09-15 05:01:58,270 [0a6fa645-f909-40e7-9d0d-0c6da806ec87@group-8B57097445FE-LeaderElection21] INFO  server.RaftServer$Division (ServerState.java:setLeader(317)) - 0a6fa645-f909-40e7-9d0d-0c6da806ec87@group-8B57097445FE: change Leader from null to 0a6fa645-f909-40e7-9d0d-0c6da806ec87 at term 1 for becomeLeader, leader elected after 10675ms
2023-09-15 05:01:58,271 [0a6fa645-f909-40e7-9d0d-0c6da806ec87@group-8B57097445FE-LeaderElection21] INFO  server.RaftServerConfigKeys (ConfUtils.java:logGet(46)) - raft.server.staging.catchup.gap = 1000 (default)
2023-09-15 05:01:58,271 [0a6fa645-f909-40e7-9d0d-0c6da806ec87@group-8B57097445FE-LeaderElection21] INFO  server.RaftServerConfigKeys (ConfUtils.java:logGet(46)) - raft.server.write.element-limit = 1024 (custom)
2023-09-15 05:01:58,271 [0a6fa645-f909-40e7-9d0d-0c6da806ec87@group-8B57097445FE-LeaderElection21] INFO  server.RaftServerConfigKeys (ConfUtils.java:logGet(46)) - raft.server.write.byte-limit = 1024 M (=1073741824) (custom)
2023-09-15 05:01:58,272 [0a6fa645-f909-40e7-9d0d-0c6da806ec87@group-8B57097445FE-LeaderElection21] INFO  server.RaftServerConfigKeys (ConfUtils.java:logGet(46)) - raft.server.watch.timeout = 180s (custom)
2023-09-15 05:01:58,272 [0a6fa645-f909-40e7-9d0d-0c6da806ec87@group-8B57097445FE-LeaderElection21] INFO  server.RaftServerConfigKeys (ConfUtils.java:logGet(46)) - raft.server.watch.timeout.denomination = 1s (default)
2023-09-15 05:01:58,272 [0a6fa645-f909-40e7-9d0d-0c6da806ec87@group-8B57097445FE-LeaderElection21] INFO  server.RaftServerConfigKeys (ConfUtils.java:logGet(46)) - raft.server.watch.element-limit = 65536 (default)
2023-09-15 05:01:58,272 [0a6fa645-f909-40e7-9d0d-0c6da806ec87@group-8B57097445FE-LeaderElection21] INFO  server.RaftServerConfigKeys (ConfUtils.java:logGet(46)) - raft.server.write.element-limit = 1024 (custom)
2023-09-15 05:01:58,272 [0a6fa645-f909-40e7-9d0d-0c6da806ec87@group-8B57097445FE-LeaderElection21] INFO  server.RaftServerConfigKeys (ConfUtils.java:logGet(46)) - raft.server.write.follower.gap.ratio.max = -1.0 (default)
2023-09-15 05:01:58,272 [0a6fa645-f909-40e7-9d0d-0c6da806ec87@group-8B57097445FE-LeaderElection21] INFO  server.RaftServerConfigKeys (ConfUtils.java:logGet(46)) - raft.server.log.appender.snapshot.chunk.size.max = 16MB (=16777216) (default)
2023-09-15 05:01:58,272 [0a6fa645-f909-40e7-9d0d-0c6da806ec87@group-8B57097445FE-LeaderElection21] INFO  server.RaftServerConfigKeys (ConfUtils.java:logGet(46)) - raft.server.log.appender.buffer.byte-limit = 33554432 (custom)
2023-09-15 05:01:58,272 [0a6fa645-f909-40e7-9d0d-0c6da806ec87@group-8B57097445FE-LeaderElection21] INFO  server.RaftServerConfigKeys (ConfUtils.java:logGet(46)) - raft.server.log.appender.buffer.element-limit = 1 (custom)
2023-09-15 05:01:58,273 [0a6fa645-f909-40e7-9d0d-0c6da806ec87@group-8B57097445FE-LeaderElection21] INFO  server.RaftServerConfigKeys (ConfUtils.java:logGet(46)) - raft.server.log.appender.wait-time.min = 10ms (default)
2023-09-15 05:01:58,273 [0a6fa645-f909-40e7-9d0d-0c6da806ec87@group-8B57097445FE-LeaderElection21] INFO  grpc.GrpcConfigKeys (ConfUtils.java:logGet(46)) - raft.grpc.server.leader.outstanding.appends.max = 128 (default)
2023-09-15 05:01:58,273 [0a6fa645-f909-40e7-9d0d-0c6da806ec87@group-8B57097445FE-LeaderElection21] INFO  server.RaftServerConfigKeys (ConfUtils.java:logGet(46)) - raft.server.rpc.request.timeout = 60s (custom)
2023-09-15 05:01:58,273 [0a6fa645-f909-40e7-9d0d-0c6da806ec87@group-8B57097445FE-LeaderElection21] INFO  grpc.GrpcConfigKeys (ConfUtils.java:logGet(46)) - raft.grpc.server.install_snapshot.request.element-limit = 8 (default)
2023-09-15 05:01:58,273 [0a6fa645-f909-40e7-9d0d-0c6da806ec87@group-8B57097445FE-LeaderElection21] INFO  grpc.GrpcConfigKeys (ConfUtils.java:logGet(46)) - raft.grpc.server.install_snapshot.request.timeout = 3000ms (default)
2023-09-15 05:01:58,273 [0a6fa645-f909-40e7-9d0d-0c6da806ec87@group-8B57097445FE-LeaderElection21] INFO  server.RaftServerConfigKeys (ConfUtils.java:logGet(46)) - raft.server.log.appender.install.snapshot.enabled = false (custom)
2023-09-15 05:01:58,273 [0a6fa645-f909-40e7-9d0d-0c6da806ec87@group-8B57097445FE-LeaderElection21] INFO  grpc.GrpcConfigKeys (ConfUtils.java:logGet(46)) - raft.grpc.server.heartbeat.channel = true (default)
2023-09-15 05:01:58,274 [0a6fa645-f909-40e7-9d0d-0c6da806ec87@group-8B57097445FE-LeaderElection21] INFO  server.RaftServerConfigKeys (ConfUtils.java:logGet(46)) - raft.server.log.appender.snapshot.chunk.size.max = 16MB (=16777216) (default)
2023-09-15 05:01:58,275 [EventQueue-PipelineReportForPipelineReportHandler] INFO  pipeline.PipelineReportHandler (PipelineReportHandler.java:processPipelineReport(136)) - Opened pipeline PipelineID=ed3cce30-e7bf-4ce3-80a3-8b57097445fe
2023-09-15 05:01:58,275 [0a6fa645-f909-40e7-9d0d-0c6da806ec87@group-8B57097445FE-LeaderElection21] INFO  server.RaftServerConfigKeys (ConfUtils.java:logGet(46)) - raft.server.log.appender.buffer.byte-limit = 33554432 (custom)
2023-09-15 05:01:58,275 [0a6fa645-f909-40e7-9d0d-0c6da806ec87@group-8B57097445FE-LeaderElection21] INFO  server.RaftServerConfigKeys (ConfUtils.java:logGet(46)) - raft.server.log.appender.buffer.element-limit = 1 (custom)
2023-09-15 05:01:58,275 [0a6fa645-f909-40e7-9d0d-0c6da806ec87@group-8B57097445FE-LeaderElection21] INFO  server.RaftServerConfigKeys (ConfUtils.java:logGet(46)) - raft.server.log.appender.wait-time.min = 10ms (default)
2023-09-15 05:01:58,275 [0a6fa645-f909-40e7-9d0d-0c6da806ec87@group-8B57097445FE-LeaderElection21] INFO  grpc.GrpcConfigKeys (ConfUtils.java:logGet(46)) - raft.grpc.server.leader.outstanding.appends.max = 128 (default)
2023-09-15 05:01:58,275 [0a6fa645-f909-40e7-9d0d-0c6da806ec87@group-8B57097445FE-LeaderElection21] INFO  server.RaftServerConfigKeys (ConfUtils.java:logGet(46)) - raft.server.rpc.request.timeout = 60s (custom)
2023-09-15 05:01:58,275 [0a6fa645-f909-40e7-9d0d-0c6da806ec87@group-8B57097445FE-LeaderElection21] INFO  grpc.GrpcConfigKeys (ConfUtils.java:logGet(46)) - raft.grpc.server.install_snapshot.request.element-limit = 8 (default)
2023-09-15 05:01:58,275 [0a6fa645-f909-40e7-9d0d-0c6da806ec87@group-8B57097445FE-LeaderElection21] INFO  grpc.GrpcConfigKeys (ConfUtils.java:logGet(46)) - raft.grpc.server.install_snapshot.request.timeout = 3000ms (default)
2023-09-15 05:01:58,276 [0a6fa645-f909-40e7-9d0d-0c6da806ec87@group-8B57097445FE-LeaderElection21] INFO  server.RaftServerConfigKeys (ConfUtils.java:logGet(46)) - raft.server.log.appender.install.snapshot.enabled = false (custom)
2023-09-15 05:01:58,276 [0a6fa645-f909-40e7-9d0d-0c6da806ec87@group-8B57097445FE-LeaderElection21] INFO  grpc.GrpcConfigKeys (ConfUtils.java:logGet(46)) - raft.grpc.server.heartbeat.channel = true (default)
2023-09-15 05:01:58,276 [0a6fa645-f909-40e7-9d0d-0c6da806ec87@group-8B57097445FE-LeaderElection21] INFO  impl.RoleInfo (RoleInfo.java:updateAndGet(139)) - 0a6fa645-f909-40e7-9d0d-0c6da806ec87: start 0a6fa645-f909-40e7-9d0d-0c6da806ec87@group-8B57097445FE-LeaderStateImpl
2023-09-15 05:01:58,276 [0a6fa645-f909-40e7-9d0d-0c6da806ec87@group-8B57097445FE-LeaderElection21] INFO  segmented.SegmentedRaftLogWorker (SegmentedRaftLogWorker.java:startLogSegment(447)) - 0a6fa645-f909-40e7-9d0d-0c6da806ec87@group-8B57097445FE-SegmentedRaftLogWorker: Starting segment from index:0
2023-09-15 05:01:58,281 [0a6fa645-f909-40e7-9d0d-0c6da806ec87@group-8B57097445FE-SegmentedRaftLogWorker] INFO  segmented.SegmentedRaftLogWorker (SegmentedRaftLogWorker.java:execute(651)) - 0a6fa645-f909-40e7-9d0d-0c6da806ec87@group-8B57097445FE-SegmentedRaftLogWorker: created new log segment /home/runner/work/ozone/ozone/hadoop-ozone/integration-test/target/test-dir/MiniOzoneClusterImpl-0a18362f-1832-4b81-b629-935968d04e12/datanode-3/data/ratis/ed3cce30-e7bf-4ce3-80a3-8b57097445fe/current/log_inprogress_0
2023-09-15 05:01:58,302 [0a6fa645-f909-40e7-9d0d-0c6da806ec87@group-8B57097445FE-LeaderElection21] INFO  server.RaftServer$Division (ServerState.java:setRaftConf(434)) - 0a6fa645-f909-40e7-9d0d-0c6da806ec87@group-8B57097445FE: set configuration 0: peers:[0a6fa645-f909-40e7-9d0d-0c6da806ec87|rpc:10.1.0.24:15041|admin:10.1.0.24:15040|client:10.1.0.24:15039|dataStream:10.1.0.24:15042|priority:1|startupRole:FOLLOWER, ddd75f10-d1e9-4189-b9ef-e4896743935a|rpc:10.1.0.24:15059|admin:10.1.0.24:15058|client:10.1.0.24:15057|dataStream:10.1.0.24:15060|priority:0|startupRole:FOLLOWER, 01e3e3a9-29b9-4c52-904d-7d79db62114f|rpc:10.1.0.24:15050|admin:10.1.0.24:15049|client:10.1.0.24:15048|dataStream:10.1.0.24:15051|priority:0|startupRole:FOLLOWER]|listeners:[], old=null
2023-09-15 05:01:58,302 [ddd75f10-d1e9-4189-b9ef-e4896743935a-server-thread1] INFO  ratis.XceiverServerRatis (XceiverServerRatis.java:handleLeaderChangedNotification(902)) - Leader change notification received for group: group-8B57097445FE with new leaderId: 0a6fa645-f909-40e7-9d0d-0c6da806ec87
2023-09-15 05:01:58,303 [ddd75f10-d1e9-4189-b9ef-e4896743935a-server-thread1] INFO  server.RaftServer$Division (ServerState.java:setLeader(317)) - ddd75f10-d1e9-4189-b9ef-e4896743935a@group-8B57097445FE: change Leader from null to 0a6fa645-f909-40e7-9d0d-0c6da806ec87 at term 1 for appendEntries, leader elected after 10655ms
2023-09-15 05:01:58,323 [01e3e3a9-29b9-4c52-904d-7d79db62114f-server-thread1] INFO  ratis.XceiverServerRatis (XceiverServerRatis.java:handleLeaderChangedNotification(902)) - Leader change notification received for group: group-8B57097445FE with new leaderId: 0a6fa645-f909-40e7-9d0d-0c6da806ec87
2023-09-15 05:01:58,323 [01e3e3a9-29b9-4c52-904d-7d79db62114f-server-thread1] INFO  server.RaftServer$Division (ServerState.java:setLeader(317)) - 01e3e3a9-29b9-4c52-904d-7d79db62114f@group-8B57097445FE: change Leader from null to 0a6fa645-f909-40e7-9d0d-0c6da806ec87 at term 1 for appendEntries, leader elected after 10616ms
2023-09-15 05:01:58,324 [ddd75f10-d1e9-4189-b9ef-e4896743935a-server-thread3] INFO  server.RaftServer$Division (ServerState.java:setRaftConf(434)) - ddd75f10-d1e9-4189-b9ef-e4896743935a@group-8B57097445FE: set configuration 0: peers:[0a6fa645-f909-40e7-9d0d-0c6da806ec87|rpc:10.1.0.24:15041|admin:10.1.0.24:15040|client:10.1.0.24:15039|dataStream:10.1.0.24:15042|priority:1|startupRole:FOLLOWER, ddd75f10-d1e9-4189-b9ef-e4896743935a|rpc:10.1.0.24:15059|admin:10.1.0.24:15058|client:10.1.0.24:15057|dataStream:10.1.0.24:15060|priority:0|startupRole:FOLLOWER, 01e3e3a9-29b9-4c52-904d-7d79db62114f|rpc:10.1.0.24:15050|admin:10.1.0.24:15049|client:10.1.0.24:15048|dataStream:10.1.0.24:15051|priority:0|startupRole:FOLLOWER]|listeners:[], old=null
2023-09-15 05:01:58,324 [ddd75f10-d1e9-4189-b9ef-e4896743935a-server-thread3] INFO  segmented.SegmentedRaftLogWorker (SegmentedRaftLogWorker.java:startLogSegment(447)) - ddd75f10-d1e9-4189-b9ef-e4896743935a@group-8B57097445FE-SegmentedRaftLogWorker: Starting segment from index:0
2023-09-15 05:01:58,332 [ddd75f10-d1e9-4189-b9ef-e4896743935a@group-8B57097445FE-SegmentedRaftLogWorker] INFO  segmented.SegmentedRaftLogWorker (SegmentedRaftLogWorker.java:execute(651)) - ddd75f10-d1e9-4189-b9ef-e4896743935a@group-8B57097445FE-SegmentedRaftLogWorker: created new log segment /home/runner/work/ozone/ozone/hadoop-ozone/integration-test/target/test-dir/MiniOzoneClusterImpl-0a18362f-1832-4b81-b629-935968d04e12/datanode-5/data/ratis/ed3cce30-e7bf-4ce3-80a3-8b57097445fe/current/log_inprogress_0
2023-09-15 05:01:58,344 [01e3e3a9-29b9-4c52-904d-7d79db62114f-server-thread2] INFO  server.RaftServer$Division (ServerState.java:setRaftConf(434)) - 01e3e3a9-29b9-4c52-904d-7d79db62114f@group-8B57097445FE: set configuration 0: peers:[0a6fa645-f909-40e7-9d0d-0c6da806ec87|rpc:10.1.0.24:15041|admin:10.1.0.24:15040|client:10.1.0.24:15039|dataStream:10.1.0.24:15042|priority:1|startupRole:FOLLOWER, ddd75f10-d1e9-4189-b9ef-e4896743935a|rpc:10.1.0.24:15059|admin:10.1.0.24:15058|client:10.1.0.24:15057|dataStream:10.1.0.24:15060|priority:0|startupRole:FOLLOWER, 01e3e3a9-29b9-4c52-904d-7d79db62114f|rpc:10.1.0.24:15050|admin:10.1.0.24:15049|client:10.1.0.24:15048|dataStream:10.1.0.24:15051|priority:0|startupRole:FOLLOWER]|listeners:[], old=null
2023-09-15 05:01:58,345 [01e3e3a9-29b9-4c52-904d-7d79db62114f-server-thread2] INFO  segmented.SegmentedRaftLogWorker (SegmentedRaftLogWorker.java:startLogSegment(447)) - 01e3e3a9-29b9-4c52-904d-7d79db62114f@group-8B57097445FE-SegmentedRaftLogWorker: Starting segment from index:0
2023-09-15 05:01:58,348 [01e3e3a9-29b9-4c52-904d-7d79db62114f@group-8B57097445FE-SegmentedRaftLogWorker] INFO  segmented.SegmentedRaftLogWorker (SegmentedRaftLogWorker.java:execute(651)) - 01e3e3a9-29b9-4c52-904d-7d79db62114f@group-8B57097445FE-SegmentedRaftLogWorker: created new log segment /home/runner/work/ozone/ozone/hadoop-ozone/integration-test/target/test-dir/MiniOzoneClusterImpl-0a18362f-1832-4b81-b629-935968d04e12/datanode-4/data/ratis/ed3cce30-e7bf-4ce3-80a3-8b57097445fe/current/log_inprogress_0
2023-09-15 05:01:58,590 [OM StateMachine ApplyTransaction Thread - 0] DEBUG db.CodecBuffer (CodecBuffer.java:setCapacity(212)) - setCapacity: 4096 -> 10890, max=2147483647
2023-09-15 05:01:58,608 [IPC Server handler 3 on default port 15001] WARN  node.SCMNodeManager (SCMNodeManager.java:getNodesByAddress(1373)) - Cannot find node for address 127.0.0.1
2023-09-15 05:01:58,609 [IPC Server handler 10 on default port 15001] WARN  node.SCMNodeManager (SCMNodeManager.java:getNodesByAddress(1373)) - Cannot find node for address 127.0.0.1
2023-09-15 05:01:58,610 [IPC Server handler 1 on default port 15001] WARN  node.SCMNodeManager (SCMNodeManager.java:getNodesByAddress(1373)) - Cannot find node for address 127.0.0.1
2023-09-15 05:01:58,611 [IPC Server handler 2 on default port 15001] WARN  node.SCMNodeManager (SCMNodeManager.java:getNodesByAddress(1373)) - Cannot find node for address 127.0.0.1
2023-09-15 05:01:58,612 [IPC Server handler 12 on default port 15001] WARN  node.SCMNodeManager (SCMNodeManager.java:getNodesByAddress(1373)) - Cannot find node for address 127.0.0.1
2023-09-15 05:01:58,613 [IPC Server handler 7 on default port 15001] WARN  node.SCMNodeManager (SCMNodeManager.java:getNodesByAddress(1373)) - Cannot find node for address 127.0.0.1
2023-09-15 05:01:58,614 [IPC Server handler 14 on default port 15001] WARN  node.SCMNodeManager (SCMNodeManager.java:getNodesByAddress(1373)) - Cannot find node for address 127.0.0.1
2023-09-15 05:01:58,615 [IPC Server handler 11 on default port 15001] WARN  node.SCMNodeManager (SCMNodeManager.java:getNodesByAddress(1373)) - Cannot find node for address 127.0.0.1
2023-09-15 05:01:58,616 [IPC Server handler 15 on default port 15001] WARN  node.SCMNodeManager (SCMNodeManager.java:getNodesByAddress(1373)) - Cannot find node for address 127.0.0.1
]]></system-out>
  </testcase>
  <testcase name="mpuWithLink(BucketLayout)[2]" classname="org.apache.hadoop.ozone.client.rpc.TestOzoneAtRestEncryption" time="1.789">
    <system-out><![CDATA[2023-09-15 05:02:00,260 [main] INFO  rpc.RpcClient (RpcClient.java:createVolume(461)) - Creating Volume: 881866e2-328f-4129-9baf-44fb66ecab8d, with runner as owner and space quota set to -1 bytes, counts quota set to -1
2023-09-15 05:02:00,265 [OM StateMachine ApplyTransaction Thread - 0] INFO  volume.OMVolumeCreateRequest (OMVolumeCreateRequest.java:validateAndUpdateCache(196)) - created volume:881866e2-328f-4129-9baf-44fb66ecab8d for user:runner
2023-09-15 05:02:00,268 [main] INFO  rpc.RpcClient (RpcClient.java:createBucket(688)) - Creating Bucket: 881866e2-328f-4129-9baf-44fb66ecab8d/8626ffb0-aeb7-4f98-9ab7-e21100c10468, with bucket layout OBJECT_STORE, runner as owner, Versioning false, Storage Type set to DISK and Encryption set to true, Replication Type set to server-side default replication type, Namespace Quota set to -1, Space Quota set to -1 
2023-09-15 05:02:00,271 [qtp1742235652-18] INFO  kms-audit (SimpleKMSAuditLogger.java:logAuditSimpleFormat(93)) - OK[op=GET_METADATA, key=key1, user=runner] 
2023-09-15 05:02:00,274 [OM StateMachine ApplyTransaction Thread - 0] INFO  bucket.OMBucketCreateRequest (OMBucketCreateRequest.java:validateAndUpdateCache(270)) - created bucket: 8626ffb0-aeb7-4f98-9ab7-e21100c10468 of layout OBJECT_STORE in volume: 881866e2-328f-4129-9baf-44fb66ecab8d
2023-09-15 05:02:00,277 [main] INFO  rpc.RpcClient (RpcClient.java:createVolume(461)) - Creating Volume: 3ee798ce-bb4d-4cf8-bdbc-89e37fb7fad8, with runner as owner and space quota set to -1 bytes, counts quota set to -1
2023-09-15 05:02:00,280 [OM StateMachine ApplyTransaction Thread - 0] INFO  volume.OMVolumeCreateRequest (OMVolumeCreateRequest.java:validateAndUpdateCache(196)) - created volume:3ee798ce-bb4d-4cf8-bdbc-89e37fb7fad8 for user:runner
2023-09-15 05:02:00,282 [main] INFO  rpc.RpcClient (RpcClient.java:createBucket(688)) - Creating Bucket: 3ee798ce-bb4d-4cf8-bdbc-89e37fb7fad8/f41cae7b-fd76-4d2d-b1a1-3fbfdcf59b45, with server-side default bucket layout, runner as owner, Versioning false, Storage Type set to DISK and Encryption set to false, Replication Type set to server-side default replication type, Namespace Quota set to -1, Space Quota set to -1 
2023-09-15 05:02:00,285 [OM StateMachine ApplyTransaction Thread - 0] INFO  bucket.OMBucketCreateRequest (OMBucketCreateRequest.java:validateAndUpdateCache(270)) - created bucket: f41cae7b-fd76-4d2d-b1a1-3fbfdcf59b45 of layout FILE_SYSTEM_OPTIMIZED in volume: 3ee798ce-bb4d-4cf8-bdbc-89e37fb7fad8
2023-09-15 05:02:01,123 [OM StateMachine ApplyTransaction Thread - 0] DEBUG db.CodecBuffer (CodecBuffer.java:setCapacity(212)) - setCapacity: 4096 -> 10870, max=2147483647
2023-09-15 05:02:01,132 [IPC Server handler 6 on default port 15001] WARN  node.SCMNodeManager (SCMNodeManager.java:getNodesByAddress(1373)) - Cannot find node for address 127.0.0.1
2023-09-15 05:02:01,133 [IPC Server handler 3 on default port 15001] WARN  node.SCMNodeManager (SCMNodeManager.java:getNodesByAddress(1373)) - Cannot find node for address 127.0.0.1
2023-09-15 05:02:01,134 [IPC Server handler 10 on default port 15001] WARN  node.SCMNodeManager (SCMNodeManager.java:getNodesByAddress(1373)) - Cannot find node for address 127.0.0.1
2023-09-15 05:02:01,135 [IPC Server handler 1 on default port 15001] WARN  node.SCMNodeManager (SCMNodeManager.java:getNodesByAddress(1373)) - Cannot find node for address 127.0.0.1
2023-09-15 05:02:01,136 [IPC Server handler 2 on default port 15001] WARN  node.SCMNodeManager (SCMNodeManager.java:getNodesByAddress(1373)) - Cannot find node for address 127.0.0.1
2023-09-15 05:02:01,137 [IPC Server handler 12 on default port 15001] WARN  node.SCMNodeManager (SCMNodeManager.java:getNodesByAddress(1373)) - Cannot find node for address 127.0.0.1
2023-09-15 05:02:01,138 [IPC Server handler 7 on default port 15001] WARN  node.SCMNodeManager (SCMNodeManager.java:getNodesByAddress(1373)) - Cannot find node for address 127.0.0.1
2023-09-15 05:02:01,139 [IPC Server handler 14 on default port 15001] WARN  node.SCMNodeManager (SCMNodeManager.java:getNodesByAddress(1373)) - Cannot find node for address 127.0.0.1
]]></system-out>
  </testcase>
  <testcase name="mpuWithLink(BucketLayout)[3]" classname="org.apache.hadoop.ozone.client.rpc.TestOzoneAtRestEncryption" time="1.419">
    <system-out><![CDATA[2023-09-15 05:02:02,052 [main] INFO  rpc.RpcClient (RpcClient.java:createVolume(461)) - Creating Volume: 0cefd99a-4659-4694-aa04-5f58eb079bb6, with runner as owner and space quota set to -1 bytes, counts quota set to -1
2023-09-15 05:02:02,056 [OM StateMachine ApplyTransaction Thread - 0] INFO  volume.OMVolumeCreateRequest (OMVolumeCreateRequest.java:validateAndUpdateCache(196)) - created volume:0cefd99a-4659-4694-aa04-5f58eb079bb6 for user:runner
2023-09-15 05:02:02,060 [main] INFO  rpc.RpcClient (RpcClient.java:createBucket(688)) - Creating Bucket: 0cefd99a-4659-4694-aa04-5f58eb079bb6/d315f7e1-17e4-40a9-a8c3-b4ce0314f1a3, with bucket layout LEGACY, runner as owner, Versioning false, Storage Type set to DISK and Encryption set to true, Replication Type set to server-side default replication type, Namespace Quota set to -1, Space Quota set to -1 
2023-09-15 05:02:02,063 [qtp1742235652-21] INFO  kms-audit (SimpleKMSAuditLogger.java:logAuditSimpleFormat(93)) - OK[op=GET_METADATA, key=key1, user=runner] 
2023-09-15 05:02:02,069 [OM StateMachine ApplyTransaction Thread - 0] INFO  bucket.OMBucketCreateRequest (OMBucketCreateRequest.java:validateAndUpdateCache(270)) - created bucket: d315f7e1-17e4-40a9-a8c3-b4ce0314f1a3 of layout LEGACY in volume: 0cefd99a-4659-4694-aa04-5f58eb079bb6
2023-09-15 05:02:02,073 [main] INFO  rpc.RpcClient (RpcClient.java:createVolume(461)) - Creating Volume: 70ebd725-86fd-436f-9acc-a431aba3653a, with runner as owner and space quota set to -1 bytes, counts quota set to -1
2023-09-15 05:02:02,075 [OM StateMachine ApplyTransaction Thread - 0] INFO  volume.OMVolumeCreateRequest (OMVolumeCreateRequest.java:validateAndUpdateCache(196)) - created volume:70ebd725-86fd-436f-9acc-a431aba3653a for user:runner
2023-09-15 05:02:02,078 [main] INFO  rpc.RpcClient (RpcClient.java:createBucket(688)) - Creating Bucket: 70ebd725-86fd-436f-9acc-a431aba3653a/35115f58-28bc-466c-acbb-85efaa7297cd, with server-side default bucket layout, runner as owner, Versioning false, Storage Type set to DISK and Encryption set to false, Replication Type set to server-side default replication type, Namespace Quota set to -1, Space Quota set to -1 
2023-09-15 05:02:02,081 [OM StateMachine ApplyTransaction Thread - 0] INFO  bucket.OMBucketCreateRequest (OMBucketCreateRequest.java:validateAndUpdateCache(270)) - created bucket: 35115f58-28bc-466c-acbb-85efaa7297cd of layout FILE_SYSTEM_OPTIMIZED in volume: 70ebd725-86fd-436f-9acc-a431aba3653a
2023-09-15 05:02:02,779 [OM StateMachine ApplyTransaction Thread - 0] DEBUG db.CodecBuffer (CodecBuffer.java:setCapacity(212)) - setCapacity: 4096 -> 10878, max=2147483647
2023-09-15 05:02:02,787 [IPC Server handler 6 on default port 15001] WARN  node.SCMNodeManager (SCMNodeManager.java:getNodesByAddress(1373)) - Cannot find node for address 127.0.0.1
2023-09-15 05:02:02,788 [IPC Server handler 1 on default port 15001] WARN  node.SCMNodeManager (SCMNodeManager.java:getNodesByAddress(1373)) - Cannot find node for address 127.0.0.1
2023-09-15 05:02:02,789 [IPC Server handler 2 on default port 15001] WARN  node.SCMNodeManager (SCMNodeManager.java:getNodesByAddress(1373)) - Cannot find node for address 127.0.0.1
2023-09-15 05:02:02,790 [IPC Server handler 10 on default port 15001] WARN  node.SCMNodeManager (SCMNodeManager.java:getNodesByAddress(1373)) - Cannot find node for address 127.0.0.1
2023-09-15 05:02:02,791 [IPC Server handler 3 on default port 15001] WARN  node.SCMNodeManager (SCMNodeManager.java:getNodesByAddress(1373)) - Cannot find node for address 127.0.0.1
2023-09-15 05:02:02,792 [IPC Server handler 12 on default port 15001] WARN  node.SCMNodeManager (SCMNodeManager.java:getNodesByAddress(1373)) - Cannot find node for address 127.0.0.1
2023-09-15 05:02:02,793 [IPC Server handler 7 on default port 15001] WARN  node.SCMNodeManager (SCMNodeManager.java:getNodesByAddress(1373)) - Cannot find node for address 127.0.0.1
]]></system-out>
  </testcase>
  <testcase name="testLinkEncryptedBuckets(BucketLayout)[1]" classname="org.apache.hadoop.ozone.client.rpc.TestOzoneAtRestEncryption" time="0.187">
    <system-out><![CDATA[2023-09-15 05:02:03,479 [main] INFO  rpc.RpcClient (RpcClient.java:createVolume(461)) - Creating Volume: 0cad1b9c-e0cf-4b46-a179-9823ffcaa560, with runner as owner and space quota set to -1 bytes, counts quota set to -1
2023-09-15 05:02:03,484 [OM StateMachine ApplyTransaction Thread - 0] INFO  volume.OMVolumeCreateRequest (OMVolumeCreateRequest.java:validateAndUpdateCache(196)) - created volume:0cad1b9c-e0cf-4b46-a179-9823ffcaa560 for user:runner
2023-09-15 05:02:03,490 [main] INFO  rpc.RpcClient (RpcClient.java:createBucket(688)) - Creating Bucket: 0cad1b9c-e0cf-4b46-a179-9823ffcaa560/96c17c73-6169-451f-8381-ac5e1af6b05d, with bucket layout FILE_SYSTEM_OPTIMIZED, runner as owner, Versioning false, Storage Type set to DISK and Encryption set to true, Replication Type set to server-side default replication type, Namespace Quota set to -1, Space Quota set to -1 
2023-09-15 05:02:03,502 [qtp1742235652-20] INFO  kms-audit (SimpleKMSAuditLogger.java:logAuditSimpleFormat(93)) - OK[op=GET_METADATA, key=key1, user=runner] 
2023-09-15 05:02:03,507 [OM StateMachine ApplyTransaction Thread - 0] INFO  bucket.OMBucketCreateRequest (OMBucketCreateRequest.java:validateAndUpdateCache(270)) - created bucket: 96c17c73-6169-451f-8381-ac5e1af6b05d of layout FILE_SYSTEM_OPTIMIZED in volume: 0cad1b9c-e0cf-4b46-a179-9823ffcaa560
2023-09-15 05:02:03,511 [main] INFO  rpc.RpcClient (RpcClient.java:createVolume(461)) - Creating Volume: 7cc69277-c6f9-48df-bdd0-90e6674e9d0c, with runner as owner and space quota set to -1 bytes, counts quota set to -1
2023-09-15 05:02:03,514 [OM StateMachine ApplyTransaction Thread - 0] INFO  volume.OMVolumeCreateRequest (OMVolumeCreateRequest.java:validateAndUpdateCache(196)) - created volume:7cc69277-c6f9-48df-bdd0-90e6674e9d0c for user:runner
2023-09-15 05:02:03,518 [main] INFO  rpc.RpcClient (RpcClient.java:createBucket(688)) - Creating Bucket: 7cc69277-c6f9-48df-bdd0-90e6674e9d0c/8881fd72-1c7f-4320-8749-1277dcccd77d, with server-side default bucket layout, runner as owner, Versioning false, Storage Type set to DISK and Encryption set to false, Replication Type set to server-side default replication type, Namespace Quota set to -1, Space Quota set to -1 
2023-09-15 05:02:03,520 [OM StateMachine ApplyTransaction Thread - 0] INFO  bucket.OMBucketCreateRequest (OMBucketCreateRequest.java:validateAndUpdateCache(270)) - created bucket: 8881fd72-1c7f-4320-8749-1277dcccd77d of layout FILE_SYSTEM_OPTIMIZED in volume: 7cc69277-c6f9-48df-bdd0-90e6674e9d0c
2023-09-15 05:02:03,561 [IPC Server handler 9 on default port 15001] WARN  node.SCMNodeManager (SCMNodeManager.java:getNodesByAddress(1373)) - Cannot find node for address 127.0.0.1
2023-09-15 05:02:03,564 [IPC Server handler 13 on default port 15001] WARN  node.SCMNodeManager (SCMNodeManager.java:getNodesByAddress(1373)) - Cannot find node for address 127.0.0.1
2023-09-15 05:02:03,644 [IPC Server handler 6 on default port 15001] WARN  node.SCMNodeManager (SCMNodeManager.java:getNodesByAddress(1373)) - Cannot find node for address 127.0.0.1
2023-09-15 05:02:03,648 [IPC Server handler 1 on default port 15001] WARN  node.SCMNodeManager (SCMNodeManager.java:getNodesByAddress(1373)) - Cannot find node for address 127.0.0.1
]]></system-out>
  </testcase>
  <testcase name="testLinkEncryptedBuckets(BucketLayout)[2]" classname="org.apache.hadoop.ozone.client.rpc.TestOzoneAtRestEncryption" time="0.147">
    <system-out><![CDATA[2023-09-15 05:02:03,667 [main] INFO  rpc.RpcClient (RpcClient.java:createVolume(461)) - Creating Volume: fb553cfd-ef19-44e3-81e7-f5405311707e, with runner as owner and space quota set to -1 bytes, counts quota set to -1
2023-09-15 05:02:03,671 [OM StateMachine ApplyTransaction Thread - 0] INFO  volume.OMVolumeCreateRequest (OMVolumeCreateRequest.java:validateAndUpdateCache(196)) - created volume:fb553cfd-ef19-44e3-81e7-f5405311707e for user:runner
2023-09-15 05:02:03,675 [main] INFO  rpc.RpcClient (RpcClient.java:createBucket(688)) - Creating Bucket: fb553cfd-ef19-44e3-81e7-f5405311707e/5e7ecffd-8d9e-44b7-98ca-be34d5984938, with bucket layout OBJECT_STORE, runner as owner, Versioning false, Storage Type set to DISK and Encryption set to true, Replication Type set to server-side default replication type, Namespace Quota set to -1, Space Quota set to -1 
2023-09-15 05:02:03,677 [qtp1742235652-21] INFO  kms-audit (SimpleKMSAuditLogger.java:logAuditSimpleFormat(93)) - OK[op=GET_METADATA, key=key1, user=runner] 
2023-09-15 05:02:03,681 [OM StateMachine ApplyTransaction Thread - 0] INFO  bucket.OMBucketCreateRequest (OMBucketCreateRequest.java:validateAndUpdateCache(270)) - created bucket: 5e7ecffd-8d9e-44b7-98ca-be34d5984938 of layout OBJECT_STORE in volume: fb553cfd-ef19-44e3-81e7-f5405311707e
2023-09-15 05:02:03,684 [main] INFO  rpc.RpcClient (RpcClient.java:createVolume(461)) - Creating Volume: 3e135ced-5af2-47ba-9fc3-9ac72a5bc550, with runner as owner and space quota set to -1 bytes, counts quota set to -1
2023-09-15 05:02:03,686 [OM StateMachine ApplyTransaction Thread - 0] INFO  volume.OMVolumeCreateRequest (OMVolumeCreateRequest.java:validateAndUpdateCache(196)) - created volume:3e135ced-5af2-47ba-9fc3-9ac72a5bc550 for user:runner
2023-09-15 05:02:03,689 [main] INFO  rpc.RpcClient (RpcClient.java:createBucket(688)) - Creating Bucket: 3e135ced-5af2-47ba-9fc3-9ac72a5bc550/830fdca7-fa5a-43d7-b162-0d1001eaa5c0, with server-side default bucket layout, runner as owner, Versioning false, Storage Type set to DISK and Encryption set to false, Replication Type set to server-side default replication type, Namespace Quota set to -1, Space Quota set to -1 
2023-09-15 05:02:03,691 [OM StateMachine ApplyTransaction Thread - 0] INFO  bucket.OMBucketCreateRequest (OMBucketCreateRequest.java:validateAndUpdateCache(270)) - created bucket: 830fdca7-fa5a-43d7-b162-0d1001eaa5c0 of layout FILE_SYSTEM_OPTIMIZED in volume: 3e135ced-5af2-47ba-9fc3-9ac72a5bc550
2023-09-15 05:02:03,723 [IPC Server handler 10 on default port 15001] WARN  node.SCMNodeManager (SCMNodeManager.java:getNodesByAddress(1373)) - Cannot find node for address 127.0.0.1
2023-09-15 05:02:03,726 [IPC Server handler 3 on default port 15001] WARN  node.SCMNodeManager (SCMNodeManager.java:getNodesByAddress(1373)) - Cannot find node for address 127.0.0.1
2023-09-15 05:02:03,795 [IPC Server handler 14 on default port 15001] WARN  node.SCMNodeManager (SCMNodeManager.java:getNodesByAddress(1373)) - Cannot find node for address 127.0.0.1
2023-09-15 05:02:03,799 [IPC Server handler 11 on default port 15001] WARN  node.SCMNodeManager (SCMNodeManager.java:getNodesByAddress(1373)) - Cannot find node for address 127.0.0.1
]]></system-out>
  </testcase>
  <testcase name="testLinkEncryptedBuckets(BucketLayout)[3]" classname="org.apache.hadoop.ozone.client.rpc.TestOzoneAtRestEncryption" time="0.221">
    <system-out><![CDATA[2023-09-15 05:02:03,814 [main] INFO  rpc.RpcClient (RpcClient.java:createVolume(461)) - Creating Volume: 3151692d-e5b1-4b95-84f7-5712db60b4d3, with runner as owner and space quota set to -1 bytes, counts quota set to -1
2023-09-15 05:02:03,818 [OM StateMachine ApplyTransaction Thread - 0] INFO  volume.OMVolumeCreateRequest (OMVolumeCreateRequest.java:validateAndUpdateCache(196)) - created volume:3151692d-e5b1-4b95-84f7-5712db60b4d3 for user:runner
2023-09-15 05:02:03,820 [main] INFO  rpc.RpcClient (RpcClient.java:createBucket(688)) - Creating Bucket: 3151692d-e5b1-4b95-84f7-5712db60b4d3/2d2cda3c-5308-4c98-a2bd-c9c0c8fdb0df, with bucket layout LEGACY, runner as owner, Versioning false, Storage Type set to DISK and Encryption set to true, Replication Type set to server-side default replication type, Namespace Quota set to -1, Space Quota set to -1 
2023-09-15 05:02:03,823 [qtp1742235652-20] INFO  kms-audit (SimpleKMSAuditLogger.java:logAuditSimpleFormat(93)) - OK[op=GET_METADATA, key=key1, user=runner] 
2023-09-15 05:02:03,826 [OM StateMachine ApplyTransaction Thread - 0] INFO  bucket.OMBucketCreateRequest (OMBucketCreateRequest.java:validateAndUpdateCache(270)) - created bucket: 2d2cda3c-5308-4c98-a2bd-c9c0c8fdb0df of layout LEGACY in volume: 3151692d-e5b1-4b95-84f7-5712db60b4d3
2023-09-15 05:02:03,829 [main] INFO  rpc.RpcClient (RpcClient.java:createVolume(461)) - Creating Volume: 2dd3a891-477d-434c-9cb6-3770520485d0, with runner as owner and space quota set to -1 bytes, counts quota set to -1
2023-09-15 05:02:03,832 [OM StateMachine ApplyTransaction Thread - 0] INFO  volume.OMVolumeCreateRequest (OMVolumeCreateRequest.java:validateAndUpdateCache(196)) - created volume:2dd3a891-477d-434c-9cb6-3770520485d0 for user:runner
2023-09-15 05:02:03,834 [main] INFO  rpc.RpcClient (RpcClient.java:createBucket(688)) - Creating Bucket: 2dd3a891-477d-434c-9cb6-3770520485d0/40962b32-2cdc-4ee5-96bd-38db335e0d17, with server-side default bucket layout, runner as owner, Versioning false, Storage Type set to DISK and Encryption set to false, Replication Type set to server-side default replication type, Namespace Quota set to -1, Space Quota set to -1 
2023-09-15 05:02:03,837 [OM StateMachine ApplyTransaction Thread - 0] INFO  bucket.OMBucketCreateRequest (OMBucketCreateRequest.java:validateAndUpdateCache(270)) - created bucket: 40962b32-2cdc-4ee5-96bd-38db335e0d17 of layout FILE_SYSTEM_OPTIMIZED in volume: 2dd3a891-477d-434c-9cb6-3770520485d0
2023-09-15 05:02:03,868 [IPC Server handler 16 on default port 15001] WARN  node.SCMNodeManager (SCMNodeManager.java:getNodesByAddress(1373)) - Cannot find node for address 127.0.0.1
2023-09-15 05:02:03,871 [IPC Server handler 18 on default port 15001] WARN  node.SCMNodeManager (SCMNodeManager.java:getNodesByAddress(1373)) - Cannot find node for address 127.0.0.1
2023-09-15 05:02:03,900 [main] INFO  client.DataStreamClient (ConfUtils.java:logGet(46)) - raft.datastream.type = NETTY (custom)
2023-09-15 05:02:03,900 [main] INFO  netty.NettyConfigKeys$DataStream (ConfUtils.java:logGet(46)) - raft.netty.dataStream.client.tls.conf = null (default)
2023-09-15 05:02:03,901 [main] INFO  netty.NettyConfigKeys$DataStream (ConfUtils.java:logGet(46)) - raft.netty.dataStream.client.reply.queue.grace-period = 1s (default)
2023-09-15 05:02:03,901 [main] INFO  netty.NettyConfigKeys$DataStream (ConfUtils.java:logGet(46)) - raft.netty.dataStream.client.worker-group.share = false (default)
2023-09-15 05:02:03,901 [main] INFO  netty.NettyConfigKeys$DataStream (ConfUtils.java:logGet(46)) - raft.netty.dataStream.client.worker-group.size = 4 (default)
2023-09-15 05:02:03,916 [01e3e3a9-29b9-4c52-904d-7d79db62114f-NettyServerStreamRpc-bossGroup--thread1] INFO  logging.LoggingHandler (AbstractInternalLogger.java:log(148)) - [id: 0xc005fc40, L:/0:0:0:0:0:0:0:0:15051] READ: [id: 0x884a1028, L:/10.1.0.24:15051 - R:/10.1.0.24:35548]
2023-09-15 05:02:03,920 [01e3e3a9-29b9-4c52-904d-7d79db62114f-NettyServerStreamRpc-bossGroup--thread1] INFO  logging.LoggingHandler (AbstractInternalLogger.java:log(148)) - [id: 0xc005fc40, L:/0:0:0:0:0:0:0:0:15051] READ COMPLETE
2023-09-15 05:02:04,017 [IPC Server handler 19 on default port 15001] WARN  node.SCMNodeManager (SCMNodeManager.java:getNodesByAddress(1373)) - Cannot find node for address 127.0.0.1
2023-09-15 05:02:04,020 [IPC Server handler 5 on default port 15001] WARN  node.SCMNodeManager (SCMNodeManager.java:getNodesByAddress(1373)) - Cannot find node for address 127.0.0.1
]]></system-out>
  </testcase>
  <testcase name="testGetKeyProvider" classname="org.apache.hadoop.ozone.client.rpc.TestOzoneAtRestEncryption" time="2.249">
    <system-out><![CDATA[2023-09-15 05:02:05,785 [kms-audit_thread] INFO  kms-audit (SimpleKMSAuditLogger.java:logAuditEvent(59)) - OK[op=GENERATE_EEK, key=key1, user=runner, accessCount=2, interval=10756ms] 
2023-09-15 05:02:05,786 [kms-audit_thread] INFO  kms-audit (SimpleKMSAuditLogger.java:logAuditEvent(59)) - OK[op=DECRYPT_EEK, key=key1, user=runner, accessCount=33, interval=10234ms] 
]]></system-out>
  </testcase>
  <testcase name="mpuThreePartsOverride(BucketLayout)[1]" classname="org.apache.hadoop.ozone.client.rpc.TestOzoneAtRestEncryption" time="6.959">
    <system-out><![CDATA[2023-09-15 05:02:06,299 [main] INFO  rpc.RpcClient (RpcClient.java:createVolume(461)) - Creating Volume: ea6f6026-6182-4f4f-8e75-8304ef608d74, with runner as owner and space quota set to -1 bytes, counts quota set to -1
2023-09-15 05:02:06,304 [OM StateMachine ApplyTransaction Thread - 0] INFO  volume.OMVolumeCreateRequest (OMVolumeCreateRequest.java:validateAndUpdateCache(196)) - created volume:ea6f6026-6182-4f4f-8e75-8304ef608d74 for user:runner
2023-09-15 05:02:06,311 [main] INFO  rpc.RpcClient (RpcClient.java:createBucket(688)) - Creating Bucket: ea6f6026-6182-4f4f-8e75-8304ef608d74/96472cf0-9c78-45e6-9dc5-00ec58074271, with bucket layout FILE_SYSTEM_OPTIMIZED, runner as owner, Versioning false, Storage Type set to DISK and Encryption set to true, Replication Type set to server-side default replication type, Namespace Quota set to -1, Space Quota set to -1 
2023-09-15 05:02:06,317 [qtp1742235652-20] INFO  kms-audit (SimpleKMSAuditLogger.java:logAuditSimpleFormat(93)) - OK[op=GET_METADATA, key=key1, user=runner] 
2023-09-15 05:02:06,324 [OM StateMachine ApplyTransaction Thread - 0] INFO  bucket.OMBucketCreateRequest (OMBucketCreateRequest.java:validateAndUpdateCache(270)) - created bucket: 96472cf0-9c78-45e6-9dc5-00ec58074271 of layout FILE_SYSTEM_OPTIMIZED in volume: ea6f6026-6182-4f4f-8e75-8304ef608d74
2023-09-15 05:02:06,384 [qtp1742235652-20] ERROR generators.WadlGeneratorJAXBGrammarGenerator (WadlGeneratorJAXBGrammarGenerator.java:buildModelAndSchemas(207)) - Failed to generate the schema for the JAX-B elements
com.sun.xml.bind.v2.runtime.IllegalAnnotationsException: 1 counts of IllegalAnnotationExceptions
java.util.Map is an interface, and JAXB can't handle interfaces.
	this problem is related to the following location:
		at java.util.Map

	at com.sun.xml.bind.v2.runtime.IllegalAnnotationsException$Builder.check(IllegalAnnotationsException.java:106)
	at com.sun.xml.bind.v2.runtime.JAXBContextImpl.getTypeInfoSet(JAXBContextImpl.java:471)
	at com.sun.xml.bind.v2.runtime.JAXBContextImpl.<init>(JAXBContextImpl.java:303)
	at com.sun.xml.bind.v2.runtime.JAXBContextImpl.<init>(JAXBContextImpl.java:139)
	at com.sun.xml.bind.v2.runtime.JAXBContextImpl$JAXBContextBuilder.build(JAXBContextImpl.java:1156)
	at com.sun.xml.bind.v2.ContextFactory.createContext(ContextFactory.java:165)
	at sun.reflect.NativeMethodAccessorImpl.invoke0(Native Method)
	at sun.reflect.NativeMethodAccessorImpl.invoke(NativeMethodAccessorImpl.java:62)
	at sun.reflect.DelegatingMethodAccessorImpl.invoke(DelegatingMethodAccessorImpl.java:43)
	at java.lang.reflect.Method.invoke(Method.java:498)
	at javax.xml.bind.ContextFinder.newInstance(ContextFinder.java:247)
	at javax.xml.bind.ContextFinder.newInstance(ContextFinder.java:234)
	at javax.xml.bind.ContextFinder.find(ContextFinder.java:441)
	at javax.xml.bind.JAXBContext.newInstance(JAXBContext.java:641)
	at javax.xml.bind.JAXBContext.newInstance(JAXBContext.java:584)
	at com.sun.jersey.server.wadl.generators.WadlGeneratorJAXBGrammarGenerator.buildModelAndSchemas(WadlGeneratorJAXBGrammarGenerator.java:169)
	at com.sun.jersey.server.wadl.generators.AbstractWadlGeneratorGrammarGenerator.createExternalGrammar(AbstractWadlGeneratorGrammarGenerator.java:405)
	at com.sun.jersey.server.wadl.WadlBuilder.generate(WadlBuilder.java:149)
	at com.sun.jersey.server.impl.wadl.WadlApplicationContextImpl.getApplication(WadlApplicationContextImpl.java:119)
	at com.sun.jersey.server.impl.wadl.WadlApplicationContextImpl.getApplication(WadlApplicationContextImpl.java:138)
	at com.sun.jersey.server.impl.wadl.WadlMethodFactory$WadlOptionsMethodDispatcher.dispatch(WadlMethodFactory.java:110)
	at com.sun.jersey.server.impl.uri.rules.HttpMethodRule.accept(HttpMethodRule.java:302)
	at com.sun.jersey.server.impl.uri.rules.RightHandPathRule.accept(RightHandPathRule.java:147)
	at com.sun.jersey.server.impl.uri.rules.ResourceClassRule.accept(ResourceClassRule.java:108)
	at com.sun.jersey.server.impl.uri.rules.RightHandPathRule.accept(RightHandPathRule.java:147)
	at com.sun.jersey.server.impl.uri.rules.RootResourceClassesRule.accept(RootResourceClassesRule.java:84)
	at com.sun.jersey.server.impl.application.WebApplicationImpl._handleRequest(WebApplicationImpl.java:1542)
	at com.sun.jersey.server.impl.application.WebApplicationImpl._handleRequest(WebApplicationImpl.java:1473)
	at com.sun.jersey.server.impl.application.WebApplicationImpl.handleRequest(WebApplicationImpl.java:1419)
	at com.sun.jersey.server.impl.application.WebApplicationImpl.handleRequest(WebApplicationImpl.java:1409)
	at com.sun.jersey.spi.container.servlet.WebComponent.service(WebComponent.java:409)
	at com.sun.jersey.spi.container.servlet.ServletContainer.service(ServletContainer.java:558)
	at com.sun.jersey.spi.container.servlet.ServletContainer.service(ServletContainer.java:733)
	at javax.servlet.http.HttpServlet.service(HttpServlet.java:590)
	at org.eclipse.jetty.servlet.ServletHolder$NotAsync.service(ServletHolder.java:1459)
	at org.eclipse.jetty.servlet.ServletHolder.handle(ServletHolder.java:799)
	at org.eclipse.jetty.servlet.ServletHandler$ChainEnd.doFilter(ServletHandler.java:1656)
	at org.apache.hadoop.crypto.key.kms.server.KMSMDCFilter.doFilter(KMSMDCFilter.java:98)
	at org.eclipse.jetty.servlet.FilterHolder.doFilter(FilterHolder.java:193)
	at org.eclipse.jetty.servlet.ServletHandler$Chain.doFilter(ServletHandler.java:1626)
	at org.apache.hadoop.security.authentication.server.AuthenticationFilter.doFilter(AuthenticationFilter.java:650)
	at org.apache.hadoop.security.token.delegation.web.DelegationTokenAuthenticationFilter.doFilter(DelegationTokenAuthenticationFilter.java:305)
	at org.apache.hadoop.security.authentication.server.AuthenticationFilter.doFilter(AuthenticationFilter.java:592)
	at org.apache.hadoop.crypto.key.kms.server.KMSAuthenticationFilter.doFilter(KMSAuthenticationFilter.java:162)
	at org.eclipse.jetty.servlet.FilterHolder.doFilter(FilterHolder.java:201)
	at org.eclipse.jetty.servlet.ServletHandler$Chain.doFilter(ServletHandler.java:1626)
	at org.apache.hadoop.http.lib.StaticUserWebFilter$StaticUserFilter.doFilter(StaticUserWebFilter.java:110)
	at org.eclipse.jetty.servlet.FilterHolder.doFilter(FilterHolder.java:193)
	at org.eclipse.jetty.servlet.ServletHandler$Chain.doFilter(ServletHandler.java:1626)
	at org.apache.hadoop.http.HttpServer2$QuotingInputFilter.doFilter(HttpServer2.java:1794)
	at org.eclipse.jetty.servlet.FilterHolder.doFilter(FilterHolder.java:193)
	at org.eclipse.jetty.servlet.ServletHandler$Chain.doFilter(ServletHandler.java:1626)
	at org.apache.hadoop.http.NoCacheFilter.doFilter(NoCacheFilter.java:45)
	at org.eclipse.jetty.servlet.FilterHolder.doFilter(FilterHolder.java:193)
	at org.eclipse.jetty.servlet.ServletHandler$Chain.doFilter(ServletHandler.java:1626)
	at org.eclipse.jetty.servlet.ServletHandler.doHandle(ServletHandler.java:552)
	at org.eclipse.jetty.server.handler.ScopedHandler.handle(ScopedHandler.java:143)
	at org.eclipse.jetty.security.SecurityHandler.handle(SecurityHandler.java:600)
	at org.eclipse.jetty.server.handler.HandlerWrapper.handle(HandlerWrapper.java:127)
	at org.eclipse.jetty.server.handler.ScopedHandler.nextHandle(ScopedHandler.java:235)
	at org.eclipse.jetty.server.session.SessionHandler.doHandle(SessionHandler.java:1624)
	at org.eclipse.jetty.server.handler.ScopedHandler.nextHandle(ScopedHandler.java:233)
	at org.eclipse.jetty.server.handler.ContextHandler.doHandle(ContextHandler.java:1440)
	at org.eclipse.jetty.server.handler.ScopedHandler.nextScope(ScopedHandler.java:188)
	at org.eclipse.jetty.servlet.ServletHandler.doScope(ServletHandler.java:505)
	at org.eclipse.jetty.server.session.SessionHandler.doScope(SessionHandler.java:1594)
	at org.eclipse.jetty.server.handler.ScopedHandler.nextScope(ScopedHandler.java:186)
	at org.eclipse.jetty.server.handler.ContextHandler.doScope(ContextHandler.java:1355)
	at org.eclipse.jetty.server.handler.ScopedHandler.handle(ScopedHandler.java:141)
	at org.eclipse.jetty.server.handler.HandlerCollection.handle(HandlerCollection.java:146)
	at org.eclipse.jetty.server.handler.HandlerWrapper.handle(HandlerWrapper.java:127)
	at org.eclipse.jetty.server.Server.handle(Server.java:512)
	at org.eclipse.jetty.server.HttpChannel.lambda$handle$1(HttpChannel.java:487)
	at org.eclipse.jetty.server.HttpChannel.dispatch(HttpChannel.java:732)
	at org.eclipse.jetty.server.HttpChannel.handle(HttpChannel.java:479)
	at org.eclipse.jetty.server.HttpConnection.onFillable(HttpConnection.java:277)
	at org.eclipse.jetty.io.AbstractConnection$ReadCallback.succeeded(AbstractConnection.java:311)
	at org.eclipse.jetty.io.FillInterest.fillable(FillInterest.java:105)
	at org.eclipse.jetty.io.ChannelEndPoint$1.run(ChannelEndPoint.java:104)
	at org.eclipse.jetty.util.thread.strategy.EatWhatYouKill.runTask(EatWhatYouKill.java:338)
	at org.eclipse.jetty.util.thread.strategy.EatWhatYouKill.doProduce(EatWhatYouKill.java:315)
	at org.eclipse.jetty.util.thread.strategy.EatWhatYouKill.tryProduce(EatWhatYouKill.java:173)
	at org.eclipse.jetty.util.thread.strategy.EatWhatYouKill.run(EatWhatYouKill.java:131)
	at org.eclipse.jetty.util.thread.ReservedThreadExecutor$ReservedThread.run(ReservedThreadExecutor.java:409)
	at org.eclipse.jetty.util.thread.QueuedThreadPool.runJob(QueuedThreadPool.java:883)
	at org.eclipse.jetty.util.thread.QueuedThreadPool$Runner.run(QueuedThreadPool.java:1034)
	at java.lang.Thread.run(Thread.java:750)
2023-09-15 05:02:06,392 [qtp1742235652-20] INFO  generators.AbstractWadlGeneratorGrammarGenerator (AbstractWadlGeneratorGrammarGenerator.java:attachTypes(479)) - Couldn't find grammar element for class javax.ws.rs.core.Response
2023-09-15 05:02:06,392 [qtp1742235652-20] INFO  generators.AbstractWadlGeneratorGrammarGenerator (AbstractWadlGeneratorGrammarGenerator.java:attachTypes(479)) - Couldn't find grammar element for class java.util.Map
2023-09-15 05:02:06,392 [qtp1742235652-20] INFO  generators.AbstractWadlGeneratorGrammarGenerator (AbstractWadlGeneratorGrammarGenerator.java:attachTypes(479)) - Couldn't find grammar element for class javax.ws.rs.core.Response
2023-09-15 05:02:06,393 [qtp1742235652-20] INFO  generators.AbstractWadlGeneratorGrammarGenerator (AbstractWadlGeneratorGrammarGenerator.java:attachTypes(479)) - Couldn't find grammar element for class java.util.Map
2023-09-15 05:02:06,394 [qtp1742235652-20] INFO  generators.AbstractWadlGeneratorGrammarGenerator (AbstractWadlGeneratorGrammarGenerator.java:attachTypes(479)) - Couldn't find grammar element for class javax.ws.rs.core.Response
2023-09-15 05:02:06,394 [qtp1742235652-20] INFO  generators.AbstractWadlGeneratorGrammarGenerator (AbstractWadlGeneratorGrammarGenerator.java:attachTypes(479)) - Couldn't find grammar element for class java.util.Map
2023-09-15 05:02:06,394 [qtp1742235652-20] INFO  generators.AbstractWadlGeneratorGrammarGenerator (AbstractWadlGeneratorGrammarGenerator.java:attachTypes(479)) - Couldn't find grammar element for class java.util.Map
2023-09-15 05:02:06,399 [qtp1742235652-20] INFO  generators.AbstractWadlGeneratorGrammarGenerator (AbstractWadlGeneratorGrammarGenerator.java:attachTypes(479)) - Couldn't find grammar element for class java.util.Map
2023-09-15 05:02:08,679 [OM StateMachine ApplyTransaction Thread - 0] DEBUG db.CodecBuffer (CodecBuffer.java:setCapacity(212)) - setCapacity: 4096 -> 10903, max=2147483647
2023-09-15 05:02:08,692 [OM StateMachine ApplyTransaction Thread - 0] DEBUG db.CodecBuffer (CodecBuffer.java:setCapacity(212)) - setCapacity: 4096 -> 20573, max=2147483647
2023-09-15 05:02:08,711 [IPC Server handler 7 on default port 15001] WARN  node.SCMNodeManager (SCMNodeManager.java:getNodesByAddress(1373)) - Cannot find node for address 127.0.0.1
2023-09-15 05:02:08,713 [IPC Server handler 14 on default port 15001] WARN  node.SCMNodeManager (SCMNodeManager.java:getNodesByAddress(1373)) - Cannot find node for address 127.0.0.1
2023-09-15 05:02:08,714 [IPC Server handler 11 on default port 15001] WARN  node.SCMNodeManager (SCMNodeManager.java:getNodesByAddress(1373)) - Cannot find node for address 127.0.0.1
2023-09-15 05:02:08,716 [IPC Server handler 15 on default port 15001] WARN  node.SCMNodeManager (SCMNodeManager.java:getNodesByAddress(1373)) - Cannot find node for address 127.0.0.1
2023-09-15 05:02:08,717 [IPC Server handler 16 on default port 15001] WARN  node.SCMNodeManager (SCMNodeManager.java:getNodesByAddress(1373)) - Cannot find node for address 127.0.0.1
2023-09-15 05:02:08,718 [IPC Server handler 18 on default port 15001] WARN  node.SCMNodeManager (SCMNodeManager.java:getNodesByAddress(1373)) - Cannot find node for address 127.0.0.1
2023-09-15 05:02:08,719 [IPC Server handler 17 on default port 15001] WARN  node.SCMNodeManager (SCMNodeManager.java:getNodesByAddress(1373)) - Cannot find node for address 127.0.0.1
2023-09-15 05:02:08,720 [IPC Server handler 19 on default port 15001] WARN  node.SCMNodeManager (SCMNodeManager.java:getNodesByAddress(1373)) - Cannot find node for address 127.0.0.1
2023-09-15 05:02:08,722 [IPC Server handler 5 on default port 15001] WARN  node.SCMNodeManager (SCMNodeManager.java:getNodesByAddress(1373)) - Cannot find node for address 127.0.0.1
2023-09-15 05:02:08,723 [IPC Server handler 12 on default port 15001] WARN  node.SCMNodeManager (SCMNodeManager.java:getNodesByAddress(1373)) - Cannot find node for address 127.0.0.1
2023-09-15 05:02:11,816 [OM StateMachine ApplyTransaction Thread - 0] DEBUG db.CodecBuffer (CodecBuffer.java:setCapacity(212)) - setCapacity: 4096 -> 10902, max=2147483647
2023-09-15 05:02:11,826 [OM StateMachine ApplyTransaction Thread - 0] DEBUG db.CodecBuffer (CodecBuffer.java:setCapacity(212)) - setCapacity: 4096 -> 20572, max=2147483647
2023-09-15 05:02:11,844 [IPC Server handler 0 on default port 15001] WARN  node.SCMNodeManager (SCMNodeManager.java:getNodesByAddress(1373)) - Cannot find node for address 127.0.0.1
2023-09-15 05:02:11,845 [IPC Server handler 4 on default port 15001] WARN  node.SCMNodeManager (SCMNodeManager.java:getNodesByAddress(1373)) - Cannot find node for address 127.0.0.1
2023-09-15 05:02:11,847 [IPC Server handler 13 on default port 15001] WARN  node.SCMNodeManager (SCMNodeManager.java:getNodesByAddress(1373)) - Cannot find node for address 127.0.0.1
2023-09-15 05:02:11,848 [IPC Server handler 7 on default port 15001] WARN  node.SCMNodeManager (SCMNodeManager.java:getNodesByAddress(1373)) - Cannot find node for address 127.0.0.1
2023-09-15 05:02:11,849 [IPC Server handler 14 on default port 15001] WARN  node.SCMNodeManager (SCMNodeManager.java:getNodesByAddress(1373)) - Cannot find node for address 127.0.0.1
2023-09-15 05:02:11,850 [IPC Server handler 11 on default port 15001] WARN  node.SCMNodeManager (SCMNodeManager.java:getNodesByAddress(1373)) - Cannot find node for address 127.0.0.1
2023-09-15 05:02:11,851 [IPC Server handler 15 on default port 15001] WARN  node.SCMNodeManager (SCMNodeManager.java:getNodesByAddress(1373)) - Cannot find node for address 127.0.0.1
2023-09-15 05:02:11,852 [IPC Server handler 16 on default port 15001] WARN  node.SCMNodeManager (SCMNodeManager.java:getNodesByAddress(1373)) - Cannot find node for address 127.0.0.1
2023-09-15 05:02:11,853 [IPC Server handler 18 on default port 15001] WARN  node.SCMNodeManager (SCMNodeManager.java:getNodesByAddress(1373)) - Cannot find node for address 127.0.0.1
2023-09-15 05:02:11,853 [IPC Server handler 17 on default port 15001] WARN  node.SCMNodeManager (SCMNodeManager.java:getNodesByAddress(1373)) - Cannot find node for address 127.0.0.1
]]></system-out>
  </testcase>
  <testcase name="mpuThreePartsOverride(BucketLayout)[2]" classname="org.apache.hadoop.ozone.client.rpc.TestOzoneAtRestEncryption" time="3.584">
    <system-out><![CDATA[2023-09-15 05:02:13,257 [main] INFO  rpc.RpcClient (RpcClient.java:createVolume(461)) - Creating Volume: 6fbe6a61-5412-4132-8f7c-0a4d1eca91b6, with runner as owner and space quota set to -1 bytes, counts quota set to -1
2023-09-15 05:02:13,260 [OM StateMachine ApplyTransaction Thread - 0] INFO  volume.OMVolumeCreateRequest (OMVolumeCreateRequest.java:validateAndUpdateCache(196)) - created volume:6fbe6a61-5412-4132-8f7c-0a4d1eca91b6 for user:runner
2023-09-15 05:02:13,264 [main] INFO  rpc.RpcClient (RpcClient.java:createBucket(688)) - Creating Bucket: 6fbe6a61-5412-4132-8f7c-0a4d1eca91b6/c7874358-163a-406a-94d7-1a2bc685afee, with bucket layout OBJECT_STORE, runner as owner, Versioning false, Storage Type set to DISK and Encryption set to true, Replication Type set to server-side default replication type, Namespace Quota set to -1, Space Quota set to -1 
2023-09-15 05:02:13,275 [qtp1742235652-21] INFO  kms-audit (SimpleKMSAuditLogger.java:logAuditSimpleFormat(93)) - OK[op=GET_METADATA, key=key1, user=runner] 
2023-09-15 05:02:13,281 [OM StateMachine ApplyTransaction Thread - 0] INFO  bucket.OMBucketCreateRequest (OMBucketCreateRequest.java:validateAndUpdateCache(270)) - created bucket: c7874358-163a-406a-94d7-1a2bc685afee of layout OBJECT_STORE in volume: 6fbe6a61-5412-4132-8f7c-0a4d1eca91b6
2023-09-15 05:02:14,098 [OM StateMachine ApplyTransaction Thread - 0] DEBUG db.CodecBuffer (CodecBuffer.java:setCapacity(212)) - setCapacity: 4096 -> 10891, max=2147483647
2023-09-15 05:02:14,105 [OM StateMachine ApplyTransaction Thread - 0] DEBUG db.CodecBuffer (CodecBuffer.java:setCapacity(212)) - setCapacity: 4096 -> 20561, max=2147483647
2023-09-15 05:02:14,112 [IPC Server handler 8 on default port 15001] WARN  node.SCMNodeManager (SCMNodeManager.java:getNodesByAddress(1373)) - Cannot find node for address 127.0.0.1
2023-09-15 05:02:14,113 [IPC Server handler 0 on default port 15001] WARN  node.SCMNodeManager (SCMNodeManager.java:getNodesByAddress(1373)) - Cannot find node for address 127.0.0.1
2023-09-15 05:02:14,114 [IPC Server handler 4 on default port 15001] WARN  node.SCMNodeManager (SCMNodeManager.java:getNodesByAddress(1373)) - Cannot find node for address 127.0.0.1
2023-09-15 05:02:14,115 [IPC Server handler 13 on default port 15001] WARN  node.SCMNodeManager (SCMNodeManager.java:getNodesByAddress(1373)) - Cannot find node for address 127.0.0.1
2023-09-15 05:02:14,116 [IPC Server handler 7 on default port 15001] WARN  node.SCMNodeManager (SCMNodeManager.java:getNodesByAddress(1373)) - Cannot find node for address 127.0.0.1
2023-09-15 05:02:14,117 [IPC Server handler 14 on default port 15001] WARN  node.SCMNodeManager (SCMNodeManager.java:getNodesByAddress(1373)) - Cannot find node for address 127.0.0.1
2023-09-15 05:02:14,118 [IPC Server handler 11 on default port 15001] WARN  node.SCMNodeManager (SCMNodeManager.java:getNodesByAddress(1373)) - Cannot find node for address 127.0.0.1
2023-09-15 05:02:14,119 [IPC Server handler 15 on default port 15001] WARN  node.SCMNodeManager (SCMNodeManager.java:getNodesByAddress(1373)) - Cannot find node for address 127.0.0.1
2023-09-15 05:02:14,120 [IPC Server handler 16 on default port 15001] WARN  node.SCMNodeManager (SCMNodeManager.java:getNodesByAddress(1373)) - Cannot find node for address 127.0.0.1
2023-09-15 05:02:14,121 [IPC Server handler 18 on default port 15001] WARN  node.SCMNodeManager (SCMNodeManager.java:getNodesByAddress(1373)) - Cannot find node for address 127.0.0.1
2023-09-15 05:02:15,869 [OM StateMachine ApplyTransaction Thread - 0] DEBUG db.CodecBuffer (CodecBuffer.java:setCapacity(212)) - setCapacity: 4096 -> 10880, max=2147483647
2023-09-15 05:02:15,874 [OM StateMachine ApplyTransaction Thread - 0] DEBUG db.CodecBuffer (CodecBuffer.java:setCapacity(212)) - setCapacity: 4096 -> 20546, max=2147483647
2023-09-15 05:02:15,883 [IPC Server handler 1 on default port 15001] WARN  node.SCMNodeManager (SCMNodeManager.java:getNodesByAddress(1373)) - Cannot find node for address 127.0.0.1
2023-09-15 05:02:15,884 [IPC Server handler 6 on default port 15001] WARN  node.SCMNodeManager (SCMNodeManager.java:getNodesByAddress(1373)) - Cannot find node for address 127.0.0.1
2023-09-15 05:02:15,885 [IPC Server handler 9 on default port 15001] WARN  node.SCMNodeManager (SCMNodeManager.java:getNodesByAddress(1373)) - Cannot find node for address 127.0.0.1
2023-09-15 05:02:15,886 [IPC Server handler 8 on default port 15001] WARN  node.SCMNodeManager (SCMNodeManager.java:getNodesByAddress(1373)) - Cannot find node for address 127.0.0.1
2023-09-15 05:02:15,887 [IPC Server handler 0 on default port 15001] WARN  node.SCMNodeManager (SCMNodeManager.java:getNodesByAddress(1373)) - Cannot find node for address 127.0.0.1
2023-09-15 05:02:15,888 [IPC Server handler 4 on default port 15001] WARN  node.SCMNodeManager (SCMNodeManager.java:getNodesByAddress(1373)) - Cannot find node for address 127.0.0.1
2023-09-15 05:02:15,889 [IPC Server handler 13 on default port 15001] WARN  node.SCMNodeManager (SCMNodeManager.java:getNodesByAddress(1373)) - Cannot find node for address 127.0.0.1
2023-09-15 05:02:15,890 [IPC Server handler 7 on default port 15001] WARN  node.SCMNodeManager (SCMNodeManager.java:getNodesByAddress(1373)) - Cannot find node for address 127.0.0.1
2023-09-15 05:02:15,891 [IPC Server handler 14 on default port 15001] WARN  node.SCMNodeManager (SCMNodeManager.java:getNodesByAddress(1373)) - Cannot find node for address 127.0.0.1
2023-09-15 05:02:15,898 [qtp1742235652-20] INFO  kms-audit (SimpleKMSAuditLogger.java:logAuditEvent(59)) - OK[op=DECRYPT_EEK, key=key1, user=runner, accessCount=15, interval=20346ms] 
2023-09-15 05:02:15,903 [qtp1742235652-20] INFO  kms-audit (SimpleKMSAuditLogger.java:logAuditEvent(59)) - OK[op=DECRYPT_EEK, key=key1, user=runner, accessCount=1, interval=4ms] 
]]></system-out>
  </testcase>
  <testcase name="mpuThreePartsOverride(BucketLayout)[3]" classname="org.apache.hadoop.ozone.client.rpc.TestOzoneAtRestEncryption" time="3.039">
    <system-out><![CDATA[2023-09-15 05:02:16,842 [main] INFO  rpc.RpcClient (RpcClient.java:createVolume(461)) - Creating Volume: ea657823-7c96-4724-9acb-1aececab8df7, with runner as owner and space quota set to -1 bytes, counts quota set to -1
2023-09-15 05:02:16,846 [OM StateMachine ApplyTransaction Thread - 0] INFO  volume.OMVolumeCreateRequest (OMVolumeCreateRequest.java:validateAndUpdateCache(196)) - created volume:ea657823-7c96-4724-9acb-1aececab8df7 for user:runner
2023-09-15 05:02:16,849 [main] INFO  rpc.RpcClient (RpcClient.java:createBucket(688)) - Creating Bucket: ea657823-7c96-4724-9acb-1aececab8df7/b8ba97f7-5a37-476d-b2f3-ba24b12c66db, with bucket layout LEGACY, runner as owner, Versioning false, Storage Type set to DISK and Encryption set to true, Replication Type set to server-side default replication type, Namespace Quota set to -1, Space Quota set to -1 
2023-09-15 05:02:16,852 [qtp1742235652-21] INFO  kms-audit (SimpleKMSAuditLogger.java:logAuditSimpleFormat(93)) - OK[op=GET_METADATA, key=key1, user=runner] 
2023-09-15 05:02:16,855 [OM StateMachine ApplyTransaction Thread - 0] INFO  bucket.OMBucketCreateRequest (OMBucketCreateRequest.java:validateAndUpdateCache(270)) - created bucket: b8ba97f7-5a37-476d-b2f3-ba24b12c66db of layout LEGACY in volume: ea657823-7c96-4724-9acb-1aececab8df7
2023-09-15 05:02:17,533 [OM StateMachine ApplyTransaction Thread - 0] DEBUG db.CodecBuffer (CodecBuffer.java:setCapacity(212)) - setCapacity: 4096 -> 10881, max=2147483647
2023-09-15 05:02:17,539 [OM StateMachine ApplyTransaction Thread - 0] DEBUG db.CodecBuffer (CodecBuffer.java:setCapacity(212)) - setCapacity: 4096 -> 20535, max=2147483647
2023-09-15 05:02:17,544 [IPC Server handler 5 on default port 15001] WARN  node.SCMNodeManager (SCMNodeManager.java:getNodesByAddress(1373)) - Cannot find node for address 127.0.0.1
2023-09-15 05:02:17,545 [IPC Server handler 12 on default port 15001] WARN  node.SCMNodeManager (SCMNodeManager.java:getNodesByAddress(1373)) - Cannot find node for address 127.0.0.1
2023-09-15 05:02:17,546 [IPC Server handler 3 on default port 15001] WARN  node.SCMNodeManager (SCMNodeManager.java:getNodesByAddress(1373)) - Cannot find node for address 127.0.0.1
2023-09-15 05:02:17,547 [IPC Server handler 10 on default port 15001] WARN  node.SCMNodeManager (SCMNodeManager.java:getNodesByAddress(1373)) - Cannot find node for address 127.0.0.1
2023-09-15 05:02:17,548 [IPC Server handler 2 on default port 15001] WARN  node.SCMNodeManager (SCMNodeManager.java:getNodesByAddress(1373)) - Cannot find node for address 127.0.0.1
2023-09-15 05:02:17,548 [IPC Server handler 1 on default port 15001] WARN  node.SCMNodeManager (SCMNodeManager.java:getNodesByAddress(1373)) - Cannot find node for address 127.0.0.1
2023-09-15 05:02:17,549 [IPC Server handler 6 on default port 15001] WARN  node.SCMNodeManager (SCMNodeManager.java:getNodesByAddress(1373)) - Cannot find node for address 127.0.0.1
2023-09-15 05:02:17,550 [IPC Server handler 9 on default port 15001] WARN  node.SCMNodeManager (SCMNodeManager.java:getNodesByAddress(1373)) - Cannot find node for address 127.0.0.1
2023-09-15 05:02:17,551 [IPC Server handler 8 on default port 15001] WARN  node.SCMNodeManager (SCMNodeManager.java:getNodesByAddress(1373)) - Cannot find node for address 127.0.0.1
2023-09-15 05:02:17,551 [IPC Server handler 0 on default port 15001] WARN  node.SCMNodeManager (SCMNodeManager.java:getNodesByAddress(1373)) - Cannot find node for address 127.0.0.1
2023-09-15 05:02:18,784 [OM StateMachine ApplyTransaction Thread - 0] DEBUG db.CodecBuffer (CodecBuffer.java:setCapacity(212)) - setCapacity: 4096 -> 10884, max=2147483647
2023-09-15 05:02:18,789 [OM StateMachine ApplyTransaction Thread - 0] DEBUG db.CodecBuffer (CodecBuffer.java:setCapacity(212)) - setCapacity: 4096 -> 20547, max=2147483647
2023-09-15 05:02:18,794 [IPC Server handler 12 on default port 15001] WARN  node.SCMNodeManager (SCMNodeManager.java:getNodesByAddress(1373)) - Cannot find node for address 127.0.0.1
2023-09-15 05:02:18,795 [IPC Server handler 3 on default port 15001] WARN  node.SCMNodeManager (SCMNodeManager.java:getNodesByAddress(1373)) - Cannot find node for address 127.0.0.1
2023-09-15 05:02:18,796 [IPC Server handler 10 on default port 15001] WARN  node.SCMNodeManager (SCMNodeManager.java:getNodesByAddress(1373)) - Cannot find node for address 127.0.0.1
2023-09-15 05:02:18,797 [IPC Server handler 2 on default port 15001] WARN  node.SCMNodeManager (SCMNodeManager.java:getNodesByAddress(1373)) - Cannot find node for address 127.0.0.1
2023-09-15 05:02:18,797 [IPC Server handler 1 on default port 15001] WARN  node.SCMNodeManager (SCMNodeManager.java:getNodesByAddress(1373)) - Cannot find node for address 127.0.0.1
2023-09-15 05:02:18,798 [IPC Server handler 6 on default port 15001] WARN  node.SCMNodeManager (SCMNodeManager.java:getNodesByAddress(1373)) - Cannot find node for address 127.0.0.1
2023-09-15 05:02:18,799 [IPC Server handler 9 on default port 15001] WARN  node.SCMNodeManager (SCMNodeManager.java:getNodesByAddress(1373)) - Cannot find node for address 127.0.0.1
2023-09-15 05:02:18,800 [IPC Server handler 8 on default port 15001] WARN  node.SCMNodeManager (SCMNodeManager.java:getNodesByAddress(1373)) - Cannot find node for address 127.0.0.1
2023-09-15 05:02:18,800 [IPC Server handler 0 on default port 15001] WARN  node.SCMNodeManager (SCMNodeManager.java:getNodesByAddress(1373)) - Cannot find node for address 127.0.0.1
2023-09-15 05:02:18,801 [IPC Server handler 4 on default port 15001] WARN  node.SCMNodeManager (SCMNodeManager.java:getNodesByAddress(1373)) - Cannot find node for address 127.0.0.1
]]></system-out>
  </testcase>
  <testcase name="testKeyWithEncryptionAndGdpr(BucketLayout)[1]" classname="org.apache.hadoop.ozone.client.rpc.TestOzoneAtRestEncryption" time="0.143">
    <system-out><![CDATA[2023-09-15 05:02:19,894 [main] INFO  rpc.RpcClient (RpcClient.java:createVolume(461)) - Creating Volume: c59a91ae-832e-4899-b8b4-6a2b0c53eebb, with runner as owner and space quota set to -1 bytes, counts quota set to -1
2023-09-15 05:02:19,899 [OM StateMachine ApplyTransaction Thread - 0] INFO  volume.OMVolumeCreateRequest (OMVolumeCreateRequest.java:validateAndUpdateCache(196)) - created volume:c59a91ae-832e-4899-b8b4-6a2b0c53eebb for user:runner
2023-09-15 05:02:19,902 [main] INFO  rpc.RpcClient (RpcClient.java:createBucket(688)) - Creating Bucket: c59a91ae-832e-4899-b8b4-6a2b0c53eebb/164aed52-3a06-4922-9658-23fb11464719, with bucket layout FILE_SYSTEM_OPTIMIZED, runner as owner, Versioning false, Storage Type set to DISK and Encryption set to true, Replication Type set to server-side default replication type, Namespace Quota set to -1, Space Quota set to -1 
2023-09-15 05:02:19,906 [qtp1742235652-21] INFO  kms-audit (SimpleKMSAuditLogger.java:logAuditSimpleFormat(93)) - OK[op=GET_METADATA, key=key1, user=runner] 
2023-09-15 05:02:19,909 [OM StateMachine ApplyTransaction Thread - 0] INFO  bucket.OMBucketCreateRequest (OMBucketCreateRequest.java:validateAndUpdateCache(270)) - created bucket: 164aed52-3a06-4922-9658-23fb11464719 of layout FILE_SYSTEM_OPTIMIZED in volume: c59a91ae-832e-4899-b8b4-6a2b0c53eebb
2023-09-15 05:02:19,959 [IPC Server handler 7 on default port 15001] WARN  node.SCMNodeManager (SCMNodeManager.java:getNodesByAddress(1373)) - Cannot find node for address 127.0.0.1
2023-09-15 05:02:19,962 [IPC Server handler 14 on default port 15001] WARN  node.SCMNodeManager (SCMNodeManager.java:getNodesByAddress(1373)) - Cannot find node for address 127.0.0.1
]]></system-out>
  </testcase>
  <testcase name="testKeyWithEncryptionAndGdpr(BucketLayout)[2]" classname="org.apache.hadoop.ozone.client.rpc.TestOzoneAtRestEncryption" time="0.061">
    <system-out><![CDATA[2023-09-15 05:02:20,037 [main] INFO  rpc.RpcClient (RpcClient.java:createVolume(461)) - Creating Volume: c655e790-71b2-40b6-9ef1-5c2fabcc8f42, with runner as owner and space quota set to -1 bytes, counts quota set to -1
2023-09-15 05:02:20,039 [OM StateMachine ApplyTransaction Thread - 0] INFO  volume.OMVolumeCreateRequest (OMVolumeCreateRequest.java:validateAndUpdateCache(196)) - created volume:c655e790-71b2-40b6-9ef1-5c2fabcc8f42 for user:runner
2023-09-15 05:02:20,041 [main] INFO  rpc.RpcClient (RpcClient.java:createBucket(688)) - Creating Bucket: c655e790-71b2-40b6-9ef1-5c2fabcc8f42/3bdd8591-5a9c-4bb1-a788-a3e1e5c21ee3, with bucket layout OBJECT_STORE, runner as owner, Versioning false, Storage Type set to DISK and Encryption set to true, Replication Type set to server-side default replication type, Namespace Quota set to -1, Space Quota set to -1 
2023-09-15 05:02:20,043 [qtp1742235652-20] INFO  kms-audit (SimpleKMSAuditLogger.java:logAuditSimpleFormat(93)) - OK[op=GET_METADATA, key=key1, user=runner] 
2023-09-15 05:02:20,046 [OM StateMachine ApplyTransaction Thread - 0] INFO  bucket.OMBucketCreateRequest (OMBucketCreateRequest.java:validateAndUpdateCache(270)) - created bucket: 3bdd8591-5a9c-4bb1-a788-a3e1e5c21ee3 of layout OBJECT_STORE in volume: c655e790-71b2-40b6-9ef1-5c2fabcc8f42
2023-09-15 05:02:20,074 [IPC Server handler 15 on default port 15001] WARN  node.SCMNodeManager (SCMNodeManager.java:getNodesByAddress(1373)) - Cannot find node for address 127.0.0.1
2023-09-15 05:02:20,076 [IPC Server handler 16 on default port 15001] WARN  node.SCMNodeManager (SCMNodeManager.java:getNodesByAddress(1373)) - Cannot find node for address 127.0.0.1
]]></system-out>
  </testcase>
  <testcase name="testKeyWithEncryptionAndGdpr(BucketLayout)[3]" classname="org.apache.hadoop.ozone.client.rpc.TestOzoneAtRestEncryption" time="0.557">
    <system-out><![CDATA[2023-09-15 05:02:20,099 [main] INFO  rpc.RpcClient (RpcClient.java:createVolume(461)) - Creating Volume: 0f11fa59-4330-4f5e-b915-3f5cf96ebb20, with runner as owner and space quota set to -1 bytes, counts quota set to -1
2023-09-15 05:02:20,101 [OM StateMachine ApplyTransaction Thread - 0] INFO  volume.OMVolumeCreateRequest (OMVolumeCreateRequest.java:validateAndUpdateCache(196)) - created volume:0f11fa59-4330-4f5e-b915-3f5cf96ebb20 for user:runner
2023-09-15 05:02:20,103 [main] INFO  rpc.RpcClient (RpcClient.java:createBucket(688)) - Creating Bucket: 0f11fa59-4330-4f5e-b915-3f5cf96ebb20/1547940b-8846-45dd-ad85-6125c63d7baa, with bucket layout LEGACY, runner as owner, Versioning false, Storage Type set to DISK and Encryption set to true, Replication Type set to server-side default replication type, Namespace Quota set to -1, Space Quota set to -1 
2023-09-15 05:02:20,105 [qtp1742235652-21] INFO  kms-audit (SimpleKMSAuditLogger.java:logAuditSimpleFormat(93)) - OK[op=GET_METADATA, key=key1, user=runner] 
2023-09-15 05:02:20,108 [OM StateMachine ApplyTransaction Thread - 0] INFO  bucket.OMBucketCreateRequest (OMBucketCreateRequest.java:validateAndUpdateCache(270)) - created bucket: 1547940b-8846-45dd-ad85-6125c63d7baa of layout LEGACY in volume: 0f11fa59-4330-4f5e-b915-3f5cf96ebb20
2023-09-15 05:02:20,131 [IPC Server handler 17 on default port 15001] WARN  node.SCMNodeManager (SCMNodeManager.java:getNodesByAddress(1373)) - Cannot find node for address 127.0.0.1
2023-09-15 05:02:20,135 [IPC Server handler 19 on default port 15001] WARN  node.SCMNodeManager (SCMNodeManager.java:getNodesByAddress(1373)) - Cannot find node for address 127.0.0.1
]]></system-out>
  </testcase>
  <testcase name="mpuOnePart(BucketLayout)[1]" classname="org.apache.hadoop.ozone.client.rpc.TestOzoneAtRestEncryption" time="0.411">
    <system-out><![CDATA[2023-09-15 05:02:20,663 [main] INFO  rpc.RpcClient (RpcClient.java:createVolume(461)) - Creating Volume: 28537dcf-3c19-4752-b5ca-97ad52102869, with runner as owner and space quota set to -1 bytes, counts quota set to -1
2023-09-15 05:02:20,667 [OM StateMachine ApplyTransaction Thread - 0] INFO  volume.OMVolumeCreateRequest (OMVolumeCreateRequest.java:validateAndUpdateCache(196)) - created volume:28537dcf-3c19-4752-b5ca-97ad52102869 for user:runner
2023-09-15 05:02:20,669 [main] INFO  rpc.RpcClient (RpcClient.java:createBucket(688)) - Creating Bucket: 28537dcf-3c19-4752-b5ca-97ad52102869/6bb1be22-d3ec-4e3f-96e9-529763fa3fbd, with bucket layout FILE_SYSTEM_OPTIMIZED, runner as owner, Versioning false, Storage Type set to DISK and Encryption set to true, Replication Type set to server-side default replication type, Namespace Quota set to -1, Space Quota set to -1 
2023-09-15 05:02:20,673 [qtp1742235652-21] INFO  kms-audit (SimpleKMSAuditLogger.java:logAuditSimpleFormat(93)) - OK[op=GET_METADATA, key=key1, user=runner] 
2023-09-15 05:02:20,675 [OM StateMachine ApplyTransaction Thread - 0] INFO  bucket.OMBucketCreateRequest (OMBucketCreateRequest.java:validateAndUpdateCache(270)) - created bucket: 6bb1be22-d3ec-4e3f-96e9-529763fa3fbd of layout FILE_SYSTEM_OPTIMIZED in volume: 28537dcf-3c19-4752-b5ca-97ad52102869
2023-09-15 05:02:20,805 [IPC Server handler 13 on default port 15001] WARN  node.SCMNodeManager (SCMNodeManager.java:getNodesByAddress(1373)) - Cannot find node for address 127.0.0.1
2023-09-15 05:02:20,806 [IPC Server handler 7 on default port 15001] WARN  node.SCMNodeManager (SCMNodeManager.java:getNodesByAddress(1373)) - Cannot find node for address 127.0.0.1
2023-09-15 05:02:20,806 [IPC Server handler 14 on default port 15001] WARN  node.SCMNodeManager (SCMNodeManager.java:getNodesByAddress(1373)) - Cannot find node for address 127.0.0.1
2023-09-15 05:02:20,807 [IPC Server handler 11 on default port 15001] WARN  node.SCMNodeManager (SCMNodeManager.java:getNodesByAddress(1373)) - Cannot find node for address 127.0.0.1
2023-09-15 05:02:20,808 [IPC Server handler 15 on default port 15001] WARN  node.SCMNodeManager (SCMNodeManager.java:getNodesByAddress(1373)) - Cannot find node for address 127.0.0.1
]]></system-out>
  </testcase>
  <testcase name="mpuOnePart(BucketLayout)[2]" classname="org.apache.hadoop.ozone.client.rpc.TestOzoneAtRestEncryption" time="0.432">
    <system-out><![CDATA[2023-09-15 05:02:21,077 [main] INFO  rpc.RpcClient (RpcClient.java:createVolume(461)) - Creating Volume: f4e24d5d-03d2-4d4a-b1d3-7fae7dcc614a, with runner as owner and space quota set to -1 bytes, counts quota set to -1
2023-09-15 05:02:21,079 [OM StateMachine ApplyTransaction Thread - 0] INFO  volume.OMVolumeCreateRequest (OMVolumeCreateRequest.java:validateAndUpdateCache(196)) - created volume:f4e24d5d-03d2-4d4a-b1d3-7fae7dcc614a for user:runner
2023-09-15 05:02:21,084 [main] INFO  rpc.RpcClient (RpcClient.java:createBucket(688)) - Creating Bucket: f4e24d5d-03d2-4d4a-b1d3-7fae7dcc614a/36b17cba-a97b-4da1-be86-99157bb10746, with bucket layout OBJECT_STORE, runner as owner, Versioning false, Storage Type set to DISK and Encryption set to true, Replication Type set to server-side default replication type, Namespace Quota set to -1, Space Quota set to -1 
2023-09-15 05:02:21,087 [qtp1742235652-20] INFO  kms-audit (SimpleKMSAuditLogger.java:logAuditSimpleFormat(93)) - OK[op=GET_METADATA, key=key1, user=runner] 
2023-09-15 05:02:21,089 [OM StateMachine ApplyTransaction Thread - 0] INFO  bucket.OMBucketCreateRequest (OMBucketCreateRequest.java:validateAndUpdateCache(270)) - created bucket: 36b17cba-a97b-4da1-be86-99157bb10746 of layout OBJECT_STORE in volume: f4e24d5d-03d2-4d4a-b1d3-7fae7dcc614a
2023-09-15 05:02:21,231 [IPC Server handler 2 on default port 15001] WARN  node.SCMNodeManager (SCMNodeManager.java:getNodesByAddress(1373)) - Cannot find node for address 127.0.0.1
2023-09-15 05:02:21,232 [IPC Server handler 1 on default port 15001] WARN  node.SCMNodeManager (SCMNodeManager.java:getNodesByAddress(1373)) - Cannot find node for address 127.0.0.1
2023-09-15 05:02:21,233 [IPC Server handler 6 on default port 15001] WARN  node.SCMNodeManager (SCMNodeManager.java:getNodesByAddress(1373)) - Cannot find node for address 127.0.0.1
2023-09-15 05:02:21,234 [IPC Server handler 9 on default port 15001] WARN  node.SCMNodeManager (SCMNodeManager.java:getNodesByAddress(1373)) - Cannot find node for address 127.0.0.1
]]></system-out>
  </testcase>
  <testcase name="mpuOnePart(BucketLayout)[3]" classname="org.apache.hadoop.ozone.client.rpc.TestOzoneAtRestEncryption" time="0.479">
    <system-out><![CDATA[2023-09-15 05:02:21,516 [main] INFO  rpc.RpcClient (RpcClient.java:createVolume(461)) - Creating Volume: ff66da19-095c-49e0-a5d7-5285cd5f1aac, with runner as owner and space quota set to -1 bytes, counts quota set to -1
2023-09-15 05:02:21,519 [OM StateMachine ApplyTransaction Thread - 0] INFO  volume.OMVolumeCreateRequest (OMVolumeCreateRequest.java:validateAndUpdateCache(196)) - created volume:ff66da19-095c-49e0-a5d7-5285cd5f1aac for user:runner
2023-09-15 05:02:21,521 [main] INFO  rpc.RpcClient (RpcClient.java:createBucket(688)) - Creating Bucket: ff66da19-095c-49e0-a5d7-5285cd5f1aac/1f61cffd-e72b-4fc3-9a76-86998ac6b1f3, with bucket layout LEGACY, runner as owner, Versioning false, Storage Type set to DISK and Encryption set to true, Replication Type set to server-side default replication type, Namespace Quota set to -1, Space Quota set to -1 
2023-09-15 05:02:21,524 [qtp1742235652-20] INFO  kms-audit (SimpleKMSAuditLogger.java:logAuditSimpleFormat(93)) - OK[op=GET_METADATA, key=key1, user=runner] 
2023-09-15 05:02:21,527 [OM StateMachine ApplyTransaction Thread - 0] INFO  bucket.OMBucketCreateRequest (OMBucketCreateRequest.java:validateAndUpdateCache(270)) - created bucket: 1f61cffd-e72b-4fc3-9a76-86998ac6b1f3 of layout LEGACY in volume: ff66da19-095c-49e0-a5d7-5285cd5f1aac
2023-09-15 05:02:21,649 [IPC Server handler 14 on default port 15001] WARN  node.SCMNodeManager (SCMNodeManager.java:getNodesByAddress(1373)) - Cannot find node for address 127.0.0.1
2023-09-15 05:02:21,650 [IPC Server handler 11 on default port 15001] WARN  node.SCMNodeManager (SCMNodeManager.java:getNodesByAddress(1373)) - Cannot find node for address 127.0.0.1
2023-09-15 05:02:21,651 [IPC Server handler 15 on default port 15001] WARN  node.SCMNodeManager (SCMNodeManager.java:getNodesByAddress(1373)) - Cannot find node for address 127.0.0.1
2023-09-15 05:02:21,651 [IPC Server handler 16 on default port 15001] WARN  node.SCMNodeManager (SCMNodeManager.java:getNodesByAddress(1373)) - Cannot find node for address 127.0.0.1
]]></system-out>
  </testcase>
  <testcase name="mpuTwoParts(BucketLayout)[1]" classname="org.apache.hadoop.ozone.client.rpc.TestOzoneAtRestEncryption" time="0.875">
    <system-out><![CDATA[2023-09-15 05:02:21,999 [main] INFO  rpc.RpcClient (RpcClient.java:createVolume(461)) - Creating Volume: 625839dd-d5bd-40e8-aa3c-ab5bd625d1ee, with runner as owner and space quota set to -1 bytes, counts quota set to -1
2023-09-15 05:02:22,002 [OM StateMachine ApplyTransaction Thread - 0] INFO  volume.OMVolumeCreateRequest (OMVolumeCreateRequest.java:validateAndUpdateCache(196)) - created volume:625839dd-d5bd-40e8-aa3c-ab5bd625d1ee for user:runner
2023-09-15 05:02:22,006 [main] INFO  rpc.RpcClient (RpcClient.java:createBucket(688)) - Creating Bucket: 625839dd-d5bd-40e8-aa3c-ab5bd625d1ee/abed6e1e-5d95-40ab-9028-04c6e0f86711, with bucket layout FILE_SYSTEM_OPTIMIZED, runner as owner, Versioning false, Storage Type set to DISK and Encryption set to true, Replication Type set to server-side default replication type, Namespace Quota set to -1, Space Quota set to -1 
2023-09-15 05:02:22,009 [qtp1742235652-21] INFO  kms-audit (SimpleKMSAuditLogger.java:logAuditSimpleFormat(93)) - OK[op=GET_METADATA, key=key1, user=runner] 
2023-09-15 05:02:22,011 [OM StateMachine ApplyTransaction Thread - 0] INFO  bucket.OMBucketCreateRequest (OMBucketCreateRequest.java:validateAndUpdateCache(270)) - created bucket: abed6e1e-5d95-40ab-9028-04c6e0f86711 of layout FILE_SYSTEM_OPTIMIZED in volume: 625839dd-d5bd-40e8-aa3c-ab5bd625d1ee
2023-09-15 05:02:22,309 [OM StateMachine ApplyTransaction Thread - 0] DEBUG db.CodecBuffer (CodecBuffer.java:setCapacity(212)) - setCapacity: 4096 -> 10918, max=2147483647
2023-09-15 05:02:22,313 [IPC Server handler 13 on default port 15001] WARN  node.SCMNodeManager (SCMNodeManager.java:getNodesByAddress(1373)) - Cannot find node for address 127.0.0.1
2023-09-15 05:02:22,314 [IPC Server handler 7 on default port 15001] WARN  node.SCMNodeManager (SCMNodeManager.java:getNodesByAddress(1373)) - Cannot find node for address 127.0.0.1
2023-09-15 05:02:22,315 [IPC Server handler 14 on default port 15001] WARN  node.SCMNodeManager (SCMNodeManager.java:getNodesByAddress(1373)) - Cannot find node for address 127.0.0.1
2023-09-15 05:02:22,315 [IPC Server handler 11 on default port 15001] WARN  node.SCMNodeManager (SCMNodeManager.java:getNodesByAddress(1373)) - Cannot find node for address 127.0.0.1
2023-09-15 05:02:22,316 [IPC Server handler 15 on default port 15001] WARN  node.SCMNodeManager (SCMNodeManager.java:getNodesByAddress(1373)) - Cannot find node for address 127.0.0.1
2023-09-15 05:02:22,317 [IPC Server handler 16 on default port 15001] WARN  node.SCMNodeManager (SCMNodeManager.java:getNodesByAddress(1373)) - Cannot find node for address 127.0.0.1
2023-09-15 05:02:22,317 [IPC Server handler 18 on default port 15001] WARN  node.SCMNodeManager (SCMNodeManager.java:getNodesByAddress(1373)) - Cannot find node for address 127.0.0.1
2023-09-15 05:02:22,318 [IPC Server handler 17 on default port 15001] WARN  node.SCMNodeManager (SCMNodeManager.java:getNodesByAddress(1373)) - Cannot find node for address 127.0.0.1
]]></system-out>
  </testcase>
  <testcase name="mpuTwoParts(BucketLayout)[2]" classname="org.apache.hadoop.ozone.client.rpc.TestOzoneAtRestEncryption" time="0.809">
    <system-out><![CDATA[2023-09-15 05:02:22,878 [main] INFO  rpc.RpcClient (RpcClient.java:createVolume(461)) - Creating Volume: 1323a860-84cd-46ed-b1ef-1ad39a29db6a, with runner as owner and space quota set to -1 bytes, counts quota set to -1
2023-09-15 05:02:22,884 [OM StateMachine ApplyTransaction Thread - 0] INFO  volume.OMVolumeCreateRequest (OMVolumeCreateRequest.java:validateAndUpdateCache(196)) - created volume:1323a860-84cd-46ed-b1ef-1ad39a29db6a for user:runner
2023-09-15 05:02:22,887 [main] INFO  rpc.RpcClient (RpcClient.java:createBucket(688)) - Creating Bucket: 1323a860-84cd-46ed-b1ef-1ad39a29db6a/220295b9-e044-470a-b0c6-e6ea3b7b1525, with bucket layout OBJECT_STORE, runner as owner, Versioning false, Storage Type set to DISK and Encryption set to true, Replication Type set to server-side default replication type, Namespace Quota set to -1, Space Quota set to -1 
2023-09-15 05:02:22,891 [qtp1742235652-20] INFO  kms-audit (SimpleKMSAuditLogger.java:logAuditSimpleFormat(93)) - OK[op=GET_METADATA, key=key1, user=runner] 
2023-09-15 05:02:22,893 [OM StateMachine ApplyTransaction Thread - 0] INFO  bucket.OMBucketCreateRequest (OMBucketCreateRequest.java:validateAndUpdateCache(270)) - created bucket: 220295b9-e044-470a-b0c6-e6ea3b7b1525 of layout OBJECT_STORE in volume: 1323a860-84cd-46ed-b1ef-1ad39a29db6a
2023-09-15 05:02:23,169 [OM StateMachine ApplyTransaction Thread - 0] DEBUG db.CodecBuffer (CodecBuffer.java:setCapacity(212)) - setCapacity: 4096 -> 10883, max=2147483647
2023-09-15 05:02:23,173 [IPC Server handler 14 on default port 15001] WARN  node.SCMNodeManager (SCMNodeManager.java:getNodesByAddress(1373)) - Cannot find node for address 127.0.0.1
2023-09-15 05:02:23,173 [IPC Server handler 11 on default port 15001] WARN  node.SCMNodeManager (SCMNodeManager.java:getNodesByAddress(1373)) - Cannot find node for address 127.0.0.1
2023-09-15 05:02:23,174 [IPC Server handler 15 on default port 15001] WARN  node.SCMNodeManager (SCMNodeManager.java:getNodesByAddress(1373)) - Cannot find node for address 127.0.0.1
2023-09-15 05:02:23,175 [IPC Server handler 16 on default port 15001] WARN  node.SCMNodeManager (SCMNodeManager.java:getNodesByAddress(1373)) - Cannot find node for address 127.0.0.1
2023-09-15 05:02:23,175 [IPC Server handler 18 on default port 15001] WARN  node.SCMNodeManager (SCMNodeManager.java:getNodesByAddress(1373)) - Cannot find node for address 127.0.0.1
2023-09-15 05:02:23,176 [IPC Server handler 17 on default port 15001] WARN  node.SCMNodeManager (SCMNodeManager.java:getNodesByAddress(1373)) - Cannot find node for address 127.0.0.1
2023-09-15 05:02:23,177 [IPC Server handler 19 on default port 15001] WARN  node.SCMNodeManager (SCMNodeManager.java:getNodesByAddress(1373)) - Cannot find node for address 127.0.0.1
2023-09-15 05:02:23,177 [IPC Server handler 5 on default port 15001] WARN  node.SCMNodeManager (SCMNodeManager.java:getNodesByAddress(1373)) - Cannot find node for address 127.0.0.1
]]></system-out>
  </testcase>
  <testcase name="mpuTwoParts(BucketLayout)[3]" classname="org.apache.hadoop.ozone.client.rpc.TestOzoneAtRestEncryption" time="0.779">
    <system-out><![CDATA[2023-09-15 05:02:23,687 [main] INFO  rpc.RpcClient (RpcClient.java:createVolume(461)) - Creating Volume: f26d139d-2426-4d63-bbfd-451be072f973, with runner as owner and space quota set to -1 bytes, counts quota set to -1
2023-09-15 05:02:23,690 [OM StateMachine ApplyTransaction Thread - 0] INFO  volume.OMVolumeCreateRequest (OMVolumeCreateRequest.java:validateAndUpdateCache(196)) - created volume:f26d139d-2426-4d63-bbfd-451be072f973 for user:runner
2023-09-15 05:02:23,694 [main] INFO  rpc.RpcClient (RpcClient.java:createBucket(688)) - Creating Bucket: f26d139d-2426-4d63-bbfd-451be072f973/20df7225-e027-43a2-a81f-00d0deb8e4e2, with bucket layout LEGACY, runner as owner, Versioning false, Storage Type set to DISK and Encryption set to true, Replication Type set to server-side default replication type, Namespace Quota set to -1, Space Quota set to -1 
2023-09-15 05:02:23,697 [qtp1742235652-20] INFO  kms-audit (SimpleKMSAuditLogger.java:logAuditSimpleFormat(93)) - OK[op=GET_METADATA, key=key1, user=runner] 
2023-09-15 05:02:23,700 [OM StateMachine ApplyTransaction Thread - 0] INFO  bucket.OMBucketCreateRequest (OMBucketCreateRequest.java:validateAndUpdateCache(270)) - created bucket: 20df7225-e027-43a2-a81f-00d0deb8e4e2 of layout LEGACY in volume: f26d139d-2426-4d63-bbfd-451be072f973
2023-09-15 05:02:23,986 [OM StateMachine ApplyTransaction Thread - 0] DEBUG db.CodecBuffer (CodecBuffer.java:setCapacity(212)) - setCapacity: 4096 -> 10891, max=2147483647
2023-09-15 05:02:23,990 [IPC Server handler 15 on default port 15001] WARN  node.SCMNodeManager (SCMNodeManager.java:getNodesByAddress(1373)) - Cannot find node for address 127.0.0.1
2023-09-15 05:02:23,991 [IPC Server handler 16 on default port 15001] WARN  node.SCMNodeManager (SCMNodeManager.java:getNodesByAddress(1373)) - Cannot find node for address 127.0.0.1
2023-09-15 05:02:23,991 [IPC Server handler 18 on default port 15001] WARN  node.SCMNodeManager (SCMNodeManager.java:getNodesByAddress(1373)) - Cannot find node for address 127.0.0.1
2023-09-15 05:02:23,992 [IPC Server handler 17 on default port 15001] WARN  node.SCMNodeManager (SCMNodeManager.java:getNodesByAddress(1373)) - Cannot find node for address 127.0.0.1
2023-09-15 05:02:23,993 [IPC Server handler 19 on default port 15001] WARN  node.SCMNodeManager (SCMNodeManager.java:getNodesByAddress(1373)) - Cannot find node for address 127.0.0.1
2023-09-15 05:02:23,993 [IPC Server handler 5 on default port 15001] WARN  node.SCMNodeManager (SCMNodeManager.java:getNodesByAddress(1373)) - Cannot find node for address 127.0.0.1
2023-09-15 05:02:23,994 [IPC Server handler 12 on default port 15001] WARN  node.SCMNodeManager (SCMNodeManager.java:getNodesByAddress(1373)) - Cannot find node for address 127.0.0.1
]]></system-out>
  </testcase>
</testsuite>