<?xml version="1.0" encoding="UTF-8"?>
<testsuite xmlns:xsi="http://www.w3.org/2001/XMLSchema-instance" xsi:noNamespaceSchemaLocation="https://maven.apache.org/surefire/maven-surefire-plugin/xsd/surefire-test-report.xsd" name="org.apache.hadoop.ozone.TestMiniOzoneCluster" time="188.723" tests="5" errors="1" skipped="0" failures="0">
  <properties>
    <property name="awt.toolkit" value="sun.awt.X11.XToolkit"/>
    <property name="file.encoding.pkg" value="sun.io"/>
    <property name="java.specification.version" value="1.8"/>
    <property name="sun.cpu.isalist" value=""/>
    <property name="sun.jnu.encoding" value="UTF-8"/>
    <property name="java.class.path" value="/home/runner/work/ozone/ozone/hadoop-ozone/integration-test/target/test-classes:/home/runner/work/ozone/ozone/hadoop-ozone/integration-test/target/classes:/home/runner/.m2/repository/org/apache/ozone/ozone-common/1.2.0-SNAPSHOT/ozone-common-1.2.0-SNAPSHOT.jar:/home/runner/.m2/repository/org/apache/commons/commons-compress/1.21/commons-compress-1.21.jar:/home/runner/.m2/repository/org/apache/ozone/hdds-common/1.2.0-SNAPSHOT/hdds-common-1.2.0-SNAPSHOT.jar:/home/runner/.m2/repository/org/apache/ozone/hdds-client/1.2.0-SNAPSHOT/hdds-client-1.2.0-SNAPSHOT.jar:/home/runner/.m2/repository/org/apache/ozone/ozone-interface-client/1.2.0-SNAPSHOT/ozone-interface-client-1.2.0-SNAPSHOT.jar:/home/runner/.m2/repository/org/apache/ozone/hdds-test-utils/1.2.0-SNAPSHOT/hdds-test-utils-1.2.0-SNAPSHOT.jar:/home/runner/.m2/repository/com/google/guava/guava/30.1.1-jre/guava-30.1.1-jre.jar:/home/runner/.m2/repository/com/google/guava/failureaccess/1.0.1/failureaccess-1.0.1.jar:/home/runner/.m2/repository/com/google/guava/listenablefuture/9999.0-empty-to-avoid-conflict-with-guava/listenablefuture-9999.0-empty-to-avoid-conflict-with-guava.jar:/home/runner/.m2/repository/com/google/code/findbugs/jsr305/3.0.0/jsr305-3.0.0.jar:/home/runner/.m2/repository/org/checkerframework/checker-qual/3.8.0/checker-qual-3.8.0.jar:/home/runner/.m2/repository/com/google/errorprone/error_prone_annotations/2.2.0/error_prone_annotations-2.2.0.jar:/home/runner/.m2/repository/com/google/j2objc/j2objc-annotations/1.3/j2objc-annotations-1.3.jar:/home/runner/.m2/repository/commons-io/commons-io/2.11.0/commons-io-2.11.0.jar:/home/runner/.m2/repository/commons-logging/commons-logging/1.2/commons-logging-1.2.jar:/home/runner/.m2/repository/log4j/log4j/1.2.17/log4j-1.2.17.jar:/home/runner/.m2/repository/org/slf4j/slf4j-api/1.7.30/slf4j-api-1.7.30.jar:/home/runner/.m2/repository/org/apache/ozone/hdds-server-scm/1.2.0-SNAPSHOT/hdds-server-scm-1.2.0-SNAPSHOT.jar:/home/runner/.m2/repository/org/apache/ozone/hdds-container-service/1.2.0-SNAPSHOT/hdds-container-service-1.2.0-SNAPSHOT.jar:/home/runner/.m2/repository/org/apache/ozone/hdds-hadoop-dependency-server/1.2.0-SNAPSHOT/hdds-hadoop-dependency-server-1.2.0-SNAPSHOT.jar:/home/runner/.m2/repository/org/apache/hadoop/hadoop-hdfs/3.3.1/hadoop-hdfs-3.3.1.jar:/home/runner/.m2/repository/org/apache/ozone/hdds-server-framework/1.2.0-SNAPSHOT/hdds-server-framework-1.2.0-SNAPSHOT.jar:/home/runner/.m2/repository/org/apache/ozone/hdds-interface-server/1.2.0-SNAPSHOT/hdds-interface-server-1.2.0-SNAPSHOT.jar:/home/runner/.m2/repository/org/eclipse/jetty/jetty-servlet/9.4.43.v20210629/jetty-servlet-9.4.43.v20210629.jar:/home/runner/.m2/repository/org/eclipse/jetty/jetty-security/9.4.43.v20210629/jetty-security-9.4.43.v20210629.jar:/home/runner/.m2/repository/org/rocksdb/rocksdbjni/6.25.3/rocksdbjni-6.25.3.jar:/home/runner/.m2/repository/io/prometheus/simpleclient_dropwizard/0.7.0/simpleclient_dropwizard-0.7.0.jar:/home/runner/.m2/repository/io/prometheus/simpleclient/0.7.0/simpleclient-0.7.0.jar:/home/runner/.m2/repository/io/prometheus/simpleclient_common/0.7.0/simpleclient_common-0.7.0.jar:/home/runner/.m2/repository/com/fasterxml/jackson/datatype/jackson-datatype-jsr310/2.12.1/jackson-datatype-jsr310-2.12.1.jar:/home/runner/.m2/repository/io/dropwizard/metrics/metrics-core/3.2.4/metrics-core-3.2.4.jar:/home/runner/.m2/repository/org/apache/hadoop/hadoop-hdfs-client/3.3.1/hadoop-hdfs-client-3.3.1.jar:/home/runner/.m2/repository/org/bouncycastle/bcprov-jdk15on/1.67/bcprov-jdk15on-1.67.jar:/home/runner/.m2/repository/com/google/protobuf/protobuf-java/2.5.0/protobuf-java-2.5.0.jar:/home/runner/.m2/repository/org/apache/ozone/ozone-manager/1.2.0-SNAPSHOT/ozone-manager-1.2.0-SNAPSHOT.jar:/home/runner/.m2/repository/org/aspectj/aspectjrt/1.9.7/aspectjrt-1.9.7.jar:/home/runner/.m2/repository/org/aspectj/aspectjweaver/1.9.7/aspectjweaver-1.9.7.jar:/home/runner/.m2/repository/org/apache/ozone/hdds-interface-client/1.2.0-SNAPSHOT/hdds-interface-client-1.2.0-SNAPSHOT.jar:/home/runner/.m2/repository/org/apache/hadoop/thirdparty/hadoop-shaded-protobuf_3_7/1.1.1/hadoop-shaded-protobuf_3_7-1.1.1.jar:/home/runner/.m2/repository/org/apache/ozone/ozone-interface-storage/1.2.0-SNAPSHOT/ozone-interface-storage-1.2.0-SNAPSHOT.jar:/home/runner/.m2/repository/org/reflections/reflections/0.9.11/reflections-0.9.11.jar:/home/runner/.m2/repository/org/apache/hadoop/hadoop-minikdc/3.3.1/hadoop-minikdc-3.3.1.jar:/home/runner/.m2/repository/org/apache/kerby/kerb-simplekdc/1.0.1/kerb-simplekdc-1.0.1.jar:/home/runner/.m2/repository/org/apache/kerby/kerb-client/1.0.1/kerb-client-1.0.1.jar:/home/runner/.m2/repository/org/apache/kerby/kerby-config/1.0.1/kerby-config-1.0.1.jar:/home/runner/.m2/repository/org/apache/kerby/kerb-common/1.0.1/kerb-common-1.0.1.jar:/home/runner/.m2/repository/org/apache/kerby/kerb-crypto/1.0.1/kerb-crypto-1.0.1.jar:/home/runner/.m2/repository/org/apache/kerby/kerb-util/1.0.1/kerb-util-1.0.1.jar:/home/runner/.m2/repository/org/apache/kerby/token-provider/1.0.1/token-provider-1.0.1.jar:/home/runner/.m2/repository/org/apache/kerby/kerb-admin/1.0.1/kerb-admin-1.0.1.jar:/home/runner/.m2/repository/org/apache/kerby/kerb-server/1.0.1/kerb-server-1.0.1.jar:/home/runner/.m2/repository/org/apache/kerby/kerb-identity/1.0.1/kerb-identity-1.0.1.jar:/home/runner/.m2/repository/org/apache/kerby/kerby-xdr/1.0.1/kerby-xdr-1.0.1.jar:/home/runner/.m2/repository/org/slf4j/slf4j-log4j12/1.7.30/slf4j-log4j12-1.7.30.jar:/home/runner/.m2/repository/org/apache/ozone/ozone-s3gateway/1.2.0-SNAPSHOT/ozone-s3gateway-1.2.0-SNAPSHOT.jar:/home/runner/.m2/repository/org/javassist/javassist/3.21.0-GA/javassist-3.21.0-GA.jar:/home/runner/.m2/repository/org/jboss/weld/servlet/weld-servlet/2.4.7.Final/weld-servlet-2.4.7.Final.jar:/home/runner/.m2/repository/org/glassfish/jersey/containers/jersey-container-servlet-core/2.33/jersey-container-servlet-core-2.33.jar:/home/runner/.m2/repository/org/glassfish/hk2/external/jakarta.inject/2.6.1/jakarta.inject-2.6.1.jar:/home/runner/.m2/repository/org/glassfish/jersey/core/jersey-common/2.33/jersey-common-2.33.jar:/home/runner/.m2/repository/jakarta/ws/rs/jakarta.ws.rs-api/2.1.6/jakarta.ws.rs-api-2.1.6.jar:/home/runner/.m2/repository/org/glassfish/jersey/ext/cdi/jersey-cdi1x/2.33/jersey-cdi1x-2.33.jar:/home/runner/.m2/repository/org/glassfish/jersey/inject/jersey-hk2/2.33/jersey-hk2-2.33.jar:/home/runner/.m2/repository/org/glassfish/hk2/hk2-locator/2.6.1/hk2-locator-2.6.1.jar:/home/runner/.m2/repository/org/glassfish/jersey/media/jersey-media-jaxb/2.33/jersey-media-jaxb-2.33.jar:/home/runner/.m2/repository/org/glassfish/hk2/osgi-resource-locator/1.0.3/osgi-resource-locator-1.0.3.jar:/home/runner/.m2/repository/org/glassfish/hk2/hk2-api/2.5.0/hk2-api-2.5.0.jar:/home/runner/.m2/repository/org/glassfish/hk2/hk2-utils/2.5.0/hk2-utils-2.5.0.jar:/home/runner/.m2/repository/org/glassfish/hk2/external/aopalliance-repackaged/2.5.0/aopalliance-repackaged-2.5.0.jar:/home/runner/.m2/repository/com/fasterxml/jackson/dataformat/jackson-dataformat-xml/2.12.1/jackson-dataformat-xml-2.12.1.jar:/home/runner/.m2/repository/com/fasterxml/jackson/core/jackson-core/2.12.1/jackson-core-2.12.1.jar:/home/runner/.m2/repository/com/fasterxml/jackson/module/jackson-module-jaxb-annotations/2.12.1/jackson-module-jaxb-annotations-2.12.1.jar:/home/runner/.m2/repository/jakarta/xml/bind/jakarta.xml.bind-api/2.3.2/jakarta.xml.bind-api-2.3.2.jar:/home/runner/.m2/repository/org/codehaus/woodstox/stax2-api/3.1.4/stax2-api-3.1.4.jar:/home/runner/.m2/repository/com/fasterxml/woodstox/woodstox-core/5.0.3/woodstox-core-5.0.3.jar:/home/runner/.m2/repository/javax/enterprise/cdi-api/1.2/cdi-api-1.2.jar:/home/runner/.m2/repository/javax/el/javax.el-api/3.0.0/javax.el-api-3.0.0.jar:/home/runner/.m2/repository/javax/interceptor/javax.interceptor-api/1.2/javax.interceptor-api-1.2.jar:/home/runner/.m2/repository/javax/inject/javax.inject/1/javax.inject-1.jar:/home/runner/.m2/repository/javax/xml/bind/jaxb-api/2.3.0/jaxb-api-2.3.0.jar:/home/runner/.m2/repository/org/glassfish/jaxb/jaxb-runtime/2.3.0.1/jaxb-runtime-2.3.0.1.jar:/home/runner/.m2/repository/org/glassfish/jaxb/jaxb-core/2.3.0.1/jaxb-core-2.3.0.1.jar:/home/runner/.m2/repository/org/glassfish/jaxb/txw2/2.3.0.1/txw2-2.3.0.1.jar:/home/runner/.m2/repository/com/sun/istack/istack-commons-runtime/3.0.5/istack-commons-runtime-3.0.5.jar:/home/runner/.m2/repository/org/jvnet/staxex/stax-ex/1.7.8/stax-ex-1.7.8.jar:/home/runner/.m2/repository/com/sun/xml/fastinfoset/FastInfoset/1.2.13/FastInfoset-1.2.13.jar:/home/runner/.m2/repository/javax/activation/activation/1.1.1/activation-1.1.1.jar:/home/runner/.m2/repository/org/apache/ozone/ozone-csi/1.2.0-SNAPSHOT/ozone-csi-1.2.0-SNAPSHOT.jar:/home/runner/.m2/repository/com/google/protobuf/protobuf-java-util/3.12.0/protobuf-java-util-3.12.0.jar:/home/runner/.m2/repository/com/google/code/gson/gson/2.2.4/gson-2.2.4.jar:/home/runner/.m2/repository/org/apache/ozone/hdds-config/1.2.0-SNAPSHOT/hdds-config-1.2.0-SNAPSHOT.jar:/home/runner/.m2/repository/io/grpc/grpc-netty/1.33.0/grpc-netty-1.33.0.jar:/home/runner/.m2/repository/io/grpc/grpc-core/1.33.0/grpc-core-1.33.0.jar:/home/runner/.m2/repository/com/google/android/annotations/4.1.1.4/annotations-4.1.1.4.jar:/home/runner/.m2/repository/io/netty/netty-codec-http2/4.1.63.Final/netty-codec-http2-4.1.63.Final.jar:/home/runner/.m2/repository/io/netty/netty-codec-http/4.1.63.Final/netty-codec-http-4.1.63.Final.jar:/home/runner/.m2/repository/io/netty/netty-handler-proxy/4.1.63.Final/netty-handler-proxy-4.1.63.Final.jar:/home/runner/.m2/repository/io/netty/netty-codec-socks/4.1.63.Final/netty-codec-socks-4.1.63.Final.jar:/home/runner/.m2/repository/io/perfmark/perfmark-api/0.19.0/perfmark-api-0.19.0.jar:/home/runner/.m2/repository/org/codehaus/mojo/animal-sniffer-annotations/1.18/animal-sniffer-annotations-1.18.jar:/home/runner/.m2/repository/io/netty/netty-transport-native-epoll/4.1.63.Final/netty-transport-native-epoll-4.1.63.Final.jar:/home/runner/.m2/repository/io/netty/netty-common/4.1.63.Final/netty-common-4.1.63.Final.jar:/home/runner/.m2/repository/io/netty/netty-buffer/4.1.63.Final/netty-buffer-4.1.63.Final.jar:/home/runner/.m2/repository/io/netty/netty-transport-native-unix-common/4.1.63.Final/netty-transport-native-unix-common-4.1.63.Final.jar:/home/runner/.m2/repository/io/grpc/grpc-protobuf/1.33.0/grpc-protobuf-1.33.0.jar:/home/runner/.m2/repository/io/grpc/grpc-api/1.33.0/grpc-api-1.33.0.jar:/home/runner/.m2/repository/io/grpc/grpc-context/1.33.0/grpc-context-1.33.0.jar:/home/runner/.m2/repository/com/google/api/grpc/proto-google-common-protos/1.17.0/proto-google-common-protos-1.17.0.jar:/home/runner/.m2/repository/io/grpc/grpc-protobuf-lite/1.33.0/grpc-protobuf-lite-1.33.0.jar:/home/runner/.m2/repository/io/grpc/grpc-stub/1.33.0/grpc-stub-1.33.0.jar:/home/runner/.m2/repository/org/apache/ozone/ozone-recon/1.2.0-SNAPSHOT/ozone-recon-1.2.0-SNAPSHOT.jar:/home/runner/.m2/repository/org/apache/ozone/ozone-reconcodegen/1.2.0-SNAPSHOT/ozone-reconcodegen-1.2.0-SNAPSHOT.jar:/home/runner/.m2/repository/com/google/inject/extensions/guice-multibindings/4.0/guice-multibindings-4.0.jar:/home/runner/.m2/repository/com/google/inject/guice/4.0/guice-4.0.jar:/home/runner/.m2/repository/aopalliance/aopalliance/1.0/aopalliance-1.0.jar:/home/runner/.m2/repository/com/google/inject/extensions/guice-assistedinject/4.0/guice-assistedinject-4.0.jar:/home/runner/.m2/repository/com/google/inject/extensions/guice-servlet/4.0/guice-servlet-4.0.jar:/home/runner/.m2/repository/org/glassfish/jersey/containers/jersey-container-servlet/2.33/jersey-container-servlet-2.33.jar:/home/runner/.m2/repository/org/glassfish/hk2/guice-bridge/2.5.0/guice-bridge-2.5.0.jar:/home/runner/.m2/repository/org/glassfish/jersey/core/jersey-server/2.33/jersey-server-2.33.jar:/home/runner/.m2/repository/org/glassfish/jersey/core/jersey-client/2.33/jersey-client-2.33.jar:/home/runner/.m2/repository/jakarta/annotation/jakarta.annotation-api/1.3.5/jakarta.annotation-api-1.3.5.jar:/home/runner/.m2/repository/jakarta/validation/jakarta.validation-api/2.0.2/jakarta.validation-api-2.0.2.jar:/home/runner/.m2/repository/org/glassfish/jersey/media/jersey-media-json-jackson/2.33/jersey-media-json-jackson-2.33.jar:/home/runner/.m2/repository/org/glassfish/jersey/ext/jersey-entity-filtering/2.33/jersey-entity-filtering-2.33.jar:/home/runner/.m2/repository/org/jooq/jooq/3.11.10/jooq-3.11.10.jar:/home/runner/.m2/repository/org/jooq/jooq-meta/3.11.10/jooq-meta-3.11.10.jar:/home/runner/.m2/repository/org/jooq/jooq-codegen/3.11.10/jooq-codegen-3.11.10.jar:/home/runner/.m2/repository/com/jolbox/bonecp/0.8.0.RELEASE/bonecp-0.8.0.RELEASE.jar:/home/runner/.m2/repository/org/apache/derby/derby/10.14.2.0/derby-10.14.2.0.jar:/home/runner/.m2/repository/org/xerial/sqlite-jdbc/3.25.2/sqlite-jdbc-3.25.2.jar:/home/runner/.m2/repository/org/springframework/spring-jdbc/5.2.18.RELEASE/spring-jdbc-5.2.18.RELEASE.jar:/home/runner/.m2/repository/org/springframework/spring-beans/5.2.18.RELEASE/spring-beans-5.2.18.RELEASE.jar:/home/runner/.m2/repository/org/springframework/spring-core/5.2.18.RELEASE/spring-core-5.2.18.RELEASE.jar:/home/runner/.m2/repository/org/springframework/spring-jcl/5.2.18.RELEASE/spring-jcl-5.2.18.RELEASE.jar:/home/runner/.m2/repository/org/springframework/spring-tx/5.2.18.RELEASE/spring-tx-5.2.18.RELEASE.jar:/home/runner/.m2/repository/org/apache/ozone/ozone-client/1.2.0-SNAPSHOT/ozone-client-1.2.0-SNAPSHOT.jar:/home/runner/.m2/repository/org/apache/ozone/ozone-filesystem/1.2.0-SNAPSHOT/ozone-filesystem-1.2.0-SNAPSHOT.jar:/home/runner/.m2/repository/org/apache/ozone/ozone-filesystem-common/1.2.0-SNAPSHOT/ozone-filesystem-common-1.2.0-SNAPSHOT.jar:/home/runner/.m2/repository/org/apache/ozone/ozone-tools/1.2.0-SNAPSHOT/ozone-tools-1.2.0-SNAPSHOT.jar:/home/runner/.m2/repository/org/apache/ratis/ratis-tools/2.2.0/ratis-tools-2.2.0.jar:/home/runner/.m2/repository/com/amazonaws/aws-java-sdk-core/1.11.1034/aws-java-sdk-core-1.11.1034.jar:/home/runner/.m2/repository/org/apache/httpcomponents/httpclient/4.5.13/httpclient-4.5.13.jar:/home/runner/.m2/repository/org/apache/httpcomponents/httpcore/4.4.13/httpcore-4.4.13.jar:/home/runner/.m2/repository/software/amazon/ion/ion-java/1.0.2/ion-java-1.0.2.jar:/home/runner/.m2/repository/com/fasterxml/jackson/dataformat/jackson-dataformat-cbor/2.12.1/jackson-dataformat-cbor-2.12.1.jar:/home/runner/.m2/repository/joda-time/joda-time/2.8.1/joda-time-2.8.1.jar:/home/runner/.m2/repository/com/amazonaws/aws-java-sdk-s3/1.11.1034/aws-java-sdk-s3-1.11.1034.jar:/home/runner/.m2/repository/com/amazonaws/aws-java-sdk-kms/1.11.1034/aws-java-sdk-kms-1.11.1034.jar:/home/runner/.m2/repository/com/amazonaws/jmespath-java/1.11.1034/jmespath-java-1.11.1034.jar:/home/runner/.m2/repository/org/kohsuke/metainf-services/metainf-services/1.8/metainf-services-1.8.jar:/home/runner/.m2/repository/org/apache/ozone/hdds-tools/1.2.0-SNAPSHOT/hdds-tools-1.2.0-SNAPSHOT.jar:/home/runner/.m2/repository/commons-cli/commons-cli/1.2/commons-cli-1.2.jar:/home/runner/.m2/repository/org/apache/commons/commons-lang3/3.7/commons-lang3-3.7.jar:/home/runner/.m2/repository/org/apache/ozone/ozone-manager/1.2.0-SNAPSHOT/ozone-manager-1.2.0-SNAPSHOT-tests.jar:/home/runner/.m2/repository/org/apache/ozone/hdds-common/1.2.0-SNAPSHOT/hdds-common-1.2.0-SNAPSHOT-tests.jar:/home/runner/.m2/repository/org/apache/ozone/hdds-hadoop-dependency-client/1.2.0-SNAPSHOT/hdds-hadoop-dependency-client-1.2.0-SNAPSHOT.jar:/home/runner/.m2/repository/info/picocli/picocli/4.6.1/picocli-4.6.1.jar:/home/runner/.m2/repository/com/fasterxml/jackson/core/jackson-annotations/2.12.1/jackson-annotations-2.12.1.jar:/home/runner/.m2/repository/javax/annotation/javax.annotation-api/1.2/javax.annotation-api-1.2.jar:/home/runner/.m2/repository/org/apache/ratis/ratis-server/2.2.0/ratis-server-2.2.0.jar:/home/runner/.m2/repository/org/apache/ratis/ratis-client/2.2.0/ratis-client-2.2.0.jar:/home/runner/.m2/repository/org/apache/ratis/ratis-server-api/2.2.0/ratis-server-api-2.2.0.jar:/home/runner/.m2/repository/org/apache/ratis/ratis-metrics/2.2.0/ratis-metrics-2.2.0.jar:/home/runner/.m2/repository/org/apache/ratis/ratis-netty/2.2.0/ratis-netty-2.2.0.jar:/home/runner/.m2/repository/org/apache/ratis/ratis-grpc/2.2.0/ratis-grpc-2.2.0.jar:/home/runner/.m2/repository/org/apache/logging/log4j/log4j-api/2.13.3/log4j-api-2.13.3.jar:/home/runner/.m2/repository/org/apache/logging/log4j/log4j-core/2.13.3/log4j-core-2.13.3.jar:/home/runner/.m2/repository/com/lmax/disruptor/3.4.2/disruptor-3.4.2.jar:/home/runner/.m2/repository/org/apache/commons/commons-pool2/2.6.0/commons-pool2-2.6.0.jar:/home/runner/.m2/repository/org/bouncycastle/bcpkix-jdk15on/1.67/bcpkix-jdk15on-1.67.jar:/home/runner/.m2/repository/commons-validator/commons-validator/1.6/commons-validator-1.6.jar:/home/runner/.m2/repository/commons-beanutils/commons-beanutils/1.9.4/commons-beanutils-1.9.4.jar:/home/runner/.m2/repository/commons-digester/commons-digester/1.8.1/commons-digester-1.8.1.jar:/home/runner/.m2/repository/commons-collections/commons-collections/3.2.2/commons-collections-3.2.2.jar:/home/runner/.m2/repository/io/jaegertracing/jaeger-client/1.6.0/jaeger-client-1.6.0.jar:/home/runner/.m2/repository/io/jaegertracing/jaeger-thrift/1.6.0/jaeger-thrift-1.6.0.jar:/home/runner/.m2/repository/org/apache/thrift/libthrift/0.14.1/libthrift-0.14.1.jar:/home/runner/.m2/repository/com/squareup/okhttp3/okhttp/4.9.0/okhttp-4.9.0.jar:/home/runner/.m2/repository/com/squareup/okio/okio/2.8.0/okio-2.8.0.jar:/home/runner/.m2/repository/io/jaegertracing/jaeger-core/1.6.0/jaeger-core-1.6.0.jar:/home/runner/.m2/repository/io/jaegertracing/jaeger-tracerresolver/1.6.0/jaeger-tracerresolver-1.6.0.jar:/home/runner/.m2/repository/io/opentracing/contrib/opentracing-tracerresolver/0.1.8/opentracing-tracerresolver-0.1.8.jar:/home/runner/.m2/repository/org/jetbrains/kotlin/kotlin-stdlib/1.4.31/kotlin-stdlib-1.4.31.jar:/home/runner/.m2/repository/org/jetbrains/kotlin/kotlin-stdlib-common/1.4.31/kotlin-stdlib-common-1.4.31.jar:/home/runner/.m2/repository/org/jetbrains/annotations/13.0/annotations-13.0.jar:/home/runner/.m2/repository/io/opentracing/opentracing-util/0.33.0/opentracing-util-0.33.0.jar:/home/runner/.m2/repository/io/opentracing/opentracing-api/0.33.0/opentracing-api-0.33.0.jar:/home/runner/.m2/repository/io/opentracing/opentracing-noop/0.33.0/opentracing-noop-0.33.0.jar:/home/runner/.m2/repository/org/yaml/snakeyaml/1.26/snakeyaml-1.26.jar:/home/runner/.m2/repository/org/apache/ozone/hdds-interface-admin/1.2.0-SNAPSHOT/hdds-interface-admin-1.2.0-SNAPSHOT.jar:/home/runner/.m2/repository/junit/junit/4.13.1/junit-4.13.1.jar:/home/runner/.m2/repository/org/hamcrest/hamcrest-core/1.3/hamcrest-core-1.3.jar:/home/runner/.m2/repository/org/junit/jupiter/junit-jupiter-api/5.7.0/junit-jupiter-api-5.7.0.jar:/home/runner/.m2/repository/org/apiguardian/apiguardian-api/1.1.0/apiguardian-api-1.1.0.jar:/home/runner/.m2/repository/org/opentest4j/opentest4j/1.2.0/opentest4j-1.2.0.jar:/home/runner/.m2/repository/org/junit/platform/junit-platform-commons/1.7.0/junit-platform-commons-1.7.0.jar:/home/runner/.m2/repository/org/junit/jupiter/junit-jupiter-engine/5.7.0/junit-jupiter-engine-5.7.0.jar:/home/runner/.m2/repository/org/junit/platform/junit-platform-engine/1.7.0/junit-platform-engine-1.7.0.jar:/home/runner/.m2/repository/org/junit/vintage/junit-vintage-engine/5.7.0/junit-vintage-engine-5.7.0.jar:/home/runner/.m2/repository/org/junit/platform/junit-platform-launcher/1.7.0/junit-platform-launcher-1.7.0.jar:/home/runner/.m2/repository/org/openjdk/jmh/jmh-core/1.19/jmh-core-1.19.jar:/home/runner/.m2/repository/net/sf/jopt-simple/jopt-simple/4.6/jopt-simple-4.6.jar:/home/runner/.m2/repository/org/apache/commons/commons-math3/3.1.1/commons-math3-3.1.1.jar:/home/runner/.m2/repository/org/openjdk/jmh/jmh-generator-annprocess/1.19/jmh-generator-annprocess-1.19.jar:/home/runner/.m2/repository/org/mockito/mockito-core/2.28.2/mockito-core-2.28.2.jar:/home/runner/.m2/repository/net/bytebuddy/byte-buddy/1.9.10/byte-buddy-1.9.10.jar:/home/runner/.m2/repository/net/bytebuddy/byte-buddy-agent/1.9.10/byte-buddy-agent-1.9.10.jar:/home/runner/.m2/repository/org/objenesis/objenesis/1.0/objenesis-1.0.jar:/home/runner/.m2/repository/org/apache/hadoop/hadoop-kms/3.3.1/hadoop-kms-3.3.1.jar:/home/runner/.m2/repository/org/apache/hadoop/hadoop-auth/3.3.1/hadoop-auth-3.3.1.jar:/home/runner/.m2/repository/com/nimbusds/nimbus-jose-jwt/7.9/nimbus-jose-jwt-7.9.jar:/home/runner/.m2/repository/com/github/stephenc/jcip/jcip-annotations/1.0-1/jcip-annotations-1.0-1.jar:/home/runner/.m2/repository/net/minidev/json-smart/2.3.1/json-smart-2.3.1.jar:/home/runner/.m2/repository/net/minidev/accessors-smart/2.3.1/accessors-smart-2.3.1.jar:/home/runner/.m2/repository/org/ow2/asm/asm/5.0.4/asm-5.0.4.jar:/home/runner/.m2/repository/org/apache/zookeeper/zookeeper/3.5.6/zookeeper-3.5.6.jar:/home/runner/.m2/repository/org/apache/zookeeper/zookeeper-jute/3.5.6/zookeeper-jute-3.5.6.jar:/home/runner/.m2/repository/org/apache/yetus/audience-annotations/0.5.0/audience-annotations-0.5.0.jar:/home/runner/.m2/repository/org/apache/curator/curator-framework/4.2.0/curator-framework-4.2.0.jar:/home/runner/.m2/repository/org/apache/hadoop/thirdparty/hadoop-shaded-guava/1.1.1/hadoop-shaded-guava-1.1.1.jar:/home/runner/.m2/repository/com/sun/jersey/jersey-core/1.19/jersey-core-1.19.jar:/home/runner/.m2/repository/javax/ws/rs/jsr311-api/1.1.1/jsr311-api-1.1.1.jar:/home/runner/.m2/repository/com/sun/jersey/jersey-server/1.19/jersey-server-1.19.jar:/home/runner/.m2/repository/javax/servlet/javax.servlet-api/3.1.0/javax.servlet-api-3.1.0.jar:/home/runner/.m2/repository/org/eclipse/jetty/jetty-server/9.4.43.v20210629/jetty-server-9.4.43.v20210629.jar:/home/runner/.m2/repository/org/eclipse/jetty/jetty-http/9.4.43.v20210629/jetty-http-9.4.43.v20210629.jar:/home/runner/.m2/repository/org/eclipse/jetty/jetty-io/9.4.43.v20210629/jetty-io-9.4.43.v20210629.jar:/home/runner/.m2/repository/org/eclipse/jetty/jetty-webapp/9.4.43.v20210629/jetty-webapp-9.4.43.v20210629.jar:/home/runner/.m2/repository/org/eclipse/jetty/jetty-xml/9.4.43.v20210629/jetty-xml-9.4.43.v20210629.jar:/home/runner/.m2/repository/org/apache/hadoop/hadoop-common/3.3.1/hadoop-common-3.3.1.jar:/home/runner/.m2/repository/commons-net/commons-net/3.6/commons-net-3.6.jar:/home/runner/.m2/repository/jakarta/activation/jakarta.activation-api/1.2.1/jakarta.activation-api-1.2.1.jar:/home/runner/.m2/repository/com/sun/jersey/jersey-servlet/1.19/jersey-servlet-1.19.jar:/home/runner/.m2/repository/com/sun/jersey/jersey-json/1.19/jersey-json-1.19.jar:/home/runner/.m2/repository/org/codehaus/jettison/jettison/1.1/jettison-1.1.jar:/home/runner/.m2/repository/com/sun/xml/bind/jaxb-impl/2.2.3-1/jaxb-impl-2.2.3-1.jar:/home/runner/.m2/repository/org/codehaus/jackson/jackson-jaxrs/1.9.2/jackson-jaxrs-1.9.2.jar:/home/runner/.m2/repository/org/codehaus/jackson/jackson-xc/1.9.2/jackson-xc-1.9.2.jar:/home/runner/.m2/repository/org/apache/commons/commons-configuration2/2.1.1/commons-configuration2-2.1.1.jar:/home/runner/.m2/repository/org/apache/commons/commons-text/1.4/commons-text-1.4.jar:/home/runner/.m2/repository/com/google/re2j/re2j/1.1/re2j-1.1.jar:/home/runner/.m2/repository/com/jcraft/jsch/0.1.54/jsch-0.1.54.jar:/home/runner/.m2/repository/org/apache/curator/curator-client/4.2.0/curator-client-4.2.0.jar:/home/runner/.m2/repository/org/apache/curator/curator-recipes/4.2.0/curator-recipes-4.2.0.jar:/home/runner/.m2/repository/org/apache/kerby/kerb-core/1.0.1/kerb-core-1.0.1.jar:/home/runner/.m2/repository/org/apache/kerby/kerby-pkix/1.0.1/kerby-pkix-1.0.1.jar:/home/runner/.m2/repository/org/apache/kerby/kerby-asn1/1.0.1/kerby-asn1-1.0.1.jar:/home/runner/.m2/repository/org/apache/kerby/kerby-util/1.0.1/kerby-util-1.0.1.jar:/home/runner/.m2/repository/dnsjava/dnsjava/2.1.7/dnsjava-2.1.7.jar:/home/runner/.m2/repository/org/xerial/snappy/snappy-java/1.1.8.2/snappy-java-1.1.8.2.jar:/home/runner/.m2/repository/org/slf4j/jul-to-slf4j/1.7.30/jul-to-slf4j-1.7.30.jar:/home/runner/.m2/repository/org/eclipse/jetty/jetty-util/9.4.43.v20210629/jetty-util-9.4.43.v20210629.jar:/home/runner/.m2/repository/com/fasterxml/jackson/core/jackson-databind/2.12.1/jackson-databind-2.12.1.jar:/home/runner/.m2/repository/org/apache/hadoop/hadoop-kms/3.3.1/hadoop-kms-3.3.1-tests.jar:/home/runner/.m2/repository/org/apache/ozone/hdds-server-scm/1.2.0-SNAPSHOT/hdds-server-scm-1.2.0-SNAPSHOT-tests.jar:/home/runner/.m2/repository/org/apache/ozone/hdds-container-service/1.2.0-SNAPSHOT/hdds-container-service-1.2.0-SNAPSHOT-tests.jar:/home/runner/.m2/repository/commons-codec/commons-codec/1.11/commons-codec-1.11.jar:/home/runner/.m2/repository/io/netty/netty-transport/4.1.63.Final/netty-transport-4.1.63.Final.jar:/home/runner/.m2/repository/io/netty/netty-resolver/4.1.63.Final/netty-resolver-4.1.63.Final.jar:/home/runner/.m2/repository/io/netty/netty-codec/4.1.63.Final/netty-codec-4.1.63.Final.jar:/home/runner/.m2/repository/io/netty/netty-handler/4.1.63.Final/netty-handler-4.1.63.Final.jar:/home/runner/.m2/repository/org/apache/ozone/hdds-hadoop-dependency-test/1.2.0-SNAPSHOT/hdds-hadoop-dependency-test-1.2.0-SNAPSHOT.jar:/home/runner/.m2/repository/org/apache/hadoop/hadoop-common/3.3.1/hadoop-common-3.3.1-tests.jar:/home/runner/.m2/repository/org/assertj/assertj-core/3.12.2/assertj-core-3.12.2.jar:/home/runner/.m2/repository/org/apache/hadoop/hadoop-hdfs/3.3.1/hadoop-hdfs-3.3.1-tests.jar:/home/runner/.m2/repository/org/eclipse/jetty/jetty-util-ajax/9.4.43.v20210629/jetty-util-ajax-9.4.43.v20210629.jar:/home/runner/.m2/repository/commons-daemon/commons-daemon/1.0.13/commons-daemon-1.0.13.jar:/home/runner/.m2/repository/io/netty/netty/3.10.6.Final/netty-3.10.6.Final.jar:/home/runner/.m2/repository/io/netty/netty-all/4.1.63.Final/netty-all-4.1.63.Final.jar:/home/runner/.m2/repository/org/apache/htrace/htrace-core4/4.1.0-incubating/htrace-core4-4.1.0-incubating.jar:/home/runner/.m2/repository/org/fusesource/leveldbjni/leveldbjni-all/1.8/leveldbjni-all-1.8.jar:/home/runner/.m2/repository/org/apache/hadoop/hadoop-distcp/3.3.1/hadoop-distcp-3.3.1.jar:/home/runner/.m2/repository/org/apache/hadoop/hadoop-mapreduce-client-jobclient/3.3.1/hadoop-mapreduce-client-jobclient-3.3.1.jar:/home/runner/.m2/repository/org/apache/hadoop/hadoop-mapreduce-client-common/3.3.1/hadoop-mapreduce-client-common-3.3.1.jar:/home/runner/.m2/repository/org/apache/hadoop/hadoop-yarn-common/3.3.1/hadoop-yarn-common-3.3.1.jar:/home/runner/.m2/repository/org/apache/hadoop/hadoop-yarn-api/3.3.1/hadoop-yarn-api-3.3.1.jar:/home/runner/.m2/repository/com/sun/jersey/jersey-client/1.19/jersey-client-1.19.jar:/home/runner/.m2/repository/com/sun/jersey/contribs/jersey-guice/1.19/jersey-guice-1.19.jar:/home/runner/.m2/repository/com/fasterxml/jackson/jaxrs/jackson-jaxrs-json-provider/2.12.1/jackson-jaxrs-json-provider-2.12.1.jar:/home/runner/.m2/repository/com/fasterxml/jackson/jaxrs/jackson-jaxrs-base/2.12.1/jackson-jaxrs-base-2.12.1.jar:/home/runner/.m2/repository/org/apache/hadoop/hadoop-yarn-client/3.3.1/hadoop-yarn-client-3.3.1.jar:/home/runner/.m2/repository/org/eclipse/jetty/websocket/websocket-client/9.4.40.v20210413/websocket-client-9.4.40.v20210413.jar:/home/runner/.m2/repository/org/eclipse/jetty/jetty-client/9.4.40.v20210413/jetty-client-9.4.40.v20210413.jar:/home/runner/.m2/repository/org/eclipse/jetty/websocket/websocket-common/9.4.40.v20210413/websocket-common-9.4.40.v20210413.jar:/home/runner/.m2/repository/org/eclipse/jetty/websocket/websocket-api/9.4.40.v20210413/websocket-api-9.4.40.v20210413.jar:/home/runner/.m2/repository/org/jline/jline/3.9.0/jline-3.9.0.jar:/home/runner/.m2/repository/org/apache/hadoop/hadoop-mapreduce-client-core/3.3.1/hadoop-mapreduce-client-core-3.3.1.jar:/home/runner/.m2/repository/org/apache/avro/avro/1.7.7/avro-1.7.7.jar:/home/runner/.m2/repository/org/codehaus/jackson/jackson-core-asl/1.9.13/jackson-core-asl-1.9.13.jar:/home/runner/.m2/repository/org/codehaus/jackson/jackson-mapper-asl/1.9.13/jackson-mapper-asl-1.9.13.jar:/home/runner/.m2/repository/com/thoughtworks/paranamer/paranamer/2.3/paranamer-2.3.jar:/home/runner/.m2/repository/org/apache/hadoop/hadoop-annotations/3.3.1/hadoop-annotations-3.3.1.jar:/usr/lib/jvm/adoptopenjdk-8-hotspot-amd64/jre/../lib/tools.jar:/home/runner/.m2/repository/org/apache/hadoop/hadoop-distcp/3.3.1/hadoop-distcp-3.3.1-tests.jar:/home/runner/.m2/repository/org/apache/ratis/ratis-common/2.2.0/ratis-common-2.2.0.jar:/home/runner/.m2/repository/org/apache/ratis/ratis-thirdparty-misc/0.7.0/ratis-thirdparty-misc-0.7.0.jar:/home/runner/.m2/repository/org/apache/ratis/ratis-proto/2.2.0/ratis-proto-2.2.0.jar:"/>
    <property name="java.vm.vendor" value="AdoptOpenJDK"/>
    <property name="sun.arch.data.model" value="64"/>
    <property name="test.build.dir" value="/home/runner/work/ozone/ozone/hadoop-ozone/integration-test/target/test-dir"/>
    <property name="test.cache.data" value=""/>
    <property name="java.vendor.url" value="https://adoptopenjdk.net/"/>
    <property name="user.timezone" value=""/>
    <property name="java.vm.specification.version" value="1.8"/>
    <property name="os.name" value="Linux"/>
    <property name="test.build.data" value="/home/runner/work/ozone/ozone/hadoop-ozone/integration-test/target/test-dir"/>
    <property name="sun.java.launcher" value="SUN_STANDARD"/>
    <property name="sun.boot.library.path" value="/usr/lib/jvm/adoptopenjdk-8-hotspot-amd64/jre/lib/amd64"/>
    <property name="sun.java.command" value="/home/runner/work/ozone/ozone/hadoop-ozone/integration-test/target/surefire/surefirebooter3031020174631237535.jar /home/runner/work/ozone/ozone/hadoop-ozone/integration-test/target/surefire 2021-11-12T11-23-43_132-jvmRun1 surefire1561504703005554827tmp surefire_57700581049498346966tmp"/>
    <property name="surefire.test.class.path" value="/home/runner/work/ozone/ozone/hadoop-ozone/integration-test/target/test-classes:/home/runner/work/ozone/ozone/hadoop-ozone/integration-test/target/classes:/home/runner/.m2/repository/org/apache/ozone/ozone-common/1.2.0-SNAPSHOT/ozone-common-1.2.0-SNAPSHOT.jar:/home/runner/.m2/repository/org/apache/commons/commons-compress/1.21/commons-compress-1.21.jar:/home/runner/.m2/repository/org/apache/ozone/hdds-common/1.2.0-SNAPSHOT/hdds-common-1.2.0-SNAPSHOT.jar:/home/runner/.m2/repository/org/apache/ozone/hdds-client/1.2.0-SNAPSHOT/hdds-client-1.2.0-SNAPSHOT.jar:/home/runner/.m2/repository/org/apache/ozone/ozone-interface-client/1.2.0-SNAPSHOT/ozone-interface-client-1.2.0-SNAPSHOT.jar:/home/runner/.m2/repository/org/apache/ozone/hdds-test-utils/1.2.0-SNAPSHOT/hdds-test-utils-1.2.0-SNAPSHOT.jar:/home/runner/.m2/repository/com/google/guava/guava/30.1.1-jre/guava-30.1.1-jre.jar:/home/runner/.m2/repository/com/google/guava/failureaccess/1.0.1/failureaccess-1.0.1.jar:/home/runner/.m2/repository/com/google/guava/listenablefuture/9999.0-empty-to-avoid-conflict-with-guava/listenablefuture-9999.0-empty-to-avoid-conflict-with-guava.jar:/home/runner/.m2/repository/com/google/code/findbugs/jsr305/3.0.0/jsr305-3.0.0.jar:/home/runner/.m2/repository/org/checkerframework/checker-qual/3.8.0/checker-qual-3.8.0.jar:/home/runner/.m2/repository/com/google/errorprone/error_prone_annotations/2.2.0/error_prone_annotations-2.2.0.jar:/home/runner/.m2/repository/com/google/j2objc/j2objc-annotations/1.3/j2objc-annotations-1.3.jar:/home/runner/.m2/repository/commons-io/commons-io/2.11.0/commons-io-2.11.0.jar:/home/runner/.m2/repository/commons-logging/commons-logging/1.2/commons-logging-1.2.jar:/home/runner/.m2/repository/log4j/log4j/1.2.17/log4j-1.2.17.jar:/home/runner/.m2/repository/org/slf4j/slf4j-api/1.7.30/slf4j-api-1.7.30.jar:/home/runner/.m2/repository/org/apache/ozone/hdds-server-scm/1.2.0-SNAPSHOT/hdds-server-scm-1.2.0-SNAPSHOT.jar:/home/runner/.m2/repository/org/apache/ozone/hdds-container-service/1.2.0-SNAPSHOT/hdds-container-service-1.2.0-SNAPSHOT.jar:/home/runner/.m2/repository/org/apache/ozone/hdds-hadoop-dependency-server/1.2.0-SNAPSHOT/hdds-hadoop-dependency-server-1.2.0-SNAPSHOT.jar:/home/runner/.m2/repository/org/apache/hadoop/hadoop-hdfs/3.3.1/hadoop-hdfs-3.3.1.jar:/home/runner/.m2/repository/org/apache/ozone/hdds-server-framework/1.2.0-SNAPSHOT/hdds-server-framework-1.2.0-SNAPSHOT.jar:/home/runner/.m2/repository/org/apache/ozone/hdds-interface-server/1.2.0-SNAPSHOT/hdds-interface-server-1.2.0-SNAPSHOT.jar:/home/runner/.m2/repository/org/eclipse/jetty/jetty-servlet/9.4.43.v20210629/jetty-servlet-9.4.43.v20210629.jar:/home/runner/.m2/repository/org/eclipse/jetty/jetty-security/9.4.43.v20210629/jetty-security-9.4.43.v20210629.jar:/home/runner/.m2/repository/org/rocksdb/rocksdbjni/6.25.3/rocksdbjni-6.25.3.jar:/home/runner/.m2/repository/io/prometheus/simpleclient_dropwizard/0.7.0/simpleclient_dropwizard-0.7.0.jar:/home/runner/.m2/repository/io/prometheus/simpleclient/0.7.0/simpleclient-0.7.0.jar:/home/runner/.m2/repository/io/prometheus/simpleclient_common/0.7.0/simpleclient_common-0.7.0.jar:/home/runner/.m2/repository/com/fasterxml/jackson/datatype/jackson-datatype-jsr310/2.12.1/jackson-datatype-jsr310-2.12.1.jar:/home/runner/.m2/repository/io/dropwizard/metrics/metrics-core/3.2.4/metrics-core-3.2.4.jar:/home/runner/.m2/repository/org/apache/hadoop/hadoop-hdfs-client/3.3.1/hadoop-hdfs-client-3.3.1.jar:/home/runner/.m2/repository/org/bouncycastle/bcprov-jdk15on/1.67/bcprov-jdk15on-1.67.jar:/home/runner/.m2/repository/com/google/protobuf/protobuf-java/2.5.0/protobuf-java-2.5.0.jar:/home/runner/.m2/repository/org/apache/ozone/ozone-manager/1.2.0-SNAPSHOT/ozone-manager-1.2.0-SNAPSHOT.jar:/home/runner/.m2/repository/org/aspectj/aspectjrt/1.9.7/aspectjrt-1.9.7.jar:/home/runner/.m2/repository/org/aspectj/aspectjweaver/1.9.7/aspectjweaver-1.9.7.jar:/home/runner/.m2/repository/org/apache/ozone/hdds-interface-client/1.2.0-SNAPSHOT/hdds-interface-client-1.2.0-SNAPSHOT.jar:/home/runner/.m2/repository/org/apache/hadoop/thirdparty/hadoop-shaded-protobuf_3_7/1.1.1/hadoop-shaded-protobuf_3_7-1.1.1.jar:/home/runner/.m2/repository/org/apache/ozone/ozone-interface-storage/1.2.0-SNAPSHOT/ozone-interface-storage-1.2.0-SNAPSHOT.jar:/home/runner/.m2/repository/org/reflections/reflections/0.9.11/reflections-0.9.11.jar:/home/runner/.m2/repository/org/apache/hadoop/hadoop-minikdc/3.3.1/hadoop-minikdc-3.3.1.jar:/home/runner/.m2/repository/org/apache/kerby/kerb-simplekdc/1.0.1/kerb-simplekdc-1.0.1.jar:/home/runner/.m2/repository/org/apache/kerby/kerb-client/1.0.1/kerb-client-1.0.1.jar:/home/runner/.m2/repository/org/apache/kerby/kerby-config/1.0.1/kerby-config-1.0.1.jar:/home/runner/.m2/repository/org/apache/kerby/kerb-common/1.0.1/kerb-common-1.0.1.jar:/home/runner/.m2/repository/org/apache/kerby/kerb-crypto/1.0.1/kerb-crypto-1.0.1.jar:/home/runner/.m2/repository/org/apache/kerby/kerb-util/1.0.1/kerb-util-1.0.1.jar:/home/runner/.m2/repository/org/apache/kerby/token-provider/1.0.1/token-provider-1.0.1.jar:/home/runner/.m2/repository/org/apache/kerby/kerb-admin/1.0.1/kerb-admin-1.0.1.jar:/home/runner/.m2/repository/org/apache/kerby/kerb-server/1.0.1/kerb-server-1.0.1.jar:/home/runner/.m2/repository/org/apache/kerby/kerb-identity/1.0.1/kerb-identity-1.0.1.jar:/home/runner/.m2/repository/org/apache/kerby/kerby-xdr/1.0.1/kerby-xdr-1.0.1.jar:/home/runner/.m2/repository/org/slf4j/slf4j-log4j12/1.7.30/slf4j-log4j12-1.7.30.jar:/home/runner/.m2/repository/org/apache/ozone/ozone-s3gateway/1.2.0-SNAPSHOT/ozone-s3gateway-1.2.0-SNAPSHOT.jar:/home/runner/.m2/repository/org/javassist/javassist/3.21.0-GA/javassist-3.21.0-GA.jar:/home/runner/.m2/repository/org/jboss/weld/servlet/weld-servlet/2.4.7.Final/weld-servlet-2.4.7.Final.jar:/home/runner/.m2/repository/org/glassfish/jersey/containers/jersey-container-servlet-core/2.33/jersey-container-servlet-core-2.33.jar:/home/runner/.m2/repository/org/glassfish/hk2/external/jakarta.inject/2.6.1/jakarta.inject-2.6.1.jar:/home/runner/.m2/repository/org/glassfish/jersey/core/jersey-common/2.33/jersey-common-2.33.jar:/home/runner/.m2/repository/jakarta/ws/rs/jakarta.ws.rs-api/2.1.6/jakarta.ws.rs-api-2.1.6.jar:/home/runner/.m2/repository/org/glassfish/jersey/ext/cdi/jersey-cdi1x/2.33/jersey-cdi1x-2.33.jar:/home/runner/.m2/repository/org/glassfish/jersey/inject/jersey-hk2/2.33/jersey-hk2-2.33.jar:/home/runner/.m2/repository/org/glassfish/hk2/hk2-locator/2.6.1/hk2-locator-2.6.1.jar:/home/runner/.m2/repository/org/glassfish/jersey/media/jersey-media-jaxb/2.33/jersey-media-jaxb-2.33.jar:/home/runner/.m2/repository/org/glassfish/hk2/osgi-resource-locator/1.0.3/osgi-resource-locator-1.0.3.jar:/home/runner/.m2/repository/org/glassfish/hk2/hk2-api/2.5.0/hk2-api-2.5.0.jar:/home/runner/.m2/repository/org/glassfish/hk2/hk2-utils/2.5.0/hk2-utils-2.5.0.jar:/home/runner/.m2/repository/org/glassfish/hk2/external/aopalliance-repackaged/2.5.0/aopalliance-repackaged-2.5.0.jar:/home/runner/.m2/repository/com/fasterxml/jackson/dataformat/jackson-dataformat-xml/2.12.1/jackson-dataformat-xml-2.12.1.jar:/home/runner/.m2/repository/com/fasterxml/jackson/core/jackson-core/2.12.1/jackson-core-2.12.1.jar:/home/runner/.m2/repository/com/fasterxml/jackson/module/jackson-module-jaxb-annotations/2.12.1/jackson-module-jaxb-annotations-2.12.1.jar:/home/runner/.m2/repository/jakarta/xml/bind/jakarta.xml.bind-api/2.3.2/jakarta.xml.bind-api-2.3.2.jar:/home/runner/.m2/repository/org/codehaus/woodstox/stax2-api/3.1.4/stax2-api-3.1.4.jar:/home/runner/.m2/repository/com/fasterxml/woodstox/woodstox-core/5.0.3/woodstox-core-5.0.3.jar:/home/runner/.m2/repository/javax/enterprise/cdi-api/1.2/cdi-api-1.2.jar:/home/runner/.m2/repository/javax/el/javax.el-api/3.0.0/javax.el-api-3.0.0.jar:/home/runner/.m2/repository/javax/interceptor/javax.interceptor-api/1.2/javax.interceptor-api-1.2.jar:/home/runner/.m2/repository/javax/inject/javax.inject/1/javax.inject-1.jar:/home/runner/.m2/repository/javax/xml/bind/jaxb-api/2.3.0/jaxb-api-2.3.0.jar:/home/runner/.m2/repository/org/glassfish/jaxb/jaxb-runtime/2.3.0.1/jaxb-runtime-2.3.0.1.jar:/home/runner/.m2/repository/org/glassfish/jaxb/jaxb-core/2.3.0.1/jaxb-core-2.3.0.1.jar:/home/runner/.m2/repository/org/glassfish/jaxb/txw2/2.3.0.1/txw2-2.3.0.1.jar:/home/runner/.m2/repository/com/sun/istack/istack-commons-runtime/3.0.5/istack-commons-runtime-3.0.5.jar:/home/runner/.m2/repository/org/jvnet/staxex/stax-ex/1.7.8/stax-ex-1.7.8.jar:/home/runner/.m2/repository/com/sun/xml/fastinfoset/FastInfoset/1.2.13/FastInfoset-1.2.13.jar:/home/runner/.m2/repository/javax/activation/activation/1.1.1/activation-1.1.1.jar:/home/runner/.m2/repository/org/apache/ozone/ozone-csi/1.2.0-SNAPSHOT/ozone-csi-1.2.0-SNAPSHOT.jar:/home/runner/.m2/repository/com/google/protobuf/protobuf-java-util/3.12.0/protobuf-java-util-3.12.0.jar:/home/runner/.m2/repository/com/google/code/gson/gson/2.2.4/gson-2.2.4.jar:/home/runner/.m2/repository/org/apache/ozone/hdds-config/1.2.0-SNAPSHOT/hdds-config-1.2.0-SNAPSHOT.jar:/home/runner/.m2/repository/io/grpc/grpc-netty/1.33.0/grpc-netty-1.33.0.jar:/home/runner/.m2/repository/io/grpc/grpc-core/1.33.0/grpc-core-1.33.0.jar:/home/runner/.m2/repository/com/google/android/annotations/4.1.1.4/annotations-4.1.1.4.jar:/home/runner/.m2/repository/io/netty/netty-codec-http2/4.1.63.Final/netty-codec-http2-4.1.63.Final.jar:/home/runner/.m2/repository/io/netty/netty-codec-http/4.1.63.Final/netty-codec-http-4.1.63.Final.jar:/home/runner/.m2/repository/io/netty/netty-handler-proxy/4.1.63.Final/netty-handler-proxy-4.1.63.Final.jar:/home/runner/.m2/repository/io/netty/netty-codec-socks/4.1.63.Final/netty-codec-socks-4.1.63.Final.jar:/home/runner/.m2/repository/io/perfmark/perfmark-api/0.19.0/perfmark-api-0.19.0.jar:/home/runner/.m2/repository/org/codehaus/mojo/animal-sniffer-annotations/1.18/animal-sniffer-annotations-1.18.jar:/home/runner/.m2/repository/io/netty/netty-transport-native-epoll/4.1.63.Final/netty-transport-native-epoll-4.1.63.Final.jar:/home/runner/.m2/repository/io/netty/netty-common/4.1.63.Final/netty-common-4.1.63.Final.jar:/home/runner/.m2/repository/io/netty/netty-buffer/4.1.63.Final/netty-buffer-4.1.63.Final.jar:/home/runner/.m2/repository/io/netty/netty-transport-native-unix-common/4.1.63.Final/netty-transport-native-unix-common-4.1.63.Final.jar:/home/runner/.m2/repository/io/grpc/grpc-protobuf/1.33.0/grpc-protobuf-1.33.0.jar:/home/runner/.m2/repository/io/grpc/grpc-api/1.33.0/grpc-api-1.33.0.jar:/home/runner/.m2/repository/io/grpc/grpc-context/1.33.0/grpc-context-1.33.0.jar:/home/runner/.m2/repository/com/google/api/grpc/proto-google-common-protos/1.17.0/proto-google-common-protos-1.17.0.jar:/home/runner/.m2/repository/io/grpc/grpc-protobuf-lite/1.33.0/grpc-protobuf-lite-1.33.0.jar:/home/runner/.m2/repository/io/grpc/grpc-stub/1.33.0/grpc-stub-1.33.0.jar:/home/runner/.m2/repository/org/apache/ozone/ozone-recon/1.2.0-SNAPSHOT/ozone-recon-1.2.0-SNAPSHOT.jar:/home/runner/.m2/repository/org/apache/ozone/ozone-reconcodegen/1.2.0-SNAPSHOT/ozone-reconcodegen-1.2.0-SNAPSHOT.jar:/home/runner/.m2/repository/com/google/inject/extensions/guice-multibindings/4.0/guice-multibindings-4.0.jar:/home/runner/.m2/repository/com/google/inject/guice/4.0/guice-4.0.jar:/home/runner/.m2/repository/aopalliance/aopalliance/1.0/aopalliance-1.0.jar:/home/runner/.m2/repository/com/google/inject/extensions/guice-assistedinject/4.0/guice-assistedinject-4.0.jar:/home/runner/.m2/repository/com/google/inject/extensions/guice-servlet/4.0/guice-servlet-4.0.jar:/home/runner/.m2/repository/org/glassfish/jersey/containers/jersey-container-servlet/2.33/jersey-container-servlet-2.33.jar:/home/runner/.m2/repository/org/glassfish/hk2/guice-bridge/2.5.0/guice-bridge-2.5.0.jar:/home/runner/.m2/repository/org/glassfish/jersey/core/jersey-server/2.33/jersey-server-2.33.jar:/home/runner/.m2/repository/org/glassfish/jersey/core/jersey-client/2.33/jersey-client-2.33.jar:/home/runner/.m2/repository/jakarta/annotation/jakarta.annotation-api/1.3.5/jakarta.annotation-api-1.3.5.jar:/home/runner/.m2/repository/jakarta/validation/jakarta.validation-api/2.0.2/jakarta.validation-api-2.0.2.jar:/home/runner/.m2/repository/org/glassfish/jersey/media/jersey-media-json-jackson/2.33/jersey-media-json-jackson-2.33.jar:/home/runner/.m2/repository/org/glassfish/jersey/ext/jersey-entity-filtering/2.33/jersey-entity-filtering-2.33.jar:/home/runner/.m2/repository/org/jooq/jooq/3.11.10/jooq-3.11.10.jar:/home/runner/.m2/repository/org/jooq/jooq-meta/3.11.10/jooq-meta-3.11.10.jar:/home/runner/.m2/repository/org/jooq/jooq-codegen/3.11.10/jooq-codegen-3.11.10.jar:/home/runner/.m2/repository/com/jolbox/bonecp/0.8.0.RELEASE/bonecp-0.8.0.RELEASE.jar:/home/runner/.m2/repository/org/apache/derby/derby/10.14.2.0/derby-10.14.2.0.jar:/home/runner/.m2/repository/org/xerial/sqlite-jdbc/3.25.2/sqlite-jdbc-3.25.2.jar:/home/runner/.m2/repository/org/springframework/spring-jdbc/5.2.18.RELEASE/spring-jdbc-5.2.18.RELEASE.jar:/home/runner/.m2/repository/org/springframework/spring-beans/5.2.18.RELEASE/spring-beans-5.2.18.RELEASE.jar:/home/runner/.m2/repository/org/springframework/spring-core/5.2.18.RELEASE/spring-core-5.2.18.RELEASE.jar:/home/runner/.m2/repository/org/springframework/spring-jcl/5.2.18.RELEASE/spring-jcl-5.2.18.RELEASE.jar:/home/runner/.m2/repository/org/springframework/spring-tx/5.2.18.RELEASE/spring-tx-5.2.18.RELEASE.jar:/home/runner/.m2/repository/org/apache/ozone/ozone-client/1.2.0-SNAPSHOT/ozone-client-1.2.0-SNAPSHOT.jar:/home/runner/.m2/repository/org/apache/ozone/ozone-filesystem/1.2.0-SNAPSHOT/ozone-filesystem-1.2.0-SNAPSHOT.jar:/home/runner/.m2/repository/org/apache/ozone/ozone-filesystem-common/1.2.0-SNAPSHOT/ozone-filesystem-common-1.2.0-SNAPSHOT.jar:/home/runner/.m2/repository/org/apache/ozone/ozone-tools/1.2.0-SNAPSHOT/ozone-tools-1.2.0-SNAPSHOT.jar:/home/runner/.m2/repository/org/apache/ratis/ratis-tools/2.2.0/ratis-tools-2.2.0.jar:/home/runner/.m2/repository/com/amazonaws/aws-java-sdk-core/1.11.1034/aws-java-sdk-core-1.11.1034.jar:/home/runner/.m2/repository/org/apache/httpcomponents/httpclient/4.5.13/httpclient-4.5.13.jar:/home/runner/.m2/repository/org/apache/httpcomponents/httpcore/4.4.13/httpcore-4.4.13.jar:/home/runner/.m2/repository/software/amazon/ion/ion-java/1.0.2/ion-java-1.0.2.jar:/home/runner/.m2/repository/com/fasterxml/jackson/dataformat/jackson-dataformat-cbor/2.12.1/jackson-dataformat-cbor-2.12.1.jar:/home/runner/.m2/repository/joda-time/joda-time/2.8.1/joda-time-2.8.1.jar:/home/runner/.m2/repository/com/amazonaws/aws-java-sdk-s3/1.11.1034/aws-java-sdk-s3-1.11.1034.jar:/home/runner/.m2/repository/com/amazonaws/aws-java-sdk-kms/1.11.1034/aws-java-sdk-kms-1.11.1034.jar:/home/runner/.m2/repository/com/amazonaws/jmespath-java/1.11.1034/jmespath-java-1.11.1034.jar:/home/runner/.m2/repository/org/kohsuke/metainf-services/metainf-services/1.8/metainf-services-1.8.jar:/home/runner/.m2/repository/org/apache/ozone/hdds-tools/1.2.0-SNAPSHOT/hdds-tools-1.2.0-SNAPSHOT.jar:/home/runner/.m2/repository/commons-cli/commons-cli/1.2/commons-cli-1.2.jar:/home/runner/.m2/repository/org/apache/commons/commons-lang3/3.7/commons-lang3-3.7.jar:/home/runner/.m2/repository/org/apache/ozone/ozone-manager/1.2.0-SNAPSHOT/ozone-manager-1.2.0-SNAPSHOT-tests.jar:/home/runner/.m2/repository/org/apache/ozone/hdds-common/1.2.0-SNAPSHOT/hdds-common-1.2.0-SNAPSHOT-tests.jar:/home/runner/.m2/repository/org/apache/ozone/hdds-hadoop-dependency-client/1.2.0-SNAPSHOT/hdds-hadoop-dependency-client-1.2.0-SNAPSHOT.jar:/home/runner/.m2/repository/info/picocli/picocli/4.6.1/picocli-4.6.1.jar:/home/runner/.m2/repository/com/fasterxml/jackson/core/jackson-annotations/2.12.1/jackson-annotations-2.12.1.jar:/home/runner/.m2/repository/javax/annotation/javax.annotation-api/1.2/javax.annotation-api-1.2.jar:/home/runner/.m2/repository/org/apache/ratis/ratis-server/2.2.0/ratis-server-2.2.0.jar:/home/runner/.m2/repository/org/apache/ratis/ratis-client/2.2.0/ratis-client-2.2.0.jar:/home/runner/.m2/repository/org/apache/ratis/ratis-server-api/2.2.0/ratis-server-api-2.2.0.jar:/home/runner/.m2/repository/org/apache/ratis/ratis-metrics/2.2.0/ratis-metrics-2.2.0.jar:/home/runner/.m2/repository/org/apache/ratis/ratis-netty/2.2.0/ratis-netty-2.2.0.jar:/home/runner/.m2/repository/org/apache/ratis/ratis-grpc/2.2.0/ratis-grpc-2.2.0.jar:/home/runner/.m2/repository/org/apache/logging/log4j/log4j-api/2.13.3/log4j-api-2.13.3.jar:/home/runner/.m2/repository/org/apache/logging/log4j/log4j-core/2.13.3/log4j-core-2.13.3.jar:/home/runner/.m2/repository/com/lmax/disruptor/3.4.2/disruptor-3.4.2.jar:/home/runner/.m2/repository/org/apache/commons/commons-pool2/2.6.0/commons-pool2-2.6.0.jar:/home/runner/.m2/repository/org/bouncycastle/bcpkix-jdk15on/1.67/bcpkix-jdk15on-1.67.jar:/home/runner/.m2/repository/commons-validator/commons-validator/1.6/commons-validator-1.6.jar:/home/runner/.m2/repository/commons-beanutils/commons-beanutils/1.9.4/commons-beanutils-1.9.4.jar:/home/runner/.m2/repository/commons-digester/commons-digester/1.8.1/commons-digester-1.8.1.jar:/home/runner/.m2/repository/commons-collections/commons-collections/3.2.2/commons-collections-3.2.2.jar:/home/runner/.m2/repository/io/jaegertracing/jaeger-client/1.6.0/jaeger-client-1.6.0.jar:/home/runner/.m2/repository/io/jaegertracing/jaeger-thrift/1.6.0/jaeger-thrift-1.6.0.jar:/home/runner/.m2/repository/org/apache/thrift/libthrift/0.14.1/libthrift-0.14.1.jar:/home/runner/.m2/repository/com/squareup/okhttp3/okhttp/4.9.0/okhttp-4.9.0.jar:/home/runner/.m2/repository/com/squareup/okio/okio/2.8.0/okio-2.8.0.jar:/home/runner/.m2/repository/io/jaegertracing/jaeger-core/1.6.0/jaeger-core-1.6.0.jar:/home/runner/.m2/repository/io/jaegertracing/jaeger-tracerresolver/1.6.0/jaeger-tracerresolver-1.6.0.jar:/home/runner/.m2/repository/io/opentracing/contrib/opentracing-tracerresolver/0.1.8/opentracing-tracerresolver-0.1.8.jar:/home/runner/.m2/repository/org/jetbrains/kotlin/kotlin-stdlib/1.4.31/kotlin-stdlib-1.4.31.jar:/home/runner/.m2/repository/org/jetbrains/kotlin/kotlin-stdlib-common/1.4.31/kotlin-stdlib-common-1.4.31.jar:/home/runner/.m2/repository/org/jetbrains/annotations/13.0/annotations-13.0.jar:/home/runner/.m2/repository/io/opentracing/opentracing-util/0.33.0/opentracing-util-0.33.0.jar:/home/runner/.m2/repository/io/opentracing/opentracing-api/0.33.0/opentracing-api-0.33.0.jar:/home/runner/.m2/repository/io/opentracing/opentracing-noop/0.33.0/opentracing-noop-0.33.0.jar:/home/runner/.m2/repository/org/yaml/snakeyaml/1.26/snakeyaml-1.26.jar:/home/runner/.m2/repository/org/apache/ozone/hdds-interface-admin/1.2.0-SNAPSHOT/hdds-interface-admin-1.2.0-SNAPSHOT.jar:/home/runner/.m2/repository/junit/junit/4.13.1/junit-4.13.1.jar:/home/runner/.m2/repository/org/hamcrest/hamcrest-core/1.3/hamcrest-core-1.3.jar:/home/runner/.m2/repository/org/junit/jupiter/junit-jupiter-api/5.7.0/junit-jupiter-api-5.7.0.jar:/home/runner/.m2/repository/org/apiguardian/apiguardian-api/1.1.0/apiguardian-api-1.1.0.jar:/home/runner/.m2/repository/org/opentest4j/opentest4j/1.2.0/opentest4j-1.2.0.jar:/home/runner/.m2/repository/org/junit/platform/junit-platform-commons/1.7.0/junit-platform-commons-1.7.0.jar:/home/runner/.m2/repository/org/junit/jupiter/junit-jupiter-engine/5.7.0/junit-jupiter-engine-5.7.0.jar:/home/runner/.m2/repository/org/junit/platform/junit-platform-engine/1.7.0/junit-platform-engine-1.7.0.jar:/home/runner/.m2/repository/org/junit/vintage/junit-vintage-engine/5.7.0/junit-vintage-engine-5.7.0.jar:/home/runner/.m2/repository/org/junit/platform/junit-platform-launcher/1.7.0/junit-platform-launcher-1.7.0.jar:/home/runner/.m2/repository/org/openjdk/jmh/jmh-core/1.19/jmh-core-1.19.jar:/home/runner/.m2/repository/net/sf/jopt-simple/jopt-simple/4.6/jopt-simple-4.6.jar:/home/runner/.m2/repository/org/apache/commons/commons-math3/3.1.1/commons-math3-3.1.1.jar:/home/runner/.m2/repository/org/openjdk/jmh/jmh-generator-annprocess/1.19/jmh-generator-annprocess-1.19.jar:/home/runner/.m2/repository/org/mockito/mockito-core/2.28.2/mockito-core-2.28.2.jar:/home/runner/.m2/repository/net/bytebuddy/byte-buddy/1.9.10/byte-buddy-1.9.10.jar:/home/runner/.m2/repository/net/bytebuddy/byte-buddy-agent/1.9.10/byte-buddy-agent-1.9.10.jar:/home/runner/.m2/repository/org/objenesis/objenesis/1.0/objenesis-1.0.jar:/home/runner/.m2/repository/org/apache/hadoop/hadoop-kms/3.3.1/hadoop-kms-3.3.1.jar:/home/runner/.m2/repository/org/apache/hadoop/hadoop-auth/3.3.1/hadoop-auth-3.3.1.jar:/home/runner/.m2/repository/com/nimbusds/nimbus-jose-jwt/7.9/nimbus-jose-jwt-7.9.jar:/home/runner/.m2/repository/com/github/stephenc/jcip/jcip-annotations/1.0-1/jcip-annotations-1.0-1.jar:/home/runner/.m2/repository/net/minidev/json-smart/2.3.1/json-smart-2.3.1.jar:/home/runner/.m2/repository/net/minidev/accessors-smart/2.3.1/accessors-smart-2.3.1.jar:/home/runner/.m2/repository/org/ow2/asm/asm/5.0.4/asm-5.0.4.jar:/home/runner/.m2/repository/org/apache/zookeeper/zookeeper/3.5.6/zookeeper-3.5.6.jar:/home/runner/.m2/repository/org/apache/zookeeper/zookeeper-jute/3.5.6/zookeeper-jute-3.5.6.jar:/home/runner/.m2/repository/org/apache/yetus/audience-annotations/0.5.0/audience-annotations-0.5.0.jar:/home/runner/.m2/repository/org/apache/curator/curator-framework/4.2.0/curator-framework-4.2.0.jar:/home/runner/.m2/repository/org/apache/hadoop/thirdparty/hadoop-shaded-guava/1.1.1/hadoop-shaded-guava-1.1.1.jar:/home/runner/.m2/repository/com/sun/jersey/jersey-core/1.19/jersey-core-1.19.jar:/home/runner/.m2/repository/javax/ws/rs/jsr311-api/1.1.1/jsr311-api-1.1.1.jar:/home/runner/.m2/repository/com/sun/jersey/jersey-server/1.19/jersey-server-1.19.jar:/home/runner/.m2/repository/javax/servlet/javax.servlet-api/3.1.0/javax.servlet-api-3.1.0.jar:/home/runner/.m2/repository/org/eclipse/jetty/jetty-server/9.4.43.v20210629/jetty-server-9.4.43.v20210629.jar:/home/runner/.m2/repository/org/eclipse/jetty/jetty-http/9.4.43.v20210629/jetty-http-9.4.43.v20210629.jar:/home/runner/.m2/repository/org/eclipse/jetty/jetty-io/9.4.43.v20210629/jetty-io-9.4.43.v20210629.jar:/home/runner/.m2/repository/org/eclipse/jetty/jetty-webapp/9.4.43.v20210629/jetty-webapp-9.4.43.v20210629.jar:/home/runner/.m2/repository/org/eclipse/jetty/jetty-xml/9.4.43.v20210629/jetty-xml-9.4.43.v20210629.jar:/home/runner/.m2/repository/org/apache/hadoop/hadoop-common/3.3.1/hadoop-common-3.3.1.jar:/home/runner/.m2/repository/commons-net/commons-net/3.6/commons-net-3.6.jar:/home/runner/.m2/repository/jakarta/activation/jakarta.activation-api/1.2.1/jakarta.activation-api-1.2.1.jar:/home/runner/.m2/repository/com/sun/jersey/jersey-servlet/1.19/jersey-servlet-1.19.jar:/home/runner/.m2/repository/com/sun/jersey/jersey-json/1.19/jersey-json-1.19.jar:/home/runner/.m2/repository/org/codehaus/jettison/jettison/1.1/jettison-1.1.jar:/home/runner/.m2/repository/com/sun/xml/bind/jaxb-impl/2.2.3-1/jaxb-impl-2.2.3-1.jar:/home/runner/.m2/repository/org/codehaus/jackson/jackson-jaxrs/1.9.2/jackson-jaxrs-1.9.2.jar:/home/runner/.m2/repository/org/codehaus/jackson/jackson-xc/1.9.2/jackson-xc-1.9.2.jar:/home/runner/.m2/repository/org/apache/commons/commons-configuration2/2.1.1/commons-configuration2-2.1.1.jar:/home/runner/.m2/repository/org/apache/commons/commons-text/1.4/commons-text-1.4.jar:/home/runner/.m2/repository/com/google/re2j/re2j/1.1/re2j-1.1.jar:/home/runner/.m2/repository/com/jcraft/jsch/0.1.54/jsch-0.1.54.jar:/home/runner/.m2/repository/org/apache/curator/curator-client/4.2.0/curator-client-4.2.0.jar:/home/runner/.m2/repository/org/apache/curator/curator-recipes/4.2.0/curator-recipes-4.2.0.jar:/home/runner/.m2/repository/org/apache/kerby/kerb-core/1.0.1/kerb-core-1.0.1.jar:/home/runner/.m2/repository/org/apache/kerby/kerby-pkix/1.0.1/kerby-pkix-1.0.1.jar:/home/runner/.m2/repository/org/apache/kerby/kerby-asn1/1.0.1/kerby-asn1-1.0.1.jar:/home/runner/.m2/repository/org/apache/kerby/kerby-util/1.0.1/kerby-util-1.0.1.jar:/home/runner/.m2/repository/dnsjava/dnsjava/2.1.7/dnsjava-2.1.7.jar:/home/runner/.m2/repository/org/xerial/snappy/snappy-java/1.1.8.2/snappy-java-1.1.8.2.jar:/home/runner/.m2/repository/org/slf4j/jul-to-slf4j/1.7.30/jul-to-slf4j-1.7.30.jar:/home/runner/.m2/repository/org/eclipse/jetty/jetty-util/9.4.43.v20210629/jetty-util-9.4.43.v20210629.jar:/home/runner/.m2/repository/com/fasterxml/jackson/core/jackson-databind/2.12.1/jackson-databind-2.12.1.jar:/home/runner/.m2/repository/org/apache/hadoop/hadoop-kms/3.3.1/hadoop-kms-3.3.1-tests.jar:/home/runner/.m2/repository/org/apache/ozone/hdds-server-scm/1.2.0-SNAPSHOT/hdds-server-scm-1.2.0-SNAPSHOT-tests.jar:/home/runner/.m2/repository/org/apache/ozone/hdds-container-service/1.2.0-SNAPSHOT/hdds-container-service-1.2.0-SNAPSHOT-tests.jar:/home/runner/.m2/repository/commons-codec/commons-codec/1.11/commons-codec-1.11.jar:/home/runner/.m2/repository/io/netty/netty-transport/4.1.63.Final/netty-transport-4.1.63.Final.jar:/home/runner/.m2/repository/io/netty/netty-resolver/4.1.63.Final/netty-resolver-4.1.63.Final.jar:/home/runner/.m2/repository/io/netty/netty-codec/4.1.63.Final/netty-codec-4.1.63.Final.jar:/home/runner/.m2/repository/io/netty/netty-handler/4.1.63.Final/netty-handler-4.1.63.Final.jar:/home/runner/.m2/repository/org/apache/ozone/hdds-hadoop-dependency-test/1.2.0-SNAPSHOT/hdds-hadoop-dependency-test-1.2.0-SNAPSHOT.jar:/home/runner/.m2/repository/org/apache/hadoop/hadoop-common/3.3.1/hadoop-common-3.3.1-tests.jar:/home/runner/.m2/repository/org/assertj/assertj-core/3.12.2/assertj-core-3.12.2.jar:/home/runner/.m2/repository/org/apache/hadoop/hadoop-hdfs/3.3.1/hadoop-hdfs-3.3.1-tests.jar:/home/runner/.m2/repository/org/eclipse/jetty/jetty-util-ajax/9.4.43.v20210629/jetty-util-ajax-9.4.43.v20210629.jar:/home/runner/.m2/repository/commons-daemon/commons-daemon/1.0.13/commons-daemon-1.0.13.jar:/home/runner/.m2/repository/io/netty/netty/3.10.6.Final/netty-3.10.6.Final.jar:/home/runner/.m2/repository/io/netty/netty-all/4.1.63.Final/netty-all-4.1.63.Final.jar:/home/runner/.m2/repository/org/apache/htrace/htrace-core4/4.1.0-incubating/htrace-core4-4.1.0-incubating.jar:/home/runner/.m2/repository/org/fusesource/leveldbjni/leveldbjni-all/1.8/leveldbjni-all-1.8.jar:/home/runner/.m2/repository/org/apache/hadoop/hadoop-distcp/3.3.1/hadoop-distcp-3.3.1.jar:/home/runner/.m2/repository/org/apache/hadoop/hadoop-mapreduce-client-jobclient/3.3.1/hadoop-mapreduce-client-jobclient-3.3.1.jar:/home/runner/.m2/repository/org/apache/hadoop/hadoop-mapreduce-client-common/3.3.1/hadoop-mapreduce-client-common-3.3.1.jar:/home/runner/.m2/repository/org/apache/hadoop/hadoop-yarn-common/3.3.1/hadoop-yarn-common-3.3.1.jar:/home/runner/.m2/repository/org/apache/hadoop/hadoop-yarn-api/3.3.1/hadoop-yarn-api-3.3.1.jar:/home/runner/.m2/repository/com/sun/jersey/jersey-client/1.19/jersey-client-1.19.jar:/home/runner/.m2/repository/com/sun/jersey/contribs/jersey-guice/1.19/jersey-guice-1.19.jar:/home/runner/.m2/repository/com/fasterxml/jackson/jaxrs/jackson-jaxrs-json-provider/2.12.1/jackson-jaxrs-json-provider-2.12.1.jar:/home/runner/.m2/repository/com/fasterxml/jackson/jaxrs/jackson-jaxrs-base/2.12.1/jackson-jaxrs-base-2.12.1.jar:/home/runner/.m2/repository/org/apache/hadoop/hadoop-yarn-client/3.3.1/hadoop-yarn-client-3.3.1.jar:/home/runner/.m2/repository/org/eclipse/jetty/websocket/websocket-client/9.4.40.v20210413/websocket-client-9.4.40.v20210413.jar:/home/runner/.m2/repository/org/eclipse/jetty/jetty-client/9.4.40.v20210413/jetty-client-9.4.40.v20210413.jar:/home/runner/.m2/repository/org/eclipse/jetty/websocket/websocket-common/9.4.40.v20210413/websocket-common-9.4.40.v20210413.jar:/home/runner/.m2/repository/org/eclipse/jetty/websocket/websocket-api/9.4.40.v20210413/websocket-api-9.4.40.v20210413.jar:/home/runner/.m2/repository/org/jline/jline/3.9.0/jline-3.9.0.jar:/home/runner/.m2/repository/org/apache/hadoop/hadoop-mapreduce-client-core/3.3.1/hadoop-mapreduce-client-core-3.3.1.jar:/home/runner/.m2/repository/org/apache/avro/avro/1.7.7/avro-1.7.7.jar:/home/runner/.m2/repository/org/codehaus/jackson/jackson-core-asl/1.9.13/jackson-core-asl-1.9.13.jar:/home/runner/.m2/repository/org/codehaus/jackson/jackson-mapper-asl/1.9.13/jackson-mapper-asl-1.9.13.jar:/home/runner/.m2/repository/com/thoughtworks/paranamer/paranamer/2.3/paranamer-2.3.jar:/home/runner/.m2/repository/org/apache/hadoop/hadoop-annotations/3.3.1/hadoop-annotations-3.3.1.jar:/usr/lib/jvm/adoptopenjdk-8-hotspot-amd64/jre/../lib/tools.jar:/home/runner/.m2/repository/org/apache/hadoop/hadoop-distcp/3.3.1/hadoop-distcp-3.3.1-tests.jar:/home/runner/.m2/repository/org/apache/ratis/ratis-common/2.2.0/ratis-common-2.2.0.jar:/home/runner/.m2/repository/org/apache/ratis/ratis-thirdparty-misc/0.7.0/ratis-thirdparty-misc-0.7.0.jar:/home/runner/.m2/repository/org/apache/ratis/ratis-proto/2.2.0/ratis-proto-2.2.0.jar:"/>
    <property name="sun.cpu.endian" value="little"/>
    <property name="user.home" value="/home/runner"/>
    <property name="user.language" value="en"/>
    <property name="java.specification.vendor" value="Oracle Corporation"/>
    <property name="java.home" value="/usr/lib/jvm/adoptopenjdk-8-hotspot-amd64/jre"/>
    <property name="java.security.krb5.conf" value="/home/runner/work/ozone/ozone/hadoop-ozone/integration-test/target/test-classes/krb5.conf"/>
    <property name="basedir" value="/home/runner/work/ozone/ozone/hadoop-ozone/integration-test"/>
    <property name="file.separator" value="/"/>
    <property name="line.separator" value="&#10;"/>
    <property name="java.vm.specification.vendor" value="Oracle Corporation"/>
    <property name="java.specification.name" value="Java Platform API Specification"/>
    <property name="java.awt.graphicsenv" value="sun.awt.X11GraphicsEnvironment"/>
    <property name="skip.installnpx" value="true"/>
    <property name="surefire.real.class.path" value="/home/runner/work/ozone/ozone/hadoop-ozone/integration-test/target/surefire/surefirebooter3031020174631237535.jar:/home/runner/.m2/repository/org/jacoco/org.jacoco.agent/0.8.5/org.jacoco.agent-0.8.5-runtime.jar"/>
    <property name="hadoop.log.dir" value="/home/runner/work/ozone/ozone/hadoop-ozone/integration-test/target/log"/>
    <property name="sun.boot.class.path" value="/usr/lib/jvm/adoptopenjdk-8-hotspot-amd64/jre/lib/resources.jar:/usr/lib/jvm/adoptopenjdk-8-hotspot-amd64/jre/lib/rt.jar:/usr/lib/jvm/adoptopenjdk-8-hotspot-amd64/jre/lib/sunrsasign.jar:/usr/lib/jvm/adoptopenjdk-8-hotspot-amd64/jre/lib/jsse.jar:/usr/lib/jvm/adoptopenjdk-8-hotspot-amd64/jre/lib/jce.jar:/usr/lib/jvm/adoptopenjdk-8-hotspot-amd64/jre/lib/charsets.jar:/usr/lib/jvm/adoptopenjdk-8-hotspot-amd64/jre/lib/jfr.jar:/usr/lib/jvm/adoptopenjdk-8-hotspot-amd64/jre/classes"/>
    <property name="sun.management.compiler" value="HotSpot 64-Bit Tiered Compilers"/>
    <property name="skip.npx" value="true"/>
    <property name="java.runtime.version" value="1.8.0_292-b10"/>
    <property name="java.net.preferIPv4Stack" value="true"/>
    <property name="user.name" value="runner"/>
    <property name="path.separator" value=":"/>
    <property name="java.security.egd" value="file:///dev/urandom"/>
    <property name="os.version" value="5.4.0-1062-azure"/>
    <property name="java.endorsed.dirs" value="/usr/lib/jvm/adoptopenjdk-8-hotspot-amd64/jre/lib/endorsed"/>
    <property name="java.runtime.name" value="OpenJDK Runtime Environment"/>
    <property name="file.encoding" value="UTF-8"/>
    <property name="java.vm.name" value="OpenJDK 64-Bit Server VM"/>
    <property name="test.build.webapps" value=""/>
    <property name="localRepository" value="/home/runner/.m2/repository"/>
    <property name="java.vendor.url.bug" value="https://github.com/AdoptOpenJDK/openjdk-support/issues"/>
    <property name="java.io.tmpdir" value="/tmp"/>
    <property name="require.test.libhadoop" value=""/>
    <property name="java.version" value="1.8.0_292"/>
    <property name="user.dir" value="/home/runner/work/ozone/ozone/hadoop-ozone/integration-test"/>
    <property name="os.arch" value="amd64"/>
    <property name="java.vm.specification.name" value="Java Virtual Machine Specification"/>
    <property name="test.build.classes" value="/home/runner/work/ozone/ozone/hadoop-ozone/integration-test/target/test-classes"/>
    <property name="java.awt.printerjob" value="sun.print.PSPrinterJob"/>
    <property name="sun.os.patch.level" value="unknown"/>
    <property name="hadoop.tmp.dir" value="/home/runner/work/ozone/ozone/hadoop-ozone/integration-test/target/tmp"/>
    <property name="java.library.path" value="/usr/java/packages/lib/amd64:/usr/lib64:/lib64:/lib:/usr/lib"/>
    <property name="java.vm.info" value="mixed mode"/>
    <property name="java.vendor" value="AdoptOpenJDK"/>
    <property name="java.vm.version" value="25.292-b10"/>
    <property name="java.ext.dirs" value="/usr/lib/jvm/adoptopenjdk-8-hotspot-amd64/jre/lib/ext:/usr/java/packages/lib/ext"/>
    <property name="sun.io.unicode.encoding" value="UnicodeLittle"/>
    <property name="java.class.version" value="52.0"/>
  </properties>
  <testcase name="testMultipleDataDirs" classname="org.apache.hadoop.ozone.TestMiniOzoneCluster" time="22.327"/>
  <testcase name="testStartMultipleDatanodes" classname="org.apache.hadoop.ozone.TestMiniOzoneCluster" time="30.303"/>
  <testcase name="testDNstartAfterSCM" classname="org.apache.hadoop.ozone.TestMiniOzoneCluster" time="116.338">
    <error message="test timed out after 100000 milliseconds" type="org.junit.runners.model.TestTimedOutException">org.junit.runners.model.TestTimedOutException: test timed out after 100000 milliseconds
	at java.lang.Thread.sleep(Native Method)
	at org.apache.hadoop.ozone.TestMiniOzoneCluster.testDNstartAfterSCM(TestMiniOzoneCluster.java:334)
	at sun.reflect.NativeMethodAccessorImpl.invoke0(Native Method)
	at sun.reflect.NativeMethodAccessorImpl.invoke(NativeMethodAccessorImpl.java:62)
	at sun.reflect.DelegatingMethodAccessorImpl.invoke(DelegatingMethodAccessorImpl.java:43)
	at java.lang.reflect.Method.invoke(Method.java:498)
	at org.junit.runners.model.FrameworkMethod$1.runReflectiveCall(FrameworkMethod.java:59)
	at org.junit.internal.runners.model.ReflectiveCallable.run(ReflectiveCallable.java:12)
	at org.junit.runners.model.FrameworkMethod.invokeExplosively(FrameworkMethod.java:56)
	at org.junit.internal.runners.statements.InvokeMethod.evaluate(InvokeMethod.java:17)
	at org.junit.internal.runners.statements.FailOnTimeout$CallableStatement.call(FailOnTimeout.java:288)
	at org.junit.internal.runners.statements.FailOnTimeout$CallableStatement.call(FailOnTimeout.java:282)
	at java.util.concurrent.FutureTask.run(FutureTask.java:266)
	at java.lang.Thread.run(Thread.java:748)
</error>
    <system-out><![CDATA[2021-11-12 12:23:29,517 [Time-limited test] WARN  server.ServerUtils (ServerUtils.java:getScmDbDir(148)) - ozone.scm.db.dirs is not configured. We recommend adding this setting. Falling back to ozone.metadata.dirs instead.
2021-11-12 12:23:29,526 [Time-limited test] INFO  ha.SCMHANodeDetails (SCMHANodeDetails.java:loadSCMHAConfig(157)) - ServiceID for StorageContainerManager is null
2021-11-12 12:23:29,526 [Time-limited test] INFO  ha.SCMHANodeDetails (SCMHANodeDetails.java:loadSCMHAConfig(162)) - ozone.scm.default.service.id is not defined, falling back to ozone.scm.service.ids to find serviceID for StorageContainerManager if it is HA enabled cluster
2021-11-12 12:23:29,527 [Time-limited test] WARN  server.ServerUtils (ServerUtils.java:getScmDbDir(148)) - ozone.scm.db.dirs is not configured. We recommend adding this setting. Falling back to ozone.metadata.dirs instead.
2021-11-12 12:23:29,527 [Time-limited test] INFO  upgrade.AbstractLayoutVersionManager (AbstractLayoutVersionManager.java:init(79)) - Initializing Layout version manager with metadata layout = SCM_HA (version = 2), software layout = SCM_HA (version = 2)
2021-11-12 12:23:29,628 [Time-limited test] INFO  reflections.Reflections (Reflections.java:scan(232)) - Reflections took 99 ms to scan 7 urls, producing 119 keys and 279 values 
2021-11-12 12:23:29,630 [Time-limited test] WARN  utils.HAUtils (HAUtils.java:getMetaDir(342)) - ozone.scm.db.dirs is not configured. We recommend adding this setting. Falling back to ozone.metadata.dirs instead.
2021-11-12 12:23:29,638 [Time-limited test] WARN  db.DBStoreBuilder (DBStoreBuilder.java:applyDBDefinition(145)) - ozone.scm.db.dirs is not configured. We recommend adding this setting. Falling back to ozone.metadata.dirs instead.
2021-11-12 12:23:29,787 [Time-limited test] INFO  net.NodeSchemaLoader (NodeSchemaLoader.java:loadSchemaFromFile(129)) - Loading schema from [jar:file:/home/runner/.m2/repository/org/apache/ozone/hdds-common/1.2.0-SNAPSHOT/hdds-common-1.2.0-SNAPSHOT.jar!/network-topology-default.xml]
2021-11-12 12:23:29,787 [Time-limited test] INFO  net.NodeSchemaLoader (NodeSchemaLoader.java:loadSchema(176)) - Loading network topology layer schema file
2021-11-12 12:23:29,796 [Time-limited test] INFO  ha.SequenceIdGenerator (SequenceIdGenerator.java:upgradeToSequenceId(347)) - upgrade localId to 107544261427200000
2021-11-12 12:23:29,797 [Time-limited test] INFO  ha.SequenceIdGenerator (SequenceIdGenerator.java:upgradeToSequenceId(357)) - upgrade delTxnId to 0
2021-11-12 12:23:29,797 [Time-limited test] INFO  ha.SequenceIdGenerator (SequenceIdGenerator.java:upgradeToSequenceId(371)) - upgrade containerId to 0
2021-11-12 12:23:29,797 [Time-limited test] INFO  ha.SequenceIdGenerator (SequenceIdGenerator.java:<init>(218)) - Init the HA SequenceIdGenerator.
2021-11-12 12:23:29,798 [Time-limited test] WARN  server.ServerUtils (ServerUtils.java:sanitizeUserArgs(73)) - ozone.scm.stale.node.interval value = 300000 is larger than max = 100000 based on the key value of ozone.scm.heartbeat.thread.interval, reset to the max value 100000.
2021-11-12 12:23:29,801 [Time-limited test] WARN  server.ServerUtils (ServerUtils.java:sanitizeUserArgs(73)) - ozone.scm.stale.node.interval value = 300000 is larger than max = 100000 based on the key value of ozone.scm.heartbeat.thread.interval, reset to the max value 100000.
2021-11-12 12:23:29,807 [Time-limited test] INFO  node.SCMNodeManager (SCMNodeManager.java:<init>(144)) - Entering startup safe mode.
2021-11-12 12:23:29,807 [Time-limited test] INFO  algorithms.ContainerPlacementPolicyFactory (ContainerPlacementPolicyFactory.java:getPolicy(60)) - Create container placement policy of type org.apache.hadoop.hdds.scm.container.placement.algorithms.SCMContainerPlacementRandom
2021-11-12 12:23:29,807 [Time-limited test] INFO  pipeline.PipelineStateManagerImpl (PipelineStateManagerImpl.java:initialize(78)) - No pipeline exists in current db
2021-11-12 12:23:29,807 [Time-limited test] INFO  algorithms.LeaderChoosePolicyFactory (LeaderChoosePolicyFactory.java:getPolicy(57)) - Create leader choose policy of type org.apache.hadoop.hdds.scm.pipeline.leader.choose.algorithms.MinLeaderCountChoosePolicy
2021-11-12 12:23:29,808 [Time-limited test] INFO  ha.SCMServiceManager (SCMServiceManager.java:register(43)) - Registering service BackgroundPipelineCreator.
2021-11-12 12:23:29,808 [Time-limited test] INFO  pipeline.BackgroundPipelineCreator (BackgroundPipelineCreator.java:start(130)) - Starting RatisPipelineUtilsThread.
2021-11-12 12:23:29,811 [Time-limited test] INFO  algorithms.PipelineChoosePolicyFactory (PipelineChoosePolicyFactory.java:createPipelineChoosePolicyFromClass(73)) - Create pipeline choose policy of type org.apache.hadoop.hdds.scm.pipeline.choose.algorithms.RandomPipelineChoosePolicy
2021-11-12 12:23:29,811 [Time-limited test] INFO  ha.SCMServiceManager (SCMServiceManager.java:register(43)) - Registering service SCMBlockDeletingService.
2021-11-12 12:23:29,812 [Time-limited test] INFO  ha.SCMServiceManager (SCMServiceManager.java:register(43)) - Registering service ReplicationManager.
2021-11-12 12:23:29,812 [Time-limited test] INFO  container.ReplicationManager (ReplicationManager.java:start(319)) - Starting Replication Monitor Thread.
2021-11-12 12:23:29,817 [ReplicationMonitor] INFO  container.ReplicationManager (ReplicationManager.java:processAll(371)) - Replication Monitor Thread took 0 milliseconds for processing 0 containers.
2021-11-12 12:23:29,820 [Time-limited test] INFO  safemode.ContainerSafeModeRule (ContainerSafeModeRule.java:<init>(89)) - containers with one replica threshold count 0
2021-11-12 12:23:29,820 [Time-limited test] INFO  safemode.HealthyPipelineSafeModeRule (HealthyPipelineSafeModeRule.java:initializeRule(156)) - Total pipeline count is 0, healthy pipeline threshold count is 1
2021-11-12 12:23:29,820 [Time-limited test] INFO  safemode.OneReplicaPipelineSafeModeRule (OneReplicaPipelineSafeModeRule.java:initializeRule(180)) - Total pipeline count is 0, pipeline's with at least one datanode reported threshold count is 0
2021-11-12 12:23:29,835 [Time-limited test] INFO  ipc.CallQueueManager (CallQueueManager.java:<init>(90)) - Using callQueue: class java.util.concurrent.LinkedBlockingQueue, queueCapacity: 2000, scheduler: class org.apache.hadoop.ipc.DefaultRpcScheduler, ipcBackoff: false.
2021-11-12 12:23:29,836 [Socket Reader #1 for port 0] INFO  ipc.Server (Server.java:run(1265)) - Starting Socket Reader #1 for port 0
2021-11-12 12:23:29,837 [Listener at 0.0.0.0/37003] INFO  ipc.CallQueueManager (CallQueueManager.java:<init>(90)) - Using callQueue: class java.util.concurrent.LinkedBlockingQueue, queueCapacity: 2000, scheduler: class org.apache.hadoop.ipc.DefaultRpcScheduler, ipcBackoff: false.
2021-11-12 12:23:29,853 [Socket Reader #1 for port 0] INFO  ipc.Server (Server.java:run(1265)) - Starting Socket Reader #1 for port 0
2021-11-12 12:23:29,859 [Listener at 0.0.0.0/33671] INFO  ipc.CallQueueManager (CallQueueManager.java:<init>(90)) - Using callQueue: class java.util.concurrent.LinkedBlockingQueue, queueCapacity: 2000, scheduler: class org.apache.hadoop.ipc.DefaultRpcScheduler, ipcBackoff: false.
2021-11-12 12:23:29,860 [Socket Reader #1 for port 0] INFO  ipc.Server (Server.java:run(1265)) - Starting Socket Reader #1 for port 0
2021-11-12 12:23:29,885 [Listener at 0.0.0.0/45049] INFO  algorithms.ContainerPlacementPolicyFactory (ContainerPlacementPolicyFactory.java:getPolicy(60)) - Create container placement policy of type org.apache.hadoop.hdds.scm.container.placement.algorithms.SCMContainerPlacementRandom
2021-11-12 12:23:29,885 [Listener at 0.0.0.0/45049] INFO  server.StorageContainerManager (StorageContainerManager.java:<init>(388)) - 
Container Balancer status:
Key                            Value
Running                        false
Container Balancer Configuration values:
Key                                                Value
Threshold                                          0.1
Max Datanodes to Involve per Iteration(ratio)      0.2
Max Size to Move per Iteration                     32212254720B

2021-11-12 12:23:29,885 [Listener at 0.0.0.0/45049] WARN  events.EventQueue (EventQueue.java:fireEvent(194)) - No event handler registered for event TypedEvent{payloadType=SafeModeStatus, name='Safe mode status'}
2021-11-12 12:23:29,886 [Listener at 0.0.0.0/45049] INFO  ha.SCMContext (SCMContext.java:updateSafeModeStatus(205)) - Update SafeModeStatus from SafeModeStatus{safeModeStatus=true, preCheckPassed=false} to SafeModeStatus{safeModeStatus=true, preCheckPassed=false}.
2021-11-12 12:23:29,891 [Listener at 0.0.0.0/45049] INFO  server.StorageContainerManager (StorageContainerManager.java:start(1303)) - StorageContainerLocationProtocol RPC server is listening at /0.0.0.0:45049
2021-11-12 12:23:29,900 [Listener at 0.0.0.0/45049] WARN  impl.MetricsConfig (MetricsConfig.java:loadFirst(136)) - Cannot locate configuration: tried hadoop-metrics2-storagecontainermanager.properties,hadoop-metrics2.properties
2021-11-12 12:23:29,903 [Listener at 0.0.0.0/45049] INFO  impl.MetricsSystemImpl (MetricsSystemImpl.java:startTimer(378)) - Scheduled Metric snapshot period at 10 second(s).
2021-11-12 12:23:29,904 [Listener at 0.0.0.0/45049] INFO  impl.MetricsSystemImpl (MetricsSystemImpl.java:start(191)) - StorageContainerManager metrics system started
2021-11-12 12:23:29,979 [Listener at 0.0.0.0/45049] INFO  impl.MetricsSinkAdapter (MetricsSinkAdapter.java:start(204)) - Sink prometheus started
2021-11-12 12:23:29,979 [Listener at 0.0.0.0/45049] INFO  impl.MetricsSystemImpl (MetricsSystemImpl.java:registerSink(305)) - Registered sink prometheus
2021-11-12 12:23:30,012 [Listener at 0.0.0.0/45049] INFO  server.SCMClientProtocolServer (SCMClientProtocolServer.java:start(164)) - RPC server for Client  is listening at /0.0.0.0:45049
2021-11-12 12:23:30,012 [IPC Server Responder] INFO  ipc.Server (Server.java:run(1507)) - IPC Server Responder: starting
2021-11-12 12:23:30,033 [IPC Server listener on 0] INFO  ipc.Server (Server.java:run(1344)) - IPC Server listener on 0: starting
2021-11-12 12:23:30,073 [Listener at 0.0.0.0/45049] INFO  server.StorageContainerManager (StorageContainerManager.java:start(1318)) - ScmBlockLocationProtocol RPC server is listening at /0.0.0.0:33671
2021-11-12 12:23:30,073 [Listener at 0.0.0.0/45049] INFO  server.SCMBlockProtocolServer (SCMBlockProtocolServer.java:start(151)) - RPC server for Block Protocol is listening at /0.0.0.0:33671
2021-11-12 12:23:30,074 [IPC Server Responder] INFO  ipc.Server (Server.java:run(1507)) - IPC Server Responder: starting
2021-11-12 12:23:30,074 [IPC Server listener on 0] INFO  ipc.Server (Server.java:run(1344)) - IPC Server listener on 0: starting
2021-11-12 12:23:30,077 [Listener at 0.0.0.0/45049] INFO  server.StorageContainerManager (StorageContainerManager.java:start(1324)) - ScmDatanodeProtocl RPC server is listening at /0.0.0.0:37003
2021-11-12 12:23:30,077 [Listener at 0.0.0.0/45049] INFO  server.SCMDatanodeProtocolServer (SCMDatanodeProtocolServer.java:start(181)) - RPC server for DataNodes is listening at /0.0.0.0:37003
2021-11-12 12:23:30,077 [IPC Server Responder] INFO  ipc.Server (Server.java:run(1507)) - IPC Server Responder: starting
2021-11-12 12:23:30,078 [IPC Server listener on 0] INFO  ipc.Server (Server.java:run(1344)) - IPC Server listener on 0: starting
2021-11-12 12:23:30,092 [Listener at 0.0.0.0/45049] INFO  http.BaseHttpServer (BaseHttpServer.java:newHttpServer2BuilderForOzone(209)) - Starting Web-server for scm at: http://0.0.0.0:0
2021-11-12 12:23:30,092 [Listener at 0.0.0.0/45049] INFO  http.BaseHttpServer (BaseHttpServer.java:<init>(107)) - Hadoop Security Enabled: false Ozone Security Enabled: false Ozone HTTP Security Enabled: false 
2021-11-12 12:23:30,098 [org.apache.hadoop.util.JvmPauseMonitor$Monitor@2ff68a6b] INFO  util.JvmPauseMonitor (JvmPauseMonitor.java:run(188)) - Starting JVM pause monitor
2021-11-12 12:23:30,093 [Listener at 0.0.0.0/45049] INFO  server.AuthenticationFilter (AuthenticationFilter.java:constructSecretProvider(240)) - Unable to initialize FileSignerSecretProvider, falling back to use random secrets.
2021-11-12 12:23:30,109 [Listener at 0.0.0.0/45049] WARN  http.HttpRequestLog (HttpRequestLog.java:getRequestLog(103)) - Jetty request log can only be enabled using Log4j
2021-11-12 12:23:30,119 [Listener at 0.0.0.0/45049] INFO  http.HttpServer2 (HttpServer2.java:addGlobalFilter(1030)) - Added global filter 'safety' (class=org.apache.hadoop.hdds.server.http.HttpServer2$QuotingInputFilter)
2021-11-12 12:23:30,120 [Listener at 0.0.0.0/45049] INFO  http.HttpServer2 (HttpServer2.java:addFilter(1006)) - Added filter static_user_filter (class=org.apache.hadoop.http.lib.StaticUserWebFilter$StaticUserFilter) to context scm
2021-11-12 12:23:30,120 [Listener at 0.0.0.0/45049] INFO  http.HttpServer2 (HttpServer2.java:addFilter(1014)) - Added filter static_user_filter (class=org.apache.hadoop.http.lib.StaticUserWebFilter$StaticUserFilter) to context static
2021-11-12 12:23:30,120 [Listener at 0.0.0.0/45049] INFO  http.HttpServer2 (HttpServer2.java:addFilter(1014)) - Added filter static_user_filter (class=org.apache.hadoop.http.lib.StaticUserWebFilter$StaticUserFilter) to context logs
2021-11-12 12:23:30,124 [Listener at 0.0.0.0/45049] INFO  http.HttpServer2 (HttpServer2.java:bindListener(1249)) - Jetty bound to port 40121
2021-11-12 12:23:30,124 [Listener at 0.0.0.0/45049] INFO  server.Server (Server.java:doStart(375)) - jetty-9.4.43.v20210629; built: 2021-06-30T11:07:22.254Z; git: 526006ecfa3af7f1a27ef3a288e2bef7ea9dd7e8; jvm 1.8.0_292-b10
2021-11-12 12:23:30,131 [Listener at 0.0.0.0/45049] INFO  server.session (DefaultSessionIdManager.java:doStart(334)) - DefaultSessionIdManager workerName=node0
2021-11-12 12:23:30,132 [Listener at 0.0.0.0/45049] INFO  server.session (DefaultSessionIdManager.java:doStart(339)) - No SessionScavenger set, using defaults
2021-11-12 12:23:30,132 [Listener at 0.0.0.0/45049] INFO  server.session (HouseKeeper.java:startScavenging(132)) - node0 Scavenging every 660000ms
2021-11-12 12:23:30,133 [Listener at 0.0.0.0/45049] INFO  handler.ContextHandler (ContextHandler.java:doStart(915)) - Started o.e.j.s.ServletContextHandler@c01a4ce{logs,/logs,file:///home/runner/work/ozone/ozone/hadoop-ozone/integration-test/target/log,AVAILABLE}
2021-11-12 12:23:30,133 [Listener at 0.0.0.0/45049] INFO  handler.ContextHandler (ContextHandler.java:doStart(915)) - Started o.e.j.s.ServletContextHandler@4a9113f7{static,/static,file:///home/runner/work/ozone/ozone/hadoop-ozone/integration-test/target/test-classes/webapps/static,AVAILABLE}
2021-11-12 12:23:30,136 [Listener at 0.0.0.0/45049] INFO  handler.ContextHandler (ContextHandler.java:doStart(915)) - Started o.e.j.w.WebAppContext@6a9913a5{scm,/,file:///home/runner/work/ozone/ozone/hadoop-ozone/integration-test/target/test-classes/webapps/scm/,AVAILABLE}{file:/home/runner/work/ozone/ozone/hadoop-ozone/integration-test/target/test-classes/webapps/scm}
2021-11-12 12:23:30,147 [Listener at 0.0.0.0/45049] INFO  server.AbstractConnector (AbstractConnector.java:doStart(331)) - Started ServerConnector@268748c6{HTTP/1.1, (http/1.1)}{0.0.0.0:40121}
2021-11-12 12:23:30,147 [Listener at 0.0.0.0/45049] INFO  server.Server (Server.java:doStart(415)) - Started @54660ms
2021-11-12 12:23:30,147 [Listener at 0.0.0.0/45049] WARN  impl.MetricsSystemImpl (MetricsSystemImpl.java:register(279)) - Sink prometheus already exists!
2021-11-12 12:23:30,148 [Listener at 0.0.0.0/45049] INFO  http.BaseHttpServer (BaseHttpServer.java:updateConnectorAddress(329)) - HTTP server of scm listening at http://0.0.0.0:40121
2021-11-12 12:23:30,148 [Listener at 0.0.0.0/45049] WARN  server.ServerUtils (ServerUtils.java:getDBPath(225)) - ozone.om.db.dirs is not configured. We recommend adding this setting. Falling back to ozone.metadata.dirs instead.
2021-11-12 12:23:30,152 [Listener at 0.0.0.0/45049] INFO  ha.OMHANodeDetails (OMHANodeDetails.java:loadOMHAConfig(112)) - ozone.om.internal.service.id is not defined, falling back to ozone.om.service.ids to find serviceID for OzoneManager if it is HA enabled cluster
2021-11-12 12:23:30,153 [Listener at 0.0.0.0/45049] INFO  ha.OMHANodeDetails (OMHANodeDetails.java:loadOMHAConfig(219)) - Configuration does not have ozone.om.address set. Falling back to the default OM address /127.0.0.1:0
2021-11-12 12:23:30,153 [Listener at 0.0.0.0/45049] INFO  ha.OMHANodeDetails (OMHANodeDetails.java:getOMNodeDetails(247)) - OM Service ID is not set. Setting it to the default ID: omServiceIdDefault
2021-11-12 12:23:30,154 [Listener at 0.0.0.0/45049] INFO  ha.OMHANodeDetails (OMHANodeDetails.java:getOMNodeDetails(254)) - OM Node ID is not set. Setting it to the default ID: om1
2021-11-12 12:23:30,154 [Listener at 0.0.0.0/45049] WARN  server.ServerUtils (ServerUtils.java:getDBPath(225)) - ozone.om.db.dirs is not configured. We recommend adding this setting. Falling back to ozone.metadata.dirs instead.
2021-11-12 12:23:30,154 [Listener at 0.0.0.0/45049] INFO  upgrade.AbstractLayoutVersionManager (AbstractLayoutVersionManager.java:init(79)) - Initializing Layout version manager with metadata layout = INITIAL_VERSION (version = 0), software layout = INITIAL_VERSION (version = 0)
2021-11-12 12:23:30,237 [Listener at 0.0.0.0/45049] INFO  reflections.Reflections (Reflections.java:scan(232)) - Reflections took 82 ms to scan 2 urls, producing 131 keys and 344 values [using 2 cores]
2021-11-12 12:23:30,238 [Listener at 0.0.0.0/45049] INFO  upgrade.OMLayoutVersionManager (OMLayoutVersionManager.java:lambda$0(115)) - Skipping Upgrade Action MockOmUpgradeAction since it has been finalized.
2021-11-12 12:23:30,239 [Listener at 0.0.0.0/45049] WARN  server.ServerUtils (ServerUtils.java:getDBPath(225)) - ozone.om.db.dirs is not configured. We recommend adding this setting. Falling back to ozone.metadata.dirs instead.
2021-11-12 12:23:30,252 [Listener at 0.0.0.0/45049] WARN  server.ServerUtils (ServerUtils.java:getDBPath(225)) - ozone.om.db.dirs is not configured. We recommend adding this setting. Falling back to ozone.metadata.dirs instead.
2021-11-12 12:23:30,252 [Listener at 0.0.0.0/45049] INFO  codec.OmKeyInfoCodec (OmKeyInfoCodec.java:<init>(51)) - OmKeyInfoCodec ignorePipeline = true
2021-11-12 12:23:30,253 [Listener at 0.0.0.0/45049] INFO  codec.RepeatedOmKeyInfoCodec (RepeatedOmKeyInfoCodec.java:<init>(42)) - RepeatedOmKeyInfoCodec ignorePipeline = true
2021-11-12 12:23:30,504 [Listener at 0.0.0.0/45049] INFO  om.OzoneManager (OzoneManager.java:addS3GVolumeToDB(3457)) - Created Volume s3v With Owner runner required for S3Gateway operations.
2021-11-12 12:23:30,505 [Listener at 0.0.0.0/45049] WARN  server.ServerUtils (ServerUtils.java:getDefaultRatisDirectory(237)) - Storage directory for Ratis is not configured. It is a good idea to map this to an SSD disk. Falling back to ozone.metadata.dirs
2021-11-12 12:23:30,505 [Listener at 0.0.0.0/45049] WARN  utils.OzoneManagerRatisUtils (OzoneManagerRatisUtils.java:getOMRatisSnapshotDirectory(453)) - ozone.om.ratis.snapshot.dir is not configured. Falling back to ozone.metadata.dirs config
2021-11-12 12:23:30,506 [Listener at 0.0.0.0/45049] WARN  server.ServerUtils (ServerUtils.java:getDefaultRatisDirectory(237)) - Storage directory for Ratis is not configured. It is a good idea to map this to an SSD disk. Falling back to ozone.metadata.dirs
2021-11-12 12:23:30,510 [Listener at 0.0.0.0/45049] INFO  ratis.OzoneManagerRatisServer (OzoneManagerRatisServer.java:<init>(159)) - Instantiating OM Ratis server with groupID: omServiceIdDefault and peers: localhost:9872
2021-11-12 12:23:30,519 [Listener at 0.0.0.0/45049] INFO  ratis.OzoneManagerStateMachine (OzoneManagerStateMachine.java:loadSnapshotInfoFromDB(605)) - LastAppliedIndex is set from TransactionInfo from OM DB as (t:0, i:~)
2021-11-12 12:23:30,520 [Listener at 0.0.0.0/45049] INFO  server.RaftServer (ConfUtils.java:logGet(44)) - raft.rpc.type = GRPC (default)
2021-11-12 12:23:30,526 [Listener at 0.0.0.0/45049] INFO  grpc.GrpcFactory (GrpcFactory.java:checkPooledByteBufAllocatorUseCacheForAllThreads(48)) - PERFORMANCE WARNING: useCacheForAllThreads is true that may cause Netty to create a lot garbage objects and, as a result, trigger GC.
	It is recommended to disable useCacheForAllThreads by setting -Dorg.apache.ratis.thirdparty.io.netty.allocator.useCacheForAllThreads=false in command line.
2021-11-12 12:23:30,527 [Listener at 0.0.0.0/45049] INFO  grpc.GrpcConfigKeys (ConfUtils.java:logGet(44)) - raft.grpc.admin.port = -1 (default)
2021-11-12 12:23:30,527 [Listener at 0.0.0.0/45049] INFO  grpc.GrpcConfigKeys (ConfUtils.java:logGet(44)) - raft.grpc.server.port = 9872 (custom)
2021-11-12 12:23:30,527 [Listener at 0.0.0.0/45049] INFO  grpc.GrpcConfigKeys (ConfUtils.java:logGet(44)) - raft.grpc.client.port = -1 (default)
2021-11-12 12:23:30,527 [Listener at 0.0.0.0/45049] INFO  grpc.GrpcConfigKeys (ConfUtils.java:logGet(44)) - raft.grpc.server.port = 9872 (custom)
2021-11-12 12:23:30,527 [Listener at 0.0.0.0/45049] INFO  grpc.GrpcConfigKeys (ConfUtils.java:logGet(44)) - raft.grpc.server.port = 9872 (custom)
2021-11-12 12:23:30,527 [Listener at 0.0.0.0/45049] INFO  server.GrpcService (ConfUtils.java:logGet(44)) - raft.grpc.message.size.max = 33554432 (custom)
2021-11-12 12:23:30,527 [Listener at 0.0.0.0/45049] INFO  server.RaftServerConfigKeys (ConfUtils.java:logGet(44)) - raft.server.log.appender.buffer.byte-limit = 33554432 (custom)
2021-11-12 12:23:30,528 [Listener at 0.0.0.0/45049] INFO  server.GrpcService (ConfUtils.java:logGet(44)) - raft.grpc.flow.control.window = 1MB (=1048576) (default)
2021-11-12 12:23:30,528 [Listener at 0.0.0.0/45049] INFO  server.RaftServerConfigKeys (ConfUtils.java:logGet(44)) - raft.server.rpc.request.timeout = 3000ms (default)
2021-11-12 12:23:30,529 [Listener at 0.0.0.0/45049] INFO  impl.DataStreamServerImpl (ConfUtils.java:logGet(44)) - raft.datastream.type = DISABLED (default)
2021-11-12 12:23:30,533 [Listener at 0.0.0.0/45049] INFO  server.RaftServerConfigKeys (ConfUtils.java:logGet(44)) - raft.server.rpc.slowness.timeout = 120s (custom)
2021-11-12 12:23:30,533 [Listener at 0.0.0.0/45049] INFO  server.RaftServerConfigKeys (ConfUtils.java:logGet(44)) - raft.server.leaderelection.leader.step-down.wait-time = 10s (default)
2021-11-12 12:23:30,538 [Listener at 0.0.0.0/45049] INFO  server.RaftServerConfigKeys (ConfUtils.java:logGet(44)) - raft.server.storage.dir = [/home/runner/work/ozone/ozone/hadoop-ozone/integration-test/target/test-dir/MiniOzoneClusterImpl-a86265ae-e924-4e37-b80c-e96915062793/ozone-meta/ratis] (custom)
2021-11-12 12:23:30,543 [Listener at 0.0.0.0/45049] INFO  server.RaftServer (RaftServerProxy.java:addNew(95)) - om1: addNew group-C5BA1605619E:[om1|rpc:localhost:9872|priority:0] returns group-C5BA1605619E:java.util.concurrent.CompletableFuture@6eb5c294[Not completed]
2021-11-12 12:23:30,543 [Listener at 0.0.0.0/45049] INFO  om.OzoneManager (OzoneManager.java:initializeRatisServer(1639)) - OzoneManager Ratis server initialized at port 9872
2021-11-12 12:23:30,544 [pool-212-thread-1] INFO  server.RaftServer$Division (RaftServerImpl.java:<init>(184)) - om1: new RaftServerImpl for group-C5BA1605619E:[om1|rpc:localhost:9872|priority:0] with OzoneManagerStateMachine:uninitialized
2021-11-12 12:23:30,548 [Listener at 0.0.0.0/45049] INFO  ipc.CallQueueManager (CallQueueManager.java:<init>(90)) - Using callQueue: class java.util.concurrent.LinkedBlockingQueue, queueCapacity: 2000, scheduler: class org.apache.hadoop.ipc.DefaultRpcScheduler, ipcBackoff: false.
2021-11-12 12:23:30,548 [pool-212-thread-1] INFO  server.RaftServerConfigKeys (ConfUtils.java:logGet(44)) - raft.server.rpc.timeout.min = 1s (custom)
2021-11-12 12:23:30,548 [pool-212-thread-1] INFO  server.RaftServerConfigKeys (ConfUtils.java:logGet(44)) - raft.server.rpc.timeout.max = 1200ms (custom)
2021-11-12 12:23:30,548 [pool-212-thread-1] INFO  server.RaftServerConfigKeys (ConfUtils.java:logGet(44)) - raft.server.rpc.sleep.time = 25ms (default)
2021-11-12 12:23:30,548 [pool-212-thread-1] INFO  server.RaftServerConfigKeys (ConfUtils.java:logGet(44)) - raft.server.rpc.slowness.timeout = 120s (custom)
2021-11-12 12:23:30,548 [pool-212-thread-1] INFO  server.RaftServerConfigKeys (ConfUtils.java:logGet(44)) - raft.server.leaderelection.leader.step-down.wait-time = 10s (default)
2021-11-12 12:23:30,548 [pool-212-thread-1] INFO  server.RaftServerConfigKeys (ConfUtils.java:logGet(44)) - raft.server.sleep.deviation.threshold = 300ms (default)
2021-11-12 12:23:30,549 [pool-212-thread-1] INFO  server.RaftServerConfigKeys (ConfUtils.java:logGet(44)) - raft.server.log.appender.install.snapshot.enabled = false (custom)
2021-11-12 12:23:30,549 [pool-212-thread-1] INFO  server.RaftServer$Division (ServerState.java:<init>(105)) - om1@group-C5BA1605619E: ConfigurationManager, init=-1: [om1|rpc:localhost:9872|priority:0], old=null, confs=<EMPTY_MAP>
2021-11-12 12:23:30,549 [pool-212-thread-1] INFO  server.RaftServerConfigKeys (ConfUtils.java:logGet(44)) - raft.server.storage.dir = [/home/runner/work/ozone/ozone/hadoop-ozone/integration-test/target/test-dir/MiniOzoneClusterImpl-a86265ae-e924-4e37-b80c-e96915062793/ozone-meta/ratis] (custom)
2021-11-12 12:23:30,549 [pool-212-thread-1] INFO  server.RaftServerConfigKeys (ConfUtils.java:logGet(44)) - raft.server.log.corruption.policy = EXCEPTION (default)
2021-11-12 12:23:30,549 [pool-212-thread-1] INFO  server.RaftServerConfigKeys (ConfUtils.java:logGet(44)) - raft.server.storage.free-space.min = 0MB (=0) (default)
2021-11-12 12:23:30,549 [pool-212-thread-1] INFO  storage.RaftStorageDirectory (RaftStorageDirectoryImpl.java:analyzeStorage(135)) - The storage directory /home/runner/work/ozone/ozone/hadoop-ozone/integration-test/target/test-dir/MiniOzoneClusterImpl-a86265ae-e924-4e37-b80c-e96915062793/ozone-meta/ratis/bf265839-605b-3f16-9796-c5ba1605619e does not exist. Creating ...
2021-11-12 12:23:30,550 [pool-212-thread-1] INFO  storage.RaftStorageDirectory (RaftStorageDirectoryImpl.java:tryLock(230)) - Lock on /home/runner/work/ozone/ozone/hadoop-ozone/integration-test/target/test-dir/MiniOzoneClusterImpl-a86265ae-e924-4e37-b80c-e96915062793/ozone-meta/ratis/bf265839-605b-3f16-9796-c5ba1605619e/in_use.lock acquired by nodename 10555@fv-az148-604
2021-11-12 12:23:30,552 [Socket Reader #1 for port 0] INFO  ipc.Server (Server.java:run(1265)) - Starting Socket Reader #1 for port 0
2021-11-12 12:23:30,554 [pool-212-thread-1] INFO  storage.RaftStorage (RaftStorageImpl.java:format(89)) - Storage directory /home/runner/work/ozone/ozone/hadoop-ozone/integration-test/target/test-dir/MiniOzoneClusterImpl-a86265ae-e924-4e37-b80c-e96915062793/ozone-meta/ratis/bf265839-605b-3f16-9796-c5ba1605619e has been successfully formatted.
2021-11-12 12:23:30,565 [pool-212-thread-1] INFO  server.RaftServerConfigKeys (ConfUtils.java:logGet(44)) - raft.server.notification.no-leader.timeout = 120s (custom)
2021-11-12 12:23:30,565 [pool-212-thread-1] INFO  server.RaftServerConfigKeys (ConfUtils.java:logGet(44)) - raft.server.log.use.memory = false (default)
2021-11-12 12:23:30,565 [pool-212-thread-1] INFO  server.RaftServerConfigKeys (ConfUtils.java:logGet(44)) - raft.server.log.purge.gap = 1000000 (custom)
2021-11-12 12:23:30,565 [pool-212-thread-1] INFO  server.RaftServerConfigKeys (ConfUtils.java:logGet(44)) - raft.server.log.appender.buffer.byte-limit = 33554432 (custom)
2021-11-12 12:23:30,565 [pool-212-thread-1] INFO  server.RaftServerConfigKeys (ConfUtils.java:logGet(44)) - raft.server.log.segment.size.max = 4194304 (custom)
2021-11-12 12:23:30,566 [pool-212-thread-1] INFO  server.RaftServerConfigKeys (ConfUtils.java:logGet(44)) - raft.server.log.segment.cache.num.max = 2 (custom)
2021-11-12 12:23:30,566 [pool-212-thread-1] INFO  server.RaftServerConfigKeys (ConfUtils.java:logGet(44)) - raft.server.log.segment.cache.size.max = 200MB (=209715200) (default)
2021-11-12 12:23:30,566 [pool-212-thread-1] INFO  segmented.SegmentedRaftLogWorker (SegmentedRaftLogWorker.java:<init>(182)) - new om1@group-C5BA1605619E-SegmentedRaftLogWorker for RaftStorageImpl:Storage Directory /home/runner/work/ozone/ozone/hadoop-ozone/integration-test/target/test-dir/MiniOzoneClusterImpl-a86265ae-e924-4e37-b80c-e96915062793/ozone-meta/ratis/bf265839-605b-3f16-9796-c5ba1605619e
2021-11-12 12:23:30,566 [pool-212-thread-1] INFO  server.RaftServerConfigKeys (ConfUtils.java:logGet(44)) - raft.server.log.queue.byte-limit = 64MB (=67108864) (default)
2021-11-12 12:23:30,566 [pool-212-thread-1] INFO  server.RaftServerConfigKeys (ConfUtils.java:logGet(44)) - raft.server.log.queue.element-limit = 4096 (default)
2021-11-12 12:23:30,571 [pool-212-thread-1] INFO  server.RaftServerConfigKeys (ConfUtils.java:logGet(44)) - raft.server.log.segment.size.max = 4194304 (custom)
2021-11-12 12:23:30,571 [pool-212-thread-1] INFO  server.RaftServerConfigKeys (ConfUtils.java:logGet(44)) - raft.server.log.preallocated.size = 4194304 (custom)
2021-11-12 12:23:30,571 [pool-212-thread-1] INFO  server.RaftServerConfigKeys (ConfUtils.java:logGet(44)) - raft.server.log.force.sync.num = 128 (default)
2021-11-12 12:23:30,571 [pool-212-thread-1] INFO  server.RaftServerConfigKeys (ConfUtils.java:logGet(44)) - raft.server.log.statemachine.data.sync = true (default)
2021-11-12 12:23:30,571 [pool-212-thread-1] INFO  server.RaftServerConfigKeys (ConfUtils.java:logGet(44)) - raft.server.log.statemachine.data.sync.timeout = 10s (default)
2021-11-12 12:23:30,571 [pool-212-thread-1] INFO  server.RaftServerConfigKeys (ConfUtils.java:logGet(44)) - raft.server.log.statemachine.data.sync.timeout.retry = -1 (default)
2021-11-12 12:23:30,575 [pool-212-thread-1] INFO  server.RaftServerConfigKeys (ConfUtils.java:logGet(44)) - raft.server.log.write.buffer.size = 64KB (=65536) (default)
2021-11-12 12:23:30,575 [pool-212-thread-1] INFO  server.RaftServerConfigKeys (ConfUtils.java:logGet(44)) - raft.server.log.statemachine.data.caching.enabled = false (default)
2021-11-12 12:23:30,576 [pool-212-thread-1] INFO  segmented.SegmentedRaftLogWorker (SegmentedRaftLogWorker.java:lambda$new$0(133)) - om1@group-C5BA1605619E-SegmentedRaftLogWorker: flushIndex: setUnconditionally 0 -> -1
2021-11-12 12:23:30,576 [pool-212-thread-1] INFO  segmented.SegmentedRaftLogWorker (SegmentedRaftLogWorker.java:lambda$new$0(133)) - om1@group-C5BA1605619E-SegmentedRaftLogWorker: safeCacheEvictIndex: setUnconditionally 0 -> -1
2021-11-12 12:23:30,582 [pool-212-thread-1] INFO  server.RaftServerConfigKeys (ConfUtils.java:logGet(44)) - raft.server.snapshot.auto.trigger.enabled = true (custom)
2021-11-12 12:23:30,583 [pool-212-thread-1] INFO  server.RaftServerConfigKeys (ConfUtils.java:logGet(44)) - raft.server.snapshot.auto.trigger.threshold = 400000 (default)
2021-11-12 12:23:30,583 [pool-212-thread-1] INFO  server.RaftServerConfigKeys (ConfUtils.java:logGet(44)) - raft.server.snapshot.retention.file.num = -1 (default)
2021-11-12 12:23:30,583 [pool-212-thread-1] INFO  server.RaftServerConfigKeys (ConfUtils.java:logGet(44)) - raft.server.log.purge.upto.snapshot.index = true (custom)
2021-11-12 12:23:30,583 [pool-212-thread-1] INFO  server.RaftServerConfigKeys (ConfUtils.java:logGet(44)) - raft.server.retrycache.expirytime = 300s (custom)
2021-11-12 12:23:30,583 [pool-212-thread-1] INFO  server.RaftServerConfigKeys (ConfUtils.java:logGet(44)) - raft.server.retrycache.statistics.expirytime = 100μs (default)
2021-11-12 12:23:30,611 [Listener at 127.0.0.1/41291] INFO  om.OzoneManager (OzoneManager.java:initFSOLayout(3663)) - Configured ozone.om.metadata.layout=SIMPLE and disabled optimized OM FS operations
2021-11-12 12:23:30,616 [Listener at 127.0.0.1/41291] INFO  impl.MetricsSystemImpl (MetricsSystemImpl.java:init(158)) - OzoneManager metrics system started (again)
2021-11-12 12:23:30,654 [Listener at 127.0.0.1/41291] INFO  om.OzoneManager (OzoneManager.java:start(1323)) - OzoneManager RPC server is listening at localhost/127.0.0.1:41291
2021-11-12 12:23:30,662 [Listener at 127.0.0.1/41291] INFO  ratis.OzoneManagerRatisServer (OzoneManagerRatisServer.java:start(522)) - Starting OzoneManagerRatisServer om1 at port 9872
2021-11-12 12:23:30,663 [Listener at 127.0.0.1/41291] INFO  server.RaftServer$Division (RaftServerImpl.java:start(301)) - om1@group-C5BA1605619E: start as a follower, conf=-1: [om1|rpc:localhost:9872|priority:0], old=null
2021-11-12 12:23:30,663 [Listener at 127.0.0.1/41291] INFO  server.RaftServer$Division (RaftServerImpl.java:setRole(290)) - om1@group-C5BA1605619E: changes role from      null to FOLLOWER at term 0 for startAsFollower
2021-11-12 12:23:30,663 [Listener at 127.0.0.1/41291] INFO  impl.RoleInfo (RoleInfo.java:updateAndGet(130)) - om1: start om1@group-C5BA1605619E-FollowerState
2021-11-12 12:23:30,679 [Listener at 127.0.0.1/41291] INFO  util.JmxRegister (JmxRegister.java:tryRegister(44)) - Successfully registered JMX Bean with object name Ratis:service=RaftServer,group=group-C5BA1605619E,id=om1
2021-11-12 12:23:30,680 [Listener at 127.0.0.1/41291] INFO  server.RaftServer (RaftServerProxy.java:lambda$start$5(374)) - om1: start RPC server
2021-11-12 12:23:30,715 [Listener at 127.0.0.1/41291] INFO  server.GrpcService (GrpcService.java:startImpl(253)) - om1: GrpcService started, listening on 9872
2021-11-12 12:23:30,716 [Listener at 127.0.0.1/41291] INFO  om.OzoneManager (OzoneManager.java:start(1341)) - Version File has different layout version (0) than OM DB (null). That is expected if this OM has never been finalized to a newer layout version.
2021-11-12 12:23:30,716 [org.apache.ratis.util.JvmPauseMonitor$$Lambda$531/1863680554@39f65a82] INFO  util.JvmPauseMonitor (JvmPauseMonitor.java:run(103)) - JvmPauseMonitor-om1: Started
2021-11-12 12:23:30,718 [Listener at 127.0.0.1/41291] INFO  http.BaseHttpServer (BaseHttpServer.java:newHttpServer2BuilderForOzone(209)) - Starting Web-server for ozoneManager at: http://0.0.0.0:0
2021-11-12 12:23:30,718 [Listener at 127.0.0.1/41291] INFO  http.BaseHttpServer (BaseHttpServer.java:<init>(107)) - Hadoop Security Enabled: false Ozone Security Enabled: false Ozone HTTP Security Enabled: false 
2021-11-12 12:23:30,720 [Listener at 127.0.0.1/41291] INFO  server.AuthenticationFilter (AuthenticationFilter.java:constructSecretProvider(240)) - Unable to initialize FileSignerSecretProvider, falling back to use random secrets.
2021-11-12 12:23:30,721 [Listener at 127.0.0.1/41291] WARN  http.HttpRequestLog (HttpRequestLog.java:getRequestLog(103)) - Jetty request log can only be enabled using Log4j
2021-11-12 12:23:30,722 [Listener at 127.0.0.1/41291] INFO  http.HttpServer2 (HttpServer2.java:addGlobalFilter(1030)) - Added global filter 'safety' (class=org.apache.hadoop.hdds.server.http.HttpServer2$QuotingInputFilter)
2021-11-12 12:23:30,723 [Listener at 127.0.0.1/41291] INFO  http.HttpServer2 (HttpServer2.java:addFilter(1006)) - Added filter static_user_filter (class=org.apache.hadoop.http.lib.StaticUserWebFilter$StaticUserFilter) to context ozoneManager
2021-11-12 12:23:30,723 [Listener at 127.0.0.1/41291] INFO  http.HttpServer2 (HttpServer2.java:addFilter(1014)) - Added filter static_user_filter (class=org.apache.hadoop.http.lib.StaticUserWebFilter$StaticUserFilter) to context static
2021-11-12 12:23:30,723 [Listener at 127.0.0.1/41291] INFO  http.HttpServer2 (HttpServer2.java:addFilter(1014)) - Added filter static_user_filter (class=org.apache.hadoop.http.lib.StaticUserWebFilter$StaticUserFilter) to context logs
2021-11-12 12:23:30,724 [Listener at 127.0.0.1/41291] INFO  http.HttpServer2 (HttpServer2.java:bindListener(1249)) - Jetty bound to port 33799
2021-11-12 12:23:30,724 [Listener at 127.0.0.1/41291] INFO  server.Server (Server.java:doStart(375)) - jetty-9.4.43.v20210629; built: 2021-06-30T11:07:22.254Z; git: 526006ecfa3af7f1a27ef3a288e2bef7ea9dd7e8; jvm 1.8.0_292-b10
2021-11-12 12:23:30,753 [Listener at 127.0.0.1/41291] INFO  server.session (DefaultSessionIdManager.java:doStart(334)) - DefaultSessionIdManager workerName=node0
2021-11-12 12:23:30,753 [Listener at 127.0.0.1/41291] INFO  server.session (DefaultSessionIdManager.java:doStart(339)) - No SessionScavenger set, using defaults
2021-11-12 12:23:30,753 [Listener at 127.0.0.1/41291] INFO  server.session (HouseKeeper.java:startScavenging(132)) - node0 Scavenging every 600000ms
2021-11-12 12:23:30,754 [Listener at 127.0.0.1/41291] INFO  handler.ContextHandler (ContextHandler.java:doStart(915)) - Started o.e.j.s.ServletContextHandler@4d4e9e57{logs,/logs,file:///home/runner/work/ozone/ozone/hadoop-ozone/integration-test/target/log,AVAILABLE}
2021-11-12 12:23:30,755 [Listener at 127.0.0.1/41291] INFO  handler.ContextHandler (ContextHandler.java:doStart(915)) - Started o.e.j.s.ServletContextHandler@3e1ad5ad{static,/static,file:///home/runner/work/ozone/ozone/hadoop-ozone/integration-test/target/test-classes/webapps/static,AVAILABLE}
2021-11-12 12:23:30,758 [Listener at 127.0.0.1/41291] INFO  handler.ContextHandler (ContextHandler.java:doStart(915)) - Started o.e.j.w.WebAppContext@25cd826b{ozoneManager,/,file:///home/runner/work/ozone/ozone/hadoop-ozone/integration-test/target/test-classes/webapps/ozoneManager/,AVAILABLE}{file:/home/runner/work/ozone/ozone/hadoop-ozone/integration-test/target/test-classes/webapps/ozoneManager}
2021-11-12 12:23:30,784 [Listener at 127.0.0.1/41291] INFO  server.AbstractConnector (AbstractConnector.java:doStart(331)) - Started ServerConnector@199cb323{HTTP/1.1, (http/1.1)}{0.0.0.0:33799}
2021-11-12 12:23:30,784 [Listener at 127.0.0.1/41291] INFO  server.Server (Server.java:doStart(415)) - Started @55297ms
2021-11-12 12:23:30,784 [Listener at 127.0.0.1/41291] WARN  impl.MetricsSystemImpl (MetricsSystemImpl.java:register(279)) - Sink prometheus already exists!
2021-11-12 12:23:30,791 [Listener at 127.0.0.1/41291] INFO  http.BaseHttpServer (BaseHttpServer.java:updateConnectorAddress(329)) - HTTP server of ozoneManager listening at http://0.0.0.0:33799
2021-11-12 12:23:30,795 [IPC Server Responder] INFO  ipc.Server (Server.java:run(1507)) - IPC Server Responder: starting
2021-11-12 12:23:30,803 [IPC Server listener on 0] INFO  ipc.Server (Server.java:run(1344)) - IPC Server listener on 0: starting
2021-11-12 12:23:30,920 [Listener at 127.0.0.1/41291] INFO  om.OzoneManager (OzoneManager.java:startTrashEmptier(1597)) - Trash Interval set to 0. Files deleted will not move to trash
2021-11-12 12:23:30,937 [org.apache.hadoop.util.JvmPauseMonitor$Monitor@3c132d5f] INFO  util.JvmPauseMonitor (JvmPauseMonitor.java:run(188)) - Starting JVM pause monitor
2021-11-12 12:23:30,948 [Listener at 127.0.0.1/41291] WARN  impl.MetricRegistriesImpl (MetricRegistriesImpl.java:addReporterRegistration(111)) - New reporters are added after registries were created. Some metrics will be missing from the reporter. Please add reporter before adding any new registry.
2021-11-12 12:23:30,948 [Listener at 127.0.0.1/41291] WARN  impl.MetricRegistriesImpl (MetricRegistriesImpl.java:addReporterRegistration(111)) - New reporters are added after registries were created. Some metrics will be missing from the reporter. Please add reporter before adding any new registry.
2021-11-12 12:23:30,948 [Listener at 127.0.0.1/41291] INFO  impl.MetricsSystemImpl (MetricsSystemImpl.java:init(158)) - HddsDatanode metrics system started (again)
2021-11-12 12:23:30,979 [Listener at 127.0.0.1/41291] INFO  ozone.HddsDatanodeService (HddsDatanodeService.java:start(234)) - HddsDatanodeService host:fv-az148-604.bm4ck3pvxvsene1rjriu5fhcdb.bx.internal.cloudapp.net ip:10.1.0.56
2021-11-12 12:23:31,043 [Listener at 127.0.0.1/41291] INFO  upgrade.AbstractLayoutVersionManager (AbstractLayoutVersionManager.java:init(79)) - Initializing Layout version manager with metadata layout = SCM_HA (version = 2), software layout = SCM_HA (version = 2)
2021-11-12 12:23:31,141 [Listener at 127.0.0.1/41291] INFO  reflections.Reflections (Reflections.java:scan(232)) - Reflections took 97 ms to scan 7 urls, producing 119 keys and 279 values 
2021-11-12 12:23:31,155 [Listener at 127.0.0.1/41291] INFO  statemachine.DatanodeStateMachine (DatanodeStateMachine.java:getEndPointTaskThreadPoolSize(219)) - Datanode State Machine Task Thread Pool size 2
2021-11-12 12:23:31,157 [Listener at 127.0.0.1/41291] INFO  volume.HddsVolume (HddsVolume.java:<init>(120)) - Creating HddsVolume: /home/runner/work/ozone/ozone/hadoop-ozone/integration-test/target/test-dir/MiniOzoneClusterImpl-a86265ae-e924-4e37-b80c-e96915062793/datanode-0/data-0/containers/hdds of storage type : DISK capacity : 9223372036854775807
2021-11-12 12:23:31,173 [Listener at 127.0.0.1/41291] INFO  volume.MutableVolumeSet (MutableVolumeSet.java:initializeVolumeSet(168)) - Added Volume : /home/runner/work/ozone/ozone/hadoop-ozone/integration-test/target/test-dir/MiniOzoneClusterImpl-a86265ae-e924-4e37-b80c-e96915062793/datanode-0/data-0/containers/hdds to VolumeSet
2021-11-12 12:23:31,181 [Listener at 127.0.0.1/41291] INFO  volume.ThrottledAsyncChecker (ThrottledAsyncChecker.java:schedule(141)) - Scheduling a check for /home/runner/work/ozone/ozone/hadoop-ozone/integration-test/target/test-dir/MiniOzoneClusterImpl-a86265ae-e924-4e37-b80c-e96915062793/datanode-0/data-0/containers/hdds
2021-11-12 12:23:31,210 [Listener at 127.0.0.1/41291] INFO  volume.StorageVolumeChecker (StorageVolumeChecker.java:checkAllVolumes(202)) - Scheduled health check for volume /home/runner/work/ozone/ozone/hadoop-ozone/integration-test/target/test-dir/MiniOzoneClusterImpl-a86265ae-e924-4e37-b80c-e96915062793/datanode-0/data-0/containers/hdds
2021-11-12 12:23:31,252 [Listener at 127.0.0.1/41291] INFO  volume.MutableVolumeSet (MutableVolumeSet.java:initializeVolumeSet(168)) - Added Volume : /home/runner/work/ozone/ozone/hadoop-ozone/integration-test/target/test-dir/MiniOzoneClusterImpl-a86265ae-e924-4e37-b80c-e96915062793/datanode-0/data/ratis to VolumeSet
2021-11-12 12:23:31,253 [Listener at 127.0.0.1/41291] INFO  volume.ThrottledAsyncChecker (ThrottledAsyncChecker.java:schedule(141)) - Scheduling a check for /home/runner/work/ozone/ozone/hadoop-ozone/integration-test/target/test-dir/MiniOzoneClusterImpl-a86265ae-e924-4e37-b80c-e96915062793/datanode-0/data/ratis
2021-11-12 12:23:31,266 [Listener at 127.0.0.1/41291] INFO  volume.StorageVolumeChecker (StorageVolumeChecker.java:checkAllVolumes(202)) - Scheduled health check for volume /home/runner/work/ozone/ozone/hadoop-ozone/integration-test/target/test-dir/MiniOzoneClusterImpl-a86265ae-e924-4e37-b80c-e96915062793/datanode-0/data/ratis
2021-11-12 12:23:31,304 [Thread-510] INFO  ozoneimpl.ContainerReader (ContainerReader.java:readVolume(172)) - Finish verifying containers on volume /home/runner/work/ozone/ozone/hadoop-ozone/integration-test/target/test-dir/MiniOzoneClusterImpl-a86265ae-e924-4e37-b80c-e96915062793/datanode-0/data-0/containers/hdds
2021-11-12 12:23:31,306 [Listener at 127.0.0.1/41291] INFO  ozoneimpl.OzoneContainer (OzoneContainer.java:buildContainerSet(236)) - Build ContainerSet costs 0s
2021-11-12 12:23:31,311 [Listener at 127.0.0.1/41291] INFO  server.RaftServer (ConfUtils.java:logGet(44)) - raft.rpc.type = GRPC (default)
2021-11-12 12:23:31,314 [Listener at 127.0.0.1/41291] INFO  grpc.GrpcFactory (GrpcFactory.java:checkPooledByteBufAllocatorUseCacheForAllThreads(48)) - PERFORMANCE WARNING: useCacheForAllThreads is true that may cause Netty to create a lot garbage objects and, as a result, trigger GC.
	It is recommended to disable useCacheForAllThreads by setting -Dorg.apache.ratis.thirdparty.io.netty.allocator.useCacheForAllThreads=false in command line.
2021-11-12 12:23:31,315 [Listener at 127.0.0.1/41291] INFO  grpc.GrpcConfigKeys (ConfUtils.java:logGet(44)) - raft.grpc.admin.port = 0 (custom)
2021-11-12 12:23:31,315 [Listener at 127.0.0.1/41291] INFO  grpc.GrpcConfigKeys (ConfUtils.java:logGet(44)) - raft.grpc.client.port = 0 (custom)
2021-11-12 12:23:31,315 [Listener at 127.0.0.1/41291] INFO  grpc.GrpcConfigKeys (ConfUtils.java:logGet(44)) - raft.grpc.server.port = 0 (default)
2021-11-12 12:23:31,316 [Listener at 127.0.0.1/41291] INFO  server.GrpcService (ConfUtils.java:logGet(44)) - raft.grpc.message.size.max = 32MB (=33554432) (custom)
2021-11-12 12:23:31,316 [Listener at 127.0.0.1/41291] INFO  server.RaftServerConfigKeys (ConfUtils.java:logGet(44)) - raft.server.log.appender.buffer.byte-limit = 33554432 (custom)
2021-11-12 12:23:31,316 [Listener at 127.0.0.1/41291] INFO  server.GrpcService (ConfUtils.java:logGet(44)) - raft.grpc.flow.control.window = 5MB (=5242880) (custom)
2021-11-12 12:23:31,316 [Listener at 127.0.0.1/41291] INFO  server.RaftServerConfigKeys (ConfUtils.java:logGet(44)) - raft.server.rpc.request.timeout = 60s (custom)
2021-11-12 12:23:31,319 [Listener at 127.0.0.1/41291] INFO  impl.DataStreamServerImpl (ConfUtils.java:logGet(44)) - raft.datastream.type = DISABLED (default)
2021-11-12 12:23:31,325 [Listener at 127.0.0.1/41291] INFO  server.RaftServerConfigKeys (ConfUtils.java:logGet(44)) - raft.server.rpc.slowness.timeout = 300s (custom)
2021-11-12 12:23:31,325 [Listener at 127.0.0.1/41291] INFO  server.RaftServerConfigKeys (ConfUtils.java:logGet(44)) - raft.server.leaderelection.leader.step-down.wait-time = 10s (default)
2021-11-12 12:23:31,325 [Listener at 127.0.0.1/41291] INFO  server.RaftServerConfigKeys (ConfUtils.java:logGet(44)) - raft.server.storage.dir = [/home/runner/work/ozone/ozone/hadoop-ozone/integration-test/target/test-dir/MiniOzoneClusterImpl-a86265ae-e924-4e37-b80c-e96915062793/datanode-0/data/ratis] (custom)
2021-11-12 12:23:31,351 [Listener at 127.0.0.1/41291] INFO  http.BaseHttpServer (BaseHttpServer.java:newHttpServer2BuilderForOzone(209)) - Starting Web-server for hddsDatanode at: http://0.0.0.0:0
2021-11-12 12:23:31,351 [Listener at 127.0.0.1/41291] INFO  http.BaseHttpServer (BaseHttpServer.java:<init>(107)) - Hadoop Security Enabled: false Ozone Security Enabled: false Ozone HTTP Security Enabled: false 
2021-11-12 12:23:31,353 [Listener at 127.0.0.1/41291] INFO  server.AuthenticationFilter (AuthenticationFilter.java:constructSecretProvider(240)) - Unable to initialize FileSignerSecretProvider, falling back to use random secrets.
2021-11-12 12:23:31,359 [Listener at 127.0.0.1/41291] WARN  http.HttpRequestLog (HttpRequestLog.java:getRequestLog(103)) - Jetty request log can only be enabled using Log4j
2021-11-12 12:23:31,360 [Listener at 127.0.0.1/41291] INFO  http.HttpServer2 (HttpServer2.java:addGlobalFilter(1030)) - Added global filter 'safety' (class=org.apache.hadoop.hdds.server.http.HttpServer2$QuotingInputFilter)
2021-11-12 12:23:31,362 [Listener at 127.0.0.1/41291] INFO  http.HttpServer2 (HttpServer2.java:addFilter(1006)) - Added filter static_user_filter (class=org.apache.hadoop.http.lib.StaticUserWebFilter$StaticUserFilter) to context hddsDatanode
2021-11-12 12:23:31,362 [Listener at 127.0.0.1/41291] INFO  http.HttpServer2 (HttpServer2.java:addFilter(1014)) - Added filter static_user_filter (class=org.apache.hadoop.http.lib.StaticUserWebFilter$StaticUserFilter) to context static
2021-11-12 12:23:31,363 [Listener at 127.0.0.1/41291] INFO  http.HttpServer2 (HttpServer2.java:addFilter(1014)) - Added filter static_user_filter (class=org.apache.hadoop.http.lib.StaticUserWebFilter$StaticUserFilter) to context logs
2021-11-12 12:23:31,363 [Listener at 127.0.0.1/41291] INFO  http.HttpServer2 (HttpServer2.java:bindListener(1249)) - Jetty bound to port 33363
2021-11-12 12:23:31,364 [Listener at 127.0.0.1/41291] INFO  server.Server (Server.java:doStart(375)) - jetty-9.4.43.v20210629; built: 2021-06-30T11:07:22.254Z; git: 526006ecfa3af7f1a27ef3a288e2bef7ea9dd7e8; jvm 1.8.0_292-b10
2021-11-12 12:23:31,407 [Listener at 127.0.0.1/41291] INFO  server.session (DefaultSessionIdManager.java:doStart(334)) - DefaultSessionIdManager workerName=node0
2021-11-12 12:23:31,407 [Listener at 127.0.0.1/41291] INFO  server.session (DefaultSessionIdManager.java:doStart(339)) - No SessionScavenger set, using defaults
2021-11-12 12:23:31,407 [Listener at 127.0.0.1/41291] INFO  server.session (HouseKeeper.java:startScavenging(132)) - node0 Scavenging every 600000ms
2021-11-12 12:23:31,408 [Listener at 127.0.0.1/41291] INFO  handler.ContextHandler (ContextHandler.java:doStart(915)) - Started o.e.j.s.ServletContextHandler@99369f8{logs,/logs,file:///home/runner/work/ozone/ozone/hadoop-ozone/integration-test/target/log,AVAILABLE}
2021-11-12 12:23:31,408 [Listener at 127.0.0.1/41291] INFO  handler.ContextHandler (ContextHandler.java:doStart(915)) - Started o.e.j.s.ServletContextHandler@5893bdc4{static,/static,jar:file:/home/runner/.m2/repository/org/apache/ozone/hdds-container-service/1.2.0-SNAPSHOT/hdds-container-service-1.2.0-SNAPSHOT.jar!/webapps/static,AVAILABLE}
2021-11-12 12:23:31,552 [Listener at 127.0.0.1/41291] INFO  handler.ContextHandler (ContextHandler.java:doStart(915)) - Started o.e.j.w.WebAppContext@74fddca{hddsDatanode,/,file:///tmp/jetty-0_0_0_0-33363-hdds-container-service-1_2_0-SNAPSHOT_jar-_-any-2285293227008240200/webapp/,AVAILABLE}{jar:file:/home/runner/.m2/repository/org/apache/ozone/hdds-container-service/1.2.0-SNAPSHOT/hdds-container-service-1.2.0-SNAPSHOT.jar!/webapps/hddsDatanode}
2021-11-12 12:23:31,564 [Listener at 127.0.0.1/41291] INFO  server.AbstractConnector (AbstractConnector.java:doStart(331)) - Started ServerConnector@3698bbf8{HTTP/1.1, (http/1.1)}{0.0.0.0:33363}
2021-11-12 12:23:31,565 [Listener at 127.0.0.1/41291] INFO  server.Server (Server.java:doStart(415)) - Started @56077ms
2021-11-12 12:23:31,565 [Listener at 127.0.0.1/41291] WARN  impl.MetricsSystemImpl (MetricsSystemImpl.java:register(279)) - Sink prometheus already exists!
2021-11-12 12:23:31,566 [Listener at 127.0.0.1/41291] INFO  http.BaseHttpServer (BaseHttpServer.java:updateConnectorAddress(329)) - HTTP server of hddsDatanode listening at http://0.0.0.0:33363
2021-11-12 12:23:31,575 [Listener at 127.0.0.1/41291] WARN  impl.MetricRegistriesImpl (MetricRegistriesImpl.java:addReporterRegistration(111)) - New reporters are added after registries were created. Some metrics will be missing from the reporter. Please add reporter before adding any new registry.
2021-11-12 12:23:31,575 [Listener at 127.0.0.1/41291] WARN  impl.MetricRegistriesImpl (MetricRegistriesImpl.java:addReporterRegistration(111)) - New reporters are added after registries were created. Some metrics will be missing from the reporter. Please add reporter before adding any new registry.
2021-11-12 12:23:31,575 [Listener at 127.0.0.1/41291] INFO  impl.MetricsSystemImpl (MetricsSystemImpl.java:init(158)) - HddsDatanode metrics system started (again)
2021-11-12 12:23:31,579 [Datanode State Machine Daemon Thread] INFO  statemachine.DatanodeStateMachine (DatanodeStateMachine.java:lambda$startDaemon$0(467)) - Ozone container server started.
2021-11-12 12:23:31,627 [Listener at 127.0.0.1/41291] INFO  ozone.HddsDatanodeService (HddsDatanodeService.java:start(234)) - HddsDatanodeService host:fv-az148-604.bm4ck3pvxvsene1rjriu5fhcdb.bx.internal.cloudapp.net ip:10.1.0.56
2021-11-12 12:23:31,634 [org.apache.hadoop.util.JvmPauseMonitor$Monitor@530458cc] INFO  util.JvmPauseMonitor (JvmPauseMonitor.java:run(188)) - Starting JVM pause monitor
2021-11-12 12:23:31,670 [Datanode State Machine Task Thread - 0] INFO  datanode.InitDatanodeState (InitDatanodeState.java:persistContainerDatanodeDetails(145)) - DatanodeDetails is persisted to /home/runner/work/ozone/ozone/hadoop-ozone/integration-test/target/test-dir/MiniOzoneClusterImpl-a86265ae-e924-4e37-b80c-e96915062793/datanode-0/meta/datanode.id
2021-11-12 12:23:31,694 [Listener at 127.0.0.1/41291] INFO  upgrade.AbstractLayoutVersionManager (AbstractLayoutVersionManager.java:init(79)) - Initializing Layout version manager with metadata layout = SCM_HA (version = 2), software layout = SCM_HA (version = 2)
2021-11-12 12:23:31,774 [Listener at 127.0.0.1/41291] INFO  reflections.Reflections (Reflections.java:scan(232)) - Reflections took 79 ms to scan 7 urls, producing 119 keys and 279 values 
2021-11-12 12:23:31,779 [Listener at 127.0.0.1/41291] INFO  statemachine.DatanodeStateMachine (DatanodeStateMachine.java:getEndPointTaskThreadPoolSize(219)) - Datanode State Machine Task Thread Pool size 2
2021-11-12 12:23:31,787 [Listener at 127.0.0.1/41291] INFO  volume.HddsVolume (HddsVolume.java:<init>(120)) - Creating HddsVolume: /home/runner/work/ozone/ozone/hadoop-ozone/integration-test/target/test-dir/MiniOzoneClusterImpl-a86265ae-e924-4e37-b80c-e96915062793/datanode-1/data-0/containers/hdds of storage type : DISK capacity : 9223372036854775807
2021-11-12 12:23:31,788 [Listener at 127.0.0.1/41291] INFO  volume.MutableVolumeSet (MutableVolumeSet.java:initializeVolumeSet(168)) - Added Volume : /home/runner/work/ozone/ozone/hadoop-ozone/integration-test/target/test-dir/MiniOzoneClusterImpl-a86265ae-e924-4e37-b80c-e96915062793/datanode-1/data-0/containers/hdds to VolumeSet
2021-11-12 12:23:31,788 [Listener at 127.0.0.1/41291] INFO  volume.ThrottledAsyncChecker (ThrottledAsyncChecker.java:schedule(141)) - Scheduling a check for /home/runner/work/ozone/ozone/hadoop-ozone/integration-test/target/test-dir/MiniOzoneClusterImpl-a86265ae-e924-4e37-b80c-e96915062793/datanode-1/data-0/containers/hdds
2021-11-12 12:23:31,806 [om1@group-C5BA1605619E-FollowerState] INFO  impl.FollowerState (FollowerState.java:run(134)) - om1@group-C5BA1605619E-FollowerState: change to CANDIDATE, lastRpcElapsedTime:1142635791ns, electionTimeout:1111ms
2021-11-12 12:23:31,806 [om1@group-C5BA1605619E-FollowerState] INFO  impl.RoleInfo (RoleInfo.java:shutdownFollowerState(108)) - om1: shutdown om1@group-C5BA1605619E-FollowerState
2021-11-12 12:23:31,806 [om1@group-C5BA1605619E-FollowerState] INFO  server.RaftServer$Division (RaftServerImpl.java:setRole(290)) - om1@group-C5BA1605619E: changes role from  FOLLOWER to CANDIDATE at term 0 for changeToCandidate
2021-11-12 12:23:31,814 [Listener at 127.0.0.1/41291] INFO  volume.StorageVolumeChecker (StorageVolumeChecker.java:checkAllVolumes(202)) - Scheduled health check for volume /home/runner/work/ozone/ozone/hadoop-ozone/integration-test/target/test-dir/MiniOzoneClusterImpl-a86265ae-e924-4e37-b80c-e96915062793/datanode-1/data-0/containers/hdds
2021-11-12 12:23:31,818 [om1@group-C5BA1605619E-FollowerState] INFO  server.RaftServerConfigKeys (ConfUtils.java:logGet(44)) - raft.server.leaderelection.pre-vote = false (custom)
2021-11-12 12:23:31,818 [om1@group-C5BA1605619E-FollowerState] INFO  impl.RoleInfo (RoleInfo.java:updateAndGet(130)) - om1: start om1@group-C5BA1605619E-LeaderElection9
2021-11-12 12:23:31,842 [Listener at 127.0.0.1/41291] INFO  volume.MutableVolumeSet (MutableVolumeSet.java:initializeVolumeSet(168)) - Added Volume : /home/runner/work/ozone/ozone/hadoop-ozone/integration-test/target/test-dir/MiniOzoneClusterImpl-a86265ae-e924-4e37-b80c-e96915062793/datanode-1/data/ratis to VolumeSet
2021-11-12 12:23:31,855 [Listener at 127.0.0.1/41291] INFO  volume.ThrottledAsyncChecker (ThrottledAsyncChecker.java:schedule(141)) - Scheduling a check for /home/runner/work/ozone/ozone/hadoop-ozone/integration-test/target/test-dir/MiniOzoneClusterImpl-a86265ae-e924-4e37-b80c-e96915062793/datanode-1/data/ratis
2021-11-12 12:23:31,855 [om1@group-C5BA1605619E-LeaderElection9] INFO  impl.LeaderElection (LeaderElection.java:askForVotes(306)) - om1@group-C5BA1605619E-LeaderElection9 ELECTION round 0: submit vote requests at term 1 for -1: [om1|rpc:localhost:9872|priority:0], old=null
2021-11-12 12:23:31,856 [om1@group-C5BA1605619E-LeaderElection9] INFO  impl.LeaderElection (LeaderElection.java:askForVotes(308)) - om1@group-C5BA1605619E-LeaderElection9 ELECTION round 0: result PASSED (term=1)
2021-11-12 12:23:31,857 [om1@group-C5BA1605619E-LeaderElection9] INFO  impl.RoleInfo (RoleInfo.java:shutdownLeaderElection(121)) - om1: shutdown om1@group-C5BA1605619E-LeaderElection9
2021-11-12 12:23:31,857 [om1@group-C5BA1605619E-LeaderElection9] INFO  server.RaftServer$Division (RaftServerImpl.java:setRole(290)) - om1@group-C5BA1605619E: changes role from CANDIDATE to LEADER at term 1 for changeToLeader
2021-11-12 12:23:31,857 [om1@group-C5BA1605619E-LeaderElection9] INFO  server.RaftServer$Division (ServerState.java:setLeader(285)) - om1@group-C5BA1605619E: change Leader from null to om1 at term 1 for becomeLeader, leader elected after 1291ms
2021-11-12 12:23:31,857 [om1@group-C5BA1605619E-LeaderElection9] INFO  server.RaftServerConfigKeys (ConfUtils.java:logGet(44)) - raft.server.staging.catchup.gap = 1000 (default)
2021-11-12 12:23:31,857 [om1@group-C5BA1605619E-LeaderElection9] INFO  server.RaftServerConfigKeys (ConfUtils.java:logGet(44)) - raft.server.write.element-limit = 4096 (default)
2021-11-12 12:23:31,857 [om1@group-C5BA1605619E-LeaderElection9] INFO  server.RaftServerConfigKeys (ConfUtils.java:logGet(44)) - raft.server.write.byte-limit = 64MB (=67108864) (default)
2021-11-12 12:23:31,858 [om1@group-C5BA1605619E-LeaderElection9] INFO  server.RaftServerConfigKeys (ConfUtils.java:logGet(44)) - raft.server.watch.timeout = 10s (default)
2021-11-12 12:23:31,858 [om1@group-C5BA1605619E-LeaderElection9] INFO  server.RaftServerConfigKeys (ConfUtils.java:logGet(44)) - raft.server.watch.timeout.denomination = 1s (default)
2021-11-12 12:23:31,858 [om1@group-C5BA1605619E-LeaderElection9] INFO  server.RaftServerConfigKeys (ConfUtils.java:logGet(44)) - raft.server.watch.element-limit = 65536 (default)
2021-11-12 12:23:31,858 [om1@group-C5BA1605619E-LeaderElection9] INFO  server.RaftServerConfigKeys (ConfUtils.java:logGet(44)) - raft.server.write.element-limit = 4096 (default)
2021-11-12 12:23:31,858 [om1@group-C5BA1605619E-LeaderElection9] INFO  server.RaftServerConfigKeys (ConfUtils.java:logGet(44)) - raft.server.write.follower.gap.ratio.max = -1.0 (default)
2021-11-12 12:23:31,858 [om1@group-C5BA1605619E-LeaderElection9] INFO  impl.RoleInfo (RoleInfo.java:updateAndGet(130)) - om1: start om1@group-C5BA1605619E-LeaderStateImpl
2021-11-12 12:23:31,858 [om1@group-C5BA1605619E-LeaderElection9] INFO  segmented.SegmentedRaftLogWorker (SegmentedRaftLogWorker.java:startLogSegment(394)) - om1@group-C5BA1605619E-SegmentedRaftLogWorker: Starting segment from index:0
2021-11-12 12:23:31,871 [om1@group-C5BA1605619E-SegmentedRaftLogWorker] INFO  segmented.SegmentedRaftLogWorker (SegmentedRaftLogWorker.java:execute(601)) - om1@group-C5BA1605619E-SegmentedRaftLogWorker: created new log segment /home/runner/work/ozone/ozone/hadoop-ozone/integration-test/target/test-dir/MiniOzoneClusterImpl-a86265ae-e924-4e37-b80c-e96915062793/ozone-meta/ratis/bf265839-605b-3f16-9796-c5ba1605619e/current/log_inprogress_0
2021-11-12 12:23:31,872 [om1@group-C5BA1605619E-LeaderElection9] INFO  server.RaftServer$Division (ServerState.java:setRaftConf(387)) - om1@group-C5BA1605619E: set configuration 0: [om1|rpc:localhost:9872|admin:|client:|dataStream:|priority:0], old=null
2021-11-12 12:23:31,873 [Listener at 127.0.0.1/41291] INFO  volume.StorageVolumeChecker (StorageVolumeChecker.java:checkAllVolumes(202)) - Scheduled health check for volume /home/runner/work/ozone/ozone/hadoop-ozone/integration-test/target/test-dir/MiniOzoneClusterImpl-a86265ae-e924-4e37-b80c-e96915062793/datanode-1/data/ratis
2021-11-12 12:23:31,879 [om1@group-C5BA1605619E-StateMachineUpdater] INFO  ratis.OzoneManagerStateMachine (OzoneManagerStateMachine.java:notifyConfigurationChanged(188)) - Received Configuration change notification from Ratis. New Peer list:
[id: "om1"
address: "localhost:9872"
]
2021-11-12 12:23:31,900 [Thread-524] INFO  ozoneimpl.ContainerReader (ContainerReader.java:readVolume(172)) - Finish verifying containers on volume /home/runner/work/ozone/ozone/hadoop-ozone/integration-test/target/test-dir/MiniOzoneClusterImpl-a86265ae-e924-4e37-b80c-e96915062793/datanode-1/data-0/containers/hdds
2021-11-12 12:23:31,900 [Listener at 127.0.0.1/41291] INFO  ozoneimpl.OzoneContainer (OzoneContainer.java:buildContainerSet(236)) - Build ContainerSet costs 0s
2021-11-12 12:23:31,910 [Listener at 127.0.0.1/41291] INFO  server.RaftServer (ConfUtils.java:logGet(44)) - raft.rpc.type = GRPC (default)
2021-11-12 12:23:31,915 [Listener at 127.0.0.1/41291] INFO  grpc.GrpcFactory (GrpcFactory.java:checkPooledByteBufAllocatorUseCacheForAllThreads(48)) - PERFORMANCE WARNING: useCacheForAllThreads is true that may cause Netty to create a lot garbage objects and, as a result, trigger GC.
	It is recommended to disable useCacheForAllThreads by setting -Dorg.apache.ratis.thirdparty.io.netty.allocator.useCacheForAllThreads=false in command line.
2021-11-12 12:23:31,915 [Listener at 127.0.0.1/41291] INFO  grpc.GrpcConfigKeys (ConfUtils.java:logGet(44)) - raft.grpc.admin.port = 0 (custom)
2021-11-12 12:23:31,915 [Listener at 127.0.0.1/41291] INFO  grpc.GrpcConfigKeys (ConfUtils.java:logGet(44)) - raft.grpc.client.port = 0 (custom)
2021-11-12 12:23:31,915 [Listener at 127.0.0.1/41291] INFO  grpc.GrpcConfigKeys (ConfUtils.java:logGet(44)) - raft.grpc.server.port = 0 (default)
2021-11-12 12:23:31,915 [Listener at 127.0.0.1/41291] INFO  server.GrpcService (ConfUtils.java:logGet(44)) - raft.grpc.message.size.max = 32MB (=33554432) (custom)
2021-11-12 12:23:31,915 [Listener at 127.0.0.1/41291] INFO  server.RaftServerConfigKeys (ConfUtils.java:logGet(44)) - raft.server.log.appender.buffer.byte-limit = 33554432 (custom)
2021-11-12 12:23:31,915 [Listener at 127.0.0.1/41291] INFO  server.GrpcService (ConfUtils.java:logGet(44)) - raft.grpc.flow.control.window = 5MB (=5242880) (custom)
2021-11-12 12:23:31,916 [Listener at 127.0.0.1/41291] INFO  server.RaftServerConfigKeys (ConfUtils.java:logGet(44)) - raft.server.rpc.request.timeout = 60s (custom)
2021-11-12 12:23:31,917 [Listener at 127.0.0.1/41291] INFO  impl.DataStreamServerImpl (ConfUtils.java:logGet(44)) - raft.datastream.type = DISABLED (default)
2021-11-12 12:23:31,917 [Listener at 127.0.0.1/41291] INFO  server.RaftServerConfigKeys (ConfUtils.java:logGet(44)) - raft.server.rpc.slowness.timeout = 300s (custom)
2021-11-12 12:23:31,917 [Listener at 127.0.0.1/41291] INFO  server.RaftServerConfigKeys (ConfUtils.java:logGet(44)) - raft.server.leaderelection.leader.step-down.wait-time = 10s (default)
2021-11-12 12:23:31,917 [Listener at 127.0.0.1/41291] INFO  server.RaftServerConfigKeys (ConfUtils.java:logGet(44)) - raft.server.storage.dir = [/home/runner/work/ozone/ozone/hadoop-ozone/integration-test/target/test-dir/MiniOzoneClusterImpl-a86265ae-e924-4e37-b80c-e96915062793/datanode-1/data/ratis] (custom)
2021-11-12 12:23:31,938 [Listener at 127.0.0.1/41291] INFO  http.BaseHttpServer (BaseHttpServer.java:newHttpServer2BuilderForOzone(209)) - Starting Web-server for hddsDatanode at: http://0.0.0.0:0
2021-11-12 12:23:31,938 [Listener at 127.0.0.1/41291] INFO  http.BaseHttpServer (BaseHttpServer.java:<init>(107)) - Hadoop Security Enabled: false Ozone Security Enabled: false Ozone HTTP Security Enabled: false 
2021-11-12 12:23:31,939 [Listener at 127.0.0.1/41291] INFO  server.AuthenticationFilter (AuthenticationFilter.java:constructSecretProvider(240)) - Unable to initialize FileSignerSecretProvider, falling back to use random secrets.
2021-11-12 12:23:31,941 [Listener at 127.0.0.1/41291] WARN  http.HttpRequestLog (HttpRequestLog.java:getRequestLog(103)) - Jetty request log can only be enabled using Log4j
2021-11-12 12:23:31,943 [Listener at 127.0.0.1/41291] INFO  http.HttpServer2 (HttpServer2.java:addGlobalFilter(1030)) - Added global filter 'safety' (class=org.apache.hadoop.hdds.server.http.HttpServer2$QuotingInputFilter)
2021-11-12 12:23:31,945 [Listener at 127.0.0.1/41291] INFO  http.HttpServer2 (HttpServer2.java:addFilter(1006)) - Added filter static_user_filter (class=org.apache.hadoop.http.lib.StaticUserWebFilter$StaticUserFilter) to context hddsDatanode
2021-11-12 12:23:31,945 [Listener at 127.0.0.1/41291] INFO  http.HttpServer2 (HttpServer2.java:addFilter(1014)) - Added filter static_user_filter (class=org.apache.hadoop.http.lib.StaticUserWebFilter$StaticUserFilter) to context static
2021-11-12 12:23:31,945 [Listener at 127.0.0.1/41291] INFO  http.HttpServer2 (HttpServer2.java:addFilter(1014)) - Added filter static_user_filter (class=org.apache.hadoop.http.lib.StaticUserWebFilter$StaticUserFilter) to context logs
2021-11-12 12:23:31,945 [Listener at 127.0.0.1/41291] INFO  http.HttpServer2 (HttpServer2.java:bindListener(1249)) - Jetty bound to port 44857
2021-11-12 12:23:31,945 [Listener at 127.0.0.1/41291] INFO  server.Server (Server.java:doStart(375)) - jetty-9.4.43.v20210629; built: 2021-06-30T11:07:22.254Z; git: 526006ecfa3af7f1a27ef3a288e2bef7ea9dd7e8; jvm 1.8.0_292-b10
2021-11-12 12:23:31,965 [Listener at 127.0.0.1/41291] INFO  server.session (DefaultSessionIdManager.java:doStart(334)) - DefaultSessionIdManager workerName=node0
2021-11-12 12:23:31,965 [Listener at 127.0.0.1/41291] INFO  server.session (DefaultSessionIdManager.java:doStart(339)) - No SessionScavenger set, using defaults
2021-11-12 12:23:31,965 [Listener at 127.0.0.1/41291] INFO  server.session (HouseKeeper.java:startScavenging(132)) - node0 Scavenging every 600000ms
2021-11-12 12:23:31,966 [Listener at 127.0.0.1/41291] INFO  handler.ContextHandler (ContextHandler.java:doStart(915)) - Started o.e.j.s.ServletContextHandler@10760c64{logs,/logs,file:///home/runner/work/ozone/ozone/hadoop-ozone/integration-test/target/log,AVAILABLE}
2021-11-12 12:23:31,966 [Listener at 127.0.0.1/41291] INFO  handler.ContextHandler (ContextHandler.java:doStart(915)) - Started o.e.j.s.ServletContextHandler@2a677fb7{static,/static,jar:file:/home/runner/.m2/repository/org/apache/ozone/hdds-container-service/1.2.0-SNAPSHOT/hdds-container-service-1.2.0-SNAPSHOT.jar!/webapps/static,AVAILABLE}
2021-11-12 12:23:32,044 [Listener at 127.0.0.1/41291] INFO  handler.ContextHandler (ContextHandler.java:doStart(915)) - Started o.e.j.w.WebAppContext@d280585{hddsDatanode,/,file:///tmp/jetty-0_0_0_0-44857-hdds-container-service-1_2_0-SNAPSHOT_jar-_-any-7238455176303252526/webapp/,AVAILABLE}{jar:file:/home/runner/.m2/repository/org/apache/ozone/hdds-container-service/1.2.0-SNAPSHOT/hdds-container-service-1.2.0-SNAPSHOT.jar!/webapps/hddsDatanode}
2021-11-12 12:23:32,047 [Listener at 127.0.0.1/41291] INFO  server.AbstractConnector (AbstractConnector.java:doStart(331)) - Started ServerConnector@7956a465{HTTP/1.1, (http/1.1)}{0.0.0.0:44857}
2021-11-12 12:23:32,050 [Listener at 127.0.0.1/41291] INFO  server.Server (Server.java:doStart(415)) - Started @56562ms
2021-11-12 12:23:32,050 [Listener at 127.0.0.1/41291] WARN  impl.MetricsSystemImpl (MetricsSystemImpl.java:register(279)) - Sink prometheus already exists!
2021-11-12 12:23:32,051 [Listener at 127.0.0.1/41291] INFO  http.BaseHttpServer (BaseHttpServer.java:updateConnectorAddress(329)) - HTTP server of hddsDatanode listening at http://0.0.0.0:44857
2021-11-12 12:23:32,063 [Listener at 127.0.0.1/41291] WARN  impl.MetricRegistriesImpl (MetricRegistriesImpl.java:addReporterRegistration(111)) - New reporters are added after registries were created. Some metrics will be missing from the reporter. Please add reporter before adding any new registry.
2021-11-12 12:23:32,063 [Listener at 127.0.0.1/41291] WARN  impl.MetricRegistriesImpl (MetricRegistriesImpl.java:addReporterRegistration(111)) - New reporters are added after registries were created. Some metrics will be missing from the reporter. Please add reporter before adding any new registry.
2021-11-12 12:23:32,063 [Listener at 127.0.0.1/41291] INFO  impl.MetricsSystemImpl (MetricsSystemImpl.java:init(158)) - HddsDatanode metrics system started (again)
2021-11-12 12:23:32,074 [Datanode State Machine Daemon Thread] INFO  statemachine.DatanodeStateMachine (DatanodeStateMachine.java:lambda$startDaemon$0(467)) - Ozone container server started.
2021-11-12 12:23:32,110 [Listener at 127.0.0.1/41291] INFO  ozone.HddsDatanodeService (HddsDatanodeService.java:start(234)) - HddsDatanodeService host:fv-az148-604.bm4ck3pvxvsene1rjriu5fhcdb.bx.internal.cloudapp.net ip:10.1.0.56
2021-11-12 12:23:32,139 [org.apache.hadoop.util.JvmPauseMonitor$Monitor@3c41b4c5] INFO  util.JvmPauseMonitor (JvmPauseMonitor.java:run(188)) - Starting JVM pause monitor
2021-11-12 12:23:32,171 [Listener at 127.0.0.1/41291] INFO  upgrade.AbstractLayoutVersionManager (AbstractLayoutVersionManager.java:init(79)) - Initializing Layout version manager with metadata layout = SCM_HA (version = 2), software layout = SCM_HA (version = 2)
2021-11-12 12:23:32,179 [Datanode State Machine Task Thread - 0] INFO  datanode.InitDatanodeState (InitDatanodeState.java:persistContainerDatanodeDetails(145)) - DatanodeDetails is persisted to /home/runner/work/ozone/ozone/hadoop-ozone/integration-test/target/test-dir/MiniOzoneClusterImpl-a86265ae-e924-4e37-b80c-e96915062793/datanode-1/meta/datanode.id
2021-11-12 12:23:32,255 [Listener at 127.0.0.1/41291] INFO  reflections.Reflections (Reflections.java:scan(232)) - Reflections took 82 ms to scan 7 urls, producing 119 keys and 279 values 
2021-11-12 12:23:32,267 [Listener at 127.0.0.1/41291] INFO  statemachine.DatanodeStateMachine (DatanodeStateMachine.java:getEndPointTaskThreadPoolSize(219)) - Datanode State Machine Task Thread Pool size 2
2021-11-12 12:23:32,276 [Listener at 127.0.0.1/41291] INFO  volume.HddsVolume (HddsVolume.java:<init>(120)) - Creating HddsVolume: /home/runner/work/ozone/ozone/hadoop-ozone/integration-test/target/test-dir/MiniOzoneClusterImpl-a86265ae-e924-4e37-b80c-e96915062793/datanode-2/data-0/containers/hdds of storage type : DISK capacity : 9223372036854775807
2021-11-12 12:23:32,276 [Listener at 127.0.0.1/41291] INFO  volume.MutableVolumeSet (MutableVolumeSet.java:initializeVolumeSet(168)) - Added Volume : /home/runner/work/ozone/ozone/hadoop-ozone/integration-test/target/test-dir/MiniOzoneClusterImpl-a86265ae-e924-4e37-b80c-e96915062793/datanode-2/data-0/containers/hdds to VolumeSet
2021-11-12 12:23:32,276 [Listener at 127.0.0.1/41291] INFO  volume.ThrottledAsyncChecker (ThrottledAsyncChecker.java:schedule(141)) - Scheduling a check for /home/runner/work/ozone/ozone/hadoop-ozone/integration-test/target/test-dir/MiniOzoneClusterImpl-a86265ae-e924-4e37-b80c-e96915062793/datanode-2/data-0/containers/hdds
2021-11-12 12:23:32,281 [Listener at 127.0.0.1/41291] INFO  volume.StorageVolumeChecker (StorageVolumeChecker.java:checkAllVolumes(202)) - Scheduled health check for volume /home/runner/work/ozone/ozone/hadoop-ozone/integration-test/target/test-dir/MiniOzoneClusterImpl-a86265ae-e924-4e37-b80c-e96915062793/datanode-2/data-0/containers/hdds
2021-11-12 12:23:32,316 [Listener at 127.0.0.1/41291] INFO  volume.MutableVolumeSet (MutableVolumeSet.java:initializeVolumeSet(168)) - Added Volume : /home/runner/work/ozone/ozone/hadoop-ozone/integration-test/target/test-dir/MiniOzoneClusterImpl-a86265ae-e924-4e37-b80c-e96915062793/datanode-2/data/ratis to VolumeSet
2021-11-12 12:23:32,316 [Listener at 127.0.0.1/41291] INFO  volume.ThrottledAsyncChecker (ThrottledAsyncChecker.java:schedule(141)) - Scheduling a check for /home/runner/work/ozone/ozone/hadoop-ozone/integration-test/target/test-dir/MiniOzoneClusterImpl-a86265ae-e924-4e37-b80c-e96915062793/datanode-2/data/ratis
2021-11-12 12:23:32,316 [Listener at 127.0.0.1/41291] INFO  volume.StorageVolumeChecker (StorageVolumeChecker.java:checkAllVolumes(202)) - Scheduled health check for volume /home/runner/work/ozone/ozone/hadoop-ozone/integration-test/target/test-dir/MiniOzoneClusterImpl-a86265ae-e924-4e37-b80c-e96915062793/datanode-2/data/ratis
2021-11-12 12:23:32,347 [Thread-536] INFO  ozoneimpl.ContainerReader (ContainerReader.java:readVolume(172)) - Finish verifying containers on volume /home/runner/work/ozone/ozone/hadoop-ozone/integration-test/target/test-dir/MiniOzoneClusterImpl-a86265ae-e924-4e37-b80c-e96915062793/datanode-2/data-0/containers/hdds
2021-11-12 12:23:32,347 [Listener at 127.0.0.1/41291] INFO  ozoneimpl.OzoneContainer (OzoneContainer.java:buildContainerSet(236)) - Build ContainerSet costs 0s
2021-11-12 12:23:32,350 [Listener at 127.0.0.1/41291] INFO  server.RaftServer (ConfUtils.java:logGet(44)) - raft.rpc.type = GRPC (default)
2021-11-12 12:23:32,350 [Listener at 127.0.0.1/41291] INFO  grpc.GrpcFactory (GrpcFactory.java:checkPooledByteBufAllocatorUseCacheForAllThreads(48)) - PERFORMANCE WARNING: useCacheForAllThreads is true that may cause Netty to create a lot garbage objects and, as a result, trigger GC.
	It is recommended to disable useCacheForAllThreads by setting -Dorg.apache.ratis.thirdparty.io.netty.allocator.useCacheForAllThreads=false in command line.
2021-11-12 12:23:32,350 [Listener at 127.0.0.1/41291] INFO  grpc.GrpcConfigKeys (ConfUtils.java:logGet(44)) - raft.grpc.admin.port = 0 (custom)
2021-11-12 12:23:32,350 [Listener at 127.0.0.1/41291] INFO  grpc.GrpcConfigKeys (ConfUtils.java:logGet(44)) - raft.grpc.client.port = 0 (custom)
2021-11-12 12:23:32,351 [Listener at 127.0.0.1/41291] INFO  grpc.GrpcConfigKeys (ConfUtils.java:logGet(44)) - raft.grpc.server.port = 0 (default)
2021-11-12 12:23:32,351 [Listener at 127.0.0.1/41291] INFO  server.GrpcService (ConfUtils.java:logGet(44)) - raft.grpc.message.size.max = 32MB (=33554432) (custom)
2021-11-12 12:23:32,351 [Listener at 127.0.0.1/41291] INFO  server.RaftServerConfigKeys (ConfUtils.java:logGet(44)) - raft.server.log.appender.buffer.byte-limit = 33554432 (custom)
2021-11-12 12:23:32,351 [Listener at 127.0.0.1/41291] INFO  server.GrpcService (ConfUtils.java:logGet(44)) - raft.grpc.flow.control.window = 5MB (=5242880) (custom)
2021-11-12 12:23:32,354 [Listener at 127.0.0.1/41291] INFO  server.RaftServerConfigKeys (ConfUtils.java:logGet(44)) - raft.server.rpc.request.timeout = 60s (custom)
2021-11-12 12:23:32,356 [Listener at 127.0.0.1/41291] INFO  impl.DataStreamServerImpl (ConfUtils.java:logGet(44)) - raft.datastream.type = DISABLED (default)
2021-11-12 12:23:32,358 [Listener at 127.0.0.1/41291] INFO  server.RaftServerConfigKeys (ConfUtils.java:logGet(44)) - raft.server.rpc.slowness.timeout = 300s (custom)
2021-11-12 12:23:32,359 [Listener at 127.0.0.1/41291] INFO  server.RaftServerConfigKeys (ConfUtils.java:logGet(44)) - raft.server.leaderelection.leader.step-down.wait-time = 10s (default)
2021-11-12 12:23:32,359 [Listener at 127.0.0.1/41291] INFO  server.RaftServerConfigKeys (ConfUtils.java:logGet(44)) - raft.server.storage.dir = [/home/runner/work/ozone/ozone/hadoop-ozone/integration-test/target/test-dir/MiniOzoneClusterImpl-a86265ae-e924-4e37-b80c-e96915062793/datanode-2/data/ratis] (custom)
2021-11-12 12:23:32,381 [Listener at 127.0.0.1/41291] INFO  http.BaseHttpServer (BaseHttpServer.java:newHttpServer2BuilderForOzone(209)) - Starting Web-server for hddsDatanode at: http://0.0.0.0:0
2021-11-12 12:23:32,381 [Listener at 127.0.0.1/41291] INFO  http.BaseHttpServer (BaseHttpServer.java:<init>(107)) - Hadoop Security Enabled: false Ozone Security Enabled: false Ozone HTTP Security Enabled: false 
2021-11-12 12:23:32,382 [Listener at 127.0.0.1/41291] INFO  server.AuthenticationFilter (AuthenticationFilter.java:constructSecretProvider(240)) - Unable to initialize FileSignerSecretProvider, falling back to use random secrets.
2021-11-12 12:23:32,385 [Listener at 127.0.0.1/41291] WARN  http.HttpRequestLog (HttpRequestLog.java:getRequestLog(103)) - Jetty request log can only be enabled using Log4j
2021-11-12 12:23:32,386 [Listener at 127.0.0.1/41291] INFO  http.HttpServer2 (HttpServer2.java:addGlobalFilter(1030)) - Added global filter 'safety' (class=org.apache.hadoop.hdds.server.http.HttpServer2$QuotingInputFilter)
2021-11-12 12:23:32,386 [Listener at 127.0.0.1/41291] INFO  http.HttpServer2 (HttpServer2.java:addFilter(1006)) - Added filter static_user_filter (class=org.apache.hadoop.http.lib.StaticUserWebFilter$StaticUserFilter) to context hddsDatanode
2021-11-12 12:23:32,386 [Listener at 127.0.0.1/41291] INFO  http.HttpServer2 (HttpServer2.java:addFilter(1014)) - Added filter static_user_filter (class=org.apache.hadoop.http.lib.StaticUserWebFilter$StaticUserFilter) to context static
2021-11-12 12:23:32,386 [Listener at 127.0.0.1/41291] INFO  http.HttpServer2 (HttpServer2.java:addFilter(1014)) - Added filter static_user_filter (class=org.apache.hadoop.http.lib.StaticUserWebFilter$StaticUserFilter) to context logs
2021-11-12 12:23:32,387 [Listener at 127.0.0.1/41291] INFO  http.HttpServer2 (HttpServer2.java:bindListener(1249)) - Jetty bound to port 36491
2021-11-12 12:23:32,387 [Listener at 127.0.0.1/41291] INFO  server.Server (Server.java:doStart(375)) - jetty-9.4.43.v20210629; built: 2021-06-30T11:07:22.254Z; git: 526006ecfa3af7f1a27ef3a288e2bef7ea9dd7e8; jvm 1.8.0_292-b10
2021-11-12 12:23:32,413 [Listener at 127.0.0.1/41291] INFO  server.session (DefaultSessionIdManager.java:doStart(334)) - DefaultSessionIdManager workerName=node0
2021-11-12 12:23:32,413 [Listener at 127.0.0.1/41291] INFO  server.session (DefaultSessionIdManager.java:doStart(339)) - No SessionScavenger set, using defaults
2021-11-12 12:23:32,413 [Listener at 127.0.0.1/41291] INFO  server.session (HouseKeeper.java:startScavenging(132)) - node0 Scavenging every 600000ms
2021-11-12 12:23:32,414 [Listener at 127.0.0.1/41291] INFO  handler.ContextHandler (ContextHandler.java:doStart(915)) - Started o.e.j.s.ServletContextHandler@19b3893f{logs,/logs,file:///home/runner/work/ozone/ozone/hadoop-ozone/integration-test/target/log,AVAILABLE}
2021-11-12 12:23:32,414 [Listener at 127.0.0.1/41291] INFO  handler.ContextHandler (ContextHandler.java:doStart(915)) - Started o.e.j.s.ServletContextHandler@6a45de90{static,/static,jar:file:/home/runner/.m2/repository/org/apache/ozone/hdds-container-service/1.2.0-SNAPSHOT/hdds-container-service-1.2.0-SNAPSHOT.jar!/webapps/static,AVAILABLE}
2021-11-12 12:23:32,487 [Listener at 127.0.0.1/41291] INFO  handler.ContextHandler (ContextHandler.java:doStart(915)) - Started o.e.j.w.WebAppContext@33f3b6ac{hddsDatanode,/,file:///tmp/jetty-0_0_0_0-36491-hdds-container-service-1_2_0-SNAPSHOT_jar-_-any-4785794578616790158/webapp/,AVAILABLE}{jar:file:/home/runner/.m2/repository/org/apache/ozone/hdds-container-service/1.2.0-SNAPSHOT/hdds-container-service-1.2.0-SNAPSHOT.jar!/webapps/hddsDatanode}
2021-11-12 12:23:32,489 [Listener at 127.0.0.1/41291] INFO  server.AbstractConnector (AbstractConnector.java:doStart(331)) - Started ServerConnector@3760653b{HTTP/1.1, (http/1.1)}{0.0.0.0:36491}
2021-11-12 12:23:32,494 [Listener at 127.0.0.1/41291] INFO  server.Server (Server.java:doStart(415)) - Started @57007ms
2021-11-12 12:23:32,494 [Listener at 127.0.0.1/41291] WARN  impl.MetricsSystemImpl (MetricsSystemImpl.java:register(279)) - Sink prometheus already exists!
2021-11-12 12:23:32,495 [Listener at 127.0.0.1/41291] INFO  http.BaseHttpServer (BaseHttpServer.java:updateConnectorAddress(329)) - HTTP server of hddsDatanode listening at http://0.0.0.0:36491
2021-11-12 12:23:32,500 [Listener at 127.0.0.1/41291] INFO  ozone.MiniOzoneClusterImpl (MiniOzoneClusterImpl.java:lambda$waitForClusterToBeReady$0(235)) - Waiting for nodes to be ready. Got 0 of 3 DN Heartbeats.
2021-11-12 12:23:32,500 [Listener at 127.0.0.1/41291] INFO  ozone.MiniOzoneClusterImpl (MiniOzoneClusterImpl.java:lambda$waitForClusterToBeReady$0(238)) - Waiting for cluster to exit safe mode
2021-11-12 12:23:32,500 [Listener at 127.0.0.1/41291] INFO  ozone.MiniOzoneClusterImpl (MiniOzoneClusterImpl.java:lambda$waitForClusterToBeReady$0(240)) - SCM became leader
2021-11-12 12:23:32,500 [Datanode State Machine Daemon Thread] INFO  statemachine.DatanodeStateMachine (DatanodeStateMachine.java:lambda$startDaemon$0(467)) - Ozone container server started.
2021-11-12 12:23:32,523 [org.apache.hadoop.util.JvmPauseMonitor$Monitor@2e6c17bc] INFO  util.JvmPauseMonitor (JvmPauseMonitor.java:run(188)) - Starting JVM pause monitor
2021-11-12 12:23:32,536 [Datanode State Machine Task Thread - 0] INFO  datanode.InitDatanodeState (InitDatanodeState.java:persistContainerDatanodeDetails(145)) - DatanodeDetails is persisted to /home/runner/work/ozone/ozone/hadoop-ozone/integration-test/target/test-dir/MiniOzoneClusterImpl-a86265ae-e924-4e37-b80c-e96915062793/datanode-2/meta/datanode.id
2021-11-12 12:23:33,500 [Listener at 127.0.0.1/41291] INFO  ozone.MiniOzoneClusterImpl (MiniOzoneClusterImpl.java:lambda$waitForClusterToBeReady$0(235)) - Waiting for nodes to be ready. Got 0 of 3 DN Heartbeats.
2021-11-12 12:23:33,501 [Listener at 127.0.0.1/41291] INFO  ozone.MiniOzoneClusterImpl (MiniOzoneClusterImpl.java:lambda$waitForClusterToBeReady$0(238)) - Waiting for cluster to exit safe mode
2021-11-12 12:23:33,501 [Listener at 127.0.0.1/41291] INFO  ozone.MiniOzoneClusterImpl (MiniOzoneClusterImpl.java:lambda$waitForClusterToBeReady$0(240)) - SCM became leader
2021-11-12 12:23:33,648 [EndpointStateMachine task thread for /0.0.0.0:37003 - 0 ] INFO  ozoneimpl.OzoneContainer (OzoneContainer.java:start(304)) - Attempting to start container services.
2021-11-12 12:23:33,649 [EndpointStateMachine task thread for /0.0.0.0:37003 - 0 ] INFO  ozoneimpl.OzoneContainer (OzoneContainer.java:startContainerScrub(249)) - Background container scanner has been disabled.
2021-11-12 12:23:33,652 [EndpointStateMachine task thread for /0.0.0.0:37003 - 0 ] INFO  replication.ReplicationServer (ReplicationServer.java:start(107)) - ReplicationServer is started using port 44777
2021-11-12 12:23:33,660 [EndpointStateMachine task thread for /0.0.0.0:37003 - 0 ] INFO  ratis.XceiverServerRatis (XceiverServerRatis.java:start(484)) - Starting XceiverServerRatis 39e0f2bb-68c5-4e65-9fa8-5a2176253db9
2021-11-12 12:23:33,669 [EndpointStateMachine task thread for /0.0.0.0:37003 - 0 ] INFO  server.RaftServer (RaftServerProxy.java:lambda$start$5(374)) - 39e0f2bb-68c5-4e65-9fa8-5a2176253db9: start RPC server
2021-11-12 12:23:33,671 [EndpointStateMachine task thread for /0.0.0.0:37003 - 0 ] INFO  server.GrpcService (GrpcService.java:startImpl(253)) - 39e0f2bb-68c5-4e65-9fa8-5a2176253db9: GrpcService started, listening on 33975
2021-11-12 12:23:33,671 [EndpointStateMachine task thread for /0.0.0.0:37003 - 0 ] INFO  ratis.XceiverServerRatis (XceiverServerRatis.java:getRealPort(505)) - XceiverServerRatis 39e0f2bb-68c5-4e65-9fa8-5a2176253db9 is started using port 33975 for RATIS
2021-11-12 12:23:33,671 [EndpointStateMachine task thread for /0.0.0.0:37003 - 0 ] INFO  ratis.XceiverServerRatis (XceiverServerRatis.java:getRealPort(505)) - XceiverServerRatis 39e0f2bb-68c5-4e65-9fa8-5a2176253db9 is started using port 33975 for RATIS_ADMIN
2021-11-12 12:23:33,672 [EndpointStateMachine task thread for /0.0.0.0:37003 - 0 ] INFO  ratis.XceiverServerRatis (XceiverServerRatis.java:getRealPort(505)) - XceiverServerRatis 39e0f2bb-68c5-4e65-9fa8-5a2176253db9 is started using port 33975 for RATIS_SERVER
2021-11-12 12:23:33,683 [EndpointStateMachine task thread for /0.0.0.0:37003 - 0 ] INFO  server.XceiverServerGrpc (XceiverServerGrpc.java:start(135)) - XceiverServerGrpc 39e0f2bb-68c5-4e65-9fa8-5a2176253db9 is started using port 43269
2021-11-12 12:23:33,689 [org.apache.ratis.util.JvmPauseMonitor$$Lambda$531/1863680554@56c90f45] INFO  util.JvmPauseMonitor (JvmPauseMonitor.java:run(103)) - JvmPauseMonitor-39e0f2bb-68c5-4e65-9fa8-5a2176253db9: Started
2021-11-12 12:23:34,153 [EndpointStateMachine task thread for /0.0.0.0:37003 - 0 ] INFO  ozoneimpl.OzoneContainer (OzoneContainer.java:start(304)) - Attempting to start container services.
2021-11-12 12:23:34,155 [EndpointStateMachine task thread for /0.0.0.0:37003 - 0 ] INFO  ozoneimpl.OzoneContainer (OzoneContainer.java:startContainerScrub(249)) - Background container scanner has been disabled.
2021-11-12 12:23:34,156 [EndpointStateMachine task thread for /0.0.0.0:37003 - 0 ] INFO  replication.ReplicationServer (ReplicationServer.java:start(107)) - ReplicationServer is started using port 46771
2021-11-12 12:23:34,164 [EndpointStateMachine task thread for /0.0.0.0:37003 - 0 ] INFO  ratis.XceiverServerRatis (XceiverServerRatis.java:start(484)) - Starting XceiverServerRatis b1704d2c-306b-4db7-9c9e-f27a2a93c51e
2021-11-12 12:23:34,170 [EndpointStateMachine task thread for /0.0.0.0:37003 - 0 ] INFO  server.RaftServer (RaftServerProxy.java:lambda$start$5(374)) - b1704d2c-306b-4db7-9c9e-f27a2a93c51e: start RPC server
2021-11-12 12:23:34,171 [EndpointStateMachine task thread for /0.0.0.0:37003 - 0 ] INFO  server.GrpcService (GrpcService.java:startImpl(253)) - b1704d2c-306b-4db7-9c9e-f27a2a93c51e: GrpcService started, listening on 36313
2021-11-12 12:23:34,171 [EndpointStateMachine task thread for /0.0.0.0:37003 - 0 ] INFO  ratis.XceiverServerRatis (XceiverServerRatis.java:getRealPort(505)) - XceiverServerRatis b1704d2c-306b-4db7-9c9e-f27a2a93c51e is started using port 36313 for RATIS
2021-11-12 12:23:34,171 [EndpointStateMachine task thread for /0.0.0.0:37003 - 0 ] INFO  ratis.XceiverServerRatis (XceiverServerRatis.java:getRealPort(505)) - XceiverServerRatis b1704d2c-306b-4db7-9c9e-f27a2a93c51e is started using port 36313 for RATIS_ADMIN
2021-11-12 12:23:34,172 [org.apache.ratis.util.JvmPauseMonitor$$Lambda$531/1863680554@3827fc49] INFO  util.JvmPauseMonitor (JvmPauseMonitor.java:run(103)) - JvmPauseMonitor-b1704d2c-306b-4db7-9c9e-f27a2a93c51e: Started
2021-11-12 12:23:34,172 [EndpointStateMachine task thread for /0.0.0.0:37003 - 0 ] INFO  ratis.XceiverServerRatis (XceiverServerRatis.java:getRealPort(505)) - XceiverServerRatis b1704d2c-306b-4db7-9c9e-f27a2a93c51e is started using port 36313 for RATIS_SERVER
2021-11-12 12:23:34,183 [EndpointStateMachine task thread for /0.0.0.0:37003 - 0 ] INFO  server.XceiverServerGrpc (XceiverServerGrpc.java:start(135)) - XceiverServerGrpc b1704d2c-306b-4db7-9c9e-f27a2a93c51e is started using port 41431
2021-11-12 12:23:34,501 [Listener at 127.0.0.1/41291] INFO  ozone.MiniOzoneClusterImpl (MiniOzoneClusterImpl.java:lambda$waitForClusterToBeReady$0(235)) - Waiting for nodes to be ready. Got 0 of 3 DN Heartbeats.
2021-11-12 12:23:34,501 [Listener at 127.0.0.1/41291] INFO  ozone.MiniOzoneClusterImpl (MiniOzoneClusterImpl.java:lambda$waitForClusterToBeReady$0(238)) - Waiting for cluster to exit safe mode
2021-11-12 12:23:34,501 [Listener at 127.0.0.1/41291] INFO  ozone.MiniOzoneClusterImpl (MiniOzoneClusterImpl.java:lambda$waitForClusterToBeReady$0(240)) - SCM became leader
2021-11-12 12:23:34,542 [EndpointStateMachine task thread for /0.0.0.0:37003 - 0 ] INFO  ozoneimpl.OzoneContainer (OzoneContainer.java:start(304)) - Attempting to start container services.
2021-11-12 12:23:34,543 [EndpointStateMachine task thread for /0.0.0.0:37003 - 0 ] INFO  ozoneimpl.OzoneContainer (OzoneContainer.java:startContainerScrub(249)) - Background container scanner has been disabled.
2021-11-12 12:23:34,545 [EndpointStateMachine task thread for /0.0.0.0:37003 - 0 ] INFO  replication.ReplicationServer (ReplicationServer.java:start(107)) - ReplicationServer is started using port 35651
2021-11-12 12:23:34,545 [EndpointStateMachine task thread for /0.0.0.0:37003 - 0 ] INFO  ratis.XceiverServerRatis (XceiverServerRatis.java:start(484)) - Starting XceiverServerRatis 14685acf-49cf-4105-a1b9-55173786b628
2021-11-12 12:23:34,551 [EndpointStateMachine task thread for /0.0.0.0:37003 - 0 ] INFO  server.RaftServer (RaftServerProxy.java:lambda$start$5(374)) - 14685acf-49cf-4105-a1b9-55173786b628: start RPC server
2021-11-12 12:23:34,559 [EndpointStateMachine task thread for /0.0.0.0:37003 - 0 ] INFO  server.GrpcService (GrpcService.java:startImpl(253)) - 14685acf-49cf-4105-a1b9-55173786b628: GrpcService started, listening on 43599
2021-11-12 12:23:34,565 [EndpointStateMachine task thread for /0.0.0.0:37003 - 0 ] INFO  ratis.XceiverServerRatis (XceiverServerRatis.java:getRealPort(505)) - XceiverServerRatis 14685acf-49cf-4105-a1b9-55173786b628 is started using port 43599 for RATIS
2021-11-12 12:23:34,565 [EndpointStateMachine task thread for /0.0.0.0:37003 - 0 ] INFO  ratis.XceiverServerRatis (XceiverServerRatis.java:getRealPort(505)) - XceiverServerRatis 14685acf-49cf-4105-a1b9-55173786b628 is started using port 43599 for RATIS_ADMIN
2021-11-12 12:23:34,565 [EndpointStateMachine task thread for /0.0.0.0:37003 - 0 ] INFO  ratis.XceiverServerRatis (XceiverServerRatis.java:getRealPort(505)) - XceiverServerRatis 14685acf-49cf-4105-a1b9-55173786b628 is started using port 43599 for RATIS_SERVER
2021-11-12 12:23:34,567 [EndpointStateMachine task thread for /0.0.0.0:37003 - 0 ] INFO  server.XceiverServerGrpc (XceiverServerGrpc.java:start(135)) - XceiverServerGrpc 14685acf-49cf-4105-a1b9-55173786b628 is started using port 43639
2021-11-12 12:23:34,579 [org.apache.ratis.util.JvmPauseMonitor$$Lambda$531/1863680554@3ed2f567] INFO  util.JvmPauseMonitor (JvmPauseMonitor.java:run(103)) - JvmPauseMonitor-14685acf-49cf-4105-a1b9-55173786b628: Started
2021-11-12 12:23:35,501 [Listener at 127.0.0.1/41291] INFO  ozone.MiniOzoneClusterImpl (MiniOzoneClusterImpl.java:lambda$waitForClusterToBeReady$0(235)) - Waiting for nodes to be ready. Got 0 of 3 DN Heartbeats.
2021-11-12 12:23:35,502 [Listener at 127.0.0.1/41291] INFO  ozone.MiniOzoneClusterImpl (MiniOzoneClusterImpl.java:lambda$waitForClusterToBeReady$0(238)) - Waiting for cluster to exit safe mode
2021-11-12 12:23:35,502 [Listener at 127.0.0.1/41291] INFO  ozone.MiniOzoneClusterImpl (MiniOzoneClusterImpl.java:lambda$waitForClusterToBeReady$0(240)) - SCM became leader
2021-11-12 12:23:35,633 [IPC Server handler 8 on default port 37003] INFO  net.NetworkTopologyImpl (NetworkTopologyImpl.java:add(112)) - Added a new node: /default-rack/39e0f2bb-68c5-4e65-9fa8-5a2176253db9
2021-11-12 12:23:35,634 [IPC Server handler 8 on default port 37003] INFO  node.SCMNodeManager (SCMNodeManager.java:register(389)) - Registered Data node : 39e0f2bb-68c5-4e65-9fa8-5a2176253db9{ip: 10.1.0.56, host: fv-az148-604.bm4ck3pvxvsene1rjriu5fhcdb.bx.internal.cloudapp.net, ports: [REPLICATION=44777, RATIS=33975, RATIS_ADMIN=33975, RATIS_SERVER=33975, STANDALONE=43269], networkLocation: /default-rack, certSerialId: null, persistedOpState: null, persistedOpStateExpiryEpochSec: 0}
2021-11-12 12:23:35,639 [EventQueue-NodeRegistrationContainerReportForContainerSafeModeRule] INFO  safemode.SCMSafeModeManager (SCMSafeModeManager.java:validateSafeModeExitRules(204)) - ContainerSafeModeRule rule is successfully validated
2021-11-12 12:23:35,639 [EventQueue-NodeRegistrationContainerReportForDataNodeSafeModeRule] INFO  safemode.SCMSafeModeManager (DataNodeSafeModeRule.java:process(71)) - SCM in safe mode. 1 DataNodes registered, 3 required.
2021-11-12 12:23:35,647 [EventQueue-NewNodeForNewNodeHandler] INFO  pipeline.BackgroundPipelineCreator (BackgroundPipelineCreator.java:notifyEventTriggered(285)) - trigger a one-shot run on RatisPipelineUtilsThread.
2021-11-12 12:23:35,647 [RatisPipelineUtilsThread - 0] INFO  pipeline.RatisPipelineProvider (RatisPipelineProvider.java:lambda$create$0(183)) - Sending CreatePipelineCommand for pipeline:PipelineID=ff1611cf-8a68-4dae-97c4-abb08a71eeee to datanode:39e0f2bb-68c5-4e65-9fa8-5a2176253db9
2021-11-12 12:23:35,647 [EventQueue-PipelineReportForOneReplicaPipelineSafeModeRule] INFO  safemode.SCMSafeModeManager (SCMSafeModeManager.java:validateSafeModeExitRules(204)) - AtleastOneDatanodeReportedRule rule is successfully validated
2021-11-12 12:23:35,648 [RatisPipelineUtilsThread - 0] INFO  pipeline.PipelineStateManagerImpl (PipelineStateManagerImpl.java:addPipeline(101)) - Created pipeline Pipeline[ Id: ff1611cf-8a68-4dae-97c4-abb08a71eeee, Nodes: 39e0f2bb-68c5-4e65-9fa8-5a2176253db9{ip: 10.1.0.56, host: fv-az148-604.bm4ck3pvxvsene1rjriu5fhcdb.bx.internal.cloudapp.net, ports: [REPLICATION=44777, RATIS=33975, RATIS_ADMIN=33975, RATIS_SERVER=33975, STANDALONE=43269], networkLocation: /default-rack, certSerialId: null, persistedOpState: IN_SERVICE, persistedOpStateExpiryEpochSec: 0}, ReplicationConfig: RATIS/ONE, State:ALLOCATED, leaderId:, CreationTimestamp2021-11-12T12:23:35.647Z[Etc/UTC]].
2021-11-12 12:23:36,142 [IPC Server handler 9 on default port 37003] INFO  net.NetworkTopologyImpl (NetworkTopologyImpl.java:add(112)) - Added a new node: /default-rack/b1704d2c-306b-4db7-9c9e-f27a2a93c51e
2021-11-12 12:23:36,142 [IPC Server handler 9 on default port 37003] INFO  node.SCMNodeManager (SCMNodeManager.java:register(389)) - Registered Data node : b1704d2c-306b-4db7-9c9e-f27a2a93c51e{ip: 10.1.0.56, host: fv-az148-604.bm4ck3pvxvsene1rjriu5fhcdb.bx.internal.cloudapp.net, ports: [REPLICATION=46771, RATIS=36313, RATIS_ADMIN=36313, RATIS_SERVER=36313, STANDALONE=41431], networkLocation: /default-rack, certSerialId: null, persistedOpState: null, persistedOpStateExpiryEpochSec: 0}
2021-11-12 12:23:36,142 [EventQueue-NewNodeForNewNodeHandler] INFO  pipeline.BackgroundPipelineCreator (BackgroundPipelineCreator.java:notifyEventTriggered(285)) - trigger a one-shot run on RatisPipelineUtilsThread.
2021-11-12 12:23:36,144 [EventQueue-NodeRegistrationContainerReportForDataNodeSafeModeRule] INFO  safemode.SCMSafeModeManager (DataNodeSafeModeRule.java:process(71)) - SCM in safe mode. 2 DataNodes registered, 3 required.
2021-11-12 12:23:36,144 [RatisPipelineUtilsThread - 0] INFO  pipeline.RatisPipelineProvider (RatisPipelineProvider.java:lambda$create$0(183)) - Sending CreatePipelineCommand for pipeline:PipelineID=49493bd2-e9de-4e6b-ad07-cb335ab66270 to datanode:b1704d2c-306b-4db7-9c9e-f27a2a93c51e
2021-11-12 12:23:36,145 [RatisPipelineUtilsThread - 0] INFO  pipeline.PipelineStateManagerImpl (PipelineStateManagerImpl.java:addPipeline(101)) - Created pipeline Pipeline[ Id: 49493bd2-e9de-4e6b-ad07-cb335ab66270, Nodes: b1704d2c-306b-4db7-9c9e-f27a2a93c51e{ip: 10.1.0.56, host: fv-az148-604.bm4ck3pvxvsene1rjriu5fhcdb.bx.internal.cloudapp.net, ports: [REPLICATION=46771, RATIS=36313, RATIS_ADMIN=36313, RATIS_SERVER=36313, STANDALONE=41431], networkLocation: /default-rack, certSerialId: null, persistedOpState: IN_SERVICE, persistedOpStateExpiryEpochSec: 0}, ReplicationConfig: RATIS/ONE, State:ALLOCATED, leaderId:, CreationTimestamp2021-11-12T12:23:36.144Z[Etc/UTC]].
2021-11-12 12:23:36,502 [Listener at 127.0.0.1/41291] INFO  ozone.MiniOzoneClusterImpl (MiniOzoneClusterImpl.java:lambda$waitForClusterToBeReady$0(235)) - Waiting for nodes to be ready. Got 2 of 3 DN Heartbeats.
2021-11-12 12:23:36,502 [Listener at 127.0.0.1/41291] INFO  ozone.MiniOzoneClusterImpl (MiniOzoneClusterImpl.java:lambda$waitForClusterToBeReady$0(238)) - Waiting for cluster to exit safe mode
2021-11-12 12:23:36,502 [Listener at 127.0.0.1/41291] INFO  ozone.MiniOzoneClusterImpl (MiniOzoneClusterImpl.java:lambda$waitForClusterToBeReady$0(240)) - SCM became leader
2021-11-12 12:23:36,526 [IPC Server handler 7 on default port 37003] INFO  net.NetworkTopologyImpl (NetworkTopologyImpl.java:add(112)) - Added a new node: /default-rack/14685acf-49cf-4105-a1b9-55173786b628
2021-11-12 12:23:36,527 [IPC Server handler 7 on default port 37003] INFO  node.SCMNodeManager (SCMNodeManager.java:register(389)) - Registered Data node : 14685acf-49cf-4105-a1b9-55173786b628{ip: 10.1.0.56, host: fv-az148-604.bm4ck3pvxvsene1rjriu5fhcdb.bx.internal.cloudapp.net, ports: [REPLICATION=35651, RATIS=43599, RATIS_ADMIN=43599, RATIS_SERVER=43599, STANDALONE=43639], networkLocation: /default-rack, certSerialId: null, persistedOpState: null, persistedOpStateExpiryEpochSec: 0}
2021-11-12 12:23:36,528 [EventQueue-NewNodeForNewNodeHandler] INFO  pipeline.BackgroundPipelineCreator (BackgroundPipelineCreator.java:notifyEventTriggered(285)) - trigger a one-shot run on RatisPipelineUtilsThread.
2021-11-12 12:23:36,528 [EventQueue-NodeRegistrationContainerReportForDataNodeSafeModeRule] INFO  safemode.SCMSafeModeManager (DataNodeSafeModeRule.java:process(71)) - SCM in safe mode. 3 DataNodes registered, 3 required.
2021-11-12 12:23:36,528 [EventQueue-NodeRegistrationContainerReportForDataNodeSafeModeRule] INFO  safemode.SCMSafeModeManager (SCMSafeModeManager.java:validateSafeModeExitRules(204)) - DataNodeSafeModeRule rule is successfully validated
2021-11-12 12:23:36,528 [EventQueue-NodeRegistrationContainerReportForDataNodeSafeModeRule] INFO  safemode.SCMSafeModeManager (SCMSafeModeManager.java:completePreCheck(233)) - All SCM safe mode pre check rules have passed
2021-11-12 12:23:36,528 [EventQueue-NodeRegistrationContainerReportForDataNodeSafeModeRule] WARN  events.EventQueue (EventQueue.java:fireEvent(194)) - No event handler registered for event TypedEvent{payloadType=SafeModeStatus, name='Safe mode status'}
2021-11-12 12:23:36,528 [EventQueue-NodeRegistrationContainerReportForDataNodeSafeModeRule] INFO  ha.SCMContext (SCMContext.java:updateSafeModeStatus(205)) - Update SafeModeStatus from SafeModeStatus{safeModeStatus=true, preCheckPassed=false} to SafeModeStatus{safeModeStatus=true, preCheckPassed=true}.
2021-11-12 12:23:36,528 [EventQueue-NodeRegistrationContainerReportForDataNodeSafeModeRule] INFO  pipeline.BackgroundPipelineCreator (BackgroundPipelineCreator.java:notifyEventTriggered(285)) - trigger a one-shot run on RatisPipelineUtilsThread.
2021-11-12 12:23:36,528 [RatisPipelineUtilsThread - 0] INFO  pipeline.RatisPipelineProvider (RatisPipelineProvider.java:lambda$create$0(183)) - Sending CreatePipelineCommand for pipeline:PipelineID=1b2b8fe2-b0f2-433a-a79a-774635e0f6db to datanode:14685acf-49cf-4105-a1b9-55173786b628
2021-11-12 12:23:36,529 [RatisPipelineUtilsThread - 0] INFO  pipeline.PipelineStateManagerImpl (PipelineStateManagerImpl.java:addPipeline(101)) - Created pipeline Pipeline[ Id: 1b2b8fe2-b0f2-433a-a79a-774635e0f6db, Nodes: 14685acf-49cf-4105-a1b9-55173786b628{ip: 10.1.0.56, host: fv-az148-604.bm4ck3pvxvsene1rjriu5fhcdb.bx.internal.cloudapp.net, ports: [REPLICATION=35651, RATIS=43599, RATIS_ADMIN=43599, RATIS_SERVER=43599, STANDALONE=43639], networkLocation: /default-rack, certSerialId: null, persistedOpState: IN_SERVICE, persistedOpStateExpiryEpochSec: 0}, ReplicationConfig: RATIS/ONE, State:ALLOCATED, leaderId:, CreationTimestamp2021-11-12T12:23:36.528Z[Etc/UTC]].
2021-11-12 12:23:36,529 [RatisPipelineUtilsThread - 0] INFO  pipeline.RatisPipelineProvider (RatisPipelineProvider.java:lambda$create$0(183)) - Sending CreatePipelineCommand for pipeline:PipelineID=5b684efa-687c-442b-b6b2-b748e4499ec5 to datanode:14685acf-49cf-4105-a1b9-55173786b628
2021-11-12 12:23:36,529 [RatisPipelineUtilsThread - 0] INFO  pipeline.RatisPipelineProvider (RatisPipelineProvider.java:lambda$create$0(183)) - Sending CreatePipelineCommand for pipeline:PipelineID=5b684efa-687c-442b-b6b2-b748e4499ec5 to datanode:39e0f2bb-68c5-4e65-9fa8-5a2176253db9
2021-11-12 12:23:36,529 [RatisPipelineUtilsThread - 0] INFO  pipeline.RatisPipelineProvider (RatisPipelineProvider.java:lambda$create$0(183)) - Sending CreatePipelineCommand for pipeline:PipelineID=5b684efa-687c-442b-b6b2-b748e4499ec5 to datanode:b1704d2c-306b-4db7-9c9e-f27a2a93c51e
2021-11-12 12:23:36,530 [RatisPipelineUtilsThread - 0] INFO  pipeline.PipelineStateManagerImpl (PipelineStateManagerImpl.java:addPipeline(101)) - Created pipeline Pipeline[ Id: 5b684efa-687c-442b-b6b2-b748e4499ec5, Nodes: 14685acf-49cf-4105-a1b9-55173786b628{ip: 10.1.0.56, host: fv-az148-604.bm4ck3pvxvsene1rjriu5fhcdb.bx.internal.cloudapp.net, ports: [REPLICATION=35651, RATIS=43599, RATIS_ADMIN=43599, RATIS_SERVER=43599, STANDALONE=43639], networkLocation: /default-rack, certSerialId: null, persistedOpState: IN_SERVICE, persistedOpStateExpiryEpochSec: 0}39e0f2bb-68c5-4e65-9fa8-5a2176253db9{ip: 10.1.0.56, host: fv-az148-604.bm4ck3pvxvsene1rjriu5fhcdb.bx.internal.cloudapp.net, ports: [REPLICATION=44777, RATIS=33975, RATIS_ADMIN=33975, RATIS_SERVER=33975, STANDALONE=43269], networkLocation: /default-rack, certSerialId: null, persistedOpState: IN_SERVICE, persistedOpStateExpiryEpochSec: 0}b1704d2c-306b-4db7-9c9e-f27a2a93c51e{ip: 10.1.0.56, host: fv-az148-604.bm4ck3pvxvsene1rjriu5fhcdb.bx.internal.cloudapp.net, ports: [REPLICATION=46771, RATIS=36313, RATIS_ADMIN=36313, RATIS_SERVER=36313, STANDALONE=41431], networkLocation: /default-rack, certSerialId: null, persistedOpState: IN_SERVICE, persistedOpStateExpiryEpochSec: 0}, ReplicationConfig: RATIS/THREE, State:ALLOCATED, leaderId:, CreationTimestamp2021-11-12T12:23:36.529Z[Etc/UTC]].
2021-11-12 12:23:37,503 [Listener at 127.0.0.1/41291] INFO  ozone.MiniOzoneClusterImpl (MiniOzoneClusterImpl.java:lambda$waitForClusterToBeReady$0(235)) - Nodes are ready. Got 3 of 3 DN Heartbeats.
2021-11-12 12:23:37,504 [Listener at 127.0.0.1/41291] INFO  ozone.MiniOzoneClusterImpl (MiniOzoneClusterImpl.java:lambda$waitForClusterToBeReady$0(238)) - Waiting for cluster to exit safe mode
2021-11-12 12:23:37,504 [Listener at 127.0.0.1/41291] INFO  ozone.MiniOzoneClusterImpl (MiniOzoneClusterImpl.java:lambda$waitForClusterToBeReady$0(240)) - SCM became leader
2021-11-12 12:23:38,504 [Listener at 127.0.0.1/41291] INFO  ozone.MiniOzoneClusterImpl (MiniOzoneClusterImpl.java:lambda$waitForClusterToBeReady$0(235)) - Nodes are ready. Got 3 of 3 DN Heartbeats.
2021-11-12 12:23:38,505 [Listener at 127.0.0.1/41291] INFO  ozone.MiniOzoneClusterImpl (MiniOzoneClusterImpl.java:lambda$waitForClusterToBeReady$0(238)) - Waiting for cluster to exit safe mode
2021-11-12 12:23:38,505 [Listener at 127.0.0.1/41291] INFO  ozone.MiniOzoneClusterImpl (MiniOzoneClusterImpl.java:lambda$waitForClusterToBeReady$0(240)) - SCM became leader
2021-11-12 12:23:38,634 [Command processor thread] INFO  server.RaftServer (RaftServerProxy.java:addNew(95)) - 39e0f2bb-68c5-4e65-9fa8-5a2176253db9: addNew group-ABB08A71EEEE:[39e0f2bb-68c5-4e65-9fa8-5a2176253db9|rpc:10.1.0.56:33975|priority:1] returns group-ABB08A71EEEE:java.util.concurrent.CompletableFuture@49dd67f6[Not completed]
2021-11-12 12:23:38,647 [pool-226-thread-1] INFO  server.RaftServer$Division (RaftServerImpl.java:<init>(184)) - 39e0f2bb-68c5-4e65-9fa8-5a2176253db9: new RaftServerImpl for group-ABB08A71EEEE:[39e0f2bb-68c5-4e65-9fa8-5a2176253db9|rpc:10.1.0.56:33975|priority:1] with ContainerStateMachine:uninitialized
2021-11-12 12:23:38,650 [pool-226-thread-1] INFO  server.RaftServerConfigKeys (ConfUtils.java:logGet(44)) - raft.server.rpc.timeout.min = 5s (custom)
2021-11-12 12:23:38,650 [pool-226-thread-1] INFO  server.RaftServerConfigKeys (ConfUtils.java:logGet(44)) - raft.server.rpc.timeout.max = 5200ms (custom)
2021-11-12 12:23:38,650 [pool-226-thread-1] INFO  server.RaftServerConfigKeys (ConfUtils.java:logGet(44)) - raft.server.rpc.sleep.time = 25ms (default)
2021-11-12 12:23:38,650 [pool-226-thread-1] INFO  server.RaftServerConfigKeys (ConfUtils.java:logGet(44)) - raft.server.rpc.slowness.timeout = 300s (custom)
2021-11-12 12:23:38,651 [pool-226-thread-1] INFO  server.RaftServerConfigKeys (ConfUtils.java:logGet(44)) - raft.server.leaderelection.leader.step-down.wait-time = 10s (default)
2021-11-12 12:23:38,651 [pool-226-thread-1] INFO  server.RaftServerConfigKeys (ConfUtils.java:logGet(44)) - raft.server.sleep.deviation.threshold = 300ms (default)
2021-11-12 12:23:38,651 [pool-226-thread-1] INFO  server.RaftServerConfigKeys (ConfUtils.java:logGet(44)) - raft.server.log.appender.install.snapshot.enabled = false (custom)
2021-11-12 12:23:38,651 [pool-226-thread-1] INFO  server.RaftServer$Division (ServerState.java:<init>(105)) - 39e0f2bb-68c5-4e65-9fa8-5a2176253db9@group-ABB08A71EEEE: ConfigurationManager, init=-1: [39e0f2bb-68c5-4e65-9fa8-5a2176253db9|rpc:10.1.0.56:33975|priority:1], old=null, confs=<EMPTY_MAP>
2021-11-12 12:23:38,651 [pool-226-thread-1] INFO  server.RaftServerConfigKeys (ConfUtils.java:logGet(44)) - raft.server.storage.dir = [/home/runner/work/ozone/ozone/hadoop-ozone/integration-test/target/test-dir/MiniOzoneClusterImpl-a86265ae-e924-4e37-b80c-e96915062793/datanode-0/data/ratis] (custom)
2021-11-12 12:23:38,651 [pool-226-thread-1] INFO  server.RaftServerConfigKeys (ConfUtils.java:logGet(44)) - raft.server.log.corruption.policy = EXCEPTION (default)
2021-11-12 12:23:38,654 [pool-226-thread-1] INFO  server.RaftServerConfigKeys (ConfUtils.java:logGet(44)) - raft.server.storage.free-space.min = 0MB (=0) (default)
2021-11-12 12:23:38,654 [pool-226-thread-1] INFO  storage.RaftStorageDirectory (RaftStorageDirectoryImpl.java:analyzeStorage(135)) - The storage directory /home/runner/work/ozone/ozone/hadoop-ozone/integration-test/target/test-dir/MiniOzoneClusterImpl-a86265ae-e924-4e37-b80c-e96915062793/datanode-0/data/ratis/ff1611cf-8a68-4dae-97c4-abb08a71eeee does not exist. Creating ...
2021-11-12 12:23:38,656 [pool-226-thread-1] INFO  storage.RaftStorageDirectory (RaftStorageDirectoryImpl.java:tryLock(230)) - Lock on /home/runner/work/ozone/ozone/hadoop-ozone/integration-test/target/test-dir/MiniOzoneClusterImpl-a86265ae-e924-4e37-b80c-e96915062793/datanode-0/data/ratis/ff1611cf-8a68-4dae-97c4-abb08a71eeee/in_use.lock acquired by nodename 10555@fv-az148-604
2021-11-12 12:23:38,660 [pool-226-thread-1] INFO  storage.RaftStorage (RaftStorageImpl.java:format(89)) - Storage directory /home/runner/work/ozone/ozone/hadoop-ozone/integration-test/target/test-dir/MiniOzoneClusterImpl-a86265ae-e924-4e37-b80c-e96915062793/datanode-0/data/ratis/ff1611cf-8a68-4dae-97c4-abb08a71eeee has been successfully formatted.
2021-11-12 12:23:38,668 [pool-226-thread-1] INFO  ratis.ContainerStateMachine (ContainerStateMachine.java:loadSnapshot(224)) - group-ABB08A71EEEE: The snapshot info is null. Setting the last applied indexto:(t:0, i:~)
2021-11-12 12:23:38,670 [EventQueue-PipelineReportForPipelineReportHandler] INFO  pipeline.PipelineManagerImpl (PipelineManagerImpl.java:openPipeline(289)) - Pipeline Pipeline[ Id: ff1611cf-8a68-4dae-97c4-abb08a71eeee, Nodes: 39e0f2bb-68c5-4e65-9fa8-5a2176253db9{ip: 10.1.0.56, host: fv-az148-604.bm4ck3pvxvsene1rjriu5fhcdb.bx.internal.cloudapp.net, ports: [REPLICATION=44777, RATIS=33975, RATIS_ADMIN=33975, RATIS_SERVER=33975, STANDALONE=43269], networkLocation: /default-rack, certSerialId: null, persistedOpState: IN_SERVICE, persistedOpStateExpiryEpochSec: 0}, ReplicationConfig: RATIS/ONE, State:ALLOCATED, leaderId:39e0f2bb-68c5-4e65-9fa8-5a2176253db9, CreationTimestamp2021-11-12T12:23:35.647Z[Etc/UTC]] moved to OPEN state
2021-11-12 12:23:38,688 [pool-226-thread-1] INFO  server.RaftServerConfigKeys (ConfUtils.java:logGet(44)) - raft.server.notification.no-leader.timeout = 300s (custom)
2021-11-12 12:23:38,688 [pool-226-thread-1] INFO  server.RaftServerConfigKeys (ConfUtils.java:logGet(44)) - raft.server.log.use.memory = false (default)
2021-11-12 12:23:38,689 [pool-226-thread-1] INFO  server.RaftServerConfigKeys (ConfUtils.java:logGet(44)) - raft.server.log.purge.gap = 1000000 (custom)
2021-11-12 12:23:38,689 [pool-226-thread-1] INFO  server.RaftServerConfigKeys (ConfUtils.java:logGet(44)) - raft.server.log.appender.buffer.byte-limit = 33554432 (custom)
2021-11-12 12:23:38,689 [pool-226-thread-1] INFO  server.RaftServerConfigKeys (ConfUtils.java:logGet(44)) - raft.server.log.segment.size.max = 1048576 (custom)
2021-11-12 12:23:38,690 [pool-226-thread-1] INFO  server.RaftServerConfigKeys (ConfUtils.java:logGet(44)) - raft.server.log.segment.cache.num.max = 2 (custom)
2021-11-12 12:23:38,690 [pool-226-thread-1] INFO  server.RaftServerConfigKeys (ConfUtils.java:logGet(44)) - raft.server.log.segment.cache.size.max = 200MB (=209715200) (default)
2021-11-12 12:23:38,690 [pool-226-thread-1] INFO  segmented.SegmentedRaftLogWorker (SegmentedRaftLogWorker.java:<init>(182)) - new 39e0f2bb-68c5-4e65-9fa8-5a2176253db9@group-ABB08A71EEEE-SegmentedRaftLogWorker for RaftStorageImpl:Storage Directory /home/runner/work/ozone/ozone/hadoop-ozone/integration-test/target/test-dir/MiniOzoneClusterImpl-a86265ae-e924-4e37-b80c-e96915062793/datanode-0/data/ratis/ff1611cf-8a68-4dae-97c4-abb08a71eeee
2021-11-12 12:23:38,691 [pool-226-thread-1] INFO  server.RaftServerConfigKeys (ConfUtils.java:logGet(44)) - raft.server.log.queue.byte-limit = 2147483647 (custom)
2021-11-12 12:23:38,691 [pool-226-thread-1] INFO  server.RaftServerConfigKeys (ConfUtils.java:logGet(44)) - raft.server.log.queue.element-limit = 1024 (custom)
2021-11-12 12:23:38,692 [pool-226-thread-1] INFO  server.RaftServerConfigKeys (ConfUtils.java:logGet(44)) - raft.server.log.segment.size.max = 1048576 (custom)
2021-11-12 12:23:38,692 [pool-226-thread-1] INFO  server.RaftServerConfigKeys (ConfUtils.java:logGet(44)) - raft.server.log.preallocated.size = 16384 (custom)
2021-11-12 12:23:38,692 [pool-226-thread-1] INFO  server.RaftServerConfigKeys (ConfUtils.java:logGet(44)) - raft.server.log.force.sync.num = 128 (default)
2021-11-12 12:23:38,692 [pool-226-thread-1] INFO  server.RaftServerConfigKeys (ConfUtils.java:logGet(44)) - raft.server.log.statemachine.data.sync = true (default)
2021-11-12 12:23:38,694 [pool-226-thread-1] INFO  server.RaftServerConfigKeys (ConfUtils.java:logGet(44)) - raft.server.log.statemachine.data.sync.timeout = 10s (default)
2021-11-12 12:23:38,694 [pool-226-thread-1] INFO  server.RaftServerConfigKeys (ConfUtils.java:logGet(44)) - raft.server.log.statemachine.data.sync.timeout.retry = -1 (default)
2021-11-12 12:23:38,696 [pool-226-thread-1] INFO  server.RaftServerConfigKeys (ConfUtils.java:logGet(44)) - raft.server.log.write.buffer.size = 1048576 (custom)
2021-11-12 12:23:38,697 [pool-226-thread-1] INFO  server.RaftServerConfigKeys (ConfUtils.java:logGet(44)) - raft.server.log.statemachine.data.caching.enabled = true (custom)
2021-11-12 12:23:38,698 [pool-226-thread-1] INFO  segmented.SegmentedRaftLogWorker (SegmentedRaftLogWorker.java:lambda$new$0(133)) - 39e0f2bb-68c5-4e65-9fa8-5a2176253db9@group-ABB08A71EEEE-SegmentedRaftLogWorker: flushIndex: setUnconditionally 0 -> -1
2021-11-12 12:23:38,710 [EventQueue-OpenPipelineForHealthyPipelineSafeModeRule] INFO  safemode.SCMSafeModeManager (HealthyPipelineSafeModeRule.java:process(124)) - SCM in safe mode. Healthy pipelines reported count is 0, required healthy pipeline reported count is 1
2021-11-12 12:23:38,714 [pool-226-thread-1] INFO  segmented.SegmentedRaftLogWorker (SegmentedRaftLogWorker.java:lambda$new$0(133)) - 39e0f2bb-68c5-4e65-9fa8-5a2176253db9@group-ABB08A71EEEE-SegmentedRaftLogWorker: safeCacheEvictIndex: setUnconditionally 0 -> -1
2021-11-12 12:23:38,719 [pool-226-thread-1] INFO  server.RaftServerConfigKeys (ConfUtils.java:logGet(44)) - raft.server.snapshot.auto.trigger.enabled = true (custom)
2021-11-12 12:23:38,719 [pool-226-thread-1] INFO  server.RaftServerConfigKeys (ConfUtils.java:logGet(44)) - raft.server.snapshot.auto.trigger.threshold = 10000 (custom)
2021-11-12 12:23:38,719 [pool-226-thread-1] INFO  server.RaftServerConfigKeys (ConfUtils.java:logGet(44)) - raft.server.snapshot.retention.file.num = 5 (custom)
2021-11-12 12:23:38,719 [pool-226-thread-1] INFO  server.RaftServerConfigKeys (ConfUtils.java:logGet(44)) - raft.server.log.purge.upto.snapshot.index = false (default)
2021-11-12 12:23:38,719 [pool-226-thread-1] INFO  server.RaftServerConfigKeys (ConfUtils.java:logGet(44)) - raft.server.retrycache.expirytime = 600000ms (custom)
2021-11-12 12:23:38,720 [pool-226-thread-1] INFO  server.RaftServerConfigKeys (ConfUtils.java:logGet(44)) - raft.server.retrycache.statistics.expirytime = 100μs (default)
2021-11-12 12:23:38,722 [pool-226-thread-1] INFO  server.RaftServer$Division (RaftServerImpl.java:start(301)) - 39e0f2bb-68c5-4e65-9fa8-5a2176253db9@group-ABB08A71EEEE: start as a follower, conf=-1: [39e0f2bb-68c5-4e65-9fa8-5a2176253db9|rpc:10.1.0.56:33975|priority:1], old=null
2021-11-12 12:23:38,722 [pool-226-thread-1] INFO  server.RaftServer$Division (RaftServerImpl.java:setRole(290)) - 39e0f2bb-68c5-4e65-9fa8-5a2176253db9@group-ABB08A71EEEE: changes role from      null to FOLLOWER at term 0 for startAsFollower
2021-11-12 12:23:38,722 [pool-226-thread-1] INFO  impl.RoleInfo (RoleInfo.java:updateAndGet(130)) - 39e0f2bb-68c5-4e65-9fa8-5a2176253db9: start 39e0f2bb-68c5-4e65-9fa8-5a2176253db9@group-ABB08A71EEEE-FollowerState
2021-11-12 12:23:38,722 [pool-226-thread-1] INFO  util.JmxRegister (JmxRegister.java:tryRegister(44)) - Successfully registered JMX Bean with object name Ratis:service=RaftServer,group=group-ABB08A71EEEE,id=39e0f2bb-68c5-4e65-9fa8-5a2176253db9
2021-11-12 12:23:38,726 [Command processor thread] INFO  ratis.XceiverServerRatis (XceiverServerRatis.java:addGroup(768)) - Created group PipelineID=ff1611cf-8a68-4dae-97c4-abb08a71eeee
2021-11-12 12:23:38,727 [Command processor thread] INFO  commandhandler.CreatePipelineCommandHandler (CreatePipelineCommandHandler.java:handle(106)) - Created Pipeline RATIS ONE PipelineID=ff1611cf-8a68-4dae-97c4-abb08a71eeee.
2021-11-12 12:23:38,727 [Command processor thread] INFO  server.RaftServer (RaftServerProxy.java:addNew(95)) - 39e0f2bb-68c5-4e65-9fa8-5a2176253db9: addNew group-B748E4499EC5:[39e0f2bb-68c5-4e65-9fa8-5a2176253db9|rpc:10.1.0.56:33975|priority:0, b1704d2c-306b-4db7-9c9e-f27a2a93c51e|rpc:10.1.0.56:36313|priority:1, 14685acf-49cf-4105-a1b9-55173786b628|rpc:10.1.0.56:43599|priority:0] returns group-B748E4499EC5:java.util.concurrent.CompletableFuture@4de2fa15[Not completed]
2021-11-12 12:23:38,731 [pool-226-thread-1] INFO  server.RaftServer$Division (RaftServerImpl.java:<init>(184)) - 39e0f2bb-68c5-4e65-9fa8-5a2176253db9: new RaftServerImpl for group-B748E4499EC5:[39e0f2bb-68c5-4e65-9fa8-5a2176253db9|rpc:10.1.0.56:33975|priority:0, b1704d2c-306b-4db7-9c9e-f27a2a93c51e|rpc:10.1.0.56:36313|priority:1, 14685acf-49cf-4105-a1b9-55173786b628|rpc:10.1.0.56:43599|priority:0] with ContainerStateMachine:uninitialized
2021-11-12 12:23:38,731 [pool-226-thread-1] INFO  server.RaftServerConfigKeys (ConfUtils.java:logGet(44)) - raft.server.rpc.timeout.min = 5s (custom)
2021-11-12 12:23:38,732 [pool-226-thread-1] INFO  server.RaftServerConfigKeys (ConfUtils.java:logGet(44)) - raft.server.rpc.timeout.max = 5200ms (custom)
2021-11-12 12:23:38,732 [pool-226-thread-1] INFO  server.RaftServerConfigKeys (ConfUtils.java:logGet(44)) - raft.server.rpc.sleep.time = 25ms (default)
2021-11-12 12:23:38,732 [pool-226-thread-1] INFO  server.RaftServerConfigKeys (ConfUtils.java:logGet(44)) - raft.server.rpc.slowness.timeout = 300s (custom)
2021-11-12 12:23:38,732 [pool-226-thread-1] INFO  server.RaftServerConfigKeys (ConfUtils.java:logGet(44)) - raft.server.leaderelection.leader.step-down.wait-time = 10s (default)
2021-11-12 12:23:38,732 [pool-226-thread-1] INFO  server.RaftServerConfigKeys (ConfUtils.java:logGet(44)) - raft.server.sleep.deviation.threshold = 300ms (default)
2021-11-12 12:23:38,732 [pool-226-thread-1] INFO  server.RaftServerConfigKeys (ConfUtils.java:logGet(44)) - raft.server.log.appender.install.snapshot.enabled = false (custom)
2021-11-12 12:23:38,732 [pool-226-thread-1] INFO  server.RaftServer$Division (ServerState.java:<init>(105)) - 39e0f2bb-68c5-4e65-9fa8-5a2176253db9@group-B748E4499EC5: ConfigurationManager, init=-1: [39e0f2bb-68c5-4e65-9fa8-5a2176253db9|rpc:10.1.0.56:33975|priority:0, b1704d2c-306b-4db7-9c9e-f27a2a93c51e|rpc:10.1.0.56:36313|priority:1, 14685acf-49cf-4105-a1b9-55173786b628|rpc:10.1.0.56:43599|priority:0], old=null, confs=<EMPTY_MAP>
2021-11-12 12:23:38,732 [pool-226-thread-1] INFO  server.RaftServerConfigKeys (ConfUtils.java:logGet(44)) - raft.server.storage.dir = [/home/runner/work/ozone/ozone/hadoop-ozone/integration-test/target/test-dir/MiniOzoneClusterImpl-a86265ae-e924-4e37-b80c-e96915062793/datanode-0/data/ratis] (custom)
2021-11-12 12:23:38,732 [pool-226-thread-1] INFO  server.RaftServerConfigKeys (ConfUtils.java:logGet(44)) - raft.server.log.corruption.policy = EXCEPTION (default)
2021-11-12 12:23:38,732 [pool-226-thread-1] INFO  server.RaftServerConfigKeys (ConfUtils.java:logGet(44)) - raft.server.storage.free-space.min = 0MB (=0) (default)
2021-11-12 12:23:38,732 [pool-226-thread-1] INFO  storage.RaftStorageDirectory (RaftStorageDirectoryImpl.java:analyzeStorage(135)) - The storage directory /home/runner/work/ozone/ozone/hadoop-ozone/integration-test/target/test-dir/MiniOzoneClusterImpl-a86265ae-e924-4e37-b80c-e96915062793/datanode-0/data/ratis/5b684efa-687c-442b-b6b2-b748e4499ec5 does not exist. Creating ...
2021-11-12 12:23:38,735 [pool-226-thread-1] INFO  storage.RaftStorageDirectory (RaftStorageDirectoryImpl.java:tryLock(230)) - Lock on /home/runner/work/ozone/ozone/hadoop-ozone/integration-test/target/test-dir/MiniOzoneClusterImpl-a86265ae-e924-4e37-b80c-e96915062793/datanode-0/data/ratis/5b684efa-687c-442b-b6b2-b748e4499ec5/in_use.lock acquired by nodename 10555@fv-az148-604
2021-11-12 12:23:38,739 [pool-226-thread-1] INFO  storage.RaftStorage (RaftStorageImpl.java:format(89)) - Storage directory /home/runner/work/ozone/ozone/hadoop-ozone/integration-test/target/test-dir/MiniOzoneClusterImpl-a86265ae-e924-4e37-b80c-e96915062793/datanode-0/data/ratis/5b684efa-687c-442b-b6b2-b748e4499ec5 has been successfully formatted.
2021-11-12 12:23:38,740 [pool-226-thread-1] INFO  ratis.ContainerStateMachine (ContainerStateMachine.java:loadSnapshot(224)) - group-B748E4499EC5: The snapshot info is null. Setting the last applied indexto:(t:0, i:~)
2021-11-12 12:23:38,740 [pool-226-thread-1] INFO  server.RaftServerConfigKeys (ConfUtils.java:logGet(44)) - raft.server.notification.no-leader.timeout = 300s (custom)
2021-11-12 12:23:38,740 [pool-226-thread-1] INFO  server.RaftServerConfigKeys (ConfUtils.java:logGet(44)) - raft.server.log.use.memory = false (default)
2021-11-12 12:23:38,740 [pool-226-thread-1] INFO  server.RaftServerConfigKeys (ConfUtils.java:logGet(44)) - raft.server.log.purge.gap = 1000000 (custom)
2021-11-12 12:23:38,740 [pool-226-thread-1] INFO  server.RaftServerConfigKeys (ConfUtils.java:logGet(44)) - raft.server.log.appender.buffer.byte-limit = 33554432 (custom)
2021-11-12 12:23:38,741 [pool-226-thread-1] INFO  server.RaftServerConfigKeys (ConfUtils.java:logGet(44)) - raft.server.log.segment.size.max = 1048576 (custom)
2021-11-12 12:23:38,741 [EventQueue-OpenPipelineForHealthyPipelineSafeModeRule] INFO  safemode.SCMSafeModeManager (HealthyPipelineSafeModeRule.java:process(124)) - SCM in safe mode. Healthy pipelines reported count is 0, required healthy pipeline reported count is 1
2021-11-12 12:23:38,742 [pool-226-thread-1] INFO  server.RaftServerConfigKeys (ConfUtils.java:logGet(44)) - raft.server.log.segment.cache.num.max = 2 (custom)
2021-11-12 12:23:38,742 [pool-226-thread-1] INFO  server.RaftServerConfigKeys (ConfUtils.java:logGet(44)) - raft.server.log.segment.cache.size.max = 200MB (=209715200) (default)
2021-11-12 12:23:38,742 [pool-226-thread-1] INFO  segmented.SegmentedRaftLogWorker (SegmentedRaftLogWorker.java:<init>(182)) - new 39e0f2bb-68c5-4e65-9fa8-5a2176253db9@group-B748E4499EC5-SegmentedRaftLogWorker for RaftStorageImpl:Storage Directory /home/runner/work/ozone/ozone/hadoop-ozone/integration-test/target/test-dir/MiniOzoneClusterImpl-a86265ae-e924-4e37-b80c-e96915062793/datanode-0/data/ratis/5b684efa-687c-442b-b6b2-b748e4499ec5
2021-11-12 12:23:38,742 [pool-226-thread-1] INFO  server.RaftServerConfigKeys (ConfUtils.java:logGet(44)) - raft.server.log.queue.byte-limit = 2147483647 (custom)
2021-11-12 12:23:38,742 [pool-226-thread-1] INFO  server.RaftServerConfigKeys (ConfUtils.java:logGet(44)) - raft.server.log.queue.element-limit = 1024 (custom)
2021-11-12 12:23:38,742 [pool-226-thread-1] INFO  server.RaftServerConfigKeys (ConfUtils.java:logGet(44)) - raft.server.log.segment.size.max = 1048576 (custom)
2021-11-12 12:23:38,742 [pool-226-thread-1] INFO  server.RaftServerConfigKeys (ConfUtils.java:logGet(44)) - raft.server.log.preallocated.size = 16384 (custom)
2021-11-12 12:23:38,742 [pool-226-thread-1] INFO  server.RaftServerConfigKeys (ConfUtils.java:logGet(44)) - raft.server.log.force.sync.num = 128 (default)
2021-11-12 12:23:38,742 [pool-226-thread-1] INFO  server.RaftServerConfigKeys (ConfUtils.java:logGet(44)) - raft.server.log.statemachine.data.sync = true (default)
2021-11-12 12:23:38,743 [pool-226-thread-1] INFO  server.RaftServerConfigKeys (ConfUtils.java:logGet(44)) - raft.server.log.statemachine.data.sync.timeout = 10s (default)
2021-11-12 12:23:38,743 [pool-226-thread-1] INFO  server.RaftServerConfigKeys (ConfUtils.java:logGet(44)) - raft.server.log.statemachine.data.sync.timeout.retry = -1 (default)
2021-11-12 12:23:38,744 [pool-226-thread-1] INFO  server.RaftServerConfigKeys (ConfUtils.java:logGet(44)) - raft.server.log.write.buffer.size = 1048576 (custom)
2021-11-12 12:23:38,744 [pool-226-thread-1] INFO  server.RaftServerConfigKeys (ConfUtils.java:logGet(44)) - raft.server.log.statemachine.data.caching.enabled = true (custom)
2021-11-12 12:23:38,744 [pool-226-thread-1] INFO  segmented.SegmentedRaftLogWorker (SegmentedRaftLogWorker.java:lambda$new$0(133)) - 39e0f2bb-68c5-4e65-9fa8-5a2176253db9@group-B748E4499EC5-SegmentedRaftLogWorker: flushIndex: setUnconditionally 0 -> -1
2021-11-12 12:23:38,744 [pool-226-thread-1] INFO  segmented.SegmentedRaftLogWorker (SegmentedRaftLogWorker.java:lambda$new$0(133)) - 39e0f2bb-68c5-4e65-9fa8-5a2176253db9@group-B748E4499EC5-SegmentedRaftLogWorker: safeCacheEvictIndex: setUnconditionally 0 -> -1
2021-11-12 12:23:38,760 [pool-226-thread-1] INFO  server.RaftServerConfigKeys (ConfUtils.java:logGet(44)) - raft.server.snapshot.auto.trigger.enabled = true (custom)
2021-11-12 12:23:38,760 [pool-226-thread-1] INFO  server.RaftServerConfigKeys (ConfUtils.java:logGet(44)) - raft.server.snapshot.auto.trigger.threshold = 10000 (custom)
2021-11-12 12:23:38,760 [pool-226-thread-1] INFO  server.RaftServerConfigKeys (ConfUtils.java:logGet(44)) - raft.server.snapshot.retention.file.num = 5 (custom)
2021-11-12 12:23:38,761 [pool-226-thread-1] INFO  server.RaftServerConfigKeys (ConfUtils.java:logGet(44)) - raft.server.log.purge.upto.snapshot.index = false (default)
2021-11-12 12:23:38,761 [pool-226-thread-1] INFO  server.RaftServerConfigKeys (ConfUtils.java:logGet(44)) - raft.server.retrycache.expirytime = 600000ms (custom)
2021-11-12 12:23:38,761 [pool-226-thread-1] INFO  server.RaftServerConfigKeys (ConfUtils.java:logGet(44)) - raft.server.retrycache.statistics.expirytime = 100μs (default)
2021-11-12 12:23:38,762 [pool-226-thread-1] INFO  server.RaftServer$Division (RaftServerImpl.java:start(301)) - 39e0f2bb-68c5-4e65-9fa8-5a2176253db9@group-B748E4499EC5: start as a follower, conf=-1: [39e0f2bb-68c5-4e65-9fa8-5a2176253db9|rpc:10.1.0.56:33975|priority:0, b1704d2c-306b-4db7-9c9e-f27a2a93c51e|rpc:10.1.0.56:36313|priority:1, 14685acf-49cf-4105-a1b9-55173786b628|rpc:10.1.0.56:43599|priority:0], old=null
2021-11-12 12:23:38,762 [pool-226-thread-1] INFO  server.RaftServer$Division (RaftServerImpl.java:setRole(290)) - 39e0f2bb-68c5-4e65-9fa8-5a2176253db9@group-B748E4499EC5: changes role from      null to FOLLOWER at term 0 for startAsFollower
2021-11-12 12:23:38,762 [pool-226-thread-1] INFO  impl.RoleInfo (RoleInfo.java:updateAndGet(130)) - 39e0f2bb-68c5-4e65-9fa8-5a2176253db9: start 39e0f2bb-68c5-4e65-9fa8-5a2176253db9@group-B748E4499EC5-FollowerState
2021-11-12 12:23:38,763 [pool-226-thread-1] INFO  util.JmxRegister (JmxRegister.java:tryRegister(44)) - Successfully registered JMX Bean with object name Ratis:service=RaftServer,group=group-B748E4499EC5,id=39e0f2bb-68c5-4e65-9fa8-5a2176253db9
2021-11-12 12:23:38,774 [Command processor thread] INFO  ratis.XceiverServerRatis (XceiverServerRatis.java:addGroup(768)) - Created group PipelineID=5b684efa-687c-442b-b6b2-b748e4499ec5
2021-11-12 12:23:38,798 [grpc-default-executor-0] INFO  server.RaftServer (RaftServerProxy.java:addNew(95)) - 14685acf-49cf-4105-a1b9-55173786b628: addNew group-B748E4499EC5:[39e0f2bb-68c5-4e65-9fa8-5a2176253db9|rpc:10.1.0.56:33975|dataStream:|priority:0, b1704d2c-306b-4db7-9c9e-f27a2a93c51e|rpc:10.1.0.56:36313|dataStream:|priority:1, 14685acf-49cf-4105-a1b9-55173786b628|rpc:10.1.0.56:43599|dataStream:|priority:0] returns group-B748E4499EC5:java.util.concurrent.CompletableFuture@1525254e[Not completed]
2021-11-12 12:23:38,812 [pool-264-thread-1] INFO  server.RaftServer$Division (RaftServerImpl.java:<init>(184)) - 14685acf-49cf-4105-a1b9-55173786b628: new RaftServerImpl for group-B748E4499EC5:[39e0f2bb-68c5-4e65-9fa8-5a2176253db9|rpc:10.1.0.56:33975|dataStream:|priority:0, b1704d2c-306b-4db7-9c9e-f27a2a93c51e|rpc:10.1.0.56:36313|dataStream:|priority:1, 14685acf-49cf-4105-a1b9-55173786b628|rpc:10.1.0.56:43599|dataStream:|priority:0] with ContainerStateMachine:uninitialized
2021-11-12 12:23:38,818 [pool-264-thread-1] INFO  server.RaftServerConfigKeys (ConfUtils.java:logGet(44)) - raft.server.rpc.timeout.min = 5s (custom)
2021-11-12 12:23:38,819 [pool-264-thread-1] INFO  server.RaftServerConfigKeys (ConfUtils.java:logGet(44)) - raft.server.rpc.timeout.max = 5200ms (custom)
2021-11-12 12:23:38,819 [pool-264-thread-1] INFO  server.RaftServerConfigKeys (ConfUtils.java:logGet(44)) - raft.server.rpc.sleep.time = 25ms (default)
2021-11-12 12:23:38,819 [pool-264-thread-1] INFO  server.RaftServerConfigKeys (ConfUtils.java:logGet(44)) - raft.server.rpc.slowness.timeout = 300s (custom)
2021-11-12 12:23:38,819 [pool-264-thread-1] INFO  server.RaftServerConfigKeys (ConfUtils.java:logGet(44)) - raft.server.leaderelection.leader.step-down.wait-time = 10s (default)
2021-11-12 12:23:38,819 [pool-264-thread-1] INFO  server.RaftServerConfigKeys (ConfUtils.java:logGet(44)) - raft.server.sleep.deviation.threshold = 300ms (default)
2021-11-12 12:23:38,819 [pool-264-thread-1] INFO  server.RaftServerConfigKeys (ConfUtils.java:logGet(44)) - raft.server.log.appender.install.snapshot.enabled = false (custom)
2021-11-12 12:23:38,819 [pool-264-thread-1] INFO  server.RaftServer$Division (ServerState.java:<init>(105)) - 14685acf-49cf-4105-a1b9-55173786b628@group-B748E4499EC5: ConfigurationManager, init=-1: [39e0f2bb-68c5-4e65-9fa8-5a2176253db9|rpc:10.1.0.56:33975|dataStream:|priority:0, b1704d2c-306b-4db7-9c9e-f27a2a93c51e|rpc:10.1.0.56:36313|dataStream:|priority:1, 14685acf-49cf-4105-a1b9-55173786b628|rpc:10.1.0.56:43599|dataStream:|priority:0], old=null, confs=<EMPTY_MAP>
2021-11-12 12:23:38,819 [pool-264-thread-1] INFO  server.RaftServerConfigKeys (ConfUtils.java:logGet(44)) - raft.server.storage.dir = [/home/runner/work/ozone/ozone/hadoop-ozone/integration-test/target/test-dir/MiniOzoneClusterImpl-a86265ae-e924-4e37-b80c-e96915062793/datanode-2/data/ratis] (custom)
2021-11-12 12:23:38,820 [pool-264-thread-1] INFO  server.RaftServerConfigKeys (ConfUtils.java:logGet(44)) - raft.server.log.corruption.policy = EXCEPTION (default)
2021-11-12 12:23:38,820 [pool-264-thread-1] INFO  server.RaftServerConfigKeys (ConfUtils.java:logGet(44)) - raft.server.storage.free-space.min = 0MB (=0) (default)
2021-11-12 12:23:38,820 [pool-264-thread-1] INFO  storage.RaftStorageDirectory (RaftStorageDirectoryImpl.java:analyzeStorage(135)) - The storage directory /home/runner/work/ozone/ozone/hadoop-ozone/integration-test/target/test-dir/MiniOzoneClusterImpl-a86265ae-e924-4e37-b80c-e96915062793/datanode-2/data/ratis/5b684efa-687c-442b-b6b2-b748e4499ec5 does not exist. Creating ...
2021-11-12 12:23:38,822 [pool-264-thread-1] INFO  storage.RaftStorageDirectory (RaftStorageDirectoryImpl.java:tryLock(230)) - Lock on /home/runner/work/ozone/ozone/hadoop-ozone/integration-test/target/test-dir/MiniOzoneClusterImpl-a86265ae-e924-4e37-b80c-e96915062793/datanode-2/data/ratis/5b684efa-687c-442b-b6b2-b748e4499ec5/in_use.lock acquired by nodename 10555@fv-az148-604
2021-11-12 12:23:38,823 [pool-264-thread-1] INFO  storage.RaftStorage (RaftStorageImpl.java:format(89)) - Storage directory /home/runner/work/ozone/ozone/hadoop-ozone/integration-test/target/test-dir/MiniOzoneClusterImpl-a86265ae-e924-4e37-b80c-e96915062793/datanode-2/data/ratis/5b684efa-687c-442b-b6b2-b748e4499ec5 has been successfully formatted.
2021-11-12 12:23:38,825 [pool-264-thread-1] INFO  ratis.ContainerStateMachine (ContainerStateMachine.java:loadSnapshot(224)) - group-B748E4499EC5: The snapshot info is null. Setting the last applied indexto:(t:0, i:~)
2021-11-12 12:23:38,827 [pool-264-thread-1] INFO  server.RaftServerConfigKeys (ConfUtils.java:logGet(44)) - raft.server.notification.no-leader.timeout = 300s (custom)
2021-11-12 12:23:38,827 [pool-264-thread-1] INFO  server.RaftServerConfigKeys (ConfUtils.java:logGet(44)) - raft.server.log.use.memory = false (default)
2021-11-12 12:23:38,827 [pool-264-thread-1] INFO  server.RaftServerConfigKeys (ConfUtils.java:logGet(44)) - raft.server.log.purge.gap = 1000000 (custom)
2021-11-12 12:23:38,828 [pool-264-thread-1] INFO  server.RaftServerConfigKeys (ConfUtils.java:logGet(44)) - raft.server.log.appender.buffer.byte-limit = 33554432 (custom)
2021-11-12 12:23:38,828 [pool-264-thread-1] INFO  server.RaftServerConfigKeys (ConfUtils.java:logGet(44)) - raft.server.log.segment.size.max = 1048576 (custom)
2021-11-12 12:23:38,828 [pool-264-thread-1] INFO  server.RaftServerConfigKeys (ConfUtils.java:logGet(44)) - raft.server.log.segment.cache.num.max = 2 (custom)
2021-11-12 12:23:38,828 [pool-264-thread-1] INFO  server.RaftServerConfigKeys (ConfUtils.java:logGet(44)) - raft.server.log.segment.cache.size.max = 200MB (=209715200) (default)
2021-11-12 12:23:38,829 [pool-264-thread-1] INFO  segmented.SegmentedRaftLogWorker (SegmentedRaftLogWorker.java:<init>(182)) - new 14685acf-49cf-4105-a1b9-55173786b628@group-B748E4499EC5-SegmentedRaftLogWorker for RaftStorageImpl:Storage Directory /home/runner/work/ozone/ozone/hadoop-ozone/integration-test/target/test-dir/MiniOzoneClusterImpl-a86265ae-e924-4e37-b80c-e96915062793/datanode-2/data/ratis/5b684efa-687c-442b-b6b2-b748e4499ec5
2021-11-12 12:23:38,829 [pool-264-thread-1] INFO  server.RaftServerConfigKeys (ConfUtils.java:logGet(44)) - raft.server.log.queue.byte-limit = 2147483647 (custom)
2021-11-12 12:23:38,829 [pool-264-thread-1] INFO  server.RaftServerConfigKeys (ConfUtils.java:logGet(44)) - raft.server.log.queue.element-limit = 1024 (custom)
2021-11-12 12:23:38,829 [pool-264-thread-1] INFO  server.RaftServerConfigKeys (ConfUtils.java:logGet(44)) - raft.server.log.segment.size.max = 1048576 (custom)
2021-11-12 12:23:38,829 [pool-264-thread-1] INFO  server.RaftServerConfigKeys (ConfUtils.java:logGet(44)) - raft.server.log.preallocated.size = 16384 (custom)
2021-11-12 12:23:38,829 [pool-264-thread-1] INFO  server.RaftServerConfigKeys (ConfUtils.java:logGet(44)) - raft.server.log.force.sync.num = 128 (default)
2021-11-12 12:23:38,829 [pool-264-thread-1] INFO  server.RaftServerConfigKeys (ConfUtils.java:logGet(44)) - raft.server.log.statemachine.data.sync = true (default)
2021-11-12 12:23:38,829 [pool-264-thread-1] INFO  server.RaftServerConfigKeys (ConfUtils.java:logGet(44)) - raft.server.log.statemachine.data.sync.timeout = 10s (default)
2021-11-12 12:23:38,830 [pool-264-thread-1] INFO  server.RaftServerConfigKeys (ConfUtils.java:logGet(44)) - raft.server.log.statemachine.data.sync.timeout.retry = -1 (default)
2021-11-12 12:23:38,832 [pool-264-thread-1] INFO  server.RaftServerConfigKeys (ConfUtils.java:logGet(44)) - raft.server.log.write.buffer.size = 1048576 (custom)
2021-11-12 12:23:38,833 [pool-264-thread-1] INFO  server.RaftServerConfigKeys (ConfUtils.java:logGet(44)) - raft.server.log.statemachine.data.caching.enabled = true (custom)
2021-11-12 12:23:38,833 [pool-264-thread-1] INFO  segmented.SegmentedRaftLogWorker (SegmentedRaftLogWorker.java:lambda$new$0(133)) - 14685acf-49cf-4105-a1b9-55173786b628@group-B748E4499EC5-SegmentedRaftLogWorker: flushIndex: setUnconditionally 0 -> -1
2021-11-12 12:23:38,833 [pool-264-thread-1] INFO  segmented.SegmentedRaftLogWorker (SegmentedRaftLogWorker.java:lambda$new$0(133)) - 14685acf-49cf-4105-a1b9-55173786b628@group-B748E4499EC5-SegmentedRaftLogWorker: safeCacheEvictIndex: setUnconditionally 0 -> -1
2021-11-12 12:23:38,833 [pool-264-thread-1] INFO  server.RaftServerConfigKeys (ConfUtils.java:logGet(44)) - raft.server.snapshot.auto.trigger.enabled = true (custom)
2021-11-12 12:23:38,833 [pool-264-thread-1] INFO  server.RaftServerConfigKeys (ConfUtils.java:logGet(44)) - raft.server.snapshot.auto.trigger.threshold = 10000 (custom)
2021-11-12 12:23:38,833 [pool-264-thread-1] INFO  server.RaftServerConfigKeys (ConfUtils.java:logGet(44)) - raft.server.snapshot.retention.file.num = 5 (custom)
2021-11-12 12:23:38,833 [pool-264-thread-1] INFO  server.RaftServerConfigKeys (ConfUtils.java:logGet(44)) - raft.server.log.purge.upto.snapshot.index = false (default)
2021-11-12 12:23:38,833 [pool-264-thread-1] INFO  server.RaftServerConfigKeys (ConfUtils.java:logGet(44)) - raft.server.retrycache.expirytime = 600000ms (custom)
2021-11-12 12:23:38,834 [pool-264-thread-1] INFO  server.RaftServerConfigKeys (ConfUtils.java:logGet(44)) - raft.server.retrycache.statistics.expirytime = 100μs (default)
2021-11-12 12:23:38,835 [pool-264-thread-1] INFO  server.RaftServer$Division (RaftServerImpl.java:start(301)) - 14685acf-49cf-4105-a1b9-55173786b628@group-B748E4499EC5: start as a follower, conf=-1: [39e0f2bb-68c5-4e65-9fa8-5a2176253db9|rpc:10.1.0.56:33975|dataStream:|priority:0, b1704d2c-306b-4db7-9c9e-f27a2a93c51e|rpc:10.1.0.56:36313|dataStream:|priority:1, 14685acf-49cf-4105-a1b9-55173786b628|rpc:10.1.0.56:43599|dataStream:|priority:0], old=null
2021-11-12 12:23:38,835 [pool-264-thread-1] INFO  server.RaftServer$Division (RaftServerImpl.java:setRole(290)) - 14685acf-49cf-4105-a1b9-55173786b628@group-B748E4499EC5: changes role from      null to FOLLOWER at term 0 for startAsFollower
2021-11-12 12:23:38,835 [pool-264-thread-1] INFO  impl.RoleInfo (RoleInfo.java:updateAndGet(130)) - 14685acf-49cf-4105-a1b9-55173786b628: start 14685acf-49cf-4105-a1b9-55173786b628@group-B748E4499EC5-FollowerState
2021-11-12 12:23:38,844 [pool-264-thread-1] INFO  util.JmxRegister (JmxRegister.java:tryRegister(44)) - Successfully registered JMX Bean with object name Ratis:service=RaftServer,group=group-B748E4499EC5,id=14685acf-49cf-4105-a1b9-55173786b628
2021-11-12 12:23:38,947 [grpc-default-executor-0] INFO  server.RaftServer (RaftServerProxy.java:addNew(95)) - b1704d2c-306b-4db7-9c9e-f27a2a93c51e: addNew group-B748E4499EC5:[39e0f2bb-68c5-4e65-9fa8-5a2176253db9|rpc:10.1.0.56:33975|dataStream:|priority:0, b1704d2c-306b-4db7-9c9e-f27a2a93c51e|rpc:10.1.0.56:36313|dataStream:|priority:1, 14685acf-49cf-4105-a1b9-55173786b628|rpc:10.1.0.56:43599|dataStream:|priority:0] returns group-B748E4499EC5:java.util.concurrent.CompletableFuture@7a7b3ecc[Not completed]
2021-11-12 12:23:38,952 [pool-245-thread-1] INFO  server.RaftServer$Division (RaftServerImpl.java:<init>(184)) - b1704d2c-306b-4db7-9c9e-f27a2a93c51e: new RaftServerImpl for group-B748E4499EC5:[39e0f2bb-68c5-4e65-9fa8-5a2176253db9|rpc:10.1.0.56:33975|dataStream:|priority:0, b1704d2c-306b-4db7-9c9e-f27a2a93c51e|rpc:10.1.0.56:36313|dataStream:|priority:1, 14685acf-49cf-4105-a1b9-55173786b628|rpc:10.1.0.56:43599|dataStream:|priority:0] with ContainerStateMachine:uninitialized
2021-11-12 12:23:38,963 [pool-245-thread-1] INFO  server.RaftServerConfigKeys (ConfUtils.java:logGet(44)) - raft.server.rpc.timeout.min = 5s (custom)
2021-11-12 12:23:38,963 [pool-245-thread-1] INFO  server.RaftServerConfigKeys (ConfUtils.java:logGet(44)) - raft.server.rpc.timeout.max = 5200ms (custom)
2021-11-12 12:23:38,963 [pool-245-thread-1] INFO  server.RaftServerConfigKeys (ConfUtils.java:logGet(44)) - raft.server.rpc.sleep.time = 25ms (default)
2021-11-12 12:23:38,963 [pool-245-thread-1] INFO  server.RaftServerConfigKeys (ConfUtils.java:logGet(44)) - raft.server.rpc.slowness.timeout = 300s (custom)
2021-11-12 12:23:38,963 [pool-245-thread-1] INFO  server.RaftServerConfigKeys (ConfUtils.java:logGet(44)) - raft.server.leaderelection.leader.step-down.wait-time = 10s (default)
2021-11-12 12:23:38,963 [pool-245-thread-1] INFO  server.RaftServerConfigKeys (ConfUtils.java:logGet(44)) - raft.server.sleep.deviation.threshold = 300ms (default)
2021-11-12 12:23:38,963 [pool-245-thread-1] INFO  server.RaftServerConfigKeys (ConfUtils.java:logGet(44)) - raft.server.log.appender.install.snapshot.enabled = false (custom)
2021-11-12 12:23:38,963 [pool-245-thread-1] INFO  server.RaftServer$Division (ServerState.java:<init>(105)) - b1704d2c-306b-4db7-9c9e-f27a2a93c51e@group-B748E4499EC5: ConfigurationManager, init=-1: [39e0f2bb-68c5-4e65-9fa8-5a2176253db9|rpc:10.1.0.56:33975|dataStream:|priority:0, b1704d2c-306b-4db7-9c9e-f27a2a93c51e|rpc:10.1.0.56:36313|dataStream:|priority:1, 14685acf-49cf-4105-a1b9-55173786b628|rpc:10.1.0.56:43599|dataStream:|priority:0], old=null, confs=<EMPTY_MAP>
2021-11-12 12:23:38,963 [pool-245-thread-1] INFO  server.RaftServerConfigKeys (ConfUtils.java:logGet(44)) - raft.server.storage.dir = [/home/runner/work/ozone/ozone/hadoop-ozone/integration-test/target/test-dir/MiniOzoneClusterImpl-a86265ae-e924-4e37-b80c-e96915062793/datanode-1/data/ratis] (custom)
2021-11-12 12:23:38,964 [pool-245-thread-1] INFO  server.RaftServerConfigKeys (ConfUtils.java:logGet(44)) - raft.server.log.corruption.policy = EXCEPTION (default)
2021-11-12 12:23:38,964 [pool-245-thread-1] INFO  server.RaftServerConfigKeys (ConfUtils.java:logGet(44)) - raft.server.storage.free-space.min = 0MB (=0) (default)
2021-11-12 12:23:38,964 [pool-245-thread-1] INFO  storage.RaftStorageDirectory (RaftStorageDirectoryImpl.java:analyzeStorage(135)) - The storage directory /home/runner/work/ozone/ozone/hadoop-ozone/integration-test/target/test-dir/MiniOzoneClusterImpl-a86265ae-e924-4e37-b80c-e96915062793/datanode-1/data/ratis/5b684efa-687c-442b-b6b2-b748e4499ec5 does not exist. Creating ...
2021-11-12 12:23:38,966 [pool-245-thread-1] INFO  storage.RaftStorageDirectory (RaftStorageDirectoryImpl.java:tryLock(230)) - Lock on /home/runner/work/ozone/ozone/hadoop-ozone/integration-test/target/test-dir/MiniOzoneClusterImpl-a86265ae-e924-4e37-b80c-e96915062793/datanode-1/data/ratis/5b684efa-687c-442b-b6b2-b748e4499ec5/in_use.lock acquired by nodename 10555@fv-az148-604
2021-11-12 12:23:38,972 [pool-245-thread-1] INFO  storage.RaftStorage (RaftStorageImpl.java:format(89)) - Storage directory /home/runner/work/ozone/ozone/hadoop-ozone/integration-test/target/test-dir/MiniOzoneClusterImpl-a86265ae-e924-4e37-b80c-e96915062793/datanode-1/data/ratis/5b684efa-687c-442b-b6b2-b748e4499ec5 has been successfully formatted.
2021-11-12 12:23:38,975 [pool-245-thread-1] INFO  ratis.ContainerStateMachine (ContainerStateMachine.java:loadSnapshot(224)) - group-B748E4499EC5: The snapshot info is null. Setting the last applied indexto:(t:0, i:~)
2021-11-12 12:23:38,975 [pool-245-thread-1] INFO  server.RaftServerConfigKeys (ConfUtils.java:logGet(44)) - raft.server.notification.no-leader.timeout = 300s (custom)
2021-11-12 12:23:38,975 [pool-245-thread-1] INFO  server.RaftServerConfigKeys (ConfUtils.java:logGet(44)) - raft.server.log.use.memory = false (default)
2021-11-12 12:23:38,975 [pool-245-thread-1] INFO  server.RaftServerConfigKeys (ConfUtils.java:logGet(44)) - raft.server.log.purge.gap = 1000000 (custom)
2021-11-12 12:23:38,975 [pool-245-thread-1] INFO  server.RaftServerConfigKeys (ConfUtils.java:logGet(44)) - raft.server.log.appender.buffer.byte-limit = 33554432 (custom)
2021-11-12 12:23:38,975 [pool-245-thread-1] INFO  server.RaftServerConfigKeys (ConfUtils.java:logGet(44)) - raft.server.log.segment.size.max = 1048576 (custom)
2021-11-12 12:23:38,976 [pool-245-thread-1] INFO  server.RaftServerConfigKeys (ConfUtils.java:logGet(44)) - raft.server.log.segment.cache.num.max = 2 (custom)
2021-11-12 12:23:38,976 [pool-245-thread-1] INFO  server.RaftServerConfigKeys (ConfUtils.java:logGet(44)) - raft.server.log.segment.cache.size.max = 200MB (=209715200) (default)
2021-11-12 12:23:38,976 [pool-245-thread-1] INFO  segmented.SegmentedRaftLogWorker (SegmentedRaftLogWorker.java:<init>(182)) - new b1704d2c-306b-4db7-9c9e-f27a2a93c51e@group-B748E4499EC5-SegmentedRaftLogWorker for RaftStorageImpl:Storage Directory /home/runner/work/ozone/ozone/hadoop-ozone/integration-test/target/test-dir/MiniOzoneClusterImpl-a86265ae-e924-4e37-b80c-e96915062793/datanode-1/data/ratis/5b684efa-687c-442b-b6b2-b748e4499ec5
2021-11-12 12:23:38,976 [pool-245-thread-1] INFO  server.RaftServerConfigKeys (ConfUtils.java:logGet(44)) - raft.server.log.queue.byte-limit = 2147483647 (custom)
2021-11-12 12:23:38,976 [pool-245-thread-1] INFO  server.RaftServerConfigKeys (ConfUtils.java:logGet(44)) - raft.server.log.queue.element-limit = 1024 (custom)
2021-11-12 12:23:38,976 [pool-245-thread-1] INFO  server.RaftServerConfigKeys (ConfUtils.java:logGet(44)) - raft.server.log.segment.size.max = 1048576 (custom)
2021-11-12 12:23:38,976 [pool-245-thread-1] INFO  server.RaftServerConfigKeys (ConfUtils.java:logGet(44)) - raft.server.log.preallocated.size = 16384 (custom)
2021-11-12 12:23:38,976 [pool-245-thread-1] INFO  server.RaftServerConfigKeys (ConfUtils.java:logGet(44)) - raft.server.log.force.sync.num = 128 (default)
2021-11-12 12:23:38,976 [pool-245-thread-1] INFO  server.RaftServerConfigKeys (ConfUtils.java:logGet(44)) - raft.server.log.statemachine.data.sync = true (default)
2021-11-12 12:23:38,976 [pool-245-thread-1] INFO  server.RaftServerConfigKeys (ConfUtils.java:logGet(44)) - raft.server.log.statemachine.data.sync.timeout = 10s (default)
2021-11-12 12:23:38,977 [pool-245-thread-1] INFO  server.RaftServerConfigKeys (ConfUtils.java:logGet(44)) - raft.server.log.statemachine.data.sync.timeout.retry = -1 (default)
2021-11-12 12:23:38,978 [pool-245-thread-1] INFO  server.RaftServerConfigKeys (ConfUtils.java:logGet(44)) - raft.server.log.write.buffer.size = 1048576 (custom)
2021-11-12 12:23:38,984 [pool-245-thread-1] INFO  server.RaftServerConfigKeys (ConfUtils.java:logGet(44)) - raft.server.log.statemachine.data.caching.enabled = true (custom)
2021-11-12 12:23:38,984 [pool-245-thread-1] INFO  segmented.SegmentedRaftLogWorker (SegmentedRaftLogWorker.java:lambda$new$0(133)) - b1704d2c-306b-4db7-9c9e-f27a2a93c51e@group-B748E4499EC5-SegmentedRaftLogWorker: flushIndex: setUnconditionally 0 -> -1
2021-11-12 12:23:38,984 [pool-245-thread-1] INFO  segmented.SegmentedRaftLogWorker (SegmentedRaftLogWorker.java:lambda$new$0(133)) - b1704d2c-306b-4db7-9c9e-f27a2a93c51e@group-B748E4499EC5-SegmentedRaftLogWorker: safeCacheEvictIndex: setUnconditionally 0 -> -1
2021-11-12 12:23:38,990 [pool-245-thread-1] INFO  server.RaftServerConfigKeys (ConfUtils.java:logGet(44)) - raft.server.snapshot.auto.trigger.enabled = true (custom)
2021-11-12 12:23:38,991 [pool-245-thread-1] INFO  server.RaftServerConfigKeys (ConfUtils.java:logGet(44)) - raft.server.snapshot.auto.trigger.threshold = 10000 (custom)
2021-11-12 12:23:38,991 [pool-245-thread-1] INFO  server.RaftServerConfigKeys (ConfUtils.java:logGet(44)) - raft.server.snapshot.retention.file.num = 5 (custom)
2021-11-12 12:23:38,991 [pool-245-thread-1] INFO  server.RaftServerConfigKeys (ConfUtils.java:logGet(44)) - raft.server.log.purge.upto.snapshot.index = false (default)
2021-11-12 12:23:38,991 [pool-245-thread-1] INFO  server.RaftServerConfigKeys (ConfUtils.java:logGet(44)) - raft.server.retrycache.expirytime = 600000ms (custom)
2021-11-12 12:23:38,991 [pool-245-thread-1] INFO  server.RaftServerConfigKeys (ConfUtils.java:logGet(44)) - raft.server.retrycache.statistics.expirytime = 100μs (default)
2021-11-12 12:23:38,992 [pool-245-thread-1] INFO  server.RaftServer$Division (RaftServerImpl.java:start(301)) - b1704d2c-306b-4db7-9c9e-f27a2a93c51e@group-B748E4499EC5: start as a follower, conf=-1: [39e0f2bb-68c5-4e65-9fa8-5a2176253db9|rpc:10.1.0.56:33975|dataStream:|priority:0, b1704d2c-306b-4db7-9c9e-f27a2a93c51e|rpc:10.1.0.56:36313|dataStream:|priority:1, 14685acf-49cf-4105-a1b9-55173786b628|rpc:10.1.0.56:43599|dataStream:|priority:0], old=null
2021-11-12 12:23:38,992 [pool-245-thread-1] INFO  server.RaftServer$Division (RaftServerImpl.java:setRole(290)) - b1704d2c-306b-4db7-9c9e-f27a2a93c51e@group-B748E4499EC5: changes role from      null to FOLLOWER at term 0 for startAsFollower
2021-11-12 12:23:38,992 [pool-245-thread-1] INFO  impl.RoleInfo (RoleInfo.java:updateAndGet(130)) - b1704d2c-306b-4db7-9c9e-f27a2a93c51e: start b1704d2c-306b-4db7-9c9e-f27a2a93c51e@group-B748E4499EC5-FollowerState
2021-11-12 12:23:38,993 [pool-245-thread-1] INFO  util.JmxRegister (JmxRegister.java:tryRegister(44)) - Successfully registered JMX Bean with object name Ratis:service=RaftServer,group=group-B748E4499EC5,id=b1704d2c-306b-4db7-9c9e-f27a2a93c51e
2021-11-12 12:23:39,013 [Command processor thread] INFO  commandhandler.CreatePipelineCommandHandler (CreatePipelineCommandHandler.java:handle(106)) - Created Pipeline RATIS THREE PipelineID=5b684efa-687c-442b-b6b2-b748e4499ec5.
2021-11-12 12:23:39,142 [Command processor thread] INFO  server.RaftServer (RaftServerProxy.java:addNew(95)) - b1704d2c-306b-4db7-9c9e-f27a2a93c51e: addNew group-CB335AB66270:[b1704d2c-306b-4db7-9c9e-f27a2a93c51e|rpc:10.1.0.56:36313|priority:1] returns group-CB335AB66270:java.util.concurrent.CompletableFuture@46cb9435[Not completed]
2021-11-12 12:23:39,143 [pool-245-thread-1] INFO  server.RaftServer$Division (RaftServerImpl.java:<init>(184)) - b1704d2c-306b-4db7-9c9e-f27a2a93c51e: new RaftServerImpl for group-CB335AB66270:[b1704d2c-306b-4db7-9c9e-f27a2a93c51e|rpc:10.1.0.56:36313|priority:1] with ContainerStateMachine:uninitialized
2021-11-12 12:23:39,143 [pool-245-thread-1] INFO  server.RaftServerConfigKeys (ConfUtils.java:logGet(44)) - raft.server.rpc.timeout.min = 5s (custom)
2021-11-12 12:23:39,144 [pool-245-thread-1] INFO  server.RaftServerConfigKeys (ConfUtils.java:logGet(44)) - raft.server.rpc.timeout.max = 5200ms (custom)
2021-11-12 12:23:39,144 [pool-245-thread-1] INFO  server.RaftServerConfigKeys (ConfUtils.java:logGet(44)) - raft.server.rpc.sleep.time = 25ms (default)
2021-11-12 12:23:39,144 [pool-245-thread-1] INFO  server.RaftServerConfigKeys (ConfUtils.java:logGet(44)) - raft.server.rpc.slowness.timeout = 300s (custom)
2021-11-12 12:23:39,144 [pool-245-thread-1] INFO  server.RaftServerConfigKeys (ConfUtils.java:logGet(44)) - raft.server.leaderelection.leader.step-down.wait-time = 10s (default)
2021-11-12 12:23:39,144 [pool-245-thread-1] INFO  server.RaftServerConfigKeys (ConfUtils.java:logGet(44)) - raft.server.sleep.deviation.threshold = 300ms (default)
2021-11-12 12:23:39,144 [pool-245-thread-1] INFO  server.RaftServerConfigKeys (ConfUtils.java:logGet(44)) - raft.server.log.appender.install.snapshot.enabled = false (custom)
2021-11-12 12:23:39,144 [pool-245-thread-1] INFO  server.RaftServer$Division (ServerState.java:<init>(105)) - b1704d2c-306b-4db7-9c9e-f27a2a93c51e@group-CB335AB66270: ConfigurationManager, init=-1: [b1704d2c-306b-4db7-9c9e-f27a2a93c51e|rpc:10.1.0.56:36313|priority:1], old=null, confs=<EMPTY_MAP>
2021-11-12 12:23:39,144 [pool-245-thread-1] INFO  server.RaftServerConfigKeys (ConfUtils.java:logGet(44)) - raft.server.storage.dir = [/home/runner/work/ozone/ozone/hadoop-ozone/integration-test/target/test-dir/MiniOzoneClusterImpl-a86265ae-e924-4e37-b80c-e96915062793/datanode-1/data/ratis] (custom)
2021-11-12 12:23:39,144 [pool-245-thread-1] INFO  server.RaftServerConfigKeys (ConfUtils.java:logGet(44)) - raft.server.log.corruption.policy = EXCEPTION (default)
2021-11-12 12:23:39,144 [pool-245-thread-1] INFO  server.RaftServerConfigKeys (ConfUtils.java:logGet(44)) - raft.server.storage.free-space.min = 0MB (=0) (default)
2021-11-12 12:23:39,145 [pool-245-thread-1] INFO  storage.RaftStorageDirectory (RaftStorageDirectoryImpl.java:analyzeStorage(135)) - The storage directory /home/runner/work/ozone/ozone/hadoop-ozone/integration-test/target/test-dir/MiniOzoneClusterImpl-a86265ae-e924-4e37-b80c-e96915062793/datanode-1/data/ratis/49493bd2-e9de-4e6b-ad07-cb335ab66270 does not exist. Creating ...
2021-11-12 12:23:39,146 [pool-245-thread-1] INFO  storage.RaftStorageDirectory (RaftStorageDirectoryImpl.java:tryLock(230)) - Lock on /home/runner/work/ozone/ozone/hadoop-ozone/integration-test/target/test-dir/MiniOzoneClusterImpl-a86265ae-e924-4e37-b80c-e96915062793/datanode-1/data/ratis/49493bd2-e9de-4e6b-ad07-cb335ab66270/in_use.lock acquired by nodename 10555@fv-az148-604
2021-11-12 12:23:39,148 [pool-245-thread-1] INFO  storage.RaftStorage (RaftStorageImpl.java:format(89)) - Storage directory /home/runner/work/ozone/ozone/hadoop-ozone/integration-test/target/test-dir/MiniOzoneClusterImpl-a86265ae-e924-4e37-b80c-e96915062793/datanode-1/data/ratis/49493bd2-e9de-4e6b-ad07-cb335ab66270 has been successfully formatted.
2021-11-12 12:23:39,148 [pool-245-thread-1] INFO  ratis.ContainerStateMachine (ContainerStateMachine.java:loadSnapshot(224)) - group-CB335AB66270: The snapshot info is null. Setting the last applied indexto:(t:0, i:~)
2021-11-12 12:23:39,150 [pool-245-thread-1] INFO  server.RaftServerConfigKeys (ConfUtils.java:logGet(44)) - raft.server.notification.no-leader.timeout = 300s (custom)
2021-11-12 12:23:39,150 [pool-245-thread-1] INFO  server.RaftServerConfigKeys (ConfUtils.java:logGet(44)) - raft.server.log.use.memory = false (default)
2021-11-12 12:23:39,151 [pool-245-thread-1] INFO  server.RaftServerConfigKeys (ConfUtils.java:logGet(44)) - raft.server.log.purge.gap = 1000000 (custom)
2021-11-12 12:23:39,151 [pool-245-thread-1] INFO  server.RaftServerConfigKeys (ConfUtils.java:logGet(44)) - raft.server.log.appender.buffer.byte-limit = 33554432 (custom)
2021-11-12 12:23:39,153 [EventQueue-PipelineReportForPipelineReportHandler] INFO  pipeline.PipelineManagerImpl (PipelineManagerImpl.java:openPipeline(289)) - Pipeline Pipeline[ Id: 49493bd2-e9de-4e6b-ad07-cb335ab66270, Nodes: b1704d2c-306b-4db7-9c9e-f27a2a93c51e{ip: 10.1.0.56, host: fv-az148-604.bm4ck3pvxvsene1rjriu5fhcdb.bx.internal.cloudapp.net, ports: [REPLICATION=46771, RATIS=36313, RATIS_ADMIN=36313, RATIS_SERVER=36313, STANDALONE=41431], networkLocation: /default-rack, certSerialId: null, persistedOpState: IN_SERVICE, persistedOpStateExpiryEpochSec: 0}, ReplicationConfig: RATIS/ONE, State:ALLOCATED, leaderId:b1704d2c-306b-4db7-9c9e-f27a2a93c51e, CreationTimestamp2021-11-12T12:23:36.144Z[Etc/UTC]] moved to OPEN state
2021-11-12 12:23:39,153 [EventQueue-OpenPipelineForHealthyPipelineSafeModeRule] INFO  safemode.SCMSafeModeManager (HealthyPipelineSafeModeRule.java:process(124)) - SCM in safe mode. Healthy pipelines reported count is 0, required healthy pipeline reported count is 1
2021-11-12 12:23:39,154 [pool-245-thread-1] INFO  server.RaftServerConfigKeys (ConfUtils.java:logGet(44)) - raft.server.log.segment.size.max = 1048576 (custom)
2021-11-12 12:23:39,159 [pool-245-thread-1] INFO  server.RaftServerConfigKeys (ConfUtils.java:logGet(44)) - raft.server.log.segment.cache.num.max = 2 (custom)
2021-11-12 12:23:39,159 [pool-245-thread-1] INFO  server.RaftServerConfigKeys (ConfUtils.java:logGet(44)) - raft.server.log.segment.cache.size.max = 200MB (=209715200) (default)
2021-11-12 12:23:39,159 [pool-245-thread-1] INFO  segmented.SegmentedRaftLogWorker (SegmentedRaftLogWorker.java:<init>(182)) - new b1704d2c-306b-4db7-9c9e-f27a2a93c51e@group-CB335AB66270-SegmentedRaftLogWorker for RaftStorageImpl:Storage Directory /home/runner/work/ozone/ozone/hadoop-ozone/integration-test/target/test-dir/MiniOzoneClusterImpl-a86265ae-e924-4e37-b80c-e96915062793/datanode-1/data/ratis/49493bd2-e9de-4e6b-ad07-cb335ab66270
2021-11-12 12:23:39,159 [pool-245-thread-1] INFO  server.RaftServerConfigKeys (ConfUtils.java:logGet(44)) - raft.server.log.queue.byte-limit = 2147483647 (custom)
2021-11-12 12:23:39,160 [pool-245-thread-1] INFO  server.RaftServerConfigKeys (ConfUtils.java:logGet(44)) - raft.server.log.queue.element-limit = 1024 (custom)
2021-11-12 12:23:39,160 [pool-245-thread-1] INFO  server.RaftServerConfigKeys (ConfUtils.java:logGet(44)) - raft.server.log.segment.size.max = 1048576 (custom)
2021-11-12 12:23:39,160 [pool-245-thread-1] INFO  server.RaftServerConfigKeys (ConfUtils.java:logGet(44)) - raft.server.log.preallocated.size = 16384 (custom)
2021-11-12 12:23:39,160 [pool-245-thread-1] INFO  server.RaftServerConfigKeys (ConfUtils.java:logGet(44)) - raft.server.log.force.sync.num = 128 (default)
2021-11-12 12:23:39,160 [pool-245-thread-1] INFO  server.RaftServerConfigKeys (ConfUtils.java:logGet(44)) - raft.server.log.statemachine.data.sync = true (default)
2021-11-12 12:23:39,160 [pool-245-thread-1] INFO  server.RaftServerConfigKeys (ConfUtils.java:logGet(44)) - raft.server.log.statemachine.data.sync.timeout = 10s (default)
2021-11-12 12:23:39,160 [pool-245-thread-1] INFO  server.RaftServerConfigKeys (ConfUtils.java:logGet(44)) - raft.server.log.statemachine.data.sync.timeout.retry = -1 (default)
2021-11-12 12:23:39,161 [pool-245-thread-1] INFO  server.RaftServerConfigKeys (ConfUtils.java:logGet(44)) - raft.server.log.write.buffer.size = 1048576 (custom)
2021-11-12 12:23:39,162 [pool-245-thread-1] INFO  server.RaftServerConfigKeys (ConfUtils.java:logGet(44)) - raft.server.log.statemachine.data.caching.enabled = true (custom)
2021-11-12 12:23:39,162 [pool-245-thread-1] INFO  segmented.SegmentedRaftLogWorker (SegmentedRaftLogWorker.java:lambda$new$0(133)) - b1704d2c-306b-4db7-9c9e-f27a2a93c51e@group-CB335AB66270-SegmentedRaftLogWorker: flushIndex: setUnconditionally 0 -> -1
2021-11-12 12:23:39,162 [pool-245-thread-1] INFO  segmented.SegmentedRaftLogWorker (SegmentedRaftLogWorker.java:lambda$new$0(133)) - b1704d2c-306b-4db7-9c9e-f27a2a93c51e@group-CB335AB66270-SegmentedRaftLogWorker: safeCacheEvictIndex: setUnconditionally 0 -> -1
2021-11-12 12:23:39,165 [pool-245-thread-1] INFO  server.RaftServerConfigKeys (ConfUtils.java:logGet(44)) - raft.server.snapshot.auto.trigger.enabled = true (custom)
2021-11-12 12:23:39,165 [pool-245-thread-1] INFO  server.RaftServerConfigKeys (ConfUtils.java:logGet(44)) - raft.server.snapshot.auto.trigger.threshold = 10000 (custom)
2021-11-12 12:23:39,165 [pool-245-thread-1] INFO  server.RaftServerConfigKeys (ConfUtils.java:logGet(44)) - raft.server.snapshot.retention.file.num = 5 (custom)
2021-11-12 12:23:39,165 [pool-245-thread-1] INFO  server.RaftServerConfigKeys (ConfUtils.java:logGet(44)) - raft.server.log.purge.upto.snapshot.index = false (default)
2021-11-12 12:23:39,165 [pool-245-thread-1] INFO  server.RaftServerConfigKeys (ConfUtils.java:logGet(44)) - raft.server.retrycache.expirytime = 600000ms (custom)
2021-11-12 12:23:39,166 [pool-245-thread-1] INFO  server.RaftServerConfigKeys (ConfUtils.java:logGet(44)) - raft.server.retrycache.statistics.expirytime = 100μs (default)
2021-11-12 12:23:39,167 [pool-245-thread-1] INFO  server.RaftServer$Division (RaftServerImpl.java:start(301)) - b1704d2c-306b-4db7-9c9e-f27a2a93c51e@group-CB335AB66270: start as a follower, conf=-1: [b1704d2c-306b-4db7-9c9e-f27a2a93c51e|rpc:10.1.0.56:36313|priority:1], old=null
2021-11-12 12:23:39,167 [pool-245-thread-1] INFO  server.RaftServer$Division (RaftServerImpl.java:setRole(290)) - b1704d2c-306b-4db7-9c9e-f27a2a93c51e@group-CB335AB66270: changes role from      null to FOLLOWER at term 0 for startAsFollower
2021-11-12 12:23:39,167 [pool-245-thread-1] INFO  impl.RoleInfo (RoleInfo.java:updateAndGet(130)) - b1704d2c-306b-4db7-9c9e-f27a2a93c51e: start b1704d2c-306b-4db7-9c9e-f27a2a93c51e@group-CB335AB66270-FollowerState
2021-11-12 12:23:39,168 [pool-245-thread-1] INFO  util.JmxRegister (JmxRegister.java:tryRegister(44)) - Successfully registered JMX Bean with object name Ratis:service=RaftServer,group=group-CB335AB66270,id=b1704d2c-306b-4db7-9c9e-f27a2a93c51e
2021-11-12 12:23:39,177 [Command processor thread] INFO  ratis.XceiverServerRatis (XceiverServerRatis.java:addGroup(768)) - Created group PipelineID=49493bd2-e9de-4e6b-ad07-cb335ab66270
2021-11-12 12:23:39,177 [Command processor thread] INFO  commandhandler.CreatePipelineCommandHandler (CreatePipelineCommandHandler.java:handle(106)) - Created Pipeline RATIS ONE PipelineID=49493bd2-e9de-4e6b-ad07-cb335ab66270.
2021-11-12 12:23:39,505 [Listener at 127.0.0.1/41291] INFO  ozone.MiniOzoneClusterImpl (MiniOzoneClusterImpl.java:lambda$waitForClusterToBeReady$0(235)) - Nodes are ready. Got 3 of 3 DN Heartbeats.
2021-11-12 12:23:39,505 [Listener at 127.0.0.1/41291] INFO  ozone.MiniOzoneClusterImpl (MiniOzoneClusterImpl.java:lambda$waitForClusterToBeReady$0(238)) - Waiting for cluster to exit safe mode
2021-11-12 12:23:39,505 [Listener at 127.0.0.1/41291] INFO  ozone.MiniOzoneClusterImpl (MiniOzoneClusterImpl.java:lambda$waitForClusterToBeReady$0(240)) - SCM became leader
2021-11-12 12:23:39,523 [Command processor thread] INFO  server.RaftServer (RaftServerProxy.java:addNew(95)) - 14685acf-49cf-4105-a1b9-55173786b628: addNew group-774635E0F6DB:[14685acf-49cf-4105-a1b9-55173786b628|rpc:10.1.0.56:43599|priority:1] returns group-774635E0F6DB:java.util.concurrent.CompletableFuture@67fe686d[Not completed]
2021-11-12 12:23:39,525 [pool-264-thread-1] INFO  server.RaftServer$Division (RaftServerImpl.java:<init>(184)) - 14685acf-49cf-4105-a1b9-55173786b628: new RaftServerImpl for group-774635E0F6DB:[14685acf-49cf-4105-a1b9-55173786b628|rpc:10.1.0.56:43599|priority:1] with ContainerStateMachine:uninitialized
2021-11-12 12:23:39,525 [pool-264-thread-1] INFO  server.RaftServerConfigKeys (ConfUtils.java:logGet(44)) - raft.server.rpc.timeout.min = 5s (custom)
2021-11-12 12:23:39,525 [pool-264-thread-1] INFO  server.RaftServerConfigKeys (ConfUtils.java:logGet(44)) - raft.server.rpc.timeout.max = 5200ms (custom)
2021-11-12 12:23:39,525 [pool-264-thread-1] INFO  server.RaftServerConfigKeys (ConfUtils.java:logGet(44)) - raft.server.rpc.sleep.time = 25ms (default)
2021-11-12 12:23:39,525 [pool-264-thread-1] INFO  server.RaftServerConfigKeys (ConfUtils.java:logGet(44)) - raft.server.rpc.slowness.timeout = 300s (custom)
2021-11-12 12:23:39,525 [pool-264-thread-1] INFO  server.RaftServerConfigKeys (ConfUtils.java:logGet(44)) - raft.server.leaderelection.leader.step-down.wait-time = 10s (default)
2021-11-12 12:23:39,525 [pool-264-thread-1] INFO  server.RaftServerConfigKeys (ConfUtils.java:logGet(44)) - raft.server.sleep.deviation.threshold = 300ms (default)
2021-11-12 12:23:39,525 [pool-264-thread-1] INFO  server.RaftServerConfigKeys (ConfUtils.java:logGet(44)) - raft.server.log.appender.install.snapshot.enabled = false (custom)
2021-11-12 12:23:39,525 [pool-264-thread-1] INFO  server.RaftServer$Division (ServerState.java:<init>(105)) - 14685acf-49cf-4105-a1b9-55173786b628@group-774635E0F6DB: ConfigurationManager, init=-1: [14685acf-49cf-4105-a1b9-55173786b628|rpc:10.1.0.56:43599|priority:1], old=null, confs=<EMPTY_MAP>
2021-11-12 12:23:39,525 [pool-264-thread-1] INFO  server.RaftServerConfigKeys (ConfUtils.java:logGet(44)) - raft.server.storage.dir = [/home/runner/work/ozone/ozone/hadoop-ozone/integration-test/target/test-dir/MiniOzoneClusterImpl-a86265ae-e924-4e37-b80c-e96915062793/datanode-2/data/ratis] (custom)
2021-11-12 12:23:39,526 [pool-264-thread-1] INFO  server.RaftServerConfigKeys (ConfUtils.java:logGet(44)) - raft.server.log.corruption.policy = EXCEPTION (default)
2021-11-12 12:23:39,526 [pool-264-thread-1] INFO  server.RaftServerConfigKeys (ConfUtils.java:logGet(44)) - raft.server.storage.free-space.min = 0MB (=0) (default)
2021-11-12 12:23:39,529 [pool-264-thread-1] INFO  storage.RaftStorageDirectory (RaftStorageDirectoryImpl.java:analyzeStorage(135)) - The storage directory /home/runner/work/ozone/ozone/hadoop-ozone/integration-test/target/test-dir/MiniOzoneClusterImpl-a86265ae-e924-4e37-b80c-e96915062793/datanode-2/data/ratis/1b2b8fe2-b0f2-433a-a79a-774635e0f6db does not exist. Creating ...
2021-11-12 12:23:39,530 [pool-264-thread-1] INFO  storage.RaftStorageDirectory (RaftStorageDirectoryImpl.java:tryLock(230)) - Lock on /home/runner/work/ozone/ozone/hadoop-ozone/integration-test/target/test-dir/MiniOzoneClusterImpl-a86265ae-e924-4e37-b80c-e96915062793/datanode-2/data/ratis/1b2b8fe2-b0f2-433a-a79a-774635e0f6db/in_use.lock acquired by nodename 10555@fv-az148-604
2021-11-12 12:23:39,532 [pool-264-thread-1] INFO  storage.RaftStorage (RaftStorageImpl.java:format(89)) - Storage directory /home/runner/work/ozone/ozone/hadoop-ozone/integration-test/target/test-dir/MiniOzoneClusterImpl-a86265ae-e924-4e37-b80c-e96915062793/datanode-2/data/ratis/1b2b8fe2-b0f2-433a-a79a-774635e0f6db has been successfully formatted.
2021-11-12 12:23:39,534 [EventQueue-PipelineReportForPipelineReportHandler] INFO  pipeline.PipelineManagerImpl (PipelineManagerImpl.java:openPipeline(289)) - Pipeline Pipeline[ Id: 1b2b8fe2-b0f2-433a-a79a-774635e0f6db, Nodes: 14685acf-49cf-4105-a1b9-55173786b628{ip: 10.1.0.56, host: fv-az148-604.bm4ck3pvxvsene1rjriu5fhcdb.bx.internal.cloudapp.net, ports: [REPLICATION=35651, RATIS=43599, RATIS_ADMIN=43599, RATIS_SERVER=43599, STANDALONE=43639], networkLocation: /default-rack, certSerialId: null, persistedOpState: IN_SERVICE, persistedOpStateExpiryEpochSec: 0}, ReplicationConfig: RATIS/ONE, State:ALLOCATED, leaderId:14685acf-49cf-4105-a1b9-55173786b628, CreationTimestamp2021-11-12T12:23:36.528Z[Etc/UTC]] moved to OPEN state
2021-11-12 12:23:39,534 [EventQueue-OpenPipelineForHealthyPipelineSafeModeRule] INFO  safemode.SCMSafeModeManager (HealthyPipelineSafeModeRule.java:process(124)) - SCM in safe mode. Healthy pipelines reported count is 0, required healthy pipeline reported count is 1
2021-11-12 12:23:39,540 [pool-264-thread-1] INFO  ratis.ContainerStateMachine (ContainerStateMachine.java:loadSnapshot(224)) - group-774635E0F6DB: The snapshot info is null. Setting the last applied indexto:(t:0, i:~)
2021-11-12 12:23:39,543 [pool-264-thread-1] INFO  server.RaftServerConfigKeys (ConfUtils.java:logGet(44)) - raft.server.notification.no-leader.timeout = 300s (custom)
2021-11-12 12:23:39,543 [pool-264-thread-1] INFO  server.RaftServerConfigKeys (ConfUtils.java:logGet(44)) - raft.server.log.use.memory = false (default)
2021-11-12 12:23:39,543 [pool-264-thread-1] INFO  server.RaftServerConfigKeys (ConfUtils.java:logGet(44)) - raft.server.log.purge.gap = 1000000 (custom)
2021-11-12 12:23:39,543 [pool-264-thread-1] INFO  server.RaftServerConfigKeys (ConfUtils.java:logGet(44)) - raft.server.log.appender.buffer.byte-limit = 33554432 (custom)
2021-11-12 12:23:39,543 [pool-264-thread-1] INFO  server.RaftServerConfigKeys (ConfUtils.java:logGet(44)) - raft.server.log.segment.size.max = 1048576 (custom)
2021-11-12 12:23:39,544 [pool-264-thread-1] INFO  server.RaftServerConfigKeys (ConfUtils.java:logGet(44)) - raft.server.log.segment.cache.num.max = 2 (custom)
2021-11-12 12:23:39,544 [pool-264-thread-1] INFO  server.RaftServerConfigKeys (ConfUtils.java:logGet(44)) - raft.server.log.segment.cache.size.max = 200MB (=209715200) (default)
2021-11-12 12:23:39,544 [pool-264-thread-1] INFO  segmented.SegmentedRaftLogWorker (SegmentedRaftLogWorker.java:<init>(182)) - new 14685acf-49cf-4105-a1b9-55173786b628@group-774635E0F6DB-SegmentedRaftLogWorker for RaftStorageImpl:Storage Directory /home/runner/work/ozone/ozone/hadoop-ozone/integration-test/target/test-dir/MiniOzoneClusterImpl-a86265ae-e924-4e37-b80c-e96915062793/datanode-2/data/ratis/1b2b8fe2-b0f2-433a-a79a-774635e0f6db
2021-11-12 12:23:39,544 [pool-264-thread-1] INFO  server.RaftServerConfigKeys (ConfUtils.java:logGet(44)) - raft.server.log.queue.byte-limit = 2147483647 (custom)
2021-11-12 12:23:39,544 [pool-264-thread-1] INFO  server.RaftServerConfigKeys (ConfUtils.java:logGet(44)) - raft.server.log.queue.element-limit = 1024 (custom)
2021-11-12 12:23:39,544 [pool-264-thread-1] INFO  server.RaftServerConfigKeys (ConfUtils.java:logGet(44)) - raft.server.log.segment.size.max = 1048576 (custom)
2021-11-12 12:23:39,544 [pool-264-thread-1] INFO  server.RaftServerConfigKeys (ConfUtils.java:logGet(44)) - raft.server.log.preallocated.size = 16384 (custom)
2021-11-12 12:23:39,544 [pool-264-thread-1] INFO  server.RaftServerConfigKeys (ConfUtils.java:logGet(44)) - raft.server.log.force.sync.num = 128 (default)
2021-11-12 12:23:39,544 [pool-264-thread-1] INFO  server.RaftServerConfigKeys (ConfUtils.java:logGet(44)) - raft.server.log.statemachine.data.sync = true (default)
2021-11-12 12:23:39,544 [pool-264-thread-1] INFO  server.RaftServerConfigKeys (ConfUtils.java:logGet(44)) - raft.server.log.statemachine.data.sync.timeout = 10s (default)
2021-11-12 12:23:39,545 [pool-264-thread-1] INFO  server.RaftServerConfigKeys (ConfUtils.java:logGet(44)) - raft.server.log.statemachine.data.sync.timeout.retry = -1 (default)
2021-11-12 12:23:39,546 [pool-264-thread-1] INFO  server.RaftServerConfigKeys (ConfUtils.java:logGet(44)) - raft.server.log.write.buffer.size = 1048576 (custom)
2021-11-12 12:23:39,546 [pool-264-thread-1] INFO  server.RaftServerConfigKeys (ConfUtils.java:logGet(44)) - raft.server.log.statemachine.data.caching.enabled = true (custom)
2021-11-12 12:23:39,548 [pool-264-thread-1] INFO  segmented.SegmentedRaftLogWorker (SegmentedRaftLogWorker.java:lambda$new$0(133)) - 14685acf-49cf-4105-a1b9-55173786b628@group-774635E0F6DB-SegmentedRaftLogWorker: flushIndex: setUnconditionally 0 -> -1
2021-11-12 12:23:39,549 [pool-264-thread-1] INFO  segmented.SegmentedRaftLogWorker (SegmentedRaftLogWorker.java:lambda$new$0(133)) - 14685acf-49cf-4105-a1b9-55173786b628@group-774635E0F6DB-SegmentedRaftLogWorker: safeCacheEvictIndex: setUnconditionally 0 -> -1
2021-11-12 12:23:39,550 [pool-264-thread-1] INFO  server.RaftServerConfigKeys (ConfUtils.java:logGet(44)) - raft.server.snapshot.auto.trigger.enabled = true (custom)
2021-11-12 12:23:39,551 [pool-264-thread-1] INFO  server.RaftServerConfigKeys (ConfUtils.java:logGet(44)) - raft.server.snapshot.auto.trigger.threshold = 10000 (custom)
2021-11-12 12:23:39,551 [pool-264-thread-1] INFO  server.RaftServerConfigKeys (ConfUtils.java:logGet(44)) - raft.server.snapshot.retention.file.num = 5 (custom)
2021-11-12 12:23:39,551 [pool-264-thread-1] INFO  server.RaftServerConfigKeys (ConfUtils.java:logGet(44)) - raft.server.log.purge.upto.snapshot.index = false (default)
2021-11-12 12:23:39,551 [pool-264-thread-1] INFO  server.RaftServerConfigKeys (ConfUtils.java:logGet(44)) - raft.server.retrycache.expirytime = 600000ms (custom)
2021-11-12 12:23:39,551 [pool-264-thread-1] INFO  server.RaftServerConfigKeys (ConfUtils.java:logGet(44)) - raft.server.retrycache.statistics.expirytime = 100μs (default)
2021-11-12 12:23:39,552 [pool-264-thread-1] INFO  server.RaftServer$Division (RaftServerImpl.java:start(301)) - 14685acf-49cf-4105-a1b9-55173786b628@group-774635E0F6DB: start as a follower, conf=-1: [14685acf-49cf-4105-a1b9-55173786b628|rpc:10.1.0.56:43599|priority:1], old=null
2021-11-12 12:23:39,553 [pool-264-thread-1] INFO  server.RaftServer$Division (RaftServerImpl.java:setRole(290)) - 14685acf-49cf-4105-a1b9-55173786b628@group-774635E0F6DB: changes role from      null to FOLLOWER at term 0 for startAsFollower
2021-11-12 12:23:39,553 [pool-264-thread-1] INFO  impl.RoleInfo (RoleInfo.java:updateAndGet(130)) - 14685acf-49cf-4105-a1b9-55173786b628: start 14685acf-49cf-4105-a1b9-55173786b628@group-774635E0F6DB-FollowerState
2021-11-12 12:23:39,554 [pool-264-thread-1] INFO  util.JmxRegister (JmxRegister.java:tryRegister(44)) - Successfully registered JMX Bean with object name Ratis:service=RaftServer,group=group-774635E0F6DB,id=14685acf-49cf-4105-a1b9-55173786b628
2021-11-12 12:23:39,555 [Command processor thread] INFO  ratis.XceiverServerRatis (XceiverServerRatis.java:addGroup(768)) - Created group PipelineID=1b2b8fe2-b0f2-433a-a79a-774635e0f6db
2021-11-12 12:23:39,562 [Command processor thread] INFO  commandhandler.CreatePipelineCommandHandler (CreatePipelineCommandHandler.java:handle(106)) - Created Pipeline RATIS ONE PipelineID=1b2b8fe2-b0f2-433a-a79a-774635e0f6db.
2021-11-12 12:23:40,505 [Listener at 127.0.0.1/41291] INFO  ozone.MiniOzoneClusterImpl (MiniOzoneClusterImpl.java:lambda$waitForClusterToBeReady$0(235)) - Nodes are ready. Got 3 of 3 DN Heartbeats.
2021-11-12 12:23:40,506 [Listener at 127.0.0.1/41291] INFO  ozone.MiniOzoneClusterImpl (MiniOzoneClusterImpl.java:lambda$waitForClusterToBeReady$0(238)) - Waiting for cluster to exit safe mode
2021-11-12 12:23:40,506 [Listener at 127.0.0.1/41291] INFO  ozone.MiniOzoneClusterImpl (MiniOzoneClusterImpl.java:lambda$waitForClusterToBeReady$0(240)) - SCM became leader
2021-11-12 12:23:41,506 [Listener at 127.0.0.1/41291] INFO  ozone.MiniOzoneClusterImpl (MiniOzoneClusterImpl.java:lambda$waitForClusterToBeReady$0(235)) - Nodes are ready. Got 3 of 3 DN Heartbeats.
2021-11-12 12:23:41,506 [Listener at 127.0.0.1/41291] INFO  ozone.MiniOzoneClusterImpl (MiniOzoneClusterImpl.java:lambda$waitForClusterToBeReady$0(238)) - Waiting for cluster to exit safe mode
2021-11-12 12:23:41,506 [Listener at 127.0.0.1/41291] INFO  ozone.MiniOzoneClusterImpl (MiniOzoneClusterImpl.java:lambda$waitForClusterToBeReady$0(240)) - SCM became leader
2021-11-12 12:23:42,507 [Listener at 127.0.0.1/41291] INFO  ozone.MiniOzoneClusterImpl (MiniOzoneClusterImpl.java:lambda$waitForClusterToBeReady$0(235)) - Nodes are ready. Got 3 of 3 DN Heartbeats.
2021-11-12 12:23:42,507 [Listener at 127.0.0.1/41291] INFO  ozone.MiniOzoneClusterImpl (MiniOzoneClusterImpl.java:lambda$waitForClusterToBeReady$0(238)) - Waiting for cluster to exit safe mode
2021-11-12 12:23:42,507 [Listener at 127.0.0.1/41291] INFO  ozone.MiniOzoneClusterImpl (MiniOzoneClusterImpl.java:lambda$waitForClusterToBeReady$0(240)) - SCM became leader
2021-11-12 12:23:43,507 [Listener at 127.0.0.1/41291] INFO  ozone.MiniOzoneClusterImpl (MiniOzoneClusterImpl.java:lambda$waitForClusterToBeReady$0(235)) - Nodes are ready. Got 3 of 3 DN Heartbeats.
2021-11-12 12:23:43,507 [Listener at 127.0.0.1/41291] INFO  ozone.MiniOzoneClusterImpl (MiniOzoneClusterImpl.java:lambda$waitForClusterToBeReady$0(238)) - Waiting for cluster to exit safe mode
2021-11-12 12:23:43,507 [Listener at 127.0.0.1/41291] INFO  ozone.MiniOzoneClusterImpl (MiniOzoneClusterImpl.java:lambda$waitForClusterToBeReady$0(240)) - SCM became leader
2021-11-12 12:23:43,917 [39e0f2bb-68c5-4e65-9fa8-5a2176253db9@group-ABB08A71EEEE-FollowerState] INFO  impl.FollowerState (FollowerState.java:run(134)) - 39e0f2bb-68c5-4e65-9fa8-5a2176253db9@group-ABB08A71EEEE-FollowerState: change to CANDIDATE, lastRpcElapsedTime:5195190308ns, electionTimeout:5194ms
2021-11-12 12:23:43,917 [39e0f2bb-68c5-4e65-9fa8-5a2176253db9@group-ABB08A71EEEE-FollowerState] INFO  impl.RoleInfo (RoleInfo.java:shutdownFollowerState(108)) - 39e0f2bb-68c5-4e65-9fa8-5a2176253db9: shutdown 39e0f2bb-68c5-4e65-9fa8-5a2176253db9@group-ABB08A71EEEE-FollowerState
2021-11-12 12:23:43,917 [39e0f2bb-68c5-4e65-9fa8-5a2176253db9@group-ABB08A71EEEE-FollowerState] INFO  server.RaftServer$Division (RaftServerImpl.java:setRole(290)) - 39e0f2bb-68c5-4e65-9fa8-5a2176253db9@group-ABB08A71EEEE: changes role from  FOLLOWER to CANDIDATE at term 0 for changeToCandidate
2021-11-12 12:23:43,919 [39e0f2bb-68c5-4e65-9fa8-5a2176253db9@group-ABB08A71EEEE-FollowerState] INFO  server.RaftServerConfigKeys (ConfUtils.java:logGet(44)) - raft.server.leaderelection.pre-vote = false (custom)
2021-11-12 12:23:43,919 [39e0f2bb-68c5-4e65-9fa8-5a2176253db9@group-ABB08A71EEEE-FollowerState] INFO  impl.RoleInfo (RoleInfo.java:updateAndGet(130)) - 39e0f2bb-68c5-4e65-9fa8-5a2176253db9: start 39e0f2bb-68c5-4e65-9fa8-5a2176253db9@group-ABB08A71EEEE-LeaderElection10
2021-11-12 12:23:43,926 [39e0f2bb-68c5-4e65-9fa8-5a2176253db9@group-B748E4499EC5-FollowerState] INFO  impl.FollowerState (FollowerState.java:run(134)) - 39e0f2bb-68c5-4e65-9fa8-5a2176253db9@group-B748E4499EC5-FollowerState: change to CANDIDATE, lastRpcElapsedTime:5163809671ns, electionTimeout:5147ms
2021-11-12 12:23:43,926 [39e0f2bb-68c5-4e65-9fa8-5a2176253db9@group-B748E4499EC5-FollowerState] INFO  impl.RoleInfo (RoleInfo.java:shutdownFollowerState(108)) - 39e0f2bb-68c5-4e65-9fa8-5a2176253db9: shutdown 39e0f2bb-68c5-4e65-9fa8-5a2176253db9@group-B748E4499EC5-FollowerState
2021-11-12 12:23:43,926 [39e0f2bb-68c5-4e65-9fa8-5a2176253db9@group-B748E4499EC5-FollowerState] INFO  server.RaftServer$Division (RaftServerImpl.java:setRole(290)) - 39e0f2bb-68c5-4e65-9fa8-5a2176253db9@group-B748E4499EC5: changes role from  FOLLOWER to CANDIDATE at term 0 for changeToCandidate
2021-11-12 12:23:43,927 [39e0f2bb-68c5-4e65-9fa8-5a2176253db9@group-B748E4499EC5-FollowerState] INFO  server.RaftServerConfigKeys (ConfUtils.java:logGet(44)) - raft.server.leaderelection.pre-vote = false (custom)
2021-11-12 12:23:43,927 [39e0f2bb-68c5-4e65-9fa8-5a2176253db9@group-B748E4499EC5-FollowerState] INFO  impl.RoleInfo (RoleInfo.java:updateAndGet(130)) - 39e0f2bb-68c5-4e65-9fa8-5a2176253db9: start 39e0f2bb-68c5-4e65-9fa8-5a2176253db9@group-B748E4499EC5-LeaderElection11
2021-11-12 12:23:43,941 [39e0f2bb-68c5-4e65-9fa8-5a2176253db9@group-ABB08A71EEEE-LeaderElection10] INFO  impl.LeaderElection (LeaderElection.java:askForVotes(306)) - 39e0f2bb-68c5-4e65-9fa8-5a2176253db9@group-ABB08A71EEEE-LeaderElection10 ELECTION round 0: submit vote requests at term 1 for -1: [39e0f2bb-68c5-4e65-9fa8-5a2176253db9|rpc:10.1.0.56:33975|priority:1], old=null
2021-11-12 12:23:43,941 [39e0f2bb-68c5-4e65-9fa8-5a2176253db9@group-ABB08A71EEEE-LeaderElection10] INFO  impl.LeaderElection (LeaderElection.java:askForVotes(308)) - 39e0f2bb-68c5-4e65-9fa8-5a2176253db9@group-ABB08A71EEEE-LeaderElection10 ELECTION round 0: result PASSED (term=1)
2021-11-12 12:23:43,941 [39e0f2bb-68c5-4e65-9fa8-5a2176253db9@group-ABB08A71EEEE-LeaderElection10] INFO  impl.RoleInfo (RoleInfo.java:shutdownLeaderElection(121)) - 39e0f2bb-68c5-4e65-9fa8-5a2176253db9: shutdown 39e0f2bb-68c5-4e65-9fa8-5a2176253db9@group-ABB08A71EEEE-LeaderElection10
2021-11-12 12:23:43,941 [39e0f2bb-68c5-4e65-9fa8-5a2176253db9@group-ABB08A71EEEE-LeaderElection10] INFO  server.RaftServer$Division (RaftServerImpl.java:setRole(290)) - 39e0f2bb-68c5-4e65-9fa8-5a2176253db9@group-ABB08A71EEEE: changes role from CANDIDATE to LEADER at term 1 for changeToLeader
2021-11-12 12:23:43,941 [39e0f2bb-68c5-4e65-9fa8-5a2176253db9@group-ABB08A71EEEE-LeaderElection10] INFO  ratis.XceiverServerRatis (XceiverServerRatis.java:handleLeaderChangedNotification(866)) - Leader change notification received for group: group-ABB08A71EEEE with new leaderId: 39e0f2bb-68c5-4e65-9fa8-5a2176253db9
2021-11-12 12:23:43,941 [39e0f2bb-68c5-4e65-9fa8-5a2176253db9@group-ABB08A71EEEE-LeaderElection10] INFO  server.RaftServer$Division (ServerState.java:setLeader(285)) - 39e0f2bb-68c5-4e65-9fa8-5a2176253db9@group-ABB08A71EEEE: change Leader from null to 39e0f2bb-68c5-4e65-9fa8-5a2176253db9 at term 1 for becomeLeader, leader elected after 5252ms
2021-11-12 12:23:43,941 [39e0f2bb-68c5-4e65-9fa8-5a2176253db9@group-ABB08A71EEEE-LeaderElection10] INFO  server.RaftServerConfigKeys (ConfUtils.java:logGet(44)) - raft.server.staging.catchup.gap = 1000 (default)
2021-11-12 12:23:43,942 [39e0f2bb-68c5-4e65-9fa8-5a2176253db9@group-ABB08A71EEEE-LeaderElection10] INFO  server.RaftServerConfigKeys (ConfUtils.java:logGet(44)) - raft.server.write.element-limit = 1024 (custom)
2021-11-12 12:23:43,942 [39e0f2bb-68c5-4e65-9fa8-5a2176253db9@group-ABB08A71EEEE-LeaderElection10] INFO  server.RaftServerConfigKeys (ConfUtils.java:logGet(44)) - raft.server.write.byte-limit = 1024 M (=1073741824) (custom)
2021-11-12 12:23:43,942 [39e0f2bb-68c5-4e65-9fa8-5a2176253db9@group-ABB08A71EEEE-LeaderElection10] INFO  server.RaftServerConfigKeys (ConfUtils.java:logGet(44)) - raft.server.watch.timeout = 180s (custom)
2021-11-12 12:23:43,942 [39e0f2bb-68c5-4e65-9fa8-5a2176253db9@group-ABB08A71EEEE-LeaderElection10] INFO  server.RaftServerConfigKeys (ConfUtils.java:logGet(44)) - raft.server.watch.timeout.denomination = 1s (default)
2021-11-12 12:23:43,947 [39e0f2bb-68c5-4e65-9fa8-5a2176253db9@group-ABB08A71EEEE-LeaderElection10] INFO  server.RaftServerConfigKeys (ConfUtils.java:logGet(44)) - raft.server.watch.element-limit = 65536 (default)
2021-11-12 12:23:43,947 [39e0f2bb-68c5-4e65-9fa8-5a2176253db9@group-ABB08A71EEEE-LeaderElection10] INFO  server.RaftServerConfigKeys (ConfUtils.java:logGet(44)) - raft.server.write.element-limit = 1024 (custom)
2021-11-12 12:23:43,948 [39e0f2bb-68c5-4e65-9fa8-5a2176253db9@group-ABB08A71EEEE-LeaderElection10] INFO  server.RaftServerConfigKeys (ConfUtils.java:logGet(44)) - raft.server.write.follower.gap.ratio.max = -1.0 (default)
2021-11-12 12:23:43,948 [39e0f2bb-68c5-4e65-9fa8-5a2176253db9@group-ABB08A71EEEE-LeaderElection10] INFO  impl.RoleInfo (RoleInfo.java:updateAndGet(130)) - 39e0f2bb-68c5-4e65-9fa8-5a2176253db9: start 39e0f2bb-68c5-4e65-9fa8-5a2176253db9@group-ABB08A71EEEE-LeaderStateImpl
2021-11-12 12:23:43,949 [EventQueue-OpenPipelineForHealthyPipelineSafeModeRule] INFO  safemode.SCMSafeModeManager (HealthyPipelineSafeModeRule.java:process(124)) - SCM in safe mode. Healthy pipelines reported count is 0, required healthy pipeline reported count is 1
2021-11-12 12:23:43,949 [39e0f2bb-68c5-4e65-9fa8-5a2176253db9@group-B748E4499EC5-LeaderElection11] INFO  impl.LeaderElection (LeaderElection.java:askForVotes(306)) - 39e0f2bb-68c5-4e65-9fa8-5a2176253db9@group-B748E4499EC5-LeaderElection11 ELECTION round 0: submit vote requests at term 1 for -1: [39e0f2bb-68c5-4e65-9fa8-5a2176253db9|rpc:10.1.0.56:33975|priority:0, b1704d2c-306b-4db7-9c9e-f27a2a93c51e|rpc:10.1.0.56:36313|priority:1, 14685acf-49cf-4105-a1b9-55173786b628|rpc:10.1.0.56:43599|priority:0], old=null
2021-11-12 12:23:43,955 [39e0f2bb-68c5-4e65-9fa8-5a2176253db9@group-ABB08A71EEEE-LeaderElection10] INFO  segmented.SegmentedRaftLogWorker (SegmentedRaftLogWorker.java:startLogSegment(394)) - 39e0f2bb-68c5-4e65-9fa8-5a2176253db9@group-ABB08A71EEEE-SegmentedRaftLogWorker: Starting segment from index:0
2021-11-12 12:23:43,958 [39e0f2bb-68c5-4e65-9fa8-5a2176253db9@group-ABB08A71EEEE-SegmentedRaftLogWorker] INFO  segmented.SegmentedRaftLogWorker (SegmentedRaftLogWorker.java:execute(601)) - 39e0f2bb-68c5-4e65-9fa8-5a2176253db9@group-ABB08A71EEEE-SegmentedRaftLogWorker: created new log segment /home/runner/work/ozone/ozone/hadoop-ozone/integration-test/target/test-dir/MiniOzoneClusterImpl-a86265ae-e924-4e37-b80c-e96915062793/datanode-0/data/ratis/ff1611cf-8a68-4dae-97c4-abb08a71eeee/current/log_inprogress_0
2021-11-12 12:23:43,967 [39e0f2bb-68c5-4e65-9fa8-5a2176253db9@group-ABB08A71EEEE-LeaderElection10] INFO  server.RaftServer$Division (ServerState.java:setRaftConf(387)) - 39e0f2bb-68c5-4e65-9fa8-5a2176253db9@group-ABB08A71EEEE: set configuration 0: [39e0f2bb-68c5-4e65-9fa8-5a2176253db9|rpc:10.1.0.56:33975|dataStream:|priority:1], old=null
2021-11-12 12:23:43,994 [grpc-default-executor-0] INFO  server.RaftServer$Division (RaftServerImpl.java:requestVote(1046)) - b1704d2c-306b-4db7-9c9e-f27a2a93c51e@group-B748E4499EC5: receive requestVote(ELECTION, 39e0f2bb-68c5-4e65-9fa8-5a2176253db9, group-B748E4499EC5, 1, (t:0, i:0))
2021-11-12 12:23:43,994 [grpc-default-executor-0] INFO  impl.VoteContext (VoteContext.java:log(48)) - b1704d2c-306b-4db7-9c9e-f27a2a93c51e@group-B748E4499EC5-FOLLOWER: reject ELECTION from 39e0f2bb-68c5-4e65-9fa8-5a2176253db9: our priority 1 > candidate's priority 0
2021-11-12 12:23:43,994 [grpc-default-executor-0] INFO  server.RaftServer$Division (RaftServerImpl.java:setRole(290)) - b1704d2c-306b-4db7-9c9e-f27a2a93c51e@group-B748E4499EC5: changes role from  FOLLOWER to FOLLOWER at term 1 for candidate:39e0f2bb-68c5-4e65-9fa8-5a2176253db9
2021-11-12 12:23:43,994 [grpc-default-executor-0] INFO  impl.RoleInfo (RoleInfo.java:shutdownFollowerState(108)) - b1704d2c-306b-4db7-9c9e-f27a2a93c51e: shutdown b1704d2c-306b-4db7-9c9e-f27a2a93c51e@group-B748E4499EC5-FollowerState
2021-11-12 12:23:43,994 [grpc-default-executor-0] INFO  impl.RoleInfo (RoleInfo.java:updateAndGet(130)) - b1704d2c-306b-4db7-9c9e-f27a2a93c51e: start b1704d2c-306b-4db7-9c9e-f27a2a93c51e@group-B748E4499EC5-FollowerState
2021-11-12 12:23:43,994 [b1704d2c-306b-4db7-9c9e-f27a2a93c51e@group-B748E4499EC5-FollowerState] INFO  impl.FollowerState (FollowerState.java:run(143)) - b1704d2c-306b-4db7-9c9e-f27a2a93c51e@group-B748E4499EC5-FollowerState was interrupted: {}
java.lang.InterruptedException: sleep interrupted
	at java.lang.Thread.sleep(Native Method)
	at java.lang.Thread.sleep(Thread.java:340)
	at java.util.concurrent.TimeUnit.sleep(TimeUnit.java:386)
	at org.apache.ratis.util.TimeDuration.sleep(TimeDuration.java:324)
	at org.apache.ratis.util.TimeDuration.sleep(TimeDuration.java:309)
	at org.apache.ratis.server.impl.FollowerState.run(FollowerState.java:118)
2021-11-12 12:23:44,009 [grpc-default-executor-0] INFO  server.RaftServer$Division (RaftServerImpl.java:requestVote(1078)) - b1704d2c-306b-4db7-9c9e-f27a2a93c51e@group-B748E4499EC5 replies to ELECTION vote request: 39e0f2bb-68c5-4e65-9fa8-5a2176253db9<-b1704d2c-306b-4db7-9c9e-f27a2a93c51e#0:FAIL-t1. Peer's state: b1704d2c-306b-4db7-9c9e-f27a2a93c51e@group-B748E4499EC5:t1, leader=null, voted=null, raftlog=b1704d2c-306b-4db7-9c9e-f27a2a93c51e@group-B748E4499EC5-SegmentedRaftLog:OPENED:c-1, conf=-1: [39e0f2bb-68c5-4e65-9fa8-5a2176253db9|rpc:10.1.0.56:33975|dataStream:|priority:0, b1704d2c-306b-4db7-9c9e-f27a2a93c51e|rpc:10.1.0.56:36313|dataStream:|priority:1, 14685acf-49cf-4105-a1b9-55173786b628|rpc:10.1.0.56:43599|dataStream:|priority:0], old=null
2021-11-12 12:23:44,016 [39e0f2bb-68c5-4e65-9fa8-5a2176253db9@group-B748E4499EC5-LeaderElection11] INFO  impl.LeaderElection (LeaderElection.java:logAndReturn(89)) - 39e0f2bb-68c5-4e65-9fa8-5a2176253db9@group-B748E4499EC5-LeaderElection11: ELECTION REJECTED received 1 response(s) and 0 exception(s):
2021-11-12 12:23:44,016 [39e0f2bb-68c5-4e65-9fa8-5a2176253db9@group-B748E4499EC5-LeaderElection11] INFO  impl.LeaderElection (LeaderElection.java:logAndReturn(93)) -   Response 0: 39e0f2bb-68c5-4e65-9fa8-5a2176253db9<-b1704d2c-306b-4db7-9c9e-f27a2a93c51e#0:FAIL-t1
2021-11-12 12:23:44,016 [39e0f2bb-68c5-4e65-9fa8-5a2176253db9@group-B748E4499EC5-LeaderElection11] INFO  impl.LeaderElection (LeaderElection.java:askForVotes(308)) - 39e0f2bb-68c5-4e65-9fa8-5a2176253db9@group-B748E4499EC5-LeaderElection11 ELECTION round 0: result REJECTED
2021-11-12 12:23:44,016 [39e0f2bb-68c5-4e65-9fa8-5a2176253db9@group-B748E4499EC5-LeaderElection11] INFO  server.RaftServer$Division (RaftServerImpl.java:setRole(290)) - 39e0f2bb-68c5-4e65-9fa8-5a2176253db9@group-B748E4499EC5: changes role from CANDIDATE to FOLLOWER at term 1 for REJECTED
2021-11-12 12:23:44,016 [39e0f2bb-68c5-4e65-9fa8-5a2176253db9@group-B748E4499EC5-LeaderElection11] INFO  impl.RoleInfo (RoleInfo.java:shutdownLeaderElection(121)) - 39e0f2bb-68c5-4e65-9fa8-5a2176253db9: shutdown 39e0f2bb-68c5-4e65-9fa8-5a2176253db9@group-B748E4499EC5-LeaderElection11
2021-11-12 12:23:44,016 [39e0f2bb-68c5-4e65-9fa8-5a2176253db9@group-B748E4499EC5-LeaderElection11] INFO  impl.RoleInfo (RoleInfo.java:updateAndGet(130)) - 39e0f2bb-68c5-4e65-9fa8-5a2176253db9: start 39e0f2bb-68c5-4e65-9fa8-5a2176253db9@group-B748E4499EC5-FollowerState
2021-11-12 12:23:44,021 [grpc-default-executor-0] INFO  server.RaftServer$Division (RaftServerImpl.java:requestVote(1046)) - 14685acf-49cf-4105-a1b9-55173786b628@group-B748E4499EC5: receive requestVote(ELECTION, 39e0f2bb-68c5-4e65-9fa8-5a2176253db9, group-B748E4499EC5, 1, (t:0, i:0))
2021-11-12 12:23:44,021 [grpc-default-executor-0] INFO  impl.VoteContext (VoteContext.java:log(48)) - 14685acf-49cf-4105-a1b9-55173786b628@group-B748E4499EC5-FOLLOWER: accept ELECTION from 39e0f2bb-68c5-4e65-9fa8-5a2176253db9: our priority 0 <= candidate's priority 0
2021-11-12 12:23:44,021 [grpc-default-executor-0] INFO  server.RaftServer$Division (RaftServerImpl.java:setRole(290)) - 14685acf-49cf-4105-a1b9-55173786b628@group-B748E4499EC5: changes role from  FOLLOWER to FOLLOWER at term 1 for candidate:39e0f2bb-68c5-4e65-9fa8-5a2176253db9
2021-11-12 12:23:44,022 [grpc-default-executor-0] INFO  impl.RoleInfo (RoleInfo.java:shutdownFollowerState(108)) - 14685acf-49cf-4105-a1b9-55173786b628: shutdown 14685acf-49cf-4105-a1b9-55173786b628@group-B748E4499EC5-FollowerState
2021-11-12 12:23:44,022 [grpc-default-executor-0] INFO  impl.RoleInfo (RoleInfo.java:updateAndGet(130)) - 14685acf-49cf-4105-a1b9-55173786b628: start 14685acf-49cf-4105-a1b9-55173786b628@group-B748E4499EC5-FollowerState
2021-11-12 12:23:44,022 [14685acf-49cf-4105-a1b9-55173786b628@group-B748E4499EC5-FollowerState] INFO  impl.FollowerState (FollowerState.java:run(143)) - 14685acf-49cf-4105-a1b9-55173786b628@group-B748E4499EC5-FollowerState was interrupted: {}
java.lang.InterruptedException: sleep interrupted
	at java.lang.Thread.sleep(Native Method)
	at java.lang.Thread.sleep(Thread.java:340)
	at java.util.concurrent.TimeUnit.sleep(TimeUnit.java:386)
	at org.apache.ratis.util.TimeDuration.sleep(TimeDuration.java:324)
	at org.apache.ratis.util.TimeDuration.sleep(TimeDuration.java:309)
	at org.apache.ratis.server.impl.FollowerState.run(FollowerState.java:118)
2021-11-12 12:23:44,025 [grpc-default-executor-0] INFO  server.RaftServer$Division (RaftServerImpl.java:requestVote(1078)) - 14685acf-49cf-4105-a1b9-55173786b628@group-B748E4499EC5 replies to ELECTION vote request: 39e0f2bb-68c5-4e65-9fa8-5a2176253db9<-14685acf-49cf-4105-a1b9-55173786b628#0:OK-t1. Peer's state: 14685acf-49cf-4105-a1b9-55173786b628@group-B748E4499EC5:t1, leader=null, voted=39e0f2bb-68c5-4e65-9fa8-5a2176253db9, raftlog=14685acf-49cf-4105-a1b9-55173786b628@group-B748E4499EC5-SegmentedRaftLog:OPENED:c-1, conf=-1: [39e0f2bb-68c5-4e65-9fa8-5a2176253db9|rpc:10.1.0.56:33975|dataStream:|priority:0, b1704d2c-306b-4db7-9c9e-f27a2a93c51e|rpc:10.1.0.56:36313|dataStream:|priority:1, 14685acf-49cf-4105-a1b9-55173786b628|rpc:10.1.0.56:43599|dataStream:|priority:0], old=null
2021-11-12 12:23:44,276 [b1704d2c-306b-4db7-9c9e-f27a2a93c51e@group-CB335AB66270-FollowerState] INFO  impl.FollowerState (FollowerState.java:run(134)) - b1704d2c-306b-4db7-9c9e-f27a2a93c51e@group-CB335AB66270-FollowerState: change to CANDIDATE, lastRpcElapsedTime:5108642165ns, electionTimeout:5107ms
2021-11-12 12:23:44,276 [b1704d2c-306b-4db7-9c9e-f27a2a93c51e@group-CB335AB66270-FollowerState] INFO  impl.RoleInfo (RoleInfo.java:shutdownFollowerState(108)) - b1704d2c-306b-4db7-9c9e-f27a2a93c51e: shutdown b1704d2c-306b-4db7-9c9e-f27a2a93c51e@group-CB335AB66270-FollowerState
2021-11-12 12:23:44,277 [b1704d2c-306b-4db7-9c9e-f27a2a93c51e@group-CB335AB66270-FollowerState] INFO  server.RaftServer$Division (RaftServerImpl.java:setRole(290)) - b1704d2c-306b-4db7-9c9e-f27a2a93c51e@group-CB335AB66270: changes role from  FOLLOWER to CANDIDATE at term 0 for changeToCandidate
2021-11-12 12:23:44,277 [b1704d2c-306b-4db7-9c9e-f27a2a93c51e@group-CB335AB66270-FollowerState] INFO  server.RaftServerConfigKeys (ConfUtils.java:logGet(44)) - raft.server.leaderelection.pre-vote = false (custom)
2021-11-12 12:23:44,277 [b1704d2c-306b-4db7-9c9e-f27a2a93c51e@group-CB335AB66270-FollowerState] INFO  impl.RoleInfo (RoleInfo.java:updateAndGet(130)) - b1704d2c-306b-4db7-9c9e-f27a2a93c51e: start b1704d2c-306b-4db7-9c9e-f27a2a93c51e@group-CB335AB66270-LeaderElection12
2021-11-12 12:23:44,300 [b1704d2c-306b-4db7-9c9e-f27a2a93c51e@group-CB335AB66270-LeaderElection12] INFO  impl.LeaderElection (LeaderElection.java:askForVotes(306)) - b1704d2c-306b-4db7-9c9e-f27a2a93c51e@group-CB335AB66270-LeaderElection12 ELECTION round 0: submit vote requests at term 1 for -1: [b1704d2c-306b-4db7-9c9e-f27a2a93c51e|rpc:10.1.0.56:36313|priority:1], old=null
2021-11-12 12:23:44,305 [b1704d2c-306b-4db7-9c9e-f27a2a93c51e@group-CB335AB66270-LeaderElection12] INFO  impl.LeaderElection (LeaderElection.java:askForVotes(308)) - b1704d2c-306b-4db7-9c9e-f27a2a93c51e@group-CB335AB66270-LeaderElection12 ELECTION round 0: result PASSED (term=1)
2021-11-12 12:23:44,307 [b1704d2c-306b-4db7-9c9e-f27a2a93c51e@group-CB335AB66270-LeaderElection12] INFO  impl.RoleInfo (RoleInfo.java:shutdownLeaderElection(121)) - b1704d2c-306b-4db7-9c9e-f27a2a93c51e: shutdown b1704d2c-306b-4db7-9c9e-f27a2a93c51e@group-CB335AB66270-LeaderElection12
2021-11-12 12:23:44,307 [b1704d2c-306b-4db7-9c9e-f27a2a93c51e@group-CB335AB66270-LeaderElection12] INFO  server.RaftServer$Division (RaftServerImpl.java:setRole(290)) - b1704d2c-306b-4db7-9c9e-f27a2a93c51e@group-CB335AB66270: changes role from CANDIDATE to LEADER at term 1 for changeToLeader
2021-11-12 12:23:44,307 [b1704d2c-306b-4db7-9c9e-f27a2a93c51e@group-CB335AB66270-LeaderElection12] INFO  ratis.XceiverServerRatis (XceiverServerRatis.java:handleLeaderChangedNotification(866)) - Leader change notification received for group: group-CB335AB66270 with new leaderId: b1704d2c-306b-4db7-9c9e-f27a2a93c51e
2021-11-12 12:23:44,309 [EventQueue-OpenPipelineForHealthyPipelineSafeModeRule] INFO  safemode.SCMSafeModeManager (HealthyPipelineSafeModeRule.java:process(124)) - SCM in safe mode. Healthy pipelines reported count is 0, required healthy pipeline reported count is 1
2021-11-12 12:23:44,310 [b1704d2c-306b-4db7-9c9e-f27a2a93c51e@group-CB335AB66270-LeaderElection12] INFO  server.RaftServer$Division (ServerState.java:setLeader(285)) - b1704d2c-306b-4db7-9c9e-f27a2a93c51e@group-CB335AB66270: change Leader from null to b1704d2c-306b-4db7-9c9e-f27a2a93c51e at term 1 for becomeLeader, leader elected after 5157ms
2021-11-12 12:23:44,310 [b1704d2c-306b-4db7-9c9e-f27a2a93c51e@group-CB335AB66270-LeaderElection12] INFO  server.RaftServerConfigKeys (ConfUtils.java:logGet(44)) - raft.server.staging.catchup.gap = 1000 (default)
2021-11-12 12:23:44,311 [b1704d2c-306b-4db7-9c9e-f27a2a93c51e@group-CB335AB66270-LeaderElection12] INFO  server.RaftServerConfigKeys (ConfUtils.java:logGet(44)) - raft.server.write.element-limit = 1024 (custom)
2021-11-12 12:23:44,311 [b1704d2c-306b-4db7-9c9e-f27a2a93c51e@group-CB335AB66270-LeaderElection12] INFO  server.RaftServerConfigKeys (ConfUtils.java:logGet(44)) - raft.server.write.byte-limit = 1024 M (=1073741824) (custom)
2021-11-12 12:23:44,315 [b1704d2c-306b-4db7-9c9e-f27a2a93c51e@group-CB335AB66270-LeaderElection12] INFO  server.RaftServerConfigKeys (ConfUtils.java:logGet(44)) - raft.server.watch.timeout = 180s (custom)
2021-11-12 12:23:44,315 [b1704d2c-306b-4db7-9c9e-f27a2a93c51e@group-CB335AB66270-LeaderElection12] INFO  server.RaftServerConfigKeys (ConfUtils.java:logGet(44)) - raft.server.watch.timeout.denomination = 1s (default)
2021-11-12 12:23:44,315 [b1704d2c-306b-4db7-9c9e-f27a2a93c51e@group-CB335AB66270-LeaderElection12] INFO  server.RaftServerConfigKeys (ConfUtils.java:logGet(44)) - raft.server.watch.element-limit = 65536 (default)
2021-11-12 12:23:44,315 [b1704d2c-306b-4db7-9c9e-f27a2a93c51e@group-CB335AB66270-LeaderElection12] INFO  server.RaftServerConfigKeys (ConfUtils.java:logGet(44)) - raft.server.write.element-limit = 1024 (custom)
2021-11-12 12:23:44,315 [b1704d2c-306b-4db7-9c9e-f27a2a93c51e@group-CB335AB66270-LeaderElection12] INFO  server.RaftServerConfigKeys (ConfUtils.java:logGet(44)) - raft.server.write.follower.gap.ratio.max = -1.0 (default)
2021-11-12 12:23:44,316 [b1704d2c-306b-4db7-9c9e-f27a2a93c51e@group-CB335AB66270-LeaderElection12] INFO  impl.RoleInfo (RoleInfo.java:updateAndGet(130)) - b1704d2c-306b-4db7-9c9e-f27a2a93c51e: start b1704d2c-306b-4db7-9c9e-f27a2a93c51e@group-CB335AB66270-LeaderStateImpl
2021-11-12 12:23:44,316 [b1704d2c-306b-4db7-9c9e-f27a2a93c51e@group-CB335AB66270-LeaderElection12] INFO  segmented.SegmentedRaftLogWorker (SegmentedRaftLogWorker.java:startLogSegment(394)) - b1704d2c-306b-4db7-9c9e-f27a2a93c51e@group-CB335AB66270-SegmentedRaftLogWorker: Starting segment from index:0
2021-11-12 12:23:44,318 [b1704d2c-306b-4db7-9c9e-f27a2a93c51e@group-CB335AB66270-SegmentedRaftLogWorker] INFO  segmented.SegmentedRaftLogWorker (SegmentedRaftLogWorker.java:execute(601)) - b1704d2c-306b-4db7-9c9e-f27a2a93c51e@group-CB335AB66270-SegmentedRaftLogWorker: created new log segment /home/runner/work/ozone/ozone/hadoop-ozone/integration-test/target/test-dir/MiniOzoneClusterImpl-a86265ae-e924-4e37-b80c-e96915062793/datanode-1/data/ratis/49493bd2-e9de-4e6b-ad07-cb335ab66270/current/log_inprogress_0
2021-11-12 12:23:44,327 [b1704d2c-306b-4db7-9c9e-f27a2a93c51e@group-CB335AB66270-LeaderElection12] INFO  server.RaftServer$Division (ServerState.java:setRaftConf(387)) - b1704d2c-306b-4db7-9c9e-f27a2a93c51e@group-CB335AB66270: set configuration 0: [b1704d2c-306b-4db7-9c9e-f27a2a93c51e|rpc:10.1.0.56:36313|dataStream:|priority:1], old=null
2021-11-12 12:23:44,508 [Listener at 127.0.0.1/41291] INFO  ozone.MiniOzoneClusterImpl (MiniOzoneClusterImpl.java:lambda$waitForClusterToBeReady$0(235)) - Nodes are ready. Got 3 of 3 DN Heartbeats.
2021-11-12 12:23:44,508 [Listener at 127.0.0.1/41291] INFO  ozone.MiniOzoneClusterImpl (MiniOzoneClusterImpl.java:lambda$waitForClusterToBeReady$0(238)) - Waiting for cluster to exit safe mode
2021-11-12 12:23:44,508 [Listener at 127.0.0.1/41291] INFO  ozone.MiniOzoneClusterImpl (MiniOzoneClusterImpl.java:lambda$waitForClusterToBeReady$0(240)) - SCM became leader
2021-11-12 12:23:44,746 [14685acf-49cf-4105-a1b9-55173786b628@group-774635E0F6DB-FollowerState] INFO  impl.FollowerState (FollowerState.java:run(134)) - 14685acf-49cf-4105-a1b9-55173786b628@group-774635E0F6DB-FollowerState: change to CANDIDATE, lastRpcElapsedTime:5192339039ns, electionTimeout:5191ms
2021-11-12 12:23:44,746 [14685acf-49cf-4105-a1b9-55173786b628@group-774635E0F6DB-FollowerState] INFO  impl.RoleInfo (RoleInfo.java:shutdownFollowerState(108)) - 14685acf-49cf-4105-a1b9-55173786b628: shutdown 14685acf-49cf-4105-a1b9-55173786b628@group-774635E0F6DB-FollowerState
2021-11-12 12:23:44,746 [14685acf-49cf-4105-a1b9-55173786b628@group-774635E0F6DB-FollowerState] INFO  server.RaftServer$Division (RaftServerImpl.java:setRole(290)) - 14685acf-49cf-4105-a1b9-55173786b628@group-774635E0F6DB: changes role from  FOLLOWER to CANDIDATE at term 0 for changeToCandidate
2021-11-12 12:23:44,746 [14685acf-49cf-4105-a1b9-55173786b628@group-774635E0F6DB-FollowerState] INFO  server.RaftServerConfigKeys (ConfUtils.java:logGet(44)) - raft.server.leaderelection.pre-vote = false (custom)
2021-11-12 12:23:44,746 [14685acf-49cf-4105-a1b9-55173786b628@group-774635E0F6DB-FollowerState] INFO  impl.RoleInfo (RoleInfo.java:updateAndGet(130)) - 14685acf-49cf-4105-a1b9-55173786b628: start 14685acf-49cf-4105-a1b9-55173786b628@group-774635E0F6DB-LeaderElection13
2021-11-12 12:23:44,764 [14685acf-49cf-4105-a1b9-55173786b628@group-774635E0F6DB-LeaderElection13] INFO  impl.LeaderElection (LeaderElection.java:askForVotes(306)) - 14685acf-49cf-4105-a1b9-55173786b628@group-774635E0F6DB-LeaderElection13 ELECTION round 0: submit vote requests at term 1 for -1: [14685acf-49cf-4105-a1b9-55173786b628|rpc:10.1.0.56:43599|priority:1], old=null
2021-11-12 12:23:44,764 [14685acf-49cf-4105-a1b9-55173786b628@group-774635E0F6DB-LeaderElection13] INFO  impl.LeaderElection (LeaderElection.java:askForVotes(308)) - 14685acf-49cf-4105-a1b9-55173786b628@group-774635E0F6DB-LeaderElection13 ELECTION round 0: result PASSED (term=1)
2021-11-12 12:23:44,764 [14685acf-49cf-4105-a1b9-55173786b628@group-774635E0F6DB-LeaderElection13] INFO  impl.RoleInfo (RoleInfo.java:shutdownLeaderElection(121)) - 14685acf-49cf-4105-a1b9-55173786b628: shutdown 14685acf-49cf-4105-a1b9-55173786b628@group-774635E0F6DB-LeaderElection13
2021-11-12 12:23:44,764 [14685acf-49cf-4105-a1b9-55173786b628@group-774635E0F6DB-LeaderElection13] INFO  server.RaftServer$Division (RaftServerImpl.java:setRole(290)) - 14685acf-49cf-4105-a1b9-55173786b628@group-774635E0F6DB: changes role from CANDIDATE to LEADER at term 1 for changeToLeader
2021-11-12 12:23:44,764 [14685acf-49cf-4105-a1b9-55173786b628@group-774635E0F6DB-LeaderElection13] INFO  ratis.XceiverServerRatis (XceiverServerRatis.java:handleLeaderChangedNotification(866)) - Leader change notification received for group: group-774635E0F6DB with new leaderId: 14685acf-49cf-4105-a1b9-55173786b628
2021-11-12 12:23:44,764 [14685acf-49cf-4105-a1b9-55173786b628@group-774635E0F6DB-LeaderElection13] INFO  server.RaftServer$Division (ServerState.java:setLeader(285)) - 14685acf-49cf-4105-a1b9-55173786b628@group-774635E0F6DB: change Leader from null to 14685acf-49cf-4105-a1b9-55173786b628 at term 1 for becomeLeader, leader elected after 5221ms
2021-11-12 12:23:44,764 [14685acf-49cf-4105-a1b9-55173786b628@group-774635E0F6DB-LeaderElection13] INFO  server.RaftServerConfigKeys (ConfUtils.java:logGet(44)) - raft.server.staging.catchup.gap = 1000 (default)
2021-11-12 12:23:44,765 [14685acf-49cf-4105-a1b9-55173786b628@group-774635E0F6DB-LeaderElection13] INFO  server.RaftServerConfigKeys (ConfUtils.java:logGet(44)) - raft.server.write.element-limit = 1024 (custom)
2021-11-12 12:23:44,765 [14685acf-49cf-4105-a1b9-55173786b628@group-774635E0F6DB-LeaderElection13] INFO  server.RaftServerConfigKeys (ConfUtils.java:logGet(44)) - raft.server.write.byte-limit = 1024 M (=1073741824) (custom)
2021-11-12 12:23:44,765 [14685acf-49cf-4105-a1b9-55173786b628@group-774635E0F6DB-LeaderElection13] INFO  server.RaftServerConfigKeys (ConfUtils.java:logGet(44)) - raft.server.watch.timeout = 180s (custom)
2021-11-12 12:23:44,765 [14685acf-49cf-4105-a1b9-55173786b628@group-774635E0F6DB-LeaderElection13] INFO  server.RaftServerConfigKeys (ConfUtils.java:logGet(44)) - raft.server.watch.timeout.denomination = 1s (default)
2021-11-12 12:23:44,766 [14685acf-49cf-4105-a1b9-55173786b628@group-774635E0F6DB-LeaderElection13] INFO  server.RaftServerConfigKeys (ConfUtils.java:logGet(44)) - raft.server.watch.element-limit = 65536 (default)
2021-11-12 12:23:44,766 [14685acf-49cf-4105-a1b9-55173786b628@group-774635E0F6DB-LeaderElection13] INFO  server.RaftServerConfigKeys (ConfUtils.java:logGet(44)) - raft.server.write.element-limit = 1024 (custom)
2021-11-12 12:23:44,766 [14685acf-49cf-4105-a1b9-55173786b628@group-774635E0F6DB-LeaderElection13] INFO  server.RaftServerConfigKeys (ConfUtils.java:logGet(44)) - raft.server.write.follower.gap.ratio.max = -1.0 (default)
2021-11-12 12:23:44,766 [14685acf-49cf-4105-a1b9-55173786b628@group-774635E0F6DB-LeaderElection13] INFO  impl.RoleInfo (RoleInfo.java:updateAndGet(130)) - 14685acf-49cf-4105-a1b9-55173786b628: start 14685acf-49cf-4105-a1b9-55173786b628@group-774635E0F6DB-LeaderStateImpl
2021-11-12 12:23:44,771 [EventQueue-OpenPipelineForHealthyPipelineSafeModeRule] INFO  safemode.SCMSafeModeManager (HealthyPipelineSafeModeRule.java:process(124)) - SCM in safe mode. Healthy pipelines reported count is 0, required healthy pipeline reported count is 1
2021-11-12 12:23:44,772 [14685acf-49cf-4105-a1b9-55173786b628@group-774635E0F6DB-LeaderElection13] INFO  segmented.SegmentedRaftLogWorker (SegmentedRaftLogWorker.java:startLogSegment(394)) - 14685acf-49cf-4105-a1b9-55173786b628@group-774635E0F6DB-SegmentedRaftLogWorker: Starting segment from index:0
2021-11-12 12:23:44,780 [14685acf-49cf-4105-a1b9-55173786b628@group-774635E0F6DB-LeaderElection13] INFO  server.RaftServer$Division (ServerState.java:setRaftConf(387)) - 14685acf-49cf-4105-a1b9-55173786b628@group-774635E0F6DB: set configuration 0: [14685acf-49cf-4105-a1b9-55173786b628|rpc:10.1.0.56:43599|dataStream:|priority:1], old=null
2021-11-12 12:23:44,780 [14685acf-49cf-4105-a1b9-55173786b628@group-774635E0F6DB-SegmentedRaftLogWorker] INFO  segmented.SegmentedRaftLogWorker (SegmentedRaftLogWorker.java:execute(601)) - 14685acf-49cf-4105-a1b9-55173786b628@group-774635E0F6DB-SegmentedRaftLogWorker: created new log segment /home/runner/work/ozone/ozone/hadoop-ozone/integration-test/target/test-dir/MiniOzoneClusterImpl-a86265ae-e924-4e37-b80c-e96915062793/datanode-2/data/ratis/1b2b8fe2-b0f2-433a-a79a-774635e0f6db/current/log_inprogress_0
2021-11-12 12:23:45,508 [Listener at 127.0.0.1/41291] INFO  ozone.MiniOzoneClusterImpl (MiniOzoneClusterImpl.java:lambda$waitForClusterToBeReady$0(235)) - Nodes are ready. Got 3 of 3 DN Heartbeats.
2021-11-12 12:23:45,508 [Listener at 127.0.0.1/41291] INFO  ozone.MiniOzoneClusterImpl (MiniOzoneClusterImpl.java:lambda$waitForClusterToBeReady$0(238)) - Waiting for cluster to exit safe mode
2021-11-12 12:23:45,508 [Listener at 127.0.0.1/41291] INFO  ozone.MiniOzoneClusterImpl (MiniOzoneClusterImpl.java:lambda$waitForClusterToBeReady$0(240)) - SCM became leader
2021-11-12 12:23:46,509 [Listener at 127.0.0.1/41291] INFO  ozone.MiniOzoneClusterImpl (MiniOzoneClusterImpl.java:lambda$waitForClusterToBeReady$0(235)) - Nodes are ready. Got 3 of 3 DN Heartbeats.
2021-11-12 12:23:46,509 [Listener at 127.0.0.1/41291] INFO  ozone.MiniOzoneClusterImpl (MiniOzoneClusterImpl.java:lambda$waitForClusterToBeReady$0(238)) - Waiting for cluster to exit safe mode
2021-11-12 12:23:46,509 [Listener at 127.0.0.1/41291] INFO  ozone.MiniOzoneClusterImpl (MiniOzoneClusterImpl.java:lambda$waitForClusterToBeReady$0(240)) - SCM became leader
2021-11-12 12:23:47,509 [Listener at 127.0.0.1/41291] INFO  ozone.MiniOzoneClusterImpl (MiniOzoneClusterImpl.java:lambda$waitForClusterToBeReady$0(235)) - Nodes are ready. Got 3 of 3 DN Heartbeats.
2021-11-12 12:23:47,509 [Listener at 127.0.0.1/41291] INFO  ozone.MiniOzoneClusterImpl (MiniOzoneClusterImpl.java:lambda$waitForClusterToBeReady$0(238)) - Waiting for cluster to exit safe mode
2021-11-12 12:23:47,509 [Listener at 127.0.0.1/41291] INFO  ozone.MiniOzoneClusterImpl (MiniOzoneClusterImpl.java:lambda$waitForClusterToBeReady$0(240)) - SCM became leader
2021-11-12 12:23:48,510 [Listener at 127.0.0.1/41291] INFO  ozone.MiniOzoneClusterImpl (MiniOzoneClusterImpl.java:lambda$waitForClusterToBeReady$0(235)) - Nodes are ready. Got 3 of 3 DN Heartbeats.
2021-11-12 12:23:48,510 [Listener at 127.0.0.1/41291] INFO  ozone.MiniOzoneClusterImpl (MiniOzoneClusterImpl.java:lambda$waitForClusterToBeReady$0(238)) - Waiting for cluster to exit safe mode
2021-11-12 12:23:48,510 [Listener at 127.0.0.1/41291] INFO  ozone.MiniOzoneClusterImpl (MiniOzoneClusterImpl.java:lambda$waitForClusterToBeReady$0(240)) - SCM became leader
2021-11-12 12:23:49,042 [14685acf-49cf-4105-a1b9-55173786b628@group-B748E4499EC5-FollowerState] INFO  impl.FollowerState (FollowerState.java:run(134)) - 14685acf-49cf-4105-a1b9-55173786b628@group-B748E4499EC5-FollowerState: change to CANDIDATE, lastRpcElapsedTime:5017105874ns, electionTimeout:5013ms
2021-11-12 12:23:49,043 [14685acf-49cf-4105-a1b9-55173786b628@group-B748E4499EC5-FollowerState] INFO  impl.RoleInfo (RoleInfo.java:shutdownFollowerState(108)) - 14685acf-49cf-4105-a1b9-55173786b628: shutdown 14685acf-49cf-4105-a1b9-55173786b628@group-B748E4499EC5-FollowerState
2021-11-12 12:23:49,043 [14685acf-49cf-4105-a1b9-55173786b628@group-B748E4499EC5-FollowerState] INFO  server.RaftServer$Division (RaftServerImpl.java:setRole(290)) - 14685acf-49cf-4105-a1b9-55173786b628@group-B748E4499EC5: changes role from  FOLLOWER to CANDIDATE at term 1 for changeToCandidate
2021-11-12 12:23:49,043 [14685acf-49cf-4105-a1b9-55173786b628@group-B748E4499EC5-FollowerState] INFO  server.RaftServerConfigKeys (ConfUtils.java:logGet(44)) - raft.server.leaderelection.pre-vote = false (custom)
2021-11-12 12:23:49,043 [14685acf-49cf-4105-a1b9-55173786b628@group-B748E4499EC5-FollowerState] INFO  impl.RoleInfo (RoleInfo.java:updateAndGet(130)) - 14685acf-49cf-4105-a1b9-55173786b628: start 14685acf-49cf-4105-a1b9-55173786b628@group-B748E4499EC5-LeaderElection14
2021-11-12 12:23:49,059 [14685acf-49cf-4105-a1b9-55173786b628@group-B748E4499EC5-LeaderElection14] INFO  impl.LeaderElection (LeaderElection.java:askForVotes(306)) - 14685acf-49cf-4105-a1b9-55173786b628@group-B748E4499EC5-LeaderElection14 ELECTION round 0: submit vote requests at term 2 for -1: [39e0f2bb-68c5-4e65-9fa8-5a2176253db9|rpc:10.1.0.56:33975|dataStream:|priority:0, b1704d2c-306b-4db7-9c9e-f27a2a93c51e|rpc:10.1.0.56:36313|dataStream:|priority:1, 14685acf-49cf-4105-a1b9-55173786b628|rpc:10.1.0.56:43599|dataStream:|priority:0], old=null
2021-11-12 12:23:49,085 [grpc-default-executor-0] INFO  server.RaftServer$Division (RaftServerImpl.java:requestVote(1046)) - 39e0f2bb-68c5-4e65-9fa8-5a2176253db9@group-B748E4499EC5: receive requestVote(ELECTION, 14685acf-49cf-4105-a1b9-55173786b628, group-B748E4499EC5, 2, (t:0, i:0))
2021-11-12 12:23:49,085 [grpc-default-executor-0] INFO  impl.VoteContext (VoteContext.java:log(48)) - 39e0f2bb-68c5-4e65-9fa8-5a2176253db9@group-B748E4499EC5-FOLLOWER: accept ELECTION from 14685acf-49cf-4105-a1b9-55173786b628: our priority 0 <= candidate's priority 0
2021-11-12 12:23:49,085 [grpc-default-executor-0] INFO  server.RaftServer$Division (RaftServerImpl.java:setRole(290)) - 39e0f2bb-68c5-4e65-9fa8-5a2176253db9@group-B748E4499EC5: changes role from  FOLLOWER to FOLLOWER at term 2 for candidate:14685acf-49cf-4105-a1b9-55173786b628
2021-11-12 12:23:49,085 [grpc-default-executor-0] INFO  impl.RoleInfo (RoleInfo.java:shutdownFollowerState(108)) - 39e0f2bb-68c5-4e65-9fa8-5a2176253db9: shutdown 39e0f2bb-68c5-4e65-9fa8-5a2176253db9@group-B748E4499EC5-FollowerState
2021-11-12 12:23:49,085 [grpc-default-executor-0] INFO  impl.RoleInfo (RoleInfo.java:updateAndGet(130)) - 39e0f2bb-68c5-4e65-9fa8-5a2176253db9: start 39e0f2bb-68c5-4e65-9fa8-5a2176253db9@group-B748E4499EC5-FollowerState
2021-11-12 12:23:49,086 [39e0f2bb-68c5-4e65-9fa8-5a2176253db9@group-B748E4499EC5-FollowerState] INFO  impl.FollowerState (FollowerState.java:run(143)) - 39e0f2bb-68c5-4e65-9fa8-5a2176253db9@group-B748E4499EC5-FollowerState was interrupted: {}
java.lang.InterruptedException: sleep interrupted
	at java.lang.Thread.sleep(Native Method)
	at java.lang.Thread.sleep(Thread.java:340)
	at java.util.concurrent.TimeUnit.sleep(TimeUnit.java:386)
	at org.apache.ratis.util.TimeDuration.sleep(TimeDuration.java:324)
	at org.apache.ratis.util.TimeDuration.sleep(TimeDuration.java:309)
	at org.apache.ratis.server.impl.FollowerState.run(FollowerState.java:118)
2021-11-12 12:23:49,088 [grpc-default-executor-0] INFO  server.RaftServer$Division (RaftServerImpl.java:requestVote(1078)) - 39e0f2bb-68c5-4e65-9fa8-5a2176253db9@group-B748E4499EC5 replies to ELECTION vote request: 14685acf-49cf-4105-a1b9-55173786b628<-39e0f2bb-68c5-4e65-9fa8-5a2176253db9#0:OK-t2. Peer's state: 39e0f2bb-68c5-4e65-9fa8-5a2176253db9@group-B748E4499EC5:t2, leader=null, voted=14685acf-49cf-4105-a1b9-55173786b628, raftlog=39e0f2bb-68c5-4e65-9fa8-5a2176253db9@group-B748E4499EC5-SegmentedRaftLog:OPENED:c-1, conf=-1: [39e0f2bb-68c5-4e65-9fa8-5a2176253db9|rpc:10.1.0.56:33975|priority:0, b1704d2c-306b-4db7-9c9e-f27a2a93c51e|rpc:10.1.0.56:36313|priority:1, 14685acf-49cf-4105-a1b9-55173786b628|rpc:10.1.0.56:43599|priority:0], old=null
2021-11-12 12:23:49,104 [grpc-default-executor-1] INFO  server.RaftServer$Division (RaftServerImpl.java:requestVote(1046)) - b1704d2c-306b-4db7-9c9e-f27a2a93c51e@group-B748E4499EC5: receive requestVote(ELECTION, 14685acf-49cf-4105-a1b9-55173786b628, group-B748E4499EC5, 2, (t:0, i:0))
2021-11-12 12:23:49,106 [grpc-default-executor-1] INFO  impl.VoteContext (VoteContext.java:log(48)) - b1704d2c-306b-4db7-9c9e-f27a2a93c51e@group-B748E4499EC5-FOLLOWER: reject ELECTION from 14685acf-49cf-4105-a1b9-55173786b628: our priority 1 > candidate's priority 0
2021-11-12 12:23:49,106 [grpc-default-executor-1] INFO  server.RaftServer$Division (RaftServerImpl.java:setRole(290)) - b1704d2c-306b-4db7-9c9e-f27a2a93c51e@group-B748E4499EC5: changes role from  FOLLOWER to FOLLOWER at term 2 for candidate:14685acf-49cf-4105-a1b9-55173786b628
2021-11-12 12:23:49,106 [grpc-default-executor-1] INFO  impl.RoleInfo (RoleInfo.java:shutdownFollowerState(108)) - b1704d2c-306b-4db7-9c9e-f27a2a93c51e: shutdown b1704d2c-306b-4db7-9c9e-f27a2a93c51e@group-B748E4499EC5-FollowerState
2021-11-12 12:23:49,106 [grpc-default-executor-1] INFO  impl.RoleInfo (RoleInfo.java:updateAndGet(130)) - b1704d2c-306b-4db7-9c9e-f27a2a93c51e: start b1704d2c-306b-4db7-9c9e-f27a2a93c51e@group-B748E4499EC5-FollowerState
2021-11-12 12:23:49,107 [b1704d2c-306b-4db7-9c9e-f27a2a93c51e@group-B748E4499EC5-FollowerState] INFO  impl.FollowerState (FollowerState.java:run(143)) - b1704d2c-306b-4db7-9c9e-f27a2a93c51e@group-B748E4499EC5-FollowerState was interrupted: {}
java.lang.InterruptedException: sleep interrupted
	at java.lang.Thread.sleep(Native Method)
	at java.lang.Thread.sleep(Thread.java:340)
	at java.util.concurrent.TimeUnit.sleep(TimeUnit.java:386)
	at org.apache.ratis.util.TimeDuration.sleep(TimeDuration.java:324)
	at org.apache.ratis.util.TimeDuration.sleep(TimeDuration.java:309)
	at org.apache.ratis.server.impl.FollowerState.run(FollowerState.java:118)
2021-11-12 12:23:49,107 [grpc-default-executor-1] INFO  server.RaftServer$Division (RaftServerImpl.java:requestVote(1078)) - b1704d2c-306b-4db7-9c9e-f27a2a93c51e@group-B748E4499EC5 replies to ELECTION vote request: 14685acf-49cf-4105-a1b9-55173786b628<-b1704d2c-306b-4db7-9c9e-f27a2a93c51e#0:FAIL-t2. Peer's state: b1704d2c-306b-4db7-9c9e-f27a2a93c51e@group-B748E4499EC5:t2, leader=null, voted=null, raftlog=b1704d2c-306b-4db7-9c9e-f27a2a93c51e@group-B748E4499EC5-SegmentedRaftLog:OPENED:c-1, conf=-1: [39e0f2bb-68c5-4e65-9fa8-5a2176253db9|rpc:10.1.0.56:33975|dataStream:|priority:0, b1704d2c-306b-4db7-9c9e-f27a2a93c51e|rpc:10.1.0.56:36313|dataStream:|priority:1, 14685acf-49cf-4105-a1b9-55173786b628|rpc:10.1.0.56:43599|dataStream:|priority:0], old=null
2021-11-12 12:23:49,127 [14685acf-49cf-4105-a1b9-55173786b628@group-B748E4499EC5-LeaderElection14] INFO  impl.LeaderElection (LeaderElection.java:logAndReturn(89)) - 14685acf-49cf-4105-a1b9-55173786b628@group-B748E4499EC5-LeaderElection14: ELECTION REJECTED received 2 response(s) and 0 exception(s):
2021-11-12 12:23:49,127 [14685acf-49cf-4105-a1b9-55173786b628@group-B748E4499EC5-LeaderElection14] INFO  impl.LeaderElection (LeaderElection.java:logAndReturn(93)) -   Response 0: 14685acf-49cf-4105-a1b9-55173786b628<-39e0f2bb-68c5-4e65-9fa8-5a2176253db9#0:OK-t2
2021-11-12 12:23:49,127 [14685acf-49cf-4105-a1b9-55173786b628@group-B748E4499EC5-LeaderElection14] INFO  impl.LeaderElection (LeaderElection.java:logAndReturn(93)) -   Response 1: 14685acf-49cf-4105-a1b9-55173786b628<-b1704d2c-306b-4db7-9c9e-f27a2a93c51e#0:FAIL-t2
2021-11-12 12:23:49,127 [14685acf-49cf-4105-a1b9-55173786b628@group-B748E4499EC5-LeaderElection14] INFO  impl.LeaderElection (LeaderElection.java:askForVotes(308)) - 14685acf-49cf-4105-a1b9-55173786b628@group-B748E4499EC5-LeaderElection14 ELECTION round 0: result REJECTED
2021-11-12 12:23:49,127 [14685acf-49cf-4105-a1b9-55173786b628@group-B748E4499EC5-LeaderElection14] INFO  server.RaftServer$Division (RaftServerImpl.java:setRole(290)) - 14685acf-49cf-4105-a1b9-55173786b628@group-B748E4499EC5: changes role from CANDIDATE to FOLLOWER at term 2 for REJECTED
2021-11-12 12:23:49,127 [14685acf-49cf-4105-a1b9-55173786b628@group-B748E4499EC5-LeaderElection14] INFO  impl.RoleInfo (RoleInfo.java:shutdownLeaderElection(121)) - 14685acf-49cf-4105-a1b9-55173786b628: shutdown 14685acf-49cf-4105-a1b9-55173786b628@group-B748E4499EC5-LeaderElection14
2021-11-12 12:23:49,127 [14685acf-49cf-4105-a1b9-55173786b628@group-B748E4499EC5-LeaderElection14] INFO  impl.RoleInfo (RoleInfo.java:updateAndGet(130)) - 14685acf-49cf-4105-a1b9-55173786b628: start 14685acf-49cf-4105-a1b9-55173786b628@group-B748E4499EC5-FollowerState
2021-11-12 12:23:49,510 [Listener at 127.0.0.1/41291] INFO  ozone.MiniOzoneClusterImpl (MiniOzoneClusterImpl.java:lambda$waitForClusterToBeReady$0(235)) - Nodes are ready. Got 3 of 3 DN Heartbeats.
2021-11-12 12:23:49,511 [Listener at 127.0.0.1/41291] INFO  ozone.MiniOzoneClusterImpl (MiniOzoneClusterImpl.java:lambda$waitForClusterToBeReady$0(238)) - Waiting for cluster to exit safe mode
2021-11-12 12:23:49,511 [Listener at 127.0.0.1/41291] INFO  ozone.MiniOzoneClusterImpl (MiniOzoneClusterImpl.java:lambda$waitForClusterToBeReady$0(240)) - SCM became leader
2021-11-12 12:23:50,512 [Listener at 127.0.0.1/41291] INFO  ozone.MiniOzoneClusterImpl (MiniOzoneClusterImpl.java:lambda$waitForClusterToBeReady$0(235)) - Nodes are ready. Got 3 of 3 DN Heartbeats.
2021-11-12 12:23:50,512 [Listener at 127.0.0.1/41291] INFO  ozone.MiniOzoneClusterImpl (MiniOzoneClusterImpl.java:lambda$waitForClusterToBeReady$0(238)) - Waiting for cluster to exit safe mode
2021-11-12 12:23:50,512 [Listener at 127.0.0.1/41291] INFO  ozone.MiniOzoneClusterImpl (MiniOzoneClusterImpl.java:lambda$waitForClusterToBeReady$0(240)) - SCM became leader
2021-11-12 12:23:51,512 [Listener at 127.0.0.1/41291] INFO  ozone.MiniOzoneClusterImpl (MiniOzoneClusterImpl.java:lambda$waitForClusterToBeReady$0(235)) - Nodes are ready. Got 3 of 3 DN Heartbeats.
2021-11-12 12:23:51,512 [Listener at 127.0.0.1/41291] INFO  ozone.MiniOzoneClusterImpl (MiniOzoneClusterImpl.java:lambda$waitForClusterToBeReady$0(238)) - Waiting for cluster to exit safe mode
2021-11-12 12:23:51,512 [Listener at 127.0.0.1/41291] INFO  ozone.MiniOzoneClusterImpl (MiniOzoneClusterImpl.java:lambda$waitForClusterToBeReady$0(240)) - SCM became leader
2021-11-12 12:23:52,513 [Listener at 127.0.0.1/41291] INFO  ozone.MiniOzoneClusterImpl (MiniOzoneClusterImpl.java:lambda$waitForClusterToBeReady$0(235)) - Nodes are ready. Got 3 of 3 DN Heartbeats.
2021-11-12 12:23:52,513 [Listener at 127.0.0.1/41291] INFO  ozone.MiniOzoneClusterImpl (MiniOzoneClusterImpl.java:lambda$waitForClusterToBeReady$0(238)) - Waiting for cluster to exit safe mode
2021-11-12 12:23:52,513 [Listener at 127.0.0.1/41291] INFO  ozone.MiniOzoneClusterImpl (MiniOzoneClusterImpl.java:lambda$waitForClusterToBeReady$0(240)) - SCM became leader
2021-11-12 12:23:53,513 [Listener at 127.0.0.1/41291] INFO  ozone.MiniOzoneClusterImpl (MiniOzoneClusterImpl.java:lambda$waitForClusterToBeReady$0(235)) - Nodes are ready. Got 3 of 3 DN Heartbeats.
2021-11-12 12:23:53,513 [Listener at 127.0.0.1/41291] INFO  ozone.MiniOzoneClusterImpl (MiniOzoneClusterImpl.java:lambda$waitForClusterToBeReady$0(238)) - Waiting for cluster to exit safe mode
2021-11-12 12:23:53,513 [Listener at 127.0.0.1/41291] INFO  ozone.MiniOzoneClusterImpl (MiniOzoneClusterImpl.java:lambda$waitForClusterToBeReady$0(240)) - SCM became leader
2021-11-12 12:23:54,197 [39e0f2bb-68c5-4e65-9fa8-5a2176253db9@group-B748E4499EC5-FollowerState] INFO  impl.FollowerState (FollowerState.java:run(134)) - 39e0f2bb-68c5-4e65-9fa8-5a2176253db9@group-B748E4499EC5-FollowerState: change to CANDIDATE, lastRpcElapsedTime:5109313223ns, electionTimeout:5096ms
2021-11-12 12:23:54,197 [39e0f2bb-68c5-4e65-9fa8-5a2176253db9@group-B748E4499EC5-FollowerState] INFO  impl.RoleInfo (RoleInfo.java:shutdownFollowerState(108)) - 39e0f2bb-68c5-4e65-9fa8-5a2176253db9: shutdown 39e0f2bb-68c5-4e65-9fa8-5a2176253db9@group-B748E4499EC5-FollowerState
2021-11-12 12:23:54,197 [39e0f2bb-68c5-4e65-9fa8-5a2176253db9@group-B748E4499EC5-FollowerState] INFO  server.RaftServer$Division (RaftServerImpl.java:setRole(290)) - 39e0f2bb-68c5-4e65-9fa8-5a2176253db9@group-B748E4499EC5: changes role from  FOLLOWER to CANDIDATE at term 2 for changeToCandidate
2021-11-12 12:23:54,198 [39e0f2bb-68c5-4e65-9fa8-5a2176253db9@group-B748E4499EC5-FollowerState] INFO  server.RaftServerConfigKeys (ConfUtils.java:logGet(44)) - raft.server.leaderelection.pre-vote = false (custom)
2021-11-12 12:23:54,198 [39e0f2bb-68c5-4e65-9fa8-5a2176253db9@group-B748E4499EC5-FollowerState] INFO  impl.RoleInfo (RoleInfo.java:updateAndGet(130)) - 39e0f2bb-68c5-4e65-9fa8-5a2176253db9: start 39e0f2bb-68c5-4e65-9fa8-5a2176253db9@group-B748E4499EC5-LeaderElection15
2021-11-12 12:23:54,198 [14685acf-49cf-4105-a1b9-55173786b628@group-B748E4499EC5-FollowerState] INFO  impl.FollowerState (FollowerState.java:run(134)) - 14685acf-49cf-4105-a1b9-55173786b628@group-B748E4499EC5-FollowerState: change to CANDIDATE, lastRpcElapsedTime:5071008717ns, electionTimeout:5048ms
2021-11-12 12:23:54,198 [14685acf-49cf-4105-a1b9-55173786b628@group-B748E4499EC5-FollowerState] INFO  impl.RoleInfo (RoleInfo.java:shutdownFollowerState(108)) - 14685acf-49cf-4105-a1b9-55173786b628: shutdown 14685acf-49cf-4105-a1b9-55173786b628@group-B748E4499EC5-FollowerState
2021-11-12 12:23:54,198 [14685acf-49cf-4105-a1b9-55173786b628@group-B748E4499EC5-FollowerState] INFO  server.RaftServer$Division (RaftServerImpl.java:setRole(290)) - 14685acf-49cf-4105-a1b9-55173786b628@group-B748E4499EC5: changes role from  FOLLOWER to CANDIDATE at term 2 for changeToCandidate
2021-11-12 12:23:54,202 [14685acf-49cf-4105-a1b9-55173786b628@group-B748E4499EC5-FollowerState] INFO  server.RaftServerConfigKeys (ConfUtils.java:logGet(44)) - raft.server.leaderelection.pre-vote = false (custom)
2021-11-12 12:23:54,203 [14685acf-49cf-4105-a1b9-55173786b628@group-B748E4499EC5-FollowerState] INFO  impl.RoleInfo (RoleInfo.java:updateAndGet(130)) - 14685acf-49cf-4105-a1b9-55173786b628: start 14685acf-49cf-4105-a1b9-55173786b628@group-B748E4499EC5-LeaderElection16
2021-11-12 12:23:54,212 [39e0f2bb-68c5-4e65-9fa8-5a2176253db9@group-B748E4499EC5-LeaderElection15] INFO  impl.LeaderElection (LeaderElection.java:askForVotes(306)) - 39e0f2bb-68c5-4e65-9fa8-5a2176253db9@group-B748E4499EC5-LeaderElection15 ELECTION round 0: submit vote requests at term 3 for -1: [39e0f2bb-68c5-4e65-9fa8-5a2176253db9|rpc:10.1.0.56:33975|priority:0, b1704d2c-306b-4db7-9c9e-f27a2a93c51e|rpc:10.1.0.56:36313|priority:1, 14685acf-49cf-4105-a1b9-55173786b628|rpc:10.1.0.56:43599|priority:0], old=null
2021-11-12 12:23:54,213 [14685acf-49cf-4105-a1b9-55173786b628@group-B748E4499EC5-LeaderElection16] INFO  impl.LeaderElection (LeaderElection.java:askForVotes(306)) - 14685acf-49cf-4105-a1b9-55173786b628@group-B748E4499EC5-LeaderElection16 ELECTION round 0: submit vote requests at term 3 for -1: [39e0f2bb-68c5-4e65-9fa8-5a2176253db9|rpc:10.1.0.56:33975|dataStream:|priority:0, b1704d2c-306b-4db7-9c9e-f27a2a93c51e|rpc:10.1.0.56:36313|dataStream:|priority:1, 14685acf-49cf-4105-a1b9-55173786b628|rpc:10.1.0.56:43599|dataStream:|priority:0], old=null
2021-11-12 12:23:54,230 [grpc-default-executor-1] INFO  server.RaftServer$Division (RaftServerImpl.java:requestVote(1046)) - b1704d2c-306b-4db7-9c9e-f27a2a93c51e@group-B748E4499EC5: receive requestVote(ELECTION, 39e0f2bb-68c5-4e65-9fa8-5a2176253db9, group-B748E4499EC5, 3, (t:0, i:0))
2021-11-12 12:23:54,230 [grpc-default-executor-1] INFO  impl.VoteContext (VoteContext.java:log(48)) - b1704d2c-306b-4db7-9c9e-f27a2a93c51e@group-B748E4499EC5-FOLLOWER: reject ELECTION from 39e0f2bb-68c5-4e65-9fa8-5a2176253db9: our priority 1 > candidate's priority 0
2021-11-12 12:23:54,230 [grpc-default-executor-1] INFO  server.RaftServer$Division (RaftServerImpl.java:setRole(290)) - b1704d2c-306b-4db7-9c9e-f27a2a93c51e@group-B748E4499EC5: changes role from  FOLLOWER to FOLLOWER at term 3 for candidate:39e0f2bb-68c5-4e65-9fa8-5a2176253db9
2021-11-12 12:23:54,231 [grpc-default-executor-1] INFO  impl.RoleInfo (RoleInfo.java:shutdownFollowerState(108)) - b1704d2c-306b-4db7-9c9e-f27a2a93c51e: shutdown b1704d2c-306b-4db7-9c9e-f27a2a93c51e@group-B748E4499EC5-FollowerState
2021-11-12 12:23:54,240 [grpc-default-executor-1] INFO  impl.RoleInfo (RoleInfo.java:updateAndGet(130)) - b1704d2c-306b-4db7-9c9e-f27a2a93c51e: start b1704d2c-306b-4db7-9c9e-f27a2a93c51e@group-B748E4499EC5-FollowerState
2021-11-12 12:23:54,240 [grpc-default-executor-0] INFO  server.RaftServer$Division (RaftServerImpl.java:requestVote(1046)) - 14685acf-49cf-4105-a1b9-55173786b628@group-B748E4499EC5: receive requestVote(ELECTION, 39e0f2bb-68c5-4e65-9fa8-5a2176253db9, group-B748E4499EC5, 3, (t:0, i:0))
2021-11-12 12:23:54,254 [grpc-default-executor-0] INFO  impl.VoteContext (VoteContext.java:log(48)) - 14685acf-49cf-4105-a1b9-55173786b628@group-B748E4499EC5-CANDIDATE: reject ELECTION from 39e0f2bb-68c5-4e65-9fa8-5a2176253db9: already has voted for 14685acf-49cf-4105-a1b9-55173786b628 at current term 3
2021-11-12 12:23:54,255 [grpc-default-executor-0] INFO  server.RaftServer$Division (RaftServerImpl.java:requestVote(1078)) - 14685acf-49cf-4105-a1b9-55173786b628@group-B748E4499EC5 replies to ELECTION vote request: 39e0f2bb-68c5-4e65-9fa8-5a2176253db9<-14685acf-49cf-4105-a1b9-55173786b628#0:FAIL-t3. Peer's state: 14685acf-49cf-4105-a1b9-55173786b628@group-B748E4499EC5:t3, leader=null, voted=14685acf-49cf-4105-a1b9-55173786b628, raftlog=14685acf-49cf-4105-a1b9-55173786b628@group-B748E4499EC5-SegmentedRaftLog:OPENED:c-1, conf=-1: [39e0f2bb-68c5-4e65-9fa8-5a2176253db9|rpc:10.1.0.56:33975|dataStream:|priority:0, b1704d2c-306b-4db7-9c9e-f27a2a93c51e|rpc:10.1.0.56:36313|dataStream:|priority:1, 14685acf-49cf-4105-a1b9-55173786b628|rpc:10.1.0.56:43599|dataStream:|priority:0], old=null
2021-11-12 12:23:54,240 [b1704d2c-306b-4db7-9c9e-f27a2a93c51e@group-B748E4499EC5-FollowerState] INFO  impl.FollowerState (FollowerState.java:run(143)) - b1704d2c-306b-4db7-9c9e-f27a2a93c51e@group-B748E4499EC5-FollowerState was interrupted: {}
java.lang.InterruptedException: sleep interrupted
	at java.lang.Thread.sleep(Native Method)
	at java.lang.Thread.sleep(Thread.java:340)
	at java.util.concurrent.TimeUnit.sleep(TimeUnit.java:386)
	at org.apache.ratis.util.TimeDuration.sleep(TimeDuration.java:324)
	at org.apache.ratis.util.TimeDuration.sleep(TimeDuration.java:309)
	at org.apache.ratis.server.impl.FollowerState.run(FollowerState.java:118)
2021-11-12 12:23:54,259 [grpc-default-executor-1] INFO  server.RaftServer$Division (RaftServerImpl.java:requestVote(1078)) - b1704d2c-306b-4db7-9c9e-f27a2a93c51e@group-B748E4499EC5 replies to ELECTION vote request: 39e0f2bb-68c5-4e65-9fa8-5a2176253db9<-b1704d2c-306b-4db7-9c9e-f27a2a93c51e#0:FAIL-t3. Peer's state: b1704d2c-306b-4db7-9c9e-f27a2a93c51e@group-B748E4499EC5:t3, leader=null, voted=null, raftlog=b1704d2c-306b-4db7-9c9e-f27a2a93c51e@group-B748E4499EC5-SegmentedRaftLog:OPENED:c-1, conf=-1: [39e0f2bb-68c5-4e65-9fa8-5a2176253db9|rpc:10.1.0.56:33975|dataStream:|priority:0, b1704d2c-306b-4db7-9c9e-f27a2a93c51e|rpc:10.1.0.56:36313|dataStream:|priority:1, 14685acf-49cf-4105-a1b9-55173786b628|rpc:10.1.0.56:43599|dataStream:|priority:0], old=null
2021-11-12 12:23:54,272 [39e0f2bb-68c5-4e65-9fa8-5a2176253db9@group-B748E4499EC5-LeaderElection15] INFO  impl.LeaderElection (LeaderElection.java:logAndReturn(89)) - 39e0f2bb-68c5-4e65-9fa8-5a2176253db9@group-B748E4499EC5-LeaderElection15: ELECTION REJECTED received 2 response(s) and 0 exception(s):
2021-11-12 12:23:54,272 [39e0f2bb-68c5-4e65-9fa8-5a2176253db9@group-B748E4499EC5-LeaderElection15] INFO  impl.LeaderElection (LeaderElection.java:logAndReturn(93)) -   Response 0: 39e0f2bb-68c5-4e65-9fa8-5a2176253db9<-b1704d2c-306b-4db7-9c9e-f27a2a93c51e#0:FAIL-t3
2021-11-12 12:23:54,272 [39e0f2bb-68c5-4e65-9fa8-5a2176253db9@group-B748E4499EC5-LeaderElection15] INFO  impl.LeaderElection (LeaderElection.java:logAndReturn(93)) -   Response 1: 39e0f2bb-68c5-4e65-9fa8-5a2176253db9<-14685acf-49cf-4105-a1b9-55173786b628#0:FAIL-t3
2021-11-12 12:23:54,272 [39e0f2bb-68c5-4e65-9fa8-5a2176253db9@group-B748E4499EC5-LeaderElection15] INFO  impl.LeaderElection (LeaderElection.java:askForVotes(308)) - 39e0f2bb-68c5-4e65-9fa8-5a2176253db9@group-B748E4499EC5-LeaderElection15 ELECTION round 0: result REJECTED
2021-11-12 12:23:54,272 [39e0f2bb-68c5-4e65-9fa8-5a2176253db9@group-B748E4499EC5-LeaderElection15] INFO  server.RaftServer$Division (RaftServerImpl.java:setRole(290)) - 39e0f2bb-68c5-4e65-9fa8-5a2176253db9@group-B748E4499EC5: changes role from CANDIDATE to FOLLOWER at term 3 for REJECTED
2021-11-12 12:23:54,272 [39e0f2bb-68c5-4e65-9fa8-5a2176253db9@group-B748E4499EC5-LeaderElection15] INFO  impl.RoleInfo (RoleInfo.java:shutdownLeaderElection(121)) - 39e0f2bb-68c5-4e65-9fa8-5a2176253db9: shutdown 39e0f2bb-68c5-4e65-9fa8-5a2176253db9@group-B748E4499EC5-LeaderElection15
2021-11-12 12:23:54,272 [39e0f2bb-68c5-4e65-9fa8-5a2176253db9@group-B748E4499EC5-LeaderElection15] INFO  impl.RoleInfo (RoleInfo.java:updateAndGet(130)) - 39e0f2bb-68c5-4e65-9fa8-5a2176253db9: start 39e0f2bb-68c5-4e65-9fa8-5a2176253db9@group-B748E4499EC5-FollowerState
2021-11-12 12:23:54,281 [grpc-default-executor-2] INFO  server.RaftServer$Division (RaftServerImpl.java:requestVote(1046)) - 39e0f2bb-68c5-4e65-9fa8-5a2176253db9@group-B748E4499EC5: receive requestVote(ELECTION, 14685acf-49cf-4105-a1b9-55173786b628, group-B748E4499EC5, 3, (t:0, i:0))
2021-11-12 12:23:54,281 [grpc-default-executor-2] INFO  impl.VoteContext (VoteContext.java:log(48)) - 39e0f2bb-68c5-4e65-9fa8-5a2176253db9@group-B748E4499EC5-FOLLOWER: reject ELECTION from 14685acf-49cf-4105-a1b9-55173786b628: already has voted for 39e0f2bb-68c5-4e65-9fa8-5a2176253db9 at current term 3
2021-11-12 12:23:54,281 [grpc-default-executor-2] INFO  server.RaftServer$Division (RaftServerImpl.java:requestVote(1078)) - 39e0f2bb-68c5-4e65-9fa8-5a2176253db9@group-B748E4499EC5 replies to ELECTION vote request: 14685acf-49cf-4105-a1b9-55173786b628<-39e0f2bb-68c5-4e65-9fa8-5a2176253db9#0:FAIL-t3. Peer's state: 39e0f2bb-68c5-4e65-9fa8-5a2176253db9@group-B748E4499EC5:t3, leader=null, voted=39e0f2bb-68c5-4e65-9fa8-5a2176253db9, raftlog=39e0f2bb-68c5-4e65-9fa8-5a2176253db9@group-B748E4499EC5-SegmentedRaftLog:OPENED:c-1, conf=-1: [39e0f2bb-68c5-4e65-9fa8-5a2176253db9|rpc:10.1.0.56:33975|priority:0, b1704d2c-306b-4db7-9c9e-f27a2a93c51e|rpc:10.1.0.56:36313|priority:1, 14685acf-49cf-4105-a1b9-55173786b628|rpc:10.1.0.56:43599|priority:0], old=null
2021-11-12 12:23:54,289 [grpc-default-executor-3] INFO  server.RaftServer$Division (RaftServerImpl.java:requestVote(1046)) - b1704d2c-306b-4db7-9c9e-f27a2a93c51e@group-B748E4499EC5: receive requestVote(ELECTION, 14685acf-49cf-4105-a1b9-55173786b628, group-B748E4499EC5, 3, (t:0, i:0))
2021-11-12 12:23:54,290 [grpc-default-executor-3] INFO  impl.VoteContext (VoteContext.java:log(48)) - b1704d2c-306b-4db7-9c9e-f27a2a93c51e@group-B748E4499EC5-FOLLOWER: reject ELECTION from 14685acf-49cf-4105-a1b9-55173786b628: our priority 1 > candidate's priority 0
2021-11-12 12:23:54,290 [grpc-default-executor-3] INFO  server.RaftServer$Division (RaftServerImpl.java:setRole(290)) - b1704d2c-306b-4db7-9c9e-f27a2a93c51e@group-B748E4499EC5: changes role from  FOLLOWER to FOLLOWER at term 3 for candidate:14685acf-49cf-4105-a1b9-55173786b628
2021-11-12 12:23:54,290 [grpc-default-executor-3] INFO  impl.RoleInfo (RoleInfo.java:shutdownFollowerState(108)) - b1704d2c-306b-4db7-9c9e-f27a2a93c51e: shutdown b1704d2c-306b-4db7-9c9e-f27a2a93c51e@group-B748E4499EC5-FollowerState
2021-11-12 12:23:54,290 [b1704d2c-306b-4db7-9c9e-f27a2a93c51e@group-B748E4499EC5-FollowerState] INFO  impl.FollowerState (FollowerState.java:run(143)) - b1704d2c-306b-4db7-9c9e-f27a2a93c51e@group-B748E4499EC5-FollowerState was interrupted: {}
java.lang.InterruptedException: sleep interrupted
	at java.lang.Thread.sleep(Native Method)
	at java.lang.Thread.sleep(Thread.java:340)
	at java.util.concurrent.TimeUnit.sleep(TimeUnit.java:386)
	at org.apache.ratis.util.TimeDuration.sleep(TimeDuration.java:324)
	at org.apache.ratis.util.TimeDuration.sleep(TimeDuration.java:309)
	at org.apache.ratis.server.impl.FollowerState.run(FollowerState.java:118)
2021-11-12 12:23:54,290 [grpc-default-executor-3] INFO  impl.RoleInfo (RoleInfo.java:updateAndGet(130)) - b1704d2c-306b-4db7-9c9e-f27a2a93c51e: start b1704d2c-306b-4db7-9c9e-f27a2a93c51e@group-B748E4499EC5-FollowerState
2021-11-12 12:23:54,297 [grpc-default-executor-3] INFO  server.RaftServer$Division (RaftServerImpl.java:requestVote(1078)) - b1704d2c-306b-4db7-9c9e-f27a2a93c51e@group-B748E4499EC5 replies to ELECTION vote request: 14685acf-49cf-4105-a1b9-55173786b628<-b1704d2c-306b-4db7-9c9e-f27a2a93c51e#0:FAIL-t3. Peer's state: b1704d2c-306b-4db7-9c9e-f27a2a93c51e@group-B748E4499EC5:t3, leader=null, voted=null, raftlog=b1704d2c-306b-4db7-9c9e-f27a2a93c51e@group-B748E4499EC5-SegmentedRaftLog:OPENED:c-1, conf=-1: [39e0f2bb-68c5-4e65-9fa8-5a2176253db9|rpc:10.1.0.56:33975|dataStream:|priority:0, b1704d2c-306b-4db7-9c9e-f27a2a93c51e|rpc:10.1.0.56:36313|dataStream:|priority:1, 14685acf-49cf-4105-a1b9-55173786b628|rpc:10.1.0.56:43599|dataStream:|priority:0], old=null
2021-11-12 12:23:54,308 [14685acf-49cf-4105-a1b9-55173786b628@group-B748E4499EC5-LeaderElection16] INFO  impl.LeaderElection (LeaderElection.java:logAndReturn(89)) - 14685acf-49cf-4105-a1b9-55173786b628@group-B748E4499EC5-LeaderElection16: ELECTION REJECTED received 2 response(s) and 0 exception(s):
2021-11-12 12:23:54,308 [14685acf-49cf-4105-a1b9-55173786b628@group-B748E4499EC5-LeaderElection16] INFO  impl.LeaderElection (LeaderElection.java:logAndReturn(93)) -   Response 0: 14685acf-49cf-4105-a1b9-55173786b628<-39e0f2bb-68c5-4e65-9fa8-5a2176253db9#0:FAIL-t3
2021-11-12 12:23:54,308 [14685acf-49cf-4105-a1b9-55173786b628@group-B748E4499EC5-LeaderElection16] INFO  impl.LeaderElection (LeaderElection.java:logAndReturn(93)) -   Response 1: 14685acf-49cf-4105-a1b9-55173786b628<-b1704d2c-306b-4db7-9c9e-f27a2a93c51e#0:FAIL-t3
2021-11-12 12:23:54,308 [14685acf-49cf-4105-a1b9-55173786b628@group-B748E4499EC5-LeaderElection16] INFO  impl.LeaderElection (LeaderElection.java:askForVotes(308)) - 14685acf-49cf-4105-a1b9-55173786b628@group-B748E4499EC5-LeaderElection16 ELECTION round 0: result REJECTED
2021-11-12 12:23:54,308 [14685acf-49cf-4105-a1b9-55173786b628@group-B748E4499EC5-LeaderElection16] INFO  server.RaftServer$Division (RaftServerImpl.java:setRole(290)) - 14685acf-49cf-4105-a1b9-55173786b628@group-B748E4499EC5: changes role from CANDIDATE to FOLLOWER at term 3 for REJECTED
2021-11-12 12:23:54,308 [14685acf-49cf-4105-a1b9-55173786b628@group-B748E4499EC5-LeaderElection16] INFO  impl.RoleInfo (RoleInfo.java:shutdownLeaderElection(121)) - 14685acf-49cf-4105-a1b9-55173786b628: shutdown 14685acf-49cf-4105-a1b9-55173786b628@group-B748E4499EC5-LeaderElection16
2021-11-12 12:23:54,308 [14685acf-49cf-4105-a1b9-55173786b628@group-B748E4499EC5-LeaderElection16] INFO  impl.RoleInfo (RoleInfo.java:updateAndGet(130)) - 14685acf-49cf-4105-a1b9-55173786b628: start 14685acf-49cf-4105-a1b9-55173786b628@group-B748E4499EC5-FollowerState
2021-11-12 12:23:54,514 [Listener at 127.0.0.1/41291] INFO  ozone.MiniOzoneClusterImpl (MiniOzoneClusterImpl.java:lambda$waitForClusterToBeReady$0(235)) - Nodes are ready. Got 3 of 3 DN Heartbeats.
2021-11-12 12:23:54,515 [Listener at 127.0.0.1/41291] INFO  ozone.MiniOzoneClusterImpl (MiniOzoneClusterImpl.java:lambda$waitForClusterToBeReady$0(238)) - Waiting for cluster to exit safe mode
2021-11-12 12:23:54,515 [Listener at 127.0.0.1/41291] INFO  ozone.MiniOzoneClusterImpl (MiniOzoneClusterImpl.java:lambda$waitForClusterToBeReady$0(240)) - SCM became leader
2021-11-12 12:23:55,516 [Listener at 127.0.0.1/41291] INFO  ozone.MiniOzoneClusterImpl (MiniOzoneClusterImpl.java:lambda$waitForClusterToBeReady$0(235)) - Nodes are ready. Got 3 of 3 DN Heartbeats.
2021-11-12 12:23:55,516 [Listener at 127.0.0.1/41291] INFO  ozone.MiniOzoneClusterImpl (MiniOzoneClusterImpl.java:lambda$waitForClusterToBeReady$0(238)) - Waiting for cluster to exit safe mode
2021-11-12 12:23:55,516 [Listener at 127.0.0.1/41291] INFO  ozone.MiniOzoneClusterImpl (MiniOzoneClusterImpl.java:lambda$waitForClusterToBeReady$0(240)) - SCM became leader
2021-11-12 12:23:56,516 [Listener at 127.0.0.1/41291] INFO  ozone.MiniOzoneClusterImpl (MiniOzoneClusterImpl.java:lambda$waitForClusterToBeReady$0(235)) - Nodes are ready. Got 3 of 3 DN Heartbeats.
2021-11-12 12:23:56,516 [Listener at 127.0.0.1/41291] INFO  ozone.MiniOzoneClusterImpl (MiniOzoneClusterImpl.java:lambda$waitForClusterToBeReady$0(238)) - Waiting for cluster to exit safe mode
2021-11-12 12:23:56,517 [Listener at 127.0.0.1/41291] INFO  ozone.MiniOzoneClusterImpl (MiniOzoneClusterImpl.java:lambda$waitForClusterToBeReady$0(240)) - SCM became leader
2021-11-12 12:23:57,517 [Listener at 127.0.0.1/41291] INFO  ozone.MiniOzoneClusterImpl (MiniOzoneClusterImpl.java:lambda$waitForClusterToBeReady$0(235)) - Nodes are ready. Got 3 of 3 DN Heartbeats.
2021-11-12 12:23:57,517 [Listener at 127.0.0.1/41291] INFO  ozone.MiniOzoneClusterImpl (MiniOzoneClusterImpl.java:lambda$waitForClusterToBeReady$0(238)) - Waiting for cluster to exit safe mode
2021-11-12 12:23:57,517 [Listener at 127.0.0.1/41291] INFO  ozone.MiniOzoneClusterImpl (MiniOzoneClusterImpl.java:lambda$waitForClusterToBeReady$0(240)) - SCM became leader
2021-11-12 12:23:58,517 [Listener at 127.0.0.1/41291] INFO  ozone.MiniOzoneClusterImpl (MiniOzoneClusterImpl.java:lambda$waitForClusterToBeReady$0(235)) - Nodes are ready. Got 3 of 3 DN Heartbeats.
2021-11-12 12:23:58,518 [Listener at 127.0.0.1/41291] INFO  ozone.MiniOzoneClusterImpl (MiniOzoneClusterImpl.java:lambda$waitForClusterToBeReady$0(238)) - Waiting for cluster to exit safe mode
2021-11-12 12:23:58,518 [Listener at 127.0.0.1/41291] INFO  ozone.MiniOzoneClusterImpl (MiniOzoneClusterImpl.java:lambda$waitForClusterToBeReady$0(240)) - SCM became leader
2021-11-12 12:23:59,294 [39e0f2bb-68c5-4e65-9fa8-5a2176253db9@group-B748E4499EC5-FollowerState] INFO  impl.FollowerState (FollowerState.java:run(134)) - 39e0f2bb-68c5-4e65-9fa8-5a2176253db9@group-B748E4499EC5-FollowerState: change to CANDIDATE, lastRpcElapsedTime:5021827973ns, electionTimeout:5003ms
2021-11-12 12:23:59,294 [39e0f2bb-68c5-4e65-9fa8-5a2176253db9@group-B748E4499EC5-FollowerState] INFO  impl.RoleInfo (RoleInfo.java:shutdownFollowerState(108)) - 39e0f2bb-68c5-4e65-9fa8-5a2176253db9: shutdown 39e0f2bb-68c5-4e65-9fa8-5a2176253db9@group-B748E4499EC5-FollowerState
2021-11-12 12:23:59,294 [39e0f2bb-68c5-4e65-9fa8-5a2176253db9@group-B748E4499EC5-FollowerState] INFO  server.RaftServer$Division (RaftServerImpl.java:setRole(290)) - 39e0f2bb-68c5-4e65-9fa8-5a2176253db9@group-B748E4499EC5: changes role from  FOLLOWER to CANDIDATE at term 3 for changeToCandidate
2021-11-12 12:23:59,295 [39e0f2bb-68c5-4e65-9fa8-5a2176253db9@group-B748E4499EC5-FollowerState] INFO  server.RaftServerConfigKeys (ConfUtils.java:logGet(44)) - raft.server.leaderelection.pre-vote = false (custom)
2021-11-12 12:23:59,295 [39e0f2bb-68c5-4e65-9fa8-5a2176253db9@group-B748E4499EC5-FollowerState] INFO  impl.RoleInfo (RoleInfo.java:updateAndGet(130)) - 39e0f2bb-68c5-4e65-9fa8-5a2176253db9: start 39e0f2bb-68c5-4e65-9fa8-5a2176253db9@group-B748E4499EC5-LeaderElection17
2021-11-12 12:23:59,311 [39e0f2bb-68c5-4e65-9fa8-5a2176253db9@group-B748E4499EC5-LeaderElection17] INFO  impl.LeaderElection (LeaderElection.java:askForVotes(306)) - 39e0f2bb-68c5-4e65-9fa8-5a2176253db9@group-B748E4499EC5-LeaderElection17 ELECTION round 0: submit vote requests at term 4 for -1: [39e0f2bb-68c5-4e65-9fa8-5a2176253db9|rpc:10.1.0.56:33975|priority:0, b1704d2c-306b-4db7-9c9e-f27a2a93c51e|rpc:10.1.0.56:36313|priority:1, 14685acf-49cf-4105-a1b9-55173786b628|rpc:10.1.0.56:43599|priority:0], old=null
2021-11-12 12:23:59,332 [grpc-default-executor-3] INFO  server.RaftServer$Division (RaftServerImpl.java:requestVote(1046)) - b1704d2c-306b-4db7-9c9e-f27a2a93c51e@group-B748E4499EC5: receive requestVote(ELECTION, 39e0f2bb-68c5-4e65-9fa8-5a2176253db9, group-B748E4499EC5, 4, (t:0, i:0))
2021-11-12 12:23:59,332 [grpc-default-executor-3] INFO  impl.VoteContext (VoteContext.java:log(48)) - b1704d2c-306b-4db7-9c9e-f27a2a93c51e@group-B748E4499EC5-FOLLOWER: reject ELECTION from 39e0f2bb-68c5-4e65-9fa8-5a2176253db9: our priority 1 > candidate's priority 0
2021-11-12 12:23:59,332 [grpc-default-executor-3] INFO  server.RaftServer$Division (RaftServerImpl.java:setRole(290)) - b1704d2c-306b-4db7-9c9e-f27a2a93c51e@group-B748E4499EC5: changes role from  FOLLOWER to FOLLOWER at term 4 for candidate:39e0f2bb-68c5-4e65-9fa8-5a2176253db9
2021-11-12 12:23:59,332 [grpc-default-executor-3] INFO  impl.RoleInfo (RoleInfo.java:shutdownFollowerState(108)) - b1704d2c-306b-4db7-9c9e-f27a2a93c51e: shutdown b1704d2c-306b-4db7-9c9e-f27a2a93c51e@group-B748E4499EC5-FollowerState
2021-11-12 12:23:59,332 [grpc-default-executor-3] INFO  impl.RoleInfo (RoleInfo.java:updateAndGet(130)) - b1704d2c-306b-4db7-9c9e-f27a2a93c51e: start b1704d2c-306b-4db7-9c9e-f27a2a93c51e@group-B748E4499EC5-FollowerState
2021-11-12 12:23:59,332 [b1704d2c-306b-4db7-9c9e-f27a2a93c51e@group-B748E4499EC5-FollowerState] INFO  impl.FollowerState (FollowerState.java:run(143)) - b1704d2c-306b-4db7-9c9e-f27a2a93c51e@group-B748E4499EC5-FollowerState was interrupted: {}
java.lang.InterruptedException: sleep interrupted
	at java.lang.Thread.sleep(Native Method)
	at java.lang.Thread.sleep(Thread.java:340)
	at java.util.concurrent.TimeUnit.sleep(TimeUnit.java:386)
	at org.apache.ratis.util.TimeDuration.sleep(TimeDuration.java:324)
	at org.apache.ratis.util.TimeDuration.sleep(TimeDuration.java:309)
	at org.apache.ratis.server.impl.FollowerState.run(FollowerState.java:118)
2021-11-12 12:23:59,335 [grpc-default-executor-3] INFO  server.RaftServer$Division (RaftServerImpl.java:requestVote(1078)) - b1704d2c-306b-4db7-9c9e-f27a2a93c51e@group-B748E4499EC5 replies to ELECTION vote request: 39e0f2bb-68c5-4e65-9fa8-5a2176253db9<-b1704d2c-306b-4db7-9c9e-f27a2a93c51e#0:FAIL-t4. Peer's state: b1704d2c-306b-4db7-9c9e-f27a2a93c51e@group-B748E4499EC5:t4, leader=null, voted=null, raftlog=b1704d2c-306b-4db7-9c9e-f27a2a93c51e@group-B748E4499EC5-SegmentedRaftLog:OPENED:c-1, conf=-1: [39e0f2bb-68c5-4e65-9fa8-5a2176253db9|rpc:10.1.0.56:33975|dataStream:|priority:0, b1704d2c-306b-4db7-9c9e-f27a2a93c51e|rpc:10.1.0.56:36313|dataStream:|priority:1, 14685acf-49cf-4105-a1b9-55173786b628|rpc:10.1.0.56:43599|dataStream:|priority:0], old=null
2021-11-12 12:23:59,338 [39e0f2bb-68c5-4e65-9fa8-5a2176253db9@group-B748E4499EC5-LeaderElection17] INFO  impl.LeaderElection (LeaderElection.java:logAndReturn(89)) - 39e0f2bb-68c5-4e65-9fa8-5a2176253db9@group-B748E4499EC5-LeaderElection17: ELECTION REJECTED received 1 response(s) and 0 exception(s):
2021-11-12 12:23:59,338 [39e0f2bb-68c5-4e65-9fa8-5a2176253db9@group-B748E4499EC5-LeaderElection17] INFO  impl.LeaderElection (LeaderElection.java:logAndReturn(93)) -   Response 0: 39e0f2bb-68c5-4e65-9fa8-5a2176253db9<-b1704d2c-306b-4db7-9c9e-f27a2a93c51e#0:FAIL-t4
2021-11-12 12:23:59,338 [39e0f2bb-68c5-4e65-9fa8-5a2176253db9@group-B748E4499EC5-LeaderElection17] INFO  impl.LeaderElection (LeaderElection.java:askForVotes(308)) - 39e0f2bb-68c5-4e65-9fa8-5a2176253db9@group-B748E4499EC5-LeaderElection17 ELECTION round 0: result REJECTED
2021-11-12 12:23:59,338 [39e0f2bb-68c5-4e65-9fa8-5a2176253db9@group-B748E4499EC5-LeaderElection17] INFO  server.RaftServer$Division (RaftServerImpl.java:setRole(290)) - 39e0f2bb-68c5-4e65-9fa8-5a2176253db9@group-B748E4499EC5: changes role from CANDIDATE to FOLLOWER at term 4 for REJECTED
2021-11-12 12:23:59,338 [39e0f2bb-68c5-4e65-9fa8-5a2176253db9@group-B748E4499EC5-LeaderElection17] INFO  impl.RoleInfo (RoleInfo.java:shutdownLeaderElection(121)) - 39e0f2bb-68c5-4e65-9fa8-5a2176253db9: shutdown 39e0f2bb-68c5-4e65-9fa8-5a2176253db9@group-B748E4499EC5-LeaderElection17
2021-11-12 12:23:59,338 [39e0f2bb-68c5-4e65-9fa8-5a2176253db9@group-B748E4499EC5-LeaderElection17] INFO  impl.RoleInfo (RoleInfo.java:updateAndGet(130)) - 39e0f2bb-68c5-4e65-9fa8-5a2176253db9: start 39e0f2bb-68c5-4e65-9fa8-5a2176253db9@group-B748E4499EC5-FollowerState
2021-11-12 12:23:59,361 [grpc-default-executor-3] INFO  server.RaftServer$Division (RaftServerImpl.java:requestVote(1046)) - 14685acf-49cf-4105-a1b9-55173786b628@group-B748E4499EC5: receive requestVote(ELECTION, 39e0f2bb-68c5-4e65-9fa8-5a2176253db9, group-B748E4499EC5, 4, (t:0, i:0))
2021-11-12 12:23:59,361 [grpc-default-executor-3] INFO  impl.VoteContext (VoteContext.java:log(48)) - 14685acf-49cf-4105-a1b9-55173786b628@group-B748E4499EC5-FOLLOWER: accept ELECTION from 39e0f2bb-68c5-4e65-9fa8-5a2176253db9: our priority 0 <= candidate's priority 0
2021-11-12 12:23:59,362 [grpc-default-executor-3] INFO  server.RaftServer$Division (RaftServerImpl.java:setRole(290)) - 14685acf-49cf-4105-a1b9-55173786b628@group-B748E4499EC5: changes role from  FOLLOWER to FOLLOWER at term 4 for candidate:39e0f2bb-68c5-4e65-9fa8-5a2176253db9
2021-11-12 12:23:59,362 [grpc-default-executor-3] INFO  impl.RoleInfo (RoleInfo.java:shutdownFollowerState(108)) - 14685acf-49cf-4105-a1b9-55173786b628: shutdown 14685acf-49cf-4105-a1b9-55173786b628@group-B748E4499EC5-FollowerState
2021-11-12 12:23:59,362 [grpc-default-executor-3] INFO  impl.RoleInfo (RoleInfo.java:updateAndGet(130)) - 14685acf-49cf-4105-a1b9-55173786b628: start 14685acf-49cf-4105-a1b9-55173786b628@group-B748E4499EC5-FollowerState
2021-11-12 12:23:59,362 [14685acf-49cf-4105-a1b9-55173786b628@group-B748E4499EC5-FollowerState] INFO  impl.FollowerState (FollowerState.java:run(143)) - 14685acf-49cf-4105-a1b9-55173786b628@group-B748E4499EC5-FollowerState was interrupted: {}
java.lang.InterruptedException: sleep interrupted
	at java.lang.Thread.sleep(Native Method)
	at java.lang.Thread.sleep(Thread.java:340)
	at java.util.concurrent.TimeUnit.sleep(TimeUnit.java:386)
	at org.apache.ratis.util.TimeDuration.sleep(TimeDuration.java:324)
	at org.apache.ratis.util.TimeDuration.sleep(TimeDuration.java:309)
	at org.apache.ratis.server.impl.FollowerState.run(FollowerState.java:118)
2021-11-12 12:23:59,365 [grpc-default-executor-3] INFO  server.RaftServer$Division (RaftServerImpl.java:requestVote(1078)) - 14685acf-49cf-4105-a1b9-55173786b628@group-B748E4499EC5 replies to ELECTION vote request: 39e0f2bb-68c5-4e65-9fa8-5a2176253db9<-14685acf-49cf-4105-a1b9-55173786b628#0:OK-t4. Peer's state: 14685acf-49cf-4105-a1b9-55173786b628@group-B748E4499EC5:t4, leader=null, voted=39e0f2bb-68c5-4e65-9fa8-5a2176253db9, raftlog=14685acf-49cf-4105-a1b9-55173786b628@group-B748E4499EC5-SegmentedRaftLog:OPENED:c-1, conf=-1: [39e0f2bb-68c5-4e65-9fa8-5a2176253db9|rpc:10.1.0.56:33975|dataStream:|priority:0, b1704d2c-306b-4db7-9c9e-f27a2a93c51e|rpc:10.1.0.56:36313|dataStream:|priority:1, 14685acf-49cf-4105-a1b9-55173786b628|rpc:10.1.0.56:43599|dataStream:|priority:0], old=null
2021-11-12 12:23:59,518 [Listener at 127.0.0.1/41291] INFO  ozone.MiniOzoneClusterImpl (MiniOzoneClusterImpl.java:lambda$waitForClusterToBeReady$0(235)) - Nodes are ready. Got 3 of 3 DN Heartbeats.
2021-11-12 12:23:59,518 [Listener at 127.0.0.1/41291] INFO  ozone.MiniOzoneClusterImpl (MiniOzoneClusterImpl.java:lambda$waitForClusterToBeReady$0(238)) - Waiting for cluster to exit safe mode
2021-11-12 12:23:59,518 [Listener at 127.0.0.1/41291] INFO  ozone.MiniOzoneClusterImpl (MiniOzoneClusterImpl.java:lambda$waitForClusterToBeReady$0(240)) - SCM became leader
2021-11-12 12:24:00,521 [Listener at 127.0.0.1/41291] INFO  ozone.MiniOzoneClusterImpl (MiniOzoneClusterImpl.java:lambda$waitForClusterToBeReady$0(235)) - Nodes are ready. Got 3 of 3 DN Heartbeats.
2021-11-12 12:24:00,521 [Listener at 127.0.0.1/41291] INFO  ozone.MiniOzoneClusterImpl (MiniOzoneClusterImpl.java:lambda$waitForClusterToBeReady$0(238)) - Waiting for cluster to exit safe mode
2021-11-12 12:24:00,521 [Listener at 127.0.0.1/41291] INFO  ozone.MiniOzoneClusterImpl (MiniOzoneClusterImpl.java:lambda$waitForClusterToBeReady$0(240)) - SCM became leader
2021-11-12 12:24:01,521 [Listener at 127.0.0.1/41291] INFO  ozone.MiniOzoneClusterImpl (MiniOzoneClusterImpl.java:lambda$waitForClusterToBeReady$0(235)) - Nodes are ready. Got 3 of 3 DN Heartbeats.
2021-11-12 12:24:01,521 [Listener at 127.0.0.1/41291] INFO  ozone.MiniOzoneClusterImpl (MiniOzoneClusterImpl.java:lambda$waitForClusterToBeReady$0(238)) - Waiting for cluster to exit safe mode
2021-11-12 12:24:01,521 [Listener at 127.0.0.1/41291] INFO  ozone.MiniOzoneClusterImpl (MiniOzoneClusterImpl.java:lambda$waitForClusterToBeReady$0(240)) - SCM became leader
2021-11-12 12:24:02,522 [Listener at 127.0.0.1/41291] INFO  ozone.MiniOzoneClusterImpl (MiniOzoneClusterImpl.java:lambda$waitForClusterToBeReady$0(235)) - Nodes are ready. Got 3 of 3 DN Heartbeats.
2021-11-12 12:24:02,522 [Listener at 127.0.0.1/41291] INFO  ozone.MiniOzoneClusterImpl (MiniOzoneClusterImpl.java:lambda$waitForClusterToBeReady$0(238)) - Waiting for cluster to exit safe mode
2021-11-12 12:24:02,522 [Listener at 127.0.0.1/41291] INFO  ozone.MiniOzoneClusterImpl (MiniOzoneClusterImpl.java:lambda$waitForClusterToBeReady$0(240)) - SCM became leader
2021-11-12 12:24:03,522 [Listener at 127.0.0.1/41291] INFO  ozone.MiniOzoneClusterImpl (MiniOzoneClusterImpl.java:lambda$waitForClusterToBeReady$0(235)) - Nodes are ready. Got 3 of 3 DN Heartbeats.
2021-11-12 12:24:03,522 [Listener at 127.0.0.1/41291] INFO  ozone.MiniOzoneClusterImpl (MiniOzoneClusterImpl.java:lambda$waitForClusterToBeReady$0(238)) - Waiting for cluster to exit safe mode
2021-11-12 12:24:03,522 [Listener at 127.0.0.1/41291] INFO  ozone.MiniOzoneClusterImpl (MiniOzoneClusterImpl.java:lambda$waitForClusterToBeReady$0(240)) - SCM became leader
2021-11-12 12:24:04,408 [39e0f2bb-68c5-4e65-9fa8-5a2176253db9@group-B748E4499EC5-FollowerState] INFO  impl.FollowerState (FollowerState.java:run(134)) - 39e0f2bb-68c5-4e65-9fa8-5a2176253db9@group-B748E4499EC5-FollowerState: change to CANDIDATE, lastRpcElapsedTime:5069533652ns, electionTimeout:5069ms
2021-11-12 12:24:04,409 [39e0f2bb-68c5-4e65-9fa8-5a2176253db9@group-B748E4499EC5-FollowerState] INFO  impl.RoleInfo (RoleInfo.java:shutdownFollowerState(108)) - 39e0f2bb-68c5-4e65-9fa8-5a2176253db9: shutdown 39e0f2bb-68c5-4e65-9fa8-5a2176253db9@group-B748E4499EC5-FollowerState
2021-11-12 12:24:04,409 [39e0f2bb-68c5-4e65-9fa8-5a2176253db9@group-B748E4499EC5-FollowerState] INFO  server.RaftServer$Division (RaftServerImpl.java:setRole(290)) - 39e0f2bb-68c5-4e65-9fa8-5a2176253db9@group-B748E4499EC5: changes role from  FOLLOWER to CANDIDATE at term 4 for changeToCandidate
2021-11-12 12:24:04,409 [39e0f2bb-68c5-4e65-9fa8-5a2176253db9@group-B748E4499EC5-FollowerState] INFO  server.RaftServerConfigKeys (ConfUtils.java:logGet(44)) - raft.server.leaderelection.pre-vote = false (custom)
2021-11-12 12:24:04,409 [39e0f2bb-68c5-4e65-9fa8-5a2176253db9@group-B748E4499EC5-FollowerState] INFO  impl.RoleInfo (RoleInfo.java:updateAndGet(130)) - 39e0f2bb-68c5-4e65-9fa8-5a2176253db9: start 39e0f2bb-68c5-4e65-9fa8-5a2176253db9@group-B748E4499EC5-LeaderElection18
2021-11-12 12:24:04,418 [39e0f2bb-68c5-4e65-9fa8-5a2176253db9@group-B748E4499EC5-LeaderElection18] INFO  impl.LeaderElection (LeaderElection.java:askForVotes(306)) - 39e0f2bb-68c5-4e65-9fa8-5a2176253db9@group-B748E4499EC5-LeaderElection18 ELECTION round 0: submit vote requests at term 5 for -1: [39e0f2bb-68c5-4e65-9fa8-5a2176253db9|rpc:10.1.0.56:33975|priority:0, b1704d2c-306b-4db7-9c9e-f27a2a93c51e|rpc:10.1.0.56:36313|priority:1, 14685acf-49cf-4105-a1b9-55173786b628|rpc:10.1.0.56:43599|priority:0], old=null
2021-11-12 12:24:04,419 [14685acf-49cf-4105-a1b9-55173786b628@group-B748E4499EC5-FollowerState] INFO  impl.FollowerState (FollowerState.java:run(134)) - 14685acf-49cf-4105-a1b9-55173786b628@group-B748E4499EC5-FollowerState: change to CANDIDATE, lastRpcElapsedTime:5054005688ns, electionTimeout:5038ms
2021-11-12 12:24:04,419 [14685acf-49cf-4105-a1b9-55173786b628@group-B748E4499EC5-FollowerState] INFO  impl.RoleInfo (RoleInfo.java:shutdownFollowerState(108)) - 14685acf-49cf-4105-a1b9-55173786b628: shutdown 14685acf-49cf-4105-a1b9-55173786b628@group-B748E4499EC5-FollowerState
2021-11-12 12:24:04,419 [14685acf-49cf-4105-a1b9-55173786b628@group-B748E4499EC5-FollowerState] INFO  server.RaftServer$Division (RaftServerImpl.java:setRole(290)) - 14685acf-49cf-4105-a1b9-55173786b628@group-B748E4499EC5: changes role from  FOLLOWER to CANDIDATE at term 4 for changeToCandidate
2021-11-12 12:24:04,434 [14685acf-49cf-4105-a1b9-55173786b628@group-B748E4499EC5-FollowerState] INFO  server.RaftServerConfigKeys (ConfUtils.java:logGet(44)) - raft.server.leaderelection.pre-vote = false (custom)
2021-11-12 12:24:04,434 [14685acf-49cf-4105-a1b9-55173786b628@group-B748E4499EC5-FollowerState] INFO  impl.RoleInfo (RoleInfo.java:updateAndGet(130)) - 14685acf-49cf-4105-a1b9-55173786b628: start 14685acf-49cf-4105-a1b9-55173786b628@group-B748E4499EC5-LeaderElection19
2021-11-12 12:24:04,439 [grpc-default-executor-3] INFO  server.RaftServer$Division (RaftServerImpl.java:requestVote(1046)) - b1704d2c-306b-4db7-9c9e-f27a2a93c51e@group-B748E4499EC5: receive requestVote(ELECTION, 39e0f2bb-68c5-4e65-9fa8-5a2176253db9, group-B748E4499EC5, 5, (t:0, i:0))
2021-11-12 12:24:04,440 [grpc-default-executor-2] INFO  server.RaftServer$Division (RaftServerImpl.java:requestVote(1046)) - 14685acf-49cf-4105-a1b9-55173786b628@group-B748E4499EC5: receive requestVote(ELECTION, 39e0f2bb-68c5-4e65-9fa8-5a2176253db9, group-B748E4499EC5, 5, (t:0, i:0))
2021-11-12 12:24:04,440 [grpc-default-executor-2] INFO  impl.VoteContext (VoteContext.java:log(48)) - 14685acf-49cf-4105-a1b9-55173786b628@group-B748E4499EC5-CANDIDATE: accept ELECTION from 39e0f2bb-68c5-4e65-9fa8-5a2176253db9: our priority 0 <= candidate's priority 0
2021-11-12 12:24:04,440 [grpc-default-executor-2] INFO  server.RaftServer$Division (RaftServerImpl.java:setRole(290)) - 14685acf-49cf-4105-a1b9-55173786b628@group-B748E4499EC5: changes role from CANDIDATE to FOLLOWER at term 5 for candidate:39e0f2bb-68c5-4e65-9fa8-5a2176253db9
2021-11-12 12:24:04,440 [grpc-default-executor-2] INFO  impl.RoleInfo (RoleInfo.java:shutdownLeaderElection(121)) - 14685acf-49cf-4105-a1b9-55173786b628: shutdown 14685acf-49cf-4105-a1b9-55173786b628@group-B748E4499EC5-LeaderElection19
2021-11-12 12:24:04,441 [grpc-default-executor-2] INFO  impl.RoleInfo (RoleInfo.java:updateAndGet(130)) - 14685acf-49cf-4105-a1b9-55173786b628: start 14685acf-49cf-4105-a1b9-55173786b628@group-B748E4499EC5-FollowerState
2021-11-12 12:24:04,446 [grpc-default-executor-3] INFO  impl.VoteContext (VoteContext.java:log(48)) - b1704d2c-306b-4db7-9c9e-f27a2a93c51e@group-B748E4499EC5-FOLLOWER: reject ELECTION from 39e0f2bb-68c5-4e65-9fa8-5a2176253db9: our priority 1 > candidate's priority 0
2021-11-12 12:24:04,447 [grpc-default-executor-3] INFO  server.RaftServer$Division (RaftServerImpl.java:setRole(290)) - b1704d2c-306b-4db7-9c9e-f27a2a93c51e@group-B748E4499EC5: changes role from  FOLLOWER to FOLLOWER at term 5 for candidate:39e0f2bb-68c5-4e65-9fa8-5a2176253db9
2021-11-12 12:24:04,448 [grpc-default-executor-3] INFO  impl.RoleInfo (RoleInfo.java:shutdownFollowerState(108)) - b1704d2c-306b-4db7-9c9e-f27a2a93c51e: shutdown b1704d2c-306b-4db7-9c9e-f27a2a93c51e@group-B748E4499EC5-FollowerState
2021-11-12 12:24:04,448 [grpc-default-executor-3] INFO  impl.RoleInfo (RoleInfo.java:updateAndGet(130)) - b1704d2c-306b-4db7-9c9e-f27a2a93c51e: start b1704d2c-306b-4db7-9c9e-f27a2a93c51e@group-B748E4499EC5-FollowerState
2021-11-12 12:24:04,448 [b1704d2c-306b-4db7-9c9e-f27a2a93c51e@group-B748E4499EC5-FollowerState] INFO  impl.FollowerState (FollowerState.java:run(143)) - b1704d2c-306b-4db7-9c9e-f27a2a93c51e@group-B748E4499EC5-FollowerState was interrupted: {}
java.lang.InterruptedException: sleep interrupted
	at java.lang.Thread.sleep(Native Method)
	at java.lang.Thread.sleep(Thread.java:340)
	at java.util.concurrent.TimeUnit.sleep(TimeUnit.java:386)
	at org.apache.ratis.util.TimeDuration.sleep(TimeDuration.java:324)
	at org.apache.ratis.util.TimeDuration.sleep(TimeDuration.java:309)
	at org.apache.ratis.server.impl.FollowerState.run(FollowerState.java:118)
2021-11-12 12:24:04,455 [14685acf-49cf-4105-a1b9-55173786b628@group-B748E4499EC5-LeaderElection19] INFO  impl.LeaderElection (LeaderElection.java:run(230)) - 14685acf-49cf-4105-a1b9-55173786b628@group-B748E4499EC5-LeaderElection19: skip running since this is already CLOSING
2021-11-12 12:24:04,461 [grpc-default-executor-2] INFO  server.RaftServer$Division (RaftServerImpl.java:requestVote(1078)) - 14685acf-49cf-4105-a1b9-55173786b628@group-B748E4499EC5 replies to ELECTION vote request: 39e0f2bb-68c5-4e65-9fa8-5a2176253db9<-14685acf-49cf-4105-a1b9-55173786b628#0:OK-t5. Peer's state: 14685acf-49cf-4105-a1b9-55173786b628@group-B748E4499EC5:t5, leader=null, voted=39e0f2bb-68c5-4e65-9fa8-5a2176253db9, raftlog=14685acf-49cf-4105-a1b9-55173786b628@group-B748E4499EC5-SegmentedRaftLog:OPENED:c-1, conf=-1: [39e0f2bb-68c5-4e65-9fa8-5a2176253db9|rpc:10.1.0.56:33975|dataStream:|priority:0, b1704d2c-306b-4db7-9c9e-f27a2a93c51e|rpc:10.1.0.56:36313|dataStream:|priority:1, 14685acf-49cf-4105-a1b9-55173786b628|rpc:10.1.0.56:43599|dataStream:|priority:0], old=null
2021-11-12 12:24:04,463 [grpc-default-executor-3] INFO  server.RaftServer$Division (RaftServerImpl.java:requestVote(1078)) - b1704d2c-306b-4db7-9c9e-f27a2a93c51e@group-B748E4499EC5 replies to ELECTION vote request: 39e0f2bb-68c5-4e65-9fa8-5a2176253db9<-b1704d2c-306b-4db7-9c9e-f27a2a93c51e#0:FAIL-t5. Peer's state: b1704d2c-306b-4db7-9c9e-f27a2a93c51e@group-B748E4499EC5:t5, leader=null, voted=null, raftlog=b1704d2c-306b-4db7-9c9e-f27a2a93c51e@group-B748E4499EC5-SegmentedRaftLog:OPENED:c-1, conf=-1: [39e0f2bb-68c5-4e65-9fa8-5a2176253db9|rpc:10.1.0.56:33975|dataStream:|priority:0, b1704d2c-306b-4db7-9c9e-f27a2a93c51e|rpc:10.1.0.56:36313|dataStream:|priority:1, 14685acf-49cf-4105-a1b9-55173786b628|rpc:10.1.0.56:43599|dataStream:|priority:0], old=null
2021-11-12 12:24:04,465 [39e0f2bb-68c5-4e65-9fa8-5a2176253db9@group-B748E4499EC5-LeaderElection18] INFO  impl.LeaderElection (LeaderElection.java:logAndReturn(89)) - 39e0f2bb-68c5-4e65-9fa8-5a2176253db9@group-B748E4499EC5-LeaderElection18: ELECTION REJECTED received 1 response(s) and 0 exception(s):
2021-11-12 12:24:04,477 [39e0f2bb-68c5-4e65-9fa8-5a2176253db9@group-B748E4499EC5-LeaderElection18] INFO  impl.LeaderElection (LeaderElection.java:logAndReturn(93)) -   Response 0: 39e0f2bb-68c5-4e65-9fa8-5a2176253db9<-b1704d2c-306b-4db7-9c9e-f27a2a93c51e#0:FAIL-t5
2021-11-12 12:24:04,477 [39e0f2bb-68c5-4e65-9fa8-5a2176253db9@group-B748E4499EC5-LeaderElection18] INFO  impl.LeaderElection (LeaderElection.java:askForVotes(308)) - 39e0f2bb-68c5-4e65-9fa8-5a2176253db9@group-B748E4499EC5-LeaderElection18 ELECTION round 0: result REJECTED
2021-11-12 12:24:04,477 [39e0f2bb-68c5-4e65-9fa8-5a2176253db9@group-B748E4499EC5-LeaderElection18] INFO  server.RaftServer$Division (RaftServerImpl.java:setRole(290)) - 39e0f2bb-68c5-4e65-9fa8-5a2176253db9@group-B748E4499EC5: changes role from CANDIDATE to FOLLOWER at term 5 for REJECTED
2021-11-12 12:24:04,477 [39e0f2bb-68c5-4e65-9fa8-5a2176253db9@group-B748E4499EC5-LeaderElection18] INFO  impl.RoleInfo (RoleInfo.java:shutdownLeaderElection(121)) - 39e0f2bb-68c5-4e65-9fa8-5a2176253db9: shutdown 39e0f2bb-68c5-4e65-9fa8-5a2176253db9@group-B748E4499EC5-LeaderElection18
2021-11-12 12:24:04,477 [39e0f2bb-68c5-4e65-9fa8-5a2176253db9@group-B748E4499EC5-LeaderElection18] INFO  impl.RoleInfo (RoleInfo.java:updateAndGet(130)) - 39e0f2bb-68c5-4e65-9fa8-5a2176253db9: start 39e0f2bb-68c5-4e65-9fa8-5a2176253db9@group-B748E4499EC5-FollowerState
2021-11-12 12:24:04,523 [Listener at 127.0.0.1/41291] INFO  ozone.MiniOzoneClusterImpl (MiniOzoneClusterImpl.java:lambda$waitForClusterToBeReady$0(235)) - Nodes are ready. Got 3 of 3 DN Heartbeats.
2021-11-12 12:24:04,523 [Listener at 127.0.0.1/41291] INFO  ozone.MiniOzoneClusterImpl (MiniOzoneClusterImpl.java:lambda$waitForClusterToBeReady$0(238)) - Waiting for cluster to exit safe mode
2021-11-12 12:24:04,523 [Listener at 127.0.0.1/41291] INFO  ozone.MiniOzoneClusterImpl (MiniOzoneClusterImpl.java:lambda$waitForClusterToBeReady$0(240)) - SCM became leader
2021-11-12 12:24:05,523 [Listener at 127.0.0.1/41291] INFO  ozone.MiniOzoneClusterImpl (MiniOzoneClusterImpl.java:lambda$waitForClusterToBeReady$0(235)) - Nodes are ready. Got 3 of 3 DN Heartbeats.
2021-11-12 12:24:05,524 [Listener at 127.0.0.1/41291] INFO  ozone.MiniOzoneClusterImpl (MiniOzoneClusterImpl.java:lambda$waitForClusterToBeReady$0(238)) - Waiting for cluster to exit safe mode
2021-11-12 12:24:05,524 [Listener at 127.0.0.1/41291] INFO  ozone.MiniOzoneClusterImpl (MiniOzoneClusterImpl.java:lambda$waitForClusterToBeReady$0(240)) - SCM became leader
2021-11-12 12:24:06,524 [Listener at 127.0.0.1/41291] INFO  ozone.MiniOzoneClusterImpl (MiniOzoneClusterImpl.java:lambda$waitForClusterToBeReady$0(235)) - Nodes are ready. Got 3 of 3 DN Heartbeats.
2021-11-12 12:24:06,524 [Listener at 127.0.0.1/41291] INFO  ozone.MiniOzoneClusterImpl (MiniOzoneClusterImpl.java:lambda$waitForClusterToBeReady$0(238)) - Waiting for cluster to exit safe mode
2021-11-12 12:24:06,524 [Listener at 127.0.0.1/41291] INFO  ozone.MiniOzoneClusterImpl (MiniOzoneClusterImpl.java:lambda$waitForClusterToBeReady$0(240)) - SCM became leader
2021-11-12 12:24:07,524 [Listener at 127.0.0.1/41291] INFO  ozone.MiniOzoneClusterImpl (MiniOzoneClusterImpl.java:lambda$waitForClusterToBeReady$0(235)) - Nodes are ready. Got 3 of 3 DN Heartbeats.
2021-11-12 12:24:07,525 [Listener at 127.0.0.1/41291] INFO  ozone.MiniOzoneClusterImpl (MiniOzoneClusterImpl.java:lambda$waitForClusterToBeReady$0(238)) - Waiting for cluster to exit safe mode
2021-11-12 12:24:07,525 [Listener at 127.0.0.1/41291] INFO  ozone.MiniOzoneClusterImpl (MiniOzoneClusterImpl.java:lambda$waitForClusterToBeReady$0(240)) - SCM became leader
2021-11-12 12:24:08,525 [Listener at 127.0.0.1/41291] INFO  ozone.MiniOzoneClusterImpl (MiniOzoneClusterImpl.java:lambda$waitForClusterToBeReady$0(235)) - Nodes are ready. Got 3 of 3 DN Heartbeats.
2021-11-12 12:24:08,525 [Listener at 127.0.0.1/41291] INFO  ozone.MiniOzoneClusterImpl (MiniOzoneClusterImpl.java:lambda$waitForClusterToBeReady$0(238)) - Waiting for cluster to exit safe mode
2021-11-12 12:24:08,525 [Listener at 127.0.0.1/41291] INFO  ozone.MiniOzoneClusterImpl (MiniOzoneClusterImpl.java:lambda$waitForClusterToBeReady$0(240)) - SCM became leader
2021-11-12 12:24:09,525 [Listener at 127.0.0.1/41291] INFO  ozone.MiniOzoneClusterImpl (MiniOzoneClusterImpl.java:lambda$waitForClusterToBeReady$0(235)) - Nodes are ready. Got 3 of 3 DN Heartbeats.
2021-11-12 12:24:09,526 [Listener at 127.0.0.1/41291] INFO  ozone.MiniOzoneClusterImpl (MiniOzoneClusterImpl.java:lambda$waitForClusterToBeReady$0(238)) - Waiting for cluster to exit safe mode
2021-11-12 12:24:09,526 [Listener at 127.0.0.1/41291] INFO  ozone.MiniOzoneClusterImpl (MiniOzoneClusterImpl.java:lambda$waitForClusterToBeReady$0(240)) - SCM became leader
2021-11-12 12:24:09,595 [14685acf-49cf-4105-a1b9-55173786b628@group-B748E4499EC5-FollowerState] INFO  impl.FollowerState (FollowerState.java:run(134)) - 14685acf-49cf-4105-a1b9-55173786b628@group-B748E4499EC5-FollowerState: change to CANDIDATE, lastRpcElapsedTime:5134059301ns, electionTimeout:5134ms
2021-11-12 12:24:09,595 [14685acf-49cf-4105-a1b9-55173786b628@group-B748E4499EC5-FollowerState] INFO  impl.RoleInfo (RoleInfo.java:shutdownFollowerState(108)) - 14685acf-49cf-4105-a1b9-55173786b628: shutdown 14685acf-49cf-4105-a1b9-55173786b628@group-B748E4499EC5-FollowerState
2021-11-12 12:24:09,595 [14685acf-49cf-4105-a1b9-55173786b628@group-B748E4499EC5-FollowerState] INFO  server.RaftServer$Division (RaftServerImpl.java:setRole(290)) - 14685acf-49cf-4105-a1b9-55173786b628@group-B748E4499EC5: changes role from  FOLLOWER to CANDIDATE at term 5 for changeToCandidate
2021-11-12 12:24:09,595 [14685acf-49cf-4105-a1b9-55173786b628@group-B748E4499EC5-FollowerState] INFO  server.RaftServerConfigKeys (ConfUtils.java:logGet(44)) - raft.server.leaderelection.pre-vote = false (custom)
2021-11-12 12:24:09,595 [14685acf-49cf-4105-a1b9-55173786b628@group-B748E4499EC5-FollowerState] INFO  impl.RoleInfo (RoleInfo.java:updateAndGet(130)) - 14685acf-49cf-4105-a1b9-55173786b628: start 14685acf-49cf-4105-a1b9-55173786b628@group-B748E4499EC5-LeaderElection20
2021-11-12 12:24:09,607 [14685acf-49cf-4105-a1b9-55173786b628@group-B748E4499EC5-LeaderElection20] INFO  impl.LeaderElection (LeaderElection.java:askForVotes(306)) - 14685acf-49cf-4105-a1b9-55173786b628@group-B748E4499EC5-LeaderElection20 ELECTION round 0: submit vote requests at term 6 for -1: [39e0f2bb-68c5-4e65-9fa8-5a2176253db9|rpc:10.1.0.56:33975|dataStream:|priority:0, b1704d2c-306b-4db7-9c9e-f27a2a93c51e|rpc:10.1.0.56:36313|dataStream:|priority:1, 14685acf-49cf-4105-a1b9-55173786b628|rpc:10.1.0.56:43599|dataStream:|priority:0], old=null
2021-11-12 12:24:09,615 [grpc-default-executor-2] INFO  server.RaftServer$Division (RaftServerImpl.java:requestVote(1046)) - 39e0f2bb-68c5-4e65-9fa8-5a2176253db9@group-B748E4499EC5: receive requestVote(ELECTION, 14685acf-49cf-4105-a1b9-55173786b628, group-B748E4499EC5, 6, (t:0, i:0))
2021-11-12 12:24:09,615 [grpc-default-executor-2] INFO  impl.VoteContext (VoteContext.java:log(48)) - 39e0f2bb-68c5-4e65-9fa8-5a2176253db9@group-B748E4499EC5-FOLLOWER: accept ELECTION from 14685acf-49cf-4105-a1b9-55173786b628: our priority 0 <= candidate's priority 0
2021-11-12 12:24:09,616 [grpc-default-executor-2] INFO  server.RaftServer$Division (RaftServerImpl.java:setRole(290)) - 39e0f2bb-68c5-4e65-9fa8-5a2176253db9@group-B748E4499EC5: changes role from  FOLLOWER to FOLLOWER at term 6 for candidate:14685acf-49cf-4105-a1b9-55173786b628
2021-11-12 12:24:09,616 [grpc-default-executor-2] INFO  impl.RoleInfo (RoleInfo.java:shutdownFollowerState(108)) - 39e0f2bb-68c5-4e65-9fa8-5a2176253db9: shutdown 39e0f2bb-68c5-4e65-9fa8-5a2176253db9@group-B748E4499EC5-FollowerState
2021-11-12 12:24:09,616 [grpc-default-executor-2] INFO  impl.RoleInfo (RoleInfo.java:updateAndGet(130)) - 39e0f2bb-68c5-4e65-9fa8-5a2176253db9: start 39e0f2bb-68c5-4e65-9fa8-5a2176253db9@group-B748E4499EC5-FollowerState
2021-11-12 12:24:09,616 [39e0f2bb-68c5-4e65-9fa8-5a2176253db9@group-B748E4499EC5-FollowerState] INFO  impl.FollowerState (FollowerState.java:run(143)) - 39e0f2bb-68c5-4e65-9fa8-5a2176253db9@group-B748E4499EC5-FollowerState was interrupted: {}
java.lang.InterruptedException: sleep interrupted
	at java.lang.Thread.sleep(Native Method)
	at java.lang.Thread.sleep(Thread.java:340)
	at java.util.concurrent.TimeUnit.sleep(TimeUnit.java:386)
	at org.apache.ratis.util.TimeDuration.sleep(TimeDuration.java:324)
	at org.apache.ratis.util.TimeDuration.sleep(TimeDuration.java:309)
	at org.apache.ratis.server.impl.FollowerState.run(FollowerState.java:118)
2021-11-12 12:24:09,642 [b1704d2c-306b-4db7-9c9e-f27a2a93c51e@group-B748E4499EC5-FollowerState] INFO  impl.FollowerState (FollowerState.java:run(134)) - b1704d2c-306b-4db7-9c9e-f27a2a93c51e@group-B748E4499EC5-FollowerState: change to CANDIDATE, lastRpcElapsedTime:5194706634ns, electionTimeout:5178ms
2021-11-12 12:24:09,643 [b1704d2c-306b-4db7-9c9e-f27a2a93c51e@group-B748E4499EC5-FollowerState] INFO  impl.RoleInfo (RoleInfo.java:shutdownFollowerState(108)) - b1704d2c-306b-4db7-9c9e-f27a2a93c51e: shutdown b1704d2c-306b-4db7-9c9e-f27a2a93c51e@group-B748E4499EC5-FollowerState
2021-11-12 12:24:09,643 [b1704d2c-306b-4db7-9c9e-f27a2a93c51e@group-B748E4499EC5-FollowerState] INFO  server.RaftServer$Division (RaftServerImpl.java:setRole(290)) - b1704d2c-306b-4db7-9c9e-f27a2a93c51e@group-B748E4499EC5: changes role from  FOLLOWER to CANDIDATE at term 5 for changeToCandidate
2021-11-12 12:24:09,643 [b1704d2c-306b-4db7-9c9e-f27a2a93c51e@group-B748E4499EC5-FollowerState] INFO  server.RaftServerConfigKeys (ConfUtils.java:logGet(44)) - raft.server.leaderelection.pre-vote = false (custom)
2021-11-12 12:24:09,643 [b1704d2c-306b-4db7-9c9e-f27a2a93c51e@group-B748E4499EC5-FollowerState] INFO  impl.RoleInfo (RoleInfo.java:updateAndGet(130)) - b1704d2c-306b-4db7-9c9e-f27a2a93c51e: start b1704d2c-306b-4db7-9c9e-f27a2a93c51e@group-B748E4499EC5-LeaderElection21
2021-11-12 12:24:09,655 [grpc-default-executor-2] INFO  server.RaftServer$Division (RaftServerImpl.java:requestVote(1078)) - 39e0f2bb-68c5-4e65-9fa8-5a2176253db9@group-B748E4499EC5 replies to ELECTION vote request: 14685acf-49cf-4105-a1b9-55173786b628<-39e0f2bb-68c5-4e65-9fa8-5a2176253db9#0:OK-t6. Peer's state: 39e0f2bb-68c5-4e65-9fa8-5a2176253db9@group-B748E4499EC5:t6, leader=null, voted=14685acf-49cf-4105-a1b9-55173786b628, raftlog=39e0f2bb-68c5-4e65-9fa8-5a2176253db9@group-B748E4499EC5-SegmentedRaftLog:OPENED:c-1, conf=-1: [39e0f2bb-68c5-4e65-9fa8-5a2176253db9|rpc:10.1.0.56:33975|priority:0, b1704d2c-306b-4db7-9c9e-f27a2a93c51e|rpc:10.1.0.56:36313|priority:1, 14685acf-49cf-4105-a1b9-55173786b628|rpc:10.1.0.56:43599|priority:0], old=null
2021-11-12 12:24:09,658 [grpc-default-executor-3] INFO  server.RaftServer$Division (RaftServerImpl.java:requestVote(1046)) - b1704d2c-306b-4db7-9c9e-f27a2a93c51e@group-B748E4499EC5: receive requestVote(ELECTION, 14685acf-49cf-4105-a1b9-55173786b628, group-B748E4499EC5, 6, (t:0, i:0))
2021-11-12 12:24:09,664 [b1704d2c-306b-4db7-9c9e-f27a2a93c51e@group-B748E4499EC5-LeaderElection21] INFO  impl.LeaderElection (LeaderElection.java:askForVotes(306)) - b1704d2c-306b-4db7-9c9e-f27a2a93c51e@group-B748E4499EC5-LeaderElection21 ELECTION round 0: submit vote requests at term 6 for -1: [39e0f2bb-68c5-4e65-9fa8-5a2176253db9|rpc:10.1.0.56:33975|dataStream:|priority:0, b1704d2c-306b-4db7-9c9e-f27a2a93c51e|rpc:10.1.0.56:36313|dataStream:|priority:1, 14685acf-49cf-4105-a1b9-55173786b628|rpc:10.1.0.56:43599|dataStream:|priority:0], old=null
2021-11-12 12:24:09,664 [grpc-default-executor-3] INFO  impl.VoteContext (VoteContext.java:log(48)) - b1704d2c-306b-4db7-9c9e-f27a2a93c51e@group-B748E4499EC5-CANDIDATE: reject ELECTION from 14685acf-49cf-4105-a1b9-55173786b628: already has voted for b1704d2c-306b-4db7-9c9e-f27a2a93c51e at current term 6
2021-11-12 12:24:09,666 [grpc-default-executor-3] INFO  server.RaftServer$Division (RaftServerImpl.java:requestVote(1078)) - b1704d2c-306b-4db7-9c9e-f27a2a93c51e@group-B748E4499EC5 replies to ELECTION vote request: 14685acf-49cf-4105-a1b9-55173786b628<-b1704d2c-306b-4db7-9c9e-f27a2a93c51e#0:FAIL-t6. Peer's state: b1704d2c-306b-4db7-9c9e-f27a2a93c51e@group-B748E4499EC5:t6, leader=null, voted=b1704d2c-306b-4db7-9c9e-f27a2a93c51e, raftlog=b1704d2c-306b-4db7-9c9e-f27a2a93c51e@group-B748E4499EC5-SegmentedRaftLog:OPENED:c-1, conf=-1: [39e0f2bb-68c5-4e65-9fa8-5a2176253db9|rpc:10.1.0.56:33975|dataStream:|priority:0, b1704d2c-306b-4db7-9c9e-f27a2a93c51e|rpc:10.1.0.56:36313|dataStream:|priority:1, 14685acf-49cf-4105-a1b9-55173786b628|rpc:10.1.0.56:43599|dataStream:|priority:0], old=null
2021-11-12 12:24:09,687 [14685acf-49cf-4105-a1b9-55173786b628@group-B748E4499EC5-LeaderElection20] INFO  impl.LeaderElection (LeaderElection.java:logAndReturn(89)) - 14685acf-49cf-4105-a1b9-55173786b628@group-B748E4499EC5-LeaderElection20: ELECTION REJECTED received 2 response(s) and 0 exception(s):
2021-11-12 12:24:09,688 [14685acf-49cf-4105-a1b9-55173786b628@group-B748E4499EC5-LeaderElection20] INFO  impl.LeaderElection (LeaderElection.java:logAndReturn(93)) -   Response 0: 14685acf-49cf-4105-a1b9-55173786b628<-39e0f2bb-68c5-4e65-9fa8-5a2176253db9#0:OK-t6
2021-11-12 12:24:09,688 [14685acf-49cf-4105-a1b9-55173786b628@group-B748E4499EC5-LeaderElection20] INFO  impl.LeaderElection (LeaderElection.java:logAndReturn(93)) -   Response 1: 14685acf-49cf-4105-a1b9-55173786b628<-b1704d2c-306b-4db7-9c9e-f27a2a93c51e#0:FAIL-t6
2021-11-12 12:24:09,688 [14685acf-49cf-4105-a1b9-55173786b628@group-B748E4499EC5-LeaderElection20] INFO  impl.LeaderElection (LeaderElection.java:askForVotes(308)) - 14685acf-49cf-4105-a1b9-55173786b628@group-B748E4499EC5-LeaderElection20 ELECTION round 0: result REJECTED
2021-11-12 12:24:09,688 [14685acf-49cf-4105-a1b9-55173786b628@group-B748E4499EC5-LeaderElection20] INFO  server.RaftServer$Division (RaftServerImpl.java:setRole(290)) - 14685acf-49cf-4105-a1b9-55173786b628@group-B748E4499EC5: changes role from CANDIDATE to FOLLOWER at term 6 for REJECTED
2021-11-12 12:24:09,688 [14685acf-49cf-4105-a1b9-55173786b628@group-B748E4499EC5-LeaderElection20] INFO  impl.RoleInfo (RoleInfo.java:shutdownLeaderElection(121)) - 14685acf-49cf-4105-a1b9-55173786b628: shutdown 14685acf-49cf-4105-a1b9-55173786b628@group-B748E4499EC5-LeaderElection20
2021-11-12 12:24:09,688 [14685acf-49cf-4105-a1b9-55173786b628@group-B748E4499EC5-LeaderElection20] INFO  impl.RoleInfo (RoleInfo.java:updateAndGet(130)) - 14685acf-49cf-4105-a1b9-55173786b628: start 14685acf-49cf-4105-a1b9-55173786b628@group-B748E4499EC5-FollowerState
2021-11-12 12:24:09,727 [grpc-default-executor-3] INFO  server.RaftServer$Division (RaftServerImpl.java:requestVote(1046)) - 39e0f2bb-68c5-4e65-9fa8-5a2176253db9@group-B748E4499EC5: receive requestVote(ELECTION, b1704d2c-306b-4db7-9c9e-f27a2a93c51e, group-B748E4499EC5, 6, (t:0, i:0))
2021-11-12 12:24:09,728 [grpc-default-executor-3] INFO  impl.VoteContext (VoteContext.java:log(48)) - 39e0f2bb-68c5-4e65-9fa8-5a2176253db9@group-B748E4499EC5-FOLLOWER: reject ELECTION from b1704d2c-306b-4db7-9c9e-f27a2a93c51e: already has voted for 14685acf-49cf-4105-a1b9-55173786b628 at current term 6
2021-11-12 12:24:09,728 [grpc-default-executor-3] INFO  server.RaftServer$Division (RaftServerImpl.java:requestVote(1078)) - 39e0f2bb-68c5-4e65-9fa8-5a2176253db9@group-B748E4499EC5 replies to ELECTION vote request: b1704d2c-306b-4db7-9c9e-f27a2a93c51e<-39e0f2bb-68c5-4e65-9fa8-5a2176253db9#0:FAIL-t6. Peer's state: 39e0f2bb-68c5-4e65-9fa8-5a2176253db9@group-B748E4499EC5:t6, leader=null, voted=14685acf-49cf-4105-a1b9-55173786b628, raftlog=39e0f2bb-68c5-4e65-9fa8-5a2176253db9@group-B748E4499EC5-SegmentedRaftLog:OPENED:c-1, conf=-1: [39e0f2bb-68c5-4e65-9fa8-5a2176253db9|rpc:10.1.0.56:33975|priority:0, b1704d2c-306b-4db7-9c9e-f27a2a93c51e|rpc:10.1.0.56:36313|priority:1, 14685acf-49cf-4105-a1b9-55173786b628|rpc:10.1.0.56:43599|priority:0], old=null
2021-11-12 12:24:09,740 [grpc-default-executor-3] INFO  server.RaftServer$Division (RaftServerImpl.java:requestVote(1046)) - 14685acf-49cf-4105-a1b9-55173786b628@group-B748E4499EC5: receive requestVote(ELECTION, b1704d2c-306b-4db7-9c9e-f27a2a93c51e, group-B748E4499EC5, 6, (t:0, i:0))
2021-11-12 12:24:09,740 [grpc-default-executor-3] INFO  impl.VoteContext (VoteContext.java:log(48)) - 14685acf-49cf-4105-a1b9-55173786b628@group-B748E4499EC5-FOLLOWER: reject ELECTION from b1704d2c-306b-4db7-9c9e-f27a2a93c51e: already has voted for 14685acf-49cf-4105-a1b9-55173786b628 at current term 6
2021-11-12 12:24:09,740 [grpc-default-executor-3] INFO  server.RaftServer$Division (RaftServerImpl.java:requestVote(1078)) - 14685acf-49cf-4105-a1b9-55173786b628@group-B748E4499EC5 replies to ELECTION vote request: b1704d2c-306b-4db7-9c9e-f27a2a93c51e<-14685acf-49cf-4105-a1b9-55173786b628#0:FAIL-t6. Peer's state: 14685acf-49cf-4105-a1b9-55173786b628@group-B748E4499EC5:t6, leader=null, voted=14685acf-49cf-4105-a1b9-55173786b628, raftlog=14685acf-49cf-4105-a1b9-55173786b628@group-B748E4499EC5-SegmentedRaftLog:OPENED:c-1, conf=-1: [39e0f2bb-68c5-4e65-9fa8-5a2176253db9|rpc:10.1.0.56:33975|dataStream:|priority:0, b1704d2c-306b-4db7-9c9e-f27a2a93c51e|rpc:10.1.0.56:36313|dataStream:|priority:1, 14685acf-49cf-4105-a1b9-55173786b628|rpc:10.1.0.56:43599|dataStream:|priority:0], old=null
2021-11-12 12:24:09,742 [b1704d2c-306b-4db7-9c9e-f27a2a93c51e@group-B748E4499EC5-LeaderElection21] INFO  impl.LeaderElection (LeaderElection.java:logAndReturn(89)) - b1704d2c-306b-4db7-9c9e-f27a2a93c51e@group-B748E4499EC5-LeaderElection21: ELECTION REJECTED received 2 response(s) and 0 exception(s):
2021-11-12 12:24:09,743 [b1704d2c-306b-4db7-9c9e-f27a2a93c51e@group-B748E4499EC5-LeaderElection21] INFO  impl.LeaderElection (LeaderElection.java:logAndReturn(93)) -   Response 0: b1704d2c-306b-4db7-9c9e-f27a2a93c51e<-39e0f2bb-68c5-4e65-9fa8-5a2176253db9#0:FAIL-t6
2021-11-12 12:24:09,743 [b1704d2c-306b-4db7-9c9e-f27a2a93c51e@group-B748E4499EC5-LeaderElection21] INFO  impl.LeaderElection (LeaderElection.java:logAndReturn(93)) -   Response 1: b1704d2c-306b-4db7-9c9e-f27a2a93c51e<-14685acf-49cf-4105-a1b9-55173786b628#0:FAIL-t6
2021-11-12 12:24:09,743 [b1704d2c-306b-4db7-9c9e-f27a2a93c51e@group-B748E4499EC5-LeaderElection21] INFO  impl.LeaderElection (LeaderElection.java:askForVotes(308)) - b1704d2c-306b-4db7-9c9e-f27a2a93c51e@group-B748E4499EC5-LeaderElection21 ELECTION round 0: result REJECTED
2021-11-12 12:24:09,743 [b1704d2c-306b-4db7-9c9e-f27a2a93c51e@group-B748E4499EC5-LeaderElection21] INFO  server.RaftServer$Division (RaftServerImpl.java:setRole(290)) - b1704d2c-306b-4db7-9c9e-f27a2a93c51e@group-B748E4499EC5: changes role from CANDIDATE to FOLLOWER at term 6 for REJECTED
2021-11-12 12:24:09,743 [b1704d2c-306b-4db7-9c9e-f27a2a93c51e@group-B748E4499EC5-LeaderElection21] INFO  impl.RoleInfo (RoleInfo.java:shutdownLeaderElection(121)) - b1704d2c-306b-4db7-9c9e-f27a2a93c51e: shutdown b1704d2c-306b-4db7-9c9e-f27a2a93c51e@group-B748E4499EC5-LeaderElection21
2021-11-12 12:24:09,743 [b1704d2c-306b-4db7-9c9e-f27a2a93c51e@group-B748E4499EC5-LeaderElection21] INFO  impl.RoleInfo (RoleInfo.java:updateAndGet(130)) - b1704d2c-306b-4db7-9c9e-f27a2a93c51e: start b1704d2c-306b-4db7-9c9e-f27a2a93c51e@group-B748E4499EC5-FollowerState
2021-11-12 12:24:10,526 [Listener at 127.0.0.1/41291] INFO  ozone.MiniOzoneClusterImpl (MiniOzoneClusterImpl.java:lambda$waitForClusterToBeReady$0(235)) - Nodes are ready. Got 3 of 3 DN Heartbeats.
2021-11-12 12:24:10,527 [Listener at 127.0.0.1/41291] INFO  ozone.MiniOzoneClusterImpl (MiniOzoneClusterImpl.java:lambda$waitForClusterToBeReady$0(238)) - Waiting for cluster to exit safe mode
2021-11-12 12:24:10,527 [Listener at 127.0.0.1/41291] INFO  ozone.MiniOzoneClusterImpl (MiniOzoneClusterImpl.java:lambda$waitForClusterToBeReady$0(240)) - SCM became leader
2021-11-12 12:24:11,527 [Listener at 127.0.0.1/41291] INFO  ozone.MiniOzoneClusterImpl (MiniOzoneClusterImpl.java:lambda$waitForClusterToBeReady$0(235)) - Nodes are ready. Got 3 of 3 DN Heartbeats.
2021-11-12 12:24:11,528 [Listener at 127.0.0.1/41291] INFO  ozone.MiniOzoneClusterImpl (MiniOzoneClusterImpl.java:lambda$waitForClusterToBeReady$0(238)) - Waiting for cluster to exit safe mode
2021-11-12 12:24:11,528 [Listener at 127.0.0.1/41291] INFO  ozone.MiniOzoneClusterImpl (MiniOzoneClusterImpl.java:lambda$waitForClusterToBeReady$0(240)) - SCM became leader
2021-11-12 12:24:12,528 [Listener at 127.0.0.1/41291] INFO  ozone.MiniOzoneClusterImpl (MiniOzoneClusterImpl.java:lambda$waitForClusterToBeReady$0(235)) - Nodes are ready. Got 3 of 3 DN Heartbeats.
2021-11-12 12:24:12,528 [Listener at 127.0.0.1/41291] INFO  ozone.MiniOzoneClusterImpl (MiniOzoneClusterImpl.java:lambda$waitForClusterToBeReady$0(238)) - Waiting for cluster to exit safe mode
2021-11-12 12:24:12,529 [Listener at 127.0.0.1/41291] INFO  ozone.MiniOzoneClusterImpl (MiniOzoneClusterImpl.java:lambda$waitForClusterToBeReady$0(240)) - SCM became leader
2021-11-12 12:24:13,529 [Listener at 127.0.0.1/41291] INFO  ozone.MiniOzoneClusterImpl (MiniOzoneClusterImpl.java:lambda$waitForClusterToBeReady$0(235)) - Nodes are ready. Got 3 of 3 DN Heartbeats.
2021-11-12 12:24:13,529 [Listener at 127.0.0.1/41291] INFO  ozone.MiniOzoneClusterImpl (MiniOzoneClusterImpl.java:lambda$waitForClusterToBeReady$0(238)) - Waiting for cluster to exit safe mode
2021-11-12 12:24:13,529 [Listener at 127.0.0.1/41291] INFO  ozone.MiniOzoneClusterImpl (MiniOzoneClusterImpl.java:lambda$waitForClusterToBeReady$0(240)) - SCM became leader
2021-11-12 12:24:14,529 [Listener at 127.0.0.1/41291] INFO  ozone.MiniOzoneClusterImpl (MiniOzoneClusterImpl.java:lambda$waitForClusterToBeReady$0(235)) - Nodes are ready. Got 3 of 3 DN Heartbeats.
2021-11-12 12:24:14,530 [Listener at 127.0.0.1/41291] INFO  ozone.MiniOzoneClusterImpl (MiniOzoneClusterImpl.java:lambda$waitForClusterToBeReady$0(238)) - Waiting for cluster to exit safe mode
2021-11-12 12:24:14,530 [Listener at 127.0.0.1/41291] INFO  ozone.MiniOzoneClusterImpl (MiniOzoneClusterImpl.java:lambda$waitForClusterToBeReady$0(240)) - SCM became leader
2021-11-12 12:24:14,739 [14685acf-49cf-4105-a1b9-55173786b628@group-B748E4499EC5-FollowerState] INFO  impl.FollowerState (FollowerState.java:run(134)) - 14685acf-49cf-4105-a1b9-55173786b628@group-B748E4499EC5-FollowerState: change to CANDIDATE, lastRpcElapsedTime:5050588509ns, electionTimeout:5040ms
2021-11-12 12:24:14,739 [14685acf-49cf-4105-a1b9-55173786b628@group-B748E4499EC5-FollowerState] INFO  impl.RoleInfo (RoleInfo.java:shutdownFollowerState(108)) - 14685acf-49cf-4105-a1b9-55173786b628: shutdown 14685acf-49cf-4105-a1b9-55173786b628@group-B748E4499EC5-FollowerState
2021-11-12 12:24:14,739 [14685acf-49cf-4105-a1b9-55173786b628@group-B748E4499EC5-FollowerState] INFO  server.RaftServer$Division (RaftServerImpl.java:setRole(290)) - 14685acf-49cf-4105-a1b9-55173786b628@group-B748E4499EC5: changes role from  FOLLOWER to CANDIDATE at term 6 for changeToCandidate
2021-11-12 12:24:14,739 [14685acf-49cf-4105-a1b9-55173786b628@group-B748E4499EC5-FollowerState] INFO  server.RaftServerConfigKeys (ConfUtils.java:logGet(44)) - raft.server.leaderelection.pre-vote = false (custom)
2021-11-12 12:24:14,739 [14685acf-49cf-4105-a1b9-55173786b628@group-B748E4499EC5-FollowerState] INFO  impl.RoleInfo (RoleInfo.java:updateAndGet(130)) - 14685acf-49cf-4105-a1b9-55173786b628: start 14685acf-49cf-4105-a1b9-55173786b628@group-B748E4499EC5-LeaderElection22
2021-11-12 12:24:14,758 [14685acf-49cf-4105-a1b9-55173786b628@group-B748E4499EC5-LeaderElection22] INFO  impl.LeaderElection (LeaderElection.java:askForVotes(306)) - 14685acf-49cf-4105-a1b9-55173786b628@group-B748E4499EC5-LeaderElection22 ELECTION round 0: submit vote requests at term 7 for -1: [39e0f2bb-68c5-4e65-9fa8-5a2176253db9|rpc:10.1.0.56:33975|dataStream:|priority:0, b1704d2c-306b-4db7-9c9e-f27a2a93c51e|rpc:10.1.0.56:36313|dataStream:|priority:1, 14685acf-49cf-4105-a1b9-55173786b628|rpc:10.1.0.56:43599|dataStream:|priority:0], old=null
2021-11-12 12:24:14,775 [grpc-default-executor-3] INFO  server.RaftServer$Division (RaftServerImpl.java:requestVote(1046)) - 39e0f2bb-68c5-4e65-9fa8-5a2176253db9@group-B748E4499EC5: receive requestVote(ELECTION, 14685acf-49cf-4105-a1b9-55173786b628, group-B748E4499EC5, 7, (t:0, i:0))
2021-11-12 12:24:14,775 [grpc-default-executor-3] INFO  impl.VoteContext (VoteContext.java:log(48)) - 39e0f2bb-68c5-4e65-9fa8-5a2176253db9@group-B748E4499EC5-FOLLOWER: accept ELECTION from 14685acf-49cf-4105-a1b9-55173786b628: our priority 0 <= candidate's priority 0
2021-11-12 12:24:14,776 [grpc-default-executor-3] INFO  server.RaftServer$Division (RaftServerImpl.java:setRole(290)) - 39e0f2bb-68c5-4e65-9fa8-5a2176253db9@group-B748E4499EC5: changes role from  FOLLOWER to FOLLOWER at term 7 for candidate:14685acf-49cf-4105-a1b9-55173786b628
2021-11-12 12:24:14,776 [grpc-default-executor-3] INFO  impl.RoleInfo (RoleInfo.java:shutdownFollowerState(108)) - 39e0f2bb-68c5-4e65-9fa8-5a2176253db9: shutdown 39e0f2bb-68c5-4e65-9fa8-5a2176253db9@group-B748E4499EC5-FollowerState
2021-11-12 12:24:14,776 [grpc-default-executor-3] INFO  impl.RoleInfo (RoleInfo.java:updateAndGet(130)) - 39e0f2bb-68c5-4e65-9fa8-5a2176253db9: start 39e0f2bb-68c5-4e65-9fa8-5a2176253db9@group-B748E4499EC5-FollowerState
2021-11-12 12:24:14,776 [39e0f2bb-68c5-4e65-9fa8-5a2176253db9@group-B748E4499EC5-FollowerState] INFO  impl.FollowerState (FollowerState.java:run(143)) - 39e0f2bb-68c5-4e65-9fa8-5a2176253db9@group-B748E4499EC5-FollowerState was interrupted: {}
java.lang.InterruptedException: sleep interrupted
	at java.lang.Thread.sleep(Native Method)
	at java.lang.Thread.sleep(Thread.java:340)
	at java.util.concurrent.TimeUnit.sleep(TimeUnit.java:386)
	at org.apache.ratis.util.TimeDuration.sleep(TimeDuration.java:324)
	at org.apache.ratis.util.TimeDuration.sleep(TimeDuration.java:309)
	at org.apache.ratis.server.impl.FollowerState.run(FollowerState.java:118)
2021-11-12 12:24:14,785 [b1704d2c-306b-4db7-9c9e-f27a2a93c51e@group-B748E4499EC5-FollowerState] INFO  impl.FollowerState (FollowerState.java:run(134)) - b1704d2c-306b-4db7-9c9e-f27a2a93c51e@group-B748E4499EC5-FollowerState: change to CANDIDATE, lastRpcElapsedTime:5042407021ns, electionTimeout:5042ms
2021-11-12 12:24:14,786 [b1704d2c-306b-4db7-9c9e-f27a2a93c51e@group-B748E4499EC5-FollowerState] INFO  impl.RoleInfo (RoleInfo.java:shutdownFollowerState(108)) - b1704d2c-306b-4db7-9c9e-f27a2a93c51e: shutdown b1704d2c-306b-4db7-9c9e-f27a2a93c51e@group-B748E4499EC5-FollowerState
2021-11-12 12:24:14,786 [b1704d2c-306b-4db7-9c9e-f27a2a93c51e@group-B748E4499EC5-FollowerState] INFO  server.RaftServer$Division (RaftServerImpl.java:setRole(290)) - b1704d2c-306b-4db7-9c9e-f27a2a93c51e@group-B748E4499EC5: changes role from  FOLLOWER to CANDIDATE at term 6 for changeToCandidate
2021-11-12 12:24:14,786 [b1704d2c-306b-4db7-9c9e-f27a2a93c51e@group-B748E4499EC5-FollowerState] INFO  server.RaftServerConfigKeys (ConfUtils.java:logGet(44)) - raft.server.leaderelection.pre-vote = false (custom)
2021-11-12 12:24:14,786 [b1704d2c-306b-4db7-9c9e-f27a2a93c51e@group-B748E4499EC5-FollowerState] INFO  impl.RoleInfo (RoleInfo.java:updateAndGet(130)) - b1704d2c-306b-4db7-9c9e-f27a2a93c51e: start b1704d2c-306b-4db7-9c9e-f27a2a93c51e@group-B748E4499EC5-LeaderElection23
2021-11-12 12:24:14,780 [grpc-default-executor-3] INFO  server.RaftServer$Division (RaftServerImpl.java:requestVote(1078)) - 39e0f2bb-68c5-4e65-9fa8-5a2176253db9@group-B748E4499EC5 replies to ELECTION vote request: 14685acf-49cf-4105-a1b9-55173786b628<-39e0f2bb-68c5-4e65-9fa8-5a2176253db9#0:OK-t7. Peer's state: 39e0f2bb-68c5-4e65-9fa8-5a2176253db9@group-B748E4499EC5:t7, leader=null, voted=14685acf-49cf-4105-a1b9-55173786b628, raftlog=39e0f2bb-68c5-4e65-9fa8-5a2176253db9@group-B748E4499EC5-SegmentedRaftLog:OPENED:c-1, conf=-1: [39e0f2bb-68c5-4e65-9fa8-5a2176253db9|rpc:10.1.0.56:33975|priority:0, b1704d2c-306b-4db7-9c9e-f27a2a93c51e|rpc:10.1.0.56:36313|priority:1, 14685acf-49cf-4105-a1b9-55173786b628|rpc:10.1.0.56:43599|priority:0], old=null
2021-11-12 12:24:14,786 [grpc-default-executor-2] INFO  server.RaftServer$Division (RaftServerImpl.java:requestVote(1046)) - b1704d2c-306b-4db7-9c9e-f27a2a93c51e@group-B748E4499EC5: receive requestVote(ELECTION, 14685acf-49cf-4105-a1b9-55173786b628, group-B748E4499EC5, 7, (t:0, i:0))
2021-11-12 12:24:14,788 [grpc-default-executor-2] INFO  impl.VoteContext (VoteContext.java:log(48)) - b1704d2c-306b-4db7-9c9e-f27a2a93c51e@group-B748E4499EC5-CANDIDATE: reject ELECTION from 14685acf-49cf-4105-a1b9-55173786b628: our priority 1 > candidate's priority 0
2021-11-12 12:24:14,788 [grpc-default-executor-2] INFO  server.RaftServer$Division (RaftServerImpl.java:setRole(290)) - b1704d2c-306b-4db7-9c9e-f27a2a93c51e@group-B748E4499EC5: changes role from CANDIDATE to FOLLOWER at term 7 for candidate:14685acf-49cf-4105-a1b9-55173786b628
2021-11-12 12:24:14,788 [grpc-default-executor-2] INFO  impl.RoleInfo (RoleInfo.java:shutdownLeaderElection(121)) - b1704d2c-306b-4db7-9c9e-f27a2a93c51e: shutdown b1704d2c-306b-4db7-9c9e-f27a2a93c51e@group-B748E4499EC5-LeaderElection23
2021-11-12 12:24:14,788 [grpc-default-executor-2] INFO  impl.RoleInfo (RoleInfo.java:updateAndGet(130)) - b1704d2c-306b-4db7-9c9e-f27a2a93c51e: start b1704d2c-306b-4db7-9c9e-f27a2a93c51e@group-B748E4499EC5-FollowerState
2021-11-12 12:24:14,788 [b1704d2c-306b-4db7-9c9e-f27a2a93c51e@group-B748E4499EC5-LeaderElection23] INFO  impl.LeaderElection (LeaderElection.java:run(230)) - b1704d2c-306b-4db7-9c9e-f27a2a93c51e@group-B748E4499EC5-LeaderElection23: skip running since this is already CLOSING
2021-11-12 12:24:14,797 [grpc-default-executor-2] INFO  server.RaftServer$Division (RaftServerImpl.java:requestVote(1078)) - b1704d2c-306b-4db7-9c9e-f27a2a93c51e@group-B748E4499EC5 replies to ELECTION vote request: 14685acf-49cf-4105-a1b9-55173786b628<-b1704d2c-306b-4db7-9c9e-f27a2a93c51e#0:FAIL-t7. Peer's state: b1704d2c-306b-4db7-9c9e-f27a2a93c51e@group-B748E4499EC5:t7, leader=null, voted=null, raftlog=b1704d2c-306b-4db7-9c9e-f27a2a93c51e@group-B748E4499EC5-SegmentedRaftLog:OPENED:c-1, conf=-1: [39e0f2bb-68c5-4e65-9fa8-5a2176253db9|rpc:10.1.0.56:33975|dataStream:|priority:0, b1704d2c-306b-4db7-9c9e-f27a2a93c51e|rpc:10.1.0.56:36313|dataStream:|priority:1, 14685acf-49cf-4105-a1b9-55173786b628|rpc:10.1.0.56:43599|dataStream:|priority:0], old=null
2021-11-12 12:24:14,802 [14685acf-49cf-4105-a1b9-55173786b628@group-B748E4499EC5-LeaderElection22] INFO  impl.LeaderElection (LeaderElection.java:logAndReturn(89)) - 14685acf-49cf-4105-a1b9-55173786b628@group-B748E4499EC5-LeaderElection22: ELECTION REJECTED received 2 response(s) and 0 exception(s):
2021-11-12 12:24:14,802 [14685acf-49cf-4105-a1b9-55173786b628@group-B748E4499EC5-LeaderElection22] INFO  impl.LeaderElection (LeaderElection.java:logAndReturn(93)) -   Response 0: 14685acf-49cf-4105-a1b9-55173786b628<-39e0f2bb-68c5-4e65-9fa8-5a2176253db9#0:OK-t7
2021-11-12 12:24:14,802 [14685acf-49cf-4105-a1b9-55173786b628@group-B748E4499EC5-LeaderElection22] INFO  impl.LeaderElection (LeaderElection.java:logAndReturn(93)) -   Response 1: 14685acf-49cf-4105-a1b9-55173786b628<-b1704d2c-306b-4db7-9c9e-f27a2a93c51e#0:FAIL-t7
2021-11-12 12:24:14,802 [14685acf-49cf-4105-a1b9-55173786b628@group-B748E4499EC5-LeaderElection22] INFO  impl.LeaderElection (LeaderElection.java:askForVotes(308)) - 14685acf-49cf-4105-a1b9-55173786b628@group-B748E4499EC5-LeaderElection22 ELECTION round 0: result REJECTED
2021-11-12 12:24:14,802 [14685acf-49cf-4105-a1b9-55173786b628@group-B748E4499EC5-LeaderElection22] INFO  server.RaftServer$Division (RaftServerImpl.java:setRole(290)) - 14685acf-49cf-4105-a1b9-55173786b628@group-B748E4499EC5: changes role from CANDIDATE to FOLLOWER at term 7 for REJECTED
2021-11-12 12:24:14,802 [14685acf-49cf-4105-a1b9-55173786b628@group-B748E4499EC5-LeaderElection22] INFO  impl.RoleInfo (RoleInfo.java:shutdownLeaderElection(121)) - 14685acf-49cf-4105-a1b9-55173786b628: shutdown 14685acf-49cf-4105-a1b9-55173786b628@group-B748E4499EC5-LeaderElection22
2021-11-12 12:24:14,802 [14685acf-49cf-4105-a1b9-55173786b628@group-B748E4499EC5-LeaderElection22] INFO  impl.RoleInfo (RoleInfo.java:updateAndGet(130)) - 14685acf-49cf-4105-a1b9-55173786b628: start 14685acf-49cf-4105-a1b9-55173786b628@group-B748E4499EC5-FollowerState
2021-11-12 12:24:15,530 [Listener at 127.0.0.1/41291] INFO  ozone.MiniOzoneClusterImpl (MiniOzoneClusterImpl.java:lambda$waitForClusterToBeReady$0(235)) - Nodes are ready. Got 3 of 3 DN Heartbeats.
2021-11-12 12:24:15,531 [Listener at 127.0.0.1/41291] INFO  ozone.MiniOzoneClusterImpl (MiniOzoneClusterImpl.java:lambda$waitForClusterToBeReady$0(238)) - Waiting for cluster to exit safe mode
2021-11-12 12:24:15,531 [Listener at 127.0.0.1/41291] INFO  ozone.MiniOzoneClusterImpl (MiniOzoneClusterImpl.java:lambda$waitForClusterToBeReady$0(240)) - SCM became leader
2021-11-12 12:24:16,531 [Listener at 127.0.0.1/41291] INFO  ozone.MiniOzoneClusterImpl (MiniOzoneClusterImpl.java:lambda$waitForClusterToBeReady$0(235)) - Nodes are ready. Got 3 of 3 DN Heartbeats.
2021-11-12 12:24:16,531 [Listener at 127.0.0.1/41291] INFO  ozone.MiniOzoneClusterImpl (MiniOzoneClusterImpl.java:lambda$waitForClusterToBeReady$0(238)) - Waiting for cluster to exit safe mode
2021-11-12 12:24:16,532 [Listener at 127.0.0.1/41291] INFO  ozone.MiniOzoneClusterImpl (MiniOzoneClusterImpl.java:lambda$waitForClusterToBeReady$0(240)) - SCM became leader
2021-11-12 12:24:17,532 [Listener at 127.0.0.1/41291] INFO  ozone.MiniOzoneClusterImpl (MiniOzoneClusterImpl.java:lambda$waitForClusterToBeReady$0(235)) - Nodes are ready. Got 3 of 3 DN Heartbeats.
2021-11-12 12:24:17,532 [Listener at 127.0.0.1/41291] INFO  ozone.MiniOzoneClusterImpl (MiniOzoneClusterImpl.java:lambda$waitForClusterToBeReady$0(238)) - Waiting for cluster to exit safe mode
2021-11-12 12:24:17,532 [Listener at 127.0.0.1/41291] INFO  ozone.MiniOzoneClusterImpl (MiniOzoneClusterImpl.java:lambda$waitForClusterToBeReady$0(240)) - SCM became leader
2021-11-12 12:24:18,532 [Listener at 127.0.0.1/41291] INFO  ozone.MiniOzoneClusterImpl (MiniOzoneClusterImpl.java:lambda$waitForClusterToBeReady$0(235)) - Nodes are ready. Got 3 of 3 DN Heartbeats.
2021-11-12 12:24:18,533 [Listener at 127.0.0.1/41291] INFO  ozone.MiniOzoneClusterImpl (MiniOzoneClusterImpl.java:lambda$waitForClusterToBeReady$0(238)) - Waiting for cluster to exit safe mode
2021-11-12 12:24:18,533 [Listener at 127.0.0.1/41291] INFO  ozone.MiniOzoneClusterImpl (MiniOzoneClusterImpl.java:lambda$waitForClusterToBeReady$0(240)) - SCM became leader
2021-11-12 12:24:19,533 [Listener at 127.0.0.1/41291] INFO  ozone.MiniOzoneClusterImpl (MiniOzoneClusterImpl.java:lambda$waitForClusterToBeReady$0(235)) - Nodes are ready. Got 3 of 3 DN Heartbeats.
2021-11-12 12:24:19,533 [Listener at 127.0.0.1/41291] INFO  ozone.MiniOzoneClusterImpl (MiniOzoneClusterImpl.java:lambda$waitForClusterToBeReady$0(238)) - Waiting for cluster to exit safe mode
2021-11-12 12:24:19,533 [Listener at 127.0.0.1/41291] INFO  ozone.MiniOzoneClusterImpl (MiniOzoneClusterImpl.java:lambda$waitForClusterToBeReady$0(240)) - SCM became leader
2021-11-12 12:24:19,805 [39e0f2bb-68c5-4e65-9fa8-5a2176253db9@group-B748E4499EC5-FollowerState] INFO  impl.FollowerState (FollowerState.java:run(134)) - 39e0f2bb-68c5-4e65-9fa8-5a2176253db9@group-B748E4499EC5-FollowerState: change to CANDIDATE, lastRpcElapsedTime:5025614435ns, electionTimeout:5007ms
2021-11-12 12:24:19,805 [39e0f2bb-68c5-4e65-9fa8-5a2176253db9@group-B748E4499EC5-FollowerState] INFO  impl.RoleInfo (RoleInfo.java:shutdownFollowerState(108)) - 39e0f2bb-68c5-4e65-9fa8-5a2176253db9: shutdown 39e0f2bb-68c5-4e65-9fa8-5a2176253db9@group-B748E4499EC5-FollowerState
2021-11-12 12:24:19,806 [39e0f2bb-68c5-4e65-9fa8-5a2176253db9@group-B748E4499EC5-FollowerState] INFO  server.RaftServer$Division (RaftServerImpl.java:setRole(290)) - 39e0f2bb-68c5-4e65-9fa8-5a2176253db9@group-B748E4499EC5: changes role from  FOLLOWER to CANDIDATE at term 7 for changeToCandidate
2021-11-12 12:24:19,806 [39e0f2bb-68c5-4e65-9fa8-5a2176253db9@group-B748E4499EC5-FollowerState] INFO  server.RaftServerConfigKeys (ConfUtils.java:logGet(44)) - raft.server.leaderelection.pre-vote = false (custom)
2021-11-12 12:24:19,806 [39e0f2bb-68c5-4e65-9fa8-5a2176253db9@group-B748E4499EC5-FollowerState] INFO  impl.RoleInfo (RoleInfo.java:updateAndGet(130)) - 39e0f2bb-68c5-4e65-9fa8-5a2176253db9: start 39e0f2bb-68c5-4e65-9fa8-5a2176253db9@group-B748E4499EC5-LeaderElection24
2021-11-12 12:24:19,828 [39e0f2bb-68c5-4e65-9fa8-5a2176253db9@group-B748E4499EC5-LeaderElection24] INFO  impl.LeaderElection (LeaderElection.java:askForVotes(306)) - 39e0f2bb-68c5-4e65-9fa8-5a2176253db9@group-B748E4499EC5-LeaderElection24 ELECTION round 0: submit vote requests at term 8 for -1: [39e0f2bb-68c5-4e65-9fa8-5a2176253db9|rpc:10.1.0.56:33975|priority:0, b1704d2c-306b-4db7-9c9e-f27a2a93c51e|rpc:10.1.0.56:36313|priority:1, 14685acf-49cf-4105-a1b9-55173786b628|rpc:10.1.0.56:43599|priority:0], old=null
2021-11-12 12:24:19,835 [grpc-default-executor-2] INFO  server.RaftServer$Division (RaftServerImpl.java:requestVote(1046)) - b1704d2c-306b-4db7-9c9e-f27a2a93c51e@group-B748E4499EC5: receive requestVote(ELECTION, 39e0f2bb-68c5-4e65-9fa8-5a2176253db9, group-B748E4499EC5, 8, (t:0, i:0))
2021-11-12 12:24:19,836 [grpc-default-executor-2] INFO  impl.VoteContext (VoteContext.java:log(48)) - b1704d2c-306b-4db7-9c9e-f27a2a93c51e@group-B748E4499EC5-FOLLOWER: reject ELECTION from 39e0f2bb-68c5-4e65-9fa8-5a2176253db9: our priority 1 > candidate's priority 0
2021-11-12 12:24:19,836 [grpc-default-executor-2] INFO  server.RaftServer$Division (RaftServerImpl.java:setRole(290)) - b1704d2c-306b-4db7-9c9e-f27a2a93c51e@group-B748E4499EC5: changes role from  FOLLOWER to FOLLOWER at term 8 for candidate:39e0f2bb-68c5-4e65-9fa8-5a2176253db9
2021-11-12 12:24:19,836 [grpc-default-executor-2] INFO  impl.RoleInfo (RoleInfo.java:shutdownFollowerState(108)) - b1704d2c-306b-4db7-9c9e-f27a2a93c51e: shutdown b1704d2c-306b-4db7-9c9e-f27a2a93c51e@group-B748E4499EC5-FollowerState
2021-11-12 12:24:19,836 [grpc-default-executor-2] INFO  impl.RoleInfo (RoleInfo.java:updateAndGet(130)) - b1704d2c-306b-4db7-9c9e-f27a2a93c51e: start b1704d2c-306b-4db7-9c9e-f27a2a93c51e@group-B748E4499EC5-FollowerState
2021-11-12 12:24:19,836 [b1704d2c-306b-4db7-9c9e-f27a2a93c51e@group-B748E4499EC5-FollowerState] INFO  impl.FollowerState (FollowerState.java:run(143)) - b1704d2c-306b-4db7-9c9e-f27a2a93c51e@group-B748E4499EC5-FollowerState was interrupted: {}
java.lang.InterruptedException: sleep interrupted
	at java.lang.Thread.sleep(Native Method)
	at java.lang.Thread.sleep(Thread.java:340)
	at java.util.concurrent.TimeUnit.sleep(TimeUnit.java:386)
	at org.apache.ratis.util.TimeDuration.sleep(TimeDuration.java:324)
	at org.apache.ratis.util.TimeDuration.sleep(TimeDuration.java:309)
	at org.apache.ratis.server.impl.FollowerState.run(FollowerState.java:118)
2021-11-12 12:24:19,841 [grpc-default-executor-2] INFO  server.RaftServer$Division (RaftServerImpl.java:requestVote(1078)) - b1704d2c-306b-4db7-9c9e-f27a2a93c51e@group-B748E4499EC5 replies to ELECTION vote request: 39e0f2bb-68c5-4e65-9fa8-5a2176253db9<-b1704d2c-306b-4db7-9c9e-f27a2a93c51e#0:FAIL-t8. Peer's state: b1704d2c-306b-4db7-9c9e-f27a2a93c51e@group-B748E4499EC5:t8, leader=null, voted=null, raftlog=b1704d2c-306b-4db7-9c9e-f27a2a93c51e@group-B748E4499EC5-SegmentedRaftLog:OPENED:c-1, conf=-1: [39e0f2bb-68c5-4e65-9fa8-5a2176253db9|rpc:10.1.0.56:33975|dataStream:|priority:0, b1704d2c-306b-4db7-9c9e-f27a2a93c51e|rpc:10.1.0.56:36313|dataStream:|priority:1, 14685acf-49cf-4105-a1b9-55173786b628|rpc:10.1.0.56:43599|dataStream:|priority:0], old=null
2021-11-12 12:24:19,842 [39e0f2bb-68c5-4e65-9fa8-5a2176253db9@group-B748E4499EC5-LeaderElection24] INFO  impl.LeaderElection (LeaderElection.java:logAndReturn(89)) - 39e0f2bb-68c5-4e65-9fa8-5a2176253db9@group-B748E4499EC5-LeaderElection24: ELECTION REJECTED received 1 response(s) and 0 exception(s):
2021-11-12 12:24:19,842 [39e0f2bb-68c5-4e65-9fa8-5a2176253db9@group-B748E4499EC5-LeaderElection24] INFO  impl.LeaderElection (LeaderElection.java:logAndReturn(93)) -   Response 0: 39e0f2bb-68c5-4e65-9fa8-5a2176253db9<-b1704d2c-306b-4db7-9c9e-f27a2a93c51e#0:FAIL-t8
2021-11-12 12:24:19,842 [39e0f2bb-68c5-4e65-9fa8-5a2176253db9@group-B748E4499EC5-LeaderElection24] INFO  impl.LeaderElection (LeaderElection.java:askForVotes(308)) - 39e0f2bb-68c5-4e65-9fa8-5a2176253db9@group-B748E4499EC5-LeaderElection24 ELECTION round 0: result REJECTED
2021-11-12 12:24:19,842 [39e0f2bb-68c5-4e65-9fa8-5a2176253db9@group-B748E4499EC5-LeaderElection24] INFO  server.RaftServer$Division (RaftServerImpl.java:setRole(290)) - 39e0f2bb-68c5-4e65-9fa8-5a2176253db9@group-B748E4499EC5: changes role from CANDIDATE to FOLLOWER at term 8 for REJECTED
2021-11-12 12:24:19,842 [39e0f2bb-68c5-4e65-9fa8-5a2176253db9@group-B748E4499EC5-LeaderElection24] INFO  impl.RoleInfo (RoleInfo.java:shutdownLeaderElection(121)) - 39e0f2bb-68c5-4e65-9fa8-5a2176253db9: shutdown 39e0f2bb-68c5-4e65-9fa8-5a2176253db9@group-B748E4499EC5-LeaderElection24
2021-11-12 12:24:19,842 [39e0f2bb-68c5-4e65-9fa8-5a2176253db9@group-B748E4499EC5-LeaderElection24] INFO  impl.RoleInfo (RoleInfo.java:updateAndGet(130)) - 39e0f2bb-68c5-4e65-9fa8-5a2176253db9: start 39e0f2bb-68c5-4e65-9fa8-5a2176253db9@group-B748E4499EC5-FollowerState
2021-11-12 12:24:19,855 [grpc-default-executor-3] INFO  server.RaftServer$Division (RaftServerImpl.java:requestVote(1046)) - 14685acf-49cf-4105-a1b9-55173786b628@group-B748E4499EC5: receive requestVote(ELECTION, 39e0f2bb-68c5-4e65-9fa8-5a2176253db9, group-B748E4499EC5, 8, (t:0, i:0))
2021-11-12 12:24:19,856 [grpc-default-executor-3] INFO  impl.VoteContext (VoteContext.java:log(48)) - 14685acf-49cf-4105-a1b9-55173786b628@group-B748E4499EC5-FOLLOWER: accept ELECTION from 39e0f2bb-68c5-4e65-9fa8-5a2176253db9: our priority 0 <= candidate's priority 0
2021-11-12 12:24:19,856 [grpc-default-executor-3] INFO  server.RaftServer$Division (RaftServerImpl.java:setRole(290)) - 14685acf-49cf-4105-a1b9-55173786b628@group-B748E4499EC5: changes role from  FOLLOWER to FOLLOWER at term 8 for candidate:39e0f2bb-68c5-4e65-9fa8-5a2176253db9
2021-11-12 12:24:19,856 [grpc-default-executor-3] INFO  impl.RoleInfo (RoleInfo.java:shutdownFollowerState(108)) - 14685acf-49cf-4105-a1b9-55173786b628: shutdown 14685acf-49cf-4105-a1b9-55173786b628@group-B748E4499EC5-FollowerState
2021-11-12 12:24:19,856 [grpc-default-executor-3] INFO  impl.RoleInfo (RoleInfo.java:updateAndGet(130)) - 14685acf-49cf-4105-a1b9-55173786b628: start 14685acf-49cf-4105-a1b9-55173786b628@group-B748E4499EC5-FollowerState
2021-11-12 12:24:19,856 [14685acf-49cf-4105-a1b9-55173786b628@group-B748E4499EC5-FollowerState] INFO  impl.FollowerState (FollowerState.java:run(143)) - 14685acf-49cf-4105-a1b9-55173786b628@group-B748E4499EC5-FollowerState was interrupted: {}
java.lang.InterruptedException: sleep interrupted
	at java.lang.Thread.sleep(Native Method)
	at java.lang.Thread.sleep(Thread.java:340)
	at java.util.concurrent.TimeUnit.sleep(TimeUnit.java:386)
	at org.apache.ratis.util.TimeDuration.sleep(TimeDuration.java:324)
	at org.apache.ratis.util.TimeDuration.sleep(TimeDuration.java:309)
	at org.apache.ratis.server.impl.FollowerState.run(FollowerState.java:118)
2021-11-12 12:24:19,867 [grpc-default-executor-3] INFO  server.RaftServer$Division (RaftServerImpl.java:requestVote(1078)) - 14685acf-49cf-4105-a1b9-55173786b628@group-B748E4499EC5 replies to ELECTION vote request: 39e0f2bb-68c5-4e65-9fa8-5a2176253db9<-14685acf-49cf-4105-a1b9-55173786b628#0:OK-t8. Peer's state: 14685acf-49cf-4105-a1b9-55173786b628@group-B748E4499EC5:t8, leader=null, voted=39e0f2bb-68c5-4e65-9fa8-5a2176253db9, raftlog=14685acf-49cf-4105-a1b9-55173786b628@group-B748E4499EC5-SegmentedRaftLog:OPENED:c-1, conf=-1: [39e0f2bb-68c5-4e65-9fa8-5a2176253db9|rpc:10.1.0.56:33975|dataStream:|priority:0, b1704d2c-306b-4db7-9c9e-f27a2a93c51e|rpc:10.1.0.56:36313|dataStream:|priority:1, 14685acf-49cf-4105-a1b9-55173786b628|rpc:10.1.0.56:43599|dataStream:|priority:0], old=null
2021-11-12 12:24:20,533 [Listener at 127.0.0.1/41291] INFO  ozone.MiniOzoneClusterImpl (MiniOzoneClusterImpl.java:lambda$waitForClusterToBeReady$0(235)) - Nodes are ready. Got 3 of 3 DN Heartbeats.
2021-11-12 12:24:20,534 [Listener at 127.0.0.1/41291] INFO  ozone.MiniOzoneClusterImpl (MiniOzoneClusterImpl.java:lambda$waitForClusterToBeReady$0(238)) - Waiting for cluster to exit safe mode
2021-11-12 12:24:20,534 [Listener at 127.0.0.1/41291] INFO  ozone.MiniOzoneClusterImpl (MiniOzoneClusterImpl.java:lambda$waitForClusterToBeReady$0(240)) - SCM became leader
2021-11-12 12:24:21,534 [Listener at 127.0.0.1/41291] INFO  ozone.MiniOzoneClusterImpl (MiniOzoneClusterImpl.java:lambda$waitForClusterToBeReady$0(235)) - Nodes are ready. Got 3 of 3 DN Heartbeats.
2021-11-12 12:24:21,534 [Listener at 127.0.0.1/41291] INFO  ozone.MiniOzoneClusterImpl (MiniOzoneClusterImpl.java:lambda$waitForClusterToBeReady$0(238)) - Waiting for cluster to exit safe mode
2021-11-12 12:24:21,534 [Listener at 127.0.0.1/41291] INFO  ozone.MiniOzoneClusterImpl (MiniOzoneClusterImpl.java:lambda$waitForClusterToBeReady$0(240)) - SCM became leader
2021-11-12 12:24:22,534 [Listener at 127.0.0.1/41291] INFO  ozone.MiniOzoneClusterImpl (MiniOzoneClusterImpl.java:lambda$waitForClusterToBeReady$0(235)) - Nodes are ready. Got 3 of 3 DN Heartbeats.
2021-11-12 12:24:22,535 [Listener at 127.0.0.1/41291] INFO  ozone.MiniOzoneClusterImpl (MiniOzoneClusterImpl.java:lambda$waitForClusterToBeReady$0(238)) - Waiting for cluster to exit safe mode
2021-11-12 12:24:22,535 [Listener at 127.0.0.1/41291] INFO  ozone.MiniOzoneClusterImpl (MiniOzoneClusterImpl.java:lambda$waitForClusterToBeReady$0(240)) - SCM became leader
2021-11-12 12:24:23,535 [Listener at 127.0.0.1/41291] INFO  ozone.MiniOzoneClusterImpl (MiniOzoneClusterImpl.java:lambda$waitForClusterToBeReady$0(235)) - Nodes are ready. Got 3 of 3 DN Heartbeats.
2021-11-12 12:24:23,535 [Listener at 127.0.0.1/41291] INFO  ozone.MiniOzoneClusterImpl (MiniOzoneClusterImpl.java:lambda$waitForClusterToBeReady$0(238)) - Waiting for cluster to exit safe mode
2021-11-12 12:24:23,535 [Listener at 127.0.0.1/41291] INFO  ozone.MiniOzoneClusterImpl (MiniOzoneClusterImpl.java:lambda$waitForClusterToBeReady$0(240)) - SCM became leader
2021-11-12 12:24:24,535 [Listener at 127.0.0.1/41291] INFO  ozone.MiniOzoneClusterImpl (MiniOzoneClusterImpl.java:lambda$waitForClusterToBeReady$0(235)) - Nodes are ready. Got 3 of 3 DN Heartbeats.
2021-11-12 12:24:24,536 [Listener at 127.0.0.1/41291] INFO  ozone.MiniOzoneClusterImpl (MiniOzoneClusterImpl.java:lambda$waitForClusterToBeReady$0(238)) - Waiting for cluster to exit safe mode
2021-11-12 12:24:24,536 [Listener at 127.0.0.1/41291] INFO  ozone.MiniOzoneClusterImpl (MiniOzoneClusterImpl.java:lambda$waitForClusterToBeReady$0(240)) - SCM became leader
2021-11-12 12:24:24,917 [14685acf-49cf-4105-a1b9-55173786b628@group-B748E4499EC5-FollowerState] INFO  impl.FollowerState (FollowerState.java:run(134)) - 14685acf-49cf-4105-a1b9-55173786b628@group-B748E4499EC5-FollowerState: change to CANDIDATE, lastRpcElapsedTime:5050009673ns, electionTimeout:5050ms
2021-11-12 12:24:24,918 [14685acf-49cf-4105-a1b9-55173786b628@group-B748E4499EC5-FollowerState] INFO  impl.RoleInfo (RoleInfo.java:shutdownFollowerState(108)) - 14685acf-49cf-4105-a1b9-55173786b628: shutdown 14685acf-49cf-4105-a1b9-55173786b628@group-B748E4499EC5-FollowerState
2021-11-12 12:24:24,918 [14685acf-49cf-4105-a1b9-55173786b628@group-B748E4499EC5-FollowerState] INFO  server.RaftServer$Division (RaftServerImpl.java:setRole(290)) - 14685acf-49cf-4105-a1b9-55173786b628@group-B748E4499EC5: changes role from  FOLLOWER to CANDIDATE at term 8 for changeToCandidate
2021-11-12 12:24:24,918 [14685acf-49cf-4105-a1b9-55173786b628@group-B748E4499EC5-FollowerState] INFO  server.RaftServerConfigKeys (ConfUtils.java:logGet(44)) - raft.server.leaderelection.pre-vote = false (custom)
2021-11-12 12:24:24,918 [14685acf-49cf-4105-a1b9-55173786b628@group-B748E4499EC5-FollowerState] INFO  impl.RoleInfo (RoleInfo.java:updateAndGet(130)) - 14685acf-49cf-4105-a1b9-55173786b628: start 14685acf-49cf-4105-a1b9-55173786b628@group-B748E4499EC5-LeaderElection25
2021-11-12 12:24:24,929 [14685acf-49cf-4105-a1b9-55173786b628@group-B748E4499EC5-LeaderElection25] INFO  impl.LeaderElection (LeaderElection.java:askForVotes(306)) - 14685acf-49cf-4105-a1b9-55173786b628@group-B748E4499EC5-LeaderElection25 ELECTION round 0: submit vote requests at term 9 for -1: [39e0f2bb-68c5-4e65-9fa8-5a2176253db9|rpc:10.1.0.56:33975|dataStream:|priority:0, b1704d2c-306b-4db7-9c9e-f27a2a93c51e|rpc:10.1.0.56:36313|dataStream:|priority:1, 14685acf-49cf-4105-a1b9-55173786b628|rpc:10.1.0.56:43599|dataStream:|priority:0], old=null
2021-11-12 12:24:24,939 [grpc-default-executor-3] INFO  server.RaftServer$Division (RaftServerImpl.java:requestVote(1046)) - 39e0f2bb-68c5-4e65-9fa8-5a2176253db9@group-B748E4499EC5: receive requestVote(ELECTION, 14685acf-49cf-4105-a1b9-55173786b628, group-B748E4499EC5, 9, (t:0, i:0))
2021-11-12 12:24:24,939 [grpc-default-executor-3] INFO  impl.VoteContext (VoteContext.java:log(48)) - 39e0f2bb-68c5-4e65-9fa8-5a2176253db9@group-B748E4499EC5-FOLLOWER: accept ELECTION from 14685acf-49cf-4105-a1b9-55173786b628: our priority 0 <= candidate's priority 0
2021-11-12 12:24:24,939 [grpc-default-executor-3] INFO  server.RaftServer$Division (RaftServerImpl.java:setRole(290)) - 39e0f2bb-68c5-4e65-9fa8-5a2176253db9@group-B748E4499EC5: changes role from  FOLLOWER to FOLLOWER at term 9 for candidate:14685acf-49cf-4105-a1b9-55173786b628
2021-11-12 12:24:24,939 [grpc-default-executor-3] INFO  impl.RoleInfo (RoleInfo.java:shutdownFollowerState(108)) - 39e0f2bb-68c5-4e65-9fa8-5a2176253db9: shutdown 39e0f2bb-68c5-4e65-9fa8-5a2176253db9@group-B748E4499EC5-FollowerState
2021-11-12 12:24:24,940 [grpc-default-executor-3] INFO  impl.RoleInfo (RoleInfo.java:updateAndGet(130)) - 39e0f2bb-68c5-4e65-9fa8-5a2176253db9: start 39e0f2bb-68c5-4e65-9fa8-5a2176253db9@group-B748E4499EC5-FollowerState
2021-11-12 12:24:24,940 [39e0f2bb-68c5-4e65-9fa8-5a2176253db9@group-B748E4499EC5-FollowerState] INFO  impl.FollowerState (FollowerState.java:run(143)) - 39e0f2bb-68c5-4e65-9fa8-5a2176253db9@group-B748E4499EC5-FollowerState was interrupted: {}
java.lang.InterruptedException: sleep interrupted
	at java.lang.Thread.sleep(Native Method)
	at java.lang.Thread.sleep(Thread.java:340)
	at java.util.concurrent.TimeUnit.sleep(TimeUnit.java:386)
	at org.apache.ratis.util.TimeDuration.sleep(TimeDuration.java:324)
	at org.apache.ratis.util.TimeDuration.sleep(TimeDuration.java:309)
	at org.apache.ratis.server.impl.FollowerState.run(FollowerState.java:118)
2021-11-12 12:24:24,942 [grpc-default-executor-3] INFO  server.RaftServer$Division (RaftServerImpl.java:requestVote(1078)) - 39e0f2bb-68c5-4e65-9fa8-5a2176253db9@group-B748E4499EC5 replies to ELECTION vote request: 14685acf-49cf-4105-a1b9-55173786b628<-39e0f2bb-68c5-4e65-9fa8-5a2176253db9#0:OK-t9. Peer's state: 39e0f2bb-68c5-4e65-9fa8-5a2176253db9@group-B748E4499EC5:t9, leader=null, voted=14685acf-49cf-4105-a1b9-55173786b628, raftlog=39e0f2bb-68c5-4e65-9fa8-5a2176253db9@group-B748E4499EC5-SegmentedRaftLog:OPENED:c-1, conf=-1: [39e0f2bb-68c5-4e65-9fa8-5a2176253db9|rpc:10.1.0.56:33975|priority:0, b1704d2c-306b-4db7-9c9e-f27a2a93c51e|rpc:10.1.0.56:36313|priority:1, 14685acf-49cf-4105-a1b9-55173786b628|rpc:10.1.0.56:43599|priority:0], old=null
2021-11-12 12:24:24,954 [grpc-default-executor-2] INFO  server.RaftServer$Division (RaftServerImpl.java:requestVote(1046)) - b1704d2c-306b-4db7-9c9e-f27a2a93c51e@group-B748E4499EC5: receive requestVote(ELECTION, 14685acf-49cf-4105-a1b9-55173786b628, group-B748E4499EC5, 9, (t:0, i:0))
2021-11-12 12:24:24,959 [grpc-default-executor-2] INFO  impl.VoteContext (VoteContext.java:log(48)) - b1704d2c-306b-4db7-9c9e-f27a2a93c51e@group-B748E4499EC5-FOLLOWER: reject ELECTION from 14685acf-49cf-4105-a1b9-55173786b628: our priority 1 > candidate's priority 0
2021-11-12 12:24:24,960 [grpc-default-executor-2] INFO  server.RaftServer$Division (RaftServerImpl.java:setRole(290)) - b1704d2c-306b-4db7-9c9e-f27a2a93c51e@group-B748E4499EC5: changes role from  FOLLOWER to FOLLOWER at term 9 for candidate:14685acf-49cf-4105-a1b9-55173786b628
2021-11-12 12:24:24,960 [grpc-default-executor-2] INFO  impl.RoleInfo (RoleInfo.java:shutdownFollowerState(108)) - b1704d2c-306b-4db7-9c9e-f27a2a93c51e: shutdown b1704d2c-306b-4db7-9c9e-f27a2a93c51e@group-B748E4499EC5-FollowerState
2021-11-12 12:24:24,960 [grpc-default-executor-2] INFO  impl.RoleInfo (RoleInfo.java:updateAndGet(130)) - b1704d2c-306b-4db7-9c9e-f27a2a93c51e: start b1704d2c-306b-4db7-9c9e-f27a2a93c51e@group-B748E4499EC5-FollowerState
2021-11-12 12:24:24,960 [b1704d2c-306b-4db7-9c9e-f27a2a93c51e@group-B748E4499EC5-FollowerState] INFO  impl.FollowerState (FollowerState.java:run(143)) - b1704d2c-306b-4db7-9c9e-f27a2a93c51e@group-B748E4499EC5-FollowerState was interrupted: {}
java.lang.InterruptedException: sleep interrupted
	at java.lang.Thread.sleep(Native Method)
	at java.lang.Thread.sleep(Thread.java:340)
	at java.util.concurrent.TimeUnit.sleep(TimeUnit.java:386)
	at org.apache.ratis.util.TimeDuration.sleep(TimeDuration.java:324)
	at org.apache.ratis.util.TimeDuration.sleep(TimeDuration.java:309)
	at org.apache.ratis.server.impl.FollowerState.run(FollowerState.java:118)
2021-11-12 12:24:24,969 [grpc-default-executor-2] INFO  server.RaftServer$Division (RaftServerImpl.java:requestVote(1078)) - b1704d2c-306b-4db7-9c9e-f27a2a93c51e@group-B748E4499EC5 replies to ELECTION vote request: 14685acf-49cf-4105-a1b9-55173786b628<-b1704d2c-306b-4db7-9c9e-f27a2a93c51e#0:FAIL-t9. Peer's state: b1704d2c-306b-4db7-9c9e-f27a2a93c51e@group-B748E4499EC5:t9, leader=null, voted=null, raftlog=b1704d2c-306b-4db7-9c9e-f27a2a93c51e@group-B748E4499EC5-SegmentedRaftLog:OPENED:c-1, conf=-1: [39e0f2bb-68c5-4e65-9fa8-5a2176253db9|rpc:10.1.0.56:33975|dataStream:|priority:0, b1704d2c-306b-4db7-9c9e-f27a2a93c51e|rpc:10.1.0.56:36313|dataStream:|priority:1, 14685acf-49cf-4105-a1b9-55173786b628|rpc:10.1.0.56:43599|dataStream:|priority:0], old=null
2021-11-12 12:24:24,972 [14685acf-49cf-4105-a1b9-55173786b628@group-B748E4499EC5-LeaderElection25] INFO  impl.LeaderElection (LeaderElection.java:logAndReturn(89)) - 14685acf-49cf-4105-a1b9-55173786b628@group-B748E4499EC5-LeaderElection25: ELECTION REJECTED received 2 response(s) and 0 exception(s):
2021-11-12 12:24:24,972 [14685acf-49cf-4105-a1b9-55173786b628@group-B748E4499EC5-LeaderElection25] INFO  impl.LeaderElection (LeaderElection.java:logAndReturn(93)) -   Response 0: 14685acf-49cf-4105-a1b9-55173786b628<-39e0f2bb-68c5-4e65-9fa8-5a2176253db9#0:OK-t9
2021-11-12 12:24:24,972 [14685acf-49cf-4105-a1b9-55173786b628@group-B748E4499EC5-LeaderElection25] INFO  impl.LeaderElection (LeaderElection.java:logAndReturn(93)) -   Response 1: 14685acf-49cf-4105-a1b9-55173786b628<-b1704d2c-306b-4db7-9c9e-f27a2a93c51e#0:FAIL-t9
2021-11-12 12:24:24,972 [14685acf-49cf-4105-a1b9-55173786b628@group-B748E4499EC5-LeaderElection25] INFO  impl.LeaderElection (LeaderElection.java:askForVotes(308)) - 14685acf-49cf-4105-a1b9-55173786b628@group-B748E4499EC5-LeaderElection25 ELECTION round 0: result REJECTED
2021-11-12 12:24:24,972 [14685acf-49cf-4105-a1b9-55173786b628@group-B748E4499EC5-LeaderElection25] INFO  server.RaftServer$Division (RaftServerImpl.java:setRole(290)) - 14685acf-49cf-4105-a1b9-55173786b628@group-B748E4499EC5: changes role from CANDIDATE to FOLLOWER at term 9 for REJECTED
2021-11-12 12:24:24,972 [14685acf-49cf-4105-a1b9-55173786b628@group-B748E4499EC5-LeaderElection25] INFO  impl.RoleInfo (RoleInfo.java:shutdownLeaderElection(121)) - 14685acf-49cf-4105-a1b9-55173786b628: shutdown 14685acf-49cf-4105-a1b9-55173786b628@group-B748E4499EC5-LeaderElection25
2021-11-12 12:24:24,972 [14685acf-49cf-4105-a1b9-55173786b628@group-B748E4499EC5-LeaderElection25] INFO  impl.RoleInfo (RoleInfo.java:updateAndGet(130)) - 14685acf-49cf-4105-a1b9-55173786b628: start 14685acf-49cf-4105-a1b9-55173786b628@group-B748E4499EC5-FollowerState
2021-11-12 12:24:25,536 [Listener at 127.0.0.1/41291] INFO  ozone.MiniOzoneClusterImpl (MiniOzoneClusterImpl.java:lambda$waitForClusterToBeReady$0(235)) - Nodes are ready. Got 3 of 3 DN Heartbeats.
2021-11-12 12:24:25,537 [Listener at 127.0.0.1/41291] INFO  ozone.MiniOzoneClusterImpl (MiniOzoneClusterImpl.java:lambda$waitForClusterToBeReady$0(238)) - Waiting for cluster to exit safe mode
2021-11-12 12:24:25,537 [Listener at 127.0.0.1/41291] INFO  ozone.MiniOzoneClusterImpl (MiniOzoneClusterImpl.java:lambda$waitForClusterToBeReady$0(240)) - SCM became leader
2021-11-12 12:24:26,537 [Listener at 127.0.0.1/41291] INFO  ozone.MiniOzoneClusterImpl (MiniOzoneClusterImpl.java:lambda$waitForClusterToBeReady$0(235)) - Nodes are ready. Got 3 of 3 DN Heartbeats.
2021-11-12 12:24:26,538 [Listener at 127.0.0.1/41291] INFO  ozone.MiniOzoneClusterImpl (MiniOzoneClusterImpl.java:lambda$waitForClusterToBeReady$0(238)) - Waiting for cluster to exit safe mode
2021-11-12 12:24:26,538 [Listener at 127.0.0.1/41291] INFO  ozone.MiniOzoneClusterImpl (MiniOzoneClusterImpl.java:lambda$waitForClusterToBeReady$0(240)) - SCM became leader
2021-11-12 12:24:27,538 [Listener at 127.0.0.1/41291] INFO  ozone.MiniOzoneClusterImpl (MiniOzoneClusterImpl.java:lambda$waitForClusterToBeReady$0(235)) - Nodes are ready. Got 3 of 3 DN Heartbeats.
2021-11-12 12:24:27,538 [Listener at 127.0.0.1/41291] INFO  ozone.MiniOzoneClusterImpl (MiniOzoneClusterImpl.java:lambda$waitForClusterToBeReady$0(238)) - Waiting for cluster to exit safe mode
2021-11-12 12:24:27,538 [Listener at 127.0.0.1/41291] INFO  ozone.MiniOzoneClusterImpl (MiniOzoneClusterImpl.java:lambda$waitForClusterToBeReady$0(240)) - SCM became leader
2021-11-12 12:24:28,538 [Listener at 127.0.0.1/41291] INFO  ozone.MiniOzoneClusterImpl (MiniOzoneClusterImpl.java:lambda$waitForClusterToBeReady$0(235)) - Nodes are ready. Got 3 of 3 DN Heartbeats.
2021-11-12 12:24:28,539 [Listener at 127.0.0.1/41291] INFO  ozone.MiniOzoneClusterImpl (MiniOzoneClusterImpl.java:lambda$waitForClusterToBeReady$0(238)) - Waiting for cluster to exit safe mode
2021-11-12 12:24:28,539 [Listener at 127.0.0.1/41291] INFO  ozone.MiniOzoneClusterImpl (MiniOzoneClusterImpl.java:lambda$waitForClusterToBeReady$0(240)) - SCM became leader
2021-11-12 12:24:29,539 [Listener at 127.0.0.1/41291] INFO  ozone.MiniOzoneClusterImpl (MiniOzoneClusterImpl.java:lambda$waitForClusterToBeReady$0(235)) - Nodes are ready. Got 3 of 3 DN Heartbeats.
2021-11-12 12:24:29,539 [Listener at 127.0.0.1/41291] INFO  ozone.MiniOzoneClusterImpl (MiniOzoneClusterImpl.java:lambda$waitForClusterToBeReady$0(238)) - Waiting for cluster to exit safe mode
2021-11-12 12:24:29,539 [Listener at 127.0.0.1/41291] INFO  ozone.MiniOzoneClusterImpl (MiniOzoneClusterImpl.java:lambda$waitForClusterToBeReady$0(240)) - SCM became leader
2021-11-12 12:24:30,018 [14685acf-49cf-4105-a1b9-55173786b628@group-B748E4499EC5-FollowerState] INFO  impl.FollowerState (FollowerState.java:run(134)) - 14685acf-49cf-4105-a1b9-55173786b628@group-B748E4499EC5-FollowerState: change to CANDIDATE, lastRpcElapsedTime:5045638517ns, electionTimeout:5026ms
2021-11-12 12:24:30,018 [14685acf-49cf-4105-a1b9-55173786b628@group-B748E4499EC5-FollowerState] INFO  impl.RoleInfo (RoleInfo.java:shutdownFollowerState(108)) - 14685acf-49cf-4105-a1b9-55173786b628: shutdown 14685acf-49cf-4105-a1b9-55173786b628@group-B748E4499EC5-FollowerState
2021-11-12 12:24:30,018 [14685acf-49cf-4105-a1b9-55173786b628@group-B748E4499EC5-FollowerState] INFO  server.RaftServer$Division (RaftServerImpl.java:setRole(290)) - 14685acf-49cf-4105-a1b9-55173786b628@group-B748E4499EC5: changes role from  FOLLOWER to CANDIDATE at term 9 for changeToCandidate
2021-11-12 12:24:30,018 [14685acf-49cf-4105-a1b9-55173786b628@group-B748E4499EC5-FollowerState] INFO  server.RaftServerConfigKeys (ConfUtils.java:logGet(44)) - raft.server.leaderelection.pre-vote = false (custom)
2021-11-12 12:24:30,018 [14685acf-49cf-4105-a1b9-55173786b628@group-B748E4499EC5-FollowerState] INFO  impl.RoleInfo (RoleInfo.java:updateAndGet(130)) - 14685acf-49cf-4105-a1b9-55173786b628: start 14685acf-49cf-4105-a1b9-55173786b628@group-B748E4499EC5-LeaderElection26
2021-11-12 12:24:30,036 [14685acf-49cf-4105-a1b9-55173786b628@group-B748E4499EC5-LeaderElection26] INFO  impl.LeaderElection (LeaderElection.java:askForVotes(306)) - 14685acf-49cf-4105-a1b9-55173786b628@group-B748E4499EC5-LeaderElection26 ELECTION round 0: submit vote requests at term 10 for -1: [39e0f2bb-68c5-4e65-9fa8-5a2176253db9|rpc:10.1.0.56:33975|dataStream:|priority:0, b1704d2c-306b-4db7-9c9e-f27a2a93c51e|rpc:10.1.0.56:36313|dataStream:|priority:1, 14685acf-49cf-4105-a1b9-55173786b628|rpc:10.1.0.56:43599|dataStream:|priority:0], old=null
2021-11-12 12:24:30,043 [grpc-default-executor-2] INFO  server.RaftServer$Division (RaftServerImpl.java:requestVote(1046)) - 39e0f2bb-68c5-4e65-9fa8-5a2176253db9@group-B748E4499EC5: receive requestVote(ELECTION, 14685acf-49cf-4105-a1b9-55173786b628, group-B748E4499EC5, 10, (t:0, i:0))
2021-11-12 12:24:30,043 [grpc-default-executor-2] INFO  impl.VoteContext (VoteContext.java:log(48)) - 39e0f2bb-68c5-4e65-9fa8-5a2176253db9@group-B748E4499EC5-FOLLOWER: accept ELECTION from 14685acf-49cf-4105-a1b9-55173786b628: our priority 0 <= candidate's priority 0
2021-11-12 12:24:30,043 [grpc-default-executor-2] INFO  server.RaftServer$Division (RaftServerImpl.java:setRole(290)) - 39e0f2bb-68c5-4e65-9fa8-5a2176253db9@group-B748E4499EC5: changes role from  FOLLOWER to FOLLOWER at term 10 for candidate:14685acf-49cf-4105-a1b9-55173786b628
2021-11-12 12:24:30,043 [grpc-default-executor-2] INFO  impl.RoleInfo (RoleInfo.java:shutdownFollowerState(108)) - 39e0f2bb-68c5-4e65-9fa8-5a2176253db9: shutdown 39e0f2bb-68c5-4e65-9fa8-5a2176253db9@group-B748E4499EC5-FollowerState
2021-11-12 12:24:30,043 [grpc-default-executor-2] INFO  impl.RoleInfo (RoleInfo.java:updateAndGet(130)) - 39e0f2bb-68c5-4e65-9fa8-5a2176253db9: start 39e0f2bb-68c5-4e65-9fa8-5a2176253db9@group-B748E4499EC5-FollowerState
2021-11-12 12:24:30,044 [39e0f2bb-68c5-4e65-9fa8-5a2176253db9@group-B748E4499EC5-FollowerState] INFO  impl.FollowerState (FollowerState.java:run(143)) - 39e0f2bb-68c5-4e65-9fa8-5a2176253db9@group-B748E4499EC5-FollowerState was interrupted: {}
java.lang.InterruptedException: sleep interrupted
	at java.lang.Thread.sleep(Native Method)
	at java.lang.Thread.sleep(Thread.java:340)
	at java.util.concurrent.TimeUnit.sleep(TimeUnit.java:386)
	at org.apache.ratis.util.TimeDuration.sleep(TimeDuration.java:324)
	at org.apache.ratis.util.TimeDuration.sleep(TimeDuration.java:309)
	at org.apache.ratis.server.impl.FollowerState.run(FollowerState.java:118)
2021-11-12 12:24:30,053 [grpc-default-executor-3] INFO  server.RaftServer$Division (RaftServerImpl.java:requestVote(1046)) - b1704d2c-306b-4db7-9c9e-f27a2a93c51e@group-B748E4499EC5: receive requestVote(ELECTION, 14685acf-49cf-4105-a1b9-55173786b628, group-B748E4499EC5, 10, (t:0, i:0))
2021-11-12 12:24:30,054 [grpc-default-executor-3] INFO  impl.VoteContext (VoteContext.java:log(48)) - b1704d2c-306b-4db7-9c9e-f27a2a93c51e@group-B748E4499EC5-FOLLOWER: reject ELECTION from 14685acf-49cf-4105-a1b9-55173786b628: our priority 1 > candidate's priority 0
2021-11-12 12:24:30,054 [grpc-default-executor-3] INFO  server.RaftServer$Division (RaftServerImpl.java:setRole(290)) - b1704d2c-306b-4db7-9c9e-f27a2a93c51e@group-B748E4499EC5: changes role from  FOLLOWER to FOLLOWER at term 10 for candidate:14685acf-49cf-4105-a1b9-55173786b628
2021-11-12 12:24:30,054 [grpc-default-executor-3] INFO  impl.RoleInfo (RoleInfo.java:shutdownFollowerState(108)) - b1704d2c-306b-4db7-9c9e-f27a2a93c51e: shutdown b1704d2c-306b-4db7-9c9e-f27a2a93c51e@group-B748E4499EC5-FollowerState
2021-11-12 12:24:30,054 [grpc-default-executor-3] INFO  impl.RoleInfo (RoleInfo.java:updateAndGet(130)) - b1704d2c-306b-4db7-9c9e-f27a2a93c51e: start b1704d2c-306b-4db7-9c9e-f27a2a93c51e@group-B748E4499EC5-FollowerState
2021-11-12 12:24:30,055 [b1704d2c-306b-4db7-9c9e-f27a2a93c51e@group-B748E4499EC5-FollowerState] INFO  impl.FollowerState (FollowerState.java:run(143)) - b1704d2c-306b-4db7-9c9e-f27a2a93c51e@group-B748E4499EC5-FollowerState was interrupted: {}
java.lang.InterruptedException: sleep interrupted
	at java.lang.Thread.sleep(Native Method)
	at java.lang.Thread.sleep(Thread.java:340)
	at java.util.concurrent.TimeUnit.sleep(TimeUnit.java:386)
	at org.apache.ratis.util.TimeDuration.sleep(TimeDuration.java:324)
	at org.apache.ratis.util.TimeDuration.sleep(TimeDuration.java:309)
	at org.apache.ratis.server.impl.FollowerState.run(FollowerState.java:118)
2021-11-12 12:24:30,054 [grpc-default-executor-2] INFO  server.RaftServer$Division (RaftServerImpl.java:requestVote(1078)) - 39e0f2bb-68c5-4e65-9fa8-5a2176253db9@group-B748E4499EC5 replies to ELECTION vote request: 14685acf-49cf-4105-a1b9-55173786b628<-39e0f2bb-68c5-4e65-9fa8-5a2176253db9#0:OK-t10. Peer's state: 39e0f2bb-68c5-4e65-9fa8-5a2176253db9@group-B748E4499EC5:t10, leader=null, voted=14685acf-49cf-4105-a1b9-55173786b628, raftlog=39e0f2bb-68c5-4e65-9fa8-5a2176253db9@group-B748E4499EC5-SegmentedRaftLog:OPENED:c-1, conf=-1: [39e0f2bb-68c5-4e65-9fa8-5a2176253db9|rpc:10.1.0.56:33975|priority:0, b1704d2c-306b-4db7-9c9e-f27a2a93c51e|rpc:10.1.0.56:36313|priority:1, 14685acf-49cf-4105-a1b9-55173786b628|rpc:10.1.0.56:43599|priority:0], old=null
2021-11-12 12:24:30,064 [grpc-default-executor-3] INFO  server.RaftServer$Division (RaftServerImpl.java:requestVote(1078)) - b1704d2c-306b-4db7-9c9e-f27a2a93c51e@group-B748E4499EC5 replies to ELECTION vote request: 14685acf-49cf-4105-a1b9-55173786b628<-b1704d2c-306b-4db7-9c9e-f27a2a93c51e#0:FAIL-t10. Peer's state: b1704d2c-306b-4db7-9c9e-f27a2a93c51e@group-B748E4499EC5:t10, leader=null, voted=null, raftlog=b1704d2c-306b-4db7-9c9e-f27a2a93c51e@group-B748E4499EC5-SegmentedRaftLog:OPENED:c-1, conf=-1: [39e0f2bb-68c5-4e65-9fa8-5a2176253db9|rpc:10.1.0.56:33975|dataStream:|priority:0, b1704d2c-306b-4db7-9c9e-f27a2a93c51e|rpc:10.1.0.56:36313|dataStream:|priority:1, 14685acf-49cf-4105-a1b9-55173786b628|rpc:10.1.0.56:43599|dataStream:|priority:0], old=null
2021-11-12 12:24:30,081 [14685acf-49cf-4105-a1b9-55173786b628@group-B748E4499EC5-LeaderElection26] INFO  impl.LeaderElection (LeaderElection.java:logAndReturn(89)) - 14685acf-49cf-4105-a1b9-55173786b628@group-B748E4499EC5-LeaderElection26: ELECTION REJECTED received 2 response(s) and 0 exception(s):
2021-11-12 12:24:30,087 [14685acf-49cf-4105-a1b9-55173786b628@group-B748E4499EC5-LeaderElection26] INFO  impl.LeaderElection (LeaderElection.java:logAndReturn(93)) -   Response 0: 14685acf-49cf-4105-a1b9-55173786b628<-39e0f2bb-68c5-4e65-9fa8-5a2176253db9#0:OK-t10
2021-11-12 12:24:30,087 [14685acf-49cf-4105-a1b9-55173786b628@group-B748E4499EC5-LeaderElection26] INFO  impl.LeaderElection (LeaderElection.java:logAndReturn(93)) -   Response 1: 14685acf-49cf-4105-a1b9-55173786b628<-b1704d2c-306b-4db7-9c9e-f27a2a93c51e#0:FAIL-t10
2021-11-12 12:24:30,087 [14685acf-49cf-4105-a1b9-55173786b628@group-B748E4499EC5-LeaderElection26] INFO  impl.LeaderElection (LeaderElection.java:askForVotes(308)) - 14685acf-49cf-4105-a1b9-55173786b628@group-B748E4499EC5-LeaderElection26 ELECTION round 0: result REJECTED
2021-11-12 12:24:30,087 [14685acf-49cf-4105-a1b9-55173786b628@group-B748E4499EC5-LeaderElection26] INFO  server.RaftServer$Division (RaftServerImpl.java:setRole(290)) - 14685acf-49cf-4105-a1b9-55173786b628@group-B748E4499EC5: changes role from CANDIDATE to FOLLOWER at term 10 for REJECTED
2021-11-12 12:24:30,087 [14685acf-49cf-4105-a1b9-55173786b628@group-B748E4499EC5-LeaderElection26] INFO  impl.RoleInfo (RoleInfo.java:shutdownLeaderElection(121)) - 14685acf-49cf-4105-a1b9-55173786b628: shutdown 14685acf-49cf-4105-a1b9-55173786b628@group-B748E4499EC5-LeaderElection26
2021-11-12 12:24:30,087 [14685acf-49cf-4105-a1b9-55173786b628@group-B748E4499EC5-LeaderElection26] INFO  impl.RoleInfo (RoleInfo.java:updateAndGet(130)) - 14685acf-49cf-4105-a1b9-55173786b628: start 14685acf-49cf-4105-a1b9-55173786b628@group-B748E4499EC5-FollowerState
2021-11-12 12:24:30,539 [Listener at 127.0.0.1/41291] INFO  ozone.MiniOzoneClusterImpl (MiniOzoneClusterImpl.java:lambda$waitForClusterToBeReady$0(235)) - Nodes are ready. Got 3 of 3 DN Heartbeats.
2021-11-12 12:24:30,540 [Listener at 127.0.0.1/41291] INFO  ozone.MiniOzoneClusterImpl (MiniOzoneClusterImpl.java:lambda$waitForClusterToBeReady$0(238)) - Waiting for cluster to exit safe mode
2021-11-12 12:24:30,540 [Listener at 127.0.0.1/41291] INFO  ozone.MiniOzoneClusterImpl (MiniOzoneClusterImpl.java:lambda$waitForClusterToBeReady$0(240)) - SCM became leader
2021-11-12 12:24:31,541 [Listener at 127.0.0.1/41291] INFO  ozone.MiniOzoneClusterImpl (MiniOzoneClusterImpl.java:lambda$waitForClusterToBeReady$0(235)) - Nodes are ready. Got 3 of 3 DN Heartbeats.
2021-11-12 12:24:31,541 [Listener at 127.0.0.1/41291] INFO  ozone.MiniOzoneClusterImpl (MiniOzoneClusterImpl.java:lambda$waitForClusterToBeReady$0(238)) - Waiting for cluster to exit safe mode
2021-11-12 12:24:31,542 [Listener at 127.0.0.1/41291] INFO  ozone.MiniOzoneClusterImpl (MiniOzoneClusterImpl.java:lambda$waitForClusterToBeReady$0(240)) - SCM became leader
2021-11-12 12:24:32,542 [Listener at 127.0.0.1/41291] INFO  ozone.MiniOzoneClusterImpl (MiniOzoneClusterImpl.java:lambda$waitForClusterToBeReady$0(235)) - Nodes are ready. Got 3 of 3 DN Heartbeats.
2021-11-12 12:24:32,542 [Listener at 127.0.0.1/41291] INFO  ozone.MiniOzoneClusterImpl (MiniOzoneClusterImpl.java:lambda$waitForClusterToBeReady$0(238)) - Waiting for cluster to exit safe mode
2021-11-12 12:24:32,543 [Listener at 127.0.0.1/41291] INFO  ozone.MiniOzoneClusterImpl (MiniOzoneClusterImpl.java:lambda$waitForClusterToBeReady$0(240)) - SCM became leader
2021-11-12 12:24:33,543 [Listener at 127.0.0.1/41291] INFO  ozone.MiniOzoneClusterImpl (MiniOzoneClusterImpl.java:lambda$waitForClusterToBeReady$0(235)) - Nodes are ready. Got 3 of 3 DN Heartbeats.
2021-11-12 12:24:33,543 [Listener at 127.0.0.1/41291] INFO  ozone.MiniOzoneClusterImpl (MiniOzoneClusterImpl.java:lambda$waitForClusterToBeReady$0(238)) - Waiting for cluster to exit safe mode
2021-11-12 12:24:33,543 [Listener at 127.0.0.1/41291] INFO  ozone.MiniOzoneClusterImpl (MiniOzoneClusterImpl.java:lambda$waitForClusterToBeReady$0(240)) - SCM became leader
2021-11-12 12:24:34,543 [Listener at 127.0.0.1/41291] INFO  ozone.MiniOzoneClusterImpl (MiniOzoneClusterImpl.java:lambda$waitForClusterToBeReady$0(235)) - Nodes are ready. Got 3 of 3 DN Heartbeats.
2021-11-12 12:24:34,544 [Listener at 127.0.0.1/41291] INFO  ozone.MiniOzoneClusterImpl (MiniOzoneClusterImpl.java:lambda$waitForClusterToBeReady$0(238)) - Waiting for cluster to exit safe mode
2021-11-12 12:24:34,544 [Listener at 127.0.0.1/41291] INFO  ozone.MiniOzoneClusterImpl (MiniOzoneClusterImpl.java:lambda$waitForClusterToBeReady$0(240)) - SCM became leader
2021-11-12 12:24:35,108 [14685acf-49cf-4105-a1b9-55173786b628@group-B748E4499EC5-FollowerState] INFO  impl.FollowerState (FollowerState.java:run(134)) - 14685acf-49cf-4105-a1b9-55173786b628@group-B748E4499EC5-FollowerState: change to CANDIDATE, lastRpcElapsedTime:5020505450ns, electionTimeout:5005ms
2021-11-12 12:24:35,108 [14685acf-49cf-4105-a1b9-55173786b628@group-B748E4499EC5-FollowerState] INFO  impl.RoleInfo (RoleInfo.java:shutdownFollowerState(108)) - 14685acf-49cf-4105-a1b9-55173786b628: shutdown 14685acf-49cf-4105-a1b9-55173786b628@group-B748E4499EC5-FollowerState
2021-11-12 12:24:35,108 [14685acf-49cf-4105-a1b9-55173786b628@group-B748E4499EC5-FollowerState] INFO  server.RaftServer$Division (RaftServerImpl.java:setRole(290)) - 14685acf-49cf-4105-a1b9-55173786b628@group-B748E4499EC5: changes role from  FOLLOWER to CANDIDATE at term 10 for changeToCandidate
2021-11-12 12:24:35,108 [14685acf-49cf-4105-a1b9-55173786b628@group-B748E4499EC5-FollowerState] INFO  server.RaftServerConfigKeys (ConfUtils.java:logGet(44)) - raft.server.leaderelection.pre-vote = false (custom)
2021-11-12 12:24:35,108 [14685acf-49cf-4105-a1b9-55173786b628@group-B748E4499EC5-FollowerState] INFO  impl.RoleInfo (RoleInfo.java:updateAndGet(130)) - 14685acf-49cf-4105-a1b9-55173786b628: start 14685acf-49cf-4105-a1b9-55173786b628@group-B748E4499EC5-LeaderElection27
2021-11-12 12:24:35,114 [14685acf-49cf-4105-a1b9-55173786b628@group-B748E4499EC5-LeaderElection27] INFO  impl.LeaderElection (LeaderElection.java:askForVotes(306)) - 14685acf-49cf-4105-a1b9-55173786b628@group-B748E4499EC5-LeaderElection27 ELECTION round 0: submit vote requests at term 11 for -1: [39e0f2bb-68c5-4e65-9fa8-5a2176253db9|rpc:10.1.0.56:33975|dataStream:|priority:0, b1704d2c-306b-4db7-9c9e-f27a2a93c51e|rpc:10.1.0.56:36313|dataStream:|priority:1, 14685acf-49cf-4105-a1b9-55173786b628|rpc:10.1.0.56:43599|dataStream:|priority:0], old=null
2021-11-12 12:24:35,122 [grpc-default-executor-3] INFO  server.RaftServer$Division (RaftServerImpl.java:requestVote(1046)) - 39e0f2bb-68c5-4e65-9fa8-5a2176253db9@group-B748E4499EC5: receive requestVote(ELECTION, 14685acf-49cf-4105-a1b9-55173786b628, group-B748E4499EC5, 11, (t:0, i:0))
2021-11-12 12:24:35,123 [grpc-default-executor-3] INFO  impl.VoteContext (VoteContext.java:log(48)) - 39e0f2bb-68c5-4e65-9fa8-5a2176253db9@group-B748E4499EC5-FOLLOWER: accept ELECTION from 14685acf-49cf-4105-a1b9-55173786b628: our priority 0 <= candidate's priority 0
2021-11-12 12:24:35,123 [grpc-default-executor-3] INFO  server.RaftServer$Division (RaftServerImpl.java:setRole(290)) - 39e0f2bb-68c5-4e65-9fa8-5a2176253db9@group-B748E4499EC5: changes role from  FOLLOWER to FOLLOWER at term 11 for candidate:14685acf-49cf-4105-a1b9-55173786b628
2021-11-12 12:24:35,123 [grpc-default-executor-3] INFO  impl.RoleInfo (RoleInfo.java:shutdownFollowerState(108)) - 39e0f2bb-68c5-4e65-9fa8-5a2176253db9: shutdown 39e0f2bb-68c5-4e65-9fa8-5a2176253db9@group-B748E4499EC5-FollowerState
2021-11-12 12:24:35,123 [grpc-default-executor-3] INFO  impl.RoleInfo (RoleInfo.java:updateAndGet(130)) - 39e0f2bb-68c5-4e65-9fa8-5a2176253db9: start 39e0f2bb-68c5-4e65-9fa8-5a2176253db9@group-B748E4499EC5-FollowerState
2021-11-12 12:24:35,124 [39e0f2bb-68c5-4e65-9fa8-5a2176253db9@group-B748E4499EC5-FollowerState] INFO  impl.FollowerState (FollowerState.java:run(143)) - 39e0f2bb-68c5-4e65-9fa8-5a2176253db9@group-B748E4499EC5-FollowerState was interrupted: {}
java.lang.InterruptedException: sleep interrupted
	at java.lang.Thread.sleep(Native Method)
	at java.lang.Thread.sleep(Thread.java:340)
	at java.util.concurrent.TimeUnit.sleep(TimeUnit.java:386)
	at org.apache.ratis.util.TimeDuration.sleep(TimeDuration.java:324)
	at org.apache.ratis.util.TimeDuration.sleep(TimeDuration.java:309)
	at org.apache.ratis.server.impl.FollowerState.run(FollowerState.java:118)
2021-11-12 12:24:35,125 [grpc-default-executor-3] INFO  server.RaftServer$Division (RaftServerImpl.java:requestVote(1078)) - 39e0f2bb-68c5-4e65-9fa8-5a2176253db9@group-B748E4499EC5 replies to ELECTION vote request: 14685acf-49cf-4105-a1b9-55173786b628<-39e0f2bb-68c5-4e65-9fa8-5a2176253db9#0:OK-t11. Peer's state: 39e0f2bb-68c5-4e65-9fa8-5a2176253db9@group-B748E4499EC5:t11, leader=null, voted=14685acf-49cf-4105-a1b9-55173786b628, raftlog=39e0f2bb-68c5-4e65-9fa8-5a2176253db9@group-B748E4499EC5-SegmentedRaftLog:OPENED:c-1, conf=-1: [39e0f2bb-68c5-4e65-9fa8-5a2176253db9|rpc:10.1.0.56:33975|priority:0, b1704d2c-306b-4db7-9c9e-f27a2a93c51e|rpc:10.1.0.56:36313|priority:1, 14685acf-49cf-4105-a1b9-55173786b628|rpc:10.1.0.56:43599|priority:0], old=null
2021-11-12 12:24:35,137 [b1704d2c-306b-4db7-9c9e-f27a2a93c51e@group-B748E4499EC5-FollowerState] INFO  impl.FollowerState (FollowerState.java:run(134)) - b1704d2c-306b-4db7-9c9e-f27a2a93c51e@group-B748E4499EC5-FollowerState: change to CANDIDATE, lastRpcElapsedTime:5082616585ns, electionTimeout:5050ms
2021-11-12 12:24:35,137 [b1704d2c-306b-4db7-9c9e-f27a2a93c51e@group-B748E4499EC5-FollowerState] INFO  impl.RoleInfo (RoleInfo.java:shutdownFollowerState(108)) - b1704d2c-306b-4db7-9c9e-f27a2a93c51e: shutdown b1704d2c-306b-4db7-9c9e-f27a2a93c51e@group-B748E4499EC5-FollowerState
2021-11-12 12:24:35,137 [b1704d2c-306b-4db7-9c9e-f27a2a93c51e@group-B748E4499EC5-FollowerState] INFO  server.RaftServer$Division (RaftServerImpl.java:setRole(290)) - b1704d2c-306b-4db7-9c9e-f27a2a93c51e@group-B748E4499EC5: changes role from  FOLLOWER to CANDIDATE at term 10 for changeToCandidate
2021-11-12 12:24:35,137 [b1704d2c-306b-4db7-9c9e-f27a2a93c51e@group-B748E4499EC5-FollowerState] INFO  server.RaftServerConfigKeys (ConfUtils.java:logGet(44)) - raft.server.leaderelection.pre-vote = false (custom)
2021-11-12 12:24:35,137 [b1704d2c-306b-4db7-9c9e-f27a2a93c51e@group-B748E4499EC5-FollowerState] INFO  impl.RoleInfo (RoleInfo.java:updateAndGet(130)) - b1704d2c-306b-4db7-9c9e-f27a2a93c51e: start b1704d2c-306b-4db7-9c9e-f27a2a93c51e@group-B748E4499EC5-LeaderElection28
2021-11-12 12:24:35,152 [grpc-default-executor-3] INFO  server.RaftServer$Division (RaftServerImpl.java:requestVote(1046)) - b1704d2c-306b-4db7-9c9e-f27a2a93c51e@group-B748E4499EC5: receive requestVote(ELECTION, 14685acf-49cf-4105-a1b9-55173786b628, group-B748E4499EC5, 11, (t:0, i:0))
2021-11-12 12:24:35,153 [grpc-default-executor-3] INFO  impl.VoteContext (VoteContext.java:log(48)) - b1704d2c-306b-4db7-9c9e-f27a2a93c51e@group-B748E4499EC5-CANDIDATE: reject ELECTION from 14685acf-49cf-4105-a1b9-55173786b628: already has voted for b1704d2c-306b-4db7-9c9e-f27a2a93c51e at current term 11
2021-11-12 12:24:35,153 [grpc-default-executor-3] INFO  server.RaftServer$Division (RaftServerImpl.java:requestVote(1078)) - b1704d2c-306b-4db7-9c9e-f27a2a93c51e@group-B748E4499EC5 replies to ELECTION vote request: 14685acf-49cf-4105-a1b9-55173786b628<-b1704d2c-306b-4db7-9c9e-f27a2a93c51e#0:FAIL-t11. Peer's state: b1704d2c-306b-4db7-9c9e-f27a2a93c51e@group-B748E4499EC5:t11, leader=null, voted=b1704d2c-306b-4db7-9c9e-f27a2a93c51e, raftlog=b1704d2c-306b-4db7-9c9e-f27a2a93c51e@group-B748E4499EC5-SegmentedRaftLog:OPENED:c-1, conf=-1: [39e0f2bb-68c5-4e65-9fa8-5a2176253db9|rpc:10.1.0.56:33975|dataStream:|priority:0, b1704d2c-306b-4db7-9c9e-f27a2a93c51e|rpc:10.1.0.56:36313|dataStream:|priority:1, 14685acf-49cf-4105-a1b9-55173786b628|rpc:10.1.0.56:43599|dataStream:|priority:0], old=null
2021-11-12 12:24:35,154 [b1704d2c-306b-4db7-9c9e-f27a2a93c51e@group-B748E4499EC5-LeaderElection28] INFO  impl.LeaderElection (LeaderElection.java:askForVotes(306)) - b1704d2c-306b-4db7-9c9e-f27a2a93c51e@group-B748E4499EC5-LeaderElection28 ELECTION round 0: submit vote requests at term 11 for -1: [39e0f2bb-68c5-4e65-9fa8-5a2176253db9|rpc:10.1.0.56:33975|dataStream:|priority:0, b1704d2c-306b-4db7-9c9e-f27a2a93c51e|rpc:10.1.0.56:36313|dataStream:|priority:1, 14685acf-49cf-4105-a1b9-55173786b628|rpc:10.1.0.56:43599|dataStream:|priority:0], old=null
2021-11-12 12:24:35,167 [14685acf-49cf-4105-a1b9-55173786b628@group-B748E4499EC5-LeaderElection27] INFO  impl.LeaderElection (LeaderElection.java:logAndReturn(89)) - 14685acf-49cf-4105-a1b9-55173786b628@group-B748E4499EC5-LeaderElection27: ELECTION REJECTED received 2 response(s) and 0 exception(s):
2021-11-12 12:24:35,180 [14685acf-49cf-4105-a1b9-55173786b628@group-B748E4499EC5-LeaderElection27] INFO  impl.LeaderElection (LeaderElection.java:logAndReturn(93)) -   Response 0: 14685acf-49cf-4105-a1b9-55173786b628<-39e0f2bb-68c5-4e65-9fa8-5a2176253db9#0:OK-t11
2021-11-12 12:24:35,180 [14685acf-49cf-4105-a1b9-55173786b628@group-B748E4499EC5-LeaderElection27] INFO  impl.LeaderElection (LeaderElection.java:logAndReturn(93)) -   Response 1: 14685acf-49cf-4105-a1b9-55173786b628<-b1704d2c-306b-4db7-9c9e-f27a2a93c51e#0:FAIL-t11
2021-11-12 12:24:35,180 [14685acf-49cf-4105-a1b9-55173786b628@group-B748E4499EC5-LeaderElection27] INFO  impl.LeaderElection (LeaderElection.java:askForVotes(308)) - 14685acf-49cf-4105-a1b9-55173786b628@group-B748E4499EC5-LeaderElection27 ELECTION round 0: result REJECTED
2021-11-12 12:24:35,180 [14685acf-49cf-4105-a1b9-55173786b628@group-B748E4499EC5-LeaderElection27] INFO  server.RaftServer$Division (RaftServerImpl.java:setRole(290)) - 14685acf-49cf-4105-a1b9-55173786b628@group-B748E4499EC5: changes role from CANDIDATE to FOLLOWER at term 11 for REJECTED
2021-11-12 12:24:35,180 [14685acf-49cf-4105-a1b9-55173786b628@group-B748E4499EC5-LeaderElection27] INFO  impl.RoleInfo (RoleInfo.java:shutdownLeaderElection(121)) - 14685acf-49cf-4105-a1b9-55173786b628: shutdown 14685acf-49cf-4105-a1b9-55173786b628@group-B748E4499EC5-LeaderElection27
2021-11-12 12:24:35,181 [14685acf-49cf-4105-a1b9-55173786b628@group-B748E4499EC5-LeaderElection27] INFO  impl.RoleInfo (RoleInfo.java:updateAndGet(130)) - 14685acf-49cf-4105-a1b9-55173786b628: start 14685acf-49cf-4105-a1b9-55173786b628@group-B748E4499EC5-FollowerState
2021-11-12 12:24:35,187 [grpc-default-executor-3] INFO  server.RaftServer$Division (RaftServerImpl.java:requestVote(1046)) - 39e0f2bb-68c5-4e65-9fa8-5a2176253db9@group-B748E4499EC5: receive requestVote(ELECTION, b1704d2c-306b-4db7-9c9e-f27a2a93c51e, group-B748E4499EC5, 11, (t:0, i:0))
2021-11-12 12:24:35,191 [grpc-default-executor-3] INFO  impl.VoteContext (VoteContext.java:log(48)) - 39e0f2bb-68c5-4e65-9fa8-5a2176253db9@group-B748E4499EC5-FOLLOWER: reject ELECTION from b1704d2c-306b-4db7-9c9e-f27a2a93c51e: already has voted for 14685acf-49cf-4105-a1b9-55173786b628 at current term 11
2021-11-12 12:24:35,191 [grpc-default-executor-2] INFO  server.RaftServer$Division (RaftServerImpl.java:requestVote(1046)) - 14685acf-49cf-4105-a1b9-55173786b628@group-B748E4499EC5: receive requestVote(ELECTION, b1704d2c-306b-4db7-9c9e-f27a2a93c51e, group-B748E4499EC5, 11, (t:0, i:0))
2021-11-12 12:24:35,191 [grpc-default-executor-3] INFO  server.RaftServer$Division (RaftServerImpl.java:requestVote(1078)) - 39e0f2bb-68c5-4e65-9fa8-5a2176253db9@group-B748E4499EC5 replies to ELECTION vote request: b1704d2c-306b-4db7-9c9e-f27a2a93c51e<-39e0f2bb-68c5-4e65-9fa8-5a2176253db9#0:FAIL-t11. Peer's state: 39e0f2bb-68c5-4e65-9fa8-5a2176253db9@group-B748E4499EC5:t11, leader=null, voted=14685acf-49cf-4105-a1b9-55173786b628, raftlog=39e0f2bb-68c5-4e65-9fa8-5a2176253db9@group-B748E4499EC5-SegmentedRaftLog:OPENED:c-1, conf=-1: [39e0f2bb-68c5-4e65-9fa8-5a2176253db9|rpc:10.1.0.56:33975|priority:0, b1704d2c-306b-4db7-9c9e-f27a2a93c51e|rpc:10.1.0.56:36313|priority:1, 14685acf-49cf-4105-a1b9-55173786b628|rpc:10.1.0.56:43599|priority:0], old=null
2021-11-12 12:24:35,191 [grpc-default-executor-2] INFO  impl.VoteContext (VoteContext.java:log(48)) - 14685acf-49cf-4105-a1b9-55173786b628@group-B748E4499EC5-FOLLOWER: reject ELECTION from b1704d2c-306b-4db7-9c9e-f27a2a93c51e: already has voted for 14685acf-49cf-4105-a1b9-55173786b628 at current term 11
2021-11-12 12:24:35,191 [grpc-default-executor-2] INFO  server.RaftServer$Division (RaftServerImpl.java:requestVote(1078)) - 14685acf-49cf-4105-a1b9-55173786b628@group-B748E4499EC5 replies to ELECTION vote request: b1704d2c-306b-4db7-9c9e-f27a2a93c51e<-14685acf-49cf-4105-a1b9-55173786b628#0:FAIL-t11. Peer's state: 14685acf-49cf-4105-a1b9-55173786b628@group-B748E4499EC5:t11, leader=null, voted=14685acf-49cf-4105-a1b9-55173786b628, raftlog=14685acf-49cf-4105-a1b9-55173786b628@group-B748E4499EC5-SegmentedRaftLog:OPENED:c-1, conf=-1: [39e0f2bb-68c5-4e65-9fa8-5a2176253db9|rpc:10.1.0.56:33975|dataStream:|priority:0, b1704d2c-306b-4db7-9c9e-f27a2a93c51e|rpc:10.1.0.56:36313|dataStream:|priority:1, 14685acf-49cf-4105-a1b9-55173786b628|rpc:10.1.0.56:43599|dataStream:|priority:0], old=null
2021-11-12 12:24:35,194 [b1704d2c-306b-4db7-9c9e-f27a2a93c51e@group-B748E4499EC5-LeaderElection28] INFO  impl.LeaderElection (LeaderElection.java:logAndReturn(89)) - b1704d2c-306b-4db7-9c9e-f27a2a93c51e@group-B748E4499EC5-LeaderElection28: ELECTION REJECTED received 2 response(s) and 0 exception(s):
2021-11-12 12:24:35,198 [b1704d2c-306b-4db7-9c9e-f27a2a93c51e@group-B748E4499EC5-LeaderElection28] INFO  impl.LeaderElection (LeaderElection.java:logAndReturn(93)) -   Response 0: b1704d2c-306b-4db7-9c9e-f27a2a93c51e<-39e0f2bb-68c5-4e65-9fa8-5a2176253db9#0:FAIL-t11
2021-11-12 12:24:35,198 [b1704d2c-306b-4db7-9c9e-f27a2a93c51e@group-B748E4499EC5-LeaderElection28] INFO  impl.LeaderElection (LeaderElection.java:logAndReturn(93)) -   Response 1: b1704d2c-306b-4db7-9c9e-f27a2a93c51e<-14685acf-49cf-4105-a1b9-55173786b628#0:FAIL-t11
2021-11-12 12:24:35,198 [b1704d2c-306b-4db7-9c9e-f27a2a93c51e@group-B748E4499EC5-LeaderElection28] INFO  impl.LeaderElection (LeaderElection.java:askForVotes(308)) - b1704d2c-306b-4db7-9c9e-f27a2a93c51e@group-B748E4499EC5-LeaderElection28 ELECTION round 0: result REJECTED
2021-11-12 12:24:35,202 [b1704d2c-306b-4db7-9c9e-f27a2a93c51e@group-B748E4499EC5-LeaderElection28] INFO  server.RaftServer$Division (RaftServerImpl.java:setRole(290)) - b1704d2c-306b-4db7-9c9e-f27a2a93c51e@group-B748E4499EC5: changes role from CANDIDATE to FOLLOWER at term 11 for REJECTED
2021-11-12 12:24:35,202 [b1704d2c-306b-4db7-9c9e-f27a2a93c51e@group-B748E4499EC5-LeaderElection28] INFO  impl.RoleInfo (RoleInfo.java:shutdownLeaderElection(121)) - b1704d2c-306b-4db7-9c9e-f27a2a93c51e: shutdown b1704d2c-306b-4db7-9c9e-f27a2a93c51e@group-B748E4499EC5-LeaderElection28
2021-11-12 12:24:35,203 [b1704d2c-306b-4db7-9c9e-f27a2a93c51e@group-B748E4499EC5-LeaderElection28] INFO  impl.RoleInfo (RoleInfo.java:updateAndGet(130)) - b1704d2c-306b-4db7-9c9e-f27a2a93c51e: start b1704d2c-306b-4db7-9c9e-f27a2a93c51e@group-B748E4499EC5-FollowerState
2021-11-12 12:24:35,544 [Listener at 127.0.0.1/41291] INFO  ozone.MiniOzoneClusterImpl (MiniOzoneClusterImpl.java:lambda$waitForClusterToBeReady$0(235)) - Nodes are ready. Got 3 of 3 DN Heartbeats.
2021-11-12 12:24:35,545 [Listener at 127.0.0.1/41291] INFO  ozone.MiniOzoneClusterImpl (MiniOzoneClusterImpl.java:lambda$waitForClusterToBeReady$0(238)) - Waiting for cluster to exit safe mode
2021-11-12 12:24:35,545 [Listener at 127.0.0.1/41291] INFO  ozone.MiniOzoneClusterImpl (MiniOzoneClusterImpl.java:lambda$waitForClusterToBeReady$0(240)) - SCM became leader
2021-11-12 12:24:36,545 [Listener at 127.0.0.1/41291] INFO  ozone.MiniOzoneClusterImpl (MiniOzoneClusterImpl.java:lambda$waitForClusterToBeReady$0(235)) - Nodes are ready. Got 3 of 3 DN Heartbeats.
2021-11-12 12:24:36,545 [Listener at 127.0.0.1/41291] INFO  ozone.MiniOzoneClusterImpl (MiniOzoneClusterImpl.java:lambda$waitForClusterToBeReady$0(238)) - Waiting for cluster to exit safe mode
2021-11-12 12:24:36,545 [Listener at 127.0.0.1/41291] INFO  ozone.MiniOzoneClusterImpl (MiniOzoneClusterImpl.java:lambda$waitForClusterToBeReady$0(240)) - SCM became leader
2021-11-12 12:24:37,546 [Listener at 127.0.0.1/41291] INFO  ozone.MiniOzoneClusterImpl (MiniOzoneClusterImpl.java:lambda$waitForClusterToBeReady$0(235)) - Nodes are ready. Got 3 of 3 DN Heartbeats.
2021-11-12 12:24:37,546 [Listener at 127.0.0.1/41291] INFO  ozone.MiniOzoneClusterImpl (MiniOzoneClusterImpl.java:lambda$waitForClusterToBeReady$0(238)) - Waiting for cluster to exit safe mode
2021-11-12 12:24:37,546 [Listener at 127.0.0.1/41291] INFO  ozone.MiniOzoneClusterImpl (MiniOzoneClusterImpl.java:lambda$waitForClusterToBeReady$0(240)) - SCM became leader
2021-11-12 12:24:38,546 [Listener at 127.0.0.1/41291] INFO  ozone.MiniOzoneClusterImpl (MiniOzoneClusterImpl.java:lambda$waitForClusterToBeReady$0(235)) - Nodes are ready. Got 3 of 3 DN Heartbeats.
2021-11-12 12:24:38,546 [Listener at 127.0.0.1/41291] INFO  ozone.MiniOzoneClusterImpl (MiniOzoneClusterImpl.java:lambda$waitForClusterToBeReady$0(238)) - Waiting for cluster to exit safe mode
2021-11-12 12:24:38,546 [Listener at 127.0.0.1/41291] INFO  ozone.MiniOzoneClusterImpl (MiniOzoneClusterImpl.java:lambda$waitForClusterToBeReady$0(240)) - SCM became leader
2021-11-12 12:24:39,547 [Listener at 127.0.0.1/41291] INFO  ozone.MiniOzoneClusterImpl (MiniOzoneClusterImpl.java:lambda$waitForClusterToBeReady$0(235)) - Nodes are ready. Got 3 of 3 DN Heartbeats.
2021-11-12 12:24:39,547 [Listener at 127.0.0.1/41291] INFO  ozone.MiniOzoneClusterImpl (MiniOzoneClusterImpl.java:lambda$waitForClusterToBeReady$0(238)) - Waiting for cluster to exit safe mode
2021-11-12 12:24:39,547 [Listener at 127.0.0.1/41291] INFO  ozone.MiniOzoneClusterImpl (MiniOzoneClusterImpl.java:lambda$waitForClusterToBeReady$0(240)) - SCM became leader
2021-11-12 12:24:40,186 [14685acf-49cf-4105-a1b9-55173786b628@group-B748E4499EC5-FollowerState] INFO  impl.FollowerState (FollowerState.java:run(134)) - 14685acf-49cf-4105-a1b9-55173786b628@group-B748E4499EC5-FollowerState: change to CANDIDATE, lastRpcElapsedTime:5005954595ns, electionTimeout:5005ms
2021-11-12 12:24:40,187 [14685acf-49cf-4105-a1b9-55173786b628@group-B748E4499EC5-FollowerState] INFO  impl.RoleInfo (RoleInfo.java:shutdownFollowerState(108)) - 14685acf-49cf-4105-a1b9-55173786b628: shutdown 14685acf-49cf-4105-a1b9-55173786b628@group-B748E4499EC5-FollowerState
2021-11-12 12:24:40,187 [14685acf-49cf-4105-a1b9-55173786b628@group-B748E4499EC5-FollowerState] INFO  server.RaftServer$Division (RaftServerImpl.java:setRole(290)) - 14685acf-49cf-4105-a1b9-55173786b628@group-B748E4499EC5: changes role from  FOLLOWER to CANDIDATE at term 11 for changeToCandidate
2021-11-12 12:24:40,187 [14685acf-49cf-4105-a1b9-55173786b628@group-B748E4499EC5-FollowerState] INFO  server.RaftServerConfigKeys (ConfUtils.java:logGet(44)) - raft.server.leaderelection.pre-vote = false (custom)
2021-11-12 12:24:40,187 [14685acf-49cf-4105-a1b9-55173786b628@group-B748E4499EC5-FollowerState] INFO  impl.RoleInfo (RoleInfo.java:updateAndGet(130)) - 14685acf-49cf-4105-a1b9-55173786b628: start 14685acf-49cf-4105-a1b9-55173786b628@group-B748E4499EC5-LeaderElection29
2021-11-12 12:24:40,203 [14685acf-49cf-4105-a1b9-55173786b628@group-B748E4499EC5-LeaderElection29] INFO  impl.LeaderElection (LeaderElection.java:askForVotes(306)) - 14685acf-49cf-4105-a1b9-55173786b628@group-B748E4499EC5-LeaderElection29 ELECTION round 0: submit vote requests at term 12 for -1: [39e0f2bb-68c5-4e65-9fa8-5a2176253db9|rpc:10.1.0.56:33975|dataStream:|priority:0, b1704d2c-306b-4db7-9c9e-f27a2a93c51e|rpc:10.1.0.56:36313|dataStream:|priority:1, 14685acf-49cf-4105-a1b9-55173786b628|rpc:10.1.0.56:43599|dataStream:|priority:0], old=null
2021-11-12 12:24:40,211 [grpc-default-executor-2] INFO  server.RaftServer$Division (RaftServerImpl.java:requestVote(1046)) - 39e0f2bb-68c5-4e65-9fa8-5a2176253db9@group-B748E4499EC5: receive requestVote(ELECTION, 14685acf-49cf-4105-a1b9-55173786b628, group-B748E4499EC5, 12, (t:0, i:0))
2021-11-12 12:24:40,211 [grpc-default-executor-2] INFO  impl.VoteContext (VoteContext.java:log(48)) - 39e0f2bb-68c5-4e65-9fa8-5a2176253db9@group-B748E4499EC5-FOLLOWER: accept ELECTION from 14685acf-49cf-4105-a1b9-55173786b628: our priority 0 <= candidate's priority 0
2021-11-12 12:24:40,212 [grpc-default-executor-2] INFO  server.RaftServer$Division (RaftServerImpl.java:setRole(290)) - 39e0f2bb-68c5-4e65-9fa8-5a2176253db9@group-B748E4499EC5: changes role from  FOLLOWER to FOLLOWER at term 12 for candidate:14685acf-49cf-4105-a1b9-55173786b628
2021-11-12 12:24:40,212 [grpc-default-executor-2] INFO  impl.RoleInfo (RoleInfo.java:shutdownFollowerState(108)) - 39e0f2bb-68c5-4e65-9fa8-5a2176253db9: shutdown 39e0f2bb-68c5-4e65-9fa8-5a2176253db9@group-B748E4499EC5-FollowerState
2021-11-12 12:24:40,212 [grpc-default-executor-2] INFO  impl.RoleInfo (RoleInfo.java:updateAndGet(130)) - 39e0f2bb-68c5-4e65-9fa8-5a2176253db9: start 39e0f2bb-68c5-4e65-9fa8-5a2176253db9@group-B748E4499EC5-FollowerState
2021-11-12 12:24:40,212 [39e0f2bb-68c5-4e65-9fa8-5a2176253db9@group-B748E4499EC5-FollowerState] INFO  impl.FollowerState (FollowerState.java:run(143)) - 39e0f2bb-68c5-4e65-9fa8-5a2176253db9@group-B748E4499EC5-FollowerState was interrupted: {}
java.lang.InterruptedException: sleep interrupted
	at java.lang.Thread.sleep(Native Method)
	at java.lang.Thread.sleep(Thread.java:340)
	at java.util.concurrent.TimeUnit.sleep(TimeUnit.java:386)
	at org.apache.ratis.util.TimeDuration.sleep(TimeDuration.java:324)
	at org.apache.ratis.util.TimeDuration.sleep(TimeDuration.java:309)
	at org.apache.ratis.server.impl.FollowerState.run(FollowerState.java:118)
2021-11-12 12:24:40,217 [grpc-default-executor-2] INFO  server.RaftServer$Division (RaftServerImpl.java:requestVote(1078)) - 39e0f2bb-68c5-4e65-9fa8-5a2176253db9@group-B748E4499EC5 replies to ELECTION vote request: 14685acf-49cf-4105-a1b9-55173786b628<-39e0f2bb-68c5-4e65-9fa8-5a2176253db9#0:OK-t12. Peer's state: 39e0f2bb-68c5-4e65-9fa8-5a2176253db9@group-B748E4499EC5:t12, leader=null, voted=14685acf-49cf-4105-a1b9-55173786b628, raftlog=39e0f2bb-68c5-4e65-9fa8-5a2176253db9@group-B748E4499EC5-SegmentedRaftLog:OPENED:c-1, conf=-1: [39e0f2bb-68c5-4e65-9fa8-5a2176253db9|rpc:10.1.0.56:33975|priority:0, b1704d2c-306b-4db7-9c9e-f27a2a93c51e|rpc:10.1.0.56:36313|priority:1, 14685acf-49cf-4105-a1b9-55173786b628|rpc:10.1.0.56:43599|priority:0], old=null
2021-11-12 12:24:40,226 [grpc-default-executor-2] INFO  server.RaftServer$Division (RaftServerImpl.java:requestVote(1046)) - b1704d2c-306b-4db7-9c9e-f27a2a93c51e@group-B748E4499EC5: receive requestVote(ELECTION, 14685acf-49cf-4105-a1b9-55173786b628, group-B748E4499EC5, 12, (t:0, i:0))
2021-11-12 12:24:40,226 [grpc-default-executor-2] INFO  impl.VoteContext (VoteContext.java:log(48)) - b1704d2c-306b-4db7-9c9e-f27a2a93c51e@group-B748E4499EC5-FOLLOWER: reject ELECTION from 14685acf-49cf-4105-a1b9-55173786b628: our priority 1 > candidate's priority 0
2021-11-12 12:24:40,227 [grpc-default-executor-2] INFO  server.RaftServer$Division (RaftServerImpl.java:setRole(290)) - b1704d2c-306b-4db7-9c9e-f27a2a93c51e@group-B748E4499EC5: changes role from  FOLLOWER to FOLLOWER at term 12 for candidate:14685acf-49cf-4105-a1b9-55173786b628
2021-11-12 12:24:40,227 [grpc-default-executor-2] INFO  impl.RoleInfo (RoleInfo.java:shutdownFollowerState(108)) - b1704d2c-306b-4db7-9c9e-f27a2a93c51e: shutdown b1704d2c-306b-4db7-9c9e-f27a2a93c51e@group-B748E4499EC5-FollowerState
2021-11-12 12:24:40,227 [grpc-default-executor-2] INFO  impl.RoleInfo (RoleInfo.java:updateAndGet(130)) - b1704d2c-306b-4db7-9c9e-f27a2a93c51e: start b1704d2c-306b-4db7-9c9e-f27a2a93c51e@group-B748E4499EC5-FollowerState
2021-11-12 12:24:40,227 [b1704d2c-306b-4db7-9c9e-f27a2a93c51e@group-B748E4499EC5-FollowerState] INFO  impl.FollowerState (FollowerState.java:run(143)) - b1704d2c-306b-4db7-9c9e-f27a2a93c51e@group-B748E4499EC5-FollowerState was interrupted: {}
java.lang.InterruptedException: sleep interrupted
	at java.lang.Thread.sleep(Native Method)
	at java.lang.Thread.sleep(Thread.java:340)
	at java.util.concurrent.TimeUnit.sleep(TimeUnit.java:386)
	at org.apache.ratis.util.TimeDuration.sleep(TimeDuration.java:324)
	at org.apache.ratis.util.TimeDuration.sleep(TimeDuration.java:309)
	at org.apache.ratis.server.impl.FollowerState.run(FollowerState.java:118)
2021-11-12 12:24:40,239 [grpc-default-executor-2] INFO  server.RaftServer$Division (RaftServerImpl.java:requestVote(1078)) - b1704d2c-306b-4db7-9c9e-f27a2a93c51e@group-B748E4499EC5 replies to ELECTION vote request: 14685acf-49cf-4105-a1b9-55173786b628<-b1704d2c-306b-4db7-9c9e-f27a2a93c51e#0:FAIL-t12. Peer's state: b1704d2c-306b-4db7-9c9e-f27a2a93c51e@group-B748E4499EC5:t12, leader=null, voted=null, raftlog=b1704d2c-306b-4db7-9c9e-f27a2a93c51e@group-B748E4499EC5-SegmentedRaftLog:OPENED:c-1, conf=-1: [39e0f2bb-68c5-4e65-9fa8-5a2176253db9|rpc:10.1.0.56:33975|dataStream:|priority:0, b1704d2c-306b-4db7-9c9e-f27a2a93c51e|rpc:10.1.0.56:36313|dataStream:|priority:1, 14685acf-49cf-4105-a1b9-55173786b628|rpc:10.1.0.56:43599|dataStream:|priority:0], old=null
2021-11-12 12:24:40,246 [14685acf-49cf-4105-a1b9-55173786b628@group-B748E4499EC5-LeaderElection29] INFO  impl.LeaderElection (LeaderElection.java:logAndReturn(89)) - 14685acf-49cf-4105-a1b9-55173786b628@group-B748E4499EC5-LeaderElection29: ELECTION REJECTED received 2 response(s) and 0 exception(s):
2021-11-12 12:24:40,246 [14685acf-49cf-4105-a1b9-55173786b628@group-B748E4499EC5-LeaderElection29] INFO  impl.LeaderElection (LeaderElection.java:logAndReturn(93)) -   Response 0: 14685acf-49cf-4105-a1b9-55173786b628<-39e0f2bb-68c5-4e65-9fa8-5a2176253db9#0:OK-t12
2021-11-12 12:24:40,246 [14685acf-49cf-4105-a1b9-55173786b628@group-B748E4499EC5-LeaderElection29] INFO  impl.LeaderElection (LeaderElection.java:logAndReturn(93)) -   Response 1: 14685acf-49cf-4105-a1b9-55173786b628<-b1704d2c-306b-4db7-9c9e-f27a2a93c51e#0:FAIL-t12
2021-11-12 12:24:40,246 [14685acf-49cf-4105-a1b9-55173786b628@group-B748E4499EC5-LeaderElection29] INFO  impl.LeaderElection (LeaderElection.java:askForVotes(308)) - 14685acf-49cf-4105-a1b9-55173786b628@group-B748E4499EC5-LeaderElection29 ELECTION round 0: result REJECTED
2021-11-12 12:24:40,246 [14685acf-49cf-4105-a1b9-55173786b628@group-B748E4499EC5-LeaderElection29] INFO  server.RaftServer$Division (RaftServerImpl.java:setRole(290)) - 14685acf-49cf-4105-a1b9-55173786b628@group-B748E4499EC5: changes role from CANDIDATE to FOLLOWER at term 12 for REJECTED
2021-11-12 12:24:40,246 [14685acf-49cf-4105-a1b9-55173786b628@group-B748E4499EC5-LeaderElection29] INFO  impl.RoleInfo (RoleInfo.java:shutdownLeaderElection(121)) - 14685acf-49cf-4105-a1b9-55173786b628: shutdown 14685acf-49cf-4105-a1b9-55173786b628@group-B748E4499EC5-LeaderElection29
2021-11-12 12:24:40,246 [14685acf-49cf-4105-a1b9-55173786b628@group-B748E4499EC5-LeaderElection29] INFO  impl.RoleInfo (RoleInfo.java:updateAndGet(130)) - 14685acf-49cf-4105-a1b9-55173786b628: start 14685acf-49cf-4105-a1b9-55173786b628@group-B748E4499EC5-FollowerState
2021-11-12 12:24:40,547 [Listener at 127.0.0.1/41291] INFO  ozone.MiniOzoneClusterImpl (MiniOzoneClusterImpl.java:lambda$waitForClusterToBeReady$0(235)) - Nodes are ready. Got 3 of 3 DN Heartbeats.
2021-11-12 12:24:40,555 [Listener at 127.0.0.1/41291] INFO  ozone.MiniOzoneClusterImpl (MiniOzoneClusterImpl.java:lambda$waitForClusterToBeReady$0(238)) - Waiting for cluster to exit safe mode
2021-11-12 12:24:40,555 [Listener at 127.0.0.1/41291] INFO  ozone.MiniOzoneClusterImpl (MiniOzoneClusterImpl.java:lambda$waitForClusterToBeReady$0(240)) - SCM became leader
2021-11-12 12:24:40,796 [EventQueue-OpenPipelineForHealthyPipelineSafeModeRule] INFO  safemode.SCMSafeModeManager (HealthyPipelineSafeModeRule.java:process(124)) - SCM in safe mode. Healthy pipelines reported count is 0, required healthy pipeline reported count is 1
2021-11-12 12:24:41,556 [Listener at 127.0.0.1/41291] INFO  ozone.MiniOzoneClusterImpl (MiniOzoneClusterImpl.java:lambda$waitForClusterToBeReady$0(235)) - Nodes are ready. Got 3 of 3 DN Heartbeats.
2021-11-12 12:24:41,556 [Listener at 127.0.0.1/41291] INFO  ozone.MiniOzoneClusterImpl (MiniOzoneClusterImpl.java:lambda$waitForClusterToBeReady$0(238)) - Waiting for cluster to exit safe mode
2021-11-12 12:24:41,556 [Listener at 127.0.0.1/41291] INFO  ozone.MiniOzoneClusterImpl (MiniOzoneClusterImpl.java:lambda$waitForClusterToBeReady$0(240)) - SCM became leader
2021-11-12 12:24:42,557 [Listener at 127.0.0.1/41291] INFO  ozone.MiniOzoneClusterImpl (MiniOzoneClusterImpl.java:lambda$waitForClusterToBeReady$0(235)) - Nodes are ready. Got 3 of 3 DN Heartbeats.
2021-11-12 12:24:42,557 [Listener at 127.0.0.1/41291] INFO  ozone.MiniOzoneClusterImpl (MiniOzoneClusterImpl.java:lambda$waitForClusterToBeReady$0(238)) - Waiting for cluster to exit safe mode
2021-11-12 12:24:42,557 [Listener at 127.0.0.1/41291] INFO  ozone.MiniOzoneClusterImpl (MiniOzoneClusterImpl.java:lambda$waitForClusterToBeReady$0(240)) - SCM became leader
2021-11-12 12:24:43,557 [Listener at 127.0.0.1/41291] INFO  ozone.MiniOzoneClusterImpl (MiniOzoneClusterImpl.java:lambda$waitForClusterToBeReady$0(235)) - Nodes are ready. Got 3 of 3 DN Heartbeats.
2021-11-12 12:24:43,557 [Listener at 127.0.0.1/41291] INFO  ozone.MiniOzoneClusterImpl (MiniOzoneClusterImpl.java:lambda$waitForClusterToBeReady$0(238)) - Waiting for cluster to exit safe mode
2021-11-12 12:24:43,558 [Listener at 127.0.0.1/41291] INFO  ozone.MiniOzoneClusterImpl (MiniOzoneClusterImpl.java:lambda$waitForClusterToBeReady$0(240)) - SCM became leader
2021-11-12 12:24:44,558 [Listener at 127.0.0.1/41291] INFO  ozone.MiniOzoneClusterImpl (MiniOzoneClusterImpl.java:lambda$waitForClusterToBeReady$0(235)) - Nodes are ready. Got 3 of 3 DN Heartbeats.
2021-11-12 12:24:44,558 [Listener at 127.0.0.1/41291] INFO  ozone.MiniOzoneClusterImpl (MiniOzoneClusterImpl.java:lambda$waitForClusterToBeReady$0(238)) - Waiting for cluster to exit safe mode
2021-11-12 12:24:44,558 [Listener at 127.0.0.1/41291] INFO  ozone.MiniOzoneClusterImpl (MiniOzoneClusterImpl.java:lambda$waitForClusterToBeReady$0(240)) - SCM became leader
2021-11-12 12:24:45,222 [39e0f2bb-68c5-4e65-9fa8-5a2176253db9@group-B748E4499EC5-FollowerState] INFO  impl.FollowerState (FollowerState.java:run(134)) - 39e0f2bb-68c5-4e65-9fa8-5a2176253db9@group-B748E4499EC5-FollowerState: change to CANDIDATE, lastRpcElapsedTime:5005863693ns, electionTimeout:5005ms
2021-11-12 12:24:45,223 [39e0f2bb-68c5-4e65-9fa8-5a2176253db9@group-B748E4499EC5-FollowerState] INFO  impl.RoleInfo (RoleInfo.java:shutdownFollowerState(108)) - 39e0f2bb-68c5-4e65-9fa8-5a2176253db9: shutdown 39e0f2bb-68c5-4e65-9fa8-5a2176253db9@group-B748E4499EC5-FollowerState
2021-11-12 12:24:45,223 [39e0f2bb-68c5-4e65-9fa8-5a2176253db9@group-B748E4499EC5-FollowerState] INFO  server.RaftServer$Division (RaftServerImpl.java:setRole(290)) - 39e0f2bb-68c5-4e65-9fa8-5a2176253db9@group-B748E4499EC5: changes role from  FOLLOWER to CANDIDATE at term 12 for changeToCandidate
2021-11-12 12:24:45,223 [39e0f2bb-68c5-4e65-9fa8-5a2176253db9@group-B748E4499EC5-FollowerState] INFO  server.RaftServerConfigKeys (ConfUtils.java:logGet(44)) - raft.server.leaderelection.pre-vote = false (custom)
2021-11-12 12:24:45,223 [39e0f2bb-68c5-4e65-9fa8-5a2176253db9@group-B748E4499EC5-FollowerState] INFO  impl.RoleInfo (RoleInfo.java:updateAndGet(130)) - 39e0f2bb-68c5-4e65-9fa8-5a2176253db9: start 39e0f2bb-68c5-4e65-9fa8-5a2176253db9@group-B748E4499EC5-LeaderElection30
2021-11-12 12:24:45,243 [39e0f2bb-68c5-4e65-9fa8-5a2176253db9@group-B748E4499EC5-LeaderElection30] INFO  impl.LeaderElection (LeaderElection.java:askForVotes(306)) - 39e0f2bb-68c5-4e65-9fa8-5a2176253db9@group-B748E4499EC5-LeaderElection30 ELECTION round 0: submit vote requests at term 13 for -1: [39e0f2bb-68c5-4e65-9fa8-5a2176253db9|rpc:10.1.0.56:33975|priority:0, b1704d2c-306b-4db7-9c9e-f27a2a93c51e|rpc:10.1.0.56:36313|priority:1, 14685acf-49cf-4105-a1b9-55173786b628|rpc:10.1.0.56:43599|priority:0], old=null
2021-11-12 12:24:45,247 [grpc-default-executor-2] INFO  server.RaftServer$Division (RaftServerImpl.java:requestVote(1046)) - b1704d2c-306b-4db7-9c9e-f27a2a93c51e@group-B748E4499EC5: receive requestVote(ELECTION, 39e0f2bb-68c5-4e65-9fa8-5a2176253db9, group-B748E4499EC5, 13, (t:0, i:0))
2021-11-12 12:24:45,247 [grpc-default-executor-2] INFO  impl.VoteContext (VoteContext.java:log(48)) - b1704d2c-306b-4db7-9c9e-f27a2a93c51e@group-B748E4499EC5-FOLLOWER: reject ELECTION from 39e0f2bb-68c5-4e65-9fa8-5a2176253db9: our priority 1 > candidate's priority 0
2021-11-12 12:24:45,247 [grpc-default-executor-2] INFO  server.RaftServer$Division (RaftServerImpl.java:setRole(290)) - b1704d2c-306b-4db7-9c9e-f27a2a93c51e@group-B748E4499EC5: changes role from  FOLLOWER to FOLLOWER at term 13 for candidate:39e0f2bb-68c5-4e65-9fa8-5a2176253db9
2021-11-12 12:24:45,247 [grpc-default-executor-2] INFO  impl.RoleInfo (RoleInfo.java:shutdownFollowerState(108)) - b1704d2c-306b-4db7-9c9e-f27a2a93c51e: shutdown b1704d2c-306b-4db7-9c9e-f27a2a93c51e@group-B748E4499EC5-FollowerState
2021-11-12 12:24:45,248 [grpc-default-executor-2] INFO  impl.RoleInfo (RoleInfo.java:updateAndGet(130)) - b1704d2c-306b-4db7-9c9e-f27a2a93c51e: start b1704d2c-306b-4db7-9c9e-f27a2a93c51e@group-B748E4499EC5-FollowerState
2021-11-12 12:24:45,248 [b1704d2c-306b-4db7-9c9e-f27a2a93c51e@group-B748E4499EC5-FollowerState] INFO  impl.FollowerState (FollowerState.java:run(143)) - b1704d2c-306b-4db7-9c9e-f27a2a93c51e@group-B748E4499EC5-FollowerState was interrupted: {}
java.lang.InterruptedException: sleep interrupted
	at java.lang.Thread.sleep(Native Method)
	at java.lang.Thread.sleep(Thread.java:340)
	at java.util.concurrent.TimeUnit.sleep(TimeUnit.java:386)
	at org.apache.ratis.util.TimeDuration.sleep(TimeDuration.java:324)
	at org.apache.ratis.util.TimeDuration.sleep(TimeDuration.java:309)
	at org.apache.ratis.server.impl.FollowerState.run(FollowerState.java:118)
2021-11-12 12:24:45,249 [grpc-default-executor-2] INFO  server.RaftServer$Division (RaftServerImpl.java:requestVote(1078)) - b1704d2c-306b-4db7-9c9e-f27a2a93c51e@group-B748E4499EC5 replies to ELECTION vote request: 39e0f2bb-68c5-4e65-9fa8-5a2176253db9<-b1704d2c-306b-4db7-9c9e-f27a2a93c51e#0:FAIL-t13. Peer's state: b1704d2c-306b-4db7-9c9e-f27a2a93c51e@group-B748E4499EC5:t13, leader=null, voted=null, raftlog=b1704d2c-306b-4db7-9c9e-f27a2a93c51e@group-B748E4499EC5-SegmentedRaftLog:OPENED:c-1, conf=-1: [39e0f2bb-68c5-4e65-9fa8-5a2176253db9|rpc:10.1.0.56:33975|dataStream:|priority:0, b1704d2c-306b-4db7-9c9e-f27a2a93c51e|rpc:10.1.0.56:36313|dataStream:|priority:1, 14685acf-49cf-4105-a1b9-55173786b628|rpc:10.1.0.56:43599|dataStream:|priority:0], old=null
2021-11-12 12:24:45,264 [grpc-default-executor-3] INFO  server.RaftServer$Division (RaftServerImpl.java:requestVote(1046)) - 14685acf-49cf-4105-a1b9-55173786b628@group-B748E4499EC5: receive requestVote(ELECTION, 39e0f2bb-68c5-4e65-9fa8-5a2176253db9, group-B748E4499EC5, 13, (t:0, i:0))
2021-11-12 12:24:45,264 [grpc-default-executor-3] INFO  impl.VoteContext (VoteContext.java:log(48)) - 14685acf-49cf-4105-a1b9-55173786b628@group-B748E4499EC5-FOLLOWER: accept ELECTION from 39e0f2bb-68c5-4e65-9fa8-5a2176253db9: our priority 0 <= candidate's priority 0
2021-11-12 12:24:45,264 [grpc-default-executor-3] INFO  server.RaftServer$Division (RaftServerImpl.java:setRole(290)) - 14685acf-49cf-4105-a1b9-55173786b628@group-B748E4499EC5: changes role from  FOLLOWER to FOLLOWER at term 13 for candidate:39e0f2bb-68c5-4e65-9fa8-5a2176253db9
2021-11-12 12:24:45,264 [grpc-default-executor-3] INFO  impl.RoleInfo (RoleInfo.java:shutdownFollowerState(108)) - 14685acf-49cf-4105-a1b9-55173786b628: shutdown 14685acf-49cf-4105-a1b9-55173786b628@group-B748E4499EC5-FollowerState
2021-11-12 12:24:45,264 [grpc-default-executor-3] INFO  impl.RoleInfo (RoleInfo.java:updateAndGet(130)) - 14685acf-49cf-4105-a1b9-55173786b628: start 14685acf-49cf-4105-a1b9-55173786b628@group-B748E4499EC5-FollowerState
2021-11-12 12:24:45,265 [14685acf-49cf-4105-a1b9-55173786b628@group-B748E4499EC5-FollowerState] INFO  impl.FollowerState (FollowerState.java:run(143)) - 14685acf-49cf-4105-a1b9-55173786b628@group-B748E4499EC5-FollowerState was interrupted: {}
java.lang.InterruptedException: sleep interrupted
	at java.lang.Thread.sleep(Native Method)
	at java.lang.Thread.sleep(Thread.java:340)
	at java.util.concurrent.TimeUnit.sleep(TimeUnit.java:386)
	at org.apache.ratis.util.TimeDuration.sleep(TimeDuration.java:324)
	at org.apache.ratis.util.TimeDuration.sleep(TimeDuration.java:309)
	at org.apache.ratis.server.impl.FollowerState.run(FollowerState.java:118)
2021-11-12 12:24:45,266 [39e0f2bb-68c5-4e65-9fa8-5a2176253db9@group-B748E4499EC5-LeaderElection30] INFO  impl.LeaderElection (LeaderElection.java:logAndReturn(89)) - 39e0f2bb-68c5-4e65-9fa8-5a2176253db9@group-B748E4499EC5-LeaderElection30: ELECTION REJECTED received 1 response(s) and 0 exception(s):
2021-11-12 12:24:45,266 [39e0f2bb-68c5-4e65-9fa8-5a2176253db9@group-B748E4499EC5-LeaderElection30] INFO  impl.LeaderElection (LeaderElection.java:logAndReturn(93)) -   Response 0: 39e0f2bb-68c5-4e65-9fa8-5a2176253db9<-b1704d2c-306b-4db7-9c9e-f27a2a93c51e#0:FAIL-t13
2021-11-12 12:24:45,266 [39e0f2bb-68c5-4e65-9fa8-5a2176253db9@group-B748E4499EC5-LeaderElection30] INFO  impl.LeaderElection (LeaderElection.java:askForVotes(308)) - 39e0f2bb-68c5-4e65-9fa8-5a2176253db9@group-B748E4499EC5-LeaderElection30 ELECTION round 0: result REJECTED
2021-11-12 12:24:45,266 [39e0f2bb-68c5-4e65-9fa8-5a2176253db9@group-B748E4499EC5-LeaderElection30] INFO  server.RaftServer$Division (RaftServerImpl.java:setRole(290)) - 39e0f2bb-68c5-4e65-9fa8-5a2176253db9@group-B748E4499EC5: changes role from CANDIDATE to FOLLOWER at term 13 for REJECTED
2021-11-12 12:24:45,266 [39e0f2bb-68c5-4e65-9fa8-5a2176253db9@group-B748E4499EC5-LeaderElection30] INFO  impl.RoleInfo (RoleInfo.java:shutdownLeaderElection(121)) - 39e0f2bb-68c5-4e65-9fa8-5a2176253db9: shutdown 39e0f2bb-68c5-4e65-9fa8-5a2176253db9@group-B748E4499EC5-LeaderElection30
2021-11-12 12:24:45,266 [39e0f2bb-68c5-4e65-9fa8-5a2176253db9@group-B748E4499EC5-LeaderElection30] INFO  impl.RoleInfo (RoleInfo.java:updateAndGet(130)) - 39e0f2bb-68c5-4e65-9fa8-5a2176253db9: start 39e0f2bb-68c5-4e65-9fa8-5a2176253db9@group-B748E4499EC5-FollowerState
2021-11-12 12:24:45,284 [grpc-default-executor-3] INFO  server.RaftServer$Division (RaftServerImpl.java:requestVote(1078)) - 14685acf-49cf-4105-a1b9-55173786b628@group-B748E4499EC5 replies to ELECTION vote request: 39e0f2bb-68c5-4e65-9fa8-5a2176253db9<-14685acf-49cf-4105-a1b9-55173786b628#0:OK-t13. Peer's state: 14685acf-49cf-4105-a1b9-55173786b628@group-B748E4499EC5:t13, leader=null, voted=39e0f2bb-68c5-4e65-9fa8-5a2176253db9, raftlog=14685acf-49cf-4105-a1b9-55173786b628@group-B748E4499EC5-SegmentedRaftLog:OPENED:c-1, conf=-1: [39e0f2bb-68c5-4e65-9fa8-5a2176253db9|rpc:10.1.0.56:33975|dataStream:|priority:0, b1704d2c-306b-4db7-9c9e-f27a2a93c51e|rpc:10.1.0.56:36313|dataStream:|priority:1, 14685acf-49cf-4105-a1b9-55173786b628|rpc:10.1.0.56:43599|dataStream:|priority:0], old=null
2021-11-12 12:24:45,558 [Listener at 127.0.0.1/41291] INFO  ozone.MiniOzoneClusterImpl (MiniOzoneClusterImpl.java:lambda$waitForClusterToBeReady$0(235)) - Nodes are ready. Got 3 of 3 DN Heartbeats.
2021-11-12 12:24:45,558 [Listener at 127.0.0.1/41291] INFO  ozone.MiniOzoneClusterImpl (MiniOzoneClusterImpl.java:lambda$waitForClusterToBeReady$0(238)) - Waiting for cluster to exit safe mode
2021-11-12 12:24:45,558 [Listener at 127.0.0.1/41291] INFO  ozone.MiniOzoneClusterImpl (MiniOzoneClusterImpl.java:lambda$waitForClusterToBeReady$0(240)) - SCM became leader
2021-11-12 12:24:46,559 [Listener at 127.0.0.1/41291] INFO  ozone.MiniOzoneClusterImpl (MiniOzoneClusterImpl.java:lambda$waitForClusterToBeReady$0(235)) - Nodes are ready. Got 3 of 3 DN Heartbeats.
2021-11-12 12:24:46,559 [Listener at 127.0.0.1/41291] INFO  ozone.MiniOzoneClusterImpl (MiniOzoneClusterImpl.java:lambda$waitForClusterToBeReady$0(238)) - Waiting for cluster to exit safe mode
2021-11-12 12:24:46,559 [Listener at 127.0.0.1/41291] INFO  ozone.MiniOzoneClusterImpl (MiniOzoneClusterImpl.java:lambda$waitForClusterToBeReady$0(240)) - SCM became leader
2021-11-12 12:24:47,559 [Listener at 127.0.0.1/41291] INFO  ozone.MiniOzoneClusterImpl (MiniOzoneClusterImpl.java:lambda$waitForClusterToBeReady$0(235)) - Nodes are ready. Got 3 of 3 DN Heartbeats.
2021-11-12 12:24:47,560 [Listener at 127.0.0.1/41291] INFO  ozone.MiniOzoneClusterImpl (MiniOzoneClusterImpl.java:lambda$waitForClusterToBeReady$0(238)) - Waiting for cluster to exit safe mode
2021-11-12 12:24:47,560 [Listener at 127.0.0.1/41291] INFO  ozone.MiniOzoneClusterImpl (MiniOzoneClusterImpl.java:lambda$waitForClusterToBeReady$0(240)) - SCM became leader
2021-11-12 12:24:48,560 [Listener at 127.0.0.1/41291] INFO  ozone.MiniOzoneClusterImpl (MiniOzoneClusterImpl.java:lambda$waitForClusterToBeReady$0(235)) - Nodes are ready. Got 3 of 3 DN Heartbeats.
2021-11-12 12:24:48,560 [Listener at 127.0.0.1/41291] INFO  ozone.MiniOzoneClusterImpl (MiniOzoneClusterImpl.java:lambda$waitForClusterToBeReady$0(238)) - Waiting for cluster to exit safe mode
2021-11-12 12:24:48,560 [Listener at 127.0.0.1/41291] INFO  ozone.MiniOzoneClusterImpl (MiniOzoneClusterImpl.java:lambda$waitForClusterToBeReady$0(240)) - SCM became leader
2021-11-12 12:24:49,560 [Listener at 127.0.0.1/41291] INFO  ozone.MiniOzoneClusterImpl (MiniOzoneClusterImpl.java:lambda$waitForClusterToBeReady$0(235)) - Nodes are ready. Got 3 of 3 DN Heartbeats.
2021-11-12 12:24:49,561 [Listener at 127.0.0.1/41291] INFO  ozone.MiniOzoneClusterImpl (MiniOzoneClusterImpl.java:lambda$waitForClusterToBeReady$0(238)) - Waiting for cluster to exit safe mode
2021-11-12 12:24:49,561 [Listener at 127.0.0.1/41291] INFO  ozone.MiniOzoneClusterImpl (MiniOzoneClusterImpl.java:lambda$waitForClusterToBeReady$0(240)) - SCM became leader
2021-11-12 12:24:50,299 [b1704d2c-306b-4db7-9c9e-f27a2a93c51e@group-B748E4499EC5-FollowerState] INFO  impl.FollowerState (FollowerState.java:run(134)) - b1704d2c-306b-4db7-9c9e-f27a2a93c51e@group-B748E4499EC5-FollowerState: change to CANDIDATE, lastRpcElapsedTime:5051210051ns, electionTimeout:5037ms
2021-11-12 12:24:50,300 [b1704d2c-306b-4db7-9c9e-f27a2a93c51e@group-B748E4499EC5-FollowerState] INFO  impl.RoleInfo (RoleInfo.java:shutdownFollowerState(108)) - b1704d2c-306b-4db7-9c9e-f27a2a93c51e: shutdown b1704d2c-306b-4db7-9c9e-f27a2a93c51e@group-B748E4499EC5-FollowerState
2021-11-12 12:24:50,300 [b1704d2c-306b-4db7-9c9e-f27a2a93c51e@group-B748E4499EC5-FollowerState] INFO  server.RaftServer$Division (RaftServerImpl.java:setRole(290)) - b1704d2c-306b-4db7-9c9e-f27a2a93c51e@group-B748E4499EC5: changes role from  FOLLOWER to CANDIDATE at term 13 for changeToCandidate
2021-11-12 12:24:50,300 [b1704d2c-306b-4db7-9c9e-f27a2a93c51e@group-B748E4499EC5-FollowerState] INFO  server.RaftServerConfigKeys (ConfUtils.java:logGet(44)) - raft.server.leaderelection.pre-vote = false (custom)
2021-11-12 12:24:50,300 [b1704d2c-306b-4db7-9c9e-f27a2a93c51e@group-B748E4499EC5-FollowerState] INFO  impl.RoleInfo (RoleInfo.java:updateAndGet(130)) - b1704d2c-306b-4db7-9c9e-f27a2a93c51e: start b1704d2c-306b-4db7-9c9e-f27a2a93c51e@group-B748E4499EC5-LeaderElection31
2021-11-12 12:24:50,307 [b1704d2c-306b-4db7-9c9e-f27a2a93c51e@group-B748E4499EC5-LeaderElection31] INFO  impl.LeaderElection (LeaderElection.java:askForVotes(306)) - b1704d2c-306b-4db7-9c9e-f27a2a93c51e@group-B748E4499EC5-LeaderElection31 ELECTION round 0: submit vote requests at term 14 for -1: [39e0f2bb-68c5-4e65-9fa8-5a2176253db9|rpc:10.1.0.56:33975|dataStream:|priority:0, b1704d2c-306b-4db7-9c9e-f27a2a93c51e|rpc:10.1.0.56:36313|dataStream:|priority:1, 14685acf-49cf-4105-a1b9-55173786b628|rpc:10.1.0.56:43599|dataStream:|priority:0], old=null
2021-11-12 12:24:50,320 [grpc-default-executor-3] INFO  server.RaftServer$Division (RaftServerImpl.java:requestVote(1046)) - 14685acf-49cf-4105-a1b9-55173786b628@group-B748E4499EC5: receive requestVote(ELECTION, b1704d2c-306b-4db7-9c9e-f27a2a93c51e, group-B748E4499EC5, 14, (t:0, i:0))
2021-11-12 12:24:50,321 [grpc-default-executor-3] INFO  impl.VoteContext (VoteContext.java:log(48)) - 14685acf-49cf-4105-a1b9-55173786b628@group-B748E4499EC5-FOLLOWER: accept ELECTION from b1704d2c-306b-4db7-9c9e-f27a2a93c51e: our priority 0 <= candidate's priority 1
2021-11-12 12:24:50,321 [grpc-default-executor-3] INFO  server.RaftServer$Division (RaftServerImpl.java:setRole(290)) - 14685acf-49cf-4105-a1b9-55173786b628@group-B748E4499EC5: changes role from  FOLLOWER to FOLLOWER at term 14 for candidate:b1704d2c-306b-4db7-9c9e-f27a2a93c51e
2021-11-12 12:24:50,321 [grpc-default-executor-3] INFO  impl.RoleInfo (RoleInfo.java:shutdownFollowerState(108)) - 14685acf-49cf-4105-a1b9-55173786b628: shutdown 14685acf-49cf-4105-a1b9-55173786b628@group-B748E4499EC5-FollowerState
2021-11-12 12:24:50,321 [grpc-default-executor-3] INFO  impl.RoleInfo (RoleInfo.java:updateAndGet(130)) - 14685acf-49cf-4105-a1b9-55173786b628: start 14685acf-49cf-4105-a1b9-55173786b628@group-B748E4499EC5-FollowerState
2021-11-12 12:24:50,321 [14685acf-49cf-4105-a1b9-55173786b628@group-B748E4499EC5-FollowerState] INFO  impl.FollowerState (FollowerState.java:run(143)) - 14685acf-49cf-4105-a1b9-55173786b628@group-B748E4499EC5-FollowerState was interrupted: {}
java.lang.InterruptedException: sleep interrupted
	at java.lang.Thread.sleep(Native Method)
	at java.lang.Thread.sleep(Thread.java:340)
	at java.util.concurrent.TimeUnit.sleep(TimeUnit.java:386)
	at org.apache.ratis.util.TimeDuration.sleep(TimeDuration.java:324)
	at org.apache.ratis.util.TimeDuration.sleep(TimeDuration.java:309)
	at org.apache.ratis.server.impl.FollowerState.run(FollowerState.java:118)
2021-11-12 12:24:50,325 [grpc-default-executor-3] INFO  server.RaftServer$Division (RaftServerImpl.java:requestVote(1078)) - 14685acf-49cf-4105-a1b9-55173786b628@group-B748E4499EC5 replies to ELECTION vote request: b1704d2c-306b-4db7-9c9e-f27a2a93c51e<-14685acf-49cf-4105-a1b9-55173786b628#0:OK-t14. Peer's state: 14685acf-49cf-4105-a1b9-55173786b628@group-B748E4499EC5:t14, leader=null, voted=b1704d2c-306b-4db7-9c9e-f27a2a93c51e, raftlog=14685acf-49cf-4105-a1b9-55173786b628@group-B748E4499EC5-SegmentedRaftLog:OPENED:c-1, conf=-1: [39e0f2bb-68c5-4e65-9fa8-5a2176253db9|rpc:10.1.0.56:33975|dataStream:|priority:0, b1704d2c-306b-4db7-9c9e-f27a2a93c51e|rpc:10.1.0.56:36313|dataStream:|priority:1, 14685acf-49cf-4105-a1b9-55173786b628|rpc:10.1.0.56:43599|dataStream:|priority:0], old=null
2021-11-12 12:24:50,336 [b1704d2c-306b-4db7-9c9e-f27a2a93c51e@group-B748E4499EC5-LeaderElection31] INFO  impl.LeaderElection (LeaderElection.java:logAndReturn(89)) - b1704d2c-306b-4db7-9c9e-f27a2a93c51e@group-B748E4499EC5-LeaderElection31: ELECTION PASSED received 1 response(s) and 0 exception(s):
2021-11-12 12:24:50,336 [b1704d2c-306b-4db7-9c9e-f27a2a93c51e@group-B748E4499EC5-LeaderElection31] INFO  impl.LeaderElection (LeaderElection.java:logAndReturn(93)) -   Response 0: b1704d2c-306b-4db7-9c9e-f27a2a93c51e<-14685acf-49cf-4105-a1b9-55173786b628#0:OK-t14
2021-11-12 12:24:50,336 [b1704d2c-306b-4db7-9c9e-f27a2a93c51e@group-B748E4499EC5-LeaderElection31] INFO  impl.LeaderElection (LeaderElection.java:askForVotes(308)) - b1704d2c-306b-4db7-9c9e-f27a2a93c51e@group-B748E4499EC5-LeaderElection31 ELECTION round 0: result PASSED
2021-11-12 12:24:50,336 [b1704d2c-306b-4db7-9c9e-f27a2a93c51e@group-B748E4499EC5-LeaderElection31] INFO  impl.RoleInfo (RoleInfo.java:shutdownLeaderElection(121)) - b1704d2c-306b-4db7-9c9e-f27a2a93c51e: shutdown b1704d2c-306b-4db7-9c9e-f27a2a93c51e@group-B748E4499EC5-LeaderElection31
2021-11-12 12:24:50,336 [b1704d2c-306b-4db7-9c9e-f27a2a93c51e@group-B748E4499EC5-LeaderElection31] INFO  server.RaftServer$Division (RaftServerImpl.java:setRole(290)) - b1704d2c-306b-4db7-9c9e-f27a2a93c51e@group-B748E4499EC5: changes role from CANDIDATE to LEADER at term 14 for changeToLeader
2021-11-12 12:24:50,337 [b1704d2c-306b-4db7-9c9e-f27a2a93c51e@group-B748E4499EC5-LeaderElection31] INFO  ratis.XceiverServerRatis (XceiverServerRatis.java:handleLeaderChangedNotification(866)) - Leader change notification received for group: group-B748E4499EC5 with new leaderId: b1704d2c-306b-4db7-9c9e-f27a2a93c51e
2021-11-12 12:24:50,337 [b1704d2c-306b-4db7-9c9e-f27a2a93c51e@group-B748E4499EC5-LeaderElection31] INFO  server.RaftServer$Division (ServerState.java:setLeader(285)) - b1704d2c-306b-4db7-9c9e-f27a2a93c51e@group-B748E4499EC5: change Leader from null to b1704d2c-306b-4db7-9c9e-f27a2a93c51e at term 14 for becomeLeader, leader elected after 71361ms
2021-11-12 12:24:50,337 [b1704d2c-306b-4db7-9c9e-f27a2a93c51e@group-B748E4499EC5-LeaderElection31] INFO  server.RaftServerConfigKeys (ConfUtils.java:logGet(44)) - raft.server.staging.catchup.gap = 1000 (default)
2021-11-12 12:24:50,337 [b1704d2c-306b-4db7-9c9e-f27a2a93c51e@group-B748E4499EC5-LeaderElection31] INFO  server.RaftServerConfigKeys (ConfUtils.java:logGet(44)) - raft.server.write.element-limit = 1024 (custom)
2021-11-12 12:24:50,337 [b1704d2c-306b-4db7-9c9e-f27a2a93c51e@group-B748E4499EC5-LeaderElection31] INFO  server.RaftServerConfigKeys (ConfUtils.java:logGet(44)) - raft.server.write.byte-limit = 1024 M (=1073741824) (custom)
2021-11-12 12:24:50,337 [b1704d2c-306b-4db7-9c9e-f27a2a93c51e@group-B748E4499EC5-LeaderElection31] INFO  server.RaftServerConfigKeys (ConfUtils.java:logGet(44)) - raft.server.watch.timeout = 180s (custom)
2021-11-12 12:24:50,338 [b1704d2c-306b-4db7-9c9e-f27a2a93c51e@group-B748E4499EC5-LeaderElection31] INFO  server.RaftServerConfigKeys (ConfUtils.java:logGet(44)) - raft.server.watch.timeout.denomination = 1s (default)
2021-11-12 12:24:50,338 [b1704d2c-306b-4db7-9c9e-f27a2a93c51e@group-B748E4499EC5-LeaderElection31] INFO  server.RaftServerConfigKeys (ConfUtils.java:logGet(44)) - raft.server.watch.element-limit = 65536 (default)
2021-11-12 12:24:50,338 [b1704d2c-306b-4db7-9c9e-f27a2a93c51e@group-B748E4499EC5-LeaderElection31] INFO  server.RaftServerConfigKeys (ConfUtils.java:logGet(44)) - raft.server.write.element-limit = 1024 (custom)
2021-11-12 12:24:50,338 [b1704d2c-306b-4db7-9c9e-f27a2a93c51e@group-B748E4499EC5-LeaderElection31] INFO  server.RaftServerConfigKeys (ConfUtils.java:logGet(44)) - raft.server.write.follower.gap.ratio.max = -1.0 (default)
2021-11-12 12:24:50,338 [b1704d2c-306b-4db7-9c9e-f27a2a93c51e@group-B748E4499EC5-LeaderElection31] INFO  server.RaftServerConfigKeys (ConfUtils.java:logGet(44)) - raft.server.log.appender.snapshot.chunk.size.max = 16MB (=16777216) (default)
2021-11-12 12:24:50,338 [b1704d2c-306b-4db7-9c9e-f27a2a93c51e@group-B748E4499EC5-LeaderElection31] INFO  server.RaftServerConfigKeys (ConfUtils.java:logGet(44)) - raft.server.log.appender.buffer.byte-limit = 33554432 (custom)
2021-11-12 12:24:50,338 [b1704d2c-306b-4db7-9c9e-f27a2a93c51e@group-B748E4499EC5-LeaderElection31] INFO  server.RaftServerConfigKeys (ConfUtils.java:logGet(44)) - raft.server.log.appender.buffer.element-limit = 1 (custom)
2021-11-12 12:24:50,338 [b1704d2c-306b-4db7-9c9e-f27a2a93c51e@group-B748E4499EC5-LeaderElection31] INFO  grpc.GrpcConfigKeys (ConfUtils.java:logGet(44)) - raft.grpc.server.leader.outstanding.appends.max = 128 (default)
2021-11-12 12:24:50,338 [b1704d2c-306b-4db7-9c9e-f27a2a93c51e@group-B748E4499EC5-LeaderElection31] INFO  server.RaftServerConfigKeys (ConfUtils.java:logGet(44)) - raft.server.rpc.request.timeout = 60s (custom)
2021-11-12 12:24:50,336 [grpc-default-executor-3] INFO  server.RaftServer$Division (RaftServerImpl.java:requestVote(1046)) - 39e0f2bb-68c5-4e65-9fa8-5a2176253db9@group-B748E4499EC5: receive requestVote(ELECTION, b1704d2c-306b-4db7-9c9e-f27a2a93c51e, group-B748E4499EC5, 14, (t:0, i:0))
2021-11-12 12:24:50,353 [grpc-default-executor-3] INFO  impl.VoteContext (VoteContext.java:log(48)) - 39e0f2bb-68c5-4e65-9fa8-5a2176253db9@group-B748E4499EC5-FOLLOWER: accept ELECTION from b1704d2c-306b-4db7-9c9e-f27a2a93c51e: our priority 0 <= candidate's priority 1
2021-11-12 12:24:50,353 [grpc-default-executor-3] INFO  server.RaftServer$Division (RaftServerImpl.java:setRole(290)) - 39e0f2bb-68c5-4e65-9fa8-5a2176253db9@group-B748E4499EC5: changes role from  FOLLOWER to FOLLOWER at term 14 for candidate:b1704d2c-306b-4db7-9c9e-f27a2a93c51e
2021-11-12 12:24:50,353 [grpc-default-executor-3] INFO  impl.RoleInfo (RoleInfo.java:shutdownFollowerState(108)) - 39e0f2bb-68c5-4e65-9fa8-5a2176253db9: shutdown 39e0f2bb-68c5-4e65-9fa8-5a2176253db9@group-B748E4499EC5-FollowerState
2021-11-12 12:24:50,353 [grpc-default-executor-3] INFO  impl.RoleInfo (RoleInfo.java:updateAndGet(130)) - 39e0f2bb-68c5-4e65-9fa8-5a2176253db9: start 39e0f2bb-68c5-4e65-9fa8-5a2176253db9@group-B748E4499EC5-FollowerState
2021-11-12 12:24:50,353 [39e0f2bb-68c5-4e65-9fa8-5a2176253db9@group-B748E4499EC5-FollowerState] INFO  impl.FollowerState (FollowerState.java:run(143)) - 39e0f2bb-68c5-4e65-9fa8-5a2176253db9@group-B748E4499EC5-FollowerState was interrupted: {}
java.lang.InterruptedException: sleep interrupted
	at java.lang.Thread.sleep(Native Method)
	at java.lang.Thread.sleep(Thread.java:340)
	at java.util.concurrent.TimeUnit.sleep(TimeUnit.java:386)
	at org.apache.ratis.util.TimeDuration.sleep(TimeDuration.java:324)
	at org.apache.ratis.util.TimeDuration.sleep(TimeDuration.java:309)
	at org.apache.ratis.server.impl.FollowerState.run(FollowerState.java:118)
2021-11-12 12:24:50,339 [b1704d2c-306b-4db7-9c9e-f27a2a93c51e@group-B748E4499EC5-LeaderElection31] INFO  server.RaftServerConfigKeys (ConfUtils.java:logGet(44)) - raft.server.log.appender.install.snapshot.enabled = false (custom)
2021-11-12 12:24:50,356 [EventQueue-PipelineReportForPipelineReportHandler] INFO  pipeline.PipelineManagerImpl (PipelineManagerImpl.java:openPipeline(289)) - Pipeline Pipeline[ Id: 5b684efa-687c-442b-b6b2-b748e4499ec5, Nodes: 14685acf-49cf-4105-a1b9-55173786b628{ip: 10.1.0.56, host: fv-az148-604.bm4ck3pvxvsene1rjriu5fhcdb.bx.internal.cloudapp.net, ports: [REPLICATION=35651, RATIS=43599, RATIS_ADMIN=43599, RATIS_SERVER=43599, STANDALONE=43639], networkLocation: /default-rack, certSerialId: null, persistedOpState: IN_SERVICE, persistedOpStateExpiryEpochSec: 0}39e0f2bb-68c5-4e65-9fa8-5a2176253db9{ip: 10.1.0.56, host: fv-az148-604.bm4ck3pvxvsene1rjriu5fhcdb.bx.internal.cloudapp.net, ports: [REPLICATION=44777, RATIS=33975, RATIS_ADMIN=33975, RATIS_SERVER=33975, STANDALONE=43269], networkLocation: /default-rack, certSerialId: null, persistedOpState: IN_SERVICE, persistedOpStateExpiryEpochSec: 0}b1704d2c-306b-4db7-9c9e-f27a2a93c51e{ip: 10.1.0.56, host: fv-az148-604.bm4ck3pvxvsene1rjriu5fhcdb.bx.internal.cloudapp.net, ports: [REPLICATION=46771, RATIS=36313, RATIS_ADMIN=36313, RATIS_SERVER=36313, STANDALONE=41431], networkLocation: /default-rack, certSerialId: null, persistedOpState: IN_SERVICE, persistedOpStateExpiryEpochSec: 0}, ReplicationConfig: RATIS/THREE, State:ALLOCATED, leaderId:b1704d2c-306b-4db7-9c9e-f27a2a93c51e, CreationTimestamp2021-11-12T12:23:36.529Z[Etc/UTC]] moved to OPEN state
2021-11-12 12:24:50,361 [grpc-default-executor-3] INFO  server.RaftServer$Division (RaftServerImpl.java:requestVote(1078)) - 39e0f2bb-68c5-4e65-9fa8-5a2176253db9@group-B748E4499EC5 replies to ELECTION vote request: b1704d2c-306b-4db7-9c9e-f27a2a93c51e<-39e0f2bb-68c5-4e65-9fa8-5a2176253db9#0:OK-t14. Peer's state: 39e0f2bb-68c5-4e65-9fa8-5a2176253db9@group-B748E4499EC5:t14, leader=null, voted=b1704d2c-306b-4db7-9c9e-f27a2a93c51e, raftlog=39e0f2bb-68c5-4e65-9fa8-5a2176253db9@group-B748E4499EC5-SegmentedRaftLog:OPENED:c-1, conf=-1: [39e0f2bb-68c5-4e65-9fa8-5a2176253db9|rpc:10.1.0.56:33975|priority:0, b1704d2c-306b-4db7-9c9e-f27a2a93c51e|rpc:10.1.0.56:36313|priority:1, 14685acf-49cf-4105-a1b9-55173786b628|rpc:10.1.0.56:43599|priority:0], old=null
2021-11-12 12:24:50,362 [b1704d2c-306b-4db7-9c9e-f27a2a93c51e@group-B748E4499EC5-LeaderElection31] INFO  server.RaftServerConfigKeys (ConfUtils.java:logGet(44)) - raft.server.log.appender.snapshot.chunk.size.max = 16MB (=16777216) (default)
2021-11-12 12:24:50,366 [b1704d2c-306b-4db7-9c9e-f27a2a93c51e@group-B748E4499EC5-LeaderElection31] INFO  server.RaftServerConfigKeys (ConfUtils.java:logGet(44)) - raft.server.log.appender.buffer.byte-limit = 33554432 (custom)
2021-11-12 12:24:50,366 [b1704d2c-306b-4db7-9c9e-f27a2a93c51e@group-B748E4499EC5-LeaderElection31] INFO  server.RaftServerConfigKeys (ConfUtils.java:logGet(44)) - raft.server.log.appender.buffer.element-limit = 1 (custom)
2021-11-12 12:24:50,366 [b1704d2c-306b-4db7-9c9e-f27a2a93c51e@group-B748E4499EC5-LeaderElection31] INFO  grpc.GrpcConfigKeys (ConfUtils.java:logGet(44)) - raft.grpc.server.leader.outstanding.appends.max = 128 (default)
2021-11-12 12:24:50,366 [b1704d2c-306b-4db7-9c9e-f27a2a93c51e@group-B748E4499EC5-LeaderElection31] INFO  server.RaftServerConfigKeys (ConfUtils.java:logGet(44)) - raft.server.rpc.request.timeout = 60s (custom)
2021-11-12 12:24:50,366 [b1704d2c-306b-4db7-9c9e-f27a2a93c51e@group-B748E4499EC5-LeaderElection31] INFO  server.RaftServerConfigKeys (ConfUtils.java:logGet(44)) - raft.server.log.appender.install.snapshot.enabled = false (custom)
2021-11-12 12:24:50,363 [EventQueue-OpenPipelineForHealthyPipelineSafeModeRule] INFO  safemode.SCMSafeModeManager (HealthyPipelineSafeModeRule.java:process(124)) - SCM in safe mode. Healthy pipelines reported count is 1, required healthy pipeline reported count is 1
2021-11-12 12:24:50,371 [EventQueue-OpenPipelineForHealthyPipelineSafeModeRule] INFO  safemode.SCMSafeModeManager (SCMSafeModeManager.java:validateSafeModeExitRules(204)) - HealthyPipelineSafeModeRule rule is successfully validated
2021-11-12 12:24:50,371 [EventQueue-OpenPipelineForHealthyPipelineSafeModeRule] INFO  safemode.SCMSafeModeManager (SCMSafeModeManager.java:validateSafeModeExitRules(219)) - ScmSafeModeManager, all rules are successfully validated
2021-11-12 12:24:50,371 [EventQueue-OpenPipelineForHealthyPipelineSafeModeRule] INFO  safemode.SCMSafeModeManager (SCMSafeModeManager.java:exitSafeMode(248)) - SCM exiting safe mode.
2021-11-12 12:24:50,371 [EventQueue-OpenPipelineForHealthyPipelineSafeModeRule] WARN  events.EventQueue (EventQueue.java:fireEvent(194)) - No event handler registered for event TypedEvent{payloadType=SafeModeStatus, name='Safe mode status'}
2021-11-12 12:24:50,371 [EventQueue-OpenPipelineForHealthyPipelineSafeModeRule] INFO  ha.SCMContext (SCMContext.java:updateSafeModeStatus(205)) - Update SafeModeStatus from SafeModeStatus{safeModeStatus=true, preCheckPassed=true} to SafeModeStatus{safeModeStatus=false, preCheckPassed=true}.
2021-11-12 12:24:50,371 [EventQueue-OpenPipelineForHealthyPipelineSafeModeRule] INFO  pipeline.BackgroundPipelineCreator (BackgroundPipelineCreator.java:notifyStatusChanged(264)) - Service BackgroundPipelineCreator transitions to RUNNING.
2021-11-12 12:24:50,371 [EventQueue-OpenPipelineForHealthyPipelineSafeModeRule] INFO  container.ReplicationManager (ReplicationManager.java:notifyStatusChanged(1746)) - Service ReplicationManager transitions to RUNNING.
2021-11-12 12:24:50,378 [b1704d2c-306b-4db7-9c9e-f27a2a93c51e@group-B748E4499EC5-LeaderElection31] INFO  impl.RoleInfo (RoleInfo.java:updateAndGet(130)) - b1704d2c-306b-4db7-9c9e-f27a2a93c51e: start b1704d2c-306b-4db7-9c9e-f27a2a93c51e@group-B748E4499EC5-LeaderStateImpl
2021-11-12 12:24:50,379 [b1704d2c-306b-4db7-9c9e-f27a2a93c51e@group-B748E4499EC5-LeaderElection31] INFO  segmented.SegmentedRaftLogWorker (SegmentedRaftLogWorker.java:startLogSegment(394)) - b1704d2c-306b-4db7-9c9e-f27a2a93c51e@group-B748E4499EC5-SegmentedRaftLogWorker: Starting segment from index:0
2021-11-12 12:24:50,380 [b1704d2c-306b-4db7-9c9e-f27a2a93c51e@group-B748E4499EC5-SegmentedRaftLogWorker] INFO  segmented.SegmentedRaftLogWorker (SegmentedRaftLogWorker.java:execute(601)) - b1704d2c-306b-4db7-9c9e-f27a2a93c51e@group-B748E4499EC5-SegmentedRaftLogWorker: created new log segment /home/runner/work/ozone/ozone/hadoop-ozone/integration-test/target/test-dir/MiniOzoneClusterImpl-a86265ae-e924-4e37-b80c-e96915062793/datanode-1/data/ratis/5b684efa-687c-442b-b6b2-b748e4499ec5/current/log_inprogress_0
2021-11-12 12:24:50,404 [b1704d2c-306b-4db7-9c9e-f27a2a93c51e@group-B748E4499EC5-LeaderElection31] INFO  server.RaftServer$Division (ServerState.java:setRaftConf(387)) - b1704d2c-306b-4db7-9c9e-f27a2a93c51e@group-B748E4499EC5: set configuration 0: [39e0f2bb-68c5-4e65-9fa8-5a2176253db9|rpc:10.1.0.56:33975|dataStream:|priority:0, b1704d2c-306b-4db7-9c9e-f27a2a93c51e|rpc:10.1.0.56:36313|dataStream:|priority:1, 14685acf-49cf-4105-a1b9-55173786b628|rpc:10.1.0.56:43599|dataStream:|priority:0], old=null
2021-11-12 12:24:50,411 [grpc-default-executor-2] INFO  ratis.XceiverServerRatis (XceiverServerRatis.java:handleLeaderChangedNotification(866)) - Leader change notification received for group: group-B748E4499EC5 with new leaderId: b1704d2c-306b-4db7-9c9e-f27a2a93c51e
2021-11-12 12:24:50,411 [grpc-default-executor-2] INFO  server.RaftServer$Division (ServerState.java:setLeader(285)) - 14685acf-49cf-4105-a1b9-55173786b628@group-B748E4499EC5: change Leader from null to b1704d2c-306b-4db7-9c9e-f27a2a93c51e at term 14 for appendEntries, leader elected after 71583ms
2021-11-12 12:24:50,423 [grpc-default-executor-2] INFO  server.RaftServer$Division (ServerState.java:setRaftConf(387)) - 14685acf-49cf-4105-a1b9-55173786b628@group-B748E4499EC5: set configuration 0: [39e0f2bb-68c5-4e65-9fa8-5a2176253db9|rpc:10.1.0.56:33975|dataStream:|priority:0, b1704d2c-306b-4db7-9c9e-f27a2a93c51e|rpc:10.1.0.56:36313|dataStream:|priority:1, 14685acf-49cf-4105-a1b9-55173786b628|rpc:10.1.0.56:43599|dataStream:|priority:0], old=null
2021-11-12 12:24:50,423 [grpc-default-executor-2] INFO  segmented.SegmentedRaftLogWorker (SegmentedRaftLogWorker.java:startLogSegment(394)) - 14685acf-49cf-4105-a1b9-55173786b628@group-B748E4499EC5-SegmentedRaftLogWorker: Starting segment from index:0
2021-11-12 12:24:50,438 [14685acf-49cf-4105-a1b9-55173786b628@group-B748E4499EC5-SegmentedRaftLogWorker] INFO  segmented.SegmentedRaftLogWorker (SegmentedRaftLogWorker.java:execute(601)) - 14685acf-49cf-4105-a1b9-55173786b628@group-B748E4499EC5-SegmentedRaftLogWorker: created new log segment /home/runner/work/ozone/ozone/hadoop-ozone/integration-test/target/test-dir/MiniOzoneClusterImpl-a86265ae-e924-4e37-b80c-e96915062793/datanode-2/data/ratis/5b684efa-687c-442b-b6b2-b748e4499ec5/current/log_inprogress_0
2021-11-12 12:24:50,452 [grpc-default-executor-2] INFO  ratis.XceiverServerRatis (XceiverServerRatis.java:handleLeaderChangedNotification(866)) - Leader change notification received for group: group-B748E4499EC5 with new leaderId: b1704d2c-306b-4db7-9c9e-f27a2a93c51e
2021-11-12 12:24:50,453 [grpc-default-executor-2] INFO  server.RaftServer$Division (ServerState.java:setLeader(285)) - 39e0f2bb-68c5-4e65-9fa8-5a2176253db9@group-B748E4499EC5: change Leader from null to b1704d2c-306b-4db7-9c9e-f27a2a93c51e at term 14 for appendEntries, leader elected after 71712ms
2021-11-12 12:24:50,463 [grpc-default-executor-2] INFO  server.RaftServer$Division (ServerState.java:setRaftConf(387)) - 39e0f2bb-68c5-4e65-9fa8-5a2176253db9@group-B748E4499EC5: set configuration 0: [39e0f2bb-68c5-4e65-9fa8-5a2176253db9|rpc:10.1.0.56:33975|dataStream:|priority:0, b1704d2c-306b-4db7-9c9e-f27a2a93c51e|rpc:10.1.0.56:36313|dataStream:|priority:1, 14685acf-49cf-4105-a1b9-55173786b628|rpc:10.1.0.56:43599|dataStream:|priority:0], old=null
2021-11-12 12:24:50,463 [grpc-default-executor-2] INFO  segmented.SegmentedRaftLogWorker (SegmentedRaftLogWorker.java:startLogSegment(394)) - 39e0f2bb-68c5-4e65-9fa8-5a2176253db9@group-B748E4499EC5-SegmentedRaftLogWorker: Starting segment from index:0
2021-11-12 12:24:50,465 [39e0f2bb-68c5-4e65-9fa8-5a2176253db9@group-B748E4499EC5-SegmentedRaftLogWorker] INFO  segmented.SegmentedRaftLogWorker (SegmentedRaftLogWorker.java:execute(601)) - 39e0f2bb-68c5-4e65-9fa8-5a2176253db9@group-B748E4499EC5-SegmentedRaftLogWorker: created new log segment /home/runner/work/ozone/ozone/hadoop-ozone/integration-test/target/test-dir/MiniOzoneClusterImpl-a86265ae-e924-4e37-b80c-e96915062793/datanode-0/data/ratis/5b684efa-687c-442b-b6b2-b748e4499ec5/current/log_inprogress_0
2021-11-12 12:24:50,561 [Listener at 127.0.0.1/41291] INFO  ozone.MiniOzoneClusterImpl (MiniOzoneClusterImpl.java:lambda$waitForClusterToBeReady$0(235)) - Nodes are ready. Got 3 of 3 DN Heartbeats.
2021-11-12 12:24:50,561 [Listener at 127.0.0.1/41291] INFO  ozone.MiniOzoneClusterImpl (MiniOzoneClusterImpl.java:lambda$waitForClusterToBeReady$0(238)) - Cluster exits safe mode
2021-11-12 12:24:50,561 [Listener at 127.0.0.1/41291] INFO  ozone.MiniOzoneClusterImpl (MiniOzoneClusterImpl.java:lambda$waitForClusterToBeReady$0(240)) - SCM became leader
2021-11-12 12:24:50,561 [Listener at 127.0.0.1/41291] INFO  server.StorageContainerManager (StorageContainerManager.java:stop(1395)) - Stopping Container Balancer service.
2021-11-12 12:24:50,561 [Listener at 127.0.0.1/41291] INFO  balancer.ContainerBalancer (ContainerBalancer.java:stop(773)) - Container Balancer is not running.
2021-11-12 12:24:50,561 [Listener at 127.0.0.1/41291] INFO  server.StorageContainerManager (StorageContainerManager.java:stop(1402)) - Stopping Replication Manager Service.
2021-11-12 12:24:50,561 [Listener at 127.0.0.1/41291] INFO  container.ReplicationManager (ReplicationManager.java:stop(350)) - Stopping Replication Monitor Thread.
2021-11-12 12:24:50,561 [Listener at 127.0.0.1/41291] INFO  server.StorageContainerManager (StorageContainerManager.java:stop(1409)) - Stopping the Datanode Admin Monitor.
2021-11-12 12:24:50,562 [Listener at 127.0.0.1/41291] INFO  server.StorageContainerManager (StorageContainerManager.java:stop(1416)) - Stopping Lease Manager of the command watchers
2021-11-12 12:24:50,562 [Listener at 127.0.0.1/41291] INFO  server.StorageContainerManager (StorageContainerManager.java:stop(1423)) - Stopping datanode service RPC server
2021-11-12 12:24:50,562 [Listener at 127.0.0.1/41291] INFO  server.SCMDatanodeProtocolServer (SCMDatanodeProtocolServer.java:stop(389)) - Stopping the RPC server for DataNodes
2021-11-12 12:24:50,562 [Listener at 127.0.0.1/41291] INFO  ipc.Server (Server.java:stop(3414)) - Stopping server on 37003
2021-11-12 12:24:50,566 [IPC Server listener on 0] INFO  ipc.Server (Server.java:run(1376)) - Stopping IPC Server listener on 0
2021-11-12 12:24:50,567 [IPC Server Responder] INFO  ipc.Server (Server.java:run(1512)) - Stopping IPC Server Responder
2021-11-12 12:24:50,577 [SCM Heartbeat Processing Thread - 0] WARN  node.NodeStateManager (NodeStateManager.java:scheduleNextHealthCheck(799)) - Current Thread is interrupted, shutting down HB processing thread for Node Manager.
2021-11-12 12:24:50,577 [Listener at 127.0.0.1/41291] INFO  server.StorageContainerManager (StorageContainerManager.java:stop(1431)) - Stopping block service RPC server
2021-11-12 12:24:50,577 [Listener at 127.0.0.1/41291] INFO  server.SCMBlockProtocolServer (SCMBlockProtocolServer.java:stop(160)) - Stopping the RPC server for Block Protocol
2021-11-12 12:24:50,577 [Listener at 127.0.0.1/41291] INFO  ipc.Server (Server.java:stop(3414)) - Stopping server on 33671
2021-11-12 12:24:50,580 [IPC Server listener on 0] INFO  ipc.Server (Server.java:run(1376)) - Stopping IPC Server listener on 0
2021-11-12 12:24:50,580 [Listener at 127.0.0.1/41291] INFO  server.StorageContainerManager (StorageContainerManager.java:stop(1438)) - Stopping the StorageContainerLocationProtocol RPC server
2021-11-12 12:24:50,580 [Listener at 127.0.0.1/41291] INFO  server.SCMClientProtocolServer (SCMClientProtocolServer.java:stop(173)) - Stopping the RPC server for Client Protocol
2021-11-12 12:24:50,580 [IPC Server Responder] INFO  ipc.Server (Server.java:run(1512)) - Stopping IPC Server Responder
2021-11-12 12:24:50,580 [Listener at 127.0.0.1/41291] INFO  ipc.Server (Server.java:stop(3414)) - Stopping server on 45049
2021-11-12 12:24:50,587 [Listener at 127.0.0.1/41291] INFO  server.StorageContainerManager (StorageContainerManager.java:stop(1445)) - Stopping Storage Container Manager HTTP server.
2021-11-12 12:24:50,588 [Listener at 127.0.0.1/41291] INFO  handler.ContextHandler (ContextHandler.java:doStop(1153)) - Stopped o.e.j.w.WebAppContext@6a9913a5{scm,/,null,STOPPED}{file:/home/runner/work/ozone/ozone/hadoop-ozone/integration-test/target/test-classes/webapps/scm}
2021-11-12 12:24:50,588 [IPC Server Responder] INFO  ipc.Server (Server.java:run(1512)) - Stopping IPC Server Responder
2021-11-12 12:24:50,589 [Listener at 127.0.0.1/41291] INFO  server.AbstractConnector (AbstractConnector.java:doStop(381)) - Stopped ServerConnector@268748c6{HTTP/1.1, (http/1.1)}{0.0.0.0:0}
2021-11-12 12:24:50,590 [Listener at 127.0.0.1/41291] INFO  server.session (HouseKeeper.java:stopScavenging(149)) - node0 Stopped scavenging
2021-11-12 12:24:50,590 [Listener at 127.0.0.1/41291] INFO  handler.ContextHandler (ContextHandler.java:doStop(1153)) - Stopped o.e.j.s.ServletContextHandler@4a9113f7{static,/static,file:///home/runner/work/ozone/ozone/hadoop-ozone/integration-test/target/test-classes/webapps/static,STOPPED}
2021-11-12 12:24:50,590 [Listener at 127.0.0.1/41291] INFO  handler.ContextHandler (ContextHandler.java:doStop(1153)) - Stopped o.e.j.s.ServletContextHandler@c01a4ce{logs,/logs,file:///home/runner/work/ozone/ozone/hadoop-ozone/integration-test/target/log,STOPPED}
2021-11-12 12:24:50,592 [Listener at 127.0.0.1/41291] INFO  server.StorageContainerManager (StorageContainerManager.java:stop(1456)) - Stopping Block Manager Service.
2021-11-12 12:24:50,592 [Listener at 127.0.0.1/41291] INFO  utils.BackgroundService (BackgroundService.java:shutdown(132)) - Shutting down service SCMBlockDeletingService
2021-11-12 12:24:50,592 [Listener at 127.0.0.1/41291] INFO  utils.BackgroundService (BackgroundService.java:shutdown(132)) - Shutting down service SCMBlockDeletingService
2021-11-12 12:24:50,593 [Listener at 127.0.0.1/41291] INFO  server.StorageContainerManager (StorageContainerManager.java:stop(1483)) - Stopping SCM Event Queue.
2021-11-12 12:24:50,599 [IPC Server listener on 0] INFO  ipc.Server (Server.java:run(1376)) - Stopping IPC Server listener on 0
2021-11-12 12:24:50,603 [Listener at 127.0.0.1/41291] INFO  server.StorageContainerManager (StorageContainerManager.java:stop(1494)) - Stopping SCM HA services.
2021-11-12 12:24:50,603 [Listener at 127.0.0.1/41291] INFO  pipeline.BackgroundPipelineCreator (BackgroundPipelineCreator.java:stop(158)) - Stopping RatisPipelineUtilsThread.
2021-11-12 12:24:50,604 [Listener at 127.0.0.1/41291] INFO  server.StorageContainerManager (StorageContainerManager.java:stop(1504)) - Stopping SCM MetadataStore.
2021-11-12 12:24:50,604 [Listener at 127.0.0.1/41291] INFO  impl.MetricsSystemImpl (MetricsSystemImpl.java:stop(210)) - Stopping HddsDatanode metrics system...
2021-11-12 12:24:50,624 [prometheus] INFO  impl.MetricsSinkAdapter (MetricsSinkAdapter.java:publishMetricsFromQueue(141)) - prometheus thread interrupted.
2021-11-12 12:24:50,630 [Listener at 127.0.0.1/41291] INFO  impl.MetricsSystemImpl (MetricsSystemImpl.java:stop(216)) - HddsDatanode metrics system stopped.
2021-11-12 12:24:50,800 [EndpointStateMachine task thread for /0.0.0.0:37003 - 0 ] WARN  statemachine.EndpointStateMachine (EndpointStateMachine.java:logIfNeeded(236)) - Unable to communicate to SCM server at 0.0.0.0:37003 for past 0 seconds.
java.io.EOFException: End of File Exception between local host is: "fv-az148-604/10.1.0.56"; destination host is: "0.0.0.0":37003; : java.io.EOFException; For more details see:  http://wiki.apache.org/hadoop/EOFException
	at sun.reflect.NativeConstructorAccessorImpl.newInstance0(Native Method)
	at sun.reflect.NativeConstructorAccessorImpl.newInstance(NativeConstructorAccessorImpl.java:62)
	at sun.reflect.DelegatingConstructorAccessorImpl.newInstance(DelegatingConstructorAccessorImpl.java:45)
	at java.lang.reflect.Constructor.newInstance(Constructor.java:423)
	at org.apache.hadoop.net.NetUtils.wrapWithMessage(NetUtils.java:913)
	at org.apache.hadoop.net.NetUtils.wrapException(NetUtils.java:862)
	at org.apache.hadoop.ipc.Client.getRpcResponse(Client.java:1577)
	at org.apache.hadoop.ipc.Client.call(Client.java:1519)
	at org.apache.hadoop.ipc.Client.call(Client.java:1416)
	at org.apache.hadoop.ipc.ProtobufRpcEngine$Invoker.invoke(ProtobufRpcEngine.java:236)
	at org.apache.hadoop.ipc.ProtobufRpcEngine$Invoker.invoke(ProtobufRpcEngine.java:123)
	at com.sun.proxy.$Proxy49.submitRequest(Unknown Source)
	at org.apache.hadoop.ozone.protocolPB.StorageContainerDatanodeProtocolClientSideTranslatorPB.submitRequest(StorageContainerDatanodeProtocolClientSideTranslatorPB.java:117)
	at org.apache.hadoop.ozone.protocolPB.StorageContainerDatanodeProtocolClientSideTranslatorPB.sendHeartbeat(StorageContainerDatanodeProtocolClientSideTranslatorPB.java:149)
	at org.apache.hadoop.ozone.container.common.states.endpoint.HeartbeatEndpointTask.call(HeartbeatEndpointTask.java:179)
	at org.apache.hadoop.ozone.container.common.states.endpoint.HeartbeatEndpointTask.call(HeartbeatEndpointTask.java:82)
	at java.util.concurrent.FutureTask.run(FutureTask.java:266)
	at java.util.concurrent.ThreadPoolExecutor.runWorker(ThreadPoolExecutor.java:1149)
	at java.util.concurrent.ThreadPoolExecutor$Worker.run(ThreadPoolExecutor.java:624)
	at java.lang.Thread.run(Thread.java:748)
Caused by: java.io.EOFException
	at java.io.DataInputStream.readInt(DataInputStream.java:392)
	at org.apache.hadoop.ipc.Client$IpcStreams.readResponse(Client.java:1892)
	at org.apache.hadoop.ipc.Client$Connection.receiveRpcResponse(Client.java:1202)
	at org.apache.hadoop.ipc.Client$Connection.run(Client.java:1098)
2021-11-12 12:24:52,341 [EndpointStateMachine task thread for /0.0.0.0:37003 - 0 ] INFO  ipc.Client (Client.java:handleConnectionFailure(977)) - Retrying connect to server: 0.0.0.0/0.0.0.0:37003. Already tried 0 time(s); retry policy is RetryUpToMaximumCountWithFixedSleep(maxRetries=15, sleepTime=1000 MILLISECONDS)
2021-11-12 12:24:53,342 [EndpointStateMachine task thread for /0.0.0.0:37003 - 0 ] INFO  ipc.Client (Client.java:handleConnectionFailure(977)) - Retrying connect to server: 0.0.0.0/0.0.0.0:37003. Already tried 1 time(s); retry policy is RetryUpToMaximumCountWithFixedSleep(maxRetries=15, sleepTime=1000 MILLISECONDS)
2021-11-12 12:24:53,802 [Datanode State Machine Daemon Thread] ERROR datanode.RunningDatanodeState (RunningDatanodeState.java:computeNextContainerState(199)) - Error in executing end point task.
java.util.concurrent.ExecutionException: java.util.concurrent.TimeoutException
	at java.util.concurrent.FutureTask.report(FutureTask.java:122)
	at java.util.concurrent.FutureTask.get(FutureTask.java:192)
	at org.apache.hadoop.ozone.container.common.states.datanode.RunningDatanodeState.computeNextContainerState(RunningDatanodeState.java:191)
	at org.apache.hadoop.ozone.container.common.states.datanode.RunningDatanodeState.await(RunningDatanodeState.java:231)
	at org.apache.hadoop.ozone.container.common.states.datanode.RunningDatanodeState.await(RunningDatanodeState.java:50)
	at org.apache.hadoop.ozone.container.common.statemachine.StateContext.execute(StateContext.java:633)
	at org.apache.hadoop.ozone.container.common.statemachine.DatanodeStateMachine.start(DatanodeStateMachine.java:280)
	at org.apache.hadoop.ozone.container.common.statemachine.DatanodeStateMachine.lambda$startDaemon$0(DatanodeStateMachine.java:468)
	at java.lang.Thread.run(Thread.java:748)
Caused by: java.util.concurrent.TimeoutException
	at java.util.concurrent.FutureTask.get(FutureTask.java:205)
	at org.apache.hadoop.ozone.container.common.states.datanode.RunningDatanodeState.lambda$execute$0(RunningDatanodeState.java:149)
	at java.util.concurrent.FutureTask.run(FutureTask.java:266)
	at java.util.concurrent.Executors$RunnableAdapter.call(Executors.java:511)
	at java.util.concurrent.FutureTask.run(FutureTask.java:266)
	at java.util.concurrent.ThreadPoolExecutor.runWorker(ThreadPoolExecutor.java:1149)
	at java.util.concurrent.ThreadPoolExecutor$Worker.run(ThreadPoolExecutor.java:624)
	... 1 more
2021-11-12 12:24:54,342 [EndpointStateMachine task thread for /0.0.0.0:37003 - 0 ] INFO  ipc.Client (Client.java:handleConnectionFailure(977)) - Retrying connect to server: 0.0.0.0/0.0.0.0:37003. Already tried 2 time(s); retry policy is RetryUpToMaximumCountWithFixedSleep(maxRetries=15, sleepTime=1000 MILLISECONDS)
2021-11-12 12:24:55,343 [EndpointStateMachine task thread for /0.0.0.0:37003 - 0 ] INFO  ipc.Client (Client.java:handleConnectionFailure(977)) - Retrying connect to server: 0.0.0.0/0.0.0.0:37003. Already tried 3 time(s); retry policy is RetryUpToMaximumCountWithFixedSleep(maxRetries=15, sleepTime=1000 MILLISECONDS)
2021-11-12 12:24:55,631 [Listener at 127.0.0.1/41291] INFO  ozoneimpl.OzoneContainer (OzoneContainer.java:stop(325)) - Attempting to stop container services.
2021-11-12 12:24:55,632 [Listener at 127.0.0.1/41291] INFO  server.RaftServer (RaftServerProxy.java:lambda$close$6(391)) - 39e0f2bb-68c5-4e65-9fa8-5a2176253db9: close
2021-11-12 12:24:55,632 [Listener at 127.0.0.1/41291] INFO  server.RaftServer$Division (RaftServerImpl.java:lambda$close$4(412)) - 39e0f2bb-68c5-4e65-9fa8-5a2176253db9@group-B748E4499EC5: shutdown
2021-11-12 12:24:55,632 [Listener at 127.0.0.1/41291] INFO  util.JmxRegister (JmxRegister.java:unregister(73)) - Successfully un-registered JMX Bean with object name Ratis:service=RaftServer,group=group-B748E4499EC5,id=39e0f2bb-68c5-4e65-9fa8-5a2176253db9
2021-11-12 12:24:55,632 [Listener at 127.0.0.1/41291] INFO  impl.RoleInfo (RoleInfo.java:shutdownFollowerState(108)) - 39e0f2bb-68c5-4e65-9fa8-5a2176253db9: shutdown 39e0f2bb-68c5-4e65-9fa8-5a2176253db9@group-B748E4499EC5-FollowerState
2021-11-12 12:24:55,632 [Listener at 127.0.0.1/41291] INFO  impl.StateMachineUpdater (StateMachineUpdater.java:stopAndJoin(149)) - 39e0f2bb-68c5-4e65-9fa8-5a2176253db9@group-B748E4499EC5-StateMachineUpdater: set stopIndex = 0
2021-11-12 12:24:55,633 [39e0f2bb-68c5-4e65-9fa8-5a2176253db9@group-B748E4499EC5-FollowerState] INFO  impl.FollowerState (FollowerState.java:run(143)) - 39e0f2bb-68c5-4e65-9fa8-5a2176253db9@group-B748E4499EC5-FollowerState was interrupted: {}
java.lang.InterruptedException: sleep interrupted
	at java.lang.Thread.sleep(Native Method)
	at java.lang.Thread.sleep(Thread.java:340)
	at java.util.concurrent.TimeUnit.sleep(TimeUnit.java:386)
	at org.apache.ratis.util.TimeDuration.sleep(TimeDuration.java:324)
	at org.apache.ratis.util.TimeDuration.sleep(TimeDuration.java:309)
	at org.apache.ratis.server.impl.FollowerState.run(FollowerState.java:118)
2021-11-12 12:24:55,633 [39e0f2bb-68c5-4e65-9fa8-5a2176253db9@group-B748E4499EC5-StateMachineUpdater] INFO  ratis.ContainerStateMachine (ContainerStateMachine.java:takeSnapshot(292)) - group-B748E4499EC5: Taking a snapshot at:(t:14, i:0) file /home/runner/work/ozone/ozone/hadoop-ozone/integration-test/target/test-dir/MiniOzoneClusterImpl-a86265ae-e924-4e37-b80c-e96915062793/datanode-0/data/ratis/5b684efa-687c-442b-b6b2-b748e4499ec5/sm/snapshot.14_0
2021-11-12 12:24:55,636 [39e0f2bb-68c5-4e65-9fa8-5a2176253db9@group-B748E4499EC5-StateMachineUpdater] INFO  ratis.ContainerStateMachine (ContainerStateMachine.java:takeSnapshot(303)) - group-B748E4499EC5: Finished taking a snapshot at:(t:14, i:0) file:/home/runner/work/ozone/ozone/hadoop-ozone/integration-test/target/test-dir/MiniOzoneClusterImpl-a86265ae-e924-4e37-b80c-e96915062793/datanode-0/data/ratis/5b684efa-687c-442b-b6b2-b748e4499ec5/sm/snapshot.14_0 took: 4 ms
2021-11-12 12:24:55,636 [39e0f2bb-68c5-4e65-9fa8-5a2176253db9@group-B748E4499EC5-StateMachineUpdater] INFO  impl.StateMachineUpdater (StateMachineUpdater.java:takeSnapshot(281)) - 39e0f2bb-68c5-4e65-9fa8-5a2176253db9@group-B748E4499EC5-StateMachineUpdater: Took a snapshot at index 0
2021-11-12 12:24:55,637 [39e0f2bb-68c5-4e65-9fa8-5a2176253db9@group-B748E4499EC5-StateMachineUpdater] INFO  impl.StateMachineUpdater (StateMachineUpdater.java:lambda$new$0(89)) - 39e0f2bb-68c5-4e65-9fa8-5a2176253db9@group-B748E4499EC5-StateMachineUpdater: snapshotIndex: updateIncreasingly -1 -> 0
2021-11-12 12:24:55,637 [Listener at 127.0.0.1/41291] INFO  server.RaftServer$Division (ServerState.java:close(419)) - 39e0f2bb-68c5-4e65-9fa8-5a2176253db9@group-B748E4499EC5: closes. applyIndex: 0
2021-11-12 12:24:55,637 [39e0f2bb-68c5-4e65-9fa8-5a2176253db9@group-B748E4499EC5-SegmentedRaftLogWorker] INFO  segmented.SegmentedRaftLogWorker (SegmentedRaftLogWorker.java:run(327)) - 39e0f2bb-68c5-4e65-9fa8-5a2176253db9@group-B748E4499EC5-SegmentedRaftLogWorker was interrupted, exiting. There are 0 tasks remaining in the queue.
2021-11-12 12:24:55,638 [Listener at 127.0.0.1/41291] INFO  segmented.SegmentedRaftLogWorker (SegmentedRaftLogWorker.java:close(237)) - 39e0f2bb-68c5-4e65-9fa8-5a2176253db9@group-B748E4499EC5-SegmentedRaftLogWorker close()
2021-11-12 12:24:55,640 [Listener at 127.0.0.1/41291] INFO  server.RaftServer$Division (RaftServerImpl.java:lambda$close$4(412)) - 39e0f2bb-68c5-4e65-9fa8-5a2176253db9@group-ABB08A71EEEE: shutdown
2021-11-12 12:24:55,640 [Listener at 127.0.0.1/41291] INFO  util.JmxRegister (JmxRegister.java:unregister(73)) - Successfully un-registered JMX Bean with object name Ratis:service=RaftServer,group=group-ABB08A71EEEE,id=39e0f2bb-68c5-4e65-9fa8-5a2176253db9
2021-11-12 12:24:55,640 [Listener at 127.0.0.1/41291] INFO  impl.RoleInfo (RoleInfo.java:shutdownLeaderState(91)) - 39e0f2bb-68c5-4e65-9fa8-5a2176253db9: shutdown 39e0f2bb-68c5-4e65-9fa8-5a2176253db9@group-ABB08A71EEEE-LeaderStateImpl
2021-11-12 12:24:55,640 [Listener at 127.0.0.1/41291] INFO  impl.PendingRequests (PendingRequests.java:sendNotLeaderResponses(282)) - 39e0f2bb-68c5-4e65-9fa8-5a2176253db9@group-ABB08A71EEEE-PendingRequests: sendNotLeaderResponses
2021-11-12 12:24:55,641 [Listener at 127.0.0.1/41291] INFO  impl.StateMachineUpdater (StateMachineUpdater.java:stopAndJoin(149)) - 39e0f2bb-68c5-4e65-9fa8-5a2176253db9@group-ABB08A71EEEE-StateMachineUpdater: set stopIndex = 0
2021-11-12 12:24:55,643 [39e0f2bb-68c5-4e65-9fa8-5a2176253db9@group-ABB08A71EEEE-StateMachineUpdater] INFO  ratis.ContainerStateMachine (ContainerStateMachine.java:takeSnapshot(292)) - group-ABB08A71EEEE: Taking a snapshot at:(t:1, i:0) file /home/runner/work/ozone/ozone/hadoop-ozone/integration-test/target/test-dir/MiniOzoneClusterImpl-a86265ae-e924-4e37-b80c-e96915062793/datanode-0/data/ratis/ff1611cf-8a68-4dae-97c4-abb08a71eeee/sm/snapshot.1_0
2021-11-12 12:24:55,643 [39e0f2bb-68c5-4e65-9fa8-5a2176253db9@group-ABB08A71EEEE-StateMachineUpdater] INFO  ratis.ContainerStateMachine (ContainerStateMachine.java:takeSnapshot(303)) - group-ABB08A71EEEE: Finished taking a snapshot at:(t:1, i:0) file:/home/runner/work/ozone/ozone/hadoop-ozone/integration-test/target/test-dir/MiniOzoneClusterImpl-a86265ae-e924-4e37-b80c-e96915062793/datanode-0/data/ratis/ff1611cf-8a68-4dae-97c4-abb08a71eeee/sm/snapshot.1_0 took: 1 ms
2021-11-12 12:24:55,644 [39e0f2bb-68c5-4e65-9fa8-5a2176253db9@group-ABB08A71EEEE-StateMachineUpdater] INFO  impl.StateMachineUpdater (StateMachineUpdater.java:takeSnapshot(281)) - 39e0f2bb-68c5-4e65-9fa8-5a2176253db9@group-ABB08A71EEEE-StateMachineUpdater: Took a snapshot at index 0
2021-11-12 12:24:55,644 [39e0f2bb-68c5-4e65-9fa8-5a2176253db9@group-ABB08A71EEEE-StateMachineUpdater] INFO  impl.StateMachineUpdater (StateMachineUpdater.java:lambda$new$0(89)) - 39e0f2bb-68c5-4e65-9fa8-5a2176253db9@group-ABB08A71EEEE-StateMachineUpdater: snapshotIndex: updateIncreasingly -1 -> 0
2021-11-12 12:24:55,644 [Listener at 127.0.0.1/41291] INFO  server.RaftServer$Division (ServerState.java:close(419)) - 39e0f2bb-68c5-4e65-9fa8-5a2176253db9@group-ABB08A71EEEE: closes. applyIndex: 0
2021-11-12 12:24:55,645 [39e0f2bb-68c5-4e65-9fa8-5a2176253db9@group-ABB08A71EEEE-SegmentedRaftLogWorker] INFO  segmented.SegmentedRaftLogWorker (SegmentedRaftLogWorker.java:run(327)) - 39e0f2bb-68c5-4e65-9fa8-5a2176253db9@group-ABB08A71EEEE-SegmentedRaftLogWorker was interrupted, exiting. There are 0 tasks remaining in the queue.
2021-11-12 12:24:55,645 [Listener at 127.0.0.1/41291] INFO  segmented.SegmentedRaftLogWorker (SegmentedRaftLogWorker.java:close(237)) - 39e0f2bb-68c5-4e65-9fa8-5a2176253db9@group-ABB08A71EEEE-SegmentedRaftLogWorker close()
2021-11-12 12:24:55,647 [Listener at 127.0.0.1/41291] INFO  server.GrpcService (GrpcService.java:closeImpl(262)) - 39e0f2bb-68c5-4e65-9fa8-5a2176253db9: shutdown server with port 33975 now
2021-11-12 12:24:55,666 [grpc-default-executor-3] WARN  server.GrpcServerProtocolService (LogUtils.java:warn(122)) - 39e0f2bb-68c5-4e65-9fa8-5a2176253db9: installSnapshot onError, lastRequest: b1704d2c-306b-4db7-9c9e-f27a2a93c51e->39e0f2bb-68c5-4e65-9fa8-5a2176253db9#1-t14,previous=(t:0, i:0),leaderCommit=0,initializing? true,entries: size=1, first=(t:14, i:0), CONFIGURATIONENTRY: org.apache.ratis.thirdparty.io.grpc.StatusRuntimeException: CANCELLED: client cancelled
2021-11-12 12:24:55,674 [grpc-default-executor-4] WARN  server.GrpcLogAppender (LogUtils.java:warn(122)) - b1704d2c-306b-4db7-9c9e-f27a2a93c51e@group-B748E4499EC5->39e0f2bb-68c5-4e65-9fa8-5a2176253db9-AppendLogResponseHandler: Failed appendEntries: org.apache.ratis.thirdparty.io.grpc.StatusRuntimeException: CANCELLED: HTTP/2 error code: CANCEL
Received Rst Stream
2021-11-12 12:24:55,676 [grpc-default-executor-4] WARN  server.GrpcLogAppender (GrpcLogAppender.java:resetClient(110)) - b1704d2c-306b-4db7-9c9e-f27a2a93c51e@group-B748E4499EC5->39e0f2bb-68c5-4e65-9fa8-5a2176253db9-GrpcLogAppender: Leader has not got in touch with Follower b1704d2c-306b-4db7-9c9e-f27a2a93c51e@group-B748E4499EC5->39e0f2bb-68c5-4e65-9fa8-5a2176253db9(c0,m0,n1, attendVote=true, lastRpcSendTime=191, lastRpcResponseTime=182) yet, just keep nextIndex unchanged and retry.
2021-11-12 12:24:55,679 [Listener at 127.0.0.1/41291] INFO  server.GrpcService (GrpcService.java:closeImpl(271)) - 39e0f2bb-68c5-4e65-9fa8-5a2176253db9: shutdown server with port 33975 successfully
2021-11-12 12:24:55,691 [org.apache.ratis.util.JvmPauseMonitor$$Lambda$531/1863680554@56c90f45] INFO  util.JvmPauseMonitor (JvmPauseMonitor.java:run(109)) - JvmPauseMonitor-39e0f2bb-68c5-4e65-9fa8-5a2176253db9: Stopped
2021-11-12 12:24:55,701 [Listener at 127.0.0.1/41291] INFO  utils.BackgroundService (BackgroundService.java:shutdown(132)) - Shutting down service BlockDeletingService
2021-11-12 12:24:56,344 [EndpointStateMachine task thread for /0.0.0.0:37003 - 0 ] INFO  ipc.Client (Client.java:handleConnectionFailure(977)) - Retrying connect to server: 0.0.0.0/0.0.0.0:37003. Already tried 4 time(s); retry policy is RetryUpToMaximumCountWithFixedSleep(maxRetries=15, sleepTime=1000 MILLISECONDS)
2021-11-12 12:24:56,806 [Datanode State Machine Daemon Thread] ERROR datanode.RunningDatanodeState (RunningDatanodeState.java:computeNextContainerState(199)) - Error in executing end point task.
java.util.concurrent.ExecutionException: java.util.concurrent.TimeoutException
	at java.util.concurrent.FutureTask.report(FutureTask.java:122)
	at java.util.concurrent.FutureTask.get(FutureTask.java:192)
	at org.apache.hadoop.ozone.container.common.states.datanode.RunningDatanodeState.computeNextContainerState(RunningDatanodeState.java:191)
	at org.apache.hadoop.ozone.container.common.states.datanode.RunningDatanodeState.await(RunningDatanodeState.java:231)
	at org.apache.hadoop.ozone.container.common.states.datanode.RunningDatanodeState.await(RunningDatanodeState.java:50)
	at org.apache.hadoop.ozone.container.common.statemachine.StateContext.execute(StateContext.java:633)
	at org.apache.hadoop.ozone.container.common.statemachine.DatanodeStateMachine.start(DatanodeStateMachine.java:280)
	at org.apache.hadoop.ozone.container.common.statemachine.DatanodeStateMachine.lambda$startDaemon$0(DatanodeStateMachine.java:468)
	at java.lang.Thread.run(Thread.java:748)
Caused by: java.util.concurrent.TimeoutException
	at java.util.concurrent.FutureTask.get(FutureTask.java:205)
	at org.apache.hadoop.ozone.container.common.states.datanode.RunningDatanodeState.lambda$execute$0(RunningDatanodeState.java:149)
	at java.util.concurrent.FutureTask.run(FutureTask.java:266)
	at java.util.concurrent.Executors$RunnableAdapter.call(Executors.java:511)
	at java.util.concurrent.FutureTask.run(FutureTask.java:266)
	at java.util.concurrent.ThreadPoolExecutor.runWorker(ThreadPoolExecutor.java:1149)
	at java.util.concurrent.ThreadPoolExecutor$Worker.run(ThreadPoolExecutor.java:624)
	... 1 more
2021-11-12 12:24:57,345 [EndpointStateMachine task thread for /0.0.0.0:37003 - 0 ] INFO  ipc.Client (Client.java:handleConnectionFailure(977)) - Retrying connect to server: 0.0.0.0/0.0.0.0:37003. Already tried 5 time(s); retry policy is RetryUpToMaximumCountWithFixedSleep(maxRetries=15, sleepTime=1000 MILLISECONDS)
2021-11-12 12:24:58,002 [grpc-default-executor-3] WARN  server.GrpcLogAppender (LogUtils.java:warn(122)) - b1704d2c-306b-4db7-9c9e-f27a2a93c51e@group-B748E4499EC5->39e0f2bb-68c5-4e65-9fa8-5a2176253db9-AppendLogResponseHandler: Failed appendEntries: org.apache.ratis.thirdparty.io.grpc.StatusRuntimeException: UNAVAILABLE: io exception
2021-11-12 12:24:58,002 [grpc-default-executor-3] WARN  server.GrpcLogAppender (GrpcLogAppender.java:resetClient(110)) - b1704d2c-306b-4db7-9c9e-f27a2a93c51e@group-B748E4499EC5->39e0f2bb-68c5-4e65-9fa8-5a2176253db9-GrpcLogAppender: Leader has not got in touch with Follower b1704d2c-306b-4db7-9c9e-f27a2a93c51e@group-B748E4499EC5->39e0f2bb-68c5-4e65-9fa8-5a2176253db9(c0,m0,n1, attendVote=true, lastRpcSendTime=5, lastRpcResponseTime=2508) yet, just keep nextIndex unchanged and retry.
2021-11-12 12:24:58,345 [EndpointStateMachine task thread for /0.0.0.0:37003 - 0 ] INFO  ipc.Client (Client.java:handleConnectionFailure(977)) - Retrying connect to server: 0.0.0.0/0.0.0.0:37003. Already tried 6 time(s); retry policy is RetryUpToMaximumCountWithFixedSleep(maxRetries=15, sleepTime=1000 MILLISECONDS)
2021-11-12 12:24:58,707 [Listener at 127.0.0.1/41291] INFO  statemachine.DatanodeStateMachine (DatanodeStateMachine.java:stopDaemon(526)) - Ozone container server stopped.
2021-11-12 12:24:58,708 [Listener at 127.0.0.1/41291] INFO  handler.ContextHandler (ContextHandler.java:doStop(1153)) - Stopped o.e.j.w.WebAppContext@74fddca{hddsDatanode,/,null,STOPPED}{jar:file:/home/runner/.m2/repository/org/apache/ozone/hdds-container-service/1.2.0-SNAPSHOT/hdds-container-service-1.2.0-SNAPSHOT.jar!/webapps/hddsDatanode}
2021-11-12 12:24:58,709 [Listener at 127.0.0.1/41291] INFO  server.AbstractConnector (AbstractConnector.java:doStop(381)) - Stopped ServerConnector@3698bbf8{HTTP/1.1, (http/1.1)}{0.0.0.0:0}
2021-11-12 12:24:58,709 [Listener at 127.0.0.1/41291] INFO  server.session (HouseKeeper.java:stopScavenging(149)) - node0 Stopped scavenging
2021-11-12 12:24:58,709 [Listener at 127.0.0.1/41291] INFO  handler.ContextHandler (ContextHandler.java:doStop(1153)) - Stopped o.e.j.s.ServletContextHandler@5893bdc4{static,/static,jar:file:/home/runner/.m2/repository/org/apache/ozone/hdds-container-service/1.2.0-SNAPSHOT/hdds-container-service-1.2.0-SNAPSHOT.jar!/webapps/static,STOPPED}
2021-11-12 12:24:58,709 [Listener at 127.0.0.1/41291] INFO  handler.ContextHandler (ContextHandler.java:doStop(1153)) - Stopped o.e.j.s.ServletContextHandler@99369f8{logs,/logs,file:///home/runner/work/ozone/ozone/hadoop-ozone/integration-test/target/log,STOPPED}
2021-11-12 12:24:58,713 [Listener at 127.0.0.1/41291] WARN  impl.MetricRegistriesImpl (MetricRegistriesImpl.java:addReporterRegistration(111)) - New reporters are added after registries were created. Some metrics will be missing from the reporter. Please add reporter before adding any new registry.
2021-11-12 12:24:58,713 [Listener at 127.0.0.1/41291] WARN  impl.MetricRegistriesImpl (MetricRegistriesImpl.java:addReporterRegistration(111)) - New reporters are added after registries were created. Some metrics will be missing from the reporter. Please add reporter before adding any new registry.
2021-11-12 12:24:58,715 [Listener at 127.0.0.1/41291] WARN  impl.MetricsConfig (MetricsConfig.java:loadFirst(136)) - Cannot locate configuration: tried hadoop-metrics2-hddsdatanode.properties,hadoop-metrics2.properties
2021-11-12 12:24:58,735 [Listener at 127.0.0.1/41291] INFO  impl.MetricsSystemImpl (MetricsSystemImpl.java:startTimer(378)) - Scheduled Metric snapshot period at 10 second(s).
2021-11-12 12:24:58,735 [Listener at 127.0.0.1/41291] INFO  impl.MetricsSystemImpl (MetricsSystemImpl.java:start(191)) - HddsDatanode metrics system started
2021-11-12 12:24:58,834 [Listener at 127.0.0.1/41291] INFO  impl.MetricsSinkAdapter (MetricsSinkAdapter.java:start(204)) - Sink prometheus started
2021-11-12 12:24:58,835 [Listener at 127.0.0.1/41291] INFO  impl.MetricsSystemImpl (MetricsSystemImpl.java:registerSink(305)) - Registered sink prometheus
2021-11-12 12:24:58,961 [Listener at 127.0.0.1/41291] INFO  ozone.HddsDatanodeService (HddsDatanodeService.java:start(234)) - HddsDatanodeService host:fv-az148-604.bm4ck3pvxvsene1rjriu5fhcdb.bx.internal.cloudapp.net ip:10.1.0.56
2021-11-12 12:24:59,024 [Listener at 127.0.0.1/41291] INFO  upgrade.AbstractLayoutVersionManager (AbstractLayoutVersionManager.java:init(79)) - Initializing Layout version manager with metadata layout = SCM_HA (version = 2), software layout = SCM_HA (version = 2)
2021-11-12 12:24:59,145 [Listener at 127.0.0.1/41291] INFO  reflections.Reflections (Reflections.java:scan(232)) - Reflections took 117 ms to scan 7 urls, producing 119 keys and 279 values 
2021-11-12 12:24:59,155 [Listener at 127.0.0.1/41291] INFO  statemachine.DatanodeStateMachine (DatanodeStateMachine.java:getEndPointTaskThreadPoolSize(219)) - Datanode State Machine Task Thread Pool size 2
2021-11-12 12:24:59,165 [Listener at 127.0.0.1/41291] INFO  volume.HddsVolume (HddsVolume.java:<init>(120)) - Creating HddsVolume: /home/runner/work/ozone/ozone/hadoop-ozone/integration-test/target/test-dir/MiniOzoneClusterImpl-a86265ae-e924-4e37-b80c-e96915062793/datanode-0/data-0/containers/hdds of storage type : DISK capacity : 9223372036854775807
2021-11-12 12:24:59,165 [Listener at 127.0.0.1/41291] INFO  volume.MutableVolumeSet (MutableVolumeSet.java:initializeVolumeSet(168)) - Added Volume : /home/runner/work/ozone/ozone/hadoop-ozone/integration-test/target/test-dir/MiniOzoneClusterImpl-a86265ae-e924-4e37-b80c-e96915062793/datanode-0/data-0/containers/hdds to VolumeSet
2021-11-12 12:24:59,165 [Listener at 127.0.0.1/41291] INFO  volume.ThrottledAsyncChecker (ThrottledAsyncChecker.java:schedule(141)) - Scheduling a check for /home/runner/work/ozone/ozone/hadoop-ozone/integration-test/target/test-dir/MiniOzoneClusterImpl-a86265ae-e924-4e37-b80c-e96915062793/datanode-0/data-0/containers/hdds
2021-11-12 12:24:59,182 [Listener at 127.0.0.1/41291] INFO  volume.StorageVolumeChecker (StorageVolumeChecker.java:checkAllVolumes(202)) - Scheduled health check for volume /home/runner/work/ozone/ozone/hadoop-ozone/integration-test/target/test-dir/MiniOzoneClusterImpl-a86265ae-e924-4e37-b80c-e96915062793/datanode-0/data-0/containers/hdds
2021-11-12 12:24:59,255 [Listener at 127.0.0.1/41291] INFO  volume.MutableVolumeSet (MutableVolumeSet.java:initializeVolumeSet(168)) - Added Volume : /home/runner/work/ozone/ozone/hadoop-ozone/integration-test/target/test-dir/MiniOzoneClusterImpl-a86265ae-e924-4e37-b80c-e96915062793/datanode-0/data/ratis to VolumeSet
2021-11-12 12:24:59,255 [Listener at 127.0.0.1/41291] INFO  volume.ThrottledAsyncChecker (ThrottledAsyncChecker.java:schedule(141)) - Scheduling a check for /home/runner/work/ozone/ozone/hadoop-ozone/integration-test/target/test-dir/MiniOzoneClusterImpl-a86265ae-e924-4e37-b80c-e96915062793/datanode-0/data/ratis
2021-11-12 12:24:59,256 [Listener at 127.0.0.1/41291] INFO  volume.StorageVolumeChecker (StorageVolumeChecker.java:checkAllVolumes(202)) - Scheduled health check for volume /home/runner/work/ozone/ozone/hadoop-ozone/integration-test/target/test-dir/MiniOzoneClusterImpl-a86265ae-e924-4e37-b80c-e96915062793/datanode-0/data/ratis
2021-11-12 12:24:59,337 [Thread-703] INFO  ozoneimpl.ContainerReader (ContainerReader.java:readVolume(142)) - Start to verify containers on volume /home/runner/work/ozone/ozone/hadoop-ozone/integration-test/target/test-dir/MiniOzoneClusterImpl-a86265ae-e924-4e37-b80c-e96915062793/datanode-0/data-0/containers/hdds
2021-11-12 12:24:59,337 [Thread-703] INFO  ozoneimpl.ContainerReader (ContainerReader.java:readVolume(172)) - Finish verifying containers on volume /home/runner/work/ozone/ozone/hadoop-ozone/integration-test/target/test-dir/MiniOzoneClusterImpl-a86265ae-e924-4e37-b80c-e96915062793/datanode-0/data-0/containers/hdds
2021-11-12 12:24:59,338 [Listener at 127.0.0.1/41291] INFO  ozoneimpl.OzoneContainer (OzoneContainer.java:buildContainerSet(236)) - Build ContainerSet costs 0s
2021-11-12 12:24:59,342 [Listener at 127.0.0.1/41291] INFO  server.RaftServer (ConfUtils.java:logGet(44)) - raft.rpc.type = GRPC (default)
2021-11-12 12:24:59,343 [Listener at 127.0.0.1/41291] INFO  grpc.GrpcFactory (GrpcFactory.java:checkPooledByteBufAllocatorUseCacheForAllThreads(48)) - PERFORMANCE WARNING: useCacheForAllThreads is true that may cause Netty to create a lot garbage objects and, as a result, trigger GC.
	It is recommended to disable useCacheForAllThreads by setting -Dorg.apache.ratis.thirdparty.io.netty.allocator.useCacheForAllThreads=false in command line.
2021-11-12 12:24:59,343 [Listener at 127.0.0.1/41291] INFO  grpc.GrpcConfigKeys (ConfUtils.java:logGet(44)) - raft.grpc.admin.port = 33975 (custom)
2021-11-12 12:24:59,343 [Listener at 127.0.0.1/41291] INFO  grpc.GrpcConfigKeys (ConfUtils.java:logGet(44)) - raft.grpc.client.port = 33975 (custom)
2021-11-12 12:24:59,343 [Listener at 127.0.0.1/41291] INFO  grpc.GrpcConfigKeys (ConfUtils.java:logGet(44)) - raft.grpc.server.port = 33975 (custom)
2021-11-12 12:24:59,343 [Listener at 127.0.0.1/41291] INFO  server.GrpcService (ConfUtils.java:logGet(44)) - raft.grpc.message.size.max = 32MB (=33554432) (custom)
2021-11-12 12:24:59,343 [Listener at 127.0.0.1/41291] INFO  server.RaftServerConfigKeys (ConfUtils.java:logGet(44)) - raft.server.log.appender.buffer.byte-limit = 33554432 (custom)
2021-11-12 12:24:59,343 [Listener at 127.0.0.1/41291] INFO  server.GrpcService (ConfUtils.java:logGet(44)) - raft.grpc.flow.control.window = 5MB (=5242880) (custom)
2021-11-12 12:24:59,344 [Listener at 127.0.0.1/41291] INFO  server.RaftServerConfigKeys (ConfUtils.java:logGet(44)) - raft.server.rpc.request.timeout = 60s (custom)
2021-11-12 12:24:59,346 [Listener at 127.0.0.1/41291] INFO  impl.DataStreamServerImpl (ConfUtils.java:logGet(44)) - raft.datastream.type = DISABLED (default)
2021-11-12 12:24:59,346 [EndpointStateMachine task thread for /0.0.0.0:37003 - 0 ] INFO  ipc.Client (Client.java:handleConnectionFailure(977)) - Retrying connect to server: 0.0.0.0/0.0.0.0:37003. Already tried 7 time(s); retry policy is RetryUpToMaximumCountWithFixedSleep(maxRetries=15, sleepTime=1000 MILLISECONDS)
2021-11-12 12:24:59,349 [Listener at 127.0.0.1/41291] INFO  server.RaftServerConfigKeys (ConfUtils.java:logGet(44)) - raft.server.rpc.slowness.timeout = 300s (custom)
2021-11-12 12:24:59,349 [Listener at 127.0.0.1/41291] INFO  server.RaftServerConfigKeys (ConfUtils.java:logGet(44)) - raft.server.leaderelection.leader.step-down.wait-time = 10s (default)
2021-11-12 12:24:59,358 [Listener at 127.0.0.1/41291] INFO  server.RaftServerConfigKeys (ConfUtils.java:logGet(44)) - raft.server.storage.dir = [/home/runner/work/ozone/ozone/hadoop-ozone/integration-test/target/test-dir/MiniOzoneClusterImpl-a86265ae-e924-4e37-b80c-e96915062793/datanode-0/data/ratis] (custom)
2021-11-12 12:24:59,358 [Listener at 127.0.0.1/41291] INFO  server.RaftServer (RaftServerProxy.java:lambda$null$1(235)) - 39e0f2bb-68c5-4e65-9fa8-5a2176253db9: found a subdirectory /home/runner/work/ozone/ozone/hadoop-ozone/integration-test/target/test-dir/MiniOzoneClusterImpl-a86265ae-e924-4e37-b80c-e96915062793/datanode-0/data/ratis/ff1611cf-8a68-4dae-97c4-abb08a71eeee
2021-11-12 12:24:59,374 [Listener at 127.0.0.1/41291] INFO  server.RaftServer (RaftServerProxy.java:addNew(95)) - 39e0f2bb-68c5-4e65-9fa8-5a2176253db9: addNew group-ABB08A71EEEE:[] returns group-ABB08A71EEEE:java.util.concurrent.CompletableFuture@1512f83c[Not completed]
2021-11-12 12:24:59,374 [Listener at 127.0.0.1/41291] INFO  server.RaftServer (RaftServerProxy.java:lambda$null$1(235)) - 39e0f2bb-68c5-4e65-9fa8-5a2176253db9: found a subdirectory /home/runner/work/ozone/ozone/hadoop-ozone/integration-test/target/test-dir/MiniOzoneClusterImpl-a86265ae-e924-4e37-b80c-e96915062793/datanode-0/data/ratis/5b684efa-687c-442b-b6b2-b748e4499ec5
2021-11-12 12:24:59,374 [Listener at 127.0.0.1/41291] INFO  server.RaftServer (RaftServerProxy.java:addNew(95)) - 39e0f2bb-68c5-4e65-9fa8-5a2176253db9: addNew group-B748E4499EC5:[] returns group-B748E4499EC5:java.util.concurrent.CompletableFuture@1f152244[Not completed]
2021-11-12 12:24:59,378 [pool-289-thread-1] INFO  server.RaftServer$Division (RaftServerImpl.java:<init>(184)) - 39e0f2bb-68c5-4e65-9fa8-5a2176253db9: new RaftServerImpl for group-ABB08A71EEEE:[] with ContainerStateMachine:uninitialized
2021-11-12 12:24:59,388 [pool-289-thread-1] INFO  server.RaftServerConfigKeys (ConfUtils.java:logGet(44)) - raft.server.rpc.timeout.min = 5s (custom)
2021-11-12 12:24:59,389 [pool-289-thread-1] INFO  server.RaftServerConfigKeys (ConfUtils.java:logGet(44)) - raft.server.rpc.timeout.max = 5200ms (custom)
2021-11-12 12:24:59,389 [pool-289-thread-1] INFO  server.RaftServerConfigKeys (ConfUtils.java:logGet(44)) - raft.server.rpc.sleep.time = 25ms (default)
2021-11-12 12:24:59,389 [pool-289-thread-1] INFO  server.RaftServerConfigKeys (ConfUtils.java:logGet(44)) - raft.server.rpc.slowness.timeout = 300s (custom)
2021-11-12 12:24:59,389 [pool-289-thread-1] INFO  server.RaftServerConfigKeys (ConfUtils.java:logGet(44)) - raft.server.leaderelection.leader.step-down.wait-time = 10s (default)
2021-11-12 12:24:59,389 [pool-289-thread-1] INFO  server.RaftServerConfigKeys (ConfUtils.java:logGet(44)) - raft.server.sleep.deviation.threshold = 300ms (default)
2021-11-12 12:24:59,389 [pool-289-thread-1] INFO  server.RaftServerConfigKeys (ConfUtils.java:logGet(44)) - raft.server.log.appender.install.snapshot.enabled = false (custom)
2021-11-12 12:24:59,389 [pool-289-thread-1] INFO  server.RaftServer$Division (ServerState.java:<init>(105)) - 39e0f2bb-68c5-4e65-9fa8-5a2176253db9@group-ABB08A71EEEE: ConfigurationManager, init=-1: [], old=null, confs=<EMPTY_MAP>
2021-11-12 12:24:59,389 [pool-289-thread-1] INFO  server.RaftServerConfigKeys (ConfUtils.java:logGet(44)) - raft.server.storage.dir = [/home/runner/work/ozone/ozone/hadoop-ozone/integration-test/target/test-dir/MiniOzoneClusterImpl-a86265ae-e924-4e37-b80c-e96915062793/datanode-0/data/ratis] (custom)
2021-11-12 12:24:59,389 [pool-289-thread-1] INFO  server.RaftServerConfigKeys (ConfUtils.java:logGet(44)) - raft.server.log.corruption.policy = EXCEPTION (default)
2021-11-12 12:24:59,389 [pool-289-thread-1] INFO  server.RaftServerConfigKeys (ConfUtils.java:logGet(44)) - raft.server.storage.free-space.min = 0MB (=0) (default)
2021-11-12 12:24:59,393 [pool-289-thread-1] INFO  storage.RaftStorageDirectory (RaftStorageDirectoryImpl.java:tryLock(230)) - Lock on /home/runner/work/ozone/ozone/hadoop-ozone/integration-test/target/test-dir/MiniOzoneClusterImpl-a86265ae-e924-4e37-b80c-e96915062793/datanode-0/data/ratis/ff1611cf-8a68-4dae-97c4-abb08a71eeee/in_use.lock acquired by nodename 10555@fv-az148-604
2021-11-12 12:24:59,394 [pool-289-thread-1] INFO  storage.RaftStorage (RaftStorageImpl.java:analyzeAndRecoverStorage(110)) - Read RaftStorageMetadata{term=1, votedFor=39e0f2bb-68c5-4e65-9fa8-5a2176253db9} from /home/runner/work/ozone/ozone/hadoop-ozone/integration-test/target/test-dir/MiniOzoneClusterImpl-a86265ae-e924-4e37-b80c-e96915062793/datanode-0/data/ratis/ff1611cf-8a68-4dae-97c4-abb08a71eeee/current/raft-meta
2021-11-12 12:24:59,418 [Listener at 127.0.0.1/41291] INFO  http.BaseHttpServer (BaseHttpServer.java:newHttpServer2BuilderForOzone(209)) - Starting Web-server for hddsDatanode at: http://0.0.0.0:33363
2021-11-12 12:24:59,419 [Listener at 127.0.0.1/41291] INFO  http.BaseHttpServer (BaseHttpServer.java:<init>(107)) - Hadoop Security Enabled: false Ozone Security Enabled: false Ozone HTTP Security Enabled: false 
2021-11-12 12:24:59,420 [Listener at 127.0.0.1/41291] INFO  server.AuthenticationFilter (AuthenticationFilter.java:constructSecretProvider(240)) - Unable to initialize FileSignerSecretProvider, falling back to use random secrets.
2021-11-12 12:24:59,421 [Listener at 127.0.0.1/41291] WARN  http.HttpRequestLog (HttpRequestLog.java:getRequestLog(103)) - Jetty request log can only be enabled using Log4j
2021-11-12 12:24:59,422 [Listener at 127.0.0.1/41291] INFO  http.HttpServer2 (HttpServer2.java:addGlobalFilter(1030)) - Added global filter 'safety' (class=org.apache.hadoop.hdds.server.http.HttpServer2$QuotingInputFilter)
2021-11-12 12:24:59,423 [Listener at 127.0.0.1/41291] INFO  http.HttpServer2 (HttpServer2.java:addFilter(1006)) - Added filter static_user_filter (class=org.apache.hadoop.http.lib.StaticUserWebFilter$StaticUserFilter) to context hddsDatanode
2021-11-12 12:24:59,423 [Listener at 127.0.0.1/41291] INFO  http.HttpServer2 (HttpServer2.java:addFilter(1014)) - Added filter static_user_filter (class=org.apache.hadoop.http.lib.StaticUserWebFilter$StaticUserFilter) to context static
2021-11-12 12:24:59,423 [Listener at 127.0.0.1/41291] INFO  http.HttpServer2 (HttpServer2.java:addFilter(1014)) - Added filter static_user_filter (class=org.apache.hadoop.http.lib.StaticUserWebFilter$StaticUserFilter) to context logs
2021-11-12 12:24:59,423 [Listener at 127.0.0.1/41291] INFO  http.HttpServer2 (HttpServer2.java:bindListener(1249)) - Jetty bound to port 33363
2021-11-12 12:24:59,424 [Listener at 127.0.0.1/41291] INFO  server.Server (Server.java:doStart(375)) - jetty-9.4.43.v20210629; built: 2021-06-30T11:07:22.254Z; git: 526006ecfa3af7f1a27ef3a288e2bef7ea9dd7e8; jvm 1.8.0_292-b10
2021-11-12 12:24:59,476 [pool-289-thread-1] INFO  ratis.ContainerStateMachine (ContainerStateMachine.java:loadSnapshot(233)) - group-ABB08A71EEEE: Setting the last applied index to (t:1, i:0)
2021-11-12 12:24:59,481 [pool-289-thread-1] INFO  server.RaftServer$Division (ServerState.java:setRaftConf(387)) - 39e0f2bb-68c5-4e65-9fa8-5a2176253db9@group-ABB08A71EEEE: set configuration 0: [39e0f2bb-68c5-4e65-9fa8-5a2176253db9|rpc:10.1.0.56:33975|dataStream:|priority:1], old=null
2021-11-12 12:24:59,481 [pool-289-thread-1] INFO  server.RaftServerConfigKeys (ConfUtils.java:logGet(44)) - raft.server.notification.no-leader.timeout = 300s (custom)
2021-11-12 12:24:59,481 [pool-289-thread-1] INFO  server.RaftServerConfigKeys (ConfUtils.java:logGet(44)) - raft.server.log.use.memory = false (default)
2021-11-12 12:24:59,481 [pool-289-thread-1] INFO  server.RaftServerConfigKeys (ConfUtils.java:logGet(44)) - raft.server.log.purge.gap = 1000000 (custom)
2021-11-12 12:24:59,482 [pool-289-thread-1] INFO  server.RaftServerConfigKeys (ConfUtils.java:logGet(44)) - raft.server.log.appender.buffer.byte-limit = 33554432 (custom)
2021-11-12 12:24:59,482 [pool-289-thread-1] INFO  server.RaftServerConfigKeys (ConfUtils.java:logGet(44)) - raft.server.log.segment.size.max = 1048576 (custom)
2021-11-12 12:24:59,514 [pool-289-thread-1] INFO  server.RaftServerConfigKeys (ConfUtils.java:logGet(44)) - raft.server.log.segment.cache.num.max = 2 (custom)
2021-11-12 12:24:59,514 [pool-289-thread-1] INFO  server.RaftServerConfigKeys (ConfUtils.java:logGet(44)) - raft.server.log.segment.cache.size.max = 200MB (=209715200) (default)
2021-11-12 12:24:59,516 [pool-289-thread-1] INFO  segmented.SegmentedRaftLogWorker (SegmentedRaftLogWorker.java:<init>(182)) - new 39e0f2bb-68c5-4e65-9fa8-5a2176253db9@group-ABB08A71EEEE-SegmentedRaftLogWorker for RaftStorageImpl:Storage Directory /home/runner/work/ozone/ozone/hadoop-ozone/integration-test/target/test-dir/MiniOzoneClusterImpl-a86265ae-e924-4e37-b80c-e96915062793/datanode-0/data/ratis/ff1611cf-8a68-4dae-97c4-abb08a71eeee
2021-11-12 12:24:59,516 [pool-289-thread-1] INFO  server.RaftServerConfigKeys (ConfUtils.java:logGet(44)) - raft.server.log.queue.byte-limit = 2147483647 (custom)
2021-11-12 12:24:59,517 [pool-289-thread-1] INFO  server.RaftServerConfigKeys (ConfUtils.java:logGet(44)) - raft.server.log.queue.element-limit = 1024 (custom)
2021-11-12 12:24:59,517 [pool-289-thread-1] INFO  server.RaftServerConfigKeys (ConfUtils.java:logGet(44)) - raft.server.log.segment.size.max = 1048576 (custom)
2021-11-12 12:24:59,518 [pool-289-thread-1] INFO  server.RaftServerConfigKeys (ConfUtils.java:logGet(44)) - raft.server.log.preallocated.size = 16384 (custom)
2021-11-12 12:24:59,518 [pool-289-thread-1] INFO  server.RaftServerConfigKeys (ConfUtils.java:logGet(44)) - raft.server.log.force.sync.num = 128 (default)
2021-11-12 12:24:59,518 [pool-289-thread-1] INFO  server.RaftServerConfigKeys (ConfUtils.java:logGet(44)) - raft.server.log.statemachine.data.sync = true (default)
2021-11-12 12:24:59,518 [pool-289-thread-1] INFO  server.RaftServerConfigKeys (ConfUtils.java:logGet(44)) - raft.server.log.statemachine.data.sync.timeout = 10s (default)
2021-11-12 12:24:59,518 [pool-289-thread-1] INFO  server.RaftServerConfigKeys (ConfUtils.java:logGet(44)) - raft.server.log.statemachine.data.sync.timeout.retry = -1 (default)
2021-11-12 12:24:59,531 [Listener at 127.0.0.1/41291] INFO  server.session (DefaultSessionIdManager.java:doStart(334)) - DefaultSessionIdManager workerName=node0
2021-11-12 12:24:59,531 [Listener at 127.0.0.1/41291] INFO  server.session (DefaultSessionIdManager.java:doStart(339)) - No SessionScavenger set, using defaults
2021-11-12 12:24:59,531 [Listener at 127.0.0.1/41291] INFO  server.session (HouseKeeper.java:startScavenging(132)) - node0 Scavenging every 600000ms
2021-11-12 12:24:59,532 [Listener at 127.0.0.1/41291] INFO  handler.ContextHandler (ContextHandler.java:doStart(915)) - Started o.e.j.s.ServletContextHandler@758a530b{logs,/logs,file:///home/runner/work/ozone/ozone/hadoop-ozone/integration-test/target/log,AVAILABLE}
2021-11-12 12:24:59,532 [Listener at 127.0.0.1/41291] INFO  handler.ContextHandler (ContextHandler.java:doStart(915)) - Started o.e.j.s.ServletContextHandler@4b415181{static,/static,jar:file:/home/runner/.m2/repository/org/apache/ozone/hdds-container-service/1.2.0-SNAPSHOT/hdds-container-service-1.2.0-SNAPSHOT.jar!/webapps/static,AVAILABLE}
2021-11-12 12:24:59,539 [pool-289-thread-1] INFO  server.RaftServerConfigKeys (ConfUtils.java:logGet(44)) - raft.server.log.write.buffer.size = 1048576 (custom)
2021-11-12 12:24:59,540 [pool-289-thread-1] INFO  server.RaftServerConfigKeys (ConfUtils.java:logGet(44)) - raft.server.log.statemachine.data.caching.enabled = true (custom)
2021-11-12 12:24:59,571 [pool-289-thread-1] INFO  server.RaftServer$Division (ServerState.java:setRaftConf(387)) - 39e0f2bb-68c5-4e65-9fa8-5a2176253db9@group-ABB08A71EEEE: set configuration 0: [39e0f2bb-68c5-4e65-9fa8-5a2176253db9|rpc:10.1.0.56:33975|dataStream:|priority:1], old=null
2021-11-12 12:24:59,571 [pool-289-thread-1] INFO  segmented.LogSegment (LogSegment.java:loadSegment(173)) - Successfully read 1 entries from segment file /home/runner/work/ozone/ozone/hadoop-ozone/integration-test/target/test-dir/MiniOzoneClusterImpl-a86265ae-e924-4e37-b80c-e96915062793/datanode-0/data/ratis/ff1611cf-8a68-4dae-97c4-abb08a71eeee/current/log_inprogress_0
2021-11-12 12:24:59,572 [pool-289-thread-1] INFO  segmented.SegmentedRaftLogWorker (SegmentedRaftLogWorker.java:lambda$new$0(133)) - 39e0f2bb-68c5-4e65-9fa8-5a2176253db9@group-ABB08A71EEEE-SegmentedRaftLogWorker: flushIndex: setUnconditionally 0 -> 0
2021-11-12 12:24:59,572 [pool-289-thread-1] INFO  segmented.SegmentedRaftLogWorker (SegmentedRaftLogWorker.java:lambda$new$0(133)) - 39e0f2bb-68c5-4e65-9fa8-5a2176253db9@group-ABB08A71EEEE-SegmentedRaftLogWorker: safeCacheEvictIndex: setUnconditionally 0 -> -1
2021-11-12 12:24:59,587 [pool-289-thread-1] INFO  server.RaftServerConfigKeys (ConfUtils.java:logGet(44)) - raft.server.snapshot.auto.trigger.enabled = true (custom)
2021-11-12 12:24:59,587 [pool-289-thread-1] INFO  server.RaftServerConfigKeys (ConfUtils.java:logGet(44)) - raft.server.snapshot.auto.trigger.threshold = 10000 (custom)
2021-11-12 12:24:59,587 [pool-289-thread-1] INFO  server.RaftServerConfigKeys (ConfUtils.java:logGet(44)) - raft.server.snapshot.retention.file.num = 5 (custom)
2021-11-12 12:24:59,587 [pool-289-thread-1] INFO  server.RaftServerConfigKeys (ConfUtils.java:logGet(44)) - raft.server.log.purge.upto.snapshot.index = false (default)
2021-11-12 12:24:59,587 [pool-289-thread-1] INFO  server.RaftServerConfigKeys (ConfUtils.java:logGet(44)) - raft.server.retrycache.expirytime = 600000ms (custom)
2021-11-12 12:24:59,587 [pool-289-thread-1] INFO  server.RaftServerConfigKeys (ConfUtils.java:logGet(44)) - raft.server.retrycache.statistics.expirytime = 100μs (default)
2021-11-12 12:24:59,590 [pool-289-thread-1] INFO  server.RaftServer$Division (RaftServerImpl.java:<init>(184)) - 39e0f2bb-68c5-4e65-9fa8-5a2176253db9: new RaftServerImpl for group-B748E4499EC5:[] with ContainerStateMachine:uninitialized
2021-11-12 12:24:59,590 [pool-289-thread-1] INFO  server.RaftServerConfigKeys (ConfUtils.java:logGet(44)) - raft.server.rpc.timeout.min = 5s (custom)
2021-11-12 12:24:59,590 [pool-289-thread-1] INFO  server.RaftServerConfigKeys (ConfUtils.java:logGet(44)) - raft.server.rpc.timeout.max = 5200ms (custom)
2021-11-12 12:24:59,590 [pool-289-thread-1] INFO  server.RaftServerConfigKeys (ConfUtils.java:logGet(44)) - raft.server.rpc.sleep.time = 25ms (default)
2021-11-12 12:24:59,590 [pool-289-thread-1] INFO  server.RaftServerConfigKeys (ConfUtils.java:logGet(44)) - raft.server.rpc.slowness.timeout = 300s (custom)
2021-11-12 12:24:59,590 [pool-289-thread-1] INFO  server.RaftServerConfigKeys (ConfUtils.java:logGet(44)) - raft.server.leaderelection.leader.step-down.wait-time = 10s (default)
2021-11-12 12:24:59,590 [pool-289-thread-1] INFO  server.RaftServerConfigKeys (ConfUtils.java:logGet(44)) - raft.server.sleep.deviation.threshold = 300ms (default)
2021-11-12 12:24:59,590 [pool-289-thread-1] INFO  server.RaftServerConfigKeys (ConfUtils.java:logGet(44)) - raft.server.log.appender.install.snapshot.enabled = false (custom)
2021-11-12 12:24:59,591 [pool-289-thread-1] INFO  server.RaftServer$Division (ServerState.java:<init>(105)) - 39e0f2bb-68c5-4e65-9fa8-5a2176253db9@group-B748E4499EC5: ConfigurationManager, init=-1: [], old=null, confs=<EMPTY_MAP>
2021-11-12 12:24:59,591 [pool-289-thread-1] INFO  server.RaftServerConfigKeys (ConfUtils.java:logGet(44)) - raft.server.storage.dir = [/home/runner/work/ozone/ozone/hadoop-ozone/integration-test/target/test-dir/MiniOzoneClusterImpl-a86265ae-e924-4e37-b80c-e96915062793/datanode-0/data/ratis] (custom)
2021-11-12 12:24:59,591 [pool-289-thread-1] INFO  server.RaftServerConfigKeys (ConfUtils.java:logGet(44)) - raft.server.log.corruption.policy = EXCEPTION (default)
2021-11-12 12:24:59,591 [pool-289-thread-1] INFO  server.RaftServerConfigKeys (ConfUtils.java:logGet(44)) - raft.server.storage.free-space.min = 0MB (=0) (default)
2021-11-12 12:24:59,602 [pool-289-thread-1] INFO  storage.RaftStorageDirectory (RaftStorageDirectoryImpl.java:tryLock(230)) - Lock on /home/runner/work/ozone/ozone/hadoop-ozone/integration-test/target/test-dir/MiniOzoneClusterImpl-a86265ae-e924-4e37-b80c-e96915062793/datanode-0/data/ratis/5b684efa-687c-442b-b6b2-b748e4499ec5/in_use.lock acquired by nodename 10555@fv-az148-604
2021-11-12 12:24:59,603 [pool-289-thread-1] INFO  storage.RaftStorage (RaftStorageImpl.java:analyzeAndRecoverStorage(110)) - Read RaftStorageMetadata{term=14, votedFor=b1704d2c-306b-4db7-9c9e-f27a2a93c51e} from /home/runner/work/ozone/ozone/hadoop-ozone/integration-test/target/test-dir/MiniOzoneClusterImpl-a86265ae-e924-4e37-b80c-e96915062793/datanode-0/data/ratis/5b684efa-687c-442b-b6b2-b748e4499ec5/current/raft-meta
2021-11-12 12:24:59,603 [pool-289-thread-1] INFO  ratis.ContainerStateMachine (ContainerStateMachine.java:loadSnapshot(233)) - group-B748E4499EC5: Setting the last applied index to (t:14, i:0)
2021-11-12 12:24:59,604 [pool-289-thread-1] INFO  server.RaftServer$Division (ServerState.java:setRaftConf(387)) - 39e0f2bb-68c5-4e65-9fa8-5a2176253db9@group-B748E4499EC5: set configuration 0: [39e0f2bb-68c5-4e65-9fa8-5a2176253db9|rpc:10.1.0.56:33975|dataStream:|priority:0, b1704d2c-306b-4db7-9c9e-f27a2a93c51e|rpc:10.1.0.56:36313|dataStream:|priority:1, 14685acf-49cf-4105-a1b9-55173786b628|rpc:10.1.0.56:43599|dataStream:|priority:0], old=null
2021-11-12 12:24:59,604 [pool-289-thread-1] INFO  server.RaftServerConfigKeys (ConfUtils.java:logGet(44)) - raft.server.notification.no-leader.timeout = 300s (custom)
2021-11-12 12:24:59,604 [pool-289-thread-1] INFO  server.RaftServerConfigKeys (ConfUtils.java:logGet(44)) - raft.server.log.use.memory = false (default)
2021-11-12 12:24:59,604 [pool-289-thread-1] INFO  server.RaftServerConfigKeys (ConfUtils.java:logGet(44)) - raft.server.log.purge.gap = 1000000 (custom)
2021-11-12 12:24:59,604 [pool-289-thread-1] INFO  server.RaftServerConfigKeys (ConfUtils.java:logGet(44)) - raft.server.log.appender.buffer.byte-limit = 33554432 (custom)
2021-11-12 12:24:59,604 [pool-289-thread-1] INFO  server.RaftServerConfigKeys (ConfUtils.java:logGet(44)) - raft.server.log.segment.size.max = 1048576 (custom)
2021-11-12 12:24:59,605 [pool-289-thread-1] INFO  server.RaftServerConfigKeys (ConfUtils.java:logGet(44)) - raft.server.log.segment.cache.num.max = 2 (custom)
2021-11-12 12:24:59,605 [pool-289-thread-1] INFO  server.RaftServerConfigKeys (ConfUtils.java:logGet(44)) - raft.server.log.segment.cache.size.max = 200MB (=209715200) (default)
2021-11-12 12:24:59,605 [pool-289-thread-1] INFO  segmented.SegmentedRaftLogWorker (SegmentedRaftLogWorker.java:<init>(182)) - new 39e0f2bb-68c5-4e65-9fa8-5a2176253db9@group-B748E4499EC5-SegmentedRaftLogWorker for RaftStorageImpl:Storage Directory /home/runner/work/ozone/ozone/hadoop-ozone/integration-test/target/test-dir/MiniOzoneClusterImpl-a86265ae-e924-4e37-b80c-e96915062793/datanode-0/data/ratis/5b684efa-687c-442b-b6b2-b748e4499ec5
2021-11-12 12:24:59,605 [pool-289-thread-1] INFO  server.RaftServerConfigKeys (ConfUtils.java:logGet(44)) - raft.server.log.queue.byte-limit = 2147483647 (custom)
2021-11-12 12:24:59,605 [pool-289-thread-1] INFO  server.RaftServerConfigKeys (ConfUtils.java:logGet(44)) - raft.server.log.queue.element-limit = 1024 (custom)
2021-11-12 12:24:59,605 [pool-289-thread-1] INFO  server.RaftServerConfigKeys (ConfUtils.java:logGet(44)) - raft.server.log.segment.size.max = 1048576 (custom)
2021-11-12 12:24:59,605 [pool-289-thread-1] INFO  server.RaftServerConfigKeys (ConfUtils.java:logGet(44)) - raft.server.log.preallocated.size = 16384 (custom)
2021-11-12 12:24:59,605 [pool-289-thread-1] INFO  server.RaftServerConfigKeys (ConfUtils.java:logGet(44)) - raft.server.log.force.sync.num = 128 (default)
2021-11-12 12:24:59,605 [pool-289-thread-1] INFO  server.RaftServerConfigKeys (ConfUtils.java:logGet(44)) - raft.server.log.statemachine.data.sync = true (default)
2021-11-12 12:24:59,605 [pool-289-thread-1] INFO  server.RaftServerConfigKeys (ConfUtils.java:logGet(44)) - raft.server.log.statemachine.data.sync.timeout = 10s (default)
2021-11-12 12:24:59,605 [pool-289-thread-1] INFO  server.RaftServerConfigKeys (ConfUtils.java:logGet(44)) - raft.server.log.statemachine.data.sync.timeout.retry = -1 (default)
2021-11-12 12:24:59,607 [pool-289-thread-1] INFO  server.RaftServerConfigKeys (ConfUtils.java:logGet(44)) - raft.server.log.write.buffer.size = 1048576 (custom)
2021-11-12 12:24:59,607 [pool-289-thread-1] INFO  server.RaftServerConfigKeys (ConfUtils.java:logGet(44)) - raft.server.log.statemachine.data.caching.enabled = true (custom)
2021-11-12 12:24:59,608 [pool-289-thread-1] INFO  server.RaftServer$Division (ServerState.java:setRaftConf(387)) - 39e0f2bb-68c5-4e65-9fa8-5a2176253db9@group-B748E4499EC5: set configuration 0: [39e0f2bb-68c5-4e65-9fa8-5a2176253db9|rpc:10.1.0.56:33975|dataStream:|priority:0, b1704d2c-306b-4db7-9c9e-f27a2a93c51e|rpc:10.1.0.56:36313|dataStream:|priority:1, 14685acf-49cf-4105-a1b9-55173786b628|rpc:10.1.0.56:43599|dataStream:|priority:0], old=null
2021-11-12 12:24:59,609 [pool-289-thread-1] INFO  segmented.LogSegment (LogSegment.java:loadSegment(173)) - Successfully read 1 entries from segment file /home/runner/work/ozone/ozone/hadoop-ozone/integration-test/target/test-dir/MiniOzoneClusterImpl-a86265ae-e924-4e37-b80c-e96915062793/datanode-0/data/ratis/5b684efa-687c-442b-b6b2-b748e4499ec5/current/log_inprogress_0
2021-11-12 12:24:59,609 [pool-289-thread-1] INFO  segmented.SegmentedRaftLogWorker (SegmentedRaftLogWorker.java:lambda$new$0(133)) - 39e0f2bb-68c5-4e65-9fa8-5a2176253db9@group-B748E4499EC5-SegmentedRaftLogWorker: flushIndex: setUnconditionally 0 -> 0
2021-11-12 12:24:59,609 [pool-289-thread-1] INFO  segmented.SegmentedRaftLogWorker (SegmentedRaftLogWorker.java:lambda$new$0(133)) - 39e0f2bb-68c5-4e65-9fa8-5a2176253db9@group-B748E4499EC5-SegmentedRaftLogWorker: safeCacheEvictIndex: setUnconditionally 0 -> -1
2021-11-12 12:24:59,622 [pool-289-thread-1] INFO  server.RaftServerConfigKeys (ConfUtils.java:logGet(44)) - raft.server.snapshot.auto.trigger.enabled = true (custom)
2021-11-12 12:24:59,623 [pool-289-thread-1] INFO  server.RaftServerConfigKeys (ConfUtils.java:logGet(44)) - raft.server.snapshot.auto.trigger.threshold = 10000 (custom)
2021-11-12 12:24:59,623 [pool-289-thread-1] INFO  server.RaftServerConfigKeys (ConfUtils.java:logGet(44)) - raft.server.snapshot.retention.file.num = 5 (custom)
2021-11-12 12:24:59,623 [pool-289-thread-1] INFO  server.RaftServerConfigKeys (ConfUtils.java:logGet(44)) - raft.server.log.purge.upto.snapshot.index = false (default)
2021-11-12 12:24:59,623 [pool-289-thread-1] INFO  server.RaftServerConfigKeys (ConfUtils.java:logGet(44)) - raft.server.retrycache.expirytime = 600000ms (custom)
2021-11-12 12:24:59,623 [pool-289-thread-1] INFO  server.RaftServerConfigKeys (ConfUtils.java:logGet(44)) - raft.server.retrycache.statistics.expirytime = 100μs (default)
2021-11-12 12:24:59,694 [Listener at 127.0.0.1/41291] INFO  handler.ContextHandler (ContextHandler.java:doStart(915)) - Started o.e.j.w.WebAppContext@5c329ab{hddsDatanode,/,file:///tmp/jetty-0_0_0_0-33363-hdds-container-service-1_2_0-SNAPSHOT_jar-_-any-4674732434188059657/webapp/,AVAILABLE}{jar:file:/home/runner/.m2/repository/org/apache/ozone/hdds-container-service/1.2.0-SNAPSHOT/hdds-container-service-1.2.0-SNAPSHOT.jar!/webapps/hddsDatanode}
2021-11-12 12:24:59,700 [Listener at 127.0.0.1/41291] INFO  server.AbstractConnector (AbstractConnector.java:doStart(331)) - Started ServerConnector@6e1a2f06{HTTP/1.1, (http/1.1)}{0.0.0.0:33363}
2021-11-12 12:24:59,700 [Listener at 127.0.0.1/41291] INFO  server.Server (Server.java:doStart(415)) - Started @144213ms
2021-11-12 12:24:59,701 [Listener at 127.0.0.1/41291] WARN  impl.MetricsSystemImpl (MetricsSystemImpl.java:register(279)) - Sink prometheus already exists!
2021-11-12 12:24:59,701 [Listener at 127.0.0.1/41291] INFO  http.BaseHttpServer (BaseHttpServer.java:updateConnectorAddress(329)) - HTTP server of hddsDatanode listening at http://0.0.0.0:33363
2021-11-12 12:24:59,709 [Datanode State Machine Daemon Thread] INFO  statemachine.DatanodeStateMachine (DatanodeStateMachine.java:lambda$startDaemon$0(467)) - Ozone container server started.
2021-11-12 12:24:59,743 [org.apache.hadoop.util.JvmPauseMonitor$Monitor@6ab65273] INFO  util.JvmPauseMonitor (JvmPauseMonitor.java:run(188)) - Starting JVM pause monitor
2021-11-12 12:25:00,349 [EndpointStateMachine task thread for /0.0.0.0:37003 - 0 ] INFO  ipc.Client (Client.java:handleConnectionFailure(977)) - Retrying connect to server: 0.0.0.0/0.0.0.0:37003. Already tried 8 time(s); retry policy is RetryUpToMaximumCountWithFixedSleep(maxRetries=15, sleepTime=1000 MILLISECONDS)
2021-11-12 12:25:00,499 [grpc-default-executor-3] WARN  server.GrpcLogAppender (LogUtils.java:warn(122)) - b1704d2c-306b-4db7-9c9e-f27a2a93c51e@group-B748E4499EC5->39e0f2bb-68c5-4e65-9fa8-5a2176253db9-AppendLogResponseHandler: Failed appendEntries: org.apache.ratis.thirdparty.io.grpc.StatusRuntimeException: UNAVAILABLE: io exception
2021-11-12 12:25:00,500 [grpc-default-executor-3] WARN  server.GrpcLogAppender (GrpcLogAppender.java:resetClient(110)) - b1704d2c-306b-4db7-9c9e-f27a2a93c51e@group-B748E4499EC5->39e0f2bb-68c5-4e65-9fa8-5a2176253db9-GrpcLogAppender: Leader has not got in touch with Follower b1704d2c-306b-4db7-9c9e-f27a2a93c51e@group-B748E4499EC5->39e0f2bb-68c5-4e65-9fa8-5a2176253db9(c0,m0,n1, attendVote=true, lastRpcSendTime=1, lastRpcResponseTime=5005) yet, just keep nextIndex unchanged and retry.
2021-11-12 12:25:01,350 [EndpointStateMachine task thread for /0.0.0.0:37003 - 0 ] INFO  ipc.Client (Client.java:handleConnectionFailure(977)) - Retrying connect to server: 0.0.0.0/0.0.0.0:37003. Already tried 9 time(s); retry policy is RetryUpToMaximumCountWithFixedSleep(maxRetries=15, sleepTime=1000 MILLISECONDS)
2021-11-12 12:25:02,351 [EndpointStateMachine task thread for /0.0.0.0:37003 - 0 ] INFO  ipc.Client (Client.java:handleConnectionFailure(977)) - Retrying connect to server: 0.0.0.0/0.0.0.0:37003. Already tried 10 time(s); retry policy is RetryUpToMaximumCountWithFixedSleep(maxRetries=15, sleepTime=1000 MILLISECONDS)
2021-11-12 12:25:02,812 [Datanode State Machine Daemon Thread] ERROR datanode.RunningDatanodeState (RunningDatanodeState.java:computeNextContainerState(199)) - Error in executing end point task.
java.util.concurrent.ExecutionException: java.util.concurrent.TimeoutException
	at java.util.concurrent.FutureTask.report(FutureTask.java:122)
	at java.util.concurrent.FutureTask.get(FutureTask.java:192)
	at org.apache.hadoop.ozone.container.common.states.datanode.RunningDatanodeState.computeNextContainerState(RunningDatanodeState.java:191)
	at org.apache.hadoop.ozone.container.common.states.datanode.RunningDatanodeState.await(RunningDatanodeState.java:231)
	at org.apache.hadoop.ozone.container.common.states.datanode.RunningDatanodeState.await(RunningDatanodeState.java:50)
	at org.apache.hadoop.ozone.container.common.statemachine.StateContext.execute(StateContext.java:633)
	at org.apache.hadoop.ozone.container.common.statemachine.DatanodeStateMachine.start(DatanodeStateMachine.java:280)
	at org.apache.hadoop.ozone.container.common.statemachine.DatanodeStateMachine.lambda$startDaemon$0(DatanodeStateMachine.java:468)
	at java.lang.Thread.run(Thread.java:748)
Caused by: java.util.concurrent.TimeoutException
	at java.util.concurrent.FutureTask.get(FutureTask.java:205)
	at org.apache.hadoop.ozone.container.common.states.datanode.RunningDatanodeState.lambda$execute$0(RunningDatanodeState.java:149)
	at java.util.concurrent.FutureTask.run(FutureTask.java:266)
	at java.util.concurrent.Executors$RunnableAdapter.call(Executors.java:511)
	at java.util.concurrent.FutureTask.run(FutureTask.java:266)
	at java.util.concurrent.ThreadPoolExecutor.runWorker(ThreadPoolExecutor.java:1149)
	at java.util.concurrent.ThreadPoolExecutor$Worker.run(ThreadPoolExecutor.java:624)
	... 1 more
2021-11-12 12:25:03,005 [grpc-default-executor-3] WARN  server.GrpcLogAppender (LogUtils.java:warn(122)) - b1704d2c-306b-4db7-9c9e-f27a2a93c51e@group-B748E4499EC5->39e0f2bb-68c5-4e65-9fa8-5a2176253db9-AppendLogResponseHandler: Failed appendEntries: org.apache.ratis.thirdparty.io.grpc.StatusRuntimeException: UNAVAILABLE: io exception
2021-11-12 12:25:03,006 [grpc-default-executor-3] WARN  server.GrpcLogAppender (GrpcLogAppender.java:resetClient(110)) - b1704d2c-306b-4db7-9c9e-f27a2a93c51e@group-B748E4499EC5->39e0f2bb-68c5-4e65-9fa8-5a2176253db9-GrpcLogAppender: Leader has not got in touch with Follower b1704d2c-306b-4db7-9c9e-f27a2a93c51e@group-B748E4499EC5->39e0f2bb-68c5-4e65-9fa8-5a2176253db9(c0,m0,n1, attendVote=true, lastRpcSendTime=2507, lastRpcResponseTime=7511) yet, just keep nextIndex unchanged and retry.
2021-11-12 12:25:03,351 [EndpointStateMachine task thread for /0.0.0.0:37003 - 0 ] INFO  ipc.Client (Client.java:handleConnectionFailure(977)) - Retrying connect to server: 0.0.0.0/0.0.0.0:37003. Already tried 11 time(s); retry policy is RetryUpToMaximumCountWithFixedSleep(maxRetries=15, sleepTime=1000 MILLISECONDS)
2021-11-12 12:25:04,352 [EndpointStateMachine task thread for /0.0.0.0:37003 - 0 ] INFO  ipc.Client (Client.java:handleConnectionFailure(977)) - Retrying connect to server: 0.0.0.0/0.0.0.0:37003. Already tried 12 time(s); retry policy is RetryUpToMaximumCountWithFixedSleep(maxRetries=15, sleepTime=1000 MILLISECONDS)
2021-11-12 12:25:05,354 [EndpointStateMachine task thread for /0.0.0.0:37003 - 0 ] INFO  ipc.Client (Client.java:handleConnectionFailure(977)) - Retrying connect to server: 0.0.0.0/0.0.0.0:37003. Already tried 13 time(s); retry policy is RetryUpToMaximumCountWithFixedSleep(maxRetries=15, sleepTime=1000 MILLISECONDS)
2021-11-12 12:25:05,512 [grpc-default-executor-3] WARN  server.GrpcLogAppender (LogUtils.java:warn(122)) - b1704d2c-306b-4db7-9c9e-f27a2a93c51e@group-B748E4499EC5->39e0f2bb-68c5-4e65-9fa8-5a2176253db9-AppendLogResponseHandler: Failed appendEntries: org.apache.ratis.thirdparty.io.grpc.StatusRuntimeException: UNAVAILABLE: io exception
2021-11-12 12:25:05,529 [grpc-default-executor-3] WARN  server.GrpcLogAppender (GrpcLogAppender.java:resetClient(110)) - b1704d2c-306b-4db7-9c9e-f27a2a93c51e@group-B748E4499EC5->39e0f2bb-68c5-4e65-9fa8-5a2176253db9-GrpcLogAppender: Leader has not got in touch with Follower b1704d2c-306b-4db7-9c9e-f27a2a93c51e@group-B748E4499EC5->39e0f2bb-68c5-4e65-9fa8-5a2176253db9(c0,m0,n1, attendVote=true, lastRpcSendTime=10, lastRpcResponseTime=10034) yet, just keep nextIndex unchanged and retry.
2021-11-12 12:25:06,367 [EndpointStateMachine task thread for /0.0.0.0:37003 - 0 ] INFO  ipc.Client (Client.java:handleConnectionFailure(977)) - Retrying connect to server: 0.0.0.0/0.0.0.0:37003. Already tried 14 time(s); retry policy is RetryUpToMaximumCountWithFixedSleep(maxRetries=15, sleepTime=1000 MILLISECONDS)
2021-11-12 12:25:06,368 [EndpointStateMachine task thread for /0.0.0.0:37003 - 0 ] WARN  statemachine.EndpointStateMachine (EndpointStateMachine.java:logIfNeeded(236)) - Unable to communicate to SCM server at 0.0.0.0:37003 for past 0 seconds.
java.net.ConnectException: Your endpoint configuration is wrong; For more details see:  http://wiki.apache.org/hadoop/UnsetHostnameOrPort
	at sun.reflect.NativeConstructorAccessorImpl.newInstance0(Native Method)
	at sun.reflect.NativeConstructorAccessorImpl.newInstance(NativeConstructorAccessorImpl.java:62)
	at sun.reflect.DelegatingConstructorAccessorImpl.newInstance(DelegatingConstructorAccessorImpl.java:45)
	at java.lang.reflect.Constructor.newInstance(Constructor.java:423)
	at org.apache.hadoop.net.NetUtils.wrapWithMessage(NetUtils.java:913)
	at org.apache.hadoop.net.NetUtils.wrapException(NetUtils.java:824)
	at org.apache.hadoop.ipc.Client.getRpcResponse(Client.java:1577)
	at org.apache.hadoop.ipc.Client.call(Client.java:1519)
	at org.apache.hadoop.ipc.Client.call(Client.java:1416)
	at org.apache.hadoop.ipc.ProtobufRpcEngine$Invoker.invoke(ProtobufRpcEngine.java:236)
	at org.apache.hadoop.ipc.ProtobufRpcEngine$Invoker.invoke(ProtobufRpcEngine.java:123)
	at com.sun.proxy.$Proxy49.submitRequest(Unknown Source)
	at org.apache.hadoop.ozone.protocolPB.StorageContainerDatanodeProtocolClientSideTranslatorPB.submitRequest(StorageContainerDatanodeProtocolClientSideTranslatorPB.java:117)
	at org.apache.hadoop.ozone.protocolPB.StorageContainerDatanodeProtocolClientSideTranslatorPB.sendHeartbeat(StorageContainerDatanodeProtocolClientSideTranslatorPB.java:149)
	at org.apache.hadoop.ozone.container.common.states.endpoint.HeartbeatEndpointTask.call(HeartbeatEndpointTask.java:179)
	at org.apache.hadoop.ozone.container.common.states.endpoint.HeartbeatEndpointTask.call(HeartbeatEndpointTask.java:82)
	at java.util.concurrent.FutureTask.run(FutureTask.java:266)
	at java.util.concurrent.ThreadPoolExecutor.runWorker(ThreadPoolExecutor.java:1149)
	at java.util.concurrent.ThreadPoolExecutor$Worker.run(ThreadPoolExecutor.java:624)
	at java.lang.Thread.run(Thread.java:748)
Caused by: java.net.ConnectException: Connection refused
	at sun.nio.ch.SocketChannelImpl.checkConnect(Native Method)
	at sun.nio.ch.SocketChannelImpl.finishConnect(SocketChannelImpl.java:716)
	at org.apache.hadoop.net.SocketIOWithTimeout.connect(SocketIOWithTimeout.java:206)
	at org.apache.hadoop.net.NetUtils.connect(NetUtils.java:586)
	at org.apache.hadoop.ipc.Client$Connection.setupConnection(Client.java:701)
	at org.apache.hadoop.ipc.Client$Connection.setupIOstreams(Client.java:822)
	at org.apache.hadoop.ipc.Client$Connection.access$3800(Client.java:414)
	at org.apache.hadoop.ipc.Client.getConnection(Client.java:1647)
	at org.apache.hadoop.ipc.Client.call(Client.java:1463)
	... 12 more
2021-11-12 12:25:07,377 [EndpointStateMachine task thread for /0.0.0.0:37003 - 0 ] INFO  ipc.Client (Client.java:handleConnectionFailure(977)) - Retrying connect to server: 0.0.0.0/0.0.0.0:37003. Already tried 0 time(s); retry policy is RetryUpToMaximumCountWithFixedSleep(maxRetries=15, sleepTime=1000 MILLISECONDS)
2021-11-12 12:25:08,022 [grpc-default-executor-3] WARN  server.GrpcLogAppender (LogUtils.java:warn(122)) - b1704d2c-306b-4db7-9c9e-f27a2a93c51e@group-B748E4499EC5->39e0f2bb-68c5-4e65-9fa8-5a2176253db9-AppendLogResponseHandler: Failed appendEntries: org.apache.ratis.thirdparty.io.grpc.StatusRuntimeException: UNAVAILABLE: io exception
2021-11-12 12:25:08,023 [grpc-default-executor-3] WARN  server.GrpcLogAppender (GrpcLogAppender.java:resetClient(110)) - b1704d2c-306b-4db7-9c9e-f27a2a93c51e@group-B748E4499EC5->39e0f2bb-68c5-4e65-9fa8-5a2176253db9-GrpcLogAppender: Leader has not got in touch with Follower b1704d2c-306b-4db7-9c9e-f27a2a93c51e@group-B748E4499EC5->39e0f2bb-68c5-4e65-9fa8-5a2176253db9(c0,m0,n1, attendVote=true, lastRpcSendTime=2504, lastRpcResponseTime=12528) yet, just keep nextIndex unchanged and retry.
2021-11-12 12:25:08,384 [EndpointStateMachine task thread for /0.0.0.0:37003 - 0 ] INFO  ipc.Client (Client.java:handleConnectionFailure(977)) - Retrying connect to server: 0.0.0.0/0.0.0.0:37003. Already tried 1 time(s); retry policy is RetryUpToMaximumCountWithFixedSleep(maxRetries=15, sleepTime=1000 MILLISECONDS)
2021-11-12 12:25:09,384 [EndpointStateMachine task thread for /0.0.0.0:37003 - 0 ] INFO  ipc.Client (Client.java:handleConnectionFailure(977)) - Retrying connect to server: 0.0.0.0/0.0.0.0:37003. Already tried 2 time(s); retry policy is RetryUpToMaximumCountWithFixedSleep(maxRetries=15, sleepTime=1000 MILLISECONDS)
2021-11-12 12:25:09,521 [Time-limited test] INFO  ozone.MiniOzoneClusterImpl (MiniOzoneClusterImpl.java:shutdown(453)) - Shutting down the Mini Ozone Cluster
2021-11-12 12:25:09,521 [Time-limited test] INFO  ozone.MiniOzoneClusterImpl (MiniOzoneClusterImpl.java:stop(468)) - Stopping the Mini Ozone Cluster
2021-11-12 12:25:09,521 [Time-limited test] INFO  ozone.MiniOzoneClusterImpl (MiniOzoneClusterImpl.java:stopOM(550)) - Stopping the OzoneManager
2021-11-12 12:25:09,521 [Time-limited test] INFO  om.OzoneManager (OzoneManager.java:stop(1698)) - Stopping Ozone Manager
2021-11-12 12:25:09,522 [Time-limited test] INFO  ipc.Server (Server.java:stop(3414)) - Stopping server on 41291
2021-11-12 12:25:09,525 [IPC Server listener on 0] INFO  ipc.Server (Server.java:run(1376)) - Stopping IPC Server listener on 0
2021-11-12 12:25:09,525 [IPC Server Responder] INFO  ipc.Server (Server.java:run(1512)) - Stopping IPC Server Responder
2021-11-12 12:25:09,530 [Time-limited test] INFO  server.RaftServer (RaftServerProxy.java:lambda$close$6(391)) - om1: close
2021-11-12 12:25:09,530 [Time-limited test] INFO  server.RaftServer$Division (RaftServerImpl.java:lambda$close$4(412)) - om1@group-C5BA1605619E: shutdown
2021-11-12 12:25:09,531 [Time-limited test] INFO  util.JmxRegister (JmxRegister.java:unregister(73)) - Successfully un-registered JMX Bean with object name Ratis:service=RaftServer,group=group-C5BA1605619E,id=om1
2021-11-12 12:25:09,531 [Time-limited test] INFO  impl.RoleInfo (RoleInfo.java:shutdownLeaderState(91)) - om1: shutdown om1@group-C5BA1605619E-LeaderStateImpl
2021-11-12 12:25:09,531 [Time-limited test] INFO  impl.PendingRequests (PendingRequests.java:sendNotLeaderResponses(282)) - om1@group-C5BA1605619E-PendingRequests: sendNotLeaderResponses
2021-11-12 12:25:09,532 [om1@group-C5BA1605619E-StateMachineUpdater] INFO  ratis.OzoneManagerStateMachine (OzoneManagerStateMachine.java:takeSnapshot(417)) - Current Snapshot Index (t:1, i:0)
2021-11-12 12:25:09,533 [om1@group-C5BA1605619E-StateMachineUpdater] INFO  impl.StateMachineUpdater (StateMachineUpdater.java:takeSnapshot(281)) - om1@group-C5BA1605619E-StateMachineUpdater: Took a snapshot at index 0
2021-11-12 12:25:09,533 [om1@group-C5BA1605619E-StateMachineUpdater] INFO  impl.StateMachineUpdater (StateMachineUpdater.java:lambda$new$0(89)) - om1@group-C5BA1605619E-StateMachineUpdater: snapshotIndex: updateIncreasingly -1 -> 0
2021-11-12 12:25:09,533 [om1@group-C5BA1605619E-StateMachineUpdater] INFO  ratis.OzoneManagerStateMachine (OzoneManagerStateMachine.java:close(471)) - StateMachine has shutdown. Shutdown OzoneManager if not already shutdown.
2021-11-12 12:25:09,533 [Time-limited test] INFO  impl.StateMachineUpdater (StateMachineUpdater.java:stopAndJoin(149)) - om1@group-C5BA1605619E-StateMachineUpdater: set stopIndex = 0
2021-11-12 12:25:09,533 [Time-limited test] INFO  server.RaftServer$Division (ServerState.java:close(419)) - om1@group-C5BA1605619E: closes. applyIndex: 0
2021-11-12 12:25:09,533 [om1@group-C5BA1605619E-SegmentedRaftLogWorker] INFO  segmented.SegmentedRaftLogWorker (SegmentedRaftLogWorker.java:run(327)) - om1@group-C5BA1605619E-SegmentedRaftLogWorker was interrupted, exiting. There are 0 tasks remaining in the queue.
2021-11-12 12:25:09,534 [Time-limited test] INFO  segmented.SegmentedRaftLogWorker (SegmentedRaftLogWorker.java:close(237)) - om1@group-C5BA1605619E-SegmentedRaftLogWorker close()
2021-11-12 12:25:09,535 [Time-limited test] INFO  server.GrpcService (GrpcService.java:closeImpl(262)) - om1: shutdown server with port 9872 now
2021-11-12 12:25:09,538 [Time-limited test] INFO  server.GrpcService (GrpcService.java:closeImpl(271)) - om1: shutdown server with port 9872 successfully
2021-11-12 12:25:09,539 [org.apache.ratis.util.JvmPauseMonitor$$Lambda$531/1863680554@39f65a82] INFO  util.JvmPauseMonitor (JvmPauseMonitor.java:run(109)) - JvmPauseMonitor-om1: Stopped
2021-11-12 12:25:09,539 [Time-limited test] INFO  ratis.OzoneManagerDoubleBuffer (OzoneManagerDoubleBuffer.java:stop(437)) - Stopping OMDoubleBuffer flush thread
2021-11-12 12:25:09,539 [OMDoubleBufferFlushThread] INFO  ratis.OzoneManagerDoubleBuffer (OzoneManagerDoubleBuffer.java:flushTransactions(356)) - OMDoubleBuffer flush thread OMDoubleBufferFlushThread is interrupted and will exit. OMDoubleBufferFlushThread
2021-11-12 12:25:09,550 [Time-limited test] INFO  utils.BackgroundService (BackgroundService.java:shutdown(132)) - Shutting down service KeyDeletingService
2021-11-12 12:25:09,551 [Time-limited test] INFO  utils.BackgroundService (BackgroundService.java:shutdown(132)) - Shutting down service DirectoryDeletingService
2021-11-12 12:25:09,553 [Time-limited test] INFO  handler.ContextHandler (ContextHandler.java:doStop(1153)) - Stopped o.e.j.w.WebAppContext@25cd826b{ozoneManager,/,null,STOPPED}{file:/home/runner/work/ozone/ozone/hadoop-ozone/integration-test/target/test-classes/webapps/ozoneManager}
2021-11-12 12:25:09,554 [Time-limited test] INFO  server.AbstractConnector (AbstractConnector.java:doStop(381)) - Stopped ServerConnector@199cb323{HTTP/1.1, (http/1.1)}{0.0.0.0:0}
2021-11-12 12:25:09,555 [Time-limited test] INFO  server.session (HouseKeeper.java:stopScavenging(149)) - node0 Stopped scavenging
2021-11-12 12:25:09,566 [Time-limited test] INFO  handler.ContextHandler (ContextHandler.java:doStop(1153)) - Stopped o.e.j.s.ServletContextHandler@3e1ad5ad{static,/static,file:///home/runner/work/ozone/ozone/hadoop-ozone/integration-test/target/test-classes/webapps/static,STOPPED}
2021-11-12 12:25:09,566 [Time-limited test] INFO  handler.ContextHandler (ContextHandler.java:doStop(1153)) - Stopped o.e.j.s.ServletContextHandler@4d4e9e57{logs,/logs,file:///home/runner/work/ozone/ozone/hadoop-ozone/integration-test/target/log,STOPPED}
2021-11-12 12:25:09,627 [Time-limited test] INFO  ozone.MiniOzoneClusterImpl (MiniOzoneClusterImpl.java:stopDatanodes(527)) - Stopping the HddsDatanodes
2021-11-12 12:25:09,745 [Datanode State Machine Daemon Thread] WARN  statemachine.StateContext (StateContext.java:setState(249)) - Ignore disallowed transition from SHUTDOWN to RUNNING
2021-11-12 12:25:10,359 [Datanode State Machine Daemon Thread] WARN  statemachine.StateContext (StateContext.java:setState(249)) - Ignore disallowed transition from SHUTDOWN to RUNNING
2021-11-12 12:25:10,385 [EndpointStateMachine task thread for /0.0.0.0:37003 - 0 ] INFO  ipc.Client (Client.java:handleConnectionFailure(977)) - Retrying connect to server: 0.0.0.0/0.0.0.0:37003. Already tried 3 time(s); retry policy is RetryUpToMaximumCountWithFixedSleep(maxRetries=15, sleepTime=1000 MILLISECONDS)
2021-11-12 12:25:10,523 [grpc-default-executor-3] WARN  server.GrpcLogAppender (LogUtils.java:warn(122)) - b1704d2c-306b-4db7-9c9e-f27a2a93c51e@group-B748E4499EC5->39e0f2bb-68c5-4e65-9fa8-5a2176253db9-AppendLogResponseHandler: Failed appendEntries: org.apache.ratis.thirdparty.io.grpc.StatusRuntimeException: UNAVAILABLE: io exception
2021-11-12 12:25:10,527 [grpc-default-executor-3] WARN  server.GrpcLogAppender (GrpcLogAppender.java:resetClient(110)) - b1704d2c-306b-4db7-9c9e-f27a2a93c51e@group-B748E4499EC5->39e0f2bb-68c5-4e65-9fa8-5a2176253db9-GrpcLogAppender: Leader has not got in touch with Follower b1704d2c-306b-4db7-9c9e-f27a2a93c51e@group-B748E4499EC5->39e0f2bb-68c5-4e65-9fa8-5a2176253db9(c0,m0,n1, attendVote=true, lastRpcSendTime=2, lastRpcResponseTime=15032) yet, just keep nextIndex unchanged and retry.
2021-11-12 12:25:11,386 [EndpointStateMachine task thread for /0.0.0.0:37003 - 0 ] INFO  ipc.Client (Client.java:handleConnectionFailure(977)) - Retrying connect to server: 0.0.0.0/0.0.0.0:37003. Already tried 4 time(s); retry policy is RetryUpToMaximumCountWithFixedSleep(maxRetries=15, sleepTime=1000 MILLISECONDS)
2021-11-12 12:25:12,387 [EndpointStateMachine task thread for /0.0.0.0:37003 - 0 ] INFO  ipc.Client (Client.java:handleConnectionFailure(977)) - Retrying connect to server: 0.0.0.0/0.0.0.0:37003. Already tried 5 time(s); retry policy is RetryUpToMaximumCountWithFixedSleep(maxRetries=15, sleepTime=1000 MILLISECONDS)
2021-11-12 12:25:13,024 [grpc-default-executor-3] WARN  server.GrpcLogAppender (LogUtils.java:warn(122)) - b1704d2c-306b-4db7-9c9e-f27a2a93c51e@group-B748E4499EC5->39e0f2bb-68c5-4e65-9fa8-5a2176253db9-AppendLogResponseHandler: Failed appendEntries: org.apache.ratis.thirdparty.io.grpc.StatusRuntimeException: UNAVAILABLE: io exception
2021-11-12 12:25:13,025 [grpc-default-executor-3] WARN  server.GrpcLogAppender (GrpcLogAppender.java:resetClient(110)) - b1704d2c-306b-4db7-9c9e-f27a2a93c51e@group-B748E4499EC5->39e0f2bb-68c5-4e65-9fa8-5a2176253db9-GrpcLogAppender: Leader has not got in touch with Follower b1704d2c-306b-4db7-9c9e-f27a2a93c51e@group-B748E4499EC5->39e0f2bb-68c5-4e65-9fa8-5a2176253db9(c0,m0,n1, attendVote=true, lastRpcSendTime=2501, lastRpcResponseTime=17531) yet, just keep nextIndex unchanged and retry.
2021-11-12 12:25:13,387 [EndpointStateMachine task thread for /0.0.0.0:37003 - 0 ] INFO  ipc.Client (Client.java:handleConnectionFailure(977)) - Retrying connect to server: 0.0.0.0/0.0.0.0:37003. Already tried 6 time(s); retry policy is RetryUpToMaximumCountWithFixedSleep(maxRetries=15, sleepTime=1000 MILLISECONDS)
2021-11-12 12:25:14,388 [EndpointStateMachine task thread for /0.0.0.0:37003 - 0 ] INFO  ipc.Client (Client.java:handleConnectionFailure(977)) - Retrying connect to server: 0.0.0.0/0.0.0.0:37003. Already tried 7 time(s); retry policy is RetryUpToMaximumCountWithFixedSleep(maxRetries=15, sleepTime=1000 MILLISECONDS)
2021-11-12 12:25:14,636 [Time-limited test] INFO  ozoneimpl.OzoneContainer (OzoneContainer.java:stop(325)) - Attempting to stop container services.
2021-11-12 12:25:14,637 [Time-limited test] INFO  server.RaftServer (RaftServerProxy.java:lambda$close$6(391)) - b1704d2c-306b-4db7-9c9e-f27a2a93c51e: close
2021-11-12 12:25:14,637 [Time-limited test] INFO  server.RaftServer$Division (RaftServerImpl.java:lambda$close$4(412)) - b1704d2c-306b-4db7-9c9e-f27a2a93c51e@group-B748E4499EC5: shutdown
2021-11-12 12:25:14,637 [Time-limited test] INFO  util.JmxRegister (JmxRegister.java:unregister(73)) - Successfully un-registered JMX Bean with object name Ratis:service=RaftServer,group=group-B748E4499EC5,id=b1704d2c-306b-4db7-9c9e-f27a2a93c51e
2021-11-12 12:25:14,637 [Time-limited test] INFO  impl.RoleInfo (RoleInfo.java:shutdownLeaderState(91)) - b1704d2c-306b-4db7-9c9e-f27a2a93c51e: shutdown b1704d2c-306b-4db7-9c9e-f27a2a93c51e@group-B748E4499EC5-LeaderStateImpl
2021-11-12 12:25:14,638 [Time-limited test] INFO  impl.PendingRequests (PendingRequests.java:sendNotLeaderResponses(282)) - b1704d2c-306b-4db7-9c9e-f27a2a93c51e@group-B748E4499EC5-PendingRequests: sendNotLeaderResponses
2021-11-12 12:25:14,638 [Time-limited test] INFO  impl.StateMachineUpdater (StateMachineUpdater.java:stopAndJoin(149)) - b1704d2c-306b-4db7-9c9e-f27a2a93c51e@group-B748E4499EC5-StateMachineUpdater: set stopIndex = 0
2021-11-12 12:25:14,639 [b1704d2c-306b-4db7-9c9e-f27a2a93c51e@group-B748E4499EC5-StateMachineUpdater] INFO  ratis.ContainerStateMachine (ContainerStateMachine.java:takeSnapshot(292)) - group-B748E4499EC5: Taking a snapshot at:(t:14, i:0) file /home/runner/work/ozone/ozone/hadoop-ozone/integration-test/target/test-dir/MiniOzoneClusterImpl-a86265ae-e924-4e37-b80c-e96915062793/datanode-1/data/ratis/5b684efa-687c-442b-b6b2-b748e4499ec5/sm/snapshot.14_0
2021-11-12 12:25:14,641 [b1704d2c-306b-4db7-9c9e-f27a2a93c51e@group-B748E4499EC5-StateMachineUpdater] INFO  ratis.ContainerStateMachine (ContainerStateMachine.java:takeSnapshot(303)) - group-B748E4499EC5: Finished taking a snapshot at:(t:14, i:0) file:/home/runner/work/ozone/ozone/hadoop-ozone/integration-test/target/test-dir/MiniOzoneClusterImpl-a86265ae-e924-4e37-b80c-e96915062793/datanode-1/data/ratis/5b684efa-687c-442b-b6b2-b748e4499ec5/sm/snapshot.14_0 took: 3 ms
2021-11-12 12:25:14,642 [b1704d2c-306b-4db7-9c9e-f27a2a93c51e@group-B748E4499EC5-StateMachineUpdater] INFO  impl.StateMachineUpdater (StateMachineUpdater.java:takeSnapshot(281)) - b1704d2c-306b-4db7-9c9e-f27a2a93c51e@group-B748E4499EC5-StateMachineUpdater: Took a snapshot at index 0
2021-11-12 12:25:14,642 [b1704d2c-306b-4db7-9c9e-f27a2a93c51e@group-B748E4499EC5-StateMachineUpdater] INFO  impl.StateMachineUpdater (StateMachineUpdater.java:lambda$new$0(89)) - b1704d2c-306b-4db7-9c9e-f27a2a93c51e@group-B748E4499EC5-StateMachineUpdater: snapshotIndex: updateIncreasingly -1 -> 0
2021-11-12 12:25:14,642 [Time-limited test] INFO  server.RaftServer$Division (ServerState.java:close(419)) - b1704d2c-306b-4db7-9c9e-f27a2a93c51e@group-B748E4499EC5: closes. applyIndex: 0
2021-11-12 12:25:14,642 [b1704d2c-306b-4db7-9c9e-f27a2a93c51e@group-B748E4499EC5-SegmentedRaftLogWorker] INFO  segmented.SegmentedRaftLogWorker (SegmentedRaftLogWorker.java:run(327)) - b1704d2c-306b-4db7-9c9e-f27a2a93c51e@group-B748E4499EC5-SegmentedRaftLogWorker was interrupted, exiting. There are 0 tasks remaining in the queue.
2021-11-12 12:25:14,643 [Time-limited test] INFO  segmented.SegmentedRaftLogWorker (SegmentedRaftLogWorker.java:close(237)) - b1704d2c-306b-4db7-9c9e-f27a2a93c51e@group-B748E4499EC5-SegmentedRaftLogWorker close()
2021-11-12 12:25:14,644 [b1704d2c-306b-4db7-9c9e-f27a2a93c51e@group-B748E4499EC5->14685acf-49cf-4105-a1b9-55173786b628-GrpcLogAppender-LogAppenderDaemon] WARN  server.GrpcLogAppender (GrpcLogAppender.java:mayWait(177)) - b1704d2c-306b-4db7-9c9e-f27a2a93c51e@group-B748E4499EC5->14685acf-49cf-4105-a1b9-55173786b628-GrpcLogAppender: Wait interrupted by java.lang.InterruptedException
2021-11-12 12:25:14,644 [Time-limited test] INFO  server.RaftServer$Division (RaftServerImpl.java:lambda$close$4(412)) - b1704d2c-306b-4db7-9c9e-f27a2a93c51e@group-CB335AB66270: shutdown
2021-11-12 12:25:14,644 [Time-limited test] INFO  util.JmxRegister (JmxRegister.java:unregister(73)) - Successfully un-registered JMX Bean with object name Ratis:service=RaftServer,group=group-CB335AB66270,id=b1704d2c-306b-4db7-9c9e-f27a2a93c51e
2021-11-12 12:25:14,644 [Time-limited test] INFO  impl.RoleInfo (RoleInfo.java:shutdownLeaderState(91)) - b1704d2c-306b-4db7-9c9e-f27a2a93c51e: shutdown b1704d2c-306b-4db7-9c9e-f27a2a93c51e@group-CB335AB66270-LeaderStateImpl
2021-11-12 12:25:14,645 [Time-limited test] INFO  impl.PendingRequests (PendingRequests.java:sendNotLeaderResponses(282)) - b1704d2c-306b-4db7-9c9e-f27a2a93c51e@group-CB335AB66270-PendingRequests: sendNotLeaderResponses
2021-11-12 12:25:14,645 [grpc-default-executor-3] INFO  server.GrpcServerProtocolService (GrpcServerProtocolService.java:onCompleted(140)) - 14685acf-49cf-4105-a1b9-55173786b628: Completed APPEND_ENTRIES, lastRequest: b1704d2c-306b-4db7-9c9e-f27a2a93c51e->14685acf-49cf-4105-a1b9-55173786b628#1-t14,previous=(t:0, i:0),leaderCommit=0,initializing? true,entries: size=1, first=(t:14, i:0), CONFIGURATIONENTRY
2021-11-12 12:25:14,646 [b1704d2c-306b-4db7-9c9e-f27a2a93c51e@group-CB335AB66270-StateMachineUpdater] INFO  ratis.ContainerStateMachine (ContainerStateMachine.java:takeSnapshot(292)) - group-CB335AB66270: Taking a snapshot at:(t:1, i:0) file /home/runner/work/ozone/ozone/hadoop-ozone/integration-test/target/test-dir/MiniOzoneClusterImpl-a86265ae-e924-4e37-b80c-e96915062793/datanode-1/data/ratis/49493bd2-e9de-4e6b-ad07-cb335ab66270/sm/snapshot.1_0
2021-11-12 12:25:14,646 [grpc-default-executor-4] INFO  server.GrpcLogAppender (GrpcLogAppender.java:onCompleted(346)) - b1704d2c-306b-4db7-9c9e-f27a2a93c51e@group-B748E4499EC5->14685acf-49cf-4105-a1b9-55173786b628-AppendLogResponseHandler: follower responses appendEntries COMPLETED
2021-11-12 12:25:14,646 [grpc-default-executor-4] INFO  leader.FollowerInfo (FollowerInfoImpl.java:lambda$new$0(47)) - b1704d2c-306b-4db7-9c9e-f27a2a93c51e@group-B748E4499EC5->14685acf-49cf-4105-a1b9-55173786b628: nextIndex: updateUnconditionally 1 -> 0
2021-11-12 12:25:14,647 [b1704d2c-306b-4db7-9c9e-f27a2a93c51e@group-CB335AB66270-StateMachineUpdater] INFO  ratis.ContainerStateMachine (ContainerStateMachine.java:takeSnapshot(303)) - group-CB335AB66270: Finished taking a snapshot at:(t:1, i:0) file:/home/runner/work/ozone/ozone/hadoop-ozone/integration-test/target/test-dir/MiniOzoneClusterImpl-a86265ae-e924-4e37-b80c-e96915062793/datanode-1/data/ratis/49493bd2-e9de-4e6b-ad07-cb335ab66270/sm/snapshot.1_0 took: 1 ms
2021-11-12 12:25:14,647 [b1704d2c-306b-4db7-9c9e-f27a2a93c51e@group-CB335AB66270-StateMachineUpdater] INFO  impl.StateMachineUpdater (StateMachineUpdater.java:takeSnapshot(281)) - b1704d2c-306b-4db7-9c9e-f27a2a93c51e@group-CB335AB66270-StateMachineUpdater: Took a snapshot at index 0
2021-11-12 12:25:14,647 [b1704d2c-306b-4db7-9c9e-f27a2a93c51e@group-CB335AB66270-StateMachineUpdater] INFO  impl.StateMachineUpdater (StateMachineUpdater.java:lambda$new$0(89)) - b1704d2c-306b-4db7-9c9e-f27a2a93c51e@group-CB335AB66270-StateMachineUpdater: snapshotIndex: updateIncreasingly -1 -> 0
2021-11-12 12:25:14,654 [Time-limited test] INFO  impl.StateMachineUpdater (StateMachineUpdater.java:stopAndJoin(149)) - b1704d2c-306b-4db7-9c9e-f27a2a93c51e@group-CB335AB66270-StateMachineUpdater: set stopIndex = 0
2021-11-12 12:25:14,654 [Time-limited test] INFO  server.RaftServer$Division (ServerState.java:close(419)) - b1704d2c-306b-4db7-9c9e-f27a2a93c51e@group-CB335AB66270: closes. applyIndex: 0
2021-11-12 12:25:14,654 [b1704d2c-306b-4db7-9c9e-f27a2a93c51e@group-CB335AB66270-SegmentedRaftLogWorker] INFO  segmented.SegmentedRaftLogWorker (SegmentedRaftLogWorker.java:run(327)) - b1704d2c-306b-4db7-9c9e-f27a2a93c51e@group-CB335AB66270-SegmentedRaftLogWorker was interrupted, exiting. There are 0 tasks remaining in the queue.
2021-11-12 12:25:14,654 [Time-limited test] INFO  segmented.SegmentedRaftLogWorker (SegmentedRaftLogWorker.java:close(237)) - b1704d2c-306b-4db7-9c9e-f27a2a93c51e@group-CB335AB66270-SegmentedRaftLogWorker close()
2021-11-12 12:25:14,655 [ForkJoinPool.commonPool-worker-1] INFO  ozoneimpl.OzoneContainer (OzoneContainer.java:stop(325)) - Attempting to stop container services.
2021-11-12 12:25:14,655 [ForkJoinPool.commonPool-worker-1] INFO  utils.BackgroundService (BackgroundService.java:shutdown(132)) - Shutting down service BlockDeletingService
2021-11-12 12:25:14,675 [Time-limited test] INFO  server.GrpcService (GrpcService.java:closeImpl(262)) - b1704d2c-306b-4db7-9c9e-f27a2a93c51e: shutdown server with port 36313 now
2021-11-12 12:25:14,699 [Time-limited test] INFO  server.GrpcService (GrpcService.java:closeImpl(271)) - b1704d2c-306b-4db7-9c9e-f27a2a93c51e: shutdown server with port 36313 successfully
2021-11-12 12:25:14,700 [org.apache.ratis.util.JvmPauseMonitor$$Lambda$531/1863680554@3827fc49] INFO  util.JvmPauseMonitor (JvmPauseMonitor.java:run(109)) - JvmPauseMonitor-b1704d2c-306b-4db7-9c9e-f27a2a93c51e: Stopped
2021-11-12 12:25:14,702 [Time-limited test] INFO  utils.BackgroundService (BackgroundService.java:shutdown(132)) - Shutting down service BlockDeletingService
2021-11-12 12:25:15,389 [EndpointStateMachine task thread for /0.0.0.0:37003 - 0 ] INFO  ipc.Client (Client.java:handleConnectionFailure(977)) - Retrying connect to server: 0.0.0.0/0.0.0.0:37003. Already tried 8 time(s); retry policy is RetryUpToMaximumCountWithFixedSleep(maxRetries=15, sleepTime=1000 MILLISECONDS)
2021-11-12 12:25:15,822 [Datanode State Machine Daemon Thread] ERROR datanode.RunningDatanodeState (RunningDatanodeState.java:computeNextContainerState(199)) - Error in executing end point task.
java.util.concurrent.ExecutionException: java.util.concurrent.TimeoutException
	at java.util.concurrent.FutureTask.report(FutureTask.java:122)
	at java.util.concurrent.FutureTask.get(FutureTask.java:192)
	at org.apache.hadoop.ozone.container.common.states.datanode.RunningDatanodeState.computeNextContainerState(RunningDatanodeState.java:191)
	at org.apache.hadoop.ozone.container.common.states.datanode.RunningDatanodeState.await(RunningDatanodeState.java:231)
	at org.apache.hadoop.ozone.container.common.states.datanode.RunningDatanodeState.await(RunningDatanodeState.java:50)
	at org.apache.hadoop.ozone.container.common.statemachine.StateContext.execute(StateContext.java:633)
	at org.apache.hadoop.ozone.container.common.statemachine.DatanodeStateMachine.start(DatanodeStateMachine.java:280)
	at org.apache.hadoop.ozone.container.common.statemachine.DatanodeStateMachine.lambda$startDaemon$0(DatanodeStateMachine.java:468)
	at java.lang.Thread.run(Thread.java:748)
Caused by: java.util.concurrent.TimeoutException
	at java.util.concurrent.FutureTask.get(FutureTask.java:205)
	at org.apache.hadoop.ozone.container.common.states.datanode.RunningDatanodeState.lambda$execute$0(RunningDatanodeState.java:149)
	at java.util.concurrent.FutureTask.run(FutureTask.java:266)
	at java.util.concurrent.Executors$RunnableAdapter.call(Executors.java:511)
	at java.util.concurrent.FutureTask.run(FutureTask.java:266)
	at java.util.concurrent.ThreadPoolExecutor.runWorker(ThreadPoolExecutor.java:1149)
	at java.util.concurrent.ThreadPoolExecutor$Worker.run(ThreadPoolExecutor.java:624)
	... 1 more
2021-11-12 12:25:16,390 [EndpointStateMachine task thread for /0.0.0.0:37003 - 0 ] INFO  ipc.Client (Client.java:handleConnectionFailure(977)) - Retrying connect to server: 0.0.0.0/0.0.0.0:37003. Already tried 9 time(s); retry policy is RetryUpToMaximumCountWithFixedSleep(maxRetries=15, sleepTime=1000 MILLISECONDS)
2021-11-12 12:25:17,391 [EndpointStateMachine task thread for /0.0.0.0:37003 - 0 ] INFO  ipc.Client (Client.java:handleConnectionFailure(977)) - Retrying connect to server: 0.0.0.0/0.0.0.0:37003. Already tried 10 time(s); retry policy is RetryUpToMaximumCountWithFixedSleep(maxRetries=15, sleepTime=1000 MILLISECONDS)
2021-11-12 12:25:17,694 [ForkJoinPool.commonPool-worker-1] INFO  statemachine.DatanodeStateMachine (DatanodeStateMachine.java:stopDaemon(526)) - Ozone container server stopped.
2021-11-12 12:25:17,695 [ForkJoinPool.commonPool-worker-1] INFO  handler.ContextHandler (ContextHandler.java:doStop(1153)) - Stopped o.e.j.w.WebAppContext@5c329ab{hddsDatanode,/,null,STOPPED}{jar:file:/home/runner/.m2/repository/org/apache/ozone/hdds-container-service/1.2.0-SNAPSHOT/hdds-container-service-1.2.0-SNAPSHOT.jar!/webapps/hddsDatanode}
2021-11-12 12:25:17,695 [ForkJoinPool.commonPool-worker-1] INFO  server.AbstractConnector (AbstractConnector.java:doStop(381)) - Stopped ServerConnector@6e1a2f06{HTTP/1.1, (http/1.1)}{0.0.0.0:33363}
2021-11-12 12:25:17,696 [ForkJoinPool.commonPool-worker-1] INFO  server.session (HouseKeeper.java:stopScavenging(149)) - node0 Stopped scavenging
2021-11-12 12:25:17,696 [ForkJoinPool.commonPool-worker-1] INFO  handler.ContextHandler (ContextHandler.java:doStop(1153)) - Stopped o.e.j.s.ServletContextHandler@4b415181{static,/static,jar:file:/home/runner/.m2/repository/org/apache/ozone/hdds-container-service/1.2.0-SNAPSHOT/hdds-container-service-1.2.0-SNAPSHOT.jar!/webapps/static,STOPPED}
2021-11-12 12:25:17,698 [ForkJoinPool.commonPool-worker-1] INFO  handler.ContextHandler (ContextHandler.java:doStop(1153)) - Stopped o.e.j.s.ServletContextHandler@758a530b{logs,/logs,file:///home/runner/work/ozone/ozone/hadoop-ozone/integration-test/target/log,STOPPED}
2021-11-12 12:25:17,711 [Time-limited test] INFO  statemachine.DatanodeStateMachine (DatanodeStateMachine.java:stopDaemon(526)) - Ozone container server stopped.
2021-11-12 12:25:17,713 [Time-limited test] INFO  handler.ContextHandler (ContextHandler.java:doStop(1153)) - Stopped o.e.j.w.WebAppContext@d280585{hddsDatanode,/,null,STOPPED}{jar:file:/home/runner/.m2/repository/org/apache/ozone/hdds-container-service/1.2.0-SNAPSHOT/hdds-container-service-1.2.0-SNAPSHOT.jar!/webapps/hddsDatanode}
2021-11-12 12:25:17,723 [Time-limited test] INFO  server.AbstractConnector (AbstractConnector.java:doStop(381)) - Stopped ServerConnector@7956a465{HTTP/1.1, (http/1.1)}{0.0.0.0:0}
2021-11-12 12:25:17,723 [Time-limited test] INFO  server.session (HouseKeeper.java:stopScavenging(149)) - node0 Stopped scavenging
2021-11-12 12:25:17,724 [Time-limited test] INFO  handler.ContextHandler (ContextHandler.java:doStop(1153)) - Stopped o.e.j.s.ServletContextHandler@2a677fb7{static,/static,jar:file:/home/runner/.m2/repository/org/apache/ozone/hdds-container-service/1.2.0-SNAPSHOT/hdds-container-service-1.2.0-SNAPSHOT.jar!/webapps/static,STOPPED}
2021-11-12 12:25:17,724 [Time-limited test] INFO  handler.ContextHandler (ContextHandler.java:doStop(1153)) - Stopped o.e.j.s.ServletContextHandler@10760c64{logs,/logs,file:///home/runner/work/ozone/ozone/hadoop-ozone/integration-test/target/log,STOPPED}
2021-11-12 12:25:17,829 [Datanode State Machine Daemon Thread] WARN  statemachine.StateContext (StateContext.java:setState(249)) - Ignore disallowed transition from SHUTDOWN to RUNNING
2021-11-12 12:25:18,392 [EndpointStateMachine task thread for /0.0.0.0:37003 - 0 ] INFO  ipc.Client (Client.java:handleConnectionFailure(977)) - Retrying connect to server: 0.0.0.0/0.0.0.0:37003. Already tried 11 time(s); retry policy is RetryUpToMaximumCountWithFixedSleep(maxRetries=15, sleepTime=1000 MILLISECONDS)
2021-11-12 12:25:19,392 [EndpointStateMachine task thread for /0.0.0.0:37003 - 0 ] INFO  ipc.Client (Client.java:handleConnectionFailure(977)) - Retrying connect to server: 0.0.0.0/0.0.0.0:37003. Already tried 12 time(s); retry policy is RetryUpToMaximumCountWithFixedSleep(maxRetries=15, sleepTime=1000 MILLISECONDS)
2021-11-12 12:25:20,393 [EndpointStateMachine task thread for /0.0.0.0:37003 - 0 ] INFO  ipc.Client (Client.java:handleConnectionFailure(977)) - Retrying connect to server: 0.0.0.0/0.0.0.0:37003. Already tried 13 time(s); retry policy is RetryUpToMaximumCountWithFixedSleep(maxRetries=15, sleepTime=1000 MILLISECONDS)
2021-11-12 12:25:20,693 [14685acf-49cf-4105-a1b9-55173786b628@group-B748E4499EC5-FollowerState] INFO  impl.FollowerState (FollowerState.java:run(134)) - 14685acf-49cf-4105-a1b9-55173786b628@group-B748E4499EC5-FollowerState: change to CANDIDATE, lastRpcElapsedTime:7595822977ns, electionTimeout:5004ms
2021-11-12 12:25:20,693 [14685acf-49cf-4105-a1b9-55173786b628@group-B748E4499EC5-FollowerState] INFO  impl.RoleInfo (RoleInfo.java:shutdownFollowerState(108)) - 14685acf-49cf-4105-a1b9-55173786b628: shutdown 14685acf-49cf-4105-a1b9-55173786b628@group-B748E4499EC5-FollowerState
2021-11-12 12:25:20,694 [14685acf-49cf-4105-a1b9-55173786b628@group-B748E4499EC5-FollowerState] INFO  server.RaftServer$Division (RaftServerImpl.java:setRole(290)) - 14685acf-49cf-4105-a1b9-55173786b628@group-B748E4499EC5: changes role from  FOLLOWER to CANDIDATE at term 14 for changeToCandidate
2021-11-12 12:25:20,694 [14685acf-49cf-4105-a1b9-55173786b628@group-B748E4499EC5-FollowerState] INFO  server.RaftServerConfigKeys (ConfUtils.java:logGet(44)) - raft.server.leaderelection.pre-vote = false (custom)
2021-11-12 12:25:20,694 [14685acf-49cf-4105-a1b9-55173786b628@group-B748E4499EC5-FollowerState] INFO  impl.RoleInfo (RoleInfo.java:updateAndGet(130)) - 14685acf-49cf-4105-a1b9-55173786b628: start 14685acf-49cf-4105-a1b9-55173786b628@group-B748E4499EC5-LeaderElection32
2021-11-12 12:25:20,702 [14685acf-49cf-4105-a1b9-55173786b628@group-B748E4499EC5-LeaderElection32] INFO  server.RaftServer$Division (ServerState.java:setLeader(285)) - 14685acf-49cf-4105-a1b9-55173786b628@group-B748E4499EC5: change Leader from b1704d2c-306b-4db7-9c9e-f27a2a93c51e to null at term 14 for ELECTION
2021-11-12 12:25:20,706 [14685acf-49cf-4105-a1b9-55173786b628@group-B748E4499EC5-LeaderElection32] INFO  impl.LeaderElection (LeaderElection.java:askForVotes(306)) - 14685acf-49cf-4105-a1b9-55173786b628@group-B748E4499EC5-LeaderElection32 ELECTION round 0: submit vote requests at term 15 for 0: [39e0f2bb-68c5-4e65-9fa8-5a2176253db9|rpc:10.1.0.56:33975|dataStream:|priority:0, b1704d2c-306b-4db7-9c9e-f27a2a93c51e|rpc:10.1.0.56:36313|dataStream:|priority:1, 14685acf-49cf-4105-a1b9-55173786b628|rpc:10.1.0.56:43599|dataStream:|priority:0], old=null
2021-11-12 12:25:20,722 [14685acf-49cf-4105-a1b9-55173786b628@group-B748E4499EC5-LeaderElection32] INFO  impl.LeaderElection (LogUtils.java:infoOrTrace(137)) - 14685acf-49cf-4105-a1b9-55173786b628@group-B748E4499EC5-LeaderElection32 got exception when requesting votes: java.util.concurrent.ExecutionException: org.apache.ratis.thirdparty.io.grpc.StatusRuntimeException: UNAVAILABLE: io exception
2021-11-12 12:25:20,736 [14685acf-49cf-4105-a1b9-55173786b628@group-B748E4499EC5-LeaderElection32] INFO  impl.LeaderElection (LogUtils.java:infoOrTrace(137)) - 14685acf-49cf-4105-a1b9-55173786b628@group-B748E4499EC5-LeaderElection32 got exception when requesting votes: java.util.concurrent.ExecutionException: org.apache.ratis.thirdparty.io.grpc.StatusRuntimeException: UNAVAILABLE: io exception
2021-11-12 12:25:20,736 [14685acf-49cf-4105-a1b9-55173786b628@group-B748E4499EC5-LeaderElection32] INFO  impl.LeaderElection (LeaderElection.java:logAndReturn(89)) - 14685acf-49cf-4105-a1b9-55173786b628@group-B748E4499EC5-LeaderElection32: ELECTION REJECTED received 0 response(s) and 2 exception(s):
2021-11-12 12:25:20,736 [14685acf-49cf-4105-a1b9-55173786b628@group-B748E4499EC5-LeaderElection32] INFO  impl.LeaderElection (LogUtils.java:infoOrTrace(137)) -   Exception 0: java.util.concurrent.ExecutionException: org.apache.ratis.thirdparty.io.grpc.StatusRuntimeException: UNAVAILABLE: io exception
2021-11-12 12:25:20,736 [14685acf-49cf-4105-a1b9-55173786b628@group-B748E4499EC5-LeaderElection32] INFO  impl.LeaderElection (LogUtils.java:infoOrTrace(137)) -   Exception 1: java.util.concurrent.ExecutionException: org.apache.ratis.thirdparty.io.grpc.StatusRuntimeException: UNAVAILABLE: io exception
2021-11-12 12:25:20,736 [14685acf-49cf-4105-a1b9-55173786b628@group-B748E4499EC5-LeaderElection32] INFO  impl.LeaderElection (LeaderElection.java:askForVotes(308)) - 14685acf-49cf-4105-a1b9-55173786b628@group-B748E4499EC5-LeaderElection32 ELECTION round 0: result REJECTED
2021-11-12 12:25:20,740 [14685acf-49cf-4105-a1b9-55173786b628@group-B748E4499EC5-LeaderElection32] INFO  server.RaftServer$Division (RaftServerImpl.java:setRole(290)) - 14685acf-49cf-4105-a1b9-55173786b628@group-B748E4499EC5: changes role from CANDIDATE to FOLLOWER at term 15 for REJECTED
2021-11-12 12:25:20,740 [14685acf-49cf-4105-a1b9-55173786b628@group-B748E4499EC5-LeaderElection32] INFO  impl.RoleInfo (RoleInfo.java:shutdownLeaderElection(121)) - 14685acf-49cf-4105-a1b9-55173786b628: shutdown 14685acf-49cf-4105-a1b9-55173786b628@group-B748E4499EC5-LeaderElection32
2021-11-12 12:25:20,740 [14685acf-49cf-4105-a1b9-55173786b628@group-B748E4499EC5-LeaderElection32] INFO  impl.RoleInfo (RoleInfo.java:updateAndGet(130)) - 14685acf-49cf-4105-a1b9-55173786b628: start 14685acf-49cf-4105-a1b9-55173786b628@group-B748E4499EC5-FollowerState
2021-11-12 12:25:21,394 [EndpointStateMachine task thread for /0.0.0.0:37003 - 0 ] INFO  ipc.Client (Client.java:handleConnectionFailure(977)) - Retrying connect to server: 0.0.0.0/0.0.0.0:37003. Already tried 14 time(s); retry policy is RetryUpToMaximumCountWithFixedSleep(maxRetries=15, sleepTime=1000 MILLISECONDS)
2021-11-12 12:25:22,396 [EndpointStateMachine task thread for /0.0.0.0:37003 - 0 ] INFO  ipc.Client (Client.java:handleConnectionFailure(977)) - Retrying connect to server: 0.0.0.0/0.0.0.0:37003. Already tried 0 time(s); retry policy is RetryUpToMaximumCountWithFixedSleep(maxRetries=15, sleepTime=1000 MILLISECONDS)
2021-11-12 12:25:22,702 [ForkJoinPool.commonPool-worker-1] INFO  ozoneimpl.OzoneContainer (OzoneContainer.java:stop(325)) - Attempting to stop container services.
2021-11-12 12:25:22,703 [ForkJoinPool.commonPool-worker-1] INFO  server.RaftServer (RaftServerProxy.java:lambda$close$6(391)) - 14685acf-49cf-4105-a1b9-55173786b628: close
2021-11-12 12:25:22,703 [ForkJoinPool.commonPool-worker-1] INFO  server.RaftServer$Division (RaftServerImpl.java:lambda$close$4(412)) - 14685acf-49cf-4105-a1b9-55173786b628@group-B748E4499EC5: shutdown
2021-11-12 12:25:22,703 [ForkJoinPool.commonPool-worker-1] INFO  util.JmxRegister (JmxRegister.java:unregister(73)) - Successfully un-registered JMX Bean with object name Ratis:service=RaftServer,group=group-B748E4499EC5,id=14685acf-49cf-4105-a1b9-55173786b628
2021-11-12 12:25:22,704 [ForkJoinPool.commonPool-worker-1] INFO  impl.RoleInfo (RoleInfo.java:shutdownFollowerState(108)) - 14685acf-49cf-4105-a1b9-55173786b628: shutdown 14685acf-49cf-4105-a1b9-55173786b628@group-B748E4499EC5-FollowerState
2021-11-12 12:25:22,704 [ForkJoinPool.commonPool-worker-1] INFO  impl.StateMachineUpdater (StateMachineUpdater.java:stopAndJoin(149)) - 14685acf-49cf-4105-a1b9-55173786b628@group-B748E4499EC5-StateMachineUpdater: set stopIndex = 0
2021-11-12 12:25:22,704 [14685acf-49cf-4105-a1b9-55173786b628@group-B748E4499EC5-FollowerState] INFO  impl.FollowerState (FollowerState.java:run(143)) - 14685acf-49cf-4105-a1b9-55173786b628@group-B748E4499EC5-FollowerState was interrupted: {}
java.lang.InterruptedException: sleep interrupted
	at java.lang.Thread.sleep(Native Method)
	at java.lang.Thread.sleep(Thread.java:340)
	at java.util.concurrent.TimeUnit.sleep(TimeUnit.java:386)
	at org.apache.ratis.util.TimeDuration.sleep(TimeDuration.java:324)
	at org.apache.ratis.util.TimeDuration.sleep(TimeDuration.java:309)
	at org.apache.ratis.server.impl.FollowerState.run(FollowerState.java:118)
2021-11-12 12:25:22,704 [14685acf-49cf-4105-a1b9-55173786b628@group-B748E4499EC5-StateMachineUpdater] INFO  ratis.ContainerStateMachine (ContainerStateMachine.java:takeSnapshot(292)) - group-B748E4499EC5: Taking a snapshot at:(t:14, i:0) file /home/runner/work/ozone/ozone/hadoop-ozone/integration-test/target/test-dir/MiniOzoneClusterImpl-a86265ae-e924-4e37-b80c-e96915062793/datanode-2/data/ratis/5b684efa-687c-442b-b6b2-b748e4499ec5/sm/snapshot.14_0
2021-11-12 12:25:22,708 [14685acf-49cf-4105-a1b9-55173786b628@group-B748E4499EC5-StateMachineUpdater] INFO  ratis.ContainerStateMachine (ContainerStateMachine.java:takeSnapshot(303)) - group-B748E4499EC5: Finished taking a snapshot at:(t:14, i:0) file:/home/runner/work/ozone/ozone/hadoop-ozone/integration-test/target/test-dir/MiniOzoneClusterImpl-a86265ae-e924-4e37-b80c-e96915062793/datanode-2/data/ratis/5b684efa-687c-442b-b6b2-b748e4499ec5/sm/snapshot.14_0 took: 5 ms
2021-11-12 12:25:22,709 [14685acf-49cf-4105-a1b9-55173786b628@group-B748E4499EC5-StateMachineUpdater] INFO  impl.StateMachineUpdater (StateMachineUpdater.java:takeSnapshot(281)) - 14685acf-49cf-4105-a1b9-55173786b628@group-B748E4499EC5-StateMachineUpdater: Took a snapshot at index 0
2021-11-12 12:25:22,709 [14685acf-49cf-4105-a1b9-55173786b628@group-B748E4499EC5-StateMachineUpdater] INFO  impl.StateMachineUpdater (StateMachineUpdater.java:lambda$new$0(89)) - 14685acf-49cf-4105-a1b9-55173786b628@group-B748E4499EC5-StateMachineUpdater: snapshotIndex: updateIncreasingly -1 -> 0
2021-11-12 12:25:22,709 [ForkJoinPool.commonPool-worker-1] INFO  server.RaftServer$Division (ServerState.java:close(419)) - 14685acf-49cf-4105-a1b9-55173786b628@group-B748E4499EC5: closes. applyIndex: 0
2021-11-12 12:25:22,709 [14685acf-49cf-4105-a1b9-55173786b628@group-B748E4499EC5-SegmentedRaftLogWorker] INFO  segmented.SegmentedRaftLogWorker (SegmentedRaftLogWorker.java:run(327)) - 14685acf-49cf-4105-a1b9-55173786b628@group-B748E4499EC5-SegmentedRaftLogWorker was interrupted, exiting. There are 0 tasks remaining in the queue.
2021-11-12 12:25:22,710 [ForkJoinPool.commonPool-worker-1] INFO  segmented.SegmentedRaftLogWorker (SegmentedRaftLogWorker.java:close(237)) - 14685acf-49cf-4105-a1b9-55173786b628@group-B748E4499EC5-SegmentedRaftLogWorker close()
2021-11-12 12:25:22,710 [ForkJoinPool.commonPool-worker-1] INFO  server.RaftServer$Division (RaftServerImpl.java:lambda$close$4(412)) - 14685acf-49cf-4105-a1b9-55173786b628@group-774635E0F6DB: shutdown
2021-11-12 12:25:22,710 [ForkJoinPool.commonPool-worker-1] INFO  util.JmxRegister (JmxRegister.java:unregister(73)) - Successfully un-registered JMX Bean with object name Ratis:service=RaftServer,group=group-774635E0F6DB,id=14685acf-49cf-4105-a1b9-55173786b628
2021-11-12 12:25:22,710 [ForkJoinPool.commonPool-worker-1] INFO  impl.RoleInfo (RoleInfo.java:shutdownLeaderState(91)) - 14685acf-49cf-4105-a1b9-55173786b628: shutdown 14685acf-49cf-4105-a1b9-55173786b628@group-774635E0F6DB-LeaderStateImpl
2021-11-12 12:25:22,711 [ForkJoinPool.commonPool-worker-1] INFO  impl.PendingRequests (PendingRequests.java:sendNotLeaderResponses(282)) - 14685acf-49cf-4105-a1b9-55173786b628@group-774635E0F6DB-PendingRequests: sendNotLeaderResponses
2021-11-12 12:25:22,711 [ForkJoinPool.commonPool-worker-1] INFO  impl.StateMachineUpdater (StateMachineUpdater.java:stopAndJoin(149)) - 14685acf-49cf-4105-a1b9-55173786b628@group-774635E0F6DB-StateMachineUpdater: set stopIndex = 0
2021-11-12 12:25:22,711 [14685acf-49cf-4105-a1b9-55173786b628@group-774635E0F6DB-StateMachineUpdater] INFO  ratis.ContainerStateMachine (ContainerStateMachine.java:takeSnapshot(292)) - group-774635E0F6DB: Taking a snapshot at:(t:1, i:0) file /home/runner/work/ozone/ozone/hadoop-ozone/integration-test/target/test-dir/MiniOzoneClusterImpl-a86265ae-e924-4e37-b80c-e96915062793/datanode-2/data/ratis/1b2b8fe2-b0f2-433a-a79a-774635e0f6db/sm/snapshot.1_0
2021-11-12 12:25:22,713 [14685acf-49cf-4105-a1b9-55173786b628@group-774635E0F6DB-StateMachineUpdater] INFO  ratis.ContainerStateMachine (ContainerStateMachine.java:takeSnapshot(303)) - group-774635E0F6DB: Finished taking a snapshot at:(t:1, i:0) file:/home/runner/work/ozone/ozone/hadoop-ozone/integration-test/target/test-dir/MiniOzoneClusterImpl-a86265ae-e924-4e37-b80c-e96915062793/datanode-2/data/ratis/1b2b8fe2-b0f2-433a-a79a-774635e0f6db/sm/snapshot.1_0 took: 1 ms
2021-11-12 12:25:22,713 [14685acf-49cf-4105-a1b9-55173786b628@group-774635E0F6DB-StateMachineUpdater] INFO  impl.StateMachineUpdater (StateMachineUpdater.java:takeSnapshot(281)) - 14685acf-49cf-4105-a1b9-55173786b628@group-774635E0F6DB-StateMachineUpdater: Took a snapshot at index 0
2021-11-12 12:25:22,713 [14685acf-49cf-4105-a1b9-55173786b628@group-774635E0F6DB-StateMachineUpdater] INFO  impl.StateMachineUpdater (StateMachineUpdater.java:lambda$new$0(89)) - 14685acf-49cf-4105-a1b9-55173786b628@group-774635E0F6DB-StateMachineUpdater: snapshotIndex: updateIncreasingly -1 -> 0
2021-11-12 12:25:22,713 [ForkJoinPool.commonPool-worker-1] INFO  server.RaftServer$Division (ServerState.java:close(419)) - 14685acf-49cf-4105-a1b9-55173786b628@group-774635E0F6DB: closes. applyIndex: 0
2021-11-12 12:25:22,713 [14685acf-49cf-4105-a1b9-55173786b628@group-774635E0F6DB-SegmentedRaftLogWorker] INFO  segmented.SegmentedRaftLogWorker (SegmentedRaftLogWorker.java:run(327)) - 14685acf-49cf-4105-a1b9-55173786b628@group-774635E0F6DB-SegmentedRaftLogWorker was interrupted, exiting. There are 0 tasks remaining in the queue.
2021-11-12 12:25:22,713 [ForkJoinPool.commonPool-worker-1] INFO  segmented.SegmentedRaftLogWorker (SegmentedRaftLogWorker.java:close(237)) - 14685acf-49cf-4105-a1b9-55173786b628@group-774635E0F6DB-SegmentedRaftLogWorker close()
2021-11-12 12:25:22,714 [ForkJoinPool.commonPool-worker-1] INFO  server.GrpcService (GrpcService.java:closeImpl(262)) - 14685acf-49cf-4105-a1b9-55173786b628: shutdown server with port 43599 now
2021-11-12 12:25:22,716 [ForkJoinPool.commonPool-worker-1] INFO  server.GrpcService (GrpcService.java:closeImpl(271)) - 14685acf-49cf-4105-a1b9-55173786b628: shutdown server with port 43599 successfully
2021-11-12 12:25:22,716 [org.apache.ratis.util.JvmPauseMonitor$$Lambda$531/1863680554@3ed2f567] INFO  util.JvmPauseMonitor (JvmPauseMonitor.java:run(109)) - JvmPauseMonitor-14685acf-49cf-4105-a1b9-55173786b628: Stopped
2021-11-12 12:25:22,719 [ForkJoinPool.commonPool-worker-1] INFO  utils.BackgroundService (BackgroundService.java:shutdown(132)) - Shutting down service BlockDeletingService
2021-11-12 12:25:23,397 [EndpointStateMachine task thread for /0.0.0.0:37003 - 0 ] INFO  ipc.Client (Client.java:handleConnectionFailure(977)) - Retrying connect to server: 0.0.0.0/0.0.0.0:37003. Already tried 1 time(s); retry policy is RetryUpToMaximumCountWithFixedSleep(maxRetries=15, sleepTime=1000 MILLISECONDS)
2021-11-12 12:25:24,398 [EndpointStateMachine task thread for /0.0.0.0:37003 - 0 ] INFO  ipc.Client (Client.java:handleConnectionFailure(977)) - Retrying connect to server: 0.0.0.0/0.0.0.0:37003. Already tried 2 time(s); retry policy is RetryUpToMaximumCountWithFixedSleep(maxRetries=15, sleepTime=1000 MILLISECONDS)
2021-11-12 12:25:25,399 [EndpointStateMachine task thread for /0.0.0.0:37003 - 0 ] INFO  ipc.Client (Client.java:handleConnectionFailure(977)) - Retrying connect to server: 0.0.0.0/0.0.0.0:37003. Already tried 3 time(s); retry policy is RetryUpToMaximumCountWithFixedSleep(maxRetries=15, sleepTime=1000 MILLISECONDS)
2021-11-12 12:25:25,730 [ForkJoinPool.commonPool-worker-1] INFO  statemachine.DatanodeStateMachine (DatanodeStateMachine.java:stopDaemon(526)) - Ozone container server stopped.
2021-11-12 12:25:25,731 [ForkJoinPool.commonPool-worker-1] INFO  handler.ContextHandler (ContextHandler.java:doStop(1153)) - Stopped o.e.j.w.WebAppContext@33f3b6ac{hddsDatanode,/,null,STOPPED}{jar:file:/home/runner/.m2/repository/org/apache/ozone/hdds-container-service/1.2.0-SNAPSHOT/hdds-container-service-1.2.0-SNAPSHOT.jar!/webapps/hddsDatanode}
2021-11-12 12:25:25,732 [ForkJoinPool.commonPool-worker-1] INFO  server.AbstractConnector (AbstractConnector.java:doStop(381)) - Stopped ServerConnector@3760653b{HTTP/1.1, (http/1.1)}{0.0.0.0:0}
2021-11-12 12:25:25,732 [ForkJoinPool.commonPool-worker-1] INFO  server.session (HouseKeeper.java:stopScavenging(149)) - node0 Stopped scavenging
2021-11-12 12:25:25,732 [ForkJoinPool.commonPool-worker-1] INFO  handler.ContextHandler (ContextHandler.java:doStop(1153)) - Stopped o.e.j.s.ServletContextHandler@6a45de90{static,/static,jar:file:/home/runner/.m2/repository/org/apache/ozone/hdds-container-service/1.2.0-SNAPSHOT/hdds-container-service-1.2.0-SNAPSHOT.jar!/webapps/static,STOPPED}
2021-11-12 12:25:25,733 [ForkJoinPool.commonPool-worker-1] INFO  handler.ContextHandler (ContextHandler.java:doStop(1153)) - Stopped o.e.j.s.ServletContextHandler@19b3893f{logs,/logs,file:///home/runner/work/ozone/ozone/hadoop-ozone/integration-test/target/log,STOPPED}
2021-11-12 12:25:25,742 [Time-limited test] INFO  ozone.MiniOzoneClusterImpl (MiniOzoneClusterImpl.java:stopSCM(542)) - Stopping the StorageContainerManager
2021-11-12 12:25:25,742 [Time-limited test] INFO  server.StorageContainerManager (StorageContainerManager.java:stop(1395)) - Stopping Container Balancer service.
2021-11-12 12:25:25,742 [Time-limited test] INFO  balancer.ContainerBalancer (ContainerBalancer.java:stop(773)) - Container Balancer is not running.
2021-11-12 12:25:25,742 [Time-limited test] INFO  server.StorageContainerManager (StorageContainerManager.java:stop(1402)) - Stopping Replication Manager Service.
2021-11-12 12:25:25,742 [Time-limited test] INFO  container.ReplicationManager (ReplicationManager.java:stop(357)) - Replication Monitor Thread is not running.
2021-11-12 12:25:25,742 [Time-limited test] INFO  server.StorageContainerManager (StorageContainerManager.java:stop(1409)) - Stopping the Datanode Admin Monitor.
2021-11-12 12:25:25,742 [Time-limited test] INFO  server.StorageContainerManager (StorageContainerManager.java:stop(1416)) - Stopping Lease Manager of the command watchers
2021-11-12 12:25:25,743 [Time-limited test] ERROR server.StorageContainerManager (StorageContainerManager.java:stop(1419)) - Lease Manager of the command watchers stop failed
2021-11-12 12:25:25,743 [Time-limited test] INFO  server.StorageContainerManager (StorageContainerManager.java:stop(1423)) - Stopping datanode service RPC server
2021-11-12 12:25:25,743 [Time-limited test] INFO  server.SCMDatanodeProtocolServer (SCMDatanodeProtocolServer.java:stop(389)) - Stopping the RPC server for DataNodes
2021-11-12 12:25:25,743 [Time-limited test] INFO  ipc.Server (Server.java:stop(3414)) - Stopping server on 37003
2021-11-12 12:25:25,743 [Time-limited test] INFO  server.StorageContainerManager (StorageContainerManager.java:stop(1431)) - Stopping block service RPC server
2021-11-12 12:25:25,743 [Time-limited test] INFO  server.SCMBlockProtocolServer (SCMBlockProtocolServer.java:stop(160)) - Stopping the RPC server for Block Protocol
2021-11-12 12:25:25,743 [Time-limited test] INFO  ipc.Server (Server.java:stop(3414)) - Stopping server on 33671
2021-11-12 12:25:25,743 [Time-limited test] INFO  server.StorageContainerManager (StorageContainerManager.java:stop(1438)) - Stopping the StorageContainerLocationProtocol RPC server
2021-11-12 12:25:25,743 [Time-limited test] INFO  server.SCMClientProtocolServer (SCMClientProtocolServer.java:stop(173)) - Stopping the RPC server for Client Protocol
2021-11-12 12:25:25,743 [Time-limited test] INFO  ipc.Server (Server.java:stop(3414)) - Stopping server on 45049
2021-11-12 12:25:25,743 [Time-limited test] INFO  server.StorageContainerManager (StorageContainerManager.java:stop(1445)) - Stopping Storage Container Manager HTTP server.
2021-11-12 12:25:25,744 [Time-limited test] INFO  server.StorageContainerManager (StorageContainerManager.java:stop(1456)) - Stopping Block Manager Service.
2021-11-12 12:25:25,744 [Time-limited test] INFO  utils.BackgroundService (BackgroundService.java:shutdown(132)) - Shutting down service SCMBlockDeletingService
2021-11-12 12:25:25,744 [Time-limited test] INFO  utils.BackgroundService (BackgroundService.java:shutdown(132)) - Shutting down service SCMBlockDeletingService
2021-11-12 12:25:25,744 [Time-limited test] INFO  server.StorageContainerManager (StorageContainerManager.java:stop(1483)) - Stopping SCM Event Queue.
2021-11-12 12:25:25,744 [Time-limited test] INFO  server.StorageContainerManager (StorageContainerManager.java:stop(1494)) - Stopping SCM HA services.
2021-11-12 12:25:25,744 [Time-limited test] WARN  pipeline.BackgroundPipelineCreator (BackgroundPipelineCreator.java:stop(154)) - RatisPipelineUtilsThread is not running, just ignore.
2021-11-12 12:25:25,745 [Time-limited test] INFO  server.StorageContainerManager (StorageContainerManager.java:stop(1504)) - Stopping SCM MetadataStore.
2021-11-12 12:25:25,745 [Time-limited test] INFO  impl.MetricsSystemImpl (MetricsSystemImpl.java:stop(210)) - Stopping HddsDatanode metrics system...
2021-11-12 12:25:25,751 [prometheus] INFO  impl.MetricsSinkAdapter (MetricsSinkAdapter.java:publishMetricsFromQueue(141)) - prometheus thread interrupted.
2021-11-12 12:25:25,756 [Time-limited test] INFO  impl.MetricsSystemImpl (MetricsSystemImpl.java:stop(216)) - HddsDatanode metrics system stopped.
]]></system-out>
  </testcase>
  <testcase name="testDatanodeIDPersistent" classname="org.apache.hadoop.ozone.TestMiniOzoneCluster" time="0.103"/>
  <testcase name="testContainerRandomPort" classname="org.apache.hadoop.ozone.TestMiniOzoneCluster" time="19.381"/>
</testsuite>