<?xml version="1.0" encoding="UTF-8"?>
<testsuite xmlns:xsi="http://www.w3.org/2001/XMLSchema-instance" xsi:noNamespaceSchemaLocation="https://maven.apache.org/surefire/maven-surefire-plugin/xsd/surefire-test-report.xsd" name="org.apache.hadoop.ozone.scm.node.TestDecommissionAndMaintenance" time="752.358" tests="8" errors="7" skipped="0" failures="0">
  <properties>
    <property name="awt.toolkit" value="sun.awt.X11.XToolkit"/>
    <property name="file.encoding.pkg" value="sun.io"/>
    <property name="java.specification.version" value="1.8"/>
    <property name="sun.cpu.isalist" value=""/>
    <property name="sun.jnu.encoding" value="UTF-8"/>
    <property name="java.class.path" value="/home/runner/work/ozone/ozone/hadoop-ozone/integration-test/target/test-classes:/home/runner/work/ozone/ozone/hadoop-ozone/integration-test/target/classes:/home/runner/.m2/repository/org/apache/ozone/ozone-common/1.3.0-SNAPSHOT/ozone-common-1.3.0-SNAPSHOT.jar:/home/runner/.m2/repository/org/apache/commons/commons-compress/1.21/commons-compress-1.21.jar:/home/runner/.m2/repository/org/apache/ozone/hdds-common/1.3.0-SNAPSHOT/hdds-common-1.3.0-SNAPSHOT.jar:/home/runner/.m2/repository/org/apache/ozone/hdds-client/1.3.0-SNAPSHOT/hdds-client-1.3.0-SNAPSHOT.jar:/home/runner/.m2/repository/org/apache/ozone/ozone-interface-client/1.3.0-SNAPSHOT/ozone-interface-client-1.3.0-SNAPSHOT.jar:/home/runner/.m2/repository/org/apache/ozone/hdds-test-utils/1.3.0-SNAPSHOT/hdds-test-utils-1.3.0-SNAPSHOT.jar:/home/runner/.m2/repository/com/google/guava/guava/30.1.1-jre/guava-30.1.1-jre.jar:/home/runner/.m2/repository/com/google/guava/failureaccess/1.0.1/failureaccess-1.0.1.jar:/home/runner/.m2/repository/com/google/guava/listenablefuture/9999.0-empty-to-avoid-conflict-with-guava/listenablefuture-9999.0-empty-to-avoid-conflict-with-guava.jar:/home/runner/.m2/repository/com/google/code/findbugs/jsr305/3.0.0/jsr305-3.0.0.jar:/home/runner/.m2/repository/org/checkerframework/checker-qual/3.8.0/checker-qual-3.8.0.jar:/home/runner/.m2/repository/com/google/errorprone/error_prone_annotations/2.2.0/error_prone_annotations-2.2.0.jar:/home/runner/.m2/repository/com/google/j2objc/j2objc-annotations/1.3/j2objc-annotations-1.3.jar:/home/runner/.m2/repository/commons-io/commons-io/2.11.0/commons-io-2.11.0.jar:/home/runner/.m2/repository/commons-logging/commons-logging/1.2/commons-logging-1.2.jar:/home/runner/.m2/repository/log4j/log4j/1.2.17/log4j-1.2.17.jar:/home/runner/.m2/repository/org/slf4j/slf4j-api/1.7.30/slf4j-api-1.7.30.jar:/home/runner/.m2/repository/org/apache/ozone/hdds-server-scm/1.3.0-SNAPSHOT/hdds-server-scm-1.3.0-SNAPSHOT.jar:/home/runner/.m2/repository/org/apache/ozone/hdds-container-service/1.3.0-SNAPSHOT/hdds-container-service-1.3.0-SNAPSHOT.jar:/home/runner/.m2/repository/org/apache/ozone/hdds-hadoop-dependency-server/1.3.0-SNAPSHOT/hdds-hadoop-dependency-server-1.3.0-SNAPSHOT.jar:/home/runner/.m2/repository/org/apache/hadoop/hadoop-hdfs/3.3.1/hadoop-hdfs-3.3.1.jar:/home/runner/.m2/repository/org/apache/ozone/hdds-server-framework/1.3.0-SNAPSHOT/hdds-server-framework-1.3.0-SNAPSHOT.jar:/home/runner/.m2/repository/org/apache/ozone/hdds-interface-server/1.3.0-SNAPSHOT/hdds-interface-server-1.3.0-SNAPSHOT.jar:/home/runner/.m2/repository/org/eclipse/jetty/jetty-servlet/9.4.43.v20210629/jetty-servlet-9.4.43.v20210629.jar:/home/runner/.m2/repository/org/eclipse/jetty/jetty-security/9.4.43.v20210629/jetty-security-9.4.43.v20210629.jar:/home/runner/.m2/repository/org/rocksdb/rocksdbjni/6.25.3/rocksdbjni-6.25.3.jar:/home/runner/.m2/repository/io/prometheus/simpleclient_dropwizard/0.7.0/simpleclient_dropwizard-0.7.0.jar:/home/runner/.m2/repository/io/prometheus/simpleclient/0.7.0/simpleclient-0.7.0.jar:/home/runner/.m2/repository/io/prometheus/simpleclient_common/0.7.0/simpleclient_common-0.7.0.jar:/home/runner/.m2/repository/com/fasterxml/jackson/datatype/jackson-datatype-jsr310/2.12.1/jackson-datatype-jsr310-2.12.1.jar:/home/runner/.m2/repository/io/dropwizard/metrics/metrics-core/3.2.4/metrics-core-3.2.4.jar:/home/runner/.m2/repository/org/apache/hadoop/hadoop-hdfs-client/3.3.1/hadoop-hdfs-client-3.3.1.jar:/home/runner/.m2/repository/org/bouncycastle/bcprov-jdk15on/1.67/bcprov-jdk15on-1.67.jar:/home/runner/.m2/repository/com/google/protobuf/protobuf-java/2.5.0/protobuf-java-2.5.0.jar:/home/runner/.m2/repository/org/apache/ozone/ozone-manager/1.3.0-SNAPSHOT/ozone-manager-1.3.0-SNAPSHOT.jar:/home/runner/.m2/repository/org/aspectj/aspectjrt/1.9.7/aspectjrt-1.9.7.jar:/home/runner/.m2/repository/org/aspectj/aspectjweaver/1.9.7/aspectjweaver-1.9.7.jar:/home/runner/.m2/repository/org/apache/ozone/hdds-interface-client/1.3.0-SNAPSHOT/hdds-interface-client-1.3.0-SNAPSHOT.jar:/home/runner/.m2/repository/org/apache/hadoop/thirdparty/hadoop-shaded-protobuf_3_7/1.1.1/hadoop-shaded-protobuf_3_7-1.1.1.jar:/home/runner/.m2/repository/org/apache/ozone/ozone-interface-storage/1.3.0-SNAPSHOT/ozone-interface-storage-1.3.0-SNAPSHOT.jar:/home/runner/.m2/repository/org/reflections/reflections/0.9.11/reflections-0.9.11.jar:/home/runner/.m2/repository/org/apache/hadoop/hadoop-minikdc/3.3.1/hadoop-minikdc-3.3.1.jar:/home/runner/.m2/repository/org/apache/kerby/kerb-simplekdc/1.0.1/kerb-simplekdc-1.0.1.jar:/home/runner/.m2/repository/org/apache/kerby/kerb-client/1.0.1/kerb-client-1.0.1.jar:/home/runner/.m2/repository/org/apache/kerby/kerby-config/1.0.1/kerby-config-1.0.1.jar:/home/runner/.m2/repository/org/apache/kerby/kerb-common/1.0.1/kerb-common-1.0.1.jar:/home/runner/.m2/repository/org/apache/kerby/kerb-crypto/1.0.1/kerb-crypto-1.0.1.jar:/home/runner/.m2/repository/org/apache/kerby/kerb-util/1.0.1/kerb-util-1.0.1.jar:/home/runner/.m2/repository/org/apache/kerby/token-provider/1.0.1/token-provider-1.0.1.jar:/home/runner/.m2/repository/org/apache/kerby/kerb-admin/1.0.1/kerb-admin-1.0.1.jar:/home/runner/.m2/repository/org/apache/kerby/kerb-server/1.0.1/kerb-server-1.0.1.jar:/home/runner/.m2/repository/org/apache/kerby/kerb-identity/1.0.1/kerb-identity-1.0.1.jar:/home/runner/.m2/repository/org/apache/kerby/kerby-xdr/1.0.1/kerby-xdr-1.0.1.jar:/home/runner/.m2/repository/org/slf4j/slf4j-log4j12/1.7.30/slf4j-log4j12-1.7.30.jar:/home/runner/.m2/repository/org/apache/ozone/ozone-s3gateway/1.3.0-SNAPSHOT/ozone-s3gateway-1.3.0-SNAPSHOT.jar:/home/runner/.m2/repository/org/javassist/javassist/3.21.0-GA/javassist-3.21.0-GA.jar:/home/runner/.m2/repository/org/jboss/weld/servlet/weld-servlet/2.4.7.Final/weld-servlet-2.4.7.Final.jar:/home/runner/.m2/repository/org/glassfish/jersey/containers/jersey-container-servlet-core/2.33/jersey-container-servlet-core-2.33.jar:/home/runner/.m2/repository/org/glassfish/hk2/external/jakarta.inject/2.6.1/jakarta.inject-2.6.1.jar:/home/runner/.m2/repository/org/glassfish/jersey/core/jersey-common/2.33/jersey-common-2.33.jar:/home/runner/.m2/repository/jakarta/ws/rs/jakarta.ws.rs-api/2.1.6/jakarta.ws.rs-api-2.1.6.jar:/home/runner/.m2/repository/org/glassfish/jersey/ext/cdi/jersey-cdi1x/2.33/jersey-cdi1x-2.33.jar:/home/runner/.m2/repository/org/glassfish/jersey/inject/jersey-hk2/2.33/jersey-hk2-2.33.jar:/home/runner/.m2/repository/org/glassfish/hk2/hk2-locator/2.6.1/hk2-locator-2.6.1.jar:/home/runner/.m2/repository/org/glassfish/jersey/media/jersey-media-jaxb/2.33/jersey-media-jaxb-2.33.jar:/home/runner/.m2/repository/org/glassfish/hk2/osgi-resource-locator/1.0.3/osgi-resource-locator-1.0.3.jar:/home/runner/.m2/repository/org/glassfish/hk2/hk2-api/2.5.0/hk2-api-2.5.0.jar:/home/runner/.m2/repository/org/glassfish/hk2/hk2-utils/2.5.0/hk2-utils-2.5.0.jar:/home/runner/.m2/repository/org/glassfish/hk2/external/aopalliance-repackaged/2.5.0/aopalliance-repackaged-2.5.0.jar:/home/runner/.m2/repository/com/fasterxml/jackson/dataformat/jackson-dataformat-xml/2.12.1/jackson-dataformat-xml-2.12.1.jar:/home/runner/.m2/repository/com/fasterxml/jackson/core/jackson-core/2.12.1/jackson-core-2.12.1.jar:/home/runner/.m2/repository/com/fasterxml/jackson/module/jackson-module-jaxb-annotations/2.12.1/jackson-module-jaxb-annotations-2.12.1.jar:/home/runner/.m2/repository/jakarta/xml/bind/jakarta.xml.bind-api/2.3.2/jakarta.xml.bind-api-2.3.2.jar:/home/runner/.m2/repository/org/codehaus/woodstox/stax2-api/3.1.4/stax2-api-3.1.4.jar:/home/runner/.m2/repository/com/fasterxml/woodstox/woodstox-core/5.0.3/woodstox-core-5.0.3.jar:/home/runner/.m2/repository/javax/enterprise/cdi-api/1.2/cdi-api-1.2.jar:/home/runner/.m2/repository/javax/el/javax.el-api/3.0.0/javax.el-api-3.0.0.jar:/home/runner/.m2/repository/javax/interceptor/javax.interceptor-api/1.2/javax.interceptor-api-1.2.jar:/home/runner/.m2/repository/javax/inject/javax.inject/1/javax.inject-1.jar:/home/runner/.m2/repository/javax/xml/bind/jaxb-api/2.3.0/jaxb-api-2.3.0.jar:/home/runner/.m2/repository/org/glassfish/jaxb/jaxb-runtime/2.3.0.1/jaxb-runtime-2.3.0.1.jar:/home/runner/.m2/repository/org/glassfish/jaxb/jaxb-core/2.3.0.1/jaxb-core-2.3.0.1.jar:/home/runner/.m2/repository/org/glassfish/jaxb/txw2/2.3.0.1/txw2-2.3.0.1.jar:/home/runner/.m2/repository/com/sun/istack/istack-commons-runtime/3.0.5/istack-commons-runtime-3.0.5.jar:/home/runner/.m2/repository/org/jvnet/staxex/stax-ex/1.7.8/stax-ex-1.7.8.jar:/home/runner/.m2/repository/com/sun/xml/fastinfoset/FastInfoset/1.2.13/FastInfoset-1.2.13.jar:/home/runner/.m2/repository/javax/activation/activation/1.1.1/activation-1.1.1.jar:/home/runner/.m2/repository/org/apache/ozone/ozone-csi/1.3.0-SNAPSHOT/ozone-csi-1.3.0-SNAPSHOT.jar:/home/runner/.m2/repository/com/google/protobuf/protobuf-java-util/3.12.0/protobuf-java-util-3.12.0.jar:/home/runner/.m2/repository/com/google/code/gson/gson/2.2.4/gson-2.2.4.jar:/home/runner/.m2/repository/org/apache/ozone/hdds-config/1.3.0-SNAPSHOT/hdds-config-1.3.0-SNAPSHOT.jar:/home/runner/.m2/repository/io/grpc/grpc-netty/1.33.0/grpc-netty-1.33.0.jar:/home/runner/.m2/repository/io/grpc/grpc-core/1.33.0/grpc-core-1.33.0.jar:/home/runner/.m2/repository/com/google/android/annotations/4.1.1.4/annotations-4.1.1.4.jar:/home/runner/.m2/repository/io/netty/netty-codec-http2/4.1.63.Final/netty-codec-http2-4.1.63.Final.jar:/home/runner/.m2/repository/io/netty/netty-codec-http/4.1.63.Final/netty-codec-http-4.1.63.Final.jar:/home/runner/.m2/repository/io/netty/netty-handler-proxy/4.1.63.Final/netty-handler-proxy-4.1.63.Final.jar:/home/runner/.m2/repository/io/netty/netty-codec-socks/4.1.63.Final/netty-codec-socks-4.1.63.Final.jar:/home/runner/.m2/repository/io/perfmark/perfmark-api/0.19.0/perfmark-api-0.19.0.jar:/home/runner/.m2/repository/org/codehaus/mojo/animal-sniffer-annotations/1.18/animal-sniffer-annotations-1.18.jar:/home/runner/.m2/repository/io/netty/netty-transport-native-epoll/4.1.63.Final/netty-transport-native-epoll-4.1.63.Final.jar:/home/runner/.m2/repository/io/netty/netty-common/4.1.63.Final/netty-common-4.1.63.Final.jar:/home/runner/.m2/repository/io/netty/netty-buffer/4.1.63.Final/netty-buffer-4.1.63.Final.jar:/home/runner/.m2/repository/io/netty/netty-transport-native-unix-common/4.1.63.Final/netty-transport-native-unix-common-4.1.63.Final.jar:/home/runner/.m2/repository/io/grpc/grpc-protobuf/1.33.0/grpc-protobuf-1.33.0.jar:/home/runner/.m2/repository/io/grpc/grpc-api/1.33.0/grpc-api-1.33.0.jar:/home/runner/.m2/repository/io/grpc/grpc-context/1.33.0/grpc-context-1.33.0.jar:/home/runner/.m2/repository/com/google/api/grpc/proto-google-common-protos/1.17.0/proto-google-common-protos-1.17.0.jar:/home/runner/.m2/repository/io/grpc/grpc-protobuf-lite/1.33.0/grpc-protobuf-lite-1.33.0.jar:/home/runner/.m2/repository/io/grpc/grpc-stub/1.33.0/grpc-stub-1.33.0.jar:/home/runner/.m2/repository/org/apache/ozone/ozone-recon/1.3.0-SNAPSHOT/ozone-recon-1.3.0-SNAPSHOT.jar:/home/runner/.m2/repository/org/apache/ozone/ozone-reconcodegen/1.3.0-SNAPSHOT/ozone-reconcodegen-1.3.0-SNAPSHOT.jar:/home/runner/.m2/repository/com/google/inject/extensions/guice-multibindings/4.0/guice-multibindings-4.0.jar:/home/runner/.m2/repository/com/google/inject/guice/4.0/guice-4.0.jar:/home/runner/.m2/repository/aopalliance/aopalliance/1.0/aopalliance-1.0.jar:/home/runner/.m2/repository/com/google/inject/extensions/guice-assistedinject/4.0/guice-assistedinject-4.0.jar:/home/runner/.m2/repository/com/google/inject/extensions/guice-servlet/4.0/guice-servlet-4.0.jar:/home/runner/.m2/repository/org/glassfish/jersey/containers/jersey-container-servlet/2.33/jersey-container-servlet-2.33.jar:/home/runner/.m2/repository/org/glassfish/hk2/guice-bridge/2.5.0/guice-bridge-2.5.0.jar:/home/runner/.m2/repository/org/glassfish/jersey/core/jersey-server/2.33/jersey-server-2.33.jar:/home/runner/.m2/repository/org/glassfish/jersey/core/jersey-client/2.33/jersey-client-2.33.jar:/home/runner/.m2/repository/jakarta/annotation/jakarta.annotation-api/1.3.5/jakarta.annotation-api-1.3.5.jar:/home/runner/.m2/repository/jakarta/validation/jakarta.validation-api/2.0.2/jakarta.validation-api-2.0.2.jar:/home/runner/.m2/repository/org/glassfish/jersey/media/jersey-media-json-jackson/2.33/jersey-media-json-jackson-2.33.jar:/home/runner/.m2/repository/org/glassfish/jersey/ext/jersey-entity-filtering/2.33/jersey-entity-filtering-2.33.jar:/home/runner/.m2/repository/org/jooq/jooq/3.11.10/jooq-3.11.10.jar:/home/runner/.m2/repository/org/jooq/jooq-meta/3.11.10/jooq-meta-3.11.10.jar:/home/runner/.m2/repository/org/jooq/jooq-codegen/3.11.10/jooq-codegen-3.11.10.jar:/home/runner/.m2/repository/com/jolbox/bonecp/0.8.0.RELEASE/bonecp-0.8.0.RELEASE.jar:/home/runner/.m2/repository/org/apache/derby/derby/10.14.2.0/derby-10.14.2.0.jar:/home/runner/.m2/repository/org/xerial/sqlite-jdbc/3.25.2/sqlite-jdbc-3.25.2.jar:/home/runner/.m2/repository/org/springframework/spring-jdbc/5.2.18.RELEASE/spring-jdbc-5.2.18.RELEASE.jar:/home/runner/.m2/repository/org/springframework/spring-beans/5.2.18.RELEASE/spring-beans-5.2.18.RELEASE.jar:/home/runner/.m2/repository/org/springframework/spring-core/5.2.18.RELEASE/spring-core-5.2.18.RELEASE.jar:/home/runner/.m2/repository/org/springframework/spring-jcl/5.2.18.RELEASE/spring-jcl-5.2.18.RELEASE.jar:/home/runner/.m2/repository/org/springframework/spring-tx/5.2.18.RELEASE/spring-tx-5.2.18.RELEASE.jar:/home/runner/.m2/repository/org/apache/ozone/ozone-client/1.3.0-SNAPSHOT/ozone-client-1.3.0-SNAPSHOT.jar:/home/runner/.m2/repository/org/apache/ozone/ozone-filesystem/1.3.0-SNAPSHOT/ozone-filesystem-1.3.0-SNAPSHOT.jar:/home/runner/.m2/repository/org/apache/ozone/ozone-filesystem-common/1.3.0-SNAPSHOT/ozone-filesystem-common-1.3.0-SNAPSHOT.jar:/home/runner/.m2/repository/org/apache/ozone/ozone-tools/1.3.0-SNAPSHOT/ozone-tools-1.3.0-SNAPSHOT.jar:/home/runner/.m2/repository/org/apache/ratis/ratis-tools/2.2.0/ratis-tools-2.2.0.jar:/home/runner/.m2/repository/com/amazonaws/aws-java-sdk-core/1.12.124/aws-java-sdk-core-1.12.124.jar:/home/runner/.m2/repository/org/apache/httpcomponents/httpclient/4.5.13/httpclient-4.5.13.jar:/home/runner/.m2/repository/org/apache/httpcomponents/httpcore/4.4.13/httpcore-4.4.13.jar:/home/runner/.m2/repository/software/amazon/ion/ion-java/1.0.2/ion-java-1.0.2.jar:/home/runner/.m2/repository/com/fasterxml/jackson/dataformat/jackson-dataformat-cbor/2.12.1/jackson-dataformat-cbor-2.12.1.jar:/home/runner/.m2/repository/joda-time/joda-time/2.8.1/joda-time-2.8.1.jar:/home/runner/.m2/repository/com/amazonaws/aws-java-sdk-s3/1.12.124/aws-java-sdk-s3-1.12.124.jar:/home/runner/.m2/repository/com/amazonaws/aws-java-sdk-kms/1.12.124/aws-java-sdk-kms-1.12.124.jar:/home/runner/.m2/repository/com/amazonaws/jmespath-java/1.12.124/jmespath-java-1.12.124.jar:/home/runner/.m2/repository/org/kohsuke/metainf-services/metainf-services/1.8/metainf-services-1.8.jar:/home/runner/.m2/repository/org/apache/ozone/hdds-tools/1.3.0-SNAPSHOT/hdds-tools-1.3.0-SNAPSHOT.jar:/home/runner/.m2/repository/commons-cli/commons-cli/1.2/commons-cli-1.2.jar:/home/runner/.m2/repository/org/apache/commons/commons-lang3/3.7/commons-lang3-3.7.jar:/home/runner/.m2/repository/org/apache/ozone/ozone-manager/1.3.0-SNAPSHOT/ozone-manager-1.3.0-SNAPSHOT-tests.jar:/home/runner/.m2/repository/org/apache/ozone/hdds-common/1.3.0-SNAPSHOT/hdds-common-1.3.0-SNAPSHOT-tests.jar:/home/runner/.m2/repository/org/apache/ozone/hdds-hadoop-dependency-client/1.3.0-SNAPSHOT/hdds-hadoop-dependency-client-1.3.0-SNAPSHOT.jar:/home/runner/.m2/repository/info/picocli/picocli/4.6.1/picocli-4.6.1.jar:/home/runner/.m2/repository/com/fasterxml/jackson/core/jackson-annotations/2.12.1/jackson-annotations-2.12.1.jar:/home/runner/.m2/repository/javax/annotation/javax.annotation-api/1.2/javax.annotation-api-1.2.jar:/home/runner/.m2/repository/org/apache/ratis/ratis-server/2.2.0/ratis-server-2.2.0.jar:/home/runner/.m2/repository/org/apache/ratis/ratis-client/2.2.0/ratis-client-2.2.0.jar:/home/runner/.m2/repository/org/apache/ratis/ratis-server-api/2.2.0/ratis-server-api-2.2.0.jar:/home/runner/.m2/repository/org/apache/ratis/ratis-metrics/2.2.0/ratis-metrics-2.2.0.jar:/home/runner/.m2/repository/org/apache/ratis/ratis-netty/2.2.0/ratis-netty-2.2.0.jar:/home/runner/.m2/repository/org/apache/ratis/ratis-grpc/2.2.0/ratis-grpc-2.2.0.jar:/home/runner/.m2/repository/org/apache/logging/log4j/log4j-api/2.17.1/log4j-api-2.17.1.jar:/home/runner/.m2/repository/org/apache/logging/log4j/log4j-core/2.17.1/log4j-core-2.17.1.jar:/home/runner/.m2/repository/com/lmax/disruptor/3.4.2/disruptor-3.4.2.jar:/home/runner/.m2/repository/org/apache/commons/commons-pool2/2.6.0/commons-pool2-2.6.0.jar:/home/runner/.m2/repository/org/bouncycastle/bcpkix-jdk15on/1.67/bcpkix-jdk15on-1.67.jar:/home/runner/.m2/repository/commons-validator/commons-validator/1.6/commons-validator-1.6.jar:/home/runner/.m2/repository/commons-beanutils/commons-beanutils/1.9.4/commons-beanutils-1.9.4.jar:/home/runner/.m2/repository/commons-digester/commons-digester/1.8.1/commons-digester-1.8.1.jar:/home/runner/.m2/repository/commons-collections/commons-collections/3.2.2/commons-collections-3.2.2.jar:/home/runner/.m2/repository/io/jaegertracing/jaeger-client/1.6.0/jaeger-client-1.6.0.jar:/home/runner/.m2/repository/io/jaegertracing/jaeger-thrift/1.6.0/jaeger-thrift-1.6.0.jar:/home/runner/.m2/repository/org/apache/thrift/libthrift/0.14.1/libthrift-0.14.1.jar:/home/runner/.m2/repository/com/squareup/okhttp3/okhttp/4.9.0/okhttp-4.9.0.jar:/home/runner/.m2/repository/com/squareup/okio/okio/2.8.0/okio-2.8.0.jar:/home/runner/.m2/repository/io/jaegertracing/jaeger-core/1.6.0/jaeger-core-1.6.0.jar:/home/runner/.m2/repository/io/jaegertracing/jaeger-tracerresolver/1.6.0/jaeger-tracerresolver-1.6.0.jar:/home/runner/.m2/repository/io/opentracing/contrib/opentracing-tracerresolver/0.1.8/opentracing-tracerresolver-0.1.8.jar:/home/runner/.m2/repository/org/jetbrains/kotlin/kotlin-stdlib/1.4.31/kotlin-stdlib-1.4.31.jar:/home/runner/.m2/repository/org/jetbrains/kotlin/kotlin-stdlib-common/1.4.31/kotlin-stdlib-common-1.4.31.jar:/home/runner/.m2/repository/org/jetbrains/annotations/13.0/annotations-13.0.jar:/home/runner/.m2/repository/io/opentracing/opentracing-util/0.33.0/opentracing-util-0.33.0.jar:/home/runner/.m2/repository/io/opentracing/opentracing-api/0.33.0/opentracing-api-0.33.0.jar:/home/runner/.m2/repository/io/opentracing/opentracing-noop/0.33.0/opentracing-noop-0.33.0.jar:/home/runner/.m2/repository/org/yaml/snakeyaml/1.26/snakeyaml-1.26.jar:/home/runner/.m2/repository/org/apache/ozone/hdds-interface-admin/1.3.0-SNAPSHOT/hdds-interface-admin-1.3.0-SNAPSHOT.jar:/home/runner/.m2/repository/junit/junit/4.13.1/junit-4.13.1.jar:/home/runner/.m2/repository/org/hamcrest/hamcrest-core/1.3/hamcrest-core-1.3.jar:/home/runner/.m2/repository/org/junit/jupiter/junit-jupiter-api/5.7.0/junit-jupiter-api-5.7.0.jar:/home/runner/.m2/repository/org/apiguardian/apiguardian-api/1.1.0/apiguardian-api-1.1.0.jar:/home/runner/.m2/repository/org/opentest4j/opentest4j/1.2.0/opentest4j-1.2.0.jar:/home/runner/.m2/repository/org/junit/platform/junit-platform-commons/1.7.0/junit-platform-commons-1.7.0.jar:/home/runner/.m2/repository/org/junit/jupiter/junit-jupiter-engine/5.7.0/junit-jupiter-engine-5.7.0.jar:/home/runner/.m2/repository/org/junit/platform/junit-platform-engine/1.7.0/junit-platform-engine-1.7.0.jar:/home/runner/.m2/repository/org/junit/vintage/junit-vintage-engine/5.7.0/junit-vintage-engine-5.7.0.jar:/home/runner/.m2/repository/org/junit/platform/junit-platform-launcher/1.7.0/junit-platform-launcher-1.7.0.jar:/home/runner/.m2/repository/org/mockito/mockito-core/2.28.2/mockito-core-2.28.2.jar:/home/runner/.m2/repository/net/bytebuddy/byte-buddy/1.9.10/byte-buddy-1.9.10.jar:/home/runner/.m2/repository/net/bytebuddy/byte-buddy-agent/1.9.10/byte-buddy-agent-1.9.10.jar:/home/runner/.m2/repository/org/objenesis/objenesis/1.0/objenesis-1.0.jar:/home/runner/.m2/repository/org/apache/hadoop/hadoop-kms/3.3.1/hadoop-kms-3.3.1.jar:/home/runner/.m2/repository/org/apache/hadoop/hadoop-auth/3.3.1/hadoop-auth-3.3.1.jar:/home/runner/.m2/repository/com/nimbusds/nimbus-jose-jwt/7.9/nimbus-jose-jwt-7.9.jar:/home/runner/.m2/repository/com/github/stephenc/jcip/jcip-annotations/1.0-1/jcip-annotations-1.0-1.jar:/home/runner/.m2/repository/net/minidev/json-smart/2.3.1/json-smart-2.3.1.jar:/home/runner/.m2/repository/net/minidev/accessors-smart/2.3.1/accessors-smart-2.3.1.jar:/home/runner/.m2/repository/org/ow2/asm/asm/5.0.4/asm-5.0.4.jar:/home/runner/.m2/repository/org/apache/zookeeper/zookeeper/3.5.6/zookeeper-3.5.6.jar:/home/runner/.m2/repository/org/apache/zookeeper/zookeeper-jute/3.5.6/zookeeper-jute-3.5.6.jar:/home/runner/.m2/repository/org/apache/yetus/audience-annotations/0.5.0/audience-annotations-0.5.0.jar:/home/runner/.m2/repository/org/apache/curator/curator-framework/4.2.0/curator-framework-4.2.0.jar:/home/runner/.m2/repository/org/apache/hadoop/thirdparty/hadoop-shaded-guava/1.1.1/hadoop-shaded-guava-1.1.1.jar:/home/runner/.m2/repository/com/sun/jersey/jersey-core/1.19/jersey-core-1.19.jar:/home/runner/.m2/repository/javax/ws/rs/jsr311-api/1.1.1/jsr311-api-1.1.1.jar:/home/runner/.m2/repository/com/sun/jersey/jersey-server/1.19/jersey-server-1.19.jar:/home/runner/.m2/repository/javax/servlet/javax.servlet-api/3.1.0/javax.servlet-api-3.1.0.jar:/home/runner/.m2/repository/org/eclipse/jetty/jetty-server/9.4.43.v20210629/jetty-server-9.4.43.v20210629.jar:/home/runner/.m2/repository/org/eclipse/jetty/jetty-http/9.4.43.v20210629/jetty-http-9.4.43.v20210629.jar:/home/runner/.m2/repository/org/eclipse/jetty/jetty-io/9.4.43.v20210629/jetty-io-9.4.43.v20210629.jar:/home/runner/.m2/repository/org/eclipse/jetty/jetty-webapp/9.4.43.v20210629/jetty-webapp-9.4.43.v20210629.jar:/home/runner/.m2/repository/org/eclipse/jetty/jetty-xml/9.4.43.v20210629/jetty-xml-9.4.43.v20210629.jar:/home/runner/.m2/repository/org/apache/hadoop/hadoop-common/3.3.1/hadoop-common-3.3.1.jar:/home/runner/.m2/repository/org/apache/commons/commons-math3/3.1.1/commons-math3-3.1.1.jar:/home/runner/.m2/repository/commons-net/commons-net/3.6/commons-net-3.6.jar:/home/runner/.m2/repository/jakarta/activation/jakarta.activation-api/1.2.1/jakarta.activation-api-1.2.1.jar:/home/runner/.m2/repository/com/sun/jersey/jersey-servlet/1.19/jersey-servlet-1.19.jar:/home/runner/.m2/repository/com/sun/jersey/jersey-json/1.19/jersey-json-1.19.jar:/home/runner/.m2/repository/org/codehaus/jettison/jettison/1.1/jettison-1.1.jar:/home/runner/.m2/repository/com/sun/xml/bind/jaxb-impl/2.2.3-1/jaxb-impl-2.2.3-1.jar:/home/runner/.m2/repository/org/codehaus/jackson/jackson-jaxrs/1.9.2/jackson-jaxrs-1.9.2.jar:/home/runner/.m2/repository/org/codehaus/jackson/jackson-xc/1.9.2/jackson-xc-1.9.2.jar:/home/runner/.m2/repository/org/apache/commons/commons-configuration2/2.1.1/commons-configuration2-2.1.1.jar:/home/runner/.m2/repository/org/apache/commons/commons-text/1.4/commons-text-1.4.jar:/home/runner/.m2/repository/com/google/re2j/re2j/1.1/re2j-1.1.jar:/home/runner/.m2/repository/com/jcraft/jsch/0.1.54/jsch-0.1.54.jar:/home/runner/.m2/repository/org/apache/curator/curator-client/4.2.0/curator-client-4.2.0.jar:/home/runner/.m2/repository/org/apache/curator/curator-recipes/4.2.0/curator-recipes-4.2.0.jar:/home/runner/.m2/repository/org/apache/kerby/kerb-core/1.0.1/kerb-core-1.0.1.jar:/home/runner/.m2/repository/org/apache/kerby/kerby-pkix/1.0.1/kerby-pkix-1.0.1.jar:/home/runner/.m2/repository/org/apache/kerby/kerby-asn1/1.0.1/kerby-asn1-1.0.1.jar:/home/runner/.m2/repository/org/apache/kerby/kerby-util/1.0.1/kerby-util-1.0.1.jar:/home/runner/.m2/repository/dnsjava/dnsjava/2.1.7/dnsjava-2.1.7.jar:/home/runner/.m2/repository/org/xerial/snappy/snappy-java/1.1.8.2/snappy-java-1.1.8.2.jar:/home/runner/.m2/repository/org/slf4j/jul-to-slf4j/1.7.30/jul-to-slf4j-1.7.30.jar:/home/runner/.m2/repository/org/eclipse/jetty/jetty-util/9.4.43.v20210629/jetty-util-9.4.43.v20210629.jar:/home/runner/.m2/repository/com/fasterxml/jackson/core/jackson-databind/2.12.1/jackson-databind-2.12.1.jar:/home/runner/.m2/repository/org/apache/hadoop/hadoop-kms/3.3.1/hadoop-kms-3.3.1-tests.jar:/home/runner/.m2/repository/org/apache/ozone/hdds-server-scm/1.3.0-SNAPSHOT/hdds-server-scm-1.3.0-SNAPSHOT-tests.jar:/home/runner/.m2/repository/org/apache/ozone/hdds-container-service/1.3.0-SNAPSHOT/hdds-container-service-1.3.0-SNAPSHOT-tests.jar:/home/runner/.m2/repository/commons-codec/commons-codec/1.11/commons-codec-1.11.jar:/home/runner/.m2/repository/io/netty/netty-transport/4.1.63.Final/netty-transport-4.1.63.Final.jar:/home/runner/.m2/repository/io/netty/netty-resolver/4.1.63.Final/netty-resolver-4.1.63.Final.jar:/home/runner/.m2/repository/io/netty/netty-codec/4.1.63.Final/netty-codec-4.1.63.Final.jar:/home/runner/.m2/repository/io/netty/netty-handler/4.1.63.Final/netty-handler-4.1.63.Final.jar:/home/runner/.m2/repository/org/apache/ozone/hdds-hadoop-dependency-test/1.3.0-SNAPSHOT/hdds-hadoop-dependency-test-1.3.0-SNAPSHOT.jar:/home/runner/.m2/repository/org/apache/hadoop/hadoop-common/3.3.1/hadoop-common-3.3.1-tests.jar:/home/runner/.m2/repository/org/assertj/assertj-core/3.12.2/assertj-core-3.12.2.jar:/home/runner/.m2/repository/org/apache/hadoop/hadoop-hdfs/3.3.1/hadoop-hdfs-3.3.1-tests.jar:/home/runner/.m2/repository/org/eclipse/jetty/jetty-util-ajax/9.4.43.v20210629/jetty-util-ajax-9.4.43.v20210629.jar:/home/runner/.m2/repository/commons-daemon/commons-daemon/1.0.13/commons-daemon-1.0.13.jar:/home/runner/.m2/repository/io/netty/netty/3.10.6.Final/netty-3.10.6.Final.jar:/home/runner/.m2/repository/io/netty/netty-all/4.1.63.Final/netty-all-4.1.63.Final.jar:/home/runner/.m2/repository/org/apache/htrace/htrace-core4/4.1.0-incubating/htrace-core4-4.1.0-incubating.jar:/home/runner/.m2/repository/org/fusesource/leveldbjni/leveldbjni-all/1.8/leveldbjni-all-1.8.jar:/home/runner/.m2/repository/org/apache/hadoop/hadoop-distcp/3.3.1/hadoop-distcp-3.3.1.jar:/home/runner/.m2/repository/org/apache/hadoop/hadoop-mapreduce-client-jobclient/3.3.1/hadoop-mapreduce-client-jobclient-3.3.1.jar:/home/runner/.m2/repository/org/apache/hadoop/hadoop-mapreduce-client-common/3.3.1/hadoop-mapreduce-client-common-3.3.1.jar:/home/runner/.m2/repository/org/apache/hadoop/hadoop-yarn-common/3.3.1/hadoop-yarn-common-3.3.1.jar:/home/runner/.m2/repository/org/apache/hadoop/hadoop-yarn-api/3.3.1/hadoop-yarn-api-3.3.1.jar:/home/runner/.m2/repository/com/sun/jersey/jersey-client/1.19/jersey-client-1.19.jar:/home/runner/.m2/repository/com/sun/jersey/contribs/jersey-guice/1.19/jersey-guice-1.19.jar:/home/runner/.m2/repository/com/fasterxml/jackson/jaxrs/jackson-jaxrs-json-provider/2.12.1/jackson-jaxrs-json-provider-2.12.1.jar:/home/runner/.m2/repository/com/fasterxml/jackson/jaxrs/jackson-jaxrs-base/2.12.1/jackson-jaxrs-base-2.12.1.jar:/home/runner/.m2/repository/org/apache/hadoop/hadoop-yarn-client/3.3.1/hadoop-yarn-client-3.3.1.jar:/home/runner/.m2/repository/org/eclipse/jetty/websocket/websocket-client/9.4.40.v20210413/websocket-client-9.4.40.v20210413.jar:/home/runner/.m2/repository/org/eclipse/jetty/jetty-client/9.4.40.v20210413/jetty-client-9.4.40.v20210413.jar:/home/runner/.m2/repository/org/eclipse/jetty/websocket/websocket-common/9.4.40.v20210413/websocket-common-9.4.40.v20210413.jar:/home/runner/.m2/repository/org/eclipse/jetty/websocket/websocket-api/9.4.40.v20210413/websocket-api-9.4.40.v20210413.jar:/home/runner/.m2/repository/org/jline/jline/3.9.0/jline-3.9.0.jar:/home/runner/.m2/repository/org/apache/hadoop/hadoop-mapreduce-client-core/3.3.1/hadoop-mapreduce-client-core-3.3.1.jar:/home/runner/.m2/repository/org/apache/avro/avro/1.7.7/avro-1.7.7.jar:/home/runner/.m2/repository/org/codehaus/jackson/jackson-core-asl/1.9.13/jackson-core-asl-1.9.13.jar:/home/runner/.m2/repository/org/codehaus/jackson/jackson-mapper-asl/1.9.13/jackson-mapper-asl-1.9.13.jar:/home/runner/.m2/repository/com/thoughtworks/paranamer/paranamer/2.3/paranamer-2.3.jar:/home/runner/.m2/repository/org/apache/hadoop/hadoop-annotations/3.3.1/hadoop-annotations-3.3.1.jar:/usr/lib/jvm/temurin-8-jdk-amd64/jre/../lib/tools.jar:/home/runner/.m2/repository/org/apache/hadoop/hadoop-distcp/3.3.1/hadoop-distcp-3.3.1-tests.jar:/home/runner/.m2/repository/org/apache/ratis/ratis-common/2.2.0/ratis-common-2.2.0.jar:/home/runner/.m2/repository/org/apache/ratis/ratis-thirdparty-misc/0.7.0/ratis-thirdparty-misc-0.7.0.jar:/home/runner/.m2/repository/org/apache/ratis/ratis-proto/2.2.0/ratis-proto-2.2.0.jar:"/>
    <property name="java.vm.vendor" value="Temurin"/>
    <property name="sun.arch.data.model" value="64"/>
    <property name="test.build.dir" value="/home/runner/work/ozone/ozone/hadoop-ozone/integration-test/target/test-dir"/>
    <property name="test.cache.data" value=""/>
    <property name="java.vendor.url" value="https://adoptium.net/"/>
    <property name="user.timezone" value=""/>
    <property name="java.vm.specification.version" value="1.8"/>
    <property name="os.name" value="Linux"/>
    <property name="test.build.data" value="/home/runner/work/ozone/ozone/hadoop-ozone/integration-test/target/test-dir"/>
    <property name="sun.java.launcher" value="SUN_STANDARD"/>
    <property name="sun.boot.library.path" value="/usr/lib/jvm/temurin-8-jdk-amd64/jre/lib/amd64"/>
    <property name="sun.java.command" value="/home/runner/work/ozone/ozone/hadoop-ozone/integration-test/target/surefire/surefirebooter8076369744593795889.jar /home/runner/work/ozone/ozone/hadoop-ozone/integration-test/target/surefire 2022-01-29T12-51-35_281-jvmRun1 surefire6158651070827952151tmp surefire_597854034064054833103tmp"/>
    <property name="surefire.test.class.path" value="/home/runner/work/ozone/ozone/hadoop-ozone/integration-test/target/test-classes:/home/runner/work/ozone/ozone/hadoop-ozone/integration-test/target/classes:/home/runner/.m2/repository/org/apache/ozone/ozone-common/1.3.0-SNAPSHOT/ozone-common-1.3.0-SNAPSHOT.jar:/home/runner/.m2/repository/org/apache/commons/commons-compress/1.21/commons-compress-1.21.jar:/home/runner/.m2/repository/org/apache/ozone/hdds-common/1.3.0-SNAPSHOT/hdds-common-1.3.0-SNAPSHOT.jar:/home/runner/.m2/repository/org/apache/ozone/hdds-client/1.3.0-SNAPSHOT/hdds-client-1.3.0-SNAPSHOT.jar:/home/runner/.m2/repository/org/apache/ozone/ozone-interface-client/1.3.0-SNAPSHOT/ozone-interface-client-1.3.0-SNAPSHOT.jar:/home/runner/.m2/repository/org/apache/ozone/hdds-test-utils/1.3.0-SNAPSHOT/hdds-test-utils-1.3.0-SNAPSHOT.jar:/home/runner/.m2/repository/com/google/guava/guava/30.1.1-jre/guava-30.1.1-jre.jar:/home/runner/.m2/repository/com/google/guava/failureaccess/1.0.1/failureaccess-1.0.1.jar:/home/runner/.m2/repository/com/google/guava/listenablefuture/9999.0-empty-to-avoid-conflict-with-guava/listenablefuture-9999.0-empty-to-avoid-conflict-with-guava.jar:/home/runner/.m2/repository/com/google/code/findbugs/jsr305/3.0.0/jsr305-3.0.0.jar:/home/runner/.m2/repository/org/checkerframework/checker-qual/3.8.0/checker-qual-3.8.0.jar:/home/runner/.m2/repository/com/google/errorprone/error_prone_annotations/2.2.0/error_prone_annotations-2.2.0.jar:/home/runner/.m2/repository/com/google/j2objc/j2objc-annotations/1.3/j2objc-annotations-1.3.jar:/home/runner/.m2/repository/commons-io/commons-io/2.11.0/commons-io-2.11.0.jar:/home/runner/.m2/repository/commons-logging/commons-logging/1.2/commons-logging-1.2.jar:/home/runner/.m2/repository/log4j/log4j/1.2.17/log4j-1.2.17.jar:/home/runner/.m2/repository/org/slf4j/slf4j-api/1.7.30/slf4j-api-1.7.30.jar:/home/runner/.m2/repository/org/apache/ozone/hdds-server-scm/1.3.0-SNAPSHOT/hdds-server-scm-1.3.0-SNAPSHOT.jar:/home/runner/.m2/repository/org/apache/ozone/hdds-container-service/1.3.0-SNAPSHOT/hdds-container-service-1.3.0-SNAPSHOT.jar:/home/runner/.m2/repository/org/apache/ozone/hdds-hadoop-dependency-server/1.3.0-SNAPSHOT/hdds-hadoop-dependency-server-1.3.0-SNAPSHOT.jar:/home/runner/.m2/repository/org/apache/hadoop/hadoop-hdfs/3.3.1/hadoop-hdfs-3.3.1.jar:/home/runner/.m2/repository/org/apache/ozone/hdds-server-framework/1.3.0-SNAPSHOT/hdds-server-framework-1.3.0-SNAPSHOT.jar:/home/runner/.m2/repository/org/apache/ozone/hdds-interface-server/1.3.0-SNAPSHOT/hdds-interface-server-1.3.0-SNAPSHOT.jar:/home/runner/.m2/repository/org/eclipse/jetty/jetty-servlet/9.4.43.v20210629/jetty-servlet-9.4.43.v20210629.jar:/home/runner/.m2/repository/org/eclipse/jetty/jetty-security/9.4.43.v20210629/jetty-security-9.4.43.v20210629.jar:/home/runner/.m2/repository/org/rocksdb/rocksdbjni/6.25.3/rocksdbjni-6.25.3.jar:/home/runner/.m2/repository/io/prometheus/simpleclient_dropwizard/0.7.0/simpleclient_dropwizard-0.7.0.jar:/home/runner/.m2/repository/io/prometheus/simpleclient/0.7.0/simpleclient-0.7.0.jar:/home/runner/.m2/repository/io/prometheus/simpleclient_common/0.7.0/simpleclient_common-0.7.0.jar:/home/runner/.m2/repository/com/fasterxml/jackson/datatype/jackson-datatype-jsr310/2.12.1/jackson-datatype-jsr310-2.12.1.jar:/home/runner/.m2/repository/io/dropwizard/metrics/metrics-core/3.2.4/metrics-core-3.2.4.jar:/home/runner/.m2/repository/org/apache/hadoop/hadoop-hdfs-client/3.3.1/hadoop-hdfs-client-3.3.1.jar:/home/runner/.m2/repository/org/bouncycastle/bcprov-jdk15on/1.67/bcprov-jdk15on-1.67.jar:/home/runner/.m2/repository/com/google/protobuf/protobuf-java/2.5.0/protobuf-java-2.5.0.jar:/home/runner/.m2/repository/org/apache/ozone/ozone-manager/1.3.0-SNAPSHOT/ozone-manager-1.3.0-SNAPSHOT.jar:/home/runner/.m2/repository/org/aspectj/aspectjrt/1.9.7/aspectjrt-1.9.7.jar:/home/runner/.m2/repository/org/aspectj/aspectjweaver/1.9.7/aspectjweaver-1.9.7.jar:/home/runner/.m2/repository/org/apache/ozone/hdds-interface-client/1.3.0-SNAPSHOT/hdds-interface-client-1.3.0-SNAPSHOT.jar:/home/runner/.m2/repository/org/apache/hadoop/thirdparty/hadoop-shaded-protobuf_3_7/1.1.1/hadoop-shaded-protobuf_3_7-1.1.1.jar:/home/runner/.m2/repository/org/apache/ozone/ozone-interface-storage/1.3.0-SNAPSHOT/ozone-interface-storage-1.3.0-SNAPSHOT.jar:/home/runner/.m2/repository/org/reflections/reflections/0.9.11/reflections-0.9.11.jar:/home/runner/.m2/repository/org/apache/hadoop/hadoop-minikdc/3.3.1/hadoop-minikdc-3.3.1.jar:/home/runner/.m2/repository/org/apache/kerby/kerb-simplekdc/1.0.1/kerb-simplekdc-1.0.1.jar:/home/runner/.m2/repository/org/apache/kerby/kerb-client/1.0.1/kerb-client-1.0.1.jar:/home/runner/.m2/repository/org/apache/kerby/kerby-config/1.0.1/kerby-config-1.0.1.jar:/home/runner/.m2/repository/org/apache/kerby/kerb-common/1.0.1/kerb-common-1.0.1.jar:/home/runner/.m2/repository/org/apache/kerby/kerb-crypto/1.0.1/kerb-crypto-1.0.1.jar:/home/runner/.m2/repository/org/apache/kerby/kerb-util/1.0.1/kerb-util-1.0.1.jar:/home/runner/.m2/repository/org/apache/kerby/token-provider/1.0.1/token-provider-1.0.1.jar:/home/runner/.m2/repository/org/apache/kerby/kerb-admin/1.0.1/kerb-admin-1.0.1.jar:/home/runner/.m2/repository/org/apache/kerby/kerb-server/1.0.1/kerb-server-1.0.1.jar:/home/runner/.m2/repository/org/apache/kerby/kerb-identity/1.0.1/kerb-identity-1.0.1.jar:/home/runner/.m2/repository/org/apache/kerby/kerby-xdr/1.0.1/kerby-xdr-1.0.1.jar:/home/runner/.m2/repository/org/slf4j/slf4j-log4j12/1.7.30/slf4j-log4j12-1.7.30.jar:/home/runner/.m2/repository/org/apache/ozone/ozone-s3gateway/1.3.0-SNAPSHOT/ozone-s3gateway-1.3.0-SNAPSHOT.jar:/home/runner/.m2/repository/org/javassist/javassist/3.21.0-GA/javassist-3.21.0-GA.jar:/home/runner/.m2/repository/org/jboss/weld/servlet/weld-servlet/2.4.7.Final/weld-servlet-2.4.7.Final.jar:/home/runner/.m2/repository/org/glassfish/jersey/containers/jersey-container-servlet-core/2.33/jersey-container-servlet-core-2.33.jar:/home/runner/.m2/repository/org/glassfish/hk2/external/jakarta.inject/2.6.1/jakarta.inject-2.6.1.jar:/home/runner/.m2/repository/org/glassfish/jersey/core/jersey-common/2.33/jersey-common-2.33.jar:/home/runner/.m2/repository/jakarta/ws/rs/jakarta.ws.rs-api/2.1.6/jakarta.ws.rs-api-2.1.6.jar:/home/runner/.m2/repository/org/glassfish/jersey/ext/cdi/jersey-cdi1x/2.33/jersey-cdi1x-2.33.jar:/home/runner/.m2/repository/org/glassfish/jersey/inject/jersey-hk2/2.33/jersey-hk2-2.33.jar:/home/runner/.m2/repository/org/glassfish/hk2/hk2-locator/2.6.1/hk2-locator-2.6.1.jar:/home/runner/.m2/repository/org/glassfish/jersey/media/jersey-media-jaxb/2.33/jersey-media-jaxb-2.33.jar:/home/runner/.m2/repository/org/glassfish/hk2/osgi-resource-locator/1.0.3/osgi-resource-locator-1.0.3.jar:/home/runner/.m2/repository/org/glassfish/hk2/hk2-api/2.5.0/hk2-api-2.5.0.jar:/home/runner/.m2/repository/org/glassfish/hk2/hk2-utils/2.5.0/hk2-utils-2.5.0.jar:/home/runner/.m2/repository/org/glassfish/hk2/external/aopalliance-repackaged/2.5.0/aopalliance-repackaged-2.5.0.jar:/home/runner/.m2/repository/com/fasterxml/jackson/dataformat/jackson-dataformat-xml/2.12.1/jackson-dataformat-xml-2.12.1.jar:/home/runner/.m2/repository/com/fasterxml/jackson/core/jackson-core/2.12.1/jackson-core-2.12.1.jar:/home/runner/.m2/repository/com/fasterxml/jackson/module/jackson-module-jaxb-annotations/2.12.1/jackson-module-jaxb-annotations-2.12.1.jar:/home/runner/.m2/repository/jakarta/xml/bind/jakarta.xml.bind-api/2.3.2/jakarta.xml.bind-api-2.3.2.jar:/home/runner/.m2/repository/org/codehaus/woodstox/stax2-api/3.1.4/stax2-api-3.1.4.jar:/home/runner/.m2/repository/com/fasterxml/woodstox/woodstox-core/5.0.3/woodstox-core-5.0.3.jar:/home/runner/.m2/repository/javax/enterprise/cdi-api/1.2/cdi-api-1.2.jar:/home/runner/.m2/repository/javax/el/javax.el-api/3.0.0/javax.el-api-3.0.0.jar:/home/runner/.m2/repository/javax/interceptor/javax.interceptor-api/1.2/javax.interceptor-api-1.2.jar:/home/runner/.m2/repository/javax/inject/javax.inject/1/javax.inject-1.jar:/home/runner/.m2/repository/javax/xml/bind/jaxb-api/2.3.0/jaxb-api-2.3.0.jar:/home/runner/.m2/repository/org/glassfish/jaxb/jaxb-runtime/2.3.0.1/jaxb-runtime-2.3.0.1.jar:/home/runner/.m2/repository/org/glassfish/jaxb/jaxb-core/2.3.0.1/jaxb-core-2.3.0.1.jar:/home/runner/.m2/repository/org/glassfish/jaxb/txw2/2.3.0.1/txw2-2.3.0.1.jar:/home/runner/.m2/repository/com/sun/istack/istack-commons-runtime/3.0.5/istack-commons-runtime-3.0.5.jar:/home/runner/.m2/repository/org/jvnet/staxex/stax-ex/1.7.8/stax-ex-1.7.8.jar:/home/runner/.m2/repository/com/sun/xml/fastinfoset/FastInfoset/1.2.13/FastInfoset-1.2.13.jar:/home/runner/.m2/repository/javax/activation/activation/1.1.1/activation-1.1.1.jar:/home/runner/.m2/repository/org/apache/ozone/ozone-csi/1.3.0-SNAPSHOT/ozone-csi-1.3.0-SNAPSHOT.jar:/home/runner/.m2/repository/com/google/protobuf/protobuf-java-util/3.12.0/protobuf-java-util-3.12.0.jar:/home/runner/.m2/repository/com/google/code/gson/gson/2.2.4/gson-2.2.4.jar:/home/runner/.m2/repository/org/apache/ozone/hdds-config/1.3.0-SNAPSHOT/hdds-config-1.3.0-SNAPSHOT.jar:/home/runner/.m2/repository/io/grpc/grpc-netty/1.33.0/grpc-netty-1.33.0.jar:/home/runner/.m2/repository/io/grpc/grpc-core/1.33.0/grpc-core-1.33.0.jar:/home/runner/.m2/repository/com/google/android/annotations/4.1.1.4/annotations-4.1.1.4.jar:/home/runner/.m2/repository/io/netty/netty-codec-http2/4.1.63.Final/netty-codec-http2-4.1.63.Final.jar:/home/runner/.m2/repository/io/netty/netty-codec-http/4.1.63.Final/netty-codec-http-4.1.63.Final.jar:/home/runner/.m2/repository/io/netty/netty-handler-proxy/4.1.63.Final/netty-handler-proxy-4.1.63.Final.jar:/home/runner/.m2/repository/io/netty/netty-codec-socks/4.1.63.Final/netty-codec-socks-4.1.63.Final.jar:/home/runner/.m2/repository/io/perfmark/perfmark-api/0.19.0/perfmark-api-0.19.0.jar:/home/runner/.m2/repository/org/codehaus/mojo/animal-sniffer-annotations/1.18/animal-sniffer-annotations-1.18.jar:/home/runner/.m2/repository/io/netty/netty-transport-native-epoll/4.1.63.Final/netty-transport-native-epoll-4.1.63.Final.jar:/home/runner/.m2/repository/io/netty/netty-common/4.1.63.Final/netty-common-4.1.63.Final.jar:/home/runner/.m2/repository/io/netty/netty-buffer/4.1.63.Final/netty-buffer-4.1.63.Final.jar:/home/runner/.m2/repository/io/netty/netty-transport-native-unix-common/4.1.63.Final/netty-transport-native-unix-common-4.1.63.Final.jar:/home/runner/.m2/repository/io/grpc/grpc-protobuf/1.33.0/grpc-protobuf-1.33.0.jar:/home/runner/.m2/repository/io/grpc/grpc-api/1.33.0/grpc-api-1.33.0.jar:/home/runner/.m2/repository/io/grpc/grpc-context/1.33.0/grpc-context-1.33.0.jar:/home/runner/.m2/repository/com/google/api/grpc/proto-google-common-protos/1.17.0/proto-google-common-protos-1.17.0.jar:/home/runner/.m2/repository/io/grpc/grpc-protobuf-lite/1.33.0/grpc-protobuf-lite-1.33.0.jar:/home/runner/.m2/repository/io/grpc/grpc-stub/1.33.0/grpc-stub-1.33.0.jar:/home/runner/.m2/repository/org/apache/ozone/ozone-recon/1.3.0-SNAPSHOT/ozone-recon-1.3.0-SNAPSHOT.jar:/home/runner/.m2/repository/org/apache/ozone/ozone-reconcodegen/1.3.0-SNAPSHOT/ozone-reconcodegen-1.3.0-SNAPSHOT.jar:/home/runner/.m2/repository/com/google/inject/extensions/guice-multibindings/4.0/guice-multibindings-4.0.jar:/home/runner/.m2/repository/com/google/inject/guice/4.0/guice-4.0.jar:/home/runner/.m2/repository/aopalliance/aopalliance/1.0/aopalliance-1.0.jar:/home/runner/.m2/repository/com/google/inject/extensions/guice-assistedinject/4.0/guice-assistedinject-4.0.jar:/home/runner/.m2/repository/com/google/inject/extensions/guice-servlet/4.0/guice-servlet-4.0.jar:/home/runner/.m2/repository/org/glassfish/jersey/containers/jersey-container-servlet/2.33/jersey-container-servlet-2.33.jar:/home/runner/.m2/repository/org/glassfish/hk2/guice-bridge/2.5.0/guice-bridge-2.5.0.jar:/home/runner/.m2/repository/org/glassfish/jersey/core/jersey-server/2.33/jersey-server-2.33.jar:/home/runner/.m2/repository/org/glassfish/jersey/core/jersey-client/2.33/jersey-client-2.33.jar:/home/runner/.m2/repository/jakarta/annotation/jakarta.annotation-api/1.3.5/jakarta.annotation-api-1.3.5.jar:/home/runner/.m2/repository/jakarta/validation/jakarta.validation-api/2.0.2/jakarta.validation-api-2.0.2.jar:/home/runner/.m2/repository/org/glassfish/jersey/media/jersey-media-json-jackson/2.33/jersey-media-json-jackson-2.33.jar:/home/runner/.m2/repository/org/glassfish/jersey/ext/jersey-entity-filtering/2.33/jersey-entity-filtering-2.33.jar:/home/runner/.m2/repository/org/jooq/jooq/3.11.10/jooq-3.11.10.jar:/home/runner/.m2/repository/org/jooq/jooq-meta/3.11.10/jooq-meta-3.11.10.jar:/home/runner/.m2/repository/org/jooq/jooq-codegen/3.11.10/jooq-codegen-3.11.10.jar:/home/runner/.m2/repository/com/jolbox/bonecp/0.8.0.RELEASE/bonecp-0.8.0.RELEASE.jar:/home/runner/.m2/repository/org/apache/derby/derby/10.14.2.0/derby-10.14.2.0.jar:/home/runner/.m2/repository/org/xerial/sqlite-jdbc/3.25.2/sqlite-jdbc-3.25.2.jar:/home/runner/.m2/repository/org/springframework/spring-jdbc/5.2.18.RELEASE/spring-jdbc-5.2.18.RELEASE.jar:/home/runner/.m2/repository/org/springframework/spring-beans/5.2.18.RELEASE/spring-beans-5.2.18.RELEASE.jar:/home/runner/.m2/repository/org/springframework/spring-core/5.2.18.RELEASE/spring-core-5.2.18.RELEASE.jar:/home/runner/.m2/repository/org/springframework/spring-jcl/5.2.18.RELEASE/spring-jcl-5.2.18.RELEASE.jar:/home/runner/.m2/repository/org/springframework/spring-tx/5.2.18.RELEASE/spring-tx-5.2.18.RELEASE.jar:/home/runner/.m2/repository/org/apache/ozone/ozone-client/1.3.0-SNAPSHOT/ozone-client-1.3.0-SNAPSHOT.jar:/home/runner/.m2/repository/org/apache/ozone/ozone-filesystem/1.3.0-SNAPSHOT/ozone-filesystem-1.3.0-SNAPSHOT.jar:/home/runner/.m2/repository/org/apache/ozone/ozone-filesystem-common/1.3.0-SNAPSHOT/ozone-filesystem-common-1.3.0-SNAPSHOT.jar:/home/runner/.m2/repository/org/apache/ozone/ozone-tools/1.3.0-SNAPSHOT/ozone-tools-1.3.0-SNAPSHOT.jar:/home/runner/.m2/repository/org/apache/ratis/ratis-tools/2.2.0/ratis-tools-2.2.0.jar:/home/runner/.m2/repository/com/amazonaws/aws-java-sdk-core/1.12.124/aws-java-sdk-core-1.12.124.jar:/home/runner/.m2/repository/org/apache/httpcomponents/httpclient/4.5.13/httpclient-4.5.13.jar:/home/runner/.m2/repository/org/apache/httpcomponents/httpcore/4.4.13/httpcore-4.4.13.jar:/home/runner/.m2/repository/software/amazon/ion/ion-java/1.0.2/ion-java-1.0.2.jar:/home/runner/.m2/repository/com/fasterxml/jackson/dataformat/jackson-dataformat-cbor/2.12.1/jackson-dataformat-cbor-2.12.1.jar:/home/runner/.m2/repository/joda-time/joda-time/2.8.1/joda-time-2.8.1.jar:/home/runner/.m2/repository/com/amazonaws/aws-java-sdk-s3/1.12.124/aws-java-sdk-s3-1.12.124.jar:/home/runner/.m2/repository/com/amazonaws/aws-java-sdk-kms/1.12.124/aws-java-sdk-kms-1.12.124.jar:/home/runner/.m2/repository/com/amazonaws/jmespath-java/1.12.124/jmespath-java-1.12.124.jar:/home/runner/.m2/repository/org/kohsuke/metainf-services/metainf-services/1.8/metainf-services-1.8.jar:/home/runner/.m2/repository/org/apache/ozone/hdds-tools/1.3.0-SNAPSHOT/hdds-tools-1.3.0-SNAPSHOT.jar:/home/runner/.m2/repository/commons-cli/commons-cli/1.2/commons-cli-1.2.jar:/home/runner/.m2/repository/org/apache/commons/commons-lang3/3.7/commons-lang3-3.7.jar:/home/runner/.m2/repository/org/apache/ozone/ozone-manager/1.3.0-SNAPSHOT/ozone-manager-1.3.0-SNAPSHOT-tests.jar:/home/runner/.m2/repository/org/apache/ozone/hdds-common/1.3.0-SNAPSHOT/hdds-common-1.3.0-SNAPSHOT-tests.jar:/home/runner/.m2/repository/org/apache/ozone/hdds-hadoop-dependency-client/1.3.0-SNAPSHOT/hdds-hadoop-dependency-client-1.3.0-SNAPSHOT.jar:/home/runner/.m2/repository/info/picocli/picocli/4.6.1/picocli-4.6.1.jar:/home/runner/.m2/repository/com/fasterxml/jackson/core/jackson-annotations/2.12.1/jackson-annotations-2.12.1.jar:/home/runner/.m2/repository/javax/annotation/javax.annotation-api/1.2/javax.annotation-api-1.2.jar:/home/runner/.m2/repository/org/apache/ratis/ratis-server/2.2.0/ratis-server-2.2.0.jar:/home/runner/.m2/repository/org/apache/ratis/ratis-client/2.2.0/ratis-client-2.2.0.jar:/home/runner/.m2/repository/org/apache/ratis/ratis-server-api/2.2.0/ratis-server-api-2.2.0.jar:/home/runner/.m2/repository/org/apache/ratis/ratis-metrics/2.2.0/ratis-metrics-2.2.0.jar:/home/runner/.m2/repository/org/apache/ratis/ratis-netty/2.2.0/ratis-netty-2.2.0.jar:/home/runner/.m2/repository/org/apache/ratis/ratis-grpc/2.2.0/ratis-grpc-2.2.0.jar:/home/runner/.m2/repository/org/apache/logging/log4j/log4j-api/2.17.1/log4j-api-2.17.1.jar:/home/runner/.m2/repository/org/apache/logging/log4j/log4j-core/2.17.1/log4j-core-2.17.1.jar:/home/runner/.m2/repository/com/lmax/disruptor/3.4.2/disruptor-3.4.2.jar:/home/runner/.m2/repository/org/apache/commons/commons-pool2/2.6.0/commons-pool2-2.6.0.jar:/home/runner/.m2/repository/org/bouncycastle/bcpkix-jdk15on/1.67/bcpkix-jdk15on-1.67.jar:/home/runner/.m2/repository/commons-validator/commons-validator/1.6/commons-validator-1.6.jar:/home/runner/.m2/repository/commons-beanutils/commons-beanutils/1.9.4/commons-beanutils-1.9.4.jar:/home/runner/.m2/repository/commons-digester/commons-digester/1.8.1/commons-digester-1.8.1.jar:/home/runner/.m2/repository/commons-collections/commons-collections/3.2.2/commons-collections-3.2.2.jar:/home/runner/.m2/repository/io/jaegertracing/jaeger-client/1.6.0/jaeger-client-1.6.0.jar:/home/runner/.m2/repository/io/jaegertracing/jaeger-thrift/1.6.0/jaeger-thrift-1.6.0.jar:/home/runner/.m2/repository/org/apache/thrift/libthrift/0.14.1/libthrift-0.14.1.jar:/home/runner/.m2/repository/com/squareup/okhttp3/okhttp/4.9.0/okhttp-4.9.0.jar:/home/runner/.m2/repository/com/squareup/okio/okio/2.8.0/okio-2.8.0.jar:/home/runner/.m2/repository/io/jaegertracing/jaeger-core/1.6.0/jaeger-core-1.6.0.jar:/home/runner/.m2/repository/io/jaegertracing/jaeger-tracerresolver/1.6.0/jaeger-tracerresolver-1.6.0.jar:/home/runner/.m2/repository/io/opentracing/contrib/opentracing-tracerresolver/0.1.8/opentracing-tracerresolver-0.1.8.jar:/home/runner/.m2/repository/org/jetbrains/kotlin/kotlin-stdlib/1.4.31/kotlin-stdlib-1.4.31.jar:/home/runner/.m2/repository/org/jetbrains/kotlin/kotlin-stdlib-common/1.4.31/kotlin-stdlib-common-1.4.31.jar:/home/runner/.m2/repository/org/jetbrains/annotations/13.0/annotations-13.0.jar:/home/runner/.m2/repository/io/opentracing/opentracing-util/0.33.0/opentracing-util-0.33.0.jar:/home/runner/.m2/repository/io/opentracing/opentracing-api/0.33.0/opentracing-api-0.33.0.jar:/home/runner/.m2/repository/io/opentracing/opentracing-noop/0.33.0/opentracing-noop-0.33.0.jar:/home/runner/.m2/repository/org/yaml/snakeyaml/1.26/snakeyaml-1.26.jar:/home/runner/.m2/repository/org/apache/ozone/hdds-interface-admin/1.3.0-SNAPSHOT/hdds-interface-admin-1.3.0-SNAPSHOT.jar:/home/runner/.m2/repository/junit/junit/4.13.1/junit-4.13.1.jar:/home/runner/.m2/repository/org/hamcrest/hamcrest-core/1.3/hamcrest-core-1.3.jar:/home/runner/.m2/repository/org/junit/jupiter/junit-jupiter-api/5.7.0/junit-jupiter-api-5.7.0.jar:/home/runner/.m2/repository/org/apiguardian/apiguardian-api/1.1.0/apiguardian-api-1.1.0.jar:/home/runner/.m2/repository/org/opentest4j/opentest4j/1.2.0/opentest4j-1.2.0.jar:/home/runner/.m2/repository/org/junit/platform/junit-platform-commons/1.7.0/junit-platform-commons-1.7.0.jar:/home/runner/.m2/repository/org/junit/jupiter/junit-jupiter-engine/5.7.0/junit-jupiter-engine-5.7.0.jar:/home/runner/.m2/repository/org/junit/platform/junit-platform-engine/1.7.0/junit-platform-engine-1.7.0.jar:/home/runner/.m2/repository/org/junit/vintage/junit-vintage-engine/5.7.0/junit-vintage-engine-5.7.0.jar:/home/runner/.m2/repository/org/junit/platform/junit-platform-launcher/1.7.0/junit-platform-launcher-1.7.0.jar:/home/runner/.m2/repository/org/mockito/mockito-core/2.28.2/mockito-core-2.28.2.jar:/home/runner/.m2/repository/net/bytebuddy/byte-buddy/1.9.10/byte-buddy-1.9.10.jar:/home/runner/.m2/repository/net/bytebuddy/byte-buddy-agent/1.9.10/byte-buddy-agent-1.9.10.jar:/home/runner/.m2/repository/org/objenesis/objenesis/1.0/objenesis-1.0.jar:/home/runner/.m2/repository/org/apache/hadoop/hadoop-kms/3.3.1/hadoop-kms-3.3.1.jar:/home/runner/.m2/repository/org/apache/hadoop/hadoop-auth/3.3.1/hadoop-auth-3.3.1.jar:/home/runner/.m2/repository/com/nimbusds/nimbus-jose-jwt/7.9/nimbus-jose-jwt-7.9.jar:/home/runner/.m2/repository/com/github/stephenc/jcip/jcip-annotations/1.0-1/jcip-annotations-1.0-1.jar:/home/runner/.m2/repository/net/minidev/json-smart/2.3.1/json-smart-2.3.1.jar:/home/runner/.m2/repository/net/minidev/accessors-smart/2.3.1/accessors-smart-2.3.1.jar:/home/runner/.m2/repository/org/ow2/asm/asm/5.0.4/asm-5.0.4.jar:/home/runner/.m2/repository/org/apache/zookeeper/zookeeper/3.5.6/zookeeper-3.5.6.jar:/home/runner/.m2/repository/org/apache/zookeeper/zookeeper-jute/3.5.6/zookeeper-jute-3.5.6.jar:/home/runner/.m2/repository/org/apache/yetus/audience-annotations/0.5.0/audience-annotations-0.5.0.jar:/home/runner/.m2/repository/org/apache/curator/curator-framework/4.2.0/curator-framework-4.2.0.jar:/home/runner/.m2/repository/org/apache/hadoop/thirdparty/hadoop-shaded-guava/1.1.1/hadoop-shaded-guava-1.1.1.jar:/home/runner/.m2/repository/com/sun/jersey/jersey-core/1.19/jersey-core-1.19.jar:/home/runner/.m2/repository/javax/ws/rs/jsr311-api/1.1.1/jsr311-api-1.1.1.jar:/home/runner/.m2/repository/com/sun/jersey/jersey-server/1.19/jersey-server-1.19.jar:/home/runner/.m2/repository/javax/servlet/javax.servlet-api/3.1.0/javax.servlet-api-3.1.0.jar:/home/runner/.m2/repository/org/eclipse/jetty/jetty-server/9.4.43.v20210629/jetty-server-9.4.43.v20210629.jar:/home/runner/.m2/repository/org/eclipse/jetty/jetty-http/9.4.43.v20210629/jetty-http-9.4.43.v20210629.jar:/home/runner/.m2/repository/org/eclipse/jetty/jetty-io/9.4.43.v20210629/jetty-io-9.4.43.v20210629.jar:/home/runner/.m2/repository/org/eclipse/jetty/jetty-webapp/9.4.43.v20210629/jetty-webapp-9.4.43.v20210629.jar:/home/runner/.m2/repository/org/eclipse/jetty/jetty-xml/9.4.43.v20210629/jetty-xml-9.4.43.v20210629.jar:/home/runner/.m2/repository/org/apache/hadoop/hadoop-common/3.3.1/hadoop-common-3.3.1.jar:/home/runner/.m2/repository/org/apache/commons/commons-math3/3.1.1/commons-math3-3.1.1.jar:/home/runner/.m2/repository/commons-net/commons-net/3.6/commons-net-3.6.jar:/home/runner/.m2/repository/jakarta/activation/jakarta.activation-api/1.2.1/jakarta.activation-api-1.2.1.jar:/home/runner/.m2/repository/com/sun/jersey/jersey-servlet/1.19/jersey-servlet-1.19.jar:/home/runner/.m2/repository/com/sun/jersey/jersey-json/1.19/jersey-json-1.19.jar:/home/runner/.m2/repository/org/codehaus/jettison/jettison/1.1/jettison-1.1.jar:/home/runner/.m2/repository/com/sun/xml/bind/jaxb-impl/2.2.3-1/jaxb-impl-2.2.3-1.jar:/home/runner/.m2/repository/org/codehaus/jackson/jackson-jaxrs/1.9.2/jackson-jaxrs-1.9.2.jar:/home/runner/.m2/repository/org/codehaus/jackson/jackson-xc/1.9.2/jackson-xc-1.9.2.jar:/home/runner/.m2/repository/org/apache/commons/commons-configuration2/2.1.1/commons-configuration2-2.1.1.jar:/home/runner/.m2/repository/org/apache/commons/commons-text/1.4/commons-text-1.4.jar:/home/runner/.m2/repository/com/google/re2j/re2j/1.1/re2j-1.1.jar:/home/runner/.m2/repository/com/jcraft/jsch/0.1.54/jsch-0.1.54.jar:/home/runner/.m2/repository/org/apache/curator/curator-client/4.2.0/curator-client-4.2.0.jar:/home/runner/.m2/repository/org/apache/curator/curator-recipes/4.2.0/curator-recipes-4.2.0.jar:/home/runner/.m2/repository/org/apache/kerby/kerb-core/1.0.1/kerb-core-1.0.1.jar:/home/runner/.m2/repository/org/apache/kerby/kerby-pkix/1.0.1/kerby-pkix-1.0.1.jar:/home/runner/.m2/repository/org/apache/kerby/kerby-asn1/1.0.1/kerby-asn1-1.0.1.jar:/home/runner/.m2/repository/org/apache/kerby/kerby-util/1.0.1/kerby-util-1.0.1.jar:/home/runner/.m2/repository/dnsjava/dnsjava/2.1.7/dnsjava-2.1.7.jar:/home/runner/.m2/repository/org/xerial/snappy/snappy-java/1.1.8.2/snappy-java-1.1.8.2.jar:/home/runner/.m2/repository/org/slf4j/jul-to-slf4j/1.7.30/jul-to-slf4j-1.7.30.jar:/home/runner/.m2/repository/org/eclipse/jetty/jetty-util/9.4.43.v20210629/jetty-util-9.4.43.v20210629.jar:/home/runner/.m2/repository/com/fasterxml/jackson/core/jackson-databind/2.12.1/jackson-databind-2.12.1.jar:/home/runner/.m2/repository/org/apache/hadoop/hadoop-kms/3.3.1/hadoop-kms-3.3.1-tests.jar:/home/runner/.m2/repository/org/apache/ozone/hdds-server-scm/1.3.0-SNAPSHOT/hdds-server-scm-1.3.0-SNAPSHOT-tests.jar:/home/runner/.m2/repository/org/apache/ozone/hdds-container-service/1.3.0-SNAPSHOT/hdds-container-service-1.3.0-SNAPSHOT-tests.jar:/home/runner/.m2/repository/commons-codec/commons-codec/1.11/commons-codec-1.11.jar:/home/runner/.m2/repository/io/netty/netty-transport/4.1.63.Final/netty-transport-4.1.63.Final.jar:/home/runner/.m2/repository/io/netty/netty-resolver/4.1.63.Final/netty-resolver-4.1.63.Final.jar:/home/runner/.m2/repository/io/netty/netty-codec/4.1.63.Final/netty-codec-4.1.63.Final.jar:/home/runner/.m2/repository/io/netty/netty-handler/4.1.63.Final/netty-handler-4.1.63.Final.jar:/home/runner/.m2/repository/org/apache/ozone/hdds-hadoop-dependency-test/1.3.0-SNAPSHOT/hdds-hadoop-dependency-test-1.3.0-SNAPSHOT.jar:/home/runner/.m2/repository/org/apache/hadoop/hadoop-common/3.3.1/hadoop-common-3.3.1-tests.jar:/home/runner/.m2/repository/org/assertj/assertj-core/3.12.2/assertj-core-3.12.2.jar:/home/runner/.m2/repository/org/apache/hadoop/hadoop-hdfs/3.3.1/hadoop-hdfs-3.3.1-tests.jar:/home/runner/.m2/repository/org/eclipse/jetty/jetty-util-ajax/9.4.43.v20210629/jetty-util-ajax-9.4.43.v20210629.jar:/home/runner/.m2/repository/commons-daemon/commons-daemon/1.0.13/commons-daemon-1.0.13.jar:/home/runner/.m2/repository/io/netty/netty/3.10.6.Final/netty-3.10.6.Final.jar:/home/runner/.m2/repository/io/netty/netty-all/4.1.63.Final/netty-all-4.1.63.Final.jar:/home/runner/.m2/repository/org/apache/htrace/htrace-core4/4.1.0-incubating/htrace-core4-4.1.0-incubating.jar:/home/runner/.m2/repository/org/fusesource/leveldbjni/leveldbjni-all/1.8/leveldbjni-all-1.8.jar:/home/runner/.m2/repository/org/apache/hadoop/hadoop-distcp/3.3.1/hadoop-distcp-3.3.1.jar:/home/runner/.m2/repository/org/apache/hadoop/hadoop-mapreduce-client-jobclient/3.3.1/hadoop-mapreduce-client-jobclient-3.3.1.jar:/home/runner/.m2/repository/org/apache/hadoop/hadoop-mapreduce-client-common/3.3.1/hadoop-mapreduce-client-common-3.3.1.jar:/home/runner/.m2/repository/org/apache/hadoop/hadoop-yarn-common/3.3.1/hadoop-yarn-common-3.3.1.jar:/home/runner/.m2/repository/org/apache/hadoop/hadoop-yarn-api/3.3.1/hadoop-yarn-api-3.3.1.jar:/home/runner/.m2/repository/com/sun/jersey/jersey-client/1.19/jersey-client-1.19.jar:/home/runner/.m2/repository/com/sun/jersey/contribs/jersey-guice/1.19/jersey-guice-1.19.jar:/home/runner/.m2/repository/com/fasterxml/jackson/jaxrs/jackson-jaxrs-json-provider/2.12.1/jackson-jaxrs-json-provider-2.12.1.jar:/home/runner/.m2/repository/com/fasterxml/jackson/jaxrs/jackson-jaxrs-base/2.12.1/jackson-jaxrs-base-2.12.1.jar:/home/runner/.m2/repository/org/apache/hadoop/hadoop-yarn-client/3.3.1/hadoop-yarn-client-3.3.1.jar:/home/runner/.m2/repository/org/eclipse/jetty/websocket/websocket-client/9.4.40.v20210413/websocket-client-9.4.40.v20210413.jar:/home/runner/.m2/repository/org/eclipse/jetty/jetty-client/9.4.40.v20210413/jetty-client-9.4.40.v20210413.jar:/home/runner/.m2/repository/org/eclipse/jetty/websocket/websocket-common/9.4.40.v20210413/websocket-common-9.4.40.v20210413.jar:/home/runner/.m2/repository/org/eclipse/jetty/websocket/websocket-api/9.4.40.v20210413/websocket-api-9.4.40.v20210413.jar:/home/runner/.m2/repository/org/jline/jline/3.9.0/jline-3.9.0.jar:/home/runner/.m2/repository/org/apache/hadoop/hadoop-mapreduce-client-core/3.3.1/hadoop-mapreduce-client-core-3.3.1.jar:/home/runner/.m2/repository/org/apache/avro/avro/1.7.7/avro-1.7.7.jar:/home/runner/.m2/repository/org/codehaus/jackson/jackson-core-asl/1.9.13/jackson-core-asl-1.9.13.jar:/home/runner/.m2/repository/org/codehaus/jackson/jackson-mapper-asl/1.9.13/jackson-mapper-asl-1.9.13.jar:/home/runner/.m2/repository/com/thoughtworks/paranamer/paranamer/2.3/paranamer-2.3.jar:/home/runner/.m2/repository/org/apache/hadoop/hadoop-annotations/3.3.1/hadoop-annotations-3.3.1.jar:/usr/lib/jvm/temurin-8-jdk-amd64/jre/../lib/tools.jar:/home/runner/.m2/repository/org/apache/hadoop/hadoop-distcp/3.3.1/hadoop-distcp-3.3.1-tests.jar:/home/runner/.m2/repository/org/apache/ratis/ratis-common/2.2.0/ratis-common-2.2.0.jar:/home/runner/.m2/repository/org/apache/ratis/ratis-thirdparty-misc/0.7.0/ratis-thirdparty-misc-0.7.0.jar:/home/runner/.m2/repository/org/apache/ratis/ratis-proto/2.2.0/ratis-proto-2.2.0.jar:"/>
    <property name="sun.cpu.endian" value="little"/>
    <property name="user.home" value="/home/runner"/>
    <property name="user.language" value="en"/>
    <property name="java.specification.vendor" value="Oracle Corporation"/>
    <property name="java.home" value="/usr/lib/jvm/temurin-8-jdk-amd64/jre"/>
    <property name="java.security.krb5.conf" value="/home/runner/work/ozone/ozone/hadoop-ozone/integration-test/target/test-classes/krb5.conf"/>
    <property name="basedir" value="/home/runner/work/ozone/ozone/hadoop-ozone/integration-test"/>
    <property name="file.separator" value="/"/>
    <property name="line.separator" value="&#10;"/>
    <property name="java.vm.specification.vendor" value="Oracle Corporation"/>
    <property name="java.specification.name" value="Java Platform API Specification"/>
    <property name="java.awt.graphicsenv" value="sun.awt.X11GraphicsEnvironment"/>
    <property name="skip.installnpx" value="true"/>
    <property name="surefire.real.class.path" value="/home/runner/work/ozone/ozone/hadoop-ozone/integration-test/target/surefire/surefirebooter8076369744593795889.jar:/home/runner/.m2/repository/org/jacoco/org.jacoco.agent/0.8.5/org.jacoco.agent-0.8.5-runtime.jar"/>
    <property name="hadoop.log.dir" value="/home/runner/work/ozone/ozone/hadoop-ozone/integration-test/target/log"/>
    <property name="sun.boot.class.path" value="/usr/lib/jvm/temurin-8-jdk-amd64/jre/lib/resources.jar:/usr/lib/jvm/temurin-8-jdk-amd64/jre/lib/rt.jar:/usr/lib/jvm/temurin-8-jdk-amd64/jre/lib/sunrsasign.jar:/usr/lib/jvm/temurin-8-jdk-amd64/jre/lib/jsse.jar:/usr/lib/jvm/temurin-8-jdk-amd64/jre/lib/jce.jar:/usr/lib/jvm/temurin-8-jdk-amd64/jre/lib/charsets.jar:/usr/lib/jvm/temurin-8-jdk-amd64/jre/lib/jfr.jar:/usr/lib/jvm/temurin-8-jdk-amd64/jre/classes"/>
    <property name="sun.management.compiler" value="HotSpot 64-Bit Tiered Compilers"/>
    <property name="skip.npx" value="true"/>
    <property name="java.runtime.version" value="1.8.0_312-b07"/>
    <property name="java.net.preferIPv4Stack" value="true"/>
    <property name="user.name" value="runner"/>
    <property name="path.separator" value=":"/>
    <property name="java.security.egd" value="file:///dev/urandom"/>
    <property name="os.version" value="5.4.0-1067-azure"/>
    <property name="java.endorsed.dirs" value="/usr/lib/jvm/temurin-8-jdk-amd64/jre/lib/endorsed"/>
    <property name="java.runtime.name" value="OpenJDK Runtime Environment"/>
    <property name="file.encoding" value="UTF-8"/>
    <property name="java.vm.name" value="OpenJDK 64-Bit Server VM"/>
    <property name="test.build.webapps" value=""/>
    <property name="localRepository" value="/home/runner/.m2/repository"/>
    <property name="java.vendor.url.bug" value="https://github.com/adoptium/adoptium-support/issues"/>
    <property name="java.io.tmpdir" value="/tmp"/>
    <property name="require.test.libhadoop" value=""/>
    <property name="java.version" value="1.8.0_312"/>
    <property name="user.dir" value="/home/runner/work/ozone/ozone/hadoop-ozone/integration-test"/>
    <property name="os.arch" value="amd64"/>
    <property name="java.vm.specification.name" value="Java Virtual Machine Specification"/>
    <property name="test.build.classes" value="/home/runner/work/ozone/ozone/hadoop-ozone/integration-test/target/test-classes"/>
    <property name="java.awt.printerjob" value="sun.print.PSPrinterJob"/>
    <property name="sun.os.patch.level" value="unknown"/>
    <property name="hadoop.tmp.dir" value="/home/runner/work/ozone/ozone/hadoop-ozone/integration-test/target/tmp"/>
    <property name="java.library.path" value="/usr/java/packages/lib/amd64:/usr/lib64:/lib64:/lib:/usr/lib"/>
    <property name="java.vm.info" value="mixed mode"/>
    <property name="java.vendor" value="Temurin"/>
    <property name="java.vm.version" value="25.312-b07"/>
    <property name="java.ext.dirs" value="/usr/lib/jvm/temurin-8-jdk-amd64/jre/lib/ext:/usr/java/packages/lib/ext"/>
    <property name="sun.io.unicode.encoding" value="UnicodeLittle"/>
    <property name="java.class.version" value="52.0"/>
  </properties>
  <testcase name="testNodeWithOpenPipelineCanBeDecommissionedAndRecommissioned" classname="org.apache.hadoop.ozone.scm.node.TestDecommissionAndMaintenance" time="51.884"/>
  <testcase name="testContainerIsReplicatedWhenAllNodesGotoMaintenance" classname="org.apache.hadoop.ozone.scm.node.TestDecommissionAndMaintenance" time="100.035">
    <error message="Failed to obtain available cluster in time" type="java.io.IOException">java.io.IOException: Failed to obtain available cluster in time
	at org.apache.hadoop.ozone.MiniOzoneClusterProvider.provide(MiniOzoneClusterProvider.java:162)
	at org.apache.hadoop.ozone.scm.node.TestDecommissionAndMaintenance.setUp(TestDecommissionAndMaintenance.java:142)
	at sun.reflect.NativeMethodAccessorImpl.invoke0(Native Method)
	at sun.reflect.NativeMethodAccessorImpl.invoke(NativeMethodAccessorImpl.java:62)
	at sun.reflect.DelegatingMethodAccessorImpl.invoke(DelegatingMethodAccessorImpl.java:43)
	at java.lang.reflect.Method.invoke(Method.java:498)
	at org.junit.runners.model.FrameworkMethod$1.runReflectiveCall(FrameworkMethod.java:59)
	at org.junit.internal.runners.model.ReflectiveCallable.run(ReflectiveCallable.java:12)
	at org.junit.runners.model.FrameworkMethod.invokeExplosively(FrameworkMethod.java:56)
	at org.junit.internal.runners.statements.RunBefores.invokeMethod(RunBefores.java:33)
	at org.junit.internal.runners.statements.RunBefores.evaluate(RunBefores.java:24)
	at org.junit.internal.runners.statements.RunAfters.evaluate(RunAfters.java:27)
	at org.junit.runners.ParentRunner$3.evaluate(ParentRunner.java:306)
	at org.junit.runners.BlockJUnit4ClassRunner$1.evaluate(BlockJUnit4ClassRunner.java:100)
	at org.junit.runners.ParentRunner.runLeaf(ParentRunner.java:366)
	at org.junit.runners.BlockJUnit4ClassRunner.runChild(BlockJUnit4ClassRunner.java:103)
	at org.junit.runners.BlockJUnit4ClassRunner.runChild(BlockJUnit4ClassRunner.java:63)
	at org.junit.runners.ParentRunner$4.run(ParentRunner.java:331)
	at org.junit.runners.ParentRunner$1.schedule(ParentRunner.java:79)
	at org.junit.runners.ParentRunner.runChildren(ParentRunner.java:329)
	at org.junit.runners.ParentRunner.access$100(ParentRunner.java:66)
	at org.junit.runners.ParentRunner$2.evaluate(ParentRunner.java:293)
	at org.junit.internal.runners.statements.RunBefores.evaluate(RunBefores.java:26)
	at org.junit.internal.runners.statements.RunAfters.evaluate(RunAfters.java:27)
	at org.junit.runners.ParentRunner$3.evaluate(ParentRunner.java:306)
	at org.junit.runners.ParentRunner.run(ParentRunner.java:413)
	at org.junit.runner.JUnitCore.run(JUnitCore.java:137)
	at org.junit.runner.JUnitCore.run(JUnitCore.java:115)
	at org.junit.vintage.engine.execution.RunnerExecutor.execute(RunnerExecutor.java:43)
	at java.util.stream.ForEachOps$ForEachOp$OfRef.accept(ForEachOps.java:183)
	at java.util.stream.ReferencePipeline$3$1.accept(ReferencePipeline.java:193)
	at java.util.Iterator.forEachRemaining(Iterator.java:116)
	at java.util.Spliterators$IteratorSpliterator.forEachRemaining(Spliterators.java:1801)
	at java.util.stream.AbstractPipeline.copyInto(AbstractPipeline.java:482)
	at java.util.stream.AbstractPipeline.wrapAndCopyInto(AbstractPipeline.java:472)
	at java.util.stream.ForEachOps$ForEachOp.evaluateSequential(ForEachOps.java:150)
	at java.util.stream.ForEachOps$ForEachOp$OfRef.evaluateSequential(ForEachOps.java:173)
	at java.util.stream.AbstractPipeline.evaluate(AbstractPipeline.java:234)
	at java.util.stream.ReferencePipeline.forEach(ReferencePipeline.java:485)
	at org.junit.vintage.engine.VintageTestEngine.executeAllChildren(VintageTestEngine.java:82)
	at org.junit.vintage.engine.VintageTestEngine.execute(VintageTestEngine.java:73)
	at org.junit.platform.launcher.core.EngineExecutionOrchestrator.execute(EngineExecutionOrchestrator.java:108)
	at org.junit.platform.launcher.core.EngineExecutionOrchestrator.execute(EngineExecutionOrchestrator.java:88)
	at org.junit.platform.launcher.core.EngineExecutionOrchestrator.lambda$execute$0(EngineExecutionOrchestrator.java:54)
	at org.junit.platform.launcher.core.EngineExecutionOrchestrator.withInterceptedStreams(EngineExecutionOrchestrator.java:67)
	at org.junit.platform.launcher.core.EngineExecutionOrchestrator.execute(EngineExecutionOrchestrator.java:52)
	at org.junit.platform.launcher.core.DefaultLauncher.execute(DefaultLauncher.java:96)
	at org.junit.platform.launcher.core.DefaultLauncher.execute(DefaultLauncher.java:75)
	at org.apache.maven.surefire.junitplatform.JUnitPlatformProvider.invokeAllTests(JUnitPlatformProvider.java:142)
	at org.apache.maven.surefire.junitplatform.JUnitPlatformProvider.invoke(JUnitPlatformProvider.java:113)
	at org.apache.maven.surefire.booter.ForkedBooter.invokeProviderInSameClassLoader(ForkedBooter.java:384)
	at org.apache.maven.surefire.booter.ForkedBooter.runSuitesInProcess(ForkedBooter.java:345)
	at org.apache.maven.surefire.booter.ForkedBooter.execute(ForkedBooter.java:126)
	at org.apache.maven.surefire.booter.ForkedBooter.main(ForkedBooter.java:418)
</error>
    <system-out><![CDATA[2022-01-29 14:08:39,059 [Mini-Cluster-Provider-Reap] INFO  ipc.Server (Server.java:stop(3414)) - Stopping server on 39803
2022-01-29 14:08:39,062 [IPC Server Responder] INFO  ipc.Server (Server.java:run(1512)) - Stopping IPC Server Responder
2022-01-29 14:08:39,062 [Mini-Cluster-Provider-Reap] INFO  server.RaftServer (RaftServerProxy.java:lambda$close$6(391)) - om1: close
2022-01-29 14:08:39,063 [Mini-Cluster-Provider-Reap] INFO  server.RaftServer$Division (RaftServerImpl.java:lambda$close$4(412)) - om1@group-C5BA1605619E: shutdown
2022-01-29 14:08:39,063 [Mini-Cluster-Provider-Reap] INFO  util.JmxRegister (JmxRegister.java:unregister(73)) - Successfully un-registered JMX Bean with object name Ratis:service=RaftServer,group=group-C5BA1605619E,id=om1
2022-01-29 14:08:39,064 [Mini-Cluster-Provider-Reap] INFO  impl.RoleInfo (RoleInfo.java:shutdownLeaderState(91)) - om1: shutdown om1@group-C5BA1605619E-LeaderStateImpl
2022-01-29 14:08:39,064 [Mini-Cluster-Provider-Reap] INFO  impl.PendingRequests (PendingRequests.java:sendNotLeaderResponses(282)) - om1@group-C5BA1605619E-PendingRequests: sendNotLeaderResponses
2022-01-29 14:08:39,064 [IPC Server listener on 0] INFO  ipc.Server (Server.java:run(1376)) - Stopping IPC Server listener on 0
2022-01-29 14:08:39,067 [Mini-Cluster-Provider-Reap] INFO  impl.StateMachineUpdater (StateMachineUpdater.java:stopAndJoin(149)) - om1@group-C5BA1605619E-StateMachineUpdater: set stopIndex = 84
2022-01-29 14:08:39,067 [om1@group-C5BA1605619E-StateMachineUpdater] INFO  ratis.OzoneManagerStateMachine (OzoneManagerStateMachine.java:takeSnapshot(417)) - Current Snapshot Index (t:1, i:84)
2022-01-29 14:08:39,068 [om1@group-C5BA1605619E-StateMachineUpdater] INFO  impl.StateMachineUpdater (StateMachineUpdater.java:takeSnapshot(281)) - om1@group-C5BA1605619E-StateMachineUpdater: Took a snapshot at index 84
2022-01-29 14:08:39,068 [om1@group-C5BA1605619E-StateMachineUpdater] INFO  impl.StateMachineUpdater (StateMachineUpdater.java:lambda$new$0(89)) - om1@group-C5BA1605619E-StateMachineUpdater: snapshotIndex: updateIncreasingly -1 -> 84
2022-01-29 14:08:39,069 [om1@group-C5BA1605619E-StateMachineUpdater] INFO  ratis.OzoneManagerStateMachine (OzoneManagerStateMachine.java:close(471)) - StateMachine has shutdown. Shutdown OzoneManager if not already shutdown.
2022-01-29 14:08:39,069 [Mini-Cluster-Provider-Reap] INFO  server.RaftServer$Division (ServerState.java:close(419)) - om1@group-C5BA1605619E: closes. applyIndex: 84
2022-01-29 14:08:39,069 [om1@group-C5BA1605619E-SegmentedRaftLogWorker] INFO  segmented.SegmentedRaftLogWorker (SegmentedRaftLogWorker.java:run(327)) - om1@group-C5BA1605619E-SegmentedRaftLogWorker was interrupted, exiting. There are 0 tasks remaining in the queue.
2022-01-29 14:08:39,070 [Mini-Cluster-Provider-Reap] INFO  segmented.SegmentedRaftLogWorker (SegmentedRaftLogWorker.java:close(237)) - om1@group-C5BA1605619E-SegmentedRaftLogWorker close()
2022-01-29 14:08:39,071 [Mini-Cluster-Provider-Reap] INFO  server.GrpcService (GrpcService.java:closeImpl(262)) - om1: shutdown server with port 46773 now
2022-01-29 14:08:39,072 [Mini-Cluster-Provider-Reap] INFO  server.GrpcService (GrpcService.java:closeImpl(271)) - om1: shutdown server with port 46773 successfully
2022-01-29 14:08:39,072 [org.apache.ratis.util.JvmPauseMonitor$$Lambda$541/969211734@11ef5726] INFO  util.JvmPauseMonitor (JvmPauseMonitor.java:run(109)) - JvmPauseMonitor-om1: Stopped
2022-01-29 14:08:39,072 [Mini-Cluster-Provider-Reap] INFO  ratis.OzoneManagerDoubleBuffer (OzoneManagerDoubleBuffer.java:stop(437)) - Stopping OMDoubleBuffer flush thread
2022-01-29 14:08:39,073 [OMDoubleBufferFlushThread] INFO  ratis.OzoneManagerDoubleBuffer (OzoneManagerDoubleBuffer.java:flushTransactions(356)) - OMDoubleBuffer flush thread OMDoubleBufferFlushThread is interrupted and will exit. OMDoubleBufferFlushThread
2022-01-29 14:08:39,074 [Mini-Cluster-Provider-Reap] INFO  utils.BackgroundService (BackgroundService.java:shutdown(132)) - Shutting down service KeyDeletingService
2022-01-29 14:08:39,074 [Mini-Cluster-Provider-Reap] INFO  utils.BackgroundService (BackgroundService.java:shutdown(132)) - Shutting down service DirectoryDeletingService
2022-01-29 14:08:39,077 [Mini-Cluster-Provider-Reap] INFO  handler.ContextHandler (ContextHandler.java:doStop(1153)) - Stopped o.e.j.w.WebAppContext@343a2980{ozoneManager,/,null,STOPPED}{file:/home/runner/work/ozone/ozone/hadoop-ozone/integration-test/target/test-classes/webapps/ozoneManager}
2022-01-29 14:08:39,077 [Mini-Cluster-Provider-Reap] INFO  server.AbstractConnector (AbstractConnector.java:doStop(381)) - Stopped ServerConnector@10ab142e{HTTP/1.1, (http/1.1)}{0.0.0.0:0}
2022-01-29 14:08:39,077 [Mini-Cluster-Provider-Reap] INFO  server.session (HouseKeeper.java:stopScavenging(149)) - node0 Stopped scavenging
2022-01-29 14:08:39,078 [Mini-Cluster-Provider-Reap] INFO  handler.ContextHandler (ContextHandler.java:doStop(1153)) - Stopped o.e.j.s.ServletContextHandler@65c626c3{static,/static,file:///home/runner/work/ozone/ozone/hadoop-ozone/integration-test/target/test-classes/webapps/static,STOPPED}
2022-01-29 14:08:39,079 [Mini-Cluster-Provider-Reap] INFO  handler.ContextHandler (ContextHandler.java:doStop(1153)) - Stopped o.e.j.s.ServletContextHandler@7f75fc0b{logs,/logs,file:///home/runner/work/ozone/ozone/hadoop-ozone/integration-test/target/log,STOPPED}
2022-01-29 14:08:39,091 [Mini-Cluster-Provider-Reap] INFO  ozone.MiniOzoneClusterImpl (MiniOzoneClusterImpl.java:stopDatanodes(511)) - Stopping the HddsDatanodes
2022-01-29 14:08:39,129 [ReplicationMonitor] INFO  container.ReplicationManager (ReplicationManager.java:handleOverReplicatedContainer(1281)) - Container #1 is over replicated. Expected replica count is 3, but found 4.
2022-01-29 14:08:39,130 [ReplicationMonitor] INFO  container.ReplicationManager (ReplicationManager.java:sendDeleteCommand(1605)) - Sending delete container command for container #1 to datanode ed3915ba-b68b-45ae-bdb6-9aa431ff8088{ip: 10.1.0.17, host: fv-az50-163.grzltbmokehuzjyc5b133kdqgh.cx.internal.cloudapp.net, ports: [REPLICATION=42099, RATIS=34273, RATIS_ADMIN=34273, RATIS_SERVER=34273, STANDALONE=43751], networkLocation: /default-rack, certSerialId: null, persistedOpState: IN_SERVICE, persistedOpStateExpiryEpochSec: 0}
2022-01-29 14:08:39,131 [ReplicationMonitor] INFO  container.ReplicationManager (ReplicationManager.java:handleOverReplicatedContainer(1281)) - Container #2 is over replicated. Expected replica count is 3, but found 4.
2022-01-29 14:08:39,131 [ReplicationMonitor] INFO  container.ReplicationManager (ReplicationManager.java:sendDeleteCommand(1605)) - Sending delete container command for container #2 to datanode 68ed0467-65e0-4391-af6c-ed8d2f7edd37{ip: 10.1.0.17, host: fv-az50-163.grzltbmokehuzjyc5b133kdqgh.cx.internal.cloudapp.net, ports: [REPLICATION=40667, RATIS=41665, RATIS_ADMIN=41665, RATIS_SERVER=41665, STANDALONE=37131], networkLocation: /default-rack, certSerialId: null, persistedOpState: IN_SERVICE, persistedOpStateExpiryEpochSec: 0}
2022-01-29 14:08:39,131 [ReplicationMonitor] INFO  container.ReplicationManager (ReplicationManager.java:handleOverReplicatedContainer(1281)) - Container #3 is over replicated. Expected replica count is 3, but found 4.
2022-01-29 14:08:39,131 [ReplicationMonitor] INFO  container.ReplicationManager (ReplicationManager.java:sendDeleteCommand(1605)) - Sending delete container command for container #3 to datanode ed3915ba-b68b-45ae-bdb6-9aa431ff8088{ip: 10.1.0.17, host: fv-az50-163.grzltbmokehuzjyc5b133kdqgh.cx.internal.cloudapp.net, ports: [REPLICATION=42099, RATIS=34273, RATIS_ADMIN=34273, RATIS_SERVER=34273, STANDALONE=43751], networkLocation: /default-rack, certSerialId: null, persistedOpState: IN_SERVICE, persistedOpStateExpiryEpochSec: 0}
2022-01-29 14:08:39,131 [ReplicationMonitor] INFO  container.ReplicationManager (ReplicationManager.java:processAll(387)) - Replication Monitor Thread took 3 milliseconds for processing 3 containers.
2022-01-29 14:08:40,133 [ReplicationMonitor] INFO  container.ReplicationManager (ReplicationManager.java:processAll(387)) - Replication Monitor Thread took 0 milliseconds for processing 3 containers.
2022-01-29 14:08:41,133 [ReplicationMonitor] INFO  container.ReplicationManager (ReplicationManager.java:processAll(387)) - Replication Monitor Thread took 0 milliseconds for processing 3 containers.
2022-01-29 14:08:41,969 [EventQueue-StaleNodeForStaleNodeHandler] INFO  node.StaleNodeHandler (StaleNodeHandler.java:onMessage(58)) - Datanode 8545c5c5-b5e9-47ca-bc1f-5971527061fb{ip: 10.1.0.17, host: fv-az50-163.grzltbmokehuzjyc5b133kdqgh.cx.internal.cloudapp.net, ports: [REPLICATION=42669, RATIS=34109, RATIS_ADMIN=34109, RATIS_SERVER=34109, STANDALONE=44079], networkLocation: /default-rack, certSerialId: null, persistedOpState: IN_SERVICE, persistedOpStateExpiryEpochSec: 0} moved to stale state. Finalizing its pipelines [PipelineID=dc3768ee-e735-4548-853b-1a796a8160c6, PipelineID=1eb5cc71-bfa3-40ea-9ac5-8eb97ca5ee8a]
2022-01-29 14:08:41,969 [EventQueue-StaleNodeForStaleNodeHandler] INFO  pipeline.PipelineManagerImpl (PipelineManagerImpl.java:closePipeline(365)) - Pipeline Pipeline[ Id: dc3768ee-e735-4548-853b-1a796a8160c6, Nodes: 8545c5c5-b5e9-47ca-bc1f-5971527061fb{ip: 10.1.0.17, host: fv-az50-163.grzltbmokehuzjyc5b133kdqgh.cx.internal.cloudapp.net, ports: [REPLICATION=42669, RATIS=34109, RATIS_ADMIN=34109, RATIS_SERVER=34109, STANDALONE=44079], networkLocation: /default-rack, certSerialId: null, persistedOpState: DECOMMISSIONING, persistedOpStateExpiryEpochSec: 0}056876ca-3df5-407d-83dd-c1f0976c98ce{ip: 10.1.0.17, host: fv-az50-163.grzltbmokehuzjyc5b133kdqgh.cx.internal.cloudapp.net, ports: [REPLICATION=46305, RATIS=35493, RATIS_ADMIN=35493, RATIS_SERVER=35493, STANDALONE=36767], networkLocation: /default-rack, certSerialId: null, persistedOpState: IN_SERVICE, persistedOpStateExpiryEpochSec: 0}ed3915ba-b68b-45ae-bdb6-9aa431ff8088{ip: 10.1.0.17, host: fv-az50-163.grzltbmokehuzjyc5b133kdqgh.cx.internal.cloudapp.net, ports: [REPLICATION=42099, RATIS=34273, RATIS_ADMIN=34273, RATIS_SERVER=34273, STANDALONE=43751], networkLocation: /default-rack, certSerialId: null, persistedOpState: IN_SERVICE, persistedOpStateExpiryEpochSec: 0}, ReplicationConfig: RATIS/THREE, State:ALLOCATED, leaderId:, CreationTimestamp2022-01-29T14:08:36.108Z[Etc/UTC]] moved to CLOSED state
2022-01-29 14:08:41,970 [EventQueue-StaleNodeForStaleNodeHandler] INFO  pipeline.PipelineManagerImpl (PipelineManagerImpl.java:closePipeline(365)) - Pipeline Pipeline[ Id: 1eb5cc71-bfa3-40ea-9ac5-8eb97ca5ee8a, Nodes: 8545c5c5-b5e9-47ca-bc1f-5971527061fb{ip: 10.1.0.17, host: fv-az50-163.grzltbmokehuzjyc5b133kdqgh.cx.internal.cloudapp.net, ports: [REPLICATION=42669, RATIS=34109, RATIS_ADMIN=34109, RATIS_SERVER=34109, STANDALONE=44079], networkLocation: /default-rack, certSerialId: null, persistedOpState: DECOMMISSIONING, persistedOpStateExpiryEpochSec: 0}, ReplicationConfig: RATIS/ONE, State:OPEN, leaderId:8545c5c5-b5e9-47ca-bc1f-5971527061fb, CreationTimestamp2022-01-29T14:08:36.107Z[Etc/UTC]] moved to CLOSED state
2022-01-29 14:08:41,970 [EventQueue-StaleNodeForStaleNodeHandler] INFO  node.StaleNodeHandler (StaleNodeHandler.java:onMessage(58)) - Datanode 50abeac5-e03b-4859-8e6f-36facfdcbc7f{ip: 10.1.0.17, host: fv-az50-163.grzltbmokehuzjyc5b133kdqgh.cx.internal.cloudapp.net, ports: [REPLICATION=35251, RATIS=34235, RATIS_ADMIN=34235, RATIS_SERVER=34235, STANDALONE=45613], networkLocation: /default-rack, certSerialId: null, persistedOpState: IN_SERVICE, persistedOpStateExpiryEpochSec: 0} moved to stale state. Finalizing its pipelines [PipelineID=9c4fdc5a-7404-4f9c-851a-93689369b15a, PipelineID=73f69dd4-4380-44d7-9785-ec012d0a90c7]
2022-01-29 14:08:41,970 [EventQueue-StaleNodeForStaleNodeHandler] INFO  pipeline.PipelineManagerImpl (PipelineManagerImpl.java:closePipeline(365)) - Pipeline Pipeline[ Id: 9c4fdc5a-7404-4f9c-851a-93689369b15a, Nodes: 50abeac5-e03b-4859-8e6f-36facfdcbc7f{ip: 10.1.0.17, host: fv-az50-163.grzltbmokehuzjyc5b133kdqgh.cx.internal.cloudapp.net, ports: [REPLICATION=35251, RATIS=34235, RATIS_ADMIN=34235, RATIS_SERVER=34235, STANDALONE=45613], networkLocation: /default-rack, certSerialId: null, persistedOpState: IN_SERVICE, persistedOpStateExpiryEpochSec: 0}, ReplicationConfig: RATIS/ONE, State:OPEN, leaderId:50abeac5-e03b-4859-8e6f-36facfdcbc7f, CreationTimestamp2022-01-29T14:07:58.455Z[Etc/UTC]] moved to CLOSED state
2022-01-29 14:08:41,970 [EventQueue-StaleNodeForStaleNodeHandler] INFO  pipeline.PipelineManagerImpl (PipelineManagerImpl.java:closePipeline(365)) - Pipeline Pipeline[ Id: 73f69dd4-4380-44d7-9785-ec012d0a90c7, Nodes: af1ffa57-b6e4-429d-a4be-68c5e552e937{ip: 10.1.0.17, host: fv-az50-163.grzltbmokehuzjyc5b133kdqgh.cx.internal.cloudapp.net, ports: [REPLICATION=40849, RATIS=32791, RATIS_ADMIN=32791, RATIS_SERVER=32791, STANDALONE=42311], networkLocation: /default-rack, certSerialId: null, persistedOpState: IN_SERVICE, persistedOpStateExpiryEpochSec: 0}68ed0467-65e0-4391-af6c-ed8d2f7edd37{ip: 10.1.0.17, host: fv-az50-163.grzltbmokehuzjyc5b133kdqgh.cx.internal.cloudapp.net, ports: [REPLICATION=40667, RATIS=41665, RATIS_ADMIN=41665, RATIS_SERVER=41665, STANDALONE=37131], networkLocation: /default-rack, certSerialId: null, persistedOpState: IN_SERVICE, persistedOpStateExpiryEpochSec: 0}50abeac5-e03b-4859-8e6f-36facfdcbc7f{ip: 10.1.0.17, host: fv-az50-163.grzltbmokehuzjyc5b133kdqgh.cx.internal.cloudapp.net, ports: [REPLICATION=35251, RATIS=34235, RATIS_ADMIN=34235, RATIS_SERVER=34235, STANDALONE=45613], networkLocation: /default-rack, certSerialId: null, persistedOpState: IN_SERVICE, persistedOpStateExpiryEpochSec: 0}, ReplicationConfig: RATIS/THREE, State:OPEN, leaderId:68ed0467-65e0-4391-af6c-ed8d2f7edd37, CreationTimestamp2022-01-29T14:07:58.874Z[Etc/UTC]] moved to CLOSED state
2022-01-29 14:08:42,134 [ReplicationMonitor] INFO  container.ReplicationManager (ReplicationManager.java:processAll(387)) - Replication Monitor Thread took 0 milliseconds for processing 3 containers.
2022-01-29 14:08:42,152 [ed3915ba-b68b-45ae-bdb6-9aa431ff8088@group-1A796A8160C6-FollowerState] INFO  impl.FollowerState (FollowerState.java:run(134)) - ed3915ba-b68b-45ae-bdb6-9aa431ff8088@group-1A796A8160C6-FollowerState: change to CANDIDATE, lastRpcElapsedTime:5059283262ns, electionTimeout:5058ms
2022-01-29 14:08:42,152 [ed3915ba-b68b-45ae-bdb6-9aa431ff8088@group-1A796A8160C6-FollowerState] INFO  impl.RoleInfo (RoleInfo.java:shutdownFollowerState(108)) - ed3915ba-b68b-45ae-bdb6-9aa431ff8088: shutdown ed3915ba-b68b-45ae-bdb6-9aa431ff8088@group-1A796A8160C6-FollowerState
2022-01-29 14:08:42,152 [ed3915ba-b68b-45ae-bdb6-9aa431ff8088@group-1A796A8160C6-FollowerState] INFO  server.RaftServer$Division (RaftServerImpl.java:setRole(290)) - ed3915ba-b68b-45ae-bdb6-9aa431ff8088@group-1A796A8160C6: changes role from  FOLLOWER to CANDIDATE at term 0 for changeToCandidate
2022-01-29 14:08:42,153 [ed3915ba-b68b-45ae-bdb6-9aa431ff8088@group-1A796A8160C6-FollowerState] INFO  server.RaftServerConfigKeys (ConfUtils.java:logGet(44)) - raft.server.leaderelection.pre-vote = false (custom)
2022-01-29 14:08:42,153 [ed3915ba-b68b-45ae-bdb6-9aa431ff8088@group-1A796A8160C6-FollowerState] INFO  impl.RoleInfo (RoleInfo.java:updateAndGet(130)) - ed3915ba-b68b-45ae-bdb6-9aa431ff8088: start ed3915ba-b68b-45ae-bdb6-9aa431ff8088@group-1A796A8160C6-LeaderElection15
2022-01-29 14:08:42,173 [ed3915ba-b68b-45ae-bdb6-9aa431ff8088@group-1A796A8160C6-LeaderElection15] INFO  impl.LeaderElection (LeaderElection.java:askForVotes(306)) - ed3915ba-b68b-45ae-bdb6-9aa431ff8088@group-1A796A8160C6-LeaderElection15 ELECTION round 0: submit vote requests at term 1 for -1: [ed3915ba-b68b-45ae-bdb6-9aa431ff8088|rpc:10.1.0.17:34273|priority:1, 8545c5c5-b5e9-47ca-bc1f-5971527061fb|rpc:10.1.0.17:34109|priority:0, 056876ca-3df5-407d-83dd-c1f0976c98ce|rpc:10.1.0.17:35493|priority:0], old=null
2022-01-29 14:08:42,194 [grpc-default-executor-2] INFO  server.RaftServer$Division (RaftServerImpl.java:requestVote(1046)) - 056876ca-3df5-407d-83dd-c1f0976c98ce@group-1A796A8160C6: receive requestVote(ELECTION, ed3915ba-b68b-45ae-bdb6-9aa431ff8088, group-1A796A8160C6, 1, (t:0, i:0))
2022-01-29 14:08:42,195 [grpc-default-executor-2] INFO  impl.VoteContext (VoteContext.java:log(48)) - 056876ca-3df5-407d-83dd-c1f0976c98ce@group-1A796A8160C6-FOLLOWER: accept ELECTION from ed3915ba-b68b-45ae-bdb6-9aa431ff8088: our priority 0 <= candidate's priority 1
2022-01-29 14:08:42,195 [grpc-default-executor-2] INFO  server.RaftServer$Division (RaftServerImpl.java:setRole(290)) - 056876ca-3df5-407d-83dd-c1f0976c98ce@group-1A796A8160C6: changes role from  FOLLOWER to FOLLOWER at term 1 for candidate:ed3915ba-b68b-45ae-bdb6-9aa431ff8088
2022-01-29 14:08:42,195 [grpc-default-executor-2] INFO  impl.RoleInfo (RoleInfo.java:shutdownFollowerState(108)) - 056876ca-3df5-407d-83dd-c1f0976c98ce: shutdown 056876ca-3df5-407d-83dd-c1f0976c98ce@group-1A796A8160C6-FollowerState
2022-01-29 14:08:42,195 [grpc-default-executor-2] INFO  impl.RoleInfo (RoleInfo.java:updateAndGet(130)) - 056876ca-3df5-407d-83dd-c1f0976c98ce: start 056876ca-3df5-407d-83dd-c1f0976c98ce@group-1A796A8160C6-FollowerState
2022-01-29 14:08:42,195 [grpc-default-executor-4] INFO  server.RaftServer$Division (RaftServerImpl.java:requestVote(1046)) - 8545c5c5-b5e9-47ca-bc1f-5971527061fb@group-1A796A8160C6: receive requestVote(ELECTION, ed3915ba-b68b-45ae-bdb6-9aa431ff8088, group-1A796A8160C6, 1, (t:0, i:0))
2022-01-29 14:08:42,195 [056876ca-3df5-407d-83dd-c1f0976c98ce@group-1A796A8160C6-FollowerState] INFO  impl.FollowerState (FollowerState.java:run(143)) - 056876ca-3df5-407d-83dd-c1f0976c98ce@group-1A796A8160C6-FollowerState was interrupted: {}
java.lang.InterruptedException: sleep interrupted
	at java.lang.Thread.sleep(Native Method)
	at java.lang.Thread.sleep(Thread.java:340)
	at java.util.concurrent.TimeUnit.sleep(TimeUnit.java:386)
	at org.apache.ratis.util.TimeDuration.sleep(TimeDuration.java:324)
	at org.apache.ratis.util.TimeDuration.sleep(TimeDuration.java:309)
	at org.apache.ratis.server.impl.FollowerState.run(FollowerState.java:118)
2022-01-29 14:08:42,195 [grpc-default-executor-4] INFO  impl.VoteContext (VoteContext.java:log(48)) - 8545c5c5-b5e9-47ca-bc1f-5971527061fb@group-1A796A8160C6-FOLLOWER: accept ELECTION from ed3915ba-b68b-45ae-bdb6-9aa431ff8088: our priority 0 <= candidate's priority 1
2022-01-29 14:08:42,197 [grpc-default-executor-4] INFO  server.RaftServer$Division (RaftServerImpl.java:setRole(290)) - 8545c5c5-b5e9-47ca-bc1f-5971527061fb@group-1A796A8160C6: changes role from  FOLLOWER to FOLLOWER at term 1 for candidate:ed3915ba-b68b-45ae-bdb6-9aa431ff8088
2022-01-29 14:08:42,197 [grpc-default-executor-4] INFO  impl.RoleInfo (RoleInfo.java:shutdownFollowerState(108)) - 8545c5c5-b5e9-47ca-bc1f-5971527061fb: shutdown 8545c5c5-b5e9-47ca-bc1f-5971527061fb@group-1A796A8160C6-FollowerState
2022-01-29 14:08:42,198 [grpc-default-executor-4] INFO  impl.RoleInfo (RoleInfo.java:updateAndGet(130)) - 8545c5c5-b5e9-47ca-bc1f-5971527061fb: start 8545c5c5-b5e9-47ca-bc1f-5971527061fb@group-1A796A8160C6-FollowerState
2022-01-29 14:08:42,198 [8545c5c5-b5e9-47ca-bc1f-5971527061fb@group-1A796A8160C6-FollowerState] INFO  impl.FollowerState (FollowerState.java:run(143)) - 8545c5c5-b5e9-47ca-bc1f-5971527061fb@group-1A796A8160C6-FollowerState was interrupted: {}
java.lang.InterruptedException: sleep interrupted
	at java.lang.Thread.sleep(Native Method)
	at java.lang.Thread.sleep(Thread.java:340)
	at java.util.concurrent.TimeUnit.sleep(TimeUnit.java:386)
	at org.apache.ratis.util.TimeDuration.sleep(TimeDuration.java:324)
	at org.apache.ratis.util.TimeDuration.sleep(TimeDuration.java:309)
	at org.apache.ratis.server.impl.FollowerState.run(FollowerState.java:118)
2022-01-29 14:08:42,199 [grpc-default-executor-2] INFO  server.RaftServer$Division (RaftServerImpl.java:requestVote(1078)) - 056876ca-3df5-407d-83dd-c1f0976c98ce@group-1A796A8160C6 replies to ELECTION vote request: ed3915ba-b68b-45ae-bdb6-9aa431ff8088<-056876ca-3df5-407d-83dd-c1f0976c98ce#0:OK-t1. Peer's state: 056876ca-3df5-407d-83dd-c1f0976c98ce@group-1A796A8160C6:t1, leader=null, voted=ed3915ba-b68b-45ae-bdb6-9aa431ff8088, raftlog=056876ca-3df5-407d-83dd-c1f0976c98ce@group-1A796A8160C6-SegmentedRaftLog:OPENED:c-1, conf=-1: [ed3915ba-b68b-45ae-bdb6-9aa431ff8088|rpc:10.1.0.17:34273|dataStream:|priority:1, 8545c5c5-b5e9-47ca-bc1f-5971527061fb|rpc:10.1.0.17:34109|dataStream:|priority:0, 056876ca-3df5-407d-83dd-c1f0976c98ce|rpc:10.1.0.17:35493|dataStream:|priority:0], old=null
2022-01-29 14:08:42,208 [grpc-default-executor-4] INFO  server.RaftServer$Division (RaftServerImpl.java:requestVote(1078)) - 8545c5c5-b5e9-47ca-bc1f-5971527061fb@group-1A796A8160C6 replies to ELECTION vote request: ed3915ba-b68b-45ae-bdb6-9aa431ff8088<-8545c5c5-b5e9-47ca-bc1f-5971527061fb#0:OK-t1. Peer's state: 8545c5c5-b5e9-47ca-bc1f-5971527061fb@group-1A796A8160C6:t1, leader=null, voted=ed3915ba-b68b-45ae-bdb6-9aa431ff8088, raftlog=8545c5c5-b5e9-47ca-bc1f-5971527061fb@group-1A796A8160C6-SegmentedRaftLog:OPENED:c-1, conf=-1: [ed3915ba-b68b-45ae-bdb6-9aa431ff8088|rpc:10.1.0.17:34273|dataStream:|priority:1, 8545c5c5-b5e9-47ca-bc1f-5971527061fb|rpc:10.1.0.17:34109|dataStream:|priority:0, 056876ca-3df5-407d-83dd-c1f0976c98ce|rpc:10.1.0.17:35493|dataStream:|priority:0], old=null
2022-01-29 14:08:42,211 [ed3915ba-b68b-45ae-bdb6-9aa431ff8088@group-1A796A8160C6-LeaderElection15] INFO  impl.LeaderElection (LeaderElection.java:logAndReturn(89)) - ed3915ba-b68b-45ae-bdb6-9aa431ff8088@group-1A796A8160C6-LeaderElection15: ELECTION PASSED received 1 response(s) and 0 exception(s):
2022-01-29 14:08:42,211 [ed3915ba-b68b-45ae-bdb6-9aa431ff8088@group-1A796A8160C6-LeaderElection15] INFO  impl.LeaderElection (LeaderElection.java:logAndReturn(93)) -   Response 0: ed3915ba-b68b-45ae-bdb6-9aa431ff8088<-056876ca-3df5-407d-83dd-c1f0976c98ce#0:OK-t1
2022-01-29 14:08:42,212 [ed3915ba-b68b-45ae-bdb6-9aa431ff8088@group-1A796A8160C6-LeaderElection15] INFO  impl.LeaderElection (LeaderElection.java:askForVotes(308)) - ed3915ba-b68b-45ae-bdb6-9aa431ff8088@group-1A796A8160C6-LeaderElection15 ELECTION round 0: result PASSED
2022-01-29 14:08:42,212 [ed3915ba-b68b-45ae-bdb6-9aa431ff8088@group-1A796A8160C6-LeaderElection15] INFO  impl.RoleInfo (RoleInfo.java:shutdownLeaderElection(121)) - ed3915ba-b68b-45ae-bdb6-9aa431ff8088: shutdown ed3915ba-b68b-45ae-bdb6-9aa431ff8088@group-1A796A8160C6-LeaderElection15
2022-01-29 14:08:42,212 [ed3915ba-b68b-45ae-bdb6-9aa431ff8088@group-1A796A8160C6-LeaderElection15] INFO  server.RaftServer$Division (RaftServerImpl.java:setRole(290)) - ed3915ba-b68b-45ae-bdb6-9aa431ff8088@group-1A796A8160C6: changes role from CANDIDATE to LEADER at term 1 for changeToLeader
2022-01-29 14:08:42,212 [ed3915ba-b68b-45ae-bdb6-9aa431ff8088@group-1A796A8160C6-LeaderElection15] INFO  ratis.XceiverServerRatis (XceiverServerRatis.java:handleLeaderChangedNotification(866)) - Leader change notification received for group: group-1A796A8160C6 with new leaderId: ed3915ba-b68b-45ae-bdb6-9aa431ff8088
2022-01-29 14:08:42,212 [ed3915ba-b68b-45ae-bdb6-9aa431ff8088@group-1A796A8160C6-LeaderElection15] INFO  server.RaftServer$Division (ServerState.java:setLeader(285)) - ed3915ba-b68b-45ae-bdb6-9aa431ff8088@group-1A796A8160C6: change Leader from null to ed3915ba-b68b-45ae-bdb6-9aa431ff8088 at term 1 for becomeLeader, leader elected after 5127ms
2022-01-29 14:08:42,212 [ed3915ba-b68b-45ae-bdb6-9aa431ff8088@group-1A796A8160C6-LeaderElection15] INFO  server.RaftServerConfigKeys (ConfUtils.java:logGet(44)) - raft.server.staging.catchup.gap = 1000 (default)
2022-01-29 14:08:42,213 [ed3915ba-b68b-45ae-bdb6-9aa431ff8088@group-1A796A8160C6-LeaderElection15] INFO  server.RaftServerConfigKeys (ConfUtils.java:logGet(44)) - raft.server.write.element-limit = 1024 (custom)
2022-01-29 14:08:42,213 [ed3915ba-b68b-45ae-bdb6-9aa431ff8088@group-1A796A8160C6-LeaderElection15] INFO  server.RaftServerConfigKeys (ConfUtils.java:logGet(44)) - raft.server.write.byte-limit = 1024 M (=1073741824) (custom)
2022-01-29 14:08:42,213 [ed3915ba-b68b-45ae-bdb6-9aa431ff8088@group-1A796A8160C6-LeaderElection15] INFO  server.RaftServerConfigKeys (ConfUtils.java:logGet(44)) - raft.server.watch.timeout = 180s (custom)
2022-01-29 14:08:42,213 [ed3915ba-b68b-45ae-bdb6-9aa431ff8088@group-1A796A8160C6-LeaderElection15] INFO  server.RaftServerConfigKeys (ConfUtils.java:logGet(44)) - raft.server.watch.timeout.denomination = 1s (default)
2022-01-29 14:08:42,213 [ed3915ba-b68b-45ae-bdb6-9aa431ff8088@group-1A796A8160C6-LeaderElection15] INFO  server.RaftServerConfigKeys (ConfUtils.java:logGet(44)) - raft.server.watch.element-limit = 65536 (default)
2022-01-29 14:08:42,213 [ed3915ba-b68b-45ae-bdb6-9aa431ff8088@group-1A796A8160C6-LeaderElection15] INFO  server.RaftServerConfigKeys (ConfUtils.java:logGet(44)) - raft.server.write.element-limit = 1024 (custom)
2022-01-29 14:08:42,214 [ed3915ba-b68b-45ae-bdb6-9aa431ff8088@group-1A796A8160C6-LeaderElection15] INFO  server.RaftServerConfigKeys (ConfUtils.java:logGet(44)) - raft.server.write.follower.gap.ratio.max = -1.0 (default)
2022-01-29 14:08:42,214 [ed3915ba-b68b-45ae-bdb6-9aa431ff8088@group-1A796A8160C6-LeaderElection15] INFO  server.RaftServerConfigKeys (ConfUtils.java:logGet(44)) - raft.server.log.appender.snapshot.chunk.size.max = 16MB (=16777216) (default)
2022-01-29 14:08:42,214 [ed3915ba-b68b-45ae-bdb6-9aa431ff8088@group-1A796A8160C6-LeaderElection15] INFO  server.RaftServerConfigKeys (ConfUtils.java:logGet(44)) - raft.server.log.appender.buffer.byte-limit = 33554432 (custom)
2022-01-29 14:08:42,214 [ed3915ba-b68b-45ae-bdb6-9aa431ff8088@group-1A796A8160C6-LeaderElection15] INFO  server.RaftServerConfigKeys (ConfUtils.java:logGet(44)) - raft.server.log.appender.buffer.element-limit = 1 (custom)
2022-01-29 14:08:42,214 [ed3915ba-b68b-45ae-bdb6-9aa431ff8088@group-1A796A8160C6-LeaderElection15] INFO  grpc.GrpcConfigKeys (ConfUtils.java:logGet(44)) - raft.grpc.server.leader.outstanding.appends.max = 128 (default)
2022-01-29 14:08:42,214 [ed3915ba-b68b-45ae-bdb6-9aa431ff8088@group-1A796A8160C6-LeaderElection15] INFO  server.RaftServerConfigKeys (ConfUtils.java:logGet(44)) - raft.server.rpc.request.timeout = 60s (custom)
2022-01-29 14:08:42,214 [ed3915ba-b68b-45ae-bdb6-9aa431ff8088@group-1A796A8160C6-LeaderElection15] INFO  server.RaftServerConfigKeys (ConfUtils.java:logGet(44)) - raft.server.log.appender.install.snapshot.enabled = false (custom)
2022-01-29 14:08:42,215 [ed3915ba-b68b-45ae-bdb6-9aa431ff8088@group-1A796A8160C6-LeaderElection15] INFO  server.RaftServerConfigKeys (ConfUtils.java:logGet(44)) - raft.server.log.appender.snapshot.chunk.size.max = 16MB (=16777216) (default)
2022-01-29 14:08:42,215 [ed3915ba-b68b-45ae-bdb6-9aa431ff8088@group-1A796A8160C6-LeaderElection15] INFO  server.RaftServerConfigKeys (ConfUtils.java:logGet(44)) - raft.server.log.appender.buffer.byte-limit = 33554432 (custom)
2022-01-29 14:08:42,215 [ed3915ba-b68b-45ae-bdb6-9aa431ff8088@group-1A796A8160C6-LeaderElection15] INFO  server.RaftServerConfigKeys (ConfUtils.java:logGet(44)) - raft.server.log.appender.buffer.element-limit = 1 (custom)
2022-01-29 14:08:42,215 [ed3915ba-b68b-45ae-bdb6-9aa431ff8088@group-1A796A8160C6-LeaderElection15] INFO  grpc.GrpcConfigKeys (ConfUtils.java:logGet(44)) - raft.grpc.server.leader.outstanding.appends.max = 128 (default)
2022-01-29 14:08:42,215 [ed3915ba-b68b-45ae-bdb6-9aa431ff8088@group-1A796A8160C6-LeaderElection15] INFO  server.RaftServerConfigKeys (ConfUtils.java:logGet(44)) - raft.server.rpc.request.timeout = 60s (custom)
2022-01-29 14:08:42,215 [ed3915ba-b68b-45ae-bdb6-9aa431ff8088@group-1A796A8160C6-LeaderElection15] INFO  server.RaftServerConfigKeys (ConfUtils.java:logGet(44)) - raft.server.log.appender.install.snapshot.enabled = false (custom)
2022-01-29 14:08:42,216 [ed3915ba-b68b-45ae-bdb6-9aa431ff8088@group-1A796A8160C6-LeaderElection15] INFO  impl.RoleInfo (RoleInfo.java:updateAndGet(130)) - ed3915ba-b68b-45ae-bdb6-9aa431ff8088: start ed3915ba-b68b-45ae-bdb6-9aa431ff8088@group-1A796A8160C6-LeaderStateImpl
2022-01-29 14:08:42,216 [ed3915ba-b68b-45ae-bdb6-9aa431ff8088@group-1A796A8160C6-LeaderElection15] INFO  segmented.SegmentedRaftLogWorker (SegmentedRaftLogWorker.java:startLogSegment(394)) - ed3915ba-b68b-45ae-bdb6-9aa431ff8088@group-1A796A8160C6-SegmentedRaftLogWorker: Starting segment from index:0
2022-01-29 14:08:42,219 [ed3915ba-b68b-45ae-bdb6-9aa431ff8088@group-1A796A8160C6-SegmentedRaftLogWorker] INFO  segmented.SegmentedRaftLogWorker (SegmentedRaftLogWorker.java:execute(601)) - ed3915ba-b68b-45ae-bdb6-9aa431ff8088@group-1A796A8160C6-SegmentedRaftLogWorker: created new log segment /home/runner/work/ozone/ozone/hadoop-ozone/integration-test/target/test-dir/MiniOzoneClusterImpl-90535881-e8e0-4c69-8fd5-53d51f86d896/datanode-0/data/ratis/dc3768ee-e735-4548-853b-1a796a8160c6/current/log_inprogress_0
2022-01-29 14:08:42,221 [grpc-default-executor-2] INFO  ratis.XceiverServerRatis (XceiverServerRatis.java:handleLeaderChangedNotification(866)) - Leader change notification received for group: group-1A796A8160C6 with new leaderId: ed3915ba-b68b-45ae-bdb6-9aa431ff8088
2022-01-29 14:08:42,221 [grpc-default-executor-2] INFO  server.RaftServer$Division (ServerState.java:setLeader(285)) - 056876ca-3df5-407d-83dd-c1f0976c98ce@group-1A796A8160C6: change Leader from null to ed3915ba-b68b-45ae-bdb6-9aa431ff8088 at term 1 for appendEntries, leader elected after 5023ms
2022-01-29 14:08:42,227 [ed3915ba-b68b-45ae-bdb6-9aa431ff8088@group-1A796A8160C6-LeaderElection15] INFO  server.RaftServer$Division (ServerState.java:setRaftConf(387)) - ed3915ba-b68b-45ae-bdb6-9aa431ff8088@group-1A796A8160C6: set configuration 0: [ed3915ba-b68b-45ae-bdb6-9aa431ff8088|rpc:10.1.0.17:34273|dataStream:|priority:1, 8545c5c5-b5e9-47ca-bc1f-5971527061fb|rpc:10.1.0.17:34109|dataStream:|priority:0, 056876ca-3df5-407d-83dd-c1f0976c98ce|rpc:10.1.0.17:35493|dataStream:|priority:0], old=null
2022-01-29 14:08:42,232 [grpc-default-executor-2] INFO  server.RaftServer$Division (ServerState.java:setRaftConf(387)) - 056876ca-3df5-407d-83dd-c1f0976c98ce@group-1A796A8160C6: set configuration 0: [ed3915ba-b68b-45ae-bdb6-9aa431ff8088|rpc:10.1.0.17:34273|dataStream:|priority:1, 8545c5c5-b5e9-47ca-bc1f-5971527061fb|rpc:10.1.0.17:34109|dataStream:|priority:0, 056876ca-3df5-407d-83dd-c1f0976c98ce|rpc:10.1.0.17:35493|dataStream:|priority:0], old=null
2022-01-29 14:08:42,232 [grpc-default-executor-2] INFO  segmented.SegmentedRaftLogWorker (SegmentedRaftLogWorker.java:startLogSegment(394)) - 056876ca-3df5-407d-83dd-c1f0976c98ce@group-1A796A8160C6-SegmentedRaftLogWorker: Starting segment from index:0
2022-01-29 14:08:42,233 [056876ca-3df5-407d-83dd-c1f0976c98ce@group-1A796A8160C6-SegmentedRaftLogWorker] INFO  segmented.SegmentedRaftLogWorker (SegmentedRaftLogWorker.java:execute(601)) - 056876ca-3df5-407d-83dd-c1f0976c98ce@group-1A796A8160C6-SegmentedRaftLogWorker: created new log segment /home/runner/work/ozone/ozone/hadoop-ozone/integration-test/target/test-dir/MiniOzoneClusterImpl-90535881-e8e0-4c69-8fd5-53d51f86d896/datanode-2/data/ratis/dc3768ee-e735-4548-853b-1a796a8160c6/current/log_inprogress_0
2022-01-29 14:08:42,250 [grpc-default-executor-2] INFO  ratis.XceiverServerRatis (XceiverServerRatis.java:handleLeaderChangedNotification(866)) - Leader change notification received for group: group-1A796A8160C6 with new leaderId: ed3915ba-b68b-45ae-bdb6-9aa431ff8088
2022-01-29 14:08:42,250 [grpc-default-executor-2] INFO  server.RaftServer$Division (ServerState.java:setLeader(285)) - 8545c5c5-b5e9-47ca-bc1f-5971527061fb@group-1A796A8160C6: change Leader from null to ed3915ba-b68b-45ae-bdb6-9aa431ff8088 at term 1 for appendEntries, leader elected after 5122ms
2022-01-29 14:08:42,255 [grpc-default-executor-2] INFO  server.RaftServer$Division (ServerState.java:setRaftConf(387)) - 8545c5c5-b5e9-47ca-bc1f-5971527061fb@group-1A796A8160C6: set configuration 0: [ed3915ba-b68b-45ae-bdb6-9aa431ff8088|rpc:10.1.0.17:34273|dataStream:|priority:1, 8545c5c5-b5e9-47ca-bc1f-5971527061fb|rpc:10.1.0.17:34109|dataStream:|priority:0, 056876ca-3df5-407d-83dd-c1f0976c98ce|rpc:10.1.0.17:35493|dataStream:|priority:0], old=null
2022-01-29 14:08:42,255 [grpc-default-executor-2] INFO  segmented.SegmentedRaftLogWorker (SegmentedRaftLogWorker.java:startLogSegment(394)) - 8545c5c5-b5e9-47ca-bc1f-5971527061fb@group-1A796A8160C6-SegmentedRaftLogWorker: Starting segment from index:0
2022-01-29 14:08:42,256 [8545c5c5-b5e9-47ca-bc1f-5971527061fb@group-1A796A8160C6-SegmentedRaftLogWorker] INFO  segmented.SegmentedRaftLogWorker (SegmentedRaftLogWorker.java:execute(601)) - 8545c5c5-b5e9-47ca-bc1f-5971527061fb@group-1A796A8160C6-SegmentedRaftLogWorker: created new log segment /home/runner/work/ozone/ozone/hadoop-ozone/integration-test/target/test-dir/MiniOzoneClusterImpl-90535881-e8e0-4c69-8fd5-53d51f86d896/datanode-1/data/ratis/dc3768ee-e735-4548-853b-1a796a8160c6/current/log_inprogress_0
2022-01-29 14:08:43,023 [8545c5c5-b5e9-47ca-bc1f-5971527061fb@group-8EB97CA5EE8A-FollowerState] INFO  impl.FollowerState (FollowerState.java:run(134)) - 8545c5c5-b5e9-47ca-bc1f-5971527061fb@group-8EB97CA5EE8A-FollowerState: change to CANDIDATE, lastRpcElapsedTime:5123404571ns, electionTimeout:5116ms
2022-01-29 14:08:43,023 [8545c5c5-b5e9-47ca-bc1f-5971527061fb@group-8EB97CA5EE8A-FollowerState] INFO  impl.RoleInfo (RoleInfo.java:shutdownFollowerState(108)) - 8545c5c5-b5e9-47ca-bc1f-5971527061fb: shutdown 8545c5c5-b5e9-47ca-bc1f-5971527061fb@group-8EB97CA5EE8A-FollowerState
2022-01-29 14:08:43,023 [8545c5c5-b5e9-47ca-bc1f-5971527061fb@group-8EB97CA5EE8A-FollowerState] INFO  server.RaftServer$Division (RaftServerImpl.java:setRole(290)) - 8545c5c5-b5e9-47ca-bc1f-5971527061fb@group-8EB97CA5EE8A: changes role from  FOLLOWER to CANDIDATE at term 0 for changeToCandidate
2022-01-29 14:08:43,023 [8545c5c5-b5e9-47ca-bc1f-5971527061fb@group-8EB97CA5EE8A-FollowerState] INFO  server.RaftServerConfigKeys (ConfUtils.java:logGet(44)) - raft.server.leaderelection.pre-vote = false (custom)
2022-01-29 14:08:43,024 [8545c5c5-b5e9-47ca-bc1f-5971527061fb@group-8EB97CA5EE8A-FollowerState] INFO  impl.RoleInfo (RoleInfo.java:updateAndGet(130)) - 8545c5c5-b5e9-47ca-bc1f-5971527061fb: start 8545c5c5-b5e9-47ca-bc1f-5971527061fb@group-8EB97CA5EE8A-LeaderElection16
2022-01-29 14:08:43,044 [8545c5c5-b5e9-47ca-bc1f-5971527061fb@group-8EB97CA5EE8A-LeaderElection16] INFO  impl.LeaderElection (LeaderElection.java:askForVotes(306)) - 8545c5c5-b5e9-47ca-bc1f-5971527061fb@group-8EB97CA5EE8A-LeaderElection16 ELECTION round 0: submit vote requests at term 1 for -1: [8545c5c5-b5e9-47ca-bc1f-5971527061fb|rpc:10.1.0.17:34109|priority:1], old=null
2022-01-29 14:08:43,044 [8545c5c5-b5e9-47ca-bc1f-5971527061fb@group-8EB97CA5EE8A-LeaderElection16] INFO  impl.LeaderElection (LeaderElection.java:askForVotes(308)) - 8545c5c5-b5e9-47ca-bc1f-5971527061fb@group-8EB97CA5EE8A-LeaderElection16 ELECTION round 0: result PASSED (term=1)
2022-01-29 14:08:43,044 [8545c5c5-b5e9-47ca-bc1f-5971527061fb@group-8EB97CA5EE8A-LeaderElection16] INFO  impl.RoleInfo (RoleInfo.java:shutdownLeaderElection(121)) - 8545c5c5-b5e9-47ca-bc1f-5971527061fb: shutdown 8545c5c5-b5e9-47ca-bc1f-5971527061fb@group-8EB97CA5EE8A-LeaderElection16
2022-01-29 14:08:43,044 [8545c5c5-b5e9-47ca-bc1f-5971527061fb@group-8EB97CA5EE8A-LeaderElection16] INFO  server.RaftServer$Division (RaftServerImpl.java:setRole(290)) - 8545c5c5-b5e9-47ca-bc1f-5971527061fb@group-8EB97CA5EE8A: changes role from CANDIDATE to LEADER at term 1 for changeToLeader
2022-01-29 14:08:43,044 [8545c5c5-b5e9-47ca-bc1f-5971527061fb@group-8EB97CA5EE8A-LeaderElection16] INFO  ratis.XceiverServerRatis (XceiverServerRatis.java:handleLeaderChangedNotification(866)) - Leader change notification received for group: group-8EB97CA5EE8A with new leaderId: 8545c5c5-b5e9-47ca-bc1f-5971527061fb
2022-01-29 14:08:43,045 [8545c5c5-b5e9-47ca-bc1f-5971527061fb@group-8EB97CA5EE8A-LeaderElection16] INFO  server.RaftServer$Division (ServerState.java:setLeader(285)) - 8545c5c5-b5e9-47ca-bc1f-5971527061fb@group-8EB97CA5EE8A: change Leader from null to 8545c5c5-b5e9-47ca-bc1f-5971527061fb at term 1 for becomeLeader, leader elected after 5155ms
2022-01-29 14:08:43,045 [8545c5c5-b5e9-47ca-bc1f-5971527061fb@group-8EB97CA5EE8A-LeaderElection16] INFO  server.RaftServerConfigKeys (ConfUtils.java:logGet(44)) - raft.server.staging.catchup.gap = 1000 (default)
2022-01-29 14:08:43,045 [8545c5c5-b5e9-47ca-bc1f-5971527061fb@group-8EB97CA5EE8A-LeaderElection16] INFO  server.RaftServerConfigKeys (ConfUtils.java:logGet(44)) - raft.server.write.element-limit = 1024 (custom)
2022-01-29 14:08:43,045 [8545c5c5-b5e9-47ca-bc1f-5971527061fb@group-8EB97CA5EE8A-LeaderElection16] INFO  server.RaftServerConfigKeys (ConfUtils.java:logGet(44)) - raft.server.write.byte-limit = 1024 M (=1073741824) (custom)
2022-01-29 14:08:43,046 [8545c5c5-b5e9-47ca-bc1f-5971527061fb@group-8EB97CA5EE8A-LeaderElection16] INFO  server.RaftServerConfigKeys (ConfUtils.java:logGet(44)) - raft.server.watch.timeout = 180s (custom)
2022-01-29 14:08:43,046 [8545c5c5-b5e9-47ca-bc1f-5971527061fb@group-8EB97CA5EE8A-LeaderElection16] INFO  server.RaftServerConfigKeys (ConfUtils.java:logGet(44)) - raft.server.watch.timeout.denomination = 1s (default)
2022-01-29 14:08:43,046 [8545c5c5-b5e9-47ca-bc1f-5971527061fb@group-8EB97CA5EE8A-LeaderElection16] INFO  server.RaftServerConfigKeys (ConfUtils.java:logGet(44)) - raft.server.watch.element-limit = 65536 (default)
2022-01-29 14:08:43,046 [8545c5c5-b5e9-47ca-bc1f-5971527061fb@group-8EB97CA5EE8A-LeaderElection16] INFO  server.RaftServerConfigKeys (ConfUtils.java:logGet(44)) - raft.server.write.element-limit = 1024 (custom)
2022-01-29 14:08:43,046 [8545c5c5-b5e9-47ca-bc1f-5971527061fb@group-8EB97CA5EE8A-LeaderElection16] INFO  server.RaftServerConfigKeys (ConfUtils.java:logGet(44)) - raft.server.write.follower.gap.ratio.max = -1.0 (default)
2022-01-29 14:08:43,046 [8545c5c5-b5e9-47ca-bc1f-5971527061fb@group-8EB97CA5EE8A-LeaderElection16] INFO  impl.RoleInfo (RoleInfo.java:updateAndGet(130)) - 8545c5c5-b5e9-47ca-bc1f-5971527061fb: start 8545c5c5-b5e9-47ca-bc1f-5971527061fb@group-8EB97CA5EE8A-LeaderStateImpl
2022-01-29 14:08:43,047 [8545c5c5-b5e9-47ca-bc1f-5971527061fb@group-8EB97CA5EE8A-LeaderElection16] INFO  segmented.SegmentedRaftLogWorker (SegmentedRaftLogWorker.java:startLogSegment(394)) - 8545c5c5-b5e9-47ca-bc1f-5971527061fb@group-8EB97CA5EE8A-SegmentedRaftLogWorker: Starting segment from index:0
2022-01-29 14:08:43,050 [8545c5c5-b5e9-47ca-bc1f-5971527061fb@group-8EB97CA5EE8A-SegmentedRaftLogWorker] INFO  segmented.SegmentedRaftLogWorker (SegmentedRaftLogWorker.java:execute(601)) - 8545c5c5-b5e9-47ca-bc1f-5971527061fb@group-8EB97CA5EE8A-SegmentedRaftLogWorker: created new log segment /home/runner/work/ozone/ozone/hadoop-ozone/integration-test/target/test-dir/MiniOzoneClusterImpl-90535881-e8e0-4c69-8fd5-53d51f86d896/datanode-1/data/ratis/1eb5cc71-bfa3-40ea-9ac5-8eb97ca5ee8a/current/log_inprogress_0
2022-01-29 14:08:43,055 [8545c5c5-b5e9-47ca-bc1f-5971527061fb@group-8EB97CA5EE8A-LeaderElection16] INFO  server.RaftServer$Division (ServerState.java:setRaftConf(387)) - 8545c5c5-b5e9-47ca-bc1f-5971527061fb@group-8EB97CA5EE8A: set configuration 0: [8545c5c5-b5e9-47ca-bc1f-5971527061fb|rpc:10.1.0.17:34109|dataStream:|priority:1], old=null
2022-01-29 14:08:43,134 [ReplicationMonitor] INFO  container.ReplicationManager (ReplicationManager.java:processAll(387)) - Replication Monitor Thread took 0 milliseconds for processing 3 containers.
2022-01-29 14:08:44,094 [ForkJoinPool.commonPool-worker-1] INFO  ozoneimpl.OzoneContainer (OzoneContainer.java:stop(336)) - Attempting to stop container services.
2022-01-29 14:08:44,095 [Mini-Cluster-Provider-Reap] INFO  ozoneimpl.OzoneContainer (OzoneContainer.java:stop(336)) - Attempting to stop container services.
2022-01-29 14:08:44,096 [ForkJoinPool.commonPool-worker-1] INFO  server.RaftServer (RaftServerProxy.java:lambda$close$6(391)) - 8545c5c5-b5e9-47ca-bc1f-5971527061fb: close
2022-01-29 14:08:44,096 [ForkJoinPool.commonPool-worker-1] INFO  server.RaftServer$Division (RaftServerImpl.java:lambda$close$4(412)) - 8545c5c5-b5e9-47ca-bc1f-5971527061fb@group-1A796A8160C6: shutdown
2022-01-29 14:08:44,096 [ForkJoinPool.commonPool-worker-1] INFO  util.JmxRegister (JmxRegister.java:unregister(73)) - Successfully un-registered JMX Bean with object name Ratis:service=RaftServer,group=group-1A796A8160C6,id=8545c5c5-b5e9-47ca-bc1f-5971527061fb
2022-01-29 14:08:44,096 [ForkJoinPool.commonPool-worker-1] INFO  impl.RoleInfo (RoleInfo.java:shutdownFollowerState(108)) - 8545c5c5-b5e9-47ca-bc1f-5971527061fb: shutdown 8545c5c5-b5e9-47ca-bc1f-5971527061fb@group-1A796A8160C6-FollowerState
2022-01-29 14:08:44,096 [ForkJoinPool.commonPool-worker-1] INFO  impl.StateMachineUpdater (StateMachineUpdater.java:stopAndJoin(149)) - 8545c5c5-b5e9-47ca-bc1f-5971527061fb@group-1A796A8160C6-StateMachineUpdater: set stopIndex = 0
2022-01-29 14:08:44,096 [8545c5c5-b5e9-47ca-bc1f-5971527061fb@group-1A796A8160C6-FollowerState] INFO  impl.FollowerState (FollowerState.java:run(143)) - 8545c5c5-b5e9-47ca-bc1f-5971527061fb@group-1A796A8160C6-FollowerState was interrupted: {}
java.lang.InterruptedException: sleep interrupted
	at java.lang.Thread.sleep(Native Method)
	at java.lang.Thread.sleep(Thread.java:340)
	at java.util.concurrent.TimeUnit.sleep(TimeUnit.java:386)
	at org.apache.ratis.util.TimeDuration.sleep(TimeDuration.java:324)
	at org.apache.ratis.util.TimeDuration.sleep(TimeDuration.java:309)
	at org.apache.ratis.server.impl.FollowerState.run(FollowerState.java:118)
2022-01-29 14:08:44,097 [8545c5c5-b5e9-47ca-bc1f-5971527061fb@group-1A796A8160C6-StateMachineUpdater] INFO  ratis.ContainerStateMachine (ContainerStateMachine.java:takeSnapshot(299)) - group-1A796A8160C6: Taking a snapshot at:(t:1, i:0) file /home/runner/work/ozone/ozone/hadoop-ozone/integration-test/target/test-dir/MiniOzoneClusterImpl-90535881-e8e0-4c69-8fd5-53d51f86d896/datanode-1/data/ratis/dc3768ee-e735-4548-853b-1a796a8160c6/sm/snapshot.1_0
2022-01-29 14:08:44,097 [Mini-Cluster-Provider-Reap] INFO  server.RaftServer (RaftServerProxy.java:lambda$close$6(391)) - 50abeac5-e03b-4859-8e6f-36facfdcbc7f: close
2022-01-29 14:08:44,097 [Mini-Cluster-Provider-Reap] INFO  server.RaftServer$Division (RaftServerImpl.java:lambda$close$4(412)) - 50abeac5-e03b-4859-8e6f-36facfdcbc7f@group-93689369B15A: shutdown
2022-01-29 14:08:44,098 [Mini-Cluster-Provider-Reap] INFO  util.JmxRegister (JmxRegister.java:unregister(73)) - Successfully un-registered JMX Bean with object name Ratis:service=RaftServer,group=group-93689369B15A,id=50abeac5-e03b-4859-8e6f-36facfdcbc7f
2022-01-29 14:08:44,098 [Mini-Cluster-Provider-Reap] INFO  impl.RoleInfo (RoleInfo.java:shutdownLeaderState(91)) - 50abeac5-e03b-4859-8e6f-36facfdcbc7f: shutdown 50abeac5-e03b-4859-8e6f-36facfdcbc7f@group-93689369B15A-LeaderStateImpl
2022-01-29 14:08:44,098 [Mini-Cluster-Provider-Reap] INFO  impl.PendingRequests (PendingRequests.java:sendNotLeaderResponses(282)) - 50abeac5-e03b-4859-8e6f-36facfdcbc7f@group-93689369B15A-PendingRequests: sendNotLeaderResponses
2022-01-29 14:08:44,099 [Mini-Cluster-Provider-Reap] INFO  impl.StateMachineUpdater (StateMachineUpdater.java:stopAndJoin(149)) - 50abeac5-e03b-4859-8e6f-36facfdcbc7f@group-93689369B15A-StateMachineUpdater: set stopIndex = 0
2022-01-29 14:08:44,099 [50abeac5-e03b-4859-8e6f-36facfdcbc7f@group-93689369B15A-StateMachineUpdater] INFO  ratis.ContainerStateMachine (ContainerStateMachine.java:takeSnapshot(299)) - group-93689369B15A: Taking a snapshot at:(t:1, i:0) file /home/runner/work/ozone/ozone/hadoop-ozone/integration-test/target/test-dir/MiniOzoneClusterImpl-90535881-e8e0-4c69-8fd5-53d51f86d896/datanode-3/data/ratis/9c4fdc5a-7404-4f9c-851a-93689369b15a/sm/snapshot.1_0
2022-01-29 14:08:44,098 [8545c5c5-b5e9-47ca-bc1f-5971527061fb@group-1A796A8160C6-StateMachineUpdater] INFO  ratis.ContainerStateMachine (ContainerStateMachine.java:takeSnapshot(310)) - group-1A796A8160C6: Finished taking a snapshot at:(t:1, i:0) file:/home/runner/work/ozone/ozone/hadoop-ozone/integration-test/target/test-dir/MiniOzoneClusterImpl-90535881-e8e0-4c69-8fd5-53d51f86d896/datanode-1/data/ratis/dc3768ee-e735-4548-853b-1a796a8160c6/sm/snapshot.1_0 took: 0 ms
2022-01-29 14:08:44,099 [8545c5c5-b5e9-47ca-bc1f-5971527061fb@group-1A796A8160C6-StateMachineUpdater] INFO  impl.StateMachineUpdater (StateMachineUpdater.java:takeSnapshot(281)) - 8545c5c5-b5e9-47ca-bc1f-5971527061fb@group-1A796A8160C6-StateMachineUpdater: Took a snapshot at index 0
2022-01-29 14:08:44,099 [8545c5c5-b5e9-47ca-bc1f-5971527061fb@group-1A796A8160C6-StateMachineUpdater] INFO  impl.StateMachineUpdater (StateMachineUpdater.java:lambda$new$0(89)) - 8545c5c5-b5e9-47ca-bc1f-5971527061fb@group-1A796A8160C6-StateMachineUpdater: snapshotIndex: updateIncreasingly -1 -> 0
2022-01-29 14:08:44,100 [50abeac5-e03b-4859-8e6f-36facfdcbc7f@group-93689369B15A-StateMachineUpdater] INFO  ratis.ContainerStateMachine (ContainerStateMachine.java:takeSnapshot(310)) - group-93689369B15A: Finished taking a snapshot at:(t:1, i:0) file:/home/runner/work/ozone/ozone/hadoop-ozone/integration-test/target/test-dir/MiniOzoneClusterImpl-90535881-e8e0-4c69-8fd5-53d51f86d896/datanode-3/data/ratis/9c4fdc5a-7404-4f9c-851a-93689369b15a/sm/snapshot.1_0 took: 1 ms
2022-01-29 14:08:44,101 [50abeac5-e03b-4859-8e6f-36facfdcbc7f@group-93689369B15A-StateMachineUpdater] INFO  impl.StateMachineUpdater (StateMachineUpdater.java:takeSnapshot(281)) - 50abeac5-e03b-4859-8e6f-36facfdcbc7f@group-93689369B15A-StateMachineUpdater: Took a snapshot at index 0
2022-01-29 14:08:44,102 [50abeac5-e03b-4859-8e6f-36facfdcbc7f@group-93689369B15A-StateMachineUpdater] INFO  impl.StateMachineUpdater (StateMachineUpdater.java:lambda$new$0(89)) - 50abeac5-e03b-4859-8e6f-36facfdcbc7f@group-93689369B15A-StateMachineUpdater: snapshotIndex: updateIncreasingly -1 -> 0
2022-01-29 14:08:44,106 [ForkJoinPool.commonPool-worker-1] INFO  server.RaftServer$Division (ServerState.java:close(419)) - 8545c5c5-b5e9-47ca-bc1f-5971527061fb@group-1A796A8160C6: closes. applyIndex: 0
2022-01-29 14:08:44,106 [8545c5c5-b5e9-47ca-bc1f-5971527061fb@group-1A796A8160C6-SegmentedRaftLogWorker] INFO  segmented.SegmentedRaftLogWorker (SegmentedRaftLogWorker.java:run(327)) - 8545c5c5-b5e9-47ca-bc1f-5971527061fb@group-1A796A8160C6-SegmentedRaftLogWorker was interrupted, exiting. There are 0 tasks remaining in the queue.
2022-01-29 14:08:44,106 [ForkJoinPool.commonPool-worker-1] INFO  segmented.SegmentedRaftLogWorker (SegmentedRaftLogWorker.java:close(237)) - 8545c5c5-b5e9-47ca-bc1f-5971527061fb@group-1A796A8160C6-SegmentedRaftLogWorker close()
2022-01-29 14:08:44,107 [ForkJoinPool.commonPool-worker-1] INFO  server.RaftServer$Division (RaftServerImpl.java:lambda$close$4(412)) - 8545c5c5-b5e9-47ca-bc1f-5971527061fb@group-8EB97CA5EE8A: shutdown
2022-01-29 14:08:44,107 [ForkJoinPool.commonPool-worker-1] INFO  util.JmxRegister (JmxRegister.java:unregister(73)) - Successfully un-registered JMX Bean with object name Ratis:service=RaftServer,group=group-8EB97CA5EE8A,id=8545c5c5-b5e9-47ca-bc1f-5971527061fb
2022-01-29 14:08:44,108 [ForkJoinPool.commonPool-worker-1] INFO  impl.RoleInfo (RoleInfo.java:shutdownLeaderState(91)) - 8545c5c5-b5e9-47ca-bc1f-5971527061fb: shutdown 8545c5c5-b5e9-47ca-bc1f-5971527061fb@group-8EB97CA5EE8A-LeaderStateImpl
2022-01-29 14:08:44,108 [ForkJoinPool.commonPool-worker-1] INFO  impl.PendingRequests (PendingRequests.java:sendNotLeaderResponses(282)) - 8545c5c5-b5e9-47ca-bc1f-5971527061fb@group-8EB97CA5EE8A-PendingRequests: sendNotLeaderResponses
2022-01-29 14:08:44,108 [ForkJoinPool.commonPool-worker-1] INFO  impl.StateMachineUpdater (StateMachineUpdater.java:stopAndJoin(149)) - 8545c5c5-b5e9-47ca-bc1f-5971527061fb@group-8EB97CA5EE8A-StateMachineUpdater: set stopIndex = 0
2022-01-29 14:08:44,110 [Mini-Cluster-Provider-Reap] INFO  server.RaftServer$Division (ServerState.java:close(419)) - 50abeac5-e03b-4859-8e6f-36facfdcbc7f@group-93689369B15A: closes. applyIndex: 0
2022-01-29 14:08:44,111 [50abeac5-e03b-4859-8e6f-36facfdcbc7f@group-93689369B15A-SegmentedRaftLogWorker] INFO  segmented.SegmentedRaftLogWorker (SegmentedRaftLogWorker.java:run(327)) - 50abeac5-e03b-4859-8e6f-36facfdcbc7f@group-93689369B15A-SegmentedRaftLogWorker was interrupted, exiting. There are 0 tasks remaining in the queue.
2022-01-29 14:08:44,111 [8545c5c5-b5e9-47ca-bc1f-5971527061fb@group-8EB97CA5EE8A-StateMachineUpdater] INFO  ratis.ContainerStateMachine (ContainerStateMachine.java:takeSnapshot(299)) - group-8EB97CA5EE8A: Taking a snapshot at:(t:1, i:0) file /home/runner/work/ozone/ozone/hadoop-ozone/integration-test/target/test-dir/MiniOzoneClusterImpl-90535881-e8e0-4c69-8fd5-53d51f86d896/datanode-1/data/ratis/1eb5cc71-bfa3-40ea-9ac5-8eb97ca5ee8a/sm/snapshot.1_0
2022-01-29 14:08:44,112 [Mini-Cluster-Provider-Reap] INFO  segmented.SegmentedRaftLogWorker (SegmentedRaftLogWorker.java:close(237)) - 50abeac5-e03b-4859-8e6f-36facfdcbc7f@group-93689369B15A-SegmentedRaftLogWorker close()
2022-01-29 14:08:44,113 [Mini-Cluster-Provider-Reap] INFO  server.RaftServer$Division (RaftServerImpl.java:lambda$close$4(412)) - 50abeac5-e03b-4859-8e6f-36facfdcbc7f@group-EC012D0A90C7: shutdown
2022-01-29 14:08:44,113 [Mini-Cluster-Provider-Reap] INFO  util.JmxRegister (JmxRegister.java:unregister(73)) - Successfully un-registered JMX Bean with object name Ratis:service=RaftServer,group=group-EC012D0A90C7,id=50abeac5-e03b-4859-8e6f-36facfdcbc7f
2022-01-29 14:08:44,113 [Mini-Cluster-Provider-Reap] INFO  impl.RoleInfo (RoleInfo.java:shutdownFollowerState(108)) - 50abeac5-e03b-4859-8e6f-36facfdcbc7f: shutdown 50abeac5-e03b-4859-8e6f-36facfdcbc7f@group-EC012D0A90C7-FollowerState
2022-01-29 14:08:44,114 [50abeac5-e03b-4859-8e6f-36facfdcbc7f@group-EC012D0A90C7-FollowerState] INFO  impl.FollowerState (FollowerState.java:run(143)) - 50abeac5-e03b-4859-8e6f-36facfdcbc7f@group-EC012D0A90C7-FollowerState was interrupted: {}
java.lang.InterruptedException: sleep interrupted
	at java.lang.Thread.sleep(Native Method)
	at java.lang.Thread.sleep(Thread.java:340)
	at java.util.concurrent.TimeUnit.sleep(TimeUnit.java:386)
	at org.apache.ratis.util.TimeDuration.sleep(TimeDuration.java:324)
	at org.apache.ratis.util.TimeDuration.sleep(TimeDuration.java:309)
	at org.apache.ratis.server.impl.FollowerState.run(FollowerState.java:118)
2022-01-29 14:08:44,114 [50abeac5-e03b-4859-8e6f-36facfdcbc7f@group-EC012D0A90C7-StateMachineUpdater] INFO  ratis.ContainerStateMachine (ContainerStateMachine.java:takeSnapshot(299)) - group-EC012D0A90C7: Taking a snapshot at:(t:3, i:0) file /home/runner/work/ozone/ozone/hadoop-ozone/integration-test/target/test-dir/MiniOzoneClusterImpl-90535881-e8e0-4c69-8fd5-53d51f86d896/datanode-3/data/ratis/73f69dd4-4380-44d7-9785-ec012d0a90c7/sm/snapshot.3_0
2022-01-29 14:08:44,114 [Mini-Cluster-Provider-Reap] INFO  impl.StateMachineUpdater (StateMachineUpdater.java:stopAndJoin(149)) - 50abeac5-e03b-4859-8e6f-36facfdcbc7f@group-EC012D0A90C7-StateMachineUpdater: set stopIndex = 0
2022-01-29 14:08:44,115 [8545c5c5-b5e9-47ca-bc1f-5971527061fb@group-8EB97CA5EE8A-StateMachineUpdater] INFO  ratis.ContainerStateMachine (ContainerStateMachine.java:takeSnapshot(310)) - group-8EB97CA5EE8A: Finished taking a snapshot at:(t:1, i:0) file:/home/runner/work/ozone/ozone/hadoop-ozone/integration-test/target/test-dir/MiniOzoneClusterImpl-90535881-e8e0-4c69-8fd5-53d51f86d896/datanode-1/data/ratis/1eb5cc71-bfa3-40ea-9ac5-8eb97ca5ee8a/sm/snapshot.1_0 took: 4 ms
2022-01-29 14:08:44,115 [8545c5c5-b5e9-47ca-bc1f-5971527061fb@group-8EB97CA5EE8A-StateMachineUpdater] INFO  impl.StateMachineUpdater (StateMachineUpdater.java:takeSnapshot(281)) - 8545c5c5-b5e9-47ca-bc1f-5971527061fb@group-8EB97CA5EE8A-StateMachineUpdater: Took a snapshot at index 0
2022-01-29 14:08:44,115 [8545c5c5-b5e9-47ca-bc1f-5971527061fb@group-8EB97CA5EE8A-StateMachineUpdater] INFO  impl.StateMachineUpdater (StateMachineUpdater.java:lambda$new$0(89)) - 8545c5c5-b5e9-47ca-bc1f-5971527061fb@group-8EB97CA5EE8A-StateMachineUpdater: snapshotIndex: updateIncreasingly -1 -> 0
2022-01-29 14:08:44,116 [50abeac5-e03b-4859-8e6f-36facfdcbc7f@group-EC012D0A90C7-StateMachineUpdater] INFO  ratis.ContainerStateMachine (ContainerStateMachine.java:takeSnapshot(310)) - group-EC012D0A90C7: Finished taking a snapshot at:(t:3, i:0) file:/home/runner/work/ozone/ozone/hadoop-ozone/integration-test/target/test-dir/MiniOzoneClusterImpl-90535881-e8e0-4c69-8fd5-53d51f86d896/datanode-3/data/ratis/73f69dd4-4380-44d7-9785-ec012d0a90c7/sm/snapshot.3_0 took: 2 ms
2022-01-29 14:08:44,116 [50abeac5-e03b-4859-8e6f-36facfdcbc7f@group-EC012D0A90C7-StateMachineUpdater] INFO  impl.StateMachineUpdater (StateMachineUpdater.java:takeSnapshot(281)) - 50abeac5-e03b-4859-8e6f-36facfdcbc7f@group-EC012D0A90C7-StateMachineUpdater: Took a snapshot at index 0
2022-01-29 14:08:44,116 [50abeac5-e03b-4859-8e6f-36facfdcbc7f@group-EC012D0A90C7-StateMachineUpdater] INFO  impl.StateMachineUpdater (StateMachineUpdater.java:lambda$new$0(89)) - 50abeac5-e03b-4859-8e6f-36facfdcbc7f@group-EC012D0A90C7-StateMachineUpdater: snapshotIndex: updateIncreasingly -1 -> 0
2022-01-29 14:08:44,121 [Mini-Cluster-Provider-Reap] INFO  server.RaftServer$Division (ServerState.java:close(419)) - 50abeac5-e03b-4859-8e6f-36facfdcbc7f@group-EC012D0A90C7: closes. applyIndex: 0
2022-01-29 14:08:44,121 [ForkJoinPool.commonPool-worker-1] INFO  server.RaftServer$Division (ServerState.java:close(419)) - 8545c5c5-b5e9-47ca-bc1f-5971527061fb@group-8EB97CA5EE8A: closes. applyIndex: 0
2022-01-29 14:08:44,123 [50abeac5-e03b-4859-8e6f-36facfdcbc7f@group-EC012D0A90C7-SegmentedRaftLogWorker] INFO  segmented.SegmentedRaftLogWorker (SegmentedRaftLogWorker.java:run(327)) - 50abeac5-e03b-4859-8e6f-36facfdcbc7f@group-EC012D0A90C7-SegmentedRaftLogWorker was interrupted, exiting. There are 0 tasks remaining in the queue.
2022-01-29 14:08:44,123 [Mini-Cluster-Provider-Reap] INFO  segmented.SegmentedRaftLogWorker (SegmentedRaftLogWorker.java:close(237)) - 50abeac5-e03b-4859-8e6f-36facfdcbc7f@group-EC012D0A90C7-SegmentedRaftLogWorker close()
2022-01-29 14:08:44,123 [8545c5c5-b5e9-47ca-bc1f-5971527061fb@group-8EB97CA5EE8A-SegmentedRaftLogWorker] INFO  segmented.SegmentedRaftLogWorker (SegmentedRaftLogWorker.java:run(327)) - 8545c5c5-b5e9-47ca-bc1f-5971527061fb@group-8EB97CA5EE8A-SegmentedRaftLogWorker was interrupted, exiting. There are 0 tasks remaining in the queue.
2022-01-29 14:08:44,124 [ForkJoinPool.commonPool-worker-1] INFO  segmented.SegmentedRaftLogWorker (SegmentedRaftLogWorker.java:close(237)) - 8545c5c5-b5e9-47ca-bc1f-5971527061fb@group-8EB97CA5EE8A-SegmentedRaftLogWorker close()
2022-01-29 14:08:44,124 [Mini-Cluster-Provider-Reap] INFO  server.GrpcService (GrpcService.java:closeImpl(262)) - 50abeac5-e03b-4859-8e6f-36facfdcbc7f: shutdown server with port 34235 now
2022-01-29 14:08:44,125 [ForkJoinPool.commonPool-worker-1] INFO  server.GrpcService (GrpcService.java:closeImpl(262)) - 8545c5c5-b5e9-47ca-bc1f-5971527061fb: shutdown server with port 34109 now
2022-01-29 14:08:44,129 [grpc-default-executor-3] WARN  server.GrpcServerProtocolService (LogUtils.java:warn(122)) - 50abeac5-e03b-4859-8e6f-36facfdcbc7f: installSnapshot onError, lastRequest: 68ed0467-65e0-4391-af6c-ed8d2f7edd37->50abeac5-e03b-4859-8e6f-36facfdcbc7f#1-t3,previous=(t:0, i:0),leaderCommit=0,initializing? true,entries: size=1, first=(t:3, i:0), CONFIGURATIONENTRY: org.apache.ratis.thirdparty.io.grpc.StatusRuntimeException: CANCELLED: client cancelled
2022-01-29 14:08:44,136 [ReplicationMonitor] INFO  container.ReplicationManager (ReplicationManager.java:processAll(387)) - Replication Monitor Thread took 0 milliseconds for processing 3 containers.
2022-01-29 14:08:44,139 [grpc-default-executor-3] WARN  server.GrpcLogAppender (LogUtils.java:warn(122)) - 68ed0467-65e0-4391-af6c-ed8d2f7edd37@group-EC012D0A90C7->50abeac5-e03b-4859-8e6f-36facfdcbc7f-AppendLogResponseHandler: Failed appendEntries: org.apache.ratis.thirdparty.io.grpc.StatusRuntimeException: CANCELLED: HTTP/2 error code: CANCEL
Received Rst Stream
2022-01-29 14:08:44,139 [grpc-default-executor-3] WARN  server.GrpcLogAppender (GrpcLogAppender.java:resetClient(110)) - 68ed0467-65e0-4391-af6c-ed8d2f7edd37@group-EC012D0A90C7->50abeac5-e03b-4859-8e6f-36facfdcbc7f-GrpcLogAppender: Leader has not got in touch with Follower 68ed0467-65e0-4391-af6c-ed8d2f7edd37@group-EC012D0A90C7->50abeac5-e03b-4859-8e6f-36facfdcbc7f(c0,m0,n1, attendVote=true, lastRpcSendTime=1875, lastRpcResponseTime=1864) yet, just keep nextIndex unchanged and retry.
2022-01-29 14:08:44,140 [grpc-default-executor-2] WARN  server.GrpcServerProtocolService (LogUtils.java:warn(122)) - 8545c5c5-b5e9-47ca-bc1f-5971527061fb: installSnapshot onError, lastRequest: ed3915ba-b68b-45ae-bdb6-9aa431ff8088->8545c5c5-b5e9-47ca-bc1f-5971527061fb#1-t1,previous=(t:0, i:0),leaderCommit=0,initializing? true,entries: size=1, first=(t:1, i:0), CONFIGURATIONENTRY: org.apache.ratis.thirdparty.io.grpc.StatusRuntimeException: CANCELLED: client cancelled
2022-01-29 14:08:44,140 [ForkJoinPool.commonPool-worker-1] INFO  server.GrpcService (GrpcService.java:closeImpl(271)) - 8545c5c5-b5e9-47ca-bc1f-5971527061fb: shutdown server with port 34109 successfully
2022-01-29 14:08:44,140 [org.apache.ratis.util.JvmPauseMonitor$$Lambda$541/969211734@66c3c2df] INFO  util.JvmPauseMonitor (JvmPauseMonitor.java:run(109)) - JvmPauseMonitor-8545c5c5-b5e9-47ca-bc1f-5971527061fb: Stopped
2022-01-29 14:08:44,141 [grpc-default-executor-3] WARN  server.GrpcLogAppender (LogUtils.java:warn(122)) - ed3915ba-b68b-45ae-bdb6-9aa431ff8088@group-1A796A8160C6->8545c5c5-b5e9-47ca-bc1f-5971527061fb-AppendLogResponseHandler: Failed appendEntries: org.apache.ratis.thirdparty.io.grpc.StatusRuntimeException: CANCELLED: HTTP/2 error code: CANCEL
Received Rst Stream
2022-01-29 14:08:44,142 [grpc-default-executor-3] WARN  server.GrpcLogAppender (GrpcLogAppender.java:resetClient(110)) - ed3915ba-b68b-45ae-bdb6-9aa431ff8088@group-1A796A8160C6->8545c5c5-b5e9-47ca-bc1f-5971527061fb-GrpcLogAppender: Leader has not got in touch with Follower ed3915ba-b68b-45ae-bdb6-9aa431ff8088@group-1A796A8160C6->8545c5c5-b5e9-47ca-bc1f-5971527061fb(c0,m0,n1, attendVote=true, lastRpcSendTime=1897, lastRpcResponseTime=1867) yet, just keep nextIndex unchanged and retry.
2022-01-29 14:08:44,142 [Mini-Cluster-Provider-Reap] INFO  server.GrpcService (GrpcService.java:closeImpl(271)) - 50abeac5-e03b-4859-8e6f-36facfdcbc7f: shutdown server with port 34235 successfully
2022-01-29 14:08:44,143 [org.apache.ratis.util.JvmPauseMonitor$$Lambda$541/969211734@4b6c277c] INFO  util.JvmPauseMonitor (JvmPauseMonitor.java:run(109)) - JvmPauseMonitor-50abeac5-e03b-4859-8e6f-36facfdcbc7f: Stopped
2022-01-29 14:08:44,792 [grpc-default-executor-4] WARN  server.GrpcLogAppender (LogUtils.java:warn(122)) - 68ed0467-65e0-4391-af6c-ed8d2f7edd37@group-EC012D0A90C7->50abeac5-e03b-4859-8e6f-36facfdcbc7f-AppendLogResponseHandler: Failed appendEntries: org.apache.ratis.thirdparty.io.grpc.StatusRuntimeException: UNAVAILABLE: io exception
2022-01-29 14:08:44,792 [grpc-default-executor-4] WARN  server.GrpcLogAppender (GrpcLogAppender.java:resetClient(110)) - 68ed0467-65e0-4391-af6c-ed8d2f7edd37@group-EC012D0A90C7->50abeac5-e03b-4859-8e6f-36facfdcbc7f-GrpcLogAppender: Leader has not got in touch with Follower 68ed0467-65e0-4391-af6c-ed8d2f7edd37@group-EC012D0A90C7->50abeac5-e03b-4859-8e6f-36facfdcbc7f(c0,m0,n1, attendVote=true, lastRpcSendTime=7, lastRpcResponseTime=2517) yet, just keep nextIndex unchanged and retry.
2022-01-29 14:08:44,793 [grpc-default-executor-4] WARN  server.GrpcLogAppender (LogUtils.java:warn(122)) - ed3915ba-b68b-45ae-bdb6-9aa431ff8088@group-1A796A8160C6->8545c5c5-b5e9-47ca-bc1f-5971527061fb-AppendLogResponseHandler: Failed appendEntries: org.apache.ratis.thirdparty.io.grpc.StatusRuntimeException: UNAVAILABLE: io exception
2022-01-29 14:08:44,793 [grpc-default-executor-4] WARN  server.GrpcLogAppender (GrpcLogAppender.java:resetClient(110)) - ed3915ba-b68b-45ae-bdb6-9aa431ff8088@group-1A796A8160C6->8545c5c5-b5e9-47ca-bc1f-5971527061fb-GrpcLogAppender: Leader has not got in touch with Follower ed3915ba-b68b-45ae-bdb6-9aa431ff8088@group-1A796A8160C6->8545c5c5-b5e9-47ca-bc1f-5971527061fb(c0,m0,n1, attendVote=true, lastRpcSendTime=1, lastRpcResponseTime=2518) yet, just keep nextIndex unchanged and retry.
2022-01-29 14:08:44,978 [EventQueue-DeadNodeForDeadNodeHandler] INFO  node.DeadNodeHandler (DeadNodeHandler.java:onMessage(80)) - A dead datanode is detected. 8545c5c5-b5e9-47ca-bc1f-5971527061fb{ip: 10.1.0.17, host: fv-az50-163.grzltbmokehuzjyc5b133kdqgh.cx.internal.cloudapp.net, ports: [REPLICATION=42669, RATIS=34109, RATIS_ADMIN=34109, RATIS_SERVER=34109, STANDALONE=44079], networkLocation: /default-rack, certSerialId: null, persistedOpState: IN_SERVICE, persistedOpStateExpiryEpochSec: 0}
2022-01-29 14:08:44,978 [EventQueue-DeadNodeForDeadNodeHandler] INFO  pipeline.RatisPipelineProvider (RatisPipelineProvider.java:lambda$close$1(222)) - Send pipeline:PipelineID=dc3768ee-e735-4548-853b-1a796a8160c6 close command to datanode 8545c5c5-b5e9-47ca-bc1f-5971527061fb
2022-01-29 14:08:44,978 [EventQueue-DeadNodeForDeadNodeHandler] INFO  pipeline.RatisPipelineProvider (RatisPipelineProvider.java:lambda$close$1(222)) - Send pipeline:PipelineID=dc3768ee-e735-4548-853b-1a796a8160c6 close command to datanode 056876ca-3df5-407d-83dd-c1f0976c98ce
2022-01-29 14:08:44,978 [EventQueue-DeadNodeForDeadNodeHandler] INFO  pipeline.RatisPipelineProvider (RatisPipelineProvider.java:lambda$close$1(222)) - Send pipeline:PipelineID=dc3768ee-e735-4548-853b-1a796a8160c6 close command to datanode ed3915ba-b68b-45ae-bdb6-9aa431ff8088
2022-01-29 14:08:44,979 [EventQueue-DeadNodeForDeadNodeHandler] INFO  pipeline.PipelineStateManagerImpl (PipelineStateManagerImpl.java:removePipeline(223)) - Pipeline Pipeline[ Id: dc3768ee-e735-4548-853b-1a796a8160c6, Nodes: 8545c5c5-b5e9-47ca-bc1f-5971527061fb{ip: 10.1.0.17, host: fv-az50-163.grzltbmokehuzjyc5b133kdqgh.cx.internal.cloudapp.net, ports: [REPLICATION=42669, RATIS=34109, RATIS_ADMIN=34109, RATIS_SERVER=34109, STANDALONE=44079], networkLocation: /default-rack, certSerialId: null, persistedOpState: DECOMMISSIONING, persistedOpStateExpiryEpochSec: 0}056876ca-3df5-407d-83dd-c1f0976c98ce{ip: 10.1.0.17, host: fv-az50-163.grzltbmokehuzjyc5b133kdqgh.cx.internal.cloudapp.net, ports: [REPLICATION=46305, RATIS=35493, RATIS_ADMIN=35493, RATIS_SERVER=35493, STANDALONE=36767], networkLocation: /default-rack, certSerialId: null, persistedOpState: IN_SERVICE, persistedOpStateExpiryEpochSec: 0}ed3915ba-b68b-45ae-bdb6-9aa431ff8088{ip: 10.1.0.17, host: fv-az50-163.grzltbmokehuzjyc5b133kdqgh.cx.internal.cloudapp.net, ports: [REPLICATION=42099, RATIS=34273, RATIS_ADMIN=34273, RATIS_SERVER=34273, STANDALONE=43751], networkLocation: /default-rack, certSerialId: null, persistedOpState: IN_SERVICE, persistedOpStateExpiryEpochSec: 0}, ReplicationConfig: RATIS/THREE, State:CLOSED, leaderId:ed3915ba-b68b-45ae-bdb6-9aa431ff8088, CreationTimestamp2022-01-29T14:08:36.108Z[Etc/UTC]] removed.
2022-01-29 14:08:44,979 [EventQueue-DeadNodeForDeadNodeHandler] INFO  pipeline.RatisPipelineProvider (RatisPipelineProvider.java:lambda$close$1(222)) - Send pipeline:PipelineID=1eb5cc71-bfa3-40ea-9ac5-8eb97ca5ee8a close command to datanode 8545c5c5-b5e9-47ca-bc1f-5971527061fb
2022-01-29 14:08:44,979 [EventQueue-DeadNodeForDeadNodeHandler] INFO  pipeline.PipelineStateManagerImpl (PipelineStateManagerImpl.java:removePipeline(223)) - Pipeline Pipeline[ Id: 1eb5cc71-bfa3-40ea-9ac5-8eb97ca5ee8a, Nodes: 8545c5c5-b5e9-47ca-bc1f-5971527061fb{ip: 10.1.0.17, host: fv-az50-163.grzltbmokehuzjyc5b133kdqgh.cx.internal.cloudapp.net, ports: [REPLICATION=42669, RATIS=34109, RATIS_ADMIN=34109, RATIS_SERVER=34109, STANDALONE=44079], networkLocation: /default-rack, certSerialId: null, persistedOpState: DECOMMISSIONING, persistedOpStateExpiryEpochSec: 0}, ReplicationConfig: RATIS/ONE, State:CLOSED, leaderId:8545c5c5-b5e9-47ca-bc1f-5971527061fb, CreationTimestamp2022-01-29T14:08:36.107Z[Etc/UTC]] removed.
2022-01-29 14:08:44,979 [EventQueue-DeadNodeForDeadNodeHandler] INFO  net.NetworkTopologyImpl (NetworkTopologyImpl.java:remove(137)) - Removed a node: /default-rack/8545c5c5-b5e9-47ca-bc1f-5971527061fb
2022-01-29 14:08:44,979 [EventQueue-DeadNodeForDeadNodeHandler] INFO  node.DeadNodeHandler (DeadNodeHandler.java:onMessage(80)) - A dead datanode is detected. 50abeac5-e03b-4859-8e6f-36facfdcbc7f{ip: 10.1.0.17, host: fv-az50-163.grzltbmokehuzjyc5b133kdqgh.cx.internal.cloudapp.net, ports: [REPLICATION=35251, RATIS=34235, RATIS_ADMIN=34235, RATIS_SERVER=34235, STANDALONE=45613], networkLocation: /default-rack, certSerialId: null, persistedOpState: IN_SERVICE, persistedOpStateExpiryEpochSec: 0}
2022-01-29 14:08:44,980 [EventQueue-DeadNodeForDeadNodeHandler] INFO  pipeline.RatisPipelineProvider (RatisPipelineProvider.java:lambda$close$1(222)) - Send pipeline:PipelineID=9c4fdc5a-7404-4f9c-851a-93689369b15a close command to datanode 50abeac5-e03b-4859-8e6f-36facfdcbc7f
2022-01-29 14:08:44,980 [EventQueue-DeadNodeForDeadNodeHandler] INFO  pipeline.PipelineStateManagerImpl (PipelineStateManagerImpl.java:removePipeline(223)) - Pipeline Pipeline[ Id: 9c4fdc5a-7404-4f9c-851a-93689369b15a, Nodes: 50abeac5-e03b-4859-8e6f-36facfdcbc7f{ip: 10.1.0.17, host: fv-az50-163.grzltbmokehuzjyc5b133kdqgh.cx.internal.cloudapp.net, ports: [REPLICATION=35251, RATIS=34235, RATIS_ADMIN=34235, RATIS_SERVER=34235, STANDALONE=45613], networkLocation: /default-rack, certSerialId: null, persistedOpState: IN_SERVICE, persistedOpStateExpiryEpochSec: 0}, ReplicationConfig: RATIS/ONE, State:CLOSED, leaderId:50abeac5-e03b-4859-8e6f-36facfdcbc7f, CreationTimestamp2022-01-29T14:07:58.455Z[Etc/UTC]] removed.
2022-01-29 14:08:44,980 [EventQueue-DeadNodeForDeadNodeHandler] INFO  pipeline.RatisPipelineProvider (RatisPipelineProvider.java:lambda$close$1(222)) - Send pipeline:PipelineID=73f69dd4-4380-44d7-9785-ec012d0a90c7 close command to datanode af1ffa57-b6e4-429d-a4be-68c5e552e937
2022-01-29 14:08:44,980 [EventQueue-DeadNodeForDeadNodeHandler] INFO  pipeline.RatisPipelineProvider (RatisPipelineProvider.java:lambda$close$1(222)) - Send pipeline:PipelineID=73f69dd4-4380-44d7-9785-ec012d0a90c7 close command to datanode 68ed0467-65e0-4391-af6c-ed8d2f7edd37
2022-01-29 14:08:44,980 [EventQueue-DeadNodeForDeadNodeHandler] INFO  pipeline.RatisPipelineProvider (RatisPipelineProvider.java:lambda$close$1(222)) - Send pipeline:PipelineID=73f69dd4-4380-44d7-9785-ec012d0a90c7 close command to datanode 50abeac5-e03b-4859-8e6f-36facfdcbc7f
2022-01-29 14:08:44,980 [EventQueue-DeadNodeForDeadNodeHandler] INFO  pipeline.PipelineStateManagerImpl (PipelineStateManagerImpl.java:removePipeline(223)) - Pipeline Pipeline[ Id: 73f69dd4-4380-44d7-9785-ec012d0a90c7, Nodes: af1ffa57-b6e4-429d-a4be-68c5e552e937{ip: 10.1.0.17, host: fv-az50-163.grzltbmokehuzjyc5b133kdqgh.cx.internal.cloudapp.net, ports: [REPLICATION=40849, RATIS=32791, RATIS_ADMIN=32791, RATIS_SERVER=32791, STANDALONE=42311], networkLocation: /default-rack, certSerialId: null, persistedOpState: IN_SERVICE, persistedOpStateExpiryEpochSec: 0}68ed0467-65e0-4391-af6c-ed8d2f7edd37{ip: 10.1.0.17, host: fv-az50-163.grzltbmokehuzjyc5b133kdqgh.cx.internal.cloudapp.net, ports: [REPLICATION=40667, RATIS=41665, RATIS_ADMIN=41665, RATIS_SERVER=41665, STANDALONE=37131], networkLocation: /default-rack, certSerialId: null, persistedOpState: IN_SERVICE, persistedOpStateExpiryEpochSec: 0}50abeac5-e03b-4859-8e6f-36facfdcbc7f{ip: 10.1.0.17, host: fv-az50-163.grzltbmokehuzjyc5b133kdqgh.cx.internal.cloudapp.net, ports: [REPLICATION=35251, RATIS=34235, RATIS_ADMIN=34235, RATIS_SERVER=34235, STANDALONE=45613], networkLocation: /default-rack, certSerialId: null, persistedOpState: IN_SERVICE, persistedOpStateExpiryEpochSec: 0}, ReplicationConfig: RATIS/THREE, State:CLOSED, leaderId:68ed0467-65e0-4391-af6c-ed8d2f7edd37, CreationTimestamp2022-01-29T14:07:58.874Z[Etc/UTC]] removed.
2022-01-29 14:08:44,981 [EventQueue-DeadNodeForDeadNodeHandler] INFO  net.NetworkTopologyImpl (NetworkTopologyImpl.java:remove(137)) - Removed a node: /default-rack/50abeac5-e03b-4859-8e6f-36facfdcbc7f
2022-01-29 14:08:45,090 [EventQueue-PipelineReportForPipelineReportHandler] INFO  pipeline.PipelineReportHandler (PipelineReportHandler.java:processPipelineReport(113)) - Reported pipeline PipelineID=73f69dd4-4380-44d7-9785-ec012d0a90c7 is not found
2022-01-29 14:08:45,145 [ReplicationMonitor] INFO  container.ReplicationManager (ReplicationManager.java:handleUnderReplicatedContainer(1224)) - Container #1 is under replicated. Expected replica count is 3, but found 1.
2022-01-29 14:08:45,146 [ReplicationMonitor] INFO  container.ReplicationManager (ReplicationManager.java:sendReplicateCommand(1578)) - Sending replicate container command for container #1 to datanode af1ffa57-b6e4-429d-a4be-68c5e552e937{ip: 10.1.0.17, host: fv-az50-163.grzltbmokehuzjyc5b133kdqgh.cx.internal.cloudapp.net, ports: [REPLICATION=40849, RATIS=32791, RATIS_ADMIN=32791, RATIS_SERVER=32791, STANDALONE=42311], networkLocation: /default-rack, certSerialId: null, persistedOpState: IN_SERVICE, persistedOpStateExpiryEpochSec: 0} from datanodes [056876ca-3df5-407d-83dd-c1f0976c98ce{ip: 10.1.0.17, host: fv-az50-163.grzltbmokehuzjyc5b133kdqgh.cx.internal.cloudapp.net, ports: [REPLICATION=46305, RATIS=35493, RATIS_ADMIN=35493, RATIS_SERVER=35493, STANDALONE=36767], networkLocation: /default-rack, certSerialId: null, persistedOpState: IN_SERVICE, persistedOpStateExpiryEpochSec: 0}]
2022-01-29 14:08:45,146 [ReplicationMonitor] INFO  container.ReplicationManager (ReplicationManager.java:sendReplicateCommand(1578)) - Sending replicate container command for container #1 to datanode ed3915ba-b68b-45ae-bdb6-9aa431ff8088{ip: 10.1.0.17, host: fv-az50-163.grzltbmokehuzjyc5b133kdqgh.cx.internal.cloudapp.net, ports: [REPLICATION=42099, RATIS=34273, RATIS_ADMIN=34273, RATIS_SERVER=34273, STANDALONE=43751], networkLocation: /default-rack, certSerialId: null, persistedOpState: IN_SERVICE, persistedOpStateExpiryEpochSec: 0} from datanodes [056876ca-3df5-407d-83dd-c1f0976c98ce{ip: 10.1.0.17, host: fv-az50-163.grzltbmokehuzjyc5b133kdqgh.cx.internal.cloudapp.net, ports: [REPLICATION=46305, RATIS=35493, RATIS_ADMIN=35493, RATIS_SERVER=35493, STANDALONE=36767], networkLocation: /default-rack, certSerialId: null, persistedOpState: IN_SERVICE, persistedOpStateExpiryEpochSec: 0}]
2022-01-29 14:08:45,146 [ReplicationMonitor] INFO  container.ReplicationManager (ReplicationManager.java:handleUnderReplicatedContainer(1224)) - Container #2 is under replicated. Expected replica count is 3, but found 2.
2022-01-29 14:08:45,146 [ReplicationMonitor] INFO  container.ReplicationManager (ReplicationManager.java:sendReplicateCommand(1578)) - Sending replicate container command for container #2 to datanode 68ed0467-65e0-4391-af6c-ed8d2f7edd37{ip: 10.1.0.17, host: fv-az50-163.grzltbmokehuzjyc5b133kdqgh.cx.internal.cloudapp.net, ports: [REPLICATION=40667, RATIS=41665, RATIS_ADMIN=41665, RATIS_SERVER=41665, STANDALONE=37131], networkLocation: /default-rack, certSerialId: null, persistedOpState: IN_SERVICE, persistedOpStateExpiryEpochSec: 0} from datanodes [056876ca-3df5-407d-83dd-c1f0976c98ce{ip: 10.1.0.17, host: fv-az50-163.grzltbmokehuzjyc5b133kdqgh.cx.internal.cloudapp.net, ports: [REPLICATION=46305, RATIS=35493, RATIS_ADMIN=35493, RATIS_SERVER=35493, STANDALONE=36767], networkLocation: /default-rack, certSerialId: null, persistedOpState: IN_SERVICE, persistedOpStateExpiryEpochSec: 0}, ed3915ba-b68b-45ae-bdb6-9aa431ff8088{ip: 10.1.0.17, host: fv-az50-163.grzltbmokehuzjyc5b133kdqgh.cx.internal.cloudapp.net, ports: [REPLICATION=42099, RATIS=34273, RATIS_ADMIN=34273, RATIS_SERVER=34273, STANDALONE=43751], networkLocation: /default-rack, certSerialId: null, persistedOpState: IN_SERVICE, persistedOpStateExpiryEpochSec: 0}]
2022-01-29 14:08:45,146 [ReplicationMonitor] INFO  container.ReplicationManager (ReplicationManager.java:handleUnderReplicatedContainer(1224)) - Container #3 is under replicated. Expected replica count is 3, but found 2.
2022-01-29 14:08:45,146 [ReplicationMonitor] INFO  container.ReplicationManager (ReplicationManager.java:sendReplicateCommand(1578)) - Sending replicate container command for container #3 to datanode ed3915ba-b68b-45ae-bdb6-9aa431ff8088{ip: 10.1.0.17, host: fv-az50-163.grzltbmokehuzjyc5b133kdqgh.cx.internal.cloudapp.net, ports: [REPLICATION=42099, RATIS=34273, RATIS_ADMIN=34273, RATIS_SERVER=34273, STANDALONE=43751], networkLocation: /default-rack, certSerialId: null, persistedOpState: IN_SERVICE, persistedOpStateExpiryEpochSec: 0} from datanodes [af1ffa57-b6e4-429d-a4be-68c5e552e937{ip: 10.1.0.17, host: fv-az50-163.grzltbmokehuzjyc5b133kdqgh.cx.internal.cloudapp.net, ports: [REPLICATION=40849, RATIS=32791, RATIS_ADMIN=32791, RATIS_SERVER=32791, STANDALONE=42311], networkLocation: /default-rack, certSerialId: null, persistedOpState: IN_SERVICE, persistedOpStateExpiryEpochSec: 0}, 056876ca-3df5-407d-83dd-c1f0976c98ce{ip: 10.1.0.17, host: fv-az50-163.grzltbmokehuzjyc5b133kdqgh.cx.internal.cloudapp.net, ports: [REPLICATION=46305, RATIS=35493, RATIS_ADMIN=35493, RATIS_SERVER=35493, STANDALONE=36767], networkLocation: /default-rack, certSerialId: null, persistedOpState: IN_SERVICE, persistedOpStateExpiryEpochSec: 0}]
2022-01-29 14:08:45,146 [ReplicationMonitor] INFO  container.ReplicationManager (ReplicationManager.java:processAll(387)) - Replication Monitor Thread took 1 milliseconds for processing 3 containers.
2022-01-29 14:08:45,219 [EventQueue-PipelineReportForPipelineReportHandler] INFO  pipeline.PipelineReportHandler (PipelineReportHandler.java:processPipelineReport(113)) - Reported pipeline PipelineID=dc3768ee-e735-4548-853b-1a796a8160c6 is not found
2022-01-29 14:08:46,089 [EventQueue-PipelineReportForPipelineReportHandler] INFO  pipeline.PipelineReportHandler (PipelineReportHandler.java:processPipelineReport(113)) - Reported pipeline PipelineID=73f69dd4-4380-44d7-9785-ec012d0a90c7 is not found
2022-01-29 14:08:46,147 [ReplicationMonitor] INFO  container.ReplicationManager (ReplicationManager.java:processAll(387)) - Replication Monitor Thread took 0 milliseconds for processing 3 containers.
2022-01-29 14:08:46,182 [ForkJoinPool.commonPool-worker-1] INFO  utils.BackgroundService (BackgroundService.java:shutdown(132)) - Shutting down service BlockDeletingService
2022-01-29 14:08:46,184 [Mini-Cluster-Provider-Reap] INFO  utils.BackgroundService (BackgroundService.java:shutdown(132)) - Shutting down service BlockDeletingService
2022-01-29 14:08:46,214 [Command processor thread] INFO  server.RaftServer (RaftServerProxy.java:remove(106)) - 056876ca-3df5-407d-83dd-c1f0976c98ce: remove  FOLLOWER 056876ca-3df5-407d-83dd-c1f0976c98ce@group-1A796A8160C6:t1, leader=ed3915ba-b68b-45ae-bdb6-9aa431ff8088, voted=ed3915ba-b68b-45ae-bdb6-9aa431ff8088, raftlog=056876ca-3df5-407d-83dd-c1f0976c98ce@group-1A796A8160C6-SegmentedRaftLog:OPENED:c0, conf=0: [ed3915ba-b68b-45ae-bdb6-9aa431ff8088|rpc:10.1.0.17:34273|dataStream:|priority:1, 8545c5c5-b5e9-47ca-bc1f-5971527061fb|rpc:10.1.0.17:34109|dataStream:|priority:0, 056876ca-3df5-407d-83dd-c1f0976c98ce|rpc:10.1.0.17:35493|dataStream:|priority:0], old=null RUNNING
2022-01-29 14:08:46,214 [Command processor thread] INFO  server.RaftServer$Division (RaftServerImpl.java:lambda$close$4(412)) - 056876ca-3df5-407d-83dd-c1f0976c98ce@group-1A796A8160C6: shutdown
2022-01-29 14:08:46,215 [Command processor thread] INFO  util.JmxRegister (JmxRegister.java:unregister(73)) - Successfully un-registered JMX Bean with object name Ratis:service=RaftServer,group=group-1A796A8160C6,id=056876ca-3df5-407d-83dd-c1f0976c98ce
2022-01-29 14:08:46,215 [Command processor thread] INFO  impl.RoleInfo (RoleInfo.java:shutdownFollowerState(108)) - 056876ca-3df5-407d-83dd-c1f0976c98ce: shutdown 056876ca-3df5-407d-83dd-c1f0976c98ce@group-1A796A8160C6-FollowerState
2022-01-29 14:08:46,215 [Command processor thread] INFO  impl.StateMachineUpdater (StateMachineUpdater.java:stopAndJoin(149)) - 056876ca-3df5-407d-83dd-c1f0976c98ce@group-1A796A8160C6-StateMachineUpdater: set stopIndex = 0
2022-01-29 14:08:46,216 [056876ca-3df5-407d-83dd-c1f0976c98ce@group-1A796A8160C6-StateMachineUpdater] INFO  ratis.ContainerStateMachine (ContainerStateMachine.java:takeSnapshot(299)) - group-1A796A8160C6: Taking a snapshot at:(t:1, i:0) file /home/runner/work/ozone/ozone/hadoop-ozone/integration-test/target/test-dir/MiniOzoneClusterImpl-90535881-e8e0-4c69-8fd5-53d51f86d896/datanode-2/data/ratis/dc3768ee-e735-4548-853b-1a796a8160c6/sm/snapshot.1_0
2022-01-29 14:08:46,215 [EventQueue-PipelineReportForPipelineReportHandler] INFO  pipeline.PipelineReportHandler (PipelineReportHandler.java:processPipelineReport(113)) - Reported pipeline PipelineID=dc3768ee-e735-4548-853b-1a796a8160c6 is not found
2022-01-29 14:08:46,216 [056876ca-3df5-407d-83dd-c1f0976c98ce@group-1A796A8160C6-FollowerState] INFO  impl.FollowerState (FollowerState.java:run(143)) - 056876ca-3df5-407d-83dd-c1f0976c98ce@group-1A796A8160C6-FollowerState was interrupted: {}
java.lang.InterruptedException: sleep interrupted
	at java.lang.Thread.sleep(Native Method)
	at java.lang.Thread.sleep(Thread.java:340)
	at java.util.concurrent.TimeUnit.sleep(TimeUnit.java:386)
	at org.apache.ratis.util.TimeDuration.sleep(TimeDuration.java:324)
	at org.apache.ratis.util.TimeDuration.sleep(TimeDuration.java:309)
	at org.apache.ratis.server.impl.FollowerState.run(FollowerState.java:118)
2022-01-29 14:08:46,220 [EventQueue-PipelineReportForPipelineReportHandler] INFO  pipeline.PipelineReportHandler (PipelineReportHandler.java:processPipelineReport(113)) - Reported pipeline PipelineID=dc3768ee-e735-4548-853b-1a796a8160c6 is not found
2022-01-29 14:08:46,230 [Command processor thread] INFO  server.RaftServer (RaftServerProxy.java:remove(106)) - ed3915ba-b68b-45ae-bdb6-9aa431ff8088: remove    LEADER ed3915ba-b68b-45ae-bdb6-9aa431ff8088@group-1A796A8160C6:t1, leader=ed3915ba-b68b-45ae-bdb6-9aa431ff8088, voted=ed3915ba-b68b-45ae-bdb6-9aa431ff8088, raftlog=ed3915ba-b68b-45ae-bdb6-9aa431ff8088@group-1A796A8160C6-SegmentedRaftLog:OPENED:c0, conf=0: [ed3915ba-b68b-45ae-bdb6-9aa431ff8088|rpc:10.1.0.17:34273|dataStream:|priority:1, 8545c5c5-b5e9-47ca-bc1f-5971527061fb|rpc:10.1.0.17:34109|dataStream:|priority:0, 056876ca-3df5-407d-83dd-c1f0976c98ce|rpc:10.1.0.17:35493|dataStream:|priority:0], old=null RUNNING
2022-01-29 14:08:46,230 [Command processor thread] INFO  server.RaftServer$Division (RaftServerImpl.java:lambda$close$4(412)) - ed3915ba-b68b-45ae-bdb6-9aa431ff8088@group-1A796A8160C6: shutdown
2022-01-29 14:08:46,230 [Command processor thread] INFO  util.JmxRegister (JmxRegister.java:unregister(73)) - Successfully un-registered JMX Bean with object name Ratis:service=RaftServer,group=group-1A796A8160C6,id=ed3915ba-b68b-45ae-bdb6-9aa431ff8088
2022-01-29 14:08:46,230 [Command processor thread] INFO  impl.RoleInfo (RoleInfo.java:shutdownLeaderState(91)) - ed3915ba-b68b-45ae-bdb6-9aa431ff8088: shutdown ed3915ba-b68b-45ae-bdb6-9aa431ff8088@group-1A796A8160C6-LeaderStateImpl
2022-01-29 14:08:46,230 [Command processor thread] INFO  impl.PendingRequests (PendingRequests.java:sendNotLeaderResponses(282)) - ed3915ba-b68b-45ae-bdb6-9aa431ff8088@group-1A796A8160C6-PendingRequests: sendNotLeaderResponses
2022-01-29 14:08:46,230 [ed3915ba-b68b-45ae-bdb6-9aa431ff8088@group-1A796A8160C6->056876ca-3df5-407d-83dd-c1f0976c98ce-GrpcLogAppender-LogAppenderDaemon] WARN  server.GrpcLogAppender (GrpcLogAppender.java:mayWait(177)) - ed3915ba-b68b-45ae-bdb6-9aa431ff8088@group-1A796A8160C6->056876ca-3df5-407d-83dd-c1f0976c98ce-GrpcLogAppender: Wait interrupted by java.lang.InterruptedException
2022-01-29 14:08:46,231 [Command processor thread] INFO  impl.StateMachineUpdater (StateMachineUpdater.java:stopAndJoin(149)) - ed3915ba-b68b-45ae-bdb6-9aa431ff8088@group-1A796A8160C6-StateMachineUpdater: set stopIndex = 0
2022-01-29 14:08:46,231 [056876ca-3df5-407d-83dd-c1f0976c98ce@group-1A796A8160C6-StateMachineUpdater] INFO  ratis.ContainerStateMachine (ContainerStateMachine.java:takeSnapshot(310)) - group-1A796A8160C6: Finished taking a snapshot at:(t:1, i:0) file:/home/runner/work/ozone/ozone/hadoop-ozone/integration-test/target/test-dir/MiniOzoneClusterImpl-90535881-e8e0-4c69-8fd5-53d51f86d896/datanode-2/data/ratis/dc3768ee-e735-4548-853b-1a796a8160c6/sm/snapshot.1_0 took: 15 ms
2022-01-29 14:08:46,232 [056876ca-3df5-407d-83dd-c1f0976c98ce@group-1A796A8160C6-StateMachineUpdater] INFO  impl.StateMachineUpdater (StateMachineUpdater.java:takeSnapshot(281)) - 056876ca-3df5-407d-83dd-c1f0976c98ce@group-1A796A8160C6-StateMachineUpdater: Took a snapshot at index 0
2022-01-29 14:08:46,245 [056876ca-3df5-407d-83dd-c1f0976c98ce@group-1A796A8160C6-StateMachineUpdater] INFO  impl.StateMachineUpdater (StateMachineUpdater.java:lambda$new$0(89)) - 056876ca-3df5-407d-83dd-c1f0976c98ce@group-1A796A8160C6-StateMachineUpdater: snapshotIndex: updateIncreasingly -1 -> 0
2022-01-29 14:08:46,245 [Command processor thread] INFO  server.RaftServer$Division (ServerState.java:close(419)) - 056876ca-3df5-407d-83dd-c1f0976c98ce@group-1A796A8160C6: closes. applyIndex: 0
2022-01-29 14:08:46,246 [056876ca-3df5-407d-83dd-c1f0976c98ce@group-1A796A8160C6-SegmentedRaftLogWorker] INFO  segmented.SegmentedRaftLogWorker (SegmentedRaftLogWorker.java:run(327)) - 056876ca-3df5-407d-83dd-c1f0976c98ce@group-1A796A8160C6-SegmentedRaftLogWorker was interrupted, exiting. There are 0 tasks remaining in the queue.
2022-01-29 14:08:46,246 [Command processor thread] INFO  segmented.SegmentedRaftLogWorker (SegmentedRaftLogWorker.java:close(237)) - 056876ca-3df5-407d-83dd-c1f0976c98ce@group-1A796A8160C6-SegmentedRaftLogWorker close()
2022-01-29 14:08:46,243 [grpc-default-executor-3] INFO  server.GrpcServerProtocolService (GrpcServerProtocolService.java:onCompleted(140)) - 056876ca-3df5-407d-83dd-c1f0976c98ce: Completed APPEND_ENTRIES, lastRequest: ed3915ba-b68b-45ae-bdb6-9aa431ff8088->056876ca-3df5-407d-83dd-c1f0976c98ce#1-t1,previous=(t:0, i:0),leaderCommit=-1,initializing? true,entries: size=1, first=(t:1, i:0), CONFIGURATIONENTRY
2022-01-29 14:08:46,242 [ed3915ba-b68b-45ae-bdb6-9aa431ff8088@group-1A796A8160C6-StateMachineUpdater] INFO  ratis.ContainerStateMachine (ContainerStateMachine.java:takeSnapshot(299)) - group-1A796A8160C6: Taking a snapshot at:(t:1, i:0) file /home/runner/work/ozone/ozone/hadoop-ozone/integration-test/target/test-dir/MiniOzoneClusterImpl-90535881-e8e0-4c69-8fd5-53d51f86d896/datanode-0/data/ratis/dc3768ee-e735-4548-853b-1a796a8160c6/sm/snapshot.1_0
2022-01-29 14:08:46,248 [Command processor thread] INFO  server.RaftServer$Division (RaftServerImpl.java:groupRemove(382)) - 056876ca-3df5-407d-83dd-c1f0976c98ce@group-1A796A8160C6: Succeed to remove RaftStorageDirectory Storage Directory /home/runner/work/ozone/ozone/hadoop-ozone/integration-test/target/test-dir/MiniOzoneClusterImpl-90535881-e8e0-4c69-8fd5-53d51f86d896/datanode-2/data/ratis/dc3768ee-e735-4548-853b-1a796a8160c6
2022-01-29 14:08:46,250 [Command processor thread] INFO  commandhandler.ClosePipelineCommandHandler (ClosePipelineCommandHandler.java:handle(78)) - Close Pipeline PipelineID=dc3768ee-e735-4548-853b-1a796a8160c6 command on datanode 056876ca-3df5-407d-83dd-c1f0976c98ce.
2022-01-29 14:08:46,250 [grpc-default-executor-4] INFO  server.GrpcLogAppender (GrpcLogAppender.java:onCompleted(346)) - ed3915ba-b68b-45ae-bdb6-9aa431ff8088@group-1A796A8160C6->056876ca-3df5-407d-83dd-c1f0976c98ce-AppendLogResponseHandler: follower responses appendEntries COMPLETED
2022-01-29 14:08:46,250 [grpc-default-executor-4] INFO  leader.FollowerInfo (FollowerInfoImpl.java:lambda$new$0(47)) - ed3915ba-b68b-45ae-bdb6-9aa431ff8088@group-1A796A8160C6->056876ca-3df5-407d-83dd-c1f0976c98ce: nextIndex: updateUnconditionally 1 -> 0
2022-01-29 14:08:46,265 [ed3915ba-b68b-45ae-bdb6-9aa431ff8088@group-1A796A8160C6-StateMachineUpdater] INFO  ratis.ContainerStateMachine (ContainerStateMachine.java:takeSnapshot(310)) - group-1A796A8160C6: Finished taking a snapshot at:(t:1, i:0) file:/home/runner/work/ozone/ozone/hadoop-ozone/integration-test/target/test-dir/MiniOzoneClusterImpl-90535881-e8e0-4c69-8fd5-53d51f86d896/datanode-0/data/ratis/dc3768ee-e735-4548-853b-1a796a8160c6/sm/snapshot.1_0 took: 22 ms
2022-01-29 14:08:46,265 [ed3915ba-b68b-45ae-bdb6-9aa431ff8088@group-1A796A8160C6-StateMachineUpdater] INFO  impl.StateMachineUpdater (StateMachineUpdater.java:takeSnapshot(281)) - ed3915ba-b68b-45ae-bdb6-9aa431ff8088@group-1A796A8160C6-StateMachineUpdater: Took a snapshot at index 0
2022-01-29 14:08:46,265 [ed3915ba-b68b-45ae-bdb6-9aa431ff8088@group-1A796A8160C6-StateMachineUpdater] INFO  impl.StateMachineUpdater (StateMachineUpdater.java:lambda$new$0(89)) - ed3915ba-b68b-45ae-bdb6-9aa431ff8088@group-1A796A8160C6-StateMachineUpdater: snapshotIndex: updateIncreasingly -1 -> 0
2022-01-29 14:08:46,265 [Command processor thread] INFO  server.RaftServer$Division (ServerState.java:close(419)) - ed3915ba-b68b-45ae-bdb6-9aa431ff8088@group-1A796A8160C6: closes. applyIndex: 0
2022-01-29 14:08:46,265 [ed3915ba-b68b-45ae-bdb6-9aa431ff8088@group-1A796A8160C6-SegmentedRaftLogWorker] INFO  segmented.SegmentedRaftLogWorker (SegmentedRaftLogWorker.java:run(327)) - ed3915ba-b68b-45ae-bdb6-9aa431ff8088@group-1A796A8160C6-SegmentedRaftLogWorker was interrupted, exiting. There are 0 tasks remaining in the queue.
2022-01-29 14:08:46,266 [Command processor thread] INFO  segmented.SegmentedRaftLogWorker (SegmentedRaftLogWorker.java:close(237)) - ed3915ba-b68b-45ae-bdb6-9aa431ff8088@group-1A796A8160C6-SegmentedRaftLogWorker close()
2022-01-29 14:08:46,267 [Command processor thread] INFO  server.RaftServer$Division (RaftServerImpl.java:groupRemove(382)) - ed3915ba-b68b-45ae-bdb6-9aa431ff8088@group-1A796A8160C6: Succeed to remove RaftStorageDirectory Storage Directory /home/runner/work/ozone/ozone/hadoop-ozone/integration-test/target/test-dir/MiniOzoneClusterImpl-90535881-e8e0-4c69-8fd5-53d51f86d896/datanode-0/data/ratis/dc3768ee-e735-4548-853b-1a796a8160c6
2022-01-29 14:08:46,267 [Command processor thread] INFO  commandhandler.ClosePipelineCommandHandler (ClosePipelineCommandHandler.java:handle(78)) - Close Pipeline PipelineID=dc3768ee-e735-4548-853b-1a796a8160c6 command on datanode ed3915ba-b68b-45ae-bdb6-9aa431ff8088.
2022-01-29 14:08:46,269 [ContainerReplicationThread-0] INFO  replication.DownloadAndImportReplicator (DownloadAndImportReplicator.java:replicate(105)) - Starting replication of container 1 from [056876ca-3df5-407d-83dd-c1f0976c98ce{ip: 10.1.0.17, host: fv-az50-163.grzltbmokehuzjyc5b133kdqgh.cx.internal.cloudapp.net, ports: [REPLICATION=46305, RATIS=35493, RATIS_ADMIN=35493, RATIS_SERVER=35493, STANDALONE=36767], networkLocation: /default-rack, certSerialId: null, persistedOpState: IN_SERVICE, persistedOpStateExpiryEpochSec: 0}]
2022-01-29 14:08:46,290 [ContainerReplicationThread-1] INFO  replication.DownloadAndImportReplicator (DownloadAndImportReplicator.java:replicate(105)) - Starting replication of container 3 from [af1ffa57-b6e4-429d-a4be-68c5e552e937{ip: 10.1.0.17, host: fv-az50-163.grzltbmokehuzjyc5b133kdqgh.cx.internal.cloudapp.net, ports: [REPLICATION=40849, RATIS=32791, RATIS_ADMIN=32791, RATIS_SERVER=32791, STANDALONE=42311], networkLocation: /default-rack, certSerialId: null, persistedOpState: IN_SERVICE, persistedOpStateExpiryEpochSec: 0}, 056876ca-3df5-407d-83dd-c1f0976c98ce{ip: 10.1.0.17, host: fv-az50-163.grzltbmokehuzjyc5b133kdqgh.cx.internal.cloudapp.net, ports: [REPLICATION=46305, RATIS=35493, RATIS_ADMIN=35493, RATIS_SERVER=35493, STANDALONE=36767], networkLocation: /default-rack, certSerialId: null, persistedOpState: IN_SERVICE, persistedOpStateExpiryEpochSec: 0}]
2022-01-29 14:08:46,291 [grpc-default-executor-3] INFO  replication.GrpcReplicationService (GrpcReplicationService.java:download(52)) - Streaming container data (1) to other datanode
2022-01-29 14:08:46,311 [grpc-default-executor-4] INFO  replication.GrpcReplicationService (GrpcReplicationService.java:download(52)) - Streaming container data (3) to other datanode
2022-01-29 14:08:46,317 [grpc-default-executor-3] INFO  replication.GrpcOutputStream (GrpcOutputStream.java:close(104)) - Sent 11557 bytes for container 1
2022-01-29 14:08:46,318 [grpc-default-executor-2] INFO  replication.GrpcReplicationClient (GrpcReplicationClient.java:onCompleted(197)) - Container 1 is downloaded to /home/runner/work/ozone/ozone/hadoop-ozone/integration-test/target/test-dir/MiniOzoneClusterImpl-90535881-e8e0-4c69-8fd5-53d51f86d896/datanode-0/data/replication/work/container-1.tar.gz
2022-01-29 14:08:46,327 [ContainerReplicationThread-0] INFO  replication.DownloadAndImportReplicator (DownloadAndImportReplicator.java:replicate(117)) - Container 1 is downloaded with size 11557, starting to import.
2022-01-29 14:08:46,433 [grpc-default-executor-4] INFO  replication.GrpcOutputStream (GrpcOutputStream.java:close(104)) - Sent 18471 bytes for container 3
2022-01-29 14:08:46,436 [ContainerReplicationThread-0] INFO  replication.DownloadAndImportReplicator (DownloadAndImportReplicator.java:replicate(122)) - Container 1 is replicated successfully
2022-01-29 14:08:46,436 [ContainerReplicationThread-0] INFO  replication.ReplicationSupervisor (ReplicationSupervisor.java:run(176)) - Container 1 is replicated.
2022-01-29 14:08:46,450 [grpc-default-executor-2] INFO  replication.GrpcReplicationClient (GrpcReplicationClient.java:onCompleted(197)) - Container 3 is downloaded to /home/runner/work/ozone/ozone/hadoop-ozone/integration-test/target/test-dir/MiniOzoneClusterImpl-90535881-e8e0-4c69-8fd5-53d51f86d896/datanode-0/data/replication/work/container-3.tar.gz
2022-01-29 14:08:46,452 [ContainerReplicationThread-1] INFO  replication.DownloadAndImportReplicator (DownloadAndImportReplicator.java:replicate(117)) - Container 3 is downloaded with size 18471, starting to import.
2022-01-29 14:08:46,544 [ContainerReplicationThread-1] INFO  replication.DownloadAndImportReplicator (DownloadAndImportReplicator.java:replicate(122)) - Container 3 is replicated successfully
2022-01-29 14:08:46,544 [ContainerReplicationThread-1] INFO  replication.ReplicationSupervisor (ReplicationSupervisor.java:run(176)) - Container 3 is replicated.
2022-01-29 14:08:46,889 [EventQueue-PipelineReportForPipelineReportHandler] INFO  pipeline.PipelineReportHandler (PipelineReportHandler.java:processPipelineReport(113)) - Reported pipeline PipelineID=73f69dd4-4380-44d7-9785-ec012d0a90c7 is not found
2022-01-29 14:08:47,087 [Command processor thread] INFO  server.RaftServer (RaftServerProxy.java:remove(106)) - af1ffa57-b6e4-429d-a4be-68c5e552e937: remove  FOLLOWER af1ffa57-b6e4-429d-a4be-68c5e552e937@group-EC012D0A90C7:t3, leader=68ed0467-65e0-4391-af6c-ed8d2f7edd37, voted=af1ffa57-b6e4-429d-a4be-68c5e552e937, raftlog=af1ffa57-b6e4-429d-a4be-68c5e552e937@group-EC012D0A90C7-SegmentedRaftLog:OPENED:c0, conf=0: [af1ffa57-b6e4-429d-a4be-68c5e552e937|rpc:10.1.0.17:32791|dataStream:|priority:0, 68ed0467-65e0-4391-af6c-ed8d2f7edd37|rpc:10.1.0.17:41665|dataStream:|priority:1, 50abeac5-e03b-4859-8e6f-36facfdcbc7f|rpc:10.1.0.17:34235|dataStream:|priority:0], old=null RUNNING
2022-01-29 14:08:47,087 [Command processor thread] INFO  server.RaftServer$Division (RaftServerImpl.java:lambda$close$4(412)) - af1ffa57-b6e4-429d-a4be-68c5e552e937@group-EC012D0A90C7: shutdown
2022-01-29 14:08:47,087 [Command processor thread] INFO  util.JmxRegister (JmxRegister.java:unregister(73)) - Successfully un-registered JMX Bean with object name Ratis:service=RaftServer,group=group-EC012D0A90C7,id=af1ffa57-b6e4-429d-a4be-68c5e552e937
2022-01-29 14:08:47,087 [Command processor thread] INFO  impl.RoleInfo (RoleInfo.java:shutdownFollowerState(108)) - af1ffa57-b6e4-429d-a4be-68c5e552e937: shutdown af1ffa57-b6e4-429d-a4be-68c5e552e937@group-EC012D0A90C7-FollowerState
2022-01-29 14:08:47,087 [Command processor thread] INFO  impl.StateMachineUpdater (StateMachineUpdater.java:stopAndJoin(149)) - af1ffa57-b6e4-429d-a4be-68c5e552e937@group-EC012D0A90C7-StateMachineUpdater: set stopIndex = 0
2022-01-29 14:08:47,088 [af1ffa57-b6e4-429d-a4be-68c5e552e937@group-EC012D0A90C7-FollowerState] INFO  impl.FollowerState (FollowerState.java:run(143)) - af1ffa57-b6e4-429d-a4be-68c5e552e937@group-EC012D0A90C7-FollowerState was interrupted: {}
java.lang.InterruptedException: sleep interrupted
	at java.lang.Thread.sleep(Native Method)
	at java.lang.Thread.sleep(Thread.java:340)
	at java.util.concurrent.TimeUnit.sleep(TimeUnit.java:386)
	at org.apache.ratis.util.TimeDuration.sleep(TimeDuration.java:324)
	at org.apache.ratis.util.TimeDuration.sleep(TimeDuration.java:309)
	at org.apache.ratis.server.impl.FollowerState.run(FollowerState.java:118)
2022-01-29 14:08:47,089 [af1ffa57-b6e4-429d-a4be-68c5e552e937@group-EC012D0A90C7-StateMachineUpdater] INFO  ratis.ContainerStateMachine (ContainerStateMachine.java:takeSnapshot(299)) - group-EC012D0A90C7: Taking a snapshot at:(t:3, i:0) file /home/runner/work/ozone/ozone/hadoop-ozone/integration-test/target/test-dir/MiniOzoneClusterImpl-90535881-e8e0-4c69-8fd5-53d51f86d896/datanode-5/data/ratis/73f69dd4-4380-44d7-9785-ec012d0a90c7/sm/snapshot.3_0
2022-01-29 14:08:47,092 [af1ffa57-b6e4-429d-a4be-68c5e552e937@group-EC012D0A90C7-StateMachineUpdater] INFO  ratis.ContainerStateMachine (ContainerStateMachine.java:takeSnapshot(310)) - group-EC012D0A90C7: Finished taking a snapshot at:(t:3, i:0) file:/home/runner/work/ozone/ozone/hadoop-ozone/integration-test/target/test-dir/MiniOzoneClusterImpl-90535881-e8e0-4c69-8fd5-53d51f86d896/datanode-5/data/ratis/73f69dd4-4380-44d7-9785-ec012d0a90c7/sm/snapshot.3_0 took: 3 ms
2022-01-29 14:08:47,093 [af1ffa57-b6e4-429d-a4be-68c5e552e937@group-EC012D0A90C7-StateMachineUpdater] INFO  impl.StateMachineUpdater (StateMachineUpdater.java:takeSnapshot(281)) - af1ffa57-b6e4-429d-a4be-68c5e552e937@group-EC012D0A90C7-StateMachineUpdater: Took a snapshot at index 0
2022-01-29 14:08:47,093 [af1ffa57-b6e4-429d-a4be-68c5e552e937@group-EC012D0A90C7-StateMachineUpdater] INFO  impl.StateMachineUpdater (StateMachineUpdater.java:lambda$new$0(89)) - af1ffa57-b6e4-429d-a4be-68c5e552e937@group-EC012D0A90C7-StateMachineUpdater: snapshotIndex: updateIncreasingly -1 -> 0
2022-01-29 14:08:47,093 [Command processor thread] INFO  server.RaftServer$Division (ServerState.java:close(419)) - af1ffa57-b6e4-429d-a4be-68c5e552e937@group-EC012D0A90C7: closes. applyIndex: 0
2022-01-29 14:08:47,093 [af1ffa57-b6e4-429d-a4be-68c5e552e937@group-EC012D0A90C7-SegmentedRaftLogWorker] INFO  segmented.SegmentedRaftLogWorker (SegmentedRaftLogWorker.java:run(327)) - af1ffa57-b6e4-429d-a4be-68c5e552e937@group-EC012D0A90C7-SegmentedRaftLogWorker was interrupted, exiting. There are 0 tasks remaining in the queue.
2022-01-29 14:08:47,094 [Command processor thread] INFO  segmented.SegmentedRaftLogWorker (SegmentedRaftLogWorker.java:close(237)) - af1ffa57-b6e4-429d-a4be-68c5e552e937@group-EC012D0A90C7-SegmentedRaftLogWorker close()
2022-01-29 14:08:47,099 [Command processor thread] INFO  server.RaftServer$Division (RaftServerImpl.java:groupRemove(382)) - af1ffa57-b6e4-429d-a4be-68c5e552e937@group-EC012D0A90C7: Succeed to remove RaftStorageDirectory Storage Directory /home/runner/work/ozone/ozone/hadoop-ozone/integration-test/target/test-dir/MiniOzoneClusterImpl-90535881-e8e0-4c69-8fd5-53d51f86d896/datanode-5/data/ratis/73f69dd4-4380-44d7-9785-ec012d0a90c7
2022-01-29 14:08:47,099 [Command processor thread] INFO  commandhandler.ClosePipelineCommandHandler (ClosePipelineCommandHandler.java:handle(78)) - Close Pipeline PipelineID=73f69dd4-4380-44d7-9785-ec012d0a90c7 command on datanode af1ffa57-b6e4-429d-a4be-68c5e552e937.
2022-01-29 14:08:47,102 [ContainerReplicationThread-1] INFO  replication.DownloadAndImportReplicator (DownloadAndImportReplicator.java:replicate(105)) - Starting replication of container 1 from [056876ca-3df5-407d-83dd-c1f0976c98ce{ip: 10.1.0.17, host: fv-az50-163.grzltbmokehuzjyc5b133kdqgh.cx.internal.cloudapp.net, ports: [REPLICATION=46305, RATIS=35493, RATIS_ADMIN=35493, RATIS_SERVER=35493, STANDALONE=36767], networkLocation: /default-rack, certSerialId: null, persistedOpState: IN_SERVICE, persistedOpStateExpiryEpochSec: 0}]
2022-01-29 14:08:47,119 [grpc-default-executor-4] INFO  replication.GrpcReplicationService (GrpcReplicationService.java:download(52)) - Streaming container data (1) to other datanode
2022-01-29 14:08:47,148 [ReplicationMonitor] INFO  container.ReplicationManager (ReplicationManager.java:processAll(387)) - Replication Monitor Thread took 1 milliseconds for processing 3 containers.
2022-01-29 14:08:47,207 [grpc-default-executor-4] INFO  replication.GrpcOutputStream (GrpcOutputStream.java:close(104)) - Sent 20365 bytes for container 1
2022-01-29 14:08:47,211 [grpc-default-executor-2] INFO  replication.GrpcReplicationClient (GrpcReplicationClient.java:onCompleted(197)) - Container 1 is downloaded to /home/runner/work/ozone/ozone/hadoop-ozone/integration-test/target/test-dir/MiniOzoneClusterImpl-90535881-e8e0-4c69-8fd5-53d51f86d896/datanode-5/data/replication/work/container-1.tar.gz
2022-01-29 14:08:47,213 [ContainerReplicationThread-1] INFO  replication.DownloadAndImportReplicator (DownloadAndImportReplicator.java:replicate(117)) - Container 1 is downloaded with size 20365, starting to import.
2022-01-29 14:08:47,288 [grpc-default-executor-2] WARN  server.GrpcLogAppender (LogUtils.java:warn(122)) - 68ed0467-65e0-4391-af6c-ed8d2f7edd37@group-EC012D0A90C7->50abeac5-e03b-4859-8e6f-36facfdcbc7f-AppendLogResponseHandler: Failed appendEntries: org.apache.ratis.thirdparty.io.grpc.StatusRuntimeException: UNAVAILABLE: io exception
2022-01-29 14:08:47,289 [grpc-default-executor-2] WARN  server.GrpcLogAppender (GrpcLogAppender.java:resetClient(110)) - 68ed0467-65e0-4391-af6c-ed8d2f7edd37@group-EC012D0A90C7->50abeac5-e03b-4859-8e6f-36facfdcbc7f-GrpcLogAppender: Leader has not got in touch with Follower 68ed0467-65e0-4391-af6c-ed8d2f7edd37@group-EC012D0A90C7->50abeac5-e03b-4859-8e6f-36facfdcbc7f(c0,m0,n1, attendVote=true, lastRpcSendTime=2504, lastRpcResponseTime=5014) yet, just keep nextIndex unchanged and retry.
2022-01-29 14:08:47,296 [ContainerReplicationThread-1] INFO  replication.DownloadAndImportReplicator (DownloadAndImportReplicator.java:replicate(122)) - Container 1 is replicated successfully
2022-01-29 14:08:47,296 [ContainerReplicationThread-1] INFO  replication.ReplicationSupervisor (ReplicationSupervisor.java:run(176)) - Container 1 is replicated.
2022-01-29 14:08:47,887 [Command processor thread] INFO  server.RaftServer (RaftServerProxy.java:remove(106)) - 68ed0467-65e0-4391-af6c-ed8d2f7edd37: remove    LEADER 68ed0467-65e0-4391-af6c-ed8d2f7edd37@group-EC012D0A90C7:t3, leader=68ed0467-65e0-4391-af6c-ed8d2f7edd37, voted=68ed0467-65e0-4391-af6c-ed8d2f7edd37, raftlog=68ed0467-65e0-4391-af6c-ed8d2f7edd37@group-EC012D0A90C7-SegmentedRaftLog:OPENED:c0, conf=0: [af1ffa57-b6e4-429d-a4be-68c5e552e937|rpc:10.1.0.17:32791|dataStream:|priority:0, 68ed0467-65e0-4391-af6c-ed8d2f7edd37|rpc:10.1.0.17:41665|dataStream:|priority:1, 50abeac5-e03b-4859-8e6f-36facfdcbc7f|rpc:10.1.0.17:34235|dataStream:|priority:0], old=null RUNNING
2022-01-29 14:08:47,888 [Command processor thread] INFO  server.RaftServer$Division (RaftServerImpl.java:lambda$close$4(412)) - 68ed0467-65e0-4391-af6c-ed8d2f7edd37@group-EC012D0A90C7: shutdown
2022-01-29 14:08:47,888 [Command processor thread] INFO  util.JmxRegister (JmxRegister.java:unregister(73)) - Successfully un-registered JMX Bean with object name Ratis:service=RaftServer,group=group-EC012D0A90C7,id=68ed0467-65e0-4391-af6c-ed8d2f7edd37
2022-01-29 14:08:47,888 [Command processor thread] INFO  impl.RoleInfo (RoleInfo.java:shutdownLeaderState(91)) - 68ed0467-65e0-4391-af6c-ed8d2f7edd37: shutdown 68ed0467-65e0-4391-af6c-ed8d2f7edd37@group-EC012D0A90C7-LeaderStateImpl
2022-01-29 14:08:47,888 [68ed0467-65e0-4391-af6c-ed8d2f7edd37@group-EC012D0A90C7->af1ffa57-b6e4-429d-a4be-68c5e552e937-GrpcLogAppender-LogAppenderDaemon] WARN  server.GrpcLogAppender (GrpcLogAppender.java:mayWait(177)) - 68ed0467-65e0-4391-af6c-ed8d2f7edd37@group-EC012D0A90C7->af1ffa57-b6e4-429d-a4be-68c5e552e937-GrpcLogAppender: Wait interrupted by java.lang.InterruptedException
2022-01-29 14:08:47,889 [grpc-default-executor-2] INFO  server.GrpcServerProtocolService (GrpcServerProtocolService.java:onCompleted(140)) - af1ffa57-b6e4-429d-a4be-68c5e552e937: Completed APPEND_ENTRIES, lastRequest: 68ed0467-65e0-4391-af6c-ed8d2f7edd37->af1ffa57-b6e4-429d-a4be-68c5e552e937#1-t3,previous=(t:0, i:0),leaderCommit=0,initializing? true,entries: size=1, first=(t:3, i:0), CONFIGURATIONENTRY
2022-01-29 14:08:47,888 [Command processor thread] INFO  impl.PendingRequests (PendingRequests.java:sendNotLeaderResponses(282)) - 68ed0467-65e0-4391-af6c-ed8d2f7edd37@group-EC012D0A90C7-PendingRequests: sendNotLeaderResponses
2022-01-29 14:08:47,893 [Command processor thread] INFO  impl.StateMachineUpdater (StateMachineUpdater.java:stopAndJoin(149)) - 68ed0467-65e0-4391-af6c-ed8d2f7edd37@group-EC012D0A90C7-StateMachineUpdater: set stopIndex = 0
2022-01-29 14:08:47,893 [grpc-default-executor-4] INFO  server.GrpcLogAppender (GrpcLogAppender.java:onCompleted(346)) - 68ed0467-65e0-4391-af6c-ed8d2f7edd37@group-EC012D0A90C7->af1ffa57-b6e4-429d-a4be-68c5e552e937-AppendLogResponseHandler: follower responses appendEntries COMPLETED
2022-01-29 14:08:47,893 [68ed0467-65e0-4391-af6c-ed8d2f7edd37@group-EC012D0A90C7-StateMachineUpdater] INFO  ratis.ContainerStateMachine (ContainerStateMachine.java:takeSnapshot(299)) - group-EC012D0A90C7: Taking a snapshot at:(t:3, i:0) file /home/runner/work/ozone/ozone/hadoop-ozone/integration-test/target/test-dir/MiniOzoneClusterImpl-90535881-e8e0-4c69-8fd5-53d51f86d896/datanode-4/data/ratis/73f69dd4-4380-44d7-9785-ec012d0a90c7/sm/snapshot.3_0
2022-01-29 14:08:47,893 [grpc-default-executor-4] INFO  leader.FollowerInfo (FollowerInfoImpl.java:lambda$new$0(47)) - 68ed0467-65e0-4391-af6c-ed8d2f7edd37@group-EC012D0A90C7->af1ffa57-b6e4-429d-a4be-68c5e552e937: nextIndex: updateUnconditionally 1 -> 0
2022-01-29 14:08:47,894 [68ed0467-65e0-4391-af6c-ed8d2f7edd37@group-EC012D0A90C7-StateMachineUpdater] INFO  ratis.ContainerStateMachine (ContainerStateMachine.java:takeSnapshot(310)) - group-EC012D0A90C7: Finished taking a snapshot at:(t:3, i:0) file:/home/runner/work/ozone/ozone/hadoop-ozone/integration-test/target/test-dir/MiniOzoneClusterImpl-90535881-e8e0-4c69-8fd5-53d51f86d896/datanode-4/data/ratis/73f69dd4-4380-44d7-9785-ec012d0a90c7/sm/snapshot.3_0 took: 1 ms
2022-01-29 14:08:47,894 [68ed0467-65e0-4391-af6c-ed8d2f7edd37@group-EC012D0A90C7-StateMachineUpdater] INFO  impl.StateMachineUpdater (StateMachineUpdater.java:takeSnapshot(281)) - 68ed0467-65e0-4391-af6c-ed8d2f7edd37@group-EC012D0A90C7-StateMachineUpdater: Took a snapshot at index 0
2022-01-29 14:08:47,894 [68ed0467-65e0-4391-af6c-ed8d2f7edd37@group-EC012D0A90C7-StateMachineUpdater] INFO  impl.StateMachineUpdater (StateMachineUpdater.java:lambda$new$0(89)) - 68ed0467-65e0-4391-af6c-ed8d2f7edd37@group-EC012D0A90C7-StateMachineUpdater: snapshotIndex: updateIncreasingly -1 -> 0
2022-01-29 14:08:47,895 [Command processor thread] INFO  server.RaftServer$Division (ServerState.java:close(419)) - 68ed0467-65e0-4391-af6c-ed8d2f7edd37@group-EC012D0A90C7: closes. applyIndex: 0
2022-01-29 14:08:47,895 [68ed0467-65e0-4391-af6c-ed8d2f7edd37@group-EC012D0A90C7-SegmentedRaftLogWorker] INFO  segmented.SegmentedRaftLogWorker (SegmentedRaftLogWorker.java:run(327)) - 68ed0467-65e0-4391-af6c-ed8d2f7edd37@group-EC012D0A90C7-SegmentedRaftLogWorker was interrupted, exiting. There are 0 tasks remaining in the queue.
2022-01-29 14:08:47,896 [Command processor thread] INFO  segmented.SegmentedRaftLogWorker (SegmentedRaftLogWorker.java:close(237)) - 68ed0467-65e0-4391-af6c-ed8d2f7edd37@group-EC012D0A90C7-SegmentedRaftLogWorker close()
2022-01-29 14:08:47,897 [Command processor thread] INFO  server.RaftServer$Division (RaftServerImpl.java:groupRemove(382)) - 68ed0467-65e0-4391-af6c-ed8d2f7edd37@group-EC012D0A90C7: Succeed to remove RaftStorageDirectory Storage Directory /home/runner/work/ozone/ozone/hadoop-ozone/integration-test/target/test-dir/MiniOzoneClusterImpl-90535881-e8e0-4c69-8fd5-53d51f86d896/datanode-4/data/ratis/73f69dd4-4380-44d7-9785-ec012d0a90c7
2022-01-29 14:08:47,899 [Command processor thread] INFO  commandhandler.ClosePipelineCommandHandler (ClosePipelineCommandHandler.java:handle(78)) - Close Pipeline PipelineID=73f69dd4-4380-44d7-9785-ec012d0a90c7 command on datanode 68ed0467-65e0-4391-af6c-ed8d2f7edd37.
2022-01-29 14:08:47,899 [ContainerReplicationThread-1] INFO  replication.DownloadAndImportReplicator (DownloadAndImportReplicator.java:replicate(105)) - Starting replication of container 2 from [056876ca-3df5-407d-83dd-c1f0976c98ce{ip: 10.1.0.17, host: fv-az50-163.grzltbmokehuzjyc5b133kdqgh.cx.internal.cloudapp.net, ports: [REPLICATION=46305, RATIS=35493, RATIS_ADMIN=35493, RATIS_SERVER=35493, STANDALONE=36767], networkLocation: /default-rack, certSerialId: null, persistedOpState: IN_SERVICE, persistedOpStateExpiryEpochSec: 0}, ed3915ba-b68b-45ae-bdb6-9aa431ff8088{ip: 10.1.0.17, host: fv-az50-163.grzltbmokehuzjyc5b133kdqgh.cx.internal.cloudapp.net, ports: [REPLICATION=42099, RATIS=34273, RATIS_ADMIN=34273, RATIS_SERVER=34273, STANDALONE=43751], networkLocation: /default-rack, certSerialId: null, persistedOpState: IN_SERVICE, persistedOpStateExpiryEpochSec: 0}]
2022-01-29 14:08:47,915 [grpc-default-executor-4] INFO  replication.GrpcReplicationService (GrpcReplicationService.java:download(52)) - Streaming container data (2) to other datanode
2022-01-29 14:08:47,999 [grpc-default-executor-4] INFO  replication.GrpcOutputStream (GrpcOutputStream.java:close(104)) - Sent 18402 bytes for container 2
2022-01-29 14:08:48,000 [grpc-default-executor-2] INFO  replication.GrpcReplicationClient (GrpcReplicationClient.java:onCompleted(197)) - Container 2 is downloaded to /home/runner/work/ozone/ozone/hadoop-ozone/integration-test/target/test-dir/MiniOzoneClusterImpl-90535881-e8e0-4c69-8fd5-53d51f86d896/datanode-4/data/replication/work/container-2.tar.gz
2022-01-29 14:08:48,003 [ContainerReplicationThread-1] INFO  replication.DownloadAndImportReplicator (DownloadAndImportReplicator.java:replicate(117)) - Container 2 is downloaded with size 18402, starting to import.
2022-01-29 14:08:48,065 [ContainerReplicationThread-1] INFO  replication.DownloadAndImportReplicator (DownloadAndImportReplicator.java:replicate(122)) - Container 2 is replicated successfully
2022-01-29 14:08:48,065 [ContainerReplicationThread-1] INFO  replication.ReplicationSupervisor (ReplicationSupervisor.java:run(176)) - Container 2 is replicated.
2022-01-29 14:08:48,149 [ReplicationMonitor] INFO  container.ReplicationManager (ReplicationManager.java:processAll(387)) - Replication Monitor Thread took 0 milliseconds for processing 3 containers.
2022-01-29 14:08:49,159 [ReplicationMonitor] INFO  container.ReplicationManager (ReplicationManager.java:processAll(387)) - Replication Monitor Thread took 0 milliseconds for processing 3 containers.
2022-01-29 14:08:49,191 [ForkJoinPool.commonPool-worker-1] INFO  statemachine.DatanodeStateMachine (DatanodeStateMachine.java:stopDaemon(529)) - Ozone container server stopped.
2022-01-29 14:08:49,194 [ForkJoinPool.commonPool-worker-1] INFO  handler.ContextHandler (ContextHandler.java:doStop(1153)) - Stopped o.e.j.w.WebAppContext@5bc14211{hddsDatanode,/,null,STOPPED}{jar:file:/home/runner/.m2/repository/org/apache/ozone/hdds-container-service/1.3.0-SNAPSHOT/hdds-container-service-1.3.0-SNAPSHOT.jar!/webapps/hddsDatanode}
2022-01-29 14:08:49,195 [ForkJoinPool.commonPool-worker-1] INFO  server.AbstractConnector (AbstractConnector.java:doStop(381)) - Stopped ServerConnector@520ee6b3{HTTP/1.1, (http/1.1)}{0.0.0.0:40367}
2022-01-29 14:08:49,195 [ForkJoinPool.commonPool-worker-1] INFO  server.session (HouseKeeper.java:stopScavenging(149)) - node0 Stopped scavenging
2022-01-29 14:08:49,196 [ForkJoinPool.commonPool-worker-1] INFO  handler.ContextHandler (ContextHandler.java:doStop(1153)) - Stopped o.e.j.s.ServletContextHandler@595184d8{static,/static,jar:file:/home/runner/.m2/repository/org/apache/ozone/hdds-container-service/1.3.0-SNAPSHOT/hdds-container-service-1.3.0-SNAPSHOT.jar!/webapps/static,STOPPED}
2022-01-29 14:08:49,197 [ForkJoinPool.commonPool-worker-1] INFO  handler.ContextHandler (ContextHandler.java:doStop(1153)) - Stopped o.e.j.s.ServletContextHandler@1c2b65cc{logs,/logs,file:///home/runner/work/ozone/ozone/hadoop-ozone/integration-test/target/log,STOPPED}
2022-01-29 14:08:49,197 [Mini-Cluster-Provider-Reap] INFO  statemachine.DatanodeStateMachine (DatanodeStateMachine.java:stopDaemon(529)) - Ozone container server stopped.
2022-01-29 14:08:49,201 [Mini-Cluster-Provider-Reap] INFO  handler.ContextHandler (ContextHandler.java:doStop(1153)) - Stopped o.e.j.w.WebAppContext@38675862{hddsDatanode,/,null,STOPPED}{jar:file:/home/runner/.m2/repository/org/apache/ozone/hdds-container-service/1.3.0-SNAPSHOT/hdds-container-service-1.3.0-SNAPSHOT.jar!/webapps/hddsDatanode}
2022-01-29 14:08:49,201 [Mini-Cluster-Provider-Reap] INFO  server.AbstractConnector (AbstractConnector.java:doStop(381)) - Stopped ServerConnector@195ef04b{HTTP/1.1, (http/1.1)}{0.0.0.0:0}
2022-01-29 14:08:49,201 [Mini-Cluster-Provider-Reap] INFO  server.session (HouseKeeper.java:stopScavenging(149)) - node0 Stopped scavenging
2022-01-29 14:08:49,203 [Mini-Cluster-Provider-Reap] INFO  handler.ContextHandler (ContextHandler.java:doStop(1153)) - Stopped o.e.j.s.ServletContextHandler@7b0ece3{static,/static,jar:file:/home/runner/.m2/repository/org/apache/ozone/hdds-container-service/1.3.0-SNAPSHOT/hdds-container-service-1.3.0-SNAPSHOT.jar!/webapps/static,STOPPED}
2022-01-29 14:08:49,204 [Mini-Cluster-Provider-Reap] INFO  handler.ContextHandler (ContextHandler.java:doStop(1153)) - Stopped o.e.j.s.ServletContextHandler@55ab4f61{logs,/logs,file:///home/runner/work/ozone/ozone/hadoop-ozone/integration-test/target/log,STOPPED}
2022-01-29 14:08:50,159 [ReplicationMonitor] INFO  container.ReplicationManager (ReplicationManager.java:processAll(387)) - Replication Monitor Thread took 0 milliseconds for processing 3 containers.
2022-01-29 14:08:51,160 [ReplicationMonitor] INFO  container.ReplicationManager (ReplicationManager.java:processAll(387)) - Replication Monitor Thread took 0 milliseconds for processing 3 containers.
2022-01-29 14:08:51,290 [EventQueue-StaleNodeForStaleNodeHandler] INFO  node.StaleNodeHandler (StaleNodeHandler.java:onMessage(58)) - Datanode 056876ca-3df5-407d-83dd-c1f0976c98ce{ip: 10.1.0.17, host: fv-az50-163.grzltbmokehuzjyc5b133kdqgh.cx.internal.cloudapp.net, ports: [REPLICATION=46305, RATIS=35493, RATIS_ADMIN=35493, RATIS_SERVER=35493, STANDALONE=36767], networkLocation: /default-rack, certSerialId: null, persistedOpState: IN_SERVICE, persistedOpStateExpiryEpochSec: 0} moved to stale state. Finalizing its pipelines [PipelineID=0f988ade-35a7-4e56-9e51-0366fa82ea12]
2022-01-29 14:08:51,291 [EventQueue-StaleNodeForStaleNodeHandler] INFO  pipeline.PipelineManagerImpl (PipelineManagerImpl.java:closePipeline(365)) - Pipeline Pipeline[ Id: 0f988ade-35a7-4e56-9e51-0366fa82ea12, Nodes: 056876ca-3df5-407d-83dd-c1f0976c98ce{ip: 10.1.0.17, host: fv-az50-163.grzltbmokehuzjyc5b133kdqgh.cx.internal.cloudapp.net, ports: [REPLICATION=46305, RATIS=35493, RATIS_ADMIN=35493, RATIS_SERVER=35493, STANDALONE=36767], networkLocation: /default-rack, certSerialId: null, persistedOpState: IN_SERVICE, persistedOpStateExpiryEpochSec: 0}, ReplicationConfig: RATIS/ONE, State:OPEN, leaderId:056876ca-3df5-407d-83dd-c1f0976c98ce, CreationTimestamp2022-01-29T14:07:58.237Z[Etc/UTC]] moved to CLOSED state
2022-01-29 14:08:51,390 [EventQueue-StaleNodeForStaleNodeHandler] INFO  node.StaleNodeHandler (StaleNodeHandler.java:onMessage(58)) - Datanode af1ffa57-b6e4-429d-a4be-68c5e552e937{ip: 10.1.0.17, host: fv-az50-163.grzltbmokehuzjyc5b133kdqgh.cx.internal.cloudapp.net, ports: [REPLICATION=40849, RATIS=32791, RATIS_ADMIN=32791, RATIS_SERVER=32791, STANDALONE=42311], networkLocation: /default-rack, certSerialId: null, persistedOpState: IN_SERVICE, persistedOpStateExpiryEpochSec: 0} moved to stale state. Finalizing its pipelines [PipelineID=f8d9f872-5c8e-477f-86d0-be53fa3b6ac8]
2022-01-29 14:08:51,391 [EventQueue-StaleNodeForStaleNodeHandler] INFO  pipeline.PipelineManagerImpl (PipelineManagerImpl.java:closePipeline(365)) - Pipeline Pipeline[ Id: f8d9f872-5c8e-477f-86d0-be53fa3b6ac8, Nodes: af1ffa57-b6e4-429d-a4be-68c5e552e937{ip: 10.1.0.17, host: fv-az50-163.grzltbmokehuzjyc5b133kdqgh.cx.internal.cloudapp.net, ports: [REPLICATION=40849, RATIS=32791, RATIS_ADMIN=32791, RATIS_SERVER=32791, STANDALONE=42311], networkLocation: /default-rack, certSerialId: null, persistedOpState: IN_SERVICE, persistedOpStateExpiryEpochSec: 0}, ReplicationConfig: RATIS/ONE, State:OPEN, leaderId:af1ffa57-b6e4-429d-a4be-68c5e552e937, CreationTimestamp2022-01-29T14:07:58.873Z[Etc/UTC]] moved to CLOSED state
2022-01-29 14:08:52,161 [ReplicationMonitor] INFO  container.ReplicationManager (ReplicationManager.java:processAll(387)) - Replication Monitor Thread took 1 milliseconds for processing 3 containers.
2022-01-29 14:08:53,161 [ReplicationMonitor] INFO  container.ReplicationManager (ReplicationManager.java:processAll(387)) - Replication Monitor Thread took 0 milliseconds for processing 3 containers.
2022-01-29 14:08:54,162 [ReplicationMonitor] INFO  container.ReplicationManager (ReplicationManager.java:processAll(387)) - Replication Monitor Thread took 0 milliseconds for processing 3 containers.
2022-01-29 14:08:54,200 [ForkJoinPool.commonPool-worker-1] INFO  ozoneimpl.OzoneContainer (OzoneContainer.java:stop(336)) - Attempting to stop container services.
2022-01-29 14:08:54,201 [ForkJoinPool.commonPool-worker-1] INFO  server.RaftServer (RaftServerProxy.java:lambda$close$6(391)) - 056876ca-3df5-407d-83dd-c1f0976c98ce: close
2022-01-29 14:08:54,201 [ForkJoinPool.commonPool-worker-1] INFO  server.RaftServer$Division (RaftServerImpl.java:lambda$close$4(412)) - 056876ca-3df5-407d-83dd-c1f0976c98ce@group-0366FA82EA12: shutdown
2022-01-29 14:08:54,201 [ForkJoinPool.commonPool-worker-1] INFO  util.JmxRegister (JmxRegister.java:unregister(73)) - Successfully un-registered JMX Bean with object name Ratis:service=RaftServer,group=group-0366FA82EA12,id=056876ca-3df5-407d-83dd-c1f0976c98ce
2022-01-29 14:08:54,201 [ForkJoinPool.commonPool-worker-1] INFO  impl.RoleInfo (RoleInfo.java:shutdownLeaderState(91)) - 056876ca-3df5-407d-83dd-c1f0976c98ce: shutdown 056876ca-3df5-407d-83dd-c1f0976c98ce@group-0366FA82EA12-LeaderStateImpl
2022-01-29 14:08:54,201 [ForkJoinPool.commonPool-worker-1] INFO  impl.PendingRequests (PendingRequests.java:sendNotLeaderResponses(282)) - 056876ca-3df5-407d-83dd-c1f0976c98ce@group-0366FA82EA12-PendingRequests: sendNotLeaderResponses
2022-01-29 14:08:54,202 [ForkJoinPool.commonPool-worker-1] INFO  impl.StateMachineUpdater (StateMachineUpdater.java:stopAndJoin(149)) - 056876ca-3df5-407d-83dd-c1f0976c98ce@group-0366FA82EA12-StateMachineUpdater: set stopIndex = 0
2022-01-29 14:08:54,202 [056876ca-3df5-407d-83dd-c1f0976c98ce@group-0366FA82EA12-StateMachineUpdater] INFO  ratis.ContainerStateMachine (ContainerStateMachine.java:takeSnapshot(299)) - group-0366FA82EA12: Taking a snapshot at:(t:1, i:0) file /home/runner/work/ozone/ozone/hadoop-ozone/integration-test/target/test-dir/MiniOzoneClusterImpl-90535881-e8e0-4c69-8fd5-53d51f86d896/datanode-2/data/ratis/0f988ade-35a7-4e56-9e51-0366fa82ea12/sm/snapshot.1_0
2022-01-29 14:08:54,205 [056876ca-3df5-407d-83dd-c1f0976c98ce@group-0366FA82EA12-StateMachineUpdater] INFO  ratis.ContainerStateMachine (ContainerStateMachine.java:takeSnapshot(310)) - group-0366FA82EA12: Finished taking a snapshot at:(t:1, i:0) file:/home/runner/work/ozone/ozone/hadoop-ozone/integration-test/target/test-dir/MiniOzoneClusterImpl-90535881-e8e0-4c69-8fd5-53d51f86d896/datanode-2/data/ratis/0f988ade-35a7-4e56-9e51-0366fa82ea12/sm/snapshot.1_0 took: 3 ms
2022-01-29 14:08:54,205 [056876ca-3df5-407d-83dd-c1f0976c98ce@group-0366FA82EA12-StateMachineUpdater] INFO  impl.StateMachineUpdater (StateMachineUpdater.java:takeSnapshot(281)) - 056876ca-3df5-407d-83dd-c1f0976c98ce@group-0366FA82EA12-StateMachineUpdater: Took a snapshot at index 0
2022-01-29 14:08:54,206 [056876ca-3df5-407d-83dd-c1f0976c98ce@group-0366FA82EA12-StateMachineUpdater] INFO  impl.StateMachineUpdater (StateMachineUpdater.java:lambda$new$0(89)) - 056876ca-3df5-407d-83dd-c1f0976c98ce@group-0366FA82EA12-StateMachineUpdater: snapshotIndex: updateIncreasingly -1 -> 0
2022-01-29 14:08:54,206 [ForkJoinPool.commonPool-worker-1] INFO  server.RaftServer$Division (ServerState.java:close(419)) - 056876ca-3df5-407d-83dd-c1f0976c98ce@group-0366FA82EA12: closes. applyIndex: 0
2022-01-29 14:08:54,207 [Mini-Cluster-Provider-Reap] INFO  ozoneimpl.OzoneContainer (OzoneContainer.java:stop(336)) - Attempting to stop container services.
2022-01-29 14:08:54,207 [056876ca-3df5-407d-83dd-c1f0976c98ce@group-0366FA82EA12-SegmentedRaftLogWorker] INFO  segmented.SegmentedRaftLogWorker (SegmentedRaftLogWorker.java:run(327)) - 056876ca-3df5-407d-83dd-c1f0976c98ce@group-0366FA82EA12-SegmentedRaftLogWorker was interrupted, exiting. There are 0 tasks remaining in the queue.
2022-01-29 14:08:54,207 [ForkJoinPool.commonPool-worker-1] INFO  segmented.SegmentedRaftLogWorker (SegmentedRaftLogWorker.java:close(237)) - 056876ca-3df5-407d-83dd-c1f0976c98ce@group-0366FA82EA12-SegmentedRaftLogWorker close()
2022-01-29 14:08:54,207 [Mini-Cluster-Provider-Reap] INFO  server.RaftServer (RaftServerProxy.java:lambda$close$6(391)) - af1ffa57-b6e4-429d-a4be-68c5e552e937: close
2022-01-29 14:08:54,208 [Mini-Cluster-Provider-Reap] INFO  server.RaftServer$Division (RaftServerImpl.java:lambda$close$4(412)) - af1ffa57-b6e4-429d-a4be-68c5e552e937@group-BE53FA3B6AC8: shutdown
2022-01-29 14:08:54,208 [Mini-Cluster-Provider-Reap] INFO  util.JmxRegister (JmxRegister.java:unregister(73)) - Successfully un-registered JMX Bean with object name Ratis:service=RaftServer,group=group-BE53FA3B6AC8,id=af1ffa57-b6e4-429d-a4be-68c5e552e937
2022-01-29 14:08:54,208 [Mini-Cluster-Provider-Reap] INFO  impl.RoleInfo (RoleInfo.java:shutdownLeaderState(91)) - af1ffa57-b6e4-429d-a4be-68c5e552e937: shutdown af1ffa57-b6e4-429d-a4be-68c5e552e937@group-BE53FA3B6AC8-LeaderStateImpl
2022-01-29 14:08:54,208 [Mini-Cluster-Provider-Reap] INFO  impl.PendingRequests (PendingRequests.java:sendNotLeaderResponses(282)) - af1ffa57-b6e4-429d-a4be-68c5e552e937@group-BE53FA3B6AC8-PendingRequests: sendNotLeaderResponses
2022-01-29 14:08:54,208 [Mini-Cluster-Provider-Reap] INFO  impl.StateMachineUpdater (StateMachineUpdater.java:stopAndJoin(149)) - af1ffa57-b6e4-429d-a4be-68c5e552e937@group-BE53FA3B6AC8-StateMachineUpdater: set stopIndex = 0
2022-01-29 14:08:54,209 [af1ffa57-b6e4-429d-a4be-68c5e552e937@group-BE53FA3B6AC8-StateMachineUpdater] INFO  ratis.ContainerStateMachine (ContainerStateMachine.java:takeSnapshot(299)) - group-BE53FA3B6AC8: Taking a snapshot at:(t:1, i:0) file /home/runner/work/ozone/ozone/hadoop-ozone/integration-test/target/test-dir/MiniOzoneClusterImpl-90535881-e8e0-4c69-8fd5-53d51f86d896/datanode-5/data/ratis/f8d9f872-5c8e-477f-86d0-be53fa3b6ac8/sm/snapshot.1_0
2022-01-29 14:08:54,210 [af1ffa57-b6e4-429d-a4be-68c5e552e937@group-BE53FA3B6AC8-StateMachineUpdater] INFO  ratis.ContainerStateMachine (ContainerStateMachine.java:takeSnapshot(310)) - group-BE53FA3B6AC8: Finished taking a snapshot at:(t:1, i:0) file:/home/runner/work/ozone/ozone/hadoop-ozone/integration-test/target/test-dir/MiniOzoneClusterImpl-90535881-e8e0-4c69-8fd5-53d51f86d896/datanode-5/data/ratis/f8d9f872-5c8e-477f-86d0-be53fa3b6ac8/sm/snapshot.1_0 took: 1 ms
2022-01-29 14:08:54,210 [ForkJoinPool.commonPool-worker-1] INFO  server.GrpcService (GrpcService.java:closeImpl(262)) - 056876ca-3df5-407d-83dd-c1f0976c98ce: shutdown server with port 35493 now
2022-01-29 14:08:54,210 [af1ffa57-b6e4-429d-a4be-68c5e552e937@group-BE53FA3B6AC8-StateMachineUpdater] INFO  impl.StateMachineUpdater (StateMachineUpdater.java:takeSnapshot(281)) - af1ffa57-b6e4-429d-a4be-68c5e552e937@group-BE53FA3B6AC8-StateMachineUpdater: Took a snapshot at index 0
2022-01-29 14:08:54,210 [af1ffa57-b6e4-429d-a4be-68c5e552e937@group-BE53FA3B6AC8-StateMachineUpdater] INFO  impl.StateMachineUpdater (StateMachineUpdater.java:lambda$new$0(89)) - af1ffa57-b6e4-429d-a4be-68c5e552e937@group-BE53FA3B6AC8-StateMachineUpdater: snapshotIndex: updateIncreasingly -1 -> 0
2022-01-29 14:08:54,210 [Mini-Cluster-Provider-Reap] INFO  server.RaftServer$Division (ServerState.java:close(419)) - af1ffa57-b6e4-429d-a4be-68c5e552e937@group-BE53FA3B6AC8: closes. applyIndex: 0
2022-01-29 14:08:54,210 [af1ffa57-b6e4-429d-a4be-68c5e552e937@group-BE53FA3B6AC8-SegmentedRaftLogWorker] INFO  segmented.SegmentedRaftLogWorker (SegmentedRaftLogWorker.java:run(327)) - af1ffa57-b6e4-429d-a4be-68c5e552e937@group-BE53FA3B6AC8-SegmentedRaftLogWorker was interrupted, exiting. There are 0 tasks remaining in the queue.
2022-01-29 14:08:54,212 [Mini-Cluster-Provider-Reap] INFO  segmented.SegmentedRaftLogWorker (SegmentedRaftLogWorker.java:close(237)) - af1ffa57-b6e4-429d-a4be-68c5e552e937@group-BE53FA3B6AC8-SegmentedRaftLogWorker close()
2022-01-29 14:08:54,213 [ForkJoinPool.commonPool-worker-1] INFO  server.GrpcService (GrpcService.java:closeImpl(271)) - 056876ca-3df5-407d-83dd-c1f0976c98ce: shutdown server with port 35493 successfully
2022-01-29 14:08:54,213 [org.apache.ratis.util.JvmPauseMonitor$$Lambda$541/969211734@3f5c7275] INFO  util.JvmPauseMonitor (JvmPauseMonitor.java:run(109)) - JvmPauseMonitor-056876ca-3df5-407d-83dd-c1f0976c98ce: Stopped
2022-01-29 14:08:54,214 [Mini-Cluster-Provider-Reap] INFO  server.GrpcService (GrpcService.java:closeImpl(262)) - af1ffa57-b6e4-429d-a4be-68c5e552e937: shutdown server with port 32791 now
2022-01-29 14:08:54,222 [Mini-Cluster-Provider-Reap] INFO  server.GrpcService (GrpcService.java:closeImpl(271)) - af1ffa57-b6e4-429d-a4be-68c5e552e937: shutdown server with port 32791 successfully
2022-01-29 14:08:54,223 [org.apache.ratis.util.JvmPauseMonitor$$Lambda$541/969211734@5e32b62] INFO  util.JvmPauseMonitor (JvmPauseMonitor.java:run(109)) - JvmPauseMonitor-af1ffa57-b6e4-429d-a4be-68c5e552e937: Stopped
2022-01-29 14:08:54,294 [EventQueue-DeadNodeForDeadNodeHandler] INFO  node.DeadNodeHandler (DeadNodeHandler.java:onMessage(80)) - A dead datanode is detected. 056876ca-3df5-407d-83dd-c1f0976c98ce{ip: 10.1.0.17, host: fv-az50-163.grzltbmokehuzjyc5b133kdqgh.cx.internal.cloudapp.net, ports: [REPLICATION=46305, RATIS=35493, RATIS_ADMIN=35493, RATIS_SERVER=35493, STANDALONE=36767], networkLocation: /default-rack, certSerialId: null, persistedOpState: IN_SERVICE, persistedOpStateExpiryEpochSec: 0}
2022-01-29 14:08:54,294 [EventQueue-DeadNodeForDeadNodeHandler] INFO  pipeline.RatisPipelineProvider (RatisPipelineProvider.java:lambda$close$1(222)) - Send pipeline:PipelineID=0f988ade-35a7-4e56-9e51-0366fa82ea12 close command to datanode 056876ca-3df5-407d-83dd-c1f0976c98ce
2022-01-29 14:08:54,295 [EventQueue-DeadNodeForDeadNodeHandler] INFO  pipeline.PipelineStateManagerImpl (PipelineStateManagerImpl.java:removePipeline(223)) - Pipeline Pipeline[ Id: 0f988ade-35a7-4e56-9e51-0366fa82ea12, Nodes: 056876ca-3df5-407d-83dd-c1f0976c98ce{ip: 10.1.0.17, host: fv-az50-163.grzltbmokehuzjyc5b133kdqgh.cx.internal.cloudapp.net, ports: [REPLICATION=46305, RATIS=35493, RATIS_ADMIN=35493, RATIS_SERVER=35493, STANDALONE=36767], networkLocation: /default-rack, certSerialId: null, persistedOpState: IN_SERVICE, persistedOpStateExpiryEpochSec: 0}, ReplicationConfig: RATIS/ONE, State:CLOSED, leaderId:056876ca-3df5-407d-83dd-c1f0976c98ce, CreationTimestamp2022-01-29T14:07:58.237Z[Etc/UTC]] removed.
2022-01-29 14:08:54,295 [EventQueue-DeadNodeForDeadNodeHandler] INFO  net.NetworkTopologyImpl (NetworkTopologyImpl.java:remove(137)) - Removed a node: /default-rack/056876ca-3df5-407d-83dd-c1f0976c98ce
2022-01-29 14:08:54,394 [EventQueue-DeadNodeForDeadNodeHandler] INFO  node.DeadNodeHandler (DeadNodeHandler.java:onMessage(80)) - A dead datanode is detected. af1ffa57-b6e4-429d-a4be-68c5e552e937{ip: 10.1.0.17, host: fv-az50-163.grzltbmokehuzjyc5b133kdqgh.cx.internal.cloudapp.net, ports: [REPLICATION=40849, RATIS=32791, RATIS_ADMIN=32791, RATIS_SERVER=32791, STANDALONE=42311], networkLocation: /default-rack, certSerialId: null, persistedOpState: IN_SERVICE, persistedOpStateExpiryEpochSec: 0}
2022-01-29 14:08:54,395 [EventQueue-DeadNodeForDeadNodeHandler] INFO  pipeline.RatisPipelineProvider (RatisPipelineProvider.java:lambda$close$1(222)) - Send pipeline:PipelineID=f8d9f872-5c8e-477f-86d0-be53fa3b6ac8 close command to datanode af1ffa57-b6e4-429d-a4be-68c5e552e937
2022-01-29 14:08:54,395 [EventQueue-DeadNodeForDeadNodeHandler] INFO  pipeline.PipelineStateManagerImpl (PipelineStateManagerImpl.java:removePipeline(223)) - Pipeline Pipeline[ Id: f8d9f872-5c8e-477f-86d0-be53fa3b6ac8, Nodes: af1ffa57-b6e4-429d-a4be-68c5e552e937{ip: 10.1.0.17, host: fv-az50-163.grzltbmokehuzjyc5b133kdqgh.cx.internal.cloudapp.net, ports: [REPLICATION=40849, RATIS=32791, RATIS_ADMIN=32791, RATIS_SERVER=32791, STANDALONE=42311], networkLocation: /default-rack, certSerialId: null, persistedOpState: IN_SERVICE, persistedOpStateExpiryEpochSec: 0}, ReplicationConfig: RATIS/ONE, State:CLOSED, leaderId:af1ffa57-b6e4-429d-a4be-68c5e552e937, CreationTimestamp2022-01-29T14:07:58.873Z[Etc/UTC]] removed.
2022-01-29 14:08:54,395 [EventQueue-DeadNodeForDeadNodeHandler] INFO  net.NetworkTopologyImpl (NetworkTopologyImpl.java:remove(137)) - Removed a node: /default-rack/af1ffa57-b6e4-429d-a4be-68c5e552e937
2022-01-29 14:08:55,163 [ReplicationMonitor] ERROR scm.SCMCommonPlacementPolicy (SCMCommonPlacementPolicy.java:chooseDatanodes(149)) - Not enough healthy nodes to allocate container. 2  datanodes required. Found 1
2022-01-29 14:08:55,163 [ReplicationMonitor] WARN  container.ReplicationManager (ReplicationManager.java:handleUnderReplicatedContainer(1257)) - Exception while replicating container 1.
org.apache.hadoop.hdds.scm.exceptions.SCMException: Not enough healthy nodes to allocate container. 2  datanodes required. Found 1
	at org.apache.hadoop.hdds.scm.SCMCommonPlacementPolicy.chooseDatanodes(SCMCommonPlacementPolicy.java:150)
	at org.apache.hadoop.hdds.scm.container.placement.algorithms.SCMContainerPlacementRandom.chooseDatanodes(SCMContainerPlacementRandom.java:78)
	at org.apache.hadoop.hdds.scm.container.ReplicationManager.handleUnderReplicatedContainer(ReplicationManager.java:1221)
	at org.apache.hadoop.hdds.scm.container.ReplicationManager.processContainer(ReplicationManager.java:559)
	at org.apache.hadoop.hdds.scm.container.ReplicationManager.processAll(ReplicationManager.java:383)
	at org.apache.hadoop.hdds.scm.container.ReplicationManager.run(ReplicationManager.java:403)
	at java.lang.Thread.run(Thread.java:748)
2022-01-29 14:08:55,163 [ReplicationMonitor] ERROR scm.SCMCommonPlacementPolicy (SCMCommonPlacementPolicy.java:chooseDatanodes(140)) - No healthy node found to allocate container.
2022-01-29 14:08:55,163 [ReplicationMonitor] WARN  container.ReplicationManager (ReplicationManager.java:handleUnderReplicatedContainer(1257)) - Exception while replicating container 2.
org.apache.hadoop.hdds.scm.exceptions.SCMException: No healthy node found to allocate container.
	at org.apache.hadoop.hdds.scm.SCMCommonPlacementPolicy.chooseDatanodes(SCMCommonPlacementPolicy.java:141)
	at org.apache.hadoop.hdds.scm.container.placement.algorithms.SCMContainerPlacementRandom.chooseDatanodes(SCMContainerPlacementRandom.java:78)
	at org.apache.hadoop.hdds.scm.container.ReplicationManager.handleUnderReplicatedContainer(ReplicationManager.java:1221)
	at org.apache.hadoop.hdds.scm.container.ReplicationManager.processContainer(ReplicationManager.java:559)
	at org.apache.hadoop.hdds.scm.container.ReplicationManager.processAll(ReplicationManager.java:383)
	at org.apache.hadoop.hdds.scm.container.ReplicationManager.run(ReplicationManager.java:403)
	at java.lang.Thread.run(Thread.java:748)
2022-01-29 14:08:55,164 [ReplicationMonitor] ERROR scm.SCMCommonPlacementPolicy (SCMCommonPlacementPolicy.java:chooseDatanodes(149)) - Not enough healthy nodes to allocate container. 2  datanodes required. Found 1
2022-01-29 14:08:55,164 [ReplicationMonitor] WARN  container.ReplicationManager (ReplicationManager.java:handleUnderReplicatedContainer(1257)) - Exception while replicating container 3.
org.apache.hadoop.hdds.scm.exceptions.SCMException: Not enough healthy nodes to allocate container. 2  datanodes required. Found 1
	at org.apache.hadoop.hdds.scm.SCMCommonPlacementPolicy.chooseDatanodes(SCMCommonPlacementPolicy.java:150)
	at org.apache.hadoop.hdds.scm.container.placement.algorithms.SCMContainerPlacementRandom.chooseDatanodes(SCMContainerPlacementRandom.java:78)
	at org.apache.hadoop.hdds.scm.container.ReplicationManager.handleUnderReplicatedContainer(ReplicationManager.java:1221)
	at org.apache.hadoop.hdds.scm.container.ReplicationManager.processContainer(ReplicationManager.java:559)
	at org.apache.hadoop.hdds.scm.container.ReplicationManager.processAll(ReplicationManager.java:383)
	at org.apache.hadoop.hdds.scm.container.ReplicationManager.run(ReplicationManager.java:403)
	at java.lang.Thread.run(Thread.java:748)
2022-01-29 14:08:55,164 [ReplicationMonitor] INFO  container.ReplicationManager (ReplicationManager.java:processAll(387)) - Replication Monitor Thread took 2 milliseconds for processing 3 containers.
2022-01-29 14:08:56,164 [ReplicationMonitor] ERROR scm.SCMCommonPlacementPolicy (SCMCommonPlacementPolicy.java:chooseDatanodes(149)) - Not enough healthy nodes to allocate container. 2  datanodes required. Found 1
2022-01-29 14:08:56,165 [ReplicationMonitor] WARN  container.ReplicationManager (ReplicationManager.java:handleUnderReplicatedContainer(1257)) - Exception while replicating container 1.
org.apache.hadoop.hdds.scm.exceptions.SCMException: Not enough healthy nodes to allocate container. 2  datanodes required. Found 1
	at org.apache.hadoop.hdds.scm.SCMCommonPlacementPolicy.chooseDatanodes(SCMCommonPlacementPolicy.java:150)
	at org.apache.hadoop.hdds.scm.container.placement.algorithms.SCMContainerPlacementRandom.chooseDatanodes(SCMContainerPlacementRandom.java:78)
	at org.apache.hadoop.hdds.scm.container.ReplicationManager.handleUnderReplicatedContainer(ReplicationManager.java:1221)
	at org.apache.hadoop.hdds.scm.container.ReplicationManager.processContainer(ReplicationManager.java:559)
	at org.apache.hadoop.hdds.scm.container.ReplicationManager.processAll(ReplicationManager.java:383)
	at org.apache.hadoop.hdds.scm.container.ReplicationManager.run(ReplicationManager.java:403)
	at java.lang.Thread.run(Thread.java:748)
2022-01-29 14:08:56,165 [ReplicationMonitor] ERROR scm.SCMCommonPlacementPolicy (SCMCommonPlacementPolicy.java:chooseDatanodes(140)) - No healthy node found to allocate container.
2022-01-29 14:08:56,165 [ReplicationMonitor] WARN  container.ReplicationManager (ReplicationManager.java:handleUnderReplicatedContainer(1257)) - Exception while replicating container 2.
org.apache.hadoop.hdds.scm.exceptions.SCMException: No healthy node found to allocate container.
	at org.apache.hadoop.hdds.scm.SCMCommonPlacementPolicy.chooseDatanodes(SCMCommonPlacementPolicy.java:141)
	at org.apache.hadoop.hdds.scm.container.placement.algorithms.SCMContainerPlacementRandom.chooseDatanodes(SCMContainerPlacementRandom.java:78)
	at org.apache.hadoop.hdds.scm.container.ReplicationManager.handleUnderReplicatedContainer(ReplicationManager.java:1221)
	at org.apache.hadoop.hdds.scm.container.ReplicationManager.processContainer(ReplicationManager.java:559)
	at org.apache.hadoop.hdds.scm.container.ReplicationManager.processAll(ReplicationManager.java:383)
	at org.apache.hadoop.hdds.scm.container.ReplicationManager.run(ReplicationManager.java:403)
	at java.lang.Thread.run(Thread.java:748)
2022-01-29 14:08:56,165 [ReplicationMonitor] ERROR scm.SCMCommonPlacementPolicy (SCMCommonPlacementPolicy.java:chooseDatanodes(149)) - Not enough healthy nodes to allocate container. 2  datanodes required. Found 1
2022-01-29 14:08:56,165 [ReplicationMonitor] WARN  container.ReplicationManager (ReplicationManager.java:handleUnderReplicatedContainer(1257)) - Exception while replicating container 3.
org.apache.hadoop.hdds.scm.exceptions.SCMException: Not enough healthy nodes to allocate container. 2  datanodes required. Found 1
	at org.apache.hadoop.hdds.scm.SCMCommonPlacementPolicy.chooseDatanodes(SCMCommonPlacementPolicy.java:150)
	at org.apache.hadoop.hdds.scm.container.placement.algorithms.SCMContainerPlacementRandom.chooseDatanodes(SCMContainerPlacementRandom.java:78)
	at org.apache.hadoop.hdds.scm.container.ReplicationManager.handleUnderReplicatedContainer(ReplicationManager.java:1221)
	at org.apache.hadoop.hdds.scm.container.ReplicationManager.processContainer(ReplicationManager.java:559)
	at org.apache.hadoop.hdds.scm.container.ReplicationManager.processAll(ReplicationManager.java:383)
	at org.apache.hadoop.hdds.scm.container.ReplicationManager.run(ReplicationManager.java:403)
	at java.lang.Thread.run(Thread.java:748)
2022-01-29 14:08:56,165 [ReplicationMonitor] INFO  container.ReplicationManager (ReplicationManager.java:processAll(387)) - Replication Monitor Thread took 1 milliseconds for processing 3 containers.
2022-01-29 14:08:56,227 [ForkJoinPool.commonPool-worker-1] INFO  utils.BackgroundService (BackgroundService.java:shutdown(132)) - Shutting down service BlockDeletingService
2022-01-29 14:08:56,253 [Mini-Cluster-Provider-Reap] INFO  utils.BackgroundService (BackgroundService.java:shutdown(132)) - Shutting down service BlockDeletingService
2022-01-29 14:08:57,166 [ReplicationMonitor] ERROR scm.SCMCommonPlacementPolicy (SCMCommonPlacementPolicy.java:chooseDatanodes(149)) - Not enough healthy nodes to allocate container. 2  datanodes required. Found 1
2022-01-29 14:08:57,166 [ReplicationMonitor] WARN  container.ReplicationManager (ReplicationManager.java:handleUnderReplicatedContainer(1257)) - Exception while replicating container 1.
org.apache.hadoop.hdds.scm.exceptions.SCMException: Not enough healthy nodes to allocate container. 2  datanodes required. Found 1
	at org.apache.hadoop.hdds.scm.SCMCommonPlacementPolicy.chooseDatanodes(SCMCommonPlacementPolicy.java:150)
	at org.apache.hadoop.hdds.scm.container.placement.algorithms.SCMContainerPlacementRandom.chooseDatanodes(SCMContainerPlacementRandom.java:78)
	at org.apache.hadoop.hdds.scm.container.ReplicationManager.handleUnderReplicatedContainer(ReplicationManager.java:1221)
	at org.apache.hadoop.hdds.scm.container.ReplicationManager.processContainer(ReplicationManager.java:559)
	at org.apache.hadoop.hdds.scm.container.ReplicationManager.processAll(ReplicationManager.java:383)
	at org.apache.hadoop.hdds.scm.container.ReplicationManager.run(ReplicationManager.java:403)
	at java.lang.Thread.run(Thread.java:748)
2022-01-29 14:08:57,167 [ReplicationMonitor] ERROR scm.SCMCommonPlacementPolicy (SCMCommonPlacementPolicy.java:chooseDatanodes(140)) - No healthy node found to allocate container.
2022-01-29 14:08:57,167 [ReplicationMonitor] WARN  container.ReplicationManager (ReplicationManager.java:handleUnderReplicatedContainer(1257)) - Exception while replicating container 2.
org.apache.hadoop.hdds.scm.exceptions.SCMException: No healthy node found to allocate container.
	at org.apache.hadoop.hdds.scm.SCMCommonPlacementPolicy.chooseDatanodes(SCMCommonPlacementPolicy.java:141)
	at org.apache.hadoop.hdds.scm.container.placement.algorithms.SCMContainerPlacementRandom.chooseDatanodes(SCMContainerPlacementRandom.java:78)
	at org.apache.hadoop.hdds.scm.container.ReplicationManager.handleUnderReplicatedContainer(ReplicationManager.java:1221)
	at org.apache.hadoop.hdds.scm.container.ReplicationManager.processContainer(ReplicationManager.java:559)
	at org.apache.hadoop.hdds.scm.container.ReplicationManager.processAll(ReplicationManager.java:383)
	at org.apache.hadoop.hdds.scm.container.ReplicationManager.run(ReplicationManager.java:403)
	at java.lang.Thread.run(Thread.java:748)
2022-01-29 14:08:57,167 [ReplicationMonitor] ERROR scm.SCMCommonPlacementPolicy (SCMCommonPlacementPolicy.java:chooseDatanodes(149)) - Not enough healthy nodes to allocate container. 2  datanodes required. Found 1
2022-01-29 14:08:57,167 [ReplicationMonitor] WARN  container.ReplicationManager (ReplicationManager.java:handleUnderReplicatedContainer(1257)) - Exception while replicating container 3.
org.apache.hadoop.hdds.scm.exceptions.SCMException: Not enough healthy nodes to allocate container. 2  datanodes required. Found 1
	at org.apache.hadoop.hdds.scm.SCMCommonPlacementPolicy.chooseDatanodes(SCMCommonPlacementPolicy.java:150)
	at org.apache.hadoop.hdds.scm.container.placement.algorithms.SCMContainerPlacementRandom.chooseDatanodes(SCMContainerPlacementRandom.java:78)
	at org.apache.hadoop.hdds.scm.container.ReplicationManager.handleUnderReplicatedContainer(ReplicationManager.java:1221)
	at org.apache.hadoop.hdds.scm.container.ReplicationManager.processContainer(ReplicationManager.java:559)
	at org.apache.hadoop.hdds.scm.container.ReplicationManager.processAll(ReplicationManager.java:383)
	at org.apache.hadoop.hdds.scm.container.ReplicationManager.run(ReplicationManager.java:403)
	at java.lang.Thread.run(Thread.java:748)
2022-01-29 14:08:57,167 [ReplicationMonitor] INFO  container.ReplicationManager (ReplicationManager.java:processAll(387)) - Replication Monitor Thread took 1 milliseconds for processing 3 containers.
2022-01-29 14:08:58,168 [ReplicationMonitor] ERROR scm.SCMCommonPlacementPolicy (SCMCommonPlacementPolicy.java:chooseDatanodes(149)) - Not enough healthy nodes to allocate container. 2  datanodes required. Found 1
2022-01-29 14:08:58,168 [ReplicationMonitor] WARN  container.ReplicationManager (ReplicationManager.java:handleUnderReplicatedContainer(1257)) - Exception while replicating container 1.
org.apache.hadoop.hdds.scm.exceptions.SCMException: Not enough healthy nodes to allocate container. 2  datanodes required. Found 1
	at org.apache.hadoop.hdds.scm.SCMCommonPlacementPolicy.chooseDatanodes(SCMCommonPlacementPolicy.java:150)
	at org.apache.hadoop.hdds.scm.container.placement.algorithms.SCMContainerPlacementRandom.chooseDatanodes(SCMContainerPlacementRandom.java:78)
	at org.apache.hadoop.hdds.scm.container.ReplicationManager.handleUnderReplicatedContainer(ReplicationManager.java:1221)
	at org.apache.hadoop.hdds.scm.container.ReplicationManager.processContainer(ReplicationManager.java:559)
	at org.apache.hadoop.hdds.scm.container.ReplicationManager.processAll(ReplicationManager.java:383)
	at org.apache.hadoop.hdds.scm.container.ReplicationManager.run(ReplicationManager.java:403)
	at java.lang.Thread.run(Thread.java:748)
2022-01-29 14:08:58,168 [ReplicationMonitor] ERROR scm.SCMCommonPlacementPolicy (SCMCommonPlacementPolicy.java:chooseDatanodes(140)) - No healthy node found to allocate container.
2022-01-29 14:08:58,168 [ReplicationMonitor] WARN  container.ReplicationManager (ReplicationManager.java:handleUnderReplicatedContainer(1257)) - Exception while replicating container 2.
org.apache.hadoop.hdds.scm.exceptions.SCMException: No healthy node found to allocate container.
	at org.apache.hadoop.hdds.scm.SCMCommonPlacementPolicy.chooseDatanodes(SCMCommonPlacementPolicy.java:141)
	at org.apache.hadoop.hdds.scm.container.placement.algorithms.SCMContainerPlacementRandom.chooseDatanodes(SCMContainerPlacementRandom.java:78)
	at org.apache.hadoop.hdds.scm.container.ReplicationManager.handleUnderReplicatedContainer(ReplicationManager.java:1221)
	at org.apache.hadoop.hdds.scm.container.ReplicationManager.processContainer(ReplicationManager.java:559)
	at org.apache.hadoop.hdds.scm.container.ReplicationManager.processAll(ReplicationManager.java:383)
	at org.apache.hadoop.hdds.scm.container.ReplicationManager.run(ReplicationManager.java:403)
	at java.lang.Thread.run(Thread.java:748)
2022-01-29 14:08:58,168 [ReplicationMonitor] ERROR scm.SCMCommonPlacementPolicy (SCMCommonPlacementPolicy.java:chooseDatanodes(149)) - Not enough healthy nodes to allocate container. 2  datanodes required. Found 1
2022-01-29 14:08:58,168 [ReplicationMonitor] WARN  container.ReplicationManager (ReplicationManager.java:handleUnderReplicatedContainer(1257)) - Exception while replicating container 3.
org.apache.hadoop.hdds.scm.exceptions.SCMException: Not enough healthy nodes to allocate container. 2  datanodes required. Found 1
	at org.apache.hadoop.hdds.scm.SCMCommonPlacementPolicy.chooseDatanodes(SCMCommonPlacementPolicy.java:150)
	at org.apache.hadoop.hdds.scm.container.placement.algorithms.SCMContainerPlacementRandom.chooseDatanodes(SCMContainerPlacementRandom.java:78)
	at org.apache.hadoop.hdds.scm.container.ReplicationManager.handleUnderReplicatedContainer(ReplicationManager.java:1221)
	at org.apache.hadoop.hdds.scm.container.ReplicationManager.processContainer(ReplicationManager.java:559)
	at org.apache.hadoop.hdds.scm.container.ReplicationManager.processAll(ReplicationManager.java:383)
	at org.apache.hadoop.hdds.scm.container.ReplicationManager.run(ReplicationManager.java:403)
	at java.lang.Thread.run(Thread.java:748)
2022-01-29 14:08:58,169 [ReplicationMonitor] INFO  container.ReplicationManager (ReplicationManager.java:processAll(387)) - Replication Monitor Thread took 2 milliseconds for processing 3 containers.
2022-01-29 14:08:59,169 [ReplicationMonitor] ERROR scm.SCMCommonPlacementPolicy (SCMCommonPlacementPolicy.java:chooseDatanodes(149)) - Not enough healthy nodes to allocate container. 2  datanodes required. Found 1
2022-01-29 14:08:59,169 [ReplicationMonitor] WARN  container.ReplicationManager (ReplicationManager.java:handleUnderReplicatedContainer(1257)) - Exception while replicating container 1.
org.apache.hadoop.hdds.scm.exceptions.SCMException: Not enough healthy nodes to allocate container. 2  datanodes required. Found 1
	at org.apache.hadoop.hdds.scm.SCMCommonPlacementPolicy.chooseDatanodes(SCMCommonPlacementPolicy.java:150)
	at org.apache.hadoop.hdds.scm.container.placement.algorithms.SCMContainerPlacementRandom.chooseDatanodes(SCMContainerPlacementRandom.java:78)
	at org.apache.hadoop.hdds.scm.container.ReplicationManager.handleUnderReplicatedContainer(ReplicationManager.java:1221)
	at org.apache.hadoop.hdds.scm.container.ReplicationManager.processContainer(ReplicationManager.java:559)
	at org.apache.hadoop.hdds.scm.container.ReplicationManager.processAll(ReplicationManager.java:383)
	at org.apache.hadoop.hdds.scm.container.ReplicationManager.run(ReplicationManager.java:403)
	at java.lang.Thread.run(Thread.java:748)
2022-01-29 14:08:59,170 [ReplicationMonitor] ERROR scm.SCMCommonPlacementPolicy (SCMCommonPlacementPolicy.java:chooseDatanodes(140)) - No healthy node found to allocate container.
2022-01-29 14:08:59,170 [ReplicationMonitor] WARN  container.ReplicationManager (ReplicationManager.java:handleUnderReplicatedContainer(1257)) - Exception while replicating container 2.
org.apache.hadoop.hdds.scm.exceptions.SCMException: No healthy node found to allocate container.
	at org.apache.hadoop.hdds.scm.SCMCommonPlacementPolicy.chooseDatanodes(SCMCommonPlacementPolicy.java:141)
	at org.apache.hadoop.hdds.scm.container.placement.algorithms.SCMContainerPlacementRandom.chooseDatanodes(SCMContainerPlacementRandom.java:78)
	at org.apache.hadoop.hdds.scm.container.ReplicationManager.handleUnderReplicatedContainer(ReplicationManager.java:1221)
	at org.apache.hadoop.hdds.scm.container.ReplicationManager.processContainer(ReplicationManager.java:559)
	at org.apache.hadoop.hdds.scm.container.ReplicationManager.processAll(ReplicationManager.java:383)
	at org.apache.hadoop.hdds.scm.container.ReplicationManager.run(ReplicationManager.java:403)
	at java.lang.Thread.run(Thread.java:748)
2022-01-29 14:08:59,170 [ReplicationMonitor] ERROR scm.SCMCommonPlacementPolicy (SCMCommonPlacementPolicy.java:chooseDatanodes(149)) - Not enough healthy nodes to allocate container. 2  datanodes required. Found 1
2022-01-29 14:08:59,170 [ReplicationMonitor] WARN  container.ReplicationManager (ReplicationManager.java:handleUnderReplicatedContainer(1257)) - Exception while replicating container 3.
org.apache.hadoop.hdds.scm.exceptions.SCMException: Not enough healthy nodes to allocate container. 2  datanodes required. Found 1
	at org.apache.hadoop.hdds.scm.SCMCommonPlacementPolicy.chooseDatanodes(SCMCommonPlacementPolicy.java:150)
	at org.apache.hadoop.hdds.scm.container.placement.algorithms.SCMContainerPlacementRandom.chooseDatanodes(SCMContainerPlacementRandom.java:78)
	at org.apache.hadoop.hdds.scm.container.ReplicationManager.handleUnderReplicatedContainer(ReplicationManager.java:1221)
	at org.apache.hadoop.hdds.scm.container.ReplicationManager.processContainer(ReplicationManager.java:559)
	at org.apache.hadoop.hdds.scm.container.ReplicationManager.processAll(ReplicationManager.java:383)
	at org.apache.hadoop.hdds.scm.container.ReplicationManager.run(ReplicationManager.java:403)
	at java.lang.Thread.run(Thread.java:748)
2022-01-29 14:08:59,170 [ReplicationMonitor] INFO  container.ReplicationManager (ReplicationManager.java:processAll(387)) - Replication Monitor Thread took 1 milliseconds for processing 3 containers.
2022-01-29 14:08:59,251 [ForkJoinPool.commonPool-worker-1] INFO  statemachine.DatanodeStateMachine (DatanodeStateMachine.java:stopDaemon(529)) - Ozone container server stopped.
2022-01-29 14:08:59,254 [ForkJoinPool.commonPool-worker-1] INFO  handler.ContextHandler (ContextHandler.java:doStop(1153)) - Stopped o.e.j.w.WebAppContext@5c0ee05{hddsDatanode,/,null,STOPPED}{jar:file:/home/runner/.m2/repository/org/apache/ozone/hdds-container-service/1.3.0-SNAPSHOT/hdds-container-service-1.3.0-SNAPSHOT.jar!/webapps/hddsDatanode}
2022-01-29 14:08:59,258 [ForkJoinPool.commonPool-worker-1] INFO  server.AbstractConnector (AbstractConnector.java:doStop(381)) - Stopped ServerConnector@7453e63c{HTTP/1.1, (http/1.1)}{0.0.0.0:0}
2022-01-29 14:08:59,258 [ForkJoinPool.commonPool-worker-1] INFO  server.session (HouseKeeper.java:stopScavenging(149)) - node0 Stopped scavenging
2022-01-29 14:08:59,260 [ForkJoinPool.commonPool-worker-1] INFO  handler.ContextHandler (ContextHandler.java:doStop(1153)) - Stopped o.e.j.s.ServletContextHandler@45dc5e59{static,/static,jar:file:/home/runner/.m2/repository/org/apache/ozone/hdds-container-service/1.3.0-SNAPSHOT/hdds-container-service-1.3.0-SNAPSHOT.jar!/webapps/static,STOPPED}
2022-01-29 14:08:59,266 [ForkJoinPool.commonPool-worker-1] INFO  handler.ContextHandler (ContextHandler.java:doStop(1153)) - Stopped o.e.j.s.ServletContextHandler@367f605c{logs,/logs,file:///home/runner/work/ozone/ozone/hadoop-ozone/integration-test/target/log,STOPPED}
2022-01-29 14:08:59,274 [Mini-Cluster-Provider-Reap] INFO  statemachine.DatanodeStateMachine (DatanodeStateMachine.java:stopDaemon(529)) - Ozone container server stopped.
2022-01-29 14:08:59,280 [Mini-Cluster-Provider-Reap] INFO  handler.ContextHandler (ContextHandler.java:doStop(1153)) - Stopped o.e.j.w.WebAppContext@3fafcc8{hddsDatanode,/,null,STOPPED}{jar:file:/home/runner/.m2/repository/org/apache/ozone/hdds-container-service/1.3.0-SNAPSHOT/hdds-container-service-1.3.0-SNAPSHOT.jar!/webapps/hddsDatanode}
2022-01-29 14:08:59,281 [Mini-Cluster-Provider-Reap] INFO  server.AbstractConnector (AbstractConnector.java:doStop(381)) - Stopped ServerConnector@1636243c{HTTP/1.1, (http/1.1)}{0.0.0.0:0}
2022-01-29 14:08:59,281 [Mini-Cluster-Provider-Reap] INFO  server.session (HouseKeeper.java:stopScavenging(149)) - node0 Stopped scavenging
2022-01-29 14:08:59,282 [Mini-Cluster-Provider-Reap] INFO  handler.ContextHandler (ContextHandler.java:doStop(1153)) - Stopped o.e.j.s.ServletContextHandler@114ff3d7{static,/static,jar:file:/home/runner/.m2/repository/org/apache/ozone/hdds-container-service/1.3.0-SNAPSHOT/hdds-container-service-1.3.0-SNAPSHOT.jar!/webapps/static,STOPPED}
2022-01-29 14:08:59,285 [Mini-Cluster-Provider-Reap] INFO  handler.ContextHandler (ContextHandler.java:doStop(1153)) - Stopped o.e.j.s.ServletContextHandler@7133550a{logs,/logs,file:///home/runner/work/ozone/ozone/hadoop-ozone/integration-test/target/log,STOPPED}
2022-01-29 14:09:00,171 [ReplicationMonitor] ERROR scm.SCMCommonPlacementPolicy (SCMCommonPlacementPolicy.java:chooseDatanodes(149)) - Not enough healthy nodes to allocate container. 2  datanodes required. Found 1
2022-01-29 14:09:00,171 [ReplicationMonitor] WARN  container.ReplicationManager (ReplicationManager.java:handleUnderReplicatedContainer(1257)) - Exception while replicating container 1.
org.apache.hadoop.hdds.scm.exceptions.SCMException: Not enough healthy nodes to allocate container. 2  datanodes required. Found 1
	at org.apache.hadoop.hdds.scm.SCMCommonPlacementPolicy.chooseDatanodes(SCMCommonPlacementPolicy.java:150)
	at org.apache.hadoop.hdds.scm.container.placement.algorithms.SCMContainerPlacementRandom.chooseDatanodes(SCMContainerPlacementRandom.java:78)
	at org.apache.hadoop.hdds.scm.container.ReplicationManager.handleUnderReplicatedContainer(ReplicationManager.java:1221)
	at org.apache.hadoop.hdds.scm.container.ReplicationManager.processContainer(ReplicationManager.java:559)
	at org.apache.hadoop.hdds.scm.container.ReplicationManager.processAll(ReplicationManager.java:383)
	at org.apache.hadoop.hdds.scm.container.ReplicationManager.run(ReplicationManager.java:403)
	at java.lang.Thread.run(Thread.java:748)
2022-01-29 14:09:00,171 [ReplicationMonitor] ERROR scm.SCMCommonPlacementPolicy (SCMCommonPlacementPolicy.java:chooseDatanodes(140)) - No healthy node found to allocate container.
2022-01-29 14:09:00,171 [ReplicationMonitor] WARN  container.ReplicationManager (ReplicationManager.java:handleUnderReplicatedContainer(1257)) - Exception while replicating container 2.
org.apache.hadoop.hdds.scm.exceptions.SCMException: No healthy node found to allocate container.
	at org.apache.hadoop.hdds.scm.SCMCommonPlacementPolicy.chooseDatanodes(SCMCommonPlacementPolicy.java:141)
	at org.apache.hadoop.hdds.scm.container.placement.algorithms.SCMContainerPlacementRandom.chooseDatanodes(SCMContainerPlacementRandom.java:78)
	at org.apache.hadoop.hdds.scm.container.ReplicationManager.handleUnderReplicatedContainer(ReplicationManager.java:1221)
	at org.apache.hadoop.hdds.scm.container.ReplicationManager.processContainer(ReplicationManager.java:559)
	at org.apache.hadoop.hdds.scm.container.ReplicationManager.processAll(ReplicationManager.java:383)
	at org.apache.hadoop.hdds.scm.container.ReplicationManager.run(ReplicationManager.java:403)
	at java.lang.Thread.run(Thread.java:748)
2022-01-29 14:09:00,171 [ReplicationMonitor] ERROR scm.SCMCommonPlacementPolicy (SCMCommonPlacementPolicy.java:chooseDatanodes(149)) - Not enough healthy nodes to allocate container. 2  datanodes required. Found 1
2022-01-29 14:09:00,172 [ReplicationMonitor] WARN  container.ReplicationManager (ReplicationManager.java:handleUnderReplicatedContainer(1257)) - Exception while replicating container 3.
org.apache.hadoop.hdds.scm.exceptions.SCMException: Not enough healthy nodes to allocate container. 2  datanodes required. Found 1
	at org.apache.hadoop.hdds.scm.SCMCommonPlacementPolicy.chooseDatanodes(SCMCommonPlacementPolicy.java:150)
	at org.apache.hadoop.hdds.scm.container.placement.algorithms.SCMContainerPlacementRandom.chooseDatanodes(SCMContainerPlacementRandom.java:78)
	at org.apache.hadoop.hdds.scm.container.ReplicationManager.handleUnderReplicatedContainer(ReplicationManager.java:1221)
	at org.apache.hadoop.hdds.scm.container.ReplicationManager.processContainer(ReplicationManager.java:559)
	at org.apache.hadoop.hdds.scm.container.ReplicationManager.processAll(ReplicationManager.java:383)
	at org.apache.hadoop.hdds.scm.container.ReplicationManager.run(ReplicationManager.java:403)
	at java.lang.Thread.run(Thread.java:748)
2022-01-29 14:09:00,172 [ReplicationMonitor] INFO  container.ReplicationManager (ReplicationManager.java:processAll(387)) - Replication Monitor Thread took 2 milliseconds for processing 3 containers.
2022-01-29 14:09:01,172 [ReplicationMonitor] ERROR scm.SCMCommonPlacementPolicy (SCMCommonPlacementPolicy.java:chooseDatanodes(149)) - Not enough healthy nodes to allocate container. 2  datanodes required. Found 1
2022-01-29 14:09:01,173 [ReplicationMonitor] WARN  container.ReplicationManager (ReplicationManager.java:handleUnderReplicatedContainer(1257)) - Exception while replicating container 1.
org.apache.hadoop.hdds.scm.exceptions.SCMException: Not enough healthy nodes to allocate container. 2  datanodes required. Found 1
	at org.apache.hadoop.hdds.scm.SCMCommonPlacementPolicy.chooseDatanodes(SCMCommonPlacementPolicy.java:150)
	at org.apache.hadoop.hdds.scm.container.placement.algorithms.SCMContainerPlacementRandom.chooseDatanodes(SCMContainerPlacementRandom.java:78)
	at org.apache.hadoop.hdds.scm.container.ReplicationManager.handleUnderReplicatedContainer(ReplicationManager.java:1221)
	at org.apache.hadoop.hdds.scm.container.ReplicationManager.processContainer(ReplicationManager.java:559)
	at org.apache.hadoop.hdds.scm.container.ReplicationManager.processAll(ReplicationManager.java:383)
	at org.apache.hadoop.hdds.scm.container.ReplicationManager.run(ReplicationManager.java:403)
	at java.lang.Thread.run(Thread.java:748)
2022-01-29 14:09:01,173 [ReplicationMonitor] ERROR scm.SCMCommonPlacementPolicy (SCMCommonPlacementPolicy.java:chooseDatanodes(140)) - No healthy node found to allocate container.
2022-01-29 14:09:01,173 [ReplicationMonitor] WARN  container.ReplicationManager (ReplicationManager.java:handleUnderReplicatedContainer(1257)) - Exception while replicating container 2.
org.apache.hadoop.hdds.scm.exceptions.SCMException: No healthy node found to allocate container.
	at org.apache.hadoop.hdds.scm.SCMCommonPlacementPolicy.chooseDatanodes(SCMCommonPlacementPolicy.java:141)
	at org.apache.hadoop.hdds.scm.container.placement.algorithms.SCMContainerPlacementRandom.chooseDatanodes(SCMContainerPlacementRandom.java:78)
	at org.apache.hadoop.hdds.scm.container.ReplicationManager.handleUnderReplicatedContainer(ReplicationManager.java:1221)
	at org.apache.hadoop.hdds.scm.container.ReplicationManager.processContainer(ReplicationManager.java:559)
	at org.apache.hadoop.hdds.scm.container.ReplicationManager.processAll(ReplicationManager.java:383)
	at org.apache.hadoop.hdds.scm.container.ReplicationManager.run(ReplicationManager.java:403)
	at java.lang.Thread.run(Thread.java:748)
2022-01-29 14:09:01,183 [ReplicationMonitor] ERROR scm.SCMCommonPlacementPolicy (SCMCommonPlacementPolicy.java:chooseDatanodes(149)) - Not enough healthy nodes to allocate container. 2  datanodes required. Found 1
2022-01-29 14:09:01,183 [ReplicationMonitor] WARN  container.ReplicationManager (ReplicationManager.java:handleUnderReplicatedContainer(1257)) - Exception while replicating container 3.
org.apache.hadoop.hdds.scm.exceptions.SCMException: Not enough healthy nodes to allocate container. 2  datanodes required. Found 1
	at org.apache.hadoop.hdds.scm.SCMCommonPlacementPolicy.chooseDatanodes(SCMCommonPlacementPolicy.java:150)
	at org.apache.hadoop.hdds.scm.container.placement.algorithms.SCMContainerPlacementRandom.chooseDatanodes(SCMContainerPlacementRandom.java:78)
	at org.apache.hadoop.hdds.scm.container.ReplicationManager.handleUnderReplicatedContainer(ReplicationManager.java:1221)
	at org.apache.hadoop.hdds.scm.container.ReplicationManager.processContainer(ReplicationManager.java:559)
	at org.apache.hadoop.hdds.scm.container.ReplicationManager.processAll(ReplicationManager.java:383)
	at org.apache.hadoop.hdds.scm.container.ReplicationManager.run(ReplicationManager.java:403)
	at java.lang.Thread.run(Thread.java:748)
2022-01-29 14:09:01,183 [ReplicationMonitor] INFO  container.ReplicationManager (ReplicationManager.java:processAll(387)) - Replication Monitor Thread took 11 milliseconds for processing 3 containers.
2022-01-29 14:09:01,633 [EventQueue-StaleNodeForStaleNodeHandler] INFO  node.StaleNodeHandler (StaleNodeHandler.java:onMessage(58)) - Datanode ed3915ba-b68b-45ae-bdb6-9aa431ff8088{ip: 10.1.0.17, host: fv-az50-163.grzltbmokehuzjyc5b133kdqgh.cx.internal.cloudapp.net, ports: [REPLICATION=42099, RATIS=34273, RATIS_ADMIN=34273, RATIS_SERVER=34273, STANDALONE=43751], networkLocation: /default-rack, certSerialId: null, persistedOpState: IN_SERVICE, persistedOpStateExpiryEpochSec: 0} moved to stale state. Finalizing its pipelines [PipelineID=1be7290d-9905-4306-8eae-d1efa5e6a160]
2022-01-29 14:09:01,634 [EventQueue-StaleNodeForStaleNodeHandler] INFO  pipeline.PipelineManagerImpl (PipelineManagerImpl.java:closePipeline(365)) - Pipeline Pipeline[ Id: 1be7290d-9905-4306-8eae-d1efa5e6a160, Nodes: ed3915ba-b68b-45ae-bdb6-9aa431ff8088{ip: 10.1.0.17, host: fv-az50-163.grzltbmokehuzjyc5b133kdqgh.cx.internal.cloudapp.net, ports: [REPLICATION=42099, RATIS=34273, RATIS_ADMIN=34273, RATIS_SERVER=34273, STANDALONE=43751], networkLocation: /default-rack, certSerialId: null, persistedOpState: IN_SERVICE, persistedOpStateExpiryEpochSec: 0}, ReplicationConfig: RATIS/ONE, State:OPEN, leaderId:ed3915ba-b68b-45ae-bdb6-9aa431ff8088, CreationTimestamp2022-01-29T14:07:57.378Z[Etc/UTC]] moved to CLOSED state
2022-01-29 14:09:02,136 [EventQueue-StaleNodeForStaleNodeHandler] INFO  node.StaleNodeHandler (StaleNodeHandler.java:onMessage(58)) - Datanode 68ed0467-65e0-4391-af6c-ed8d2f7edd37{ip: 10.1.0.17, host: fv-az50-163.grzltbmokehuzjyc5b133kdqgh.cx.internal.cloudapp.net, ports: [REPLICATION=40667, RATIS=41665, RATIS_ADMIN=41665, RATIS_SERVER=41665, STANDALONE=37131], networkLocation: /default-rack, certSerialId: null, persistedOpState: IN_SERVICE, persistedOpStateExpiryEpochSec: 0} moved to stale state. Finalizing its pipelines [PipelineID=e04a6edc-bbe3-4927-87ce-6eb6c397004b]
2022-01-29 14:09:02,137 [EventQueue-StaleNodeForStaleNodeHandler] INFO  pipeline.PipelineManagerImpl (PipelineManagerImpl.java:closePipeline(365)) - Pipeline Pipeline[ Id: e04a6edc-bbe3-4927-87ce-6eb6c397004b, Nodes: 68ed0467-65e0-4391-af6c-ed8d2f7edd37{ip: 10.1.0.17, host: fv-az50-163.grzltbmokehuzjyc5b133kdqgh.cx.internal.cloudapp.net, ports: [REPLICATION=40667, RATIS=41665, RATIS_ADMIN=41665, RATIS_SERVER=41665, STANDALONE=37131], networkLocation: /default-rack, certSerialId: null, persistedOpState: IN_SERVICE, persistedOpStateExpiryEpochSec: 0}, ReplicationConfig: RATIS/ONE, State:OPEN, leaderId:68ed0467-65e0-4391-af6c-ed8d2f7edd37, CreationTimestamp2022-01-29T14:07:58.659Z[Etc/UTC]] moved to CLOSED state
2022-01-29 14:09:02,184 [ReplicationMonitor] WARN  container.ReplicationManager (ReplicationManager.java:handleUnderReplicatedContainer(1253)) - Cannot replicate container #1, no healthy replica found.
2022-01-29 14:09:02,184 [ReplicationMonitor] WARN  container.ReplicationManager (ReplicationManager.java:handleUnderReplicatedContainer(1253)) - Cannot replicate container #2, no healthy replica found.
2022-01-29 14:09:02,184 [ReplicationMonitor] WARN  container.ReplicationManager (ReplicationManager.java:handleUnderReplicatedContainer(1253)) - Cannot replicate container #3, no healthy replica found.
2022-01-29 14:09:02,184 [ReplicationMonitor] INFO  container.ReplicationManager (ReplicationManager.java:processAll(387)) - Replication Monitor Thread took 1 milliseconds for processing 3 containers.
2022-01-29 14:09:03,184 [ReplicationMonitor] WARN  container.ReplicationManager (ReplicationManager.java:handleUnderReplicatedContainer(1253)) - Cannot replicate container #1, no healthy replica found.
2022-01-29 14:09:03,185 [ReplicationMonitor] WARN  container.ReplicationManager (ReplicationManager.java:handleUnderReplicatedContainer(1253)) - Cannot replicate container #2, no healthy replica found.
2022-01-29 14:09:03,185 [ReplicationMonitor] WARN  container.ReplicationManager (ReplicationManager.java:handleUnderReplicatedContainer(1253)) - Cannot replicate container #3, no healthy replica found.
2022-01-29 14:09:03,185 [ReplicationMonitor] INFO  container.ReplicationManager (ReplicationManager.java:processAll(387)) - Replication Monitor Thread took 1 milliseconds for processing 3 containers.
2022-01-29 14:09:04,185 [ReplicationMonitor] WARN  container.ReplicationManager (ReplicationManager.java:handleUnderReplicatedContainer(1253)) - Cannot replicate container #1, no healthy replica found.
2022-01-29 14:09:04,186 [ReplicationMonitor] WARN  container.ReplicationManager (ReplicationManager.java:handleUnderReplicatedContainer(1253)) - Cannot replicate container #2, no healthy replica found.
2022-01-29 14:09:04,186 [ReplicationMonitor] WARN  container.ReplicationManager (ReplicationManager.java:handleUnderReplicatedContainer(1253)) - Cannot replicate container #3, no healthy replica found.
2022-01-29 14:09:04,186 [ReplicationMonitor] INFO  container.ReplicationManager (ReplicationManager.java:processAll(387)) - Replication Monitor Thread took 1 milliseconds for processing 3 containers.
2022-01-29 14:09:04,269 [ForkJoinPool.commonPool-worker-1] INFO  ozoneimpl.OzoneContainer (OzoneContainer.java:stop(336)) - Attempting to stop container services.
2022-01-29 14:09:04,279 [ForkJoinPool.commonPool-worker-1] INFO  server.RaftServer (RaftServerProxy.java:lambda$close$6(391)) - ed3915ba-b68b-45ae-bdb6-9aa431ff8088: close
2022-01-29 14:09:04,279 [ForkJoinPool.commonPool-worker-1] INFO  server.RaftServer$Division (RaftServerImpl.java:lambda$close$4(412)) - ed3915ba-b68b-45ae-bdb6-9aa431ff8088@group-D1EFA5E6A160: shutdown
2022-01-29 14:09:04,279 [ForkJoinPool.commonPool-worker-1] INFO  util.JmxRegister (JmxRegister.java:unregister(73)) - Successfully un-registered JMX Bean with object name Ratis:service=RaftServer,group=group-D1EFA5E6A160,id=ed3915ba-b68b-45ae-bdb6-9aa431ff8088
2022-01-29 14:09:04,279 [ForkJoinPool.commonPool-worker-1] INFO  impl.RoleInfo (RoleInfo.java:shutdownLeaderState(91)) - ed3915ba-b68b-45ae-bdb6-9aa431ff8088: shutdown ed3915ba-b68b-45ae-bdb6-9aa431ff8088@group-D1EFA5E6A160-LeaderStateImpl
2022-01-29 14:09:04,279 [ForkJoinPool.commonPool-worker-1] INFO  impl.PendingRequests (PendingRequests.java:sendNotLeaderResponses(282)) - ed3915ba-b68b-45ae-bdb6-9aa431ff8088@group-D1EFA5E6A160-PendingRequests: sendNotLeaderResponses
2022-01-29 14:09:04,280 [ForkJoinPool.commonPool-worker-1] INFO  impl.StateMachineUpdater (StateMachineUpdater.java:stopAndJoin(149)) - ed3915ba-b68b-45ae-bdb6-9aa431ff8088@group-D1EFA5E6A160-StateMachineUpdater: set stopIndex = 0
2022-01-29 14:09:04,280 [ed3915ba-b68b-45ae-bdb6-9aa431ff8088@group-D1EFA5E6A160-StateMachineUpdater] INFO  ratis.ContainerStateMachine (ContainerStateMachine.java:takeSnapshot(299)) - group-D1EFA5E6A160: Taking a snapshot at:(t:1, i:0) file /home/runner/work/ozone/ozone/hadoop-ozone/integration-test/target/test-dir/MiniOzoneClusterImpl-90535881-e8e0-4c69-8fd5-53d51f86d896/datanode-0/data/ratis/1be7290d-9905-4306-8eae-d1efa5e6a160/sm/snapshot.1_0
2022-01-29 14:09:04,282 [ed3915ba-b68b-45ae-bdb6-9aa431ff8088@group-D1EFA5E6A160-StateMachineUpdater] INFO  ratis.ContainerStateMachine (ContainerStateMachine.java:takeSnapshot(310)) - group-D1EFA5E6A160: Finished taking a snapshot at:(t:1, i:0) file:/home/runner/work/ozone/ozone/hadoop-ozone/integration-test/target/test-dir/MiniOzoneClusterImpl-90535881-e8e0-4c69-8fd5-53d51f86d896/datanode-0/data/ratis/1be7290d-9905-4306-8eae-d1efa5e6a160/sm/snapshot.1_0 took: 2 ms
2022-01-29 14:09:04,282 [ed3915ba-b68b-45ae-bdb6-9aa431ff8088@group-D1EFA5E6A160-StateMachineUpdater] INFO  impl.StateMachineUpdater (StateMachineUpdater.java:takeSnapshot(281)) - ed3915ba-b68b-45ae-bdb6-9aa431ff8088@group-D1EFA5E6A160-StateMachineUpdater: Took a snapshot at index 0
2022-01-29 14:09:04,282 [ed3915ba-b68b-45ae-bdb6-9aa431ff8088@group-D1EFA5E6A160-StateMachineUpdater] INFO  impl.StateMachineUpdater (StateMachineUpdater.java:lambda$new$0(89)) - ed3915ba-b68b-45ae-bdb6-9aa431ff8088@group-D1EFA5E6A160-StateMachineUpdater: snapshotIndex: updateIncreasingly -1 -> 0
2022-01-29 14:09:04,284 [ForkJoinPool.commonPool-worker-1] INFO  server.RaftServer$Division (ServerState.java:close(419)) - ed3915ba-b68b-45ae-bdb6-9aa431ff8088@group-D1EFA5E6A160: closes. applyIndex: 0
2022-01-29 14:09:04,284 [ed3915ba-b68b-45ae-bdb6-9aa431ff8088@group-D1EFA5E6A160-SegmentedRaftLogWorker] INFO  segmented.SegmentedRaftLogWorker (SegmentedRaftLogWorker.java:run(327)) - ed3915ba-b68b-45ae-bdb6-9aa431ff8088@group-D1EFA5E6A160-SegmentedRaftLogWorker was interrupted, exiting. There are 0 tasks remaining in the queue.
2022-01-29 14:09:04,284 [ForkJoinPool.commonPool-worker-1] INFO  segmented.SegmentedRaftLogWorker (SegmentedRaftLogWorker.java:close(237)) - ed3915ba-b68b-45ae-bdb6-9aa431ff8088@group-D1EFA5E6A160-SegmentedRaftLogWorker close()
2022-01-29 14:09:04,285 [ForkJoinPool.commonPool-worker-1] INFO  server.GrpcService (GrpcService.java:closeImpl(262)) - ed3915ba-b68b-45ae-bdb6-9aa431ff8088: shutdown server with port 34273 now
2022-01-29 14:09:04,287 [grpc-default-executor-4] WARN  client.GrpcClientProtocolService (LogUtils.java:warn(122)) - 1-UnorderedRequestStreamObserver1: onError: org.apache.ratis.thirdparty.io.grpc.StatusRuntimeException: CANCELLED: client cancelled
2022-01-29 14:09:04,288 [Mini-Cluster-Provider-Reap] INFO  ozoneimpl.OzoneContainer (OzoneContainer.java:stop(336)) - Attempting to stop container services.
2022-01-29 14:09:04,294 [Mini-Cluster-Provider-Reap] INFO  server.RaftServer (RaftServerProxy.java:lambda$close$6(391)) - 68ed0467-65e0-4391-af6c-ed8d2f7edd37: close
2022-01-29 14:09:04,294 [Mini-Cluster-Provider-Reap] INFO  server.RaftServer$Division (RaftServerImpl.java:lambda$close$4(412)) - 68ed0467-65e0-4391-af6c-ed8d2f7edd37@group-6EB6C397004B: shutdown
2022-01-29 14:09:04,294 [Mini-Cluster-Provider-Reap] INFO  util.JmxRegister (JmxRegister.java:unregister(73)) - Successfully un-registered JMX Bean with object name Ratis:service=RaftServer,group=group-6EB6C397004B,id=68ed0467-65e0-4391-af6c-ed8d2f7edd37
2022-01-29 14:09:04,294 [Mini-Cluster-Provider-Reap] INFO  impl.RoleInfo (RoleInfo.java:shutdownLeaderState(91)) - 68ed0467-65e0-4391-af6c-ed8d2f7edd37: shutdown 68ed0467-65e0-4391-af6c-ed8d2f7edd37@group-6EB6C397004B-LeaderStateImpl
2022-01-29 14:09:04,294 [Mini-Cluster-Provider-Reap] INFO  impl.PendingRequests (PendingRequests.java:sendNotLeaderResponses(282)) - 68ed0467-65e0-4391-af6c-ed8d2f7edd37@group-6EB6C397004B-PendingRequests: sendNotLeaderResponses
2022-01-29 14:09:04,295 [Mini-Cluster-Provider-Reap] INFO  impl.StateMachineUpdater (StateMachineUpdater.java:stopAndJoin(149)) - 68ed0467-65e0-4391-af6c-ed8d2f7edd37@group-6EB6C397004B-StateMachineUpdater: set stopIndex = 0
2022-01-29 14:09:04,295 [68ed0467-65e0-4391-af6c-ed8d2f7edd37@group-6EB6C397004B-StateMachineUpdater] INFO  ratis.ContainerStateMachine (ContainerStateMachine.java:takeSnapshot(299)) - group-6EB6C397004B: Taking a snapshot at:(t:1, i:0) file /home/runner/work/ozone/ozone/hadoop-ozone/integration-test/target/test-dir/MiniOzoneClusterImpl-90535881-e8e0-4c69-8fd5-53d51f86d896/datanode-4/data/ratis/e04a6edc-bbe3-4927-87ce-6eb6c397004b/sm/snapshot.1_0
2022-01-29 14:09:04,303 [ForkJoinPool.commonPool-worker-1] INFO  server.GrpcService (GrpcService.java:closeImpl(271)) - ed3915ba-b68b-45ae-bdb6-9aa431ff8088: shutdown server with port 34273 successfully
2022-01-29 14:09:04,304 [org.apache.ratis.util.JvmPauseMonitor$$Lambda$541/969211734@26ec36c6] INFO  util.JvmPauseMonitor (JvmPauseMonitor.java:run(109)) - JvmPauseMonitor-ed3915ba-b68b-45ae-bdb6-9aa431ff8088: Stopped
2022-01-29 14:09:04,304 [68ed0467-65e0-4391-af6c-ed8d2f7edd37@group-6EB6C397004B-StateMachineUpdater] INFO  ratis.ContainerStateMachine (ContainerStateMachine.java:takeSnapshot(310)) - group-6EB6C397004B: Finished taking a snapshot at:(t:1, i:0) file:/home/runner/work/ozone/ozone/hadoop-ozone/integration-test/target/test-dir/MiniOzoneClusterImpl-90535881-e8e0-4c69-8fd5-53d51f86d896/datanode-4/data/ratis/e04a6edc-bbe3-4927-87ce-6eb6c397004b/sm/snapshot.1_0 took: 9 ms
2022-01-29 14:09:04,304 [68ed0467-65e0-4391-af6c-ed8d2f7edd37@group-6EB6C397004B-StateMachineUpdater] INFO  impl.StateMachineUpdater (StateMachineUpdater.java:takeSnapshot(281)) - 68ed0467-65e0-4391-af6c-ed8d2f7edd37@group-6EB6C397004B-StateMachineUpdater: Took a snapshot at index 0
2022-01-29 14:09:04,304 [68ed0467-65e0-4391-af6c-ed8d2f7edd37@group-6EB6C397004B-StateMachineUpdater] INFO  impl.StateMachineUpdater (StateMachineUpdater.java:lambda$new$0(89)) - 68ed0467-65e0-4391-af6c-ed8d2f7edd37@group-6EB6C397004B-StateMachineUpdater: snapshotIndex: updateIncreasingly -1 -> 0
2022-01-29 14:09:04,305 [Mini-Cluster-Provider-Reap] INFO  server.RaftServer$Division (ServerState.java:close(419)) - 68ed0467-65e0-4391-af6c-ed8d2f7edd37@group-6EB6C397004B: closes. applyIndex: 0
2022-01-29 14:09:04,305 [68ed0467-65e0-4391-af6c-ed8d2f7edd37@group-6EB6C397004B-SegmentedRaftLogWorker] INFO  segmented.SegmentedRaftLogWorker (SegmentedRaftLogWorker.java:run(327)) - 68ed0467-65e0-4391-af6c-ed8d2f7edd37@group-6EB6C397004B-SegmentedRaftLogWorker was interrupted, exiting. There are 0 tasks remaining in the queue.
2022-01-29 14:09:04,305 [Mini-Cluster-Provider-Reap] INFO  segmented.SegmentedRaftLogWorker (SegmentedRaftLogWorker.java:close(237)) - 68ed0467-65e0-4391-af6c-ed8d2f7edd37@group-6EB6C397004B-SegmentedRaftLogWorker close()
2022-01-29 14:09:04,306 [Mini-Cluster-Provider-Reap] INFO  server.GrpcService (GrpcService.java:closeImpl(262)) - 68ed0467-65e0-4391-af6c-ed8d2f7edd37: shutdown server with port 41665 now
2022-01-29 14:09:04,307 [Mini-Cluster-Provider-Reap] INFO  server.GrpcService (GrpcService.java:closeImpl(271)) - 68ed0467-65e0-4391-af6c-ed8d2f7edd37: shutdown server with port 41665 successfully
2022-01-29 14:09:04,309 [org.apache.ratis.util.JvmPauseMonitor$$Lambda$541/969211734@7c1070bd] INFO  util.JvmPauseMonitor (JvmPauseMonitor.java:run(109)) - JvmPauseMonitor-68ed0467-65e0-4391-af6c-ed8d2f7edd37: Stopped
2022-01-29 14:09:04,640 [EventQueue-DeadNodeForDeadNodeHandler] INFO  node.DeadNodeHandler (DeadNodeHandler.java:onMessage(80)) - A dead datanode is detected. ed3915ba-b68b-45ae-bdb6-9aa431ff8088{ip: 10.1.0.17, host: fv-az50-163.grzltbmokehuzjyc5b133kdqgh.cx.internal.cloudapp.net, ports: [REPLICATION=42099, RATIS=34273, RATIS_ADMIN=34273, RATIS_SERVER=34273, STANDALONE=43751], networkLocation: /default-rack, certSerialId: null, persistedOpState: IN_SERVICE, persistedOpStateExpiryEpochSec: 0}
2022-01-29 14:09:04,640 [EventQueue-DeadNodeForDeadNodeHandler] INFO  pipeline.RatisPipelineProvider (RatisPipelineProvider.java:lambda$close$1(222)) - Send pipeline:PipelineID=1be7290d-9905-4306-8eae-d1efa5e6a160 close command to datanode ed3915ba-b68b-45ae-bdb6-9aa431ff8088
2022-01-29 14:09:04,641 [EventQueue-DeadNodeForDeadNodeHandler] INFO  pipeline.PipelineStateManagerImpl (PipelineStateManagerImpl.java:removePipeline(223)) - Pipeline Pipeline[ Id: 1be7290d-9905-4306-8eae-d1efa5e6a160, Nodes: ed3915ba-b68b-45ae-bdb6-9aa431ff8088{ip: 10.1.0.17, host: fv-az50-163.grzltbmokehuzjyc5b133kdqgh.cx.internal.cloudapp.net, ports: [REPLICATION=42099, RATIS=34273, RATIS_ADMIN=34273, RATIS_SERVER=34273, STANDALONE=43751], networkLocation: /default-rack, certSerialId: null, persistedOpState: IN_SERVICE, persistedOpStateExpiryEpochSec: 0}, ReplicationConfig: RATIS/ONE, State:CLOSED, leaderId:ed3915ba-b68b-45ae-bdb6-9aa431ff8088, CreationTimestamp2022-01-29T14:07:57.378Z[Etc/UTC]] removed.
2022-01-29 14:09:04,642 [EventQueue-DeadNodeForDeadNodeHandler] INFO  net.NetworkTopologyImpl (NetworkTopologyImpl.java:remove(137)) - Removed a node: /default-rack/ed3915ba-b68b-45ae-bdb6-9aa431ff8088
2022-01-29 14:09:05,141 [EventQueue-DeadNodeForDeadNodeHandler] INFO  node.DeadNodeHandler (DeadNodeHandler.java:onMessage(80)) - A dead datanode is detected. 68ed0467-65e0-4391-af6c-ed8d2f7edd37{ip: 10.1.0.17, host: fv-az50-163.grzltbmokehuzjyc5b133kdqgh.cx.internal.cloudapp.net, ports: [REPLICATION=40667, RATIS=41665, RATIS_ADMIN=41665, RATIS_SERVER=41665, STANDALONE=37131], networkLocation: /default-rack, certSerialId: null, persistedOpState: IN_SERVICE, persistedOpStateExpiryEpochSec: 0}
2022-01-29 14:09:05,141 [EventQueue-DeadNodeForDeadNodeHandler] INFO  pipeline.RatisPipelineProvider (RatisPipelineProvider.java:lambda$close$1(222)) - Send pipeline:PipelineID=e04a6edc-bbe3-4927-87ce-6eb6c397004b close command to datanode 68ed0467-65e0-4391-af6c-ed8d2f7edd37
2022-01-29 14:09:05,141 [EventQueue-DeadNodeForDeadNodeHandler] INFO  pipeline.PipelineStateManagerImpl (PipelineStateManagerImpl.java:removePipeline(223)) - Pipeline Pipeline[ Id: e04a6edc-bbe3-4927-87ce-6eb6c397004b, Nodes: 68ed0467-65e0-4391-af6c-ed8d2f7edd37{ip: 10.1.0.17, host: fv-az50-163.grzltbmokehuzjyc5b133kdqgh.cx.internal.cloudapp.net, ports: [REPLICATION=40667, RATIS=41665, RATIS_ADMIN=41665, RATIS_SERVER=41665, STANDALONE=37131], networkLocation: /default-rack, certSerialId: null, persistedOpState: IN_SERVICE, persistedOpStateExpiryEpochSec: 0}, ReplicationConfig: RATIS/ONE, State:CLOSED, leaderId:68ed0467-65e0-4391-af6c-ed8d2f7edd37, CreationTimestamp2022-01-29T14:07:58.659Z[Etc/UTC]] removed.
2022-01-29 14:09:05,142 [EventQueue-DeadNodeForDeadNodeHandler] INFO  net.NetworkTopologyImpl (NetworkTopologyImpl.java:remove(137)) - Removed a node: /default-rack/68ed0467-65e0-4391-af6c-ed8d2f7edd37
2022-01-29 14:09:05,186 [ReplicationMonitor] WARN  container.ReplicationManager (ReplicationManager.java:handleUnderReplicatedContainer(1253)) - Cannot replicate container #1, no healthy replica found.
2022-01-29 14:09:05,186 [ReplicationMonitor] WARN  container.ReplicationManager (ReplicationManager.java:handleUnderReplicatedContainer(1253)) - Cannot replicate container #2, no healthy replica found.
2022-01-29 14:09:05,187 [ReplicationMonitor] WARN  container.ReplicationManager (ReplicationManager.java:handleUnderReplicatedContainer(1253)) - Cannot replicate container #3, no healthy replica found.
2022-01-29 14:09:05,187 [ReplicationMonitor] INFO  container.ReplicationManager (ReplicationManager.java:processAll(387)) - Replication Monitor Thread took 1 milliseconds for processing 3 containers.
2022-01-29 14:09:06,187 [ReplicationMonitor] WARN  container.ReplicationManager (ReplicationManager.java:handleUnderReplicatedContainer(1253)) - Cannot replicate container #1, no healthy replica found.
2022-01-29 14:09:06,187 [ReplicationMonitor] WARN  container.ReplicationManager (ReplicationManager.java:handleUnderReplicatedContainer(1253)) - Cannot replicate container #2, no healthy replica found.
2022-01-29 14:09:06,188 [ReplicationMonitor] WARN  container.ReplicationManager (ReplicationManager.java:handleUnderReplicatedContainer(1253)) - Cannot replicate container #3, no healthy replica found.
2022-01-29 14:09:06,188 [ReplicationMonitor] INFO  container.ReplicationManager (ReplicationManager.java:processAll(387)) - Replication Monitor Thread took 1 milliseconds for processing 3 containers.
2022-01-29 14:09:06,323 [ForkJoinPool.commonPool-worker-1] INFO  utils.BackgroundService (BackgroundService.java:shutdown(132)) - Shutting down service BlockDeletingService
2022-01-29 14:09:06,324 [Mini-Cluster-Provider-Reap] INFO  utils.BackgroundService (BackgroundService.java:shutdown(132)) - Shutting down service BlockDeletingService
2022-01-29 14:09:07,188 [ReplicationMonitor] WARN  container.ReplicationManager (ReplicationManager.java:handleUnderReplicatedContainer(1253)) - Cannot replicate container #1, no healthy replica found.
2022-01-29 14:09:07,188 [ReplicationMonitor] WARN  container.ReplicationManager (ReplicationManager.java:handleUnderReplicatedContainer(1253)) - Cannot replicate container #2, no healthy replica found.
2022-01-29 14:09:07,188 [ReplicationMonitor] WARN  container.ReplicationManager (ReplicationManager.java:handleUnderReplicatedContainer(1253)) - Cannot replicate container #3, no healthy replica found.
2022-01-29 14:09:07,188 [ReplicationMonitor] INFO  container.ReplicationManager (ReplicationManager.java:processAll(387)) - Replication Monitor Thread took 0 milliseconds for processing 3 containers.
2022-01-29 14:09:08,189 [ReplicationMonitor] WARN  container.ReplicationManager (ReplicationManager.java:handleUnderReplicatedContainer(1253)) - Cannot replicate container #1, no healthy replica found.
2022-01-29 14:09:08,189 [ReplicationMonitor] WARN  container.ReplicationManager (ReplicationManager.java:handleUnderReplicatedContainer(1253)) - Cannot replicate container #2, no healthy replica found.
2022-01-29 14:09:08,189 [ReplicationMonitor] WARN  container.ReplicationManager (ReplicationManager.java:handleUnderReplicatedContainer(1253)) - Cannot replicate container #3, no healthy replica found.
2022-01-29 14:09:08,189 [ReplicationMonitor] INFO  container.ReplicationManager (ReplicationManager.java:processAll(387)) - Replication Monitor Thread took 0 milliseconds for processing 3 containers.
2022-01-29 14:09:09,191 [ReplicationMonitor] WARN  container.ReplicationManager (ReplicationManager.java:handleUnderReplicatedContainer(1253)) - Cannot replicate container #1, no healthy replica found.
2022-01-29 14:09:09,191 [ReplicationMonitor] WARN  container.ReplicationManager (ReplicationManager.java:handleUnderReplicatedContainer(1253)) - Cannot replicate container #2, no healthy replica found.
2022-01-29 14:09:09,191 [ReplicationMonitor] WARN  container.ReplicationManager (ReplicationManager.java:handleUnderReplicatedContainer(1253)) - Cannot replicate container #3, no healthy replica found.
2022-01-29 14:09:09,191 [ReplicationMonitor] INFO  container.ReplicationManager (ReplicationManager.java:processAll(387)) - Replication Monitor Thread took 1 milliseconds for processing 3 containers.
2022-01-29 14:09:09,335 [ForkJoinPool.commonPool-worker-1] INFO  statemachine.DatanodeStateMachine (DatanodeStateMachine.java:stopDaemon(529)) - Ozone container server stopped.
2022-01-29 14:09:09,338 [ForkJoinPool.commonPool-worker-1] INFO  handler.ContextHandler (ContextHandler.java:doStop(1153)) - Stopped o.e.j.w.WebAppContext@4ff14dad{hddsDatanode,/,null,STOPPED}{jar:file:/home/runner/.m2/repository/org/apache/ozone/hdds-container-service/1.3.0-SNAPSHOT/hdds-container-service-1.3.0-SNAPSHOT.jar!/webapps/hddsDatanode}
2022-01-29 14:09:09,342 [Mini-Cluster-Provider-Reap] INFO  statemachine.DatanodeStateMachine (DatanodeStateMachine.java:stopDaemon(529)) - Ozone container server stopped.
2022-01-29 14:09:09,346 [Mini-Cluster-Provider-Reap] INFO  handler.ContextHandler (ContextHandler.java:doStop(1153)) - Stopped o.e.j.w.WebAppContext@526b4173{hddsDatanode,/,null,STOPPED}{jar:file:/home/runner/.m2/repository/org/apache/ozone/hdds-container-service/1.3.0-SNAPSHOT/hdds-container-service-1.3.0-SNAPSHOT.jar!/webapps/hddsDatanode}
2022-01-29 14:09:09,347 [Mini-Cluster-Provider-Reap] INFO  server.AbstractConnector (AbstractConnector.java:doStop(381)) - Stopped ServerConnector@74d53b32{HTTP/1.1, (http/1.1)}{0.0.0.0:0}
2022-01-29 14:09:09,347 [Mini-Cluster-Provider-Reap] INFO  server.session (HouseKeeper.java:stopScavenging(149)) - node0 Stopped scavenging
2022-01-29 14:09:09,347 [Mini-Cluster-Provider-Reap] INFO  handler.ContextHandler (ContextHandler.java:doStop(1153)) - Stopped o.e.j.s.ServletContextHandler@5d5ca216{static,/static,jar:file:/home/runner/.m2/repository/org/apache/ozone/hdds-container-service/1.3.0-SNAPSHOT/hdds-container-service-1.3.0-SNAPSHOT.jar!/webapps/static,STOPPED}
2022-01-29 14:09:09,347 [Mini-Cluster-Provider-Reap] INFO  handler.ContextHandler (ContextHandler.java:doStop(1153)) - Stopped o.e.j.s.ServletContextHandler@283cfd53{logs,/logs,file:///home/runner/work/ozone/ozone/hadoop-ozone/integration-test/target/log,STOPPED}
2022-01-29 14:09:09,358 [ForkJoinPool.commonPool-worker-1] INFO  server.AbstractConnector (AbstractConnector.java:doStop(381)) - Stopped ServerConnector@31f6570d{HTTP/1.1, (http/1.1)}{0.0.0.0:0}
2022-01-29 14:09:09,358 [ForkJoinPool.commonPool-worker-1] INFO  server.session (HouseKeeper.java:stopScavenging(149)) - node0 Stopped scavenging
2022-01-29 14:09:09,358 [ForkJoinPool.commonPool-worker-1] INFO  handler.ContextHandler (ContextHandler.java:doStop(1153)) - Stopped o.e.j.s.ServletContextHandler@1007d5a2{static,/static,jar:file:/home/runner/.m2/repository/org/apache/ozone/hdds-container-service/1.3.0-SNAPSHOT/hdds-container-service-1.3.0-SNAPSHOT.jar!/webapps/static,STOPPED}
2022-01-29 14:09:09,359 [ForkJoinPool.commonPool-worker-1] INFO  handler.ContextHandler (ContextHandler.java:doStop(1153)) - Stopped o.e.j.s.ServletContextHandler@5469305c{logs,/logs,file:///home/runner/work/ozone/ozone/hadoop-ozone/integration-test/target/log,STOPPED}
2022-01-29 14:09:09,360 [Mini-Cluster-Provider-Reap] INFO  ozone.MiniOzoneClusterImpl (MiniOzoneClusterImpl.java:stopSCM(526)) - Stopping the StorageContainerManager
2022-01-29 14:09:09,360 [Mini-Cluster-Provider-Reap] INFO  server.StorageContainerManager (StorageContainerManager.java:stop(1390)) - Stopping Container Balancer service.
2022-01-29 14:09:09,360 [Mini-Cluster-Provider-Reap] INFO  balancer.ContainerBalancer (ContainerBalancer.java:stop(751)) - Container Balancer is not running.
2022-01-29 14:09:09,360 [Mini-Cluster-Provider-Reap] INFO  server.StorageContainerManager (StorageContainerManager.java:stop(1397)) - Stopping Replication Manager Service.
2022-01-29 14:09:09,360 [Mini-Cluster-Provider-Reap] INFO  container.ReplicationManager (ReplicationManager.java:stop(357)) - Stopping Replication Monitor Thread.
2022-01-29 14:09:09,360 [Mini-Cluster-Provider-Reap] INFO  server.StorageContainerManager (StorageContainerManager.java:stop(1404)) - Stopping the Datanode Admin Monitor.
2022-01-29 14:09:09,360 [Mini-Cluster-Provider-Reap] INFO  server.StorageContainerManager (StorageContainerManager.java:stop(1411)) - Stopping Lease Manager of the command watchers
2022-01-29 14:09:09,360 [Mini-Cluster-Provider-Reap] INFO  server.StorageContainerManager (StorageContainerManager.java:stop(1418)) - Stopping datanode service RPC server
2022-01-29 14:09:09,360 [Mini-Cluster-Provider-Reap] INFO  server.SCMDatanodeProtocolServer (SCMDatanodeProtocolServer.java:stop(390)) - Stopping the RPC server for DataNodes
2022-01-29 14:09:09,360 [Mini-Cluster-Provider-Reap] INFO  ipc.Server (Server.java:stop(3414)) - Stopping server on 41181
2022-01-29 14:09:09,363 [IPC Server listener on 0] INFO  ipc.Server (Server.java:run(1376)) - Stopping IPC Server listener on 0
2022-01-29 14:09:09,363 [IPC Server Responder] INFO  ipc.Server (Server.java:run(1512)) - Stopping IPC Server Responder
2022-01-29 14:09:09,448 [SCM Heartbeat Processing Thread - 0] WARN  node.NodeStateManager (NodeStateManager.java:scheduleNextHealthCheck(799)) - Current Thread is interrupted, shutting down HB processing thread for Node Manager.
2022-01-29 14:09:09,448 [Mini-Cluster-Provider-Reap] INFO  server.StorageContainerManager (StorageContainerManager.java:stop(1426)) - Stopping block service RPC server
2022-01-29 14:09:09,448 [Mini-Cluster-Provider-Reap] INFO  server.SCMBlockProtocolServer (SCMBlockProtocolServer.java:stop(160)) - Stopping the RPC server for Block Protocol
2022-01-29 14:09:09,448 [Mini-Cluster-Provider-Reap] INFO  ipc.Server (Server.java:stop(3414)) - Stopping server on 36533
2022-01-29 14:09:09,451 [IPC Server Responder] INFO  ipc.Server (Server.java:run(1512)) - Stopping IPC Server Responder
2022-01-29 14:09:09,451 [Mini-Cluster-Provider-Reap] INFO  server.StorageContainerManager (StorageContainerManager.java:stop(1433)) - Stopping the StorageContainerLocationProtocol RPC server
2022-01-29 14:09:09,451 [Mini-Cluster-Provider-Reap] INFO  server.SCMClientProtocolServer (SCMClientProtocolServer.java:stop(174)) - Stopping the RPC server for Client Protocol
2022-01-29 14:09:09,451 [Mini-Cluster-Provider-Reap] INFO  ipc.Server (Server.java:stop(3414)) - Stopping server on 38811
2022-01-29 14:09:09,452 [IPC Server listener on 0] INFO  ipc.Server (Server.java:run(1376)) - Stopping IPC Server listener on 0
2022-01-29 14:09:09,454 [IPC Server Responder] INFO  ipc.Server (Server.java:run(1512)) - Stopping IPC Server Responder
2022-01-29 14:09:09,454 [IPC Server listener on 0] INFO  ipc.Server (Server.java:run(1376)) - Stopping IPC Server listener on 0
2022-01-29 14:09:09,454 [Mini-Cluster-Provider-Reap] INFO  server.StorageContainerManager (StorageContainerManager.java:stop(1440)) - Stopping Storage Container Manager HTTP server.
2022-01-29 14:09:09,456 [Mini-Cluster-Provider-Reap] INFO  handler.ContextHandler (ContextHandler.java:doStop(1153)) - Stopped o.e.j.w.WebAppContext@7ab8c416{scm,/,null,STOPPED}{file:/home/runner/work/ozone/ozone/hadoop-ozone/integration-test/target/test-classes/webapps/scm}
2022-01-29 14:09:09,463 [Mini-Cluster-Provider-Reap] INFO  server.AbstractConnector (AbstractConnector.java:doStop(381)) - Stopped ServerConnector@d8654e2{HTTP/1.1, (http/1.1)}{0.0.0.0:0}
2022-01-29 14:09:09,464 [Mini-Cluster-Provider-Reap] INFO  server.session (HouseKeeper.java:stopScavenging(149)) - node0 Stopped scavenging
2022-01-29 14:09:09,464 [Mini-Cluster-Provider-Reap] INFO  handler.ContextHandler (ContextHandler.java:doStop(1153)) - Stopped o.e.j.s.ServletContextHandler@72f2365f{static,/static,file:///home/runner/work/ozone/ozone/hadoop-ozone/integration-test/target/test-classes/webapps/static,STOPPED}
2022-01-29 14:09:09,464 [Mini-Cluster-Provider-Reap] INFO  handler.ContextHandler (ContextHandler.java:doStop(1153)) - Stopped o.e.j.s.ServletContextHandler@1485ac36{logs,/logs,file:///home/runner/work/ozone/ozone/hadoop-ozone/integration-test/target/log,STOPPED}
2022-01-29 14:09:09,477 [Mini-Cluster-Provider-Reap] INFO  server.StorageContainerManager (StorageContainerManager.java:stop(1451)) - Stopping Block Manager Service.
2022-01-29 14:09:09,477 [Mini-Cluster-Provider-Reap] INFO  utils.BackgroundService (BackgroundService.java:shutdown(132)) - Shutting down service SCMBlockDeletingService
2022-01-29 14:09:09,477 [Mini-Cluster-Provider-Reap] INFO  utils.BackgroundService (BackgroundService.java:shutdown(132)) - Shutting down service SCMBlockDeletingService
2022-01-29 14:09:09,477 [Mini-Cluster-Provider-Reap] INFO  server.StorageContainerManager (StorageContainerManager.java:stop(1478)) - Stopping SCM Event Queue.
2022-01-29 14:09:09,494 [Mini-Cluster-Provider-Reap] INFO  server.StorageContainerManager (StorageContainerManager.java:stop(1489)) - Stopping SCM HA services.
2022-01-29 14:09:09,494 [Mini-Cluster-Provider-Reap] INFO  pipeline.BackgroundPipelineCreator (BackgroundPipelineCreator.java:stop(158)) - Stopping RatisPipelineUtilsThread.
2022-01-29 14:09:09,494 [Mini-Cluster-Provider-Reap] INFO  server.StorageContainerManager (StorageContainerManager.java:stop(1499)) - Stopping SCM MetadataStore.
2022-01-29 14:09:09,495 [Mini-Cluster-Provider-Reap] INFO  impl.MetricsSystemImpl (MetricsSystemImpl.java:stop(210)) - Stopping HddsDatanode metrics system...
2022-01-29 14:09:09,497 [prometheus] INFO  impl.MetricsSinkAdapter (MetricsSinkAdapter.java:publishMetricsFromQueue(141)) - prometheus thread interrupted.
2022-01-29 14:09:09,509 [Mini-Cluster-Provider-Reap] INFO  impl.MetricsSystemImpl (MetricsSystemImpl.java:stop(216)) - HddsDatanode metrics system stopped.
]]></system-out>
  </testcase>
  <testcase name="testMaintenanceEndsAutomaticallyAtTimeout" classname="org.apache.hadoop.ozone.scm.node.TestDecommissionAndMaintenance" time="100.016">
    <error message="Failed to obtain available cluster in time" type="java.io.IOException">java.io.IOException: Failed to obtain available cluster in time
	at org.apache.hadoop.ozone.MiniOzoneClusterProvider.provide(MiniOzoneClusterProvider.java:162)
	at org.apache.hadoop.ozone.scm.node.TestDecommissionAndMaintenance.setUp(TestDecommissionAndMaintenance.java:142)
	at sun.reflect.NativeMethodAccessorImpl.invoke0(Native Method)
	at sun.reflect.NativeMethodAccessorImpl.invoke(NativeMethodAccessorImpl.java:62)
	at sun.reflect.DelegatingMethodAccessorImpl.invoke(DelegatingMethodAccessorImpl.java:43)
	at java.lang.reflect.Method.invoke(Method.java:498)
	at org.junit.runners.model.FrameworkMethod$1.runReflectiveCall(FrameworkMethod.java:59)
	at org.junit.internal.runners.model.ReflectiveCallable.run(ReflectiveCallable.java:12)
	at org.junit.runners.model.FrameworkMethod.invokeExplosively(FrameworkMethod.java:56)
	at org.junit.internal.runners.statements.RunBefores.invokeMethod(RunBefores.java:33)
	at org.junit.internal.runners.statements.RunBefores.evaluate(RunBefores.java:24)
	at org.junit.internal.runners.statements.RunAfters.evaluate(RunAfters.java:27)
	at org.junit.runners.ParentRunner$3.evaluate(ParentRunner.java:306)
	at org.junit.runners.BlockJUnit4ClassRunner$1.evaluate(BlockJUnit4ClassRunner.java:100)
	at org.junit.runners.ParentRunner.runLeaf(ParentRunner.java:366)
	at org.junit.runners.BlockJUnit4ClassRunner.runChild(BlockJUnit4ClassRunner.java:103)
	at org.junit.runners.BlockJUnit4ClassRunner.runChild(BlockJUnit4ClassRunner.java:63)
	at org.junit.runners.ParentRunner$4.run(ParentRunner.java:331)
	at org.junit.runners.ParentRunner$1.schedule(ParentRunner.java:79)
	at org.junit.runners.ParentRunner.runChildren(ParentRunner.java:329)
	at org.junit.runners.ParentRunner.access$100(ParentRunner.java:66)
	at org.junit.runners.ParentRunner$2.evaluate(ParentRunner.java:293)
	at org.junit.internal.runners.statements.RunBefores.evaluate(RunBefores.java:26)
	at org.junit.internal.runners.statements.RunAfters.evaluate(RunAfters.java:27)
	at org.junit.runners.ParentRunner$3.evaluate(ParentRunner.java:306)
	at org.junit.runners.ParentRunner.run(ParentRunner.java:413)
	at org.junit.runner.JUnitCore.run(JUnitCore.java:137)
	at org.junit.runner.JUnitCore.run(JUnitCore.java:115)
	at org.junit.vintage.engine.execution.RunnerExecutor.execute(RunnerExecutor.java:43)
	at java.util.stream.ForEachOps$ForEachOp$OfRef.accept(ForEachOps.java:183)
	at java.util.stream.ReferencePipeline$3$1.accept(ReferencePipeline.java:193)
	at java.util.Iterator.forEachRemaining(Iterator.java:116)
	at java.util.Spliterators$IteratorSpliterator.forEachRemaining(Spliterators.java:1801)
	at java.util.stream.AbstractPipeline.copyInto(AbstractPipeline.java:482)
	at java.util.stream.AbstractPipeline.wrapAndCopyInto(AbstractPipeline.java:472)
	at java.util.stream.ForEachOps$ForEachOp.evaluateSequential(ForEachOps.java:150)
	at java.util.stream.ForEachOps$ForEachOp$OfRef.evaluateSequential(ForEachOps.java:173)
	at java.util.stream.AbstractPipeline.evaluate(AbstractPipeline.java:234)
	at java.util.stream.ReferencePipeline.forEach(ReferencePipeline.java:485)
	at org.junit.vintage.engine.VintageTestEngine.executeAllChildren(VintageTestEngine.java:82)
	at org.junit.vintage.engine.VintageTestEngine.execute(VintageTestEngine.java:73)
	at org.junit.platform.launcher.core.EngineExecutionOrchestrator.execute(EngineExecutionOrchestrator.java:108)
	at org.junit.platform.launcher.core.EngineExecutionOrchestrator.execute(EngineExecutionOrchestrator.java:88)
	at org.junit.platform.launcher.core.EngineExecutionOrchestrator.lambda$execute$0(EngineExecutionOrchestrator.java:54)
	at org.junit.platform.launcher.core.EngineExecutionOrchestrator.withInterceptedStreams(EngineExecutionOrchestrator.java:67)
	at org.junit.platform.launcher.core.EngineExecutionOrchestrator.execute(EngineExecutionOrchestrator.java:52)
	at org.junit.platform.launcher.core.DefaultLauncher.execute(DefaultLauncher.java:96)
	at org.junit.platform.launcher.core.DefaultLauncher.execute(DefaultLauncher.java:75)
	at org.apache.maven.surefire.junitplatform.JUnitPlatformProvider.invokeAllTests(JUnitPlatformProvider.java:142)
	at org.apache.maven.surefire.junitplatform.JUnitPlatformProvider.invoke(JUnitPlatformProvider.java:113)
	at org.apache.maven.surefire.booter.ForkedBooter.invokeProviderInSameClassLoader(ForkedBooter.java:384)
	at org.apache.maven.surefire.booter.ForkedBooter.runSuitesInProcess(ForkedBooter.java:345)
	at org.apache.maven.surefire.booter.ForkedBooter.execute(ForkedBooter.java:126)
	at org.apache.maven.surefire.booter.ForkedBooter.main(ForkedBooter.java:418)
</error>
  </testcase>
  <testcase name="testSingleNodeWithOpenPipelineCanGotoMaintenance" classname="org.apache.hadoop.ozone.scm.node.TestDecommissionAndMaintenance" time="99.999">
    <error message="Failed to obtain available cluster in time" type="java.io.IOException">java.io.IOException: Failed to obtain available cluster in time
	at org.apache.hadoop.ozone.MiniOzoneClusterProvider.provide(MiniOzoneClusterProvider.java:162)
	at org.apache.hadoop.ozone.scm.node.TestDecommissionAndMaintenance.setUp(TestDecommissionAndMaintenance.java:142)
	at sun.reflect.NativeMethodAccessorImpl.invoke0(Native Method)
	at sun.reflect.NativeMethodAccessorImpl.invoke(NativeMethodAccessorImpl.java:62)
	at sun.reflect.DelegatingMethodAccessorImpl.invoke(DelegatingMethodAccessorImpl.java:43)
	at java.lang.reflect.Method.invoke(Method.java:498)
	at org.junit.runners.model.FrameworkMethod$1.runReflectiveCall(FrameworkMethod.java:59)
	at org.junit.internal.runners.model.ReflectiveCallable.run(ReflectiveCallable.java:12)
	at org.junit.runners.model.FrameworkMethod.invokeExplosively(FrameworkMethod.java:56)
	at org.junit.internal.runners.statements.RunBefores.invokeMethod(RunBefores.java:33)
	at org.junit.internal.runners.statements.RunBefores.evaluate(RunBefores.java:24)
	at org.junit.internal.runners.statements.RunAfters.evaluate(RunAfters.java:27)
	at org.junit.runners.ParentRunner$3.evaluate(ParentRunner.java:306)
	at org.junit.runners.BlockJUnit4ClassRunner$1.evaluate(BlockJUnit4ClassRunner.java:100)
	at org.junit.runners.ParentRunner.runLeaf(ParentRunner.java:366)
	at org.junit.runners.BlockJUnit4ClassRunner.runChild(BlockJUnit4ClassRunner.java:103)
	at org.junit.runners.BlockJUnit4ClassRunner.runChild(BlockJUnit4ClassRunner.java:63)
	at org.junit.runners.ParentRunner$4.run(ParentRunner.java:331)
	at org.junit.runners.ParentRunner$1.schedule(ParentRunner.java:79)
	at org.junit.runners.ParentRunner.runChildren(ParentRunner.java:329)
	at org.junit.runners.ParentRunner.access$100(ParentRunner.java:66)
	at org.junit.runners.ParentRunner$2.evaluate(ParentRunner.java:293)
	at org.junit.internal.runners.statements.RunBefores.evaluate(RunBefores.java:26)
	at org.junit.internal.runners.statements.RunAfters.evaluate(RunAfters.java:27)
	at org.junit.runners.ParentRunner$3.evaluate(ParentRunner.java:306)
	at org.junit.runners.ParentRunner.run(ParentRunner.java:413)
	at org.junit.runner.JUnitCore.run(JUnitCore.java:137)
	at org.junit.runner.JUnitCore.run(JUnitCore.java:115)
	at org.junit.vintage.engine.execution.RunnerExecutor.execute(RunnerExecutor.java:43)
	at java.util.stream.ForEachOps$ForEachOp$OfRef.accept(ForEachOps.java:183)
	at java.util.stream.ReferencePipeline$3$1.accept(ReferencePipeline.java:193)
	at java.util.Iterator.forEachRemaining(Iterator.java:116)
	at java.util.Spliterators$IteratorSpliterator.forEachRemaining(Spliterators.java:1801)
	at java.util.stream.AbstractPipeline.copyInto(AbstractPipeline.java:482)
	at java.util.stream.AbstractPipeline.wrapAndCopyInto(AbstractPipeline.java:472)
	at java.util.stream.ForEachOps$ForEachOp.evaluateSequential(ForEachOps.java:150)
	at java.util.stream.ForEachOps$ForEachOp$OfRef.evaluateSequential(ForEachOps.java:173)
	at java.util.stream.AbstractPipeline.evaluate(AbstractPipeline.java:234)
	at java.util.stream.ReferencePipeline.forEach(ReferencePipeline.java:485)
	at org.junit.vintage.engine.VintageTestEngine.executeAllChildren(VintageTestEngine.java:82)
	at org.junit.vintage.engine.VintageTestEngine.execute(VintageTestEngine.java:73)
	at org.junit.platform.launcher.core.EngineExecutionOrchestrator.execute(EngineExecutionOrchestrator.java:108)
	at org.junit.platform.launcher.core.EngineExecutionOrchestrator.execute(EngineExecutionOrchestrator.java:88)
	at org.junit.platform.launcher.core.EngineExecutionOrchestrator.lambda$execute$0(EngineExecutionOrchestrator.java:54)
	at org.junit.platform.launcher.core.EngineExecutionOrchestrator.withInterceptedStreams(EngineExecutionOrchestrator.java:67)
	at org.junit.platform.launcher.core.EngineExecutionOrchestrator.execute(EngineExecutionOrchestrator.java:52)
	at org.junit.platform.launcher.core.DefaultLauncher.execute(DefaultLauncher.java:96)
	at org.junit.platform.launcher.core.DefaultLauncher.execute(DefaultLauncher.java:75)
	at org.apache.maven.surefire.junitplatform.JUnitPlatformProvider.invokeAllTests(JUnitPlatformProvider.java:142)
	at org.apache.maven.surefire.junitplatform.JUnitPlatformProvider.invoke(JUnitPlatformProvider.java:113)
	at org.apache.maven.surefire.booter.ForkedBooter.invokeProviderInSameClassLoader(ForkedBooter.java:384)
	at org.apache.maven.surefire.booter.ForkedBooter.runSuitesInProcess(ForkedBooter.java:345)
	at org.apache.maven.surefire.booter.ForkedBooter.execute(ForkedBooter.java:126)
	at org.apache.maven.surefire.booter.ForkedBooter.main(ForkedBooter.java:418)
</error>
  </testcase>
  <testcase name="testSCMHandlesRestartForMaintenanceNode" classname="org.apache.hadoop.ozone.scm.node.TestDecommissionAndMaintenance" time="100.001">
    <error message="Failed to obtain available cluster in time" type="java.io.IOException">java.io.IOException: Failed to obtain available cluster in time
	at org.apache.hadoop.ozone.MiniOzoneClusterProvider.provide(MiniOzoneClusterProvider.java:162)
	at org.apache.hadoop.ozone.scm.node.TestDecommissionAndMaintenance.setUp(TestDecommissionAndMaintenance.java:142)
	at sun.reflect.NativeMethodAccessorImpl.invoke0(Native Method)
	at sun.reflect.NativeMethodAccessorImpl.invoke(NativeMethodAccessorImpl.java:62)
	at sun.reflect.DelegatingMethodAccessorImpl.invoke(DelegatingMethodAccessorImpl.java:43)
	at java.lang.reflect.Method.invoke(Method.java:498)
	at org.junit.runners.model.FrameworkMethod$1.runReflectiveCall(FrameworkMethod.java:59)
	at org.junit.internal.runners.model.ReflectiveCallable.run(ReflectiveCallable.java:12)
	at org.junit.runners.model.FrameworkMethod.invokeExplosively(FrameworkMethod.java:56)
	at org.junit.internal.runners.statements.RunBefores.invokeMethod(RunBefores.java:33)
	at org.junit.internal.runners.statements.RunBefores.evaluate(RunBefores.java:24)
	at org.junit.internal.runners.statements.RunAfters.evaluate(RunAfters.java:27)
	at org.junit.runners.ParentRunner$3.evaluate(ParentRunner.java:306)
	at org.junit.runners.BlockJUnit4ClassRunner$1.evaluate(BlockJUnit4ClassRunner.java:100)
	at org.junit.runners.ParentRunner.runLeaf(ParentRunner.java:366)
	at org.junit.runners.BlockJUnit4ClassRunner.runChild(BlockJUnit4ClassRunner.java:103)
	at org.junit.runners.BlockJUnit4ClassRunner.runChild(BlockJUnit4ClassRunner.java:63)
	at org.junit.runners.ParentRunner$4.run(ParentRunner.java:331)
	at org.junit.runners.ParentRunner$1.schedule(ParentRunner.java:79)
	at org.junit.runners.ParentRunner.runChildren(ParentRunner.java:329)
	at org.junit.runners.ParentRunner.access$100(ParentRunner.java:66)
	at org.junit.runners.ParentRunner$2.evaluate(ParentRunner.java:293)
	at org.junit.internal.runners.statements.RunBefores.evaluate(RunBefores.java:26)
	at org.junit.internal.runners.statements.RunAfters.evaluate(RunAfters.java:27)
	at org.junit.runners.ParentRunner$3.evaluate(ParentRunner.java:306)
	at org.junit.runners.ParentRunner.run(ParentRunner.java:413)
	at org.junit.runner.JUnitCore.run(JUnitCore.java:137)
	at org.junit.runner.JUnitCore.run(JUnitCore.java:115)
	at org.junit.vintage.engine.execution.RunnerExecutor.execute(RunnerExecutor.java:43)
	at java.util.stream.ForEachOps$ForEachOp$OfRef.accept(ForEachOps.java:183)
	at java.util.stream.ReferencePipeline$3$1.accept(ReferencePipeline.java:193)
	at java.util.Iterator.forEachRemaining(Iterator.java:116)
	at java.util.Spliterators$IteratorSpliterator.forEachRemaining(Spliterators.java:1801)
	at java.util.stream.AbstractPipeline.copyInto(AbstractPipeline.java:482)
	at java.util.stream.AbstractPipeline.wrapAndCopyInto(AbstractPipeline.java:472)
	at java.util.stream.ForEachOps$ForEachOp.evaluateSequential(ForEachOps.java:150)
	at java.util.stream.ForEachOps$ForEachOp$OfRef.evaluateSequential(ForEachOps.java:173)
	at java.util.stream.AbstractPipeline.evaluate(AbstractPipeline.java:234)
	at java.util.stream.ReferencePipeline.forEach(ReferencePipeline.java:485)
	at org.junit.vintage.engine.VintageTestEngine.executeAllChildren(VintageTestEngine.java:82)
	at org.junit.vintage.engine.VintageTestEngine.execute(VintageTestEngine.java:73)
	at org.junit.platform.launcher.core.EngineExecutionOrchestrator.execute(EngineExecutionOrchestrator.java:108)
	at org.junit.platform.launcher.core.EngineExecutionOrchestrator.execute(EngineExecutionOrchestrator.java:88)
	at org.junit.platform.launcher.core.EngineExecutionOrchestrator.lambda$execute$0(EngineExecutionOrchestrator.java:54)
	at org.junit.platform.launcher.core.EngineExecutionOrchestrator.withInterceptedStreams(EngineExecutionOrchestrator.java:67)
	at org.junit.platform.launcher.core.EngineExecutionOrchestrator.execute(EngineExecutionOrchestrator.java:52)
	at org.junit.platform.launcher.core.DefaultLauncher.execute(DefaultLauncher.java:96)
	at org.junit.platform.launcher.core.DefaultLauncher.execute(DefaultLauncher.java:75)
	at org.apache.maven.surefire.junitplatform.JUnitPlatformProvider.invokeAllTests(JUnitPlatformProvider.java:142)
	at org.apache.maven.surefire.junitplatform.JUnitPlatformProvider.invoke(JUnitPlatformProvider.java:113)
	at org.apache.maven.surefire.booter.ForkedBooter.invokeProviderInSameClassLoader(ForkedBooter.java:384)
	at org.apache.maven.surefire.booter.ForkedBooter.runSuitesInProcess(ForkedBooter.java:345)
	at org.apache.maven.surefire.booter.ForkedBooter.execute(ForkedBooter.java:126)
	at org.apache.maven.surefire.booter.ForkedBooter.main(ForkedBooter.java:418)
</error>
  </testcase>
  <testcase name="testStoppedDecommissionedNodeTakesSCMStateOnRestart" classname="org.apache.hadoop.ozone.scm.node.TestDecommissionAndMaintenance" time="100.003">
    <error message="Failed to obtain available cluster in time" type="java.io.IOException">java.io.IOException: Failed to obtain available cluster in time
	at org.apache.hadoop.ozone.MiniOzoneClusterProvider.provide(MiniOzoneClusterProvider.java:162)
	at org.apache.hadoop.ozone.scm.node.TestDecommissionAndMaintenance.setUp(TestDecommissionAndMaintenance.java:142)
	at sun.reflect.NativeMethodAccessorImpl.invoke0(Native Method)
	at sun.reflect.NativeMethodAccessorImpl.invoke(NativeMethodAccessorImpl.java:62)
	at sun.reflect.DelegatingMethodAccessorImpl.invoke(DelegatingMethodAccessorImpl.java:43)
	at java.lang.reflect.Method.invoke(Method.java:498)
	at org.junit.runners.model.FrameworkMethod$1.runReflectiveCall(FrameworkMethod.java:59)
	at org.junit.internal.runners.model.ReflectiveCallable.run(ReflectiveCallable.java:12)
	at org.junit.runners.model.FrameworkMethod.invokeExplosively(FrameworkMethod.java:56)
	at org.junit.internal.runners.statements.RunBefores.invokeMethod(RunBefores.java:33)
	at org.junit.internal.runners.statements.RunBefores.evaluate(RunBefores.java:24)
	at org.junit.internal.runners.statements.RunAfters.evaluate(RunAfters.java:27)
	at org.junit.runners.ParentRunner$3.evaluate(ParentRunner.java:306)
	at org.junit.runners.BlockJUnit4ClassRunner$1.evaluate(BlockJUnit4ClassRunner.java:100)
	at org.junit.runners.ParentRunner.runLeaf(ParentRunner.java:366)
	at org.junit.runners.BlockJUnit4ClassRunner.runChild(BlockJUnit4ClassRunner.java:103)
	at org.junit.runners.BlockJUnit4ClassRunner.runChild(BlockJUnit4ClassRunner.java:63)
	at org.junit.runners.ParentRunner$4.run(ParentRunner.java:331)
	at org.junit.runners.ParentRunner$1.schedule(ParentRunner.java:79)
	at org.junit.runners.ParentRunner.runChildren(ParentRunner.java:329)
	at org.junit.runners.ParentRunner.access$100(ParentRunner.java:66)
	at org.junit.runners.ParentRunner$2.evaluate(ParentRunner.java:293)
	at org.junit.internal.runners.statements.RunBefores.evaluate(RunBefores.java:26)
	at org.junit.internal.runners.statements.RunAfters.evaluate(RunAfters.java:27)
	at org.junit.runners.ParentRunner$3.evaluate(ParentRunner.java:306)
	at org.junit.runners.ParentRunner.run(ParentRunner.java:413)
	at org.junit.runner.JUnitCore.run(JUnitCore.java:137)
	at org.junit.runner.JUnitCore.run(JUnitCore.java:115)
	at org.junit.vintage.engine.execution.RunnerExecutor.execute(RunnerExecutor.java:43)
	at java.util.stream.ForEachOps$ForEachOp$OfRef.accept(ForEachOps.java:183)
	at java.util.stream.ReferencePipeline$3$1.accept(ReferencePipeline.java:193)
	at java.util.Iterator.forEachRemaining(Iterator.java:116)
	at java.util.Spliterators$IteratorSpliterator.forEachRemaining(Spliterators.java:1801)
	at java.util.stream.AbstractPipeline.copyInto(AbstractPipeline.java:482)
	at java.util.stream.AbstractPipeline.wrapAndCopyInto(AbstractPipeline.java:472)
	at java.util.stream.ForEachOps$ForEachOp.evaluateSequential(ForEachOps.java:150)
	at java.util.stream.ForEachOps$ForEachOp$OfRef.evaluateSequential(ForEachOps.java:173)
	at java.util.stream.AbstractPipeline.evaluate(AbstractPipeline.java:234)
	at java.util.stream.ReferencePipeline.forEach(ReferencePipeline.java:485)
	at org.junit.vintage.engine.VintageTestEngine.executeAllChildren(VintageTestEngine.java:82)
	at org.junit.vintage.engine.VintageTestEngine.execute(VintageTestEngine.java:73)
	at org.junit.platform.launcher.core.EngineExecutionOrchestrator.execute(EngineExecutionOrchestrator.java:108)
	at org.junit.platform.launcher.core.EngineExecutionOrchestrator.execute(EngineExecutionOrchestrator.java:88)
	at org.junit.platform.launcher.core.EngineExecutionOrchestrator.lambda$execute$0(EngineExecutionOrchestrator.java:54)
	at org.junit.platform.launcher.core.EngineExecutionOrchestrator.withInterceptedStreams(EngineExecutionOrchestrator.java:67)
	at org.junit.platform.launcher.core.EngineExecutionOrchestrator.execute(EngineExecutionOrchestrator.java:52)
	at org.junit.platform.launcher.core.DefaultLauncher.execute(DefaultLauncher.java:96)
	at org.junit.platform.launcher.core.DefaultLauncher.execute(DefaultLauncher.java:75)
	at org.apache.maven.surefire.junitplatform.JUnitPlatformProvider.invokeAllTests(JUnitPlatformProvider.java:142)
	at org.apache.maven.surefire.junitplatform.JUnitPlatformProvider.invoke(JUnitPlatformProvider.java:113)
	at org.apache.maven.surefire.booter.ForkedBooter.invokeProviderInSameClassLoader(ForkedBooter.java:384)
	at org.apache.maven.surefire.booter.ForkedBooter.runSuitesInProcess(ForkedBooter.java:345)
	at org.apache.maven.surefire.booter.ForkedBooter.execute(ForkedBooter.java:126)
	at org.apache.maven.surefire.booter.ForkedBooter.main(ForkedBooter.java:418)
</error>
  </testcase>
  <testcase name="testEnteringMaintenanceNodeCompletesAfterSCMRestart" classname="org.apache.hadoop.ozone.scm.node.TestDecommissionAndMaintenance" time="100">
    <error message="Failed to obtain available cluster in time" type="java.io.IOException">java.io.IOException: Failed to obtain available cluster in time
	at org.apache.hadoop.ozone.MiniOzoneClusterProvider.provide(MiniOzoneClusterProvider.java:162)
	at org.apache.hadoop.ozone.scm.node.TestDecommissionAndMaintenance.setUp(TestDecommissionAndMaintenance.java:142)
	at sun.reflect.NativeMethodAccessorImpl.invoke0(Native Method)
	at sun.reflect.NativeMethodAccessorImpl.invoke(NativeMethodAccessorImpl.java:62)
	at sun.reflect.DelegatingMethodAccessorImpl.invoke(DelegatingMethodAccessorImpl.java:43)
	at java.lang.reflect.Method.invoke(Method.java:498)
	at org.junit.runners.model.FrameworkMethod$1.runReflectiveCall(FrameworkMethod.java:59)
	at org.junit.internal.runners.model.ReflectiveCallable.run(ReflectiveCallable.java:12)
	at org.junit.runners.model.FrameworkMethod.invokeExplosively(FrameworkMethod.java:56)
	at org.junit.internal.runners.statements.RunBefores.invokeMethod(RunBefores.java:33)
	at org.junit.internal.runners.statements.RunBefores.evaluate(RunBefores.java:24)
	at org.junit.internal.runners.statements.RunAfters.evaluate(RunAfters.java:27)
	at org.junit.runners.ParentRunner$3.evaluate(ParentRunner.java:306)
	at org.junit.runners.BlockJUnit4ClassRunner$1.evaluate(BlockJUnit4ClassRunner.java:100)
	at org.junit.runners.ParentRunner.runLeaf(ParentRunner.java:366)
	at org.junit.runners.BlockJUnit4ClassRunner.runChild(BlockJUnit4ClassRunner.java:103)
	at org.junit.runners.BlockJUnit4ClassRunner.runChild(BlockJUnit4ClassRunner.java:63)
	at org.junit.runners.ParentRunner$4.run(ParentRunner.java:331)
	at org.junit.runners.ParentRunner$1.schedule(ParentRunner.java:79)
	at org.junit.runners.ParentRunner.runChildren(ParentRunner.java:329)
	at org.junit.runners.ParentRunner.access$100(ParentRunner.java:66)
	at org.junit.runners.ParentRunner$2.evaluate(ParentRunner.java:293)
	at org.junit.internal.runners.statements.RunBefores.evaluate(RunBefores.java:26)
	at org.junit.internal.runners.statements.RunAfters.evaluate(RunAfters.java:27)
	at org.junit.runners.ParentRunner$3.evaluate(ParentRunner.java:306)
	at org.junit.runners.ParentRunner.run(ParentRunner.java:413)
	at org.junit.runner.JUnitCore.run(JUnitCore.java:137)
	at org.junit.runner.JUnitCore.run(JUnitCore.java:115)
	at org.junit.vintage.engine.execution.RunnerExecutor.execute(RunnerExecutor.java:43)
	at java.util.stream.ForEachOps$ForEachOp$OfRef.accept(ForEachOps.java:183)
	at java.util.stream.ReferencePipeline$3$1.accept(ReferencePipeline.java:193)
	at java.util.Iterator.forEachRemaining(Iterator.java:116)
	at java.util.Spliterators$IteratorSpliterator.forEachRemaining(Spliterators.java:1801)
	at java.util.stream.AbstractPipeline.copyInto(AbstractPipeline.java:482)
	at java.util.stream.AbstractPipeline.wrapAndCopyInto(AbstractPipeline.java:472)
	at java.util.stream.ForEachOps$ForEachOp.evaluateSequential(ForEachOps.java:150)
	at java.util.stream.ForEachOps$ForEachOp$OfRef.evaluateSequential(ForEachOps.java:173)
	at java.util.stream.AbstractPipeline.evaluate(AbstractPipeline.java:234)
	at java.util.stream.ReferencePipeline.forEach(ReferencePipeline.java:485)
	at org.junit.vintage.engine.VintageTestEngine.executeAllChildren(VintageTestEngine.java:82)
	at org.junit.vintage.engine.VintageTestEngine.execute(VintageTestEngine.java:73)
	at org.junit.platform.launcher.core.EngineExecutionOrchestrator.execute(EngineExecutionOrchestrator.java:108)
	at org.junit.platform.launcher.core.EngineExecutionOrchestrator.execute(EngineExecutionOrchestrator.java:88)
	at org.junit.platform.launcher.core.EngineExecutionOrchestrator.lambda$execute$0(EngineExecutionOrchestrator.java:54)
	at org.junit.platform.launcher.core.EngineExecutionOrchestrator.withInterceptedStreams(EngineExecutionOrchestrator.java:67)
	at org.junit.platform.launcher.core.EngineExecutionOrchestrator.execute(EngineExecutionOrchestrator.java:52)
	at org.junit.platform.launcher.core.DefaultLauncher.execute(DefaultLauncher.java:96)
	at org.junit.platform.launcher.core.DefaultLauncher.execute(DefaultLauncher.java:75)
	at org.apache.maven.surefire.junitplatform.JUnitPlatformProvider.invokeAllTests(JUnitPlatformProvider.java:142)
	at org.apache.maven.surefire.junitplatform.JUnitPlatformProvider.invoke(JUnitPlatformProvider.java:113)
	at org.apache.maven.surefire.booter.ForkedBooter.invokeProviderInSameClassLoader(ForkedBooter.java:384)
	at org.apache.maven.surefire.booter.ForkedBooter.runSuitesInProcess(ForkedBooter.java:345)
	at org.apache.maven.surefire.booter.ForkedBooter.execute(ForkedBooter.java:126)
	at org.apache.maven.surefire.booter.ForkedBooter.main(ForkedBooter.java:418)
</error>
  </testcase>
  <testcase name="testDecommissioningNodesCompleteDecommissionOnSCMRestart" classname="org.apache.hadoop.ozone.scm.node.TestDecommissionAndMaintenance" time="100.001">
    <error message="Failed to obtain available cluster in time" type="java.io.IOException">java.io.IOException: Failed to obtain available cluster in time
	at org.apache.hadoop.ozone.MiniOzoneClusterProvider.provide(MiniOzoneClusterProvider.java:162)
	at org.apache.hadoop.ozone.scm.node.TestDecommissionAndMaintenance.setUp(TestDecommissionAndMaintenance.java:142)
	at sun.reflect.NativeMethodAccessorImpl.invoke0(Native Method)
	at sun.reflect.NativeMethodAccessorImpl.invoke(NativeMethodAccessorImpl.java:62)
	at sun.reflect.DelegatingMethodAccessorImpl.invoke(DelegatingMethodAccessorImpl.java:43)
	at java.lang.reflect.Method.invoke(Method.java:498)
	at org.junit.runners.model.FrameworkMethod$1.runReflectiveCall(FrameworkMethod.java:59)
	at org.junit.internal.runners.model.ReflectiveCallable.run(ReflectiveCallable.java:12)
	at org.junit.runners.model.FrameworkMethod.invokeExplosively(FrameworkMethod.java:56)
	at org.junit.internal.runners.statements.RunBefores.invokeMethod(RunBefores.java:33)
	at org.junit.internal.runners.statements.RunBefores.evaluate(RunBefores.java:24)
	at org.junit.internal.runners.statements.RunAfters.evaluate(RunAfters.java:27)
	at org.junit.runners.ParentRunner$3.evaluate(ParentRunner.java:306)
	at org.junit.runners.BlockJUnit4ClassRunner$1.evaluate(BlockJUnit4ClassRunner.java:100)
	at org.junit.runners.ParentRunner.runLeaf(ParentRunner.java:366)
	at org.junit.runners.BlockJUnit4ClassRunner.runChild(BlockJUnit4ClassRunner.java:103)
	at org.junit.runners.BlockJUnit4ClassRunner.runChild(BlockJUnit4ClassRunner.java:63)
	at org.junit.runners.ParentRunner$4.run(ParentRunner.java:331)
	at org.junit.runners.ParentRunner$1.schedule(ParentRunner.java:79)
	at org.junit.runners.ParentRunner.runChildren(ParentRunner.java:329)
	at org.junit.runners.ParentRunner.access$100(ParentRunner.java:66)
	at org.junit.runners.ParentRunner$2.evaluate(ParentRunner.java:293)
	at org.junit.internal.runners.statements.RunBefores.evaluate(RunBefores.java:26)
	at org.junit.internal.runners.statements.RunAfters.evaluate(RunAfters.java:27)
	at org.junit.runners.ParentRunner$3.evaluate(ParentRunner.java:306)
	at org.junit.runners.ParentRunner.run(ParentRunner.java:413)
	at org.junit.runner.JUnitCore.run(JUnitCore.java:137)
	at org.junit.runner.JUnitCore.run(JUnitCore.java:115)
	at org.junit.vintage.engine.execution.RunnerExecutor.execute(RunnerExecutor.java:43)
	at java.util.stream.ForEachOps$ForEachOp$OfRef.accept(ForEachOps.java:183)
	at java.util.stream.ReferencePipeline$3$1.accept(ReferencePipeline.java:193)
	at java.util.Iterator.forEachRemaining(Iterator.java:116)
	at java.util.Spliterators$IteratorSpliterator.forEachRemaining(Spliterators.java:1801)
	at java.util.stream.AbstractPipeline.copyInto(AbstractPipeline.java:482)
	at java.util.stream.AbstractPipeline.wrapAndCopyInto(AbstractPipeline.java:472)
	at java.util.stream.ForEachOps$ForEachOp.evaluateSequential(ForEachOps.java:150)
	at java.util.stream.ForEachOps$ForEachOp$OfRef.evaluateSequential(ForEachOps.java:173)
	at java.util.stream.AbstractPipeline.evaluate(AbstractPipeline.java:234)
	at java.util.stream.ReferencePipeline.forEach(ReferencePipeline.java:485)
	at org.junit.vintage.engine.VintageTestEngine.executeAllChildren(VintageTestEngine.java:82)
	at org.junit.vintage.engine.VintageTestEngine.execute(VintageTestEngine.java:73)
	at org.junit.platform.launcher.core.EngineExecutionOrchestrator.execute(EngineExecutionOrchestrator.java:108)
	at org.junit.platform.launcher.core.EngineExecutionOrchestrator.execute(EngineExecutionOrchestrator.java:88)
	at org.junit.platform.launcher.core.EngineExecutionOrchestrator.lambda$execute$0(EngineExecutionOrchestrator.java:54)
	at org.junit.platform.launcher.core.EngineExecutionOrchestrator.withInterceptedStreams(EngineExecutionOrchestrator.java:67)
	at org.junit.platform.launcher.core.EngineExecutionOrchestrator.execute(EngineExecutionOrchestrator.java:52)
	at org.junit.platform.launcher.core.DefaultLauncher.execute(DefaultLauncher.java:96)
	at org.junit.platform.launcher.core.DefaultLauncher.execute(DefaultLauncher.java:75)
	at org.apache.maven.surefire.junitplatform.JUnitPlatformProvider.invokeAllTests(JUnitPlatformProvider.java:142)
	at org.apache.maven.surefire.junitplatform.JUnitPlatformProvider.invoke(JUnitPlatformProvider.java:113)
	at org.apache.maven.surefire.booter.ForkedBooter.invokeProviderInSameClassLoader(ForkedBooter.java:384)
	at org.apache.maven.surefire.booter.ForkedBooter.runSuitesInProcess(ForkedBooter.java:345)
	at org.apache.maven.surefire.booter.ForkedBooter.execute(ForkedBooter.java:126)
	at org.apache.maven.surefire.booter.ForkedBooter.main(ForkedBooter.java:418)
</error>
  </testcase>
</testsuite>