<?xml version="1.0" encoding="UTF-8"?>
<testsuite xmlns:xsi="http://www.w3.org/2001/XMLSchema-instance" xsi:noNamespaceSchemaLocation="https://maven.apache.org/surefire/maven-surefire-plugin/xsd/surefire-test-report.xsd" version="3.0.2" name="org.apache.hadoop.ozone.client.rpc.TestSecureOzoneRpcClient" time="145.913" tests="187" errors="0" skipped="0" failures="1">
  <properties>
    <property name="java.specification.version" value="21"/>
    <property name="log4j.configurationFile" value="auditlog.properties"/>
    <property name="sun.jnu.encoding" value="UTF-8"/>
    <property name="java.class.path" value="/home/runner/work/ozone/ozone/hadoop-ozone/integration-test/target/test-classes:/home/runner/work/ozone/ozone/hadoop-ozone/integration-test/target/classes:/home/runner/.m2/repository/ch/qos/reload4j/reload4j/1.2.26/reload4j-1.2.26.jar:/home/runner/.m2/repository/com/fasterxml/jackson/core/jackson-core/2.16.2/jackson-core-2.16.2.jar:/home/runner/.m2/repository/com/fasterxml/jackson/core/jackson-databind/2.16.2/jackson-databind-2.16.2.jar:/home/runner/.m2/repository/com/fasterxml/jackson/core/jackson-annotations/2.16.2/jackson-annotations-2.16.2.jar:/home/runner/.m2/repository/com/github/stephenc/jcip/jcip-annotations/1.0-1/jcip-annotations-1.0-1.jar:/home/runner/.m2/repository/com/google/guava/guava/33.5.0-jre/guava-33.5.0-jre.jar:/home/runner/.m2/repository/com/google/guava/failureaccess/1.0.3/failureaccess-1.0.3.jar:/home/runner/.m2/repository/com/google/guava/listenablefuture/9999.0-empty-to-avoid-conflict-with-guava/listenablefuture-9999.0-empty-to-avoid-conflict-with-guava.jar:/home/runner/.m2/repository/org/jspecify/jspecify/1.0.0/jspecify-1.0.0.jar:/home/runner/.m2/repository/com/google/errorprone/error_prone_annotations/2.29.2/error_prone_annotations-2.29.2.jar:/home/runner/.m2/repository/com/google/j2objc/j2objc-annotations/3.1/j2objc-annotations-3.1.jar:/home/runner/.m2/repository/com/google/protobuf/protobuf-java/2.5.0/protobuf-java-2.5.0.jar:/home/runner/.m2/repository/com/squareup/okhttp3/okhttp/4.12.0/okhttp-4.12.0.jar:/home/runner/.m2/repository/com/squareup/okio/okio/3.6.0/okio-3.6.0.jar:/home/runner/.m2/repository/com/squareup/okio/okio-jvm/3.6.0/okio-jvm-3.6.0.jar:/home/runner/.m2/repository/org/jetbrains/kotlin/kotlin-stdlib-common/1.9.25/kotlin-stdlib-common-1.9.25.jar:/home/runner/.m2/repository/org/jetbrains/kotlin/kotlin-stdlib-jdk8/1.9.25/kotlin-stdlib-jdk8-1.9.25.jar:/home/runner/.m2/repository/org/jetbrains/kotlin/kotlin-stdlib/1.9.25/kotlin-stdlib-1.9.25.jar:/home/runner/.m2/repository/org/jetbrains/annotations/13.0/annotations-13.0.jar:/home/runner/.m2/repository/org/jetbrains/kotlin/kotlin-stdlib-jdk7/1.9.25/kotlin-stdlib-jdk7-1.9.25.jar:/home/runner/.m2/repository/commons-codec/commons-codec/1.18.0/commons-codec-1.18.0.jar:/home/runner/.m2/repository/commons-io/commons-io/2.18.0/commons-io-2.18.0.jar:/home/runner/.m2/repository/commons-validator/commons-validator/1.10.0/commons-validator-1.10.0.jar:/home/runner/.m2/repository/commons-beanutils/commons-beanutils/1.11.0/commons-beanutils-1.11.0.jar:/home/runner/.m2/repository/commons-digester/commons-digester/2.1/commons-digester-2.1.jar:/home/runner/.m2/repository/commons-collections/commons-collections/3.2.2/commons-collections-3.2.2.jar:/home/runner/.m2/repository/info/picocli/picocli/4.7.7/picocli-4.7.7.jar:/home/runner/.m2/repository/jakarta/annotation/jakarta.annotation-api/2.1.1/jakarta.annotation-api-2.1.1.jar:/home/runner/.m2/repository/jakarta/xml/bind/jakarta.xml.bind-api/2.3.3/jakarta.xml.bind-api-2.3.3.jar:/home/runner/.m2/repository/jakarta/activation/jakarta.activation-api/1.2.2/jakarta.activation-api-1.2.2.jar:/home/runner/.m2/repository/javax/servlet/javax.servlet-api/3.1.0/javax.servlet-api-3.1.0.jar:/home/runner/.m2/repository/javax/ws/rs/jsr311-api/1.1.1/jsr311-api-1.1.1.jar:/home/runner/.m2/repository/org/apache/commons/commons-compress/1.27.1/commons-compress-1.27.1.jar:/home/runner/.m2/repository/org/apache/commons/commons-lang3/3.18.0/commons-lang3-3.18.0.jar:/home/runner/.m2/repository/org/apache/commons/commons-text/1.13.1/commons-text-1.13.1.jar:/home/runner/.m2/repository/org/apache/hadoop/hadoop-auth/3.4.2/hadoop-auth-3.4.2.jar:/home/runner/.m2/repository/com/nimbusds/nimbus-jose-jwt/10.4/nimbus-jose-jwt-10.4.jar:/home/runner/.m2/repository/io/dropwizard/metrics/metrics-core/3.2.6/metrics-core-3.2.6.jar:/home/runner/.m2/repository/org/apache/kerby/kerb-core/1.0.1/kerb-core-1.0.1.jar:/home/runner/.m2/repository/org/apache/kerby/kerby-pkix/1.0.1/kerby-pkix-1.0.1.jar:/home/runner/.m2/repository/org/apache/kerby/kerby-asn1/1.0.1/kerby-asn1-1.0.1.jar:/home/runner/.m2/repository/org/apache/kerby/kerb-util/1.0.1/kerb-util-1.0.1.jar:/home/runner/.m2/repository/org/apache/kerby/kerby-config/1.0.1/kerby-config-1.0.1.jar:/home/runner/.m2/repository/org/apache/kerby/kerb-crypto/1.0.1/kerb-crypto-1.0.1.jar:/home/runner/.m2/repository/org/apache/hadoop/thirdparty/hadoop-shaded-guava/1.4.0/hadoop-shaded-guava-1.4.0.jar:/home/runner/.m2/repository/org/apache/hadoop/hadoop-common/3.4.2/hadoop-common-3.4.2.jar:/home/runner/.m2/repository/org/apache/hadoop/thirdparty/hadoop-shaded-protobuf_3_25/1.4.0/hadoop-shaded-protobuf_3_25-1.4.0.jar:/home/runner/.m2/repository/org/apache/hadoop/hadoop-annotations/3.4.2/hadoop-annotations-3.4.2.jar:/home/runner/.m2/repository/commons-cli/commons-cli/1.8.0/commons-cli-1.8.0.jar:/home/runner/.m2/repository/commons-net/commons-net/3.11.1/commons-net-3.11.1.jar:/home/runner/.m2/repository/org/apache/commons/commons-collections4/4.4/commons-collections4-4.4.jar:/home/runner/.m2/repository/org/eclipse/jetty/jetty-server/9.4.58.v20250814/jetty-server-9.4.58.v20250814.jar:/home/runner/.m2/repository/org/eclipse/jetty/jetty-io/9.4.58.v20250814/jetty-io-9.4.58.v20250814.jar:/home/runner/.m2/repository/org/eclipse/jetty/jetty-util/9.4.58.v20250814/jetty-util-9.4.58.v20250814.jar:/home/runner/.m2/repository/org/eclipse/jetty/jetty-servlet/9.4.58.v20250814/jetty-servlet-9.4.58.v20250814.jar:/home/runner/.m2/repository/org/eclipse/jetty/jetty-security/9.4.58.v20250814/jetty-security-9.4.58.v20250814.jar:/home/runner/.m2/repository/org/eclipse/jetty/jetty-webapp/9.4.58.v20250814/jetty-webapp-9.4.58.v20250814.jar:/home/runner/.m2/repository/org/eclipse/jetty/jetty-xml/9.4.58.v20250814/jetty-xml-9.4.58.v20250814.jar:/home/runner/.m2/repository/javax/servlet/jsp/jsp-api/2.1/jsp-api-2.1.jar:/home/runner/.m2/repository/org/codehaus/jettison/jettison/1.5.4/jettison-1.5.4.jar:/home/runner/.m2/repository/org/apache/commons/commons-configuration2/2.12.0/commons-configuration2-2.12.0.jar:/home/runner/.m2/repository/com/google/re2j/re2j/1.7/re2j-1.7.jar:/home/runner/.m2/repository/com/google/code/gson/gson/2.13.1/gson-2.13.1.jar:/home/runner/.m2/repository/com/jcraft/jsch/0.1.55/jsch-0.1.55.jar:/home/runner/.m2/repository/io/netty/netty-handler/4.1.119.Final/netty-handler-4.1.119.Final.jar:/home/runner/.m2/repository/io/netty/netty-resolver/4.1.119.Final/netty-resolver-4.1.119.Final.jar:/home/runner/.m2/repository/io/netty/netty-transport-native-epoll/4.1.119.Final/netty-transport-native-epoll-4.1.119.Final.jar:/home/runner/.m2/repository/org/bouncycastle/bcprov-jdk18on/1.81/bcprov-jdk18on-1.81.jar:/home/runner/.m2/repository/org/codehaus/woodstox/stax2-api/4.2.1/stax2-api-4.2.1.jar:/home/runner/.m2/repository/com/fasterxml/woodstox/woodstox-core/5.4.0/woodstox-core-5.4.0.jar:/home/runner/.m2/repository/dnsjava/dnsjava/3.6.1/dnsjava-3.6.1.jar:/home/runner/.m2/repository/org/apache/hadoop/hadoop-common/3.4.2/hadoop-common-3.4.2-tests.jar:/home/runner/.m2/repository/org/apache/commons/commons-math3/3.6.1/commons-math3-3.6.1.jar:/home/runner/.m2/repository/com/sun/jersey/jersey-core/1.19.4/jersey-core-1.19.4.jar:/home/runner/.m2/repository/com/sun/jersey/jersey-servlet/1.19.4/jersey-servlet-1.19.4.jar:/home/runner/.m2/repository/com/github/pjfanning/jersey-json/1.22.0/jersey-json-1.22.0.jar:/home/runner/.m2/repository/com/sun/xml/bind/jaxb-impl/2.2.3-1/jaxb-impl-2.2.3-1.jar:/home/runner/.m2/repository/com/sun/jersey/jersey-server/1.19.4/jersey-server-1.19.4.jar:/home/runner/.m2/repository/org/slf4j/slf4j-reload4j/2.0.17/slf4j-reload4j-2.0.17.jar:/home/runner/.m2/repository/org/apache/avro/avro/1.11.4/avro-1.11.4.jar:/home/runner/.m2/repository/org/apache/curator/curator-client/4.2.0/curator-client-4.2.0.jar:/home/runner/.m2/repository/org/apache/curator/curator-recipes/5.2.0/curator-recipes-5.2.0.jar:/home/runner/.m2/repository/org/apache/curator/curator-framework/4.2.0/curator-framework-4.2.0.jar:/home/runner/.m2/repository/com/google/code/findbugs/jsr305/3.0.2/jsr305-3.0.2.jar:/home/runner/.m2/repository/org/apache/zookeeper/zookeeper/3.8.4/zookeeper-3.8.4.jar:/home/runner/.m2/repository/org/apache/zookeeper/zookeeper-jute/3.8.4/zookeeper-jute-3.8.4.jar:/home/runner/.m2/repository/org/apache/yetus/audience-annotations/0.12.0/audience-annotations-0.12.0.jar:/home/runner/.m2/repository/org/xerial/snappy/snappy-java/1.1.10.8/snappy-java-1.1.10.8.jar:/home/runner/.m2/repository/org/apache/hadoop/hadoop-distcp/3.4.2/hadoop-distcp-3.4.2.jar:/home/runner/.m2/repository/org/apache/hadoop/hadoop-distcp/3.4.2/hadoop-distcp-3.4.2-tests.jar:/home/runner/.m2/repository/org/apache/hadoop/hadoop-hdfs/3.4.2/hadoop-hdfs-3.4.2.jar:/home/runner/.m2/repository/org/eclipse/jetty/jetty-util-ajax/9.4.58.v20250814/jetty-util-ajax-9.4.58.v20250814.jar:/home/runner/.m2/repository/commons-daemon/commons-daemon/1.4.0/commons-daemon-1.4.0.jar:/home/runner/.m2/repository/org/apache/hadoop/hadoop-hdfs/3.4.2/hadoop-hdfs-3.4.2-tests.jar:/home/runner/.m2/repository/io/netty/netty-all/4.1.119.Final/netty-all-4.1.119.Final.jar:/home/runner/.m2/repository/io/netty/netty-codec-dns/4.1.119.Final/netty-codec-dns-4.1.119.Final.jar:/home/runner/.m2/repository/io/netty/netty-codec-haproxy/4.1.119.Final/netty-codec-haproxy-4.1.119.Final.jar:/home/runner/.m2/repository/io/netty/netty-codec-http/4.1.119.Final/netty-codec-http-4.1.119.Final.jar:/home/runner/.m2/repository/io/netty/netty-codec-memcache/4.1.119.Final/netty-codec-memcache-4.1.119.Final.jar:/home/runner/.m2/repository/io/netty/netty-codec-mqtt/4.1.119.Final/netty-codec-mqtt-4.1.119.Final.jar:/home/runner/.m2/repository/io/netty/netty-codec-redis/4.1.119.Final/netty-codec-redis-4.1.119.Final.jar:/home/runner/.m2/repository/io/netty/netty-codec-smtp/4.1.119.Final/netty-codec-smtp-4.1.119.Final.jar:/home/runner/.m2/repository/io/netty/netty-codec-socks/4.1.119.Final/netty-codec-socks-4.1.119.Final.jar:/home/runner/.m2/repository/io/netty/netty-codec-stomp/4.1.119.Final/netty-codec-stomp-4.1.119.Final.jar:/home/runner/.m2/repository/io/netty/netty-codec-xml/4.1.119.Final/netty-codec-xml-4.1.119.Final.jar:/home/runner/.m2/repository/io/netty/netty-handler-ssl-ocsp/4.1.119.Final/netty-handler-ssl-ocsp-4.1.119.Final.jar:/home/runner/.m2/repository/io/netty/netty-resolver-dns/4.1.119.Final/netty-resolver-dns-4.1.119.Final.jar:/home/runner/.m2/repository/io/netty/netty-transport-rxtx/4.1.119.Final/netty-transport-rxtx-4.1.119.Final.jar:/home/runner/.m2/repository/io/netty/netty-transport-sctp/4.1.119.Final/netty-transport-sctp-4.1.119.Final.jar:/home/runner/.m2/repository/io/netty/netty-transport-udt/4.1.119.Final/netty-transport-udt-4.1.119.Final.jar:/home/runner/.m2/repository/io/netty/netty-transport-classes-kqueue/4.1.119.Final/netty-transport-classes-kqueue-4.1.119.Final.jar:/home/runner/.m2/repository/io/netty/netty-resolver-dns-classes-macos/4.1.119.Final/netty-resolver-dns-classes-macos-4.1.119.Final.jar:/home/runner/.m2/repository/io/netty/netty-transport-native-epoll/4.1.119.Final/netty-transport-native-epoll-4.1.119.Final-linux-aarch_64.jar:/home/runner/.m2/repository/io/netty/netty-transport-native-epoll/4.1.119.Final/netty-transport-native-epoll-4.1.119.Final-linux-riscv64.jar:/home/runner/.m2/repository/io/netty/netty-transport-native-kqueue/4.1.119.Final/netty-transport-native-kqueue-4.1.119.Final-osx-x86_64.jar:/home/runner/.m2/repository/io/netty/netty-transport-native-kqueue/4.1.119.Final/netty-transport-native-kqueue-4.1.119.Final-osx-aarch_64.jar:/home/runner/.m2/repository/io/netty/netty-resolver-dns-native-macos/4.1.119.Final/netty-resolver-dns-native-macos-4.1.119.Final-osx-x86_64.jar:/home/runner/.m2/repository/io/netty/netty-resolver-dns-native-macos/4.1.119.Final/netty-resolver-dns-native-macos-4.1.119.Final-osx-aarch_64.jar:/home/runner/.m2/repository/org/fusesource/leveldbjni/leveldbjni-all/1.8/leveldbjni-all-1.8.jar:/home/runner/.m2/repository/org/apache/hadoop/hadoop-hdfs-client/3.4.2/hadoop-hdfs-client-3.4.2.jar:/home/runner/.m2/repository/org/apache/hadoop/hadoop-kms/3.4.2/hadoop-kms-3.4.2.jar:/home/runner/.m2/repository/org/apache/hadoop/hadoop-kms/3.4.2/hadoop-kms-3.4.2-tests.jar:/home/runner/.m2/repository/org/apache/hadoop/hadoop-mapreduce-client-core/3.4.2/hadoop-mapreduce-client-core-3.4.2.jar:/home/runner/.m2/repository/org/apache/hadoop/hadoop-yarn-client/3.4.2/hadoop-yarn-client-3.4.2.jar:/home/runner/.m2/repository/org/eclipse/jetty/websocket/websocket-client/9.4.57.v20241219/websocket-client-9.4.57.v20241219.jar:/home/runner/.m2/repository/org/eclipse/jetty/jetty-client/9.4.58.v20250814/jetty-client-9.4.58.v20250814.jar:/home/runner/.m2/repository/org/eclipse/jetty/websocket/websocket-common/9.4.57.v20241219/websocket-common-9.4.57.v20241219.jar:/home/runner/.m2/repository/org/eclipse/jetty/websocket/websocket-api/9.4.57.v20241219/websocket-api-9.4.57.v20241219.jar:/home/runner/.m2/repository/org/apache/hadoop/hadoop-yarn-api/3.4.2/hadoop-yarn-api-3.4.2.jar:/home/runner/.m2/repository/org/apache/hadoop/hadoop-yarn-common/3.4.2/hadoop-yarn-common-3.4.2.jar:/home/runner/.m2/repository/javax/xml/bind/jaxb-api/2.2.11/jaxb-api-2.2.11.jar:/home/runner/.m2/repository/com/sun/jersey/contribs/jersey-guice/1.19.4/jersey-guice-1.19.4.jar:/home/runner/.m2/repository/com/fasterxml/jackson/module/jackson-module-jaxb-annotations/2.16.2/jackson-module-jaxb-annotations-2.16.2.jar:/home/runner/.m2/repository/com/fasterxml/jackson/jaxrs/jackson-jaxrs-json-provider/2.16.2/jackson-jaxrs-json-provider-2.16.2.jar:/home/runner/.m2/repository/com/google/inject/extensions/guice-servlet/6.0.0/guice-servlet-6.0.0.jar:/home/runner/.m2/repository/org/apache/hadoop/hadoop-mapreduce-client-jobclient/3.4.2/hadoop-mapreduce-client-jobclient-3.4.2.jar:/home/runner/.m2/repository/org/apache/hadoop/hadoop-mapreduce-client-common/3.4.2/hadoop-mapreduce-client-common-3.4.2.jar:/home/runner/.m2/repository/org/apache/hadoop/hadoop-minikdc/3.4.2/hadoop-minikdc-3.4.2.jar:/home/runner/.m2/repository/org/apache/kerby/kerb-simplekdc/2.0.3/kerb-simplekdc-2.0.3.jar:/home/runner/.m2/repository/org/apache/kerby/kerb-client/2.0.3/kerb-client-2.0.3.jar:/home/runner/.m2/repository/org/apache/kerby/kerb-common/2.0.3/kerb-common-2.0.3.jar:/home/runner/.m2/repository/org/apache/kerby/token-provider/2.0.3/token-provider-2.0.3.jar:/home/runner/.m2/repository/org/apache/kerby/kerb-admin/2.0.3/kerb-admin-2.0.3.jar:/home/runner/.m2/repository/org/apache/kerby/kerb-server/2.0.3/kerb-server-2.0.3.jar:/home/runner/.m2/repository/org/apache/kerby/kerb-identity/2.0.3/kerb-identity-2.0.3.jar:/home/runner/.m2/repository/org/apache/kerby/kerby-xdr/2.0.3/kerby-xdr-2.0.3.jar:/home/runner/.m2/repository/junit/junit/4.13.2/junit-4.13.2.jar:/home/runner/.m2/repository/org/hamcrest/hamcrest-core/1.3/hamcrest-core-1.3.jar:/home/runner/.m2/repository/org/apache/httpcomponents/httpclient/4.5.14/httpclient-4.5.14.jar:/home/runner/.m2/repository/org/apache/httpcomponents/httpcore/4.4.16/httpcore-4.4.16.jar:/home/runner/.m2/repository/org/apache/kerby/kerby-util/1.0.1/kerby-util-1.0.1.jar:/home/runner/work/ozone/ozone/hadoop-hdds/client/target/hdds-client-2.1.0-SNAPSHOT.jar:/home/runner/work/ozone/ozone/hadoop-hdds/erasurecode/target/hdds-erasurecode-2.1.0-SNAPSHOT.jar:/home/runner/work/ozone/ozone/hadoop-hdds/common/target/hdds-common-2.1.0-SNAPSHOT.jar:/home/runner/.m2/repository/com/fasterxml/jackson/datatype/jackson-datatype-jsr310/2.16.2/jackson-datatype-jsr310-2.16.2.jar:/home/runner/.m2/repository/io/opentelemetry/opentelemetry-api/1.54.1/opentelemetry-api-1.54.1.jar:/home/runner/.m2/repository/io/opentelemetry/opentelemetry-context/1.54.1/opentelemetry-context-1.54.1.jar:/home/runner/.m2/repository/io/opentelemetry/opentelemetry-common/1.54.1/opentelemetry-common-1.54.1.jar:/home/runner/.m2/repository/io/opentelemetry/opentelemetry-exporter-otlp/1.54.1/opentelemetry-exporter-otlp-1.54.1.jar:/home/runner/.m2/repository/io/opentelemetry/opentelemetry-sdk-metrics/1.54.1/opentelemetry-sdk-metrics-1.54.1.jar:/home/runner/.m2/repository/io/opentelemetry/opentelemetry-sdk-logs/1.54.1/opentelemetry-sdk-logs-1.54.1.jar:/home/runner/.m2/repository/io/opentelemetry/opentelemetry-exporter-otlp-common/1.54.1/opentelemetry-exporter-otlp-common-1.54.1.jar:/home/runner/.m2/repository/io/opentelemetry/opentelemetry-exporter-common/1.54.1/opentelemetry-exporter-common-1.54.1.jar:/home/runner/.m2/repository/io/opentelemetry/opentelemetry-exporter-sender-okhttp/1.54.1/opentelemetry-exporter-sender-okhttp-1.54.1.jar:/home/runner/.m2/repository/com/squareup/okhttp3/okhttp-jvm/5.1.0/okhttp-jvm-5.1.0.jar:/home/runner/.m2/repository/io/opentelemetry/opentelemetry-sdk-extension-autoconfigure-spi/1.54.1/opentelemetry-sdk-extension-autoconfigure-spi-1.54.1.jar:/home/runner/.m2/repository/io/opentelemetry/opentelemetry-sdk/1.54.1/opentelemetry-sdk-1.54.1.jar:/home/runner/.m2/repository/io/opentelemetry/opentelemetry-sdk-common/1.54.1/opentelemetry-sdk-common-1.54.1.jar:/home/runner/.m2/repository/io/opentelemetry/opentelemetry-sdk-trace/1.54.1/opentelemetry-sdk-trace-1.54.1.jar:/home/runner/.m2/repository/org/apache/commons/commons-pool2/2.12.1/commons-pool2-2.12.1.jar:/home/runner/.m2/repository/org/apache/ratis/ratis-netty/3.2.0/ratis-netty-3.2.0.jar:/home/runner/.m2/repository/org/yaml/snakeyaml/2.5/snakeyaml-2.5.jar:/home/runner/.m2/repository/org/apache/ratis/ratis-metrics-dropwizard3/3.2.0/ratis-metrics-dropwizard3-3.2.0.jar:/home/runner/.m2/repository/org/slf4j/jcl-over-slf4j/2.0.17/jcl-over-slf4j-2.0.17.jar:/home/runner/work/ozone/ozone/hadoop-hdds/common/target/hdds-common-2.1.0-SNAPSHOT-tests.jar:/home/runner/work/ozone/ozone/hadoop-hdds/config/target/hdds-config-2.1.0-SNAPSHOT.jar:/home/runner/work/ozone/ozone/hadoop-hdds/container-service/target/hdds-container-service-2.1.0-SNAPSHOT.jar:/home/runner/.m2/repository/io/netty/netty-buffer/4.1.119.Final/netty-buffer-4.1.119.Final.jar:/home/runner/.m2/repository/io/netty/netty-codec/4.1.119.Final/netty-codec-4.1.119.Final.jar:/home/runner/.m2/repository/io/netty/netty-common/4.1.119.Final/netty-common-4.1.119.Final.jar:/home/runner/.m2/repository/io/netty/netty-transport/4.1.119.Final/netty-transport-4.1.119.Final.jar:/home/runner/.m2/repository/org/apache/logging/log4j/log4j-api/2.25.0/log4j-api-2.25.0.jar:/home/runner/.m2/repository/com/github/luben/zstd-jni/1.5.7-5/zstd-jni-1.5.7-5.jar:/home/runner/.m2/repository/log4j/apache-log4j-extras/1.2.17/apache-log4j-extras-1.2.17.jar:/home/runner/.m2/repository/org/glassfish/jaxb/jaxb-runtime/2.3.9/jaxb-runtime-2.3.9.jar:/home/runner/.m2/repository/org/glassfish/jaxb/txw2/2.3.9/txw2-2.3.9.jar:/home/runner/.m2/repository/com/sun/istack/istack-commons-runtime/3.0.12/istack-commons-runtime-3.0.12.jar:/home/runner/.m2/repository/com/sun/activation/jakarta.activation/1.2.2/jakarta.activation-1.2.2.jar:/home/runner/work/ozone/ozone/hadoop-hdds/container-service/target/hdds-container-service-2.1.0-SNAPSHOT-tests.jar:/home/runner/work/ozone/ozone/hadoop-hdds/interface-admin/target/hdds-interface-admin-2.1.0-SNAPSHOT.jar:/home/runner/work/ozone/ozone/hadoop-hdds/interface-client/target/hdds-interface-client-2.1.0-SNAPSHOT.jar:/home/runner/work/ozone/ozone/hadoop-hdds/interface-server/target/hdds-interface-server-2.1.0-SNAPSHOT.jar:/home/runner/work/ozone/ozone/hadoop-hdds/managed-rocksdb/target/hdds-managed-rocksdb-2.1.0-SNAPSHOT.jar:/home/runner/work/ozone/ozone/hadoop-hdds/rocks-native/target/hdds-rocks-native-2.1.0-SNAPSHOT.jar:/home/runner/work/ozone/ozone/hadoop-hdds/framework/target/hdds-server-framework-2.1.0-SNAPSHOT.jar:/home/runner/.m2/repository/com/github/jnr/jnr-constants/0.10.4/jnr-constants-0.10.4.jar:/home/runner/.m2/repository/com/github/jnr/jnr-posix/3.1.20/jnr-posix-3.1.20.jar:/home/runner/.m2/repository/com/github/jnr/jnr-ffi/2.2.17/jnr-ffi-2.2.17.jar:/home/runner/.m2/repository/com/github/jnr/jffi/1.3.13/jffi-1.3.13.jar:/home/runner/.m2/repository/com/github/jnr/jffi/1.3.13/jffi-1.3.13-native.jar:/home/runner/.m2/repository/org/ow2/asm/asm/9.7.1/asm-9.7.1.jar:/home/runner/.m2/repository/org/ow2/asm/asm-commons/9.7.1/asm-commons-9.7.1.jar:/home/runner/.m2/repository/org/ow2/asm/asm-analysis/9.7.1/asm-analysis-9.7.1.jar:/home/runner/.m2/repository/org/ow2/asm/asm-tree/9.7.1/asm-tree-9.7.1.jar:/home/runner/.m2/repository/org/ow2/asm/asm-util/9.7.1/asm-util-9.7.1.jar:/home/runner/.m2/repository/com/github/jnr/jnr-a64asm/1.0.0/jnr-a64asm-1.0.0.jar:/home/runner/.m2/repository/com/github/jnr/jnr-x86asm/1.0.2/jnr-x86asm-1.0.2.jar:/home/runner/.m2/repository/commons-fileupload/commons-fileupload/1.6.0/commons-fileupload-1.6.0.jar:/home/runner/.m2/repository/io/grpc/grpc-api/1.71.0/grpc-api-1.71.0.jar:/home/runner/.m2/repository/io/prometheus/simpleclient/0.16.0/simpleclient-0.16.0.jar:/home/runner/.m2/repository/io/prometheus/simpleclient_common/0.16.0/simpleclient_common-0.16.0.jar:/home/runner/.m2/repository/io/prometheus/simpleclient_dropwizard/0.16.0/simpleclient_dropwizard-0.16.0.jar:/home/runner/.m2/repository/jakarta/ws/rs/jakarta.ws.rs-api/2.1.6/jakarta.ws.rs-api-2.1.6.jar:/home/runner/.m2/repository/org/eclipse/jetty/jetty-http/9.4.58.v20250814/jetty-http-9.4.58.v20250814.jar:/home/runner/.m2/repository/org/glassfish/jersey/containers/jersey-container-servlet-core/2.47/jersey-container-servlet-core-2.47.jar:/home/runner/.m2/repository/org/glassfish/jersey/core/jersey-server/2.47/jersey-server-2.47.jar:/home/runner/.m2/repository/org/glassfish/jersey/core/jersey-client/2.47/jersey-client-2.47.jar:/home/runner/.m2/repository/com/lmax/disruptor/3.4.4/disruptor-3.4.4.jar:/home/runner/.m2/repository/org/apache/logging/log4j/log4j-core/2.25.0/log4j-core-2.25.0.jar:/home/runner/work/ozone/ozone/hadoop-hdds/framework/target/hdds-server-framework-2.1.0-SNAPSHOT-tests.jar:/home/runner/work/ozone/ozone/hadoop-hdds/server-scm/target/hdds-server-scm-2.1.0-SNAPSHOT.jar:/home/runner/work/ozone/ozone/hadoop-hdds/server-scm/target/hdds-server-scm-2.1.0-SNAPSHOT-tests.jar:/home/runner/work/ozone/ozone/hadoop-hdds/test-utils/target/hdds-test-utils-2.1.0-SNAPSHOT-tests.jar:/home/runner/work/ozone/ozone/hadoop-ozone/cli-admin/target/ozone-cli-admin-2.1.0-SNAPSHOT.jar:/home/runner/work/ozone/ozone/hadoop-ozone/cli-shell/target/ozone-cli-shell-2.1.0-SNAPSHOT.jar:/home/runner/.m2/repository/info/picocli/picocli-shell-jline3/4.7.7/picocli-shell-jline3-4.7.7.jar:/home/runner/.m2/repository/org/jline/jline/3.30.6/jline-3.30.6.jar:/home/runner/work/ozone/ozone/hadoop-ozone/client/target/ozone-client-2.1.0-SNAPSHOT.jar:/home/runner/work/ozone/ozone/hadoop-ozone/common/target/ozone-common-2.1.0-SNAPSHOT.jar:/home/runner/.m2/repository/io/grpc/grpc-netty/1.71.0/grpc-netty-1.71.0.jar:/home/runner/.m2/repository/org/codehaus/mojo/animal-sniffer-annotations/1.24/animal-sniffer-annotations-1.24.jar:/home/runner/.m2/repository/io/grpc/grpc-core/1.71.0/grpc-core-1.71.0.jar:/home/runner/.m2/repository/com/google/android/annotations/4.1.1.4/annotations-4.1.1.4.jar:/home/runner/.m2/repository/io/grpc/grpc-context/1.71.0/grpc-context-1.71.0.jar:/home/runner/.m2/repository/io/perfmark/perfmark-api/0.27.0/perfmark-api-0.27.0.jar:/home/runner/.m2/repository/io/grpc/grpc-util/1.71.0/grpc-util-1.71.0.jar:/home/runner/.m2/repository/io/netty/netty-codec-http2/4.1.119.Final/netty-codec-http2-4.1.119.Final.jar:/home/runner/.m2/repository/io/netty/netty-handler-proxy/4.1.119.Final/netty-handler-proxy-4.1.119.Final.jar:/home/runner/.m2/repository/io/netty/netty-tcnative-boringssl-static/2.0.70.Final/netty-tcnative-boringssl-static-2.0.70.Final.jar:/home/runner/.m2/repository/io/netty/netty-tcnative-classes/2.0.70.Final/netty-tcnative-classes-2.0.70.Final.jar:/home/runner/.m2/repository/io/netty/netty-tcnative-boringssl-static/2.0.70.Final/netty-tcnative-boringssl-static-2.0.70.Final-linux-x86_64.jar:/home/runner/.m2/repository/io/netty/netty-tcnative-boringssl-static/2.0.70.Final/netty-tcnative-boringssl-static-2.0.70.Final-linux-aarch_64.jar:/home/runner/.m2/repository/io/netty/netty-tcnative-boringssl-static/2.0.70.Final/netty-tcnative-boringssl-static-2.0.70.Final-osx-x86_64.jar:/home/runner/.m2/repository/io/netty/netty-tcnative-boringssl-static/2.0.70.Final/netty-tcnative-boringssl-static-2.0.70.Final-osx-aarch_64.jar:/home/runner/.m2/repository/io/netty/netty-tcnative-boringssl-static/2.0.70.Final/netty-tcnative-boringssl-static-2.0.70.Final-windows-x86_64.jar:/home/runner/work/ozone/ozone/hadoop-ozone/csi/target/ozone-csi-2.1.0-SNAPSHOT.jar:/home/runner/.m2/repository/io/grpc/grpc-protobuf/1.71.0/grpc-protobuf-1.71.0.jar:/home/runner/.m2/repository/com/google/api/grpc/proto-google-common-protos/2.51.0/proto-google-common-protos-2.51.0.jar:/home/runner/.m2/repository/io/grpc/grpc-protobuf-lite/1.71.0/grpc-protobuf-lite-1.71.0.jar:/home/runner/.m2/repository/io/grpc/grpc-stub/1.71.0/grpc-stub-1.71.0.jar:/home/runner/.m2/repository/io/netty/netty-transport-classes-epoll/4.1.119.Final/netty-transport-classes-epoll-4.1.119.Final.jar:/home/runner/.m2/repository/io/netty/netty-transport-native-unix-common/4.1.119.Final/netty-transport-native-unix-common-4.1.119.Final.jar:/home/runner/.m2/repository/io/netty/netty-transport-native-epoll/4.1.119.Final/netty-transport-native-epoll-4.1.119.Final-linux-x86_64.jar:/home/runner/work/ozone/ozone/hadoop-ozone/ozonefs/target/ozone-filesystem-2.1.0-SNAPSHOT.jar:/home/runner/work/ozone/ozone/hadoop-ozone/ozonefs-common/target/ozone-filesystem-common-2.1.0-SNAPSHOT.jar:/home/runner/work/ozone/ozone/hadoop-ozone/freon/target/ozone-freon-2.1.0-SNAPSHOT.jar:/home/runner/.m2/repository/com/amazonaws/aws-java-sdk-core/1.12.788/aws-java-sdk-core-1.12.788.jar:/home/runner/.m2/repository/com/fasterxml/jackson/dataformat/jackson-dataformat-cbor/2.16.2/jackson-dataformat-cbor-2.16.2.jar:/home/runner/.m2/repository/joda-time/joda-time/2.12.7/joda-time-2.12.7.jar:/home/runner/.m2/repository/com/amazonaws/aws-java-sdk-s3/1.12.788/aws-java-sdk-s3-1.12.788.jar:/home/runner/.m2/repository/com/amazonaws/aws-java-sdk-kms/1.12.788/aws-java-sdk-kms-1.12.788.jar:/home/runner/.m2/repository/com/amazonaws/jmespath-java/1.12.788/jmespath-java-1.12.788.jar:/home/runner/work/ozone/ozone/hadoop-ozone/interface-client/target/ozone-interface-client-2.1.0-SNAPSHOT.jar:/home/runner/work/ozone/ozone/hadoop-ozone/interface-storage/target/ozone-interface-storage-2.1.0-SNAPSHOT.jar:/home/runner/work/ozone/ozone/hadoop-ozone/ozone-manager/target/ozone-manager-2.1.0-SNAPSHOT.jar:/home/runner/.m2/repository/org/aspectj/aspectjrt/1.9.24/aspectjrt-1.9.24.jar:/home/runner/work/ozone/ozone/hadoop-ozone/ozone-manager/target/ozone-manager-2.1.0-SNAPSHOT-tests.jar:/home/runner/work/ozone/ozone/hadoop-ozone/mini-cluster/target/ozone-mini-cluster-2.1.0-SNAPSHOT.jar:/home/runner/work/ozone/ozone/hadoop-ozone/multitenancy-ranger/target/ozone-multitenancy-ranger-2.1.0-SNAPSHOT.jar:/home/runner/.m2/repository/com/sun/jersey/jersey-client/1.19.4/jersey-client-1.19.4.jar:/home/runner/.m2/repository/org/apache/ranger/ranger-plugins-common/2.6.0/ranger-plugins-common-2.6.0.jar:/home/runner/.m2/repository/com/fasterxml/jackson/jaxrs/jackson-jaxrs-base/2.16.2/jackson-jaxrs-base-2.16.2.jar:/home/runner/.m2/repository/com/kstruct/gethostname4j/1.0.0/gethostname4j-1.0.0.jar:/home/runner/.m2/repository/commons-lang/commons-lang/2.6/commons-lang-2.6.jar:/home/runner/.m2/repository/net/java/dev/jna/jna/5.2.0/jna-5.2.0.jar:/home/runner/.m2/repository/net/java/dev/jna/jna-platform/5.2.0/jna-platform-5.2.0.jar:/home/runner/.m2/repository/org/apache/ranger/ranger-plugin-classloader/2.6.0/ranger-plugin-classloader-2.6.0.jar:/home/runner/.m2/repository/org/apache/ranger/ranger-plugins-audit/2.6.0/ranger-plugins-audit-2.6.0.jar:/home/runner/.m2/repository/com/amazonaws/aws-java-sdk-logs/1.12.765/aws-java-sdk-logs-1.12.765.jar:/home/runner/.m2/repository/com/carrotsearch/hppc/0.8.0/hppc-0.8.0.jar:/home/runner/.m2/repository/io/airlift/aircompressor/0.27/aircompressor-0.27.jar:/home/runner/.m2/repository/org/apache/httpcomponents/httpasyncclient/4.1.4/httpasyncclient-4.1.4.jar:/home/runner/.m2/repository/org/apache/httpcomponents/httpcore-nio/4.4.16/httpcore-nio-4.4.16.jar:/home/runner/.m2/repository/org/apache/httpcomponents/httpmime/4.5.13/httpmime-4.5.13.jar:/home/runner/.m2/repository/org/apache/orc/orc-core/1.5.8/orc-core-1.5.8.jar:/home/runner/.m2/repository/org/apache/orc/orc-shims/1.5.8/orc-shims-1.5.8.jar:/home/runner/.m2/repository/org/apache/ranger/ranger-plugins-cred/2.6.0/ranger-plugins-cred-2.6.0.jar:/home/runner/work/ozone/ozone/hadoop-ozone/recon/target/ozone-recon-2.1.0-SNAPSHOT.jar:/home/runner/.m2/repository/aopalliance/aopalliance/1.0/aopalliance-1.0.jar:/home/runner/.m2/repository/com/google/inject/guice/6.0.0/guice-6.0.0.jar:/home/runner/.m2/repository/jakarta/inject/jakarta.inject-api/2.0.1/jakarta.inject-api-2.0.1.jar:/home/runner/.m2/repository/com/jolbox/bonecp/0.8.0.RELEASE/bonecp-0.8.0.RELEASE.jar:/home/runner/.m2/repository/jakarta/validation/jakarta.validation-api/2.0.2/jakarta.validation-api-2.0.2.jar:/home/runner/.m2/repository/javax/annotation/javax.annotation-api/1.3.2/javax.annotation-api-1.3.2.jar:/home/runner/.m2/repository/javax/inject/javax.inject/1/javax.inject-1.jar:/home/runner/.m2/repository/org/apache/derby/derby/10.14.2.0/derby-10.14.2.0.jar:/home/runner/.m2/repository/org/glassfish/hk2/guice-bridge/2.6.1/guice-bridge-2.6.1.jar:/home/runner/.m2/repository/org/glassfish/hk2/hk2-api/2.6.1/hk2-api-2.6.1.jar:/home/runner/.m2/repository/org/glassfish/hk2/hk2-utils/2.6.1/hk2-utils-2.6.1.jar:/home/runner/.m2/repository/org/glassfish/hk2/external/aopalliance-repackaged/2.6.1/aopalliance-repackaged-2.6.1.jar:/home/runner/.m2/repository/org/glassfish/jersey/core/jersey-common/2.47/jersey-common-2.47.jar:/home/runner/.m2/repository/org/glassfish/hk2/osgi-resource-locator/1.0.3/osgi-resource-locator-1.0.3.jar:/home/runner/.m2/repository/org/jooq/jooq/3.11.10/jooq-3.11.10.jar:/home/runner/.m2/repository/org/springframework/spring-core/5.3.39/spring-core-5.3.39.jar:/home/runner/.m2/repository/org/springframework/spring-jdbc/5.3.39/spring-jdbc-5.3.39.jar:/home/runner/.m2/repository/org/springframework/spring-beans/5.3.39/spring-beans-5.3.39.jar:/home/runner/.m2/repository/org/springframework/spring-tx/5.3.39/spring-tx-5.3.39.jar:/home/runner/.m2/repository/org/xerial/sqlite-jdbc/3.50.3.0/sqlite-jdbc-3.50.3.0.jar:/home/runner/.m2/repository/com/google/inject/extensions/guice-assistedinject/6.0.0/guice-assistedinject-6.0.0.jar:/home/runner/.m2/repository/org/glassfish/hk2/external/jakarta.inject/2.6.1/jakarta.inject-2.6.1.jar:/home/runner/.m2/repository/org/glassfish/jersey/inject/jersey-hk2/2.47/jersey-hk2-2.47.jar:/home/runner/.m2/repository/org/glassfish/hk2/hk2-locator/2.6.1/hk2-locator-2.6.1.jar:/home/runner/.m2/repository/org/glassfish/jersey/media/jersey-media-jaxb/2.47/jersey-media-jaxb-2.47.jar:/home/runner/.m2/repository/org/glassfish/jersey/media/jersey-media-json-jackson/2.47/jersey-media-json-jackson-2.47.jar:/home/runner/.m2/repository/org/glassfish/jersey/ext/jersey-entity-filtering/2.47/jersey-entity-filtering-2.47.jar:/home/runner/work/ozone/ozone/hadoop-ozone/recon-codegen/target/ozone-reconcodegen-2.1.0-SNAPSHOT.jar:/home/runner/.m2/repository/org/jooq/jooq-codegen/3.11.10/jooq-codegen-3.11.10.jar:/home/runner/.m2/repository/org/jooq/jooq-meta/3.11.10/jooq-meta-3.11.10.jar:/home/runner/work/ozone/ozone/hadoop-ozone/s3gateway/target/ozone-s3gateway-2.1.0-SNAPSHOT.jar:/home/runner/work/ozone/ozone/hadoop-ozone/tools/target/ozone-tools-2.1.0-SNAPSHOT.jar:/home/runner/.m2/repository/com/github/vlsi/mxgraph/jgraphx/3.9.12/jgraphx-3.9.12.jar:/home/runner/.m2/repository/org/apache/ratis/ratis-shell/3.2.0/ratis-shell-3.2.0.jar:/home/runner/.m2/repository/org/apache/ratis/ratis-tools/3.2.0/ratis-tools-3.2.0.jar:/home/runner/.m2/repository/org/jgrapht/jgrapht-core/1.4.0/jgrapht-core-1.4.0.jar:/home/runner/.m2/repository/org/jheaps/jheaps/0.11/jheaps-0.11.jar:/home/runner/.m2/repository/org/jgrapht/jgrapht-ext/1.4.0/jgrapht-ext-1.4.0.jar:/home/runner/work/ozone/ozone/hadoop-hdds/rocksdb-checkpoint-differ/target/rocksdb-checkpoint-differ-2.1.0-SNAPSHOT.jar:/home/runner/.m2/repository/org/apache/ranger/ranger-intg/2.6.0/ranger-intg-2.6.0.jar:/home/runner/.m2/repository/org/apache/ratis/ratis-client/3.2.0/ratis-client-3.2.0.jar:/home/runner/.m2/repository/org/apache/ratis/ratis-common/3.2.0/ratis-common-3.2.0.jar:/home/runner/.m2/repository/org/apache/ratis/ratis-grpc/3.2.0/ratis-grpc-3.2.0.jar:/home/runner/.m2/repository/org/apache/ratis/ratis-metrics-api/3.2.0/ratis-metrics-api-3.2.0.jar:/home/runner/.m2/repository/org/apache/ratis/ratis-proto/3.2.0/ratis-proto-3.2.0.jar:/home/runner/.m2/repository/org/apache/ratis/ratis-server/3.2.0/ratis-server-3.2.0.jar:/home/runner/.m2/repository/org/apache/ratis/ratis-server-api/3.2.0/ratis-server-api-3.2.0.jar:/home/runner/.m2/repository/org/apache/ratis/ratis-thirdparty-misc/1.0.9/ratis-thirdparty-misc-1.0.9.jar:/home/runner/.m2/repository/org/bouncycastle/bcpkix-jdk18on/1.81/bcpkix-jdk18on-1.81.jar:/home/runner/.m2/repository/org/bouncycastle/bcutil-jdk18on/1.81/bcutil-jdk18on-1.81.jar:/home/runner/.m2/repository/org/hamcrest/hamcrest/2.2/hamcrest-2.2.jar:/home/runner/.m2/repository/org/reflections/reflections/0.10.2/reflections-0.10.2.jar:/home/runner/.m2/repository/org/javassist/javassist/3.30.2-GA/javassist-3.30.2-GA.jar:/home/runner/.m2/repository/org/rocksdb/rocksdbjni/7.7.3/rocksdbjni-7.7.3.jar:/home/runner/.m2/repository/org/slf4j/jul-to-slf4j/2.0.17/jul-to-slf4j-2.0.17.jar:/home/runner/.m2/repository/org/slf4j/slf4j-api/2.0.17/slf4j-api-2.0.17.jar:/home/runner/.m2/repository/org/assertj/assertj-core/3.27.6/assertj-core-3.27.6.jar:/home/runner/.m2/repository/net/bytebuddy/byte-buddy/1.17.7/byte-buddy-1.17.7.jar:/home/runner/.m2/repository/org/junit/jupiter/junit-jupiter-api/5.14.0/junit-jupiter-api-5.14.0.jar:/home/runner/.m2/repository/org/opentest4j/opentest4j/1.3.0/opentest4j-1.3.0.jar:/home/runner/.m2/repository/org/junit/platform/junit-platform-commons/1.14.0/junit-platform-commons-1.14.0.jar:/home/runner/.m2/repository/org/apiguardian/apiguardian-api/1.1.2/apiguardian-api-1.1.2.jar:/home/runner/.m2/repository/org/junit/jupiter/junit-jupiter-params/5.14.0/junit-jupiter-params-5.14.0.jar:/home/runner/.m2/repository/org/mockito/mockito-core/4.11.0/mockito-core-4.11.0.jar:/home/runner/.m2/repository/net/bytebuddy/byte-buddy-agent/1.12.19/byte-buddy-agent-1.12.19.jar:/home/runner/.m2/repository/org/objenesis/objenesis/3.3/objenesis-3.3.jar:/home/runner/.m2/repository/org/mockito/mockito-inline/4.11.0/mockito-inline-4.11.0.jar:/home/runner/.m2/repository/org/mockito/mockito-junit-jupiter/4.11.0/mockito-junit-jupiter-4.11.0.jar:/home/runner/work/ozone/ozone/hadoop-ozone/integration-test/target/gradle-enterprise/test-listeners.jar:"/>
    <property name="java.vm.vendor" value="Eclipse Adoptium"/>
    <property name="sun.arch.data.model" value="64"/>
    <property name="jceks.key.serialFilter" value="java.lang.Enum;java.security.KeyRep;java.security.KeyRep$Type;javax.crypto.spec.SecretKeySpec;org.apache.hadoop.crypto.key.JavaKeyStoreProvider$KeyMetadata;!*"/>
    <property name="test.build.dir" value="/home/runner/work/ozone/ozone/hadoop-ozone/integration-test/target/test-dir"/>
    <property name="test.cache.data" value=""/>
    <property name="java.vendor.url" value="https://adoptium.net/"/>
    <property name="user.timezone" value="Etc/UTC"/>
    <property name="maven-surefire-plugin.argLineAccessArgs" value=" --add-opens java.management/com.sun.jmx.mbeanserver=ALL-UNNAMED --add-exports java.management/com.sun.jmx.mbeanserver=ALL-UNNAMED --add-opens java.base/java.nio=ALL-UNNAMED --add-opens java.base/java.lang=ALL-UNNAMED --add-opens java.base/java.lang.reflect=ALL-UNNAMED"/>
    <property name="java.vm.specification.version" value="21"/>
    <property name="os.name" value="Linux"/>
    <property name="test.build.data" value="/home/runner/work/ozone/ozone/hadoop-ozone/integration-test/target/test-dir"/>
    <property name="sun.java.launcher" value="SUN_STANDARD"/>
    <property name="sun.boot.library.path" value="/usr/lib/jvm/temurin-21-jdk-amd64/lib"/>
    <property name="sun.java.command" value="/home/runner/work/ozone/ozone/hadoop-ozone/integration-test/target/surefire/surefirebooter-20251016193709310_380.jar /home/runner/work/ozone/ozone/hadoop-ozone/integration-test/target/surefire 2025-10-16T19-32-30_002-jvmRun1 surefire-20251016193709310_378tmp surefire_29-20251016193709310_379tmp"/>
    <property name="jdk.debug" value="release"/>
    <property name="native.lib.tmp.dir" value="/tmp"/>
    <property name="surefire.test.class.path" value="/home/runner/work/ozone/ozone/hadoop-ozone/integration-test/target/test-classes:/home/runner/work/ozone/ozone/hadoop-ozone/integration-test/target/classes:/home/runner/.m2/repository/ch/qos/reload4j/reload4j/1.2.26/reload4j-1.2.26.jar:/home/runner/.m2/repository/com/fasterxml/jackson/core/jackson-core/2.16.2/jackson-core-2.16.2.jar:/home/runner/.m2/repository/com/fasterxml/jackson/core/jackson-databind/2.16.2/jackson-databind-2.16.2.jar:/home/runner/.m2/repository/com/fasterxml/jackson/core/jackson-annotations/2.16.2/jackson-annotations-2.16.2.jar:/home/runner/.m2/repository/com/github/stephenc/jcip/jcip-annotations/1.0-1/jcip-annotations-1.0-1.jar:/home/runner/.m2/repository/com/google/guava/guava/33.5.0-jre/guava-33.5.0-jre.jar:/home/runner/.m2/repository/com/google/guava/failureaccess/1.0.3/failureaccess-1.0.3.jar:/home/runner/.m2/repository/com/google/guava/listenablefuture/9999.0-empty-to-avoid-conflict-with-guava/listenablefuture-9999.0-empty-to-avoid-conflict-with-guava.jar:/home/runner/.m2/repository/org/jspecify/jspecify/1.0.0/jspecify-1.0.0.jar:/home/runner/.m2/repository/com/google/errorprone/error_prone_annotations/2.29.2/error_prone_annotations-2.29.2.jar:/home/runner/.m2/repository/com/google/j2objc/j2objc-annotations/3.1/j2objc-annotations-3.1.jar:/home/runner/.m2/repository/com/google/protobuf/protobuf-java/2.5.0/protobuf-java-2.5.0.jar:/home/runner/.m2/repository/com/squareup/okhttp3/okhttp/4.12.0/okhttp-4.12.0.jar:/home/runner/.m2/repository/com/squareup/okio/okio/3.6.0/okio-3.6.0.jar:/home/runner/.m2/repository/com/squareup/okio/okio-jvm/3.6.0/okio-jvm-3.6.0.jar:/home/runner/.m2/repository/org/jetbrains/kotlin/kotlin-stdlib-common/1.9.25/kotlin-stdlib-common-1.9.25.jar:/home/runner/.m2/repository/org/jetbrains/kotlin/kotlin-stdlib-jdk8/1.9.25/kotlin-stdlib-jdk8-1.9.25.jar:/home/runner/.m2/repository/org/jetbrains/kotlin/kotlin-stdlib/1.9.25/kotlin-stdlib-1.9.25.jar:/home/runner/.m2/repository/org/jetbrains/annotations/13.0/annotations-13.0.jar:/home/runner/.m2/repository/org/jetbrains/kotlin/kotlin-stdlib-jdk7/1.9.25/kotlin-stdlib-jdk7-1.9.25.jar:/home/runner/.m2/repository/commons-codec/commons-codec/1.18.0/commons-codec-1.18.0.jar:/home/runner/.m2/repository/commons-io/commons-io/2.18.0/commons-io-2.18.0.jar:/home/runner/.m2/repository/commons-validator/commons-validator/1.10.0/commons-validator-1.10.0.jar:/home/runner/.m2/repository/commons-beanutils/commons-beanutils/1.11.0/commons-beanutils-1.11.0.jar:/home/runner/.m2/repository/commons-digester/commons-digester/2.1/commons-digester-2.1.jar:/home/runner/.m2/repository/commons-collections/commons-collections/3.2.2/commons-collections-3.2.2.jar:/home/runner/.m2/repository/info/picocli/picocli/4.7.7/picocli-4.7.7.jar:/home/runner/.m2/repository/jakarta/annotation/jakarta.annotation-api/2.1.1/jakarta.annotation-api-2.1.1.jar:/home/runner/.m2/repository/jakarta/xml/bind/jakarta.xml.bind-api/2.3.3/jakarta.xml.bind-api-2.3.3.jar:/home/runner/.m2/repository/jakarta/activation/jakarta.activation-api/1.2.2/jakarta.activation-api-1.2.2.jar:/home/runner/.m2/repository/javax/servlet/javax.servlet-api/3.1.0/javax.servlet-api-3.1.0.jar:/home/runner/.m2/repository/javax/ws/rs/jsr311-api/1.1.1/jsr311-api-1.1.1.jar:/home/runner/.m2/repository/org/apache/commons/commons-compress/1.27.1/commons-compress-1.27.1.jar:/home/runner/.m2/repository/org/apache/commons/commons-lang3/3.18.0/commons-lang3-3.18.0.jar:/home/runner/.m2/repository/org/apache/commons/commons-text/1.13.1/commons-text-1.13.1.jar:/home/runner/.m2/repository/org/apache/hadoop/hadoop-auth/3.4.2/hadoop-auth-3.4.2.jar:/home/runner/.m2/repository/com/nimbusds/nimbus-jose-jwt/10.4/nimbus-jose-jwt-10.4.jar:/home/runner/.m2/repository/io/dropwizard/metrics/metrics-core/3.2.6/metrics-core-3.2.6.jar:/home/runner/.m2/repository/org/apache/kerby/kerb-core/1.0.1/kerb-core-1.0.1.jar:/home/runner/.m2/repository/org/apache/kerby/kerby-pkix/1.0.1/kerby-pkix-1.0.1.jar:/home/runner/.m2/repository/org/apache/kerby/kerby-asn1/1.0.1/kerby-asn1-1.0.1.jar:/home/runner/.m2/repository/org/apache/kerby/kerb-util/1.0.1/kerb-util-1.0.1.jar:/home/runner/.m2/repository/org/apache/kerby/kerby-config/1.0.1/kerby-config-1.0.1.jar:/home/runner/.m2/repository/org/apache/kerby/kerb-crypto/1.0.1/kerb-crypto-1.0.1.jar:/home/runner/.m2/repository/org/apache/hadoop/thirdparty/hadoop-shaded-guava/1.4.0/hadoop-shaded-guava-1.4.0.jar:/home/runner/.m2/repository/org/apache/hadoop/hadoop-common/3.4.2/hadoop-common-3.4.2.jar:/home/runner/.m2/repository/org/apache/hadoop/thirdparty/hadoop-shaded-protobuf_3_25/1.4.0/hadoop-shaded-protobuf_3_25-1.4.0.jar:/home/runner/.m2/repository/org/apache/hadoop/hadoop-annotations/3.4.2/hadoop-annotations-3.4.2.jar:/home/runner/.m2/repository/commons-cli/commons-cli/1.8.0/commons-cli-1.8.0.jar:/home/runner/.m2/repository/commons-net/commons-net/3.11.1/commons-net-3.11.1.jar:/home/runner/.m2/repository/org/apache/commons/commons-collections4/4.4/commons-collections4-4.4.jar:/home/runner/.m2/repository/org/eclipse/jetty/jetty-server/9.4.58.v20250814/jetty-server-9.4.58.v20250814.jar:/home/runner/.m2/repository/org/eclipse/jetty/jetty-io/9.4.58.v20250814/jetty-io-9.4.58.v20250814.jar:/home/runner/.m2/repository/org/eclipse/jetty/jetty-util/9.4.58.v20250814/jetty-util-9.4.58.v20250814.jar:/home/runner/.m2/repository/org/eclipse/jetty/jetty-servlet/9.4.58.v20250814/jetty-servlet-9.4.58.v20250814.jar:/home/runner/.m2/repository/org/eclipse/jetty/jetty-security/9.4.58.v20250814/jetty-security-9.4.58.v20250814.jar:/home/runner/.m2/repository/org/eclipse/jetty/jetty-webapp/9.4.58.v20250814/jetty-webapp-9.4.58.v20250814.jar:/home/runner/.m2/repository/org/eclipse/jetty/jetty-xml/9.4.58.v20250814/jetty-xml-9.4.58.v20250814.jar:/home/runner/.m2/repository/javax/servlet/jsp/jsp-api/2.1/jsp-api-2.1.jar:/home/runner/.m2/repository/org/codehaus/jettison/jettison/1.5.4/jettison-1.5.4.jar:/home/runner/.m2/repository/org/apache/commons/commons-configuration2/2.12.0/commons-configuration2-2.12.0.jar:/home/runner/.m2/repository/com/google/re2j/re2j/1.7/re2j-1.7.jar:/home/runner/.m2/repository/com/google/code/gson/gson/2.13.1/gson-2.13.1.jar:/home/runner/.m2/repository/com/jcraft/jsch/0.1.55/jsch-0.1.55.jar:/home/runner/.m2/repository/io/netty/netty-handler/4.1.119.Final/netty-handler-4.1.119.Final.jar:/home/runner/.m2/repository/io/netty/netty-resolver/4.1.119.Final/netty-resolver-4.1.119.Final.jar:/home/runner/.m2/repository/io/netty/netty-transport-native-epoll/4.1.119.Final/netty-transport-native-epoll-4.1.119.Final.jar:/home/runner/.m2/repository/org/bouncycastle/bcprov-jdk18on/1.81/bcprov-jdk18on-1.81.jar:/home/runner/.m2/repository/org/codehaus/woodstox/stax2-api/4.2.1/stax2-api-4.2.1.jar:/home/runner/.m2/repository/com/fasterxml/woodstox/woodstox-core/5.4.0/woodstox-core-5.4.0.jar:/home/runner/.m2/repository/dnsjava/dnsjava/3.6.1/dnsjava-3.6.1.jar:/home/runner/.m2/repository/org/apache/hadoop/hadoop-common/3.4.2/hadoop-common-3.4.2-tests.jar:/home/runner/.m2/repository/org/apache/commons/commons-math3/3.6.1/commons-math3-3.6.1.jar:/home/runner/.m2/repository/com/sun/jersey/jersey-core/1.19.4/jersey-core-1.19.4.jar:/home/runner/.m2/repository/com/sun/jersey/jersey-servlet/1.19.4/jersey-servlet-1.19.4.jar:/home/runner/.m2/repository/com/github/pjfanning/jersey-json/1.22.0/jersey-json-1.22.0.jar:/home/runner/.m2/repository/com/sun/xml/bind/jaxb-impl/2.2.3-1/jaxb-impl-2.2.3-1.jar:/home/runner/.m2/repository/com/sun/jersey/jersey-server/1.19.4/jersey-server-1.19.4.jar:/home/runner/.m2/repository/org/slf4j/slf4j-reload4j/2.0.17/slf4j-reload4j-2.0.17.jar:/home/runner/.m2/repository/org/apache/avro/avro/1.11.4/avro-1.11.4.jar:/home/runner/.m2/repository/org/apache/curator/curator-client/4.2.0/curator-client-4.2.0.jar:/home/runner/.m2/repository/org/apache/curator/curator-recipes/5.2.0/curator-recipes-5.2.0.jar:/home/runner/.m2/repository/org/apache/curator/curator-framework/4.2.0/curator-framework-4.2.0.jar:/home/runner/.m2/repository/com/google/code/findbugs/jsr305/3.0.2/jsr305-3.0.2.jar:/home/runner/.m2/repository/org/apache/zookeeper/zookeeper/3.8.4/zookeeper-3.8.4.jar:/home/runner/.m2/repository/org/apache/zookeeper/zookeeper-jute/3.8.4/zookeeper-jute-3.8.4.jar:/home/runner/.m2/repository/org/apache/yetus/audience-annotations/0.12.0/audience-annotations-0.12.0.jar:/home/runner/.m2/repository/org/xerial/snappy/snappy-java/1.1.10.8/snappy-java-1.1.10.8.jar:/home/runner/.m2/repository/org/apache/hadoop/hadoop-distcp/3.4.2/hadoop-distcp-3.4.2.jar:/home/runner/.m2/repository/org/apache/hadoop/hadoop-distcp/3.4.2/hadoop-distcp-3.4.2-tests.jar:/home/runner/.m2/repository/org/apache/hadoop/hadoop-hdfs/3.4.2/hadoop-hdfs-3.4.2.jar:/home/runner/.m2/repository/org/eclipse/jetty/jetty-util-ajax/9.4.58.v20250814/jetty-util-ajax-9.4.58.v20250814.jar:/home/runner/.m2/repository/commons-daemon/commons-daemon/1.4.0/commons-daemon-1.4.0.jar:/home/runner/.m2/repository/org/apache/hadoop/hadoop-hdfs/3.4.2/hadoop-hdfs-3.4.2-tests.jar:/home/runner/.m2/repository/io/netty/netty-all/4.1.119.Final/netty-all-4.1.119.Final.jar:/home/runner/.m2/repository/io/netty/netty-codec-dns/4.1.119.Final/netty-codec-dns-4.1.119.Final.jar:/home/runner/.m2/repository/io/netty/netty-codec-haproxy/4.1.119.Final/netty-codec-haproxy-4.1.119.Final.jar:/home/runner/.m2/repository/io/netty/netty-codec-http/4.1.119.Final/netty-codec-http-4.1.119.Final.jar:/home/runner/.m2/repository/io/netty/netty-codec-memcache/4.1.119.Final/netty-codec-memcache-4.1.119.Final.jar:/home/runner/.m2/repository/io/netty/netty-codec-mqtt/4.1.119.Final/netty-codec-mqtt-4.1.119.Final.jar:/home/runner/.m2/repository/io/netty/netty-codec-redis/4.1.119.Final/netty-codec-redis-4.1.119.Final.jar:/home/runner/.m2/repository/io/netty/netty-codec-smtp/4.1.119.Final/netty-codec-smtp-4.1.119.Final.jar:/home/runner/.m2/repository/io/netty/netty-codec-socks/4.1.119.Final/netty-codec-socks-4.1.119.Final.jar:/home/runner/.m2/repository/io/netty/netty-codec-stomp/4.1.119.Final/netty-codec-stomp-4.1.119.Final.jar:/home/runner/.m2/repository/io/netty/netty-codec-xml/4.1.119.Final/netty-codec-xml-4.1.119.Final.jar:/home/runner/.m2/repository/io/netty/netty-handler-ssl-ocsp/4.1.119.Final/netty-handler-ssl-ocsp-4.1.119.Final.jar:/home/runner/.m2/repository/io/netty/netty-resolver-dns/4.1.119.Final/netty-resolver-dns-4.1.119.Final.jar:/home/runner/.m2/repository/io/netty/netty-transport-rxtx/4.1.119.Final/netty-transport-rxtx-4.1.119.Final.jar:/home/runner/.m2/repository/io/netty/netty-transport-sctp/4.1.119.Final/netty-transport-sctp-4.1.119.Final.jar:/home/runner/.m2/repository/io/netty/netty-transport-udt/4.1.119.Final/netty-transport-udt-4.1.119.Final.jar:/home/runner/.m2/repository/io/netty/netty-transport-classes-kqueue/4.1.119.Final/netty-transport-classes-kqueue-4.1.119.Final.jar:/home/runner/.m2/repository/io/netty/netty-resolver-dns-classes-macos/4.1.119.Final/netty-resolver-dns-classes-macos-4.1.119.Final.jar:/home/runner/.m2/repository/io/netty/netty-transport-native-epoll/4.1.119.Final/netty-transport-native-epoll-4.1.119.Final-linux-aarch_64.jar:/home/runner/.m2/repository/io/netty/netty-transport-native-epoll/4.1.119.Final/netty-transport-native-epoll-4.1.119.Final-linux-riscv64.jar:/home/runner/.m2/repository/io/netty/netty-transport-native-kqueue/4.1.119.Final/netty-transport-native-kqueue-4.1.119.Final-osx-x86_64.jar:/home/runner/.m2/repository/io/netty/netty-transport-native-kqueue/4.1.119.Final/netty-transport-native-kqueue-4.1.119.Final-osx-aarch_64.jar:/home/runner/.m2/repository/io/netty/netty-resolver-dns-native-macos/4.1.119.Final/netty-resolver-dns-native-macos-4.1.119.Final-osx-x86_64.jar:/home/runner/.m2/repository/io/netty/netty-resolver-dns-native-macos/4.1.119.Final/netty-resolver-dns-native-macos-4.1.119.Final-osx-aarch_64.jar:/home/runner/.m2/repository/org/fusesource/leveldbjni/leveldbjni-all/1.8/leveldbjni-all-1.8.jar:/home/runner/.m2/repository/org/apache/hadoop/hadoop-hdfs-client/3.4.2/hadoop-hdfs-client-3.4.2.jar:/home/runner/.m2/repository/org/apache/hadoop/hadoop-kms/3.4.2/hadoop-kms-3.4.2.jar:/home/runner/.m2/repository/org/apache/hadoop/hadoop-kms/3.4.2/hadoop-kms-3.4.2-tests.jar:/home/runner/.m2/repository/org/apache/hadoop/hadoop-mapreduce-client-core/3.4.2/hadoop-mapreduce-client-core-3.4.2.jar:/home/runner/.m2/repository/org/apache/hadoop/hadoop-yarn-client/3.4.2/hadoop-yarn-client-3.4.2.jar:/home/runner/.m2/repository/org/eclipse/jetty/websocket/websocket-client/9.4.57.v20241219/websocket-client-9.4.57.v20241219.jar:/home/runner/.m2/repository/org/eclipse/jetty/jetty-client/9.4.58.v20250814/jetty-client-9.4.58.v20250814.jar:/home/runner/.m2/repository/org/eclipse/jetty/websocket/websocket-common/9.4.57.v20241219/websocket-common-9.4.57.v20241219.jar:/home/runner/.m2/repository/org/eclipse/jetty/websocket/websocket-api/9.4.57.v20241219/websocket-api-9.4.57.v20241219.jar:/home/runner/.m2/repository/org/apache/hadoop/hadoop-yarn-api/3.4.2/hadoop-yarn-api-3.4.2.jar:/home/runner/.m2/repository/org/apache/hadoop/hadoop-yarn-common/3.4.2/hadoop-yarn-common-3.4.2.jar:/home/runner/.m2/repository/javax/xml/bind/jaxb-api/2.2.11/jaxb-api-2.2.11.jar:/home/runner/.m2/repository/com/sun/jersey/contribs/jersey-guice/1.19.4/jersey-guice-1.19.4.jar:/home/runner/.m2/repository/com/fasterxml/jackson/module/jackson-module-jaxb-annotations/2.16.2/jackson-module-jaxb-annotations-2.16.2.jar:/home/runner/.m2/repository/com/fasterxml/jackson/jaxrs/jackson-jaxrs-json-provider/2.16.2/jackson-jaxrs-json-provider-2.16.2.jar:/home/runner/.m2/repository/com/google/inject/extensions/guice-servlet/6.0.0/guice-servlet-6.0.0.jar:/home/runner/.m2/repository/org/apache/hadoop/hadoop-mapreduce-client-jobclient/3.4.2/hadoop-mapreduce-client-jobclient-3.4.2.jar:/home/runner/.m2/repository/org/apache/hadoop/hadoop-mapreduce-client-common/3.4.2/hadoop-mapreduce-client-common-3.4.2.jar:/home/runner/.m2/repository/org/apache/hadoop/hadoop-minikdc/3.4.2/hadoop-minikdc-3.4.2.jar:/home/runner/.m2/repository/org/apache/kerby/kerb-simplekdc/2.0.3/kerb-simplekdc-2.0.3.jar:/home/runner/.m2/repository/org/apache/kerby/kerb-client/2.0.3/kerb-client-2.0.3.jar:/home/runner/.m2/repository/org/apache/kerby/kerb-common/2.0.3/kerb-common-2.0.3.jar:/home/runner/.m2/repository/org/apache/kerby/token-provider/2.0.3/token-provider-2.0.3.jar:/home/runner/.m2/repository/org/apache/kerby/kerb-admin/2.0.3/kerb-admin-2.0.3.jar:/home/runner/.m2/repository/org/apache/kerby/kerb-server/2.0.3/kerb-server-2.0.3.jar:/home/runner/.m2/repository/org/apache/kerby/kerb-identity/2.0.3/kerb-identity-2.0.3.jar:/home/runner/.m2/repository/org/apache/kerby/kerby-xdr/2.0.3/kerby-xdr-2.0.3.jar:/home/runner/.m2/repository/junit/junit/4.13.2/junit-4.13.2.jar:/home/runner/.m2/repository/org/hamcrest/hamcrest-core/1.3/hamcrest-core-1.3.jar:/home/runner/.m2/repository/org/apache/httpcomponents/httpclient/4.5.14/httpclient-4.5.14.jar:/home/runner/.m2/repository/org/apache/httpcomponents/httpcore/4.4.16/httpcore-4.4.16.jar:/home/runner/.m2/repository/org/apache/kerby/kerby-util/1.0.1/kerby-util-1.0.1.jar:/home/runner/work/ozone/ozone/hadoop-hdds/client/target/hdds-client-2.1.0-SNAPSHOT.jar:/home/runner/work/ozone/ozone/hadoop-hdds/erasurecode/target/hdds-erasurecode-2.1.0-SNAPSHOT.jar:/home/runner/work/ozone/ozone/hadoop-hdds/common/target/hdds-common-2.1.0-SNAPSHOT.jar:/home/runner/.m2/repository/com/fasterxml/jackson/datatype/jackson-datatype-jsr310/2.16.2/jackson-datatype-jsr310-2.16.2.jar:/home/runner/.m2/repository/io/opentelemetry/opentelemetry-api/1.54.1/opentelemetry-api-1.54.1.jar:/home/runner/.m2/repository/io/opentelemetry/opentelemetry-context/1.54.1/opentelemetry-context-1.54.1.jar:/home/runner/.m2/repository/io/opentelemetry/opentelemetry-common/1.54.1/opentelemetry-common-1.54.1.jar:/home/runner/.m2/repository/io/opentelemetry/opentelemetry-exporter-otlp/1.54.1/opentelemetry-exporter-otlp-1.54.1.jar:/home/runner/.m2/repository/io/opentelemetry/opentelemetry-sdk-metrics/1.54.1/opentelemetry-sdk-metrics-1.54.1.jar:/home/runner/.m2/repository/io/opentelemetry/opentelemetry-sdk-logs/1.54.1/opentelemetry-sdk-logs-1.54.1.jar:/home/runner/.m2/repository/io/opentelemetry/opentelemetry-exporter-otlp-common/1.54.1/opentelemetry-exporter-otlp-common-1.54.1.jar:/home/runner/.m2/repository/io/opentelemetry/opentelemetry-exporter-common/1.54.1/opentelemetry-exporter-common-1.54.1.jar:/home/runner/.m2/repository/io/opentelemetry/opentelemetry-exporter-sender-okhttp/1.54.1/opentelemetry-exporter-sender-okhttp-1.54.1.jar:/home/runner/.m2/repository/com/squareup/okhttp3/okhttp-jvm/5.1.0/okhttp-jvm-5.1.0.jar:/home/runner/.m2/repository/io/opentelemetry/opentelemetry-sdk-extension-autoconfigure-spi/1.54.1/opentelemetry-sdk-extension-autoconfigure-spi-1.54.1.jar:/home/runner/.m2/repository/io/opentelemetry/opentelemetry-sdk/1.54.1/opentelemetry-sdk-1.54.1.jar:/home/runner/.m2/repository/io/opentelemetry/opentelemetry-sdk-common/1.54.1/opentelemetry-sdk-common-1.54.1.jar:/home/runner/.m2/repository/io/opentelemetry/opentelemetry-sdk-trace/1.54.1/opentelemetry-sdk-trace-1.54.1.jar:/home/runner/.m2/repository/org/apache/commons/commons-pool2/2.12.1/commons-pool2-2.12.1.jar:/home/runner/.m2/repository/org/apache/ratis/ratis-netty/3.2.0/ratis-netty-3.2.0.jar:/home/runner/.m2/repository/org/yaml/snakeyaml/2.5/snakeyaml-2.5.jar:/home/runner/.m2/repository/org/apache/ratis/ratis-metrics-dropwizard3/3.2.0/ratis-metrics-dropwizard3-3.2.0.jar:/home/runner/.m2/repository/org/slf4j/jcl-over-slf4j/2.0.17/jcl-over-slf4j-2.0.17.jar:/home/runner/work/ozone/ozone/hadoop-hdds/common/target/hdds-common-2.1.0-SNAPSHOT-tests.jar:/home/runner/work/ozone/ozone/hadoop-hdds/config/target/hdds-config-2.1.0-SNAPSHOT.jar:/home/runner/work/ozone/ozone/hadoop-hdds/container-service/target/hdds-container-service-2.1.0-SNAPSHOT.jar:/home/runner/.m2/repository/io/netty/netty-buffer/4.1.119.Final/netty-buffer-4.1.119.Final.jar:/home/runner/.m2/repository/io/netty/netty-codec/4.1.119.Final/netty-codec-4.1.119.Final.jar:/home/runner/.m2/repository/io/netty/netty-common/4.1.119.Final/netty-common-4.1.119.Final.jar:/home/runner/.m2/repository/io/netty/netty-transport/4.1.119.Final/netty-transport-4.1.119.Final.jar:/home/runner/.m2/repository/org/apache/logging/log4j/log4j-api/2.25.0/log4j-api-2.25.0.jar:/home/runner/.m2/repository/com/github/luben/zstd-jni/1.5.7-5/zstd-jni-1.5.7-5.jar:/home/runner/.m2/repository/log4j/apache-log4j-extras/1.2.17/apache-log4j-extras-1.2.17.jar:/home/runner/.m2/repository/org/glassfish/jaxb/jaxb-runtime/2.3.9/jaxb-runtime-2.3.9.jar:/home/runner/.m2/repository/org/glassfish/jaxb/txw2/2.3.9/txw2-2.3.9.jar:/home/runner/.m2/repository/com/sun/istack/istack-commons-runtime/3.0.12/istack-commons-runtime-3.0.12.jar:/home/runner/.m2/repository/com/sun/activation/jakarta.activation/1.2.2/jakarta.activation-1.2.2.jar:/home/runner/work/ozone/ozone/hadoop-hdds/container-service/target/hdds-container-service-2.1.0-SNAPSHOT-tests.jar:/home/runner/work/ozone/ozone/hadoop-hdds/interface-admin/target/hdds-interface-admin-2.1.0-SNAPSHOT.jar:/home/runner/work/ozone/ozone/hadoop-hdds/interface-client/target/hdds-interface-client-2.1.0-SNAPSHOT.jar:/home/runner/work/ozone/ozone/hadoop-hdds/interface-server/target/hdds-interface-server-2.1.0-SNAPSHOT.jar:/home/runner/work/ozone/ozone/hadoop-hdds/managed-rocksdb/target/hdds-managed-rocksdb-2.1.0-SNAPSHOT.jar:/home/runner/work/ozone/ozone/hadoop-hdds/rocks-native/target/hdds-rocks-native-2.1.0-SNAPSHOT.jar:/home/runner/work/ozone/ozone/hadoop-hdds/framework/target/hdds-server-framework-2.1.0-SNAPSHOT.jar:/home/runner/.m2/repository/com/github/jnr/jnr-constants/0.10.4/jnr-constants-0.10.4.jar:/home/runner/.m2/repository/com/github/jnr/jnr-posix/3.1.20/jnr-posix-3.1.20.jar:/home/runner/.m2/repository/com/github/jnr/jnr-ffi/2.2.17/jnr-ffi-2.2.17.jar:/home/runner/.m2/repository/com/github/jnr/jffi/1.3.13/jffi-1.3.13.jar:/home/runner/.m2/repository/com/github/jnr/jffi/1.3.13/jffi-1.3.13-native.jar:/home/runner/.m2/repository/org/ow2/asm/asm/9.7.1/asm-9.7.1.jar:/home/runner/.m2/repository/org/ow2/asm/asm-commons/9.7.1/asm-commons-9.7.1.jar:/home/runner/.m2/repository/org/ow2/asm/asm-analysis/9.7.1/asm-analysis-9.7.1.jar:/home/runner/.m2/repository/org/ow2/asm/asm-tree/9.7.1/asm-tree-9.7.1.jar:/home/runner/.m2/repository/org/ow2/asm/asm-util/9.7.1/asm-util-9.7.1.jar:/home/runner/.m2/repository/com/github/jnr/jnr-a64asm/1.0.0/jnr-a64asm-1.0.0.jar:/home/runner/.m2/repository/com/github/jnr/jnr-x86asm/1.0.2/jnr-x86asm-1.0.2.jar:/home/runner/.m2/repository/commons-fileupload/commons-fileupload/1.6.0/commons-fileupload-1.6.0.jar:/home/runner/.m2/repository/io/grpc/grpc-api/1.71.0/grpc-api-1.71.0.jar:/home/runner/.m2/repository/io/prometheus/simpleclient/0.16.0/simpleclient-0.16.0.jar:/home/runner/.m2/repository/io/prometheus/simpleclient_common/0.16.0/simpleclient_common-0.16.0.jar:/home/runner/.m2/repository/io/prometheus/simpleclient_dropwizard/0.16.0/simpleclient_dropwizard-0.16.0.jar:/home/runner/.m2/repository/jakarta/ws/rs/jakarta.ws.rs-api/2.1.6/jakarta.ws.rs-api-2.1.6.jar:/home/runner/.m2/repository/org/eclipse/jetty/jetty-http/9.4.58.v20250814/jetty-http-9.4.58.v20250814.jar:/home/runner/.m2/repository/org/glassfish/jersey/containers/jersey-container-servlet-core/2.47/jersey-container-servlet-core-2.47.jar:/home/runner/.m2/repository/org/glassfish/jersey/core/jersey-server/2.47/jersey-server-2.47.jar:/home/runner/.m2/repository/org/glassfish/jersey/core/jersey-client/2.47/jersey-client-2.47.jar:/home/runner/.m2/repository/com/lmax/disruptor/3.4.4/disruptor-3.4.4.jar:/home/runner/.m2/repository/org/apache/logging/log4j/log4j-core/2.25.0/log4j-core-2.25.0.jar:/home/runner/work/ozone/ozone/hadoop-hdds/framework/target/hdds-server-framework-2.1.0-SNAPSHOT-tests.jar:/home/runner/work/ozone/ozone/hadoop-hdds/server-scm/target/hdds-server-scm-2.1.0-SNAPSHOT.jar:/home/runner/work/ozone/ozone/hadoop-hdds/server-scm/target/hdds-server-scm-2.1.0-SNAPSHOT-tests.jar:/home/runner/work/ozone/ozone/hadoop-hdds/test-utils/target/hdds-test-utils-2.1.0-SNAPSHOT-tests.jar:/home/runner/work/ozone/ozone/hadoop-ozone/cli-admin/target/ozone-cli-admin-2.1.0-SNAPSHOT.jar:/home/runner/work/ozone/ozone/hadoop-ozone/cli-shell/target/ozone-cli-shell-2.1.0-SNAPSHOT.jar:/home/runner/.m2/repository/info/picocli/picocli-shell-jline3/4.7.7/picocli-shell-jline3-4.7.7.jar:/home/runner/.m2/repository/org/jline/jline/3.30.6/jline-3.30.6.jar:/home/runner/work/ozone/ozone/hadoop-ozone/client/target/ozone-client-2.1.0-SNAPSHOT.jar:/home/runner/work/ozone/ozone/hadoop-ozone/common/target/ozone-common-2.1.0-SNAPSHOT.jar:/home/runner/.m2/repository/io/grpc/grpc-netty/1.71.0/grpc-netty-1.71.0.jar:/home/runner/.m2/repository/org/codehaus/mojo/animal-sniffer-annotations/1.24/animal-sniffer-annotations-1.24.jar:/home/runner/.m2/repository/io/grpc/grpc-core/1.71.0/grpc-core-1.71.0.jar:/home/runner/.m2/repository/com/google/android/annotations/4.1.1.4/annotations-4.1.1.4.jar:/home/runner/.m2/repository/io/grpc/grpc-context/1.71.0/grpc-context-1.71.0.jar:/home/runner/.m2/repository/io/perfmark/perfmark-api/0.27.0/perfmark-api-0.27.0.jar:/home/runner/.m2/repository/io/grpc/grpc-util/1.71.0/grpc-util-1.71.0.jar:/home/runner/.m2/repository/io/netty/netty-codec-http2/4.1.119.Final/netty-codec-http2-4.1.119.Final.jar:/home/runner/.m2/repository/io/netty/netty-handler-proxy/4.1.119.Final/netty-handler-proxy-4.1.119.Final.jar:/home/runner/.m2/repository/io/netty/netty-tcnative-boringssl-static/2.0.70.Final/netty-tcnative-boringssl-static-2.0.70.Final.jar:/home/runner/.m2/repository/io/netty/netty-tcnative-classes/2.0.70.Final/netty-tcnative-classes-2.0.70.Final.jar:/home/runner/.m2/repository/io/netty/netty-tcnative-boringssl-static/2.0.70.Final/netty-tcnative-boringssl-static-2.0.70.Final-linux-x86_64.jar:/home/runner/.m2/repository/io/netty/netty-tcnative-boringssl-static/2.0.70.Final/netty-tcnative-boringssl-static-2.0.70.Final-linux-aarch_64.jar:/home/runner/.m2/repository/io/netty/netty-tcnative-boringssl-static/2.0.70.Final/netty-tcnative-boringssl-static-2.0.70.Final-osx-x86_64.jar:/home/runner/.m2/repository/io/netty/netty-tcnative-boringssl-static/2.0.70.Final/netty-tcnative-boringssl-static-2.0.70.Final-osx-aarch_64.jar:/home/runner/.m2/repository/io/netty/netty-tcnative-boringssl-static/2.0.70.Final/netty-tcnative-boringssl-static-2.0.70.Final-windows-x86_64.jar:/home/runner/work/ozone/ozone/hadoop-ozone/csi/target/ozone-csi-2.1.0-SNAPSHOT.jar:/home/runner/.m2/repository/io/grpc/grpc-protobuf/1.71.0/grpc-protobuf-1.71.0.jar:/home/runner/.m2/repository/com/google/api/grpc/proto-google-common-protos/2.51.0/proto-google-common-protos-2.51.0.jar:/home/runner/.m2/repository/io/grpc/grpc-protobuf-lite/1.71.0/grpc-protobuf-lite-1.71.0.jar:/home/runner/.m2/repository/io/grpc/grpc-stub/1.71.0/grpc-stub-1.71.0.jar:/home/runner/.m2/repository/io/netty/netty-transport-classes-epoll/4.1.119.Final/netty-transport-classes-epoll-4.1.119.Final.jar:/home/runner/.m2/repository/io/netty/netty-transport-native-unix-common/4.1.119.Final/netty-transport-native-unix-common-4.1.119.Final.jar:/home/runner/.m2/repository/io/netty/netty-transport-native-epoll/4.1.119.Final/netty-transport-native-epoll-4.1.119.Final-linux-x86_64.jar:/home/runner/work/ozone/ozone/hadoop-ozone/ozonefs/target/ozone-filesystem-2.1.0-SNAPSHOT.jar:/home/runner/work/ozone/ozone/hadoop-ozone/ozonefs-common/target/ozone-filesystem-common-2.1.0-SNAPSHOT.jar:/home/runner/work/ozone/ozone/hadoop-ozone/freon/target/ozone-freon-2.1.0-SNAPSHOT.jar:/home/runner/.m2/repository/com/amazonaws/aws-java-sdk-core/1.12.788/aws-java-sdk-core-1.12.788.jar:/home/runner/.m2/repository/com/fasterxml/jackson/dataformat/jackson-dataformat-cbor/2.16.2/jackson-dataformat-cbor-2.16.2.jar:/home/runner/.m2/repository/joda-time/joda-time/2.12.7/joda-time-2.12.7.jar:/home/runner/.m2/repository/com/amazonaws/aws-java-sdk-s3/1.12.788/aws-java-sdk-s3-1.12.788.jar:/home/runner/.m2/repository/com/amazonaws/aws-java-sdk-kms/1.12.788/aws-java-sdk-kms-1.12.788.jar:/home/runner/.m2/repository/com/amazonaws/jmespath-java/1.12.788/jmespath-java-1.12.788.jar:/home/runner/work/ozone/ozone/hadoop-ozone/interface-client/target/ozone-interface-client-2.1.0-SNAPSHOT.jar:/home/runner/work/ozone/ozone/hadoop-ozone/interface-storage/target/ozone-interface-storage-2.1.0-SNAPSHOT.jar:/home/runner/work/ozone/ozone/hadoop-ozone/ozone-manager/target/ozone-manager-2.1.0-SNAPSHOT.jar:/home/runner/.m2/repository/org/aspectj/aspectjrt/1.9.24/aspectjrt-1.9.24.jar:/home/runner/work/ozone/ozone/hadoop-ozone/ozone-manager/target/ozone-manager-2.1.0-SNAPSHOT-tests.jar:/home/runner/work/ozone/ozone/hadoop-ozone/mini-cluster/target/ozone-mini-cluster-2.1.0-SNAPSHOT.jar:/home/runner/work/ozone/ozone/hadoop-ozone/multitenancy-ranger/target/ozone-multitenancy-ranger-2.1.0-SNAPSHOT.jar:/home/runner/.m2/repository/com/sun/jersey/jersey-client/1.19.4/jersey-client-1.19.4.jar:/home/runner/.m2/repository/org/apache/ranger/ranger-plugins-common/2.6.0/ranger-plugins-common-2.6.0.jar:/home/runner/.m2/repository/com/fasterxml/jackson/jaxrs/jackson-jaxrs-base/2.16.2/jackson-jaxrs-base-2.16.2.jar:/home/runner/.m2/repository/com/kstruct/gethostname4j/1.0.0/gethostname4j-1.0.0.jar:/home/runner/.m2/repository/commons-lang/commons-lang/2.6/commons-lang-2.6.jar:/home/runner/.m2/repository/net/java/dev/jna/jna/5.2.0/jna-5.2.0.jar:/home/runner/.m2/repository/net/java/dev/jna/jna-platform/5.2.0/jna-platform-5.2.0.jar:/home/runner/.m2/repository/org/apache/ranger/ranger-plugin-classloader/2.6.0/ranger-plugin-classloader-2.6.0.jar:/home/runner/.m2/repository/org/apache/ranger/ranger-plugins-audit/2.6.0/ranger-plugins-audit-2.6.0.jar:/home/runner/.m2/repository/com/amazonaws/aws-java-sdk-logs/1.12.765/aws-java-sdk-logs-1.12.765.jar:/home/runner/.m2/repository/com/carrotsearch/hppc/0.8.0/hppc-0.8.0.jar:/home/runner/.m2/repository/io/airlift/aircompressor/0.27/aircompressor-0.27.jar:/home/runner/.m2/repository/org/apache/httpcomponents/httpasyncclient/4.1.4/httpasyncclient-4.1.4.jar:/home/runner/.m2/repository/org/apache/httpcomponents/httpcore-nio/4.4.16/httpcore-nio-4.4.16.jar:/home/runner/.m2/repository/org/apache/httpcomponents/httpmime/4.5.13/httpmime-4.5.13.jar:/home/runner/.m2/repository/org/apache/orc/orc-core/1.5.8/orc-core-1.5.8.jar:/home/runner/.m2/repository/org/apache/orc/orc-shims/1.5.8/orc-shims-1.5.8.jar:/home/runner/.m2/repository/org/apache/ranger/ranger-plugins-cred/2.6.0/ranger-plugins-cred-2.6.0.jar:/home/runner/work/ozone/ozone/hadoop-ozone/recon/target/ozone-recon-2.1.0-SNAPSHOT.jar:/home/runner/.m2/repository/aopalliance/aopalliance/1.0/aopalliance-1.0.jar:/home/runner/.m2/repository/com/google/inject/guice/6.0.0/guice-6.0.0.jar:/home/runner/.m2/repository/jakarta/inject/jakarta.inject-api/2.0.1/jakarta.inject-api-2.0.1.jar:/home/runner/.m2/repository/com/jolbox/bonecp/0.8.0.RELEASE/bonecp-0.8.0.RELEASE.jar:/home/runner/.m2/repository/jakarta/validation/jakarta.validation-api/2.0.2/jakarta.validation-api-2.0.2.jar:/home/runner/.m2/repository/javax/annotation/javax.annotation-api/1.3.2/javax.annotation-api-1.3.2.jar:/home/runner/.m2/repository/javax/inject/javax.inject/1/javax.inject-1.jar:/home/runner/.m2/repository/org/apache/derby/derby/10.14.2.0/derby-10.14.2.0.jar:/home/runner/.m2/repository/org/glassfish/hk2/guice-bridge/2.6.1/guice-bridge-2.6.1.jar:/home/runner/.m2/repository/org/glassfish/hk2/hk2-api/2.6.1/hk2-api-2.6.1.jar:/home/runner/.m2/repository/org/glassfish/hk2/hk2-utils/2.6.1/hk2-utils-2.6.1.jar:/home/runner/.m2/repository/org/glassfish/hk2/external/aopalliance-repackaged/2.6.1/aopalliance-repackaged-2.6.1.jar:/home/runner/.m2/repository/org/glassfish/jersey/core/jersey-common/2.47/jersey-common-2.47.jar:/home/runner/.m2/repository/org/glassfish/hk2/osgi-resource-locator/1.0.3/osgi-resource-locator-1.0.3.jar:/home/runner/.m2/repository/org/jooq/jooq/3.11.10/jooq-3.11.10.jar:/home/runner/.m2/repository/org/springframework/spring-core/5.3.39/spring-core-5.3.39.jar:/home/runner/.m2/repository/org/springframework/spring-jdbc/5.3.39/spring-jdbc-5.3.39.jar:/home/runner/.m2/repository/org/springframework/spring-beans/5.3.39/spring-beans-5.3.39.jar:/home/runner/.m2/repository/org/springframework/spring-tx/5.3.39/spring-tx-5.3.39.jar:/home/runner/.m2/repository/org/xerial/sqlite-jdbc/3.50.3.0/sqlite-jdbc-3.50.3.0.jar:/home/runner/.m2/repository/com/google/inject/extensions/guice-assistedinject/6.0.0/guice-assistedinject-6.0.0.jar:/home/runner/.m2/repository/org/glassfish/hk2/external/jakarta.inject/2.6.1/jakarta.inject-2.6.1.jar:/home/runner/.m2/repository/org/glassfish/jersey/inject/jersey-hk2/2.47/jersey-hk2-2.47.jar:/home/runner/.m2/repository/org/glassfish/hk2/hk2-locator/2.6.1/hk2-locator-2.6.1.jar:/home/runner/.m2/repository/org/glassfish/jersey/media/jersey-media-jaxb/2.47/jersey-media-jaxb-2.47.jar:/home/runner/.m2/repository/org/glassfish/jersey/media/jersey-media-json-jackson/2.47/jersey-media-json-jackson-2.47.jar:/home/runner/.m2/repository/org/glassfish/jersey/ext/jersey-entity-filtering/2.47/jersey-entity-filtering-2.47.jar:/home/runner/work/ozone/ozone/hadoop-ozone/recon-codegen/target/ozone-reconcodegen-2.1.0-SNAPSHOT.jar:/home/runner/.m2/repository/org/jooq/jooq-codegen/3.11.10/jooq-codegen-3.11.10.jar:/home/runner/.m2/repository/org/jooq/jooq-meta/3.11.10/jooq-meta-3.11.10.jar:/home/runner/work/ozone/ozone/hadoop-ozone/s3gateway/target/ozone-s3gateway-2.1.0-SNAPSHOT.jar:/home/runner/work/ozone/ozone/hadoop-ozone/tools/target/ozone-tools-2.1.0-SNAPSHOT.jar:/home/runner/.m2/repository/com/github/vlsi/mxgraph/jgraphx/3.9.12/jgraphx-3.9.12.jar:/home/runner/.m2/repository/org/apache/ratis/ratis-shell/3.2.0/ratis-shell-3.2.0.jar:/home/runner/.m2/repository/org/apache/ratis/ratis-tools/3.2.0/ratis-tools-3.2.0.jar:/home/runner/.m2/repository/org/jgrapht/jgrapht-core/1.4.0/jgrapht-core-1.4.0.jar:/home/runner/.m2/repository/org/jheaps/jheaps/0.11/jheaps-0.11.jar:/home/runner/.m2/repository/org/jgrapht/jgrapht-ext/1.4.0/jgrapht-ext-1.4.0.jar:/home/runner/work/ozone/ozone/hadoop-hdds/rocksdb-checkpoint-differ/target/rocksdb-checkpoint-differ-2.1.0-SNAPSHOT.jar:/home/runner/.m2/repository/org/apache/ranger/ranger-intg/2.6.0/ranger-intg-2.6.0.jar:/home/runner/.m2/repository/org/apache/ratis/ratis-client/3.2.0/ratis-client-3.2.0.jar:/home/runner/.m2/repository/org/apache/ratis/ratis-common/3.2.0/ratis-common-3.2.0.jar:/home/runner/.m2/repository/org/apache/ratis/ratis-grpc/3.2.0/ratis-grpc-3.2.0.jar:/home/runner/.m2/repository/org/apache/ratis/ratis-metrics-api/3.2.0/ratis-metrics-api-3.2.0.jar:/home/runner/.m2/repository/org/apache/ratis/ratis-proto/3.2.0/ratis-proto-3.2.0.jar:/home/runner/.m2/repository/org/apache/ratis/ratis-server/3.2.0/ratis-server-3.2.0.jar:/home/runner/.m2/repository/org/apache/ratis/ratis-server-api/3.2.0/ratis-server-api-3.2.0.jar:/home/runner/.m2/repository/org/apache/ratis/ratis-thirdparty-misc/1.0.9/ratis-thirdparty-misc-1.0.9.jar:/home/runner/.m2/repository/org/bouncycastle/bcpkix-jdk18on/1.81/bcpkix-jdk18on-1.81.jar:/home/runner/.m2/repository/org/bouncycastle/bcutil-jdk18on/1.81/bcutil-jdk18on-1.81.jar:/home/runner/.m2/repository/org/hamcrest/hamcrest/2.2/hamcrest-2.2.jar:/home/runner/.m2/repository/org/reflections/reflections/0.10.2/reflections-0.10.2.jar:/home/runner/.m2/repository/org/javassist/javassist/3.30.2-GA/javassist-3.30.2-GA.jar:/home/runner/.m2/repository/org/rocksdb/rocksdbjni/7.7.3/rocksdbjni-7.7.3.jar:/home/runner/.m2/repository/org/slf4j/jul-to-slf4j/2.0.17/jul-to-slf4j-2.0.17.jar:/home/runner/.m2/repository/org/slf4j/slf4j-api/2.0.17/slf4j-api-2.0.17.jar:/home/runner/.m2/repository/org/assertj/assertj-core/3.27.6/assertj-core-3.27.6.jar:/home/runner/.m2/repository/net/bytebuddy/byte-buddy/1.17.7/byte-buddy-1.17.7.jar:/home/runner/.m2/repository/org/junit/jupiter/junit-jupiter-api/5.14.0/junit-jupiter-api-5.14.0.jar:/home/runner/.m2/repository/org/opentest4j/opentest4j/1.3.0/opentest4j-1.3.0.jar:/home/runner/.m2/repository/org/junit/platform/junit-platform-commons/1.14.0/junit-platform-commons-1.14.0.jar:/home/runner/.m2/repository/org/apiguardian/apiguardian-api/1.1.2/apiguardian-api-1.1.2.jar:/home/runner/.m2/repository/org/junit/jupiter/junit-jupiter-params/5.14.0/junit-jupiter-params-5.14.0.jar:/home/runner/.m2/repository/org/mockito/mockito-core/4.11.0/mockito-core-4.11.0.jar:/home/runner/.m2/repository/net/bytebuddy/byte-buddy-agent/1.12.19/byte-buddy-agent-1.12.19.jar:/home/runner/.m2/repository/org/objenesis/objenesis/3.3/objenesis-3.3.jar:/home/runner/.m2/repository/org/mockito/mockito-inline/4.11.0/mockito-inline-4.11.0.jar:/home/runner/.m2/repository/org/mockito/mockito-junit-jupiter/4.11.0/mockito-junit-jupiter-4.11.0.jar:/home/runner/work/ozone/ozone/hadoop-ozone/integration-test/target/gradle-enterprise/test-listeners.jar:"/>
    <property name="sun.cpu.endian" value="little"/>
    <property name="user.home" value="/home/runner"/>
    <property name="user.language" value="en"/>
    <property name="java.specification.vendor" value="Oracle Corporation"/>
    <property name="skipRecon" value="true"/>
    <property name="java.version.date" value="2025-07-15"/>
    <property name="java.home" value="/usr/lib/jvm/temurin-21-jdk-amd64"/>
    <property name="java.security.krb5.conf" value="/home/runner/work/ozone/ozone/hadoop-ozone/integration-test/target/test-classes/krb5.conf"/>
    <property name="file.separator" value="/"/>
    <property name="basedir" value="/home/runner/work/ozone/ozone/hadoop-ozone/integration-test"/>
    <property name="java.vm.compressedOopsMode" value="Zero based"/>
    <property name="line.separator" value="&#10;"/>
    <property name="java.vm.specification.vendor" value="Oracle Corporation"/>
    <property name="java.specification.name" value="Java Platform API Specification"/>
    <property name="OZONE.CLIENT.RECOVER.LEASE.FORCE" value="true"/>
    <property name="surefire.real.class.path" value="/home/runner/work/ozone/ozone/hadoop-ozone/integration-test/target/surefire/surefirebooter-20251016193709310_380.jar"/>
    <property name="hadoop.log.dir" value="/home/runner/work/ozone/ozone/hadoop-ozone/integration-test/target/log"/>
    <property name="sun.management.compiler" value="HotSpot 64-Bit Tiered Compilers"/>
    <property name="skipShade" value="true"/>
    <property name="java.runtime.version" value="21.0.8+9-LTS"/>
    <property name="user.name" value="runner"/>
    <property name="java.net.preferIPv4Stack" value="true"/>
    <property name="stdout.encoding" value="UTF-8"/>
    <property name="path.separator" value=":"/>
    <property name="java.security.egd" value="file:///dev/urandom"/>
    <property name="os.version" value="6.11.0-1018-azure"/>
    <property name="java.runtime.name" value="OpenJDK Runtime Environment"/>
    <property name="com.gradle.maven.scan.extension.test.listener.junitplatform.NestedExecutionSafeDelegatingTestExecutionListener" value="56e07a08"/>
    <property name="file.encoding" value="UTF-8"/>
    <property name="java.vm.name" value="OpenJDK 64-Bit Server VM"/>
    <property name="rocks_tools_native" value="true"/>
    <property name="java.vendor.version" value="Temurin-21.0.8+9"/>
    <property name="test.build.webapps" value=""/>
    <property name="develocity.listener.surefire.forkId" value="1"/>
    <property name="localRepository" value="/home/runner/.m2/repository"/>
    <property name="java.vendor.url.bug" value="https://github.com/adoptium/adoptium-support/issues"/>
    <property name="jetty.git.hash" value="8f1440587e9e4ae7db3d74cf205643f3d707148d"/>
    <property name="java.io.tmpdir" value="/tmp"/>
    <property name="require.test.libhadoop" value=""/>
    <property name="java.version" value="21.0.8"/>
    <property name="user.dir" value="/home/runner/work/ozone/ozone/hadoop-ozone/integration-test"/>
    <property name="os.arch" value="amd64"/>
    <property name="java.vm.specification.name" value="Java Virtual Machine Specification"/>
    <property name="test.build.classes" value="/home/runner/work/ozone/ozone/hadoop-ozone/integration-test/target/test-classes"/>
    <property name="org.apache.ratis.thirdparty.io.netty.allocator.useCacheForAllThreads" value="false"/>
    <property name="native.encoding" value="UTF-8"/>
    <property name="hadoop.tmp.dir" value="/home/runner/work/ozone/ozone/hadoop-ozone/integration-test/target/tmp"/>
    <property name="java.library.path" value="/usr/java/packages/lib:/usr/lib64:/lib64:/lib:/usr/lib"/>
    <property name="java.vm.info" value="mixed mode, sharing"/>
    <property name="stderr.encoding" value="UTF-8"/>
    <property name="java.vendor" value="Eclipse Adoptium"/>
    <property name="java.vm.version" value="21.0.8+9-LTS"/>
    <property name="sun.io.unicode.encoding" value="UnicodeLittle"/>
    <property name="develocity.listener.port" value="36141"/>
    <property name="java.class.version" value="65.0"/>
  </properties>
  <testcase name="bucketUsedBytesOverWrite(BucketLayout)[1]" classname="org.apache.hadoop.ozone.client.rpc.TestSecureOzoneRpcClient" time="0.734">
    <system-out><![CDATA[2025-10-16 19:47:14,095 [ForkJoinPool-1-worker-1] INFO  audit.AuditLogger (AuditLogger.java:refreshDebugCmdSet(133)) - Refresh DebugCmdSet for OMAudit to [].
2025-10-16 19:47:14,140 [ForkJoinPool-1-worker-1] INFO  audit.AuditLogger (AuditLogger.java:refreshDebugCmdSet(133)) - Refresh DebugCmdSet for OMSystemAudit to [].
2025-10-16 19:47:15,443 [ForkJoinPool-1-worker-1] INFO  utils.SelfSignedCertificate (SelfSignedCertificate.java:generateCertificate(156)) - Certificate 1 is issued by SERIALNUMBER=1, O=cluster1, OU=scm1, CN=rootCA@localhost to SERIALNUMBER=1, O=cluster1, OU=scm1, CN=rootCA@localhost, valid from Thu Oct 16 19:47:15 UTC 2025 to Sun Nov 24 19:47:15 UTC 2030
2025-10-16 19:47:15,469 [ForkJoinPool-1-worker-1] INFO  authority.DefaultApprover (DefaultApprover.java:sign(171)) - Extensions in CSR: 2.5.29.15
2025-10-16 19:47:15,470 [ForkJoinPool-1-worker-1] INFO  authority.DefaultApprover (DefaultApprover.java:sign(175)) - Extensions to add to the certificate if they present in CSR: 2.5.29.15, 2.5.29.17, 2.5.29.35, 2.5.29.37, 1.3.6.1.5.5.7.1.12
2025-10-16 19:47:15,724 [ForkJoinPool-1-worker-1] INFO  reflections.Reflections (Reflections.java:scan(219)) - Reflections took 158 ms to scan 7 urls, producing 168 keys and 381 values
2025-10-16 19:47:15,823 [ForkJoinPool-1-worker-1] INFO  ha.SCMHANodeDetails (SCMHANodeDetails.java:loadSCMHAConfig(162)) - ServiceID for StorageContainerManager is null
2025-10-16 19:47:15,823 [ForkJoinPool-1-worker-1] INFO  ha.SCMHANodeDetails (SCMHANodeDetails.java:loadSCMHAConfig(166)) - ozone.scm.default.service.id is not defined, falling back to ozone.scm.service.ids to find serviceID for StorageContainerManager if it is HA enabled cluster
2025-10-16 19:47:16,000 [ForkJoinPool-1-worker-1] INFO  server.RaftServerConfigKeys (ConfUtils.java:logGet(62)) - raft.server.log.appender.buffer.byte-limit = 4194304 (custom)
2025-10-16 19:47:16,024 [ForkJoinPool-1-worker-1] INFO  server.RaftServer (ConfUtils.java:logGet(62)) - raft.rpc.type = GRPC (default)
2025-10-16 19:47:16,093 [ForkJoinPool-1-worker-1] INFO  grpc.GrpcConfigKeys (ConfUtils.java:logFallback(69)) - raft.grpc.admin.host = null (fallback to raft.grpc.server.host)
2025-10-16 19:47:16,094 [ForkJoinPool-1-worker-1] INFO  grpc.GrpcConfigKeys (ConfUtils.java:logFallback(69)) - raft.grpc.admin.port = 15004 (fallback to raft.grpc.server.port)
2025-10-16 19:47:16,095 [ForkJoinPool-1-worker-1] INFO  grpc.GrpcConfigKeys (ConfUtils.java:logFallback(69)) - raft.grpc.client.host = null (fallback to raft.grpc.server.host)
2025-10-16 19:47:16,095 [ForkJoinPool-1-worker-1] INFO  grpc.GrpcConfigKeys (ConfUtils.java:logFallback(69)) - raft.grpc.client.port = 15004 (fallback to raft.grpc.server.port)
2025-10-16 19:47:16,095 [ForkJoinPool-1-worker-1] INFO  grpc.GrpcConfigKeys (ConfUtils.java:logGet(62)) - raft.grpc.server.port = 15004 (custom)
2025-10-16 19:47:16,096 [ForkJoinPool-1-worker-1] INFO  server.GrpcServicesImpl (ConfUtils.java:logGet(62)) - raft.grpc.message.size.max = 5242880 (custom)
2025-10-16 19:47:16,096 [ForkJoinPool-1-worker-1] INFO  server.GrpcServicesImpl (ConfUtils.java:logGet(62)) - raft.grpc.flow.control.window = 1MB (=1048576) (default)
2025-10-16 19:47:16,098 [ForkJoinPool-1-worker-1] INFO  server.RaftServerConfigKeys (ConfUtils.java:logGet(62)) - raft.server.rpc.request.timeout = 30000ms (custom)
2025-10-16 19:47:16,103 [ForkJoinPool-1-worker-1] INFO  grpc.GrpcConfigKeys (ConfUtils.java:logGet(62)) - raft.grpc.server.heartbeat.channel = true (default)
2025-10-16 19:47:16,103 [ForkJoinPool-1-worker-1] INFO  server.RaftServerConfigKeys (ConfUtils.java:logGet(62)) - raft.server.log.appender.buffer.byte-limit = 4194304 (custom)
2025-10-16 19:47:16,106 [ForkJoinPool-1-worker-1] INFO  grpc.GrpcConfigKeys (ConfUtils.java:logGet(62)) - raft.grpc.server.async.request.thread.pool.cached = true (default)
2025-10-16 19:47:16,106 [ForkJoinPool-1-worker-1] INFO  grpc.GrpcConfigKeys (ConfUtils.java:logGet(62)) - raft.grpc.server.async.request.thread.pool.size = 32 (default)
2025-10-16 19:47:16,313 [ForkJoinPool-1-worker-1] INFO  impl.DataStreamServerImpl (ConfUtils.java:logGet(62)) - raft.datastream.type = DISABLED (default)
2025-10-16 19:47:16,315 [ForkJoinPool-1-worker-1] INFO  server.RaftServerConfigKeys (ConfUtils.java:logGet(62)) - raft.server.sleep.deviation.threshold = 300ms (default)
2025-10-16 19:47:16,316 [ForkJoinPool-1-worker-1] INFO  server.RaftServerConfigKeys (ConfUtils.java:logGet(62)) - raft.server.close.threshold = 60s (default)
2025-10-16 19:47:16,316 [ForkJoinPool-1-worker-1] INFO  server.RaftServerConfigKeys (ConfUtils.java:logGet(62)) - raft.server.leaderelection.leader.step-down.wait-time = 10s (default)
2025-10-16 19:47:16,319 [ForkJoinPool-1-worker-1] INFO  server.RaftServerConfigKeys (ConfUtils.java:logGet(62)) - raft.server.storage.dir = [/home/runner/work/ozone/ozone/hadoop-ozone/integration-test/target/test-dir/MiniOzoneClusterImpl-e7911277-7775-4457-96c8-94071a26a1ce/scm/ratis] (custom)
2025-10-16 19:47:16,320 [ForkJoinPool-1-worker-1] INFO  server.RaftServerConfigKeys (ConfUtils.java:logGet(62)) - raft.server.threadpool.proxy.cached = true (default)
2025-10-16 19:47:16,321 [ForkJoinPool-1-worker-1] INFO  server.RaftServerConfigKeys (ConfUtils.java:logGet(62)) - raft.server.threadpool.proxy.size = 0 (default)
2025-10-16 19:47:16,326 [ForkJoinPool-1-worker-1] INFO  server.RaftServer (RaftServerProxy.java:addNew(105)) - bed9314d-2aab-40ad-9a80-177434bab325: addNew group-94071A26A1CE:[bed9314d-2aab-40ad-9a80-177434bab325|localhost:15004] returns group-94071A26A1CE:java.util.concurrent.CompletableFuture@40887c8c[Not completed]
2025-10-16 19:47:16,342 [bed9314d-2aab-40ad-9a80-177434bab325-groupManagement] INFO  server.RaftServer$Division (RaftServerImpl.java:<init>(268)) - bed9314d-2aab-40ad-9a80-177434bab325: new RaftServerImpl for group-94071A26A1CE:[bed9314d-2aab-40ad-9a80-177434bab325|localhost:15004] with SCMStateMachine:uninitialized
2025-10-16 19:47:16,343 [bed9314d-2aab-40ad-9a80-177434bab325-groupManagement] INFO  server.RaftServerConfigKeys (ConfUtils.java:logGet(62)) - raft.server.rpc.timeout.min = 5000ms (custom)
2025-10-16 19:47:16,344 [bed9314d-2aab-40ad-9a80-177434bab325-groupManagement] INFO  server.RaftServerConfigKeys (ConfUtils.java:logGet(62)) - raft.server.rpc.timeout.max = 5200ms (custom)
2025-10-16 19:47:16,344 [bed9314d-2aab-40ad-9a80-177434bab325-groupManagement] INFO  server.RaftServerConfigKeys (ConfUtils.java:logGet(62)) - raft.server.rpc.sleep.time = 25ms (default)
2025-10-16 19:47:16,344 [bed9314d-2aab-40ad-9a80-177434bab325-groupManagement] INFO  server.RaftServerConfigKeys (ConfUtils.java:logGet(62)) - raft.server.rpc.slowness.timeout = 120000ms (custom)
2025-10-16 19:47:16,344 [bed9314d-2aab-40ad-9a80-177434bab325-groupManagement] INFO  server.RaftServerConfigKeys (ConfUtils.java:logGet(62)) - raft.server.leaderelection.member.majority-add = false (default)
2025-10-16 19:47:16,350 [bed9314d-2aab-40ad-9a80-177434bab325-groupManagement] INFO  server.RaftServer$Division (ServerState.java:<init>(114)) - bed9314d-2aab-40ad-9a80-177434bab325@group-94071A26A1CE: ConfigurationManager, init=conf: {index: -1, cur=peers:[bed9314d-2aab-40ad-9a80-177434bab325|localhost:15004]|listeners:[], old=null}, confs=<EMPTY_MAP>
2025-10-16 19:47:16,354 [bed9314d-2aab-40ad-9a80-177434bab325-groupManagement] INFO  server.RaftServerConfigKeys (ConfUtils.java:logGet(62)) - raft.server.notification.no-leader.timeout = 60s (default)
2025-10-16 19:47:16,356 [bed9314d-2aab-40ad-9a80-177434bab325-groupManagement] INFO  server.RaftServerConfigKeys (ConfUtils.java:logGet(62)) - raft.server.read.timeout = 10s (default)
2025-10-16 19:47:16,359 [bed9314d-2aab-40ad-9a80-177434bab325-groupManagement] INFO  server.RaftServerConfigKeys (ConfUtils.java:logGet(62)) - raft.server.retrycache.expirytime = 60000ms (default)
2025-10-16 19:47:16,359 [bed9314d-2aab-40ad-9a80-177434bab325-groupManagement] INFO  server.RaftServerConfigKeys (ConfUtils.java:logGet(62)) - raft.server.retrycache.statistics.expirytime = 100ms (default)
2025-10-16 19:47:16,374 [bed9314d-2aab-40ad-9a80-177434bab325-groupManagement] INFO  server.RaftServerConfigKeys (ConfUtils.java:logGet(62)) - raft.server.read.option = DEFAULT (default)
2025-10-16 19:47:16,375 [bed9314d-2aab-40ad-9a80-177434bab325-groupManagement] INFO  server.RaftServerConfigKeys (ConfUtils.java:logGet(62)) - raft.server.read.read-after-write-consistent.write-index-cache.expiry-time = 60s (default)
2025-10-16 19:47:16,497 [bed9314d-2aab-40ad-9a80-177434bab325-groupManagement] INFO  server.RaftServerConfigKeys (ConfUtils.java:logGet(62)) - raft.server.log.appender.install.snapshot.enabled = false (custom)
2025-10-16 19:47:16,498 [bed9314d-2aab-40ad-9a80-177434bab325-groupManagement] INFO  server.RaftServerConfigKeys (ConfUtils.java:logGet(62)) - raft.server.threadpool.server.cached = true (default)
2025-10-16 19:47:16,498 [bed9314d-2aab-40ad-9a80-177434bab325-groupManagement] INFO  server.RaftServerConfigKeys (ConfUtils.java:logGet(62)) - raft.server.threadpool.server.size = 0 (default)
2025-10-16 19:47:16,498 [bed9314d-2aab-40ad-9a80-177434bab325-groupManagement] INFO  server.RaftServerConfigKeys (ConfUtils.java:logGet(62)) - raft.server.threadpool.client.cached = true (default)
2025-10-16 19:47:16,499 [bed9314d-2aab-40ad-9a80-177434bab325-groupManagement] INFO  server.RaftServerConfigKeys (ConfUtils.java:logGet(62)) - raft.server.threadpool.client.size = 0 (default)
2025-10-16 19:47:16,500 [bed9314d-2aab-40ad-9a80-177434bab325-impl-thread1] INFO  server.RaftServerConfigKeys (ConfUtils.java:logGet(62)) - raft.server.storage.free-space.min = 0MB (=0) (default)
2025-10-16 19:47:16,501 [bed9314d-2aab-40ad-9a80-177434bab325-impl-thread1] INFO  server.RaftServerConfigKeys (ConfUtils.java:logGet(62)) - raft.server.log.corruption.policy = EXCEPTION (default)
2025-10-16 19:47:16,506 [bed9314d-2aab-40ad-9a80-177434bab325-impl-thread1] INFO  storage.RaftStorageDirectory (RaftStorageDirectoryImpl.java:analyzeStorage(138)) - The storage directory /home/runner/work/ozone/ozone/hadoop-ozone/integration-test/target/test-dir/MiniOzoneClusterImpl-e7911277-7775-4457-96c8-94071a26a1ce/scm/ratis/e7911277-7775-4457-96c8-94071a26a1ce does not exist. Creating ...
2025-10-16 19:47:16,508 [bed9314d-2aab-40ad-9a80-177434bab325-impl-thread1] INFO  storage.RaftStorageDirectory (RaftStorageDirectoryImpl.java:tryLock(229)) - Lock on /home/runner/work/ozone/ozone/hadoop-ozone/integration-test/target/test-dir/MiniOzoneClusterImpl-e7911277-7775-4457-96c8-94071a26a1ce/scm/ratis/e7911277-7775-4457-96c8-94071a26a1ce/in_use.lock acquired by nodename 40995@localhost
2025-10-16 19:47:16,511 [bed9314d-2aab-40ad-9a80-177434bab325-impl-thread1] INFO  storage.RaftStorage (RaftStorageImpl.java:format(98)) - Storage directory /home/runner/work/ozone/ozone/hadoop-ozone/integration-test/target/test-dir/MiniOzoneClusterImpl-e7911277-7775-4457-96c8-94071a26a1ce/scm/ratis/e7911277-7775-4457-96c8-94071a26a1ce has been successfully formatted.
2025-10-16 19:47:16,513 [bed9314d-2aab-40ad-9a80-177434bab325-impl-thread1] INFO  ha.SCMStateMachine (SCMStateMachine.java:lambda$initialize$0(135)) - bed9314d-2aab-40ad-9a80-177434bab325: initialize group-94071A26A1CE
2025-10-16 19:47:16,514 [bed9314d-2aab-40ad-9a80-177434bab325-impl-thread1] INFO  server.RaftServerConfigKeys (ConfUtils.java:logGet(62)) - raft.server.log.use.memory = false (default)
2025-10-16 19:47:16,521 [bed9314d-2aab-40ad-9a80-177434bab325-impl-thread1] INFO  server.RaftServerConfigKeys (ConfUtils.java:logGet(62)) - raft.server.log.purge.gap = 1000000 (custom)
2025-10-16 19:47:16,521 [bed9314d-2aab-40ad-9a80-177434bab325-impl-thread1] INFO  server.RaftServerConfigKeys (ConfUtils.java:logGet(62)) - raft.server.log.appender.buffer.byte-limit = 4194304 (custom)
2025-10-16 19:47:16,522 [bed9314d-2aab-40ad-9a80-177434bab325-impl-thread1] INFO  server.RaftServerConfigKeys (ConfUtils.java:logGet(62)) - raft.server.log.statemachine.data.read.timeout = 1000ms (default)
2025-10-16 19:47:16,523 [bed9314d-2aab-40ad-9a80-177434bab325-impl-thread1] INFO  server.RaftServerConfigKeys (ConfUtils.java:logGet(62)) - raft.server.log.purge.preservation.log.num = 0 (default)
2025-10-16 19:47:16,525 [bed9314d-2aab-40ad-9a80-177434bab325-impl-thread1] INFO  server.RaftServerConfigKeys (ConfUtils.java:logGet(62)) - raft.server.log.segment.size.max = 67108864 (custom)
2025-10-16 19:47:16,529 [bed9314d-2aab-40ad-9a80-177434bab325-impl-thread1] INFO  server.RaftServerConfigKeys (ConfUtils.java:logGet(62)) - raft.server.log.segment.cache.num.max = 2 (custom)
2025-10-16 19:47:16,529 [bed9314d-2aab-40ad-9a80-177434bab325-impl-thread1] INFO  server.RaftServerConfigKeys (ConfUtils.java:logGet(62)) - raft.server.log.segment.cache.size.max = 200MB (=209715200) (default)
2025-10-16 19:47:16,529 [bed9314d-2aab-40ad-9a80-177434bab325-impl-thread1] INFO  server.RaftServerConfigKeys (ConfUtils.java:logGet(62)) - raft.server.log.appender.buffer.byte-limit = 4194304 (custom)
2025-10-16 19:47:16,531 [bed9314d-2aab-40ad-9a80-177434bab325-impl-thread1] INFO  util.AwaitToRun (AwaitToRun.java:start(81)) - Thread[#43,bed9314d-2aab-40ad-9a80-177434bab325@group-94071A26A1CE-cacheEviction-AwaitToRun,5,main] started
2025-10-16 19:47:16,534 [bed9314d-2aab-40ad-9a80-177434bab325-impl-thread1] INFO  segmented.SegmentedRaftLogWorker (SegmentedRaftLogWorker.java:<init>(190)) - new bed9314d-2aab-40ad-9a80-177434bab325@group-94071A26A1CE-SegmentedRaftLogWorker for RaftStorageImpl:Storage Directory /home/runner/work/ozone/ozone/hadoop-ozone/integration-test/target/test-dir/MiniOzoneClusterImpl-e7911277-7775-4457-96c8-94071a26a1ce/scm/ratis/e7911277-7775-4457-96c8-94071a26a1ce
2025-10-16 19:47:16,534 [bed9314d-2aab-40ad-9a80-177434bab325-impl-thread1] INFO  server.RaftServerConfigKeys (ConfUtils.java:logGet(62)) - raft.server.log.queue.byte-limit = 64MB (=67108864) (default)
2025-10-16 19:47:16,534 [bed9314d-2aab-40ad-9a80-177434bab325-impl-thread1] INFO  server.RaftServerConfigKeys (ConfUtils.java:logGet(62)) - raft.server.log.queue.element-limit = 4096 (default)
2025-10-16 19:47:16,536 [bed9314d-2aab-40ad-9a80-177434bab325-impl-thread1] INFO  server.RaftServerConfigKeys (ConfUtils.java:logGet(62)) - raft.server.log.segment.size.max = 67108864 (custom)
2025-10-16 19:47:16,536 [bed9314d-2aab-40ad-9a80-177434bab325-impl-thread1] INFO  server.RaftServerConfigKeys (ConfUtils.java:logGet(62)) - raft.server.log.preallocated.size = 4194304 (custom)
2025-10-16 19:47:16,537 [bed9314d-2aab-40ad-9a80-177434bab325-impl-thread1] INFO  server.RaftServerConfigKeys (ConfUtils.java:logGet(62)) - raft.server.log.force.sync.num = 128 (default)
2025-10-16 19:47:16,537 [bed9314d-2aab-40ad-9a80-177434bab325-impl-thread1] INFO  server.RaftServerConfigKeys (ConfUtils.java:logGet(62)) - raft.server.log.statemachine.data.sync = true (default)
2025-10-16 19:47:16,538 [bed9314d-2aab-40ad-9a80-177434bab325-impl-thread1] INFO  server.RaftServerConfigKeys (ConfUtils.java:logGet(62)) - raft.server.log.statemachine.data.sync.timeout = 10s (default)
2025-10-16 19:47:16,538 [bed9314d-2aab-40ad-9a80-177434bab325-impl-thread1] INFO  server.RaftServerConfigKeys (ConfUtils.java:logGet(62)) - raft.server.log.statemachine.data.sync.timeout.retry = -1 (default)
2025-10-16 19:47:16,539 [bed9314d-2aab-40ad-9a80-177434bab325-impl-thread1] INFO  server.RaftServerConfigKeys (ConfUtils.java:logGet(62)) - raft.server.log.write.buffer.size = 4194312 (custom)
2025-10-16 19:47:16,541 [bed9314d-2aab-40ad-9a80-177434bab325-impl-thread1] INFO  server.RaftServerConfigKeys (ConfUtils.java:logGet(62)) - raft.server.log.appender.buffer.byte-limit = 4194304 (custom)
2025-10-16 19:47:16,541 [bed9314d-2aab-40ad-9a80-177434bab325-impl-thread1] INFO  server.RaftServerConfigKeys (ConfUtils.java:logGet(62)) - raft.server.log.unsafe-flush.enabled = false (default)
2025-10-16 19:47:16,541 [bed9314d-2aab-40ad-9a80-177434bab325-impl-thread1] INFO  server.RaftServerConfigKeys (ConfUtils.java:logGet(62)) - raft.server.log.async-flush.enabled = false (default)
2025-10-16 19:47:16,542 [bed9314d-2aab-40ad-9a80-177434bab325-impl-thread1] INFO  server.RaftServerConfigKeys (ConfUtils.java:logGet(62)) - raft.server.log.statemachine.data.caching.enabled = false (default)
2025-10-16 19:47:16,546 [bed9314d-2aab-40ad-9a80-177434bab325-impl-thread1] INFO  segmented.SegmentedRaftLogWorker (SegmentedRaftLogWorker.java:lambda$new$0(141)) - bed9314d-2aab-40ad-9a80-177434bab325@group-94071A26A1CE-SegmentedRaftLogWorker: flushIndex: setUnconditionally 0 -> -1
2025-10-16 19:47:16,546 [bed9314d-2aab-40ad-9a80-177434bab325-impl-thread1] INFO  segmented.SegmentedRaftLogWorker (SegmentedRaftLogWorker.java:lambda$new$0(141)) - bed9314d-2aab-40ad-9a80-177434bab325@group-94071A26A1CE-SegmentedRaftLogWorker: safeCacheEvictIndex: setUnconditionally 0 -> -1
2025-10-16 19:47:16,548 [bed9314d-2aab-40ad-9a80-177434bab325-impl-thread1] INFO  server.RaftServer$Division (RaftServerImpl.java:start(405)) - bed9314d-2aab-40ad-9a80-177434bab325@group-94071A26A1CE: start as a follower, conf=conf: {index: -1, cur=peers:[bed9314d-2aab-40ad-9a80-177434bab325|localhost:15004]|listeners:[], old=null}
2025-10-16 19:47:16,548 [bed9314d-2aab-40ad-9a80-177434bab325-impl-thread1] INFO  server.RaftServer$Division (RaftServerImpl.java:setRole(392)) - bed9314d-2aab-40ad-9a80-177434bab325@group-94071A26A1CE: changes role from      null to FOLLOWER at term 0 for startAsFollower
2025-10-16 19:47:16,549 [bed9314d-2aab-40ad-9a80-177434bab325-impl-thread1] INFO  impl.RoleInfo (RoleInfo.java:updateAndGet(148)) - bed9314d-2aab-40ad-9a80-177434bab325: start bed9314d-2aab-40ad-9a80-177434bab325@group-94071A26A1CE-FollowerState
2025-10-16 19:47:16,550 [bed9314d-2aab-40ad-9a80-177434bab325@group-94071A26A1CE-FollowerState] INFO  server.RaftServerConfigKeys (ConfUtils.java:logGet(62)) - raft.server.rpc.first-election.timeout.min = 1000ms (custom)
2025-10-16 19:47:16,550 [bed9314d-2aab-40ad-9a80-177434bab325@group-94071A26A1CE-FollowerState] INFO  server.RaftServerConfigKeys (ConfUtils.java:logGet(62)) - raft.server.rpc.first-election.timeout.max = 1200ms (custom)
2025-10-16 19:47:16,551 [bed9314d-2aab-40ad-9a80-177434bab325-impl-thread1] INFO  util.JmxRegister (JmxRegister.java:tryRegister(44)) - Successfully registered JMX Bean with object name Ratis:service=RaftServer,group=group-94071A26A1CE,id=bed9314d-2aab-40ad-9a80-177434bab325
2025-10-16 19:47:16,551 [bed9314d-2aab-40ad-9a80-177434bab325-impl-thread1] INFO  util.JmxRegister (JmxRegister.java:register(58)) - register mxBean class org.apache.ratis.server.impl.RaftServerJmxAdapter as Ratis:service=RaftServer,group=group-94071A26A1CE,id=bed9314d-2aab-40ad-9a80-177434bab325
2025-10-16 19:47:16,553 [bed9314d-2aab-40ad-9a80-177434bab325-impl-thread1] INFO  server.RaftServerConfigKeys (ConfUtils.java:logGet(62)) - raft.server.snapshot.trigger-when-stop.enabled = true (default)
2025-10-16 19:47:16,553 [bed9314d-2aab-40ad-9a80-177434bab325-impl-thread1] INFO  server.RaftServerConfigKeys (ConfUtils.java:logGet(62)) - raft.server.snapshot.trigger-when-remove.enabled = true (default)
2025-10-16 19:47:16,553 [bed9314d-2aab-40ad-9a80-177434bab325-impl-thread1] INFO  server.RaftServerConfigKeys (ConfUtils.java:logGet(62)) - raft.server.snapshot.auto.trigger.enabled = true (custom)
2025-10-16 19:47:16,553 [bed9314d-2aab-40ad-9a80-177434bab325-impl-thread1] INFO  server.RaftServerConfigKeys (ConfUtils.java:logGet(62)) - raft.server.snapshot.auto.trigger.threshold = 1000 (custom)
2025-10-16 19:47:16,554 [bed9314d-2aab-40ad-9a80-177434bab325-impl-thread1] INFO  server.RaftServerConfigKeys (ConfUtils.java:logGet(62)) - raft.server.snapshot.retention.file.num = -1 (default)
2025-10-16 19:47:16,554 [bed9314d-2aab-40ad-9a80-177434bab325-impl-thread1] INFO  server.RaftServerConfigKeys (ConfUtils.java:logGet(62)) - raft.server.log.purge.upto.snapshot.index = false (default)
2025-10-16 19:47:16,557 [bed9314d-2aab-40ad-9a80-177434bab325-impl-thread1] INFO  server.RaftServer$Division (RaftServerImpl.java:start(419)) - bed9314d-2aab-40ad-9a80-177434bab325@group-94071A26A1CE: Successfully started.
2025-10-16 19:47:16,557 [ForkJoinPool-1-worker-1] INFO  server.RaftServer (RaftServerProxy.java:startImpl(412)) - bed9314d-2aab-40ad-9a80-177434bab325: start RPC server
2025-10-16 19:47:16,590 [ForkJoinPool-1-worker-1] INFO  server.GrpcServicesImpl (GrpcServicesImpl.java:startImpl(346)) - bed9314d-2aab-40ad-9a80-177434bab325: GrpcServicesImpl started, listening on 15004
2025-10-16 19:47:16,591 [JvmPauseMonitor0] INFO  util.JvmPauseMonitor (JvmPauseMonitor.java:run(146)) - JvmPauseMonitor-bed9314d-2aab-40ad-9a80-177434bab325: Started
2025-10-16 19:47:17,596 [bed9314d-2aab-40ad-9a80-177434bab325@group-94071A26A1CE-FollowerState] INFO  impl.FollowerState (FollowerState.java:runImpl(161)) - bed9314d-2aab-40ad-9a80-177434bab325@group-94071A26A1CE-FollowerState: change to CANDIDATE, lastRpcElapsedTime:1046486670ns, electionTimeout:1044ms
2025-10-16 19:47:17,596 [bed9314d-2aab-40ad-9a80-177434bab325@group-94071A26A1CE-FollowerState] INFO  impl.RoleInfo (RoleInfo.java:shutdownFollowerState(121)) - bed9314d-2aab-40ad-9a80-177434bab325: shutdown bed9314d-2aab-40ad-9a80-177434bab325@group-94071A26A1CE-FollowerState
2025-10-16 19:47:17,596 [bed9314d-2aab-40ad-9a80-177434bab325@group-94071A26A1CE-FollowerState] INFO  server.RaftServer$Division (RaftServerImpl.java:setRole(392)) - bed9314d-2aab-40ad-9a80-177434bab325@group-94071A26A1CE: changes role from  FOLLOWER to CANDIDATE at term 0 for changeToCandidate
2025-10-16 19:47:17,598 [bed9314d-2aab-40ad-9a80-177434bab325@group-94071A26A1CE-FollowerState] INFO  server.RaftServerConfigKeys (ConfUtils.java:logGet(62)) - raft.server.leaderelection.pre-vote = true (default)
2025-10-16 19:47:17,599 [bed9314d-2aab-40ad-9a80-177434bab325@group-94071A26A1CE-FollowerState] INFO  impl.RoleInfo (RoleInfo.java:updateAndGet(148)) - bed9314d-2aab-40ad-9a80-177434bab325: start bed9314d-2aab-40ad-9a80-177434bab325@group-94071A26A1CE-LeaderElection1
2025-10-16 19:47:17,601 [bed9314d-2aab-40ad-9a80-177434bab325@group-94071A26A1CE-LeaderElection1] INFO  impl.LeaderElection (LeaderElection.java:askForVotes(448)) - bed9314d-2aab-40ad-9a80-177434bab325@group-94071A26A1CE-LeaderElection1 PRE_VOTE round 0: submit vote requests at term 0 for conf: {index: -1, cur=peers:[bed9314d-2aab-40ad-9a80-177434bab325|localhost:15004]|listeners:[], old=null}
2025-10-16 19:47:17,602 [bed9314d-2aab-40ad-9a80-177434bab325@group-94071A26A1CE-LeaderElection1] INFO  impl.LeaderElection (LeaderElection.java:askForVotes(450)) - bed9314d-2aab-40ad-9a80-177434bab325@group-94071A26A1CE-LeaderElection1 PRE_VOTE round 0: result PASSED (term=0)
2025-10-16 19:47:17,604 [bed9314d-2aab-40ad-9a80-177434bab325@group-94071A26A1CE-LeaderElection1] INFO  impl.LeaderElection (LeaderElection.java:askForVotes(448)) - bed9314d-2aab-40ad-9a80-177434bab325@group-94071A26A1CE-LeaderElection1 ELECTION round 0: submit vote requests at term 1 for conf: {index: -1, cur=peers:[bed9314d-2aab-40ad-9a80-177434bab325|localhost:15004]|listeners:[], old=null}
2025-10-16 19:47:17,604 [bed9314d-2aab-40ad-9a80-177434bab325@group-94071A26A1CE-LeaderElection1] INFO  impl.LeaderElection (LeaderElection.java:askForVotes(450)) - bed9314d-2aab-40ad-9a80-177434bab325@group-94071A26A1CE-LeaderElection1 ELECTION round 0: result PASSED (term=1)
2025-10-16 19:47:17,604 [bed9314d-2aab-40ad-9a80-177434bab325@group-94071A26A1CE-LeaderElection1] INFO  impl.RoleInfo (RoleInfo.java:shutdownLeaderElection(141)) - bed9314d-2aab-40ad-9a80-177434bab325: shutdown bed9314d-2aab-40ad-9a80-177434bab325@group-94071A26A1CE-LeaderElection1
2025-10-16 19:47:17,605 [bed9314d-2aab-40ad-9a80-177434bab325@group-94071A26A1CE-LeaderElection1] INFO  server.RaftServer$Division (RaftServerImpl.java:setRole(392)) - bed9314d-2aab-40ad-9a80-177434bab325@group-94071A26A1CE: changes role from CANDIDATE to LEADER at term 1 for changeToLeader
2025-10-16 19:47:17,608 [bed9314d-2aab-40ad-9a80-177434bab325@group-94071A26A1CE-LeaderElection1] INFO  server.RaftServerConfigKeys (ConfUtils.java:logGet(62)) - raft.server.staging.catchup.gap = 1000 (default)
2025-10-16 19:47:17,609 [bed9314d-2aab-40ad-9a80-177434bab325@group-94071A26A1CE-LeaderElection1] INFO  server.RaftServerConfigKeys (ConfUtils.java:logFallback(69)) - raft.server.staging.timeout = 15600ms (fallback to raft.server.rpc.timeout.max)
2025-10-16 19:47:17,611 [bed9314d-2aab-40ad-9a80-177434bab325@group-94071A26A1CE-LeaderElection1] INFO  server.RaftServerConfigKeys (ConfUtils.java:logGet(62)) - raft.server.write.element-limit = 4096 (default)
2025-10-16 19:47:17,612 [bed9314d-2aab-40ad-9a80-177434bab325@group-94071A26A1CE-LeaderElection1] INFO  server.RaftServerConfigKeys (ConfUtils.java:logGet(62)) - raft.server.write.byte-limit = 64MB (=67108864) (default)
2025-10-16 19:47:17,614 [bed9314d-2aab-40ad-9a80-177434bab325@group-94071A26A1CE-LeaderElection1] INFO  server.RaftServerConfigKeys (ConfUtils.java:logGet(62)) - raft.server.watch.timeout = 10s (default)
2025-10-16 19:47:17,614 [bed9314d-2aab-40ad-9a80-177434bab325@group-94071A26A1CE-LeaderElection1] INFO  server.RaftServerConfigKeys (ConfUtils.java:logGet(62)) - raft.server.watch.timeout.denomination = 1s (default)
2025-10-16 19:47:17,615 [bed9314d-2aab-40ad-9a80-177434bab325@group-94071A26A1CE-LeaderElection1] INFO  server.RaftServerConfigKeys (ConfUtils.java:logGet(62)) - raft.server.watch.element-limit = 65536 (default)
2025-10-16 19:47:17,619 [bed9314d-2aab-40ad-9a80-177434bab325@group-94071A26A1CE-LeaderElection1] INFO  server.RaftServerConfigKeys (ConfUtils.java:logGet(62)) - raft.server.read.leader.lease.enabled = false (default)
2025-10-16 19:47:17,621 [bed9314d-2aab-40ad-9a80-177434bab325@group-94071A26A1CE-LeaderElection1] INFO  server.RaftServerConfigKeys (ConfUtils.java:logGet(62)) - raft.server.read.leader.lease.timeout.ratio = 0.9 (default)
2025-10-16 19:47:17,621 [bed9314d-2aab-40ad-9a80-177434bab325@group-94071A26A1CE-LeaderElection1] INFO  server.RaftServerConfigKeys (ConfUtils.java:logGet(62)) - raft.server.log.log-metadata.enabled = false (custom)
2025-10-16 19:47:17,621 [bed9314d-2aab-40ad-9a80-177434bab325@group-94071A26A1CE-LeaderElection1] INFO  server.RaftServerConfigKeys (ConfUtils.java:logGet(62)) - raft.server.write.follower.gap.ratio.max = -1.0 (default)
2025-10-16 19:47:17,623 [bed9314d-2aab-40ad-9a80-177434bab325@group-94071A26A1CE-LeaderElection1] INFO  impl.RoleInfo (RoleInfo.java:updateAndGet(148)) - bed9314d-2aab-40ad-9a80-177434bab325: start bed9314d-2aab-40ad-9a80-177434bab325@group-94071A26A1CE-LeaderStateImpl
2025-10-16 19:47:17,623 [bed9314d-2aab-40ad-9a80-177434bab325@group-94071A26A1CE-LeaderElection1] INFO  server.RaftServer$Division (RaftServerImpl.java:setFirstElection(576)) - bed9314d-2aab-40ad-9a80-177434bab325@group-94071A26A1CE: set firstElectionSinceStartup to false for becomeLeader
2025-10-16 19:47:17,623 [bed9314d-2aab-40ad-9a80-177434bab325@group-94071A26A1CE-LeaderElection1] INFO  server.RaftServer$Division (ServerState.java:setLeader(272)) - bed9314d-2aab-40ad-9a80-177434bab325@group-94071A26A1CE: change Leader from null to bed9314d-2aab-40ad-9a80-177434bab325 at term 1 for becomeLeader, leader elected after 1269ms
2025-10-16 19:47:17,637 [bed9314d-2aab-40ad-9a80-177434bab325@group-94071A26A1CE-LeaderElection1] INFO  segmented.SegmentedRaftLogWorker (SegmentedRaftLogWorker.java:startLogSegment(440)) - bed9314d-2aab-40ad-9a80-177434bab325@group-94071A26A1CE-SegmentedRaftLogWorker: Starting segment from index:0
2025-10-16 19:47:17,651 [bed9314d-2aab-40ad-9a80-177434bab325@group-94071A26A1CE-LeaderElection1] INFO  server.RaftServer$Division (ServerState.java:setRaftConf(386)) - bed9314d-2aab-40ad-9a80-177434bab325@group-94071A26A1CE: set configuration conf: {index: 0, cur=peers:[bed9314d-2aab-40ad-9a80-177434bab325|localhost:15004]|listeners:[], old=null}
2025-10-16 19:47:17,657 [bed9314d-2aab-40ad-9a80-177434bab325@group-94071A26A1CE-SegmentedRaftLogWorker] INFO  segmented.BufferedWriteChannel (BufferedWriteChannel.java:open(61)) - open log_inprogress_0 at position 0
2025-10-16 19:47:17,665 [bed9314d-2aab-40ad-9a80-177434bab325@group-94071A26A1CE-SegmentedRaftLogWorker] INFO  segmented.SegmentedRaftLogWorker (SegmentedRaftLogWorker.java:execute(647)) - bed9314d-2aab-40ad-9a80-177434bab325@group-94071A26A1CE-SegmentedRaftLogWorker: created new log segment /home/runner/work/ozone/ozone/hadoop-ozone/integration-test/target/test-dir/MiniOzoneClusterImpl-e7911277-7775-4457-96c8-94071a26a1ce/scm/ratis/e7911277-7775-4457-96c8-94071a26a1ce/current/log_inprogress_0
2025-10-16 19:47:17,676 [bed9314d-2aab-40ad-9a80-177434bab325@group-94071A26A1CE-StateMachineUpdater] INFO  server.RaftServer$Division (LeaderStateImpl.java:checkStartIndex(309)) - Leader bed9314d-2aab-40ad-9a80-177434bab325@group-94071A26A1CE-LeaderStateImpl is ready since appliedIndex == startIndex == 0
2025-10-16 19:47:18,592 [ForkJoinPool-1-worker-1] INFO  server.RaftServer (RaftServerProxy.java:lambda$close$9(422)) - bed9314d-2aab-40ad-9a80-177434bab325: close
2025-10-16 19:47:18,594 [bed9314d-2aab-40ad-9a80-177434bab325-impl-thread1] INFO  server.RaftServer$Division (RaftServerImpl.java:lambda$close$1(527)) - bed9314d-2aab-40ad-9a80-177434bab325@group-94071A26A1CE: shutdown
2025-10-16 19:47:18,594 [ForkJoinPool-1-worker-1] INFO  server.GrpcServicesImpl (GrpcServicesImpl.java:closeImpl(355)) - bed9314d-2aab-40ad-9a80-177434bab325: shutdown server GrpcServerProtocolService now
2025-10-16 19:47:18,594 [bed9314d-2aab-40ad-9a80-177434bab325-impl-thread1] INFO  util.JmxRegister (JmxRegister.java:unregister(74)) - Successfully un-registered JMX Bean with object name Ratis:service=RaftServer,group=group-94071A26A1CE,id=bed9314d-2aab-40ad-9a80-177434bab325
2025-10-16 19:47:18,594 [bed9314d-2aab-40ad-9a80-177434bab325-impl-thread1] INFO  impl.RoleInfo (RoleInfo.java:shutdownLeaderState(103)) - bed9314d-2aab-40ad-9a80-177434bab325: shutdown bed9314d-2aab-40ad-9a80-177434bab325@group-94071A26A1CE-LeaderStateImpl
2025-10-16 19:47:18,598 [bed9314d-2aab-40ad-9a80-177434bab325-impl-thread1] INFO  impl.PendingRequests (PendingRequests.java:sendNotLeaderResponses(287)) - bed9314d-2aab-40ad-9a80-177434bab325@group-94071A26A1CE-PendingRequests: sendNotLeaderResponses
2025-10-16 19:47:18,600 [ForkJoinPool-1-worker-1] INFO  server.GrpcServicesImpl (GrpcServicesImpl.java:closeImpl(364)) - bed9314d-2aab-40ad-9a80-177434bab325: shutdown server GrpcServerProtocolService successfully
2025-10-16 19:47:18,601 [bed9314d-2aab-40ad-9a80-177434bab325@group-94071A26A1CE-StateMachineUpdater] INFO  impl.StateMachineUpdater (StateMachineUpdater.java:takeSnapshot(307)) - bed9314d-2aab-40ad-9a80-177434bab325@group-94071A26A1CE-StateMachineUpdater: Took a snapshot at index 0
2025-10-16 19:47:18,601 [bed9314d-2aab-40ad-9a80-177434bab325@group-94071A26A1CE-StateMachineUpdater] INFO  impl.StateMachineUpdater (StateMachineUpdater.java:lambda$new$0(101)) - bed9314d-2aab-40ad-9a80-177434bab325@group-94071A26A1CE-StateMachineUpdater: snapshotIndex: updateIncreasingly -1 -> 0
2025-10-16 19:47:18,600 [bed9314d-2aab-40ad-9a80-177434bab325-impl-thread1] INFO  impl.StateMachineUpdater (StateMachineUpdater.java:stopAndJoin(163)) - bed9314d-2aab-40ad-9a80-177434bab325@group-94071A26A1CE-StateMachineUpdater: set stopIndex = 0
2025-10-16 19:47:18,603 [bed9314d-2aab-40ad-9a80-177434bab325@group-94071A26A1CE-StateMachineUpdater] INFO  impl.StateMachineUpdater (StateMachineUpdater.java:stop(140)) - bed9314d-2aab-40ad-9a80-177434bab325@group-94071A26A1CE-StateMachineUpdater: closing SCMStateMachine, lastApplied=(t:1, i:0)
2025-10-16 19:47:18,603 [bed9314d-2aab-40ad-9a80-177434bab325@group-94071A26A1CE-cacheEviction-AwaitToRun] INFO  util.AwaitToRun (AwaitToRun.java:run(49)) - bed9314d-2aab-40ad-9a80-177434bab325@group-94071A26A1CE-cacheEviction-AwaitToRun-AwaitForSignal is interrupted
2025-10-16 19:47:18,670 [bed9314d-2aab-40ad-9a80-177434bab325-impl-thread1] INFO  segmented.SegmentedRaftLogWorker (SegmentedRaftLogWorker.java:close(254)) - bed9314d-2aab-40ad-9a80-177434bab325@group-94071A26A1CE-SegmentedRaftLogWorker close()
2025-10-16 19:47:18,676 [JvmPauseMonitor0] INFO  util.JvmPauseMonitor (JvmPauseMonitor.java:run(152)) - JvmPauseMonitor-bed9314d-2aab-40ad-9a80-177434bab325: Stopped
2025-10-16 19:47:18,696 [ForkJoinPool-1-worker-1] INFO  ha.SCMHANodeDetails (SCMHANodeDetails.java:loadSCMHAConfig(162)) - ServiceID for StorageContainerManager is null
2025-10-16 19:47:18,697 [ForkJoinPool-1-worker-1] INFO  ha.SCMHANodeDetails (SCMHANodeDetails.java:loadSCMHAConfig(166)) - ozone.scm.default.service.id is not defined, falling back to ozone.scm.service.ids to find serviceID for StorageContainerManager if it is HA enabled cluster
2025-10-16 19:47:18,992 [ForkJoinPool-1-worker-1] INFO  net.NodeSchemaLoader (NodeSchemaLoader.java:loadSchemaFromFile(128)) - Loading schema from [jar:file:/home/runner/work/ozone/ozone/hadoop-hdds/common/target/hdds-common-2.1.0-SNAPSHOT.jar!/network-topology-default.xml]
2025-10-16 19:47:18,993 [ForkJoinPool-1-worker-1] INFO  net.NodeSchemaLoader (NodeSchemaLoader.java:loadSchema(175)) - Loading network topology layer schema file
2025-10-16 19:47:19,088 [ForkJoinPool-1-worker-1] INFO  ha.SCMRatisServerImpl (SCMRatisServerImpl.java:<init>(100)) - starting Raft server for scm:bed9314d-2aab-40ad-9a80-177434bab325
2025-10-16 19:47:19,091 [ForkJoinPool-1-worker-1] INFO  server.RaftServerConfigKeys (ConfUtils.java:logGet(62)) - raft.server.log.appender.buffer.byte-limit = 4194304 (custom)
2025-10-16 19:47:19,093 [ForkJoinPool-1-worker-1] INFO  grpc.GrpcConfigKeys (ConfUtils.java:logFallback(69)) - raft.grpc.admin.host = null (fallback to raft.grpc.server.host)
2025-10-16 19:47:19,094 [ForkJoinPool-1-worker-1] INFO  grpc.GrpcConfigKeys (ConfUtils.java:logFallback(69)) - raft.grpc.admin.port = 15004 (fallback to raft.grpc.server.port)
2025-10-16 19:47:19,094 [ForkJoinPool-1-worker-1] INFO  grpc.GrpcConfigKeys (ConfUtils.java:logFallback(69)) - raft.grpc.client.host = null (fallback to raft.grpc.server.host)
2025-10-16 19:47:19,094 [ForkJoinPool-1-worker-1] INFO  grpc.GrpcConfigKeys (ConfUtils.java:logFallback(69)) - raft.grpc.client.port = 15004 (fallback to raft.grpc.server.port)
2025-10-16 19:47:19,094 [ForkJoinPool-1-worker-1] INFO  server.GrpcServicesImpl (ConfUtils.java:logGet(62)) - raft.grpc.message.size.max = 5242880 (custom)
2025-10-16 19:47:19,094 [ForkJoinPool-1-worker-1] INFO  server.RaftServerConfigKeys (ConfUtils.java:logGet(62)) - raft.server.log.appender.buffer.byte-limit = 4194304 (custom)
2025-10-16 19:47:19,096 [bed9314d-2aab-40ad-9a80-177434bab325-impl-thread1] INFO  server.RaftServer (RaftServerProxy.java:initGroupDir(270)) - bed9314d-2aab-40ad-9a80-177434bab325: found a subdirectory /home/runner/work/ozone/ozone/hadoop-ozone/integration-test/target/test-dir/MiniOzoneClusterImpl-e7911277-7775-4457-96c8-94071a26a1ce/scm/ratis/e7911277-7775-4457-96c8-94071a26a1ce
2025-10-16 19:47:19,097 [ForkJoinPool-1-worker-1] INFO  server.RaftServer (RaftServerProxy.java:addNew(105)) - bed9314d-2aab-40ad-9a80-177434bab325: addNew group-94071A26A1CE:[] returns group-94071A26A1CE:java.util.concurrent.CompletableFuture@6f0acae7[Not completed]
2025-10-16 19:47:19,100 [bed9314d-2aab-40ad-9a80-177434bab325-groupManagement] INFO  server.RaftServer$Division (RaftServerImpl.java:<init>(268)) - bed9314d-2aab-40ad-9a80-177434bab325: new RaftServerImpl for group-94071A26A1CE:[] with SCMStateMachine:uninitialized
2025-10-16 19:47:19,100 [bed9314d-2aab-40ad-9a80-177434bab325-groupManagement] INFO  server.RaftServer$Division (ServerState.java:<init>(114)) - bed9314d-2aab-40ad-9a80-177434bab325@group-94071A26A1CE: ConfigurationManager, init=conf: {index: -1, cur=peers:[]|listeners:[], old=null}, confs=<EMPTY_MAP>
2025-10-16 19:47:19,108 [ForkJoinPool-1-worker-1] INFO  ha.SCMSnapshotProvider (SCMSnapshotProvider.java:<init>(61)) - Initializing SCM Snapshot Provider
2025-10-16 19:47:19,139 [ForkJoinPool-1-worker-1] INFO  upgrade.AbstractLayoutVersionManager (AbstractLayoutVersionManager.java:init(80)) - Initializing Layout version manager with metadata layout = WITNESSED_CONTAINER_DB_PROTO_VALUE (version = 9), software layout = WITNESSED_CONTAINER_DB_PROTO_VALUE (version = 9)
2025-10-16 19:47:19,166 [ForkJoinPool-1-worker-1] INFO  ha.SequenceIdGenerator (SequenceIdGenerator.java:upgradeToSequenceId(353)) - upgrade localId to 115816896921600000
2025-10-16 19:47:19,167 [ForkJoinPool-1-worker-1] INFO  ha.SequenceIdGenerator (SequenceIdGenerator.java:upgradeToSequenceId(363)) - upgrade delTxnId to 0
2025-10-16 19:47:19,174 [ForkJoinPool-1-worker-1] INFO  ha.SequenceIdGenerator (SequenceIdGenerator.java:upgradeToSequenceId(379)) - upgrade containerId to 0
2025-10-16 19:47:19,176 [ForkJoinPool-1-worker-1] INFO  ha.SequenceIdGenerator (SequenceIdGenerator.java:upgradeToCertificateSequenceId(414)) - upgrade CertificateId to 2
2025-10-16 19:47:19,178 [ForkJoinPool-1-worker-1] INFO  ha.SequenceIdGenerator (SequenceIdGenerator.java:<init>(231)) - Init the HA SequenceIdGenerator.
2025-10-16 19:47:19,234 [ForkJoinPool-1-worker-1] INFO  node.SCMNodeManager (SCMNodeManager.java:<init>(180)) - Entering startup safe mode.
2025-10-16 19:47:19,246 [ForkJoinPool-1-worker-1] INFO  algorithms.ContainerPlacementPolicyFactory (ContainerPlacementPolicyFactory.java:getPolicyInternal(83)) - Create container placement policy of type org.apache.hadoop.hdds.scm.container.placement.algorithms.SCMContainerPlacementRackAware
2025-10-16 19:47:19,251 [ForkJoinPool-1-worker-1] INFO  algorithms.ContainerPlacementPolicyFactory (ContainerPlacementPolicyFactory.java:getPolicyInternal(83)) - Create container placement policy of type org.apache.hadoop.hdds.scm.container.placement.algorithms.SCMContainerPlacementRackScatter
2025-10-16 19:47:19,260 [ForkJoinPool-1-worker-1] INFO  pipeline.PipelineStateManagerImpl (PipelineStateManagerImpl.java:initialize(75)) - No pipeline exists in current db
2025-10-16 19:47:19,272 [ForkJoinPool-1-worker-1] INFO  algorithms.LeaderChoosePolicyFactory (LeaderChoosePolicyFactory.java:getPolicy(55)) - Create leader choose policy of type org.apache.hadoop.hdds.scm.pipeline.leader.choose.algorithms.MinLeaderCountChoosePolicy
2025-10-16 19:47:19,273 [ForkJoinPool-1-worker-1] INFO  algorithms.ContainerPlacementPolicyFactory (ContainerPlacementPolicyFactory.java:getPolicyInternal(83)) - Create container placement policy of type org.apache.hadoop.hdds.scm.container.placement.algorithms.SCMContainerPlacementRackScatter
2025-10-16 19:47:19,280 [ForkJoinPool-1-worker-1] INFO  ha.SCMServiceManager (SCMServiceManager.java:register(42)) - Registering service BackgroundPipelineCreator.
2025-10-16 19:47:19,280 [ForkJoinPool-1-worker-1] INFO  pipeline.BackgroundPipelineCreator (BackgroundPipelineCreator.java:start(126)) - Starting RatisPipelineUtilsThread.
2025-10-16 19:47:19,283 [ForkJoinPool-1-worker-1] INFO  BackgroundPipelineScrubber (BackgroundSCMService.java:start(64)) - Starting BackgroundPipelineScrubber Service.
2025-10-16 19:47:19,283 [ForkJoinPool-1-worker-1] INFO  ha.SCMServiceManager (SCMServiceManager.java:register(42)) - Registering service BackgroundPipelineScrubber.
2025-10-16 19:47:19,292 [ForkJoinPool-1-worker-1] INFO  ExpiredContainerReplicaOpScrubber (BackgroundSCMService.java:start(64)) - Starting ExpiredContainerReplicaOpScrubber Service.
2025-10-16 19:47:19,293 [ForkJoinPool-1-worker-1] INFO  ha.SCMServiceManager (SCMServiceManager.java:register(42)) - Registering service ExpiredContainerReplicaOpScrubber.
2025-10-16 19:47:19,318 [ForkJoinPool-1-worker-1] INFO  algorithms.PipelineChoosePolicyFactory (PipelineChoosePolicyFactory.java:createPipelineChoosePolicyFromClass(78)) - Create pipeline choose policy of type org.apache.hadoop.hdds.scm.pipeline.choose.algorithms.RandomPipelineChoosePolicy
2025-10-16 19:47:19,318 [ForkJoinPool-1-worker-1] INFO  algorithms.PipelineChoosePolicyFactory (PipelineChoosePolicyFactory.java:createPipelineChoosePolicyFromClass(78)) - Create pipeline choose policy of type org.apache.hadoop.hdds.scm.pipeline.choose.algorithms.RandomPipelineChoosePolicy
2025-10-16 19:47:19,347 [ForkJoinPool-1-worker-1] INFO  ha.SCMServiceManager (SCMServiceManager.java:register(42)) - Registering service SCMBlockDeletingService.
2025-10-16 19:47:19,397 [ForkJoinPool-1-worker-1] INFO  replication.ReplicationManager (ReplicationManager.java:start(287)) - Starting Replication Monitor Thread.
2025-10-16 19:47:19,398 [ForkJoinPool-1-worker-1] INFO  ha.SCMServiceManager (SCMServiceManager.java:register(42)) - Registering service ReplicationManager.
2025-10-16 19:47:19,408 [ForkJoinPool-1-worker-1] INFO  safemode.SCMSafeModeManager (AbstractContainerSafeModeRule.java:initializeRule(83)) - Refreshed RATIS Containers threshold count to 0.
2025-10-16 19:47:19,409 [ForkJoinPool-1-worker-1] INFO  safemode.SCMSafeModeManager (AbstractContainerSafeModeRule.java:initializeRule(83)) - Refreshed EC Containers threshold count to 0.
2025-10-16 19:47:19,415 [ForkJoinPool-1-worker-1] INFO  safemode.HealthyPipelineSafeModeRule (HealthyPipelineSafeModeRule.java:initializeRule(230)) - Total pipeline count is 0, healthy pipeline threshold count is 1
2025-10-16 19:47:19,417 [ForkJoinPool-1-worker-1] INFO  safemode.OneReplicaPipelineSafeModeRule (OneReplicaPipelineSafeModeRule.java:initializeRule(189)) - Total pipeline count is 0, pipeline's with at least one datanode reported threshold count is 0
2025-10-16 19:47:19,480 [ForkJoinPool-1-worker-1] INFO  server.StorageContainerManager (StorageContainerManager.java:<init>(432)) - SCM start with adminUsers: [admin, runner]
2025-10-16 19:47:19,507 [ForkJoinPool-1-worker-1] INFO  audit.AuditLogger (AuditLogger.java:refreshDebugCmdSet(133)) - Refresh DebugCmdSet for SCMAudit to [].
2025-10-16 19:47:19,531 [ForkJoinPool-1-worker-1] INFO  ipc.CallQueueManager (CallQueueManager.java:<init>(93)) - Using callQueue: class java.util.concurrent.LinkedBlockingQueue, queueCapacity: 10000, scheduler: class org.apache.hadoop.ipc.DefaultRpcScheduler, ipcBackoff: false, ipcFailOver: false.
2025-10-16 19:47:19,556 [ForkJoinPool-1-worker-1] INFO  ipc.Server (Server.java:<init>(1438)) - Listener at 0.0.0.0:15002
2025-10-16 19:47:19,557 [Socket Reader #1 for port 15002] INFO  ipc.Server (Server.java:run(1474)) - Starting Socket Reader #1 for port 15002
2025-10-16 19:47:19,557 [Socket Reader #2 for port 15002] INFO  ipc.Server (Server.java:run(1474)) - Starting Socket Reader #2 for port 15002
2025-10-16 19:47:19,558 [Socket Reader #3 for port 15002] INFO  ipc.Server (Server.java:run(1474)) - Starting Socket Reader #3 for port 15002
2025-10-16 19:47:19,558 [Socket Reader #4 for port 15002] INFO  ipc.Server (Server.java:run(1474)) - Starting Socket Reader #4 for port 15002
2025-10-16 19:47:19,558 [Socket Reader #5 for port 15002] INFO  ipc.Server (Server.java:run(1474)) - Starting Socket Reader #5 for port 15002
2025-10-16 19:47:19,559 [Socket Reader #6 for port 15002] INFO  ipc.Server (Server.java:run(1474)) - Starting Socket Reader #6 for port 15002
2025-10-16 19:47:19,560 [Socket Reader #8 for port 15002] INFO  ipc.Server (Server.java:run(1474)) - Starting Socket Reader #8 for port 15002
2025-10-16 19:47:19,559 [Socket Reader #7 for port 15002] INFO  ipc.Server (Server.java:run(1474)) - Starting Socket Reader #7 for port 15002
2025-10-16 19:47:19,560 [Socket Reader #9 for port 15002] INFO  ipc.Server (Server.java:run(1474)) - Starting Socket Reader #9 for port 15002
2025-10-16 19:47:19,560 [Socket Reader #10 for port 15002] INFO  ipc.Server (Server.java:run(1474)) - Starting Socket Reader #10 for port 15002
2025-10-16 19:47:19,603 [ForkJoinPool-1-worker-1] INFO  audit.AuditLogger (AuditLogger.java:refreshDebugCmdSet(133)) - Refresh DebugCmdSet for SCMAudit to [].
2025-10-16 19:47:19,608 [ForkJoinPool-1-worker-1] INFO  ipc.CallQueueManager (CallQueueManager.java:<init>(93)) - Using callQueue: class java.util.concurrent.LinkedBlockingQueue, queueCapacity: 10000, scheduler: class org.apache.hadoop.ipc.DefaultRpcScheduler, ipcBackoff: false, ipcFailOver: false.
2025-10-16 19:47:19,609 [ForkJoinPool-1-worker-1] INFO  ipc.Server (Server.java:<init>(1438)) - Listener at 0.0.0.0:15001
2025-10-16 19:47:19,609 [Socket Reader #1 for port 15001] INFO  ipc.Server (Server.java:run(1474)) - Starting Socket Reader #1 for port 15001
2025-10-16 19:47:19,610 [Socket Reader #2 for port 15001] INFO  ipc.Server (Server.java:run(1474)) - Starting Socket Reader #2 for port 15001
2025-10-16 19:47:19,610 [Socket Reader #3 for port 15001] INFO  ipc.Server (Server.java:run(1474)) - Starting Socket Reader #3 for port 15001
2025-10-16 19:47:19,611 [Socket Reader #4 for port 15001] INFO  ipc.Server (Server.java:run(1474)) - Starting Socket Reader #4 for port 15001
2025-10-16 19:47:19,611 [Socket Reader #5 for port 15001] INFO  ipc.Server (Server.java:run(1474)) - Starting Socket Reader #5 for port 15001
2025-10-16 19:47:19,611 [Socket Reader #6 for port 15001] INFO  ipc.Server (Server.java:run(1474)) - Starting Socket Reader #6 for port 15001
2025-10-16 19:47:19,612 [Socket Reader #7 for port 15001] INFO  ipc.Server (Server.java:run(1474)) - Starting Socket Reader #7 for port 15001
2025-10-16 19:47:19,612 [Socket Reader #8 for port 15001] INFO  ipc.Server (Server.java:run(1474)) - Starting Socket Reader #8 for port 15001
2025-10-16 19:47:19,613 [Socket Reader #9 for port 15001] INFO  ipc.Server (Server.java:run(1474)) - Starting Socket Reader #9 for port 15001
2025-10-16 19:47:19,613 [Socket Reader #10 for port 15001] INFO  ipc.Server (Server.java:run(1474)) - Starting Socket Reader #10 for port 15001
2025-10-16 19:47:19,650 [ForkJoinPool-1-worker-1] INFO  audit.AuditLogger (AuditLogger.java:refreshDebugCmdSet(133)) - Refresh DebugCmdSet for SCMAudit to [].
2025-10-16 19:47:19,660 [ForkJoinPool-1-worker-1] INFO  ipc.CallQueueManager (CallQueueManager.java:<init>(93)) - Using callQueue: class java.util.concurrent.LinkedBlockingQueue, queueCapacity: 10000, scheduler: class org.apache.hadoop.ipc.DefaultRpcScheduler, ipcBackoff: false, ipcFailOver: false.
2025-10-16 19:47:19,661 [ForkJoinPool-1-worker-1] INFO  ipc.Server (Server.java:<init>(1438)) - Listener at 0.0.0.0:15000
2025-10-16 19:47:19,662 [Socket Reader #1 for port 15000] INFO  ipc.Server (Server.java:run(1474)) - Starting Socket Reader #1 for port 15000
2025-10-16 19:47:19,662 [Socket Reader #2 for port 15000] INFO  ipc.Server (Server.java:run(1474)) - Starting Socket Reader #2 for port 15000
2025-10-16 19:47:19,662 [Socket Reader #3 for port 15000] INFO  ipc.Server (Server.java:run(1474)) - Starting Socket Reader #3 for port 15000
2025-10-16 19:47:19,663 [Socket Reader #4 for port 15000] INFO  ipc.Server (Server.java:run(1474)) - Starting Socket Reader #4 for port 15000
2025-10-16 19:47:19,663 [Socket Reader #5 for port 15000] INFO  ipc.Server (Server.java:run(1474)) - Starting Socket Reader #5 for port 15000
2025-10-16 19:47:19,663 [Socket Reader #6 for port 15000] INFO  ipc.Server (Server.java:run(1474)) - Starting Socket Reader #6 for port 15000
2025-10-16 19:47:19,663 [Socket Reader #7 for port 15000] INFO  ipc.Server (Server.java:run(1474)) - Starting Socket Reader #7 for port 15000
2025-10-16 19:47:19,664 [Socket Reader #8 for port 15000] INFO  ipc.Server (Server.java:run(1474)) - Starting Socket Reader #8 for port 15000
2025-10-16 19:47:19,665 [Socket Reader #9 for port 15000] INFO  ipc.Server (Server.java:run(1474)) - Starting Socket Reader #9 for port 15000
2025-10-16 19:47:19,665 [Socket Reader #10 for port 15000] INFO  ipc.Server (Server.java:run(1474)) - Starting Socket Reader #10 for port 15000
2025-10-16 19:47:19,725 [ForkJoinPool-1-worker-1] INFO  ha.SCMServiceManager (SCMServiceManager.java:register(42)) - Registering service ContainerBalancer.
2025-10-16 19:47:19,725 [ForkJoinPool-1-worker-1] INFO  ha.SCMContext (SCMContext.java:updateSafeModeStatus(224)) - Update SafeModeStatus from SafeModeStatus{safeModeStatus=true, preCheckPassed=false} to SafeModeStatus{safeModeStatus=true, preCheckPassed=false}.
2025-10-16 19:47:19,737 [ForkJoinPool-1-worker-1] INFO  server.StorageContainerManager (StorageContainerManager.java:start(1515)) - StorageContainerLocationProtocol RPC server is listening at /0.0.0.0:15000
2025-10-16 19:47:19,738 [ForkJoinPool-1-worker-1] INFO  ha.SCMRatisServerImpl (SCMRatisServerImpl.java:start(203)) - starting ratis server 0.0.0.0:15004
2025-10-16 19:47:19,739 [bed9314d-2aab-40ad-9a80-177434bab325-impl-thread1] INFO  storage.RaftStorageDirectory (RaftStorageDirectoryImpl.java:tryLock(229)) - Lock on /home/runner/work/ozone/ozone/hadoop-ozone/integration-test/target/test-dir/MiniOzoneClusterImpl-e7911277-7775-4457-96c8-94071a26a1ce/scm/ratis/e7911277-7775-4457-96c8-94071a26a1ce/in_use.lock acquired by nodename 40995@localhost
2025-10-16 19:47:19,741 [bed9314d-2aab-40ad-9a80-177434bab325-impl-thread1] INFO  storage.RaftStorage (RaftStorageImpl.java:analyzeAndRecoverStorage(118)) - Read RaftStorageMetadata{term=1, votedFor=bed9314d-2aab-40ad-9a80-177434bab325} from /home/runner/work/ozone/ozone/hadoop-ozone/integration-test/target/test-dir/MiniOzoneClusterImpl-e7911277-7775-4457-96c8-94071a26a1ce/scm/ratis/e7911277-7775-4457-96c8-94071a26a1ce/current/raft-meta
2025-10-16 19:47:19,745 [bed9314d-2aab-40ad-9a80-177434bab325-impl-thread1] INFO  server.RaftServer$Division (ServerState.java:setRaftConf(386)) - bed9314d-2aab-40ad-9a80-177434bab325@group-94071A26A1CE: set configuration conf: {index: 0, cur=peers:[bed9314d-2aab-40ad-9a80-177434bab325|localhost:15004]|listeners:[], old=null}
2025-10-16 19:47:19,745 [bed9314d-2aab-40ad-9a80-177434bab325-impl-thread1] INFO  ha.SCMStateMachine (SCMStateMachine.java:lambda$initialize$0(135)) - bed9314d-2aab-40ad-9a80-177434bab325: initialize group-94071A26A1CE
2025-10-16 19:47:19,746 [bed9314d-2aab-40ad-9a80-177434bab325-impl-thread1] INFO  server.RaftServerConfigKeys (ConfUtils.java:logGet(62)) - raft.server.log.appender.buffer.byte-limit = 4194304 (custom)
2025-10-16 19:47:19,748 [bed9314d-2aab-40ad-9a80-177434bab325-impl-thread1] INFO  server.RaftServerConfigKeys (ConfUtils.java:logGet(62)) - raft.server.log.segment.size.max = 67108864 (custom)
2025-10-16 19:47:19,749 [bed9314d-2aab-40ad-9a80-177434bab325-impl-thread1] INFO  server.RaftServerConfigKeys (ConfUtils.java:logGet(62)) - raft.server.log.appender.buffer.byte-limit = 4194304 (custom)
2025-10-16 19:47:19,750 [bed9314d-2aab-40ad-9a80-177434bab325-impl-thread1] INFO  util.AwaitToRun (AwaitToRun.java:start(81)) - Thread[#116,bed9314d-2aab-40ad-9a80-177434bab325@group-94071A26A1CE-cacheEviction-AwaitToRun,5,main] started
2025-10-16 19:47:19,751 [bed9314d-2aab-40ad-9a80-177434bab325-impl-thread1] INFO  segmented.SegmentedRaftLogWorker (SegmentedRaftLogWorker.java:<init>(190)) - new bed9314d-2aab-40ad-9a80-177434bab325@group-94071A26A1CE-SegmentedRaftLogWorker for RaftStorageImpl:Storage Directory /home/runner/work/ozone/ozone/hadoop-ozone/integration-test/target/test-dir/MiniOzoneClusterImpl-e7911277-7775-4457-96c8-94071a26a1ce/scm/ratis/e7911277-7775-4457-96c8-94071a26a1ce
2025-10-16 19:47:19,751 [bed9314d-2aab-40ad-9a80-177434bab325-impl-thread1] INFO  server.RaftServerConfigKeys (ConfUtils.java:logGet(62)) - raft.server.log.segment.size.max = 67108864 (custom)
2025-10-16 19:47:19,751 [bed9314d-2aab-40ad-9a80-177434bab325-impl-thread1] INFO  server.RaftServerConfigKeys (ConfUtils.java:logGet(62)) - raft.server.log.preallocated.size = 4194304 (custom)
2025-10-16 19:47:19,751 [bed9314d-2aab-40ad-9a80-177434bab325-impl-thread1] INFO  server.RaftServerConfigKeys (ConfUtils.java:logGet(62)) - raft.server.log.write.buffer.size = 4194312 (custom)
2025-10-16 19:47:19,752 [bed9314d-2aab-40ad-9a80-177434bab325-impl-thread1] INFO  server.RaftServerConfigKeys (ConfUtils.java:logGet(62)) - raft.server.log.appender.buffer.byte-limit = 4194304 (custom)
2025-10-16 19:47:19,757 [bed9314d-2aab-40ad-9a80-177434bab325-impl-thread1] INFO  server.RaftServer$Division (ServerState.java:setRaftConf(386)) - bed9314d-2aab-40ad-9a80-177434bab325@group-94071A26A1CE: set configuration conf: {index: 0, cur=peers:[bed9314d-2aab-40ad-9a80-177434bab325|localhost:15004]|listeners:[], old=null}
2025-10-16 19:47:19,757 [bed9314d-2aab-40ad-9a80-177434bab325-impl-thread1] INFO  segmented.LogSegment (LogSegment.java:loadSegment(171)) - Successfully read 1 entries from segment file /home/runner/work/ozone/ozone/hadoop-ozone/integration-test/target/test-dir/MiniOzoneClusterImpl-e7911277-7775-4457-96c8-94071a26a1ce/scm/ratis/e7911277-7775-4457-96c8-94071a26a1ce/current/log_inprogress_0
2025-10-16 19:47:19,758 [bed9314d-2aab-40ad-9a80-177434bab325-impl-thread1] INFO  segmented.SegmentedRaftLogWorker (SegmentedRaftLogWorker.java:lambda$new$0(141)) - bed9314d-2aab-40ad-9a80-177434bab325@group-94071A26A1CE-SegmentedRaftLogWorker: safeCacheEvictIndex: setUnconditionally 0 -> -1
2025-10-16 19:47:19,758 [bed9314d-2aab-40ad-9a80-177434bab325-impl-thread1] INFO  segmented.BufferedWriteChannel (BufferedWriteChannel.java:open(61)) - open log_inprogress_0 (append) at position 76
2025-10-16 19:47:19,759 [bed9314d-2aab-40ad-9a80-177434bab325-impl-thread1] INFO  server.RaftServer$Division (RaftServerImpl.java:start(405)) - bed9314d-2aab-40ad-9a80-177434bab325@group-94071A26A1CE: start as a follower, conf=conf: {index: 0, cur=peers:[bed9314d-2aab-40ad-9a80-177434bab325|localhost:15004]|listeners:[], old=null}
2025-10-16 19:47:19,760 [bed9314d-2aab-40ad-9a80-177434bab325-impl-thread1] INFO  server.RaftServer$Division (RaftServerImpl.java:setRole(392)) - bed9314d-2aab-40ad-9a80-177434bab325@group-94071A26A1CE: changes role from      null to FOLLOWER at term 1 for startAsFollower
2025-10-16 19:47:19,760 [bed9314d-2aab-40ad-9a80-177434bab325-impl-thread1] INFO  impl.RoleInfo (RoleInfo.java:updateAndGet(148)) - bed9314d-2aab-40ad-9a80-177434bab325: start bed9314d-2aab-40ad-9a80-177434bab325@group-94071A26A1CE-FollowerState
2025-10-16 19:47:19,761 [bed9314d-2aab-40ad-9a80-177434bab325-impl-thread1] INFO  util.JmxRegister (JmxRegister.java:tryRegister(44)) - Successfully registered JMX Bean with object name Ratis:service=RaftServer,group=group-94071A26A1CE,id=bed9314d-2aab-40ad-9a80-177434bab325
2025-10-16 19:47:19,761 [bed9314d-2aab-40ad-9a80-177434bab325-impl-thread1] INFO  util.JmxRegister (JmxRegister.java:register(58)) - register mxBean class org.apache.ratis.server.impl.RaftServerJmxAdapter as Ratis:service=RaftServer,group=group-94071A26A1CE,id=bed9314d-2aab-40ad-9a80-177434bab325
2025-10-16 19:47:19,762 [bed9314d-2aab-40ad-9a80-177434bab325-impl-thread1] INFO  server.RaftServer$Division (RaftServerImpl.java:start(419)) - bed9314d-2aab-40ad-9a80-177434bab325@group-94071A26A1CE: Successfully started.
2025-10-16 19:47:19,763 [ForkJoinPool-1-worker-1] INFO  server.RaftServer (RaftServerProxy.java:startImpl(412)) - bed9314d-2aab-40ad-9a80-177434bab325: start RPC server
2025-10-16 19:47:19,764 [ForkJoinPool-1-worker-1] INFO  server.GrpcServicesImpl (GrpcServicesImpl.java:startImpl(346)) - bed9314d-2aab-40ad-9a80-177434bab325: GrpcServicesImpl started, listening on 15004
2025-10-16 19:47:19,765 [JvmPauseMonitor1] INFO  util.JvmPauseMonitor (JvmPauseMonitor.java:run(146)) - JvmPauseMonitor-bed9314d-2aab-40ad-9a80-177434bab325: Started
2025-10-16 19:47:19,774 [ForkJoinPool-1-worker-1] INFO  ha.SCMHAManagerImpl (SCMHAManagerImpl.java:start(131)) -  scm role is FOLLOWER peers [bed9314d-2aab-40ad-9a80-177434bab325|localhost:15004]
2025-10-16 19:47:19,774 [ForkJoinPool-1-worker-1] INFO  ha.InterSCMGrpcService (InterSCMGrpcProtocolService.java:start(98)) - Starting SCM Grpc Service at port 15005
2025-10-16 19:47:19,776 [ForkJoinPool-1-worker-1] INFO  SCMHATransactionMonitor (BackgroundSCMService.java:start(64)) - Starting SCMHATransactionMonitor Service.
2025-10-16 19:47:19,776 [ForkJoinPool-1-worker-1] INFO  ha.SCMServiceManager (SCMServiceManager.java:register(42)) - Registering service SCMHATransactionMonitor.
2025-10-16 19:47:19,777 [ForkJoinPool-1-worker-1] INFO  SCMHATransactionMonitor (BackgroundSCMService.java:start(61)) - SCMHATransactionMonitor Service is already running, skip start.
2025-10-16 19:47:19,887 [ForkJoinPool-1-worker-1] INFO  server.SCMClientProtocolServer (SCMClientProtocolServer.java:start(208)) - RPC server for Client  is listening at /0.0.0.0:15000
2025-10-16 19:47:19,888 [IPC Server listener on 15000] INFO  ipc.Server (Server.java:run(1553)) - IPC Server listener on 15000: starting
2025-10-16 19:47:19,888 [IPC Server Responder] INFO  ipc.Server (Server.java:run(1713)) - IPC Server Responder: starting
2025-10-16 19:47:19,906 [ForkJoinPool-1-worker-1] INFO  server.StorageContainerManager (StorageContainerManager.java:start(1528)) - ScmBlockLocationProtocol RPC server is listening at /0.0.0.0:15001
2025-10-16 19:47:19,907 [ForkJoinPool-1-worker-1] INFO  server.SCMBlockProtocolServer (SCMBlockProtocolServer.java:start(166)) - RPC server for Block Protocol is listening at /0.0.0.0:15001
2025-10-16 19:47:19,908 [IPC Server Responder] INFO  ipc.Server (Server.java:run(1713)) - IPC Server Responder: starting
2025-10-16 19:47:19,908 [IPC Server listener on 15001] INFO  ipc.Server (Server.java:run(1553)) - IPC Server listener on 15001: starting
2025-10-16 19:47:19,925 [ForkJoinPool-1-worker-1] INFO  utils.BackgroundService (BackgroundService.java:start(119)) - Starting service SCMBlockDeletingService with interval 60000 milliseconds
2025-10-16 19:47:19,935 [ForkJoinPool-1-worker-1] INFO  http.BaseHttpServer (BaseHttpServer.java:newHttpServer2BuilderForOzone(227)) - Starting Web-server for scm at: http://0.0.0.0:15003
2025-10-16 19:47:19,935 [ForkJoinPool-1-worker-1] INFO  http.BaseHttpServer (BaseHttpServer.java:<init>(105)) - Hadoop Security Enabled: false Ozone Security Enabled: false Ozone HTTP Security Enabled: false 
2025-10-16 19:47:19,952 [ForkJoinPool-1-worker-1] INFO  util.log (Log.java:initialized(170)) - Logging initialized @7805ms to org.eclipse.jetty.util.log.Slf4jLog
2025-10-16 19:47:20,010 [ForkJoinPool-1-worker-1] WARN  server.AuthenticationFilter (AuthenticationFilter.java:constructSecretProvider(240)) - Unable to initialize FileSignerSecretProvider, falling back to use random secrets. Reason: Could not read signature secret file: /home/runner/hadoop-http-auth-signature-secret
2025-10-16 19:47:20,032 [ForkJoinPool-1-worker-1] INFO  http.HttpServer2 (HttpServer2.java:addGlobalFilter(1040)) - Added global filter 'safety' (class=org.apache.hadoop.hdds.server.http.HttpServer2$QuotingInputFilter)
2025-10-16 19:47:20,035 [ForkJoinPool-1-worker-1] INFO  http.HttpServer2 (HttpServer2.java:addFilter(1016)) - Added filter static_user_filter (class=org.apache.hadoop.http.lib.StaticUserWebFilter$StaticUserFilter) to context scm
2025-10-16 19:47:20,035 [ForkJoinPool-1-worker-1] INFO  http.HttpServer2 (HttpServer2.java:addFilter(1024)) - Added filter static_user_filter (class=org.apache.hadoop.http.lib.StaticUserWebFilter$StaticUserFilter) to context logs
2025-10-16 19:47:20,035 [ForkJoinPool-1-worker-1] INFO  http.HttpServer2 (HttpServer2.java:addFilter(1024)) - Added filter static_user_filter (class=org.apache.hadoop.http.lib.StaticUserWebFilter$StaticUserFilter) to context static
2025-10-16 19:47:20,062 [ForkJoinPool-1-worker-1] INFO  http.BaseHttpServer (BaseHttpServer.java:<init>(193)) - HTTP server of scm uses base directory /home/runner/work/ozone/ozone/hadoop-ozone/integration-test/target/test-dir/MiniOzoneClusterImpl-e7911277-7775-4457-96c8-94071a26a1ce/scm/ozone-metadata/webserver
2025-10-16 19:47:20,063 [ForkJoinPool-1-worker-1] INFO  http.HttpServer2 (HttpServer2.java:bindListener(1240)) - Jetty bound to port 15003
2025-10-16 19:47:20,065 [ForkJoinPool-1-worker-1] INFO  server.Server (Server.java:doStart(375)) - jetty-9.4.58.v20250814; built: 2025-08-14T02:28:49.637Z; git: 8f1440587e9e4ae7db3d74cf205643f3d707148d; jvm 21.0.8+9-LTS
2025-10-16 19:47:20,087 [ForkJoinPool-1-worker-1] INFO  server.session (DefaultSessionIdManager.java:doStart(334)) - DefaultSessionIdManager workerName=node0
2025-10-16 19:47:20,087 [ForkJoinPool-1-worker-1] INFO  server.session (DefaultSessionIdManager.java:doStart(339)) - No SessionScavenger set, using defaults
2025-10-16 19:47:20,088 [ForkJoinPool-1-worker-1] INFO  server.session (HouseKeeper.java:startScavenging(132)) - node0 Scavenging every 660000ms
2025-10-16 19:47:20,096 [ForkJoinPool-1-worker-1] INFO  handler.ContextHandler (ContextHandler.java:doStart(921)) - Started o.e.j.s.ServletContextHandler@5b82798e{logs,/logs,file:///home/runner/work/ozone/ozone/hadoop-ozone/integration-test/target/log,AVAILABLE}
2025-10-16 19:47:20,097 [ForkJoinPool-1-worker-1] INFO  handler.ContextHandler (ContextHandler.java:doStart(921)) - Started o.e.j.s.ServletContextHandler@763fc1f3{static,/static,file:///home/runner/work/ozone/ozone/hadoop-ozone/integration-test/target/test-classes/webapps/static,AVAILABLE}
2025-10-16 19:47:20,130 [ForkJoinPool-1-worker-1] INFO  handler.ContextHandler (ContextHandler.java:doStart(921)) - Started o.e.j.w.WebAppContext@727539c2{scm,/,file:///home/runner/work/ozone/ozone/hadoop-ozone/integration-test/target/test-classes/webapps/scm/,AVAILABLE}{file:/home/runner/work/ozone/ozone/hadoop-ozone/integration-test/target/test-classes/webapps/scm}
2025-10-16 19:47:20,134 [ForkJoinPool-1-worker-1] INFO  server.AbstractConnector (AbstractConnector.java:doStart(333)) - Started ServerConnector@6d35b06a{HTTP/1.1, (http/1.1)}{0.0.0.0:15003}
2025-10-16 19:47:20,135 [ForkJoinPool-1-worker-1] INFO  server.Server (Server.java:doStart(415)) - Started @7988ms
2025-10-16 19:47:20,136 [ForkJoinPool-1-worker-1] INFO  impl.MetricsSinkAdapter (MetricsSinkAdapter.java:start(204)) - Sink prometheus started
2025-10-16 19:47:20,137 [ForkJoinPool-1-worker-1] INFO  http.BaseHttpServer (BaseHttpServer.java:updateConnectorAddress(357)) - HTTP server of scm listening at http://localhost:15003
2025-10-16 19:47:20,152 [ForkJoinPool-1-worker-1] INFO  ha.OMHANodeDetails (OMHANodeDetails.java:loadOMHAConfig(114)) - ozone.om.internal.service.id is not defined, falling back to ozone.om.service.ids to find serviceID for OzoneManager if it is HA enabled cluster
2025-10-16 19:47:20,155 [ForkJoinPool-1-worker-1] INFO  ha.OMHANodeDetails (OMHANodeDetails.java:loadOMHAConfig(228)) - Configuration does not have ozone.om.address set. Falling back to the default OM address /127.0.0.1:15006
2025-10-16 19:47:20,155 [ForkJoinPool-1-worker-1] INFO  ha.OMHANodeDetails (OMHANodeDetails.java:getOMNodeDetailsForNonHA(262)) - OM Service ID is not set. Setting it to the default ID: omServiceIdDefault
2025-10-16 19:47:20,155 [ForkJoinPool-1-worker-1] INFO  ha.OMHANodeDetails (OMHANodeDetails.java:getOMNodeDetailsForNonHA(269)) - OM Node ID is not set. Setting it to the default ID: om1
2025-10-16 19:47:20,162 [ForkJoinPool-1-worker-1] INFO  upgrade.AbstractLayoutVersionManager (AbstractLayoutVersionManager.java:init(80)) - Initializing Layout version manager with metadata layout = DELEGATION_TOKEN_SYMMETRIC_SIGN (version = 8), software layout = DELEGATION_TOKEN_SYMMETRIC_SIGN (version = 8)
2025-10-16 19:47:20,262 [ForkJoinPool-1-worker-1] INFO  reflections.Reflections (Reflections.java:scan(219)) - Reflections took 98 ms to scan 2 urls, producing 220 keys and 641 values
2025-10-16 19:47:20,266 [ForkJoinPool-1-worker-1] INFO  upgrade.OMLayoutVersionManager (OMLayoutVersionManager.java:lambda$0(110)) - Skipping Upgrade Action QuotaRepairUpgradeAction since it has been finalized.
2025-10-16 19:47:20,267 [ForkJoinPool-1-worker-1] INFO  upgrade.OMLayoutVersionManager (OMLayoutVersionManager.java:lambda$0(110)) - Skipping Upgrade Action MockOmUpgradeAction since it has been finalized.
2025-10-16 19:47:20,273 [ForkJoinPool-1-worker-1] INFO  om.OzoneManager (OzoneManager.java:setReplicationFromConfig(4665)) - Set default replication in OM: RATIS/3 -> RATIS/THREE
2025-10-16 19:47:20,278 [ForkJoinPool-1-worker-1] INFO  proxy.SCMContainerLocationFailoverProxyProvider (SCMFailoverProxyProviderBase.java:<init>(120)) - Created fail-over proxy for protocol StorageContainerLocationProtocolPB with 1 nodes: [nodeId=scmNodeId,nodeAddress=/0.0.0.0:15000]
2025-10-16 19:47:20,315 [ForkJoinPool-1-worker-1] INFO  proxy.SCMBlockLocationFailoverProxyProvider (SCMFailoverProxyProviderBase.java:<init>(120)) - Created fail-over proxy for protocol ScmBlockLocationProtocolPB with 1 nodes: [nodeId=scmNodeId,nodeAddress=/0.0.0.0:15001]
2025-10-16 19:47:20,399 [ForkJoinPool-1-worker-1] INFO  om.OzoneManager (OzoneManager.java:<init>(687)) - OM start with adminUsers: [admin, runner]
2025-10-16 19:47:20,547 [ForkJoinPool-1-worker-1] INFO  utils.NativeLibraryLoader (NativeLibraryLoader.java:loadLibrary(120)) - Loading Library: ozone_rocksdb_tools
2025-10-16 19:47:20,776 [bed9314d-2aab-40ad-9a80-177434bab325@group-94071A26A1CE-FollowerState] INFO  impl.FollowerState (FollowerState.java:runImpl(161)) - bed9314d-2aab-40ad-9a80-177434bab325@group-94071A26A1CE-FollowerState: change to CANDIDATE, lastRpcElapsedTime:1015895637ns, electionTimeout:1015ms
2025-10-16 19:47:20,776 [bed9314d-2aab-40ad-9a80-177434bab325@group-94071A26A1CE-FollowerState] INFO  impl.RoleInfo (RoleInfo.java:shutdownFollowerState(121)) - bed9314d-2aab-40ad-9a80-177434bab325: shutdown bed9314d-2aab-40ad-9a80-177434bab325@group-94071A26A1CE-FollowerState
2025-10-16 19:47:20,776 [bed9314d-2aab-40ad-9a80-177434bab325@group-94071A26A1CE-FollowerState] INFO  server.RaftServer$Division (RaftServerImpl.java:setRole(392)) - bed9314d-2aab-40ad-9a80-177434bab325@group-94071A26A1CE: changes role from  FOLLOWER to CANDIDATE at term 1 for changeToCandidate
2025-10-16 19:47:20,777 [bed9314d-2aab-40ad-9a80-177434bab325@group-94071A26A1CE-FollowerState] INFO  impl.RoleInfo (RoleInfo.java:updateAndGet(148)) - bed9314d-2aab-40ad-9a80-177434bab325: start bed9314d-2aab-40ad-9a80-177434bab325@group-94071A26A1CE-LeaderElection2
2025-10-16 19:47:20,777 [bed9314d-2aab-40ad-9a80-177434bab325@group-94071A26A1CE-LeaderElection2] INFO  impl.LeaderElection (LeaderElection.java:askForVotes(448)) - bed9314d-2aab-40ad-9a80-177434bab325@group-94071A26A1CE-LeaderElection2 PRE_VOTE round 0: submit vote requests at term 1 for conf: {index: 0, cur=peers:[bed9314d-2aab-40ad-9a80-177434bab325|localhost:15004]|listeners:[], old=null}
2025-10-16 19:47:20,777 [bed9314d-2aab-40ad-9a80-177434bab325@group-94071A26A1CE-LeaderElection2] INFO  impl.LeaderElection (LeaderElection.java:askForVotes(450)) - bed9314d-2aab-40ad-9a80-177434bab325@group-94071A26A1CE-LeaderElection2 PRE_VOTE round 0: result PASSED (term=1)
2025-10-16 19:47:20,779 [bed9314d-2aab-40ad-9a80-177434bab325@group-94071A26A1CE-LeaderElection2] INFO  impl.LeaderElection (LeaderElection.java:askForVotes(448)) - bed9314d-2aab-40ad-9a80-177434bab325@group-94071A26A1CE-LeaderElection2 ELECTION round 0: submit vote requests at term 2 for conf: {index: 0, cur=peers:[bed9314d-2aab-40ad-9a80-177434bab325|localhost:15004]|listeners:[], old=null}
2025-10-16 19:47:20,779 [bed9314d-2aab-40ad-9a80-177434bab325@group-94071A26A1CE-LeaderElection2] INFO  impl.LeaderElection (LeaderElection.java:askForVotes(450)) - bed9314d-2aab-40ad-9a80-177434bab325@group-94071A26A1CE-LeaderElection2 ELECTION round 0: result PASSED (term=2)
2025-10-16 19:47:20,780 [bed9314d-2aab-40ad-9a80-177434bab325@group-94071A26A1CE-LeaderElection2] INFO  impl.RoleInfo (RoleInfo.java:shutdownLeaderElection(141)) - bed9314d-2aab-40ad-9a80-177434bab325: shutdown bed9314d-2aab-40ad-9a80-177434bab325@group-94071A26A1CE-LeaderElection2
2025-10-16 19:47:20,780 [bed9314d-2aab-40ad-9a80-177434bab325@group-94071A26A1CE-LeaderElection2] INFO  server.RaftServer$Division (RaftServerImpl.java:setRole(392)) - bed9314d-2aab-40ad-9a80-177434bab325@group-94071A26A1CE: changes role from CANDIDATE to LEADER at term 2 for changeToLeader
2025-10-16 19:47:20,780 [bed9314d-2aab-40ad-9a80-177434bab325@group-94071A26A1CE-LeaderElection2] INFO  server.RaftServerConfigKeys (ConfUtils.java:logFallback(69)) - raft.server.staging.timeout = 15600ms (fallback to raft.server.rpc.timeout.max)
2025-10-16 19:47:20,781 [bed9314d-2aab-40ad-9a80-177434bab325@group-94071A26A1CE-LeaderElection2] INFO  impl.RoleInfo (RoleInfo.java:updateAndGet(148)) - bed9314d-2aab-40ad-9a80-177434bab325: start bed9314d-2aab-40ad-9a80-177434bab325@group-94071A26A1CE-LeaderStateImpl
2025-10-16 19:47:20,782 [bed9314d-2aab-40ad-9a80-177434bab325@group-94071A26A1CE-LeaderElection2] INFO  server.RaftServer$Division (RaftServerImpl.java:setFirstElection(576)) - bed9314d-2aab-40ad-9a80-177434bab325@group-94071A26A1CE: set firstElectionSinceStartup to false for becomeLeader
2025-10-16 19:47:20,782 [bed9314d-2aab-40ad-9a80-177434bab325@group-94071A26A1CE-LeaderElection2] INFO  ha.SCMStateMachine (SCMStateMachine.java:notifyLeaderChanged(293)) - current SCM becomes leader of term 2.
2025-10-16 19:47:20,782 [bed9314d-2aab-40ad-9a80-177434bab325@group-94071A26A1CE-LeaderElection2] INFO  ha.SCMContext (SCMContext.java:updateLeaderAndTerm(95)) - update <isLeader,term> from <false,0> to <true,2>
2025-10-16 19:47:20,784 [bed9314d-2aab-40ad-9a80-177434bab325@group-94071A26A1CE-LeaderElection2] INFO  server.RaftServer$Division (ServerState.java:setLeader(272)) - bed9314d-2aab-40ad-9a80-177434bab325@group-94071A26A1CE: change Leader from null to bed9314d-2aab-40ad-9a80-177434bab325 at term 2 for becomeLeader, leader elected after 1681ms
2025-10-16 19:47:20,785 [bed9314d-2aab-40ad-9a80-177434bab325@group-94071A26A1CE-LeaderElection2] INFO  segmented.SegmentedRaftLogWorker (SegmentedRaftLogWorker.java:rollLogSegment(445)) - bed9314d-2aab-40ad-9a80-177434bab325@group-94071A26A1CE-SegmentedRaftLogWorker: Rolling segment log-0_0 to index:0
2025-10-16 19:47:20,786 [bed9314d-2aab-40ad-9a80-177434bab325@group-94071A26A1CE-LeaderElection2] INFO  server.RaftServer$Division (ServerState.java:setRaftConf(386)) - bed9314d-2aab-40ad-9a80-177434bab325@group-94071A26A1CE: set configuration conf: {index: 1, cur=peers:[bed9314d-2aab-40ad-9a80-177434bab325|localhost:15004]|listeners:[], old=null}
2025-10-16 19:47:20,787 [bed9314d-2aab-40ad-9a80-177434bab325@group-94071A26A1CE-SegmentedRaftLogWorker] INFO  segmented.SegmentedRaftLogWorker (SegmentedRaftLogWorker.java:execute(604)) - bed9314d-2aab-40ad-9a80-177434bab325@group-94071A26A1CE-SegmentedRaftLogWorker: Rolled log segment from /home/runner/work/ozone/ozone/hadoop-ozone/integration-test/target/test-dir/MiniOzoneClusterImpl-e7911277-7775-4457-96c8-94071a26a1ce/scm/ratis/e7911277-7775-4457-96c8-94071a26a1ce/current/log_inprogress_0 to /home/runner/work/ozone/ozone/hadoop-ozone/integration-test/target/test-dir/MiniOzoneClusterImpl-e7911277-7775-4457-96c8-94071a26a1ce/scm/ratis/e7911277-7775-4457-96c8-94071a26a1ce/current/log_0-0
2025-10-16 19:47:20,789 [bed9314d-2aab-40ad-9a80-177434bab325@group-94071A26A1CE-SegmentedRaftLogWorker] INFO  segmented.BufferedWriteChannel (BufferedWriteChannel.java:open(61)) - open log_inprogress_1 at position 0
2025-10-16 19:47:20,796 [bed9314d-2aab-40ad-9a80-177434bab325@group-94071A26A1CE-SegmentedRaftLogWorker] INFO  segmented.SegmentedRaftLogWorker (SegmentedRaftLogWorker.java:execute(647)) - bed9314d-2aab-40ad-9a80-177434bab325@group-94071A26A1CE-SegmentedRaftLogWorker: created new log segment /home/runner/work/ozone/ozone/hadoop-ozone/integration-test/target/test-dir/MiniOzoneClusterImpl-e7911277-7775-4457-96c8-94071a26a1ce/scm/ratis/e7911277-7775-4457-96c8-94071a26a1ce/current/log_inprogress_1
2025-10-16 19:47:20,799 [bed9314d-2aab-40ad-9a80-177434bab325@group-94071A26A1CE-StateMachineUpdater] INFO  server.RaftServer$Division (LeaderStateImpl.java:checkStartIndex(309)) - Leader bed9314d-2aab-40ad-9a80-177434bab325@group-94071A26A1CE-LeaderStateImpl is ready since appliedIndex == startIndex == 1
2025-10-16 19:47:20,799 [bed9314d-2aab-40ad-9a80-177434bab325@group-94071A26A1CE-StateMachineUpdater] INFO  ha.SCMContext (SCMContext.java:setLeaderReady(122)) - update <isLeaderReady> from <false> to <true>
2025-10-16 19:47:20,799 [bed9314d-2aab-40ad-9a80-177434bab325@group-94071A26A1CE-StateMachineUpdater] INFO  pipeline.BackgroundPipelineCreator (BackgroundPipelineCreator.java:notifyStatusChanged(268)) - Service BackgroundPipelineCreator transitions to RUNNING.
2025-10-16 19:47:20,800 [bed9314d-2aab-40ad-9a80-177434bab325@group-94071A26A1CE-StateMachineUpdater] INFO  safemode.SCMSafeModeManager (AbstractContainerSafeModeRule.java:initializeRule(83)) - Refreshed RATIS Containers threshold count to 0.
2025-10-16 19:47:20,800 [bed9314d-2aab-40ad-9a80-177434bab325@group-94071A26A1CE-StateMachineUpdater] INFO  safemode.HealthyPipelineSafeModeRule (HealthyPipelineSafeModeRule.java:initializeRule(226)) - Refreshed total pipeline count is 0, healthy pipeline threshold count is 1
2025-10-16 19:47:20,800 [bed9314d-2aab-40ad-9a80-177434bab325@group-94071A26A1CE-StateMachineUpdater] INFO  safemode.OneReplicaPipelineSafeModeRule (OneReplicaPipelineSafeModeRule.java:initializeRule(185)) - Refreshed Total pipeline count is 0, pipeline's with at least one datanode reported threshold count is 0
2025-10-16 19:47:20,800 [bed9314d-2aab-40ad-9a80-177434bab325@group-94071A26A1CE-StateMachineUpdater] INFO  safemode.SCMSafeModeManager (AbstractContainerSafeModeRule.java:initializeRule(83)) - Refreshed EC Containers threshold count to 0.
2025-10-16 19:47:20,801 [bed9314d-2aab-40ad-9a80-177434bab325@group-94071A26A1CE-StateMachineUpdater] INFO  server.SCMDatanodeProtocolServer (SCMDatanodeProtocolServer.java:start(195)) - ScmDatanodeProtocol RPC server for DataNodes is listening at /0.0.0.0:15002
2025-10-16 19:47:20,801 [IPC Server Responder] INFO  ipc.Server (Server.java:run(1713)) - IPC Server Responder: starting
2025-10-16 19:47:20,801 [IPC Server listener on 15002] INFO  ipc.Server (Server.java:run(1553)) - IPC Server listener on 15002: starting
2025-10-16 19:47:20,835 [ForkJoinPool-1-worker-1] INFO  om.OzoneManager (OzoneManager.java:instantiateServices(931)) - S3 Multi-Tenancy is disabled
2025-10-16 19:47:20,843 [ForkJoinPool-1-worker-1] INFO  security.OzoneSecretStore (OzoneSecretStore.java:loadState(58)) - Loaded 0 tokens
2025-10-16 19:47:20,843 [ForkJoinPool-1-worker-1] INFO  security.OzoneDelegationTokenSecretManager (OzoneDelegationTokenSecretManager.java:loadTokenSecretState(517)) - Loading token state into token manager.
2025-10-16 19:47:20,855 [ForkJoinPool-1-worker-1] INFO  acl.OzoneAuthorizerFactory (OzoneAuthorizerFactory.java:create(69)) - om1: Authorizer for OM is class org.apache.hadoop.ozone.security.acl.OzoneNativeAuthorizer
2025-10-16 19:47:20,865 [ForkJoinPool-1-worker-1] INFO  om.OmSnapshotManager (OmSnapshotManager.java:<init>(202)) - Ozone filesystem snapshot feature is enabled.
2025-10-16 19:47:20,902 [ForkJoinPool-1-worker-1] INFO  utils.BackgroundService (BackgroundService.java:start(119)) - Starting service SnapshotDiffCleanupService with interval 60000 milliseconds
2025-10-16 19:47:20,946 [ForkJoinPool-1-worker-1] INFO  om.OzoneManager (OzoneManager.java:addS3GVolumeToDB(4723)) - Created Volume s3v With Owner runner required for S3Gateway operations.
2025-10-16 19:47:21,017 [ForkJoinPool-1-worker-1] WARN  dropwizard3.Dm3MetricRegistriesImpl (Dm3MetricRegistriesImpl.java:addReporterRegistration(114)) - New reporters are added after registries were created. Some metrics will be missing from the reporter. Please add reporter before adding any new registry.
2025-10-16 19:47:21,017 [ForkJoinPool-1-worker-1] WARN  dropwizard3.Dm3MetricRegistriesImpl (Dm3MetricRegistriesImpl.java:addReporterRegistration(114)) - New reporters are added after registries were created. Some metrics will be missing from the reporter. Please add reporter before adding any new registry.
2025-10-16 19:47:21,018 [ForkJoinPool-1-worker-1] INFO  server.RaftServerConfigKeys (ConfUtils.java:logGet(62)) - raft.server.log.appender.buffer.byte-limit = 4194304 (custom)
2025-10-16 19:47:21,021 [ForkJoinPool-1-worker-1] INFO  ratis.OzoneManagerRatisServer (OzoneManagerRatisServer.java:<init>(169)) - Instantiating OM Ratis server with groupID: omServiceIdDefault and peers: localhost:15009
2025-10-16 19:47:21,042 [ForkJoinPool-1-worker-1] INFO  audit.AuditLogger (AuditLogger.java:refreshDebugCmdSet(133)) - Refresh DebugCmdSet for OMSystemAudit to [].
2025-10-16 19:47:21,043 [ForkJoinPool-1-worker-1] INFO  ratis.OzoneManagerStateMachine (OzoneManagerStateMachine.java:loadSnapshotInfoFromDB(649)) - TransactionInfo not found in OM DB.
2025-10-16 19:47:21,076 [ForkJoinPool-1-worker-1] INFO  grpc.GrpcConfigKeys (ConfUtils.java:logFallback(69)) - raft.grpc.admin.host = null (fallback to raft.grpc.server.host)
2025-10-16 19:47:21,076 [ForkJoinPool-1-worker-1] INFO  grpc.GrpcConfigKeys (ConfUtils.java:logFallback(69)) - raft.grpc.admin.port = 15009 (fallback to raft.grpc.server.port)
2025-10-16 19:47:21,077 [ForkJoinPool-1-worker-1] INFO  grpc.GrpcConfigKeys (ConfUtils.java:logFallback(69)) - raft.grpc.client.host = null (fallback to raft.grpc.server.host)
2025-10-16 19:47:21,077 [ForkJoinPool-1-worker-1] INFO  grpc.GrpcConfigKeys (ConfUtils.java:logFallback(69)) - raft.grpc.client.port = 15009 (fallback to raft.grpc.server.port)
2025-10-16 19:47:21,077 [ForkJoinPool-1-worker-1] INFO  grpc.GrpcConfigKeys (ConfUtils.java:logGet(62)) - raft.grpc.server.port = 15009 (custom)
2025-10-16 19:47:21,077 [ForkJoinPool-1-worker-1] INFO  server.GrpcServicesImpl (ConfUtils.java:logGet(62)) - raft.grpc.message.size.max = 5242880 (custom)
2025-10-16 19:47:21,077 [ForkJoinPool-1-worker-1] INFO  server.RaftServerConfigKeys (ConfUtils.java:logGet(62)) - raft.server.rpc.request.timeout = 3000ms (default)
2025-10-16 19:47:21,077 [ForkJoinPool-1-worker-1] INFO  server.RaftServerConfigKeys (ConfUtils.java:logGet(62)) - raft.server.log.appender.buffer.byte-limit = 4194304 (custom)
2025-10-16 19:47:21,078 [ForkJoinPool-1-worker-1] INFO  server.RaftServerConfigKeys (ConfUtils.java:logGet(62)) - raft.server.storage.dir = [/home/runner/work/ozone/ozone/hadoop-ozone/integration-test/target/test-dir/MiniOzoneClusterImpl-e7911277-7775-4457-96c8-94071a26a1ce/om/ratis] (custom)
2025-10-16 19:47:21,080 [ForkJoinPool-1-worker-1] INFO  server.RaftServer (RaftServerProxy.java:addNew(105)) - om1: addNew group-C5BA1605619E:[om1|localhost:15009] returns group-C5BA1605619E:java.util.concurrent.CompletableFuture@2c5159d7[Not completed]
2025-10-16 19:47:21,080 [om1-groupManagement] INFO  server.RaftServer$Division (RaftServerImpl.java:<init>(268)) - om1: new RaftServerImpl for group-C5BA1605619E:[om1|localhost:15009] with OzoneManagerStateMachine:uninitialized
2025-10-16 19:47:21,080 [om1-groupManagement] INFO  server.RaftServerConfigKeys (ConfUtils.java:logGet(62)) - raft.server.rpc.timeout.min = 1s (custom)
2025-10-16 19:47:21,080 [om1-groupManagement] INFO  server.RaftServerConfigKeys (ConfUtils.java:logGet(62)) - raft.server.rpc.timeout.max = 1200ms (custom)
2025-10-16 19:47:21,080 [ForkJoinPool-1-worker-1] INFO  om.OzoneManager (OzoneManager.java:initializeRatisServer(2342)) - OzoneManager Ratis server initialized at port 15009
2025-10-16 19:47:21,080 [om1-groupManagement] INFO  server.RaftServer$Division (ServerState.java:<init>(114)) - om1@group-C5BA1605619E: ConfigurationManager, init=conf: {index: -1, cur=peers:[om1|localhost:15009]|listeners:[], old=null}, confs=<EMPTY_MAP>
2025-10-16 19:47:21,080 [om1-groupManagement] INFO  server.RaftServerConfigKeys (ConfUtils.java:logGet(62)) - raft.server.notification.no-leader.timeout = 120s (custom)
2025-10-16 19:47:21,081 [om1-groupManagement] INFO  server.RaftServerConfigKeys (ConfUtils.java:logGet(62)) - raft.server.retrycache.expirytime = 300s (custom)
2025-10-16 19:47:21,085 [ForkJoinPool-1-worker-1] INFO  om.OzoneManager (OzoneManager.java:getRpcServer(1394)) - Creating RPC Server
2025-10-16 19:47:21,955 [ForkJoinPool-1-worker-1] INFO  reflections.Reflections (Reflections.java:scan(219)) - Reflections took 838 ms to scan 25 urls, producing 62 keys and 7990 values
2025-10-16 19:47:22,136 [ForkJoinPool-1-worker-1] INFO  ipc.CallQueueManager (CallQueueManager.java:<init>(93)) - Using callQueue: class java.util.concurrent.LinkedBlockingQueue, queueCapacity: 2000, scheduler: class org.apache.hadoop.ipc.DefaultRpcScheduler, ipcBackoff: false, ipcFailOver: false.
2025-10-16 19:47:22,139 [ForkJoinPool-1-worker-1] INFO  ipc.Server (Server.java:<init>(1438)) - Listener at 127.0.0.1:15006
2025-10-16 19:47:22,140 [Socket Reader #1 for port 15006] INFO  ipc.Server (Server.java:run(1474)) - Starting Socket Reader #1 for port 15006
2025-10-16 19:47:22,140 [Socket Reader #2 for port 15006] INFO  ipc.Server (Server.java:run(1474)) - Starting Socket Reader #2 for port 15006
2025-10-16 19:47:22,140 [Socket Reader #3 for port 15006] INFO  ipc.Server (Server.java:run(1474)) - Starting Socket Reader #3 for port 15006
2025-10-16 19:47:22,140 [Socket Reader #4 for port 15006] INFO  ipc.Server (Server.java:run(1474)) - Starting Socket Reader #4 for port 15006
2025-10-16 19:47:22,141 [Socket Reader #5 for port 15006] INFO  ipc.Server (Server.java:run(1474)) - Starting Socket Reader #5 for port 15006
2025-10-16 19:47:22,141 [Socket Reader #6 for port 15006] INFO  ipc.Server (Server.java:run(1474)) - Starting Socket Reader #6 for port 15006
2025-10-16 19:47:22,141 [Socket Reader #7 for port 15006] INFO  ipc.Server (Server.java:run(1474)) - Starting Socket Reader #7 for port 15006
2025-10-16 19:47:22,141 [Socket Reader #9 for port 15006] INFO  ipc.Server (Server.java:run(1474)) - Starting Socket Reader #9 for port 15006
2025-10-16 19:47:22,141 [Socket Reader #8 for port 15006] INFO  ipc.Server (Server.java:run(1474)) - Starting Socket Reader #8 for port 15006
2025-10-16 19:47:22,142 [Socket Reader #10 for port 15006] INFO  ipc.Server (Server.java:run(1474)) - Starting Socket Reader #10 for port 15006
2025-10-16 19:47:22,187 [ForkJoinPool-1-worker-1] INFO  om.OzoneManager (OzoneManager.java:start(1826)) - OzoneManager RPC server is listening at localhost/127.0.0.1:15006
2025-10-16 19:47:22,187 [ForkJoinPool-1-worker-1] INFO  ratis.OzoneManagerRatisServer (OzoneManagerRatisServer.java:start(673)) - Starting OzoneManagerRatisServer om1 at port 15009
2025-10-16 19:47:22,188 [om1-impl-thread1] INFO  storage.RaftStorageDirectory (RaftStorageDirectoryImpl.java:analyzeStorage(138)) - The storage directory /home/runner/work/ozone/ozone/hadoop-ozone/integration-test/target/test-dir/MiniOzoneClusterImpl-e7911277-7775-4457-96c8-94071a26a1ce/om/ratis/bf265839-605b-3f16-9796-c5ba1605619e does not exist. Creating ...
2025-10-16 19:47:22,189 [om1-impl-thread1] INFO  storage.RaftStorageDirectory (RaftStorageDirectoryImpl.java:tryLock(229)) - Lock on /home/runner/work/ozone/ozone/hadoop-ozone/integration-test/target/test-dir/MiniOzoneClusterImpl-e7911277-7775-4457-96c8-94071a26a1ce/om/ratis/bf265839-605b-3f16-9796-c5ba1605619e/in_use.lock acquired by nodename 40995@localhost
2025-10-16 19:47:22,190 [om1-impl-thread1] INFO  storage.RaftStorage (RaftStorageImpl.java:format(98)) - Storage directory /home/runner/work/ozone/ozone/hadoop-ozone/integration-test/target/test-dir/MiniOzoneClusterImpl-e7911277-7775-4457-96c8-94071a26a1ce/om/ratis/bf265839-605b-3f16-9796-c5ba1605619e has been successfully formatted.
2025-10-16 19:47:22,191 [om1-impl-thread1] INFO  ratis.OzoneManagerStateMachine (OzoneManagerStateMachine.java:lambda$0(147)) - om1: initialize group-C5BA1605619E with <INITIAL_VALUE>
2025-10-16 19:47:22,191 [om1-impl-thread1] INFO  server.RaftServerConfigKeys (ConfUtils.java:logGet(62)) - raft.server.log.appender.buffer.byte-limit = 4194304 (custom)
2025-10-16 19:47:22,193 [om1-impl-thread1] INFO  server.RaftServerConfigKeys (ConfUtils.java:logGet(62)) - raft.server.log.segment.size.max = 67108864 (custom)
2025-10-16 19:47:22,194 [om1-impl-thread1] INFO  server.RaftServerConfigKeys (ConfUtils.java:logGet(62)) - raft.server.log.appender.buffer.byte-limit = 4194304 (custom)
2025-10-16 19:47:22,195 [om1-impl-thread1] INFO  util.AwaitToRun (AwaitToRun.java:start(81)) - Thread[#463,om1@group-C5BA1605619E-cacheEviction-AwaitToRun,5,main] started
2025-10-16 19:47:22,195 [om1-impl-thread1] INFO  segmented.SegmentedRaftLogWorker (SegmentedRaftLogWorker.java:<init>(190)) - new om1@group-C5BA1605619E-SegmentedRaftLogWorker for RaftStorageImpl:Storage Directory /home/runner/work/ozone/ozone/hadoop-ozone/integration-test/target/test-dir/MiniOzoneClusterImpl-e7911277-7775-4457-96c8-94071a26a1ce/om/ratis/bf265839-605b-3f16-9796-c5ba1605619e
2025-10-16 19:47:22,195 [om1-impl-thread1] INFO  server.RaftServerConfigKeys (ConfUtils.java:logGet(62)) - raft.server.log.segment.size.max = 67108864 (custom)
2025-10-16 19:47:22,195 [om1-impl-thread1] INFO  server.RaftServerConfigKeys (ConfUtils.java:logGet(62)) - raft.server.log.preallocated.size = 4194304 (custom)
2025-10-16 19:47:22,196 [om1-impl-thread1] INFO  server.RaftServerConfigKeys (ConfUtils.java:logGet(62)) - raft.server.log.write.buffer.size = 4194312 (custom)
2025-10-16 19:47:22,197 [om1-impl-thread1] INFO  server.RaftServerConfigKeys (ConfUtils.java:logGet(62)) - raft.server.log.appender.buffer.byte-limit = 4194304 (custom)
2025-10-16 19:47:22,197 [om1-impl-thread1] INFO  segmented.SegmentedRaftLogWorker (SegmentedRaftLogWorker.java:lambda$new$0(141)) - om1@group-C5BA1605619E-SegmentedRaftLogWorker: flushIndex: setUnconditionally 0 -> -1
2025-10-16 19:47:22,197 [om1-impl-thread1] INFO  segmented.SegmentedRaftLogWorker (SegmentedRaftLogWorker.java:lambda$new$0(141)) - om1@group-C5BA1605619E-SegmentedRaftLogWorker: safeCacheEvictIndex: setUnconditionally 0 -> -1
2025-10-16 19:47:22,198 [om1-impl-thread1] INFO  server.RaftServer$Division (RaftServerImpl.java:start(405)) - om1@group-C5BA1605619E: start as a follower, conf=conf: {index: -1, cur=peers:[om1|localhost:15009]|listeners:[], old=null}
2025-10-16 19:47:22,198 [om1-impl-thread1] INFO  server.RaftServer$Division (RaftServerImpl.java:setRole(392)) - om1@group-C5BA1605619E: changes role from      null to FOLLOWER at term 0 for startAsFollower
2025-10-16 19:47:22,198 [om1-impl-thread1] INFO  impl.RoleInfo (RoleInfo.java:updateAndGet(148)) - om1: start om1@group-C5BA1605619E-FollowerState
2025-10-16 19:47:22,199 [om1@group-C5BA1605619E-FollowerState] INFO  server.RaftServerConfigKeys (ConfUtils.java:logFallback(69)) - raft.server.rpc.first-election.timeout.min = 1s (fallback to raft.server.rpc.timeout.min)
2025-10-16 19:47:22,199 [om1@group-C5BA1605619E-FollowerState] INFO  server.RaftServerConfigKeys (ConfUtils.java:logFallback(69)) - raft.server.rpc.first-election.timeout.max = 1200ms (fallback to raft.server.rpc.timeout.max)
2025-10-16 19:47:22,199 [om1-impl-thread1] INFO  util.JmxRegister (JmxRegister.java:tryRegister(44)) - Successfully registered JMX Bean with object name Ratis:service=RaftServer,group=group-C5BA1605619E,id=om1
2025-10-16 19:47:22,199 [om1-impl-thread1] INFO  util.JmxRegister (JmxRegister.java:register(58)) - register mxBean class org.apache.ratis.server.impl.RaftServerJmxAdapter as Ratis:service=RaftServer,group=group-C5BA1605619E,id=om1
2025-10-16 19:47:22,199 [om1-impl-thread1] INFO  server.RaftServerConfigKeys (ConfUtils.java:logGet(62)) - raft.server.snapshot.auto.trigger.threshold = 400000 (default)
2025-10-16 19:47:22,200 [om1-impl-thread1] INFO  server.RaftServerConfigKeys (ConfUtils.java:logGet(62)) - raft.server.log.purge.upto.snapshot.index = true (custom)
2025-10-16 19:47:22,200 [om1-impl-thread1] INFO  server.RaftServer$Division (RaftServerImpl.java:start(419)) - om1@group-C5BA1605619E: Successfully started.
2025-10-16 19:47:22,201 [ForkJoinPool-1-worker-1] INFO  server.RaftServer (RaftServerProxy.java:startImpl(412)) - om1: start RPC server
2025-10-16 19:47:22,201 [ForkJoinPool-1-worker-1] INFO  server.GrpcServicesImpl (GrpcServicesImpl.java:startImpl(346)) - om1: GrpcServicesImpl started, listening on 15009
2025-10-16 19:47:22,202 [JvmPauseMonitor2] INFO  util.JvmPauseMonitor (JvmPauseMonitor.java:run(146)) - JvmPauseMonitor-om1: Started
2025-10-16 19:47:22,202 [ForkJoinPool-1-worker-1] INFO  om.OzoneManager (OzoneManager.java:start(1841)) - Version File has different layout version (8) than OM DB (null). That is expected if this OM has never been finalized to a newer layout version.
2025-10-16 19:47:22,332 [ForkJoinPool-1-worker-1] INFO  client.ScmTopologyClient (ScmTopologyClient.java:start(70)) - Initial network topology fetched from SCM: /.
2025-10-16 19:47:22,333 [ForkJoinPool-1-worker-1] INFO  net.NodeSchemaLoader (NodeSchemaLoader.java:loadSchemaFromFile(128)) - Loading schema from [jar:file:/home/runner/work/ozone/ozone/hadoop-hdds/common/target/hdds-common-2.1.0-SNAPSHOT.jar!/network-topology-default.xml]
2025-10-16 19:47:22,333 [ForkJoinPool-1-worker-1] INFO  net.NodeSchemaLoader (NodeSchemaLoader.java:loadSchema(175)) - Loading network topology layer schema file
2025-10-16 19:47:22,340 [ForkJoinPool-1-worker-1] INFO  utils.BackgroundService (BackgroundService.java:start(119)) - Starting service KeyDeletingService with interval 1000 milliseconds
2025-10-16 19:47:22,346 [ForkJoinPool-1-worker-1] INFO  utils.BackgroundService (BackgroundService.java:start(119)) - Starting service DirectoryDeletingService with interval 1000 milliseconds
2025-10-16 19:47:22,347 [ForkJoinPool-1-worker-1] INFO  utils.BackgroundService (BackgroundService.java:start(119)) - Starting service OpenKeyCleanupService with interval 86400000 milliseconds
2025-10-16 19:47:22,349 [ForkJoinPool-1-worker-1] INFO  utils.BackgroundService (BackgroundService.java:start(119)) - Starting service SstFilteringService with interval 60000 milliseconds
2025-10-16 19:47:22,350 [ForkJoinPool-1-worker-1] INFO  om.KeyManagerImpl (KeyManagerImpl.java:startSnapshotDefragService(426)) - SnapshotDefragService is disabled. Snapshot defragmentation will not run periodically.
2025-10-16 19:47:22,352 [ForkJoinPool-1-worker-1] INFO  utils.BackgroundService (BackgroundService.java:start(119)) - Starting service SnapshotDeletingService with interval 30000 milliseconds
2025-10-16 19:47:22,353 [ForkJoinPool-1-worker-1] INFO  utils.BackgroundService (BackgroundService.java:start(119)) - Starting service MultipartUploadCleanupService with interval 86400000 milliseconds
2025-10-16 19:47:22,357 [ForkJoinPool-1-worker-1] INFO  http.BaseHttpServer (BaseHttpServer.java:newHttpServer2BuilderForOzone(227)) - Starting Web-server for ozoneManager at: http://0.0.0.0:15007
2025-10-16 19:47:22,357 [ForkJoinPool-1-worker-1] INFO  http.BaseHttpServer (BaseHttpServer.java:<init>(105)) - Hadoop Security Enabled: false Ozone Security Enabled: false Ozone HTTP Security Enabled: false 
2025-10-16 19:47:22,360 [ForkJoinPool-1-worker-1] WARN  server.AuthenticationFilter (AuthenticationFilter.java:constructSecretProvider(240)) - Unable to initialize FileSignerSecretProvider, falling back to use random secrets. Reason: Could not read signature secret file: /home/runner/hadoop-http-auth-signature-secret
2025-10-16 19:47:22,363 [ForkJoinPool-1-worker-1] INFO  http.HttpServer2 (HttpServer2.java:addGlobalFilter(1040)) - Added global filter 'safety' (class=org.apache.hadoop.hdds.server.http.HttpServer2$QuotingInputFilter)
2025-10-16 19:47:22,366 [ForkJoinPool-1-worker-1] INFO  http.HttpServer2 (HttpServer2.java:addFilter(1016)) - Added filter static_user_filter (class=org.apache.hadoop.http.lib.StaticUserWebFilter$StaticUserFilter) to context ozoneManager
2025-10-16 19:47:22,366 [ForkJoinPool-1-worker-1] INFO  http.HttpServer2 (HttpServer2.java:addFilter(1024)) - Added filter static_user_filter (class=org.apache.hadoop.http.lib.StaticUserWebFilter$StaticUserFilter) to context static
2025-10-16 19:47:22,367 [ForkJoinPool-1-worker-1] INFO  http.HttpServer2 (HttpServer2.java:addFilter(1024)) - Added filter static_user_filter (class=org.apache.hadoop.http.lib.StaticUserWebFilter$StaticUserFilter) to context logs
2025-10-16 19:47:22,368 [ForkJoinPool-1-worker-1] INFO  http.BaseHttpServer (BaseHttpServer.java:<init>(193)) - HTTP server of ozoneManager uses base directory /home/runner/work/ozone/ozone/hadoop-ozone/integration-test/target/test-dir/MiniOzoneClusterImpl-e7911277-7775-4457-96c8-94071a26a1ce/scm/ozone-metadata/webserver
2025-10-16 19:47:22,374 [ForkJoinPool-1-worker-1] INFO  http.HttpServer2 (HttpServer2.java:bindListener(1240)) - Jetty bound to port 15007
2025-10-16 19:47:22,375 [ForkJoinPool-1-worker-1] INFO  server.Server (Server.java:doStart(375)) - jetty-9.4.58.v20250814; built: 2025-08-14T02:28:49.637Z; git: 8f1440587e9e4ae7db3d74cf205643f3d707148d; jvm 21.0.8+9-LTS
2025-10-16 19:47:22,376 [ForkJoinPool-1-worker-1] INFO  server.session (DefaultSessionIdManager.java:doStart(334)) - DefaultSessionIdManager workerName=node0
2025-10-16 19:47:22,377 [ForkJoinPool-1-worker-1] INFO  server.session (DefaultSessionIdManager.java:doStart(339)) - No SessionScavenger set, using defaults
2025-10-16 19:47:22,377 [ForkJoinPool-1-worker-1] INFO  server.session (HouseKeeper.java:startScavenging(132)) - node0 Scavenging every 600000ms
2025-10-16 19:47:22,378 [ForkJoinPool-1-worker-1] INFO  handler.ContextHandler (ContextHandler.java:doStart(921)) - Started o.e.j.s.ServletContextHandler@52c66dbf{logs,/logs,file:///home/runner/work/ozone/ozone/hadoop-ozone/integration-test/target/log,AVAILABLE}
2025-10-16 19:47:22,379 [ForkJoinPool-1-worker-1] INFO  handler.ContextHandler (ContextHandler.java:doStart(921)) - Started o.e.j.s.ServletContextHandler@3d5779b0{static,/static,file:///home/runner/work/ozone/ozone/hadoop-ozone/integration-test/target/test-classes/webapps/static,AVAILABLE}
2025-10-16 19:47:22,389 [ForkJoinPool-1-worker-1] INFO  handler.ContextHandler (ContextHandler.java:doStart(921)) - Started o.e.j.w.WebAppContext@23a5443f{ozoneManager,/,file:///home/runner/work/ozone/ozone/hadoop-ozone/integration-test/target/test-classes/webapps/ozoneManager/,AVAILABLE}{file:/home/runner/work/ozone/ozone/hadoop-ozone/integration-test/target/test-classes/webapps/ozoneManager}
2025-10-16 19:47:22,390 [ForkJoinPool-1-worker-1] INFO  server.AbstractConnector (AbstractConnector.java:doStart(333)) - Started ServerConnector@6a27f6f9{HTTP/1.1, (http/1.1)}{0.0.0.0:15007}
2025-10-16 19:47:22,390 [ForkJoinPool-1-worker-1] INFO  server.Server (Server.java:doStart(415)) - Started @10243ms
2025-10-16 19:47:22,390 [ForkJoinPool-1-worker-1] WARN  impl.MetricsSystemImpl (MetricsSystemImpl.java:register(279)) - Sink prometheus already exists!
2025-10-16 19:47:22,390 [ForkJoinPool-1-worker-1] INFO  http.BaseHttpServer (BaseHttpServer.java:updateConnectorAddress(357)) - HTTP server of ozoneManager listening at http://localhost:15007
2025-10-16 19:47:22,391 [IPC Server Responder] INFO  ipc.Server (Server.java:run(1713)) - IPC Server Responder: starting
2025-10-16 19:47:22,393 [IPC Server listener on 15006] INFO  ipc.Server (Server.java:run(1553)) - IPC Server listener on 15006: starting
2025-10-16 19:47:22,397 [ForkJoinPool-1-worker-1] INFO  om.OzoneManager (OzoneManager.java:startTrashEmptier(2296)) - Trash Interval set to 0. Files deleted won't move to trash
2025-10-16 19:47:22,421 | INFO  | OMSystemAudit | user=null | ip= | op=STARTUP {"NewOmState":"RUNNING","OmState":"INITIALIZED"} | ret=SUCCESS |  
2025-10-16 19:47:22,431 [ForkJoinPool-1-worker-1] INFO  db.CodecBuffer (CodecBuffer.java:set(85)) - Successfully set constructor to LeakDetector::newCodecBuffer: org.apache.hadoop.hdds.utils.db.CodecBuffer$$Lambda/0x00007f0380896258@48bc66df
2025-10-16 19:47:22,534 [ForkJoinPool-1-worker-1] WARN  dropwizard3.Dm3MetricRegistriesImpl (Dm3MetricRegistriesImpl.java:addReporterRegistration(114)) - New reporters are added after registries were created. Some metrics will be missing from the reporter. Please add reporter before adding any new registry.
2025-10-16 19:47:22,534 [ForkJoinPool-1-worker-1] WARN  dropwizard3.Dm3MetricRegistriesImpl (Dm3MetricRegistriesImpl.java:addReporterRegistration(114)) - New reporters are added after registries were created. Some metrics will be missing from the reporter. Please add reporter before adding any new registry.
2025-10-16 19:47:22,560 [ForkJoinPool-1-worker-1] INFO  protocol.DatanodeDetails (DatanodeDetails.java:validateDatanodeIpAddress(199)) - Updating IP address of datanode f700af26-0e26-4136-9205-9509c82c8c70(localhost/null) to 127.0.0.1
2025-10-16 19:47:22,560 [ForkJoinPool-1-worker-1] INFO  ozone.HddsDatanodeService (HddsDatanodeService.java:start(236)) - HddsDatanodeService f700af26-0e26-4136-9205-9509c82c8c70(localhost/127.0.0.1)
2025-10-16 19:47:22,566 [ForkJoinPool-1-worker-1] INFO  upgrade.AbstractLayoutVersionManager (AbstractLayoutVersionManager.java:init(80)) - Initializing Layout version manager with metadata layout = WITNESSED_CONTAINER_DB_PROTO_VALUE (version = 9), software layout = WITNESSED_CONTAINER_DB_PROTO_VALUE (version = 9)
2025-10-16 19:47:22,568 [ForkJoinPool-1-worker-1] INFO  statemachine.DatanodeStateMachine (DatanodeStateMachine.java:getEndPointTaskThreadPoolSize(321)) - Datanode State Machine Task Thread Pool size 2
2025-10-16 19:47:22,621 [ForkJoinPool-1-worker-1] INFO  volume.HddsVolume (HddsVolume.java:<init>(162)) - HddsVolume: { id=DS-8727454b-baaa-469a-8e9d-90c5826d99d0 dir=/home/runner/work/ozone/ozone/hadoop-ozone/integration-test/target/test-dir/MiniOzoneClusterImpl-e7911277-7775-4457-96c8-94071a26a1ce/ozone-metadata/datanode-1/data-0/hdds type=DISK capacity=9222449699674390527 used=0 available=9222449699674390527 minFree=184448985434423296 committed=0 }
2025-10-16 19:47:22,621 [ForkJoinPool-1-worker-1] INFO  volume.MutableVolumeSet (MutableVolumeSet.java:initializeVolumeSet(175)) - Added Volume : /home/runner/work/ozone/ozone/hadoop-ozone/integration-test/target/test-dir/MiniOzoneClusterImpl-e7911277-7775-4457-96c8-94071a26a1ce/ozone-metadata/datanode-1/data-0/hdds to VolumeSet
2025-10-16 19:47:22,625 [ForkJoinPool-1-worker-1] INFO  volume.MutableVolumeSet (MutableVolumeSet.java:initializeVolumeSet(175)) - Added Volume : /home/runner/work/ozone/ozone/hadoop-ozone/integration-test/target/test-dir/MiniOzoneClusterImpl-e7911277-7775-4457-96c8-94071a26a1ce/ozone-metadata/datanode-1/ratis to VolumeSet
2025-10-16 19:47:22,629 [ForkJoinPool-1-worker-1] INFO  ozoneimpl.OzoneContainer (HddsVolumeUtil.java:loadAllHddsVolumeDbStore(102)) - Load 1 volumes DbStore cost: 1ms
2025-10-16 19:47:22,634 [ForkJoinPool-1-worker-1] WARN  db.DBStoreBuilder (DBStoreBuilder.java:getDBDirPath(157)) - ozone.scm.datanode.id.dir is not configured. We recommend adding this setting. Falling back to ozone.metadata.dirs instead.
2025-10-16 19:47:22,638 [ForkJoinPool-1-worker-1] WARN  db.DBStoreBuilder (DBStoreBuilder.java:getDBDirPath(157)) - ozone.scm.datanode.id.dir is not configured. We recommend adding this setting. Falling back to ozone.metadata.dirs instead.
2025-10-16 19:47:22,682 [ForkJoinPool-1-worker-1] INFO  impl.FilePerChunkStrategy (FilePerChunkStrategy.java:<init>(79)) - ozone.chunk.read.mapped.buffer.max.count is load with 0
2025-10-16 19:47:22,685 [ForkJoinPool-1-worker-1] INFO  impl.FilePerBlockStrategy (FilePerBlockStrategy.java:<init>(88)) - ozone.chunk.read.mapped.buffer.max.count is load with 0
2025-10-16 19:47:22,719 [ForkJoinPool-1-worker-1] INFO  audit.AuditLogger (AuditLogger.java:refreshDebugCmdSet(133)) - Refresh DebugCmdSet for DNAudit to [].
2025-10-16 19:47:22,737 [ForkJoinPool-1-worker-1] INFO  server.RaftServerConfigKeys (ConfUtils.java:logGet(62)) - raft.server.log.appender.buffer.byte-limit = 33554432 (custom)
2025-10-16 19:47:22,747 [ForkJoinPool-1-worker-1] INFO  grpc.GrpcConfigKeys (ConfUtils.java:logFallback(69)) - raft.grpc.admin.host = null (fallback to raft.grpc.server.host)
2025-10-16 19:47:22,747 [ForkJoinPool-1-worker-1] INFO  grpc.GrpcConfigKeys (ConfUtils.java:logGet(62)) - raft.grpc.admin.port = 15014 (custom)
2025-10-16 19:47:22,748 [ForkJoinPool-1-worker-1] INFO  grpc.GrpcConfigKeys (ConfUtils.java:logFallback(69)) - raft.grpc.client.host = null (fallback to raft.grpc.server.host)
2025-10-16 19:47:22,748 [ForkJoinPool-1-worker-1] INFO  grpc.GrpcConfigKeys (ConfUtils.java:logGet(62)) - raft.grpc.client.port = 15013 (custom)
2025-10-16 19:47:22,748 [ForkJoinPool-1-worker-1] INFO  grpc.GrpcConfigKeys (ConfUtils.java:logGet(62)) - raft.grpc.server.port = 15015 (custom)
2025-10-16 19:47:22,748 [ForkJoinPool-1-worker-1] INFO  server.GrpcServicesImpl (ConfUtils.java:logGet(62)) - raft.grpc.message.size.max = 34603008 (custom)
2025-10-16 19:47:22,748 [ForkJoinPool-1-worker-1] INFO  server.GrpcServicesImpl (ConfUtils.java:logGet(62)) - raft.grpc.flow.control.window = 5MB (=5242880) (custom)
2025-10-16 19:47:22,748 [ForkJoinPool-1-worker-1] INFO  server.RaftServerConfigKeys (ConfUtils.java:logGet(62)) - raft.server.rpc.request.timeout = 60s (custom)
2025-10-16 19:47:22,748 [ForkJoinPool-1-worker-1] INFO  server.RaftServerConfigKeys (ConfUtils.java:logGet(62)) - raft.server.log.appender.buffer.byte-limit = 33554432 (custom)
2025-10-16 19:47:22,750 [ForkJoinPool-1-worker-1] INFO  impl.DataStreamServerImpl (ConfUtils.java:logGet(62)) - raft.datastream.type = NETTY (custom)
2025-10-16 19:47:22,760 [ForkJoinPool-1-worker-1] INFO  server.RaftServerConfigKeys (ConfUtils.java:logGet(62)) - raft.server.data-stream.async.request.thread.pool.cached = false (default)
2025-10-16 19:47:22,760 [ForkJoinPool-1-worker-1] INFO  server.RaftServerConfigKeys (ConfUtils.java:logGet(62)) - raft.server.data-stream.async.request.thread.pool.size = 20 (custom)
2025-10-16 19:47:22,761 [ForkJoinPool-1-worker-1] INFO  server.RaftServerConfigKeys (ConfUtils.java:logGet(62)) - raft.server.data-stream.async.write.thread.pool.size = 16 (default)
2025-10-16 19:47:22,762 [ForkJoinPool-1-worker-1] INFO  netty.NettyConfigKeys$DataStream (ConfUtils.java:logGet(62)) - raft.netty.dataStream.server.channel.inactive.grace-period = 10min (default)
2025-10-16 19:47:22,763 [ForkJoinPool-1-worker-1] INFO  server.RaftServerConfigKeys (ConfUtils.java:logGet(62)) - raft.server.data-stream.client.pool.size = 10 (default)
2025-10-16 19:47:22,764 [ForkJoinPool-1-worker-1] INFO  netty.NettyConfigKeys$DataStream (ConfUtils.java:logGet(62)) - raft.netty.dataStream.server.use-epoll = true (default)
2025-10-16 19:47:22,765 [ForkJoinPool-1-worker-1] INFO  netty.NettyConfigKeys$DataStream (ConfUtils.java:logGet(62)) - raft.netty.dataStream.server.boss-group.size = 0 (default)
2025-10-16 19:47:22,765 [ForkJoinPool-1-worker-1] INFO  netty.NettyUtils (NettyUtils.java:newEventLoopGroup(74)) - Create EpollEventLoopGroup for f700af26-0e26-4136-9205-9509c82c8c70-NettyServerStreamRpc-bossGroup; Thread size is 0.
2025-10-16 19:47:22,766 [ForkJoinPool-1-worker-1] INFO  netty.NettyConfigKeys$DataStream (ConfUtils.java:logGet(62)) - raft.netty.dataStream.server.worker-group.size = 0 (default)
2025-10-16 19:47:22,766 [ForkJoinPool-1-worker-1] INFO  netty.NettyUtils (NettyUtils.java:newEventLoopGroup(74)) - Create EpollEventLoopGroup for f700af26-0e26-4136-9205-9509c82c8c70-NettyServerStreamRpc-workerGroup; Thread size is 0.
2025-10-16 19:47:22,768 [ForkJoinPool-1-worker-1] INFO  netty.NettyConfigKeys$DataStream (ConfUtils.java:logGet(62)) - raft.netty.dataStream.port = 15016 (custom)
2025-10-16 19:47:22,772 [ForkJoinPool-1-worker-1] INFO  server.RaftServerConfigKeys (ConfUtils.java:logGet(62)) - raft.server.storage.dir = [/home/runner/work/ozone/ozone/hadoop-ozone/integration-test/target/test-dir/MiniOzoneClusterImpl-e7911277-7775-4457-96c8-94071a26a1ce/ozone-metadata/datanode-1/ratis] (custom)
2025-10-16 19:47:22,773 [f700af26-0e26-4136-9205-9509c82c8c70-impl-thread1] INFO  server.RaftServer (RaftServerProxy.java:initGroupDir(270)) - f700af26-0e26-4136-9205-9509c82c8c70: found a subdirectory /home/runner/work/ozone/ozone/hadoop-ozone/integration-test/target/test-dir/MiniOzoneClusterImpl-e7911277-7775-4457-96c8-94071a26a1ce/ozone-metadata/datanode-1/ratis/tmp
2025-10-16 19:47:22,773 [f700af26-0e26-4136-9205-9509c82c8c70-impl-thread1] INFO  server.RaftServer (RaftServerProxy.java:initGroupDir(275)) - f700af26-0e26-4136-9205-9509c82c8c70: The directory /home/runner/work/ozone/ozone/hadoop-ozone/integration-test/target/test-dir/MiniOzoneClusterImpl-e7911277-7775-4457-96c8-94071a26a1ce/ozone-metadata/datanode-1/ratis/tmp is not a group directory; ignoring it. 
2025-10-16 19:47:22,775 [ForkJoinPool-1-worker-1] INFO  replication.ReplicationServer (ReplicationServer.java:<init>(84)) - Initializing replication server with thread count = 10 queue length = 4096
2025-10-16 19:47:22,784 [f700af26-0e26-4136-9205-9509c82c8c70-NettyServerStreamRpc-bossGroup--thread1] INFO  logging.LoggingHandler (AbstractInternalLogger.java:log(148)) - [id: 0x562b36cb] REGISTERED
2025-10-16 19:47:22,786 [f700af26-0e26-4136-9205-9509c82c8c70-NettyServerStreamRpc-bossGroup--thread1] INFO  logging.LoggingHandler (AbstractInternalLogger.java:log(148)) - [id: 0x562b36cb] BIND: 0.0.0.0/0.0.0.0:15016
2025-10-16 19:47:22,786 [f700af26-0e26-4136-9205-9509c82c8c70-NettyServerStreamRpc-bossGroup--thread1] INFO  logging.LoggingHandler (AbstractInternalLogger.java:log(148)) - [id: 0x562b36cb, L:/0.0.0.0:15016] ACTIVE
2025-10-16 19:47:22,796 [ForkJoinPool-1-worker-1] INFO  server.XceiverServerGrpc (XceiverServerGrpc.java:<init>(129)) - GrpcServer channel type EpollServerSocketChannel
2025-10-16 19:47:22,825 [ForkJoinPool-1-worker-1] INFO  lib.Interns (Interns.java:removeEldestEntry(50)) - Metrics intern cache overflow at 2011 for MetricsSystem={MetricsSystem=MetricsInfoImpl{name=MetricsSystem, description=MetricsSystem}, MetricsSystem record=MetricsInfoImpl{name=MetricsSystem, description=MetricsSystem record}}
2025-10-16 19:47:22,831 [ForkJoinPool-1-worker-1] INFO  replication.ReplicationSupervisor (ReplicationSupervisor.java:build(169)) - Initializing replication supervisor with thread count = 10
2025-10-16 19:47:22,832 [ForkJoinPool-1-worker-1] INFO  replication.ReplicationSupervisor (ReplicationSupervisor.java:nodeStateUpdated(358)) - Node state updated to IN_SERVICE, scaling executor pool size to 10
2025-10-16 19:47:22,879 [ForkJoinPool-1-worker-1] INFO  http.BaseHttpServer (BaseHttpServer.java:newHttpServer2BuilderForOzone(227)) - Starting Web-server for hddsDatanode at: http://0.0.0.0:15010
2025-10-16 19:47:22,879 [ForkJoinPool-1-worker-1] INFO  http.BaseHttpServer (BaseHttpServer.java:<init>(105)) - Hadoop Security Enabled: false Ozone Security Enabled: false Ozone HTTP Security Enabled: false 
2025-10-16 19:47:22,881 [ForkJoinPool-1-worker-1] WARN  server.AuthenticationFilter (AuthenticationFilter.java:constructSecretProvider(240)) - Unable to initialize FileSignerSecretProvider, falling back to use random secrets. Reason: Could not read signature secret file: /home/runner/hadoop-http-auth-signature-secret
2025-10-16 19:47:22,884 [ForkJoinPool-1-worker-1] INFO  http.HttpServer2 (HttpServer2.java:addGlobalFilter(1040)) - Added global filter 'safety' (class=org.apache.hadoop.hdds.server.http.HttpServer2$QuotingInputFilter)
2025-10-16 19:47:22,886 [ForkJoinPool-1-worker-1] INFO  http.HttpServer2 (HttpServer2.java:addFilter(1016)) - Added filter static_user_filter (class=org.apache.hadoop.http.lib.StaticUserWebFilter$StaticUserFilter) to context hddsDatanode
2025-10-16 19:47:22,886 [ForkJoinPool-1-worker-1] INFO  http.HttpServer2 (HttpServer2.java:addFilter(1024)) - Added filter static_user_filter (class=org.apache.hadoop.http.lib.StaticUserWebFilter$StaticUserFilter) to context logs
2025-10-16 19:47:22,886 [ForkJoinPool-1-worker-1] INFO  http.HttpServer2 (HttpServer2.java:addFilter(1024)) - Added filter static_user_filter (class=org.apache.hadoop.http.lib.StaticUserWebFilter$StaticUserFilter) to context static
2025-10-16 19:47:22,887 [ForkJoinPool-1-worker-1] INFO  http.BaseHttpServer (BaseHttpServer.java:<init>(193)) - HTTP server of hddsDatanode uses base directory /home/runner/work/ozone/ozone/hadoop-ozone/integration-test/target/test-dir/MiniOzoneClusterImpl-e7911277-7775-4457-96c8-94071a26a1ce/scm/ozone-metadata/webserver
2025-10-16 19:47:22,887 [ForkJoinPool-1-worker-1] INFO  http.HttpServer2 (HttpServer2.java:bindListener(1240)) - Jetty bound to port 15010
2025-10-16 19:47:22,887 [ForkJoinPool-1-worker-1] INFO  server.Server (Server.java:doStart(375)) - jetty-9.4.58.v20250814; built: 2025-08-14T02:28:49.637Z; git: 8f1440587e9e4ae7db3d74cf205643f3d707148d; jvm 21.0.8+9-LTS
2025-10-16 19:47:22,889 [ForkJoinPool-1-worker-1] INFO  server.session (DefaultSessionIdManager.java:doStart(334)) - DefaultSessionIdManager workerName=node0
2025-10-16 19:47:22,889 [ForkJoinPool-1-worker-1] INFO  server.session (DefaultSessionIdManager.java:doStart(339)) - No SessionScavenger set, using defaults
2025-10-16 19:47:22,889 [ForkJoinPool-1-worker-1] INFO  server.session (HouseKeeper.java:startScavenging(132)) - node0 Scavenging every 600000ms
2025-10-16 19:47:22,890 [ForkJoinPool-1-worker-1] INFO  handler.ContextHandler (ContextHandler.java:doStart(921)) - Started o.e.j.s.ServletContextHandler@61a73f1e{logs,/logs,file:///home/runner/work/ozone/ozone/hadoop-ozone/integration-test/target/log,AVAILABLE}
2025-10-16 19:47:22,890 [ForkJoinPool-1-worker-1] INFO  handler.ContextHandler (ContextHandler.java:doStart(921)) - Started o.e.j.s.ServletContextHandler@146023ac{static,/static,jar:file:/home/runner/work/ozone/ozone/hadoop-hdds/container-service/target/hdds-container-service-2.1.0-SNAPSHOT.jar!/webapps/static,AVAILABLE}
2025-10-16 19:47:23,066 [ForkJoinPool-1-worker-1] INFO  handler.ContextHandler (ContextHandler.java:doStart(921)) - Started o.e.j.w.WebAppContext@25a4227a{hddsDatanode,/,file:///home/runner/work/ozone/ozone/hadoop-ozone/integration-test/target/test-dir/MiniOzoneClusterImpl-e7911277-7775-4457-96c8-94071a26a1ce/scm/ozone-metadata/webserver/jetty-0_0_0_0-15010-hdds-container-service-2_1_0-SNAPSHOT_jar-_-any-15940865263829525068/webapp/,AVAILABLE}{jar:file:/home/runner/work/ozone/ozone/hadoop-hdds/container-service/target/hdds-container-service-2.1.0-SNAPSHOT.jar!/webapps/hddsDatanode}
2025-10-16 19:47:23,067 [ForkJoinPool-1-worker-1] INFO  server.AbstractConnector (AbstractConnector.java:doStart(333)) - Started ServerConnector@599d2c12{HTTP/1.1, (http/1.1)}{0.0.0.0:15010}
2025-10-16 19:47:23,067 [ForkJoinPool-1-worker-1] INFO  server.Server (Server.java:doStart(415)) - Started @10920ms
2025-10-16 19:47:23,067 [ForkJoinPool-1-worker-1] WARN  impl.MetricsSystemImpl (MetricsSystemImpl.java:register(279)) - Sink prometheus already exists!
2025-10-16 19:47:23,067 [ForkJoinPool-1-worker-1] INFO  http.BaseHttpServer (BaseHttpServer.java:updateConnectorAddress(357)) - HTTP server of hddsDatanode listening at http://localhost:15010
2025-10-16 19:47:23,071 [ForkJoinPool-1-worker-1] INFO  ipc.CallQueueManager (CallQueueManager.java:<init>(93)) - Using callQueue: class java.util.concurrent.LinkedBlockingQueue, queueCapacity: 1000, scheduler: class org.apache.hadoop.ipc.DefaultRpcScheduler, ipcBackoff: false, ipcFailOver: false.
2025-10-16 19:47:23,071 [ForkJoinPool-1-worker-1] INFO  ipc.Server (Server.java:<init>(1438)) - Listener at 0.0.0.0:15011
2025-10-16 19:47:23,072 [Socket Reader #1 for port 15011] INFO  ipc.Server (Server.java:run(1474)) - Starting Socket Reader #1 for port 15011
2025-10-16 19:47:23,072 [Socket Reader #2 for port 15011] INFO  ipc.Server (Server.java:run(1474)) - Starting Socket Reader #2 for port 15011
2025-10-16 19:47:23,072 [Socket Reader #3 for port 15011] INFO  ipc.Server (Server.java:run(1474)) - Starting Socket Reader #3 for port 15011
2025-10-16 19:47:23,073 [Socket Reader #4 for port 15011] INFO  ipc.Server (Server.java:run(1474)) - Starting Socket Reader #4 for port 15011
2025-10-16 19:47:23,074 [Socket Reader #5 for port 15011] INFO  ipc.Server (Server.java:run(1474)) - Starting Socket Reader #5 for port 15011
2025-10-16 19:47:23,074 [Socket Reader #6 for port 15011] INFO  ipc.Server (Server.java:run(1474)) - Starting Socket Reader #6 for port 15011
2025-10-16 19:47:23,074 [Socket Reader #7 for port 15011] INFO  ipc.Server (Server.java:run(1474)) - Starting Socket Reader #7 for port 15011
2025-10-16 19:47:23,075 [Socket Reader #8 for port 15011] INFO  ipc.Server (Server.java:run(1474)) - Starting Socket Reader #8 for port 15011
2025-10-16 19:47:23,075 [Socket Reader #9 for port 15011] INFO  ipc.Server (Server.java:run(1474)) - Starting Socket Reader #9 for port 15011
2025-10-16 19:47:23,075 [Socket Reader #10 for port 15011] INFO  ipc.Server (Server.java:run(1474)) - Starting Socket Reader #10 for port 15011
2025-10-16 19:47:23,078 [ForkJoinPool-1-worker-1] INFO  ozone.HddsDatanodeService (HddsDatanodeService.java:start(333)) - Datanode start with admins: [admin, runner]
2025-10-16 19:47:23,078 [ForkJoinPool-1-worker-1] INFO  ozone.HddsDatanodeClientProtocolServer (HddsDatanodeClientProtocolServer.java:start(76)) - RPC server for Client /0.0.0.0:15011
2025-10-16 19:47:23,078 [IPC Server Responder] INFO  ipc.Server (Server.java:run(1713)) - IPC Server Responder: starting
2025-10-16 19:47:23,079 [IPC Server listener on 15011] INFO  ipc.Server (Server.java:run(1553)) - IPC Server listener on 15011: starting
2025-10-16 19:47:23,082 [ForkJoinPool-1-worker-1] WARN  dropwizard3.Dm3MetricRegistriesImpl (Dm3MetricRegistriesImpl.java:addReporterRegistration(114)) - New reporters are added after registries were created. Some metrics will be missing from the reporter. Please add reporter before adding any new registry.
2025-10-16 19:47:23,082 [ForkJoinPool-1-worker-1] WARN  dropwizard3.Dm3MetricRegistriesImpl (Dm3MetricRegistriesImpl.java:addReporterRegistration(114)) - New reporters are added after registries were created. Some metrics will be missing from the reporter. Please add reporter before adding any new registry.
2025-10-16 19:47:23,086 [f700af26-0e26-4136-9205-9509c82c8c70-DatanodeStateMachineDaemonThread] INFO  statemachine.DatanodeStateMachine (DatanodeStateMachine.java:startStateMachineThread(363)) - Ozone container server started.
2025-10-16 19:47:23,099 [ForkJoinPool-1-worker-1] INFO  protocol.DatanodeDetails (DatanodeDetails.java:validateDatanodeIpAddress(199)) - Updating IP address of datanode 8a3c3252-9afe-4d3a-8492-25be6557678a(localhost/null) to 127.0.0.1
2025-10-16 19:47:23,100 [ForkJoinPool-1-worker-1] INFO  ozone.HddsDatanodeService (HddsDatanodeService.java:start(236)) - HddsDatanodeService 8a3c3252-9afe-4d3a-8492-25be6557678a(localhost/127.0.0.1)
2025-10-16 19:47:23,102 [ForkJoinPool-1-worker-1] INFO  upgrade.AbstractLayoutVersionManager (AbstractLayoutVersionManager.java:init(80)) - Initializing Layout version manager with metadata layout = WITNESSED_CONTAINER_DB_PROTO_VALUE (version = 9), software layout = WITNESSED_CONTAINER_DB_PROTO_VALUE (version = 9)
2025-10-16 19:47:23,103 [ForkJoinPool-1-worker-1] INFO  statemachine.DatanodeStateMachine (DatanodeStateMachine.java:getEndPointTaskThreadPoolSize(321)) - Datanode State Machine Task Thread Pool size 2
2025-10-16 19:47:23,109 [ForkJoinPool-1-worker-1] INFO  volume.HddsVolume (HddsVolume.java:<init>(162)) - HddsVolume: { id=DS-f6129b71-532a-4d2a-bd2e-8114e17e4acc dir=/home/runner/work/ozone/ozone/hadoop-ozone/integration-test/target/test-dir/MiniOzoneClusterImpl-e7911277-7775-4457-96c8-94071a26a1ce/ozone-metadata/datanode-2/data-0/hdds type=DISK capacity=9222449699674390527 used=0 available=9222449699674390527 minFree=184448985434423296 committed=0 }
2025-10-16 19:47:23,109 [ForkJoinPool-1-worker-1] INFO  volume.MutableVolumeSet (MutableVolumeSet.java:initializeVolumeSet(175)) - Added Volume : /home/runner/work/ozone/ozone/hadoop-ozone/integration-test/target/test-dir/MiniOzoneClusterImpl-e7911277-7775-4457-96c8-94071a26a1ce/ozone-metadata/datanode-2/data-0/hdds to VolumeSet
2025-10-16 19:47:23,111 [ForkJoinPool-1-worker-1] INFO  volume.MutableVolumeSet (MutableVolumeSet.java:initializeVolumeSet(175)) - Added Volume : /home/runner/work/ozone/ozone/hadoop-ozone/integration-test/target/test-dir/MiniOzoneClusterImpl-e7911277-7775-4457-96c8-94071a26a1ce/ozone-metadata/datanode-2/ratis to VolumeSet
2025-10-16 19:47:23,113 [ForkJoinPool-1-worker-1] INFO  ozoneimpl.OzoneContainer (HddsVolumeUtil.java:loadAllHddsVolumeDbStore(102)) - Load 1 volumes DbStore cost: 1ms
2025-10-16 19:47:23,113 [ForkJoinPool-1-worker-1] WARN  db.DBStoreBuilder (DBStoreBuilder.java:getDBDirPath(157)) - ozone.scm.datanode.id.dir is not configured. We recommend adding this setting. Falling back to ozone.metadata.dirs instead.
2025-10-16 19:47:23,115 [ForkJoinPool-1-worker-1] WARN  db.DBStoreBuilder (DBStoreBuilder.java:getDBDirPath(157)) - ozone.scm.datanode.id.dir is not configured. We recommend adding this setting. Falling back to ozone.metadata.dirs instead.
2025-10-16 19:47:23,129 [ForkJoinPool-1-worker-1] INFO  impl.FilePerChunkStrategy (FilePerChunkStrategy.java:<init>(79)) - ozone.chunk.read.mapped.buffer.max.count is load with 0
2025-10-16 19:47:23,130 [ForkJoinPool-1-worker-1] INFO  impl.FilePerBlockStrategy (FilePerBlockStrategy.java:<init>(88)) - ozone.chunk.read.mapped.buffer.max.count is load with 0
2025-10-16 19:47:23,131 [ForkJoinPool-1-worker-1] INFO  server.RaftServerConfigKeys (ConfUtils.java:logGet(62)) - raft.server.log.appender.buffer.byte-limit = 33554432 (custom)
2025-10-16 19:47:23,133 [ForkJoinPool-1-worker-1] INFO  grpc.GrpcConfigKeys (ConfUtils.java:logFallback(69)) - raft.grpc.admin.host = null (fallback to raft.grpc.server.host)
2025-10-16 19:47:23,134 [ForkJoinPool-1-worker-1] INFO  grpc.GrpcConfigKeys (ConfUtils.java:logGet(62)) - raft.grpc.admin.port = 15022 (custom)
2025-10-16 19:47:23,134 [ForkJoinPool-1-worker-1] INFO  grpc.GrpcConfigKeys (ConfUtils.java:logFallback(69)) - raft.grpc.client.host = null (fallback to raft.grpc.server.host)
2025-10-16 19:47:23,134 [ForkJoinPool-1-worker-1] INFO  grpc.GrpcConfigKeys (ConfUtils.java:logGet(62)) - raft.grpc.client.port = 15021 (custom)
2025-10-16 19:47:23,134 [ForkJoinPool-1-worker-1] INFO  grpc.GrpcConfigKeys (ConfUtils.java:logGet(62)) - raft.grpc.server.port = 15023 (custom)
2025-10-16 19:47:23,134 [ForkJoinPool-1-worker-1] INFO  server.GrpcServicesImpl (ConfUtils.java:logGet(62)) - raft.grpc.message.size.max = 34603008 (custom)
2025-10-16 19:47:23,134 [ForkJoinPool-1-worker-1] INFO  server.GrpcServicesImpl (ConfUtils.java:logGet(62)) - raft.grpc.flow.control.window = 5MB (=5242880) (custom)
2025-10-16 19:47:23,134 [ForkJoinPool-1-worker-1] INFO  server.RaftServerConfigKeys (ConfUtils.java:logGet(62)) - raft.server.log.appender.buffer.byte-limit = 33554432 (custom)
2025-10-16 19:47:23,136 [ForkJoinPool-1-worker-1] INFO  netty.NettyUtils (NettyUtils.java:newEventLoopGroup(74)) - Create EpollEventLoopGroup for 8a3c3252-9afe-4d3a-8492-25be6557678a-NettyServerStreamRpc-bossGroup; Thread size is 0.
2025-10-16 19:47:23,137 [ForkJoinPool-1-worker-1] INFO  netty.NettyUtils (NettyUtils.java:newEventLoopGroup(74)) - Create EpollEventLoopGroup for 8a3c3252-9afe-4d3a-8492-25be6557678a-NettyServerStreamRpc-workerGroup; Thread size is 0.
2025-10-16 19:47:23,138 [ForkJoinPool-1-worker-1] INFO  netty.NettyConfigKeys$DataStream (ConfUtils.java:logGet(62)) - raft.netty.dataStream.port = 15024 (custom)
2025-10-16 19:47:23,138 [ForkJoinPool-1-worker-1] INFO  server.RaftServerConfigKeys (ConfUtils.java:logGet(62)) - raft.server.storage.dir = [/home/runner/work/ozone/ozone/hadoop-ozone/integration-test/target/test-dir/MiniOzoneClusterImpl-e7911277-7775-4457-96c8-94071a26a1ce/ozone-metadata/datanode-2/ratis] (custom)
2025-10-16 19:47:23,139 [8a3c3252-9afe-4d3a-8492-25be6557678a-impl-thread1] INFO  server.RaftServer (RaftServerProxy.java:initGroupDir(270)) - 8a3c3252-9afe-4d3a-8492-25be6557678a: found a subdirectory /home/runner/work/ozone/ozone/hadoop-ozone/integration-test/target/test-dir/MiniOzoneClusterImpl-e7911277-7775-4457-96c8-94071a26a1ce/ozone-metadata/datanode-2/ratis/tmp
2025-10-16 19:47:23,139 [8a3c3252-9afe-4d3a-8492-25be6557678a-NettyServerStreamRpc-bossGroup--thread1] INFO  logging.LoggingHandler (AbstractInternalLogger.java:log(148)) - [id: 0x893a8b48] REGISTERED
2025-10-16 19:47:23,139 [8a3c3252-9afe-4d3a-8492-25be6557678a-impl-thread1] INFO  server.RaftServer (RaftServerProxy.java:initGroupDir(275)) - 8a3c3252-9afe-4d3a-8492-25be6557678a: The directory /home/runner/work/ozone/ozone/hadoop-ozone/integration-test/target/test-dir/MiniOzoneClusterImpl-e7911277-7775-4457-96c8-94071a26a1ce/ozone-metadata/datanode-2/ratis/tmp is not a group directory; ignoring it. 
2025-10-16 19:47:23,139 [8a3c3252-9afe-4d3a-8492-25be6557678a-NettyServerStreamRpc-bossGroup--thread1] INFO  logging.LoggingHandler (AbstractInternalLogger.java:log(148)) - [id: 0x893a8b48] BIND: 0.0.0.0/0.0.0.0:15024
2025-10-16 19:47:23,139 [8a3c3252-9afe-4d3a-8492-25be6557678a-NettyServerStreamRpc-bossGroup--thread1] INFO  logging.LoggingHandler (AbstractInternalLogger.java:log(148)) - [id: 0x893a8b48, L:/0.0.0.0:15024] ACTIVE
2025-10-16 19:47:23,140 [ForkJoinPool-1-worker-1] INFO  replication.ReplicationServer (ReplicationServer.java:<init>(84)) - Initializing replication server with thread count = 10 queue length = 4096
2025-10-16 19:47:23,141 [ForkJoinPool-1-worker-1] INFO  server.XceiverServerGrpc (XceiverServerGrpc.java:<init>(129)) - GrpcServer channel type EpollServerSocketChannel
2025-10-16 19:47:23,143 [ForkJoinPool-1-worker-1] INFO  replication.ReplicationSupervisor (ReplicationSupervisor.java:build(169)) - Initializing replication supervisor with thread count = 10
2025-10-16 19:47:23,143 [ForkJoinPool-1-worker-1] INFO  replication.ReplicationSupervisor (ReplicationSupervisor.java:nodeStateUpdated(358)) - Node state updated to IN_SERVICE, scaling executor pool size to 10
2025-10-16 19:47:23,144 [f700af26-0e26-4136-9205-9509c82c8c70-DatanodeStateMachineTaskThread-0] INFO  datanode.InitDatanodeState (InitDatanodeState.java:persistContainerDatanodeDetails(139)) - DatanodeDetails is persisted to /home/runner/work/ozone/ozone/hadoop-ozone/integration-test/target/test-dir/MiniOzoneClusterImpl-e7911277-7775-4457-96c8-94071a26a1ce/ozone-metadata/datanode-1/ozone-metadata/datanode.id
2025-10-16 19:47:23,147 [ForkJoinPool-1-worker-1] INFO  http.BaseHttpServer (BaseHttpServer.java:newHttpServer2BuilderForOzone(227)) - Starting Web-server for hddsDatanode at: http://0.0.0.0:15018
2025-10-16 19:47:23,147 [ForkJoinPool-1-worker-1] INFO  http.BaseHttpServer (BaseHttpServer.java:<init>(105)) - Hadoop Security Enabled: false Ozone Security Enabled: false Ozone HTTP Security Enabled: false 
2025-10-16 19:47:23,148 [ForkJoinPool-1-worker-1] WARN  server.AuthenticationFilter (AuthenticationFilter.java:constructSecretProvider(240)) - Unable to initialize FileSignerSecretProvider, falling back to use random secrets. Reason: Could not read signature secret file: /home/runner/hadoop-http-auth-signature-secret
2025-10-16 19:47:23,151 [ForkJoinPool-1-worker-1] INFO  http.HttpServer2 (HttpServer2.java:addGlobalFilter(1040)) - Added global filter 'safety' (class=org.apache.hadoop.hdds.server.http.HttpServer2$QuotingInputFilter)
2025-10-16 19:47:23,153 [ForkJoinPool-1-worker-1] INFO  http.HttpServer2 (HttpServer2.java:addFilter(1016)) - Added filter static_user_filter (class=org.apache.hadoop.http.lib.StaticUserWebFilter$StaticUserFilter) to context hddsDatanode
2025-10-16 19:47:23,153 [ForkJoinPool-1-worker-1] INFO  http.HttpServer2 (HttpServer2.java:addFilter(1024)) - Added filter static_user_filter (class=org.apache.hadoop.http.lib.StaticUserWebFilter$StaticUserFilter) to context logs
2025-10-16 19:47:23,153 [ForkJoinPool-1-worker-1] INFO  http.HttpServer2 (HttpServer2.java:addFilter(1024)) - Added filter static_user_filter (class=org.apache.hadoop.http.lib.StaticUserWebFilter$StaticUserFilter) to context static
2025-10-16 19:47:23,154 [ForkJoinPool-1-worker-1] INFO  http.BaseHttpServer (BaseHttpServer.java:<init>(193)) - HTTP server of hddsDatanode uses base directory /home/runner/work/ozone/ozone/hadoop-ozone/integration-test/target/test-dir/MiniOzoneClusterImpl-e7911277-7775-4457-96c8-94071a26a1ce/scm/ozone-metadata/webserver
2025-10-16 19:47:23,154 [ForkJoinPool-1-worker-1] INFO  http.HttpServer2 (HttpServer2.java:bindListener(1240)) - Jetty bound to port 15018
2025-10-16 19:47:23,154 [ForkJoinPool-1-worker-1] INFO  server.Server (Server.java:doStart(375)) - jetty-9.4.58.v20250814; built: 2025-08-14T02:28:49.637Z; git: 8f1440587e9e4ae7db3d74cf205643f3d707148d; jvm 21.0.8+9-LTS
2025-10-16 19:47:23,156 [ForkJoinPool-1-worker-1] INFO  server.session (DefaultSessionIdManager.java:doStart(334)) - DefaultSessionIdManager workerName=node0
2025-10-16 19:47:23,156 [ForkJoinPool-1-worker-1] INFO  server.session (DefaultSessionIdManager.java:doStart(339)) - No SessionScavenger set, using defaults
2025-10-16 19:47:23,156 [ForkJoinPool-1-worker-1] INFO  server.session (HouseKeeper.java:startScavenging(132)) - node0 Scavenging every 660000ms
2025-10-16 19:47:23,157 [ForkJoinPool-1-worker-1] INFO  handler.ContextHandler (ContextHandler.java:doStart(921)) - Started o.e.j.s.ServletContextHandler@37b0d6b5{logs,/logs,file:///home/runner/work/ozone/ozone/hadoop-ozone/integration-test/target/log,AVAILABLE}
2025-10-16 19:47:23,157 [ForkJoinPool-1-worker-1] INFO  handler.ContextHandler (ContextHandler.java:doStart(921)) - Started o.e.j.s.ServletContextHandler@51c50d69{static,/static,jar:file:/home/runner/work/ozone/ozone/hadoop-hdds/container-service/target/hdds-container-service-2.1.0-SNAPSHOT.jar!/webapps/static,AVAILABLE}
2025-10-16 19:47:23,226 [om1@group-C5BA1605619E-FollowerState] INFO  impl.FollowerState (FollowerState.java:runImpl(161)) - om1@group-C5BA1605619E-FollowerState: change to CANDIDATE, lastRpcElapsedTime:1027847468ns, electionTimeout:1027ms
2025-10-16 19:47:23,226 [om1@group-C5BA1605619E-FollowerState] INFO  impl.RoleInfo (RoleInfo.java:shutdownFollowerState(121)) - om1: shutdown om1@group-C5BA1605619E-FollowerState
2025-10-16 19:47:23,226 [om1@group-C5BA1605619E-FollowerState] INFO  server.RaftServer$Division (RaftServerImpl.java:setRole(392)) - om1@group-C5BA1605619E: changes role from  FOLLOWER to CANDIDATE at term 0 for changeToCandidate
2025-10-16 19:47:23,227 [om1@group-C5BA1605619E-FollowerState] INFO  impl.RoleInfo (RoleInfo.java:updateAndGet(148)) - om1: start om1@group-C5BA1605619E-LeaderElection3
2025-10-16 19:47:23,227 [om1@group-C5BA1605619E-LeaderElection3] INFO  impl.LeaderElection (LeaderElection.java:askForVotes(448)) - om1@group-C5BA1605619E-LeaderElection3 PRE_VOTE round 0: submit vote requests at term 0 for conf: {index: -1, cur=peers:[om1|localhost:15009]|listeners:[], old=null}
2025-10-16 19:47:23,227 [om1@group-C5BA1605619E-LeaderElection3] INFO  impl.LeaderElection (LeaderElection.java:askForVotes(450)) - om1@group-C5BA1605619E-LeaderElection3 PRE_VOTE round 0: result PASSED (term=0)
2025-10-16 19:47:23,229 [om1@group-C5BA1605619E-LeaderElection3] INFO  impl.LeaderElection (LeaderElection.java:askForVotes(448)) - om1@group-C5BA1605619E-LeaderElection3 ELECTION round 0: submit vote requests at term 1 for conf: {index: -1, cur=peers:[om1|localhost:15009]|listeners:[], old=null}
2025-10-16 19:47:23,229 [om1@group-C5BA1605619E-LeaderElection3] INFO  impl.LeaderElection (LeaderElection.java:askForVotes(450)) - om1@group-C5BA1605619E-LeaderElection3 ELECTION round 0: result PASSED (term=1)
2025-10-16 19:47:23,229 [om1@group-C5BA1605619E-LeaderElection3] INFO  impl.RoleInfo (RoleInfo.java:shutdownLeaderElection(141)) - om1: shutdown om1@group-C5BA1605619E-LeaderElection3
2025-10-16 19:47:23,229 [om1@group-C5BA1605619E-LeaderElection3] INFO  server.RaftServer$Division (RaftServerImpl.java:setRole(392)) - om1@group-C5BA1605619E: changes role from CANDIDATE to LEADER at term 1 for changeToLeader
2025-10-16 19:47:23,229 [om1@group-C5BA1605619E-LeaderElection3] INFO  server.RaftServerConfigKeys (ConfUtils.java:logFallback(69)) - raft.server.staging.timeout = 3600ms (fallback to raft.server.rpc.timeout.max)
2025-10-16 19:47:23,230 [om1@group-C5BA1605619E-LeaderElection3] INFO  server.RaftServerConfigKeys (ConfUtils.java:logGet(62)) - raft.server.write.byte-limit = 67108864 (custom)
2025-10-16 19:47:23,231 [om1@group-C5BA1605619E-LeaderElection3] INFO  impl.RoleInfo (RoleInfo.java:updateAndGet(148)) - om1: start om1@group-C5BA1605619E-LeaderStateImpl
2025-10-16 19:47:23,231 [om1@group-C5BA1605619E-LeaderElection3] INFO  server.RaftServer$Division (RaftServerImpl.java:setFirstElection(576)) - om1@group-C5BA1605619E: set firstElectionSinceStartup to false for becomeLeader
2025-10-16 19:47:23,233 [Warm Up EDEK Cache Thread #0] INFO  om.OzoneManager (OzoneManager.java:run(771)) - Warming up 0 EDEKs... (initialDelay=3000, retryInterval=1000, maxRetries=10)
2025-10-16 19:47:23,235 | INFO  | OMSystemAudit | user=null | ip= | op=LEADER_CHANGE {"previousLeader":"NONE","newLeader":"om1"} | ret=SUCCESS |  
2025-10-16 19:47:23,238 [om1@group-C5BA1605619E-LeaderElection3] INFO  ratis.OzoneManagerStateMachine (OzoneManagerStateMachine.java:notifyLeaderChanged(195)) - om1@group-C5BA1605619E: leader changed to om1
2025-10-16 19:47:23,238 [om1@group-C5BA1605619E-LeaderElection3] INFO  server.RaftServer$Division (ServerState.java:setLeader(272)) - om1@group-C5BA1605619E: change Leader from null to om1 at term 1 for becomeLeader, leader elected after 2150ms
2025-10-16 19:47:23,239 [om1@group-C5BA1605619E-LeaderElection3] INFO  segmented.SegmentedRaftLogWorker (SegmentedRaftLogWorker.java:startLogSegment(440)) - om1@group-C5BA1605619E-SegmentedRaftLogWorker: Starting segment from index:0
2025-10-16 19:47:23,239 [om1@group-C5BA1605619E-LeaderElection3] INFO  server.RaftServer$Division (ServerState.java:setRaftConf(386)) - om1@group-C5BA1605619E: set configuration conf: {index: 0, cur=peers:[om1|localhost:15009]|listeners:[], old=null}
2025-10-16 19:47:23,240 [om1@group-C5BA1605619E-SegmentedRaftLogWorker] INFO  segmented.BufferedWriteChannel (BufferedWriteChannel.java:open(61)) - open log_inprogress_0 at position 0
2025-10-16 19:47:23,246 [om1@group-C5BA1605619E-SegmentedRaftLogWorker] INFO  segmented.SegmentedRaftLogWorker (SegmentedRaftLogWorker.java:execute(647)) - om1@group-C5BA1605619E-SegmentedRaftLogWorker: created new log segment /home/runner/work/ozone/ozone/hadoop-ozone/integration-test/target/test-dir/MiniOzoneClusterImpl-e7911277-7775-4457-96c8-94071a26a1ce/om/ratis/bf265839-605b-3f16-9796-c5ba1605619e/current/log_inprogress_0
2025-10-16 19:47:23,249 [om1@group-C5BA1605619E-StateMachineUpdater] INFO  ratis.OzoneManagerStateMachine (OzoneManagerStateMachine.java:notifyConfigurationChanged(264)) - notifyConfigurationChanged from Ratis: term=1, index=0, New Peer list: om1(localhost:15009), New Listener list
2025-10-16 19:47:23,250 [om1@group-C5BA1605619E-StateMachineUpdater] INFO  server.RaftServer$Division (LeaderStateImpl.java:checkStartIndex(309)) - Leader om1@group-C5BA1605619E-LeaderStateImpl is ready since appliedIndex == startIndex == 0
2025-10-16 19:47:23,325 [ForkJoinPool-1-worker-1] INFO  handler.ContextHandler (ContextHandler.java:doStart(921)) - Started o.e.j.w.WebAppContext@6c9d9678{hddsDatanode,/,file:///home/runner/work/ozone/ozone/hadoop-ozone/integration-test/target/test-dir/MiniOzoneClusterImpl-e7911277-7775-4457-96c8-94071a26a1ce/scm/ozone-metadata/webserver/jetty-0_0_0_0-15018-hdds-container-service-2_1_0-SNAPSHOT_jar-_-any-5155836685944035269/webapp/,AVAILABLE}{jar:file:/home/runner/work/ozone/ozone/hadoop-hdds/container-service/target/hdds-container-service-2.1.0-SNAPSHOT.jar!/webapps/hddsDatanode}
2025-10-16 19:47:23,325 [ForkJoinPool-1-worker-1] INFO  server.AbstractConnector (AbstractConnector.java:doStart(333)) - Started ServerConnector@7b5f7eb8{HTTP/1.1, (http/1.1)}{0.0.0.0:15018}
2025-10-16 19:47:23,326 [ForkJoinPool-1-worker-1] INFO  server.Server (Server.java:doStart(415)) - Started @11179ms
2025-10-16 19:47:23,326 [ForkJoinPool-1-worker-1] WARN  impl.MetricsSystemImpl (MetricsSystemImpl.java:register(279)) - Sink prometheus already exists!
2025-10-16 19:47:23,326 [ForkJoinPool-1-worker-1] INFO  http.BaseHttpServer (BaseHttpServer.java:updateConnectorAddress(357)) - HTTP server of hddsDatanode listening at http://localhost:15018
2025-10-16 19:47:23,326 [ForkJoinPool-1-worker-1] INFO  ipc.CallQueueManager (CallQueueManager.java:<init>(93)) - Using callQueue: class java.util.concurrent.LinkedBlockingQueue, queueCapacity: 1000, scheduler: class org.apache.hadoop.ipc.DefaultRpcScheduler, ipcBackoff: false, ipcFailOver: false.
2025-10-16 19:47:23,327 [ForkJoinPool-1-worker-1] INFO  ipc.Server (Server.java:<init>(1438)) - Listener at 0.0.0.0:15019
2025-10-16 19:47:23,327 [Socket Reader #1 for port 15019] INFO  ipc.Server (Server.java:run(1474)) - Starting Socket Reader #1 for port 15019
2025-10-16 19:47:23,328 [Socket Reader #2 for port 15019] INFO  ipc.Server (Server.java:run(1474)) - Starting Socket Reader #2 for port 15019
2025-10-16 19:47:23,328 [Socket Reader #3 for port 15019] INFO  ipc.Server (Server.java:run(1474)) - Starting Socket Reader #3 for port 15019
2025-10-16 19:47:23,328 [Socket Reader #4 for port 15019] INFO  ipc.Server (Server.java:run(1474)) - Starting Socket Reader #4 for port 15019
2025-10-16 19:47:23,328 [Socket Reader #5 for port 15019] INFO  ipc.Server (Server.java:run(1474)) - Starting Socket Reader #5 for port 15019
2025-10-16 19:47:23,329 [Socket Reader #6 for port 15019] INFO  ipc.Server (Server.java:run(1474)) - Starting Socket Reader #6 for port 15019
2025-10-16 19:47:23,329 [Socket Reader #7 for port 15019] INFO  ipc.Server (Server.java:run(1474)) - Starting Socket Reader #7 for port 15019
2025-10-16 19:47:23,329 [Socket Reader #8 for port 15019] INFO  ipc.Server (Server.java:run(1474)) - Starting Socket Reader #8 for port 15019
2025-10-16 19:47:23,330 [Socket Reader #9 for port 15019] INFO  ipc.Server (Server.java:run(1474)) - Starting Socket Reader #9 for port 15019
2025-10-16 19:47:23,330 [Socket Reader #10 for port 15019] INFO  ipc.Server (Server.java:run(1474)) - Starting Socket Reader #10 for port 15019
2025-10-16 19:47:23,332 [ForkJoinPool-1-worker-1] INFO  ozone.HddsDatanodeService (HddsDatanodeService.java:start(333)) - Datanode start with admins: [admin, runner]
2025-10-16 19:47:23,333 [ForkJoinPool-1-worker-1] INFO  ozone.HddsDatanodeClientProtocolServer (HddsDatanodeClientProtocolServer.java:start(76)) - RPC server for Client /0.0.0.0:15019
2025-10-16 19:47:23,334 [IPC Server Responder] INFO  ipc.Server (Server.java:run(1713)) - IPC Server Responder: starting
2025-10-16 19:47:23,334 [IPC Server listener on 15019] INFO  ipc.Server (Server.java:run(1553)) - IPC Server listener on 15019: starting
2025-10-16 19:47:23,337 [ForkJoinPool-1-worker-1] WARN  dropwizard3.Dm3MetricRegistriesImpl (Dm3MetricRegistriesImpl.java:addReporterRegistration(114)) - New reporters are added after registries were created. Some metrics will be missing from the reporter. Please add reporter before adding any new registry.
2025-10-16 19:47:23,337 [ForkJoinPool-1-worker-1] WARN  dropwizard3.Dm3MetricRegistriesImpl (Dm3MetricRegistriesImpl.java:addReporterRegistration(114)) - New reporters are added after registries were created. Some metrics will be missing from the reporter. Please add reporter before adding any new registry.
2025-10-16 19:47:23,340 [8a3c3252-9afe-4d3a-8492-25be6557678a-DatanodeStateMachineDaemonThread] INFO  statemachine.DatanodeStateMachine (DatanodeStateMachine.java:startStateMachineThread(363)) - Ozone container server started.
2025-10-16 19:47:23,346 [8a3c3252-9afe-4d3a-8492-25be6557678a-DatanodeStateMachineTaskThread-0] INFO  datanode.InitDatanodeState (InitDatanodeState.java:persistContainerDatanodeDetails(139)) - DatanodeDetails is persisted to /home/runner/work/ozone/ozone/hadoop-ozone/integration-test/target/test-dir/MiniOzoneClusterImpl-e7911277-7775-4457-96c8-94071a26a1ce/ozone-metadata/datanode-2/ozone-metadata/datanode.id
2025-10-16 19:47:23,370 [ForkJoinPool-1-worker-1] INFO  protocol.DatanodeDetails (DatanodeDetails.java:validateDatanodeIpAddress(199)) - Updating IP address of datanode 764b18f0-81c5-439a-9fff-25adc4f241fa(localhost/null) to 127.0.0.1
2025-10-16 19:47:23,370 [ForkJoinPool-1-worker-1] INFO  ozone.HddsDatanodeService (HddsDatanodeService.java:start(236)) - HddsDatanodeService 764b18f0-81c5-439a-9fff-25adc4f241fa(localhost/127.0.0.1)
2025-10-16 19:47:23,373 [ForkJoinPool-1-worker-1] INFO  upgrade.AbstractLayoutVersionManager (AbstractLayoutVersionManager.java:init(80)) - Initializing Layout version manager with metadata layout = WITNESSED_CONTAINER_DB_PROTO_VALUE (version = 9), software layout = WITNESSED_CONTAINER_DB_PROTO_VALUE (version = 9)
2025-10-16 19:47:23,374 [ForkJoinPool-1-worker-1] INFO  statemachine.DatanodeStateMachine (DatanodeStateMachine.java:getEndPointTaskThreadPoolSize(321)) - Datanode State Machine Task Thread Pool size 2
2025-10-16 19:47:23,379 [ForkJoinPool-1-worker-1] INFO  volume.HddsVolume (HddsVolume.java:<init>(162)) - HddsVolume: { id=DS-c6c9c76d-02e0-4eed-860b-dd977b26b50d dir=/home/runner/work/ozone/ozone/hadoop-ozone/integration-test/target/test-dir/MiniOzoneClusterImpl-e7911277-7775-4457-96c8-94071a26a1ce/ozone-metadata/datanode-3/data-0/hdds type=DISK capacity=9222449699674390527 used=0 available=9222449699674390527 minFree=184448985434423296 committed=0 }
2025-10-16 19:47:23,379 [ForkJoinPool-1-worker-1] INFO  volume.MutableVolumeSet (MutableVolumeSet.java:initializeVolumeSet(175)) - Added Volume : /home/runner/work/ozone/ozone/hadoop-ozone/integration-test/target/test-dir/MiniOzoneClusterImpl-e7911277-7775-4457-96c8-94071a26a1ce/ozone-metadata/datanode-3/data-0/hdds to VolumeSet
2025-10-16 19:47:23,381 [ForkJoinPool-1-worker-1] INFO  volume.MutableVolumeSet (MutableVolumeSet.java:initializeVolumeSet(175)) - Added Volume : /home/runner/work/ozone/ozone/hadoop-ozone/integration-test/target/test-dir/MiniOzoneClusterImpl-e7911277-7775-4457-96c8-94071a26a1ce/ozone-metadata/datanode-3/ratis to VolumeSet
2025-10-16 19:47:23,383 [ForkJoinPool-1-worker-1] INFO  ozoneimpl.OzoneContainer (HddsVolumeUtil.java:loadAllHddsVolumeDbStore(102)) - Load 1 volumes DbStore cost: 0ms
2025-10-16 19:47:23,383 [ForkJoinPool-1-worker-1] WARN  db.DBStoreBuilder (DBStoreBuilder.java:getDBDirPath(157)) - ozone.scm.datanode.id.dir is not configured. We recommend adding this setting. Falling back to ozone.metadata.dirs instead.
2025-10-16 19:47:23,385 [ForkJoinPool-1-worker-1] WARN  db.DBStoreBuilder (DBStoreBuilder.java:getDBDirPath(157)) - ozone.scm.datanode.id.dir is not configured. We recommend adding this setting. Falling back to ozone.metadata.dirs instead.
2025-10-16 19:47:23,398 [ForkJoinPool-1-worker-1] INFO  impl.FilePerChunkStrategy (FilePerChunkStrategy.java:<init>(79)) - ozone.chunk.read.mapped.buffer.max.count is load with 0
2025-10-16 19:47:23,398 [ForkJoinPool-1-worker-1] INFO  impl.FilePerBlockStrategy (FilePerBlockStrategy.java:<init>(88)) - ozone.chunk.read.mapped.buffer.max.count is load with 0
2025-10-16 19:47:23,399 [ForkJoinPool-1-worker-1] INFO  server.RaftServerConfigKeys (ConfUtils.java:logGet(62)) - raft.server.log.appender.buffer.byte-limit = 33554432 (custom)
2025-10-16 19:47:23,402 [ForkJoinPool-1-worker-1] INFO  grpc.GrpcConfigKeys (ConfUtils.java:logFallback(69)) - raft.grpc.admin.host = null (fallback to raft.grpc.server.host)
2025-10-16 19:47:23,402 [ForkJoinPool-1-worker-1] INFO  grpc.GrpcConfigKeys (ConfUtils.java:logGet(62)) - raft.grpc.admin.port = 15030 (custom)
2025-10-16 19:47:23,402 [ForkJoinPool-1-worker-1] INFO  grpc.GrpcConfigKeys (ConfUtils.java:logFallback(69)) - raft.grpc.client.host = null (fallback to raft.grpc.server.host)
2025-10-16 19:47:23,402 [ForkJoinPool-1-worker-1] INFO  grpc.GrpcConfigKeys (ConfUtils.java:logGet(62)) - raft.grpc.client.port = 15029 (custom)
2025-10-16 19:47:23,402 [ForkJoinPool-1-worker-1] INFO  grpc.GrpcConfigKeys (ConfUtils.java:logGet(62)) - raft.grpc.server.port = 15031 (custom)
2025-10-16 19:47:23,402 [ForkJoinPool-1-worker-1] INFO  server.GrpcServicesImpl (ConfUtils.java:logGet(62)) - raft.grpc.message.size.max = 34603008 (custom)
2025-10-16 19:47:23,402 [ForkJoinPool-1-worker-1] INFO  server.GrpcServicesImpl (ConfUtils.java:logGet(62)) - raft.grpc.flow.control.window = 5MB (=5242880) (custom)
2025-10-16 19:47:23,403 [ForkJoinPool-1-worker-1] INFO  server.RaftServerConfigKeys (ConfUtils.java:logGet(62)) - raft.server.log.appender.buffer.byte-limit = 33554432 (custom)
2025-10-16 19:47:23,405 [ForkJoinPool-1-worker-1] INFO  netty.NettyUtils (NettyUtils.java:newEventLoopGroup(74)) - Create EpollEventLoopGroup for 764b18f0-81c5-439a-9fff-25adc4f241fa-NettyServerStreamRpc-bossGroup; Thread size is 0.
2025-10-16 19:47:23,406 [ForkJoinPool-1-worker-1] INFO  netty.NettyUtils (NettyUtils.java:newEventLoopGroup(74)) - Create EpollEventLoopGroup for 764b18f0-81c5-439a-9fff-25adc4f241fa-NettyServerStreamRpc-workerGroup; Thread size is 0.
2025-10-16 19:47:23,406 [ForkJoinPool-1-worker-1] INFO  netty.NettyConfigKeys$DataStream (ConfUtils.java:logGet(62)) - raft.netty.dataStream.port = 15032 (custom)
2025-10-16 19:47:23,410 [ForkJoinPool-1-worker-1] INFO  server.RaftServerConfigKeys (ConfUtils.java:logGet(62)) - raft.server.storage.dir = [/home/runner/work/ozone/ozone/hadoop-ozone/integration-test/target/test-dir/MiniOzoneClusterImpl-e7911277-7775-4457-96c8-94071a26a1ce/ozone-metadata/datanode-3/ratis] (custom)
2025-10-16 19:47:23,410 [764b18f0-81c5-439a-9fff-25adc4f241fa-NettyServerStreamRpc-bossGroup--thread1] INFO  logging.LoggingHandler (AbstractInternalLogger.java:log(148)) - [id: 0x86b9cd21] REGISTERED
2025-10-16 19:47:23,411 [764b18f0-81c5-439a-9fff-25adc4f241fa-NettyServerStreamRpc-bossGroup--thread1] INFO  logging.LoggingHandler (AbstractInternalLogger.java:log(148)) - [id: 0x86b9cd21] BIND: 0.0.0.0/0.0.0.0:15032
2025-10-16 19:47:23,411 [764b18f0-81c5-439a-9fff-25adc4f241fa-NettyServerStreamRpc-bossGroup--thread1] INFO  logging.LoggingHandler (AbstractInternalLogger.java:log(148)) - [id: 0x86b9cd21, L:/0.0.0.0:15032] ACTIVE
2025-10-16 19:47:23,411 [764b18f0-81c5-439a-9fff-25adc4f241fa-impl-thread1] INFO  server.RaftServer (RaftServerProxy.java:initGroupDir(270)) - 764b18f0-81c5-439a-9fff-25adc4f241fa: found a subdirectory /home/runner/work/ozone/ozone/hadoop-ozone/integration-test/target/test-dir/MiniOzoneClusterImpl-e7911277-7775-4457-96c8-94071a26a1ce/ozone-metadata/datanode-3/ratis/tmp
2025-10-16 19:47:23,411 [764b18f0-81c5-439a-9fff-25adc4f241fa-impl-thread1] INFO  server.RaftServer (RaftServerProxy.java:initGroupDir(275)) - 764b18f0-81c5-439a-9fff-25adc4f241fa: The directory /home/runner/work/ozone/ozone/hadoop-ozone/integration-test/target/test-dir/MiniOzoneClusterImpl-e7911277-7775-4457-96c8-94071a26a1ce/ozone-metadata/datanode-3/ratis/tmp is not a group directory; ignoring it. 
2025-10-16 19:47:23,412 [ForkJoinPool-1-worker-1] INFO  replication.ReplicationServer (ReplicationServer.java:<init>(84)) - Initializing replication server with thread count = 10 queue length = 4096
2025-10-16 19:47:23,413 [ForkJoinPool-1-worker-1] INFO  server.XceiverServerGrpc (XceiverServerGrpc.java:<init>(129)) - GrpcServer channel type EpollServerSocketChannel
2025-10-16 19:47:23,416 [ForkJoinPool-1-worker-1] INFO  replication.ReplicationSupervisor (ReplicationSupervisor.java:build(169)) - Initializing replication supervisor with thread count = 10
2025-10-16 19:47:23,416 [ForkJoinPool-1-worker-1] INFO  replication.ReplicationSupervisor (ReplicationSupervisor.java:nodeStateUpdated(358)) - Node state updated to IN_SERVICE, scaling executor pool size to 10
2025-10-16 19:47:23,423 [ForkJoinPool-1-worker-1] INFO  http.BaseHttpServer (BaseHttpServer.java:newHttpServer2BuilderForOzone(227)) - Starting Web-server for hddsDatanode at: http://0.0.0.0:15026
2025-10-16 19:47:23,423 [ForkJoinPool-1-worker-1] INFO  http.BaseHttpServer (BaseHttpServer.java:<init>(105)) - Hadoop Security Enabled: false Ozone Security Enabled: false Ozone HTTP Security Enabled: false 
2025-10-16 19:47:23,426 [ForkJoinPool-1-worker-1] WARN  server.AuthenticationFilter (AuthenticationFilter.java:constructSecretProvider(240)) - Unable to initialize FileSignerSecretProvider, falling back to use random secrets. Reason: Could not read signature secret file: /home/runner/hadoop-http-auth-signature-secret
2025-10-16 19:47:23,430 [ForkJoinPool-1-worker-1] INFO  http.HttpServer2 (HttpServer2.java:addGlobalFilter(1040)) - Added global filter 'safety' (class=org.apache.hadoop.hdds.server.http.HttpServer2$QuotingInputFilter)
2025-10-16 19:47:23,433 [ForkJoinPool-1-worker-1] INFO  http.HttpServer2 (HttpServer2.java:addFilter(1016)) - Added filter static_user_filter (class=org.apache.hadoop.http.lib.StaticUserWebFilter$StaticUserFilter) to context hddsDatanode
2025-10-16 19:47:23,433 [ForkJoinPool-1-worker-1] INFO  http.HttpServer2 (HttpServer2.java:addFilter(1024)) - Added filter static_user_filter (class=org.apache.hadoop.http.lib.StaticUserWebFilter$StaticUserFilter) to context logs
2025-10-16 19:47:23,433 [ForkJoinPool-1-worker-1] INFO  http.HttpServer2 (HttpServer2.java:addFilter(1024)) - Added filter static_user_filter (class=org.apache.hadoop.http.lib.StaticUserWebFilter$StaticUserFilter) to context static
2025-10-16 19:47:23,434 [ForkJoinPool-1-worker-1] INFO  http.BaseHttpServer (BaseHttpServer.java:<init>(193)) - HTTP server of hddsDatanode uses base directory /home/runner/work/ozone/ozone/hadoop-ozone/integration-test/target/test-dir/MiniOzoneClusterImpl-e7911277-7775-4457-96c8-94071a26a1ce/scm/ozone-metadata/webserver
2025-10-16 19:47:23,434 [ForkJoinPool-1-worker-1] INFO  http.HttpServer2 (HttpServer2.java:bindListener(1240)) - Jetty bound to port 15026
2025-10-16 19:47:23,435 [ForkJoinPool-1-worker-1] INFO  server.Server (Server.java:doStart(375)) - jetty-9.4.58.v20250814; built: 2025-08-14T02:28:49.637Z; git: 8f1440587e9e4ae7db3d74cf205643f3d707148d; jvm 21.0.8+9-LTS
2025-10-16 19:47:23,438 [ForkJoinPool-1-worker-1] INFO  server.session (DefaultSessionIdManager.java:doStart(334)) - DefaultSessionIdManager workerName=node0
2025-10-16 19:47:23,438 [ForkJoinPool-1-worker-1] INFO  server.session (DefaultSessionIdManager.java:doStart(339)) - No SessionScavenger set, using defaults
2025-10-16 19:47:23,438 [ForkJoinPool-1-worker-1] INFO  server.session (HouseKeeper.java:startScavenging(132)) - node0 Scavenging every 660000ms
2025-10-16 19:47:23,439 [ForkJoinPool-1-worker-1] INFO  handler.ContextHandler (ContextHandler.java:doStart(921)) - Started o.e.j.s.ServletContextHandler@69356514{logs,/logs,file:///home/runner/work/ozone/ozone/hadoop-ozone/integration-test/target/log,AVAILABLE}
2025-10-16 19:47:23,440 [ForkJoinPool-1-worker-1] INFO  handler.ContextHandler (ContextHandler.java:doStart(921)) - Started o.e.j.s.ServletContextHandler@143af68c{static,/static,jar:file:/home/runner/work/ozone/ozone/hadoop-hdds/container-service/target/hdds-container-service-2.1.0-SNAPSHOT.jar!/webapps/static,AVAILABLE}
2025-10-16 19:47:23,600 [ForkJoinPool-1-worker-1] INFO  handler.ContextHandler (ContextHandler.java:doStart(921)) - Started o.e.j.w.WebAppContext@389228fa{hddsDatanode,/,file:///home/runner/work/ozone/ozone/hadoop-ozone/integration-test/target/test-dir/MiniOzoneClusterImpl-e7911277-7775-4457-96c8-94071a26a1ce/scm/ozone-metadata/webserver/jetty-0_0_0_0-15026-hdds-container-service-2_1_0-SNAPSHOT_jar-_-any-5193344117758195441/webapp/,AVAILABLE}{jar:file:/home/runner/work/ozone/ozone/hadoop-hdds/container-service/target/hdds-container-service-2.1.0-SNAPSHOT.jar!/webapps/hddsDatanode}
2025-10-16 19:47:23,602 [ForkJoinPool-1-worker-1] INFO  server.AbstractConnector (AbstractConnector.java:doStart(333)) - Started ServerConnector@6e120500{HTTP/1.1, (http/1.1)}{0.0.0.0:15026}
2025-10-16 19:47:23,602 [ForkJoinPool-1-worker-1] INFO  server.Server (Server.java:doStart(415)) - Started @11456ms
2025-10-16 19:47:23,602 [ForkJoinPool-1-worker-1] WARN  impl.MetricsSystemImpl (MetricsSystemImpl.java:register(279)) - Sink prometheus already exists!
2025-10-16 19:47:23,603 [ForkJoinPool-1-worker-1] INFO  http.BaseHttpServer (BaseHttpServer.java:updateConnectorAddress(357)) - HTTP server of hddsDatanode listening at http://localhost:15026
2025-10-16 19:47:23,603 [ForkJoinPool-1-worker-1] INFO  ipc.CallQueueManager (CallQueueManager.java:<init>(93)) - Using callQueue: class java.util.concurrent.LinkedBlockingQueue, queueCapacity: 1000, scheduler: class org.apache.hadoop.ipc.DefaultRpcScheduler, ipcBackoff: false, ipcFailOver: false.
2025-10-16 19:47:23,603 [ForkJoinPool-1-worker-1] INFO  ipc.Server (Server.java:<init>(1438)) - Listener at 0.0.0.0:15027
2025-10-16 19:47:23,605 [Socket Reader #1 for port 15027] INFO  ipc.Server (Server.java:run(1474)) - Starting Socket Reader #1 for port 15027
2025-10-16 19:47:23,606 [Socket Reader #2 for port 15027] INFO  ipc.Server (Server.java:run(1474)) - Starting Socket Reader #2 for port 15027
2025-10-16 19:47:23,606 [Socket Reader #3 for port 15027] INFO  ipc.Server (Server.java:run(1474)) - Starting Socket Reader #3 for port 15027
2025-10-16 19:47:23,607 [Socket Reader #4 for port 15027] INFO  ipc.Server (Server.java:run(1474)) - Starting Socket Reader #4 for port 15027
2025-10-16 19:47:23,608 [Socket Reader #5 for port 15027] INFO  ipc.Server (Server.java:run(1474)) - Starting Socket Reader #5 for port 15027
2025-10-16 19:47:23,608 [Socket Reader #6 for port 15027] INFO  ipc.Server (Server.java:run(1474)) - Starting Socket Reader #6 for port 15027
2025-10-16 19:47:23,609 [Socket Reader #7 for port 15027] INFO  ipc.Server (Server.java:run(1474)) - Starting Socket Reader #7 for port 15027
2025-10-16 19:47:23,610 [Socket Reader #8 for port 15027] INFO  ipc.Server (Server.java:run(1474)) - Starting Socket Reader #8 for port 15027
2025-10-16 19:47:23,610 [Socket Reader #9 for port 15027] INFO  ipc.Server (Server.java:run(1474)) - Starting Socket Reader #9 for port 15027
2025-10-16 19:47:23,611 [Socket Reader #10 for port 15027] INFO  ipc.Server (Server.java:run(1474)) - Starting Socket Reader #10 for port 15027
2025-10-16 19:47:23,614 [ForkJoinPool-1-worker-1] INFO  ozone.HddsDatanodeService (HddsDatanodeService.java:start(333)) - Datanode start with admins: [admin, runner]
2025-10-16 19:47:23,614 [ForkJoinPool-1-worker-1] INFO  ozone.HddsDatanodeClientProtocolServer (HddsDatanodeClientProtocolServer.java:start(76)) - RPC server for Client /0.0.0.0:15027
2025-10-16 19:47:23,615 [IPC Server Responder] INFO  ipc.Server (Server.java:run(1713)) - IPC Server Responder: starting
2025-10-16 19:47:23,616 [IPC Server listener on 15027] INFO  ipc.Server (Server.java:run(1553)) - IPC Server listener on 15027: starting
2025-10-16 19:47:23,619 [ForkJoinPool-1-worker-1] WARN  dropwizard3.Dm3MetricRegistriesImpl (Dm3MetricRegistriesImpl.java:addReporterRegistration(114)) - New reporters are added after registries were created. Some metrics will be missing from the reporter. Please add reporter before adding any new registry.
2025-10-16 19:47:23,619 [ForkJoinPool-1-worker-1] WARN  dropwizard3.Dm3MetricRegistriesImpl (Dm3MetricRegistriesImpl.java:addReporterRegistration(114)) - New reporters are added after registries were created. Some metrics will be missing from the reporter. Please add reporter before adding any new registry.
2025-10-16 19:47:23,626 [764b18f0-81c5-439a-9fff-25adc4f241fa-DatanodeStateMachineDaemonThread] INFO  statemachine.DatanodeStateMachine (DatanodeStateMachine.java:startStateMachineThread(363)) - Ozone container server started.
2025-10-16 19:47:23,636 | INFO  | SCMAudit | user=runner | ip=127.0.0.1 | op=GET_VERSION {} | ret=SUCCESS |  
2025-10-16 19:47:23,641 [764b18f0-81c5-439a-9fff-25adc4f241fa-DatanodeStateMachineTaskThread-0] INFO  datanode.InitDatanodeState (InitDatanodeState.java:persistContainerDatanodeDetails(139)) - DatanodeDetails is persisted to /home/runner/work/ozone/ozone/hadoop-ozone/integration-test/target/test-dir/MiniOzoneClusterImpl-e7911277-7775-4457-96c8-94071a26a1ce/ozone-metadata/datanode-3/ozone-metadata/datanode.id
2025-10-16 19:47:23,646 [ForkJoinPool-1-worker-1] INFO  protocol.DatanodeDetails (DatanodeDetails.java:validateDatanodeIpAddress(199)) - Updating IP address of datanode aa213937-adc5-47da-a770-0ee1e4664344(localhost/null) to 127.0.0.1
2025-10-16 19:47:23,646 [ForkJoinPool-1-worker-1] INFO  ozone.HddsDatanodeService (HddsDatanodeService.java:start(236)) - HddsDatanodeService aa213937-adc5-47da-a770-0ee1e4664344(localhost/127.0.0.1)
2025-10-16 19:47:23,650 [ForkJoinPool-1-worker-1] INFO  upgrade.AbstractLayoutVersionManager (AbstractLayoutVersionManager.java:init(80)) - Initializing Layout version manager with metadata layout = WITNESSED_CONTAINER_DB_PROTO_VALUE (version = 9), software layout = WITNESSED_CONTAINER_DB_PROTO_VALUE (version = 9)
2025-10-16 19:47:23,651 [ForkJoinPool-1-worker-1] INFO  statemachine.DatanodeStateMachine (DatanodeStateMachine.java:getEndPointTaskThreadPoolSize(321)) - Datanode State Machine Task Thread Pool size 2
2025-10-16 19:47:23,658 [ForkJoinPool-1-worker-1] INFO  volume.HddsVolume (HddsVolume.java:<init>(162)) - HddsVolume: { id=DS-ec0758c5-7aa2-4c4a-95bd-64c87f19a447 dir=/home/runner/work/ozone/ozone/hadoop-ozone/integration-test/target/test-dir/MiniOzoneClusterImpl-e7911277-7775-4457-96c8-94071a26a1ce/ozone-metadata/datanode-4/data-0/hdds type=DISK capacity=9222449699674390527 used=0 available=9222449699674390527 minFree=184448985434423296 committed=0 }
2025-10-16 19:47:23,658 [ForkJoinPool-1-worker-1] INFO  volume.MutableVolumeSet (MutableVolumeSet.java:initializeVolumeSet(175)) - Added Volume : /home/runner/work/ozone/ozone/hadoop-ozone/integration-test/target/test-dir/MiniOzoneClusterImpl-e7911277-7775-4457-96c8-94071a26a1ce/ozone-metadata/datanode-4/data-0/hdds to VolumeSet
2025-10-16 19:47:23,659 [ForkJoinPool-1-worker-1] INFO  volume.MutableVolumeSet (MutableVolumeSet.java:initializeVolumeSet(175)) - Added Volume : /home/runner/work/ozone/ozone/hadoop-ozone/integration-test/target/test-dir/MiniOzoneClusterImpl-e7911277-7775-4457-96c8-94071a26a1ce/ozone-metadata/datanode-4/ratis to VolumeSet
2025-10-16 19:47:23,660 [ForkJoinPool-1-worker-1] INFO  ozoneimpl.OzoneContainer (HddsVolumeUtil.java:loadAllHddsVolumeDbStore(102)) - Load 1 volumes DbStore cost: 0ms
2025-10-16 19:47:23,662 [ForkJoinPool-1-worker-1] WARN  db.DBStoreBuilder (DBStoreBuilder.java:getDBDirPath(157)) - ozone.scm.datanode.id.dir is not configured. We recommend adding this setting. Falling back to ozone.metadata.dirs instead.
2025-10-16 19:47:23,662 [ForkJoinPool-1-worker-1] WARN  db.DBStoreBuilder (DBStoreBuilder.java:getDBDirPath(157)) - ozone.scm.datanode.id.dir is not configured. We recommend adding this setting. Falling back to ozone.metadata.dirs instead.
2025-10-16 19:47:23,682 [ForkJoinPool-1-worker-1] INFO  impl.FilePerChunkStrategy (FilePerChunkStrategy.java:<init>(79)) - ozone.chunk.read.mapped.buffer.max.count is load with 0
2025-10-16 19:47:23,684 [ForkJoinPool-1-worker-1] INFO  impl.FilePerBlockStrategy (FilePerBlockStrategy.java:<init>(88)) - ozone.chunk.read.mapped.buffer.max.count is load with 0
2025-10-16 19:47:23,687 [ForkJoinPool-1-worker-1] INFO  server.RaftServerConfigKeys (ConfUtils.java:logGet(62)) - raft.server.log.appender.buffer.byte-limit = 33554432 (custom)
2025-10-16 19:47:23,690 [ForkJoinPool-1-worker-1] INFO  grpc.GrpcConfigKeys (ConfUtils.java:logFallback(69)) - raft.grpc.admin.host = null (fallback to raft.grpc.server.host)
2025-10-16 19:47:23,690 [ForkJoinPool-1-worker-1] INFO  grpc.GrpcConfigKeys (ConfUtils.java:logGet(62)) - raft.grpc.admin.port = 15038 (custom)
2025-10-16 19:47:23,691 [ForkJoinPool-1-worker-1] INFO  grpc.GrpcConfigKeys (ConfUtils.java:logFallback(69)) - raft.grpc.client.host = null (fallback to raft.grpc.server.host)
2025-10-16 19:47:23,691 [ForkJoinPool-1-worker-1] INFO  grpc.GrpcConfigKeys (ConfUtils.java:logGet(62)) - raft.grpc.client.port = 15037 (custom)
2025-10-16 19:47:23,691 [ForkJoinPool-1-worker-1] INFO  grpc.GrpcConfigKeys (ConfUtils.java:logGet(62)) - raft.grpc.server.port = 15039 (custom)
2025-10-16 19:47:23,691 [ForkJoinPool-1-worker-1] INFO  server.GrpcServicesImpl (ConfUtils.java:logGet(62)) - raft.grpc.message.size.max = 34603008 (custom)
2025-10-16 19:47:23,691 [ForkJoinPool-1-worker-1] INFO  server.GrpcServicesImpl (ConfUtils.java:logGet(62)) - raft.grpc.flow.control.window = 5MB (=5242880) (custom)
2025-10-16 19:47:23,691 [ForkJoinPool-1-worker-1] INFO  server.RaftServerConfigKeys (ConfUtils.java:logGet(62)) - raft.server.log.appender.buffer.byte-limit = 33554432 (custom)
2025-10-16 19:47:23,694 [ForkJoinPool-1-worker-1] INFO  netty.NettyUtils (NettyUtils.java:newEventLoopGroup(74)) - Create EpollEventLoopGroup for aa213937-adc5-47da-a770-0ee1e4664344-NettyServerStreamRpc-bossGroup; Thread size is 0.
2025-10-16 19:47:23,695 [ForkJoinPool-1-worker-1] INFO  netty.NettyUtils (NettyUtils.java:newEventLoopGroup(74)) - Create EpollEventLoopGroup for aa213937-adc5-47da-a770-0ee1e4664344-NettyServerStreamRpc-workerGroup; Thread size is 0.
2025-10-16 19:47:23,696 [ForkJoinPool-1-worker-1] INFO  netty.NettyConfigKeys$DataStream (ConfUtils.java:logGet(62)) - raft.netty.dataStream.port = 15040 (custom)
2025-10-16 19:47:23,697 [ForkJoinPool-1-worker-1] INFO  server.RaftServerConfigKeys (ConfUtils.java:logGet(62)) - raft.server.storage.dir = [/home/runner/work/ozone/ozone/hadoop-ozone/integration-test/target/test-dir/MiniOzoneClusterImpl-e7911277-7775-4457-96c8-94071a26a1ce/ozone-metadata/datanode-4/ratis] (custom)
2025-10-16 19:47:23,698 [aa213937-adc5-47da-a770-0ee1e4664344-NettyServerStreamRpc-bossGroup--thread1] INFO  logging.LoggingHandler (AbstractInternalLogger.java:log(148)) - [id: 0x1d35d550] REGISTERED
2025-10-16 19:47:23,699 [aa213937-adc5-47da-a770-0ee1e4664344-NettyServerStreamRpc-bossGroup--thread1] INFO  logging.LoggingHandler (AbstractInternalLogger.java:log(148)) - [id: 0x1d35d550] BIND: 0.0.0.0/0.0.0.0:15040
2025-10-16 19:47:23,700 [aa213937-adc5-47da-a770-0ee1e4664344-NettyServerStreamRpc-bossGroup--thread1] INFO  logging.LoggingHandler (AbstractInternalLogger.java:log(148)) - [id: 0x1d35d550, L:/0.0.0.0:15040] ACTIVE
2025-10-16 19:47:23,699 [aa213937-adc5-47da-a770-0ee1e4664344-impl-thread1] INFO  server.RaftServer (RaftServerProxy.java:initGroupDir(270)) - aa213937-adc5-47da-a770-0ee1e4664344: found a subdirectory /home/runner/work/ozone/ozone/hadoop-ozone/integration-test/target/test-dir/MiniOzoneClusterImpl-e7911277-7775-4457-96c8-94071a26a1ce/ozone-metadata/datanode-4/ratis/tmp
2025-10-16 19:47:23,701 [aa213937-adc5-47da-a770-0ee1e4664344-impl-thread1] INFO  server.RaftServer (RaftServerProxy.java:initGroupDir(275)) - aa213937-adc5-47da-a770-0ee1e4664344: The directory /home/runner/work/ozone/ozone/hadoop-ozone/integration-test/target/test-dir/MiniOzoneClusterImpl-e7911277-7775-4457-96c8-94071a26a1ce/ozone-metadata/datanode-4/ratis/tmp is not a group directory; ignoring it. 
2025-10-16 19:47:23,701 [ForkJoinPool-1-worker-1] INFO  replication.ReplicationServer (ReplicationServer.java:<init>(84)) - Initializing replication server with thread count = 10 queue length = 4096
2025-10-16 19:47:23,705 [ForkJoinPool-1-worker-1] INFO  server.XceiverServerGrpc (XceiverServerGrpc.java:<init>(129)) - GrpcServer channel type EpollServerSocketChannel
2025-10-16 19:47:23,708 [ForkJoinPool-1-worker-1] INFO  replication.ReplicationSupervisor (ReplicationSupervisor.java:build(169)) - Initializing replication supervisor with thread count = 10
2025-10-16 19:47:23,709 [ForkJoinPool-1-worker-1] INFO  replication.ReplicationSupervisor (ReplicationSupervisor.java:nodeStateUpdated(358)) - Node state updated to IN_SERVICE, scaling executor pool size to 10
2025-10-16 19:47:23,709 [f700af26-0e26-4136-9205-9509c82c8c70-EndpointStateMachineTaskThread-/0.0.0.0:15002-0 ] INFO  utils.DatanodeStoreCache (DatanodeStoreCache.java:addDB(70)) - Added db /home/runner/work/ozone/ozone/hadoop-ozone/integration-test/target/test-dir/MiniOzoneClusterImpl-e7911277-7775-4457-96c8-94071a26a1ce/ozone-metadata/datanode-1/data-0/hdds/e7911277-7775-4457-96c8-94071a26a1ce/DS-ea202669-4f15-4af5-b376-ecf329725ccb/container.db to cache
2025-10-16 19:47:23,710 [f700af26-0e26-4136-9205-9509c82c8c70-EndpointStateMachineTaskThread-/0.0.0.0:15002-0 ] INFO  volume.HddsVolume (HddsVolume.java:createDbStore(576)) - SchemaV3 db is created and loaded at /home/runner/work/ozone/ozone/hadoop-ozone/integration-test/target/test-dir/MiniOzoneClusterImpl-e7911277-7775-4457-96c8-94071a26a1ce/ozone-metadata/datanode-1/data-0/hdds/e7911277-7775-4457-96c8-94071a26a1ce/DS-ea202669-4f15-4af5-b376-ecf329725ccb/container.db for volume DS-ea202669-4f15-4af5-b376-ecf329725ccb
2025-10-16 19:47:23,714 [ForkJoinPool-1-worker-1] INFO  http.BaseHttpServer (BaseHttpServer.java:newHttpServer2BuilderForOzone(227)) - Starting Web-server for hddsDatanode at: http://0.0.0.0:15034
2025-10-16 19:47:23,714 [ForkJoinPool-1-worker-1] INFO  http.BaseHttpServer (BaseHttpServer.java:<init>(105)) - Hadoop Security Enabled: false Ozone Security Enabled: false Ozone HTTP Security Enabled: false 
2025-10-16 19:47:23,716 [ForkJoinPool-1-worker-1] WARN  server.AuthenticationFilter (AuthenticationFilter.java:constructSecretProvider(240)) - Unable to initialize FileSignerSecretProvider, falling back to use random secrets. Reason: Could not read signature secret file: /home/runner/hadoop-http-auth-signature-secret
2025-10-16 19:47:23,719 [ForkJoinPool-1-worker-1] INFO  http.HttpServer2 (HttpServer2.java:addGlobalFilter(1040)) - Added global filter 'safety' (class=org.apache.hadoop.hdds.server.http.HttpServer2$QuotingInputFilter)
2025-10-16 19:47:23,722 [ForkJoinPool-1-worker-1] INFO  http.HttpServer2 (HttpServer2.java:addFilter(1016)) - Added filter static_user_filter (class=org.apache.hadoop.http.lib.StaticUserWebFilter$StaticUserFilter) to context hddsDatanode
2025-10-16 19:47:23,722 [ForkJoinPool-1-worker-1] INFO  http.HttpServer2 (HttpServer2.java:addFilter(1024)) - Added filter static_user_filter (class=org.apache.hadoop.http.lib.StaticUserWebFilter$StaticUserFilter) to context static
2025-10-16 19:47:23,722 [ForkJoinPool-1-worker-1] INFO  http.HttpServer2 (HttpServer2.java:addFilter(1024)) - Added filter static_user_filter (class=org.apache.hadoop.http.lib.StaticUserWebFilter$StaticUserFilter) to context logs
2025-10-16 19:47:23,723 [ForkJoinPool-1-worker-1] INFO  http.BaseHttpServer (BaseHttpServer.java:<init>(193)) - HTTP server of hddsDatanode uses base directory /home/runner/work/ozone/ozone/hadoop-ozone/integration-test/target/test-dir/MiniOzoneClusterImpl-e7911277-7775-4457-96c8-94071a26a1ce/scm/ozone-metadata/webserver
2025-10-16 19:47:23,723 [ForkJoinPool-1-worker-1] INFO  http.HttpServer2 (HttpServer2.java:bindListener(1240)) - Jetty bound to port 15034
2025-10-16 19:47:23,723 [ForkJoinPool-1-worker-1] INFO  server.Server (Server.java:doStart(375)) - jetty-9.4.58.v20250814; built: 2025-08-14T02:28:49.637Z; git: 8f1440587e9e4ae7db3d74cf205643f3d707148d; jvm 21.0.8+9-LTS
2025-10-16 19:47:23,724 [f700af26-0e26-4136-9205-9509c82c8c70-ContainerReader-0] INFO  ozoneimpl.ContainerReader (ContainerReader.java:readVolume(147)) - Start to verify containers on volume /home/runner/work/ozone/ozone/hadoop-ozone/integration-test/target/test-dir/MiniOzoneClusterImpl-e7911277-7775-4457-96c8-94071a26a1ce/ozone-metadata/datanode-1/data-0/hdds
2025-10-16 19:47:23,724 [f700af26-0e26-4136-9205-9509c82c8c70-ContainerReader-0] INFO  ozoneimpl.ContainerReader (ContainerReader.java:readVolume(177)) - Finish verifying containers on volume /home/runner/work/ozone/ozone/hadoop-ozone/integration-test/target/test-dir/MiniOzoneClusterImpl-e7911277-7775-4457-96c8-94071a26a1ce/ozone-metadata/datanode-1/data-0/hdds
2025-10-16 19:47:23,725 [f700af26-0e26-4136-9205-9509c82c8c70-EndpointStateMachineTaskThread-/0.0.0.0:15002-0 ] INFO  ozoneimpl.OzoneContainer (OzoneContainer.java:buildContainerSet(359)) - Build ContainerSet costs 0s
2025-10-16 19:47:23,726 [f700af26-0e26-4136-9205-9509c82c8c70-EndpointStateMachineTaskThread-/0.0.0.0:15002-0 ] INFO  volume.ThrottledAsyncChecker (ThrottledAsyncChecker.java:schedule(138)) - Scheduling a check for /home/runner/work/ozone/ozone/hadoop-ozone/integration-test/target/test-dir/MiniOzoneClusterImpl-e7911277-7775-4457-96c8-94071a26a1ce/ozone-metadata/datanode-1/data-0/hdds
2025-10-16 19:47:23,728 [ForkJoinPool-1-worker-1] INFO  server.session (DefaultSessionIdManager.java:doStart(334)) - DefaultSessionIdManager workerName=node0
2025-10-16 19:47:23,728 [ForkJoinPool-1-worker-1] INFO  server.session (DefaultSessionIdManager.java:doStart(339)) - No SessionScavenger set, using defaults
2025-10-16 19:47:23,728 [ForkJoinPool-1-worker-1] INFO  server.session (HouseKeeper.java:startScavenging(132)) - node0 Scavenging every 660000ms
2025-10-16 19:47:23,729 [ForkJoinPool-1-worker-1] INFO  handler.ContextHandler (ContextHandler.java:doStart(921)) - Started o.e.j.s.ServletContextHandler@497d0cba{logs,/logs,file:///home/runner/work/ozone/ozone/hadoop-ozone/integration-test/target/log,AVAILABLE}
2025-10-16 19:47:23,729 [ForkJoinPool-1-worker-1] INFO  handler.ContextHandler (ContextHandler.java:doStart(921)) - Started o.e.j.s.ServletContextHandler@10bd21fd{static,/static,jar:file:/home/runner/work/ozone/ozone/hadoop-hdds/container-service/target/hdds-container-service-2.1.0-SNAPSHOT.jar!/webapps/static,AVAILABLE}
2025-10-16 19:47:23,735 [f700af26-0e26-4136-9205-9509c82c8c70-EndpointStateMachineTaskThread-/0.0.0.0:15002-0 ] INFO  volume.StorageVolumeChecker (StorageVolumeChecker.java:checkAllVolumes(231)) - Scheduled health check for volume /home/runner/work/ozone/ozone/hadoop-ozone/integration-test/target/test-dir/MiniOzoneClusterImpl-e7911277-7775-4457-96c8-94071a26a1ce/ozone-metadata/datanode-1/data-0/hdds
2025-10-16 19:47:23,745 [f700af26-0e26-4136-9205-9509c82c8c70-EndpointStateMachineTaskThread-/0.0.0.0:15002-0 ] INFO  volume.ThrottledAsyncChecker (ThrottledAsyncChecker.java:schedule(138)) - Scheduling a check for /home/runner/work/ozone/ozone/hadoop-ozone/integration-test/target/test-dir/MiniOzoneClusterImpl-e7911277-7775-4457-96c8-94071a26a1ce/ozone-metadata/datanode-1/ratis
2025-10-16 19:47:23,745 [f700af26-0e26-4136-9205-9509c82c8c70-EndpointStateMachineTaskThread-/0.0.0.0:15002-0 ] INFO  volume.StorageVolumeChecker (StorageVolumeChecker.java:checkAllVolumes(231)) - Scheduled health check for volume /home/runner/work/ozone/ozone/hadoop-ozone/integration-test/target/test-dir/MiniOzoneClusterImpl-e7911277-7775-4457-96c8-94071a26a1ce/ozone-metadata/datanode-1/ratis
2025-10-16 19:47:23,746 [f700af26-0e26-4136-9205-9509c82c8c70-EndpointStateMachineTaskThread-/0.0.0.0:15002-0 ] INFO  ozoneimpl.OzoneContainer (OzoneContainer.java:start(544)) - Attempting to start container services.
2025-10-16 19:47:23,755 [ContainerMetadataScanner] INFO  ozoneimpl.AbstractBackgroundContainerScanner (AbstractBackgroundContainerScanner.java:runIteration(89)) - Completed an iteration in 0 minutes. Number of iterations (since the data-node restart) : 1, Number of containers scanned in this iteration : 0, Number of unhealthy containers found in this iteration : 0
2025-10-16 19:47:23,759 [ContainerDataScanner(/home/runner/work/ozone/ozone/hadoop-ozone/integration-test/target/test-dir/MiniOzoneClusterImpl-e7911277-7775-4457-96c8-94071a26a1ce/ozone-metadata/datanode-1/data-0/hdds)] INFO  ozoneimpl.AbstractBackgroundContainerScanner (AbstractBackgroundContainerScanner.java:runIteration(89)) - Completed an iteration in 0 minutes. Number of iterations (since the data-node restart) : 1, Number of containers scanned in this iteration : 0, Number of unhealthy containers found in this iteration : 0
2025-10-16 19:47:23,759 [f700af26-0e26-4136-9205-9509c82c8c70-EndpointStateMachineTaskThread-/0.0.0.0:15002-0 ] INFO  replication.ReplicationServer (ReplicationServer.java:start(137)) - ReplicationServer is started using port 15017
2025-10-16 19:47:23,761 [f700af26-0e26-4136-9205-9509c82c8c70-EndpointStateMachineTaskThread-/0.0.0.0:15002-0 ] INFO  ratis.XceiverServerRatis (XceiverServerRatis.java:start(559)) - Starting XceiverServerRatis(f700af26-0e26-4136-9205-9509c82c8c70)
2025-10-16 19:47:23,762 [f700af26-0e26-4136-9205-9509c82c8c70-EndpointStateMachineTaskThread-/0.0.0.0:15002-0 ] INFO  server.RaftServer (RaftServerProxy.java:startImpl(412)) - f700af26-0e26-4136-9205-9509c82c8c70: start RPC server
2025-10-16 19:47:23,763 [f700af26-0e26-4136-9205-9509c82c8c70-EndpointStateMachineTaskThread-/0.0.0.0:15002-0 ] INFO  server.GrpcServicesImpl (GrpcServicesImpl.java:startImpl(346)) - f700af26-0e26-4136-9205-9509c82c8c70: GrpcServicesImpl started, listening on 15013
2025-10-16 19:47:23,764 [f700af26-0e26-4136-9205-9509c82c8c70-EndpointStateMachineTaskThread-/0.0.0.0:15002-0 ] INFO  server.GrpcServicesImpl (GrpcServicesImpl.java:startImpl(346)) - f700af26-0e26-4136-9205-9509c82c8c70: GrpcServicesImpl started, listening on 15015
2025-10-16 19:47:23,765 [f700af26-0e26-4136-9205-9509c82c8c70-EndpointStateMachineTaskThread-/0.0.0.0:15002-0 ] INFO  server.GrpcServicesImpl (GrpcServicesImpl.java:startImpl(346)) - f700af26-0e26-4136-9205-9509c82c8c70: GrpcServicesImpl started, listening on 15014
2025-10-16 19:47:23,765 [f700af26-0e26-4136-9205-9509c82c8c70-EndpointStateMachineTaskThread-/0.0.0.0:15002-0 ] INFO  ratis.XceiverServerRatis (XceiverServerRatis.java:getRealPort(586)) - XceiverServerRatis(f700af26-0e26-4136-9205-9509c82c8c70) is started using port RATIS=15013
2025-10-16 19:47:23,765 [f700af26-0e26-4136-9205-9509c82c8c70-EndpointStateMachineTaskThread-/0.0.0.0:15002-0 ] INFO  ratis.XceiverServerRatis (XceiverServerRatis.java:getRealPort(586)) - XceiverServerRatis(f700af26-0e26-4136-9205-9509c82c8c70) is started using port RATIS_ADMIN=15014
2025-10-16 19:47:23,765 [f700af26-0e26-4136-9205-9509c82c8c70-EndpointStateMachineTaskThread-/0.0.0.0:15002-0 ] INFO  ratis.XceiverServerRatis (XceiverServerRatis.java:getRealPort(586)) - XceiverServerRatis(f700af26-0e26-4136-9205-9509c82c8c70) is started using port RATIS_SERVER=15015
2025-10-16 19:47:23,765 [JvmPauseMonitor3] INFO  util.JvmPauseMonitor (JvmPauseMonitor.java:run(146)) - JvmPauseMonitor-f700af26-0e26-4136-9205-9509c82c8c70: Started
2025-10-16 19:47:23,766 [f700af26-0e26-4136-9205-9509c82c8c70-EndpointStateMachineTaskThread-/0.0.0.0:15002-0 ] INFO  ratis.XceiverServerRatis (XceiverServerRatis.java:getRealPort(586)) - XceiverServerRatis(f700af26-0e26-4136-9205-9509c82c8c70) is started using port RATIS_DATASTREAM=15016
2025-10-16 19:47:23,767 [f700af26-0e26-4136-9205-9509c82c8c70-EndpointStateMachineTaskThread-/0.0.0.0:15002-0 ] INFO  utils.BackgroundService (BackgroundService.java:start(119)) - Starting service BlockDeletingService with interval 60000 milliseconds
2025-10-16 19:47:23,768 [f700af26-0e26-4136-9205-9509c82c8c70-EndpointStateMachineTaskThread-/0.0.0.0:15002-0 ] INFO  utils.BackgroundService (BackgroundService.java:start(119)) - Starting service StaleRecoveringContainerScrubbingService with interval 60000 milliseconds
2025-10-16 19:47:23,842 | INFO  | SCMAudit | user=runner | ip=127.0.0.1 | op=GET_VERSION {} | ret=SUCCESS |  
2025-10-16 19:47:23,871 [8a3c3252-9afe-4d3a-8492-25be6557678a-EndpointStateMachineTaskThread-/0.0.0.0:15002-0 ] INFO  utils.DatanodeStoreCache (DatanodeStoreCache.java:addDB(70)) - Added db /home/runner/work/ozone/ozone/hadoop-ozone/integration-test/target/test-dir/MiniOzoneClusterImpl-e7911277-7775-4457-96c8-94071a26a1ce/ozone-metadata/datanode-2/data-0/hdds/e7911277-7775-4457-96c8-94071a26a1ce/DS-e8ce7207-5481-4196-b848-0df4a7cb836c/container.db to cache
2025-10-16 19:47:23,872 [8a3c3252-9afe-4d3a-8492-25be6557678a-EndpointStateMachineTaskThread-/0.0.0.0:15002-0 ] INFO  volume.HddsVolume (HddsVolume.java:createDbStore(576)) - SchemaV3 db is created and loaded at /home/runner/work/ozone/ozone/hadoop-ozone/integration-test/target/test-dir/MiniOzoneClusterImpl-e7911277-7775-4457-96c8-94071a26a1ce/ozone-metadata/datanode-2/data-0/hdds/e7911277-7775-4457-96c8-94071a26a1ce/DS-e8ce7207-5481-4196-b848-0df4a7cb836c/container.db for volume DS-e8ce7207-5481-4196-b848-0df4a7cb836c
2025-10-16 19:47:23,875 [8a3c3252-9afe-4d3a-8492-25be6557678a-ContainerReader-0] INFO  ozoneimpl.ContainerReader (ContainerReader.java:readVolume(147)) - Start to verify containers on volume /home/runner/work/ozone/ozone/hadoop-ozone/integration-test/target/test-dir/MiniOzoneClusterImpl-e7911277-7775-4457-96c8-94071a26a1ce/ozone-metadata/datanode-2/data-0/hdds
2025-10-16 19:47:23,875 [8a3c3252-9afe-4d3a-8492-25be6557678a-ContainerReader-0] INFO  ozoneimpl.ContainerReader (ContainerReader.java:readVolume(177)) - Finish verifying containers on volume /home/runner/work/ozone/ozone/hadoop-ozone/integration-test/target/test-dir/MiniOzoneClusterImpl-e7911277-7775-4457-96c8-94071a26a1ce/ozone-metadata/datanode-2/data-0/hdds
2025-10-16 19:47:23,875 [8a3c3252-9afe-4d3a-8492-25be6557678a-EndpointStateMachineTaskThread-/0.0.0.0:15002-0 ] INFO  ozoneimpl.OzoneContainer (OzoneContainer.java:buildContainerSet(359)) - Build ContainerSet costs 0s
2025-10-16 19:47:23,875 [8a3c3252-9afe-4d3a-8492-25be6557678a-EndpointStateMachineTaskThread-/0.0.0.0:15002-0 ] INFO  volume.ThrottledAsyncChecker (ThrottledAsyncChecker.java:schedule(138)) - Scheduling a check for /home/runner/work/ozone/ozone/hadoop-ozone/integration-test/target/test-dir/MiniOzoneClusterImpl-e7911277-7775-4457-96c8-94071a26a1ce/ozone-metadata/datanode-2/data-0/hdds
2025-10-16 19:47:23,876 [8a3c3252-9afe-4d3a-8492-25be6557678a-EndpointStateMachineTaskThread-/0.0.0.0:15002-0 ] INFO  volume.StorageVolumeChecker (StorageVolumeChecker.java:checkAllVolumes(231)) - Scheduled health check for volume /home/runner/work/ozone/ozone/hadoop-ozone/integration-test/target/test-dir/MiniOzoneClusterImpl-e7911277-7775-4457-96c8-94071a26a1ce/ozone-metadata/datanode-2/data-0/hdds
2025-10-16 19:47:23,879 [8a3c3252-9afe-4d3a-8492-25be6557678a-EndpointStateMachineTaskThread-/0.0.0.0:15002-0 ] INFO  volume.ThrottledAsyncChecker (ThrottledAsyncChecker.java:schedule(138)) - Scheduling a check for /home/runner/work/ozone/ozone/hadoop-ozone/integration-test/target/test-dir/MiniOzoneClusterImpl-e7911277-7775-4457-96c8-94071a26a1ce/ozone-metadata/datanode-2/ratis
2025-10-16 19:47:23,879 [8a3c3252-9afe-4d3a-8492-25be6557678a-EndpointStateMachineTaskThread-/0.0.0.0:15002-0 ] INFO  volume.StorageVolumeChecker (StorageVolumeChecker.java:checkAllVolumes(231)) - Scheduled health check for volume /home/runner/work/ozone/ozone/hadoop-ozone/integration-test/target/test-dir/MiniOzoneClusterImpl-e7911277-7775-4457-96c8-94071a26a1ce/ozone-metadata/datanode-2/ratis
2025-10-16 19:47:23,880 [8a3c3252-9afe-4d3a-8492-25be6557678a-EndpointStateMachineTaskThread-/0.0.0.0:15002-0 ] INFO  ozoneimpl.OzoneContainer (OzoneContainer.java:start(544)) - Attempting to start container services.
2025-10-16 19:47:23,881 [ContainerMetadataScanner] INFO  ozoneimpl.AbstractBackgroundContainerScanner (AbstractBackgroundContainerScanner.java:runIteration(89)) - Completed an iteration in 0 minutes. Number of iterations (since the data-node restart) : 1, Number of containers scanned in this iteration : 0, Number of unhealthy containers found in this iteration : 0
2025-10-16 19:47:23,882 [ContainerDataScanner(/home/runner/work/ozone/ozone/hadoop-ozone/integration-test/target/test-dir/MiniOzoneClusterImpl-e7911277-7775-4457-96c8-94071a26a1ce/ozone-metadata/datanode-2/data-0/hdds)] INFO  ozoneimpl.AbstractBackgroundContainerScanner (AbstractBackgroundContainerScanner.java:runIteration(89)) - Completed an iteration in 0 minutes. Number of iterations (since the data-node restart) : 1, Number of containers scanned in this iteration : 0, Number of unhealthy containers found in this iteration : 0
2025-10-16 19:47:23,883 [8a3c3252-9afe-4d3a-8492-25be6557678a-EndpointStateMachineTaskThread-/0.0.0.0:15002-0 ] INFO  replication.ReplicationServer (ReplicationServer.java:start(137)) - ReplicationServer is started using port 15025
2025-10-16 19:47:23,884 [8a3c3252-9afe-4d3a-8492-25be6557678a-EndpointStateMachineTaskThread-/0.0.0.0:15002-0 ] INFO  ratis.XceiverServerRatis (XceiverServerRatis.java:start(559)) - Starting XceiverServerRatis(8a3c3252-9afe-4d3a-8492-25be6557678a)
2025-10-16 19:47:23,885 [8a3c3252-9afe-4d3a-8492-25be6557678a-EndpointStateMachineTaskThread-/0.0.0.0:15002-0 ] INFO  server.RaftServer (RaftServerProxy.java:startImpl(412)) - 8a3c3252-9afe-4d3a-8492-25be6557678a: start RPC server
2025-10-16 19:47:23,886 [8a3c3252-9afe-4d3a-8492-25be6557678a-EndpointStateMachineTaskThread-/0.0.0.0:15002-0 ] INFO  server.GrpcServicesImpl (GrpcServicesImpl.java:startImpl(346)) - 8a3c3252-9afe-4d3a-8492-25be6557678a: GrpcServicesImpl started, listening on 15021
2025-10-16 19:47:23,886 [8a3c3252-9afe-4d3a-8492-25be6557678a-EndpointStateMachineTaskThread-/0.0.0.0:15002-0 ] INFO  server.GrpcServicesImpl (GrpcServicesImpl.java:startImpl(346)) - 8a3c3252-9afe-4d3a-8492-25be6557678a: GrpcServicesImpl started, listening on 15023
2025-10-16 19:47:23,887 [8a3c3252-9afe-4d3a-8492-25be6557678a-EndpointStateMachineTaskThread-/0.0.0.0:15002-0 ] INFO  server.GrpcServicesImpl (GrpcServicesImpl.java:startImpl(346)) - 8a3c3252-9afe-4d3a-8492-25be6557678a: GrpcServicesImpl started, listening on 15022
2025-10-16 19:47:23,887 [8a3c3252-9afe-4d3a-8492-25be6557678a-EndpointStateMachineTaskThread-/0.0.0.0:15002-0 ] INFO  ratis.XceiverServerRatis (XceiverServerRatis.java:getRealPort(586)) - XceiverServerRatis(8a3c3252-9afe-4d3a-8492-25be6557678a) is started using port RATIS=15021
2025-10-16 19:47:23,888 [8a3c3252-9afe-4d3a-8492-25be6557678a-EndpointStateMachineTaskThread-/0.0.0.0:15002-0 ] INFO  ratis.XceiverServerRatis (XceiverServerRatis.java:getRealPort(586)) - XceiverServerRatis(8a3c3252-9afe-4d3a-8492-25be6557678a) is started using port RATIS_ADMIN=15022
2025-10-16 19:47:23,888 [JvmPauseMonitor4] INFO  util.JvmPauseMonitor (JvmPauseMonitor.java:run(146)) - JvmPauseMonitor-8a3c3252-9afe-4d3a-8492-25be6557678a: Started
2025-10-16 19:47:23,888 [8a3c3252-9afe-4d3a-8492-25be6557678a-EndpointStateMachineTaskThread-/0.0.0.0:15002-0 ] INFO  ratis.XceiverServerRatis (XceiverServerRatis.java:getRealPort(586)) - XceiverServerRatis(8a3c3252-9afe-4d3a-8492-25be6557678a) is started using port RATIS_SERVER=15023
2025-10-16 19:47:23,888 [8a3c3252-9afe-4d3a-8492-25be6557678a-EndpointStateMachineTaskThread-/0.0.0.0:15002-0 ] INFO  ratis.XceiverServerRatis (XceiverServerRatis.java:getRealPort(586)) - XceiverServerRatis(8a3c3252-9afe-4d3a-8492-25be6557678a) is started using port RATIS_DATASTREAM=15024
2025-10-16 19:47:23,889 [8a3c3252-9afe-4d3a-8492-25be6557678a-EndpointStateMachineTaskThread-/0.0.0.0:15002-0 ] INFO  utils.BackgroundService (BackgroundService.java:start(119)) - Starting service BlockDeletingService with interval 60000 milliseconds
2025-10-16 19:47:23,891 [8a3c3252-9afe-4d3a-8492-25be6557678a-EndpointStateMachineTaskThread-/0.0.0.0:15002-0 ] INFO  utils.BackgroundService (BackgroundService.java:start(119)) - Starting service StaleRecoveringContainerScrubbingService with interval 60000 milliseconds
2025-10-16 19:47:23,918 [ForkJoinPool-1-worker-1] INFO  handler.ContextHandler (ContextHandler.java:doStart(921)) - Started o.e.j.w.WebAppContext@1561c158{hddsDatanode,/,file:///home/runner/work/ozone/ozone/hadoop-ozone/integration-test/target/test-dir/MiniOzoneClusterImpl-e7911277-7775-4457-96c8-94071a26a1ce/scm/ozone-metadata/webserver/jetty-0_0_0_0-15034-hdds-container-service-2_1_0-SNAPSHOT_jar-_-any-8574026313660599410/webapp/,AVAILABLE}{jar:file:/home/runner/work/ozone/ozone/hadoop-hdds/container-service/target/hdds-container-service-2.1.0-SNAPSHOT.jar!/webapps/hddsDatanode}
2025-10-16 19:47:23,919 [ForkJoinPool-1-worker-1] INFO  server.AbstractConnector (AbstractConnector.java:doStart(333)) - Started ServerConnector@3b6d4586{HTTP/1.1, (http/1.1)}{0.0.0.0:15034}
2025-10-16 19:47:23,919 [ForkJoinPool-1-worker-1] INFO  server.Server (Server.java:doStart(415)) - Started @11772ms
2025-10-16 19:47:23,919 [ForkJoinPool-1-worker-1] WARN  impl.MetricsSystemImpl (MetricsSystemImpl.java:register(279)) - Sink prometheus already exists!
2025-10-16 19:47:23,919 [ForkJoinPool-1-worker-1] INFO  http.BaseHttpServer (BaseHttpServer.java:updateConnectorAddress(357)) - HTTP server of hddsDatanode listening at http://localhost:15034
2025-10-16 19:47:23,920 [ForkJoinPool-1-worker-1] INFO  ipc.CallQueueManager (CallQueueManager.java:<init>(93)) - Using callQueue: class java.util.concurrent.LinkedBlockingQueue, queueCapacity: 1000, scheduler: class org.apache.hadoop.ipc.DefaultRpcScheduler, ipcBackoff: false, ipcFailOver: false.
2025-10-16 19:47:23,920 [ForkJoinPool-1-worker-1] INFO  ipc.Server (Server.java:<init>(1438)) - Listener at 0.0.0.0:15035
2025-10-16 19:47:23,920 [Socket Reader #1 for port 15035] INFO  ipc.Server (Server.java:run(1474)) - Starting Socket Reader #1 for port 15035
2025-10-16 19:47:23,921 [Socket Reader #2 for port 15035] INFO  ipc.Server (Server.java:run(1474)) - Starting Socket Reader #2 for port 15035
2025-10-16 19:47:23,921 [Socket Reader #3 for port 15035] INFO  ipc.Server (Server.java:run(1474)) - Starting Socket Reader #3 for port 15035
2025-10-16 19:47:23,921 [Socket Reader #4 for port 15035] INFO  ipc.Server (Server.java:run(1474)) - Starting Socket Reader #4 for port 15035
2025-10-16 19:47:23,921 [Socket Reader #5 for port 15035] INFO  ipc.Server (Server.java:run(1474)) - Starting Socket Reader #5 for port 15035
2025-10-16 19:47:23,922 [Socket Reader #6 for port 15035] INFO  ipc.Server (Server.java:run(1474)) - Starting Socket Reader #6 for port 15035
2025-10-16 19:47:23,922 [Socket Reader #7 for port 15035] INFO  ipc.Server (Server.java:run(1474)) - Starting Socket Reader #7 for port 15035
2025-10-16 19:47:23,922 [Socket Reader #8 for port 15035] INFO  ipc.Server (Server.java:run(1474)) - Starting Socket Reader #8 for port 15035
2025-10-16 19:47:23,923 [Socket Reader #9 for port 15035] INFO  ipc.Server (Server.java:run(1474)) - Starting Socket Reader #9 for port 15035
2025-10-16 19:47:23,923 [Socket Reader #10 for port 15035] INFO  ipc.Server (Server.java:run(1474)) - Starting Socket Reader #10 for port 15035
2025-10-16 19:47:23,925 [ForkJoinPool-1-worker-1] INFO  ozone.HddsDatanodeService (HddsDatanodeService.java:start(333)) - Datanode start with admins: [admin, runner]
2025-10-16 19:47:23,925 [ForkJoinPool-1-worker-1] INFO  ozone.HddsDatanodeClientProtocolServer (HddsDatanodeClientProtocolServer.java:start(76)) - RPC server for Client /0.0.0.0:15035
2025-10-16 19:47:23,926 [IPC Server Responder] INFO  ipc.Server (Server.java:run(1713)) - IPC Server Responder: starting
2025-10-16 19:47:23,926 [IPC Server listener on 15035] INFO  ipc.Server (Server.java:run(1553)) - IPC Server listener on 15035: starting
2025-10-16 19:47:23,927 [ForkJoinPool-1-worker-1] WARN  dropwizard3.Dm3MetricRegistriesImpl (Dm3MetricRegistriesImpl.java:addReporterRegistration(114)) - New reporters are added after registries were created. Some metrics will be missing from the reporter. Please add reporter before adding any new registry.
2025-10-16 19:47:23,928 [ForkJoinPool-1-worker-1] WARN  dropwizard3.Dm3MetricRegistriesImpl (Dm3MetricRegistriesImpl.java:addReporterRegistration(114)) - New reporters are added after registries were created. Some metrics will be missing from the reporter. Please add reporter before adding any new registry.
2025-10-16 19:47:23,929 [aa213937-adc5-47da-a770-0ee1e4664344-DatanodeStateMachineDaemonThread] INFO  statemachine.DatanodeStateMachine (DatanodeStateMachine.java:startStateMachineThread(363)) - Ozone container server started.
2025-10-16 19:47:23,935 [aa213937-adc5-47da-a770-0ee1e4664344-DatanodeStateMachineTaskThread-0] INFO  datanode.InitDatanodeState (InitDatanodeState.java:persistContainerDatanodeDetails(139)) - DatanodeDetails is persisted to /home/runner/work/ozone/ozone/hadoop-ozone/integration-test/target/test-dir/MiniOzoneClusterImpl-e7911277-7775-4457-96c8-94071a26a1ce/ozone-metadata/datanode-4/ozone-metadata/datanode.id
2025-10-16 19:47:23,947 [ForkJoinPool-1-worker-1] INFO  protocol.DatanodeDetails (DatanodeDetails.java:validateDatanodeIpAddress(199)) - Updating IP address of datanode 58cff6b7-b2a7-446b-a75a-bb98ad6b11b8(localhost/null) to 127.0.0.1
2025-10-16 19:47:23,947 [ForkJoinPool-1-worker-1] INFO  ozone.HddsDatanodeService (HddsDatanodeService.java:start(236)) - HddsDatanodeService 58cff6b7-b2a7-446b-a75a-bb98ad6b11b8(localhost/127.0.0.1)
2025-10-16 19:47:23,950 [ForkJoinPool-1-worker-1] INFO  upgrade.AbstractLayoutVersionManager (AbstractLayoutVersionManager.java:init(80)) - Initializing Layout version manager with metadata layout = WITNESSED_CONTAINER_DB_PROTO_VALUE (version = 9), software layout = WITNESSED_CONTAINER_DB_PROTO_VALUE (version = 9)
2025-10-16 19:47:23,950 [ForkJoinPool-1-worker-1] INFO  statemachine.DatanodeStateMachine (DatanodeStateMachine.java:getEndPointTaskThreadPoolSize(321)) - Datanode State Machine Task Thread Pool size 2
2025-10-16 19:47:23,954 [ForkJoinPool-1-worker-1] INFO  volume.HddsVolume (HddsVolume.java:<init>(162)) - HddsVolume: { id=DS-626d13d5-8496-4959-94e1-acc9b7ee66fe dir=/home/runner/work/ozone/ozone/hadoop-ozone/integration-test/target/test-dir/MiniOzoneClusterImpl-e7911277-7775-4457-96c8-94071a26a1ce/ozone-metadata/datanode-5/data-0/hdds type=DISK capacity=9222449699674390527 used=0 available=9222449699674390527 minFree=184448985434423296 committed=0 }
2025-10-16 19:47:23,954 [ForkJoinPool-1-worker-1] INFO  volume.MutableVolumeSet (MutableVolumeSet.java:initializeVolumeSet(175)) - Added Volume : /home/runner/work/ozone/ozone/hadoop-ozone/integration-test/target/test-dir/MiniOzoneClusterImpl-e7911277-7775-4457-96c8-94071a26a1ce/ozone-metadata/datanode-5/data-0/hdds to VolumeSet
2025-10-16 19:47:23,956 [ForkJoinPool-1-worker-1] INFO  volume.MutableVolumeSet (MutableVolumeSet.java:initializeVolumeSet(175)) - Added Volume : /home/runner/work/ozone/ozone/hadoop-ozone/integration-test/target/test-dir/MiniOzoneClusterImpl-e7911277-7775-4457-96c8-94071a26a1ce/ozone-metadata/datanode-5/ratis to VolumeSet
2025-10-16 19:47:23,956 [ForkJoinPool-1-worker-1] INFO  ozoneimpl.OzoneContainer (HddsVolumeUtil.java:loadAllHddsVolumeDbStore(102)) - Load 1 volumes DbStore cost: 1ms
2025-10-16 19:47:23,957 [ForkJoinPool-1-worker-1] WARN  db.DBStoreBuilder (DBStoreBuilder.java:getDBDirPath(157)) - ozone.scm.datanode.id.dir is not configured. We recommend adding this setting. Falling back to ozone.metadata.dirs instead.
2025-10-16 19:47:23,958 [ForkJoinPool-1-worker-1] WARN  db.DBStoreBuilder (DBStoreBuilder.java:getDBDirPath(157)) - ozone.scm.datanode.id.dir is not configured. We recommend adding this setting. Falling back to ozone.metadata.dirs instead.
2025-10-16 19:47:23,972 [ForkJoinPool-1-worker-1] INFO  impl.FilePerChunkStrategy (FilePerChunkStrategy.java:<init>(79)) - ozone.chunk.read.mapped.buffer.max.count is load with 0
2025-10-16 19:47:23,972 [ForkJoinPool-1-worker-1] INFO  impl.FilePerBlockStrategy (FilePerBlockStrategy.java:<init>(88)) - ozone.chunk.read.mapped.buffer.max.count is load with 0
2025-10-16 19:47:23,973 [ForkJoinPool-1-worker-1] INFO  server.RaftServerConfigKeys (ConfUtils.java:logGet(62)) - raft.server.log.appender.buffer.byte-limit = 33554432 (custom)
2025-10-16 19:47:23,975 [ForkJoinPool-1-worker-1] INFO  grpc.GrpcConfigKeys (ConfUtils.java:logFallback(69)) - raft.grpc.admin.host = null (fallback to raft.grpc.server.host)
2025-10-16 19:47:23,975 [ForkJoinPool-1-worker-1] INFO  grpc.GrpcConfigKeys (ConfUtils.java:logGet(62)) - raft.grpc.admin.port = 15046 (custom)
2025-10-16 19:47:23,975 [ForkJoinPool-1-worker-1] INFO  grpc.GrpcConfigKeys (ConfUtils.java:logFallback(69)) - raft.grpc.client.host = null (fallback to raft.grpc.server.host)
2025-10-16 19:47:23,976 [ForkJoinPool-1-worker-1] INFO  grpc.GrpcConfigKeys (ConfUtils.java:logGet(62)) - raft.grpc.client.port = 15045 (custom)
2025-10-16 19:47:23,976 [ForkJoinPool-1-worker-1] INFO  grpc.GrpcConfigKeys (ConfUtils.java:logGet(62)) - raft.grpc.server.port = 15047 (custom)
2025-10-16 19:47:23,976 [ForkJoinPool-1-worker-1] INFO  server.GrpcServicesImpl (ConfUtils.java:logGet(62)) - raft.grpc.message.size.max = 34603008 (custom)
2025-10-16 19:47:23,976 [ForkJoinPool-1-worker-1] INFO  server.GrpcServicesImpl (ConfUtils.java:logGet(62)) - raft.grpc.flow.control.window = 5MB (=5242880) (custom)
2025-10-16 19:47:23,976 [ForkJoinPool-1-worker-1] INFO  server.RaftServerConfigKeys (ConfUtils.java:logGet(62)) - raft.server.log.appender.buffer.byte-limit = 33554432 (custom)
2025-10-16 19:47:23,978 [ForkJoinPool-1-worker-1] INFO  netty.NettyUtils (NettyUtils.java:newEventLoopGroup(74)) - Create EpollEventLoopGroup for 58cff6b7-b2a7-446b-a75a-bb98ad6b11b8-NettyServerStreamRpc-bossGroup; Thread size is 0.
2025-10-16 19:47:23,979 [ForkJoinPool-1-worker-1] INFO  netty.NettyUtils (NettyUtils.java:newEventLoopGroup(74)) - Create EpollEventLoopGroup for 58cff6b7-b2a7-446b-a75a-bb98ad6b11b8-NettyServerStreamRpc-workerGroup; Thread size is 0.
2025-10-16 19:47:23,980 [ForkJoinPool-1-worker-1] INFO  netty.NettyConfigKeys$DataStream (ConfUtils.java:logGet(62)) - raft.netty.dataStream.port = 15048 (custom)
2025-10-16 19:47:23,980 [ForkJoinPool-1-worker-1] INFO  server.RaftServerConfigKeys (ConfUtils.java:logGet(62)) - raft.server.storage.dir = [/home/runner/work/ozone/ozone/hadoop-ozone/integration-test/target/test-dir/MiniOzoneClusterImpl-e7911277-7775-4457-96c8-94071a26a1ce/ozone-metadata/datanode-5/ratis] (custom)
2025-10-16 19:47:23,981 [58cff6b7-b2a7-446b-a75a-bb98ad6b11b8-NettyServerStreamRpc-bossGroup--thread1] INFO  logging.LoggingHandler (AbstractInternalLogger.java:log(148)) - [id: 0x14bff260] REGISTERED
2025-10-16 19:47:23,981 [58cff6b7-b2a7-446b-a75a-bb98ad6b11b8-NettyServerStreamRpc-bossGroup--thread1] INFO  logging.LoggingHandler (AbstractInternalLogger.java:log(148)) - [id: 0x14bff260] BIND: 0.0.0.0/0.0.0.0:15048
2025-10-16 19:47:23,981 [58cff6b7-b2a7-446b-a75a-bb98ad6b11b8-NettyServerStreamRpc-bossGroup--thread1] INFO  logging.LoggingHandler (AbstractInternalLogger.java:log(148)) - [id: 0x14bff260, L:/0.0.0.0:15048] ACTIVE
2025-10-16 19:47:23,982 [58cff6b7-b2a7-446b-a75a-bb98ad6b11b8-impl-thread1] INFO  server.RaftServer (RaftServerProxy.java:initGroupDir(270)) - 58cff6b7-b2a7-446b-a75a-bb98ad6b11b8: found a subdirectory /home/runner/work/ozone/ozone/hadoop-ozone/integration-test/target/test-dir/MiniOzoneClusterImpl-e7911277-7775-4457-96c8-94071a26a1ce/ozone-metadata/datanode-5/ratis/tmp
2025-10-16 19:47:23,982 [58cff6b7-b2a7-446b-a75a-bb98ad6b11b8-impl-thread1] INFO  server.RaftServer (RaftServerProxy.java:initGroupDir(275)) - 58cff6b7-b2a7-446b-a75a-bb98ad6b11b8: The directory /home/runner/work/ozone/ozone/hadoop-ozone/integration-test/target/test-dir/MiniOzoneClusterImpl-e7911277-7775-4457-96c8-94071a26a1ce/ozone-metadata/datanode-5/ratis/tmp is not a group directory; ignoring it. 
2025-10-16 19:47:23,982 [ForkJoinPool-1-worker-1] INFO  replication.ReplicationServer (ReplicationServer.java:<init>(84)) - Initializing replication server with thread count = 10 queue length = 4096
2025-10-16 19:47:23,984 [ForkJoinPool-1-worker-1] INFO  server.XceiverServerGrpc (XceiverServerGrpc.java:<init>(129)) - GrpcServer channel type EpollServerSocketChannel
2025-10-16 19:47:23,985 [ForkJoinPool-1-worker-1] INFO  replication.ReplicationSupervisor (ReplicationSupervisor.java:build(169)) - Initializing replication supervisor with thread count = 10
2025-10-16 19:47:23,986 [ForkJoinPool-1-worker-1] INFO  replication.ReplicationSupervisor (ReplicationSupervisor.java:nodeStateUpdated(358)) - Node state updated to IN_SERVICE, scaling executor pool size to 10
2025-10-16 19:47:23,990 [ForkJoinPool-1-worker-1] INFO  http.BaseHttpServer (BaseHttpServer.java:newHttpServer2BuilderForOzone(227)) - Starting Web-server for hddsDatanode at: http://0.0.0.0:15042
2025-10-16 19:47:23,990 [ForkJoinPool-1-worker-1] INFO  http.BaseHttpServer (BaseHttpServer.java:<init>(105)) - Hadoop Security Enabled: false Ozone Security Enabled: false Ozone HTTP Security Enabled: false 
2025-10-16 19:47:23,992 [ForkJoinPool-1-worker-1] WARN  server.AuthenticationFilter (AuthenticationFilter.java:constructSecretProvider(240)) - Unable to initialize FileSignerSecretProvider, falling back to use random secrets. Reason: Could not read signature secret file: /home/runner/hadoop-http-auth-signature-secret
2025-10-16 19:47:23,995 [ForkJoinPool-1-worker-1] INFO  http.HttpServer2 (HttpServer2.java:addGlobalFilter(1040)) - Added global filter 'safety' (class=org.apache.hadoop.hdds.server.http.HttpServer2$QuotingInputFilter)
2025-10-16 19:47:23,997 [ForkJoinPool-1-worker-1] INFO  http.HttpServer2 (HttpServer2.java:addFilter(1016)) - Added filter static_user_filter (class=org.apache.hadoop.http.lib.StaticUserWebFilter$StaticUserFilter) to context hddsDatanode
2025-10-16 19:47:23,997 [ForkJoinPool-1-worker-1] INFO  http.HttpServer2 (HttpServer2.java:addFilter(1024)) - Added filter static_user_filter (class=org.apache.hadoop.http.lib.StaticUserWebFilter$StaticUserFilter) to context logs
2025-10-16 19:47:23,997 [ForkJoinPool-1-worker-1] INFO  http.HttpServer2 (HttpServer2.java:addFilter(1024)) - Added filter static_user_filter (class=org.apache.hadoop.http.lib.StaticUserWebFilter$StaticUserFilter) to context static
2025-10-16 19:47:23,997 [ForkJoinPool-1-worker-1] INFO  http.BaseHttpServer (BaseHttpServer.java:<init>(193)) - HTTP server of hddsDatanode uses base directory /home/runner/work/ozone/ozone/hadoop-ozone/integration-test/target/test-dir/MiniOzoneClusterImpl-e7911277-7775-4457-96c8-94071a26a1ce/scm/ozone-metadata/webserver
2025-10-16 19:47:23,998 [ForkJoinPool-1-worker-1] INFO  http.HttpServer2 (HttpServer2.java:bindListener(1240)) - Jetty bound to port 15042
2025-10-16 19:47:23,998 [ForkJoinPool-1-worker-1] INFO  server.Server (Server.java:doStart(375)) - jetty-9.4.58.v20250814; built: 2025-08-14T02:28:49.637Z; git: 8f1440587e9e4ae7db3d74cf205643f3d707148d; jvm 21.0.8+9-LTS
2025-10-16 19:47:23,999 [ForkJoinPool-1-worker-1] INFO  server.session (DefaultSessionIdManager.java:doStart(334)) - DefaultSessionIdManager workerName=node0
2025-10-16 19:47:23,999 [ForkJoinPool-1-worker-1] INFO  server.session (DefaultSessionIdManager.java:doStart(339)) - No SessionScavenger set, using defaults
2025-10-16 19:47:24,000 [ForkJoinPool-1-worker-1] INFO  server.session (HouseKeeper.java:startScavenging(132)) - node0 Scavenging every 660000ms
2025-10-16 19:47:24,001 [ForkJoinPool-1-worker-1] INFO  handler.ContextHandler (ContextHandler.java:doStart(921)) - Started o.e.j.s.ServletContextHandler@56e69c40{logs,/logs,file:///home/runner/work/ozone/ozone/hadoop-ozone/integration-test/target/log,AVAILABLE}
2025-10-16 19:47:24,001 [ForkJoinPool-1-worker-1] INFO  handler.ContextHandler (ContextHandler.java:doStart(921)) - Started o.e.j.s.ServletContextHandler@36eb86c7{static,/static,jar:file:/home/runner/work/ozone/ozone/hadoop-hdds/container-service/target/hdds-container-service-2.1.0-SNAPSHOT.jar!/webapps/static,AVAILABLE}
2025-10-16 19:47:24,115 [IPC Server handler 1 on default port 15002] INFO  net.NetworkTopologyImpl (NetworkTopologyImpl.java:add(133)) - Added a new node: /default-rack/f700af26-0e26-4136-9205-9509c82c8c70
2025-10-16 19:47:24,117 [IPC Server handler 1 on default port 15002] INFO  node.SCMNodeManager (SCMNodeManager.java:register(423)) - Registered datanode: f700af26-0e26-4136-9205-9509c82c8c70{ip: 127.0.0.1, host: localhost, ports: [HTTP=15010, CLIENT_RPC=15011, REPLICATION=15017, RATIS=15013, RATIS_ADMIN=15014, RATIS_SERVER=15015, RATIS_DATASTREAM=15016, STANDALONE=15012], networkLocation: /default-rack, certSerialId: null, persistedOpState: null, persistedOpStateExpiryEpochSec: 0}
2025-10-16 19:47:24,120 [EventQueue-NewNodeForNewNodeHandler] INFO  pipeline.BackgroundPipelineCreator (BackgroundPipelineCreator.java:notifyEventTriggered(290)) - trigger a one-shot run on RatisPipelineUtilsThread.
2025-10-16 19:47:24,121 [EventQueue-ContainerRegistrationReportForRatisContainerSafeModeRule] INFO  safemode.SCMSafeModeManager (SCMSafeModeManager.java:validateSafeModeExitRules(138)) - RatisContainerSafeModeRule rule is successfully validated
2025-10-16 19:47:24,122 [EventQueue-ContainerRegistrationReportForECContainerSafeModeRule] INFO  safemode.SCMSafeModeManager (SCMSafeModeManager.java:validateSafeModeExitRules(138)) - ECContainerSafeModeRule rule is successfully validated
2025-10-16 19:47:24,122 [EventQueue-NodeRegistrationContainerReportForDataNodeSafeModeRule] INFO  safemode.SCMSafeModeManager (DataNodeSafeModeRule.java:process(78)) - SCM in safe mode. 1 DataNodes registered, 3 required.
2025-10-16 19:47:24,123 [EventQueue-PipelineReportForOneReplicaPipelineSafeModeRule] INFO  safemode.SCMSafeModeManager (SCMSafeModeManager.java:validateSafeModeExitRules(138)) - OneReplicaPipelineSafeModeRule rule is successfully validated
2025-10-16 19:47:24,126 [RatisPipelineUtilsThread-0] INFO  pipeline.RatisPipelineProvider (RatisPipelineProvider.java:lambda$create$0(208)) - Sending CreatePipelineCommand for pipeline:Pipeline-51adcc56-eff2-451d-bc59-bd7e4048fa23 to datanode:f700af26-0e26-4136-9205-9509c82c8c70(localhost/127.0.0.1)
2025-10-16 19:47:24,126 | INFO  | SCMAudit | user=runner | ip=127.0.0.1 | op=REGISTER {"datanodeDetails":"f700af26-0e26-4136-9205-9509c82c8c70(localhost/127.0.0.1)"} | ret=SUCCESS |  
2025-10-16 19:47:24,131 | INFO  | SCMAudit | user=runner | ip=127.0.0.1 | op=GET_VERSION {} | ret=SUCCESS |  
2025-10-16 19:47:24,199 [764b18f0-81c5-439a-9fff-25adc4f241fa-EndpointStateMachineTaskThread-/0.0.0.0:15002-0 ] INFO  utils.DatanodeStoreCache (DatanodeStoreCache.java:addDB(70)) - Added db /home/runner/work/ozone/ozone/hadoop-ozone/integration-test/target/test-dir/MiniOzoneClusterImpl-e7911277-7775-4457-96c8-94071a26a1ce/ozone-metadata/datanode-3/data-0/hdds/e7911277-7775-4457-96c8-94071a26a1ce/DS-0b314485-9d07-45f2-a74b-6069aacb133e/container.db to cache
2025-10-16 19:47:24,199 [ForkJoinPool-1-worker-1] INFO  handler.ContextHandler (ContextHandler.java:doStart(921)) - Started o.e.j.w.WebAppContext@3fa8a48d{hddsDatanode,/,file:///home/runner/work/ozone/ozone/hadoop-ozone/integration-test/target/test-dir/MiniOzoneClusterImpl-e7911277-7775-4457-96c8-94071a26a1ce/scm/ozone-metadata/webserver/jetty-0_0_0_0-15042-hdds-container-service-2_1_0-SNAPSHOT_jar-_-any-17368753232331225131/webapp/,AVAILABLE}{jar:file:/home/runner/work/ozone/ozone/hadoop-hdds/container-service/target/hdds-container-service-2.1.0-SNAPSHOT.jar!/webapps/hddsDatanode}
2025-10-16 19:47:24,200 [764b18f0-81c5-439a-9fff-25adc4f241fa-EndpointStateMachineTaskThread-/0.0.0.0:15002-0 ] INFO  volume.HddsVolume (HddsVolume.java:createDbStore(576)) - SchemaV3 db is created and loaded at /home/runner/work/ozone/ozone/hadoop-ozone/integration-test/target/test-dir/MiniOzoneClusterImpl-e7911277-7775-4457-96c8-94071a26a1ce/ozone-metadata/datanode-3/data-0/hdds/e7911277-7775-4457-96c8-94071a26a1ce/DS-0b314485-9d07-45f2-a74b-6069aacb133e/container.db for volume DS-0b314485-9d07-45f2-a74b-6069aacb133e
2025-10-16 19:47:24,202 [ForkJoinPool-1-worker-1] INFO  server.AbstractConnector (AbstractConnector.java:doStart(333)) - Started ServerConnector@6f9cb9d3{HTTP/1.1, (http/1.1)}{0.0.0.0:15042}
2025-10-16 19:47:24,202 [ForkJoinPool-1-worker-1] INFO  server.Server (Server.java:doStart(415)) - Started @12055ms
2025-10-16 19:47:24,202 [ForkJoinPool-1-worker-1] WARN  impl.MetricsSystemImpl (MetricsSystemImpl.java:register(279)) - Sink prometheus already exists!
2025-10-16 19:47:24,202 [ForkJoinPool-1-worker-1] INFO  http.BaseHttpServer (BaseHttpServer.java:updateConnectorAddress(357)) - HTTP server of hddsDatanode listening at http://localhost:15042
2025-10-16 19:47:24,203 [ForkJoinPool-1-worker-1] INFO  ipc.CallQueueManager (CallQueueManager.java:<init>(93)) - Using callQueue: class java.util.concurrent.LinkedBlockingQueue, queueCapacity: 1000, scheduler: class org.apache.hadoop.ipc.DefaultRpcScheduler, ipcBackoff: false, ipcFailOver: false.
2025-10-16 19:47:24,204 [ForkJoinPool-1-worker-1] INFO  ipc.Server (Server.java:<init>(1438)) - Listener at 0.0.0.0:15043
2025-10-16 19:47:24,203 [bed9314d-2aab-40ad-9a80-177434bab325@group-94071A26A1CE-StateMachineUpdater] INFO  safemode.SCMSafeModeManager (SCMSafeModeManager.java:validateSafeModeExitRules(138)) - RatisContainerSafeModeRule rule is successfully validated
2025-10-16 19:47:24,204 [bed9314d-2aab-40ad-9a80-177434bab325@group-94071A26A1CE-StateMachineUpdater] INFO  safemode.HealthyPipelineSafeModeRule (HealthyPipelineSafeModeRule.java:initializeRule(226)) - Refreshed total pipeline count is 0, healthy pipeline threshold count is 1
2025-10-16 19:47:24,204 [bed9314d-2aab-40ad-9a80-177434bab325@group-94071A26A1CE-StateMachineUpdater] INFO  safemode.SCMSafeModeManager (SCMSafeModeManager.java:validateSafeModeExitRules(138)) - OneReplicaPipelineSafeModeRule rule is successfully validated
2025-10-16 19:47:24,204 [bed9314d-2aab-40ad-9a80-177434bab325@group-94071A26A1CE-StateMachineUpdater] INFO  safemode.SCMSafeModeManager (SCMSafeModeManager.java:validateSafeModeExitRules(138)) - ECContainerSafeModeRule rule is successfully validated
2025-10-16 19:47:24,204 [Socket Reader #1 for port 15043] INFO  ipc.Server (Server.java:run(1474)) - Starting Socket Reader #1 for port 15043
2025-10-16 19:47:24,206 [Socket Reader #2 for port 15043] INFO  ipc.Server (Server.java:run(1474)) - Starting Socket Reader #2 for port 15043
2025-10-16 19:47:24,207 [764b18f0-81c5-439a-9fff-25adc4f241fa-ContainerReader-0] INFO  ozoneimpl.ContainerReader (ContainerReader.java:readVolume(147)) - Start to verify containers on volume /home/runner/work/ozone/ozone/hadoop-ozone/integration-test/target/test-dir/MiniOzoneClusterImpl-e7911277-7775-4457-96c8-94071a26a1ce/ozone-metadata/datanode-3/data-0/hdds
2025-10-16 19:47:24,207 [764b18f0-81c5-439a-9fff-25adc4f241fa-ContainerReader-0] INFO  ozoneimpl.ContainerReader (ContainerReader.java:readVolume(177)) - Finish verifying containers on volume /home/runner/work/ozone/ozone/hadoop-ozone/integration-test/target/test-dir/MiniOzoneClusterImpl-e7911277-7775-4457-96c8-94071a26a1ce/ozone-metadata/datanode-3/data-0/hdds
2025-10-16 19:47:24,208 [Socket Reader #3 for port 15043] INFO  ipc.Server (Server.java:run(1474)) - Starting Socket Reader #3 for port 15043
2025-10-16 19:47:24,208 [764b18f0-81c5-439a-9fff-25adc4f241fa-EndpointStateMachineTaskThread-/0.0.0.0:15002-0 ] INFO  ozoneimpl.OzoneContainer (OzoneContainer.java:buildContainerSet(359)) - Build ContainerSet costs 0s
2025-10-16 19:47:24,208 [Socket Reader #4 for port 15043] INFO  ipc.Server (Server.java:run(1474)) - Starting Socket Reader #4 for port 15043
2025-10-16 19:47:24,208 [Socket Reader #5 for port 15043] INFO  ipc.Server (Server.java:run(1474)) - Starting Socket Reader #5 for port 15043
2025-10-16 19:47:24,210 [RatisPipelineUtilsThread-0] INFO  pipeline.BackgroundPipelineCreator (BackgroundPipelineCreator.java:createPipelines(246)) - Created new pipeline Pipeline{ Id: 51adcc56-eff2-451d-bc59-bd7e4048fa23, Nodes: [ {f700af26-0e26-4136-9205-9509c82c8c70(localhost/127.0.0.1), ReplicaIndex: 0},], ReplicationConfig: RATIS/ONE, State:ALLOCATED, leaderId:, CreationTimestamp2025-10-16T19:47:24.125250703Z[Etc/UTC]}
2025-10-16 19:47:24,212 [764b18f0-81c5-439a-9fff-25adc4f241fa-EndpointStateMachineTaskThread-/0.0.0.0:15002-0 ] INFO  volume.ThrottledAsyncChecker (ThrottledAsyncChecker.java:schedule(138)) - Scheduling a check for /home/runner/work/ozone/ozone/hadoop-ozone/integration-test/target/test-dir/MiniOzoneClusterImpl-e7911277-7775-4457-96c8-94071a26a1ce/ozone-metadata/datanode-3/data-0/hdds
2025-10-16 19:47:24,212 [Socket Reader #6 for port 15043] INFO  ipc.Server (Server.java:run(1474)) - Starting Socket Reader #6 for port 15043
2025-10-16 19:47:24,213 [Socket Reader #7 for port 15043] INFO  ipc.Server (Server.java:run(1474)) - Starting Socket Reader #7 for port 15043
2025-10-16 19:47:24,213 [Socket Reader #8 for port 15043] INFO  ipc.Server (Server.java:run(1474)) - Starting Socket Reader #8 for port 15043
2025-10-16 19:47:24,214 [Socket Reader #9 for port 15043] INFO  ipc.Server (Server.java:run(1474)) - Starting Socket Reader #9 for port 15043
2025-10-16 19:47:24,215 [764b18f0-81c5-439a-9fff-25adc4f241fa-EndpointStateMachineTaskThread-/0.0.0.0:15002-0 ] INFO  volume.StorageVolumeChecker (StorageVolumeChecker.java:checkAllVolumes(231)) - Scheduled health check for volume /home/runner/work/ozone/ozone/hadoop-ozone/integration-test/target/test-dir/MiniOzoneClusterImpl-e7911277-7775-4457-96c8-94071a26a1ce/ozone-metadata/datanode-3/data-0/hdds
2025-10-16 19:47:24,216 [Socket Reader #10 for port 15043] INFO  ipc.Server (Server.java:run(1474)) - Starting Socket Reader #10 for port 15043
2025-10-16 19:47:24,218 [ForkJoinPool-1-worker-1] INFO  ozone.HddsDatanodeService (HddsDatanodeService.java:start(333)) - Datanode start with admins: [admin, runner]
2025-10-16 19:47:24,219 [ForkJoinPool-1-worker-1] INFO  ozone.HddsDatanodeClientProtocolServer (HddsDatanodeClientProtocolServer.java:start(76)) - RPC server for Client /0.0.0.0:15043
2025-10-16 19:47:24,219 [764b18f0-81c5-439a-9fff-25adc4f241fa-EndpointStateMachineTaskThread-/0.0.0.0:15002-0 ] INFO  volume.ThrottledAsyncChecker (ThrottledAsyncChecker.java:schedule(138)) - Scheduling a check for /home/runner/work/ozone/ozone/hadoop-ozone/integration-test/target/test-dir/MiniOzoneClusterImpl-e7911277-7775-4457-96c8-94071a26a1ce/ozone-metadata/datanode-3/ratis
2025-10-16 19:47:24,220 [764b18f0-81c5-439a-9fff-25adc4f241fa-EndpointStateMachineTaskThread-/0.0.0.0:15002-0 ] INFO  volume.StorageVolumeChecker (StorageVolumeChecker.java:checkAllVolumes(231)) - Scheduled health check for volume /home/runner/work/ozone/ozone/hadoop-ozone/integration-test/target/test-dir/MiniOzoneClusterImpl-e7911277-7775-4457-96c8-94071a26a1ce/ozone-metadata/datanode-3/ratis
2025-10-16 19:47:24,220 [IPC Server Responder] INFO  ipc.Server (Server.java:run(1713)) - IPC Server Responder: starting
2025-10-16 19:47:24,220 [IPC Server listener on 15043] INFO  ipc.Server (Server.java:run(1553)) - IPC Server listener on 15043: starting
2025-10-16 19:47:24,222 [764b18f0-81c5-439a-9fff-25adc4f241fa-EndpointStateMachineTaskThread-/0.0.0.0:15002-0 ] INFO  ozoneimpl.OzoneContainer (OzoneContainer.java:start(544)) - Attempting to start container services.
2025-10-16 19:47:24,223 [ContainerMetadataScanner] INFO  ozoneimpl.AbstractBackgroundContainerScanner (AbstractBackgroundContainerScanner.java:runIteration(89)) - Completed an iteration in 0 minutes. Number of iterations (since the data-node restart) : 1, Number of containers scanned in this iteration : 0, Number of unhealthy containers found in this iteration : 0
2025-10-16 19:47:24,224 [ContainerDataScanner(/home/runner/work/ozone/ozone/hadoop-ozone/integration-test/target/test-dir/MiniOzoneClusterImpl-e7911277-7775-4457-96c8-94071a26a1ce/ozone-metadata/datanode-3/data-0/hdds)] INFO  ozoneimpl.AbstractBackgroundContainerScanner (AbstractBackgroundContainerScanner.java:runIteration(89)) - Completed an iteration in 0 minutes. Number of iterations (since the data-node restart) : 1, Number of containers scanned in this iteration : 0, Number of unhealthy containers found in this iteration : 0
2025-10-16 19:47:24,225 [764b18f0-81c5-439a-9fff-25adc4f241fa-EndpointStateMachineTaskThread-/0.0.0.0:15002-0 ] INFO  replication.ReplicationServer (ReplicationServer.java:start(137)) - ReplicationServer is started using port 15033
2025-10-16 19:47:24,225 [ForkJoinPool-1-worker-1] WARN  dropwizard3.Dm3MetricRegistriesImpl (Dm3MetricRegistriesImpl.java:addReporterRegistration(114)) - New reporters are added after registries were created. Some metrics will be missing from the reporter. Please add reporter before adding any new registry.
2025-10-16 19:47:24,225 [ForkJoinPool-1-worker-1] WARN  dropwizard3.Dm3MetricRegistriesImpl (Dm3MetricRegistriesImpl.java:addReporterRegistration(114)) - New reporters are added after registries were created. Some metrics will be missing from the reporter. Please add reporter before adding any new registry.
2025-10-16 19:47:24,225 [764b18f0-81c5-439a-9fff-25adc4f241fa-EndpointStateMachineTaskThread-/0.0.0.0:15002-0 ] INFO  ratis.XceiverServerRatis (XceiverServerRatis.java:start(559)) - Starting XceiverServerRatis(764b18f0-81c5-439a-9fff-25adc4f241fa)
2025-10-16 19:47:24,227 [58cff6b7-b2a7-446b-a75a-bb98ad6b11b8-DatanodeStateMachineDaemonThread] INFO  statemachine.DatanodeStateMachine (DatanodeStateMachine.java:startStateMachineThread(363)) - Ozone container server started.
2025-10-16 19:47:24,228 [764b18f0-81c5-439a-9fff-25adc4f241fa-EndpointStateMachineTaskThread-/0.0.0.0:15002-0 ] INFO  server.RaftServer (RaftServerProxy.java:startImpl(412)) - 764b18f0-81c5-439a-9fff-25adc4f241fa: start RPC server
2025-10-16 19:47:24,229 [764b18f0-81c5-439a-9fff-25adc4f241fa-EndpointStateMachineTaskThread-/0.0.0.0:15002-0 ] INFO  server.GrpcServicesImpl (GrpcServicesImpl.java:startImpl(346)) - 764b18f0-81c5-439a-9fff-25adc4f241fa: GrpcServicesImpl started, listening on 15029
2025-10-16 19:47:24,230 [764b18f0-81c5-439a-9fff-25adc4f241fa-EndpointStateMachineTaskThread-/0.0.0.0:15002-0 ] INFO  server.GrpcServicesImpl (GrpcServicesImpl.java:startImpl(346)) - 764b18f0-81c5-439a-9fff-25adc4f241fa: GrpcServicesImpl started, listening on 15031
2025-10-16 19:47:24,231 [764b18f0-81c5-439a-9fff-25adc4f241fa-EndpointStateMachineTaskThread-/0.0.0.0:15002-0 ] INFO  server.GrpcServicesImpl (GrpcServicesImpl.java:startImpl(346)) - 764b18f0-81c5-439a-9fff-25adc4f241fa: GrpcServicesImpl started, listening on 15030
2025-10-16 19:47:24,231 [764b18f0-81c5-439a-9fff-25adc4f241fa-EndpointStateMachineTaskThread-/0.0.0.0:15002-0 ] INFO  ratis.XceiverServerRatis (XceiverServerRatis.java:getRealPort(586)) - XceiverServerRatis(764b18f0-81c5-439a-9fff-25adc4f241fa) is started using port RATIS=15029
2025-10-16 19:47:24,231 [764b18f0-81c5-439a-9fff-25adc4f241fa-EndpointStateMachineTaskThread-/0.0.0.0:15002-0 ] INFO  ratis.XceiverServerRatis (XceiverServerRatis.java:getRealPort(586)) - XceiverServerRatis(764b18f0-81c5-439a-9fff-25adc4f241fa) is started using port RATIS_ADMIN=15030
2025-10-16 19:47:24,231 [764b18f0-81c5-439a-9fff-25adc4f241fa-EndpointStateMachineTaskThread-/0.0.0.0:15002-0 ] INFO  ratis.XceiverServerRatis (XceiverServerRatis.java:getRealPort(586)) - XceiverServerRatis(764b18f0-81c5-439a-9fff-25adc4f241fa) is started using port RATIS_SERVER=15031
2025-10-16 19:47:24,231 [764b18f0-81c5-439a-9fff-25adc4f241fa-EndpointStateMachineTaskThread-/0.0.0.0:15002-0 ] INFO  ratis.XceiverServerRatis (XceiverServerRatis.java:getRealPort(586)) - XceiverServerRatis(764b18f0-81c5-439a-9fff-25adc4f241fa) is started using port RATIS_DATASTREAM=15032
2025-10-16 19:47:24,232 [764b18f0-81c5-439a-9fff-25adc4f241fa-EndpointStateMachineTaskThread-/0.0.0.0:15002-0 ] INFO  utils.BackgroundService (BackgroundService.java:start(119)) - Starting service BlockDeletingService with interval 60000 milliseconds
2025-10-16 19:47:24,232 [764b18f0-81c5-439a-9fff-25adc4f241fa-EndpointStateMachineTaskThread-/0.0.0.0:15002-0 ] INFO  utils.BackgroundService (BackgroundService.java:start(119)) - Starting service StaleRecoveringContainerScrubbingService with interval 60000 milliseconds
2025-10-16 19:47:24,233 [JvmPauseMonitor5] INFO  util.JvmPauseMonitor (JvmPauseMonitor.java:run(146)) - JvmPauseMonitor-764b18f0-81c5-439a-9fff-25adc4f241fa: Started
2025-10-16 19:47:24,235 [58cff6b7-b2a7-446b-a75a-bb98ad6b11b8-DatanodeStateMachineTaskThread-0] INFO  datanode.InitDatanodeState (InitDatanodeState.java:persistContainerDatanodeDetails(139)) - DatanodeDetails is persisted to /home/runner/work/ozone/ozone/hadoop-ozone/integration-test/target/test-dir/MiniOzoneClusterImpl-e7911277-7775-4457-96c8-94071a26a1ce/ozone-metadata/datanode-5/ozone-metadata/datanode.id
2025-10-16 19:47:24,245 [ForkJoinPool-1-worker-1] INFO  protocol.DatanodeDetails (DatanodeDetails.java:validateDatanodeIpAddress(199)) - Updating IP address of datanode 0428ab3f-efd5-438e-ae11-9ec242443260(localhost/null) to 127.0.0.1
2025-10-16 19:47:24,246 [ForkJoinPool-1-worker-1] INFO  ozone.HddsDatanodeService (HddsDatanodeService.java:start(236)) - HddsDatanodeService 0428ab3f-efd5-438e-ae11-9ec242443260(localhost/127.0.0.1)
2025-10-16 19:47:24,247 [ForkJoinPool-1-worker-1] INFO  upgrade.AbstractLayoutVersionManager (AbstractLayoutVersionManager.java:init(80)) - Initializing Layout version manager with metadata layout = WITNESSED_CONTAINER_DB_PROTO_VALUE (version = 9), software layout = WITNESSED_CONTAINER_DB_PROTO_VALUE (version = 9)
2025-10-16 19:47:24,248 [ForkJoinPool-1-worker-1] INFO  statemachine.DatanodeStateMachine (DatanodeStateMachine.java:getEndPointTaskThreadPoolSize(321)) - Datanode State Machine Task Thread Pool size 2
2025-10-16 19:47:24,252 [ForkJoinPool-1-worker-1] INFO  volume.HddsVolume (HddsVolume.java:<init>(162)) - HddsVolume: { id=DS-08746ce6-6d0e-42a8-aa81-ff66581c2184 dir=/home/runner/work/ozone/ozone/hadoop-ozone/integration-test/target/test-dir/MiniOzoneClusterImpl-e7911277-7775-4457-96c8-94071a26a1ce/ozone-metadata/datanode-6/data-0/hdds type=DISK capacity=9222449699674390527 used=0 available=9222449699674390527 minFree=184448985434423296 committed=0 }
2025-10-16 19:47:24,252 [ForkJoinPool-1-worker-1] INFO  volume.MutableVolumeSet (MutableVolumeSet.java:initializeVolumeSet(175)) - Added Volume : /home/runner/work/ozone/ozone/hadoop-ozone/integration-test/target/test-dir/MiniOzoneClusterImpl-e7911277-7775-4457-96c8-94071a26a1ce/ozone-metadata/datanode-6/data-0/hdds to VolumeSet
2025-10-16 19:47:24,253 [ForkJoinPool-1-worker-1] INFO  volume.MutableVolumeSet (MutableVolumeSet.java:initializeVolumeSet(175)) - Added Volume : /home/runner/work/ozone/ozone/hadoop-ozone/integration-test/target/test-dir/MiniOzoneClusterImpl-e7911277-7775-4457-96c8-94071a26a1ce/ozone-metadata/datanode-6/ratis to VolumeSet
2025-10-16 19:47:24,254 [ForkJoinPool-1-worker-1] INFO  ozoneimpl.OzoneContainer (HddsVolumeUtil.java:loadAllHddsVolumeDbStore(102)) - Load 1 volumes DbStore cost: 1ms
2025-10-16 19:47:24,255 [ForkJoinPool-1-worker-1] WARN  db.DBStoreBuilder (DBStoreBuilder.java:getDBDirPath(157)) - ozone.scm.datanode.id.dir is not configured. We recommend adding this setting. Falling back to ozone.metadata.dirs instead.
2025-10-16 19:47:24,256 [ForkJoinPool-1-worker-1] WARN  db.DBStoreBuilder (DBStoreBuilder.java:getDBDirPath(157)) - ozone.scm.datanode.id.dir is not configured. We recommend adding this setting. Falling back to ozone.metadata.dirs instead.
2025-10-16 19:47:24,267 [ForkJoinPool-1-worker-1] INFO  impl.FilePerChunkStrategy (FilePerChunkStrategy.java:<init>(79)) - ozone.chunk.read.mapped.buffer.max.count is load with 0
2025-10-16 19:47:24,267 [ForkJoinPool-1-worker-1] INFO  impl.FilePerBlockStrategy (FilePerBlockStrategy.java:<init>(88)) - ozone.chunk.read.mapped.buffer.max.count is load with 0
2025-10-16 19:47:24,268 [ForkJoinPool-1-worker-1] INFO  server.RaftServerConfigKeys (ConfUtils.java:logGet(62)) - raft.server.log.appender.buffer.byte-limit = 33554432 (custom)
2025-10-16 19:47:24,271 [ForkJoinPool-1-worker-1] INFO  grpc.GrpcConfigKeys (ConfUtils.java:logFallback(69)) - raft.grpc.admin.host = null (fallback to raft.grpc.server.host)
2025-10-16 19:47:24,271 [ForkJoinPool-1-worker-1] INFO  grpc.GrpcConfigKeys (ConfUtils.java:logGet(62)) - raft.grpc.admin.port = 15054 (custom)
2025-10-16 19:47:24,271 [ForkJoinPool-1-worker-1] INFO  grpc.GrpcConfigKeys (ConfUtils.java:logFallback(69)) - raft.grpc.client.host = null (fallback to raft.grpc.server.host)
2025-10-16 19:47:24,271 [ForkJoinPool-1-worker-1] INFO  grpc.GrpcConfigKeys (ConfUtils.java:logGet(62)) - raft.grpc.client.port = 15053 (custom)
2025-10-16 19:47:24,271 [ForkJoinPool-1-worker-1] INFO  grpc.GrpcConfigKeys (ConfUtils.java:logGet(62)) - raft.grpc.server.port = 15055 (custom)
2025-10-16 19:47:24,271 [ForkJoinPool-1-worker-1] INFO  server.GrpcServicesImpl (ConfUtils.java:logGet(62)) - raft.grpc.message.size.max = 34603008 (custom)
2025-10-16 19:47:24,271 [ForkJoinPool-1-worker-1] INFO  server.GrpcServicesImpl (ConfUtils.java:logGet(62)) - raft.grpc.flow.control.window = 5MB (=5242880) (custom)
2025-10-16 19:47:24,271 [ForkJoinPool-1-worker-1] INFO  server.RaftServerConfigKeys (ConfUtils.java:logGet(62)) - raft.server.log.appender.buffer.byte-limit = 33554432 (custom)
2025-10-16 19:47:24,273 [ForkJoinPool-1-worker-1] INFO  netty.NettyUtils (NettyUtils.java:newEventLoopGroup(74)) - Create EpollEventLoopGroup for 0428ab3f-efd5-438e-ae11-9ec242443260-NettyServerStreamRpc-bossGroup; Thread size is 0.
2025-10-16 19:47:24,274 [ForkJoinPool-1-worker-1] INFO  netty.NettyUtils (NettyUtils.java:newEventLoopGroup(74)) - Create EpollEventLoopGroup for 0428ab3f-efd5-438e-ae11-9ec242443260-NettyServerStreamRpc-workerGroup; Thread size is 0.
2025-10-16 19:47:24,274 [ForkJoinPool-1-worker-1] INFO  netty.NettyConfigKeys$DataStream (ConfUtils.java:logGet(62)) - raft.netty.dataStream.port = 15056 (custom)
2025-10-16 19:47:24,275 [ForkJoinPool-1-worker-1] INFO  server.RaftServerConfigKeys (ConfUtils.java:logGet(62)) - raft.server.storage.dir = [/home/runner/work/ozone/ozone/hadoop-ozone/integration-test/target/test-dir/MiniOzoneClusterImpl-e7911277-7775-4457-96c8-94071a26a1ce/ozone-metadata/datanode-6/ratis] (custom)
2025-10-16 19:47:24,276 [0428ab3f-efd5-438e-ae11-9ec242443260-NettyServerStreamRpc-bossGroup--thread1] INFO  logging.LoggingHandler (AbstractInternalLogger.java:log(148)) - [id: 0x64a7f5dd] REGISTERED
2025-10-16 19:47:24,276 [0428ab3f-efd5-438e-ae11-9ec242443260-NettyServerStreamRpc-bossGroup--thread1] INFO  logging.LoggingHandler (AbstractInternalLogger.java:log(148)) - [id: 0x64a7f5dd] BIND: 0.0.0.0/0.0.0.0:15056
2025-10-16 19:47:24,276 [0428ab3f-efd5-438e-ae11-9ec242443260-NettyServerStreamRpc-bossGroup--thread1] INFO  logging.LoggingHandler (AbstractInternalLogger.java:log(148)) - [id: 0x64a7f5dd, L:/0.0.0.0:15056] ACTIVE
2025-10-16 19:47:24,276 [0428ab3f-efd5-438e-ae11-9ec242443260-impl-thread1] INFO  server.RaftServer (RaftServerProxy.java:initGroupDir(270)) - 0428ab3f-efd5-438e-ae11-9ec242443260: found a subdirectory /home/runner/work/ozone/ozone/hadoop-ozone/integration-test/target/test-dir/MiniOzoneClusterImpl-e7911277-7775-4457-96c8-94071a26a1ce/ozone-metadata/datanode-6/ratis/tmp
2025-10-16 19:47:24,276 [0428ab3f-efd5-438e-ae11-9ec242443260-impl-thread1] INFO  server.RaftServer (RaftServerProxy.java:initGroupDir(275)) - 0428ab3f-efd5-438e-ae11-9ec242443260: The directory /home/runner/work/ozone/ozone/hadoop-ozone/integration-test/target/test-dir/MiniOzoneClusterImpl-e7911277-7775-4457-96c8-94071a26a1ce/ozone-metadata/datanode-6/ratis/tmp is not a group directory; ignoring it. 
2025-10-16 19:47:24,277 [ForkJoinPool-1-worker-1] INFO  replication.ReplicationServer (ReplicationServer.java:<init>(84)) - Initializing replication server with thread count = 10 queue length = 4096
2025-10-16 19:47:24,278 [ForkJoinPool-1-worker-1] INFO  server.XceiverServerGrpc (XceiverServerGrpc.java:<init>(129)) - GrpcServer channel type EpollServerSocketChannel
2025-10-16 19:47:24,280 [ForkJoinPool-1-worker-1] INFO  replication.ReplicationSupervisor (ReplicationSupervisor.java:build(169)) - Initializing replication supervisor with thread count = 10
2025-10-16 19:47:24,280 [ForkJoinPool-1-worker-1] INFO  replication.ReplicationSupervisor (ReplicationSupervisor.java:nodeStateUpdated(358)) - Node state updated to IN_SERVICE, scaling executor pool size to 10
2025-10-16 19:47:24,283 [ForkJoinPool-1-worker-1] INFO  http.BaseHttpServer (BaseHttpServer.java:newHttpServer2BuilderForOzone(227)) - Starting Web-server for hddsDatanode at: http://0.0.0.0:15050
2025-10-16 19:47:24,283 [ForkJoinPool-1-worker-1] INFO  http.BaseHttpServer (BaseHttpServer.java:<init>(105)) - Hadoop Security Enabled: false Ozone Security Enabled: false Ozone HTTP Security Enabled: false 
2025-10-16 19:47:24,296 [ForkJoinPool-1-worker-1] WARN  server.AuthenticationFilter (AuthenticationFilter.java:constructSecretProvider(240)) - Unable to initialize FileSignerSecretProvider, falling back to use random secrets. Reason: Could not read signature secret file: /home/runner/hadoop-http-auth-signature-secret
2025-10-16 19:47:24,300 [ForkJoinPool-1-worker-1] INFO  http.HttpServer2 (HttpServer2.java:addGlobalFilter(1040)) - Added global filter 'safety' (class=org.apache.hadoop.hdds.server.http.HttpServer2$QuotingInputFilter)
2025-10-16 19:47:24,301 [ForkJoinPool-1-worker-1] INFO  http.HttpServer2 (HttpServer2.java:addFilter(1016)) - Added filter static_user_filter (class=org.apache.hadoop.http.lib.StaticUserWebFilter$StaticUserFilter) to context hddsDatanode
2025-10-16 19:47:24,301 [ForkJoinPool-1-worker-1] INFO  http.HttpServer2 (HttpServer2.java:addFilter(1024)) - Added filter static_user_filter (class=org.apache.hadoop.http.lib.StaticUserWebFilter$StaticUserFilter) to context logs
2025-10-16 19:47:24,301 [ForkJoinPool-1-worker-1] INFO  http.HttpServer2 (HttpServer2.java:addFilter(1024)) - Added filter static_user_filter (class=org.apache.hadoop.http.lib.StaticUserWebFilter$StaticUserFilter) to context static
2025-10-16 19:47:24,302 [ForkJoinPool-1-worker-1] INFO  http.BaseHttpServer (BaseHttpServer.java:<init>(193)) - HTTP server of hddsDatanode uses base directory /home/runner/work/ozone/ozone/hadoop-ozone/integration-test/target/test-dir/MiniOzoneClusterImpl-e7911277-7775-4457-96c8-94071a26a1ce/scm/ozone-metadata/webserver
2025-10-16 19:47:24,302 [ForkJoinPool-1-worker-1] INFO  http.HttpServer2 (HttpServer2.java:bindListener(1240)) - Jetty bound to port 15050
2025-10-16 19:47:24,302 [ForkJoinPool-1-worker-1] INFO  server.Server (Server.java:doStart(375)) - jetty-9.4.58.v20250814; built: 2025-08-14T02:28:49.637Z; git: 8f1440587e9e4ae7db3d74cf205643f3d707148d; jvm 21.0.8+9-LTS
2025-10-16 19:47:24,305 [ForkJoinPool-1-worker-1] INFO  server.session (DefaultSessionIdManager.java:doStart(334)) - DefaultSessionIdManager workerName=node0
2025-10-16 19:47:24,305 [ForkJoinPool-1-worker-1] INFO  server.session (DefaultSessionIdManager.java:doStart(339)) - No SessionScavenger set, using defaults
2025-10-16 19:47:24,305 [ForkJoinPool-1-worker-1] INFO  server.session (HouseKeeper.java:startScavenging(132)) - node0 Scavenging every 600000ms
2025-10-16 19:47:24,306 [ForkJoinPool-1-worker-1] INFO  handler.ContextHandler (ContextHandler.java:doStart(921)) - Started o.e.j.s.ServletContextHandler@67969a46{logs,/logs,file:///home/runner/work/ozone/ozone/hadoop-ozone/integration-test/target/log,AVAILABLE}
2025-10-16 19:47:24,306 [ForkJoinPool-1-worker-1] INFO  handler.ContextHandler (ContextHandler.java:doStart(921)) - Started o.e.j.s.ServletContextHandler@1723c83b{static,/static,jar:file:/home/runner/work/ozone/ozone/hadoop-hdds/container-service/target/hdds-container-service-2.1.0-SNAPSHOT.jar!/webapps/static,AVAILABLE}
2025-10-16 19:47:24,342 [IPC Server handler 4 on default port 15002] INFO  net.NetworkTopologyImpl (NetworkTopologyImpl.java:add(133)) - Added a new node: /default-rack/8a3c3252-9afe-4d3a-8492-25be6557678a
2025-10-16 19:47:24,343 [IPC Server handler 4 on default port 15002] INFO  node.SCMNodeManager (SCMNodeManager.java:register(423)) - Registered datanode: 8a3c3252-9afe-4d3a-8492-25be6557678a{ip: 127.0.0.1, host: localhost, ports: [HTTP=15018, CLIENT_RPC=15019, REPLICATION=15025, RATIS=15021, RATIS_ADMIN=15022, RATIS_SERVER=15023, RATIS_DATASTREAM=15024, STANDALONE=15020], networkLocation: /default-rack, certSerialId: null, persistedOpState: null, persistedOpStateExpiryEpochSec: 0}
2025-10-16 19:47:24,343 [EventQueue-NodeRegistrationContainerReportForDataNodeSafeModeRule] INFO  safemode.SCMSafeModeManager (DataNodeSafeModeRule.java:process(78)) - SCM in safe mode. 2 DataNodes registered, 3 required.
2025-10-16 19:47:24,344 [EventQueue-NewNodeForNewNodeHandler] INFO  pipeline.BackgroundPipelineCreator (BackgroundPipelineCreator.java:notifyEventTriggered(290)) - trigger a one-shot run on RatisPipelineUtilsThread.
2025-10-16 19:47:24,343 | INFO  | SCMAudit | user=runner | ip=127.0.0.1 | op=REGISTER {"datanodeDetails":"8a3c3252-9afe-4d3a-8492-25be6557678a(localhost/127.0.0.1)"} | ret=SUCCESS |  
2025-10-16 19:47:24,344 [EventQueue-ContainerRegistrationReportForECContainerSafeModeRule] INFO  safemode.SCMSafeModeManager (SCMSafeModeManager.java:validateSafeModeExitRules(138)) - ECContainerSafeModeRule rule is successfully validated
2025-10-16 19:47:24,345 [EventQueue-ContainerRegistrationReportForRatisContainerSafeModeRule] INFO  safemode.SCMSafeModeManager (SCMSafeModeManager.java:validateSafeModeExitRules(138)) - RatisContainerSafeModeRule rule is successfully validated
2025-10-16 19:47:24,345 [EventQueue-PipelineReportForOneReplicaPipelineSafeModeRule] INFO  safemode.SCMSafeModeManager (SCMSafeModeManager.java:validateSafeModeExitRules(138)) - OneReplicaPipelineSafeModeRule rule is successfully validated
2025-10-16 19:47:24,346 [RatisPipelineUtilsThread-0] INFO  pipeline.RatisPipelineProvider (RatisPipelineProvider.java:lambda$create$0(208)) - Sending CreatePipelineCommand for pipeline:Pipeline-da1706fc-9d6e-4a4f-9cd3-52355f3170e4 to datanode:8a3c3252-9afe-4d3a-8492-25be6557678a(localhost/127.0.0.1)
2025-10-16 19:47:24,350 [bed9314d-2aab-40ad-9a80-177434bab325@group-94071A26A1CE-StateMachineUpdater] INFO  safemode.SCMSafeModeManager (SCMSafeModeManager.java:validateSafeModeExitRules(138)) - RatisContainerSafeModeRule rule is successfully validated
2025-10-16 19:47:24,350 [bed9314d-2aab-40ad-9a80-177434bab325@group-94071A26A1CE-StateMachineUpdater] INFO  safemode.HealthyPipelineSafeModeRule (HealthyPipelineSafeModeRule.java:initializeRule(226)) - Refreshed total pipeline count is 0, healthy pipeline threshold count is 1
2025-10-16 19:47:24,350 [bed9314d-2aab-40ad-9a80-177434bab325@group-94071A26A1CE-StateMachineUpdater] INFO  safemode.SCMSafeModeManager (SCMSafeModeManager.java:validateSafeModeExitRules(138)) - OneReplicaPipelineSafeModeRule rule is successfully validated
2025-10-16 19:47:24,350 [bed9314d-2aab-40ad-9a80-177434bab325@group-94071A26A1CE-StateMachineUpdater] INFO  safemode.SCMSafeModeManager (SCMSafeModeManager.java:validateSafeModeExitRules(138)) - ECContainerSafeModeRule rule is successfully validated
2025-10-16 19:47:24,352 [RatisPipelineUtilsThread-0] INFO  pipeline.BackgroundPipelineCreator (BackgroundPipelineCreator.java:createPipelines(246)) - Created new pipeline Pipeline{ Id: da1706fc-9d6e-4a4f-9cd3-52355f3170e4, Nodes: [ {8a3c3252-9afe-4d3a-8492-25be6557678a(localhost/127.0.0.1), ReplicaIndex: 0},], ReplicationConfig: RATIS/ONE, State:ALLOCATED, leaderId:, CreationTimestamp2025-10-16T19:47:24.346103985Z[Etc/UTC]}
2025-10-16 19:47:24,431 | INFO  | SCMAudit | user=runner | ip=127.0.0.1 | op=GET_VERSION {} | ret=SUCCESS |  
2025-10-16 19:47:24,468 [aa213937-adc5-47da-a770-0ee1e4664344-EndpointStateMachineTaskThread-/0.0.0.0:15002-0 ] INFO  utils.DatanodeStoreCache (DatanodeStoreCache.java:addDB(70)) - Added db /home/runner/work/ozone/ozone/hadoop-ozone/integration-test/target/test-dir/MiniOzoneClusterImpl-e7911277-7775-4457-96c8-94071a26a1ce/ozone-metadata/datanode-4/data-0/hdds/e7911277-7775-4457-96c8-94071a26a1ce/DS-76b78edc-0450-42a0-8427-36eefdc7effe/container.db to cache
2025-10-16 19:47:24,469 [aa213937-adc5-47da-a770-0ee1e4664344-EndpointStateMachineTaskThread-/0.0.0.0:15002-0 ] INFO  volume.HddsVolume (HddsVolume.java:createDbStore(576)) - SchemaV3 db is created and loaded at /home/runner/work/ozone/ozone/hadoop-ozone/integration-test/target/test-dir/MiniOzoneClusterImpl-e7911277-7775-4457-96c8-94071a26a1ce/ozone-metadata/datanode-4/data-0/hdds/e7911277-7775-4457-96c8-94071a26a1ce/DS-76b78edc-0450-42a0-8427-36eefdc7effe/container.db for volume DS-76b78edc-0450-42a0-8427-36eefdc7effe
2025-10-16 19:47:24,471 [aa213937-adc5-47da-a770-0ee1e4664344-ContainerReader-0] INFO  ozoneimpl.ContainerReader (ContainerReader.java:readVolume(147)) - Start to verify containers on volume /home/runner/work/ozone/ozone/hadoop-ozone/integration-test/target/test-dir/MiniOzoneClusterImpl-e7911277-7775-4457-96c8-94071a26a1ce/ozone-metadata/datanode-4/data-0/hdds
2025-10-16 19:47:24,472 [aa213937-adc5-47da-a770-0ee1e4664344-ContainerReader-0] INFO  ozoneimpl.ContainerReader (ContainerReader.java:readVolume(177)) - Finish verifying containers on volume /home/runner/work/ozone/ozone/hadoop-ozone/integration-test/target/test-dir/MiniOzoneClusterImpl-e7911277-7775-4457-96c8-94071a26a1ce/ozone-metadata/datanode-4/data-0/hdds
2025-10-16 19:47:24,472 [aa213937-adc5-47da-a770-0ee1e4664344-EndpointStateMachineTaskThread-/0.0.0.0:15002-0 ] INFO  ozoneimpl.OzoneContainer (OzoneContainer.java:buildContainerSet(359)) - Build ContainerSet costs 0s
2025-10-16 19:47:24,472 [aa213937-adc5-47da-a770-0ee1e4664344-EndpointStateMachineTaskThread-/0.0.0.0:15002-0 ] INFO  volume.ThrottledAsyncChecker (ThrottledAsyncChecker.java:schedule(138)) - Scheduling a check for /home/runner/work/ozone/ozone/hadoop-ozone/integration-test/target/test-dir/MiniOzoneClusterImpl-e7911277-7775-4457-96c8-94071a26a1ce/ozone-metadata/datanode-4/data-0/hdds
2025-10-16 19:47:24,473 [aa213937-adc5-47da-a770-0ee1e4664344-EndpointStateMachineTaskThread-/0.0.0.0:15002-0 ] INFO  volume.StorageVolumeChecker (StorageVolumeChecker.java:checkAllVolumes(231)) - Scheduled health check for volume /home/runner/work/ozone/ozone/hadoop-ozone/integration-test/target/test-dir/MiniOzoneClusterImpl-e7911277-7775-4457-96c8-94071a26a1ce/ozone-metadata/datanode-4/data-0/hdds
2025-10-16 19:47:24,476 [aa213937-adc5-47da-a770-0ee1e4664344-EndpointStateMachineTaskThread-/0.0.0.0:15002-0 ] INFO  volume.ThrottledAsyncChecker (ThrottledAsyncChecker.java:schedule(138)) - Scheduling a check for /home/runner/work/ozone/ozone/hadoop-ozone/integration-test/target/test-dir/MiniOzoneClusterImpl-e7911277-7775-4457-96c8-94071a26a1ce/ozone-metadata/datanode-4/ratis
2025-10-16 19:47:24,476 [aa213937-adc5-47da-a770-0ee1e4664344-EndpointStateMachineTaskThread-/0.0.0.0:15002-0 ] INFO  volume.StorageVolumeChecker (StorageVolumeChecker.java:checkAllVolumes(231)) - Scheduled health check for volume /home/runner/work/ozone/ozone/hadoop-ozone/integration-test/target/test-dir/MiniOzoneClusterImpl-e7911277-7775-4457-96c8-94071a26a1ce/ozone-metadata/datanode-4/ratis
2025-10-16 19:47:24,477 [aa213937-adc5-47da-a770-0ee1e4664344-EndpointStateMachineTaskThread-/0.0.0.0:15002-0 ] INFO  ozoneimpl.OzoneContainer (OzoneContainer.java:start(544)) - Attempting to start container services.
2025-10-16 19:47:24,479 [ContainerMetadataScanner] INFO  ozoneimpl.AbstractBackgroundContainerScanner (AbstractBackgroundContainerScanner.java:runIteration(89)) - Completed an iteration in 0 minutes. Number of iterations (since the data-node restart) : 1, Number of containers scanned in this iteration : 0, Number of unhealthy containers found in this iteration : 0
2025-10-16 19:47:24,479 [ContainerDataScanner(/home/runner/work/ozone/ozone/hadoop-ozone/integration-test/target/test-dir/MiniOzoneClusterImpl-e7911277-7775-4457-96c8-94071a26a1ce/ozone-metadata/datanode-4/data-0/hdds)] INFO  ozoneimpl.AbstractBackgroundContainerScanner (AbstractBackgroundContainerScanner.java:runIteration(89)) - Completed an iteration in 0 minutes. Number of iterations (since the data-node restart) : 1, Number of containers scanned in this iteration : 0, Number of unhealthy containers found in this iteration : 0
2025-10-16 19:47:24,480 [aa213937-adc5-47da-a770-0ee1e4664344-EndpointStateMachineTaskThread-/0.0.0.0:15002-0 ] INFO  replication.ReplicationServer (ReplicationServer.java:start(137)) - ReplicationServer is started using port 15041
2025-10-16 19:47:24,480 [aa213937-adc5-47da-a770-0ee1e4664344-EndpointStateMachineTaskThread-/0.0.0.0:15002-0 ] INFO  ratis.XceiverServerRatis (XceiverServerRatis.java:start(559)) - Starting XceiverServerRatis(aa213937-adc5-47da-a770-0ee1e4664344)
2025-10-16 19:47:24,481 [aa213937-adc5-47da-a770-0ee1e4664344-EndpointStateMachineTaskThread-/0.0.0.0:15002-0 ] INFO  server.RaftServer (RaftServerProxy.java:startImpl(412)) - aa213937-adc5-47da-a770-0ee1e4664344: start RPC server
2025-10-16 19:47:24,482 [aa213937-adc5-47da-a770-0ee1e4664344-EndpointStateMachineTaskThread-/0.0.0.0:15002-0 ] INFO  server.GrpcServicesImpl (GrpcServicesImpl.java:startImpl(346)) - aa213937-adc5-47da-a770-0ee1e4664344: GrpcServicesImpl started, listening on 15037
2025-10-16 19:47:24,482 [aa213937-adc5-47da-a770-0ee1e4664344-EndpointStateMachineTaskThread-/0.0.0.0:15002-0 ] INFO  server.GrpcServicesImpl (GrpcServicesImpl.java:startImpl(346)) - aa213937-adc5-47da-a770-0ee1e4664344: GrpcServicesImpl started, listening on 15039
2025-10-16 19:47:24,482 [aa213937-adc5-47da-a770-0ee1e4664344-EndpointStateMachineTaskThread-/0.0.0.0:15002-0 ] INFO  server.GrpcServicesImpl (GrpcServicesImpl.java:startImpl(346)) - aa213937-adc5-47da-a770-0ee1e4664344: GrpcServicesImpl started, listening on 15038
2025-10-16 19:47:24,483 [aa213937-adc5-47da-a770-0ee1e4664344-EndpointStateMachineTaskThread-/0.0.0.0:15002-0 ] INFO  ratis.XceiverServerRatis (XceiverServerRatis.java:getRealPort(586)) - XceiverServerRatis(aa213937-adc5-47da-a770-0ee1e4664344) is started using port RATIS=15037
2025-10-16 19:47:24,483 [JvmPauseMonitor6] INFO  util.JvmPauseMonitor (JvmPauseMonitor.java:run(146)) - JvmPauseMonitor-aa213937-adc5-47da-a770-0ee1e4664344: Started
2025-10-16 19:47:24,483 [aa213937-adc5-47da-a770-0ee1e4664344-EndpointStateMachineTaskThread-/0.0.0.0:15002-0 ] INFO  ratis.XceiverServerRatis (XceiverServerRatis.java:getRealPort(586)) - XceiverServerRatis(aa213937-adc5-47da-a770-0ee1e4664344) is started using port RATIS_ADMIN=15038
2025-10-16 19:47:24,483 [aa213937-adc5-47da-a770-0ee1e4664344-EndpointStateMachineTaskThread-/0.0.0.0:15002-0 ] INFO  ratis.XceiverServerRatis (XceiverServerRatis.java:getRealPort(586)) - XceiverServerRatis(aa213937-adc5-47da-a770-0ee1e4664344) is started using port RATIS_SERVER=15039
2025-10-16 19:47:24,483 [aa213937-adc5-47da-a770-0ee1e4664344-EndpointStateMachineTaskThread-/0.0.0.0:15002-0 ] INFO  ratis.XceiverServerRatis (XceiverServerRatis.java:getRealPort(586)) - XceiverServerRatis(aa213937-adc5-47da-a770-0ee1e4664344) is started using port RATIS_DATASTREAM=15040
2025-10-16 19:47:24,484 [aa213937-adc5-47da-a770-0ee1e4664344-EndpointStateMachineTaskThread-/0.0.0.0:15002-0 ] INFO  utils.BackgroundService (BackgroundService.java:start(119)) - Starting service BlockDeletingService with interval 60000 milliseconds
2025-10-16 19:47:24,485 [aa213937-adc5-47da-a770-0ee1e4664344-EndpointStateMachineTaskThread-/0.0.0.0:15002-0 ] INFO  utils.BackgroundService (BackgroundService.java:start(119)) - Starting service StaleRecoveringContainerScrubbingService with interval 60000 milliseconds
2025-10-16 19:47:24,485 [ForkJoinPool-1-worker-1] INFO  handler.ContextHandler (ContextHandler.java:doStart(921)) - Started o.e.j.w.WebAppContext@4a3905e1{hddsDatanode,/,file:///home/runner/work/ozone/ozone/hadoop-ozone/integration-test/target/test-dir/MiniOzoneClusterImpl-e7911277-7775-4457-96c8-94071a26a1ce/scm/ozone-metadata/webserver/jetty-0_0_0_0-15050-hdds-container-service-2_1_0-SNAPSHOT_jar-_-any-3155766253527708318/webapp/,AVAILABLE}{jar:file:/home/runner/work/ozone/ozone/hadoop-hdds/container-service/target/hdds-container-service-2.1.0-SNAPSHOT.jar!/webapps/hddsDatanode}
2025-10-16 19:47:24,486 [ForkJoinPool-1-worker-1] INFO  server.AbstractConnector (AbstractConnector.java:doStart(333)) - Started ServerConnector@6ef9c758{HTTP/1.1, (http/1.1)}{0.0.0.0:15050}
2025-10-16 19:47:24,486 [ForkJoinPool-1-worker-1] INFO  server.Server (Server.java:doStart(415)) - Started @12339ms
2025-10-16 19:47:24,486 [ForkJoinPool-1-worker-1] WARN  impl.MetricsSystemImpl (MetricsSystemImpl.java:register(279)) - Sink prometheus already exists!
2025-10-16 19:47:24,486 [ForkJoinPool-1-worker-1] INFO  http.BaseHttpServer (BaseHttpServer.java:updateConnectorAddress(357)) - HTTP server of hddsDatanode listening at http://localhost:15050
2025-10-16 19:47:24,487 [ForkJoinPool-1-worker-1] INFO  ipc.CallQueueManager (CallQueueManager.java:<init>(93)) - Using callQueue: class java.util.concurrent.LinkedBlockingQueue, queueCapacity: 1000, scheduler: class org.apache.hadoop.ipc.DefaultRpcScheduler, ipcBackoff: false, ipcFailOver: false.
2025-10-16 19:47:24,487 [ForkJoinPool-1-worker-1] INFO  ipc.Server (Server.java:<init>(1438)) - Listener at 0.0.0.0:15051
2025-10-16 19:47:24,487 [Socket Reader #1 for port 15051] INFO  ipc.Server (Server.java:run(1474)) - Starting Socket Reader #1 for port 15051
2025-10-16 19:47:24,487 [Socket Reader #2 for port 15051] INFO  ipc.Server (Server.java:run(1474)) - Starting Socket Reader #2 for port 15051
2025-10-16 19:47:24,488 [Socket Reader #3 for port 15051] INFO  ipc.Server (Server.java:run(1474)) - Starting Socket Reader #3 for port 15051
2025-10-16 19:47:24,488 [Socket Reader #4 for port 15051] INFO  ipc.Server (Server.java:run(1474)) - Starting Socket Reader #4 for port 15051
2025-10-16 19:47:24,488 [Socket Reader #5 for port 15051] INFO  ipc.Server (Server.java:run(1474)) - Starting Socket Reader #5 for port 15051
2025-10-16 19:47:24,489 [Socket Reader #6 for port 15051] INFO  ipc.Server (Server.java:run(1474)) - Starting Socket Reader #6 for port 15051
2025-10-16 19:47:24,489 [Socket Reader #7 for port 15051] INFO  ipc.Server (Server.java:run(1474)) - Starting Socket Reader #7 for port 15051
2025-10-16 19:47:24,489 [Socket Reader #8 for port 15051] INFO  ipc.Server (Server.java:run(1474)) - Starting Socket Reader #8 for port 15051
2025-10-16 19:47:24,489 [Socket Reader #9 for port 15051] INFO  ipc.Server (Server.java:run(1474)) - Starting Socket Reader #9 for port 15051
2025-10-16 19:47:24,489 [Socket Reader #10 for port 15051] INFO  ipc.Server (Server.java:run(1474)) - Starting Socket Reader #10 for port 15051
2025-10-16 19:47:24,491 [ForkJoinPool-1-worker-1] INFO  ozone.HddsDatanodeService (HddsDatanodeService.java:start(333)) - Datanode start with admins: [admin, runner]
2025-10-16 19:47:24,491 [ForkJoinPool-1-worker-1] INFO  ozone.HddsDatanodeClientProtocolServer (HddsDatanodeClientProtocolServer.java:start(76)) - RPC server for Client /0.0.0.0:15051
2025-10-16 19:47:24,491 [IPC Server Responder] INFO  ipc.Server (Server.java:run(1713)) - IPC Server Responder: starting
2025-10-16 19:47:24,492 [IPC Server listener on 15051] INFO  ipc.Server (Server.java:run(1553)) - IPC Server listener on 15051: starting
2025-10-16 19:47:24,493 [ForkJoinPool-1-worker-1] WARN  dropwizard3.Dm3MetricRegistriesImpl (Dm3MetricRegistriesImpl.java:addReporterRegistration(114)) - New reporters are added after registries were created. Some metrics will be missing from the reporter. Please add reporter before adding any new registry.
2025-10-16 19:47:24,493 [ForkJoinPool-1-worker-1] WARN  dropwizard3.Dm3MetricRegistriesImpl (Dm3MetricRegistriesImpl.java:addReporterRegistration(114)) - New reporters are added after registries were created. Some metrics will be missing from the reporter. Please add reporter before adding any new registry.
2025-10-16 19:47:24,494 [0428ab3f-efd5-438e-ae11-9ec242443260-DatanodeStateMachineDaemonThread] INFO  statemachine.DatanodeStateMachine (DatanodeStateMachine.java:startStateMachineThread(363)) - Ozone container server started.
2025-10-16 19:47:24,500 [0428ab3f-efd5-438e-ae11-9ec242443260-DatanodeStateMachineTaskThread-0] INFO  datanode.InitDatanodeState (InitDatanodeState.java:persistContainerDatanodeDetails(139)) - DatanodeDetails is persisted to /home/runner/work/ozone/ozone/hadoop-ozone/integration-test/target/test-dir/MiniOzoneClusterImpl-e7911277-7775-4457-96c8-94071a26a1ce/ozone-metadata/datanode-6/ozone-metadata/datanode.id
2025-10-16 19:47:24,512 [ForkJoinPool-1-worker-1] INFO  protocol.DatanodeDetails (DatanodeDetails.java:validateDatanodeIpAddress(199)) - Updating IP address of datanode e072d245-7694-4d97-8e20-c503ebf8c2fe(localhost/null) to 127.0.0.1
2025-10-16 19:47:24,513 [ForkJoinPool-1-worker-1] INFO  ozone.HddsDatanodeService (HddsDatanodeService.java:start(236)) - HddsDatanodeService e072d245-7694-4d97-8e20-c503ebf8c2fe(localhost/127.0.0.1)
2025-10-16 19:47:24,515 [ForkJoinPool-1-worker-1] INFO  upgrade.AbstractLayoutVersionManager (AbstractLayoutVersionManager.java:init(80)) - Initializing Layout version manager with metadata layout = WITNESSED_CONTAINER_DB_PROTO_VALUE (version = 9), software layout = WITNESSED_CONTAINER_DB_PROTO_VALUE (version = 9)
2025-10-16 19:47:24,515 [ForkJoinPool-1-worker-1] INFO  statemachine.DatanodeStateMachine (DatanodeStateMachine.java:getEndPointTaskThreadPoolSize(321)) - Datanode State Machine Task Thread Pool size 2
2025-10-16 19:47:24,519 [ForkJoinPool-1-worker-1] INFO  volume.HddsVolume (HddsVolume.java:<init>(162)) - HddsVolume: { id=DS-03aee10c-c68b-4555-9438-b6b796ffcba4 dir=/home/runner/work/ozone/ozone/hadoop-ozone/integration-test/target/test-dir/MiniOzoneClusterImpl-e7911277-7775-4457-96c8-94071a26a1ce/ozone-metadata/datanode-7/data-0/hdds type=DISK capacity=9222449699674390527 used=0 available=9222449699674390527 minFree=184448985434423296 committed=0 }
2025-10-16 19:47:24,519 [ForkJoinPool-1-worker-1] INFO  volume.MutableVolumeSet (MutableVolumeSet.java:initializeVolumeSet(175)) - Added Volume : /home/runner/work/ozone/ozone/hadoop-ozone/integration-test/target/test-dir/MiniOzoneClusterImpl-e7911277-7775-4457-96c8-94071a26a1ce/ozone-metadata/datanode-7/data-0/hdds to VolumeSet
2025-10-16 19:47:24,521 [ForkJoinPool-1-worker-1] INFO  volume.MutableVolumeSet (MutableVolumeSet.java:initializeVolumeSet(175)) - Added Volume : /home/runner/work/ozone/ozone/hadoop-ozone/integration-test/target/test-dir/MiniOzoneClusterImpl-e7911277-7775-4457-96c8-94071a26a1ce/ozone-metadata/datanode-7/ratis to VolumeSet
2025-10-16 19:47:24,521 [ForkJoinPool-1-worker-1] INFO  ozoneimpl.OzoneContainer (HddsVolumeUtil.java:loadAllHddsVolumeDbStore(102)) - Load 1 volumes DbStore cost: 1ms
2025-10-16 19:47:24,522 [ForkJoinPool-1-worker-1] WARN  db.DBStoreBuilder (DBStoreBuilder.java:getDBDirPath(157)) - ozone.scm.datanode.id.dir is not configured. We recommend adding this setting. Falling back to ozone.metadata.dirs instead.
2025-10-16 19:47:24,523 [ForkJoinPool-1-worker-1] WARN  db.DBStoreBuilder (DBStoreBuilder.java:getDBDirPath(157)) - ozone.scm.datanode.id.dir is not configured. We recommend adding this setting. Falling back to ozone.metadata.dirs instead.
2025-10-16 19:47:24,537 [ForkJoinPool-1-worker-1] INFO  impl.FilePerChunkStrategy (FilePerChunkStrategy.java:<init>(79)) - ozone.chunk.read.mapped.buffer.max.count is load with 0
2025-10-16 19:47:24,537 [ForkJoinPool-1-worker-1] INFO  impl.FilePerBlockStrategy (FilePerBlockStrategy.java:<init>(88)) - ozone.chunk.read.mapped.buffer.max.count is load with 0
2025-10-16 19:47:24,539 [ForkJoinPool-1-worker-1] INFO  server.RaftServerConfigKeys (ConfUtils.java:logGet(62)) - raft.server.log.appender.buffer.byte-limit = 33554432 (custom)
2025-10-16 19:47:24,540 [ForkJoinPool-1-worker-1] INFO  grpc.GrpcConfigKeys (ConfUtils.java:logFallback(69)) - raft.grpc.admin.host = null (fallback to raft.grpc.server.host)
2025-10-16 19:47:24,541 [ForkJoinPool-1-worker-1] INFO  grpc.GrpcConfigKeys (ConfUtils.java:logGet(62)) - raft.grpc.admin.port = 15062 (custom)
2025-10-16 19:47:24,541 [ForkJoinPool-1-worker-1] INFO  grpc.GrpcConfigKeys (ConfUtils.java:logFallback(69)) - raft.grpc.client.host = null (fallback to raft.grpc.server.host)
2025-10-16 19:47:24,541 [ForkJoinPool-1-worker-1] INFO  grpc.GrpcConfigKeys (ConfUtils.java:logGet(62)) - raft.grpc.client.port = 15061 (custom)
2025-10-16 19:47:24,541 [ForkJoinPool-1-worker-1] INFO  grpc.GrpcConfigKeys (ConfUtils.java:logGet(62)) - raft.grpc.server.port = 15063 (custom)
2025-10-16 19:47:24,541 [ForkJoinPool-1-worker-1] INFO  server.GrpcServicesImpl (ConfUtils.java:logGet(62)) - raft.grpc.message.size.max = 34603008 (custom)
2025-10-16 19:47:24,541 [ForkJoinPool-1-worker-1] INFO  server.GrpcServicesImpl (ConfUtils.java:logGet(62)) - raft.grpc.flow.control.window = 5MB (=5242880) (custom)
2025-10-16 19:47:24,541 [ForkJoinPool-1-worker-1] INFO  server.RaftServerConfigKeys (ConfUtils.java:logGet(62)) - raft.server.log.appender.buffer.byte-limit = 33554432 (custom)
2025-10-16 19:47:24,544 [ForkJoinPool-1-worker-1] INFO  netty.NettyUtils (NettyUtils.java:newEventLoopGroup(74)) - Create EpollEventLoopGroup for e072d245-7694-4d97-8e20-c503ebf8c2fe-NettyServerStreamRpc-bossGroup; Thread size is 0.
2025-10-16 19:47:24,545 [ForkJoinPool-1-worker-1] INFO  netty.NettyUtils (NettyUtils.java:newEventLoopGroup(74)) - Create EpollEventLoopGroup for e072d245-7694-4d97-8e20-c503ebf8c2fe-NettyServerStreamRpc-workerGroup; Thread size is 0.
2025-10-16 19:47:24,545 [ForkJoinPool-1-worker-1] INFO  netty.NettyConfigKeys$DataStream (ConfUtils.java:logGet(62)) - raft.netty.dataStream.port = 15064 (custom)
2025-10-16 19:47:24,546 [ForkJoinPool-1-worker-1] INFO  server.RaftServerConfigKeys (ConfUtils.java:logGet(62)) - raft.server.storage.dir = [/home/runner/work/ozone/ozone/hadoop-ozone/integration-test/target/test-dir/MiniOzoneClusterImpl-e7911277-7775-4457-96c8-94071a26a1ce/ozone-metadata/datanode-7/ratis] (custom)
2025-10-16 19:47:24,547 [e072d245-7694-4d97-8e20-c503ebf8c2fe-NettyServerStreamRpc-bossGroup--thread1] INFO  logging.LoggingHandler (AbstractInternalLogger.java:log(148)) - [id: 0x9f85b9a2] REGISTERED
2025-10-16 19:47:24,547 [e072d245-7694-4d97-8e20-c503ebf8c2fe-impl-thread1] INFO  server.RaftServer (RaftServerProxy.java:initGroupDir(270)) - e072d245-7694-4d97-8e20-c503ebf8c2fe: found a subdirectory /home/runner/work/ozone/ozone/hadoop-ozone/integration-test/target/test-dir/MiniOzoneClusterImpl-e7911277-7775-4457-96c8-94071a26a1ce/ozone-metadata/datanode-7/ratis/tmp
2025-10-16 19:47:24,547 [e072d245-7694-4d97-8e20-c503ebf8c2fe-impl-thread1] INFO  server.RaftServer (RaftServerProxy.java:initGroupDir(275)) - e072d245-7694-4d97-8e20-c503ebf8c2fe: The directory /home/runner/work/ozone/ozone/hadoop-ozone/integration-test/target/test-dir/MiniOzoneClusterImpl-e7911277-7775-4457-96c8-94071a26a1ce/ozone-metadata/datanode-7/ratis/tmp is not a group directory; ignoring it. 
2025-10-16 19:47:24,547 [e072d245-7694-4d97-8e20-c503ebf8c2fe-NettyServerStreamRpc-bossGroup--thread1] INFO  logging.LoggingHandler (AbstractInternalLogger.java:log(148)) - [id: 0x9f85b9a2] BIND: 0.0.0.0/0.0.0.0:15064
2025-10-16 19:47:24,547 [e072d245-7694-4d97-8e20-c503ebf8c2fe-NettyServerStreamRpc-bossGroup--thread1] INFO  logging.LoggingHandler (AbstractInternalLogger.java:log(148)) - [id: 0x9f85b9a2, L:/0.0.0.0:15064] ACTIVE
2025-10-16 19:47:24,547 [ForkJoinPool-1-worker-1] INFO  replication.ReplicationServer (ReplicationServer.java:<init>(84)) - Initializing replication server with thread count = 10 queue length = 4096
2025-10-16 19:47:24,548 [ForkJoinPool-1-worker-1] INFO  server.XceiverServerGrpc (XceiverServerGrpc.java:<init>(129)) - GrpcServer channel type EpollServerSocketChannel
2025-10-16 19:47:24,556 [ForkJoinPool-1-worker-1] INFO  replication.ReplicationSupervisor (ReplicationSupervisor.java:build(169)) - Initializing replication supervisor with thread count = 10
2025-10-16 19:47:24,556 [ForkJoinPool-1-worker-1] INFO  replication.ReplicationSupervisor (ReplicationSupervisor.java:nodeStateUpdated(358)) - Node state updated to IN_SERVICE, scaling executor pool size to 10
2025-10-16 19:47:24,563 [ForkJoinPool-1-worker-1] INFO  http.BaseHttpServer (BaseHttpServer.java:newHttpServer2BuilderForOzone(227)) - Starting Web-server for hddsDatanode at: http://0.0.0.0:15058
2025-10-16 19:47:24,563 [ForkJoinPool-1-worker-1] INFO  http.BaseHttpServer (BaseHttpServer.java:<init>(105)) - Hadoop Security Enabled: false Ozone Security Enabled: false Ozone HTTP Security Enabled: false 
2025-10-16 19:47:24,565 [ForkJoinPool-1-worker-1] WARN  server.AuthenticationFilter (AuthenticationFilter.java:constructSecretProvider(240)) - Unable to initialize FileSignerSecretProvider, falling back to use random secrets. Reason: Could not read signature secret file: /home/runner/hadoop-http-auth-signature-secret
2025-10-16 19:47:24,568 [ForkJoinPool-1-worker-1] INFO  http.HttpServer2 (HttpServer2.java:addGlobalFilter(1040)) - Added global filter 'safety' (class=org.apache.hadoop.hdds.server.http.HttpServer2$QuotingInputFilter)
2025-10-16 19:47:24,570 [ForkJoinPool-1-worker-1] INFO  http.HttpServer2 (HttpServer2.java:addFilter(1016)) - Added filter static_user_filter (class=org.apache.hadoop.http.lib.StaticUserWebFilter$StaticUserFilter) to context hddsDatanode
2025-10-16 19:47:24,570 [ForkJoinPool-1-worker-1] INFO  http.HttpServer2 (HttpServer2.java:addFilter(1024)) - Added filter static_user_filter (class=org.apache.hadoop.http.lib.StaticUserWebFilter$StaticUserFilter) to context logs
2025-10-16 19:47:24,570 [ForkJoinPool-1-worker-1] INFO  http.HttpServer2 (HttpServer2.java:addFilter(1024)) - Added filter static_user_filter (class=org.apache.hadoop.http.lib.StaticUserWebFilter$StaticUserFilter) to context static
2025-10-16 19:47:24,570 [ForkJoinPool-1-worker-1] INFO  http.BaseHttpServer (BaseHttpServer.java:<init>(193)) - HTTP server of hddsDatanode uses base directory /home/runner/work/ozone/ozone/hadoop-ozone/integration-test/target/test-dir/MiniOzoneClusterImpl-e7911277-7775-4457-96c8-94071a26a1ce/scm/ozone-metadata/webserver
2025-10-16 19:47:24,571 [ForkJoinPool-1-worker-1] INFO  http.HttpServer2 (HttpServer2.java:bindListener(1240)) - Jetty bound to port 15058
2025-10-16 19:47:24,571 [ForkJoinPool-1-worker-1] INFO  server.Server (Server.java:doStart(375)) - jetty-9.4.58.v20250814; built: 2025-08-14T02:28:49.637Z; git: 8f1440587e9e4ae7db3d74cf205643f3d707148d; jvm 21.0.8+9-LTS
2025-10-16 19:47:24,573 [ForkJoinPool-1-worker-1] INFO  server.session (DefaultSessionIdManager.java:doStart(334)) - DefaultSessionIdManager workerName=node0
2025-10-16 19:47:24,573 [ForkJoinPool-1-worker-1] INFO  server.session (DefaultSessionIdManager.java:doStart(339)) - No SessionScavenger set, using defaults
2025-10-16 19:47:24,574 [ForkJoinPool-1-worker-1] INFO  server.session (HouseKeeper.java:startScavenging(132)) - node0 Scavenging every 660000ms
2025-10-16 19:47:24,574 [ForkJoinPool-1-worker-1] INFO  handler.ContextHandler (ContextHandler.java:doStart(921)) - Started o.e.j.s.ServletContextHandler@47cbcdf{logs,/logs,file:///home/runner/work/ozone/ozone/hadoop-ozone/integration-test/target/log,AVAILABLE}
2025-10-16 19:47:24,575 [ForkJoinPool-1-worker-1] INFO  handler.ContextHandler (ContextHandler.java:doStart(921)) - Started o.e.j.s.ServletContextHandler@778dc877{static,/static,jar:file:/home/runner/work/ozone/ozone/hadoop-hdds/container-service/target/hdds-container-service-2.1.0-SNAPSHOT.jar!/webapps/static,AVAILABLE}
2025-10-16 19:47:24,633 [IPC Server handler 3 on default port 15002] INFO  net.NetworkTopologyImpl (NetworkTopologyImpl.java:add(133)) - Added a new node: /default-rack/764b18f0-81c5-439a-9fff-25adc4f241fa
2025-10-16 19:47:24,634 [IPC Server handler 3 on default port 15002] INFO  node.SCMNodeManager (SCMNodeManager.java:register(423)) - Registered datanode: 764b18f0-81c5-439a-9fff-25adc4f241fa{ip: 127.0.0.1, host: localhost, ports: [HTTP=15026, CLIENT_RPC=15027, REPLICATION=15033, RATIS=15029, RATIS_ADMIN=15030, RATIS_SERVER=15031, RATIS_DATASTREAM=15032, STANDALONE=15028], networkLocation: /default-rack, certSerialId: null, persistedOpState: null, persistedOpStateExpiryEpochSec: 0}
2025-10-16 19:47:24,635 [EventQueue-ContainerRegistrationReportForECContainerSafeModeRule] INFO  safemode.SCMSafeModeManager (SCMSafeModeManager.java:validateSafeModeExitRules(138)) - ECContainerSafeModeRule rule is successfully validated
2025-10-16 19:47:24,636 [EventQueue-ContainerRegistrationReportForRatisContainerSafeModeRule] INFO  safemode.SCMSafeModeManager (SCMSafeModeManager.java:validateSafeModeExitRules(138)) - RatisContainerSafeModeRule rule is successfully validated
2025-10-16 19:47:24,636 [EventQueue-PipelineReportForOneReplicaPipelineSafeModeRule] INFO  safemode.SCMSafeModeManager (SCMSafeModeManager.java:validateSafeModeExitRules(138)) - OneReplicaPipelineSafeModeRule rule is successfully validated
2025-10-16 19:47:24,636 | INFO  | SCMAudit | user=runner | ip=127.0.0.1 | op=REGISTER {"datanodeDetails":"764b18f0-81c5-439a-9fff-25adc4f241fa(localhost/127.0.0.1)"} | ret=SUCCESS |  
2025-10-16 19:47:24,637 [EventQueue-NewNodeForNewNodeHandler] INFO  pipeline.BackgroundPipelineCreator (BackgroundPipelineCreator.java:notifyEventTriggered(290)) - trigger a one-shot run on RatisPipelineUtilsThread.
2025-10-16 19:47:24,637 [EventQueue-NodeRegistrationContainerReportForDataNodeSafeModeRule] INFO  safemode.SCMSafeModeManager (DataNodeSafeModeRule.java:process(78)) - SCM in safe mode. 3 DataNodes registered, 3 required.
2025-10-16 19:47:24,637 [EventQueue-NodeRegistrationContainerReportForDataNodeSafeModeRule] INFO  safemode.SCMSafeModeManager (SCMSafeModeManager.java:validateSafeModeExitRules(138)) - DataNodeSafeModeRule rule is successfully validated
2025-10-16 19:47:24,637 [EventQueue-NodeRegistrationContainerReportForDataNodeSafeModeRule] INFO  safemode.SCMSafeModeManager (SCMSafeModeManager.java:validateSafeModeExitRules(151)) - All SCM safe mode pre check rules have passed
2025-10-16 19:47:24,637 [EventQueue-NodeRegistrationContainerReportForDataNodeSafeModeRule] INFO  ha.SCMContext (SCMContext.java:updateSafeModeStatus(224)) - Update SafeModeStatus from SafeModeStatus{safeModeStatus=true, preCheckPassed=false} to SafeModeStatus{safeModeStatus=true, preCheckPassed=true}.
2025-10-16 19:47:24,637 [EventQueue-NodeRegistrationContainerReportForDataNodeSafeModeRule] INFO  pipeline.BackgroundPipelineCreator (BackgroundPipelineCreator.java:notifyEventTriggered(290)) - trigger a one-shot run on RatisPipelineUtilsThread.
2025-10-16 19:47:24,640 [RatisPipelineUtilsThread-0] INFO  pipeline.RatisPipelineProvider (RatisPipelineProvider.java:lambda$create$0(208)) - Sending CreatePipelineCommand for pipeline:Pipeline-538e0115-15a4-42ad-9d9a-efa78d49be77 to datanode:764b18f0-81c5-439a-9fff-25adc4f241fa(localhost/127.0.0.1)
2025-10-16 19:47:24,644 [bed9314d-2aab-40ad-9a80-177434bab325@group-94071A26A1CE-StateMachineUpdater] INFO  safemode.SCMSafeModeManager (SCMSafeModeManager.java:validateSafeModeExitRules(138)) - DataNodeSafeModeRule rule is successfully validated
2025-10-16 19:47:24,645 [bed9314d-2aab-40ad-9a80-177434bab325@group-94071A26A1CE-StateMachineUpdater] INFO  safemode.SCMSafeModeManager (SCMSafeModeManager.java:validateSafeModeExitRules(138)) - RatisContainerSafeModeRule rule is successfully validated
2025-10-16 19:47:24,646 [bed9314d-2aab-40ad-9a80-177434bab325@group-94071A26A1CE-StateMachineUpdater] INFO  safemode.HealthyPipelineSafeModeRule (HealthyPipelineSafeModeRule.java:initializeRule(226)) - Refreshed total pipeline count is 0, healthy pipeline threshold count is 1
2025-10-16 19:47:24,646 [bed9314d-2aab-40ad-9a80-177434bab325@group-94071A26A1CE-StateMachineUpdater] INFO  safemode.SCMSafeModeManager (SCMSafeModeManager.java:validateSafeModeExitRules(138)) - OneReplicaPipelineSafeModeRule rule is successfully validated
2025-10-16 19:47:24,646 [bed9314d-2aab-40ad-9a80-177434bab325@group-94071A26A1CE-StateMachineUpdater] INFO  safemode.SCMSafeModeManager (SCMSafeModeManager.java:validateSafeModeExitRules(138)) - ECContainerSafeModeRule rule is successfully validated
2025-10-16 19:47:24,646 [RatisPipelineUtilsThread-0] INFO  pipeline.BackgroundPipelineCreator (BackgroundPipelineCreator.java:createPipelines(246)) - Created new pipeline Pipeline{ Id: 538e0115-15a4-42ad-9d9a-efa78d49be77, Nodes: [ {764b18f0-81c5-439a-9fff-25adc4f241fa(localhost/127.0.0.1), ReplicaIndex: 0},], ReplicationConfig: RATIS/ONE, State:ALLOCATED, leaderId:, CreationTimestamp2025-10-16T19:47:24.640100488Z[Etc/UTC]}
2025-10-16 19:47:24,650 | INFO  | SCMAudit | user=runner | ip=127.0.0.1 | op=SEND_HEARTBEAT {"datanodeUUID":"f700af26-0e26-4136-9205-9509c82c8c70","term":"2","command":"[commandType: createPipelineCommand createPipelineCommandProto { pipelineID { id: \"51adcc56-eff2-451d-bc59-bd7e4048fa23\" uuid128 { mostSigBits: 5885584961807992093 leastSigBits: -4874656771709797853 } } type: RATIS factor: ONE datanode { uuid: \"f700af26-0e26-4136-9205-9509c82c8c70\" ipAddress: \"127.0.0.1\" hostName: \"localhost\" ports { name: \"HTTP\" value: 15010 } ports { name: \"CLIENT_RPC\" value: 15011 } ports { name: \"REPLICATION\" value: 15017 } ports { name: \"RATIS\" value: 15013 } ports { name: \"RATIS_ADMIN\" value: 15014 } ports { name: \"RATIS_SERVER\" value: 15015 } ports { name: \"RATIS_DATASTREAM\" value: 15016 } ports { name: \"STANDALONE\" value: 15012 } networkName: \"f700af26-0e26-4136-9205-9509c82c8c70\" networkLocation: \"/default-rack\" persistedOpState: IN_SERVICE persistedOpStateExpiry: 0 currentVersion: 2 uuid128 { mostSigBits: -648325768360345290 leastSigBits: -7924764100042912656 } level: 3 id { uuid { mostSigBits: -648325768360345290 leastSigBits: -7924764100042912656 } } } cmdId: 1760644044126 priority: 1 } term: 2 encodedToken: \"\" deadlineMsSinceEpoch: 0]"} | ret=SUCCESS |  
2025-10-16 19:47:24,653 [RatisPipelineUtilsThread-0] INFO  pipeline.RatisPipelineProvider (RatisPipelineProvider.java:lambda$create$0(208)) - Sending CreatePipelineCommand for pipeline:Pipeline-8c63ceaf-ef16-456b-926f-e01cf5ea873d to datanode:f700af26-0e26-4136-9205-9509c82c8c70(localhost/127.0.0.1)
2025-10-16 19:47:24,653 [RatisPipelineUtilsThread-0] INFO  pipeline.RatisPipelineProvider (RatisPipelineProvider.java:lambda$create$0(208)) - Sending CreatePipelineCommand for pipeline:Pipeline-8c63ceaf-ef16-456b-926f-e01cf5ea873d to datanode:764b18f0-81c5-439a-9fff-25adc4f241fa(localhost/127.0.0.1)
2025-10-16 19:47:24,653 [RatisPipelineUtilsThread-0] INFO  pipeline.RatisPipelineProvider (RatisPipelineProvider.java:lambda$create$0(208)) - Sending CreatePipelineCommand for pipeline:Pipeline-8c63ceaf-ef16-456b-926f-e01cf5ea873d to datanode:8a3c3252-9afe-4d3a-8492-25be6557678a(localhost/127.0.0.1)
2025-10-16 19:47:24,660 [bed9314d-2aab-40ad-9a80-177434bab325@group-94071A26A1CE-StateMachineUpdater] INFO  safemode.SCMSafeModeManager (SCMSafeModeManager.java:validateSafeModeExitRules(138)) - DataNodeSafeModeRule rule is successfully validated
2025-10-16 19:47:24,660 [bed9314d-2aab-40ad-9a80-177434bab325@group-94071A26A1CE-StateMachineUpdater] INFO  safemode.SCMSafeModeManager (SCMSafeModeManager.java:validateSafeModeExitRules(138)) - RatisContainerSafeModeRule rule is successfully validated
2025-10-16 19:47:24,661 [bed9314d-2aab-40ad-9a80-177434bab325@group-94071A26A1CE-StateMachineUpdater] INFO  safemode.HealthyPipelineSafeModeRule (HealthyPipelineSafeModeRule.java:initializeRule(226)) - Refreshed total pipeline count is 0, healthy pipeline threshold count is 1
2025-10-16 19:47:24,661 [bed9314d-2aab-40ad-9a80-177434bab325@group-94071A26A1CE-StateMachineUpdater] INFO  safemode.SCMSafeModeManager (SCMSafeModeManager.java:validateSafeModeExitRules(138)) - OneReplicaPipelineSafeModeRule rule is successfully validated
2025-10-16 19:47:24,662 [bed9314d-2aab-40ad-9a80-177434bab325@group-94071A26A1CE-StateMachineUpdater] INFO  safemode.SCMSafeModeManager (SCMSafeModeManager.java:validateSafeModeExitRules(138)) - ECContainerSafeModeRule rule is successfully validated
2025-10-16 19:47:24,663 [RatisPipelineUtilsThread-0] INFO  pipeline.BackgroundPipelineCreator (BackgroundPipelineCreator.java:createPipelines(246)) - Created new pipeline Pipeline{ Id: 8c63ceaf-ef16-456b-926f-e01cf5ea873d, Nodes: [ {f700af26-0e26-4136-9205-9509c82c8c70(localhost/127.0.0.1), ReplicaIndex: 0}, {764b18f0-81c5-439a-9fff-25adc4f241fa(localhost/127.0.0.1), ReplicaIndex: 0}, {8a3c3252-9afe-4d3a-8492-25be6557678a(localhost/127.0.0.1), ReplicaIndex: 0},], ReplicationConfig: RATIS/THREE, State:ALLOCATED, leaderId:, CreationTimestamp2025-10-16T19:47:24.653448850Z[Etc/UTC]}
2025-10-16 19:47:24,664 [RatisPipelineUtilsThread-0] INFO  pipeline.RatisPipelineProvider (RatisPipelineProvider.java:lambda$create$0(208)) - Sending CreatePipelineCommand for pipeline:Pipeline-e8667477-af8e-4488-a6a8-7f698bb0e6aa to datanode:8a3c3252-9afe-4d3a-8492-25be6557678a(localhost/127.0.0.1)
2025-10-16 19:47:24,664 [RatisPipelineUtilsThread-0] INFO  pipeline.RatisPipelineProvider (RatisPipelineProvider.java:lambda$create$0(208)) - Sending CreatePipelineCommand for pipeline:Pipeline-e8667477-af8e-4488-a6a8-7f698bb0e6aa to datanode:f700af26-0e26-4136-9205-9509c82c8c70(localhost/127.0.0.1)
2025-10-16 19:47:24,664 [RatisPipelineUtilsThread-0] INFO  pipeline.RatisPipelineProvider (RatisPipelineProvider.java:lambda$create$0(208)) - Sending CreatePipelineCommand for pipeline:Pipeline-e8667477-af8e-4488-a6a8-7f698bb0e6aa to datanode:764b18f0-81c5-439a-9fff-25adc4f241fa(localhost/127.0.0.1)
2025-10-16 19:47:24,671 [bed9314d-2aab-40ad-9a80-177434bab325@group-94071A26A1CE-StateMachineUpdater] INFO  safemode.SCMSafeModeManager (SCMSafeModeManager.java:validateSafeModeExitRules(138)) - DataNodeSafeModeRule rule is successfully validated
2025-10-16 19:47:24,671 [bed9314d-2aab-40ad-9a80-177434bab325@group-94071A26A1CE-StateMachineUpdater] INFO  safemode.SCMSafeModeManager (SCMSafeModeManager.java:validateSafeModeExitRules(138)) - RatisContainerSafeModeRule rule is successfully validated
2025-10-16 19:47:24,671 [bed9314d-2aab-40ad-9a80-177434bab325@group-94071A26A1CE-StateMachineUpdater] INFO  safemode.HealthyPipelineSafeModeRule (HealthyPipelineSafeModeRule.java:initializeRule(226)) - Refreshed total pipeline count is 0, healthy pipeline threshold count is 1
2025-10-16 19:47:24,671 [bed9314d-2aab-40ad-9a80-177434bab325@group-94071A26A1CE-StateMachineUpdater] INFO  safemode.SCMSafeModeManager (SCMSafeModeManager.java:validateSafeModeExitRules(138)) - OneReplicaPipelineSafeModeRule rule is successfully validated
2025-10-16 19:47:24,671 [bed9314d-2aab-40ad-9a80-177434bab325@group-94071A26A1CE-StateMachineUpdater] INFO  safemode.SCMSafeModeManager (SCMSafeModeManager.java:validateSafeModeExitRules(138)) - ECContainerSafeModeRule rule is successfully validated
2025-10-16 19:47:24,672 [RatisPipelineUtilsThread-0] INFO  pipeline.PipelineManagerImpl (PipelineManagerImpl.java:recordMetricsForPipeline(922)) - Pipeline-e8667477-af8e-4488-a6a8-7f698bb0e6aa and Pipeline-8c63ceaf-ef16-456b-926f-e01cf5ea873d have exactly the same set of datanodes: [8a3c3252-9afe-4d3a-8492-25be6557678a(localhost/127.0.0.1), f700af26-0e26-4136-9205-9509c82c8c70(localhost/127.0.0.1), 764b18f0-81c5-439a-9fff-25adc4f241fa(localhost/127.0.0.1)]
2025-10-16 19:47:24,672 [RatisPipelineUtilsThread-0] INFO  pipeline.BackgroundPipelineCreator (BackgroundPipelineCreator.java:createPipelines(246)) - Created new pipeline Pipeline{ Id: e8667477-af8e-4488-a6a8-7f698bb0e6aa, Nodes: [ {8a3c3252-9afe-4d3a-8492-25be6557678a(localhost/127.0.0.1), ReplicaIndex: 0}, {f700af26-0e26-4136-9205-9509c82c8c70(localhost/127.0.0.1), ReplicaIndex: 0}, {764b18f0-81c5-439a-9fff-25adc4f241fa(localhost/127.0.0.1), ReplicaIndex: 0},], ReplicationConfig: RATIS/THREE, State:ALLOCATED, leaderId:, CreationTimestamp2025-10-16T19:47:24.664427723Z[Etc/UTC]}
2025-10-16 19:47:24,729 | INFO  | SCMAudit | user=runner | ip=127.0.0.1 | op=GET_VERSION {} | ret=SUCCESS |  
2025-10-16 19:47:24,763 [58cff6b7-b2a7-446b-a75a-bb98ad6b11b8-EndpointStateMachineTaskThread-/0.0.0.0:15002-0 ] INFO  utils.DatanodeStoreCache (DatanodeStoreCache.java:addDB(70)) - Added db /home/runner/work/ozone/ozone/hadoop-ozone/integration-test/target/test-dir/MiniOzoneClusterImpl-e7911277-7775-4457-96c8-94071a26a1ce/ozone-metadata/datanode-5/data-0/hdds/e7911277-7775-4457-96c8-94071a26a1ce/DS-a5b793e1-26bb-4f0c-b9cc-677a42da8b98/container.db to cache
2025-10-16 19:47:24,763 [58cff6b7-b2a7-446b-a75a-bb98ad6b11b8-EndpointStateMachineTaskThread-/0.0.0.0:15002-0 ] INFO  volume.HddsVolume (HddsVolume.java:createDbStore(576)) - SchemaV3 db is created and loaded at /home/runner/work/ozone/ozone/hadoop-ozone/integration-test/target/test-dir/MiniOzoneClusterImpl-e7911277-7775-4457-96c8-94071a26a1ce/ozone-metadata/datanode-5/data-0/hdds/e7911277-7775-4457-96c8-94071a26a1ce/DS-a5b793e1-26bb-4f0c-b9cc-677a42da8b98/container.db for volume DS-a5b793e1-26bb-4f0c-b9cc-677a42da8b98
2025-10-16 19:47:24,764 [ForkJoinPool-1-worker-1] INFO  handler.ContextHandler (ContextHandler.java:doStart(921)) - Started o.e.j.w.WebAppContext@7545fd06{hddsDatanode,/,file:///home/runner/work/ozone/ozone/hadoop-ozone/integration-test/target/test-dir/MiniOzoneClusterImpl-e7911277-7775-4457-96c8-94071a26a1ce/scm/ozone-metadata/webserver/jetty-0_0_0_0-15058-hdds-container-service-2_1_0-SNAPSHOT_jar-_-any-407448845119277644/webapp/,AVAILABLE}{jar:file:/home/runner/work/ozone/ozone/hadoop-hdds/container-service/target/hdds-container-service-2.1.0-SNAPSHOT.jar!/webapps/hddsDatanode}
2025-10-16 19:47:24,766 [ForkJoinPool-1-worker-1] INFO  server.AbstractConnector (AbstractConnector.java:doStart(333)) - Started ServerConnector@5ccc52ff{HTTP/1.1, (http/1.1)}{0.0.0.0:15058}
2025-10-16 19:47:24,766 [ForkJoinPool-1-worker-1] INFO  server.Server (Server.java:doStart(415)) - Started @12619ms
2025-10-16 19:47:24,766 [ForkJoinPool-1-worker-1] WARN  impl.MetricsSystemImpl (MetricsSystemImpl.java:register(279)) - Sink prometheus already exists!
2025-10-16 19:47:24,766 [ForkJoinPool-1-worker-1] INFO  http.BaseHttpServer (BaseHttpServer.java:updateConnectorAddress(357)) - HTTP server of hddsDatanode listening at http://localhost:15058
2025-10-16 19:47:24,766 [ForkJoinPool-1-worker-1] INFO  ipc.CallQueueManager (CallQueueManager.java:<init>(93)) - Using callQueue: class java.util.concurrent.LinkedBlockingQueue, queueCapacity: 1000, scheduler: class org.apache.hadoop.ipc.DefaultRpcScheduler, ipcBackoff: false, ipcFailOver: false.
2025-10-16 19:47:24,767 [ForkJoinPool-1-worker-1] INFO  ipc.Server (Server.java:<init>(1438)) - Listener at 0.0.0.0:15059
2025-10-16 19:47:24,768 [58cff6b7-b2a7-446b-a75a-bb98ad6b11b8-ContainerReader-0] INFO  ozoneimpl.ContainerReader (ContainerReader.java:readVolume(147)) - Start to verify containers on volume /home/runner/work/ozone/ozone/hadoop-ozone/integration-test/target/test-dir/MiniOzoneClusterImpl-e7911277-7775-4457-96c8-94071a26a1ce/ozone-metadata/datanode-5/data-0/hdds
2025-10-16 19:47:24,768 [58cff6b7-b2a7-446b-a75a-bb98ad6b11b8-ContainerReader-0] INFO  ozoneimpl.ContainerReader (ContainerReader.java:readVolume(177)) - Finish verifying containers on volume /home/runner/work/ozone/ozone/hadoop-ozone/integration-test/target/test-dir/MiniOzoneClusterImpl-e7911277-7775-4457-96c8-94071a26a1ce/ozone-metadata/datanode-5/data-0/hdds
2025-10-16 19:47:24,768 [58cff6b7-b2a7-446b-a75a-bb98ad6b11b8-EndpointStateMachineTaskThread-/0.0.0.0:15002-0 ] INFO  ozoneimpl.OzoneContainer (OzoneContainer.java:buildContainerSet(359)) - Build ContainerSet costs 0s
2025-10-16 19:47:24,769 [58cff6b7-b2a7-446b-a75a-bb98ad6b11b8-EndpointStateMachineTaskThread-/0.0.0.0:15002-0 ] INFO  volume.ThrottledAsyncChecker (ThrottledAsyncChecker.java:schedule(138)) - Scheduling a check for /home/runner/work/ozone/ozone/hadoop-ozone/integration-test/target/test-dir/MiniOzoneClusterImpl-e7911277-7775-4457-96c8-94071a26a1ce/ozone-metadata/datanode-5/data-0/hdds
2025-10-16 19:47:24,770 [Socket Reader #1 for port 15059] INFO  ipc.Server (Server.java:run(1474)) - Starting Socket Reader #1 for port 15059
2025-10-16 19:47:24,771 [58cff6b7-b2a7-446b-a75a-bb98ad6b11b8-EndpointStateMachineTaskThread-/0.0.0.0:15002-0 ] INFO  volume.StorageVolumeChecker (StorageVolumeChecker.java:checkAllVolumes(231)) - Scheduled health check for volume /home/runner/work/ozone/ozone/hadoop-ozone/integration-test/target/test-dir/MiniOzoneClusterImpl-e7911277-7775-4457-96c8-94071a26a1ce/ozone-metadata/datanode-5/data-0/hdds
2025-10-16 19:47:24,772 [Socket Reader #2 for port 15059] INFO  ipc.Server (Server.java:run(1474)) - Starting Socket Reader #2 for port 15059
2025-10-16 19:47:24,772 [Socket Reader #3 for port 15059] INFO  ipc.Server (Server.java:run(1474)) - Starting Socket Reader #3 for port 15059
2025-10-16 19:47:24,773 [Socket Reader #4 for port 15059] INFO  ipc.Server (Server.java:run(1474)) - Starting Socket Reader #4 for port 15059
2025-10-16 19:47:24,774 [Socket Reader #5 for port 15059] INFO  ipc.Server (Server.java:run(1474)) - Starting Socket Reader #5 for port 15059
2025-10-16 19:47:24,774 [58cff6b7-b2a7-446b-a75a-bb98ad6b11b8-EndpointStateMachineTaskThread-/0.0.0.0:15002-0 ] INFO  volume.ThrottledAsyncChecker (ThrottledAsyncChecker.java:schedule(138)) - Scheduling a check for /home/runner/work/ozone/ozone/hadoop-ozone/integration-test/target/test-dir/MiniOzoneClusterImpl-e7911277-7775-4457-96c8-94071a26a1ce/ozone-metadata/datanode-5/ratis
2025-10-16 19:47:24,774 [58cff6b7-b2a7-446b-a75a-bb98ad6b11b8-EndpointStateMachineTaskThread-/0.0.0.0:15002-0 ] INFO  volume.StorageVolumeChecker (StorageVolumeChecker.java:checkAllVolumes(231)) - Scheduled health check for volume /home/runner/work/ozone/ozone/hadoop-ozone/integration-test/target/test-dir/MiniOzoneClusterImpl-e7911277-7775-4457-96c8-94071a26a1ce/ozone-metadata/datanode-5/ratis
2025-10-16 19:47:24,775 [Socket Reader #6 for port 15059] INFO  ipc.Server (Server.java:run(1474)) - Starting Socket Reader #6 for port 15059
2025-10-16 19:47:24,776 [58cff6b7-b2a7-446b-a75a-bb98ad6b11b8-EndpointStateMachineTaskThread-/0.0.0.0:15002-0 ] INFO  ozoneimpl.OzoneContainer (OzoneContainer.java:start(544)) - Attempting to start container services.
2025-10-16 19:47:24,777 [Socket Reader #7 for port 15059] INFO  ipc.Server (Server.java:run(1474)) - Starting Socket Reader #7 for port 15059
2025-10-16 19:47:24,778 [Socket Reader #8 for port 15059] INFO  ipc.Server (Server.java:run(1474)) - Starting Socket Reader #8 for port 15059
2025-10-16 19:47:24,778 [ContainerMetadataScanner] INFO  ozoneimpl.AbstractBackgroundContainerScanner (AbstractBackgroundContainerScanner.java:runIteration(89)) - Completed an iteration in 0 minutes. Number of iterations (since the data-node restart) : 1, Number of containers scanned in this iteration : 0, Number of unhealthy containers found in this iteration : 0
2025-10-16 19:47:24,779 [Socket Reader #9 for port 15059] INFO  ipc.Server (Server.java:run(1474)) - Starting Socket Reader #9 for port 15059
2025-10-16 19:47:24,779 [Socket Reader #10 for port 15059] INFO  ipc.Server (Server.java:run(1474)) - Starting Socket Reader #10 for port 15059
2025-10-16 19:47:24,780 [ContainerDataScanner(/home/runner/work/ozone/ozone/hadoop-ozone/integration-test/target/test-dir/MiniOzoneClusterImpl-e7911277-7775-4457-96c8-94071a26a1ce/ozone-metadata/datanode-5/data-0/hdds)] INFO  ozoneimpl.AbstractBackgroundContainerScanner (AbstractBackgroundContainerScanner.java:runIteration(89)) - Completed an iteration in 0 minutes. Number of iterations (since the data-node restart) : 1, Number of containers scanned in this iteration : 0, Number of unhealthy containers found in this iteration : 0
2025-10-16 19:47:24,781 [58cff6b7-b2a7-446b-a75a-bb98ad6b11b8-EndpointStateMachineTaskThread-/0.0.0.0:15002-0 ] INFO  replication.ReplicationServer (ReplicationServer.java:start(137)) - ReplicationServer is started using port 15049
2025-10-16 19:47:24,782 [58cff6b7-b2a7-446b-a75a-bb98ad6b11b8-EndpointStateMachineTaskThread-/0.0.0.0:15002-0 ] INFO  ratis.XceiverServerRatis (XceiverServerRatis.java:start(559)) - Starting XceiverServerRatis(58cff6b7-b2a7-446b-a75a-bb98ad6b11b8)
2025-10-16 19:47:24,782 [ForkJoinPool-1-worker-1] INFO  ozone.HddsDatanodeService (HddsDatanodeService.java:start(333)) - Datanode start with admins: [admin, runner]
2025-10-16 19:47:24,782 [ForkJoinPool-1-worker-1] INFO  ozone.HddsDatanodeClientProtocolServer (HddsDatanodeClientProtocolServer.java:start(76)) - RPC server for Client /0.0.0.0:15059
2025-10-16 19:47:24,783 [IPC Server Responder] INFO  ipc.Server (Server.java:run(1713)) - IPC Server Responder: starting
2025-10-16 19:47:24,783 [IPC Server listener on 15059] INFO  ipc.Server (Server.java:run(1553)) - IPC Server listener on 15059: starting
2025-10-16 19:47:24,784 [58cff6b7-b2a7-446b-a75a-bb98ad6b11b8-EndpointStateMachineTaskThread-/0.0.0.0:15002-0 ] INFO  server.RaftServer (RaftServerProxy.java:startImpl(412)) - 58cff6b7-b2a7-446b-a75a-bb98ad6b11b8: start RPC server
2025-10-16 19:47:24,784 [58cff6b7-b2a7-446b-a75a-bb98ad6b11b8-EndpointStateMachineTaskThread-/0.0.0.0:15002-0 ] INFO  server.GrpcServicesImpl (GrpcServicesImpl.java:startImpl(346)) - 58cff6b7-b2a7-446b-a75a-bb98ad6b11b8: GrpcServicesImpl started, listening on 15045
2025-10-16 19:47:24,785 [58cff6b7-b2a7-446b-a75a-bb98ad6b11b8-EndpointStateMachineTaskThread-/0.0.0.0:15002-0 ] INFO  server.GrpcServicesImpl (GrpcServicesImpl.java:startImpl(346)) - 58cff6b7-b2a7-446b-a75a-bb98ad6b11b8: GrpcServicesImpl started, listening on 15047
2025-10-16 19:47:24,786 [58cff6b7-b2a7-446b-a75a-bb98ad6b11b8-EndpointStateMachineTaskThread-/0.0.0.0:15002-0 ] INFO  server.GrpcServicesImpl (GrpcServicesImpl.java:startImpl(346)) - 58cff6b7-b2a7-446b-a75a-bb98ad6b11b8: GrpcServicesImpl started, listening on 15046
2025-10-16 19:47:24,786 [58cff6b7-b2a7-446b-a75a-bb98ad6b11b8-EndpointStateMachineTaskThread-/0.0.0.0:15002-0 ] INFO  ratis.XceiverServerRatis (XceiverServerRatis.java:getRealPort(586)) - XceiverServerRatis(58cff6b7-b2a7-446b-a75a-bb98ad6b11b8) is started using port RATIS=15045
2025-10-16 19:47:24,787 [58cff6b7-b2a7-446b-a75a-bb98ad6b11b8-EndpointStateMachineTaskThread-/0.0.0.0:15002-0 ] INFO  ratis.XceiverServerRatis (XceiverServerRatis.java:getRealPort(586)) - XceiverServerRatis(58cff6b7-b2a7-446b-a75a-bb98ad6b11b8) is started using port RATIS_ADMIN=15046
2025-10-16 19:47:24,787 [JvmPauseMonitor7] INFO  util.JvmPauseMonitor (JvmPauseMonitor.java:run(146)) - JvmPauseMonitor-58cff6b7-b2a7-446b-a75a-bb98ad6b11b8: Started
2025-10-16 19:47:24,787 [58cff6b7-b2a7-446b-a75a-bb98ad6b11b8-EndpointStateMachineTaskThread-/0.0.0.0:15002-0 ] INFO  ratis.XceiverServerRatis (XceiverServerRatis.java:getRealPort(586)) - XceiverServerRatis(58cff6b7-b2a7-446b-a75a-bb98ad6b11b8) is started using port RATIS_SERVER=15047
2025-10-16 19:47:24,787 [58cff6b7-b2a7-446b-a75a-bb98ad6b11b8-EndpointStateMachineTaskThread-/0.0.0.0:15002-0 ] INFO  ratis.XceiverServerRatis (XceiverServerRatis.java:getRealPort(586)) - XceiverServerRatis(58cff6b7-b2a7-446b-a75a-bb98ad6b11b8) is started using port RATIS_DATASTREAM=15048
2025-10-16 19:47:24,787 [ForkJoinPool-1-worker-1] WARN  dropwizard3.Dm3MetricRegistriesImpl (Dm3MetricRegistriesImpl.java:addReporterRegistration(114)) - New reporters are added after registries were created. Some metrics will be missing from the reporter. Please add reporter before adding any new registry.
2025-10-16 19:47:24,787 [ForkJoinPool-1-worker-1] WARN  dropwizard3.Dm3MetricRegistriesImpl (Dm3MetricRegistriesImpl.java:addReporterRegistration(114)) - New reporters are added after registries were created. Some metrics will be missing from the reporter. Please add reporter before adding any new registry.
2025-10-16 19:47:24,788 [58cff6b7-b2a7-446b-a75a-bb98ad6b11b8-EndpointStateMachineTaskThread-/0.0.0.0:15002-0 ] INFO  utils.BackgroundService (BackgroundService.java:start(119)) - Starting service BlockDeletingService with interval 60000 milliseconds
2025-10-16 19:47:24,788 [58cff6b7-b2a7-446b-a75a-bb98ad6b11b8-EndpointStateMachineTaskThread-/0.0.0.0:15002-0 ] INFO  utils.BackgroundService (BackgroundService.java:start(119)) - Starting service StaleRecoveringContainerScrubbingService with interval 60000 milliseconds
2025-10-16 19:47:24,790 [e072d245-7694-4d97-8e20-c503ebf8c2fe-DatanodeStateMachineDaemonThread] INFO  statemachine.DatanodeStateMachine (DatanodeStateMachine.java:startStateMachineThread(363)) - Ozone container server started.
2025-10-16 19:47:24,793 [e072d245-7694-4d97-8e20-c503ebf8c2fe-DatanodeStateMachineTaskThread-0] INFO  datanode.InitDatanodeState (InitDatanodeState.java:persistContainerDatanodeDetails(139)) - DatanodeDetails is persisted to /home/runner/work/ozone/ozone/hadoop-ozone/integration-test/target/test-dir/MiniOzoneClusterImpl-e7911277-7775-4457-96c8-94071a26a1ce/ozone-metadata/datanode-7/ozone-metadata/datanode.id
2025-10-16 19:47:24,805 [ForkJoinPool-1-worker-1] INFO  protocol.DatanodeDetails (DatanodeDetails.java:validateDatanodeIpAddress(199)) - Updating IP address of datanode 76d4ba71-5bbb-4b24-8f51-8bc7f78aaca4(localhost/null) to 127.0.0.1
2025-10-16 19:47:24,806 [ForkJoinPool-1-worker-1] INFO  ozone.HddsDatanodeService (HddsDatanodeService.java:start(236)) - HddsDatanodeService 76d4ba71-5bbb-4b24-8f51-8bc7f78aaca4(localhost/127.0.0.1)
2025-10-16 19:47:24,807 [ForkJoinPool-1-worker-1] INFO  upgrade.AbstractLayoutVersionManager (AbstractLayoutVersionManager.java:init(80)) - Initializing Layout version manager with metadata layout = WITNESSED_CONTAINER_DB_PROTO_VALUE (version = 9), software layout = WITNESSED_CONTAINER_DB_PROTO_VALUE (version = 9)
2025-10-16 19:47:24,808 [ForkJoinPool-1-worker-1] INFO  statemachine.DatanodeStateMachine (DatanodeStateMachine.java:getEndPointTaskThreadPoolSize(321)) - Datanode State Machine Task Thread Pool size 2
2025-10-16 19:47:24,811 [ForkJoinPool-1-worker-1] INFO  volume.HddsVolume (HddsVolume.java:<init>(162)) - HddsVolume: { id=DS-1842fbf5-1383-42ef-8f78-87e6bc47f09d dir=/home/runner/work/ozone/ozone/hadoop-ozone/integration-test/target/test-dir/MiniOzoneClusterImpl-e7911277-7775-4457-96c8-94071a26a1ce/ozone-metadata/datanode-8/data-0/hdds type=DISK capacity=9222449699674390527 used=0 available=9222449699674390527 minFree=184448985434423296 committed=0 }
2025-10-16 19:47:24,812 [ForkJoinPool-1-worker-1] INFO  volume.MutableVolumeSet (MutableVolumeSet.java:initializeVolumeSet(175)) - Added Volume : /home/runner/work/ozone/ozone/hadoop-ozone/integration-test/target/test-dir/MiniOzoneClusterImpl-e7911277-7775-4457-96c8-94071a26a1ce/ozone-metadata/datanode-8/data-0/hdds to VolumeSet
2025-10-16 19:47:24,813 [ForkJoinPool-1-worker-1] INFO  volume.MutableVolumeSet (MutableVolumeSet.java:initializeVolumeSet(175)) - Added Volume : /home/runner/work/ozone/ozone/hadoop-ozone/integration-test/target/test-dir/MiniOzoneClusterImpl-e7911277-7775-4457-96c8-94071a26a1ce/ozone-metadata/datanode-8/ratis to VolumeSet
2025-10-16 19:47:24,814 [ForkJoinPool-1-worker-1] INFO  ozoneimpl.OzoneContainer (HddsVolumeUtil.java:loadAllHddsVolumeDbStore(102)) - Load 1 volumes DbStore cost: 0ms
2025-10-16 19:47:24,815 [ForkJoinPool-1-worker-1] WARN  db.DBStoreBuilder (DBStoreBuilder.java:getDBDirPath(157)) - ozone.scm.datanode.id.dir is not configured. We recommend adding this setting. Falling back to ozone.metadata.dirs instead.
2025-10-16 19:47:24,815 [ForkJoinPool-1-worker-1] WARN  db.DBStoreBuilder (DBStoreBuilder.java:getDBDirPath(157)) - ozone.scm.datanode.id.dir is not configured. We recommend adding this setting. Falling back to ozone.metadata.dirs instead.
2025-10-16 19:47:24,827 [ForkJoinPool-1-worker-1] INFO  impl.FilePerChunkStrategy (FilePerChunkStrategy.java:<init>(79)) - ozone.chunk.read.mapped.buffer.max.count is load with 0
2025-10-16 19:47:24,827 [ForkJoinPool-1-worker-1] INFO  impl.FilePerBlockStrategy (FilePerBlockStrategy.java:<init>(88)) - ozone.chunk.read.mapped.buffer.max.count is load with 0
2025-10-16 19:47:24,828 [ForkJoinPool-1-worker-1] INFO  server.RaftServerConfigKeys (ConfUtils.java:logGet(62)) - raft.server.log.appender.buffer.byte-limit = 33554432 (custom)
2025-10-16 19:47:24,830 [ForkJoinPool-1-worker-1] INFO  grpc.GrpcConfigKeys (ConfUtils.java:logFallback(69)) - raft.grpc.admin.host = null (fallback to raft.grpc.server.host)
2025-10-16 19:47:24,830 [ForkJoinPool-1-worker-1] INFO  grpc.GrpcConfigKeys (ConfUtils.java:logGet(62)) - raft.grpc.admin.port = 15070 (custom)
2025-10-16 19:47:24,830 [ForkJoinPool-1-worker-1] INFO  grpc.GrpcConfigKeys (ConfUtils.java:logFallback(69)) - raft.grpc.client.host = null (fallback to raft.grpc.server.host)
2025-10-16 19:47:24,830 [ForkJoinPool-1-worker-1] INFO  grpc.GrpcConfigKeys (ConfUtils.java:logGet(62)) - raft.grpc.client.port = 15069 (custom)
2025-10-16 19:47:24,830 [ForkJoinPool-1-worker-1] INFO  grpc.GrpcConfigKeys (ConfUtils.java:logGet(62)) - raft.grpc.server.port = 15071 (custom)
2025-10-16 19:47:24,830 [ForkJoinPool-1-worker-1] INFO  server.GrpcServicesImpl (ConfUtils.java:logGet(62)) - raft.grpc.message.size.max = 34603008 (custom)
2025-10-16 19:47:24,830 [ForkJoinPool-1-worker-1] INFO  server.GrpcServicesImpl (ConfUtils.java:logGet(62)) - raft.grpc.flow.control.window = 5MB (=5242880) (custom)
2025-10-16 19:47:24,831 [ForkJoinPool-1-worker-1] INFO  server.RaftServerConfigKeys (ConfUtils.java:logGet(62)) - raft.server.log.appender.buffer.byte-limit = 33554432 (custom)
2025-10-16 19:47:24,833 [ForkJoinPool-1-worker-1] INFO  netty.NettyUtils (NettyUtils.java:newEventLoopGroup(74)) - Create EpollEventLoopGroup for 76d4ba71-5bbb-4b24-8f51-8bc7f78aaca4-NettyServerStreamRpc-bossGroup; Thread size is 0.
2025-10-16 19:47:24,833 [ForkJoinPool-1-worker-1] INFO  netty.NettyUtils (NettyUtils.java:newEventLoopGroup(74)) - Create EpollEventLoopGroup for 76d4ba71-5bbb-4b24-8f51-8bc7f78aaca4-NettyServerStreamRpc-workerGroup; Thread size is 0.
2025-10-16 19:47:24,834 [ForkJoinPool-1-worker-1] INFO  netty.NettyConfigKeys$DataStream (ConfUtils.java:logGet(62)) - raft.netty.dataStream.port = 15072 (custom)
2025-10-16 19:47:24,835 [ForkJoinPool-1-worker-1] INFO  server.RaftServerConfigKeys (ConfUtils.java:logGet(62)) - raft.server.storage.dir = [/home/runner/work/ozone/ozone/hadoop-ozone/integration-test/target/test-dir/MiniOzoneClusterImpl-e7911277-7775-4457-96c8-94071a26a1ce/ozone-metadata/datanode-8/ratis] (custom)
2025-10-16 19:47:24,835 [76d4ba71-5bbb-4b24-8f51-8bc7f78aaca4-NettyServerStreamRpc-bossGroup--thread1] INFO  logging.LoggingHandler (AbstractInternalLogger.java:log(148)) - [id: 0xf65e35b5] REGISTERED
2025-10-16 19:47:24,835 [76d4ba71-5bbb-4b24-8f51-8bc7f78aaca4-NettyServerStreamRpc-bossGroup--thread1] INFO  logging.LoggingHandler (AbstractInternalLogger.java:log(148)) - [id: 0xf65e35b5] BIND: 0.0.0.0/0.0.0.0:15072
2025-10-16 19:47:24,836 [76d4ba71-5bbb-4b24-8f51-8bc7f78aaca4-NettyServerStreamRpc-bossGroup--thread1] INFO  logging.LoggingHandler (AbstractInternalLogger.java:log(148)) - [id: 0xf65e35b5, L:/0.0.0.0:15072] ACTIVE
2025-10-16 19:47:24,836 [76d4ba71-5bbb-4b24-8f51-8bc7f78aaca4-impl-thread1] INFO  server.RaftServer (RaftServerProxy.java:initGroupDir(270)) - 76d4ba71-5bbb-4b24-8f51-8bc7f78aaca4: found a subdirectory /home/runner/work/ozone/ozone/hadoop-ozone/integration-test/target/test-dir/MiniOzoneClusterImpl-e7911277-7775-4457-96c8-94071a26a1ce/ozone-metadata/datanode-8/ratis/tmp
2025-10-16 19:47:24,836 [76d4ba71-5bbb-4b24-8f51-8bc7f78aaca4-impl-thread1] INFO  server.RaftServer (RaftServerProxy.java:initGroupDir(275)) - 76d4ba71-5bbb-4b24-8f51-8bc7f78aaca4: The directory /home/runner/work/ozone/ozone/hadoop-ozone/integration-test/target/test-dir/MiniOzoneClusterImpl-e7911277-7775-4457-96c8-94071a26a1ce/ozone-metadata/datanode-8/ratis/tmp is not a group directory; ignoring it. 
2025-10-16 19:47:24,836 [ForkJoinPool-1-worker-1] INFO  replication.ReplicationServer (ReplicationServer.java:<init>(84)) - Initializing replication server with thread count = 10 queue length = 4096
2025-10-16 19:47:24,838 [ForkJoinPool-1-worker-1] INFO  server.XceiverServerGrpc (XceiverServerGrpc.java:<init>(129)) - GrpcServer channel type EpollServerSocketChannel
2025-10-16 19:47:24,840 [ForkJoinPool-1-worker-1] INFO  replication.ReplicationSupervisor (ReplicationSupervisor.java:build(169)) - Initializing replication supervisor with thread count = 10
2025-10-16 19:47:24,840 [ForkJoinPool-1-worker-1] INFO  replication.ReplicationSupervisor (ReplicationSupervisor.java:nodeStateUpdated(358)) - Node state updated to IN_SERVICE, scaling executor pool size to 10
2025-10-16 19:47:24,843 [ForkJoinPool-1-worker-1] INFO  http.BaseHttpServer (BaseHttpServer.java:newHttpServer2BuilderForOzone(227)) - Starting Web-server for hddsDatanode at: http://0.0.0.0:15066
2025-10-16 19:47:24,843 [ForkJoinPool-1-worker-1] INFO  http.BaseHttpServer (BaseHttpServer.java:<init>(105)) - Hadoop Security Enabled: false Ozone Security Enabled: false Ozone HTTP Security Enabled: false 
2025-10-16 19:47:24,845 [ForkJoinPool-1-worker-1] WARN  server.AuthenticationFilter (AuthenticationFilter.java:constructSecretProvider(240)) - Unable to initialize FileSignerSecretProvider, falling back to use random secrets. Reason: Could not read signature secret file: /home/runner/hadoop-http-auth-signature-secret
2025-10-16 19:47:24,848 [ForkJoinPool-1-worker-1] INFO  http.HttpServer2 (HttpServer2.java:addGlobalFilter(1040)) - Added global filter 'safety' (class=org.apache.hadoop.hdds.server.http.HttpServer2$QuotingInputFilter)
2025-10-16 19:47:24,849 | INFO  | SCMAudit | user=runner | ip=127.0.0.1 | op=SEND_HEARTBEAT {"datanodeUUID":"8a3c3252-9afe-4d3a-8492-25be6557678a","term":"2","command":"[commandType: createPipelineCommand createPipelineCommandProto { pipelineID { id: \"da1706fc-9d6e-4a4f-9cd3-52355f3170e4\" uuid128 { mostSigBits: -2731706966934140337 leastSigBits: -7146277794523025180 } } type: RATIS factor: ONE datanode { uuid: \"8a3c3252-9afe-4d3a-8492-25be6557678a\" ipAddress: \"127.0.0.1\" hostName: \"localhost\" ports { name: \"HTTP\" value: 15018 } ports { name: \"CLIENT_RPC\" value: 15019 } ports { name: \"REPLICATION\" value: 15025 } ports { name: \"RATIS\" value: 15021 } ports { name: \"RATIS_ADMIN\" value: 15022 } ports { name: \"RATIS_SERVER\" value: 15023 } ports { name: \"RATIS_DATASTREAM\" value: 15024 } ports { name: \"STANDALONE\" value: 15020 } networkName: \"8a3c3252-9afe-4d3a-8492-25be6557678a\" networkLocation: \"/default-rack\" persistedOpState: IN_SERVICE persistedOpStateExpiry: 0 currentVersion: 2 uuid128 { mostSigBits: -8485852267503792838 leastSigBits: -8894004814429067382 } level: 3 id { uuid { mostSigBits: -8485852267503792838 leastSigBits: -8894004814429067382 } } } cmdId: 1760644044127 priority: 1 } term: 2 encodedToken: \"\" deadlineMsSinceEpoch: 0, commandType: createPipelineCommand createPipelineCommandProto { pipelineID { id: \"8c63ceaf-ef16-456b-926f-e01cf5ea873d\" uuid128 { mostSigBits: -8330587630679472789 leastSigBits: -7894845206767696067 } } type: RATIS factor: THREE datanode { uuid: \"f700af26-0e26-4136-9205-9509c82c8c70\" ipAddress: \"127.0.0.1\" hostName: \"localhost\" ports { name: \"HTTP\" value: 15010 } ports { name: \"CLIENT_RPC\" value: 15011 } ports { name: \"REPLICATION\" value: 15017 } ports { name: \"RATIS\" value: 15013 } ports { name: \"RATIS_ADMIN\" value: 15014 } ports { name: \"RATIS_SERVER\" value: 15015 } ports { name: \"RATIS_DATASTREAM\" value: 15016 } ports { name: \"STANDALONE\" value: 15012 } networkName: \"f700af26-0e26-4136-9205-9509c82c8c70\" networkLocation: \"/default-rack\" persistedOpState: IN_SERVICE persistedOpStateExpiry: 0 currentVersion: 2 uuid128 { mostSigBits: -648325768360345290 leastSigBits: -7924764100042912656 } level: 3 id { uuid { mostSigBits: -648325768360345290 leastSigBits: -7924764100042912656 } } } datanode { uuid: \"764b18f0-81c5-439a-9fff-25adc4f241fa\" ipAddress: \"127.0.0.1\" hostName: \"localhost\" ports { name: \"HTTP\" value: 15026 } ports { name: \"CLIENT_RPC\" value: 15027 } ports { name: \"REPLICATION\" value: 15033 } ports { name: \"RATIS\" value: 15029 } ports { name: \"RATIS_ADMIN\" value: 15030 } ports { name: \"RATIS_SERVER\" value: 15031 } ports { name: \"RATIS_DATASTREAM\" value: 15032 } ports { name: \"STANDALONE\" value: 15028 } networkName: \"764b18f0-81c5-439a-9fff-25adc4f241fa\" networkLocation: \"/default-rack\" persistedOpState: IN_SERVICE persistedOpStateExpiry: 0 currentVersion: 2 uuid128 { mostSigBits: 8523934140977202074 leastSigBits: -6917769074354011654 } level: 3 id { uuid { mostSigBits: 8523934140977202074 leastSigBits: -6917769074354011654 } } } datanode { uuid: \"8a3c3252-9afe-4d3a-8492-25be6557678a\" ipAddress: \"127.0.0.1\" hostName: \"localhost\" ports { name: \"HTTP\" value: 15018 } ports { name: \"CLIENT_RPC\" value: 15019 } ports { name: \"REPLICATION\" value: 15025 } ports { name: \"RATIS\" value: 15021 } ports { name: \"RATIS_ADMIN\" value: 15022 } ports { name: \"RATIS_SERVER\" value: 15023 } ports { name: \"RATIS_DATASTREAM\" value: 15024 } ports { name: \"STANDALONE\" value: 15020 } networkName: \"8a3c3252-9afe-4d3a-8492-25be6557678a\" networkLocation: \"/default-rack\" persistedOpState: IN_SERVICE persistedOpStateExpiry: 0 currentVersion: 2 uuid128 { mostSigBits: -8485852267503792838 leastSigBits: -8894004814429067382 } level: 3 id { uuid { mostSigBits: -8485852267503792838 leastSigBits: -8894004814429067382 } } } cmdId: 1760644044129 priority: 1 priority: 0 priority: 0 } term: 2 encodedToken: \"\" deadlineMsSinceEpoch: 0, commandType: createPipelineCommand createPipelineCommandProto { pipelineID { id: \"e8667477-af8e-4488-a6a8-7f698bb0e6aa\" uuid128 { mostSigBits: -1700543751890516856 leastSigBits: -6437755576034203990 } } type: RATIS factor: THREE datanode { uuid: \"8a3c3252-9afe-4d3a-8492-25be6557678a\" ipAddress: \"127.0.0.1\" hostName: \"localhost\" ports { name: \"HTTP\" value: 15018 } ports { name: \"CLIENT_RPC\" value: 15019 } ports { name: \"REPLICATION\" value: 15025 } ports { name: \"RATIS\" value: 15021 } ports { name: \"RATIS_ADMIN\" value: 15022 } ports { name: \"RATIS_SERVER\" value: 15023 } ports { name: \"RATIS_DATASTREAM\" value: 15024 } ports { name: \"STANDALONE\" value: 15020 } networkName: \"8a3c3252-9afe-4d3a-8492-25be6557678a\" networkLocation: \"/default-rack\" persistedOpState: IN_SERVICE persistedOpStateExpiry: 0 currentVersion: 2 uuid128 { mostSigBits: -8485852267503792838 leastSigBits: -8894004814429067382 } level: 3 id { uuid { mostSigBits: -8485852267503792838 leastSigBits: -8894004814429067382 } } } datanode { uuid: \"f700af26-0e26-4136-9205-9509c82c8c70\" ipAddress: \"127.0.0.1\" hostName: \"localhost\" ports { name: \"HTTP\" value: 15010 } ports { name: \"CLIENT_RPC\" value: 15011 } ports { name: \"REPLICATION\" value: 15017 } ports { name: \"RATIS\" value: 15013 } ports { name: \"RATIS_ADMIN\" value: 15014 } ports { name: \"RATIS_SERVER\" value: 15015 } ports { name: \"RATIS_DATASTREAM\" value: 15016 } ports { name: \"STANDALONE\" value: 15012 } networkName: \"f700af26-0e26-4136-9205-9509c82c8c70\" networkLocation: \"/default-rack\" persistedOpState: IN_SERVICE persistedOpStateExpiry: 0 currentVersion: 2 uuid128 { mostSigBits: -648325768360345290 leastSigBits: -7924764100042912656 } level: 3 id { uuid { mostSigBits: -648325768360345290 leastSigBits: -7924764100042912656 } } } datanode { uuid: \"764b18f0-81c5-439a-9fff-25adc4f241fa\" ipAddress: \"127.0.0.1\" hostName: \"localhost\" ports { name: \"HTTP\" value: 15026 } ports { name: \"CLIENT_RPC\" value: 15027 } ports { name: \"REPLICATION\" value: 15033 } ports { name: \"RATIS\" value: 15029 } ports { name: \"RATIS_ADMIN\" value: 15030 } ports { name: \"RATIS_SERVER\" value: 15031 } ports { name: \"RATIS_DATASTREAM\" value: 15032 } ports { name: \"STANDALONE\" value: 15028 } networkName: \"764b18f0-81c5-439a-9fff-25adc4f241fa\" networkLocation: \"/default-rack\" persistedOpState: IN_SERVICE persistedOpStateExpiry: 0 currentVersion: 2 uuid128 { mostSigBits: 8523934140977202074 leastSigBits: -6917769074354011654 } level: 3 id { uuid { mostSigBits: 8523934140977202074 leastSigBits: -6917769074354011654 } } } cmdId: 1760644044130 priority: 1 priority: 0 priority: 0 } term: 2 encodedToken: \"\" deadlineMsSinceEpoch: 0]"} | ret=SUCCESS |  
2025-10-16 19:47:24,852 [ForkJoinPool-1-worker-1] INFO  http.HttpServer2 (HttpServer2.java:addFilter(1016)) - Added filter static_user_filter (class=org.apache.hadoop.http.lib.StaticUserWebFilter$StaticUserFilter) to context hddsDatanode
2025-10-16 19:47:24,852 [ForkJoinPool-1-worker-1] INFO  http.HttpServer2 (HttpServer2.java:addFilter(1024)) - Added filter static_user_filter (class=org.apache.hadoop.http.lib.StaticUserWebFilter$StaticUserFilter) to context static
2025-10-16 19:47:24,852 [ForkJoinPool-1-worker-1] INFO  http.HttpServer2 (HttpServer2.java:addFilter(1024)) - Added filter static_user_filter (class=org.apache.hadoop.http.lib.StaticUserWebFilter$StaticUserFilter) to context logs
2025-10-16 19:47:24,852 [ForkJoinPool-1-worker-1] INFO  http.BaseHttpServer (BaseHttpServer.java:<init>(193)) - HTTP server of hddsDatanode uses base directory /home/runner/work/ozone/ozone/hadoop-ozone/integration-test/target/test-dir/MiniOzoneClusterImpl-e7911277-7775-4457-96c8-94071a26a1ce/scm/ozone-metadata/webserver
2025-10-16 19:47:24,853 [ForkJoinPool-1-worker-1] INFO  http.HttpServer2 (HttpServer2.java:bindListener(1240)) - Jetty bound to port 15066
2025-10-16 19:47:24,853 [ForkJoinPool-1-worker-1] INFO  server.Server (Server.java:doStart(375)) - jetty-9.4.58.v20250814; built: 2025-08-14T02:28:49.637Z; git: 8f1440587e9e4ae7db3d74cf205643f3d707148d; jvm 21.0.8+9-LTS
2025-10-16 19:47:24,854 [ForkJoinPool-1-worker-1] INFO  server.session (DefaultSessionIdManager.java:doStart(334)) - DefaultSessionIdManager workerName=node0
2025-10-16 19:47:24,854 [ForkJoinPool-1-worker-1] INFO  server.session (DefaultSessionIdManager.java:doStart(339)) - No SessionScavenger set, using defaults
2025-10-16 19:47:24,855 [ForkJoinPool-1-worker-1] INFO  server.session (HouseKeeper.java:startScavenging(132)) - node0 Scavenging every 600000ms
2025-10-16 19:47:24,855 [ForkJoinPool-1-worker-1] INFO  handler.ContextHandler (ContextHandler.java:doStart(921)) - Started o.e.j.s.ServletContextHandler@4ae5d75a{logs,/logs,file:///home/runner/work/ozone/ozone/hadoop-ozone/integration-test/target/log,AVAILABLE}
2025-10-16 19:47:24,855 [ForkJoinPool-1-worker-1] INFO  handler.ContextHandler (ContextHandler.java:doStart(921)) - Started o.e.j.s.ServletContextHandler@5a5000ad{static,/static,jar:file:/home/runner/work/ozone/ozone/hadoop-hdds/container-service/target/hdds-container-service-2.1.0-SNAPSHOT.jar!/webapps/static,AVAILABLE}
2025-10-16 19:47:24,931 [IPC Server handler 1 on default port 15002] INFO  net.NetworkTopologyImpl (NetworkTopologyImpl.java:add(133)) - Added a new node: /default-rack/aa213937-adc5-47da-a770-0ee1e4664344
2025-10-16 19:47:24,931 [IPC Server handler 1 on default port 15002] INFO  node.SCMNodeManager (SCMNodeManager.java:register(423)) - Registered datanode: aa213937-adc5-47da-a770-0ee1e4664344{ip: 127.0.0.1, host: localhost, ports: [HTTP=15034, CLIENT_RPC=15035, REPLICATION=15041, RATIS=15037, RATIS_ADMIN=15038, RATIS_SERVER=15039, RATIS_DATASTREAM=15040, STANDALONE=15036], networkLocation: /default-rack, certSerialId: null, persistedOpState: null, persistedOpStateExpiryEpochSec: 0}
2025-10-16 19:47:24,931 [EventQueue-ContainerRegistrationReportForRatisContainerSafeModeRule] INFO  safemode.SCMSafeModeManager (SCMSafeModeManager.java:validateSafeModeExitRules(138)) - RatisContainerSafeModeRule rule is successfully validated
2025-10-16 19:47:24,932 [EventQueue-NewNodeForNewNodeHandler] INFO  pipeline.BackgroundPipelineCreator (BackgroundPipelineCreator.java:notifyEventTriggered(290)) - trigger a one-shot run on RatisPipelineUtilsThread.
2025-10-16 19:47:24,932 [EventQueue-NodeRegistrationContainerReportForDataNodeSafeModeRule] INFO  safemode.SCMSafeModeManager (SCMSafeModeManager.java:validateSafeModeExitRules(138)) - DataNodeSafeModeRule rule is successfully validated
2025-10-16 19:47:24,932 [EventQueue-ContainerRegistrationReportForECContainerSafeModeRule] INFO  safemode.SCMSafeModeManager (SCMSafeModeManager.java:validateSafeModeExitRules(138)) - ECContainerSafeModeRule rule is successfully validated
2025-10-16 19:47:24,932 [EventQueue-PipelineReportForOneReplicaPipelineSafeModeRule] INFO  safemode.SCMSafeModeManager (SCMSafeModeManager.java:validateSafeModeExitRules(138)) - OneReplicaPipelineSafeModeRule rule is successfully validated
2025-10-16 19:47:24,932 | INFO  | SCMAudit | user=runner | ip=127.0.0.1 | op=REGISTER {"datanodeDetails":"aa213937-adc5-47da-a770-0ee1e4664344(localhost/127.0.0.1)"} | ret=SUCCESS |  
2025-10-16 19:47:24,934 [RatisPipelineUtilsThread-0] INFO  pipeline.RatisPipelineProvider (RatisPipelineProvider.java:lambda$create$0(208)) - Sending CreatePipelineCommand for pipeline:Pipeline-159a7077-bbc6-4ba6-a5f4-7209b67c767c to datanode:aa213937-adc5-47da-a770-0ee1e4664344(localhost/127.0.0.1)
2025-10-16 19:47:24,936 [bed9314d-2aab-40ad-9a80-177434bab325@group-94071A26A1CE-StateMachineUpdater] INFO  safemode.SCMSafeModeManager (SCMSafeModeManager.java:validateSafeModeExitRules(138)) - DataNodeSafeModeRule rule is successfully validated
2025-10-16 19:47:24,936 [bed9314d-2aab-40ad-9a80-177434bab325@group-94071A26A1CE-StateMachineUpdater] INFO  safemode.SCMSafeModeManager (SCMSafeModeManager.java:validateSafeModeExitRules(138)) - RatisContainerSafeModeRule rule is successfully validated
2025-10-16 19:47:24,936 [bed9314d-2aab-40ad-9a80-177434bab325@group-94071A26A1CE-StateMachineUpdater] INFO  safemode.HealthyPipelineSafeModeRule (HealthyPipelineSafeModeRule.java:initializeRule(226)) - Refreshed total pipeline count is 0, healthy pipeline threshold count is 1
2025-10-16 19:47:24,936 [bed9314d-2aab-40ad-9a80-177434bab325@group-94071A26A1CE-StateMachineUpdater] INFO  safemode.SCMSafeModeManager (SCMSafeModeManager.java:validateSafeModeExitRules(138)) - OneReplicaPipelineSafeModeRule rule is successfully validated
2025-10-16 19:47:24,936 [bed9314d-2aab-40ad-9a80-177434bab325@group-94071A26A1CE-StateMachineUpdater] INFO  safemode.SCMSafeModeManager (SCMSafeModeManager.java:validateSafeModeExitRules(138)) - ECContainerSafeModeRule rule is successfully validated
2025-10-16 19:47:24,937 [RatisPipelineUtilsThread-0] INFO  pipeline.BackgroundPipelineCreator (BackgroundPipelineCreator.java:createPipelines(246)) - Created new pipeline Pipeline{ Id: 159a7077-bbc6-4ba6-a5f4-7209b67c767c, Nodes: [ {aa213937-adc5-47da-a770-0ee1e4664344(localhost/127.0.0.1), ReplicaIndex: 0},], ReplicationConfig: RATIS/ONE, State:ALLOCATED, leaderId:, CreationTimestamp2025-10-16T19:47:24.934003131Z[Etc/UTC]}
2025-10-16 19:47:24,996 | INFO  | SCMAudit | user=runner | ip=127.0.0.1 | op=GET_VERSION {} | ret=SUCCESS |  
2025-10-16 19:47:25,018 [ForkJoinPool-1-worker-1] INFO  handler.ContextHandler (ContextHandler.java:doStart(921)) - Started o.e.j.w.WebAppContext@11db9d26{hddsDatanode,/,file:///home/runner/work/ozone/ozone/hadoop-ozone/integration-test/target/test-dir/MiniOzoneClusterImpl-e7911277-7775-4457-96c8-94071a26a1ce/scm/ozone-metadata/webserver/jetty-0_0_0_0-15066-hdds-container-service-2_1_0-SNAPSHOT_jar-_-any-12805741193058779125/webapp/,AVAILABLE}{jar:file:/home/runner/work/ozone/ozone/hadoop-hdds/container-service/target/hdds-container-service-2.1.0-SNAPSHOT.jar!/webapps/hddsDatanode}
2025-10-16 19:47:25,019 [ForkJoinPool-1-worker-1] INFO  server.AbstractConnector (AbstractConnector.java:doStart(333)) - Started ServerConnector@5b7ebbf3{HTTP/1.1, (http/1.1)}{0.0.0.0:15066}
2025-10-16 19:47:25,019 [ForkJoinPool-1-worker-1] INFO  server.Server (Server.java:doStart(415)) - Started @12872ms
2025-10-16 19:47:25,019 [ForkJoinPool-1-worker-1] WARN  impl.MetricsSystemImpl (MetricsSystemImpl.java:register(279)) - Sink prometheus already exists!
2025-10-16 19:47:25,019 [ForkJoinPool-1-worker-1] INFO  http.BaseHttpServer (BaseHttpServer.java:updateConnectorAddress(357)) - HTTP server of hddsDatanode listening at http://localhost:15066
2025-10-16 19:47:25,020 [ForkJoinPool-1-worker-1] INFO  ipc.CallQueueManager (CallQueueManager.java:<init>(93)) - Using callQueue: class java.util.concurrent.LinkedBlockingQueue, queueCapacity: 1000, scheduler: class org.apache.hadoop.ipc.DefaultRpcScheduler, ipcBackoff: false, ipcFailOver: false.
2025-10-16 19:47:25,020 [ForkJoinPool-1-worker-1] INFO  ipc.Server (Server.java:<init>(1438)) - Listener at 0.0.0.0:15067
2025-10-16 19:47:25,020 [Socket Reader #1 for port 15067] INFO  ipc.Server (Server.java:run(1474)) - Starting Socket Reader #1 for port 15067
2025-10-16 19:47:25,021 [Socket Reader #2 for port 15067] INFO  ipc.Server (Server.java:run(1474)) - Starting Socket Reader #2 for port 15067
2025-10-16 19:47:25,021 [Socket Reader #4 for port 15067] INFO  ipc.Server (Server.java:run(1474)) - Starting Socket Reader #4 for port 15067
2025-10-16 19:47:25,021 [Socket Reader #5 for port 15067] INFO  ipc.Server (Server.java:run(1474)) - Starting Socket Reader #5 for port 15067
2025-10-16 19:47:25,022 [Socket Reader #3 for port 15067] INFO  ipc.Server (Server.java:run(1474)) - Starting Socket Reader #3 for port 15067
2025-10-16 19:47:25,022 [Socket Reader #6 for port 15067] INFO  ipc.Server (Server.java:run(1474)) - Starting Socket Reader #6 for port 15067
2025-10-16 19:47:25,022 [Socket Reader #7 for port 15067] INFO  ipc.Server (Server.java:run(1474)) - Starting Socket Reader #7 for port 15067
2025-10-16 19:47:25,022 [Socket Reader #8 for port 15067] INFO  ipc.Server (Server.java:run(1474)) - Starting Socket Reader #8 for port 15067
2025-10-16 19:47:25,023 [Socket Reader #9 for port 15067] INFO  ipc.Server (Server.java:run(1474)) - Starting Socket Reader #9 for port 15067
2025-10-16 19:47:25,024 [Socket Reader #10 for port 15067] INFO  ipc.Server (Server.java:run(1474)) - Starting Socket Reader #10 for port 15067
2025-10-16 19:47:25,026 [ForkJoinPool-1-worker-1] INFO  ozone.HddsDatanodeService (HddsDatanodeService.java:start(333)) - Datanode start with admins: [admin, runner]
2025-10-16 19:47:25,026 [ForkJoinPool-1-worker-1] INFO  ozone.HddsDatanodeClientProtocolServer (HddsDatanodeClientProtocolServer.java:start(76)) - RPC server for Client /0.0.0.0:15067
2025-10-16 19:47:25,027 [0428ab3f-efd5-438e-ae11-9ec242443260-EndpointStateMachineTaskThread-/0.0.0.0:15002-0 ] INFO  utils.DatanodeStoreCache (DatanodeStoreCache.java:addDB(70)) - Added db /home/runner/work/ozone/ozone/hadoop-ozone/integration-test/target/test-dir/MiniOzoneClusterImpl-e7911277-7775-4457-96c8-94071a26a1ce/ozone-metadata/datanode-6/data-0/hdds/e7911277-7775-4457-96c8-94071a26a1ce/DS-5e07f963-1fc7-4a44-99d5-d2a369f3a754/container.db to cache
2025-10-16 19:47:25,027 [0428ab3f-efd5-438e-ae11-9ec242443260-EndpointStateMachineTaskThread-/0.0.0.0:15002-0 ] INFO  volume.HddsVolume (HddsVolume.java:createDbStore(576)) - SchemaV3 db is created and loaded at /home/runner/work/ozone/ozone/hadoop-ozone/integration-test/target/test-dir/MiniOzoneClusterImpl-e7911277-7775-4457-96c8-94071a26a1ce/ozone-metadata/datanode-6/data-0/hdds/e7911277-7775-4457-96c8-94071a26a1ce/DS-5e07f963-1fc7-4a44-99d5-d2a369f3a754/container.db for volume DS-5e07f963-1fc7-4a44-99d5-d2a369f3a754
2025-10-16 19:47:25,027 [IPC Server Responder] INFO  ipc.Server (Server.java:run(1713)) - IPC Server Responder: starting
2025-10-16 19:47:25,027 [IPC Server listener on 15067] INFO  ipc.Server (Server.java:run(1553)) - IPC Server listener on 15067: starting
2025-10-16 19:47:25,030 [0428ab3f-efd5-438e-ae11-9ec242443260-ContainerReader-0] INFO  ozoneimpl.ContainerReader (ContainerReader.java:readVolume(147)) - Start to verify containers on volume /home/runner/work/ozone/ozone/hadoop-ozone/integration-test/target/test-dir/MiniOzoneClusterImpl-e7911277-7775-4457-96c8-94071a26a1ce/ozone-metadata/datanode-6/data-0/hdds
2025-10-16 19:47:25,030 [0428ab3f-efd5-438e-ae11-9ec242443260-ContainerReader-0] INFO  ozoneimpl.ContainerReader (ContainerReader.java:readVolume(177)) - Finish verifying containers on volume /home/runner/work/ozone/ozone/hadoop-ozone/integration-test/target/test-dir/MiniOzoneClusterImpl-e7911277-7775-4457-96c8-94071a26a1ce/ozone-metadata/datanode-6/data-0/hdds
2025-10-16 19:47:25,030 [ForkJoinPool-1-worker-1] WARN  dropwizard3.Dm3MetricRegistriesImpl (Dm3MetricRegistriesImpl.java:addReporterRegistration(114)) - New reporters are added after registries were created. Some metrics will be missing from the reporter. Please add reporter before adding any new registry.
2025-10-16 19:47:25,030 [ForkJoinPool-1-worker-1] WARN  dropwizard3.Dm3MetricRegistriesImpl (Dm3MetricRegistriesImpl.java:addReporterRegistration(114)) - New reporters are added after registries were created. Some metrics will be missing from the reporter. Please add reporter before adding any new registry.
2025-10-16 19:47:25,030 [0428ab3f-efd5-438e-ae11-9ec242443260-EndpointStateMachineTaskThread-/0.0.0.0:15002-0 ] INFO  ozoneimpl.OzoneContainer (OzoneContainer.java:buildContainerSet(359)) - Build ContainerSet costs 0s
2025-10-16 19:47:25,030 [0428ab3f-efd5-438e-ae11-9ec242443260-EndpointStateMachineTaskThread-/0.0.0.0:15002-0 ] INFO  volume.ThrottledAsyncChecker (ThrottledAsyncChecker.java:schedule(138)) - Scheduling a check for /home/runner/work/ozone/ozone/hadoop-ozone/integration-test/target/test-dir/MiniOzoneClusterImpl-e7911277-7775-4457-96c8-94071a26a1ce/ozone-metadata/datanode-6/data-0/hdds
2025-10-16 19:47:25,031 [0428ab3f-efd5-438e-ae11-9ec242443260-EndpointStateMachineTaskThread-/0.0.0.0:15002-0 ] INFO  volume.StorageVolumeChecker (StorageVolumeChecker.java:checkAllVolumes(231)) - Scheduled health check for volume /home/runner/work/ozone/ozone/hadoop-ozone/integration-test/target/test-dir/MiniOzoneClusterImpl-e7911277-7775-4457-96c8-94071a26a1ce/ozone-metadata/datanode-6/data-0/hdds
2025-10-16 19:47:25,031 [76d4ba71-5bbb-4b24-8f51-8bc7f78aaca4-DatanodeStateMachineDaemonThread] INFO  statemachine.DatanodeStateMachine (DatanodeStateMachine.java:startStateMachineThread(363)) - Ozone container server started.
2025-10-16 19:47:25,034 [0428ab3f-efd5-438e-ae11-9ec242443260-EndpointStateMachineTaskThread-/0.0.0.0:15002-0 ] INFO  volume.ThrottledAsyncChecker (ThrottledAsyncChecker.java:schedule(138)) - Scheduling a check for /home/runner/work/ozone/ozone/hadoop-ozone/integration-test/target/test-dir/MiniOzoneClusterImpl-e7911277-7775-4457-96c8-94071a26a1ce/ozone-metadata/datanode-6/ratis
2025-10-16 19:47:25,035 [0428ab3f-efd5-438e-ae11-9ec242443260-EndpointStateMachineTaskThread-/0.0.0.0:15002-0 ] INFO  volume.StorageVolumeChecker (StorageVolumeChecker.java:checkAllVolumes(231)) - Scheduled health check for volume /home/runner/work/ozone/ozone/hadoop-ozone/integration-test/target/test-dir/MiniOzoneClusterImpl-e7911277-7775-4457-96c8-94071a26a1ce/ozone-metadata/datanode-6/ratis
2025-10-16 19:47:25,037 [0428ab3f-efd5-438e-ae11-9ec242443260-EndpointStateMachineTaskThread-/0.0.0.0:15002-0 ] INFO  ozoneimpl.OzoneContainer (OzoneContainer.java:start(544)) - Attempting to start container services.
2025-10-16 19:47:25,038 [76d4ba71-5bbb-4b24-8f51-8bc7f78aaca4-DatanodeStateMachineTaskThread-0] INFO  datanode.InitDatanodeState (InitDatanodeState.java:persistContainerDatanodeDetails(139)) - DatanodeDetails is persisted to /home/runner/work/ozone/ozone/hadoop-ozone/integration-test/target/test-dir/MiniOzoneClusterImpl-e7911277-7775-4457-96c8-94071a26a1ce/ozone-metadata/datanode-8/ozone-metadata/datanode.id
2025-10-16 19:47:25,038 [ContainerMetadataScanner] INFO  ozoneimpl.AbstractBackgroundContainerScanner (AbstractBackgroundContainerScanner.java:runIteration(89)) - Completed an iteration in 0 minutes. Number of iterations (since the data-node restart) : 1, Number of containers scanned in this iteration : 0, Number of unhealthy containers found in this iteration : 0
2025-10-16 19:47:25,039 [ContainerDataScanner(/home/runner/work/ozone/ozone/hadoop-ozone/integration-test/target/test-dir/MiniOzoneClusterImpl-e7911277-7775-4457-96c8-94071a26a1ce/ozone-metadata/datanode-6/data-0/hdds)] INFO  ozoneimpl.AbstractBackgroundContainerScanner (AbstractBackgroundContainerScanner.java:runIteration(89)) - Completed an iteration in 0 minutes. Number of iterations (since the data-node restart) : 1, Number of containers scanned in this iteration : 0, Number of unhealthy containers found in this iteration : 0
2025-10-16 19:47:25,040 [0428ab3f-efd5-438e-ae11-9ec242443260-EndpointStateMachineTaskThread-/0.0.0.0:15002-0 ] INFO  replication.ReplicationServer (ReplicationServer.java:start(137)) - ReplicationServer is started using port 15057
2025-10-16 19:47:25,040 [0428ab3f-efd5-438e-ae11-9ec242443260-EndpointStateMachineTaskThread-/0.0.0.0:15002-0 ] INFO  ratis.XceiverServerRatis (XceiverServerRatis.java:start(559)) - Starting XceiverServerRatis(0428ab3f-efd5-438e-ae11-9ec242443260)
2025-10-16 19:47:25,041 [0428ab3f-efd5-438e-ae11-9ec242443260-EndpointStateMachineTaskThread-/0.0.0.0:15002-0 ] INFO  server.RaftServer (RaftServerProxy.java:startImpl(412)) - 0428ab3f-efd5-438e-ae11-9ec242443260: start RPC server
2025-10-16 19:47:25,041 [0428ab3f-efd5-438e-ae11-9ec242443260-EndpointStateMachineTaskThread-/0.0.0.0:15002-0 ] INFO  server.GrpcServicesImpl (GrpcServicesImpl.java:startImpl(346)) - 0428ab3f-efd5-438e-ae11-9ec242443260: GrpcServicesImpl started, listening on 15053
2025-10-16 19:47:25,042 [0428ab3f-efd5-438e-ae11-9ec242443260-EndpointStateMachineTaskThread-/0.0.0.0:15002-0 ] INFO  server.GrpcServicesImpl (GrpcServicesImpl.java:startImpl(346)) - 0428ab3f-efd5-438e-ae11-9ec242443260: GrpcServicesImpl started, listening on 15055
2025-10-16 19:47:25,042 [0428ab3f-efd5-438e-ae11-9ec242443260-EndpointStateMachineTaskThread-/0.0.0.0:15002-0 ] INFO  server.GrpcServicesImpl (GrpcServicesImpl.java:startImpl(346)) - 0428ab3f-efd5-438e-ae11-9ec242443260: GrpcServicesImpl started, listening on 15054
2025-10-16 19:47:25,042 [0428ab3f-efd5-438e-ae11-9ec242443260-EndpointStateMachineTaskThread-/0.0.0.0:15002-0 ] INFO  ratis.XceiverServerRatis (XceiverServerRatis.java:getRealPort(586)) - XceiverServerRatis(0428ab3f-efd5-438e-ae11-9ec242443260) is started using port RATIS=15053
2025-10-16 19:47:25,042 [0428ab3f-efd5-438e-ae11-9ec242443260-EndpointStateMachineTaskThread-/0.0.0.0:15002-0 ] INFO  ratis.XceiverServerRatis (XceiverServerRatis.java:getRealPort(586)) - XceiverServerRatis(0428ab3f-efd5-438e-ae11-9ec242443260) is started using port RATIS_ADMIN=15054
2025-10-16 19:47:25,042 [0428ab3f-efd5-438e-ae11-9ec242443260-EndpointStateMachineTaskThread-/0.0.0.0:15002-0 ] INFO  ratis.XceiverServerRatis (XceiverServerRatis.java:getRealPort(586)) - XceiverServerRatis(0428ab3f-efd5-438e-ae11-9ec242443260) is started using port RATIS_SERVER=15055
2025-10-16 19:47:25,042 [0428ab3f-efd5-438e-ae11-9ec242443260-EndpointStateMachineTaskThread-/0.0.0.0:15002-0 ] INFO  ratis.XceiverServerRatis (XceiverServerRatis.java:getRealPort(586)) - XceiverServerRatis(0428ab3f-efd5-438e-ae11-9ec242443260) is started using port RATIS_DATASTREAM=15056
2025-10-16 19:47:25,043 [JvmPauseMonitor8] INFO  util.JvmPauseMonitor (JvmPauseMonitor.java:run(146)) - JvmPauseMonitor-0428ab3f-efd5-438e-ae11-9ec242443260: Started
2025-10-16 19:47:25,044 [0428ab3f-efd5-438e-ae11-9ec242443260-EndpointStateMachineTaskThread-/0.0.0.0:15002-0 ] INFO  utils.BackgroundService (BackgroundService.java:start(119)) - Starting service BlockDeletingService with interval 60000 milliseconds
2025-10-16 19:47:25,044 [0428ab3f-efd5-438e-ae11-9ec242443260-EndpointStateMachineTaskThread-/0.0.0.0:15002-0 ] INFO  utils.BackgroundService (BackgroundService.java:start(119)) - Starting service StaleRecoveringContainerScrubbingService with interval 60000 milliseconds
2025-10-16 19:47:25,056 [ForkJoinPool-1-worker-1] INFO  protocol.DatanodeDetails (DatanodeDetails.java:validateDatanodeIpAddress(199)) - Updating IP address of datanode 8a0fa2ff-b550-4652-b2fe-0cf91cd4a157(localhost/null) to 127.0.0.1
2025-10-16 19:47:25,056 [ForkJoinPool-1-worker-1] INFO  ozone.HddsDatanodeService (HddsDatanodeService.java:start(236)) - HddsDatanodeService 8a0fa2ff-b550-4652-b2fe-0cf91cd4a157(localhost/127.0.0.1)
2025-10-16 19:47:25,058 [ForkJoinPool-1-worker-1] INFO  upgrade.AbstractLayoutVersionManager (AbstractLayoutVersionManager.java:init(80)) - Initializing Layout version manager with metadata layout = WITNESSED_CONTAINER_DB_PROTO_VALUE (version = 9), software layout = WITNESSED_CONTAINER_DB_PROTO_VALUE (version = 9)
2025-10-16 19:47:25,059 [ForkJoinPool-1-worker-1] INFO  statemachine.DatanodeStateMachine (DatanodeStateMachine.java:getEndPointTaskThreadPoolSize(321)) - Datanode State Machine Task Thread Pool size 2
2025-10-16 19:47:25,062 [ForkJoinPool-1-worker-1] INFO  volume.HddsVolume (HddsVolume.java:<init>(162)) - HddsVolume: { id=DS-996d244b-ea4f-4848-8eb8-77ad22cadb6b dir=/home/runner/work/ozone/ozone/hadoop-ozone/integration-test/target/test-dir/MiniOzoneClusterImpl-e7911277-7775-4457-96c8-94071a26a1ce/ozone-metadata/datanode-9/data-0/hdds type=DISK capacity=9222449699674390527 used=0 available=9222449699674390527 minFree=184448985434423296 committed=0 }
2025-10-16 19:47:25,062 [ForkJoinPool-1-worker-1] INFO  volume.MutableVolumeSet (MutableVolumeSet.java:initializeVolumeSet(175)) - Added Volume : /home/runner/work/ozone/ozone/hadoop-ozone/integration-test/target/test-dir/MiniOzoneClusterImpl-e7911277-7775-4457-96c8-94071a26a1ce/ozone-metadata/datanode-9/data-0/hdds to VolumeSet
2025-10-16 19:47:25,064 [ForkJoinPool-1-worker-1] INFO  volume.MutableVolumeSet (MutableVolumeSet.java:initializeVolumeSet(175)) - Added Volume : /home/runner/work/ozone/ozone/hadoop-ozone/integration-test/target/test-dir/MiniOzoneClusterImpl-e7911277-7775-4457-96c8-94071a26a1ce/ozone-metadata/datanode-9/ratis to VolumeSet
2025-10-16 19:47:25,064 [ForkJoinPool-1-worker-1] INFO  ozoneimpl.OzoneContainer (HddsVolumeUtil.java:loadAllHddsVolumeDbStore(102)) - Load 1 volumes DbStore cost: 1ms
2025-10-16 19:47:25,065 [ForkJoinPool-1-worker-1] WARN  db.DBStoreBuilder (DBStoreBuilder.java:getDBDirPath(157)) - ozone.scm.datanode.id.dir is not configured. We recommend adding this setting. Falling back to ozone.metadata.dirs instead.
2025-10-16 19:47:25,066 [ForkJoinPool-1-worker-1] WARN  db.DBStoreBuilder (DBStoreBuilder.java:getDBDirPath(157)) - ozone.scm.datanode.id.dir is not configured. We recommend adding this setting. Falling back to ozone.metadata.dirs instead.
2025-10-16 19:47:25,081 [ForkJoinPool-1-worker-1] INFO  impl.FilePerChunkStrategy (FilePerChunkStrategy.java:<init>(79)) - ozone.chunk.read.mapped.buffer.max.count is load with 0
2025-10-16 19:47:25,081 [ForkJoinPool-1-worker-1] INFO  impl.FilePerBlockStrategy (FilePerBlockStrategy.java:<init>(88)) - ozone.chunk.read.mapped.buffer.max.count is load with 0
2025-10-16 19:47:25,082 [ForkJoinPool-1-worker-1] INFO  server.RaftServerConfigKeys (ConfUtils.java:logGet(62)) - raft.server.log.appender.buffer.byte-limit = 33554432 (custom)
2025-10-16 19:47:25,084 [ForkJoinPool-1-worker-1] INFO  grpc.GrpcConfigKeys (ConfUtils.java:logFallback(69)) - raft.grpc.admin.host = null (fallback to raft.grpc.server.host)
2025-10-16 19:47:25,084 [ForkJoinPool-1-worker-1] INFO  grpc.GrpcConfigKeys (ConfUtils.java:logGet(62)) - raft.grpc.admin.port = 15078 (custom)
2025-10-16 19:47:25,084 [ForkJoinPool-1-worker-1] INFO  grpc.GrpcConfigKeys (ConfUtils.java:logFallback(69)) - raft.grpc.client.host = null (fallback to raft.grpc.server.host)
2025-10-16 19:47:25,084 [ForkJoinPool-1-worker-1] INFO  grpc.GrpcConfigKeys (ConfUtils.java:logGet(62)) - raft.grpc.client.port = 15077 (custom)
2025-10-16 19:47:25,084 [ForkJoinPool-1-worker-1] INFO  grpc.GrpcConfigKeys (ConfUtils.java:logGet(62)) - raft.grpc.server.port = 15079 (custom)
2025-10-16 19:47:25,084 [ForkJoinPool-1-worker-1] INFO  server.GrpcServicesImpl (ConfUtils.java:logGet(62)) - raft.grpc.message.size.max = 34603008 (custom)
2025-10-16 19:47:25,084 [ForkJoinPool-1-worker-1] INFO  server.GrpcServicesImpl (ConfUtils.java:logGet(62)) - raft.grpc.flow.control.window = 5MB (=5242880) (custom)
2025-10-16 19:47:25,084 [ForkJoinPool-1-worker-1] INFO  server.RaftServerConfigKeys (ConfUtils.java:logGet(62)) - raft.server.log.appender.buffer.byte-limit = 33554432 (custom)
2025-10-16 19:47:25,086 [ForkJoinPool-1-worker-1] INFO  netty.NettyUtils (NettyUtils.java:newEventLoopGroup(74)) - Create EpollEventLoopGroup for 8a0fa2ff-b550-4652-b2fe-0cf91cd4a157-NettyServerStreamRpc-bossGroup; Thread size is 0.
2025-10-16 19:47:25,087 [ForkJoinPool-1-worker-1] INFO  netty.NettyUtils (NettyUtils.java:newEventLoopGroup(74)) - Create EpollEventLoopGroup for 8a0fa2ff-b550-4652-b2fe-0cf91cd4a157-NettyServerStreamRpc-workerGroup; Thread size is 0.
2025-10-16 19:47:25,088 [ForkJoinPool-1-worker-1] INFO  netty.NettyConfigKeys$DataStream (ConfUtils.java:logGet(62)) - raft.netty.dataStream.port = 15080 (custom)
2025-10-16 19:47:25,088 [ForkJoinPool-1-worker-1] INFO  server.RaftServerConfigKeys (ConfUtils.java:logGet(62)) - raft.server.storage.dir = [/home/runner/work/ozone/ozone/hadoop-ozone/integration-test/target/test-dir/MiniOzoneClusterImpl-e7911277-7775-4457-96c8-94071a26a1ce/ozone-metadata/datanode-9/ratis] (custom)
2025-10-16 19:47:25,089 [8a0fa2ff-b550-4652-b2fe-0cf91cd4a157-NettyServerStreamRpc-bossGroup--thread1] INFO  logging.LoggingHandler (AbstractInternalLogger.java:log(148)) - [id: 0x4ba04bae] REGISTERED
2025-10-16 19:47:25,089 [8a0fa2ff-b550-4652-b2fe-0cf91cd4a157-NettyServerStreamRpc-bossGroup--thread1] INFO  logging.LoggingHandler (AbstractInternalLogger.java:log(148)) - [id: 0x4ba04bae] BIND: 0.0.0.0/0.0.0.0:15080
2025-10-16 19:47:25,089 [8a0fa2ff-b550-4652-b2fe-0cf91cd4a157-NettyServerStreamRpc-bossGroup--thread1] INFO  logging.LoggingHandler (AbstractInternalLogger.java:log(148)) - [id: 0x4ba04bae, L:/0.0.0.0:15080] ACTIVE
2025-10-16 19:47:25,089 [8a0fa2ff-b550-4652-b2fe-0cf91cd4a157-impl-thread1] INFO  server.RaftServer (RaftServerProxy.java:initGroupDir(270)) - 8a0fa2ff-b550-4652-b2fe-0cf91cd4a157: found a subdirectory /home/runner/work/ozone/ozone/hadoop-ozone/integration-test/target/test-dir/MiniOzoneClusterImpl-e7911277-7775-4457-96c8-94071a26a1ce/ozone-metadata/datanode-9/ratis/tmp
2025-10-16 19:47:25,090 [8a0fa2ff-b550-4652-b2fe-0cf91cd4a157-impl-thread1] INFO  server.RaftServer (RaftServerProxy.java:initGroupDir(275)) - 8a0fa2ff-b550-4652-b2fe-0cf91cd4a157: The directory /home/runner/work/ozone/ozone/hadoop-ozone/integration-test/target/test-dir/MiniOzoneClusterImpl-e7911277-7775-4457-96c8-94071a26a1ce/ozone-metadata/datanode-9/ratis/tmp is not a group directory; ignoring it. 
2025-10-16 19:47:25,090 [ForkJoinPool-1-worker-1] INFO  replication.ReplicationServer (ReplicationServer.java:<init>(84)) - Initializing replication server with thread count = 10 queue length = 4096
2025-10-16 19:47:25,091 [ForkJoinPool-1-worker-1] INFO  server.XceiverServerGrpc (XceiverServerGrpc.java:<init>(129)) - GrpcServer channel type EpollServerSocketChannel
2025-10-16 19:47:25,092 [ForkJoinPool-1-worker-1] INFO  replication.ReplicationSupervisor (ReplicationSupervisor.java:build(169)) - Initializing replication supervisor with thread count = 10
2025-10-16 19:47:25,093 [ForkJoinPool-1-worker-1] INFO  replication.ReplicationSupervisor (ReplicationSupervisor.java:nodeStateUpdated(358)) - Node state updated to IN_SERVICE, scaling executor pool size to 10
2025-10-16 19:47:25,095 [ForkJoinPool-1-worker-1] INFO  http.BaseHttpServer (BaseHttpServer.java:newHttpServer2BuilderForOzone(227)) - Starting Web-server for hddsDatanode at: http://0.0.0.0:15074
2025-10-16 19:47:25,095 [ForkJoinPool-1-worker-1] INFO  http.BaseHttpServer (BaseHttpServer.java:<init>(105)) - Hadoop Security Enabled: false Ozone Security Enabled: false Ozone HTTP Security Enabled: false 
2025-10-16 19:47:25,096 [ForkJoinPool-1-worker-1] WARN  server.AuthenticationFilter (AuthenticationFilter.java:constructSecretProvider(240)) - Unable to initialize FileSignerSecretProvider, falling back to use random secrets. Reason: Could not read signature secret file: /home/runner/hadoop-http-auth-signature-secret
2025-10-16 19:47:25,098 [ForkJoinPool-1-worker-1] INFO  http.HttpServer2 (HttpServer2.java:addGlobalFilter(1040)) - Added global filter 'safety' (class=org.apache.hadoop.hdds.server.http.HttpServer2$QuotingInputFilter)
2025-10-16 19:47:25,099 [ForkJoinPool-1-worker-1] INFO  http.HttpServer2 (HttpServer2.java:addFilter(1016)) - Added filter static_user_filter (class=org.apache.hadoop.http.lib.StaticUserWebFilter$StaticUserFilter) to context hddsDatanode
2025-10-16 19:47:25,099 [ForkJoinPool-1-worker-1] INFO  http.HttpServer2 (HttpServer2.java:addFilter(1024)) - Added filter static_user_filter (class=org.apache.hadoop.http.lib.StaticUserWebFilter$StaticUserFilter) to context logs
2025-10-16 19:47:25,099 [ForkJoinPool-1-worker-1] INFO  http.HttpServer2 (HttpServer2.java:addFilter(1024)) - Added filter static_user_filter (class=org.apache.hadoop.http.lib.StaticUserWebFilter$StaticUserFilter) to context static
2025-10-16 19:47:25,100 [ForkJoinPool-1-worker-1] INFO  http.BaseHttpServer (BaseHttpServer.java:<init>(193)) - HTTP server of hddsDatanode uses base directory /home/runner/work/ozone/ozone/hadoop-ozone/integration-test/target/test-dir/MiniOzoneClusterImpl-e7911277-7775-4457-96c8-94071a26a1ce/scm/ozone-metadata/webserver
2025-10-16 19:47:25,100 [ForkJoinPool-1-worker-1] INFO  http.HttpServer2 (HttpServer2.java:bindListener(1240)) - Jetty bound to port 15074
2025-10-16 19:47:25,100 [ForkJoinPool-1-worker-1] INFO  server.Server (Server.java:doStart(375)) - jetty-9.4.58.v20250814; built: 2025-08-14T02:28:49.637Z; git: 8f1440587e9e4ae7db3d74cf205643f3d707148d; jvm 21.0.8+9-LTS
2025-10-16 19:47:25,102 [ForkJoinPool-1-worker-1] INFO  server.session (DefaultSessionIdManager.java:doStart(334)) - DefaultSessionIdManager workerName=node0
2025-10-16 19:47:25,102 [ForkJoinPool-1-worker-1] INFO  server.session (DefaultSessionIdManager.java:doStart(339)) - No SessionScavenger set, using defaults
2025-10-16 19:47:25,102 [ForkJoinPool-1-worker-1] INFO  server.session (HouseKeeper.java:startScavenging(132)) - node0 Scavenging every 660000ms
2025-10-16 19:47:25,102 [ForkJoinPool-1-worker-1] INFO  handler.ContextHandler (ContextHandler.java:doStart(921)) - Started o.e.j.s.ServletContextHandler@4f1863cb{logs,/logs,file:///home/runner/work/ozone/ozone/hadoop-ozone/integration-test/target/log,AVAILABLE}
2025-10-16 19:47:25,103 [ForkJoinPool-1-worker-1] INFO  handler.ContextHandler (ContextHandler.java:doStart(921)) - Started o.e.j.s.ServletContextHandler@90ed7fb{static,/static,jar:file:/home/runner/work/ozone/ozone/hadoop-hdds/container-service/target/hdds-container-service-2.1.0-SNAPSHOT.jar!/webapps/static,AVAILABLE}
2025-10-16 19:47:25,134 | INFO  | SCMAudit | user=runner | ip=127.0.0.1 | op=SEND_HEARTBEAT {"datanodeUUID":"764b18f0-81c5-439a-9fff-25adc4f241fa","term":"2","command":"[commandType: createPipelineCommand createPipelineCommandProto { pipelineID { id: \"538e0115-15a4-42ad-9d9a-efa78d49be77\" uuid128 { mostSigBits: 6020750941909959341 leastSigBits: -7090091160432427401 } } type: RATIS factor: ONE datanode { uuid: \"764b18f0-81c5-439a-9fff-25adc4f241fa\" ipAddress: \"127.0.0.1\" hostName: \"localhost\" ports { name: \"HTTP\" value: 15026 } ports { name: \"CLIENT_RPC\" value: 15027 } ports { name: \"REPLICATION\" value: 15033 } ports { name: \"RATIS\" value: 15029 } ports { name: \"RATIS_ADMIN\" value: 15030 } ports { name: \"RATIS_SERVER\" value: 15031 } ports { name: \"RATIS_DATASTREAM\" value: 15032 } ports { name: \"STANDALONE\" value: 15028 } networkName: \"764b18f0-81c5-439a-9fff-25adc4f241fa\" networkLocation: \"/default-rack\" persistedOpState: IN_SERVICE persistedOpStateExpiry: 0 currentVersion: 2 uuid128 { mostSigBits: 8523934140977202074 leastSigBits: -6917769074354011654 } level: 3 id { uuid { mostSigBits: 8523934140977202074 leastSigBits: -6917769074354011654 } } } cmdId: 1760644044128 priority: 1 } term: 2 encodedToken: \"\" deadlineMsSinceEpoch: 0, commandType: createPipelineCommand createPipelineCommandProto { pipelineID { id: \"8c63ceaf-ef16-456b-926f-e01cf5ea873d\" uuid128 { mostSigBits: -8330587630679472789 leastSigBits: -7894845206767696067 } } type: RATIS factor: THREE datanode { uuid: \"f700af26-0e26-4136-9205-9509c82c8c70\" ipAddress: \"127.0.0.1\" hostName: \"localhost\" ports { name: \"HTTP\" value: 15010 } ports { name: \"CLIENT_RPC\" value: 15011 } ports { name: \"REPLICATION\" value: 15017 } ports { name: \"RATIS\" value: 15013 } ports { name: \"RATIS_ADMIN\" value: 15014 } ports { name: \"RATIS_SERVER\" value: 15015 } ports { name: \"RATIS_DATASTREAM\" value: 15016 } ports { name: \"STANDALONE\" value: 15012 } networkName: \"f700af26-0e26-4136-9205-9509c82c8c70\" networkLocation: \"/default-rack\" persistedOpState: IN_SERVICE persistedOpStateExpiry: 0 currentVersion: 2 uuid128 { mostSigBits: -648325768360345290 leastSigBits: -7924764100042912656 } level: 3 id { uuid { mostSigBits: -648325768360345290 leastSigBits: -7924764100042912656 } } } datanode { uuid: \"764b18f0-81c5-439a-9fff-25adc4f241fa\" ipAddress: \"127.0.0.1\" hostName: \"localhost\" ports { name: \"HTTP\" value: 15026 } ports { name: \"CLIENT_RPC\" value: 15027 } ports { name: \"REPLICATION\" value: 15033 } ports { name: \"RATIS\" value: 15029 } ports { name: \"RATIS_ADMIN\" value: 15030 } ports { name: \"RATIS_SERVER\" value: 15031 } ports { name: \"RATIS_DATASTREAM\" value: 15032 } ports { name: \"STANDALONE\" value: 15028 } networkName: \"764b18f0-81c5-439a-9fff-25adc4f241fa\" networkLocation: \"/default-rack\" persistedOpState: IN_SERVICE persistedOpStateExpiry: 0 currentVersion: 2 uuid128 { mostSigBits: 8523934140977202074 leastSigBits: -6917769074354011654 } level: 3 id { uuid { mostSigBits: 8523934140977202074 leastSigBits: -6917769074354011654 } } } datanode { uuid: \"8a3c3252-9afe-4d3a-8492-25be6557678a\" ipAddress: \"127.0.0.1\" hostName: \"localhost\" ports { name: \"HTTP\" value: 15018 } ports { name: \"CLIENT_RPC\" value: 15019 } ports { name: \"REPLICATION\" value: 15025 } ports { name: \"RATIS\" value: 15021 } ports { name: \"RATIS_ADMIN\" value: 15022 } ports { name: \"RATIS_SERVER\" value: 15023 } ports { name: \"RATIS_DATASTREAM\" value: 15024 } ports { name: \"STANDALONE\" value: 15020 } networkName: \"8a3c3252-9afe-4d3a-8492-25be6557678a\" networkLocation: \"/default-rack\" persistedOpState: IN_SERVICE persistedOpStateExpiry: 0 currentVersion: 2 uuid128 { mostSigBits: -8485852267503792838 leastSigBits: -8894004814429067382 } level: 3 id { uuid { mostSigBits: -8485852267503792838 leastSigBits: -8894004814429067382 } } } cmdId: 1760644044129 priority: 1 priority: 0 priority: 0 } term: 2 encodedToken: \"\" deadlineMsSinceEpoch: 0, commandType: createPipelineCommand createPipelineCommandProto { pipelineID { id: \"e8667477-af8e-4488-a6a8-7f698bb0e6aa\" uuid128 { mostSigBits: -1700543751890516856 leastSigBits: -6437755576034203990 } } type: RATIS factor: THREE datanode { uuid: \"8a3c3252-9afe-4d3a-8492-25be6557678a\" ipAddress: \"127.0.0.1\" hostName: \"localhost\" ports { name: \"HTTP\" value: 15018 } ports { name: \"CLIENT_RPC\" value: 15019 } ports { name: \"REPLICATION\" value: 15025 } ports { name: \"RATIS\" value: 15021 } ports { name: \"RATIS_ADMIN\" value: 15022 } ports { name: \"RATIS_SERVER\" value: 15023 } ports { name: \"RATIS_DATASTREAM\" value: 15024 } ports { name: \"STANDALONE\" value: 15020 } networkName: \"8a3c3252-9afe-4d3a-8492-25be6557678a\" networkLocation: \"/default-rack\" persistedOpState: IN_SERVICE persistedOpStateExpiry: 0 currentVersion: 2 uuid128 { mostSigBits: -8485852267503792838 leastSigBits: -8894004814429067382 } level: 3 id { uuid { mostSigBits: -8485852267503792838 leastSigBits: -8894004814429067382 } } } datanode { uuid: \"f700af26-0e26-4136-9205-9509c82c8c70\" ipAddress: \"127.0.0.1\" hostName: \"localhost\" ports { name: \"HTTP\" value: 15010 } ports { name: \"CLIENT_RPC\" value: 15011 } ports { name: \"REPLICATION\" value: 15017 } ports { name: \"RATIS\" value: 15013 } ports { name: \"RATIS_ADMIN\" value: 15014 } ports { name: \"RATIS_SERVER\" value: 15015 } ports { name: \"RATIS_DATASTREAM\" value: 15016 } ports { name: \"STANDALONE\" value: 15012 } networkName: \"f700af26-0e26-4136-9205-9509c82c8c70\" networkLocation: \"/default-rack\" persistedOpState: IN_SERVICE persistedOpStateExpiry: 0 currentVersion: 2 uuid128 { mostSigBits: -648325768360345290 leastSigBits: -7924764100042912656 } level: 3 id { uuid { mostSigBits: -648325768360345290 leastSigBits: -7924764100042912656 } } } datanode { uuid: \"764b18f0-81c5-439a-9fff-25adc4f241fa\" ipAddress: \"127.0.0.1\" hostName: \"localhost\" ports { name: \"HTTP\" value: 15026 } ports { name: \"CLIENT_RPC\" value: 15027 } ports { name: \"REPLICATION\" value: 15033 } ports { name: \"RATIS\" value: 15029 } ports { name: \"RATIS_ADMIN\" value: 15030 } ports { name: \"RATIS_SERVER\" value: 15031 } ports { name: \"RATIS_DATASTREAM\" value: 15032 } ports { name: \"STANDALONE\" value: 15028 } networkName: \"764b18f0-81c5-439a-9fff-25adc4f241fa\" networkLocation: \"/default-rack\" persistedOpState: IN_SERVICE persistedOpStateExpiry: 0 currentVersion: 2 uuid128 { mostSigBits: 8523934140977202074 leastSigBits: -6917769074354011654 } level: 3 id { uuid { mostSigBits: 8523934140977202074 leastSigBits: -6917769074354011654 } } } cmdId: 1760644044130 priority: 1 priority: 0 priority: 0 } term: 2 encodedToken: \"\" deadlineMsSinceEpoch: 0]"} | ret=SUCCESS |  
2025-10-16 19:47:25,229 [IPC Server handler 5 on default port 15002] INFO  net.NetworkTopologyImpl (NetworkTopologyImpl.java:add(133)) - Added a new node: /default-rack/58cff6b7-b2a7-446b-a75a-bb98ad6b11b8
2025-10-16 19:47:25,230 [IPC Server handler 5 on default port 15002] INFO  node.SCMNodeManager (SCMNodeManager.java:register(423)) - Registered datanode: 58cff6b7-b2a7-446b-a75a-bb98ad6b11b8{ip: 127.0.0.1, host: localhost, ports: [HTTP=15042, CLIENT_RPC=15043, REPLICATION=15049, RATIS=15045, RATIS_ADMIN=15046, RATIS_SERVER=15047, RATIS_DATASTREAM=15048, STANDALONE=15044], networkLocation: /default-rack, certSerialId: null, persistedOpState: null, persistedOpStateExpiryEpochSec: 0}
2025-10-16 19:47:25,230 [EventQueue-PipelineReportForOneReplicaPipelineSafeModeRule] INFO  safemode.SCMSafeModeManager (SCMSafeModeManager.java:validateSafeModeExitRules(138)) - OneReplicaPipelineSafeModeRule rule is successfully validated
2025-10-16 19:47:25,230 [EventQueue-ContainerRegistrationReportForRatisContainerSafeModeRule] INFO  safemode.SCMSafeModeManager (SCMSafeModeManager.java:validateSafeModeExitRules(138)) - RatisContainerSafeModeRule rule is successfully validated
2025-10-16 19:47:25,230 [EventQueue-NodeRegistrationContainerReportForDataNodeSafeModeRule] INFO  safemode.SCMSafeModeManager (SCMSafeModeManager.java:validateSafeModeExitRules(138)) - DataNodeSafeModeRule rule is successfully validated
2025-10-16 19:47:25,230 [EventQueue-NewNodeForNewNodeHandler] INFO  pipeline.BackgroundPipelineCreator (BackgroundPipelineCreator.java:notifyEventTriggered(290)) - trigger a one-shot run on RatisPipelineUtilsThread.
2025-10-16 19:47:25,231 [EventQueue-ContainerRegistrationReportForECContainerSafeModeRule] INFO  safemode.SCMSafeModeManager (SCMSafeModeManager.java:validateSafeModeExitRules(138)) - ECContainerSafeModeRule rule is successfully validated
2025-10-16 19:47:25,231 [RatisPipelineUtilsThread-0] INFO  pipeline.RatisPipelineProvider (RatisPipelineProvider.java:lambda$create$0(208)) - Sending CreatePipelineCommand for pipeline:Pipeline-3fa565e2-b63b-437f-88a9-ce465bb6e67c to datanode:58cff6b7-b2a7-446b-a75a-bb98ad6b11b8(localhost/127.0.0.1)
2025-10-16 19:47:25,231 | INFO  | SCMAudit | user=runner | ip=127.0.0.1 | op=REGISTER {"datanodeDetails":"58cff6b7-b2a7-446b-a75a-bb98ad6b11b8(localhost/127.0.0.1)"} | ret=SUCCESS |  
2025-10-16 19:47:25,234 [bed9314d-2aab-40ad-9a80-177434bab325@group-94071A26A1CE-StateMachineUpdater] INFO  safemode.SCMSafeModeManager (SCMSafeModeManager.java:validateSafeModeExitRules(138)) - DataNodeSafeModeRule rule is successfully validated
2025-10-16 19:47:25,234 [bed9314d-2aab-40ad-9a80-177434bab325@group-94071A26A1CE-StateMachineUpdater] INFO  safemode.SCMSafeModeManager (SCMSafeModeManager.java:validateSafeModeExitRules(138)) - RatisContainerSafeModeRule rule is successfully validated
2025-10-16 19:47:25,234 [bed9314d-2aab-40ad-9a80-177434bab325@group-94071A26A1CE-StateMachineUpdater] INFO  safemode.HealthyPipelineSafeModeRule (HealthyPipelineSafeModeRule.java:initializeRule(226)) - Refreshed total pipeline count is 0, healthy pipeline threshold count is 1
2025-10-16 19:47:25,234 [bed9314d-2aab-40ad-9a80-177434bab325@group-94071A26A1CE-StateMachineUpdater] INFO  safemode.SCMSafeModeManager (SCMSafeModeManager.java:validateSafeModeExitRules(138)) - OneReplicaPipelineSafeModeRule rule is successfully validated
2025-10-16 19:47:25,235 [bed9314d-2aab-40ad-9a80-177434bab325@group-94071A26A1CE-StateMachineUpdater] INFO  safemode.SCMSafeModeManager (SCMSafeModeManager.java:validateSafeModeExitRules(138)) - ECContainerSafeModeRule rule is successfully validated
2025-10-16 19:47:25,235 [RatisPipelineUtilsThread-0] INFO  pipeline.BackgroundPipelineCreator (BackgroundPipelineCreator.java:createPipelines(246)) - Created new pipeline Pipeline{ Id: 3fa565e2-b63b-437f-88a9-ce465bb6e67c, Nodes: [ {58cff6b7-b2a7-446b-a75a-bb98ad6b11b8(localhost/127.0.0.1), ReplicaIndex: 0},], ReplicationConfig: RATIS/ONE, State:ALLOCATED, leaderId:, CreationTimestamp2025-10-16T19:47:25.231545450Z[Etc/UTC]}
2025-10-16 19:47:25,262 [ForkJoinPool-1-worker-1] INFO  handler.ContextHandler (ContextHandler.java:doStart(921)) - Started o.e.j.w.WebAppContext@65bc87be{hddsDatanode,/,file:///home/runner/work/ozone/ozone/hadoop-ozone/integration-test/target/test-dir/MiniOzoneClusterImpl-e7911277-7775-4457-96c8-94071a26a1ce/scm/ozone-metadata/webserver/jetty-0_0_0_0-15074-hdds-container-service-2_1_0-SNAPSHOT_jar-_-any-18349317554134206545/webapp/,AVAILABLE}{jar:file:/home/runner/work/ozone/ozone/hadoop-hdds/container-service/target/hdds-container-service-2.1.0-SNAPSHOT.jar!/webapps/hddsDatanode}
2025-10-16 19:47:25,263 [ForkJoinPool-1-worker-1] INFO  server.AbstractConnector (AbstractConnector.java:doStart(333)) - Started ServerConnector@79def362{HTTP/1.1, (http/1.1)}{0.0.0.0:15074}
2025-10-16 19:47:25,263 [ForkJoinPool-1-worker-1] INFO  server.Server (Server.java:doStart(415)) - Started @13117ms
2025-10-16 19:47:25,263 [ForkJoinPool-1-worker-1] WARN  impl.MetricsSystemImpl (MetricsSystemImpl.java:register(279)) - Sink prometheus already exists!
2025-10-16 19:47:25,264 [ForkJoinPool-1-worker-1] INFO  http.BaseHttpServer (BaseHttpServer.java:updateConnectorAddress(357)) - HTTP server of hddsDatanode listening at http://localhost:15074
2025-10-16 19:47:25,264 [ForkJoinPool-1-worker-1] INFO  ipc.CallQueueManager (CallQueueManager.java:<init>(93)) - Using callQueue: class java.util.concurrent.LinkedBlockingQueue, queueCapacity: 1000, scheduler: class org.apache.hadoop.ipc.DefaultRpcScheduler, ipcBackoff: false, ipcFailOver: false.
2025-10-16 19:47:25,264 [ForkJoinPool-1-worker-1] INFO  ipc.Server (Server.java:<init>(1438)) - Listener at 0.0.0.0:15075
2025-10-16 19:47:25,265 [Socket Reader #1 for port 15075] INFO  ipc.Server (Server.java:run(1474)) - Starting Socket Reader #1 for port 15075
2025-10-16 19:47:25,265 [Socket Reader #2 for port 15075] INFO  ipc.Server (Server.java:run(1474)) - Starting Socket Reader #2 for port 15075
2025-10-16 19:47:25,265 [Socket Reader #3 for port 15075] INFO  ipc.Server (Server.java:run(1474)) - Starting Socket Reader #3 for port 15075
2025-10-16 19:47:25,265 [Socket Reader #4 for port 15075] INFO  ipc.Server (Server.java:run(1474)) - Starting Socket Reader #4 for port 15075
2025-10-16 19:47:25,266 [Socket Reader #5 for port 15075] INFO  ipc.Server (Server.java:run(1474)) - Starting Socket Reader #5 for port 15075
2025-10-16 19:47:25,266 [Socket Reader #6 for port 15075] INFO  ipc.Server (Server.java:run(1474)) - Starting Socket Reader #6 for port 15075
2025-10-16 19:47:25,266 [Socket Reader #7 for port 15075] INFO  ipc.Server (Server.java:run(1474)) - Starting Socket Reader #7 for port 15075
2025-10-16 19:47:25,266 [Socket Reader #8 for port 15075] INFO  ipc.Server (Server.java:run(1474)) - Starting Socket Reader #8 for port 15075
2025-10-16 19:47:25,266 [Socket Reader #9 for port 15075] INFO  ipc.Server (Server.java:run(1474)) - Starting Socket Reader #9 for port 15075
2025-10-16 19:47:25,266 [Socket Reader #10 for port 15075] INFO  ipc.Server (Server.java:run(1474)) - Starting Socket Reader #10 for port 15075
2025-10-16 19:47:25,268 [ForkJoinPool-1-worker-1] INFO  ozone.HddsDatanodeService (HddsDatanodeService.java:start(333)) - Datanode start with admins: [admin, runner]
2025-10-16 19:47:25,268 [ForkJoinPool-1-worker-1] INFO  ozone.HddsDatanodeClientProtocolServer (HddsDatanodeClientProtocolServer.java:start(76)) - RPC server for Client /0.0.0.0:15075
2025-10-16 19:47:25,269 [IPC Server Responder] INFO  ipc.Server (Server.java:run(1713)) - IPC Server Responder: starting
2025-10-16 19:47:25,269 [IPC Server listener on 15075] INFO  ipc.Server (Server.java:run(1553)) - IPC Server listener on 15075: starting
2025-10-16 19:47:25,270 [ForkJoinPool-1-worker-1] WARN  dropwizard3.Dm3MetricRegistriesImpl (Dm3MetricRegistriesImpl.java:addReporterRegistration(114)) - New reporters are added after registries were created. Some metrics will be missing from the reporter. Please add reporter before adding any new registry.
2025-10-16 19:47:25,270 [ForkJoinPool-1-worker-1] WARN  dropwizard3.Dm3MetricRegistriesImpl (Dm3MetricRegistriesImpl.java:addReporterRegistration(114)) - New reporters are added after registries were created. Some metrics will be missing from the reporter. Please add reporter before adding any new registry.
2025-10-16 19:47:25,280 [8a0fa2ff-b550-4652-b2fe-0cf91cd4a157-DatanodeStateMachineDaemonThread] INFO  statemachine.DatanodeStateMachine (DatanodeStateMachine.java:startStateMachineThread(363)) - Ozone container server started.
2025-10-16 19:47:25,288 [8a0fa2ff-b550-4652-b2fe-0cf91cd4a157-DatanodeStateMachineTaskThread-0] INFO  datanode.InitDatanodeState (InitDatanodeState.java:persistContainerDatanodeDetails(139)) - DatanodeDetails is persisted to /home/runner/work/ozone/ozone/hadoop-ozone/integration-test/target/test-dir/MiniOzoneClusterImpl-e7911277-7775-4457-96c8-94071a26a1ce/ozone-metadata/datanode-9/ozone-metadata/datanode.id
2025-10-16 19:47:25,292 | INFO  | SCMAudit | user=runner | ip=127.0.0.1 | op=GET_VERSION {} | ret=SUCCESS |  
2025-10-16 19:47:25,302 [ForkJoinPool-1-worker-1] INFO  protocol.DatanodeDetails (DatanodeDetails.java:validateDatanodeIpAddress(199)) - Updating IP address of datanode 0e8b6cc7-9945-4141-97fc-6aa017a0d5fa(localhost/null) to 127.0.0.1
2025-10-16 19:47:25,302 [ForkJoinPool-1-worker-1] INFO  ozone.HddsDatanodeService (HddsDatanodeService.java:start(236)) - HddsDatanodeService 0e8b6cc7-9945-4141-97fc-6aa017a0d5fa(localhost/127.0.0.1)
2025-10-16 19:47:25,305 [ForkJoinPool-1-worker-1] INFO  upgrade.AbstractLayoutVersionManager (AbstractLayoutVersionManager.java:init(80)) - Initializing Layout version manager with metadata layout = WITNESSED_CONTAINER_DB_PROTO_VALUE (version = 9), software layout = WITNESSED_CONTAINER_DB_PROTO_VALUE (version = 9)
2025-10-16 19:47:25,305 [ForkJoinPool-1-worker-1] INFO  statemachine.DatanodeStateMachine (DatanodeStateMachine.java:getEndPointTaskThreadPoolSize(321)) - Datanode State Machine Task Thread Pool size 2
2025-10-16 19:47:25,308 [ForkJoinPool-1-worker-1] INFO  volume.HddsVolume (HddsVolume.java:<init>(162)) - HddsVolume: { id=DS-776cde98-ef03-4f3c-97db-98227bd3c34c dir=/home/runner/work/ozone/ozone/hadoop-ozone/integration-test/target/test-dir/MiniOzoneClusterImpl-e7911277-7775-4457-96c8-94071a26a1ce/ozone-metadata/datanode-10/data-0/hdds type=DISK capacity=9222449699674390527 used=0 available=9222449699674390527 minFree=184448985434423296 committed=0 }
2025-10-16 19:47:25,308 [ForkJoinPool-1-worker-1] INFO  volume.MutableVolumeSet (MutableVolumeSet.java:initializeVolumeSet(175)) - Added Volume : /home/runner/work/ozone/ozone/hadoop-ozone/integration-test/target/test-dir/MiniOzoneClusterImpl-e7911277-7775-4457-96c8-94071a26a1ce/ozone-metadata/datanode-10/data-0/hdds to VolumeSet
2025-10-16 19:47:25,310 [ForkJoinPool-1-worker-1] INFO  volume.MutableVolumeSet (MutableVolumeSet.java:initializeVolumeSet(175)) - Added Volume : /home/runner/work/ozone/ozone/hadoop-ozone/integration-test/target/test-dir/MiniOzoneClusterImpl-e7911277-7775-4457-96c8-94071a26a1ce/ozone-metadata/datanode-10/ratis to VolumeSet
2025-10-16 19:47:25,311 [ForkJoinPool-1-worker-1] INFO  ozoneimpl.OzoneContainer (HddsVolumeUtil.java:loadAllHddsVolumeDbStore(102)) - Load 1 volumes DbStore cost: 0ms
2025-10-16 19:47:25,311 [ForkJoinPool-1-worker-1] WARN  db.DBStoreBuilder (DBStoreBuilder.java:getDBDirPath(157)) - ozone.scm.datanode.id.dir is not configured. We recommend adding this setting. Falling back to ozone.metadata.dirs instead.
2025-10-16 19:47:25,312 [ForkJoinPool-1-worker-1] WARN  db.DBStoreBuilder (DBStoreBuilder.java:getDBDirPath(157)) - ozone.scm.datanode.id.dir is not configured. We recommend adding this setting. Falling back to ozone.metadata.dirs instead.
2025-10-16 19:47:25,325 [e072d245-7694-4d97-8e20-c503ebf8c2fe-EndpointStateMachineTaskThread-/0.0.0.0:15002-0 ] INFO  utils.DatanodeStoreCache (DatanodeStoreCache.java:addDB(70)) - Added db /home/runner/work/ozone/ozone/hadoop-ozone/integration-test/target/test-dir/MiniOzoneClusterImpl-e7911277-7775-4457-96c8-94071a26a1ce/ozone-metadata/datanode-7/data-0/hdds/e7911277-7775-4457-96c8-94071a26a1ce/DS-5b548d20-244e-4f18-b040-c65391176cb3/container.db to cache
2025-10-16 19:47:25,325 [e072d245-7694-4d97-8e20-c503ebf8c2fe-EndpointStateMachineTaskThread-/0.0.0.0:15002-0 ] INFO  volume.HddsVolume (HddsVolume.java:createDbStore(576)) - SchemaV3 db is created and loaded at /home/runner/work/ozone/ozone/hadoop-ozone/integration-test/target/test-dir/MiniOzoneClusterImpl-e7911277-7775-4457-96c8-94071a26a1ce/ozone-metadata/datanode-7/data-0/hdds/e7911277-7775-4457-96c8-94071a26a1ce/DS-5b548d20-244e-4f18-b040-c65391176cb3/container.db for volume DS-5b548d20-244e-4f18-b040-c65391176cb3
2025-10-16 19:47:25,327 [e072d245-7694-4d97-8e20-c503ebf8c2fe-ContainerReader-0] INFO  ozoneimpl.ContainerReader (ContainerReader.java:readVolume(147)) - Start to verify containers on volume /home/runner/work/ozone/ozone/hadoop-ozone/integration-test/target/test-dir/MiniOzoneClusterImpl-e7911277-7775-4457-96c8-94071a26a1ce/ozone-metadata/datanode-7/data-0/hdds
2025-10-16 19:47:25,327 [e072d245-7694-4d97-8e20-c503ebf8c2fe-ContainerReader-0] INFO  ozoneimpl.ContainerReader (ContainerReader.java:readVolume(177)) - Finish verifying containers on volume /home/runner/work/ozone/ozone/hadoop-ozone/integration-test/target/test-dir/MiniOzoneClusterImpl-e7911277-7775-4457-96c8-94071a26a1ce/ozone-metadata/datanode-7/data-0/hdds
2025-10-16 19:47:25,328 [e072d245-7694-4d97-8e20-c503ebf8c2fe-EndpointStateMachineTaskThread-/0.0.0.0:15002-0 ] INFO  ozoneimpl.OzoneContainer (OzoneContainer.java:buildContainerSet(359)) - Build ContainerSet costs 0s
2025-10-16 19:47:25,328 [ForkJoinPool-1-worker-1] INFO  impl.FilePerChunkStrategy (FilePerChunkStrategy.java:<init>(79)) - ozone.chunk.read.mapped.buffer.max.count is load with 0
2025-10-16 19:47:25,329 [ForkJoinPool-1-worker-1] INFO  impl.FilePerBlockStrategy (FilePerBlockStrategy.java:<init>(88)) - ozone.chunk.read.mapped.buffer.max.count is load with 0
2025-10-16 19:47:25,329 [e072d245-7694-4d97-8e20-c503ebf8c2fe-EndpointStateMachineTaskThread-/0.0.0.0:15002-0 ] INFO  volume.ThrottledAsyncChecker (ThrottledAsyncChecker.java:schedule(138)) - Scheduling a check for /home/runner/work/ozone/ozone/hadoop-ozone/integration-test/target/test-dir/MiniOzoneClusterImpl-e7911277-7775-4457-96c8-94071a26a1ce/ozone-metadata/datanode-7/data-0/hdds
2025-10-16 19:47:25,330 [e072d245-7694-4d97-8e20-c503ebf8c2fe-EndpointStateMachineTaskThread-/0.0.0.0:15002-0 ] INFO  volume.StorageVolumeChecker (StorageVolumeChecker.java:checkAllVolumes(231)) - Scheduled health check for volume /home/runner/work/ozone/ozone/hadoop-ozone/integration-test/target/test-dir/MiniOzoneClusterImpl-e7911277-7775-4457-96c8-94071a26a1ce/ozone-metadata/datanode-7/data-0/hdds
2025-10-16 19:47:25,330 [ForkJoinPool-1-worker-1] INFO  server.RaftServerConfigKeys (ConfUtils.java:logGet(62)) - raft.server.log.appender.buffer.byte-limit = 33554432 (custom)
2025-10-16 19:47:25,331 [ForkJoinPool-1-worker-1] INFO  grpc.GrpcConfigKeys (ConfUtils.java:logFallback(69)) - raft.grpc.admin.host = null (fallback to raft.grpc.server.host)
2025-10-16 19:47:25,332 [ForkJoinPool-1-worker-1] INFO  grpc.GrpcConfigKeys (ConfUtils.java:logGet(62)) - raft.grpc.admin.port = 15086 (custom)
2025-10-16 19:47:25,332 [ForkJoinPool-1-worker-1] INFO  grpc.GrpcConfigKeys (ConfUtils.java:logFallback(69)) - raft.grpc.client.host = null (fallback to raft.grpc.server.host)
2025-10-16 19:47:25,332 [ForkJoinPool-1-worker-1] INFO  grpc.GrpcConfigKeys (ConfUtils.java:logGet(62)) - raft.grpc.client.port = 15085 (custom)
2025-10-16 19:47:25,332 [ForkJoinPool-1-worker-1] INFO  grpc.GrpcConfigKeys (ConfUtils.java:logGet(62)) - raft.grpc.server.port = 15087 (custom)
2025-10-16 19:47:25,332 [ForkJoinPool-1-worker-1] INFO  server.GrpcServicesImpl (ConfUtils.java:logGet(62)) - raft.grpc.message.size.max = 34603008 (custom)
2025-10-16 19:47:25,332 [ForkJoinPool-1-worker-1] INFO  server.GrpcServicesImpl (ConfUtils.java:logGet(62)) - raft.grpc.flow.control.window = 5MB (=5242880) (custom)
2025-10-16 19:47:25,332 [ForkJoinPool-1-worker-1] INFO  server.RaftServerConfigKeys (ConfUtils.java:logGet(62)) - raft.server.log.appender.buffer.byte-limit = 33554432 (custom)
2025-10-16 19:47:25,333 [e072d245-7694-4d97-8e20-c503ebf8c2fe-EndpointStateMachineTaskThread-/0.0.0.0:15002-0 ] INFO  volume.ThrottledAsyncChecker (ThrottledAsyncChecker.java:schedule(138)) - Scheduling a check for /home/runner/work/ozone/ozone/hadoop-ozone/integration-test/target/test-dir/MiniOzoneClusterImpl-e7911277-7775-4457-96c8-94071a26a1ce/ozone-metadata/datanode-7/ratis
2025-10-16 19:47:25,333 [e072d245-7694-4d97-8e20-c503ebf8c2fe-EndpointStateMachineTaskThread-/0.0.0.0:15002-0 ] INFO  volume.StorageVolumeChecker (StorageVolumeChecker.java:checkAllVolumes(231)) - Scheduled health check for volume /home/runner/work/ozone/ozone/hadoop-ozone/integration-test/target/test-dir/MiniOzoneClusterImpl-e7911277-7775-4457-96c8-94071a26a1ce/ozone-metadata/datanode-7/ratis
2025-10-16 19:47:25,334 [e072d245-7694-4d97-8e20-c503ebf8c2fe-EndpointStateMachineTaskThread-/0.0.0.0:15002-0 ] INFO  ozoneimpl.OzoneContainer (OzoneContainer.java:start(544)) - Attempting to start container services.
2025-10-16 19:47:25,335 [ForkJoinPool-1-worker-1] INFO  netty.NettyUtils (NettyUtils.java:newEventLoopGroup(74)) - Create EpollEventLoopGroup for 0e8b6cc7-9945-4141-97fc-6aa017a0d5fa-NettyServerStreamRpc-bossGroup; Thread size is 0.
2025-10-16 19:47:25,335 [ContainerMetadataScanner] INFO  ozoneimpl.AbstractBackgroundContainerScanner (AbstractBackgroundContainerScanner.java:runIteration(89)) - Completed an iteration in 0 minutes. Number of iterations (since the data-node restart) : 1, Number of containers scanned in this iteration : 0, Number of unhealthy containers found in this iteration : 0
2025-10-16 19:47:25,335 [ContainerDataScanner(/home/runner/work/ozone/ozone/hadoop-ozone/integration-test/target/test-dir/MiniOzoneClusterImpl-e7911277-7775-4457-96c8-94071a26a1ce/ozone-metadata/datanode-7/data-0/hdds)] INFO  ozoneimpl.AbstractBackgroundContainerScanner (AbstractBackgroundContainerScanner.java:runIteration(89)) - Completed an iteration in 0 minutes. Number of iterations (since the data-node restart) : 1, Number of containers scanned in this iteration : 0, Number of unhealthy containers found in this iteration : 0
2025-10-16 19:47:25,335 [ForkJoinPool-1-worker-1] INFO  netty.NettyUtils (NettyUtils.java:newEventLoopGroup(74)) - Create EpollEventLoopGroup for 0e8b6cc7-9945-4141-97fc-6aa017a0d5fa-NettyServerStreamRpc-workerGroup; Thread size is 0.
2025-10-16 19:47:25,336 [e072d245-7694-4d97-8e20-c503ebf8c2fe-EndpointStateMachineTaskThread-/0.0.0.0:15002-0 ] INFO  replication.ReplicationServer (ReplicationServer.java:start(137)) - ReplicationServer is started using port 15065
2025-10-16 19:47:25,336 [e072d245-7694-4d97-8e20-c503ebf8c2fe-EndpointStateMachineTaskThread-/0.0.0.0:15002-0 ] INFO  ratis.XceiverServerRatis (XceiverServerRatis.java:start(559)) - Starting XceiverServerRatis(e072d245-7694-4d97-8e20-c503ebf8c2fe)
2025-10-16 19:47:25,336 [ForkJoinPool-1-worker-1] INFO  netty.NettyConfigKeys$DataStream (ConfUtils.java:logGet(62)) - raft.netty.dataStream.port = 15088 (custom)
2025-10-16 19:47:25,337 [ForkJoinPool-1-worker-1] INFO  server.RaftServerConfigKeys (ConfUtils.java:logGet(62)) - raft.server.storage.dir = [/home/runner/work/ozone/ozone/hadoop-ozone/integration-test/target/test-dir/MiniOzoneClusterImpl-e7911277-7775-4457-96c8-94071a26a1ce/ozone-metadata/datanode-10/ratis] (custom)
2025-10-16 19:47:25,337 [0e8b6cc7-9945-4141-97fc-6aa017a0d5fa-NettyServerStreamRpc-bossGroup--thread1] INFO  logging.LoggingHandler (AbstractInternalLogger.java:log(148)) - [id: 0xb5ddf7b8] REGISTERED
2025-10-16 19:47:25,337 [e072d245-7694-4d97-8e20-c503ebf8c2fe-EndpointStateMachineTaskThread-/0.0.0.0:15002-0 ] INFO  server.RaftServer (RaftServerProxy.java:startImpl(412)) - e072d245-7694-4d97-8e20-c503ebf8c2fe: start RPC server
2025-10-16 19:47:25,337 [0e8b6cc7-9945-4141-97fc-6aa017a0d5fa-NettyServerStreamRpc-bossGroup--thread1] INFO  logging.LoggingHandler (AbstractInternalLogger.java:log(148)) - [id: 0xb5ddf7b8] BIND: 0.0.0.0/0.0.0.0:15088
2025-10-16 19:47:25,338 [0e8b6cc7-9945-4141-97fc-6aa017a0d5fa-NettyServerStreamRpc-bossGroup--thread1] INFO  logging.LoggingHandler (AbstractInternalLogger.java:log(148)) - [id: 0xb5ddf7b8, L:/0.0.0.0:15088] ACTIVE
2025-10-16 19:47:25,338 [e072d245-7694-4d97-8e20-c503ebf8c2fe-EndpointStateMachineTaskThread-/0.0.0.0:15002-0 ] INFO  server.GrpcServicesImpl (GrpcServicesImpl.java:startImpl(346)) - e072d245-7694-4d97-8e20-c503ebf8c2fe: GrpcServicesImpl started, listening on 15061
2025-10-16 19:47:25,338 [0e8b6cc7-9945-4141-97fc-6aa017a0d5fa-impl-thread1] INFO  server.RaftServer (RaftServerProxy.java:initGroupDir(270)) - 0e8b6cc7-9945-4141-97fc-6aa017a0d5fa: found a subdirectory /home/runner/work/ozone/ozone/hadoop-ozone/integration-test/target/test-dir/MiniOzoneClusterImpl-e7911277-7775-4457-96c8-94071a26a1ce/ozone-metadata/datanode-10/ratis/tmp
2025-10-16 19:47:25,338 [e072d245-7694-4d97-8e20-c503ebf8c2fe-EndpointStateMachineTaskThread-/0.0.0.0:15002-0 ] INFO  server.GrpcServicesImpl (GrpcServicesImpl.java:startImpl(346)) - e072d245-7694-4d97-8e20-c503ebf8c2fe: GrpcServicesImpl started, listening on 15063
2025-10-16 19:47:25,339 [0e8b6cc7-9945-4141-97fc-6aa017a0d5fa-impl-thread1] INFO  server.RaftServer (RaftServerProxy.java:initGroupDir(275)) - 0e8b6cc7-9945-4141-97fc-6aa017a0d5fa: The directory /home/runner/work/ozone/ozone/hadoop-ozone/integration-test/target/test-dir/MiniOzoneClusterImpl-e7911277-7775-4457-96c8-94071a26a1ce/ozone-metadata/datanode-10/ratis/tmp is not a group directory; ignoring it. 
2025-10-16 19:47:25,339 [ForkJoinPool-1-worker-1] INFO  replication.ReplicationServer (ReplicationServer.java:<init>(84)) - Initializing replication server with thread count = 10 queue length = 4096
2025-10-16 19:47:25,339 [e072d245-7694-4d97-8e20-c503ebf8c2fe-EndpointStateMachineTaskThread-/0.0.0.0:15002-0 ] INFO  server.GrpcServicesImpl (GrpcServicesImpl.java:startImpl(346)) - e072d245-7694-4d97-8e20-c503ebf8c2fe: GrpcServicesImpl started, listening on 15062
2025-10-16 19:47:25,339 [e072d245-7694-4d97-8e20-c503ebf8c2fe-EndpointStateMachineTaskThread-/0.0.0.0:15002-0 ] INFO  ratis.XceiverServerRatis (XceiverServerRatis.java:getRealPort(586)) - XceiverServerRatis(e072d245-7694-4d97-8e20-c503ebf8c2fe) is started using port RATIS=15061
2025-10-16 19:47:25,339 [e072d245-7694-4d97-8e20-c503ebf8c2fe-EndpointStateMachineTaskThread-/0.0.0.0:15002-0 ] INFO  ratis.XceiverServerRatis (XceiverServerRatis.java:getRealPort(586)) - XceiverServerRatis(e072d245-7694-4d97-8e20-c503ebf8c2fe) is started using port RATIS_ADMIN=15062
2025-10-16 19:47:25,339 [e072d245-7694-4d97-8e20-c503ebf8c2fe-EndpointStateMachineTaskThread-/0.0.0.0:15002-0 ] INFO  ratis.XceiverServerRatis (XceiverServerRatis.java:getRealPort(586)) - XceiverServerRatis(e072d245-7694-4d97-8e20-c503ebf8c2fe) is started using port RATIS_SERVER=15063
2025-10-16 19:47:25,339 [e072d245-7694-4d97-8e20-c503ebf8c2fe-EndpointStateMachineTaskThread-/0.0.0.0:15002-0 ] INFO  ratis.XceiverServerRatis (XceiverServerRatis.java:getRealPort(586)) - XceiverServerRatis(e072d245-7694-4d97-8e20-c503ebf8c2fe) is started using port RATIS_DATASTREAM=15064
2025-10-16 19:47:25,339 [JvmPauseMonitor9] INFO  util.JvmPauseMonitor (JvmPauseMonitor.java:run(146)) - JvmPauseMonitor-e072d245-7694-4d97-8e20-c503ebf8c2fe: Started
2025-10-16 19:47:25,340 [ForkJoinPool-1-worker-1] INFO  server.XceiverServerGrpc (XceiverServerGrpc.java:<init>(129)) - GrpcServer channel type EpollServerSocketChannel
2025-10-16 19:47:25,340 [e072d245-7694-4d97-8e20-c503ebf8c2fe-EndpointStateMachineTaskThread-/0.0.0.0:15002-0 ] INFO  utils.BackgroundService (BackgroundService.java:start(119)) - Starting service BlockDeletingService with interval 60000 milliseconds
2025-10-16 19:47:25,340 [e072d245-7694-4d97-8e20-c503ebf8c2fe-EndpointStateMachineTaskThread-/0.0.0.0:15002-0 ] INFO  utils.BackgroundService (BackgroundService.java:start(119)) - Starting service StaleRecoveringContainerScrubbingService with interval 60000 milliseconds
2025-10-16 19:47:25,342 [ForkJoinPool-1-worker-1] INFO  replication.ReplicationSupervisor (ReplicationSupervisor.java:build(169)) - Initializing replication supervisor with thread count = 10
2025-10-16 19:47:25,342 [ForkJoinPool-1-worker-1] INFO  replication.ReplicationSupervisor (ReplicationSupervisor.java:nodeStateUpdated(358)) - Node state updated to IN_SERVICE, scaling executor pool size to 10
2025-10-16 19:47:25,344 [ForkJoinPool-1-worker-1] INFO  http.BaseHttpServer (BaseHttpServer.java:newHttpServer2BuilderForOzone(227)) - Starting Web-server for hddsDatanode at: http://0.0.0.0:15082
2025-10-16 19:47:25,344 [ForkJoinPool-1-worker-1] INFO  http.BaseHttpServer (BaseHttpServer.java:<init>(105)) - Hadoop Security Enabled: false Ozone Security Enabled: false Ozone HTTP Security Enabled: false 
2025-10-16 19:47:25,345 [ForkJoinPool-1-worker-1] WARN  server.AuthenticationFilter (AuthenticationFilter.java:constructSecretProvider(240)) - Unable to initialize FileSignerSecretProvider, falling back to use random secrets. Reason: Could not read signature secret file: /home/runner/hadoop-http-auth-signature-secret
2025-10-16 19:47:25,348 [ForkJoinPool-1-worker-1] INFO  http.HttpServer2 (HttpServer2.java:addGlobalFilter(1040)) - Added global filter 'safety' (class=org.apache.hadoop.hdds.server.http.HttpServer2$QuotingInputFilter)
2025-10-16 19:47:25,349 [ForkJoinPool-1-worker-1] INFO  http.HttpServer2 (HttpServer2.java:addFilter(1016)) - Added filter static_user_filter (class=org.apache.hadoop.http.lib.StaticUserWebFilter$StaticUserFilter) to context hddsDatanode
2025-10-16 19:47:25,350 [ForkJoinPool-1-worker-1] INFO  http.HttpServer2 (HttpServer2.java:addFilter(1024)) - Added filter static_user_filter (class=org.apache.hadoop.http.lib.StaticUserWebFilter$StaticUserFilter) to context logs
2025-10-16 19:47:25,350 [ForkJoinPool-1-worker-1] INFO  http.HttpServer2 (HttpServer2.java:addFilter(1024)) - Added filter static_user_filter (class=org.apache.hadoop.http.lib.StaticUserWebFilter$StaticUserFilter) to context static
2025-10-16 19:47:25,350 [ForkJoinPool-1-worker-1] INFO  http.BaseHttpServer (BaseHttpServer.java:<init>(193)) - HTTP server of hddsDatanode uses base directory /home/runner/work/ozone/ozone/hadoop-ozone/integration-test/target/test-dir/MiniOzoneClusterImpl-e7911277-7775-4457-96c8-94071a26a1ce/scm/ozone-metadata/webserver
2025-10-16 19:47:25,350 [ForkJoinPool-1-worker-1] INFO  http.HttpServer2 (HttpServer2.java:bindListener(1240)) - Jetty bound to port 15082
2025-10-16 19:47:25,350 [ForkJoinPool-1-worker-1] INFO  server.Server (Server.java:doStart(375)) - jetty-9.4.58.v20250814; built: 2025-08-14T02:28:49.637Z; git: 8f1440587e9e4ae7db3d74cf205643f3d707148d; jvm 21.0.8+9-LTS
2025-10-16 19:47:25,352 [ForkJoinPool-1-worker-1] INFO  server.session (DefaultSessionIdManager.java:doStart(334)) - DefaultSessionIdManager workerName=node0
2025-10-16 19:47:25,352 [ForkJoinPool-1-worker-1] INFO  server.session (DefaultSessionIdManager.java:doStart(339)) - No SessionScavenger set, using defaults
2025-10-16 19:47:25,352 [ForkJoinPool-1-worker-1] INFO  server.session (HouseKeeper.java:startScavenging(132)) - node0 Scavenging every 660000ms
2025-10-16 19:47:25,352 [ForkJoinPool-1-worker-1] INFO  handler.ContextHandler (ContextHandler.java:doStart(921)) - Started o.e.j.s.ServletContextHandler@1bf2b042{logs,/logs,file:///home/runner/work/ozone/ozone/hadoop-ozone/integration-test/target/log,AVAILABLE}
2025-10-16 19:47:25,353 [ForkJoinPool-1-worker-1] INFO  handler.ContextHandler (ContextHandler.java:doStart(921)) - Started o.e.j.s.ServletContextHandler@4bc4509{static,/static,jar:file:/home/runner/work/ozone/ozone/hadoop-hdds/container-service/target/hdds-container-service-2.1.0-SNAPSHOT.jar!/webapps/static,AVAILABLE}
2025-10-16 19:47:25,433 | INFO  | SCMAudit | user=runner | ip=127.0.0.1 | op=SEND_HEARTBEAT {"datanodeUUID":"aa213937-adc5-47da-a770-0ee1e4664344","term":"2","command":"[commandType: createPipelineCommand createPipelineCommandProto { pipelineID { id: \"159a7077-bbc6-4ba6-a5f4-7209b67c767c\" uuid128 { mostSigBits: 1556680280763681702 leastSigBits: -6488435777092159876 } } type: RATIS factor: ONE datanode { uuid: \"aa213937-adc5-47da-a770-0ee1e4664344\" ipAddress: \"127.0.0.1\" hostName: \"localhost\" ports { name: \"HTTP\" value: 15034 } ports { name: \"CLIENT_RPC\" value: 15035 } ports { name: \"REPLICATION\" value: 15041 } ports { name: \"RATIS\" value: 15037 } ports { name: \"RATIS_ADMIN\" value: 15038 } ports { name: \"RATIS_SERVER\" value: 15039 } ports { name: \"RATIS_DATASTREAM\" value: 15040 } ports { name: \"STANDALONE\" value: 15036 } networkName: \"aa213937-adc5-47da-a770-0ee1e4664344\" networkLocation: \"/default-rack\" persistedOpState: IN_SERVICE persistedOpStateExpiry: 0 currentVersion: 2 uuid128 { mostSigBits: -6187601501728978982 leastSigBits: -6381584308621655228 } level: 3 id { uuid { mostSigBits: -6187601501728978982 leastSigBits: -6381584308621655228 } } } cmdId: 1760644044131 priority: 1 } term: 2 encodedToken: \"\" deadlineMsSinceEpoch: 0]"} | ret=SUCCESS |  
2025-10-16 19:47:25,496 [IPC Server handler 6 on default port 15002] INFO  net.NetworkTopologyImpl (NetworkTopologyImpl.java:add(133)) - Added a new node: /default-rack/0428ab3f-efd5-438e-ae11-9ec242443260
2025-10-16 19:47:25,497 [IPC Server handler 6 on default port 15002] INFO  node.SCMNodeManager (SCMNodeManager.java:register(423)) - Registered datanode: 0428ab3f-efd5-438e-ae11-9ec242443260{ip: 127.0.0.1, host: localhost, ports: [HTTP=15050, CLIENT_RPC=15051, REPLICATION=15057, RATIS=15053, RATIS_ADMIN=15054, RATIS_SERVER=15055, RATIS_DATASTREAM=15056, STANDALONE=15052], networkLocation: /default-rack, certSerialId: null, persistedOpState: null, persistedOpStateExpiryEpochSec: 0}
2025-10-16 19:47:25,497 [EventQueue-NewNodeForNewNodeHandler] INFO  pipeline.BackgroundPipelineCreator (BackgroundPipelineCreator.java:notifyEventTriggered(290)) - trigger a one-shot run on RatisPipelineUtilsThread.
2025-10-16 19:47:25,497 [EventQueue-NodeRegistrationContainerReportForDataNodeSafeModeRule] INFO  safemode.SCMSafeModeManager (SCMSafeModeManager.java:validateSafeModeExitRules(138)) - DataNodeSafeModeRule rule is successfully validated
2025-10-16 19:47:25,497 [EventQueue-PipelineReportForOneReplicaPipelineSafeModeRule] INFO  safemode.SCMSafeModeManager (SCMSafeModeManager.java:validateSafeModeExitRules(138)) - OneReplicaPipelineSafeModeRule rule is successfully validated
2025-10-16 19:47:25,498 | INFO  | SCMAudit | user=runner | ip=127.0.0.1 | op=REGISTER {"datanodeDetails":"0428ab3f-efd5-438e-ae11-9ec242443260(localhost/127.0.0.1)"} | ret=SUCCESS |  
2025-10-16 19:47:25,498 [RatisPipelineUtilsThread-0] INFO  pipeline.RatisPipelineProvider (RatisPipelineProvider.java:lambda$create$0(208)) - Sending CreatePipelineCommand for pipeline:Pipeline-2f9f1949-6567-4039-bf12-40aa573c6a0c to datanode:0428ab3f-efd5-438e-ae11-9ec242443260(localhost/127.0.0.1)
2025-10-16 19:47:25,498 [EventQueue-ContainerRegistrationReportForRatisContainerSafeModeRule] INFO  safemode.SCMSafeModeManager (SCMSafeModeManager.java:validateSafeModeExitRules(138)) - RatisContainerSafeModeRule rule is successfully validated
2025-10-16 19:47:25,499 [EventQueue-ContainerRegistrationReportForECContainerSafeModeRule] INFO  safemode.SCMSafeModeManager (SCMSafeModeManager.java:validateSafeModeExitRules(138)) - ECContainerSafeModeRule rule is successfully validated
2025-10-16 19:47:25,502 [bed9314d-2aab-40ad-9a80-177434bab325@group-94071A26A1CE-StateMachineUpdater] INFO  safemode.SCMSafeModeManager (SCMSafeModeManager.java:validateSafeModeExitRules(138)) - DataNodeSafeModeRule rule is successfully validated
2025-10-16 19:47:25,502 [bed9314d-2aab-40ad-9a80-177434bab325@group-94071A26A1CE-StateMachineUpdater] INFO  safemode.SCMSafeModeManager (SCMSafeModeManager.java:validateSafeModeExitRules(138)) - RatisContainerSafeModeRule rule is successfully validated
2025-10-16 19:47:25,502 [bed9314d-2aab-40ad-9a80-177434bab325@group-94071A26A1CE-StateMachineUpdater] INFO  safemode.HealthyPipelineSafeModeRule (HealthyPipelineSafeModeRule.java:initializeRule(226)) - Refreshed total pipeline count is 0, healthy pipeline threshold count is 1
2025-10-16 19:47:25,502 [bed9314d-2aab-40ad-9a80-177434bab325@group-94071A26A1CE-StateMachineUpdater] INFO  safemode.SCMSafeModeManager (SCMSafeModeManager.java:validateSafeModeExitRules(138)) - OneReplicaPipelineSafeModeRule rule is successfully validated
2025-10-16 19:47:25,502 [bed9314d-2aab-40ad-9a80-177434bab325@group-94071A26A1CE-StateMachineUpdater] INFO  safemode.SCMSafeModeManager (SCMSafeModeManager.java:validateSafeModeExitRules(138)) - ECContainerSafeModeRule rule is successfully validated
2025-10-16 19:47:25,503 [RatisPipelineUtilsThread-0] INFO  pipeline.BackgroundPipelineCreator (BackgroundPipelineCreator.java:createPipelines(246)) - Created new pipeline Pipeline{ Id: 2f9f1949-6567-4039-bf12-40aa573c6a0c, Nodes: [ {0428ab3f-efd5-438e-ae11-9ec242443260(localhost/127.0.0.1), ReplicaIndex: 0},], ReplicationConfig: RATIS/ONE, State:ALLOCATED, leaderId:, CreationTimestamp2025-10-16T19:47:25.498642290Z[Etc/UTC]}
2025-10-16 19:47:25,503 [RatisPipelineUtilsThread-0] INFO  pipeline.RatisPipelineProvider (RatisPipelineProvider.java:lambda$create$0(208)) - Sending CreatePipelineCommand for pipeline:Pipeline-89e8a9f4-f695-4aaa-9f83-b5fe3e1435f4 to datanode:58cff6b7-b2a7-446b-a75a-bb98ad6b11b8(localhost/127.0.0.1)
2025-10-16 19:47:25,504 [RatisPipelineUtilsThread-0] INFO  pipeline.RatisPipelineProvider (RatisPipelineProvider.java:lambda$create$0(208)) - Sending CreatePipelineCommand for pipeline:Pipeline-89e8a9f4-f695-4aaa-9f83-b5fe3e1435f4 to datanode:aa213937-adc5-47da-a770-0ee1e4664344(localhost/127.0.0.1)
2025-10-16 19:47:25,504 [RatisPipelineUtilsThread-0] INFO  pipeline.RatisPipelineProvider (RatisPipelineProvider.java:lambda$create$0(208)) - Sending CreatePipelineCommand for pipeline:Pipeline-89e8a9f4-f695-4aaa-9f83-b5fe3e1435f4 to datanode:0428ab3f-efd5-438e-ae11-9ec242443260(localhost/127.0.0.1)
2025-10-16 19:47:25,506 [bed9314d-2aab-40ad-9a80-177434bab325@group-94071A26A1CE-StateMachineUpdater] INFO  safemode.SCMSafeModeManager (SCMSafeModeManager.java:validateSafeModeExitRules(138)) - DataNodeSafeModeRule rule is successfully validated
2025-10-16 19:47:25,507 [bed9314d-2aab-40ad-9a80-177434bab325@group-94071A26A1CE-StateMachineUpdater] INFO  safemode.SCMSafeModeManager (SCMSafeModeManager.java:validateSafeModeExitRules(138)) - RatisContainerSafeModeRule rule is successfully validated
2025-10-16 19:47:25,507 [bed9314d-2aab-40ad-9a80-177434bab325@group-94071A26A1CE-StateMachineUpdater] INFO  safemode.HealthyPipelineSafeModeRule (HealthyPipelineSafeModeRule.java:initializeRule(226)) - Refreshed total pipeline count is 0, healthy pipeline threshold count is 1
2025-10-16 19:47:25,507 [bed9314d-2aab-40ad-9a80-177434bab325@group-94071A26A1CE-StateMachineUpdater] INFO  safemode.SCMSafeModeManager (SCMSafeModeManager.java:validateSafeModeExitRules(138)) - OneReplicaPipelineSafeModeRule rule is successfully validated
2025-10-16 19:47:25,507 [bed9314d-2aab-40ad-9a80-177434bab325@group-94071A26A1CE-StateMachineUpdater] INFO  safemode.SCMSafeModeManager (SCMSafeModeManager.java:validateSafeModeExitRules(138)) - ECContainerSafeModeRule rule is successfully validated
2025-10-16 19:47:25,507 [RatisPipelineUtilsThread-0] INFO  pipeline.BackgroundPipelineCreator (BackgroundPipelineCreator.java:createPipelines(246)) - Created new pipeline Pipeline{ Id: 89e8a9f4-f695-4aaa-9f83-b5fe3e1435f4, Nodes: [ {58cff6b7-b2a7-446b-a75a-bb98ad6b11b8(localhost/127.0.0.1), ReplicaIndex: 0}, {aa213937-adc5-47da-a770-0ee1e4664344(localhost/127.0.0.1), ReplicaIndex: 0}, {0428ab3f-efd5-438e-ae11-9ec242443260(localhost/127.0.0.1), ReplicaIndex: 0},], ReplicationConfig: RATIS/THREE, State:ALLOCATED, leaderId:, CreationTimestamp2025-10-16T19:47:25.503927442Z[Etc/UTC]}
2025-10-16 19:47:25,508 [RatisPipelineUtilsThread-0] INFO  pipeline.RatisPipelineProvider (RatisPipelineProvider.java:lambda$create$0(208)) - Sending CreatePipelineCommand for pipeline:Pipeline-3eff9fe2-c62c-48a6-bb56-8c9103a5e9b1 to datanode:58cff6b7-b2a7-446b-a75a-bb98ad6b11b8(localhost/127.0.0.1)
2025-10-16 19:47:25,509 [RatisPipelineUtilsThread-0] INFO  pipeline.RatisPipelineProvider (RatisPipelineProvider.java:lambda$create$0(208)) - Sending CreatePipelineCommand for pipeline:Pipeline-3eff9fe2-c62c-48a6-bb56-8c9103a5e9b1 to datanode:0428ab3f-efd5-438e-ae11-9ec242443260(localhost/127.0.0.1)
2025-10-16 19:47:25,509 [RatisPipelineUtilsThread-0] INFO  pipeline.RatisPipelineProvider (RatisPipelineProvider.java:lambda$create$0(208)) - Sending CreatePipelineCommand for pipeline:Pipeline-3eff9fe2-c62c-48a6-bb56-8c9103a5e9b1 to datanode:aa213937-adc5-47da-a770-0ee1e4664344(localhost/127.0.0.1)
2025-10-16 19:47:25,512 [bed9314d-2aab-40ad-9a80-177434bab325@group-94071A26A1CE-StateMachineUpdater] INFO  safemode.SCMSafeModeManager (SCMSafeModeManager.java:validateSafeModeExitRules(138)) - DataNodeSafeModeRule rule is successfully validated
2025-10-16 19:47:25,512 [bed9314d-2aab-40ad-9a80-177434bab325@group-94071A26A1CE-StateMachineUpdater] INFO  safemode.SCMSafeModeManager (SCMSafeModeManager.java:validateSafeModeExitRules(138)) - RatisContainerSafeModeRule rule is successfully validated
2025-10-16 19:47:25,512 [bed9314d-2aab-40ad-9a80-177434bab325@group-94071A26A1CE-StateMachineUpdater] INFO  safemode.HealthyPipelineSafeModeRule (HealthyPipelineSafeModeRule.java:initializeRule(226)) - Refreshed total pipeline count is 0, healthy pipeline threshold count is 1
2025-10-16 19:47:25,512 [bed9314d-2aab-40ad-9a80-177434bab325@group-94071A26A1CE-StateMachineUpdater] INFO  safemode.SCMSafeModeManager (SCMSafeModeManager.java:validateSafeModeExitRules(138)) - OneReplicaPipelineSafeModeRule rule is successfully validated
2025-10-16 19:47:25,512 [bed9314d-2aab-40ad-9a80-177434bab325@group-94071A26A1CE-StateMachineUpdater] INFO  safemode.SCMSafeModeManager (SCMSafeModeManager.java:validateSafeModeExitRules(138)) - ECContainerSafeModeRule rule is successfully validated
2025-10-16 19:47:25,512 [RatisPipelineUtilsThread-0] INFO  pipeline.PipelineManagerImpl (PipelineManagerImpl.java:recordMetricsForPipeline(922)) - Pipeline-3eff9fe2-c62c-48a6-bb56-8c9103a5e9b1 and Pipeline-89e8a9f4-f695-4aaa-9f83-b5fe3e1435f4 have exactly the same set of datanodes: [58cff6b7-b2a7-446b-a75a-bb98ad6b11b8(localhost/127.0.0.1), 0428ab3f-efd5-438e-ae11-9ec242443260(localhost/127.0.0.1), aa213937-adc5-47da-a770-0ee1e4664344(localhost/127.0.0.1)]
2025-10-16 19:47:25,513 [RatisPipelineUtilsThread-0] INFO  pipeline.BackgroundPipelineCreator (BackgroundPipelineCreator.java:createPipelines(246)) - Created new pipeline Pipeline{ Id: 3eff9fe2-c62c-48a6-bb56-8c9103a5e9b1, Nodes: [ {58cff6b7-b2a7-446b-a75a-bb98ad6b11b8(localhost/127.0.0.1), ReplicaIndex: 0}, {0428ab3f-efd5-438e-ae11-9ec242443260(localhost/127.0.0.1), ReplicaIndex: 0}, {aa213937-adc5-47da-a770-0ee1e4664344(localhost/127.0.0.1), ReplicaIndex: 0},], ReplicationConfig: RATIS/THREE, State:ALLOCATED, leaderId:, CreationTimestamp2025-10-16T19:47:25.508835168Z[Etc/UTC]}
2025-10-16 19:47:25,520 [ForkJoinPool-1-worker-1] INFO  handler.ContextHandler (ContextHandler.java:doStart(921)) - Started o.e.j.w.WebAppContext@2f4e427c{hddsDatanode,/,file:///home/runner/work/ozone/ozone/hadoop-ozone/integration-test/target/test-dir/MiniOzoneClusterImpl-e7911277-7775-4457-96c8-94071a26a1ce/scm/ozone-metadata/webserver/jetty-0_0_0_0-15082-hdds-container-service-2_1_0-SNAPSHOT_jar-_-any-16439117877738183585/webapp/,AVAILABLE}{jar:file:/home/runner/work/ozone/ozone/hadoop-hdds/container-service/target/hdds-container-service-2.1.0-SNAPSHOT.jar!/webapps/hddsDatanode}
2025-10-16 19:47:25,521 [ForkJoinPool-1-worker-1] INFO  server.AbstractConnector (AbstractConnector.java:doStart(333)) - Started ServerConnector@4f6dd95c{HTTP/1.1, (http/1.1)}{0.0.0.0:15082}
2025-10-16 19:47:25,521 [ForkJoinPool-1-worker-1] INFO  server.Server (Server.java:doStart(415)) - Started @13374ms
2025-10-16 19:47:25,521 [ForkJoinPool-1-worker-1] WARN  impl.MetricsSystemImpl (MetricsSystemImpl.java:register(279)) - Sink prometheus already exists!
2025-10-16 19:47:25,521 [ForkJoinPool-1-worker-1] INFO  http.BaseHttpServer (BaseHttpServer.java:updateConnectorAddress(357)) - HTTP server of hddsDatanode listening at http://localhost:15082
2025-10-16 19:47:25,522 [ForkJoinPool-1-worker-1] INFO  ipc.CallQueueManager (CallQueueManager.java:<init>(93)) - Using callQueue: class java.util.concurrent.LinkedBlockingQueue, queueCapacity: 1000, scheduler: class org.apache.hadoop.ipc.DefaultRpcScheduler, ipcBackoff: false, ipcFailOver: false.
2025-10-16 19:47:25,522 [ForkJoinPool-1-worker-1] INFO  ipc.Server (Server.java:<init>(1438)) - Listener at 0.0.0.0:15083
2025-10-16 19:47:25,522 [Socket Reader #1 for port 15083] INFO  ipc.Server (Server.java:run(1474)) - Starting Socket Reader #1 for port 15083
2025-10-16 19:47:25,522 [Socket Reader #2 for port 15083] INFO  ipc.Server (Server.java:run(1474)) - Starting Socket Reader #2 for port 15083
2025-10-16 19:47:25,523 [Socket Reader #3 for port 15083] INFO  ipc.Server (Server.java:run(1474)) - Starting Socket Reader #3 for port 15083
2025-10-16 19:47:25,523 [Socket Reader #4 for port 15083] INFO  ipc.Server (Server.java:run(1474)) - Starting Socket Reader #4 for port 15083
2025-10-16 19:47:25,523 [Socket Reader #5 for port 15083] INFO  ipc.Server (Server.java:run(1474)) - Starting Socket Reader #5 for port 15083
2025-10-16 19:47:25,523 [Socket Reader #6 for port 15083] INFO  ipc.Server (Server.java:run(1474)) - Starting Socket Reader #6 for port 15083
2025-10-16 19:47:25,523 [Socket Reader #7 for port 15083] INFO  ipc.Server (Server.java:run(1474)) - Starting Socket Reader #7 for port 15083
2025-10-16 19:47:25,524 [Socket Reader #8 for port 15083] INFO  ipc.Server (Server.java:run(1474)) - Starting Socket Reader #8 for port 15083
2025-10-16 19:47:25,524 [Socket Reader #9 for port 15083] INFO  ipc.Server (Server.java:run(1474)) - Starting Socket Reader #9 for port 15083
2025-10-16 19:47:25,524 [Socket Reader #10 for port 15083] INFO  ipc.Server (Server.java:run(1474)) - Starting Socket Reader #10 for port 15083
2025-10-16 19:47:25,526 [ForkJoinPool-1-worker-1] INFO  ozone.HddsDatanodeService (HddsDatanodeService.java:start(333)) - Datanode start with admins: [admin, runner]
2025-10-16 19:47:25,526 [ForkJoinPool-1-worker-1] INFO  ozone.HddsDatanodeClientProtocolServer (HddsDatanodeClientProtocolServer.java:start(76)) - RPC server for Client /0.0.0.0:15083
2025-10-16 19:47:25,526 [IPC Server Responder] INFO  ipc.Server (Server.java:run(1713)) - IPC Server Responder: starting
2025-10-16 19:47:25,526 [IPC Server listener on 15083] INFO  ipc.Server (Server.java:run(1553)) - IPC Server listener on 15083: starting
2025-10-16 19:47:25,528 [ForkJoinPool-1-worker-1] WARN  dropwizard3.Dm3MetricRegistriesImpl (Dm3MetricRegistriesImpl.java:addReporterRegistration(114)) - New reporters are added after registries were created. Some metrics will be missing from the reporter. Please add reporter before adding any new registry.
2025-10-16 19:47:25,528 [ForkJoinPool-1-worker-1] WARN  dropwizard3.Dm3MetricRegistriesImpl (Dm3MetricRegistriesImpl.java:addReporterRegistration(114)) - New reporters are added after registries were created. Some metrics will be missing from the reporter. Please add reporter before adding any new registry.
2025-10-16 19:47:25,529 [0e8b6cc7-9945-4141-97fc-6aa017a0d5fa-DatanodeStateMachineDaemonThread] INFO  statemachine.DatanodeStateMachine (DatanodeStateMachine.java:startStateMachineThread(363)) - Ozone container server started.
2025-10-16 19:47:25,532 [0e8b6cc7-9945-4141-97fc-6aa017a0d5fa-DatanodeStateMachineTaskThread-0] INFO  datanode.InitDatanodeState (InitDatanodeState.java:persistContainerDatanodeDetails(139)) - DatanodeDetails is persisted to /home/runner/work/ozone/ozone/hadoop-ozone/integration-test/target/test-dir/MiniOzoneClusterImpl-e7911277-7775-4457-96c8-94071a26a1ce/ozone-metadata/datanode-10/ozone-metadata/datanode.id
2025-10-16 19:47:25,534 | INFO  | SCMAudit | user=runner | ip=127.0.0.1 | op=GET_VERSION {} | ret=SUCCESS |  
2025-10-16 19:47:25,546 [ForkJoinPool-1-worker-1] INFO  protocol.DatanodeDetails (DatanodeDetails.java:validateDatanodeIpAddress(199)) - Updating IP address of datanode 702cb173-5c73-4ecc-b5cd-c7b4a6b66aea(localhost/null) to 127.0.0.1
2025-10-16 19:47:25,546 [ForkJoinPool-1-worker-1] INFO  ozone.HddsDatanodeService (HddsDatanodeService.java:start(236)) - HddsDatanodeService 702cb173-5c73-4ecc-b5cd-c7b4a6b66aea(localhost/127.0.0.1)
2025-10-16 19:47:25,548 [ForkJoinPool-1-worker-1] INFO  upgrade.AbstractLayoutVersionManager (AbstractLayoutVersionManager.java:init(80)) - Initializing Layout version manager with metadata layout = WITNESSED_CONTAINER_DB_PROTO_VALUE (version = 9), software layout = WITNESSED_CONTAINER_DB_PROTO_VALUE (version = 9)
2025-10-16 19:47:25,549 [ForkJoinPool-1-worker-1] INFO  statemachine.DatanodeStateMachine (DatanodeStateMachine.java:getEndPointTaskThreadPoolSize(321)) - Datanode State Machine Task Thread Pool size 2
2025-10-16 19:47:25,551 [ForkJoinPool-1-worker-1] INFO  volume.HddsVolume (HddsVolume.java:<init>(162)) - HddsVolume: { id=DS-8afe7ccd-b31d-4ade-a12c-eef062ecbe21 dir=/home/runner/work/ozone/ozone/hadoop-ozone/integration-test/target/test-dir/MiniOzoneClusterImpl-e7911277-7775-4457-96c8-94071a26a1ce/ozone-metadata/datanode-11/data-0/hdds type=DISK capacity=9222449699674390527 used=0 available=9222449699674390527 minFree=184448985434423296 committed=0 }
2025-10-16 19:47:25,551 [ForkJoinPool-1-worker-1] INFO  volume.MutableVolumeSet (MutableVolumeSet.java:initializeVolumeSet(175)) - Added Volume : /home/runner/work/ozone/ozone/hadoop-ozone/integration-test/target/test-dir/MiniOzoneClusterImpl-e7911277-7775-4457-96c8-94071a26a1ce/ozone-metadata/datanode-11/data-0/hdds to VolumeSet
2025-10-16 19:47:25,553 [ForkJoinPool-1-worker-1] INFO  volume.MutableVolumeSet (MutableVolumeSet.java:initializeVolumeSet(175)) - Added Volume : /home/runner/work/ozone/ozone/hadoop-ozone/integration-test/target/test-dir/MiniOzoneClusterImpl-e7911277-7775-4457-96c8-94071a26a1ce/ozone-metadata/datanode-11/ratis to VolumeSet
2025-10-16 19:47:25,553 [ForkJoinPool-1-worker-1] INFO  ozoneimpl.OzoneContainer (HddsVolumeUtil.java:loadAllHddsVolumeDbStore(102)) - Load 1 volumes DbStore cost: 0ms
2025-10-16 19:47:25,554 [ForkJoinPool-1-worker-1] WARN  db.DBStoreBuilder (DBStoreBuilder.java:getDBDirPath(157)) - ozone.scm.datanode.id.dir is not configured. We recommend adding this setting. Falling back to ozone.metadata.dirs instead.
2025-10-16 19:47:25,554 [ForkJoinPool-1-worker-1] WARN  db.DBStoreBuilder (DBStoreBuilder.java:getDBDirPath(157)) - ozone.scm.datanode.id.dir is not configured. We recommend adding this setting. Falling back to ozone.metadata.dirs instead.
2025-10-16 19:47:25,563 [76d4ba71-5bbb-4b24-8f51-8bc7f78aaca4-EndpointStateMachineTaskThread-/0.0.0.0:15002-0 ] INFO  utils.DatanodeStoreCache (DatanodeStoreCache.java:addDB(70)) - Added db /home/runner/work/ozone/ozone/hadoop-ozone/integration-test/target/test-dir/MiniOzoneClusterImpl-e7911277-7775-4457-96c8-94071a26a1ce/ozone-metadata/datanode-8/data-0/hdds/e7911277-7775-4457-96c8-94071a26a1ce/DS-e9dcf76a-4ef9-4a0d-bf69-6fde83db9e01/container.db to cache
2025-10-16 19:47:25,563 [76d4ba71-5bbb-4b24-8f51-8bc7f78aaca4-EndpointStateMachineTaskThread-/0.0.0.0:15002-0 ] INFO  volume.HddsVolume (HddsVolume.java:createDbStore(576)) - SchemaV3 db is created and loaded at /home/runner/work/ozone/ozone/hadoop-ozone/integration-test/target/test-dir/MiniOzoneClusterImpl-e7911277-7775-4457-96c8-94071a26a1ce/ozone-metadata/datanode-8/data-0/hdds/e7911277-7775-4457-96c8-94071a26a1ce/DS-e9dcf76a-4ef9-4a0d-bf69-6fde83db9e01/container.db for volume DS-e9dcf76a-4ef9-4a0d-bf69-6fde83db9e01
2025-10-16 19:47:25,566 [76d4ba71-5bbb-4b24-8f51-8bc7f78aaca4-ContainerReader-0] INFO  ozoneimpl.ContainerReader (ContainerReader.java:readVolume(147)) - Start to verify containers on volume /home/runner/work/ozone/ozone/hadoop-ozone/integration-test/target/test-dir/MiniOzoneClusterImpl-e7911277-7775-4457-96c8-94071a26a1ce/ozone-metadata/datanode-8/data-0/hdds
2025-10-16 19:47:25,566 [76d4ba71-5bbb-4b24-8f51-8bc7f78aaca4-ContainerReader-0] INFO  ozoneimpl.ContainerReader (ContainerReader.java:readVolume(177)) - Finish verifying containers on volume /home/runner/work/ozone/ozone/hadoop-ozone/integration-test/target/test-dir/MiniOzoneClusterImpl-e7911277-7775-4457-96c8-94071a26a1ce/ozone-metadata/datanode-8/data-0/hdds
2025-10-16 19:47:25,566 [76d4ba71-5bbb-4b24-8f51-8bc7f78aaca4-EndpointStateMachineTaskThread-/0.0.0.0:15002-0 ] INFO  ozoneimpl.OzoneContainer (OzoneContainer.java:buildContainerSet(359)) - Build ContainerSet costs 0s
2025-10-16 19:47:25,566 [ForkJoinPool-1-worker-1] INFO  impl.FilePerChunkStrategy (FilePerChunkStrategy.java:<init>(79)) - ozone.chunk.read.mapped.buffer.max.count is load with 0
2025-10-16 19:47:25,566 [76d4ba71-5bbb-4b24-8f51-8bc7f78aaca4-EndpointStateMachineTaskThread-/0.0.0.0:15002-0 ] INFO  volume.ThrottledAsyncChecker (ThrottledAsyncChecker.java:schedule(138)) - Scheduling a check for /home/runner/work/ozone/ozone/hadoop-ozone/integration-test/target/test-dir/MiniOzoneClusterImpl-e7911277-7775-4457-96c8-94071a26a1ce/ozone-metadata/datanode-8/data-0/hdds
2025-10-16 19:47:25,566 [ForkJoinPool-1-worker-1] INFO  impl.FilePerBlockStrategy (FilePerBlockStrategy.java:<init>(88)) - ozone.chunk.read.mapped.buffer.max.count is load with 0
2025-10-16 19:47:25,566 [76d4ba71-5bbb-4b24-8f51-8bc7f78aaca4-EndpointStateMachineTaskThread-/0.0.0.0:15002-0 ] INFO  volume.StorageVolumeChecker (StorageVolumeChecker.java:checkAllVolumes(231)) - Scheduled health check for volume /home/runner/work/ozone/ozone/hadoop-ozone/integration-test/target/test-dir/MiniOzoneClusterImpl-e7911277-7775-4457-96c8-94071a26a1ce/ozone-metadata/datanode-8/data-0/hdds
2025-10-16 19:47:25,567 [ForkJoinPool-1-worker-1] INFO  server.RaftServerConfigKeys (ConfUtils.java:logGet(62)) - raft.server.log.appender.buffer.byte-limit = 33554432 (custom)
2025-10-16 19:47:25,568 [ForkJoinPool-1-worker-1] INFO  grpc.GrpcConfigKeys (ConfUtils.java:logFallback(69)) - raft.grpc.admin.host = null (fallback to raft.grpc.server.host)
2025-10-16 19:47:25,569 [ForkJoinPool-1-worker-1] INFO  grpc.GrpcConfigKeys (ConfUtils.java:logGet(62)) - raft.grpc.admin.port = 15094 (custom)
2025-10-16 19:47:25,569 [ForkJoinPool-1-worker-1] INFO  grpc.GrpcConfigKeys (ConfUtils.java:logFallback(69)) - raft.grpc.client.host = null (fallback to raft.grpc.server.host)
2025-10-16 19:47:25,569 [ForkJoinPool-1-worker-1] INFO  grpc.GrpcConfigKeys (ConfUtils.java:logGet(62)) - raft.grpc.client.port = 15093 (custom)
2025-10-16 19:47:25,569 [ForkJoinPool-1-worker-1] INFO  grpc.GrpcConfigKeys (ConfUtils.java:logGet(62)) - raft.grpc.server.port = 15095 (custom)
2025-10-16 19:47:25,569 [ForkJoinPool-1-worker-1] INFO  server.GrpcServicesImpl (ConfUtils.java:logGet(62)) - raft.grpc.message.size.max = 34603008 (custom)
2025-10-16 19:47:25,569 [ForkJoinPool-1-worker-1] INFO  server.GrpcServicesImpl (ConfUtils.java:logGet(62)) - raft.grpc.flow.control.window = 5MB (=5242880) (custom)
2025-10-16 19:47:25,569 [ForkJoinPool-1-worker-1] INFO  server.RaftServerConfigKeys (ConfUtils.java:logGet(62)) - raft.server.log.appender.buffer.byte-limit = 33554432 (custom)
2025-10-16 19:47:25,571 [76d4ba71-5bbb-4b24-8f51-8bc7f78aaca4-EndpointStateMachineTaskThread-/0.0.0.0:15002-0 ] INFO  volume.ThrottledAsyncChecker (ThrottledAsyncChecker.java:schedule(138)) - Scheduling a check for /home/runner/work/ozone/ozone/hadoop-ozone/integration-test/target/test-dir/MiniOzoneClusterImpl-e7911277-7775-4457-96c8-94071a26a1ce/ozone-metadata/datanode-8/ratis
2025-10-16 19:47:25,571 [76d4ba71-5bbb-4b24-8f51-8bc7f78aaca4-EndpointStateMachineTaskThread-/0.0.0.0:15002-0 ] INFO  volume.StorageVolumeChecker (StorageVolumeChecker.java:checkAllVolumes(231)) - Scheduled health check for volume /home/runner/work/ozone/ozone/hadoop-ozone/integration-test/target/test-dir/MiniOzoneClusterImpl-e7911277-7775-4457-96c8-94071a26a1ce/ozone-metadata/datanode-8/ratis
2025-10-16 19:47:25,571 [76d4ba71-5bbb-4b24-8f51-8bc7f78aaca4-EndpointStateMachineTaskThread-/0.0.0.0:15002-0 ] INFO  ozoneimpl.OzoneContainer (OzoneContainer.java:start(544)) - Attempting to start container services.
2025-10-16 19:47:25,571 [ForkJoinPool-1-worker-1] INFO  netty.NettyUtils (NettyUtils.java:newEventLoopGroup(74)) - Create EpollEventLoopGroup for 702cb173-5c73-4ecc-b5cd-c7b4a6b66aea-NettyServerStreamRpc-bossGroup; Thread size is 0.
2025-10-16 19:47:25,572 [ContainerMetadataScanner] INFO  ozoneimpl.AbstractBackgroundContainerScanner (AbstractBackgroundContainerScanner.java:runIteration(89)) - Completed an iteration in 0 minutes. Number of iterations (since the data-node restart) : 1, Number of containers scanned in this iteration : 0, Number of unhealthy containers found in this iteration : 0
2025-10-16 19:47:25,572 [ForkJoinPool-1-worker-1] INFO  netty.NettyUtils (NettyUtils.java:newEventLoopGroup(74)) - Create EpollEventLoopGroup for 702cb173-5c73-4ecc-b5cd-c7b4a6b66aea-NettyServerStreamRpc-workerGroup; Thread size is 0.
2025-10-16 19:47:25,573 [ContainerDataScanner(/home/runner/work/ozone/ozone/hadoop-ozone/integration-test/target/test-dir/MiniOzoneClusterImpl-e7911277-7775-4457-96c8-94071a26a1ce/ozone-metadata/datanode-8/data-0/hdds)] INFO  ozoneimpl.AbstractBackgroundContainerScanner (AbstractBackgroundContainerScanner.java:runIteration(89)) - Completed an iteration in 0 minutes. Number of iterations (since the data-node restart) : 1, Number of containers scanned in this iteration : 0, Number of unhealthy containers found in this iteration : 0
2025-10-16 19:47:25,573 [ForkJoinPool-1-worker-1] INFO  netty.NettyConfigKeys$DataStream (ConfUtils.java:logGet(62)) - raft.netty.dataStream.port = 15096 (custom)
2025-10-16 19:47:25,573 [76d4ba71-5bbb-4b24-8f51-8bc7f78aaca4-EndpointStateMachineTaskThread-/0.0.0.0:15002-0 ] INFO  replication.ReplicationServer (ReplicationServer.java:start(137)) - ReplicationServer is started using port 15073
2025-10-16 19:47:25,574 [ForkJoinPool-1-worker-1] INFO  server.RaftServerConfigKeys (ConfUtils.java:logGet(62)) - raft.server.storage.dir = [/home/runner/work/ozone/ozone/hadoop-ozone/integration-test/target/test-dir/MiniOzoneClusterImpl-e7911277-7775-4457-96c8-94071a26a1ce/ozone-metadata/datanode-11/ratis] (custom)
2025-10-16 19:47:25,574 [702cb173-5c73-4ecc-b5cd-c7b4a6b66aea-NettyServerStreamRpc-bossGroup--thread1] INFO  logging.LoggingHandler (AbstractInternalLogger.java:log(148)) - [id: 0x95ac06a0] REGISTERED
2025-10-16 19:47:25,574 [76d4ba71-5bbb-4b24-8f51-8bc7f78aaca4-EndpointStateMachineTaskThread-/0.0.0.0:15002-0 ] INFO  ratis.XceiverServerRatis (XceiverServerRatis.java:start(559)) - Starting XceiverServerRatis(76d4ba71-5bbb-4b24-8f51-8bc7f78aaca4)
2025-10-16 19:47:25,574 [702cb173-5c73-4ecc-b5cd-c7b4a6b66aea-NettyServerStreamRpc-bossGroup--thread1] INFO  logging.LoggingHandler (AbstractInternalLogger.java:log(148)) - [id: 0x95ac06a0] BIND: 0.0.0.0/0.0.0.0:15096
2025-10-16 19:47:25,574 [702cb173-5c73-4ecc-b5cd-c7b4a6b66aea-NettyServerStreamRpc-bossGroup--thread1] INFO  logging.LoggingHandler (AbstractInternalLogger.java:log(148)) - [id: 0x95ac06a0, L:/0.0.0.0:15096] ACTIVE
2025-10-16 19:47:25,575 [702cb173-5c73-4ecc-b5cd-c7b4a6b66aea-impl-thread1] INFO  server.RaftServer (RaftServerProxy.java:initGroupDir(270)) - 702cb173-5c73-4ecc-b5cd-c7b4a6b66aea: found a subdirectory /home/runner/work/ozone/ozone/hadoop-ozone/integration-test/target/test-dir/MiniOzoneClusterImpl-e7911277-7775-4457-96c8-94071a26a1ce/ozone-metadata/datanode-11/ratis/tmp
2025-10-16 19:47:25,575 [702cb173-5c73-4ecc-b5cd-c7b4a6b66aea-impl-thread1] INFO  server.RaftServer (RaftServerProxy.java:initGroupDir(275)) - 702cb173-5c73-4ecc-b5cd-c7b4a6b66aea: The directory /home/runner/work/ozone/ozone/hadoop-ozone/integration-test/target/test-dir/MiniOzoneClusterImpl-e7911277-7775-4457-96c8-94071a26a1ce/ozone-metadata/datanode-11/ratis/tmp is not a group directory; ignoring it. 
2025-10-16 19:47:25,575 [ForkJoinPool-1-worker-1] INFO  replication.ReplicationServer (ReplicationServer.java:<init>(84)) - Initializing replication server with thread count = 10 queue length = 4096
2025-10-16 19:47:25,576 [ForkJoinPool-1-worker-1] INFO  server.XceiverServerGrpc (XceiverServerGrpc.java:<init>(129)) - GrpcServer channel type EpollServerSocketChannel
2025-10-16 19:47:25,577 [76d4ba71-5bbb-4b24-8f51-8bc7f78aaca4-EndpointStateMachineTaskThread-/0.0.0.0:15002-0 ] INFO  server.RaftServer (RaftServerProxy.java:startImpl(412)) - 76d4ba71-5bbb-4b24-8f51-8bc7f78aaca4: start RPC server
2025-10-16 19:47:25,577 [76d4ba71-5bbb-4b24-8f51-8bc7f78aaca4-EndpointStateMachineTaskThread-/0.0.0.0:15002-0 ] INFO  server.GrpcServicesImpl (GrpcServicesImpl.java:startImpl(346)) - 76d4ba71-5bbb-4b24-8f51-8bc7f78aaca4: GrpcServicesImpl started, listening on 15069
2025-10-16 19:47:25,577 [ForkJoinPool-1-worker-1] INFO  replication.ReplicationSupervisor (ReplicationSupervisor.java:build(169)) - Initializing replication supervisor with thread count = 10
2025-10-16 19:47:25,578 [ForkJoinPool-1-worker-1] INFO  replication.ReplicationSupervisor (ReplicationSupervisor.java:nodeStateUpdated(358)) - Node state updated to IN_SERVICE, scaling executor pool size to 10
2025-10-16 19:47:25,578 [76d4ba71-5bbb-4b24-8f51-8bc7f78aaca4-EndpointStateMachineTaskThread-/0.0.0.0:15002-0 ] INFO  server.GrpcServicesImpl (GrpcServicesImpl.java:startImpl(346)) - 76d4ba71-5bbb-4b24-8f51-8bc7f78aaca4: GrpcServicesImpl started, listening on 15071
2025-10-16 19:47:25,578 [76d4ba71-5bbb-4b24-8f51-8bc7f78aaca4-EndpointStateMachineTaskThread-/0.0.0.0:15002-0 ] INFO  server.GrpcServicesImpl (GrpcServicesImpl.java:startImpl(346)) - 76d4ba71-5bbb-4b24-8f51-8bc7f78aaca4: GrpcServicesImpl started, listening on 15070
2025-10-16 19:47:25,578 [76d4ba71-5bbb-4b24-8f51-8bc7f78aaca4-EndpointStateMachineTaskThread-/0.0.0.0:15002-0 ] INFO  ratis.XceiverServerRatis (XceiverServerRatis.java:getRealPort(586)) - XceiverServerRatis(76d4ba71-5bbb-4b24-8f51-8bc7f78aaca4) is started using port RATIS=15069
2025-10-16 19:47:25,578 [76d4ba71-5bbb-4b24-8f51-8bc7f78aaca4-EndpointStateMachineTaskThread-/0.0.0.0:15002-0 ] INFO  ratis.XceiverServerRatis (XceiverServerRatis.java:getRealPort(586)) - XceiverServerRatis(76d4ba71-5bbb-4b24-8f51-8bc7f78aaca4) is started using port RATIS_ADMIN=15070
2025-10-16 19:47:25,578 [76d4ba71-5bbb-4b24-8f51-8bc7f78aaca4-EndpointStateMachineTaskThread-/0.0.0.0:15002-0 ] INFO  ratis.XceiverServerRatis (XceiverServerRatis.java:getRealPort(586)) - XceiverServerRatis(76d4ba71-5bbb-4b24-8f51-8bc7f78aaca4) is started using port RATIS_SERVER=15071
2025-10-16 19:47:25,578 [76d4ba71-5bbb-4b24-8f51-8bc7f78aaca4-EndpointStateMachineTaskThread-/0.0.0.0:15002-0 ] INFO  ratis.XceiverServerRatis (XceiverServerRatis.java:getRealPort(586)) - XceiverServerRatis(76d4ba71-5bbb-4b24-8f51-8bc7f78aaca4) is started using port RATIS_DATASTREAM=15072
2025-10-16 19:47:25,579 [JvmPauseMonitor10] INFO  util.JvmPauseMonitor (JvmPauseMonitor.java:run(146)) - JvmPauseMonitor-76d4ba71-5bbb-4b24-8f51-8bc7f78aaca4: Started
2025-10-16 19:47:25,580 [76d4ba71-5bbb-4b24-8f51-8bc7f78aaca4-EndpointStateMachineTaskThread-/0.0.0.0:15002-0 ] INFO  utils.BackgroundService (BackgroundService.java:start(119)) - Starting service BlockDeletingService with interval 60000 milliseconds
2025-10-16 19:47:25,580 [76d4ba71-5bbb-4b24-8f51-8bc7f78aaca4-EndpointStateMachineTaskThread-/0.0.0.0:15002-0 ] INFO  utils.BackgroundService (BackgroundService.java:start(119)) - Starting service StaleRecoveringContainerScrubbingService with interval 60000 milliseconds
2025-10-16 19:47:25,582 [ForkJoinPool-1-worker-1] INFO  http.BaseHttpServer (BaseHttpServer.java:newHttpServer2BuilderForOzone(227)) - Starting Web-server for hddsDatanode at: http://0.0.0.0:15090
2025-10-16 19:47:25,582 [ForkJoinPool-1-worker-1] INFO  http.BaseHttpServer (BaseHttpServer.java:<init>(105)) - Hadoop Security Enabled: false Ozone Security Enabled: false Ozone HTTP Security Enabled: false 
2025-10-16 19:47:25,583 [ForkJoinPool-1-worker-1] WARN  server.AuthenticationFilter (AuthenticationFilter.java:constructSecretProvider(240)) - Unable to initialize FileSignerSecretProvider, falling back to use random secrets. Reason: Could not read signature secret file: /home/runner/hadoop-http-auth-signature-secret
2025-10-16 19:47:25,586 [ForkJoinPool-1-worker-1] INFO  http.HttpServer2 (HttpServer2.java:addGlobalFilter(1040)) - Added global filter 'safety' (class=org.apache.hadoop.hdds.server.http.HttpServer2$QuotingInputFilter)
2025-10-16 19:47:25,587 [ForkJoinPool-1-worker-1] INFO  http.HttpServer2 (HttpServer2.java:addFilter(1016)) - Added filter static_user_filter (class=org.apache.hadoop.http.lib.StaticUserWebFilter$StaticUserFilter) to context hddsDatanode
2025-10-16 19:47:25,587 [ForkJoinPool-1-worker-1] INFO  http.HttpServer2 (HttpServer2.java:addFilter(1024)) - Added filter static_user_filter (class=org.apache.hadoop.http.lib.StaticUserWebFilter$StaticUserFilter) to context logs
2025-10-16 19:47:25,587 [ForkJoinPool-1-worker-1] INFO  http.HttpServer2 (HttpServer2.java:addFilter(1024)) - Added filter static_user_filter (class=org.apache.hadoop.http.lib.StaticUserWebFilter$StaticUserFilter) to context static
2025-10-16 19:47:25,588 [ForkJoinPool-1-worker-1] INFO  http.BaseHttpServer (BaseHttpServer.java:<init>(193)) - HTTP server of hddsDatanode uses base directory /home/runner/work/ozone/ozone/hadoop-ozone/integration-test/target/test-dir/MiniOzoneClusterImpl-e7911277-7775-4457-96c8-94071a26a1ce/scm/ozone-metadata/webserver
2025-10-16 19:47:25,588 [ForkJoinPool-1-worker-1] INFO  http.HttpServer2 (HttpServer2.java:bindListener(1240)) - Jetty bound to port 15090
2025-10-16 19:47:25,588 [ForkJoinPool-1-worker-1] INFO  server.Server (Server.java:doStart(375)) - jetty-9.4.58.v20250814; built: 2025-08-14T02:28:49.637Z; git: 8f1440587e9e4ae7db3d74cf205643f3d707148d; jvm 21.0.8+9-LTS
2025-10-16 19:47:25,590 [ForkJoinPool-1-worker-1] INFO  server.session (DefaultSessionIdManager.java:doStart(334)) - DefaultSessionIdManager workerName=node0
2025-10-16 19:47:25,591 [ForkJoinPool-1-worker-1] INFO  server.session (DefaultSessionIdManager.java:doStart(339)) - No SessionScavenger set, using defaults
2025-10-16 19:47:25,591 [ForkJoinPool-1-worker-1] INFO  server.session (HouseKeeper.java:startScavenging(132)) - node0 Scavenging every 600000ms
2025-10-16 19:47:25,591 [ForkJoinPool-1-worker-1] INFO  handler.ContextHandler (ContextHandler.java:doStart(921)) - Started o.e.j.s.ServletContextHandler@6ee68266{logs,/logs,file:///home/runner/work/ozone/ozone/hadoop-ozone/integration-test/target/log,AVAILABLE}
2025-10-16 19:47:25,592 [ForkJoinPool-1-worker-1] INFO  handler.ContextHandler (ContextHandler.java:doStart(921)) - Started o.e.j.s.ServletContextHandler@738623c5{static,/static,jar:file:/home/runner/work/ozone/ozone/hadoop-hdds/container-service/target/hdds-container-service-2.1.0-SNAPSHOT.jar!/webapps/static,AVAILABLE}
2025-10-16 19:47:25,593 | INFO  | SCMAudit | user=runner | ip=127.0.0.1 | op=SEND_HEARTBEAT {"datanodeUUID":"f700af26-0e26-4136-9205-9509c82c8c70","term":"2","command":"[commandType: createPipelineCommand createPipelineCommandProto { pipelineID { id: \"8c63ceaf-ef16-456b-926f-e01cf5ea873d\" uuid128 { mostSigBits: -8330587630679472789 leastSigBits: -7894845206767696067 } } type: RATIS factor: THREE datanode { uuid: \"f700af26-0e26-4136-9205-9509c82c8c70\" ipAddress: \"127.0.0.1\" hostName: \"localhost\" ports { name: \"HTTP\" value: 15010 } ports { name: \"CLIENT_RPC\" value: 15011 } ports { name: \"REPLICATION\" value: 15017 } ports { name: \"RATIS\" value: 15013 } ports { name: \"RATIS_ADMIN\" value: 15014 } ports { name: \"RATIS_SERVER\" value: 15015 } ports { name: \"RATIS_DATASTREAM\" value: 15016 } ports { name: \"STANDALONE\" value: 15012 } networkName: \"f700af26-0e26-4136-9205-9509c82c8c70\" networkLocation: \"/default-rack\" persistedOpState: IN_SERVICE persistedOpStateExpiry: 0 currentVersion: 2 uuid128 { mostSigBits: -648325768360345290 leastSigBits: -7924764100042912656 } level: 3 id { uuid { mostSigBits: -648325768360345290 leastSigBits: -7924764100042912656 } } } datanode { uuid: \"764b18f0-81c5-439a-9fff-25adc4f241fa\" ipAddress: \"127.0.0.1\" hostName: \"localhost\" ports { name: \"HTTP\" value: 15026 } ports { name: \"CLIENT_RPC\" value: 15027 } ports { name: \"REPLICATION\" value: 15033 } ports { name: \"RATIS\" value: 15029 } ports { name: \"RATIS_ADMIN\" value: 15030 } ports { name: \"RATIS_SERVER\" value: 15031 } ports { name: \"RATIS_DATASTREAM\" value: 15032 } ports { name: \"STANDALONE\" value: 15028 } networkName: \"764b18f0-81c5-439a-9fff-25adc4f241fa\" networkLocation: \"/default-rack\" persistedOpState: IN_SERVICE persistedOpStateExpiry: 0 currentVersion: 2 uuid128 { mostSigBits: 8523934140977202074 leastSigBits: -6917769074354011654 } level: 3 id { uuid { mostSigBits: 8523934140977202074 leastSigBits: -6917769074354011654 } } } datanode { uuid: \"8a3c3252-9afe-4d3a-8492-25be6557678a\" ipAddress: \"127.0.0.1\" hostName: \"localhost\" ports { name: \"HTTP\" value: 15018 } ports { name: \"CLIENT_RPC\" value: 15019 } ports { name: \"REPLICATION\" value: 15025 } ports { name: \"RATIS\" value: 15021 } ports { name: \"RATIS_ADMIN\" value: 15022 } ports { name: \"RATIS_SERVER\" value: 15023 } ports { name: \"RATIS_DATASTREAM\" value: 15024 } ports { name: \"STANDALONE\" value: 15020 } networkName: \"8a3c3252-9afe-4d3a-8492-25be6557678a\" networkLocation: \"/default-rack\" persistedOpState: IN_SERVICE persistedOpStateExpiry: 0 currentVersion: 2 uuid128 { mostSigBits: -8485852267503792838 leastSigBits: -8894004814429067382 } level: 3 id { uuid { mostSigBits: -8485852267503792838 leastSigBits: -8894004814429067382 } } } cmdId: 1760644044129 priority: 1 priority: 0 priority: 0 } term: 2 encodedToken: \"\" deadlineMsSinceEpoch: 0, commandType: createPipelineCommand createPipelineCommandProto { pipelineID { id: \"e8667477-af8e-4488-a6a8-7f698bb0e6aa\" uuid128 { mostSigBits: -1700543751890516856 leastSigBits: -6437755576034203990 } } type: RATIS factor: THREE datanode { uuid: \"8a3c3252-9afe-4d3a-8492-25be6557678a\" ipAddress: \"127.0.0.1\" hostName: \"localhost\" ports { name: \"HTTP\" value: 15018 } ports { name: \"CLIENT_RPC\" value: 15019 } ports { name: \"REPLICATION\" value: 15025 } ports { name: \"RATIS\" value: 15021 } ports { name: \"RATIS_ADMIN\" value: 15022 } ports { name: \"RATIS_SERVER\" value: 15023 } ports { name: \"RATIS_DATASTREAM\" value: 15024 } ports { name: \"STANDALONE\" value: 15020 } networkName: \"8a3c3252-9afe-4d3a-8492-25be6557678a\" networkLocation: \"/default-rack\" persistedOpState: IN_SERVICE persistedOpStateExpiry: 0 currentVersion: 2 uuid128 { mostSigBits: -8485852267503792838 leastSigBits: -8894004814429067382 } level: 3 id { uuid { mostSigBits: -8485852267503792838 leastSigBits: -8894004814429067382 } } } datanode { uuid: \"f700af26-0e26-4136-9205-9509c82c8c70\" ipAddress: \"127.0.0.1\" hostName: \"localhost\" ports { name: \"HTTP\" value: 15010 } ports { name: \"CLIENT_RPC\" value: 15011 } ports { name: \"REPLICATION\" value: 15017 } ports { name: \"RATIS\" value: 15013 } ports { name: \"RATIS_ADMIN\" value: 15014 } ports { name: \"RATIS_SERVER\" value: 15015 } ports { name: \"RATIS_DATASTREAM\" value: 15016 } ports { name: \"STANDALONE\" value: 15012 } networkName: \"f700af26-0e26-4136-9205-9509c82c8c70\" networkLocation: \"/default-rack\" persistedOpState: IN_SERVICE persistedOpStateExpiry: 0 currentVersion: 2 uuid128 { mostSigBits: -648325768360345290 leastSigBits: -7924764100042912656 } level: 3 id { uuid { mostSigBits: -648325768360345290 leastSigBits: -7924764100042912656 } } } datanode { uuid: \"764b18f0-81c5-439a-9fff-25adc4f241fa\" ipAddress: \"127.0.0.1\" hostName: \"localhost\" ports { name: \"HTTP\" value: 15026 } ports { name: \"CLIENT_RPC\" value: 15027 } ports { name: \"REPLICATION\" value: 15033 } ports { name: \"RATIS\" value: 15029 } ports { name: \"RATIS_ADMIN\" value: 15030 } ports { name: \"RATIS_SERVER\" value: 15031 } ports { name: \"RATIS_DATASTREAM\" value: 15032 } ports { name: \"STANDALONE\" value: 15028 } networkName: \"764b18f0-81c5-439a-9fff-25adc4f241fa\" networkLocation: \"/default-rack\" persistedOpState: IN_SERVICE persistedOpStateExpiry: 0 currentVersion: 2 uuid128 { mostSigBits: 8523934140977202074 leastSigBits: -6917769074354011654 } level: 3 id { uuid { mostSigBits: 8523934140977202074 leastSigBits: -6917769074354011654 } } } cmdId: 1760644044130 priority: 1 priority: 0 priority: 0 } term: 2 encodedToken: \"\" deadlineMsSinceEpoch: 0]"} | ret=SUCCESS |  
2025-10-16 19:47:25,732 | INFO  | SCMAudit | user=runner | ip=127.0.0.1 | op=SEND_HEARTBEAT {"datanodeUUID":"58cff6b7-b2a7-446b-a75a-bb98ad6b11b8","term":"2","command":"[commandType: createPipelineCommand createPipelineCommandProto { pipelineID { id: \"3fa565e2-b63b-437f-88a9-ce465bb6e67c\" uuid128 { mostSigBits: 4586183819941069695 leastSigBits: -8599115211905505668 } } type: RATIS factor: ONE datanode { uuid: \"58cff6b7-b2a7-446b-a75a-bb98ad6b11b8\" ipAddress: \"127.0.0.1\" hostName: \"localhost\" ports { name: \"HTTP\" value: 15042 } ports { name: \"CLIENT_RPC\" value: 15043 } ports { name: \"REPLICATION\" value: 15049 } ports { name: \"RATIS\" value: 15045 } ports { name: \"RATIS_ADMIN\" value: 15046 } ports { name: \"RATIS_SERVER\" value: 15047 } ports { name: \"RATIS_DATASTREAM\" value: 15048 } ports { name: \"STANDALONE\" value: 15044 } networkName: \"58cff6b7-b2a7-446b-a75a-bb98ad6b11b8\" networkLocation: \"/default-rack\" persistedOpState: IN_SERVICE persistedOpStateExpiry: 0 currentVersion: 2 uuid128 { mostSigBits: 6399604864353518699 leastSigBits: -6387586857052728904 } level: 3 id { uuid { mostSigBits: 6399604864353518699 leastSigBits: -6387586857052728904 } } } cmdId: 1760644044132 priority: 1 } term: 2 encodedToken: \"\" deadlineMsSinceEpoch: 0, commandType: createPipelineCommand createPipelineCommandProto { pipelineID { id: \"89e8a9f4-f695-4aaa-9f83-b5fe3e1435f4\" uuid128 { mostSigBits: -8509364626342458710 leastSigBits: -6952513296162081292 } } type: RATIS factor: THREE datanode { uuid: \"58cff6b7-b2a7-446b-a75a-bb98ad6b11b8\" ipAddress: \"127.0.0.1\" hostName: \"localhost\" ports { name: \"HTTP\" value: 15042 } ports { name: \"CLIENT_RPC\" value: 15043 } ports { name: \"REPLICATION\" value: 15049 } ports { name: \"RATIS\" value: 15045 } ports { name: \"RATIS_ADMIN\" value: 15046 } ports { name: \"RATIS_SERVER\" value: 15047 } ports { name: \"RATIS_DATASTREAM\" value: 15048 } ports { name: \"STANDALONE\" value: 15044 } networkName: \"58cff6b7-b2a7-446b-a75a-bb98ad6b11b8\" networkLocation: \"/default-rack\" persistedOpState: IN_SERVICE persistedOpStateExpiry: 0 currentVersion: 2 uuid128 { mostSigBits: 6399604864353518699 leastSigBits: -6387586857052728904 } level: 3 id { uuid { mostSigBits: 6399604864353518699 leastSigBits: -6387586857052728904 } } } datanode { uuid: \"aa213937-adc5-47da-a770-0ee1e4664344\" ipAddress: \"127.0.0.1\" hostName: \"localhost\" ports { name: \"HTTP\" value: 15034 } ports { name: \"CLIENT_RPC\" value: 15035 } ports { name: \"REPLICATION\" value: 15041 } ports { name: \"RATIS\" value: 15037 } ports { name: \"RATIS_ADMIN\" value: 15038 } ports { name: \"RATIS_SERVER\" value: 15039 } ports { name: \"RATIS_DATASTREAM\" value: 15040 } ports { name: \"STANDALONE\" value: 15036 } networkName: \"aa213937-adc5-47da-a770-0ee1e4664344\" networkLocation: \"/default-rack\" persistedOpState: IN_SERVICE persistedOpStateExpiry: 0 currentVersion: 2 uuid128 { mostSigBits: -6187601501728978982 leastSigBits: -6381584308621655228 } level: 3 id { uuid { mostSigBits: -6187601501728978982 leastSigBits: -6381584308621655228 } } } datanode { uuid: \"0428ab3f-efd5-438e-ae11-9ec242443260\" ipAddress: \"127.0.0.1\" hostName: \"localhost\" ports { name: \"HTTP\" value: 15050 } ports { name: \"CLIENT_RPC\" value: 15051 } ports { name: \"REPLICATION\" value: 15057 } ports { name: \"RATIS\" value: 15053 } ports { name: \"RATIS_ADMIN\" value: 15054 } ports { name: \"RATIS_SERVER\" value: 15055 } ports { name: \"RATIS_DATASTREAM\" value: 15056 } ports { name: \"STANDALONE\" value: 15052 } networkName: \"0428ab3f-efd5-438e-ae11-9ec242443260\" networkLocation: \"/default-rack\" persistedOpState: IN_SERVICE persistedOpStateExpiry: 0 currentVersion: 2 uuid128 { mostSigBits: 299677666315158414 leastSigBits: -5903763079333399968 } level: 3 id { uuid { mostSigBits: 299677666315158414 leastSigBits: -5903763079333399968 } } } cmdId: 1760644044134 priority: 1 priority: 0 priority: 0 } term: 2 encodedToken: \"\" deadlineMsSinceEpoch: 0, commandType: createPipelineCommand createPipelineCommandProto { pipelineID { id: \"3eff9fe2-c62c-48a6-bb56-8c9103a5e9b1\" uuid128 { mostSigBits: 4539522745748965542 leastSigBits: -4947612586160559695 } } type: RATIS factor: THREE datanode { uuid: \"58cff6b7-b2a7-446b-a75a-bb98ad6b11b8\" ipAddress: \"127.0.0.1\" hostName: \"localhost\" ports { name: \"HTTP\" value: 15042 } ports { name: \"CLIENT_RPC\" value: 15043 } ports { name: \"REPLICATION\" value: 15049 } ports { name: \"RATIS\" value: 15045 } ports { name: \"RATIS_ADMIN\" value: 15046 } ports { name: \"RATIS_SERVER\" value: 15047 } ports { name: \"RATIS_DATASTREAM\" value: 15048 } ports { name: \"STANDALONE\" value: 15044 } networkName: \"58cff6b7-b2a7-446b-a75a-bb98ad6b11b8\" networkLocation: \"/default-rack\" persistedOpState: IN_SERVICE persistedOpStateExpiry: 0 currentVersion: 2 uuid128 { mostSigBits: 6399604864353518699 leastSigBits: -6387586857052728904 } level: 3 id { uuid { mostSigBits: 6399604864353518699 leastSigBits: -6387586857052728904 } } } datanode { uuid: \"0428ab3f-efd5-438e-ae11-9ec242443260\" ipAddress: \"127.0.0.1\" hostName: \"localhost\" ports { name: \"HTTP\" value: 15050 } ports { name: \"CLIENT_RPC\" value: 15051 } ports { name: \"REPLICATION\" value: 15057 } ports { name: \"RATIS\" value: 15053 } ports { name: \"RATIS_ADMIN\" value: 15054 } ports { name: \"RATIS_SERVER\" value: 15055 } ports { name: \"RATIS_DATASTREAM\" value: 15056 } ports { name: \"STANDALONE\" value: 15052 } networkName: \"0428ab3f-efd5-438e-ae11-9ec242443260\" networkLocation: \"/default-rack\" persistedOpState: IN_SERVICE persistedOpStateExpiry: 0 currentVersion: 2 uuid128 { mostSigBits: 299677666315158414 leastSigBits: -5903763079333399968 } level: 3 id { uuid { mostSigBits: 299677666315158414 leastSigBits: -5903763079333399968 } } } datanode { uuid: \"aa213937-adc5-47da-a770-0ee1e4664344\" ipAddress: \"127.0.0.1\" hostName: \"localhost\" ports { name: \"HTTP\" value: 15034 } ports { name: \"CLIENT_RPC\" value: 15035 } ports { name: \"REPLICATION\" value: 15041 } ports { name: \"RATIS\" value: 15037 } ports { name: \"RATIS_ADMIN\" value: 15038 } ports { name: \"RATIS_SERVER\" value: 15039 } ports { name: \"RATIS_DATASTREAM\" value: 15040 } ports { name: \"STANDALONE\" value: 15036 } networkName: \"aa213937-adc5-47da-a770-0ee1e4664344\" networkLocation: \"/default-rack\" persistedOpState: IN_SERVICE persistedOpStateExpiry: 0 currentVersion: 2 uuid128 { mostSigBits: -6187601501728978982 leastSigBits: -6381584308621655228 } level: 3 id { uuid { mostSigBits: -6187601501728978982 leastSigBits: -6381584308621655228 } } } cmdId: 1760644044135 priority: 0 priority: 0 priority: 1 } term: 2 encodedToken: \"\" deadlineMsSinceEpoch: 0]"} | ret=SUCCESS |  
2025-10-16 19:47:25,749 [ForkJoinPool-1-worker-1] INFO  handler.ContextHandler (ContextHandler.java:doStart(921)) - Started o.e.j.w.WebAppContext@1554afb4{hddsDatanode,/,file:///home/runner/work/ozone/ozone/hadoop-ozone/integration-test/target/test-dir/MiniOzoneClusterImpl-e7911277-7775-4457-96c8-94071a26a1ce/scm/ozone-metadata/webserver/jetty-0_0_0_0-15090-hdds-container-service-2_1_0-SNAPSHOT_jar-_-any-12971908910574033262/webapp/,AVAILABLE}{jar:file:/home/runner/work/ozone/ozone/hadoop-hdds/container-service/target/hdds-container-service-2.1.0-SNAPSHOT.jar!/webapps/hddsDatanode}
2025-10-16 19:47:25,750 [ForkJoinPool-1-worker-1] INFO  server.AbstractConnector (AbstractConnector.java:doStart(333)) - Started ServerConnector@1622b7ea{HTTP/1.1, (http/1.1)}{0.0.0.0:15090}
2025-10-16 19:47:25,750 [ForkJoinPool-1-worker-1] INFO  server.Server (Server.java:doStart(415)) - Started @13603ms
2025-10-16 19:47:25,750 [ForkJoinPool-1-worker-1] WARN  impl.MetricsSystemImpl (MetricsSystemImpl.java:register(279)) - Sink prometheus already exists!
2025-10-16 19:47:25,750 [ForkJoinPool-1-worker-1] INFO  http.BaseHttpServer (BaseHttpServer.java:updateConnectorAddress(357)) - HTTP server of hddsDatanode listening at http://localhost:15090
2025-10-16 19:47:25,750 [ForkJoinPool-1-worker-1] INFO  ipc.CallQueueManager (CallQueueManager.java:<init>(93)) - Using callQueue: class java.util.concurrent.LinkedBlockingQueue, queueCapacity: 1000, scheduler: class org.apache.hadoop.ipc.DefaultRpcScheduler, ipcBackoff: false, ipcFailOver: false.
2025-10-16 19:47:25,751 [ForkJoinPool-1-worker-1] INFO  ipc.Server (Server.java:<init>(1438)) - Listener at 0.0.0.0:15091
2025-10-16 19:47:25,751 [Socket Reader #1 for port 15091] INFO  ipc.Server (Server.java:run(1474)) - Starting Socket Reader #1 for port 15091
2025-10-16 19:47:25,752 [Socket Reader #2 for port 15091] INFO  ipc.Server (Server.java:run(1474)) - Starting Socket Reader #2 for port 15091
2025-10-16 19:47:25,752 [Socket Reader #3 for port 15091] INFO  ipc.Server (Server.java:run(1474)) - Starting Socket Reader #3 for port 15091
2025-10-16 19:47:25,752 [Socket Reader #4 for port 15091] INFO  ipc.Server (Server.java:run(1474)) - Starting Socket Reader #4 for port 15091
2025-10-16 19:47:25,752 [Socket Reader #5 for port 15091] INFO  ipc.Server (Server.java:run(1474)) - Starting Socket Reader #5 for port 15091
2025-10-16 19:47:25,753 [Socket Reader #6 for port 15091] INFO  ipc.Server (Server.java:run(1474)) - Starting Socket Reader #6 for port 15091
2025-10-16 19:47:25,753 [Socket Reader #7 for port 15091] INFO  ipc.Server (Server.java:run(1474)) - Starting Socket Reader #7 for port 15091
2025-10-16 19:47:25,753 [Socket Reader #8 for port 15091] INFO  ipc.Server (Server.java:run(1474)) - Starting Socket Reader #8 for port 15091
2025-10-16 19:47:25,753 [Socket Reader #9 for port 15091] INFO  ipc.Server (Server.java:run(1474)) - Starting Socket Reader #9 for port 15091
2025-10-16 19:47:25,753 [Socket Reader #10 for port 15091] INFO  ipc.Server (Server.java:run(1474)) - Starting Socket Reader #10 for port 15091
2025-10-16 19:47:25,755 [ForkJoinPool-1-worker-1] INFO  ozone.HddsDatanodeService (HddsDatanodeService.java:start(333)) - Datanode start with admins: [admin, runner]
2025-10-16 19:47:25,755 [ForkJoinPool-1-worker-1] INFO  ozone.HddsDatanodeClientProtocolServer (HddsDatanodeClientProtocolServer.java:start(76)) - RPC server for Client /0.0.0.0:15091
2025-10-16 19:47:25,755 [IPC Server Responder] INFO  ipc.Server (Server.java:run(1713)) - IPC Server Responder: starting
2025-10-16 19:47:25,755 [IPC Server listener on 15091] INFO  ipc.Server (Server.java:run(1553)) - IPC Server listener on 15091: starting
2025-10-16 19:47:25,757 [ForkJoinPool-1-worker-1] WARN  dropwizard3.Dm3MetricRegistriesImpl (Dm3MetricRegistriesImpl.java:addReporterRegistration(114)) - New reporters are added after registries were created. Some metrics will be missing from the reporter. Please add reporter before adding any new registry.
2025-10-16 19:47:25,757 [ForkJoinPool-1-worker-1] WARN  dropwizard3.Dm3MetricRegistriesImpl (Dm3MetricRegistriesImpl.java:addReporterRegistration(114)) - New reporters are added after registries were created. Some metrics will be missing from the reporter. Please add reporter before adding any new registry.
2025-10-16 19:47:25,759 [702cb173-5c73-4ecc-b5cd-c7b4a6b66aea-DatanodeStateMachineDaemonThread] INFO  statemachine.DatanodeStateMachine (DatanodeStateMachine.java:startStateMachineThread(363)) - Ozone container server started.
2025-10-16 19:47:25,763 [702cb173-5c73-4ecc-b5cd-c7b4a6b66aea-DatanodeStateMachineTaskThread-0] INFO  datanode.InitDatanodeState (InitDatanodeState.java:persistContainerDatanodeDetails(139)) - DatanodeDetails is persisted to /home/runner/work/ozone/ozone/hadoop-ozone/integration-test/target/test-dir/MiniOzoneClusterImpl-e7911277-7775-4457-96c8-94071a26a1ce/ozone-metadata/datanode-11/ozone-metadata/datanode.id
2025-10-16 19:47:25,775 [ForkJoinPool-1-worker-1] INFO  protocol.DatanodeDetails (DatanodeDetails.java:validateDatanodeIpAddress(199)) - Updating IP address of datanode e33e6ec4-6b66-4281-bedd-2bd75bd30070(localhost/null) to 127.0.0.1
2025-10-16 19:47:25,775 [ForkJoinPool-1-worker-1] INFO  ozone.HddsDatanodeService (HddsDatanodeService.java:start(236)) - HddsDatanodeService e33e6ec4-6b66-4281-bedd-2bd75bd30070(localhost/127.0.0.1)
2025-10-16 19:47:25,777 [ForkJoinPool-1-worker-1] INFO  upgrade.AbstractLayoutVersionManager (AbstractLayoutVersionManager.java:init(80)) - Initializing Layout version manager with metadata layout = WITNESSED_CONTAINER_DB_PROTO_VALUE (version = 9), software layout = WITNESSED_CONTAINER_DB_PROTO_VALUE (version = 9)
2025-10-16 19:47:25,778 [ForkJoinPool-1-worker-1] INFO  statemachine.DatanodeStateMachine (DatanodeStateMachine.java:getEndPointTaskThreadPoolSize(321)) - Datanode State Machine Task Thread Pool size 2
2025-10-16 19:47:25,780 [ForkJoinPool-1-worker-1] INFO  volume.HddsVolume (HddsVolume.java:<init>(162)) - HddsVolume: { id=DS-37ea402e-afc7-45d1-9ef0-9c542302459d dir=/home/runner/work/ozone/ozone/hadoop-ozone/integration-test/target/test-dir/MiniOzoneClusterImpl-e7911277-7775-4457-96c8-94071a26a1ce/ozone-metadata/datanode-12/data-0/hdds type=DISK capacity=9222449699674390527 used=0 available=9222449699674390527 minFree=184448985434423296 committed=0 }
2025-10-16 19:47:25,780 [ForkJoinPool-1-worker-1] INFO  volume.MutableVolumeSet (MutableVolumeSet.java:initializeVolumeSet(175)) - Added Volume : /home/runner/work/ozone/ozone/hadoop-ozone/integration-test/target/test-dir/MiniOzoneClusterImpl-e7911277-7775-4457-96c8-94071a26a1ce/ozone-metadata/datanode-12/data-0/hdds to VolumeSet
2025-10-16 19:47:25,781 [ForkJoinPool-1-worker-1] INFO  volume.MutableVolumeSet (MutableVolumeSet.java:initializeVolumeSet(175)) - Added Volume : /home/runner/work/ozone/ozone/hadoop-ozone/integration-test/target/test-dir/MiniOzoneClusterImpl-e7911277-7775-4457-96c8-94071a26a1ce/ozone-metadata/datanode-12/ratis to VolumeSet
2025-10-16 19:47:25,782 [ForkJoinPool-1-worker-1] INFO  ozoneimpl.OzoneContainer (HddsVolumeUtil.java:loadAllHddsVolumeDbStore(102)) - Load 1 volumes DbStore cost: 0ms
2025-10-16 19:47:25,782 [ForkJoinPool-1-worker-1] WARN  db.DBStoreBuilder (DBStoreBuilder.java:getDBDirPath(157)) - ozone.scm.datanode.id.dir is not configured. We recommend adding this setting. Falling back to ozone.metadata.dirs instead.
2025-10-16 19:47:25,783 | INFO  | SCMAudit | user=runner | ip=127.0.0.1 | op=GET_VERSION {} | ret=SUCCESS |  
2025-10-16 19:47:25,783 [ForkJoinPool-1-worker-1] WARN  db.DBStoreBuilder (DBStoreBuilder.java:getDBDirPath(157)) - ozone.scm.datanode.id.dir is not configured. We recommend adding this setting. Falling back to ozone.metadata.dirs instead.
2025-10-16 19:47:25,792 [IPC Server handler 8 on default port 15002] INFO  net.NetworkTopologyImpl (NetworkTopologyImpl.java:add(133)) - Added a new node: /default-rack/e072d245-7694-4d97-8e20-c503ebf8c2fe
2025-10-16 19:47:25,792 [IPC Server handler 8 on default port 15002] INFO  node.SCMNodeManager (SCMNodeManager.java:register(423)) - Registered datanode: e072d245-7694-4d97-8e20-c503ebf8c2fe{ip: 127.0.0.1, host: localhost, ports: [HTTP=15058, CLIENT_RPC=15059, REPLICATION=15065, RATIS=15061, RATIS_ADMIN=15062, RATIS_SERVER=15063, RATIS_DATASTREAM=15064, STANDALONE=15060], networkLocation: /default-rack, certSerialId: null, persistedOpState: null, persistedOpStateExpiryEpochSec: 0}
2025-10-16 19:47:25,793 [EventQueue-PipelineReportForOneReplicaPipelineSafeModeRule] INFO  safemode.SCMSafeModeManager (SCMSafeModeManager.java:validateSafeModeExitRules(138)) - OneReplicaPipelineSafeModeRule rule is successfully validated
2025-10-16 19:47:25,793 [EventQueue-ContainerRegistrationReportForECContainerSafeModeRule] INFO  safemode.SCMSafeModeManager (SCMSafeModeManager.java:validateSafeModeExitRules(138)) - ECContainerSafeModeRule rule is successfully validated
2025-10-16 19:47:25,793 [EventQueue-NewNodeForNewNodeHandler] INFO  pipeline.BackgroundPipelineCreator (BackgroundPipelineCreator.java:notifyEventTriggered(290)) - trigger a one-shot run on RatisPipelineUtilsThread.
2025-10-16 19:47:25,793 [EventQueue-ContainerRegistrationReportForRatisContainerSafeModeRule] INFO  safemode.SCMSafeModeManager (SCMSafeModeManager.java:validateSafeModeExitRules(138)) - RatisContainerSafeModeRule rule is successfully validated
2025-10-16 19:47:25,793 [EventQueue-NodeRegistrationContainerReportForDataNodeSafeModeRule] INFO  safemode.SCMSafeModeManager (SCMSafeModeManager.java:validateSafeModeExitRules(138)) - DataNodeSafeModeRule rule is successfully validated
2025-10-16 19:47:25,793 | INFO  | SCMAudit | user=runner | ip=127.0.0.1 | op=REGISTER {"datanodeDetails":"e072d245-7694-4d97-8e20-c503ebf8c2fe(localhost/127.0.0.1)"} | ret=SUCCESS |  
2025-10-16 19:47:25,795 [RatisPipelineUtilsThread-0] INFO  pipeline.RatisPipelineProvider (RatisPipelineProvider.java:lambda$create$0(208)) - Sending CreatePipelineCommand for pipeline:Pipeline-601a9733-5f65-4a12-8efd-961de130dc57 to datanode:e072d245-7694-4d97-8e20-c503ebf8c2fe(localhost/127.0.0.1)
2025-10-16 19:47:25,799 [bed9314d-2aab-40ad-9a80-177434bab325@group-94071A26A1CE-StateMachineUpdater] INFO  safemode.SCMSafeModeManager (SCMSafeModeManager.java:validateSafeModeExitRules(138)) - DataNodeSafeModeRule rule is successfully validated
2025-10-16 19:47:25,799 [bed9314d-2aab-40ad-9a80-177434bab325@group-94071A26A1CE-StateMachineUpdater] INFO  safemode.SCMSafeModeManager (SCMSafeModeManager.java:validateSafeModeExitRules(138)) - RatisContainerSafeModeRule rule is successfully validated
2025-10-16 19:47:25,799 [bed9314d-2aab-40ad-9a80-177434bab325@group-94071A26A1CE-StateMachineUpdater] INFO  safemode.HealthyPipelineSafeModeRule (HealthyPipelineSafeModeRule.java:initializeRule(226)) - Refreshed total pipeline count is 0, healthy pipeline threshold count is 1
2025-10-16 19:47:25,799 [bed9314d-2aab-40ad-9a80-177434bab325@group-94071A26A1CE-StateMachineUpdater] INFO  safemode.SCMSafeModeManager (SCMSafeModeManager.java:validateSafeModeExitRules(138)) - OneReplicaPipelineSafeModeRule rule is successfully validated
2025-10-16 19:47:25,799 [bed9314d-2aab-40ad-9a80-177434bab325@group-94071A26A1CE-StateMachineUpdater] INFO  safemode.SCMSafeModeManager (SCMSafeModeManager.java:validateSafeModeExitRules(138)) - ECContainerSafeModeRule rule is successfully validated
2025-10-16 19:47:25,800 [RatisPipelineUtilsThread-0] INFO  pipeline.BackgroundPipelineCreator (BackgroundPipelineCreator.java:createPipelines(246)) - Created new pipeline Pipeline{ Id: 601a9733-5f65-4a12-8efd-961de130dc57, Nodes: [ {e072d245-7694-4d97-8e20-c503ebf8c2fe(localhost/127.0.0.1), ReplicaIndex: 0},], ReplicationConfig: RATIS/ONE, State:ALLOCATED, leaderId:, CreationTimestamp2025-10-16T19:47:25.795553786Z[Etc/UTC]}
2025-10-16 19:47:25,802 [ForkJoinPool-1-worker-1] INFO  impl.FilePerChunkStrategy (FilePerChunkStrategy.java:<init>(79)) - ozone.chunk.read.mapped.buffer.max.count is load with 0
2025-10-16 19:47:25,802 [ForkJoinPool-1-worker-1] INFO  impl.FilePerBlockStrategy (FilePerBlockStrategy.java:<init>(88)) - ozone.chunk.read.mapped.buffer.max.count is load with 0
2025-10-16 19:47:25,803 [ForkJoinPool-1-worker-1] INFO  server.RaftServerConfigKeys (ConfUtils.java:logGet(62)) - raft.server.log.appender.buffer.byte-limit = 33554432 (custom)
2025-10-16 19:47:25,806 [ForkJoinPool-1-worker-1] INFO  grpc.GrpcConfigKeys (ConfUtils.java:logFallback(69)) - raft.grpc.admin.host = null (fallback to raft.grpc.server.host)
2025-10-16 19:47:25,806 [ForkJoinPool-1-worker-1] INFO  grpc.GrpcConfigKeys (ConfUtils.java:logGet(62)) - raft.grpc.admin.port = 15102 (custom)
2025-10-16 19:47:25,806 [ForkJoinPool-1-worker-1] INFO  grpc.GrpcConfigKeys (ConfUtils.java:logFallback(69)) - raft.grpc.client.host = null (fallback to raft.grpc.server.host)
2025-10-16 19:47:25,806 [ForkJoinPool-1-worker-1] INFO  grpc.GrpcConfigKeys (ConfUtils.java:logGet(62)) - raft.grpc.client.port = 15101 (custom)
2025-10-16 19:47:25,806 [ForkJoinPool-1-worker-1] INFO  grpc.GrpcConfigKeys (ConfUtils.java:logGet(62)) - raft.grpc.server.port = 15103 (custom)
2025-10-16 19:47:25,807 [ForkJoinPool-1-worker-1] INFO  server.GrpcServicesImpl (ConfUtils.java:logGet(62)) - raft.grpc.message.size.max = 34603008 (custom)
2025-10-16 19:47:25,807 [ForkJoinPool-1-worker-1] INFO  server.GrpcServicesImpl (ConfUtils.java:logGet(62)) - raft.grpc.flow.control.window = 5MB (=5242880) (custom)
2025-10-16 19:47:25,808 [ForkJoinPool-1-worker-1] INFO  server.RaftServerConfigKeys (ConfUtils.java:logGet(62)) - raft.server.log.appender.buffer.byte-limit = 33554432 (custom)
2025-10-16 19:47:25,811 [ForkJoinPool-1-worker-1] INFO  netty.NettyUtils (NettyUtils.java:newEventLoopGroup(74)) - Create EpollEventLoopGroup for e33e6ec4-6b66-4281-bedd-2bd75bd30070-NettyServerStreamRpc-bossGroup; Thread size is 0.
2025-10-16 19:47:25,812 [ForkJoinPool-1-worker-1] INFO  netty.NettyUtils (NettyUtils.java:newEventLoopGroup(74)) - Create EpollEventLoopGroup for e33e6ec4-6b66-4281-bedd-2bd75bd30070-NettyServerStreamRpc-workerGroup; Thread size is 0.
2025-10-16 19:47:25,812 [ForkJoinPool-1-worker-1] INFO  netty.NettyConfigKeys$DataStream (ConfUtils.java:logGet(62)) - raft.netty.dataStream.port = 15104 (custom)
2025-10-16 19:47:25,813 [ForkJoinPool-1-worker-1] INFO  server.RaftServerConfigKeys (ConfUtils.java:logGet(62)) - raft.server.storage.dir = [/home/runner/work/ozone/ozone/hadoop-ozone/integration-test/target/test-dir/MiniOzoneClusterImpl-e7911277-7775-4457-96c8-94071a26a1ce/ozone-metadata/datanode-12/ratis] (custom)
2025-10-16 19:47:25,813 [e33e6ec4-6b66-4281-bedd-2bd75bd30070-NettyServerStreamRpc-bossGroup--thread1] INFO  logging.LoggingHandler (AbstractInternalLogger.java:log(148)) - [id: 0x4e99a6f9] REGISTERED
2025-10-16 19:47:25,814 [e33e6ec4-6b66-4281-bedd-2bd75bd30070-NettyServerStreamRpc-bossGroup--thread1] INFO  logging.LoggingHandler (AbstractInternalLogger.java:log(148)) - [id: 0x4e99a6f9] BIND: 0.0.0.0/0.0.0.0:15104
2025-10-16 19:47:25,814 [e33e6ec4-6b66-4281-bedd-2bd75bd30070-NettyServerStreamRpc-bossGroup--thread1] INFO  logging.LoggingHandler (AbstractInternalLogger.java:log(148)) - [id: 0x4e99a6f9, L:/0.0.0.0:15104] ACTIVE
2025-10-16 19:47:25,814 [e33e6ec4-6b66-4281-bedd-2bd75bd30070-impl-thread1] INFO  server.RaftServer (RaftServerProxy.java:initGroupDir(270)) - e33e6ec4-6b66-4281-bedd-2bd75bd30070: found a subdirectory /home/runner/work/ozone/ozone/hadoop-ozone/integration-test/target/test-dir/MiniOzoneClusterImpl-e7911277-7775-4457-96c8-94071a26a1ce/ozone-metadata/datanode-12/ratis/tmp
2025-10-16 19:47:25,814 [e33e6ec4-6b66-4281-bedd-2bd75bd30070-impl-thread1] INFO  server.RaftServer (RaftServerProxy.java:initGroupDir(275)) - e33e6ec4-6b66-4281-bedd-2bd75bd30070: The directory /home/runner/work/ozone/ozone/hadoop-ozone/integration-test/target/test-dir/MiniOzoneClusterImpl-e7911277-7775-4457-96c8-94071a26a1ce/ozone-metadata/datanode-12/ratis/tmp is not a group directory; ignoring it. 
2025-10-16 19:47:25,814 [ForkJoinPool-1-worker-1] INFO  replication.ReplicationServer (ReplicationServer.java:<init>(84)) - Initializing replication server with thread count = 10 queue length = 4096
2025-10-16 19:47:25,816 [ForkJoinPool-1-worker-1] INFO  server.XceiverServerGrpc (XceiverServerGrpc.java:<init>(129)) - GrpcServer channel type EpollServerSocketChannel
2025-10-16 19:47:25,817 [ForkJoinPool-1-worker-1] INFO  replication.ReplicationSupervisor (ReplicationSupervisor.java:build(169)) - Initializing replication supervisor with thread count = 10
2025-10-16 19:47:25,817 [ForkJoinPool-1-worker-1] INFO  replication.ReplicationSupervisor (ReplicationSupervisor.java:nodeStateUpdated(358)) - Node state updated to IN_SERVICE, scaling executor pool size to 10
2025-10-16 19:47:25,819 [8a0fa2ff-b550-4652-b2fe-0cf91cd4a157-EndpointStateMachineTaskThread-/0.0.0.0:15002-0 ] INFO  utils.DatanodeStoreCache (DatanodeStoreCache.java:addDB(70)) - Added db /home/runner/work/ozone/ozone/hadoop-ozone/integration-test/target/test-dir/MiniOzoneClusterImpl-e7911277-7775-4457-96c8-94071a26a1ce/ozone-metadata/datanode-9/data-0/hdds/e7911277-7775-4457-96c8-94071a26a1ce/DS-4b9da6c6-5f33-4bcb-927a-a8e5d465a301/container.db to cache
2025-10-16 19:47:25,819 [8a0fa2ff-b550-4652-b2fe-0cf91cd4a157-EndpointStateMachineTaskThread-/0.0.0.0:15002-0 ] INFO  volume.HddsVolume (HddsVolume.java:createDbStore(576)) - SchemaV3 db is created and loaded at /home/runner/work/ozone/ozone/hadoop-ozone/integration-test/target/test-dir/MiniOzoneClusterImpl-e7911277-7775-4457-96c8-94071a26a1ce/ozone-metadata/datanode-9/data-0/hdds/e7911277-7775-4457-96c8-94071a26a1ce/DS-4b9da6c6-5f33-4bcb-927a-a8e5d465a301/container.db for volume DS-4b9da6c6-5f33-4bcb-927a-a8e5d465a301
2025-10-16 19:47:25,820 [ForkJoinPool-1-worker-1] INFO  http.BaseHttpServer (BaseHttpServer.java:newHttpServer2BuilderForOzone(227)) - Starting Web-server for hddsDatanode at: http://0.0.0.0:15098
2025-10-16 19:47:25,821 [ForkJoinPool-1-worker-1] INFO  http.BaseHttpServer (BaseHttpServer.java:<init>(105)) - Hadoop Security Enabled: false Ozone Security Enabled: false Ozone HTTP Security Enabled: false 
2025-10-16 19:47:25,821 [8a0fa2ff-b550-4652-b2fe-0cf91cd4a157-ContainerReader-0] INFO  ozoneimpl.ContainerReader (ContainerReader.java:readVolume(147)) - Start to verify containers on volume /home/runner/work/ozone/ozone/hadoop-ozone/integration-test/target/test-dir/MiniOzoneClusterImpl-e7911277-7775-4457-96c8-94071a26a1ce/ozone-metadata/datanode-9/data-0/hdds
2025-10-16 19:47:25,822 [8a0fa2ff-b550-4652-b2fe-0cf91cd4a157-ContainerReader-0] INFO  ozoneimpl.ContainerReader (ContainerReader.java:readVolume(177)) - Finish verifying containers on volume /home/runner/work/ozone/ozone/hadoop-ozone/integration-test/target/test-dir/MiniOzoneClusterImpl-e7911277-7775-4457-96c8-94071a26a1ce/ozone-metadata/datanode-9/data-0/hdds
2025-10-16 19:47:25,822 [8a0fa2ff-b550-4652-b2fe-0cf91cd4a157-EndpointStateMachineTaskThread-/0.0.0.0:15002-0 ] INFO  ozoneimpl.OzoneContainer (OzoneContainer.java:buildContainerSet(359)) - Build ContainerSet costs 0s
2025-10-16 19:47:25,822 [ForkJoinPool-1-worker-1] WARN  server.AuthenticationFilter (AuthenticationFilter.java:constructSecretProvider(240)) - Unable to initialize FileSignerSecretProvider, falling back to use random secrets. Reason: Could not read signature secret file: /home/runner/hadoop-http-auth-signature-secret
2025-10-16 19:47:25,822 [8a0fa2ff-b550-4652-b2fe-0cf91cd4a157-EndpointStateMachineTaskThread-/0.0.0.0:15002-0 ] INFO  volume.ThrottledAsyncChecker (ThrottledAsyncChecker.java:schedule(138)) - Scheduling a check for /home/runner/work/ozone/ozone/hadoop-ozone/integration-test/target/test-dir/MiniOzoneClusterImpl-e7911277-7775-4457-96c8-94071a26a1ce/ozone-metadata/datanode-9/data-0/hdds
2025-10-16 19:47:25,824 [8a0fa2ff-b550-4652-b2fe-0cf91cd4a157-EndpointStateMachineTaskThread-/0.0.0.0:15002-0 ] INFO  volume.StorageVolumeChecker (StorageVolumeChecker.java:checkAllVolumes(231)) - Scheduled health check for volume /home/runner/work/ozone/ozone/hadoop-ozone/integration-test/target/test-dir/MiniOzoneClusterImpl-e7911277-7775-4457-96c8-94071a26a1ce/ozone-metadata/datanode-9/data-0/hdds
2025-10-16 19:47:25,825 [ForkJoinPool-1-worker-1] INFO  http.HttpServer2 (HttpServer2.java:addGlobalFilter(1040)) - Added global filter 'safety' (class=org.apache.hadoop.hdds.server.http.HttpServer2$QuotingInputFilter)
2025-10-16 19:47:25,826 [ForkJoinPool-1-worker-1] INFO  http.HttpServer2 (HttpServer2.java:addFilter(1016)) - Added filter static_user_filter (class=org.apache.hadoop.http.lib.StaticUserWebFilter$StaticUserFilter) to context hddsDatanode
2025-10-16 19:47:25,826 [ForkJoinPool-1-worker-1] INFO  http.HttpServer2 (HttpServer2.java:addFilter(1024)) - Added filter static_user_filter (class=org.apache.hadoop.http.lib.StaticUserWebFilter$StaticUserFilter) to context static
2025-10-16 19:47:25,826 [ForkJoinPool-1-worker-1] INFO  http.HttpServer2 (HttpServer2.java:addFilter(1024)) - Added filter static_user_filter (class=org.apache.hadoop.http.lib.StaticUserWebFilter$StaticUserFilter) to context logs
2025-10-16 19:47:25,827 [ForkJoinPool-1-worker-1] INFO  http.BaseHttpServer (BaseHttpServer.java:<init>(193)) - HTTP server of hddsDatanode uses base directory /home/runner/work/ozone/ozone/hadoop-ozone/integration-test/target/test-dir/MiniOzoneClusterImpl-e7911277-7775-4457-96c8-94071a26a1ce/scm/ozone-metadata/webserver
2025-10-16 19:47:25,827 [ForkJoinPool-1-worker-1] INFO  http.HttpServer2 (HttpServer2.java:bindListener(1240)) - Jetty bound to port 15098
2025-10-16 19:47:25,827 [ForkJoinPool-1-worker-1] INFO  server.Server (Server.java:doStart(375)) - jetty-9.4.58.v20250814; built: 2025-08-14T02:28:49.637Z; git: 8f1440587e9e4ae7db3d74cf205643f3d707148d; jvm 21.0.8+9-LTS
2025-10-16 19:47:25,830 [8a0fa2ff-b550-4652-b2fe-0cf91cd4a157-EndpointStateMachineTaskThread-/0.0.0.0:15002-0 ] INFO  volume.ThrottledAsyncChecker (ThrottledAsyncChecker.java:schedule(138)) - Scheduling a check for /home/runner/work/ozone/ozone/hadoop-ozone/integration-test/target/test-dir/MiniOzoneClusterImpl-e7911277-7775-4457-96c8-94071a26a1ce/ozone-metadata/datanode-9/ratis
2025-10-16 19:47:25,830 [ForkJoinPool-1-worker-1] INFO  server.session (DefaultSessionIdManager.java:doStart(334)) - DefaultSessionIdManager workerName=node0
2025-10-16 19:47:25,830 [8a0fa2ff-b550-4652-b2fe-0cf91cd4a157-EndpointStateMachineTaskThread-/0.0.0.0:15002-0 ] INFO  volume.StorageVolumeChecker (StorageVolumeChecker.java:checkAllVolumes(231)) - Scheduled health check for volume /home/runner/work/ozone/ozone/hadoop-ozone/integration-test/target/test-dir/MiniOzoneClusterImpl-e7911277-7775-4457-96c8-94071a26a1ce/ozone-metadata/datanode-9/ratis
2025-10-16 19:47:25,831 [ForkJoinPool-1-worker-1] INFO  server.session (DefaultSessionIdManager.java:doStart(339)) - No SessionScavenger set, using defaults
2025-10-16 19:47:25,831 [ForkJoinPool-1-worker-1] INFO  server.session (HouseKeeper.java:startScavenging(132)) - node0 Scavenging every 600000ms
2025-10-16 19:47:25,831 [8a0fa2ff-b550-4652-b2fe-0cf91cd4a157-EndpointStateMachineTaskThread-/0.0.0.0:15002-0 ] INFO  ozoneimpl.OzoneContainer (OzoneContainer.java:start(544)) - Attempting to start container services.
2025-10-16 19:47:25,831 [ForkJoinPool-1-worker-1] INFO  handler.ContextHandler (ContextHandler.java:doStart(921)) - Started o.e.j.s.ServletContextHandler@1a70e54d{logs,/logs,file:///home/runner/work/ozone/ozone/hadoop-ozone/integration-test/target/log,AVAILABLE}
2025-10-16 19:47:25,832 [ForkJoinPool-1-worker-1] INFO  handler.ContextHandler (ContextHandler.java:doStart(921)) - Started o.e.j.s.ServletContextHandler@77df90fa{static,/static,jar:file:/home/runner/work/ozone/ozone/hadoop-hdds/container-service/target/hdds-container-service-2.1.0-SNAPSHOT.jar!/webapps/static,AVAILABLE}
2025-10-16 19:47:25,835 [ContainerMetadataScanner] INFO  ozoneimpl.AbstractBackgroundContainerScanner (AbstractBackgroundContainerScanner.java:runIteration(89)) - Completed an iteration in 0 minutes. Number of iterations (since the data-node restart) : 1, Number of containers scanned in this iteration : 0, Number of unhealthy containers found in this iteration : 0
2025-10-16 19:47:25,835 [ContainerDataScanner(/home/runner/work/ozone/ozone/hadoop-ozone/integration-test/target/test-dir/MiniOzoneClusterImpl-e7911277-7775-4457-96c8-94071a26a1ce/ozone-metadata/datanode-9/data-0/hdds)] INFO  ozoneimpl.AbstractBackgroundContainerScanner (AbstractBackgroundContainerScanner.java:runIteration(89)) - Completed an iteration in 0 minutes. Number of iterations (since the data-node restart) : 1, Number of containers scanned in this iteration : 0, Number of unhealthy containers found in this iteration : 0
2025-10-16 19:47:25,836 [8a0fa2ff-b550-4652-b2fe-0cf91cd4a157-EndpointStateMachineTaskThread-/0.0.0.0:15002-0 ] INFO  replication.ReplicationServer (ReplicationServer.java:start(137)) - ReplicationServer is started using port 15081
2025-10-16 19:47:25,836 [8a0fa2ff-b550-4652-b2fe-0cf91cd4a157-EndpointStateMachineTaskThread-/0.0.0.0:15002-0 ] INFO  ratis.XceiverServerRatis (XceiverServerRatis.java:start(559)) - Starting XceiverServerRatis(8a0fa2ff-b550-4652-b2fe-0cf91cd4a157)
2025-10-16 19:47:25,838 [8a0fa2ff-b550-4652-b2fe-0cf91cd4a157-EndpointStateMachineTaskThread-/0.0.0.0:15002-0 ] INFO  server.RaftServer (RaftServerProxy.java:startImpl(412)) - 8a0fa2ff-b550-4652-b2fe-0cf91cd4a157: start RPC server
2025-10-16 19:47:25,838 [8a0fa2ff-b550-4652-b2fe-0cf91cd4a157-EndpointStateMachineTaskThread-/0.0.0.0:15002-0 ] INFO  server.GrpcServicesImpl (GrpcServicesImpl.java:startImpl(346)) - 8a0fa2ff-b550-4652-b2fe-0cf91cd4a157: GrpcServicesImpl started, listening on 15077
2025-10-16 19:47:25,840 [8a0fa2ff-b550-4652-b2fe-0cf91cd4a157-EndpointStateMachineTaskThread-/0.0.0.0:15002-0 ] INFO  server.GrpcServicesImpl (GrpcServicesImpl.java:startImpl(346)) - 8a0fa2ff-b550-4652-b2fe-0cf91cd4a157: GrpcServicesImpl started, listening on 15079
2025-10-16 19:47:25,841 [8a0fa2ff-b550-4652-b2fe-0cf91cd4a157-EndpointStateMachineTaskThread-/0.0.0.0:15002-0 ] INFO  server.GrpcServicesImpl (GrpcServicesImpl.java:startImpl(346)) - 8a0fa2ff-b550-4652-b2fe-0cf91cd4a157: GrpcServicesImpl started, listening on 15078
2025-10-16 19:47:25,842 | INFO  | SCMAudit | user=runner | ip=127.0.0.1 | op=SEND_HEARTBEAT {"datanodeUUID":"8a3c3252-9afe-4d3a-8492-25be6557678a","term":"2","command":"[]"} | ret=SUCCESS |  
2025-10-16 19:47:25,843 [JvmPauseMonitor11] INFO  util.JvmPauseMonitor (JvmPauseMonitor.java:run(146)) - JvmPauseMonitor-8a0fa2ff-b550-4652-b2fe-0cf91cd4a157: Started
2025-10-16 19:47:25,843 [8a0fa2ff-b550-4652-b2fe-0cf91cd4a157-EndpointStateMachineTaskThread-/0.0.0.0:15002-0 ] INFO  ratis.XceiverServerRatis (XceiverServerRatis.java:getRealPort(586)) - XceiverServerRatis(8a0fa2ff-b550-4652-b2fe-0cf91cd4a157) is started using port RATIS=15077
2025-10-16 19:47:25,843 [8a0fa2ff-b550-4652-b2fe-0cf91cd4a157-EndpointStateMachineTaskThread-/0.0.0.0:15002-0 ] INFO  ratis.XceiverServerRatis (XceiverServerRatis.java:getRealPort(586)) - XceiverServerRatis(8a0fa2ff-b550-4652-b2fe-0cf91cd4a157) is started using port RATIS_ADMIN=15078
2025-10-16 19:47:25,843 [8a0fa2ff-b550-4652-b2fe-0cf91cd4a157-EndpointStateMachineTaskThread-/0.0.0.0:15002-0 ] INFO  ratis.XceiverServerRatis (XceiverServerRatis.java:getRealPort(586)) - XceiverServerRatis(8a0fa2ff-b550-4652-b2fe-0cf91cd4a157) is started using port RATIS_SERVER=15079
2025-10-16 19:47:25,843 [8a0fa2ff-b550-4652-b2fe-0cf91cd4a157-EndpointStateMachineTaskThread-/0.0.0.0:15002-0 ] INFO  ratis.XceiverServerRatis (XceiverServerRatis.java:getRealPort(586)) - XceiverServerRatis(8a0fa2ff-b550-4652-b2fe-0cf91cd4a157) is started using port RATIS_DATASTREAM=15080
2025-10-16 19:47:25,844 [8a0fa2ff-b550-4652-b2fe-0cf91cd4a157-EndpointStateMachineTaskThread-/0.0.0.0:15002-0 ] INFO  utils.BackgroundService (BackgroundService.java:start(119)) - Starting service BlockDeletingService with interval 60000 milliseconds
2025-10-16 19:47:25,845 [8a0fa2ff-b550-4652-b2fe-0cf91cd4a157-EndpointStateMachineTaskThread-/0.0.0.0:15002-0 ] INFO  utils.BackgroundService (BackgroundService.java:start(119)) - Starting service StaleRecoveringContainerScrubbingService with interval 60000 milliseconds
2025-10-16 19:47:25,999 [ForkJoinPool-1-worker-1] INFO  handler.ContextHandler (ContextHandler.java:doStart(921)) - Started o.e.j.w.WebAppContext@7e6b825e{hddsDatanode,/,file:///home/runner/work/ozone/ozone/hadoop-ozone/integration-test/target/test-dir/MiniOzoneClusterImpl-e7911277-7775-4457-96c8-94071a26a1ce/scm/ozone-metadata/webserver/jetty-0_0_0_0-15098-hdds-container-service-2_1_0-SNAPSHOT_jar-_-any-14950340691154549801/webapp/,AVAILABLE}{jar:file:/home/runner/work/ozone/ozone/hadoop-hdds/container-service/target/hdds-container-service-2.1.0-SNAPSHOT.jar!/webapps/hddsDatanode}
2025-10-16 19:47:25,999 | INFO  | SCMAudit | user=runner | ip=127.0.0.1 | op=SEND_HEARTBEAT {"datanodeUUID":"0428ab3f-efd5-438e-ae11-9ec242443260","term":"2","command":"[commandType: createPipelineCommand createPipelineCommandProto { pipelineID { id: \"2f9f1949-6567-4039-bf12-40aa573c6a0c\" uuid128 { mostSigBits: 3431489244104179769 leastSigBits: -4678605962532328948 } } type: RATIS factor: ONE datanode { uuid: \"0428ab3f-efd5-438e-ae11-9ec242443260\" ipAddress: \"127.0.0.1\" hostName: \"localhost\" ports { name: \"HTTP\" value: 15050 } ports { name: \"CLIENT_RPC\" value: 15051 } ports { name: \"REPLICATION\" value: 15057 } ports { name: \"RATIS\" value: 15053 } ports { name: \"RATIS_ADMIN\" value: 15054 } ports { name: \"RATIS_SERVER\" value: 15055 } ports { name: \"RATIS_DATASTREAM\" value: 15056 } ports { name: \"STANDALONE\" value: 15052 } networkName: \"0428ab3f-efd5-438e-ae11-9ec242443260\" networkLocation: \"/default-rack\" persistedOpState: IN_SERVICE persistedOpStateExpiry: 0 currentVersion: 2 uuid128 { mostSigBits: 299677666315158414 leastSigBits: -5903763079333399968 } level: 3 id { uuid { mostSigBits: 299677666315158414 leastSigBits: -5903763079333399968 } } } cmdId: 1760644044133 priority: 1 } term: 2 encodedToken: \"\" deadlineMsSinceEpoch: 0, commandType: createPipelineCommand createPipelineCommandProto { pipelineID { id: \"89e8a9f4-f695-4aaa-9f83-b5fe3e1435f4\" uuid128 { mostSigBits: -8509364626342458710 leastSigBits: -6952513296162081292 } } type: RATIS factor: THREE datanode { uuid: \"58cff6b7-b2a7-446b-a75a-bb98ad6b11b8\" ipAddress: \"127.0.0.1\" hostName: \"localhost\" ports { name: \"HTTP\" value: 15042 } ports { name: \"CLIENT_RPC\" value: 15043 } ports { name: \"REPLICATION\" value: 15049 } ports { name: \"RATIS\" value: 15045 } ports { name: \"RATIS_ADMIN\" value: 15046 } ports { name: \"RATIS_SERVER\" value: 15047 } ports { name: \"RATIS_DATASTREAM\" value: 15048 } ports { name: \"STANDALONE\" value: 15044 } networkName: \"58cff6b7-b2a7-446b-a75a-bb98ad6b11b8\" networkLocation: \"/default-rack\" persistedOpState: IN_SERVICE persistedOpStateExpiry: 0 currentVersion: 2 uuid128 { mostSigBits: 6399604864353518699 leastSigBits: -6387586857052728904 } level: 3 id { uuid { mostSigBits: 6399604864353518699 leastSigBits: -6387586857052728904 } } } datanode { uuid: \"aa213937-adc5-47da-a770-0ee1e4664344\" ipAddress: \"127.0.0.1\" hostName: \"localhost\" ports { name: \"HTTP\" value: 15034 } ports { name: \"CLIENT_RPC\" value: 15035 } ports { name: \"REPLICATION\" value: 15041 } ports { name: \"RATIS\" value: 15037 } ports { name: \"RATIS_ADMIN\" value: 15038 } ports { name: \"RATIS_SERVER\" value: 15039 } ports { name: \"RATIS_DATASTREAM\" value: 15040 } ports { name: \"STANDALONE\" value: 15036 } networkName: \"aa213937-adc5-47da-a770-0ee1e4664344\" networkLocation: \"/default-rack\" persistedOpState: IN_SERVICE persistedOpStateExpiry: 0 currentVersion: 2 uuid128 { mostSigBits: -6187601501728978982 leastSigBits: -6381584308621655228 } level: 3 id { uuid { mostSigBits: -6187601501728978982 leastSigBits: -6381584308621655228 } } } datanode { uuid: \"0428ab3f-efd5-438e-ae11-9ec242443260\" ipAddress: \"127.0.0.1\" hostName: \"localhost\" ports { name: \"HTTP\" value: 15050 } ports { name: \"CLIENT_RPC\" value: 15051 } ports { name: \"REPLICATION\" value: 15057 } ports { name: \"RATIS\" value: 15053 } ports { name: \"RATIS_ADMIN\" value: 15054 } ports { name: \"RATIS_SERVER\" value: 15055 } ports { name: \"RATIS_DATASTREAM\" value: 15056 } ports { name: \"STANDALONE\" value: 15052 } networkName: \"0428ab3f-efd5-438e-ae11-9ec242443260\" networkLocation: \"/default-rack\" persistedOpState: IN_SERVICE persistedOpStateExpiry: 0 currentVersion: 2 uuid128 { mostSigBits: 299677666315158414 leastSigBits: -5903763079333399968 } level: 3 id { uuid { mostSigBits: 299677666315158414 leastSigBits: -5903763079333399968 } } } cmdId: 1760644044134 priority: 1 priority: 0 priority: 0 } term: 2 encodedToken: \"\" deadlineMsSinceEpoch: 0, commandType: createPipelineCommand createPipelineCommandProto { pipelineID { id: \"3eff9fe2-c62c-48a6-bb56-8c9103a5e9b1\" uuid128 { mostSigBits: 4539522745748965542 leastSigBits: -4947612586160559695 } } type: RATIS factor: THREE datanode { uuid: \"58cff6b7-b2a7-446b-a75a-bb98ad6b11b8\" ipAddress: \"127.0.0.1\" hostName: \"localhost\" ports { name: \"HTTP\" value: 15042 } ports { name: \"CLIENT_RPC\" value: 15043 } ports { name: \"REPLICATION\" value: 15049 } ports { name: \"RATIS\" value: 15045 } ports { name: \"RATIS_ADMIN\" value: 15046 } ports { name: \"RATIS_SERVER\" value: 15047 } ports { name: \"RATIS_DATASTREAM\" value: 15048 } ports { name: \"STANDALONE\" value: 15044 } networkName: \"58cff6b7-b2a7-446b-a75a-bb98ad6b11b8\" networkLocation: \"/default-rack\" persistedOpState: IN_SERVICE persistedOpStateExpiry: 0 currentVersion: 2 uuid128 { mostSigBits: 6399604864353518699 leastSigBits: -6387586857052728904 } level: 3 id { uuid { mostSigBits: 6399604864353518699 leastSigBits: -6387586857052728904 } } } datanode { uuid: \"0428ab3f-efd5-438e-ae11-9ec242443260\" ipAddress: \"127.0.0.1\" hostName: \"localhost\" ports { name: \"HTTP\" value: 15050 } ports { name: \"CLIENT_RPC\" value: 15051 } ports { name: \"REPLICATION\" value: 15057 } ports { name: \"RATIS\" value: 15053 } ports { name: \"RATIS_ADMIN\" value: 15054 } ports { name: \"RATIS_SERVER\" value: 15055 } ports { name: \"RATIS_DATASTREAM\" value: 15056 } ports { name: \"STANDALONE\" value: 15052 } networkName: \"0428ab3f-efd5-438e-ae11-9ec242443260\" networkLocation: \"/default-rack\" persistedOpState: IN_SERVICE persistedOpStateExpiry: 0 currentVersion: 2 uuid128 { mostSigBits: 299677666315158414 leastSigBits: -5903763079333399968 } level: 3 id { uuid { mostSigBits: 299677666315158414 leastSigBits: -5903763079333399968 } } } datanode { uuid: \"aa213937-adc5-47da-a770-0ee1e4664344\" ipAddress: \"127.0.0.1\" hostName: \"localhost\" ports { name: \"HTTP\" value: 15034 } ports { name: \"CLIENT_RPC\" value: 15035 } ports { name: \"REPLICATION\" value: 15041 } ports { name: \"RATIS\" value: 15037 } ports { name: \"RATIS_ADMIN\" value: 15038 } ports { name: \"RATIS_SERVER\" value: 15039 } ports { name: \"RATIS_DATASTREAM\" value: 15040 } ports { name: \"STANDALONE\" value: 15036 } networkName: \"aa213937-adc5-47da-a770-0ee1e4664344\" networkLocation: \"/default-rack\" persistedOpState: IN_SERVICE persistedOpStateExpiry: 0 currentVersion: 2 uuid128 { mostSigBits: -6187601501728978982 leastSigBits: -6381584308621655228 } level: 3 id { uuid { mostSigBits: -6187601501728978982 leastSigBits: -6381584308621655228 } } } cmdId: 1760644044135 priority: 0 priority: 0 priority: 1 } term: 2 encodedToken: \"\" deadlineMsSinceEpoch: 0]"} | ret=SUCCESS |  
2025-10-16 19:47:26,000 [ForkJoinPool-1-worker-1] INFO  server.AbstractConnector (AbstractConnector.java:doStart(333)) - Started ServerConnector@7cebade9{HTTP/1.1, (http/1.1)}{0.0.0.0:15098}
2025-10-16 19:47:26,000 [ForkJoinPool-1-worker-1] INFO  server.Server (Server.java:doStart(415)) - Started @13853ms
2025-10-16 19:47:26,000 [ForkJoinPool-1-worker-1] WARN  impl.MetricsSystemImpl (MetricsSystemImpl.java:register(279)) - Sink prometheus already exists!
2025-10-16 19:47:26,000 [ForkJoinPool-1-worker-1] INFO  http.BaseHttpServer (BaseHttpServer.java:updateConnectorAddress(357)) - HTTP server of hddsDatanode listening at http://localhost:15098
2025-10-16 19:47:26,001 [ForkJoinPool-1-worker-1] INFO  ipc.CallQueueManager (CallQueueManager.java:<init>(93)) - Using callQueue: class java.util.concurrent.LinkedBlockingQueue, queueCapacity: 1000, scheduler: class org.apache.hadoop.ipc.DefaultRpcScheduler, ipcBackoff: false, ipcFailOver: false.
2025-10-16 19:47:26,001 [ForkJoinPool-1-worker-1] INFO  ipc.Server (Server.java:<init>(1438)) - Listener at 0.0.0.0:15099
2025-10-16 19:47:26,002 [Socket Reader #1 for port 15099] INFO  ipc.Server (Server.java:run(1474)) - Starting Socket Reader #1 for port 15099
2025-10-16 19:47:26,002 [Socket Reader #2 for port 15099] INFO  ipc.Server (Server.java:run(1474)) - Starting Socket Reader #2 for port 15099
2025-10-16 19:47:26,003 [Socket Reader #3 for port 15099] INFO  ipc.Server (Server.java:run(1474)) - Starting Socket Reader #3 for port 15099
2025-10-16 19:47:26,004 [Socket Reader #4 for port 15099] INFO  ipc.Server (Server.java:run(1474)) - Starting Socket Reader #4 for port 15099
2025-10-16 19:47:26,004 [Socket Reader #5 for port 15099] INFO  ipc.Server (Server.java:run(1474)) - Starting Socket Reader #5 for port 15099
2025-10-16 19:47:26,004 [Socket Reader #6 for port 15099] INFO  ipc.Server (Server.java:run(1474)) - Starting Socket Reader #6 for port 15099
2025-10-16 19:47:26,005 [Socket Reader #7 for port 15099] INFO  ipc.Server (Server.java:run(1474)) - Starting Socket Reader #7 for port 15099
2025-10-16 19:47:26,005 [Socket Reader #8 for port 15099] INFO  ipc.Server (Server.java:run(1474)) - Starting Socket Reader #8 for port 15099
2025-10-16 19:47:26,006 [Socket Reader #9 for port 15099] INFO  ipc.Server (Server.java:run(1474)) - Starting Socket Reader #9 for port 15099
2025-10-16 19:47:26,006 [Socket Reader #10 for port 15099] INFO  ipc.Server (Server.java:run(1474)) - Starting Socket Reader #10 for port 15099
2025-10-16 19:47:26,008 [ForkJoinPool-1-worker-1] INFO  ozone.HddsDatanodeService (HddsDatanodeService.java:start(333)) - Datanode start with admins: [admin, runner]
2025-10-16 19:47:26,008 [ForkJoinPool-1-worker-1] INFO  ozone.HddsDatanodeClientProtocolServer (HddsDatanodeClientProtocolServer.java:start(76)) - RPC server for Client /0.0.0.0:15099
2025-10-16 19:47:26,009 [IPC Server Responder] INFO  ipc.Server (Server.java:run(1713)) - IPC Server Responder: starting
2025-10-16 19:47:26,009 [IPC Server listener on 15099] INFO  ipc.Server (Server.java:run(1553)) - IPC Server listener on 15099: starting
2025-10-16 19:47:26,011 [ForkJoinPool-1-worker-1] WARN  dropwizard3.Dm3MetricRegistriesImpl (Dm3MetricRegistriesImpl.java:addReporterRegistration(114)) - New reporters are added after registries were created. Some metrics will be missing from the reporter. Please add reporter before adding any new registry.
2025-10-16 19:47:26,011 [ForkJoinPool-1-worker-1] WARN  dropwizard3.Dm3MetricRegistriesImpl (Dm3MetricRegistriesImpl.java:addReporterRegistration(114)) - New reporters are added after registries were created. Some metrics will be missing from the reporter. Please add reporter before adding any new registry.
2025-10-16 19:47:26,012 [e33e6ec4-6b66-4281-bedd-2bd75bd30070-DatanodeStateMachineDaemonThread] INFO  statemachine.DatanodeStateMachine (DatanodeStateMachine.java:startStateMachineThread(363)) - Ozone container server started.
2025-10-16 19:47:26,016 [e33e6ec4-6b66-4281-bedd-2bd75bd30070-DatanodeStateMachineTaskThread-0] INFO  datanode.InitDatanodeState (InitDatanodeState.java:persistContainerDatanodeDetails(139)) - DatanodeDetails is persisted to /home/runner/work/ozone/ozone/hadoop-ozone/integration-test/target/test-dir/MiniOzoneClusterImpl-e7911277-7775-4457-96c8-94071a26a1ce/ozone-metadata/datanode-12/ozone-metadata/datanode.id
2025-10-16 19:47:26,031 | INFO  | SCMAudit | user=runner | ip=127.0.0.1 | op=GET_VERSION {} | ret=SUCCESS |  
2025-10-16 19:47:26,032 [ForkJoinPool-1-worker-1] INFO  protocol.DatanodeDetails (DatanodeDetails.java:validateDatanodeIpAddress(199)) - Updating IP address of datanode c0724e9c-0dd4-4d47-992c-7bfe285fdd38(localhost/null) to 127.0.0.1
2025-10-16 19:47:26,033 [ForkJoinPool-1-worker-1] INFO  ozone.HddsDatanodeService (HddsDatanodeService.java:start(236)) - HddsDatanodeService c0724e9c-0dd4-4d47-992c-7bfe285fdd38(localhost/127.0.0.1)
2025-10-16 19:47:26,034 [IPC Server handler 5 on default port 15002] INFO  net.NetworkTopologyImpl (NetworkTopologyImpl.java:add(133)) - Added a new node: /default-rack/76d4ba71-5bbb-4b24-8f51-8bc7f78aaca4
2025-10-16 19:47:26,034 [ForkJoinPool-1-worker-1] INFO  upgrade.AbstractLayoutVersionManager (AbstractLayoutVersionManager.java:init(80)) - Initializing Layout version manager with metadata layout = WITNESSED_CONTAINER_DB_PROTO_VALUE (version = 9), software layout = WITNESSED_CONTAINER_DB_PROTO_VALUE (version = 9)
2025-10-16 19:47:26,035 [IPC Server handler 5 on default port 15002] INFO  node.SCMNodeManager (SCMNodeManager.java:register(423)) - Registered datanode: 76d4ba71-5bbb-4b24-8f51-8bc7f78aaca4{ip: 127.0.0.1, host: localhost, ports: [HTTP=15066, CLIENT_RPC=15067, REPLICATION=15073, RATIS=15069, RATIS_ADMIN=15070, RATIS_SERVER=15071, RATIS_DATASTREAM=15072, STANDALONE=15068], networkLocation: /default-rack, certSerialId: null, persistedOpState: null, persistedOpStateExpiryEpochSec: 0}
2025-10-16 19:47:26,035 [EventQueue-PipelineReportForOneReplicaPipelineSafeModeRule] INFO  safemode.SCMSafeModeManager (SCMSafeModeManager.java:validateSafeModeExitRules(138)) - OneReplicaPipelineSafeModeRule rule is successfully validated
2025-10-16 19:47:26,035 [ForkJoinPool-1-worker-1] INFO  statemachine.DatanodeStateMachine (DatanodeStateMachine.java:getEndPointTaskThreadPoolSize(321)) - Datanode State Machine Task Thread Pool size 2
2025-10-16 19:47:26,035 | INFO  | SCMAudit | user=runner | ip=127.0.0.1 | op=REGISTER {"datanodeDetails":"76d4ba71-5bbb-4b24-8f51-8bc7f78aaca4(localhost/127.0.0.1)"} | ret=SUCCESS |  
2025-10-16 19:47:26,035 [EventQueue-NodeRegistrationContainerReportForDataNodeSafeModeRule] INFO  safemode.SCMSafeModeManager (SCMSafeModeManager.java:validateSafeModeExitRules(138)) - DataNodeSafeModeRule rule is successfully validated
2025-10-16 19:47:26,036 [EventQueue-ContainerRegistrationReportForRatisContainerSafeModeRule] INFO  safemode.SCMSafeModeManager (SCMSafeModeManager.java:validateSafeModeExitRules(138)) - RatisContainerSafeModeRule rule is successfully validated
2025-10-16 19:47:26,036 [EventQueue-NewNodeForNewNodeHandler] INFO  pipeline.BackgroundPipelineCreator (BackgroundPipelineCreator.java:notifyEventTriggered(290)) - trigger a one-shot run on RatisPipelineUtilsThread.
2025-10-16 19:47:26,038 [ForkJoinPool-1-worker-1] INFO  volume.HddsVolume (HddsVolume.java:<init>(162)) - HddsVolume: { id=DS-81fdb94d-8751-40c1-91ee-d06f66144b56 dir=/home/runner/work/ozone/ozone/hadoop-ozone/integration-test/target/test-dir/MiniOzoneClusterImpl-e7911277-7775-4457-96c8-94071a26a1ce/ozone-metadata/datanode-13/data-0/hdds type=DISK capacity=9222449699674390527 used=0 available=9222449699674390527 minFree=184448985434423296 committed=0 }
2025-10-16 19:47:26,038 [ForkJoinPool-1-worker-1] INFO  volume.MutableVolumeSet (MutableVolumeSet.java:initializeVolumeSet(175)) - Added Volume : /home/runner/work/ozone/ozone/hadoop-ozone/integration-test/target/test-dir/MiniOzoneClusterImpl-e7911277-7775-4457-96c8-94071a26a1ce/ozone-metadata/datanode-13/data-0/hdds to VolumeSet
2025-10-16 19:47:26,038 [EventQueue-ContainerRegistrationReportForECContainerSafeModeRule] INFO  safemode.SCMSafeModeManager (SCMSafeModeManager.java:validateSafeModeExitRules(138)) - ECContainerSafeModeRule rule is successfully validated
2025-10-16 19:47:26,039 [RatisPipelineUtilsThread-0] INFO  pipeline.RatisPipelineProvider (RatisPipelineProvider.java:lambda$create$0(208)) - Sending CreatePipelineCommand for pipeline:Pipeline-eaa70320-3453-42e2-a14a-ef706a04258b to datanode:76d4ba71-5bbb-4b24-8f51-8bc7f78aaca4(localhost/127.0.0.1)
2025-10-16 19:47:26,039 [ForkJoinPool-1-worker-1] INFO  volume.MutableVolumeSet (MutableVolumeSet.java:initializeVolumeSet(175)) - Added Volume : /home/runner/work/ozone/ozone/hadoop-ozone/integration-test/target/test-dir/MiniOzoneClusterImpl-e7911277-7775-4457-96c8-94071a26a1ce/ozone-metadata/datanode-13/ratis to VolumeSet
2025-10-16 19:47:26,040 [ForkJoinPool-1-worker-1] INFO  ozoneimpl.OzoneContainer (HddsVolumeUtil.java:loadAllHddsVolumeDbStore(102)) - Load 1 volumes DbStore cost: 0ms
2025-10-16 19:47:26,040 [ForkJoinPool-1-worker-1] WARN  db.DBStoreBuilder (DBStoreBuilder.java:getDBDirPath(157)) - ozone.scm.datanode.id.dir is not configured. We recommend adding this setting. Falling back to ozone.metadata.dirs instead.
2025-10-16 19:47:26,041 [ForkJoinPool-1-worker-1] WARN  db.DBStoreBuilder (DBStoreBuilder.java:getDBDirPath(157)) - ozone.scm.datanode.id.dir is not configured. We recommend adding this setting. Falling back to ozone.metadata.dirs instead.
2025-10-16 19:47:26,044 [bed9314d-2aab-40ad-9a80-177434bab325@group-94071A26A1CE-StateMachineUpdater] INFO  safemode.SCMSafeModeManager (SCMSafeModeManager.java:validateSafeModeExitRules(138)) - DataNodeSafeModeRule rule is successfully validated
2025-10-16 19:47:26,044 [bed9314d-2aab-40ad-9a80-177434bab325@group-94071A26A1CE-StateMachineUpdater] INFO  safemode.SCMSafeModeManager (SCMSafeModeManager.java:validateSafeModeExitRules(138)) - RatisContainerSafeModeRule rule is successfully validated
2025-10-16 19:47:26,045 [bed9314d-2aab-40ad-9a80-177434bab325@group-94071A26A1CE-StateMachineUpdater] INFO  safemode.HealthyPipelineSafeModeRule (HealthyPipelineSafeModeRule.java:initializeRule(226)) - Refreshed total pipeline count is 0, healthy pipeline threshold count is 1
2025-10-16 19:47:26,046 [bed9314d-2aab-40ad-9a80-177434bab325@group-94071A26A1CE-StateMachineUpdater] INFO  safemode.SCMSafeModeManager (SCMSafeModeManager.java:validateSafeModeExitRules(138)) - OneReplicaPipelineSafeModeRule rule is successfully validated
2025-10-16 19:47:26,046 [bed9314d-2aab-40ad-9a80-177434bab325@group-94071A26A1CE-StateMachineUpdater] INFO  safemode.SCMSafeModeManager (SCMSafeModeManager.java:validateSafeModeExitRules(138)) - ECContainerSafeModeRule rule is successfully validated
2025-10-16 19:47:26,047 [RatisPipelineUtilsThread-0] INFO  pipeline.BackgroundPipelineCreator (BackgroundPipelineCreator.java:createPipelines(246)) - Created new pipeline Pipeline{ Id: eaa70320-3453-42e2-a14a-ef706a04258b, Nodes: [ {76d4ba71-5bbb-4b24-8f51-8bc7f78aaca4(localhost/127.0.0.1), ReplicaIndex: 0},], ReplicationConfig: RATIS/ONE, State:ALLOCATED, leaderId:, CreationTimestamp2025-10-16T19:47:26.039417976Z[Etc/UTC]}
2025-10-16 19:47:26,057 [ForkJoinPool-1-worker-1] INFO  impl.FilePerChunkStrategy (FilePerChunkStrategy.java:<init>(79)) - ozone.chunk.read.mapped.buffer.max.count is load with 0
2025-10-16 19:47:26,057 [ForkJoinPool-1-worker-1] INFO  impl.FilePerBlockStrategy (FilePerBlockStrategy.java:<init>(88)) - ozone.chunk.read.mapped.buffer.max.count is load with 0
2025-10-16 19:47:26,058 [ForkJoinPool-1-worker-1] INFO  server.RaftServerConfigKeys (ConfUtils.java:logGet(62)) - raft.server.log.appender.buffer.byte-limit = 33554432 (custom)
2025-10-16 19:47:26,060 [ForkJoinPool-1-worker-1] INFO  grpc.GrpcConfigKeys (ConfUtils.java:logFallback(69)) - raft.grpc.admin.host = null (fallback to raft.grpc.server.host)
2025-10-16 19:47:26,060 [ForkJoinPool-1-worker-1] INFO  grpc.GrpcConfigKeys (ConfUtils.java:logGet(62)) - raft.grpc.admin.port = 15110 (custom)
2025-10-16 19:47:26,060 [ForkJoinPool-1-worker-1] INFO  grpc.GrpcConfigKeys (ConfUtils.java:logFallback(69)) - raft.grpc.client.host = null (fallback to raft.grpc.server.host)
2025-10-16 19:47:26,060 [ForkJoinPool-1-worker-1] INFO  grpc.GrpcConfigKeys (ConfUtils.java:logGet(62)) - raft.grpc.client.port = 15109 (custom)
2025-10-16 19:47:26,060 [ForkJoinPool-1-worker-1] INFO  grpc.GrpcConfigKeys (ConfUtils.java:logGet(62)) - raft.grpc.server.port = 15111 (custom)
2025-10-16 19:47:26,060 [ForkJoinPool-1-worker-1] INFO  server.GrpcServicesImpl (ConfUtils.java:logGet(62)) - raft.grpc.message.size.max = 34603008 (custom)
2025-10-16 19:47:26,060 [ForkJoinPool-1-worker-1] INFO  server.GrpcServicesImpl (ConfUtils.java:logGet(62)) - raft.grpc.flow.control.window = 5MB (=5242880) (custom)
2025-10-16 19:47:26,060 [ForkJoinPool-1-worker-1] INFO  server.RaftServerConfigKeys (ConfUtils.java:logGet(62)) - raft.server.log.appender.buffer.byte-limit = 33554432 (custom)
2025-10-16 19:47:26,063 [ForkJoinPool-1-worker-1] INFO  netty.NettyUtils (NettyUtils.java:newEventLoopGroup(74)) - Create EpollEventLoopGroup for c0724e9c-0dd4-4d47-992c-7bfe285fdd38-NettyServerStreamRpc-bossGroup; Thread size is 0.
2025-10-16 19:47:26,063 [ForkJoinPool-1-worker-1] INFO  netty.NettyUtils (NettyUtils.java:newEventLoopGroup(74)) - Create EpollEventLoopGroup for c0724e9c-0dd4-4d47-992c-7bfe285fdd38-NettyServerStreamRpc-workerGroup; Thread size is 0.
2025-10-16 19:47:26,064 [ForkJoinPool-1-worker-1] INFO  netty.NettyConfigKeys$DataStream (ConfUtils.java:logGet(62)) - raft.netty.dataStream.port = 15112 (custom)
2025-10-16 19:47:26,065 [ForkJoinPool-1-worker-1] INFO  server.RaftServerConfigKeys (ConfUtils.java:logGet(62)) - raft.server.storage.dir = [/home/runner/work/ozone/ozone/hadoop-ozone/integration-test/target/test-dir/MiniOzoneClusterImpl-e7911277-7775-4457-96c8-94071a26a1ce/ozone-metadata/datanode-13/ratis] (custom)
2025-10-16 19:47:26,065 [c0724e9c-0dd4-4d47-992c-7bfe285fdd38-NettyServerStreamRpc-bossGroup--thread1] INFO  logging.LoggingHandler (AbstractInternalLogger.java:log(148)) - [id: 0xedcf27bc] REGISTERED
2025-10-16 19:47:26,065 [c0724e9c-0dd4-4d47-992c-7bfe285fdd38-NettyServerStreamRpc-bossGroup--thread1] INFO  logging.LoggingHandler (AbstractInternalLogger.java:log(148)) - [id: 0xedcf27bc] BIND: 0.0.0.0/0.0.0.0:15112
2025-10-16 19:47:26,066 [c0724e9c-0dd4-4d47-992c-7bfe285fdd38-NettyServerStreamRpc-bossGroup--thread1] INFO  logging.LoggingHandler (AbstractInternalLogger.java:log(148)) - [id: 0xedcf27bc, L:/0.0.0.0:15112] ACTIVE
2025-10-16 19:47:26,066 [c0724e9c-0dd4-4d47-992c-7bfe285fdd38-impl-thread1] INFO  server.RaftServer (RaftServerProxy.java:initGroupDir(270)) - c0724e9c-0dd4-4d47-992c-7bfe285fdd38: found a subdirectory /home/runner/work/ozone/ozone/hadoop-ozone/integration-test/target/test-dir/MiniOzoneClusterImpl-e7911277-7775-4457-96c8-94071a26a1ce/ozone-metadata/datanode-13/ratis/tmp
2025-10-16 19:47:26,066 [c0724e9c-0dd4-4d47-992c-7bfe285fdd38-impl-thread1] INFO  server.RaftServer (RaftServerProxy.java:initGroupDir(275)) - c0724e9c-0dd4-4d47-992c-7bfe285fdd38: The directory /home/runner/work/ozone/ozone/hadoop-ozone/integration-test/target/test-dir/MiniOzoneClusterImpl-e7911277-7775-4457-96c8-94071a26a1ce/ozone-metadata/datanode-13/ratis/tmp is not a group directory; ignoring it. 
2025-10-16 19:47:26,066 [ForkJoinPool-1-worker-1] INFO  replication.ReplicationServer (ReplicationServer.java:<init>(84)) - Initializing replication server with thread count = 10 queue length = 4096
2025-10-16 19:47:26,067 [ForkJoinPool-1-worker-1] INFO  server.XceiverServerGrpc (XceiverServerGrpc.java:<init>(129)) - GrpcServer channel type EpollServerSocketChannel
2025-10-16 19:47:26,069 [ForkJoinPool-1-worker-1] INFO  replication.ReplicationSupervisor (ReplicationSupervisor.java:build(169)) - Initializing replication supervisor with thread count = 10
2025-10-16 19:47:26,069 [ForkJoinPool-1-worker-1] INFO  replication.ReplicationSupervisor (ReplicationSupervisor.java:nodeStateUpdated(358)) - Node state updated to IN_SERVICE, scaling executor pool size to 10
2025-10-16 19:47:26,072 [ForkJoinPool-1-worker-1] INFO  http.BaseHttpServer (BaseHttpServer.java:newHttpServer2BuilderForOzone(227)) - Starting Web-server for hddsDatanode at: http://0.0.0.0:15106
2025-10-16 19:47:26,072 [ForkJoinPool-1-worker-1] INFO  http.BaseHttpServer (BaseHttpServer.java:<init>(105)) - Hadoop Security Enabled: false Ozone Security Enabled: false Ozone HTTP Security Enabled: false 
2025-10-16 19:47:26,073 [ForkJoinPool-1-worker-1] WARN  server.AuthenticationFilter (AuthenticationFilter.java:constructSecretProvider(240)) - Unable to initialize FileSignerSecretProvider, falling back to use random secrets. Reason: Could not read signature secret file: /home/runner/hadoop-http-auth-signature-secret
2025-10-16 19:47:26,076 [ForkJoinPool-1-worker-1] INFO  http.HttpServer2 (HttpServer2.java:addGlobalFilter(1040)) - Added global filter 'safety' (class=org.apache.hadoop.hdds.server.http.HttpServer2$QuotingInputFilter)
2025-10-16 19:47:26,077 [ForkJoinPool-1-worker-1] INFO  http.HttpServer2 (HttpServer2.java:addFilter(1016)) - Added filter static_user_filter (class=org.apache.hadoop.http.lib.StaticUserWebFilter$StaticUserFilter) to context hddsDatanode
2025-10-16 19:47:26,077 [ForkJoinPool-1-worker-1] INFO  http.HttpServer2 (HttpServer2.java:addFilter(1024)) - Added filter static_user_filter (class=org.apache.hadoop.http.lib.StaticUserWebFilter$StaticUserFilter) to context logs
2025-10-16 19:47:26,077 [ForkJoinPool-1-worker-1] INFO  http.HttpServer2 (HttpServer2.java:addFilter(1024)) - Added filter static_user_filter (class=org.apache.hadoop.http.lib.StaticUserWebFilter$StaticUserFilter) to context static
2025-10-16 19:47:26,078 [ForkJoinPool-1-worker-1] INFO  http.BaseHttpServer (BaseHttpServer.java:<init>(193)) - HTTP server of hddsDatanode uses base directory /home/runner/work/ozone/ozone/hadoop-ozone/integration-test/target/test-dir/MiniOzoneClusterImpl-e7911277-7775-4457-96c8-94071a26a1ce/scm/ozone-metadata/webserver
2025-10-16 19:47:26,078 [ForkJoinPool-1-worker-1] INFO  http.HttpServer2 (HttpServer2.java:bindListener(1240)) - Jetty bound to port 15106
2025-10-16 19:47:26,078 [ForkJoinPool-1-worker-1] INFO  server.Server (Server.java:doStart(375)) - jetty-9.4.58.v20250814; built: 2025-08-14T02:28:49.637Z; git: 8f1440587e9e4ae7db3d74cf205643f3d707148d; jvm 21.0.8+9-LTS
2025-10-16 19:47:26,080 [0e8b6cc7-9945-4141-97fc-6aa017a0d5fa-EndpointStateMachineTaskThread-/0.0.0.0:15002-0 ] INFO  utils.DatanodeStoreCache (DatanodeStoreCache.java:addDB(70)) - Added db /home/runner/work/ozone/ozone/hadoop-ozone/integration-test/target/test-dir/MiniOzoneClusterImpl-e7911277-7775-4457-96c8-94071a26a1ce/ozone-metadata/datanode-10/data-0/hdds/e7911277-7775-4457-96c8-94071a26a1ce/DS-d1660b44-463d-4aa1-82a6-e2773310352f/container.db to cache
2025-10-16 19:47:26,080 [0e8b6cc7-9945-4141-97fc-6aa017a0d5fa-EndpointStateMachineTaskThread-/0.0.0.0:15002-0 ] INFO  volume.HddsVolume (HddsVolume.java:createDbStore(576)) - SchemaV3 db is created and loaded at /home/runner/work/ozone/ozone/hadoop-ozone/integration-test/target/test-dir/MiniOzoneClusterImpl-e7911277-7775-4457-96c8-94071a26a1ce/ozone-metadata/datanode-10/data-0/hdds/e7911277-7775-4457-96c8-94071a26a1ce/DS-d1660b44-463d-4aa1-82a6-e2773310352f/container.db for volume DS-d1660b44-463d-4aa1-82a6-e2773310352f
2025-10-16 19:47:26,081 [ForkJoinPool-1-worker-1] INFO  server.session (DefaultSessionIdManager.java:doStart(334)) - DefaultSessionIdManager workerName=node0
2025-10-16 19:47:26,081 [ForkJoinPool-1-worker-1] INFO  server.session (DefaultSessionIdManager.java:doStart(339)) - No SessionScavenger set, using defaults
2025-10-16 19:47:26,081 [ForkJoinPool-1-worker-1] INFO  server.session (HouseKeeper.java:startScavenging(132)) - node0 Scavenging every 600000ms
2025-10-16 19:47:26,082 [ForkJoinPool-1-worker-1] INFO  handler.ContextHandler (ContextHandler.java:doStart(921)) - Started o.e.j.s.ServletContextHandler@9400288{logs,/logs,file:///home/runner/work/ozone/ozone/hadoop-ozone/integration-test/target/log,AVAILABLE}
2025-10-16 19:47:26,083 [ForkJoinPool-1-worker-1] INFO  handler.ContextHandler (ContextHandler.java:doStart(921)) - Started o.e.j.s.ServletContextHandler@1bd4147{static,/static,jar:file:/home/runner/work/ozone/ozone/hadoop-hdds/container-service/target/hdds-container-service-2.1.0-SNAPSHOT.jar!/webapps/static,AVAILABLE}
2025-10-16 19:47:26,083 [0e8b6cc7-9945-4141-97fc-6aa017a0d5fa-ContainerReader-0] INFO  ozoneimpl.ContainerReader (ContainerReader.java:readVolume(147)) - Start to verify containers on volume /home/runner/work/ozone/ozone/hadoop-ozone/integration-test/target/test-dir/MiniOzoneClusterImpl-e7911277-7775-4457-96c8-94071a26a1ce/ozone-metadata/datanode-10/data-0/hdds
2025-10-16 19:47:26,083 [0e8b6cc7-9945-4141-97fc-6aa017a0d5fa-ContainerReader-0] INFO  ozoneimpl.ContainerReader (ContainerReader.java:readVolume(177)) - Finish verifying containers on volume /home/runner/work/ozone/ozone/hadoop-ozone/integration-test/target/test-dir/MiniOzoneClusterImpl-e7911277-7775-4457-96c8-94071a26a1ce/ozone-metadata/datanode-10/data-0/hdds
2025-10-16 19:47:26,084 [0e8b6cc7-9945-4141-97fc-6aa017a0d5fa-EndpointStateMachineTaskThread-/0.0.0.0:15002-0 ] INFO  ozoneimpl.OzoneContainer (OzoneContainer.java:buildContainerSet(359)) - Build ContainerSet costs 0s
2025-10-16 19:47:26,084 [0e8b6cc7-9945-4141-97fc-6aa017a0d5fa-EndpointStateMachineTaskThread-/0.0.0.0:15002-0 ] INFO  volume.ThrottledAsyncChecker (ThrottledAsyncChecker.java:schedule(138)) - Scheduling a check for /home/runner/work/ozone/ozone/hadoop-ozone/integration-test/target/test-dir/MiniOzoneClusterImpl-e7911277-7775-4457-96c8-94071a26a1ce/ozone-metadata/datanode-10/data-0/hdds
2025-10-16 19:47:26,085 [0e8b6cc7-9945-4141-97fc-6aa017a0d5fa-EndpointStateMachineTaskThread-/0.0.0.0:15002-0 ] INFO  volume.StorageVolumeChecker (StorageVolumeChecker.java:checkAllVolumes(231)) - Scheduled health check for volume /home/runner/work/ozone/ozone/hadoop-ozone/integration-test/target/test-dir/MiniOzoneClusterImpl-e7911277-7775-4457-96c8-94071a26a1ce/ozone-metadata/datanode-10/data-0/hdds
2025-10-16 19:47:26,090 [0e8b6cc7-9945-4141-97fc-6aa017a0d5fa-EndpointStateMachineTaskThread-/0.0.0.0:15002-0 ] INFO  volume.ThrottledAsyncChecker (ThrottledAsyncChecker.java:schedule(138)) - Scheduling a check for /home/runner/work/ozone/ozone/hadoop-ozone/integration-test/target/test-dir/MiniOzoneClusterImpl-e7911277-7775-4457-96c8-94071a26a1ce/ozone-metadata/datanode-10/ratis
2025-10-16 19:47:26,090 [0e8b6cc7-9945-4141-97fc-6aa017a0d5fa-EndpointStateMachineTaskThread-/0.0.0.0:15002-0 ] INFO  volume.StorageVolumeChecker (StorageVolumeChecker.java:checkAllVolumes(231)) - Scheduled health check for volume /home/runner/work/ozone/ozone/hadoop-ozone/integration-test/target/test-dir/MiniOzoneClusterImpl-e7911277-7775-4457-96c8-94071a26a1ce/ozone-metadata/datanode-10/ratis
2025-10-16 19:47:26,091 [0e8b6cc7-9945-4141-97fc-6aa017a0d5fa-EndpointStateMachineTaskThread-/0.0.0.0:15002-0 ] INFO  ozoneimpl.OzoneContainer (OzoneContainer.java:start(544)) - Attempting to start container services.
2025-10-16 19:47:26,092 [ContainerMetadataScanner] INFO  ozoneimpl.AbstractBackgroundContainerScanner (AbstractBackgroundContainerScanner.java:runIteration(89)) - Completed an iteration in 0 minutes. Number of iterations (since the data-node restart) : 1, Number of containers scanned in this iteration : 0, Number of unhealthy containers found in this iteration : 0
2025-10-16 19:47:26,093 [0e8b6cc7-9945-4141-97fc-6aa017a0d5fa-EndpointStateMachineTaskThread-/0.0.0.0:15002-0 ] INFO  replication.ReplicationServer (ReplicationServer.java:start(137)) - ReplicationServer is started using port 15089
2025-10-16 19:47:26,093 [ContainerDataScanner(/home/runner/work/ozone/ozone/hadoop-ozone/integration-test/target/test-dir/MiniOzoneClusterImpl-e7911277-7775-4457-96c8-94071a26a1ce/ozone-metadata/datanode-10/data-0/hdds)] INFO  ozoneimpl.AbstractBackgroundContainerScanner (AbstractBackgroundContainerScanner.java:runIteration(89)) - Completed an iteration in 0 minutes. Number of iterations (since the data-node restart) : 1, Number of containers scanned in this iteration : 0, Number of unhealthy containers found in this iteration : 0
2025-10-16 19:47:26,093 [0e8b6cc7-9945-4141-97fc-6aa017a0d5fa-EndpointStateMachineTaskThread-/0.0.0.0:15002-0 ] INFO  ratis.XceiverServerRatis (XceiverServerRatis.java:start(559)) - Starting XceiverServerRatis(0e8b6cc7-9945-4141-97fc-6aa017a0d5fa)
2025-10-16 19:47:26,094 [0e8b6cc7-9945-4141-97fc-6aa017a0d5fa-EndpointStateMachineTaskThread-/0.0.0.0:15002-0 ] INFO  server.RaftServer (RaftServerProxy.java:startImpl(412)) - 0e8b6cc7-9945-4141-97fc-6aa017a0d5fa: start RPC server
2025-10-16 19:47:26,095 [0e8b6cc7-9945-4141-97fc-6aa017a0d5fa-EndpointStateMachineTaskThread-/0.0.0.0:15002-0 ] INFO  server.GrpcServicesImpl (GrpcServicesImpl.java:startImpl(346)) - 0e8b6cc7-9945-4141-97fc-6aa017a0d5fa: GrpcServicesImpl started, listening on 15085
2025-10-16 19:47:26,096 [0e8b6cc7-9945-4141-97fc-6aa017a0d5fa-EndpointStateMachineTaskThread-/0.0.0.0:15002-0 ] INFO  server.GrpcServicesImpl (GrpcServicesImpl.java:startImpl(346)) - 0e8b6cc7-9945-4141-97fc-6aa017a0d5fa: GrpcServicesImpl started, listening on 15087
2025-10-16 19:47:26,096 [0e8b6cc7-9945-4141-97fc-6aa017a0d5fa-EndpointStateMachineTaskThread-/0.0.0.0:15002-0 ] INFO  server.GrpcServicesImpl (GrpcServicesImpl.java:startImpl(346)) - 0e8b6cc7-9945-4141-97fc-6aa017a0d5fa: GrpcServicesImpl started, listening on 15086
2025-10-16 19:47:26,097 [0e8b6cc7-9945-4141-97fc-6aa017a0d5fa-EndpointStateMachineTaskThread-/0.0.0.0:15002-0 ] INFO  ratis.XceiverServerRatis (XceiverServerRatis.java:getRealPort(586)) - XceiverServerRatis(0e8b6cc7-9945-4141-97fc-6aa017a0d5fa) is started using port RATIS=15085
2025-10-16 19:47:26,097 [0e8b6cc7-9945-4141-97fc-6aa017a0d5fa-EndpointStateMachineTaskThread-/0.0.0.0:15002-0 ] INFO  ratis.XceiverServerRatis (XceiverServerRatis.java:getRealPort(586)) - XceiverServerRatis(0e8b6cc7-9945-4141-97fc-6aa017a0d5fa) is started using port RATIS_ADMIN=15086
2025-10-16 19:47:26,097 [0e8b6cc7-9945-4141-97fc-6aa017a0d5fa-EndpointStateMachineTaskThread-/0.0.0.0:15002-0 ] INFO  ratis.XceiverServerRatis (XceiverServerRatis.java:getRealPort(586)) - XceiverServerRatis(0e8b6cc7-9945-4141-97fc-6aa017a0d5fa) is started using port RATIS_SERVER=15087
2025-10-16 19:47:26,097 [0e8b6cc7-9945-4141-97fc-6aa017a0d5fa-EndpointStateMachineTaskThread-/0.0.0.0:15002-0 ] INFO  ratis.XceiverServerRatis (XceiverServerRatis.java:getRealPort(586)) - XceiverServerRatis(0e8b6cc7-9945-4141-97fc-6aa017a0d5fa) is started using port RATIS_DATASTREAM=15088
2025-10-16 19:47:26,097 [JvmPauseMonitor12] INFO  util.JvmPauseMonitor (JvmPauseMonitor.java:run(146)) - JvmPauseMonitor-0e8b6cc7-9945-4141-97fc-6aa017a0d5fa: Started
2025-10-16 19:47:26,098 [0e8b6cc7-9945-4141-97fc-6aa017a0d5fa-EndpointStateMachineTaskThread-/0.0.0.0:15002-0 ] INFO  utils.BackgroundService (BackgroundService.java:start(119)) - Starting service BlockDeletingService with interval 60000 milliseconds
2025-10-16 19:47:26,099 [0e8b6cc7-9945-4141-97fc-6aa017a0d5fa-EndpointStateMachineTaskThread-/0.0.0.0:15002-0 ] INFO  utils.BackgroundService (BackgroundService.java:start(119)) - Starting service StaleRecoveringContainerScrubbingService with interval 60000 milliseconds
2025-10-16 19:47:26,131 | INFO  | SCMAudit | user=runner | ip=127.0.0.1 | op=SEND_HEARTBEAT {"datanodeUUID":"764b18f0-81c5-439a-9fff-25adc4f241fa","term":"2","command":"[]"} | ret=SUCCESS |  
2025-10-16 19:47:26,152 [764b18f0-81c5-439a-9fff-25adc4f241fa-CreatePipelineCommandHandlerThread-0] INFO  server.RaftServer (RaftServerProxy.java:addNew(105)) - 764b18f0-81c5-439a-9fff-25adc4f241fa: addNew group-EFA78D49BE77:[764b18f0-81c5-439a-9fff-25adc4f241fa|127.0.0.1:15031] returns group-EFA78D49BE77:java.util.concurrent.CompletableFuture@19590225[Not completed]
2025-10-16 19:47:26,160 [764b18f0-81c5-439a-9fff-25adc4f241fa-groupManagement] INFO  server.RaftServer$Division (RaftServerImpl.java:<init>(268)) - 764b18f0-81c5-439a-9fff-25adc4f241fa: new RaftServerImpl for group-EFA78D49BE77:[764b18f0-81c5-439a-9fff-25adc4f241fa|127.0.0.1:15031] with ContainerStateMachine:uninitialized
2025-10-16 19:47:26,160 [764b18f0-81c5-439a-9fff-25adc4f241fa-groupManagement] INFO  server.RaftServerConfigKeys (ConfUtils.java:logGet(62)) - raft.server.rpc.timeout.min = 5s (custom)
2025-10-16 19:47:26,160 [764b18f0-81c5-439a-9fff-25adc4f241fa-groupManagement] INFO  server.RaftServerConfigKeys (ConfUtils.java:logGet(62)) - raft.server.rpc.timeout.max = 5200ms (custom)
2025-10-16 19:47:26,160 [764b18f0-81c5-439a-9fff-25adc4f241fa-groupManagement] INFO  server.RaftServerConfigKeys (ConfUtils.java:logGet(62)) - raft.server.rpc.slowness.timeout = 300s (custom)
2025-10-16 19:47:26,160 [764b18f0-81c5-439a-9fff-25adc4f241fa-groupManagement] INFO  server.RaftServer$Division (ServerState.java:<init>(114)) - 764b18f0-81c5-439a-9fff-25adc4f241fa@group-EFA78D49BE77: ConfigurationManager, init=conf: {index: -1, cur=peers:[764b18f0-81c5-439a-9fff-25adc4f241fa|127.0.0.1:15031]|listeners:[], old=null}, confs=<EMPTY_MAP>
2025-10-16 19:47:26,160 [764b18f0-81c5-439a-9fff-25adc4f241fa-groupManagement] INFO  server.RaftServerConfigKeys (ConfUtils.java:logGet(62)) - raft.server.notification.no-leader.timeout = 300s (custom)
2025-10-16 19:47:26,160 [764b18f0-81c5-439a-9fff-25adc4f241fa-groupManagement] INFO  server.RaftServerConfigKeys (ConfUtils.java:logGet(62)) - raft.server.retrycache.expirytime = 600000ms (custom)
2025-10-16 19:47:26,174 [764b18f0-81c5-439a-9fff-25adc4f241fa-groupManagement] INFO  server.RaftServerConfigKeys (ConfUtils.java:logGet(62)) - raft.server.storage.dir = [/home/runner/work/ozone/ozone/hadoop-ozone/integration-test/target/test-dir/MiniOzoneClusterImpl-e7911277-7775-4457-96c8-94071a26a1ce/ozone-metadata/datanode-3/ratis] (custom)
2025-10-16 19:47:26,175 [764b18f0-81c5-439a-9fff-25adc4f241fa-groupManagement] INFO  storage.RaftStorageDirectory (RaftStorageDirectoryImpl.java:analyzeStorage(138)) - The storage directory /home/runner/work/ozone/ozone/hadoop-ozone/integration-test/target/test-dir/MiniOzoneClusterImpl-e7911277-7775-4457-96c8-94071a26a1ce/ozone-metadata/datanode-3/ratis/538e0115-15a4-42ad-9d9a-efa78d49be77 does not exist. Creating ...
2025-10-16 19:47:26,176 [764b18f0-81c5-439a-9fff-25adc4f241fa-groupManagement] INFO  storage.RaftStorageDirectory (RaftStorageDirectoryImpl.java:tryLock(229)) - Lock on /home/runner/work/ozone/ozone/hadoop-ozone/integration-test/target/test-dir/MiniOzoneClusterImpl-e7911277-7775-4457-96c8-94071a26a1ce/ozone-metadata/datanode-3/ratis/538e0115-15a4-42ad-9d9a-efa78d49be77/in_use.lock acquired by nodename 40995@localhost
2025-10-16 19:47:26,177 [764b18f0-81c5-439a-9fff-25adc4f241fa-groupManagement] INFO  storage.RaftStorage (RaftStorageImpl.java:format(98)) - Storage directory /home/runner/work/ozone/ozone/hadoop-ozone/integration-test/target/test-dir/MiniOzoneClusterImpl-e7911277-7775-4457-96c8-94071a26a1ce/ozone-metadata/datanode-3/ratis/538e0115-15a4-42ad-9d9a-efa78d49be77 has been successfully formatted.
2025-10-16 19:47:26,181 [764b18f0-81c5-439a-9fff-25adc4f241fa-groupManagement] INFO  ratis.ContainerStateMachine (ContainerStateMachine.java:initialize(339)) - 764b18f0-81c5-439a-9fff-25adc4f241fa: initialize group-EFA78D49BE77
2025-10-16 19:47:26,181 [764b18f0-81c5-439a-9fff-25adc4f241fa-groupManagement] INFO  ratis.ContainerStateMachine (ContainerStateMachine.java:loadSnapshot(347)) - group-EFA78D49BE77: The snapshot info is null. Setting the last applied index to:<INITIAL_VALUE>
2025-10-16 19:47:26,181 [764b18f0-81c5-439a-9fff-25adc4f241fa-groupManagement] INFO  server.RaftServerConfigKeys (ConfUtils.java:logGet(62)) - raft.server.log.appender.buffer.byte-limit = 33554432 (custom)
2025-10-16 19:47:26,189 [764b18f0-81c5-439a-9fff-25adc4f241fa-groupManagement] INFO  server.RaftServerConfigKeys (ConfUtils.java:logGet(62)) - raft.server.log.segment.size.max = 67108864 (custom)
2025-10-16 19:47:26,190 [764b18f0-81c5-439a-9fff-25adc4f241fa-groupManagement] INFO  server.RaftServerConfigKeys (ConfUtils.java:logGet(62)) - raft.server.log.appender.buffer.byte-limit = 33554432 (custom)
2025-10-16 19:47:26,190 [764b18f0-81c5-439a-9fff-25adc4f241fa-groupManagement] INFO  util.AwaitToRun (AwaitToRun.java:start(81)) - Thread[#1293,764b18f0-81c5-439a-9fff-25adc4f241fa@group-EFA78D49BE77-cacheEviction-AwaitToRun,5,main] started
2025-10-16 19:47:26,191 [764b18f0-81c5-439a-9fff-25adc4f241fa-groupManagement] INFO  segmented.SegmentedRaftLogWorker (SegmentedRaftLogWorker.java:<init>(190)) - new 764b18f0-81c5-439a-9fff-25adc4f241fa@group-EFA78D49BE77-SegmentedRaftLogWorker for RaftStorageImpl:Storage Directory /home/runner/work/ozone/ozone/hadoop-ozone/integration-test/target/test-dir/MiniOzoneClusterImpl-e7911277-7775-4457-96c8-94071a26a1ce/ozone-metadata/datanode-3/ratis/538e0115-15a4-42ad-9d9a-efa78d49be77
2025-10-16 19:47:26,191 [764b18f0-81c5-439a-9fff-25adc4f241fa-groupManagement] INFO  server.RaftServerConfigKeys (ConfUtils.java:logGet(62)) - raft.server.log.queue.byte-limit = 4294967296 (custom)
2025-10-16 19:47:26,191 [764b18f0-81c5-439a-9fff-25adc4f241fa-groupManagement] INFO  server.RaftServerConfigKeys (ConfUtils.java:logGet(62)) - raft.server.log.queue.element-limit = 1024 (custom)
2025-10-16 19:47:26,191 [764b18f0-81c5-439a-9fff-25adc4f241fa-groupManagement] INFO  server.RaftServerConfigKeys (ConfUtils.java:logGet(62)) - raft.server.log.segment.size.max = 67108864 (custom)
2025-10-16 19:47:26,192 [764b18f0-81c5-439a-9fff-25adc4f241fa-groupManagement] INFO  server.RaftServerConfigKeys (ConfUtils.java:logGet(62)) - raft.server.log.preallocated.size = 4194304 (custom)
2025-10-16 19:47:26,192 [764b18f0-81c5-439a-9fff-25adc4f241fa-groupManagement] INFO  server.RaftServerConfigKeys (ConfUtils.java:logGet(62)) - raft.server.log.statemachine.data.sync.timeout.retry = 30 (custom)
2025-10-16 19:47:26,193 [764b18f0-81c5-439a-9fff-25adc4f241fa-groupManagement] INFO  server.RaftServerConfigKeys (ConfUtils.java:logGet(62)) - raft.server.log.write.buffer.size = 33554440 (custom)
2025-10-16 19:47:26,196 [EventQueue-PipelineReportForOneReplicaPipelineSafeModeRule] INFO  safemode.SCMSafeModeManager (SCMSafeModeManager.java:validateSafeModeExitRules(138)) - OneReplicaPipelineSafeModeRule rule is successfully validated
2025-10-16 19:47:26,196 | INFO  | SCMAudit | user=runner | ip=127.0.0.1 | op=SEND_HEARTBEAT {"datanodeUUID":"764b18f0-81c5-439a-9fff-25adc4f241fa","term":"2","command":"[]"} | ret=SUCCESS |  
2025-10-16 19:47:26,202 [bed9314d-2aab-40ad-9a80-177434bab325@group-94071A26A1CE-StateMachineUpdater] INFO  safemode.SCMSafeModeManager (SCMSafeModeManager.java:validateSafeModeExitRules(138)) - DataNodeSafeModeRule rule is successfully validated
2025-10-16 19:47:26,203 [bed9314d-2aab-40ad-9a80-177434bab325@group-94071A26A1CE-StateMachineUpdater] INFO  safemode.SCMSafeModeManager (SCMSafeModeManager.java:validateSafeModeExitRules(138)) - RatisContainerSafeModeRule rule is successfully validated
2025-10-16 19:47:26,203 [bed9314d-2aab-40ad-9a80-177434bab325@group-94071A26A1CE-StateMachineUpdater] INFO  safemode.HealthyPipelineSafeModeRule (HealthyPipelineSafeModeRule.java:initializeRule(226)) - Refreshed total pipeline count is 0, healthy pipeline threshold count is 1
2025-10-16 19:47:26,202 [764b18f0-81c5-439a-9fff-25adc4f241fa-groupManagement] INFO  server.RaftServerConfigKeys (ConfUtils.java:logGet(62)) - raft.server.log.appender.buffer.byte-limit = 33554432 (custom)
2025-10-16 19:47:26,203 [bed9314d-2aab-40ad-9a80-177434bab325@group-94071A26A1CE-StateMachineUpdater] INFO  safemode.SCMSafeModeManager (SCMSafeModeManager.java:validateSafeModeExitRules(138)) - OneReplicaPipelineSafeModeRule rule is successfully validated
2025-10-16 19:47:26,203 [bed9314d-2aab-40ad-9a80-177434bab325@group-94071A26A1CE-StateMachineUpdater] INFO  safemode.SCMSafeModeManager (SCMSafeModeManager.java:validateSafeModeExitRules(138)) - ECContainerSafeModeRule rule is successfully validated
2025-10-16 19:47:26,203 [764b18f0-81c5-439a-9fff-25adc4f241fa-groupManagement] INFO  server.RaftServerConfigKeys (ConfUtils.java:logGet(62)) - raft.server.log.statemachine.data.caching.enabled = true (custom)
2025-10-16 19:47:26,204 [764b18f0-81c5-439a-9fff-25adc4f241fa-groupManagement] INFO  segmented.SegmentedRaftLogWorker (SegmentedRaftLogWorker.java:lambda$new$0(141)) - 764b18f0-81c5-439a-9fff-25adc4f241fa@group-EFA78D49BE77-SegmentedRaftLogWorker: flushIndex: setUnconditionally 0 -> -1
2025-10-16 19:47:26,204 [764b18f0-81c5-439a-9fff-25adc4f241fa-groupManagement] INFO  segmented.SegmentedRaftLogWorker (SegmentedRaftLogWorker.java:lambda$new$0(141)) - 764b18f0-81c5-439a-9fff-25adc4f241fa@group-EFA78D49BE77-SegmentedRaftLogWorker: safeCacheEvictIndex: setUnconditionally 0 -> -1
2025-10-16 19:47:26,204 [EventQueue-PipelineReportForPipelineReportHandler] INFO  pipeline.PipelineReportHandler (PipelineReportHandler.java:processPipelineReport(132)) - Opened pipeline Pipeline-538e0115-15a4-42ad-9d9a-efa78d49be77
2025-10-16 19:47:26,204 [764b18f0-81c5-439a-9fff-25adc4f241fa-groupManagement] INFO  server.RaftServer$Division (RaftServerImpl.java:start(405)) - 764b18f0-81c5-439a-9fff-25adc4f241fa@group-EFA78D49BE77: start as a follower, conf=conf: {index: -1, cur=peers:[764b18f0-81c5-439a-9fff-25adc4f241fa|127.0.0.1:15031]|listeners:[], old=null}
2025-10-16 19:47:26,205 [764b18f0-81c5-439a-9fff-25adc4f241fa-groupManagement] INFO  server.RaftServer$Division (RaftServerImpl.java:setRole(392)) - 764b18f0-81c5-439a-9fff-25adc4f241fa@group-EFA78D49BE77: changes role from      null to FOLLOWER at term 0 for startAsFollower
2025-10-16 19:47:26,205 [764b18f0-81c5-439a-9fff-25adc4f241fa-groupManagement] INFO  impl.RoleInfo (RoleInfo.java:updateAndGet(148)) - 764b18f0-81c5-439a-9fff-25adc4f241fa: start 764b18f0-81c5-439a-9fff-25adc4f241fa@group-EFA78D49BE77-FollowerState
2025-10-16 19:47:26,205 [764b18f0-81c5-439a-9fff-25adc4f241fa-groupManagement] INFO  util.JmxRegister (JmxRegister.java:tryRegister(44)) - Successfully registered JMX Bean with object name Ratis:service=RaftServer,group=group-EFA78D49BE77,id=764b18f0-81c5-439a-9fff-25adc4f241fa
2025-10-16 19:47:26,205 [764b18f0-81c5-439a-9fff-25adc4f241fa-groupManagement] INFO  util.JmxRegister (JmxRegister.java:register(58)) - register mxBean class org.apache.ratis.server.impl.RaftServerJmxAdapter as Ratis:service=RaftServer,group=group-EFA78D49BE77,id=764b18f0-81c5-439a-9fff-25adc4f241fa
2025-10-16 19:47:26,205 [764b18f0-81c5-439a-9fff-25adc4f241fa-groupManagement] INFO  server.RaftServerConfigKeys (ConfUtils.java:logGet(62)) - raft.server.snapshot.auto.trigger.threshold = 100000 (custom)
2025-10-16 19:47:26,205 [764b18f0-81c5-439a-9fff-25adc4f241fa-groupManagement] INFO  server.RaftServerConfigKeys (ConfUtils.java:logGet(62)) - raft.server.snapshot.retention.file.num = 5 (custom)
2025-10-16 19:47:26,206 [764b18f0-81c5-439a-9fff-25adc4f241fa-groupManagement] INFO  server.RaftServerConfigKeys (ConfUtils.java:logGet(62)) - raft.server.log.purge.upto.snapshot.index = false (default)
2025-10-16 19:47:26,207 [764b18f0-81c5-439a-9fff-25adc4f241fa-groupManagement] INFO  server.RaftServer$Division (RaftServerImpl.java:start(419)) - 764b18f0-81c5-439a-9fff-25adc4f241fa@group-EFA78D49BE77: Successfully started.
2025-10-16 19:47:26,209 [764b18f0-81c5-439a-9fff-25adc4f241fa-CreatePipelineCommandHandlerThread-0] INFO  ratis.XceiverServerRatis (XceiverServerRatis.java:addGroup(839)) - Created group Pipeline-538e0115-15a4-42ad-9d9a-efa78d49be77
2025-10-16 19:47:26,209 [764b18f0-81c5-439a-9fff-25adc4f241fa-CreatePipelineCommandHandlerThread-0] INFO  commandhandler.CreatePipelineCommandHandler (CreatePipelineCommandHandler.java:lambda$handle$2(141)) - Created Pipeline RATIS ONE Pipeline-538e0115-15a4-42ad-9d9a-efa78d49be77.
2025-10-16 19:47:26,210 [764b18f0-81c5-439a-9fff-25adc4f241fa-CreatePipelineCommandHandlerThread-0] INFO  server.RaftServer (RaftServerProxy.java:addNew(105)) - 764b18f0-81c5-439a-9fff-25adc4f241fa: addNew group-E01CF5EA873D:[8a3c3252-9afe-4d3a-8492-25be6557678a|127.0.0.1:15023, f700af26-0e26-4136-9205-9509c82c8c70|127.0.0.1:15015, 764b18f0-81c5-439a-9fff-25adc4f241fa|127.0.0.1:15031] returns group-E01CF5EA873D:java.util.concurrent.CompletableFuture@3bd706e2[Not completed]
2025-10-16 19:47:26,211 [764b18f0-81c5-439a-9fff-25adc4f241fa-groupManagement] INFO  server.RaftServer$Division (RaftServerImpl.java:<init>(268)) - 764b18f0-81c5-439a-9fff-25adc4f241fa: new RaftServerImpl for group-E01CF5EA873D:[8a3c3252-9afe-4d3a-8492-25be6557678a|127.0.0.1:15023, f700af26-0e26-4136-9205-9509c82c8c70|127.0.0.1:15015, 764b18f0-81c5-439a-9fff-25adc4f241fa|127.0.0.1:15031] with ContainerStateMachine:uninitialized
2025-10-16 19:47:26,211 [764b18f0-81c5-439a-9fff-25adc4f241fa-groupManagement] INFO  server.RaftServer$Division (ServerState.java:<init>(114)) - 764b18f0-81c5-439a-9fff-25adc4f241fa@group-E01CF5EA873D: ConfigurationManager, init=conf: {index: -1, cur=peers:[8a3c3252-9afe-4d3a-8492-25be6557678a|127.0.0.1:15023, f700af26-0e26-4136-9205-9509c82c8c70|127.0.0.1:15015, 764b18f0-81c5-439a-9fff-25adc4f241fa|127.0.0.1:15031]|listeners:[], old=null}, confs=<EMPTY_MAP>
2025-10-16 19:47:26,224 [764b18f0-81c5-439a-9fff-25adc4f241fa-groupManagement] INFO  storage.RaftStorageDirectory (RaftStorageDirectoryImpl.java:analyzeStorage(138)) - The storage directory /home/runner/work/ozone/ozone/hadoop-ozone/integration-test/target/test-dir/MiniOzoneClusterImpl-e7911277-7775-4457-96c8-94071a26a1ce/ozone-metadata/datanode-3/ratis/8c63ceaf-ef16-456b-926f-e01cf5ea873d does not exist. Creating ...
2025-10-16 19:47:26,225 [764b18f0-81c5-439a-9fff-25adc4f241fa-groupManagement] INFO  storage.RaftStorageDirectory (RaftStorageDirectoryImpl.java:tryLock(229)) - Lock on /home/runner/work/ozone/ozone/hadoop-ozone/integration-test/target/test-dir/MiniOzoneClusterImpl-e7911277-7775-4457-96c8-94071a26a1ce/ozone-metadata/datanode-3/ratis/8c63ceaf-ef16-456b-926f-e01cf5ea873d/in_use.lock acquired by nodename 40995@localhost
2025-10-16 19:47:26,227 [764b18f0-81c5-439a-9fff-25adc4f241fa-groupManagement] INFO  storage.RaftStorage (RaftStorageImpl.java:format(98)) - Storage directory /home/runner/work/ozone/ozone/hadoop-ozone/integration-test/target/test-dir/MiniOzoneClusterImpl-e7911277-7775-4457-96c8-94071a26a1ce/ozone-metadata/datanode-3/ratis/8c63ceaf-ef16-456b-926f-e01cf5ea873d has been successfully formatted.
2025-10-16 19:47:26,227 [764b18f0-81c5-439a-9fff-25adc4f241fa-groupManagement] INFO  ratis.ContainerStateMachine (ContainerStateMachine.java:initialize(339)) - 764b18f0-81c5-439a-9fff-25adc4f241fa: initialize group-E01CF5EA873D
2025-10-16 19:47:26,228 [764b18f0-81c5-439a-9fff-25adc4f241fa-groupManagement] INFO  ratis.ContainerStateMachine (ContainerStateMachine.java:loadSnapshot(347)) - group-E01CF5EA873D: The snapshot info is null. Setting the last applied index to:<INITIAL_VALUE>
2025-10-16 19:47:26,229 [764b18f0-81c5-439a-9fff-25adc4f241fa-groupManagement] INFO  server.RaftServerConfigKeys (ConfUtils.java:logGet(62)) - raft.server.log.appender.buffer.byte-limit = 33554432 (custom)
2025-10-16 19:47:26,233 [Warm Up EDEK Cache Thread #0] INFO  om.OzoneManager (OzoneManager.java:run(789)) - Successfully warmed up 0 EDEKs.
2025-10-16 19:47:26,234 [764b18f0-81c5-439a-9fff-25adc4f241fa-groupManagement] INFO  server.RaftServerConfigKeys (ConfUtils.java:logGet(62)) - raft.server.log.segment.size.max = 67108864 (custom)
2025-10-16 19:47:26,235 [764b18f0-81c5-439a-9fff-25adc4f241fa-groupManagement] INFO  server.RaftServerConfigKeys (ConfUtils.java:logGet(62)) - raft.server.log.appender.buffer.byte-limit = 33554432 (custom)
2025-10-16 19:47:26,235 [764b18f0-81c5-439a-9fff-25adc4f241fa-groupManagement] INFO  util.AwaitToRun (AwaitToRun.java:start(81)) - Thread[#1298,764b18f0-81c5-439a-9fff-25adc4f241fa@group-E01CF5EA873D-cacheEviction-AwaitToRun,5,main] started
2025-10-16 19:47:26,235 [764b18f0-81c5-439a-9fff-25adc4f241fa-groupManagement] INFO  segmented.SegmentedRaftLogWorker (SegmentedRaftLogWorker.java:<init>(190)) - new 764b18f0-81c5-439a-9fff-25adc4f241fa@group-E01CF5EA873D-SegmentedRaftLogWorker for RaftStorageImpl:Storage Directory /home/runner/work/ozone/ozone/hadoop-ozone/integration-test/target/test-dir/MiniOzoneClusterImpl-e7911277-7775-4457-96c8-94071a26a1ce/ozone-metadata/datanode-3/ratis/8c63ceaf-ef16-456b-926f-e01cf5ea873d
2025-10-16 19:47:26,235 [764b18f0-81c5-439a-9fff-25adc4f241fa-groupManagement] INFO  server.RaftServerConfigKeys (ConfUtils.java:logGet(62)) - raft.server.log.queue.byte-limit = 4294967296 (custom)
2025-10-16 19:47:26,235 [764b18f0-81c5-439a-9fff-25adc4f241fa-groupManagement] INFO  server.RaftServerConfigKeys (ConfUtils.java:logGet(62)) - raft.server.log.segment.size.max = 67108864 (custom)
2025-10-16 19:47:26,235 [EventQueue-PipelineReportForOneReplicaPipelineSafeModeRule] INFO  safemode.SCMSafeModeManager (SCMSafeModeManager.java:validateSafeModeExitRules(138)) - OneReplicaPipelineSafeModeRule rule is successfully validated
2025-10-16 19:47:26,235 [764b18f0-81c5-439a-9fff-25adc4f241fa-groupManagement] INFO  server.RaftServerConfigKeys (ConfUtils.java:logGet(62)) - raft.server.log.preallocated.size = 4194304 (custom)
2025-10-16 19:47:26,236 [764b18f0-81c5-439a-9fff-25adc4f241fa-groupManagement] INFO  server.RaftServerConfigKeys (ConfUtils.java:logGet(62)) - raft.server.log.write.buffer.size = 33554440 (custom)
2025-10-16 19:47:26,235 | INFO  | SCMAudit | user=runner | ip=127.0.0.1 | op=SEND_HEARTBEAT {"datanodeUUID":"764b18f0-81c5-439a-9fff-25adc4f241fa","term":"2","command":"[]"} | ret=SUCCESS |  
2025-10-16 19:47:26,243 [764b18f0-81c5-439a-9fff-25adc4f241fa-groupManagement] INFO  server.RaftServerConfigKeys (ConfUtils.java:logGet(62)) - raft.server.log.appender.buffer.byte-limit = 33554432 (custom)
2025-10-16 19:47:26,244 [764b18f0-81c5-439a-9fff-25adc4f241fa-groupManagement] INFO  segmented.SegmentedRaftLogWorker (SegmentedRaftLogWorker.java:lambda$new$0(141)) - 764b18f0-81c5-439a-9fff-25adc4f241fa@group-E01CF5EA873D-SegmentedRaftLogWorker: flushIndex: setUnconditionally 0 -> -1
2025-10-16 19:47:26,244 [764b18f0-81c5-439a-9fff-25adc4f241fa-groupManagement] INFO  segmented.SegmentedRaftLogWorker (SegmentedRaftLogWorker.java:lambda$new$0(141)) - 764b18f0-81c5-439a-9fff-25adc4f241fa@group-E01CF5EA873D-SegmentedRaftLogWorker: safeCacheEvictIndex: setUnconditionally 0 -> -1
2025-10-16 19:47:26,245 [764b18f0-81c5-439a-9fff-25adc4f241fa-groupManagement] INFO  server.RaftServer$Division (RaftServerImpl.java:start(405)) - 764b18f0-81c5-439a-9fff-25adc4f241fa@group-E01CF5EA873D: start as a follower, conf=conf: {index: -1, cur=peers:[8a3c3252-9afe-4d3a-8492-25be6557678a|127.0.0.1:15023, f700af26-0e26-4136-9205-9509c82c8c70|127.0.0.1:15015, 764b18f0-81c5-439a-9fff-25adc4f241fa|127.0.0.1:15031]|listeners:[], old=null}
2025-10-16 19:47:26,246 [764b18f0-81c5-439a-9fff-25adc4f241fa-groupManagement] INFO  server.RaftServer$Division (RaftServerImpl.java:setRole(392)) - 764b18f0-81c5-439a-9fff-25adc4f241fa@group-E01CF5EA873D: changes role from      null to FOLLOWER at term 0 for startAsFollower
2025-10-16 19:47:26,246 [764b18f0-81c5-439a-9fff-25adc4f241fa-groupManagement] INFO  impl.RoleInfo (RoleInfo.java:updateAndGet(148)) - 764b18f0-81c5-439a-9fff-25adc4f241fa: start 764b18f0-81c5-439a-9fff-25adc4f241fa@group-E01CF5EA873D-FollowerState
2025-10-16 19:47:26,247 [764b18f0-81c5-439a-9fff-25adc4f241fa-groupManagement] INFO  util.JmxRegister (JmxRegister.java:tryRegister(44)) - Successfully registered JMX Bean with object name Ratis:service=RaftServer,group=group-E01CF5EA873D,id=764b18f0-81c5-439a-9fff-25adc4f241fa
2025-10-16 19:47:26,247 [764b18f0-81c5-439a-9fff-25adc4f241fa-groupManagement] INFO  util.JmxRegister (JmxRegister.java:register(58)) - register mxBean class org.apache.ratis.server.impl.RaftServerJmxAdapter as Ratis:service=RaftServer,group=group-E01CF5EA873D,id=764b18f0-81c5-439a-9fff-25adc4f241fa
2025-10-16 19:47:26,249 [764b18f0-81c5-439a-9fff-25adc4f241fa-groupManagement] INFO  server.RaftServer$Division (RaftServerImpl.java:start(419)) - 764b18f0-81c5-439a-9fff-25adc4f241fa@group-E01CF5EA873D: Successfully started.
2025-10-16 19:47:26,250 [764b18f0-81c5-439a-9fff-25adc4f241fa-CreatePipelineCommandHandlerThread-0] INFO  ratis.XceiverServerRatis (XceiverServerRatis.java:addGroup(839)) - Created group Pipeline-8c63ceaf-ef16-456b-926f-e01cf5ea873d
2025-10-16 19:47:26,261 | INFO  | SCMAudit | user=runner | ip=127.0.0.1 | op=GET_VERSION {} | ret=SUCCESS |  
2025-10-16 19:47:26,287 [IPC Server handler 9 on default port 15002] INFO  net.NetworkTopologyImpl (NetworkTopologyImpl.java:add(133)) - Added a new node: /default-rack/8a0fa2ff-b550-4652-b2fe-0cf91cd4a157
2025-10-16 19:47:26,288 [IPC Server handler 9 on default port 15002] INFO  node.SCMNodeManager (SCMNodeManager.java:register(423)) - Registered datanode: 8a0fa2ff-b550-4652-b2fe-0cf91cd4a157{ip: 127.0.0.1, host: localhost, ports: [HTTP=15074, CLIENT_RPC=15075, REPLICATION=15081, RATIS=15077, RATIS_ADMIN=15078, RATIS_SERVER=15079, RATIS_DATASTREAM=15080, STANDALONE=15076], networkLocation: /default-rack, certSerialId: null, persistedOpState: null, persistedOpStateExpiryEpochSec: 0}
2025-10-16 19:47:26,289 | INFO  | SCMAudit | user=runner | ip=127.0.0.1 | op=REGISTER {"datanodeDetails":"8a0fa2ff-b550-4652-b2fe-0cf91cd4a157(localhost/127.0.0.1)"} | ret=SUCCESS |  
2025-10-16 19:47:26,289 [EventQueue-NodeRegistrationContainerReportForDataNodeSafeModeRule] INFO  safemode.SCMSafeModeManager (SCMSafeModeManager.java:validateSafeModeExitRules(138)) - DataNodeSafeModeRule rule is successfully validated
2025-10-16 19:47:26,289 [EventQueue-ContainerRegistrationReportForECContainerSafeModeRule] INFO  safemode.SCMSafeModeManager (SCMSafeModeManager.java:validateSafeModeExitRules(138)) - ECContainerSafeModeRule rule is successfully validated
2025-10-16 19:47:26,289 [EventQueue-NewNodeForNewNodeHandler] INFO  pipeline.BackgroundPipelineCreator (BackgroundPipelineCreator.java:notifyEventTriggered(290)) - trigger a one-shot run on RatisPipelineUtilsThread.
2025-10-16 19:47:26,289 [EventQueue-PipelineReportForOneReplicaPipelineSafeModeRule] INFO  safemode.SCMSafeModeManager (SCMSafeModeManager.java:validateSafeModeExitRules(138)) - OneReplicaPipelineSafeModeRule rule is successfully validated
2025-10-16 19:47:26,290 [EventQueue-ContainerRegistrationReportForRatisContainerSafeModeRule] INFO  safemode.SCMSafeModeManager (SCMSafeModeManager.java:validateSafeModeExitRules(138)) - RatisContainerSafeModeRule rule is successfully validated
2025-10-16 19:47:26,291 [RatisPipelineUtilsThread-0] INFO  pipeline.RatisPipelineProvider (RatisPipelineProvider.java:lambda$create$0(208)) - Sending CreatePipelineCommand for pipeline:Pipeline-2fe8678b-8097-49d9-a565-90a7926d173c to datanode:8a0fa2ff-b550-4652-b2fe-0cf91cd4a157(localhost/127.0.0.1)
2025-10-16 19:47:26,294 | INFO  | SCMAudit | user=runner | ip=127.0.0.1 | op=SEND_HEARTBEAT {"datanodeUUID":"e072d245-7694-4d97-8e20-c503ebf8c2fe","term":"2","command":"[commandType: createPipelineCommand createPipelineCommandProto { pipelineID { id: \"601a9733-5f65-4a12-8efd-961de130dc57\" uuid128 { mostSigBits: 6925013623935158802 leastSigBits: -8143187496139695017 } } type: RATIS factor: ONE datanode { uuid: \"e072d245-7694-4d97-8e20-c503ebf8c2fe\" ipAddress: \"127.0.0.1\" hostName: \"localhost\" ports { name: \"HTTP\" value: 15058 } ports { name: \"CLIENT_RPC\" value: 15059 } ports { name: \"REPLICATION\" value: 15065 } ports { name: \"RATIS\" value: 15061 } ports { name: \"RATIS_ADMIN\" value: 15062 } ports { name: \"RATIS_SERVER\" value: 15063 } ports { name: \"RATIS_DATASTREAM\" value: 15064 } ports { name: \"STANDALONE\" value: 15060 } networkName: \"e072d245-7694-4d97-8e20-c503ebf8c2fe\" networkLocation: \"/default-rack\" persistedOpState: IN_SERVICE persistedOpStateExpiry: 0 currentVersion: 2 uuid128 { mostSigBits: -2273523666084672105 leastSigBits: -8205341900434521346 } level: 3 id { uuid { mostSigBits: -2273523666084672105 leastSigBits: -8205341900434521346 } } } cmdId: 1760644044136 priority: 1 } term: 2 encodedToken: \"\" deadlineMsSinceEpoch: 0]"} | ret=SUCCESS |  
2025-10-16 19:47:26,299 [bed9314d-2aab-40ad-9a80-177434bab325@group-94071A26A1CE-StateMachineUpdater] INFO  safemode.SCMSafeModeManager (SCMSafeModeManager.java:validateSafeModeExitRules(138)) - DataNodeSafeModeRule rule is successfully validated
2025-10-16 19:47:26,299 [bed9314d-2aab-40ad-9a80-177434bab325@group-94071A26A1CE-StateMachineUpdater] INFO  safemode.SCMSafeModeManager (SCMSafeModeManager.java:validateSafeModeExitRules(138)) - RatisContainerSafeModeRule rule is successfully validated
2025-10-16 19:47:26,299 [bed9314d-2aab-40ad-9a80-177434bab325@group-94071A26A1CE-StateMachineUpdater] INFO  safemode.HealthyPipelineSafeModeRule (HealthyPipelineSafeModeRule.java:initializeRule(226)) - Refreshed total pipeline count is 0, healthy pipeline threshold count is 1
2025-10-16 19:47:26,315 [bed9314d-2aab-40ad-9a80-177434bab325@group-94071A26A1CE-StateMachineUpdater] INFO  safemode.SCMSafeModeManager (SCMSafeModeManager.java:validateSafeModeExitRules(138)) - OneReplicaPipelineSafeModeRule rule is successfully validated
2025-10-16 19:47:26,315 [bed9314d-2aab-40ad-9a80-177434bab325@group-94071A26A1CE-StateMachineUpdater] INFO  safemode.SCMSafeModeManager (SCMSafeModeManager.java:validateSafeModeExitRules(138)) - ECContainerSafeModeRule rule is successfully validated
2025-10-16 19:47:26,316 [702cb173-5c73-4ecc-b5cd-c7b4a6b66aea-EndpointStateMachineTaskThread-/0.0.0.0:15002-0 ] INFO  utils.DatanodeStoreCache (DatanodeStoreCache.java:addDB(70)) - Added db /home/runner/work/ozone/ozone/hadoop-ozone/integration-test/target/test-dir/MiniOzoneClusterImpl-e7911277-7775-4457-96c8-94071a26a1ce/ozone-metadata/datanode-11/data-0/hdds/e7911277-7775-4457-96c8-94071a26a1ce/DS-eb33e175-9a9e-4747-b908-7cc46efd1114/container.db to cache
2025-10-16 19:47:26,316 [702cb173-5c73-4ecc-b5cd-c7b4a6b66aea-EndpointStateMachineTaskThread-/0.0.0.0:15002-0 ] INFO  volume.HddsVolume (HddsVolume.java:createDbStore(576)) - SchemaV3 db is created and loaded at /home/runner/work/ozone/ozone/hadoop-ozone/integration-test/target/test-dir/MiniOzoneClusterImpl-e7911277-7775-4457-96c8-94071a26a1ce/ozone-metadata/datanode-11/data-0/hdds/e7911277-7775-4457-96c8-94071a26a1ce/DS-eb33e175-9a9e-4747-b908-7cc46efd1114/container.db for volume DS-eb33e175-9a9e-4747-b908-7cc46efd1114
2025-10-16 19:47:26,317 [ForkJoinPool-1-worker-1] INFO  handler.ContextHandler (ContextHandler.java:doStart(921)) - Started o.e.j.w.WebAppContext@1cea44c3{hddsDatanode,/,file:///home/runner/work/ozone/ozone/hadoop-ozone/integration-test/target/test-dir/MiniOzoneClusterImpl-e7911277-7775-4457-96c8-94071a26a1ce/scm/ozone-metadata/webserver/jetty-0_0_0_0-15106-hdds-container-service-2_1_0-SNAPSHOT_jar-_-any-8918925590251858186/webapp/,AVAILABLE}{jar:file:/home/runner/work/ozone/ozone/hadoop-hdds/container-service/target/hdds-container-service-2.1.0-SNAPSHOT.jar!/webapps/hddsDatanode}
2025-10-16 19:47:26,318 [RatisPipelineUtilsThread-0] INFO  pipeline.BackgroundPipelineCreator (BackgroundPipelineCreator.java:createPipelines(246)) - Created new pipeline Pipeline{ Id: 2fe8678b-8097-49d9-a565-90a7926d173c, Nodes: [ {8a0fa2ff-b550-4652-b2fe-0cf91cd4a157(localhost/127.0.0.1), ReplicaIndex: 0},], ReplicationConfig: RATIS/ONE, State:ALLOCATED, leaderId:, CreationTimestamp2025-10-16T19:47:26.291687400Z[Etc/UTC]}
2025-10-16 19:47:26,320 [RatisPipelineUtilsThread-0] INFO  pipeline.RatisPipelineProvider (RatisPipelineProvider.java:lambda$create$0(208)) - Sending CreatePipelineCommand for pipeline:Pipeline-8f9acfe3-5569-4a29-b935-ee898a0a2821 to datanode:8a0fa2ff-b550-4652-b2fe-0cf91cd4a157(localhost/127.0.0.1)
2025-10-16 19:47:26,320 [ForkJoinPool-1-worker-1] INFO  server.AbstractConnector (AbstractConnector.java:doStart(333)) - Started ServerConnector@6e2de296{HTTP/1.1, (http/1.1)}{0.0.0.0:15106}
2025-10-16 19:47:26,321 [ForkJoinPool-1-worker-1] INFO  server.Server (Server.java:doStart(415)) - Started @14174ms
2025-10-16 19:47:26,321 [ForkJoinPool-1-worker-1] WARN  impl.MetricsSystemImpl (MetricsSystemImpl.java:register(279)) - Sink prometheus already exists!
2025-10-16 19:47:26,320 [RatisPipelineUtilsThread-0] INFO  pipeline.RatisPipelineProvider (RatisPipelineProvider.java:lambda$create$0(208)) - Sending CreatePipelineCommand for pipeline:Pipeline-8f9acfe3-5569-4a29-b935-ee898a0a2821 to datanode:76d4ba71-5bbb-4b24-8f51-8bc7f78aaca4(localhost/127.0.0.1)
2025-10-16 19:47:26,321 [ForkJoinPool-1-worker-1] INFO  http.BaseHttpServer (BaseHttpServer.java:updateConnectorAddress(357)) - HTTP server of hddsDatanode listening at http://localhost:15106
2025-10-16 19:47:26,321 [ForkJoinPool-1-worker-1] INFO  ipc.CallQueueManager (CallQueueManager.java:<init>(93)) - Using callQueue: class java.util.concurrent.LinkedBlockingQueue, queueCapacity: 1000, scheduler: class org.apache.hadoop.ipc.DefaultRpcScheduler, ipcBackoff: false, ipcFailOver: false.
2025-10-16 19:47:26,322 [ForkJoinPool-1-worker-1] INFO  ipc.Server (Server.java:<init>(1438)) - Listener at 0.0.0.0:15107
2025-10-16 19:47:26,321 [702cb173-5c73-4ecc-b5cd-c7b4a6b66aea-ContainerReader-0] INFO  ozoneimpl.ContainerReader (ContainerReader.java:readVolume(147)) - Start to verify containers on volume /home/runner/work/ozone/ozone/hadoop-ozone/integration-test/target/test-dir/MiniOzoneClusterImpl-e7911277-7775-4457-96c8-94071a26a1ce/ozone-metadata/datanode-11/data-0/hdds
2025-10-16 19:47:26,322 [702cb173-5c73-4ecc-b5cd-c7b4a6b66aea-ContainerReader-0] INFO  ozoneimpl.ContainerReader (ContainerReader.java:readVolume(177)) - Finish verifying containers on volume /home/runner/work/ozone/ozone/hadoop-ozone/integration-test/target/test-dir/MiniOzoneClusterImpl-e7911277-7775-4457-96c8-94071a26a1ce/ozone-metadata/datanode-11/data-0/hdds
2025-10-16 19:47:26,321 [RatisPipelineUtilsThread-0] INFO  pipeline.RatisPipelineProvider (RatisPipelineProvider.java:lambda$create$0(208)) - Sending CreatePipelineCommand for pipeline:Pipeline-8f9acfe3-5569-4a29-b935-ee898a0a2821 to datanode:e072d245-7694-4d97-8e20-c503ebf8c2fe(localhost/127.0.0.1)
2025-10-16 19:47:26,322 [702cb173-5c73-4ecc-b5cd-c7b4a6b66aea-EndpointStateMachineTaskThread-/0.0.0.0:15002-0 ] INFO  ozoneimpl.OzoneContainer (OzoneContainer.java:buildContainerSet(359)) - Build ContainerSet costs 0s
2025-10-16 19:47:26,324 [Socket Reader #1 for port 15107] INFO  ipc.Server (Server.java:run(1474)) - Starting Socket Reader #1 for port 15107
2025-10-16 19:47:26,326 [bed9314d-2aab-40ad-9a80-177434bab325@group-94071A26A1CE-StateMachineUpdater] INFO  safemode.SCMSafeModeManager (SCMSafeModeManager.java:validateSafeModeExitRules(138)) - DataNodeSafeModeRule rule is successfully validated
2025-10-16 19:47:26,326 [bed9314d-2aab-40ad-9a80-177434bab325@group-94071A26A1CE-StateMachineUpdater] INFO  safemode.SCMSafeModeManager (SCMSafeModeManager.java:validateSafeModeExitRules(138)) - RatisContainerSafeModeRule rule is successfully validated
2025-10-16 19:47:26,326 [bed9314d-2aab-40ad-9a80-177434bab325@group-94071A26A1CE-StateMachineUpdater] INFO  safemode.HealthyPipelineSafeModeRule (HealthyPipelineSafeModeRule.java:initializeRule(226)) - Refreshed total pipeline count is 0, healthy pipeline threshold count is 1
2025-10-16 19:47:26,326 [bed9314d-2aab-40ad-9a80-177434bab325@group-94071A26A1CE-StateMachineUpdater] INFO  safemode.SCMSafeModeManager (SCMSafeModeManager.java:validateSafeModeExitRules(138)) - OneReplicaPipelineSafeModeRule rule is successfully validated
2025-10-16 19:47:26,326 [bed9314d-2aab-40ad-9a80-177434bab325@group-94071A26A1CE-StateMachineUpdater] INFO  safemode.SCMSafeModeManager (SCMSafeModeManager.java:validateSafeModeExitRules(138)) - ECContainerSafeModeRule rule is successfully validated
2025-10-16 19:47:26,327 [702cb173-5c73-4ecc-b5cd-c7b4a6b66aea-EndpointStateMachineTaskThread-/0.0.0.0:15002-0 ] INFO  volume.ThrottledAsyncChecker (ThrottledAsyncChecker.java:schedule(138)) - Scheduling a check for /home/runner/work/ozone/ozone/hadoop-ozone/integration-test/target/test-dir/MiniOzoneClusterImpl-e7911277-7775-4457-96c8-94071a26a1ce/ozone-metadata/datanode-11/data-0/hdds
2025-10-16 19:47:26,327 [Socket Reader #2 for port 15107] INFO  ipc.Server (Server.java:run(1474)) - Starting Socket Reader #2 for port 15107
2025-10-16 19:47:26,328 [RatisPipelineUtilsThread-0] INFO  pipeline.BackgroundPipelineCreator (BackgroundPipelineCreator.java:createPipelines(246)) - Created new pipeline Pipeline{ Id: 8f9acfe3-5569-4a29-b935-ee898a0a2821, Nodes: [ {8a0fa2ff-b550-4652-b2fe-0cf91cd4a157(localhost/127.0.0.1), ReplicaIndex: 0}, {76d4ba71-5bbb-4b24-8f51-8bc7f78aaca4(localhost/127.0.0.1), ReplicaIndex: 0}, {e072d245-7694-4d97-8e20-c503ebf8c2fe(localhost/127.0.0.1), ReplicaIndex: 0},], ReplicationConfig: RATIS/THREE, State:ALLOCATED, leaderId:, CreationTimestamp2025-10-16T19:47:26.320292392Z[Etc/UTC]}
2025-10-16 19:47:26,329 [Socket Reader #3 for port 15107] INFO  ipc.Server (Server.java:run(1474)) - Starting Socket Reader #3 for port 15107
2025-10-16 19:47:26,330 [RatisPipelineUtilsThread-0] INFO  pipeline.RatisPipelineProvider (RatisPipelineProvider.java:lambda$create$0(208)) - Sending CreatePipelineCommand for pipeline:Pipeline-36c7da6a-14e2-433e-b882-35c832a27f16 to datanode:e072d245-7694-4d97-8e20-c503ebf8c2fe(localhost/127.0.0.1)
2025-10-16 19:47:26,330 [RatisPipelineUtilsThread-0] INFO  pipeline.RatisPipelineProvider (RatisPipelineProvider.java:lambda$create$0(208)) - Sending CreatePipelineCommand for pipeline:Pipeline-36c7da6a-14e2-433e-b882-35c832a27f16 to datanode:76d4ba71-5bbb-4b24-8f51-8bc7f78aaca4(localhost/127.0.0.1)
2025-10-16 19:47:26,330 [RatisPipelineUtilsThread-0] INFO  pipeline.RatisPipelineProvider (RatisPipelineProvider.java:lambda$create$0(208)) - Sending CreatePipelineCommand for pipeline:Pipeline-36c7da6a-14e2-433e-b882-35c832a27f16 to datanode:8a0fa2ff-b550-4652-b2fe-0cf91cd4a157(localhost/127.0.0.1)
2025-10-16 19:47:26,330 [Socket Reader #4 for port 15107] INFO  ipc.Server (Server.java:run(1474)) - Starting Socket Reader #4 for port 15107
2025-10-16 19:47:26,331 [Socket Reader #5 for port 15107] INFO  ipc.Server (Server.java:run(1474)) - Starting Socket Reader #5 for port 15107
2025-10-16 19:47:26,332 [Socket Reader #6 for port 15107] INFO  ipc.Server (Server.java:run(1474)) - Starting Socket Reader #6 for port 15107
2025-10-16 19:47:26,333 [Socket Reader #7 for port 15107] INFO  ipc.Server (Server.java:run(1474)) - Starting Socket Reader #7 for port 15107
2025-10-16 19:47:26,333 [Socket Reader #8 for port 15107] INFO  ipc.Server (Server.java:run(1474)) - Starting Socket Reader #8 for port 15107
2025-10-16 19:47:26,334 [Socket Reader #9 for port 15107] INFO  ipc.Server (Server.java:run(1474)) - Starting Socket Reader #9 for port 15107
2025-10-16 19:47:26,336 [702cb173-5c73-4ecc-b5cd-c7b4a6b66aea-EndpointStateMachineTaskThread-/0.0.0.0:15002-0 ] INFO  volume.StorageVolumeChecker (StorageVolumeChecker.java:checkAllVolumes(231)) - Scheduled health check for volume /home/runner/work/ozone/ozone/hadoop-ozone/integration-test/target/test-dir/MiniOzoneClusterImpl-e7911277-7775-4457-96c8-94071a26a1ce/ozone-metadata/datanode-11/data-0/hdds
2025-10-16 19:47:26,336 [Socket Reader #10 for port 15107] INFO  ipc.Server (Server.java:run(1474)) - Starting Socket Reader #10 for port 15107
2025-10-16 19:47:26,336 [bed9314d-2aab-40ad-9a80-177434bab325@group-94071A26A1CE-StateMachineUpdater] INFO  safemode.SCMSafeModeManager (SCMSafeModeManager.java:validateSafeModeExitRules(138)) - DataNodeSafeModeRule rule is successfully validated
2025-10-16 19:47:26,338 [bed9314d-2aab-40ad-9a80-177434bab325@group-94071A26A1CE-StateMachineUpdater] INFO  safemode.SCMSafeModeManager (SCMSafeModeManager.java:validateSafeModeExitRules(138)) - RatisContainerSafeModeRule rule is successfully validated
2025-10-16 19:47:26,339 [bed9314d-2aab-40ad-9a80-177434bab325@group-94071A26A1CE-StateMachineUpdater] INFO  safemode.HealthyPipelineSafeModeRule (HealthyPipelineSafeModeRule.java:initializeRule(226)) - Refreshed total pipeline count is 0, healthy pipeline threshold count is 1
2025-10-16 19:47:26,339 [bed9314d-2aab-40ad-9a80-177434bab325@group-94071A26A1CE-StateMachineUpdater] INFO  safemode.SCMSafeModeManager (SCMSafeModeManager.java:validateSafeModeExitRules(138)) - OneReplicaPipelineSafeModeRule rule is successfully validated
2025-10-16 19:47:26,339 [bed9314d-2aab-40ad-9a80-177434bab325@group-94071A26A1CE-StateMachineUpdater] INFO  safemode.SCMSafeModeManager (SCMSafeModeManager.java:validateSafeModeExitRules(138)) - ECContainerSafeModeRule rule is successfully validated
2025-10-16 19:47:26,339 [RatisPipelineUtilsThread-0] INFO  pipeline.PipelineManagerImpl (PipelineManagerImpl.java:recordMetricsForPipeline(922)) - Pipeline-36c7da6a-14e2-433e-b882-35c832a27f16 and Pipeline-8f9acfe3-5569-4a29-b935-ee898a0a2821 have exactly the same set of datanodes: [e072d245-7694-4d97-8e20-c503ebf8c2fe(localhost/127.0.0.1), 76d4ba71-5bbb-4b24-8f51-8bc7f78aaca4(localhost/127.0.0.1), 8a0fa2ff-b550-4652-b2fe-0cf91cd4a157(localhost/127.0.0.1)]
2025-10-16 19:47:26,339 [RatisPipelineUtilsThread-0] INFO  pipeline.BackgroundPipelineCreator (BackgroundPipelineCreator.java:createPipelines(246)) - Created new pipeline Pipeline{ Id: 36c7da6a-14e2-433e-b882-35c832a27f16, Nodes: [ {e072d245-7694-4d97-8e20-c503ebf8c2fe(localhost/127.0.0.1), ReplicaIndex: 0}, {76d4ba71-5bbb-4b24-8f51-8bc7f78aaca4(localhost/127.0.0.1), ReplicaIndex: 0}, {8a0fa2ff-b550-4652-b2fe-0cf91cd4a157(localhost/127.0.0.1), ReplicaIndex: 0},], ReplicationConfig: RATIS/THREE, State:ALLOCATED, leaderId:, CreationTimestamp2025-10-16T19:47:26.330113696Z[Etc/UTC]}
2025-10-16 19:47:26,340 [ForkJoinPool-1-worker-1] INFO  ozone.HddsDatanodeService (HddsDatanodeService.java:start(333)) - Datanode start with admins: [admin, runner]
2025-10-16 19:47:26,340 [ForkJoinPool-1-worker-1] INFO  ozone.HddsDatanodeClientProtocolServer (HddsDatanodeClientProtocolServer.java:start(76)) - RPC server for Client /0.0.0.0:15107
2025-10-16 19:47:26,341 [IPC Server Responder] INFO  ipc.Server (Server.java:run(1713)) - IPC Server Responder: starting
2025-10-16 19:47:26,341 [IPC Server listener on 15107] INFO  ipc.Server (Server.java:run(1553)) - IPC Server listener on 15107: starting
2025-10-16 19:47:26,344 [702cb173-5c73-4ecc-b5cd-c7b4a6b66aea-EndpointStateMachineTaskThread-/0.0.0.0:15002-0 ] INFO  volume.ThrottledAsyncChecker (ThrottledAsyncChecker.java:schedule(138)) - Scheduling a check for /home/runner/work/ozone/ozone/hadoop-ozone/integration-test/target/test-dir/MiniOzoneClusterImpl-e7911277-7775-4457-96c8-94071a26a1ce/ozone-metadata/datanode-11/ratis
2025-10-16 19:47:26,345 [702cb173-5c73-4ecc-b5cd-c7b4a6b66aea-EndpointStateMachineTaskThread-/0.0.0.0:15002-0 ] INFO  volume.StorageVolumeChecker (StorageVolumeChecker.java:checkAllVolumes(231)) - Scheduled health check for volume /home/runner/work/ozone/ozone/hadoop-ozone/integration-test/target/test-dir/MiniOzoneClusterImpl-e7911277-7775-4457-96c8-94071a26a1ce/ozone-metadata/datanode-11/ratis
2025-10-16 19:47:26,346 [702cb173-5c73-4ecc-b5cd-c7b4a6b66aea-EndpointStateMachineTaskThread-/0.0.0.0:15002-0 ] INFO  ozoneimpl.OzoneContainer (OzoneContainer.java:start(544)) - Attempting to start container services.
2025-10-16 19:47:26,346 [ForkJoinPool-1-worker-1] WARN  dropwizard3.Dm3MetricRegistriesImpl (Dm3MetricRegistriesImpl.java:addReporterRegistration(114)) - New reporters are added after registries were created. Some metrics will be missing from the reporter. Please add reporter before adding any new registry.
2025-10-16 19:47:26,346 [ForkJoinPool-1-worker-1] WARN  dropwizard3.Dm3MetricRegistriesImpl (Dm3MetricRegistriesImpl.java:addReporterRegistration(114)) - New reporters are added after registries were created. Some metrics will be missing from the reporter. Please add reporter before adding any new registry.
2025-10-16 19:47:26,350 [ContainerMetadataScanner] INFO  ozoneimpl.AbstractBackgroundContainerScanner (AbstractBackgroundContainerScanner.java:runIteration(89)) - Completed an iteration in 0 minutes. Number of iterations (since the data-node restart) : 1, Number of containers scanned in this iteration : 0, Number of unhealthy containers found in this iteration : 0
2025-10-16 19:47:26,352 [ContainerDataScanner(/home/runner/work/ozone/ozone/hadoop-ozone/integration-test/target/test-dir/MiniOzoneClusterImpl-e7911277-7775-4457-96c8-94071a26a1ce/ozone-metadata/datanode-11/data-0/hdds)] INFO  ozoneimpl.AbstractBackgroundContainerScanner (AbstractBackgroundContainerScanner.java:runIteration(89)) - Completed an iteration in 0 minutes. Number of iterations (since the data-node restart) : 1, Number of containers scanned in this iteration : 0, Number of unhealthy containers found in this iteration : 0
2025-10-16 19:47:26,353 [702cb173-5c73-4ecc-b5cd-c7b4a6b66aea-EndpointStateMachineTaskThread-/0.0.0.0:15002-0 ] INFO  replication.ReplicationServer (ReplicationServer.java:start(137)) - ReplicationServer is started using port 15097
2025-10-16 19:47:26,354 [702cb173-5c73-4ecc-b5cd-c7b4a6b66aea-EndpointStateMachineTaskThread-/0.0.0.0:15002-0 ] INFO  ratis.XceiverServerRatis (XceiverServerRatis.java:start(559)) - Starting XceiverServerRatis(702cb173-5c73-4ecc-b5cd-c7b4a6b66aea)
2025-10-16 19:47:26,361 [702cb173-5c73-4ecc-b5cd-c7b4a6b66aea-EndpointStateMachineTaskThread-/0.0.0.0:15002-0 ] INFO  server.RaftServer (RaftServerProxy.java:startImpl(412)) - 702cb173-5c73-4ecc-b5cd-c7b4a6b66aea: start RPC server
2025-10-16 19:47:26,362 [702cb173-5c73-4ecc-b5cd-c7b4a6b66aea-EndpointStateMachineTaskThread-/0.0.0.0:15002-0 ] INFO  server.GrpcServicesImpl (GrpcServicesImpl.java:startImpl(346)) - 702cb173-5c73-4ecc-b5cd-c7b4a6b66aea: GrpcServicesImpl started, listening on 15093
2025-10-16 19:47:26,362 [702cb173-5c73-4ecc-b5cd-c7b4a6b66aea-EndpointStateMachineTaskThread-/0.0.0.0:15002-0 ] INFO  server.GrpcServicesImpl (GrpcServicesImpl.java:startImpl(346)) - 702cb173-5c73-4ecc-b5cd-c7b4a6b66aea: GrpcServicesImpl started, listening on 15095
2025-10-16 19:47:26,364 [702cb173-5c73-4ecc-b5cd-c7b4a6b66aea-EndpointStateMachineTaskThread-/0.0.0.0:15002-0 ] INFO  server.GrpcServicesImpl (GrpcServicesImpl.java:startImpl(346)) - 702cb173-5c73-4ecc-b5cd-c7b4a6b66aea: GrpcServicesImpl started, listening on 15094
2025-10-16 19:47:26,364 [c0724e9c-0dd4-4d47-992c-7bfe285fdd38-DatanodeStateMachineDaemonThread] INFO  statemachine.DatanodeStateMachine (DatanodeStateMachine.java:startStateMachineThread(363)) - Ozone container server started.
2025-10-16 19:47:26,366 [702cb173-5c73-4ecc-b5cd-c7b4a6b66aea-EndpointStateMachineTaskThread-/0.0.0.0:15002-0 ] INFO  ratis.XceiverServerRatis (XceiverServerRatis.java:getRealPort(586)) - XceiverServerRatis(702cb173-5c73-4ecc-b5cd-c7b4a6b66aea) is started using port RATIS=15093
2025-10-16 19:47:26,366 [702cb173-5c73-4ecc-b5cd-c7b4a6b66aea-EndpointStateMachineTaskThread-/0.0.0.0:15002-0 ] INFO  ratis.XceiverServerRatis (XceiverServerRatis.java:getRealPort(586)) - XceiverServerRatis(702cb173-5c73-4ecc-b5cd-c7b4a6b66aea) is started using port RATIS_ADMIN=15094
2025-10-16 19:47:26,366 [702cb173-5c73-4ecc-b5cd-c7b4a6b66aea-EndpointStateMachineTaskThread-/0.0.0.0:15002-0 ] INFO  ratis.XceiverServerRatis (XceiverServerRatis.java:getRealPort(586)) - XceiverServerRatis(702cb173-5c73-4ecc-b5cd-c7b4a6b66aea) is started using port RATIS_SERVER=15095
2025-10-16 19:47:26,366 [702cb173-5c73-4ecc-b5cd-c7b4a6b66aea-EndpointStateMachineTaskThread-/0.0.0.0:15002-0 ] INFO  ratis.XceiverServerRatis (XceiverServerRatis.java:getRealPort(586)) - XceiverServerRatis(702cb173-5c73-4ecc-b5cd-c7b4a6b66aea) is started using port RATIS_DATASTREAM=15096
2025-10-16 19:47:26,367 [JvmPauseMonitor13] INFO  util.JvmPauseMonitor (JvmPauseMonitor.java:run(146)) - JvmPauseMonitor-702cb173-5c73-4ecc-b5cd-c7b4a6b66aea: Started
2025-10-16 19:47:26,371 [702cb173-5c73-4ecc-b5cd-c7b4a6b66aea-EndpointStateMachineTaskThread-/0.0.0.0:15002-0 ] INFO  utils.BackgroundService (BackgroundService.java:start(119)) - Starting service BlockDeletingService with interval 60000 milliseconds
2025-10-16 19:47:26,372 [702cb173-5c73-4ecc-b5cd-c7b4a6b66aea-EndpointStateMachineTaskThread-/0.0.0.0:15002-0 ] INFO  utils.BackgroundService (BackgroundService.java:start(119)) - Starting service StaleRecoveringContainerScrubbingService with interval 60000 milliseconds
2025-10-16 19:47:26,374 [c0724e9c-0dd4-4d47-992c-7bfe285fdd38-DatanodeStateMachineTaskThread-0] INFO  datanode.InitDatanodeState (InitDatanodeState.java:persistContainerDatanodeDetails(139)) - DatanodeDetails is persisted to /home/runner/work/ozone/ozone/hadoop-ozone/integration-test/target/test-dir/MiniOzoneClusterImpl-e7911277-7775-4457-96c8-94071a26a1ce/ozone-metadata/datanode-13/ozone-metadata/datanode.id
2025-10-16 19:47:26,380 [ForkJoinPool-1-worker-1] INFO  protocol.DatanodeDetails (DatanodeDetails.java:validateDatanodeIpAddress(199)) - Updating IP address of datanode 757ca056-973f-4f05-ab2d-6aff6c54d452(localhost/null) to 127.0.0.1
2025-10-16 19:47:26,380 [ForkJoinPool-1-worker-1] INFO  ozone.HddsDatanodeService (HddsDatanodeService.java:start(236)) - HddsDatanodeService 757ca056-973f-4f05-ab2d-6aff6c54d452(localhost/127.0.0.1)
2025-10-16 19:47:26,383 [ForkJoinPool-1-worker-1] INFO  upgrade.AbstractLayoutVersionManager (AbstractLayoutVersionManager.java:init(80)) - Initializing Layout version manager with metadata layout = WITNESSED_CONTAINER_DB_PROTO_VALUE (version = 9), software layout = WITNESSED_CONTAINER_DB_PROTO_VALUE (version = 9)
2025-10-16 19:47:26,384 [ForkJoinPool-1-worker-1] INFO  statemachine.DatanodeStateMachine (DatanodeStateMachine.java:getEndPointTaskThreadPoolSize(321)) - Datanode State Machine Task Thread Pool size 2
2025-10-16 19:47:26,389 [ForkJoinPool-1-worker-1] INFO  volume.HddsVolume (HddsVolume.java:<init>(162)) - HddsVolume: { id=DS-1e489c3a-6f5f-4106-af3c-a091c25610c0 dir=/home/runner/work/ozone/ozone/hadoop-ozone/integration-test/target/test-dir/MiniOzoneClusterImpl-e7911277-7775-4457-96c8-94071a26a1ce/ozone-metadata/datanode-14/data-0/hdds type=DISK capacity=9222449699674390527 used=0 available=9222449699674390527 minFree=184448985434423296 committed=0 }
2025-10-16 19:47:26,390 [ForkJoinPool-1-worker-1] INFO  volume.MutableVolumeSet (MutableVolumeSet.java:initializeVolumeSet(175)) - Added Volume : /home/runner/work/ozone/ozone/hadoop-ozone/integration-test/target/test-dir/MiniOzoneClusterImpl-e7911277-7775-4457-96c8-94071a26a1ce/ozone-metadata/datanode-14/data-0/hdds to VolumeSet
2025-10-16 19:47:26,391 [ForkJoinPool-1-worker-1] INFO  volume.MutableVolumeSet (MutableVolumeSet.java:initializeVolumeSet(175)) - Added Volume : /home/runner/work/ozone/ozone/hadoop-ozone/integration-test/target/test-dir/MiniOzoneClusterImpl-e7911277-7775-4457-96c8-94071a26a1ce/ozone-metadata/datanode-14/ratis to VolumeSet
2025-10-16 19:47:26,395 [ForkJoinPool-1-worker-1] INFO  ozoneimpl.OzoneContainer (HddsVolumeUtil.java:loadAllHddsVolumeDbStore(102)) - Load 1 volumes DbStore cost: 0ms
2025-10-16 19:47:26,399 [ForkJoinPool-1-worker-1] WARN  db.DBStoreBuilder (DBStoreBuilder.java:getDBDirPath(157)) - ozone.scm.datanode.id.dir is not configured. We recommend adding this setting. Falling back to ozone.metadata.dirs instead.
2025-10-16 19:47:26,400 [ForkJoinPool-1-worker-1] WARN  db.DBStoreBuilder (DBStoreBuilder.java:getDBDirPath(157)) - ozone.scm.datanode.id.dir is not configured. We recommend adding this setting. Falling back to ozone.metadata.dirs instead.
2025-10-16 19:47:26,433 | INFO  | SCMAudit | user=runner | ip=127.0.0.1 | op=SEND_HEARTBEAT {"datanodeUUID":"aa213937-adc5-47da-a770-0ee1e4664344","term":"2","command":"[commandType: createPipelineCommand createPipelineCommandProto { pipelineID { id: \"89e8a9f4-f695-4aaa-9f83-b5fe3e1435f4\" uuid128 { mostSigBits: -8509364626342458710 leastSigBits: -6952513296162081292 } } type: RATIS factor: THREE datanode { uuid: \"58cff6b7-b2a7-446b-a75a-bb98ad6b11b8\" ipAddress: \"127.0.0.1\" hostName: \"localhost\" ports { name: \"HTTP\" value: 15042 } ports { name: \"CLIENT_RPC\" value: 15043 } ports { name: \"REPLICATION\" value: 15049 } ports { name: \"RATIS\" value: 15045 } ports { name: \"RATIS_ADMIN\" value: 15046 } ports { name: \"RATIS_SERVER\" value: 15047 } ports { name: \"RATIS_DATASTREAM\" value: 15048 } ports { name: \"STANDALONE\" value: 15044 } networkName: \"58cff6b7-b2a7-446b-a75a-bb98ad6b11b8\" networkLocation: \"/default-rack\" persistedOpState: IN_SERVICE persistedOpStateExpiry: 0 currentVersion: 2 uuid128 { mostSigBits: 6399604864353518699 leastSigBits: -6387586857052728904 } level: 3 id { uuid { mostSigBits: 6399604864353518699 leastSigBits: -6387586857052728904 } } } datanode { uuid: \"aa213937-adc5-47da-a770-0ee1e4664344\" ipAddress: \"127.0.0.1\" hostName: \"localhost\" ports { name: \"HTTP\" value: 15034 } ports { name: \"CLIENT_RPC\" value: 15035 } ports { name: \"REPLICATION\" value: 15041 } ports { name: \"RATIS\" value: 15037 } ports { name: \"RATIS_ADMIN\" value: 15038 } ports { name: \"RATIS_SERVER\" value: 15039 } ports { name: \"RATIS_DATASTREAM\" value: 15040 } ports { name: \"STANDALONE\" value: 15036 } networkName: \"aa213937-adc5-47da-a770-0ee1e4664344\" networkLocation: \"/default-rack\" persistedOpState: IN_SERVICE persistedOpStateExpiry: 0 currentVersion: 2 uuid128 { mostSigBits: -6187601501728978982 leastSigBits: -6381584308621655228 } level: 3 id { uuid { mostSigBits: -6187601501728978982 leastSigBits: -6381584308621655228 } } } datanode { uuid: \"0428ab3f-efd5-438e-ae11-9ec242443260\" ipAddress: \"127.0.0.1\" hostName: \"localhost\" ports { name: \"HTTP\" value: 15050 } ports { name: \"CLIENT_RPC\" value: 15051 } ports { name: \"REPLICATION\" value: 15057 } ports { name: \"RATIS\" value: 15053 } ports { name: \"RATIS_ADMIN\" value: 15054 } ports { name: \"RATIS_SERVER\" value: 15055 } ports { name: \"RATIS_DATASTREAM\" value: 15056 } ports { name: \"STANDALONE\" value: 15052 } networkName: \"0428ab3f-efd5-438e-ae11-9ec242443260\" networkLocation: \"/default-rack\" persistedOpState: IN_SERVICE persistedOpStateExpiry: 0 currentVersion: 2 uuid128 { mostSigBits: 299677666315158414 leastSigBits: -5903763079333399968 } level: 3 id { uuid { mostSigBits: 299677666315158414 leastSigBits: -5903763079333399968 } } } cmdId: 1760644044134 priority: 1 priority: 0 priority: 0 } term: 2 encodedToken: \"\" deadlineMsSinceEpoch: 0, commandType: createPipelineCommand createPipelineCommandProto { pipelineID { id: \"3eff9fe2-c62c-48a6-bb56-8c9103a5e9b1\" uuid128 { mostSigBits: 4539522745748965542 leastSigBits: -4947612586160559695 } } type: RATIS factor: THREE datanode { uuid: \"58cff6b7-b2a7-446b-a75a-bb98ad6b11b8\" ipAddress: \"127.0.0.1\" hostName: \"localhost\" ports { name: \"HTTP\" value: 15042 } ports { name: \"CLIENT_RPC\" value: 15043 } ports { name: \"REPLICATION\" value: 15049 } ports { name: \"RATIS\" value: 15045 } ports { name: \"RATIS_ADMIN\" value: 15046 } ports { name: \"RATIS_SERVER\" value: 15047 } ports { name: \"RATIS_DATASTREAM\" value: 15048 } ports { name: \"STANDALONE\" value: 15044 } networkName: \"58cff6b7-b2a7-446b-a75a-bb98ad6b11b8\" networkLocation: \"/default-rack\" persistedOpState: IN_SERVICE persistedOpStateExpiry: 0 currentVersion: 2 uuid128 { mostSigBits: 6399604864353518699 leastSigBits: -6387586857052728904 } level: 3 id { uuid { mostSigBits: 6399604864353518699 leastSigBits: -6387586857052728904 } } } datanode { uuid: \"0428ab3f-efd5-438e-ae11-9ec242443260\" ipAddress: \"127.0.0.1\" hostName: \"localhost\" ports { name: \"HTTP\" value: 15050 } ports { name: \"CLIENT_RPC\" value: 15051 } ports { name: \"REPLICATION\" value: 15057 } ports { name: \"RATIS\" value: 15053 } ports { name: \"RATIS_ADMIN\" value: 15054 } ports { name: \"RATIS_SERVER\" value: 15055 } ports { name: \"RATIS_DATASTREAM\" value: 15056 } ports { name: \"STANDALONE\" value: 15052 } networkName: \"0428ab3f-efd5-438e-ae11-9ec242443260\" networkLocation: \"/default-rack\" persistedOpState: IN_SERVICE persistedOpStateExpiry: 0 currentVersion: 2 uuid128 { mostSigBits: 299677666315158414 leastSigBits: -5903763079333399968 } level: 3 id { uuid { mostSigBits: 299677666315158414 leastSigBits: -5903763079333399968 } } } datanode { uuid: \"aa213937-adc5-47da-a770-0ee1e4664344\" ipAddress: \"127.0.0.1\" hostName: \"localhost\" ports { name: \"HTTP\" value: 15034 } ports { name: \"CLIENT_RPC\" value: 15035 } ports { name: \"REPLICATION\" value: 15041 } ports { name: \"RATIS\" value: 15037 } ports { name: \"RATIS_ADMIN\" value: 15038 } ports { name: \"RATIS_SERVER\" value: 15039 } ports { name: \"RATIS_DATASTREAM\" value: 15040 } ports { name: \"STANDALONE\" value: 15036 } networkName: \"aa213937-adc5-47da-a770-0ee1e4664344\" networkLocation: \"/default-rack\" persistedOpState: IN_SERVICE persistedOpStateExpiry: 0 currentVersion: 2 uuid128 { mostSigBits: -6187601501728978982 leastSigBits: -6381584308621655228 } level: 3 id { uuid { mostSigBits: -6187601501728978982 leastSigBits: -6381584308621655228 } } } cmdId: 1760644044135 priority: 0 priority: 0 priority: 1 } term: 2 encodedToken: \"\" deadlineMsSinceEpoch: 0]"} | ret=SUCCESS |  
2025-10-16 19:47:26,437 [ForkJoinPool-1-worker-1] INFO  impl.FilePerChunkStrategy (FilePerChunkStrategy.java:<init>(79)) - ozone.chunk.read.mapped.buffer.max.count is load with 0
2025-10-16 19:47:26,437 [ForkJoinPool-1-worker-1] INFO  impl.FilePerBlockStrategy (FilePerBlockStrategy.java:<init>(88)) - ozone.chunk.read.mapped.buffer.max.count is load with 0
2025-10-16 19:47:26,438 [ForkJoinPool-1-worker-1] INFO  server.RaftServerConfigKeys (ConfUtils.java:logGet(62)) - raft.server.log.appender.buffer.byte-limit = 33554432 (custom)
2025-10-16 19:47:26,440 [ForkJoinPool-1-worker-1] INFO  grpc.GrpcConfigKeys (ConfUtils.java:logFallback(69)) - raft.grpc.admin.host = null (fallback to raft.grpc.server.host)
2025-10-16 19:47:26,440 [ForkJoinPool-1-worker-1] INFO  grpc.GrpcConfigKeys (ConfUtils.java:logGet(62)) - raft.grpc.admin.port = 15118 (custom)
2025-10-16 19:47:26,440 [ForkJoinPool-1-worker-1] INFO  grpc.GrpcConfigKeys (ConfUtils.java:logFallback(69)) - raft.grpc.client.host = null (fallback to raft.grpc.server.host)
2025-10-16 19:47:26,440 [ForkJoinPool-1-worker-1] INFO  grpc.GrpcConfigKeys (ConfUtils.java:logGet(62)) - raft.grpc.client.port = 15117 (custom)
2025-10-16 19:47:26,440 [ForkJoinPool-1-worker-1] INFO  grpc.GrpcConfigKeys (ConfUtils.java:logGet(62)) - raft.grpc.server.port = 15119 (custom)
2025-10-16 19:47:26,440 [ForkJoinPool-1-worker-1] INFO  server.GrpcServicesImpl (ConfUtils.java:logGet(62)) - raft.grpc.message.size.max = 34603008 (custom)
2025-10-16 19:47:26,440 [ForkJoinPool-1-worker-1] INFO  server.GrpcServicesImpl (ConfUtils.java:logGet(62)) - raft.grpc.flow.control.window = 5MB (=5242880) (custom)
2025-10-16 19:47:26,441 [ForkJoinPool-1-worker-1] INFO  server.RaftServerConfigKeys (ConfUtils.java:logGet(62)) - raft.server.log.appender.buffer.byte-limit = 33554432 (custom)
2025-10-16 19:47:26,442 [ForkJoinPool-1-worker-1] INFO  netty.NettyUtils (NettyUtils.java:newEventLoopGroup(74)) - Create EpollEventLoopGroup for 757ca056-973f-4f05-ab2d-6aff6c54d452-NettyServerStreamRpc-bossGroup; Thread size is 0.
2025-10-16 19:47:26,443 [ForkJoinPool-1-worker-1] INFO  netty.NettyUtils (NettyUtils.java:newEventLoopGroup(74)) - Create EpollEventLoopGroup for 757ca056-973f-4f05-ab2d-6aff6c54d452-NettyServerStreamRpc-workerGroup; Thread size is 0.
2025-10-16 19:47:26,443 [ForkJoinPool-1-worker-1] INFO  netty.NettyConfigKeys$DataStream (ConfUtils.java:logGet(62)) - raft.netty.dataStream.port = 15120 (custom)
2025-10-16 19:47:26,444 [ForkJoinPool-1-worker-1] INFO  server.RaftServerConfigKeys (ConfUtils.java:logGet(62)) - raft.server.storage.dir = [/home/runner/work/ozone/ozone/hadoop-ozone/integration-test/target/test-dir/MiniOzoneClusterImpl-e7911277-7775-4457-96c8-94071a26a1ce/ozone-metadata/datanode-14/ratis] (custom)
2025-10-16 19:47:26,445 [757ca056-973f-4f05-ab2d-6aff6c54d452-NettyServerStreamRpc-bossGroup--thread1] INFO  logging.LoggingHandler (AbstractInternalLogger.java:log(148)) - [id: 0x5361b0b7] REGISTERED
2025-10-16 19:47:26,445 [757ca056-973f-4f05-ab2d-6aff6c54d452-impl-thread1] INFO  server.RaftServer (RaftServerProxy.java:initGroupDir(270)) - 757ca056-973f-4f05-ab2d-6aff6c54d452: found a subdirectory /home/runner/work/ozone/ozone/hadoop-ozone/integration-test/target/test-dir/MiniOzoneClusterImpl-e7911277-7775-4457-96c8-94071a26a1ce/ozone-metadata/datanode-14/ratis/tmp
2025-10-16 19:47:26,445 [757ca056-973f-4f05-ab2d-6aff6c54d452-impl-thread1] INFO  server.RaftServer (RaftServerProxy.java:initGroupDir(275)) - 757ca056-973f-4f05-ab2d-6aff6c54d452: The directory /home/runner/work/ozone/ozone/hadoop-ozone/integration-test/target/test-dir/MiniOzoneClusterImpl-e7911277-7775-4457-96c8-94071a26a1ce/ozone-metadata/datanode-14/ratis/tmp is not a group directory; ignoring it. 
2025-10-16 19:47:26,445 [757ca056-973f-4f05-ab2d-6aff6c54d452-NettyServerStreamRpc-bossGroup--thread1] INFO  logging.LoggingHandler (AbstractInternalLogger.java:log(148)) - [id: 0x5361b0b7] BIND: 0.0.0.0/0.0.0.0:15120
2025-10-16 19:47:26,445 [757ca056-973f-4f05-ab2d-6aff6c54d452-NettyServerStreamRpc-bossGroup--thread1] INFO  logging.LoggingHandler (AbstractInternalLogger.java:log(148)) - [id: 0x5361b0b7, L:/0.0.0.0:15120] ACTIVE
2025-10-16 19:47:26,445 [ForkJoinPool-1-worker-1] INFO  replication.ReplicationServer (ReplicationServer.java:<init>(84)) - Initializing replication server with thread count = 10 queue length = 4096
2025-10-16 19:47:26,447 [ForkJoinPool-1-worker-1] INFO  server.XceiverServerGrpc (XceiverServerGrpc.java:<init>(129)) - GrpcServer channel type EpollServerSocketChannel
2025-10-16 19:47:26,448 [ForkJoinPool-1-worker-1] INFO  replication.ReplicationSupervisor (ReplicationSupervisor.java:build(169)) - Initializing replication supervisor with thread count = 10
2025-10-16 19:47:26,448 [ForkJoinPool-1-worker-1] INFO  replication.ReplicationSupervisor (ReplicationSupervisor.java:nodeStateUpdated(358)) - Node state updated to IN_SERVICE, scaling executor pool size to 10
2025-10-16 19:47:26,452 [ForkJoinPool-1-worker-1] INFO  http.BaseHttpServer (BaseHttpServer.java:newHttpServer2BuilderForOzone(227)) - Starting Web-server for hddsDatanode at: http://0.0.0.0:15114
2025-10-16 19:47:26,452 [ForkJoinPool-1-worker-1] INFO  http.BaseHttpServer (BaseHttpServer.java:<init>(105)) - Hadoop Security Enabled: false Ozone Security Enabled: false Ozone HTTP Security Enabled: false 
2025-10-16 19:47:26,454 [ForkJoinPool-1-worker-1] WARN  server.AuthenticationFilter (AuthenticationFilter.java:constructSecretProvider(240)) - Unable to initialize FileSignerSecretProvider, falling back to use random secrets. Reason: Could not read signature secret file: /home/runner/hadoop-http-auth-signature-secret
2025-10-16 19:47:26,456 [ForkJoinPool-1-worker-1] INFO  http.HttpServer2 (HttpServer2.java:addGlobalFilter(1040)) - Added global filter 'safety' (class=org.apache.hadoop.hdds.server.http.HttpServer2$QuotingInputFilter)
2025-10-16 19:47:26,458 [ForkJoinPool-1-worker-1] INFO  http.HttpServer2 (HttpServer2.java:addFilter(1016)) - Added filter static_user_filter (class=org.apache.hadoop.http.lib.StaticUserWebFilter$StaticUserFilter) to context hddsDatanode
2025-10-16 19:47:26,458 [ForkJoinPool-1-worker-1] INFO  http.HttpServer2 (HttpServer2.java:addFilter(1024)) - Added filter static_user_filter (class=org.apache.hadoop.http.lib.StaticUserWebFilter$StaticUserFilter) to context logs
2025-10-16 19:47:26,458 [ForkJoinPool-1-worker-1] INFO  http.HttpServer2 (HttpServer2.java:addFilter(1024)) - Added filter static_user_filter (class=org.apache.hadoop.http.lib.StaticUserWebFilter$StaticUserFilter) to context static
2025-10-16 19:47:26,458 [ForkJoinPool-1-worker-1] INFO  http.BaseHttpServer (BaseHttpServer.java:<init>(193)) - HTTP server of hddsDatanode uses base directory /home/runner/work/ozone/ozone/hadoop-ozone/integration-test/target/test-dir/MiniOzoneClusterImpl-e7911277-7775-4457-96c8-94071a26a1ce/scm/ozone-metadata/webserver
2025-10-16 19:47:26,459 [ForkJoinPool-1-worker-1] INFO  http.HttpServer2 (HttpServer2.java:bindListener(1240)) - Jetty bound to port 15114
2025-10-16 19:47:26,459 [ForkJoinPool-1-worker-1] INFO  server.Server (Server.java:doStart(375)) - jetty-9.4.58.v20250814; built: 2025-08-14T02:28:49.637Z; git: 8f1440587e9e4ae7db3d74cf205643f3d707148d; jvm 21.0.8+9-LTS
2025-10-16 19:47:26,462 [ForkJoinPool-1-worker-1] INFO  server.session (DefaultSessionIdManager.java:doStart(334)) - DefaultSessionIdManager workerName=node0
2025-10-16 19:47:26,462 [ForkJoinPool-1-worker-1] INFO  server.session (DefaultSessionIdManager.java:doStart(339)) - No SessionScavenger set, using defaults
2025-10-16 19:47:26,462 [ForkJoinPool-1-worker-1] INFO  server.session (HouseKeeper.java:startScavenging(132)) - node0 Scavenging every 660000ms
2025-10-16 19:47:26,463 [ForkJoinPool-1-worker-1] INFO  handler.ContextHandler (ContextHandler.java:doStart(921)) - Started o.e.j.s.ServletContextHandler@6bba8ba9{logs,/logs,file:///home/runner/work/ozone/ozone/hadoop-ozone/integration-test/target/log,AVAILABLE}
2025-10-16 19:47:26,464 [ForkJoinPool-1-worker-1] INFO  handler.ContextHandler (ContextHandler.java:doStart(921)) - Started o.e.j.s.ServletContextHandler@636244f{static,/static,jar:file:/home/runner/work/ozone/ozone/hadoop-hdds/container-service/target/hdds-container-service-2.1.0-SNAPSHOT.jar!/webapps/static,AVAILABLE}
2025-10-16 19:47:26,520 | INFO  | SCMAudit | user=runner | ip=127.0.0.1 | op=GET_VERSION {} | ret=SUCCESS |  
2025-10-16 19:47:26,531 [IPC Server handler 11 on default port 15002] INFO  net.NetworkTopologyImpl (NetworkTopologyImpl.java:add(133)) - Added a new node: /default-rack/0e8b6cc7-9945-4141-97fc-6aa017a0d5fa
2025-10-16 19:47:26,531 [IPC Server handler 11 on default port 15002] INFO  node.SCMNodeManager (SCMNodeManager.java:register(423)) - Registered datanode: 0e8b6cc7-9945-4141-97fc-6aa017a0d5fa{ip: 127.0.0.1, host: localhost, ports: [HTTP=15082, CLIENT_RPC=15083, REPLICATION=15089, RATIS=15085, RATIS_ADMIN=15086, RATIS_SERVER=15087, RATIS_DATASTREAM=15088, STANDALONE=15084], networkLocation: /default-rack, certSerialId: null, persistedOpState: null, persistedOpStateExpiryEpochSec: 0}
2025-10-16 19:47:26,533 [EventQueue-NewNodeForNewNodeHandler] INFO  pipeline.BackgroundPipelineCreator (BackgroundPipelineCreator.java:notifyEventTriggered(290)) - trigger a one-shot run on RatisPipelineUtilsThread.
2025-10-16 19:47:26,534 [RatisPipelineUtilsThread-0] INFO  pipeline.RatisPipelineProvider (RatisPipelineProvider.java:lambda$create$0(208)) - Sending CreatePipelineCommand for pipeline:Pipeline-92ea35ee-dd22-44d3-934b-8dfaecde7329 to datanode:0e8b6cc7-9945-4141-97fc-6aa017a0d5fa(localhost/127.0.0.1)
2025-10-16 19:47:26,535 [EventQueue-ContainerRegistrationReportForECContainerSafeModeRule] INFO  safemode.SCMSafeModeManager (SCMSafeModeManager.java:validateSafeModeExitRules(138)) - ECContainerSafeModeRule rule is successfully validated
2025-10-16 19:47:26,535 | INFO  | SCMAudit | user=runner | ip=127.0.0.1 | op=REGISTER {"datanodeDetails":"0e8b6cc7-9945-4141-97fc-6aa017a0d5fa(localhost/127.0.0.1)"} | ret=SUCCESS |  
2025-10-16 19:47:26,536 [EventQueue-NodeRegistrationContainerReportForDataNodeSafeModeRule] INFO  safemode.SCMSafeModeManager (SCMSafeModeManager.java:validateSafeModeExitRules(138)) - DataNodeSafeModeRule rule is successfully validated
2025-10-16 19:47:26,536 [EventQueue-PipelineReportForOneReplicaPipelineSafeModeRule] INFO  safemode.SCMSafeModeManager (SCMSafeModeManager.java:validateSafeModeExitRules(138)) - OneReplicaPipelineSafeModeRule rule is successfully validated
2025-10-16 19:47:26,537 [EventQueue-ContainerRegistrationReportForRatisContainerSafeModeRule] INFO  safemode.SCMSafeModeManager (SCMSafeModeManager.java:validateSafeModeExitRules(138)) - RatisContainerSafeModeRule rule is successfully validated
2025-10-16 19:47:26,541 [bed9314d-2aab-40ad-9a80-177434bab325@group-94071A26A1CE-StateMachineUpdater] INFO  safemode.SCMSafeModeManager (SCMSafeModeManager.java:validateSafeModeExitRules(138)) - DataNodeSafeModeRule rule is successfully validated
2025-10-16 19:47:26,541 [bed9314d-2aab-40ad-9a80-177434bab325@group-94071A26A1CE-StateMachineUpdater] INFO  safemode.SCMSafeModeManager (SCMSafeModeManager.java:validateSafeModeExitRules(138)) - RatisContainerSafeModeRule rule is successfully validated
2025-10-16 19:47:26,541 [bed9314d-2aab-40ad-9a80-177434bab325@group-94071A26A1CE-StateMachineUpdater] INFO  safemode.HealthyPipelineSafeModeRule (HealthyPipelineSafeModeRule.java:initializeRule(226)) - Refreshed total pipeline count is 0, healthy pipeline threshold count is 1
2025-10-16 19:47:26,542 [bed9314d-2aab-40ad-9a80-177434bab325@group-94071A26A1CE-StateMachineUpdater] INFO  safemode.SCMSafeModeManager (SCMSafeModeManager.java:validateSafeModeExitRules(138)) - OneReplicaPipelineSafeModeRule rule is successfully validated
2025-10-16 19:47:26,542 [bed9314d-2aab-40ad-9a80-177434bab325@group-94071A26A1CE-StateMachineUpdater] INFO  safemode.SCMSafeModeManager (SCMSafeModeManager.java:validateSafeModeExitRules(138)) - ECContainerSafeModeRule rule is successfully validated
2025-10-16 19:47:26,543 [RatisPipelineUtilsThread-0] INFO  pipeline.BackgroundPipelineCreator (BackgroundPipelineCreator.java:createPipelines(246)) - Created new pipeline Pipeline{ Id: 92ea35ee-dd22-44d3-934b-8dfaecde7329, Nodes: [ {0e8b6cc7-9945-4141-97fc-6aa017a0d5fa(localhost/127.0.0.1), ReplicaIndex: 0},], ReplicationConfig: RATIS/ONE, State:ALLOCATED, leaderId:, CreationTimestamp2025-10-16T19:47:26.534574893Z[Etc/UTC]}
2025-10-16 19:47:26,546 | INFO  | SCMAudit | user=runner | ip=127.0.0.1 | op=SEND_HEARTBEAT {"datanodeUUID":"76d4ba71-5bbb-4b24-8f51-8bc7f78aaca4","term":"2","command":"[commandType: createPipelineCommand createPipelineCommandProto { pipelineID { id: \"eaa70320-3453-42e2-a14a-ef706a04258b\" uuid128 { mostSigBits: -1538257310872026398 leastSigBits: -6824379019232533109 } } type: RATIS factor: ONE datanode { uuid: \"76d4ba71-5bbb-4b24-8f51-8bc7f78aaca4\" ipAddress: \"127.0.0.1\" hostName: \"localhost\" ports { name: \"HTTP\" value: 15066 } ports { name: \"CLIENT_RPC\" value: 15067 } ports { name: \"REPLICATION\" value: 15073 } ports { name: \"RATIS\" value: 15069 } ports { name: \"RATIS_ADMIN\" value: 15070 } ports { name: \"RATIS_SERVER\" value: 15071 } ports { name: \"RATIS_DATASTREAM\" value: 15072 } ports { name: \"STANDALONE\" value: 15068 } networkName: \"76d4ba71-5bbb-4b24-8f51-8bc7f78aaca4\" networkLocation: \"/default-rack\" persistedOpState: IN_SERVICE persistedOpStateExpiry: 0 currentVersion: 2 uuid128 { mostSigBits: 8562673787571227428 leastSigBits: -8119554962204480348 } level: 3 id { uuid { mostSigBits: 8562673787571227428 leastSigBits: -8119554962204480348 } } } cmdId: 1760644044137 priority: 1 } term: 2 encodedToken: \"\" deadlineMsSinceEpoch: 0, commandType: createPipelineCommand createPipelineCommandProto { pipelineID { id: \"8f9acfe3-5569-4a29-b935-ee898a0a2821\" uuid128 { mostSigBits: -8098932404574926295 leastSigBits: -5100908728433367007 } } type: RATIS factor: THREE datanode { uuid: \"8a0fa2ff-b550-4652-b2fe-0cf91cd4a157\" ipAddress: \"127.0.0.1\" hostName: \"localhost\" ports { name: \"HTTP\" value: 15074 } ports { name: \"CLIENT_RPC\" value: 15075 } ports { name: \"REPLICATION\" value: 15081 } ports { name: \"RATIS\" value: 15077 } ports { name: \"RATIS_ADMIN\" value: 15078 } ports { name: \"RATIS_SERVER\" value: 15079 } ports { name: \"RATIS_DATASTREAM\" value: 15080 } ports { name: \"STANDALONE\" value: 15076 } networkName: \"8a0fa2ff-b550-4652-b2fe-0cf91cd4a157\" networkLocation: \"/default-rack\" persistedOpState: IN_SERVICE persistedOpStateExpiry: 0 currentVersion: 2 uuid128 { mostSigBits: -8498394752682539438 leastSigBits: -5548983426803785385 } level: 3 id { uuid { mostSigBits: -8498394752682539438 leastSigBits: -5548983426803785385 } } } datanode { uuid: \"76d4ba71-5bbb-4b24-8f51-8bc7f78aaca4\" ipAddress: \"127.0.0.1\" hostName: \"localhost\" ports { name: \"HTTP\" value: 15066 } ports { name: \"CLIENT_RPC\" value: 15067 } ports { name: \"REPLICATION\" value: 15073 } ports { name: \"RATIS\" value: 15069 } ports { name: \"RATIS_ADMIN\" value: 15070 } ports { name: \"RATIS_SERVER\" value: 15071 } ports { name: \"RATIS_DATASTREAM\" value: 15072 } ports { name: \"STANDALONE\" value: 15068 } networkName: \"76d4ba71-5bbb-4b24-8f51-8bc7f78aaca4\" networkLocation: \"/default-rack\" persistedOpState: IN_SERVICE persistedOpStateExpiry: 0 currentVersion: 2 uuid128 { mostSigBits: 8562673787571227428 leastSigBits: -8119554962204480348 } level: 3 id { uuid { mostSigBits: 8562673787571227428 leastSigBits: -8119554962204480348 } } } datanode { uuid: \"e072d245-7694-4d97-8e20-c503ebf8c2fe\" ipAddress: \"127.0.0.1\" hostName: \"localhost\" ports { name: \"HTTP\" value: 15058 } ports { name: \"CLIENT_RPC\" value: 15059 } ports { name: \"REPLICATION\" value: 15065 } ports { name: \"RATIS\" value: 15061 } ports { name: \"RATIS_ADMIN\" value: 15062 } ports { name: \"RATIS_SERVER\" value: 15063 } ports { name: \"RATIS_DATASTREAM\" value: 15064 } ports { name: \"STANDALONE\" value: 15060 } networkName: \"e072d245-7694-4d97-8e20-c503ebf8c2fe\" networkLocation: \"/default-rack\" persistedOpState: IN_SERVICE persistedOpStateExpiry: 0 currentVersion: 2 uuid128 { mostSigBits: -2273523666084672105 leastSigBits: -8205341900434521346 } level: 3 id { uuid { mostSigBits: -2273523666084672105 leastSigBits: -8205341900434521346 } } } cmdId: 1760644044139 priority: 0 priority: 0 priority: 1 } term: 2 encodedToken: \"\" deadlineMsSinceEpoch: 0, commandType: createPipelineCommand createPipelineCommandProto { pipelineID { id: \"36c7da6a-14e2-433e-b882-35c832a27f16\" uuid128 { mostSigBits: 3947363747565290302 leastSigBits: -5151495889799184618 } } type: RATIS factor: THREE datanode { uuid: \"e072d245-7694-4d97-8e20-c503ebf8c2fe\" ipAddress: \"127.0.0.1\" hostName: \"localhost\" ports { name: \"HTTP\" value: 15058 } ports { name: \"CLIENT_RPC\" value: 15059 } ports { name: \"REPLICATION\" value: 15065 } ports { name: \"RATIS\" value: 15061 } ports { name: \"RATIS_ADMIN\" value: 15062 } ports { name: \"RATIS_SERVER\" value: 15063 } ports { name: \"RATIS_DATASTREAM\" value: 15064 } ports { name: \"STANDALONE\" value: 15060 } networkName: \"e072d245-7694-4d97-8e20-c503ebf8c2fe\" networkLocation: \"/default-rack\" persistedOpState: IN_SERVICE persistedOpStateExpiry: 0 currentVersion: 2 uuid128 { mostSigBits: -2273523666084672105 leastSigBits: -8205341900434521346 } level: 3 id { uuid { mostSigBits: -2273523666084672105 leastSigBits: -8205341900434521346 } } } datanode { uuid: \"76d4ba71-5bbb-4b24-8f51-8bc7f78aaca4\" ipAddress: \"127.0.0.1\" hostName: \"localhost\" ports { name: \"HTTP\" value: 15066 } ports { name: \"CLIENT_RPC\" value: 15067 } ports { name: \"REPLICATION\" value: 15073 } ports { name: \"RATIS\" value: 15069 } ports { name: \"RATIS_ADMIN\" value: 15070 } ports { name: \"RATIS_SERVER\" value: 15071 } ports { name: \"RATIS_DATASTREAM\" value: 15072 } ports { name: \"STANDALONE\" value: 15068 } networkName: \"76d4ba71-5bbb-4b24-8f51-8bc7f78aaca4\" networkLocation: \"/default-rack\" persistedOpState: IN_SERVICE persistedOpStateExpiry: 0 currentVersion: 2 uuid128 { mostSigBits: 8562673787571227428 leastSigBits: -8119554962204480348 } level: 3 id { uuid { mostSigBits: 8562673787571227428 leastSigBits: -8119554962204480348 } } } datanode { uuid: \"8a0fa2ff-b550-4652-b2fe-0cf91cd4a157\" ipAddress: \"127.0.0.1\" hostName: \"localhost\" ports { name: \"HTTP\" value: 15074 } ports { name: \"CLIENT_RPC\" value: 15075 } ports { name: \"REPLICATION\" value: 15081 } ports { name: \"RATIS\" value: 15077 } ports { name: \"RATIS_ADMIN\" value: 15078 } ports { name: \"RATIS_SERVER\" value: 15079 } ports { name: \"RATIS_DATASTREAM\" value: 15080 } ports { name: \"STANDALONE\" value: 15076 } networkName: \"8a0fa2ff-b550-4652-b2fe-0cf91cd4a157\" networkLocation: \"/default-rack\" persistedOpState: IN_SERVICE persistedOpStateExpiry: 0 currentVersion: 2 uuid128 { mostSigBits: -8498394752682539438 leastSigBits: -5548983426803785385 } level: 3 id { uuid { mostSigBits: -8498394752682539438 leastSigBits: -5548983426803785385 } } } cmdId: 1760644044140 priority: 0 priority: 1 priority: 0 } term: 2 encodedToken: \"\" deadlineMsSinceEpoch: 0]"} | ret=SUCCESS |  
2025-10-16 19:47:26,569 [e33e6ec4-6b66-4281-bedd-2bd75bd30070-EndpointStateMachineTaskThread-/0.0.0.0:15002-0 ] INFO  utils.DatanodeStoreCache (DatanodeStoreCache.java:addDB(70)) - Added db /home/runner/work/ozone/ozone/hadoop-ozone/integration-test/target/test-dir/MiniOzoneClusterImpl-e7911277-7775-4457-96c8-94071a26a1ce/ozone-metadata/datanode-12/data-0/hdds/e7911277-7775-4457-96c8-94071a26a1ce/DS-2c593c14-2d1e-4d33-8aae-a55e475c9d0c/container.db to cache
2025-10-16 19:47:26,569 [e33e6ec4-6b66-4281-bedd-2bd75bd30070-EndpointStateMachineTaskThread-/0.0.0.0:15002-0 ] INFO  volume.HddsVolume (HddsVolume.java:createDbStore(576)) - SchemaV3 db is created and loaded at /home/runner/work/ozone/ozone/hadoop-ozone/integration-test/target/test-dir/MiniOzoneClusterImpl-e7911277-7775-4457-96c8-94071a26a1ce/ozone-metadata/datanode-12/data-0/hdds/e7911277-7775-4457-96c8-94071a26a1ce/DS-2c593c14-2d1e-4d33-8aae-a55e475c9d0c/container.db for volume DS-2c593c14-2d1e-4d33-8aae-a55e475c9d0c
2025-10-16 19:47:26,573 [e33e6ec4-6b66-4281-bedd-2bd75bd30070-ContainerReader-0] INFO  ozoneimpl.ContainerReader (ContainerReader.java:readVolume(147)) - Start to verify containers on volume /home/runner/work/ozone/ozone/hadoop-ozone/integration-test/target/test-dir/MiniOzoneClusterImpl-e7911277-7775-4457-96c8-94071a26a1ce/ozone-metadata/datanode-12/data-0/hdds
2025-10-16 19:47:26,573 [e33e6ec4-6b66-4281-bedd-2bd75bd30070-ContainerReader-0] INFO  ozoneimpl.ContainerReader (ContainerReader.java:readVolume(177)) - Finish verifying containers on volume /home/runner/work/ozone/ozone/hadoop-ozone/integration-test/target/test-dir/MiniOzoneClusterImpl-e7911277-7775-4457-96c8-94071a26a1ce/ozone-metadata/datanode-12/data-0/hdds
2025-10-16 19:47:26,574 [e33e6ec4-6b66-4281-bedd-2bd75bd30070-EndpointStateMachineTaskThread-/0.0.0.0:15002-0 ] INFO  ozoneimpl.OzoneContainer (OzoneContainer.java:buildContainerSet(359)) - Build ContainerSet costs 0s
2025-10-16 19:47:26,574 [e33e6ec4-6b66-4281-bedd-2bd75bd30070-EndpointStateMachineTaskThread-/0.0.0.0:15002-0 ] INFO  volume.ThrottledAsyncChecker (ThrottledAsyncChecker.java:schedule(138)) - Scheduling a check for /home/runner/work/ozone/ozone/hadoop-ozone/integration-test/target/test-dir/MiniOzoneClusterImpl-e7911277-7775-4457-96c8-94071a26a1ce/ozone-metadata/datanode-12/data-0/hdds
2025-10-16 19:47:26,575 [e33e6ec4-6b66-4281-bedd-2bd75bd30070-EndpointStateMachineTaskThread-/0.0.0.0:15002-0 ] INFO  volume.StorageVolumeChecker (StorageVolumeChecker.java:checkAllVolumes(231)) - Scheduled health check for volume /home/runner/work/ozone/ozone/hadoop-ozone/integration-test/target/test-dir/MiniOzoneClusterImpl-e7911277-7775-4457-96c8-94071a26a1ce/ozone-metadata/datanode-12/data-0/hdds
2025-10-16 19:47:26,579 [e33e6ec4-6b66-4281-bedd-2bd75bd30070-EndpointStateMachineTaskThread-/0.0.0.0:15002-0 ] INFO  volume.ThrottledAsyncChecker (ThrottledAsyncChecker.java:schedule(138)) - Scheduling a check for /home/runner/work/ozone/ozone/hadoop-ozone/integration-test/target/test-dir/MiniOzoneClusterImpl-e7911277-7775-4457-96c8-94071a26a1ce/ozone-metadata/datanode-12/ratis
2025-10-16 19:47:26,579 [e33e6ec4-6b66-4281-bedd-2bd75bd30070-EndpointStateMachineTaskThread-/0.0.0.0:15002-0 ] INFO  volume.StorageVolumeChecker (StorageVolumeChecker.java:checkAllVolumes(231)) - Scheduled health check for volume /home/runner/work/ozone/ozone/hadoop-ozone/integration-test/target/test-dir/MiniOzoneClusterImpl-e7911277-7775-4457-96c8-94071a26a1ce/ozone-metadata/datanode-12/ratis
2025-10-16 19:47:26,580 [e33e6ec4-6b66-4281-bedd-2bd75bd30070-EndpointStateMachineTaskThread-/0.0.0.0:15002-0 ] INFO  ozoneimpl.OzoneContainer (OzoneContainer.java:start(544)) - Attempting to start container services.
2025-10-16 19:47:26,581 [ContainerMetadataScanner] INFO  ozoneimpl.AbstractBackgroundContainerScanner (AbstractBackgroundContainerScanner.java:runIteration(89)) - Completed an iteration in 0 minutes. Number of iterations (since the data-node restart) : 1, Number of containers scanned in this iteration : 0, Number of unhealthy containers found in this iteration : 0
2025-10-16 19:47:26,582 [ContainerDataScanner(/home/runner/work/ozone/ozone/hadoop-ozone/integration-test/target/test-dir/MiniOzoneClusterImpl-e7911277-7775-4457-96c8-94071a26a1ce/ozone-metadata/datanode-12/data-0/hdds)] INFO  ozoneimpl.AbstractBackgroundContainerScanner (AbstractBackgroundContainerScanner.java:runIteration(89)) - Completed an iteration in 0 minutes. Number of iterations (since the data-node restart) : 1, Number of containers scanned in this iteration : 0, Number of unhealthy containers found in this iteration : 0
2025-10-16 19:47:26,583 [e33e6ec4-6b66-4281-bedd-2bd75bd30070-EndpointStateMachineTaskThread-/0.0.0.0:15002-0 ] INFO  replication.ReplicationServer (ReplicationServer.java:start(137)) - ReplicationServer is started using port 15105
2025-10-16 19:47:26,584 [e33e6ec4-6b66-4281-bedd-2bd75bd30070-EndpointStateMachineTaskThread-/0.0.0.0:15002-0 ] INFO  ratis.XceiverServerRatis (XceiverServerRatis.java:start(559)) - Starting XceiverServerRatis(e33e6ec4-6b66-4281-bedd-2bd75bd30070)
2025-10-16 19:47:26,585 [e33e6ec4-6b66-4281-bedd-2bd75bd30070-EndpointStateMachineTaskThread-/0.0.0.0:15002-0 ] INFO  server.RaftServer (RaftServerProxy.java:startImpl(412)) - e33e6ec4-6b66-4281-bedd-2bd75bd30070: start RPC server
2025-10-16 19:47:26,586 [e33e6ec4-6b66-4281-bedd-2bd75bd30070-EndpointStateMachineTaskThread-/0.0.0.0:15002-0 ] INFO  server.GrpcServicesImpl (GrpcServicesImpl.java:startImpl(346)) - e33e6ec4-6b66-4281-bedd-2bd75bd30070: GrpcServicesImpl started, listening on 15101
2025-10-16 19:47:26,587 [e33e6ec4-6b66-4281-bedd-2bd75bd30070-EndpointStateMachineTaskThread-/0.0.0.0:15002-0 ] INFO  server.GrpcServicesImpl (GrpcServicesImpl.java:startImpl(346)) - e33e6ec4-6b66-4281-bedd-2bd75bd30070: GrpcServicesImpl started, listening on 15103
2025-10-16 19:47:26,588 [e33e6ec4-6b66-4281-bedd-2bd75bd30070-EndpointStateMachineTaskThread-/0.0.0.0:15002-0 ] INFO  server.GrpcServicesImpl (GrpcServicesImpl.java:startImpl(346)) - e33e6ec4-6b66-4281-bedd-2bd75bd30070: GrpcServicesImpl started, listening on 15102
2025-10-16 19:47:26,589 [f700af26-0e26-4136-9205-9509c82c8c70-CreatePipelineCommandHandlerThread-0] INFO  server.RaftServer (RaftServerProxy.java:addNew(105)) - f700af26-0e26-4136-9205-9509c82c8c70: addNew group-BD7E4048FA23:[f700af26-0e26-4136-9205-9509c82c8c70|127.0.0.1:15015] returns group-BD7E4048FA23:java.util.concurrent.CompletableFuture@17f6f69a[Not completed]
2025-10-16 19:47:26,589 [JvmPauseMonitor14] INFO  util.JvmPauseMonitor (JvmPauseMonitor.java:run(146)) - JvmPauseMonitor-e33e6ec4-6b66-4281-bedd-2bd75bd30070: Started
2025-10-16 19:47:26,589 [e33e6ec4-6b66-4281-bedd-2bd75bd30070-EndpointStateMachineTaskThread-/0.0.0.0:15002-0 ] INFO  ratis.XceiverServerRatis (XceiverServerRatis.java:getRealPort(586)) - XceiverServerRatis(e33e6ec4-6b66-4281-bedd-2bd75bd30070) is started using port RATIS=15101
2025-10-16 19:47:26,589 [e33e6ec4-6b66-4281-bedd-2bd75bd30070-EndpointStateMachineTaskThread-/0.0.0.0:15002-0 ] INFO  ratis.XceiverServerRatis (XceiverServerRatis.java:getRealPort(586)) - XceiverServerRatis(e33e6ec4-6b66-4281-bedd-2bd75bd30070) is started using port RATIS_ADMIN=15102
2025-10-16 19:47:26,589 [e33e6ec4-6b66-4281-bedd-2bd75bd30070-EndpointStateMachineTaskThread-/0.0.0.0:15002-0 ] INFO  ratis.XceiverServerRatis (XceiverServerRatis.java:getRealPort(586)) - XceiverServerRatis(e33e6ec4-6b66-4281-bedd-2bd75bd30070) is started using port RATIS_SERVER=15103
2025-10-16 19:47:26,590 [e33e6ec4-6b66-4281-bedd-2bd75bd30070-EndpointStateMachineTaskThread-/0.0.0.0:15002-0 ] INFO  ratis.XceiverServerRatis (XceiverServerRatis.java:getRealPort(586)) - XceiverServerRatis(e33e6ec4-6b66-4281-bedd-2bd75bd30070) is started using port RATIS_DATASTREAM=15104
2025-10-16 19:47:26,591 [e33e6ec4-6b66-4281-bedd-2bd75bd30070-EndpointStateMachineTaskThread-/0.0.0.0:15002-0 ] INFO  utils.BackgroundService (BackgroundService.java:start(119)) - Starting service BlockDeletingService with interval 60000 milliseconds
2025-10-16 19:47:26,591 [e33e6ec4-6b66-4281-bedd-2bd75bd30070-EndpointStateMachineTaskThread-/0.0.0.0:15002-0 ] INFO  utils.BackgroundService (BackgroundService.java:start(119)) - Starting service StaleRecoveringContainerScrubbingService with interval 60000 milliseconds
2025-10-16 19:47:26,589 [f700af26-0e26-4136-9205-9509c82c8c70-groupManagement] INFO  server.RaftServer$Division (RaftServerImpl.java:<init>(268)) - f700af26-0e26-4136-9205-9509c82c8c70: new RaftServerImpl for group-BD7E4048FA23:[f700af26-0e26-4136-9205-9509c82c8c70|127.0.0.1:15015] with ContainerStateMachine:uninitialized
2025-10-16 19:47:26,592 [f700af26-0e26-4136-9205-9509c82c8c70-groupManagement] INFO  server.RaftServer$Division (ServerState.java:<init>(114)) - f700af26-0e26-4136-9205-9509c82c8c70@group-BD7E4048FA23: ConfigurationManager, init=conf: {index: -1, cur=peers:[f700af26-0e26-4136-9205-9509c82c8c70|127.0.0.1:15015]|listeners:[], old=null}, confs=<EMPTY_MAP>
2025-10-16 19:47:26,592 | INFO  | SCMAudit | user=runner | ip=127.0.0.1 | op=SEND_HEARTBEAT {"datanodeUUID":"f700af26-0e26-4136-9205-9509c82c8c70","term":"2","command":"[]"} | ret=SUCCESS |  
2025-10-16 19:47:26,614 [f700af26-0e26-4136-9205-9509c82c8c70-groupManagement] INFO  server.RaftServerConfigKeys (ConfUtils.java:logGet(62)) - raft.server.storage.dir = [/home/runner/work/ozone/ozone/hadoop-ozone/integration-test/target/test-dir/MiniOzoneClusterImpl-e7911277-7775-4457-96c8-94071a26a1ce/ozone-metadata/datanode-1/ratis] (custom)
2025-10-16 19:47:26,614 [f700af26-0e26-4136-9205-9509c82c8c70-groupManagement] INFO  storage.RaftStorageDirectory (RaftStorageDirectoryImpl.java:analyzeStorage(138)) - The storage directory /home/runner/work/ozone/ozone/hadoop-ozone/integration-test/target/test-dir/MiniOzoneClusterImpl-e7911277-7775-4457-96c8-94071a26a1ce/ozone-metadata/datanode-1/ratis/51adcc56-eff2-451d-bc59-bd7e4048fa23 does not exist. Creating ...
2025-10-16 19:47:26,618 [f700af26-0e26-4136-9205-9509c82c8c70-groupManagement] INFO  storage.RaftStorageDirectory (RaftStorageDirectoryImpl.java:tryLock(229)) - Lock on /home/runner/work/ozone/ozone/hadoop-ozone/integration-test/target/test-dir/MiniOzoneClusterImpl-e7911277-7775-4457-96c8-94071a26a1ce/ozone-metadata/datanode-1/ratis/51adcc56-eff2-451d-bc59-bd7e4048fa23/in_use.lock acquired by nodename 40995@localhost
2025-10-16 19:47:26,625 [f700af26-0e26-4136-9205-9509c82c8c70-groupManagement] INFO  storage.RaftStorage (RaftStorageImpl.java:format(98)) - Storage directory /home/runner/work/ozone/ozone/hadoop-ozone/integration-test/target/test-dir/MiniOzoneClusterImpl-e7911277-7775-4457-96c8-94071a26a1ce/ozone-metadata/datanode-1/ratis/51adcc56-eff2-451d-bc59-bd7e4048fa23 has been successfully formatted.
2025-10-16 19:47:26,626 [f700af26-0e26-4136-9205-9509c82c8c70-groupManagement] INFO  ratis.ContainerStateMachine (ContainerStateMachine.java:initialize(339)) - f700af26-0e26-4136-9205-9509c82c8c70: initialize group-BD7E4048FA23
2025-10-16 19:47:26,627 [f700af26-0e26-4136-9205-9509c82c8c70-groupManagement] INFO  ratis.ContainerStateMachine (ContainerStateMachine.java:loadSnapshot(347)) - group-BD7E4048FA23: The snapshot info is null. Setting the last applied index to:<INITIAL_VALUE>
2025-10-16 19:47:26,628 [f700af26-0e26-4136-9205-9509c82c8c70-groupManagement] INFO  server.RaftServerConfigKeys (ConfUtils.java:logGet(62)) - raft.server.log.appender.buffer.byte-limit = 33554432 (custom)
2025-10-16 19:47:26,631 | INFO  | SCMAudit | user=runner | ip=127.0.0.1 | op=SEND_HEARTBEAT {"datanodeUUID":"f700af26-0e26-4136-9205-9509c82c8c70","term":"2","command":"[]"} | ret=SUCCESS |  
2025-10-16 19:47:26,632 [EventQueue-PipelineReportForOneReplicaPipelineSafeModeRule] INFO  safemode.SCMSafeModeManager (SCMSafeModeManager.java:validateSafeModeExitRules(138)) - OneReplicaPipelineSafeModeRule rule is successfully validated
2025-10-16 19:47:26,636 [f700af26-0e26-4136-9205-9509c82c8c70-groupManagement] INFO  server.RaftServerConfigKeys (ConfUtils.java:logGet(62)) - raft.server.log.segment.size.max = 67108864 (custom)
2025-10-16 19:47:26,636 [bed9314d-2aab-40ad-9a80-177434bab325@group-94071A26A1CE-StateMachineUpdater] INFO  safemode.SCMSafeModeManager (SCMSafeModeManager.java:validateSafeModeExitRules(138)) - DataNodeSafeModeRule rule is successfully validated
2025-10-16 19:47:26,639 [bed9314d-2aab-40ad-9a80-177434bab325@group-94071A26A1CE-StateMachineUpdater] INFO  safemode.SCMSafeModeManager (SCMSafeModeManager.java:validateSafeModeExitRules(138)) - RatisContainerSafeModeRule rule is successfully validated
2025-10-16 19:47:26,639 [bed9314d-2aab-40ad-9a80-177434bab325@group-94071A26A1CE-StateMachineUpdater] INFO  safemode.HealthyPipelineSafeModeRule (HealthyPipelineSafeModeRule.java:initializeRule(226)) - Refreshed total pipeline count is 0, healthy pipeline threshold count is 1
2025-10-16 19:47:26,639 [bed9314d-2aab-40ad-9a80-177434bab325@group-94071A26A1CE-StateMachineUpdater] INFO  safemode.SCMSafeModeManager (SCMSafeModeManager.java:validateSafeModeExitRules(138)) - OneReplicaPipelineSafeModeRule rule is successfully validated
2025-10-16 19:47:26,639 [bed9314d-2aab-40ad-9a80-177434bab325@group-94071A26A1CE-StateMachineUpdater] INFO  safemode.SCMSafeModeManager (SCMSafeModeManager.java:validateSafeModeExitRules(138)) - ECContainerSafeModeRule rule is successfully validated
2025-10-16 19:47:26,639 [EventQueue-PipelineReportForPipelineReportHandler] INFO  pipeline.PipelineReportHandler (PipelineReportHandler.java:processPipelineReport(132)) - Opened pipeline Pipeline-51adcc56-eff2-451d-bc59-bd7e4048fa23
2025-10-16 19:47:26,640 [f700af26-0e26-4136-9205-9509c82c8c70-groupManagement] INFO  server.RaftServerConfigKeys (ConfUtils.java:logGet(62)) - raft.server.log.appender.buffer.byte-limit = 33554432 (custom)
2025-10-16 19:47:26,644 [f700af26-0e26-4136-9205-9509c82c8c70-groupManagement] INFO  util.AwaitToRun (AwaitToRun.java:start(81)) - Thread[#1393,f700af26-0e26-4136-9205-9509c82c8c70@group-BD7E4048FA23-cacheEviction-AwaitToRun,5,main] started
2025-10-16 19:47:26,645 [f700af26-0e26-4136-9205-9509c82c8c70-groupManagement] INFO  segmented.SegmentedRaftLogWorker (SegmentedRaftLogWorker.java:<init>(190)) - new f700af26-0e26-4136-9205-9509c82c8c70@group-BD7E4048FA23-SegmentedRaftLogWorker for RaftStorageImpl:Storage Directory /home/runner/work/ozone/ozone/hadoop-ozone/integration-test/target/test-dir/MiniOzoneClusterImpl-e7911277-7775-4457-96c8-94071a26a1ce/ozone-metadata/datanode-1/ratis/51adcc56-eff2-451d-bc59-bd7e4048fa23
2025-10-16 19:47:26,645 [f700af26-0e26-4136-9205-9509c82c8c70-groupManagement] INFO  server.RaftServerConfigKeys (ConfUtils.java:logGet(62)) - raft.server.log.queue.byte-limit = 4294967296 (custom)
2025-10-16 19:47:26,645 [f700af26-0e26-4136-9205-9509c82c8c70-groupManagement] INFO  server.RaftServerConfigKeys (ConfUtils.java:logGet(62)) - raft.server.log.segment.size.max = 67108864 (custom)
2025-10-16 19:47:26,645 [f700af26-0e26-4136-9205-9509c82c8c70-groupManagement] INFO  server.RaftServerConfigKeys (ConfUtils.java:logGet(62)) - raft.server.log.preallocated.size = 4194304 (custom)
2025-10-16 19:47:26,646 [f700af26-0e26-4136-9205-9509c82c8c70-groupManagement] INFO  server.RaftServerConfigKeys (ConfUtils.java:logGet(62)) - raft.server.log.write.buffer.size = 33554440 (custom)
2025-10-16 19:47:26,657 [f700af26-0e26-4136-9205-9509c82c8c70-groupManagement] INFO  server.RaftServerConfigKeys (ConfUtils.java:logGet(62)) - raft.server.log.appender.buffer.byte-limit = 33554432 (custom)
2025-10-16 19:47:26,658 [f700af26-0e26-4136-9205-9509c82c8c70-groupManagement] INFO  segmented.SegmentedRaftLogWorker (SegmentedRaftLogWorker.java:lambda$new$0(141)) - f700af26-0e26-4136-9205-9509c82c8c70@group-BD7E4048FA23-SegmentedRaftLogWorker: flushIndex: setUnconditionally 0 -> -1
2025-10-16 19:47:26,659 [f700af26-0e26-4136-9205-9509c82c8c70-groupManagement] INFO  segmented.SegmentedRaftLogWorker (SegmentedRaftLogWorker.java:lambda$new$0(141)) - f700af26-0e26-4136-9205-9509c82c8c70@group-BD7E4048FA23-SegmentedRaftLogWorker: safeCacheEvictIndex: setUnconditionally 0 -> -1
2025-10-16 19:47:26,660 [f700af26-0e26-4136-9205-9509c82c8c70-groupManagement] INFO  server.RaftServer$Division (RaftServerImpl.java:start(405)) - f700af26-0e26-4136-9205-9509c82c8c70@group-BD7E4048FA23: start as a follower, conf=conf: {index: -1, cur=peers:[f700af26-0e26-4136-9205-9509c82c8c70|127.0.0.1:15015]|listeners:[], old=null}
2025-10-16 19:47:26,661 [f700af26-0e26-4136-9205-9509c82c8c70-groupManagement] INFO  server.RaftServer$Division (RaftServerImpl.java:setRole(392)) - f700af26-0e26-4136-9205-9509c82c8c70@group-BD7E4048FA23: changes role from      null to FOLLOWER at term 0 for startAsFollower
2025-10-16 19:47:26,662 [f700af26-0e26-4136-9205-9509c82c8c70-groupManagement] INFO  impl.RoleInfo (RoleInfo.java:updateAndGet(148)) - f700af26-0e26-4136-9205-9509c82c8c70: start f700af26-0e26-4136-9205-9509c82c8c70@group-BD7E4048FA23-FollowerState
2025-10-16 19:47:26,672 [f700af26-0e26-4136-9205-9509c82c8c70-groupManagement] INFO  util.JmxRegister (JmxRegister.java:tryRegister(44)) - Successfully registered JMX Bean with object name Ratis:service=RaftServer,group=group-BD7E4048FA23,id=f700af26-0e26-4136-9205-9509c82c8c70
2025-10-16 19:47:26,672 [f700af26-0e26-4136-9205-9509c82c8c70-groupManagement] INFO  util.JmxRegister (JmxRegister.java:register(58)) - register mxBean class org.apache.ratis.server.impl.RaftServerJmxAdapter as Ratis:service=RaftServer,group=group-BD7E4048FA23,id=f700af26-0e26-4136-9205-9509c82c8c70
2025-10-16 19:47:26,676 [f700af26-0e26-4136-9205-9509c82c8c70-groupManagement] INFO  server.RaftServer$Division (RaftServerImpl.java:start(419)) - f700af26-0e26-4136-9205-9509c82c8c70@group-BD7E4048FA23: Successfully started.
2025-10-16 19:47:26,677 [f700af26-0e26-4136-9205-9509c82c8c70-CreatePipelineCommandHandlerThread-0] INFO  ratis.XceiverServerRatis (XceiverServerRatis.java:addGroup(839)) - Created group Pipeline-51adcc56-eff2-451d-bc59-bd7e4048fa23
2025-10-16 19:47:26,677 [f700af26-0e26-4136-9205-9509c82c8c70-CreatePipelineCommandHandlerThread-0] INFO  commandhandler.CreatePipelineCommandHandler (CreatePipelineCommandHandler.java:lambda$handle$2(141)) - Created Pipeline RATIS ONE Pipeline-51adcc56-eff2-451d-bc59-bd7e4048fa23.
2025-10-16 19:47:26,677 [f700af26-0e26-4136-9205-9509c82c8c70-CreatePipelineCommandHandlerThread-0] INFO  server.RaftServer (RaftServerProxy.java:addNew(105)) - f700af26-0e26-4136-9205-9509c82c8c70: addNew group-E01CF5EA873D:[8a3c3252-9afe-4d3a-8492-25be6557678a|127.0.0.1:15023, f700af26-0e26-4136-9205-9509c82c8c70|127.0.0.1:15015, 764b18f0-81c5-439a-9fff-25adc4f241fa|127.0.0.1:15031] returns group-E01CF5EA873D:java.util.concurrent.CompletableFuture@2f8c2f3d[Not completed]
2025-10-16 19:47:26,681 [f700af26-0e26-4136-9205-9509c82c8c70-groupManagement] INFO  server.RaftServer$Division (RaftServerImpl.java:<init>(268)) - f700af26-0e26-4136-9205-9509c82c8c70: new RaftServerImpl for group-E01CF5EA873D:[8a3c3252-9afe-4d3a-8492-25be6557678a|127.0.0.1:15023, f700af26-0e26-4136-9205-9509c82c8c70|127.0.0.1:15015, 764b18f0-81c5-439a-9fff-25adc4f241fa|127.0.0.1:15031] with ContainerStateMachine:uninitialized
2025-10-16 19:47:26,681 [f700af26-0e26-4136-9205-9509c82c8c70-groupManagement] INFO  server.RaftServer$Division (ServerState.java:<init>(114)) - f700af26-0e26-4136-9205-9509c82c8c70@group-E01CF5EA873D: ConfigurationManager, init=conf: {index: -1, cur=peers:[8a3c3252-9afe-4d3a-8492-25be6557678a|127.0.0.1:15023, f700af26-0e26-4136-9205-9509c82c8c70|127.0.0.1:15015, 764b18f0-81c5-439a-9fff-25adc4f241fa|127.0.0.1:15031]|listeners:[], old=null}, confs=<EMPTY_MAP>
2025-10-16 19:47:26,683 [ForkJoinPool-1-worker-1] INFO  handler.ContextHandler (ContextHandler.java:doStart(921)) - Started o.e.j.w.WebAppContext@26f4f0fb{hddsDatanode,/,file:///home/runner/work/ozone/ozone/hadoop-ozone/integration-test/target/test-dir/MiniOzoneClusterImpl-e7911277-7775-4457-96c8-94071a26a1ce/scm/ozone-metadata/webserver/jetty-0_0_0_0-15114-hdds-container-service-2_1_0-SNAPSHOT_jar-_-any-5191004367255613911/webapp/,AVAILABLE}{jar:file:/home/runner/work/ozone/ozone/hadoop-hdds/container-service/target/hdds-container-service-2.1.0-SNAPSHOT.jar!/webapps/hddsDatanode}
2025-10-16 19:47:26,684 [ForkJoinPool-1-worker-1] INFO  server.AbstractConnector (AbstractConnector.java:doStart(333)) - Started ServerConnector@1b2a7d52{HTTP/1.1, (http/1.1)}{0.0.0.0:15114}
2025-10-16 19:47:26,684 [ForkJoinPool-1-worker-1] INFO  server.Server (Server.java:doStart(415)) - Started @14537ms
2025-10-16 19:47:26,684 [ForkJoinPool-1-worker-1] WARN  impl.MetricsSystemImpl (MetricsSystemImpl.java:register(279)) - Sink prometheus already exists!
2025-10-16 19:47:26,684 [ForkJoinPool-1-worker-1] INFO  http.BaseHttpServer (BaseHttpServer.java:updateConnectorAddress(357)) - HTTP server of hddsDatanode listening at http://localhost:15114
2025-10-16 19:47:26,685 [ForkJoinPool-1-worker-1] INFO  ipc.CallQueueManager (CallQueueManager.java:<init>(93)) - Using callQueue: class java.util.concurrent.LinkedBlockingQueue, queueCapacity: 1000, scheduler: class org.apache.hadoop.ipc.DefaultRpcScheduler, ipcBackoff: false, ipcFailOver: false.
2025-10-16 19:47:26,685 [ForkJoinPool-1-worker-1] INFO  ipc.Server (Server.java:<init>(1438)) - Listener at 0.0.0.0:15115
2025-10-16 19:47:26,686 [Socket Reader #1 for port 15115] INFO  ipc.Server (Server.java:run(1474)) - Starting Socket Reader #1 for port 15115
2025-10-16 19:47:26,686 [Socket Reader #2 for port 15115] INFO  ipc.Server (Server.java:run(1474)) - Starting Socket Reader #2 for port 15115
2025-10-16 19:47:26,686 [Socket Reader #3 for port 15115] INFO  ipc.Server (Server.java:run(1474)) - Starting Socket Reader #3 for port 15115
2025-10-16 19:47:26,687 [Socket Reader #4 for port 15115] INFO  ipc.Server (Server.java:run(1474)) - Starting Socket Reader #4 for port 15115
2025-10-16 19:47:26,688 [Socket Reader #5 for port 15115] INFO  ipc.Server (Server.java:run(1474)) - Starting Socket Reader #5 for port 15115
2025-10-16 19:47:26,689 [Socket Reader #6 for port 15115] INFO  ipc.Server (Server.java:run(1474)) - Starting Socket Reader #6 for port 15115
2025-10-16 19:47:26,690 [Socket Reader #7 for port 15115] INFO  ipc.Server (Server.java:run(1474)) - Starting Socket Reader #7 for port 15115
2025-10-16 19:47:26,692 [Socket Reader #8 for port 15115] INFO  ipc.Server (Server.java:run(1474)) - Starting Socket Reader #8 for port 15115
2025-10-16 19:47:26,693 [Socket Reader #9 for port 15115] INFO  ipc.Server (Server.java:run(1474)) - Starting Socket Reader #9 for port 15115
2025-10-16 19:47:26,695 [Socket Reader #10 for port 15115] INFO  ipc.Server (Server.java:run(1474)) - Starting Socket Reader #10 for port 15115
2025-10-16 19:47:26,696 [f700af26-0e26-4136-9205-9509c82c8c70-groupManagement] INFO  storage.RaftStorageDirectory (RaftStorageDirectoryImpl.java:analyzeStorage(138)) - The storage directory /home/runner/work/ozone/ozone/hadoop-ozone/integration-test/target/test-dir/MiniOzoneClusterImpl-e7911277-7775-4457-96c8-94071a26a1ce/ozone-metadata/datanode-1/ratis/8c63ceaf-ef16-456b-926f-e01cf5ea873d does not exist. Creating ...
2025-10-16 19:47:26,699 [f700af26-0e26-4136-9205-9509c82c8c70-groupManagement] INFO  storage.RaftStorageDirectory (RaftStorageDirectoryImpl.java:tryLock(229)) - Lock on /home/runner/work/ozone/ozone/hadoop-ozone/integration-test/target/test-dir/MiniOzoneClusterImpl-e7911277-7775-4457-96c8-94071a26a1ce/ozone-metadata/datanode-1/ratis/8c63ceaf-ef16-456b-926f-e01cf5ea873d/in_use.lock acquired by nodename 40995@localhost
2025-10-16 19:47:26,699 [ForkJoinPool-1-worker-1] INFO  ozone.HddsDatanodeService (HddsDatanodeService.java:start(333)) - Datanode start with admins: [admin, runner]
2025-10-16 19:47:26,699 [ForkJoinPool-1-worker-1] INFO  ozone.HddsDatanodeClientProtocolServer (HddsDatanodeClientProtocolServer.java:start(76)) - RPC server for Client /0.0.0.0:15115
2025-10-16 19:47:26,700 [f700af26-0e26-4136-9205-9509c82c8c70-groupManagement] INFO  storage.RaftStorage (RaftStorageImpl.java:format(98)) - Storage directory /home/runner/work/ozone/ozone/hadoop-ozone/integration-test/target/test-dir/MiniOzoneClusterImpl-e7911277-7775-4457-96c8-94071a26a1ce/ozone-metadata/datanode-1/ratis/8c63ceaf-ef16-456b-926f-e01cf5ea873d has been successfully formatted.
2025-10-16 19:47:26,700 [IPC Server Responder] INFO  ipc.Server (Server.java:run(1713)) - IPC Server Responder: starting
2025-10-16 19:47:26,701 [IPC Server listener on 15115] INFO  ipc.Server (Server.java:run(1553)) - IPC Server listener on 15115: starting
2025-10-16 19:47:26,701 [f700af26-0e26-4136-9205-9509c82c8c70-groupManagement] INFO  ratis.ContainerStateMachine (ContainerStateMachine.java:initialize(339)) - f700af26-0e26-4136-9205-9509c82c8c70: initialize group-E01CF5EA873D
2025-10-16 19:47:26,701 [f700af26-0e26-4136-9205-9509c82c8c70-groupManagement] INFO  ratis.ContainerStateMachine (ContainerStateMachine.java:loadSnapshot(347)) - group-E01CF5EA873D: The snapshot info is null. Setting the last applied index to:<INITIAL_VALUE>
2025-10-16 19:47:26,702 [f700af26-0e26-4136-9205-9509c82c8c70-groupManagement] INFO  server.RaftServerConfigKeys (ConfUtils.java:logGet(62)) - raft.server.log.appender.buffer.byte-limit = 33554432 (custom)
2025-10-16 19:47:26,704 [EventQueue-PipelineReportForOneReplicaPipelineSafeModeRule] INFO  safemode.SCMSafeModeManager (SCMSafeModeManager.java:validateSafeModeExitRules(138)) - OneReplicaPipelineSafeModeRule rule is successfully validated
2025-10-16 19:47:26,704 | INFO  | SCMAudit | user=runner | ip=127.0.0.1 | op=SEND_HEARTBEAT {"datanodeUUID":"f700af26-0e26-4136-9205-9509c82c8c70","term":"2","command":"[]"} | ret=SUCCESS |  
2025-10-16 19:47:26,708 [f700af26-0e26-4136-9205-9509c82c8c70-groupManagement] INFO  server.RaftServerConfigKeys (ConfUtils.java:logGet(62)) - raft.server.log.segment.size.max = 67108864 (custom)
2025-10-16 19:47:26,710 [f700af26-0e26-4136-9205-9509c82c8c70-groupManagement] INFO  server.RaftServerConfigKeys (ConfUtils.java:logGet(62)) - raft.server.log.appender.buffer.byte-limit = 33554432 (custom)
2025-10-16 19:47:26,713 [ForkJoinPool-1-worker-1] INFO  ozone.MiniOzoneClusterImpl (MiniOzoneClusterImpl.java:lambda$waitForClusterToBeReady$0(181)) - Waiting for nodes to be ready. Got 10 of 14 DN Heartbeats.
2025-10-16 19:47:26,713 [ForkJoinPool-1-worker-1] INFO  ozone.MiniOzoneClusterImpl (MiniOzoneClusterImpl.java:lambda$waitForClusterToBeReady$0(184)) - Waiting for cluster to exit safe mode
2025-10-16 19:47:26,713 [f700af26-0e26-4136-9205-9509c82c8c70-groupManagement] INFO  util.AwaitToRun (AwaitToRun.java:start(81)) - Thread[#1422,f700af26-0e26-4136-9205-9509c82c8c70@group-E01CF5EA873D-cacheEviction-AwaitToRun,5,main] started
2025-10-16 19:47:26,714 [f700af26-0e26-4136-9205-9509c82c8c70-groupManagement] INFO  segmented.SegmentedRaftLogWorker (SegmentedRaftLogWorker.java:<init>(190)) - new f700af26-0e26-4136-9205-9509c82c8c70@group-E01CF5EA873D-SegmentedRaftLogWorker for RaftStorageImpl:Storage Directory /home/runner/work/ozone/ozone/hadoop-ozone/integration-test/target/test-dir/MiniOzoneClusterImpl-e7911277-7775-4457-96c8-94071a26a1ce/ozone-metadata/datanode-1/ratis/8c63ceaf-ef16-456b-926f-e01cf5ea873d
2025-10-16 19:47:26,714 [f700af26-0e26-4136-9205-9509c82c8c70-groupManagement] INFO  server.RaftServerConfigKeys (ConfUtils.java:logGet(62)) - raft.server.log.queue.byte-limit = 4294967296 (custom)
2025-10-16 19:47:26,714 [f700af26-0e26-4136-9205-9509c82c8c70-groupManagement] INFO  server.RaftServerConfigKeys (ConfUtils.java:logGet(62)) - raft.server.log.segment.size.max = 67108864 (custom)
2025-10-16 19:47:26,714 [f700af26-0e26-4136-9205-9509c82c8c70-groupManagement] INFO  server.RaftServerConfigKeys (ConfUtils.java:logGet(62)) - raft.server.log.preallocated.size = 4194304 (custom)
2025-10-16 19:47:26,714 [f700af26-0e26-4136-9205-9509c82c8c70-groupManagement] INFO  server.RaftServerConfigKeys (ConfUtils.java:logGet(62)) - raft.server.log.write.buffer.size = 33554440 (custom)
2025-10-16 19:47:26,713 [ForkJoinPool-1-worker-1] INFO  ozone.MiniOzoneClusterImpl (MiniOzoneClusterImpl.java:lambda$waitForClusterToBeReady$0(186)) - SCM became leader
2025-10-16 19:47:26,719 [757ca056-973f-4f05-ab2d-6aff6c54d452-DatanodeStateMachineDaemonThread] INFO  statemachine.DatanodeStateMachine (DatanodeStateMachine.java:startStateMachineThread(363)) - Ozone container server started.
2025-10-16 19:47:26,721 [f700af26-0e26-4136-9205-9509c82c8c70-groupManagement] INFO  server.RaftServerConfigKeys (ConfUtils.java:logGet(62)) - raft.server.log.appender.buffer.byte-limit = 33554432 (custom)
2025-10-16 19:47:26,722 [f700af26-0e26-4136-9205-9509c82c8c70-groupManagement] INFO  segmented.SegmentedRaftLogWorker (SegmentedRaftLogWorker.java:lambda$new$0(141)) - f700af26-0e26-4136-9205-9509c82c8c70@group-E01CF5EA873D-SegmentedRaftLogWorker: flushIndex: setUnconditionally 0 -> -1
2025-10-16 19:47:26,722 [f700af26-0e26-4136-9205-9509c82c8c70-groupManagement] INFO  segmented.SegmentedRaftLogWorker (SegmentedRaftLogWorker.java:lambda$new$0(141)) - f700af26-0e26-4136-9205-9509c82c8c70@group-E01CF5EA873D-SegmentedRaftLogWorker: safeCacheEvictIndex: setUnconditionally 0 -> -1
2025-10-16 19:47:26,723 [f700af26-0e26-4136-9205-9509c82c8c70-groupManagement] INFO  server.RaftServer$Division (RaftServerImpl.java:start(405)) - f700af26-0e26-4136-9205-9509c82c8c70@group-E01CF5EA873D: start as a follower, conf=conf: {index: -1, cur=peers:[8a3c3252-9afe-4d3a-8492-25be6557678a|127.0.0.1:15023, f700af26-0e26-4136-9205-9509c82c8c70|127.0.0.1:15015, 764b18f0-81c5-439a-9fff-25adc4f241fa|127.0.0.1:15031]|listeners:[], old=null}
2025-10-16 19:47:26,723 [f700af26-0e26-4136-9205-9509c82c8c70-groupManagement] INFO  server.RaftServer$Division (RaftServerImpl.java:setRole(392)) - f700af26-0e26-4136-9205-9509c82c8c70@group-E01CF5EA873D: changes role from      null to FOLLOWER at term 0 for startAsFollower
2025-10-16 19:47:26,724 [f700af26-0e26-4136-9205-9509c82c8c70-groupManagement] INFO  impl.RoleInfo (RoleInfo.java:updateAndGet(148)) - f700af26-0e26-4136-9205-9509c82c8c70: start f700af26-0e26-4136-9205-9509c82c8c70@group-E01CF5EA873D-FollowerState
2025-10-16 19:47:26,725 [f700af26-0e26-4136-9205-9509c82c8c70-groupManagement] INFO  util.JmxRegister (JmxRegister.java:tryRegister(44)) - Successfully registered JMX Bean with object name Ratis:service=RaftServer,group=group-E01CF5EA873D,id=f700af26-0e26-4136-9205-9509c82c8c70
2025-10-16 19:47:26,725 [f700af26-0e26-4136-9205-9509c82c8c70-groupManagement] INFO  util.JmxRegister (JmxRegister.java:register(58)) - register mxBean class org.apache.ratis.server.impl.RaftServerJmxAdapter as Ratis:service=RaftServer,group=group-E01CF5EA873D,id=f700af26-0e26-4136-9205-9509c82c8c70
2025-10-16 19:47:26,728 [757ca056-973f-4f05-ab2d-6aff6c54d452-DatanodeStateMachineTaskThread-0] INFO  datanode.InitDatanodeState (InitDatanodeState.java:persistContainerDatanodeDetails(139)) - DatanodeDetails is persisted to /home/runner/work/ozone/ozone/hadoop-ozone/integration-test/target/test-dir/MiniOzoneClusterImpl-e7911277-7775-4457-96c8-94071a26a1ce/ozone-metadata/datanode-14/ozone-metadata/datanode.id
2025-10-16 19:47:26,728 [f700af26-0e26-4136-9205-9509c82c8c70-groupManagement] INFO  server.RaftServer$Division (RaftServerImpl.java:start(419)) - f700af26-0e26-4136-9205-9509c82c8c70@group-E01CF5EA873D: Successfully started.
2025-10-16 19:47:26,731 [f700af26-0e26-4136-9205-9509c82c8c70-CreatePipelineCommandHandlerThread-0] INFO  ratis.XceiverServerRatis (XceiverServerRatis.java:addGroup(839)) - Created group Pipeline-8c63ceaf-ef16-456b-926f-e01cf5ea873d
2025-10-16 19:47:26,732 | INFO  | SCMAudit | user=runner | ip=127.0.0.1 | op=SEND_HEARTBEAT {"datanodeUUID":"58cff6b7-b2a7-446b-a75a-bb98ad6b11b8","term":"2","command":"[]"} | ret=SUCCESS |  
2025-10-16 19:47:26,735 [grpc-default-executor-0] WARN  server.GrpcAdminProtocolService (GrpcAdminProtocolService.java:lambda$groupManagement$1(53)) - Failed groupManagement: GROUPADD, GroupManagementRequest:client-DFD78C293B27->f700af26-0e26-4136-9205-9509c82c8c70@group-E01CF5EA873D, cid=1, seq=null, RW, null, Add:group-E01CF5EA873D:[8a3c3252-9afe-4d3a-8492-25be6557678a|127.0.0.1:15023, f700af26-0e26-4136-9205-9509c82c8c70|127.0.0.1:15015, 764b18f0-81c5-439a-9fff-25adc4f241fa|127.0.0.1:15031]
java.util.concurrent.CompletionException: org.apache.ratis.protocol.exceptions.AlreadyExistsException: f700af26-0e26-4136-9205-9509c82c8c70: Failed to add group-E01CF5EA873D:[8a3c3252-9afe-4d3a-8492-25be6557678a|127.0.0.1:15023, f700af26-0e26-4136-9205-9509c82c8c70|127.0.0.1:15015, 764b18f0-81c5-439a-9fff-25adc4f241fa|127.0.0.1:15031] since the group already exists in the map.
	at java.base/java.util.concurrent.CompletableFuture.encodeThrowable(CompletableFuture.java:332)
	at java.base/java.util.concurrent.CompletableFuture.uniApplyNow(CompletableFuture.java:674)
	at java.base/java.util.concurrent.CompletableFuture.uniApplyStage(CompletableFuture.java:662)
	at java.base/java.util.concurrent.CompletableFuture.thenApplyAsync(CompletableFuture.java:2210)
	at org.apache.ratis.server.impl.RaftServerProxy.groupAddAsync(RaftServerProxy.java:513)
	at org.apache.ratis.server.impl.RaftServerProxy.groupManagementAsync(RaftServerProxy.java:495)
	at org.apache.ratis.grpc.server.GrpcAdminProtocolService.lambda$groupManagement$0(GrpcAdminProtocolService.java:51)
	at org.apache.ratis.grpc.GrpcUtil.asyncCall(GrpcUtil.java:172)
	at org.apache.ratis.grpc.server.GrpcAdminProtocolService.groupManagement(GrpcAdminProtocolService.java:51)
	at org.apache.ratis.proto.grpc.AdminProtocolServiceGrpc$MethodHandlers.invoke(AdminProtocolServiceGrpc.java:701)
	at org.apache.ratis.thirdparty.io.grpc.stub.ServerCalls$UnaryServerCallHandler$UnaryServerCallListener.onHalfClose(ServerCalls.java:182)
	at org.apache.ratis.thirdparty.io.grpc.internal.ServerCallImpl$ServerStreamListenerImpl.halfClosed(ServerCallImpl.java:356)
	at org.apache.ratis.thirdparty.io.grpc.internal.ServerImpl$JumpToApplicationThreadServerStreamListener$1HalfClosed.runInContext(ServerImpl.java:861)
	at org.apache.ratis.thirdparty.io.grpc.internal.ContextRunnable.run(ContextRunnable.java:37)
	at org.apache.ratis.thirdparty.io.grpc.internal.SerializingExecutor.run(SerializingExecutor.java:133)
	at java.base/java.util.concurrent.ThreadPoolExecutor.runWorker(ThreadPoolExecutor.java:1144)
	at java.base/java.util.concurrent.ThreadPoolExecutor$Worker.run(ThreadPoolExecutor.java:642)
	at java.base/java.lang.Thread.run(Thread.java:1583)
Caused by: org.apache.ratis.protocol.exceptions.AlreadyExistsException: f700af26-0e26-4136-9205-9509c82c8c70: Failed to add group-E01CF5EA873D:[8a3c3252-9afe-4d3a-8492-25be6557678a|127.0.0.1:15023, f700af26-0e26-4136-9205-9509c82c8c70|127.0.0.1:15015, 764b18f0-81c5-439a-9fff-25adc4f241fa|127.0.0.1:15031] since the group already exists in the map.
	at org.apache.ratis.server.impl.RaftServerProxy$ImplMap.addNew(RaftServerProxy.java:99)
	at org.apache.ratis.server.impl.RaftServerProxy.groupAddAsync(RaftServerProxy.java:512)
	... 13 more
2025-10-16 19:47:26,749 [grpc-default-executor-1] WARN  server.GrpcAdminProtocolService (GrpcAdminProtocolService.java:lambda$groupManagement$1(53)) - Failed groupManagement: GROUPADD, GroupManagementRequest:client-D257EE8AEF54->764b18f0-81c5-439a-9fff-25adc4f241fa@group-E01CF5EA873D, cid=2, seq=null, RW, null, Add:group-E01CF5EA873D:[8a3c3252-9afe-4d3a-8492-25be6557678a|127.0.0.1:15023, f700af26-0e26-4136-9205-9509c82c8c70|127.0.0.1:15015, 764b18f0-81c5-439a-9fff-25adc4f241fa|127.0.0.1:15031]
java.util.concurrent.CompletionException: org.apache.ratis.protocol.exceptions.AlreadyExistsException: 764b18f0-81c5-439a-9fff-25adc4f241fa: Failed to add group-E01CF5EA873D:[8a3c3252-9afe-4d3a-8492-25be6557678a|127.0.0.1:15023, f700af26-0e26-4136-9205-9509c82c8c70|127.0.0.1:15015, 764b18f0-81c5-439a-9fff-25adc4f241fa|127.0.0.1:15031] since the group already exists in the map.
	at java.base/java.util.concurrent.CompletableFuture.encodeThrowable(CompletableFuture.java:332)
	at java.base/java.util.concurrent.CompletableFuture.uniApplyNow(CompletableFuture.java:674)
	at java.base/java.util.concurrent.CompletableFuture.uniApplyStage(CompletableFuture.java:662)
	at java.base/java.util.concurrent.CompletableFuture.thenApplyAsync(CompletableFuture.java:2210)
	at org.apache.ratis.server.impl.RaftServerProxy.groupAddAsync(RaftServerProxy.java:513)
	at org.apache.ratis.server.impl.RaftServerProxy.groupManagementAsync(RaftServerProxy.java:495)
	at org.apache.ratis.grpc.server.GrpcAdminProtocolService.lambda$groupManagement$0(GrpcAdminProtocolService.java:51)
	at org.apache.ratis.grpc.GrpcUtil.asyncCall(GrpcUtil.java:172)
	at org.apache.ratis.grpc.server.GrpcAdminProtocolService.groupManagement(GrpcAdminProtocolService.java:51)
	at org.apache.ratis.proto.grpc.AdminProtocolServiceGrpc$MethodHandlers.invoke(AdminProtocolServiceGrpc.java:701)
	at org.apache.ratis.thirdparty.io.grpc.stub.ServerCalls$UnaryServerCallHandler$UnaryServerCallListener.onHalfClose(ServerCalls.java:182)
	at org.apache.ratis.thirdparty.io.grpc.internal.ServerCallImpl$ServerStreamListenerImpl.halfClosed(ServerCallImpl.java:356)
	at org.apache.ratis.thirdparty.io.grpc.internal.ServerImpl$JumpToApplicationThreadServerStreamListener$1HalfClosed.runInContext(ServerImpl.java:861)
	at org.apache.ratis.thirdparty.io.grpc.internal.ContextRunnable.run(ContextRunnable.java:37)
	at org.apache.ratis.thirdparty.io.grpc.internal.SerializingExecutor.run(SerializingExecutor.java:133)
	at java.base/java.util.concurrent.ThreadPoolExecutor.runWorker(ThreadPoolExecutor.java:1144)
	at java.base/java.util.concurrent.ThreadPoolExecutor$Worker.run(ThreadPoolExecutor.java:642)
	at java.base/java.lang.Thread.run(Thread.java:1583)
Caused by: org.apache.ratis.protocol.exceptions.AlreadyExistsException: 764b18f0-81c5-439a-9fff-25adc4f241fa: Failed to add group-E01CF5EA873D:[8a3c3252-9afe-4d3a-8492-25be6557678a|127.0.0.1:15023, f700af26-0e26-4136-9205-9509c82c8c70|127.0.0.1:15015, 764b18f0-81c5-439a-9fff-25adc4f241fa|127.0.0.1:15031] since the group already exists in the map.
	at org.apache.ratis.server.impl.RaftServerProxy$ImplMap.addNew(RaftServerProxy.java:99)
	at org.apache.ratis.server.impl.RaftServerProxy.groupAddAsync(RaftServerProxy.java:512)
	... 13 more
2025-10-16 19:47:26,762 [IPC Server handler 24 on default port 15002] INFO  net.NetworkTopologyImpl (NetworkTopologyImpl.java:add(133)) - Added a new node: /default-rack/702cb173-5c73-4ecc-b5cd-c7b4a6b66aea
2025-10-16 19:47:26,762 [IPC Server handler 24 on default port 15002] INFO  node.SCMNodeManager (SCMNodeManager.java:register(423)) - Registered datanode: 702cb173-5c73-4ecc-b5cd-c7b4a6b66aea{ip: 127.0.0.1, host: localhost, ports: [HTTP=15090, CLIENT_RPC=15091, REPLICATION=15097, RATIS=15093, RATIS_ADMIN=15094, RATIS_SERVER=15095, RATIS_DATASTREAM=15096, STANDALONE=15092], networkLocation: /default-rack, certSerialId: null, persistedOpState: null, persistedOpStateExpiryEpochSec: 0}
2025-10-16 19:47:26,762 [EventQueue-ContainerRegistrationReportForECContainerSafeModeRule] INFO  safemode.SCMSafeModeManager (SCMSafeModeManager.java:validateSafeModeExitRules(138)) - ECContainerSafeModeRule rule is successfully validated
2025-10-16 19:47:26,762 [EventQueue-ContainerRegistrationReportForRatisContainerSafeModeRule] INFO  safemode.SCMSafeModeManager (SCMSafeModeManager.java:validateSafeModeExitRules(138)) - RatisContainerSafeModeRule rule is successfully validated
2025-10-16 19:47:26,763 [EventQueue-PipelineReportForOneReplicaPipelineSafeModeRule] INFO  safemode.SCMSafeModeManager (SCMSafeModeManager.java:validateSafeModeExitRules(138)) - OneReplicaPipelineSafeModeRule rule is successfully validated
2025-10-16 19:47:26,763 | INFO  | SCMAudit | user=runner | ip=127.0.0.1 | op=REGISTER {"datanodeDetails":"702cb173-5c73-4ecc-b5cd-c7b4a6b66aea(localhost/127.0.0.1)"} | ret=SUCCESS |  
2025-10-16 19:47:26,763 [EventQueue-NewNodeForNewNodeHandler] INFO  pipeline.BackgroundPipelineCreator (BackgroundPipelineCreator.java:notifyEventTriggered(290)) - trigger a one-shot run on RatisPipelineUtilsThread.
2025-10-16 19:47:26,763 [EventQueue-NodeRegistrationContainerReportForDataNodeSafeModeRule] INFO  safemode.SCMSafeModeManager (SCMSafeModeManager.java:validateSafeModeExitRules(138)) - DataNodeSafeModeRule rule is successfully validated
2025-10-16 19:47:26,764 [RatisPipelineUtilsThread-0] INFO  pipeline.RatisPipelineProvider (RatisPipelineProvider.java:lambda$create$0(208)) - Sending CreatePipelineCommand for pipeline:Pipeline-071df4d7-ac14-4329-b933-2ab8351bc093 to datanode:702cb173-5c73-4ecc-b5cd-c7b4a6b66aea(localhost/127.0.0.1)
2025-10-16 19:47:26,766 [bed9314d-2aab-40ad-9a80-177434bab325@group-94071A26A1CE-StateMachineUpdater] INFO  safemode.SCMSafeModeManager (SCMSafeModeManager.java:validateSafeModeExitRules(138)) - DataNodeSafeModeRule rule is successfully validated
2025-10-16 19:47:26,767 [bed9314d-2aab-40ad-9a80-177434bab325@group-94071A26A1CE-StateMachineUpdater] INFO  safemode.SCMSafeModeManager (SCMSafeModeManager.java:validateSafeModeExitRules(138)) - RatisContainerSafeModeRule rule is successfully validated
2025-10-16 19:47:26,767 [bed9314d-2aab-40ad-9a80-177434bab325@group-94071A26A1CE-StateMachineUpdater] INFO  safemode.HealthyPipelineSafeModeRule (HealthyPipelineSafeModeRule.java:initializeRule(226)) - Refreshed total pipeline count is 0, healthy pipeline threshold count is 1
2025-10-16 19:47:26,767 [bed9314d-2aab-40ad-9a80-177434bab325@group-94071A26A1CE-StateMachineUpdater] INFO  safemode.SCMSafeModeManager (SCMSafeModeManager.java:validateSafeModeExitRules(138)) - OneReplicaPipelineSafeModeRule rule is successfully validated
2025-10-16 19:47:26,767 [bed9314d-2aab-40ad-9a80-177434bab325@group-94071A26A1CE-StateMachineUpdater] INFO  safemode.SCMSafeModeManager (SCMSafeModeManager.java:validateSafeModeExitRules(138)) - ECContainerSafeModeRule rule is successfully validated
2025-10-16 19:47:26,768 [RatisPipelineUtilsThread-0] INFO  pipeline.BackgroundPipelineCreator (BackgroundPipelineCreator.java:createPipelines(246)) - Created new pipeline Pipeline{ Id: 071df4d7-ac14-4329-b933-2ab8351bc093, Nodes: [ {702cb173-5c73-4ecc-b5cd-c7b4a6b66aea(localhost/127.0.0.1), ReplicaIndex: 0},], ReplicationConfig: RATIS/ONE, State:ALLOCATED, leaderId:, CreationTimestamp2025-10-16T19:47:26.764603076Z[Etc/UTC]}
2025-10-16 19:47:26,789 | INFO  | SCMAudit | user=runner | ip=127.0.0.1 | op=SEND_HEARTBEAT {"datanodeUUID":"8a0fa2ff-b550-4652-b2fe-0cf91cd4a157","term":"2","command":"[commandType: createPipelineCommand createPipelineCommandProto { pipelineID { id: \"2fe8678b-8097-49d9-a565-90a7926d173c\" uuid128 { mostSigBits: 3452122963234998745 leastSigBits: -6528653035413104836 } } type: RATIS factor: ONE datanode { uuid: \"8a0fa2ff-b550-4652-b2fe-0cf91cd4a157\" ipAddress: \"127.0.0.1\" hostName: \"localhost\" ports { name: \"HTTP\" value: 15074 } ports { name: \"CLIENT_RPC\" value: 15075 } ports { name: \"REPLICATION\" value: 15081 } ports { name: \"RATIS\" value: 15077 } ports { name: \"RATIS_ADMIN\" value: 15078 } ports { name: \"RATIS_SERVER\" value: 15079 } ports { name: \"RATIS_DATASTREAM\" value: 15080 } ports { name: \"STANDALONE\" value: 15076 } networkName: \"8a0fa2ff-b550-4652-b2fe-0cf91cd4a157\" networkLocation: \"/default-rack\" persistedOpState: IN_SERVICE persistedOpStateExpiry: 0 currentVersion: 2 uuid128 { mostSigBits: -8498394752682539438 leastSigBits: -5548983426803785385 } level: 3 id { uuid { mostSigBits: -8498394752682539438 leastSigBits: -5548983426803785385 } } } cmdId: 1760644044138 priority: 1 } term: 2 encodedToken: \"\" deadlineMsSinceEpoch: 0, commandType: createPipelineCommand createPipelineCommandProto { pipelineID { id: \"8f9acfe3-5569-4a29-b935-ee898a0a2821\" uuid128 { mostSigBits: -8098932404574926295 leastSigBits: -5100908728433367007 } } type: RATIS factor: THREE datanode { uuid: \"8a0fa2ff-b550-4652-b2fe-0cf91cd4a157\" ipAddress: \"127.0.0.1\" hostName: \"localhost\" ports { name: \"HTTP\" value: 15074 } ports { name: \"CLIENT_RPC\" value: 15075 } ports { name: \"REPLICATION\" value: 15081 } ports { name: \"RATIS\" value: 15077 } ports { name: \"RATIS_ADMIN\" value: 15078 } ports { name: \"RATIS_SERVER\" value: 15079 } ports { name: \"RATIS_DATASTREAM\" value: 15080 } ports { name: \"STANDALONE\" value: 15076 } networkName: \"8a0fa2ff-b550-4652-b2fe-0cf91cd4a157\" networkLocation: \"/default-rack\" persistedOpState: IN_SERVICE persistedOpStateExpiry: 0 currentVersion: 2 uuid128 { mostSigBits: -8498394752682539438 leastSigBits: -5548983426803785385 } level: 3 id { uuid { mostSigBits: -8498394752682539438 leastSigBits: -5548983426803785385 } } } datanode { uuid: \"76d4ba71-5bbb-4b24-8f51-8bc7f78aaca4\" ipAddress: \"127.0.0.1\" hostName: \"localhost\" ports { name: \"HTTP\" value: 15066 } ports { name: \"CLIENT_RPC\" value: 15067 } ports { name: \"REPLICATION\" value: 15073 } ports { name: \"RATIS\" value: 15069 } ports { name: \"RATIS_ADMIN\" value: 15070 } ports { name: \"RATIS_SERVER\" value: 15071 } ports { name: \"RATIS_DATASTREAM\" value: 15072 } ports { name: \"STANDALONE\" value: 15068 } networkName: \"76d4ba71-5bbb-4b24-8f51-8bc7f78aaca4\" networkLocation: \"/default-rack\" persistedOpState: IN_SERVICE persistedOpStateExpiry: 0 currentVersion: 2 uuid128 { mostSigBits: 8562673787571227428 leastSigBits: -8119554962204480348 } level: 3 id { uuid { mostSigBits: 8562673787571227428 leastSigBits: -8119554962204480348 } } } datanode { uuid: \"e072d245-7694-4d97-8e20-c503ebf8c2fe\" ipAddress: \"127.0.0.1\" hostName: \"localhost\" ports { name: \"HTTP\" value: 15058 } ports { name: \"CLIENT_RPC\" value: 15059 } ports { name: \"REPLICATION\" value: 15065 } ports { name: \"RATIS\" value: 15061 } ports { name: \"RATIS_ADMIN\" value: 15062 } ports { name: \"RATIS_SERVER\" value: 15063 } ports { name: \"RATIS_DATASTREAM\" value: 15064 } ports { name: \"STANDALONE\" value: 15060 } networkName: \"e072d245-7694-4d97-8e20-c503ebf8c2fe\" networkLocation: \"/default-rack\" persistedOpState: IN_SERVICE persistedOpStateExpiry: 0 currentVersion: 2 uuid128 { mostSigBits: -2273523666084672105 leastSigBits: -8205341900434521346 } level: 3 id { uuid { mostSigBits: -2273523666084672105 leastSigBits: -8205341900434521346 } } } cmdId: 1760644044139 priority: 0 priority: 0 priority: 1 } term: 2 encodedToken: \"\" deadlineMsSinceEpoch: 0, commandType: createPipelineCommand createPipelineCommandProto { pipelineID { id: \"36c7da6a-14e2-433e-b882-35c832a27f16\" uuid128 { mostSigBits: 3947363747565290302 leastSigBits: -5151495889799184618 } } type: RATIS factor: THREE datanode { uuid: \"e072d245-7694-4d97-8e20-c503ebf8c2fe\" ipAddress: \"127.0.0.1\" hostName: \"localhost\" ports { name: \"HTTP\" value: 15058 } ports { name: \"CLIENT_RPC\" value: 15059 } ports { name: \"REPLICATION\" value: 15065 } ports { name: \"RATIS\" value: 15061 } ports { name: \"RATIS_ADMIN\" value: 15062 } ports { name: \"RATIS_SERVER\" value: 15063 } ports { name: \"RATIS_DATASTREAM\" value: 15064 } ports { name: \"STANDALONE\" value: 15060 } networkName: \"e072d245-7694-4d97-8e20-c503ebf8c2fe\" networkLocation: \"/default-rack\" persistedOpState: IN_SERVICE persistedOpStateExpiry: 0 currentVersion: 2 uuid128 { mostSigBits: -2273523666084672105 leastSigBits: -8205341900434521346 } level: 3 id { uuid { mostSigBits: -2273523666084672105 leastSigBits: -8205341900434521346 } } } datanode { uuid: \"76d4ba71-5bbb-4b24-8f51-8bc7f78aaca4\" ipAddress: \"127.0.0.1\" hostName: \"localhost\" ports { name: \"HTTP\" value: 15066 } ports { name: \"CLIENT_RPC\" value: 15067 } ports { name: \"REPLICATION\" value: 15073 } ports { name: \"RATIS\" value: 15069 } ports { name: \"RATIS_ADMIN\" value: 15070 } ports { name: \"RATIS_SERVER\" value: 15071 } ports { name: \"RATIS_DATASTREAM\" value: 15072 } ports { name: \"STANDALONE\" value: 15068 } networkName: \"76d4ba71-5bbb-4b24-8f51-8bc7f78aaca4\" networkLocation: \"/default-rack\" persistedOpState: IN_SERVICE persistedOpStateExpiry: 0 currentVersion: 2 uuid128 { mostSigBits: 8562673787571227428 leastSigBits: -8119554962204480348 } level: 3 id { uuid { mostSigBits: 8562673787571227428 leastSigBits: -8119554962204480348 } } } datanode { uuid: \"8a0fa2ff-b550-4652-b2fe-0cf91cd4a157\" ipAddress: \"127.0.0.1\" hostName: \"localhost\" ports { name: \"HTTP\" value: 15074 } ports { name: \"CLIENT_RPC\" value: 15075 } ports { name: \"REPLICATION\" value: 15081 } ports { name: \"RATIS\" value: 15077 } ports { name: \"RATIS_ADMIN\" value: 15078 } ports { name: \"RATIS_SERVER\" value: 15079 } ports { name: \"RATIS_DATASTREAM\" value: 15080 } ports { name: \"STANDALONE\" value: 15076 } networkName: \"8a0fa2ff-b550-4652-b2fe-0cf91cd4a157\" networkLocation: \"/default-rack\" persistedOpState: IN_SERVICE persistedOpStateExpiry: 0 currentVersion: 2 uuid128 { mostSigBits: -8498394752682539438 leastSigBits: -5548983426803785385 } level: 3 id { uuid { mostSigBits: -8498394752682539438 leastSigBits: -5548983426803785385 } } } cmdId: 1760644044140 priority: 0 priority: 1 priority: 0 } term: 2 encodedToken: \"\" deadlineMsSinceEpoch: 0]"} | ret=SUCCESS |  
2025-10-16 19:47:26,802 [grpc-default-executor-0] INFO  server.RaftServer (RaftServerProxy.java:addNew(105)) - 8a3c3252-9afe-4d3a-8492-25be6557678a: addNew group-E01CF5EA873D:[8a3c3252-9afe-4d3a-8492-25be6557678a|127.0.0.1:15023, f700af26-0e26-4136-9205-9509c82c8c70|127.0.0.1:15015, 764b18f0-81c5-439a-9fff-25adc4f241fa|127.0.0.1:15031] returns group-E01CF5EA873D:java.util.concurrent.CompletableFuture@43ff3c8a[Not completed]
2025-10-16 19:47:26,803 [grpc-default-executor-1] WARN  server.GrpcAdminProtocolService (GrpcAdminProtocolService.java:lambda$groupManagement$1(53)) - Failed groupManagement: GROUPADD, GroupManagementRequest:client-B460CC553D8B->8a3c3252-9afe-4d3a-8492-25be6557678a@group-E01CF5EA873D, cid=4, seq=null, RW, null, Add:group-E01CF5EA873D:[8a3c3252-9afe-4d3a-8492-25be6557678a|127.0.0.1:15023, f700af26-0e26-4136-9205-9509c82c8c70|127.0.0.1:15015, 764b18f0-81c5-439a-9fff-25adc4f241fa|127.0.0.1:15031]
java.util.concurrent.CompletionException: org.apache.ratis.protocol.exceptions.AlreadyExistsException: 8a3c3252-9afe-4d3a-8492-25be6557678a: Failed to add group-E01CF5EA873D:[8a3c3252-9afe-4d3a-8492-25be6557678a|127.0.0.1:15023, f700af26-0e26-4136-9205-9509c82c8c70|127.0.0.1:15015, 764b18f0-81c5-439a-9fff-25adc4f241fa|127.0.0.1:15031] since the group already exists in the map.
	at java.base/java.util.concurrent.CompletableFuture.encodeThrowable(CompletableFuture.java:332)
	at java.base/java.util.concurrent.CompletableFuture.uniApplyNow(CompletableFuture.java:674)
	at java.base/java.util.concurrent.CompletableFuture.uniApplyStage(CompletableFuture.java:662)
	at java.base/java.util.concurrent.CompletableFuture.thenApplyAsync(CompletableFuture.java:2210)
	at org.apache.ratis.server.impl.RaftServerProxy.groupAddAsync(RaftServerProxy.java:513)
	at org.apache.ratis.server.impl.RaftServerProxy.groupManagementAsync(RaftServerProxy.java:495)
	at org.apache.ratis.grpc.server.GrpcAdminProtocolService.lambda$groupManagement$0(GrpcAdminProtocolService.java:51)
	at org.apache.ratis.grpc.GrpcUtil.asyncCall(GrpcUtil.java:172)
	at org.apache.ratis.grpc.server.GrpcAdminProtocolService.groupManagement(GrpcAdminProtocolService.java:51)
	at org.apache.ratis.proto.grpc.AdminProtocolServiceGrpc$MethodHandlers.invoke(AdminProtocolServiceGrpc.java:701)
	at org.apache.ratis.thirdparty.io.grpc.stub.ServerCalls$UnaryServerCallHandler$UnaryServerCallListener.onHalfClose(ServerCalls.java:182)
	at org.apache.ratis.thirdparty.io.grpc.internal.ServerCallImpl$ServerStreamListenerImpl.halfClosed(ServerCallImpl.java:356)
	at org.apache.ratis.thirdparty.io.grpc.internal.ServerImpl$JumpToApplicationThreadServerStreamListener$1HalfClosed.runInContext(ServerImpl.java:861)
	at org.apache.ratis.thirdparty.io.grpc.internal.ContextRunnable.run(ContextRunnable.java:37)
	at org.apache.ratis.thirdparty.io.grpc.internal.SerializingExecutor.run(SerializingExecutor.java:133)
	at java.base/java.util.concurrent.ThreadPoolExecutor.runWorker(ThreadPoolExecutor.java:1144)
	at java.base/java.util.concurrent.ThreadPoolExecutor$Worker.run(ThreadPoolExecutor.java:642)
	at java.base/java.lang.Thread.run(Thread.java:1583)
Caused by: org.apache.ratis.protocol.exceptions.AlreadyExistsException: 8a3c3252-9afe-4d3a-8492-25be6557678a: Failed to add group-E01CF5EA873D:[8a3c3252-9afe-4d3a-8492-25be6557678a|127.0.0.1:15023, f700af26-0e26-4136-9205-9509c82c8c70|127.0.0.1:15015, 764b18f0-81c5-439a-9fff-25adc4f241fa|127.0.0.1:15031] since the group already exists in the map.
	at org.apache.ratis.server.impl.RaftServerProxy$ImplMap.addNew(RaftServerProxy.java:99)
	at org.apache.ratis.server.impl.RaftServerProxy.groupAddAsync(RaftServerProxy.java:512)
	... 13 more
2025-10-16 19:47:26,805 [8a3c3252-9afe-4d3a-8492-25be6557678a-groupManagement] INFO  server.RaftServer$Division (RaftServerImpl.java:<init>(268)) - 8a3c3252-9afe-4d3a-8492-25be6557678a: new RaftServerImpl for group-E01CF5EA873D:[8a3c3252-9afe-4d3a-8492-25be6557678a|127.0.0.1:15023, f700af26-0e26-4136-9205-9509c82c8c70|127.0.0.1:15015, 764b18f0-81c5-439a-9fff-25adc4f241fa|127.0.0.1:15031] with ContainerStateMachine:uninitialized
2025-10-16 19:47:26,805 [8a3c3252-9afe-4d3a-8492-25be6557678a-groupManagement] INFO  server.RaftServer$Division (ServerState.java:<init>(114)) - 8a3c3252-9afe-4d3a-8492-25be6557678a@group-E01CF5EA873D: ConfigurationManager, init=conf: {index: -1, cur=peers:[8a3c3252-9afe-4d3a-8492-25be6557678a|127.0.0.1:15023, f700af26-0e26-4136-9205-9509c82c8c70|127.0.0.1:15015, 764b18f0-81c5-439a-9fff-25adc4f241fa|127.0.0.1:15031]|listeners:[], old=null}, confs=<EMPTY_MAP>
2025-10-16 19:47:26,814 [764b18f0-81c5-439a-9fff-25adc4f241fa-CreatePipelineCommandHandlerThread-0] INFO  commandhandler.CreatePipelineCommandHandler (CreatePipelineCommandHandler.java:lambda$handle$2(141)) - Created Pipeline RATIS THREE Pipeline-8c63ceaf-ef16-456b-926f-e01cf5ea873d.
2025-10-16 19:47:26,815 [764b18f0-81c5-439a-9fff-25adc4f241fa-CreatePipelineCommandHandlerThread-0] INFO  server.RaftServer (RaftServerProxy.java:addNew(105)) - 764b18f0-81c5-439a-9fff-25adc4f241fa: addNew group-7F698BB0E6AA:[8a3c3252-9afe-4d3a-8492-25be6557678a|127.0.0.1:15023, f700af26-0e26-4136-9205-9509c82c8c70|127.0.0.1:15015, 764b18f0-81c5-439a-9fff-25adc4f241fa|127.0.0.1:15031] returns group-7F698BB0E6AA:java.util.concurrent.CompletableFuture@4fef20da[Not completed]
2025-10-16 19:47:26,817 [764b18f0-81c5-439a-9fff-25adc4f241fa-groupManagement] INFO  server.RaftServer$Division (RaftServerImpl.java:<init>(268)) - 764b18f0-81c5-439a-9fff-25adc4f241fa: new RaftServerImpl for group-7F698BB0E6AA:[8a3c3252-9afe-4d3a-8492-25be6557678a|127.0.0.1:15023, f700af26-0e26-4136-9205-9509c82c8c70|127.0.0.1:15015, 764b18f0-81c5-439a-9fff-25adc4f241fa|127.0.0.1:15031] with ContainerStateMachine:uninitialized
2025-10-16 19:47:26,818 [764b18f0-81c5-439a-9fff-25adc4f241fa-groupManagement] INFO  server.RaftServer$Division (ServerState.java:<init>(114)) - 764b18f0-81c5-439a-9fff-25adc4f241fa@group-7F698BB0E6AA: ConfigurationManager, init=conf: {index: -1, cur=peers:[8a3c3252-9afe-4d3a-8492-25be6557678a|127.0.0.1:15023, f700af26-0e26-4136-9205-9509c82c8c70|127.0.0.1:15015, 764b18f0-81c5-439a-9fff-25adc4f241fa|127.0.0.1:15031]|listeners:[], old=null}, confs=<EMPTY_MAP>
2025-10-16 19:47:26,819 [8a3c3252-9afe-4d3a-8492-25be6557678a-groupManagement] INFO  server.RaftServerConfigKeys (ConfUtils.java:logGet(62)) - raft.server.storage.dir = [/home/runner/work/ozone/ozone/hadoop-ozone/integration-test/target/test-dir/MiniOzoneClusterImpl-e7911277-7775-4457-96c8-94071a26a1ce/ozone-metadata/datanode-2/ratis] (custom)
2025-10-16 19:47:26,819 [8a3c3252-9afe-4d3a-8492-25be6557678a-groupManagement] INFO  storage.RaftStorageDirectory (RaftStorageDirectoryImpl.java:analyzeStorage(138)) - The storage directory /home/runner/work/ozone/ozone/hadoop-ozone/integration-test/target/test-dir/MiniOzoneClusterImpl-e7911277-7775-4457-96c8-94071a26a1ce/ozone-metadata/datanode-2/ratis/8c63ceaf-ef16-456b-926f-e01cf5ea873d does not exist. Creating ...
2025-10-16 19:47:26,821 [8a3c3252-9afe-4d3a-8492-25be6557678a-groupManagement] INFO  storage.RaftStorageDirectory (RaftStorageDirectoryImpl.java:tryLock(229)) - Lock on /home/runner/work/ozone/ozone/hadoop-ozone/integration-test/target/test-dir/MiniOzoneClusterImpl-e7911277-7775-4457-96c8-94071a26a1ce/ozone-metadata/datanode-2/ratis/8c63ceaf-ef16-456b-926f-e01cf5ea873d/in_use.lock acquired by nodename 40995@localhost
2025-10-16 19:47:26,822 [8a3c3252-9afe-4d3a-8492-25be6557678a-groupManagement] INFO  storage.RaftStorage (RaftStorageImpl.java:format(98)) - Storage directory /home/runner/work/ozone/ozone/hadoop-ozone/integration-test/target/test-dir/MiniOzoneClusterImpl-e7911277-7775-4457-96c8-94071a26a1ce/ozone-metadata/datanode-2/ratis/8c63ceaf-ef16-456b-926f-e01cf5ea873d has been successfully formatted.
2025-10-16 19:47:26,822 [8a3c3252-9afe-4d3a-8492-25be6557678a-groupManagement] INFO  ratis.ContainerStateMachine (ContainerStateMachine.java:initialize(339)) - 8a3c3252-9afe-4d3a-8492-25be6557678a: initialize group-E01CF5EA873D
2025-10-16 19:47:26,822 [8a3c3252-9afe-4d3a-8492-25be6557678a-groupManagement] INFO  ratis.ContainerStateMachine (ContainerStateMachine.java:loadSnapshot(347)) - group-E01CF5EA873D: The snapshot info is null. Setting the last applied index to:<INITIAL_VALUE>
2025-10-16 19:47:26,822 [8a3c3252-9afe-4d3a-8492-25be6557678a-groupManagement] INFO  server.RaftServerConfigKeys (ConfUtils.java:logGet(62)) - raft.server.log.appender.buffer.byte-limit = 33554432 (custom)
2025-10-16 19:47:26,825 [EventQueue-PipelineReportForOneReplicaPipelineSafeModeRule] INFO  safemode.SCMSafeModeManager (SCMSafeModeManager.java:validateSafeModeExitRules(138)) - OneReplicaPipelineSafeModeRule rule is successfully validated
2025-10-16 19:47:26,825 | INFO  | SCMAudit | user=runner | ip=127.0.0.1 | op=SEND_HEARTBEAT {"datanodeUUID":"8a3c3252-9afe-4d3a-8492-25be6557678a","term":"2","command":"[]"} | ret=SUCCESS |  
2025-10-16 19:47:26,835 [764b18f0-81c5-439a-9fff-25adc4f241fa-groupManagement] INFO  server.RaftServerConfigKeys (ConfUtils.java:logGet(62)) - raft.server.storage.dir = [/home/runner/work/ozone/ozone/hadoop-ozone/integration-test/target/test-dir/MiniOzoneClusterImpl-e7911277-7775-4457-96c8-94071a26a1ce/ozone-metadata/datanode-3/ratis] (custom)
2025-10-16 19:47:26,835 [8a3c3252-9afe-4d3a-8492-25be6557678a-groupManagement] INFO  server.RaftServerConfigKeys (ConfUtils.java:logGet(62)) - raft.server.log.segment.size.max = 67108864 (custom)
2025-10-16 19:47:26,836 [764b18f0-81c5-439a-9fff-25adc4f241fa-groupManagement] INFO  storage.RaftStorageDirectory (RaftStorageDirectoryImpl.java:analyzeStorage(138)) - The storage directory /home/runner/work/ozone/ozone/hadoop-ozone/integration-test/target/test-dir/MiniOzoneClusterImpl-e7911277-7775-4457-96c8-94071a26a1ce/ozone-metadata/datanode-3/ratis/e8667477-af8e-4488-a6a8-7f698bb0e6aa does not exist. Creating ...
2025-10-16 19:47:26,836 [8a3c3252-9afe-4d3a-8492-25be6557678a-groupManagement] INFO  server.RaftServerConfigKeys (ConfUtils.java:logGet(62)) - raft.server.log.appender.buffer.byte-limit = 33554432 (custom)
2025-10-16 19:47:26,837 [8a3c3252-9afe-4d3a-8492-25be6557678a-groupManagement] INFO  util.AwaitToRun (AwaitToRun.java:start(81)) - Thread[#1443,8a3c3252-9afe-4d3a-8492-25be6557678a@group-E01CF5EA873D-cacheEviction-AwaitToRun,5,main] started
2025-10-16 19:47:26,837 [8a3c3252-9afe-4d3a-8492-25be6557678a-groupManagement] INFO  segmented.SegmentedRaftLogWorker (SegmentedRaftLogWorker.java:<init>(190)) - new 8a3c3252-9afe-4d3a-8492-25be6557678a@group-E01CF5EA873D-SegmentedRaftLogWorker for RaftStorageImpl:Storage Directory /home/runner/work/ozone/ozone/hadoop-ozone/integration-test/target/test-dir/MiniOzoneClusterImpl-e7911277-7775-4457-96c8-94071a26a1ce/ozone-metadata/datanode-2/ratis/8c63ceaf-ef16-456b-926f-e01cf5ea873d
2025-10-16 19:47:26,837 [8a3c3252-9afe-4d3a-8492-25be6557678a-groupManagement] INFO  server.RaftServerConfigKeys (ConfUtils.java:logGet(62)) - raft.server.log.queue.byte-limit = 4294967296 (custom)
2025-10-16 19:47:26,838 [8a3c3252-9afe-4d3a-8492-25be6557678a-groupManagement] INFO  server.RaftServerConfigKeys (ConfUtils.java:logGet(62)) - raft.server.log.segment.size.max = 67108864 (custom)
2025-10-16 19:47:26,837 [764b18f0-81c5-439a-9fff-25adc4f241fa-groupManagement] INFO  storage.RaftStorageDirectory (RaftStorageDirectoryImpl.java:tryLock(229)) - Lock on /home/runner/work/ozone/ozone/hadoop-ozone/integration-test/target/test-dir/MiniOzoneClusterImpl-e7911277-7775-4457-96c8-94071a26a1ce/ozone-metadata/datanode-3/ratis/e8667477-af8e-4488-a6a8-7f698bb0e6aa/in_use.lock acquired by nodename 40995@localhost
2025-10-16 19:47:26,838 [8a3c3252-9afe-4d3a-8492-25be6557678a-groupManagement] INFO  server.RaftServerConfigKeys (ConfUtils.java:logGet(62)) - raft.server.log.preallocated.size = 4194304 (custom)
2025-10-16 19:47:26,839 [8a3c3252-9afe-4d3a-8492-25be6557678a-groupManagement] INFO  server.RaftServerConfigKeys (ConfUtils.java:logGet(62)) - raft.server.log.write.buffer.size = 33554440 (custom)
2025-10-16 19:47:26,841 [764b18f0-81c5-439a-9fff-25adc4f241fa-groupManagement] INFO  storage.RaftStorage (RaftStorageImpl.java:format(98)) - Storage directory /home/runner/work/ozone/ozone/hadoop-ozone/integration-test/target/test-dir/MiniOzoneClusterImpl-e7911277-7775-4457-96c8-94071a26a1ce/ozone-metadata/datanode-3/ratis/e8667477-af8e-4488-a6a8-7f698bb0e6aa has been successfully formatted.
2025-10-16 19:47:26,842 [8a3c3252-9afe-4d3a-8492-25be6557678a-CreatePipelineCommandHandlerThread-0] INFO  server.RaftServer (RaftServerProxy.java:addNew(105)) - 8a3c3252-9afe-4d3a-8492-25be6557678a: addNew group-52355F3170E4:[8a3c3252-9afe-4d3a-8492-25be6557678a|127.0.0.1:15023] returns group-52355F3170E4:java.util.concurrent.CompletableFuture@3b755ef6[Not completed]
2025-10-16 19:47:26,842 [764b18f0-81c5-439a-9fff-25adc4f241fa-groupManagement] INFO  ratis.ContainerStateMachine (ContainerStateMachine.java:initialize(339)) - 764b18f0-81c5-439a-9fff-25adc4f241fa: initialize group-7F698BB0E6AA
2025-10-16 19:47:26,842 [764b18f0-81c5-439a-9fff-25adc4f241fa-groupManagement] INFO  ratis.ContainerStateMachine (ContainerStateMachine.java:loadSnapshot(347)) - group-7F698BB0E6AA: The snapshot info is null. Setting the last applied index to:<INITIAL_VALUE>
2025-10-16 19:47:26,844 [764b18f0-81c5-439a-9fff-25adc4f241fa-groupManagement] INFO  server.RaftServerConfigKeys (ConfUtils.java:logGet(62)) - raft.server.log.appender.buffer.byte-limit = 33554432 (custom)
2025-10-16 19:47:26,844 | INFO  | SCMAudit | user=runner | ip=127.0.0.1 | op=SEND_HEARTBEAT {"datanodeUUID":"764b18f0-81c5-439a-9fff-25adc4f241fa","term":"2","command":"[]"} | ret=SUCCESS |  
2025-10-16 19:47:26,845 [EventQueue-PipelineReportForOneReplicaPipelineSafeModeRule] INFO  safemode.SCMSafeModeManager (SCMSafeModeManager.java:validateSafeModeExitRules(138)) - OneReplicaPipelineSafeModeRule rule is successfully validated
2025-10-16 19:47:26,847 [8a3c3252-9afe-4d3a-8492-25be6557678a-groupManagement] INFO  server.RaftServerConfigKeys (ConfUtils.java:logGet(62)) - raft.server.log.appender.buffer.byte-limit = 33554432 (custom)
2025-10-16 19:47:26,848 [8a3c3252-9afe-4d3a-8492-25be6557678a-groupManagement] INFO  segmented.SegmentedRaftLogWorker (SegmentedRaftLogWorker.java:lambda$new$0(141)) - 8a3c3252-9afe-4d3a-8492-25be6557678a@group-E01CF5EA873D-SegmentedRaftLogWorker: flushIndex: setUnconditionally 0 -> -1
2025-10-16 19:47:26,848 [8a3c3252-9afe-4d3a-8492-25be6557678a-groupManagement] INFO  segmented.SegmentedRaftLogWorker (SegmentedRaftLogWorker.java:lambda$new$0(141)) - 8a3c3252-9afe-4d3a-8492-25be6557678a@group-E01CF5EA873D-SegmentedRaftLogWorker: safeCacheEvictIndex: setUnconditionally 0 -> -1
2025-10-16 19:47:26,848 [8a3c3252-9afe-4d3a-8492-25be6557678a-groupManagement] INFO  server.RaftServer$Division (RaftServerImpl.java:start(405)) - 8a3c3252-9afe-4d3a-8492-25be6557678a@group-E01CF5EA873D: start as a follower, conf=conf: {index: -1, cur=peers:[8a3c3252-9afe-4d3a-8492-25be6557678a|127.0.0.1:15023, f700af26-0e26-4136-9205-9509c82c8c70|127.0.0.1:15015, 764b18f0-81c5-439a-9fff-25adc4f241fa|127.0.0.1:15031]|listeners:[], old=null}
2025-10-16 19:47:26,848 [8a3c3252-9afe-4d3a-8492-25be6557678a-groupManagement] INFO  server.RaftServer$Division (RaftServerImpl.java:setRole(392)) - 8a3c3252-9afe-4d3a-8492-25be6557678a@group-E01CF5EA873D: changes role from      null to FOLLOWER at term 0 for startAsFollower
2025-10-16 19:47:26,850 [8a3c3252-9afe-4d3a-8492-25be6557678a-groupManagement] INFO  impl.RoleInfo (RoleInfo.java:updateAndGet(148)) - 8a3c3252-9afe-4d3a-8492-25be6557678a: start 8a3c3252-9afe-4d3a-8492-25be6557678a@group-E01CF5EA873D-FollowerState
2025-10-16 19:47:26,853 [8a3c3252-9afe-4d3a-8492-25be6557678a-groupManagement] INFO  util.JmxRegister (JmxRegister.java:tryRegister(44)) - Successfully registered JMX Bean with object name Ratis:service=RaftServer,group=group-E01CF5EA873D,id=8a3c3252-9afe-4d3a-8492-25be6557678a
2025-10-16 19:47:26,853 [8a3c3252-9afe-4d3a-8492-25be6557678a-groupManagement] INFO  util.JmxRegister (JmxRegister.java:register(58)) - register mxBean class org.apache.ratis.server.impl.RaftServerJmxAdapter as Ratis:service=RaftServer,group=group-E01CF5EA873D,id=8a3c3252-9afe-4d3a-8492-25be6557678a
2025-10-16 19:47:26,854 [764b18f0-81c5-439a-9fff-25adc4f241fa-groupManagement] INFO  server.RaftServerConfigKeys (ConfUtils.java:logGet(62)) - raft.server.log.segment.size.max = 67108864 (custom)
2025-10-16 19:47:26,854 [764b18f0-81c5-439a-9fff-25adc4f241fa-groupManagement] INFO  server.RaftServerConfigKeys (ConfUtils.java:logGet(62)) - raft.server.log.appender.buffer.byte-limit = 33554432 (custom)
2025-10-16 19:47:26,855 [764b18f0-81c5-439a-9fff-25adc4f241fa-groupManagement] INFO  util.AwaitToRun (AwaitToRun.java:start(81)) - Thread[#1448,764b18f0-81c5-439a-9fff-25adc4f241fa@group-7F698BB0E6AA-cacheEviction-AwaitToRun,5,main] started
2025-10-16 19:47:26,855 [764b18f0-81c5-439a-9fff-25adc4f241fa-groupManagement] INFO  segmented.SegmentedRaftLogWorker (SegmentedRaftLogWorker.java:<init>(190)) - new 764b18f0-81c5-439a-9fff-25adc4f241fa@group-7F698BB0E6AA-SegmentedRaftLogWorker for RaftStorageImpl:Storage Directory /home/runner/work/ozone/ozone/hadoop-ozone/integration-test/target/test-dir/MiniOzoneClusterImpl-e7911277-7775-4457-96c8-94071a26a1ce/ozone-metadata/datanode-3/ratis/e8667477-af8e-4488-a6a8-7f698bb0e6aa
2025-10-16 19:47:26,856 [764b18f0-81c5-439a-9fff-25adc4f241fa-groupManagement] INFO  server.RaftServerConfigKeys (ConfUtils.java:logGet(62)) - raft.server.log.queue.byte-limit = 4294967296 (custom)
2025-10-16 19:47:26,856 [764b18f0-81c5-439a-9fff-25adc4f241fa-groupManagement] INFO  server.RaftServerConfigKeys (ConfUtils.java:logGet(62)) - raft.server.log.segment.size.max = 67108864 (custom)
2025-10-16 19:47:26,856 [764b18f0-81c5-439a-9fff-25adc4f241fa-groupManagement] INFO  server.RaftServerConfigKeys (ConfUtils.java:logGet(62)) - raft.server.log.preallocated.size = 4194304 (custom)
2025-10-16 19:47:26,856 [764b18f0-81c5-439a-9fff-25adc4f241fa-groupManagement] INFO  server.RaftServerConfigKeys (ConfUtils.java:logGet(62)) - raft.server.log.write.buffer.size = 33554440 (custom)
2025-10-16 19:47:26,857 [8a3c3252-9afe-4d3a-8492-25be6557678a-groupManagement] INFO  server.RaftServer$Division (RaftServerImpl.java:start(419)) - 8a3c3252-9afe-4d3a-8492-25be6557678a@group-E01CF5EA873D: Successfully started.
2025-10-16 19:47:26,868 [764b18f0-81c5-439a-9fff-25adc4f241fa-groupManagement] INFO  server.RaftServerConfigKeys (ConfUtils.java:logGet(62)) - raft.server.log.appender.buffer.byte-limit = 33554432 (custom)
2025-10-16 19:47:26,870 [764b18f0-81c5-439a-9fff-25adc4f241fa-groupManagement] INFO  segmented.SegmentedRaftLogWorker (SegmentedRaftLogWorker.java:lambda$new$0(141)) - 764b18f0-81c5-439a-9fff-25adc4f241fa@group-7F698BB0E6AA-SegmentedRaftLogWorker: flushIndex: setUnconditionally 0 -> -1
2025-10-16 19:47:26,870 [764b18f0-81c5-439a-9fff-25adc4f241fa-groupManagement] INFO  segmented.SegmentedRaftLogWorker (SegmentedRaftLogWorker.java:lambda$new$0(141)) - 764b18f0-81c5-439a-9fff-25adc4f241fa@group-7F698BB0E6AA-SegmentedRaftLogWorker: safeCacheEvictIndex: setUnconditionally 0 -> -1
2025-10-16 19:47:26,871 [764b18f0-81c5-439a-9fff-25adc4f241fa-groupManagement] INFO  server.RaftServer$Division (RaftServerImpl.java:start(405)) - 764b18f0-81c5-439a-9fff-25adc4f241fa@group-7F698BB0E6AA: start as a follower, conf=conf: {index: -1, cur=peers:[8a3c3252-9afe-4d3a-8492-25be6557678a|127.0.0.1:15023, f700af26-0e26-4136-9205-9509c82c8c70|127.0.0.1:15015, 764b18f0-81c5-439a-9fff-25adc4f241fa|127.0.0.1:15031]|listeners:[], old=null}
2025-10-16 19:47:26,871 [764b18f0-81c5-439a-9fff-25adc4f241fa-groupManagement] INFO  server.RaftServer$Division (RaftServerImpl.java:setRole(392)) - 764b18f0-81c5-439a-9fff-25adc4f241fa@group-7F698BB0E6AA: changes role from      null to FOLLOWER at term 0 for startAsFollower
2025-10-16 19:47:26,871 [764b18f0-81c5-439a-9fff-25adc4f241fa-groupManagement] INFO  impl.RoleInfo (RoleInfo.java:updateAndGet(148)) - 764b18f0-81c5-439a-9fff-25adc4f241fa: start 764b18f0-81c5-439a-9fff-25adc4f241fa@group-7F698BB0E6AA-FollowerState
2025-10-16 19:47:26,872 | INFO  | SCMAudit | user=runner | ip=127.0.0.1 | op=GET_VERSION {} | ret=SUCCESS |  
2025-10-16 19:47:26,874 [764b18f0-81c5-439a-9fff-25adc4f241fa-groupManagement] INFO  util.JmxRegister (JmxRegister.java:tryRegister(44)) - Successfully registered JMX Bean with object name Ratis:service=RaftServer,group=group-7F698BB0E6AA,id=764b18f0-81c5-439a-9fff-25adc4f241fa
2025-10-16 19:47:26,874 [764b18f0-81c5-439a-9fff-25adc4f241fa-groupManagement] INFO  util.JmxRegister (JmxRegister.java:register(58)) - register mxBean class org.apache.ratis.server.impl.RaftServerJmxAdapter as Ratis:service=RaftServer,group=group-7F698BB0E6AA,id=764b18f0-81c5-439a-9fff-25adc4f241fa
2025-10-16 19:47:26,877 [764b18f0-81c5-439a-9fff-25adc4f241fa-groupManagement] INFO  server.RaftServer$Division (RaftServerImpl.java:start(419)) - 764b18f0-81c5-439a-9fff-25adc4f241fa@group-7F698BB0E6AA: Successfully started.
2025-10-16 19:47:26,879 [764b18f0-81c5-439a-9fff-25adc4f241fa-CreatePipelineCommandHandlerThread-0] INFO  ratis.XceiverServerRatis (XceiverServerRatis.java:addGroup(839)) - Created group Pipeline-e8667477-af8e-4488-a6a8-7f698bb0e6aa
2025-10-16 19:47:26,897 [8a3c3252-9afe-4d3a-8492-25be6557678a-groupManagement] INFO  server.RaftServer$Division (RaftServerImpl.java:<init>(268)) - 8a3c3252-9afe-4d3a-8492-25be6557678a: new RaftServerImpl for group-52355F3170E4:[8a3c3252-9afe-4d3a-8492-25be6557678a|127.0.0.1:15023] with ContainerStateMachine:uninitialized
2025-10-16 19:47:26,897 [8a3c3252-9afe-4d3a-8492-25be6557678a-groupManagement] INFO  server.RaftServer$Division (ServerState.java:<init>(114)) - 8a3c3252-9afe-4d3a-8492-25be6557678a@group-52355F3170E4: ConfigurationManager, init=conf: {index: -1, cur=peers:[8a3c3252-9afe-4d3a-8492-25be6557678a|127.0.0.1:15023]|listeners:[], old=null}, confs=<EMPTY_MAP>
2025-10-16 19:47:26,903 [grpc-default-executor-1] INFO  server.RaftServer (RaftServerProxy.java:addNew(105)) - 8a3c3252-9afe-4d3a-8492-25be6557678a: addNew group-7F698BB0E6AA:[8a3c3252-9afe-4d3a-8492-25be6557678a|127.0.0.1:15023, f700af26-0e26-4136-9205-9509c82c8c70|127.0.0.1:15015, 764b18f0-81c5-439a-9fff-25adc4f241fa|127.0.0.1:15031] returns group-7F698BB0E6AA:java.util.concurrent.CompletableFuture@6649b022[Not completed]
2025-10-16 19:47:26,908 [f700af26-0e26-4136-9205-9509c82c8c70-CreatePipelineCommandHandlerThread-0] INFO  commandhandler.CreatePipelineCommandHandler (CreatePipelineCommandHandler.java:lambda$handle$2(141)) - Created Pipeline RATIS THREE Pipeline-8c63ceaf-ef16-456b-926f-e01cf5ea873d.
2025-10-16 19:47:26,908 [f700af26-0e26-4136-9205-9509c82c8c70-CreatePipelineCommandHandlerThread-0] INFO  server.RaftServer (RaftServerProxy.java:addNew(105)) - f700af26-0e26-4136-9205-9509c82c8c70: addNew group-7F698BB0E6AA:[8a3c3252-9afe-4d3a-8492-25be6557678a|127.0.0.1:15023, f700af26-0e26-4136-9205-9509c82c8c70|127.0.0.1:15015, 764b18f0-81c5-439a-9fff-25adc4f241fa|127.0.0.1:15031] returns group-7F698BB0E6AA:java.util.concurrent.CompletableFuture@2f52910c[Not completed]
2025-10-16 19:47:26,911 [f700af26-0e26-4136-9205-9509c82c8c70-groupManagement] INFO  server.RaftServer$Division (RaftServerImpl.java:<init>(268)) - f700af26-0e26-4136-9205-9509c82c8c70: new RaftServerImpl for group-7F698BB0E6AA:[8a3c3252-9afe-4d3a-8492-25be6557678a|127.0.0.1:15023, f700af26-0e26-4136-9205-9509c82c8c70|127.0.0.1:15015, 764b18f0-81c5-439a-9fff-25adc4f241fa|127.0.0.1:15031] with ContainerStateMachine:uninitialized
2025-10-16 19:47:26,911 [f700af26-0e26-4136-9205-9509c82c8c70-groupManagement] INFO  server.RaftServer$Division (ServerState.java:<init>(114)) - f700af26-0e26-4136-9205-9509c82c8c70@group-7F698BB0E6AA: ConfigurationManager, init=conf: {index: -1, cur=peers:[8a3c3252-9afe-4d3a-8492-25be6557678a|127.0.0.1:15023, f700af26-0e26-4136-9205-9509c82c8c70|127.0.0.1:15015, 764b18f0-81c5-439a-9fff-25adc4f241fa|127.0.0.1:15031]|listeners:[], old=null}, confs=<EMPTY_MAP>
2025-10-16 19:47:26,924 [8a3c3252-9afe-4d3a-8492-25be6557678a-groupManagement] INFO  server.RaftServer$Division (RaftServerImpl.java:<init>(268)) - 8a3c3252-9afe-4d3a-8492-25be6557678a: new RaftServerImpl for group-7F698BB0E6AA:[8a3c3252-9afe-4d3a-8492-25be6557678a|127.0.0.1:15023, f700af26-0e26-4136-9205-9509c82c8c70|127.0.0.1:15015, 764b18f0-81c5-439a-9fff-25adc4f241fa|127.0.0.1:15031] with ContainerStateMachine:uninitialized
2025-10-16 19:47:26,927 [8a3c3252-9afe-4d3a-8492-25be6557678a-groupManagement] INFO  server.RaftServer$Division (ServerState.java:<init>(114)) - 8a3c3252-9afe-4d3a-8492-25be6557678a@group-7F698BB0E6AA: ConfigurationManager, init=conf: {index: -1, cur=peers:[8a3c3252-9afe-4d3a-8492-25be6557678a|127.0.0.1:15023, f700af26-0e26-4136-9205-9509c82c8c70|127.0.0.1:15015, 764b18f0-81c5-439a-9fff-25adc4f241fa|127.0.0.1:15031]|listeners:[], old=null}, confs=<EMPTY_MAP>
2025-10-16 19:47:26,927 [c0724e9c-0dd4-4d47-992c-7bfe285fdd38-EndpointStateMachineTaskThread-/0.0.0.0:15002-0 ] INFO  utils.DatanodeStoreCache (DatanodeStoreCache.java:addDB(70)) - Added db /home/runner/work/ozone/ozone/hadoop-ozone/integration-test/target/test-dir/MiniOzoneClusterImpl-e7911277-7775-4457-96c8-94071a26a1ce/ozone-metadata/datanode-13/data-0/hdds/e7911277-7775-4457-96c8-94071a26a1ce/DS-113801d1-a0ab-4457-807c-619034eb3f15/container.db to cache
2025-10-16 19:47:26,928 [c0724e9c-0dd4-4d47-992c-7bfe285fdd38-EndpointStateMachineTaskThread-/0.0.0.0:15002-0 ] INFO  volume.HddsVolume (HddsVolume.java:createDbStore(576)) - SchemaV3 db is created and loaded at /home/runner/work/ozone/ozone/hadoop-ozone/integration-test/target/test-dir/MiniOzoneClusterImpl-e7911277-7775-4457-96c8-94071a26a1ce/ozone-metadata/datanode-13/data-0/hdds/e7911277-7775-4457-96c8-94071a26a1ce/DS-113801d1-a0ab-4457-807c-619034eb3f15/container.db for volume DS-113801d1-a0ab-4457-807c-619034eb3f15
2025-10-16 19:47:26,931 [c0724e9c-0dd4-4d47-992c-7bfe285fdd38-ContainerReader-0] INFO  ozoneimpl.ContainerReader (ContainerReader.java:readVolume(147)) - Start to verify containers on volume /home/runner/work/ozone/ozone/hadoop-ozone/integration-test/target/test-dir/MiniOzoneClusterImpl-e7911277-7775-4457-96c8-94071a26a1ce/ozone-metadata/datanode-13/data-0/hdds
2025-10-16 19:47:26,931 [c0724e9c-0dd4-4d47-992c-7bfe285fdd38-ContainerReader-0] INFO  ozoneimpl.ContainerReader (ContainerReader.java:readVolume(177)) - Finish verifying containers on volume /home/runner/work/ozone/ozone/hadoop-ozone/integration-test/target/test-dir/MiniOzoneClusterImpl-e7911277-7775-4457-96c8-94071a26a1ce/ozone-metadata/datanode-13/data-0/hdds
2025-10-16 19:47:26,932 [c0724e9c-0dd4-4d47-992c-7bfe285fdd38-EndpointStateMachineTaskThread-/0.0.0.0:15002-0 ] INFO  ozoneimpl.OzoneContainer (OzoneContainer.java:buildContainerSet(359)) - Build ContainerSet costs 0s
2025-10-16 19:47:26,933 [c0724e9c-0dd4-4d47-992c-7bfe285fdd38-EndpointStateMachineTaskThread-/0.0.0.0:15002-0 ] INFO  volume.ThrottledAsyncChecker (ThrottledAsyncChecker.java:schedule(138)) - Scheduling a check for /home/runner/work/ozone/ozone/hadoop-ozone/integration-test/target/test-dir/MiniOzoneClusterImpl-e7911277-7775-4457-96c8-94071a26a1ce/ozone-metadata/datanode-13/data-0/hdds
2025-10-16 19:47:26,936 [c0724e9c-0dd4-4d47-992c-7bfe285fdd38-EndpointStateMachineTaskThread-/0.0.0.0:15002-0 ] INFO  volume.StorageVolumeChecker (StorageVolumeChecker.java:checkAllVolumes(231)) - Scheduled health check for volume /home/runner/work/ozone/ozone/hadoop-ozone/integration-test/target/test-dir/MiniOzoneClusterImpl-e7911277-7775-4457-96c8-94071a26a1ce/ozone-metadata/datanode-13/data-0/hdds
2025-10-16 19:47:26,939 [f700af26-0e26-4136-9205-9509c82c8c70-groupManagement] INFO  server.RaftServerConfigKeys (ConfUtils.java:logGet(62)) - raft.server.storage.dir = [/home/runner/work/ozone/ozone/hadoop-ozone/integration-test/target/test-dir/MiniOzoneClusterImpl-e7911277-7775-4457-96c8-94071a26a1ce/ozone-metadata/datanode-1/ratis] (custom)
2025-10-16 19:47:26,940 [f700af26-0e26-4136-9205-9509c82c8c70-groupManagement] INFO  storage.RaftStorageDirectory (RaftStorageDirectoryImpl.java:analyzeStorage(138)) - The storage directory /home/runner/work/ozone/ozone/hadoop-ozone/integration-test/target/test-dir/MiniOzoneClusterImpl-e7911277-7775-4457-96c8-94071a26a1ce/ozone-metadata/datanode-1/ratis/e8667477-af8e-4488-a6a8-7f698bb0e6aa does not exist. Creating ...
2025-10-16 19:47:26,942 [f700af26-0e26-4136-9205-9509c82c8c70-groupManagement] INFO  storage.RaftStorageDirectory (RaftStorageDirectoryImpl.java:tryLock(229)) - Lock on /home/runner/work/ozone/ozone/hadoop-ozone/integration-test/target/test-dir/MiniOzoneClusterImpl-e7911277-7775-4457-96c8-94071a26a1ce/ozone-metadata/datanode-1/ratis/e8667477-af8e-4488-a6a8-7f698bb0e6aa/in_use.lock acquired by nodename 40995@localhost
2025-10-16 19:47:26,944 [c0724e9c-0dd4-4d47-992c-7bfe285fdd38-EndpointStateMachineTaskThread-/0.0.0.0:15002-0 ] INFO  volume.ThrottledAsyncChecker (ThrottledAsyncChecker.java:schedule(138)) - Scheduling a check for /home/runner/work/ozone/ozone/hadoop-ozone/integration-test/target/test-dir/MiniOzoneClusterImpl-e7911277-7775-4457-96c8-94071a26a1ce/ozone-metadata/datanode-13/ratis
2025-10-16 19:47:26,944 [c0724e9c-0dd4-4d47-992c-7bfe285fdd38-EndpointStateMachineTaskThread-/0.0.0.0:15002-0 ] INFO  volume.StorageVolumeChecker (StorageVolumeChecker.java:checkAllVolumes(231)) - Scheduled health check for volume /home/runner/work/ozone/ozone/hadoop-ozone/integration-test/target/test-dir/MiniOzoneClusterImpl-e7911277-7775-4457-96c8-94071a26a1ce/ozone-metadata/datanode-13/ratis
2025-10-16 19:47:26,945 [f700af26-0e26-4136-9205-9509c82c8c70-groupManagement] INFO  storage.RaftStorage (RaftStorageImpl.java:format(98)) - Storage directory /home/runner/work/ozone/ozone/hadoop-ozone/integration-test/target/test-dir/MiniOzoneClusterImpl-e7911277-7775-4457-96c8-94071a26a1ce/ozone-metadata/datanode-1/ratis/e8667477-af8e-4488-a6a8-7f698bb0e6aa has been successfully formatted.
2025-10-16 19:47:26,947 [8a3c3252-9afe-4d3a-8492-25be6557678a-groupManagement] INFO  server.RaftServerConfigKeys (ConfUtils.java:logGet(62)) - raft.server.storage.dir = [/home/runner/work/ozone/ozone/hadoop-ozone/integration-test/target/test-dir/MiniOzoneClusterImpl-e7911277-7775-4457-96c8-94071a26a1ce/ozone-metadata/datanode-2/ratis] (custom)
2025-10-16 19:47:26,947 [f700af26-0e26-4136-9205-9509c82c8c70-groupManagement] INFO  ratis.ContainerStateMachine (ContainerStateMachine.java:initialize(339)) - f700af26-0e26-4136-9205-9509c82c8c70: initialize group-7F698BB0E6AA
2025-10-16 19:47:26,947 [8a3c3252-9afe-4d3a-8492-25be6557678a-groupManagement] INFO  storage.RaftStorageDirectory (RaftStorageDirectoryImpl.java:analyzeStorage(138)) - The storage directory /home/runner/work/ozone/ozone/hadoop-ozone/integration-test/target/test-dir/MiniOzoneClusterImpl-e7911277-7775-4457-96c8-94071a26a1ce/ozone-metadata/datanode-2/ratis/da1706fc-9d6e-4a4f-9cd3-52355f3170e4 does not exist. Creating ...
2025-10-16 19:47:26,947 [f700af26-0e26-4136-9205-9509c82c8c70-groupManagement] INFO  ratis.ContainerStateMachine (ContainerStateMachine.java:loadSnapshot(347)) - group-7F698BB0E6AA: The snapshot info is null. Setting the last applied index to:<INITIAL_VALUE>
2025-10-16 19:47:26,947 [f700af26-0e26-4136-9205-9509c82c8c70-groupManagement] INFO  server.RaftServerConfigKeys (ConfUtils.java:logGet(62)) - raft.server.log.appender.buffer.byte-limit = 33554432 (custom)
2025-10-16 19:47:26,947 [c0724e9c-0dd4-4d47-992c-7bfe285fdd38-EndpointStateMachineTaskThread-/0.0.0.0:15002-0 ] INFO  ozoneimpl.OzoneContainer (OzoneContainer.java:start(544)) - Attempting to start container services.
2025-10-16 19:47:26,950 [EventQueue-PipelineReportForOneReplicaPipelineSafeModeRule] INFO  safemode.SCMSafeModeManager (SCMSafeModeManager.java:validateSafeModeExitRules(138)) - OneReplicaPipelineSafeModeRule rule is successfully validated
2025-10-16 19:47:26,951 [8a3c3252-9afe-4d3a-8492-25be6557678a-groupManagement] INFO  storage.RaftStorageDirectory (RaftStorageDirectoryImpl.java:tryLock(229)) - Lock on /home/runner/work/ozone/ozone/hadoop-ozone/integration-test/target/test-dir/MiniOzoneClusterImpl-e7911277-7775-4457-96c8-94071a26a1ce/ozone-metadata/datanode-2/ratis/da1706fc-9d6e-4a4f-9cd3-52355f3170e4/in_use.lock acquired by nodename 40995@localhost
2025-10-16 19:47:26,952 [ContainerMetadataScanner] INFO  ozoneimpl.AbstractBackgroundContainerScanner (AbstractBackgroundContainerScanner.java:runIteration(89)) - Completed an iteration in 0 minutes. Number of iterations (since the data-node restart) : 1, Number of containers scanned in this iteration : 0, Number of unhealthy containers found in this iteration : 0
2025-10-16 19:47:26,953 [8a3c3252-9afe-4d3a-8492-25be6557678a-groupManagement] INFO  storage.RaftStorage (RaftStorageImpl.java:format(98)) - Storage directory /home/runner/work/ozone/ozone/hadoop-ozone/integration-test/target/test-dir/MiniOzoneClusterImpl-e7911277-7775-4457-96c8-94071a26a1ce/ozone-metadata/datanode-2/ratis/da1706fc-9d6e-4a4f-9cd3-52355f3170e4 has been successfully formatted.
2025-10-16 19:47:26,953 [8a3c3252-9afe-4d3a-8492-25be6557678a-groupManagement] INFO  ratis.ContainerStateMachine (ContainerStateMachine.java:initialize(339)) - 8a3c3252-9afe-4d3a-8492-25be6557678a: initialize group-52355F3170E4
2025-10-16 19:47:26,953 [8a3c3252-9afe-4d3a-8492-25be6557678a-groupManagement] INFO  ratis.ContainerStateMachine (ContainerStateMachine.java:loadSnapshot(347)) - group-52355F3170E4: The snapshot info is null. Setting the last applied index to:<INITIAL_VALUE>
2025-10-16 19:47:26,954 [8a3c3252-9afe-4d3a-8492-25be6557678a-groupManagement] INFO  server.RaftServerConfigKeys (ConfUtils.java:logGet(62)) - raft.server.log.appender.buffer.byte-limit = 33554432 (custom)
2025-10-16 19:47:26,955 [ContainerDataScanner(/home/runner/work/ozone/ozone/hadoop-ozone/integration-test/target/test-dir/MiniOzoneClusterImpl-e7911277-7775-4457-96c8-94071a26a1ce/ozone-metadata/datanode-13/data-0/hdds)] INFO  ozoneimpl.AbstractBackgroundContainerScanner (AbstractBackgroundContainerScanner.java:runIteration(89)) - Completed an iteration in 0 minutes. Number of iterations (since the data-node restart) : 1, Number of containers scanned in this iteration : 0, Number of unhealthy containers found in this iteration : 0
2025-10-16 19:47:26,951 | INFO  | SCMAudit | user=runner | ip=127.0.0.1 | op=SEND_HEARTBEAT {"datanodeUUID":"f700af26-0e26-4136-9205-9509c82c8c70","term":"2","command":"[]"} | ret=SUCCESS |  
2025-10-16 19:47:26,956 | INFO  | SCMAudit | user=runner | ip=127.0.0.1 | op=SEND_HEARTBEAT {"datanodeUUID":"8a3c3252-9afe-4d3a-8492-25be6557678a","term":"2","command":"[]"} | ret=SUCCESS |  
2025-10-16 19:47:26,957 [EventQueue-PipelineReportForOneReplicaPipelineSafeModeRule] INFO  safemode.SCMSafeModeManager (SCMSafeModeManager.java:validateSafeModeExitRules(138)) - OneReplicaPipelineSafeModeRule rule is successfully validated
2025-10-16 19:47:26,958 [c0724e9c-0dd4-4d47-992c-7bfe285fdd38-EndpointStateMachineTaskThread-/0.0.0.0:15002-0 ] INFO  replication.ReplicationServer (ReplicationServer.java:start(137)) - ReplicationServer is started using port 15113
2025-10-16 19:47:26,960 [c0724e9c-0dd4-4d47-992c-7bfe285fdd38-EndpointStateMachineTaskThread-/0.0.0.0:15002-0 ] INFO  ratis.XceiverServerRatis (XceiverServerRatis.java:start(559)) - Starting XceiverServerRatis(c0724e9c-0dd4-4d47-992c-7bfe285fdd38)
2025-10-16 19:47:26,961 [c0724e9c-0dd4-4d47-992c-7bfe285fdd38-EndpointStateMachineTaskThread-/0.0.0.0:15002-0 ] INFO  server.RaftServer (RaftServerProxy.java:startImpl(412)) - c0724e9c-0dd4-4d47-992c-7bfe285fdd38: start RPC server
2025-10-16 19:47:26,963 [bed9314d-2aab-40ad-9a80-177434bab325@group-94071A26A1CE-StateMachineUpdater] INFO  safemode.SCMSafeModeManager (SCMSafeModeManager.java:validateSafeModeExitRules(138)) - DataNodeSafeModeRule rule is successfully validated
2025-10-16 19:47:26,963 [bed9314d-2aab-40ad-9a80-177434bab325@group-94071A26A1CE-StateMachineUpdater] INFO  safemode.SCMSafeModeManager (SCMSafeModeManager.java:validateSafeModeExitRules(138)) - RatisContainerSafeModeRule rule is successfully validated
2025-10-16 19:47:26,963 [8a3c3252-9afe-4d3a-8492-25be6557678a-groupManagement] INFO  server.RaftServerConfigKeys (ConfUtils.java:logGet(62)) - raft.server.log.segment.size.max = 67108864 (custom)
2025-10-16 19:47:26,963 [bed9314d-2aab-40ad-9a80-177434bab325@group-94071A26A1CE-StateMachineUpdater] INFO  safemode.HealthyPipelineSafeModeRule (HealthyPipelineSafeModeRule.java:initializeRule(226)) - Refreshed total pipeline count is 0, healthy pipeline threshold count is 1
2025-10-16 19:47:26,963 [bed9314d-2aab-40ad-9a80-177434bab325@group-94071A26A1CE-StateMachineUpdater] INFO  safemode.SCMSafeModeManager (SCMSafeModeManager.java:validateSafeModeExitRules(138)) - OneReplicaPipelineSafeModeRule rule is successfully validated
2025-10-16 19:47:26,963 [bed9314d-2aab-40ad-9a80-177434bab325@group-94071A26A1CE-StateMachineUpdater] INFO  safemode.SCMSafeModeManager (SCMSafeModeManager.java:validateSafeModeExitRules(138)) - ECContainerSafeModeRule rule is successfully validated
2025-10-16 19:47:26,965 [EventQueue-PipelineReportForPipelineReportHandler] INFO  pipeline.PipelineReportHandler (PipelineReportHandler.java:processPipelineReport(132)) - Opened pipeline Pipeline-da1706fc-9d6e-4a4f-9cd3-52355f3170e4
2025-10-16 19:47:26,965 [f700af26-0e26-4136-9205-9509c82c8c70-groupManagement] INFO  server.RaftServerConfigKeys (ConfUtils.java:logGet(62)) - raft.server.log.segment.size.max = 67108864 (custom)
2025-10-16 19:47:26,966 [f700af26-0e26-4136-9205-9509c82c8c70-groupManagement] INFO  server.RaftServerConfigKeys (ConfUtils.java:logGet(62)) - raft.server.log.appender.buffer.byte-limit = 33554432 (custom)
2025-10-16 19:47:26,966 [c0724e9c-0dd4-4d47-992c-7bfe285fdd38-EndpointStateMachineTaskThread-/0.0.0.0:15002-0 ] INFO  server.GrpcServicesImpl (GrpcServicesImpl.java:startImpl(346)) - c0724e9c-0dd4-4d47-992c-7bfe285fdd38: GrpcServicesImpl started, listening on 15109
2025-10-16 19:47:26,966 [c0724e9c-0dd4-4d47-992c-7bfe285fdd38-EndpointStateMachineTaskThread-/0.0.0.0:15002-0 ] INFO  server.GrpcServicesImpl (GrpcServicesImpl.java:startImpl(346)) - c0724e9c-0dd4-4d47-992c-7bfe285fdd38: GrpcServicesImpl started, listening on 15111
2025-10-16 19:47:26,967 [f700af26-0e26-4136-9205-9509c82c8c70-groupManagement] INFO  util.AwaitToRun (AwaitToRun.java:start(81)) - Thread[#1467,f700af26-0e26-4136-9205-9509c82c8c70@group-7F698BB0E6AA-cacheEviction-AwaitToRun,5,main] started
2025-10-16 19:47:26,967 [f700af26-0e26-4136-9205-9509c82c8c70-groupManagement] INFO  segmented.SegmentedRaftLogWorker (SegmentedRaftLogWorker.java:<init>(190)) - new f700af26-0e26-4136-9205-9509c82c8c70@group-7F698BB0E6AA-SegmentedRaftLogWorker for RaftStorageImpl:Storage Directory /home/runner/work/ozone/ozone/hadoop-ozone/integration-test/target/test-dir/MiniOzoneClusterImpl-e7911277-7775-4457-96c8-94071a26a1ce/ozone-metadata/datanode-1/ratis/e8667477-af8e-4488-a6a8-7f698bb0e6aa
2025-10-16 19:47:26,967 [f700af26-0e26-4136-9205-9509c82c8c70-groupManagement] INFO  server.RaftServerConfigKeys (ConfUtils.java:logGet(62)) - raft.server.log.queue.byte-limit = 4294967296 (custom)
2025-10-16 19:47:26,967 [f700af26-0e26-4136-9205-9509c82c8c70-groupManagement] INFO  server.RaftServerConfigKeys (ConfUtils.java:logGet(62)) - raft.server.log.segment.size.max = 67108864 (custom)
2025-10-16 19:47:26,967 [f700af26-0e26-4136-9205-9509c82c8c70-groupManagement] INFO  server.RaftServerConfigKeys (ConfUtils.java:logGet(62)) - raft.server.log.preallocated.size = 4194304 (custom)
2025-10-16 19:47:26,967 [8a3c3252-9afe-4d3a-8492-25be6557678a-groupManagement] INFO  server.RaftServerConfigKeys (ConfUtils.java:logGet(62)) - raft.server.log.appender.buffer.byte-limit = 33554432 (custom)
2025-10-16 19:47:26,969 [8a3c3252-9afe-4d3a-8492-25be6557678a-groupManagement] INFO  util.AwaitToRun (AwaitToRun.java:start(81)) - Thread[#1468,8a3c3252-9afe-4d3a-8492-25be6557678a@group-52355F3170E4-cacheEviction-AwaitToRun,5,main] started
2025-10-16 19:47:26,969 [8a3c3252-9afe-4d3a-8492-25be6557678a-groupManagement] INFO  segmented.SegmentedRaftLogWorker (SegmentedRaftLogWorker.java:<init>(190)) - new 8a3c3252-9afe-4d3a-8492-25be6557678a@group-52355F3170E4-SegmentedRaftLogWorker for RaftStorageImpl:Storage Directory /home/runner/work/ozone/ozone/hadoop-ozone/integration-test/target/test-dir/MiniOzoneClusterImpl-e7911277-7775-4457-96c8-94071a26a1ce/ozone-metadata/datanode-2/ratis/da1706fc-9d6e-4a4f-9cd3-52355f3170e4
2025-10-16 19:47:26,969 [8a3c3252-9afe-4d3a-8492-25be6557678a-groupManagement] INFO  server.RaftServerConfigKeys (ConfUtils.java:logGet(62)) - raft.server.log.queue.byte-limit = 4294967296 (custom)
2025-10-16 19:47:26,969 [8a3c3252-9afe-4d3a-8492-25be6557678a-groupManagement] INFO  server.RaftServerConfigKeys (ConfUtils.java:logGet(62)) - raft.server.log.segment.size.max = 67108864 (custom)
2025-10-16 19:47:26,969 [8a3c3252-9afe-4d3a-8492-25be6557678a-groupManagement] INFO  server.RaftServerConfigKeys (ConfUtils.java:logGet(62)) - raft.server.log.preallocated.size = 4194304 (custom)
2025-10-16 19:47:26,969 [f700af26-0e26-4136-9205-9509c82c8c70-groupManagement] INFO  server.RaftServerConfigKeys (ConfUtils.java:logGet(62)) - raft.server.log.write.buffer.size = 33554440 (custom)
2025-10-16 19:47:26,970 [8a3c3252-9afe-4d3a-8492-25be6557678a-groupManagement] INFO  server.RaftServerConfigKeys (ConfUtils.java:logGet(62)) - raft.server.log.write.buffer.size = 33554440 (custom)
2025-10-16 19:47:26,976 [f700af26-0e26-4136-9205-9509c82c8c70-groupManagement] INFO  server.RaftServerConfigKeys (ConfUtils.java:logGet(62)) - raft.server.log.appender.buffer.byte-limit = 33554432 (custom)
2025-10-16 19:47:26,977 [c0724e9c-0dd4-4d47-992c-7bfe285fdd38-EndpointStateMachineTaskThread-/0.0.0.0:15002-0 ] INFO  server.GrpcServicesImpl (GrpcServicesImpl.java:startImpl(346)) - c0724e9c-0dd4-4d47-992c-7bfe285fdd38: GrpcServicesImpl started, listening on 15110
2025-10-16 19:47:26,976 [8a3c3252-9afe-4d3a-8492-25be6557678a-groupManagement] INFO  server.RaftServerConfigKeys (ConfUtils.java:logGet(62)) - raft.server.log.appender.buffer.byte-limit = 33554432 (custom)
2025-10-16 19:47:26,978 [8a3c3252-9afe-4d3a-8492-25be6557678a-groupManagement] INFO  segmented.SegmentedRaftLogWorker (SegmentedRaftLogWorker.java:lambda$new$0(141)) - 8a3c3252-9afe-4d3a-8492-25be6557678a@group-52355F3170E4-SegmentedRaftLogWorker: flushIndex: setUnconditionally 0 -> -1
2025-10-16 19:47:26,978 [8a3c3252-9afe-4d3a-8492-25be6557678a-groupManagement] INFO  segmented.SegmentedRaftLogWorker (SegmentedRaftLogWorker.java:lambda$new$0(141)) - 8a3c3252-9afe-4d3a-8492-25be6557678a@group-52355F3170E4-SegmentedRaftLogWorker: safeCacheEvictIndex: setUnconditionally 0 -> -1
2025-10-16 19:47:26,978 [f700af26-0e26-4136-9205-9509c82c8c70-groupManagement] INFO  segmented.SegmentedRaftLogWorker (SegmentedRaftLogWorker.java:lambda$new$0(141)) - f700af26-0e26-4136-9205-9509c82c8c70@group-7F698BB0E6AA-SegmentedRaftLogWorker: flushIndex: setUnconditionally 0 -> -1
2025-10-16 19:47:26,978 [f700af26-0e26-4136-9205-9509c82c8c70-groupManagement] INFO  segmented.SegmentedRaftLogWorker (SegmentedRaftLogWorker.java:lambda$new$0(141)) - f700af26-0e26-4136-9205-9509c82c8c70@group-7F698BB0E6AA-SegmentedRaftLogWorker: safeCacheEvictIndex: setUnconditionally 0 -> -1
2025-10-16 19:47:26,978 [c0724e9c-0dd4-4d47-992c-7bfe285fdd38-EndpointStateMachineTaskThread-/0.0.0.0:15002-0 ] INFO  ratis.XceiverServerRatis (XceiverServerRatis.java:getRealPort(586)) - XceiverServerRatis(c0724e9c-0dd4-4d47-992c-7bfe285fdd38) is started using port RATIS=15109
2025-10-16 19:47:26,978 [c0724e9c-0dd4-4d47-992c-7bfe285fdd38-EndpointStateMachineTaskThread-/0.0.0.0:15002-0 ] INFO  ratis.XceiverServerRatis (XceiverServerRatis.java:getRealPort(586)) - XceiverServerRatis(c0724e9c-0dd4-4d47-992c-7bfe285fdd38) is started using port RATIS_ADMIN=15110
2025-10-16 19:47:26,978 [c0724e9c-0dd4-4d47-992c-7bfe285fdd38-EndpointStateMachineTaskThread-/0.0.0.0:15002-0 ] INFO  ratis.XceiverServerRatis (XceiverServerRatis.java:getRealPort(586)) - XceiverServerRatis(c0724e9c-0dd4-4d47-992c-7bfe285fdd38) is started using port RATIS_SERVER=15111
2025-10-16 19:47:26,978 [c0724e9c-0dd4-4d47-992c-7bfe285fdd38-EndpointStateMachineTaskThread-/0.0.0.0:15002-0 ] INFO  ratis.XceiverServerRatis (XceiverServerRatis.java:getRealPort(586)) - XceiverServerRatis(c0724e9c-0dd4-4d47-992c-7bfe285fdd38) is started using port RATIS_DATASTREAM=15112
2025-10-16 19:47:26,979 [JvmPauseMonitor15] INFO  util.JvmPauseMonitor (JvmPauseMonitor.java:run(146)) - JvmPauseMonitor-c0724e9c-0dd4-4d47-992c-7bfe285fdd38: Started
2025-10-16 19:47:26,980 [f700af26-0e26-4136-9205-9509c82c8c70-groupManagement] INFO  server.RaftServer$Division (RaftServerImpl.java:start(405)) - f700af26-0e26-4136-9205-9509c82c8c70@group-7F698BB0E6AA: start as a follower, conf=conf: {index: -1, cur=peers:[8a3c3252-9afe-4d3a-8492-25be6557678a|127.0.0.1:15023, f700af26-0e26-4136-9205-9509c82c8c70|127.0.0.1:15015, 764b18f0-81c5-439a-9fff-25adc4f241fa|127.0.0.1:15031]|listeners:[], old=null}
2025-10-16 19:47:26,980 [c0724e9c-0dd4-4d47-992c-7bfe285fdd38-EndpointStateMachineTaskThread-/0.0.0.0:15002-0 ] INFO  utils.BackgroundService (BackgroundService.java:start(119)) - Starting service BlockDeletingService with interval 60000 milliseconds
2025-10-16 19:47:26,980 [8a3c3252-9afe-4d3a-8492-25be6557678a-groupManagement] INFO  server.RaftServer$Division (RaftServerImpl.java:start(405)) - 8a3c3252-9afe-4d3a-8492-25be6557678a@group-52355F3170E4: start as a follower, conf=conf: {index: -1, cur=peers:[8a3c3252-9afe-4d3a-8492-25be6557678a|127.0.0.1:15023]|listeners:[], old=null}
2025-10-16 19:47:26,980 [8a3c3252-9afe-4d3a-8492-25be6557678a-groupManagement] INFO  server.RaftServer$Division (RaftServerImpl.java:setRole(392)) - 8a3c3252-9afe-4d3a-8492-25be6557678a@group-52355F3170E4: changes role from      null to FOLLOWER at term 0 for startAsFollower
2025-10-16 19:47:26,980 [c0724e9c-0dd4-4d47-992c-7bfe285fdd38-EndpointStateMachineTaskThread-/0.0.0.0:15002-0 ] INFO  utils.BackgroundService (BackgroundService.java:start(119)) - Starting service StaleRecoveringContainerScrubbingService with interval 60000 milliseconds
2025-10-16 19:47:26,980 [f700af26-0e26-4136-9205-9509c82c8c70-groupManagement] INFO  server.RaftServer$Division (RaftServerImpl.java:setRole(392)) - f700af26-0e26-4136-9205-9509c82c8c70@group-7F698BB0E6AA: changes role from      null to FOLLOWER at term 0 for startAsFollower
2025-10-16 19:47:26,981 [f700af26-0e26-4136-9205-9509c82c8c70-groupManagement] INFO  impl.RoleInfo (RoleInfo.java:updateAndGet(148)) - f700af26-0e26-4136-9205-9509c82c8c70: start f700af26-0e26-4136-9205-9509c82c8c70@group-7F698BB0E6AA-FollowerState
2025-10-16 19:47:26,980 [8a3c3252-9afe-4d3a-8492-25be6557678a-groupManagement] INFO  impl.RoleInfo (RoleInfo.java:updateAndGet(148)) - 8a3c3252-9afe-4d3a-8492-25be6557678a: start 8a3c3252-9afe-4d3a-8492-25be6557678a@group-52355F3170E4-FollowerState
2025-10-16 19:47:26,982 [f700af26-0e26-4136-9205-9509c82c8c70-groupManagement] INFO  util.JmxRegister (JmxRegister.java:tryRegister(44)) - Successfully registered JMX Bean with object name Ratis:service=RaftServer,group=group-7F698BB0E6AA,id=f700af26-0e26-4136-9205-9509c82c8c70
2025-10-16 19:47:26,982 [f700af26-0e26-4136-9205-9509c82c8c70-groupManagement] INFO  util.JmxRegister (JmxRegister.java:register(58)) - register mxBean class org.apache.ratis.server.impl.RaftServerJmxAdapter as Ratis:service=RaftServer,group=group-7F698BB0E6AA,id=f700af26-0e26-4136-9205-9509c82c8c70
2025-10-16 19:47:26,982 [8a3c3252-9afe-4d3a-8492-25be6557678a-groupManagement] INFO  util.JmxRegister (JmxRegister.java:tryRegister(44)) - Successfully registered JMX Bean with object name Ratis:service=RaftServer,group=group-52355F3170E4,id=8a3c3252-9afe-4d3a-8492-25be6557678a
2025-10-16 19:47:26,983 [8a3c3252-9afe-4d3a-8492-25be6557678a-groupManagement] INFO  util.JmxRegister (JmxRegister.java:register(58)) - register mxBean class org.apache.ratis.server.impl.RaftServerJmxAdapter as Ratis:service=RaftServer,group=group-52355F3170E4,id=8a3c3252-9afe-4d3a-8492-25be6557678a
2025-10-16 19:47:26,984 [8a3c3252-9afe-4d3a-8492-25be6557678a-groupManagement] INFO  server.RaftServer$Division (RaftServerImpl.java:start(419)) - 8a3c3252-9afe-4d3a-8492-25be6557678a@group-52355F3170E4: Successfully started.
2025-10-16 19:47:26,984 [f700af26-0e26-4136-9205-9509c82c8c70-groupManagement] INFO  server.RaftServer$Division (RaftServerImpl.java:start(419)) - f700af26-0e26-4136-9205-9509c82c8c70@group-7F698BB0E6AA: Successfully started.
2025-10-16 19:47:26,985 [8a3c3252-9afe-4d3a-8492-25be6557678a-CreatePipelineCommandHandlerThread-0] INFO  ratis.XceiverServerRatis (XceiverServerRatis.java:addGroup(839)) - Created group Pipeline-da1706fc-9d6e-4a4f-9cd3-52355f3170e4
2025-10-16 19:47:26,985 [8a3c3252-9afe-4d3a-8492-25be6557678a-CreatePipelineCommandHandlerThread-0] INFO  commandhandler.CreatePipelineCommandHandler (CreatePipelineCommandHandler.java:lambda$handle$2(141)) - Created Pipeline RATIS ONE Pipeline-da1706fc-9d6e-4a4f-9cd3-52355f3170e4.
2025-10-16 19:47:26,985 [f700af26-0e26-4136-9205-9509c82c8c70-CreatePipelineCommandHandlerThread-0] INFO  ratis.XceiverServerRatis (XceiverServerRatis.java:addGroup(839)) - Created group Pipeline-e8667477-af8e-4488-a6a8-7f698bb0e6aa
2025-10-16 19:47:26,985 [8a3c3252-9afe-4d3a-8492-25be6557678a-groupManagement] INFO  storage.RaftStorageDirectory (RaftStorageDirectoryImpl.java:analyzeStorage(138)) - The storage directory /home/runner/work/ozone/ozone/hadoop-ozone/integration-test/target/test-dir/MiniOzoneClusterImpl-e7911277-7775-4457-96c8-94071a26a1ce/ozone-metadata/datanode-2/ratis/e8667477-af8e-4488-a6a8-7f698bb0e6aa does not exist. Creating ...
2025-10-16 19:47:26,987 [8a3c3252-9afe-4d3a-8492-25be6557678a-groupManagement] INFO  storage.RaftStorageDirectory (RaftStorageDirectoryImpl.java:tryLock(229)) - Lock on /home/runner/work/ozone/ozone/hadoop-ozone/integration-test/target/test-dir/MiniOzoneClusterImpl-e7911277-7775-4457-96c8-94071a26a1ce/ozone-metadata/datanode-2/ratis/e8667477-af8e-4488-a6a8-7f698bb0e6aa/in_use.lock acquired by nodename 40995@localhost
2025-10-16 19:47:26,988 [8a3c3252-9afe-4d3a-8492-25be6557678a-groupManagement] INFO  storage.RaftStorage (RaftStorageImpl.java:format(98)) - Storage directory /home/runner/work/ozone/ozone/hadoop-ozone/integration-test/target/test-dir/MiniOzoneClusterImpl-e7911277-7775-4457-96c8-94071a26a1ce/ozone-metadata/datanode-2/ratis/e8667477-af8e-4488-a6a8-7f698bb0e6aa has been successfully formatted.
2025-10-16 19:47:26,990 [8a3c3252-9afe-4d3a-8492-25be6557678a-groupManagement] INFO  ratis.ContainerStateMachine (ContainerStateMachine.java:initialize(339)) - 8a3c3252-9afe-4d3a-8492-25be6557678a: initialize group-7F698BB0E6AA
2025-10-16 19:47:26,991 [8a3c3252-9afe-4d3a-8492-25be6557678a-groupManagement] INFO  ratis.ContainerStateMachine (ContainerStateMachine.java:loadSnapshot(347)) - group-7F698BB0E6AA: The snapshot info is null. Setting the last applied index to:<INITIAL_VALUE>
2025-10-16 19:47:26,991 [8a3c3252-9afe-4d3a-8492-25be6557678a-groupManagement] INFO  server.RaftServerConfigKeys (ConfUtils.java:logGet(62)) - raft.server.log.appender.buffer.byte-limit = 33554432 (custom)
2025-10-16 19:47:26,991 [EventQueue-PipelineReportForOneReplicaPipelineSafeModeRule] INFO  safemode.SCMSafeModeManager (SCMSafeModeManager.java:validateSafeModeExitRules(138)) - OneReplicaPipelineSafeModeRule rule is successfully validated
2025-10-16 19:47:26,992 | INFO  | SCMAudit | user=runner | ip=127.0.0.1 | op=SEND_HEARTBEAT {"datanodeUUID":"8a3c3252-9afe-4d3a-8492-25be6557678a","term":"2","command":"[]"} | ret=SUCCESS |  
2025-10-16 19:47:26,996 [8a3c3252-9afe-4d3a-8492-25be6557678a-groupManagement] INFO  server.RaftServerConfigKeys (ConfUtils.java:logGet(62)) - raft.server.log.segment.size.max = 67108864 (custom)
2025-10-16 19:47:26,997 [8a3c3252-9afe-4d3a-8492-25be6557678a-groupManagement] INFO  server.RaftServerConfigKeys (ConfUtils.java:logGet(62)) - raft.server.log.appender.buffer.byte-limit = 33554432 (custom)
2025-10-16 19:47:26,997 [8a3c3252-9afe-4d3a-8492-25be6557678a-groupManagement] INFO  util.AwaitToRun (AwaitToRun.java:start(81)) - Thread[#1481,8a3c3252-9afe-4d3a-8492-25be6557678a@group-7F698BB0E6AA-cacheEviction-AwaitToRun,5,main] started
2025-10-16 19:47:26,998 | INFO  | SCMAudit | user=runner | ip=127.0.0.1 | op=SEND_HEARTBEAT {"datanodeUUID":"0428ab3f-efd5-438e-ae11-9ec242443260","term":"2","command":"[]"} | ret=SUCCESS |  
2025-10-16 19:47:26,998 [8a3c3252-9afe-4d3a-8492-25be6557678a-groupManagement] INFO  segmented.SegmentedRaftLogWorker (SegmentedRaftLogWorker.java:<init>(190)) - new 8a3c3252-9afe-4d3a-8492-25be6557678a@group-7F698BB0E6AA-SegmentedRaftLogWorker for RaftStorageImpl:Storage Directory /home/runner/work/ozone/ozone/hadoop-ozone/integration-test/target/test-dir/MiniOzoneClusterImpl-e7911277-7775-4457-96c8-94071a26a1ce/ozone-metadata/datanode-2/ratis/e8667477-af8e-4488-a6a8-7f698bb0e6aa
2025-10-16 19:47:26,999 [8a3c3252-9afe-4d3a-8492-25be6557678a-groupManagement] INFO  server.RaftServerConfigKeys (ConfUtils.java:logGet(62)) - raft.server.log.queue.byte-limit = 4294967296 (custom)
2025-10-16 19:47:26,999 [8a3c3252-9afe-4d3a-8492-25be6557678a-groupManagement] INFO  server.RaftServerConfigKeys (ConfUtils.java:logGet(62)) - raft.server.log.segment.size.max = 67108864 (custom)
2025-10-16 19:47:27,000 [8a3c3252-9afe-4d3a-8492-25be6557678a-groupManagement] INFO  server.RaftServerConfigKeys (ConfUtils.java:logGet(62)) - raft.server.log.preallocated.size = 4194304 (custom)
2025-10-16 19:47:27,000 [grpc-default-executor-1] WARN  server.GrpcAdminProtocolService (GrpcAdminProtocolService.java:lambda$groupManagement$1(53)) - Failed groupManagement: GROUPADD, GroupManagementRequest:client-70CB9FBA809D->8a3c3252-9afe-4d3a-8492-25be6557678a@group-7F698BB0E6AA, cid=6, seq=null, RW, null, Add:group-7F698BB0E6AA:[8a3c3252-9afe-4d3a-8492-25be6557678a|127.0.0.1:15023, f700af26-0e26-4136-9205-9509c82c8c70|127.0.0.1:15015, 764b18f0-81c5-439a-9fff-25adc4f241fa|127.0.0.1:15031]
java.util.concurrent.CompletionException: org.apache.ratis.protocol.exceptions.AlreadyExistsException: 8a3c3252-9afe-4d3a-8492-25be6557678a: Failed to add group-7F698BB0E6AA:[8a3c3252-9afe-4d3a-8492-25be6557678a|127.0.0.1:15023, f700af26-0e26-4136-9205-9509c82c8c70|127.0.0.1:15015, 764b18f0-81c5-439a-9fff-25adc4f241fa|127.0.0.1:15031] since the group already exists in the map.
	at java.base/java.util.concurrent.CompletableFuture.encodeThrowable(CompletableFuture.java:332)
	at java.base/java.util.concurrent.CompletableFuture.uniApplyNow(CompletableFuture.java:674)
	at java.base/java.util.concurrent.CompletableFuture.uniApplyStage(CompletableFuture.java:662)
	at java.base/java.util.concurrent.CompletableFuture.thenApplyAsync(CompletableFuture.java:2210)
	at org.apache.ratis.server.impl.RaftServerProxy.groupAddAsync(RaftServerProxy.java:513)
	at org.apache.ratis.server.impl.RaftServerProxy.groupManagementAsync(RaftServerProxy.java:495)
	at org.apache.ratis.grpc.server.GrpcAdminProtocolService.lambda$groupManagement$0(GrpcAdminProtocolService.java:51)
	at org.apache.ratis.grpc.GrpcUtil.asyncCall(GrpcUtil.java:172)
	at org.apache.ratis.grpc.server.GrpcAdminProtocolService.groupManagement(GrpcAdminProtocolService.java:51)
	at org.apache.ratis.proto.grpc.AdminProtocolServiceGrpc$MethodHandlers.invoke(AdminProtocolServiceGrpc.java:701)
	at org.apache.ratis.thirdparty.io.grpc.stub.ServerCalls$UnaryServerCallHandler$UnaryServerCallListener.onHalfClose(ServerCalls.java:182)
	at org.apache.ratis.thirdparty.io.grpc.internal.ServerCallImpl$ServerStreamListenerImpl.halfClosed(ServerCallImpl.java:356)
	at org.apache.ratis.thirdparty.io.grpc.internal.ServerImpl$JumpToApplicationThreadServerStreamListener$1HalfClosed.runInContext(ServerImpl.java:861)
	at org.apache.ratis.thirdparty.io.grpc.internal.ContextRunnable.run(ContextRunnable.java:37)
	at org.apache.ratis.thirdparty.io.grpc.internal.SerializingExecutor.run(SerializingExecutor.java:133)
	at java.base/java.util.concurrent.ThreadPoolExecutor.runWorker(ThreadPoolExecutor.java:1144)
	at java.base/java.util.concurrent.ThreadPoolExecutor$Worker.run(ThreadPoolExecutor.java:642)
	at java.base/java.lang.Thread.run(Thread.java:1583)
Caused by: org.apache.ratis.protocol.exceptions.AlreadyExistsException: 8a3c3252-9afe-4d3a-8492-25be6557678a: Failed to add group-7F698BB0E6AA:[8a3c3252-9afe-4d3a-8492-25be6557678a|127.0.0.1:15023, f700af26-0e26-4136-9205-9509c82c8c70|127.0.0.1:15015, 764b18f0-81c5-439a-9fff-25adc4f241fa|127.0.0.1:15031] since the group already exists in the map.
	at org.apache.ratis.server.impl.RaftServerProxy$ImplMap.addNew(RaftServerProxy.java:99)
	at org.apache.ratis.server.impl.RaftServerProxy.groupAddAsync(RaftServerProxy.java:512)
	... 13 more
2025-10-16 19:47:27,001 [8a3c3252-9afe-4d3a-8492-25be6557678a-groupManagement] INFO  server.RaftServerConfigKeys (ConfUtils.java:logGet(62)) - raft.server.log.write.buffer.size = 33554440 (custom)
2025-10-16 19:47:27,007 [8a3c3252-9afe-4d3a-8492-25be6557678a-groupManagement] INFO  server.RaftServerConfigKeys (ConfUtils.java:logGet(62)) - raft.server.log.appender.buffer.byte-limit = 33554432 (custom)
2025-10-16 19:47:27,008 [8a3c3252-9afe-4d3a-8492-25be6557678a-groupManagement] INFO  segmented.SegmentedRaftLogWorker (SegmentedRaftLogWorker.java:lambda$new$0(141)) - 8a3c3252-9afe-4d3a-8492-25be6557678a@group-7F698BB0E6AA-SegmentedRaftLogWorker: flushIndex: setUnconditionally 0 -> -1
2025-10-16 19:47:27,008 [8a3c3252-9afe-4d3a-8492-25be6557678a-groupManagement] INFO  segmented.SegmentedRaftLogWorker (SegmentedRaftLogWorker.java:lambda$new$0(141)) - 8a3c3252-9afe-4d3a-8492-25be6557678a@group-7F698BB0E6AA-SegmentedRaftLogWorker: safeCacheEvictIndex: setUnconditionally 0 -> -1
2025-10-16 19:47:27,010 [8a3c3252-9afe-4d3a-8492-25be6557678a-groupManagement] INFO  server.RaftServer$Division (RaftServerImpl.java:start(405)) - 8a3c3252-9afe-4d3a-8492-25be6557678a@group-7F698BB0E6AA: start as a follower, conf=conf: {index: -1, cur=peers:[8a3c3252-9afe-4d3a-8492-25be6557678a|127.0.0.1:15023, f700af26-0e26-4136-9205-9509c82c8c70|127.0.0.1:15015, 764b18f0-81c5-439a-9fff-25adc4f241fa|127.0.0.1:15031]|listeners:[], old=null}
2025-10-16 19:47:27,010 [8a3c3252-9afe-4d3a-8492-25be6557678a-groupManagement] INFO  server.RaftServer$Division (RaftServerImpl.java:setRole(392)) - 8a3c3252-9afe-4d3a-8492-25be6557678a@group-7F698BB0E6AA: changes role from      null to FOLLOWER at term 0 for startAsFollower
2025-10-16 19:47:27,010 [8a3c3252-9afe-4d3a-8492-25be6557678a-groupManagement] INFO  impl.RoleInfo (RoleInfo.java:updateAndGet(148)) - 8a3c3252-9afe-4d3a-8492-25be6557678a: start 8a3c3252-9afe-4d3a-8492-25be6557678a@group-7F698BB0E6AA-FollowerState
2025-10-16 19:47:27,011 [8a3c3252-9afe-4d3a-8492-25be6557678a-groupManagement] INFO  util.JmxRegister (JmxRegister.java:tryRegister(44)) - Successfully registered JMX Bean with object name Ratis:service=RaftServer,group=group-7F698BB0E6AA,id=8a3c3252-9afe-4d3a-8492-25be6557678a
2025-10-16 19:47:27,012 [8a3c3252-9afe-4d3a-8492-25be6557678a-groupManagement] INFO  util.JmxRegister (JmxRegister.java:register(58)) - register mxBean class org.apache.ratis.server.impl.RaftServerJmxAdapter as Ratis:service=RaftServer,group=group-7F698BB0E6AA,id=8a3c3252-9afe-4d3a-8492-25be6557678a
2025-10-16 19:47:27,014 [8a3c3252-9afe-4d3a-8492-25be6557678a-groupManagement] INFO  server.RaftServer$Division (RaftServerImpl.java:start(419)) - 8a3c3252-9afe-4d3a-8492-25be6557678a@group-7F698BB0E6AA: Successfully started.
2025-10-16 19:47:27,015 [IPC Server handler 6 on default port 15002] INFO  net.NetworkTopologyImpl (NetworkTopologyImpl.java:add(133)) - Added a new node: /default-rack/e33e6ec4-6b66-4281-bedd-2bd75bd30070
2025-10-16 19:47:27,017 [IPC Server handler 6 on default port 15002] INFO  node.SCMNodeManager (SCMNodeManager.java:register(423)) - Registered datanode: e33e6ec4-6b66-4281-bedd-2bd75bd30070{ip: 127.0.0.1, host: localhost, ports: [HTTP=15098, CLIENT_RPC=15099, REPLICATION=15105, RATIS=15101, RATIS_ADMIN=15102, RATIS_SERVER=15103, RATIS_DATASTREAM=15104, STANDALONE=15100], networkLocation: /default-rack, certSerialId: null, persistedOpState: null, persistedOpStateExpiryEpochSec: 0}
2025-10-16 19:47:27,017 [EventQueue-ContainerRegistrationReportForECContainerSafeModeRule] INFO  safemode.SCMSafeModeManager (SCMSafeModeManager.java:validateSafeModeExitRules(138)) - ECContainerSafeModeRule rule is successfully validated
2025-10-16 19:47:27,017 [EventQueue-ContainerRegistrationReportForRatisContainerSafeModeRule] INFO  safemode.SCMSafeModeManager (SCMSafeModeManager.java:validateSafeModeExitRules(138)) - RatisContainerSafeModeRule rule is successfully validated
2025-10-16 19:47:27,017 | INFO  | SCMAudit | user=runner | ip=127.0.0.1 | op=REGISTER {"datanodeDetails":"e33e6ec4-6b66-4281-bedd-2bd75bd30070(localhost/127.0.0.1)"} | ret=SUCCESS |  
2025-10-16 19:47:27,018 [EventQueue-NodeRegistrationContainerReportForDataNodeSafeModeRule] INFO  safemode.SCMSafeModeManager (SCMSafeModeManager.java:validateSafeModeExitRules(138)) - DataNodeSafeModeRule rule is successfully validated
2025-10-16 19:47:27,018 [EventQueue-PipelineReportForOneReplicaPipelineSafeModeRule] INFO  safemode.SCMSafeModeManager (SCMSafeModeManager.java:validateSafeModeExitRules(138)) - OneReplicaPipelineSafeModeRule rule is successfully validated
2025-10-16 19:47:27,019 [EventQueue-NewNodeForNewNodeHandler] INFO  pipeline.BackgroundPipelineCreator (BackgroundPipelineCreator.java:notifyEventTriggered(290)) - trigger a one-shot run on RatisPipelineUtilsThread.
2025-10-16 19:47:27,021 [RatisPipelineUtilsThread-0] INFO  pipeline.RatisPipelineProvider (RatisPipelineProvider.java:lambda$create$0(208)) - Sending CreatePipelineCommand for pipeline:Pipeline-0f5d8eba-274c-459f-b83c-897e3af5232b to datanode:e33e6ec4-6b66-4281-bedd-2bd75bd30070(localhost/127.0.0.1)
2025-10-16 19:47:27,025 [bed9314d-2aab-40ad-9a80-177434bab325@group-94071A26A1CE-StateMachineUpdater] INFO  safemode.SCMSafeModeManager (SCMSafeModeManager.java:validateSafeModeExitRules(138)) - DataNodeSafeModeRule rule is successfully validated
2025-10-16 19:47:27,025 [bed9314d-2aab-40ad-9a80-177434bab325@group-94071A26A1CE-StateMachineUpdater] INFO  safemode.SCMSafeModeManager (SCMSafeModeManager.java:validateSafeModeExitRules(138)) - RatisContainerSafeModeRule rule is successfully validated
2025-10-16 19:47:27,025 [bed9314d-2aab-40ad-9a80-177434bab325@group-94071A26A1CE-StateMachineUpdater] INFO  safemode.HealthyPipelineSafeModeRule (HealthyPipelineSafeModeRule.java:initializeRule(226)) - Refreshed total pipeline count is 0, healthy pipeline threshold count is 1
2025-10-16 19:47:27,025 [bed9314d-2aab-40ad-9a80-177434bab325@group-94071A26A1CE-StateMachineUpdater] INFO  safemode.SCMSafeModeManager (SCMSafeModeManager.java:validateSafeModeExitRules(138)) - OneReplicaPipelineSafeModeRule rule is successfully validated
2025-10-16 19:47:27,025 [bed9314d-2aab-40ad-9a80-177434bab325@group-94071A26A1CE-StateMachineUpdater] INFO  safemode.SCMSafeModeManager (SCMSafeModeManager.java:validateSafeModeExitRules(138)) - ECContainerSafeModeRule rule is successfully validated
2025-10-16 19:47:27,025 [RatisPipelineUtilsThread-0] INFO  pipeline.BackgroundPipelineCreator (BackgroundPipelineCreator.java:createPipelines(246)) - Created new pipeline Pipeline{ Id: 0f5d8eba-274c-459f-b83c-897e3af5232b, Nodes: [ {e33e6ec4-6b66-4281-bedd-2bd75bd30070(localhost/127.0.0.1), ReplicaIndex: 0},], ReplicationConfig: RATIS/ONE, State:ALLOCATED, leaderId:, CreationTimestamp2025-10-16T19:47:27.021280114Z[Etc/UTC]}
2025-10-16 19:47:27,027 [RatisPipelineUtilsThread-0] INFO  pipeline.RatisPipelineProvider (RatisPipelineProvider.java:lambda$create$0(208)) - Sending CreatePipelineCommand for pipeline:Pipeline-a6d455ad-cb8f-42d4-aaf7-6ca5f15a0415 to datanode:702cb173-5c73-4ecc-b5cd-c7b4a6b66aea(localhost/127.0.0.1)
2025-10-16 19:47:27,027 [RatisPipelineUtilsThread-0] INFO  pipeline.RatisPipelineProvider (RatisPipelineProvider.java:lambda$create$0(208)) - Sending CreatePipelineCommand for pipeline:Pipeline-a6d455ad-cb8f-42d4-aaf7-6ca5f15a0415 to datanode:0e8b6cc7-9945-4141-97fc-6aa017a0d5fa(localhost/127.0.0.1)
2025-10-16 19:47:27,027 [RatisPipelineUtilsThread-0] INFO  pipeline.RatisPipelineProvider (RatisPipelineProvider.java:lambda$create$0(208)) - Sending CreatePipelineCommand for pipeline:Pipeline-a6d455ad-cb8f-42d4-aaf7-6ca5f15a0415 to datanode:e33e6ec4-6b66-4281-bedd-2bd75bd30070(localhost/127.0.0.1)
2025-10-16 19:47:27,033 | INFO  | SCMAudit | user=runner | ip=127.0.0.1 | op=SEND_HEARTBEAT {"datanodeUUID":"0e8b6cc7-9945-4141-97fc-6aa017a0d5fa","term":"2","command":"[commandType: createPipelineCommand createPipelineCommandProto { pipelineID { id: \"92ea35ee-dd22-44d3-934b-8dfaecde7329\" uuid128 { mostSigBits: -7860410899593280301 leastSigBits: -7833011018025503959 } } type: RATIS factor: ONE datanode { uuid: \"0e8b6cc7-9945-4141-97fc-6aa017a0d5fa\" ipAddress: \"127.0.0.1\" hostName: \"localhost\" ports { name: \"HTTP\" value: 15082 } ports { name: \"CLIENT_RPC\" value: 15083 } ports { name: \"REPLICATION\" value: 15089 } ports { name: \"RATIS\" value: 15085 } ports { name: \"RATIS_ADMIN\" value: 15086 } ports { name: \"RATIS_SERVER\" value: 15087 } ports { name: \"RATIS_DATASTREAM\" value: 15088 } ports { name: \"STANDALONE\" value: 15084 } networkName: \"0e8b6cc7-9945-4141-97fc-6aa017a0d5fa\" networkLocation: \"/default-rack\" persistedOpState: IN_SERVICE persistedOpStateExpiry: 0 currentVersion: 2 uuid128 { mostSigBits: 1048050942819516737 leastSigBits: -7494998444027619846 } level: 3 id { uuid { mostSigBits: 1048050942819516737 leastSigBits: -7494998444027619846 } } } cmdId: 1760644044141 priority: 1 } term: 2 encodedToken: \"\" deadlineMsSinceEpoch: 0, commandType: createPipelineCommand createPipelineCommandProto { pipelineID { id: \"a6d455ad-cb8f-42d4-aaf7-6ca5f15a0415\" uuid128 { mostSigBits: -6425416563417988396 leastSigBits: -6127309308039658475 } } type: RATIS factor: THREE datanode { uuid: \"702cb173-5c73-4ecc-b5cd-c7b4a6b66aea\" ipAddress: \"127.0.0.1\" hostName: \"localhost\" ports { name: \"HTTP\" value: 15090 } ports { name: \"CLIENT_RPC\" value: 15091 } ports { name: \"REPLICATION\" value: 15097 } ports { name: \"RATIS\" value: 15093 } ports { name: \"RATIS_ADMIN\" value: 15094 } ports { name: \"RATIS_SERVER\" value: 15095 } ports { name: \"RATIS_DATASTREAM\" value: 15096 } ports { name: \"STANDALONE\" value: 15092 } networkName: \"702cb173-5c73-4ecc-b5cd-c7b4a6b66aea\" networkLocation: \"/default-rack\" persistedOpState: IN_SERVICE persistedOpStateExpiry: 0 currentVersion: 2 uuid128 { mostSigBits: 8083030540253613772 leastSigBits: -5346397603913897238 } level: 3 id { uuid { mostSigBits: 8083030540253613772 leastSigBits: -5346397603913897238 } } } datanode { uuid: \"0e8b6cc7-9945-4141-97fc-6aa017a0d5fa\" ipAddress: \"127.0.0.1\" hostName: \"localhost\" ports { name: \"HTTP\" value: 15082 } ports { name: \"CLIENT_RPC\" value: 15083 } ports { name: \"REPLICATION\" value: 15089 } ports { name: \"RATIS\" value: 15085 } ports { name: \"RATIS_ADMIN\" value: 15086 } ports { name: \"RATIS_SERVER\" value: 15087 } ports { name: \"RATIS_DATASTREAM\" value: 15088 } ports { name: \"STANDALONE\" value: 15084 } networkName: \"0e8b6cc7-9945-4141-97fc-6aa017a0d5fa\" networkLocation: \"/default-rack\" persistedOpState: IN_SERVICE persistedOpStateExpiry: 0 currentVersion: 2 uuid128 { mostSigBits: 1048050942819516737 leastSigBits: -7494998444027619846 } level: 3 id { uuid { mostSigBits: 1048050942819516737 leastSigBits: -7494998444027619846 } } } datanode { uuid: \"e33e6ec4-6b66-4281-bedd-2bd75bd30070\" ipAddress: \"127.0.0.1\" hostName: \"localhost\" ports { name: \"HTTP\" value: 15098 } ports { name: \"CLIENT_RPC\" value: 15099 } ports { name: \"REPLICATION\" value: 15105 } ports { name: \"RATIS\" value: 15101 } ports { name: \"RATIS_ADMIN\" value: 15102 } ports { name: \"RATIS_SERVER\" value: 15103 } ports { name: \"RATIS_DATASTREAM\" value: 15104 } ports { name: \"STANDALONE\" value: 15100 } networkName: \"e33e6ec4-6b66-4281-bedd-2bd75bd30070\" networkLocation: \"/default-rack\" persistedOpState: IN_SERVICE persistedOpStateExpiry: 0 currentVersion: 2 uuid128 { mostSigBits: -2072096988649340287 leastSigBits: -4693547032691670928 } level: 3 id { uuid { mostSigBits: -2072096988649340287 leastSigBits: -4693547032691670928 } } } cmdId: 1760644044144 priority: 0 priority: 0 priority: 1 } term: 2 encodedToken: \"\" deadlineMsSinceEpoch: 0]"} | ret=SUCCESS |  
2025-10-16 19:47:27,035 [grpc-default-executor-0] WARN  server.GrpcAdminProtocolService (GrpcAdminProtocolService.java:lambda$groupManagement$1(53)) - Failed groupManagement: GROUPADD, GroupManagementRequest:client-27F975A9C32D->764b18f0-81c5-439a-9fff-25adc4f241fa@group-7F698BB0E6AA, cid=7, seq=null, RW, null, Add:group-7F698BB0E6AA:[8a3c3252-9afe-4d3a-8492-25be6557678a|127.0.0.1:15023, f700af26-0e26-4136-9205-9509c82c8c70|127.0.0.1:15015, 764b18f0-81c5-439a-9fff-25adc4f241fa|127.0.0.1:15031]
java.util.concurrent.CompletionException: org.apache.ratis.protocol.exceptions.AlreadyExistsException: 764b18f0-81c5-439a-9fff-25adc4f241fa: Failed to add group-7F698BB0E6AA:[8a3c3252-9afe-4d3a-8492-25be6557678a|127.0.0.1:15023, f700af26-0e26-4136-9205-9509c82c8c70|127.0.0.1:15015, 764b18f0-81c5-439a-9fff-25adc4f241fa|127.0.0.1:15031] since the group already exists in the map.
	at java.base/java.util.concurrent.CompletableFuture.encodeThrowable(CompletableFuture.java:332)
	at java.base/java.util.concurrent.CompletableFuture.uniApplyNow(CompletableFuture.java:674)
	at java.base/java.util.concurrent.CompletableFuture.uniApplyStage(CompletableFuture.java:662)
	at java.base/java.util.concurrent.CompletableFuture.thenApplyAsync(CompletableFuture.java:2210)
	at org.apache.ratis.server.impl.RaftServerProxy.groupAddAsync(RaftServerProxy.java:513)
	at org.apache.ratis.server.impl.RaftServerProxy.groupManagementAsync(RaftServerProxy.java:495)
	at org.apache.ratis.grpc.server.GrpcAdminProtocolService.lambda$groupManagement$0(GrpcAdminProtocolService.java:51)
	at org.apache.ratis.grpc.GrpcUtil.asyncCall(GrpcUtil.java:172)
	at org.apache.ratis.grpc.server.GrpcAdminProtocolService.groupManagement(GrpcAdminProtocolService.java:51)
	at org.apache.ratis.proto.grpc.AdminProtocolServiceGrpc$MethodHandlers.invoke(AdminProtocolServiceGrpc.java:701)
	at org.apache.ratis.thirdparty.io.grpc.stub.ServerCalls$UnaryServerCallHandler$UnaryServerCallListener.onHalfClose(ServerCalls.java:182)
	at org.apache.ratis.thirdparty.io.grpc.internal.ServerCallImpl$ServerStreamListenerImpl.halfClosed(ServerCallImpl.java:356)
	at org.apache.ratis.thirdparty.io.grpc.internal.ServerImpl$JumpToApplicationThreadServerStreamListener$1HalfClosed.runInContext(ServerImpl.java:861)
	at org.apache.ratis.thirdparty.io.grpc.internal.ContextRunnable.run(ContextRunnable.java:37)
	at org.apache.ratis.thirdparty.io.grpc.internal.SerializingExecutor.run(SerializingExecutor.java:133)
	at java.base/java.util.concurrent.ThreadPoolExecutor.runWorker(ThreadPoolExecutor.java:1144)
	at java.base/java.util.concurrent.ThreadPoolExecutor$Worker.run(ThreadPoolExecutor.java:642)
	at java.base/java.lang.Thread.run(Thread.java:1583)
Caused by: org.apache.ratis.protocol.exceptions.AlreadyExistsException: 764b18f0-81c5-439a-9fff-25adc4f241fa: Failed to add group-7F698BB0E6AA:[8a3c3252-9afe-4d3a-8492-25be6557678a|127.0.0.1:15023, f700af26-0e26-4136-9205-9509c82c8c70|127.0.0.1:15015, 764b18f0-81c5-439a-9fff-25adc4f241fa|127.0.0.1:15031] since the group already exists in the map.
	at org.apache.ratis.server.impl.RaftServerProxy$ImplMap.addNew(RaftServerProxy.java:99)
	at org.apache.ratis.server.impl.RaftServerProxy.groupAddAsync(RaftServerProxy.java:512)
	... 13 more
2025-10-16 19:47:27,035 [bed9314d-2aab-40ad-9a80-177434bab325@group-94071A26A1CE-StateMachineUpdater] INFO  safemode.SCMSafeModeManager (SCMSafeModeManager.java:validateSafeModeExitRules(138)) - DataNodeSafeModeRule rule is successfully validated
2025-10-16 19:47:27,035 [bed9314d-2aab-40ad-9a80-177434bab325@group-94071A26A1CE-StateMachineUpdater] INFO  safemode.SCMSafeModeManager (SCMSafeModeManager.java:validateSafeModeExitRules(138)) - RatisContainerSafeModeRule rule is successfully validated
2025-10-16 19:47:27,036 [bed9314d-2aab-40ad-9a80-177434bab325@group-94071A26A1CE-StateMachineUpdater] INFO  safemode.HealthyPipelineSafeModeRule (HealthyPipelineSafeModeRule.java:initializeRule(226)) - Refreshed total pipeline count is 0, healthy pipeline threshold count is 1
2025-10-16 19:47:27,036 [bed9314d-2aab-40ad-9a80-177434bab325@group-94071A26A1CE-StateMachineUpdater] INFO  safemode.SCMSafeModeManager (SCMSafeModeManager.java:validateSafeModeExitRules(138)) - OneReplicaPipelineSafeModeRule rule is successfully validated
2025-10-16 19:47:27,036 [bed9314d-2aab-40ad-9a80-177434bab325@group-94071A26A1CE-StateMachineUpdater] INFO  safemode.SCMSafeModeManager (SCMSafeModeManager.java:validateSafeModeExitRules(138)) - ECContainerSafeModeRule rule is successfully validated
2025-10-16 19:47:27,036 [RatisPipelineUtilsThread-0] INFO  pipeline.BackgroundPipelineCreator (BackgroundPipelineCreator.java:createPipelines(246)) - Created new pipeline Pipeline{ Id: a6d455ad-cb8f-42d4-aaf7-6ca5f15a0415, Nodes: [ {702cb173-5c73-4ecc-b5cd-c7b4a6b66aea(localhost/127.0.0.1), ReplicaIndex: 0}, {0e8b6cc7-9945-4141-97fc-6aa017a0d5fa(localhost/127.0.0.1), ReplicaIndex: 0}, {e33e6ec4-6b66-4281-bedd-2bd75bd30070(localhost/127.0.0.1), ReplicaIndex: 0},], ReplicationConfig: RATIS/THREE, State:ALLOCATED, leaderId:, CreationTimestamp2025-10-16T19:47:27.027612142Z[Etc/UTC]}
2025-10-16 19:47:27,038 [RatisPipelineUtilsThread-0] INFO  pipeline.RatisPipelineProvider (RatisPipelineProvider.java:lambda$create$0(208)) - Sending CreatePipelineCommand for pipeline:Pipeline-36270c74-4c8b-4dac-af71-cdbac21eb987 to datanode:0e8b6cc7-9945-4141-97fc-6aa017a0d5fa(localhost/127.0.0.1)
2025-10-16 19:47:27,039 [RatisPipelineUtilsThread-0] INFO  pipeline.RatisPipelineProvider (RatisPipelineProvider.java:lambda$create$0(208)) - Sending CreatePipelineCommand for pipeline:Pipeline-36270c74-4c8b-4dac-af71-cdbac21eb987 to datanode:702cb173-5c73-4ecc-b5cd-c7b4a6b66aea(localhost/127.0.0.1)
2025-10-16 19:47:27,039 [RatisPipelineUtilsThread-0] INFO  pipeline.RatisPipelineProvider (RatisPipelineProvider.java:lambda$create$0(208)) - Sending CreatePipelineCommand for pipeline:Pipeline-36270c74-4c8b-4dac-af71-cdbac21eb987 to datanode:e33e6ec4-6b66-4281-bedd-2bd75bd30070(localhost/127.0.0.1)
2025-10-16 19:47:27,043 [bed9314d-2aab-40ad-9a80-177434bab325@group-94071A26A1CE-StateMachineUpdater] INFO  safemode.SCMSafeModeManager (SCMSafeModeManager.java:validateSafeModeExitRules(138)) - DataNodeSafeModeRule rule is successfully validated
2025-10-16 19:47:27,043 [bed9314d-2aab-40ad-9a80-177434bab325@group-94071A26A1CE-StateMachineUpdater] INFO  safemode.SCMSafeModeManager (SCMSafeModeManager.java:validateSafeModeExitRules(138)) - RatisContainerSafeModeRule rule is successfully validated
2025-10-16 19:47:27,044 [bed9314d-2aab-40ad-9a80-177434bab325@group-94071A26A1CE-StateMachineUpdater] INFO  safemode.HealthyPipelineSafeModeRule (HealthyPipelineSafeModeRule.java:initializeRule(226)) - Refreshed total pipeline count is 0, healthy pipeline threshold count is 1
2025-10-16 19:47:27,044 [bed9314d-2aab-40ad-9a80-177434bab325@group-94071A26A1CE-StateMachineUpdater] INFO  safemode.SCMSafeModeManager (SCMSafeModeManager.java:validateSafeModeExitRules(138)) - OneReplicaPipelineSafeModeRule rule is successfully validated
2025-10-16 19:47:27,045 [bed9314d-2aab-40ad-9a80-177434bab325@group-94071A26A1CE-StateMachineUpdater] INFO  safemode.SCMSafeModeManager (SCMSafeModeManager.java:validateSafeModeExitRules(138)) - ECContainerSafeModeRule rule is successfully validated
2025-10-16 19:47:27,046 [RatisPipelineUtilsThread-0] INFO  pipeline.PipelineManagerImpl (PipelineManagerImpl.java:recordMetricsForPipeline(922)) - Pipeline-36270c74-4c8b-4dac-af71-cdbac21eb987 and Pipeline-a6d455ad-cb8f-42d4-aaf7-6ca5f15a0415 have exactly the same set of datanodes: [0e8b6cc7-9945-4141-97fc-6aa017a0d5fa(localhost/127.0.0.1), 702cb173-5c73-4ecc-b5cd-c7b4a6b66aea(localhost/127.0.0.1), e33e6ec4-6b66-4281-bedd-2bd75bd30070(localhost/127.0.0.1)]
2025-10-16 19:47:27,046 [RatisPipelineUtilsThread-0] INFO  pipeline.BackgroundPipelineCreator (BackgroundPipelineCreator.java:createPipelines(246)) - Created new pipeline Pipeline{ Id: 36270c74-4c8b-4dac-af71-cdbac21eb987, Nodes: [ {0e8b6cc7-9945-4141-97fc-6aa017a0d5fa(localhost/127.0.0.1), ReplicaIndex: 0}, {702cb173-5c73-4ecc-b5cd-c7b4a6b66aea(localhost/127.0.0.1), ReplicaIndex: 0}, {e33e6ec4-6b66-4281-bedd-2bd75bd30070(localhost/127.0.0.1), ReplicaIndex: 0},], ReplicationConfig: RATIS/THREE, State:ALLOCATED, leaderId:, CreationTimestamp2025-10-16T19:47:27.038532646Z[Etc/UTC]}
2025-10-16 19:47:27,049 [f700af26-0e26-4136-9205-9509c82c8c70-CreatePipelineCommandHandlerThread-0] INFO  commandhandler.CreatePipelineCommandHandler (CreatePipelineCommandHandler.java:lambda$handle$2(141)) - Created Pipeline RATIS THREE Pipeline-e8667477-af8e-4488-a6a8-7f698bb0e6aa.
2025-10-16 19:47:27,050 [grpc-default-executor-0] WARN  server.GrpcAdminProtocolService (GrpcAdminProtocolService.java:lambda$groupManagement$1(53)) - Failed groupManagement: GROUPADD, GroupManagementRequest:client-7B427030AECD->f700af26-0e26-4136-9205-9509c82c8c70@group-7F698BB0E6AA, cid=8, seq=null, RW, null, Add:group-7F698BB0E6AA:[8a3c3252-9afe-4d3a-8492-25be6557678a|127.0.0.1:15023, f700af26-0e26-4136-9205-9509c82c8c70|127.0.0.1:15015, 764b18f0-81c5-439a-9fff-25adc4f241fa|127.0.0.1:15031]
java.util.concurrent.CompletionException: org.apache.ratis.protocol.exceptions.AlreadyExistsException: f700af26-0e26-4136-9205-9509c82c8c70: Failed to add group-7F698BB0E6AA:[8a3c3252-9afe-4d3a-8492-25be6557678a|127.0.0.1:15023, f700af26-0e26-4136-9205-9509c82c8c70|127.0.0.1:15015, 764b18f0-81c5-439a-9fff-25adc4f241fa|127.0.0.1:15031] since the group already exists in the map.
	at java.base/java.util.concurrent.CompletableFuture.encodeThrowable(CompletableFuture.java:332)
	at java.base/java.util.concurrent.CompletableFuture.uniApplyNow(CompletableFuture.java:674)
	at java.base/java.util.concurrent.CompletableFuture.uniApplyStage(CompletableFuture.java:662)
	at java.base/java.util.concurrent.CompletableFuture.thenApplyAsync(CompletableFuture.java:2210)
	at org.apache.ratis.server.impl.RaftServerProxy.groupAddAsync(RaftServerProxy.java:513)
	at org.apache.ratis.server.impl.RaftServerProxy.groupManagementAsync(RaftServerProxy.java:495)
	at org.apache.ratis.grpc.server.GrpcAdminProtocolService.lambda$groupManagement$0(GrpcAdminProtocolService.java:51)
	at org.apache.ratis.grpc.GrpcUtil.asyncCall(GrpcUtil.java:172)
	at org.apache.ratis.grpc.server.GrpcAdminProtocolService.groupManagement(GrpcAdminProtocolService.java:51)
	at org.apache.ratis.proto.grpc.AdminProtocolServiceGrpc$MethodHandlers.invoke(AdminProtocolServiceGrpc.java:701)
	at org.apache.ratis.thirdparty.io.grpc.stub.ServerCalls$UnaryServerCallHandler$UnaryServerCallListener.onHalfClose(ServerCalls.java:182)
	at org.apache.ratis.thirdparty.io.grpc.internal.ServerCallImpl$ServerStreamListenerImpl.halfClosed(ServerCallImpl.java:356)
	at org.apache.ratis.thirdparty.io.grpc.internal.ServerImpl$JumpToApplicationThreadServerStreamListener$1HalfClosed.runInContext(ServerImpl.java:861)
	at org.apache.ratis.thirdparty.io.grpc.internal.ContextRunnable.run(ContextRunnable.java:37)
	at org.apache.ratis.thirdparty.io.grpc.internal.SerializingExecutor.run(SerializingExecutor.java:133)
	at java.base/java.util.concurrent.ThreadPoolExecutor.runWorker(ThreadPoolExecutor.java:1144)
	at java.base/java.util.concurrent.ThreadPoolExecutor$Worker.run(ThreadPoolExecutor.java:642)
	at java.base/java.lang.Thread.run(Thread.java:1583)
Caused by: org.apache.ratis.protocol.exceptions.AlreadyExistsException: f700af26-0e26-4136-9205-9509c82c8c70: Failed to add group-7F698BB0E6AA:[8a3c3252-9afe-4d3a-8492-25be6557678a|127.0.0.1:15023, f700af26-0e26-4136-9205-9509c82c8c70|127.0.0.1:15015, 764b18f0-81c5-439a-9fff-25adc4f241fa|127.0.0.1:15031] since the group already exists in the map.
	at org.apache.ratis.server.impl.RaftServerProxy$ImplMap.addNew(RaftServerProxy.java:99)
	at org.apache.ratis.server.impl.RaftServerProxy.groupAddAsync(RaftServerProxy.java:512)
	... 13 more
2025-10-16 19:47:27,057 [764b18f0-81c5-439a-9fff-25adc4f241fa-CreatePipelineCommandHandlerThread-0] INFO  commandhandler.CreatePipelineCommandHandler (CreatePipelineCommandHandler.java:lambda$handle$2(141)) - Created Pipeline RATIS THREE Pipeline-e8667477-af8e-4488-a6a8-7f698bb0e6aa.
2025-10-16 19:47:27,214 [764b18f0-81c5-439a-9fff-25adc4f241fa@group-EFA78D49BE77-FollowerState] INFO  impl.FollowerState (FollowerState.java:runImpl(161)) - 764b18f0-81c5-439a-9fff-25adc4f241fa@group-EFA78D49BE77-FollowerState: change to CANDIDATE, lastRpcElapsedTime:1009521764ns, electionTimeout:1009ms
2025-10-16 19:47:27,214 [764b18f0-81c5-439a-9fff-25adc4f241fa@group-EFA78D49BE77-FollowerState] INFO  impl.RoleInfo (RoleInfo.java:shutdownFollowerState(121)) - 764b18f0-81c5-439a-9fff-25adc4f241fa: shutdown 764b18f0-81c5-439a-9fff-25adc4f241fa@group-EFA78D49BE77-FollowerState
2025-10-16 19:47:27,215 [764b18f0-81c5-439a-9fff-25adc4f241fa@group-EFA78D49BE77-FollowerState] INFO  server.RaftServer$Division (RaftServerImpl.java:setRole(392)) - 764b18f0-81c5-439a-9fff-25adc4f241fa@group-EFA78D49BE77: changes role from  FOLLOWER to CANDIDATE at term 0 for changeToCandidate
2025-10-16 19:47:27,215 [764b18f0-81c5-439a-9fff-25adc4f241fa@group-EFA78D49BE77-FollowerState] INFO  impl.RoleInfo (RoleInfo.java:updateAndGet(148)) - 764b18f0-81c5-439a-9fff-25adc4f241fa: start 764b18f0-81c5-439a-9fff-25adc4f241fa@group-EFA78D49BE77-LeaderElection4
2025-10-16 19:47:27,215 [764b18f0-81c5-439a-9fff-25adc4f241fa@group-EFA78D49BE77-LeaderElection4] INFO  impl.LeaderElection (LeaderElection.java:askForVotes(448)) - 764b18f0-81c5-439a-9fff-25adc4f241fa@group-EFA78D49BE77-LeaderElection4 PRE_VOTE round 0: submit vote requests at term 0 for conf: {index: -1, cur=peers:[764b18f0-81c5-439a-9fff-25adc4f241fa|127.0.0.1:15031]|listeners:[], old=null}
2025-10-16 19:47:27,215 [764b18f0-81c5-439a-9fff-25adc4f241fa@group-EFA78D49BE77-LeaderElection4] INFO  impl.LeaderElection (LeaderElection.java:askForVotes(450)) - 764b18f0-81c5-439a-9fff-25adc4f241fa@group-EFA78D49BE77-LeaderElection4 PRE_VOTE round 0: result PASSED (term=0)
2025-10-16 19:47:27,217 [764b18f0-81c5-439a-9fff-25adc4f241fa@group-EFA78D49BE77-LeaderElection4] INFO  impl.LeaderElection (LeaderElection.java:askForVotes(448)) - 764b18f0-81c5-439a-9fff-25adc4f241fa@group-EFA78D49BE77-LeaderElection4 ELECTION round 0: submit vote requests at term 1 for conf: {index: -1, cur=peers:[764b18f0-81c5-439a-9fff-25adc4f241fa|127.0.0.1:15031]|listeners:[], old=null}
2025-10-16 19:47:27,217 [764b18f0-81c5-439a-9fff-25adc4f241fa@group-EFA78D49BE77-LeaderElection4] INFO  impl.LeaderElection (LeaderElection.java:askForVotes(450)) - 764b18f0-81c5-439a-9fff-25adc4f241fa@group-EFA78D49BE77-LeaderElection4 ELECTION round 0: result PASSED (term=1)
2025-10-16 19:47:27,217 [764b18f0-81c5-439a-9fff-25adc4f241fa@group-EFA78D49BE77-LeaderElection4] INFO  impl.RoleInfo (RoleInfo.java:shutdownLeaderElection(141)) - 764b18f0-81c5-439a-9fff-25adc4f241fa: shutdown 764b18f0-81c5-439a-9fff-25adc4f241fa@group-EFA78D49BE77-LeaderElection4
2025-10-16 19:47:27,217 [764b18f0-81c5-439a-9fff-25adc4f241fa@group-EFA78D49BE77-LeaderElection4] INFO  server.RaftServer$Division (RaftServerImpl.java:setRole(392)) - 764b18f0-81c5-439a-9fff-25adc4f241fa@group-EFA78D49BE77: changes role from CANDIDATE to LEADER at term 1 for changeToLeader
2025-10-16 19:47:27,217 [764b18f0-81c5-439a-9fff-25adc4f241fa@group-EFA78D49BE77-LeaderElection4] INFO  server.RaftServerConfigKeys (ConfUtils.java:logFallback(69)) - raft.server.staging.timeout = 15600ms (fallback to raft.server.rpc.timeout.max)
2025-10-16 19:47:27,217 [764b18f0-81c5-439a-9fff-25adc4f241fa@group-EFA78D49BE77-LeaderElection4] INFO  server.RaftServerConfigKeys (ConfUtils.java:logGet(62)) - raft.server.write.element-limit = 1024 (custom)
2025-10-16 19:47:27,217 [764b18f0-81c5-439a-9fff-25adc4f241fa@group-EFA78D49BE77-LeaderElection4] INFO  server.RaftServerConfigKeys (ConfUtils.java:logGet(62)) - raft.server.write.byte-limit = 1024 M (=1073741824) (custom)
2025-10-16 19:47:27,218 [764b18f0-81c5-439a-9fff-25adc4f241fa@group-EFA78D49BE77-LeaderElection4] INFO  server.RaftServerConfigKeys (ConfUtils.java:logGet(62)) - raft.server.watch.timeout = 30s (custom)
2025-10-16 19:47:27,219 [764b18f0-81c5-439a-9fff-25adc4f241fa@group-EFA78D49BE77-LeaderElection4] INFO  server.RaftServerConfigKeys (ConfUtils.java:logGet(62)) - raft.server.log.log-metadata.enabled = true (default)
2025-10-16 19:47:27,219 [764b18f0-81c5-439a-9fff-25adc4f241fa@group-EFA78D49BE77-LeaderElection4] INFO  impl.RoleInfo (RoleInfo.java:updateAndGet(148)) - 764b18f0-81c5-439a-9fff-25adc4f241fa: start 764b18f0-81c5-439a-9fff-25adc4f241fa@group-EFA78D49BE77-LeaderStateImpl
2025-10-16 19:47:27,219 [764b18f0-81c5-439a-9fff-25adc4f241fa@group-EFA78D49BE77-LeaderElection4] INFO  server.RaftServer$Division (RaftServerImpl.java:setFirstElection(576)) - 764b18f0-81c5-439a-9fff-25adc4f241fa@group-EFA78D49BE77: set firstElectionSinceStartup to false for becomeLeader
2025-10-16 19:47:27,219 [764b18f0-81c5-439a-9fff-25adc4f241fa@group-EFA78D49BE77-LeaderElection4] INFO  ratis.XceiverServerRatis (XceiverServerRatis.java:handleLeaderChangedNotification(940)) - Leader change notification received for group: group-EFA78D49BE77 with new leaderId: 764b18f0-81c5-439a-9fff-25adc4f241fa
2025-10-16 19:47:27,220 [764b18f0-81c5-439a-9fff-25adc4f241fa@group-EFA78D49BE77-LeaderElection4] INFO  server.RaftServer$Division (ServerState.java:setLeader(272)) - 764b18f0-81c5-439a-9fff-25adc4f241fa@group-EFA78D49BE77: change Leader from null to 764b18f0-81c5-439a-9fff-25adc4f241fa at term 1 for becomeLeader, leader elected after 1059ms
2025-10-16 19:47:27,221 [764b18f0-81c5-439a-9fff-25adc4f241fa@group-EFA78D49BE77-LeaderElection4] INFO  segmented.SegmentedRaftLogWorker (SegmentedRaftLogWorker.java:startLogSegment(440)) - 764b18f0-81c5-439a-9fff-25adc4f241fa@group-EFA78D49BE77-SegmentedRaftLogWorker: Starting segment from index:0
2025-10-16 19:47:27,221 [764b18f0-81c5-439a-9fff-25adc4f241fa@group-EFA78D49BE77-LeaderElection4] INFO  server.RaftServer$Division (ServerState.java:setRaftConf(386)) - 764b18f0-81c5-439a-9fff-25adc4f241fa@group-EFA78D49BE77: set configuration conf: {index: 0, cur=peers:[764b18f0-81c5-439a-9fff-25adc4f241fa|127.0.0.1:15031]|listeners:[], old=null}
2025-10-16 19:47:27,222 [764b18f0-81c5-439a-9fff-25adc4f241fa@group-EFA78D49BE77-SegmentedRaftLogWorker] INFO  segmented.BufferedWriteChannel (BufferedWriteChannel.java:open(61)) - open log_inprogress_0 at position 0
2025-10-16 19:47:27,223 | INFO  | SCMAudit | user=runner | ip=127.0.0.1 | op=GET_VERSION {} | ret=SUCCESS |  
2025-10-16 19:47:27,225 [EventQueue-PipelineReportForOneReplicaPipelineSafeModeRule] INFO  safemode.SCMSafeModeManager (SCMSafeModeManager.java:validateSafeModeExitRules(138)) - OneReplicaPipelineSafeModeRule rule is successfully validated
2025-10-16 19:47:27,225 | INFO  | SCMAudit | user=runner | ip=127.0.0.1 | op=SEND_HEARTBEAT {"datanodeUUID":"764b18f0-81c5-439a-9fff-25adc4f241fa","term":"2","command":"[]"} | ret=SUCCESS |  
2025-10-16 19:47:27,229 [764b18f0-81c5-439a-9fff-25adc4f241fa@group-EFA78D49BE77-SegmentedRaftLogWorker] INFO  segmented.SegmentedRaftLogWorker (SegmentedRaftLogWorker.java:execute(647)) - 764b18f0-81c5-439a-9fff-25adc4f241fa@group-EFA78D49BE77-SegmentedRaftLogWorker: created new log segment /home/runner/work/ozone/ozone/hadoop-ozone/integration-test/target/test-dir/MiniOzoneClusterImpl-e7911277-7775-4457-96c8-94071a26a1ce/ozone-metadata/datanode-3/ratis/538e0115-15a4-42ad-9d9a-efa78d49be77/current/log_inprogress_0
2025-10-16 19:47:27,232 [764b18f0-81c5-439a-9fff-25adc4f241fa@group-EFA78D49BE77-StateMachineUpdater] INFO  server.RaftServer$Division (LeaderStateImpl.java:checkStartIndex(309)) - Leader 764b18f0-81c5-439a-9fff-25adc4f241fa@group-EFA78D49BE77-LeaderStateImpl is ready since appliedIndex == startIndex == 0
2025-10-16 19:47:27,252 [757ca056-973f-4f05-ab2d-6aff6c54d452-EndpointStateMachineTaskThread-/0.0.0.0:15002-0 ] INFO  utils.DatanodeStoreCache (DatanodeStoreCache.java:addDB(70)) - Added db /home/runner/work/ozone/ozone/hadoop-ozone/integration-test/target/test-dir/MiniOzoneClusterImpl-e7911277-7775-4457-96c8-94071a26a1ce/ozone-metadata/datanode-14/data-0/hdds/e7911277-7775-4457-96c8-94071a26a1ce/DS-2cc4418e-cf6f-4a2e-9c0c-956ae8553ee5/container.db to cache
2025-10-16 19:47:27,252 [757ca056-973f-4f05-ab2d-6aff6c54d452-EndpointStateMachineTaskThread-/0.0.0.0:15002-0 ] INFO  volume.HddsVolume (HddsVolume.java:createDbStore(576)) - SchemaV3 db is created and loaded at /home/runner/work/ozone/ozone/hadoop-ozone/integration-test/target/test-dir/MiniOzoneClusterImpl-e7911277-7775-4457-96c8-94071a26a1ce/ozone-metadata/datanode-14/data-0/hdds/e7911277-7775-4457-96c8-94071a26a1ce/DS-2cc4418e-cf6f-4a2e-9c0c-956ae8553ee5/container.db for volume DS-2cc4418e-cf6f-4a2e-9c0c-956ae8553ee5
2025-10-16 19:47:27,254 [757ca056-973f-4f05-ab2d-6aff6c54d452-ContainerReader-0] INFO  ozoneimpl.ContainerReader (ContainerReader.java:readVolume(147)) - Start to verify containers on volume /home/runner/work/ozone/ozone/hadoop-ozone/integration-test/target/test-dir/MiniOzoneClusterImpl-e7911277-7775-4457-96c8-94071a26a1ce/ozone-metadata/datanode-14/data-0/hdds
2025-10-16 19:47:27,254 [757ca056-973f-4f05-ab2d-6aff6c54d452-ContainerReader-0] INFO  ozoneimpl.ContainerReader (ContainerReader.java:readVolume(177)) - Finish verifying containers on volume /home/runner/work/ozone/ozone/hadoop-ozone/integration-test/target/test-dir/MiniOzoneClusterImpl-e7911277-7775-4457-96c8-94071a26a1ce/ozone-metadata/datanode-14/data-0/hdds
2025-10-16 19:47:27,255 [757ca056-973f-4f05-ab2d-6aff6c54d452-EndpointStateMachineTaskThread-/0.0.0.0:15002-0 ] INFO  ozoneimpl.OzoneContainer (OzoneContainer.java:buildContainerSet(359)) - Build ContainerSet costs 0s
2025-10-16 19:47:27,255 [757ca056-973f-4f05-ab2d-6aff6c54d452-EndpointStateMachineTaskThread-/0.0.0.0:15002-0 ] INFO  volume.ThrottledAsyncChecker (ThrottledAsyncChecker.java:schedule(138)) - Scheduling a check for /home/runner/work/ozone/ozone/hadoop-ozone/integration-test/target/test-dir/MiniOzoneClusterImpl-e7911277-7775-4457-96c8-94071a26a1ce/ozone-metadata/datanode-14/data-0/hdds
2025-10-16 19:47:27,255 [757ca056-973f-4f05-ab2d-6aff6c54d452-EndpointStateMachineTaskThread-/0.0.0.0:15002-0 ] INFO  volume.StorageVolumeChecker (StorageVolumeChecker.java:checkAllVolumes(231)) - Scheduled health check for volume /home/runner/work/ozone/ozone/hadoop-ozone/integration-test/target/test-dir/MiniOzoneClusterImpl-e7911277-7775-4457-96c8-94071a26a1ce/ozone-metadata/datanode-14/data-0/hdds
2025-10-16 19:47:27,258 [757ca056-973f-4f05-ab2d-6aff6c54d452-EndpointStateMachineTaskThread-/0.0.0.0:15002-0 ] INFO  volume.ThrottledAsyncChecker (ThrottledAsyncChecker.java:schedule(138)) - Scheduling a check for /home/runner/work/ozone/ozone/hadoop-ozone/integration-test/target/test-dir/MiniOzoneClusterImpl-e7911277-7775-4457-96c8-94071a26a1ce/ozone-metadata/datanode-14/ratis
2025-10-16 19:47:27,258 [757ca056-973f-4f05-ab2d-6aff6c54d452-EndpointStateMachineTaskThread-/0.0.0.0:15002-0 ] INFO  volume.StorageVolumeChecker (StorageVolumeChecker.java:checkAllVolumes(231)) - Scheduled health check for volume /home/runner/work/ozone/ozone/hadoop-ozone/integration-test/target/test-dir/MiniOzoneClusterImpl-e7911277-7775-4457-96c8-94071a26a1ce/ozone-metadata/datanode-14/ratis
2025-10-16 19:47:27,259 [757ca056-973f-4f05-ab2d-6aff6c54d452-EndpointStateMachineTaskThread-/0.0.0.0:15002-0 ] INFO  ozoneimpl.OzoneContainer (OzoneContainer.java:start(544)) - Attempting to start container services.
2025-10-16 19:47:27,260 [ContainerMetadataScanner] INFO  ozoneimpl.AbstractBackgroundContainerScanner (AbstractBackgroundContainerScanner.java:runIteration(89)) - Completed an iteration in 0 minutes. Number of iterations (since the data-node restart) : 1, Number of containers scanned in this iteration : 0, Number of unhealthy containers found in this iteration : 0
2025-10-16 19:47:27,262 [ContainerDataScanner(/home/runner/work/ozone/ozone/hadoop-ozone/integration-test/target/test-dir/MiniOzoneClusterImpl-e7911277-7775-4457-96c8-94071a26a1ce/ozone-metadata/datanode-14/data-0/hdds)] INFO  ozoneimpl.AbstractBackgroundContainerScanner (AbstractBackgroundContainerScanner.java:runIteration(89)) - Completed an iteration in 0 minutes. Number of iterations (since the data-node restart) : 1, Number of containers scanned in this iteration : 0, Number of unhealthy containers found in this iteration : 0
2025-10-16 19:47:27,264 [757ca056-973f-4f05-ab2d-6aff6c54d452-EndpointStateMachineTaskThread-/0.0.0.0:15002-0 ] INFO  replication.ReplicationServer (ReplicationServer.java:start(137)) - ReplicationServer is started using port 15121
2025-10-16 19:47:27,263 | INFO  | SCMAudit | user=runner | ip=127.0.0.1 | op=SEND_HEARTBEAT {"datanodeUUID":"702cb173-5c73-4ecc-b5cd-c7b4a6b66aea","term":"2","command":"[commandType: createPipelineCommand createPipelineCommandProto { pipelineID { id: \"071df4d7-ac14-4329-b933-2ab8351bc093\" uuid128 { mostSigBits: 512835139732259625 leastSigBits: -5101686982227279725 } } type: RATIS factor: ONE datanode { uuid: \"702cb173-5c73-4ecc-b5cd-c7b4a6b66aea\" ipAddress: \"127.0.0.1\" hostName: \"localhost\" ports { name: \"HTTP\" value: 15090 } ports { name: \"CLIENT_RPC\" value: 15091 } ports { name: \"REPLICATION\" value: 15097 } ports { name: \"RATIS\" value: 15093 } ports { name: \"RATIS_ADMIN\" value: 15094 } ports { name: \"RATIS_SERVER\" value: 15095 } ports { name: \"RATIS_DATASTREAM\" value: 15096 } ports { name: \"STANDALONE\" value: 15092 } networkName: \"702cb173-5c73-4ecc-b5cd-c7b4a6b66aea\" networkLocation: \"/default-rack\" persistedOpState: IN_SERVICE persistedOpStateExpiry: 0 currentVersion: 2 uuid128 { mostSigBits: 8083030540253613772 leastSigBits: -5346397603913897238 } level: 3 id { uuid { mostSigBits: 8083030540253613772 leastSigBits: -5346397603913897238 } } } cmdId: 1760644044142 priority: 1 } term: 2 encodedToken: \"\" deadlineMsSinceEpoch: 0, commandType: createPipelineCommand createPipelineCommandProto { pipelineID { id: \"a6d455ad-cb8f-42d4-aaf7-6ca5f15a0415\" uuid128 { mostSigBits: -6425416563417988396 leastSigBits: -6127309308039658475 } } type: RATIS factor: THREE datanode { uuid: \"702cb173-5c73-4ecc-b5cd-c7b4a6b66aea\" ipAddress: \"127.0.0.1\" hostName: \"localhost\" ports { name: \"HTTP\" value: 15090 } ports { name: \"CLIENT_RPC\" value: 15091 } ports { name: \"REPLICATION\" value: 15097 } ports { name: \"RATIS\" value: 15093 } ports { name: \"RATIS_ADMIN\" value: 15094 } ports { name: \"RATIS_SERVER\" value: 15095 } ports { name: \"RATIS_DATASTREAM\" value: 15096 } ports { name: \"STANDALONE\" value: 15092 } networkName: \"702cb173-5c73-4ecc-b5cd-c7b4a6b66aea\" networkLocation: \"/default-rack\" persistedOpState: IN_SERVICE persistedOpStateExpiry: 0 currentVersion: 2 uuid128 { mostSigBits: 8083030540253613772 leastSigBits: -5346397603913897238 } level: 3 id { uuid { mostSigBits: 8083030540253613772 leastSigBits: -5346397603913897238 } } } datanode { uuid: \"0e8b6cc7-9945-4141-97fc-6aa017a0d5fa\" ipAddress: \"127.0.0.1\" hostName: \"localhost\" ports { name: \"HTTP\" value: 15082 } ports { name: \"CLIENT_RPC\" value: 15083 } ports { name: \"REPLICATION\" value: 15089 } ports { name: \"RATIS\" value: 15085 } ports { name: \"RATIS_ADMIN\" value: 15086 } ports { name: \"RATIS_SERVER\" value: 15087 } ports { name: \"RATIS_DATASTREAM\" value: 15088 } ports { name: \"STANDALONE\" value: 15084 } networkName: \"0e8b6cc7-9945-4141-97fc-6aa017a0d5fa\" networkLocation: \"/default-rack\" persistedOpState: IN_SERVICE persistedOpStateExpiry: 0 currentVersion: 2 uuid128 { mostSigBits: 1048050942819516737 leastSigBits: -7494998444027619846 } level: 3 id { uuid { mostSigBits: 1048050942819516737 leastSigBits: -7494998444027619846 } } } datanode { uuid: \"e33e6ec4-6b66-4281-bedd-2bd75bd30070\" ipAddress: \"127.0.0.1\" hostName: \"localhost\" ports { name: \"HTTP\" value: 15098 } ports { name: \"CLIENT_RPC\" value: 15099 } ports { name: \"REPLICATION\" value: 15105 } ports { name: \"RATIS\" value: 15101 } ports { name: \"RATIS_ADMIN\" value: 15102 } ports { name: \"RATIS_SERVER\" value: 15103 } ports { name: \"RATIS_DATASTREAM\" value: 15104 } ports { name: \"STANDALONE\" value: 15100 } networkName: \"e33e6ec4-6b66-4281-bedd-2bd75bd30070\" networkLocation: \"/default-rack\" persistedOpState: IN_SERVICE persistedOpStateExpiry: 0 currentVersion: 2 uuid128 { mostSigBits: -2072096988649340287 leastSigBits: -4693547032691670928 } level: 3 id { uuid { mostSigBits: -2072096988649340287 leastSigBits: -4693547032691670928 } } } cmdId: 1760644044144 priority: 0 priority: 0 priority: 1 } term: 2 encodedToken: \"\" deadlineMsSinceEpoch: 0, commandType: createPipelineCommand createPipelineCommandProto { pipelineID { id: \"36270c74-4c8b-4dac-af71-cdbac21eb987\" uuid128 { mostSigBits: 3902101295779761580 leastSigBits: -5804632242699454073 } } type: RATIS factor: THREE datanode { uuid: \"0e8b6cc7-9945-4141-97fc-6aa017a0d5fa\" ipAddress: \"127.0.0.1\" hostName: \"localhost\" ports { name: \"HTTP\" value: 15082 } ports { name: \"CLIENT_RPC\" value: 15083 } ports { name: \"REPLICATION\" value: 15089 } ports { name: \"RATIS\" value: 15085 } ports { name: \"RATIS_ADMIN\" value: 15086 } ports { name: \"RATIS_SERVER\" value: 15087 } ports { name: \"RATIS_DATASTREAM\" value: 15088 } ports { name: \"STANDALONE\" value: 15084 } networkName: \"0e8b6cc7-9945-4141-97fc-6aa017a0d5fa\" networkLocation: \"/default-rack\" persistedOpState: IN_SERVICE persistedOpStateExpiry: 0 currentVersion: 2 uuid128 { mostSigBits: 1048050942819516737 leastSigBits: -7494998444027619846 } level: 3 id { uuid { mostSigBits: 1048050942819516737 leastSigBits: -7494998444027619846 } } } datanode { uuid: \"702cb173-5c73-4ecc-b5cd-c7b4a6b66aea\" ipAddress: \"127.0.0.1\" hostName: \"localhost\" ports { name: \"HTTP\" value: 15090 } ports { name: \"CLIENT_RPC\" value: 15091 } ports { name: \"REPLICATION\" value: 15097 } ports { name: \"RATIS\" value: 15093 } ports { name: \"RATIS_ADMIN\" value: 15094 } ports { name: \"RATIS_SERVER\" value: 15095 } ports { name: \"RATIS_DATASTREAM\" value: 15096 } ports { name: \"STANDALONE\" value: 15092 } networkName: \"702cb173-5c73-4ecc-b5cd-c7b4a6b66aea\" networkLocation: \"/default-rack\" persistedOpState: IN_SERVICE persistedOpStateExpiry: 0 currentVersion: 2 uuid128 { mostSigBits: 8083030540253613772 leastSigBits: -5346397603913897238 } level: 3 id { uuid { mostSigBits: 8083030540253613772 leastSigBits: -5346397603913897238 } } } datanode { uuid: \"e33e6ec4-6b66-4281-bedd-2bd75bd30070\" ipAddress: \"127.0.0.1\" hostName: \"localhost\" ports { name: \"HTTP\" value: 15098 } ports { name: \"CLIENT_RPC\" value: 15099 } ports { name: \"REPLICATION\" value: 15105 } ports { name: \"RATIS\" value: 15101 } ports { name: \"RATIS_ADMIN\" value: 15102 } ports { name: \"RATIS_SERVER\" value: 15103 } ports { name: \"RATIS_DATASTREAM\" value: 15104 } ports { name: \"STANDALONE\" value: 15100 } networkName: \"e33e6ec4-6b66-4281-bedd-2bd75bd30070\" networkLocation: \"/default-rack\" persistedOpState: IN_SERVICE persistedOpStateExpiry: 0 currentVersion: 2 uuid128 { mostSigBits: -2072096988649340287 leastSigBits: -4693547032691670928 } level: 3 id { uuid { mostSigBits: -2072096988649340287 leastSigBits: -4693547032691670928 } } } cmdId: 1760644044145 priority: 0 priority: 1 priority: 0 } term: 2 encodedToken: \"\" deadlineMsSinceEpoch: 0]"} | ret=SUCCESS |  
2025-10-16 19:47:27,264 [757ca056-973f-4f05-ab2d-6aff6c54d452-EndpointStateMachineTaskThread-/0.0.0.0:15002-0 ] INFO  ratis.XceiverServerRatis (XceiverServerRatis.java:start(559)) - Starting XceiverServerRatis(757ca056-973f-4f05-ab2d-6aff6c54d452)
2025-10-16 19:47:27,266 [757ca056-973f-4f05-ab2d-6aff6c54d452-EndpointStateMachineTaskThread-/0.0.0.0:15002-0 ] INFO  server.RaftServer (RaftServerProxy.java:startImpl(412)) - 757ca056-973f-4f05-ab2d-6aff6c54d452: start RPC server
2025-10-16 19:47:27,266 [757ca056-973f-4f05-ab2d-6aff6c54d452-EndpointStateMachineTaskThread-/0.0.0.0:15002-0 ] INFO  server.GrpcServicesImpl (GrpcServicesImpl.java:startImpl(346)) - 757ca056-973f-4f05-ab2d-6aff6c54d452: GrpcServicesImpl started, listening on 15117
2025-10-16 19:47:27,267 [757ca056-973f-4f05-ab2d-6aff6c54d452-EndpointStateMachineTaskThread-/0.0.0.0:15002-0 ] INFO  server.GrpcServicesImpl (GrpcServicesImpl.java:startImpl(346)) - 757ca056-973f-4f05-ab2d-6aff6c54d452: GrpcServicesImpl started, listening on 15119
2025-10-16 19:47:27,267 [757ca056-973f-4f05-ab2d-6aff6c54d452-EndpointStateMachineTaskThread-/0.0.0.0:15002-0 ] INFO  server.GrpcServicesImpl (GrpcServicesImpl.java:startImpl(346)) - 757ca056-973f-4f05-ab2d-6aff6c54d452: GrpcServicesImpl started, listening on 15118
2025-10-16 19:47:27,268 [757ca056-973f-4f05-ab2d-6aff6c54d452-EndpointStateMachineTaskThread-/0.0.0.0:15002-0 ] INFO  ratis.XceiverServerRatis (XceiverServerRatis.java:getRealPort(586)) - XceiverServerRatis(757ca056-973f-4f05-ab2d-6aff6c54d452) is started using port RATIS=15117
2025-10-16 19:47:27,268 [757ca056-973f-4f05-ab2d-6aff6c54d452-EndpointStateMachineTaskThread-/0.0.0.0:15002-0 ] INFO  ratis.XceiverServerRatis (XceiverServerRatis.java:getRealPort(586)) - XceiverServerRatis(757ca056-973f-4f05-ab2d-6aff6c54d452) is started using port RATIS_ADMIN=15118
2025-10-16 19:47:27,268 [757ca056-973f-4f05-ab2d-6aff6c54d452-EndpointStateMachineTaskThread-/0.0.0.0:15002-0 ] INFO  ratis.XceiverServerRatis (XceiverServerRatis.java:getRealPort(586)) - XceiverServerRatis(757ca056-973f-4f05-ab2d-6aff6c54d452) is started using port RATIS_SERVER=15119
2025-10-16 19:47:27,268 [757ca056-973f-4f05-ab2d-6aff6c54d452-EndpointStateMachineTaskThread-/0.0.0.0:15002-0 ] INFO  ratis.XceiverServerRatis (XceiverServerRatis.java:getRealPort(586)) - XceiverServerRatis(757ca056-973f-4f05-ab2d-6aff6c54d452) is started using port RATIS_DATASTREAM=15120
2025-10-16 19:47:27,268 [JvmPauseMonitor16] INFO  util.JvmPauseMonitor (JvmPauseMonitor.java:run(146)) - JvmPauseMonitor-757ca056-973f-4f05-ab2d-6aff6c54d452: Started
2025-10-16 19:47:27,269 [757ca056-973f-4f05-ab2d-6aff6c54d452-EndpointStateMachineTaskThread-/0.0.0.0:15002-0 ] INFO  utils.BackgroundService (BackgroundService.java:start(119)) - Starting service BlockDeletingService with interval 60000 milliseconds
2025-10-16 19:47:27,270 [757ca056-973f-4f05-ab2d-6aff6c54d452-EndpointStateMachineTaskThread-/0.0.0.0:15002-0 ] INFO  utils.BackgroundService (BackgroundService.java:start(119)) - Starting service StaleRecoveringContainerScrubbingService with interval 60000 milliseconds
2025-10-16 19:47:27,293 | INFO  | SCMAudit | user=runner | ip=127.0.0.1 | op=SEND_HEARTBEAT {"datanodeUUID":"e072d245-7694-4d97-8e20-c503ebf8c2fe","term":"2","command":"[commandType: createPipelineCommand createPipelineCommandProto { pipelineID { id: \"8f9acfe3-5569-4a29-b935-ee898a0a2821\" uuid128 { mostSigBits: -8098932404574926295 leastSigBits: -5100908728433367007 } } type: RATIS factor: THREE datanode { uuid: \"8a0fa2ff-b550-4652-b2fe-0cf91cd4a157\" ipAddress: \"127.0.0.1\" hostName: \"localhost\" ports { name: \"HTTP\" value: 15074 } ports { name: \"CLIENT_RPC\" value: 15075 } ports { name: \"REPLICATION\" value: 15081 } ports { name: \"RATIS\" value: 15077 } ports { name: \"RATIS_ADMIN\" value: 15078 } ports { name: \"RATIS_SERVER\" value: 15079 } ports { name: \"RATIS_DATASTREAM\" value: 15080 } ports { name: \"STANDALONE\" value: 15076 } networkName: \"8a0fa2ff-b550-4652-b2fe-0cf91cd4a157\" networkLocation: \"/default-rack\" persistedOpState: IN_SERVICE persistedOpStateExpiry: 0 currentVersion: 2 uuid128 { mostSigBits: -8498394752682539438 leastSigBits: -5548983426803785385 } level: 3 id { uuid { mostSigBits: -8498394752682539438 leastSigBits: -5548983426803785385 } } } datanode { uuid: \"76d4ba71-5bbb-4b24-8f51-8bc7f78aaca4\" ipAddress: \"127.0.0.1\" hostName: \"localhost\" ports { name: \"HTTP\" value: 15066 } ports { name: \"CLIENT_RPC\" value: 15067 } ports { name: \"REPLICATION\" value: 15073 } ports { name: \"RATIS\" value: 15069 } ports { name: \"RATIS_ADMIN\" value: 15070 } ports { name: \"RATIS_SERVER\" value: 15071 } ports { name: \"RATIS_DATASTREAM\" value: 15072 } ports { name: \"STANDALONE\" value: 15068 } networkName: \"76d4ba71-5bbb-4b24-8f51-8bc7f78aaca4\" networkLocation: \"/default-rack\" persistedOpState: IN_SERVICE persistedOpStateExpiry: 0 currentVersion: 2 uuid128 { mostSigBits: 8562673787571227428 leastSigBits: -8119554962204480348 } level: 3 id { uuid { mostSigBits: 8562673787571227428 leastSigBits: -8119554962204480348 } } } datanode { uuid: \"e072d245-7694-4d97-8e20-c503ebf8c2fe\" ipAddress: \"127.0.0.1\" hostName: \"localhost\" ports { name: \"HTTP\" value: 15058 } ports { name: \"CLIENT_RPC\" value: 15059 } ports { name: \"REPLICATION\" value: 15065 } ports { name: \"RATIS\" value: 15061 } ports { name: \"RATIS_ADMIN\" value: 15062 } ports { name: \"RATIS_SERVER\" value: 15063 } ports { name: \"RATIS_DATASTREAM\" value: 15064 } ports { name: \"STANDALONE\" value: 15060 } networkName: \"e072d245-7694-4d97-8e20-c503ebf8c2fe\" networkLocation: \"/default-rack\" persistedOpState: IN_SERVICE persistedOpStateExpiry: 0 currentVersion: 2 uuid128 { mostSigBits: -2273523666084672105 leastSigBits: -8205341900434521346 } level: 3 id { uuid { mostSigBits: -2273523666084672105 leastSigBits: -8205341900434521346 } } } cmdId: 1760644044139 priority: 0 priority: 0 priority: 1 } term: 2 encodedToken: \"\" deadlineMsSinceEpoch: 0, commandType: createPipelineCommand createPipelineCommandProto { pipelineID { id: \"36c7da6a-14e2-433e-b882-35c832a27f16\" uuid128 { mostSigBits: 3947363747565290302 leastSigBits: -5151495889799184618 } } type: RATIS factor: THREE datanode { uuid: \"e072d245-7694-4d97-8e20-c503ebf8c2fe\" ipAddress: \"127.0.0.1\" hostName: \"localhost\" ports { name: \"HTTP\" value: 15058 } ports { name: \"CLIENT_RPC\" value: 15059 } ports { name: \"REPLICATION\" value: 15065 } ports { name: \"RATIS\" value: 15061 } ports { name: \"RATIS_ADMIN\" value: 15062 } ports { name: \"RATIS_SERVER\" value: 15063 } ports { name: \"RATIS_DATASTREAM\" value: 15064 } ports { name: \"STANDALONE\" value: 15060 } networkName: \"e072d245-7694-4d97-8e20-c503ebf8c2fe\" networkLocation: \"/default-rack\" persistedOpState: IN_SERVICE persistedOpStateExpiry: 0 currentVersion: 2 uuid128 { mostSigBits: -2273523666084672105 leastSigBits: -8205341900434521346 } level: 3 id { uuid { mostSigBits: -2273523666084672105 leastSigBits: -8205341900434521346 } } } datanode { uuid: \"76d4ba71-5bbb-4b24-8f51-8bc7f78aaca4\" ipAddress: \"127.0.0.1\" hostName: \"localhost\" ports { name: \"HTTP\" value: 15066 } ports { name: \"CLIENT_RPC\" value: 15067 } ports { name: \"REPLICATION\" value: 15073 } ports { name: \"RATIS\" value: 15069 } ports { name: \"RATIS_ADMIN\" value: 15070 } ports { name: \"RATIS_SERVER\" value: 15071 } ports { name: \"RATIS_DATASTREAM\" value: 15072 } ports { name: \"STANDALONE\" value: 15068 } networkName: \"76d4ba71-5bbb-4b24-8f51-8bc7f78aaca4\" networkLocation: \"/default-rack\" persistedOpState: IN_SERVICE persistedOpStateExpiry: 0 currentVersion: 2 uuid128 { mostSigBits: 8562673787571227428 leastSigBits: -8119554962204480348 } level: 3 id { uuid { mostSigBits: 8562673787571227428 leastSigBits: -8119554962204480348 } } } datanode { uuid: \"8a0fa2ff-b550-4652-b2fe-0cf91cd4a157\" ipAddress: \"127.0.0.1\" hostName: \"localhost\" ports { name: \"HTTP\" value: 15074 } ports { name: \"CLIENT_RPC\" value: 15075 } ports { name: \"REPLICATION\" value: 15081 } ports { name: \"RATIS\" value: 15077 } ports { name: \"RATIS_ADMIN\" value: 15078 } ports { name: \"RATIS_SERVER\" value: 15079 } ports { name: \"RATIS_DATASTREAM\" value: 15080 } ports { name: \"STANDALONE\" value: 15076 } networkName: \"8a0fa2ff-b550-4652-b2fe-0cf91cd4a157\" networkLocation: \"/default-rack\" persistedOpState: IN_SERVICE persistedOpStateExpiry: 0 currentVersion: 2 uuid128 { mostSigBits: -8498394752682539438 leastSigBits: -5548983426803785385 } level: 3 id { uuid { mostSigBits: -8498394752682539438 leastSigBits: -5548983426803785385 } } } cmdId: 1760644044140 priority: 0 priority: 1 priority: 0 } term: 2 encodedToken: \"\" deadlineMsSinceEpoch: 0]"} | ret=SUCCESS |  
2025-10-16 19:47:27,367 [IPC Server handler 11 on default port 15002] INFO  net.NetworkTopologyImpl (NetworkTopologyImpl.java:add(133)) - Added a new node: /default-rack/c0724e9c-0dd4-4d47-992c-7bfe285fdd38
2025-10-16 19:47:27,367 [IPC Server handler 11 on default port 15002] INFO  node.SCMNodeManager (SCMNodeManager.java:register(423)) - Registered datanode: c0724e9c-0dd4-4d47-992c-7bfe285fdd38{ip: 127.0.0.1, host: localhost, ports: [HTTP=15106, CLIENT_RPC=15107, REPLICATION=15113, RATIS=15109, RATIS_ADMIN=15110, RATIS_SERVER=15111, RATIS_DATASTREAM=15112, STANDALONE=15108], networkLocation: /default-rack, certSerialId: null, persistedOpState: null, persistedOpStateExpiryEpochSec: 0}
2025-10-16 19:47:27,367 [EventQueue-NodeRegistrationContainerReportForDataNodeSafeModeRule] INFO  safemode.SCMSafeModeManager (SCMSafeModeManager.java:validateSafeModeExitRules(138)) - DataNodeSafeModeRule rule is successfully validated
2025-10-16 19:47:27,367 [EventQueue-ContainerRegistrationReportForRatisContainerSafeModeRule] INFO  safemode.SCMSafeModeManager (SCMSafeModeManager.java:validateSafeModeExitRules(138)) - RatisContainerSafeModeRule rule is successfully validated
2025-10-16 19:47:27,367 [EventQueue-NewNodeForNewNodeHandler] INFO  pipeline.BackgroundPipelineCreator (BackgroundPipelineCreator.java:notifyEventTriggered(290)) - trigger a one-shot run on RatisPipelineUtilsThread.
2025-10-16 19:47:27,367 [EventQueue-ContainerRegistrationReportForECContainerSafeModeRule] INFO  safemode.SCMSafeModeManager (SCMSafeModeManager.java:validateSafeModeExitRules(138)) - ECContainerSafeModeRule rule is successfully validated
2025-10-16 19:47:27,368 | INFO  | SCMAudit | user=runner | ip=127.0.0.1 | op=REGISTER {"datanodeDetails":"c0724e9c-0dd4-4d47-992c-7bfe285fdd38(localhost/127.0.0.1)"} | ret=SUCCESS |  
2025-10-16 19:47:27,368 [EventQueue-PipelineReportForOneReplicaPipelineSafeModeRule] INFO  safemode.SCMSafeModeManager (SCMSafeModeManager.java:validateSafeModeExitRules(138)) - OneReplicaPipelineSafeModeRule rule is successfully validated
2025-10-16 19:47:27,369 [RatisPipelineUtilsThread-0] INFO  pipeline.RatisPipelineProvider (RatisPipelineProvider.java:lambda$create$0(208)) - Sending CreatePipelineCommand for pipeline:Pipeline-fb44cfc1-9805-428f-96aa-8b59faaee0ea to datanode:c0724e9c-0dd4-4d47-992c-7bfe285fdd38(localhost/127.0.0.1)
2025-10-16 19:47:27,371 [bed9314d-2aab-40ad-9a80-177434bab325@group-94071A26A1CE-StateMachineUpdater] INFO  safemode.SCMSafeModeManager (SCMSafeModeManager.java:validateSafeModeExitRules(138)) - DataNodeSafeModeRule rule is successfully validated
2025-10-16 19:47:27,371 [bed9314d-2aab-40ad-9a80-177434bab325@group-94071A26A1CE-StateMachineUpdater] INFO  safemode.SCMSafeModeManager (SCMSafeModeManager.java:validateSafeModeExitRules(138)) - RatisContainerSafeModeRule rule is successfully validated
2025-10-16 19:47:27,372 [bed9314d-2aab-40ad-9a80-177434bab325@group-94071A26A1CE-StateMachineUpdater] INFO  safemode.HealthyPipelineSafeModeRule (HealthyPipelineSafeModeRule.java:initializeRule(226)) - Refreshed total pipeline count is 0, healthy pipeline threshold count is 1
2025-10-16 19:47:27,372 [bed9314d-2aab-40ad-9a80-177434bab325@group-94071A26A1CE-StateMachineUpdater] INFO  safemode.SCMSafeModeManager (SCMSafeModeManager.java:validateSafeModeExitRules(138)) - OneReplicaPipelineSafeModeRule rule is successfully validated
2025-10-16 19:47:27,372 [bed9314d-2aab-40ad-9a80-177434bab325@group-94071A26A1CE-StateMachineUpdater] INFO  safemode.SCMSafeModeManager (SCMSafeModeManager.java:validateSafeModeExitRules(138)) - ECContainerSafeModeRule rule is successfully validated
2025-10-16 19:47:27,372 [RatisPipelineUtilsThread-0] INFO  pipeline.BackgroundPipelineCreator (BackgroundPipelineCreator.java:createPipelines(246)) - Created new pipeline Pipeline{ Id: fb44cfc1-9805-428f-96aa-8b59faaee0ea, Nodes: [ {c0724e9c-0dd4-4d47-992c-7bfe285fdd38(localhost/127.0.0.1), ReplicaIndex: 0},], ReplicationConfig: RATIS/ONE, State:ALLOCATED, leaderId:, CreationTimestamp2025-10-16T19:47:27.369502262Z[Etc/UTC]}
2025-10-16 19:47:27,403 [764b18f0-81c5-439a-9fff-25adc4f241fa@group-E01CF5EA873D-FollowerState] INFO  impl.FollowerState (FollowerState.java:runImpl(161)) - 764b18f0-81c5-439a-9fff-25adc4f241fa@group-E01CF5EA873D-FollowerState: change to CANDIDATE, lastRpcElapsedTime:1157793211ns, electionTimeout:1157ms
2025-10-16 19:47:27,404 [764b18f0-81c5-439a-9fff-25adc4f241fa@group-E01CF5EA873D-FollowerState] INFO  impl.RoleInfo (RoleInfo.java:shutdownFollowerState(121)) - 764b18f0-81c5-439a-9fff-25adc4f241fa: shutdown 764b18f0-81c5-439a-9fff-25adc4f241fa@group-E01CF5EA873D-FollowerState
2025-10-16 19:47:27,404 [764b18f0-81c5-439a-9fff-25adc4f241fa@group-E01CF5EA873D-FollowerState] INFO  server.RaftServer$Division (RaftServerImpl.java:setRole(392)) - 764b18f0-81c5-439a-9fff-25adc4f241fa@group-E01CF5EA873D: changes role from  FOLLOWER to CANDIDATE at term 0 for changeToCandidate
2025-10-16 19:47:27,404 [764b18f0-81c5-439a-9fff-25adc4f241fa@group-E01CF5EA873D-FollowerState] INFO  impl.RoleInfo (RoleInfo.java:updateAndGet(148)) - 764b18f0-81c5-439a-9fff-25adc4f241fa: start 764b18f0-81c5-439a-9fff-25adc4f241fa@group-E01CF5EA873D-LeaderElection5
2025-10-16 19:47:27,404 [764b18f0-81c5-439a-9fff-25adc4f241fa@group-E01CF5EA873D-LeaderElection5] INFO  impl.LeaderElection (LeaderElection.java:askForVotes(448)) - 764b18f0-81c5-439a-9fff-25adc4f241fa@group-E01CF5EA873D-LeaderElection5 PRE_VOTE round 0: submit vote requests at term 0 for conf: {index: -1, cur=peers:[8a3c3252-9afe-4d3a-8492-25be6557678a|127.0.0.1:15023, f700af26-0e26-4136-9205-9509c82c8c70|127.0.0.1:15015, 764b18f0-81c5-439a-9fff-25adc4f241fa|127.0.0.1:15031]|listeners:[], old=null}
2025-10-16 19:47:27,408 [764b18f0-81c5-439a-9fff-25adc4f241fa@group-E01CF5EA873D-LeaderElection5-1] INFO  server.GrpcServerProtocolClient (GrpcServerProtocolClient.java:<init>(65)) - Build channel for 8a3c3252-9afe-4d3a-8492-25be6557678a|127.0.0.1:15023
2025-10-16 19:47:27,409 [764b18f0-81c5-439a-9fff-25adc4f241fa@group-E01CF5EA873D-LeaderElection5-2] INFO  server.GrpcServerProtocolClient (GrpcServerProtocolClient.java:<init>(65)) - Build channel for f700af26-0e26-4136-9205-9509c82c8c70|127.0.0.1:15015
2025-10-16 19:47:27,423 [grpc-default-executor-1] INFO  server.RaftServer$Division (RaftServerImpl.java:requestVote(1421)) - 8a3c3252-9afe-4d3a-8492-25be6557678a@group-E01CF5EA873D: receive requestVote(PRE_VOTE, 764b18f0-81c5-439a-9fff-25adc4f241fa, group-E01CF5EA873D, 0, <PROTO_DEFAULT>)
2025-10-16 19:47:27,423 [grpc-default-executor-0] INFO  server.RaftServer$Division (RaftServerImpl.java:requestVote(1421)) - f700af26-0e26-4136-9205-9509c82c8c70@group-E01CF5EA873D: receive requestVote(PRE_VOTE, 764b18f0-81c5-439a-9fff-25adc4f241fa, group-E01CF5EA873D, 0, <PROTO_DEFAULT>)
2025-10-16 19:47:27,425 [grpc-default-executor-1] INFO  impl.VoteContext (VoteContext.java:log(49)) - 8a3c3252-9afe-4d3a-8492-25be6557678a@group-E01CF5EA873D-FOLLOWER: accept PRE_VOTE from 764b18f0-81c5-439a-9fff-25adc4f241fa: our priority 0 <= candidate's priority 0
2025-10-16 19:47:27,425 [grpc-default-executor-0] INFO  impl.VoteContext (VoteContext.java:log(49)) - f700af26-0e26-4136-9205-9509c82c8c70@group-E01CF5EA873D-FOLLOWER: reject PRE_VOTE from 764b18f0-81c5-439a-9fff-25adc4f241fa: our priority 1 > candidate's priority 0
2025-10-16 19:47:27,427 [grpc-default-executor-1] INFO  server.RaftServer$Division (RaftServerImpl.java:requestVote(1455)) - 8a3c3252-9afe-4d3a-8492-25be6557678a@group-E01CF5EA873D replies to PRE_VOTE vote request: 764b18f0-81c5-439a-9fff-25adc4f241fa<-8a3c3252-9afe-4d3a-8492-25be6557678a#0:OK-t0-last:<INITIAL_VALUE>. Peer's state: 8a3c3252-9afe-4d3a-8492-25be6557678a@group-E01CF5EA873D:t0, leader=null, voted=, raftlog=Memoized:8a3c3252-9afe-4d3a-8492-25be6557678a@group-E01CF5EA873D-SegmentedRaftLog:OPENED:c-1:lastnull, conf=conf: {index: -1, cur=peers:[8a3c3252-9afe-4d3a-8492-25be6557678a|127.0.0.1:15023, f700af26-0e26-4136-9205-9509c82c8c70|127.0.0.1:15015, 764b18f0-81c5-439a-9fff-25adc4f241fa|127.0.0.1:15031]|listeners:[], old=null}
2025-10-16 19:47:27,427 [grpc-default-executor-0] INFO  server.RaftServer$Division (RaftServerImpl.java:requestVote(1455)) - f700af26-0e26-4136-9205-9509c82c8c70@group-E01CF5EA873D replies to PRE_VOTE vote request: 764b18f0-81c5-439a-9fff-25adc4f241fa<-f700af26-0e26-4136-9205-9509c82c8c70#0:FAIL-t0-last:<INITIAL_VALUE>. Peer's state: f700af26-0e26-4136-9205-9509c82c8c70@group-E01CF5EA873D:t0, leader=null, voted=, raftlog=Memoized:f700af26-0e26-4136-9205-9509c82c8c70@group-E01CF5EA873D-SegmentedRaftLog:OPENED:c-1:lastnull, conf=conf: {index: -1, cur=peers:[8a3c3252-9afe-4d3a-8492-25be6557678a|127.0.0.1:15023, f700af26-0e26-4136-9205-9509c82c8c70|127.0.0.1:15015, 764b18f0-81c5-439a-9fff-25adc4f241fa|127.0.0.1:15031]|listeners:[], old=null}
2025-10-16 19:47:27,430 [764b18f0-81c5-439a-9fff-25adc4f241fa@group-E01CF5EA873D-LeaderElection5] INFO  impl.LeaderElection (LeaderElection.java:logAndReturn(206)) - 764b18f0-81c5-439a-9fff-25adc4f241fa@group-E01CF5EA873D-LeaderElection5: PRE_VOTE REJECTED received 2 response(s) and 0 exception(s):
2025-10-16 19:47:27,430 [764b18f0-81c5-439a-9fff-25adc4f241fa@group-E01CF5EA873D-LeaderElection5] INFO  impl.LeaderElection (LeaderElection.java:logAndReturn(210)) -   Response 0: 764b18f0-81c5-439a-9fff-25adc4f241fa<-8a3c3252-9afe-4d3a-8492-25be6557678a#0:OK-t0-last:<INITIAL_VALUE>
2025-10-16 19:47:27,430 [764b18f0-81c5-439a-9fff-25adc4f241fa@group-E01CF5EA873D-LeaderElection5] INFO  impl.LeaderElection (LeaderElection.java:logAndReturn(210)) -   Response 1: 764b18f0-81c5-439a-9fff-25adc4f241fa<-f700af26-0e26-4136-9205-9509c82c8c70#0:FAIL-t0-last:<INITIAL_VALUE>
2025-10-16 19:47:27,430 [764b18f0-81c5-439a-9fff-25adc4f241fa@group-E01CF5EA873D-LeaderElection5] INFO  impl.LeaderElection (LeaderElection.java:askForVotes(450)) - 764b18f0-81c5-439a-9fff-25adc4f241fa@group-E01CF5EA873D-LeaderElection5 PRE_VOTE round 0: result REJECTED
2025-10-16 19:47:27,430 [764b18f0-81c5-439a-9fff-25adc4f241fa@group-E01CF5EA873D-LeaderElection5] INFO  server.RaftServer$Division (RaftServerImpl.java:setRole(392)) - 764b18f0-81c5-439a-9fff-25adc4f241fa@group-E01CF5EA873D: changes role from CANDIDATE to FOLLOWER at term 0 for REJECTED
2025-10-16 19:47:27,430 [764b18f0-81c5-439a-9fff-25adc4f241fa@group-E01CF5EA873D-LeaderElection5] INFO  impl.RoleInfo (RoleInfo.java:shutdownLeaderElection(141)) - 764b18f0-81c5-439a-9fff-25adc4f241fa: shutdown 764b18f0-81c5-439a-9fff-25adc4f241fa@group-E01CF5EA873D-LeaderElection5
2025-10-16 19:47:27,431 [764b18f0-81c5-439a-9fff-25adc4f241fa@group-E01CF5EA873D-LeaderElection5] INFO  impl.RoleInfo (RoleInfo.java:updateAndGet(148)) - 764b18f0-81c5-439a-9fff-25adc4f241fa: start 764b18f0-81c5-439a-9fff-25adc4f241fa@group-E01CF5EA873D-FollowerState
2025-10-16 19:47:27,432 [aa213937-adc5-47da-a770-0ee1e4664344-CreatePipelineCommandHandlerThread-0] INFO  server.RaftServer (RaftServerProxy.java:addNew(105)) - aa213937-adc5-47da-a770-0ee1e4664344: addNew group-7209B67C767C:[aa213937-adc5-47da-a770-0ee1e4664344|127.0.0.1:15039] returns group-7209B67C767C:java.util.concurrent.CompletableFuture@7700656c[Not completed]
2025-10-16 19:47:27,432 [764b18f0-81c5-439a-9fff-25adc4f241fa@group-E01CF5EA873D-LeaderElection5] INFO  server.RaftServer$Division (RaftServerImpl.java:setFirstElection(576)) - 764b18f0-81c5-439a-9fff-25adc4f241fa@group-E01CF5EA873D: set firstElectionSinceStartup to false for REJECTED
2025-10-16 19:47:27,433 [aa213937-adc5-47da-a770-0ee1e4664344-groupManagement] INFO  server.RaftServer$Division (RaftServerImpl.java:<init>(268)) - aa213937-adc5-47da-a770-0ee1e4664344: new RaftServerImpl for group-7209B67C767C:[aa213937-adc5-47da-a770-0ee1e4664344|127.0.0.1:15039] with ContainerStateMachine:uninitialized
2025-10-16 19:47:27,434 [aa213937-adc5-47da-a770-0ee1e4664344-groupManagement] INFO  server.RaftServer$Division (ServerState.java:<init>(114)) - aa213937-adc5-47da-a770-0ee1e4664344@group-7209B67C767C: ConfigurationManager, init=conf: {index: -1, cur=peers:[aa213937-adc5-47da-a770-0ee1e4664344|127.0.0.1:15039]|listeners:[], old=null}, confs=<EMPTY_MAP>
2025-10-16 19:47:27,433 | INFO  | SCMAudit | user=runner | ip=127.0.0.1 | op=SEND_HEARTBEAT {"datanodeUUID":"aa213937-adc5-47da-a770-0ee1e4664344","term":"2","command":"[]"} | ret=SUCCESS |  
2025-10-16 19:47:27,442 [aa213937-adc5-47da-a770-0ee1e4664344-groupManagement] INFO  server.RaftServerConfigKeys (ConfUtils.java:logGet(62)) - raft.server.storage.dir = [/home/runner/work/ozone/ozone/hadoop-ozone/integration-test/target/test-dir/MiniOzoneClusterImpl-e7911277-7775-4457-96c8-94071a26a1ce/ozone-metadata/datanode-4/ratis] (custom)
2025-10-16 19:47:27,443 [aa213937-adc5-47da-a770-0ee1e4664344-groupManagement] INFO  storage.RaftStorageDirectory (RaftStorageDirectoryImpl.java:analyzeStorage(138)) - The storage directory /home/runner/work/ozone/ozone/hadoop-ozone/integration-test/target/test-dir/MiniOzoneClusterImpl-e7911277-7775-4457-96c8-94071a26a1ce/ozone-metadata/datanode-4/ratis/159a7077-bbc6-4ba6-a5f4-7209b67c767c does not exist. Creating ...
2025-10-16 19:47:27,443 [aa213937-adc5-47da-a770-0ee1e4664344-groupManagement] INFO  storage.RaftStorageDirectory (RaftStorageDirectoryImpl.java:tryLock(229)) - Lock on /home/runner/work/ozone/ozone/hadoop-ozone/integration-test/target/test-dir/MiniOzoneClusterImpl-e7911277-7775-4457-96c8-94071a26a1ce/ozone-metadata/datanode-4/ratis/159a7077-bbc6-4ba6-a5f4-7209b67c767c/in_use.lock acquired by nodename 40995@localhost
2025-10-16 19:47:27,444 [aa213937-adc5-47da-a770-0ee1e4664344-groupManagement] INFO  storage.RaftStorage (RaftStorageImpl.java:format(98)) - Storage directory /home/runner/work/ozone/ozone/hadoop-ozone/integration-test/target/test-dir/MiniOzoneClusterImpl-e7911277-7775-4457-96c8-94071a26a1ce/ozone-metadata/datanode-4/ratis/159a7077-bbc6-4ba6-a5f4-7209b67c767c has been successfully formatted.
2025-10-16 19:47:27,445 [aa213937-adc5-47da-a770-0ee1e4664344-groupManagement] INFO  ratis.ContainerStateMachine (ContainerStateMachine.java:initialize(339)) - aa213937-adc5-47da-a770-0ee1e4664344: initialize group-7209B67C767C
2025-10-16 19:47:27,445 [aa213937-adc5-47da-a770-0ee1e4664344-groupManagement] INFO  ratis.ContainerStateMachine (ContainerStateMachine.java:loadSnapshot(347)) - group-7209B67C767C: The snapshot info is null. Setting the last applied index to:<INITIAL_VALUE>
2025-10-16 19:47:27,445 [aa213937-adc5-47da-a770-0ee1e4664344-groupManagement] INFO  server.RaftServerConfigKeys (ConfUtils.java:logGet(62)) - raft.server.log.appender.buffer.byte-limit = 33554432 (custom)
2025-10-16 19:47:27,449 | INFO  | SCMAudit | user=runner | ip=127.0.0.1 | op=SEND_HEARTBEAT {"datanodeUUID":"aa213937-adc5-47da-a770-0ee1e4664344","term":"2","command":"[]"} | ret=SUCCESS |  
2025-10-16 19:47:27,449 [EventQueue-PipelineReportForOneReplicaPipelineSafeModeRule] INFO  safemode.SCMSafeModeManager (SCMSafeModeManager.java:validateSafeModeExitRules(138)) - OneReplicaPipelineSafeModeRule rule is successfully validated
2025-10-16 19:47:27,450 [aa213937-adc5-47da-a770-0ee1e4664344-groupManagement] INFO  server.RaftServerConfigKeys (ConfUtils.java:logGet(62)) - raft.server.log.segment.size.max = 67108864 (custom)
2025-10-16 19:47:27,451 [aa213937-adc5-47da-a770-0ee1e4664344-groupManagement] INFO  server.RaftServerConfigKeys (ConfUtils.java:logGet(62)) - raft.server.log.appender.buffer.byte-limit = 33554432 (custom)
2025-10-16 19:47:27,451 [aa213937-adc5-47da-a770-0ee1e4664344-groupManagement] INFO  util.AwaitToRun (AwaitToRun.java:start(81)) - Thread[#1524,aa213937-adc5-47da-a770-0ee1e4664344@group-7209B67C767C-cacheEviction-AwaitToRun,5,main] started
2025-10-16 19:47:27,452 [aa213937-adc5-47da-a770-0ee1e4664344-groupManagement] INFO  segmented.SegmentedRaftLogWorker (SegmentedRaftLogWorker.java:<init>(190)) - new aa213937-adc5-47da-a770-0ee1e4664344@group-7209B67C767C-SegmentedRaftLogWorker for RaftStorageImpl:Storage Directory /home/runner/work/ozone/ozone/hadoop-ozone/integration-test/target/test-dir/MiniOzoneClusterImpl-e7911277-7775-4457-96c8-94071a26a1ce/ozone-metadata/datanode-4/ratis/159a7077-bbc6-4ba6-a5f4-7209b67c767c
2025-10-16 19:47:27,452 [aa213937-adc5-47da-a770-0ee1e4664344-groupManagement] INFO  server.RaftServerConfigKeys (ConfUtils.java:logGet(62)) - raft.server.log.queue.byte-limit = 4294967296 (custom)
2025-10-16 19:47:27,452 [aa213937-adc5-47da-a770-0ee1e4664344-groupManagement] INFO  server.RaftServerConfigKeys (ConfUtils.java:logGet(62)) - raft.server.log.segment.size.max = 67108864 (custom)
2025-10-16 19:47:27,452 [aa213937-adc5-47da-a770-0ee1e4664344-groupManagement] INFO  server.RaftServerConfigKeys (ConfUtils.java:logGet(62)) - raft.server.log.preallocated.size = 4194304 (custom)
2025-10-16 19:47:27,452 [aa213937-adc5-47da-a770-0ee1e4664344-groupManagement] INFO  server.RaftServerConfigKeys (ConfUtils.java:logGet(62)) - raft.server.log.write.buffer.size = 33554440 (custom)
2025-10-16 19:47:27,455 [bed9314d-2aab-40ad-9a80-177434bab325@group-94071A26A1CE-StateMachineUpdater] INFO  safemode.SCMSafeModeManager (SCMSafeModeManager.java:validateSafeModeExitRules(138)) - DataNodeSafeModeRule rule is successfully validated
2025-10-16 19:47:27,456 [bed9314d-2aab-40ad-9a80-177434bab325@group-94071A26A1CE-StateMachineUpdater] INFO  safemode.SCMSafeModeManager (SCMSafeModeManager.java:validateSafeModeExitRules(138)) - RatisContainerSafeModeRule rule is successfully validated
2025-10-16 19:47:27,457 [bed9314d-2aab-40ad-9a80-177434bab325@group-94071A26A1CE-StateMachineUpdater] INFO  safemode.HealthyPipelineSafeModeRule (HealthyPipelineSafeModeRule.java:initializeRule(226)) - Refreshed total pipeline count is 0, healthy pipeline threshold count is 1
2025-10-16 19:47:27,457 [bed9314d-2aab-40ad-9a80-177434bab325@group-94071A26A1CE-StateMachineUpdater] INFO  safemode.SCMSafeModeManager (SCMSafeModeManager.java:validateSafeModeExitRules(138)) - OneReplicaPipelineSafeModeRule rule is successfully validated
2025-10-16 19:47:27,457 [bed9314d-2aab-40ad-9a80-177434bab325@group-94071A26A1CE-StateMachineUpdater] INFO  safemode.SCMSafeModeManager (SCMSafeModeManager.java:validateSafeModeExitRules(138)) - ECContainerSafeModeRule rule is successfully validated
2025-10-16 19:47:27,458 [EventQueue-PipelineReportForPipelineReportHandler] INFO  pipeline.PipelineReportHandler (PipelineReportHandler.java:processPipelineReport(132)) - Opened pipeline Pipeline-159a7077-bbc6-4ba6-a5f4-7209b67c767c
2025-10-16 19:47:27,459 [aa213937-adc5-47da-a770-0ee1e4664344-groupManagement] INFO  server.RaftServerConfigKeys (ConfUtils.java:logGet(62)) - raft.server.log.appender.buffer.byte-limit = 33554432 (custom)
2025-10-16 19:47:27,459 [aa213937-adc5-47da-a770-0ee1e4664344-groupManagement] INFO  segmented.SegmentedRaftLogWorker (SegmentedRaftLogWorker.java:lambda$new$0(141)) - aa213937-adc5-47da-a770-0ee1e4664344@group-7209B67C767C-SegmentedRaftLogWorker: flushIndex: setUnconditionally 0 -> -1
2025-10-16 19:47:27,459 [aa213937-adc5-47da-a770-0ee1e4664344-groupManagement] INFO  segmented.SegmentedRaftLogWorker (SegmentedRaftLogWorker.java:lambda$new$0(141)) - aa213937-adc5-47da-a770-0ee1e4664344@group-7209B67C767C-SegmentedRaftLogWorker: safeCacheEvictIndex: setUnconditionally 0 -> -1
2025-10-16 19:47:27,460 [aa213937-adc5-47da-a770-0ee1e4664344-groupManagement] INFO  server.RaftServer$Division (RaftServerImpl.java:start(405)) - aa213937-adc5-47da-a770-0ee1e4664344@group-7209B67C767C: start as a follower, conf=conf: {index: -1, cur=peers:[aa213937-adc5-47da-a770-0ee1e4664344|127.0.0.1:15039]|listeners:[], old=null}
2025-10-16 19:47:27,460 [aa213937-adc5-47da-a770-0ee1e4664344-groupManagement] INFO  server.RaftServer$Division (RaftServerImpl.java:setRole(392)) - aa213937-adc5-47da-a770-0ee1e4664344@group-7209B67C767C: changes role from      null to FOLLOWER at term 0 for startAsFollower
2025-10-16 19:47:27,460 [aa213937-adc5-47da-a770-0ee1e4664344-groupManagement] INFO  impl.RoleInfo (RoleInfo.java:updateAndGet(148)) - aa213937-adc5-47da-a770-0ee1e4664344: start aa213937-adc5-47da-a770-0ee1e4664344@group-7209B67C767C-FollowerState
2025-10-16 19:47:27,460 [aa213937-adc5-47da-a770-0ee1e4664344-groupManagement] INFO  util.JmxRegister (JmxRegister.java:tryRegister(44)) - Successfully registered JMX Bean with object name Ratis:service=RaftServer,group=group-7209B67C767C,id=aa213937-adc5-47da-a770-0ee1e4664344
2025-10-16 19:47:27,460 [aa213937-adc5-47da-a770-0ee1e4664344-groupManagement] INFO  util.JmxRegister (JmxRegister.java:register(58)) - register mxBean class org.apache.ratis.server.impl.RaftServerJmxAdapter as Ratis:service=RaftServer,group=group-7209B67C767C,id=aa213937-adc5-47da-a770-0ee1e4664344
2025-10-16 19:47:27,461 [aa213937-adc5-47da-a770-0ee1e4664344-groupManagement] INFO  server.RaftServer$Division (RaftServerImpl.java:start(419)) - aa213937-adc5-47da-a770-0ee1e4664344@group-7209B67C767C: Successfully started.
2025-10-16 19:47:27,462 [aa213937-adc5-47da-a770-0ee1e4664344-CreatePipelineCommandHandlerThread-0] INFO  ratis.XceiverServerRatis (XceiverServerRatis.java:addGroup(839)) - Created group Pipeline-159a7077-bbc6-4ba6-a5f4-7209b67c767c
2025-10-16 19:47:27,462 [aa213937-adc5-47da-a770-0ee1e4664344-CreatePipelineCommandHandlerThread-0] INFO  commandhandler.CreatePipelineCommandHandler (CreatePipelineCommandHandler.java:lambda$handle$2(141)) - Created Pipeline RATIS ONE Pipeline-159a7077-bbc6-4ba6-a5f4-7209b67c767c.
2025-10-16 19:47:27,462 [aa213937-adc5-47da-a770-0ee1e4664344-CreatePipelineCommandHandlerThread-0] INFO  server.RaftServer (RaftServerProxy.java:addNew(105)) - aa213937-adc5-47da-a770-0ee1e4664344: addNew group-B5FE3E1435F4:[0428ab3f-efd5-438e-ae11-9ec242443260|127.0.0.1:15055, aa213937-adc5-47da-a770-0ee1e4664344|127.0.0.1:15039, 58cff6b7-b2a7-446b-a75a-bb98ad6b11b8|127.0.0.1:15047] returns group-B5FE3E1435F4:java.util.concurrent.CompletableFuture@1ba7e6f2[Not completed]
2025-10-16 19:47:27,464 [aa213937-adc5-47da-a770-0ee1e4664344-groupManagement] INFO  server.RaftServer$Division (RaftServerImpl.java:<init>(268)) - aa213937-adc5-47da-a770-0ee1e4664344: new RaftServerImpl for group-B5FE3E1435F4:[0428ab3f-efd5-438e-ae11-9ec242443260|127.0.0.1:15055, aa213937-adc5-47da-a770-0ee1e4664344|127.0.0.1:15039, 58cff6b7-b2a7-446b-a75a-bb98ad6b11b8|127.0.0.1:15047] with ContainerStateMachine:uninitialized
2025-10-16 19:47:27,464 [aa213937-adc5-47da-a770-0ee1e4664344-groupManagement] INFO  server.RaftServer$Division (ServerState.java:<init>(114)) - aa213937-adc5-47da-a770-0ee1e4664344@group-B5FE3E1435F4: ConfigurationManager, init=conf: {index: -1, cur=peers:[0428ab3f-efd5-438e-ae11-9ec242443260|127.0.0.1:15055, aa213937-adc5-47da-a770-0ee1e4664344|127.0.0.1:15039, 58cff6b7-b2a7-446b-a75a-bb98ad6b11b8|127.0.0.1:15047]|listeners:[], old=null}, confs=<EMPTY_MAP>
2025-10-16 19:47:27,472 [aa213937-adc5-47da-a770-0ee1e4664344-groupManagement] INFO  storage.RaftStorageDirectory (RaftStorageDirectoryImpl.java:analyzeStorage(138)) - The storage directory /home/runner/work/ozone/ozone/hadoop-ozone/integration-test/target/test-dir/MiniOzoneClusterImpl-e7911277-7775-4457-96c8-94071a26a1ce/ozone-metadata/datanode-4/ratis/89e8a9f4-f695-4aaa-9f83-b5fe3e1435f4 does not exist. Creating ...
2025-10-16 19:47:27,473 [aa213937-adc5-47da-a770-0ee1e4664344-groupManagement] INFO  storage.RaftStorageDirectory (RaftStorageDirectoryImpl.java:tryLock(229)) - Lock on /home/runner/work/ozone/ozone/hadoop-ozone/integration-test/target/test-dir/MiniOzoneClusterImpl-e7911277-7775-4457-96c8-94071a26a1ce/ozone-metadata/datanode-4/ratis/89e8a9f4-f695-4aaa-9f83-b5fe3e1435f4/in_use.lock acquired by nodename 40995@localhost
2025-10-16 19:47:27,474 [aa213937-adc5-47da-a770-0ee1e4664344-groupManagement] INFO  storage.RaftStorage (RaftStorageImpl.java:format(98)) - Storage directory /home/runner/work/ozone/ozone/hadoop-ozone/integration-test/target/test-dir/MiniOzoneClusterImpl-e7911277-7775-4457-96c8-94071a26a1ce/ozone-metadata/datanode-4/ratis/89e8a9f4-f695-4aaa-9f83-b5fe3e1435f4 has been successfully formatted.
2025-10-16 19:47:27,475 [aa213937-adc5-47da-a770-0ee1e4664344-groupManagement] INFO  ratis.ContainerStateMachine (ContainerStateMachine.java:initialize(339)) - aa213937-adc5-47da-a770-0ee1e4664344: initialize group-B5FE3E1435F4
2025-10-16 19:47:27,475 [aa213937-adc5-47da-a770-0ee1e4664344-groupManagement] INFO  ratis.ContainerStateMachine (ContainerStateMachine.java:loadSnapshot(347)) - group-B5FE3E1435F4: The snapshot info is null. Setting the last applied index to:<INITIAL_VALUE>
2025-10-16 19:47:27,475 [aa213937-adc5-47da-a770-0ee1e4664344-groupManagement] INFO  server.RaftServerConfigKeys (ConfUtils.java:logGet(62)) - raft.server.log.appender.buffer.byte-limit = 33554432 (custom)
2025-10-16 19:47:27,476 [EventQueue-PipelineReportForOneReplicaPipelineSafeModeRule] INFO  safemode.SCMSafeModeManager (SCMSafeModeManager.java:validateSafeModeExitRules(138)) - OneReplicaPipelineSafeModeRule rule is successfully validated
2025-10-16 19:47:27,476 | INFO  | SCMAudit | user=runner | ip=127.0.0.1 | op=SEND_HEARTBEAT {"datanodeUUID":"aa213937-adc5-47da-a770-0ee1e4664344","term":"2","command":"[]"} | ret=SUCCESS |  
2025-10-16 19:47:27,479 [aa213937-adc5-47da-a770-0ee1e4664344-groupManagement] INFO  server.RaftServerConfigKeys (ConfUtils.java:logGet(62)) - raft.server.log.segment.size.max = 67108864 (custom)
2025-10-16 19:47:27,480 [aa213937-adc5-47da-a770-0ee1e4664344-groupManagement] INFO  server.RaftServerConfigKeys (ConfUtils.java:logGet(62)) - raft.server.log.appender.buffer.byte-limit = 33554432 (custom)
2025-10-16 19:47:27,480 [aa213937-adc5-47da-a770-0ee1e4664344-groupManagement] INFO  util.AwaitToRun (AwaitToRun.java:start(81)) - Thread[#1528,aa213937-adc5-47da-a770-0ee1e4664344@group-B5FE3E1435F4-cacheEviction-AwaitToRun,5,main] started
2025-10-16 19:47:27,480 [aa213937-adc5-47da-a770-0ee1e4664344-groupManagement] INFO  segmented.SegmentedRaftLogWorker (SegmentedRaftLogWorker.java:<init>(190)) - new aa213937-adc5-47da-a770-0ee1e4664344@group-B5FE3E1435F4-SegmentedRaftLogWorker for RaftStorageImpl:Storage Directory /home/runner/work/ozone/ozone/hadoop-ozone/integration-test/target/test-dir/MiniOzoneClusterImpl-e7911277-7775-4457-96c8-94071a26a1ce/ozone-metadata/datanode-4/ratis/89e8a9f4-f695-4aaa-9f83-b5fe3e1435f4
2025-10-16 19:47:27,480 [aa213937-adc5-47da-a770-0ee1e4664344-groupManagement] INFO  server.RaftServerConfigKeys (ConfUtils.java:logGet(62)) - raft.server.log.queue.byte-limit = 4294967296 (custom)
2025-10-16 19:47:27,480 [aa213937-adc5-47da-a770-0ee1e4664344-groupManagement] INFO  server.RaftServerConfigKeys (ConfUtils.java:logGet(62)) - raft.server.log.segment.size.max = 67108864 (custom)
2025-10-16 19:47:27,481 [aa213937-adc5-47da-a770-0ee1e4664344-groupManagement] INFO  server.RaftServerConfigKeys (ConfUtils.java:logGet(62)) - raft.server.log.preallocated.size = 4194304 (custom)
2025-10-16 19:47:27,482 [aa213937-adc5-47da-a770-0ee1e4664344-groupManagement] INFO  server.RaftServerConfigKeys (ConfUtils.java:logGet(62)) - raft.server.log.write.buffer.size = 33554440 (custom)
2025-10-16 19:47:27,488 [aa213937-adc5-47da-a770-0ee1e4664344-groupManagement] INFO  server.RaftServerConfigKeys (ConfUtils.java:logGet(62)) - raft.server.log.appender.buffer.byte-limit = 33554432 (custom)
2025-10-16 19:47:27,489 [aa213937-adc5-47da-a770-0ee1e4664344-groupManagement] INFO  segmented.SegmentedRaftLogWorker (SegmentedRaftLogWorker.java:lambda$new$0(141)) - aa213937-adc5-47da-a770-0ee1e4664344@group-B5FE3E1435F4-SegmentedRaftLogWorker: flushIndex: setUnconditionally 0 -> -1
2025-10-16 19:47:27,489 [aa213937-adc5-47da-a770-0ee1e4664344-groupManagement] INFO  segmented.SegmentedRaftLogWorker (SegmentedRaftLogWorker.java:lambda$new$0(141)) - aa213937-adc5-47da-a770-0ee1e4664344@group-B5FE3E1435F4-SegmentedRaftLogWorker: safeCacheEvictIndex: setUnconditionally 0 -> -1
2025-10-16 19:47:27,490 [aa213937-adc5-47da-a770-0ee1e4664344-groupManagement] INFO  server.RaftServer$Division (RaftServerImpl.java:start(405)) - aa213937-adc5-47da-a770-0ee1e4664344@group-B5FE3E1435F4: start as a follower, conf=conf: {index: -1, cur=peers:[0428ab3f-efd5-438e-ae11-9ec242443260|127.0.0.1:15055, aa213937-adc5-47da-a770-0ee1e4664344|127.0.0.1:15039, 58cff6b7-b2a7-446b-a75a-bb98ad6b11b8|127.0.0.1:15047]|listeners:[], old=null}
2025-10-16 19:47:27,490 [aa213937-adc5-47da-a770-0ee1e4664344-groupManagement] INFO  server.RaftServer$Division (RaftServerImpl.java:setRole(392)) - aa213937-adc5-47da-a770-0ee1e4664344@group-B5FE3E1435F4: changes role from      null to FOLLOWER at term 0 for startAsFollower
2025-10-16 19:47:27,490 [aa213937-adc5-47da-a770-0ee1e4664344-groupManagement] INFO  impl.RoleInfo (RoleInfo.java:updateAndGet(148)) - aa213937-adc5-47da-a770-0ee1e4664344: start aa213937-adc5-47da-a770-0ee1e4664344@group-B5FE3E1435F4-FollowerState
2025-10-16 19:47:27,491 [aa213937-adc5-47da-a770-0ee1e4664344-groupManagement] INFO  util.JmxRegister (JmxRegister.java:tryRegister(44)) - Successfully registered JMX Bean with object name Ratis:service=RaftServer,group=group-B5FE3E1435F4,id=aa213937-adc5-47da-a770-0ee1e4664344
2025-10-16 19:47:27,491 [aa213937-adc5-47da-a770-0ee1e4664344-groupManagement] INFO  util.JmxRegister (JmxRegister.java:register(58)) - register mxBean class org.apache.ratis.server.impl.RaftServerJmxAdapter as Ratis:service=RaftServer,group=group-B5FE3E1435F4,id=aa213937-adc5-47da-a770-0ee1e4664344
2025-10-16 19:47:27,492 [aa213937-adc5-47da-a770-0ee1e4664344-groupManagement] INFO  server.RaftServer$Division (RaftServerImpl.java:start(419)) - aa213937-adc5-47da-a770-0ee1e4664344@group-B5FE3E1435F4: Successfully started.
2025-10-16 19:47:27,493 [aa213937-adc5-47da-a770-0ee1e4664344-CreatePipelineCommandHandlerThread-0] INFO  ratis.XceiverServerRatis (XceiverServerRatis.java:addGroup(839)) - Created group Pipeline-89e8a9f4-f695-4aaa-9f83-b5fe3e1435f4
2025-10-16 19:47:27,503 [grpc-default-executor-0] INFO  server.RaftServer (RaftServerProxy.java:addNew(105)) - 58cff6b7-b2a7-446b-a75a-bb98ad6b11b8: addNew group-B5FE3E1435F4:[0428ab3f-efd5-438e-ae11-9ec242443260|127.0.0.1:15055, aa213937-adc5-47da-a770-0ee1e4664344|127.0.0.1:15039, 58cff6b7-b2a7-446b-a75a-bb98ad6b11b8|127.0.0.1:15047] returns group-B5FE3E1435F4:java.util.concurrent.CompletableFuture@7e2cbb7b[Not completed]
2025-10-16 19:47:27,505 [58cff6b7-b2a7-446b-a75a-bb98ad6b11b8-groupManagement] INFO  server.RaftServer$Division (RaftServerImpl.java:<init>(268)) - 58cff6b7-b2a7-446b-a75a-bb98ad6b11b8: new RaftServerImpl for group-B5FE3E1435F4:[0428ab3f-efd5-438e-ae11-9ec242443260|127.0.0.1:15055, aa213937-adc5-47da-a770-0ee1e4664344|127.0.0.1:15039, 58cff6b7-b2a7-446b-a75a-bb98ad6b11b8|127.0.0.1:15047] with ContainerStateMachine:uninitialized
2025-10-16 19:47:27,505 [58cff6b7-b2a7-446b-a75a-bb98ad6b11b8-groupManagement] INFO  server.RaftServer$Division (ServerState.java:<init>(114)) - 58cff6b7-b2a7-446b-a75a-bb98ad6b11b8@group-B5FE3E1435F4: ConfigurationManager, init=conf: {index: -1, cur=peers:[0428ab3f-efd5-438e-ae11-9ec242443260|127.0.0.1:15055, aa213937-adc5-47da-a770-0ee1e4664344|127.0.0.1:15039, 58cff6b7-b2a7-446b-a75a-bb98ad6b11b8|127.0.0.1:15047]|listeners:[], old=null}, confs=<EMPTY_MAP>
2025-10-16 19:47:27,513 [58cff6b7-b2a7-446b-a75a-bb98ad6b11b8-groupManagement] INFO  server.RaftServerConfigKeys (ConfUtils.java:logGet(62)) - raft.server.storage.dir = [/home/runner/work/ozone/ozone/hadoop-ozone/integration-test/target/test-dir/MiniOzoneClusterImpl-e7911277-7775-4457-96c8-94071a26a1ce/ozone-metadata/datanode-5/ratis] (custom)
2025-10-16 19:47:27,513 [58cff6b7-b2a7-446b-a75a-bb98ad6b11b8-groupManagement] INFO  storage.RaftStorageDirectory (RaftStorageDirectoryImpl.java:analyzeStorage(138)) - The storage directory /home/runner/work/ozone/ozone/hadoop-ozone/integration-test/target/test-dir/MiniOzoneClusterImpl-e7911277-7775-4457-96c8-94071a26a1ce/ozone-metadata/datanode-5/ratis/89e8a9f4-f695-4aaa-9f83-b5fe3e1435f4 does not exist. Creating ...
2025-10-16 19:47:27,514 [58cff6b7-b2a7-446b-a75a-bb98ad6b11b8-groupManagement] INFO  storage.RaftStorageDirectory (RaftStorageDirectoryImpl.java:tryLock(229)) - Lock on /home/runner/work/ozone/ozone/hadoop-ozone/integration-test/target/test-dir/MiniOzoneClusterImpl-e7911277-7775-4457-96c8-94071a26a1ce/ozone-metadata/datanode-5/ratis/89e8a9f4-f695-4aaa-9f83-b5fe3e1435f4/in_use.lock acquired by nodename 40995@localhost
2025-10-16 19:47:27,516 [58cff6b7-b2a7-446b-a75a-bb98ad6b11b8-groupManagement] INFO  storage.RaftStorage (RaftStorageImpl.java:format(98)) - Storage directory /home/runner/work/ozone/ozone/hadoop-ozone/integration-test/target/test-dir/MiniOzoneClusterImpl-e7911277-7775-4457-96c8-94071a26a1ce/ozone-metadata/datanode-5/ratis/89e8a9f4-f695-4aaa-9f83-b5fe3e1435f4 has been successfully formatted.
2025-10-16 19:47:27,516 [58cff6b7-b2a7-446b-a75a-bb98ad6b11b8-groupManagement] INFO  ratis.ContainerStateMachine (ContainerStateMachine.java:initialize(339)) - 58cff6b7-b2a7-446b-a75a-bb98ad6b11b8: initialize group-B5FE3E1435F4
2025-10-16 19:47:27,516 [58cff6b7-b2a7-446b-a75a-bb98ad6b11b8-groupManagement] INFO  ratis.ContainerStateMachine (ContainerStateMachine.java:loadSnapshot(347)) - group-B5FE3E1435F4: The snapshot info is null. Setting the last applied index to:<INITIAL_VALUE>
2025-10-16 19:47:27,516 [58cff6b7-b2a7-446b-a75a-bb98ad6b11b8-groupManagement] INFO  server.RaftServerConfigKeys (ConfUtils.java:logGet(62)) - raft.server.log.appender.buffer.byte-limit = 33554432 (custom)
2025-10-16 19:47:27,520 [58cff6b7-b2a7-446b-a75a-bb98ad6b11b8-groupManagement] INFO  server.RaftServerConfigKeys (ConfUtils.java:logGet(62)) - raft.server.log.segment.size.max = 67108864 (custom)
2025-10-16 19:47:27,521 [58cff6b7-b2a7-446b-a75a-bb98ad6b11b8-groupManagement] INFO  server.RaftServerConfigKeys (ConfUtils.java:logGet(62)) - raft.server.log.appender.buffer.byte-limit = 33554432 (custom)
2025-10-16 19:47:27,521 [58cff6b7-b2a7-446b-a75a-bb98ad6b11b8-groupManagement] INFO  util.AwaitToRun (AwaitToRun.java:start(81)) - Thread[#1533,58cff6b7-b2a7-446b-a75a-bb98ad6b11b8@group-B5FE3E1435F4-cacheEviction-AwaitToRun,5,main] started
2025-10-16 19:47:27,521 [58cff6b7-b2a7-446b-a75a-bb98ad6b11b8-groupManagement] INFO  segmented.SegmentedRaftLogWorker (SegmentedRaftLogWorker.java:<init>(190)) - new 58cff6b7-b2a7-446b-a75a-bb98ad6b11b8@group-B5FE3E1435F4-SegmentedRaftLogWorker for RaftStorageImpl:Storage Directory /home/runner/work/ozone/ozone/hadoop-ozone/integration-test/target/test-dir/MiniOzoneClusterImpl-e7911277-7775-4457-96c8-94071a26a1ce/ozone-metadata/datanode-5/ratis/89e8a9f4-f695-4aaa-9f83-b5fe3e1435f4
2025-10-16 19:47:27,521 | INFO  | SCMAudit | user=runner | ip=127.0.0.1 | op=SEND_HEARTBEAT {"datanodeUUID":"58cff6b7-b2a7-446b-a75a-bb98ad6b11b8","term":"2","command":"[]"} | ret=SUCCESS |  
2025-10-16 19:47:27,521 [58cff6b7-b2a7-446b-a75a-bb98ad6b11b8-groupManagement] INFO  server.RaftServerConfigKeys (ConfUtils.java:logGet(62)) - raft.server.log.queue.byte-limit = 4294967296 (custom)
2025-10-16 19:47:27,521 [58cff6b7-b2a7-446b-a75a-bb98ad6b11b8-groupManagement] INFO  server.RaftServerConfigKeys (ConfUtils.java:logGet(62)) - raft.server.log.segment.size.max = 67108864 (custom)
2025-10-16 19:47:27,521 [58cff6b7-b2a7-446b-a75a-bb98ad6b11b8-groupManagement] INFO  server.RaftServerConfigKeys (ConfUtils.java:logGet(62)) - raft.server.log.preallocated.size = 4194304 (custom)
2025-10-16 19:47:27,522 [58cff6b7-b2a7-446b-a75a-bb98ad6b11b8-groupManagement] INFO  server.RaftServerConfigKeys (ConfUtils.java:logGet(62)) - raft.server.log.write.buffer.size = 33554440 (custom)
2025-10-16 19:47:27,523 [EventQueue-PipelineReportForOneReplicaPipelineSafeModeRule] INFO  safemode.SCMSafeModeManager (SCMSafeModeManager.java:validateSafeModeExitRules(138)) - OneReplicaPipelineSafeModeRule rule is successfully validated
2025-10-16 19:47:27,523 | INFO  | SCMAudit | user=runner | ip=127.0.0.1 | op=SEND_HEARTBEAT {"datanodeUUID":"e33e6ec4-6b66-4281-bedd-2bd75bd30070","term":"2","command":"[commandType: createPipelineCommand createPipelineCommandProto { pipelineID { id: \"0f5d8eba-274c-459f-b83c-897e3af5232b\" uuid128 { mostSigBits: 1107198013577381279 leastSigBits: -5171107096880143573 } } type: RATIS factor: ONE datanode { uuid: \"e33e6ec4-6b66-4281-bedd-2bd75bd30070\" ipAddress: \"127.0.0.1\" hostName: \"localhost\" ports { name: \"HTTP\" value: 15098 } ports { name: \"CLIENT_RPC\" value: 15099 } ports { name: \"REPLICATION\" value: 15105 } ports { name: \"RATIS\" value: 15101 } ports { name: \"RATIS_ADMIN\" value: 15102 } ports { name: \"RATIS_SERVER\" value: 15103 } ports { name: \"RATIS_DATASTREAM\" value: 15104 } ports { name: \"STANDALONE\" value: 15100 } networkName: \"e33e6ec4-6b66-4281-bedd-2bd75bd30070\" networkLocation: \"/default-rack\" persistedOpState: IN_SERVICE persistedOpStateExpiry: 0 currentVersion: 2 uuid128 { mostSigBits: -2072096988649340287 leastSigBits: -4693547032691670928 } level: 3 id { uuid { mostSigBits: -2072096988649340287 leastSigBits: -4693547032691670928 } } } cmdId: 1760644044143 priority: 1 } term: 2 encodedToken: \"\" deadlineMsSinceEpoch: 0, commandType: createPipelineCommand createPipelineCommandProto { pipelineID { id: \"a6d455ad-cb8f-42d4-aaf7-6ca5f15a0415\" uuid128 { mostSigBits: -6425416563417988396 leastSigBits: -6127309308039658475 } } type: RATIS factor: THREE datanode { uuid: \"702cb173-5c73-4ecc-b5cd-c7b4a6b66aea\" ipAddress: \"127.0.0.1\" hostName: \"localhost\" ports { name: \"HTTP\" value: 15090 } ports { name: \"CLIENT_RPC\" value: 15091 } ports { name: \"REPLICATION\" value: 15097 } ports { name: \"RATIS\" value: 15093 } ports { name: \"RATIS_ADMIN\" value: 15094 } ports { name: \"RATIS_SERVER\" value: 15095 } ports { name: \"RATIS_DATASTREAM\" value: 15096 } ports { name: \"STANDALONE\" value: 15092 } networkName: \"702cb173-5c73-4ecc-b5cd-c7b4a6b66aea\" networkLocation: \"/default-rack\" persistedOpState: IN_SERVICE persistedOpStateExpiry: 0 currentVersion: 2 uuid128 { mostSigBits: 8083030540253613772 leastSigBits: -5346397603913897238 } level: 3 id { uuid { mostSigBits: 8083030540253613772 leastSigBits: -5346397603913897238 } } } datanode { uuid: \"0e8b6cc7-9945-4141-97fc-6aa017a0d5fa\" ipAddress: \"127.0.0.1\" hostName: \"localhost\" ports { name: \"HTTP\" value: 15082 } ports { name: \"CLIENT_RPC\" value: 15083 } ports { name: \"REPLICATION\" value: 15089 } ports { name: \"RATIS\" value: 15085 } ports { name: \"RATIS_ADMIN\" value: 15086 } ports { name: \"RATIS_SERVER\" value: 15087 } ports { name: \"RATIS_DATASTREAM\" value: 15088 } ports { name: \"STANDALONE\" value: 15084 } networkName: \"0e8b6cc7-9945-4141-97fc-6aa017a0d5fa\" networkLocation: \"/default-rack\" persistedOpState: IN_SERVICE persistedOpStateExpiry: 0 currentVersion: 2 uuid128 { mostSigBits: 1048050942819516737 leastSigBits: -7494998444027619846 } level: 3 id { uuid { mostSigBits: 1048050942819516737 leastSigBits: -7494998444027619846 } } } datanode { uuid: \"e33e6ec4-6b66-4281-bedd-2bd75bd30070\" ipAddress: \"127.0.0.1\" hostName: \"localhost\" ports { name: \"HTTP\" value: 15098 } ports { name: \"CLIENT_RPC\" value: 15099 } ports { name: \"REPLICATION\" value: 15105 } ports { name: \"RATIS\" value: 15101 } ports { name: \"RATIS_ADMIN\" value: 15102 } ports { name: \"RATIS_SERVER\" value: 15103 } ports { name: \"RATIS_DATASTREAM\" value: 15104 } ports { name: \"STANDALONE\" value: 15100 } networkName: \"e33e6ec4-6b66-4281-bedd-2bd75bd30070\" networkLocation: \"/default-rack\" persistedOpState: IN_SERVICE persistedOpStateExpiry: 0 currentVersion: 2 uuid128 { mostSigBits: -2072096988649340287 leastSigBits: -4693547032691670928 } level: 3 id { uuid { mostSigBits: -2072096988649340287 leastSigBits: -4693547032691670928 } } } cmdId: 1760644044144 priority: 0 priority: 0 priority: 1 } term: 2 encodedToken: \"\" deadlineMsSinceEpoch: 0, commandType: createPipelineCommand createPipelineCommandProto { pipelineID { id: \"36270c74-4c8b-4dac-af71-cdbac21eb987\" uuid128 { mostSigBits: 3902101295779761580 leastSigBits: -5804632242699454073 } } type: RATIS factor: THREE datanode { uuid: \"0e8b6cc7-9945-4141-97fc-6aa017a0d5fa\" ipAddress: \"127.0.0.1\" hostName: \"localhost\" ports { name: \"HTTP\" value: 15082 } ports { name: \"CLIENT_RPC\" value: 15083 } ports { name: \"REPLICATION\" value: 15089 } ports { name: \"RATIS\" value: 15085 } ports { name: \"RATIS_ADMIN\" value: 15086 } ports { name: \"RATIS_SERVER\" value: 15087 } ports { name: \"RATIS_DATASTREAM\" value: 15088 } ports { name: \"STANDALONE\" value: 15084 } networkName: \"0e8b6cc7-9945-4141-97fc-6aa017a0d5fa\" networkLocation: \"/default-rack\" persistedOpState: IN_SERVICE persistedOpStateExpiry: 0 currentVersion: 2 uuid128 { mostSigBits: 1048050942819516737 leastSigBits: -7494998444027619846 } level: 3 id { uuid { mostSigBits: 1048050942819516737 leastSigBits: -7494998444027619846 } } } datanode { uuid: \"702cb173-5c73-4ecc-b5cd-c7b4a6b66aea\" ipAddress: \"127.0.0.1\" hostName: \"localhost\" ports { name: \"HTTP\" value: 15090 } ports { name: \"CLIENT_RPC\" value: 15091 } ports { name: \"REPLICATION\" value: 15097 } ports { name: \"RATIS\" value: 15093 } ports { name: \"RATIS_ADMIN\" value: 15094 } ports { name: \"RATIS_SERVER\" value: 15095 } ports { name: \"RATIS_DATASTREAM\" value: 15096 } ports { name: \"STANDALONE\" value: 15092 } networkName: \"702cb173-5c73-4ecc-b5cd-c7b4a6b66aea\" networkLocation: \"/default-rack\" persistedOpState: IN_SERVICE persistedOpStateExpiry: 0 currentVersion: 2 uuid128 { mostSigBits: 8083030540253613772 leastSigBits: -5346397603913897238 } level: 3 id { uuid { mostSigBits: 8083030540253613772 leastSigBits: -5346397603913897238 } } } datanode { uuid: \"e33e6ec4-6b66-4281-bedd-2bd75bd30070\" ipAddress: \"127.0.0.1\" hostName: \"localhost\" ports { name: \"HTTP\" value: 15098 } ports { name: \"CLIENT_RPC\" value: 15099 } ports { name: \"REPLICATION\" value: 15105 } ports { name: \"RATIS\" value: 15101 } ports { name: \"RATIS_ADMIN\" value: 15102 } ports { name: \"RATIS_SERVER\" value: 15103 } ports { name: \"RATIS_DATASTREAM\" value: 15104 } ports { name: \"STANDALONE\" value: 15100 } networkName: \"e33e6ec4-6b66-4281-bedd-2bd75bd30070\" networkLocation: \"/default-rack\" persistedOpState: IN_SERVICE persistedOpStateExpiry: 0 currentVersion: 2 uuid128 { mostSigBits: -2072096988649340287 leastSigBits: -4693547032691670928 } level: 3 id { uuid { mostSigBits: -2072096988649340287 leastSigBits: -4693547032691670928 } } } cmdId: 1760644044145 priority: 0 priority: 1 priority: 0 } term: 2 encodedToken: \"\" deadlineMsSinceEpoch: 0]"} | ret=SUCCESS |  
2025-10-16 19:47:27,529 [58cff6b7-b2a7-446b-a75a-bb98ad6b11b8-groupManagement] INFO  server.RaftServerConfigKeys (ConfUtils.java:logGet(62)) - raft.server.log.appender.buffer.byte-limit = 33554432 (custom)
2025-10-16 19:47:27,530 [58cff6b7-b2a7-446b-a75a-bb98ad6b11b8-groupManagement] INFO  segmented.SegmentedRaftLogWorker (SegmentedRaftLogWorker.java:lambda$new$0(141)) - 58cff6b7-b2a7-446b-a75a-bb98ad6b11b8@group-B5FE3E1435F4-SegmentedRaftLogWorker: flushIndex: setUnconditionally 0 -> -1
2025-10-16 19:47:27,530 [58cff6b7-b2a7-446b-a75a-bb98ad6b11b8-groupManagement] INFO  segmented.SegmentedRaftLogWorker (SegmentedRaftLogWorker.java:lambda$new$0(141)) - 58cff6b7-b2a7-446b-a75a-bb98ad6b11b8@group-B5FE3E1435F4-SegmentedRaftLogWorker: safeCacheEvictIndex: setUnconditionally 0 -> -1
2025-10-16 19:47:27,530 [58cff6b7-b2a7-446b-a75a-bb98ad6b11b8-groupManagement] INFO  server.RaftServer$Division (RaftServerImpl.java:start(405)) - 58cff6b7-b2a7-446b-a75a-bb98ad6b11b8@group-B5FE3E1435F4: start as a follower, conf=conf: {index: -1, cur=peers:[0428ab3f-efd5-438e-ae11-9ec242443260|127.0.0.1:15055, aa213937-adc5-47da-a770-0ee1e4664344|127.0.0.1:15039, 58cff6b7-b2a7-446b-a75a-bb98ad6b11b8|127.0.0.1:15047]|listeners:[], old=null}
2025-10-16 19:47:27,530 [58cff6b7-b2a7-446b-a75a-bb98ad6b11b8-groupManagement] INFO  server.RaftServer$Division (RaftServerImpl.java:setRole(392)) - 58cff6b7-b2a7-446b-a75a-bb98ad6b11b8@group-B5FE3E1435F4: changes role from      null to FOLLOWER at term 0 for startAsFollower
2025-10-16 19:47:27,530 [58cff6b7-b2a7-446b-a75a-bb98ad6b11b8-groupManagement] INFO  impl.RoleInfo (RoleInfo.java:updateAndGet(148)) - 58cff6b7-b2a7-446b-a75a-bb98ad6b11b8: start 58cff6b7-b2a7-446b-a75a-bb98ad6b11b8@group-B5FE3E1435F4-FollowerState
2025-10-16 19:47:27,531 [58cff6b7-b2a7-446b-a75a-bb98ad6b11b8-groupManagement] INFO  util.JmxRegister (JmxRegister.java:tryRegister(44)) - Successfully registered JMX Bean with object name Ratis:service=RaftServer,group=group-B5FE3E1435F4,id=58cff6b7-b2a7-446b-a75a-bb98ad6b11b8
2025-10-16 19:47:27,532 [58cff6b7-b2a7-446b-a75a-bb98ad6b11b8-groupManagement] INFO  util.JmxRegister (JmxRegister.java:register(58)) - register mxBean class org.apache.ratis.server.impl.RaftServerJmxAdapter as Ratis:service=RaftServer,group=group-B5FE3E1435F4,id=58cff6b7-b2a7-446b-a75a-bb98ad6b11b8
2025-10-16 19:47:27,533 [58cff6b7-b2a7-446b-a75a-bb98ad6b11b8-groupManagement] INFO  server.RaftServer$Division (RaftServerImpl.java:start(419)) - 58cff6b7-b2a7-446b-a75a-bb98ad6b11b8@group-B5FE3E1435F4: Successfully started.
2025-10-16 19:47:27,536 | INFO  | SCMAudit | user=runner | ip=127.0.0.1 | op=SEND_HEARTBEAT {"datanodeUUID":"76d4ba71-5bbb-4b24-8f51-8bc7f78aaca4","term":"2","command":"[]"} | ret=SUCCESS |  
2025-10-16 19:47:27,548 [grpc-default-executor-0] INFO  server.RaftServer (RaftServerProxy.java:addNew(105)) - 0428ab3f-efd5-438e-ae11-9ec242443260: addNew group-B5FE3E1435F4:[0428ab3f-efd5-438e-ae11-9ec242443260|127.0.0.1:15055, aa213937-adc5-47da-a770-0ee1e4664344|127.0.0.1:15039, 58cff6b7-b2a7-446b-a75a-bb98ad6b11b8|127.0.0.1:15047] returns group-B5FE3E1435F4:java.util.concurrent.CompletableFuture@38d0acc9[Not completed]
2025-10-16 19:47:27,550 [0428ab3f-efd5-438e-ae11-9ec242443260-groupManagement] INFO  server.RaftServer$Division (RaftServerImpl.java:<init>(268)) - 0428ab3f-efd5-438e-ae11-9ec242443260: new RaftServerImpl for group-B5FE3E1435F4:[0428ab3f-efd5-438e-ae11-9ec242443260|127.0.0.1:15055, aa213937-adc5-47da-a770-0ee1e4664344|127.0.0.1:15039, 58cff6b7-b2a7-446b-a75a-bb98ad6b11b8|127.0.0.1:15047] with ContainerStateMachine:uninitialized
2025-10-16 19:47:27,551 [0428ab3f-efd5-438e-ae11-9ec242443260-groupManagement] INFO  server.RaftServer$Division (ServerState.java:<init>(114)) - 0428ab3f-efd5-438e-ae11-9ec242443260@group-B5FE3E1435F4: ConfigurationManager, init=conf: {index: -1, cur=peers:[0428ab3f-efd5-438e-ae11-9ec242443260|127.0.0.1:15055, aa213937-adc5-47da-a770-0ee1e4664344|127.0.0.1:15039, 58cff6b7-b2a7-446b-a75a-bb98ad6b11b8|127.0.0.1:15047]|listeners:[], old=null}, confs=<EMPTY_MAP>
2025-10-16 19:47:27,558 [0428ab3f-efd5-438e-ae11-9ec242443260-groupManagement] INFO  server.RaftServerConfigKeys (ConfUtils.java:logGet(62)) - raft.server.storage.dir = [/home/runner/work/ozone/ozone/hadoop-ozone/integration-test/target/test-dir/MiniOzoneClusterImpl-e7911277-7775-4457-96c8-94071a26a1ce/ozone-metadata/datanode-6/ratis] (custom)
2025-10-16 19:47:27,558 [0428ab3f-efd5-438e-ae11-9ec242443260-groupManagement] INFO  storage.RaftStorageDirectory (RaftStorageDirectoryImpl.java:analyzeStorage(138)) - The storage directory /home/runner/work/ozone/ozone/hadoop-ozone/integration-test/target/test-dir/MiniOzoneClusterImpl-e7911277-7775-4457-96c8-94071a26a1ce/ozone-metadata/datanode-6/ratis/89e8a9f4-f695-4aaa-9f83-b5fe3e1435f4 does not exist. Creating ...
2025-10-16 19:47:27,560 [0428ab3f-efd5-438e-ae11-9ec242443260-groupManagement] INFO  storage.RaftStorageDirectory (RaftStorageDirectoryImpl.java:tryLock(229)) - Lock on /home/runner/work/ozone/ozone/hadoop-ozone/integration-test/target/test-dir/MiniOzoneClusterImpl-e7911277-7775-4457-96c8-94071a26a1ce/ozone-metadata/datanode-6/ratis/89e8a9f4-f695-4aaa-9f83-b5fe3e1435f4/in_use.lock acquired by nodename 40995@localhost
2025-10-16 19:47:27,561 [0428ab3f-efd5-438e-ae11-9ec242443260-groupManagement] INFO  storage.RaftStorage (RaftStorageImpl.java:format(98)) - Storage directory /home/runner/work/ozone/ozone/hadoop-ozone/integration-test/target/test-dir/MiniOzoneClusterImpl-e7911277-7775-4457-96c8-94071a26a1ce/ozone-metadata/datanode-6/ratis/89e8a9f4-f695-4aaa-9f83-b5fe3e1435f4 has been successfully formatted.
2025-10-16 19:47:27,562 [0428ab3f-efd5-438e-ae11-9ec242443260-groupManagement] INFO  ratis.ContainerStateMachine (ContainerStateMachine.java:initialize(339)) - 0428ab3f-efd5-438e-ae11-9ec242443260: initialize group-B5FE3E1435F4
2025-10-16 19:47:27,562 [0428ab3f-efd5-438e-ae11-9ec242443260-groupManagement] INFO  ratis.ContainerStateMachine (ContainerStateMachine.java:loadSnapshot(347)) - group-B5FE3E1435F4: The snapshot info is null. Setting the last applied index to:<INITIAL_VALUE>
2025-10-16 19:47:27,562 [0428ab3f-efd5-438e-ae11-9ec242443260-groupManagement] INFO  server.RaftServerConfigKeys (ConfUtils.java:logGet(62)) - raft.server.log.appender.buffer.byte-limit = 33554432 (custom)
2025-10-16 19:47:27,581 [0428ab3f-efd5-438e-ae11-9ec242443260-groupManagement] INFO  server.RaftServerConfigKeys (ConfUtils.java:logGet(62)) - raft.server.log.segment.size.max = 67108864 (custom)
2025-10-16 19:47:27,582 [EventQueue-PipelineReportForOneReplicaPipelineSafeModeRule] INFO  safemode.SCMSafeModeManager (SCMSafeModeManager.java:validateSafeModeExitRules(138)) - OneReplicaPipelineSafeModeRule rule is successfully validated
2025-10-16 19:47:27,583 | INFO  | SCMAudit | user=runner | ip=127.0.0.1 | op=SEND_HEARTBEAT {"datanodeUUID":"0428ab3f-efd5-438e-ae11-9ec242443260","term":"2","command":"[]"} | ret=SUCCESS |  
2025-10-16 19:47:27,584 [0428ab3f-efd5-438e-ae11-9ec242443260-groupManagement] INFO  server.RaftServerConfigKeys (ConfUtils.java:logGet(62)) - raft.server.log.appender.buffer.byte-limit = 33554432 (custom)
2025-10-16 19:47:27,586 [0428ab3f-efd5-438e-ae11-9ec242443260-groupManagement] INFO  util.AwaitToRun (AwaitToRun.java:start(81)) - Thread[#1541,0428ab3f-efd5-438e-ae11-9ec242443260@group-B5FE3E1435F4-cacheEviction-AwaitToRun,5,main] started
2025-10-16 19:47:27,586 [0428ab3f-efd5-438e-ae11-9ec242443260-groupManagement] INFO  segmented.SegmentedRaftLogWorker (SegmentedRaftLogWorker.java:<init>(190)) - new 0428ab3f-efd5-438e-ae11-9ec242443260@group-B5FE3E1435F4-SegmentedRaftLogWorker for RaftStorageImpl:Storage Directory /home/runner/work/ozone/ozone/hadoop-ozone/integration-test/target/test-dir/MiniOzoneClusterImpl-e7911277-7775-4457-96c8-94071a26a1ce/ozone-metadata/datanode-6/ratis/89e8a9f4-f695-4aaa-9f83-b5fe3e1435f4
2025-10-16 19:47:27,587 [0428ab3f-efd5-438e-ae11-9ec242443260-groupManagement] INFO  server.RaftServerConfigKeys (ConfUtils.java:logGet(62)) - raft.server.log.queue.byte-limit = 4294967296 (custom)
2025-10-16 19:47:27,587 [0428ab3f-efd5-438e-ae11-9ec242443260-groupManagement] INFO  server.RaftServerConfigKeys (ConfUtils.java:logGet(62)) - raft.server.log.segment.size.max = 67108864 (custom)
2025-10-16 19:47:27,587 [0428ab3f-efd5-438e-ae11-9ec242443260-groupManagement] INFO  server.RaftServerConfigKeys (ConfUtils.java:logGet(62)) - raft.server.log.preallocated.size = 4194304 (custom)
2025-10-16 19:47:27,587 [0428ab3f-efd5-438e-ae11-9ec242443260-groupManagement] INFO  server.RaftServerConfigKeys (ConfUtils.java:logGet(62)) - raft.server.log.write.buffer.size = 33554440 (custom)
2025-10-16 19:47:27,593 [0428ab3f-efd5-438e-ae11-9ec242443260-groupManagement] INFO  server.RaftServerConfigKeys (ConfUtils.java:logGet(62)) - raft.server.log.appender.buffer.byte-limit = 33554432 (custom)
2025-10-16 19:47:27,593 [0428ab3f-efd5-438e-ae11-9ec242443260-groupManagement] INFO  segmented.SegmentedRaftLogWorker (SegmentedRaftLogWorker.java:lambda$new$0(141)) - 0428ab3f-efd5-438e-ae11-9ec242443260@group-B5FE3E1435F4-SegmentedRaftLogWorker: flushIndex: setUnconditionally 0 -> -1
2025-10-16 19:47:27,594 [0428ab3f-efd5-438e-ae11-9ec242443260-groupManagement] INFO  segmented.SegmentedRaftLogWorker (SegmentedRaftLogWorker.java:lambda$new$0(141)) - 0428ab3f-efd5-438e-ae11-9ec242443260@group-B5FE3E1435F4-SegmentedRaftLogWorker: safeCacheEvictIndex: setUnconditionally 0 -> -1
2025-10-16 19:47:27,594 [0428ab3f-efd5-438e-ae11-9ec242443260-groupManagement] INFO  server.RaftServer$Division (RaftServerImpl.java:start(405)) - 0428ab3f-efd5-438e-ae11-9ec242443260@group-B5FE3E1435F4: start as a follower, conf=conf: {index: -1, cur=peers:[0428ab3f-efd5-438e-ae11-9ec242443260|127.0.0.1:15055, aa213937-adc5-47da-a770-0ee1e4664344|127.0.0.1:15039, 58cff6b7-b2a7-446b-a75a-bb98ad6b11b8|127.0.0.1:15047]|listeners:[], old=null}
2025-10-16 19:47:27,594 [0428ab3f-efd5-438e-ae11-9ec242443260-groupManagement] INFO  server.RaftServer$Division (RaftServerImpl.java:setRole(392)) - 0428ab3f-efd5-438e-ae11-9ec242443260@group-B5FE3E1435F4: changes role from      null to FOLLOWER at term 0 for startAsFollower
2025-10-16 19:47:27,594 [0428ab3f-efd5-438e-ae11-9ec242443260-groupManagement] INFO  impl.RoleInfo (RoleInfo.java:updateAndGet(148)) - 0428ab3f-efd5-438e-ae11-9ec242443260: start 0428ab3f-efd5-438e-ae11-9ec242443260@group-B5FE3E1435F4-FollowerState
2025-10-16 19:47:27,595 [0428ab3f-efd5-438e-ae11-9ec242443260-groupManagement] INFO  util.JmxRegister (JmxRegister.java:tryRegister(44)) - Successfully registered JMX Bean with object name Ratis:service=RaftServer,group=group-B5FE3E1435F4,id=0428ab3f-efd5-438e-ae11-9ec242443260
2025-10-16 19:47:27,595 [0428ab3f-efd5-438e-ae11-9ec242443260-groupManagement] INFO  util.JmxRegister (JmxRegister.java:register(58)) - register mxBean class org.apache.ratis.server.impl.RaftServerJmxAdapter as Ratis:service=RaftServer,group=group-B5FE3E1435F4,id=0428ab3f-efd5-438e-ae11-9ec242443260
2025-10-16 19:47:27,597 [0428ab3f-efd5-438e-ae11-9ec242443260-groupManagement] INFO  server.RaftServer$Division (RaftServerImpl.java:start(419)) - 0428ab3f-efd5-438e-ae11-9ec242443260@group-B5FE3E1435F4: Successfully started.
2025-10-16 19:47:27,602 [aa213937-adc5-47da-a770-0ee1e4664344-CreatePipelineCommandHandlerThread-0] INFO  commandhandler.CreatePipelineCommandHandler (CreatePipelineCommandHandler.java:lambda$handle$2(141)) - Created Pipeline RATIS THREE Pipeline-89e8a9f4-f695-4aaa-9f83-b5fe3e1435f4.
2025-10-16 19:47:27,603 [aa213937-adc5-47da-a770-0ee1e4664344-CreatePipelineCommandHandlerThread-0] INFO  server.RaftServer (RaftServerProxy.java:addNew(105)) - aa213937-adc5-47da-a770-0ee1e4664344: addNew group-8C9103A5E9B1:[0428ab3f-efd5-438e-ae11-9ec242443260|127.0.0.1:15055, aa213937-adc5-47da-a770-0ee1e4664344|127.0.0.1:15039, 58cff6b7-b2a7-446b-a75a-bb98ad6b11b8|127.0.0.1:15047] returns group-8C9103A5E9B1:java.util.concurrent.CompletableFuture@6ff3a133[Not completed]
2025-10-16 19:47:27,605 [aa213937-adc5-47da-a770-0ee1e4664344-groupManagement] INFO  server.RaftServer$Division (RaftServerImpl.java:<init>(268)) - aa213937-adc5-47da-a770-0ee1e4664344: new RaftServerImpl for group-8C9103A5E9B1:[0428ab3f-efd5-438e-ae11-9ec242443260|127.0.0.1:15055, aa213937-adc5-47da-a770-0ee1e4664344|127.0.0.1:15039, 58cff6b7-b2a7-446b-a75a-bb98ad6b11b8|127.0.0.1:15047] with ContainerStateMachine:uninitialized
2025-10-16 19:47:27,605 [aa213937-adc5-47da-a770-0ee1e4664344-groupManagement] INFO  server.RaftServer$Division (ServerState.java:<init>(114)) - aa213937-adc5-47da-a770-0ee1e4664344@group-8C9103A5E9B1: ConfigurationManager, init=conf: {index: -1, cur=peers:[0428ab3f-efd5-438e-ae11-9ec242443260|127.0.0.1:15055, aa213937-adc5-47da-a770-0ee1e4664344|127.0.0.1:15039, 58cff6b7-b2a7-446b-a75a-bb98ad6b11b8|127.0.0.1:15047]|listeners:[], old=null}, confs=<EMPTY_MAP>
2025-10-16 19:47:27,610 [aa213937-adc5-47da-a770-0ee1e4664344-groupManagement] INFO  server.RaftServerConfigKeys (ConfUtils.java:logGet(62)) - raft.server.storage.dir = [/home/runner/work/ozone/ozone/hadoop-ozone/integration-test/target/test-dir/MiniOzoneClusterImpl-e7911277-7775-4457-96c8-94071a26a1ce/ozone-metadata/datanode-4/ratis] (custom)
2025-10-16 19:47:27,611 [aa213937-adc5-47da-a770-0ee1e4664344-groupManagement] INFO  storage.RaftStorageDirectory (RaftStorageDirectoryImpl.java:analyzeStorage(138)) - The storage directory /home/runner/work/ozone/ozone/hadoop-ozone/integration-test/target/test-dir/MiniOzoneClusterImpl-e7911277-7775-4457-96c8-94071a26a1ce/ozone-metadata/datanode-4/ratis/3eff9fe2-c62c-48a6-bb56-8c9103a5e9b1 does not exist. Creating ...
2025-10-16 19:47:27,611 [aa213937-adc5-47da-a770-0ee1e4664344-groupManagement] INFO  storage.RaftStorageDirectory (RaftStorageDirectoryImpl.java:tryLock(229)) - Lock on /home/runner/work/ozone/ozone/hadoop-ozone/integration-test/target/test-dir/MiniOzoneClusterImpl-e7911277-7775-4457-96c8-94071a26a1ce/ozone-metadata/datanode-4/ratis/3eff9fe2-c62c-48a6-bb56-8c9103a5e9b1/in_use.lock acquired by nodename 40995@localhost
2025-10-16 19:47:27,613 [aa213937-adc5-47da-a770-0ee1e4664344-groupManagement] INFO  storage.RaftStorage (RaftStorageImpl.java:format(98)) - Storage directory /home/runner/work/ozone/ozone/hadoop-ozone/integration-test/target/test-dir/MiniOzoneClusterImpl-e7911277-7775-4457-96c8-94071a26a1ce/ozone-metadata/datanode-4/ratis/3eff9fe2-c62c-48a6-bb56-8c9103a5e9b1 has been successfully formatted.
2025-10-16 19:47:27,613 [aa213937-adc5-47da-a770-0ee1e4664344-groupManagement] INFO  ratis.ContainerStateMachine (ContainerStateMachine.java:initialize(339)) - aa213937-adc5-47da-a770-0ee1e4664344: initialize group-8C9103A5E9B1
2025-10-16 19:47:27,613 [aa213937-adc5-47da-a770-0ee1e4664344-groupManagement] INFO  ratis.ContainerStateMachine (ContainerStateMachine.java:loadSnapshot(347)) - group-8C9103A5E9B1: The snapshot info is null. Setting the last applied index to:<INITIAL_VALUE>
2025-10-16 19:47:27,613 [aa213937-adc5-47da-a770-0ee1e4664344-groupManagement] INFO  server.RaftServerConfigKeys (ConfUtils.java:logGet(62)) - raft.server.log.appender.buffer.byte-limit = 33554432 (custom)
2025-10-16 19:47:27,615 [EventQueue-PipelineReportForOneReplicaPipelineSafeModeRule] INFO  safemode.SCMSafeModeManager (SCMSafeModeManager.java:validateSafeModeExitRules(138)) - OneReplicaPipelineSafeModeRule rule is successfully validated
2025-10-16 19:47:27,615 | INFO  | SCMAudit | user=runner | ip=127.0.0.1 | op=SEND_HEARTBEAT {"datanodeUUID":"aa213937-adc5-47da-a770-0ee1e4664344","term":"2","command":"[]"} | ret=SUCCESS |  
2025-10-16 19:47:27,616 [aa213937-adc5-47da-a770-0ee1e4664344-groupManagement] INFO  server.RaftServerConfigKeys (ConfUtils.java:logGet(62)) - raft.server.log.segment.size.max = 67108864 (custom)
2025-10-16 19:47:27,616 [aa213937-adc5-47da-a770-0ee1e4664344-groupManagement] INFO  server.RaftServerConfigKeys (ConfUtils.java:logGet(62)) - raft.server.log.appender.buffer.byte-limit = 33554432 (custom)
2025-10-16 19:47:27,617 [aa213937-adc5-47da-a770-0ee1e4664344-groupManagement] INFO  util.AwaitToRun (AwaitToRun.java:start(81)) - Thread[#1548,aa213937-adc5-47da-a770-0ee1e4664344@group-8C9103A5E9B1-cacheEviction-AwaitToRun,5,main] started
2025-10-16 19:47:27,617 [aa213937-adc5-47da-a770-0ee1e4664344-groupManagement] INFO  segmented.SegmentedRaftLogWorker (SegmentedRaftLogWorker.java:<init>(190)) - new aa213937-adc5-47da-a770-0ee1e4664344@group-8C9103A5E9B1-SegmentedRaftLogWorker for RaftStorageImpl:Storage Directory /home/runner/work/ozone/ozone/hadoop-ozone/integration-test/target/test-dir/MiniOzoneClusterImpl-e7911277-7775-4457-96c8-94071a26a1ce/ozone-metadata/datanode-4/ratis/3eff9fe2-c62c-48a6-bb56-8c9103a5e9b1
2025-10-16 19:47:27,617 [aa213937-adc5-47da-a770-0ee1e4664344-groupManagement] INFO  server.RaftServerConfigKeys (ConfUtils.java:logGet(62)) - raft.server.log.queue.byte-limit = 4294967296 (custom)
2025-10-16 19:47:27,617 [aa213937-adc5-47da-a770-0ee1e4664344-groupManagement] INFO  server.RaftServerConfigKeys (ConfUtils.java:logGet(62)) - raft.server.log.segment.size.max = 67108864 (custom)
2025-10-16 19:47:27,617 [aa213937-adc5-47da-a770-0ee1e4664344-groupManagement] INFO  server.RaftServerConfigKeys (ConfUtils.java:logGet(62)) - raft.server.log.preallocated.size = 4194304 (custom)
2025-10-16 19:47:27,618 [aa213937-adc5-47da-a770-0ee1e4664344-groupManagement] INFO  server.RaftServerConfigKeys (ConfUtils.java:logGet(62)) - raft.server.log.write.buffer.size = 33554440 (custom)
2025-10-16 19:47:27,623 [aa213937-adc5-47da-a770-0ee1e4664344-groupManagement] INFO  server.RaftServerConfigKeys (ConfUtils.java:logGet(62)) - raft.server.log.appender.buffer.byte-limit = 33554432 (custom)
2025-10-16 19:47:27,624 [aa213937-adc5-47da-a770-0ee1e4664344-groupManagement] INFO  segmented.SegmentedRaftLogWorker (SegmentedRaftLogWorker.java:lambda$new$0(141)) - aa213937-adc5-47da-a770-0ee1e4664344@group-8C9103A5E9B1-SegmentedRaftLogWorker: flushIndex: setUnconditionally 0 -> -1
2025-10-16 19:47:27,624 [aa213937-adc5-47da-a770-0ee1e4664344-groupManagement] INFO  segmented.SegmentedRaftLogWorker (SegmentedRaftLogWorker.java:lambda$new$0(141)) - aa213937-adc5-47da-a770-0ee1e4664344@group-8C9103A5E9B1-SegmentedRaftLogWorker: safeCacheEvictIndex: setUnconditionally 0 -> -1
2025-10-16 19:47:27,625 [aa213937-adc5-47da-a770-0ee1e4664344-groupManagement] INFO  server.RaftServer$Division (RaftServerImpl.java:start(405)) - aa213937-adc5-47da-a770-0ee1e4664344@group-8C9103A5E9B1: start as a follower, conf=conf: {index: -1, cur=peers:[0428ab3f-efd5-438e-ae11-9ec242443260|127.0.0.1:15055, aa213937-adc5-47da-a770-0ee1e4664344|127.0.0.1:15039, 58cff6b7-b2a7-446b-a75a-bb98ad6b11b8|127.0.0.1:15047]|listeners:[], old=null}
2025-10-16 19:47:27,625 [aa213937-adc5-47da-a770-0ee1e4664344-groupManagement] INFO  server.RaftServer$Division (RaftServerImpl.java:setRole(392)) - aa213937-adc5-47da-a770-0ee1e4664344@group-8C9103A5E9B1: changes role from      null to FOLLOWER at term 0 for startAsFollower
2025-10-16 19:47:27,625 [aa213937-adc5-47da-a770-0ee1e4664344-groupManagement] INFO  impl.RoleInfo (RoleInfo.java:updateAndGet(148)) - aa213937-adc5-47da-a770-0ee1e4664344: start aa213937-adc5-47da-a770-0ee1e4664344@group-8C9103A5E9B1-FollowerState
2025-10-16 19:47:27,625 [aa213937-adc5-47da-a770-0ee1e4664344-groupManagement] INFO  util.JmxRegister (JmxRegister.java:tryRegister(44)) - Successfully registered JMX Bean with object name Ratis:service=RaftServer,group=group-8C9103A5E9B1,id=aa213937-adc5-47da-a770-0ee1e4664344
2025-10-16 19:47:27,626 [aa213937-adc5-47da-a770-0ee1e4664344-groupManagement] INFO  util.JmxRegister (JmxRegister.java:register(58)) - register mxBean class org.apache.ratis.server.impl.RaftServerJmxAdapter as Ratis:service=RaftServer,group=group-8C9103A5E9B1,id=aa213937-adc5-47da-a770-0ee1e4664344
2025-10-16 19:47:27,627 [aa213937-adc5-47da-a770-0ee1e4664344-groupManagement] INFO  server.RaftServer$Division (RaftServerImpl.java:start(419)) - aa213937-adc5-47da-a770-0ee1e4664344@group-8C9103A5E9B1: Successfully started.
2025-10-16 19:47:27,627 [aa213937-adc5-47da-a770-0ee1e4664344-CreatePipelineCommandHandlerThread-0] INFO  ratis.XceiverServerRatis (XceiverServerRatis.java:addGroup(839)) - Created group Pipeline-3eff9fe2-c62c-48a6-bb56-8c9103a5e9b1
2025-10-16 19:47:27,635 [grpc-default-executor-0] INFO  server.RaftServer (RaftServerProxy.java:addNew(105)) - 58cff6b7-b2a7-446b-a75a-bb98ad6b11b8: addNew group-8C9103A5E9B1:[0428ab3f-efd5-438e-ae11-9ec242443260|127.0.0.1:15055, aa213937-adc5-47da-a770-0ee1e4664344|127.0.0.1:15039, 58cff6b7-b2a7-446b-a75a-bb98ad6b11b8|127.0.0.1:15047] returns group-8C9103A5E9B1:java.util.concurrent.CompletableFuture@61f50698[Not completed]
2025-10-16 19:47:27,637 [58cff6b7-b2a7-446b-a75a-bb98ad6b11b8-groupManagement] INFO  server.RaftServer$Division (RaftServerImpl.java:<init>(268)) - 58cff6b7-b2a7-446b-a75a-bb98ad6b11b8: new RaftServerImpl for group-8C9103A5E9B1:[0428ab3f-efd5-438e-ae11-9ec242443260|127.0.0.1:15055, aa213937-adc5-47da-a770-0ee1e4664344|127.0.0.1:15039, 58cff6b7-b2a7-446b-a75a-bb98ad6b11b8|127.0.0.1:15047] with ContainerStateMachine:uninitialized
2025-10-16 19:47:27,637 [58cff6b7-b2a7-446b-a75a-bb98ad6b11b8-groupManagement] INFO  server.RaftServer$Division (ServerState.java:<init>(114)) - 58cff6b7-b2a7-446b-a75a-bb98ad6b11b8@group-8C9103A5E9B1: ConfigurationManager, init=conf: {index: -1, cur=peers:[0428ab3f-efd5-438e-ae11-9ec242443260|127.0.0.1:15055, aa213937-adc5-47da-a770-0ee1e4664344|127.0.0.1:15039, 58cff6b7-b2a7-446b-a75a-bb98ad6b11b8|127.0.0.1:15047]|listeners:[], old=null}, confs=<EMPTY_MAP>
2025-10-16 19:47:27,643 [58cff6b7-b2a7-446b-a75a-bb98ad6b11b8-groupManagement] INFO  server.RaftServerConfigKeys (ConfUtils.java:logGet(62)) - raft.server.storage.dir = [/home/runner/work/ozone/ozone/hadoop-ozone/integration-test/target/test-dir/MiniOzoneClusterImpl-e7911277-7775-4457-96c8-94071a26a1ce/ozone-metadata/datanode-5/ratis] (custom)
2025-10-16 19:47:27,643 [58cff6b7-b2a7-446b-a75a-bb98ad6b11b8-groupManagement] INFO  storage.RaftStorageDirectory (RaftStorageDirectoryImpl.java:analyzeStorage(138)) - The storage directory /home/runner/work/ozone/ozone/hadoop-ozone/integration-test/target/test-dir/MiniOzoneClusterImpl-e7911277-7775-4457-96c8-94071a26a1ce/ozone-metadata/datanode-5/ratis/3eff9fe2-c62c-48a6-bb56-8c9103a5e9b1 does not exist. Creating ...
2025-10-16 19:47:27,644 [58cff6b7-b2a7-446b-a75a-bb98ad6b11b8-groupManagement] INFO  storage.RaftStorageDirectory (RaftStorageDirectoryImpl.java:tryLock(229)) - Lock on /home/runner/work/ozone/ozone/hadoop-ozone/integration-test/target/test-dir/MiniOzoneClusterImpl-e7911277-7775-4457-96c8-94071a26a1ce/ozone-metadata/datanode-5/ratis/3eff9fe2-c62c-48a6-bb56-8c9103a5e9b1/in_use.lock acquired by nodename 40995@localhost
2025-10-16 19:47:27,645 [58cff6b7-b2a7-446b-a75a-bb98ad6b11b8-groupManagement] INFO  storage.RaftStorage (RaftStorageImpl.java:format(98)) - Storage directory /home/runner/work/ozone/ozone/hadoop-ozone/integration-test/target/test-dir/MiniOzoneClusterImpl-e7911277-7775-4457-96c8-94071a26a1ce/ozone-metadata/datanode-5/ratis/3eff9fe2-c62c-48a6-bb56-8c9103a5e9b1 has been successfully formatted.
2025-10-16 19:47:27,645 [58cff6b7-b2a7-446b-a75a-bb98ad6b11b8-groupManagement] INFO  ratis.ContainerStateMachine (ContainerStateMachine.java:initialize(339)) - 58cff6b7-b2a7-446b-a75a-bb98ad6b11b8: initialize group-8C9103A5E9B1
2025-10-16 19:47:27,645 [58cff6b7-b2a7-446b-a75a-bb98ad6b11b8-groupManagement] INFO  ratis.ContainerStateMachine (ContainerStateMachine.java:loadSnapshot(347)) - group-8C9103A5E9B1: The snapshot info is null. Setting the last applied index to:<INITIAL_VALUE>
2025-10-16 19:47:27,646 [58cff6b7-b2a7-446b-a75a-bb98ad6b11b8-groupManagement] INFO  server.RaftServerConfigKeys (ConfUtils.java:logGet(62)) - raft.server.log.appender.buffer.byte-limit = 33554432 (custom)
2025-10-16 19:47:27,648 [58cff6b7-b2a7-446b-a75a-bb98ad6b11b8-groupManagement] INFO  server.RaftServerConfigKeys (ConfUtils.java:logGet(62)) - raft.server.log.segment.size.max = 67108864 (custom)
2025-10-16 19:47:27,648 [58cff6b7-b2a7-446b-a75a-bb98ad6b11b8-groupManagement] INFO  server.RaftServerConfigKeys (ConfUtils.java:logGet(62)) - raft.server.log.appender.buffer.byte-limit = 33554432 (custom)
2025-10-16 19:47:27,648 | INFO  | SCMAudit | user=runner | ip=127.0.0.1 | op=SEND_HEARTBEAT {"datanodeUUID":"58cff6b7-b2a7-446b-a75a-bb98ad6b11b8","term":"2","command":"[]"} | ret=SUCCESS |  
2025-10-16 19:47:27,649 [58cff6b7-b2a7-446b-a75a-bb98ad6b11b8-groupManagement] INFO  util.AwaitToRun (AwaitToRun.java:start(81)) - Thread[#1552,58cff6b7-b2a7-446b-a75a-bb98ad6b11b8@group-8C9103A5E9B1-cacheEviction-AwaitToRun,5,main] started
2025-10-16 19:47:27,649 [58cff6b7-b2a7-446b-a75a-bb98ad6b11b8-groupManagement] INFO  segmented.SegmentedRaftLogWorker (SegmentedRaftLogWorker.java:<init>(190)) - new 58cff6b7-b2a7-446b-a75a-bb98ad6b11b8@group-8C9103A5E9B1-SegmentedRaftLogWorker for RaftStorageImpl:Storage Directory /home/runner/work/ozone/ozone/hadoop-ozone/integration-test/target/test-dir/MiniOzoneClusterImpl-e7911277-7775-4457-96c8-94071a26a1ce/ozone-metadata/datanode-5/ratis/3eff9fe2-c62c-48a6-bb56-8c9103a5e9b1
2025-10-16 19:47:27,649 [58cff6b7-b2a7-446b-a75a-bb98ad6b11b8-groupManagement] INFO  server.RaftServerConfigKeys (ConfUtils.java:logGet(62)) - raft.server.log.queue.byte-limit = 4294967296 (custom)
2025-10-16 19:47:27,649 [58cff6b7-b2a7-446b-a75a-bb98ad6b11b8-groupManagement] INFO  server.RaftServerConfigKeys (ConfUtils.java:logGet(62)) - raft.server.log.segment.size.max = 67108864 (custom)
2025-10-16 19:47:27,649 [58cff6b7-b2a7-446b-a75a-bb98ad6b11b8-groupManagement] INFO  server.RaftServerConfigKeys (ConfUtils.java:logGet(62)) - raft.server.log.preallocated.size = 4194304 (custom)
2025-10-16 19:47:27,649 [EventQueue-PipelineReportForOneReplicaPipelineSafeModeRule] INFO  safemode.SCMSafeModeManager (SCMSafeModeManager.java:validateSafeModeExitRules(138)) - OneReplicaPipelineSafeModeRule rule is successfully validated
2025-10-16 19:47:27,650 [58cff6b7-b2a7-446b-a75a-bb98ad6b11b8-groupManagement] INFO  server.RaftServerConfigKeys (ConfUtils.java:logGet(62)) - raft.server.log.write.buffer.size = 33554440 (custom)
2025-10-16 19:47:27,655 [58cff6b7-b2a7-446b-a75a-bb98ad6b11b8-groupManagement] INFO  server.RaftServerConfigKeys (ConfUtils.java:logGet(62)) - raft.server.log.appender.buffer.byte-limit = 33554432 (custom)
2025-10-16 19:47:27,656 [58cff6b7-b2a7-446b-a75a-bb98ad6b11b8-groupManagement] INFO  segmented.SegmentedRaftLogWorker (SegmentedRaftLogWorker.java:lambda$new$0(141)) - 58cff6b7-b2a7-446b-a75a-bb98ad6b11b8@group-8C9103A5E9B1-SegmentedRaftLogWorker: flushIndex: setUnconditionally 0 -> -1
2025-10-16 19:47:27,656 [58cff6b7-b2a7-446b-a75a-bb98ad6b11b8-groupManagement] INFO  segmented.SegmentedRaftLogWorker (SegmentedRaftLogWorker.java:lambda$new$0(141)) - 58cff6b7-b2a7-446b-a75a-bb98ad6b11b8@group-8C9103A5E9B1-SegmentedRaftLogWorker: safeCacheEvictIndex: setUnconditionally 0 -> -1
2025-10-16 19:47:27,656 [58cff6b7-b2a7-446b-a75a-bb98ad6b11b8-groupManagement] INFO  server.RaftServer$Division (RaftServerImpl.java:start(405)) - 58cff6b7-b2a7-446b-a75a-bb98ad6b11b8@group-8C9103A5E9B1: start as a follower, conf=conf: {index: -1, cur=peers:[0428ab3f-efd5-438e-ae11-9ec242443260|127.0.0.1:15055, aa213937-adc5-47da-a770-0ee1e4664344|127.0.0.1:15039, 58cff6b7-b2a7-446b-a75a-bb98ad6b11b8|127.0.0.1:15047]|listeners:[], old=null}
2025-10-16 19:47:27,656 [58cff6b7-b2a7-446b-a75a-bb98ad6b11b8-groupManagement] INFO  server.RaftServer$Division (RaftServerImpl.java:setRole(392)) - 58cff6b7-b2a7-446b-a75a-bb98ad6b11b8@group-8C9103A5E9B1: changes role from      null to FOLLOWER at term 0 for startAsFollower
2025-10-16 19:47:27,657 [58cff6b7-b2a7-446b-a75a-bb98ad6b11b8-groupManagement] INFO  impl.RoleInfo (RoleInfo.java:updateAndGet(148)) - 58cff6b7-b2a7-446b-a75a-bb98ad6b11b8: start 58cff6b7-b2a7-446b-a75a-bb98ad6b11b8@group-8C9103A5E9B1-FollowerState
2025-10-16 19:47:27,657 [58cff6b7-b2a7-446b-a75a-bb98ad6b11b8-groupManagement] INFO  util.JmxRegister (JmxRegister.java:tryRegister(44)) - Successfully registered JMX Bean with object name Ratis:service=RaftServer,group=group-8C9103A5E9B1,id=58cff6b7-b2a7-446b-a75a-bb98ad6b11b8
2025-10-16 19:47:27,657 [58cff6b7-b2a7-446b-a75a-bb98ad6b11b8-groupManagement] INFO  util.JmxRegister (JmxRegister.java:register(58)) - register mxBean class org.apache.ratis.server.impl.RaftServerJmxAdapter as Ratis:service=RaftServer,group=group-8C9103A5E9B1,id=58cff6b7-b2a7-446b-a75a-bb98ad6b11b8
2025-10-16 19:47:27,658 [58cff6b7-b2a7-446b-a75a-bb98ad6b11b8-groupManagement] INFO  server.RaftServer$Division (RaftServerImpl.java:start(419)) - 58cff6b7-b2a7-446b-a75a-bb98ad6b11b8@group-8C9103A5E9B1: Successfully started.
2025-10-16 19:47:27,672 [grpc-default-executor-0] INFO  server.RaftServer (RaftServerProxy.java:addNew(105)) - 0428ab3f-efd5-438e-ae11-9ec242443260: addNew group-8C9103A5E9B1:[0428ab3f-efd5-438e-ae11-9ec242443260|127.0.0.1:15055, aa213937-adc5-47da-a770-0ee1e4664344|127.0.0.1:15039, 58cff6b7-b2a7-446b-a75a-bb98ad6b11b8|127.0.0.1:15047] returns group-8C9103A5E9B1:java.util.concurrent.CompletableFuture@5df2d1a0[Not completed]
2025-10-16 19:47:27,673 [0428ab3f-efd5-438e-ae11-9ec242443260-groupManagement] INFO  server.RaftServer$Division (RaftServerImpl.java:<init>(268)) - 0428ab3f-efd5-438e-ae11-9ec242443260: new RaftServerImpl for group-8C9103A5E9B1:[0428ab3f-efd5-438e-ae11-9ec242443260|127.0.0.1:15055, aa213937-adc5-47da-a770-0ee1e4664344|127.0.0.1:15039, 58cff6b7-b2a7-446b-a75a-bb98ad6b11b8|127.0.0.1:15047] with ContainerStateMachine:uninitialized
2025-10-16 19:47:27,673 [0428ab3f-efd5-438e-ae11-9ec242443260-groupManagement] INFO  server.RaftServer$Division (ServerState.java:<init>(114)) - 0428ab3f-efd5-438e-ae11-9ec242443260@group-8C9103A5E9B1: ConfigurationManager, init=conf: {index: -1, cur=peers:[0428ab3f-efd5-438e-ae11-9ec242443260|127.0.0.1:15055, aa213937-adc5-47da-a770-0ee1e4664344|127.0.0.1:15039, 58cff6b7-b2a7-446b-a75a-bb98ad6b11b8|127.0.0.1:15047]|listeners:[], old=null}, confs=<EMPTY_MAP>
2025-10-16 19:47:27,679 [0428ab3f-efd5-438e-ae11-9ec242443260-groupManagement] INFO  server.RaftServerConfigKeys (ConfUtils.java:logGet(62)) - raft.server.storage.dir = [/home/runner/work/ozone/ozone/hadoop-ozone/integration-test/target/test-dir/MiniOzoneClusterImpl-e7911277-7775-4457-96c8-94071a26a1ce/ozone-metadata/datanode-6/ratis] (custom)
2025-10-16 19:47:27,679 [0428ab3f-efd5-438e-ae11-9ec242443260-groupManagement] INFO  storage.RaftStorageDirectory (RaftStorageDirectoryImpl.java:analyzeStorage(138)) - The storage directory /home/runner/work/ozone/ozone/hadoop-ozone/integration-test/target/test-dir/MiniOzoneClusterImpl-e7911277-7775-4457-96c8-94071a26a1ce/ozone-metadata/datanode-6/ratis/3eff9fe2-c62c-48a6-bb56-8c9103a5e9b1 does not exist. Creating ...
2025-10-16 19:47:27,680 [0428ab3f-efd5-438e-ae11-9ec242443260-groupManagement] INFO  storage.RaftStorageDirectory (RaftStorageDirectoryImpl.java:tryLock(229)) - Lock on /home/runner/work/ozone/ozone/hadoop-ozone/integration-test/target/test-dir/MiniOzoneClusterImpl-e7911277-7775-4457-96c8-94071a26a1ce/ozone-metadata/datanode-6/ratis/3eff9fe2-c62c-48a6-bb56-8c9103a5e9b1/in_use.lock acquired by nodename 40995@localhost
2025-10-16 19:47:27,680 [0428ab3f-efd5-438e-ae11-9ec242443260-groupManagement] INFO  storage.RaftStorage (RaftStorageImpl.java:format(98)) - Storage directory /home/runner/work/ozone/ozone/hadoop-ozone/integration-test/target/test-dir/MiniOzoneClusterImpl-e7911277-7775-4457-96c8-94071a26a1ce/ozone-metadata/datanode-6/ratis/3eff9fe2-c62c-48a6-bb56-8c9103a5e9b1 has been successfully formatted.
2025-10-16 19:47:27,681 [0428ab3f-efd5-438e-ae11-9ec242443260-groupManagement] INFO  ratis.ContainerStateMachine (ContainerStateMachine.java:initialize(339)) - 0428ab3f-efd5-438e-ae11-9ec242443260: initialize group-8C9103A5E9B1
2025-10-16 19:47:27,681 [0428ab3f-efd5-438e-ae11-9ec242443260-groupManagement] INFO  ratis.ContainerStateMachine (ContainerStateMachine.java:loadSnapshot(347)) - group-8C9103A5E9B1: The snapshot info is null. Setting the last applied index to:<INITIAL_VALUE>
2025-10-16 19:47:27,682 [0428ab3f-efd5-438e-ae11-9ec242443260-groupManagement] INFO  server.RaftServerConfigKeys (ConfUtils.java:logGet(62)) - raft.server.log.appender.buffer.byte-limit = 33554432 (custom)
2025-10-16 19:47:27,683 [EventQueue-PipelineReportForOneReplicaPipelineSafeModeRule] INFO  safemode.SCMSafeModeManager (SCMSafeModeManager.java:validateSafeModeExitRules(138)) - OneReplicaPipelineSafeModeRule rule is successfully validated
2025-10-16 19:47:27,683 | INFO  | SCMAudit | user=runner | ip=127.0.0.1 | op=SEND_HEARTBEAT {"datanodeUUID":"0428ab3f-efd5-438e-ae11-9ec242443260","term":"2","command":"[]"} | ret=SUCCESS |  
2025-10-16 19:47:27,684 [0428ab3f-efd5-438e-ae11-9ec242443260-groupManagement] INFO  server.RaftServerConfigKeys (ConfUtils.java:logGet(62)) - raft.server.log.segment.size.max = 67108864 (custom)
2025-10-16 19:47:27,685 [0428ab3f-efd5-438e-ae11-9ec242443260-groupManagement] INFO  server.RaftServerConfigKeys (ConfUtils.java:logGet(62)) - raft.server.log.appender.buffer.byte-limit = 33554432 (custom)
2025-10-16 19:47:27,685 [0428ab3f-efd5-438e-ae11-9ec242443260-groupManagement] INFO  util.AwaitToRun (AwaitToRun.java:start(81)) - Thread[#1559,0428ab3f-efd5-438e-ae11-9ec242443260@group-8C9103A5E9B1-cacheEviction-AwaitToRun,5,main] started
2025-10-16 19:47:27,686 [0428ab3f-efd5-438e-ae11-9ec242443260-groupManagement] INFO  segmented.SegmentedRaftLogWorker (SegmentedRaftLogWorker.java:<init>(190)) - new 0428ab3f-efd5-438e-ae11-9ec242443260@group-8C9103A5E9B1-SegmentedRaftLogWorker for RaftStorageImpl:Storage Directory /home/runner/work/ozone/ozone/hadoop-ozone/integration-test/target/test-dir/MiniOzoneClusterImpl-e7911277-7775-4457-96c8-94071a26a1ce/ozone-metadata/datanode-6/ratis/3eff9fe2-c62c-48a6-bb56-8c9103a5e9b1
2025-10-16 19:47:27,686 [0428ab3f-efd5-438e-ae11-9ec242443260-groupManagement] INFO  server.RaftServerConfigKeys (ConfUtils.java:logGet(62)) - raft.server.log.queue.byte-limit = 4294967296 (custom)
2025-10-16 19:47:27,686 [0428ab3f-efd5-438e-ae11-9ec242443260-groupManagement] INFO  server.RaftServerConfigKeys (ConfUtils.java:logGet(62)) - raft.server.log.segment.size.max = 67108864 (custom)
2025-10-16 19:47:27,686 [0428ab3f-efd5-438e-ae11-9ec242443260-groupManagement] INFO  server.RaftServerConfigKeys (ConfUtils.java:logGet(62)) - raft.server.log.preallocated.size = 4194304 (custom)
2025-10-16 19:47:27,687 [0428ab3f-efd5-438e-ae11-9ec242443260-groupManagement] INFO  server.RaftServerConfigKeys (ConfUtils.java:logGet(62)) - raft.server.log.write.buffer.size = 33554440 (custom)
2025-10-16 19:47:27,693 [0428ab3f-efd5-438e-ae11-9ec242443260-groupManagement] INFO  server.RaftServerConfigKeys (ConfUtils.java:logGet(62)) - raft.server.log.appender.buffer.byte-limit = 33554432 (custom)
2025-10-16 19:47:27,694 [0428ab3f-efd5-438e-ae11-9ec242443260-groupManagement] INFO  segmented.SegmentedRaftLogWorker (SegmentedRaftLogWorker.java:lambda$new$0(141)) - 0428ab3f-efd5-438e-ae11-9ec242443260@group-8C9103A5E9B1-SegmentedRaftLogWorker: flushIndex: setUnconditionally 0 -> -1
2025-10-16 19:47:27,695 [0428ab3f-efd5-438e-ae11-9ec242443260-groupManagement] INFO  segmented.SegmentedRaftLogWorker (SegmentedRaftLogWorker.java:lambda$new$0(141)) - 0428ab3f-efd5-438e-ae11-9ec242443260@group-8C9103A5E9B1-SegmentedRaftLogWorker: safeCacheEvictIndex: setUnconditionally 0 -> -1
2025-10-16 19:47:27,695 [0428ab3f-efd5-438e-ae11-9ec242443260-groupManagement] INFO  server.RaftServer$Division (RaftServerImpl.java:start(405)) - 0428ab3f-efd5-438e-ae11-9ec242443260@group-8C9103A5E9B1: start as a follower, conf=conf: {index: -1, cur=peers:[0428ab3f-efd5-438e-ae11-9ec242443260|127.0.0.1:15055, aa213937-adc5-47da-a770-0ee1e4664344|127.0.0.1:15039, 58cff6b7-b2a7-446b-a75a-bb98ad6b11b8|127.0.0.1:15047]|listeners:[], old=null}
2025-10-16 19:47:27,696 [0428ab3f-efd5-438e-ae11-9ec242443260-groupManagement] INFO  server.RaftServer$Division (RaftServerImpl.java:setRole(392)) - 0428ab3f-efd5-438e-ae11-9ec242443260@group-8C9103A5E9B1: changes role from      null to FOLLOWER at term 0 for startAsFollower
2025-10-16 19:47:27,696 [0428ab3f-efd5-438e-ae11-9ec242443260-groupManagement] INFO  impl.RoleInfo (RoleInfo.java:updateAndGet(148)) - 0428ab3f-efd5-438e-ae11-9ec242443260: start 0428ab3f-efd5-438e-ae11-9ec242443260@group-8C9103A5E9B1-FollowerState
2025-10-16 19:47:27,697 [0428ab3f-efd5-438e-ae11-9ec242443260-groupManagement] INFO  util.JmxRegister (JmxRegister.java:tryRegister(44)) - Successfully registered JMX Bean with object name Ratis:service=RaftServer,group=group-8C9103A5E9B1,id=0428ab3f-efd5-438e-ae11-9ec242443260
2025-10-16 19:47:27,697 [0428ab3f-efd5-438e-ae11-9ec242443260-groupManagement] INFO  util.JmxRegister (JmxRegister.java:register(58)) - register mxBean class org.apache.ratis.server.impl.RaftServerJmxAdapter as Ratis:service=RaftServer,group=group-8C9103A5E9B1,id=0428ab3f-efd5-438e-ae11-9ec242443260
2025-10-16 19:47:27,699 [0428ab3f-efd5-438e-ae11-9ec242443260-groupManagement] INFO  server.RaftServer$Division (RaftServerImpl.java:start(419)) - 0428ab3f-efd5-438e-ae11-9ec242443260@group-8C9103A5E9B1: Successfully started.
2025-10-16 19:47:27,705 [aa213937-adc5-47da-a770-0ee1e4664344-CreatePipelineCommandHandlerThread-0] INFO  commandhandler.CreatePipelineCommandHandler (CreatePipelineCommandHandler.java:lambda$handle$2(141)) - Created Pipeline RATIS THREE Pipeline-3eff9fe2-c62c-48a6-bb56-8c9103a5e9b1.
2025-10-16 19:47:27,717 [ForkJoinPool-1-worker-1] INFO  ozone.MiniOzoneClusterImpl (MiniOzoneClusterImpl.java:lambda$waitForClusterToBeReady$0(181)) - Waiting for nodes to be ready. Got 13 of 14 DN Heartbeats.
2025-10-16 19:47:27,717 [ForkJoinPool-1-worker-1] INFO  ozone.MiniOzoneClusterImpl (MiniOzoneClusterImpl.java:lambda$waitForClusterToBeReady$0(184)) - Waiting for cluster to exit safe mode
2025-10-16 19:47:27,717 [ForkJoinPool-1-worker-1] INFO  ozone.MiniOzoneClusterImpl (MiniOzoneClusterImpl.java:lambda$waitForClusterToBeReady$0(186)) - SCM became leader
2025-10-16 19:47:27,721 [IPC Server handler 17 on default port 15002] INFO  net.NetworkTopologyImpl (NetworkTopologyImpl.java:add(133)) - Added a new node: /default-rack/757ca056-973f-4f05-ab2d-6aff6c54d452
2025-10-16 19:47:27,722 [IPC Server handler 17 on default port 15002] INFO  node.SCMNodeManager (SCMNodeManager.java:register(423)) - Registered datanode: 757ca056-973f-4f05-ab2d-6aff6c54d452{ip: 127.0.0.1, host: localhost, ports: [HTTP=15114, CLIENT_RPC=15115, REPLICATION=15121, RATIS=15117, RATIS_ADMIN=15118, RATIS_SERVER=15119, RATIS_DATASTREAM=15120, STANDALONE=15116], networkLocation: /default-rack, certSerialId: null, persistedOpState: null, persistedOpStateExpiryEpochSec: 0}
2025-10-16 19:47:27,722 [EventQueue-PipelineReportForOneReplicaPipelineSafeModeRule] INFO  safemode.SCMSafeModeManager (SCMSafeModeManager.java:validateSafeModeExitRules(138)) - OneReplicaPipelineSafeModeRule rule is successfully validated
2025-10-16 19:47:27,722 [EventQueue-NewNodeForNewNodeHandler] INFO  pipeline.BackgroundPipelineCreator (BackgroundPipelineCreator.java:notifyEventTriggered(290)) - trigger a one-shot run on RatisPipelineUtilsThread.
2025-10-16 19:47:27,722 | INFO  | SCMAudit | user=runner | ip=127.0.0.1 | op=REGISTER {"datanodeDetails":"757ca056-973f-4f05-ab2d-6aff6c54d452(localhost/127.0.0.1)"} | ret=SUCCESS |  
2025-10-16 19:47:27,723 [EventQueue-ContainerRegistrationReportForECContainerSafeModeRule] INFO  safemode.SCMSafeModeManager (SCMSafeModeManager.java:validateSafeModeExitRules(138)) - ECContainerSafeModeRule rule is successfully validated
2025-10-16 19:47:27,723 [EventQueue-NodeRegistrationContainerReportForDataNodeSafeModeRule] INFO  safemode.SCMSafeModeManager (SCMSafeModeManager.java:validateSafeModeExitRules(138)) - DataNodeSafeModeRule rule is successfully validated
2025-10-16 19:47:27,723 [EventQueue-ContainerRegistrationReportForRatisContainerSafeModeRule] INFO  safemode.SCMSafeModeManager (SCMSafeModeManager.java:validateSafeModeExitRules(138)) - RatisContainerSafeModeRule rule is successfully validated
2025-10-16 19:47:27,724 [RatisPipelineUtilsThread-0] INFO  pipeline.RatisPipelineProvider (RatisPipelineProvider.java:lambda$create$0(208)) - Sending CreatePipelineCommand for pipeline:Pipeline-1219bb94-8d23-47e4-a759-769c8b9e0f07 to datanode:757ca056-973f-4f05-ab2d-6aff6c54d452(localhost/127.0.0.1)
2025-10-16 19:47:27,726 [bed9314d-2aab-40ad-9a80-177434bab325@group-94071A26A1CE-StateMachineUpdater] INFO  safemode.SCMSafeModeManager (SCMSafeModeManager.java:validateSafeModeExitRules(138)) - DataNodeSafeModeRule rule is successfully validated
2025-10-16 19:47:27,727 [bed9314d-2aab-40ad-9a80-177434bab325@group-94071A26A1CE-StateMachineUpdater] INFO  safemode.SCMSafeModeManager (SCMSafeModeManager.java:validateSafeModeExitRules(138)) - RatisContainerSafeModeRule rule is successfully validated
2025-10-16 19:47:27,727 [bed9314d-2aab-40ad-9a80-177434bab325@group-94071A26A1CE-StateMachineUpdater] INFO  safemode.HealthyPipelineSafeModeRule (HealthyPipelineSafeModeRule.java:initializeRule(226)) - Refreshed total pipeline count is 0, healthy pipeline threshold count is 1
2025-10-16 19:47:27,727 [bed9314d-2aab-40ad-9a80-177434bab325@group-94071A26A1CE-StateMachineUpdater] INFO  safemode.SCMSafeModeManager (SCMSafeModeManager.java:validateSafeModeExitRules(138)) - OneReplicaPipelineSafeModeRule rule is successfully validated
2025-10-16 19:47:27,727 [bed9314d-2aab-40ad-9a80-177434bab325@group-94071A26A1CE-StateMachineUpdater] INFO  safemode.SCMSafeModeManager (SCMSafeModeManager.java:validateSafeModeExitRules(138)) - ECContainerSafeModeRule rule is successfully validated
2025-10-16 19:47:27,727 [RatisPipelineUtilsThread-0] INFO  pipeline.BackgroundPipelineCreator (BackgroundPipelineCreator.java:createPipelines(246)) - Created new pipeline Pipeline{ Id: 1219bb94-8d23-47e4-a759-769c8b9e0f07, Nodes: [ {757ca056-973f-4f05-ab2d-6aff6c54d452(localhost/127.0.0.1), ReplicaIndex: 0},], ReplicationConfig: RATIS/ONE, State:ALLOCATED, leaderId:, CreationTimestamp2025-10-16T19:47:27.724202692Z[Etc/UTC]}
2025-10-16 19:47:27,729 [58cff6b7-b2a7-446b-a75a-bb98ad6b11b8-CreatePipelineCommandHandlerThread-0] INFO  server.RaftServer (RaftServerProxy.java:addNew(105)) - 58cff6b7-b2a7-446b-a75a-bb98ad6b11b8: addNew group-CE465BB6E67C:[58cff6b7-b2a7-446b-a75a-bb98ad6b11b8|127.0.0.1:15047] returns group-CE465BB6E67C:java.util.concurrent.CompletableFuture@53616874[Not completed]
2025-10-16 19:47:27,731 [58cff6b7-b2a7-446b-a75a-bb98ad6b11b8-groupManagement] INFO  server.RaftServer$Division (RaftServerImpl.java:<init>(268)) - 58cff6b7-b2a7-446b-a75a-bb98ad6b11b8: new RaftServerImpl for group-CE465BB6E67C:[58cff6b7-b2a7-446b-a75a-bb98ad6b11b8|127.0.0.1:15047] with ContainerStateMachine:uninitialized
2025-10-16 19:47:27,731 [58cff6b7-b2a7-446b-a75a-bb98ad6b11b8-groupManagement] INFO  server.RaftServer$Division (ServerState.java:<init>(114)) - 58cff6b7-b2a7-446b-a75a-bb98ad6b11b8@group-CE465BB6E67C: ConfigurationManager, init=conf: {index: -1, cur=peers:[58cff6b7-b2a7-446b-a75a-bb98ad6b11b8|127.0.0.1:15047]|listeners:[], old=null}, confs=<EMPTY_MAP>
2025-10-16 19:47:27,736 [58cff6b7-b2a7-446b-a75a-bb98ad6b11b8-groupManagement] INFO  server.RaftServerConfigKeys (ConfUtils.java:logGet(62)) - raft.server.storage.dir = [/home/runner/work/ozone/ozone/hadoop-ozone/integration-test/target/test-dir/MiniOzoneClusterImpl-e7911277-7775-4457-96c8-94071a26a1ce/ozone-metadata/datanode-5/ratis] (custom)
2025-10-16 19:47:27,737 [58cff6b7-b2a7-446b-a75a-bb98ad6b11b8-groupManagement] INFO  storage.RaftStorageDirectory (RaftStorageDirectoryImpl.java:analyzeStorage(138)) - The storage directory /home/runner/work/ozone/ozone/hadoop-ozone/integration-test/target/test-dir/MiniOzoneClusterImpl-e7911277-7775-4457-96c8-94071a26a1ce/ozone-metadata/datanode-5/ratis/3fa565e2-b63b-437f-88a9-ce465bb6e67c does not exist. Creating ...
2025-10-16 19:47:27,737 [58cff6b7-b2a7-446b-a75a-bb98ad6b11b8-groupManagement] INFO  storage.RaftStorageDirectory (RaftStorageDirectoryImpl.java:tryLock(229)) - Lock on /home/runner/work/ozone/ozone/hadoop-ozone/integration-test/target/test-dir/MiniOzoneClusterImpl-e7911277-7775-4457-96c8-94071a26a1ce/ozone-metadata/datanode-5/ratis/3fa565e2-b63b-437f-88a9-ce465bb6e67c/in_use.lock acquired by nodename 40995@localhost
2025-10-16 19:47:27,739 [58cff6b7-b2a7-446b-a75a-bb98ad6b11b8-groupManagement] INFO  storage.RaftStorage (RaftStorageImpl.java:format(98)) - Storage directory /home/runner/work/ozone/ozone/hadoop-ozone/integration-test/target/test-dir/MiniOzoneClusterImpl-e7911277-7775-4457-96c8-94071a26a1ce/ozone-metadata/datanode-5/ratis/3fa565e2-b63b-437f-88a9-ce465bb6e67c has been successfully formatted.
2025-10-16 19:47:27,741 [58cff6b7-b2a7-446b-a75a-bb98ad6b11b8-groupManagement] INFO  ratis.ContainerStateMachine (ContainerStateMachine.java:initialize(339)) - 58cff6b7-b2a7-446b-a75a-bb98ad6b11b8: initialize group-CE465BB6E67C
2025-10-16 19:47:27,741 [58cff6b7-b2a7-446b-a75a-bb98ad6b11b8-groupManagement] INFO  ratis.ContainerStateMachine (ContainerStateMachine.java:loadSnapshot(347)) - group-CE465BB6E67C: The snapshot info is null. Setting the last applied index to:<INITIAL_VALUE>
2025-10-16 19:47:27,741 [58cff6b7-b2a7-446b-a75a-bb98ad6b11b8-groupManagement] INFO  server.RaftServerConfigKeys (ConfUtils.java:logGet(62)) - raft.server.log.appender.buffer.byte-limit = 33554432 (custom)
2025-10-16 19:47:27,744 [58cff6b7-b2a7-446b-a75a-bb98ad6b11b8-groupManagement] INFO  server.RaftServerConfigKeys (ConfUtils.java:logGet(62)) - raft.server.log.segment.size.max = 67108864 (custom)
2025-10-16 19:47:27,745 [58cff6b7-b2a7-446b-a75a-bb98ad6b11b8-groupManagement] INFO  server.RaftServerConfigKeys (ConfUtils.java:logGet(62)) - raft.server.log.appender.buffer.byte-limit = 33554432 (custom)
2025-10-16 19:47:27,745 | INFO  | SCMAudit | user=runner | ip=127.0.0.1 | op=SEND_HEARTBEAT {"datanodeUUID":"58cff6b7-b2a7-446b-a75a-bb98ad6b11b8","term":"2","command":"[]"} | ret=SUCCESS |  
2025-10-16 19:47:27,745 [EventQueue-PipelineReportForOneReplicaPipelineSafeModeRule] INFO  safemode.SCMSafeModeManager (SCMSafeModeManager.java:validateSafeModeExitRules(138)) - OneReplicaPipelineSafeModeRule rule is successfully validated
2025-10-16 19:47:27,747 [58cff6b7-b2a7-446b-a75a-bb98ad6b11b8-groupManagement] INFO  util.AwaitToRun (AwaitToRun.java:start(81)) - Thread[#1567,58cff6b7-b2a7-446b-a75a-bb98ad6b11b8@group-CE465BB6E67C-cacheEviction-AwaitToRun,5,main] started
2025-10-16 19:47:27,747 [58cff6b7-b2a7-446b-a75a-bb98ad6b11b8-groupManagement] INFO  segmented.SegmentedRaftLogWorker (SegmentedRaftLogWorker.java:<init>(190)) - new 58cff6b7-b2a7-446b-a75a-bb98ad6b11b8@group-CE465BB6E67C-SegmentedRaftLogWorker for RaftStorageImpl:Storage Directory /home/runner/work/ozone/ozone/hadoop-ozone/integration-test/target/test-dir/MiniOzoneClusterImpl-e7911277-7775-4457-96c8-94071a26a1ce/ozone-metadata/datanode-5/ratis/3fa565e2-b63b-437f-88a9-ce465bb6e67c
2025-10-16 19:47:27,747 [58cff6b7-b2a7-446b-a75a-bb98ad6b11b8-groupManagement] INFO  server.RaftServerConfigKeys (ConfUtils.java:logGet(62)) - raft.server.log.queue.byte-limit = 4294967296 (custom)
2025-10-16 19:47:27,747 [58cff6b7-b2a7-446b-a75a-bb98ad6b11b8-groupManagement] INFO  server.RaftServerConfigKeys (ConfUtils.java:logGet(62)) - raft.server.log.segment.size.max = 67108864 (custom)
2025-10-16 19:47:27,747 [58cff6b7-b2a7-446b-a75a-bb98ad6b11b8-groupManagement] INFO  server.RaftServerConfigKeys (ConfUtils.java:logGet(62)) - raft.server.log.preallocated.size = 4194304 (custom)
2025-10-16 19:47:27,747 [58cff6b7-b2a7-446b-a75a-bb98ad6b11b8-groupManagement] INFO  server.RaftServerConfigKeys (ConfUtils.java:logGet(62)) - raft.server.log.write.buffer.size = 33554440 (custom)
2025-10-16 19:47:27,749 [bed9314d-2aab-40ad-9a80-177434bab325@group-94071A26A1CE-StateMachineUpdater] INFO  safemode.SCMSafeModeManager (SCMSafeModeManager.java:validateSafeModeExitRules(138)) - DataNodeSafeModeRule rule is successfully validated
2025-10-16 19:47:27,749 [bed9314d-2aab-40ad-9a80-177434bab325@group-94071A26A1CE-StateMachineUpdater] INFO  safemode.SCMSafeModeManager (SCMSafeModeManager.java:validateSafeModeExitRules(138)) - RatisContainerSafeModeRule rule is successfully validated
2025-10-16 19:47:27,750 [bed9314d-2aab-40ad-9a80-177434bab325@group-94071A26A1CE-StateMachineUpdater] INFO  safemode.HealthyPipelineSafeModeRule (HealthyPipelineSafeModeRule.java:initializeRule(226)) - Refreshed total pipeline count is 0, healthy pipeline threshold count is 1
2025-10-16 19:47:27,750 [bed9314d-2aab-40ad-9a80-177434bab325@group-94071A26A1CE-StateMachineUpdater] INFO  safemode.SCMSafeModeManager (SCMSafeModeManager.java:validateSafeModeExitRules(138)) - OneReplicaPipelineSafeModeRule rule is successfully validated
2025-10-16 19:47:27,750 [bed9314d-2aab-40ad-9a80-177434bab325@group-94071A26A1CE-StateMachineUpdater] INFO  safemode.SCMSafeModeManager (SCMSafeModeManager.java:validateSafeModeExitRules(138)) - ECContainerSafeModeRule rule is successfully validated
2025-10-16 19:47:27,750 [EventQueue-PipelineReportForPipelineReportHandler] INFO  pipeline.PipelineReportHandler (PipelineReportHandler.java:processPipelineReport(132)) - Opened pipeline Pipeline-3fa565e2-b63b-437f-88a9-ce465bb6e67c
2025-10-16 19:47:27,752 [58cff6b7-b2a7-446b-a75a-bb98ad6b11b8-groupManagement] INFO  server.RaftServerConfigKeys (ConfUtils.java:logGet(62)) - raft.server.log.appender.buffer.byte-limit = 33554432 (custom)
2025-10-16 19:47:27,753 [58cff6b7-b2a7-446b-a75a-bb98ad6b11b8-groupManagement] INFO  segmented.SegmentedRaftLogWorker (SegmentedRaftLogWorker.java:lambda$new$0(141)) - 58cff6b7-b2a7-446b-a75a-bb98ad6b11b8@group-CE465BB6E67C-SegmentedRaftLogWorker: flushIndex: setUnconditionally 0 -> -1
2025-10-16 19:47:27,753 [58cff6b7-b2a7-446b-a75a-bb98ad6b11b8-groupManagement] INFO  segmented.SegmentedRaftLogWorker (SegmentedRaftLogWorker.java:lambda$new$0(141)) - 58cff6b7-b2a7-446b-a75a-bb98ad6b11b8@group-CE465BB6E67C-SegmentedRaftLogWorker: safeCacheEvictIndex: setUnconditionally 0 -> -1
2025-10-16 19:47:27,753 [58cff6b7-b2a7-446b-a75a-bb98ad6b11b8-groupManagement] INFO  server.RaftServer$Division (RaftServerImpl.java:start(405)) - 58cff6b7-b2a7-446b-a75a-bb98ad6b11b8@group-CE465BB6E67C: start as a follower, conf=conf: {index: -1, cur=peers:[58cff6b7-b2a7-446b-a75a-bb98ad6b11b8|127.0.0.1:15047]|listeners:[], old=null}
2025-10-16 19:47:27,753 [58cff6b7-b2a7-446b-a75a-bb98ad6b11b8-groupManagement] INFO  server.RaftServer$Division (RaftServerImpl.java:setRole(392)) - 58cff6b7-b2a7-446b-a75a-bb98ad6b11b8@group-CE465BB6E67C: changes role from      null to FOLLOWER at term 0 for startAsFollower
2025-10-16 19:47:27,753 [58cff6b7-b2a7-446b-a75a-bb98ad6b11b8-groupManagement] INFO  impl.RoleInfo (RoleInfo.java:updateAndGet(148)) - 58cff6b7-b2a7-446b-a75a-bb98ad6b11b8: start 58cff6b7-b2a7-446b-a75a-bb98ad6b11b8@group-CE465BB6E67C-FollowerState
2025-10-16 19:47:27,753 [58cff6b7-b2a7-446b-a75a-bb98ad6b11b8-groupManagement] INFO  util.JmxRegister (JmxRegister.java:tryRegister(44)) - Successfully registered JMX Bean with object name Ratis:service=RaftServer,group=group-CE465BB6E67C,id=58cff6b7-b2a7-446b-a75a-bb98ad6b11b8
2025-10-16 19:47:27,753 [58cff6b7-b2a7-446b-a75a-bb98ad6b11b8-groupManagement] INFO  util.JmxRegister (JmxRegister.java:register(58)) - register mxBean class org.apache.ratis.server.impl.RaftServerJmxAdapter as Ratis:service=RaftServer,group=group-CE465BB6E67C,id=58cff6b7-b2a7-446b-a75a-bb98ad6b11b8
2025-10-16 19:47:27,754 [58cff6b7-b2a7-446b-a75a-bb98ad6b11b8-groupManagement] INFO  server.RaftServer$Division (RaftServerImpl.java:start(419)) - 58cff6b7-b2a7-446b-a75a-bb98ad6b11b8@group-CE465BB6E67C: Successfully started.
2025-10-16 19:47:27,755 [58cff6b7-b2a7-446b-a75a-bb98ad6b11b8-CreatePipelineCommandHandlerThread-0] INFO  ratis.XceiverServerRatis (XceiverServerRatis.java:addGroup(839)) - Created group Pipeline-3fa565e2-b63b-437f-88a9-ce465bb6e67c
2025-10-16 19:47:27,755 [58cff6b7-b2a7-446b-a75a-bb98ad6b11b8-CreatePipelineCommandHandlerThread-0] INFO  commandhandler.CreatePipelineCommandHandler (CreatePipelineCommandHandler.java:lambda$handle$2(141)) - Created Pipeline RATIS ONE Pipeline-3fa565e2-b63b-437f-88a9-ce465bb6e67c.
2025-10-16 19:47:27,778 [f700af26-0e26-4136-9205-9509c82c8c70@group-BD7E4048FA23-FollowerState] INFO  impl.FollowerState (FollowerState.java:runImpl(161)) - f700af26-0e26-4136-9205-9509c82c8c70@group-BD7E4048FA23-FollowerState: change to CANDIDATE, lastRpcElapsedTime:1116285782ns, electionTimeout:1106ms
2025-10-16 19:47:27,778 [f700af26-0e26-4136-9205-9509c82c8c70@group-BD7E4048FA23-FollowerState] INFO  impl.RoleInfo (RoleInfo.java:shutdownFollowerState(121)) - f700af26-0e26-4136-9205-9509c82c8c70: shutdown f700af26-0e26-4136-9205-9509c82c8c70@group-BD7E4048FA23-FollowerState
2025-10-16 19:47:27,778 [f700af26-0e26-4136-9205-9509c82c8c70@group-BD7E4048FA23-FollowerState] INFO  server.RaftServer$Division (RaftServerImpl.java:setRole(392)) - f700af26-0e26-4136-9205-9509c82c8c70@group-BD7E4048FA23: changes role from  FOLLOWER to CANDIDATE at term 0 for changeToCandidate
2025-10-16 19:47:27,779 [f700af26-0e26-4136-9205-9509c82c8c70@group-BD7E4048FA23-FollowerState] INFO  impl.RoleInfo (RoleInfo.java:updateAndGet(148)) - f700af26-0e26-4136-9205-9509c82c8c70: start f700af26-0e26-4136-9205-9509c82c8c70@group-BD7E4048FA23-LeaderElection6
2025-10-16 19:47:27,779 [f700af26-0e26-4136-9205-9509c82c8c70@group-BD7E4048FA23-LeaderElection6] INFO  impl.LeaderElection (LeaderElection.java:askForVotes(448)) - f700af26-0e26-4136-9205-9509c82c8c70@group-BD7E4048FA23-LeaderElection6 PRE_VOTE round 0: submit vote requests at term 0 for conf: {index: -1, cur=peers:[f700af26-0e26-4136-9205-9509c82c8c70|127.0.0.1:15015]|listeners:[], old=null}
2025-10-16 19:47:27,779 [f700af26-0e26-4136-9205-9509c82c8c70@group-BD7E4048FA23-LeaderElection6] INFO  impl.LeaderElection (LeaderElection.java:askForVotes(450)) - f700af26-0e26-4136-9205-9509c82c8c70@group-BD7E4048FA23-LeaderElection6 PRE_VOTE round 0: result PASSED (term=0)
2025-10-16 19:47:27,780 [f700af26-0e26-4136-9205-9509c82c8c70@group-BD7E4048FA23-LeaderElection6] INFO  impl.LeaderElection (LeaderElection.java:askForVotes(448)) - f700af26-0e26-4136-9205-9509c82c8c70@group-BD7E4048FA23-LeaderElection6 ELECTION round 0: submit vote requests at term 1 for conf: {index: -1, cur=peers:[f700af26-0e26-4136-9205-9509c82c8c70|127.0.0.1:15015]|listeners:[], old=null}
2025-10-16 19:47:27,781 [f700af26-0e26-4136-9205-9509c82c8c70@group-BD7E4048FA23-LeaderElection6] INFO  impl.LeaderElection (LeaderElection.java:askForVotes(450)) - f700af26-0e26-4136-9205-9509c82c8c70@group-BD7E4048FA23-LeaderElection6 ELECTION round 0: result PASSED (term=1)
2025-10-16 19:47:27,781 [f700af26-0e26-4136-9205-9509c82c8c70@group-BD7E4048FA23-LeaderElection6] INFO  impl.RoleInfo (RoleInfo.java:shutdownLeaderElection(141)) - f700af26-0e26-4136-9205-9509c82c8c70: shutdown f700af26-0e26-4136-9205-9509c82c8c70@group-BD7E4048FA23-LeaderElection6
2025-10-16 19:47:27,781 [f700af26-0e26-4136-9205-9509c82c8c70@group-BD7E4048FA23-LeaderElection6] INFO  server.RaftServer$Division (RaftServerImpl.java:setRole(392)) - f700af26-0e26-4136-9205-9509c82c8c70@group-BD7E4048FA23: changes role from CANDIDATE to LEADER at term 1 for changeToLeader
2025-10-16 19:47:27,781 [f700af26-0e26-4136-9205-9509c82c8c70@group-BD7E4048FA23-LeaderElection6] INFO  server.RaftServerConfigKeys (ConfUtils.java:logFallback(69)) - raft.server.staging.timeout = 15600ms (fallback to raft.server.rpc.timeout.max)
2025-10-16 19:47:27,782 | INFO  | SCMAudit | user=runner | ip=127.0.0.1 | op=SEND_HEARTBEAT {"datanodeUUID":"8a0fa2ff-b550-4652-b2fe-0cf91cd4a157","term":"2","command":"[]"} | ret=SUCCESS |  
2025-10-16 19:47:27,783 [f700af26-0e26-4136-9205-9509c82c8c70@group-BD7E4048FA23-LeaderElection6] INFO  server.RaftServerConfigKeys (ConfUtils.java:logGet(62)) - raft.server.write.byte-limit = 1024 M (=1073741824) (custom)
2025-10-16 19:47:27,784 [f700af26-0e26-4136-9205-9509c82c8c70@group-BD7E4048FA23-LeaderElection6] INFO  impl.RoleInfo (RoleInfo.java:updateAndGet(148)) - f700af26-0e26-4136-9205-9509c82c8c70: start f700af26-0e26-4136-9205-9509c82c8c70@group-BD7E4048FA23-LeaderStateImpl
2025-10-16 19:47:27,784 [f700af26-0e26-4136-9205-9509c82c8c70@group-BD7E4048FA23-LeaderElection6] INFO  server.RaftServer$Division (RaftServerImpl.java:setFirstElection(576)) - f700af26-0e26-4136-9205-9509c82c8c70@group-BD7E4048FA23: set firstElectionSinceStartup to false for becomeLeader
2025-10-16 19:47:27,784 [f700af26-0e26-4136-9205-9509c82c8c70@group-BD7E4048FA23-LeaderElection6] INFO  ratis.XceiverServerRatis (XceiverServerRatis.java:handleLeaderChangedNotification(940)) - Leader change notification received for group: group-BD7E4048FA23 with new leaderId: f700af26-0e26-4136-9205-9509c82c8c70
2025-10-16 19:47:27,784 [f700af26-0e26-4136-9205-9509c82c8c70@group-BD7E4048FA23-LeaderElection6] INFO  server.RaftServer$Division (ServerState.java:setLeader(272)) - f700af26-0e26-4136-9205-9509c82c8c70@group-BD7E4048FA23: change Leader from null to f700af26-0e26-4136-9205-9509c82c8c70 at term 1 for becomeLeader, leader elected after 1192ms
2025-10-16 19:47:27,785 [f700af26-0e26-4136-9205-9509c82c8c70@group-BD7E4048FA23-LeaderElection6] INFO  segmented.SegmentedRaftLogWorker (SegmentedRaftLogWorker.java:startLogSegment(440)) - f700af26-0e26-4136-9205-9509c82c8c70@group-BD7E4048FA23-SegmentedRaftLogWorker: Starting segment from index:0
2025-10-16 19:47:27,785 [f700af26-0e26-4136-9205-9509c82c8c70@group-BD7E4048FA23-LeaderElection6] INFO  server.RaftServer$Division (ServerState.java:setRaftConf(386)) - f700af26-0e26-4136-9205-9509c82c8c70@group-BD7E4048FA23: set configuration conf: {index: 0, cur=peers:[f700af26-0e26-4136-9205-9509c82c8c70|127.0.0.1:15015]|listeners:[], old=null}
2025-10-16 19:47:27,785 [f700af26-0e26-4136-9205-9509c82c8c70@group-BD7E4048FA23-SegmentedRaftLogWorker] INFO  segmented.BufferedWriteChannel (BufferedWriteChannel.java:open(61)) - open log_inprogress_0 at position 0
2025-10-16 19:47:27,787 [EventQueue-PipelineReportForOneReplicaPipelineSafeModeRule] INFO  safemode.SCMSafeModeManager (SCMSafeModeManager.java:validateSafeModeExitRules(138)) - OneReplicaPipelineSafeModeRule rule is successfully validated
2025-10-16 19:47:27,788 | INFO  | SCMAudit | user=runner | ip=127.0.0.1 | op=SEND_HEARTBEAT {"datanodeUUID":"f700af26-0e26-4136-9205-9509c82c8c70","term":"2","command":"[]"} | ret=SUCCESS |  
2025-10-16 19:47:27,792 [f700af26-0e26-4136-9205-9509c82c8c70@group-BD7E4048FA23-SegmentedRaftLogWorker] INFO  segmented.SegmentedRaftLogWorker (SegmentedRaftLogWorker.java:execute(647)) - f700af26-0e26-4136-9205-9509c82c8c70@group-BD7E4048FA23-SegmentedRaftLogWorker: created new log segment /home/runner/work/ozone/ozone/hadoop-ozone/integration-test/target/test-dir/MiniOzoneClusterImpl-e7911277-7775-4457-96c8-94071a26a1ce/ozone-metadata/datanode-1/ratis/51adcc56-eff2-451d-bc59-bd7e4048fa23/current/log_inprogress_0
2025-10-16 19:47:27,794 [f700af26-0e26-4136-9205-9509c82c8c70@group-BD7E4048FA23-StateMachineUpdater] INFO  server.RaftServer$Division (LeaderStateImpl.java:checkStartIndex(309)) - Leader f700af26-0e26-4136-9205-9509c82c8c70@group-BD7E4048FA23-LeaderStateImpl is ready since appliedIndex == startIndex == 0
2025-10-16 19:47:27,861 [f700af26-0e26-4136-9205-9509c82c8c70@group-E01CF5EA873D-FollowerState] INFO  impl.FollowerState (FollowerState.java:runImpl(161)) - f700af26-0e26-4136-9205-9509c82c8c70@group-E01CF5EA873D-FollowerState: change to CANDIDATE, lastRpcElapsedTime:1136905338ns, electionTimeout:1134ms
2025-10-16 19:47:27,861 [f700af26-0e26-4136-9205-9509c82c8c70@group-E01CF5EA873D-FollowerState] INFO  impl.RoleInfo (RoleInfo.java:shutdownFollowerState(121)) - f700af26-0e26-4136-9205-9509c82c8c70: shutdown f700af26-0e26-4136-9205-9509c82c8c70@group-E01CF5EA873D-FollowerState
2025-10-16 19:47:27,861 [f700af26-0e26-4136-9205-9509c82c8c70@group-E01CF5EA873D-FollowerState] INFO  server.RaftServer$Division (RaftServerImpl.java:setRole(392)) - f700af26-0e26-4136-9205-9509c82c8c70@group-E01CF5EA873D: changes role from  FOLLOWER to CANDIDATE at term 0 for changeToCandidate
2025-10-16 19:47:27,861 [f700af26-0e26-4136-9205-9509c82c8c70@group-E01CF5EA873D-FollowerState] INFO  impl.RoleInfo (RoleInfo.java:updateAndGet(148)) - f700af26-0e26-4136-9205-9509c82c8c70: start f700af26-0e26-4136-9205-9509c82c8c70@group-E01CF5EA873D-LeaderElection7
2025-10-16 19:47:27,862 [f700af26-0e26-4136-9205-9509c82c8c70@group-E01CF5EA873D-LeaderElection7] INFO  impl.LeaderElection (LeaderElection.java:askForVotes(448)) - f700af26-0e26-4136-9205-9509c82c8c70@group-E01CF5EA873D-LeaderElection7 PRE_VOTE round 0: submit vote requests at term 0 for conf: {index: -1, cur=peers:[8a3c3252-9afe-4d3a-8492-25be6557678a|127.0.0.1:15023, f700af26-0e26-4136-9205-9509c82c8c70|127.0.0.1:15015, 764b18f0-81c5-439a-9fff-25adc4f241fa|127.0.0.1:15031]|listeners:[], old=null}
2025-10-16 19:47:27,862 [f700af26-0e26-4136-9205-9509c82c8c70@group-E01CF5EA873D-LeaderElection7-1] INFO  server.GrpcServerProtocolClient (GrpcServerProtocolClient.java:<init>(65)) - Build channel for 8a3c3252-9afe-4d3a-8492-25be6557678a|127.0.0.1:15023
2025-10-16 19:47:27,862 [f700af26-0e26-4136-9205-9509c82c8c70@group-E01CF5EA873D-LeaderElection7-2] INFO  server.GrpcServerProtocolClient (GrpcServerProtocolClient.java:<init>(65)) - Build channel for 764b18f0-81c5-439a-9fff-25adc4f241fa|127.0.0.1:15031
2025-10-16 19:47:27,868 | INFO  | SCMAudit | user=runner | ip=127.0.0.1 | op=SEND_HEARTBEAT {"datanodeUUID":"c0724e9c-0dd4-4d47-992c-7bfe285fdd38","term":"2","command":"[commandType: createPipelineCommand createPipelineCommandProto { pipelineID { id: \"fb44cfc1-9805-428f-96aa-8b59faaee0ea\" uuid128 { mostSigBits: -340919241387195761 leastSigBits: -7590101003405434646 } } type: RATIS factor: ONE datanode { uuid: \"c0724e9c-0dd4-4d47-992c-7bfe285fdd38\" ipAddress: \"127.0.0.1\" hostName: \"localhost\" ports { name: \"HTTP\" value: 15106 } ports { name: \"CLIENT_RPC\" value: 15107 } ports { name: \"REPLICATION\" value: 15113 } ports { name: \"RATIS\" value: 15109 } ports { name: \"RATIS_ADMIN\" value: 15110 } ports { name: \"RATIS_SERVER\" value: 15111 } ports { name: \"RATIS_DATASTREAM\" value: 15112 } ports { name: \"STANDALONE\" value: 15108 } networkName: \"c0724e9c-0dd4-4d47-992c-7bfe285fdd38\" networkLocation: \"/default-rack\" persistedOpState: IN_SERVICE persistedOpStateExpiry: 0 currentVersion: 2 uuid128 { mostSigBits: -4579511438928491193 leastSigBits: -7409410955402027720 } level: 3 id { uuid { mostSigBits: -4579511438928491193 leastSigBits: -7409410955402027720 } } } cmdId: 1760644044146 priority: 1 } term: 2 encodedToken: \"\" deadlineMsSinceEpoch: 0]"} | ret=SUCCESS |  
2025-10-16 19:47:27,869 [grpc-default-executor-0] INFO  server.RaftServer$Division (RaftServerImpl.java:requestVote(1421)) - 8a3c3252-9afe-4d3a-8492-25be6557678a@group-E01CF5EA873D: receive requestVote(PRE_VOTE, f700af26-0e26-4136-9205-9509c82c8c70, group-E01CF5EA873D, 0, <PROTO_DEFAULT>)
2025-10-16 19:47:27,869 [grpc-default-executor-1] INFO  server.RaftServer$Division (RaftServerImpl.java:requestVote(1421)) - 764b18f0-81c5-439a-9fff-25adc4f241fa@group-E01CF5EA873D: receive requestVote(PRE_VOTE, f700af26-0e26-4136-9205-9509c82c8c70, group-E01CF5EA873D, 0, <PROTO_DEFAULT>)
2025-10-16 19:47:27,869 [grpc-default-executor-0] INFO  impl.VoteContext (VoteContext.java:log(49)) - 8a3c3252-9afe-4d3a-8492-25be6557678a@group-E01CF5EA873D-FOLLOWER: accept PRE_VOTE from f700af26-0e26-4136-9205-9509c82c8c70: our priority 0 <= candidate's priority 1
2025-10-16 19:47:27,869 [grpc-default-executor-1] INFO  impl.VoteContext (VoteContext.java:log(49)) - 764b18f0-81c5-439a-9fff-25adc4f241fa@group-E01CF5EA873D-FOLLOWER: accept PRE_VOTE from f700af26-0e26-4136-9205-9509c82c8c70: our priority 0 <= candidate's priority 1
2025-10-16 19:47:27,870 [grpc-default-executor-0] INFO  server.RaftServer$Division (RaftServerImpl.java:requestVote(1455)) - 8a3c3252-9afe-4d3a-8492-25be6557678a@group-E01CF5EA873D replies to PRE_VOTE vote request: f700af26-0e26-4136-9205-9509c82c8c70<-8a3c3252-9afe-4d3a-8492-25be6557678a#0:OK-t0-last:<INITIAL_VALUE>. Peer's state: 8a3c3252-9afe-4d3a-8492-25be6557678a@group-E01CF5EA873D:t0, leader=null, voted=, raftlog=Memoized:8a3c3252-9afe-4d3a-8492-25be6557678a@group-E01CF5EA873D-SegmentedRaftLog:OPENED:c-1:lastnull, conf=conf: {index: -1, cur=peers:[8a3c3252-9afe-4d3a-8492-25be6557678a|127.0.0.1:15023, f700af26-0e26-4136-9205-9509c82c8c70|127.0.0.1:15015, 764b18f0-81c5-439a-9fff-25adc4f241fa|127.0.0.1:15031]|listeners:[], old=null}
2025-10-16 19:47:27,870 [grpc-default-executor-1] INFO  server.RaftServer$Division (RaftServerImpl.java:requestVote(1455)) - 764b18f0-81c5-439a-9fff-25adc4f241fa@group-E01CF5EA873D replies to PRE_VOTE vote request: f700af26-0e26-4136-9205-9509c82c8c70<-764b18f0-81c5-439a-9fff-25adc4f241fa#0:OK-t0-last:<INITIAL_VALUE>. Peer's state: 764b18f0-81c5-439a-9fff-25adc4f241fa@group-E01CF5EA873D:t0, leader=null, voted=, raftlog=Memoized:764b18f0-81c5-439a-9fff-25adc4f241fa@group-E01CF5EA873D-SegmentedRaftLog:OPENED:c-1:lastnull, conf=conf: {index: -1, cur=peers:[8a3c3252-9afe-4d3a-8492-25be6557678a|127.0.0.1:15023, f700af26-0e26-4136-9205-9509c82c8c70|127.0.0.1:15015, 764b18f0-81c5-439a-9fff-25adc4f241fa|127.0.0.1:15031]|listeners:[], old=null}
2025-10-16 19:47:27,872 [f700af26-0e26-4136-9205-9509c82c8c70@group-E01CF5EA873D-LeaderElection7] INFO  impl.LeaderElection (LeaderElection.java:logAndReturn(206)) - f700af26-0e26-4136-9205-9509c82c8c70@group-E01CF5EA873D-LeaderElection7: PRE_VOTE PASSED received 1 response(s) and 0 exception(s):
2025-10-16 19:47:27,872 [f700af26-0e26-4136-9205-9509c82c8c70@group-E01CF5EA873D-LeaderElection7] INFO  impl.LeaderElection (LeaderElection.java:logAndReturn(210)) -   Response 0: f700af26-0e26-4136-9205-9509c82c8c70<-764b18f0-81c5-439a-9fff-25adc4f241fa#0:OK-t0-last:<INITIAL_VALUE>
2025-10-16 19:47:27,872 [f700af26-0e26-4136-9205-9509c82c8c70@group-E01CF5EA873D-LeaderElection7] INFO  impl.LeaderElection (LeaderElection.java:askForVotes(450)) - f700af26-0e26-4136-9205-9509c82c8c70@group-E01CF5EA873D-LeaderElection7 PRE_VOTE round 0: result PASSED
2025-10-16 19:47:27,873 [f700af26-0e26-4136-9205-9509c82c8c70@group-E01CF5EA873D-LeaderElection7] INFO  impl.LeaderElection (LeaderElection.java:askForVotes(448)) - f700af26-0e26-4136-9205-9509c82c8c70@group-E01CF5EA873D-LeaderElection7 ELECTION round 0: submit vote requests at term 1 for conf: {index: -1, cur=peers:[8a3c3252-9afe-4d3a-8492-25be6557678a|127.0.0.1:15023, f700af26-0e26-4136-9205-9509c82c8c70|127.0.0.1:15015, 764b18f0-81c5-439a-9fff-25adc4f241fa|127.0.0.1:15031]|listeners:[], old=null}
2025-10-16 19:47:27,876 [grpc-default-executor-0] INFO  server.RaftServer$Division (RaftServerImpl.java:requestVote(1421)) - 8a3c3252-9afe-4d3a-8492-25be6557678a@group-E01CF5EA873D: receive requestVote(ELECTION, f700af26-0e26-4136-9205-9509c82c8c70, group-E01CF5EA873D, 1, <PROTO_DEFAULT>)
2025-10-16 19:47:27,876 [grpc-default-executor-0] INFO  impl.VoteContext (VoteContext.java:log(49)) - 8a3c3252-9afe-4d3a-8492-25be6557678a@group-E01CF5EA873D-FOLLOWER: accept ELECTION from f700af26-0e26-4136-9205-9509c82c8c70: our priority 0 <= candidate's priority 1
2025-10-16 19:47:27,876 [grpc-default-executor-0] INFO  server.RaftServer$Division (RaftServerImpl.java:setRole(392)) - 8a3c3252-9afe-4d3a-8492-25be6557678a@group-E01CF5EA873D: changes role from  FOLLOWER to FOLLOWER at term 0 for candidate:f700af26-0e26-4136-9205-9509c82c8c70
2025-10-16 19:47:27,876 [grpc-default-executor-0] INFO  impl.RoleInfo (RoleInfo.java:shutdownFollowerState(121)) - 8a3c3252-9afe-4d3a-8492-25be6557678a: shutdown 8a3c3252-9afe-4d3a-8492-25be6557678a@group-E01CF5EA873D-FollowerState
2025-10-16 19:47:27,876 [grpc-default-executor-0] INFO  impl.RoleInfo (RoleInfo.java:updateAndGet(148)) - 8a3c3252-9afe-4d3a-8492-25be6557678a: start 8a3c3252-9afe-4d3a-8492-25be6557678a@group-E01CF5EA873D-FollowerState
2025-10-16 19:47:27,876 [grpc-default-executor-0] INFO  server.RaftServer$Division (RaftServerImpl.java:setFirstElection(576)) - 8a3c3252-9afe-4d3a-8492-25be6557678a@group-E01CF5EA873D: set firstElectionSinceStartup to false for candidate:f700af26-0e26-4136-9205-9509c82c8c70
2025-10-16 19:47:27,876 [grpc-default-executor-1] INFO  server.RaftServer$Division (RaftServerImpl.java:requestVote(1421)) - 764b18f0-81c5-439a-9fff-25adc4f241fa@group-E01CF5EA873D: receive requestVote(ELECTION, f700af26-0e26-4136-9205-9509c82c8c70, group-E01CF5EA873D, 1, <PROTO_DEFAULT>)
2025-10-16 19:47:27,876 [grpc-default-executor-1] INFO  impl.VoteContext (VoteContext.java:log(49)) - 764b18f0-81c5-439a-9fff-25adc4f241fa@group-E01CF5EA873D-FOLLOWER: accept ELECTION from f700af26-0e26-4136-9205-9509c82c8c70: our priority 0 <= candidate's priority 1
2025-10-16 19:47:27,877 [grpc-default-executor-1] INFO  server.RaftServer$Division (RaftServerImpl.java:setRole(392)) - 764b18f0-81c5-439a-9fff-25adc4f241fa@group-E01CF5EA873D: changes role from  FOLLOWER to FOLLOWER at term 0 for candidate:f700af26-0e26-4136-9205-9509c82c8c70
2025-10-16 19:47:27,877 [grpc-default-executor-1] INFO  impl.RoleInfo (RoleInfo.java:shutdownFollowerState(121)) - 764b18f0-81c5-439a-9fff-25adc4f241fa: shutdown 764b18f0-81c5-439a-9fff-25adc4f241fa@group-E01CF5EA873D-FollowerState
2025-10-16 19:47:27,877 [grpc-default-executor-1] INFO  impl.RoleInfo (RoleInfo.java:updateAndGet(148)) - 764b18f0-81c5-439a-9fff-25adc4f241fa: start 764b18f0-81c5-439a-9fff-25adc4f241fa@group-E01CF5EA873D-FollowerState
2025-10-16 19:47:27,877 [764b18f0-81c5-439a-9fff-25adc4f241fa@group-E01CF5EA873D-FollowerState] INFO  impl.FollowerState (FollowerState.java:runImpl(170)) - 764b18f0-81c5-439a-9fff-25adc4f241fa@group-E01CF5EA873D-FollowerState was interrupted
2025-10-16 19:47:27,876 [8a3c3252-9afe-4d3a-8492-25be6557678a@group-E01CF5EA873D-FollowerState] INFO  impl.FollowerState (FollowerState.java:runImpl(170)) - 8a3c3252-9afe-4d3a-8492-25be6557678a@group-E01CF5EA873D-FollowerState was interrupted
2025-10-16 19:47:27,878 [grpc-default-executor-0] INFO  server.RaftServer$Division (RaftServerImpl.java:requestVote(1455)) - 8a3c3252-9afe-4d3a-8492-25be6557678a@group-E01CF5EA873D replies to ELECTION vote request: f700af26-0e26-4136-9205-9509c82c8c70<-8a3c3252-9afe-4d3a-8492-25be6557678a#0:OK-t1-last:<INITIAL_VALUE>. Peer's state: 8a3c3252-9afe-4d3a-8492-25be6557678a@group-E01CF5EA873D:t1, leader=null, voted=f700af26-0e26-4136-9205-9509c82c8c70, raftlog=Memoized:8a3c3252-9afe-4d3a-8492-25be6557678a@group-E01CF5EA873D-SegmentedRaftLog:OPENED:c-1:lastnull, conf=conf: {index: -1, cur=peers:[8a3c3252-9afe-4d3a-8492-25be6557678a|127.0.0.1:15023, f700af26-0e26-4136-9205-9509c82c8c70|127.0.0.1:15015, 764b18f0-81c5-439a-9fff-25adc4f241fa|127.0.0.1:15031]|listeners:[], old=null}
2025-10-16 19:47:27,878 [grpc-default-executor-1] INFO  server.RaftServer$Division (RaftServerImpl.java:requestVote(1455)) - 764b18f0-81c5-439a-9fff-25adc4f241fa@group-E01CF5EA873D replies to ELECTION vote request: f700af26-0e26-4136-9205-9509c82c8c70<-764b18f0-81c5-439a-9fff-25adc4f241fa#0:OK-t1-last:<INITIAL_VALUE>. Peer's state: 764b18f0-81c5-439a-9fff-25adc4f241fa@group-E01CF5EA873D:t1, leader=null, voted=f700af26-0e26-4136-9205-9509c82c8c70, raftlog=Memoized:764b18f0-81c5-439a-9fff-25adc4f241fa@group-E01CF5EA873D-SegmentedRaftLog:OPENED:c-1:lastnull, conf=conf: {index: -1, cur=peers:[8a3c3252-9afe-4d3a-8492-25be6557678a|127.0.0.1:15023, f700af26-0e26-4136-9205-9509c82c8c70|127.0.0.1:15015, 764b18f0-81c5-439a-9fff-25adc4f241fa|127.0.0.1:15031]|listeners:[], old=null}
2025-10-16 19:47:27,880 [f700af26-0e26-4136-9205-9509c82c8c70@group-E01CF5EA873D-LeaderElection7] INFO  impl.LeaderElection (LeaderElection.java:logAndReturn(206)) - f700af26-0e26-4136-9205-9509c82c8c70@group-E01CF5EA873D-LeaderElection7: ELECTION PASSED received 1 response(s) and 0 exception(s):
2025-10-16 19:47:27,880 [f700af26-0e26-4136-9205-9509c82c8c70@group-E01CF5EA873D-LeaderElection7] INFO  impl.LeaderElection (LeaderElection.java:logAndReturn(210)) -   Response 0: f700af26-0e26-4136-9205-9509c82c8c70<-764b18f0-81c5-439a-9fff-25adc4f241fa#0:OK-t1-last:<INITIAL_VALUE>
2025-10-16 19:47:27,880 [f700af26-0e26-4136-9205-9509c82c8c70@group-E01CF5EA873D-LeaderElection7] INFO  impl.LeaderElection (LeaderElection.java:askForVotes(450)) - f700af26-0e26-4136-9205-9509c82c8c70@group-E01CF5EA873D-LeaderElection7 ELECTION round 0: result PASSED
2025-10-16 19:47:27,880 [f700af26-0e26-4136-9205-9509c82c8c70@group-E01CF5EA873D-LeaderElection7] INFO  impl.RoleInfo (RoleInfo.java:shutdownLeaderElection(141)) - f700af26-0e26-4136-9205-9509c82c8c70: shutdown f700af26-0e26-4136-9205-9509c82c8c70@group-E01CF5EA873D-LeaderElection7
2025-10-16 19:47:27,880 [f700af26-0e26-4136-9205-9509c82c8c70@group-E01CF5EA873D-LeaderElection7] INFO  server.RaftServer$Division (RaftServerImpl.java:setRole(392)) - f700af26-0e26-4136-9205-9509c82c8c70@group-E01CF5EA873D: changes role from CANDIDATE to LEADER at term 1 for changeToLeader
2025-10-16 19:47:27,881 [f700af26-0e26-4136-9205-9509c82c8c70@group-E01CF5EA873D-LeaderElection7] INFO  server.RaftServerConfigKeys (ConfUtils.java:logFallback(69)) - raft.server.staging.timeout = 15600ms (fallback to raft.server.rpc.timeout.max)
2025-10-16 19:47:27,881 [f700af26-0e26-4136-9205-9509c82c8c70@group-E01CF5EA873D-LeaderElection7] INFO  server.RaftServerConfigKeys (ConfUtils.java:logGet(62)) - raft.server.write.byte-limit = 1024 M (=1073741824) (custom)
2025-10-16 19:47:27,889 [f700af26-0e26-4136-9205-9509c82c8c70@group-E01CF5EA873D-LeaderElection7] INFO  server.RaftServerConfigKeys (ConfUtils.java:logGet(62)) - raft.server.log.appender.snapshot.chunk.size.max = 16MB (=16777216) (default)
2025-10-16 19:47:27,889 [f700af26-0e26-4136-9205-9509c82c8c70@group-E01CF5EA873D-LeaderElection7] INFO  server.RaftServerConfigKeys (ConfUtils.java:logGet(62)) - raft.server.log.appender.buffer.byte-limit = 33554432 (custom)
2025-10-16 19:47:27,890 [f700af26-0e26-4136-9205-9509c82c8c70@group-E01CF5EA873D-LeaderElection7] INFO  server.RaftServerConfigKeys (ConfUtils.java:logGet(62)) - raft.server.log.appender.buffer.element-limit = 1024 (custom)
2025-10-16 19:47:27,891 [f700af26-0e26-4136-9205-9509c82c8c70@group-E01CF5EA873D-LeaderElection7] INFO  server.RaftServerConfigKeys (ConfUtils.java:logGet(62)) - raft.server.log.appender.wait-time.min = 0μs (custom)
2025-10-16 19:47:27,892 [f700af26-0e26-4136-9205-9509c82c8c70@group-E01CF5EA873D-LeaderElection7] INFO  grpc.GrpcConfigKeys (ConfUtils.java:logGet(62)) - raft.grpc.server.leader.outstanding.appends.max = 8 (default)
2025-10-16 19:47:27,893 [f700af26-0e26-4136-9205-9509c82c8c70@group-E01CF5EA873D-LeaderElection7] INFO  grpc.GrpcConfigKeys (ConfUtils.java:logGet(62)) - raft.grpc.server.install_snapshot.request.element-limit = 8 (default)
2025-10-16 19:47:27,893 [f700af26-0e26-4136-9205-9509c82c8c70@group-E01CF5EA873D-LeaderElection7] INFO  grpc.GrpcConfigKeys (ConfUtils.java:logGet(62)) - raft.grpc.server.install_snapshot.request.timeout = 3000ms (default)
2025-10-16 19:47:27,893 [f700af26-0e26-4136-9205-9509c82c8c70@group-E01CF5EA873D-LeaderElection7] INFO  grpc.GrpcConfigKeys (ConfUtils.java:logGet(62)) - raft.grpc.server.log-message.batch.duration = 5s (default)
2025-10-16 19:47:27,897 [f700af26-0e26-4136-9205-9509c82c8c70@group-E01CF5EA873D-LeaderElection7] INFO  server.RaftServerConfigKeys (ConfUtils.java:logGet(62)) - raft.server.log.appender.buffer.byte-limit = 33554432 (custom)
2025-10-16 19:47:27,898 [f700af26-0e26-4136-9205-9509c82c8c70@group-E01CF5EA873D-LeaderElection7] INFO  impl.RoleInfo (RoleInfo.java:updateAndGet(148)) - f700af26-0e26-4136-9205-9509c82c8c70: start f700af26-0e26-4136-9205-9509c82c8c70@group-E01CF5EA873D-LeaderStateImpl
2025-10-16 19:47:27,898 [f700af26-0e26-4136-9205-9509c82c8c70@group-E01CF5EA873D-LeaderElection7] INFO  server.RaftServer$Division (RaftServerImpl.java:setFirstElection(576)) - f700af26-0e26-4136-9205-9509c82c8c70@group-E01CF5EA873D: set firstElectionSinceStartup to false for becomeLeader
2025-10-16 19:47:27,898 [f700af26-0e26-4136-9205-9509c82c8c70@group-E01CF5EA873D-LeaderElection7] INFO  ratis.XceiverServerRatis (XceiverServerRatis.java:handleLeaderChangedNotification(940)) - Leader change notification received for group: group-E01CF5EA873D with new leaderId: f700af26-0e26-4136-9205-9509c82c8c70
2025-10-16 19:47:27,898 [f700af26-0e26-4136-9205-9509c82c8c70@group-E01CF5EA873D-LeaderElection7] INFO  server.RaftServer$Division (ServerState.java:setLeader(272)) - f700af26-0e26-4136-9205-9509c82c8c70@group-E01CF5EA873D: change Leader from null to f700af26-0e26-4136-9205-9509c82c8c70 at term 1 for becomeLeader, leader elected after 1216ms
2025-10-16 19:47:27,899 [f700af26-0e26-4136-9205-9509c82c8c70@group-E01CF5EA873D-LeaderElection7] INFO  segmented.SegmentedRaftLogWorker (SegmentedRaftLogWorker.java:startLogSegment(440)) - f700af26-0e26-4136-9205-9509c82c8c70@group-E01CF5EA873D-SegmentedRaftLogWorker: Starting segment from index:0
2025-10-16 19:47:27,899 [f700af26-0e26-4136-9205-9509c82c8c70@group-E01CF5EA873D-LeaderElection7] INFO  server.RaftServer$Division (ServerState.java:setRaftConf(386)) - f700af26-0e26-4136-9205-9509c82c8c70@group-E01CF5EA873D: set configuration conf: {index: 0, cur=peers:[8a3c3252-9afe-4d3a-8492-25be6557678a|127.0.0.1:15023, f700af26-0e26-4136-9205-9509c82c8c70|127.0.0.1:15015, 764b18f0-81c5-439a-9fff-25adc4f241fa|127.0.0.1:15031]|listeners:[], old=null}
2025-10-16 19:47:27,900 [f700af26-0e26-4136-9205-9509c82c8c70@group-E01CF5EA873D-SegmentedRaftLogWorker] INFO  segmented.BufferedWriteChannel (BufferedWriteChannel.java:open(61)) - open log_inprogress_0 at position 0
2025-10-16 19:47:27,902 | INFO  | SCMAudit | user=runner | ip=127.0.0.1 | op=SEND_HEARTBEAT {"datanodeUUID":"f700af26-0e26-4136-9205-9509c82c8c70","term":"2","command":"[]"} | ret=SUCCESS |  
2025-10-16 19:47:27,904 [EventQueue-PipelineReportForOneReplicaPipelineSafeModeRule] INFO  safemode.SCMSafeModeManager (SCMSafeModeManager.java:validateSafeModeExitRules(138)) - OneReplicaPipelineSafeModeRule rule is successfully validated
2025-10-16 19:47:27,908 [f700af26-0e26-4136-9205-9509c82c8c70@group-E01CF5EA873D-SegmentedRaftLogWorker] INFO  segmented.SegmentedRaftLogWorker (SegmentedRaftLogWorker.java:execute(647)) - f700af26-0e26-4136-9205-9509c82c8c70@group-E01CF5EA873D-SegmentedRaftLogWorker: created new log segment /home/runner/work/ozone/ozone/hadoop-ozone/integration-test/target/test-dir/MiniOzoneClusterImpl-e7911277-7775-4457-96c8-94071a26a1ce/ozone-metadata/datanode-1/ratis/8c63ceaf-ef16-456b-926f-e01cf5ea873d/current/log_inprogress_0
2025-10-16 19:47:27,912 [bed9314d-2aab-40ad-9a80-177434bab325@group-94071A26A1CE-StateMachineUpdater] INFO  safemode.SCMSafeModeManager (SCMSafeModeManager.java:validateSafeModeExitRules(138)) - DataNodeSafeModeRule rule is successfully validated
2025-10-16 19:47:27,912 [bed9314d-2aab-40ad-9a80-177434bab325@group-94071A26A1CE-StateMachineUpdater] INFO  safemode.SCMSafeModeManager (SCMSafeModeManager.java:validateSafeModeExitRules(138)) - RatisContainerSafeModeRule rule is successfully validated
2025-10-16 19:47:27,912 [bed9314d-2aab-40ad-9a80-177434bab325@group-94071A26A1CE-StateMachineUpdater] INFO  safemode.HealthyPipelineSafeModeRule (HealthyPipelineSafeModeRule.java:initializeRule(226)) - Refreshed total pipeline count is 1, healthy pipeline threshold count is 1
2025-10-16 19:47:27,912 [bed9314d-2aab-40ad-9a80-177434bab325@group-94071A26A1CE-StateMachineUpdater] INFO  safemode.SCMSafeModeManager (SCMSafeModeManager.java:validateSafeModeExitRules(138)) - OneReplicaPipelineSafeModeRule rule is successfully validated
2025-10-16 19:47:27,912 [bed9314d-2aab-40ad-9a80-177434bab325@group-94071A26A1CE-StateMachineUpdater] INFO  safemode.SCMSafeModeManager (SCMSafeModeManager.java:validateSafeModeExitRules(138)) - ECContainerSafeModeRule rule is successfully validated
2025-10-16 19:47:27,913 [EventQueue-PipelineReportForPipelineReportHandler] INFO  pipeline.PipelineReportHandler (PipelineReportHandler.java:processPipelineReport(132)) - Opened pipeline Pipeline-8c63ceaf-ef16-456b-926f-e01cf5ea873d
2025-10-16 19:47:27,914 [EventQueue-OpenPipelineForHealthyPipelineSafeModeRule] INFO  safemode.SCMSafeModeManager (HealthyPipelineSafeModeRule.java:process(194)) - SCM in safe mode. Healthy pipelines reported count is 1, required healthy pipeline reported count is 1
2025-10-16 19:47:27,914 [EventQueue-OpenPipelineForHealthyPipelineSafeModeRule] INFO  safemode.SCMSafeModeManager (SCMSafeModeManager.java:validateSafeModeExitRules(138)) - HealthyPipelineSafeModeRule rule is successfully validated
2025-10-16 19:47:27,914 [EventQueue-OpenPipelineForHealthyPipelineSafeModeRule] INFO  safemode.SCMSafeModeManager (SCMSafeModeManager.java:validateSafeModeExitRules(158)) - ScmSafeModeManager, all rules are successfully validated
2025-10-16 19:47:27,914 [EventQueue-OpenPipelineForHealthyPipelineSafeModeRule] INFO  safemode.SCMSafeModeManager (SCMSafeModeManager.java:validateSafeModeExitRules(159)) - SCM exiting safe mode.
2025-10-16 19:47:27,914 [EventQueue-OpenPipelineForHealthyPipelineSafeModeRule] INFO  ha.SCMContext (SCMContext.java:updateSafeModeStatus(224)) - Update SafeModeStatus from SafeModeStatus{safeModeStatus=true, preCheckPassed=true} to SafeModeStatus{safeModeStatus=false, preCheckPassed=true}.
2025-10-16 19:47:27,914 [EventQueue-OpenPipelineForHealthyPipelineSafeModeRule] INFO  BackgroundPipelineScrubber (BackgroundSCMService.java:notifyStatusChanged(78)) - Service BackgroundPipelineScrubber transitions to RUNNING.
2025-10-16 19:47:27,915 [EventQueue-OpenPipelineForHealthyPipelineSafeModeRule] INFO  ExpiredContainerReplicaOpScrubber (BackgroundSCMService.java:notifyStatusChanged(78)) - Service ExpiredContainerReplicaOpScrubber transitions to RUNNING.
2025-10-16 19:47:27,915 [EventQueue-OpenPipelineForHealthyPipelineSafeModeRule] INFO  block.SCMBlockDeletingService (SCMBlockDeletingService.java:notifyStatusChanged(265)) - notifyStatusChanged:RUNNING
2025-10-16 19:47:27,915 [EventQueue-OpenPipelineForHealthyPipelineSafeModeRule] INFO  replication.ReplicationManager (ReplicationManager.java:notifyStatusChanged(1389)) - Service ReplicationManager transitions to RUNNING.
2025-10-16 19:47:27,918 [764b18f0-81c5-439a-9fff-25adc4f241fa@group-7F698BB0E6AA-FollowerState] INFO  impl.FollowerState (FollowerState.java:runImpl(161)) - 764b18f0-81c5-439a-9fff-25adc4f241fa@group-7F698BB0E6AA-FollowerState: change to CANDIDATE, lastRpcElapsedTime:1046423338ns, electionTimeout:1044ms
2025-10-16 19:47:27,918 [764b18f0-81c5-439a-9fff-25adc4f241fa@group-7F698BB0E6AA-FollowerState] INFO  impl.RoleInfo (RoleInfo.java:shutdownFollowerState(121)) - 764b18f0-81c5-439a-9fff-25adc4f241fa: shutdown 764b18f0-81c5-439a-9fff-25adc4f241fa@group-7F698BB0E6AA-FollowerState
2025-10-16 19:47:27,918 [764b18f0-81c5-439a-9fff-25adc4f241fa@group-7F698BB0E6AA-FollowerState] INFO  server.RaftServer$Division (RaftServerImpl.java:setRole(392)) - 764b18f0-81c5-439a-9fff-25adc4f241fa@group-7F698BB0E6AA: changes role from  FOLLOWER to CANDIDATE at term 0 for changeToCandidate
2025-10-16 19:47:27,918 [764b18f0-81c5-439a-9fff-25adc4f241fa@group-7F698BB0E6AA-FollowerState] INFO  impl.RoleInfo (RoleInfo.java:updateAndGet(148)) - 764b18f0-81c5-439a-9fff-25adc4f241fa: start 764b18f0-81c5-439a-9fff-25adc4f241fa@group-7F698BB0E6AA-LeaderElection8
2025-10-16 19:47:27,921 [764b18f0-81c5-439a-9fff-25adc4f241fa@group-7F698BB0E6AA-LeaderElection8] INFO  impl.LeaderElection (LeaderElection.java:askForVotes(448)) - 764b18f0-81c5-439a-9fff-25adc4f241fa@group-7F698BB0E6AA-LeaderElection8 PRE_VOTE round 0: submit vote requests at term 0 for conf: {index: -1, cur=peers:[8a3c3252-9afe-4d3a-8492-25be6557678a|127.0.0.1:15023, f700af26-0e26-4136-9205-9509c82c8c70|127.0.0.1:15015, 764b18f0-81c5-439a-9fff-25adc4f241fa|127.0.0.1:15031]|listeners:[], old=null}
2025-10-16 19:47:27,924 [grpc-default-executor-0] INFO  server.RaftServer$Division (RaftServerImpl.java:requestVote(1421)) - 8a3c3252-9afe-4d3a-8492-25be6557678a@group-7F698BB0E6AA: receive requestVote(PRE_VOTE, 764b18f0-81c5-439a-9fff-25adc4f241fa, group-7F698BB0E6AA, 0, <PROTO_DEFAULT>)
2025-10-16 19:47:27,924 [grpc-default-executor-0] INFO  impl.VoteContext (VoteContext.java:log(49)) - 8a3c3252-9afe-4d3a-8492-25be6557678a@group-7F698BB0E6AA-FOLLOWER: reject PRE_VOTE from 764b18f0-81c5-439a-9fff-25adc4f241fa: our priority 1 > candidate's priority 0
2025-10-16 19:47:27,925 [grpc-default-executor-0] INFO  server.RaftServer$Division (RaftServerImpl.java:requestVote(1455)) - 8a3c3252-9afe-4d3a-8492-25be6557678a@group-7F698BB0E6AA replies to PRE_VOTE vote request: 764b18f0-81c5-439a-9fff-25adc4f241fa<-8a3c3252-9afe-4d3a-8492-25be6557678a#0:FAIL-t0-last:<INITIAL_VALUE>. Peer's state: 8a3c3252-9afe-4d3a-8492-25be6557678a@group-7F698BB0E6AA:t0, leader=null, voted=, raftlog=Memoized:8a3c3252-9afe-4d3a-8492-25be6557678a@group-7F698BB0E6AA-SegmentedRaftLog:OPENED:c-1:lastnull, conf=conf: {index: -1, cur=peers:[8a3c3252-9afe-4d3a-8492-25be6557678a|127.0.0.1:15023, f700af26-0e26-4136-9205-9509c82c8c70|127.0.0.1:15015, 764b18f0-81c5-439a-9fff-25adc4f241fa|127.0.0.1:15031]|listeners:[], old=null}
2025-10-16 19:47:27,924 [grpc-default-executor-3] INFO  ratis.XceiverServerRatis (XceiverServerRatis.java:handleLeaderChangedNotification(940)) - Leader change notification received for group: group-E01CF5EA873D with new leaderId: f700af26-0e26-4136-9205-9509c82c8c70
2025-10-16 19:47:27,925 [EventQueue-OpenPipelineForHealthyPipelineSafeModeRule] WARN  balancer.ContainerBalancer (ContainerBalancer.java:shouldRun(136)) - Could not find persisted configuration for ContainerBalancer when checking if ContainerBalancer should run. ContainerBalancer should not run now.
2025-10-16 19:47:27,926 [EventQueue-OpenPipelineForHealthyPipelineSafeModeRule] INFO  SCMHATransactionMonitor (BackgroundSCMService.java:notifyStatusChanged(78)) - Service SCMHATransactionMonitor transitions to RUNNING.
2025-10-16 19:47:27,926 [grpc-default-executor-3] INFO  server.RaftServer$Division (ServerState.java:setLeader(272)) - 764b18f0-81c5-439a-9fff-25adc4f241fa@group-E01CF5EA873D: change Leader from null to f700af26-0e26-4136-9205-9509c82c8c70 at term 1 for appendEntries, leader elected after 1712ms
2025-10-16 19:47:27,926 [grpc-default-executor-4] INFO  ratis.XceiverServerRatis (XceiverServerRatis.java:handleLeaderChangedNotification(940)) - Leader change notification received for group: group-E01CF5EA873D with new leaderId: f700af26-0e26-4136-9205-9509c82c8c70
2025-10-16 19:47:27,927 [grpc-default-executor-4] INFO  server.RaftServer$Division (ServerState.java:setLeader(272)) - 8a3c3252-9afe-4d3a-8492-25be6557678a@group-E01CF5EA873D: change Leader from null to f700af26-0e26-4136-9205-9509c82c8c70 at term 1 for appendEntries, leader elected after 1121ms
2025-10-16 19:47:27,930 [grpc-default-executor-0] INFO  server.RaftServer$Division (RaftServerImpl.java:requestVote(1421)) - f700af26-0e26-4136-9205-9509c82c8c70@group-7F698BB0E6AA: receive requestVote(PRE_VOTE, 764b18f0-81c5-439a-9fff-25adc4f241fa, group-7F698BB0E6AA, 0, <PROTO_DEFAULT>)
2025-10-16 19:47:27,930 [grpc-default-executor-0] INFO  impl.VoteContext (VoteContext.java:log(49)) - f700af26-0e26-4136-9205-9509c82c8c70@group-7F698BB0E6AA-FOLLOWER: accept PRE_VOTE from 764b18f0-81c5-439a-9fff-25adc4f241fa: our priority 0 <= candidate's priority 0
2025-10-16 19:47:27,930 [grpc-default-executor-0] INFO  server.RaftServer$Division (RaftServerImpl.java:requestVote(1455)) - f700af26-0e26-4136-9205-9509c82c8c70@group-7F698BB0E6AA replies to PRE_VOTE vote request: 764b18f0-81c5-439a-9fff-25adc4f241fa<-f700af26-0e26-4136-9205-9509c82c8c70#0:OK-t0-last:<INITIAL_VALUE>. Peer's state: f700af26-0e26-4136-9205-9509c82c8c70@group-7F698BB0E6AA:t0, leader=null, voted=, raftlog=Memoized:f700af26-0e26-4136-9205-9509c82c8c70@group-7F698BB0E6AA-SegmentedRaftLog:OPENED:c-1:lastnull, conf=conf: {index: -1, cur=peers:[8a3c3252-9afe-4d3a-8492-25be6557678a|127.0.0.1:15023, f700af26-0e26-4136-9205-9509c82c8c70|127.0.0.1:15015, 764b18f0-81c5-439a-9fff-25adc4f241fa|127.0.0.1:15031]|listeners:[], old=null}
2025-10-16 19:47:27,932 [764b18f0-81c5-439a-9fff-25adc4f241fa@group-7F698BB0E6AA-LeaderElection8] INFO  impl.LeaderElection (LeaderElection.java:logAndReturn(206)) - 764b18f0-81c5-439a-9fff-25adc4f241fa@group-7F698BB0E6AA-LeaderElection8: PRE_VOTE REJECTED received 1 response(s) and 0 exception(s):
2025-10-16 19:47:27,933 [764b18f0-81c5-439a-9fff-25adc4f241fa@group-7F698BB0E6AA-LeaderElection8] INFO  impl.LeaderElection (LeaderElection.java:logAndReturn(210)) -   Response 0: 764b18f0-81c5-439a-9fff-25adc4f241fa<-8a3c3252-9afe-4d3a-8492-25be6557678a#0:FAIL-t0-last:<INITIAL_VALUE>
2025-10-16 19:47:27,933 [764b18f0-81c5-439a-9fff-25adc4f241fa@group-7F698BB0E6AA-LeaderElection8] INFO  impl.LeaderElection (LeaderElection.java:askForVotes(450)) - 764b18f0-81c5-439a-9fff-25adc4f241fa@group-7F698BB0E6AA-LeaderElection8 PRE_VOTE round 0: result REJECTED
2025-10-16 19:47:27,933 [764b18f0-81c5-439a-9fff-25adc4f241fa@group-7F698BB0E6AA-LeaderElection8] INFO  server.RaftServer$Division (RaftServerImpl.java:setRole(392)) - 764b18f0-81c5-439a-9fff-25adc4f241fa@group-7F698BB0E6AA: changes role from CANDIDATE to FOLLOWER at term 0 for REJECTED
2025-10-16 19:47:27,933 [764b18f0-81c5-439a-9fff-25adc4f241fa@group-7F698BB0E6AA-LeaderElection8] INFO  impl.RoleInfo (RoleInfo.java:shutdownLeaderElection(141)) - 764b18f0-81c5-439a-9fff-25adc4f241fa: shutdown 764b18f0-81c5-439a-9fff-25adc4f241fa@group-7F698BB0E6AA-LeaderElection8
2025-10-16 19:47:27,933 [764b18f0-81c5-439a-9fff-25adc4f241fa@group-7F698BB0E6AA-LeaderElection8] INFO  impl.RoleInfo (RoleInfo.java:updateAndGet(148)) - 764b18f0-81c5-439a-9fff-25adc4f241fa: start 764b18f0-81c5-439a-9fff-25adc4f241fa@group-7F698BB0E6AA-FollowerState
2025-10-16 19:47:27,934 [764b18f0-81c5-439a-9fff-25adc4f241fa@group-7F698BB0E6AA-LeaderElection8] INFO  server.RaftServer$Division (RaftServerImpl.java:setFirstElection(576)) - 764b18f0-81c5-439a-9fff-25adc4f241fa@group-7F698BB0E6AA: set firstElectionSinceStartup to false for REJECTED
2025-10-16 19:47:27,941 [grpc-default-executor-4] INFO  server.RaftServer$Division (ServerState.java:setRaftConf(386)) - 8a3c3252-9afe-4d3a-8492-25be6557678a@group-E01CF5EA873D: set configuration conf: {index: 0, cur=peers:[8a3c3252-9afe-4d3a-8492-25be6557678a|127.0.0.1:15023, f700af26-0e26-4136-9205-9509c82c8c70|127.0.0.1:15015, 764b18f0-81c5-439a-9fff-25adc4f241fa|127.0.0.1:15031]|listeners:[], old=null}
2025-10-16 19:47:27,941 [grpc-default-executor-0] INFO  server.RaftServer$Division (ServerState.java:setRaftConf(386)) - 764b18f0-81c5-439a-9fff-25adc4f241fa@group-E01CF5EA873D: set configuration conf: {index: 0, cur=peers:[8a3c3252-9afe-4d3a-8492-25be6557678a|127.0.0.1:15023, f700af26-0e26-4136-9205-9509c82c8c70|127.0.0.1:15015, 764b18f0-81c5-439a-9fff-25adc4f241fa|127.0.0.1:15031]|listeners:[], old=null}
2025-10-16 19:47:27,944 [grpc-default-executor-0] INFO  segmented.SegmentedRaftLogWorker (SegmentedRaftLogWorker.java:startLogSegment(440)) - 764b18f0-81c5-439a-9fff-25adc4f241fa@group-E01CF5EA873D-SegmentedRaftLogWorker: Starting segment from index:0
2025-10-16 19:47:27,944 [grpc-default-executor-4] INFO  segmented.SegmentedRaftLogWorker (SegmentedRaftLogWorker.java:startLogSegment(440)) - 8a3c3252-9afe-4d3a-8492-25be6557678a@group-E01CF5EA873D-SegmentedRaftLogWorker: Starting segment from index:0
2025-10-16 19:47:27,947 [8a3c3252-9afe-4d3a-8492-25be6557678a@group-E01CF5EA873D-SegmentedRaftLogWorker] INFO  segmented.BufferedWriteChannel (BufferedWriteChannel.java:open(61)) - open log_inprogress_0 at position 0
2025-10-16 19:47:27,948 [764b18f0-81c5-439a-9fff-25adc4f241fa@group-E01CF5EA873D-SegmentedRaftLogWorker] INFO  segmented.BufferedWriteChannel (BufferedWriteChannel.java:open(61)) - open log_inprogress_0 at position 0
2025-10-16 19:47:27,957 [764b18f0-81c5-439a-9fff-25adc4f241fa@group-E01CF5EA873D-SegmentedRaftLogWorker] INFO  segmented.SegmentedRaftLogWorker (SegmentedRaftLogWorker.java:execute(647)) - 764b18f0-81c5-439a-9fff-25adc4f241fa@group-E01CF5EA873D-SegmentedRaftLogWorker: created new log segment /home/runner/work/ozone/ozone/hadoop-ozone/integration-test/target/test-dir/MiniOzoneClusterImpl-e7911277-7775-4457-96c8-94071a26a1ce/ozone-metadata/datanode-3/ratis/8c63ceaf-ef16-456b-926f-e01cf5ea873d/current/log_inprogress_0
2025-10-16 19:47:27,957 [8a3c3252-9afe-4d3a-8492-25be6557678a@group-E01CF5EA873D-SegmentedRaftLogWorker] INFO  segmented.SegmentedRaftLogWorker (SegmentedRaftLogWorker.java:execute(647)) - 8a3c3252-9afe-4d3a-8492-25be6557678a@group-E01CF5EA873D-SegmentedRaftLogWorker: created new log segment /home/runner/work/ozone/ozone/hadoop-ozone/integration-test/target/test-dir/MiniOzoneClusterImpl-e7911277-7775-4457-96c8-94071a26a1ce/ozone-metadata/datanode-2/ratis/8c63ceaf-ef16-456b-926f-e01cf5ea873d/current/log_inprogress_0
2025-10-16 19:47:27,962 [f700af26-0e26-4136-9205-9509c82c8c70@group-E01CF5EA873D-StateMachineUpdater] INFO  server.RaftServer$Division (LeaderStateImpl.java:checkStartIndex(309)) - Leader f700af26-0e26-4136-9205-9509c82c8c70@group-E01CF5EA873D-LeaderStateImpl is ready since appliedIndex == startIndex == 0
2025-10-16 19:47:27,992 | INFO  | SCMAudit | user=runner | ip=127.0.0.1 | op=SEND_HEARTBEAT {"datanodeUUID":"8a3c3252-9afe-4d3a-8492-25be6557678a","term":"2","command":"[]"} | ret=SUCCESS |  
2025-10-16 19:47:27,996 [0428ab3f-efd5-438e-ae11-9ec242443260-CreatePipelineCommandHandlerThread-0] INFO  server.RaftServer (RaftServerProxy.java:addNew(105)) - 0428ab3f-efd5-438e-ae11-9ec242443260: addNew group-40AA573C6A0C:[0428ab3f-efd5-438e-ae11-9ec242443260|127.0.0.1:15055] returns group-40AA573C6A0C:java.util.concurrent.CompletableFuture@54dda57b[Not completed]
2025-10-16 19:47:27,998 [0428ab3f-efd5-438e-ae11-9ec242443260-groupManagement] INFO  server.RaftServer$Division (RaftServerImpl.java:<init>(268)) - 0428ab3f-efd5-438e-ae11-9ec242443260: new RaftServerImpl for group-40AA573C6A0C:[0428ab3f-efd5-438e-ae11-9ec242443260|127.0.0.1:15055] with ContainerStateMachine:uninitialized
2025-10-16 19:47:27,998 [0428ab3f-efd5-438e-ae11-9ec242443260-groupManagement] INFO  server.RaftServer$Division (ServerState.java:<init>(114)) - 0428ab3f-efd5-438e-ae11-9ec242443260@group-40AA573C6A0C: ConfigurationManager, init=conf: {index: -1, cur=peers:[0428ab3f-efd5-438e-ae11-9ec242443260|127.0.0.1:15055]|listeners:[], old=null}, confs=<EMPTY_MAP>
2025-10-16 19:47:28,003 [0428ab3f-efd5-438e-ae11-9ec242443260-groupManagement] INFO  server.RaftServerConfigKeys (ConfUtils.java:logGet(62)) - raft.server.storage.dir = [/home/runner/work/ozone/ozone/hadoop-ozone/integration-test/target/test-dir/MiniOzoneClusterImpl-e7911277-7775-4457-96c8-94071a26a1ce/ozone-metadata/datanode-6/ratis] (custom)
2025-10-16 19:47:28,004 [0428ab3f-efd5-438e-ae11-9ec242443260-groupManagement] INFO  storage.RaftStorageDirectory (RaftStorageDirectoryImpl.java:analyzeStorage(138)) - The storage directory /home/runner/work/ozone/ozone/hadoop-ozone/integration-test/target/test-dir/MiniOzoneClusterImpl-e7911277-7775-4457-96c8-94071a26a1ce/ozone-metadata/datanode-6/ratis/2f9f1949-6567-4039-bf12-40aa573c6a0c does not exist. Creating ...
2025-10-16 19:47:28,006 [0428ab3f-efd5-438e-ae11-9ec242443260-groupManagement] INFO  storage.RaftStorageDirectory (RaftStorageDirectoryImpl.java:tryLock(229)) - Lock on /home/runner/work/ozone/ozone/hadoop-ozone/integration-test/target/test-dir/MiniOzoneClusterImpl-e7911277-7775-4457-96c8-94071a26a1ce/ozone-metadata/datanode-6/ratis/2f9f1949-6567-4039-bf12-40aa573c6a0c/in_use.lock acquired by nodename 40995@localhost
2025-10-16 19:47:28,007 [0428ab3f-efd5-438e-ae11-9ec242443260-groupManagement] INFO  storage.RaftStorage (RaftStorageImpl.java:format(98)) - Storage directory /home/runner/work/ozone/ozone/hadoop-ozone/integration-test/target/test-dir/MiniOzoneClusterImpl-e7911277-7775-4457-96c8-94071a26a1ce/ozone-metadata/datanode-6/ratis/2f9f1949-6567-4039-bf12-40aa573c6a0c has been successfully formatted.
2025-10-16 19:47:28,008 [0428ab3f-efd5-438e-ae11-9ec242443260-groupManagement] INFO  ratis.ContainerStateMachine (ContainerStateMachine.java:initialize(339)) - 0428ab3f-efd5-438e-ae11-9ec242443260: initialize group-40AA573C6A0C
2025-10-16 19:47:28,008 [0428ab3f-efd5-438e-ae11-9ec242443260-groupManagement] INFO  ratis.ContainerStateMachine (ContainerStateMachine.java:loadSnapshot(347)) - group-40AA573C6A0C: The snapshot info is null. Setting the last applied index to:<INITIAL_VALUE>
2025-10-16 19:47:28,008 [0428ab3f-efd5-438e-ae11-9ec242443260-groupManagement] INFO  server.RaftServerConfigKeys (ConfUtils.java:logGet(62)) - raft.server.log.appender.buffer.byte-limit = 33554432 (custom)
2025-10-16 19:47:28,011 | INFO  | SCMAudit | user=runner | ip=127.0.0.1 | op=SEND_HEARTBEAT {"datanodeUUID":"0428ab3f-efd5-438e-ae11-9ec242443260","term":"2","command":"[]"} | ret=SUCCESS |  
2025-10-16 19:47:28,012 [0428ab3f-efd5-438e-ae11-9ec242443260-groupManagement] INFO  server.RaftServerConfigKeys (ConfUtils.java:logGet(62)) - raft.server.log.segment.size.max = 67108864 (custom)
2025-10-16 19:47:28,013 [0428ab3f-efd5-438e-ae11-9ec242443260-groupManagement] INFO  server.RaftServerConfigKeys (ConfUtils.java:logGet(62)) - raft.server.log.appender.buffer.byte-limit = 33554432 (custom)
2025-10-16 19:47:28,013 [0428ab3f-efd5-438e-ae11-9ec242443260-groupManagement] INFO  util.AwaitToRun (AwaitToRun.java:start(81)) - Thread[#1598,0428ab3f-efd5-438e-ae11-9ec242443260@group-40AA573C6A0C-cacheEviction-AwaitToRun,5,main] started
2025-10-16 19:47:28,014 [0428ab3f-efd5-438e-ae11-9ec242443260-groupManagement] INFO  segmented.SegmentedRaftLogWorker (SegmentedRaftLogWorker.java:<init>(190)) - new 0428ab3f-efd5-438e-ae11-9ec242443260@group-40AA573C6A0C-SegmentedRaftLogWorker for RaftStorageImpl:Storage Directory /home/runner/work/ozone/ozone/hadoop-ozone/integration-test/target/test-dir/MiniOzoneClusterImpl-e7911277-7775-4457-96c8-94071a26a1ce/ozone-metadata/datanode-6/ratis/2f9f1949-6567-4039-bf12-40aa573c6a0c
2025-10-16 19:47:28,014 [0428ab3f-efd5-438e-ae11-9ec242443260-groupManagement] INFO  server.RaftServerConfigKeys (ConfUtils.java:logGet(62)) - raft.server.log.queue.byte-limit = 4294967296 (custom)
2025-10-16 19:47:28,014 [0428ab3f-efd5-438e-ae11-9ec242443260-groupManagement] INFO  server.RaftServerConfigKeys (ConfUtils.java:logGet(62)) - raft.server.log.segment.size.max = 67108864 (custom)
2025-10-16 19:47:28,014 [0428ab3f-efd5-438e-ae11-9ec242443260-groupManagement] INFO  server.RaftServerConfigKeys (ConfUtils.java:logGet(62)) - raft.server.log.preallocated.size = 4194304 (custom)
2025-10-16 19:47:28,015 [0428ab3f-efd5-438e-ae11-9ec242443260-groupManagement] INFO  server.RaftServerConfigKeys (ConfUtils.java:logGet(62)) - raft.server.log.write.buffer.size = 33554440 (custom)
2025-10-16 19:47:28,018 [EventQueue-PipelineReportForPipelineReportHandler] INFO  pipeline.PipelineReportHandler (PipelineReportHandler.java:processPipelineReport(132)) - Opened pipeline Pipeline-2f9f1949-6567-4039-bf12-40aa573c6a0c
2025-10-16 19:47:28,022 [0428ab3f-efd5-438e-ae11-9ec242443260-groupManagement] INFO  server.RaftServerConfigKeys (ConfUtils.java:logGet(62)) - raft.server.log.appender.buffer.byte-limit = 33554432 (custom)
2025-10-16 19:47:28,023 [0428ab3f-efd5-438e-ae11-9ec242443260-groupManagement] INFO  segmented.SegmentedRaftLogWorker (SegmentedRaftLogWorker.java:lambda$new$0(141)) - 0428ab3f-efd5-438e-ae11-9ec242443260@group-40AA573C6A0C-SegmentedRaftLogWorker: flushIndex: setUnconditionally 0 -> -1
2025-10-16 19:47:28,024 [0428ab3f-efd5-438e-ae11-9ec242443260-groupManagement] INFO  segmented.SegmentedRaftLogWorker (SegmentedRaftLogWorker.java:lambda$new$0(141)) - 0428ab3f-efd5-438e-ae11-9ec242443260@group-40AA573C6A0C-SegmentedRaftLogWorker: safeCacheEvictIndex: setUnconditionally 0 -> -1
2025-10-16 19:47:28,025 [0428ab3f-efd5-438e-ae11-9ec242443260-groupManagement] INFO  server.RaftServer$Division (RaftServerImpl.java:start(405)) - 0428ab3f-efd5-438e-ae11-9ec242443260@group-40AA573C6A0C: start as a follower, conf=conf: {index: -1, cur=peers:[0428ab3f-efd5-438e-ae11-9ec242443260|127.0.0.1:15055]|listeners:[], old=null}
2025-10-16 19:47:28,025 [0428ab3f-efd5-438e-ae11-9ec242443260-groupManagement] INFO  server.RaftServer$Division (RaftServerImpl.java:setRole(392)) - 0428ab3f-efd5-438e-ae11-9ec242443260@group-40AA573C6A0C: changes role from      null to FOLLOWER at term 0 for startAsFollower
2025-10-16 19:47:28,025 [0428ab3f-efd5-438e-ae11-9ec242443260-groupManagement] INFO  impl.RoleInfo (RoleInfo.java:updateAndGet(148)) - 0428ab3f-efd5-438e-ae11-9ec242443260: start 0428ab3f-efd5-438e-ae11-9ec242443260@group-40AA573C6A0C-FollowerState
2025-10-16 19:47:28,025 [0428ab3f-efd5-438e-ae11-9ec242443260-groupManagement] INFO  util.JmxRegister (JmxRegister.java:tryRegister(44)) - Successfully registered JMX Bean with object name Ratis:service=RaftServer,group=group-40AA573C6A0C,id=0428ab3f-efd5-438e-ae11-9ec242443260
2025-10-16 19:47:28,026 [0428ab3f-efd5-438e-ae11-9ec242443260-groupManagement] INFO  util.JmxRegister (JmxRegister.java:register(58)) - register mxBean class org.apache.ratis.server.impl.RaftServerJmxAdapter as Ratis:service=RaftServer,group=group-40AA573C6A0C,id=0428ab3f-efd5-438e-ae11-9ec242443260
2025-10-16 19:47:28,027 [0428ab3f-efd5-438e-ae11-9ec242443260-groupManagement] INFO  server.RaftServer$Division (RaftServerImpl.java:start(419)) - 0428ab3f-efd5-438e-ae11-9ec242443260@group-40AA573C6A0C: Successfully started.
2025-10-16 19:47:28,028 [0428ab3f-efd5-438e-ae11-9ec242443260-CreatePipelineCommandHandlerThread-0] INFO  ratis.XceiverServerRatis (XceiverServerRatis.java:addGroup(839)) - Created group Pipeline-2f9f1949-6567-4039-bf12-40aa573c6a0c
2025-10-16 19:47:28,028 [0428ab3f-efd5-438e-ae11-9ec242443260-CreatePipelineCommandHandlerThread-0] INFO  commandhandler.CreatePipelineCommandHandler (CreatePipelineCommandHandler.java:lambda$handle$2(141)) - Created Pipeline RATIS ONE Pipeline-2f9f1949-6567-4039-bf12-40aa573c6a0c.
2025-10-16 19:47:28,033 | INFO  | SCMAudit | user=runner | ip=127.0.0.1 | op=SEND_HEARTBEAT {"datanodeUUID":"0e8b6cc7-9945-4141-97fc-6aa017a0d5fa","term":"2","command":"[commandType: createPipelineCommand createPipelineCommandProto { pipelineID { id: \"36270c74-4c8b-4dac-af71-cdbac21eb987\" uuid128 { mostSigBits: 3902101295779761580 leastSigBits: -5804632242699454073 } } type: RATIS factor: THREE datanode { uuid: \"0e8b6cc7-9945-4141-97fc-6aa017a0d5fa\" ipAddress: \"127.0.0.1\" hostName: \"localhost\" ports { name: \"HTTP\" value: 15082 } ports { name: \"CLIENT_RPC\" value: 15083 } ports { name: \"REPLICATION\" value: 15089 } ports { name: \"RATIS\" value: 15085 } ports { name: \"RATIS_ADMIN\" value: 15086 } ports { name: \"RATIS_SERVER\" value: 15087 } ports { name: \"RATIS_DATASTREAM\" value: 15088 } ports { name: \"STANDALONE\" value: 15084 } networkName: \"0e8b6cc7-9945-4141-97fc-6aa017a0d5fa\" networkLocation: \"/default-rack\" persistedOpState: IN_SERVICE persistedOpStateExpiry: 0 currentVersion: 2 uuid128 { mostSigBits: 1048050942819516737 leastSigBits: -7494998444027619846 } level: 3 id { uuid { mostSigBits: 1048050942819516737 leastSigBits: -7494998444027619846 } } } datanode { uuid: \"702cb173-5c73-4ecc-b5cd-c7b4a6b66aea\" ipAddress: \"127.0.0.1\" hostName: \"localhost\" ports { name: \"HTTP\" value: 15090 } ports { name: \"CLIENT_RPC\" value: 15091 } ports { name: \"REPLICATION\" value: 15097 } ports { name: \"RATIS\" value: 15093 } ports { name: \"RATIS_ADMIN\" value: 15094 } ports { name: \"RATIS_SERVER\" value: 15095 } ports { name: \"RATIS_DATASTREAM\" value: 15096 } ports { name: \"STANDALONE\" value: 15092 } networkName: \"702cb173-5c73-4ecc-b5cd-c7b4a6b66aea\" networkLocation: \"/default-rack\" persistedOpState: IN_SERVICE persistedOpStateExpiry: 0 currentVersion: 2 uuid128 { mostSigBits: 8083030540253613772 leastSigBits: -5346397603913897238 } level: 3 id { uuid { mostSigBits: 8083030540253613772 leastSigBits: -5346397603913897238 } } } datanode { uuid: \"e33e6ec4-6b66-4281-bedd-2bd75bd30070\" ipAddress: \"127.0.0.1\" hostName: \"localhost\" ports { name: \"HTTP\" value: 15098 } ports { name: \"CLIENT_RPC\" value: 15099 } ports { name: \"REPLICATION\" value: 15105 } ports { name: \"RATIS\" value: 15101 } ports { name: \"RATIS_ADMIN\" value: 15102 } ports { name: \"RATIS_SERVER\" value: 15103 } ports { name: \"RATIS_DATASTREAM\" value: 15104 } ports { name: \"STANDALONE\" value: 15100 } networkName: \"e33e6ec4-6b66-4281-bedd-2bd75bd30070\" networkLocation: \"/default-rack\" persistedOpState: IN_SERVICE persistedOpStateExpiry: 0 currentVersion: 2 uuid128 { mostSigBits: -2072096988649340287 leastSigBits: -4693547032691670928 } level: 3 id { uuid { mostSigBits: -2072096988649340287 leastSigBits: -4693547032691670928 } } } cmdId: 1760644044145 priority: 0 priority: 1 priority: 0 } term: 2 encodedToken: \"\" deadlineMsSinceEpoch: 0]"} | ret=SUCCESS |  
2025-10-16 19:47:28,053 [8a3c3252-9afe-4d3a-8492-25be6557678a@group-7F698BB0E6AA-FollowerState] INFO  impl.FollowerState (FollowerState.java:runImpl(161)) - 8a3c3252-9afe-4d3a-8492-25be6557678a@group-7F698BB0E6AA-FollowerState: change to CANDIDATE, lastRpcElapsedTime:1042992426ns, electionTimeout:1042ms
2025-10-16 19:47:28,054 [8a3c3252-9afe-4d3a-8492-25be6557678a@group-7F698BB0E6AA-FollowerState] INFO  impl.RoleInfo (RoleInfo.java:shutdownFollowerState(121)) - 8a3c3252-9afe-4d3a-8492-25be6557678a: shutdown 8a3c3252-9afe-4d3a-8492-25be6557678a@group-7F698BB0E6AA-FollowerState
2025-10-16 19:47:28,054 [8a3c3252-9afe-4d3a-8492-25be6557678a@group-7F698BB0E6AA-FollowerState] INFO  server.RaftServer$Division (RaftServerImpl.java:setRole(392)) - 8a3c3252-9afe-4d3a-8492-25be6557678a@group-7F698BB0E6AA: changes role from  FOLLOWER to CANDIDATE at term 0 for changeToCandidate
2025-10-16 19:47:28,054 [8a3c3252-9afe-4d3a-8492-25be6557678a@group-7F698BB0E6AA-FollowerState] INFO  impl.RoleInfo (RoleInfo.java:updateAndGet(148)) - 8a3c3252-9afe-4d3a-8492-25be6557678a: start 8a3c3252-9afe-4d3a-8492-25be6557678a@group-7F698BB0E6AA-LeaderElection9
2025-10-16 19:47:28,054 [8a3c3252-9afe-4d3a-8492-25be6557678a@group-7F698BB0E6AA-LeaderElection9] INFO  impl.LeaderElection (LeaderElection.java:askForVotes(448)) - 8a3c3252-9afe-4d3a-8492-25be6557678a@group-7F698BB0E6AA-LeaderElection9 PRE_VOTE round 0: submit vote requests at term 0 for conf: {index: -1, cur=peers:[8a3c3252-9afe-4d3a-8492-25be6557678a|127.0.0.1:15023, f700af26-0e26-4136-9205-9509c82c8c70|127.0.0.1:15015, 764b18f0-81c5-439a-9fff-25adc4f241fa|127.0.0.1:15031]|listeners:[], old=null}
2025-10-16 19:47:28,055 [8a3c3252-9afe-4d3a-8492-25be6557678a@group-7F698BB0E6AA-LeaderElection9-1] INFO  server.GrpcServerProtocolClient (GrpcServerProtocolClient.java:<init>(65)) - Build channel for f700af26-0e26-4136-9205-9509c82c8c70|127.0.0.1:15015
2025-10-16 19:47:28,057 [8a3c3252-9afe-4d3a-8492-25be6557678a@group-7F698BB0E6AA-LeaderElection9-2] INFO  server.GrpcServerProtocolClient (GrpcServerProtocolClient.java:<init>(65)) - Build channel for 764b18f0-81c5-439a-9fff-25adc4f241fa|127.0.0.1:15031
2025-10-16 19:47:28,063 [grpc-default-executor-5] INFO  server.RaftServer$Division (RaftServerImpl.java:requestVote(1421)) - f700af26-0e26-4136-9205-9509c82c8c70@group-7F698BB0E6AA: receive requestVote(PRE_VOTE, 8a3c3252-9afe-4d3a-8492-25be6557678a, group-7F698BB0E6AA, 0, <PROTO_DEFAULT>)
2025-10-16 19:47:28,063 [grpc-default-executor-5] INFO  impl.VoteContext (VoteContext.java:log(49)) - f700af26-0e26-4136-9205-9509c82c8c70@group-7F698BB0E6AA-FOLLOWER: accept PRE_VOTE from 8a3c3252-9afe-4d3a-8492-25be6557678a: our priority 0 <= candidate's priority 1
2025-10-16 19:47:28,063 [grpc-default-executor-5] INFO  server.RaftServer$Division (RaftServerImpl.java:requestVote(1455)) - f700af26-0e26-4136-9205-9509c82c8c70@group-7F698BB0E6AA replies to PRE_VOTE vote request: 8a3c3252-9afe-4d3a-8492-25be6557678a<-f700af26-0e26-4136-9205-9509c82c8c70#0:OK-t0-last:<INITIAL_VALUE>. Peer's state: f700af26-0e26-4136-9205-9509c82c8c70@group-7F698BB0E6AA:t0, leader=null, voted=, raftlog=Memoized:f700af26-0e26-4136-9205-9509c82c8c70@group-7F698BB0E6AA-SegmentedRaftLog:OPENED:c-1:lastnull, conf=conf: {index: -1, cur=peers:[8a3c3252-9afe-4d3a-8492-25be6557678a|127.0.0.1:15023, f700af26-0e26-4136-9205-9509c82c8c70|127.0.0.1:15015, 764b18f0-81c5-439a-9fff-25adc4f241fa|127.0.0.1:15031]|listeners:[], old=null}
2025-10-16 19:47:28,064 [grpc-default-executor-5] INFO  server.RaftServer$Division (RaftServerImpl.java:requestVote(1421)) - 764b18f0-81c5-439a-9fff-25adc4f241fa@group-7F698BB0E6AA: receive requestVote(PRE_VOTE, 8a3c3252-9afe-4d3a-8492-25be6557678a, group-7F698BB0E6AA, 0, <PROTO_DEFAULT>)
2025-10-16 19:47:28,065 [grpc-default-executor-5] INFO  impl.VoteContext (VoteContext.java:log(49)) - 764b18f0-81c5-439a-9fff-25adc4f241fa@group-7F698BB0E6AA-FOLLOWER: accept PRE_VOTE from 8a3c3252-9afe-4d3a-8492-25be6557678a: our priority 0 <= candidate's priority 1
2025-10-16 19:47:28,065 [grpc-default-executor-5] INFO  server.RaftServer$Division (RaftServerImpl.java:requestVote(1455)) - 764b18f0-81c5-439a-9fff-25adc4f241fa@group-7F698BB0E6AA replies to PRE_VOTE vote request: 8a3c3252-9afe-4d3a-8492-25be6557678a<-764b18f0-81c5-439a-9fff-25adc4f241fa#0:OK-t0-last:<INITIAL_VALUE>. Peer's state: 764b18f0-81c5-439a-9fff-25adc4f241fa@group-7F698BB0E6AA:t0, leader=null, voted=, raftlog=Memoized:764b18f0-81c5-439a-9fff-25adc4f241fa@group-7F698BB0E6AA-SegmentedRaftLog:OPENED:c-1:lastnull, conf=conf: {index: -1, cur=peers:[8a3c3252-9afe-4d3a-8492-25be6557678a|127.0.0.1:15023, f700af26-0e26-4136-9205-9509c82c8c70|127.0.0.1:15015, 764b18f0-81c5-439a-9fff-25adc4f241fa|127.0.0.1:15031]|listeners:[], old=null}
2025-10-16 19:47:28,067 [8a3c3252-9afe-4d3a-8492-25be6557678a@group-7F698BB0E6AA-LeaderElection9] INFO  impl.LeaderElection (LeaderElection.java:logAndReturn(206)) - 8a3c3252-9afe-4d3a-8492-25be6557678a@group-7F698BB0E6AA-LeaderElection9: PRE_VOTE PASSED received 1 response(s) and 0 exception(s):
2025-10-16 19:47:28,067 [8a3c3252-9afe-4d3a-8492-25be6557678a@group-7F698BB0E6AA-LeaderElection9] INFO  impl.LeaderElection (LeaderElection.java:logAndReturn(210)) -   Response 0: 8a3c3252-9afe-4d3a-8492-25be6557678a<-764b18f0-81c5-439a-9fff-25adc4f241fa#0:OK-t0-last:<INITIAL_VALUE>
2025-10-16 19:47:28,067 [8a3c3252-9afe-4d3a-8492-25be6557678a@group-7F698BB0E6AA-LeaderElection9] INFO  impl.LeaderElection (LeaderElection.java:askForVotes(450)) - 8a3c3252-9afe-4d3a-8492-25be6557678a@group-7F698BB0E6AA-LeaderElection9 PRE_VOTE round 0: result PASSED
2025-10-16 19:47:28,068 [8a3c3252-9afe-4d3a-8492-25be6557678a@group-7F698BB0E6AA-LeaderElection9] INFO  impl.LeaderElection (LeaderElection.java:askForVotes(448)) - 8a3c3252-9afe-4d3a-8492-25be6557678a@group-7F698BB0E6AA-LeaderElection9 ELECTION round 0: submit vote requests at term 1 for conf: {index: -1, cur=peers:[8a3c3252-9afe-4d3a-8492-25be6557678a|127.0.0.1:15023, f700af26-0e26-4136-9205-9509c82c8c70|127.0.0.1:15015, 764b18f0-81c5-439a-9fff-25adc4f241fa|127.0.0.1:15031]|listeners:[], old=null}
2025-10-16 19:47:28,072 [grpc-default-executor-5] INFO  server.RaftServer$Division (RaftServerImpl.java:requestVote(1421)) - f700af26-0e26-4136-9205-9509c82c8c70@group-7F698BB0E6AA: receive requestVote(ELECTION, 8a3c3252-9afe-4d3a-8492-25be6557678a, group-7F698BB0E6AA, 1, <PROTO_DEFAULT>)
2025-10-16 19:47:28,072 [grpc-default-executor-5] INFO  impl.VoteContext (VoteContext.java:log(49)) - f700af26-0e26-4136-9205-9509c82c8c70@group-7F698BB0E6AA-FOLLOWER: accept ELECTION from 8a3c3252-9afe-4d3a-8492-25be6557678a: our priority 0 <= candidate's priority 1
2025-10-16 19:47:28,072 [grpc-default-executor-5] INFO  server.RaftServer$Division (RaftServerImpl.java:setRole(392)) - f700af26-0e26-4136-9205-9509c82c8c70@group-7F698BB0E6AA: changes role from  FOLLOWER to FOLLOWER at term 0 for candidate:8a3c3252-9afe-4d3a-8492-25be6557678a
2025-10-16 19:47:28,073 [grpc-default-executor-5] INFO  impl.RoleInfo (RoleInfo.java:shutdownFollowerState(121)) - f700af26-0e26-4136-9205-9509c82c8c70: shutdown f700af26-0e26-4136-9205-9509c82c8c70@group-7F698BB0E6AA-FollowerState
2025-10-16 19:47:28,073 [grpc-default-executor-5] INFO  impl.RoleInfo (RoleInfo.java:updateAndGet(148)) - f700af26-0e26-4136-9205-9509c82c8c70: start f700af26-0e26-4136-9205-9509c82c8c70@group-7F698BB0E6AA-FollowerState
2025-10-16 19:47:28,073 [f700af26-0e26-4136-9205-9509c82c8c70@group-7F698BB0E6AA-FollowerState] INFO  impl.FollowerState (FollowerState.java:runImpl(170)) - f700af26-0e26-4136-9205-9509c82c8c70@group-7F698BB0E6AA-FollowerState was interrupted
2025-10-16 19:47:28,074 [grpc-default-executor-3] INFO  server.RaftServer$Division (RaftServerImpl.java:requestVote(1421)) - 764b18f0-81c5-439a-9fff-25adc4f241fa@group-7F698BB0E6AA: receive requestVote(ELECTION, 8a3c3252-9afe-4d3a-8492-25be6557678a, group-7F698BB0E6AA, 1, <PROTO_DEFAULT>)
2025-10-16 19:47:28,074 [grpc-default-executor-3] INFO  impl.VoteContext (VoteContext.java:log(49)) - 764b18f0-81c5-439a-9fff-25adc4f241fa@group-7F698BB0E6AA-FOLLOWER: accept ELECTION from 8a3c3252-9afe-4d3a-8492-25be6557678a: our priority 0 <= candidate's priority 1
2025-10-16 19:47:28,074 [grpc-default-executor-5] INFO  server.RaftServer$Division (RaftServerImpl.java:setFirstElection(576)) - f700af26-0e26-4136-9205-9509c82c8c70@group-7F698BB0E6AA: set firstElectionSinceStartup to false for candidate:8a3c3252-9afe-4d3a-8492-25be6557678a
2025-10-16 19:47:28,074 [grpc-default-executor-3] INFO  server.RaftServer$Division (RaftServerImpl.java:setRole(392)) - 764b18f0-81c5-439a-9fff-25adc4f241fa@group-7F698BB0E6AA: changes role from  FOLLOWER to FOLLOWER at term 0 for candidate:8a3c3252-9afe-4d3a-8492-25be6557678a
2025-10-16 19:47:28,075 [grpc-default-executor-3] INFO  impl.RoleInfo (RoleInfo.java:shutdownFollowerState(121)) - 764b18f0-81c5-439a-9fff-25adc4f241fa: shutdown 764b18f0-81c5-439a-9fff-25adc4f241fa@group-7F698BB0E6AA-FollowerState
2025-10-16 19:47:28,075 [grpc-default-executor-3] INFO  impl.RoleInfo (RoleInfo.java:updateAndGet(148)) - 764b18f0-81c5-439a-9fff-25adc4f241fa: start 764b18f0-81c5-439a-9fff-25adc4f241fa@group-7F698BB0E6AA-FollowerState
2025-10-16 19:47:28,075 [764b18f0-81c5-439a-9fff-25adc4f241fa@group-7F698BB0E6AA-FollowerState] INFO  impl.FollowerState (FollowerState.java:runImpl(170)) - 764b18f0-81c5-439a-9fff-25adc4f241fa@group-7F698BB0E6AA-FollowerState was interrupted
2025-10-16 19:47:28,076 [grpc-default-executor-5] INFO  server.RaftServer$Division (RaftServerImpl.java:requestVote(1455)) - f700af26-0e26-4136-9205-9509c82c8c70@group-7F698BB0E6AA replies to ELECTION vote request: 8a3c3252-9afe-4d3a-8492-25be6557678a<-f700af26-0e26-4136-9205-9509c82c8c70#0:OK-t1-last:<INITIAL_VALUE>. Peer's state: f700af26-0e26-4136-9205-9509c82c8c70@group-7F698BB0E6AA:t1, leader=null, voted=8a3c3252-9afe-4d3a-8492-25be6557678a, raftlog=Memoized:f700af26-0e26-4136-9205-9509c82c8c70@group-7F698BB0E6AA-SegmentedRaftLog:OPENED:c-1:lastnull, conf=conf: {index: -1, cur=peers:[8a3c3252-9afe-4d3a-8492-25be6557678a|127.0.0.1:15023, f700af26-0e26-4136-9205-9509c82c8c70|127.0.0.1:15015, 764b18f0-81c5-439a-9fff-25adc4f241fa|127.0.0.1:15031]|listeners:[], old=null}
2025-10-16 19:47:28,078 [grpc-default-executor-3] INFO  server.RaftServer$Division (RaftServerImpl.java:requestVote(1455)) - 764b18f0-81c5-439a-9fff-25adc4f241fa@group-7F698BB0E6AA replies to ELECTION vote request: 8a3c3252-9afe-4d3a-8492-25be6557678a<-764b18f0-81c5-439a-9fff-25adc4f241fa#0:OK-t1-last:<INITIAL_VALUE>. Peer's state: 764b18f0-81c5-439a-9fff-25adc4f241fa@group-7F698BB0E6AA:t1, leader=null, voted=8a3c3252-9afe-4d3a-8492-25be6557678a, raftlog=Memoized:764b18f0-81c5-439a-9fff-25adc4f241fa@group-7F698BB0E6AA-SegmentedRaftLog:OPENED:c-1:lastnull, conf=conf: {index: -1, cur=peers:[8a3c3252-9afe-4d3a-8492-25be6557678a|127.0.0.1:15023, f700af26-0e26-4136-9205-9509c82c8c70|127.0.0.1:15015, 764b18f0-81c5-439a-9fff-25adc4f241fa|127.0.0.1:15031]|listeners:[], old=null}
2025-10-16 19:47:28,079 [8a3c3252-9afe-4d3a-8492-25be6557678a@group-7F698BB0E6AA-LeaderElection9] INFO  impl.LeaderElection (LeaderElection.java:logAndReturn(206)) - 8a3c3252-9afe-4d3a-8492-25be6557678a@group-7F698BB0E6AA-LeaderElection9: ELECTION PASSED received 1 response(s) and 0 exception(s):
2025-10-16 19:47:28,079 [8a3c3252-9afe-4d3a-8492-25be6557678a@group-7F698BB0E6AA-LeaderElection9] INFO  impl.LeaderElection (LeaderElection.java:logAndReturn(210)) -   Response 0: 8a3c3252-9afe-4d3a-8492-25be6557678a<-f700af26-0e26-4136-9205-9509c82c8c70#0:OK-t1-last:<INITIAL_VALUE>
2025-10-16 19:47:28,079 [8a3c3252-9afe-4d3a-8492-25be6557678a@group-7F698BB0E6AA-LeaderElection9] INFO  impl.LeaderElection (LeaderElection.java:askForVotes(450)) - 8a3c3252-9afe-4d3a-8492-25be6557678a@group-7F698BB0E6AA-LeaderElection9 ELECTION round 0: result PASSED
2025-10-16 19:47:28,080 [8a3c3252-9afe-4d3a-8492-25be6557678a@group-7F698BB0E6AA-LeaderElection9] INFO  impl.RoleInfo (RoleInfo.java:shutdownLeaderElection(141)) - 8a3c3252-9afe-4d3a-8492-25be6557678a: shutdown 8a3c3252-9afe-4d3a-8492-25be6557678a@group-7F698BB0E6AA-LeaderElection9
2025-10-16 19:47:28,080 [8a3c3252-9afe-4d3a-8492-25be6557678a@group-7F698BB0E6AA-LeaderElection9] INFO  server.RaftServer$Division (RaftServerImpl.java:setRole(392)) - 8a3c3252-9afe-4d3a-8492-25be6557678a@group-7F698BB0E6AA: changes role from CANDIDATE to LEADER at term 1 for changeToLeader
2025-10-16 19:47:28,080 [8a3c3252-9afe-4d3a-8492-25be6557678a@group-7F698BB0E6AA-LeaderElection9] INFO  server.RaftServerConfigKeys (ConfUtils.java:logFallback(69)) - raft.server.staging.timeout = 15600ms (fallback to raft.server.rpc.timeout.max)
2025-10-16 19:47:28,080 [8a3c3252-9afe-4d3a-8492-25be6557678a@group-7F698BB0E6AA-LeaderElection9] INFO  server.RaftServerConfigKeys (ConfUtils.java:logGet(62)) - raft.server.write.byte-limit = 1024 M (=1073741824) (custom)
2025-10-16 19:47:28,083 [8a3c3252-9afe-4d3a-8492-25be6557678a@group-7F698BB0E6AA-LeaderElection9] INFO  server.RaftServerConfigKeys (ConfUtils.java:logGet(62)) - raft.server.log.appender.buffer.byte-limit = 33554432 (custom)
2025-10-16 19:47:28,085 [8a3c3252-9afe-4d3a-8492-25be6557678a@group-7F698BB0E6AA-LeaderElection9] INFO  server.RaftServerConfigKeys (ConfUtils.java:logGet(62)) - raft.server.log.appender.buffer.byte-limit = 33554432 (custom)
2025-10-16 19:47:28,086 [8a3c3252-9afe-4d3a-8492-25be6557678a@group-7F698BB0E6AA-LeaderElection9] INFO  impl.RoleInfo (RoleInfo.java:updateAndGet(148)) - 8a3c3252-9afe-4d3a-8492-25be6557678a: start 8a3c3252-9afe-4d3a-8492-25be6557678a@group-7F698BB0E6AA-LeaderStateImpl
2025-10-16 19:47:28,086 [8a3c3252-9afe-4d3a-8492-25be6557678a@group-7F698BB0E6AA-LeaderElection9] INFO  server.RaftServer$Division (RaftServerImpl.java:setFirstElection(576)) - 8a3c3252-9afe-4d3a-8492-25be6557678a@group-7F698BB0E6AA: set firstElectionSinceStartup to false for becomeLeader
2025-10-16 19:47:28,086 [8a3c3252-9afe-4d3a-8492-25be6557678a@group-7F698BB0E6AA-LeaderElection9] INFO  ratis.XceiverServerRatis (XceiverServerRatis.java:handleLeaderChangedNotification(940)) - Leader change notification received for group: group-7F698BB0E6AA with new leaderId: 8a3c3252-9afe-4d3a-8492-25be6557678a
2025-10-16 19:47:28,086 [8a3c3252-9afe-4d3a-8492-25be6557678a@group-7F698BB0E6AA-LeaderElection9] INFO  server.RaftServer$Division (ServerState.java:setLeader(272)) - 8a3c3252-9afe-4d3a-8492-25be6557678a@group-7F698BB0E6AA: change Leader from null to 8a3c3252-9afe-4d3a-8492-25be6557678a at term 1 for becomeLeader, leader elected after 1158ms
2025-10-16 19:47:28,087 [8a3c3252-9afe-4d3a-8492-25be6557678a@group-7F698BB0E6AA-LeaderElection9] INFO  segmented.SegmentedRaftLogWorker (SegmentedRaftLogWorker.java:startLogSegment(440)) - 8a3c3252-9afe-4d3a-8492-25be6557678a@group-7F698BB0E6AA-SegmentedRaftLogWorker: Starting segment from index:0
2025-10-16 19:47:28,087 [8a3c3252-9afe-4d3a-8492-25be6557678a@group-7F698BB0E6AA-SegmentedRaftLogWorker] INFO  segmented.BufferedWriteChannel (BufferedWriteChannel.java:open(61)) - open log_inprogress_0 at position 0
2025-10-16 19:47:28,088 [8a3c3252-9afe-4d3a-8492-25be6557678a@group-7F698BB0E6AA-LeaderElection9] INFO  server.RaftServer$Division (ServerState.java:setRaftConf(386)) - 8a3c3252-9afe-4d3a-8492-25be6557678a@group-7F698BB0E6AA: set configuration conf: {index: 0, cur=peers:[8a3c3252-9afe-4d3a-8492-25be6557678a|127.0.0.1:15023, f700af26-0e26-4136-9205-9509c82c8c70|127.0.0.1:15015, 764b18f0-81c5-439a-9fff-25adc4f241fa|127.0.0.1:15031]|listeners:[], old=null}
2025-10-16 19:47:28,090 | INFO  | SCMAudit | user=runner | ip=127.0.0.1 | op=SEND_HEARTBEAT {"datanodeUUID":"8a3c3252-9afe-4d3a-8492-25be6557678a","term":"2","command":"[]"} | ret=SUCCESS |  
2025-10-16 19:47:28,096 [EventQueue-PipelineReportForPipelineReportHandler] INFO  pipeline.PipelineReportHandler (PipelineReportHandler.java:processPipelineReport(132)) - Opened pipeline Pipeline-e8667477-af8e-4488-a6a8-7f698bb0e6aa
2025-10-16 19:47:28,098 [8a3c3252-9afe-4d3a-8492-25be6557678a@group-7F698BB0E6AA-SegmentedRaftLogWorker] INFO  segmented.SegmentedRaftLogWorker (SegmentedRaftLogWorker.java:execute(647)) - 8a3c3252-9afe-4d3a-8492-25be6557678a@group-7F698BB0E6AA-SegmentedRaftLogWorker: created new log segment /home/runner/work/ozone/ozone/hadoop-ozone/integration-test/target/test-dir/MiniOzoneClusterImpl-e7911277-7775-4457-96c8-94071a26a1ce/ozone-metadata/datanode-2/ratis/e8667477-af8e-4488-a6a8-7f698bb0e6aa/current/log_inprogress_0
2025-10-16 19:47:28,100 [grpc-default-executor-5] INFO  ratis.XceiverServerRatis (XceiverServerRatis.java:handleLeaderChangedNotification(940)) - Leader change notification received for group: group-7F698BB0E6AA with new leaderId: 8a3c3252-9afe-4d3a-8492-25be6557678a
2025-10-16 19:47:28,101 [grpc-default-executor-5] INFO  server.RaftServer$Division (ServerState.java:setLeader(272)) - f700af26-0e26-4136-9205-9509c82c8c70@group-7F698BB0E6AA: change Leader from null to 8a3c3252-9afe-4d3a-8492-25be6557678a at term 1 for appendEntries, leader elected after 1189ms
2025-10-16 19:47:28,102 [grpc-default-executor-0] INFO  ratis.XceiverServerRatis (XceiverServerRatis.java:handleLeaderChangedNotification(940)) - Leader change notification received for group: group-7F698BB0E6AA with new leaderId: 8a3c3252-9afe-4d3a-8492-25be6557678a
2025-10-16 19:47:28,102 [grpc-default-executor-0] INFO  server.RaftServer$Division (ServerState.java:setLeader(272)) - 764b18f0-81c5-439a-9fff-25adc4f241fa@group-7F698BB0E6AA: change Leader from null to 8a3c3252-9afe-4d3a-8492-25be6557678a at term 1 for appendEntries, leader elected after 1283ms
2025-10-16 19:47:28,105 [grpc-default-executor-0] INFO  server.RaftServer$Division (ServerState.java:setRaftConf(386)) - f700af26-0e26-4136-9205-9509c82c8c70@group-7F698BB0E6AA: set configuration conf: {index: 0, cur=peers:[8a3c3252-9afe-4d3a-8492-25be6557678a|127.0.0.1:15023, f700af26-0e26-4136-9205-9509c82c8c70|127.0.0.1:15015, 764b18f0-81c5-439a-9fff-25adc4f241fa|127.0.0.1:15031]|listeners:[], old=null}
2025-10-16 19:47:28,105 [grpc-default-executor-0] INFO  segmented.SegmentedRaftLogWorker (SegmentedRaftLogWorker.java:startLogSegment(440)) - f700af26-0e26-4136-9205-9509c82c8c70@group-7F698BB0E6AA-SegmentedRaftLogWorker: Starting segment from index:0
2025-10-16 19:47:28,107 [f700af26-0e26-4136-9205-9509c82c8c70@group-7F698BB0E6AA-SegmentedRaftLogWorker] INFO  segmented.BufferedWriteChannel (BufferedWriteChannel.java:open(61)) - open log_inprogress_0 at position 0
2025-10-16 19:47:28,108 [grpc-default-executor-3] INFO  server.RaftServer$Division (ServerState.java:setRaftConf(386)) - 764b18f0-81c5-439a-9fff-25adc4f241fa@group-7F698BB0E6AA: set configuration conf: {index: 0, cur=peers:[8a3c3252-9afe-4d3a-8492-25be6557678a|127.0.0.1:15023, f700af26-0e26-4136-9205-9509c82c8c70|127.0.0.1:15015, 764b18f0-81c5-439a-9fff-25adc4f241fa|127.0.0.1:15031]|listeners:[], old=null}
2025-10-16 19:47:28,108 [grpc-default-executor-3] INFO  segmented.SegmentedRaftLogWorker (SegmentedRaftLogWorker.java:startLogSegment(440)) - 764b18f0-81c5-439a-9fff-25adc4f241fa@group-7F698BB0E6AA-SegmentedRaftLogWorker: Starting segment from index:0
2025-10-16 19:47:28,109 [764b18f0-81c5-439a-9fff-25adc4f241fa@group-7F698BB0E6AA-SegmentedRaftLogWorker] INFO  segmented.BufferedWriteChannel (BufferedWriteChannel.java:open(61)) - open log_inprogress_0 at position 0
2025-10-16 19:47:28,113 [f700af26-0e26-4136-9205-9509c82c8c70@group-7F698BB0E6AA-SegmentedRaftLogWorker] INFO  segmented.SegmentedRaftLogWorker (SegmentedRaftLogWorker.java:execute(647)) - f700af26-0e26-4136-9205-9509c82c8c70@group-7F698BB0E6AA-SegmentedRaftLogWorker: created new log segment /home/runner/work/ozone/ozone/hadoop-ozone/integration-test/target/test-dir/MiniOzoneClusterImpl-e7911277-7775-4457-96c8-94071a26a1ce/ozone-metadata/datanode-1/ratis/e8667477-af8e-4488-a6a8-7f698bb0e6aa/current/log_inprogress_0
2025-10-16 19:47:28,116 [764b18f0-81c5-439a-9fff-25adc4f241fa@group-7F698BB0E6AA-SegmentedRaftLogWorker] INFO  segmented.SegmentedRaftLogWorker (SegmentedRaftLogWorker.java:execute(647)) - 764b18f0-81c5-439a-9fff-25adc4f241fa@group-7F698BB0E6AA-SegmentedRaftLogWorker: created new log segment /home/runner/work/ozone/ozone/hadoop-ozone/integration-test/target/test-dir/MiniOzoneClusterImpl-e7911277-7775-4457-96c8-94071a26a1ce/ozone-metadata/datanode-3/ratis/e8667477-af8e-4488-a6a8-7f698bb0e6aa/current/log_inprogress_0
2025-10-16 19:47:28,120 [8a3c3252-9afe-4d3a-8492-25be6557678a@group-7F698BB0E6AA-StateMachineUpdater] INFO  server.RaftServer$Division (LeaderStateImpl.java:checkStartIndex(309)) - Leader 8a3c3252-9afe-4d3a-8492-25be6557678a@group-7F698BB0E6AA-LeaderStateImpl is ready since appliedIndex == startIndex == 0
2025-10-16 19:47:28,169 [8a3c3252-9afe-4d3a-8492-25be6557678a@group-52355F3170E4-FollowerState] INFO  impl.FollowerState (FollowerState.java:runImpl(161)) - 8a3c3252-9afe-4d3a-8492-25be6557678a@group-52355F3170E4-FollowerState: change to CANDIDATE, lastRpcElapsedTime:1189297116ns, electionTimeout:1187ms
2025-10-16 19:47:28,170 [8a3c3252-9afe-4d3a-8492-25be6557678a@group-52355F3170E4-FollowerState] INFO  impl.RoleInfo (RoleInfo.java:shutdownFollowerState(121)) - 8a3c3252-9afe-4d3a-8492-25be6557678a: shutdown 8a3c3252-9afe-4d3a-8492-25be6557678a@group-52355F3170E4-FollowerState
2025-10-16 19:47:28,170 [8a3c3252-9afe-4d3a-8492-25be6557678a@group-52355F3170E4-FollowerState] INFO  server.RaftServer$Division (RaftServerImpl.java:setRole(392)) - 8a3c3252-9afe-4d3a-8492-25be6557678a@group-52355F3170E4: changes role from  FOLLOWER to CANDIDATE at term 0 for changeToCandidate
2025-10-16 19:47:28,170 [8a3c3252-9afe-4d3a-8492-25be6557678a@group-52355F3170E4-FollowerState] INFO  impl.RoleInfo (RoleInfo.java:updateAndGet(148)) - 8a3c3252-9afe-4d3a-8492-25be6557678a: start 8a3c3252-9afe-4d3a-8492-25be6557678a@group-52355F3170E4-LeaderElection10
2025-10-16 19:47:28,171 [8a3c3252-9afe-4d3a-8492-25be6557678a@group-52355F3170E4-LeaderElection10] INFO  impl.LeaderElection (LeaderElection.java:askForVotes(448)) - 8a3c3252-9afe-4d3a-8492-25be6557678a@group-52355F3170E4-LeaderElection10 PRE_VOTE round 0: submit vote requests at term 0 for conf: {index: -1, cur=peers:[8a3c3252-9afe-4d3a-8492-25be6557678a|127.0.0.1:15023]|listeners:[], old=null}
2025-10-16 19:47:28,172 [8a3c3252-9afe-4d3a-8492-25be6557678a@group-52355F3170E4-LeaderElection10] INFO  impl.LeaderElection (LeaderElection.java:askForVotes(450)) - 8a3c3252-9afe-4d3a-8492-25be6557678a@group-52355F3170E4-LeaderElection10 PRE_VOTE round 0: result PASSED (term=0)
2025-10-16 19:47:28,173 [8a3c3252-9afe-4d3a-8492-25be6557678a@group-52355F3170E4-LeaderElection10] INFO  impl.LeaderElection (LeaderElection.java:askForVotes(448)) - 8a3c3252-9afe-4d3a-8492-25be6557678a@group-52355F3170E4-LeaderElection10 ELECTION round 0: submit vote requests at term 1 for conf: {index: -1, cur=peers:[8a3c3252-9afe-4d3a-8492-25be6557678a|127.0.0.1:15023]|listeners:[], old=null}
2025-10-16 19:47:28,173 [8a3c3252-9afe-4d3a-8492-25be6557678a@group-52355F3170E4-LeaderElection10] INFO  impl.LeaderElection (LeaderElection.java:askForVotes(450)) - 8a3c3252-9afe-4d3a-8492-25be6557678a@group-52355F3170E4-LeaderElection10 ELECTION round 0: result PASSED (term=1)
2025-10-16 19:47:28,173 [8a3c3252-9afe-4d3a-8492-25be6557678a@group-52355F3170E4-LeaderElection10] INFO  impl.RoleInfo (RoleInfo.java:shutdownLeaderElection(141)) - 8a3c3252-9afe-4d3a-8492-25be6557678a: shutdown 8a3c3252-9afe-4d3a-8492-25be6557678a@group-52355F3170E4-LeaderElection10
2025-10-16 19:47:28,173 [8a3c3252-9afe-4d3a-8492-25be6557678a@group-52355F3170E4-LeaderElection10] INFO  server.RaftServer$Division (RaftServerImpl.java:setRole(392)) - 8a3c3252-9afe-4d3a-8492-25be6557678a@group-52355F3170E4: changes role from CANDIDATE to LEADER at term 1 for changeToLeader
2025-10-16 19:47:28,174 [8a3c3252-9afe-4d3a-8492-25be6557678a@group-52355F3170E4-LeaderElection10] INFO  server.RaftServerConfigKeys (ConfUtils.java:logFallback(69)) - raft.server.staging.timeout = 15600ms (fallback to raft.server.rpc.timeout.max)
2025-10-16 19:47:28,174 [8a3c3252-9afe-4d3a-8492-25be6557678a@group-52355F3170E4-LeaderElection10] INFO  server.RaftServerConfigKeys (ConfUtils.java:logGet(62)) - raft.server.write.byte-limit = 1024 M (=1073741824) (custom)
2025-10-16 19:47:28,175 [8a3c3252-9afe-4d3a-8492-25be6557678a@group-52355F3170E4-LeaderElection10] INFO  impl.RoleInfo (RoleInfo.java:updateAndGet(148)) - 8a3c3252-9afe-4d3a-8492-25be6557678a: start 8a3c3252-9afe-4d3a-8492-25be6557678a@group-52355F3170E4-LeaderStateImpl
2025-10-16 19:47:28,175 [8a3c3252-9afe-4d3a-8492-25be6557678a@group-52355F3170E4-LeaderElection10] INFO  server.RaftServer$Division (RaftServerImpl.java:setFirstElection(576)) - 8a3c3252-9afe-4d3a-8492-25be6557678a@group-52355F3170E4: set firstElectionSinceStartup to false for becomeLeader
2025-10-16 19:47:28,175 [8a3c3252-9afe-4d3a-8492-25be6557678a@group-52355F3170E4-LeaderElection10] INFO  ratis.XceiverServerRatis (XceiverServerRatis.java:handleLeaderChangedNotification(940)) - Leader change notification received for group: group-52355F3170E4 with new leaderId: 8a3c3252-9afe-4d3a-8492-25be6557678a
2025-10-16 19:47:28,176 [8a3c3252-9afe-4d3a-8492-25be6557678a@group-52355F3170E4-LeaderElection10] INFO  server.RaftServer$Division (ServerState.java:setLeader(272)) - 8a3c3252-9afe-4d3a-8492-25be6557678a@group-52355F3170E4: change Leader from null to 8a3c3252-9afe-4d3a-8492-25be6557678a at term 1 for becomeLeader, leader elected after 1277ms
2025-10-16 19:47:28,176 [8a3c3252-9afe-4d3a-8492-25be6557678a@group-52355F3170E4-LeaderElection10] INFO  segmented.SegmentedRaftLogWorker (SegmentedRaftLogWorker.java:startLogSegment(440)) - 8a3c3252-9afe-4d3a-8492-25be6557678a@group-52355F3170E4-SegmentedRaftLogWorker: Starting segment from index:0
2025-10-16 19:47:28,176 [8a3c3252-9afe-4d3a-8492-25be6557678a@group-52355F3170E4-LeaderElection10] INFO  server.RaftServer$Division (ServerState.java:setRaftConf(386)) - 8a3c3252-9afe-4d3a-8492-25be6557678a@group-52355F3170E4: set configuration conf: {index: 0, cur=peers:[8a3c3252-9afe-4d3a-8492-25be6557678a|127.0.0.1:15023]|listeners:[], old=null}
2025-10-16 19:47:28,177 [8a3c3252-9afe-4d3a-8492-25be6557678a@group-52355F3170E4-SegmentedRaftLogWorker] INFO  segmented.BufferedWriteChannel (BufferedWriteChannel.java:open(61)) - open log_inprogress_0 at position 0
2025-10-16 19:47:28,180 | INFO  | SCMAudit | user=runner | ip=127.0.0.1 | op=SEND_HEARTBEAT {"datanodeUUID":"8a3c3252-9afe-4d3a-8492-25be6557678a","term":"2","command":"[]"} | ret=SUCCESS |  
2025-10-16 19:47:28,185 [8a3c3252-9afe-4d3a-8492-25be6557678a@group-52355F3170E4-SegmentedRaftLogWorker] INFO  segmented.SegmentedRaftLogWorker (SegmentedRaftLogWorker.java:execute(647)) - 8a3c3252-9afe-4d3a-8492-25be6557678a@group-52355F3170E4-SegmentedRaftLogWorker: created new log segment /home/runner/work/ozone/ozone/hadoop-ozone/integration-test/target/test-dir/MiniOzoneClusterImpl-e7911277-7775-4457-96c8-94071a26a1ce/ozone-metadata/datanode-2/ratis/da1706fc-9d6e-4a4f-9cd3-52355f3170e4/current/log_inprogress_0
2025-10-16 19:47:28,187 [8a3c3252-9afe-4d3a-8492-25be6557678a@group-52355F3170E4-StateMachineUpdater] INFO  server.RaftServer$Division (LeaderStateImpl.java:checkStartIndex(309)) - Leader 8a3c3252-9afe-4d3a-8492-25be6557678a@group-52355F3170E4-LeaderStateImpl is ready since appliedIndex == startIndex == 0
2025-10-16 19:47:28,222 | INFO  | SCMAudit | user=runner | ip=127.0.0.1 | op=SEND_HEARTBEAT {"datanodeUUID":"764b18f0-81c5-439a-9fff-25adc4f241fa","term":"2","command":"[]"} | ret=SUCCESS |  
2025-10-16 19:47:28,222 | INFO  | SCMAudit | user=runner | ip=127.0.0.1 | op=SEND_HEARTBEAT {"datanodeUUID":"757ca056-973f-4f05-ab2d-6aff6c54d452","term":"2","command":"[commandType: createPipelineCommand createPipelineCommandProto { pipelineID { id: \"1219bb94-8d23-47e4-a759-769c8b9e0f07\" uuid128 { mostSigBits: 1304279813797922788 leastSigBits: -6387944181718970617 } } type: RATIS factor: ONE datanode { uuid: \"757ca056-973f-4f05-ab2d-6aff6c54d452\" ipAddress: \"127.0.0.1\" hostName: \"localhost\" ports { name: \"HTTP\" value: 15114 } ports { name: \"CLIENT_RPC\" value: 15115 } ports { name: \"REPLICATION\" value: 15121 } ports { name: \"RATIS\" value: 15117 } ports { name: \"RATIS_ADMIN\" value: 15118 } ports { name: \"RATIS_SERVER\" value: 15119 } ports { name: \"RATIS_DATASTREAM\" value: 15120 } ports { name: \"STANDALONE\" value: 15116 } networkName: \"757ca056-973f-4f05-ab2d-6aff6c54d452\" networkLocation: \"/default-rack\" persistedOpState: IN_SERVICE persistedOpStateExpiry: 0 currentVersion: 2 uuid128 { mostSigBits: 8465817693314830085 leastSigBits: -6112111474005191598 } level: 3 id { uuid { mostSigBits: 8465817693314830085 leastSigBits: -6112111474005191598 } } } cmdId: 1760644044147 priority: 1 } term: 2 encodedToken: \"\" deadlineMsSinceEpoch: 0]"} | ret=SUCCESS |  
2025-10-16 19:47:28,260 | INFO  | SCMAudit | user=runner | ip=127.0.0.1 | op=SEND_HEARTBEAT {"datanodeUUID":"702cb173-5c73-4ecc-b5cd-c7b4a6b66aea","term":"2","command":"[]"} | ret=SUCCESS |  
2025-10-16 19:47:28,291 [e072d245-7694-4d97-8e20-c503ebf8c2fe-CreatePipelineCommandHandlerThread-0] INFO  server.RaftServer (RaftServerProxy.java:addNew(105)) - e072d245-7694-4d97-8e20-c503ebf8c2fe: addNew group-961DE130DC57:[e072d245-7694-4d97-8e20-c503ebf8c2fe|127.0.0.1:15063] returns group-961DE130DC57:java.util.concurrent.CompletableFuture@868db3f[Not completed]
2025-10-16 19:47:28,291 | INFO  | SCMAudit | user=runner | ip=127.0.0.1 | op=SEND_HEARTBEAT {"datanodeUUID":"e072d245-7694-4d97-8e20-c503ebf8c2fe","term":"2","command":"[]"} | ret=SUCCESS |  
2025-10-16 19:47:28,293 [e072d245-7694-4d97-8e20-c503ebf8c2fe-groupManagement] INFO  server.RaftServer$Division (RaftServerImpl.java:<init>(268)) - e072d245-7694-4d97-8e20-c503ebf8c2fe: new RaftServerImpl for group-961DE130DC57:[e072d245-7694-4d97-8e20-c503ebf8c2fe|127.0.0.1:15063] with ContainerStateMachine:uninitialized
2025-10-16 19:47:28,293 [e072d245-7694-4d97-8e20-c503ebf8c2fe-groupManagement] INFO  server.RaftServer$Division (ServerState.java:<init>(114)) - e072d245-7694-4d97-8e20-c503ebf8c2fe@group-961DE130DC57: ConfigurationManager, init=conf: {index: -1, cur=peers:[e072d245-7694-4d97-8e20-c503ebf8c2fe|127.0.0.1:15063]|listeners:[], old=null}, confs=<EMPTY_MAP>
2025-10-16 19:47:28,297 [e072d245-7694-4d97-8e20-c503ebf8c2fe-groupManagement] INFO  server.RaftServerConfigKeys (ConfUtils.java:logGet(62)) - raft.server.storage.dir = [/home/runner/work/ozone/ozone/hadoop-ozone/integration-test/target/test-dir/MiniOzoneClusterImpl-e7911277-7775-4457-96c8-94071a26a1ce/ozone-metadata/datanode-7/ratis] (custom)
2025-10-16 19:47:28,297 [e072d245-7694-4d97-8e20-c503ebf8c2fe-groupManagement] INFO  storage.RaftStorageDirectory (RaftStorageDirectoryImpl.java:analyzeStorage(138)) - The storage directory /home/runner/work/ozone/ozone/hadoop-ozone/integration-test/target/test-dir/MiniOzoneClusterImpl-e7911277-7775-4457-96c8-94071a26a1ce/ozone-metadata/datanode-7/ratis/601a9733-5f65-4a12-8efd-961de130dc57 does not exist. Creating ...
2025-10-16 19:47:28,298 [e072d245-7694-4d97-8e20-c503ebf8c2fe-groupManagement] INFO  storage.RaftStorageDirectory (RaftStorageDirectoryImpl.java:tryLock(229)) - Lock on /home/runner/work/ozone/ozone/hadoop-ozone/integration-test/target/test-dir/MiniOzoneClusterImpl-e7911277-7775-4457-96c8-94071a26a1ce/ozone-metadata/datanode-7/ratis/601a9733-5f65-4a12-8efd-961de130dc57/in_use.lock acquired by nodename 40995@localhost
2025-10-16 19:47:28,299 [e072d245-7694-4d97-8e20-c503ebf8c2fe-groupManagement] INFO  storage.RaftStorage (RaftStorageImpl.java:format(98)) - Storage directory /home/runner/work/ozone/ozone/hadoop-ozone/integration-test/target/test-dir/MiniOzoneClusterImpl-e7911277-7775-4457-96c8-94071a26a1ce/ozone-metadata/datanode-7/ratis/601a9733-5f65-4a12-8efd-961de130dc57 has been successfully formatted.
2025-10-16 19:47:28,299 [e072d245-7694-4d97-8e20-c503ebf8c2fe-groupManagement] INFO  ratis.ContainerStateMachine (ContainerStateMachine.java:initialize(339)) - e072d245-7694-4d97-8e20-c503ebf8c2fe: initialize group-961DE130DC57
2025-10-16 19:47:28,300 [e072d245-7694-4d97-8e20-c503ebf8c2fe-groupManagement] INFO  ratis.ContainerStateMachine (ContainerStateMachine.java:loadSnapshot(347)) - group-961DE130DC57: The snapshot info is null. Setting the last applied index to:<INITIAL_VALUE>
2025-10-16 19:47:28,300 [e072d245-7694-4d97-8e20-c503ebf8c2fe-groupManagement] INFO  server.RaftServerConfigKeys (ConfUtils.java:logGet(62)) - raft.server.log.appender.buffer.byte-limit = 33554432 (custom)
2025-10-16 19:47:28,302 [e072d245-7694-4d97-8e20-c503ebf8c2fe-groupManagement] INFO  server.RaftServerConfigKeys (ConfUtils.java:logGet(62)) - raft.server.log.segment.size.max = 67108864 (custom)
2025-10-16 19:47:28,303 [e072d245-7694-4d97-8e20-c503ebf8c2fe-groupManagement] INFO  server.RaftServerConfigKeys (ConfUtils.java:logGet(62)) - raft.server.log.appender.buffer.byte-limit = 33554432 (custom)
2025-10-16 19:47:28,303 | INFO  | SCMAudit | user=runner | ip=127.0.0.1 | op=SEND_HEARTBEAT {"datanodeUUID":"e072d245-7694-4d97-8e20-c503ebf8c2fe","term":"2","command":"[]"} | ret=SUCCESS |  
2025-10-16 19:47:28,304 [e072d245-7694-4d97-8e20-c503ebf8c2fe-groupManagement] INFO  util.AwaitToRun (AwaitToRun.java:start(81)) - Thread[#1622,e072d245-7694-4d97-8e20-c503ebf8c2fe@group-961DE130DC57-cacheEviction-AwaitToRun,5,main] started
2025-10-16 19:47:28,304 [e072d245-7694-4d97-8e20-c503ebf8c2fe-groupManagement] INFO  segmented.SegmentedRaftLogWorker (SegmentedRaftLogWorker.java:<init>(190)) - new e072d245-7694-4d97-8e20-c503ebf8c2fe@group-961DE130DC57-SegmentedRaftLogWorker for RaftStorageImpl:Storage Directory /home/runner/work/ozone/ozone/hadoop-ozone/integration-test/target/test-dir/MiniOzoneClusterImpl-e7911277-7775-4457-96c8-94071a26a1ce/ozone-metadata/datanode-7/ratis/601a9733-5f65-4a12-8efd-961de130dc57
2025-10-16 19:47:28,304 [e072d245-7694-4d97-8e20-c503ebf8c2fe-groupManagement] INFO  server.RaftServerConfigKeys (ConfUtils.java:logGet(62)) - raft.server.log.queue.byte-limit = 4294967296 (custom)
2025-10-16 19:47:28,304 [e072d245-7694-4d97-8e20-c503ebf8c2fe-groupManagement] INFO  server.RaftServerConfigKeys (ConfUtils.java:logGet(62)) - raft.server.log.segment.size.max = 67108864 (custom)
2025-10-16 19:47:28,304 [e072d245-7694-4d97-8e20-c503ebf8c2fe-groupManagement] INFO  server.RaftServerConfigKeys (ConfUtils.java:logGet(62)) - raft.server.log.preallocated.size = 4194304 (custom)
2025-10-16 19:47:28,305 [e072d245-7694-4d97-8e20-c503ebf8c2fe-groupManagement] INFO  server.RaftServerConfigKeys (ConfUtils.java:logGet(62)) - raft.server.log.write.buffer.size = 33554440 (custom)
2025-10-16 19:47:28,308 [EventQueue-PipelineReportForPipelineReportHandler] INFO  pipeline.PipelineReportHandler (PipelineReportHandler.java:processPipelineReport(132)) - Opened pipeline Pipeline-601a9733-5f65-4a12-8efd-961de130dc57
2025-10-16 19:47:28,311 [e072d245-7694-4d97-8e20-c503ebf8c2fe-groupManagement] INFO  server.RaftServerConfigKeys (ConfUtils.java:logGet(62)) - raft.server.log.appender.buffer.byte-limit = 33554432 (custom)
2025-10-16 19:47:28,311 [e072d245-7694-4d97-8e20-c503ebf8c2fe-groupManagement] INFO  segmented.SegmentedRaftLogWorker (SegmentedRaftLogWorker.java:lambda$new$0(141)) - e072d245-7694-4d97-8e20-c503ebf8c2fe@group-961DE130DC57-SegmentedRaftLogWorker: flushIndex: setUnconditionally 0 -> -1
2025-10-16 19:47:28,311 [e072d245-7694-4d97-8e20-c503ebf8c2fe-groupManagement] INFO  segmented.SegmentedRaftLogWorker (SegmentedRaftLogWorker.java:lambda$new$0(141)) - e072d245-7694-4d97-8e20-c503ebf8c2fe@group-961DE130DC57-SegmentedRaftLogWorker: safeCacheEvictIndex: setUnconditionally 0 -> -1
2025-10-16 19:47:28,312 [e072d245-7694-4d97-8e20-c503ebf8c2fe-groupManagement] INFO  server.RaftServer$Division (RaftServerImpl.java:start(405)) - e072d245-7694-4d97-8e20-c503ebf8c2fe@group-961DE130DC57: start as a follower, conf=conf: {index: -1, cur=peers:[e072d245-7694-4d97-8e20-c503ebf8c2fe|127.0.0.1:15063]|listeners:[], old=null}
2025-10-16 19:47:28,312 [e072d245-7694-4d97-8e20-c503ebf8c2fe-groupManagement] INFO  server.RaftServer$Division (RaftServerImpl.java:setRole(392)) - e072d245-7694-4d97-8e20-c503ebf8c2fe@group-961DE130DC57: changes role from      null to FOLLOWER at term 0 for startAsFollower
2025-10-16 19:47:28,312 [e072d245-7694-4d97-8e20-c503ebf8c2fe-groupManagement] INFO  impl.RoleInfo (RoleInfo.java:updateAndGet(148)) - e072d245-7694-4d97-8e20-c503ebf8c2fe: start e072d245-7694-4d97-8e20-c503ebf8c2fe@group-961DE130DC57-FollowerState
2025-10-16 19:47:28,313 [e072d245-7694-4d97-8e20-c503ebf8c2fe-groupManagement] INFO  util.JmxRegister (JmxRegister.java:tryRegister(44)) - Successfully registered JMX Bean with object name Ratis:service=RaftServer,group=group-961DE130DC57,id=e072d245-7694-4d97-8e20-c503ebf8c2fe
2025-10-16 19:47:28,313 [e072d245-7694-4d97-8e20-c503ebf8c2fe-groupManagement] INFO  util.JmxRegister (JmxRegister.java:register(58)) - register mxBean class org.apache.ratis.server.impl.RaftServerJmxAdapter as Ratis:service=RaftServer,group=group-961DE130DC57,id=e072d245-7694-4d97-8e20-c503ebf8c2fe
2025-10-16 19:47:28,314 [e072d245-7694-4d97-8e20-c503ebf8c2fe-groupManagement] INFO  server.RaftServer$Division (RaftServerImpl.java:start(419)) - e072d245-7694-4d97-8e20-c503ebf8c2fe@group-961DE130DC57: Successfully started.
2025-10-16 19:47:28,315 [e072d245-7694-4d97-8e20-c503ebf8c2fe-CreatePipelineCommandHandlerThread-0] INFO  ratis.XceiverServerRatis (XceiverServerRatis.java:addGroup(839)) - Created group Pipeline-601a9733-5f65-4a12-8efd-961de130dc57
2025-10-16 19:47:28,315 [e072d245-7694-4d97-8e20-c503ebf8c2fe-CreatePipelineCommandHandlerThread-0] INFO  commandhandler.CreatePipelineCommandHandler (CreatePipelineCommandHandler.java:lambda$handle$2(141)) - Created Pipeline RATIS ONE Pipeline-601a9733-5f65-4a12-8efd-961de130dc57.
2025-10-16 19:47:28,315 [e072d245-7694-4d97-8e20-c503ebf8c2fe-CreatePipelineCommandHandlerThread-0] INFO  server.RaftServer (RaftServerProxy.java:addNew(105)) - e072d245-7694-4d97-8e20-c503ebf8c2fe: addNew group-EE898A0A2821:[e072d245-7694-4d97-8e20-c503ebf8c2fe|127.0.0.1:15063, 76d4ba71-5bbb-4b24-8f51-8bc7f78aaca4|127.0.0.1:15071, 8a0fa2ff-b550-4652-b2fe-0cf91cd4a157|127.0.0.1:15079] returns group-EE898A0A2821:java.util.concurrent.CompletableFuture@5e10f3b3[Not completed]
2025-10-16 19:47:28,317 [e072d245-7694-4d97-8e20-c503ebf8c2fe-groupManagement] INFO  server.RaftServer$Division (RaftServerImpl.java:<init>(268)) - e072d245-7694-4d97-8e20-c503ebf8c2fe: new RaftServerImpl for group-EE898A0A2821:[e072d245-7694-4d97-8e20-c503ebf8c2fe|127.0.0.1:15063, 76d4ba71-5bbb-4b24-8f51-8bc7f78aaca4|127.0.0.1:15071, 8a0fa2ff-b550-4652-b2fe-0cf91cd4a157|127.0.0.1:15079] with ContainerStateMachine:uninitialized
2025-10-16 19:47:28,317 [e072d245-7694-4d97-8e20-c503ebf8c2fe-groupManagement] INFO  server.RaftServer$Division (ServerState.java:<init>(114)) - e072d245-7694-4d97-8e20-c503ebf8c2fe@group-EE898A0A2821: ConfigurationManager, init=conf: {index: -1, cur=peers:[e072d245-7694-4d97-8e20-c503ebf8c2fe|127.0.0.1:15063, 76d4ba71-5bbb-4b24-8f51-8bc7f78aaca4|127.0.0.1:15071, 8a0fa2ff-b550-4652-b2fe-0cf91cd4a157|127.0.0.1:15079]|listeners:[], old=null}, confs=<EMPTY_MAP>
2025-10-16 19:47:28,321 [e072d245-7694-4d97-8e20-c503ebf8c2fe-groupManagement] INFO  storage.RaftStorageDirectory (RaftStorageDirectoryImpl.java:analyzeStorage(138)) - The storage directory /home/runner/work/ozone/ozone/hadoop-ozone/integration-test/target/test-dir/MiniOzoneClusterImpl-e7911277-7775-4457-96c8-94071a26a1ce/ozone-metadata/datanode-7/ratis/8f9acfe3-5569-4a29-b935-ee898a0a2821 does not exist. Creating ...
2025-10-16 19:47:28,322 [e072d245-7694-4d97-8e20-c503ebf8c2fe-groupManagement] INFO  storage.RaftStorageDirectory (RaftStorageDirectoryImpl.java:tryLock(229)) - Lock on /home/runner/work/ozone/ozone/hadoop-ozone/integration-test/target/test-dir/MiniOzoneClusterImpl-e7911277-7775-4457-96c8-94071a26a1ce/ozone-metadata/datanode-7/ratis/8f9acfe3-5569-4a29-b935-ee898a0a2821/in_use.lock acquired by nodename 40995@localhost
2025-10-16 19:47:28,323 [e072d245-7694-4d97-8e20-c503ebf8c2fe-groupManagement] INFO  storage.RaftStorage (RaftStorageImpl.java:format(98)) - Storage directory /home/runner/work/ozone/ozone/hadoop-ozone/integration-test/target/test-dir/MiniOzoneClusterImpl-e7911277-7775-4457-96c8-94071a26a1ce/ozone-metadata/datanode-7/ratis/8f9acfe3-5569-4a29-b935-ee898a0a2821 has been successfully formatted.
2025-10-16 19:47:28,324 [e072d245-7694-4d97-8e20-c503ebf8c2fe-groupManagement] INFO  ratis.ContainerStateMachine (ContainerStateMachine.java:initialize(339)) - e072d245-7694-4d97-8e20-c503ebf8c2fe: initialize group-EE898A0A2821
2025-10-16 19:47:28,324 [e072d245-7694-4d97-8e20-c503ebf8c2fe-groupManagement] INFO  ratis.ContainerStateMachine (ContainerStateMachine.java:loadSnapshot(347)) - group-EE898A0A2821: The snapshot info is null. Setting the last applied index to:<INITIAL_VALUE>
2025-10-16 19:47:28,324 [e072d245-7694-4d97-8e20-c503ebf8c2fe-groupManagement] INFO  server.RaftServerConfigKeys (ConfUtils.java:logGet(62)) - raft.server.log.appender.buffer.byte-limit = 33554432 (custom)
2025-10-16 19:47:28,326 [e072d245-7694-4d97-8e20-c503ebf8c2fe-groupManagement] INFO  server.RaftServerConfigKeys (ConfUtils.java:logGet(62)) - raft.server.log.segment.size.max = 67108864 (custom)
2025-10-16 19:47:28,327 [e072d245-7694-4d97-8e20-c503ebf8c2fe-groupManagement] INFO  server.RaftServerConfigKeys (ConfUtils.java:logGet(62)) - raft.server.log.appender.buffer.byte-limit = 33554432 (custom)
2025-10-16 19:47:28,328 [e072d245-7694-4d97-8e20-c503ebf8c2fe-groupManagement] INFO  util.AwaitToRun (AwaitToRun.java:start(81)) - Thread[#1626,e072d245-7694-4d97-8e20-c503ebf8c2fe@group-EE898A0A2821-cacheEviction-AwaitToRun,5,main] started
2025-10-16 19:47:28,328 [e072d245-7694-4d97-8e20-c503ebf8c2fe-groupManagement] INFO  segmented.SegmentedRaftLogWorker (SegmentedRaftLogWorker.java:<init>(190)) - new e072d245-7694-4d97-8e20-c503ebf8c2fe@group-EE898A0A2821-SegmentedRaftLogWorker for RaftStorageImpl:Storage Directory /home/runner/work/ozone/ozone/hadoop-ozone/integration-test/target/test-dir/MiniOzoneClusterImpl-e7911277-7775-4457-96c8-94071a26a1ce/ozone-metadata/datanode-7/ratis/8f9acfe3-5569-4a29-b935-ee898a0a2821
2025-10-16 19:47:28,328 [e072d245-7694-4d97-8e20-c503ebf8c2fe-groupManagement] INFO  server.RaftServerConfigKeys (ConfUtils.java:logGet(62)) - raft.server.log.queue.byte-limit = 4294967296 (custom)
2025-10-16 19:47:28,328 [e072d245-7694-4d97-8e20-c503ebf8c2fe-groupManagement] INFO  server.RaftServerConfigKeys (ConfUtils.java:logGet(62)) - raft.server.log.segment.size.max = 67108864 (custom)
2025-10-16 19:47:28,328 [e072d245-7694-4d97-8e20-c503ebf8c2fe-groupManagement] INFO  server.RaftServerConfigKeys (ConfUtils.java:logGet(62)) - raft.server.log.preallocated.size = 4194304 (custom)
2025-10-16 19:47:28,329 [e072d245-7694-4d97-8e20-c503ebf8c2fe-groupManagement] INFO  server.RaftServerConfigKeys (ConfUtils.java:logGet(62)) - raft.server.log.write.buffer.size = 33554440 (custom)
2025-10-16 19:47:28,327 | INFO  | SCMAudit | user=runner | ip=127.0.0.1 | op=SEND_HEARTBEAT {"datanodeUUID":"e072d245-7694-4d97-8e20-c503ebf8c2fe","term":"2","command":"[]"} | ret=SUCCESS |  
2025-10-16 19:47:28,333 [e072d245-7694-4d97-8e20-c503ebf8c2fe-groupManagement] INFO  server.RaftServerConfigKeys (ConfUtils.java:logGet(62)) - raft.server.log.appender.buffer.byte-limit = 33554432 (custom)
2025-10-16 19:47:28,334 [e072d245-7694-4d97-8e20-c503ebf8c2fe-groupManagement] INFO  segmented.SegmentedRaftLogWorker (SegmentedRaftLogWorker.java:lambda$new$0(141)) - e072d245-7694-4d97-8e20-c503ebf8c2fe@group-EE898A0A2821-SegmentedRaftLogWorker: flushIndex: setUnconditionally 0 -> -1
2025-10-16 19:47:28,334 [e072d245-7694-4d97-8e20-c503ebf8c2fe-groupManagement] INFO  segmented.SegmentedRaftLogWorker (SegmentedRaftLogWorker.java:lambda$new$0(141)) - e072d245-7694-4d97-8e20-c503ebf8c2fe@group-EE898A0A2821-SegmentedRaftLogWorker: safeCacheEvictIndex: setUnconditionally 0 -> -1
2025-10-16 19:47:28,334 [e072d245-7694-4d97-8e20-c503ebf8c2fe-groupManagement] INFO  server.RaftServer$Division (RaftServerImpl.java:start(405)) - e072d245-7694-4d97-8e20-c503ebf8c2fe@group-EE898A0A2821: start as a follower, conf=conf: {index: -1, cur=peers:[e072d245-7694-4d97-8e20-c503ebf8c2fe|127.0.0.1:15063, 76d4ba71-5bbb-4b24-8f51-8bc7f78aaca4|127.0.0.1:15071, 8a0fa2ff-b550-4652-b2fe-0cf91cd4a157|127.0.0.1:15079]|listeners:[], old=null}
2025-10-16 19:47:28,334 [e072d245-7694-4d97-8e20-c503ebf8c2fe-groupManagement] INFO  server.RaftServer$Division (RaftServerImpl.java:setRole(392)) - e072d245-7694-4d97-8e20-c503ebf8c2fe@group-EE898A0A2821: changes role from      null to FOLLOWER at term 0 for startAsFollower
2025-10-16 19:47:28,334 [e072d245-7694-4d97-8e20-c503ebf8c2fe-groupManagement] INFO  impl.RoleInfo (RoleInfo.java:updateAndGet(148)) - e072d245-7694-4d97-8e20-c503ebf8c2fe: start e072d245-7694-4d97-8e20-c503ebf8c2fe@group-EE898A0A2821-FollowerState
2025-10-16 19:47:28,335 [e072d245-7694-4d97-8e20-c503ebf8c2fe-groupManagement] INFO  util.JmxRegister (JmxRegister.java:tryRegister(44)) - Successfully registered JMX Bean with object name Ratis:service=RaftServer,group=group-EE898A0A2821,id=e072d245-7694-4d97-8e20-c503ebf8c2fe
2025-10-16 19:47:28,335 [e072d245-7694-4d97-8e20-c503ebf8c2fe-groupManagement] INFO  util.JmxRegister (JmxRegister.java:register(58)) - register mxBean class org.apache.ratis.server.impl.RaftServerJmxAdapter as Ratis:service=RaftServer,group=group-EE898A0A2821,id=e072d245-7694-4d97-8e20-c503ebf8c2fe
2025-10-16 19:47:28,336 [e072d245-7694-4d97-8e20-c503ebf8c2fe-groupManagement] INFO  server.RaftServer$Division (RaftServerImpl.java:start(419)) - e072d245-7694-4d97-8e20-c503ebf8c2fe@group-EE898A0A2821: Successfully started.
2025-10-16 19:47:28,336 [e072d245-7694-4d97-8e20-c503ebf8c2fe-CreatePipelineCommandHandlerThread-0] INFO  ratis.XceiverServerRatis (XceiverServerRatis.java:addGroup(839)) - Created group Pipeline-8f9acfe3-5569-4a29-b935-ee898a0a2821
2025-10-16 19:47:28,343 [grpc-default-executor-3] INFO  server.RaftServer (RaftServerProxy.java:addNew(105)) - 8a0fa2ff-b550-4652-b2fe-0cf91cd4a157: addNew group-EE898A0A2821:[e072d245-7694-4d97-8e20-c503ebf8c2fe|127.0.0.1:15063, 76d4ba71-5bbb-4b24-8f51-8bc7f78aaca4|127.0.0.1:15071, 8a0fa2ff-b550-4652-b2fe-0cf91cd4a157|127.0.0.1:15079] returns group-EE898A0A2821:java.util.concurrent.CompletableFuture@73d2be7[Not completed]
2025-10-16 19:47:28,345 [8a0fa2ff-b550-4652-b2fe-0cf91cd4a157-groupManagement] INFO  server.RaftServer$Division (RaftServerImpl.java:<init>(268)) - 8a0fa2ff-b550-4652-b2fe-0cf91cd4a157: new RaftServerImpl for group-EE898A0A2821:[e072d245-7694-4d97-8e20-c503ebf8c2fe|127.0.0.1:15063, 76d4ba71-5bbb-4b24-8f51-8bc7f78aaca4|127.0.0.1:15071, 8a0fa2ff-b550-4652-b2fe-0cf91cd4a157|127.0.0.1:15079] with ContainerStateMachine:uninitialized
2025-10-16 19:47:28,346 [8a0fa2ff-b550-4652-b2fe-0cf91cd4a157-groupManagement] INFO  server.RaftServer$Division (ServerState.java:<init>(114)) - 8a0fa2ff-b550-4652-b2fe-0cf91cd4a157@group-EE898A0A2821: ConfigurationManager, init=conf: {index: -1, cur=peers:[e072d245-7694-4d97-8e20-c503ebf8c2fe|127.0.0.1:15063, 76d4ba71-5bbb-4b24-8f51-8bc7f78aaca4|127.0.0.1:15071, 8a0fa2ff-b550-4652-b2fe-0cf91cd4a157|127.0.0.1:15079]|listeners:[], old=null}, confs=<EMPTY_MAP>
2025-10-16 19:47:28,352 [8a0fa2ff-b550-4652-b2fe-0cf91cd4a157-groupManagement] INFO  server.RaftServerConfigKeys (ConfUtils.java:logGet(62)) - raft.server.storage.dir = [/home/runner/work/ozone/ozone/hadoop-ozone/integration-test/target/test-dir/MiniOzoneClusterImpl-e7911277-7775-4457-96c8-94071a26a1ce/ozone-metadata/datanode-9/ratis] (custom)
2025-10-16 19:47:28,352 [8a0fa2ff-b550-4652-b2fe-0cf91cd4a157-groupManagement] INFO  storage.RaftStorageDirectory (RaftStorageDirectoryImpl.java:analyzeStorage(138)) - The storage directory /home/runner/work/ozone/ozone/hadoop-ozone/integration-test/target/test-dir/MiniOzoneClusterImpl-e7911277-7775-4457-96c8-94071a26a1ce/ozone-metadata/datanode-9/ratis/8f9acfe3-5569-4a29-b935-ee898a0a2821 does not exist. Creating ...
2025-10-16 19:47:28,353 [8a0fa2ff-b550-4652-b2fe-0cf91cd4a157-groupManagement] INFO  storage.RaftStorageDirectory (RaftStorageDirectoryImpl.java:tryLock(229)) - Lock on /home/runner/work/ozone/ozone/hadoop-ozone/integration-test/target/test-dir/MiniOzoneClusterImpl-e7911277-7775-4457-96c8-94071a26a1ce/ozone-metadata/datanode-9/ratis/8f9acfe3-5569-4a29-b935-ee898a0a2821/in_use.lock acquired by nodename 40995@localhost
2025-10-16 19:47:28,355 [8a0fa2ff-b550-4652-b2fe-0cf91cd4a157-groupManagement] INFO  storage.RaftStorage (RaftStorageImpl.java:format(98)) - Storage directory /home/runner/work/ozone/ozone/hadoop-ozone/integration-test/target/test-dir/MiniOzoneClusterImpl-e7911277-7775-4457-96c8-94071a26a1ce/ozone-metadata/datanode-9/ratis/8f9acfe3-5569-4a29-b935-ee898a0a2821 has been successfully formatted.
2025-10-16 19:47:28,356 [8a0fa2ff-b550-4652-b2fe-0cf91cd4a157-groupManagement] INFO  ratis.ContainerStateMachine (ContainerStateMachine.java:initialize(339)) - 8a0fa2ff-b550-4652-b2fe-0cf91cd4a157: initialize group-EE898A0A2821
2025-10-16 19:47:28,356 [8a0fa2ff-b550-4652-b2fe-0cf91cd4a157-groupManagement] INFO  ratis.ContainerStateMachine (ContainerStateMachine.java:loadSnapshot(347)) - group-EE898A0A2821: The snapshot info is null. Setting the last applied index to:<INITIAL_VALUE>
2025-10-16 19:47:28,356 [8a0fa2ff-b550-4652-b2fe-0cf91cd4a157-groupManagement] INFO  server.RaftServerConfigKeys (ConfUtils.java:logGet(62)) - raft.server.log.appender.buffer.byte-limit = 33554432 (custom)
2025-10-16 19:47:28,359 [8a0fa2ff-b550-4652-b2fe-0cf91cd4a157-groupManagement] INFO  server.RaftServerConfigKeys (ConfUtils.java:logGet(62)) - raft.server.log.segment.size.max = 67108864 (custom)
2025-10-16 19:47:28,359 [8a0fa2ff-b550-4652-b2fe-0cf91cd4a157-groupManagement] INFO  server.RaftServerConfigKeys (ConfUtils.java:logGet(62)) - raft.server.log.appender.buffer.byte-limit = 33554432 (custom)
2025-10-16 19:47:28,359 [8a0fa2ff-b550-4652-b2fe-0cf91cd4a157-groupManagement] INFO  util.AwaitToRun (AwaitToRun.java:start(81)) - Thread[#1631,8a0fa2ff-b550-4652-b2fe-0cf91cd4a157@group-EE898A0A2821-cacheEviction-AwaitToRun,5,main] started
2025-10-16 19:47:28,359 [8a0fa2ff-b550-4652-b2fe-0cf91cd4a157-groupManagement] INFO  segmented.SegmentedRaftLogWorker (SegmentedRaftLogWorker.java:<init>(190)) - new 8a0fa2ff-b550-4652-b2fe-0cf91cd4a157@group-EE898A0A2821-SegmentedRaftLogWorker for RaftStorageImpl:Storage Directory /home/runner/work/ozone/ozone/hadoop-ozone/integration-test/target/test-dir/MiniOzoneClusterImpl-e7911277-7775-4457-96c8-94071a26a1ce/ozone-metadata/datanode-9/ratis/8f9acfe3-5569-4a29-b935-ee898a0a2821
2025-10-16 19:47:28,360 [8a0fa2ff-b550-4652-b2fe-0cf91cd4a157-groupManagement] INFO  server.RaftServerConfigKeys (ConfUtils.java:logGet(62)) - raft.server.log.queue.byte-limit = 4294967296 (custom)
2025-10-16 19:47:28,360 [8a0fa2ff-b550-4652-b2fe-0cf91cd4a157-groupManagement] INFO  server.RaftServerConfigKeys (ConfUtils.java:logGet(62)) - raft.server.log.segment.size.max = 67108864 (custom)
2025-10-16 19:47:28,360 [8a0fa2ff-b550-4652-b2fe-0cf91cd4a157-groupManagement] INFO  server.RaftServerConfigKeys (ConfUtils.java:logGet(62)) - raft.server.log.preallocated.size = 4194304 (custom)
2025-10-16 19:47:28,360 [8a0fa2ff-b550-4652-b2fe-0cf91cd4a157-groupManagement] INFO  server.RaftServerConfigKeys (ConfUtils.java:logGet(62)) - raft.server.log.write.buffer.size = 33554440 (custom)
2025-10-16 19:47:28,362 | INFO  | SCMAudit | user=runner | ip=127.0.0.1 | op=SEND_HEARTBEAT {"datanodeUUID":"8a0fa2ff-b550-4652-b2fe-0cf91cd4a157","term":"2","command":"[]"} | ret=SUCCESS |  
2025-10-16 19:47:28,367 [8a0fa2ff-b550-4652-b2fe-0cf91cd4a157-groupManagement] INFO  server.RaftServerConfigKeys (ConfUtils.java:logGet(62)) - raft.server.log.appender.buffer.byte-limit = 33554432 (custom)
2025-10-16 19:47:28,368 [8a0fa2ff-b550-4652-b2fe-0cf91cd4a157-groupManagement] INFO  segmented.SegmentedRaftLogWorker (SegmentedRaftLogWorker.java:lambda$new$0(141)) - 8a0fa2ff-b550-4652-b2fe-0cf91cd4a157@group-EE898A0A2821-SegmentedRaftLogWorker: flushIndex: setUnconditionally 0 -> -1
2025-10-16 19:47:28,368 [8a0fa2ff-b550-4652-b2fe-0cf91cd4a157-groupManagement] INFO  segmented.SegmentedRaftLogWorker (SegmentedRaftLogWorker.java:lambda$new$0(141)) - 8a0fa2ff-b550-4652-b2fe-0cf91cd4a157@group-EE898A0A2821-SegmentedRaftLogWorker: safeCacheEvictIndex: setUnconditionally 0 -> -1
2025-10-16 19:47:28,368 [8a0fa2ff-b550-4652-b2fe-0cf91cd4a157-groupManagement] INFO  server.RaftServer$Division (RaftServerImpl.java:start(405)) - 8a0fa2ff-b550-4652-b2fe-0cf91cd4a157@group-EE898A0A2821: start as a follower, conf=conf: {index: -1, cur=peers:[e072d245-7694-4d97-8e20-c503ebf8c2fe|127.0.0.1:15063, 76d4ba71-5bbb-4b24-8f51-8bc7f78aaca4|127.0.0.1:15071, 8a0fa2ff-b550-4652-b2fe-0cf91cd4a157|127.0.0.1:15079]|listeners:[], old=null}
2025-10-16 19:47:28,368 [8a0fa2ff-b550-4652-b2fe-0cf91cd4a157-groupManagement] INFO  server.RaftServer$Division (RaftServerImpl.java:setRole(392)) - 8a0fa2ff-b550-4652-b2fe-0cf91cd4a157@group-EE898A0A2821: changes role from      null to FOLLOWER at term 0 for startAsFollower
2025-10-16 19:47:28,368 [8a0fa2ff-b550-4652-b2fe-0cf91cd4a157-groupManagement] INFO  impl.RoleInfo (RoleInfo.java:updateAndGet(148)) - 8a0fa2ff-b550-4652-b2fe-0cf91cd4a157: start 8a0fa2ff-b550-4652-b2fe-0cf91cd4a157@group-EE898A0A2821-FollowerState
2025-10-16 19:47:28,369 [8a0fa2ff-b550-4652-b2fe-0cf91cd4a157-groupManagement] INFO  util.JmxRegister (JmxRegister.java:tryRegister(44)) - Successfully registered JMX Bean with object name Ratis:service=RaftServer,group=group-EE898A0A2821,id=8a0fa2ff-b550-4652-b2fe-0cf91cd4a157
2025-10-16 19:47:28,369 [8a0fa2ff-b550-4652-b2fe-0cf91cd4a157-groupManagement] INFO  util.JmxRegister (JmxRegister.java:register(58)) - register mxBean class org.apache.ratis.server.impl.RaftServerJmxAdapter as Ratis:service=RaftServer,group=group-EE898A0A2821,id=8a0fa2ff-b550-4652-b2fe-0cf91cd4a157
2025-10-16 19:47:28,371 [8a0fa2ff-b550-4652-b2fe-0cf91cd4a157-groupManagement] INFO  server.RaftServer$Division (RaftServerImpl.java:start(419)) - 8a0fa2ff-b550-4652-b2fe-0cf91cd4a157@group-EE898A0A2821: Successfully started.
2025-10-16 19:47:28,385 [grpc-default-executor-3] INFO  server.RaftServer (RaftServerProxy.java:addNew(105)) - 76d4ba71-5bbb-4b24-8f51-8bc7f78aaca4: addNew group-EE898A0A2821:[e072d245-7694-4d97-8e20-c503ebf8c2fe|127.0.0.1:15063, 76d4ba71-5bbb-4b24-8f51-8bc7f78aaca4|127.0.0.1:15071, 8a0fa2ff-b550-4652-b2fe-0cf91cd4a157|127.0.0.1:15079] returns group-EE898A0A2821:java.util.concurrent.CompletableFuture@5ddf28f6[Not completed]
2025-10-16 19:47:28,387 [76d4ba71-5bbb-4b24-8f51-8bc7f78aaca4-groupManagement] INFO  server.RaftServer$Division (RaftServerImpl.java:<init>(268)) - 76d4ba71-5bbb-4b24-8f51-8bc7f78aaca4: new RaftServerImpl for group-EE898A0A2821:[e072d245-7694-4d97-8e20-c503ebf8c2fe|127.0.0.1:15063, 76d4ba71-5bbb-4b24-8f51-8bc7f78aaca4|127.0.0.1:15071, 8a0fa2ff-b550-4652-b2fe-0cf91cd4a157|127.0.0.1:15079] with ContainerStateMachine:uninitialized
2025-10-16 19:47:28,387 [76d4ba71-5bbb-4b24-8f51-8bc7f78aaca4-groupManagement] INFO  server.RaftServer$Division (ServerState.java:<init>(114)) - 76d4ba71-5bbb-4b24-8f51-8bc7f78aaca4@group-EE898A0A2821: ConfigurationManager, init=conf: {index: -1, cur=peers:[e072d245-7694-4d97-8e20-c503ebf8c2fe|127.0.0.1:15063, 76d4ba71-5bbb-4b24-8f51-8bc7f78aaca4|127.0.0.1:15071, 8a0fa2ff-b550-4652-b2fe-0cf91cd4a157|127.0.0.1:15079]|listeners:[], old=null}, confs=<EMPTY_MAP>
2025-10-16 19:47:28,392 [76d4ba71-5bbb-4b24-8f51-8bc7f78aaca4-groupManagement] INFO  server.RaftServerConfigKeys (ConfUtils.java:logGet(62)) - raft.server.storage.dir = [/home/runner/work/ozone/ozone/hadoop-ozone/integration-test/target/test-dir/MiniOzoneClusterImpl-e7911277-7775-4457-96c8-94071a26a1ce/ozone-metadata/datanode-8/ratis] (custom)
2025-10-16 19:47:28,392 [76d4ba71-5bbb-4b24-8f51-8bc7f78aaca4-groupManagement] INFO  storage.RaftStorageDirectory (RaftStorageDirectoryImpl.java:analyzeStorage(138)) - The storage directory /home/runner/work/ozone/ozone/hadoop-ozone/integration-test/target/test-dir/MiniOzoneClusterImpl-e7911277-7775-4457-96c8-94071a26a1ce/ozone-metadata/datanode-8/ratis/8f9acfe3-5569-4a29-b935-ee898a0a2821 does not exist. Creating ...
2025-10-16 19:47:28,393 [76d4ba71-5bbb-4b24-8f51-8bc7f78aaca4-groupManagement] INFO  storage.RaftStorageDirectory (RaftStorageDirectoryImpl.java:tryLock(229)) - Lock on /home/runner/work/ozone/ozone/hadoop-ozone/integration-test/target/test-dir/MiniOzoneClusterImpl-e7911277-7775-4457-96c8-94071a26a1ce/ozone-metadata/datanode-8/ratis/8f9acfe3-5569-4a29-b935-ee898a0a2821/in_use.lock acquired by nodename 40995@localhost
2025-10-16 19:47:28,394 [76d4ba71-5bbb-4b24-8f51-8bc7f78aaca4-groupManagement] INFO  storage.RaftStorage (RaftStorageImpl.java:format(98)) - Storage directory /home/runner/work/ozone/ozone/hadoop-ozone/integration-test/target/test-dir/MiniOzoneClusterImpl-e7911277-7775-4457-96c8-94071a26a1ce/ozone-metadata/datanode-8/ratis/8f9acfe3-5569-4a29-b935-ee898a0a2821 has been successfully formatted.
2025-10-16 19:47:28,395 [76d4ba71-5bbb-4b24-8f51-8bc7f78aaca4-groupManagement] INFO  ratis.ContainerStateMachine (ContainerStateMachine.java:initialize(339)) - 76d4ba71-5bbb-4b24-8f51-8bc7f78aaca4: initialize group-EE898A0A2821
2025-10-16 19:47:28,395 [76d4ba71-5bbb-4b24-8f51-8bc7f78aaca4-groupManagement] INFO  ratis.ContainerStateMachine (ContainerStateMachine.java:loadSnapshot(347)) - group-EE898A0A2821: The snapshot info is null. Setting the last applied index to:<INITIAL_VALUE>
2025-10-16 19:47:28,395 [76d4ba71-5bbb-4b24-8f51-8bc7f78aaca4-groupManagement] INFO  server.RaftServerConfigKeys (ConfUtils.java:logGet(62)) - raft.server.log.appender.buffer.byte-limit = 33554432 (custom)
2025-10-16 19:47:28,398 | INFO  | SCMAudit | user=runner | ip=127.0.0.1 | op=SEND_HEARTBEAT {"datanodeUUID":"76d4ba71-5bbb-4b24-8f51-8bc7f78aaca4","term":"2","command":"[]"} | ret=SUCCESS |  
2025-10-16 19:47:28,398 [76d4ba71-5bbb-4b24-8f51-8bc7f78aaca4-groupManagement] INFO  server.RaftServerConfigKeys (ConfUtils.java:logGet(62)) - raft.server.log.segment.size.max = 67108864 (custom)
2025-10-16 19:47:28,399 [76d4ba71-5bbb-4b24-8f51-8bc7f78aaca4-groupManagement] INFO  server.RaftServerConfigKeys (ConfUtils.java:logGet(62)) - raft.server.log.appender.buffer.byte-limit = 33554432 (custom)
2025-10-16 19:47:28,399 [76d4ba71-5bbb-4b24-8f51-8bc7f78aaca4-groupManagement] INFO  util.AwaitToRun (AwaitToRun.java:start(81)) - Thread[#1639,76d4ba71-5bbb-4b24-8f51-8bc7f78aaca4@group-EE898A0A2821-cacheEviction-AwaitToRun,5,main] started
2025-10-16 19:47:28,399 [76d4ba71-5bbb-4b24-8f51-8bc7f78aaca4-groupManagement] INFO  segmented.SegmentedRaftLogWorker (SegmentedRaftLogWorker.java:<init>(190)) - new 76d4ba71-5bbb-4b24-8f51-8bc7f78aaca4@group-EE898A0A2821-SegmentedRaftLogWorker for RaftStorageImpl:Storage Directory /home/runner/work/ozone/ozone/hadoop-ozone/integration-test/target/test-dir/MiniOzoneClusterImpl-e7911277-7775-4457-96c8-94071a26a1ce/ozone-metadata/datanode-8/ratis/8f9acfe3-5569-4a29-b935-ee898a0a2821
2025-10-16 19:47:28,399 [76d4ba71-5bbb-4b24-8f51-8bc7f78aaca4-groupManagement] INFO  server.RaftServerConfigKeys (ConfUtils.java:logGet(62)) - raft.server.log.queue.byte-limit = 4294967296 (custom)
2025-10-16 19:47:28,399 [76d4ba71-5bbb-4b24-8f51-8bc7f78aaca4-groupManagement] INFO  server.RaftServerConfigKeys (ConfUtils.java:logGet(62)) - raft.server.log.segment.size.max = 67108864 (custom)
2025-10-16 19:47:28,399 [76d4ba71-5bbb-4b24-8f51-8bc7f78aaca4-groupManagement] INFO  server.RaftServerConfigKeys (ConfUtils.java:logGet(62)) - raft.server.log.preallocated.size = 4194304 (custom)
2025-10-16 19:47:28,400 [76d4ba71-5bbb-4b24-8f51-8bc7f78aaca4-groupManagement] INFO  server.RaftServerConfigKeys (ConfUtils.java:logGet(62)) - raft.server.log.write.buffer.size = 33554440 (custom)
2025-10-16 19:47:28,405 [76d4ba71-5bbb-4b24-8f51-8bc7f78aaca4-groupManagement] INFO  server.RaftServerConfigKeys (ConfUtils.java:logGet(62)) - raft.server.log.appender.buffer.byte-limit = 33554432 (custom)
2025-10-16 19:47:28,406 [76d4ba71-5bbb-4b24-8f51-8bc7f78aaca4-groupManagement] INFO  segmented.SegmentedRaftLogWorker (SegmentedRaftLogWorker.java:lambda$new$0(141)) - 76d4ba71-5bbb-4b24-8f51-8bc7f78aaca4@group-EE898A0A2821-SegmentedRaftLogWorker: flushIndex: setUnconditionally 0 -> -1
2025-10-16 19:47:28,406 [76d4ba71-5bbb-4b24-8f51-8bc7f78aaca4-groupManagement] INFO  segmented.SegmentedRaftLogWorker (SegmentedRaftLogWorker.java:lambda$new$0(141)) - 76d4ba71-5bbb-4b24-8f51-8bc7f78aaca4@group-EE898A0A2821-SegmentedRaftLogWorker: safeCacheEvictIndex: setUnconditionally 0 -> -1
2025-10-16 19:47:28,406 [76d4ba71-5bbb-4b24-8f51-8bc7f78aaca4-groupManagement] INFO  server.RaftServer$Division (RaftServerImpl.java:start(405)) - 76d4ba71-5bbb-4b24-8f51-8bc7f78aaca4@group-EE898A0A2821: start as a follower, conf=conf: {index: -1, cur=peers:[e072d245-7694-4d97-8e20-c503ebf8c2fe|127.0.0.1:15063, 76d4ba71-5bbb-4b24-8f51-8bc7f78aaca4|127.0.0.1:15071, 8a0fa2ff-b550-4652-b2fe-0cf91cd4a157|127.0.0.1:15079]|listeners:[], old=null}
2025-10-16 19:47:28,406 [76d4ba71-5bbb-4b24-8f51-8bc7f78aaca4-groupManagement] INFO  server.RaftServer$Division (RaftServerImpl.java:setRole(392)) - 76d4ba71-5bbb-4b24-8f51-8bc7f78aaca4@group-EE898A0A2821: changes role from      null to FOLLOWER at term 0 for startAsFollower
2025-10-16 19:47:28,406 [76d4ba71-5bbb-4b24-8f51-8bc7f78aaca4-groupManagement] INFO  impl.RoleInfo (RoleInfo.java:updateAndGet(148)) - 76d4ba71-5bbb-4b24-8f51-8bc7f78aaca4: start 76d4ba71-5bbb-4b24-8f51-8bc7f78aaca4@group-EE898A0A2821-FollowerState
2025-10-16 19:47:28,407 [76d4ba71-5bbb-4b24-8f51-8bc7f78aaca4-groupManagement] INFO  util.JmxRegister (JmxRegister.java:tryRegister(44)) - Successfully registered JMX Bean with object name Ratis:service=RaftServer,group=group-EE898A0A2821,id=76d4ba71-5bbb-4b24-8f51-8bc7f78aaca4
2025-10-16 19:47:28,407 [76d4ba71-5bbb-4b24-8f51-8bc7f78aaca4-groupManagement] INFO  util.JmxRegister (JmxRegister.java:register(58)) - register mxBean class org.apache.ratis.server.impl.RaftServerJmxAdapter as Ratis:service=RaftServer,group=group-EE898A0A2821,id=76d4ba71-5bbb-4b24-8f51-8bc7f78aaca4
2025-10-16 19:47:28,408 [76d4ba71-5bbb-4b24-8f51-8bc7f78aaca4-groupManagement] INFO  server.RaftServer$Division (RaftServerImpl.java:start(419)) - 76d4ba71-5bbb-4b24-8f51-8bc7f78aaca4@group-EE898A0A2821: Successfully started.
2025-10-16 19:47:28,417 [e072d245-7694-4d97-8e20-c503ebf8c2fe-CreatePipelineCommandHandlerThread-0] INFO  commandhandler.CreatePipelineCommandHandler (CreatePipelineCommandHandler.java:lambda$handle$2(141)) - Created Pipeline RATIS THREE Pipeline-8f9acfe3-5569-4a29-b935-ee898a0a2821.
2025-10-16 19:47:28,418 [e072d245-7694-4d97-8e20-c503ebf8c2fe-CreatePipelineCommandHandlerThread-0] INFO  server.RaftServer (RaftServerProxy.java:addNew(105)) - e072d245-7694-4d97-8e20-c503ebf8c2fe: addNew group-35C832A27F16:[e072d245-7694-4d97-8e20-c503ebf8c2fe|127.0.0.1:15063, 76d4ba71-5bbb-4b24-8f51-8bc7f78aaca4|127.0.0.1:15071, 8a0fa2ff-b550-4652-b2fe-0cf91cd4a157|127.0.0.1:15079] returns group-35C832A27F16:java.util.concurrent.CompletableFuture@253f27bc[Not completed]
2025-10-16 19:47:28,420 [e072d245-7694-4d97-8e20-c503ebf8c2fe-groupManagement] INFO  server.RaftServer$Division (RaftServerImpl.java:<init>(268)) - e072d245-7694-4d97-8e20-c503ebf8c2fe: new RaftServerImpl for group-35C832A27F16:[e072d245-7694-4d97-8e20-c503ebf8c2fe|127.0.0.1:15063, 76d4ba71-5bbb-4b24-8f51-8bc7f78aaca4|127.0.0.1:15071, 8a0fa2ff-b550-4652-b2fe-0cf91cd4a157|127.0.0.1:15079] with ContainerStateMachine:uninitialized
2025-10-16 19:47:28,420 [e072d245-7694-4d97-8e20-c503ebf8c2fe-groupManagement] INFO  server.RaftServer$Division (ServerState.java:<init>(114)) - e072d245-7694-4d97-8e20-c503ebf8c2fe@group-35C832A27F16: ConfigurationManager, init=conf: {index: -1, cur=peers:[e072d245-7694-4d97-8e20-c503ebf8c2fe|127.0.0.1:15063, 76d4ba71-5bbb-4b24-8f51-8bc7f78aaca4|127.0.0.1:15071, 8a0fa2ff-b550-4652-b2fe-0cf91cd4a157|127.0.0.1:15079]|listeners:[], old=null}, confs=<EMPTY_MAP>
2025-10-16 19:47:28,431 [e072d245-7694-4d97-8e20-c503ebf8c2fe-groupManagement] INFO  server.RaftServerConfigKeys (ConfUtils.java:logGet(62)) - raft.server.storage.dir = [/home/runner/work/ozone/ozone/hadoop-ozone/integration-test/target/test-dir/MiniOzoneClusterImpl-e7911277-7775-4457-96c8-94071a26a1ce/ozone-metadata/datanode-7/ratis] (custom)
2025-10-16 19:47:28,432 [e072d245-7694-4d97-8e20-c503ebf8c2fe-groupManagement] INFO  storage.RaftStorageDirectory (RaftStorageDirectoryImpl.java:analyzeStorage(138)) - The storage directory /home/runner/work/ozone/ozone/hadoop-ozone/integration-test/target/test-dir/MiniOzoneClusterImpl-e7911277-7775-4457-96c8-94071a26a1ce/ozone-metadata/datanode-7/ratis/36c7da6a-14e2-433e-b882-35c832a27f16 does not exist. Creating ...
2025-10-16 19:47:28,433 [e072d245-7694-4d97-8e20-c503ebf8c2fe-groupManagement] INFO  storage.RaftStorageDirectory (RaftStorageDirectoryImpl.java:tryLock(229)) - Lock on /home/runner/work/ozone/ozone/hadoop-ozone/integration-test/target/test-dir/MiniOzoneClusterImpl-e7911277-7775-4457-96c8-94071a26a1ce/ozone-metadata/datanode-7/ratis/36c7da6a-14e2-433e-b882-35c832a27f16/in_use.lock acquired by nodename 40995@localhost
2025-10-16 19:47:28,435 [e072d245-7694-4d97-8e20-c503ebf8c2fe-groupManagement] INFO  storage.RaftStorage (RaftStorageImpl.java:format(98)) - Storage directory /home/runner/work/ozone/ozone/hadoop-ozone/integration-test/target/test-dir/MiniOzoneClusterImpl-e7911277-7775-4457-96c8-94071a26a1ce/ozone-metadata/datanode-7/ratis/36c7da6a-14e2-433e-b882-35c832a27f16 has been successfully formatted.
2025-10-16 19:47:28,436 [e072d245-7694-4d97-8e20-c503ebf8c2fe-groupManagement] INFO  ratis.ContainerStateMachine (ContainerStateMachine.java:initialize(339)) - e072d245-7694-4d97-8e20-c503ebf8c2fe: initialize group-35C832A27F16
2025-10-16 19:47:28,436 [e072d245-7694-4d97-8e20-c503ebf8c2fe-groupManagement] INFO  ratis.ContainerStateMachine (ContainerStateMachine.java:loadSnapshot(347)) - group-35C832A27F16: The snapshot info is null. Setting the last applied index to:<INITIAL_VALUE>
2025-10-16 19:47:28,436 [e072d245-7694-4d97-8e20-c503ebf8c2fe-groupManagement] INFO  server.RaftServerConfigKeys (ConfUtils.java:logGet(62)) - raft.server.log.appender.buffer.byte-limit = 33554432 (custom)
2025-10-16 19:47:28,438 [e072d245-7694-4d97-8e20-c503ebf8c2fe-groupManagement] INFO  server.RaftServerConfigKeys (ConfUtils.java:logGet(62)) - raft.server.log.segment.size.max = 67108864 (custom)
2025-10-16 19:47:28,439 [e072d245-7694-4d97-8e20-c503ebf8c2fe-groupManagement] INFO  server.RaftServerConfigKeys (ConfUtils.java:logGet(62)) - raft.server.log.appender.buffer.byte-limit = 33554432 (custom)
2025-10-16 19:47:28,440 [e072d245-7694-4d97-8e20-c503ebf8c2fe-groupManagement] INFO  util.AwaitToRun (AwaitToRun.java:start(81)) - Thread[#1646,e072d245-7694-4d97-8e20-c503ebf8c2fe@group-35C832A27F16-cacheEviction-AwaitToRun,5,main] started
2025-10-16 19:47:28,440 | INFO  | SCMAudit | user=runner | ip=127.0.0.1 | op=SEND_HEARTBEAT {"datanodeUUID":"e072d245-7694-4d97-8e20-c503ebf8c2fe","term":"2","command":"[]"} | ret=SUCCESS |  
2025-10-16 19:47:28,440 [e072d245-7694-4d97-8e20-c503ebf8c2fe-groupManagement] INFO  segmented.SegmentedRaftLogWorker (SegmentedRaftLogWorker.java:<init>(190)) - new e072d245-7694-4d97-8e20-c503ebf8c2fe@group-35C832A27F16-SegmentedRaftLogWorker for RaftStorageImpl:Storage Directory /home/runner/work/ozone/ozone/hadoop-ozone/integration-test/target/test-dir/MiniOzoneClusterImpl-e7911277-7775-4457-96c8-94071a26a1ce/ozone-metadata/datanode-7/ratis/36c7da6a-14e2-433e-b882-35c832a27f16
2025-10-16 19:47:28,440 [e072d245-7694-4d97-8e20-c503ebf8c2fe-groupManagement] INFO  server.RaftServerConfigKeys (ConfUtils.java:logGet(62)) - raft.server.log.queue.byte-limit = 4294967296 (custom)
2025-10-16 19:47:28,440 [e072d245-7694-4d97-8e20-c503ebf8c2fe-groupManagement] INFO  server.RaftServerConfigKeys (ConfUtils.java:logGet(62)) - raft.server.log.segment.size.max = 67108864 (custom)
2025-10-16 19:47:28,440 [e072d245-7694-4d97-8e20-c503ebf8c2fe-groupManagement] INFO  server.RaftServerConfigKeys (ConfUtils.java:logGet(62)) - raft.server.log.preallocated.size = 4194304 (custom)
2025-10-16 19:47:28,441 [e072d245-7694-4d97-8e20-c503ebf8c2fe-groupManagement] INFO  server.RaftServerConfigKeys (ConfUtils.java:logGet(62)) - raft.server.log.write.buffer.size = 33554440 (custom)
2025-10-16 19:47:28,448 [e072d245-7694-4d97-8e20-c503ebf8c2fe-groupManagement] INFO  server.RaftServerConfigKeys (ConfUtils.java:logGet(62)) - raft.server.log.appender.buffer.byte-limit = 33554432 (custom)
2025-10-16 19:47:28,448 [e072d245-7694-4d97-8e20-c503ebf8c2fe-groupManagement] INFO  segmented.SegmentedRaftLogWorker (SegmentedRaftLogWorker.java:lambda$new$0(141)) - e072d245-7694-4d97-8e20-c503ebf8c2fe@group-35C832A27F16-SegmentedRaftLogWorker: flushIndex: setUnconditionally 0 -> -1
2025-10-16 19:47:28,448 [e072d245-7694-4d97-8e20-c503ebf8c2fe-groupManagement] INFO  segmented.SegmentedRaftLogWorker (SegmentedRaftLogWorker.java:lambda$new$0(141)) - e072d245-7694-4d97-8e20-c503ebf8c2fe@group-35C832A27F16-SegmentedRaftLogWorker: safeCacheEvictIndex: setUnconditionally 0 -> -1
2025-10-16 19:47:28,449 [e072d245-7694-4d97-8e20-c503ebf8c2fe-groupManagement] INFO  server.RaftServer$Division (RaftServerImpl.java:start(405)) - e072d245-7694-4d97-8e20-c503ebf8c2fe@group-35C832A27F16: start as a follower, conf=conf: {index: -1, cur=peers:[e072d245-7694-4d97-8e20-c503ebf8c2fe|127.0.0.1:15063, 76d4ba71-5bbb-4b24-8f51-8bc7f78aaca4|127.0.0.1:15071, 8a0fa2ff-b550-4652-b2fe-0cf91cd4a157|127.0.0.1:15079]|listeners:[], old=null}
2025-10-16 19:47:28,449 [e072d245-7694-4d97-8e20-c503ebf8c2fe-groupManagement] INFO  server.RaftServer$Division (RaftServerImpl.java:setRole(392)) - e072d245-7694-4d97-8e20-c503ebf8c2fe@group-35C832A27F16: changes role from      null to FOLLOWER at term 0 for startAsFollower
2025-10-16 19:47:28,449 [e072d245-7694-4d97-8e20-c503ebf8c2fe-groupManagement] INFO  impl.RoleInfo (RoleInfo.java:updateAndGet(148)) - e072d245-7694-4d97-8e20-c503ebf8c2fe: start e072d245-7694-4d97-8e20-c503ebf8c2fe@group-35C832A27F16-FollowerState
2025-10-16 19:47:28,450 [e072d245-7694-4d97-8e20-c503ebf8c2fe-groupManagement] INFO  util.JmxRegister (JmxRegister.java:tryRegister(44)) - Successfully registered JMX Bean with object name Ratis:service=RaftServer,group=group-35C832A27F16,id=e072d245-7694-4d97-8e20-c503ebf8c2fe
2025-10-16 19:47:28,450 [e072d245-7694-4d97-8e20-c503ebf8c2fe-groupManagement] INFO  util.JmxRegister (JmxRegister.java:register(58)) - register mxBean class org.apache.ratis.server.impl.RaftServerJmxAdapter as Ratis:service=RaftServer,group=group-35C832A27F16,id=e072d245-7694-4d97-8e20-c503ebf8c2fe
2025-10-16 19:47:28,452 [e072d245-7694-4d97-8e20-c503ebf8c2fe-groupManagement] INFO  server.RaftServer$Division (RaftServerImpl.java:start(419)) - e072d245-7694-4d97-8e20-c503ebf8c2fe@group-35C832A27F16: Successfully started.
2025-10-16 19:47:28,452 [e072d245-7694-4d97-8e20-c503ebf8c2fe-CreatePipelineCommandHandlerThread-0] INFO  ratis.XceiverServerRatis (XceiverServerRatis.java:addGroup(839)) - Created group Pipeline-36c7da6a-14e2-433e-b882-35c832a27f16
2025-10-16 19:47:28,459 [grpc-default-executor-3] INFO  server.RaftServer (RaftServerProxy.java:addNew(105)) - 76d4ba71-5bbb-4b24-8f51-8bc7f78aaca4: addNew group-35C832A27F16:[e072d245-7694-4d97-8e20-c503ebf8c2fe|127.0.0.1:15063, 76d4ba71-5bbb-4b24-8f51-8bc7f78aaca4|127.0.0.1:15071, 8a0fa2ff-b550-4652-b2fe-0cf91cd4a157|127.0.0.1:15079] returns group-35C832A27F16:java.util.concurrent.CompletableFuture@68af74d5[Not completed]
2025-10-16 19:47:28,461 [76d4ba71-5bbb-4b24-8f51-8bc7f78aaca4-groupManagement] INFO  server.RaftServer$Division (RaftServerImpl.java:<init>(268)) - 76d4ba71-5bbb-4b24-8f51-8bc7f78aaca4: new RaftServerImpl for group-35C832A27F16:[e072d245-7694-4d97-8e20-c503ebf8c2fe|127.0.0.1:15063, 76d4ba71-5bbb-4b24-8f51-8bc7f78aaca4|127.0.0.1:15071, 8a0fa2ff-b550-4652-b2fe-0cf91cd4a157|127.0.0.1:15079] with ContainerStateMachine:uninitialized
2025-10-16 19:47:28,461 [76d4ba71-5bbb-4b24-8f51-8bc7f78aaca4-groupManagement] INFO  server.RaftServer$Division (ServerState.java:<init>(114)) - 76d4ba71-5bbb-4b24-8f51-8bc7f78aaca4@group-35C832A27F16: ConfigurationManager, init=conf: {index: -1, cur=peers:[e072d245-7694-4d97-8e20-c503ebf8c2fe|127.0.0.1:15063, 76d4ba71-5bbb-4b24-8f51-8bc7f78aaca4|127.0.0.1:15071, 8a0fa2ff-b550-4652-b2fe-0cf91cd4a157|127.0.0.1:15079]|listeners:[], old=null}, confs=<EMPTY_MAP>
2025-10-16 19:47:28,467 [76d4ba71-5bbb-4b24-8f51-8bc7f78aaca4-groupManagement] INFO  server.RaftServerConfigKeys (ConfUtils.java:logGet(62)) - raft.server.storage.dir = [/home/runner/work/ozone/ozone/hadoop-ozone/integration-test/target/test-dir/MiniOzoneClusterImpl-e7911277-7775-4457-96c8-94071a26a1ce/ozone-metadata/datanode-8/ratis] (custom)
2025-10-16 19:47:28,467 [76d4ba71-5bbb-4b24-8f51-8bc7f78aaca4-groupManagement] INFO  storage.RaftStorageDirectory (RaftStorageDirectoryImpl.java:analyzeStorage(138)) - The storage directory /home/runner/work/ozone/ozone/hadoop-ozone/integration-test/target/test-dir/MiniOzoneClusterImpl-e7911277-7775-4457-96c8-94071a26a1ce/ozone-metadata/datanode-8/ratis/36c7da6a-14e2-433e-b882-35c832a27f16 does not exist. Creating ...
2025-10-16 19:47:28,468 [76d4ba71-5bbb-4b24-8f51-8bc7f78aaca4-groupManagement] INFO  storage.RaftStorageDirectory (RaftStorageDirectoryImpl.java:tryLock(229)) - Lock on /home/runner/work/ozone/ozone/hadoop-ozone/integration-test/target/test-dir/MiniOzoneClusterImpl-e7911277-7775-4457-96c8-94071a26a1ce/ozone-metadata/datanode-8/ratis/36c7da6a-14e2-433e-b882-35c832a27f16/in_use.lock acquired by nodename 40995@localhost
2025-10-16 19:47:28,469 [76d4ba71-5bbb-4b24-8f51-8bc7f78aaca4-groupManagement] INFO  storage.RaftStorage (RaftStorageImpl.java:format(98)) - Storage directory /home/runner/work/ozone/ozone/hadoop-ozone/integration-test/target/test-dir/MiniOzoneClusterImpl-e7911277-7775-4457-96c8-94071a26a1ce/ozone-metadata/datanode-8/ratis/36c7da6a-14e2-433e-b882-35c832a27f16 has been successfully formatted.
2025-10-16 19:47:28,470 [76d4ba71-5bbb-4b24-8f51-8bc7f78aaca4-groupManagement] INFO  ratis.ContainerStateMachine (ContainerStateMachine.java:initialize(339)) - 76d4ba71-5bbb-4b24-8f51-8bc7f78aaca4: initialize group-35C832A27F16
2025-10-16 19:47:28,470 [76d4ba71-5bbb-4b24-8f51-8bc7f78aaca4-groupManagement] INFO  ratis.ContainerStateMachine (ContainerStateMachine.java:loadSnapshot(347)) - group-35C832A27F16: The snapshot info is null. Setting the last applied index to:<INITIAL_VALUE>
2025-10-16 19:47:28,470 [76d4ba71-5bbb-4b24-8f51-8bc7f78aaca4-groupManagement] INFO  server.RaftServerConfigKeys (ConfUtils.java:logGet(62)) - raft.server.log.appender.buffer.byte-limit = 33554432 (custom)
2025-10-16 19:47:28,473 | INFO  | SCMAudit | user=runner | ip=127.0.0.1 | op=SEND_HEARTBEAT {"datanodeUUID":"76d4ba71-5bbb-4b24-8f51-8bc7f78aaca4","term":"2","command":"[]"} | ret=SUCCESS |  
2025-10-16 19:47:28,474 [76d4ba71-5bbb-4b24-8f51-8bc7f78aaca4-groupManagement] INFO  server.RaftServerConfigKeys (ConfUtils.java:logGet(62)) - raft.server.log.segment.size.max = 67108864 (custom)
2025-10-16 19:47:28,474 [76d4ba71-5bbb-4b24-8f51-8bc7f78aaca4-groupManagement] INFO  server.RaftServerConfigKeys (ConfUtils.java:logGet(62)) - raft.server.log.appender.buffer.byte-limit = 33554432 (custom)
2025-10-16 19:47:28,475 [76d4ba71-5bbb-4b24-8f51-8bc7f78aaca4-groupManagement] INFO  util.AwaitToRun (AwaitToRun.java:start(81)) - Thread[#1650,76d4ba71-5bbb-4b24-8f51-8bc7f78aaca4@group-35C832A27F16-cacheEviction-AwaitToRun,5,main] started
2025-10-16 19:47:28,476 [76d4ba71-5bbb-4b24-8f51-8bc7f78aaca4-groupManagement] INFO  segmented.SegmentedRaftLogWorker (SegmentedRaftLogWorker.java:<init>(190)) - new 76d4ba71-5bbb-4b24-8f51-8bc7f78aaca4@group-35C832A27F16-SegmentedRaftLogWorker for RaftStorageImpl:Storage Directory /home/runner/work/ozone/ozone/hadoop-ozone/integration-test/target/test-dir/MiniOzoneClusterImpl-e7911277-7775-4457-96c8-94071a26a1ce/ozone-metadata/datanode-8/ratis/36c7da6a-14e2-433e-b882-35c832a27f16
2025-10-16 19:47:28,476 [76d4ba71-5bbb-4b24-8f51-8bc7f78aaca4-groupManagement] INFO  server.RaftServerConfigKeys (ConfUtils.java:logGet(62)) - raft.server.log.queue.byte-limit = 4294967296 (custom)
2025-10-16 19:47:28,476 [76d4ba71-5bbb-4b24-8f51-8bc7f78aaca4-groupManagement] INFO  server.RaftServerConfigKeys (ConfUtils.java:logGet(62)) - raft.server.log.segment.size.max = 67108864 (custom)
2025-10-16 19:47:28,476 [76d4ba71-5bbb-4b24-8f51-8bc7f78aaca4-groupManagement] INFO  server.RaftServerConfigKeys (ConfUtils.java:logGet(62)) - raft.server.log.preallocated.size = 4194304 (custom)
2025-10-16 19:47:28,476 [76d4ba71-5bbb-4b24-8f51-8bc7f78aaca4-groupManagement] INFO  server.RaftServerConfigKeys (ConfUtils.java:logGet(62)) - raft.server.log.write.buffer.size = 33554440 (custom)
2025-10-16 19:47:28,482 [76d4ba71-5bbb-4b24-8f51-8bc7f78aaca4-groupManagement] INFO  server.RaftServerConfigKeys (ConfUtils.java:logGet(62)) - raft.server.log.appender.buffer.byte-limit = 33554432 (custom)
2025-10-16 19:47:28,482 [76d4ba71-5bbb-4b24-8f51-8bc7f78aaca4-groupManagement] INFO  segmented.SegmentedRaftLogWorker (SegmentedRaftLogWorker.java:lambda$new$0(141)) - 76d4ba71-5bbb-4b24-8f51-8bc7f78aaca4@group-35C832A27F16-SegmentedRaftLogWorker: flushIndex: setUnconditionally 0 -> -1
2025-10-16 19:47:28,482 [76d4ba71-5bbb-4b24-8f51-8bc7f78aaca4-groupManagement] INFO  segmented.SegmentedRaftLogWorker (SegmentedRaftLogWorker.java:lambda$new$0(141)) - 76d4ba71-5bbb-4b24-8f51-8bc7f78aaca4@group-35C832A27F16-SegmentedRaftLogWorker: safeCacheEvictIndex: setUnconditionally 0 -> -1
2025-10-16 19:47:28,483 [76d4ba71-5bbb-4b24-8f51-8bc7f78aaca4-groupManagement] INFO  server.RaftServer$Division (RaftServerImpl.java:start(405)) - 76d4ba71-5bbb-4b24-8f51-8bc7f78aaca4@group-35C832A27F16: start as a follower, conf=conf: {index: -1, cur=peers:[e072d245-7694-4d97-8e20-c503ebf8c2fe|127.0.0.1:15063, 76d4ba71-5bbb-4b24-8f51-8bc7f78aaca4|127.0.0.1:15071, 8a0fa2ff-b550-4652-b2fe-0cf91cd4a157|127.0.0.1:15079]|listeners:[], old=null}
2025-10-16 19:47:28,483 [76d4ba71-5bbb-4b24-8f51-8bc7f78aaca4-groupManagement] INFO  server.RaftServer$Division (RaftServerImpl.java:setRole(392)) - 76d4ba71-5bbb-4b24-8f51-8bc7f78aaca4@group-35C832A27F16: changes role from      null to FOLLOWER at term 0 for startAsFollower
2025-10-16 19:47:28,483 [76d4ba71-5bbb-4b24-8f51-8bc7f78aaca4-groupManagement] INFO  impl.RoleInfo (RoleInfo.java:updateAndGet(148)) - 76d4ba71-5bbb-4b24-8f51-8bc7f78aaca4: start 76d4ba71-5bbb-4b24-8f51-8bc7f78aaca4@group-35C832A27F16-FollowerState
2025-10-16 19:47:28,484 [76d4ba71-5bbb-4b24-8f51-8bc7f78aaca4-groupManagement] INFO  util.JmxRegister (JmxRegister.java:tryRegister(44)) - Successfully registered JMX Bean with object name Ratis:service=RaftServer,group=group-35C832A27F16,id=76d4ba71-5bbb-4b24-8f51-8bc7f78aaca4
2025-10-16 19:47:28,484 [76d4ba71-5bbb-4b24-8f51-8bc7f78aaca4-groupManagement] INFO  util.JmxRegister (JmxRegister.java:register(58)) - register mxBean class org.apache.ratis.server.impl.RaftServerJmxAdapter as Ratis:service=RaftServer,group=group-35C832A27F16,id=76d4ba71-5bbb-4b24-8f51-8bc7f78aaca4
2025-10-16 19:47:28,484 [76d4ba71-5bbb-4b24-8f51-8bc7f78aaca4-groupManagement] INFO  server.RaftServer$Division (RaftServerImpl.java:start(419)) - 76d4ba71-5bbb-4b24-8f51-8bc7f78aaca4@group-35C832A27F16: Successfully started.
2025-10-16 19:47:28,494 [grpc-default-executor-3] INFO  server.RaftServer (RaftServerProxy.java:addNew(105)) - 8a0fa2ff-b550-4652-b2fe-0cf91cd4a157: addNew group-35C832A27F16:[e072d245-7694-4d97-8e20-c503ebf8c2fe|127.0.0.1:15063, 76d4ba71-5bbb-4b24-8f51-8bc7f78aaca4|127.0.0.1:15071, 8a0fa2ff-b550-4652-b2fe-0cf91cd4a157|127.0.0.1:15079] returns group-35C832A27F16:java.util.concurrent.CompletableFuture@105f25f7[Not completed]
2025-10-16 19:47:28,495 [8a0fa2ff-b550-4652-b2fe-0cf91cd4a157-groupManagement] INFO  server.RaftServer$Division (RaftServerImpl.java:<init>(268)) - 8a0fa2ff-b550-4652-b2fe-0cf91cd4a157: new RaftServerImpl for group-35C832A27F16:[e072d245-7694-4d97-8e20-c503ebf8c2fe|127.0.0.1:15063, 76d4ba71-5bbb-4b24-8f51-8bc7f78aaca4|127.0.0.1:15071, 8a0fa2ff-b550-4652-b2fe-0cf91cd4a157|127.0.0.1:15079] with ContainerStateMachine:uninitialized
2025-10-16 19:47:28,495 [8a0fa2ff-b550-4652-b2fe-0cf91cd4a157-groupManagement] INFO  server.RaftServer$Division (ServerState.java:<init>(114)) - 8a0fa2ff-b550-4652-b2fe-0cf91cd4a157@group-35C832A27F16: ConfigurationManager, init=conf: {index: -1, cur=peers:[e072d245-7694-4d97-8e20-c503ebf8c2fe|127.0.0.1:15063, 76d4ba71-5bbb-4b24-8f51-8bc7f78aaca4|127.0.0.1:15071, 8a0fa2ff-b550-4652-b2fe-0cf91cd4a157|127.0.0.1:15079]|listeners:[], old=null}, confs=<EMPTY_MAP>
2025-10-16 19:47:28,498 [8a0fa2ff-b550-4652-b2fe-0cf91cd4a157-groupManagement] INFO  server.RaftServerConfigKeys (ConfUtils.java:logGet(62)) - raft.server.storage.dir = [/home/runner/work/ozone/ozone/hadoop-ozone/integration-test/target/test-dir/MiniOzoneClusterImpl-e7911277-7775-4457-96c8-94071a26a1ce/ozone-metadata/datanode-9/ratis] (custom)
2025-10-16 19:47:28,499 [8a0fa2ff-b550-4652-b2fe-0cf91cd4a157-groupManagement] INFO  storage.RaftStorageDirectory (RaftStorageDirectoryImpl.java:analyzeStorage(138)) - The storage directory /home/runner/work/ozone/ozone/hadoop-ozone/integration-test/target/test-dir/MiniOzoneClusterImpl-e7911277-7775-4457-96c8-94071a26a1ce/ozone-metadata/datanode-9/ratis/36c7da6a-14e2-433e-b882-35c832a27f16 does not exist. Creating ...
2025-10-16 19:47:28,500 [8a0fa2ff-b550-4652-b2fe-0cf91cd4a157-groupManagement] INFO  storage.RaftStorageDirectory (RaftStorageDirectoryImpl.java:tryLock(229)) - Lock on /home/runner/work/ozone/ozone/hadoop-ozone/integration-test/target/test-dir/MiniOzoneClusterImpl-e7911277-7775-4457-96c8-94071a26a1ce/ozone-metadata/datanode-9/ratis/36c7da6a-14e2-433e-b882-35c832a27f16/in_use.lock acquired by nodename 40995@localhost
2025-10-16 19:47:28,500 [8a0fa2ff-b550-4652-b2fe-0cf91cd4a157-groupManagement] INFO  storage.RaftStorage (RaftStorageImpl.java:format(98)) - Storage directory /home/runner/work/ozone/ozone/hadoop-ozone/integration-test/target/test-dir/MiniOzoneClusterImpl-e7911277-7775-4457-96c8-94071a26a1ce/ozone-metadata/datanode-9/ratis/36c7da6a-14e2-433e-b882-35c832a27f16 has been successfully formatted.
2025-10-16 19:47:28,501 [8a0fa2ff-b550-4652-b2fe-0cf91cd4a157-groupManagement] INFO  ratis.ContainerStateMachine (ContainerStateMachine.java:initialize(339)) - 8a0fa2ff-b550-4652-b2fe-0cf91cd4a157: initialize group-35C832A27F16
2025-10-16 19:47:28,501 [8a0fa2ff-b550-4652-b2fe-0cf91cd4a157-groupManagement] INFO  ratis.ContainerStateMachine (ContainerStateMachine.java:loadSnapshot(347)) - group-35C832A27F16: The snapshot info is null. Setting the last applied index to:<INITIAL_VALUE>
2025-10-16 19:47:28,501 [8a0fa2ff-b550-4652-b2fe-0cf91cd4a157-groupManagement] INFO  server.RaftServerConfigKeys (ConfUtils.java:logGet(62)) - raft.server.log.appender.buffer.byte-limit = 33554432 (custom)
2025-10-16 19:47:28,503 | INFO  | SCMAudit | user=runner | ip=127.0.0.1 | op=SEND_HEARTBEAT {"datanodeUUID":"8a0fa2ff-b550-4652-b2fe-0cf91cd4a157","term":"2","command":"[]"} | ret=SUCCESS |  
2025-10-16 19:47:28,504 [8a0fa2ff-b550-4652-b2fe-0cf91cd4a157-groupManagement] INFO  server.RaftServerConfigKeys (ConfUtils.java:logGet(62)) - raft.server.log.segment.size.max = 67108864 (custom)
2025-10-16 19:47:28,504 [8a0fa2ff-b550-4652-b2fe-0cf91cd4a157-groupManagement] INFO  server.RaftServerConfigKeys (ConfUtils.java:logGet(62)) - raft.server.log.appender.buffer.byte-limit = 33554432 (custom)
2025-10-16 19:47:28,504 [8a0fa2ff-b550-4652-b2fe-0cf91cd4a157-groupManagement] INFO  util.AwaitToRun (AwaitToRun.java:start(81)) - Thread[#1657,8a0fa2ff-b550-4652-b2fe-0cf91cd4a157@group-35C832A27F16-cacheEviction-AwaitToRun,5,main] started
2025-10-16 19:47:28,504 [8a0fa2ff-b550-4652-b2fe-0cf91cd4a157-groupManagement] INFO  segmented.SegmentedRaftLogWorker (SegmentedRaftLogWorker.java:<init>(190)) - new 8a0fa2ff-b550-4652-b2fe-0cf91cd4a157@group-35C832A27F16-SegmentedRaftLogWorker for RaftStorageImpl:Storage Directory /home/runner/work/ozone/ozone/hadoop-ozone/integration-test/target/test-dir/MiniOzoneClusterImpl-e7911277-7775-4457-96c8-94071a26a1ce/ozone-metadata/datanode-9/ratis/36c7da6a-14e2-433e-b882-35c832a27f16
2025-10-16 19:47:28,505 [8a0fa2ff-b550-4652-b2fe-0cf91cd4a157-groupManagement] INFO  server.RaftServerConfigKeys (ConfUtils.java:logGet(62)) - raft.server.log.queue.byte-limit = 4294967296 (custom)
2025-10-16 19:47:28,505 [8a0fa2ff-b550-4652-b2fe-0cf91cd4a157-groupManagement] INFO  server.RaftServerConfigKeys (ConfUtils.java:logGet(62)) - raft.server.log.segment.size.max = 67108864 (custom)
2025-10-16 19:47:28,505 [8a0fa2ff-b550-4652-b2fe-0cf91cd4a157-groupManagement] INFO  server.RaftServerConfigKeys (ConfUtils.java:logGet(62)) - raft.server.log.preallocated.size = 4194304 (custom)
2025-10-16 19:47:28,505 [8a0fa2ff-b550-4652-b2fe-0cf91cd4a157-groupManagement] INFO  server.RaftServerConfigKeys (ConfUtils.java:logGet(62)) - raft.server.log.write.buffer.size = 33554440 (custom)
2025-10-16 19:47:28,509 [8a0fa2ff-b550-4652-b2fe-0cf91cd4a157-groupManagement] INFO  server.RaftServerConfigKeys (ConfUtils.java:logGet(62)) - raft.server.log.appender.buffer.byte-limit = 33554432 (custom)
2025-10-16 19:47:28,510 [8a0fa2ff-b550-4652-b2fe-0cf91cd4a157-groupManagement] INFO  segmented.SegmentedRaftLogWorker (SegmentedRaftLogWorker.java:lambda$new$0(141)) - 8a0fa2ff-b550-4652-b2fe-0cf91cd4a157@group-35C832A27F16-SegmentedRaftLogWorker: flushIndex: setUnconditionally 0 -> -1
2025-10-16 19:47:28,510 [8a0fa2ff-b550-4652-b2fe-0cf91cd4a157-groupManagement] INFO  segmented.SegmentedRaftLogWorker (SegmentedRaftLogWorker.java:lambda$new$0(141)) - 8a0fa2ff-b550-4652-b2fe-0cf91cd4a157@group-35C832A27F16-SegmentedRaftLogWorker: safeCacheEvictIndex: setUnconditionally 0 -> -1
2025-10-16 19:47:28,510 [8a0fa2ff-b550-4652-b2fe-0cf91cd4a157-groupManagement] INFO  server.RaftServer$Division (RaftServerImpl.java:start(405)) - 8a0fa2ff-b550-4652-b2fe-0cf91cd4a157@group-35C832A27F16: start as a follower, conf=conf: {index: -1, cur=peers:[e072d245-7694-4d97-8e20-c503ebf8c2fe|127.0.0.1:15063, 76d4ba71-5bbb-4b24-8f51-8bc7f78aaca4|127.0.0.1:15071, 8a0fa2ff-b550-4652-b2fe-0cf91cd4a157|127.0.0.1:15079]|listeners:[], old=null}
2025-10-16 19:47:28,510 [8a0fa2ff-b550-4652-b2fe-0cf91cd4a157-groupManagement] INFO  server.RaftServer$Division (RaftServerImpl.java:setRole(392)) - 8a0fa2ff-b550-4652-b2fe-0cf91cd4a157@group-35C832A27F16: changes role from      null to FOLLOWER at term 0 for startAsFollower
2025-10-16 19:47:28,510 [8a0fa2ff-b550-4652-b2fe-0cf91cd4a157-groupManagement] INFO  impl.RoleInfo (RoleInfo.java:updateAndGet(148)) - 8a0fa2ff-b550-4652-b2fe-0cf91cd4a157: start 8a0fa2ff-b550-4652-b2fe-0cf91cd4a157@group-35C832A27F16-FollowerState
2025-10-16 19:47:28,511 [8a0fa2ff-b550-4652-b2fe-0cf91cd4a157-groupManagement] INFO  util.JmxRegister (JmxRegister.java:tryRegister(44)) - Successfully registered JMX Bean with object name Ratis:service=RaftServer,group=group-35C832A27F16,id=8a0fa2ff-b550-4652-b2fe-0cf91cd4a157
2025-10-16 19:47:28,511 [8a0fa2ff-b550-4652-b2fe-0cf91cd4a157-groupManagement] INFO  util.JmxRegister (JmxRegister.java:register(58)) - register mxBean class org.apache.ratis.server.impl.RaftServerJmxAdapter as Ratis:service=RaftServer,group=group-35C832A27F16,id=8a0fa2ff-b550-4652-b2fe-0cf91cd4a157
2025-10-16 19:47:28,512 [8a0fa2ff-b550-4652-b2fe-0cf91cd4a157-groupManagement] INFO  server.RaftServer$Division (RaftServerImpl.java:start(419)) - 8a0fa2ff-b550-4652-b2fe-0cf91cd4a157@group-35C832A27F16: Successfully started.
2025-10-16 19:47:28,516 | INFO  | SCMAudit | user=runner | ip=127.0.0.1 | op=SEND_HEARTBEAT {"datanodeUUID":"e33e6ec4-6b66-4281-bedd-2bd75bd30070","term":"2","command":"[]"} | ret=SUCCESS |  
2025-10-16 19:47:28,516 [e072d245-7694-4d97-8e20-c503ebf8c2fe-CreatePipelineCommandHandlerThread-0] INFO  commandhandler.CreatePipelineCommandHandler (CreatePipelineCommandHandler.java:lambda$handle$2(141)) - Created Pipeline RATIS THREE Pipeline-36c7da6a-14e2-433e-b882-35c832a27f16.
2025-10-16 19:47:28,523 [aa213937-adc5-47da-a770-0ee1e4664344@group-7209B67C767C-FollowerState] INFO  impl.FollowerState (FollowerState.java:runImpl(161)) - aa213937-adc5-47da-a770-0ee1e4664344@group-7209B67C767C-FollowerState: change to CANDIDATE, lastRpcElapsedTime:1063539133ns, electionTimeout:1062ms
2025-10-16 19:47:28,523 [aa213937-adc5-47da-a770-0ee1e4664344@group-7209B67C767C-FollowerState] INFO  impl.RoleInfo (RoleInfo.java:shutdownFollowerState(121)) - aa213937-adc5-47da-a770-0ee1e4664344: shutdown aa213937-adc5-47da-a770-0ee1e4664344@group-7209B67C767C-FollowerState
2025-10-16 19:47:28,523 [aa213937-adc5-47da-a770-0ee1e4664344@group-7209B67C767C-FollowerState] INFO  server.RaftServer$Division (RaftServerImpl.java:setRole(392)) - aa213937-adc5-47da-a770-0ee1e4664344@group-7209B67C767C: changes role from  FOLLOWER to CANDIDATE at term 0 for changeToCandidate
2025-10-16 19:47:28,524 [aa213937-adc5-47da-a770-0ee1e4664344@group-7209B67C767C-FollowerState] INFO  impl.RoleInfo (RoleInfo.java:updateAndGet(148)) - aa213937-adc5-47da-a770-0ee1e4664344: start aa213937-adc5-47da-a770-0ee1e4664344@group-7209B67C767C-LeaderElection11
2025-10-16 19:47:28,524 [aa213937-adc5-47da-a770-0ee1e4664344@group-7209B67C767C-LeaderElection11] INFO  impl.LeaderElection (LeaderElection.java:askForVotes(448)) - aa213937-adc5-47da-a770-0ee1e4664344@group-7209B67C767C-LeaderElection11 PRE_VOTE round 0: submit vote requests at term 0 for conf: {index: -1, cur=peers:[aa213937-adc5-47da-a770-0ee1e4664344|127.0.0.1:15039]|listeners:[], old=null}
2025-10-16 19:47:28,524 [aa213937-adc5-47da-a770-0ee1e4664344@group-7209B67C767C-LeaderElection11] INFO  impl.LeaderElection (LeaderElection.java:askForVotes(450)) - aa213937-adc5-47da-a770-0ee1e4664344@group-7209B67C767C-LeaderElection11 PRE_VOTE round 0: result PASSED (term=0)
2025-10-16 19:47:28,525 [aa213937-adc5-47da-a770-0ee1e4664344@group-7209B67C767C-LeaderElection11] INFO  impl.LeaderElection (LeaderElection.java:askForVotes(448)) - aa213937-adc5-47da-a770-0ee1e4664344@group-7209B67C767C-LeaderElection11 ELECTION round 0: submit vote requests at term 1 for conf: {index: -1, cur=peers:[aa213937-adc5-47da-a770-0ee1e4664344|127.0.0.1:15039]|listeners:[], old=null}
2025-10-16 19:47:28,525 [aa213937-adc5-47da-a770-0ee1e4664344@group-7209B67C767C-LeaderElection11] INFO  impl.LeaderElection (LeaderElection.java:askForVotes(450)) - aa213937-adc5-47da-a770-0ee1e4664344@group-7209B67C767C-LeaderElection11 ELECTION round 0: result PASSED (term=1)
2025-10-16 19:47:28,525 [aa213937-adc5-47da-a770-0ee1e4664344@group-7209B67C767C-LeaderElection11] INFO  impl.RoleInfo (RoleInfo.java:shutdownLeaderElection(141)) - aa213937-adc5-47da-a770-0ee1e4664344: shutdown aa213937-adc5-47da-a770-0ee1e4664344@group-7209B67C767C-LeaderElection11
2025-10-16 19:47:28,525 [aa213937-adc5-47da-a770-0ee1e4664344@group-7209B67C767C-LeaderElection11] INFO  server.RaftServer$Division (RaftServerImpl.java:setRole(392)) - aa213937-adc5-47da-a770-0ee1e4664344@group-7209B67C767C: changes role from CANDIDATE to LEADER at term 1 for changeToLeader
2025-10-16 19:47:28,525 [aa213937-adc5-47da-a770-0ee1e4664344@group-7209B67C767C-LeaderElection11] INFO  server.RaftServerConfigKeys (ConfUtils.java:logFallback(69)) - raft.server.staging.timeout = 15600ms (fallback to raft.server.rpc.timeout.max)
2025-10-16 19:47:28,526 [aa213937-adc5-47da-a770-0ee1e4664344@group-7209B67C767C-LeaderElection11] INFO  server.RaftServerConfigKeys (ConfUtils.java:logGet(62)) - raft.server.write.byte-limit = 1024 M (=1073741824) (custom)
2025-10-16 19:47:28,526 [aa213937-adc5-47da-a770-0ee1e4664344@group-7209B67C767C-LeaderElection11] INFO  impl.RoleInfo (RoleInfo.java:updateAndGet(148)) - aa213937-adc5-47da-a770-0ee1e4664344: start aa213937-adc5-47da-a770-0ee1e4664344@group-7209B67C767C-LeaderStateImpl
2025-10-16 19:47:28,526 [aa213937-adc5-47da-a770-0ee1e4664344@group-7209B67C767C-LeaderElection11] INFO  server.RaftServer$Division (RaftServerImpl.java:setFirstElection(576)) - aa213937-adc5-47da-a770-0ee1e4664344@group-7209B67C767C: set firstElectionSinceStartup to false for becomeLeader
2025-10-16 19:47:28,526 [aa213937-adc5-47da-a770-0ee1e4664344@group-7209B67C767C-LeaderElection11] INFO  ratis.XceiverServerRatis (XceiverServerRatis.java:handleLeaderChangedNotification(940)) - Leader change notification received for group: group-7209B67C767C with new leaderId: aa213937-adc5-47da-a770-0ee1e4664344
2025-10-16 19:47:28,527 [aa213937-adc5-47da-a770-0ee1e4664344@group-7209B67C767C-LeaderElection11] INFO  server.RaftServer$Division (ServerState.java:setLeader(272)) - aa213937-adc5-47da-a770-0ee1e4664344@group-7209B67C767C: change Leader from null to aa213937-adc5-47da-a770-0ee1e4664344 at term 1 for becomeLeader, leader elected after 1092ms
2025-10-16 19:47:28,527 [aa213937-adc5-47da-a770-0ee1e4664344@group-7209B67C767C-LeaderElection11] INFO  segmented.SegmentedRaftLogWorker (SegmentedRaftLogWorker.java:startLogSegment(440)) - aa213937-adc5-47da-a770-0ee1e4664344@group-7209B67C767C-SegmentedRaftLogWorker: Starting segment from index:0
2025-10-16 19:47:28,527 [aa213937-adc5-47da-a770-0ee1e4664344@group-7209B67C767C-LeaderElection11] INFO  server.RaftServer$Division (ServerState.java:setRaftConf(386)) - aa213937-adc5-47da-a770-0ee1e4664344@group-7209B67C767C: set configuration conf: {index: 0, cur=peers:[aa213937-adc5-47da-a770-0ee1e4664344|127.0.0.1:15039]|listeners:[], old=null}
2025-10-16 19:47:28,527 [aa213937-adc5-47da-a770-0ee1e4664344@group-7209B67C767C-SegmentedRaftLogWorker] INFO  segmented.BufferedWriteChannel (BufferedWriteChannel.java:open(61)) - open log_inprogress_0 at position 0
2025-10-16 19:47:28,528 | INFO  | SCMAudit | user=runner | ip=127.0.0.1 | op=SEND_HEARTBEAT {"datanodeUUID":"aa213937-adc5-47da-a770-0ee1e4664344","term":"2","command":"[]"} | ret=SUCCESS |  
2025-10-16 19:47:28,532 [76d4ba71-5bbb-4b24-8f51-8bc7f78aaca4-CreatePipelineCommandHandlerThread-0] INFO  server.RaftServer (RaftServerProxy.java:addNew(105)) - 76d4ba71-5bbb-4b24-8f51-8bc7f78aaca4: addNew group-EF706A04258B:[76d4ba71-5bbb-4b24-8f51-8bc7f78aaca4|127.0.0.1:15071] returns group-EF706A04258B:java.util.concurrent.CompletableFuture@2e4cee1b[Not completed]
2025-10-16 19:47:28,533 [aa213937-adc5-47da-a770-0ee1e4664344@group-B5FE3E1435F4-FollowerState] INFO  impl.FollowerState (FollowerState.java:runImpl(161)) - aa213937-adc5-47da-a770-0ee1e4664344@group-B5FE3E1435F4-FollowerState: change to CANDIDATE, lastRpcElapsedTime:1042513916ns, electionTimeout:1042ms
2025-10-16 19:47:28,533 [aa213937-adc5-47da-a770-0ee1e4664344@group-B5FE3E1435F4-FollowerState] INFO  impl.RoleInfo (RoleInfo.java:shutdownFollowerState(121)) - aa213937-adc5-47da-a770-0ee1e4664344: shutdown aa213937-adc5-47da-a770-0ee1e4664344@group-B5FE3E1435F4-FollowerState
2025-10-16 19:47:28,533 [aa213937-adc5-47da-a770-0ee1e4664344@group-B5FE3E1435F4-FollowerState] INFO  server.RaftServer$Division (RaftServerImpl.java:setRole(392)) - aa213937-adc5-47da-a770-0ee1e4664344@group-B5FE3E1435F4: changes role from  FOLLOWER to CANDIDATE at term 0 for changeToCandidate
2025-10-16 19:47:28,533 [aa213937-adc5-47da-a770-0ee1e4664344@group-B5FE3E1435F4-FollowerState] INFO  impl.RoleInfo (RoleInfo.java:updateAndGet(148)) - aa213937-adc5-47da-a770-0ee1e4664344: start aa213937-adc5-47da-a770-0ee1e4664344@group-B5FE3E1435F4-LeaderElection12
2025-10-16 19:47:28,533 [aa213937-adc5-47da-a770-0ee1e4664344@group-B5FE3E1435F4-LeaderElection12] INFO  impl.LeaderElection (LeaderElection.java:askForVotes(448)) - aa213937-adc5-47da-a770-0ee1e4664344@group-B5FE3E1435F4-LeaderElection12 PRE_VOTE round 0: submit vote requests at term 0 for conf: {index: -1, cur=peers:[0428ab3f-efd5-438e-ae11-9ec242443260|127.0.0.1:15055, aa213937-adc5-47da-a770-0ee1e4664344|127.0.0.1:15039, 58cff6b7-b2a7-446b-a75a-bb98ad6b11b8|127.0.0.1:15047]|listeners:[], old=null}
2025-10-16 19:47:28,534 [76d4ba71-5bbb-4b24-8f51-8bc7f78aaca4-groupManagement] INFO  server.RaftServer$Division (RaftServerImpl.java:<init>(268)) - 76d4ba71-5bbb-4b24-8f51-8bc7f78aaca4: new RaftServerImpl for group-EF706A04258B:[76d4ba71-5bbb-4b24-8f51-8bc7f78aaca4|127.0.0.1:15071] with ContainerStateMachine:uninitialized
2025-10-16 19:47:28,534 [76d4ba71-5bbb-4b24-8f51-8bc7f78aaca4-groupManagement] INFO  server.RaftServer$Division (ServerState.java:<init>(114)) - 76d4ba71-5bbb-4b24-8f51-8bc7f78aaca4@group-EF706A04258B: ConfigurationManager, init=conf: {index: -1, cur=peers:[76d4ba71-5bbb-4b24-8f51-8bc7f78aaca4|127.0.0.1:15071]|listeners:[], old=null}, confs=<EMPTY_MAP>
2025-10-16 19:47:28,534 [aa213937-adc5-47da-a770-0ee1e4664344@group-B5FE3E1435F4-LeaderElection12-1] INFO  server.GrpcServerProtocolClient (GrpcServerProtocolClient.java:<init>(65)) - Build channel for 0428ab3f-efd5-438e-ae11-9ec242443260|127.0.0.1:15055
2025-10-16 19:47:28,536 [aa213937-adc5-47da-a770-0ee1e4664344@group-7209B67C767C-SegmentedRaftLogWorker] INFO  segmented.SegmentedRaftLogWorker (SegmentedRaftLogWorker.java:execute(647)) - aa213937-adc5-47da-a770-0ee1e4664344@group-7209B67C767C-SegmentedRaftLogWorker: created new log segment /home/runner/work/ozone/ozone/hadoop-ozone/integration-test/target/test-dir/MiniOzoneClusterImpl-e7911277-7775-4457-96c8-94071a26a1ce/ozone-metadata/datanode-4/ratis/159a7077-bbc6-4ba6-a5f4-7209b67c767c/current/log_inprogress_0
2025-10-16 19:47:28,536 [aa213937-adc5-47da-a770-0ee1e4664344@group-B5FE3E1435F4-LeaderElection12-2] INFO  server.GrpcServerProtocolClient (GrpcServerProtocolClient.java:<init>(65)) - Build channel for 58cff6b7-b2a7-446b-a75a-bb98ad6b11b8|127.0.0.1:15047
2025-10-16 19:47:28,545 [aa213937-adc5-47da-a770-0ee1e4664344@group-7209B67C767C-StateMachineUpdater] INFO  server.RaftServer$Division (LeaderStateImpl.java:checkStartIndex(309)) - Leader aa213937-adc5-47da-a770-0ee1e4664344@group-7209B67C767C-LeaderStateImpl is ready since appliedIndex == startIndex == 0
2025-10-16 19:47:28,546 [grpc-default-executor-0] INFO  server.RaftServer$Division (RaftServerImpl.java:requestVote(1421)) - 0428ab3f-efd5-438e-ae11-9ec242443260@group-B5FE3E1435F4: receive requestVote(PRE_VOTE, aa213937-adc5-47da-a770-0ee1e4664344, group-B5FE3E1435F4, 0, <PROTO_DEFAULT>)
2025-10-16 19:47:28,546 [grpc-default-executor-0] INFO  impl.VoteContext (VoteContext.java:log(49)) - 0428ab3f-efd5-438e-ae11-9ec242443260@group-B5FE3E1435F4-FOLLOWER: accept PRE_VOTE from aa213937-adc5-47da-a770-0ee1e4664344: our priority 0 <= candidate's priority 0
2025-10-16 19:47:28,546 [grpc-default-executor-0] INFO  server.RaftServer$Division (RaftServerImpl.java:requestVote(1455)) - 0428ab3f-efd5-438e-ae11-9ec242443260@group-B5FE3E1435F4 replies to PRE_VOTE vote request: aa213937-adc5-47da-a770-0ee1e4664344<-0428ab3f-efd5-438e-ae11-9ec242443260#0:OK-t0-last:<INITIAL_VALUE>. Peer's state: 0428ab3f-efd5-438e-ae11-9ec242443260@group-B5FE3E1435F4:t0, leader=null, voted=, raftlog=Memoized:0428ab3f-efd5-438e-ae11-9ec242443260@group-B5FE3E1435F4-SegmentedRaftLog:OPENED:c-1:lastnull, conf=conf: {index: -1, cur=peers:[0428ab3f-efd5-438e-ae11-9ec242443260|127.0.0.1:15055, aa213937-adc5-47da-a770-0ee1e4664344|127.0.0.1:15039, 58cff6b7-b2a7-446b-a75a-bb98ad6b11b8|127.0.0.1:15047]|listeners:[], old=null}
2025-10-16 19:47:28,546 [grpc-default-executor-3] INFO  server.RaftServer$Division (RaftServerImpl.java:requestVote(1421)) - 58cff6b7-b2a7-446b-a75a-bb98ad6b11b8@group-B5FE3E1435F4: receive requestVote(PRE_VOTE, aa213937-adc5-47da-a770-0ee1e4664344, group-B5FE3E1435F4, 0, <PROTO_DEFAULT>)
2025-10-16 19:47:28,547 [grpc-default-executor-3] INFO  impl.VoteContext (VoteContext.java:log(49)) - 58cff6b7-b2a7-446b-a75a-bb98ad6b11b8@group-B5FE3E1435F4-FOLLOWER: reject PRE_VOTE from aa213937-adc5-47da-a770-0ee1e4664344: our priority 1 > candidate's priority 0
2025-10-16 19:47:28,547 [grpc-default-executor-3] INFO  server.RaftServer$Division (RaftServerImpl.java:requestVote(1455)) - 58cff6b7-b2a7-446b-a75a-bb98ad6b11b8@group-B5FE3E1435F4 replies to PRE_VOTE vote request: aa213937-adc5-47da-a770-0ee1e4664344<-58cff6b7-b2a7-446b-a75a-bb98ad6b11b8#0:FAIL-t0-last:<INITIAL_VALUE>. Peer's state: 58cff6b7-b2a7-446b-a75a-bb98ad6b11b8@group-B5FE3E1435F4:t0, leader=null, voted=, raftlog=Memoized:58cff6b7-b2a7-446b-a75a-bb98ad6b11b8@group-B5FE3E1435F4-SegmentedRaftLog:OPENED:c-1:lastnull, conf=conf: {index: -1, cur=peers:[0428ab3f-efd5-438e-ae11-9ec242443260|127.0.0.1:15055, aa213937-adc5-47da-a770-0ee1e4664344|127.0.0.1:15039, 58cff6b7-b2a7-446b-a75a-bb98ad6b11b8|127.0.0.1:15047]|listeners:[], old=null}
2025-10-16 19:47:28,549 [76d4ba71-5bbb-4b24-8f51-8bc7f78aaca4-groupManagement] INFO  server.RaftServerConfigKeys (ConfUtils.java:logGet(62)) - raft.server.storage.dir = [/home/runner/work/ozone/ozone/hadoop-ozone/integration-test/target/test-dir/MiniOzoneClusterImpl-e7911277-7775-4457-96c8-94071a26a1ce/ozone-metadata/datanode-8/ratis] (custom)
2025-10-16 19:47:28,550 [76d4ba71-5bbb-4b24-8f51-8bc7f78aaca4-groupManagement] INFO  storage.RaftStorageDirectory (RaftStorageDirectoryImpl.java:analyzeStorage(138)) - The storage directory /home/runner/work/ozone/ozone/hadoop-ozone/integration-test/target/test-dir/MiniOzoneClusterImpl-e7911277-7775-4457-96c8-94071a26a1ce/ozone-metadata/datanode-8/ratis/eaa70320-3453-42e2-a14a-ef706a04258b does not exist. Creating ...
2025-10-16 19:47:28,551 [76d4ba71-5bbb-4b24-8f51-8bc7f78aaca4-groupManagement] INFO  storage.RaftStorageDirectory (RaftStorageDirectoryImpl.java:tryLock(229)) - Lock on /home/runner/work/ozone/ozone/hadoop-ozone/integration-test/target/test-dir/MiniOzoneClusterImpl-e7911277-7775-4457-96c8-94071a26a1ce/ozone-metadata/datanode-8/ratis/eaa70320-3453-42e2-a14a-ef706a04258b/in_use.lock acquired by nodename 40995@localhost
2025-10-16 19:47:28,552 [aa213937-adc5-47da-a770-0ee1e4664344@group-B5FE3E1435F4-LeaderElection12] INFO  impl.LeaderElection (LeaderElection.java:logAndReturn(206)) - aa213937-adc5-47da-a770-0ee1e4664344@group-B5FE3E1435F4-LeaderElection12: PRE_VOTE REJECTED received 2 response(s) and 0 exception(s):
2025-10-16 19:47:28,552 [aa213937-adc5-47da-a770-0ee1e4664344@group-B5FE3E1435F4-LeaderElection12] INFO  impl.LeaderElection (LeaderElection.java:logAndReturn(210)) -   Response 0: aa213937-adc5-47da-a770-0ee1e4664344<-0428ab3f-efd5-438e-ae11-9ec242443260#0:OK-t0-last:<INITIAL_VALUE>
2025-10-16 19:47:28,552 [aa213937-adc5-47da-a770-0ee1e4664344@group-B5FE3E1435F4-LeaderElection12] INFO  impl.LeaderElection (LeaderElection.java:logAndReturn(210)) -   Response 1: aa213937-adc5-47da-a770-0ee1e4664344<-58cff6b7-b2a7-446b-a75a-bb98ad6b11b8#0:FAIL-t0-last:<INITIAL_VALUE>
2025-10-16 19:47:28,552 [aa213937-adc5-47da-a770-0ee1e4664344@group-B5FE3E1435F4-LeaderElection12] INFO  impl.LeaderElection (LeaderElection.java:askForVotes(450)) - aa213937-adc5-47da-a770-0ee1e4664344@group-B5FE3E1435F4-LeaderElection12 PRE_VOTE round 0: result REJECTED
2025-10-16 19:47:28,552 [aa213937-adc5-47da-a770-0ee1e4664344@group-B5FE3E1435F4-LeaderElection12] INFO  server.RaftServer$Division (RaftServerImpl.java:setRole(392)) - aa213937-adc5-47da-a770-0ee1e4664344@group-B5FE3E1435F4: changes role from CANDIDATE to FOLLOWER at term 0 for REJECTED
2025-10-16 19:47:28,552 [aa213937-adc5-47da-a770-0ee1e4664344@group-B5FE3E1435F4-LeaderElection12] INFO  impl.RoleInfo (RoleInfo.java:shutdownLeaderElection(141)) - aa213937-adc5-47da-a770-0ee1e4664344: shutdown aa213937-adc5-47da-a770-0ee1e4664344@group-B5FE3E1435F4-LeaderElection12
2025-10-16 19:47:28,552 [aa213937-adc5-47da-a770-0ee1e4664344@group-B5FE3E1435F4-LeaderElection12] INFO  impl.RoleInfo (RoleInfo.java:updateAndGet(148)) - aa213937-adc5-47da-a770-0ee1e4664344: start aa213937-adc5-47da-a770-0ee1e4664344@group-B5FE3E1435F4-FollowerState
2025-10-16 19:47:28,553 [76d4ba71-5bbb-4b24-8f51-8bc7f78aaca4-groupManagement] INFO  storage.RaftStorage (RaftStorageImpl.java:format(98)) - Storage directory /home/runner/work/ozone/ozone/hadoop-ozone/integration-test/target/test-dir/MiniOzoneClusterImpl-e7911277-7775-4457-96c8-94071a26a1ce/ozone-metadata/datanode-8/ratis/eaa70320-3453-42e2-a14a-ef706a04258b has been successfully formatted.
2025-10-16 19:47:28,553 [76d4ba71-5bbb-4b24-8f51-8bc7f78aaca4-groupManagement] INFO  ratis.ContainerStateMachine (ContainerStateMachine.java:initialize(339)) - 76d4ba71-5bbb-4b24-8f51-8bc7f78aaca4: initialize group-EF706A04258B
2025-10-16 19:47:28,554 [76d4ba71-5bbb-4b24-8f51-8bc7f78aaca4-groupManagement] INFO  ratis.ContainerStateMachine (ContainerStateMachine.java:loadSnapshot(347)) - group-EF706A04258B: The snapshot info is null. Setting the last applied index to:<INITIAL_VALUE>
2025-10-16 19:47:28,554 [76d4ba71-5bbb-4b24-8f51-8bc7f78aaca4-groupManagement] INFO  server.RaftServerConfigKeys (ConfUtils.java:logGet(62)) - raft.server.log.appender.buffer.byte-limit = 33554432 (custom)
2025-10-16 19:47:28,554 [aa213937-adc5-47da-a770-0ee1e4664344@group-B5FE3E1435F4-LeaderElection12] INFO  server.RaftServer$Division (RaftServerImpl.java:setFirstElection(576)) - aa213937-adc5-47da-a770-0ee1e4664344@group-B5FE3E1435F4: set firstElectionSinceStartup to false for REJECTED
2025-10-16 19:47:28,556 [76d4ba71-5bbb-4b24-8f51-8bc7f78aaca4-groupManagement] INFO  server.RaftServerConfigKeys (ConfUtils.java:logGet(62)) - raft.server.log.segment.size.max = 67108864 (custom)
2025-10-16 19:47:28,556 [76d4ba71-5bbb-4b24-8f51-8bc7f78aaca4-groupManagement] INFO  server.RaftServerConfigKeys (ConfUtils.java:logGet(62)) - raft.server.log.appender.buffer.byte-limit = 33554432 (custom)
2025-10-16 19:47:28,556 [76d4ba71-5bbb-4b24-8f51-8bc7f78aaca4-groupManagement] INFO  util.AwaitToRun (AwaitToRun.java:start(81)) - Thread[#1671,76d4ba71-5bbb-4b24-8f51-8bc7f78aaca4@group-EF706A04258B-cacheEviction-AwaitToRun,5,main] started
2025-10-16 19:47:28,557 [76d4ba71-5bbb-4b24-8f51-8bc7f78aaca4-groupManagement] INFO  segmented.SegmentedRaftLogWorker (SegmentedRaftLogWorker.java:<init>(190)) - new 76d4ba71-5bbb-4b24-8f51-8bc7f78aaca4@group-EF706A04258B-SegmentedRaftLogWorker for RaftStorageImpl:Storage Directory /home/runner/work/ozone/ozone/hadoop-ozone/integration-test/target/test-dir/MiniOzoneClusterImpl-e7911277-7775-4457-96c8-94071a26a1ce/ozone-metadata/datanode-8/ratis/eaa70320-3453-42e2-a14a-ef706a04258b
2025-10-16 19:47:28,557 [76d4ba71-5bbb-4b24-8f51-8bc7f78aaca4-groupManagement] INFO  server.RaftServerConfigKeys (ConfUtils.java:logGet(62)) - raft.server.log.queue.byte-limit = 4294967296 (custom)
2025-10-16 19:47:28,557 [76d4ba71-5bbb-4b24-8f51-8bc7f78aaca4-groupManagement] INFO  server.RaftServerConfigKeys (ConfUtils.java:logGet(62)) - raft.server.log.segment.size.max = 67108864 (custom)
2025-10-16 19:47:28,557 [76d4ba71-5bbb-4b24-8f51-8bc7f78aaca4-groupManagement] INFO  server.RaftServerConfigKeys (ConfUtils.java:logGet(62)) - raft.server.log.preallocated.size = 4194304 (custom)
2025-10-16 19:47:28,557 [76d4ba71-5bbb-4b24-8f51-8bc7f78aaca4-groupManagement] INFO  server.RaftServerConfigKeys (ConfUtils.java:logGet(62)) - raft.server.log.write.buffer.size = 33554440 (custom)
2025-10-16 19:47:28,558 | INFO  | SCMAudit | user=runner | ip=127.0.0.1 | op=SEND_HEARTBEAT {"datanodeUUID":"76d4ba71-5bbb-4b24-8f51-8bc7f78aaca4","term":"2","command":"[]"} | ret=SUCCESS |  
2025-10-16 19:47:28,562 [EventQueue-PipelineReportForPipelineReportHandler] INFO  pipeline.PipelineReportHandler (PipelineReportHandler.java:processPipelineReport(132)) - Opened pipeline Pipeline-eaa70320-3453-42e2-a14a-ef706a04258b
2025-10-16 19:47:28,563 [76d4ba71-5bbb-4b24-8f51-8bc7f78aaca4-groupManagement] INFO  server.RaftServerConfigKeys (ConfUtils.java:logGet(62)) - raft.server.log.appender.buffer.byte-limit = 33554432 (custom)
2025-10-16 19:47:28,563 [76d4ba71-5bbb-4b24-8f51-8bc7f78aaca4-groupManagement] INFO  segmented.SegmentedRaftLogWorker (SegmentedRaftLogWorker.java:lambda$new$0(141)) - 76d4ba71-5bbb-4b24-8f51-8bc7f78aaca4@group-EF706A04258B-SegmentedRaftLogWorker: flushIndex: setUnconditionally 0 -> -1
2025-10-16 19:47:28,563 [76d4ba71-5bbb-4b24-8f51-8bc7f78aaca4-groupManagement] INFO  segmented.SegmentedRaftLogWorker (SegmentedRaftLogWorker.java:lambda$new$0(141)) - 76d4ba71-5bbb-4b24-8f51-8bc7f78aaca4@group-EF706A04258B-SegmentedRaftLogWorker: safeCacheEvictIndex: setUnconditionally 0 -> -1
2025-10-16 19:47:28,564 [76d4ba71-5bbb-4b24-8f51-8bc7f78aaca4-groupManagement] INFO  server.RaftServer$Division (RaftServerImpl.java:start(405)) - 76d4ba71-5bbb-4b24-8f51-8bc7f78aaca4@group-EF706A04258B: start as a follower, conf=conf: {index: -1, cur=peers:[76d4ba71-5bbb-4b24-8f51-8bc7f78aaca4|127.0.0.1:15071]|listeners:[], old=null}
2025-10-16 19:47:28,564 [76d4ba71-5bbb-4b24-8f51-8bc7f78aaca4-groupManagement] INFO  server.RaftServer$Division (RaftServerImpl.java:setRole(392)) - 76d4ba71-5bbb-4b24-8f51-8bc7f78aaca4@group-EF706A04258B: changes role from      null to FOLLOWER at term 0 for startAsFollower
2025-10-16 19:47:28,564 [76d4ba71-5bbb-4b24-8f51-8bc7f78aaca4-groupManagement] INFO  impl.RoleInfo (RoleInfo.java:updateAndGet(148)) - 76d4ba71-5bbb-4b24-8f51-8bc7f78aaca4: start 76d4ba71-5bbb-4b24-8f51-8bc7f78aaca4@group-EF706A04258B-FollowerState
2025-10-16 19:47:28,564 [76d4ba71-5bbb-4b24-8f51-8bc7f78aaca4-groupManagement] INFO  util.JmxRegister (JmxRegister.java:tryRegister(44)) - Successfully registered JMX Bean with object name Ratis:service=RaftServer,group=group-EF706A04258B,id=76d4ba71-5bbb-4b24-8f51-8bc7f78aaca4
2025-10-16 19:47:28,564 [76d4ba71-5bbb-4b24-8f51-8bc7f78aaca4-groupManagement] INFO  util.JmxRegister (JmxRegister.java:register(58)) - register mxBean class org.apache.ratis.server.impl.RaftServerJmxAdapter as Ratis:service=RaftServer,group=group-EF706A04258B,id=76d4ba71-5bbb-4b24-8f51-8bc7f78aaca4
2025-10-16 19:47:28,565 [76d4ba71-5bbb-4b24-8f51-8bc7f78aaca4-groupManagement] INFO  server.RaftServer$Division (RaftServerImpl.java:start(419)) - 76d4ba71-5bbb-4b24-8f51-8bc7f78aaca4@group-EF706A04258B: Successfully started.
2025-10-16 19:47:28,565 [76d4ba71-5bbb-4b24-8f51-8bc7f78aaca4-CreatePipelineCommandHandlerThread-0] INFO  ratis.XceiverServerRatis (XceiverServerRatis.java:addGroup(839)) - Created group Pipeline-eaa70320-3453-42e2-a14a-ef706a04258b
2025-10-16 19:47:28,565 [76d4ba71-5bbb-4b24-8f51-8bc7f78aaca4-CreatePipelineCommandHandlerThread-0] INFO  commandhandler.CreatePipelineCommandHandler (CreatePipelineCommandHandler.java:lambda$handle$2(141)) - Created Pipeline RATIS ONE Pipeline-eaa70320-3453-42e2-a14a-ef706a04258b.
2025-10-16 19:47:28,658 [58cff6b7-b2a7-446b-a75a-bb98ad6b11b8@group-B5FE3E1435F4-FollowerState] INFO  impl.FollowerState (FollowerState.java:runImpl(161)) - 58cff6b7-b2a7-446b-a75a-bb98ad6b11b8@group-B5FE3E1435F4-FollowerState: change to CANDIDATE, lastRpcElapsedTime:1127995246ns, electionTimeout:1127ms
2025-10-16 19:47:28,658 [58cff6b7-b2a7-446b-a75a-bb98ad6b11b8@group-B5FE3E1435F4-FollowerState] INFO  impl.RoleInfo (RoleInfo.java:shutdownFollowerState(121)) - 58cff6b7-b2a7-446b-a75a-bb98ad6b11b8: shutdown 58cff6b7-b2a7-446b-a75a-bb98ad6b11b8@group-B5FE3E1435F4-FollowerState
2025-10-16 19:47:28,658 [58cff6b7-b2a7-446b-a75a-bb98ad6b11b8@group-B5FE3E1435F4-FollowerState] INFO  server.RaftServer$Division (RaftServerImpl.java:setRole(392)) - 58cff6b7-b2a7-446b-a75a-bb98ad6b11b8@group-B5FE3E1435F4: changes role from  FOLLOWER to CANDIDATE at term 0 for changeToCandidate
2025-10-16 19:47:28,659 [58cff6b7-b2a7-446b-a75a-bb98ad6b11b8@group-B5FE3E1435F4-FollowerState] INFO  impl.RoleInfo (RoleInfo.java:updateAndGet(148)) - 58cff6b7-b2a7-446b-a75a-bb98ad6b11b8: start 58cff6b7-b2a7-446b-a75a-bb98ad6b11b8@group-B5FE3E1435F4-LeaderElection13
2025-10-16 19:47:28,659 [58cff6b7-b2a7-446b-a75a-bb98ad6b11b8@group-B5FE3E1435F4-LeaderElection13] INFO  impl.LeaderElection (LeaderElection.java:askForVotes(448)) - 58cff6b7-b2a7-446b-a75a-bb98ad6b11b8@group-B5FE3E1435F4-LeaderElection13 PRE_VOTE round 0: submit vote requests at term 0 for conf: {index: -1, cur=peers:[0428ab3f-efd5-438e-ae11-9ec242443260|127.0.0.1:15055, aa213937-adc5-47da-a770-0ee1e4664344|127.0.0.1:15039, 58cff6b7-b2a7-446b-a75a-bb98ad6b11b8|127.0.0.1:15047]|listeners:[], old=null}
2025-10-16 19:47:28,660 [58cff6b7-b2a7-446b-a75a-bb98ad6b11b8@group-B5FE3E1435F4-LeaderElection13-1] INFO  server.GrpcServerProtocolClient (GrpcServerProtocolClient.java:<init>(65)) - Build channel for 0428ab3f-efd5-438e-ae11-9ec242443260|127.0.0.1:15055
2025-10-16 19:47:28,660 [58cff6b7-b2a7-446b-a75a-bb98ad6b11b8@group-B5FE3E1435F4-LeaderElection13-2] INFO  server.GrpcServerProtocolClient (GrpcServerProtocolClient.java:<init>(65)) - Build channel for aa213937-adc5-47da-a770-0ee1e4664344|127.0.0.1:15039
2025-10-16 19:47:28,663 [58cff6b7-b2a7-446b-a75a-bb98ad6b11b8@group-8C9103A5E9B1-FollowerState] INFO  impl.FollowerState (FollowerState.java:runImpl(161)) - 58cff6b7-b2a7-446b-a75a-bb98ad6b11b8@group-8C9103A5E9B1-FollowerState: change to CANDIDATE, lastRpcElapsedTime:1006499199ns, electionTimeout:1006ms
2025-10-16 19:47:28,663 [58cff6b7-b2a7-446b-a75a-bb98ad6b11b8@group-8C9103A5E9B1-FollowerState] INFO  impl.RoleInfo (RoleInfo.java:shutdownFollowerState(121)) - 58cff6b7-b2a7-446b-a75a-bb98ad6b11b8: shutdown 58cff6b7-b2a7-446b-a75a-bb98ad6b11b8@group-8C9103A5E9B1-FollowerState
2025-10-16 19:47:28,663 [58cff6b7-b2a7-446b-a75a-bb98ad6b11b8@group-8C9103A5E9B1-FollowerState] INFO  server.RaftServer$Division (RaftServerImpl.java:setRole(392)) - 58cff6b7-b2a7-446b-a75a-bb98ad6b11b8@group-8C9103A5E9B1: changes role from  FOLLOWER to CANDIDATE at term 0 for changeToCandidate
2025-10-16 19:47:28,664 [58cff6b7-b2a7-446b-a75a-bb98ad6b11b8@group-8C9103A5E9B1-FollowerState] INFO  impl.RoleInfo (RoleInfo.java:updateAndGet(148)) - 58cff6b7-b2a7-446b-a75a-bb98ad6b11b8: start 58cff6b7-b2a7-446b-a75a-bb98ad6b11b8@group-8C9103A5E9B1-LeaderElection14
2025-10-16 19:47:28,664 [58cff6b7-b2a7-446b-a75a-bb98ad6b11b8@group-8C9103A5E9B1-LeaderElection14] INFO  impl.LeaderElection (LeaderElection.java:askForVotes(448)) - 58cff6b7-b2a7-446b-a75a-bb98ad6b11b8@group-8C9103A5E9B1-LeaderElection14 PRE_VOTE round 0: submit vote requests at term 0 for conf: {index: -1, cur=peers:[0428ab3f-efd5-438e-ae11-9ec242443260|127.0.0.1:15055, aa213937-adc5-47da-a770-0ee1e4664344|127.0.0.1:15039, 58cff6b7-b2a7-446b-a75a-bb98ad6b11b8|127.0.0.1:15047]|listeners:[], old=null}
2025-10-16 19:47:28,665 [grpc-default-executor-0] INFO  server.RaftServer$Division (RaftServerImpl.java:requestVote(1421)) - 0428ab3f-efd5-438e-ae11-9ec242443260@group-B5FE3E1435F4: receive requestVote(PRE_VOTE, 58cff6b7-b2a7-446b-a75a-bb98ad6b11b8, group-B5FE3E1435F4, 0, <PROTO_DEFAULT>)
2025-10-16 19:47:28,665 [grpc-default-executor-0] INFO  impl.VoteContext (VoteContext.java:log(49)) - 0428ab3f-efd5-438e-ae11-9ec242443260@group-B5FE3E1435F4-FOLLOWER: accept PRE_VOTE from 58cff6b7-b2a7-446b-a75a-bb98ad6b11b8: our priority 0 <= candidate's priority 1
2025-10-16 19:47:28,665 [grpc-default-executor-0] INFO  server.RaftServer$Division (RaftServerImpl.java:requestVote(1455)) - 0428ab3f-efd5-438e-ae11-9ec242443260@group-B5FE3E1435F4 replies to PRE_VOTE vote request: 58cff6b7-b2a7-446b-a75a-bb98ad6b11b8<-0428ab3f-efd5-438e-ae11-9ec242443260#0:OK-t0-last:<INITIAL_VALUE>. Peer's state: 0428ab3f-efd5-438e-ae11-9ec242443260@group-B5FE3E1435F4:t0, leader=null, voted=, raftlog=Memoized:0428ab3f-efd5-438e-ae11-9ec242443260@group-B5FE3E1435F4-SegmentedRaftLog:OPENED:c-1:lastnull, conf=conf: {index: -1, cur=peers:[0428ab3f-efd5-438e-ae11-9ec242443260|127.0.0.1:15055, aa213937-adc5-47da-a770-0ee1e4664344|127.0.0.1:15039, 58cff6b7-b2a7-446b-a75a-bb98ad6b11b8|127.0.0.1:15047]|listeners:[], old=null}
2025-10-16 19:47:28,667 [grpc-default-executor-3] INFO  server.RaftServer$Division (RaftServerImpl.java:requestVote(1421)) - aa213937-adc5-47da-a770-0ee1e4664344@group-B5FE3E1435F4: receive requestVote(PRE_VOTE, 58cff6b7-b2a7-446b-a75a-bb98ad6b11b8, group-B5FE3E1435F4, 0, <PROTO_DEFAULT>)
2025-10-16 19:47:28,668 [grpc-default-executor-3] INFO  impl.VoteContext (VoteContext.java:log(49)) - aa213937-adc5-47da-a770-0ee1e4664344@group-B5FE3E1435F4-FOLLOWER: accept PRE_VOTE from 58cff6b7-b2a7-446b-a75a-bb98ad6b11b8: our priority 0 <= candidate's priority 1
2025-10-16 19:47:28,668 [grpc-default-executor-5] INFO  server.RaftServer$Division (RaftServerImpl.java:requestVote(1421)) - aa213937-adc5-47da-a770-0ee1e4664344@group-8C9103A5E9B1: receive requestVote(PRE_VOTE, 58cff6b7-b2a7-446b-a75a-bb98ad6b11b8, group-8C9103A5E9B1, 0, <PROTO_DEFAULT>)
2025-10-16 19:47:28,668 [grpc-default-executor-3] INFO  server.RaftServer$Division (RaftServerImpl.java:requestVote(1455)) - aa213937-adc5-47da-a770-0ee1e4664344@group-B5FE3E1435F4 replies to PRE_VOTE vote request: 58cff6b7-b2a7-446b-a75a-bb98ad6b11b8<-aa213937-adc5-47da-a770-0ee1e4664344#0:OK-t0-last:<INITIAL_VALUE>. Peer's state: aa213937-adc5-47da-a770-0ee1e4664344@group-B5FE3E1435F4:t0, leader=null, voted=, raftlog=Memoized:aa213937-adc5-47da-a770-0ee1e4664344@group-B5FE3E1435F4-SegmentedRaftLog:OPENED:c-1:lastnull, conf=conf: {index: -1, cur=peers:[0428ab3f-efd5-438e-ae11-9ec242443260|127.0.0.1:15055, aa213937-adc5-47da-a770-0ee1e4664344|127.0.0.1:15039, 58cff6b7-b2a7-446b-a75a-bb98ad6b11b8|127.0.0.1:15047]|listeners:[], old=null}
2025-10-16 19:47:28,667 [58cff6b7-b2a7-446b-a75a-bb98ad6b11b8@group-B5FE3E1435F4-LeaderElection13] INFO  impl.LeaderElection (LeaderElection.java:logAndReturn(206)) - 58cff6b7-b2a7-446b-a75a-bb98ad6b11b8@group-B5FE3E1435F4-LeaderElection13: PRE_VOTE PASSED received 1 response(s) and 0 exception(s):
2025-10-16 19:47:28,667 [grpc-default-executor-0] INFO  server.RaftServer$Division (RaftServerImpl.java:requestVote(1421)) - 0428ab3f-efd5-438e-ae11-9ec242443260@group-8C9103A5E9B1: receive requestVote(PRE_VOTE, 58cff6b7-b2a7-446b-a75a-bb98ad6b11b8, group-8C9103A5E9B1, 0, <PROTO_DEFAULT>)
2025-10-16 19:47:28,668 [grpc-default-executor-0] INFO  impl.VoteContext (VoteContext.java:log(49)) - 0428ab3f-efd5-438e-ae11-9ec242443260@group-8C9103A5E9B1-FOLLOWER: accept PRE_VOTE from 58cff6b7-b2a7-446b-a75a-bb98ad6b11b8: our priority 0 <= candidate's priority 0
2025-10-16 19:47:28,668 [grpc-default-executor-5] INFO  impl.VoteContext (VoteContext.java:log(49)) - aa213937-adc5-47da-a770-0ee1e4664344@group-8C9103A5E9B1-FOLLOWER: reject PRE_VOTE from 58cff6b7-b2a7-446b-a75a-bb98ad6b11b8: our priority 1 > candidate's priority 0
2025-10-16 19:47:28,669 [grpc-default-executor-5] INFO  server.RaftServer$Division (RaftServerImpl.java:requestVote(1455)) - aa213937-adc5-47da-a770-0ee1e4664344@group-8C9103A5E9B1 replies to PRE_VOTE vote request: 58cff6b7-b2a7-446b-a75a-bb98ad6b11b8<-aa213937-adc5-47da-a770-0ee1e4664344#0:FAIL-t0-last:<INITIAL_VALUE>. Peer's state: aa213937-adc5-47da-a770-0ee1e4664344@group-8C9103A5E9B1:t0, leader=null, voted=, raftlog=Memoized:aa213937-adc5-47da-a770-0ee1e4664344@group-8C9103A5E9B1-SegmentedRaftLog:OPENED:c-1:lastnull, conf=conf: {index: -1, cur=peers:[0428ab3f-efd5-438e-ae11-9ec242443260|127.0.0.1:15055, aa213937-adc5-47da-a770-0ee1e4664344|127.0.0.1:15039, 58cff6b7-b2a7-446b-a75a-bb98ad6b11b8|127.0.0.1:15047]|listeners:[], old=null}
2025-10-16 19:47:28,668 [58cff6b7-b2a7-446b-a75a-bb98ad6b11b8@group-B5FE3E1435F4-LeaderElection13] INFO  impl.LeaderElection (LeaderElection.java:logAndReturn(210)) -   Response 0: 58cff6b7-b2a7-446b-a75a-bb98ad6b11b8<-0428ab3f-efd5-438e-ae11-9ec242443260#0:OK-t0-last:<INITIAL_VALUE>
2025-10-16 19:47:28,669 [58cff6b7-b2a7-446b-a75a-bb98ad6b11b8@group-B5FE3E1435F4-LeaderElection13] INFO  impl.LeaderElection (LeaderElection.java:askForVotes(450)) - 58cff6b7-b2a7-446b-a75a-bb98ad6b11b8@group-B5FE3E1435F4-LeaderElection13 PRE_VOTE round 0: result PASSED
2025-10-16 19:47:28,669 [grpc-default-executor-0] INFO  server.RaftServer$Division (RaftServerImpl.java:requestVote(1455)) - 0428ab3f-efd5-438e-ae11-9ec242443260@group-8C9103A5E9B1 replies to PRE_VOTE vote request: 58cff6b7-b2a7-446b-a75a-bb98ad6b11b8<-0428ab3f-efd5-438e-ae11-9ec242443260#0:OK-t0-last:<INITIAL_VALUE>. Peer's state: 0428ab3f-efd5-438e-ae11-9ec242443260@group-8C9103A5E9B1:t0, leader=null, voted=, raftlog=Memoized:0428ab3f-efd5-438e-ae11-9ec242443260@group-8C9103A5E9B1-SegmentedRaftLog:OPENED:c-1:lastnull, conf=conf: {index: -1, cur=peers:[0428ab3f-efd5-438e-ae11-9ec242443260|127.0.0.1:15055, aa213937-adc5-47da-a770-0ee1e4664344|127.0.0.1:15039, 58cff6b7-b2a7-446b-a75a-bb98ad6b11b8|127.0.0.1:15047]|listeners:[], old=null}
2025-10-16 19:47:28,670 [58cff6b7-b2a7-446b-a75a-bb98ad6b11b8@group-8C9103A5E9B1-LeaderElection14] INFO  impl.LeaderElection (LeaderElection.java:logAndReturn(206)) - 58cff6b7-b2a7-446b-a75a-bb98ad6b11b8@group-8C9103A5E9B1-LeaderElection14: PRE_VOTE REJECTED received 1 response(s) and 0 exception(s):
2025-10-16 19:47:28,670 [58cff6b7-b2a7-446b-a75a-bb98ad6b11b8@group-8C9103A5E9B1-LeaderElection14] INFO  impl.LeaderElection (LeaderElection.java:logAndReturn(210)) -   Response 0: 58cff6b7-b2a7-446b-a75a-bb98ad6b11b8<-aa213937-adc5-47da-a770-0ee1e4664344#0:FAIL-t0-last:<INITIAL_VALUE>
2025-10-16 19:47:28,671 [58cff6b7-b2a7-446b-a75a-bb98ad6b11b8@group-8C9103A5E9B1-LeaderElection14] INFO  impl.LeaderElection (LeaderElection.java:askForVotes(450)) - 58cff6b7-b2a7-446b-a75a-bb98ad6b11b8@group-8C9103A5E9B1-LeaderElection14 PRE_VOTE round 0: result REJECTED
2025-10-16 19:47:28,671 [58cff6b7-b2a7-446b-a75a-bb98ad6b11b8@group-8C9103A5E9B1-LeaderElection14] INFO  server.RaftServer$Division (RaftServerImpl.java:setRole(392)) - 58cff6b7-b2a7-446b-a75a-bb98ad6b11b8@group-8C9103A5E9B1: changes role from CANDIDATE to FOLLOWER at term 0 for REJECTED
2025-10-16 19:47:28,671 [58cff6b7-b2a7-446b-a75a-bb98ad6b11b8@group-8C9103A5E9B1-LeaderElection14] INFO  impl.RoleInfo (RoleInfo.java:shutdownLeaderElection(141)) - 58cff6b7-b2a7-446b-a75a-bb98ad6b11b8: shutdown 58cff6b7-b2a7-446b-a75a-bb98ad6b11b8@group-8C9103A5E9B1-LeaderElection14
2025-10-16 19:47:28,671 [58cff6b7-b2a7-446b-a75a-bb98ad6b11b8@group-B5FE3E1435F4-LeaderElection13] INFO  impl.LeaderElection (LeaderElection.java:askForVotes(448)) - 58cff6b7-b2a7-446b-a75a-bb98ad6b11b8@group-B5FE3E1435F4-LeaderElection13 ELECTION round 0: submit vote requests at term 1 for conf: {index: -1, cur=peers:[0428ab3f-efd5-438e-ae11-9ec242443260|127.0.0.1:15055, aa213937-adc5-47da-a770-0ee1e4664344|127.0.0.1:15039, 58cff6b7-b2a7-446b-a75a-bb98ad6b11b8|127.0.0.1:15047]|listeners:[], old=null}
2025-10-16 19:47:28,671 [58cff6b7-b2a7-446b-a75a-bb98ad6b11b8@group-8C9103A5E9B1-LeaderElection14] INFO  impl.RoleInfo (RoleInfo.java:updateAndGet(148)) - 58cff6b7-b2a7-446b-a75a-bb98ad6b11b8: start 58cff6b7-b2a7-446b-a75a-bb98ad6b11b8@group-8C9103A5E9B1-FollowerState
2025-10-16 19:47:28,671 [58cff6b7-b2a7-446b-a75a-bb98ad6b11b8@group-8C9103A5E9B1-LeaderElection14] INFO  server.RaftServer$Division (RaftServerImpl.java:setFirstElection(576)) - 58cff6b7-b2a7-446b-a75a-bb98ad6b11b8@group-8C9103A5E9B1: set firstElectionSinceStartup to false for REJECTED
2025-10-16 19:47:28,673 [grpc-default-executor-0] INFO  server.RaftServer$Division (RaftServerImpl.java:requestVote(1421)) - 0428ab3f-efd5-438e-ae11-9ec242443260@group-B5FE3E1435F4: receive requestVote(ELECTION, 58cff6b7-b2a7-446b-a75a-bb98ad6b11b8, group-B5FE3E1435F4, 1, <PROTO_DEFAULT>)
2025-10-16 19:47:28,673 [grpc-default-executor-0] INFO  impl.VoteContext (VoteContext.java:log(49)) - 0428ab3f-efd5-438e-ae11-9ec242443260@group-B5FE3E1435F4-FOLLOWER: accept ELECTION from 58cff6b7-b2a7-446b-a75a-bb98ad6b11b8: our priority 0 <= candidate's priority 1
2025-10-16 19:47:28,673 [grpc-default-executor-0] INFO  server.RaftServer$Division (RaftServerImpl.java:setRole(392)) - 0428ab3f-efd5-438e-ae11-9ec242443260@group-B5FE3E1435F4: changes role from  FOLLOWER to FOLLOWER at term 0 for candidate:58cff6b7-b2a7-446b-a75a-bb98ad6b11b8
2025-10-16 19:47:28,673 [grpc-default-executor-0] INFO  impl.RoleInfo (RoleInfo.java:shutdownFollowerState(121)) - 0428ab3f-efd5-438e-ae11-9ec242443260: shutdown 0428ab3f-efd5-438e-ae11-9ec242443260@group-B5FE3E1435F4-FollowerState
2025-10-16 19:47:28,673 [grpc-default-executor-0] INFO  impl.RoleInfo (RoleInfo.java:updateAndGet(148)) - 0428ab3f-efd5-438e-ae11-9ec242443260: start 0428ab3f-efd5-438e-ae11-9ec242443260@group-B5FE3E1435F4-FollowerState
2025-10-16 19:47:28,674 [0428ab3f-efd5-438e-ae11-9ec242443260@group-B5FE3E1435F4-FollowerState] INFO  impl.FollowerState (FollowerState.java:runImpl(170)) - 0428ab3f-efd5-438e-ae11-9ec242443260@group-B5FE3E1435F4-FollowerState was interrupted
2025-10-16 19:47:28,675 [grpc-default-executor-0] INFO  server.RaftServer$Division (RaftServerImpl.java:setFirstElection(576)) - 0428ab3f-efd5-438e-ae11-9ec242443260@group-B5FE3E1435F4: set firstElectionSinceStartup to false for candidate:58cff6b7-b2a7-446b-a75a-bb98ad6b11b8
2025-10-16 19:47:28,676 [grpc-default-executor-5] INFO  server.RaftServer$Division (RaftServerImpl.java:requestVote(1421)) - aa213937-adc5-47da-a770-0ee1e4664344@group-B5FE3E1435F4: receive requestVote(ELECTION, 58cff6b7-b2a7-446b-a75a-bb98ad6b11b8, group-B5FE3E1435F4, 1, <PROTO_DEFAULT>)
2025-10-16 19:47:28,676 [grpc-default-executor-5] INFO  impl.VoteContext (VoteContext.java:log(49)) - aa213937-adc5-47da-a770-0ee1e4664344@group-B5FE3E1435F4-FOLLOWER: accept ELECTION from 58cff6b7-b2a7-446b-a75a-bb98ad6b11b8: our priority 0 <= candidate's priority 1
2025-10-16 19:47:28,676 [grpc-default-executor-5] INFO  server.RaftServer$Division (RaftServerImpl.java:setRole(392)) - aa213937-adc5-47da-a770-0ee1e4664344@group-B5FE3E1435F4: changes role from  FOLLOWER to FOLLOWER at term 0 for candidate:58cff6b7-b2a7-446b-a75a-bb98ad6b11b8
2025-10-16 19:47:28,676 [grpc-default-executor-5] INFO  impl.RoleInfo (RoleInfo.java:shutdownFollowerState(121)) - aa213937-adc5-47da-a770-0ee1e4664344: shutdown aa213937-adc5-47da-a770-0ee1e4664344@group-B5FE3E1435F4-FollowerState
2025-10-16 19:47:28,676 [grpc-default-executor-5] INFO  impl.RoleInfo (RoleInfo.java:updateAndGet(148)) - aa213937-adc5-47da-a770-0ee1e4664344: start aa213937-adc5-47da-a770-0ee1e4664344@group-B5FE3E1435F4-FollowerState
2025-10-16 19:47:28,676 [aa213937-adc5-47da-a770-0ee1e4664344@group-B5FE3E1435F4-FollowerState] INFO  impl.FollowerState (FollowerState.java:runImpl(170)) - aa213937-adc5-47da-a770-0ee1e4664344@group-B5FE3E1435F4-FollowerState was interrupted
2025-10-16 19:47:28,676 [grpc-default-executor-0] INFO  server.RaftServer$Division (RaftServerImpl.java:requestVote(1455)) - 0428ab3f-efd5-438e-ae11-9ec242443260@group-B5FE3E1435F4 replies to ELECTION vote request: 58cff6b7-b2a7-446b-a75a-bb98ad6b11b8<-0428ab3f-efd5-438e-ae11-9ec242443260#0:OK-t1-last:<INITIAL_VALUE>. Peer's state: 0428ab3f-efd5-438e-ae11-9ec242443260@group-B5FE3E1435F4:t1, leader=null, voted=58cff6b7-b2a7-446b-a75a-bb98ad6b11b8, raftlog=Memoized:0428ab3f-efd5-438e-ae11-9ec242443260@group-B5FE3E1435F4-SegmentedRaftLog:OPENED:c-1:lastnull, conf=conf: {index: -1, cur=peers:[0428ab3f-efd5-438e-ae11-9ec242443260|127.0.0.1:15055, aa213937-adc5-47da-a770-0ee1e4664344|127.0.0.1:15039, 58cff6b7-b2a7-446b-a75a-bb98ad6b11b8|127.0.0.1:15047]|listeners:[], old=null}
2025-10-16 19:47:28,678 [58cff6b7-b2a7-446b-a75a-bb98ad6b11b8@group-B5FE3E1435F4-LeaderElection13] INFO  impl.LeaderElection (LeaderElection.java:logAndReturn(206)) - 58cff6b7-b2a7-446b-a75a-bb98ad6b11b8@group-B5FE3E1435F4-LeaderElection13: ELECTION PASSED received 1 response(s) and 0 exception(s):
2025-10-16 19:47:28,678 [58cff6b7-b2a7-446b-a75a-bb98ad6b11b8@group-B5FE3E1435F4-LeaderElection13] INFO  impl.LeaderElection (LeaderElection.java:logAndReturn(210)) -   Response 0: 58cff6b7-b2a7-446b-a75a-bb98ad6b11b8<-0428ab3f-efd5-438e-ae11-9ec242443260#0:OK-t1-last:<INITIAL_VALUE>
2025-10-16 19:47:28,678 [grpc-default-executor-5] INFO  server.RaftServer$Division (RaftServerImpl.java:requestVote(1455)) - aa213937-adc5-47da-a770-0ee1e4664344@group-B5FE3E1435F4 replies to ELECTION vote request: 58cff6b7-b2a7-446b-a75a-bb98ad6b11b8<-aa213937-adc5-47da-a770-0ee1e4664344#0:OK-t1-last:<INITIAL_VALUE>. Peer's state: aa213937-adc5-47da-a770-0ee1e4664344@group-B5FE3E1435F4:t1, leader=null, voted=58cff6b7-b2a7-446b-a75a-bb98ad6b11b8, raftlog=Memoized:aa213937-adc5-47da-a770-0ee1e4664344@group-B5FE3E1435F4-SegmentedRaftLog:OPENED:c-1:lastnull, conf=conf: {index: -1, cur=peers:[0428ab3f-efd5-438e-ae11-9ec242443260|127.0.0.1:15055, aa213937-adc5-47da-a770-0ee1e4664344|127.0.0.1:15039, 58cff6b7-b2a7-446b-a75a-bb98ad6b11b8|127.0.0.1:15047]|listeners:[], old=null}
2025-10-16 19:47:28,678 [58cff6b7-b2a7-446b-a75a-bb98ad6b11b8@group-B5FE3E1435F4-LeaderElection13] INFO  impl.LeaderElection (LeaderElection.java:askForVotes(450)) - 58cff6b7-b2a7-446b-a75a-bb98ad6b11b8@group-B5FE3E1435F4-LeaderElection13 ELECTION round 0: result PASSED
2025-10-16 19:47:28,678 [58cff6b7-b2a7-446b-a75a-bb98ad6b11b8@group-B5FE3E1435F4-LeaderElection13] INFO  impl.RoleInfo (RoleInfo.java:shutdownLeaderElection(141)) - 58cff6b7-b2a7-446b-a75a-bb98ad6b11b8: shutdown 58cff6b7-b2a7-446b-a75a-bb98ad6b11b8@group-B5FE3E1435F4-LeaderElection13
2025-10-16 19:47:28,678 [58cff6b7-b2a7-446b-a75a-bb98ad6b11b8@group-B5FE3E1435F4-LeaderElection13] INFO  server.RaftServer$Division (RaftServerImpl.java:setRole(392)) - 58cff6b7-b2a7-446b-a75a-bb98ad6b11b8@group-B5FE3E1435F4: changes role from CANDIDATE to LEADER at term 1 for changeToLeader
2025-10-16 19:47:28,679 [58cff6b7-b2a7-446b-a75a-bb98ad6b11b8@group-B5FE3E1435F4-LeaderElection13] INFO  server.RaftServerConfigKeys (ConfUtils.java:logFallback(69)) - raft.server.staging.timeout = 15600ms (fallback to raft.server.rpc.timeout.max)
2025-10-16 19:47:28,679 [58cff6b7-b2a7-446b-a75a-bb98ad6b11b8@group-B5FE3E1435F4-LeaderElection13] INFO  server.RaftServerConfigKeys (ConfUtils.java:logGet(62)) - raft.server.write.byte-limit = 1024 M (=1073741824) (custom)
2025-10-16 19:47:28,681 [58cff6b7-b2a7-446b-a75a-bb98ad6b11b8@group-B5FE3E1435F4-LeaderElection13] INFO  server.RaftServerConfigKeys (ConfUtils.java:logGet(62)) - raft.server.log.appender.buffer.byte-limit = 33554432 (custom)
2025-10-16 19:47:28,683 [58cff6b7-b2a7-446b-a75a-bb98ad6b11b8@group-B5FE3E1435F4-LeaderElection13] INFO  server.RaftServerConfigKeys (ConfUtils.java:logGet(62)) - raft.server.log.appender.buffer.byte-limit = 33554432 (custom)
2025-10-16 19:47:28,683 [58cff6b7-b2a7-446b-a75a-bb98ad6b11b8@group-B5FE3E1435F4-LeaderElection13] INFO  impl.RoleInfo (RoleInfo.java:updateAndGet(148)) - 58cff6b7-b2a7-446b-a75a-bb98ad6b11b8: start 58cff6b7-b2a7-446b-a75a-bb98ad6b11b8@group-B5FE3E1435F4-LeaderStateImpl
2025-10-16 19:47:28,684 [58cff6b7-b2a7-446b-a75a-bb98ad6b11b8@group-B5FE3E1435F4-LeaderElection13] INFO  server.RaftServer$Division (RaftServerImpl.java:setFirstElection(576)) - 58cff6b7-b2a7-446b-a75a-bb98ad6b11b8@group-B5FE3E1435F4: set firstElectionSinceStartup to false for becomeLeader
2025-10-16 19:47:28,684 [58cff6b7-b2a7-446b-a75a-bb98ad6b11b8@group-B5FE3E1435F4-LeaderElection13] INFO  ratis.XceiverServerRatis (XceiverServerRatis.java:handleLeaderChangedNotification(940)) - Leader change notification received for group: group-B5FE3E1435F4 with new leaderId: 58cff6b7-b2a7-446b-a75a-bb98ad6b11b8
2025-10-16 19:47:28,684 [58cff6b7-b2a7-446b-a75a-bb98ad6b11b8@group-B5FE3E1435F4-LeaderElection13] INFO  server.RaftServer$Division (ServerState.java:setLeader(272)) - 58cff6b7-b2a7-446b-a75a-bb98ad6b11b8@group-B5FE3E1435F4: change Leader from null to 58cff6b7-b2a7-446b-a75a-bb98ad6b11b8 at term 1 for becomeLeader, leader elected after 1178ms
2025-10-16 19:47:28,684 [58cff6b7-b2a7-446b-a75a-bb98ad6b11b8@group-B5FE3E1435F4-LeaderElection13] INFO  segmented.SegmentedRaftLogWorker (SegmentedRaftLogWorker.java:startLogSegment(440)) - 58cff6b7-b2a7-446b-a75a-bb98ad6b11b8@group-B5FE3E1435F4-SegmentedRaftLogWorker: Starting segment from index:0
2025-10-16 19:47:28,685 [58cff6b7-b2a7-446b-a75a-bb98ad6b11b8@group-B5FE3E1435F4-LeaderElection13] INFO  server.RaftServer$Division (ServerState.java:setRaftConf(386)) - 58cff6b7-b2a7-446b-a75a-bb98ad6b11b8@group-B5FE3E1435F4: set configuration conf: {index: 0, cur=peers:[0428ab3f-efd5-438e-ae11-9ec242443260|127.0.0.1:15055, aa213937-adc5-47da-a770-0ee1e4664344|127.0.0.1:15039, 58cff6b7-b2a7-446b-a75a-bb98ad6b11b8|127.0.0.1:15047]|listeners:[], old=null}
2025-10-16 19:47:28,686 [58cff6b7-b2a7-446b-a75a-bb98ad6b11b8@group-B5FE3E1435F4-SegmentedRaftLogWorker] INFO  segmented.BufferedWriteChannel (BufferedWriteChannel.java:open(61)) - open log_inprogress_0 at position 0
2025-10-16 19:47:28,687 | INFO  | SCMAudit | user=runner | ip=127.0.0.1 | op=SEND_HEARTBEAT {"datanodeUUID":"58cff6b7-b2a7-446b-a75a-bb98ad6b11b8","term":"2","command":"[]"} | ret=SUCCESS |  
2025-10-16 19:47:28,693 [EventQueue-PipelineReportForPipelineReportHandler] INFO  pipeline.PipelineReportHandler (PipelineReportHandler.java:processPipelineReport(132)) - Opened pipeline Pipeline-89e8a9f4-f695-4aaa-9f83-b5fe3e1435f4
2025-10-16 19:47:28,693 [grpc-default-executor-5] INFO  ratis.XceiverServerRatis (XceiverServerRatis.java:handleLeaderChangedNotification(940)) - Leader change notification received for group: group-B5FE3E1435F4 with new leaderId: 58cff6b7-b2a7-446b-a75a-bb98ad6b11b8
2025-10-16 19:47:28,694 [grpc-default-executor-5] INFO  server.RaftServer$Division (ServerState.java:setLeader(272)) - 0428ab3f-efd5-438e-ae11-9ec242443260@group-B5FE3E1435F4: change Leader from null to 58cff6b7-b2a7-446b-a75a-bb98ad6b11b8 at term 1 for appendEntries, leader elected after 1142ms
2025-10-16 19:47:28,695 [grpc-default-executor-0] INFO  server.RaftServer$Division (ServerState.java:setRaftConf(386)) - 0428ab3f-efd5-438e-ae11-9ec242443260@group-B5FE3E1435F4: set configuration conf: {index: 0, cur=peers:[0428ab3f-efd5-438e-ae11-9ec242443260|127.0.0.1:15055, aa213937-adc5-47da-a770-0ee1e4664344|127.0.0.1:15039, 58cff6b7-b2a7-446b-a75a-bb98ad6b11b8|127.0.0.1:15047]|listeners:[], old=null}
2025-10-16 19:47:28,695 [grpc-default-executor-0] INFO  segmented.SegmentedRaftLogWorker (SegmentedRaftLogWorker.java:startLogSegment(440)) - 0428ab3f-efd5-438e-ae11-9ec242443260@group-B5FE3E1435F4-SegmentedRaftLogWorker: Starting segment from index:0
2025-10-16 19:47:28,695 [grpc-default-executor-3] INFO  ratis.XceiverServerRatis (XceiverServerRatis.java:handleLeaderChangedNotification(940)) - Leader change notification received for group: group-B5FE3E1435F4 with new leaderId: 58cff6b7-b2a7-446b-a75a-bb98ad6b11b8
2025-10-16 19:47:28,696 [grpc-default-executor-3] INFO  server.RaftServer$Division (ServerState.java:setLeader(272)) - aa213937-adc5-47da-a770-0ee1e4664344@group-B5FE3E1435F4: change Leader from null to 58cff6b7-b2a7-446b-a75a-bb98ad6b11b8 at term 1 for appendEntries, leader elected after 1231ms
2025-10-16 19:47:28,696 [0428ab3f-efd5-438e-ae11-9ec242443260@group-B5FE3E1435F4-SegmentedRaftLogWorker] INFO  segmented.BufferedWriteChannel (BufferedWriteChannel.java:open(61)) - open log_inprogress_0 at position 0
2025-10-16 19:47:28,697 [58cff6b7-b2a7-446b-a75a-bb98ad6b11b8@group-B5FE3E1435F4-SegmentedRaftLogWorker] INFO  segmented.SegmentedRaftLogWorker (SegmentedRaftLogWorker.java:execute(647)) - 58cff6b7-b2a7-446b-a75a-bb98ad6b11b8@group-B5FE3E1435F4-SegmentedRaftLogWorker: created new log segment /home/runner/work/ozone/ozone/hadoop-ozone/integration-test/target/test-dir/MiniOzoneClusterImpl-e7911277-7775-4457-96c8-94071a26a1ce/ozone-metadata/datanode-5/ratis/89e8a9f4-f695-4aaa-9f83-b5fe3e1435f4/current/log_inprogress_0
2025-10-16 19:47:28,698 [grpc-default-executor-0] INFO  server.RaftServer$Division (ServerState.java:setRaftConf(386)) - aa213937-adc5-47da-a770-0ee1e4664344@group-B5FE3E1435F4: set configuration conf: {index: 0, cur=peers:[0428ab3f-efd5-438e-ae11-9ec242443260|127.0.0.1:15055, aa213937-adc5-47da-a770-0ee1e4664344|127.0.0.1:15039, 58cff6b7-b2a7-446b-a75a-bb98ad6b11b8|127.0.0.1:15047]|listeners:[], old=null}
2025-10-16 19:47:28,698 [grpc-default-executor-0] INFO  segmented.SegmentedRaftLogWorker (SegmentedRaftLogWorker.java:startLogSegment(440)) - aa213937-adc5-47da-a770-0ee1e4664344@group-B5FE3E1435F4-SegmentedRaftLogWorker: Starting segment from index:0
2025-10-16 19:47:28,699 [aa213937-adc5-47da-a770-0ee1e4664344@group-B5FE3E1435F4-SegmentedRaftLogWorker] INFO  segmented.BufferedWriteChannel (BufferedWriteChannel.java:open(61)) - open log_inprogress_0 at position 0
2025-10-16 19:47:28,704 [0428ab3f-efd5-438e-ae11-9ec242443260@group-B5FE3E1435F4-SegmentedRaftLogWorker] INFO  segmented.SegmentedRaftLogWorker (SegmentedRaftLogWorker.java:execute(647)) - 0428ab3f-efd5-438e-ae11-9ec242443260@group-B5FE3E1435F4-SegmentedRaftLogWorker: created new log segment /home/runner/work/ozone/ozone/hadoop-ozone/integration-test/target/test-dir/MiniOzoneClusterImpl-e7911277-7775-4457-96c8-94071a26a1ce/ozone-metadata/datanode-6/ratis/89e8a9f4-f695-4aaa-9f83-b5fe3e1435f4/current/log_inprogress_0
2025-10-16 19:47:28,705 [aa213937-adc5-47da-a770-0ee1e4664344@group-B5FE3E1435F4-SegmentedRaftLogWorker] INFO  segmented.SegmentedRaftLogWorker (SegmentedRaftLogWorker.java:execute(647)) - aa213937-adc5-47da-a770-0ee1e4664344@group-B5FE3E1435F4-SegmentedRaftLogWorker: created new log segment /home/runner/work/ozone/ozone/hadoop-ozone/integration-test/target/test-dir/MiniOzoneClusterImpl-e7911277-7775-4457-96c8-94071a26a1ce/ozone-metadata/datanode-4/ratis/89e8a9f4-f695-4aaa-9f83-b5fe3e1435f4/current/log_inprogress_0
2025-10-16 19:47:28,707 [58cff6b7-b2a7-446b-a75a-bb98ad6b11b8@group-B5FE3E1435F4-StateMachineUpdater] INFO  server.RaftServer$Division (LeaderStateImpl.java:checkStartIndex(309)) - Leader 58cff6b7-b2a7-446b-a75a-bb98ad6b11b8@group-B5FE3E1435F4-LeaderStateImpl is ready since appliedIndex == startIndex == 0
2025-10-16 19:47:28,711 [aa213937-adc5-47da-a770-0ee1e4664344@group-8C9103A5E9B1-FollowerState] INFO  impl.FollowerState (FollowerState.java:runImpl(161)) - aa213937-adc5-47da-a770-0ee1e4664344@group-8C9103A5E9B1-FollowerState: change to CANDIDATE, lastRpcElapsedTime:1085655535ns, electionTimeout:1085ms
2025-10-16 19:47:28,711 [aa213937-adc5-47da-a770-0ee1e4664344@group-8C9103A5E9B1-FollowerState] INFO  impl.RoleInfo (RoleInfo.java:shutdownFollowerState(121)) - aa213937-adc5-47da-a770-0ee1e4664344: shutdown aa213937-adc5-47da-a770-0ee1e4664344@group-8C9103A5E9B1-FollowerState
2025-10-16 19:47:28,711 [aa213937-adc5-47da-a770-0ee1e4664344@group-8C9103A5E9B1-FollowerState] INFO  server.RaftServer$Division (RaftServerImpl.java:setRole(392)) - aa213937-adc5-47da-a770-0ee1e4664344@group-8C9103A5E9B1: changes role from  FOLLOWER to CANDIDATE at term 0 for changeToCandidate
2025-10-16 19:47:28,711 [aa213937-adc5-47da-a770-0ee1e4664344@group-8C9103A5E9B1-FollowerState] INFO  impl.RoleInfo (RoleInfo.java:updateAndGet(148)) - aa213937-adc5-47da-a770-0ee1e4664344: start aa213937-adc5-47da-a770-0ee1e4664344@group-8C9103A5E9B1-LeaderElection15
2025-10-16 19:47:28,711 [aa213937-adc5-47da-a770-0ee1e4664344@group-8C9103A5E9B1-LeaderElection15] INFO  impl.LeaderElection (LeaderElection.java:askForVotes(448)) - aa213937-adc5-47da-a770-0ee1e4664344@group-8C9103A5E9B1-LeaderElection15 PRE_VOTE round 0: submit vote requests at term 0 for conf: {index: -1, cur=peers:[0428ab3f-efd5-438e-ae11-9ec242443260|127.0.0.1:15055, aa213937-adc5-47da-a770-0ee1e4664344|127.0.0.1:15039, 58cff6b7-b2a7-446b-a75a-bb98ad6b11b8|127.0.0.1:15047]|listeners:[], old=null}
2025-10-16 19:47:28,713 [grpc-default-executor-5] INFO  server.RaftServer$Division (RaftServerImpl.java:requestVote(1421)) - 58cff6b7-b2a7-446b-a75a-bb98ad6b11b8@group-8C9103A5E9B1: receive requestVote(PRE_VOTE, aa213937-adc5-47da-a770-0ee1e4664344, group-8C9103A5E9B1, 0, <PROTO_DEFAULT>)
2025-10-16 19:47:28,714 [grpc-default-executor-5] INFO  impl.VoteContext (VoteContext.java:log(49)) - 58cff6b7-b2a7-446b-a75a-bb98ad6b11b8@group-8C9103A5E9B1-FOLLOWER: accept PRE_VOTE from aa213937-adc5-47da-a770-0ee1e4664344: our priority 0 <= candidate's priority 1
2025-10-16 19:47:28,714 [grpc-default-executor-5] INFO  server.RaftServer$Division (RaftServerImpl.java:requestVote(1455)) - 58cff6b7-b2a7-446b-a75a-bb98ad6b11b8@group-8C9103A5E9B1 replies to PRE_VOTE vote request: aa213937-adc5-47da-a770-0ee1e4664344<-58cff6b7-b2a7-446b-a75a-bb98ad6b11b8#0:OK-t0-last:<INITIAL_VALUE>. Peer's state: 58cff6b7-b2a7-446b-a75a-bb98ad6b11b8@group-8C9103A5E9B1:t0, leader=null, voted=, raftlog=Memoized:58cff6b7-b2a7-446b-a75a-bb98ad6b11b8@group-8C9103A5E9B1-SegmentedRaftLog:OPENED:c-1:lastnull, conf=conf: {index: -1, cur=peers:[0428ab3f-efd5-438e-ae11-9ec242443260|127.0.0.1:15055, aa213937-adc5-47da-a770-0ee1e4664344|127.0.0.1:15039, 58cff6b7-b2a7-446b-a75a-bb98ad6b11b8|127.0.0.1:15047]|listeners:[], old=null}
2025-10-16 19:47:28,714 [grpc-default-executor-3] INFO  server.RaftServer$Division (RaftServerImpl.java:requestVote(1421)) - 0428ab3f-efd5-438e-ae11-9ec242443260@group-8C9103A5E9B1: receive requestVote(PRE_VOTE, aa213937-adc5-47da-a770-0ee1e4664344, group-8C9103A5E9B1, 0, <PROTO_DEFAULT>)
2025-10-16 19:47:28,715 [grpc-default-executor-3] INFO  impl.VoteContext (VoteContext.java:log(49)) - 0428ab3f-efd5-438e-ae11-9ec242443260@group-8C9103A5E9B1-FOLLOWER: accept PRE_VOTE from aa213937-adc5-47da-a770-0ee1e4664344: our priority 0 <= candidate's priority 1
2025-10-16 19:47:28,715 [grpc-default-executor-3] INFO  server.RaftServer$Division (RaftServerImpl.java:requestVote(1455)) - 0428ab3f-efd5-438e-ae11-9ec242443260@group-8C9103A5E9B1 replies to PRE_VOTE vote request: aa213937-adc5-47da-a770-0ee1e4664344<-0428ab3f-efd5-438e-ae11-9ec242443260#0:OK-t0-last:<INITIAL_VALUE>. Peer's state: 0428ab3f-efd5-438e-ae11-9ec242443260@group-8C9103A5E9B1:t0, leader=null, voted=, raftlog=Memoized:0428ab3f-efd5-438e-ae11-9ec242443260@group-8C9103A5E9B1-SegmentedRaftLog:OPENED:c-1:lastnull, conf=conf: {index: -1, cur=peers:[0428ab3f-efd5-438e-ae11-9ec242443260|127.0.0.1:15055, aa213937-adc5-47da-a770-0ee1e4664344|127.0.0.1:15039, 58cff6b7-b2a7-446b-a75a-bb98ad6b11b8|127.0.0.1:15047]|listeners:[], old=null}
2025-10-16 19:47:28,716 [aa213937-adc5-47da-a770-0ee1e4664344@group-8C9103A5E9B1-LeaderElection15] INFO  impl.LeaderElection (LeaderElection.java:logAndReturn(206)) - aa213937-adc5-47da-a770-0ee1e4664344@group-8C9103A5E9B1-LeaderElection15: PRE_VOTE PASSED received 1 response(s) and 0 exception(s):
2025-10-16 19:47:28,716 [aa213937-adc5-47da-a770-0ee1e4664344@group-8C9103A5E9B1-LeaderElection15] INFO  impl.LeaderElection (LeaderElection.java:logAndReturn(210)) -   Response 0: aa213937-adc5-47da-a770-0ee1e4664344<-58cff6b7-b2a7-446b-a75a-bb98ad6b11b8#0:OK-t0-last:<INITIAL_VALUE>
2025-10-16 19:47:28,716 [aa213937-adc5-47da-a770-0ee1e4664344@group-8C9103A5E9B1-LeaderElection15] INFO  impl.LeaderElection (LeaderElection.java:askForVotes(450)) - aa213937-adc5-47da-a770-0ee1e4664344@group-8C9103A5E9B1-LeaderElection15 PRE_VOTE round 0: result PASSED
2025-10-16 19:47:28,717 [aa213937-adc5-47da-a770-0ee1e4664344@group-8C9103A5E9B1-LeaderElection15] INFO  impl.LeaderElection (LeaderElection.java:askForVotes(448)) - aa213937-adc5-47da-a770-0ee1e4664344@group-8C9103A5E9B1-LeaderElection15 ELECTION round 0: submit vote requests at term 1 for conf: {index: -1, cur=peers:[0428ab3f-efd5-438e-ae11-9ec242443260|127.0.0.1:15055, aa213937-adc5-47da-a770-0ee1e4664344|127.0.0.1:15039, 58cff6b7-b2a7-446b-a75a-bb98ad6b11b8|127.0.0.1:15047]|listeners:[], old=null}
2025-10-16 19:47:28,717 [ForkJoinPool-1-worker-1] INFO  ozone.MiniOzoneClusterImpl (MiniOzoneClusterImpl.java:lambda$waitForClusterToBeReady$0(181)) - Nodes are ready. Got 14 of 14 DN Heartbeats.
2025-10-16 19:47:28,717 [ForkJoinPool-1-worker-1] INFO  ozone.MiniOzoneClusterImpl (MiniOzoneClusterImpl.java:lambda$waitForClusterToBeReady$0(184)) - Cluster exits safe mode
2025-10-16 19:47:28,718 [ForkJoinPool-1-worker-1] INFO  ozone.MiniOzoneClusterImpl (MiniOzoneClusterImpl.java:lambda$waitForClusterToBeReady$0(186)) - SCM became leader
2025-10-16 19:47:28,720 [grpc-default-executor-3] INFO  server.RaftServer$Division (RaftServerImpl.java:requestVote(1421)) - 58cff6b7-b2a7-446b-a75a-bb98ad6b11b8@group-8C9103A5E9B1: receive requestVote(ELECTION, aa213937-adc5-47da-a770-0ee1e4664344, group-8C9103A5E9B1, 1, <PROTO_DEFAULT>)
2025-10-16 19:47:28,720 [grpc-default-executor-3] INFO  impl.VoteContext (VoteContext.java:log(49)) - 58cff6b7-b2a7-446b-a75a-bb98ad6b11b8@group-8C9103A5E9B1-FOLLOWER: accept ELECTION from aa213937-adc5-47da-a770-0ee1e4664344: our priority 0 <= candidate's priority 1
2025-10-16 19:47:28,720 [grpc-default-executor-3] INFO  server.RaftServer$Division (RaftServerImpl.java:setRole(392)) - 58cff6b7-b2a7-446b-a75a-bb98ad6b11b8@group-8C9103A5E9B1: changes role from  FOLLOWER to FOLLOWER at term 0 for candidate:aa213937-adc5-47da-a770-0ee1e4664344
2025-10-16 19:47:28,721 [grpc-default-executor-3] INFO  impl.RoleInfo (RoleInfo.java:shutdownFollowerState(121)) - 58cff6b7-b2a7-446b-a75a-bb98ad6b11b8: shutdown 58cff6b7-b2a7-446b-a75a-bb98ad6b11b8@group-8C9103A5E9B1-FollowerState
2025-10-16 19:47:28,721 [grpc-default-executor-5] INFO  server.RaftServer$Division (RaftServerImpl.java:requestVote(1421)) - 0428ab3f-efd5-438e-ae11-9ec242443260@group-8C9103A5E9B1: receive requestVote(ELECTION, aa213937-adc5-47da-a770-0ee1e4664344, group-8C9103A5E9B1, 1, <PROTO_DEFAULT>)
2025-10-16 19:47:28,721 [grpc-default-executor-3] INFO  impl.RoleInfo (RoleInfo.java:updateAndGet(148)) - 58cff6b7-b2a7-446b-a75a-bb98ad6b11b8: start 58cff6b7-b2a7-446b-a75a-bb98ad6b11b8@group-8C9103A5E9B1-FollowerState
2025-10-16 19:47:28,721 [58cff6b7-b2a7-446b-a75a-bb98ad6b11b8@group-8C9103A5E9B1-FollowerState] INFO  impl.FollowerState (FollowerState.java:runImpl(170)) - 58cff6b7-b2a7-446b-a75a-bb98ad6b11b8@group-8C9103A5E9B1-FollowerState was interrupted
2025-10-16 19:47:28,722 [grpc-default-executor-5] INFO  impl.VoteContext (VoteContext.java:log(49)) - 0428ab3f-efd5-438e-ae11-9ec242443260@group-8C9103A5E9B1-FOLLOWER: accept ELECTION from aa213937-adc5-47da-a770-0ee1e4664344: our priority 0 <= candidate's priority 1
2025-10-16 19:47:28,722 [grpc-default-executor-5] INFO  server.RaftServer$Division (RaftServerImpl.java:setRole(392)) - 0428ab3f-efd5-438e-ae11-9ec242443260@group-8C9103A5E9B1: changes role from  FOLLOWER to FOLLOWER at term 0 for candidate:aa213937-adc5-47da-a770-0ee1e4664344
2025-10-16 19:47:28,722 [grpc-default-executor-5] INFO  impl.RoleInfo (RoleInfo.java:shutdownFollowerState(121)) - 0428ab3f-efd5-438e-ae11-9ec242443260: shutdown 0428ab3f-efd5-438e-ae11-9ec242443260@group-8C9103A5E9B1-FollowerState
2025-10-16 19:47:28,722 [grpc-default-executor-5] INFO  impl.RoleInfo (RoleInfo.java:updateAndGet(148)) - 0428ab3f-efd5-438e-ae11-9ec242443260: start 0428ab3f-efd5-438e-ae11-9ec242443260@group-8C9103A5E9B1-FollowerState
2025-10-16 19:47:28,722 [0428ab3f-efd5-438e-ae11-9ec242443260@group-8C9103A5E9B1-FollowerState] INFO  impl.FollowerState (FollowerState.java:runImpl(170)) - 0428ab3f-efd5-438e-ae11-9ec242443260@group-8C9103A5E9B1-FollowerState was interrupted
2025-10-16 19:47:28,723 [grpc-default-executor-5] INFO  server.RaftServer$Division (RaftServerImpl.java:setFirstElection(576)) - 0428ab3f-efd5-438e-ae11-9ec242443260@group-8C9103A5E9B1: set firstElectionSinceStartup to false for candidate:aa213937-adc5-47da-a770-0ee1e4664344
2025-10-16 19:47:28,723 [grpc-default-executor-3] INFO  server.RaftServer$Division (RaftServerImpl.java:requestVote(1455)) - 58cff6b7-b2a7-446b-a75a-bb98ad6b11b8@group-8C9103A5E9B1 replies to ELECTION vote request: aa213937-adc5-47da-a770-0ee1e4664344<-58cff6b7-b2a7-446b-a75a-bb98ad6b11b8#0:OK-t1-last:<INITIAL_VALUE>. Peer's state: 58cff6b7-b2a7-446b-a75a-bb98ad6b11b8@group-8C9103A5E9B1:t1, leader=null, voted=aa213937-adc5-47da-a770-0ee1e4664344, raftlog=Memoized:58cff6b7-b2a7-446b-a75a-bb98ad6b11b8@group-8C9103A5E9B1-SegmentedRaftLog:OPENED:c-1:lastnull, conf=conf: {index: -1, cur=peers:[0428ab3f-efd5-438e-ae11-9ec242443260|127.0.0.1:15055, aa213937-adc5-47da-a770-0ee1e4664344|127.0.0.1:15039, 58cff6b7-b2a7-446b-a75a-bb98ad6b11b8|127.0.0.1:15047]|listeners:[], old=null}
2025-10-16 19:47:28,724 [grpc-default-executor-5] INFO  server.RaftServer$Division (RaftServerImpl.java:requestVote(1455)) - 0428ab3f-efd5-438e-ae11-9ec242443260@group-8C9103A5E9B1 replies to ELECTION vote request: aa213937-adc5-47da-a770-0ee1e4664344<-0428ab3f-efd5-438e-ae11-9ec242443260#0:OK-t1-last:<INITIAL_VALUE>. Peer's state: 0428ab3f-efd5-438e-ae11-9ec242443260@group-8C9103A5E9B1:t1, leader=null, voted=aa213937-adc5-47da-a770-0ee1e4664344, raftlog=Memoized:0428ab3f-efd5-438e-ae11-9ec242443260@group-8C9103A5E9B1-SegmentedRaftLog:OPENED:c-1:lastnull, conf=conf: {index: -1, cur=peers:[0428ab3f-efd5-438e-ae11-9ec242443260|127.0.0.1:15055, aa213937-adc5-47da-a770-0ee1e4664344|127.0.0.1:15039, 58cff6b7-b2a7-446b-a75a-bb98ad6b11b8|127.0.0.1:15047]|listeners:[], old=null}
2025-10-16 19:47:28,725 [aa213937-adc5-47da-a770-0ee1e4664344@group-8C9103A5E9B1-LeaderElection15] INFO  impl.LeaderElection (LeaderElection.java:logAndReturn(206)) - aa213937-adc5-47da-a770-0ee1e4664344@group-8C9103A5E9B1-LeaderElection15: ELECTION PASSED received 1 response(s) and 0 exception(s):
2025-10-16 19:47:28,725 [aa213937-adc5-47da-a770-0ee1e4664344@group-8C9103A5E9B1-LeaderElection15] INFO  impl.LeaderElection (LeaderElection.java:logAndReturn(210)) -   Response 0: aa213937-adc5-47da-a770-0ee1e4664344<-58cff6b7-b2a7-446b-a75a-bb98ad6b11b8#0:OK-t1-last:<INITIAL_VALUE>
2025-10-16 19:47:28,725 [aa213937-adc5-47da-a770-0ee1e4664344@group-8C9103A5E9B1-LeaderElection15] INFO  impl.LeaderElection (LeaderElection.java:askForVotes(450)) - aa213937-adc5-47da-a770-0ee1e4664344@group-8C9103A5E9B1-LeaderElection15 ELECTION round 0: result PASSED
2025-10-16 19:47:28,725 [aa213937-adc5-47da-a770-0ee1e4664344@group-8C9103A5E9B1-LeaderElection15] INFO  impl.RoleInfo (RoleInfo.java:shutdownLeaderElection(141)) - aa213937-adc5-47da-a770-0ee1e4664344: shutdown aa213937-adc5-47da-a770-0ee1e4664344@group-8C9103A5E9B1-LeaderElection15
2025-10-16 19:47:28,725 [aa213937-adc5-47da-a770-0ee1e4664344@group-8C9103A5E9B1-LeaderElection15] INFO  server.RaftServer$Division (RaftServerImpl.java:setRole(392)) - aa213937-adc5-47da-a770-0ee1e4664344@group-8C9103A5E9B1: changes role from CANDIDATE to LEADER at term 1 for changeToLeader
2025-10-16 19:47:28,725 [aa213937-adc5-47da-a770-0ee1e4664344@group-8C9103A5E9B1-LeaderElection15] INFO  server.RaftServerConfigKeys (ConfUtils.java:logFallback(69)) - raft.server.staging.timeout = 15600ms (fallback to raft.server.rpc.timeout.max)
2025-10-16 19:47:28,725 [aa213937-adc5-47da-a770-0ee1e4664344@group-8C9103A5E9B1-LeaderElection15] INFO  server.RaftServerConfigKeys (ConfUtils.java:logGet(62)) - raft.server.write.byte-limit = 1024 M (=1073741824) (custom)
2025-10-16 19:47:28,728 [aa213937-adc5-47da-a770-0ee1e4664344@group-8C9103A5E9B1-LeaderElection15] INFO  server.RaftServerConfigKeys (ConfUtils.java:logGet(62)) - raft.server.log.appender.buffer.byte-limit = 33554432 (custom)
2025-10-16 19:47:28,729 [aa213937-adc5-47da-a770-0ee1e4664344@group-8C9103A5E9B1-LeaderElection15] INFO  server.RaftServerConfigKeys (ConfUtils.java:logGet(62)) - raft.server.log.appender.buffer.byte-limit = 33554432 (custom)
2025-10-16 19:47:28,730 [aa213937-adc5-47da-a770-0ee1e4664344@group-8C9103A5E9B1-LeaderElection15] INFO  impl.RoleInfo (RoleInfo.java:updateAndGet(148)) - aa213937-adc5-47da-a770-0ee1e4664344: start aa213937-adc5-47da-a770-0ee1e4664344@group-8C9103A5E9B1-LeaderStateImpl
2025-10-16 19:47:28,730 [aa213937-adc5-47da-a770-0ee1e4664344@group-8C9103A5E9B1-LeaderElection15] INFO  server.RaftServer$Division (RaftServerImpl.java:setFirstElection(576)) - aa213937-adc5-47da-a770-0ee1e4664344@group-8C9103A5E9B1: set firstElectionSinceStartup to false for becomeLeader
2025-10-16 19:47:28,730 [aa213937-adc5-47da-a770-0ee1e4664344@group-8C9103A5E9B1-LeaderElection15] INFO  ratis.XceiverServerRatis (XceiverServerRatis.java:handleLeaderChangedNotification(940)) - Leader change notification received for group: group-8C9103A5E9B1 with new leaderId: aa213937-adc5-47da-a770-0ee1e4664344
2025-10-16 19:47:28,730 [aa213937-adc5-47da-a770-0ee1e4664344@group-8C9103A5E9B1-LeaderElection15] INFO  server.RaftServer$Division (ServerState.java:setLeader(272)) - aa213937-adc5-47da-a770-0ee1e4664344@group-8C9103A5E9B1: change Leader from null to aa213937-adc5-47da-a770-0ee1e4664344 at term 1 for becomeLeader, leader elected after 1125ms
2025-10-16 19:47:28,732 [aa213937-adc5-47da-a770-0ee1e4664344@group-8C9103A5E9B1-LeaderElection15] INFO  segmented.SegmentedRaftLogWorker (SegmentedRaftLogWorker.java:startLogSegment(440)) - aa213937-adc5-47da-a770-0ee1e4664344@group-8C9103A5E9B1-SegmentedRaftLogWorker: Starting segment from index:0
2025-10-16 19:47:28,732 [aa213937-adc5-47da-a770-0ee1e4664344@group-8C9103A5E9B1-LeaderElection15] INFO  server.RaftServer$Division (ServerState.java:setRaftConf(386)) - aa213937-adc5-47da-a770-0ee1e4664344@group-8C9103A5E9B1: set configuration conf: {index: 0, cur=peers:[0428ab3f-efd5-438e-ae11-9ec242443260|127.0.0.1:15055, aa213937-adc5-47da-a770-0ee1e4664344|127.0.0.1:15039, 58cff6b7-b2a7-446b-a75a-bb98ad6b11b8|127.0.0.1:15047]|listeners:[], old=null}
2025-10-16 19:47:28,732 [aa213937-adc5-47da-a770-0ee1e4664344@group-8C9103A5E9B1-SegmentedRaftLogWorker] INFO  segmented.BufferedWriteChannel (BufferedWriteChannel.java:open(61)) - open log_inprogress_0 at position 0
2025-10-16 19:47:28,733 | INFO  | SCMAudit | user=runner | ip=127.0.0.1 | op=SEND_HEARTBEAT {"datanodeUUID":"aa213937-adc5-47da-a770-0ee1e4664344","term":"2","command":"[]"} | ret=SUCCESS |  
2025-10-16 19:47:28,742 [grpc-default-executor-0] INFO  ratis.XceiverServerRatis (XceiverServerRatis.java:handleLeaderChangedNotification(940)) - Leader change notification received for group: group-8C9103A5E9B1 with new leaderId: aa213937-adc5-47da-a770-0ee1e4664344
2025-10-16 19:47:28,743 [grpc-default-executor-0] INFO  server.RaftServer$Division (ServerState.java:setLeader(272)) - 0428ab3f-efd5-438e-ae11-9ec242443260@group-8C9103A5E9B1: change Leader from null to aa213937-adc5-47da-a770-0ee1e4664344 at term 1 for appendEntries, leader elected after 1068ms
2025-10-16 19:47:28,746 [grpc-default-executor-5] INFO  server.RaftServer$Division (ServerState.java:setRaftConf(386)) - 0428ab3f-efd5-438e-ae11-9ec242443260@group-8C9103A5E9B1: set configuration conf: {index: 0, cur=peers:[0428ab3f-efd5-438e-ae11-9ec242443260|127.0.0.1:15055, aa213937-adc5-47da-a770-0ee1e4664344|127.0.0.1:15039, 58cff6b7-b2a7-446b-a75a-bb98ad6b11b8|127.0.0.1:15047]|listeners:[], old=null}
2025-10-16 19:47:28,749 [grpc-default-executor-2] INFO  ratis.XceiverServerRatis (XceiverServerRatis.java:handleLeaderChangedNotification(940)) - Leader change notification received for group: group-8C9103A5E9B1 with new leaderId: aa213937-adc5-47da-a770-0ee1e4664344
2025-10-16 19:47:28,748 [aa213937-adc5-47da-a770-0ee1e4664344@group-8C9103A5E9B1-SegmentedRaftLogWorker] INFO  segmented.SegmentedRaftLogWorker (SegmentedRaftLogWorker.java:execute(647)) - aa213937-adc5-47da-a770-0ee1e4664344@group-8C9103A5E9B1-SegmentedRaftLogWorker: created new log segment /home/runner/work/ozone/ozone/hadoop-ozone/integration-test/target/test-dir/MiniOzoneClusterImpl-e7911277-7775-4457-96c8-94071a26a1ce/ozone-metadata/datanode-4/ratis/3eff9fe2-c62c-48a6-bb56-8c9103a5e9b1/current/log_inprogress_0
2025-10-16 19:47:28,747 [EventQueue-PipelineReportForPipelineReportHandler] INFO  pipeline.PipelineReportHandler (PipelineReportHandler.java:processPipelineReport(132)) - Opened pipeline Pipeline-3eff9fe2-c62c-48a6-bb56-8c9103a5e9b1
2025-10-16 19:47:28,750 [grpc-default-executor-2] INFO  server.RaftServer$Division (ServerState.java:setLeader(272)) - 58cff6b7-b2a7-446b-a75a-bb98ad6b11b8@group-8C9103A5E9B1: change Leader from null to aa213937-adc5-47da-a770-0ee1e4664344 at term 1 for appendEntries, leader elected after 1111ms
2025-10-16 19:47:28,750 [grpc-default-executor-3] INFO  server.RaftServer$Division (ServerState.java:setRaftConf(386)) - 58cff6b7-b2a7-446b-a75a-bb98ad6b11b8@group-8C9103A5E9B1: set configuration conf: {index: 0, cur=peers:[0428ab3f-efd5-438e-ae11-9ec242443260|127.0.0.1:15055, aa213937-adc5-47da-a770-0ee1e4664344|127.0.0.1:15039, 58cff6b7-b2a7-446b-a75a-bb98ad6b11b8|127.0.0.1:15047]|listeners:[], old=null}
2025-10-16 19:47:28,751 [grpc-default-executor-3] INFO  segmented.SegmentedRaftLogWorker (SegmentedRaftLogWorker.java:startLogSegment(440)) - 58cff6b7-b2a7-446b-a75a-bb98ad6b11b8@group-8C9103A5E9B1-SegmentedRaftLogWorker: Starting segment from index:0
2025-10-16 19:47:28,751 [58cff6b7-b2a7-446b-a75a-bb98ad6b11b8@group-8C9103A5E9B1-SegmentedRaftLogWorker] INFO  segmented.BufferedWriteChannel (BufferedWriteChannel.java:open(61)) - open log_inprogress_0 at position 0
2025-10-16 19:47:28,750 [grpc-default-executor-5] INFO  segmented.SegmentedRaftLogWorker (SegmentedRaftLogWorker.java:startLogSegment(440)) - 0428ab3f-efd5-438e-ae11-9ec242443260@group-8C9103A5E9B1-SegmentedRaftLogWorker: Starting segment from index:0
2025-10-16 19:47:28,754 [0428ab3f-efd5-438e-ae11-9ec242443260@group-8C9103A5E9B1-SegmentedRaftLogWorker] INFO  segmented.BufferedWriteChannel (BufferedWriteChannel.java:open(61)) - open log_inprogress_0 at position 0
2025-10-16 19:47:28,759 [58cff6b7-b2a7-446b-a75a-bb98ad6b11b8@group-8C9103A5E9B1-SegmentedRaftLogWorker] INFO  segmented.SegmentedRaftLogWorker (SegmentedRaftLogWorker.java:execute(647)) - 58cff6b7-b2a7-446b-a75a-bb98ad6b11b8@group-8C9103A5E9B1-SegmentedRaftLogWorker: created new log segment /home/runner/work/ozone/ozone/hadoop-ozone/integration-test/target/test-dir/MiniOzoneClusterImpl-e7911277-7775-4457-96c8-94071a26a1ce/ozone-metadata/datanode-5/ratis/3eff9fe2-c62c-48a6-bb56-8c9103a5e9b1/current/log_inprogress_0
2025-10-16 19:47:28,764 [0428ab3f-efd5-438e-ae11-9ec242443260@group-8C9103A5E9B1-SegmentedRaftLogWorker] INFO  segmented.SegmentedRaftLogWorker (SegmentedRaftLogWorker.java:execute(647)) - 0428ab3f-efd5-438e-ae11-9ec242443260@group-8C9103A5E9B1-SegmentedRaftLogWorker: created new log segment /home/runner/work/ozone/ozone/hadoop-ozone/integration-test/target/test-dir/MiniOzoneClusterImpl-e7911277-7775-4457-96c8-94071a26a1ce/ozone-metadata/datanode-6/ratis/3eff9fe2-c62c-48a6-bb56-8c9103a5e9b1/current/log_inprogress_0
2025-10-16 19:47:28,765 [aa213937-adc5-47da-a770-0ee1e4664344@group-8C9103A5E9B1-StateMachineUpdater] INFO  server.RaftServer$Division (LeaderStateImpl.java:checkStartIndex(309)) - Leader aa213937-adc5-47da-a770-0ee1e4664344@group-8C9103A5E9B1-LeaderStateImpl is ready since appliedIndex == startIndex == 0
2025-10-16 19:47:28,781 [8a0fa2ff-b550-4652-b2fe-0cf91cd4a157-CreatePipelineCommandHandlerThread-0] INFO  server.RaftServer (RaftServerProxy.java:addNew(105)) - 8a0fa2ff-b550-4652-b2fe-0cf91cd4a157: addNew group-90A7926D173C:[8a0fa2ff-b550-4652-b2fe-0cf91cd4a157|127.0.0.1:15079] returns group-90A7926D173C:java.util.concurrent.CompletableFuture@53d5151a[Not completed]
2025-10-16 19:47:28,782 [8a0fa2ff-b550-4652-b2fe-0cf91cd4a157-groupManagement] INFO  server.RaftServer$Division (RaftServerImpl.java:<init>(268)) - 8a0fa2ff-b550-4652-b2fe-0cf91cd4a157: new RaftServerImpl for group-90A7926D173C:[8a0fa2ff-b550-4652-b2fe-0cf91cd4a157|127.0.0.1:15079] with ContainerStateMachine:uninitialized
2025-10-16 19:47:28,783 [8a0fa2ff-b550-4652-b2fe-0cf91cd4a157-groupManagement] INFO  server.RaftServer$Division (ServerState.java:<init>(114)) - 8a0fa2ff-b550-4652-b2fe-0cf91cd4a157@group-90A7926D173C: ConfigurationManager, init=conf: {index: -1, cur=peers:[8a0fa2ff-b550-4652-b2fe-0cf91cd4a157|127.0.0.1:15079]|listeners:[], old=null}, confs=<EMPTY_MAP>
2025-10-16 19:47:28,788 [8a0fa2ff-b550-4652-b2fe-0cf91cd4a157-groupManagement] INFO  server.RaftServerConfigKeys (ConfUtils.java:logGet(62)) - raft.server.storage.dir = [/home/runner/work/ozone/ozone/hadoop-ozone/integration-test/target/test-dir/MiniOzoneClusterImpl-e7911277-7775-4457-96c8-94071a26a1ce/ozone-metadata/datanode-9/ratis] (custom)
2025-10-16 19:47:28,789 [8a0fa2ff-b550-4652-b2fe-0cf91cd4a157-groupManagement] INFO  storage.RaftStorageDirectory (RaftStorageDirectoryImpl.java:analyzeStorage(138)) - The storage directory /home/runner/work/ozone/ozone/hadoop-ozone/integration-test/target/test-dir/MiniOzoneClusterImpl-e7911277-7775-4457-96c8-94071a26a1ce/ozone-metadata/datanode-9/ratis/2fe8678b-8097-49d9-a565-90a7926d173c does not exist. Creating ...
2025-10-16 19:47:28,790 [8a0fa2ff-b550-4652-b2fe-0cf91cd4a157-groupManagement] INFO  storage.RaftStorageDirectory (RaftStorageDirectoryImpl.java:tryLock(229)) - Lock on /home/runner/work/ozone/ozone/hadoop-ozone/integration-test/target/test-dir/MiniOzoneClusterImpl-e7911277-7775-4457-96c8-94071a26a1ce/ozone-metadata/datanode-9/ratis/2fe8678b-8097-49d9-a565-90a7926d173c/in_use.lock acquired by nodename 40995@localhost
2025-10-16 19:47:28,790 [8a0fa2ff-b550-4652-b2fe-0cf91cd4a157-groupManagement] INFO  storage.RaftStorage (RaftStorageImpl.java:format(98)) - Storage directory /home/runner/work/ozone/ozone/hadoop-ozone/integration-test/target/test-dir/MiniOzoneClusterImpl-e7911277-7775-4457-96c8-94071a26a1ce/ozone-metadata/datanode-9/ratis/2fe8678b-8097-49d9-a565-90a7926d173c has been successfully formatted.
2025-10-16 19:47:28,791 [8a0fa2ff-b550-4652-b2fe-0cf91cd4a157-groupManagement] INFO  ratis.ContainerStateMachine (ContainerStateMachine.java:initialize(339)) - 8a0fa2ff-b550-4652-b2fe-0cf91cd4a157: initialize group-90A7926D173C
2025-10-16 19:47:28,791 [8a0fa2ff-b550-4652-b2fe-0cf91cd4a157-groupManagement] INFO  ratis.ContainerStateMachine (ContainerStateMachine.java:loadSnapshot(347)) - group-90A7926D173C: The snapshot info is null. Setting the last applied index to:<INITIAL_VALUE>
2025-10-16 19:47:28,791 [8a0fa2ff-b550-4652-b2fe-0cf91cd4a157-groupManagement] INFO  server.RaftServerConfigKeys (ConfUtils.java:logGet(62)) - raft.server.log.appender.buffer.byte-limit = 33554432 (custom)
2025-10-16 19:47:28,793 [8a0fa2ff-b550-4652-b2fe-0cf91cd4a157-groupManagement] INFO  server.RaftServerConfigKeys (ConfUtils.java:logGet(62)) - raft.server.log.segment.size.max = 67108864 (custom)
2025-10-16 19:47:28,794 [8a0fa2ff-b550-4652-b2fe-0cf91cd4a157-groupManagement] INFO  server.RaftServerConfigKeys (ConfUtils.java:logGet(62)) - raft.server.log.appender.buffer.byte-limit = 33554432 (custom)
2025-10-16 19:47:28,795 [8a0fa2ff-b550-4652-b2fe-0cf91cd4a157-groupManagement] INFO  util.AwaitToRun (AwaitToRun.java:start(81)) - Thread[#1705,8a0fa2ff-b550-4652-b2fe-0cf91cd4a157@group-90A7926D173C-cacheEviction-AwaitToRun,5,main] started
2025-10-16 19:47:28,795 [8a0fa2ff-b550-4652-b2fe-0cf91cd4a157-groupManagement] INFO  segmented.SegmentedRaftLogWorker (SegmentedRaftLogWorker.java:<init>(190)) - new 8a0fa2ff-b550-4652-b2fe-0cf91cd4a157@group-90A7926D173C-SegmentedRaftLogWorker for RaftStorageImpl:Storage Directory /home/runner/work/ozone/ozone/hadoop-ozone/integration-test/target/test-dir/MiniOzoneClusterImpl-e7911277-7775-4457-96c8-94071a26a1ce/ozone-metadata/datanode-9/ratis/2fe8678b-8097-49d9-a565-90a7926d173c
2025-10-16 19:47:28,795 [8a0fa2ff-b550-4652-b2fe-0cf91cd4a157-groupManagement] INFO  server.RaftServerConfigKeys (ConfUtils.java:logGet(62)) - raft.server.log.queue.byte-limit = 4294967296 (custom)
2025-10-16 19:47:28,795 [8a0fa2ff-b550-4652-b2fe-0cf91cd4a157-groupManagement] INFO  server.RaftServerConfigKeys (ConfUtils.java:logGet(62)) - raft.server.log.segment.size.max = 67108864 (custom)
2025-10-16 19:47:28,795 [8a0fa2ff-b550-4652-b2fe-0cf91cd4a157-groupManagement] INFO  server.RaftServerConfigKeys (ConfUtils.java:logGet(62)) - raft.server.log.preallocated.size = 4194304 (custom)
2025-10-16 19:47:28,794 | INFO  | SCMAudit | user=runner | ip=127.0.0.1 | op=SEND_HEARTBEAT {"datanodeUUID":"8a0fa2ff-b550-4652-b2fe-0cf91cd4a157","term":"2","command":"[]"} | ret=SUCCESS |  
2025-10-16 19:47:28,796 [8a0fa2ff-b550-4652-b2fe-0cf91cd4a157-groupManagement] INFO  server.RaftServerConfigKeys (ConfUtils.java:logGet(62)) - raft.server.log.write.buffer.size = 33554440 (custom)
2025-10-16 19:47:28,798 [EventQueue-PipelineReportForPipelineReportHandler] INFO  pipeline.PipelineReportHandler (PipelineReportHandler.java:processPipelineReport(132)) - Opened pipeline Pipeline-2fe8678b-8097-49d9-a565-90a7926d173c
2025-10-16 19:47:28,802 [8a0fa2ff-b550-4652-b2fe-0cf91cd4a157-groupManagement] INFO  server.RaftServerConfigKeys (ConfUtils.java:logGet(62)) - raft.server.log.appender.buffer.byte-limit = 33554432 (custom)
2025-10-16 19:47:28,802 [8a0fa2ff-b550-4652-b2fe-0cf91cd4a157-groupManagement] INFO  segmented.SegmentedRaftLogWorker (SegmentedRaftLogWorker.java:lambda$new$0(141)) - 8a0fa2ff-b550-4652-b2fe-0cf91cd4a157@group-90A7926D173C-SegmentedRaftLogWorker: flushIndex: setUnconditionally 0 -> -1
2025-10-16 19:47:28,802 [8a0fa2ff-b550-4652-b2fe-0cf91cd4a157-groupManagement] INFO  segmented.SegmentedRaftLogWorker (SegmentedRaftLogWorker.java:lambda$new$0(141)) - 8a0fa2ff-b550-4652-b2fe-0cf91cd4a157@group-90A7926D173C-SegmentedRaftLogWorker: safeCacheEvictIndex: setUnconditionally 0 -> -1
2025-10-16 19:47:28,802 [8a0fa2ff-b550-4652-b2fe-0cf91cd4a157-groupManagement] INFO  server.RaftServer$Division (RaftServerImpl.java:start(405)) - 8a0fa2ff-b550-4652-b2fe-0cf91cd4a157@group-90A7926D173C: start as a follower, conf=conf: {index: -1, cur=peers:[8a0fa2ff-b550-4652-b2fe-0cf91cd4a157|127.0.0.1:15079]|listeners:[], old=null}
2025-10-16 19:47:28,803 [8a0fa2ff-b550-4652-b2fe-0cf91cd4a157-groupManagement] INFO  server.RaftServer$Division (RaftServerImpl.java:setRole(392)) - 8a0fa2ff-b550-4652-b2fe-0cf91cd4a157@group-90A7926D173C: changes role from      null to FOLLOWER at term 0 for startAsFollower
2025-10-16 19:47:28,803 [8a0fa2ff-b550-4652-b2fe-0cf91cd4a157-groupManagement] INFO  impl.RoleInfo (RoleInfo.java:updateAndGet(148)) - 8a0fa2ff-b550-4652-b2fe-0cf91cd4a157: start 8a0fa2ff-b550-4652-b2fe-0cf91cd4a157@group-90A7926D173C-FollowerState
2025-10-16 19:47:28,804 [8a0fa2ff-b550-4652-b2fe-0cf91cd4a157-groupManagement] INFO  util.JmxRegister (JmxRegister.java:tryRegister(44)) - Successfully registered JMX Bean with object name Ratis:service=RaftServer,group=group-90A7926D173C,id=8a0fa2ff-b550-4652-b2fe-0cf91cd4a157
2025-10-16 19:47:28,804 [8a0fa2ff-b550-4652-b2fe-0cf91cd4a157-groupManagement] INFO  util.JmxRegister (JmxRegister.java:register(58)) - register mxBean class org.apache.ratis.server.impl.RaftServerJmxAdapter as Ratis:service=RaftServer,group=group-90A7926D173C,id=8a0fa2ff-b550-4652-b2fe-0cf91cd4a157
2025-10-16 19:47:28,805 [8a0fa2ff-b550-4652-b2fe-0cf91cd4a157-groupManagement] INFO  server.RaftServer$Division (RaftServerImpl.java:start(419)) - 8a0fa2ff-b550-4652-b2fe-0cf91cd4a157@group-90A7926D173C: Successfully started.
2025-10-16 19:47:28,805 [8a0fa2ff-b550-4652-b2fe-0cf91cd4a157-CreatePipelineCommandHandlerThread-0] INFO  ratis.XceiverServerRatis (XceiverServerRatis.java:addGroup(839)) - Created group Pipeline-2fe8678b-8097-49d9-a565-90a7926d173c
2025-10-16 19:47:28,805 [8a0fa2ff-b550-4652-b2fe-0cf91cd4a157-CreatePipelineCommandHandlerThread-0] INFO  commandhandler.CreatePipelineCommandHandler (CreatePipelineCommandHandler.java:lambda$handle$2(141)) - Created Pipeline RATIS ONE Pipeline-2fe8678b-8097-49d9-a565-90a7926d173c.
2025-10-16 19:47:28,868 | INFO  | SCMAudit | user=runner | ip=127.0.0.1 | op=SEND_HEARTBEAT {"datanodeUUID":"c0724e9c-0dd4-4d47-992c-7bfe285fdd38","term":"2","command":"[]"} | ret=SUCCESS |  
2025-10-16 19:47:28,895 [58cff6b7-b2a7-446b-a75a-bb98ad6b11b8@group-CE465BB6E67C-FollowerState] INFO  impl.FollowerState (FollowerState.java:runImpl(161)) - 58cff6b7-b2a7-446b-a75a-bb98ad6b11b8@group-CE465BB6E67C-FollowerState: change to CANDIDATE, lastRpcElapsedTime:1142365347ns, electionTimeout:1141ms
2025-10-16 19:47:28,896 [58cff6b7-b2a7-446b-a75a-bb98ad6b11b8@group-CE465BB6E67C-FollowerState] INFO  impl.RoleInfo (RoleInfo.java:shutdownFollowerState(121)) - 58cff6b7-b2a7-446b-a75a-bb98ad6b11b8: shutdown 58cff6b7-b2a7-446b-a75a-bb98ad6b11b8@group-CE465BB6E67C-FollowerState
2025-10-16 19:47:28,896 [58cff6b7-b2a7-446b-a75a-bb98ad6b11b8@group-CE465BB6E67C-FollowerState] INFO  server.RaftServer$Division (RaftServerImpl.java:setRole(392)) - 58cff6b7-b2a7-446b-a75a-bb98ad6b11b8@group-CE465BB6E67C: changes role from  FOLLOWER to CANDIDATE at term 0 for changeToCandidate
2025-10-16 19:47:28,896 [58cff6b7-b2a7-446b-a75a-bb98ad6b11b8@group-CE465BB6E67C-FollowerState] INFO  impl.RoleInfo (RoleInfo.java:updateAndGet(148)) - 58cff6b7-b2a7-446b-a75a-bb98ad6b11b8: start 58cff6b7-b2a7-446b-a75a-bb98ad6b11b8@group-CE465BB6E67C-LeaderElection16
2025-10-16 19:47:28,896 [58cff6b7-b2a7-446b-a75a-bb98ad6b11b8@group-CE465BB6E67C-LeaderElection16] INFO  impl.LeaderElection (LeaderElection.java:askForVotes(448)) - 58cff6b7-b2a7-446b-a75a-bb98ad6b11b8@group-CE465BB6E67C-LeaderElection16 PRE_VOTE round 0: submit vote requests at term 0 for conf: {index: -1, cur=peers:[58cff6b7-b2a7-446b-a75a-bb98ad6b11b8|127.0.0.1:15047]|listeners:[], old=null}
2025-10-16 19:47:28,896 [58cff6b7-b2a7-446b-a75a-bb98ad6b11b8@group-CE465BB6E67C-LeaderElection16] INFO  impl.LeaderElection (LeaderElection.java:askForVotes(450)) - 58cff6b7-b2a7-446b-a75a-bb98ad6b11b8@group-CE465BB6E67C-LeaderElection16 PRE_VOTE round 0: result PASSED (term=0)
2025-10-16 19:47:28,898 [58cff6b7-b2a7-446b-a75a-bb98ad6b11b8@group-CE465BB6E67C-LeaderElection16] INFO  impl.LeaderElection (LeaderElection.java:askForVotes(448)) - 58cff6b7-b2a7-446b-a75a-bb98ad6b11b8@group-CE465BB6E67C-LeaderElection16 ELECTION round 0: submit vote requests at term 1 for conf: {index: -1, cur=peers:[58cff6b7-b2a7-446b-a75a-bb98ad6b11b8|127.0.0.1:15047]|listeners:[], old=null}
2025-10-16 19:47:28,898 [58cff6b7-b2a7-446b-a75a-bb98ad6b11b8@group-CE465BB6E67C-LeaderElection16] INFO  impl.LeaderElection (LeaderElection.java:askForVotes(450)) - 58cff6b7-b2a7-446b-a75a-bb98ad6b11b8@group-CE465BB6E67C-LeaderElection16 ELECTION round 0: result PASSED (term=1)
2025-10-16 19:47:28,898 [58cff6b7-b2a7-446b-a75a-bb98ad6b11b8@group-CE465BB6E67C-LeaderElection16] INFO  impl.RoleInfo (RoleInfo.java:shutdownLeaderElection(141)) - 58cff6b7-b2a7-446b-a75a-bb98ad6b11b8: shutdown 58cff6b7-b2a7-446b-a75a-bb98ad6b11b8@group-CE465BB6E67C-LeaderElection16
2025-10-16 19:47:28,898 [58cff6b7-b2a7-446b-a75a-bb98ad6b11b8@group-CE465BB6E67C-LeaderElection16] INFO  server.RaftServer$Division (RaftServerImpl.java:setRole(392)) - 58cff6b7-b2a7-446b-a75a-bb98ad6b11b8@group-CE465BB6E67C: changes role from CANDIDATE to LEADER at term 1 for changeToLeader
2025-10-16 19:47:28,898 [58cff6b7-b2a7-446b-a75a-bb98ad6b11b8@group-CE465BB6E67C-LeaderElection16] INFO  server.RaftServerConfigKeys (ConfUtils.java:logFallback(69)) - raft.server.staging.timeout = 15600ms (fallback to raft.server.rpc.timeout.max)
2025-10-16 19:47:28,898 [58cff6b7-b2a7-446b-a75a-bb98ad6b11b8@group-CE465BB6E67C-LeaderElection16] INFO  server.RaftServerConfigKeys (ConfUtils.java:logGet(62)) - raft.server.write.byte-limit = 1024 M (=1073741824) (custom)
2025-10-16 19:47:28,899 [58cff6b7-b2a7-446b-a75a-bb98ad6b11b8@group-CE465BB6E67C-LeaderElection16] INFO  impl.RoleInfo (RoleInfo.java:updateAndGet(148)) - 58cff6b7-b2a7-446b-a75a-bb98ad6b11b8: start 58cff6b7-b2a7-446b-a75a-bb98ad6b11b8@group-CE465BB6E67C-LeaderStateImpl
2025-10-16 19:47:28,899 [58cff6b7-b2a7-446b-a75a-bb98ad6b11b8@group-CE465BB6E67C-LeaderElection16] INFO  server.RaftServer$Division (RaftServerImpl.java:setFirstElection(576)) - 58cff6b7-b2a7-446b-a75a-bb98ad6b11b8@group-CE465BB6E67C: set firstElectionSinceStartup to false for becomeLeader
2025-10-16 19:47:28,899 [58cff6b7-b2a7-446b-a75a-bb98ad6b11b8@group-CE465BB6E67C-LeaderElection16] INFO  ratis.XceiverServerRatis (XceiverServerRatis.java:handleLeaderChangedNotification(940)) - Leader change notification received for group: group-CE465BB6E67C with new leaderId: 58cff6b7-b2a7-446b-a75a-bb98ad6b11b8
2025-10-16 19:47:28,900 [58cff6b7-b2a7-446b-a75a-bb98ad6b11b8@group-CE465BB6E67C-LeaderElection16] INFO  server.RaftServer$Division (ServerState.java:setLeader(272)) - 58cff6b7-b2a7-446b-a75a-bb98ad6b11b8@group-CE465BB6E67C: change Leader from null to 58cff6b7-b2a7-446b-a75a-bb98ad6b11b8 at term 1 for becomeLeader, leader elected after 1168ms
2025-10-16 19:47:28,900 [58cff6b7-b2a7-446b-a75a-bb98ad6b11b8@group-CE465BB6E67C-LeaderElection16] INFO  segmented.SegmentedRaftLogWorker (SegmentedRaftLogWorker.java:startLogSegment(440)) - 58cff6b7-b2a7-446b-a75a-bb98ad6b11b8@group-CE465BB6E67C-SegmentedRaftLogWorker: Starting segment from index:0
2025-10-16 19:47:28,900 [58cff6b7-b2a7-446b-a75a-bb98ad6b11b8@group-CE465BB6E67C-SegmentedRaftLogWorker] INFO  segmented.BufferedWriteChannel (BufferedWriteChannel.java:open(61)) - open log_inprogress_0 at position 0
2025-10-16 19:47:28,904 | INFO  | SCMAudit | user=runner | ip=127.0.0.1 | op=SEND_HEARTBEAT {"datanodeUUID":"58cff6b7-b2a7-446b-a75a-bb98ad6b11b8","term":"2","command":"[]"} | ret=SUCCESS |  
2025-10-16 19:47:28,904 [58cff6b7-b2a7-446b-a75a-bb98ad6b11b8@group-CE465BB6E67C-LeaderElection16] INFO  server.RaftServer$Division (ServerState.java:setRaftConf(386)) - 58cff6b7-b2a7-446b-a75a-bb98ad6b11b8@group-CE465BB6E67C: set configuration conf: {index: 0, cur=peers:[58cff6b7-b2a7-446b-a75a-bb98ad6b11b8|127.0.0.1:15047]|listeners:[], old=null}
2025-10-16 19:47:28,903 | INFO  | SCMAudit | user=runner | ip=127.0.0.1 | op=SEND_HEARTBEAT {"datanodeUUID":"f700af26-0e26-4136-9205-9509c82c8c70","term":"2","command":"[]"} | ret=SUCCESS |  
2025-10-16 19:47:28,910 [58cff6b7-b2a7-446b-a75a-bb98ad6b11b8@group-CE465BB6E67C-SegmentedRaftLogWorker] INFO  segmented.SegmentedRaftLogWorker (SegmentedRaftLogWorker.java:execute(647)) - 58cff6b7-b2a7-446b-a75a-bb98ad6b11b8@group-CE465BB6E67C-SegmentedRaftLogWorker: created new log segment /home/runner/work/ozone/ozone/hadoop-ozone/integration-test/target/test-dir/MiniOzoneClusterImpl-e7911277-7775-4457-96c8-94071a26a1ce/ozone-metadata/datanode-5/ratis/3fa565e2-b63b-437f-88a9-ce465bb6e67c/current/log_inprogress_0
2025-10-16 19:47:28,915 [58cff6b7-b2a7-446b-a75a-bb98ad6b11b8@group-CE465BB6E67C-StateMachineUpdater] INFO  server.RaftServer$Division (LeaderStateImpl.java:checkStartIndex(309)) - Leader 58cff6b7-b2a7-446b-a75a-bb98ad6b11b8@group-CE465BB6E67C-LeaderStateImpl is ready since appliedIndex == startIndex == 0
2025-10-16 19:47:29,009 | INFO  | SCMAudit | user=runner | ip=127.0.0.1 | op=SEND_HEARTBEAT {"datanodeUUID":"0428ab3f-efd5-438e-ae11-9ec242443260","term":"2","command":"[]"} | ret=SUCCESS |  
2025-10-16 19:47:29,030 | INFO  | SCMAudit | user=runner | ip=127.0.0.1 | op=SEND_HEARTBEAT {"datanodeUUID":"0e8b6cc7-9945-4141-97fc-6aa017a0d5fa","term":"2","command":"[]"} | ret=SUCCESS |  
2025-10-16 19:47:29,032 [0e8b6cc7-9945-4141-97fc-6aa017a0d5fa-CreatePipelineCommandHandlerThread-0] INFO  server.RaftServer (RaftServerProxy.java:addNew(105)) - 0e8b6cc7-9945-4141-97fc-6aa017a0d5fa: addNew group-8DFAECDE7329:[0e8b6cc7-9945-4141-97fc-6aa017a0d5fa|127.0.0.1:15087] returns group-8DFAECDE7329:java.util.concurrent.CompletableFuture@2b427a37[Not completed]
2025-10-16 19:47:29,033 [0e8b6cc7-9945-4141-97fc-6aa017a0d5fa-groupManagement] INFO  server.RaftServer$Division (RaftServerImpl.java:<init>(268)) - 0e8b6cc7-9945-4141-97fc-6aa017a0d5fa: new RaftServerImpl for group-8DFAECDE7329:[0e8b6cc7-9945-4141-97fc-6aa017a0d5fa|127.0.0.1:15087] with ContainerStateMachine:uninitialized
2025-10-16 19:47:29,033 [0e8b6cc7-9945-4141-97fc-6aa017a0d5fa-groupManagement] INFO  server.RaftServer$Division (ServerState.java:<init>(114)) - 0e8b6cc7-9945-4141-97fc-6aa017a0d5fa@group-8DFAECDE7329: ConfigurationManager, init=conf: {index: -1, cur=peers:[0e8b6cc7-9945-4141-97fc-6aa017a0d5fa|127.0.0.1:15087]|listeners:[], old=null}, confs=<EMPTY_MAP>
2025-10-16 19:47:29,039 [0e8b6cc7-9945-4141-97fc-6aa017a0d5fa-groupManagement] INFO  server.RaftServerConfigKeys (ConfUtils.java:logGet(62)) - raft.server.storage.dir = [/home/runner/work/ozone/ozone/hadoop-ozone/integration-test/target/test-dir/MiniOzoneClusterImpl-e7911277-7775-4457-96c8-94071a26a1ce/ozone-metadata/datanode-10/ratis] (custom)
2025-10-16 19:47:29,039 [0e8b6cc7-9945-4141-97fc-6aa017a0d5fa-groupManagement] INFO  storage.RaftStorageDirectory (RaftStorageDirectoryImpl.java:analyzeStorage(138)) - The storage directory /home/runner/work/ozone/ozone/hadoop-ozone/integration-test/target/test-dir/MiniOzoneClusterImpl-e7911277-7775-4457-96c8-94071a26a1ce/ozone-metadata/datanode-10/ratis/92ea35ee-dd22-44d3-934b-8dfaecde7329 does not exist. Creating ...
2025-10-16 19:47:29,040 [0e8b6cc7-9945-4141-97fc-6aa017a0d5fa-groupManagement] INFO  storage.RaftStorageDirectory (RaftStorageDirectoryImpl.java:tryLock(229)) - Lock on /home/runner/work/ozone/ozone/hadoop-ozone/integration-test/target/test-dir/MiniOzoneClusterImpl-e7911277-7775-4457-96c8-94071a26a1ce/ozone-metadata/datanode-10/ratis/92ea35ee-dd22-44d3-934b-8dfaecde7329/in_use.lock acquired by nodename 40995@localhost
2025-10-16 19:47:29,041 [0e8b6cc7-9945-4141-97fc-6aa017a0d5fa-groupManagement] INFO  storage.RaftStorage (RaftStorageImpl.java:format(98)) - Storage directory /home/runner/work/ozone/ozone/hadoop-ozone/integration-test/target/test-dir/MiniOzoneClusterImpl-e7911277-7775-4457-96c8-94071a26a1ce/ozone-metadata/datanode-10/ratis/92ea35ee-dd22-44d3-934b-8dfaecde7329 has been successfully formatted.
2025-10-16 19:47:29,042 [0e8b6cc7-9945-4141-97fc-6aa017a0d5fa-groupManagement] INFO  ratis.ContainerStateMachine (ContainerStateMachine.java:initialize(339)) - 0e8b6cc7-9945-4141-97fc-6aa017a0d5fa: initialize group-8DFAECDE7329
2025-10-16 19:47:29,042 [0e8b6cc7-9945-4141-97fc-6aa017a0d5fa-groupManagement] INFO  ratis.ContainerStateMachine (ContainerStateMachine.java:loadSnapshot(347)) - group-8DFAECDE7329: The snapshot info is null. Setting the last applied index to:<INITIAL_VALUE>
2025-10-16 19:47:29,042 [0e8b6cc7-9945-4141-97fc-6aa017a0d5fa-groupManagement] INFO  server.RaftServerConfigKeys (ConfUtils.java:logGet(62)) - raft.server.log.appender.buffer.byte-limit = 33554432 (custom)
2025-10-16 19:47:29,044 [0e8b6cc7-9945-4141-97fc-6aa017a0d5fa-groupManagement] INFO  server.RaftServerConfigKeys (ConfUtils.java:logGet(62)) - raft.server.log.segment.size.max = 67108864 (custom)
2025-10-16 19:47:29,045 [0e8b6cc7-9945-4141-97fc-6aa017a0d5fa-groupManagement] INFO  server.RaftServerConfigKeys (ConfUtils.java:logGet(62)) - raft.server.log.appender.buffer.byte-limit = 33554432 (custom)
2025-10-16 19:47:29,045 | INFO  | SCMAudit | user=runner | ip=127.0.0.1 | op=SEND_HEARTBEAT {"datanodeUUID":"0e8b6cc7-9945-4141-97fc-6aa017a0d5fa","term":"2","command":"[]"} | ret=SUCCESS |  
2025-10-16 19:47:29,047 [0e8b6cc7-9945-4141-97fc-6aa017a0d5fa-groupManagement] INFO  util.AwaitToRun (AwaitToRun.java:start(81)) - Thread[#1715,0e8b6cc7-9945-4141-97fc-6aa017a0d5fa@group-8DFAECDE7329-cacheEviction-AwaitToRun,5,main] started
2025-10-16 19:47:29,047 [0e8b6cc7-9945-4141-97fc-6aa017a0d5fa-groupManagement] INFO  segmented.SegmentedRaftLogWorker (SegmentedRaftLogWorker.java:<init>(190)) - new 0e8b6cc7-9945-4141-97fc-6aa017a0d5fa@group-8DFAECDE7329-SegmentedRaftLogWorker for RaftStorageImpl:Storage Directory /home/runner/work/ozone/ozone/hadoop-ozone/integration-test/target/test-dir/MiniOzoneClusterImpl-e7911277-7775-4457-96c8-94071a26a1ce/ozone-metadata/datanode-10/ratis/92ea35ee-dd22-44d3-934b-8dfaecde7329
2025-10-16 19:47:29,047 [0e8b6cc7-9945-4141-97fc-6aa017a0d5fa-groupManagement] INFO  server.RaftServerConfigKeys (ConfUtils.java:logGet(62)) - raft.server.log.queue.byte-limit = 4294967296 (custom)
2025-10-16 19:47:29,047 [0e8b6cc7-9945-4141-97fc-6aa017a0d5fa-groupManagement] INFO  server.RaftServerConfigKeys (ConfUtils.java:logGet(62)) - raft.server.log.segment.size.max = 67108864 (custom)
2025-10-16 19:47:29,048 [0e8b6cc7-9945-4141-97fc-6aa017a0d5fa-groupManagement] INFO  server.RaftServerConfigKeys (ConfUtils.java:logGet(62)) - raft.server.log.preallocated.size = 4194304 (custom)
2025-10-16 19:47:29,048 [0e8b6cc7-9945-4141-97fc-6aa017a0d5fa-groupManagement] INFO  server.RaftServerConfigKeys (ConfUtils.java:logGet(62)) - raft.server.log.write.buffer.size = 33554440 (custom)
2025-10-16 19:47:29,052 [EventQueue-PipelineReportForPipelineReportHandler] INFO  pipeline.PipelineReportHandler (PipelineReportHandler.java:processPipelineReport(132)) - Opened pipeline Pipeline-92ea35ee-dd22-44d3-934b-8dfaecde7329
2025-10-16 19:47:29,057 [0e8b6cc7-9945-4141-97fc-6aa017a0d5fa-groupManagement] INFO  server.RaftServerConfigKeys (ConfUtils.java:logGet(62)) - raft.server.log.appender.buffer.byte-limit = 33554432 (custom)
2025-10-16 19:47:29,058 [0e8b6cc7-9945-4141-97fc-6aa017a0d5fa-groupManagement] INFO  segmented.SegmentedRaftLogWorker (SegmentedRaftLogWorker.java:lambda$new$0(141)) - 0e8b6cc7-9945-4141-97fc-6aa017a0d5fa@group-8DFAECDE7329-SegmentedRaftLogWorker: flushIndex: setUnconditionally 0 -> -1
2025-10-16 19:47:29,058 [0e8b6cc7-9945-4141-97fc-6aa017a0d5fa-groupManagement] INFO  segmented.SegmentedRaftLogWorker (SegmentedRaftLogWorker.java:lambda$new$0(141)) - 0e8b6cc7-9945-4141-97fc-6aa017a0d5fa@group-8DFAECDE7329-SegmentedRaftLogWorker: safeCacheEvictIndex: setUnconditionally 0 -> -1
2025-10-16 19:47:29,059 [0e8b6cc7-9945-4141-97fc-6aa017a0d5fa-groupManagement] INFO  server.RaftServer$Division (RaftServerImpl.java:start(405)) - 0e8b6cc7-9945-4141-97fc-6aa017a0d5fa@group-8DFAECDE7329: start as a follower, conf=conf: {index: -1, cur=peers:[0e8b6cc7-9945-4141-97fc-6aa017a0d5fa|127.0.0.1:15087]|listeners:[], old=null}
2025-10-16 19:47:29,059 [0e8b6cc7-9945-4141-97fc-6aa017a0d5fa-groupManagement] INFO  server.RaftServer$Division (RaftServerImpl.java:setRole(392)) - 0e8b6cc7-9945-4141-97fc-6aa017a0d5fa@group-8DFAECDE7329: changes role from      null to FOLLOWER at term 0 for startAsFollower
2025-10-16 19:47:29,059 [0e8b6cc7-9945-4141-97fc-6aa017a0d5fa-groupManagement] INFO  impl.RoleInfo (RoleInfo.java:updateAndGet(148)) - 0e8b6cc7-9945-4141-97fc-6aa017a0d5fa: start 0e8b6cc7-9945-4141-97fc-6aa017a0d5fa@group-8DFAECDE7329-FollowerState
2025-10-16 19:47:29,061 [0e8b6cc7-9945-4141-97fc-6aa017a0d5fa-groupManagement] INFO  util.JmxRegister (JmxRegister.java:tryRegister(44)) - Successfully registered JMX Bean with object name Ratis:service=RaftServer,group=group-8DFAECDE7329,id=0e8b6cc7-9945-4141-97fc-6aa017a0d5fa
2025-10-16 19:47:29,061 [0e8b6cc7-9945-4141-97fc-6aa017a0d5fa-groupManagement] INFO  util.JmxRegister (JmxRegister.java:register(58)) - register mxBean class org.apache.ratis.server.impl.RaftServerJmxAdapter as Ratis:service=RaftServer,group=group-8DFAECDE7329,id=0e8b6cc7-9945-4141-97fc-6aa017a0d5fa
2025-10-16 19:47:29,062 [0e8b6cc7-9945-4141-97fc-6aa017a0d5fa-groupManagement] INFO  server.RaftServer$Division (RaftServerImpl.java:start(419)) - 0e8b6cc7-9945-4141-97fc-6aa017a0d5fa@group-8DFAECDE7329: Successfully started.
2025-10-16 19:47:29,063 [0e8b6cc7-9945-4141-97fc-6aa017a0d5fa-CreatePipelineCommandHandlerThread-0] INFO  ratis.XceiverServerRatis (XceiverServerRatis.java:addGroup(839)) - Created group Pipeline-92ea35ee-dd22-44d3-934b-8dfaecde7329
2025-10-16 19:47:29,063 [0e8b6cc7-9945-4141-97fc-6aa017a0d5fa-CreatePipelineCommandHandlerThread-0] INFO  commandhandler.CreatePipelineCommandHandler (CreatePipelineCommandHandler.java:lambda$handle$2(141)) - Created Pipeline RATIS ONE Pipeline-92ea35ee-dd22-44d3-934b-8dfaecde7329.
2025-10-16 19:47:29,063 [0e8b6cc7-9945-4141-97fc-6aa017a0d5fa-CreatePipelineCommandHandlerThread-0] INFO  server.RaftServer (RaftServerProxy.java:addNew(105)) - 0e8b6cc7-9945-4141-97fc-6aa017a0d5fa: addNew group-6CA5F15A0415:[0e8b6cc7-9945-4141-97fc-6aa017a0d5fa|127.0.0.1:15087, 702cb173-5c73-4ecc-b5cd-c7b4a6b66aea|127.0.0.1:15095, e33e6ec4-6b66-4281-bedd-2bd75bd30070|127.0.0.1:15103] returns group-6CA5F15A0415:java.util.concurrent.CompletableFuture@b4d9a7e[Not completed]
2025-10-16 19:47:29,067 [0e8b6cc7-9945-4141-97fc-6aa017a0d5fa-groupManagement] INFO  server.RaftServer$Division (RaftServerImpl.java:<init>(268)) - 0e8b6cc7-9945-4141-97fc-6aa017a0d5fa: new RaftServerImpl for group-6CA5F15A0415:[0e8b6cc7-9945-4141-97fc-6aa017a0d5fa|127.0.0.1:15087, 702cb173-5c73-4ecc-b5cd-c7b4a6b66aea|127.0.0.1:15095, e33e6ec4-6b66-4281-bedd-2bd75bd30070|127.0.0.1:15103] with ContainerStateMachine:uninitialized
2025-10-16 19:47:29,067 [0e8b6cc7-9945-4141-97fc-6aa017a0d5fa-groupManagement] INFO  server.RaftServer$Division (ServerState.java:<init>(114)) - 0e8b6cc7-9945-4141-97fc-6aa017a0d5fa@group-6CA5F15A0415: ConfigurationManager, init=conf: {index: -1, cur=peers:[0e8b6cc7-9945-4141-97fc-6aa017a0d5fa|127.0.0.1:15087, 702cb173-5c73-4ecc-b5cd-c7b4a6b66aea|127.0.0.1:15095, e33e6ec4-6b66-4281-bedd-2bd75bd30070|127.0.0.1:15103]|listeners:[], old=null}, confs=<EMPTY_MAP>
2025-10-16 19:47:29,072 [0e8b6cc7-9945-4141-97fc-6aa017a0d5fa-groupManagement] INFO  storage.RaftStorageDirectory (RaftStorageDirectoryImpl.java:analyzeStorage(138)) - The storage directory /home/runner/work/ozone/ozone/hadoop-ozone/integration-test/target/test-dir/MiniOzoneClusterImpl-e7911277-7775-4457-96c8-94071a26a1ce/ozone-metadata/datanode-10/ratis/a6d455ad-cb8f-42d4-aaf7-6ca5f15a0415 does not exist. Creating ...
2025-10-16 19:47:29,075 [0e8b6cc7-9945-4141-97fc-6aa017a0d5fa-groupManagement] INFO  storage.RaftStorageDirectory (RaftStorageDirectoryImpl.java:tryLock(229)) - Lock on /home/runner/work/ozone/ozone/hadoop-ozone/integration-test/target/test-dir/MiniOzoneClusterImpl-e7911277-7775-4457-96c8-94071a26a1ce/ozone-metadata/datanode-10/ratis/a6d455ad-cb8f-42d4-aaf7-6ca5f15a0415/in_use.lock acquired by nodename 40995@localhost
2025-10-16 19:47:29,077 [0e8b6cc7-9945-4141-97fc-6aa017a0d5fa-groupManagement] INFO  storage.RaftStorage (RaftStorageImpl.java:format(98)) - Storage directory /home/runner/work/ozone/ozone/hadoop-ozone/integration-test/target/test-dir/MiniOzoneClusterImpl-e7911277-7775-4457-96c8-94071a26a1ce/ozone-metadata/datanode-10/ratis/a6d455ad-cb8f-42d4-aaf7-6ca5f15a0415 has been successfully formatted.
2025-10-16 19:47:29,078 [0e8b6cc7-9945-4141-97fc-6aa017a0d5fa-groupManagement] INFO  ratis.ContainerStateMachine (ContainerStateMachine.java:initialize(339)) - 0e8b6cc7-9945-4141-97fc-6aa017a0d5fa: initialize group-6CA5F15A0415
2025-10-16 19:47:29,078 [0e8b6cc7-9945-4141-97fc-6aa017a0d5fa-groupManagement] INFO  ratis.ContainerStateMachine (ContainerStateMachine.java:loadSnapshot(347)) - group-6CA5F15A0415: The snapshot info is null. Setting the last applied index to:<INITIAL_VALUE>
2025-10-16 19:47:29,079 [0e8b6cc7-9945-4141-97fc-6aa017a0d5fa-groupManagement] INFO  server.RaftServerConfigKeys (ConfUtils.java:logGet(62)) - raft.server.log.appender.buffer.byte-limit = 33554432 (custom)
2025-10-16 19:47:29,081 | INFO  | SCMAudit | user=runner | ip=127.0.0.1 | op=SEND_HEARTBEAT {"datanodeUUID":"0e8b6cc7-9945-4141-97fc-6aa017a0d5fa","term":"2","command":"[]"} | ret=SUCCESS |  
2025-10-16 19:47:29,082 [0e8b6cc7-9945-4141-97fc-6aa017a0d5fa-groupManagement] INFO  server.RaftServerConfigKeys (ConfUtils.java:logGet(62)) - raft.server.log.segment.size.max = 67108864 (custom)
2025-10-16 19:47:29,082 [0e8b6cc7-9945-4141-97fc-6aa017a0d5fa-groupManagement] INFO  server.RaftServerConfigKeys (ConfUtils.java:logGet(62)) - raft.server.log.appender.buffer.byte-limit = 33554432 (custom)
2025-10-16 19:47:29,083 [0e8b6cc7-9945-4141-97fc-6aa017a0d5fa-groupManagement] INFO  util.AwaitToRun (AwaitToRun.java:start(81)) - Thread[#1719,0e8b6cc7-9945-4141-97fc-6aa017a0d5fa@group-6CA5F15A0415-cacheEviction-AwaitToRun,5,main] started
2025-10-16 19:47:29,084 [0e8b6cc7-9945-4141-97fc-6aa017a0d5fa-groupManagement] INFO  segmented.SegmentedRaftLogWorker (SegmentedRaftLogWorker.java:<init>(190)) - new 0e8b6cc7-9945-4141-97fc-6aa017a0d5fa@group-6CA5F15A0415-SegmentedRaftLogWorker for RaftStorageImpl:Storage Directory /home/runner/work/ozone/ozone/hadoop-ozone/integration-test/target/test-dir/MiniOzoneClusterImpl-e7911277-7775-4457-96c8-94071a26a1ce/ozone-metadata/datanode-10/ratis/a6d455ad-cb8f-42d4-aaf7-6ca5f15a0415
2025-10-16 19:47:29,084 [0e8b6cc7-9945-4141-97fc-6aa017a0d5fa-groupManagement] INFO  server.RaftServerConfigKeys (ConfUtils.java:logGet(62)) - raft.server.log.queue.byte-limit = 4294967296 (custom)
2025-10-16 19:47:29,084 [0e8b6cc7-9945-4141-97fc-6aa017a0d5fa-groupManagement] INFO  server.RaftServerConfigKeys (ConfUtils.java:logGet(62)) - raft.server.log.segment.size.max = 67108864 (custom)
2025-10-16 19:47:29,085 [0e8b6cc7-9945-4141-97fc-6aa017a0d5fa-groupManagement] INFO  server.RaftServerConfigKeys (ConfUtils.java:logGet(62)) - raft.server.log.preallocated.size = 4194304 (custom)
2025-10-16 19:47:29,086 [0e8b6cc7-9945-4141-97fc-6aa017a0d5fa-groupManagement] INFO  server.RaftServerConfigKeys (ConfUtils.java:logGet(62)) - raft.server.log.write.buffer.size = 33554440 (custom)
2025-10-16 19:47:29,091 [0e8b6cc7-9945-4141-97fc-6aa017a0d5fa-groupManagement] INFO  server.RaftServerConfigKeys (ConfUtils.java:logGet(62)) - raft.server.log.appender.buffer.byte-limit = 33554432 (custom)
2025-10-16 19:47:29,091 [0e8b6cc7-9945-4141-97fc-6aa017a0d5fa-groupManagement] INFO  segmented.SegmentedRaftLogWorker (SegmentedRaftLogWorker.java:lambda$new$0(141)) - 0e8b6cc7-9945-4141-97fc-6aa017a0d5fa@group-6CA5F15A0415-SegmentedRaftLogWorker: flushIndex: setUnconditionally 0 -> -1
2025-10-16 19:47:29,091 [0e8b6cc7-9945-4141-97fc-6aa017a0d5fa-groupManagement] INFO  segmented.SegmentedRaftLogWorker (SegmentedRaftLogWorker.java:lambda$new$0(141)) - 0e8b6cc7-9945-4141-97fc-6aa017a0d5fa@group-6CA5F15A0415-SegmentedRaftLogWorker: safeCacheEvictIndex: setUnconditionally 0 -> -1
2025-10-16 19:47:29,092 [0e8b6cc7-9945-4141-97fc-6aa017a0d5fa-groupManagement] INFO  server.RaftServer$Division (RaftServerImpl.java:start(405)) - 0e8b6cc7-9945-4141-97fc-6aa017a0d5fa@group-6CA5F15A0415: start as a follower, conf=conf: {index: -1, cur=peers:[0e8b6cc7-9945-4141-97fc-6aa017a0d5fa|127.0.0.1:15087, 702cb173-5c73-4ecc-b5cd-c7b4a6b66aea|127.0.0.1:15095, e33e6ec4-6b66-4281-bedd-2bd75bd30070|127.0.0.1:15103]|listeners:[], old=null}
2025-10-16 19:47:29,092 [0e8b6cc7-9945-4141-97fc-6aa017a0d5fa-groupManagement] INFO  server.RaftServer$Division (RaftServerImpl.java:setRole(392)) - 0e8b6cc7-9945-4141-97fc-6aa017a0d5fa@group-6CA5F15A0415: changes role from      null to FOLLOWER at term 0 for startAsFollower
2025-10-16 19:47:29,092 [0e8b6cc7-9945-4141-97fc-6aa017a0d5fa-groupManagement] INFO  impl.RoleInfo (RoleInfo.java:updateAndGet(148)) - 0e8b6cc7-9945-4141-97fc-6aa017a0d5fa: start 0e8b6cc7-9945-4141-97fc-6aa017a0d5fa@group-6CA5F15A0415-FollowerState
2025-10-16 19:47:29,093 [0e8b6cc7-9945-4141-97fc-6aa017a0d5fa-groupManagement] INFO  util.JmxRegister (JmxRegister.java:tryRegister(44)) - Successfully registered JMX Bean with object name Ratis:service=RaftServer,group=group-6CA5F15A0415,id=0e8b6cc7-9945-4141-97fc-6aa017a0d5fa
2025-10-16 19:47:29,093 [0e8b6cc7-9945-4141-97fc-6aa017a0d5fa-groupManagement] INFO  util.JmxRegister (JmxRegister.java:register(58)) - register mxBean class org.apache.ratis.server.impl.RaftServerJmxAdapter as Ratis:service=RaftServer,group=group-6CA5F15A0415,id=0e8b6cc7-9945-4141-97fc-6aa017a0d5fa
2025-10-16 19:47:29,094 [0e8b6cc7-9945-4141-97fc-6aa017a0d5fa-groupManagement] INFO  server.RaftServer$Division (RaftServerImpl.java:start(419)) - 0e8b6cc7-9945-4141-97fc-6aa017a0d5fa@group-6CA5F15A0415: Successfully started.
2025-10-16 19:47:29,095 [0e8b6cc7-9945-4141-97fc-6aa017a0d5fa-CreatePipelineCommandHandlerThread-0] INFO  ratis.XceiverServerRatis (XceiverServerRatis.java:addGroup(839)) - Created group Pipeline-a6d455ad-cb8f-42d4-aaf7-6ca5f15a0415
2025-10-16 19:47:29,106 [702cb173-5c73-4ecc-b5cd-c7b4a6b66aea-groupManagement] INFO  server.RaftServer$Division (RaftServerImpl.java:<init>(268)) - 702cb173-5c73-4ecc-b5cd-c7b4a6b66aea: new RaftServerImpl for group-6CA5F15A0415:[0e8b6cc7-9945-4141-97fc-6aa017a0d5fa|127.0.0.1:15087, 702cb173-5c73-4ecc-b5cd-c7b4a6b66aea|127.0.0.1:15095, e33e6ec4-6b66-4281-bedd-2bd75bd30070|127.0.0.1:15103] with ContainerStateMachine:uninitialized
2025-10-16 19:47:29,107 [702cb173-5c73-4ecc-b5cd-c7b4a6b66aea-groupManagement] INFO  server.RaftServer$Division (ServerState.java:<init>(114)) - 702cb173-5c73-4ecc-b5cd-c7b4a6b66aea@group-6CA5F15A0415: ConfigurationManager, init=conf: {index: -1, cur=peers:[0e8b6cc7-9945-4141-97fc-6aa017a0d5fa|127.0.0.1:15087, 702cb173-5c73-4ecc-b5cd-c7b4a6b66aea|127.0.0.1:15095, e33e6ec4-6b66-4281-bedd-2bd75bd30070|127.0.0.1:15103]|listeners:[], old=null}, confs=<EMPTY_MAP>
2025-10-16 19:47:29,107 [grpc-default-executor-2] INFO  server.RaftServer (RaftServerProxy.java:addNew(105)) - 702cb173-5c73-4ecc-b5cd-c7b4a6b66aea: addNew group-6CA5F15A0415:[0e8b6cc7-9945-4141-97fc-6aa017a0d5fa|127.0.0.1:15087, 702cb173-5c73-4ecc-b5cd-c7b4a6b66aea|127.0.0.1:15095, e33e6ec4-6b66-4281-bedd-2bd75bd30070|127.0.0.1:15103] returns group-6CA5F15A0415:java.util.concurrent.CompletableFuture@14085361[Not completed]
2025-10-16 19:47:29,112 [702cb173-5c73-4ecc-b5cd-c7b4a6b66aea-groupManagement] INFO  server.RaftServerConfigKeys (ConfUtils.java:logGet(62)) - raft.server.storage.dir = [/home/runner/work/ozone/ozone/hadoop-ozone/integration-test/target/test-dir/MiniOzoneClusterImpl-e7911277-7775-4457-96c8-94071a26a1ce/ozone-metadata/datanode-11/ratis] (custom)
2025-10-16 19:47:29,112 [702cb173-5c73-4ecc-b5cd-c7b4a6b66aea-groupManagement] INFO  storage.RaftStorageDirectory (RaftStorageDirectoryImpl.java:analyzeStorage(138)) - The storage directory /home/runner/work/ozone/ozone/hadoop-ozone/integration-test/target/test-dir/MiniOzoneClusterImpl-e7911277-7775-4457-96c8-94071a26a1ce/ozone-metadata/datanode-11/ratis/a6d455ad-cb8f-42d4-aaf7-6ca5f15a0415 does not exist. Creating ...
2025-10-16 19:47:29,114 [702cb173-5c73-4ecc-b5cd-c7b4a6b66aea-groupManagement] INFO  storage.RaftStorageDirectory (RaftStorageDirectoryImpl.java:tryLock(229)) - Lock on /home/runner/work/ozone/ozone/hadoop-ozone/integration-test/target/test-dir/MiniOzoneClusterImpl-e7911277-7775-4457-96c8-94071a26a1ce/ozone-metadata/datanode-11/ratis/a6d455ad-cb8f-42d4-aaf7-6ca5f15a0415/in_use.lock acquired by nodename 40995@localhost
2025-10-16 19:47:29,116 [702cb173-5c73-4ecc-b5cd-c7b4a6b66aea-groupManagement] INFO  storage.RaftStorage (RaftStorageImpl.java:format(98)) - Storage directory /home/runner/work/ozone/ozone/hadoop-ozone/integration-test/target/test-dir/MiniOzoneClusterImpl-e7911277-7775-4457-96c8-94071a26a1ce/ozone-metadata/datanode-11/ratis/a6d455ad-cb8f-42d4-aaf7-6ca5f15a0415 has been successfully formatted.
2025-10-16 19:47:29,116 [702cb173-5c73-4ecc-b5cd-c7b4a6b66aea-groupManagement] INFO  ratis.ContainerStateMachine (ContainerStateMachine.java:initialize(339)) - 702cb173-5c73-4ecc-b5cd-c7b4a6b66aea: initialize group-6CA5F15A0415
2025-10-16 19:47:29,117 [702cb173-5c73-4ecc-b5cd-c7b4a6b66aea-groupManagement] INFO  ratis.ContainerStateMachine (ContainerStateMachine.java:loadSnapshot(347)) - group-6CA5F15A0415: The snapshot info is null. Setting the last applied index to:<INITIAL_VALUE>
2025-10-16 19:47:29,118 [702cb173-5c73-4ecc-b5cd-c7b4a6b66aea-groupManagement] INFO  server.RaftServerConfigKeys (ConfUtils.java:logGet(62)) - raft.server.log.appender.buffer.byte-limit = 33554432 (custom)
2025-10-16 19:47:29,120 | INFO  | SCMAudit | user=runner | ip=127.0.0.1 | op=SEND_HEARTBEAT {"datanodeUUID":"702cb173-5c73-4ecc-b5cd-c7b4a6b66aea","term":"2","command":"[]"} | ret=SUCCESS |  
2025-10-16 19:47:29,122 [702cb173-5c73-4ecc-b5cd-c7b4a6b66aea-groupManagement] INFO  server.RaftServerConfigKeys (ConfUtils.java:logGet(62)) - raft.server.log.segment.size.max = 67108864 (custom)
2025-10-16 19:47:29,123 [702cb173-5c73-4ecc-b5cd-c7b4a6b66aea-groupManagement] INFO  server.RaftServerConfigKeys (ConfUtils.java:logGet(62)) - raft.server.log.appender.buffer.byte-limit = 33554432 (custom)
2025-10-16 19:47:29,124 [702cb173-5c73-4ecc-b5cd-c7b4a6b66aea-groupManagement] INFO  util.AwaitToRun (AwaitToRun.java:start(81)) - Thread[#1724,702cb173-5c73-4ecc-b5cd-c7b4a6b66aea@group-6CA5F15A0415-cacheEviction-AwaitToRun,5,main] started
2025-10-16 19:47:29,125 [702cb173-5c73-4ecc-b5cd-c7b4a6b66aea-groupManagement] INFO  segmented.SegmentedRaftLogWorker (SegmentedRaftLogWorker.java:<init>(190)) - new 702cb173-5c73-4ecc-b5cd-c7b4a6b66aea@group-6CA5F15A0415-SegmentedRaftLogWorker for RaftStorageImpl:Storage Directory /home/runner/work/ozone/ozone/hadoop-ozone/integration-test/target/test-dir/MiniOzoneClusterImpl-e7911277-7775-4457-96c8-94071a26a1ce/ozone-metadata/datanode-11/ratis/a6d455ad-cb8f-42d4-aaf7-6ca5f15a0415
2025-10-16 19:47:29,125 [702cb173-5c73-4ecc-b5cd-c7b4a6b66aea-groupManagement] INFO  server.RaftServerConfigKeys (ConfUtils.java:logGet(62)) - raft.server.log.queue.byte-limit = 4294967296 (custom)
2025-10-16 19:47:29,125 [702cb173-5c73-4ecc-b5cd-c7b4a6b66aea-groupManagement] INFO  server.RaftServerConfigKeys (ConfUtils.java:logGet(62)) - raft.server.log.segment.size.max = 67108864 (custom)
2025-10-16 19:47:29,125 [702cb173-5c73-4ecc-b5cd-c7b4a6b66aea-groupManagement] INFO  server.RaftServerConfigKeys (ConfUtils.java:logGet(62)) - raft.server.log.preallocated.size = 4194304 (custom)
2025-10-16 19:47:29,126 [702cb173-5c73-4ecc-b5cd-c7b4a6b66aea-groupManagement] INFO  server.RaftServerConfigKeys (ConfUtils.java:logGet(62)) - raft.server.log.write.buffer.size = 33554440 (custom)
2025-10-16 19:47:29,132 [702cb173-5c73-4ecc-b5cd-c7b4a6b66aea-groupManagement] INFO  server.RaftServerConfigKeys (ConfUtils.java:logGet(62)) - raft.server.log.appender.buffer.byte-limit = 33554432 (custom)
2025-10-16 19:47:29,132 [702cb173-5c73-4ecc-b5cd-c7b4a6b66aea-groupManagement] INFO  segmented.SegmentedRaftLogWorker (SegmentedRaftLogWorker.java:lambda$new$0(141)) - 702cb173-5c73-4ecc-b5cd-c7b4a6b66aea@group-6CA5F15A0415-SegmentedRaftLogWorker: flushIndex: setUnconditionally 0 -> -1
2025-10-16 19:47:29,132 [702cb173-5c73-4ecc-b5cd-c7b4a6b66aea-groupManagement] INFO  segmented.SegmentedRaftLogWorker (SegmentedRaftLogWorker.java:lambda$new$0(141)) - 702cb173-5c73-4ecc-b5cd-c7b4a6b66aea@group-6CA5F15A0415-SegmentedRaftLogWorker: safeCacheEvictIndex: setUnconditionally 0 -> -1
2025-10-16 19:47:29,134 [702cb173-5c73-4ecc-b5cd-c7b4a6b66aea-groupManagement] INFO  server.RaftServer$Division (RaftServerImpl.java:start(405)) - 702cb173-5c73-4ecc-b5cd-c7b4a6b66aea@group-6CA5F15A0415: start as a follower, conf=conf: {index: -1, cur=peers:[0e8b6cc7-9945-4141-97fc-6aa017a0d5fa|127.0.0.1:15087, 702cb173-5c73-4ecc-b5cd-c7b4a6b66aea|127.0.0.1:15095, e33e6ec4-6b66-4281-bedd-2bd75bd30070|127.0.0.1:15103]|listeners:[], old=null}
2025-10-16 19:47:29,134 [702cb173-5c73-4ecc-b5cd-c7b4a6b66aea-groupManagement] INFO  server.RaftServer$Division (RaftServerImpl.java:setRole(392)) - 702cb173-5c73-4ecc-b5cd-c7b4a6b66aea@group-6CA5F15A0415: changes role from      null to FOLLOWER at term 0 for startAsFollower
2025-10-16 19:47:29,134 [702cb173-5c73-4ecc-b5cd-c7b4a6b66aea-groupManagement] INFO  impl.RoleInfo (RoleInfo.java:updateAndGet(148)) - 702cb173-5c73-4ecc-b5cd-c7b4a6b66aea: start 702cb173-5c73-4ecc-b5cd-c7b4a6b66aea@group-6CA5F15A0415-FollowerState
2025-10-16 19:47:29,135 [702cb173-5c73-4ecc-b5cd-c7b4a6b66aea-groupManagement] INFO  util.JmxRegister (JmxRegister.java:tryRegister(44)) - Successfully registered JMX Bean with object name Ratis:service=RaftServer,group=group-6CA5F15A0415,id=702cb173-5c73-4ecc-b5cd-c7b4a6b66aea
2025-10-16 19:47:29,135 [702cb173-5c73-4ecc-b5cd-c7b4a6b66aea-groupManagement] INFO  util.JmxRegister (JmxRegister.java:register(58)) - register mxBean class org.apache.ratis.server.impl.RaftServerJmxAdapter as Ratis:service=RaftServer,group=group-6CA5F15A0415,id=702cb173-5c73-4ecc-b5cd-c7b4a6b66aea
2025-10-16 19:47:29,137 [702cb173-5c73-4ecc-b5cd-c7b4a6b66aea-groupManagement] INFO  server.RaftServer$Division (RaftServerImpl.java:start(419)) - 702cb173-5c73-4ecc-b5cd-c7b4a6b66aea@group-6CA5F15A0415: Successfully started.
2025-10-16 19:47:29,140 [0428ab3f-efd5-438e-ae11-9ec242443260@group-40AA573C6A0C-FollowerState] INFO  impl.FollowerState (FollowerState.java:runImpl(161)) - 0428ab3f-efd5-438e-ae11-9ec242443260@group-40AA573C6A0C-FollowerState: change to CANDIDATE, lastRpcElapsedTime:1115264434ns, electionTimeout:1114ms
2025-10-16 19:47:29,140 [0428ab3f-efd5-438e-ae11-9ec242443260@group-40AA573C6A0C-FollowerState] INFO  impl.RoleInfo (RoleInfo.java:shutdownFollowerState(121)) - 0428ab3f-efd5-438e-ae11-9ec242443260: shutdown 0428ab3f-efd5-438e-ae11-9ec242443260@group-40AA573C6A0C-FollowerState
2025-10-16 19:47:29,140 [0428ab3f-efd5-438e-ae11-9ec242443260@group-40AA573C6A0C-FollowerState] INFO  server.RaftServer$Division (RaftServerImpl.java:setRole(392)) - 0428ab3f-efd5-438e-ae11-9ec242443260@group-40AA573C6A0C: changes role from  FOLLOWER to CANDIDATE at term 0 for changeToCandidate
2025-10-16 19:47:29,140 [0428ab3f-efd5-438e-ae11-9ec242443260@group-40AA573C6A0C-FollowerState] INFO  impl.RoleInfo (RoleInfo.java:updateAndGet(148)) - 0428ab3f-efd5-438e-ae11-9ec242443260: start 0428ab3f-efd5-438e-ae11-9ec242443260@group-40AA573C6A0C-LeaderElection17
2025-10-16 19:47:29,142 [0428ab3f-efd5-438e-ae11-9ec242443260@group-40AA573C6A0C-LeaderElection17] INFO  impl.LeaderElection (LeaderElection.java:askForVotes(448)) - 0428ab3f-efd5-438e-ae11-9ec242443260@group-40AA573C6A0C-LeaderElection17 PRE_VOTE round 0: submit vote requests at term 0 for conf: {index: -1, cur=peers:[0428ab3f-efd5-438e-ae11-9ec242443260|127.0.0.1:15055]|listeners:[], old=null}
2025-10-16 19:47:29,142 [0428ab3f-efd5-438e-ae11-9ec242443260@group-40AA573C6A0C-LeaderElection17] INFO  impl.LeaderElection (LeaderElection.java:askForVotes(450)) - 0428ab3f-efd5-438e-ae11-9ec242443260@group-40AA573C6A0C-LeaderElection17 PRE_VOTE round 0: result PASSED (term=0)
2025-10-16 19:47:29,145 [0428ab3f-efd5-438e-ae11-9ec242443260@group-40AA573C6A0C-LeaderElection17] INFO  impl.LeaderElection (LeaderElection.java:askForVotes(448)) - 0428ab3f-efd5-438e-ae11-9ec242443260@group-40AA573C6A0C-LeaderElection17 ELECTION round 0: submit vote requests at term 1 for conf: {index: -1, cur=peers:[0428ab3f-efd5-438e-ae11-9ec242443260|127.0.0.1:15055]|listeners:[], old=null}
2025-10-16 19:47:29,145 [0428ab3f-efd5-438e-ae11-9ec242443260@group-40AA573C6A0C-LeaderElection17] INFO  impl.LeaderElection (LeaderElection.java:askForVotes(450)) - 0428ab3f-efd5-438e-ae11-9ec242443260@group-40AA573C6A0C-LeaderElection17 ELECTION round 0: result PASSED (term=1)
2025-10-16 19:47:29,145 [0428ab3f-efd5-438e-ae11-9ec242443260@group-40AA573C6A0C-LeaderElection17] INFO  impl.RoleInfo (RoleInfo.java:shutdownLeaderElection(141)) - 0428ab3f-efd5-438e-ae11-9ec242443260: shutdown 0428ab3f-efd5-438e-ae11-9ec242443260@group-40AA573C6A0C-LeaderElection17
2025-10-16 19:47:29,145 [0428ab3f-efd5-438e-ae11-9ec242443260@group-40AA573C6A0C-LeaderElection17] INFO  server.RaftServer$Division (RaftServerImpl.java:setRole(392)) - 0428ab3f-efd5-438e-ae11-9ec242443260@group-40AA573C6A0C: changes role from CANDIDATE to LEADER at term 1 for changeToLeader
2025-10-16 19:47:29,145 [0428ab3f-efd5-438e-ae11-9ec242443260@group-40AA573C6A0C-LeaderElection17] INFO  server.RaftServerConfigKeys (ConfUtils.java:logFallback(69)) - raft.server.staging.timeout = 15600ms (fallback to raft.server.rpc.timeout.max)
2025-10-16 19:47:29,145 [0428ab3f-efd5-438e-ae11-9ec242443260@group-40AA573C6A0C-LeaderElection17] INFO  server.RaftServerConfigKeys (ConfUtils.java:logGet(62)) - raft.server.write.byte-limit = 1024 M (=1073741824) (custom)
2025-10-16 19:47:29,147 [0428ab3f-efd5-438e-ae11-9ec242443260@group-40AA573C6A0C-LeaderElection17] INFO  impl.RoleInfo (RoleInfo.java:updateAndGet(148)) - 0428ab3f-efd5-438e-ae11-9ec242443260: start 0428ab3f-efd5-438e-ae11-9ec242443260@group-40AA573C6A0C-LeaderStateImpl
2025-10-16 19:47:29,147 [0428ab3f-efd5-438e-ae11-9ec242443260@group-40AA573C6A0C-LeaderElection17] INFO  server.RaftServer$Division (RaftServerImpl.java:setFirstElection(576)) - 0428ab3f-efd5-438e-ae11-9ec242443260@group-40AA573C6A0C: set firstElectionSinceStartup to false for becomeLeader
2025-10-16 19:47:29,150 [0428ab3f-efd5-438e-ae11-9ec242443260@group-40AA573C6A0C-LeaderElection17] INFO  ratis.XceiverServerRatis (XceiverServerRatis.java:handleLeaderChangedNotification(940)) - Leader change notification received for group: group-40AA573C6A0C with new leaderId: 0428ab3f-efd5-438e-ae11-9ec242443260
2025-10-16 19:47:29,150 [0428ab3f-efd5-438e-ae11-9ec242443260@group-40AA573C6A0C-LeaderElection17] INFO  server.RaftServer$Division (ServerState.java:setLeader(272)) - 0428ab3f-efd5-438e-ae11-9ec242443260@group-40AA573C6A0C: change Leader from null to 0428ab3f-efd5-438e-ae11-9ec242443260 at term 1 for becomeLeader, leader elected after 1149ms
2025-10-16 19:47:29,150 [0428ab3f-efd5-438e-ae11-9ec242443260@group-40AA573C6A0C-LeaderElection17] INFO  segmented.SegmentedRaftLogWorker (SegmentedRaftLogWorker.java:startLogSegment(440)) - 0428ab3f-efd5-438e-ae11-9ec242443260@group-40AA573C6A0C-SegmentedRaftLogWorker: Starting segment from index:0
2025-10-16 19:47:29,152 [0428ab3f-efd5-438e-ae11-9ec242443260@group-40AA573C6A0C-SegmentedRaftLogWorker] INFO  segmented.BufferedWriteChannel (BufferedWriteChannel.java:open(61)) - open log_inprogress_0 at position 0
2025-10-16 19:47:29,154 | INFO  | SCMAudit | user=runner | ip=127.0.0.1 | op=SEND_HEARTBEAT {"datanodeUUID":"0428ab3f-efd5-438e-ae11-9ec242443260","term":"2","command":"[]"} | ret=SUCCESS |  
2025-10-16 19:47:29,152 [0428ab3f-efd5-438e-ae11-9ec242443260@group-40AA573C6A0C-LeaderElection17] INFO  server.RaftServer$Division (ServerState.java:setRaftConf(386)) - 0428ab3f-efd5-438e-ae11-9ec242443260@group-40AA573C6A0C: set configuration conf: {index: 0, cur=peers:[0428ab3f-efd5-438e-ae11-9ec242443260|127.0.0.1:15055]|listeners:[], old=null}
2025-10-16 19:47:29,167 [0428ab3f-efd5-438e-ae11-9ec242443260@group-40AA573C6A0C-SegmentedRaftLogWorker] INFO  segmented.SegmentedRaftLogWorker (SegmentedRaftLogWorker.java:execute(647)) - 0428ab3f-efd5-438e-ae11-9ec242443260@group-40AA573C6A0C-SegmentedRaftLogWorker: created new log segment /home/runner/work/ozone/ozone/hadoop-ozone/integration-test/target/test-dir/MiniOzoneClusterImpl-e7911277-7775-4457-96c8-94071a26a1ce/ozone-metadata/datanode-6/ratis/2f9f1949-6567-4039-bf12-40aa573c6a0c/current/log_inprogress_0
2025-10-16 19:47:29,170 [0428ab3f-efd5-438e-ae11-9ec242443260@group-40AA573C6A0C-StateMachineUpdater] INFO  server.RaftServer$Division (LeaderStateImpl.java:checkStartIndex(309)) - Leader 0428ab3f-efd5-438e-ae11-9ec242443260@group-40AA573C6A0C-LeaderStateImpl is ready since appliedIndex == startIndex == 0
2025-10-16 19:47:29,172 [grpc-default-executor-2] INFO  server.RaftServer (RaftServerProxy.java:addNew(105)) - e33e6ec4-6b66-4281-bedd-2bd75bd30070: addNew group-6CA5F15A0415:[0e8b6cc7-9945-4141-97fc-6aa017a0d5fa|127.0.0.1:15087, 702cb173-5c73-4ecc-b5cd-c7b4a6b66aea|127.0.0.1:15095, e33e6ec4-6b66-4281-bedd-2bd75bd30070|127.0.0.1:15103] returns group-6CA5F15A0415:java.util.concurrent.CompletableFuture@64a7360e[Not completed]
2025-10-16 19:47:29,174 [e33e6ec4-6b66-4281-bedd-2bd75bd30070-groupManagement] INFO  server.RaftServer$Division (RaftServerImpl.java:<init>(268)) - e33e6ec4-6b66-4281-bedd-2bd75bd30070: new RaftServerImpl for group-6CA5F15A0415:[0e8b6cc7-9945-4141-97fc-6aa017a0d5fa|127.0.0.1:15087, 702cb173-5c73-4ecc-b5cd-c7b4a6b66aea|127.0.0.1:15095, e33e6ec4-6b66-4281-bedd-2bd75bd30070|127.0.0.1:15103] with ContainerStateMachine:uninitialized
2025-10-16 19:47:29,175 [e33e6ec4-6b66-4281-bedd-2bd75bd30070-groupManagement] INFO  server.RaftServer$Division (ServerState.java:<init>(114)) - e33e6ec4-6b66-4281-bedd-2bd75bd30070@group-6CA5F15A0415: ConfigurationManager, init=conf: {index: -1, cur=peers:[0e8b6cc7-9945-4141-97fc-6aa017a0d5fa|127.0.0.1:15087, 702cb173-5c73-4ecc-b5cd-c7b4a6b66aea|127.0.0.1:15095, e33e6ec4-6b66-4281-bedd-2bd75bd30070|127.0.0.1:15103]|listeners:[], old=null}, confs=<EMPTY_MAP>
2025-10-16 19:47:29,179 | INFO  | SCMAudit | user=runner | ip=127.0.0.1 | op=SEND_HEARTBEAT {"datanodeUUID":"8a3c3252-9afe-4d3a-8492-25be6557678a","term":"2","command":"[]"} | ret=SUCCESS |  
2025-10-16 19:47:29,182 [e33e6ec4-6b66-4281-bedd-2bd75bd30070-groupManagement] INFO  server.RaftServerConfigKeys (ConfUtils.java:logGet(62)) - raft.server.storage.dir = [/home/runner/work/ozone/ozone/hadoop-ozone/integration-test/target/test-dir/MiniOzoneClusterImpl-e7911277-7775-4457-96c8-94071a26a1ce/ozone-metadata/datanode-12/ratis] (custom)
2025-10-16 19:47:29,183 [e33e6ec4-6b66-4281-bedd-2bd75bd30070-groupManagement] INFO  storage.RaftStorageDirectory (RaftStorageDirectoryImpl.java:analyzeStorage(138)) - The storage directory /home/runner/work/ozone/ozone/hadoop-ozone/integration-test/target/test-dir/MiniOzoneClusterImpl-e7911277-7775-4457-96c8-94071a26a1ce/ozone-metadata/datanode-12/ratis/a6d455ad-cb8f-42d4-aaf7-6ca5f15a0415 does not exist. Creating ...
2025-10-16 19:47:29,184 [e33e6ec4-6b66-4281-bedd-2bd75bd30070-groupManagement] INFO  storage.RaftStorageDirectory (RaftStorageDirectoryImpl.java:tryLock(229)) - Lock on /home/runner/work/ozone/ozone/hadoop-ozone/integration-test/target/test-dir/MiniOzoneClusterImpl-e7911277-7775-4457-96c8-94071a26a1ce/ozone-metadata/datanode-12/ratis/a6d455ad-cb8f-42d4-aaf7-6ca5f15a0415/in_use.lock acquired by nodename 40995@localhost
2025-10-16 19:47:29,185 [e33e6ec4-6b66-4281-bedd-2bd75bd30070-groupManagement] INFO  storage.RaftStorage (RaftStorageImpl.java:format(98)) - Storage directory /home/runner/work/ozone/ozone/hadoop-ozone/integration-test/target/test-dir/MiniOzoneClusterImpl-e7911277-7775-4457-96c8-94071a26a1ce/ozone-metadata/datanode-12/ratis/a6d455ad-cb8f-42d4-aaf7-6ca5f15a0415 has been successfully formatted.
2025-10-16 19:47:29,186 [e33e6ec4-6b66-4281-bedd-2bd75bd30070-groupManagement] INFO  ratis.ContainerStateMachine (ContainerStateMachine.java:initialize(339)) - e33e6ec4-6b66-4281-bedd-2bd75bd30070: initialize group-6CA5F15A0415
2025-10-16 19:47:29,186 [e33e6ec4-6b66-4281-bedd-2bd75bd30070-groupManagement] INFO  ratis.ContainerStateMachine (ContainerStateMachine.java:loadSnapshot(347)) - group-6CA5F15A0415: The snapshot info is null. Setting the last applied index to:<INITIAL_VALUE>
2025-10-16 19:47:29,186 [e33e6ec4-6b66-4281-bedd-2bd75bd30070-groupManagement] INFO  server.RaftServerConfigKeys (ConfUtils.java:logGet(62)) - raft.server.log.appender.buffer.byte-limit = 33554432 (custom)
2025-10-16 19:47:29,188 | INFO  | SCMAudit | user=runner | ip=127.0.0.1 | op=SEND_HEARTBEAT {"datanodeUUID":"e33e6ec4-6b66-4281-bedd-2bd75bd30070","term":"2","command":"[]"} | ret=SUCCESS |  
2025-10-16 19:47:29,189 [e33e6ec4-6b66-4281-bedd-2bd75bd30070-groupManagement] INFO  server.RaftServerConfigKeys (ConfUtils.java:logGet(62)) - raft.server.log.segment.size.max = 67108864 (custom)
2025-10-16 19:47:29,189 [e33e6ec4-6b66-4281-bedd-2bd75bd30070-groupManagement] INFO  server.RaftServerConfigKeys (ConfUtils.java:logGet(62)) - raft.server.log.appender.buffer.byte-limit = 33554432 (custom)
2025-10-16 19:47:29,190 [e33e6ec4-6b66-4281-bedd-2bd75bd30070-groupManagement] INFO  util.AwaitToRun (AwaitToRun.java:start(81)) - Thread[#1734,e33e6ec4-6b66-4281-bedd-2bd75bd30070@group-6CA5F15A0415-cacheEviction-AwaitToRun,5,main] started
2025-10-16 19:47:29,190 [e33e6ec4-6b66-4281-bedd-2bd75bd30070-groupManagement] INFO  segmented.SegmentedRaftLogWorker (SegmentedRaftLogWorker.java:<init>(190)) - new e33e6ec4-6b66-4281-bedd-2bd75bd30070@group-6CA5F15A0415-SegmentedRaftLogWorker for RaftStorageImpl:Storage Directory /home/runner/work/ozone/ozone/hadoop-ozone/integration-test/target/test-dir/MiniOzoneClusterImpl-e7911277-7775-4457-96c8-94071a26a1ce/ozone-metadata/datanode-12/ratis/a6d455ad-cb8f-42d4-aaf7-6ca5f15a0415
2025-10-16 19:47:29,190 [e33e6ec4-6b66-4281-bedd-2bd75bd30070-groupManagement] INFO  server.RaftServerConfigKeys (ConfUtils.java:logGet(62)) - raft.server.log.queue.byte-limit = 4294967296 (custom)
2025-10-16 19:47:29,190 [e33e6ec4-6b66-4281-bedd-2bd75bd30070-groupManagement] INFO  server.RaftServerConfigKeys (ConfUtils.java:logGet(62)) - raft.server.log.segment.size.max = 67108864 (custom)
2025-10-16 19:47:29,190 [e33e6ec4-6b66-4281-bedd-2bd75bd30070-groupManagement] INFO  server.RaftServerConfigKeys (ConfUtils.java:logGet(62)) - raft.server.log.preallocated.size = 4194304 (custom)
2025-10-16 19:47:29,190 [e33e6ec4-6b66-4281-bedd-2bd75bd30070-groupManagement] INFO  server.RaftServerConfigKeys (ConfUtils.java:logGet(62)) - raft.server.log.write.buffer.size = 33554440 (custom)
2025-10-16 19:47:29,191 | INFO  | OMAudit | user=runner | ip=127.0.0.1 | op=GET_SERVICE_LIST {} | ret=SUCCESS |  
2025-10-16 19:47:29,195 [e33e6ec4-6b66-4281-bedd-2bd75bd30070-groupManagement] INFO  server.RaftServerConfigKeys (ConfUtils.java:logGet(62)) - raft.server.log.appender.buffer.byte-limit = 33554432 (custom)
2025-10-16 19:47:29,195 [e33e6ec4-6b66-4281-bedd-2bd75bd30070-groupManagement] INFO  segmented.SegmentedRaftLogWorker (SegmentedRaftLogWorker.java:lambda$new$0(141)) - e33e6ec4-6b66-4281-bedd-2bd75bd30070@group-6CA5F15A0415-SegmentedRaftLogWorker: flushIndex: setUnconditionally 0 -> -1
2025-10-16 19:47:29,196 [e33e6ec4-6b66-4281-bedd-2bd75bd30070-groupManagement] INFO  segmented.SegmentedRaftLogWorker (SegmentedRaftLogWorker.java:lambda$new$0(141)) - e33e6ec4-6b66-4281-bedd-2bd75bd30070@group-6CA5F15A0415-SegmentedRaftLogWorker: safeCacheEvictIndex: setUnconditionally 0 -> -1
2025-10-16 19:47:29,196 [e33e6ec4-6b66-4281-bedd-2bd75bd30070-groupManagement] INFO  server.RaftServer$Division (RaftServerImpl.java:start(405)) - e33e6ec4-6b66-4281-bedd-2bd75bd30070@group-6CA5F15A0415: start as a follower, conf=conf: {index: -1, cur=peers:[0e8b6cc7-9945-4141-97fc-6aa017a0d5fa|127.0.0.1:15087, 702cb173-5c73-4ecc-b5cd-c7b4a6b66aea|127.0.0.1:15095, e33e6ec4-6b66-4281-bedd-2bd75bd30070|127.0.0.1:15103]|listeners:[], old=null}
2025-10-16 19:47:29,196 [e33e6ec4-6b66-4281-bedd-2bd75bd30070-groupManagement] INFO  server.RaftServer$Division (RaftServerImpl.java:setRole(392)) - e33e6ec4-6b66-4281-bedd-2bd75bd30070@group-6CA5F15A0415: changes role from      null to FOLLOWER at term 0 for startAsFollower
2025-10-16 19:47:29,196 [e33e6ec4-6b66-4281-bedd-2bd75bd30070-groupManagement] INFO  impl.RoleInfo (RoleInfo.java:updateAndGet(148)) - e33e6ec4-6b66-4281-bedd-2bd75bd30070: start e33e6ec4-6b66-4281-bedd-2bd75bd30070@group-6CA5F15A0415-FollowerState
2025-10-16 19:47:29,196 [e33e6ec4-6b66-4281-bedd-2bd75bd30070-groupManagement] INFO  util.JmxRegister (JmxRegister.java:tryRegister(44)) - Successfully registered JMX Bean with object name Ratis:service=RaftServer,group=group-6CA5F15A0415,id=e33e6ec4-6b66-4281-bedd-2bd75bd30070
2025-10-16 19:47:29,196 [e33e6ec4-6b66-4281-bedd-2bd75bd30070-groupManagement] INFO  util.JmxRegister (JmxRegister.java:register(58)) - register mxBean class org.apache.ratis.server.impl.RaftServerJmxAdapter as Ratis:service=RaftServer,group=group-6CA5F15A0415,id=e33e6ec4-6b66-4281-bedd-2bd75bd30070
2025-10-16 19:47:29,197 [e33e6ec4-6b66-4281-bedd-2bd75bd30070-groupManagement] INFO  server.RaftServer$Division (RaftServerImpl.java:start(419)) - e33e6ec4-6b66-4281-bedd-2bd75bd30070@group-6CA5F15A0415: Successfully started.
2025-10-16 19:47:29,203 [0e8b6cc7-9945-4141-97fc-6aa017a0d5fa-CreatePipelineCommandHandlerThread-0] INFO  commandhandler.CreatePipelineCommandHandler (CreatePipelineCommandHandler.java:lambda$handle$2(141)) - Created Pipeline RATIS THREE Pipeline-a6d455ad-cb8f-42d4-aaf7-6ca5f15a0415.
2025-10-16 19:47:29,203 [0e8b6cc7-9945-4141-97fc-6aa017a0d5fa-CreatePipelineCommandHandlerThread-0] INFO  server.RaftServer (RaftServerProxy.java:addNew(105)) - 0e8b6cc7-9945-4141-97fc-6aa017a0d5fa: addNew group-CDBAC21EB987:[0e8b6cc7-9945-4141-97fc-6aa017a0d5fa|127.0.0.1:15087, 702cb173-5c73-4ecc-b5cd-c7b4a6b66aea|127.0.0.1:15095, e33e6ec4-6b66-4281-bedd-2bd75bd30070|127.0.0.1:15103] returns group-CDBAC21EB987:java.util.concurrent.CompletableFuture@12cdd0aa[Not completed]
2025-10-16 19:47:29,205 [0e8b6cc7-9945-4141-97fc-6aa017a0d5fa-groupManagement] INFO  server.RaftServer$Division (RaftServerImpl.java:<init>(268)) - 0e8b6cc7-9945-4141-97fc-6aa017a0d5fa: new RaftServerImpl for group-CDBAC21EB987:[0e8b6cc7-9945-4141-97fc-6aa017a0d5fa|127.0.0.1:15087, 702cb173-5c73-4ecc-b5cd-c7b4a6b66aea|127.0.0.1:15095, e33e6ec4-6b66-4281-bedd-2bd75bd30070|127.0.0.1:15103] with ContainerStateMachine:uninitialized
2025-10-16 19:47:29,205 [0e8b6cc7-9945-4141-97fc-6aa017a0d5fa-groupManagement] INFO  server.RaftServer$Division (ServerState.java:<init>(114)) - 0e8b6cc7-9945-4141-97fc-6aa017a0d5fa@group-CDBAC21EB987: ConfigurationManager, init=conf: {index: -1, cur=peers:[0e8b6cc7-9945-4141-97fc-6aa017a0d5fa|127.0.0.1:15087, 702cb173-5c73-4ecc-b5cd-c7b4a6b66aea|127.0.0.1:15095, e33e6ec4-6b66-4281-bedd-2bd75bd30070|127.0.0.1:15103]|listeners:[], old=null}, confs=<EMPTY_MAP>
2025-10-16 19:47:29,207 [ForkJoinPool-1-worker-1] INFO  proxy.SCMContainerLocationFailoverProxyProvider (SCMFailoverProxyProviderBase.java:<init>(120)) - Created fail-over proxy for protocol StorageContainerLocationProtocolPB with 1 nodes: [nodeId=scmNodeId,nodeAddress=/0.0.0.0:15000]
2025-10-16 19:47:29,207 [ForkJoinPool-1-worker-1] INFO  om.OzoneManager (OzoneManager.java:startSecretManager(1286)) - Starting OM delegation token secret manager
2025-10-16 19:47:29,208 [ForkJoinPool-1-worker-1] INFO  security.OzoneDelegationTokenSecretManager (OzoneSecretManager.java:updateCurrentKey(179)) - Updated current master key for generating tokens. Cert id 1059179810250, Master key id 1
2025-10-16 19:47:29,208 [0e8b6cc7-9945-4141-97fc-6aa017a0d5fa-groupManagement] INFO  server.RaftServerConfigKeys (ConfUtils.java:logGet(62)) - raft.server.storage.dir = [/home/runner/work/ozone/ozone/hadoop-ozone/integration-test/target/test-dir/MiniOzoneClusterImpl-e7911277-7775-4457-96c8-94071a26a1ce/ozone-metadata/datanode-10/ratis] (custom)
2025-10-16 19:47:29,209 [om1-ExpiredTokenRemover] INFO  security.OzoneDelegationTokenSecretManager (OzoneDelegationTokenSecretManager.java:run(649)) - Starting expired delegation token remover thread, tokenRemoverScanInterval=60 min(s)
2025-10-16 19:47:29,209 [0e8b6cc7-9945-4141-97fc-6aa017a0d5fa-groupManagement] INFO  storage.RaftStorageDirectory (RaftStorageDirectoryImpl.java:analyzeStorage(138)) - The storage directory /home/runner/work/ozone/ozone/hadoop-ozone/integration-test/target/test-dir/MiniOzoneClusterImpl-e7911277-7775-4457-96c8-94071a26a1ce/ozone-metadata/datanode-10/ratis/36270c74-4c8b-4dac-af71-cdbac21eb987 does not exist. Creating ...
2025-10-16 19:47:29,209 [0e8b6cc7-9945-4141-97fc-6aa017a0d5fa-groupManagement] INFO  storage.RaftStorageDirectory (RaftStorageDirectoryImpl.java:tryLock(229)) - Lock on /home/runner/work/ozone/ozone/hadoop-ozone/integration-test/target/test-dir/MiniOzoneClusterImpl-e7911277-7775-4457-96c8-94071a26a1ce/ozone-metadata/datanode-10/ratis/36270c74-4c8b-4dac-af71-cdbac21eb987/in_use.lock acquired by nodename 40995@localhost
2025-10-16 19:47:29,211 [0e8b6cc7-9945-4141-97fc-6aa017a0d5fa-groupManagement] INFO  storage.RaftStorage (RaftStorageImpl.java:format(98)) - Storage directory /home/runner/work/ozone/ozone/hadoop-ozone/integration-test/target/test-dir/MiniOzoneClusterImpl-e7911277-7775-4457-96c8-94071a26a1ce/ozone-metadata/datanode-10/ratis/36270c74-4c8b-4dac-af71-cdbac21eb987 has been successfully formatted.
2025-10-16 19:47:29,212 [0e8b6cc7-9945-4141-97fc-6aa017a0d5fa-groupManagement] INFO  ratis.ContainerStateMachine (ContainerStateMachine.java:initialize(339)) - 0e8b6cc7-9945-4141-97fc-6aa017a0d5fa: initialize group-CDBAC21EB987
2025-10-16 19:47:29,212 [0e8b6cc7-9945-4141-97fc-6aa017a0d5fa-groupManagement] INFO  ratis.ContainerStateMachine (ContainerStateMachine.java:loadSnapshot(347)) - group-CDBAC21EB987: The snapshot info is null. Setting the last applied index to:<INITIAL_VALUE>
2025-10-16 19:47:29,212 [0e8b6cc7-9945-4141-97fc-6aa017a0d5fa-groupManagement] INFO  server.RaftServerConfigKeys (ConfUtils.java:logGet(62)) - raft.server.log.appender.buffer.byte-limit = 33554432 (custom)
2025-10-16 19:47:29,214 [0e8b6cc7-9945-4141-97fc-6aa017a0d5fa-groupManagement] INFO  server.RaftServerConfigKeys (ConfUtils.java:logGet(62)) - raft.server.log.segment.size.max = 67108864 (custom)
2025-10-16 19:47:29,215 [0e8b6cc7-9945-4141-97fc-6aa017a0d5fa-groupManagement] INFO  server.RaftServerConfigKeys (ConfUtils.java:logGet(62)) - raft.server.log.appender.buffer.byte-limit = 33554432 (custom)
2025-10-16 19:47:29,215 [0e8b6cc7-9945-4141-97fc-6aa017a0d5fa-groupManagement] INFO  util.AwaitToRun (AwaitToRun.java:start(81)) - Thread[#1743,0e8b6cc7-9945-4141-97fc-6aa017a0d5fa@group-CDBAC21EB987-cacheEviction-AwaitToRun,5,main] started
2025-10-16 19:47:29,215 [0e8b6cc7-9945-4141-97fc-6aa017a0d5fa-groupManagement] INFO  segmented.SegmentedRaftLogWorker (SegmentedRaftLogWorker.java:<init>(190)) - new 0e8b6cc7-9945-4141-97fc-6aa017a0d5fa@group-CDBAC21EB987-SegmentedRaftLogWorker for RaftStorageImpl:Storage Directory /home/runner/work/ozone/ozone/hadoop-ozone/integration-test/target/test-dir/MiniOzoneClusterImpl-e7911277-7775-4457-96c8-94071a26a1ce/ozone-metadata/datanode-10/ratis/36270c74-4c8b-4dac-af71-cdbac21eb987
2025-10-16 19:47:29,216 [0e8b6cc7-9945-4141-97fc-6aa017a0d5fa-groupManagement] INFO  server.RaftServerConfigKeys (ConfUtils.java:logGet(62)) - raft.server.log.queue.byte-limit = 4294967296 (custom)
2025-10-16 19:47:29,216 [0e8b6cc7-9945-4141-97fc-6aa017a0d5fa-groupManagement] INFO  server.RaftServerConfigKeys (ConfUtils.java:logGet(62)) - raft.server.log.segment.size.max = 67108864 (custom)
2025-10-16 19:47:29,216 [0e8b6cc7-9945-4141-97fc-6aa017a0d5fa-groupManagement] INFO  server.RaftServerConfigKeys (ConfUtils.java:logGet(62)) - raft.server.log.preallocated.size = 4194304 (custom)
2025-10-16 19:47:29,216 [0e8b6cc7-9945-4141-97fc-6aa017a0d5fa-groupManagement] INFO  server.RaftServerConfigKeys (ConfUtils.java:logGet(62)) - raft.server.log.write.buffer.size = 33554440 (custom)
2025-10-16 19:47:29,217 | INFO  | SCMAudit | user=runner | ip=127.0.0.1 | op=SEND_HEARTBEAT {"datanodeUUID":"0e8b6cc7-9945-4141-97fc-6aa017a0d5fa","term":"2","command":"[]"} | ret=SUCCESS |  
2025-10-16 19:47:29,222 | INFO  | SCMAudit | user=runner | ip=127.0.0.1 | op=SEND_HEARTBEAT {"datanodeUUID":"757ca056-973f-4f05-ab2d-6aff6c54d452","term":"2","command":"[]"} | ret=SUCCESS |  
2025-10-16 19:47:29,223 [0e8b6cc7-9945-4141-97fc-6aa017a0d5fa-groupManagement] INFO  server.RaftServerConfigKeys (ConfUtils.java:logGet(62)) - raft.server.log.appender.buffer.byte-limit = 33554432 (custom)
2025-10-16 19:47:29,224 [0e8b6cc7-9945-4141-97fc-6aa017a0d5fa-groupManagement] INFO  segmented.SegmentedRaftLogWorker (SegmentedRaftLogWorker.java:lambda$new$0(141)) - 0e8b6cc7-9945-4141-97fc-6aa017a0d5fa@group-CDBAC21EB987-SegmentedRaftLogWorker: flushIndex: setUnconditionally 0 -> -1
2025-10-16 19:47:29,225 [0e8b6cc7-9945-4141-97fc-6aa017a0d5fa-groupManagement] INFO  segmented.SegmentedRaftLogWorker (SegmentedRaftLogWorker.java:lambda$new$0(141)) - 0e8b6cc7-9945-4141-97fc-6aa017a0d5fa@group-CDBAC21EB987-SegmentedRaftLogWorker: safeCacheEvictIndex: setUnconditionally 0 -> -1
2025-10-16 19:47:29,225 | INFO  | SCMAudit | user=runner | ip=127.0.0.1 | op=SEND_HEARTBEAT {"datanodeUUID":"764b18f0-81c5-439a-9fff-25adc4f241fa","term":"2","command":"[]"} | ret=SUCCESS |  
2025-10-16 19:47:29,226 [0e8b6cc7-9945-4141-97fc-6aa017a0d5fa-groupManagement] INFO  server.RaftServer$Division (RaftServerImpl.java:start(405)) - 0e8b6cc7-9945-4141-97fc-6aa017a0d5fa@group-CDBAC21EB987: start as a follower, conf=conf: {index: -1, cur=peers:[0e8b6cc7-9945-4141-97fc-6aa017a0d5fa|127.0.0.1:15087, 702cb173-5c73-4ecc-b5cd-c7b4a6b66aea|127.0.0.1:15095, e33e6ec4-6b66-4281-bedd-2bd75bd30070|127.0.0.1:15103]|listeners:[], old=null}
2025-10-16 19:47:29,227 [0e8b6cc7-9945-4141-97fc-6aa017a0d5fa-groupManagement] INFO  server.RaftServer$Division (RaftServerImpl.java:setRole(392)) - 0e8b6cc7-9945-4141-97fc-6aa017a0d5fa@group-CDBAC21EB987: changes role from      null to FOLLOWER at term 0 for startAsFollower
2025-10-16 19:47:29,227 [0e8b6cc7-9945-4141-97fc-6aa017a0d5fa-groupManagement] INFO  impl.RoleInfo (RoleInfo.java:updateAndGet(148)) - 0e8b6cc7-9945-4141-97fc-6aa017a0d5fa: start 0e8b6cc7-9945-4141-97fc-6aa017a0d5fa@group-CDBAC21EB987-FollowerState
2025-10-16 19:47:29,228 [0e8b6cc7-9945-4141-97fc-6aa017a0d5fa-groupManagement] INFO  util.JmxRegister (JmxRegister.java:tryRegister(44)) - Successfully registered JMX Bean with object name Ratis:service=RaftServer,group=group-CDBAC21EB987,id=0e8b6cc7-9945-4141-97fc-6aa017a0d5fa
2025-10-16 19:47:29,228 [0e8b6cc7-9945-4141-97fc-6aa017a0d5fa-groupManagement] INFO  util.JmxRegister (JmxRegister.java:register(58)) - register mxBean class org.apache.ratis.server.impl.RaftServerJmxAdapter as Ratis:service=RaftServer,group=group-CDBAC21EB987,id=0e8b6cc7-9945-4141-97fc-6aa017a0d5fa
2025-10-16 19:47:29,229 [0e8b6cc7-9945-4141-97fc-6aa017a0d5fa-groupManagement] INFO  server.RaftServer$Division (RaftServerImpl.java:start(419)) - 0e8b6cc7-9945-4141-97fc-6aa017a0d5fa@group-CDBAC21EB987: Successfully started.
2025-10-16 19:47:29,230 [0e8b6cc7-9945-4141-97fc-6aa017a0d5fa-CreatePipelineCommandHandlerThread-0] INFO  ratis.XceiverServerRatis (XceiverServerRatis.java:addGroup(839)) - Created group Pipeline-36270c74-4c8b-4dac-af71-cdbac21eb987
2025-10-16 19:47:29,238 [grpc-default-executor-2] INFO  server.RaftServer (RaftServerProxy.java:addNew(105)) - 702cb173-5c73-4ecc-b5cd-c7b4a6b66aea: addNew group-CDBAC21EB987:[0e8b6cc7-9945-4141-97fc-6aa017a0d5fa|127.0.0.1:15087, 702cb173-5c73-4ecc-b5cd-c7b4a6b66aea|127.0.0.1:15095, e33e6ec4-6b66-4281-bedd-2bd75bd30070|127.0.0.1:15103] returns group-CDBAC21EB987:java.util.concurrent.CompletableFuture@1b804e37[Not completed]
2025-10-16 19:47:29,241 [702cb173-5c73-4ecc-b5cd-c7b4a6b66aea-groupManagement] INFO  server.RaftServer$Division (RaftServerImpl.java:<init>(268)) - 702cb173-5c73-4ecc-b5cd-c7b4a6b66aea: new RaftServerImpl for group-CDBAC21EB987:[0e8b6cc7-9945-4141-97fc-6aa017a0d5fa|127.0.0.1:15087, 702cb173-5c73-4ecc-b5cd-c7b4a6b66aea|127.0.0.1:15095, e33e6ec4-6b66-4281-bedd-2bd75bd30070|127.0.0.1:15103] with ContainerStateMachine:uninitialized
2025-10-16 19:47:29,241 [702cb173-5c73-4ecc-b5cd-c7b4a6b66aea-groupManagement] INFO  server.RaftServer$Division (ServerState.java:<init>(114)) - 702cb173-5c73-4ecc-b5cd-c7b4a6b66aea@group-CDBAC21EB987: ConfigurationManager, init=conf: {index: -1, cur=peers:[0e8b6cc7-9945-4141-97fc-6aa017a0d5fa|127.0.0.1:15087, 702cb173-5c73-4ecc-b5cd-c7b4a6b66aea|127.0.0.1:15095, e33e6ec4-6b66-4281-bedd-2bd75bd30070|127.0.0.1:15103]|listeners:[], old=null}, confs=<EMPTY_MAP>
2025-10-16 19:47:29,247 [702cb173-5c73-4ecc-b5cd-c7b4a6b66aea-groupManagement] INFO  server.RaftServerConfigKeys (ConfUtils.java:logGet(62)) - raft.server.storage.dir = [/home/runner/work/ozone/ozone/hadoop-ozone/integration-test/target/test-dir/MiniOzoneClusterImpl-e7911277-7775-4457-96c8-94071a26a1ce/ozone-metadata/datanode-11/ratis] (custom)
2025-10-16 19:47:29,248 [702cb173-5c73-4ecc-b5cd-c7b4a6b66aea-groupManagement] INFO  storage.RaftStorageDirectory (RaftStorageDirectoryImpl.java:analyzeStorage(138)) - The storage directory /home/runner/work/ozone/ozone/hadoop-ozone/integration-test/target/test-dir/MiniOzoneClusterImpl-e7911277-7775-4457-96c8-94071a26a1ce/ozone-metadata/datanode-11/ratis/36270c74-4c8b-4dac-af71-cdbac21eb987 does not exist. Creating ...
2025-10-16 19:47:29,250 [702cb173-5c73-4ecc-b5cd-c7b4a6b66aea-groupManagement] INFO  storage.RaftStorageDirectory (RaftStorageDirectoryImpl.java:tryLock(229)) - Lock on /home/runner/work/ozone/ozone/hadoop-ozone/integration-test/target/test-dir/MiniOzoneClusterImpl-e7911277-7775-4457-96c8-94071a26a1ce/ozone-metadata/datanode-11/ratis/36270c74-4c8b-4dac-af71-cdbac21eb987/in_use.lock acquired by nodename 40995@localhost
2025-10-16 19:47:29,252 [702cb173-5c73-4ecc-b5cd-c7b4a6b66aea-groupManagement] INFO  storage.RaftStorage (RaftStorageImpl.java:format(98)) - Storage directory /home/runner/work/ozone/ozone/hadoop-ozone/integration-test/target/test-dir/MiniOzoneClusterImpl-e7911277-7775-4457-96c8-94071a26a1ce/ozone-metadata/datanode-11/ratis/36270c74-4c8b-4dac-af71-cdbac21eb987 has been successfully formatted.
2025-10-16 19:47:29,253 [702cb173-5c73-4ecc-b5cd-c7b4a6b66aea-groupManagement] INFO  ratis.ContainerStateMachine (ContainerStateMachine.java:initialize(339)) - 702cb173-5c73-4ecc-b5cd-c7b4a6b66aea: initialize group-CDBAC21EB987
2025-10-16 19:47:29,253 [702cb173-5c73-4ecc-b5cd-c7b4a6b66aea-groupManagement] INFO  ratis.ContainerStateMachine (ContainerStateMachine.java:loadSnapshot(347)) - group-CDBAC21EB987: The snapshot info is null. Setting the last applied index to:<INITIAL_VALUE>
2025-10-16 19:47:29,253 [702cb173-5c73-4ecc-b5cd-c7b4a6b66aea-groupManagement] INFO  server.RaftServerConfigKeys (ConfUtils.java:logGet(62)) - raft.server.log.appender.buffer.byte-limit = 33554432 (custom)
2025-10-16 19:47:29,255 | INFO  | SCMAudit | user=runner | ip=127.0.0.1 | op=SEND_HEARTBEAT {"datanodeUUID":"702cb173-5c73-4ecc-b5cd-c7b4a6b66aea","term":"2","command":"[]"} | ret=SUCCESS |  
2025-10-16 19:47:29,258 [702cb173-5c73-4ecc-b5cd-c7b4a6b66aea-groupManagement] INFO  server.RaftServerConfigKeys (ConfUtils.java:logGet(62)) - raft.server.log.segment.size.max = 67108864 (custom)
2025-10-16 19:47:29,258 [702cb173-5c73-4ecc-b5cd-c7b4a6b66aea-groupManagement] INFO  server.RaftServerConfigKeys (ConfUtils.java:logGet(62)) - raft.server.log.appender.buffer.byte-limit = 33554432 (custom)
2025-10-16 19:47:29,259 [702cb173-5c73-4ecc-b5cd-c7b4a6b66aea-groupManagement] INFO  util.AwaitToRun (AwaitToRun.java:start(81)) - Thread[#1747,702cb173-5c73-4ecc-b5cd-c7b4a6b66aea@group-CDBAC21EB987-cacheEviction-AwaitToRun,5,main] started
2025-10-16 19:47:29,259 [702cb173-5c73-4ecc-b5cd-c7b4a6b66aea-groupManagement] INFO  segmented.SegmentedRaftLogWorker (SegmentedRaftLogWorker.java:<init>(190)) - new 702cb173-5c73-4ecc-b5cd-c7b4a6b66aea@group-CDBAC21EB987-SegmentedRaftLogWorker for RaftStorageImpl:Storage Directory /home/runner/work/ozone/ozone/hadoop-ozone/integration-test/target/test-dir/MiniOzoneClusterImpl-e7911277-7775-4457-96c8-94071a26a1ce/ozone-metadata/datanode-11/ratis/36270c74-4c8b-4dac-af71-cdbac21eb987
2025-10-16 19:47:29,259 [702cb173-5c73-4ecc-b5cd-c7b4a6b66aea-groupManagement] INFO  server.RaftServerConfigKeys (ConfUtils.java:logGet(62)) - raft.server.log.queue.byte-limit = 4294967296 (custom)
2025-10-16 19:47:29,259 [702cb173-5c73-4ecc-b5cd-c7b4a6b66aea-groupManagement] INFO  server.RaftServerConfigKeys (ConfUtils.java:logGet(62)) - raft.server.log.segment.size.max = 67108864 (custom)
2025-10-16 19:47:29,260 [702cb173-5c73-4ecc-b5cd-c7b4a6b66aea-groupManagement] INFO  server.RaftServerConfigKeys (ConfUtils.java:logGet(62)) - raft.server.log.preallocated.size = 4194304 (custom)
2025-10-16 19:47:29,260 [702cb173-5c73-4ecc-b5cd-c7b4a6b66aea-groupManagement] INFO  server.RaftServerConfigKeys (ConfUtils.java:logGet(62)) - raft.server.log.write.buffer.size = 33554440 (custom)
2025-10-16 19:47:29,261 [702cb173-5c73-4ecc-b5cd-c7b4a6b66aea-CreatePipelineCommandHandlerThread-0] INFO  server.RaftServer (RaftServerProxy.java:addNew(105)) - 702cb173-5c73-4ecc-b5cd-c7b4a6b66aea: addNew group-2AB8351BC093:[702cb173-5c73-4ecc-b5cd-c7b4a6b66aea|127.0.0.1:15095] returns group-2AB8351BC093:java.util.concurrent.CompletableFuture@15d056b3[Not completed]
2025-10-16 19:47:29,266 [702cb173-5c73-4ecc-b5cd-c7b4a6b66aea-groupManagement] INFO  server.RaftServerConfigKeys (ConfUtils.java:logGet(62)) - raft.server.log.appender.buffer.byte-limit = 33554432 (custom)
2025-10-16 19:47:29,266 [702cb173-5c73-4ecc-b5cd-c7b4a6b66aea-groupManagement] INFO  segmented.SegmentedRaftLogWorker (SegmentedRaftLogWorker.java:lambda$new$0(141)) - 702cb173-5c73-4ecc-b5cd-c7b4a6b66aea@group-CDBAC21EB987-SegmentedRaftLogWorker: flushIndex: setUnconditionally 0 -> -1
2025-10-16 19:47:29,266 [702cb173-5c73-4ecc-b5cd-c7b4a6b66aea-groupManagement] INFO  segmented.SegmentedRaftLogWorker (SegmentedRaftLogWorker.java:lambda$new$0(141)) - 702cb173-5c73-4ecc-b5cd-c7b4a6b66aea@group-CDBAC21EB987-SegmentedRaftLogWorker: safeCacheEvictIndex: setUnconditionally 0 -> -1
2025-10-16 19:47:29,267 [702cb173-5c73-4ecc-b5cd-c7b4a6b66aea-groupManagement] INFO  server.RaftServer$Division (RaftServerImpl.java:start(405)) - 702cb173-5c73-4ecc-b5cd-c7b4a6b66aea@group-CDBAC21EB987: start as a follower, conf=conf: {index: -1, cur=peers:[0e8b6cc7-9945-4141-97fc-6aa017a0d5fa|127.0.0.1:15087, 702cb173-5c73-4ecc-b5cd-c7b4a6b66aea|127.0.0.1:15095, e33e6ec4-6b66-4281-bedd-2bd75bd30070|127.0.0.1:15103]|listeners:[], old=null}
2025-10-16 19:47:29,267 [702cb173-5c73-4ecc-b5cd-c7b4a6b66aea-groupManagement] INFO  server.RaftServer$Division (RaftServerImpl.java:setRole(392)) - 702cb173-5c73-4ecc-b5cd-c7b4a6b66aea@group-CDBAC21EB987: changes role from      null to FOLLOWER at term 0 for startAsFollower
2025-10-16 19:47:29,267 [702cb173-5c73-4ecc-b5cd-c7b4a6b66aea-groupManagement] INFO  impl.RoleInfo (RoleInfo.java:updateAndGet(148)) - 702cb173-5c73-4ecc-b5cd-c7b4a6b66aea: start 702cb173-5c73-4ecc-b5cd-c7b4a6b66aea@group-CDBAC21EB987-FollowerState
2025-10-16 19:47:29,268 [702cb173-5c73-4ecc-b5cd-c7b4a6b66aea-groupManagement] INFO  util.JmxRegister (JmxRegister.java:tryRegister(44)) - Successfully registered JMX Bean with object name Ratis:service=RaftServer,group=group-CDBAC21EB987,id=702cb173-5c73-4ecc-b5cd-c7b4a6b66aea
2025-10-16 19:47:29,268 [702cb173-5c73-4ecc-b5cd-c7b4a6b66aea-groupManagement] INFO  util.JmxRegister (JmxRegister.java:register(58)) - register mxBean class org.apache.ratis.server.impl.RaftServerJmxAdapter as Ratis:service=RaftServer,group=group-CDBAC21EB987,id=702cb173-5c73-4ecc-b5cd-c7b4a6b66aea
2025-10-16 19:47:29,270 [702cb173-5c73-4ecc-b5cd-c7b4a6b66aea-groupManagement] INFO  server.RaftServer$Division (RaftServerImpl.java:start(419)) - 702cb173-5c73-4ecc-b5cd-c7b4a6b66aea@group-CDBAC21EB987: Successfully started.
2025-10-16 19:47:29,273 [702cb173-5c73-4ecc-b5cd-c7b4a6b66aea-groupManagement] INFO  server.RaftServer$Division (RaftServerImpl.java:<init>(268)) - 702cb173-5c73-4ecc-b5cd-c7b4a6b66aea: new RaftServerImpl for group-2AB8351BC093:[702cb173-5c73-4ecc-b5cd-c7b4a6b66aea|127.0.0.1:15095] with ContainerStateMachine:uninitialized
2025-10-16 19:47:29,275 [702cb173-5c73-4ecc-b5cd-c7b4a6b66aea-groupManagement] INFO  server.RaftServer$Division (ServerState.java:<init>(114)) - 702cb173-5c73-4ecc-b5cd-c7b4a6b66aea@group-2AB8351BC093: ConfigurationManager, init=conf: {index: -1, cur=peers:[702cb173-5c73-4ecc-b5cd-c7b4a6b66aea|127.0.0.1:15095]|listeners:[], old=null}, confs=<EMPTY_MAP>
2025-10-16 19:47:29,290 [grpc-default-executor-2] INFO  server.RaftServer (RaftServerProxy.java:addNew(105)) - e33e6ec4-6b66-4281-bedd-2bd75bd30070: addNew group-CDBAC21EB987:[0e8b6cc7-9945-4141-97fc-6aa017a0d5fa|127.0.0.1:15087, 702cb173-5c73-4ecc-b5cd-c7b4a6b66aea|127.0.0.1:15095, e33e6ec4-6b66-4281-bedd-2bd75bd30070|127.0.0.1:15103] returns group-CDBAC21EB987:java.util.concurrent.CompletableFuture@6469222a[Not completed]
2025-10-16 19:47:29,290 [702cb173-5c73-4ecc-b5cd-c7b4a6b66aea-groupManagement] INFO  storage.RaftStorageDirectory (RaftStorageDirectoryImpl.java:analyzeStorage(138)) - The storage directory /home/runner/work/ozone/ozone/hadoop-ozone/integration-test/target/test-dir/MiniOzoneClusterImpl-e7911277-7775-4457-96c8-94071a26a1ce/ozone-metadata/datanode-11/ratis/071df4d7-ac14-4329-b933-2ab8351bc093 does not exist. Creating ...
2025-10-16 19:47:29,293 [702cb173-5c73-4ecc-b5cd-c7b4a6b66aea-groupManagement] INFO  storage.RaftStorageDirectory (RaftStorageDirectoryImpl.java:tryLock(229)) - Lock on /home/runner/work/ozone/ozone/hadoop-ozone/integration-test/target/test-dir/MiniOzoneClusterImpl-e7911277-7775-4457-96c8-94071a26a1ce/ozone-metadata/datanode-11/ratis/071df4d7-ac14-4329-b933-2ab8351bc093/in_use.lock acquired by nodename 40995@localhost
2025-10-16 19:47:29,294 [e33e6ec4-6b66-4281-bedd-2bd75bd30070-groupManagement] INFO  server.RaftServer$Division (RaftServerImpl.java:<init>(268)) - e33e6ec4-6b66-4281-bedd-2bd75bd30070: new RaftServerImpl for group-CDBAC21EB987:[0e8b6cc7-9945-4141-97fc-6aa017a0d5fa|127.0.0.1:15087, 702cb173-5c73-4ecc-b5cd-c7b4a6b66aea|127.0.0.1:15095, e33e6ec4-6b66-4281-bedd-2bd75bd30070|127.0.0.1:15103] with ContainerStateMachine:uninitialized
2025-10-16 19:47:29,294 [e33e6ec4-6b66-4281-bedd-2bd75bd30070-groupManagement] INFO  server.RaftServer$Division (ServerState.java:<init>(114)) - e33e6ec4-6b66-4281-bedd-2bd75bd30070@group-CDBAC21EB987: ConfigurationManager, init=conf: {index: -1, cur=peers:[0e8b6cc7-9945-4141-97fc-6aa017a0d5fa|127.0.0.1:15087, 702cb173-5c73-4ecc-b5cd-c7b4a6b66aea|127.0.0.1:15095, e33e6ec4-6b66-4281-bedd-2bd75bd30070|127.0.0.1:15103]|listeners:[], old=null}, confs=<EMPTY_MAP>
2025-10-16 19:47:29,296 [702cb173-5c73-4ecc-b5cd-c7b4a6b66aea-groupManagement] INFO  storage.RaftStorage (RaftStorageImpl.java:format(98)) - Storage directory /home/runner/work/ozone/ozone/hadoop-ozone/integration-test/target/test-dir/MiniOzoneClusterImpl-e7911277-7775-4457-96c8-94071a26a1ce/ozone-metadata/datanode-11/ratis/071df4d7-ac14-4329-b933-2ab8351bc093 has been successfully formatted.
2025-10-16 19:47:29,296 [702cb173-5c73-4ecc-b5cd-c7b4a6b66aea-groupManagement] INFO  ratis.ContainerStateMachine (ContainerStateMachine.java:initialize(339)) - 702cb173-5c73-4ecc-b5cd-c7b4a6b66aea: initialize group-2AB8351BC093
2025-10-16 19:47:29,296 [702cb173-5c73-4ecc-b5cd-c7b4a6b66aea-groupManagement] INFO  ratis.ContainerStateMachine (ContainerStateMachine.java:loadSnapshot(347)) - group-2AB8351BC093: The snapshot info is null. Setting the last applied index to:<INITIAL_VALUE>
2025-10-16 19:47:29,296 [702cb173-5c73-4ecc-b5cd-c7b4a6b66aea-groupManagement] INFO  server.RaftServerConfigKeys (ConfUtils.java:logGet(62)) - raft.server.log.appender.buffer.byte-limit = 33554432 (custom)
2025-10-16 19:47:29,302 | INFO  | SCMAudit | user=runner | ip=127.0.0.1 | op=SEND_HEARTBEAT {"datanodeUUID":"702cb173-5c73-4ecc-b5cd-c7b4a6b66aea","term":"2","command":"[]"} | ret=SUCCESS |  
2025-10-16 19:47:29,305 [702cb173-5c73-4ecc-b5cd-c7b4a6b66aea-groupManagement] INFO  server.RaftServerConfigKeys (ConfUtils.java:logGet(62)) - raft.server.log.segment.size.max = 67108864 (custom)
2025-10-16 19:47:29,306 [702cb173-5c73-4ecc-b5cd-c7b4a6b66aea-groupManagement] INFO  server.RaftServerConfigKeys (ConfUtils.java:logGet(62)) - raft.server.log.appender.buffer.byte-limit = 33554432 (custom)
2025-10-16 19:47:29,307 [EventQueue-PipelineReportForPipelineReportHandler] INFO  pipeline.PipelineReportHandler (PipelineReportHandler.java:processPipelineReport(132)) - Opened pipeline Pipeline-071df4d7-ac14-4329-b933-2ab8351bc093
2025-10-16 19:47:29,308 [702cb173-5c73-4ecc-b5cd-c7b4a6b66aea-groupManagement] INFO  util.AwaitToRun (AwaitToRun.java:start(81)) - Thread[#1755,702cb173-5c73-4ecc-b5cd-c7b4a6b66aea@group-2AB8351BC093-cacheEviction-AwaitToRun,5,main] started
2025-10-16 19:47:29,308 [702cb173-5c73-4ecc-b5cd-c7b4a6b66aea-groupManagement] INFO  segmented.SegmentedRaftLogWorker (SegmentedRaftLogWorker.java:<init>(190)) - new 702cb173-5c73-4ecc-b5cd-c7b4a6b66aea@group-2AB8351BC093-SegmentedRaftLogWorker for RaftStorageImpl:Storage Directory /home/runner/work/ozone/ozone/hadoop-ozone/integration-test/target/test-dir/MiniOzoneClusterImpl-e7911277-7775-4457-96c8-94071a26a1ce/ozone-metadata/datanode-11/ratis/071df4d7-ac14-4329-b933-2ab8351bc093
2025-10-16 19:47:29,308 [702cb173-5c73-4ecc-b5cd-c7b4a6b66aea-groupManagement] INFO  server.RaftServerConfigKeys (ConfUtils.java:logGet(62)) - raft.server.log.queue.byte-limit = 4294967296 (custom)
2025-10-16 19:47:29,309 [ForkJoinPool-1-worker-1] INFO  rpc.RpcClient (RpcClient.java:createVolume(461)) - Creating Volume: a9e2bd5e-ca4f-4d36-a162-5b3c37f85b17, with runner as owner and space quota set to -1 bytes, counts quota set to -1
2025-10-16 19:47:29,309 [702cb173-5c73-4ecc-b5cd-c7b4a6b66aea-groupManagement] INFO  server.RaftServerConfigKeys (ConfUtils.java:logGet(62)) - raft.server.log.segment.size.max = 67108864 (custom)
2025-10-16 19:47:29,309 [702cb173-5c73-4ecc-b5cd-c7b4a6b66aea-groupManagement] INFO  server.RaftServerConfigKeys (ConfUtils.java:logGet(62)) - raft.server.log.preallocated.size = 4194304 (custom)
2025-10-16 19:47:29,311 [702cb173-5c73-4ecc-b5cd-c7b4a6b66aea-groupManagement] INFO  server.RaftServerConfigKeys (ConfUtils.java:logGet(62)) - raft.server.log.write.buffer.size = 33554440 (custom)
2025-10-16 19:47:29,312 [e33e6ec4-6b66-4281-bedd-2bd75bd30070-groupManagement] INFO  server.RaftServerConfigKeys (ConfUtils.java:logGet(62)) - raft.server.storage.dir = [/home/runner/work/ozone/ozone/hadoop-ozone/integration-test/target/test-dir/MiniOzoneClusterImpl-e7911277-7775-4457-96c8-94071a26a1ce/ozone-metadata/datanode-12/ratis] (custom)
2025-10-16 19:47:29,313 [e33e6ec4-6b66-4281-bedd-2bd75bd30070-groupManagement] INFO  storage.RaftStorageDirectory (RaftStorageDirectoryImpl.java:analyzeStorage(138)) - The storage directory /home/runner/work/ozone/ozone/hadoop-ozone/integration-test/target/test-dir/MiniOzoneClusterImpl-e7911277-7775-4457-96c8-94071a26a1ce/ozone-metadata/datanode-12/ratis/36270c74-4c8b-4dac-af71-cdbac21eb987 does not exist. Creating ...
2025-10-16 19:47:29,315 [e33e6ec4-6b66-4281-bedd-2bd75bd30070-groupManagement] INFO  storage.RaftStorageDirectory (RaftStorageDirectoryImpl.java:tryLock(229)) - Lock on /home/runner/work/ozone/ozone/hadoop-ozone/integration-test/target/test-dir/MiniOzoneClusterImpl-e7911277-7775-4457-96c8-94071a26a1ce/ozone-metadata/datanode-12/ratis/36270c74-4c8b-4dac-af71-cdbac21eb987/in_use.lock acquired by nodename 40995@localhost
2025-10-16 19:47:29,320 [702cb173-5c73-4ecc-b5cd-c7b4a6b66aea-groupManagement] INFO  server.RaftServerConfigKeys (ConfUtils.java:logGet(62)) - raft.server.log.appender.buffer.byte-limit = 33554432 (custom)
2025-10-16 19:47:29,321 [702cb173-5c73-4ecc-b5cd-c7b4a6b66aea-groupManagement] INFO  segmented.SegmentedRaftLogWorker (SegmentedRaftLogWorker.java:lambda$new$0(141)) - 702cb173-5c73-4ecc-b5cd-c7b4a6b66aea@group-2AB8351BC093-SegmentedRaftLogWorker: flushIndex: setUnconditionally 0 -> -1
2025-10-16 19:47:29,321 [702cb173-5c73-4ecc-b5cd-c7b4a6b66aea-groupManagement] INFO  segmented.SegmentedRaftLogWorker (SegmentedRaftLogWorker.java:lambda$new$0(141)) - 702cb173-5c73-4ecc-b5cd-c7b4a6b66aea@group-2AB8351BC093-SegmentedRaftLogWorker: safeCacheEvictIndex: setUnconditionally 0 -> -1
2025-10-16 19:47:29,320 [e33e6ec4-6b66-4281-bedd-2bd75bd30070-groupManagement] INFO  storage.RaftStorage (RaftStorageImpl.java:format(98)) - Storage directory /home/runner/work/ozone/ozone/hadoop-ozone/integration-test/target/test-dir/MiniOzoneClusterImpl-e7911277-7775-4457-96c8-94071a26a1ce/ozone-metadata/datanode-12/ratis/36270c74-4c8b-4dac-af71-cdbac21eb987 has been successfully formatted.
2025-10-16 19:47:29,322 [e33e6ec4-6b66-4281-bedd-2bd75bd30070-groupManagement] INFO  ratis.ContainerStateMachine (ContainerStateMachine.java:initialize(339)) - e33e6ec4-6b66-4281-bedd-2bd75bd30070: initialize group-CDBAC21EB987
2025-10-16 19:47:29,322 [e33e6ec4-6b66-4281-bedd-2bd75bd30070-groupManagement] INFO  ratis.ContainerStateMachine (ContainerStateMachine.java:loadSnapshot(347)) - group-CDBAC21EB987: The snapshot info is null. Setting the last applied index to:<INITIAL_VALUE>
2025-10-16 19:47:29,322 [e33e6ec4-6b66-4281-bedd-2bd75bd30070-groupManagement] INFO  server.RaftServerConfigKeys (ConfUtils.java:logGet(62)) - raft.server.log.appender.buffer.byte-limit = 33554432 (custom)
2025-10-16 19:47:29,323 [e072d245-7694-4d97-8e20-c503ebf8c2fe@group-961DE130DC57-FollowerState] INFO  impl.FollowerState (FollowerState.java:runImpl(161)) - e072d245-7694-4d97-8e20-c503ebf8c2fe@group-961DE130DC57-FollowerState: change to CANDIDATE, lastRpcElapsedTime:1010597087ns, electionTimeout:1010ms
2025-10-16 19:47:29,323 [e072d245-7694-4d97-8e20-c503ebf8c2fe@group-961DE130DC57-FollowerState] INFO  impl.RoleInfo (RoleInfo.java:shutdownFollowerState(121)) - e072d245-7694-4d97-8e20-c503ebf8c2fe: shutdown e072d245-7694-4d97-8e20-c503ebf8c2fe@group-961DE130DC57-FollowerState
2025-10-16 19:47:29,323 [e072d245-7694-4d97-8e20-c503ebf8c2fe@group-961DE130DC57-FollowerState] INFO  server.RaftServer$Division (RaftServerImpl.java:setRole(392)) - e072d245-7694-4d97-8e20-c503ebf8c2fe@group-961DE130DC57: changes role from  FOLLOWER to CANDIDATE at term 0 for changeToCandidate
2025-10-16 19:47:29,323 [e072d245-7694-4d97-8e20-c503ebf8c2fe@group-961DE130DC57-FollowerState] INFO  impl.RoleInfo (RoleInfo.java:updateAndGet(148)) - e072d245-7694-4d97-8e20-c503ebf8c2fe: start e072d245-7694-4d97-8e20-c503ebf8c2fe@group-961DE130DC57-LeaderElection18
2025-10-16 19:47:29,323 [702cb173-5c73-4ecc-b5cd-c7b4a6b66aea-groupManagement] INFO  server.RaftServer$Division (RaftServerImpl.java:start(405)) - 702cb173-5c73-4ecc-b5cd-c7b4a6b66aea@group-2AB8351BC093: start as a follower, conf=conf: {index: -1, cur=peers:[702cb173-5c73-4ecc-b5cd-c7b4a6b66aea|127.0.0.1:15095]|listeners:[], old=null}
2025-10-16 19:47:29,324 [702cb173-5c73-4ecc-b5cd-c7b4a6b66aea-groupManagement] INFO  server.RaftServer$Division (RaftServerImpl.java:setRole(392)) - 702cb173-5c73-4ecc-b5cd-c7b4a6b66aea@group-2AB8351BC093: changes role from      null to FOLLOWER at term 0 for startAsFollower
2025-10-16 19:47:29,324 [702cb173-5c73-4ecc-b5cd-c7b4a6b66aea-groupManagement] INFO  impl.RoleInfo (RoleInfo.java:updateAndGet(148)) - 702cb173-5c73-4ecc-b5cd-c7b4a6b66aea: start 702cb173-5c73-4ecc-b5cd-c7b4a6b66aea@group-2AB8351BC093-FollowerState
2025-10-16 19:47:29,325 [e072d245-7694-4d97-8e20-c503ebf8c2fe@group-961DE130DC57-LeaderElection18] INFO  impl.LeaderElection (LeaderElection.java:askForVotes(448)) - e072d245-7694-4d97-8e20-c503ebf8c2fe@group-961DE130DC57-LeaderElection18 PRE_VOTE round 0: submit vote requests at term 0 for conf: {index: -1, cur=peers:[e072d245-7694-4d97-8e20-c503ebf8c2fe|127.0.0.1:15063]|listeners:[], old=null}
2025-10-16 19:47:29,325 [e072d245-7694-4d97-8e20-c503ebf8c2fe@group-961DE130DC57-LeaderElection18] INFO  impl.LeaderElection (LeaderElection.java:askForVotes(450)) - e072d245-7694-4d97-8e20-c503ebf8c2fe@group-961DE130DC57-LeaderElection18 PRE_VOTE round 0: result PASSED (term=0)
2025-10-16 19:47:29,325 [702cb173-5c73-4ecc-b5cd-c7b4a6b66aea-groupManagement] INFO  util.JmxRegister (JmxRegister.java:tryRegister(44)) - Successfully registered JMX Bean with object name Ratis:service=RaftServer,group=group-2AB8351BC093,id=702cb173-5c73-4ecc-b5cd-c7b4a6b66aea
2025-10-16 19:47:29,325 [702cb173-5c73-4ecc-b5cd-c7b4a6b66aea-groupManagement] INFO  util.JmxRegister (JmxRegister.java:register(58)) - register mxBean class org.apache.ratis.server.impl.RaftServerJmxAdapter as Ratis:service=RaftServer,group=group-2AB8351BC093,id=702cb173-5c73-4ecc-b5cd-c7b4a6b66aea
2025-10-16 19:47:29,327 [e072d245-7694-4d97-8e20-c503ebf8c2fe@group-961DE130DC57-LeaderElection18] INFO  impl.LeaderElection (LeaderElection.java:askForVotes(448)) - e072d245-7694-4d97-8e20-c503ebf8c2fe@group-961DE130DC57-LeaderElection18 ELECTION round 0: submit vote requests at term 1 for conf: {index: -1, cur=peers:[e072d245-7694-4d97-8e20-c503ebf8c2fe|127.0.0.1:15063]|listeners:[], old=null}
2025-10-16 19:47:29,328 [702cb173-5c73-4ecc-b5cd-c7b4a6b66aea-groupManagement] INFO  server.RaftServer$Division (RaftServerImpl.java:start(419)) - 702cb173-5c73-4ecc-b5cd-c7b4a6b66aea@group-2AB8351BC093: Successfully started.
2025-10-16 19:47:29,328 [e33e6ec4-6b66-4281-bedd-2bd75bd30070-groupManagement] INFO  server.RaftServerConfigKeys (ConfUtils.java:logGet(62)) - raft.server.log.segment.size.max = 67108864 (custom)
2025-10-16 19:47:29,329 [702cb173-5c73-4ecc-b5cd-c7b4a6b66aea-CreatePipelineCommandHandlerThread-0] INFO  ratis.XceiverServerRatis (XceiverServerRatis.java:addGroup(839)) - Created group Pipeline-071df4d7-ac14-4329-b933-2ab8351bc093
2025-10-16 19:47:29,329 [e072d245-7694-4d97-8e20-c503ebf8c2fe@group-961DE130DC57-LeaderElection18] INFO  impl.LeaderElection (LeaderElection.java:askForVotes(450)) - e072d245-7694-4d97-8e20-c503ebf8c2fe@group-961DE130DC57-LeaderElection18 ELECTION round 0: result PASSED (term=1)
2025-10-16 19:47:29,330 [702cb173-5c73-4ecc-b5cd-c7b4a6b66aea-CreatePipelineCommandHandlerThread-0] INFO  commandhandler.CreatePipelineCommandHandler (CreatePipelineCommandHandler.java:lambda$handle$2(141)) - Created Pipeline RATIS ONE Pipeline-071df4d7-ac14-4329-b933-2ab8351bc093.
2025-10-16 19:47:29,329 [e33e6ec4-6b66-4281-bedd-2bd75bd30070-groupManagement] INFO  server.RaftServerConfigKeys (ConfUtils.java:logGet(62)) - raft.server.log.appender.buffer.byte-limit = 33554432 (custom)
2025-10-16 19:47:29,330 [e072d245-7694-4d97-8e20-c503ebf8c2fe@group-961DE130DC57-LeaderElection18] INFO  impl.RoleInfo (RoleInfo.java:shutdownLeaderElection(141)) - e072d245-7694-4d97-8e20-c503ebf8c2fe: shutdown e072d245-7694-4d97-8e20-c503ebf8c2fe@group-961DE130DC57-LeaderElection18
2025-10-16 19:47:29,330 [e072d245-7694-4d97-8e20-c503ebf8c2fe@group-961DE130DC57-LeaderElection18] INFO  server.RaftServer$Division (RaftServerImpl.java:setRole(392)) - e072d245-7694-4d97-8e20-c503ebf8c2fe@group-961DE130DC57: changes role from CANDIDATE to LEADER at term 1 for changeToLeader
2025-10-16 19:47:29,330 [e072d245-7694-4d97-8e20-c503ebf8c2fe@group-961DE130DC57-LeaderElection18] INFO  server.RaftServerConfigKeys (ConfUtils.java:logFallback(69)) - raft.server.staging.timeout = 15600ms (fallback to raft.server.rpc.timeout.max)
2025-10-16 19:47:29,331 [e33e6ec4-6b66-4281-bedd-2bd75bd30070-groupManagement] INFO  util.AwaitToRun (AwaitToRun.java:start(81)) - Thread[#1761,e33e6ec4-6b66-4281-bedd-2bd75bd30070@group-CDBAC21EB987-cacheEviction-AwaitToRun,5,main] started
2025-10-16 19:47:29,331 [e33e6ec4-6b66-4281-bedd-2bd75bd30070-groupManagement] INFO  segmented.SegmentedRaftLogWorker (SegmentedRaftLogWorker.java:<init>(190)) - new e33e6ec4-6b66-4281-bedd-2bd75bd30070@group-CDBAC21EB987-SegmentedRaftLogWorker for RaftStorageImpl:Storage Directory /home/runner/work/ozone/ozone/hadoop-ozone/integration-test/target/test-dir/MiniOzoneClusterImpl-e7911277-7775-4457-96c8-94071a26a1ce/ozone-metadata/datanode-12/ratis/36270c74-4c8b-4dac-af71-cdbac21eb987
2025-10-16 19:47:29,331 [e33e6ec4-6b66-4281-bedd-2bd75bd30070-groupManagement] INFO  server.RaftServerConfigKeys (ConfUtils.java:logGet(62)) - raft.server.log.queue.byte-limit = 4294967296 (custom)
2025-10-16 19:47:29,331 [e33e6ec4-6b66-4281-bedd-2bd75bd30070-groupManagement] INFO  server.RaftServerConfigKeys (ConfUtils.java:logGet(62)) - raft.server.log.segment.size.max = 67108864 (custom)
2025-10-16 19:47:29,331 [e33e6ec4-6b66-4281-bedd-2bd75bd30070-groupManagement] INFO  server.RaftServerConfigKeys (ConfUtils.java:logGet(62)) - raft.server.log.preallocated.size = 4194304 (custom)
2025-10-16 19:47:29,331 [e33e6ec4-6b66-4281-bedd-2bd75bd30070-groupManagement] INFO  server.RaftServerConfigKeys (ConfUtils.java:logGet(62)) - raft.server.log.write.buffer.size = 33554440 (custom)
2025-10-16 19:47:29,330 | INFO  | SCMAudit | user=runner | ip=127.0.0.1 | op=SEND_HEARTBEAT {"datanodeUUID":"e33e6ec4-6b66-4281-bedd-2bd75bd30070","term":"2","command":"[]"} | ret=SUCCESS |  
2025-10-16 19:47:29,331 [e072d245-7694-4d97-8e20-c503ebf8c2fe@group-961DE130DC57-LeaderElection18] INFO  server.RaftServerConfigKeys (ConfUtils.java:logGet(62)) - raft.server.write.byte-limit = 1024 M (=1073741824) (custom)
2025-10-16 19:47:29,334 [e072d245-7694-4d97-8e20-c503ebf8c2fe@group-961DE130DC57-LeaderElection18] INFO  impl.RoleInfo (RoleInfo.java:updateAndGet(148)) - e072d245-7694-4d97-8e20-c503ebf8c2fe: start e072d245-7694-4d97-8e20-c503ebf8c2fe@group-961DE130DC57-LeaderStateImpl
2025-10-16 19:47:29,334 [e072d245-7694-4d97-8e20-c503ebf8c2fe@group-961DE130DC57-LeaderElection18] INFO  server.RaftServer$Division (RaftServerImpl.java:setFirstElection(576)) - e072d245-7694-4d97-8e20-c503ebf8c2fe@group-961DE130DC57: set firstElectionSinceStartup to false for becomeLeader
2025-10-16 19:47:29,334 [e072d245-7694-4d97-8e20-c503ebf8c2fe@group-961DE130DC57-LeaderElection18] INFO  ratis.XceiverServerRatis (XceiverServerRatis.java:handleLeaderChangedNotification(940)) - Leader change notification received for group: group-961DE130DC57 with new leaderId: e072d245-7694-4d97-8e20-c503ebf8c2fe
2025-10-16 19:47:29,334 [e072d245-7694-4d97-8e20-c503ebf8c2fe@group-961DE130DC57-LeaderElection18] INFO  server.RaftServer$Division (ServerState.java:setLeader(272)) - e072d245-7694-4d97-8e20-c503ebf8c2fe@group-961DE130DC57: change Leader from null to e072d245-7694-4d97-8e20-c503ebf8c2fe at term 1 for becomeLeader, leader elected after 1041ms
2025-10-16 19:47:29,334 [e072d245-7694-4d97-8e20-c503ebf8c2fe@group-961DE130DC57-LeaderElection18] INFO  segmented.SegmentedRaftLogWorker (SegmentedRaftLogWorker.java:startLogSegment(440)) - e072d245-7694-4d97-8e20-c503ebf8c2fe@group-961DE130DC57-SegmentedRaftLogWorker: Starting segment from index:0
2025-10-16 19:47:29,335 [e072d245-7694-4d97-8e20-c503ebf8c2fe@group-961DE130DC57-LeaderElection18] INFO  server.RaftServer$Division (ServerState.java:setRaftConf(386)) - e072d245-7694-4d97-8e20-c503ebf8c2fe@group-961DE130DC57: set configuration conf: {index: 0, cur=peers:[e072d245-7694-4d97-8e20-c503ebf8c2fe|127.0.0.1:15063]|listeners:[], old=null}
2025-10-16 19:47:29,336 | INFO  | SCMAudit | user=runner | ip=127.0.0.1 | op=SEND_HEARTBEAT {"datanodeUUID":"e072d245-7694-4d97-8e20-c503ebf8c2fe","term":"2","command":"[]"} | ret=SUCCESS |  
2025-10-16 19:47:29,337 [e072d245-7694-4d97-8e20-c503ebf8c2fe@group-961DE130DC57-SegmentedRaftLogWorker] INFO  segmented.BufferedWriteChannel (BufferedWriteChannel.java:open(61)) - open log_inprogress_0 at position 0
2025-10-16 19:47:29,342 [e33e6ec4-6b66-4281-bedd-2bd75bd30070-groupManagement] INFO  server.RaftServerConfigKeys (ConfUtils.java:logGet(62)) - raft.server.log.appender.buffer.byte-limit = 33554432 (custom)
2025-10-16 19:47:29,342 [e33e6ec4-6b66-4281-bedd-2bd75bd30070-groupManagement] INFO  segmented.SegmentedRaftLogWorker (SegmentedRaftLogWorker.java:lambda$new$0(141)) - e33e6ec4-6b66-4281-bedd-2bd75bd30070@group-CDBAC21EB987-SegmentedRaftLogWorker: flushIndex: setUnconditionally 0 -> -1
2025-10-16 19:47:29,342 [e33e6ec4-6b66-4281-bedd-2bd75bd30070-groupManagement] INFO  segmented.SegmentedRaftLogWorker (SegmentedRaftLogWorker.java:lambda$new$0(141)) - e33e6ec4-6b66-4281-bedd-2bd75bd30070@group-CDBAC21EB987-SegmentedRaftLogWorker: safeCacheEvictIndex: setUnconditionally 0 -> -1
2025-10-16 19:47:29,343 [e33e6ec4-6b66-4281-bedd-2bd75bd30070-groupManagement] INFO  server.RaftServer$Division (RaftServerImpl.java:start(405)) - e33e6ec4-6b66-4281-bedd-2bd75bd30070@group-CDBAC21EB987: start as a follower, conf=conf: {index: -1, cur=peers:[0e8b6cc7-9945-4141-97fc-6aa017a0d5fa|127.0.0.1:15087, 702cb173-5c73-4ecc-b5cd-c7b4a6b66aea|127.0.0.1:15095, e33e6ec4-6b66-4281-bedd-2bd75bd30070|127.0.0.1:15103]|listeners:[], old=null}
2025-10-16 19:47:29,344 [e33e6ec4-6b66-4281-bedd-2bd75bd30070-groupManagement] INFO  server.RaftServer$Division (RaftServerImpl.java:setRole(392)) - e33e6ec4-6b66-4281-bedd-2bd75bd30070@group-CDBAC21EB987: changes role from      null to FOLLOWER at term 0 for startAsFollower
2025-10-16 19:47:29,344 [e33e6ec4-6b66-4281-bedd-2bd75bd30070-groupManagement] INFO  impl.RoleInfo (RoleInfo.java:updateAndGet(148)) - e33e6ec4-6b66-4281-bedd-2bd75bd30070: start e33e6ec4-6b66-4281-bedd-2bd75bd30070@group-CDBAC21EB987-FollowerState
2025-10-16 19:47:29,344 [e33e6ec4-6b66-4281-bedd-2bd75bd30070-groupManagement] INFO  util.JmxRegister (JmxRegister.java:tryRegister(44)) - Successfully registered JMX Bean with object name Ratis:service=RaftServer,group=group-CDBAC21EB987,id=e33e6ec4-6b66-4281-bedd-2bd75bd30070
2025-10-16 19:47:29,344 [e33e6ec4-6b66-4281-bedd-2bd75bd30070-groupManagement] INFO  util.JmxRegister (JmxRegister.java:register(58)) - register mxBean class org.apache.ratis.server.impl.RaftServerJmxAdapter as Ratis:service=RaftServer,group=group-CDBAC21EB987,id=e33e6ec4-6b66-4281-bedd-2bd75bd30070
2025-10-16 19:47:29,345 [e33e6ec4-6b66-4281-bedd-2bd75bd30070-groupManagement] INFO  server.RaftServer$Division (RaftServerImpl.java:start(419)) - e33e6ec4-6b66-4281-bedd-2bd75bd30070@group-CDBAC21EB987: Successfully started.
2025-10-16 19:47:29,347 [om1-OMStateMachineApplyTransactionThread - 0] INFO  volume.OMVolumeCreateRequest (OMVolumeCreateRequest.java:validateAndUpdateCache(213)) - created volume:a9e2bd5e-ca4f-4d36-a162-5b3c37f85b17 for user:runner
2025-10-16 19:47:29,347 | INFO  | OMAudit | user=runner | ip=127.0.0.1 | op=CREATE_VOLUME {"admin":"runner","owner":"runner","volume":"a9e2bd5e-ca4f-4d36-a162-5b3c37f85b17","creationTime":"1760644049324","modificationTime":"1760644049324","quotaInBytes":"-1","quotaInNamespace":"-1","usedNamespace":"0","objectID":"-9223372036854775552","updateID":"1","Transaction":"1"} | ret=SUCCESS |  
2025-10-16 19:47:29,352 [e072d245-7694-4d97-8e20-c503ebf8c2fe@group-961DE130DC57-SegmentedRaftLogWorker] INFO  segmented.SegmentedRaftLogWorker (SegmentedRaftLogWorker.java:execute(647)) - e072d245-7694-4d97-8e20-c503ebf8c2fe@group-961DE130DC57-SegmentedRaftLogWorker: created new log segment /home/runner/work/ozone/ozone/hadoop-ozone/integration-test/target/test-dir/MiniOzoneClusterImpl-e7911277-7775-4457-96c8-94071a26a1ce/ozone-metadata/datanode-7/ratis/601a9733-5f65-4a12-8efd-961de130dc57/current/log_inprogress_0
2025-10-16 19:47:29,354 [0e8b6cc7-9945-4141-97fc-6aa017a0d5fa-CreatePipelineCommandHandlerThread-0] INFO  commandhandler.CreatePipelineCommandHandler (CreatePipelineCommandHandler.java:lambda$handle$2(141)) - Created Pipeline RATIS THREE Pipeline-36270c74-4c8b-4dac-af71-cdbac21eb987.
2025-10-16 19:47:29,354 [e072d245-7694-4d97-8e20-c503ebf8c2fe@group-961DE130DC57-StateMachineUpdater] INFO  server.RaftServer$Division (LeaderStateImpl.java:checkStartIndex(309)) - Leader e072d245-7694-4d97-8e20-c503ebf8c2fe@group-961DE130DC57-LeaderStateImpl is ready since appliedIndex == startIndex == 0
2025-10-16 19:47:29,360 | INFO  | OMAudit | user=runner | ip=127.0.0.1 | op=READ_VOLUME {"volume":"a9e2bd5e-ca4f-4d36-a162-5b3c37f85b17"} | ret=SUCCESS |  
2025-10-16 19:47:29,366 [ForkJoinPool-1-worker-1] INFO  rpc.RpcClient (RpcClient.java:createBucket(686)) - Creating Bucket: a9e2bd5e-ca4f-4d36-a162-5b3c37f85b17/4d5f80d2-532d-4dfe-8495-e9fd50a8a862, with bucket layout OBJECT_STORE, runner as owner, Versioning true, Storage Type set to DISK and Encryption set to false, Replication Type set to server-side default replication type, Namespace Quota set to -1, Space Quota set to -1 
2025-10-16 19:47:29,379 [om1-OMStateMachineApplyTransactionThread - 0] INFO  bucket.OMBucketCreateRequest (OMBucketCreateRequest.java:validateAndUpdateCache(303)) - created bucket: 4d5f80d2-532d-4dfe-8495-e9fd50a8a862 of layout OBJECT_STORE in volume: a9e2bd5e-ca4f-4d36-a162-5b3c37f85b17
2025-10-16 19:47:29,380 | INFO  | OMAudit | user=runner | ip=127.0.0.1 | op=CREATE_BUCKET {"volume":"a9e2bd5e-ca4f-4d36-a162-5b3c37f85b17","bucket":"4d5f80d2-532d-4dfe-8495-e9fd50a8a862","bucketLayout":"OBJECT_STORE","gdprEnabled":null,"acls":"[user:runner:a[ACCESS], group:runner:rl[ACCESS]]","isVersionEnabled":"true","storageType":"DISK","creationTime":"1760644049373","bucketEncryptionKey":null,"modificationTime":"1760644049373","usedBytes":"0","usedNamespace":"0","snapshotUsedBytes":"0","snapshotUsedNamespace":"0","owner":"runner","replicationType":null,"replicationConfig":null,"quotaInBytes":"-1","quotaInNamespace":"-1","Transaction":"2"} | ret=SUCCESS |  
2025-10-16 19:47:29,388 | INFO  | OMAudit | user=runner | ip=127.0.0.1 | op=READ_BUCKET {"volume":"a9e2bd5e-ca4f-4d36-a162-5b3c37f85b17","bucket":"4d5f80d2-532d-4dfe-8495-e9fd50a8a862"} | ret=SUCCESS |  
2025-10-16 19:47:29,419 | INFO  | OMAudit | user=runner | ip=127.0.0.1 | op=READ_BUCKET {"volume":"a9e2bd5e-ca4f-4d36-a162-5b3c37f85b17","bucket":"4d5f80d2-532d-4dfe-8495-e9fd50a8a862"} | ret=SUCCESS |  
2025-10-16 19:47:29,441 [IPC Server handler 6 on default port 15001] INFO  ha.SequenceIdGenerator (SequenceIdGenerator.java:getNextId(135)) - Allocate a batch for containerId, change lastId from 0 to 1000.
2025-10-16 19:47:29,454 [bed9314d-2aab-40ad-9a80-177434bab325@group-94071A26A1CE-StateMachineUpdater] WARN  ha.SequenceIdGenerator (SequenceIdGenerator.java:allocateBatch(248)) - Failed to allocate a batch for localId, expected lastId is 0, actual lastId is 115816896921600000.
2025-10-16 19:47:29,456 [IPC Server handler 6 on default port 15001] INFO  ha.SequenceIdGenerator (SequenceIdGenerator.java:getNextId(135)) - Allocate a batch for localId, change lastId from 115816896921600000 to 115816896921601000.
2025-10-16 19:47:29,459 | INFO  | SCMAudit | user=runner | ip=127.0.0.1 | op=ALLOCATE_BLOCK {"replication":"RATIS/ONE","owner":"omServiceIdDefault","size":"4194304","sampleBlocks":"[conID: 1 locID: 115816896921600001]","num":"1","client":"","allocated":"1"} | ret=SUCCESS |  
2025-10-16 19:47:29,472 [e072d245-7694-4d97-8e20-c503ebf8c2fe@group-EE898A0A2821-FollowerState] INFO  impl.FollowerState (FollowerState.java:runImpl(161)) - e072d245-7694-4d97-8e20-c503ebf8c2fe@group-EE898A0A2821-FollowerState: change to CANDIDATE, lastRpcElapsedTime:1137545382ns, electionTimeout:1137ms
2025-10-16 19:47:29,472 [e072d245-7694-4d97-8e20-c503ebf8c2fe@group-EE898A0A2821-FollowerState] INFO  impl.RoleInfo (RoleInfo.java:shutdownFollowerState(121)) - e072d245-7694-4d97-8e20-c503ebf8c2fe: shutdown e072d245-7694-4d97-8e20-c503ebf8c2fe@group-EE898A0A2821-FollowerState
2025-10-16 19:47:29,472 [e072d245-7694-4d97-8e20-c503ebf8c2fe@group-EE898A0A2821-FollowerState] INFO  server.RaftServer$Division (RaftServerImpl.java:setRole(392)) - e072d245-7694-4d97-8e20-c503ebf8c2fe@group-EE898A0A2821: changes role from  FOLLOWER to CANDIDATE at term 0 for changeToCandidate
2025-10-16 19:47:29,473 [e072d245-7694-4d97-8e20-c503ebf8c2fe@group-EE898A0A2821-FollowerState] INFO  impl.RoleInfo (RoleInfo.java:updateAndGet(148)) - e072d245-7694-4d97-8e20-c503ebf8c2fe: start e072d245-7694-4d97-8e20-c503ebf8c2fe@group-EE898A0A2821-LeaderElection19
2025-10-16 19:47:29,474 [e072d245-7694-4d97-8e20-c503ebf8c2fe@group-EE898A0A2821-LeaderElection19] INFO  impl.LeaderElection (LeaderElection.java:askForVotes(448)) - e072d245-7694-4d97-8e20-c503ebf8c2fe@group-EE898A0A2821-LeaderElection19 PRE_VOTE round 0: submit vote requests at term 0 for conf: {index: -1, cur=peers:[e072d245-7694-4d97-8e20-c503ebf8c2fe|127.0.0.1:15063, 76d4ba71-5bbb-4b24-8f51-8bc7f78aaca4|127.0.0.1:15071, 8a0fa2ff-b550-4652-b2fe-0cf91cd4a157|127.0.0.1:15079]|listeners:[], old=null}
2025-10-16 19:47:29,475 [e072d245-7694-4d97-8e20-c503ebf8c2fe@group-EE898A0A2821-LeaderElection19-1] INFO  server.GrpcServerProtocolClient (GrpcServerProtocolClient.java:<init>(65)) - Build channel for 76d4ba71-5bbb-4b24-8f51-8bc7f78aaca4|127.0.0.1:15071
2025-10-16 19:47:29,476 [e072d245-7694-4d97-8e20-c503ebf8c2fe@group-EE898A0A2821-LeaderElection19-2] INFO  server.GrpcServerProtocolClient (GrpcServerProtocolClient.java:<init>(65)) - Build channel for 8a0fa2ff-b550-4652-b2fe-0cf91cd4a157|127.0.0.1:15079
2025-10-16 19:47:29,481 [grpc-default-executor-5] INFO  server.RaftServer$Division (RaftServerImpl.java:requestVote(1421)) - 8a0fa2ff-b550-4652-b2fe-0cf91cd4a157@group-EE898A0A2821: receive requestVote(PRE_VOTE, e072d245-7694-4d97-8e20-c503ebf8c2fe, group-EE898A0A2821, 0, <PROTO_DEFAULT>)
2025-10-16 19:47:29,482 [grpc-default-executor-5] INFO  impl.VoteContext (VoteContext.java:log(49)) - 8a0fa2ff-b550-4652-b2fe-0cf91cd4a157@group-EE898A0A2821-FOLLOWER: accept PRE_VOTE from e072d245-7694-4d97-8e20-c503ebf8c2fe: our priority 0 <= candidate's priority 1
2025-10-16 19:47:29,483 [grpc-default-executor-5] INFO  server.RaftServer$Division (RaftServerImpl.java:requestVote(1455)) - 8a0fa2ff-b550-4652-b2fe-0cf91cd4a157@group-EE898A0A2821 replies to PRE_VOTE vote request: e072d245-7694-4d97-8e20-c503ebf8c2fe<-8a0fa2ff-b550-4652-b2fe-0cf91cd4a157#0:OK-t0-last:<INITIAL_VALUE>. Peer's state: 8a0fa2ff-b550-4652-b2fe-0cf91cd4a157@group-EE898A0A2821:t0, leader=null, voted=, raftlog=Memoized:8a0fa2ff-b550-4652-b2fe-0cf91cd4a157@group-EE898A0A2821-SegmentedRaftLog:OPENED:c-1:lastnull, conf=conf: {index: -1, cur=peers:[e072d245-7694-4d97-8e20-c503ebf8c2fe|127.0.0.1:15063, 76d4ba71-5bbb-4b24-8f51-8bc7f78aaca4|127.0.0.1:15071, 8a0fa2ff-b550-4652-b2fe-0cf91cd4a157|127.0.0.1:15079]|listeners:[], old=null}
2025-10-16 19:47:29,485 [e072d245-7694-4d97-8e20-c503ebf8c2fe@group-EE898A0A2821-LeaderElection19] INFO  impl.LeaderElection (LeaderElection.java:logAndReturn(206)) - e072d245-7694-4d97-8e20-c503ebf8c2fe@group-EE898A0A2821-LeaderElection19: PRE_VOTE PASSED received 1 response(s) and 0 exception(s):
2025-10-16 19:47:29,485 [e072d245-7694-4d97-8e20-c503ebf8c2fe@group-EE898A0A2821-LeaderElection19] INFO  impl.LeaderElection (LeaderElection.java:logAndReturn(210)) -   Response 0: e072d245-7694-4d97-8e20-c503ebf8c2fe<-8a0fa2ff-b550-4652-b2fe-0cf91cd4a157#0:OK-t0-last:<INITIAL_VALUE>
2025-10-16 19:47:29,485 [e072d245-7694-4d97-8e20-c503ebf8c2fe@group-EE898A0A2821-LeaderElection19] INFO  impl.LeaderElection (LeaderElection.java:askForVotes(450)) - e072d245-7694-4d97-8e20-c503ebf8c2fe@group-EE898A0A2821-LeaderElection19 PRE_VOTE round 0: result PASSED
2025-10-16 19:47:29,487 [e072d245-7694-4d97-8e20-c503ebf8c2fe@group-EE898A0A2821-LeaderElection19] INFO  impl.LeaderElection (LeaderElection.java:askForVotes(448)) - e072d245-7694-4d97-8e20-c503ebf8c2fe@group-EE898A0A2821-LeaderElection19 ELECTION round 0: submit vote requests at term 1 for conf: {index: -1, cur=peers:[e072d245-7694-4d97-8e20-c503ebf8c2fe|127.0.0.1:15063, 76d4ba71-5bbb-4b24-8f51-8bc7f78aaca4|127.0.0.1:15071, 8a0fa2ff-b550-4652-b2fe-0cf91cd4a157|127.0.0.1:15079]|listeners:[], old=null}
2025-10-16 19:47:29,489 [grpc-default-executor-5] INFO  server.RaftServer$Division (RaftServerImpl.java:requestVote(1421)) - 76d4ba71-5bbb-4b24-8f51-8bc7f78aaca4@group-EE898A0A2821: receive requestVote(PRE_VOTE, e072d245-7694-4d97-8e20-c503ebf8c2fe, group-EE898A0A2821, 0, <PROTO_DEFAULT>)
2025-10-16 19:47:29,489 [grpc-default-executor-5] INFO  impl.VoteContext (VoteContext.java:log(49)) - 76d4ba71-5bbb-4b24-8f51-8bc7f78aaca4@group-EE898A0A2821-FOLLOWER: accept PRE_VOTE from e072d245-7694-4d97-8e20-c503ebf8c2fe: our priority 0 <= candidate's priority 1
2025-10-16 19:47:29,490 [grpc-default-executor-5] INFO  server.RaftServer$Division (RaftServerImpl.java:requestVote(1455)) - 76d4ba71-5bbb-4b24-8f51-8bc7f78aaca4@group-EE898A0A2821 replies to PRE_VOTE vote request: e072d245-7694-4d97-8e20-c503ebf8c2fe<-76d4ba71-5bbb-4b24-8f51-8bc7f78aaca4#0:OK-t0-last:<INITIAL_VALUE>. Peer's state: 76d4ba71-5bbb-4b24-8f51-8bc7f78aaca4@group-EE898A0A2821:t0, leader=null, voted=, raftlog=Memoized:76d4ba71-5bbb-4b24-8f51-8bc7f78aaca4@group-EE898A0A2821-SegmentedRaftLog:OPENED:c-1:lastnull, conf=conf: {index: -1, cur=peers:[e072d245-7694-4d97-8e20-c503ebf8c2fe|127.0.0.1:15063, 76d4ba71-5bbb-4b24-8f51-8bc7f78aaca4|127.0.0.1:15071, 8a0fa2ff-b550-4652-b2fe-0cf91cd4a157|127.0.0.1:15079]|listeners:[], old=null}
2025-10-16 19:47:29,492 [grpc-default-executor-5] INFO  server.RaftServer$Division (RaftServerImpl.java:requestVote(1421)) - 76d4ba71-5bbb-4b24-8f51-8bc7f78aaca4@group-EE898A0A2821: receive requestVote(ELECTION, e072d245-7694-4d97-8e20-c503ebf8c2fe, group-EE898A0A2821, 1, <PROTO_DEFAULT>)
2025-10-16 19:47:29,492 [grpc-default-executor-5] INFO  impl.VoteContext (VoteContext.java:log(49)) - 76d4ba71-5bbb-4b24-8f51-8bc7f78aaca4@group-EE898A0A2821-FOLLOWER: accept ELECTION from e072d245-7694-4d97-8e20-c503ebf8c2fe: our priority 0 <= candidate's priority 1
2025-10-16 19:47:29,492 [grpc-default-executor-5] INFO  server.RaftServer$Division (RaftServerImpl.java:setRole(392)) - 76d4ba71-5bbb-4b24-8f51-8bc7f78aaca4@group-EE898A0A2821: changes role from  FOLLOWER to FOLLOWER at term 0 for candidate:e072d245-7694-4d97-8e20-c503ebf8c2fe
2025-10-16 19:47:29,492 [grpc-default-executor-5] INFO  impl.RoleInfo (RoleInfo.java:shutdownFollowerState(121)) - 76d4ba71-5bbb-4b24-8f51-8bc7f78aaca4: shutdown 76d4ba71-5bbb-4b24-8f51-8bc7f78aaca4@group-EE898A0A2821-FollowerState
2025-10-16 19:47:29,492 [76d4ba71-5bbb-4b24-8f51-8bc7f78aaca4@group-EE898A0A2821-FollowerState] INFO  impl.FollowerState (FollowerState.java:runImpl(170)) - 76d4ba71-5bbb-4b24-8f51-8bc7f78aaca4@group-EE898A0A2821-FollowerState was interrupted
2025-10-16 19:47:29,493 [grpc-default-executor-2] INFO  server.RaftServer$Division (RaftServerImpl.java:requestVote(1421)) - 8a0fa2ff-b550-4652-b2fe-0cf91cd4a157@group-EE898A0A2821: receive requestVote(ELECTION, e072d245-7694-4d97-8e20-c503ebf8c2fe, group-EE898A0A2821, 1, <PROTO_DEFAULT>)
2025-10-16 19:47:29,493 [grpc-default-executor-2] INFO  impl.VoteContext (VoteContext.java:log(49)) - 8a0fa2ff-b550-4652-b2fe-0cf91cd4a157@group-EE898A0A2821-FOLLOWER: accept ELECTION from e072d245-7694-4d97-8e20-c503ebf8c2fe: our priority 0 <= candidate's priority 1
2025-10-16 19:47:29,493 [grpc-default-executor-2] INFO  server.RaftServer$Division (RaftServerImpl.java:setRole(392)) - 8a0fa2ff-b550-4652-b2fe-0cf91cd4a157@group-EE898A0A2821: changes role from  FOLLOWER to FOLLOWER at term 0 for candidate:e072d245-7694-4d97-8e20-c503ebf8c2fe
2025-10-16 19:47:29,493 [grpc-default-executor-2] INFO  impl.RoleInfo (RoleInfo.java:shutdownFollowerState(121)) - 8a0fa2ff-b550-4652-b2fe-0cf91cd4a157: shutdown 8a0fa2ff-b550-4652-b2fe-0cf91cd4a157@group-EE898A0A2821-FollowerState
2025-10-16 19:47:29,493 [8a0fa2ff-b550-4652-b2fe-0cf91cd4a157@group-EE898A0A2821-FollowerState] INFO  impl.FollowerState (FollowerState.java:runImpl(170)) - 8a0fa2ff-b550-4652-b2fe-0cf91cd4a157@group-EE898A0A2821-FollowerState was interrupted
2025-10-16 19:47:29,493 [grpc-default-executor-2] INFO  impl.RoleInfo (RoleInfo.java:updateAndGet(148)) - 8a0fa2ff-b550-4652-b2fe-0cf91cd4a157: start 8a0fa2ff-b550-4652-b2fe-0cf91cd4a157@group-EE898A0A2821-FollowerState
2025-10-16 19:47:29,496 [grpc-default-executor-5] INFO  impl.RoleInfo (RoleInfo.java:updateAndGet(148)) - 76d4ba71-5bbb-4b24-8f51-8bc7f78aaca4: start 76d4ba71-5bbb-4b24-8f51-8bc7f78aaca4@group-EE898A0A2821-FollowerState
2025-10-16 19:47:29,496 [grpc-default-executor-2] INFO  server.RaftServer$Division (RaftServerImpl.java:setFirstElection(576)) - 8a0fa2ff-b550-4652-b2fe-0cf91cd4a157@group-EE898A0A2821: set firstElectionSinceStartup to false for candidate:e072d245-7694-4d97-8e20-c503ebf8c2fe
2025-10-16 19:47:29,497 [grpc-default-executor-5] INFO  server.RaftServer$Division (RaftServerImpl.java:setFirstElection(576)) - 76d4ba71-5bbb-4b24-8f51-8bc7f78aaca4@group-EE898A0A2821: set firstElectionSinceStartup to false for candidate:e072d245-7694-4d97-8e20-c503ebf8c2fe
2025-10-16 19:47:29,498 [grpc-default-executor-5] INFO  server.RaftServer$Division (RaftServerImpl.java:requestVote(1455)) - 76d4ba71-5bbb-4b24-8f51-8bc7f78aaca4@group-EE898A0A2821 replies to ELECTION vote request: e072d245-7694-4d97-8e20-c503ebf8c2fe<-76d4ba71-5bbb-4b24-8f51-8bc7f78aaca4#0:OK-t1-last:<INITIAL_VALUE>. Peer's state: 76d4ba71-5bbb-4b24-8f51-8bc7f78aaca4@group-EE898A0A2821:t1, leader=null, voted=e072d245-7694-4d97-8e20-c503ebf8c2fe, raftlog=Memoized:76d4ba71-5bbb-4b24-8f51-8bc7f78aaca4@group-EE898A0A2821-SegmentedRaftLog:OPENED:c-1:lastnull, conf=conf: {index: -1, cur=peers:[e072d245-7694-4d97-8e20-c503ebf8c2fe|127.0.0.1:15063, 76d4ba71-5bbb-4b24-8f51-8bc7f78aaca4|127.0.0.1:15071, 8a0fa2ff-b550-4652-b2fe-0cf91cd4a157|127.0.0.1:15079]|listeners:[], old=null}
2025-10-16 19:47:29,499 [grpc-default-executor-2] INFO  server.RaftServer$Division (RaftServerImpl.java:requestVote(1455)) - 8a0fa2ff-b550-4652-b2fe-0cf91cd4a157@group-EE898A0A2821 replies to ELECTION vote request: e072d245-7694-4d97-8e20-c503ebf8c2fe<-8a0fa2ff-b550-4652-b2fe-0cf91cd4a157#0:OK-t1-last:<INITIAL_VALUE>. Peer's state: 8a0fa2ff-b550-4652-b2fe-0cf91cd4a157@group-EE898A0A2821:t1, leader=null, voted=e072d245-7694-4d97-8e20-c503ebf8c2fe, raftlog=Memoized:8a0fa2ff-b550-4652-b2fe-0cf91cd4a157@group-EE898A0A2821-SegmentedRaftLog:OPENED:c-1:lastnull, conf=conf: {index: -1, cur=peers:[e072d245-7694-4d97-8e20-c503ebf8c2fe|127.0.0.1:15063, 76d4ba71-5bbb-4b24-8f51-8bc7f78aaca4|127.0.0.1:15071, 8a0fa2ff-b550-4652-b2fe-0cf91cd4a157|127.0.0.1:15079]|listeners:[], old=null}
2025-10-16 19:47:29,500 [e072d245-7694-4d97-8e20-c503ebf8c2fe@group-EE898A0A2821-LeaderElection19] INFO  impl.LeaderElection (LeaderElection.java:logAndReturn(206)) - e072d245-7694-4d97-8e20-c503ebf8c2fe@group-EE898A0A2821-LeaderElection19: ELECTION PASSED received 1 response(s) and 0 exception(s):
2025-10-16 19:47:29,500 [e072d245-7694-4d97-8e20-c503ebf8c2fe@group-EE898A0A2821-LeaderElection19] INFO  impl.LeaderElection (LeaderElection.java:logAndReturn(210)) -   Response 0: e072d245-7694-4d97-8e20-c503ebf8c2fe<-8a0fa2ff-b550-4652-b2fe-0cf91cd4a157#0:OK-t1-last:<INITIAL_VALUE>
2025-10-16 19:47:29,502 [e072d245-7694-4d97-8e20-c503ebf8c2fe@group-EE898A0A2821-LeaderElection19] INFO  impl.LeaderElection (LeaderElection.java:askForVotes(450)) - e072d245-7694-4d97-8e20-c503ebf8c2fe@group-EE898A0A2821-LeaderElection19 ELECTION round 0: result PASSED
2025-10-16 19:47:29,503 [e072d245-7694-4d97-8e20-c503ebf8c2fe@group-EE898A0A2821-LeaderElection19] INFO  impl.RoleInfo (RoleInfo.java:shutdownLeaderElection(141)) - e072d245-7694-4d97-8e20-c503ebf8c2fe: shutdown e072d245-7694-4d97-8e20-c503ebf8c2fe@group-EE898A0A2821-LeaderElection19
2025-10-16 19:47:29,503 [e072d245-7694-4d97-8e20-c503ebf8c2fe@group-EE898A0A2821-LeaderElection19] INFO  server.RaftServer$Division (RaftServerImpl.java:setRole(392)) - e072d245-7694-4d97-8e20-c503ebf8c2fe@group-EE898A0A2821: changes role from CANDIDATE to LEADER at term 1 for changeToLeader
2025-10-16 19:47:29,503 [e072d245-7694-4d97-8e20-c503ebf8c2fe@group-EE898A0A2821-LeaderElection19] INFO  server.RaftServerConfigKeys (ConfUtils.java:logFallback(69)) - raft.server.staging.timeout = 15600ms (fallback to raft.server.rpc.timeout.max)
2025-10-16 19:47:29,503 [e072d245-7694-4d97-8e20-c503ebf8c2fe@group-EE898A0A2821-LeaderElection19] INFO  server.RaftServerConfigKeys (ConfUtils.java:logGet(62)) - raft.server.write.byte-limit = 1024 M (=1073741824) (custom)
2025-10-16 19:47:29,504 [e072d245-7694-4d97-8e20-c503ebf8c2fe@group-EE898A0A2821-LeaderElection19] INFO  server.RaftServerConfigKeys (ConfUtils.java:logGet(62)) - raft.server.log.appender.buffer.byte-limit = 33554432 (custom)
2025-10-16 19:47:29,506 [e072d245-7694-4d97-8e20-c503ebf8c2fe@group-EE898A0A2821-LeaderElection19] INFO  server.RaftServerConfigKeys (ConfUtils.java:logGet(62)) - raft.server.log.appender.buffer.byte-limit = 33554432 (custom)
2025-10-16 19:47:29,509 [e072d245-7694-4d97-8e20-c503ebf8c2fe@group-EE898A0A2821-LeaderElection19] INFO  impl.RoleInfo (RoleInfo.java:updateAndGet(148)) - e072d245-7694-4d97-8e20-c503ebf8c2fe: start e072d245-7694-4d97-8e20-c503ebf8c2fe@group-EE898A0A2821-LeaderStateImpl
2025-10-16 19:47:29,509 [e072d245-7694-4d97-8e20-c503ebf8c2fe@group-EE898A0A2821-LeaderElection19] INFO  server.RaftServer$Division (RaftServerImpl.java:setFirstElection(576)) - e072d245-7694-4d97-8e20-c503ebf8c2fe@group-EE898A0A2821: set firstElectionSinceStartup to false for becomeLeader
2025-10-16 19:47:29,509 [e072d245-7694-4d97-8e20-c503ebf8c2fe@group-EE898A0A2821-LeaderElection19] INFO  ratis.XceiverServerRatis (XceiverServerRatis.java:handleLeaderChangedNotification(940)) - Leader change notification received for group: group-EE898A0A2821 with new leaderId: e072d245-7694-4d97-8e20-c503ebf8c2fe
2025-10-16 19:47:29,509 [e072d245-7694-4d97-8e20-c503ebf8c2fe@group-EE898A0A2821-LeaderElection19] INFO  server.RaftServer$Division (ServerState.java:setLeader(272)) - e072d245-7694-4d97-8e20-c503ebf8c2fe@group-EE898A0A2821: change Leader from null to e072d245-7694-4d97-8e20-c503ebf8c2fe at term 1 for becomeLeader, leader elected after 1191ms
2025-10-16 19:47:29,510 [e072d245-7694-4d97-8e20-c503ebf8c2fe@group-EE898A0A2821-LeaderElection19] INFO  segmented.SegmentedRaftLogWorker (SegmentedRaftLogWorker.java:startLogSegment(440)) - e072d245-7694-4d97-8e20-c503ebf8c2fe@group-EE898A0A2821-SegmentedRaftLogWorker: Starting segment from index:0
2025-10-16 19:47:29,511 [e072d245-7694-4d97-8e20-c503ebf8c2fe@group-EE898A0A2821-LeaderElection19] INFO  server.RaftServer$Division (ServerState.java:setRaftConf(386)) - e072d245-7694-4d97-8e20-c503ebf8c2fe@group-EE898A0A2821: set configuration conf: {index: 0, cur=peers:[e072d245-7694-4d97-8e20-c503ebf8c2fe|127.0.0.1:15063, 76d4ba71-5bbb-4b24-8f51-8bc7f78aaca4|127.0.0.1:15071, 8a0fa2ff-b550-4652-b2fe-0cf91cd4a157|127.0.0.1:15079]|listeners:[], old=null}
2025-10-16 19:47:29,511 [e072d245-7694-4d97-8e20-c503ebf8c2fe@group-EE898A0A2821-SegmentedRaftLogWorker] INFO  segmented.BufferedWriteChannel (BufferedWriteChannel.java:open(61)) - open log_inprogress_0 at position 0
2025-10-16 19:47:29,513 | INFO  | SCMAudit | user=runner | ip=127.0.0.1 | op=SEND_HEARTBEAT {"datanodeUUID":"e072d245-7694-4d97-8e20-c503ebf8c2fe","term":"2","command":"[]"} | ret=SUCCESS |  
2025-10-16 19:47:29,520 [e33e6ec4-6b66-4281-bedd-2bd75bd30070-CreatePipelineCommandHandlerThread-0] INFO  server.RaftServer (RaftServerProxy.java:addNew(105)) - e33e6ec4-6b66-4281-bedd-2bd75bd30070: addNew group-897E3AF5232B:[e33e6ec4-6b66-4281-bedd-2bd75bd30070|127.0.0.1:15103] returns group-897E3AF5232B:java.util.concurrent.CompletableFuture@1861438e[Not completed]
2025-10-16 19:47:29,521 [EventQueue-PipelineReportForPipelineReportHandler] INFO  pipeline.PipelineReportHandler (PipelineReportHandler.java:processPipelineReport(132)) - Opened pipeline Pipeline-8f9acfe3-5569-4a29-b935-ee898a0a2821
2025-10-16 19:47:29,522 [e33e6ec4-6b66-4281-bedd-2bd75bd30070-groupManagement] INFO  server.RaftServer$Division (RaftServerImpl.java:<init>(268)) - e33e6ec4-6b66-4281-bedd-2bd75bd30070: new RaftServerImpl for group-897E3AF5232B:[e33e6ec4-6b66-4281-bedd-2bd75bd30070|127.0.0.1:15103] with ContainerStateMachine:uninitialized
2025-10-16 19:47:29,522 [e33e6ec4-6b66-4281-bedd-2bd75bd30070-groupManagement] INFO  server.RaftServer$Division (ServerState.java:<init>(114)) - e33e6ec4-6b66-4281-bedd-2bd75bd30070@group-897E3AF5232B: ConfigurationManager, init=conf: {index: -1, cur=peers:[e33e6ec4-6b66-4281-bedd-2bd75bd30070|127.0.0.1:15103]|listeners:[], old=null}, confs=<EMPTY_MAP>
2025-10-16 19:47:29,525 [e072d245-7694-4d97-8e20-c503ebf8c2fe@group-35C832A27F16-FollowerState] INFO  impl.FollowerState (FollowerState.java:runImpl(161)) - e072d245-7694-4d97-8e20-c503ebf8c2fe@group-35C832A27F16-FollowerState: change to CANDIDATE, lastRpcElapsedTime:1075261552ns, electionTimeout:1073ms
2025-10-16 19:47:29,525 [e072d245-7694-4d97-8e20-c503ebf8c2fe@group-35C832A27F16-FollowerState] INFO  impl.RoleInfo (RoleInfo.java:shutdownFollowerState(121)) - e072d245-7694-4d97-8e20-c503ebf8c2fe: shutdown e072d245-7694-4d97-8e20-c503ebf8c2fe@group-35C832A27F16-FollowerState
2025-10-16 19:47:29,525 [e072d245-7694-4d97-8e20-c503ebf8c2fe@group-35C832A27F16-FollowerState] INFO  server.RaftServer$Division (RaftServerImpl.java:setRole(392)) - e072d245-7694-4d97-8e20-c503ebf8c2fe@group-35C832A27F16: changes role from  FOLLOWER to CANDIDATE at term 0 for changeToCandidate
2025-10-16 19:47:29,525 [e072d245-7694-4d97-8e20-c503ebf8c2fe@group-35C832A27F16-FollowerState] INFO  impl.RoleInfo (RoleInfo.java:updateAndGet(148)) - e072d245-7694-4d97-8e20-c503ebf8c2fe: start e072d245-7694-4d97-8e20-c503ebf8c2fe@group-35C832A27F16-LeaderElection20
2025-10-16 19:47:29,526 [e072d245-7694-4d97-8e20-c503ebf8c2fe@group-35C832A27F16-LeaderElection20] INFO  impl.LeaderElection (LeaderElection.java:askForVotes(448)) - e072d245-7694-4d97-8e20-c503ebf8c2fe@group-35C832A27F16-LeaderElection20 PRE_VOTE round 0: submit vote requests at term 0 for conf: {index: -1, cur=peers:[e072d245-7694-4d97-8e20-c503ebf8c2fe|127.0.0.1:15063, 76d4ba71-5bbb-4b24-8f51-8bc7f78aaca4|127.0.0.1:15071, 8a0fa2ff-b550-4652-b2fe-0cf91cd4a157|127.0.0.1:15079]|listeners:[], old=null}
2025-10-16 19:47:29,529 [grpc-default-executor-5] INFO  ratis.XceiverServerRatis (XceiverServerRatis.java:handleLeaderChangedNotification(940)) - Leader change notification received for group: group-EE898A0A2821 with new leaderId: e072d245-7694-4d97-8e20-c503ebf8c2fe
2025-10-16 19:47:29,529 [grpc-default-executor-5] INFO  server.RaftServer$Division (ServerState.java:setLeader(272)) - 76d4ba71-5bbb-4b24-8f51-8bc7f78aaca4@group-EE898A0A2821: change Leader from null to e072d245-7694-4d97-8e20-c503ebf8c2fe at term 1 for appendEntries, leader elected after 1141ms
2025-10-16 19:47:29,529 [grpc-default-executor-0] INFO  server.RaftServer$Division (ServerState.java:setRaftConf(386)) - 76d4ba71-5bbb-4b24-8f51-8bc7f78aaca4@group-EE898A0A2821: set configuration conf: {index: 0, cur=peers:[e072d245-7694-4d97-8e20-c503ebf8c2fe|127.0.0.1:15063, 76d4ba71-5bbb-4b24-8f51-8bc7f78aaca4|127.0.0.1:15071, 8a0fa2ff-b550-4652-b2fe-0cf91cd4a157|127.0.0.1:15079]|listeners:[], old=null}
2025-10-16 19:47:29,529 [grpc-default-executor-0] INFO  segmented.SegmentedRaftLogWorker (SegmentedRaftLogWorker.java:startLogSegment(440)) - 76d4ba71-5bbb-4b24-8f51-8bc7f78aaca4@group-EE898A0A2821-SegmentedRaftLogWorker: Starting segment from index:0
2025-10-16 19:47:29,530 [76d4ba71-5bbb-4b24-8f51-8bc7f78aaca4@group-EE898A0A2821-SegmentedRaftLogWorker] INFO  segmented.BufferedWriteChannel (BufferedWriteChannel.java:open(61)) - open log_inprogress_0 at position 0
2025-10-16 19:47:29,533 [grpc-default-executor-3] INFO  ratis.XceiverServerRatis (XceiverServerRatis.java:handleLeaderChangedNotification(940)) - Leader change notification received for group: group-EE898A0A2821 with new leaderId: e072d245-7694-4d97-8e20-c503ebf8c2fe
2025-10-16 19:47:29,533 [grpc-default-executor-3] INFO  server.RaftServer$Division (ServerState.java:setLeader(272)) - 8a0fa2ff-b550-4652-b2fe-0cf91cd4a157@group-EE898A0A2821: change Leader from null to e072d245-7694-4d97-8e20-c503ebf8c2fe at term 1 for appendEntries, leader elected after 1187ms
2025-10-16 19:47:29,533 [grpc-default-executor-3] INFO  server.RaftServer$Division (ServerState.java:setRaftConf(386)) - 8a0fa2ff-b550-4652-b2fe-0cf91cd4a157@group-EE898A0A2821: set configuration conf: {index: 0, cur=peers:[e072d245-7694-4d97-8e20-c503ebf8c2fe|127.0.0.1:15063, 76d4ba71-5bbb-4b24-8f51-8bc7f78aaca4|127.0.0.1:15071, 8a0fa2ff-b550-4652-b2fe-0cf91cd4a157|127.0.0.1:15079]|listeners:[], old=null}
2025-10-16 19:47:29,534 [grpc-default-executor-3] INFO  segmented.SegmentedRaftLogWorker (SegmentedRaftLogWorker.java:startLogSegment(440)) - 8a0fa2ff-b550-4652-b2fe-0cf91cd4a157@group-EE898A0A2821-SegmentedRaftLogWorker: Starting segment from index:0
2025-10-16 19:47:29,535 [8a0fa2ff-b550-4652-b2fe-0cf91cd4a157@group-EE898A0A2821-SegmentedRaftLogWorker] INFO  segmented.BufferedWriteChannel (BufferedWriteChannel.java:open(61)) - open log_inprogress_0 at position 0
2025-10-16 19:47:29,535 [e072d245-7694-4d97-8e20-c503ebf8c2fe@group-EE898A0A2821-SegmentedRaftLogWorker] INFO  segmented.SegmentedRaftLogWorker (SegmentedRaftLogWorker.java:execute(647)) - e072d245-7694-4d97-8e20-c503ebf8c2fe@group-EE898A0A2821-SegmentedRaftLogWorker: created new log segment /home/runner/work/ozone/ozone/hadoop-ozone/integration-test/target/test-dir/MiniOzoneClusterImpl-e7911277-7775-4457-96c8-94071a26a1ce/ozone-metadata/datanode-7/ratis/8f9acfe3-5569-4a29-b935-ee898a0a2821/current/log_inprogress_0
2025-10-16 19:47:29,537 [grpc-default-executor-3] INFO  server.RaftServer$Division (RaftServerImpl.java:requestVote(1421)) - 76d4ba71-5bbb-4b24-8f51-8bc7f78aaca4@group-35C832A27F16: receive requestVote(PRE_VOTE, e072d245-7694-4d97-8e20-c503ebf8c2fe, group-35C832A27F16, 0, <PROTO_DEFAULT>)
2025-10-16 19:47:29,537 [grpc-default-executor-3] INFO  impl.VoteContext (VoteContext.java:log(49)) - 76d4ba71-5bbb-4b24-8f51-8bc7f78aaca4@group-35C832A27F16-FOLLOWER: reject PRE_VOTE from e072d245-7694-4d97-8e20-c503ebf8c2fe: our priority 1 > candidate's priority 0
2025-10-16 19:47:29,537 [grpc-default-executor-3] INFO  server.RaftServer$Division (RaftServerImpl.java:requestVote(1455)) - 76d4ba71-5bbb-4b24-8f51-8bc7f78aaca4@group-35C832A27F16 replies to PRE_VOTE vote request: e072d245-7694-4d97-8e20-c503ebf8c2fe<-76d4ba71-5bbb-4b24-8f51-8bc7f78aaca4#0:FAIL-t0-last:<INITIAL_VALUE>. Peer's state: 76d4ba71-5bbb-4b24-8f51-8bc7f78aaca4@group-35C832A27F16:t0, leader=null, voted=, raftlog=Memoized:76d4ba71-5bbb-4b24-8f51-8bc7f78aaca4@group-35C832A27F16-SegmentedRaftLog:OPENED:c-1:lastnull, conf=conf: {index: -1, cur=peers:[e072d245-7694-4d97-8e20-c503ebf8c2fe|127.0.0.1:15063, 76d4ba71-5bbb-4b24-8f51-8bc7f78aaca4|127.0.0.1:15071, 8a0fa2ff-b550-4652-b2fe-0cf91cd4a157|127.0.0.1:15079]|listeners:[], old=null}
2025-10-16 19:47:29,539 [grpc-default-executor-0] INFO  server.RaftServer$Division (RaftServerImpl.java:requestVote(1421)) - 8a0fa2ff-b550-4652-b2fe-0cf91cd4a157@group-35C832A27F16: receive requestVote(PRE_VOTE, e072d245-7694-4d97-8e20-c503ebf8c2fe, group-35C832A27F16, 0, <PROTO_DEFAULT>)
2025-10-16 19:47:29,539 [grpc-default-executor-0] INFO  impl.VoteContext (VoteContext.java:log(49)) - 8a0fa2ff-b550-4652-b2fe-0cf91cd4a157@group-35C832A27F16-FOLLOWER: accept PRE_VOTE from e072d245-7694-4d97-8e20-c503ebf8c2fe: our priority 0 <= candidate's priority 0
2025-10-16 19:47:29,539 [grpc-default-executor-0] INFO  server.RaftServer$Division (RaftServerImpl.java:requestVote(1455)) - 8a0fa2ff-b550-4652-b2fe-0cf91cd4a157@group-35C832A27F16 replies to PRE_VOTE vote request: e072d245-7694-4d97-8e20-c503ebf8c2fe<-8a0fa2ff-b550-4652-b2fe-0cf91cd4a157#0:OK-t0-last:<INITIAL_VALUE>. Peer's state: 8a0fa2ff-b550-4652-b2fe-0cf91cd4a157@group-35C832A27F16:t0, leader=null, voted=, raftlog=Memoized:8a0fa2ff-b550-4652-b2fe-0cf91cd4a157@group-35C832A27F16-SegmentedRaftLog:OPENED:c-1:lastnull, conf=conf: {index: -1, cur=peers:[e072d245-7694-4d97-8e20-c503ebf8c2fe|127.0.0.1:15063, 76d4ba71-5bbb-4b24-8f51-8bc7f78aaca4|127.0.0.1:15071, 8a0fa2ff-b550-4652-b2fe-0cf91cd4a157|127.0.0.1:15079]|listeners:[], old=null}
2025-10-16 19:47:29,541 [e072d245-7694-4d97-8e20-c503ebf8c2fe@group-35C832A27F16-LeaderElection20] INFO  impl.LeaderElection (LeaderElection.java:logAndReturn(206)) - e072d245-7694-4d97-8e20-c503ebf8c2fe@group-35C832A27F16-LeaderElection20: PRE_VOTE REJECTED received 1 response(s) and 0 exception(s):
2025-10-16 19:47:29,541 [e072d245-7694-4d97-8e20-c503ebf8c2fe@group-35C832A27F16-LeaderElection20] INFO  impl.LeaderElection (LeaderElection.java:logAndReturn(210)) -   Response 0: e072d245-7694-4d97-8e20-c503ebf8c2fe<-76d4ba71-5bbb-4b24-8f51-8bc7f78aaca4#0:FAIL-t0-last:<INITIAL_VALUE>
2025-10-16 19:47:29,541 [e072d245-7694-4d97-8e20-c503ebf8c2fe@group-35C832A27F16-LeaderElection20] INFO  impl.LeaderElection (LeaderElection.java:askForVotes(450)) - e072d245-7694-4d97-8e20-c503ebf8c2fe@group-35C832A27F16-LeaderElection20 PRE_VOTE round 0: result REJECTED
2025-10-16 19:47:29,541 [e072d245-7694-4d97-8e20-c503ebf8c2fe@group-35C832A27F16-LeaderElection20] INFO  server.RaftServer$Division (RaftServerImpl.java:setRole(392)) - e072d245-7694-4d97-8e20-c503ebf8c2fe@group-35C832A27F16: changes role from CANDIDATE to FOLLOWER at term 0 for REJECTED
2025-10-16 19:47:29,541 [e072d245-7694-4d97-8e20-c503ebf8c2fe@group-35C832A27F16-LeaderElection20] INFO  impl.RoleInfo (RoleInfo.java:shutdownLeaderElection(141)) - e072d245-7694-4d97-8e20-c503ebf8c2fe: shutdown e072d245-7694-4d97-8e20-c503ebf8c2fe@group-35C832A27F16-LeaderElection20
2025-10-16 19:47:29,542 [e072d245-7694-4d97-8e20-c503ebf8c2fe@group-35C832A27F16-LeaderElection20] INFO  impl.RoleInfo (RoleInfo.java:updateAndGet(148)) - e072d245-7694-4d97-8e20-c503ebf8c2fe: start e072d245-7694-4d97-8e20-c503ebf8c2fe@group-35C832A27F16-FollowerState
2025-10-16 19:47:29,544 [e072d245-7694-4d97-8e20-c503ebf8c2fe@group-35C832A27F16-LeaderElection20] INFO  server.RaftServer$Division (RaftServerImpl.java:setFirstElection(576)) - e072d245-7694-4d97-8e20-c503ebf8c2fe@group-35C832A27F16: set firstElectionSinceStartup to false for REJECTED
2025-10-16 19:47:29,544 | INFO  | OMAudit | user=runner | ip=127.0.0.1 | op=ALLOCATE_KEY {"volume":"a9e2bd5e-ca4f-4d36-a162-5b3c37f85b17","bucket":"4d5f80d2-532d-4dfe-8495-e9fd50a8a862","key":"d1ae894e-8f27-4237-ac30-b8a16d67ef56","dataSize":"12","replicationType":"RATIS","replicationFactor":"ONE","Transaction":"3"} | ret=SUCCESS |  
2025-10-16 19:47:29,545 [e33e6ec4-6b66-4281-bedd-2bd75bd30070-groupManagement] INFO  storage.RaftStorageDirectory (RaftStorageDirectoryImpl.java:analyzeStorage(138)) - The storage directory /home/runner/work/ozone/ozone/hadoop-ozone/integration-test/target/test-dir/MiniOzoneClusterImpl-e7911277-7775-4457-96c8-94071a26a1ce/ozone-metadata/datanode-12/ratis/0f5d8eba-274c-459f-b83c-897e3af5232b does not exist. Creating ...
2025-10-16 19:47:29,547 [8a0fa2ff-b550-4652-b2fe-0cf91cd4a157@group-EE898A0A2821-SegmentedRaftLogWorker] INFO  segmented.SegmentedRaftLogWorker (SegmentedRaftLogWorker.java:execute(647)) - 8a0fa2ff-b550-4652-b2fe-0cf91cd4a157@group-EE898A0A2821-SegmentedRaftLogWorker: created new log segment /home/runner/work/ozone/ozone/hadoop-ozone/integration-test/target/test-dir/MiniOzoneClusterImpl-e7911277-7775-4457-96c8-94071a26a1ce/ozone-metadata/datanode-9/ratis/8f9acfe3-5569-4a29-b935-ee898a0a2821/current/log_inprogress_0
2025-10-16 19:47:29,548 [76d4ba71-5bbb-4b24-8f51-8bc7f78aaca4@group-EE898A0A2821-SegmentedRaftLogWorker] INFO  segmented.SegmentedRaftLogWorker (SegmentedRaftLogWorker.java:execute(647)) - 76d4ba71-5bbb-4b24-8f51-8bc7f78aaca4@group-EE898A0A2821-SegmentedRaftLogWorker: created new log segment /home/runner/work/ozone/ozone/hadoop-ozone/integration-test/target/test-dir/MiniOzoneClusterImpl-e7911277-7775-4457-96c8-94071a26a1ce/ozone-metadata/datanode-8/ratis/8f9acfe3-5569-4a29-b935-ee898a0a2821/current/log_inprogress_0
2025-10-16 19:47:29,548 [e33e6ec4-6b66-4281-bedd-2bd75bd30070-groupManagement] INFO  storage.RaftStorageDirectory (RaftStorageDirectoryImpl.java:tryLock(229)) - Lock on /home/runner/work/ozone/ozone/hadoop-ozone/integration-test/target/test-dir/MiniOzoneClusterImpl-e7911277-7775-4457-96c8-94071a26a1ce/ozone-metadata/datanode-12/ratis/0f5d8eba-274c-459f-b83c-897e3af5232b/in_use.lock acquired by nodename 40995@localhost
2025-10-16 19:47:29,550 [e33e6ec4-6b66-4281-bedd-2bd75bd30070-groupManagement] INFO  storage.RaftStorage (RaftStorageImpl.java:format(98)) - Storage directory /home/runner/work/ozone/ozone/hadoop-ozone/integration-test/target/test-dir/MiniOzoneClusterImpl-e7911277-7775-4457-96c8-94071a26a1ce/ozone-metadata/datanode-12/ratis/0f5d8eba-274c-459f-b83c-897e3af5232b has been successfully formatted.
2025-10-16 19:47:29,550 [e33e6ec4-6b66-4281-bedd-2bd75bd30070-groupManagement] INFO  ratis.ContainerStateMachine (ContainerStateMachine.java:initialize(339)) - e33e6ec4-6b66-4281-bedd-2bd75bd30070: initialize group-897E3AF5232B
2025-10-16 19:47:29,550 [e33e6ec4-6b66-4281-bedd-2bd75bd30070-groupManagement] INFO  ratis.ContainerStateMachine (ContainerStateMachine.java:loadSnapshot(347)) - group-897E3AF5232B: The snapshot info is null. Setting the last applied index to:<INITIAL_VALUE>
2025-10-16 19:47:29,551 [e33e6ec4-6b66-4281-bedd-2bd75bd30070-groupManagement] INFO  server.RaftServerConfigKeys (ConfUtils.java:logGet(62)) - raft.server.log.appender.buffer.byte-limit = 33554432 (custom)
2025-10-16 19:47:29,554 [e072d245-7694-4d97-8e20-c503ebf8c2fe@group-EE898A0A2821-StateMachineUpdater] INFO  server.RaftServer$Division (LeaderStateImpl.java:checkStartIndex(309)) - Leader e072d245-7694-4d97-8e20-c503ebf8c2fe@group-EE898A0A2821-LeaderStateImpl is ready since appliedIndex == startIndex == 0
2025-10-16 19:47:29,556 [e33e6ec4-6b66-4281-bedd-2bd75bd30070-groupManagement] INFO  server.RaftServerConfigKeys (ConfUtils.java:logGet(62)) - raft.server.log.segment.size.max = 67108864 (custom)
2025-10-16 19:47:29,556 [e33e6ec4-6b66-4281-bedd-2bd75bd30070-groupManagement] INFO  server.RaftServerConfigKeys (ConfUtils.java:logGet(62)) - raft.server.log.appender.buffer.byte-limit = 33554432 (custom)
2025-10-16 19:47:29,557 | INFO  | SCMAudit | user=runner | ip=127.0.0.1 | op=SEND_HEARTBEAT {"datanodeUUID":"e33e6ec4-6b66-4281-bedd-2bd75bd30070","term":"2","command":"[]"} | ret=SUCCESS |  
2025-10-16 19:47:29,559 [e33e6ec4-6b66-4281-bedd-2bd75bd30070-groupManagement] INFO  util.AwaitToRun (AwaitToRun.java:start(81)) - Thread[#1789,e33e6ec4-6b66-4281-bedd-2bd75bd30070@group-897E3AF5232B-cacheEviction-AwaitToRun,5,main] started
2025-10-16 19:47:29,558 | INFO  | SCMAudit | user=runner | ip=127.0.0.1 | op=SEND_HEARTBEAT {"datanodeUUID":"76d4ba71-5bbb-4b24-8f51-8bc7f78aaca4","term":"2","command":"[]"} | ret=SUCCESS |  
2025-10-16 19:47:29,559 [e33e6ec4-6b66-4281-bedd-2bd75bd30070-groupManagement] INFO  segmented.SegmentedRaftLogWorker (SegmentedRaftLogWorker.java:<init>(190)) - new e33e6ec4-6b66-4281-bedd-2bd75bd30070@group-897E3AF5232B-SegmentedRaftLogWorker for RaftStorageImpl:Storage Directory /home/runner/work/ozone/ozone/hadoop-ozone/integration-test/target/test-dir/MiniOzoneClusterImpl-e7911277-7775-4457-96c8-94071a26a1ce/ozone-metadata/datanode-12/ratis/0f5d8eba-274c-459f-b83c-897e3af5232b
2025-10-16 19:47:29,559 [e33e6ec4-6b66-4281-bedd-2bd75bd30070-groupManagement] INFO  server.RaftServerConfigKeys (ConfUtils.java:logGet(62)) - raft.server.log.queue.byte-limit = 4294967296 (custom)
2025-10-16 19:47:29,559 [e33e6ec4-6b66-4281-bedd-2bd75bd30070-groupManagement] INFO  server.RaftServerConfigKeys (ConfUtils.java:logGet(62)) - raft.server.log.segment.size.max = 67108864 (custom)
2025-10-16 19:47:29,559 [e33e6ec4-6b66-4281-bedd-2bd75bd30070-groupManagement] INFO  server.RaftServerConfigKeys (ConfUtils.java:logGet(62)) - raft.server.log.preallocated.size = 4194304 (custom)
2025-10-16 19:47:29,559 [e33e6ec4-6b66-4281-bedd-2bd75bd30070-groupManagement] INFO  server.RaftServerConfigKeys (ConfUtils.java:logGet(62)) - raft.server.log.write.buffer.size = 33554440 (custom)
2025-10-16 19:47:29,560 [EventQueue-PipelineReportForPipelineReportHandler] INFO  pipeline.PipelineReportHandler (PipelineReportHandler.java:processPipelineReport(132)) - Opened pipeline Pipeline-0f5d8eba-274c-459f-b83c-897e3af5232b
2025-10-16 19:47:29,565 [e33e6ec4-6b66-4281-bedd-2bd75bd30070-groupManagement] INFO  server.RaftServerConfigKeys (ConfUtils.java:logGet(62)) - raft.server.log.appender.buffer.byte-limit = 33554432 (custom)
2025-10-16 19:47:29,566 [e33e6ec4-6b66-4281-bedd-2bd75bd30070-groupManagement] INFO  segmented.SegmentedRaftLogWorker (SegmentedRaftLogWorker.java:lambda$new$0(141)) - e33e6ec4-6b66-4281-bedd-2bd75bd30070@group-897E3AF5232B-SegmentedRaftLogWorker: flushIndex: setUnconditionally 0 -> -1
2025-10-16 19:47:29,566 [e33e6ec4-6b66-4281-bedd-2bd75bd30070-groupManagement] INFO  segmented.SegmentedRaftLogWorker (SegmentedRaftLogWorker.java:lambda$new$0(141)) - e33e6ec4-6b66-4281-bedd-2bd75bd30070@group-897E3AF5232B-SegmentedRaftLogWorker: safeCacheEvictIndex: setUnconditionally 0 -> -1
2025-10-16 19:47:29,567 [e33e6ec4-6b66-4281-bedd-2bd75bd30070-groupManagement] INFO  server.RaftServer$Division (RaftServerImpl.java:start(405)) - e33e6ec4-6b66-4281-bedd-2bd75bd30070@group-897E3AF5232B: start as a follower, conf=conf: {index: -1, cur=peers:[e33e6ec4-6b66-4281-bedd-2bd75bd30070|127.0.0.1:15103]|listeners:[], old=null}
2025-10-16 19:47:29,567 [e33e6ec4-6b66-4281-bedd-2bd75bd30070-groupManagement] INFO  server.RaftServer$Division (RaftServerImpl.java:setRole(392)) - e33e6ec4-6b66-4281-bedd-2bd75bd30070@group-897E3AF5232B: changes role from      null to FOLLOWER at term 0 for startAsFollower
2025-10-16 19:47:29,567 [e33e6ec4-6b66-4281-bedd-2bd75bd30070-groupManagement] INFO  impl.RoleInfo (RoleInfo.java:updateAndGet(148)) - e33e6ec4-6b66-4281-bedd-2bd75bd30070: start e33e6ec4-6b66-4281-bedd-2bd75bd30070@group-897E3AF5232B-FollowerState
2025-10-16 19:47:29,568 [e33e6ec4-6b66-4281-bedd-2bd75bd30070-groupManagement] INFO  util.JmxRegister (JmxRegister.java:tryRegister(44)) - Successfully registered JMX Bean with object name Ratis:service=RaftServer,group=group-897E3AF5232B,id=e33e6ec4-6b66-4281-bedd-2bd75bd30070
2025-10-16 19:47:29,568 [e33e6ec4-6b66-4281-bedd-2bd75bd30070-groupManagement] INFO  util.JmxRegister (JmxRegister.java:register(58)) - register mxBean class org.apache.ratis.server.impl.RaftServerJmxAdapter as Ratis:service=RaftServer,group=group-897E3AF5232B,id=e33e6ec4-6b66-4281-bedd-2bd75bd30070
2025-10-16 19:47:29,570 [e33e6ec4-6b66-4281-bedd-2bd75bd30070-groupManagement] INFO  server.RaftServer$Division (RaftServerImpl.java:start(419)) - e33e6ec4-6b66-4281-bedd-2bd75bd30070@group-897E3AF5232B: Successfully started.
2025-10-16 19:47:29,570 [e33e6ec4-6b66-4281-bedd-2bd75bd30070-CreatePipelineCommandHandlerThread-0] INFO  ratis.XceiverServerRatis (XceiverServerRatis.java:addGroup(839)) - Created group Pipeline-0f5d8eba-274c-459f-b83c-897e3af5232b
2025-10-16 19:47:29,570 [e33e6ec4-6b66-4281-bedd-2bd75bd30070-CreatePipelineCommandHandlerThread-0] INFO  commandhandler.CreatePipelineCommandHandler (CreatePipelineCommandHandler.java:lambda$handle$2(141)) - Created Pipeline RATIS ONE Pipeline-0f5d8eba-274c-459f-b83c-897e3af5232b.
2025-10-16 19:47:29,578 [76d4ba71-5bbb-4b24-8f51-8bc7f78aaca4@group-35C832A27F16-FollowerState] INFO  impl.FollowerState (FollowerState.java:runImpl(161)) - 76d4ba71-5bbb-4b24-8f51-8bc7f78aaca4@group-35C832A27F16-FollowerState: change to CANDIDATE, lastRpcElapsedTime:1094369026ns, electionTimeout:1094ms
2025-10-16 19:47:29,578 [76d4ba71-5bbb-4b24-8f51-8bc7f78aaca4@group-35C832A27F16-FollowerState] INFO  impl.RoleInfo (RoleInfo.java:shutdownFollowerState(121)) - 76d4ba71-5bbb-4b24-8f51-8bc7f78aaca4: shutdown 76d4ba71-5bbb-4b24-8f51-8bc7f78aaca4@group-35C832A27F16-FollowerState
2025-10-16 19:47:29,578 [76d4ba71-5bbb-4b24-8f51-8bc7f78aaca4@group-35C832A27F16-FollowerState] INFO  server.RaftServer$Division (RaftServerImpl.java:setRole(392)) - 76d4ba71-5bbb-4b24-8f51-8bc7f78aaca4@group-35C832A27F16: changes role from  FOLLOWER to CANDIDATE at term 0 for changeToCandidate
2025-10-16 19:47:29,578 [76d4ba71-5bbb-4b24-8f51-8bc7f78aaca4@group-35C832A27F16-FollowerState] INFO  impl.RoleInfo (RoleInfo.java:updateAndGet(148)) - 76d4ba71-5bbb-4b24-8f51-8bc7f78aaca4: start 76d4ba71-5bbb-4b24-8f51-8bc7f78aaca4@group-35C832A27F16-LeaderElection21
2025-10-16 19:47:29,579 [76d4ba71-5bbb-4b24-8f51-8bc7f78aaca4@group-35C832A27F16-LeaderElection21] INFO  impl.LeaderElection (LeaderElection.java:askForVotes(448)) - 76d4ba71-5bbb-4b24-8f51-8bc7f78aaca4@group-35C832A27F16-LeaderElection21 PRE_VOTE round 0: submit vote requests at term 0 for conf: {index: -1, cur=peers:[e072d245-7694-4d97-8e20-c503ebf8c2fe|127.0.0.1:15063, 76d4ba71-5bbb-4b24-8f51-8bc7f78aaca4|127.0.0.1:15071, 8a0fa2ff-b550-4652-b2fe-0cf91cd4a157|127.0.0.1:15079]|listeners:[], old=null}
2025-10-16 19:47:29,580 [76d4ba71-5bbb-4b24-8f51-8bc7f78aaca4@group-35C832A27F16-LeaderElection21-1] INFO  server.GrpcServerProtocolClient (GrpcServerProtocolClient.java:<init>(65)) - Build channel for e072d245-7694-4d97-8e20-c503ebf8c2fe|127.0.0.1:15063
2025-10-16 19:47:29,580 [76d4ba71-5bbb-4b24-8f51-8bc7f78aaca4@group-35C832A27F16-LeaderElection21-2] INFO  server.GrpcServerProtocolClient (GrpcServerProtocolClient.java:<init>(65)) - Build channel for 8a0fa2ff-b550-4652-b2fe-0cf91cd4a157|127.0.0.1:15079
2025-10-16 19:47:29,585 [grpc-default-executor-2] INFO  server.RaftServer$Division (RaftServerImpl.java:requestVote(1421)) - 8a0fa2ff-b550-4652-b2fe-0cf91cd4a157@group-35C832A27F16: receive requestVote(PRE_VOTE, 76d4ba71-5bbb-4b24-8f51-8bc7f78aaca4, group-35C832A27F16, 0, <PROTO_DEFAULT>)
2025-10-16 19:47:29,585 [grpc-default-executor-2] INFO  impl.VoteContext (VoteContext.java:log(49)) - 8a0fa2ff-b550-4652-b2fe-0cf91cd4a157@group-35C832A27F16-FOLLOWER: accept PRE_VOTE from 76d4ba71-5bbb-4b24-8f51-8bc7f78aaca4: our priority 0 <= candidate's priority 1
2025-10-16 19:47:29,585 [grpc-default-executor-2] INFO  server.RaftServer$Division (RaftServerImpl.java:requestVote(1455)) - 8a0fa2ff-b550-4652-b2fe-0cf91cd4a157@group-35C832A27F16 replies to PRE_VOTE vote request: 76d4ba71-5bbb-4b24-8f51-8bc7f78aaca4<-8a0fa2ff-b550-4652-b2fe-0cf91cd4a157#0:OK-t0-last:<INITIAL_VALUE>. Peer's state: 8a0fa2ff-b550-4652-b2fe-0cf91cd4a157@group-35C832A27F16:t0, leader=null, voted=, raftlog=Memoized:8a0fa2ff-b550-4652-b2fe-0cf91cd4a157@group-35C832A27F16-SegmentedRaftLog:OPENED:c-1:lastnull, conf=conf: {index: -1, cur=peers:[e072d245-7694-4d97-8e20-c503ebf8c2fe|127.0.0.1:15063, 76d4ba71-5bbb-4b24-8f51-8bc7f78aaca4|127.0.0.1:15071, 8a0fa2ff-b550-4652-b2fe-0cf91cd4a157|127.0.0.1:15079]|listeners:[], old=null}
2025-10-16 19:47:29,585 [grpc-default-executor-3] INFO  server.RaftServer$Division (RaftServerImpl.java:requestVote(1421)) - e072d245-7694-4d97-8e20-c503ebf8c2fe@group-35C832A27F16: receive requestVote(PRE_VOTE, 76d4ba71-5bbb-4b24-8f51-8bc7f78aaca4, group-35C832A27F16, 0, <PROTO_DEFAULT>)
2025-10-16 19:47:29,586 [grpc-default-executor-3] INFO  impl.VoteContext (VoteContext.java:log(49)) - e072d245-7694-4d97-8e20-c503ebf8c2fe@group-35C832A27F16-FOLLOWER: accept PRE_VOTE from 76d4ba71-5bbb-4b24-8f51-8bc7f78aaca4: our priority 0 <= candidate's priority 1
2025-10-16 19:47:29,586 [grpc-default-executor-3] INFO  server.RaftServer$Division (RaftServerImpl.java:requestVote(1455)) - e072d245-7694-4d97-8e20-c503ebf8c2fe@group-35C832A27F16 replies to PRE_VOTE vote request: 76d4ba71-5bbb-4b24-8f51-8bc7f78aaca4<-e072d245-7694-4d97-8e20-c503ebf8c2fe#0:OK-t0-last:<INITIAL_VALUE>. Peer's state: e072d245-7694-4d97-8e20-c503ebf8c2fe@group-35C832A27F16:t0, leader=null, voted=, raftlog=Memoized:e072d245-7694-4d97-8e20-c503ebf8c2fe@group-35C832A27F16-SegmentedRaftLog:OPENED:c-1:lastnull, conf=conf: {index: -1, cur=peers:[e072d245-7694-4d97-8e20-c503ebf8c2fe|127.0.0.1:15063, 76d4ba71-5bbb-4b24-8f51-8bc7f78aaca4|127.0.0.1:15071, 8a0fa2ff-b550-4652-b2fe-0cf91cd4a157|127.0.0.1:15079]|listeners:[], old=null}
2025-10-16 19:47:29,586 [76d4ba71-5bbb-4b24-8f51-8bc7f78aaca4@group-35C832A27F16-LeaderElection21] INFO  impl.LeaderElection (LeaderElection.java:logAndReturn(206)) - 76d4ba71-5bbb-4b24-8f51-8bc7f78aaca4@group-35C832A27F16-LeaderElection21: PRE_VOTE PASSED received 1 response(s) and 0 exception(s):
2025-10-16 19:47:29,587 [76d4ba71-5bbb-4b24-8f51-8bc7f78aaca4@group-35C832A27F16-LeaderElection21] INFO  impl.LeaderElection (LeaderElection.java:logAndReturn(210)) -   Response 0: 76d4ba71-5bbb-4b24-8f51-8bc7f78aaca4<-8a0fa2ff-b550-4652-b2fe-0cf91cd4a157#0:OK-t0-last:<INITIAL_VALUE>
2025-10-16 19:47:29,587 [76d4ba71-5bbb-4b24-8f51-8bc7f78aaca4@group-35C832A27F16-LeaderElection21] INFO  impl.LeaderElection (LeaderElection.java:askForVotes(450)) - 76d4ba71-5bbb-4b24-8f51-8bc7f78aaca4@group-35C832A27F16-LeaderElection21 PRE_VOTE round 0: result PASSED
2025-10-16 19:47:29,588 [76d4ba71-5bbb-4b24-8f51-8bc7f78aaca4@group-35C832A27F16-LeaderElection21] INFO  impl.LeaderElection (LeaderElection.java:askForVotes(448)) - 76d4ba71-5bbb-4b24-8f51-8bc7f78aaca4@group-35C832A27F16-LeaderElection21 ELECTION round 0: submit vote requests at term 1 for conf: {index: -1, cur=peers:[e072d245-7694-4d97-8e20-c503ebf8c2fe|127.0.0.1:15063, 76d4ba71-5bbb-4b24-8f51-8bc7f78aaca4|127.0.0.1:15071, 8a0fa2ff-b550-4652-b2fe-0cf91cd4a157|127.0.0.1:15079]|listeners:[], old=null}
2025-10-16 19:47:29,590 [grpc-default-executor-2] INFO  server.RaftServer$Division (RaftServerImpl.java:requestVote(1421)) - e072d245-7694-4d97-8e20-c503ebf8c2fe@group-35C832A27F16: receive requestVote(ELECTION, 76d4ba71-5bbb-4b24-8f51-8bc7f78aaca4, group-35C832A27F16, 1, <PROTO_DEFAULT>)
2025-10-16 19:47:29,591 [grpc-default-executor-2] INFO  impl.VoteContext (VoteContext.java:log(49)) - e072d245-7694-4d97-8e20-c503ebf8c2fe@group-35C832A27F16-FOLLOWER: accept ELECTION from 76d4ba71-5bbb-4b24-8f51-8bc7f78aaca4: our priority 0 <= candidate's priority 1
2025-10-16 19:47:29,591 [grpc-default-executor-3] INFO  server.RaftServer$Division (RaftServerImpl.java:requestVote(1421)) - 8a0fa2ff-b550-4652-b2fe-0cf91cd4a157@group-35C832A27F16: receive requestVote(ELECTION, 76d4ba71-5bbb-4b24-8f51-8bc7f78aaca4, group-35C832A27F16, 1, <PROTO_DEFAULT>)
2025-10-16 19:47:29,591 [grpc-default-executor-2] INFO  server.RaftServer$Division (RaftServerImpl.java:setRole(392)) - e072d245-7694-4d97-8e20-c503ebf8c2fe@group-35C832A27F16: changes role from  FOLLOWER to FOLLOWER at term 0 for candidate:76d4ba71-5bbb-4b24-8f51-8bc7f78aaca4
2025-10-16 19:47:29,591 [grpc-default-executor-2] INFO  impl.RoleInfo (RoleInfo.java:shutdownFollowerState(121)) - e072d245-7694-4d97-8e20-c503ebf8c2fe: shutdown e072d245-7694-4d97-8e20-c503ebf8c2fe@group-35C832A27F16-FollowerState
2025-10-16 19:47:29,591 [e072d245-7694-4d97-8e20-c503ebf8c2fe@group-35C832A27F16-FollowerState] INFO  impl.FollowerState (FollowerState.java:runImpl(170)) - e072d245-7694-4d97-8e20-c503ebf8c2fe@group-35C832A27F16-FollowerState was interrupted
2025-10-16 19:47:29,592 [grpc-default-executor-2] INFO  impl.RoleInfo (RoleInfo.java:updateAndGet(148)) - e072d245-7694-4d97-8e20-c503ebf8c2fe: start e072d245-7694-4d97-8e20-c503ebf8c2fe@group-35C832A27F16-FollowerState
2025-10-16 19:47:29,592 [grpc-default-executor-3] INFO  impl.VoteContext (VoteContext.java:log(49)) - 8a0fa2ff-b550-4652-b2fe-0cf91cd4a157@group-35C832A27F16-FOLLOWER: accept ELECTION from 76d4ba71-5bbb-4b24-8f51-8bc7f78aaca4: our priority 0 <= candidate's priority 1
2025-10-16 19:47:29,593 [grpc-default-executor-3] INFO  server.RaftServer$Division (RaftServerImpl.java:setRole(392)) - 8a0fa2ff-b550-4652-b2fe-0cf91cd4a157@group-35C832A27F16: changes role from  FOLLOWER to FOLLOWER at term 0 for candidate:76d4ba71-5bbb-4b24-8f51-8bc7f78aaca4
2025-10-16 19:47:29,593 [grpc-default-executor-3] INFO  impl.RoleInfo (RoleInfo.java:shutdownFollowerState(121)) - 8a0fa2ff-b550-4652-b2fe-0cf91cd4a157: shutdown 8a0fa2ff-b550-4652-b2fe-0cf91cd4a157@group-35C832A27F16-FollowerState
2025-10-16 19:47:29,593 [grpc-default-executor-3] INFO  impl.RoleInfo (RoleInfo.java:updateAndGet(148)) - 8a0fa2ff-b550-4652-b2fe-0cf91cd4a157: start 8a0fa2ff-b550-4652-b2fe-0cf91cd4a157@group-35C832A27F16-FollowerState
2025-10-16 19:47:29,593 [8a0fa2ff-b550-4652-b2fe-0cf91cd4a157@group-35C832A27F16-FollowerState] INFO  impl.FollowerState (FollowerState.java:runImpl(170)) - 8a0fa2ff-b550-4652-b2fe-0cf91cd4a157@group-35C832A27F16-FollowerState was interrupted
2025-10-16 19:47:29,594 [grpc-default-executor-3] INFO  server.RaftServer$Division (RaftServerImpl.java:setFirstElection(576)) - 8a0fa2ff-b550-4652-b2fe-0cf91cd4a157@group-35C832A27F16: set firstElectionSinceStartup to false for candidate:76d4ba71-5bbb-4b24-8f51-8bc7f78aaca4
2025-10-16 19:47:29,595 [grpc-default-executor-2] INFO  server.RaftServer$Division (RaftServerImpl.java:requestVote(1455)) - e072d245-7694-4d97-8e20-c503ebf8c2fe@group-35C832A27F16 replies to ELECTION vote request: 76d4ba71-5bbb-4b24-8f51-8bc7f78aaca4<-e072d245-7694-4d97-8e20-c503ebf8c2fe#0:OK-t1-last:<INITIAL_VALUE>. Peer's state: e072d245-7694-4d97-8e20-c503ebf8c2fe@group-35C832A27F16:t1, leader=null, voted=76d4ba71-5bbb-4b24-8f51-8bc7f78aaca4, raftlog=Memoized:e072d245-7694-4d97-8e20-c503ebf8c2fe@group-35C832A27F16-SegmentedRaftLog:OPENED:c-1:lastnull, conf=conf: {index: -1, cur=peers:[e072d245-7694-4d97-8e20-c503ebf8c2fe|127.0.0.1:15063, 76d4ba71-5bbb-4b24-8f51-8bc7f78aaca4|127.0.0.1:15071, 8a0fa2ff-b550-4652-b2fe-0cf91cd4a157|127.0.0.1:15079]|listeners:[], old=null}
2025-10-16 19:47:29,595 [grpc-default-executor-3] INFO  server.RaftServer$Division (RaftServerImpl.java:requestVote(1455)) - 8a0fa2ff-b550-4652-b2fe-0cf91cd4a157@group-35C832A27F16 replies to ELECTION vote request: 76d4ba71-5bbb-4b24-8f51-8bc7f78aaca4<-8a0fa2ff-b550-4652-b2fe-0cf91cd4a157#0:OK-t1-last:<INITIAL_VALUE>. Peer's state: 8a0fa2ff-b550-4652-b2fe-0cf91cd4a157@group-35C832A27F16:t1, leader=null, voted=76d4ba71-5bbb-4b24-8f51-8bc7f78aaca4, raftlog=Memoized:8a0fa2ff-b550-4652-b2fe-0cf91cd4a157@group-35C832A27F16-SegmentedRaftLog:OPENED:c-1:lastnull, conf=conf: {index: -1, cur=peers:[e072d245-7694-4d97-8e20-c503ebf8c2fe|127.0.0.1:15063, 76d4ba71-5bbb-4b24-8f51-8bc7f78aaca4|127.0.0.1:15071, 8a0fa2ff-b550-4652-b2fe-0cf91cd4a157|127.0.0.1:15079]|listeners:[], old=null}
2025-10-16 19:47:29,597 [76d4ba71-5bbb-4b24-8f51-8bc7f78aaca4@group-35C832A27F16-LeaderElection21] INFO  impl.LeaderElection (LeaderElection.java:logAndReturn(206)) - 76d4ba71-5bbb-4b24-8f51-8bc7f78aaca4@group-35C832A27F16-LeaderElection21: ELECTION PASSED received 1 response(s) and 0 exception(s):
2025-10-16 19:47:29,597 [76d4ba71-5bbb-4b24-8f51-8bc7f78aaca4@group-35C832A27F16-LeaderElection21] INFO  impl.LeaderElection (LeaderElection.java:logAndReturn(210)) -   Response 0: 76d4ba71-5bbb-4b24-8f51-8bc7f78aaca4<-8a0fa2ff-b550-4652-b2fe-0cf91cd4a157#0:OK-t1-last:<INITIAL_VALUE>
2025-10-16 19:47:29,598 [76d4ba71-5bbb-4b24-8f51-8bc7f78aaca4@group-35C832A27F16-LeaderElection21] INFO  impl.LeaderElection (LeaderElection.java:askForVotes(450)) - 76d4ba71-5bbb-4b24-8f51-8bc7f78aaca4@group-35C832A27F16-LeaderElection21 ELECTION round 0: result PASSED
2025-10-16 19:47:29,598 [76d4ba71-5bbb-4b24-8f51-8bc7f78aaca4@group-35C832A27F16-LeaderElection21] INFO  impl.RoleInfo (RoleInfo.java:shutdownLeaderElection(141)) - 76d4ba71-5bbb-4b24-8f51-8bc7f78aaca4: shutdown 76d4ba71-5bbb-4b24-8f51-8bc7f78aaca4@group-35C832A27F16-LeaderElection21
2025-10-16 19:47:29,598 [76d4ba71-5bbb-4b24-8f51-8bc7f78aaca4@group-35C832A27F16-LeaderElection21] INFO  server.RaftServer$Division (RaftServerImpl.java:setRole(392)) - 76d4ba71-5bbb-4b24-8f51-8bc7f78aaca4@group-35C832A27F16: changes role from CANDIDATE to LEADER at term 1 for changeToLeader
2025-10-16 19:47:29,598 [76d4ba71-5bbb-4b24-8f51-8bc7f78aaca4@group-35C832A27F16-LeaderElection21] INFO  server.RaftServerConfigKeys (ConfUtils.java:logFallback(69)) - raft.server.staging.timeout = 15600ms (fallback to raft.server.rpc.timeout.max)
2025-10-16 19:47:29,598 [76d4ba71-5bbb-4b24-8f51-8bc7f78aaca4@group-35C832A27F16-LeaderElection21] INFO  server.RaftServerConfigKeys (ConfUtils.java:logGet(62)) - raft.server.write.byte-limit = 1024 M (=1073741824) (custom)
2025-10-16 19:47:29,601 [76d4ba71-5bbb-4b24-8f51-8bc7f78aaca4@group-35C832A27F16-LeaderElection21] INFO  server.RaftServerConfigKeys (ConfUtils.java:logGet(62)) - raft.server.log.appender.buffer.byte-limit = 33554432 (custom)
2025-10-16 19:47:29,603 [76d4ba71-5bbb-4b24-8f51-8bc7f78aaca4@group-35C832A27F16-LeaderElection21] INFO  server.RaftServerConfigKeys (ConfUtils.java:logGet(62)) - raft.server.log.appender.buffer.byte-limit = 33554432 (custom)
2025-10-16 19:47:29,603 [76d4ba71-5bbb-4b24-8f51-8bc7f78aaca4@group-35C832A27F16-LeaderElection21] INFO  impl.RoleInfo (RoleInfo.java:updateAndGet(148)) - 76d4ba71-5bbb-4b24-8f51-8bc7f78aaca4: start 76d4ba71-5bbb-4b24-8f51-8bc7f78aaca4@group-35C832A27F16-LeaderStateImpl
2025-10-16 19:47:29,604 [76d4ba71-5bbb-4b24-8f51-8bc7f78aaca4@group-35C832A27F16-LeaderElection21] INFO  server.RaftServer$Division (RaftServerImpl.java:setFirstElection(576)) - 76d4ba71-5bbb-4b24-8f51-8bc7f78aaca4@group-35C832A27F16: set firstElectionSinceStartup to false for becomeLeader
2025-10-16 19:47:29,604 [76d4ba71-5bbb-4b24-8f51-8bc7f78aaca4@group-35C832A27F16-LeaderElection21] INFO  ratis.XceiverServerRatis (XceiverServerRatis.java:handleLeaderChangedNotification(940)) - Leader change notification received for group: group-35C832A27F16 with new leaderId: 76d4ba71-5bbb-4b24-8f51-8bc7f78aaca4
2025-10-16 19:47:29,604 [76d4ba71-5bbb-4b24-8f51-8bc7f78aaca4@group-35C832A27F16-LeaderElection21] INFO  server.RaftServer$Division (ServerState.java:setLeader(272)) - 76d4ba71-5bbb-4b24-8f51-8bc7f78aaca4@group-35C832A27F16: change Leader from null to 76d4ba71-5bbb-4b24-8f51-8bc7f78aaca4 at term 1 for becomeLeader, leader elected after 1142ms
2025-10-16 19:47:29,605 [76d4ba71-5bbb-4b24-8f51-8bc7f78aaca4@group-35C832A27F16-LeaderElection21] INFO  segmented.SegmentedRaftLogWorker (SegmentedRaftLogWorker.java:startLogSegment(440)) - 76d4ba71-5bbb-4b24-8f51-8bc7f78aaca4@group-35C832A27F16-SegmentedRaftLogWorker: Starting segment from index:0
2025-10-16 19:47:29,606 [76d4ba71-5bbb-4b24-8f51-8bc7f78aaca4@group-35C832A27F16-LeaderElection21] INFO  server.RaftServer$Division (ServerState.java:setRaftConf(386)) - 76d4ba71-5bbb-4b24-8f51-8bc7f78aaca4@group-35C832A27F16: set configuration conf: {index: 0, cur=peers:[e072d245-7694-4d97-8e20-c503ebf8c2fe|127.0.0.1:15063, 76d4ba71-5bbb-4b24-8f51-8bc7f78aaca4|127.0.0.1:15071, 8a0fa2ff-b550-4652-b2fe-0cf91cd4a157|127.0.0.1:15079]|listeners:[], old=null}
2025-10-16 19:47:29,606 [76d4ba71-5bbb-4b24-8f51-8bc7f78aaca4@group-35C832A27F16-SegmentedRaftLogWorker] INFO  segmented.BufferedWriteChannel (BufferedWriteChannel.java:open(61)) - open log_inprogress_0 at position 0
2025-10-16 19:47:29,609 | INFO  | SCMAudit | user=runner | ip=127.0.0.1 | op=SEND_HEARTBEAT {"datanodeUUID":"76d4ba71-5bbb-4b24-8f51-8bc7f78aaca4","term":"2","command":"[]"} | ret=SUCCESS |  
2025-10-16 19:47:29,615 [76d4ba71-5bbb-4b24-8f51-8bc7f78aaca4@group-35C832A27F16-SegmentedRaftLogWorker] INFO  segmented.SegmentedRaftLogWorker (SegmentedRaftLogWorker.java:execute(647)) - 76d4ba71-5bbb-4b24-8f51-8bc7f78aaca4@group-35C832A27F16-SegmentedRaftLogWorker: created new log segment /home/runner/work/ozone/ozone/hadoop-ozone/integration-test/target/test-dir/MiniOzoneClusterImpl-e7911277-7775-4457-96c8-94071a26a1ce/ozone-metadata/datanode-8/ratis/36c7da6a-14e2-433e-b882-35c832a27f16/current/log_inprogress_0
2025-10-16 19:47:29,616 [grpc-default-executor-5] INFO  ratis.XceiverServerRatis (XceiverServerRatis.java:handleLeaderChangedNotification(940)) - Leader change notification received for group: group-35C832A27F16 with new leaderId: 76d4ba71-5bbb-4b24-8f51-8bc7f78aaca4
2025-10-16 19:47:29,616 [EventQueue-PipelineReportForPipelineReportHandler] INFO  pipeline.PipelineReportHandler (PipelineReportHandler.java:processPipelineReport(132)) - Opened pipeline Pipeline-36c7da6a-14e2-433e-b882-35c832a27f16
2025-10-16 19:47:29,618 [grpc-default-executor-5] INFO  server.RaftServer$Division (ServerState.java:setLeader(272)) - e072d245-7694-4d97-8e20-c503ebf8c2fe@group-35C832A27F16: change Leader from null to 76d4ba71-5bbb-4b24-8f51-8bc7f78aaca4 at term 1 for appendEntries, leader elected after 1196ms
2025-10-16 19:47:29,619 [grpc-default-executor-0] INFO  ratis.XceiverServerRatis (XceiverServerRatis.java:handleLeaderChangedNotification(940)) - Leader change notification received for group: group-35C832A27F16 with new leaderId: 76d4ba71-5bbb-4b24-8f51-8bc7f78aaca4
2025-10-16 19:47:29,619 [grpc-default-executor-0] INFO  server.RaftServer$Division (ServerState.java:setLeader(272)) - 8a0fa2ff-b550-4652-b2fe-0cf91cd4a157@group-35C832A27F16: change Leader from null to 76d4ba71-5bbb-4b24-8f51-8bc7f78aaca4 at term 1 for appendEntries, leader elected after 1123ms
2025-10-16 19:47:29,620 [grpc-default-executor-2] INFO  server.RaftServer$Division (ServerState.java:setRaftConf(386)) - 8a0fa2ff-b550-4652-b2fe-0cf91cd4a157@group-35C832A27F16: set configuration conf: {index: 0, cur=peers:[e072d245-7694-4d97-8e20-c503ebf8c2fe|127.0.0.1:15063, 76d4ba71-5bbb-4b24-8f51-8bc7f78aaca4|127.0.0.1:15071, 8a0fa2ff-b550-4652-b2fe-0cf91cd4a157|127.0.0.1:15079]|listeners:[], old=null}
2025-10-16 19:47:29,621 [grpc-default-executor-2] INFO  segmented.SegmentedRaftLogWorker (SegmentedRaftLogWorker.java:startLogSegment(440)) - 8a0fa2ff-b550-4652-b2fe-0cf91cd4a157@group-35C832A27F16-SegmentedRaftLogWorker: Starting segment from index:0
2025-10-16 19:47:29,621 [8a0fa2ff-b550-4652-b2fe-0cf91cd4a157@group-35C832A27F16-SegmentedRaftLogWorker] INFO  segmented.BufferedWriteChannel (BufferedWriteChannel.java:open(61)) - open log_inprogress_0 at position 0
2025-10-16 19:47:29,620 [grpc-default-executor-3] INFO  server.RaftServer$Division (ServerState.java:setRaftConf(386)) - e072d245-7694-4d97-8e20-c503ebf8c2fe@group-35C832A27F16: set configuration conf: {index: 0, cur=peers:[e072d245-7694-4d97-8e20-c503ebf8c2fe|127.0.0.1:15063, 76d4ba71-5bbb-4b24-8f51-8bc7f78aaca4|127.0.0.1:15071, 8a0fa2ff-b550-4652-b2fe-0cf91cd4a157|127.0.0.1:15079]|listeners:[], old=null}
2025-10-16 19:47:29,622 [grpc-default-executor-3] INFO  segmented.SegmentedRaftLogWorker (SegmentedRaftLogWorker.java:startLogSegment(440)) - e072d245-7694-4d97-8e20-c503ebf8c2fe@group-35C832A27F16-SegmentedRaftLogWorker: Starting segment from index:0
2025-10-16 19:47:29,622 [e072d245-7694-4d97-8e20-c503ebf8c2fe@group-35C832A27F16-SegmentedRaftLogWorker] INFO  segmented.BufferedWriteChannel (BufferedWriteChannel.java:open(61)) - open log_inprogress_0 at position 0
2025-10-16 19:47:29,630 [8a0fa2ff-b550-4652-b2fe-0cf91cd4a157@group-35C832A27F16-SegmentedRaftLogWorker] INFO  segmented.SegmentedRaftLogWorker (SegmentedRaftLogWorker.java:execute(647)) - 8a0fa2ff-b550-4652-b2fe-0cf91cd4a157@group-35C832A27F16-SegmentedRaftLogWorker: created new log segment /home/runner/work/ozone/ozone/hadoop-ozone/integration-test/target/test-dir/MiniOzoneClusterImpl-e7911277-7775-4457-96c8-94071a26a1ce/ozone-metadata/datanode-9/ratis/36c7da6a-14e2-433e-b882-35c832a27f16/current/log_inprogress_0
2025-10-16 19:47:29,632 [e072d245-7694-4d97-8e20-c503ebf8c2fe@group-35C832A27F16-SegmentedRaftLogWorker] INFO  segmented.SegmentedRaftLogWorker (SegmentedRaftLogWorker.java:execute(647)) - e072d245-7694-4d97-8e20-c503ebf8c2fe@group-35C832A27F16-SegmentedRaftLogWorker: created new log segment /home/runner/work/ozone/ozone/hadoop-ozone/integration-test/target/test-dir/MiniOzoneClusterImpl-e7911277-7775-4457-96c8-94071a26a1ce/ozone-metadata/datanode-7/ratis/36c7da6a-14e2-433e-b882-35c832a27f16/current/log_inprogress_0
2025-10-16 19:47:29,634 [76d4ba71-5bbb-4b24-8f51-8bc7f78aaca4@group-35C832A27F16-StateMachineUpdater] INFO  server.RaftServer$Division (LeaderStateImpl.java:checkStartIndex(309)) - Leader 76d4ba71-5bbb-4b24-8f51-8bc7f78aaca4@group-35C832A27F16-LeaderStateImpl is ready since appliedIndex == startIndex == 0
2025-10-16 19:47:29,656 [76d4ba71-5bbb-4b24-8f51-8bc7f78aaca4@group-EF706A04258B-FollowerState] INFO  impl.FollowerState (FollowerState.java:runImpl(161)) - 76d4ba71-5bbb-4b24-8f51-8bc7f78aaca4@group-EF706A04258B-FollowerState: change to CANDIDATE, lastRpcElapsedTime:1092170786ns, electionTimeout:1091ms
2025-10-16 19:47:29,656 [76d4ba71-5bbb-4b24-8f51-8bc7f78aaca4@group-EF706A04258B-FollowerState] INFO  impl.RoleInfo (RoleInfo.java:shutdownFollowerState(121)) - 76d4ba71-5bbb-4b24-8f51-8bc7f78aaca4: shutdown 76d4ba71-5bbb-4b24-8f51-8bc7f78aaca4@group-EF706A04258B-FollowerState
2025-10-16 19:47:29,656 [76d4ba71-5bbb-4b24-8f51-8bc7f78aaca4@group-EF706A04258B-FollowerState] INFO  server.RaftServer$Division (RaftServerImpl.java:setRole(392)) - 76d4ba71-5bbb-4b24-8f51-8bc7f78aaca4@group-EF706A04258B: changes role from  FOLLOWER to CANDIDATE at term 0 for changeToCandidate
2025-10-16 19:47:29,657 [76d4ba71-5bbb-4b24-8f51-8bc7f78aaca4@group-EF706A04258B-FollowerState] INFO  impl.RoleInfo (RoleInfo.java:updateAndGet(148)) - 76d4ba71-5bbb-4b24-8f51-8bc7f78aaca4: start 76d4ba71-5bbb-4b24-8f51-8bc7f78aaca4@group-EF706A04258B-LeaderElection22
2025-10-16 19:47:29,657 [76d4ba71-5bbb-4b24-8f51-8bc7f78aaca4@group-EF706A04258B-LeaderElection22] INFO  impl.LeaderElection (LeaderElection.java:askForVotes(448)) - 76d4ba71-5bbb-4b24-8f51-8bc7f78aaca4@group-EF706A04258B-LeaderElection22 PRE_VOTE round 0: submit vote requests at term 0 for conf: {index: -1, cur=peers:[76d4ba71-5bbb-4b24-8f51-8bc7f78aaca4|127.0.0.1:15071]|listeners:[], old=null}
2025-10-16 19:47:29,657 [76d4ba71-5bbb-4b24-8f51-8bc7f78aaca4@group-EF706A04258B-LeaderElection22] INFO  impl.LeaderElection (LeaderElection.java:askForVotes(450)) - 76d4ba71-5bbb-4b24-8f51-8bc7f78aaca4@group-EF706A04258B-LeaderElection22 PRE_VOTE round 0: result PASSED (term=0)
2025-10-16 19:47:29,658 [76d4ba71-5bbb-4b24-8f51-8bc7f78aaca4@group-EF706A04258B-LeaderElection22] INFO  impl.LeaderElection (LeaderElection.java:askForVotes(448)) - 76d4ba71-5bbb-4b24-8f51-8bc7f78aaca4@group-EF706A04258B-LeaderElection22 ELECTION round 0: submit vote requests at term 1 for conf: {index: -1, cur=peers:[76d4ba71-5bbb-4b24-8f51-8bc7f78aaca4|127.0.0.1:15071]|listeners:[], old=null}
2025-10-16 19:47:29,658 [76d4ba71-5bbb-4b24-8f51-8bc7f78aaca4@group-EF706A04258B-LeaderElection22] INFO  impl.LeaderElection (LeaderElection.java:askForVotes(450)) - 76d4ba71-5bbb-4b24-8f51-8bc7f78aaca4@group-EF706A04258B-LeaderElection22 ELECTION round 0: result PASSED (term=1)
2025-10-16 19:47:29,658 [76d4ba71-5bbb-4b24-8f51-8bc7f78aaca4@group-EF706A04258B-LeaderElection22] INFO  impl.RoleInfo (RoleInfo.java:shutdownLeaderElection(141)) - 76d4ba71-5bbb-4b24-8f51-8bc7f78aaca4: shutdown 76d4ba71-5bbb-4b24-8f51-8bc7f78aaca4@group-EF706A04258B-LeaderElection22
2025-10-16 19:47:29,658 [76d4ba71-5bbb-4b24-8f51-8bc7f78aaca4@group-EF706A04258B-LeaderElection22] INFO  server.RaftServer$Division (RaftServerImpl.java:setRole(392)) - 76d4ba71-5bbb-4b24-8f51-8bc7f78aaca4@group-EF706A04258B: changes role from CANDIDATE to LEADER at term 1 for changeToLeader
2025-10-16 19:47:29,658 [76d4ba71-5bbb-4b24-8f51-8bc7f78aaca4@group-EF706A04258B-LeaderElection22] INFO  server.RaftServerConfigKeys (ConfUtils.java:logFallback(69)) - raft.server.staging.timeout = 15600ms (fallback to raft.server.rpc.timeout.max)
2025-10-16 19:47:29,659 [76d4ba71-5bbb-4b24-8f51-8bc7f78aaca4@group-EF706A04258B-LeaderElection22] INFO  server.RaftServerConfigKeys (ConfUtils.java:logGet(62)) - raft.server.write.byte-limit = 1024 M (=1073741824) (custom)
2025-10-16 19:47:29,660 [76d4ba71-5bbb-4b24-8f51-8bc7f78aaca4@group-EF706A04258B-LeaderElection22] INFO  impl.RoleInfo (RoleInfo.java:updateAndGet(148)) - 76d4ba71-5bbb-4b24-8f51-8bc7f78aaca4: start 76d4ba71-5bbb-4b24-8f51-8bc7f78aaca4@group-EF706A04258B-LeaderStateImpl
2025-10-16 19:47:29,660 [76d4ba71-5bbb-4b24-8f51-8bc7f78aaca4@group-EF706A04258B-LeaderElection22] INFO  server.RaftServer$Division (RaftServerImpl.java:setFirstElection(576)) - 76d4ba71-5bbb-4b24-8f51-8bc7f78aaca4@group-EF706A04258B: set firstElectionSinceStartup to false for becomeLeader
2025-10-16 19:47:29,660 [76d4ba71-5bbb-4b24-8f51-8bc7f78aaca4@group-EF706A04258B-LeaderElection22] INFO  ratis.XceiverServerRatis (XceiverServerRatis.java:handleLeaderChangedNotification(940)) - Leader change notification received for group: group-EF706A04258B with new leaderId: 76d4ba71-5bbb-4b24-8f51-8bc7f78aaca4
2025-10-16 19:47:29,662 [76d4ba71-5bbb-4b24-8f51-8bc7f78aaca4@group-EF706A04258B-LeaderElection22] INFO  server.RaftServer$Division (ServerState.java:setLeader(272)) - 76d4ba71-5bbb-4b24-8f51-8bc7f78aaca4@group-EF706A04258B: change Leader from null to 76d4ba71-5bbb-4b24-8f51-8bc7f78aaca4 at term 1 for becomeLeader, leader elected after 1125ms
2025-10-16 19:47:29,662 [76d4ba71-5bbb-4b24-8f51-8bc7f78aaca4@group-EF706A04258B-LeaderElection22] INFO  segmented.SegmentedRaftLogWorker (SegmentedRaftLogWorker.java:startLogSegment(440)) - 76d4ba71-5bbb-4b24-8f51-8bc7f78aaca4@group-EF706A04258B-SegmentedRaftLogWorker: Starting segment from index:0
2025-10-16 19:47:29,662 | INFO  | SCMAudit | user=runner | ip=127.0.0.1 | op=SEND_HEARTBEAT {"datanodeUUID":"76d4ba71-5bbb-4b24-8f51-8bc7f78aaca4","term":"2","command":"[]"} | ret=SUCCESS |  
2025-10-16 19:47:29,662 [76d4ba71-5bbb-4b24-8f51-8bc7f78aaca4@group-EF706A04258B-LeaderElection22] INFO  server.RaftServer$Division (ServerState.java:setRaftConf(386)) - 76d4ba71-5bbb-4b24-8f51-8bc7f78aaca4@group-EF706A04258B: set configuration conf: {index: 0, cur=peers:[76d4ba71-5bbb-4b24-8f51-8bc7f78aaca4|127.0.0.1:15071]|listeners:[], old=null}
2025-10-16 19:47:29,663 [76d4ba71-5bbb-4b24-8f51-8bc7f78aaca4@group-EF706A04258B-SegmentedRaftLogWorker] INFO  segmented.BufferedWriteChannel (BufferedWriteChannel.java:open(61)) - open log_inprogress_0 at position 0
2025-10-16 19:47:29,680 [76d4ba71-5bbb-4b24-8f51-8bc7f78aaca4@group-EF706A04258B-SegmentedRaftLogWorker] INFO  segmented.SegmentedRaftLogWorker (SegmentedRaftLogWorker.java:execute(647)) - 76d4ba71-5bbb-4b24-8f51-8bc7f78aaca4@group-EF706A04258B-SegmentedRaftLogWorker: created new log segment /home/runner/work/ozone/ozone/hadoop-ozone/integration-test/target/test-dir/MiniOzoneClusterImpl-e7911277-7775-4457-96c8-94071a26a1ce/ozone-metadata/datanode-8/ratis/eaa70320-3453-42e2-a14a-ef706a04258b/current/log_inprogress_0
2025-10-16 19:47:29,683 [76d4ba71-5bbb-4b24-8f51-8bc7f78aaca4@group-EF706A04258B-StateMachineUpdater] INFO  server.RaftServer$Division (LeaderStateImpl.java:checkStartIndex(309)) - Leader 76d4ba71-5bbb-4b24-8f51-8bc7f78aaca4@group-EF706A04258B-LeaderStateImpl is ready since appliedIndex == startIndex == 0
2025-10-16 19:47:29,733 | INFO  | SCMAudit | user=runner | ip=127.0.0.1 | op=SEND_HEARTBEAT {"datanodeUUID":"aa213937-adc5-47da-a770-0ee1e4664344","term":"2","command":"[]"} | ret=SUCCESS |  
2025-10-16 19:47:29,764 | INFO  | ContainerLog | ID=1 | Index=0 | BCSID=0 | State=OPEN | Volume=/home/runner/work/ozone/ozone/hadoop-ozone/integration-test/target/test-dir/MiniOzoneClusterImpl-e7911277-7775-4457-96c8-94071a26a1ce/ozone-metadata/datanode-7/data-0/hdds | DataChecksum=0 |  
2025-10-16 19:47:29,770 | INFO  | SCMAudit | user=runner | ip=127.0.0.1 | op=SEND_HEARTBEAT {"datanodeUUID":"e072d245-7694-4d97-8e20-c503ebf8c2fe","term":"2","command":"[]"} | ret=SUCCESS |  
2025-10-16 19:47:29,794 | INFO  | SCMAudit | user=runner | ip=127.0.0.1 | op=SEND_HEARTBEAT {"datanodeUUID":"8a0fa2ff-b550-4652-b2fe-0cf91cd4a157","term":"2","command":"[]"} | ret=SUCCESS |  
2025-10-16 19:47:29,825 | INFO  | OMAudit | user=runner | ip=127.0.0.1 | op=COMMIT_KEY {"volume":"a9e2bd5e-ca4f-4d36-a162-5b3c37f85b17","bucket":"4d5f80d2-532d-4dfe-8495-e9fd50a8a862","key":"d1ae894e-8f27-4237-ac30-b8a16d67ef56","dataSize":"12","replicationType":"RATIS","replicationFactor":"ONE","Transaction":"4"} | ret=SUCCESS |  
2025-10-16 19:47:29,829 | INFO  | OMAudit | user=runner | ip=127.0.0.1 | op=READ_VOLUME {"volume":"a9e2bd5e-ca4f-4d36-a162-5b3c37f85b17"} | ret=SUCCESS |  
2025-10-16 19:47:29,843 [8a0fa2ff-b550-4652-b2fe-0cf91cd4a157@group-90A7926D173C-FollowerState] INFO  impl.FollowerState (FollowerState.java:runImpl(161)) - 8a0fa2ff-b550-4652-b2fe-0cf91cd4a157@group-90A7926D173C-FollowerState: change to CANDIDATE, lastRpcElapsedTime:1040609188ns, electionTimeout:1037ms
2025-10-16 19:47:29,844 [8a0fa2ff-b550-4652-b2fe-0cf91cd4a157@group-90A7926D173C-FollowerState] INFO  impl.RoleInfo (RoleInfo.java:shutdownFollowerState(121)) - 8a0fa2ff-b550-4652-b2fe-0cf91cd4a157: shutdown 8a0fa2ff-b550-4652-b2fe-0cf91cd4a157@group-90A7926D173C-FollowerState
2025-10-16 19:47:29,845 [8a0fa2ff-b550-4652-b2fe-0cf91cd4a157@group-90A7926D173C-FollowerState] INFO  server.RaftServer$Division (RaftServerImpl.java:setRole(392)) - 8a0fa2ff-b550-4652-b2fe-0cf91cd4a157@group-90A7926D173C: changes role from  FOLLOWER to CANDIDATE at term 0 for changeToCandidate
2025-10-16 19:47:29,845 [8a0fa2ff-b550-4652-b2fe-0cf91cd4a157@group-90A7926D173C-FollowerState] INFO  impl.RoleInfo (RoleInfo.java:updateAndGet(148)) - 8a0fa2ff-b550-4652-b2fe-0cf91cd4a157: start 8a0fa2ff-b550-4652-b2fe-0cf91cd4a157@group-90A7926D173C-LeaderElection23
2025-10-16 19:47:29,846 [8a0fa2ff-b550-4652-b2fe-0cf91cd4a157@group-90A7926D173C-LeaderElection23] INFO  impl.LeaderElection (LeaderElection.java:askForVotes(448)) - 8a0fa2ff-b550-4652-b2fe-0cf91cd4a157@group-90A7926D173C-LeaderElection23 PRE_VOTE round 0: submit vote requests at term 0 for conf: {index: -1, cur=peers:[8a0fa2ff-b550-4652-b2fe-0cf91cd4a157|127.0.0.1:15079]|listeners:[], old=null}
2025-10-16 19:47:29,846 [8a0fa2ff-b550-4652-b2fe-0cf91cd4a157@group-90A7926D173C-LeaderElection23] INFO  impl.LeaderElection (LeaderElection.java:askForVotes(450)) - 8a0fa2ff-b550-4652-b2fe-0cf91cd4a157@group-90A7926D173C-LeaderElection23 PRE_VOTE round 0: result PASSED (term=0)
2025-10-16 19:47:29,848 [8a0fa2ff-b550-4652-b2fe-0cf91cd4a157@group-90A7926D173C-LeaderElection23] INFO  impl.LeaderElection (LeaderElection.java:askForVotes(448)) - 8a0fa2ff-b550-4652-b2fe-0cf91cd4a157@group-90A7926D173C-LeaderElection23 ELECTION round 0: submit vote requests at term 1 for conf: {index: -1, cur=peers:[8a0fa2ff-b550-4652-b2fe-0cf91cd4a157|127.0.0.1:15079]|listeners:[], old=null}
2025-10-16 19:47:29,849 [8a0fa2ff-b550-4652-b2fe-0cf91cd4a157@group-90A7926D173C-LeaderElection23] INFO  impl.LeaderElection (LeaderElection.java:askForVotes(450)) - 8a0fa2ff-b550-4652-b2fe-0cf91cd4a157@group-90A7926D173C-LeaderElection23 ELECTION round 0: result PASSED (term=1)
2025-10-16 19:47:29,849 [8a0fa2ff-b550-4652-b2fe-0cf91cd4a157@group-90A7926D173C-LeaderElection23] INFO  impl.RoleInfo (RoleInfo.java:shutdownLeaderElection(141)) - 8a0fa2ff-b550-4652-b2fe-0cf91cd4a157: shutdown 8a0fa2ff-b550-4652-b2fe-0cf91cd4a157@group-90A7926D173C-LeaderElection23
2025-10-16 19:47:29,850 [8a0fa2ff-b550-4652-b2fe-0cf91cd4a157@group-90A7926D173C-LeaderElection23] INFO  server.RaftServer$Division (RaftServerImpl.java:setRole(392)) - 8a0fa2ff-b550-4652-b2fe-0cf91cd4a157@group-90A7926D173C: changes role from CANDIDATE to LEADER at term 1 for changeToLeader
2025-10-16 19:47:29,848 | INFO  | OMAudit | user=runner | ip=127.0.0.1 | op=READ_BUCKET {"volume":"a9e2bd5e-ca4f-4d36-a162-5b3c37f85b17","bucket":"4d5f80d2-532d-4dfe-8495-e9fd50a8a862"} | ret=SUCCESS |  
2025-10-16 19:47:29,850 [8a0fa2ff-b550-4652-b2fe-0cf91cd4a157@group-90A7926D173C-LeaderElection23] INFO  server.RaftServerConfigKeys (ConfUtils.java:logFallback(69)) - raft.server.staging.timeout = 15600ms (fallback to raft.server.rpc.timeout.max)
2025-10-16 19:47:29,851 [8a0fa2ff-b550-4652-b2fe-0cf91cd4a157@group-90A7926D173C-LeaderElection23] INFO  server.RaftServerConfigKeys (ConfUtils.java:logGet(62)) - raft.server.write.byte-limit = 1024 M (=1073741824) (custom)
2025-10-16 19:47:29,853 [8a0fa2ff-b550-4652-b2fe-0cf91cd4a157@group-90A7926D173C-LeaderElection23] INFO  impl.RoleInfo (RoleInfo.java:updateAndGet(148)) - 8a0fa2ff-b550-4652-b2fe-0cf91cd4a157: start 8a0fa2ff-b550-4652-b2fe-0cf91cd4a157@group-90A7926D173C-LeaderStateImpl
2025-10-16 19:47:29,853 [8a0fa2ff-b550-4652-b2fe-0cf91cd4a157@group-90A7926D173C-LeaderElection23] INFO  server.RaftServer$Division (RaftServerImpl.java:setFirstElection(576)) - 8a0fa2ff-b550-4652-b2fe-0cf91cd4a157@group-90A7926D173C: set firstElectionSinceStartup to false for becomeLeader
2025-10-16 19:47:29,854 [8a0fa2ff-b550-4652-b2fe-0cf91cd4a157@group-90A7926D173C-LeaderElection23] INFO  ratis.XceiverServerRatis (XceiverServerRatis.java:handleLeaderChangedNotification(940)) - Leader change notification received for group: group-90A7926D173C with new leaderId: 8a0fa2ff-b550-4652-b2fe-0cf91cd4a157
2025-10-16 19:47:29,855 [8a0fa2ff-b550-4652-b2fe-0cf91cd4a157@group-90A7926D173C-LeaderElection23] INFO  server.RaftServer$Division (ServerState.java:setLeader(272)) - 8a0fa2ff-b550-4652-b2fe-0cf91cd4a157@group-90A7926D173C: change Leader from null to 8a0fa2ff-b550-4652-b2fe-0cf91cd4a157 at term 1 for becomeLeader, leader elected after 1070ms
2025-10-16 19:47:29,855 [8a0fa2ff-b550-4652-b2fe-0cf91cd4a157@group-90A7926D173C-LeaderElection23] INFO  segmented.SegmentedRaftLogWorker (SegmentedRaftLogWorker.java:startLogSegment(440)) - 8a0fa2ff-b550-4652-b2fe-0cf91cd4a157@group-90A7926D173C-SegmentedRaftLogWorker: Starting segment from index:0
2025-10-16 19:47:29,858 [8a0fa2ff-b550-4652-b2fe-0cf91cd4a157@group-90A7926D173C-SegmentedRaftLogWorker] INFO  segmented.BufferedWriteChannel (BufferedWriteChannel.java:open(61)) - open log_inprogress_0 at position 0
2025-10-16 19:47:29,858 [8a0fa2ff-b550-4652-b2fe-0cf91cd4a157@group-90A7926D173C-LeaderElection23] INFO  server.RaftServer$Division (ServerState.java:setRaftConf(386)) - 8a0fa2ff-b550-4652-b2fe-0cf91cd4a157@group-90A7926D173C: set configuration conf: {index: 0, cur=peers:[8a0fa2ff-b550-4652-b2fe-0cf91cd4a157|127.0.0.1:15079]|listeners:[], old=null}
2025-10-16 19:47:29,861 | INFO  | SCMAudit | user=runner | ip=127.0.0.1 | op=SEND_HEARTBEAT {"datanodeUUID":"8a0fa2ff-b550-4652-b2fe-0cf91cd4a157","term":"2","command":"[]"} | ret=SUCCESS |  
2025-10-16 19:47:29,868 | INFO  | OMAudit | user=runner | ip=127.0.0.1 | op=READ_BUCKET {"volume":"a9e2bd5e-ca4f-4d36-a162-5b3c37f85b17","bucket":"4d5f80d2-532d-4dfe-8495-e9fd50a8a862"} | ret=SUCCESS |  
2025-10-16 19:47:29,869 | INFO  | SCMAudit | user=runner | ip=127.0.0.1 | op=SEND_HEARTBEAT {"datanodeUUID":"c0724e9c-0dd4-4d47-992c-7bfe285fdd38","term":"2","command":"[]"} | ret=SUCCESS |  
2025-10-16 19:47:29,873 [c0724e9c-0dd4-4d47-992c-7bfe285fdd38-CreatePipelineCommandHandlerThread-0] INFO  server.RaftServer (RaftServerProxy.java:addNew(105)) - c0724e9c-0dd4-4d47-992c-7bfe285fdd38: addNew group-8B59FAAEE0EA:[c0724e9c-0dd4-4d47-992c-7bfe285fdd38|127.0.0.1:15111] returns group-8B59FAAEE0EA:java.util.concurrent.CompletableFuture@4716a68f[Not completed]
2025-10-16 19:47:29,874 [8a0fa2ff-b550-4652-b2fe-0cf91cd4a157@group-90A7926D173C-SegmentedRaftLogWorker] INFO  segmented.SegmentedRaftLogWorker (SegmentedRaftLogWorker.java:execute(647)) - 8a0fa2ff-b550-4652-b2fe-0cf91cd4a157@group-90A7926D173C-SegmentedRaftLogWorker: created new log segment /home/runner/work/ozone/ozone/hadoop-ozone/integration-test/target/test-dir/MiniOzoneClusterImpl-e7911277-7775-4457-96c8-94071a26a1ce/ozone-metadata/datanode-9/ratis/2fe8678b-8097-49d9-a565-90a7926d173c/current/log_inprogress_0
2025-10-16 19:47:29,877 | INFO  | SCMAudit | user=runner | ip=127.0.0.1 | op=ALLOCATE_BLOCK {"replication":"RATIS/ONE","owner":"omServiceIdDefault","size":"4194304","sampleBlocks":"[conID: 2 locID: 115816896921600002]","num":"1","client":"","allocated":"1"} | ret=SUCCESS |  
2025-10-16 19:47:29,879 [8a0fa2ff-b550-4652-b2fe-0cf91cd4a157@group-90A7926D173C-StateMachineUpdater] INFO  server.RaftServer$Division (LeaderStateImpl.java:checkStartIndex(309)) - Leader 8a0fa2ff-b550-4652-b2fe-0cf91cd4a157@group-90A7926D173C-LeaderStateImpl is ready since appliedIndex == startIndex == 0
2025-10-16 19:47:29,889 | INFO  | OMAudit | user=runner | ip=127.0.0.1 | op=ALLOCATE_KEY {"volume":"a9e2bd5e-ca4f-4d36-a162-5b3c37f85b17","bucket":"4d5f80d2-532d-4dfe-8495-e9fd50a8a862","key":"d1ae894e-8f27-4237-ac30-b8a16d67ef56","dataSize":"12","replicationType":"RATIS","replicationFactor":"ONE","Transaction":"5"} | ret=SUCCESS |  
2025-10-16 19:47:29,898 [c0724e9c-0dd4-4d47-992c-7bfe285fdd38-groupManagement] INFO  server.RaftServer$Division (RaftServerImpl.java:<init>(268)) - c0724e9c-0dd4-4d47-992c-7bfe285fdd38: new RaftServerImpl for group-8B59FAAEE0EA:[c0724e9c-0dd4-4d47-992c-7bfe285fdd38|127.0.0.1:15111] with ContainerStateMachine:uninitialized
2025-10-16 19:47:29,899 [c0724e9c-0dd4-4d47-992c-7bfe285fdd38-groupManagement] INFO  server.RaftServer$Division (ServerState.java:<init>(114)) - c0724e9c-0dd4-4d47-992c-7bfe285fdd38@group-8B59FAAEE0EA: ConfigurationManager, init=conf: {index: -1, cur=peers:[c0724e9c-0dd4-4d47-992c-7bfe285fdd38|127.0.0.1:15111]|listeners:[], old=null}, confs=<EMPTY_MAP>
2025-10-16 19:47:29,905 | INFO  | SCMAudit | user=runner | ip=127.0.0.1 | op=SEND_HEARTBEAT {"datanodeUUID":"f700af26-0e26-4136-9205-9509c82c8c70","term":"2","command":"[]"} | ret=SUCCESS |  
2025-10-16 19:47:29,906 | INFO  | SCMAudit | user=runner | ip=127.0.0.1 | op=SEND_HEARTBEAT {"datanodeUUID":"58cff6b7-b2a7-446b-a75a-bb98ad6b11b8","term":"2","command":"[]"} | ret=SUCCESS |  
2025-10-16 19:47:29,922 [c0724e9c-0dd4-4d47-992c-7bfe285fdd38-groupManagement] INFO  server.RaftServerConfigKeys (ConfUtils.java:logGet(62)) - raft.server.storage.dir = [/home/runner/work/ozone/ozone/hadoop-ozone/integration-test/target/test-dir/MiniOzoneClusterImpl-e7911277-7775-4457-96c8-94071a26a1ce/ozone-metadata/datanode-13/ratis] (custom)
2025-10-16 19:47:29,924 [c0724e9c-0dd4-4d47-992c-7bfe285fdd38-groupManagement] INFO  storage.RaftStorageDirectory (RaftStorageDirectoryImpl.java:analyzeStorage(138)) - The storage directory /home/runner/work/ozone/ozone/hadoop-ozone/integration-test/target/test-dir/MiniOzoneClusterImpl-e7911277-7775-4457-96c8-94071a26a1ce/ozone-metadata/datanode-13/ratis/fb44cfc1-9805-428f-96aa-8b59faaee0ea does not exist. Creating ...
2025-10-16 19:47:29,929 [c0724e9c-0dd4-4d47-992c-7bfe285fdd38-groupManagement] INFO  storage.RaftStorageDirectory (RaftStorageDirectoryImpl.java:tryLock(229)) - Lock on /home/runner/work/ozone/ozone/hadoop-ozone/integration-test/target/test-dir/MiniOzoneClusterImpl-e7911277-7775-4457-96c8-94071a26a1ce/ozone-metadata/datanode-13/ratis/fb44cfc1-9805-428f-96aa-8b59faaee0ea/in_use.lock acquired by nodename 40995@localhost
2025-10-16 19:47:29,932 [c0724e9c-0dd4-4d47-992c-7bfe285fdd38-groupManagement] INFO  storage.RaftStorage (RaftStorageImpl.java:format(98)) - Storage directory /home/runner/work/ozone/ozone/hadoop-ozone/integration-test/target/test-dir/MiniOzoneClusterImpl-e7911277-7775-4457-96c8-94071a26a1ce/ozone-metadata/datanode-13/ratis/fb44cfc1-9805-428f-96aa-8b59faaee0ea has been successfully formatted.
2025-10-16 19:47:29,933 [c0724e9c-0dd4-4d47-992c-7bfe285fdd38-groupManagement] INFO  ratis.ContainerStateMachine (ContainerStateMachine.java:initialize(339)) - c0724e9c-0dd4-4d47-992c-7bfe285fdd38: initialize group-8B59FAAEE0EA
2025-10-16 19:47:29,935 [c0724e9c-0dd4-4d47-992c-7bfe285fdd38-groupManagement] INFO  ratis.ContainerStateMachine (ContainerStateMachine.java:loadSnapshot(347)) - group-8B59FAAEE0EA: The snapshot info is null. Setting the last applied index to:<INITIAL_VALUE>
2025-10-16 19:47:29,936 [c0724e9c-0dd4-4d47-992c-7bfe285fdd38-groupManagement] INFO  server.RaftServerConfigKeys (ConfUtils.java:logGet(62)) - raft.server.log.appender.buffer.byte-limit = 33554432 (custom)
2025-10-16 19:47:29,940 | INFO  | SCMAudit | user=runner | ip=127.0.0.1 | op=SEND_HEARTBEAT {"datanodeUUID":"c0724e9c-0dd4-4d47-992c-7bfe285fdd38","term":"2","command":"[]"} | ret=SUCCESS |  
2025-10-16 19:47:29,945 [c0724e9c-0dd4-4d47-992c-7bfe285fdd38-groupManagement] INFO  server.RaftServerConfigKeys (ConfUtils.java:logGet(62)) - raft.server.log.segment.size.max = 67108864 (custom)
2025-10-16 19:47:29,947 [c0724e9c-0dd4-4d47-992c-7bfe285fdd38-groupManagement] INFO  server.RaftServerConfigKeys (ConfUtils.java:logGet(62)) - raft.server.log.appender.buffer.byte-limit = 33554432 (custom)
2025-10-16 19:47:29,949 [EventQueue-PipelineReportForPipelineReportHandler] INFO  pipeline.PipelineReportHandler (PipelineReportHandler.java:processPipelineReport(132)) - Opened pipeline Pipeline-fb44cfc1-9805-428f-96aa-8b59faaee0ea
2025-10-16 19:47:29,951 [c0724e9c-0dd4-4d47-992c-7bfe285fdd38-groupManagement] INFO  util.AwaitToRun (AwaitToRun.java:start(81)) - Thread[#1819,c0724e9c-0dd4-4d47-992c-7bfe285fdd38@group-8B59FAAEE0EA-cacheEviction-AwaitToRun,5,main] started
2025-10-16 19:47:29,951 [c0724e9c-0dd4-4d47-992c-7bfe285fdd38-groupManagement] INFO  segmented.SegmentedRaftLogWorker (SegmentedRaftLogWorker.java:<init>(190)) - new c0724e9c-0dd4-4d47-992c-7bfe285fdd38@group-8B59FAAEE0EA-SegmentedRaftLogWorker for RaftStorageImpl:Storage Directory /home/runner/work/ozone/ozone/hadoop-ozone/integration-test/target/test-dir/MiniOzoneClusterImpl-e7911277-7775-4457-96c8-94071a26a1ce/ozone-metadata/datanode-13/ratis/fb44cfc1-9805-428f-96aa-8b59faaee0ea
2025-10-16 19:47:29,951 [c0724e9c-0dd4-4d47-992c-7bfe285fdd38-groupManagement] INFO  server.RaftServerConfigKeys (ConfUtils.java:logGet(62)) - raft.server.log.queue.byte-limit = 4294967296 (custom)
2025-10-16 19:47:29,951 [c0724e9c-0dd4-4d47-992c-7bfe285fdd38-groupManagement] INFO  server.RaftServerConfigKeys (ConfUtils.java:logGet(62)) - raft.server.log.segment.size.max = 67108864 (custom)
2025-10-16 19:47:29,951 [c0724e9c-0dd4-4d47-992c-7bfe285fdd38-groupManagement] INFO  server.RaftServerConfigKeys (ConfUtils.java:logGet(62)) - raft.server.log.preallocated.size = 4194304 (custom)
2025-10-16 19:47:29,952 [c0724e9c-0dd4-4d47-992c-7bfe285fdd38-groupManagement] INFO  server.RaftServerConfigKeys (ConfUtils.java:logGet(62)) - raft.server.log.write.buffer.size = 33554440 (custom)
2025-10-16 19:47:29,955 | INFO  | ContainerLog | ID=2 | Index=0 | BCSID=0 | State=OPEN | Volume=/home/runner/work/ozone/ozone/hadoop-ozone/integration-test/target/test-dir/MiniOzoneClusterImpl-e7911277-7775-4457-96c8-94071a26a1ce/ozone-metadata/datanode-4/data-0/hdds | DataChecksum=0 |  
2025-10-16 19:47:29,967 | INFO  | SCMAudit | user=runner | ip=127.0.0.1 | op=SEND_HEARTBEAT {"datanodeUUID":"aa213937-adc5-47da-a770-0ee1e4664344","term":"2","command":"[]"} | ret=SUCCESS |  
2025-10-16 19:47:29,971 [c0724e9c-0dd4-4d47-992c-7bfe285fdd38-groupManagement] INFO  server.RaftServerConfigKeys (ConfUtils.java:logGet(62)) - raft.server.log.appender.buffer.byte-limit = 33554432 (custom)
2025-10-16 19:47:29,972 [c0724e9c-0dd4-4d47-992c-7bfe285fdd38-groupManagement] INFO  segmented.SegmentedRaftLogWorker (SegmentedRaftLogWorker.java:lambda$new$0(141)) - c0724e9c-0dd4-4d47-992c-7bfe285fdd38@group-8B59FAAEE0EA-SegmentedRaftLogWorker: flushIndex: setUnconditionally 0 -> -1
2025-10-16 19:47:29,972 [c0724e9c-0dd4-4d47-992c-7bfe285fdd38-groupManagement] INFO  segmented.SegmentedRaftLogWorker (SegmentedRaftLogWorker.java:lambda$new$0(141)) - c0724e9c-0dd4-4d47-992c-7bfe285fdd38@group-8B59FAAEE0EA-SegmentedRaftLogWorker: safeCacheEvictIndex: setUnconditionally 0 -> -1
2025-10-16 19:47:29,974 [c0724e9c-0dd4-4d47-992c-7bfe285fdd38-groupManagement] INFO  server.RaftServer$Division (RaftServerImpl.java:start(405)) - c0724e9c-0dd4-4d47-992c-7bfe285fdd38@group-8B59FAAEE0EA: start as a follower, conf=conf: {index: -1, cur=peers:[c0724e9c-0dd4-4d47-992c-7bfe285fdd38|127.0.0.1:15111]|listeners:[], old=null}
2025-10-16 19:47:29,974 [c0724e9c-0dd4-4d47-992c-7bfe285fdd38-groupManagement] INFO  server.RaftServer$Division (RaftServerImpl.java:setRole(392)) - c0724e9c-0dd4-4d47-992c-7bfe285fdd38@group-8B59FAAEE0EA: changes role from      null to FOLLOWER at term 0 for startAsFollower
2025-10-16 19:47:29,974 [c0724e9c-0dd4-4d47-992c-7bfe285fdd38-groupManagement] INFO  impl.RoleInfo (RoleInfo.java:updateAndGet(148)) - c0724e9c-0dd4-4d47-992c-7bfe285fdd38: start c0724e9c-0dd4-4d47-992c-7bfe285fdd38@group-8B59FAAEE0EA-FollowerState
2025-10-16 19:47:29,977 [c0724e9c-0dd4-4d47-992c-7bfe285fdd38-groupManagement] INFO  util.JmxRegister (JmxRegister.java:tryRegister(44)) - Successfully registered JMX Bean with object name Ratis:service=RaftServer,group=group-8B59FAAEE0EA,id=c0724e9c-0dd4-4d47-992c-7bfe285fdd38
2025-10-16 19:47:29,977 [c0724e9c-0dd4-4d47-992c-7bfe285fdd38-groupManagement] INFO  util.JmxRegister (JmxRegister.java:register(58)) - register mxBean class org.apache.ratis.server.impl.RaftServerJmxAdapter as Ratis:service=RaftServer,group=group-8B59FAAEE0EA,id=c0724e9c-0dd4-4d47-992c-7bfe285fdd38
2025-10-16 19:47:29,980 [c0724e9c-0dd4-4d47-992c-7bfe285fdd38-groupManagement] INFO  server.RaftServer$Division (RaftServerImpl.java:start(419)) - c0724e9c-0dd4-4d47-992c-7bfe285fdd38@group-8B59FAAEE0EA: Successfully started.
2025-10-16 19:47:29,981 [c0724e9c-0dd4-4d47-992c-7bfe285fdd38-CreatePipelineCommandHandlerThread-0] INFO  ratis.XceiverServerRatis (XceiverServerRatis.java:addGroup(839)) - Created group Pipeline-fb44cfc1-9805-428f-96aa-8b59faaee0ea
2025-10-16 19:47:29,981 [c0724e9c-0dd4-4d47-992c-7bfe285fdd38-CreatePipelineCommandHandlerThread-0] INFO  commandhandler.CreatePipelineCommandHandler (CreatePipelineCommandHandler.java:lambda$handle$2(141)) - Created Pipeline RATIS ONE Pipeline-fb44cfc1-9805-428f-96aa-8b59faaee0ea.
2025-10-16 19:47:29,994 | INFO  | OMAudit | user=runner | ip=127.0.0.1 | op=COMMIT_KEY {"volume":"a9e2bd5e-ca4f-4d36-a162-5b3c37f85b17","bucket":"4d5f80d2-532d-4dfe-8495-e9fd50a8a862","key":"d1ae894e-8f27-4237-ac30-b8a16d67ef56","dataSize":"12","replicationType":"RATIS","replicationFactor":"ONE","Transaction":"6"} | ret=SUCCESS |  
2025-10-16 19:47:29,997 | INFO  | OMAudit | user=runner | ip=127.0.0.1 | op=READ_VOLUME {"volume":"a9e2bd5e-ca4f-4d36-a162-5b3c37f85b17"} | ret=SUCCESS |  
2025-10-16 19:47:29,999 | INFO  | OMAudit | user=runner | ip=127.0.0.1 | op=READ_BUCKET {"volume":"a9e2bd5e-ca4f-4d36-a162-5b3c37f85b17","bucket":"4d5f80d2-532d-4dfe-8495-e9fd50a8a862"} | ret=SUCCESS |  
]]></system-out>
  </testcase>
  <testcase name="bucketUsedBytesOverWrite(BucketLayout)[2]" classname="org.apache.hadoop.ozone.client.rpc.TestSecureOzoneRpcClient" time="0.217">
    <system-out><![CDATA[2025-10-16 19:47:30,045 [ForkJoinPool-1-worker-1] INFO  rpc.RpcClient (RpcClient.java:createVolume(461)) - Creating Volume: 08e6cccc-49d5-4efa-b15d-868e7ae0dc14, with runner as owner and space quota set to -1 bytes, counts quota set to -1
2025-10-16 19:47:30,055 [om1-OMStateMachineApplyTransactionThread - 0] INFO  volume.OMVolumeCreateRequest (OMVolumeCreateRequest.java:validateAndUpdateCache(213)) - created volume:08e6cccc-49d5-4efa-b15d-868e7ae0dc14 for user:runner
2025-10-16 19:47:30,057 | INFO  | OMAudit | user=runner | ip=127.0.0.1 | op=CREATE_VOLUME {"admin":"runner","owner":"runner","volume":"08e6cccc-49d5-4efa-b15d-868e7ae0dc14","creationTime":"1760644050052","modificationTime":"1760644050052","quotaInBytes":"-1","quotaInNamespace":"-1","usedNamespace":"0","objectID":"-9223372036854774016","updateID":"7","Transaction":"7"} | ret=SUCCESS |  
2025-10-16 19:47:30,063 | INFO  | OMAudit | user=runner | ip=127.0.0.1 | op=READ_VOLUME {"volume":"08e6cccc-49d5-4efa-b15d-868e7ae0dc14"} | ret=SUCCESS |  
2025-10-16 19:47:30,066 [ForkJoinPool-1-worker-1] INFO  rpc.RpcClient (RpcClient.java:createBucket(686)) - Creating Bucket: 08e6cccc-49d5-4efa-b15d-868e7ae0dc14/3df6e6f6-ff85-4502-88f6-3e9966159827, with bucket layout LEGACY, runner as owner, Versioning true, Storage Type set to DISK and Encryption set to false, Replication Type set to server-side default replication type, Namespace Quota set to -1, Space Quota set to -1 
2025-10-16 19:47:30,073 [om1-OMStateMachineApplyTransactionThread - 0] INFO  bucket.OMBucketCreateRequest (OMBucketCreateRequest.java:validateAndUpdateCache(303)) - created bucket: 3df6e6f6-ff85-4502-88f6-3e9966159827 of layout LEGACY in volume: 08e6cccc-49d5-4efa-b15d-868e7ae0dc14
2025-10-16 19:47:30,074 | INFO  | OMAudit | user=runner | ip=127.0.0.1 | op=CREATE_BUCKET {"volume":"08e6cccc-49d5-4efa-b15d-868e7ae0dc14","bucket":"3df6e6f6-ff85-4502-88f6-3e9966159827","bucketLayout":"LEGACY","gdprEnabled":null,"acls":"[user:runner:a[ACCESS], group:runner:rl[ACCESS]]","isVersionEnabled":"true","storageType":"DISK","creationTime":"1760644050069","bucketEncryptionKey":null,"modificationTime":"1760644050069","usedBytes":"0","usedNamespace":"0","snapshotUsedBytes":"0","snapshotUsedNamespace":"0","owner":"runner","replicationType":null,"replicationConfig":null,"quotaInBytes":"-1","quotaInNamespace":"-1","Transaction":"8"} | ret=SUCCESS |  
2025-10-16 19:47:30,080 | INFO  | OMAudit | user=runner | ip=127.0.0.1 | op=READ_BUCKET {"volume":"08e6cccc-49d5-4efa-b15d-868e7ae0dc14","bucket":"3df6e6f6-ff85-4502-88f6-3e9966159827"} | ret=SUCCESS |  
2025-10-16 19:47:30,084 | INFO  | OMAudit | user=runner | ip=127.0.0.1 | op=READ_BUCKET {"volume":"08e6cccc-49d5-4efa-b15d-868e7ae0dc14","bucket":"3df6e6f6-ff85-4502-88f6-3e9966159827"} | ret=SUCCESS |  
2025-10-16 19:47:30,091 | INFO  | SCMAudit | user=runner | ip=127.0.0.1 | op=ALLOCATE_BLOCK {"replication":"RATIS/ONE","owner":"omServiceIdDefault","size":"4194304","sampleBlocks":"[conID: 3 locID: 115816896921600003]","num":"1","client":"","allocated":"1"} | ret=SUCCESS |  
2025-10-16 19:47:30,103 [0e8b6cc7-9945-4141-97fc-6aa017a0d5fa@group-8DFAECDE7329-FollowerState] INFO  impl.FollowerState (FollowerState.java:runImpl(161)) - 0e8b6cc7-9945-4141-97fc-6aa017a0d5fa@group-8DFAECDE7329-FollowerState: change to CANDIDATE, lastRpcElapsedTime:1043416151ns, electionTimeout:1042ms
2025-10-16 19:47:30,103 [0e8b6cc7-9945-4141-97fc-6aa017a0d5fa@group-8DFAECDE7329-FollowerState] INFO  impl.RoleInfo (RoleInfo.java:shutdownFollowerState(121)) - 0e8b6cc7-9945-4141-97fc-6aa017a0d5fa: shutdown 0e8b6cc7-9945-4141-97fc-6aa017a0d5fa@group-8DFAECDE7329-FollowerState
2025-10-16 19:47:30,103 [0e8b6cc7-9945-4141-97fc-6aa017a0d5fa@group-8DFAECDE7329-FollowerState] INFO  server.RaftServer$Division (RaftServerImpl.java:setRole(392)) - 0e8b6cc7-9945-4141-97fc-6aa017a0d5fa@group-8DFAECDE7329: changes role from  FOLLOWER to CANDIDATE at term 0 for changeToCandidate
2025-10-16 19:47:30,103 [0e8b6cc7-9945-4141-97fc-6aa017a0d5fa@group-8DFAECDE7329-FollowerState] INFO  impl.RoleInfo (RoleInfo.java:updateAndGet(148)) - 0e8b6cc7-9945-4141-97fc-6aa017a0d5fa: start 0e8b6cc7-9945-4141-97fc-6aa017a0d5fa@group-8DFAECDE7329-LeaderElection24
2025-10-16 19:47:30,104 | INFO  | OMAudit | user=runner | ip=127.0.0.1 | op=ALLOCATE_KEY {"volume":"08e6cccc-49d5-4efa-b15d-868e7ae0dc14","bucket":"3df6e6f6-ff85-4502-88f6-3e9966159827","key":"07a44358-7e64-4fbe-ab77-7bc470a60cf0","dataSize":"12","replicationType":"RATIS","replicationFactor":"ONE","Transaction":"9"} | ret=SUCCESS |  
2025-10-16 19:47:30,104 [0e8b6cc7-9945-4141-97fc-6aa017a0d5fa@group-8DFAECDE7329-LeaderElection24] INFO  impl.LeaderElection (LeaderElection.java:askForVotes(448)) - 0e8b6cc7-9945-4141-97fc-6aa017a0d5fa@group-8DFAECDE7329-LeaderElection24 PRE_VOTE round 0: submit vote requests at term 0 for conf: {index: -1, cur=peers:[0e8b6cc7-9945-4141-97fc-6aa017a0d5fa|127.0.0.1:15087]|listeners:[], old=null}
2025-10-16 19:47:30,104 [0e8b6cc7-9945-4141-97fc-6aa017a0d5fa@group-8DFAECDE7329-LeaderElection24] INFO  impl.LeaderElection (LeaderElection.java:askForVotes(450)) - 0e8b6cc7-9945-4141-97fc-6aa017a0d5fa@group-8DFAECDE7329-LeaderElection24 PRE_VOTE round 0: result PASSED (term=0)
2025-10-16 19:47:30,108 [0e8b6cc7-9945-4141-97fc-6aa017a0d5fa@group-8DFAECDE7329-LeaderElection24] INFO  impl.LeaderElection (LeaderElection.java:askForVotes(448)) - 0e8b6cc7-9945-4141-97fc-6aa017a0d5fa@group-8DFAECDE7329-LeaderElection24 ELECTION round 0: submit vote requests at term 1 for conf: {index: -1, cur=peers:[0e8b6cc7-9945-4141-97fc-6aa017a0d5fa|127.0.0.1:15087]|listeners:[], old=null}
2025-10-16 19:47:30,109 [0e8b6cc7-9945-4141-97fc-6aa017a0d5fa@group-8DFAECDE7329-LeaderElection24] INFO  impl.LeaderElection (LeaderElection.java:askForVotes(450)) - 0e8b6cc7-9945-4141-97fc-6aa017a0d5fa@group-8DFAECDE7329-LeaderElection24 ELECTION round 0: result PASSED (term=1)
2025-10-16 19:47:30,109 [0e8b6cc7-9945-4141-97fc-6aa017a0d5fa@group-8DFAECDE7329-LeaderElection24] INFO  impl.RoleInfo (RoleInfo.java:shutdownLeaderElection(141)) - 0e8b6cc7-9945-4141-97fc-6aa017a0d5fa: shutdown 0e8b6cc7-9945-4141-97fc-6aa017a0d5fa@group-8DFAECDE7329-LeaderElection24
2025-10-16 19:47:30,109 [0e8b6cc7-9945-4141-97fc-6aa017a0d5fa@group-8DFAECDE7329-LeaderElection24] INFO  server.RaftServer$Division (RaftServerImpl.java:setRole(392)) - 0e8b6cc7-9945-4141-97fc-6aa017a0d5fa@group-8DFAECDE7329: changes role from CANDIDATE to LEADER at term 1 for changeToLeader
2025-10-16 19:47:30,109 [0e8b6cc7-9945-4141-97fc-6aa017a0d5fa@group-8DFAECDE7329-LeaderElection24] INFO  server.RaftServerConfigKeys (ConfUtils.java:logFallback(69)) - raft.server.staging.timeout = 15600ms (fallback to raft.server.rpc.timeout.max)
2025-10-16 19:47:30,109 [0e8b6cc7-9945-4141-97fc-6aa017a0d5fa@group-8DFAECDE7329-LeaderElection24] INFO  server.RaftServerConfigKeys (ConfUtils.java:logGet(62)) - raft.server.write.byte-limit = 1024 M (=1073741824) (custom)
2025-10-16 19:47:30,113 [0e8b6cc7-9945-4141-97fc-6aa017a0d5fa@group-8DFAECDE7329-LeaderElection24] INFO  impl.RoleInfo (RoleInfo.java:updateAndGet(148)) - 0e8b6cc7-9945-4141-97fc-6aa017a0d5fa: start 0e8b6cc7-9945-4141-97fc-6aa017a0d5fa@group-8DFAECDE7329-LeaderStateImpl
2025-10-16 19:47:30,113 [0e8b6cc7-9945-4141-97fc-6aa017a0d5fa@group-8DFAECDE7329-LeaderElection24] INFO  server.RaftServer$Division (RaftServerImpl.java:setFirstElection(576)) - 0e8b6cc7-9945-4141-97fc-6aa017a0d5fa@group-8DFAECDE7329: set firstElectionSinceStartup to false for becomeLeader
2025-10-16 19:47:30,113 [0e8b6cc7-9945-4141-97fc-6aa017a0d5fa@group-8DFAECDE7329-LeaderElection24] INFO  ratis.XceiverServerRatis (XceiverServerRatis.java:handleLeaderChangedNotification(940)) - Leader change notification received for group: group-8DFAECDE7329 with new leaderId: 0e8b6cc7-9945-4141-97fc-6aa017a0d5fa
2025-10-16 19:47:30,114 [0e8b6cc7-9945-4141-97fc-6aa017a0d5fa@group-8DFAECDE7329-LeaderElection24] INFO  server.RaftServer$Division (ServerState.java:setLeader(272)) - 0e8b6cc7-9945-4141-97fc-6aa017a0d5fa@group-8DFAECDE7329: change Leader from null to 0e8b6cc7-9945-4141-97fc-6aa017a0d5fa at term 1 for becomeLeader, leader elected after 1079ms
2025-10-16 19:47:30,115 [0e8b6cc7-9945-4141-97fc-6aa017a0d5fa@group-8DFAECDE7329-LeaderElection24] INFO  segmented.SegmentedRaftLogWorker (SegmentedRaftLogWorker.java:startLogSegment(440)) - 0e8b6cc7-9945-4141-97fc-6aa017a0d5fa@group-8DFAECDE7329-SegmentedRaftLogWorker: Starting segment from index:0
2025-10-16 19:47:30,115 [0e8b6cc7-9945-4141-97fc-6aa017a0d5fa@group-8DFAECDE7329-LeaderElection24] INFO  server.RaftServer$Division (ServerState.java:setRaftConf(386)) - 0e8b6cc7-9945-4141-97fc-6aa017a0d5fa@group-8DFAECDE7329: set configuration conf: {index: 0, cur=peers:[0e8b6cc7-9945-4141-97fc-6aa017a0d5fa|127.0.0.1:15087]|listeners:[], old=null}
2025-10-16 19:47:30,117 | INFO  | SCMAudit | user=runner | ip=127.0.0.1 | op=SEND_HEARTBEAT {"datanodeUUID":"0e8b6cc7-9945-4141-97fc-6aa017a0d5fa","term":"2","command":"[]"} | ret=SUCCESS |  
2025-10-16 19:47:30,117 [0e8b6cc7-9945-4141-97fc-6aa017a0d5fa@group-8DFAECDE7329-SegmentedRaftLogWorker] INFO  segmented.BufferedWriteChannel (BufferedWriteChannel.java:open(61)) - open log_inprogress_0 at position 0
2025-10-16 19:47:30,132 [0e8b6cc7-9945-4141-97fc-6aa017a0d5fa@group-8DFAECDE7329-SegmentedRaftLogWorker] INFO  segmented.SegmentedRaftLogWorker (SegmentedRaftLogWorker.java:execute(647)) - 0e8b6cc7-9945-4141-97fc-6aa017a0d5fa@group-8DFAECDE7329-SegmentedRaftLogWorker: created new log segment /home/runner/work/ozone/ozone/hadoop-ozone/integration-test/target/test-dir/MiniOzoneClusterImpl-e7911277-7775-4457-96c8-94071a26a1ce/ozone-metadata/datanode-10/ratis/92ea35ee-dd22-44d3-934b-8dfaecde7329/current/log_inprogress_0
2025-10-16 19:47:30,137 [0e8b6cc7-9945-4141-97fc-6aa017a0d5fa@group-8DFAECDE7329-StateMachineUpdater] INFO  server.RaftServer$Division (LeaderStateImpl.java:checkStartIndex(309)) - Leader 0e8b6cc7-9945-4141-97fc-6aa017a0d5fa@group-8DFAECDE7329-LeaderStateImpl is ready since appliedIndex == startIndex == 0
2025-10-16 19:47:30,148 | INFO  | ContainerLog | ID=3 | Index=0 | BCSID=0 | State=OPEN | Volume=/home/runner/work/ozone/ozone/hadoop-ozone/integration-test/target/test-dir/MiniOzoneClusterImpl-e7911277-7775-4457-96c8-94071a26a1ce/ozone-metadata/datanode-6/data-0/hdds | DataChecksum=0 |  
2025-10-16 19:47:30,153 | INFO  | SCMAudit | user=runner | ip=127.0.0.1 | op=SEND_HEARTBEAT {"datanodeUUID":"0428ab3f-efd5-438e-ae11-9ec242443260","term":"2","command":"[]"} | ret=SUCCESS |  
2025-10-16 19:47:30,167 | INFO  | OMAudit | user=runner | ip=127.0.0.1 | op=COMMIT_KEY {"volume":"08e6cccc-49d5-4efa-b15d-868e7ae0dc14","bucket":"3df6e6f6-ff85-4502-88f6-3e9966159827","key":"07a44358-7e64-4fbe-ab77-7bc470a60cf0","dataSize":"12","replicationType":"RATIS","replicationFactor":"ONE","Transaction":"10"} | ret=SUCCESS |  
2025-10-16 19:47:30,171 | INFO  | OMAudit | user=runner | ip=127.0.0.1 | op=READ_VOLUME {"volume":"08e6cccc-49d5-4efa-b15d-868e7ae0dc14"} | ret=SUCCESS |  
2025-10-16 19:47:30,172 | INFO  | OMAudit | user=runner | ip=127.0.0.1 | op=READ_BUCKET {"volume":"08e6cccc-49d5-4efa-b15d-868e7ae0dc14","bucket":"3df6e6f6-ff85-4502-88f6-3e9966159827"} | ret=SUCCESS |  
2025-10-16 19:47:30,175 | INFO  | OMAudit | user=runner | ip=127.0.0.1 | op=READ_BUCKET {"volume":"08e6cccc-49d5-4efa-b15d-868e7ae0dc14","bucket":"3df6e6f6-ff85-4502-88f6-3e9966159827"} | ret=SUCCESS |  
2025-10-16 19:47:30,177 | INFO  | SCMAudit | user=runner | ip=127.0.0.1 | op=SEND_HEARTBEAT {"datanodeUUID":"8a3c3252-9afe-4d3a-8492-25be6557678a","term":"2","command":"[]"} | ret=SUCCESS |  
2025-10-16 19:47:30,180 | INFO  | SCMAudit | user=runner | ip=127.0.0.1 | op=ALLOCATE_BLOCK {"replication":"RATIS/ONE","owner":"omServiceIdDefault","size":"4194304","sampleBlocks":"[conID: 4 locID: 115816896921600004]","num":"1","client":"","allocated":"1"} | ret=SUCCESS |  
2025-10-16 19:47:30,185 | INFO  | OMAudit | user=runner | ip=127.0.0.1 | op=ALLOCATE_KEY {"volume":"08e6cccc-49d5-4efa-b15d-868e7ae0dc14","bucket":"3df6e6f6-ff85-4502-88f6-3e9966159827","key":"07a44358-7e64-4fbe-ab77-7bc470a60cf0","dataSize":"12","replicationType":"RATIS","replicationFactor":"ONE","Transaction":"11"} | ret=SUCCESS |  
2025-10-16 19:47:30,204 | INFO  | ContainerLog | ID=4 | Index=0 | BCSID=0 | State=OPEN | Volume=/home/runner/work/ozone/ozone/hadoop-ozone/integration-test/target/test-dir/MiniOzoneClusterImpl-e7911277-7775-4457-96c8-94071a26a1ce/ozone-metadata/datanode-8/data-0/hdds | DataChecksum=0 |  
2025-10-16 19:47:30,205 [e33e6ec4-6b66-4281-bedd-2bd75bd30070@group-6CA5F15A0415-FollowerState] INFO  impl.FollowerState (FollowerState.java:runImpl(161)) - e33e6ec4-6b66-4281-bedd-2bd75bd30070@group-6CA5F15A0415-FollowerState: change to CANDIDATE, lastRpcElapsedTime:1008576751ns, electionTimeout:1008ms
2025-10-16 19:47:30,206 [e33e6ec4-6b66-4281-bedd-2bd75bd30070@group-6CA5F15A0415-FollowerState] INFO  impl.RoleInfo (RoleInfo.java:shutdownFollowerState(121)) - e33e6ec4-6b66-4281-bedd-2bd75bd30070: shutdown e33e6ec4-6b66-4281-bedd-2bd75bd30070@group-6CA5F15A0415-FollowerState
2025-10-16 19:47:30,206 [e33e6ec4-6b66-4281-bedd-2bd75bd30070@group-6CA5F15A0415-FollowerState] INFO  server.RaftServer$Division (RaftServerImpl.java:setRole(392)) - e33e6ec4-6b66-4281-bedd-2bd75bd30070@group-6CA5F15A0415: changes role from  FOLLOWER to CANDIDATE at term 0 for changeToCandidate
2025-10-16 19:47:30,206 [e33e6ec4-6b66-4281-bedd-2bd75bd30070@group-6CA5F15A0415-FollowerState] INFO  impl.RoleInfo (RoleInfo.java:updateAndGet(148)) - e33e6ec4-6b66-4281-bedd-2bd75bd30070: start e33e6ec4-6b66-4281-bedd-2bd75bd30070@group-6CA5F15A0415-LeaderElection25
2025-10-16 19:47:30,206 | INFO  | SCMAudit | user=runner | ip=127.0.0.1 | op=SEND_HEARTBEAT {"datanodeUUID":"76d4ba71-5bbb-4b24-8f51-8bc7f78aaca4","term":"2","command":"[]"} | ret=SUCCESS |  
2025-10-16 19:47:30,208 [e33e6ec4-6b66-4281-bedd-2bd75bd30070@group-6CA5F15A0415-LeaderElection25] INFO  impl.LeaderElection (LeaderElection.java:askForVotes(448)) - e33e6ec4-6b66-4281-bedd-2bd75bd30070@group-6CA5F15A0415-LeaderElection25 PRE_VOTE round 0: submit vote requests at term 0 for conf: {index: -1, cur=peers:[0e8b6cc7-9945-4141-97fc-6aa017a0d5fa|127.0.0.1:15087, 702cb173-5c73-4ecc-b5cd-c7b4a6b66aea|127.0.0.1:15095, e33e6ec4-6b66-4281-bedd-2bd75bd30070|127.0.0.1:15103]|listeners:[], old=null}
2025-10-16 19:47:30,209 [e33e6ec4-6b66-4281-bedd-2bd75bd30070@group-6CA5F15A0415-LeaderElection25-2] INFO  server.GrpcServerProtocolClient (GrpcServerProtocolClient.java:<init>(65)) - Build channel for 702cb173-5c73-4ecc-b5cd-c7b4a6b66aea|127.0.0.1:15095
2025-10-16 19:47:30,209 [e33e6ec4-6b66-4281-bedd-2bd75bd30070@group-6CA5F15A0415-LeaderElection25-1] INFO  server.GrpcServerProtocolClient (GrpcServerProtocolClient.java:<init>(65)) - Build channel for 0e8b6cc7-9945-4141-97fc-6aa017a0d5fa|127.0.0.1:15087
2025-10-16 19:47:30,216 [grpc-default-executor-0] INFO  server.RaftServer$Division (RaftServerImpl.java:requestVote(1421)) - 0e8b6cc7-9945-4141-97fc-6aa017a0d5fa@group-6CA5F15A0415: receive requestVote(PRE_VOTE, e33e6ec4-6b66-4281-bedd-2bd75bd30070, group-6CA5F15A0415, 0, <PROTO_DEFAULT>)
2025-10-16 19:47:30,217 [grpc-default-executor-0] INFO  impl.VoteContext (VoteContext.java:log(49)) - 0e8b6cc7-9945-4141-97fc-6aa017a0d5fa@group-6CA5F15A0415-FOLLOWER: accept PRE_VOTE from e33e6ec4-6b66-4281-bedd-2bd75bd30070: our priority 0 <= candidate's priority 1
2025-10-16 19:47:30,217 [grpc-default-executor-0] INFO  server.RaftServer$Division (RaftServerImpl.java:requestVote(1455)) - 0e8b6cc7-9945-4141-97fc-6aa017a0d5fa@group-6CA5F15A0415 replies to PRE_VOTE vote request: e33e6ec4-6b66-4281-bedd-2bd75bd30070<-0e8b6cc7-9945-4141-97fc-6aa017a0d5fa#0:OK-t0-last:<INITIAL_VALUE>. Peer's state: 0e8b6cc7-9945-4141-97fc-6aa017a0d5fa@group-6CA5F15A0415:t0, leader=null, voted=, raftlog=Memoized:0e8b6cc7-9945-4141-97fc-6aa017a0d5fa@group-6CA5F15A0415-SegmentedRaftLog:OPENED:c-1:lastnull, conf=conf: {index: -1, cur=peers:[0e8b6cc7-9945-4141-97fc-6aa017a0d5fa|127.0.0.1:15087, 702cb173-5c73-4ecc-b5cd-c7b4a6b66aea|127.0.0.1:15095, e33e6ec4-6b66-4281-bedd-2bd75bd30070|127.0.0.1:15103]|listeners:[], old=null}
2025-10-16 19:47:30,219 [grpc-default-executor-3] INFO  server.RaftServer$Division (RaftServerImpl.java:requestVote(1421)) - 702cb173-5c73-4ecc-b5cd-c7b4a6b66aea@group-6CA5F15A0415: receive requestVote(PRE_VOTE, e33e6ec4-6b66-4281-bedd-2bd75bd30070, group-6CA5F15A0415, 0, <PROTO_DEFAULT>)
2025-10-16 19:47:30,219 [grpc-default-executor-3] INFO  impl.VoteContext (VoteContext.java:log(49)) - 702cb173-5c73-4ecc-b5cd-c7b4a6b66aea@group-6CA5F15A0415-FOLLOWER: accept PRE_VOTE from e33e6ec4-6b66-4281-bedd-2bd75bd30070: our priority 0 <= candidate's priority 1
2025-10-16 19:47:30,220 [grpc-default-executor-3] INFO  server.RaftServer$Division (RaftServerImpl.java:requestVote(1455)) - 702cb173-5c73-4ecc-b5cd-c7b4a6b66aea@group-6CA5F15A0415 replies to PRE_VOTE vote request: e33e6ec4-6b66-4281-bedd-2bd75bd30070<-702cb173-5c73-4ecc-b5cd-c7b4a6b66aea#0:OK-t0-last:<INITIAL_VALUE>. Peer's state: 702cb173-5c73-4ecc-b5cd-c7b4a6b66aea@group-6CA5F15A0415:t0, leader=null, voted=, raftlog=Memoized:702cb173-5c73-4ecc-b5cd-c7b4a6b66aea@group-6CA5F15A0415-SegmentedRaftLog:OPENED:c-1:lastnull, conf=conf: {index: -1, cur=peers:[0e8b6cc7-9945-4141-97fc-6aa017a0d5fa|127.0.0.1:15087, 702cb173-5c73-4ecc-b5cd-c7b4a6b66aea|127.0.0.1:15095, e33e6ec4-6b66-4281-bedd-2bd75bd30070|127.0.0.1:15103]|listeners:[], old=null}
2025-10-16 19:47:30,220 [e33e6ec4-6b66-4281-bedd-2bd75bd30070@group-6CA5F15A0415-LeaderElection25] INFO  impl.LeaderElection (LeaderElection.java:logAndReturn(206)) - e33e6ec4-6b66-4281-bedd-2bd75bd30070@group-6CA5F15A0415-LeaderElection25: PRE_VOTE PASSED received 1 response(s) and 0 exception(s):
2025-10-16 19:47:30,220 [e33e6ec4-6b66-4281-bedd-2bd75bd30070@group-6CA5F15A0415-LeaderElection25] INFO  impl.LeaderElection (LeaderElection.java:logAndReturn(210)) -   Response 0: e33e6ec4-6b66-4281-bedd-2bd75bd30070<-0e8b6cc7-9945-4141-97fc-6aa017a0d5fa#0:OK-t0-last:<INITIAL_VALUE>
2025-10-16 19:47:30,221 [e33e6ec4-6b66-4281-bedd-2bd75bd30070@group-6CA5F15A0415-LeaderElection25] INFO  impl.LeaderElection (LeaderElection.java:askForVotes(450)) - e33e6ec4-6b66-4281-bedd-2bd75bd30070@group-6CA5F15A0415-LeaderElection25 PRE_VOTE round 0: result PASSED
2025-10-16 19:47:30,222 | INFO  | SCMAudit | user=runner | ip=127.0.0.1 | op=SEND_HEARTBEAT {"datanodeUUID":"757ca056-973f-4f05-ab2d-6aff6c54d452","term":"2","command":"[]"} | ret=SUCCESS |  
2025-10-16 19:47:30,223 | INFO  | SCMAudit | user=runner | ip=127.0.0.1 | op=SEND_HEARTBEAT {"datanodeUUID":"764b18f0-81c5-439a-9fff-25adc4f241fa","term":"2","command":"[]"} | ret=SUCCESS |  
2025-10-16 19:47:30,224 [e33e6ec4-6b66-4281-bedd-2bd75bd30070@group-6CA5F15A0415-LeaderElection25] INFO  impl.LeaderElection (LeaderElection.java:askForVotes(448)) - e33e6ec4-6b66-4281-bedd-2bd75bd30070@group-6CA5F15A0415-LeaderElection25 ELECTION round 0: submit vote requests at term 1 for conf: {index: -1, cur=peers:[0e8b6cc7-9945-4141-97fc-6aa017a0d5fa|127.0.0.1:15087, 702cb173-5c73-4ecc-b5cd-c7b4a6b66aea|127.0.0.1:15095, e33e6ec4-6b66-4281-bedd-2bd75bd30070|127.0.0.1:15103]|listeners:[], old=null}
2025-10-16 19:47:30,225 [757ca056-973f-4f05-ab2d-6aff6c54d452-CreatePipelineCommandHandlerThread-0] INFO  server.RaftServer (RaftServerProxy.java:addNew(105)) - 757ca056-973f-4f05-ab2d-6aff6c54d452: addNew group-769C8B9E0F07:[757ca056-973f-4f05-ab2d-6aff6c54d452|127.0.0.1:15119] returns group-769C8B9E0F07:java.util.concurrent.CompletableFuture@77dc1767[Not completed]
2025-10-16 19:47:30,227 | INFO  | OMAudit | user=runner | ip=127.0.0.1 | op=COMMIT_KEY {"volume":"08e6cccc-49d5-4efa-b15d-868e7ae0dc14","bucket":"3df6e6f6-ff85-4502-88f6-3e9966159827","key":"07a44358-7e64-4fbe-ab77-7bc470a60cf0","dataSize":"12","replicationType":"RATIS","replicationFactor":"ONE","Transaction":"12"} | ret=SUCCESS |  
2025-10-16 19:47:30,228 [757ca056-973f-4f05-ab2d-6aff6c54d452-groupManagement] INFO  server.RaftServer$Division (RaftServerImpl.java:<init>(268)) - 757ca056-973f-4f05-ab2d-6aff6c54d452: new RaftServerImpl for group-769C8B9E0F07:[757ca056-973f-4f05-ab2d-6aff6c54d452|127.0.0.1:15119] with ContainerStateMachine:uninitialized
2025-10-16 19:47:30,229 [757ca056-973f-4f05-ab2d-6aff6c54d452-groupManagement] INFO  server.RaftServer$Division (ServerState.java:<init>(114)) - 757ca056-973f-4f05-ab2d-6aff6c54d452@group-769C8B9E0F07: ConfigurationManager, init=conf: {index: -1, cur=peers:[757ca056-973f-4f05-ab2d-6aff6c54d452|127.0.0.1:15119]|listeners:[], old=null}, confs=<EMPTY_MAP>
2025-10-16 19:47:30,229 [grpc-default-executor-3] INFO  server.RaftServer$Division (RaftServerImpl.java:requestVote(1421)) - 0e8b6cc7-9945-4141-97fc-6aa017a0d5fa@group-6CA5F15A0415: receive requestVote(ELECTION, e33e6ec4-6b66-4281-bedd-2bd75bd30070, group-6CA5F15A0415, 1, <PROTO_DEFAULT>)
2025-10-16 19:47:30,229 [grpc-default-executor-3] INFO  impl.VoteContext (VoteContext.java:log(49)) - 0e8b6cc7-9945-4141-97fc-6aa017a0d5fa@group-6CA5F15A0415-FOLLOWER: accept ELECTION from e33e6ec4-6b66-4281-bedd-2bd75bd30070: our priority 0 <= candidate's priority 1
2025-10-16 19:47:30,229 [grpc-default-executor-3] INFO  server.RaftServer$Division (RaftServerImpl.java:setRole(392)) - 0e8b6cc7-9945-4141-97fc-6aa017a0d5fa@group-6CA5F15A0415: changes role from  FOLLOWER to FOLLOWER at term 0 for candidate:e33e6ec4-6b66-4281-bedd-2bd75bd30070
2025-10-16 19:47:30,230 [grpc-default-executor-3] INFO  impl.RoleInfo (RoleInfo.java:shutdownFollowerState(121)) - 0e8b6cc7-9945-4141-97fc-6aa017a0d5fa: shutdown 0e8b6cc7-9945-4141-97fc-6aa017a0d5fa@group-6CA5F15A0415-FollowerState
2025-10-16 19:47:30,230 [grpc-default-executor-3] INFO  impl.RoleInfo (RoleInfo.java:updateAndGet(148)) - 0e8b6cc7-9945-4141-97fc-6aa017a0d5fa: start 0e8b6cc7-9945-4141-97fc-6aa017a0d5fa@group-6CA5F15A0415-FollowerState
2025-10-16 19:47:30,230 [0e8b6cc7-9945-4141-97fc-6aa017a0d5fa@group-6CA5F15A0415-FollowerState] INFO  impl.FollowerState (FollowerState.java:runImpl(170)) - 0e8b6cc7-9945-4141-97fc-6aa017a0d5fa@group-6CA5F15A0415-FollowerState was interrupted
2025-10-16 19:47:30,231 [grpc-default-executor-3] INFO  server.RaftServer$Division (RaftServerImpl.java:setFirstElection(576)) - 0e8b6cc7-9945-4141-97fc-6aa017a0d5fa@group-6CA5F15A0415: set firstElectionSinceStartup to false for candidate:e33e6ec4-6b66-4281-bedd-2bd75bd30070
2025-10-16 19:47:30,233 [grpc-default-executor-3] INFO  server.RaftServer$Division (RaftServerImpl.java:requestVote(1455)) - 0e8b6cc7-9945-4141-97fc-6aa017a0d5fa@group-6CA5F15A0415 replies to ELECTION vote request: e33e6ec4-6b66-4281-bedd-2bd75bd30070<-0e8b6cc7-9945-4141-97fc-6aa017a0d5fa#0:OK-t1-last:<INITIAL_VALUE>. Peer's state: 0e8b6cc7-9945-4141-97fc-6aa017a0d5fa@group-6CA5F15A0415:t1, leader=null, voted=e33e6ec4-6b66-4281-bedd-2bd75bd30070, raftlog=Memoized:0e8b6cc7-9945-4141-97fc-6aa017a0d5fa@group-6CA5F15A0415-SegmentedRaftLog:OPENED:c-1:lastnull, conf=conf: {index: -1, cur=peers:[0e8b6cc7-9945-4141-97fc-6aa017a0d5fa|127.0.0.1:15087, 702cb173-5c73-4ecc-b5cd-c7b4a6b66aea|127.0.0.1:15095, e33e6ec4-6b66-4281-bedd-2bd75bd30070|127.0.0.1:15103]|listeners:[], old=null}
2025-10-16 19:47:30,234 [grpc-default-executor-3] INFO  server.RaftServer$Division (RaftServerImpl.java:requestVote(1421)) - 702cb173-5c73-4ecc-b5cd-c7b4a6b66aea@group-6CA5F15A0415: receive requestVote(ELECTION, e33e6ec4-6b66-4281-bedd-2bd75bd30070, group-6CA5F15A0415, 1, <PROTO_DEFAULT>)
2025-10-16 19:47:30,234 [grpc-default-executor-3] INFO  impl.VoteContext (VoteContext.java:log(49)) - 702cb173-5c73-4ecc-b5cd-c7b4a6b66aea@group-6CA5F15A0415-FOLLOWER: accept ELECTION from e33e6ec4-6b66-4281-bedd-2bd75bd30070: our priority 0 <= candidate's priority 1
2025-10-16 19:47:30,234 [grpc-default-executor-3] INFO  server.RaftServer$Division (RaftServerImpl.java:setRole(392)) - 702cb173-5c73-4ecc-b5cd-c7b4a6b66aea@group-6CA5F15A0415: changes role from  FOLLOWER to FOLLOWER at term 0 for candidate:e33e6ec4-6b66-4281-bedd-2bd75bd30070
2025-10-16 19:47:30,235 [grpc-default-executor-3] INFO  impl.RoleInfo (RoleInfo.java:shutdownFollowerState(121)) - 702cb173-5c73-4ecc-b5cd-c7b4a6b66aea: shutdown 702cb173-5c73-4ecc-b5cd-c7b4a6b66aea@group-6CA5F15A0415-FollowerState
2025-10-16 19:47:30,235 [grpc-default-executor-3] INFO  impl.RoleInfo (RoleInfo.java:updateAndGet(148)) - 702cb173-5c73-4ecc-b5cd-c7b4a6b66aea: start 702cb173-5c73-4ecc-b5cd-c7b4a6b66aea@group-6CA5F15A0415-FollowerState
2025-10-16 19:47:30,235 [702cb173-5c73-4ecc-b5cd-c7b4a6b66aea@group-6CA5F15A0415-FollowerState] INFO  impl.FollowerState (FollowerState.java:runImpl(170)) - 702cb173-5c73-4ecc-b5cd-c7b4a6b66aea@group-6CA5F15A0415-FollowerState was interrupted
2025-10-16 19:47:30,235 [grpc-default-executor-3] INFO  server.RaftServer$Division (RaftServerImpl.java:setFirstElection(576)) - 702cb173-5c73-4ecc-b5cd-c7b4a6b66aea@group-6CA5F15A0415: set firstElectionSinceStartup to false for candidate:e33e6ec4-6b66-4281-bedd-2bd75bd30070
2025-10-16 19:47:30,236 [e33e6ec4-6b66-4281-bedd-2bd75bd30070@group-6CA5F15A0415-LeaderElection25] INFO  impl.LeaderElection (LeaderElection.java:logAndReturn(206)) - e33e6ec4-6b66-4281-bedd-2bd75bd30070@group-6CA5F15A0415-LeaderElection25: ELECTION PASSED received 1 response(s) and 0 exception(s):
2025-10-16 19:47:30,236 [e33e6ec4-6b66-4281-bedd-2bd75bd30070@group-6CA5F15A0415-LeaderElection25] INFO  impl.LeaderElection (LeaderElection.java:logAndReturn(210)) -   Response 0: e33e6ec4-6b66-4281-bedd-2bd75bd30070<-0e8b6cc7-9945-4141-97fc-6aa017a0d5fa#0:OK-t1-last:<INITIAL_VALUE>
2025-10-16 19:47:30,236 [e33e6ec4-6b66-4281-bedd-2bd75bd30070@group-6CA5F15A0415-LeaderElection25] INFO  impl.LeaderElection (LeaderElection.java:askForVotes(450)) - e33e6ec4-6b66-4281-bedd-2bd75bd30070@group-6CA5F15A0415-LeaderElection25 ELECTION round 0: result PASSED
2025-10-16 19:47:30,236 [e33e6ec4-6b66-4281-bedd-2bd75bd30070@group-6CA5F15A0415-LeaderElection25] INFO  impl.RoleInfo (RoleInfo.java:shutdownLeaderElection(141)) - e33e6ec4-6b66-4281-bedd-2bd75bd30070: shutdown e33e6ec4-6b66-4281-bedd-2bd75bd30070@group-6CA5F15A0415-LeaderElection25
2025-10-16 19:47:30,236 [e33e6ec4-6b66-4281-bedd-2bd75bd30070@group-6CA5F15A0415-LeaderElection25] INFO  server.RaftServer$Division (RaftServerImpl.java:setRole(392)) - e33e6ec4-6b66-4281-bedd-2bd75bd30070@group-6CA5F15A0415: changes role from CANDIDATE to LEADER at term 1 for changeToLeader
2025-10-16 19:47:30,236 [e33e6ec4-6b66-4281-bedd-2bd75bd30070@group-6CA5F15A0415-LeaderElection25] INFO  server.RaftServerConfigKeys (ConfUtils.java:logFallback(69)) - raft.server.staging.timeout = 15600ms (fallback to raft.server.rpc.timeout.max)
2025-10-16 19:47:30,238 [e33e6ec4-6b66-4281-bedd-2bd75bd30070@group-6CA5F15A0415-LeaderElection25] INFO  server.RaftServerConfigKeys (ConfUtils.java:logGet(62)) - raft.server.write.byte-limit = 1024 M (=1073741824) (custom)
2025-10-16 19:47:30,239 | INFO  | OMAudit | user=runner | ip=127.0.0.1 | op=READ_VOLUME {"volume":"08e6cccc-49d5-4efa-b15d-868e7ae0dc14"} | ret=SUCCESS |  
2025-10-16 19:47:30,240 [grpc-default-executor-3] INFO  server.RaftServer$Division (RaftServerImpl.java:requestVote(1455)) - 702cb173-5c73-4ecc-b5cd-c7b4a6b66aea@group-6CA5F15A0415 replies to ELECTION vote request: e33e6ec4-6b66-4281-bedd-2bd75bd30070<-702cb173-5c73-4ecc-b5cd-c7b4a6b66aea#0:OK-t1-last:<INITIAL_VALUE>. Peer's state: 702cb173-5c73-4ecc-b5cd-c7b4a6b66aea@group-6CA5F15A0415:t1, leader=null, voted=e33e6ec4-6b66-4281-bedd-2bd75bd30070, raftlog=Memoized:702cb173-5c73-4ecc-b5cd-c7b4a6b66aea@group-6CA5F15A0415-SegmentedRaftLog:OPENED:c-1:lastnull, conf=conf: {index: -1, cur=peers:[0e8b6cc7-9945-4141-97fc-6aa017a0d5fa|127.0.0.1:15087, 702cb173-5c73-4ecc-b5cd-c7b4a6b66aea|127.0.0.1:15095, e33e6ec4-6b66-4281-bedd-2bd75bd30070|127.0.0.1:15103]|listeners:[], old=null}
2025-10-16 19:47:30,244 [757ca056-973f-4f05-ab2d-6aff6c54d452-groupManagement] INFO  server.RaftServerConfigKeys (ConfUtils.java:logGet(62)) - raft.server.storage.dir = [/home/runner/work/ozone/ozone/hadoop-ozone/integration-test/target/test-dir/MiniOzoneClusterImpl-e7911277-7775-4457-96c8-94071a26a1ce/ozone-metadata/datanode-14/ratis] (custom)
2025-10-16 19:47:30,245 [757ca056-973f-4f05-ab2d-6aff6c54d452-groupManagement] INFO  storage.RaftStorageDirectory (RaftStorageDirectoryImpl.java:analyzeStorage(138)) - The storage directory /home/runner/work/ozone/ozone/hadoop-ozone/integration-test/target/test-dir/MiniOzoneClusterImpl-e7911277-7775-4457-96c8-94071a26a1ce/ozone-metadata/datanode-14/ratis/1219bb94-8d23-47e4-a759-769c8b9e0f07 does not exist. Creating ...
2025-10-16 19:47:30,245 | INFO  | OMAudit | user=runner | ip=127.0.0.1 | op=READ_BUCKET {"volume":"08e6cccc-49d5-4efa-b15d-868e7ae0dc14","bucket":"3df6e6f6-ff85-4502-88f6-3e9966159827"} | ret=SUCCESS |  
2025-10-16 19:47:30,246 [e33e6ec4-6b66-4281-bedd-2bd75bd30070@group-6CA5F15A0415-LeaderElection25] INFO  server.RaftServerConfigKeys (ConfUtils.java:logGet(62)) - raft.server.log.appender.buffer.byte-limit = 33554432 (custom)
]]></system-out>
  </testcase>
  <testcase name="bucketUsedBytesOverWrite(BucketLayout)[3]" classname="org.apache.hadoop.ozone.client.rpc.TestSecureOzoneRpcClient" time="7.991">
    <system-out><![CDATA[2025-10-16 19:47:30,248 [e33e6ec4-6b66-4281-bedd-2bd75bd30070@group-6CA5F15A0415-LeaderElection25] INFO  server.RaftServerConfigKeys (ConfUtils.java:logGet(62)) - raft.server.log.appender.buffer.byte-limit = 33554432 (custom)
2025-10-16 19:47:30,249 [757ca056-973f-4f05-ab2d-6aff6c54d452-groupManagement] INFO  storage.RaftStorageDirectory (RaftStorageDirectoryImpl.java:tryLock(229)) - Lock on /home/runner/work/ozone/ozone/hadoop-ozone/integration-test/target/test-dir/MiniOzoneClusterImpl-e7911277-7775-4457-96c8-94071a26a1ce/ozone-metadata/datanode-14/ratis/1219bb94-8d23-47e4-a759-769c8b9e0f07/in_use.lock acquired by nodename 40995@localhost
2025-10-16 19:47:30,250 [757ca056-973f-4f05-ab2d-6aff6c54d452-groupManagement] INFO  storage.RaftStorage (RaftStorageImpl.java:format(98)) - Storage directory /home/runner/work/ozone/ozone/hadoop-ozone/integration-test/target/test-dir/MiniOzoneClusterImpl-e7911277-7775-4457-96c8-94071a26a1ce/ozone-metadata/datanode-14/ratis/1219bb94-8d23-47e4-a759-769c8b9e0f07 has been successfully formatted.
2025-10-16 19:47:30,251 [757ca056-973f-4f05-ab2d-6aff6c54d452-groupManagement] INFO  ratis.ContainerStateMachine (ContainerStateMachine.java:initialize(339)) - 757ca056-973f-4f05-ab2d-6aff6c54d452: initialize group-769C8B9E0F07
2025-10-16 19:47:30,251 [757ca056-973f-4f05-ab2d-6aff6c54d452-groupManagement] INFO  ratis.ContainerStateMachine (ContainerStateMachine.java:loadSnapshot(347)) - group-769C8B9E0F07: The snapshot info is null. Setting the last applied index to:<INITIAL_VALUE>
2025-10-16 19:47:30,251 [757ca056-973f-4f05-ab2d-6aff6c54d452-groupManagement] INFO  server.RaftServerConfigKeys (ConfUtils.java:logGet(62)) - raft.server.log.appender.buffer.byte-limit = 33554432 (custom)
2025-10-16 19:47:30,251 [e33e6ec4-6b66-4281-bedd-2bd75bd30070@group-6CA5F15A0415-LeaderElection25] INFO  impl.RoleInfo (RoleInfo.java:updateAndGet(148)) - e33e6ec4-6b66-4281-bedd-2bd75bd30070: start e33e6ec4-6b66-4281-bedd-2bd75bd30070@group-6CA5F15A0415-LeaderStateImpl
2025-10-16 19:47:30,251 [e33e6ec4-6b66-4281-bedd-2bd75bd30070@group-6CA5F15A0415-LeaderElection25] INFO  server.RaftServer$Division (RaftServerImpl.java:setFirstElection(576)) - e33e6ec4-6b66-4281-bedd-2bd75bd30070@group-6CA5F15A0415: set firstElectionSinceStartup to false for becomeLeader
2025-10-16 19:47:30,251 [e33e6ec4-6b66-4281-bedd-2bd75bd30070@group-6CA5F15A0415-LeaderElection25] INFO  ratis.XceiverServerRatis (XceiverServerRatis.java:handleLeaderChangedNotification(940)) - Leader change notification received for group: group-6CA5F15A0415 with new leaderId: e33e6ec4-6b66-4281-bedd-2bd75bd30070
2025-10-16 19:47:30,251 [e33e6ec4-6b66-4281-bedd-2bd75bd30070@group-6CA5F15A0415-LeaderElection25] INFO  server.RaftServer$Division (ServerState.java:setLeader(272)) - e33e6ec4-6b66-4281-bedd-2bd75bd30070@group-6CA5F15A0415: change Leader from null to e33e6ec4-6b66-4281-bedd-2bd75bd30070 at term 1 for becomeLeader, leader elected after 1076ms
2025-10-16 19:47:30,252 [e33e6ec4-6b66-4281-bedd-2bd75bd30070@group-6CA5F15A0415-LeaderElection25] INFO  segmented.SegmentedRaftLogWorker (SegmentedRaftLogWorker.java:startLogSegment(440)) - e33e6ec4-6b66-4281-bedd-2bd75bd30070@group-6CA5F15A0415-SegmentedRaftLogWorker: Starting segment from index:0
2025-10-16 19:47:30,252 [e33e6ec4-6b66-4281-bedd-2bd75bd30070@group-6CA5F15A0415-LeaderElection25] INFO  server.RaftServer$Division (ServerState.java:setRaftConf(386)) - e33e6ec4-6b66-4281-bedd-2bd75bd30070@group-6CA5F15A0415: set configuration conf: {index: 0, cur=peers:[0e8b6cc7-9945-4141-97fc-6aa017a0d5fa|127.0.0.1:15087, 702cb173-5c73-4ecc-b5cd-c7b4a6b66aea|127.0.0.1:15095, e33e6ec4-6b66-4281-bedd-2bd75bd30070|127.0.0.1:15103]|listeners:[], old=null}
2025-10-16 19:47:30,253 [e33e6ec4-6b66-4281-bedd-2bd75bd30070@group-6CA5F15A0415-SegmentedRaftLogWorker] INFO  segmented.BufferedWriteChannel (BufferedWriteChannel.java:open(61)) - open log_inprogress_0 at position 0
2025-10-16 19:47:30,257 [ForkJoinPool-1-worker-1] INFO  rpc.RpcClient (RpcClient.java:createVolume(461)) - Creating Volume: c51a4f9c-7b84-4ee2-a978-3ee2ca1ec5b6, with runner as owner and space quota set to -1 bytes, counts quota set to -1
2025-10-16 19:47:30,257 [757ca056-973f-4f05-ab2d-6aff6c54d452-groupManagement] INFO  server.RaftServerConfigKeys (ConfUtils.java:logGet(62)) - raft.server.log.segment.size.max = 67108864 (custom)
2025-10-16 19:47:30,257 [757ca056-973f-4f05-ab2d-6aff6c54d452-groupManagement] INFO  server.RaftServerConfigKeys (ConfUtils.java:logGet(62)) - raft.server.log.appender.buffer.byte-limit = 33554432 (custom)
2025-10-16 19:47:30,258 | INFO  | SCMAudit | user=runner | ip=127.0.0.1 | op=SEND_HEARTBEAT {"datanodeUUID":"757ca056-973f-4f05-ab2d-6aff6c54d452","term":"2","command":"[]"} | ret=SUCCESS |  
2025-10-16 19:47:30,259 | INFO  | SCMAudit | user=runner | ip=127.0.0.1 | op=SEND_HEARTBEAT {"datanodeUUID":"e33e6ec4-6b66-4281-bedd-2bd75bd30070","term":"2","command":"[]"} | ret=SUCCESS |  
2025-10-16 19:47:30,259 [757ca056-973f-4f05-ab2d-6aff6c54d452-groupManagement] INFO  util.AwaitToRun (AwaitToRun.java:start(81)) - Thread[#1847,757ca056-973f-4f05-ab2d-6aff6c54d452@group-769C8B9E0F07-cacheEviction-AwaitToRun,5,main] started
2025-10-16 19:47:30,259 [757ca056-973f-4f05-ab2d-6aff6c54d452-groupManagement] INFO  segmented.SegmentedRaftLogWorker (SegmentedRaftLogWorker.java:<init>(190)) - new 757ca056-973f-4f05-ab2d-6aff6c54d452@group-769C8B9E0F07-SegmentedRaftLogWorker for RaftStorageImpl:Storage Directory /home/runner/work/ozone/ozone/hadoop-ozone/integration-test/target/test-dir/MiniOzoneClusterImpl-e7911277-7775-4457-96c8-94071a26a1ce/ozone-metadata/datanode-14/ratis/1219bb94-8d23-47e4-a759-769c8b9e0f07
2025-10-16 19:47:30,259 [757ca056-973f-4f05-ab2d-6aff6c54d452-groupManagement] INFO  server.RaftServerConfigKeys (ConfUtils.java:logGet(62)) - raft.server.log.queue.byte-limit = 4294967296 (custom)
2025-10-16 19:47:30,259 [757ca056-973f-4f05-ab2d-6aff6c54d452-groupManagement] INFO  server.RaftServerConfigKeys (ConfUtils.java:logGet(62)) - raft.server.log.segment.size.max = 67108864 (custom)
2025-10-16 19:47:30,259 [757ca056-973f-4f05-ab2d-6aff6c54d452-groupManagement] INFO  server.RaftServerConfigKeys (ConfUtils.java:logGet(62)) - raft.server.log.preallocated.size = 4194304 (custom)
2025-10-16 19:47:30,261 [757ca056-973f-4f05-ab2d-6aff6c54d452-groupManagement] INFO  server.RaftServerConfigKeys (ConfUtils.java:logGet(62)) - raft.server.log.write.buffer.size = 33554440 (custom)
2025-10-16 19:47:30,266 [grpc-default-executor-2] INFO  ratis.XceiverServerRatis (XceiverServerRatis.java:handleLeaderChangedNotification(940)) - Leader change notification received for group: group-6CA5F15A0415 with new leaderId: e33e6ec4-6b66-4281-bedd-2bd75bd30070
2025-10-16 19:47:30,267 [grpc-default-executor-2] INFO  server.RaftServer$Division (ServerState.java:setLeader(272)) - 702cb173-5c73-4ecc-b5cd-c7b4a6b66aea@group-6CA5F15A0415: change Leader from null to e33e6ec4-6b66-4281-bedd-2bd75bd30070 at term 1 for appendEntries, leader elected after 1159ms
2025-10-16 19:47:30,266 [EventQueue-PipelineReportForPipelineReportHandler] INFO  pipeline.PipelineReportHandler (PipelineReportHandler.java:processPipelineReport(132)) - Opened pipeline Pipeline-1219bb94-8d23-47e4-a759-769c8b9e0f07
2025-10-16 19:47:30,268 [grpc-default-executor-3] INFO  server.RaftServer$Division (ServerState.java:setRaftConf(386)) - 702cb173-5c73-4ecc-b5cd-c7b4a6b66aea@group-6CA5F15A0415: set configuration conf: {index: 0, cur=peers:[0e8b6cc7-9945-4141-97fc-6aa017a0d5fa|127.0.0.1:15087, 702cb173-5c73-4ecc-b5cd-c7b4a6b66aea|127.0.0.1:15095, e33e6ec4-6b66-4281-bedd-2bd75bd30070|127.0.0.1:15103]|listeners:[], old=null}
2025-10-16 19:47:30,268 [grpc-default-executor-3] INFO  segmented.SegmentedRaftLogWorker (SegmentedRaftLogWorker.java:startLogSegment(440)) - 702cb173-5c73-4ecc-b5cd-c7b4a6b66aea@group-6CA5F15A0415-SegmentedRaftLogWorker: Starting segment from index:0
2025-10-16 19:47:30,266 [grpc-default-executor-0] INFO  ratis.XceiverServerRatis (XceiverServerRatis.java:handleLeaderChangedNotification(940)) - Leader change notification received for group: group-6CA5F15A0415 with new leaderId: e33e6ec4-6b66-4281-bedd-2bd75bd30070
2025-10-16 19:47:30,268 [grpc-default-executor-0] INFO  server.RaftServer$Division (ServerState.java:setLeader(272)) - 0e8b6cc7-9945-4141-97fc-6aa017a0d5fa@group-6CA5F15A0415: change Leader from null to e33e6ec4-6b66-4281-bedd-2bd75bd30070 at term 1 for appendEntries, leader elected after 1198ms
2025-10-16 19:47:30,268 [e33e6ec4-6b66-4281-bedd-2bd75bd30070@group-6CA5F15A0415-SegmentedRaftLogWorker] INFO  segmented.SegmentedRaftLogWorker (SegmentedRaftLogWorker.java:execute(647)) - e33e6ec4-6b66-4281-bedd-2bd75bd30070@group-6CA5F15A0415-SegmentedRaftLogWorker: created new log segment /home/runner/work/ozone/ozone/hadoop-ozone/integration-test/target/test-dir/MiniOzoneClusterImpl-e7911277-7775-4457-96c8-94071a26a1ce/ozone-metadata/datanode-12/ratis/a6d455ad-cb8f-42d4-aaf7-6ca5f15a0415/current/log_inprogress_0
2025-10-16 19:47:30,269 [grpc-default-executor-5] INFO  server.RaftServer$Division (ServerState.java:setRaftConf(386)) - 0e8b6cc7-9945-4141-97fc-6aa017a0d5fa@group-6CA5F15A0415: set configuration conf: {index: 0, cur=peers:[0e8b6cc7-9945-4141-97fc-6aa017a0d5fa|127.0.0.1:15087, 702cb173-5c73-4ecc-b5cd-c7b4a6b66aea|127.0.0.1:15095, e33e6ec4-6b66-4281-bedd-2bd75bd30070|127.0.0.1:15103]|listeners:[], old=null}
2025-10-16 19:47:30,269 [grpc-default-executor-5] INFO  segmented.SegmentedRaftLogWorker (SegmentedRaftLogWorker.java:startLogSegment(440)) - 0e8b6cc7-9945-4141-97fc-6aa017a0d5fa@group-6CA5F15A0415-SegmentedRaftLogWorker: Starting segment from index:0
2025-10-16 19:47:30,270 [om1-OMStateMachineApplyTransactionThread - 0] INFO  volume.OMVolumeCreateRequest (OMVolumeCreateRequest.java:validateAndUpdateCache(213)) - created volume:c51a4f9c-7b84-4ee2-a978-3ee2ca1ec5b6 for user:runner
2025-10-16 19:47:30,270 | INFO  | OMAudit | user=runner | ip=127.0.0.1 | op=CREATE_VOLUME {"admin":"runner","owner":"runner","volume":"c51a4f9c-7b84-4ee2-a978-3ee2ca1ec5b6","creationTime":"1760644050262","modificationTime":"1760644050262","quotaInBytes":"-1","quotaInNamespace":"-1","usedNamespace":"0","objectID":"-9223372036854772480","updateID":"13","Transaction":"13"} | ret=SUCCESS |  
2025-10-16 19:47:30,272 [757ca056-973f-4f05-ab2d-6aff6c54d452-groupManagement] INFO  server.RaftServerConfigKeys (ConfUtils.java:logGet(62)) - raft.server.log.appender.buffer.byte-limit = 33554432 (custom)
2025-10-16 19:47:30,272 [757ca056-973f-4f05-ab2d-6aff6c54d452-groupManagement] INFO  segmented.SegmentedRaftLogWorker (SegmentedRaftLogWorker.java:lambda$new$0(141)) - 757ca056-973f-4f05-ab2d-6aff6c54d452@group-769C8B9E0F07-SegmentedRaftLogWorker: flushIndex: setUnconditionally 0 -> -1
2025-10-16 19:47:30,272 [757ca056-973f-4f05-ab2d-6aff6c54d452-groupManagement] INFO  segmented.SegmentedRaftLogWorker (SegmentedRaftLogWorker.java:lambda$new$0(141)) - 757ca056-973f-4f05-ab2d-6aff6c54d452@group-769C8B9E0F07-SegmentedRaftLogWorker: safeCacheEvictIndex: setUnconditionally 0 -> -1
2025-10-16 19:47:30,272 [0e8b6cc7-9945-4141-97fc-6aa017a0d5fa@group-6CA5F15A0415-SegmentedRaftLogWorker] INFO  segmented.BufferedWriteChannel (BufferedWriteChannel.java:open(61)) - open log_inprogress_0 at position 0
2025-10-16 19:47:30,274 [702cb173-5c73-4ecc-b5cd-c7b4a6b66aea@group-6CA5F15A0415-SegmentedRaftLogWorker] INFO  segmented.BufferedWriteChannel (BufferedWriteChannel.java:open(61)) - open log_inprogress_0 at position 0
2025-10-16 19:47:30,275 [EventQueue-PipelineReportForPipelineReportHandler] INFO  pipeline.PipelineReportHandler (PipelineReportHandler.java:processPipelineReport(132)) - Opened pipeline Pipeline-a6d455ad-cb8f-42d4-aaf7-6ca5f15a0415
2025-10-16 19:47:30,276 [757ca056-973f-4f05-ab2d-6aff6c54d452-groupManagement] INFO  server.RaftServer$Division (RaftServerImpl.java:start(405)) - 757ca056-973f-4f05-ab2d-6aff6c54d452@group-769C8B9E0F07: start as a follower, conf=conf: {index: -1, cur=peers:[757ca056-973f-4f05-ab2d-6aff6c54d452|127.0.0.1:15119]|listeners:[], old=null}
2025-10-16 19:47:30,276 [757ca056-973f-4f05-ab2d-6aff6c54d452-groupManagement] INFO  server.RaftServer$Division (RaftServerImpl.java:setRole(392)) - 757ca056-973f-4f05-ab2d-6aff6c54d452@group-769C8B9E0F07: changes role from      null to FOLLOWER at term 0 for startAsFollower
2025-10-16 19:47:30,276 [757ca056-973f-4f05-ab2d-6aff6c54d452-groupManagement] INFO  impl.RoleInfo (RoleInfo.java:updateAndGet(148)) - 757ca056-973f-4f05-ab2d-6aff6c54d452: start 757ca056-973f-4f05-ab2d-6aff6c54d452@group-769C8B9E0F07-FollowerState
2025-10-16 19:47:30,278 | INFO  | OMAudit | user=runner | ip=127.0.0.1 | op=READ_VOLUME {"volume":"c51a4f9c-7b84-4ee2-a978-3ee2ca1ec5b6"} | ret=SUCCESS |  
2025-10-16 19:47:30,278 [757ca056-973f-4f05-ab2d-6aff6c54d452-groupManagement] INFO  util.JmxRegister (JmxRegister.java:tryRegister(44)) - Successfully registered JMX Bean with object name Ratis:service=RaftServer,group=group-769C8B9E0F07,id=757ca056-973f-4f05-ab2d-6aff6c54d452
2025-10-16 19:47:30,279 [757ca056-973f-4f05-ab2d-6aff6c54d452-groupManagement] INFO  util.JmxRegister (JmxRegister.java:register(58)) - register mxBean class org.apache.ratis.server.impl.RaftServerJmxAdapter as Ratis:service=RaftServer,group=group-769C8B9E0F07,id=757ca056-973f-4f05-ab2d-6aff6c54d452
2025-10-16 19:47:30,279 [ForkJoinPool-1-worker-1] INFO  rpc.RpcClient (RpcClient.java:createBucket(686)) - Creating Bucket: c51a4f9c-7b84-4ee2-a978-3ee2ca1ec5b6/c73bc8b5-4692-479a-94f7-ea05f6b61532, with bucket layout FILE_SYSTEM_OPTIMIZED, runner as owner, Versioning true, Storage Type set to DISK and Encryption set to false, Replication Type set to server-side default replication type, Namespace Quota set to -1, Space Quota set to -1 
2025-10-16 19:47:30,280 [702cb173-5c73-4ecc-b5cd-c7b4a6b66aea@group-CDBAC21EB987-FollowerState] INFO  impl.FollowerState (FollowerState.java:runImpl(161)) - 702cb173-5c73-4ecc-b5cd-c7b4a6b66aea@group-CDBAC21EB987-FollowerState: change to CANDIDATE, lastRpcElapsedTime:1013359119ns, electionTimeout:1011ms
2025-10-16 19:47:30,281 [702cb173-5c73-4ecc-b5cd-c7b4a6b66aea@group-CDBAC21EB987-FollowerState] INFO  impl.RoleInfo (RoleInfo.java:shutdownFollowerState(121)) - 702cb173-5c73-4ecc-b5cd-c7b4a6b66aea: shutdown 702cb173-5c73-4ecc-b5cd-c7b4a6b66aea@group-CDBAC21EB987-FollowerState
2025-10-16 19:47:30,281 [702cb173-5c73-4ecc-b5cd-c7b4a6b66aea@group-CDBAC21EB987-FollowerState] INFO  server.RaftServer$Division (RaftServerImpl.java:setRole(392)) - 702cb173-5c73-4ecc-b5cd-c7b4a6b66aea@group-CDBAC21EB987: changes role from  FOLLOWER to CANDIDATE at term 0 for changeToCandidate
2025-10-16 19:47:30,281 [702cb173-5c73-4ecc-b5cd-c7b4a6b66aea@group-CDBAC21EB987-FollowerState] INFO  impl.RoleInfo (RoleInfo.java:updateAndGet(148)) - 702cb173-5c73-4ecc-b5cd-c7b4a6b66aea: start 702cb173-5c73-4ecc-b5cd-c7b4a6b66aea@group-CDBAC21EB987-LeaderElection26
2025-10-16 19:47:30,282 [702cb173-5c73-4ecc-b5cd-c7b4a6b66aea@group-CDBAC21EB987-LeaderElection26] INFO  impl.LeaderElection (LeaderElection.java:askForVotes(448)) - 702cb173-5c73-4ecc-b5cd-c7b4a6b66aea@group-CDBAC21EB987-LeaderElection26 PRE_VOTE round 0: submit vote requests at term 0 for conf: {index: -1, cur=peers:[0e8b6cc7-9945-4141-97fc-6aa017a0d5fa|127.0.0.1:15087, 702cb173-5c73-4ecc-b5cd-c7b4a6b66aea|127.0.0.1:15095, e33e6ec4-6b66-4281-bedd-2bd75bd30070|127.0.0.1:15103]|listeners:[], old=null}
2025-10-16 19:47:30,282 [702cb173-5c73-4ecc-b5cd-c7b4a6b66aea@group-6CA5F15A0415-SegmentedRaftLogWorker] INFO  segmented.SegmentedRaftLogWorker (SegmentedRaftLogWorker.java:execute(647)) - 702cb173-5c73-4ecc-b5cd-c7b4a6b66aea@group-6CA5F15A0415-SegmentedRaftLogWorker: created new log segment /home/runner/work/ozone/ozone/hadoop-ozone/integration-test/target/test-dir/MiniOzoneClusterImpl-e7911277-7775-4457-96c8-94071a26a1ce/ozone-metadata/datanode-11/ratis/a6d455ad-cb8f-42d4-aaf7-6ca5f15a0415/current/log_inprogress_0
2025-10-16 19:47:30,284 [702cb173-5c73-4ecc-b5cd-c7b4a6b66aea@group-CDBAC21EB987-LeaderElection26-1] INFO  server.GrpcServerProtocolClient (GrpcServerProtocolClient.java:<init>(65)) - Build channel for 0e8b6cc7-9945-4141-97fc-6aa017a0d5fa|127.0.0.1:15087
2025-10-16 19:47:30,285 [om1-OMStateMachineApplyTransactionThread - 0] INFO  bucket.OMBucketCreateRequest (OMBucketCreateRequest.java:validateAndUpdateCache(303)) - created bucket: c73bc8b5-4692-479a-94f7-ea05f6b61532 of layout FILE_SYSTEM_OPTIMIZED in volume: c51a4f9c-7b84-4ee2-a978-3ee2ca1ec5b6
2025-10-16 19:47:30,286 [702cb173-5c73-4ecc-b5cd-c7b4a6b66aea@group-CDBAC21EB987-LeaderElection26-2] INFO  server.GrpcServerProtocolClient (GrpcServerProtocolClient.java:<init>(65)) - Build channel for e33e6ec4-6b66-4281-bedd-2bd75bd30070|127.0.0.1:15103
2025-10-16 19:47:30,286 [757ca056-973f-4f05-ab2d-6aff6c54d452-groupManagement] INFO  server.RaftServer$Division (RaftServerImpl.java:start(419)) - 757ca056-973f-4f05-ab2d-6aff6c54d452@group-769C8B9E0F07: Successfully started.
2025-10-16 19:47:30,286 [757ca056-973f-4f05-ab2d-6aff6c54d452-CreatePipelineCommandHandlerThread-0] INFO  ratis.XceiverServerRatis (XceiverServerRatis.java:addGroup(839)) - Created group Pipeline-1219bb94-8d23-47e4-a759-769c8b9e0f07
2025-10-16 19:47:30,286 [757ca056-973f-4f05-ab2d-6aff6c54d452-CreatePipelineCommandHandlerThread-0] INFO  commandhandler.CreatePipelineCommandHandler (CreatePipelineCommandHandler.java:lambda$handle$2(141)) - Created Pipeline RATIS ONE Pipeline-1219bb94-8d23-47e4-a759-769c8b9e0f07.
2025-10-16 19:47:30,287 [0e8b6cc7-9945-4141-97fc-6aa017a0d5fa@group-6CA5F15A0415-SegmentedRaftLogWorker] INFO  segmented.SegmentedRaftLogWorker (SegmentedRaftLogWorker.java:execute(647)) - 0e8b6cc7-9945-4141-97fc-6aa017a0d5fa@group-6CA5F15A0415-SegmentedRaftLogWorker: created new log segment /home/runner/work/ozone/ozone/hadoop-ozone/integration-test/target/test-dir/MiniOzoneClusterImpl-e7911277-7775-4457-96c8-94071a26a1ce/ozone-metadata/datanode-10/ratis/a6d455ad-cb8f-42d4-aaf7-6ca5f15a0415/current/log_inprogress_0
2025-10-16 19:47:30,285 | INFO  | OMAudit | user=runner | ip=127.0.0.1 | op=CREATE_BUCKET {"volume":"c51a4f9c-7b84-4ee2-a978-3ee2ca1ec5b6","bucket":"c73bc8b5-4692-479a-94f7-ea05f6b61532","bucketLayout":"FILE_SYSTEM_OPTIMIZED","gdprEnabled":null,"acls":"[user:runner:a[ACCESS], group:runner:rl[ACCESS]]","isVersionEnabled":"true","storageType":"DISK","creationTime":"1760644050282","bucketEncryptionKey":null,"modificationTime":"1760644050282","usedBytes":"0","usedNamespace":"0","snapshotUsedBytes":"0","snapshotUsedNamespace":"0","owner":"runner","replicationType":null,"replicationConfig":null,"quotaInBytes":"-1","quotaInNamespace":"-1","Transaction":"14"} | ret=SUCCESS |  
2025-10-16 19:47:30,290 [e33e6ec4-6b66-4281-bedd-2bd75bd30070@group-6CA5F15A0415-StateMachineUpdater] INFO  server.RaftServer$Division (LeaderStateImpl.java:checkStartIndex(309)) - Leader e33e6ec4-6b66-4281-bedd-2bd75bd30070@group-6CA5F15A0415-LeaderStateImpl is ready since appliedIndex == startIndex == 0
2025-10-16 19:47:30,292 [grpc-default-executor-0] INFO  server.RaftServer$Division (RaftServerImpl.java:requestVote(1421)) - 0e8b6cc7-9945-4141-97fc-6aa017a0d5fa@group-CDBAC21EB987: receive requestVote(PRE_VOTE, 702cb173-5c73-4ecc-b5cd-c7b4a6b66aea, group-CDBAC21EB987, 0, <PROTO_DEFAULT>)
2025-10-16 19:47:30,292 [grpc-default-executor-0] INFO  impl.VoteContext (VoteContext.java:log(49)) - 0e8b6cc7-9945-4141-97fc-6aa017a0d5fa@group-CDBAC21EB987-FOLLOWER: accept PRE_VOTE from 702cb173-5c73-4ecc-b5cd-c7b4a6b66aea: our priority 0 <= candidate's priority 1
2025-10-16 19:47:30,292 [grpc-default-executor-0] INFO  server.RaftServer$Division (RaftServerImpl.java:requestVote(1455)) - 0e8b6cc7-9945-4141-97fc-6aa017a0d5fa@group-CDBAC21EB987 replies to PRE_VOTE vote request: 702cb173-5c73-4ecc-b5cd-c7b4a6b66aea<-0e8b6cc7-9945-4141-97fc-6aa017a0d5fa#0:OK-t0-last:<INITIAL_VALUE>. Peer's state: 0e8b6cc7-9945-4141-97fc-6aa017a0d5fa@group-CDBAC21EB987:t0, leader=null, voted=, raftlog=Memoized:0e8b6cc7-9945-4141-97fc-6aa017a0d5fa@group-CDBAC21EB987-SegmentedRaftLog:OPENED:c-1:lastnull, conf=conf: {index: -1, cur=peers:[0e8b6cc7-9945-4141-97fc-6aa017a0d5fa|127.0.0.1:15087, 702cb173-5c73-4ecc-b5cd-c7b4a6b66aea|127.0.0.1:15095, e33e6ec4-6b66-4281-bedd-2bd75bd30070|127.0.0.1:15103]|listeners:[], old=null}
2025-10-16 19:47:30,293 [702cb173-5c73-4ecc-b5cd-c7b4a6b66aea@group-CDBAC21EB987-LeaderElection26] INFO  impl.LeaderElection (LeaderElection.java:logAndReturn(206)) - 702cb173-5c73-4ecc-b5cd-c7b4a6b66aea@group-CDBAC21EB987-LeaderElection26: PRE_VOTE PASSED received 1 response(s) and 0 exception(s):
2025-10-16 19:47:30,293 [702cb173-5c73-4ecc-b5cd-c7b4a6b66aea@group-CDBAC21EB987-LeaderElection26] INFO  impl.LeaderElection (LeaderElection.java:logAndReturn(210)) -   Response 0: 702cb173-5c73-4ecc-b5cd-c7b4a6b66aea<-0e8b6cc7-9945-4141-97fc-6aa017a0d5fa#0:OK-t0-last:<INITIAL_VALUE>
2025-10-16 19:47:30,293 [702cb173-5c73-4ecc-b5cd-c7b4a6b66aea@group-CDBAC21EB987-LeaderElection26] INFO  impl.LeaderElection (LeaderElection.java:askForVotes(450)) - 702cb173-5c73-4ecc-b5cd-c7b4a6b66aea@group-CDBAC21EB987-LeaderElection26 PRE_VOTE round 0: result PASSED
2025-10-16 19:47:30,294 | INFO  | OMAudit | user=runner | ip=127.0.0.1 | op=READ_BUCKET {"volume":"c51a4f9c-7b84-4ee2-a978-3ee2ca1ec5b6","bucket":"c73bc8b5-4692-479a-94f7-ea05f6b61532"} | ret=SUCCESS |  
2025-10-16 19:47:30,295 [702cb173-5c73-4ecc-b5cd-c7b4a6b66aea@group-CDBAC21EB987-LeaderElection26] INFO  impl.LeaderElection (LeaderElection.java:askForVotes(448)) - 702cb173-5c73-4ecc-b5cd-c7b4a6b66aea@group-CDBAC21EB987-LeaderElection26 ELECTION round 0: submit vote requests at term 1 for conf: {index: -1, cur=peers:[0e8b6cc7-9945-4141-97fc-6aa017a0d5fa|127.0.0.1:15087, 702cb173-5c73-4ecc-b5cd-c7b4a6b66aea|127.0.0.1:15095, e33e6ec4-6b66-4281-bedd-2bd75bd30070|127.0.0.1:15103]|listeners:[], old=null}
2025-10-16 19:47:30,298 [grpc-default-executor-0] INFO  server.RaftServer$Division (RaftServerImpl.java:requestVote(1421)) - 0e8b6cc7-9945-4141-97fc-6aa017a0d5fa@group-CDBAC21EB987: receive requestVote(ELECTION, 702cb173-5c73-4ecc-b5cd-c7b4a6b66aea, group-CDBAC21EB987, 1, <PROTO_DEFAULT>)
2025-10-16 19:47:30,299 [grpc-default-executor-0] INFO  impl.VoteContext (VoteContext.java:log(49)) - 0e8b6cc7-9945-4141-97fc-6aa017a0d5fa@group-CDBAC21EB987-FOLLOWER: accept ELECTION from 702cb173-5c73-4ecc-b5cd-c7b4a6b66aea: our priority 0 <= candidate's priority 1
2025-10-16 19:47:30,300 [grpc-default-executor-0] INFO  server.RaftServer$Division (RaftServerImpl.java:setRole(392)) - 0e8b6cc7-9945-4141-97fc-6aa017a0d5fa@group-CDBAC21EB987: changes role from  FOLLOWER to FOLLOWER at term 0 for candidate:702cb173-5c73-4ecc-b5cd-c7b4a6b66aea
2025-10-16 19:47:30,300 [grpc-default-executor-0] INFO  impl.RoleInfo (RoleInfo.java:shutdownFollowerState(121)) - 0e8b6cc7-9945-4141-97fc-6aa017a0d5fa: shutdown 0e8b6cc7-9945-4141-97fc-6aa017a0d5fa@group-CDBAC21EB987-FollowerState
2025-10-16 19:47:30,300 [grpc-default-executor-0] INFO  impl.RoleInfo (RoleInfo.java:updateAndGet(148)) - 0e8b6cc7-9945-4141-97fc-6aa017a0d5fa: start 0e8b6cc7-9945-4141-97fc-6aa017a0d5fa@group-CDBAC21EB987-FollowerState
2025-10-16 19:47:30,300 [grpc-default-executor-2] INFO  server.RaftServer$Division (RaftServerImpl.java:requestVote(1421)) - e33e6ec4-6b66-4281-bedd-2bd75bd30070@group-CDBAC21EB987: receive requestVote(ELECTION, 702cb173-5c73-4ecc-b5cd-c7b4a6b66aea, group-CDBAC21EB987, 1, <PROTO_DEFAULT>)
2025-10-16 19:47:30,300 [grpc-default-executor-2] INFO  impl.VoteContext (VoteContext.java:log(49)) - e33e6ec4-6b66-4281-bedd-2bd75bd30070@group-CDBAC21EB987-FOLLOWER: accept ELECTION from 702cb173-5c73-4ecc-b5cd-c7b4a6b66aea: our priority 0 <= candidate's priority 1
2025-10-16 19:47:30,300 [grpc-default-executor-2] INFO  server.RaftServer$Division (RaftServerImpl.java:setRole(392)) - e33e6ec4-6b66-4281-bedd-2bd75bd30070@group-CDBAC21EB987: changes role from  FOLLOWER to FOLLOWER at term 0 for candidate:702cb173-5c73-4ecc-b5cd-c7b4a6b66aea
2025-10-16 19:47:30,300 [grpc-default-executor-2] INFO  impl.RoleInfo (RoleInfo.java:shutdownFollowerState(121)) - e33e6ec4-6b66-4281-bedd-2bd75bd30070: shutdown e33e6ec4-6b66-4281-bedd-2bd75bd30070@group-CDBAC21EB987-FollowerState
2025-10-16 19:47:30,300 [grpc-default-executor-2] INFO  impl.RoleInfo (RoleInfo.java:updateAndGet(148)) - e33e6ec4-6b66-4281-bedd-2bd75bd30070: start e33e6ec4-6b66-4281-bedd-2bd75bd30070@group-CDBAC21EB987-FollowerState
2025-10-16 19:47:30,300 [e33e6ec4-6b66-4281-bedd-2bd75bd30070@group-CDBAC21EB987-FollowerState] INFO  impl.FollowerState (FollowerState.java:runImpl(170)) - e33e6ec4-6b66-4281-bedd-2bd75bd30070@group-CDBAC21EB987-FollowerState was interrupted
2025-10-16 19:47:30,301 [grpc-default-executor-0] INFO  server.RaftServer$Division (RaftServerImpl.java:setFirstElection(576)) - 0e8b6cc7-9945-4141-97fc-6aa017a0d5fa@group-CDBAC21EB987: set firstElectionSinceStartup to false for candidate:702cb173-5c73-4ecc-b5cd-c7b4a6b66aea
2025-10-16 19:47:30,301 [0e8b6cc7-9945-4141-97fc-6aa017a0d5fa@group-CDBAC21EB987-FollowerState] INFO  impl.FollowerState (FollowerState.java:runImpl(170)) - 0e8b6cc7-9945-4141-97fc-6aa017a0d5fa@group-CDBAC21EB987-FollowerState was interrupted
2025-10-16 19:47:30,302 [grpc-default-executor-2] INFO  server.RaftServer$Division (RaftServerImpl.java:setFirstElection(576)) - e33e6ec4-6b66-4281-bedd-2bd75bd30070@group-CDBAC21EB987: set firstElectionSinceStartup to false for candidate:702cb173-5c73-4ecc-b5cd-c7b4a6b66aea
2025-10-16 19:47:30,302 [grpc-default-executor-0] INFO  server.RaftServer$Division (RaftServerImpl.java:requestVote(1455)) - 0e8b6cc7-9945-4141-97fc-6aa017a0d5fa@group-CDBAC21EB987 replies to ELECTION vote request: 702cb173-5c73-4ecc-b5cd-c7b4a6b66aea<-0e8b6cc7-9945-4141-97fc-6aa017a0d5fa#0:OK-t1-last:<INITIAL_VALUE>. Peer's state: 0e8b6cc7-9945-4141-97fc-6aa017a0d5fa@group-CDBAC21EB987:t1, leader=null, voted=702cb173-5c73-4ecc-b5cd-c7b4a6b66aea, raftlog=Memoized:0e8b6cc7-9945-4141-97fc-6aa017a0d5fa@group-CDBAC21EB987-SegmentedRaftLog:OPENED:c-1:lastnull, conf=conf: {index: -1, cur=peers:[0e8b6cc7-9945-4141-97fc-6aa017a0d5fa|127.0.0.1:15087, 702cb173-5c73-4ecc-b5cd-c7b4a6b66aea|127.0.0.1:15095, e33e6ec4-6b66-4281-bedd-2bd75bd30070|127.0.0.1:15103]|listeners:[], old=null}
2025-10-16 19:47:30,302 | INFO  | SCMAudit | user=runner | ip=127.0.0.1 | op=SEND_HEARTBEAT {"datanodeUUID":"702cb173-5c73-4ecc-b5cd-c7b4a6b66aea","term":"2","command":"[]"} | ret=SUCCESS |  
2025-10-16 19:47:30,303 [grpc-default-executor-2] INFO  server.RaftServer$Division (RaftServerImpl.java:requestVote(1455)) - e33e6ec4-6b66-4281-bedd-2bd75bd30070@group-CDBAC21EB987 replies to ELECTION vote request: 702cb173-5c73-4ecc-b5cd-c7b4a6b66aea<-e33e6ec4-6b66-4281-bedd-2bd75bd30070#0:OK-t1-last:<INITIAL_VALUE>. Peer's state: e33e6ec4-6b66-4281-bedd-2bd75bd30070@group-CDBAC21EB987:t1, leader=null, voted=702cb173-5c73-4ecc-b5cd-c7b4a6b66aea, raftlog=Memoized:e33e6ec4-6b66-4281-bedd-2bd75bd30070@group-CDBAC21EB987-SegmentedRaftLog:OPENED:c-1:lastnull, conf=conf: {index: -1, cur=peers:[0e8b6cc7-9945-4141-97fc-6aa017a0d5fa|127.0.0.1:15087, 702cb173-5c73-4ecc-b5cd-c7b4a6b66aea|127.0.0.1:15095, e33e6ec4-6b66-4281-bedd-2bd75bd30070|127.0.0.1:15103]|listeners:[], old=null}
2025-10-16 19:47:30,306 [702cb173-5c73-4ecc-b5cd-c7b4a6b66aea@group-CDBAC21EB987-LeaderElection26] INFO  impl.LeaderElection (LeaderElection.java:logAndReturn(206)) - 702cb173-5c73-4ecc-b5cd-c7b4a6b66aea@group-CDBAC21EB987-LeaderElection26: ELECTION PASSED received 1 response(s) and 0 exception(s):
2025-10-16 19:47:30,306 [702cb173-5c73-4ecc-b5cd-c7b4a6b66aea@group-CDBAC21EB987-LeaderElection26] INFO  impl.LeaderElection (LeaderElection.java:logAndReturn(210)) -   Response 0: 702cb173-5c73-4ecc-b5cd-c7b4a6b66aea<-0e8b6cc7-9945-4141-97fc-6aa017a0d5fa#0:OK-t1-last:<INITIAL_VALUE>
2025-10-16 19:47:30,306 [702cb173-5c73-4ecc-b5cd-c7b4a6b66aea@group-CDBAC21EB987-LeaderElection26] INFO  impl.LeaderElection (LeaderElection.java:askForVotes(450)) - 702cb173-5c73-4ecc-b5cd-c7b4a6b66aea@group-CDBAC21EB987-LeaderElection26 ELECTION round 0: result PASSED
2025-10-16 19:47:30,306 [702cb173-5c73-4ecc-b5cd-c7b4a6b66aea@group-CDBAC21EB987-LeaderElection26] INFO  impl.RoleInfo (RoleInfo.java:shutdownLeaderElection(141)) - 702cb173-5c73-4ecc-b5cd-c7b4a6b66aea: shutdown 702cb173-5c73-4ecc-b5cd-c7b4a6b66aea@group-CDBAC21EB987-LeaderElection26
2025-10-16 19:47:30,306 [702cb173-5c73-4ecc-b5cd-c7b4a6b66aea@group-CDBAC21EB987-LeaderElection26] INFO  server.RaftServer$Division (RaftServerImpl.java:setRole(392)) - 702cb173-5c73-4ecc-b5cd-c7b4a6b66aea@group-CDBAC21EB987: changes role from CANDIDATE to LEADER at term 1 for changeToLeader
2025-10-16 19:47:30,306 [702cb173-5c73-4ecc-b5cd-c7b4a6b66aea@group-CDBAC21EB987-LeaderElection26] INFO  server.RaftServerConfigKeys (ConfUtils.java:logFallback(69)) - raft.server.staging.timeout = 15600ms (fallback to raft.server.rpc.timeout.max)
2025-10-16 19:47:30,307 [702cb173-5c73-4ecc-b5cd-c7b4a6b66aea@group-CDBAC21EB987-LeaderElection26] INFO  server.RaftServerConfigKeys (ConfUtils.java:logGet(62)) - raft.server.write.byte-limit = 1024 M (=1073741824) (custom)
2025-10-16 19:47:30,306 | INFO  | OMAudit | user=runner | ip=127.0.0.1 | op=READ_BUCKET {"volume":"c51a4f9c-7b84-4ee2-a978-3ee2ca1ec5b6","bucket":"c73bc8b5-4692-479a-94f7-ea05f6b61532"} | ret=SUCCESS |  
2025-10-16 19:47:30,308 [702cb173-5c73-4ecc-b5cd-c7b4a6b66aea@group-CDBAC21EB987-LeaderElection26] INFO  server.RaftServerConfigKeys (ConfUtils.java:logGet(62)) - raft.server.log.appender.buffer.byte-limit = 33554432 (custom)
2025-10-16 19:47:30,310 [702cb173-5c73-4ecc-b5cd-c7b4a6b66aea@group-CDBAC21EB987-LeaderElection26] INFO  server.RaftServerConfigKeys (ConfUtils.java:logGet(62)) - raft.server.log.appender.buffer.byte-limit = 33554432 (custom)
2025-10-16 19:47:30,310 [702cb173-5c73-4ecc-b5cd-c7b4a6b66aea@group-CDBAC21EB987-LeaderElection26] INFO  impl.RoleInfo (RoleInfo.java:updateAndGet(148)) - 702cb173-5c73-4ecc-b5cd-c7b4a6b66aea: start 702cb173-5c73-4ecc-b5cd-c7b4a6b66aea@group-CDBAC21EB987-LeaderStateImpl
2025-10-16 19:47:30,311 [702cb173-5c73-4ecc-b5cd-c7b4a6b66aea@group-CDBAC21EB987-LeaderElection26] INFO  server.RaftServer$Division (RaftServerImpl.java:setFirstElection(576)) - 702cb173-5c73-4ecc-b5cd-c7b4a6b66aea@group-CDBAC21EB987: set firstElectionSinceStartup to false for becomeLeader
2025-10-16 19:47:30,311 [702cb173-5c73-4ecc-b5cd-c7b4a6b66aea@group-CDBAC21EB987-LeaderElection26] INFO  ratis.XceiverServerRatis (XceiverServerRatis.java:handleLeaderChangedNotification(940)) - Leader change notification received for group: group-CDBAC21EB987 with new leaderId: 702cb173-5c73-4ecc-b5cd-c7b4a6b66aea
2025-10-16 19:47:30,312 [702cb173-5c73-4ecc-b5cd-c7b4a6b66aea@group-CDBAC21EB987-LeaderElection26] INFO  server.RaftServer$Division (ServerState.java:setLeader(272)) - 702cb173-5c73-4ecc-b5cd-c7b4a6b66aea@group-CDBAC21EB987: change Leader from null to 702cb173-5c73-4ecc-b5cd-c7b4a6b66aea at term 1 for becomeLeader, leader elected after 1069ms
2025-10-16 19:47:30,312 [702cb173-5c73-4ecc-b5cd-c7b4a6b66aea@group-CDBAC21EB987-LeaderElection26] INFO  segmented.SegmentedRaftLogWorker (SegmentedRaftLogWorker.java:startLogSegment(440)) - 702cb173-5c73-4ecc-b5cd-c7b4a6b66aea@group-CDBAC21EB987-SegmentedRaftLogWorker: Starting segment from index:0
2025-10-16 19:47:30,313 [702cb173-5c73-4ecc-b5cd-c7b4a6b66aea@group-CDBAC21EB987-SegmentedRaftLogWorker] INFO  segmented.BufferedWriteChannel (BufferedWriteChannel.java:open(61)) - open log_inprogress_0 at position 0
2025-10-16 19:47:30,313 | INFO  | SCMAudit | user=runner | ip=127.0.0.1 | op=SEND_HEARTBEAT {"datanodeUUID":"702cb173-5c73-4ecc-b5cd-c7b4a6b66aea","term":"2","command":"[]"} | ret=SUCCESS |  
2025-10-16 19:47:30,313 [702cb173-5c73-4ecc-b5cd-c7b4a6b66aea@group-CDBAC21EB987-LeaderElection26] INFO  server.RaftServer$Division (ServerState.java:setRaftConf(386)) - 702cb173-5c73-4ecc-b5cd-c7b4a6b66aea@group-CDBAC21EB987: set configuration conf: {index: 0, cur=peers:[0e8b6cc7-9945-4141-97fc-6aa017a0d5fa|127.0.0.1:15087, 702cb173-5c73-4ecc-b5cd-c7b4a6b66aea|127.0.0.1:15095, e33e6ec4-6b66-4281-bedd-2bd75bd30070|127.0.0.1:15103]|listeners:[], old=null}
2025-10-16 19:47:30,314 | INFO  | SCMAudit | user=runner | ip=127.0.0.1 | op=ALLOCATE_BLOCK {"replication":"RATIS/ONE","owner":"omServiceIdDefault","size":"4194304","sampleBlocks":"[conID: 5 locID: 115816896921600005]","num":"1","client":"","allocated":"1"} | ret=SUCCESS |  
2025-10-16 19:47:30,319 [EventQueue-PipelineReportForPipelineReportHandler] INFO  pipeline.PipelineReportHandler (PipelineReportHandler.java:processPipelineReport(132)) - Opened pipeline Pipeline-36270c74-4c8b-4dac-af71-cdbac21eb987
2025-10-16 19:47:30,323 [702cb173-5c73-4ecc-b5cd-c7b4a6b66aea@group-CDBAC21EB987-SegmentedRaftLogWorker] INFO  segmented.SegmentedRaftLogWorker (SegmentedRaftLogWorker.java:execute(647)) - 702cb173-5c73-4ecc-b5cd-c7b4a6b66aea@group-CDBAC21EB987-SegmentedRaftLogWorker: created new log segment /home/runner/work/ozone/ozone/hadoop-ozone/integration-test/target/test-dir/MiniOzoneClusterImpl-e7911277-7775-4457-96c8-94071a26a1ce/ozone-metadata/datanode-11/ratis/36270c74-4c8b-4dac-af71-cdbac21eb987/current/log_inprogress_0
2025-10-16 19:47:30,325 [grpc-default-executor-3] INFO  ratis.XceiverServerRatis (XceiverServerRatis.java:handleLeaderChangedNotification(940)) - Leader change notification received for group: group-CDBAC21EB987 with new leaderId: 702cb173-5c73-4ecc-b5cd-c7b4a6b66aea
2025-10-16 19:47:30,326 [grpc-default-executor-3] INFO  server.RaftServer$Division (ServerState.java:setLeader(272)) - e33e6ec4-6b66-4281-bedd-2bd75bd30070@group-CDBAC21EB987: change Leader from null to 702cb173-5c73-4ecc-b5cd-c7b4a6b66aea at term 1 for appendEntries, leader elected after 1030ms
2025-10-16 19:47:30,326 [grpc-default-executor-4] INFO  ratis.XceiverServerRatis (XceiverServerRatis.java:handleLeaderChangedNotification(940)) - Leader change notification received for group: group-CDBAC21EB987 with new leaderId: 702cb173-5c73-4ecc-b5cd-c7b4a6b66aea
2025-10-16 19:47:30,327 [grpc-default-executor-4] INFO  server.RaftServer$Division (ServerState.java:setLeader(272)) - 0e8b6cc7-9945-4141-97fc-6aa017a0d5fa@group-CDBAC21EB987: change Leader from null to 702cb173-5c73-4ecc-b5cd-c7b4a6b66aea at term 1 for appendEntries, leader elected after 1121ms
2025-10-16 19:47:30,328 [grpc-default-executor-0] INFO  server.RaftServer$Division (ServerState.java:setRaftConf(386)) - e33e6ec4-6b66-4281-bedd-2bd75bd30070@group-CDBAC21EB987: set configuration conf: {index: 0, cur=peers:[0e8b6cc7-9945-4141-97fc-6aa017a0d5fa|127.0.0.1:15087, 702cb173-5c73-4ecc-b5cd-c7b4a6b66aea|127.0.0.1:15095, e33e6ec4-6b66-4281-bedd-2bd75bd30070|127.0.0.1:15103]|listeners:[], old=null}
2025-10-16 19:47:30,328 [grpc-default-executor-0] INFO  segmented.SegmentedRaftLogWorker (SegmentedRaftLogWorker.java:startLogSegment(440)) - e33e6ec4-6b66-4281-bedd-2bd75bd30070@group-CDBAC21EB987-SegmentedRaftLogWorker: Starting segment from index:0
2025-10-16 19:47:30,328 [grpc-default-executor-5] INFO  server.RaftServer$Division (ServerState.java:setRaftConf(386)) - 0e8b6cc7-9945-4141-97fc-6aa017a0d5fa@group-CDBAC21EB987: set configuration conf: {index: 0, cur=peers:[0e8b6cc7-9945-4141-97fc-6aa017a0d5fa|127.0.0.1:15087, 702cb173-5c73-4ecc-b5cd-c7b4a6b66aea|127.0.0.1:15095, e33e6ec4-6b66-4281-bedd-2bd75bd30070|127.0.0.1:15103]|listeners:[], old=null}
2025-10-16 19:47:30,329 [e33e6ec4-6b66-4281-bedd-2bd75bd30070@group-CDBAC21EB987-SegmentedRaftLogWorker] INFO  segmented.BufferedWriteChannel (BufferedWriteChannel.java:open(61)) - open log_inprogress_0 at position 0
2025-10-16 19:47:30,329 [grpc-default-executor-5] INFO  segmented.SegmentedRaftLogWorker (SegmentedRaftLogWorker.java:startLogSegment(440)) - 0e8b6cc7-9945-4141-97fc-6aa017a0d5fa@group-CDBAC21EB987-SegmentedRaftLogWorker: Starting segment from index:0
2025-10-16 19:47:30,329 [0e8b6cc7-9945-4141-97fc-6aa017a0d5fa@group-CDBAC21EB987-SegmentedRaftLogWorker] INFO  segmented.BufferedWriteChannel (BufferedWriteChannel.java:open(61)) - open log_inprogress_0 at position 0
2025-10-16 19:47:30,332 | INFO  | OMAudit | user=runner | ip=127.0.0.1 | op=ALLOCATE_KEY {"volume":"c51a4f9c-7b84-4ee2-a978-3ee2ca1ec5b6","bucket":"c73bc8b5-4692-479a-94f7-ea05f6b61532","key":"453116a6-3ff9-421c-9bec-1a04d61bfcf1","dataSize":"12","replicationType":"RATIS","replicationFactor":"ONE","Transaction":"15"} | ret=SUCCESS |  
2025-10-16 19:47:30,340 [0e8b6cc7-9945-4141-97fc-6aa017a0d5fa@group-CDBAC21EB987-SegmentedRaftLogWorker] INFO  segmented.SegmentedRaftLogWorker (SegmentedRaftLogWorker.java:execute(647)) - 0e8b6cc7-9945-4141-97fc-6aa017a0d5fa@group-CDBAC21EB987-SegmentedRaftLogWorker: created new log segment /home/runner/work/ozone/ozone/hadoop-ozone/integration-test/target/test-dir/MiniOzoneClusterImpl-e7911277-7775-4457-96c8-94071a26a1ce/ozone-metadata/datanode-10/ratis/36270c74-4c8b-4dac-af71-cdbac21eb987/current/log_inprogress_0
2025-10-16 19:47:30,344 [e33e6ec4-6b66-4281-bedd-2bd75bd30070@group-CDBAC21EB987-SegmentedRaftLogWorker] INFO  segmented.SegmentedRaftLogWorker (SegmentedRaftLogWorker.java:execute(647)) - e33e6ec4-6b66-4281-bedd-2bd75bd30070@group-CDBAC21EB987-SegmentedRaftLogWorker: created new log segment /home/runner/work/ozone/ozone/hadoop-ozone/integration-test/target/test-dir/MiniOzoneClusterImpl-e7911277-7775-4457-96c8-94071a26a1ce/ozone-metadata/datanode-12/ratis/36270c74-4c8b-4dac-af71-cdbac21eb987/current/log_inprogress_0
2025-10-16 19:47:30,346 [702cb173-5c73-4ecc-b5cd-c7b4a6b66aea@group-CDBAC21EB987-StateMachineUpdater] INFO  server.RaftServer$Division (LeaderStateImpl.java:checkStartIndex(309)) - Leader 702cb173-5c73-4ecc-b5cd-c7b4a6b66aea@group-CDBAC21EB987-LeaderStateImpl is ready since appliedIndex == startIndex == 0
2025-10-16 19:47:30,352 [grpc-default-executor-3] ERROR impl.OrderedAsync (OrderedAsync.java:lambda$null$6(215)) -  client-C7494E2D969F: Failed* RaftClientRequest:client-C7494E2D969F->702cb173-5c73-4ecc-b5cd-c7b4a6b66aea@group-2AB8351BC093, cid=33, seq=1*, Watch(0), null
java.util.concurrent.CompletionException: org.apache.ratis.protocol.exceptions.NotLeaderException: Server 702cb173-5c73-4ecc-b5cd-c7b4a6b66aea@group-2AB8351BC093 is not the leader
	at java.base/java.util.concurrent.CompletableFuture.encodeThrowable(CompletableFuture.java:332)
	at java.base/java.util.concurrent.CompletableFuture.completeThrowable(CompletableFuture.java:347)
	at java.base/java.util.concurrent.CompletableFuture$UniAccept.tryFire(CompletableFuture.java:708)
	at java.base/java.util.concurrent.CompletableFuture.postComplete(CompletableFuture.java:510)
	at java.base/java.util.concurrent.CompletableFuture.completeExceptionally(CompletableFuture.java:2194)
	at org.apache.ratis.grpc.client.GrpcClientProtocolClient$AsyncStreamObservers.completeReplyExceptionally(GrpcClientProtocolClient.java:397)
	at org.apache.ratis.grpc.client.GrpcClientProtocolClient$AsyncStreamObservers.access$000(GrpcClientProtocolClient.java:303)
	at org.apache.ratis.grpc.client.GrpcClientProtocolClient$AsyncStreamObservers$1.onNext(GrpcClientProtocolClient.java:317)
	at org.apache.ratis.grpc.client.GrpcClientProtocolClient$AsyncStreamObservers$1.onNext(GrpcClientProtocolClient.java:308)
	at org.apache.ratis.thirdparty.io.grpc.stub.ClientCalls$StreamObserverToCallListenerAdapter.onMessage(ClientCalls.java:551)
	at org.apache.ratis.thirdparty.io.grpc.ForwardingClientCallListener.onMessage(ForwardingClientCallListener.java:33)
	at org.apache.ratis.thirdparty.io.grpc.internal.DelayedClientCall$DelayedListener.onMessage(DelayedClientCall.java:473)
	at org.apache.ratis.thirdparty.io.grpc.internal.ClientCallImpl$ClientStreamListenerImpl$1MessagesAvailable.runInternal(ClientCallImpl.java:661)
	at org.apache.ratis.thirdparty.io.grpc.internal.ClientCallImpl$ClientStreamListenerImpl$1MessagesAvailable.runInContext(ClientCallImpl.java:648)
	at org.apache.ratis.thirdparty.io.grpc.internal.ContextRunnable.run(ContextRunnable.java:37)
	at org.apache.ratis.thirdparty.io.grpc.internal.SerializingExecutor.run(SerializingExecutor.java:133)
	at java.base/java.util.concurrent.ThreadPoolExecutor.runWorker(ThreadPoolExecutor.java:1144)
	at java.base/java.util.concurrent.ThreadPoolExecutor$Worker.run(ThreadPoolExecutor.java:642)
	at java.base/java.lang.Thread.run(Thread.java:1583)
Caused by: org.apache.ratis.protocol.exceptions.NotLeaderException: Server 702cb173-5c73-4ecc-b5cd-c7b4a6b66aea@group-2AB8351BC093 is not the leader
	at org.apache.ratis.client.impl.ClientProtoUtils.toRaftClientReply(ClientProtoUtils.java:402)
	at org.apache.ratis.grpc.client.GrpcClientProtocolClient$AsyncStreamObservers$1.onNext(GrpcClientProtocolClient.java:313)
	... 11 more
2025-10-16 19:47:30,474 [702cb173-5c73-4ecc-b5cd-c7b4a6b66aea@group-2AB8351BC093-FollowerState] INFO  impl.FollowerState (FollowerState.java:runImpl(161)) - 702cb173-5c73-4ecc-b5cd-c7b4a6b66aea@group-2AB8351BC093-FollowerState: change to CANDIDATE, lastRpcElapsedTime:1149279960ns, electionTimeout:1148ms
2025-10-16 19:47:30,474 [702cb173-5c73-4ecc-b5cd-c7b4a6b66aea@group-2AB8351BC093-FollowerState] INFO  impl.RoleInfo (RoleInfo.java:shutdownFollowerState(121)) - 702cb173-5c73-4ecc-b5cd-c7b4a6b66aea: shutdown 702cb173-5c73-4ecc-b5cd-c7b4a6b66aea@group-2AB8351BC093-FollowerState
2025-10-16 19:47:30,474 [702cb173-5c73-4ecc-b5cd-c7b4a6b66aea@group-2AB8351BC093-FollowerState] INFO  server.RaftServer$Division (RaftServerImpl.java:setRole(392)) - 702cb173-5c73-4ecc-b5cd-c7b4a6b66aea@group-2AB8351BC093: changes role from  FOLLOWER to CANDIDATE at term 0 for changeToCandidate
2025-10-16 19:47:30,474 [702cb173-5c73-4ecc-b5cd-c7b4a6b66aea@group-2AB8351BC093-FollowerState] INFO  impl.RoleInfo (RoleInfo.java:updateAndGet(148)) - 702cb173-5c73-4ecc-b5cd-c7b4a6b66aea: start 702cb173-5c73-4ecc-b5cd-c7b4a6b66aea@group-2AB8351BC093-LeaderElection27
2025-10-16 19:47:30,474 [702cb173-5c73-4ecc-b5cd-c7b4a6b66aea@group-2AB8351BC093-LeaderElection27] INFO  impl.LeaderElection (LeaderElection.java:askForVotes(448)) - 702cb173-5c73-4ecc-b5cd-c7b4a6b66aea@group-2AB8351BC093-LeaderElection27 PRE_VOTE round 0: submit vote requests at term 0 for conf: {index: -1, cur=peers:[702cb173-5c73-4ecc-b5cd-c7b4a6b66aea|127.0.0.1:15095]|listeners:[], old=null}
2025-10-16 19:47:30,474 [702cb173-5c73-4ecc-b5cd-c7b4a6b66aea@group-2AB8351BC093-LeaderElection27] INFO  impl.LeaderElection (LeaderElection.java:askForVotes(450)) - 702cb173-5c73-4ecc-b5cd-c7b4a6b66aea@group-2AB8351BC093-LeaderElection27 PRE_VOTE round 0: result PASSED (term=0)
2025-10-16 19:47:30,475 [702cb173-5c73-4ecc-b5cd-c7b4a6b66aea@group-2AB8351BC093-LeaderElection27] INFO  impl.LeaderElection (LeaderElection.java:askForVotes(448)) - 702cb173-5c73-4ecc-b5cd-c7b4a6b66aea@group-2AB8351BC093-LeaderElection27 ELECTION round 0: submit vote requests at term 1 for conf: {index: -1, cur=peers:[702cb173-5c73-4ecc-b5cd-c7b4a6b66aea|127.0.0.1:15095]|listeners:[], old=null}
2025-10-16 19:47:30,475 [702cb173-5c73-4ecc-b5cd-c7b4a6b66aea@group-2AB8351BC093-LeaderElection27] INFO  impl.LeaderElection (LeaderElection.java:askForVotes(450)) - 702cb173-5c73-4ecc-b5cd-c7b4a6b66aea@group-2AB8351BC093-LeaderElection27 ELECTION round 0: result PASSED (term=1)
2025-10-16 19:47:30,476 [702cb173-5c73-4ecc-b5cd-c7b4a6b66aea@group-2AB8351BC093-LeaderElection27] INFO  impl.RoleInfo (RoleInfo.java:shutdownLeaderElection(141)) - 702cb173-5c73-4ecc-b5cd-c7b4a6b66aea: shutdown 702cb173-5c73-4ecc-b5cd-c7b4a6b66aea@group-2AB8351BC093-LeaderElection27
2025-10-16 19:47:30,476 [702cb173-5c73-4ecc-b5cd-c7b4a6b66aea@group-2AB8351BC093-LeaderElection27] INFO  server.RaftServer$Division (RaftServerImpl.java:setRole(392)) - 702cb173-5c73-4ecc-b5cd-c7b4a6b66aea@group-2AB8351BC093: changes role from CANDIDATE to LEADER at term 1 for changeToLeader
2025-10-16 19:47:30,476 [702cb173-5c73-4ecc-b5cd-c7b4a6b66aea@group-2AB8351BC093-LeaderElection27] INFO  server.RaftServerConfigKeys (ConfUtils.java:logFallback(69)) - raft.server.staging.timeout = 15600ms (fallback to raft.server.rpc.timeout.max)
2025-10-16 19:47:30,476 [702cb173-5c73-4ecc-b5cd-c7b4a6b66aea@group-2AB8351BC093-LeaderElection27] INFO  server.RaftServerConfigKeys (ConfUtils.java:logGet(62)) - raft.server.write.byte-limit = 1024 M (=1073741824) (custom)
2025-10-16 19:47:30,477 [702cb173-5c73-4ecc-b5cd-c7b4a6b66aea@group-2AB8351BC093-LeaderElection27] INFO  impl.RoleInfo (RoleInfo.java:updateAndGet(148)) - 702cb173-5c73-4ecc-b5cd-c7b4a6b66aea: start 702cb173-5c73-4ecc-b5cd-c7b4a6b66aea@group-2AB8351BC093-LeaderStateImpl
2025-10-16 19:47:30,477 [702cb173-5c73-4ecc-b5cd-c7b4a6b66aea@group-2AB8351BC093-LeaderElection27] INFO  server.RaftServer$Division (RaftServerImpl.java:setFirstElection(576)) - 702cb173-5c73-4ecc-b5cd-c7b4a6b66aea@group-2AB8351BC093: set firstElectionSinceStartup to false for becomeLeader
2025-10-16 19:47:30,477 [702cb173-5c73-4ecc-b5cd-c7b4a6b66aea@group-2AB8351BC093-LeaderElection27] INFO  ratis.XceiverServerRatis (XceiverServerRatis.java:handleLeaderChangedNotification(940)) - Leader change notification received for group: group-2AB8351BC093 with new leaderId: 702cb173-5c73-4ecc-b5cd-c7b4a6b66aea
2025-10-16 19:47:30,477 [702cb173-5c73-4ecc-b5cd-c7b4a6b66aea@group-2AB8351BC093-LeaderElection27] INFO  server.RaftServer$Division (ServerState.java:setLeader(272)) - 702cb173-5c73-4ecc-b5cd-c7b4a6b66aea@group-2AB8351BC093: change Leader from null to 702cb173-5c73-4ecc-b5cd-c7b4a6b66aea at term 1 for becomeLeader, leader elected after 1201ms
2025-10-16 19:47:30,477 [702cb173-5c73-4ecc-b5cd-c7b4a6b66aea@group-2AB8351BC093-LeaderElection27] INFO  segmented.SegmentedRaftLogWorker (SegmentedRaftLogWorker.java:startLogSegment(440)) - 702cb173-5c73-4ecc-b5cd-c7b4a6b66aea@group-2AB8351BC093-SegmentedRaftLogWorker: Starting segment from index:0
2025-10-16 19:47:30,477 [702cb173-5c73-4ecc-b5cd-c7b4a6b66aea@group-2AB8351BC093-LeaderElection27] INFO  server.RaftServer$Division (ServerState.java:setRaftConf(386)) - 702cb173-5c73-4ecc-b5cd-c7b4a6b66aea@group-2AB8351BC093: set configuration conf: {index: 0, cur=peers:[702cb173-5c73-4ecc-b5cd-c7b4a6b66aea|127.0.0.1:15095]|listeners:[], old=null}
2025-10-16 19:47:30,478 [702cb173-5c73-4ecc-b5cd-c7b4a6b66aea@group-2AB8351BC093-SegmentedRaftLogWorker] INFO  segmented.BufferedWriteChannel (BufferedWriteChannel.java:open(61)) - open log_inprogress_0 at position 0
2025-10-16 19:47:30,479 | INFO  | SCMAudit | user=runner | ip=127.0.0.1 | op=SEND_HEARTBEAT {"datanodeUUID":"702cb173-5c73-4ecc-b5cd-c7b4a6b66aea","term":"2","command":"[]"} | ret=SUCCESS |  
2025-10-16 19:47:30,484 [702cb173-5c73-4ecc-b5cd-c7b4a6b66aea@group-2AB8351BC093-SegmentedRaftLogWorker] INFO  segmented.SegmentedRaftLogWorker (SegmentedRaftLogWorker.java:execute(647)) - 702cb173-5c73-4ecc-b5cd-c7b4a6b66aea@group-2AB8351BC093-SegmentedRaftLogWorker: created new log segment /home/runner/work/ozone/ozone/hadoop-ozone/integration-test/target/test-dir/MiniOzoneClusterImpl-e7911277-7775-4457-96c8-94071a26a1ce/ozone-metadata/datanode-11/ratis/071df4d7-ac14-4329-b933-2ab8351bc093/current/log_inprogress_0
2025-10-16 19:47:30,485 [702cb173-5c73-4ecc-b5cd-c7b4a6b66aea@group-2AB8351BC093-StateMachineUpdater] INFO  server.RaftServer$Division (LeaderStateImpl.java:checkStartIndex(309)) - Leader 702cb173-5c73-4ecc-b5cd-c7b4a6b66aea@group-2AB8351BC093-LeaderStateImpl is ready since appliedIndex == startIndex == 0
2025-10-16 19:47:30,620 [e33e6ec4-6b66-4281-bedd-2bd75bd30070@group-897E3AF5232B-FollowerState] INFO  impl.FollowerState (FollowerState.java:runImpl(161)) - e33e6ec4-6b66-4281-bedd-2bd75bd30070@group-897E3AF5232B-FollowerState: change to CANDIDATE, lastRpcElapsedTime:1052148784ns, electionTimeout:1051ms
2025-10-16 19:47:30,620 [e33e6ec4-6b66-4281-bedd-2bd75bd30070@group-897E3AF5232B-FollowerState] INFO  impl.RoleInfo (RoleInfo.java:shutdownFollowerState(121)) - e33e6ec4-6b66-4281-bedd-2bd75bd30070: shutdown e33e6ec4-6b66-4281-bedd-2bd75bd30070@group-897E3AF5232B-FollowerState
2025-10-16 19:47:30,620 [e33e6ec4-6b66-4281-bedd-2bd75bd30070@group-897E3AF5232B-FollowerState] INFO  server.RaftServer$Division (RaftServerImpl.java:setRole(392)) - e33e6ec4-6b66-4281-bedd-2bd75bd30070@group-897E3AF5232B: changes role from  FOLLOWER to CANDIDATE at term 0 for changeToCandidate
2025-10-16 19:47:30,620 [e33e6ec4-6b66-4281-bedd-2bd75bd30070@group-897E3AF5232B-FollowerState] INFO  impl.RoleInfo (RoleInfo.java:updateAndGet(148)) - e33e6ec4-6b66-4281-bedd-2bd75bd30070: start e33e6ec4-6b66-4281-bedd-2bd75bd30070@group-897E3AF5232B-LeaderElection28
2025-10-16 19:47:30,620 [e33e6ec4-6b66-4281-bedd-2bd75bd30070@group-897E3AF5232B-LeaderElection28] INFO  impl.LeaderElection (LeaderElection.java:askForVotes(448)) - e33e6ec4-6b66-4281-bedd-2bd75bd30070@group-897E3AF5232B-LeaderElection28 PRE_VOTE round 0: submit vote requests at term 0 for conf: {index: -1, cur=peers:[e33e6ec4-6b66-4281-bedd-2bd75bd30070|127.0.0.1:15103]|listeners:[], old=null}
2025-10-16 19:47:30,621 [e33e6ec4-6b66-4281-bedd-2bd75bd30070@group-897E3AF5232B-LeaderElection28] INFO  impl.LeaderElection (LeaderElection.java:askForVotes(450)) - e33e6ec4-6b66-4281-bedd-2bd75bd30070@group-897E3AF5232B-LeaderElection28 PRE_VOTE round 0: result PASSED (term=0)
2025-10-16 19:47:30,622 [e33e6ec4-6b66-4281-bedd-2bd75bd30070@group-897E3AF5232B-LeaderElection28] INFO  impl.LeaderElection (LeaderElection.java:askForVotes(448)) - e33e6ec4-6b66-4281-bedd-2bd75bd30070@group-897E3AF5232B-LeaderElection28 ELECTION round 0: submit vote requests at term 1 for conf: {index: -1, cur=peers:[e33e6ec4-6b66-4281-bedd-2bd75bd30070|127.0.0.1:15103]|listeners:[], old=null}
2025-10-16 19:47:30,622 [e33e6ec4-6b66-4281-bedd-2bd75bd30070@group-897E3AF5232B-LeaderElection28] INFO  impl.LeaderElection (LeaderElection.java:askForVotes(450)) - e33e6ec4-6b66-4281-bedd-2bd75bd30070@group-897E3AF5232B-LeaderElection28 ELECTION round 0: result PASSED (term=1)
2025-10-16 19:47:30,622 [e33e6ec4-6b66-4281-bedd-2bd75bd30070@group-897E3AF5232B-LeaderElection28] INFO  impl.RoleInfo (RoleInfo.java:shutdownLeaderElection(141)) - e33e6ec4-6b66-4281-bedd-2bd75bd30070: shutdown e33e6ec4-6b66-4281-bedd-2bd75bd30070@group-897E3AF5232B-LeaderElection28
2025-10-16 19:47:30,622 [e33e6ec4-6b66-4281-bedd-2bd75bd30070@group-897E3AF5232B-LeaderElection28] INFO  server.RaftServer$Division (RaftServerImpl.java:setRole(392)) - e33e6ec4-6b66-4281-bedd-2bd75bd30070@group-897E3AF5232B: changes role from CANDIDATE to LEADER at term 1 for changeToLeader
2025-10-16 19:47:30,622 [e33e6ec4-6b66-4281-bedd-2bd75bd30070@group-897E3AF5232B-LeaderElection28] INFO  server.RaftServerConfigKeys (ConfUtils.java:logFallback(69)) - raft.server.staging.timeout = 15600ms (fallback to raft.server.rpc.timeout.max)
2025-10-16 19:47:30,623 [e33e6ec4-6b66-4281-bedd-2bd75bd30070@group-897E3AF5232B-LeaderElection28] INFO  server.RaftServerConfigKeys (ConfUtils.java:logGet(62)) - raft.server.write.byte-limit = 1024 M (=1073741824) (custom)
2025-10-16 19:47:30,623 [e33e6ec4-6b66-4281-bedd-2bd75bd30070@group-897E3AF5232B-LeaderElection28] INFO  impl.RoleInfo (RoleInfo.java:updateAndGet(148)) - e33e6ec4-6b66-4281-bedd-2bd75bd30070: start e33e6ec4-6b66-4281-bedd-2bd75bd30070@group-897E3AF5232B-LeaderStateImpl
2025-10-16 19:47:30,623 [e33e6ec4-6b66-4281-bedd-2bd75bd30070@group-897E3AF5232B-LeaderElection28] INFO  server.RaftServer$Division (RaftServerImpl.java:setFirstElection(576)) - e33e6ec4-6b66-4281-bedd-2bd75bd30070@group-897E3AF5232B: set firstElectionSinceStartup to false for becomeLeader
2025-10-16 19:47:30,623 [e33e6ec4-6b66-4281-bedd-2bd75bd30070@group-897E3AF5232B-LeaderElection28] INFO  ratis.XceiverServerRatis (XceiverServerRatis.java:handleLeaderChangedNotification(940)) - Leader change notification received for group: group-897E3AF5232B with new leaderId: e33e6ec4-6b66-4281-bedd-2bd75bd30070
2025-10-16 19:47:30,624 [e33e6ec4-6b66-4281-bedd-2bd75bd30070@group-897E3AF5232B-LeaderElection28] INFO  server.RaftServer$Division (ServerState.java:setLeader(272)) - e33e6ec4-6b66-4281-bedd-2bd75bd30070@group-897E3AF5232B: change Leader from null to e33e6ec4-6b66-4281-bedd-2bd75bd30070 at term 1 for becomeLeader, leader elected after 1101ms
2025-10-16 19:47:30,624 [e33e6ec4-6b66-4281-bedd-2bd75bd30070@group-897E3AF5232B-LeaderElection28] INFO  segmented.SegmentedRaftLogWorker (SegmentedRaftLogWorker.java:startLogSegment(440)) - e33e6ec4-6b66-4281-bedd-2bd75bd30070@group-897E3AF5232B-SegmentedRaftLogWorker: Starting segment from index:0
2025-10-16 19:47:30,624 [e33e6ec4-6b66-4281-bedd-2bd75bd30070@group-897E3AF5232B-LeaderElection28] INFO  server.RaftServer$Division (ServerState.java:setRaftConf(386)) - e33e6ec4-6b66-4281-bedd-2bd75bd30070@group-897E3AF5232B: set configuration conf: {index: 0, cur=peers:[e33e6ec4-6b66-4281-bedd-2bd75bd30070|127.0.0.1:15103]|listeners:[], old=null}
2025-10-16 19:47:30,625 [e33e6ec4-6b66-4281-bedd-2bd75bd30070@group-897E3AF5232B-SegmentedRaftLogWorker] INFO  segmented.BufferedWriteChannel (BufferedWriteChannel.java:open(61)) - open log_inprogress_0 at position 0
2025-10-16 19:47:30,625 | INFO  | SCMAudit | user=runner | ip=127.0.0.1 | op=SEND_HEARTBEAT {"datanodeUUID":"e33e6ec4-6b66-4281-bedd-2bd75bd30070","term":"2","command":"[]"} | ret=SUCCESS |  
2025-10-16 19:47:30,631 [e33e6ec4-6b66-4281-bedd-2bd75bd30070@group-897E3AF5232B-SegmentedRaftLogWorker] INFO  segmented.SegmentedRaftLogWorker (SegmentedRaftLogWorker.java:execute(647)) - e33e6ec4-6b66-4281-bedd-2bd75bd30070@group-897E3AF5232B-SegmentedRaftLogWorker: created new log segment /home/runner/work/ozone/ozone/hadoop-ozone/integration-test/target/test-dir/MiniOzoneClusterImpl-e7911277-7775-4457-96c8-94071a26a1ce/ozone-metadata/datanode-12/ratis/0f5d8eba-274c-459f-b83c-897e3af5232b/current/log_inprogress_0
2025-10-16 19:47:30,633 [e33e6ec4-6b66-4281-bedd-2bd75bd30070@group-897E3AF5232B-StateMachineUpdater] INFO  server.RaftServer$Division (LeaderStateImpl.java:checkStartIndex(309)) - Leader e33e6ec4-6b66-4281-bedd-2bd75bd30070@group-897E3AF5232B-LeaderStateImpl is ready since appliedIndex == startIndex == 0
2025-10-16 19:47:30,769 | INFO  | SCMAudit | user=runner | ip=127.0.0.1 | op=SEND_HEARTBEAT {"datanodeUUID":"e072d245-7694-4d97-8e20-c503ebf8c2fe","term":"2","command":"[]"} | ret=SUCCESS |  
2025-10-16 19:47:30,857 | INFO  | SCMAudit | user=runner | ip=127.0.0.1 | op=SEND_HEARTBEAT {"datanodeUUID":"8a0fa2ff-b550-4652-b2fe-0cf91cd4a157","term":"2","command":"[]"} | ret=SUCCESS |  
2025-10-16 19:47:30,900 | INFO  | SCMAudit | user=runner | ip=127.0.0.1 | op=SEND_HEARTBEAT {"datanodeUUID":"f700af26-0e26-4136-9205-9509c82c8c70","term":"2","command":"[]"} | ret=SUCCESS |  
2025-10-16 19:47:30,905 | INFO  | SCMAudit | user=runner | ip=127.0.0.1 | op=SEND_HEARTBEAT {"datanodeUUID":"58cff6b7-b2a7-446b-a75a-bb98ad6b11b8","term":"2","command":"[]"} | ret=SUCCESS |  
2025-10-16 19:47:30,936 | INFO  | SCMAudit | user=runner | ip=127.0.0.1 | op=SEND_HEARTBEAT {"datanodeUUID":"c0724e9c-0dd4-4d47-992c-7bfe285fdd38","term":"2","command":"[]"} | ret=SUCCESS |  
2025-10-16 19:47:30,961 | INFO  | SCMAudit | user=runner | ip=127.0.0.1 | op=SEND_HEARTBEAT {"datanodeUUID":"aa213937-adc5-47da-a770-0ee1e4664344","term":"2","command":"[]"} | ret=SUCCESS |  
2025-10-16 19:47:31,110 [c0724e9c-0dd4-4d47-992c-7bfe285fdd38@group-8B59FAAEE0EA-FollowerState] INFO  impl.FollowerState (FollowerState.java:runImpl(161)) - c0724e9c-0dd4-4d47-992c-7bfe285fdd38@group-8B59FAAEE0EA-FollowerState: change to CANDIDATE, lastRpcElapsedTime:1135540827ns, electionTimeout:1133ms
2025-10-16 19:47:31,110 [c0724e9c-0dd4-4d47-992c-7bfe285fdd38@group-8B59FAAEE0EA-FollowerState] INFO  impl.RoleInfo (RoleInfo.java:shutdownFollowerState(121)) - c0724e9c-0dd4-4d47-992c-7bfe285fdd38: shutdown c0724e9c-0dd4-4d47-992c-7bfe285fdd38@group-8B59FAAEE0EA-FollowerState
2025-10-16 19:47:31,110 [c0724e9c-0dd4-4d47-992c-7bfe285fdd38@group-8B59FAAEE0EA-FollowerState] INFO  server.RaftServer$Division (RaftServerImpl.java:setRole(392)) - c0724e9c-0dd4-4d47-992c-7bfe285fdd38@group-8B59FAAEE0EA: changes role from  FOLLOWER to CANDIDATE at term 0 for changeToCandidate
2025-10-16 19:47:31,110 [c0724e9c-0dd4-4d47-992c-7bfe285fdd38@group-8B59FAAEE0EA-FollowerState] INFO  impl.RoleInfo (RoleInfo.java:updateAndGet(148)) - c0724e9c-0dd4-4d47-992c-7bfe285fdd38: start c0724e9c-0dd4-4d47-992c-7bfe285fdd38@group-8B59FAAEE0EA-LeaderElection29
2025-10-16 19:47:31,111 [c0724e9c-0dd4-4d47-992c-7bfe285fdd38@group-8B59FAAEE0EA-LeaderElection29] INFO  impl.LeaderElection (LeaderElection.java:askForVotes(448)) - c0724e9c-0dd4-4d47-992c-7bfe285fdd38@group-8B59FAAEE0EA-LeaderElection29 PRE_VOTE round 0: submit vote requests at term 0 for conf: {index: -1, cur=peers:[c0724e9c-0dd4-4d47-992c-7bfe285fdd38|127.0.0.1:15111]|listeners:[], old=null}
2025-10-16 19:47:31,111 [c0724e9c-0dd4-4d47-992c-7bfe285fdd38@group-8B59FAAEE0EA-LeaderElection29] INFO  impl.LeaderElection (LeaderElection.java:askForVotes(450)) - c0724e9c-0dd4-4d47-992c-7bfe285fdd38@group-8B59FAAEE0EA-LeaderElection29 PRE_VOTE round 0: result PASSED (term=0)
2025-10-16 19:47:31,112 [c0724e9c-0dd4-4d47-992c-7bfe285fdd38@group-8B59FAAEE0EA-LeaderElection29] INFO  impl.LeaderElection (LeaderElection.java:askForVotes(448)) - c0724e9c-0dd4-4d47-992c-7bfe285fdd38@group-8B59FAAEE0EA-LeaderElection29 ELECTION round 0: submit vote requests at term 1 for conf: {index: -1, cur=peers:[c0724e9c-0dd4-4d47-992c-7bfe285fdd38|127.0.0.1:15111]|listeners:[], old=null}
2025-10-16 19:47:31,112 [c0724e9c-0dd4-4d47-992c-7bfe285fdd38@group-8B59FAAEE0EA-LeaderElection29] INFO  impl.LeaderElection (LeaderElection.java:askForVotes(450)) - c0724e9c-0dd4-4d47-992c-7bfe285fdd38@group-8B59FAAEE0EA-LeaderElection29 ELECTION round 0: result PASSED (term=1)
2025-10-16 19:47:31,112 [c0724e9c-0dd4-4d47-992c-7bfe285fdd38@group-8B59FAAEE0EA-LeaderElection29] INFO  impl.RoleInfo (RoleInfo.java:shutdownLeaderElection(141)) - c0724e9c-0dd4-4d47-992c-7bfe285fdd38: shutdown c0724e9c-0dd4-4d47-992c-7bfe285fdd38@group-8B59FAAEE0EA-LeaderElection29
2025-10-16 19:47:31,112 [c0724e9c-0dd4-4d47-992c-7bfe285fdd38@group-8B59FAAEE0EA-LeaderElection29] INFO  server.RaftServer$Division (RaftServerImpl.java:setRole(392)) - c0724e9c-0dd4-4d47-992c-7bfe285fdd38@group-8B59FAAEE0EA: changes role from CANDIDATE to LEADER at term 1 for changeToLeader
2025-10-16 19:47:31,112 [c0724e9c-0dd4-4d47-992c-7bfe285fdd38@group-8B59FAAEE0EA-LeaderElection29] INFO  server.RaftServerConfigKeys (ConfUtils.java:logFallback(69)) - raft.server.staging.timeout = 15600ms (fallback to raft.server.rpc.timeout.max)
2025-10-16 19:47:31,112 [c0724e9c-0dd4-4d47-992c-7bfe285fdd38@group-8B59FAAEE0EA-LeaderElection29] INFO  server.RaftServerConfigKeys (ConfUtils.java:logGet(62)) - raft.server.write.byte-limit = 1024 M (=1073741824) (custom)
2025-10-16 19:47:31,113 [c0724e9c-0dd4-4d47-992c-7bfe285fdd38@group-8B59FAAEE0EA-LeaderElection29] INFO  impl.RoleInfo (RoleInfo.java:updateAndGet(148)) - c0724e9c-0dd4-4d47-992c-7bfe285fdd38: start c0724e9c-0dd4-4d47-992c-7bfe285fdd38@group-8B59FAAEE0EA-LeaderStateImpl
2025-10-16 19:47:31,113 [c0724e9c-0dd4-4d47-992c-7bfe285fdd38@group-8B59FAAEE0EA-LeaderElection29] INFO  server.RaftServer$Division (RaftServerImpl.java:setFirstElection(576)) - c0724e9c-0dd4-4d47-992c-7bfe285fdd38@group-8B59FAAEE0EA: set firstElectionSinceStartup to false for becomeLeader
2025-10-16 19:47:31,113 [c0724e9c-0dd4-4d47-992c-7bfe285fdd38@group-8B59FAAEE0EA-LeaderElection29] INFO  ratis.XceiverServerRatis (XceiverServerRatis.java:handleLeaderChangedNotification(940)) - Leader change notification received for group: group-8B59FAAEE0EA with new leaderId: c0724e9c-0dd4-4d47-992c-7bfe285fdd38
2025-10-16 19:47:31,114 [c0724e9c-0dd4-4d47-992c-7bfe285fdd38@group-8B59FAAEE0EA-LeaderElection29] INFO  server.RaftServer$Division (ServerState.java:setLeader(272)) - c0724e9c-0dd4-4d47-992c-7bfe285fdd38@group-8B59FAAEE0EA: change Leader from null to c0724e9c-0dd4-4d47-992c-7bfe285fdd38 at term 1 for becomeLeader, leader elected after 1214ms
2025-10-16 19:47:31,114 [c0724e9c-0dd4-4d47-992c-7bfe285fdd38@group-8B59FAAEE0EA-LeaderElection29] INFO  segmented.SegmentedRaftLogWorker (SegmentedRaftLogWorker.java:startLogSegment(440)) - c0724e9c-0dd4-4d47-992c-7bfe285fdd38@group-8B59FAAEE0EA-SegmentedRaftLogWorker: Starting segment from index:0
2025-10-16 19:47:31,114 [c0724e9c-0dd4-4d47-992c-7bfe285fdd38@group-8B59FAAEE0EA-LeaderElection29] INFO  server.RaftServer$Division (ServerState.java:setRaftConf(386)) - c0724e9c-0dd4-4d47-992c-7bfe285fdd38@group-8B59FAAEE0EA: set configuration conf: {index: 0, cur=peers:[c0724e9c-0dd4-4d47-992c-7bfe285fdd38|127.0.0.1:15111]|listeners:[], old=null}
2025-10-16 19:47:31,114 [c0724e9c-0dd4-4d47-992c-7bfe285fdd38@group-8B59FAAEE0EA-SegmentedRaftLogWorker] INFO  segmented.BufferedWriteChannel (BufferedWriteChannel.java:open(61)) - open log_inprogress_0 at position 0
2025-10-16 19:47:31,116 | INFO  | SCMAudit | user=runner | ip=127.0.0.1 | op=SEND_HEARTBEAT {"datanodeUUID":"c0724e9c-0dd4-4d47-992c-7bfe285fdd38","term":"2","command":"[]"} | ret=SUCCESS |  
2025-10-16 19:47:31,116 | INFO  | SCMAudit | user=runner | ip=127.0.0.1 | op=SEND_HEARTBEAT {"datanodeUUID":"0e8b6cc7-9945-4141-97fc-6aa017a0d5fa","term":"2","command":"[]"} | ret=SUCCESS |  
2025-10-16 19:47:31,121 [c0724e9c-0dd4-4d47-992c-7bfe285fdd38@group-8B59FAAEE0EA-SegmentedRaftLogWorker] INFO  segmented.SegmentedRaftLogWorker (SegmentedRaftLogWorker.java:execute(647)) - c0724e9c-0dd4-4d47-992c-7bfe285fdd38@group-8B59FAAEE0EA-SegmentedRaftLogWorker: created new log segment /home/runner/work/ozone/ozone/hadoop-ozone/integration-test/target/test-dir/MiniOzoneClusterImpl-e7911277-7775-4457-96c8-94071a26a1ce/ozone-metadata/datanode-13/ratis/fb44cfc1-9805-428f-96aa-8b59faaee0ea/current/log_inprogress_0
2025-10-16 19:47:31,123 [c0724e9c-0dd4-4d47-992c-7bfe285fdd38@group-8B59FAAEE0EA-StateMachineUpdater] INFO  server.RaftServer$Division (LeaderStateImpl.java:checkStartIndex(309)) - Leader c0724e9c-0dd4-4d47-992c-7bfe285fdd38@group-8B59FAAEE0EA-LeaderStateImpl is ready since appliedIndex == startIndex == 0
2025-10-16 19:47:31,150 | INFO  | SCMAudit | user=runner | ip=127.0.0.1 | op=SEND_HEARTBEAT {"datanodeUUID":"0428ab3f-efd5-438e-ae11-9ec242443260","term":"2","command":"[]"} | ret=SUCCESS |  
2025-10-16 19:47:31,178 | INFO  | SCMAudit | user=runner | ip=127.0.0.1 | op=SEND_HEARTBEAT {"datanodeUUID":"8a3c3252-9afe-4d3a-8492-25be6557678a","term":"2","command":"[]"} | ret=SUCCESS |  
2025-10-16 19:47:31,207 | INFO  | SCMAudit | user=runner | ip=127.0.0.1 | op=SEND_HEARTBEAT {"datanodeUUID":"76d4ba71-5bbb-4b24-8f51-8bc7f78aaca4","term":"2","command":"[]"} | ret=SUCCESS |  
2025-10-16 19:47:31,222 | INFO  | SCMAudit | user=runner | ip=127.0.0.1 | op=SEND_HEARTBEAT {"datanodeUUID":"764b18f0-81c5-439a-9fff-25adc4f241fa","term":"2","command":"[]"} | ret=SUCCESS |  
2025-10-16 19:47:31,252 | INFO  | SCMAudit | user=runner | ip=127.0.0.1 | op=SEND_HEARTBEAT {"datanodeUUID":"757ca056-973f-4f05-ab2d-6aff6c54d452","term":"2","command":"[]"} | ret=SUCCESS |  
2025-10-16 19:47:31,386 [757ca056-973f-4f05-ab2d-6aff6c54d452@group-769C8B9E0F07-FollowerState] INFO  impl.FollowerState (FollowerState.java:runImpl(161)) - 757ca056-973f-4f05-ab2d-6aff6c54d452@group-769C8B9E0F07-FollowerState: change to CANDIDATE, lastRpcElapsedTime:1110060582ns, electionTimeout:1108ms
2025-10-16 19:47:31,387 [757ca056-973f-4f05-ab2d-6aff6c54d452@group-769C8B9E0F07-FollowerState] INFO  impl.RoleInfo (RoleInfo.java:shutdownFollowerState(121)) - 757ca056-973f-4f05-ab2d-6aff6c54d452: shutdown 757ca056-973f-4f05-ab2d-6aff6c54d452@group-769C8B9E0F07-FollowerState
2025-10-16 19:47:31,387 [757ca056-973f-4f05-ab2d-6aff6c54d452@group-769C8B9E0F07-FollowerState] INFO  server.RaftServer$Division (RaftServerImpl.java:setRole(392)) - 757ca056-973f-4f05-ab2d-6aff6c54d452@group-769C8B9E0F07: changes role from  FOLLOWER to CANDIDATE at term 0 for changeToCandidate
2025-10-16 19:47:31,387 [757ca056-973f-4f05-ab2d-6aff6c54d452@group-769C8B9E0F07-FollowerState] INFO  impl.RoleInfo (RoleInfo.java:updateAndGet(148)) - 757ca056-973f-4f05-ab2d-6aff6c54d452: start 757ca056-973f-4f05-ab2d-6aff6c54d452@group-769C8B9E0F07-LeaderElection30
2025-10-16 19:47:31,387 [757ca056-973f-4f05-ab2d-6aff6c54d452@group-769C8B9E0F07-LeaderElection30] INFO  impl.LeaderElection (LeaderElection.java:askForVotes(448)) - 757ca056-973f-4f05-ab2d-6aff6c54d452@group-769C8B9E0F07-LeaderElection30 PRE_VOTE round 0: submit vote requests at term 0 for conf: {index: -1, cur=peers:[757ca056-973f-4f05-ab2d-6aff6c54d452|127.0.0.1:15119]|listeners:[], old=null}
2025-10-16 19:47:31,387 [757ca056-973f-4f05-ab2d-6aff6c54d452@group-769C8B9E0F07-LeaderElection30] INFO  impl.LeaderElection (LeaderElection.java:askForVotes(450)) - 757ca056-973f-4f05-ab2d-6aff6c54d452@group-769C8B9E0F07-LeaderElection30 PRE_VOTE round 0: result PASSED (term=0)
2025-10-16 19:47:31,389 [757ca056-973f-4f05-ab2d-6aff6c54d452@group-769C8B9E0F07-LeaderElection30] INFO  impl.LeaderElection (LeaderElection.java:askForVotes(448)) - 757ca056-973f-4f05-ab2d-6aff6c54d452@group-769C8B9E0F07-LeaderElection30 ELECTION round 0: submit vote requests at term 1 for conf: {index: -1, cur=peers:[757ca056-973f-4f05-ab2d-6aff6c54d452|127.0.0.1:15119]|listeners:[], old=null}
2025-10-16 19:47:31,389 [757ca056-973f-4f05-ab2d-6aff6c54d452@group-769C8B9E0F07-LeaderElection30] INFO  impl.LeaderElection (LeaderElection.java:askForVotes(450)) - 757ca056-973f-4f05-ab2d-6aff6c54d452@group-769C8B9E0F07-LeaderElection30 ELECTION round 0: result PASSED (term=1)
2025-10-16 19:47:31,389 [757ca056-973f-4f05-ab2d-6aff6c54d452@group-769C8B9E0F07-LeaderElection30] INFO  impl.RoleInfo (RoleInfo.java:shutdownLeaderElection(141)) - 757ca056-973f-4f05-ab2d-6aff6c54d452: shutdown 757ca056-973f-4f05-ab2d-6aff6c54d452@group-769C8B9E0F07-LeaderElection30
2025-10-16 19:47:31,389 [757ca056-973f-4f05-ab2d-6aff6c54d452@group-769C8B9E0F07-LeaderElection30] INFO  server.RaftServer$Division (RaftServerImpl.java:setRole(392)) - 757ca056-973f-4f05-ab2d-6aff6c54d452@group-769C8B9E0F07: changes role from CANDIDATE to LEADER at term 1 for changeToLeader
2025-10-16 19:47:31,389 [757ca056-973f-4f05-ab2d-6aff6c54d452@group-769C8B9E0F07-LeaderElection30] INFO  server.RaftServerConfigKeys (ConfUtils.java:logFallback(69)) - raft.server.staging.timeout = 15600ms (fallback to raft.server.rpc.timeout.max)
2025-10-16 19:47:31,389 [757ca056-973f-4f05-ab2d-6aff6c54d452@group-769C8B9E0F07-LeaderElection30] INFO  server.RaftServerConfigKeys (ConfUtils.java:logGet(62)) - raft.server.write.byte-limit = 1024 M (=1073741824) (custom)
2025-10-16 19:47:31,390 [757ca056-973f-4f05-ab2d-6aff6c54d452@group-769C8B9E0F07-LeaderElection30] INFO  impl.RoleInfo (RoleInfo.java:updateAndGet(148)) - 757ca056-973f-4f05-ab2d-6aff6c54d452: start 757ca056-973f-4f05-ab2d-6aff6c54d452@group-769C8B9E0F07-LeaderStateImpl
2025-10-16 19:47:31,390 [757ca056-973f-4f05-ab2d-6aff6c54d452@group-769C8B9E0F07-LeaderElection30] INFO  server.RaftServer$Division (RaftServerImpl.java:setFirstElection(576)) - 757ca056-973f-4f05-ab2d-6aff6c54d452@group-769C8B9E0F07: set firstElectionSinceStartup to false for becomeLeader
2025-10-16 19:47:31,391 [757ca056-973f-4f05-ab2d-6aff6c54d452@group-769C8B9E0F07-LeaderElection30] INFO  ratis.XceiverServerRatis (XceiverServerRatis.java:handleLeaderChangedNotification(940)) - Leader change notification received for group: group-769C8B9E0F07 with new leaderId: 757ca056-973f-4f05-ab2d-6aff6c54d452
2025-10-16 19:47:31,391 [757ca056-973f-4f05-ab2d-6aff6c54d452@group-769C8B9E0F07-LeaderElection30] INFO  server.RaftServer$Division (ServerState.java:setLeader(272)) - 757ca056-973f-4f05-ab2d-6aff6c54d452@group-769C8B9E0F07: change Leader from null to 757ca056-973f-4f05-ab2d-6aff6c54d452 at term 1 for becomeLeader, leader elected after 1161ms
2025-10-16 19:47:31,391 [757ca056-973f-4f05-ab2d-6aff6c54d452@group-769C8B9E0F07-LeaderElection30] INFO  segmented.SegmentedRaftLogWorker (SegmentedRaftLogWorker.java:startLogSegment(440)) - 757ca056-973f-4f05-ab2d-6aff6c54d452@group-769C8B9E0F07-SegmentedRaftLogWorker: Starting segment from index:0
2025-10-16 19:47:31,391 [757ca056-973f-4f05-ab2d-6aff6c54d452@group-769C8B9E0F07-LeaderElection30] INFO  server.RaftServer$Division (ServerState.java:setRaftConf(386)) - 757ca056-973f-4f05-ab2d-6aff6c54d452@group-769C8B9E0F07: set configuration conf: {index: 0, cur=peers:[757ca056-973f-4f05-ab2d-6aff6c54d452|127.0.0.1:15119]|listeners:[], old=null}
2025-10-16 19:47:31,392 [757ca056-973f-4f05-ab2d-6aff6c54d452@group-769C8B9E0F07-SegmentedRaftLogWorker] INFO  segmented.BufferedWriteChannel (BufferedWriteChannel.java:open(61)) - open log_inprogress_0 at position 0
2025-10-16 19:47:31,393 | INFO  | SCMAudit | user=runner | ip=127.0.0.1 | op=SEND_HEARTBEAT {"datanodeUUID":"757ca056-973f-4f05-ab2d-6aff6c54d452","term":"2","command":"[]"} | ret=SUCCESS |  
2025-10-16 19:47:31,398 [757ca056-973f-4f05-ab2d-6aff6c54d452@group-769C8B9E0F07-SegmentedRaftLogWorker] INFO  segmented.SegmentedRaftLogWorker (SegmentedRaftLogWorker.java:execute(647)) - 757ca056-973f-4f05-ab2d-6aff6c54d452@group-769C8B9E0F07-SegmentedRaftLogWorker: created new log segment /home/runner/work/ozone/ozone/hadoop-ozone/integration-test/target/test-dir/MiniOzoneClusterImpl-e7911277-7775-4457-96c8-94071a26a1ce/ozone-metadata/datanode-14/ratis/1219bb94-8d23-47e4-a759-769c8b9e0f07/current/log_inprogress_0
2025-10-16 19:47:31,400 [757ca056-973f-4f05-ab2d-6aff6c54d452@group-769C8B9E0F07-StateMachineUpdater] INFO  server.RaftServer$Division (LeaderStateImpl.java:checkStartIndex(309)) - Leader 757ca056-973f-4f05-ab2d-6aff6c54d452@group-769C8B9E0F07-LeaderStateImpl is ready since appliedIndex == startIndex == 0
2025-10-16 19:47:31,478 | INFO  | SCMAudit | user=runner | ip=127.0.0.1 | op=SEND_HEARTBEAT {"datanodeUUID":"702cb173-5c73-4ecc-b5cd-c7b4a6b66aea","term":"2","command":"[]"} | ret=SUCCESS |  
2025-10-16 19:47:31,626 | INFO  | SCMAudit | user=runner | ip=127.0.0.1 | op=SEND_HEARTBEAT {"datanodeUUID":"e33e6ec4-6b66-4281-bedd-2bd75bd30070","term":"2","command":"[]"} | ret=SUCCESS |  
2025-10-16 19:47:31,769 | INFO  | SCMAudit | user=runner | ip=127.0.0.1 | op=SEND_HEARTBEAT {"datanodeUUID":"e072d245-7694-4d97-8e20-c503ebf8c2fe","term":"2","command":"[]"} | ret=SUCCESS |  
2025-10-16 19:47:31,858 | INFO  | SCMAudit | user=runner | ip=127.0.0.1 | op=SEND_HEARTBEAT {"datanodeUUID":"8a0fa2ff-b550-4652-b2fe-0cf91cd4a157","term":"2","command":"[]"} | ret=SUCCESS |  
2025-10-16 19:47:31,900 | INFO  | SCMAudit | user=runner | ip=127.0.0.1 | op=SEND_HEARTBEAT {"datanodeUUID":"f700af26-0e26-4136-9205-9509c82c8c70","term":"2","command":"[]"} | ret=SUCCESS |  
2025-10-16 19:47:31,906 | INFO  | SCMAudit | user=runner | ip=127.0.0.1 | op=SEND_HEARTBEAT {"datanodeUUID":"58cff6b7-b2a7-446b-a75a-bb98ad6b11b8","term":"2","command":"[]"} | ret=SUCCESS |  
2025-10-16 19:47:31,962 | INFO  | SCMAudit | user=runner | ip=127.0.0.1 | op=SEND_HEARTBEAT {"datanodeUUID":"aa213937-adc5-47da-a770-0ee1e4664344","term":"2","command":"[]"} | ret=SUCCESS |  
2025-10-16 19:47:32,115 | INFO  | SCMAudit | user=runner | ip=127.0.0.1 | op=SEND_HEARTBEAT {"datanodeUUID":"c0724e9c-0dd4-4d47-992c-7bfe285fdd38","term":"2","command":"[]"} | ret=SUCCESS |  
2025-10-16 19:47:32,115 | INFO  | SCMAudit | user=runner | ip=127.0.0.1 | op=SEND_HEARTBEAT {"datanodeUUID":"0e8b6cc7-9945-4141-97fc-6aa017a0d5fa","term":"2","command":"[]"} | ret=SUCCESS |  
2025-10-16 19:47:32,153 | INFO  | SCMAudit | user=runner | ip=127.0.0.1 | op=SEND_HEARTBEAT {"datanodeUUID":"0428ab3f-efd5-438e-ae11-9ec242443260","term":"2","command":"[]"} | ret=SUCCESS |  
2025-10-16 19:47:32,177 | INFO  | SCMAudit | user=runner | ip=127.0.0.1 | op=SEND_HEARTBEAT {"datanodeUUID":"8a3c3252-9afe-4d3a-8492-25be6557678a","term":"2","command":"[]"} | ret=SUCCESS |  
2025-10-16 19:47:32,206 | INFO  | SCMAudit | user=runner | ip=127.0.0.1 | op=SEND_HEARTBEAT {"datanodeUUID":"76d4ba71-5bbb-4b24-8f51-8bc7f78aaca4","term":"2","command":"[]"} | ret=SUCCESS |  
2025-10-16 19:47:32,222 | INFO  | SCMAudit | user=runner | ip=127.0.0.1 | op=SEND_HEARTBEAT {"datanodeUUID":"764b18f0-81c5-439a-9fff-25adc4f241fa","term":"2","command":"[]"} | ret=SUCCESS |  
2025-10-16 19:47:32,392 | INFO  | SCMAudit | user=runner | ip=127.0.0.1 | op=SEND_HEARTBEAT {"datanodeUUID":"757ca056-973f-4f05-ab2d-6aff6c54d452","term":"2","command":"[]"} | ret=SUCCESS |  
2025-10-16 19:47:32,478 | INFO  | SCMAudit | user=runner | ip=127.0.0.1 | op=SEND_HEARTBEAT {"datanodeUUID":"702cb173-5c73-4ecc-b5cd-c7b4a6b66aea","term":"2","command":"[]"} | ret=SUCCESS |  
2025-10-16 19:47:32,625 | INFO  | SCMAudit | user=runner | ip=127.0.0.1 | op=SEND_HEARTBEAT {"datanodeUUID":"e33e6ec4-6b66-4281-bedd-2bd75bd30070","term":"2","command":"[]"} | ret=SUCCESS |  
2025-10-16 19:47:32,770 | INFO  | SCMAudit | user=runner | ip=127.0.0.1 | op=SEND_HEARTBEAT {"datanodeUUID":"e072d245-7694-4d97-8e20-c503ebf8c2fe","term":"2","command":"[]"} | ret=SUCCESS |  
2025-10-16 19:47:32,857 | INFO  | SCMAudit | user=runner | ip=127.0.0.1 | op=SEND_HEARTBEAT {"datanodeUUID":"8a0fa2ff-b550-4652-b2fe-0cf91cd4a157","term":"2","command":"[]"} | ret=SUCCESS |  
2025-10-16 19:47:32,900 | INFO  | SCMAudit | user=runner | ip=127.0.0.1 | op=SEND_HEARTBEAT {"datanodeUUID":"f700af26-0e26-4136-9205-9509c82c8c70","term":"2","command":"[]"} | ret=SUCCESS |  
2025-10-16 19:47:32,907 | INFO  | SCMAudit | user=runner | ip=127.0.0.1 | op=SEND_HEARTBEAT {"datanodeUUID":"58cff6b7-b2a7-446b-a75a-bb98ad6b11b8","term":"2","command":"[]"} | ret=SUCCESS |  
2025-10-16 19:47:32,961 | INFO  | SCMAudit | user=runner | ip=127.0.0.1 | op=SEND_HEARTBEAT {"datanodeUUID":"aa213937-adc5-47da-a770-0ee1e4664344","term":"2","command":"[]"} | ret=SUCCESS |  
2025-10-16 19:47:33,115 | INFO  | SCMAudit | user=runner | ip=127.0.0.1 | op=SEND_HEARTBEAT {"datanodeUUID":"0e8b6cc7-9945-4141-97fc-6aa017a0d5fa","term":"2","command":"[]"} | ret=SUCCESS |  
2025-10-16 19:47:33,116 | INFO  | SCMAudit | user=runner | ip=127.0.0.1 | op=SEND_HEARTBEAT {"datanodeUUID":"c0724e9c-0dd4-4d47-992c-7bfe285fdd38","term":"2","command":"[]"} | ret=SUCCESS |  
2025-10-16 19:47:33,152 | INFO  | SCMAudit | user=runner | ip=127.0.0.1 | op=SEND_HEARTBEAT {"datanodeUUID":"0428ab3f-efd5-438e-ae11-9ec242443260","term":"2","command":"[]"} | ret=SUCCESS |  
2025-10-16 19:47:33,177 | INFO  | SCMAudit | user=runner | ip=127.0.0.1 | op=SEND_HEARTBEAT {"datanodeUUID":"8a3c3252-9afe-4d3a-8492-25be6557678a","term":"2","command":"[]"} | ret=SUCCESS |  
2025-10-16 19:47:33,207 | INFO  | SCMAudit | user=runner | ip=127.0.0.1 | op=SEND_HEARTBEAT {"datanodeUUID":"76d4ba71-5bbb-4b24-8f51-8bc7f78aaca4","term":"2","command":"[]"} | ret=SUCCESS |  
2025-10-16 19:47:33,222 | INFO  | SCMAudit | user=runner | ip=127.0.0.1 | op=SEND_HEARTBEAT {"datanodeUUID":"764b18f0-81c5-439a-9fff-25adc4f241fa","term":"2","command":"[]"} | ret=SUCCESS |  
2025-10-16 19:47:33,393 | INFO  | SCMAudit | user=runner | ip=127.0.0.1 | op=SEND_HEARTBEAT {"datanodeUUID":"757ca056-973f-4f05-ab2d-6aff6c54d452","term":"2","command":"[]"} | ret=SUCCESS |  
2025-10-16 19:47:33,478 | INFO  | SCMAudit | user=runner | ip=127.0.0.1 | op=SEND_HEARTBEAT {"datanodeUUID":"702cb173-5c73-4ecc-b5cd-c7b4a6b66aea","term":"2","command":"[]"} | ret=SUCCESS |  
2025-10-16 19:47:33,625 | INFO  | SCMAudit | user=runner | ip=127.0.0.1 | op=SEND_HEARTBEAT {"datanodeUUID":"e33e6ec4-6b66-4281-bedd-2bd75bd30070","term":"2","command":"[]"} | ret=SUCCESS |  
2025-10-16 19:47:33,770 | INFO  | SCMAudit | user=runner | ip=127.0.0.1 | op=SEND_HEARTBEAT {"datanodeUUID":"e072d245-7694-4d97-8e20-c503ebf8c2fe","term":"2","command":"[]"} | ret=SUCCESS |  
2025-10-16 19:47:33,857 | INFO  | SCMAudit | user=runner | ip=127.0.0.1 | op=SEND_HEARTBEAT {"datanodeUUID":"8a0fa2ff-b550-4652-b2fe-0cf91cd4a157","term":"2","command":"[]"} | ret=SUCCESS |  
2025-10-16 19:47:33,901 | INFO  | SCMAudit | user=runner | ip=127.0.0.1 | op=SEND_HEARTBEAT {"datanodeUUID":"f700af26-0e26-4136-9205-9509c82c8c70","term":"2","command":"[]"} | ret=SUCCESS |  
2025-10-16 19:47:33,907 | INFO  | SCMAudit | user=runner | ip=127.0.0.1 | op=SEND_HEARTBEAT {"datanodeUUID":"58cff6b7-b2a7-446b-a75a-bb98ad6b11b8","term":"2","command":"[]"} | ret=SUCCESS |  
2025-10-16 19:47:33,961 | INFO  | SCMAudit | user=runner | ip=127.0.0.1 | op=SEND_HEARTBEAT {"datanodeUUID":"aa213937-adc5-47da-a770-0ee1e4664344","term":"2","command":"[]"} | ret=SUCCESS |  
2025-10-16 19:47:34,115 | INFO  | SCMAudit | user=runner | ip=127.0.0.1 | op=SEND_HEARTBEAT {"datanodeUUID":"0e8b6cc7-9945-4141-97fc-6aa017a0d5fa","term":"2","command":"[]"} | ret=SUCCESS |  
2025-10-16 19:47:34,115 | INFO  | SCMAudit | user=runner | ip=127.0.0.1 | op=SEND_HEARTBEAT {"datanodeUUID":"c0724e9c-0dd4-4d47-992c-7bfe285fdd38","term":"2","command":"[]"} | ret=SUCCESS |  
2025-10-16 19:47:34,152 | INFO  | SCMAudit | user=runner | ip=127.0.0.1 | op=SEND_HEARTBEAT {"datanodeUUID":"0428ab3f-efd5-438e-ae11-9ec242443260","term":"2","command":"[]"} | ret=SUCCESS |  
2025-10-16 19:47:34,177 | INFO  | SCMAudit | user=runner | ip=127.0.0.1 | op=SEND_HEARTBEAT {"datanodeUUID":"8a3c3252-9afe-4d3a-8492-25be6557678a","term":"2","command":"[]"} | ret=SUCCESS |  
2025-10-16 19:47:34,208 | INFO  | SCMAudit | user=runner | ip=127.0.0.1 | op=SEND_HEARTBEAT {"datanodeUUID":"76d4ba71-5bbb-4b24-8f51-8bc7f78aaca4","term":"2","command":"[]"} | ret=SUCCESS |  
2025-10-16 19:47:34,222 | INFO  | SCMAudit | user=runner | ip=127.0.0.1 | op=SEND_HEARTBEAT {"datanodeUUID":"764b18f0-81c5-439a-9fff-25adc4f241fa","term":"2","command":"[]"} | ret=SUCCESS |  
2025-10-16 19:47:34,392 | INFO  | SCMAudit | user=runner | ip=127.0.0.1 | op=SEND_HEARTBEAT {"datanodeUUID":"757ca056-973f-4f05-ab2d-6aff6c54d452","term":"2","command":"[]"} | ret=SUCCESS |  
2025-10-16 19:47:34,478 | INFO  | SCMAudit | user=runner | ip=127.0.0.1 | op=SEND_HEARTBEAT {"datanodeUUID":"702cb173-5c73-4ecc-b5cd-c7b4a6b66aea","term":"2","command":"[]"} | ret=SUCCESS |  
2025-10-16 19:47:34,625 | INFO  | SCMAudit | user=runner | ip=127.0.0.1 | op=SEND_HEARTBEAT {"datanodeUUID":"e33e6ec4-6b66-4281-bedd-2bd75bd30070","term":"2","command":"[]"} | ret=SUCCESS |  
2025-10-16 19:47:34,770 | INFO  | SCMAudit | user=runner | ip=127.0.0.1 | op=SEND_HEARTBEAT {"datanodeUUID":"e072d245-7694-4d97-8e20-c503ebf8c2fe","term":"2","command":"[]"} | ret=SUCCESS |  
2025-10-16 19:47:34,857 | INFO  | SCMAudit | user=runner | ip=127.0.0.1 | op=SEND_HEARTBEAT {"datanodeUUID":"8a0fa2ff-b550-4652-b2fe-0cf91cd4a157","term":"2","command":"[]"} | ret=SUCCESS |  
2025-10-16 19:47:34,900 | INFO  | SCMAudit | user=runner | ip=127.0.0.1 | op=SEND_HEARTBEAT {"datanodeUUID":"f700af26-0e26-4136-9205-9509c82c8c70","term":"2","command":"[]"} | ret=SUCCESS |  
2025-10-16 19:47:34,907 | INFO  | SCMAudit | user=runner | ip=127.0.0.1 | op=SEND_HEARTBEAT {"datanodeUUID":"58cff6b7-b2a7-446b-a75a-bb98ad6b11b8","term":"2","command":"[]"} | ret=SUCCESS |  
2025-10-16 19:47:34,961 | INFO  | SCMAudit | user=runner | ip=127.0.0.1 | op=SEND_HEARTBEAT {"datanodeUUID":"aa213937-adc5-47da-a770-0ee1e4664344","term":"2","command":"[]"} | ret=SUCCESS |  
2025-10-16 19:47:34,977 [timer7] ERROR impl.OrderedAsync (OrderedAsync.java:lambda$null$6(215)) -  client-C7494E2D969F: Failed* RaftClientRequest:client-C7494E2D969F->702cb173-5c73-4ecc-b5cd-c7b4a6b66aea@group-2AB8351BC093, cid=33, seq=1*, Watch(0), null
java.util.concurrent.CompletionException: org.apache.ratis.protocol.exceptions.AlreadyClosedException: client-C7494E2D969F->702cb173-5c73-4ecc-b5cd-c7b4a6b66aea is closed.
	at java.base/java.util.concurrent.CompletableFuture.encodeThrowable(CompletableFuture.java:332)
	at java.base/java.util.concurrent.CompletableFuture.uniAcceptNow(CompletableFuture.java:747)
	at java.base/java.util.concurrent.CompletableFuture.uniAcceptStage(CompletableFuture.java:735)
	at java.base/java.util.concurrent.CompletableFuture.thenAccept(CompletableFuture.java:2214)
	at org.apache.ratis.client.impl.OrderedAsync.sendRequestWithRetry(OrderedAsync.java:206)
	at org.apache.ratis.util.SlidingWindow$Client.sendOrDelayRequest(SlidingWindow.java:315)
	at org.apache.ratis.util.SlidingWindow$Client.retry(SlidingWindow.java:331)
	at org.apache.ratis.client.impl.OrderedAsync.lambda$handleException$8(OrderedAsync.java:253)
	at org.apache.ratis.util.TimeoutTimer.lambda$onTimeout$2(TimeoutTimer.java:101)
	at org.apache.ratis.util.LogUtils.runAndLog(LogUtils.java:38)
	at org.apache.ratis.util.LogUtils$1.run(LogUtils.java:78)
	at org.apache.ratis.util.TimeoutTimer$Task.run(TimeoutTimer.java:55)
	at java.base/java.util.TimerThread.mainLoop(Timer.java:566)
	at java.base/java.util.TimerThread.run(Timer.java:516)
Caused by: org.apache.ratis.protocol.exceptions.AlreadyClosedException: client-C7494E2D969F->702cb173-5c73-4ecc-b5cd-c7b4a6b66aea is closed.
	at org.apache.ratis.grpc.client.GrpcClientProtocolClient$AsyncStreamObservers.onNext(GrpcClientProtocolClient.java:352)
	at org.apache.ratis.grpc.client.GrpcClientRpc.sendRequestAsync(GrpcClientRpc.java:71)
	... 10 more
2025-10-16 19:47:35,115 | INFO  | SCMAudit | user=runner | ip=127.0.0.1 | op=SEND_HEARTBEAT {"datanodeUUID":"c0724e9c-0dd4-4d47-992c-7bfe285fdd38","term":"2","command":"[]"} | ret=SUCCESS |  
2025-10-16 19:47:35,115 | INFO  | SCMAudit | user=runner | ip=127.0.0.1 | op=SEND_HEARTBEAT {"datanodeUUID":"0e8b6cc7-9945-4141-97fc-6aa017a0d5fa","term":"2","command":"[]"} | ret=SUCCESS |  
2025-10-16 19:47:35,152 | INFO  | SCMAudit | user=runner | ip=127.0.0.1 | op=SEND_HEARTBEAT {"datanodeUUID":"0428ab3f-efd5-438e-ae11-9ec242443260","term":"2","command":"[]"} | ret=SUCCESS |  
2025-10-16 19:47:35,177 | INFO  | SCMAudit | user=runner | ip=127.0.0.1 | op=SEND_HEARTBEAT {"datanodeUUID":"8a3c3252-9afe-4d3a-8492-25be6557678a","term":"2","command":"[]"} | ret=SUCCESS |  
2025-10-16 19:47:35,209 | INFO  | SCMAudit | user=runner | ip=127.0.0.1 | op=SEND_HEARTBEAT {"datanodeUUID":"76d4ba71-5bbb-4b24-8f51-8bc7f78aaca4","term":"2","command":"[]"} | ret=SUCCESS |  
2025-10-16 19:47:35,222 | INFO  | SCMAudit | user=runner | ip=127.0.0.1 | op=SEND_HEARTBEAT {"datanodeUUID":"764b18f0-81c5-439a-9fff-25adc4f241fa","term":"2","command":"[]"} | ret=SUCCESS |  
2025-10-16 19:47:35,392 | INFO  | SCMAudit | user=runner | ip=127.0.0.1 | op=SEND_HEARTBEAT {"datanodeUUID":"757ca056-973f-4f05-ab2d-6aff6c54d452","term":"2","command":"[]"} | ret=SUCCESS |  
2025-10-16 19:47:35,478 | INFO  | SCMAudit | user=runner | ip=127.0.0.1 | op=SEND_HEARTBEAT {"datanodeUUID":"702cb173-5c73-4ecc-b5cd-c7b4a6b66aea","term":"2","command":"[]"} | ret=SUCCESS |  
2025-10-16 19:47:35,625 | INFO  | SCMAudit | user=runner | ip=127.0.0.1 | op=SEND_HEARTBEAT {"datanodeUUID":"e33e6ec4-6b66-4281-bedd-2bd75bd30070","term":"2","command":"[]"} | ret=SUCCESS |  
2025-10-16 19:47:35,770 | INFO  | SCMAudit | user=runner | ip=127.0.0.1 | op=SEND_HEARTBEAT {"datanodeUUID":"e072d245-7694-4d97-8e20-c503ebf8c2fe","term":"2","command":"[]"} | ret=SUCCESS |  
2025-10-16 19:47:35,857 | INFO  | SCMAudit | user=runner | ip=127.0.0.1 | op=SEND_HEARTBEAT {"datanodeUUID":"8a0fa2ff-b550-4652-b2fe-0cf91cd4a157","term":"2","command":"[]"} | ret=SUCCESS |  
2025-10-16 19:47:35,900 | INFO  | SCMAudit | user=runner | ip=127.0.0.1 | op=SEND_HEARTBEAT {"datanodeUUID":"f700af26-0e26-4136-9205-9509c82c8c70","term":"2","command":"[]"} | ret=SUCCESS |  
2025-10-16 19:47:35,906 | INFO  | SCMAudit | user=runner | ip=127.0.0.1 | op=SEND_HEARTBEAT {"datanodeUUID":"58cff6b7-b2a7-446b-a75a-bb98ad6b11b8","term":"2","command":"[]"} | ret=SUCCESS |  
2025-10-16 19:47:35,961 | INFO  | SCMAudit | user=runner | ip=127.0.0.1 | op=SEND_HEARTBEAT {"datanodeUUID":"aa213937-adc5-47da-a770-0ee1e4664344","term":"2","command":"[]"} | ret=SUCCESS |  
2025-10-16 19:47:36,115 | INFO  | SCMAudit | user=runner | ip=127.0.0.1 | op=SEND_HEARTBEAT {"datanodeUUID":"0e8b6cc7-9945-4141-97fc-6aa017a0d5fa","term":"2","command":"[]"} | ret=SUCCESS |  
2025-10-16 19:47:36,115 | INFO  | SCMAudit | user=runner | ip=127.0.0.1 | op=SEND_HEARTBEAT {"datanodeUUID":"c0724e9c-0dd4-4d47-992c-7bfe285fdd38","term":"2","command":"[]"} | ret=SUCCESS |  
2025-10-16 19:47:36,152 | INFO  | SCMAudit | user=runner | ip=127.0.0.1 | op=SEND_HEARTBEAT {"datanodeUUID":"0428ab3f-efd5-438e-ae11-9ec242443260","term":"2","command":"[]"} | ret=SUCCESS |  
2025-10-16 19:47:36,177 | INFO  | SCMAudit | user=runner | ip=127.0.0.1 | op=SEND_HEARTBEAT {"datanodeUUID":"8a3c3252-9afe-4d3a-8492-25be6557678a","term":"2","command":"[]"} | ret=SUCCESS |  
2025-10-16 19:47:36,208 | INFO  | SCMAudit | user=runner | ip=127.0.0.1 | op=SEND_HEARTBEAT {"datanodeUUID":"76d4ba71-5bbb-4b24-8f51-8bc7f78aaca4","term":"2","command":"[]"} | ret=SUCCESS |  
2025-10-16 19:47:36,222 | INFO  | SCMAudit | user=runner | ip=127.0.0.1 | op=SEND_HEARTBEAT {"datanodeUUID":"764b18f0-81c5-439a-9fff-25adc4f241fa","term":"2","command":"[]"} | ret=SUCCESS |  
2025-10-16 19:47:36,392 | INFO  | SCMAudit | user=runner | ip=127.0.0.1 | op=SEND_HEARTBEAT {"datanodeUUID":"757ca056-973f-4f05-ab2d-6aff6c54d452","term":"2","command":"[]"} | ret=SUCCESS |  
2025-10-16 19:47:36,479 | INFO  | SCMAudit | user=runner | ip=127.0.0.1 | op=SEND_HEARTBEAT {"datanodeUUID":"702cb173-5c73-4ecc-b5cd-c7b4a6b66aea","term":"2","command":"[]"} | ret=SUCCESS |  
2025-10-16 19:47:36,625 | INFO  | SCMAudit | user=runner | ip=127.0.0.1 | op=SEND_HEARTBEAT {"datanodeUUID":"e33e6ec4-6b66-4281-bedd-2bd75bd30070","term":"2","command":"[]"} | ret=SUCCESS |  
2025-10-16 19:47:36,770 | INFO  | SCMAudit | user=runner | ip=127.0.0.1 | op=SEND_HEARTBEAT {"datanodeUUID":"e072d245-7694-4d97-8e20-c503ebf8c2fe","term":"2","command":"[]"} | ret=SUCCESS |  
2025-10-16 19:47:36,857 | INFO  | SCMAudit | user=runner | ip=127.0.0.1 | op=SEND_HEARTBEAT {"datanodeUUID":"8a0fa2ff-b550-4652-b2fe-0cf91cd4a157","term":"2","command":"[]"} | ret=SUCCESS |  
2025-10-16 19:47:36,900 | INFO  | SCMAudit | user=runner | ip=127.0.0.1 | op=SEND_HEARTBEAT {"datanodeUUID":"f700af26-0e26-4136-9205-9509c82c8c70","term":"2","command":"[]"} | ret=SUCCESS |  
2025-10-16 19:47:36,907 | INFO  | SCMAudit | user=runner | ip=127.0.0.1 | op=SEND_HEARTBEAT {"datanodeUUID":"58cff6b7-b2a7-446b-a75a-bb98ad6b11b8","term":"2","command":"[]"} | ret=SUCCESS |  
2025-10-16 19:47:36,961 | INFO  | SCMAudit | user=runner | ip=127.0.0.1 | op=SEND_HEARTBEAT {"datanodeUUID":"aa213937-adc5-47da-a770-0ee1e4664344","term":"2","command":"[]"} | ret=SUCCESS |  
2025-10-16 19:47:37,115 | INFO  | SCMAudit | user=runner | ip=127.0.0.1 | op=SEND_HEARTBEAT {"datanodeUUID":"c0724e9c-0dd4-4d47-992c-7bfe285fdd38","term":"2","command":"[]"} | ret=SUCCESS |  
2025-10-16 19:47:37,116 | INFO  | SCMAudit | user=runner | ip=127.0.0.1 | op=SEND_HEARTBEAT {"datanodeUUID":"0e8b6cc7-9945-4141-97fc-6aa017a0d5fa","term":"2","command":"[]"} | ret=SUCCESS |  
2025-10-16 19:47:37,152 | INFO  | SCMAudit | user=runner | ip=127.0.0.1 | op=SEND_HEARTBEAT {"datanodeUUID":"0428ab3f-efd5-438e-ae11-9ec242443260","term":"2","command":"[]"} | ret=SUCCESS |  
2025-10-16 19:47:37,177 | INFO  | SCMAudit | user=runner | ip=127.0.0.1 | op=SEND_HEARTBEAT {"datanodeUUID":"8a3c3252-9afe-4d3a-8492-25be6557678a","term":"2","command":"[]"} | ret=SUCCESS |  
2025-10-16 19:47:37,209 | INFO  | SCMAudit | user=runner | ip=127.0.0.1 | op=SEND_HEARTBEAT {"datanodeUUID":"76d4ba71-5bbb-4b24-8f51-8bc7f78aaca4","term":"2","command":"[]"} | ret=SUCCESS |  
2025-10-16 19:47:37,222 | INFO  | SCMAudit | user=runner | ip=127.0.0.1 | op=SEND_HEARTBEAT {"datanodeUUID":"764b18f0-81c5-439a-9fff-25adc4f241fa","term":"2","command":"[]"} | ret=SUCCESS |  
2025-10-16 19:47:37,392 | INFO  | SCMAudit | user=runner | ip=127.0.0.1 | op=SEND_HEARTBEAT {"datanodeUUID":"757ca056-973f-4f05-ab2d-6aff6c54d452","term":"2","command":"[]"} | ret=SUCCESS |  
2025-10-16 19:47:37,478 | INFO  | SCMAudit | user=runner | ip=127.0.0.1 | op=SEND_HEARTBEAT {"datanodeUUID":"702cb173-5c73-4ecc-b5cd-c7b4a6b66aea","term":"2","command":"[]"} | ret=SUCCESS |  
2025-10-16 19:47:37,625 | INFO  | SCMAudit | user=runner | ip=127.0.0.1 | op=SEND_HEARTBEAT {"datanodeUUID":"e33e6ec4-6b66-4281-bedd-2bd75bd30070","term":"2","command":"[]"} | ret=SUCCESS |  
2025-10-16 19:47:37,770 | INFO  | SCMAudit | user=runner | ip=127.0.0.1 | op=SEND_HEARTBEAT {"datanodeUUID":"e072d245-7694-4d97-8e20-c503ebf8c2fe","term":"2","command":"[]"} | ret=SUCCESS |  
2025-10-16 19:47:37,857 | INFO  | SCMAudit | user=runner | ip=127.0.0.1 | op=SEND_HEARTBEAT {"datanodeUUID":"8a0fa2ff-b550-4652-b2fe-0cf91cd4a157","term":"2","command":"[]"} | ret=SUCCESS |  
2025-10-16 19:47:37,900 | INFO  | SCMAudit | user=runner | ip=127.0.0.1 | op=SEND_HEARTBEAT {"datanodeUUID":"f700af26-0e26-4136-9205-9509c82c8c70","term":"2","command":"[]"} | ret=SUCCESS |  
2025-10-16 19:47:37,906 | INFO  | SCMAudit | user=runner | ip=127.0.0.1 | op=SEND_HEARTBEAT {"datanodeUUID":"58cff6b7-b2a7-446b-a75a-bb98ad6b11b8","term":"2","command":"[]"} | ret=SUCCESS |  
2025-10-16 19:47:37,961 | INFO  | SCMAudit | user=runner | ip=127.0.0.1 | op=SEND_HEARTBEAT {"datanodeUUID":"aa213937-adc5-47da-a770-0ee1e4664344","term":"2","command":"[]"} | ret=SUCCESS |  
2025-10-16 19:47:38,115 | INFO  | SCMAudit | user=runner | ip=127.0.0.1 | op=SEND_HEARTBEAT {"datanodeUUID":"0e8b6cc7-9945-4141-97fc-6aa017a0d5fa","term":"2","command":"[]"} | ret=SUCCESS |  
2025-10-16 19:47:38,115 | INFO  | SCMAudit | user=runner | ip=127.0.0.1 | op=SEND_HEARTBEAT {"datanodeUUID":"c0724e9c-0dd4-4d47-992c-7bfe285fdd38","term":"2","command":"[]"} | ret=SUCCESS |  
2025-10-16 19:47:38,152 | INFO  | SCMAudit | user=runner | ip=127.0.0.1 | op=SEND_HEARTBEAT {"datanodeUUID":"0428ab3f-efd5-438e-ae11-9ec242443260","term":"2","command":"[]"} | ret=SUCCESS |  
2025-10-16 19:47:38,177 | INFO  | SCMAudit | user=runner | ip=127.0.0.1 | op=SEND_HEARTBEAT {"datanodeUUID":"8a3c3252-9afe-4d3a-8492-25be6557678a","term":"2","command":"[]"} | ret=SUCCESS |  
2025-10-16 19:47:38,192 | INFO  | ContainerLog | ID=5 | Index=0 | BCSID=0 | State=OPEN | Volume=/home/runner/work/ozone/ozone/hadoop-ozone/integration-test/target/test-dir/MiniOzoneClusterImpl-e7911277-7775-4457-96c8-94071a26a1ce/ozone-metadata/datanode-11/data-0/hdds | DataChecksum=0 |  
2025-10-16 19:47:38,194 | INFO  | SCMAudit | user=runner | ip=127.0.0.1 | op=SEND_HEARTBEAT {"datanodeUUID":"702cb173-5c73-4ecc-b5cd-c7b4a6b66aea","term":"2","command":"[]"} | ret=SUCCESS |  
2025-10-16 19:47:38,207 | INFO  | OMAudit | user=runner | ip=127.0.0.1 | op=COMMIT_KEY {"volume":"c51a4f9c-7b84-4ee2-a978-3ee2ca1ec5b6","bucket":"c73bc8b5-4692-479a-94f7-ea05f6b61532","key":"453116a6-3ff9-421c-9bec-1a04d61bfcf1","dataSize":"12","replicationType":"RATIS","replicationFactor":"ONE","Transaction":"16"} | ret=SUCCESS |  
2025-10-16 19:47:38,210 | INFO  | OMAudit | user=runner | ip=127.0.0.1 | op=READ_VOLUME {"volume":"c51a4f9c-7b84-4ee2-a978-3ee2ca1ec5b6"} | ret=SUCCESS |  
2025-10-16 19:47:38,211 | INFO  | SCMAudit | user=runner | ip=127.0.0.1 | op=SEND_HEARTBEAT {"datanodeUUID":"76d4ba71-5bbb-4b24-8f51-8bc7f78aaca4","term":"2","command":"[]"} | ret=SUCCESS |  
2025-10-16 19:47:38,212 | INFO  | OMAudit | user=runner | ip=127.0.0.1 | op=READ_BUCKET {"volume":"c51a4f9c-7b84-4ee2-a978-3ee2ca1ec5b6","bucket":"c73bc8b5-4692-479a-94f7-ea05f6b61532"} | ret=SUCCESS |  
2025-10-16 19:47:38,213 | INFO  | OMAudit | user=runner | ip=127.0.0.1 | op=READ_BUCKET {"volume":"c51a4f9c-7b84-4ee2-a978-3ee2ca1ec5b6","bucket":"c73bc8b5-4692-479a-94f7-ea05f6b61532"} | ret=SUCCESS |  
2025-10-16 19:47:38,215 | INFO  | SCMAudit | user=runner | ip=127.0.0.1 | op=ALLOCATE_BLOCK {"replication":"RATIS/ONE","owner":"omServiceIdDefault","size":"4194304","sampleBlocks":"[conID: 2 locID: 115816896921600006]","num":"1","client":"","allocated":"1"} | ret=SUCCESS |  
2025-10-16 19:47:38,220 | INFO  | OMAudit | user=runner | ip=127.0.0.1 | op=ALLOCATE_KEY {"volume":"c51a4f9c-7b84-4ee2-a978-3ee2ca1ec5b6","bucket":"c73bc8b5-4692-479a-94f7-ea05f6b61532","key":"453116a6-3ff9-421c-9bec-1a04d61bfcf1","dataSize":"12","replicationType":"RATIS","replicationFactor":"ONE","Transaction":"17"} | ret=SUCCESS |  
2025-10-16 19:47:38,224 | INFO  | SCMAudit | user=runner | ip=127.0.0.1 | op=SEND_HEARTBEAT {"datanodeUUID":"764b18f0-81c5-439a-9fff-25adc4f241fa","term":"2","command":"[]"} | ret=SUCCESS |  
2025-10-16 19:47:38,239 | INFO  | OMAudit | user=runner | ip=127.0.0.1 | op=COMMIT_KEY {"volume":"c51a4f9c-7b84-4ee2-a978-3ee2ca1ec5b6","bucket":"c73bc8b5-4692-479a-94f7-ea05f6b61532","key":"453116a6-3ff9-421c-9bec-1a04d61bfcf1","dataSize":"12","replicationType":"RATIS","replicationFactor":"ONE","Transaction":"18"} | ret=SUCCESS |  
2025-10-16 19:47:38,243 | INFO  | OMAudit | user=runner | ip=127.0.0.1 | op=READ_VOLUME {"volume":"c51a4f9c-7b84-4ee2-a978-3ee2ca1ec5b6"} | ret=SUCCESS |  
2025-10-16 19:47:38,245 | INFO  | OMAudit | user=runner | ip=127.0.0.1 | op=READ_BUCKET {"volume":"c51a4f9c-7b84-4ee2-a978-3ee2ca1ec5b6","bucket":"c73bc8b5-4692-479a-94f7-ea05f6b61532"} | ret=SUCCESS |  
]]></system-out>
  </testcase>
  <testcase name="cannotRewriteDeletedKey(BucketLayout)[1]" classname="org.apache.hadoop.ozone.client.rpc.TestSecureOzoneRpcClient" time="0.338">
    <system-out><![CDATA[2025-10-16 19:47:38,255 [ForkJoinPool-1-worker-1] INFO  rpc.RpcClient (RpcClient.java:createVolume(461)) - Creating Volume: 9977d23f-e5f3-415e-a5b0-d5695ce15d8d, with runner as owner and space quota set to -1 bytes, counts quota set to -1
2025-10-16 19:47:38,259 [om1-OMStateMachineApplyTransactionThread - 0] INFO  volume.OMVolumeCreateRequest (OMVolumeCreateRequest.java:validateAndUpdateCache(213)) - created volume:9977d23f-e5f3-415e-a5b0-d5695ce15d8d for user:runner
2025-10-16 19:47:38,260 | INFO  | OMAudit | user=runner | ip=127.0.0.1 | op=CREATE_VOLUME {"admin":"runner","owner":"runner","volume":"9977d23f-e5f3-415e-a5b0-d5695ce15d8d","creationTime":"1760644058257","modificationTime":"1760644058257","quotaInBytes":"-1","quotaInNamespace":"-1","usedNamespace":"0","objectID":"-9223372036854770944","updateID":"19","Transaction":"19"} | ret=SUCCESS |  
2025-10-16 19:47:38,262 | INFO  | OMAudit | user=runner | ip=127.0.0.1 | op=READ_VOLUME {"volume":"9977d23f-e5f3-415e-a5b0-d5695ce15d8d"} | ret=SUCCESS |  
2025-10-16 19:47:38,263 [ForkJoinPool-1-worker-1] INFO  rpc.RpcClient (RpcClient.java:createBucket(686)) - Creating Bucket: 9977d23f-e5f3-415e-a5b0-d5695ce15d8d/bf502af5-c1ed-47dd-8054-525480a97497, with bucket layout FILE_SYSTEM_OPTIMIZED, runner as owner, Versioning false, Storage Type set to DISK and Encryption set to false, Replication Type set to server-side default replication type, Namespace Quota set to -1, Space Quota set to -1 
2025-10-16 19:47:38,267 [om1-OMStateMachineApplyTransactionThread - 0] INFO  bucket.OMBucketCreateRequest (OMBucketCreateRequest.java:validateAndUpdateCache(303)) - created bucket: bf502af5-c1ed-47dd-8054-525480a97497 of layout FILE_SYSTEM_OPTIMIZED in volume: 9977d23f-e5f3-415e-a5b0-d5695ce15d8d
2025-10-16 19:47:38,268 | INFO  | OMAudit | user=runner | ip=127.0.0.1 | op=CREATE_BUCKET {"volume":"9977d23f-e5f3-415e-a5b0-d5695ce15d8d","bucket":"bf502af5-c1ed-47dd-8054-525480a97497","bucketLayout":"FILE_SYSTEM_OPTIMIZED","gdprEnabled":null,"acls":"[user:runner:a[ACCESS], group:runner:rl[ACCESS]]","isVersionEnabled":"false","storageType":"DISK","creationTime":"1760644058265","bucketEncryptionKey":null,"modificationTime":"1760644058265","usedBytes":"0","usedNamespace":"0","snapshotUsedBytes":"0","snapshotUsedNamespace":"0","owner":"runner","replicationType":null,"replicationConfig":null,"quotaInBytes":"-1","quotaInNamespace":"-1","Transaction":"20"} | ret=SUCCESS |  
2025-10-16 19:47:38,271 | INFO  | OMAudit | user=runner | ip=127.0.0.1 | op=READ_BUCKET {"volume":"9977d23f-e5f3-415e-a5b0-d5695ce15d8d","bucket":"bf502af5-c1ed-47dd-8054-525480a97497"} | ret=SUCCESS |  
2025-10-16 19:47:38,276 | INFO  | OMAudit | user=runner | ip=127.0.0.1 | op=READ_BUCKET {"volume":"9977d23f-e5f3-415e-a5b0-d5695ce15d8d","bucket":"bf502af5-c1ed-47dd-8054-525480a97497"} | ret=SUCCESS |  
2025-10-16 19:47:38,278 | INFO  | SCMAudit | user=runner | ip=127.0.0.1 | op=ALLOCATE_BLOCK {"replication":"RATIS/ONE","owner":"omServiceIdDefault","size":"4194304","sampleBlocks":"[conID: 2 locID: 115816896921600007]","num":"1","client":"","allocated":"1"} | ret=SUCCESS |  
2025-10-16 19:47:38,283 | INFO  | OMAudit | user=runner | ip=127.0.0.1 | op=ALLOCATE_KEY {"volume":"9977d23f-e5f3-415e-a5b0-d5695ce15d8d","bucket":"bf502af5-c1ed-47dd-8054-525480a97497","key":"cannotRewriteDeletedKey","dataSize":"36","replicationType":"RATIS","replicationFactor":"ONE","Transaction":"21"} | ret=SUCCESS |  
2025-10-16 19:47:38,298 | INFO  | OMAudit | user=runner | ip=127.0.0.1 | op=COMMIT_KEY {"volume":"9977d23f-e5f3-415e-a5b0-d5695ce15d8d","bucket":"bf502af5-c1ed-47dd-8054-525480a97497","key":"cannotRewriteDeletedKey","dataSize":"36","replicationType":"RATIS","replicationFactor":"ONE","Transaction":"22"} | ret=SUCCESS |  
2025-10-16 19:47:38,393 | INFO  | SCMAudit | user=runner | ip=127.0.0.1 | op=SEND_HEARTBEAT {"datanodeUUID":"757ca056-973f-4f05-ab2d-6aff6c54d452","term":"2","command":"[]"} | ret=SUCCESS |  
2025-10-16 19:47:38,497 | INFO  | SCMAudit | user=runner | ip=127.0.0.1 | op=GET_CONTAINER_WITH_PIPELINE_BATCH {"containerIDs":"#2,"} | ret=SUCCESS |  
2025-10-16 19:47:38,506 | INFO  | OMAudit | user=runner | ip=127.0.0.1 | op=READ_KEY {"volume":"9977d23f-e5f3-415e-a5b0-d5695ce15d8d","bucket":"bf502af5-c1ed-47dd-8054-525480a97497","key":"cannotRewriteDeletedKey","owner":null,"dataSize":"0","replicationConfig":null} | ret=SUCCESS |  
2025-10-16 19:47:38,521 | INFO  | OMAudit | user=runner | ip=127.0.0.1 | op=DELETE_KEY {"volume":"9977d23f-e5f3-415e-a5b0-d5695ce15d8d","bucket":"bf502af5-c1ed-47dd-8054-525480a97497","key":"cannotRewriteDeletedKey","dataSize":"36","replicationConfig":"RATIS/ONE","Transaction":"23"} | ret=SUCCESS |  
2025-10-16 19:47:38,524 | INFO  | OMAudit | user=runner | ip=127.0.0.1 | op=READ_BUCKET {"volume":"9977d23f-e5f3-415e-a5b0-d5695ce15d8d","bucket":"bf502af5-c1ed-47dd-8054-525480a97497"} | ret=SUCCESS |  
2025-10-16 19:47:38,527 | INFO  | SCMAudit | user=runner | ip=127.0.0.1 | op=ALLOCATE_BLOCK {"replication":"RATIS/ONE","owner":"omServiceIdDefault","size":"4194304","sampleBlocks":"[conID: 6 locID: 115816896921600008]","num":"1","client":"","allocated":"1"} | ret=SUCCESS |  
2025-10-16 19:47:38,533 [om1-OMStateMachineApplyTransactionThread - 0] ERROR key.OMKeyCreateRequest (OMKeyCreateRequest.java:logResult(400)) - Key creation failed. Volume:9977d23f-e5f3-415e-a5b0-d5695ce15d8d, Bucket:bf502af5-c1ed-47dd-8054-525480a97497, Key:cannotRewriteDeletedKey. 
KEY_NOT_FOUND org.apache.hadoop.ozone.om.exceptions.OMException: Key not found during expected rewrite
	at org.apache.hadoop.ozone.om.request.key.OMKeyCreateRequest.validateAtomicRewrite(OMKeyCreateRequest.java:465)
	at org.apache.hadoop.ozone.om.request.key.OMKeyCreateRequestWithFSO.validateAndUpdateCache(OMKeyCreateRequestWithFSO.java:124)
	at org.apache.hadoop.ozone.protocolPB.OzoneManagerRequestHandler.lambda$0(OzoneManagerRequestHandler.java:418)
	at org.apache.hadoop.ozone.util.MetricUtil.captureLatencyNs(MetricUtil.java:45)
	at org.apache.hadoop.ozone.protocolPB.OzoneManagerRequestHandler.handleWriteRequestImpl(OzoneManagerRequestHandler.java:416)
	at org.apache.hadoop.ozone.protocolPB.RequestHandler.handleWriteRequest(RequestHandler.java:62)
	at org.apache.hadoop.ozone.om.ratis.OzoneManagerStateMachine.runCommand(OzoneManagerStateMachine.java:599)
	at org.apache.hadoop.ozone.om.ratis.OzoneManagerStateMachine.lambda$3(OzoneManagerStateMachine.java:415)
	at java.base/java.util.concurrent.CompletableFuture$AsyncSupply.run(CompletableFuture.java:1768)
	at java.base/java.util.concurrent.ThreadPoolExecutor.runWorker(ThreadPoolExecutor.java:1144)
	at java.base/java.util.concurrent.ThreadPoolExecutor$Worker.run(ThreadPoolExecutor.java:642)
	at java.base/java.lang.Thread.run(Thread.java:1583)
2025-10-16 19:47:38,533 | ERROR | OMAudit | user=runner | ip=127.0.0.1 | op=ALLOCATE_KEY {"volume":"9977d23f-e5f3-415e-a5b0-d5695ce15d8d","bucket":"bf502af5-c1ed-47dd-8054-525480a97497","key":"cannotRewriteDeletedKey","dataSize":"36","replicationType":"RATIS","replicationFactor":"ONE","rewriteGeneration":"22","Transaction":"24"} | ret=FAILURE | 
org.apache.hadoop.ozone.om.exceptions.OMException: Key not found during expected rewrite
	at org.apache.hadoop.ozone.om.request.key.OMKeyCreateRequest.validateAtomicRewrite(OMKeyCreateRequest.java:465)
	at org.apache.hadoop.ozone.om.request.key.OMKeyCreateRequestWithFSO.validateAndUpdateCache(OMKeyCreateRequestWithFSO.java:124)
 
]]></system-out>
  </testcase>
  <testcase name="cannotRewriteDeletedKey(BucketLayout)[2]" classname="org.apache.hadoop.ozone.client.rpc.TestSecureOzoneRpcClient" time="0.059">
    <system-out><![CDATA[2025-10-16 19:47:38,594 [ForkJoinPool-1-worker-1] INFO  rpc.RpcClient (RpcClient.java:createVolume(461)) - Creating Volume: 7783d5d6-4c6c-4941-ad2b-d12740b576eb, with runner as owner and space quota set to -1 bytes, counts quota set to -1
2025-10-16 19:47:38,597 [om1-OMStateMachineApplyTransactionThread - 0] INFO  volume.OMVolumeCreateRequest (OMVolumeCreateRequest.java:validateAndUpdateCache(213)) - created volume:7783d5d6-4c6c-4941-ad2b-d12740b576eb for user:runner
2025-10-16 19:47:38,598 | INFO  | OMAudit | user=runner | ip=127.0.0.1 | op=CREATE_VOLUME {"admin":"runner","owner":"runner","volume":"7783d5d6-4c6c-4941-ad2b-d12740b576eb","creationTime":"1760644058596","modificationTime":"1760644058596","quotaInBytes":"-1","quotaInNamespace":"-1","usedNamespace":"0","objectID":"-9223372036854769408","updateID":"25","Transaction":"25"} | ret=SUCCESS |  
2025-10-16 19:47:38,600 | INFO  | OMAudit | user=runner | ip=127.0.0.1 | op=READ_VOLUME {"volume":"7783d5d6-4c6c-4941-ad2b-d12740b576eb"} | ret=SUCCESS |  
2025-10-16 19:47:38,601 [ForkJoinPool-1-worker-1] INFO  rpc.RpcClient (RpcClient.java:createBucket(686)) - Creating Bucket: 7783d5d6-4c6c-4941-ad2b-d12740b576eb/29e121f2-5e33-47a5-8b97-694eb67df777, with bucket layout OBJECT_STORE, runner as owner, Versioning false, Storage Type set to DISK and Encryption set to false, Replication Type set to server-side default replication type, Namespace Quota set to -1, Space Quota set to -1 
2025-10-16 19:47:38,603 [om1-OMStateMachineApplyTransactionThread - 0] INFO  bucket.OMBucketCreateRequest (OMBucketCreateRequest.java:validateAndUpdateCache(303)) - created bucket: 29e121f2-5e33-47a5-8b97-694eb67df777 of layout OBJECT_STORE in volume: 7783d5d6-4c6c-4941-ad2b-d12740b576eb
2025-10-16 19:47:38,604 | INFO  | OMAudit | user=runner | ip=127.0.0.1 | op=CREATE_BUCKET {"volume":"7783d5d6-4c6c-4941-ad2b-d12740b576eb","bucket":"29e121f2-5e33-47a5-8b97-694eb67df777","bucketLayout":"OBJECT_STORE","gdprEnabled":null,"acls":"[user:runner:a[ACCESS], group:runner:rl[ACCESS]]","isVersionEnabled":"false","storageType":"DISK","creationTime":"1760644058602","bucketEncryptionKey":null,"modificationTime":"1760644058602","usedBytes":"0","usedNamespace":"0","snapshotUsedBytes":"0","snapshotUsedNamespace":"0","owner":"runner","replicationType":null,"replicationConfig":null,"quotaInBytes":"-1","quotaInNamespace":"-1","Transaction":"26"} | ret=SUCCESS |  
2025-10-16 19:47:38,606 | INFO  | OMAudit | user=runner | ip=127.0.0.1 | op=READ_BUCKET {"volume":"7783d5d6-4c6c-4941-ad2b-d12740b576eb","bucket":"29e121f2-5e33-47a5-8b97-694eb67df777"} | ret=SUCCESS |  
2025-10-16 19:47:38,608 | INFO  | OMAudit | user=runner | ip=127.0.0.1 | op=READ_BUCKET {"volume":"7783d5d6-4c6c-4941-ad2b-d12740b576eb","bucket":"29e121f2-5e33-47a5-8b97-694eb67df777"} | ret=SUCCESS |  
2025-10-16 19:47:38,609 | INFO  | SCMAudit | user=runner | ip=127.0.0.1 | op=ALLOCATE_BLOCK {"replication":"RATIS/ONE","owner":"omServiceIdDefault","size":"4194304","sampleBlocks":"[conID: 3 locID: 115816896921600009]","num":"1","client":"","allocated":"1"} | ret=SUCCESS |  
2025-10-16 19:47:38,613 | INFO  | OMAudit | user=runner | ip=127.0.0.1 | op=ALLOCATE_KEY {"volume":"7783d5d6-4c6c-4941-ad2b-d12740b576eb","bucket":"29e121f2-5e33-47a5-8b97-694eb67df777","key":"cannotRewriteDeletedKey","dataSize":"36","replicationType":"RATIS","replicationFactor":"ONE","Transaction":"27"} | ret=SUCCESS |  
2025-10-16 19:47:38,625 | INFO  | SCMAudit | user=runner | ip=127.0.0.1 | op=SEND_HEARTBEAT {"datanodeUUID":"e33e6ec4-6b66-4281-bedd-2bd75bd30070","term":"2","command":"[]"} | ret=SUCCESS |  
2025-10-16 19:47:38,628 | INFO  | OMAudit | user=runner | ip=127.0.0.1 | op=COMMIT_KEY {"volume":"7783d5d6-4c6c-4941-ad2b-d12740b576eb","bucket":"29e121f2-5e33-47a5-8b97-694eb67df777","key":"cannotRewriteDeletedKey","dataSize":"36","replicationType":"RATIS","replicationFactor":"ONE","Transaction":"28"} | ret=SUCCESS |  
2025-10-16 19:47:38,632 | INFO  | SCMAudit | user=runner | ip=127.0.0.1 | op=GET_CONTAINER_WITH_PIPELINE_BATCH {"containerIDs":"#3,"} | ret=SUCCESS |  
2025-10-16 19:47:38,633 | INFO  | OMAudit | user=runner | ip=127.0.0.1 | op=READ_KEY {"volume":"7783d5d6-4c6c-4941-ad2b-d12740b576eb","bucket":"29e121f2-5e33-47a5-8b97-694eb67df777","key":"cannotRewriteDeletedKey","owner":null,"dataSize":"0","replicationConfig":null} | ret=SUCCESS |  
2025-10-16 19:47:38,639 | INFO  | OMAudit | user=runner | ip=127.0.0.1 | op=DELETE_KEY {"volume":"7783d5d6-4c6c-4941-ad2b-d12740b576eb","bucket":"29e121f2-5e33-47a5-8b97-694eb67df777","key":"cannotRewriteDeletedKey","dataSize":"36","replicationConfig":"RATIS/ONE","Transaction":"29"} | ret=SUCCESS |  
2025-10-16 19:47:38,642 | INFO  | OMAudit | user=runner | ip=127.0.0.1 | op=READ_BUCKET {"volume":"7783d5d6-4c6c-4941-ad2b-d12740b576eb","bucket":"29e121f2-5e33-47a5-8b97-694eb67df777"} | ret=SUCCESS |  
2025-10-16 19:47:38,645 | INFO  | SCMAudit | user=runner | ip=127.0.0.1 | op=ALLOCATE_BLOCK {"replication":"RATIS/ONE","owner":"omServiceIdDefault","size":"4194304","sampleBlocks":"[conID: 7 locID: 115816896921600010]","num":"1","client":"","allocated":"1"} | ret=SUCCESS |  
2025-10-16 19:47:38,649 [om1-OMStateMachineApplyTransactionThread - 0] ERROR key.OMKeyCreateRequest (OMKeyCreateRequest.java:logResult(400)) - Key creation failed. Volume:7783d5d6-4c6c-4941-ad2b-d12740b576eb, Bucket:29e121f2-5e33-47a5-8b97-694eb67df777, Key:cannotRewriteDeletedKey. 
KEY_NOT_FOUND org.apache.hadoop.ozone.om.exceptions.OMException: Key not found during expected rewrite
	at org.apache.hadoop.ozone.om.request.key.OMKeyCreateRequest.validateAtomicRewrite(OMKeyCreateRequest.java:465)
	at org.apache.hadoop.ozone.om.request.key.OMKeyCreateRequest.validateAndUpdateCache(OMKeyCreateRequest.java:240)
	at org.apache.hadoop.ozone.protocolPB.OzoneManagerRequestHandler.lambda$0(OzoneManagerRequestHandler.java:418)
	at org.apache.hadoop.ozone.util.MetricUtil.captureLatencyNs(MetricUtil.java:45)
	at org.apache.hadoop.ozone.protocolPB.OzoneManagerRequestHandler.handleWriteRequestImpl(OzoneManagerRequestHandler.java:416)
	at org.apache.hadoop.ozone.protocolPB.RequestHandler.handleWriteRequest(RequestHandler.java:62)
	at org.apache.hadoop.ozone.om.ratis.OzoneManagerStateMachine.runCommand(OzoneManagerStateMachine.java:599)
	at org.apache.hadoop.ozone.om.ratis.OzoneManagerStateMachine.lambda$3(OzoneManagerStateMachine.java:415)
	at java.base/java.util.concurrent.CompletableFuture$AsyncSupply.run(CompletableFuture.java:1768)
	at java.base/java.util.concurrent.ThreadPoolExecutor.runWorker(ThreadPoolExecutor.java:1144)
	at java.base/java.util.concurrent.ThreadPoolExecutor$Worker.run(ThreadPoolExecutor.java:642)
	at java.base/java.lang.Thread.run(Thread.java:1583)
2025-10-16 19:47:38,649 | ERROR | OMAudit | user=runner | ip=127.0.0.1 | op=ALLOCATE_KEY {"volume":"7783d5d6-4c6c-4941-ad2b-d12740b576eb","bucket":"29e121f2-5e33-47a5-8b97-694eb67df777","key":"cannotRewriteDeletedKey","dataSize":"36","replicationType":"RATIS","replicationFactor":"ONE","rewriteGeneration":"28","Transaction":"30"} | ret=FAILURE | 
org.apache.hadoop.ozone.om.exceptions.OMException: Key not found during expected rewrite
	at org.apache.hadoop.ozone.om.request.key.OMKeyCreateRequest.validateAtomicRewrite(OMKeyCreateRequest.java:465)
	at org.apache.hadoop.ozone.om.request.key.OMKeyCreateRequest.validateAndUpdateCache(OMKeyCreateRequest.java:240)
 
]]></system-out>
  </testcase>
  <testcase name="cannotRewriteDeletedKey(BucketLayout)[3]" classname="org.apache.hadoop.ozone.client.rpc.TestSecureOzoneRpcClient" time="0.074">
    <system-out><![CDATA[2025-10-16 19:47:38,654 [ForkJoinPool-1-worker-1] INFO  rpc.RpcClient (RpcClient.java:createVolume(461)) - Creating Volume: 9e026aa0-32ee-4b71-8e6e-185074edb62a, with runner as owner and space quota set to -1 bytes, counts quota set to -1
2025-10-16 19:47:38,657 [om1-OMStateMachineApplyTransactionThread - 0] INFO  volume.OMVolumeCreateRequest (OMVolumeCreateRequest.java:validateAndUpdateCache(213)) - created volume:9e026aa0-32ee-4b71-8e6e-185074edb62a for user:runner
2025-10-16 19:47:38,657 | INFO  | OMAudit | user=runner | ip=127.0.0.1 | op=CREATE_VOLUME {"admin":"runner","owner":"runner","volume":"9e026aa0-32ee-4b71-8e6e-185074edb62a","creationTime":"1760644058655","modificationTime":"1760644058655","quotaInBytes":"-1","quotaInNamespace":"-1","usedNamespace":"0","objectID":"-9223372036854767872","updateID":"31","Transaction":"31"} | ret=SUCCESS |  
2025-10-16 19:47:38,660 | INFO  | OMAudit | user=runner | ip=127.0.0.1 | op=READ_VOLUME {"volume":"9e026aa0-32ee-4b71-8e6e-185074edb62a"} | ret=SUCCESS |  
2025-10-16 19:47:38,660 [ForkJoinPool-1-worker-1] INFO  rpc.RpcClient (RpcClient.java:createBucket(686)) - Creating Bucket: 9e026aa0-32ee-4b71-8e6e-185074edb62a/c1644808-38e9-4f94-abb4-af9bfa86cbc3, with bucket layout LEGACY, runner as owner, Versioning false, Storage Type set to DISK and Encryption set to false, Replication Type set to server-side default replication type, Namespace Quota set to -1, Space Quota set to -1 
2025-10-16 19:47:38,664 [om1-OMStateMachineApplyTransactionThread - 0] INFO  bucket.OMBucketCreateRequest (OMBucketCreateRequest.java:validateAndUpdateCache(303)) - created bucket: c1644808-38e9-4f94-abb4-af9bfa86cbc3 of layout LEGACY in volume: 9e026aa0-32ee-4b71-8e6e-185074edb62a
2025-10-16 19:47:38,665 | INFO  | OMAudit | user=runner | ip=127.0.0.1 | op=CREATE_BUCKET {"volume":"9e026aa0-32ee-4b71-8e6e-185074edb62a","bucket":"c1644808-38e9-4f94-abb4-af9bfa86cbc3","bucketLayout":"LEGACY","gdprEnabled":null,"acls":"[user:runner:a[ACCESS], group:runner:rl[ACCESS]]","isVersionEnabled":"false","storageType":"DISK","creationTime":"1760644058662","bucketEncryptionKey":null,"modificationTime":"1760644058662","usedBytes":"0","usedNamespace":"0","snapshotUsedBytes":"0","snapshotUsedNamespace":"0","owner":"runner","replicationType":null,"replicationConfig":null,"quotaInBytes":"-1","quotaInNamespace":"-1","Transaction":"32"} | ret=SUCCESS |  
2025-10-16 19:47:38,667 | INFO  | OMAudit | user=runner | ip=127.0.0.1 | op=READ_BUCKET {"volume":"9e026aa0-32ee-4b71-8e6e-185074edb62a","bucket":"c1644808-38e9-4f94-abb4-af9bfa86cbc3"} | ret=SUCCESS |  
2025-10-16 19:47:38,669 | INFO  | OMAudit | user=runner | ip=127.0.0.1 | op=READ_BUCKET {"volume":"9e026aa0-32ee-4b71-8e6e-185074edb62a","bucket":"c1644808-38e9-4f94-abb4-af9bfa86cbc3"} | ret=SUCCESS |  
2025-10-16 19:47:38,671 | INFO  | SCMAudit | user=runner | ip=127.0.0.1 | op=ALLOCATE_BLOCK {"replication":"RATIS/ONE","owner":"omServiceIdDefault","size":"4194304","sampleBlocks":"[conID: 8 locID: 115816896921600011]","num":"1","client":"","allocated":"1"} | ret=SUCCESS |  
2025-10-16 19:47:38,676 | INFO  | OMAudit | user=runner | ip=127.0.0.1 | op=ALLOCATE_KEY {"volume":"9e026aa0-32ee-4b71-8e6e-185074edb62a","bucket":"c1644808-38e9-4f94-abb4-af9bfa86cbc3","key":"cannotRewriteDeletedKey","dataSize":"36","replicationType":"RATIS","replicationFactor":"ONE","Transaction":"33"} | ret=SUCCESS |  
2025-10-16 19:47:38,696 | INFO  | ContainerLog | ID=8 | Index=0 | BCSID=0 | State=OPEN | Volume=/home/runner/work/ozone/ozone/hadoop-ozone/integration-test/target/test-dir/MiniOzoneClusterImpl-e7911277-7775-4457-96c8-94071a26a1ce/ozone-metadata/datanode-14/data-0/hdds | DataChecksum=0 |  
2025-10-16 19:47:38,698 | INFO  | SCMAudit | user=runner | ip=127.0.0.1 | op=SEND_HEARTBEAT {"datanodeUUID":"757ca056-973f-4f05-ab2d-6aff6c54d452","term":"2","command":"[]"} | ret=SUCCESS |  
2025-10-16 19:47:38,706 | INFO  | OMAudit | user=runner | ip=127.0.0.1 | op=COMMIT_KEY {"volume":"9e026aa0-32ee-4b71-8e6e-185074edb62a","bucket":"c1644808-38e9-4f94-abb4-af9bfa86cbc3","key":"cannotRewriteDeletedKey","dataSize":"36","replicationType":"RATIS","replicationFactor":"ONE","Transaction":"34"} | ret=SUCCESS |  
2025-10-16 19:47:38,709 | INFO  | SCMAudit | user=runner | ip=127.0.0.1 | op=GET_CONTAINER_WITH_PIPELINE_BATCH {"containerIDs":"#8,"} | ret=SUCCESS |  
2025-10-16 19:47:38,710 | INFO  | OMAudit | user=runner | ip=127.0.0.1 | op=READ_KEY {"volume":"9e026aa0-32ee-4b71-8e6e-185074edb62a","bucket":"c1644808-38e9-4f94-abb4-af9bfa86cbc3","key":"cannotRewriteDeletedKey","owner":null,"dataSize":"0","replicationConfig":null} | ret=SUCCESS |  
2025-10-16 19:47:38,714 | INFO  | OMAudit | user=runner | ip=127.0.0.1 | op=DELETE_KEY {"volume":"9e026aa0-32ee-4b71-8e6e-185074edb62a","bucket":"c1644808-38e9-4f94-abb4-af9bfa86cbc3","key":"cannotRewriteDeletedKey","dataSize":"36","replicationConfig":"RATIS/ONE","Transaction":"35"} | ret=SUCCESS |  
2025-10-16 19:47:38,718 | INFO  | OMAudit | user=runner | ip=127.0.0.1 | op=READ_BUCKET {"volume":"9e026aa0-32ee-4b71-8e6e-185074edb62a","bucket":"c1644808-38e9-4f94-abb4-af9bfa86cbc3"} | ret=SUCCESS |  
2025-10-16 19:47:38,722 | INFO  | SCMAudit | user=runner | ip=127.0.0.1 | op=ALLOCATE_BLOCK {"replication":"RATIS/ONE","owner":"omServiceIdDefault","size":"4194304","sampleBlocks":"[conID: 9 locID: 115816896921600012]","num":"1","client":"","allocated":"1"} | ret=SUCCESS |  
2025-10-16 19:47:38,725 [om1-OMStateMachineApplyTransactionThread - 0] ERROR key.OMKeyCreateRequest (OMKeyCreateRequest.java:logResult(400)) - Key creation failed. Volume:9e026aa0-32ee-4b71-8e6e-185074edb62a, Bucket:c1644808-38e9-4f94-abb4-af9bfa86cbc3, Key:cannotRewriteDeletedKey. 
KEY_NOT_FOUND org.apache.hadoop.ozone.om.exceptions.OMException: Key not found during expected rewrite
	at org.apache.hadoop.ozone.om.request.key.OMKeyCreateRequest.validateAtomicRewrite(OMKeyCreateRequest.java:465)
	at org.apache.hadoop.ozone.om.request.key.OMKeyCreateRequest.validateAndUpdateCache(OMKeyCreateRequest.java:240)
	at org.apache.hadoop.ozone.protocolPB.OzoneManagerRequestHandler.lambda$0(OzoneManagerRequestHandler.java:418)
	at org.apache.hadoop.ozone.util.MetricUtil.captureLatencyNs(MetricUtil.java:45)
	at org.apache.hadoop.ozone.protocolPB.OzoneManagerRequestHandler.handleWriteRequestImpl(OzoneManagerRequestHandler.java:416)
	at org.apache.hadoop.ozone.protocolPB.RequestHandler.handleWriteRequest(RequestHandler.java:62)
	at org.apache.hadoop.ozone.om.ratis.OzoneManagerStateMachine.runCommand(OzoneManagerStateMachine.java:599)
	at org.apache.hadoop.ozone.om.ratis.OzoneManagerStateMachine.lambda$3(OzoneManagerStateMachine.java:415)
	at java.base/java.util.concurrent.CompletableFuture$AsyncSupply.run(CompletableFuture.java:1768)
	at java.base/java.util.concurrent.ThreadPoolExecutor.runWorker(ThreadPoolExecutor.java:1144)
	at java.base/java.util.concurrent.ThreadPoolExecutor$Worker.run(ThreadPoolExecutor.java:642)
	at java.base/java.lang.Thread.run(Thread.java:1583)
2025-10-16 19:47:38,725 | ERROR | OMAudit | user=runner | ip=127.0.0.1 | op=ALLOCATE_KEY {"volume":"9e026aa0-32ee-4b71-8e6e-185074edb62a","bucket":"c1644808-38e9-4f94-abb4-af9bfa86cbc3","key":"cannotRewriteDeletedKey","dataSize":"36","replicationType":"RATIS","replicationFactor":"ONE","rewriteGeneration":"34","Transaction":"36"} | ret=FAILURE | 
org.apache.hadoop.ozone.om.exceptions.OMException: Key not found during expected rewrite
	at org.apache.hadoop.ozone.om.request.key.OMKeyCreateRequest.validateAtomicRewrite(OMKeyCreateRequest.java:465)
	at org.apache.hadoop.ozone.om.request.key.OMKeyCreateRequest.validateAndUpdateCache(OMKeyCreateRequest.java:240)
 
]]></system-out>
  </testcase>
  <testcase name="cannotRewriteRenamedKey(BucketLayout)[1]" classname="org.apache.hadoop.ozone.client.rpc.TestSecureOzoneRpcClient" time="0.078">
    <system-out><![CDATA[2025-10-16 19:47:38,731 [ForkJoinPool-1-worker-1] INFO  rpc.RpcClient (RpcClient.java:createVolume(461)) - Creating Volume: cf3180a5-9ea4-407e-abe7-cd77ded8b971, with runner as owner and space quota set to -1 bytes, counts quota set to -1
2025-10-16 19:47:38,734 [om1-OMStateMachineApplyTransactionThread - 0] INFO  volume.OMVolumeCreateRequest (OMVolumeCreateRequest.java:validateAndUpdateCache(213)) - created volume:cf3180a5-9ea4-407e-abe7-cd77ded8b971 for user:runner
2025-10-16 19:47:38,734 | INFO  | OMAudit | user=runner | ip=127.0.0.1 | op=CREATE_VOLUME {"admin":"runner","owner":"runner","volume":"cf3180a5-9ea4-407e-abe7-cd77ded8b971","creationTime":"1760644058732","modificationTime":"1760644058732","quotaInBytes":"-1","quotaInNamespace":"-1","usedNamespace":"0","objectID":"-9223372036854766336","updateID":"37","Transaction":"37"} | ret=SUCCESS |  
2025-10-16 19:47:38,736 | INFO  | OMAudit | user=runner | ip=127.0.0.1 | op=READ_VOLUME {"volume":"cf3180a5-9ea4-407e-abe7-cd77ded8b971"} | ret=SUCCESS |  
2025-10-16 19:47:38,737 [ForkJoinPool-1-worker-1] INFO  rpc.RpcClient (RpcClient.java:createBucket(686)) - Creating Bucket: cf3180a5-9ea4-407e-abe7-cd77ded8b971/9ce11ed2-ae23-4546-b891-b69d9620d274, with bucket layout FILE_SYSTEM_OPTIMIZED, runner as owner, Versioning false, Storage Type set to DISK and Encryption set to false, Replication Type set to server-side default replication type, Namespace Quota set to -1, Space Quota set to -1 
2025-10-16 19:47:38,739 [om1-OMStateMachineApplyTransactionThread - 0] INFO  bucket.OMBucketCreateRequest (OMBucketCreateRequest.java:validateAndUpdateCache(303)) - created bucket: 9ce11ed2-ae23-4546-b891-b69d9620d274 of layout FILE_SYSTEM_OPTIMIZED in volume: cf3180a5-9ea4-407e-abe7-cd77ded8b971
2025-10-16 19:47:38,739 | INFO  | OMAudit | user=runner | ip=127.0.0.1 | op=CREATE_BUCKET {"volume":"cf3180a5-9ea4-407e-abe7-cd77ded8b971","bucket":"9ce11ed2-ae23-4546-b891-b69d9620d274","bucketLayout":"FILE_SYSTEM_OPTIMIZED","gdprEnabled":null,"acls":"[user:runner:a[ACCESS], group:runner:rl[ACCESS]]","isVersionEnabled":"false","storageType":"DISK","creationTime":"1760644058738","bucketEncryptionKey":null,"modificationTime":"1760644058738","usedBytes":"0","usedNamespace":"0","snapshotUsedBytes":"0","snapshotUsedNamespace":"0","owner":"runner","replicationType":null,"replicationConfig":null,"quotaInBytes":"-1","quotaInNamespace":"-1","Transaction":"38"} | ret=SUCCESS |  
2025-10-16 19:47:38,742 | INFO  | OMAudit | user=runner | ip=127.0.0.1 | op=READ_BUCKET {"volume":"cf3180a5-9ea4-407e-abe7-cd77ded8b971","bucket":"9ce11ed2-ae23-4546-b891-b69d9620d274"} | ret=SUCCESS |  
2025-10-16 19:47:38,744 | INFO  | OMAudit | user=runner | ip=127.0.0.1 | op=READ_BUCKET {"volume":"cf3180a5-9ea4-407e-abe7-cd77ded8b971","bucket":"9ce11ed2-ae23-4546-b891-b69d9620d274"} | ret=SUCCESS |  
2025-10-16 19:47:38,746 | INFO  | SCMAudit | user=runner | ip=127.0.0.1 | op=ALLOCATE_BLOCK {"replication":"RATIS/ONE","owner":"omServiceIdDefault","size":"4194304","sampleBlocks":"[conID: 10 locID: 115816896921600013]","num":"1","client":"","allocated":"1"} | ret=SUCCESS |  
2025-10-16 19:47:38,749 | INFO  | OMAudit | user=runner | ip=127.0.0.1 | op=ALLOCATE_KEY {"volume":"cf3180a5-9ea4-407e-abe7-cd77ded8b971","bucket":"9ce11ed2-ae23-4546-b891-b69d9620d274","key":"cannotRewriteRenamedKey","dataSize":"36","replicationType":"RATIS","replicationFactor":"ONE","Transaction":"39"} | ret=SUCCESS |  
2025-10-16 19:47:38,768 | INFO  | ContainerLog | ID=10 | Index=0 | BCSID=0 | State=OPEN | Volume=/home/runner/work/ozone/ozone/hadoop-ozone/integration-test/target/test-dir/MiniOzoneClusterImpl-e7911277-7775-4457-96c8-94071a26a1ce/ozone-metadata/datanode-9/data-0/hdds | DataChecksum=0 |  
2025-10-16 19:47:38,770 | INFO  | SCMAudit | user=runner | ip=127.0.0.1 | op=SEND_HEARTBEAT {"datanodeUUID":"8a0fa2ff-b550-4652-b2fe-0cf91cd4a157","term":"2","command":"[]"} | ret=SUCCESS |  
2025-10-16 19:47:38,770 | INFO  | SCMAudit | user=runner | ip=127.0.0.1 | op=SEND_HEARTBEAT {"datanodeUUID":"e072d245-7694-4d97-8e20-c503ebf8c2fe","term":"2","command":"[]"} | ret=SUCCESS |  
2025-10-16 19:47:38,779 | INFO  | OMAudit | user=runner | ip=127.0.0.1 | op=COMMIT_KEY {"volume":"cf3180a5-9ea4-407e-abe7-cd77ded8b971","bucket":"9ce11ed2-ae23-4546-b891-b69d9620d274","key":"cannotRewriteRenamedKey","dataSize":"36","replicationType":"RATIS","replicationFactor":"ONE","Transaction":"40"} | ret=SUCCESS |  
2025-10-16 19:47:38,785 | INFO  | SCMAudit | user=runner | ip=127.0.0.1 | op=GET_CONTAINER_WITH_PIPELINE_BATCH {"containerIDs":"#10,"} | ret=SUCCESS |  
2025-10-16 19:47:38,786 | INFO  | OMAudit | user=runner | ip=127.0.0.1 | op=READ_KEY {"volume":"cf3180a5-9ea4-407e-abe7-cd77ded8b971","bucket":"9ce11ed2-ae23-4546-b891-b69d9620d274","key":"cannotRewriteRenamedKey","owner":null,"dataSize":"0","replicationConfig":null} | ret=SUCCESS |  
2025-10-16 19:47:38,798 | INFO  | OMAudit | user=runner | ip=127.0.0.1 | op=RENAME_KEY {"volume":"cf3180a5-9ea4-407e-abe7-cd77ded8b971","bucket":"9ce11ed2-ae23-4546-b891-b69d9620d274","dataSize":"0","srcKey":"cannotRewriteRenamedKey","dstKey":"newKeyName-FILE_SYSTEM_OPTIMIZED","Transaction":"41"} | ret=SUCCESS |  
2025-10-16 19:47:38,801 | INFO  | OMAudit | user=runner | ip=127.0.0.1 | op=READ_BUCKET {"volume":"cf3180a5-9ea4-407e-abe7-cd77ded8b971","bucket":"9ce11ed2-ae23-4546-b891-b69d9620d274"} | ret=SUCCESS |  
2025-10-16 19:47:38,803 | INFO  | SCMAudit | user=runner | ip=127.0.0.1 | op=ALLOCATE_BLOCK {"replication":"RATIS/ONE","owner":"omServiceIdDefault","size":"4194304","sampleBlocks":"[conID: 4 locID: 115816896921600014]","num":"1","client":"","allocated":"1"} | ret=SUCCESS |  
2025-10-16 19:47:38,807 [om1-OMStateMachineApplyTransactionThread - 0] ERROR key.OMKeyCreateRequest (OMKeyCreateRequest.java:logResult(400)) - Key creation failed. Volume:cf3180a5-9ea4-407e-abe7-cd77ded8b971, Bucket:9ce11ed2-ae23-4546-b891-b69d9620d274, Key:cannotRewriteRenamedKey. 
KEY_NOT_FOUND org.apache.hadoop.ozone.om.exceptions.OMException: Key not found during expected rewrite
	at org.apache.hadoop.ozone.om.request.key.OMKeyCreateRequest.validateAtomicRewrite(OMKeyCreateRequest.java:465)
	at org.apache.hadoop.ozone.om.request.key.OMKeyCreateRequestWithFSO.validateAndUpdateCache(OMKeyCreateRequestWithFSO.java:124)
	at org.apache.hadoop.ozone.protocolPB.OzoneManagerRequestHandler.lambda$0(OzoneManagerRequestHandler.java:418)
	at org.apache.hadoop.ozone.util.MetricUtil.captureLatencyNs(MetricUtil.java:45)
	at org.apache.hadoop.ozone.protocolPB.OzoneManagerRequestHandler.handleWriteRequestImpl(OzoneManagerRequestHandler.java:416)
	at org.apache.hadoop.ozone.protocolPB.RequestHandler.handleWriteRequest(RequestHandler.java:62)
	at org.apache.hadoop.ozone.om.ratis.OzoneManagerStateMachine.runCommand(OzoneManagerStateMachine.java:599)
	at org.apache.hadoop.ozone.om.ratis.OzoneManagerStateMachine.lambda$3(OzoneManagerStateMachine.java:415)
	at java.base/java.util.concurrent.CompletableFuture$AsyncSupply.run(CompletableFuture.java:1768)
	at java.base/java.util.concurrent.ThreadPoolExecutor.runWorker(ThreadPoolExecutor.java:1144)
	at java.base/java.util.concurrent.ThreadPoolExecutor$Worker.run(ThreadPoolExecutor.java:642)
	at java.base/java.lang.Thread.run(Thread.java:1583)
2025-10-16 19:47:38,807 | ERROR | OMAudit | user=runner | ip=127.0.0.1 | op=ALLOCATE_KEY {"volume":"cf3180a5-9ea4-407e-abe7-cd77ded8b971","bucket":"9ce11ed2-ae23-4546-b891-b69d9620d274","key":"cannotRewriteRenamedKey","dataSize":"36","replicationType":"RATIS","replicationFactor":"ONE","rewriteGeneration":"40","Transaction":"42"} | ret=FAILURE | 
org.apache.hadoop.ozone.om.exceptions.OMException: Key not found during expected rewrite
	at org.apache.hadoop.ozone.om.request.key.OMKeyCreateRequest.validateAtomicRewrite(OMKeyCreateRequest.java:465)
	at org.apache.hadoop.ozone.om.request.key.OMKeyCreateRequestWithFSO.validateAndUpdateCache(OMKeyCreateRequestWithFSO.java:124)
 
]]></system-out>
  </testcase>
  <testcase name="cannotRewriteRenamedKey(BucketLayout)[2]" classname="org.apache.hadoop.ozone.client.rpc.TestSecureOzoneRpcClient" time="0.051">
    <system-out><![CDATA[2025-10-16 19:47:38,810 [ForkJoinPool-1-worker-1] INFO  rpc.RpcClient (RpcClient.java:createVolume(461)) - Creating Volume: 1298a730-5afc-470c-a0da-6d8c0161d91d, with runner as owner and space quota set to -1 bytes, counts quota set to -1
2025-10-16 19:47:38,814 [om1-OMStateMachineApplyTransactionThread - 0] INFO  volume.OMVolumeCreateRequest (OMVolumeCreateRequest.java:validateAndUpdateCache(213)) - created volume:1298a730-5afc-470c-a0da-6d8c0161d91d for user:runner
2025-10-16 19:47:38,814 | INFO  | OMAudit | user=runner | ip=127.0.0.1 | op=CREATE_VOLUME {"admin":"runner","owner":"runner","volume":"1298a730-5afc-470c-a0da-6d8c0161d91d","creationTime":"1760644058812","modificationTime":"1760644058812","quotaInBytes":"-1","quotaInNamespace":"-1","usedNamespace":"0","objectID":"-9223372036854764800","updateID":"43","Transaction":"43"} | ret=SUCCESS |  
2025-10-16 19:47:38,816 | INFO  | OMAudit | user=runner | ip=127.0.0.1 | op=READ_VOLUME {"volume":"1298a730-5afc-470c-a0da-6d8c0161d91d"} | ret=SUCCESS |  
2025-10-16 19:47:38,817 [ForkJoinPool-1-worker-1] INFO  rpc.RpcClient (RpcClient.java:createBucket(686)) - Creating Bucket: 1298a730-5afc-470c-a0da-6d8c0161d91d/465fb2a3-7492-4812-8700-8361fd2e9e24, with bucket layout OBJECT_STORE, runner as owner, Versioning false, Storage Type set to DISK and Encryption set to false, Replication Type set to server-side default replication type, Namespace Quota set to -1, Space Quota set to -1 
2025-10-16 19:47:38,819 [om1-OMStateMachineApplyTransactionThread - 0] INFO  bucket.OMBucketCreateRequest (OMBucketCreateRequest.java:validateAndUpdateCache(303)) - created bucket: 465fb2a3-7492-4812-8700-8361fd2e9e24 of layout OBJECT_STORE in volume: 1298a730-5afc-470c-a0da-6d8c0161d91d
2025-10-16 19:47:38,820 | INFO  | OMAudit | user=runner | ip=127.0.0.1 | op=CREATE_BUCKET {"volume":"1298a730-5afc-470c-a0da-6d8c0161d91d","bucket":"465fb2a3-7492-4812-8700-8361fd2e9e24","bucketLayout":"OBJECT_STORE","gdprEnabled":null,"acls":"[user:runner:a[ACCESS], group:runner:rl[ACCESS]]","isVersionEnabled":"false","storageType":"DISK","creationTime":"1760644058818","bucketEncryptionKey":null,"modificationTime":"1760644058818","usedBytes":"0","usedNamespace":"0","snapshotUsedBytes":"0","snapshotUsedNamespace":"0","owner":"runner","replicationType":null,"replicationConfig":null,"quotaInBytes":"-1","quotaInNamespace":"-1","Transaction":"44"} | ret=SUCCESS |  
2025-10-16 19:47:38,821 | INFO  | OMAudit | user=runner | ip=127.0.0.1 | op=READ_BUCKET {"volume":"1298a730-5afc-470c-a0da-6d8c0161d91d","bucket":"465fb2a3-7492-4812-8700-8361fd2e9e24"} | ret=SUCCESS |  
2025-10-16 19:47:38,823 | INFO  | OMAudit | user=runner | ip=127.0.0.1 | op=READ_BUCKET {"volume":"1298a730-5afc-470c-a0da-6d8c0161d91d","bucket":"465fb2a3-7492-4812-8700-8361fd2e9e24"} | ret=SUCCESS |  
2025-10-16 19:47:38,824 | INFO  | SCMAudit | user=runner | ip=127.0.0.1 | op=ALLOCATE_BLOCK {"replication":"RATIS/ONE","owner":"omServiceIdDefault","size":"4194304","sampleBlocks":"[conID: 1 locID: 115816896921600015]","num":"1","client":"","allocated":"1"} | ret=SUCCESS |  
2025-10-16 19:47:38,829 | INFO  | OMAudit | user=runner | ip=127.0.0.1 | op=ALLOCATE_KEY {"volume":"1298a730-5afc-470c-a0da-6d8c0161d91d","bucket":"465fb2a3-7492-4812-8700-8361fd2e9e24","key":"cannotRewriteRenamedKey","dataSize":"36","replicationType":"RATIS","replicationFactor":"ONE","Transaction":"45"} | ret=SUCCESS |  
2025-10-16 19:47:38,841 | INFO  | OMAudit | user=runner | ip=127.0.0.1 | op=COMMIT_KEY {"volume":"1298a730-5afc-470c-a0da-6d8c0161d91d","bucket":"465fb2a3-7492-4812-8700-8361fd2e9e24","key":"cannotRewriteRenamedKey","dataSize":"36","replicationType":"RATIS","replicationFactor":"ONE","Transaction":"46"} | ret=SUCCESS |  
2025-10-16 19:47:38,844 | INFO  | SCMAudit | user=runner | ip=127.0.0.1 | op=GET_CONTAINER_WITH_PIPELINE_BATCH {"containerIDs":"#1,"} | ret=SUCCESS |  
2025-10-16 19:47:38,845 | INFO  | OMAudit | user=runner | ip=127.0.0.1 | op=READ_KEY {"volume":"1298a730-5afc-470c-a0da-6d8c0161d91d","bucket":"465fb2a3-7492-4812-8700-8361fd2e9e24","key":"cannotRewriteRenamedKey","owner":null,"dataSize":"0","replicationConfig":null} | ret=SUCCESS |  
2025-10-16 19:47:38,850 | INFO  | OMAudit | user=runner | ip=127.0.0.1 | op=RENAME_KEY {"volume":"1298a730-5afc-470c-a0da-6d8c0161d91d","bucket":"465fb2a3-7492-4812-8700-8361fd2e9e24","dataSize":"0","srcKey":"cannotRewriteRenamedKey","dstKey":"newKeyName-OBJECT_STORE","Transaction":"47"} | ret=SUCCESS |  
2025-10-16 19:47:38,852 | INFO  | OMAudit | user=runner | ip=127.0.0.1 | op=READ_BUCKET {"volume":"1298a730-5afc-470c-a0da-6d8c0161d91d","bucket":"465fb2a3-7492-4812-8700-8361fd2e9e24"} | ret=SUCCESS |  
2025-10-16 19:47:38,854 | INFO  | SCMAudit | user=runner | ip=127.0.0.1 | op=ALLOCATE_BLOCK {"replication":"RATIS/ONE","owner":"omServiceIdDefault","size":"4194304","sampleBlocks":"[conID: 11 locID: 115816896921600016]","num":"1","client":"","allocated":"1"} | ret=SUCCESS |  
2025-10-16 19:47:38,858 [om1-OMStateMachineApplyTransactionThread - 0] ERROR key.OMKeyCreateRequest (OMKeyCreateRequest.java:logResult(400)) - Key creation failed. Volume:1298a730-5afc-470c-a0da-6d8c0161d91d, Bucket:465fb2a3-7492-4812-8700-8361fd2e9e24, Key:cannotRewriteRenamedKey. 
KEY_NOT_FOUND org.apache.hadoop.ozone.om.exceptions.OMException: Key not found during expected rewrite
	at org.apache.hadoop.ozone.om.request.key.OMKeyCreateRequest.validateAtomicRewrite(OMKeyCreateRequest.java:465)
	at org.apache.hadoop.ozone.om.request.key.OMKeyCreateRequest.validateAndUpdateCache(OMKeyCreateRequest.java:240)
	at org.apache.hadoop.ozone.protocolPB.OzoneManagerRequestHandler.lambda$0(OzoneManagerRequestHandler.java:418)
	at org.apache.hadoop.ozone.util.MetricUtil.captureLatencyNs(MetricUtil.java:45)
	at org.apache.hadoop.ozone.protocolPB.OzoneManagerRequestHandler.handleWriteRequestImpl(OzoneManagerRequestHandler.java:416)
	at org.apache.hadoop.ozone.protocolPB.RequestHandler.handleWriteRequest(RequestHandler.java:62)
	at org.apache.hadoop.ozone.om.ratis.OzoneManagerStateMachine.runCommand(OzoneManagerStateMachine.java:599)
	at org.apache.hadoop.ozone.om.ratis.OzoneManagerStateMachine.lambda$3(OzoneManagerStateMachine.java:415)
	at java.base/java.util.concurrent.CompletableFuture$AsyncSupply.run(CompletableFuture.java:1768)
	at java.base/java.util.concurrent.ThreadPoolExecutor.runWorker(ThreadPoolExecutor.java:1144)
	at java.base/java.util.concurrent.ThreadPoolExecutor$Worker.run(ThreadPoolExecutor.java:642)
	at java.base/java.lang.Thread.run(Thread.java:1583)
2025-10-16 19:47:38,858 | ERROR | OMAudit | user=runner | ip=127.0.0.1 | op=ALLOCATE_KEY {"volume":"1298a730-5afc-470c-a0da-6d8c0161d91d","bucket":"465fb2a3-7492-4812-8700-8361fd2e9e24","key":"cannotRewriteRenamedKey","dataSize":"36","replicationType":"RATIS","replicationFactor":"ONE","rewriteGeneration":"46","Transaction":"48"} | ret=FAILURE | 
org.apache.hadoop.ozone.om.exceptions.OMException: Key not found during expected rewrite
	at org.apache.hadoop.ozone.om.request.key.OMKeyCreateRequest.validateAtomicRewrite(OMKeyCreateRequest.java:465)
	at org.apache.hadoop.ozone.om.request.key.OMKeyCreateRequest.validateAndUpdateCache(OMKeyCreateRequest.java:240)
 
]]></system-out>
  </testcase>
  <testcase name="cannotRewriteRenamedKey(BucketLayout)[3]" classname="org.apache.hadoop.ozone.client.rpc.TestSecureOzoneRpcClient" time="0.049">
    <system-out><![CDATA[2025-10-16 19:47:38,862 [ForkJoinPool-1-worker-1] INFO  rpc.RpcClient (RpcClient.java:createVolume(461)) - Creating Volume: 7d0d158f-894a-453a-8656-8c934e4efbe8, with runner as owner and space quota set to -1 bytes, counts quota set to -1
2025-10-16 19:47:38,864 [om1-OMStateMachineApplyTransactionThread - 0] INFO  volume.OMVolumeCreateRequest (OMVolumeCreateRequest.java:validateAndUpdateCache(213)) - created volume:7d0d158f-894a-453a-8656-8c934e4efbe8 for user:runner
2025-10-16 19:47:38,865 | INFO  | OMAudit | user=runner | ip=127.0.0.1 | op=CREATE_VOLUME {"admin":"runner","owner":"runner","volume":"7d0d158f-894a-453a-8656-8c934e4efbe8","creationTime":"1760644058863","modificationTime":"1760644058863","quotaInBytes":"-1","quotaInNamespace":"-1","usedNamespace":"0","objectID":"-9223372036854763264","updateID":"49","Transaction":"49"} | ret=SUCCESS |  
2025-10-16 19:47:38,866 | INFO  | OMAudit | user=runner | ip=127.0.0.1 | op=READ_VOLUME {"volume":"7d0d158f-894a-453a-8656-8c934e4efbe8"} | ret=SUCCESS |  
2025-10-16 19:47:38,867 [ForkJoinPool-1-worker-1] INFO  rpc.RpcClient (RpcClient.java:createBucket(686)) - Creating Bucket: 7d0d158f-894a-453a-8656-8c934e4efbe8/ff8669ba-6d2a-44db-b7e1-304bb55ef25a, with bucket layout LEGACY, runner as owner, Versioning false, Storage Type set to DISK and Encryption set to false, Replication Type set to server-side default replication type, Namespace Quota set to -1, Space Quota set to -1 
2025-10-16 19:47:38,869 [om1-OMStateMachineApplyTransactionThread - 0] INFO  bucket.OMBucketCreateRequest (OMBucketCreateRequest.java:validateAndUpdateCache(303)) - created bucket: ff8669ba-6d2a-44db-b7e1-304bb55ef25a of layout LEGACY in volume: 7d0d158f-894a-453a-8656-8c934e4efbe8
2025-10-16 19:47:38,870 | INFO  | OMAudit | user=runner | ip=127.0.0.1 | op=CREATE_BUCKET {"volume":"7d0d158f-894a-453a-8656-8c934e4efbe8","bucket":"ff8669ba-6d2a-44db-b7e1-304bb55ef25a","bucketLayout":"LEGACY","gdprEnabled":null,"acls":"[user:runner:a[ACCESS], group:runner:rl[ACCESS]]","isVersionEnabled":"false","storageType":"DISK","creationTime":"1760644058868","bucketEncryptionKey":null,"modificationTime":"1760644058868","usedBytes":"0","usedNamespace":"0","snapshotUsedBytes":"0","snapshotUsedNamespace":"0","owner":"runner","replicationType":null,"replicationConfig":null,"quotaInBytes":"-1","quotaInNamespace":"-1","Transaction":"50"} | ret=SUCCESS |  
2025-10-16 19:47:38,871 | INFO  | OMAudit | user=runner | ip=127.0.0.1 | op=READ_BUCKET {"volume":"7d0d158f-894a-453a-8656-8c934e4efbe8","bucket":"ff8669ba-6d2a-44db-b7e1-304bb55ef25a"} | ret=SUCCESS |  
2025-10-16 19:47:38,873 | INFO  | OMAudit | user=runner | ip=127.0.0.1 | op=READ_BUCKET {"volume":"7d0d158f-894a-453a-8656-8c934e4efbe8","bucket":"ff8669ba-6d2a-44db-b7e1-304bb55ef25a"} | ret=SUCCESS |  
2025-10-16 19:47:38,874 | INFO  | SCMAudit | user=runner | ip=127.0.0.1 | op=ALLOCATE_BLOCK {"replication":"RATIS/ONE","owner":"omServiceIdDefault","size":"4194304","sampleBlocks":"[conID: 2 locID: 115816896921600017]","num":"1","client":"","allocated":"1"} | ret=SUCCESS |  
2025-10-16 19:47:38,878 | INFO  | OMAudit | user=runner | ip=127.0.0.1 | op=ALLOCATE_KEY {"volume":"7d0d158f-894a-453a-8656-8c934e4efbe8","bucket":"ff8669ba-6d2a-44db-b7e1-304bb55ef25a","key":"cannotRewriteRenamedKey","dataSize":"36","replicationType":"RATIS","replicationFactor":"ONE","Transaction":"51"} | ret=SUCCESS |  
2025-10-16 19:47:38,891 | INFO  | OMAudit | user=runner | ip=127.0.0.1 | op=COMMIT_KEY {"volume":"7d0d158f-894a-453a-8656-8c934e4efbe8","bucket":"ff8669ba-6d2a-44db-b7e1-304bb55ef25a","key":"cannotRewriteRenamedKey","dataSize":"36","replicationType":"RATIS","replicationFactor":"ONE","Transaction":"52"} | ret=SUCCESS |  
2025-10-16 19:47:38,894 | INFO  | OMAudit | user=runner | ip=127.0.0.1 | op=READ_KEY {"volume":"7d0d158f-894a-453a-8656-8c934e4efbe8","bucket":"ff8669ba-6d2a-44db-b7e1-304bb55ef25a","key":"cannotRewriteRenamedKey","owner":null,"dataSize":"0","replicationConfig":null} | ret=SUCCESS |  
2025-10-16 19:47:38,898 | INFO  | OMAudit | user=runner | ip=127.0.0.1 | op=RENAME_KEY {"volume":"7d0d158f-894a-453a-8656-8c934e4efbe8","bucket":"ff8669ba-6d2a-44db-b7e1-304bb55ef25a","dataSize":"0","srcKey":"cannotRewriteRenamedKey","dstKey":"newKeyName-LEGACY","Transaction":"53"} | ret=SUCCESS |  
2025-10-16 19:47:38,900 | INFO  | SCMAudit | user=runner | ip=127.0.0.1 | op=SEND_HEARTBEAT {"datanodeUUID":"f700af26-0e26-4136-9205-9509c82c8c70","term":"2","command":"[]"} | ret=SUCCESS |  
2025-10-16 19:47:38,901 | INFO  | OMAudit | user=runner | ip=127.0.0.1 | op=READ_BUCKET {"volume":"7d0d158f-894a-453a-8656-8c934e4efbe8","bucket":"ff8669ba-6d2a-44db-b7e1-304bb55ef25a"} | ret=SUCCESS |  
2025-10-16 19:47:38,904 | INFO  | SCMAudit | user=runner | ip=127.0.0.1 | op=ALLOCATE_BLOCK {"replication":"RATIS/ONE","owner":"omServiceIdDefault","size":"4194304","sampleBlocks":"[conID: 12 locID: 115816896921600018]","num":"1","client":"","allocated":"1"} | ret=SUCCESS |  
2025-10-16 19:47:38,907 | INFO  | SCMAudit | user=runner | ip=127.0.0.1 | op=SEND_HEARTBEAT {"datanodeUUID":"58cff6b7-b2a7-446b-a75a-bb98ad6b11b8","term":"2","command":"[]"} | ret=SUCCESS |  
2025-10-16 19:47:38,908 [om1-OMStateMachineApplyTransactionThread - 0] ERROR key.OMKeyCreateRequest (OMKeyCreateRequest.java:logResult(400)) - Key creation failed. Volume:7d0d158f-894a-453a-8656-8c934e4efbe8, Bucket:ff8669ba-6d2a-44db-b7e1-304bb55ef25a, Key:cannotRewriteRenamedKey. 
KEY_NOT_FOUND org.apache.hadoop.ozone.om.exceptions.OMException: Key not found during expected rewrite
	at org.apache.hadoop.ozone.om.request.key.OMKeyCreateRequest.validateAtomicRewrite(OMKeyCreateRequest.java:465)
	at org.apache.hadoop.ozone.om.request.key.OMKeyCreateRequest.validateAndUpdateCache(OMKeyCreateRequest.java:240)
	at org.apache.hadoop.ozone.protocolPB.OzoneManagerRequestHandler.lambda$0(OzoneManagerRequestHandler.java:418)
	at org.apache.hadoop.ozone.util.MetricUtil.captureLatencyNs(MetricUtil.java:45)
	at org.apache.hadoop.ozone.protocolPB.OzoneManagerRequestHandler.handleWriteRequestImpl(OzoneManagerRequestHandler.java:416)
	at org.apache.hadoop.ozone.protocolPB.RequestHandler.handleWriteRequest(RequestHandler.java:62)
	at org.apache.hadoop.ozone.om.ratis.OzoneManagerStateMachine.runCommand(OzoneManagerStateMachine.java:599)
	at org.apache.hadoop.ozone.om.ratis.OzoneManagerStateMachine.lambda$3(OzoneManagerStateMachine.java:415)
	at java.base/java.util.concurrent.CompletableFuture$AsyncSupply.run(CompletableFuture.java:1768)
	at java.base/java.util.concurrent.ThreadPoolExecutor.runWorker(ThreadPoolExecutor.java:1144)
	at java.base/java.util.concurrent.ThreadPoolExecutor$Worker.run(ThreadPoolExecutor.java:642)
	at java.base/java.lang.Thread.run(Thread.java:1583)
2025-10-16 19:47:38,908 | ERROR | OMAudit | user=runner | ip=127.0.0.1 | op=ALLOCATE_KEY {"volume":"7d0d158f-894a-453a-8656-8c934e4efbe8","bucket":"ff8669ba-6d2a-44db-b7e1-304bb55ef25a","key":"cannotRewriteRenamedKey","dataSize":"36","replicationType":"RATIS","replicationFactor":"ONE","rewriteGeneration":"52","Transaction":"54"} | ret=FAILURE | 
org.apache.hadoop.ozone.om.exceptions.OMException: Key not found during expected rewrite
	at org.apache.hadoop.ozone.om.request.key.OMKeyCreateRequest.validateAtomicRewrite(OMKeyCreateRequest.java:465)
	at org.apache.hadoop.ozone.om.request.key.OMKeyCreateRequest.validateAndUpdateCache(OMKeyCreateRequest.java:240)
 
]]></system-out>
  </testcase>
  <testcase name="overwriteAfterRewrite(BucketLayout)[1]" classname="org.apache.hadoop.ozone.client.rpc.TestSecureOzoneRpcClient" time="0.238">
    <system-out><![CDATA[2025-10-16 19:47:38,913 [ForkJoinPool-1-worker-1] INFO  rpc.RpcClient (RpcClient.java:createVolume(461)) - Creating Volume: 67c53d6b-8ff6-4d65-9928-c8d2092c3108, with runner as owner and space quota set to -1 bytes, counts quota set to -1
2025-10-16 19:47:38,917 [om1-OMStateMachineApplyTransactionThread - 0] INFO  volume.OMVolumeCreateRequest (OMVolumeCreateRequest.java:validateAndUpdateCache(213)) - created volume:67c53d6b-8ff6-4d65-9928-c8d2092c3108 for user:runner
2025-10-16 19:47:38,918 | INFO  | OMAudit | user=runner | ip=127.0.0.1 | op=CREATE_VOLUME {"admin":"runner","owner":"runner","volume":"67c53d6b-8ff6-4d65-9928-c8d2092c3108","creationTime":"1760644058915","modificationTime":"1760644058915","quotaInBytes":"-1","quotaInNamespace":"-1","usedNamespace":"0","objectID":"-9223372036854761728","updateID":"55","Transaction":"55"} | ret=SUCCESS |  
2025-10-16 19:47:38,920 | INFO  | OMAudit | user=runner | ip=127.0.0.1 | op=READ_VOLUME {"volume":"67c53d6b-8ff6-4d65-9928-c8d2092c3108"} | ret=SUCCESS |  
2025-10-16 19:47:38,921 [ForkJoinPool-1-worker-1] INFO  rpc.RpcClient (RpcClient.java:createBucket(686)) - Creating Bucket: 67c53d6b-8ff6-4d65-9928-c8d2092c3108/a4828530-44bd-4b64-a230-91c55afedee8, with bucket layout FILE_SYSTEM_OPTIMIZED, runner as owner, Versioning false, Storage Type set to DISK and Encryption set to false, Replication Type set to server-side default replication type, Namespace Quota set to -1, Space Quota set to -1 
2025-10-16 19:47:38,924 [om1-OMStateMachineApplyTransactionThread - 0] INFO  bucket.OMBucketCreateRequest (OMBucketCreateRequest.java:validateAndUpdateCache(303)) - created bucket: a4828530-44bd-4b64-a230-91c55afedee8 of layout FILE_SYSTEM_OPTIMIZED in volume: 67c53d6b-8ff6-4d65-9928-c8d2092c3108
2025-10-16 19:47:38,924 | INFO  | OMAudit | user=runner | ip=127.0.0.1 | op=CREATE_BUCKET {"volume":"67c53d6b-8ff6-4d65-9928-c8d2092c3108","bucket":"a4828530-44bd-4b64-a230-91c55afedee8","bucketLayout":"FILE_SYSTEM_OPTIMIZED","gdprEnabled":null,"acls":"[user:runner:a[ACCESS], group:runner:rl[ACCESS]]","isVersionEnabled":"false","storageType":"DISK","creationTime":"1760644058922","bucketEncryptionKey":null,"modificationTime":"1760644058922","usedBytes":"0","usedNamespace":"0","snapshotUsedBytes":"0","snapshotUsedNamespace":"0","owner":"runner","replicationType":null,"replicationConfig":null,"quotaInBytes":"-1","quotaInNamespace":"-1","Transaction":"56"} | ret=SUCCESS |  
2025-10-16 19:47:38,927 | INFO  | OMAudit | user=runner | ip=127.0.0.1 | op=READ_BUCKET {"volume":"67c53d6b-8ff6-4d65-9928-c8d2092c3108","bucket":"a4828530-44bd-4b64-a230-91c55afedee8"} | ret=SUCCESS |  
2025-10-16 19:47:38,930 | INFO  | OMAudit | user=runner | ip=127.0.0.1 | op=READ_BUCKET {"volume":"67c53d6b-8ff6-4d65-9928-c8d2092c3108","bucket":"a4828530-44bd-4b64-a230-91c55afedee8"} | ret=SUCCESS |  
2025-10-16 19:47:38,931 | INFO  | SCMAudit | user=runner | ip=127.0.0.1 | op=ALLOCATE_BLOCK {"replication":"RATIS/ONE","owner":"omServiceIdDefault","size":"4194304","sampleBlocks":"[conID: 6 locID: 115816896921600019]","num":"1","client":"","allocated":"1"} | ret=SUCCESS |  
2025-10-16 19:47:38,935 | INFO  | OMAudit | user=runner | ip=127.0.0.1 | op=ALLOCATE_KEY {"volume":"67c53d6b-8ff6-4d65-9928-c8d2092c3108","bucket":"a4828530-44bd-4b64-a230-91c55afedee8","key":"overwriteAfterRewrite","dataSize":"36","replicationType":"RATIS","replicationFactor":"ONE","Transaction":"57"} | ret=SUCCESS |  
2025-10-16 19:47:38,950 | INFO  | ContainerLog | ID=6 | Index=0 | BCSID=0 | State=OPEN | Volume=/home/runner/work/ozone/ozone/hadoop-ozone/integration-test/target/test-dir/MiniOzoneClusterImpl-e7911277-7775-4457-96c8-94071a26a1ce/ozone-metadata/datanode-3/data-0/hdds | DataChecksum=0 |  
2025-10-16 19:47:38,952 | INFO  | SCMAudit | user=runner | ip=127.0.0.1 | op=SEND_HEARTBEAT {"datanodeUUID":"764b18f0-81c5-439a-9fff-25adc4f241fa","term":"2","command":"[]"} | ret=SUCCESS |  
2025-10-16 19:47:38,961 | INFO  | OMAudit | user=runner | ip=127.0.0.1 | op=COMMIT_KEY {"volume":"67c53d6b-8ff6-4d65-9928-c8d2092c3108","bucket":"a4828530-44bd-4b64-a230-91c55afedee8","key":"overwriteAfterRewrite","dataSize":"36","replicationType":"RATIS","replicationFactor":"ONE","Transaction":"58"} | ret=SUCCESS |  
2025-10-16 19:47:38,961 | INFO  | SCMAudit | user=runner | ip=127.0.0.1 | op=SEND_HEARTBEAT {"datanodeUUID":"aa213937-adc5-47da-a770-0ee1e4664344","term":"2","command":"[]"} | ret=SUCCESS |  
2025-10-16 19:47:38,966 | INFO  | SCMAudit | user=runner | ip=127.0.0.1 | op=GET_CONTAINER_WITH_PIPELINE_BATCH {"containerIDs":"#6,"} | ret=SUCCESS |  
2025-10-16 19:47:38,966 | INFO  | OMAudit | user=runner | ip=127.0.0.1 | op=READ_KEY {"volume":"67c53d6b-8ff6-4d65-9928-c8d2092c3108","bucket":"a4828530-44bd-4b64-a230-91c55afedee8","key":"overwriteAfterRewrite","owner":null,"dataSize":"0","replicationConfig":null} | ret=SUCCESS |  
2025-10-16 19:47:38,970 | INFO  | OMAudit | user=runner | ip=127.0.0.1 | op=READ_BUCKET {"volume":"67c53d6b-8ff6-4d65-9928-c8d2092c3108","bucket":"a4828530-44bd-4b64-a230-91c55afedee8"} | ret=SUCCESS |  
2025-10-16 19:47:38,971 | INFO  | SCMAudit | user=runner | ip=127.0.0.1 | op=ALLOCATE_BLOCK {"replication":"RATIS/ONE","owner":"omServiceIdDefault","size":"4194304","sampleBlocks":"[conID: 6 locID: 115816896921600020]","num":"1","client":"","allocated":"1"} | ret=SUCCESS |  
2025-10-16 19:47:38,975 | INFO  | OMAudit | user=runner | ip=127.0.0.1 | op=ALLOCATE_KEY {"volume":"67c53d6b-8ff6-4d65-9928-c8d2092c3108","bucket":"a4828530-44bd-4b64-a230-91c55afedee8","key":"overwriteAfterRewrite","dataSize":"36","replicationType":"RATIS","replicationFactor":"ONE","rewriteGeneration":"58","Transaction":"59"} | ret=SUCCESS |  
2025-10-16 19:47:38,991 | INFO  | OMAudit | user=runner | ip=127.0.0.1 | op=COMMIT_KEY {"volume":"67c53d6b-8ff6-4d65-9928-c8d2092c3108","bucket":"a4828530-44bd-4b64-a230-91c55afedee8","key":"overwriteAfterRewrite","dataSize":"7","replicationType":"RATIS","replicationFactor":"ONE","rewriteGeneration":"58","Transaction":"60"} | ret=SUCCESS |  
2025-10-16 19:47:38,994 | INFO  | OMAudit | user=runner | ip=127.0.0.1 | op=READ_BUCKET {"volume":"67c53d6b-8ff6-4d65-9928-c8d2092c3108","bucket":"a4828530-44bd-4b64-a230-91c55afedee8"} | ret=SUCCESS |  
2025-10-16 19:47:38,995 | INFO  | SCMAudit | user=runner | ip=127.0.0.1 | op=ALLOCATE_BLOCK {"replication":"RATIS/ONE","owner":"omServiceIdDefault","size":"4194304","sampleBlocks":"[conID: 2 locID: 115816896921600021]","num":"1","client":"","allocated":"1"} | ret=SUCCESS |  
2025-10-16 19:47:38,999 | INFO  | OMAudit | user=runner | ip=127.0.0.1 | op=ALLOCATE_KEY {"volume":"67c53d6b-8ff6-4d65-9928-c8d2092c3108","bucket":"a4828530-44bd-4b64-a230-91c55afedee8","key":"overwriteAfterRewrite","dataSize":"9","replicationType":"RATIS","replicationFactor":"ONE","Transaction":"61"} | ret=SUCCESS |  
2025-10-16 19:47:39,013 | INFO  | OMAudit | user=runner | ip=127.0.0.1 | op=COMMIT_KEY {"volume":"67c53d6b-8ff6-4d65-9928-c8d2092c3108","bucket":"a4828530-44bd-4b64-a230-91c55afedee8","key":"overwriteAfterRewrite","dataSize":"9","replicationType":"RATIS","replicationFactor":"ONE","Transaction":"62"} | ret=SUCCESS |  
2025-10-16 19:47:39,017 | INFO  | OMAudit | user=runner | ip=127.0.0.1 | op=READ_KEY {"volume":"67c53d6b-8ff6-4d65-9928-c8d2092c3108","bucket":"a4828530-44bd-4b64-a230-91c55afedee8","key":"overwriteAfterRewrite","owner":null,"dataSize":"0","replicationConfig":null} | ret=SUCCESS |  
2025-10-16 19:47:39,020 | INFO  | OMAudit | user=runner | ip=127.0.0.1 | op=READ_KEY {"volume":"67c53d6b-8ff6-4d65-9928-c8d2092c3108","bucket":"a4828530-44bd-4b64-a230-91c55afedee8","key":"overwriteAfterRewrite","owner":null,"dataSize":"0","replicationConfig":null} | ret=SUCCESS |  
2025-10-16 19:47:39,023 | INFO  | OMAudit | user=runner | ip=127.0.0.1 | op=READ_KEY {"volume":"67c53d6b-8ff6-4d65-9928-c8d2092c3108","bucket":"a4828530-44bd-4b64-a230-91c55afedee8","key":"overwriteAfterRewrite","owner":null,"dataSize":"0","replicationConfig":null} | ret=SUCCESS |  
2025-10-16 19:47:39,115 | INFO  | SCMAudit | user=runner | ip=127.0.0.1 | op=SEND_HEARTBEAT {"datanodeUUID":"0e8b6cc7-9945-4141-97fc-6aa017a0d5fa","term":"2","command":"[]"} | ret=SUCCESS |  
2025-10-16 19:47:39,115 | INFO  | SCMAudit | user=runner | ip=127.0.0.1 | op=SEND_HEARTBEAT {"datanodeUUID":"c0724e9c-0dd4-4d47-992c-7bfe285fdd38","term":"2","command":"[]"} | ret=SUCCESS |  
]]></system-out>
  </testcase>
  <testcase name="overwriteAfterRewrite(BucketLayout)[2]" classname="org.apache.hadoop.ozone.client.rpc.TestSecureOzoneRpcClient" time="0.135">
    <system-out><![CDATA[2025-10-16 19:47:39,152 [ForkJoinPool-1-worker-1] INFO  rpc.RpcClient (RpcClient.java:createVolume(461)) - Creating Volume: e9dfc2b1-ca74-4b4d-bb7d-f67ce8499a84, with runner as owner and space quota set to -1 bytes, counts quota set to -1
2025-10-16 19:47:39,153 | INFO  | SCMAudit | user=runner | ip=127.0.0.1 | op=SEND_HEARTBEAT {"datanodeUUID":"0428ab3f-efd5-438e-ae11-9ec242443260","term":"2","command":"[]"} | ret=SUCCESS |  
2025-10-16 19:47:39,156 [om1-OMStateMachineApplyTransactionThread - 0] INFO  volume.OMVolumeCreateRequest (OMVolumeCreateRequest.java:validateAndUpdateCache(213)) - created volume:e9dfc2b1-ca74-4b4d-bb7d-f67ce8499a84 for user:runner
2025-10-16 19:47:39,156 | INFO  | OMAudit | user=runner | ip=127.0.0.1 | op=CREATE_VOLUME {"admin":"runner","owner":"runner","volume":"e9dfc2b1-ca74-4b4d-bb7d-f67ce8499a84","creationTime":"1760644059153","modificationTime":"1760644059153","quotaInBytes":"-1","quotaInNamespace":"-1","usedNamespace":"0","objectID":"-9223372036854759680","updateID":"63","Transaction":"63"} | ret=SUCCESS |  
2025-10-16 19:47:39,158 | INFO  | OMAudit | user=runner | ip=127.0.0.1 | op=READ_VOLUME {"volume":"e9dfc2b1-ca74-4b4d-bb7d-f67ce8499a84"} | ret=SUCCESS |  
2025-10-16 19:47:39,159 [ForkJoinPool-1-worker-1] INFO  rpc.RpcClient (RpcClient.java:createBucket(686)) - Creating Bucket: e9dfc2b1-ca74-4b4d-bb7d-f67ce8499a84/efab31fe-3f53-4ac4-9533-fb47c4ecbd16, with bucket layout OBJECT_STORE, runner as owner, Versioning false, Storage Type set to DISK and Encryption set to false, Replication Type set to server-side default replication type, Namespace Quota set to -1, Space Quota set to -1 
2025-10-16 19:47:39,163 [om1-OMStateMachineApplyTransactionThread - 0] INFO  bucket.OMBucketCreateRequest (OMBucketCreateRequest.java:validateAndUpdateCache(303)) - created bucket: efab31fe-3f53-4ac4-9533-fb47c4ecbd16 of layout OBJECT_STORE in volume: e9dfc2b1-ca74-4b4d-bb7d-f67ce8499a84
2025-10-16 19:47:39,163 | INFO  | OMAudit | user=runner | ip=127.0.0.1 | op=CREATE_BUCKET {"volume":"e9dfc2b1-ca74-4b4d-bb7d-f67ce8499a84","bucket":"efab31fe-3f53-4ac4-9533-fb47c4ecbd16","bucketLayout":"OBJECT_STORE","gdprEnabled":null,"acls":"[user:runner:a[ACCESS], group:runner:rl[ACCESS]]","isVersionEnabled":"false","storageType":"DISK","creationTime":"1760644059161","bucketEncryptionKey":null,"modificationTime":"1760644059161","usedBytes":"0","usedNamespace":"0","snapshotUsedBytes":"0","snapshotUsedNamespace":"0","owner":"runner","replicationType":null,"replicationConfig":null,"quotaInBytes":"-1","quotaInNamespace":"-1","Transaction":"64"} | ret=SUCCESS |  
2025-10-16 19:47:39,166 | INFO  | OMAudit | user=runner | ip=127.0.0.1 | op=READ_BUCKET {"volume":"e9dfc2b1-ca74-4b4d-bb7d-f67ce8499a84","bucket":"efab31fe-3f53-4ac4-9533-fb47c4ecbd16"} | ret=SUCCESS |  
2025-10-16 19:47:39,168 | INFO  | OMAudit | user=runner | ip=127.0.0.1 | op=READ_BUCKET {"volume":"e9dfc2b1-ca74-4b4d-bb7d-f67ce8499a84","bucket":"efab31fe-3f53-4ac4-9533-fb47c4ecbd16"} | ret=SUCCESS |  
2025-10-16 19:47:39,169 | INFO  | SCMAudit | user=runner | ip=127.0.0.1 | op=ALLOCATE_BLOCK {"replication":"RATIS/ONE","owner":"omServiceIdDefault","size":"4194304","sampleBlocks":"[conID: 5 locID: 115816896921600022]","num":"1","client":"","allocated":"1"} | ret=SUCCESS |  
2025-10-16 19:47:39,173 | INFO  | OMAudit | user=runner | ip=127.0.0.1 | op=ALLOCATE_KEY {"volume":"e9dfc2b1-ca74-4b4d-bb7d-f67ce8499a84","bucket":"efab31fe-3f53-4ac4-9533-fb47c4ecbd16","key":"overwriteAfterRewrite","dataSize":"36","replicationType":"RATIS","replicationFactor":"ONE","Transaction":"65"} | ret=SUCCESS |  
2025-10-16 19:47:39,177 | INFO  | SCMAudit | user=runner | ip=127.0.0.1 | op=SEND_HEARTBEAT {"datanodeUUID":"8a3c3252-9afe-4d3a-8492-25be6557678a","term":"2","command":"[]"} | ret=SUCCESS |  
2025-10-16 19:47:39,187 | INFO  | OMAudit | user=runner | ip=127.0.0.1 | op=COMMIT_KEY {"volume":"e9dfc2b1-ca74-4b4d-bb7d-f67ce8499a84","bucket":"efab31fe-3f53-4ac4-9533-fb47c4ecbd16","key":"overwriteAfterRewrite","dataSize":"36","replicationType":"RATIS","replicationFactor":"ONE","Transaction":"66"} | ret=SUCCESS |  
2025-10-16 19:47:39,190 | INFO  | SCMAudit | user=runner | ip=127.0.0.1 | op=GET_CONTAINER_WITH_PIPELINE_BATCH {"containerIDs":"#5,"} | ret=SUCCESS |  
2025-10-16 19:47:39,190 | INFO  | OMAudit | user=runner | ip=127.0.0.1 | op=READ_KEY {"volume":"e9dfc2b1-ca74-4b4d-bb7d-f67ce8499a84","bucket":"efab31fe-3f53-4ac4-9533-fb47c4ecbd16","key":"overwriteAfterRewrite","owner":null,"dataSize":"0","replicationConfig":null} | ret=SUCCESS |  
2025-10-16 19:47:39,193 | INFO  | OMAudit | user=runner | ip=127.0.0.1 | op=READ_BUCKET {"volume":"e9dfc2b1-ca74-4b4d-bb7d-f67ce8499a84","bucket":"efab31fe-3f53-4ac4-9533-fb47c4ecbd16"} | ret=SUCCESS |  
2025-10-16 19:47:39,193 | INFO  | SCMAudit | user=runner | ip=127.0.0.1 | op=SEND_HEARTBEAT {"datanodeUUID":"702cb173-5c73-4ecc-b5cd-c7b4a6b66aea","term":"2","command":"[]"} | ret=SUCCESS |  
2025-10-16 19:47:39,194 | INFO  | SCMAudit | user=runner | ip=127.0.0.1 | op=ALLOCATE_BLOCK {"replication":"RATIS/ONE","owner":"omServiceIdDefault","size":"4194304","sampleBlocks":"[conID: 12 locID: 115816896921600023]","num":"1","client":"","allocated":"1"} | ret=SUCCESS |  
2025-10-16 19:47:39,197 | INFO  | OMAudit | user=runner | ip=127.0.0.1 | op=ALLOCATE_KEY {"volume":"e9dfc2b1-ca74-4b4d-bb7d-f67ce8499a84","bucket":"efab31fe-3f53-4ac4-9533-fb47c4ecbd16","key":"overwriteAfterRewrite","dataSize":"36","replicationType":"RATIS","replicationFactor":"ONE","rewriteGeneration":"66","Transaction":"67"} | ret=SUCCESS |  
2025-10-16 19:47:39,209 | INFO  | SCMAudit | user=runner | ip=127.0.0.1 | op=SEND_HEARTBEAT {"datanodeUUID":"76d4ba71-5bbb-4b24-8f51-8bc7f78aaca4","term":"2","command":"[]"} | ret=SUCCESS |  
2025-10-16 19:47:39,219 | INFO  | ContainerLog | ID=12 | Index=0 | BCSID=0 | State=OPEN | Volume=/home/runner/work/ozone/ozone/hadoop-ozone/integration-test/target/test-dir/MiniOzoneClusterImpl-e7911277-7775-4457-96c8-94071a26a1ce/ozone-metadata/datanode-2/data-0/hdds | DataChecksum=0 |  
2025-10-16 19:47:39,221 | INFO  | SCMAudit | user=runner | ip=127.0.0.1 | op=SEND_HEARTBEAT {"datanodeUUID":"8a3c3252-9afe-4d3a-8492-25be6557678a","term":"2","command":"[]"} | ret=SUCCESS |  
2025-10-16 19:47:39,229 | INFO  | OMAudit | user=runner | ip=127.0.0.1 | op=COMMIT_KEY {"volume":"e9dfc2b1-ca74-4b4d-bb7d-f67ce8499a84","bucket":"efab31fe-3f53-4ac4-9533-fb47c4ecbd16","key":"overwriteAfterRewrite","dataSize":"7","replicationType":"RATIS","replicationFactor":"ONE","rewriteGeneration":"66","Transaction":"68"} | ret=SUCCESS |  
2025-10-16 19:47:39,232 | INFO  | OMAudit | user=runner | ip=127.0.0.1 | op=READ_BUCKET {"volume":"e9dfc2b1-ca74-4b4d-bb7d-f67ce8499a84","bucket":"efab31fe-3f53-4ac4-9533-fb47c4ecbd16"} | ret=SUCCESS |  
2025-10-16 19:47:39,235 | INFO  | SCMAudit | user=runner | ip=127.0.0.1 | op=ALLOCATE_BLOCK {"replication":"RATIS/ONE","owner":"omServiceIdDefault","size":"4194304","sampleBlocks":"[conID: 13 locID: 115816896921600024]","num":"1","client":"","allocated":"1"} | ret=SUCCESS |  
2025-10-16 19:47:39,239 | INFO  | OMAudit | user=runner | ip=127.0.0.1 | op=ALLOCATE_KEY {"volume":"e9dfc2b1-ca74-4b4d-bb7d-f67ce8499a84","bucket":"efab31fe-3f53-4ac4-9533-fb47c4ecbd16","key":"overwriteAfterRewrite","dataSize":"9","replicationType":"RATIS","replicationFactor":"ONE","Transaction":"69"} | ret=SUCCESS |  
2025-10-16 19:47:39,255 | INFO  | ContainerLog | ID=13 | Index=0 | BCSID=0 | State=OPEN | Volume=/home/runner/work/ozone/ozone/hadoop-ozone/integration-test/target/test-dir/MiniOzoneClusterImpl-e7911277-7775-4457-96c8-94071a26a1ce/ozone-metadata/datanode-5/data-0/hdds | DataChecksum=0 |  
2025-10-16 19:47:39,257 | INFO  | SCMAudit | user=runner | ip=127.0.0.1 | op=SEND_HEARTBEAT {"datanodeUUID":"58cff6b7-b2a7-446b-a75a-bb98ad6b11b8","term":"2","command":"[]"} | ret=SUCCESS |  
2025-10-16 19:47:39,265 | INFO  | OMAudit | user=runner | ip=127.0.0.1 | op=COMMIT_KEY {"volume":"e9dfc2b1-ca74-4b4d-bb7d-f67ce8499a84","bucket":"efab31fe-3f53-4ac4-9533-fb47c4ecbd16","key":"overwriteAfterRewrite","dataSize":"9","replicationType":"RATIS","replicationFactor":"ONE","Transaction":"70"} | ret=SUCCESS |  
2025-10-16 19:47:39,268 | INFO  | SCMAudit | user=runner | ip=127.0.0.1 | op=GET_CONTAINER_WITH_PIPELINE_BATCH {"containerIDs":"#13,"} | ret=SUCCESS |  
2025-10-16 19:47:39,269 | INFO  | OMAudit | user=runner | ip=127.0.0.1 | op=READ_KEY {"volume":"e9dfc2b1-ca74-4b4d-bb7d-f67ce8499a84","bucket":"efab31fe-3f53-4ac4-9533-fb47c4ecbd16","key":"overwriteAfterRewrite","owner":null,"dataSize":"0","replicationConfig":null} | ret=SUCCESS |  
2025-10-16 19:47:39,273 | INFO  | OMAudit | user=runner | ip=127.0.0.1 | op=READ_KEY {"volume":"e9dfc2b1-ca74-4b4d-bb7d-f67ce8499a84","bucket":"efab31fe-3f53-4ac4-9533-fb47c4ecbd16","key":"overwriteAfterRewrite","owner":null,"dataSize":"0","replicationConfig":null} | ret=SUCCESS |  
2025-10-16 19:47:39,275 | INFO  | OMAudit | user=runner | ip=127.0.0.1 | op=READ_KEY {"volume":"e9dfc2b1-ca74-4b4d-bb7d-f67ce8499a84","bucket":"efab31fe-3f53-4ac4-9533-fb47c4ecbd16","key":"overwriteAfterRewrite","owner":null,"dataSize":"0","replicationConfig":null} | ret=SUCCESS |  
]]></system-out>
  </testcase>
  <testcase name="overwriteAfterRewrite(BucketLayout)[3]" classname="org.apache.hadoop.ozone.client.rpc.TestSecureOzoneRpcClient" time="0.136">
    <system-out><![CDATA[2025-10-16 19:47:39,288 [ForkJoinPool-1-worker-1] INFO  rpc.RpcClient (RpcClient.java:createVolume(461)) - Creating Volume: cad97e4c-8221-4cde-bb36-a6f30a68cecf, with runner as owner and space quota set to -1 bytes, counts quota set to -1
2025-10-16 19:47:39,293 [om1-OMStateMachineApplyTransactionThread - 0] INFO  volume.OMVolumeCreateRequest (OMVolumeCreateRequest.java:validateAndUpdateCache(213)) - created volume:cad97e4c-8221-4cde-bb36-a6f30a68cecf for user:runner
2025-10-16 19:47:39,293 | INFO  | OMAudit | user=runner | ip=127.0.0.1 | op=CREATE_VOLUME {"admin":"runner","owner":"runner","volume":"cad97e4c-8221-4cde-bb36-a6f30a68cecf","creationTime":"1760644059291","modificationTime":"1760644059291","quotaInBytes":"-1","quotaInNamespace":"-1","usedNamespace":"0","objectID":"-9223372036854757632","updateID":"71","Transaction":"71"} | ret=SUCCESS |  
2025-10-16 19:47:39,295 | INFO  | OMAudit | user=runner | ip=127.0.0.1 | op=READ_VOLUME {"volume":"cad97e4c-8221-4cde-bb36-a6f30a68cecf"} | ret=SUCCESS |  
2025-10-16 19:47:39,296 [ForkJoinPool-1-worker-1] INFO  rpc.RpcClient (RpcClient.java:createBucket(686)) - Creating Bucket: cad97e4c-8221-4cde-bb36-a6f30a68cecf/e1ce3c1c-e988-4b57-8cf6-91e878f3e2a7, with bucket layout LEGACY, runner as owner, Versioning false, Storage Type set to DISK and Encryption set to false, Replication Type set to server-side default replication type, Namespace Quota set to -1, Space Quota set to -1 
2025-10-16 19:47:39,299 [om1-OMStateMachineApplyTransactionThread - 0] INFO  bucket.OMBucketCreateRequest (OMBucketCreateRequest.java:validateAndUpdateCache(303)) - created bucket: e1ce3c1c-e988-4b57-8cf6-91e878f3e2a7 of layout LEGACY in volume: cad97e4c-8221-4cde-bb36-a6f30a68cecf
2025-10-16 19:47:39,299 | INFO  | OMAudit | user=runner | ip=127.0.0.1 | op=CREATE_BUCKET {"volume":"cad97e4c-8221-4cde-bb36-a6f30a68cecf","bucket":"e1ce3c1c-e988-4b57-8cf6-91e878f3e2a7","bucketLayout":"LEGACY","gdprEnabled":null,"acls":"[user:runner:a[ACCESS], group:runner:rl[ACCESS]]","isVersionEnabled":"false","storageType":"DISK","creationTime":"1760644059297","bucketEncryptionKey":null,"modificationTime":"1760644059297","usedBytes":"0","usedNamespace":"0","snapshotUsedBytes":"0","snapshotUsedNamespace":"0","owner":"runner","replicationType":null,"replicationConfig":null,"quotaInBytes":"-1","quotaInNamespace":"-1","Transaction":"72"} | ret=SUCCESS |  
2025-10-16 19:47:39,301 | INFO  | OMAudit | user=runner | ip=127.0.0.1 | op=READ_BUCKET {"volume":"cad97e4c-8221-4cde-bb36-a6f30a68cecf","bucket":"e1ce3c1c-e988-4b57-8cf6-91e878f3e2a7"} | ret=SUCCESS |  
2025-10-16 19:47:39,303 | INFO  | OMAudit | user=runner | ip=127.0.0.1 | op=READ_BUCKET {"volume":"cad97e4c-8221-4cde-bb36-a6f30a68cecf","bucket":"e1ce3c1c-e988-4b57-8cf6-91e878f3e2a7"} | ret=SUCCESS |  
2025-10-16 19:47:39,304 | INFO  | SCMAudit | user=runner | ip=127.0.0.1 | op=ALLOCATE_BLOCK {"replication":"RATIS/ONE","owner":"omServiceIdDefault","size":"4194304","sampleBlocks":"[conID: 5 locID: 115816896921600025]","num":"1","client":"","allocated":"1"} | ret=SUCCESS |  
2025-10-16 19:47:39,307 | INFO  | OMAudit | user=runner | ip=127.0.0.1 | op=ALLOCATE_KEY {"volume":"cad97e4c-8221-4cde-bb36-a6f30a68cecf","bucket":"e1ce3c1c-e988-4b57-8cf6-91e878f3e2a7","key":"overwriteAfterRewrite","dataSize":"36","replicationType":"RATIS","replicationFactor":"ONE","Transaction":"73"} | ret=SUCCESS |  
2025-10-16 19:47:39,320 | INFO  | OMAudit | user=runner | ip=127.0.0.1 | op=COMMIT_KEY {"volume":"cad97e4c-8221-4cde-bb36-a6f30a68cecf","bucket":"e1ce3c1c-e988-4b57-8cf6-91e878f3e2a7","key":"overwriteAfterRewrite","dataSize":"36","replicationType":"RATIS","replicationFactor":"ONE","Transaction":"74"} | ret=SUCCESS |  
2025-10-16 19:47:39,323 | INFO  | OMAudit | user=runner | ip=127.0.0.1 | op=READ_KEY {"volume":"cad97e4c-8221-4cde-bb36-a6f30a68cecf","bucket":"e1ce3c1c-e988-4b57-8cf6-91e878f3e2a7","key":"overwriteAfterRewrite","owner":null,"dataSize":"0","replicationConfig":null} | ret=SUCCESS |  
2025-10-16 19:47:39,325 | INFO  | OMAudit | user=runner | ip=127.0.0.1 | op=READ_BUCKET {"volume":"cad97e4c-8221-4cde-bb36-a6f30a68cecf","bucket":"e1ce3c1c-e988-4b57-8cf6-91e878f3e2a7"} | ret=SUCCESS |  
2025-10-16 19:47:39,326 | INFO  | SCMAudit | user=runner | ip=127.0.0.1 | op=ALLOCATE_BLOCK {"replication":"RATIS/ONE","owner":"omServiceIdDefault","size":"4194304","sampleBlocks":"[conID: 12 locID: 115816896921600026]","num":"1","client":"","allocated":"1"} | ret=SUCCESS |  
2025-10-16 19:47:39,330 | INFO  | OMAudit | user=runner | ip=127.0.0.1 | op=ALLOCATE_KEY {"volume":"cad97e4c-8221-4cde-bb36-a6f30a68cecf","bucket":"e1ce3c1c-e988-4b57-8cf6-91e878f3e2a7","key":"overwriteAfterRewrite","dataSize":"36","replicationType":"RATIS","replicationFactor":"ONE","rewriteGeneration":"74","Transaction":"75"} | ret=SUCCESS |  
2025-10-16 19:47:39,343 | INFO  | OMAudit | user=runner | ip=127.0.0.1 | op=COMMIT_KEY {"volume":"cad97e4c-8221-4cde-bb36-a6f30a68cecf","bucket":"e1ce3c1c-e988-4b57-8cf6-91e878f3e2a7","key":"overwriteAfterRewrite","dataSize":"7","replicationType":"RATIS","replicationFactor":"ONE","rewriteGeneration":"74","Transaction":"76"} | ret=SUCCESS |  
2025-10-16 19:47:39,346 | INFO  | OMAudit | user=runner | ip=127.0.0.1 | op=READ_BUCKET {"volume":"cad97e4c-8221-4cde-bb36-a6f30a68cecf","bucket":"e1ce3c1c-e988-4b57-8cf6-91e878f3e2a7"} | ret=SUCCESS |  
2025-10-16 19:47:39,348 | INFO  | SCMAudit | user=runner | ip=127.0.0.1 | op=ALLOCATE_BLOCK {"replication":"RATIS/ONE","owner":"omServiceIdDefault","size":"4194304","sampleBlocks":"[conID: 9 locID: 115816896921600027]","num":"1","client":"","allocated":"1"} | ret=SUCCESS |  
2025-10-16 19:47:39,351 | INFO  | OMAudit | user=runner | ip=127.0.0.1 | op=ALLOCATE_KEY {"volume":"cad97e4c-8221-4cde-bb36-a6f30a68cecf","bucket":"e1ce3c1c-e988-4b57-8cf6-91e878f3e2a7","key":"overwriteAfterRewrite","dataSize":"9","replicationType":"RATIS","replicationFactor":"ONE","Transaction":"77"} | ret=SUCCESS |  
2025-10-16 19:47:39,367 [om1-KeyDeletingService#5] INFO  service.KeyDeletingService (KeyDeletingService.java:processKeyDeletes(151)) - Send 8 key(s) to SCM, first 8 keys: [PurgedKey{blockGroup=BlockGroup[groupID='/7783d5d6-4c6c-4941-ad2b-d12740b576eb/29e121f2-5e33-47a5-8b97-694eb67df777/cannotRewriteDeletedKey/-9223372036854768896/0', blockIDs=[conID: 3 locID: 115816896921600009 bcsId: 0 replicaIndex: null]], volume='7783d5d6-4c6c-4941-ad2b-d12740b576eb', bucket='29e121f2-5e33-47a5-8b97-694eb67df777', bucketId=-9223372036854769152, purgedBytes=36, isCommittedKey=true, deleteKeyName='/7783d5d6-4c6c-4941-ad2b-d12740b576eb/29e121f2-5e33-47a5-8b97-694eb67df777/cannotRewriteDeletedKey/-9223372036854768896'}, PurgedKey{blockGroup=BlockGroup[groupID='/67c53d6b-8ff6-4d65-9928-c8d2092c3108/a4828530-44bd-4b64-a230-91c55afedee8/overwriteAfterRewrite/-9223372036854759936/0', blockIDs=[conID: 6 locID: 115816896921600020 bcsId: 0 replicaIndex: null]], volume='67c53d6b-8ff6-4d65-9928-c8d2092c3108', bucket='a4828530-44bd-4b64-a230-91c55afedee8', bucketId=-9223372036854761472, purgedBytes=7, isCommittedKey=true, deleteKeyName='/67c53d6b-8ff6-4d65-9928-c8d2092c3108/a4828530-44bd-4b64-a230-91c55afedee8/overwriteAfterRewrite/-9223372036854759936'}, PurgedKey{blockGroup=BlockGroup[groupID='/67c53d6b-8ff6-4d65-9928-c8d2092c3108/a4828530-44bd-4b64-a230-91c55afedee8/overwriteAfterRewrite/-9223372036854760448/0', blockIDs=[conID: 6 locID: 115816896921600019 bcsId: 0 replicaIndex: null]], volume='67c53d6b-8ff6-4d65-9928-c8d2092c3108', bucket='a4828530-44bd-4b64-a230-91c55afedee8', bucketId=-9223372036854761472, purgedBytes=36, isCommittedKey=true, deleteKeyName='/67c53d6b-8ff6-4d65-9928-c8d2092c3108/a4828530-44bd-4b64-a230-91c55afedee8/overwriteAfterRewrite/-9223372036854760448'}, PurgedKey{blockGroup=BlockGroup[groupID='/9977d23f-e5f3-415e-a5b0-d5695ce15d8d/bf502af5-c1ed-47dd-8054-525480a97497/cannotRewriteDeletedKey/-9223372036854770431/0', blockIDs=[conID: 2 locID: 115816896921600007 bcsId: 0 replicaIndex: null]], volume='9977d23f-e5f3-415e-a5b0-d5695ce15d8d', bucket='bf502af5-c1ed-47dd-8054-525480a97497', bucketId=-9223372036854770688, purgedBytes=36, isCommittedKey=true, deleteKeyName='/9977d23f-e5f3-415e-a5b0-d5695ce15d8d/bf502af5-c1ed-47dd-8054-525480a97497/cannotRewriteDeletedKey/-9223372036854770431'}, PurgedKey{blockGroup=BlockGroup[groupID='/e9dfc2b1-ca74-4b4d-bb7d-f67ce8499a84/efab31fe-3f53-4ac4-9533-fb47c4ecbd16/overwriteAfterRewrite/-9223372036854758400/0', blockIDs=[conID: 5 locID: 115816896921600022 bcsId: 0 replicaIndex: null]], volume='e9dfc2b1-ca74-4b4d-bb7d-f67ce8499a84', bucket='efab31fe-3f53-4ac4-9533-fb47c4ecbd16', bucketId=-9223372036854759424, purgedBytes=36, isCommittedKey=true, deleteKeyName='/e9dfc2b1-ca74-4b4d-bb7d-f67ce8499a84/efab31fe-3f53-4ac4-9533-fb47c4ecbd16/overwriteAfterRewrite/-9223372036854758400'}, PurgedKey{blockGroup=BlockGroup[groupID='/cad97e4c-8221-4cde-bb36-a6f30a68cecf/e1ce3c1c-e988-4b57-8cf6-91e878f3e2a7/overwriteAfterRewrite/-9223372036854756352/0', blockIDs=[conID: 5 locID: 115816896921600025 bcsId: 0 replicaIndex: null]], volume='cad97e4c-8221-4cde-bb36-a6f30a68cecf', bucket='e1ce3c1c-e988-4b57-8cf6-91e878f3e2a7', bucketId=-9223372036854757376, purgedBytes=36, isCommittedKey=true, deleteKeyName='/cad97e4c-8221-4cde-bb36-a6f30a68cecf/e1ce3c1c-e988-4b57-8cf6-91e878f3e2a7/overwriteAfterRewrite/-9223372036854756352'}, PurgedKey{blockGroup=BlockGroup[groupID='/9e026aa0-32ee-4b71-8e6e-185074edb62a/c1644808-38e9-4f94-abb4-af9bfa86cbc3/cannotRewriteDeletedKey/-9223372036854767360/0', blockIDs=[conID: 8 locID: 115816896921600011 bcsId: 0 replicaIndex: null]], volume='9e026aa0-32ee-4b71-8e6e-185074edb62a', bucket='c1644808-38e9-4f94-abb4-af9bfa86cbc3', bucketId=-9223372036854767616, purgedBytes=36, isCommittedKey=true, deleteKeyName='/9e026aa0-32ee-4b71-8e6e-185074edb62a/c1644808-38e9-4f94-abb4-af9bfa86cbc3/cannotRewriteDeletedKey/-9223372036854767360'}, PurgedKey{blockGroup=BlockGroup[groupID='/e9dfc2b1-ca74-4b4d-bb7d-f67ce8499a84/efab31fe-3f53-4ac4-9533-fb47c4ecbd16/overwriteAfterRewrite/-9223372036854757888/0', blockIDs=[conID: 12 locID: 115816896921600023 bcsId: 0 replicaIndex: null]], volume='e9dfc2b1-ca74-4b4d-bb7d-f67ce8499a84', bucket='efab31fe-3f53-4ac4-9533-fb47c4ecbd16', bucketId=-9223372036854759424, purgedBytes=7, isCommittedKey=true, deleteKeyName='/e9dfc2b1-ca74-4b4d-bb7d-f67ce8499a84/efab31fe-3f53-4ac4-9533-fb47c4ecbd16/overwriteAfterRewrite/-9223372036854757888'}]
2025-10-16 19:47:39,369 | INFO  | ContainerLog | ID=9 | Index=0 | BCSID=0 | State=OPEN | Volume=/home/runner/work/ozone/ozone/hadoop-ozone/integration-test/target/test-dir/MiniOzoneClusterImpl-e7911277-7775-4457-96c8-94071a26a1ce/ozone-metadata/datanode-13/data-0/hdds | DataChecksum=0 |  
2025-10-16 19:47:39,373 | INFO  | SCMAudit | user=runner | ip=127.0.0.1 | op=SEND_HEARTBEAT {"datanodeUUID":"c0724e9c-0dd4-4d47-992c-7bfe285fdd38","term":"2","command":"[]"} | ret=SUCCESS |  
2025-10-16 19:47:39,382 [IPC Server handler 4 on default port 15001] INFO  ha.SequenceIdGenerator (SequenceIdGenerator.java:getNextId(135)) - Allocate a batch for delTxnId, change lastId from 0 to 1000.
2025-10-16 19:47:39,384 | INFO  | OMAudit | user=runner | ip=127.0.0.1 | op=COMMIT_KEY {"volume":"cad97e4c-8221-4cde-bb36-a6f30a68cecf","bucket":"e1ce3c1c-e988-4b57-8cf6-91e878f3e2a7","key":"overwriteAfterRewrite","dataSize":"9","replicationType":"RATIS","replicationFactor":"ONE","Transaction":"78"} | ret=SUCCESS |  
2025-10-16 19:47:39,391 | INFO  | SCMAudit | user=runner | ip=127.0.0.1 | op=GET_CONTAINER_WITH_PIPELINE_BATCH {"containerIDs":"#9,"} | ret=SUCCESS |  
2025-10-16 19:47:39,392 | INFO  | OMAudit | user=runner | ip=127.0.0.1 | op=READ_KEY {"volume":"cad97e4c-8221-4cde-bb36-a6f30a68cecf","bucket":"e1ce3c1c-e988-4b57-8cf6-91e878f3e2a7","key":"overwriteAfterRewrite","owner":null,"dataSize":"0","replicationConfig":null} | ret=SUCCESS |  
2025-10-16 19:47:39,394 | INFO  | OMAudit | user=runner | ip=127.0.0.1 | op=READ_KEY {"volume":"cad97e4c-8221-4cde-bb36-a6f30a68cecf","bucket":"e1ce3c1c-e988-4b57-8cf6-91e878f3e2a7","key":"overwriteAfterRewrite","owner":null,"dataSize":"0","replicationConfig":null} | ret=SUCCESS |  
2025-10-16 19:47:39,398 | INFO  | OMAudit | user=runner | ip=127.0.0.1 | op=READ_KEY {"volume":"cad97e4c-8221-4cde-bb36-a6f30a68cecf","bucket":"e1ce3c1c-e988-4b57-8cf6-91e878f3e2a7","key":"overwriteAfterRewrite","owner":null,"dataSize":"0","replicationConfig":null} | ret=SUCCESS |  
2025-10-16 19:47:39,400 | INFO  | SCMAudit | user=runner | ip=127.0.0.1 | op=DELETE_KEY_BLOCK {"KeyBlockToDelete":"[BlockGroup[groupID='/7783d5d6-4c6c-4941-ad2b-d12740b576eb/29e121f2-5e33-47a5-8b97-694eb67df777/cannotRewriteDeletedKey/-9223372036854768896/0', blockIDs=[conID: 3 locID: 115816896921600009 bcsId: 0 replicaIndex: null]], BlockGroup[groupID='/9e026aa0-32ee-4b71-8e6e-185074edb62a/c1644808-38e9-4f94-abb4-af9bfa86cbc3/cannotRewriteDeletedKey/-9223372036854767360/0', blockIDs=[conID: 8 locID: 115816896921600011 bcsId: 0 replicaIndex: null]], BlockGroup[groupID='/cad97e4c-8221-4cde-bb36-a6f30a68cecf/e1ce3c1c-e988-4b57-8cf6-91e878f3e2a7/overwriteAfterRewrite/-9223372036854756352/0', blockIDs=[conID: 5 locID: 115816896921600025 bcsId: 0 replicaIndex: null]], BlockGroup[groupID='/67c53d6b-8ff6-4d65-9928-c8d2092c3108/a4828530-44bd-4b64-a230-91c55afedee8/overwriteAfterRewrite/-9223372036854760448/0', blockIDs=[conID: 6 locID: 115816896921600019 bcsId: 0 replicaIndex: null]], BlockGroup[groupID='/67c53d6b-8ff6-4d65-9928-c8d2092c3108/a4828530-44bd-4b64-a230-91c55afedee8/overwriteAfterRewrite/-9223372036854759936/0', blockIDs=[conID: 6 locID: 115816896921600020 bcsId: 0 replicaIndex: null]], BlockGroup[groupID='/9977d23f-e5f3-415e-a5b0-d5695ce15d8d/bf502af5-c1ed-47dd-8054-525480a97497/cannotRewriteDeletedKey/-9223372036854770431/0', blockIDs=[conID: 2 locID: 115816896921600007 bcsId: 0 replicaIndex: null]], BlockGroup[groupID='/e9dfc2b1-ca74-4b4d-bb7d-f67ce8499a84/efab31fe-3f53-4ac4-9533-fb47c4ecbd16/overwriteAfterRewrite/-9223372036854758400/0', blockIDs=[conID: 5 locID: 115816896921600022 bcsId: 0 replicaIndex: null]], BlockGroup[groupID='/e9dfc2b1-ca74-4b4d-bb7d-f67ce8499a84/efab31fe-3f53-4ac4-9533-fb47c4ecbd16/overwriteAfterRewrite/-9223372036854757888/0', blockIDs=[conID: 12 locID: 115816896921600023 bcsId: 0 replicaIndex: null]]]"} | ret=SUCCESS |  
2025-10-16 19:47:39,408 [om1-KeyDeletingService#5] INFO  service.KeyDeletingService (KeyDeletingService.java:processKeyDeletes(158)) - 8 BlockGroup deletion are acked by SCM in 42 ms
]]></system-out>
  </testcase>
  <testcase name="renameAfterRewrite(BucketLayout)[1]" classname="org.apache.hadoop.ozone.client.rpc.TestSecureOzoneRpcClient" time="0.137">
    <system-out><![CDATA[2025-10-16 19:47:39,430 [ForkJoinPool-1-worker-1] INFO  rpc.RpcClient (RpcClient.java:createVolume(461)) - Creating Volume: f2fce237-426a-47bb-b076-e6f1128148a3, with runner as owner and space quota set to -1 bytes, counts quota set to -1
2025-10-16 19:47:39,464 [om1-OMStateMachineApplyTransactionThread - 0] INFO  audit.AuditLogger (AuditLogger.java:refreshDebugCmdSet(133)) - Refresh DebugCmdSet for OMSystemAudit to [].
2025-10-16 19:47:39,467 [om1-KeyDeletingService#5] INFO  service.KeyDeletingService (KeyDeletingService.java:processKeyDeletes(166)) - Blocks for 8 (out of 8) keys are deleted from DB in 58 ms. Limit per task is 50000.
2025-10-16 19:47:39,468 [om1-OMStateMachineApplyTransactionThread - 0] INFO  volume.OMVolumeCreateRequest (OMVolumeCreateRequest.java:validateAndUpdateCache(213)) - created volume:f2fce237-426a-47bb-b076-e6f1128148a3 for user:runner
2025-10-16 19:47:39,468 | INFO  | OMAudit | user=runner | ip=127.0.0.1 | op=CREATE_VOLUME {"admin":"runner","owner":"runner","volume":"f2fce237-426a-47bb-b076-e6f1128148a3","creationTime":"1760644059433","modificationTime":"1760644059433","quotaInBytes":"-1","quotaInNamespace":"-1","usedNamespace":"0","objectID":"-9223372036854755328","updateID":"80","Transaction":"80"} | ret=SUCCESS |  
2025-10-16 19:47:39,470 | INFO  | OMAudit | user=runner | ip=127.0.0.1 | op=READ_VOLUME {"volume":"f2fce237-426a-47bb-b076-e6f1128148a3"} | ret=SUCCESS |  
2025-10-16 19:47:39,472 [ForkJoinPool-1-worker-1] INFO  rpc.RpcClient (RpcClient.java:createBucket(686)) - Creating Bucket: f2fce237-426a-47bb-b076-e6f1128148a3/5a418a4c-3caa-4e5a-ac74-90cf481f3faa, with bucket layout FILE_SYSTEM_OPTIMIZED, runner as owner, Versioning false, Storage Type set to DISK and Encryption set to false, Replication Type set to server-side default replication type, Namespace Quota set to -1, Space Quota set to -1 
2025-10-16 19:47:39,476 [om1-OMStateMachineApplyTransactionThread - 0] INFO  bucket.OMBucketCreateRequest (OMBucketCreateRequest.java:validateAndUpdateCache(303)) - created bucket: 5a418a4c-3caa-4e5a-ac74-90cf481f3faa of layout FILE_SYSTEM_OPTIMIZED in volume: f2fce237-426a-47bb-b076-e6f1128148a3
2025-10-16 19:47:39,476 | INFO  | OMAudit | user=runner | ip=127.0.0.1 | op=CREATE_BUCKET {"volume":"f2fce237-426a-47bb-b076-e6f1128148a3","bucket":"5a418a4c-3caa-4e5a-ac74-90cf481f3faa","bucketLayout":"FILE_SYSTEM_OPTIMIZED","gdprEnabled":null,"acls":"[user:runner:a[ACCESS], group:runner:rl[ACCESS]]","isVersionEnabled":"false","storageType":"DISK","creationTime":"1760644059474","bucketEncryptionKey":null,"modificationTime":"1760644059474","usedBytes":"0","usedNamespace":"0","snapshotUsedBytes":"0","snapshotUsedNamespace":"0","owner":"runner","replicationType":null,"replicationConfig":null,"quotaInBytes":"-1","quotaInNamespace":"-1","Transaction":"81"} | ret=SUCCESS |  
2025-10-16 19:47:39,479 | INFO  | OMAudit | user=runner | ip=127.0.0.1 | op=READ_BUCKET {"volume":"f2fce237-426a-47bb-b076-e6f1128148a3","bucket":"5a418a4c-3caa-4e5a-ac74-90cf481f3faa"} | ret=SUCCESS |  
2025-10-16 19:47:39,482 | INFO  | OMAudit | user=runner | ip=127.0.0.1 | op=READ_BUCKET {"volume":"f2fce237-426a-47bb-b076-e6f1128148a3","bucket":"5a418a4c-3caa-4e5a-ac74-90cf481f3faa"} | ret=SUCCESS |  
2025-10-16 19:47:39,483 | INFO  | SCMAudit | user=runner | ip=127.0.0.1 | op=ALLOCATE_BLOCK {"replication":"RATIS/ONE","owner":"omServiceIdDefault","size":"4194304","sampleBlocks":"[conID: 8 locID: 115816896921600028]","num":"1","client":"","allocated":"1"} | ret=SUCCESS |  
2025-10-16 19:47:39,489 | INFO  | OMAudit | user=runner | ip=127.0.0.1 | op=ALLOCATE_KEY {"volume":"f2fce237-426a-47bb-b076-e6f1128148a3","bucket":"5a418a4c-3caa-4e5a-ac74-90cf481f3faa","key":"renameAfterRewrite","dataSize":"36","replicationType":"RATIS","replicationFactor":"ONE","Transaction":"82"} | ret=SUCCESS |  
2025-10-16 19:47:39,503 | INFO  | OMAudit | user=runner | ip=127.0.0.1 | op=COMMIT_KEY {"volume":"f2fce237-426a-47bb-b076-e6f1128148a3","bucket":"5a418a4c-3caa-4e5a-ac74-90cf481f3faa","key":"renameAfterRewrite","dataSize":"36","replicationType":"RATIS","replicationFactor":"ONE","Transaction":"83"} | ret=SUCCESS |  
2025-10-16 19:47:39,506 | INFO  | OMAudit | user=runner | ip=127.0.0.1 | op=READ_KEY {"volume":"f2fce237-426a-47bb-b076-e6f1128148a3","bucket":"5a418a4c-3caa-4e5a-ac74-90cf481f3faa","key":"renameAfterRewrite","owner":null,"dataSize":"0","replicationConfig":null} | ret=SUCCESS |  
2025-10-16 19:47:39,509 | INFO  | OMAudit | user=runner | ip=127.0.0.1 | op=READ_BUCKET {"volume":"f2fce237-426a-47bb-b076-e6f1128148a3","bucket":"5a418a4c-3caa-4e5a-ac74-90cf481f3faa"} | ret=SUCCESS |  
2025-10-16 19:47:39,510 | INFO  | SCMAudit | user=runner | ip=127.0.0.1 | op=ALLOCATE_BLOCK {"replication":"RATIS/ONE","owner":"omServiceIdDefault","size":"4194304","sampleBlocks":"[conID: 6 locID: 115816896921600029]","num":"1","client":"","allocated":"1"} | ret=SUCCESS |  
2025-10-16 19:47:39,514 | INFO  | OMAudit | user=runner | ip=127.0.0.1 | op=ALLOCATE_KEY {"volume":"f2fce237-426a-47bb-b076-e6f1128148a3","bucket":"5a418a4c-3caa-4e5a-ac74-90cf481f3faa","key":"renameAfterRewrite","dataSize":"36","replicationType":"RATIS","replicationFactor":"ONE","rewriteGeneration":"83","Transaction":"84"} | ret=SUCCESS |  
2025-10-16 19:47:39,527 | INFO  | OMAudit | user=runner | ip=127.0.0.1 | op=COMMIT_KEY {"volume":"f2fce237-426a-47bb-b076-e6f1128148a3","bucket":"5a418a4c-3caa-4e5a-ac74-90cf481f3faa","key":"renameAfterRewrite","dataSize":"7","replicationType":"RATIS","replicationFactor":"ONE","rewriteGeneration":"83","Transaction":"85"} | ret=SUCCESS |  
2025-10-16 19:47:39,533 | INFO  | SCMAudit | user=runner | ip=127.0.0.1 | op=GET_CONTAINER_WITH_PIPELINE_BATCH {"containerIDs":"#6,"} | ret=SUCCESS |  
2025-10-16 19:47:39,533 | INFO  | OMAudit | user=null | ip= | op=READ_KEY {"volume":"f2fce237-426a-47bb-b076-e6f1128148a3","bucket":"5a418a4c-3caa-4e5a-ac74-90cf481f3faa","key":"renameAfterRewrite","owner":null,"dataSize":"0","replicationConfig":null} | ret=SUCCESS |  
2025-10-16 19:47:39,538 | INFO  | OMAudit | user=runner | ip=127.0.0.1 | op=RENAME_KEY {"volume":"f2fce237-426a-47bb-b076-e6f1128148a3","bucket":"5a418a4c-3caa-4e5a-ac74-90cf481f3faa","dataSize":"0","srcKey":"renameAfterRewrite","dstKey":"renameAfterRewrite-FILE_SYSTEM_OPTIMIZED","Transaction":"86"} | ret=SUCCESS |  
2025-10-16 19:47:39,541 | INFO  | OMAudit | user=runner | ip=127.0.0.1 | op=READ_KEY {"volume":"f2fce237-426a-47bb-b076-e6f1128148a3","bucket":"5a418a4c-3caa-4e5a-ac74-90cf481f3faa","key":"renameAfterRewrite-FILE_SYSTEM_OPTIMIZED","owner":null,"dataSize":"0","replicationConfig":null} | ret=SUCCESS |  
2025-10-16 19:47:39,544 | INFO  | OMAudit | user=runner | ip=127.0.0.1 | op=READ_KEY {"volume":"f2fce237-426a-47bb-b076-e6f1128148a3","bucket":"5a418a4c-3caa-4e5a-ac74-90cf481f3faa","key":"renameAfterRewrite-FILE_SYSTEM_OPTIMIZED","owner":null,"dataSize":"0","replicationConfig":null} | ret=SUCCESS |  
2025-10-16 19:47:39,559 | INFO  | SCMAudit | user=runner | ip=127.0.0.1 | op=GET_CONTAINER_WITH_PIPELINE_BATCH {"containerIDs":"#6,"} | ret=SUCCESS |  
2025-10-16 19:47:39,560 | INFO  | OMAudit | user=null | ip= | op=READ_KEY {"volume":"f2fce237-426a-47bb-b076-e6f1128148a3","bucket":"5a418a4c-3caa-4e5a-ac74-90cf481f3faa","key":"renameAfterRewrite-FILE_SYSTEM_OPTIMIZED","owner":null,"dataSize":"0","replicationConfig":null} | ret=SUCCESS |  
]]></system-out>
  </testcase>
  <testcase name="renameAfterRewrite(BucketLayout)[2]" classname="org.apache.hadoop.ozone.client.rpc.TestSecureOzoneRpcClient" time="0.08">
    <system-out><![CDATA[2025-10-16 19:47:39,567 [ForkJoinPool-1-worker-1] INFO  rpc.RpcClient (RpcClient.java:createVolume(461)) - Creating Volume: d8e9a240-ca6d-4f08-8306-359ae55c913c, with runner as owner and space quota set to -1 bytes, counts quota set to -1
2025-10-16 19:47:39,570 [om1-OMStateMachineApplyTransactionThread - 0] INFO  volume.OMVolumeCreateRequest (OMVolumeCreateRequest.java:validateAndUpdateCache(213)) - created volume:d8e9a240-ca6d-4f08-8306-359ae55c913c for user:runner
2025-10-16 19:47:39,570 | INFO  | OMAudit | user=runner | ip=127.0.0.1 | op=CREATE_VOLUME {"admin":"runner","owner":"runner","volume":"d8e9a240-ca6d-4f08-8306-359ae55c913c","creationTime":"1760644059568","modificationTime":"1760644059568","quotaInBytes":"-1","quotaInNamespace":"-1","usedNamespace":"0","objectID":"-9223372036854753536","updateID":"87","Transaction":"87"} | ret=SUCCESS |  
2025-10-16 19:47:39,572 | INFO  | OMAudit | user=runner | ip=127.0.0.1 | op=READ_VOLUME {"volume":"d8e9a240-ca6d-4f08-8306-359ae55c913c"} | ret=SUCCESS |  
2025-10-16 19:47:39,573 [ForkJoinPool-1-worker-1] INFO  rpc.RpcClient (RpcClient.java:createBucket(686)) - Creating Bucket: d8e9a240-ca6d-4f08-8306-359ae55c913c/ca5b77c8-4ab5-47db-a31a-b77f4545b95d, with bucket layout OBJECT_STORE, runner as owner, Versioning false, Storage Type set to DISK and Encryption set to false, Replication Type set to server-side default replication type, Namespace Quota set to -1, Space Quota set to -1 
2025-10-16 19:47:39,576 [om1-OMStateMachineApplyTransactionThread - 0] INFO  bucket.OMBucketCreateRequest (OMBucketCreateRequest.java:validateAndUpdateCache(303)) - created bucket: ca5b77c8-4ab5-47db-a31a-b77f4545b95d of layout OBJECT_STORE in volume: d8e9a240-ca6d-4f08-8306-359ae55c913c
2025-10-16 19:47:39,576 | INFO  | OMAudit | user=runner | ip=127.0.0.1 | op=CREATE_BUCKET {"volume":"d8e9a240-ca6d-4f08-8306-359ae55c913c","bucket":"ca5b77c8-4ab5-47db-a31a-b77f4545b95d","bucketLayout":"OBJECT_STORE","gdprEnabled":null,"acls":"[user:runner:a[ACCESS], group:runner:rl[ACCESS]]","isVersionEnabled":"false","storageType":"DISK","creationTime":"1760644059574","bucketEncryptionKey":null,"modificationTime":"1760644059574","usedBytes":"0","usedNamespace":"0","snapshotUsedBytes":"0","snapshotUsedNamespace":"0","owner":"runner","replicationType":null,"replicationConfig":null,"quotaInBytes":"-1","quotaInNamespace":"-1","Transaction":"88"} | ret=SUCCESS |  
2025-10-16 19:47:39,578 | INFO  | OMAudit | user=runner | ip=127.0.0.1 | op=READ_BUCKET {"volume":"d8e9a240-ca6d-4f08-8306-359ae55c913c","bucket":"ca5b77c8-4ab5-47db-a31a-b77f4545b95d"} | ret=SUCCESS |  
2025-10-16 19:47:39,580 | INFO  | OMAudit | user=runner | ip=127.0.0.1 | op=READ_BUCKET {"volume":"d8e9a240-ca6d-4f08-8306-359ae55c913c","bucket":"ca5b77c8-4ab5-47db-a31a-b77f4545b95d"} | ret=SUCCESS |  
2025-10-16 19:47:39,582 | INFO  | SCMAudit | user=runner | ip=127.0.0.1 | op=ALLOCATE_BLOCK {"replication":"RATIS/ONE","owner":"omServiceIdDefault","size":"4194304","sampleBlocks":"[conID: 3 locID: 115816896921600030]","num":"1","client":"","allocated":"1"} | ret=SUCCESS |  
2025-10-16 19:47:39,586 | INFO  | OMAudit | user=runner | ip=127.0.0.1 | op=ALLOCATE_KEY {"volume":"d8e9a240-ca6d-4f08-8306-359ae55c913c","bucket":"ca5b77c8-4ab5-47db-a31a-b77f4545b95d","key":"renameAfterRewrite","dataSize":"36","replicationType":"RATIS","replicationFactor":"ONE","Transaction":"89"} | ret=SUCCESS |  
2025-10-16 19:47:39,602 | INFO  | OMAudit | user=runner | ip=127.0.0.1 | op=COMMIT_KEY {"volume":"d8e9a240-ca6d-4f08-8306-359ae55c913c","bucket":"ca5b77c8-4ab5-47db-a31a-b77f4545b95d","key":"renameAfterRewrite","dataSize":"36","replicationType":"RATIS","replicationFactor":"ONE","Transaction":"90"} | ret=SUCCESS |  
2025-10-16 19:47:39,605 | INFO  | OMAudit | user=runner | ip=127.0.0.1 | op=READ_KEY {"volume":"d8e9a240-ca6d-4f08-8306-359ae55c913c","bucket":"ca5b77c8-4ab5-47db-a31a-b77f4545b95d","key":"renameAfterRewrite","owner":null,"dataSize":"0","replicationConfig":null} | ret=SUCCESS |  
2025-10-16 19:47:39,608 | INFO  | OMAudit | user=runner | ip=127.0.0.1 | op=READ_BUCKET {"volume":"d8e9a240-ca6d-4f08-8306-359ae55c913c","bucket":"ca5b77c8-4ab5-47db-a31a-b77f4545b95d"} | ret=SUCCESS |  
2025-10-16 19:47:39,609 | INFO  | SCMAudit | user=runner | ip=127.0.0.1 | op=ALLOCATE_BLOCK {"replication":"RATIS/ONE","owner":"omServiceIdDefault","size":"4194304","sampleBlocks":"[conID: 9 locID: 115816896921600031]","num":"1","client":"","allocated":"1"} | ret=SUCCESS |  
2025-10-16 19:47:39,612 | INFO  | OMAudit | user=runner | ip=127.0.0.1 | op=ALLOCATE_KEY {"volume":"d8e9a240-ca6d-4f08-8306-359ae55c913c","bucket":"ca5b77c8-4ab5-47db-a31a-b77f4545b95d","key":"renameAfterRewrite","dataSize":"36","replicationType":"RATIS","replicationFactor":"ONE","rewriteGeneration":"90","Transaction":"91"} | ret=SUCCESS |  
2025-10-16 19:47:39,625 | INFO  | OMAudit | user=runner | ip=127.0.0.1 | op=COMMIT_KEY {"volume":"d8e9a240-ca6d-4f08-8306-359ae55c913c","bucket":"ca5b77c8-4ab5-47db-a31a-b77f4545b95d","key":"renameAfterRewrite","dataSize":"7","replicationType":"RATIS","replicationFactor":"ONE","rewriteGeneration":"90","Transaction":"92"} | ret=SUCCESS |  
2025-10-16 19:47:39,626 | INFO  | SCMAudit | user=runner | ip=127.0.0.1 | op=SEND_HEARTBEAT {"datanodeUUID":"e33e6ec4-6b66-4281-bedd-2bd75bd30070","term":"2","command":"[]"} | ret=SUCCESS |  
2025-10-16 19:47:39,628 | INFO  | SCMAudit | user=runner | ip=127.0.0.1 | op=GET_CONTAINER_WITH_PIPELINE_BATCH {"containerIDs":"#9,"} | ret=SUCCESS |  
2025-10-16 19:47:39,628 | INFO  | OMAudit | user=null | ip= | op=READ_KEY {"volume":"d8e9a240-ca6d-4f08-8306-359ae55c913c","bucket":"ca5b77c8-4ab5-47db-a31a-b77f4545b95d","key":"renameAfterRewrite","owner":null,"dataSize":"0","replicationConfig":null} | ret=SUCCESS |  
2025-10-16 19:47:39,631 | INFO  | OMAudit | user=runner | ip=127.0.0.1 | op=RENAME_KEY {"volume":"d8e9a240-ca6d-4f08-8306-359ae55c913c","bucket":"ca5b77c8-4ab5-47db-a31a-b77f4545b95d","dataSize":"0","srcKey":"renameAfterRewrite","dstKey":"renameAfterRewrite-OBJECT_STORE","Transaction":"93"} | ret=SUCCESS |  
2025-10-16 19:47:39,633 | INFO  | OMAudit | user=runner | ip=127.0.0.1 | op=READ_KEY {"volume":"d8e9a240-ca6d-4f08-8306-359ae55c913c","bucket":"ca5b77c8-4ab5-47db-a31a-b77f4545b95d","key":"renameAfterRewrite-OBJECT_STORE","owner":null,"dataSize":"0","replicationConfig":null} | ret=SUCCESS |  
2025-10-16 19:47:39,635 | INFO  | OMAudit | user=runner | ip=127.0.0.1 | op=READ_KEY {"volume":"d8e9a240-ca6d-4f08-8306-359ae55c913c","bucket":"ca5b77c8-4ab5-47db-a31a-b77f4545b95d","key":"renameAfterRewrite-OBJECT_STORE","owner":null,"dataSize":"0","replicationConfig":null} | ret=SUCCESS |  
2025-10-16 19:47:39,645 | INFO  | SCMAudit | user=runner | ip=127.0.0.1 | op=GET_CONTAINER_WITH_PIPELINE_BATCH {"containerIDs":"#9,"} | ret=SUCCESS |  
2025-10-16 19:47:39,645 | INFO  | OMAudit | user=null | ip= | op=READ_KEY {"volume":"d8e9a240-ca6d-4f08-8306-359ae55c913c","bucket":"ca5b77c8-4ab5-47db-a31a-b77f4545b95d","key":"renameAfterRewrite-OBJECT_STORE","owner":null,"dataSize":"0","replicationConfig":null} | ret=SUCCESS |  
]]></system-out>
  </testcase>
  <testcase name="renameAfterRewrite(BucketLayout)[3]" classname="org.apache.hadoop.ozone.client.rpc.TestSecureOzoneRpcClient" time="0.08">
    <system-out><![CDATA[2025-10-16 19:47:39,648 [ForkJoinPool-1-worker-1] INFO  rpc.RpcClient (RpcClient.java:createVolume(461)) - Creating Volume: 547b9565-fd27-4e25-adcd-0d5fd16f1e51, with runner as owner and space quota set to -1 bytes, counts quota set to -1
2025-10-16 19:47:39,650 [om1-OMStateMachineApplyTransactionThread - 0] INFO  volume.OMVolumeCreateRequest (OMVolumeCreateRequest.java:validateAndUpdateCache(213)) - created volume:547b9565-fd27-4e25-adcd-0d5fd16f1e51 for user:runner
2025-10-16 19:47:39,650 | INFO  | OMAudit | user=runner | ip=127.0.0.1 | op=CREATE_VOLUME {"admin":"runner","owner":"runner","volume":"547b9565-fd27-4e25-adcd-0d5fd16f1e51","creationTime":"1760644059649","modificationTime":"1760644059649","quotaInBytes":"-1","quotaInNamespace":"-1","usedNamespace":"0","objectID":"-9223372036854751744","updateID":"94","Transaction":"94"} | ret=SUCCESS |  
2025-10-16 19:47:39,652 | INFO  | OMAudit | user=runner | ip=127.0.0.1 | op=READ_VOLUME {"volume":"547b9565-fd27-4e25-adcd-0d5fd16f1e51"} | ret=SUCCESS |  
2025-10-16 19:47:39,653 [ForkJoinPool-1-worker-1] INFO  rpc.RpcClient (RpcClient.java:createBucket(686)) - Creating Bucket: 547b9565-fd27-4e25-adcd-0d5fd16f1e51/894752f1-c12c-4fcb-b558-ba0b69b58773, with bucket layout LEGACY, runner as owner, Versioning false, Storage Type set to DISK and Encryption set to false, Replication Type set to server-side default replication type, Namespace Quota set to -1, Space Quota set to -1 
2025-10-16 19:47:39,655 [om1-OMStateMachineApplyTransactionThread - 0] INFO  bucket.OMBucketCreateRequest (OMBucketCreateRequest.java:validateAndUpdateCache(303)) - created bucket: 894752f1-c12c-4fcb-b558-ba0b69b58773 of layout LEGACY in volume: 547b9565-fd27-4e25-adcd-0d5fd16f1e51
2025-10-16 19:47:39,655 | INFO  | OMAudit | user=runner | ip=127.0.0.1 | op=CREATE_BUCKET {"volume":"547b9565-fd27-4e25-adcd-0d5fd16f1e51","bucket":"894752f1-c12c-4fcb-b558-ba0b69b58773","bucketLayout":"LEGACY","gdprEnabled":null,"acls":"[user:runner:a[ACCESS], group:runner:rl[ACCESS]]","isVersionEnabled":"false","storageType":"DISK","creationTime":"1760644059654","bucketEncryptionKey":null,"modificationTime":"1760644059654","usedBytes":"0","usedNamespace":"0","snapshotUsedBytes":"0","snapshotUsedNamespace":"0","owner":"runner","replicationType":null,"replicationConfig":null,"quotaInBytes":"-1","quotaInNamespace":"-1","Transaction":"95"} | ret=SUCCESS |  
2025-10-16 19:47:39,657 | INFO  | OMAudit | user=runner | ip=127.0.0.1 | op=READ_BUCKET {"volume":"547b9565-fd27-4e25-adcd-0d5fd16f1e51","bucket":"894752f1-c12c-4fcb-b558-ba0b69b58773"} | ret=SUCCESS |  
2025-10-16 19:47:39,660 | INFO  | OMAudit | user=runner | ip=127.0.0.1 | op=READ_BUCKET {"volume":"547b9565-fd27-4e25-adcd-0d5fd16f1e51","bucket":"894752f1-c12c-4fcb-b558-ba0b69b58773"} | ret=SUCCESS |  
2025-10-16 19:47:39,661 | INFO  | SCMAudit | user=runner | ip=127.0.0.1 | op=ALLOCATE_BLOCK {"replication":"RATIS/ONE","owner":"omServiceIdDefault","size":"4194304","sampleBlocks":"[conID: 4 locID: 115816896921600032]","num":"1","client":"","allocated":"1"} | ret=SUCCESS |  
2025-10-16 19:47:39,664 | INFO  | OMAudit | user=runner | ip=127.0.0.1 | op=ALLOCATE_KEY {"volume":"547b9565-fd27-4e25-adcd-0d5fd16f1e51","bucket":"894752f1-c12c-4fcb-b558-ba0b69b58773","key":"renameAfterRewrite","dataSize":"36","replicationType":"RATIS","replicationFactor":"ONE","Transaction":"96"} | ret=SUCCESS |  
2025-10-16 19:47:39,676 | INFO  | OMAudit | user=runner | ip=127.0.0.1 | op=COMMIT_KEY {"volume":"547b9565-fd27-4e25-adcd-0d5fd16f1e51","bucket":"894752f1-c12c-4fcb-b558-ba0b69b58773","key":"renameAfterRewrite","dataSize":"36","replicationType":"RATIS","replicationFactor":"ONE","Transaction":"97"} | ret=SUCCESS |  
2025-10-16 19:47:39,679 | INFO  | SCMAudit | user=runner | ip=127.0.0.1 | op=GET_CONTAINER_WITH_PIPELINE_BATCH {"containerIDs":"#4,"} | ret=SUCCESS |  
2025-10-16 19:47:39,680 | INFO  | OMAudit | user=runner | ip=127.0.0.1 | op=READ_KEY {"volume":"547b9565-fd27-4e25-adcd-0d5fd16f1e51","bucket":"894752f1-c12c-4fcb-b558-ba0b69b58773","key":"renameAfterRewrite","owner":null,"dataSize":"0","replicationConfig":null} | ret=SUCCESS |  
2025-10-16 19:47:39,682 | INFO  | OMAudit | user=runner | ip=127.0.0.1 | op=READ_BUCKET {"volume":"547b9565-fd27-4e25-adcd-0d5fd16f1e51","bucket":"894752f1-c12c-4fcb-b558-ba0b69b58773"} | ret=SUCCESS |  
2025-10-16 19:47:39,683 | INFO  | SCMAudit | user=runner | ip=127.0.0.1 | op=ALLOCATE_BLOCK {"replication":"RATIS/ONE","owner":"omServiceIdDefault","size":"4194304","sampleBlocks":"[conID: 3 locID: 115816896921600033]","num":"1","client":"","allocated":"1"} | ret=SUCCESS |  
2025-10-16 19:47:39,685 | INFO  | OMAudit | user=runner | ip=127.0.0.1 | op=ALLOCATE_KEY {"volume":"547b9565-fd27-4e25-adcd-0d5fd16f1e51","bucket":"894752f1-c12c-4fcb-b558-ba0b69b58773","key":"renameAfterRewrite","dataSize":"36","replicationType":"RATIS","replicationFactor":"ONE","rewriteGeneration":"97","Transaction":"98"} | ret=SUCCESS |  
2025-10-16 19:47:39,698 | INFO  | OMAudit | user=runner | ip=127.0.0.1 | op=COMMIT_KEY {"volume":"547b9565-fd27-4e25-adcd-0d5fd16f1e51","bucket":"894752f1-c12c-4fcb-b558-ba0b69b58773","key":"renameAfterRewrite","dataSize":"7","replicationType":"RATIS","replicationFactor":"ONE","rewriteGeneration":"97","Transaction":"99"} | ret=SUCCESS |  
2025-10-16 19:47:39,698 | INFO  | SCMAudit | user=runner | ip=127.0.0.1 | op=SEND_HEARTBEAT {"datanodeUUID":"757ca056-973f-4f05-ab2d-6aff6c54d452","term":"2","command":"[]"} | ret=SUCCESS |  
2025-10-16 19:47:39,700 | INFO  | SCMAudit | user=runner | ip=127.0.0.1 | op=GET_CONTAINER_WITH_PIPELINE_BATCH {"containerIDs":"#3,"} | ret=SUCCESS |  
2025-10-16 19:47:39,701 | INFO  | OMAudit | user=null | ip= | op=READ_KEY {"volume":"547b9565-fd27-4e25-adcd-0d5fd16f1e51","bucket":"894752f1-c12c-4fcb-b558-ba0b69b58773","key":"renameAfterRewrite","owner":null,"dataSize":"0","replicationConfig":null} | ret=SUCCESS |  
2025-10-16 19:47:39,704 | INFO  | OMAudit | user=runner | ip=127.0.0.1 | op=RENAME_KEY {"volume":"547b9565-fd27-4e25-adcd-0d5fd16f1e51","bucket":"894752f1-c12c-4fcb-b558-ba0b69b58773","dataSize":"0","srcKey":"renameAfterRewrite","dstKey":"renameAfterRewrite-LEGACY","Transaction":"100"} | ret=SUCCESS |  
2025-10-16 19:47:39,708 | INFO  | OMAudit | user=runner | ip=127.0.0.1 | op=READ_KEY {"volume":"547b9565-fd27-4e25-adcd-0d5fd16f1e51","bucket":"894752f1-c12c-4fcb-b558-ba0b69b58773","key":"renameAfterRewrite-LEGACY","owner":null,"dataSize":"0","replicationConfig":null} | ret=SUCCESS |  
2025-10-16 19:47:39,711 | INFO  | OMAudit | user=runner | ip=127.0.0.1 | op=READ_KEY {"volume":"547b9565-fd27-4e25-adcd-0d5fd16f1e51","bucket":"894752f1-c12c-4fcb-b558-ba0b69b58773","key":"renameAfterRewrite-LEGACY","owner":null,"dataSize":"0","replicationConfig":null} | ret=SUCCESS |  
2025-10-16 19:47:39,726 | INFO  | SCMAudit | user=runner | ip=127.0.0.1 | op=GET_CONTAINER_WITH_PIPELINE_BATCH {"containerIDs":"#3,"} | ret=SUCCESS |  
2025-10-16 19:47:39,726 | INFO  | OMAudit | user=null | ip= | op=READ_KEY {"volume":"547b9565-fd27-4e25-adcd-0d5fd16f1e51","bucket":"894752f1-c12c-4fcb-b558-ba0b69b58773","key":"renameAfterRewrite-LEGACY","owner":null,"dataSize":"0","replicationConfig":null} | ret=SUCCESS |  
]]></system-out>
  </testcase>
  <testcase name="rewriteAfterRename(BucketLayout)[1]" classname="org.apache.hadoop.ozone.client.rpc.TestSecureOzoneRpcClient" time="0.086">
    <system-out><![CDATA[2025-10-16 19:47:39,731 [ForkJoinPool-1-worker-1] INFO  rpc.RpcClient (RpcClient.java:createVolume(461)) - Creating Volume: d1ed7903-6f4c-453c-b769-9ef40b267bb9, with runner as owner and space quota set to -1 bytes, counts quota set to -1
2025-10-16 19:47:39,734 [om1-OMStateMachineApplyTransactionThread - 0] INFO  volume.OMVolumeCreateRequest (OMVolumeCreateRequest.java:validateAndUpdateCache(213)) - created volume:d1ed7903-6f4c-453c-b769-9ef40b267bb9 for user:runner
2025-10-16 19:47:39,735 | INFO  | OMAudit | user=runner | ip=127.0.0.1 | op=CREATE_VOLUME {"admin":"runner","owner":"runner","volume":"d1ed7903-6f4c-453c-b769-9ef40b267bb9","creationTime":"1760644059732","modificationTime":"1760644059732","quotaInBytes":"-1","quotaInNamespace":"-1","usedNamespace":"0","objectID":"-9223372036854749952","updateID":"101","Transaction":"101"} | ret=SUCCESS |  
2025-10-16 19:47:39,738 | INFO  | OMAudit | user=runner | ip=127.0.0.1 | op=READ_VOLUME {"volume":"d1ed7903-6f4c-453c-b769-9ef40b267bb9"} | ret=SUCCESS |  
2025-10-16 19:47:39,738 [ForkJoinPool-1-worker-1] INFO  rpc.RpcClient (RpcClient.java:createBucket(686)) - Creating Bucket: d1ed7903-6f4c-453c-b769-9ef40b267bb9/6c233d29-149c-4670-96a2-e97c7d7b0b64, with bucket layout FILE_SYSTEM_OPTIMIZED, runner as owner, Versioning false, Storage Type set to DISK and Encryption set to false, Replication Type set to server-side default replication type, Namespace Quota set to -1, Space Quota set to -1 
2025-10-16 19:47:39,741 [om1-OMStateMachineApplyTransactionThread - 0] INFO  bucket.OMBucketCreateRequest (OMBucketCreateRequest.java:validateAndUpdateCache(303)) - created bucket: 6c233d29-149c-4670-96a2-e97c7d7b0b64 of layout FILE_SYSTEM_OPTIMIZED in volume: d1ed7903-6f4c-453c-b769-9ef40b267bb9
2025-10-16 19:47:39,741 | INFO  | OMAudit | user=runner | ip=127.0.0.1 | op=CREATE_BUCKET {"volume":"d1ed7903-6f4c-453c-b769-9ef40b267bb9","bucket":"6c233d29-149c-4670-96a2-e97c7d7b0b64","bucketLayout":"FILE_SYSTEM_OPTIMIZED","gdprEnabled":null,"acls":"[user:runner:a[ACCESS], group:runner:rl[ACCESS]]","isVersionEnabled":"false","storageType":"DISK","creationTime":"1760644059739","bucketEncryptionKey":null,"modificationTime":"1760644059739","usedBytes":"0","usedNamespace":"0","snapshotUsedBytes":"0","snapshotUsedNamespace":"0","owner":"runner","replicationType":null,"replicationConfig":null,"quotaInBytes":"-1","quotaInNamespace":"-1","Transaction":"102"} | ret=SUCCESS |  
2025-10-16 19:47:39,743 | INFO  | OMAudit | user=runner | ip=127.0.0.1 | op=READ_BUCKET {"volume":"d1ed7903-6f4c-453c-b769-9ef40b267bb9","bucket":"6c233d29-149c-4670-96a2-e97c7d7b0b64"} | ret=SUCCESS |  
2025-10-16 19:47:39,745 | INFO  | OMAudit | user=runner | ip=127.0.0.1 | op=READ_BUCKET {"volume":"d1ed7903-6f4c-453c-b769-9ef40b267bb9","bucket":"6c233d29-149c-4670-96a2-e97c7d7b0b64"} | ret=SUCCESS |  
2025-10-16 19:47:39,746 | INFO  | SCMAudit | user=runner | ip=127.0.0.1 | op=ALLOCATE_BLOCK {"replication":"RATIS/ONE","owner":"omServiceIdDefault","size":"4194304","sampleBlocks":"[conID: 12 locID: 115816896921600034]","num":"1","client":"","allocated":"1"} | ret=SUCCESS |  
2025-10-16 19:47:39,750 | INFO  | OMAudit | user=runner | ip=127.0.0.1 | op=ALLOCATE_KEY {"volume":"d1ed7903-6f4c-453c-b769-9ef40b267bb9","bucket":"6c233d29-149c-4670-96a2-e97c7d7b0b64","key":"rewriteAfterRename","dataSize":"36","replicationType":"RATIS","replicationFactor":"ONE","Transaction":"103"} | ret=SUCCESS |  
2025-10-16 19:47:39,763 | INFO  | OMAudit | user=runner | ip=127.0.0.1 | op=COMMIT_KEY {"volume":"d1ed7903-6f4c-453c-b769-9ef40b267bb9","bucket":"6c233d29-149c-4670-96a2-e97c7d7b0b64","key":"rewriteAfterRename","dataSize":"36","replicationType":"RATIS","replicationFactor":"ONE","Transaction":"104"} | ret=SUCCESS |  
2025-10-16 19:47:39,766 | INFO  | SCMAudit | user=runner | ip=127.0.0.1 | op=GET_CONTAINER_WITH_PIPELINE_BATCH {"containerIDs":"#12,"} | ret=SUCCESS |  
2025-10-16 19:47:39,767 | INFO  | OMAudit | user=runner | ip=127.0.0.1 | op=READ_KEY {"volume":"d1ed7903-6f4c-453c-b769-9ef40b267bb9","bucket":"6c233d29-149c-4670-96a2-e97c7d7b0b64","key":"rewriteAfterRename","owner":null,"dataSize":"0","replicationConfig":null} | ret=SUCCESS |  
2025-10-16 19:47:39,768 | INFO  | SCMAudit | user=runner | ip=127.0.0.1 | op=SEND_HEARTBEAT {"datanodeUUID":"8a0fa2ff-b550-4652-b2fe-0cf91cd4a157","term":"2","command":"[]"} | ret=SUCCESS |  
2025-10-16 19:47:39,772 | INFO  | SCMAudit | user=runner | ip=127.0.0.1 | op=SEND_HEARTBEAT {"datanodeUUID":"e072d245-7694-4d97-8e20-c503ebf8c2fe","term":"2","command":"[]"} | ret=SUCCESS |  
2025-10-16 19:47:39,773 | INFO  | OMAudit | user=runner | ip=127.0.0.1 | op=RENAME_KEY {"volume":"d1ed7903-6f4c-453c-b769-9ef40b267bb9","bucket":"6c233d29-149c-4670-96a2-e97c7d7b0b64","dataSize":"0","srcKey":"rewriteAfterRename","dstKey":"rewriteAfterRename-FILE_SYSTEM_OPTIMIZED","Transaction":"105"} | ret=SUCCESS |  
2025-10-16 19:47:39,776 | INFO  | OMAudit | user=runner | ip=127.0.0.1 | op=READ_KEY {"volume":"d1ed7903-6f4c-453c-b769-9ef40b267bb9","bucket":"6c233d29-149c-4670-96a2-e97c7d7b0b64","key":"rewriteAfterRename-FILE_SYSTEM_OPTIMIZED","owner":null,"dataSize":"0","replicationConfig":null} | ret=SUCCESS |  
2025-10-16 19:47:39,778 | INFO  | SCMAudit | user=runner | ip=127.0.0.1 | op=GET_CONTAINER_WITH_PIPELINE_BATCH {"containerIDs":"#12,"} | ret=SUCCESS |  
2025-10-16 19:47:39,779 | INFO  | OMAudit | user=null | ip= | op=READ_KEY {"volume":"d1ed7903-6f4c-453c-b769-9ef40b267bb9","bucket":"6c233d29-149c-4670-96a2-e97c7d7b0b64","key":"rewriteAfterRename-FILE_SYSTEM_OPTIMIZED","owner":null,"dataSize":"0","replicationConfig":null} | ret=SUCCESS |  
2025-10-16 19:47:39,780 | INFO  | OMAudit | user=runner | ip=127.0.0.1 | op=READ_BUCKET {"volume":"d1ed7903-6f4c-453c-b769-9ef40b267bb9","bucket":"6c233d29-149c-4670-96a2-e97c7d7b0b64"} | ret=SUCCESS |  
2025-10-16 19:47:39,781 | INFO  | SCMAudit | user=runner | ip=127.0.0.1 | op=ALLOCATE_BLOCK {"replication":"RATIS/ONE","owner":"omServiceIdDefault","size":"4194304","sampleBlocks":"[conID: 1 locID: 115816896921600035]","num":"1","client":"","allocated":"1"} | ret=SUCCESS |  
2025-10-16 19:47:39,784 | INFO  | OMAudit | user=runner | ip=127.0.0.1 | op=ALLOCATE_KEY {"volume":"d1ed7903-6f4c-453c-b769-9ef40b267bb9","bucket":"6c233d29-149c-4670-96a2-e97c7d7b0b64","key":"rewriteAfterRename-FILE_SYSTEM_OPTIMIZED","dataSize":"36","replicationType":"RATIS","replicationFactor":"ONE","rewriteGeneration":"105","Transaction":"106"} | ret=SUCCESS |  
2025-10-16 19:47:39,795 | INFO  | OMAudit | user=runner | ip=127.0.0.1 | op=COMMIT_KEY {"volume":"d1ed7903-6f4c-453c-b769-9ef40b267bb9","bucket":"6c233d29-149c-4670-96a2-e97c7d7b0b64","key":"rewriteAfterRename-FILE_SYSTEM_OPTIMIZED","dataSize":"7","replicationType":"RATIS","replicationFactor":"ONE","rewriteGeneration":"105","Transaction":"107"} | ret=SUCCESS |  
2025-10-16 19:47:39,798 | INFO  | OMAudit | user=runner | ip=127.0.0.1 | op=READ_KEY {"volume":"d1ed7903-6f4c-453c-b769-9ef40b267bb9","bucket":"6c233d29-149c-4670-96a2-e97c7d7b0b64","key":"rewriteAfterRename-FILE_SYSTEM_OPTIMIZED","owner":null,"dataSize":"0","replicationConfig":null} | ret=SUCCESS |  
2025-10-16 19:47:39,801 | INFO  | OMAudit | user=runner | ip=127.0.0.1 | op=READ_KEY {"volume":"d1ed7903-6f4c-453c-b769-9ef40b267bb9","bucket":"6c233d29-149c-4670-96a2-e97c7d7b0b64","key":"rewriteAfterRename-FILE_SYSTEM_OPTIMIZED","owner":null,"dataSize":"0","replicationConfig":null} | ret=SUCCESS |  
2025-10-16 19:47:39,814 | INFO  | SCMAudit | user=runner | ip=127.0.0.1 | op=GET_CONTAINER_WITH_PIPELINE_BATCH {"containerIDs":"#1,"} | ret=SUCCESS |  
2025-10-16 19:47:39,815 | INFO  | OMAudit | user=null | ip= | op=READ_KEY {"volume":"d1ed7903-6f4c-453c-b769-9ef40b267bb9","bucket":"6c233d29-149c-4670-96a2-e97c7d7b0b64","key":"rewriteAfterRename-FILE_SYSTEM_OPTIMIZED","owner":null,"dataSize":"0","replicationConfig":null} | ret=SUCCESS |  
]]></system-out>
  </testcase>
  <testcase name="rewriteAfterRename(BucketLayout)[2]" classname="org.apache.hadoop.ozone.client.rpc.TestSecureOzoneRpcClient" time="0.13">
    <system-out><![CDATA[2025-10-16 19:47:39,817 [ForkJoinPool-1-worker-1] INFO  rpc.RpcClient (RpcClient.java:createVolume(461)) - Creating Volume: 79706b5d-4605-4828-ae70-e6d4bced4637, with runner as owner and space quota set to -1 bytes, counts quota set to -1
2025-10-16 19:47:39,820 [om1-OMStateMachineApplyTransactionThread - 0] INFO  volume.OMVolumeCreateRequest (OMVolumeCreateRequest.java:validateAndUpdateCache(213)) - created volume:79706b5d-4605-4828-ae70-e6d4bced4637 for user:runner
2025-10-16 19:47:39,820 | INFO  | OMAudit | user=runner | ip=127.0.0.1 | op=CREATE_VOLUME {"admin":"runner","owner":"runner","volume":"79706b5d-4605-4828-ae70-e6d4bced4637","creationTime":"1760644059818","modificationTime":"1760644059818","quotaInBytes":"-1","quotaInNamespace":"-1","usedNamespace":"0","objectID":"-9223372036854748160","updateID":"108","Transaction":"108"} | ret=SUCCESS |  
2025-10-16 19:47:39,822 | INFO  | OMAudit | user=runner | ip=127.0.0.1 | op=READ_VOLUME {"volume":"79706b5d-4605-4828-ae70-e6d4bced4637"} | ret=SUCCESS |  
2025-10-16 19:47:39,822 [ForkJoinPool-1-worker-1] INFO  rpc.RpcClient (RpcClient.java:createBucket(686)) - Creating Bucket: 79706b5d-4605-4828-ae70-e6d4bced4637/ff05e065-e866-4da3-82ea-505087226029, with bucket layout OBJECT_STORE, runner as owner, Versioning false, Storage Type set to DISK and Encryption set to false, Replication Type set to server-side default replication type, Namespace Quota set to -1, Space Quota set to -1 
2025-10-16 19:47:39,825 [om1-OMStateMachineApplyTransactionThread - 0] INFO  bucket.OMBucketCreateRequest (OMBucketCreateRequest.java:validateAndUpdateCache(303)) - created bucket: ff05e065-e866-4da3-82ea-505087226029 of layout OBJECT_STORE in volume: 79706b5d-4605-4828-ae70-e6d4bced4637
2025-10-16 19:47:39,825 | INFO  | OMAudit | user=runner | ip=127.0.0.1 | op=CREATE_BUCKET {"volume":"79706b5d-4605-4828-ae70-e6d4bced4637","bucket":"ff05e065-e866-4da3-82ea-505087226029","bucketLayout":"OBJECT_STORE","gdprEnabled":null,"acls":"[user:runner:a[ACCESS], group:runner:rl[ACCESS]]","isVersionEnabled":"false","storageType":"DISK","creationTime":"1760644059824","bucketEncryptionKey":null,"modificationTime":"1760644059824","usedBytes":"0","usedNamespace":"0","snapshotUsedBytes":"0","snapshotUsedNamespace":"0","owner":"runner","replicationType":null,"replicationConfig":null,"quotaInBytes":"-1","quotaInNamespace":"-1","Transaction":"109"} | ret=SUCCESS |  
2025-10-16 19:47:39,827 | INFO  | OMAudit | user=runner | ip=127.0.0.1 | op=READ_BUCKET {"volume":"79706b5d-4605-4828-ae70-e6d4bced4637","bucket":"ff05e065-e866-4da3-82ea-505087226029"} | ret=SUCCESS |  
2025-10-16 19:47:39,831 | INFO  | OMAudit | user=runner | ip=127.0.0.1 | op=READ_BUCKET {"volume":"79706b5d-4605-4828-ae70-e6d4bced4637","bucket":"ff05e065-e866-4da3-82ea-505087226029"} | ret=SUCCESS |  
2025-10-16 19:47:39,834 | INFO  | SCMAudit | user=runner | ip=127.0.0.1 | op=ALLOCATE_BLOCK {"replication":"RATIS/ONE","owner":"omServiceIdDefault","size":"4194304","sampleBlocks":"[conID: 8 locID: 115816896921600036]","num":"1","client":"","allocated":"1"} | ret=SUCCESS |  
2025-10-16 19:47:39,841 | INFO  | OMAudit | user=runner | ip=127.0.0.1 | op=ALLOCATE_KEY {"volume":"79706b5d-4605-4828-ae70-e6d4bced4637","bucket":"ff05e065-e866-4da3-82ea-505087226029","key":"rewriteAfterRename","dataSize":"36","replicationType":"RATIS","replicationFactor":"ONE","Transaction":"110"} | ret=SUCCESS |  
2025-10-16 19:47:39,861 | INFO  | OMAudit | user=runner | ip=127.0.0.1 | op=COMMIT_KEY {"volume":"79706b5d-4605-4828-ae70-e6d4bced4637","bucket":"ff05e065-e866-4da3-82ea-505087226029","key":"rewriteAfterRename","dataSize":"36","replicationType":"RATIS","replicationFactor":"ONE","Transaction":"111"} | ret=SUCCESS |  
2025-10-16 19:47:39,866 | INFO  | OMAudit | user=runner | ip=127.0.0.1 | op=READ_KEY {"volume":"79706b5d-4605-4828-ae70-e6d4bced4637","bucket":"ff05e065-e866-4da3-82ea-505087226029","key":"rewriteAfterRename","owner":null,"dataSize":"0","replicationConfig":null} | ret=SUCCESS |  
2025-10-16 19:47:39,875 | INFO  | OMAudit | user=runner | ip=127.0.0.1 | op=RENAME_KEY {"volume":"79706b5d-4605-4828-ae70-e6d4bced4637","bucket":"ff05e065-e866-4da3-82ea-505087226029","dataSize":"0","srcKey":"rewriteAfterRename","dstKey":"rewriteAfterRename-OBJECT_STORE","Transaction":"112"} | ret=SUCCESS |  
2025-10-16 19:47:39,880 | INFO  | OMAudit | user=runner | ip=127.0.0.1 | op=READ_KEY {"volume":"79706b5d-4605-4828-ae70-e6d4bced4637","bucket":"ff05e065-e866-4da3-82ea-505087226029","key":"rewriteAfterRename-OBJECT_STORE","owner":null,"dataSize":"0","replicationConfig":null} | ret=SUCCESS |  
2025-10-16 19:47:39,885 | INFO  | SCMAudit | user=runner | ip=127.0.0.1 | op=GET_CONTAINER_WITH_PIPELINE_BATCH {"containerIDs":"#8,"} | ret=SUCCESS |  
2025-10-16 19:47:39,887 | INFO  | OMAudit | user=null | ip= | op=READ_KEY {"volume":"79706b5d-4605-4828-ae70-e6d4bced4637","bucket":"ff05e065-e866-4da3-82ea-505087226029","key":"rewriteAfterRename-OBJECT_STORE","owner":null,"dataSize":"0","replicationConfig":null} | ret=SUCCESS |  
2025-10-16 19:47:39,889 | INFO  | OMAudit | user=runner | ip=127.0.0.1 | op=READ_BUCKET {"volume":"79706b5d-4605-4828-ae70-e6d4bced4637","bucket":"ff05e065-e866-4da3-82ea-505087226029"} | ret=SUCCESS |  
2025-10-16 19:47:39,891 | INFO  | SCMAudit | user=runner | ip=127.0.0.1 | op=ALLOCATE_BLOCK {"replication":"RATIS/ONE","owner":"omServiceIdDefault","size":"4194304","sampleBlocks":"[conID: 3 locID: 115816896921600037]","num":"1","client":"","allocated":"1"} | ret=SUCCESS |  
2025-10-16 19:47:39,896 | INFO  | OMAudit | user=runner | ip=127.0.0.1 | op=ALLOCATE_KEY {"volume":"79706b5d-4605-4828-ae70-e6d4bced4637","bucket":"ff05e065-e866-4da3-82ea-505087226029","key":"rewriteAfterRename-OBJECT_STORE","dataSize":"36","replicationType":"RATIS","replicationFactor":"ONE","rewriteGeneration":"112","Transaction":"113"} | ret=SUCCESS |  
2025-10-16 19:47:39,902 | INFO  | SCMAudit | user=runner | ip=127.0.0.1 | op=SEND_HEARTBEAT {"datanodeUUID":"f700af26-0e26-4136-9205-9509c82c8c70","term":"2","command":"[]"} | ret=SUCCESS |  
2025-10-16 19:47:39,920 | INFO  | OMAudit | user=runner | ip=127.0.0.1 | op=COMMIT_KEY {"volume":"79706b5d-4605-4828-ae70-e6d4bced4637","bucket":"ff05e065-e866-4da3-82ea-505087226029","key":"rewriteAfterRename-OBJECT_STORE","dataSize":"7","replicationType":"RATIS","replicationFactor":"ONE","rewriteGeneration":"112","Transaction":"114"} | ret=SUCCESS |  
2025-10-16 19:47:39,924 | INFO  | OMAudit | user=runner | ip=127.0.0.1 | op=READ_KEY {"volume":"79706b5d-4605-4828-ae70-e6d4bced4637","bucket":"ff05e065-e866-4da3-82ea-505087226029","key":"rewriteAfterRename-OBJECT_STORE","owner":null,"dataSize":"0","replicationConfig":null} | ret=SUCCESS |  
2025-10-16 19:47:39,931 | INFO  | OMAudit | user=runner | ip=127.0.0.1 | op=READ_KEY {"volume":"79706b5d-4605-4828-ae70-e6d4bced4637","bucket":"ff05e065-e866-4da3-82ea-505087226029","key":"rewriteAfterRename-OBJECT_STORE","owner":null,"dataSize":"0","replicationConfig":null} | ret=SUCCESS |  
2025-10-16 19:47:39,945 | INFO  | SCMAudit | user=runner | ip=127.0.0.1 | op=GET_CONTAINER_WITH_PIPELINE_BATCH {"containerIDs":"#3,"} | ret=SUCCESS |  
2025-10-16 19:47:39,946 | INFO  | OMAudit | user=null | ip= | op=READ_KEY {"volume":"79706b5d-4605-4828-ae70-e6d4bced4637","bucket":"ff05e065-e866-4da3-82ea-505087226029","key":"rewriteAfterRename-OBJECT_STORE","owner":null,"dataSize":"0","replicationConfig":null} | ret=SUCCESS |  
]]></system-out>
  </testcase>
  <testcase name="rewriteAfterRename(BucketLayout)[3]" classname="org.apache.hadoop.ozone.client.rpc.TestSecureOzoneRpcClient" time="0.095">
    <system-out><![CDATA[2025-10-16 19:47:39,948 [ForkJoinPool-1-worker-1] INFO  rpc.RpcClient (RpcClient.java:createVolume(461)) - Creating Volume: e8e93dc2-e312-4f04-97bc-f0c85a0737b3, with runner as owner and space quota set to -1 bytes, counts quota set to -1
2025-10-16 19:47:39,951 [om1-OMStateMachineApplyTransactionThread - 0] INFO  volume.OMVolumeCreateRequest (OMVolumeCreateRequest.java:validateAndUpdateCache(213)) - created volume:e8e93dc2-e312-4f04-97bc-f0c85a0737b3 for user:runner
2025-10-16 19:47:39,951 | INFO  | OMAudit | user=runner | ip=127.0.0.1 | op=CREATE_VOLUME {"admin":"runner","owner":"runner","volume":"e8e93dc2-e312-4f04-97bc-f0c85a0737b3","creationTime":"1760644059949","modificationTime":"1760644059949","quotaInBytes":"-1","quotaInNamespace":"-1","usedNamespace":"0","objectID":"-9223372036854746368","updateID":"115","Transaction":"115"} | ret=SUCCESS |  
2025-10-16 19:47:39,954 | INFO  | OMAudit | user=runner | ip=127.0.0.1 | op=READ_VOLUME {"volume":"e8e93dc2-e312-4f04-97bc-f0c85a0737b3"} | ret=SUCCESS |  
2025-10-16 19:47:39,954 | INFO  | SCMAudit | user=runner | ip=127.0.0.1 | op=SEND_HEARTBEAT {"datanodeUUID":"764b18f0-81c5-439a-9fff-25adc4f241fa","term":"2","command":"[]"} | ret=SUCCESS |  
2025-10-16 19:47:39,955 [ForkJoinPool-1-worker-1] INFO  rpc.RpcClient (RpcClient.java:createBucket(686)) - Creating Bucket: e8e93dc2-e312-4f04-97bc-f0c85a0737b3/0e8a11fe-fd22-4536-b68d-777b2c95ae59, with bucket layout LEGACY, runner as owner, Versioning false, Storage Type set to DISK and Encryption set to false, Replication Type set to server-side default replication type, Namespace Quota set to -1, Space Quota set to -1 
2025-10-16 19:47:39,959 [om1-OMStateMachineApplyTransactionThread - 0] INFO  bucket.OMBucketCreateRequest (OMBucketCreateRequest.java:validateAndUpdateCache(303)) - created bucket: 0e8a11fe-fd22-4536-b68d-777b2c95ae59 of layout LEGACY in volume: e8e93dc2-e312-4f04-97bc-f0c85a0737b3
2025-10-16 19:47:39,960 | INFO  | OMAudit | user=runner | ip=127.0.0.1 | op=CREATE_BUCKET {"volume":"e8e93dc2-e312-4f04-97bc-f0c85a0737b3","bucket":"0e8a11fe-fd22-4536-b68d-777b2c95ae59","bucketLayout":"LEGACY","gdprEnabled":null,"acls":"[user:runner:a[ACCESS], group:runner:rl[ACCESS]]","isVersionEnabled":"false","storageType":"DISK","creationTime":"1760644059957","bucketEncryptionKey":null,"modificationTime":"1760644059957","usedBytes":"0","usedNamespace":"0","snapshotUsedBytes":"0","snapshotUsedNamespace":"0","owner":"runner","replicationType":null,"replicationConfig":null,"quotaInBytes":"-1","quotaInNamespace":"-1","Transaction":"116"} | ret=SUCCESS |  
2025-10-16 19:47:39,962 | INFO  | SCMAudit | user=runner | ip=127.0.0.1 | op=SEND_HEARTBEAT {"datanodeUUID":"aa213937-adc5-47da-a770-0ee1e4664344","term":"2","command":"[]"} | ret=SUCCESS |  
2025-10-16 19:47:39,963 | INFO  | OMAudit | user=runner | ip=127.0.0.1 | op=READ_BUCKET {"volume":"e8e93dc2-e312-4f04-97bc-f0c85a0737b3","bucket":"0e8a11fe-fd22-4536-b68d-777b2c95ae59"} | ret=SUCCESS |  
2025-10-16 19:47:39,965 | INFO  | OMAudit | user=runner | ip=127.0.0.1 | op=READ_BUCKET {"volume":"e8e93dc2-e312-4f04-97bc-f0c85a0737b3","bucket":"0e8a11fe-fd22-4536-b68d-777b2c95ae59"} | ret=SUCCESS |  
2025-10-16 19:47:39,966 | INFO  | SCMAudit | user=runner | ip=127.0.0.1 | op=ALLOCATE_BLOCK {"replication":"RATIS/ONE","owner":"omServiceIdDefault","size":"4194304","sampleBlocks":"[conID: 7 locID: 115816896921600038]","num":"1","client":"","allocated":"1"} | ret=SUCCESS |  
2025-10-16 19:47:39,970 | INFO  | OMAudit | user=runner | ip=127.0.0.1 | op=ALLOCATE_KEY {"volume":"e8e93dc2-e312-4f04-97bc-f0c85a0737b3","bucket":"0e8a11fe-fd22-4536-b68d-777b2c95ae59","key":"rewriteAfterRename","dataSize":"36","replicationType":"RATIS","replicationFactor":"ONE","Transaction":"117"} | ret=SUCCESS |  
2025-10-16 19:47:39,988 | INFO  | ContainerLog | ID=7 | Index=0 | BCSID=0 | State=OPEN | Volume=/home/runner/work/ozone/ozone/hadoop-ozone/integration-test/target/test-dir/MiniOzoneClusterImpl-e7911277-7775-4457-96c8-94071a26a1ce/ozone-metadata/datanode-1/data-0/hdds | DataChecksum=0 |  
2025-10-16 19:47:39,990 | INFO  | SCMAudit | user=runner | ip=127.0.0.1 | op=SEND_HEARTBEAT {"datanodeUUID":"f700af26-0e26-4136-9205-9509c82c8c70","term":"2","command":"[]"} | ret=SUCCESS |  
2025-10-16 19:47:39,998 | INFO  | OMAudit | user=runner | ip=127.0.0.1 | op=COMMIT_KEY {"volume":"e8e93dc2-e312-4f04-97bc-f0c85a0737b3","bucket":"0e8a11fe-fd22-4536-b68d-777b2c95ae59","key":"rewriteAfterRename","dataSize":"36","replicationType":"RATIS","replicationFactor":"ONE","Transaction":"118"} | ret=SUCCESS |  
2025-10-16 19:47:40,001 | INFO  | SCMAudit | user=runner | ip=127.0.0.1 | op=GET_CONTAINER_WITH_PIPELINE_BATCH {"containerIDs":"#7,"} | ret=SUCCESS |  
2025-10-16 19:47:40,002 | INFO  | OMAudit | user=runner | ip=127.0.0.1 | op=READ_KEY {"volume":"e8e93dc2-e312-4f04-97bc-f0c85a0737b3","bucket":"0e8a11fe-fd22-4536-b68d-777b2c95ae59","key":"rewriteAfterRename","owner":null,"dataSize":"0","replicationConfig":null} | ret=SUCCESS |  
2025-10-16 19:47:40,005 | INFO  | OMAudit | user=runner | ip=127.0.0.1 | op=RENAME_KEY {"volume":"e8e93dc2-e312-4f04-97bc-f0c85a0737b3","bucket":"0e8a11fe-fd22-4536-b68d-777b2c95ae59","dataSize":"0","srcKey":"rewriteAfterRename","dstKey":"rewriteAfterRename-LEGACY","Transaction":"119"} | ret=SUCCESS |  
2025-10-16 19:47:40,007 | INFO  | OMAudit | user=runner | ip=127.0.0.1 | op=READ_KEY {"volume":"e8e93dc2-e312-4f04-97bc-f0c85a0737b3","bucket":"0e8a11fe-fd22-4536-b68d-777b2c95ae59","key":"rewriteAfterRename-LEGACY","owner":null,"dataSize":"0","replicationConfig":null} | ret=SUCCESS |  
2025-10-16 19:47:40,009 | INFO  | SCMAudit | user=runner | ip=127.0.0.1 | op=GET_CONTAINER_WITH_PIPELINE_BATCH {"containerIDs":"#7,"} | ret=SUCCESS |  
2025-10-16 19:47:40,010 | INFO  | OMAudit | user=null | ip= | op=READ_KEY {"volume":"e8e93dc2-e312-4f04-97bc-f0c85a0737b3","bucket":"0e8a11fe-fd22-4536-b68d-777b2c95ae59","key":"rewriteAfterRename-LEGACY","owner":null,"dataSize":"0","replicationConfig":null} | ret=SUCCESS |  
2025-10-16 19:47:40,011 | INFO  | OMAudit | user=runner | ip=127.0.0.1 | op=READ_BUCKET {"volume":"e8e93dc2-e312-4f04-97bc-f0c85a0737b3","bucket":"0e8a11fe-fd22-4536-b68d-777b2c95ae59"} | ret=SUCCESS |  
2025-10-16 19:47:40,012 | INFO  | SCMAudit | user=runner | ip=127.0.0.1 | op=ALLOCATE_BLOCK {"replication":"RATIS/ONE","owner":"omServiceIdDefault","size":"4194304","sampleBlocks":"[conID: 4 locID: 115816896921600039]","num":"1","client":"","allocated":"1"} | ret=SUCCESS |  
2025-10-16 19:47:40,014 | INFO  | OMAudit | user=runner | ip=127.0.0.1 | op=ALLOCATE_KEY {"volume":"e8e93dc2-e312-4f04-97bc-f0c85a0737b3","bucket":"0e8a11fe-fd22-4536-b68d-777b2c95ae59","key":"rewriteAfterRename-LEGACY","dataSize":"36","replicationType":"RATIS","replicationFactor":"ONE","rewriteGeneration":"119","Transaction":"120"} | ret=SUCCESS |  
2025-10-16 19:47:40,025 | INFO  | OMAudit | user=runner | ip=127.0.0.1 | op=COMMIT_KEY {"volume":"e8e93dc2-e312-4f04-97bc-f0c85a0737b3","bucket":"0e8a11fe-fd22-4536-b68d-777b2c95ae59","key":"rewriteAfterRename-LEGACY","dataSize":"7","replicationType":"RATIS","replicationFactor":"ONE","rewriteGeneration":"119","Transaction":"121"} | ret=SUCCESS |  
2025-10-16 19:47:40,028 | INFO  | OMAudit | user=runner | ip=127.0.0.1 | op=READ_KEY {"volume":"e8e93dc2-e312-4f04-97bc-f0c85a0737b3","bucket":"0e8a11fe-fd22-4536-b68d-777b2c95ae59","key":"rewriteAfterRename-LEGACY","owner":null,"dataSize":"0","replicationConfig":null} | ret=SUCCESS |  
2025-10-16 19:47:40,030 | INFO  | OMAudit | user=runner | ip=127.0.0.1 | op=READ_KEY {"volume":"e8e93dc2-e312-4f04-97bc-f0c85a0737b3","bucket":"0e8a11fe-fd22-4536-b68d-777b2c95ae59","key":"rewriteAfterRename-LEGACY","owner":null,"dataSize":"0","replicationConfig":null} | ret=SUCCESS |  
2025-10-16 19:47:40,041 | INFO  | SCMAudit | user=runner | ip=127.0.0.1 | op=GET_CONTAINER_WITH_PIPELINE_BATCH {"containerIDs":"#4,"} | ret=SUCCESS |  
2025-10-16 19:47:40,041 | INFO  | OMAudit | user=null | ip= | op=READ_KEY {"volume":"e8e93dc2-e312-4f04-97bc-f0c85a0737b3","bucket":"0e8a11fe-fd22-4536-b68d-777b2c95ae59","key":"rewriteAfterRename-LEGACY","owner":null,"dataSize":"0","replicationConfig":null} | ret=SUCCESS |  
]]></system-out>
  </testcase>
  <testcase name="rewriteFailsDueToOutdatedGeneration(BucketLayout)[1]" classname="org.apache.hadoop.ozone.client.rpc.TestSecureOzoneRpcClient" time="0.102">
    <system-out><![CDATA[2025-10-16 19:47:40,044 [ForkJoinPool-1-worker-1] INFO  rpc.RpcClient (RpcClient.java:createVolume(461)) - Creating Volume: 6ff244bd-e683-4ab0-9e14-5f372d01cb1e, with runner as owner and space quota set to -1 bytes, counts quota set to -1
2025-10-16 19:47:40,047 [om1-OMStateMachineApplyTransactionThread - 0] INFO  volume.OMVolumeCreateRequest (OMVolumeCreateRequest.java:validateAndUpdateCache(213)) - created volume:6ff244bd-e683-4ab0-9e14-5f372d01cb1e for user:runner
2025-10-16 19:47:40,047 | INFO  | OMAudit | user=runner | ip=127.0.0.1 | op=CREATE_VOLUME {"admin":"runner","owner":"runner","volume":"6ff244bd-e683-4ab0-9e14-5f372d01cb1e","creationTime":"1760644060045","modificationTime":"1760644060045","quotaInBytes":"-1","quotaInNamespace":"-1","usedNamespace":"0","objectID":"-9223372036854744576","updateID":"122","Transaction":"122"} | ret=SUCCESS |  
2025-10-16 19:47:40,048 | INFO  | OMAudit | user=runner | ip=127.0.0.1 | op=READ_VOLUME {"volume":"6ff244bd-e683-4ab0-9e14-5f372d01cb1e"} | ret=SUCCESS |  
2025-10-16 19:47:40,049 [ForkJoinPool-1-worker-1] INFO  rpc.RpcClient (RpcClient.java:createBucket(686)) - Creating Bucket: 6ff244bd-e683-4ab0-9e14-5f372d01cb1e/9d515e71-e228-4eb7-b76a-b3ba1e214092, with bucket layout FILE_SYSTEM_OPTIMIZED, runner as owner, Versioning false, Storage Type set to DISK and Encryption set to false, Replication Type set to server-side default replication type, Namespace Quota set to -1, Space Quota set to -1 
2025-10-16 19:47:40,051 [om1-OMStateMachineApplyTransactionThread - 0] INFO  bucket.OMBucketCreateRequest (OMBucketCreateRequest.java:validateAndUpdateCache(303)) - created bucket: 9d515e71-e228-4eb7-b76a-b3ba1e214092 of layout FILE_SYSTEM_OPTIMIZED in volume: 6ff244bd-e683-4ab0-9e14-5f372d01cb1e
2025-10-16 19:47:40,051 | INFO  | OMAudit | user=runner | ip=127.0.0.1 | op=CREATE_BUCKET {"volume":"6ff244bd-e683-4ab0-9e14-5f372d01cb1e","bucket":"9d515e71-e228-4eb7-b76a-b3ba1e214092","bucketLayout":"FILE_SYSTEM_OPTIMIZED","gdprEnabled":null,"acls":"[user:runner:a[ACCESS], group:runner:rl[ACCESS]]","isVersionEnabled":"false","storageType":"DISK","creationTime":"1760644060050","bucketEncryptionKey":null,"modificationTime":"1760644060050","usedBytes":"0","usedNamespace":"0","snapshotUsedBytes":"0","snapshotUsedNamespace":"0","owner":"runner","replicationType":null,"replicationConfig":null,"quotaInBytes":"-1","quotaInNamespace":"-1","Transaction":"123"} | ret=SUCCESS |  
2025-10-16 19:47:40,052 | INFO  | OMAudit | user=runner | ip=127.0.0.1 | op=READ_BUCKET {"volume":"6ff244bd-e683-4ab0-9e14-5f372d01cb1e","bucket":"9d515e71-e228-4eb7-b76a-b3ba1e214092"} | ret=SUCCESS |  
2025-10-16 19:47:40,054 | INFO  | OMAudit | user=runner | ip=127.0.0.1 | op=READ_BUCKET {"volume":"6ff244bd-e683-4ab0-9e14-5f372d01cb1e","bucket":"9d515e71-e228-4eb7-b76a-b3ba1e214092"} | ret=SUCCESS |  
2025-10-16 19:47:40,055 | INFO  | SCMAudit | user=runner | ip=127.0.0.1 | op=ALLOCATE_BLOCK {"replication":"RATIS/ONE","owner":"omServiceIdDefault","size":"4194304","sampleBlocks":"[conID: 8 locID: 115816896921600040]","num":"1","client":"","allocated":"1"} | ret=SUCCESS |  
2025-10-16 19:47:40,058 | INFO  | OMAudit | user=runner | ip=127.0.0.1 | op=ALLOCATE_KEY {"volume":"6ff244bd-e683-4ab0-9e14-5f372d01cb1e","bucket":"9d515e71-e228-4eb7-b76a-b3ba1e214092","key":"rewriteFailsDueToOutdatedGeneration","dataSize":"36","replicationType":"RATIS","replicationFactor":"ONE","Transaction":"124"} | ret=SUCCESS |  
2025-10-16 19:47:40,069 | INFO  | OMAudit | user=runner | ip=127.0.0.1 | op=COMMIT_KEY {"volume":"6ff244bd-e683-4ab0-9e14-5f372d01cb1e","bucket":"9d515e71-e228-4eb7-b76a-b3ba1e214092","key":"rewriteFailsDueToOutdatedGeneration","dataSize":"36","replicationType":"RATIS","replicationFactor":"ONE","Transaction":"125"} | ret=SUCCESS |  
2025-10-16 19:47:40,072 | INFO  | OMAudit | user=runner | ip=127.0.0.1 | op=READ_KEY {"volume":"6ff244bd-e683-4ab0-9e14-5f372d01cb1e","bucket":"9d515e71-e228-4eb7-b76a-b3ba1e214092","key":"rewriteFailsDueToOutdatedGeneration","owner":null,"dataSize":"0","replicationConfig":null} | ret=SUCCESS |  
2025-10-16 19:47:40,074 | INFO  | OMAudit | user=runner | ip=127.0.0.1 | op=READ_BUCKET {"volume":"6ff244bd-e683-4ab0-9e14-5f372d01cb1e","bucket":"9d515e71-e228-4eb7-b76a-b3ba1e214092"} | ret=SUCCESS |  
2025-10-16 19:47:40,075 | INFO  | SCMAudit | user=runner | ip=127.0.0.1 | op=ALLOCATE_BLOCK {"replication":"RATIS/ONE","owner":"omServiceIdDefault","size":"4194304","sampleBlocks":"[conID: 11 locID: 115816896921600041]","num":"1","client":"","allocated":"1"} | ret=SUCCESS |  
2025-10-16 19:47:40,078 | INFO  | OMAudit | user=runner | ip=127.0.0.1 | op=ALLOCATE_KEY {"volume":"6ff244bd-e683-4ab0-9e14-5f372d01cb1e","bucket":"9d515e71-e228-4eb7-b76a-b3ba1e214092","key":"rewriteFailsDueToOutdatedGeneration","dataSize":"9","replicationType":"RATIS","replicationFactor":"ONE","Transaction":"126"} | ret=SUCCESS |  
2025-10-16 19:47:40,095 | INFO  | ContainerLog | ID=11 | Index=0 | BCSID=0 | State=OPEN | Volume=/home/runner/work/ozone/ozone/hadoop-ozone/integration-test/target/test-dir/MiniOzoneClusterImpl-e7911277-7775-4457-96c8-94071a26a1ce/ozone-metadata/datanode-12/data-0/hdds | DataChecksum=0 |  
2025-10-16 19:47:40,099 | INFO  | SCMAudit | user=runner | ip=127.0.0.1 | op=SEND_HEARTBEAT {"datanodeUUID":"e33e6ec4-6b66-4281-bedd-2bd75bd30070","term":"2","command":"[]"} | ret=SUCCESS |  
2025-10-16 19:47:40,107 | INFO  | OMAudit | user=runner | ip=127.0.0.1 | op=COMMIT_KEY {"volume":"6ff244bd-e683-4ab0-9e14-5f372d01cb1e","bucket":"9d515e71-e228-4eb7-b76a-b3ba1e214092","key":"rewriteFailsDueToOutdatedGeneration","dataSize":"9","replicationType":"RATIS","replicationFactor":"ONE","Transaction":"127"} | ret=SUCCESS |  
2025-10-16 19:47:40,111 | INFO  | SCMAudit | user=runner | ip=127.0.0.1 | op=GET_CONTAINER_WITH_PIPELINE_BATCH {"containerIDs":"#11,"} | ret=SUCCESS |  
2025-10-16 19:47:40,112 | INFO  | OMAudit | user=runner | ip=127.0.0.1 | op=READ_KEY {"volume":"6ff244bd-e683-4ab0-9e14-5f372d01cb1e","bucket":"9d515e71-e228-4eb7-b76a-b3ba1e214092","key":"rewriteFailsDueToOutdatedGeneration","owner":null,"dataSize":"0","replicationConfig":null} | ret=SUCCESS |  
2025-10-16 19:47:40,115 | INFO  | SCMAudit | user=runner | ip=127.0.0.1 | op=GET_CONTAINER_WITH_PIPELINE_BATCH {"containerIDs":"#11,"} | ret=SUCCESS |  
2025-10-16 19:47:40,116 | INFO  | SCMAudit | user=runner | ip=127.0.0.1 | op=SEND_HEARTBEAT {"datanodeUUID":"0e8b6cc7-9945-4141-97fc-6aa017a0d5fa","term":"2","command":"[]"} | ret=SUCCESS |  
2025-10-16 19:47:40,116 | INFO  | OMAudit | user=null | ip= | op=READ_KEY {"volume":"6ff244bd-e683-4ab0-9e14-5f372d01cb1e","bucket":"9d515e71-e228-4eb7-b76a-b3ba1e214092","key":"rewriteFailsDueToOutdatedGeneration","owner":null,"dataSize":"0","replicationConfig":null} | ret=SUCCESS |  
2025-10-16 19:47:40,118 | INFO  | OMAudit | user=runner | ip=127.0.0.1 | op=READ_BUCKET {"volume":"6ff244bd-e683-4ab0-9e14-5f372d01cb1e","bucket":"9d515e71-e228-4eb7-b76a-b3ba1e214092"} | ret=SUCCESS |  
2025-10-16 19:47:40,119 | INFO  | SCMAudit | user=runner | ip=127.0.0.1 | op=ALLOCATE_BLOCK {"replication":"RATIS/ONE","owner":"omServiceIdDefault","size":"4194304","sampleBlocks":"[conID: 9 locID: 115816896921600042]","num":"1","client":"","allocated":"1"} | ret=SUCCESS |  
2025-10-16 19:47:40,122 [om1-OMStateMachineApplyTransactionThread - 0] ERROR key.OMKeyCreateRequest (OMKeyCreateRequest.java:logResult(400)) - Key creation failed. Volume:6ff244bd-e683-4ab0-9e14-5f372d01cb1e, Bucket:9d515e71-e228-4eb7-b76a-b3ba1e214092, Key:rewriteFailsDueToOutdatedGeneration. 
KEY_NOT_FOUND org.apache.hadoop.ozone.om.exceptions.OMException: Generation mismatch during expected rewrite
	at org.apache.hadoop.ozone.om.request.key.OMKeyCreateRequest.validateAtomicRewrite(OMKeyCreateRequest.java:468)
	at org.apache.hadoop.ozone.om.request.key.OMKeyCreateRequestWithFSO.validateAndUpdateCache(OMKeyCreateRequestWithFSO.java:124)
	at org.apache.hadoop.ozone.protocolPB.OzoneManagerRequestHandler.lambda$0(OzoneManagerRequestHandler.java:418)
	at org.apache.hadoop.ozone.util.MetricUtil.captureLatencyNs(MetricUtil.java:45)
	at org.apache.hadoop.ozone.protocolPB.OzoneManagerRequestHandler.handleWriteRequestImpl(OzoneManagerRequestHandler.java:416)
	at org.apache.hadoop.ozone.protocolPB.RequestHandler.handleWriteRequest(RequestHandler.java:62)
	at org.apache.hadoop.ozone.om.ratis.OzoneManagerStateMachine.runCommand(OzoneManagerStateMachine.java:599)
	at org.apache.hadoop.ozone.om.ratis.OzoneManagerStateMachine.lambda$3(OzoneManagerStateMachine.java:415)
	at java.base/java.util.concurrent.CompletableFuture$AsyncSupply.run(CompletableFuture.java:1768)
	at java.base/java.util.concurrent.ThreadPoolExecutor.runWorker(ThreadPoolExecutor.java:1144)
	at java.base/java.util.concurrent.ThreadPoolExecutor$Worker.run(ThreadPoolExecutor.java:642)
	at java.base/java.lang.Thread.run(Thread.java:1583)
2025-10-16 19:47:40,123 | ERROR | OMAudit | user=runner | ip=127.0.0.1 | op=ALLOCATE_KEY {"volume":"6ff244bd-e683-4ab0-9e14-5f372d01cb1e","bucket":"9d515e71-e228-4eb7-b76a-b3ba1e214092","key":"rewriteFailsDueToOutdatedGeneration","dataSize":"36","replicationType":"RATIS","replicationFactor":"ONE","rewriteGeneration":"125","Transaction":"128"} | ret=FAILURE | 
org.apache.hadoop.ozone.om.exceptions.OMException: Generation mismatch during expected rewrite
	at org.apache.hadoop.ozone.om.request.key.OMKeyCreateRequest.validateAtomicRewrite(OMKeyCreateRequest.java:468)
	at org.apache.hadoop.ozone.om.request.key.OMKeyCreateRequestWithFSO.validateAndUpdateCache(OMKeyCreateRequestWithFSO.java:124)
 
2025-10-16 19:47:40,127 | INFO  | OMAudit | user=runner | ip=127.0.0.1 | op=READ_KEY {"volume":"6ff244bd-e683-4ab0-9e14-5f372d01cb1e","bucket":"9d515e71-e228-4eb7-b76a-b3ba1e214092","key":"rewriteFailsDueToOutdatedGeneration","owner":null,"dataSize":"0","replicationConfig":null} | ret=SUCCESS |  
2025-10-16 19:47:40,129 | INFO  | OMAudit | user=runner | ip=127.0.0.1 | op=READ_KEY {"volume":"6ff244bd-e683-4ab0-9e14-5f372d01cb1e","bucket":"9d515e71-e228-4eb7-b76a-b3ba1e214092","key":"rewriteFailsDueToOutdatedGeneration","owner":null,"dataSize":"0","replicationConfig":null} | ret=SUCCESS |  
2025-10-16 19:47:40,144 | INFO  | SCMAudit | user=runner | ip=127.0.0.1 | op=GET_CONTAINER_WITH_PIPELINE_BATCH {"containerIDs":"#11,"} | ret=SUCCESS |  
2025-10-16 19:47:40,144 | INFO  | OMAudit | user=null | ip= | op=READ_KEY {"volume":"6ff244bd-e683-4ab0-9e14-5f372d01cb1e","bucket":"9d515e71-e228-4eb7-b76a-b3ba1e214092","key":"rewriteFailsDueToOutdatedGeneration","owner":null,"dataSize":"0","replicationConfig":null} | ret=SUCCESS |  
]]></system-out>
  </testcase>
  <testcase name="rewriteFailsDueToOutdatedGeneration(BucketLayout)[2]" classname="org.apache.hadoop.ozone.client.rpc.TestSecureOzoneRpcClient" time="0.075">
    <system-out><![CDATA[2025-10-16 19:47:40,147 [ForkJoinPool-1-worker-1] INFO  rpc.RpcClient (RpcClient.java:createVolume(461)) - Creating Volume: 69701693-3bb4-406b-b976-9670902ba143, with runner as owner and space quota set to -1 bytes, counts quota set to -1
2025-10-16 19:47:40,150 [om1-OMStateMachineApplyTransactionThread - 0] INFO  volume.OMVolumeCreateRequest (OMVolumeCreateRequest.java:validateAndUpdateCache(213)) - created volume:69701693-3bb4-406b-b976-9670902ba143 for user:runner
2025-10-16 19:47:40,150 | INFO  | OMAudit | user=runner | ip=127.0.0.1 | op=CREATE_VOLUME {"admin":"runner","owner":"runner","volume":"69701693-3bb4-406b-b976-9670902ba143","creationTime":"1760644060148","modificationTime":"1760644060148","quotaInBytes":"-1","quotaInNamespace":"-1","usedNamespace":"0","objectID":"-9223372036854742784","updateID":"129","Transaction":"129"} | ret=SUCCESS |  
2025-10-16 19:47:40,152 | INFO  | OMAudit | user=runner | ip=127.0.0.1 | op=READ_VOLUME {"volume":"69701693-3bb4-406b-b976-9670902ba143"} | ret=SUCCESS |  
2025-10-16 19:47:40,153 [ForkJoinPool-1-worker-1] INFO  rpc.RpcClient (RpcClient.java:createBucket(686)) - Creating Bucket: 69701693-3bb4-406b-b976-9670902ba143/0df77d5f-c9d5-456d-ad9a-acb38931e3ad, with bucket layout OBJECT_STORE, runner as owner, Versioning false, Storage Type set to DISK and Encryption set to false, Replication Type set to server-side default replication type, Namespace Quota set to -1, Space Quota set to -1 
2025-10-16 19:47:40,153 | INFO  | SCMAudit | user=runner | ip=127.0.0.1 | op=SEND_HEARTBEAT {"datanodeUUID":"0428ab3f-efd5-438e-ae11-9ec242443260","term":"2","command":"[]"} | ret=SUCCESS |  
2025-10-16 19:47:40,156 [om1-OMStateMachineApplyTransactionThread - 0] INFO  bucket.OMBucketCreateRequest (OMBucketCreateRequest.java:validateAndUpdateCache(303)) - created bucket: 0df77d5f-c9d5-456d-ad9a-acb38931e3ad of layout OBJECT_STORE in volume: 69701693-3bb4-406b-b976-9670902ba143
2025-10-16 19:47:40,157 | INFO  | OMAudit | user=runner | ip=127.0.0.1 | op=CREATE_BUCKET {"volume":"69701693-3bb4-406b-b976-9670902ba143","bucket":"0df77d5f-c9d5-456d-ad9a-acb38931e3ad","bucketLayout":"OBJECT_STORE","gdprEnabled":null,"acls":"[user:runner:a[ACCESS], group:runner:rl[ACCESS]]","isVersionEnabled":"false","storageType":"DISK","creationTime":"1760644060155","bucketEncryptionKey":null,"modificationTime":"1760644060155","usedBytes":"0","usedNamespace":"0","snapshotUsedBytes":"0","snapshotUsedNamespace":"0","owner":"runner","replicationType":null,"replicationConfig":null,"quotaInBytes":"-1","quotaInNamespace":"-1","Transaction":"130"} | ret=SUCCESS |  
2025-10-16 19:47:40,159 | INFO  | OMAudit | user=runner | ip=127.0.0.1 | op=READ_BUCKET {"volume":"69701693-3bb4-406b-b976-9670902ba143","bucket":"0df77d5f-c9d5-456d-ad9a-acb38931e3ad"} | ret=SUCCESS |  
2025-10-16 19:47:40,160 | INFO  | OMAudit | user=runner | ip=127.0.0.1 | op=READ_BUCKET {"volume":"69701693-3bb4-406b-b976-9670902ba143","bucket":"0df77d5f-c9d5-456d-ad9a-acb38931e3ad"} | ret=SUCCESS |  
2025-10-16 19:47:40,161 | INFO  | SCMAudit | user=runner | ip=127.0.0.1 | op=ALLOCATE_BLOCK {"replication":"RATIS/ONE","owner":"omServiceIdDefault","size":"4194304","sampleBlocks":"[conID: 12 locID: 115816896921600043]","num":"1","client":"","allocated":"1"} | ret=SUCCESS |  
2025-10-16 19:47:40,164 | INFO  | OMAudit | user=runner | ip=127.0.0.1 | op=ALLOCATE_KEY {"volume":"69701693-3bb4-406b-b976-9670902ba143","bucket":"0df77d5f-c9d5-456d-ad9a-acb38931e3ad","key":"rewriteFailsDueToOutdatedGeneration","dataSize":"36","replicationType":"RATIS","replicationFactor":"ONE","Transaction":"131"} | ret=SUCCESS |  
2025-10-16 19:47:40,174 | INFO  | OMAudit | user=runner | ip=127.0.0.1 | op=COMMIT_KEY {"volume":"69701693-3bb4-406b-b976-9670902ba143","bucket":"0df77d5f-c9d5-456d-ad9a-acb38931e3ad","key":"rewriteFailsDueToOutdatedGeneration","dataSize":"36","replicationType":"RATIS","replicationFactor":"ONE","Transaction":"132"} | ret=SUCCESS |  
2025-10-16 19:47:40,177 | INFO  | OMAudit | user=runner | ip=127.0.0.1 | op=READ_KEY {"volume":"69701693-3bb4-406b-b976-9670902ba143","bucket":"0df77d5f-c9d5-456d-ad9a-acb38931e3ad","key":"rewriteFailsDueToOutdatedGeneration","owner":null,"dataSize":"0","replicationConfig":null} | ret=SUCCESS |  
2025-10-16 19:47:40,179 | INFO  | OMAudit | user=runner | ip=127.0.0.1 | op=READ_BUCKET {"volume":"69701693-3bb4-406b-b976-9670902ba143","bucket":"0df77d5f-c9d5-456d-ad9a-acb38931e3ad"} | ret=SUCCESS |  
2025-10-16 19:47:40,180 | INFO  | SCMAudit | user=runner | ip=127.0.0.1 | op=ALLOCATE_BLOCK {"replication":"RATIS/ONE","owner":"omServiceIdDefault","size":"4194304","sampleBlocks":"[conID: 10 locID: 115816896921600044]","num":"1","client":"","allocated":"1"} | ret=SUCCESS |  
2025-10-16 19:47:40,182 | INFO  | OMAudit | user=runner | ip=127.0.0.1 | op=ALLOCATE_KEY {"volume":"69701693-3bb4-406b-b976-9670902ba143","bucket":"0df77d5f-c9d5-456d-ad9a-acb38931e3ad","key":"rewriteFailsDueToOutdatedGeneration","dataSize":"9","replicationType":"RATIS","replicationFactor":"ONE","Transaction":"133"} | ret=SUCCESS |  
2025-10-16 19:47:40,194 | INFO  | OMAudit | user=runner | ip=127.0.0.1 | op=COMMIT_KEY {"volume":"69701693-3bb4-406b-b976-9670902ba143","bucket":"0df77d5f-c9d5-456d-ad9a-acb38931e3ad","key":"rewriteFailsDueToOutdatedGeneration","dataSize":"9","replicationType":"RATIS","replicationFactor":"ONE","Transaction":"134"} | ret=SUCCESS |  
2025-10-16 19:47:40,194 | INFO  | SCMAudit | user=runner | ip=127.0.0.1 | op=SEND_HEARTBEAT {"datanodeUUID":"702cb173-5c73-4ecc-b5cd-c7b4a6b66aea","term":"2","command":"[]"} | ret=SUCCESS |  
2025-10-16 19:47:40,197 | INFO  | OMAudit | user=runner | ip=127.0.0.1 | op=READ_KEY {"volume":"69701693-3bb4-406b-b976-9670902ba143","bucket":"0df77d5f-c9d5-456d-ad9a-acb38931e3ad","key":"rewriteFailsDueToOutdatedGeneration","owner":null,"dataSize":"0","replicationConfig":null} | ret=SUCCESS |  
2025-10-16 19:47:40,199 | INFO  | SCMAudit | user=runner | ip=127.0.0.1 | op=GET_CONTAINER_WITH_PIPELINE_BATCH {"containerIDs":"#10,"} | ret=SUCCESS |  
2025-10-16 19:47:40,200 | INFO  | OMAudit | user=null | ip= | op=READ_KEY {"volume":"69701693-3bb4-406b-b976-9670902ba143","bucket":"0df77d5f-c9d5-456d-ad9a-acb38931e3ad","key":"rewriteFailsDueToOutdatedGeneration","owner":null,"dataSize":"0","replicationConfig":null} | ret=SUCCESS |  
2025-10-16 19:47:40,201 | INFO  | OMAudit | user=runner | ip=127.0.0.1 | op=READ_BUCKET {"volume":"69701693-3bb4-406b-b976-9670902ba143","bucket":"0df77d5f-c9d5-456d-ad9a-acb38931e3ad"} | ret=SUCCESS |  
2025-10-16 19:47:40,202 | INFO  | SCMAudit | user=runner | ip=127.0.0.1 | op=ALLOCATE_BLOCK {"replication":"RATIS/ONE","owner":"omServiceIdDefault","size":"4194304","sampleBlocks":"[conID: 7 locID: 115816896921600045]","num":"1","client":"","allocated":"1"} | ret=SUCCESS |  
2025-10-16 19:47:40,204 [om1-OMStateMachineApplyTransactionThread - 0] ERROR key.OMKeyCreateRequest (OMKeyCreateRequest.java:logResult(400)) - Key creation failed. Volume:69701693-3bb4-406b-b976-9670902ba143, Bucket:0df77d5f-c9d5-456d-ad9a-acb38931e3ad, Key:rewriteFailsDueToOutdatedGeneration. 
KEY_NOT_FOUND org.apache.hadoop.ozone.om.exceptions.OMException: Generation mismatch during expected rewrite
	at org.apache.hadoop.ozone.om.request.key.OMKeyCreateRequest.validateAtomicRewrite(OMKeyCreateRequest.java:468)
	at org.apache.hadoop.ozone.om.request.key.OMKeyCreateRequest.validateAndUpdateCache(OMKeyCreateRequest.java:240)
	at org.apache.hadoop.ozone.protocolPB.OzoneManagerRequestHandler.lambda$0(OzoneManagerRequestHandler.java:418)
	at org.apache.hadoop.ozone.util.MetricUtil.captureLatencyNs(MetricUtil.java:45)
	at org.apache.hadoop.ozone.protocolPB.OzoneManagerRequestHandler.handleWriteRequestImpl(OzoneManagerRequestHandler.java:416)
	at org.apache.hadoop.ozone.protocolPB.RequestHandler.handleWriteRequest(RequestHandler.java:62)
	at org.apache.hadoop.ozone.om.ratis.OzoneManagerStateMachine.runCommand(OzoneManagerStateMachine.java:599)
	at org.apache.hadoop.ozone.om.ratis.OzoneManagerStateMachine.lambda$3(OzoneManagerStateMachine.java:415)
	at java.base/java.util.concurrent.CompletableFuture$AsyncSupply.run(CompletableFuture.java:1768)
	at java.base/java.util.concurrent.ThreadPoolExecutor.runWorker(ThreadPoolExecutor.java:1144)
	at java.base/java.util.concurrent.ThreadPoolExecutor$Worker.run(ThreadPoolExecutor.java:642)
	at java.base/java.lang.Thread.run(Thread.java:1583)
2025-10-16 19:47:40,204 | ERROR | OMAudit | user=runner | ip=127.0.0.1 | op=ALLOCATE_KEY {"volume":"69701693-3bb4-406b-b976-9670902ba143","bucket":"0df77d5f-c9d5-456d-ad9a-acb38931e3ad","key":"rewriteFailsDueToOutdatedGeneration","dataSize":"36","replicationType":"RATIS","replicationFactor":"ONE","rewriteGeneration":"132","Transaction":"135"} | ret=FAILURE | 
org.apache.hadoop.ozone.om.exceptions.OMException: Generation mismatch during expected rewrite
	at org.apache.hadoop.ozone.om.request.key.OMKeyCreateRequest.validateAtomicRewrite(OMKeyCreateRequest.java:468)
	at org.apache.hadoop.ozone.om.request.key.OMKeyCreateRequest.validateAndUpdateCache(OMKeyCreateRequest.java:240)
 
2025-10-16 19:47:40,206 | INFO  | OMAudit | user=runner | ip=127.0.0.1 | op=READ_KEY {"volume":"69701693-3bb4-406b-b976-9670902ba143","bucket":"0df77d5f-c9d5-456d-ad9a-acb38931e3ad","key":"rewriteFailsDueToOutdatedGeneration","owner":null,"dataSize":"0","replicationConfig":null} | ret=SUCCESS |  
2025-10-16 19:47:40,208 | INFO  | OMAudit | user=runner | ip=127.0.0.1 | op=READ_KEY {"volume":"69701693-3bb4-406b-b976-9670902ba143","bucket":"0df77d5f-c9d5-456d-ad9a-acb38931e3ad","key":"rewriteFailsDueToOutdatedGeneration","owner":null,"dataSize":"0","replicationConfig":null} | ret=SUCCESS |  
2025-10-16 19:47:40,209 | INFO  | SCMAudit | user=runner | ip=127.0.0.1 | op=SEND_HEARTBEAT {"datanodeUUID":"76d4ba71-5bbb-4b24-8f51-8bc7f78aaca4","term":"2","command":"[]"} | ret=SUCCESS |  
2025-10-16 19:47:40,220 | INFO  | SCMAudit | user=runner | ip=127.0.0.1 | op=GET_CONTAINER_WITH_PIPELINE_BATCH {"containerIDs":"#10,"} | ret=SUCCESS |  
2025-10-16 19:47:40,221 | INFO  | OMAudit | user=null | ip= | op=READ_KEY {"volume":"69701693-3bb4-406b-b976-9670902ba143","bucket":"0df77d5f-c9d5-456d-ad9a-acb38931e3ad","key":"rewriteFailsDueToOutdatedGeneration","owner":null,"dataSize":"0","replicationConfig":null} | ret=SUCCESS |  
2025-10-16 19:47:40,221 | INFO  | SCMAudit | user=runner | ip=127.0.0.1 | op=SEND_HEARTBEAT {"datanodeUUID":"8a3c3252-9afe-4d3a-8492-25be6557678a","term":"2","command":"[]"} | ret=SUCCESS |  
]]></system-out>
  </testcase>
  <testcase name="rewriteFailsDueToOutdatedGeneration(BucketLayout)[3]" classname="org.apache.hadoop.ozone.client.rpc.TestSecureOzoneRpcClient" time="0.074">
    <system-out><![CDATA[2025-10-16 19:47:40,223 [ForkJoinPool-1-worker-1] INFO  rpc.RpcClient (RpcClient.java:createVolume(461)) - Creating Volume: 6cf849a1-f508-4546-98b1-7c3d16ab009b, with runner as owner and space quota set to -1 bytes, counts quota set to -1
2025-10-16 19:47:40,226 [om1-OMStateMachineApplyTransactionThread - 0] INFO  volume.OMVolumeCreateRequest (OMVolumeCreateRequest.java:validateAndUpdateCache(213)) - created volume:6cf849a1-f508-4546-98b1-7c3d16ab009b for user:runner
2025-10-16 19:47:40,226 | INFO  | OMAudit | user=runner | ip=127.0.0.1 | op=CREATE_VOLUME {"admin":"runner","owner":"runner","volume":"6cf849a1-f508-4546-98b1-7c3d16ab009b","creationTime":"1760644060224","modificationTime":"1760644060224","quotaInBytes":"-1","quotaInNamespace":"-1","usedNamespace":"0","objectID":"-9223372036854740992","updateID":"136","Transaction":"136"} | ret=SUCCESS |  
2025-10-16 19:47:40,227 | INFO  | OMAudit | user=runner | ip=127.0.0.1 | op=READ_VOLUME {"volume":"6cf849a1-f508-4546-98b1-7c3d16ab009b"} | ret=SUCCESS |  
2025-10-16 19:47:40,227 [ForkJoinPool-1-worker-1] INFO  rpc.RpcClient (RpcClient.java:createBucket(686)) - Creating Bucket: 6cf849a1-f508-4546-98b1-7c3d16ab009b/962ffc3f-db33-44ae-bf68-9899861f9360, with bucket layout LEGACY, runner as owner, Versioning false, Storage Type set to DISK and Encryption set to false, Replication Type set to server-side default replication type, Namespace Quota set to -1, Space Quota set to -1 
2025-10-16 19:47:40,230 [om1-OMStateMachineApplyTransactionThread - 0] INFO  bucket.OMBucketCreateRequest (OMBucketCreateRequest.java:validateAndUpdateCache(303)) - created bucket: 962ffc3f-db33-44ae-bf68-9899861f9360 of layout LEGACY in volume: 6cf849a1-f508-4546-98b1-7c3d16ab009b
2025-10-16 19:47:40,230 | INFO  | OMAudit | user=runner | ip=127.0.0.1 | op=CREATE_BUCKET {"volume":"6cf849a1-f508-4546-98b1-7c3d16ab009b","bucket":"962ffc3f-db33-44ae-bf68-9899861f9360","bucketLayout":"LEGACY","gdprEnabled":null,"acls":"[user:runner:a[ACCESS], group:runner:rl[ACCESS]]","isVersionEnabled":"false","storageType":"DISK","creationTime":"1760644060228","bucketEncryptionKey":null,"modificationTime":"1760644060228","usedBytes":"0","usedNamespace":"0","snapshotUsedBytes":"0","snapshotUsedNamespace":"0","owner":"runner","replicationType":null,"replicationConfig":null,"quotaInBytes":"-1","quotaInNamespace":"-1","Transaction":"137"} | ret=SUCCESS |  
2025-10-16 19:47:40,231 | INFO  | OMAudit | user=runner | ip=127.0.0.1 | op=READ_BUCKET {"volume":"6cf849a1-f508-4546-98b1-7c3d16ab009b","bucket":"962ffc3f-db33-44ae-bf68-9899861f9360"} | ret=SUCCESS |  
2025-10-16 19:47:40,233 | INFO  | OMAudit | user=runner | ip=127.0.0.1 | op=READ_BUCKET {"volume":"6cf849a1-f508-4546-98b1-7c3d16ab009b","bucket":"962ffc3f-db33-44ae-bf68-9899861f9360"} | ret=SUCCESS |  
2025-10-16 19:47:40,234 | INFO  | SCMAudit | user=runner | ip=127.0.0.1 | op=ALLOCATE_BLOCK {"replication":"RATIS/ONE","owner":"omServiceIdDefault","size":"4194304","sampleBlocks":"[conID: 10 locID: 115816896921600046]","num":"1","client":"","allocated":"1"} | ret=SUCCESS |  
2025-10-16 19:47:40,237 | INFO  | OMAudit | user=runner | ip=127.0.0.1 | op=ALLOCATE_KEY {"volume":"6cf849a1-f508-4546-98b1-7c3d16ab009b","bucket":"962ffc3f-db33-44ae-bf68-9899861f9360","key":"rewriteFailsDueToOutdatedGeneration","dataSize":"36","replicationType":"RATIS","replicationFactor":"ONE","Transaction":"138"} | ret=SUCCESS |  
2025-10-16 19:47:40,248 | INFO  | OMAudit | user=runner | ip=127.0.0.1 | op=COMMIT_KEY {"volume":"6cf849a1-f508-4546-98b1-7c3d16ab009b","bucket":"962ffc3f-db33-44ae-bf68-9899861f9360","key":"rewriteFailsDueToOutdatedGeneration","dataSize":"36","replicationType":"RATIS","replicationFactor":"ONE","Transaction":"139"} | ret=SUCCESS |  
2025-10-16 19:47:40,251 | INFO  | OMAudit | user=runner | ip=127.0.0.1 | op=READ_KEY {"volume":"6cf849a1-f508-4546-98b1-7c3d16ab009b","bucket":"962ffc3f-db33-44ae-bf68-9899861f9360","key":"rewriteFailsDueToOutdatedGeneration","owner":null,"dataSize":"0","replicationConfig":null} | ret=SUCCESS |  
2025-10-16 19:47:40,253 | INFO  | OMAudit | user=runner | ip=127.0.0.1 | op=READ_BUCKET {"volume":"6cf849a1-f508-4546-98b1-7c3d16ab009b","bucket":"962ffc3f-db33-44ae-bf68-9899861f9360"} | ret=SUCCESS |  
2025-10-16 19:47:40,254 | INFO  | SCMAudit | user=runner | ip=127.0.0.1 | op=ALLOCATE_BLOCK {"replication":"RATIS/ONE","owner":"omServiceIdDefault","size":"4194304","sampleBlocks":"[conID: 2 locID: 115816896921600047]","num":"1","client":"","allocated":"1"} | ret=SUCCESS |  
2025-10-16 19:47:40,256 | INFO  | OMAudit | user=runner | ip=127.0.0.1 | op=ALLOCATE_KEY {"volume":"6cf849a1-f508-4546-98b1-7c3d16ab009b","bucket":"962ffc3f-db33-44ae-bf68-9899861f9360","key":"rewriteFailsDueToOutdatedGeneration","dataSize":"9","replicationType":"RATIS","replicationFactor":"ONE","Transaction":"140"} | ret=SUCCESS |  
2025-10-16 19:47:40,257 | INFO  | SCMAudit | user=runner | ip=127.0.0.1 | op=SEND_HEARTBEAT {"datanodeUUID":"58cff6b7-b2a7-446b-a75a-bb98ad6b11b8","term":"2","command":"[]"} | ret=SUCCESS |  
2025-10-16 19:47:40,267 | INFO  | OMAudit | user=runner | ip=127.0.0.1 | op=COMMIT_KEY {"volume":"6cf849a1-f508-4546-98b1-7c3d16ab009b","bucket":"962ffc3f-db33-44ae-bf68-9899861f9360","key":"rewriteFailsDueToOutdatedGeneration","dataSize":"9","replicationType":"RATIS","replicationFactor":"ONE","Transaction":"141"} | ret=SUCCESS |  
2025-10-16 19:47:40,270 | INFO  | OMAudit | user=runner | ip=127.0.0.1 | op=READ_KEY {"volume":"6cf849a1-f508-4546-98b1-7c3d16ab009b","bucket":"962ffc3f-db33-44ae-bf68-9899861f9360","key":"rewriteFailsDueToOutdatedGeneration","owner":null,"dataSize":"0","replicationConfig":null} | ret=SUCCESS |  
2025-10-16 19:47:40,272 | INFO  | SCMAudit | user=runner | ip=127.0.0.1 | op=GET_CONTAINER_WITH_PIPELINE_BATCH {"containerIDs":"#2,"} | ret=SUCCESS |  
2025-10-16 19:47:40,272 | INFO  | OMAudit | user=null | ip= | op=READ_KEY {"volume":"6cf849a1-f508-4546-98b1-7c3d16ab009b","bucket":"962ffc3f-db33-44ae-bf68-9899861f9360","key":"rewriteFailsDueToOutdatedGeneration","owner":null,"dataSize":"0","replicationConfig":null} | ret=SUCCESS |  
2025-10-16 19:47:40,274 | INFO  | OMAudit | user=runner | ip=127.0.0.1 | op=READ_BUCKET {"volume":"6cf849a1-f508-4546-98b1-7c3d16ab009b","bucket":"962ffc3f-db33-44ae-bf68-9899861f9360"} | ret=SUCCESS |  
2025-10-16 19:47:40,275 | INFO  | SCMAudit | user=runner | ip=127.0.0.1 | op=ALLOCATE_BLOCK {"replication":"RATIS/ONE","owner":"omServiceIdDefault","size":"4194304","sampleBlocks":"[conID: 10 locID: 115816896921600048]","num":"1","client":"","allocated":"1"} | ret=SUCCESS |  
2025-10-16 19:47:40,278 [om1-OMStateMachineApplyTransactionThread - 0] ERROR key.OMKeyCreateRequest (OMKeyCreateRequest.java:logResult(400)) - Key creation failed. Volume:6cf849a1-f508-4546-98b1-7c3d16ab009b, Bucket:962ffc3f-db33-44ae-bf68-9899861f9360, Key:rewriteFailsDueToOutdatedGeneration. 
KEY_NOT_FOUND org.apache.hadoop.ozone.om.exceptions.OMException: Generation mismatch during expected rewrite
	at org.apache.hadoop.ozone.om.request.key.OMKeyCreateRequest.validateAtomicRewrite(OMKeyCreateRequest.java:468)
	at org.apache.hadoop.ozone.om.request.key.OMKeyCreateRequest.validateAndUpdateCache(OMKeyCreateRequest.java:240)
	at org.apache.hadoop.ozone.protocolPB.OzoneManagerRequestHandler.lambda$0(OzoneManagerRequestHandler.java:418)
	at org.apache.hadoop.ozone.util.MetricUtil.captureLatencyNs(MetricUtil.java:45)
	at org.apache.hadoop.ozone.protocolPB.OzoneManagerRequestHandler.handleWriteRequestImpl(OzoneManagerRequestHandler.java:416)
	at org.apache.hadoop.ozone.protocolPB.RequestHandler.handleWriteRequest(RequestHandler.java:62)
	at org.apache.hadoop.ozone.om.ratis.OzoneManagerStateMachine.runCommand(OzoneManagerStateMachine.java:599)
	at org.apache.hadoop.ozone.om.ratis.OzoneManagerStateMachine.lambda$3(OzoneManagerStateMachine.java:415)
	at java.base/java.util.concurrent.CompletableFuture$AsyncSupply.run(CompletableFuture.java:1768)
	at java.base/java.util.concurrent.ThreadPoolExecutor.runWorker(ThreadPoolExecutor.java:1144)
	at java.base/java.util.concurrent.ThreadPoolExecutor$Worker.run(ThreadPoolExecutor.java:642)
	at java.base/java.lang.Thread.run(Thread.java:1583)
2025-10-16 19:47:40,279 | ERROR | OMAudit | user=runner | ip=127.0.0.1 | op=ALLOCATE_KEY {"volume":"6cf849a1-f508-4546-98b1-7c3d16ab009b","bucket":"962ffc3f-db33-44ae-bf68-9899861f9360","key":"rewriteFailsDueToOutdatedGeneration","dataSize":"36","replicationType":"RATIS","replicationFactor":"ONE","rewriteGeneration":"139","Transaction":"142"} | ret=FAILURE | 
org.apache.hadoop.ozone.om.exceptions.OMException: Generation mismatch during expected rewrite
	at org.apache.hadoop.ozone.om.request.key.OMKeyCreateRequest.validateAtomicRewrite(OMKeyCreateRequest.java:468)
	at org.apache.hadoop.ozone.om.request.key.OMKeyCreateRequest.validateAndUpdateCache(OMKeyCreateRequest.java:240)
 
2025-10-16 19:47:40,282 | INFO  | OMAudit | user=runner | ip=127.0.0.1 | op=READ_KEY {"volume":"6cf849a1-f508-4546-98b1-7c3d16ab009b","bucket":"962ffc3f-db33-44ae-bf68-9899861f9360","key":"rewriteFailsDueToOutdatedGeneration","owner":null,"dataSize":"0","replicationConfig":null} | ret=SUCCESS |  
2025-10-16 19:47:40,285 | INFO  | OMAudit | user=runner | ip=127.0.0.1 | op=READ_KEY {"volume":"6cf849a1-f508-4546-98b1-7c3d16ab009b","bucket":"962ffc3f-db33-44ae-bf68-9899861f9360","key":"rewriteFailsDueToOutdatedGeneration","owner":null,"dataSize":"0","replicationConfig":null} | ret=SUCCESS |  
2025-10-16 19:47:40,295 | INFO  | SCMAudit | user=runner | ip=127.0.0.1 | op=GET_CONTAINER_WITH_PIPELINE_BATCH {"containerIDs":"#2,"} | ret=SUCCESS |  
2025-10-16 19:47:40,295 | INFO  | OMAudit | user=null | ip= | op=READ_KEY {"volume":"6cf849a1-f508-4546-98b1-7c3d16ab009b","bucket":"962ffc3f-db33-44ae-bf68-9899861f9360","key":"rewriteFailsDueToOutdatedGeneration","owner":null,"dataSize":"0","replicationConfig":null} | ret=SUCCESS |  
]]></system-out>
  </testcase>
  <testcase name="rewriteFailsDueToOutdatedGenerationAtCommit(BucketLayout)[1]" classname="org.apache.hadoop.ozone.client.rpc.TestSecureOzoneRpcClient" time="0.139">
    <system-out><![CDATA[2025-10-16 19:47:40,302 [ForkJoinPool-1-worker-1] INFO  rpc.RpcClient (RpcClient.java:createVolume(461)) - Creating Volume: e1a7123d-c454-4d7d-a29b-f0138faf84c4, with runner as owner and space quota set to -1 bytes, counts quota set to -1
2025-10-16 19:47:40,307 [om1-OMStateMachineApplyTransactionThread - 0] INFO  volume.OMVolumeCreateRequest (OMVolumeCreateRequest.java:validateAndUpdateCache(213)) - created volume:e1a7123d-c454-4d7d-a29b-f0138faf84c4 for user:runner
2025-10-16 19:47:40,307 | INFO  | OMAudit | user=runner | ip=127.0.0.1 | op=CREATE_VOLUME {"admin":"runner","owner":"runner","volume":"e1a7123d-c454-4d7d-a29b-f0138faf84c4","creationTime":"1760644060304","modificationTime":"1760644060304","quotaInBytes":"-1","quotaInNamespace":"-1","usedNamespace":"0","objectID":"-9223372036854739200","updateID":"143","Transaction":"143"} | ret=SUCCESS |  
2025-10-16 19:47:40,311 | INFO  | OMAudit | user=runner | ip=127.0.0.1 | op=READ_VOLUME {"volume":"e1a7123d-c454-4d7d-a29b-f0138faf84c4"} | ret=SUCCESS |  
2025-10-16 19:47:40,312 [ForkJoinPool-1-worker-1] INFO  rpc.RpcClient (RpcClient.java:createBucket(686)) - Creating Bucket: e1a7123d-c454-4d7d-a29b-f0138faf84c4/59fde4e4-6a1c-44c8-94e5-76ae757ac806, with bucket layout FILE_SYSTEM_OPTIMIZED, runner as owner, Versioning false, Storage Type set to DISK and Encryption set to false, Replication Type set to server-side default replication type, Namespace Quota set to -1, Space Quota set to -1 
2025-10-16 19:47:40,315 [om1-OMStateMachineApplyTransactionThread - 0] INFO  bucket.OMBucketCreateRequest (OMBucketCreateRequest.java:validateAndUpdateCache(303)) - created bucket: 59fde4e4-6a1c-44c8-94e5-76ae757ac806 of layout FILE_SYSTEM_OPTIMIZED in volume: e1a7123d-c454-4d7d-a29b-f0138faf84c4
2025-10-16 19:47:40,315 | INFO  | OMAudit | user=runner | ip=127.0.0.1 | op=CREATE_BUCKET {"volume":"e1a7123d-c454-4d7d-a29b-f0138faf84c4","bucket":"59fde4e4-6a1c-44c8-94e5-76ae757ac806","bucketLayout":"FILE_SYSTEM_OPTIMIZED","gdprEnabled":null,"acls":"[user:runner:a[ACCESS], group:runner:rl[ACCESS]]","isVersionEnabled":"false","storageType":"DISK","creationTime":"1760644060313","bucketEncryptionKey":null,"modificationTime":"1760644060313","usedBytes":"0","usedNamespace":"0","snapshotUsedBytes":"0","snapshotUsedNamespace":"0","owner":"runner","replicationType":null,"replicationConfig":null,"quotaInBytes":"-1","quotaInNamespace":"-1","Transaction":"144"} | ret=SUCCESS |  
2025-10-16 19:47:40,317 | INFO  | OMAudit | user=runner | ip=127.0.0.1 | op=READ_BUCKET {"volume":"e1a7123d-c454-4d7d-a29b-f0138faf84c4","bucket":"59fde4e4-6a1c-44c8-94e5-76ae757ac806"} | ret=SUCCESS |  
2025-10-16 19:47:40,320 | INFO  | OMAudit | user=runner | ip=127.0.0.1 | op=READ_BUCKET {"volume":"e1a7123d-c454-4d7d-a29b-f0138faf84c4","bucket":"59fde4e4-6a1c-44c8-94e5-76ae757ac806"} | ret=SUCCESS |  
2025-10-16 19:47:40,321 | INFO  | SCMAudit | user=runner | ip=127.0.0.1 | op=ALLOCATE_BLOCK {"replication":"RATIS/ONE","owner":"omServiceIdDefault","size":"4194304","sampleBlocks":"[conID: 8 locID: 115816896921600049]","num":"1","client":"","allocated":"1"} | ret=SUCCESS |  
2025-10-16 19:47:40,326 | INFO  | OMAudit | user=runner | ip=127.0.0.1 | op=ALLOCATE_KEY {"volume":"e1a7123d-c454-4d7d-a29b-f0138faf84c4","bucket":"59fde4e4-6a1c-44c8-94e5-76ae757ac806","key":"rewriteFailsDueToOutdatedGenerationAtCommit","dataSize":"36","replicationType":"RATIS","replicationFactor":"ONE","Transaction":"145"} | ret=SUCCESS |  
2025-10-16 19:47:40,340 | INFO  | OMAudit | user=runner | ip=127.0.0.1 | op=COMMIT_KEY {"volume":"e1a7123d-c454-4d7d-a29b-f0138faf84c4","bucket":"59fde4e4-6a1c-44c8-94e5-76ae757ac806","key":"rewriteFailsDueToOutdatedGenerationAtCommit","dataSize":"36","replicationType":"RATIS","replicationFactor":"ONE","Transaction":"146"} | ret=SUCCESS |  
2025-10-16 19:47:40,343 | INFO  | OMAudit | user=runner | ip=127.0.0.1 | op=READ_KEY {"volume":"e1a7123d-c454-4d7d-a29b-f0138faf84c4","bucket":"59fde4e4-6a1c-44c8-94e5-76ae757ac806","key":"rewriteFailsDueToOutdatedGenerationAtCommit","owner":null,"dataSize":"0","replicationConfig":null} | ret=SUCCESS |  
2025-10-16 19:47:40,346 | INFO  | OMAudit | user=runner | ip=127.0.0.1 | op=READ_BUCKET {"volume":"e1a7123d-c454-4d7d-a29b-f0138faf84c4","bucket":"59fde4e4-6a1c-44c8-94e5-76ae757ac806"} | ret=SUCCESS |  
2025-10-16 19:47:40,347 | INFO  | SCMAudit | user=runner | ip=127.0.0.1 | op=ALLOCATE_BLOCK {"replication":"RATIS/ONE","owner":"omServiceIdDefault","size":"4194304","sampleBlocks":"[conID: 4 locID: 115816896921600050]","num":"1","client":"","allocated":"1"} | ret=SUCCESS |  
2025-10-16 19:47:40,350 | INFO  | OMAudit | user=runner | ip=127.0.0.1 | op=ALLOCATE_KEY {"volume":"e1a7123d-c454-4d7d-a29b-f0138faf84c4","bucket":"59fde4e4-6a1c-44c8-94e5-76ae757ac806","key":"rewriteFailsDueToOutdatedGenerationAtCommit","dataSize":"36","replicationType":"RATIS","replicationFactor":"ONE","rewriteGeneration":"146","Transaction":"147"} | ret=SUCCESS |  
2025-10-16 19:47:40,359 | INFO  | OMAudit | user=runner | ip=127.0.0.1 | op=READ_BUCKET {"volume":"e1a7123d-c454-4d7d-a29b-f0138faf84c4","bucket":"59fde4e4-6a1c-44c8-94e5-76ae757ac806"} | ret=SUCCESS |  
2025-10-16 19:47:40,360 | INFO  | SCMAudit | user=runner | ip=127.0.0.1 | op=ALLOCATE_BLOCK {"replication":"RATIS/ONE","owner":"omServiceIdDefault","size":"4194304","sampleBlocks":"[conID: 7 locID: 115816896921600051]","num":"1","client":"","allocated":"1"} | ret=SUCCESS |  
2025-10-16 19:47:40,360 [om1-KeyDeletingService#1] INFO  service.KeyDeletingService (KeyDeletingService.java:processKeyDeletes(151)) - Send 10 key(s) to SCM, first 10 keys: [PurgedKey{blockGroup=BlockGroup[groupID='/6ff244bd-e683-4ab0-9e14-5f372d01cb1e/9d515e71-e228-4eb7-b76a-b3ba1e214092/rewriteFailsDueToOutdatedGeneration/-9223372036854743296/0', blockIDs=[conID: 8 locID: 115816896921600040 bcsId: 0 replicaIndex: null]], volume='6ff244bd-e683-4ab0-9e14-5f372d01cb1e', bucket='9d515e71-e228-4eb7-b76a-b3ba1e214092', bucketId=-9223372036854744320, purgedBytes=36, isCommittedKey=true, deleteKeyName='/6ff244bd-e683-4ab0-9e14-5f372d01cb1e/9d515e71-e228-4eb7-b76a-b3ba1e214092/rewriteFailsDueToOutdatedGeneration/-9223372036854743296'}, PurgedKey{blockGroup=BlockGroup[groupID='/f2fce237-426a-47bb-b076-e6f1128148a3/5a418a4c-3caa-4e5a-ac74-90cf481f3faa/renameAfterRewrite/-9223372036854754048/0', blockIDs=[conID: 8 locID: 115816896921600028 bcsId: 0 replicaIndex: null]], volume='f2fce237-426a-47bb-b076-e6f1128148a3', bucket='5a418a4c-3caa-4e5a-ac74-90cf481f3faa', bucketId=-9223372036854755072, purgedBytes=36, isCommittedKey=true, deleteKeyName='/f2fce237-426a-47bb-b076-e6f1128148a3/5a418a4c-3caa-4e5a-ac74-90cf481f3faa/renameAfterRewrite/-9223372036854754048'}, PurgedKey{blockGroup=BlockGroup[groupID='/d8e9a240-ca6d-4f08-8306-359ae55c913c/ca5b77c8-4ab5-47db-a31a-b77f4545b95d/renameAfterRewrite/-9223372036854752256/0', blockIDs=[conID: 3 locID: 115816896921600030 bcsId: 0 replicaIndex: null]], volume='d8e9a240-ca6d-4f08-8306-359ae55c913c', bucket='ca5b77c8-4ab5-47db-a31a-b77f4545b95d', bucketId=-9223372036854753280, purgedBytes=36, isCommittedKey=true, deleteKeyName='/d8e9a240-ca6d-4f08-8306-359ae55c913c/ca5b77c8-4ab5-47db-a31a-b77f4545b95d/renameAfterRewrite/-9223372036854752256'}, PurgedKey{blockGroup=BlockGroup[groupID='/547b9565-fd27-4e25-adcd-0d5fd16f1e51/894752f1-c12c-4fcb-b558-ba0b69b58773/renameAfterRewrite/-9223372036854750464/0', blockIDs=[conID: 4 locID: 115816896921600032 bcsId: 0 replicaIndex: null]], volume='547b9565-fd27-4e25-adcd-0d5fd16f1e51', bucket='894752f1-c12c-4fcb-b558-ba0b69b58773', bucketId=-9223372036854751488, purgedBytes=36, isCommittedKey=true, deleteKeyName='/547b9565-fd27-4e25-adcd-0d5fd16f1e51/894752f1-c12c-4fcb-b558-ba0b69b58773/renameAfterRewrite/-9223372036854750464'}, PurgedKey{blockGroup=BlockGroup[groupID='/69701693-3bb4-406b-b976-9670902ba143/0df77d5f-c9d5-456d-ad9a-acb38931e3ad/rewriteFailsDueToOutdatedGeneration/-9223372036854741504/0', blockIDs=[conID: 12 locID: 115816896921600043 bcsId: 0 replicaIndex: null]], volume='69701693-3bb4-406b-b976-9670902ba143', bucket='0df77d5f-c9d5-456d-ad9a-acb38931e3ad', bucketId=-9223372036854742528, purgedBytes=36, isCommittedKey=true, deleteKeyName='/69701693-3bb4-406b-b976-9670902ba143/0df77d5f-c9d5-456d-ad9a-acb38931e3ad/rewriteFailsDueToOutdatedGeneration/-9223372036854741504'}, PurgedKey{blockGroup=BlockGroup[groupID='/79706b5d-4605-4828-ae70-e6d4bced4637/ff05e065-e866-4da3-82ea-505087226029/rewriteAfterRename-OBJECT_STORE/-9223372036854746624/0', blockIDs=[conID: 8 locID: 115816896921600036 bcsId: 0 replicaIndex: null]], volume='79706b5d-4605-4828-ae70-e6d4bced4637', bucket='ff05e065-e866-4da3-82ea-505087226029', bucketId=-9223372036854747904, purgedBytes=36, isCommittedKey=true, deleteKeyName='/79706b5d-4605-4828-ae70-e6d4bced4637/ff05e065-e866-4da3-82ea-505087226029/rewriteAfterRename-OBJECT_STORE/-9223372036854746624'}, PurgedKey{blockGroup=BlockGroup[groupID='/cad97e4c-8221-4cde-bb36-a6f30a68cecf/e1ce3c1c-e988-4b57-8cf6-91e878f3e2a7/overwriteAfterRewrite/-9223372036854755840/0', blockIDs=[conID: 12 locID: 115816896921600026 bcsId: 0 replicaIndex: null]], volume='cad97e4c-8221-4cde-bb36-a6f30a68cecf', bucket='e1ce3c1c-e988-4b57-8cf6-91e878f3e2a7', bucketId=-9223372036854757376, purgedBytes=7, isCommittedKey=true, deleteKeyName='/cad97e4c-8221-4cde-bb36-a6f30a68cecf/e1ce3c1c-e988-4b57-8cf6-91e878f3e2a7/overwriteAfterRewrite/-9223372036854755840'}, PurgedKey{blockGroup=BlockGroup[groupID='/e8e93dc2-e312-4f04-97bc-f0c85a0737b3/0e8a11fe-fd22-4536-b68d-777b2c95ae59/rewriteAfterRename-LEGACY/-9223372036854744832/0', blockIDs=[conID: 7 locID: 115816896921600038 bcsId: 0 replicaIndex: null]], volume='e8e93dc2-e312-4f04-97bc-f0c85a0737b3', bucket='0e8a11fe-fd22-4536-b68d-777b2c95ae59', bucketId=-9223372036854746112, purgedBytes=36, isCommittedKey=true, deleteKeyName='/e8e93dc2-e312-4f04-97bc-f0c85a0737b3/0e8a11fe-fd22-4536-b68d-777b2c95ae59/rewriteAfterRename-LEGACY/-9223372036854744832'}, PurgedKey{blockGroup=BlockGroup[groupID='/6cf849a1-f508-4546-98b1-7c3d16ab009b/962ffc3f-db33-44ae-bf68-9899861f9360/rewriteFailsDueToOutdatedGeneration/-9223372036854739712/0', blockIDs=[conID: 10 locID: 115816896921600046 bcsId: 0 replicaIndex: null]], volume='6cf849a1-f508-4546-98b1-7c3d16ab009b', bucket='962ffc3f-db33-44ae-bf68-9899861f9360', bucketId=-9223372036854740736, purgedBytes=36, isCommittedKey=true, deleteKeyName='/6cf849a1-f508-4546-98b1-7c3d16ab009b/962ffc3f-db33-44ae-bf68-9899861f9360/rewriteFailsDueToOutdatedGeneration/-9223372036854739712'}, PurgedKey{blockGroup=BlockGroup[groupID='/d1ed7903-6f4c-453c-b769-9ef40b267bb9/6c233d29-149c-4670-96a2-e97c7d7b0b64/rewriteAfterRename-FILE_SYSTEM_OPTIMIZED/-9223372036854748416/0', blockIDs=[conID: 12 locID: 115816896921600034 bcsId: 0 replicaIndex: null]], volume='d1ed7903-6f4c-453c-b769-9ef40b267bb9', bucket='6c233d29-149c-4670-96a2-e97c7d7b0b64', bucketId=-9223372036854749696, purgedBytes=36, isCommittedKey=true, deleteKeyName='/d1ed7903-6f4c-453c-b769-9ef40b267bb9/6c233d29-149c-4670-96a2-e97c7d7b0b64/rewriteAfterRename-FILE_SYSTEM_OPTIMIZED/-9223372036854748416'}]
2025-10-16 19:47:40,367 | INFO  | SCMAudit | user=runner | ip=127.0.0.1 | op=DELETE_KEY_BLOCK {"KeyBlockToDelete":"[BlockGroup[groupID='/cad97e4c-8221-4cde-bb36-a6f30a68cecf/e1ce3c1c-e988-4b57-8cf6-91e878f3e2a7/overwriteAfterRewrite/-9223372036854755840/0', blockIDs=[conID: 12 locID: 115816896921600026 bcsId: 0 replicaIndex: null]], BlockGroup[groupID='/547b9565-fd27-4e25-adcd-0d5fd16f1e51/894752f1-c12c-4fcb-b558-ba0b69b58773/renameAfterRewrite/-9223372036854750464/0', blockIDs=[conID: 4 locID: 115816896921600032 bcsId: 0 replicaIndex: null]], BlockGroup[groupID='/d8e9a240-ca6d-4f08-8306-359ae55c913c/ca5b77c8-4ab5-47db-a31a-b77f4545b95d/renameAfterRewrite/-9223372036854752256/0', blockIDs=[conID: 3 locID: 115816896921600030 bcsId: 0 replicaIndex: null]], BlockGroup[groupID='/d1ed7903-6f4c-453c-b769-9ef40b267bb9/6c233d29-149c-4670-96a2-e97c7d7b0b64/rewriteAfterRename-FILE_SYSTEM_OPTIMIZED/-9223372036854748416/0', blockIDs=[conID: 12 locID: 115816896921600034 bcsId: 0 replicaIndex: null]], BlockGroup[groupID='/e8e93dc2-e312-4f04-97bc-f0c85a0737b3/0e8a11fe-fd22-4536-b68d-777b2c95ae59/rewriteAfterRename-LEGACY/-9223372036854744832/0', blockIDs=[conID: 7 locID: 115816896921600038 bcsId: 0 replicaIndex: null]], BlockGroup[groupID='/69701693-3bb4-406b-b976-9670902ba143/0df77d5f-c9d5-456d-ad9a-acb38931e3ad/rewriteFailsDueToOutdatedGeneration/-9223372036854741504/0', blockIDs=[conID: 12 locID: 115816896921600043 bcsId: 0 replicaIndex: null]], BlockGroup[groupID='/6cf849a1-f508-4546-98b1-7c3d16ab009b/962ffc3f-db33-44ae-bf68-9899861f9360/rewriteFailsDueToOutdatedGeneration/-9223372036854739712/0', blockIDs=[conID: 10 locID: 115816896921600046 bcsId: 0 replicaIndex: null]], BlockGroup[groupID='/6ff244bd-e683-4ab0-9e14-5f372d01cb1e/9d515e71-e228-4eb7-b76a-b3ba1e214092/rewriteFailsDueToOutdatedGeneration/-9223372036854743296/0', blockIDs=[conID: 8 locID: 115816896921600040 bcsId: 0 replicaIndex: null]], BlockGroup[groupID='/79706b5d-4605-4828-ae70-e6d4bced4637/ff05e065-e866-4da3-82ea-505087226029/rewriteAfterRename-OBJECT_STORE/-9223372036854746624/0', blockIDs=[conID: 8 locID: 115816896921600036 bcsId: 0 replicaIndex: null]], BlockGroup[groupID='/f2fce237-426a-47bb-b076-e6f1128148a3/5a418a4c-3caa-4e5a-ac74-90cf481f3faa/renameAfterRewrite/-9223372036854754048/0', blockIDs=[conID: 8 locID: 115816896921600028 bcsId: 0 replicaIndex: null]]]"} | ret=SUCCESS |  
2025-10-16 19:47:40,370 | INFO  | OMAudit | user=runner | ip=127.0.0.1 | op=ALLOCATE_KEY {"volume":"e1a7123d-c454-4d7d-a29b-f0138faf84c4","bucket":"59fde4e4-6a1c-44c8-94e5-76ae757ac806","key":"rewriteFailsDueToOutdatedGenerationAtCommit","dataSize":"9","replicationType":"RATIS","replicationFactor":"ONE","Transaction":"148"} | ret=SUCCESS |  
2025-10-16 19:47:40,371 [om1-KeyDeletingService#1] INFO  service.KeyDeletingService (KeyDeletingService.java:processKeyDeletes(158)) - 10 BlockGroup deletion are acked by SCM in 11 ms
2025-10-16 19:47:40,375 [om1-KeyDeletingService#1] INFO  service.KeyDeletingService (KeyDeletingService.java:processKeyDeletes(166)) - Blocks for 10 (out of 10) keys are deleted from DB in 5 ms. Limit per task is 50000.
2025-10-16 19:47:40,379 | INFO  | SCMAudit | user=runner | ip=127.0.0.1 | op=SEND_HEARTBEAT {"datanodeUUID":"c0724e9c-0dd4-4d47-992c-7bfe285fdd38","term":"2","command":"[]"} | ret=SUCCESS |  
2025-10-16 19:47:40,393 | INFO  | OMAudit | user=runner | ip=127.0.0.1 | op=COMMIT_KEY {"volume":"e1a7123d-c454-4d7d-a29b-f0138faf84c4","bucket":"59fde4e4-6a1c-44c8-94e5-76ae757ac806","key":"rewriteFailsDueToOutdatedGenerationAtCommit","dataSize":"9","replicationType":"RATIS","replicationFactor":"ONE","Transaction":"150"} | ret=SUCCESS |  
2025-10-16 19:47:40,396 | INFO  | OMAudit | user=runner | ip=127.0.0.1 | op=READ_KEY {"volume":"e1a7123d-c454-4d7d-a29b-f0138faf84c4","bucket":"59fde4e4-6a1c-44c8-94e5-76ae757ac806","key":"rewriteFailsDueToOutdatedGenerationAtCommit","owner":null,"dataSize":"0","replicationConfig":null} | ret=SUCCESS |  
2025-10-16 19:47:40,399 | INFO  | SCMAudit | user=runner | ip=127.0.0.1 | op=GET_CONTAINER_WITH_PIPELINE_BATCH {"containerIDs":"#7,"} | ret=SUCCESS |  
2025-10-16 19:47:40,399 | INFO  | OMAudit | user=null | ip= | op=READ_KEY {"volume":"e1a7123d-c454-4d7d-a29b-f0138faf84c4","bucket":"59fde4e4-6a1c-44c8-94e5-76ae757ac806","key":"rewriteFailsDueToOutdatedGenerationAtCommit","owner":null,"dataSize":"0","replicationConfig":null} | ret=SUCCESS |  
2025-10-16 19:47:40,410 [om1-OMStateMachineApplyTransactionThread - 0] ERROR key.OMKeyCommitRequest (OMKeyCommitRequest.java:processResult(486)) - Key committed failed. Volume:e1a7123d-c454-4d7d-a29b-f0138faf84c4, Bucket:59fde4e4-6a1c-44c8-94e5-76ae757ac806, Key:rewriteFailsDueToOutdatedGenerationAtCommit. Exception:{}
KEY_NOT_FOUND org.apache.hadoop.ozone.om.exceptions.OMException: Cannot commit as current generation (150) does not match the expected generation to rewrite (146)
	at org.apache.hadoop.ozone.om.request.key.OMKeyCommitRequest.validateAtomicRewrite(OMKeyCommitRequest.java:615)
	at org.apache.hadoop.ozone.om.request.key.OMKeyCommitRequestWithFSO.validateAndUpdateCache(OMKeyCommitRequestWithFSO.java:240)
	at org.apache.hadoop.ozone.protocolPB.OzoneManagerRequestHandler.lambda$0(OzoneManagerRequestHandler.java:418)
	at org.apache.hadoop.ozone.util.MetricUtil.captureLatencyNs(MetricUtil.java:45)
	at org.apache.hadoop.ozone.protocolPB.OzoneManagerRequestHandler.handleWriteRequestImpl(OzoneManagerRequestHandler.java:416)
	at org.apache.hadoop.ozone.protocolPB.RequestHandler.handleWriteRequest(RequestHandler.java:62)
	at org.apache.hadoop.ozone.om.ratis.OzoneManagerStateMachine.runCommand(OzoneManagerStateMachine.java:599)
	at org.apache.hadoop.ozone.om.ratis.OzoneManagerStateMachine.lambda$3(OzoneManagerStateMachine.java:415)
	at java.base/java.util.concurrent.CompletableFuture$AsyncSupply.run(CompletableFuture.java:1768)
	at java.base/java.util.concurrent.ThreadPoolExecutor.runWorker(ThreadPoolExecutor.java:1144)
	at java.base/java.util.concurrent.ThreadPoolExecutor$Worker.run(ThreadPoolExecutor.java:642)
	at java.base/java.lang.Thread.run(Thread.java:1583)
2025-10-16 19:47:40,411 | ERROR | OMAudit | user=runner | ip=127.0.0.1 | op=COMMIT_KEY {"volume":"e1a7123d-c454-4d7d-a29b-f0138faf84c4","bucket":"59fde4e4-6a1c-44c8-94e5-76ae757ac806","key":"rewriteFailsDueToOutdatedGenerationAtCommit","dataSize":"7","replicationType":"RATIS","replicationFactor":"ONE","rewriteGeneration":"146","Transaction":"151"} | ret=FAILURE | 
org.apache.hadoop.ozone.om.exceptions.OMException: Cannot commit as current generation (150) does not match the expected generation to rewrite (146)
	at org.apache.hadoop.ozone.om.request.key.OMKeyCommitRequest.validateAtomicRewrite(OMKeyCommitRequest.java:615)
	at org.apache.hadoop.ozone.om.request.key.OMKeyCommitRequestWithFSO.validateAndUpdateCache(OMKeyCommitRequestWithFSO.java:240)
 
2025-10-16 19:47:40,416 | INFO  | OMAudit | user=runner | ip=127.0.0.1 | op=READ_KEY {"volume":"e1a7123d-c454-4d7d-a29b-f0138faf84c4","bucket":"59fde4e4-6a1c-44c8-94e5-76ae757ac806","key":"rewriteFailsDueToOutdatedGenerationAtCommit","owner":null,"dataSize":"0","replicationConfig":null} | ret=SUCCESS |  
2025-10-16 19:47:40,421 | INFO  | OMAudit | user=runner | ip=127.0.0.1 | op=READ_KEY {"volume":"e1a7123d-c454-4d7d-a29b-f0138faf84c4","bucket":"59fde4e4-6a1c-44c8-94e5-76ae757ac806","key":"rewriteFailsDueToOutdatedGenerationAtCommit","owner":null,"dataSize":"0","replicationConfig":null} | ret=SUCCESS |  
2025-10-16 19:47:40,439 | INFO  | SCMAudit | user=runner | ip=127.0.0.1 | op=GET_CONTAINER_WITH_PIPELINE_BATCH {"containerIDs":"#7,"} | ret=SUCCESS |  
2025-10-16 19:47:40,439 | INFO  | OMAudit | user=null | ip= | op=READ_KEY {"volume":"e1a7123d-c454-4d7d-a29b-f0138faf84c4","bucket":"59fde4e4-6a1c-44c8-94e5-76ae757ac806","key":"rewriteFailsDueToOutdatedGenerationAtCommit","owner":null,"dataSize":"0","replicationConfig":null} | ret=SUCCESS |  
]]></system-out>
  </testcase>
  <testcase name="rewriteFailsDueToOutdatedGenerationAtCommit(BucketLayout)[2]" classname="org.apache.hadoop.ozone.client.rpc.TestSecureOzoneRpcClient" time="0.101">
    <system-out><![CDATA[2025-10-16 19:47:40,442 [ForkJoinPool-1-worker-1] INFO  rpc.RpcClient (RpcClient.java:createVolume(461)) - Creating Volume: ce53b3f4-b6d8-4d01-9efb-40abfda321ba, with runner as owner and space quota set to -1 bytes, counts quota set to -1
2025-10-16 19:47:40,445 [om1-OMStateMachineApplyTransactionThread - 0] INFO  volume.OMVolumeCreateRequest (OMVolumeCreateRequest.java:validateAndUpdateCache(213)) - created volume:ce53b3f4-b6d8-4d01-9efb-40abfda321ba for user:runner
2025-10-16 19:47:40,445 | INFO  | OMAudit | user=runner | ip=127.0.0.1 | op=CREATE_VOLUME {"admin":"runner","owner":"runner","volume":"ce53b3f4-b6d8-4d01-9efb-40abfda321ba","creationTime":"1760644060443","modificationTime":"1760644060443","quotaInBytes":"-1","quotaInNamespace":"-1","usedNamespace":"0","objectID":"-9223372036854736896","updateID":"152","Transaction":"152"} | ret=SUCCESS |  
2025-10-16 19:47:40,447 | INFO  | OMAudit | user=runner | ip=127.0.0.1 | op=READ_VOLUME {"volume":"ce53b3f4-b6d8-4d01-9efb-40abfda321ba"} | ret=SUCCESS |  
2025-10-16 19:47:40,447 [ForkJoinPool-1-worker-1] INFO  rpc.RpcClient (RpcClient.java:createBucket(686)) - Creating Bucket: ce53b3f4-b6d8-4d01-9efb-40abfda321ba/56cb5131-3d1e-4255-8284-d8aa54d423d0, with bucket layout OBJECT_STORE, runner as owner, Versioning false, Storage Type set to DISK and Encryption set to false, Replication Type set to server-side default replication type, Namespace Quota set to -1, Space Quota set to -1 
2025-10-16 19:47:40,450 [om1-OMStateMachineApplyTransactionThread - 0] INFO  bucket.OMBucketCreateRequest (OMBucketCreateRequest.java:validateAndUpdateCache(303)) - created bucket: 56cb5131-3d1e-4255-8284-d8aa54d423d0 of layout OBJECT_STORE in volume: ce53b3f4-b6d8-4d01-9efb-40abfda321ba
2025-10-16 19:47:40,450 | INFO  | OMAudit | user=runner | ip=127.0.0.1 | op=CREATE_BUCKET {"volume":"ce53b3f4-b6d8-4d01-9efb-40abfda321ba","bucket":"56cb5131-3d1e-4255-8284-d8aa54d423d0","bucketLayout":"OBJECT_STORE","gdprEnabled":null,"acls":"[user:runner:a[ACCESS], group:runner:rl[ACCESS]]","isVersionEnabled":"false","storageType":"DISK","creationTime":"1760644060449","bucketEncryptionKey":null,"modificationTime":"1760644060449","usedBytes":"0","usedNamespace":"0","snapshotUsedBytes":"0","snapshotUsedNamespace":"0","owner":"runner","replicationType":null,"replicationConfig":null,"quotaInBytes":"-1","quotaInNamespace":"-1","Transaction":"153"} | ret=SUCCESS |  
2025-10-16 19:47:40,452 | INFO  | OMAudit | user=runner | ip=127.0.0.1 | op=READ_BUCKET {"volume":"ce53b3f4-b6d8-4d01-9efb-40abfda321ba","bucket":"56cb5131-3d1e-4255-8284-d8aa54d423d0"} | ret=SUCCESS |  
2025-10-16 19:47:40,454 | INFO  | OMAudit | user=runner | ip=127.0.0.1 | op=READ_BUCKET {"volume":"ce53b3f4-b6d8-4d01-9efb-40abfda321ba","bucket":"56cb5131-3d1e-4255-8284-d8aa54d423d0"} | ret=SUCCESS |  
2025-10-16 19:47:40,455 | INFO  | SCMAudit | user=runner | ip=127.0.0.1 | op=ALLOCATE_BLOCK {"replication":"RATIS/ONE","owner":"omServiceIdDefault","size":"4194304","sampleBlocks":"[conID: 5 locID: 115816896921600052]","num":"1","client":"","allocated":"1"} | ret=SUCCESS |  
2025-10-16 19:47:40,459 | INFO  | OMAudit | user=runner | ip=127.0.0.1 | op=ALLOCATE_KEY {"volume":"ce53b3f4-b6d8-4d01-9efb-40abfda321ba","bucket":"56cb5131-3d1e-4255-8284-d8aa54d423d0","key":"rewriteFailsDueToOutdatedGenerationAtCommit","dataSize":"36","replicationType":"RATIS","replicationFactor":"ONE","Transaction":"154"} | ret=SUCCESS |  
2025-10-16 19:47:40,473 | INFO  | OMAudit | user=runner | ip=127.0.0.1 | op=COMMIT_KEY {"volume":"ce53b3f4-b6d8-4d01-9efb-40abfda321ba","bucket":"56cb5131-3d1e-4255-8284-d8aa54d423d0","key":"rewriteFailsDueToOutdatedGenerationAtCommit","dataSize":"36","replicationType":"RATIS","replicationFactor":"ONE","Transaction":"155"} | ret=SUCCESS |  
2025-10-16 19:47:40,478 | INFO  | OMAudit | user=runner | ip=127.0.0.1 | op=READ_KEY {"volume":"ce53b3f4-b6d8-4d01-9efb-40abfda321ba","bucket":"56cb5131-3d1e-4255-8284-d8aa54d423d0","key":"rewriteFailsDueToOutdatedGenerationAtCommit","owner":null,"dataSize":"0","replicationConfig":null} | ret=SUCCESS |  
2025-10-16 19:47:40,481 | INFO  | OMAudit | user=runner | ip=127.0.0.1 | op=READ_BUCKET {"volume":"ce53b3f4-b6d8-4d01-9efb-40abfda321ba","bucket":"56cb5131-3d1e-4255-8284-d8aa54d423d0"} | ret=SUCCESS |  
2025-10-16 19:47:40,482 | INFO  | SCMAudit | user=runner | ip=127.0.0.1 | op=ALLOCATE_BLOCK {"replication":"RATIS/ONE","owner":"omServiceIdDefault","size":"4194304","sampleBlocks":"[conID: 2 locID: 115816896921600053]","num":"1","client":"","allocated":"1"} | ret=SUCCESS |  
2025-10-16 19:47:40,486 | INFO  | OMAudit | user=runner | ip=127.0.0.1 | op=ALLOCATE_KEY {"volume":"ce53b3f4-b6d8-4d01-9efb-40abfda321ba","bucket":"56cb5131-3d1e-4255-8284-d8aa54d423d0","key":"rewriteFailsDueToOutdatedGenerationAtCommit","dataSize":"36","replicationType":"RATIS","replicationFactor":"ONE","rewriteGeneration":"155","Transaction":"156"} | ret=SUCCESS |  
2025-10-16 19:47:40,490 | INFO  | OMAudit | user=runner | ip=127.0.0.1 | op=READ_BUCKET {"volume":"ce53b3f4-b6d8-4d01-9efb-40abfda321ba","bucket":"56cb5131-3d1e-4255-8284-d8aa54d423d0"} | ret=SUCCESS |  
2025-10-16 19:47:40,492 | INFO  | SCMAudit | user=runner | ip=127.0.0.1 | op=ALLOCATE_BLOCK {"replication":"RATIS/ONE","owner":"omServiceIdDefault","size":"4194304","sampleBlocks":"[conID: 8 locID: 115816896921600054]","num":"1","client":"","allocated":"1"} | ret=SUCCESS |  
2025-10-16 19:47:40,495 | INFO  | OMAudit | user=runner | ip=127.0.0.1 | op=ALLOCATE_KEY {"volume":"ce53b3f4-b6d8-4d01-9efb-40abfda321ba","bucket":"56cb5131-3d1e-4255-8284-d8aa54d423d0","key":"rewriteFailsDueToOutdatedGenerationAtCommit","dataSize":"9","replicationType":"RATIS","replicationFactor":"ONE","Transaction":"157"} | ret=SUCCESS |  
2025-10-16 19:47:40,509 | INFO  | OMAudit | user=runner | ip=127.0.0.1 | op=COMMIT_KEY {"volume":"ce53b3f4-b6d8-4d01-9efb-40abfda321ba","bucket":"56cb5131-3d1e-4255-8284-d8aa54d423d0","key":"rewriteFailsDueToOutdatedGenerationAtCommit","dataSize":"9","replicationType":"RATIS","replicationFactor":"ONE","Transaction":"158"} | ret=SUCCESS |  
2025-10-16 19:47:40,513 | INFO  | OMAudit | user=runner | ip=127.0.0.1 | op=READ_KEY {"volume":"ce53b3f4-b6d8-4d01-9efb-40abfda321ba","bucket":"56cb5131-3d1e-4255-8284-d8aa54d423d0","key":"rewriteFailsDueToOutdatedGenerationAtCommit","owner":null,"dataSize":"0","replicationConfig":null} | ret=SUCCESS |  
2025-10-16 19:47:40,515 | INFO  | SCMAudit | user=runner | ip=127.0.0.1 | op=GET_CONTAINER_WITH_PIPELINE_BATCH {"containerIDs":"#8,"} | ret=SUCCESS |  
2025-10-16 19:47:40,516 | INFO  | OMAudit | user=null | ip= | op=READ_KEY {"volume":"ce53b3f4-b6d8-4d01-9efb-40abfda321ba","bucket":"56cb5131-3d1e-4255-8284-d8aa54d423d0","key":"rewriteFailsDueToOutdatedGenerationAtCommit","owner":null,"dataSize":"0","replicationConfig":null} | ret=SUCCESS |  
2025-10-16 19:47:40,526 [om1-OMStateMachineApplyTransactionThread - 0] ERROR key.OMKeyCommitRequest (OMKeyCommitRequest.java:processResult(486)) - Key committed failed. Volume:ce53b3f4-b6d8-4d01-9efb-40abfda321ba, Bucket:56cb5131-3d1e-4255-8284-d8aa54d423d0, Key:rewriteFailsDueToOutdatedGenerationAtCommit. Exception:{}
KEY_NOT_FOUND org.apache.hadoop.ozone.om.exceptions.OMException: Cannot commit as current generation (158) does not match the expected generation to rewrite (155)
	at org.apache.hadoop.ozone.om.request.key.OMKeyCommitRequest.validateAtomicRewrite(OMKeyCommitRequest.java:615)
	at org.apache.hadoop.ozone.om.request.key.OMKeyCommitRequest.validateAndUpdateCache(OMKeyCommitRequest.java:296)
	at org.apache.hadoop.ozone.protocolPB.OzoneManagerRequestHandler.lambda$0(OzoneManagerRequestHandler.java:418)
	at org.apache.hadoop.ozone.util.MetricUtil.captureLatencyNs(MetricUtil.java:45)
	at org.apache.hadoop.ozone.protocolPB.OzoneManagerRequestHandler.handleWriteRequestImpl(OzoneManagerRequestHandler.java:416)
	at org.apache.hadoop.ozone.protocolPB.RequestHandler.handleWriteRequest(RequestHandler.java:62)
	at org.apache.hadoop.ozone.om.ratis.OzoneManagerStateMachine.runCommand(OzoneManagerStateMachine.java:599)
	at org.apache.hadoop.ozone.om.ratis.OzoneManagerStateMachine.lambda$3(OzoneManagerStateMachine.java:415)
	at java.base/java.util.concurrent.CompletableFuture$AsyncSupply.run(CompletableFuture.java:1768)
	at java.base/java.util.concurrent.ThreadPoolExecutor.runWorker(ThreadPoolExecutor.java:1144)
	at java.base/java.util.concurrent.ThreadPoolExecutor$Worker.run(ThreadPoolExecutor.java:642)
	at java.base/java.lang.Thread.run(Thread.java:1583)
2025-10-16 19:47:40,526 | ERROR | OMAudit | user=runner | ip=127.0.0.1 | op=COMMIT_KEY {"volume":"ce53b3f4-b6d8-4d01-9efb-40abfda321ba","bucket":"56cb5131-3d1e-4255-8284-d8aa54d423d0","key":"rewriteFailsDueToOutdatedGenerationAtCommit","dataSize":"7","replicationType":"RATIS","replicationFactor":"ONE","rewriteGeneration":"155","Transaction":"159"} | ret=FAILURE | 
org.apache.hadoop.ozone.om.exceptions.OMException: Cannot commit as current generation (158) does not match the expected generation to rewrite (155)
	at org.apache.hadoop.ozone.om.request.key.OMKeyCommitRequest.validateAtomicRewrite(OMKeyCommitRequest.java:615)
	at org.apache.hadoop.ozone.om.request.key.OMKeyCommitRequest.validateAndUpdateCache(OMKeyCommitRequest.java:296)
 
2025-10-16 19:47:40,529 | INFO  | OMAudit | user=runner | ip=127.0.0.1 | op=READ_KEY {"volume":"ce53b3f4-b6d8-4d01-9efb-40abfda321ba","bucket":"56cb5131-3d1e-4255-8284-d8aa54d423d0","key":"rewriteFailsDueToOutdatedGenerationAtCommit","owner":null,"dataSize":"0","replicationConfig":null} | ret=SUCCESS |  
2025-10-16 19:47:40,530 | INFO  | OMAudit | user=runner | ip=127.0.0.1 | op=READ_KEY {"volume":"ce53b3f4-b6d8-4d01-9efb-40abfda321ba","bucket":"56cb5131-3d1e-4255-8284-d8aa54d423d0","key":"rewriteFailsDueToOutdatedGenerationAtCommit","owner":null,"dataSize":"0","replicationConfig":null} | ret=SUCCESS |  
2025-10-16 19:47:40,541 | INFO  | SCMAudit | user=runner | ip=127.0.0.1 | op=GET_CONTAINER_WITH_PIPELINE_BATCH {"containerIDs":"#8,"} | ret=SUCCESS |  
2025-10-16 19:47:40,541 | INFO  | OMAudit | user=null | ip= | op=READ_KEY {"volume":"ce53b3f4-b6d8-4d01-9efb-40abfda321ba","bucket":"56cb5131-3d1e-4255-8284-d8aa54d423d0","key":"rewriteFailsDueToOutdatedGenerationAtCommit","owner":null,"dataSize":"0","replicationConfig":null} | ret=SUCCESS |  
]]></system-out>
  </testcase>
  <testcase name="rewriteFailsDueToOutdatedGenerationAtCommit(BucketLayout)[3]" classname="org.apache.hadoop.ozone.client.rpc.TestSecureOzoneRpcClient" time="0.078">
    <system-out><![CDATA[2025-10-16 19:47:40,543 [ForkJoinPool-1-worker-1] INFO  rpc.RpcClient (RpcClient.java:createVolume(461)) - Creating Volume: 0d34b779-1995-4e9e-933a-d20dec5fb191, with runner as owner and space quota set to -1 bytes, counts quota set to -1
2025-10-16 19:47:40,546 [om1-OMStateMachineApplyTransactionThread - 0] INFO  volume.OMVolumeCreateRequest (OMVolumeCreateRequest.java:validateAndUpdateCache(213)) - created volume:0d34b779-1995-4e9e-933a-d20dec5fb191 for user:runner
2025-10-16 19:47:40,546 | INFO  | OMAudit | user=runner | ip=127.0.0.1 | op=CREATE_VOLUME {"admin":"runner","owner":"runner","volume":"0d34b779-1995-4e9e-933a-d20dec5fb191","creationTime":"1760644060544","modificationTime":"1760644060544","quotaInBytes":"-1","quotaInNamespace":"-1","usedNamespace":"0","objectID":"-9223372036854734848","updateID":"160","Transaction":"160"} | ret=SUCCESS |  
2025-10-16 19:47:40,548 | INFO  | OMAudit | user=runner | ip=127.0.0.1 | op=READ_VOLUME {"volume":"0d34b779-1995-4e9e-933a-d20dec5fb191"} | ret=SUCCESS |  
2025-10-16 19:47:40,548 [ForkJoinPool-1-worker-1] INFO  rpc.RpcClient (RpcClient.java:createBucket(686)) - Creating Bucket: 0d34b779-1995-4e9e-933a-d20dec5fb191/1de2e700-748e-4b79-8989-2c454292f9ca, with bucket layout LEGACY, runner as owner, Versioning false, Storage Type set to DISK and Encryption set to false, Replication Type set to server-side default replication type, Namespace Quota set to -1, Space Quota set to -1 
2025-10-16 19:47:40,550 [om1-OMStateMachineApplyTransactionThread - 0] INFO  bucket.OMBucketCreateRequest (OMBucketCreateRequest.java:validateAndUpdateCache(303)) - created bucket: 1de2e700-748e-4b79-8989-2c454292f9ca of layout LEGACY in volume: 0d34b779-1995-4e9e-933a-d20dec5fb191
2025-10-16 19:47:40,550 | INFO  | OMAudit | user=runner | ip=127.0.0.1 | op=CREATE_BUCKET {"volume":"0d34b779-1995-4e9e-933a-d20dec5fb191","bucket":"1de2e700-748e-4b79-8989-2c454292f9ca","bucketLayout":"LEGACY","gdprEnabled":null,"acls":"[user:runner:a[ACCESS], group:runner:rl[ACCESS]]","isVersionEnabled":"false","storageType":"DISK","creationTime":"1760644060549","bucketEncryptionKey":null,"modificationTime":"1760644060549","usedBytes":"0","usedNamespace":"0","snapshotUsedBytes":"0","snapshotUsedNamespace":"0","owner":"runner","replicationType":null,"replicationConfig":null,"quotaInBytes":"-1","quotaInNamespace":"-1","Transaction":"161"} | ret=SUCCESS |  
2025-10-16 19:47:40,552 | INFO  | OMAudit | user=runner | ip=127.0.0.1 | op=READ_BUCKET {"volume":"0d34b779-1995-4e9e-933a-d20dec5fb191","bucket":"1de2e700-748e-4b79-8989-2c454292f9ca"} | ret=SUCCESS |  
2025-10-16 19:47:40,553 | INFO  | OMAudit | user=runner | ip=127.0.0.1 | op=READ_BUCKET {"volume":"0d34b779-1995-4e9e-933a-d20dec5fb191","bucket":"1de2e700-748e-4b79-8989-2c454292f9ca"} | ret=SUCCESS |  
2025-10-16 19:47:40,554 | INFO  | SCMAudit | user=runner | ip=127.0.0.1 | op=ALLOCATE_BLOCK {"replication":"RATIS/ONE","owner":"omServiceIdDefault","size":"4194304","sampleBlocks":"[conID: 7 locID: 115816896921600055]","num":"1","client":"","allocated":"1"} | ret=SUCCESS |  
2025-10-16 19:47:40,557 | INFO  | OMAudit | user=runner | ip=127.0.0.1 | op=ALLOCATE_KEY {"volume":"0d34b779-1995-4e9e-933a-d20dec5fb191","bucket":"1de2e700-748e-4b79-8989-2c454292f9ca","key":"rewriteFailsDueToOutdatedGenerationAtCommit","dataSize":"36","replicationType":"RATIS","replicationFactor":"ONE","Transaction":"162"} | ret=SUCCESS |  
2025-10-16 19:47:40,568 | INFO  | OMAudit | user=runner | ip=127.0.0.1 | op=COMMIT_KEY {"volume":"0d34b779-1995-4e9e-933a-d20dec5fb191","bucket":"1de2e700-748e-4b79-8989-2c454292f9ca","key":"rewriteFailsDueToOutdatedGenerationAtCommit","dataSize":"36","replicationType":"RATIS","replicationFactor":"ONE","Transaction":"163"} | ret=SUCCESS |  
2025-10-16 19:47:40,570 | INFO  | OMAudit | user=runner | ip=127.0.0.1 | op=READ_KEY {"volume":"0d34b779-1995-4e9e-933a-d20dec5fb191","bucket":"1de2e700-748e-4b79-8989-2c454292f9ca","key":"rewriteFailsDueToOutdatedGenerationAtCommit","owner":null,"dataSize":"0","replicationConfig":null} | ret=SUCCESS |  
2025-10-16 19:47:40,572 | INFO  | OMAudit | user=runner | ip=127.0.0.1 | op=READ_BUCKET {"volume":"0d34b779-1995-4e9e-933a-d20dec5fb191","bucket":"1de2e700-748e-4b79-8989-2c454292f9ca"} | ret=SUCCESS |  
2025-10-16 19:47:40,573 | INFO  | SCMAudit | user=runner | ip=127.0.0.1 | op=ALLOCATE_BLOCK {"replication":"RATIS/ONE","owner":"omServiceIdDefault","size":"4194304","sampleBlocks":"[conID: 9 locID: 115816896921600056]","num":"1","client":"","allocated":"1"} | ret=SUCCESS |  
2025-10-16 19:47:40,575 | INFO  | OMAudit | user=runner | ip=127.0.0.1 | op=ALLOCATE_KEY {"volume":"0d34b779-1995-4e9e-933a-d20dec5fb191","bucket":"1de2e700-748e-4b79-8989-2c454292f9ca","key":"rewriteFailsDueToOutdatedGenerationAtCommit","dataSize":"36","replicationType":"RATIS","replicationFactor":"ONE","rewriteGeneration":"163","Transaction":"164"} | ret=SUCCESS |  
2025-10-16 19:47:40,578 | INFO  | OMAudit | user=runner | ip=127.0.0.1 | op=READ_BUCKET {"volume":"0d34b779-1995-4e9e-933a-d20dec5fb191","bucket":"1de2e700-748e-4b79-8989-2c454292f9ca"} | ret=SUCCESS |  
2025-10-16 19:47:40,578 | INFO  | SCMAudit | user=runner | ip=127.0.0.1 | op=ALLOCATE_BLOCK {"replication":"RATIS/ONE","owner":"omServiceIdDefault","size":"4194304","sampleBlocks":"[conID: 12 locID: 115816896921600057]","num":"1","client":"","allocated":"1"} | ret=SUCCESS |  
2025-10-16 19:47:40,581 | INFO  | OMAudit | user=runner | ip=127.0.0.1 | op=ALLOCATE_KEY {"volume":"0d34b779-1995-4e9e-933a-d20dec5fb191","bucket":"1de2e700-748e-4b79-8989-2c454292f9ca","key":"rewriteFailsDueToOutdatedGenerationAtCommit","dataSize":"9","replicationType":"RATIS","replicationFactor":"ONE","Transaction":"165"} | ret=SUCCESS |  
2025-10-16 19:47:40,591 | INFO  | OMAudit | user=runner | ip=127.0.0.1 | op=COMMIT_KEY {"volume":"0d34b779-1995-4e9e-933a-d20dec5fb191","bucket":"1de2e700-748e-4b79-8989-2c454292f9ca","key":"rewriteFailsDueToOutdatedGenerationAtCommit","dataSize":"9","replicationType":"RATIS","replicationFactor":"ONE","Transaction":"166"} | ret=SUCCESS |  
2025-10-16 19:47:40,593 | INFO  | OMAudit | user=runner | ip=127.0.0.1 | op=READ_KEY {"volume":"0d34b779-1995-4e9e-933a-d20dec5fb191","bucket":"1de2e700-748e-4b79-8989-2c454292f9ca","key":"rewriteFailsDueToOutdatedGenerationAtCommit","owner":null,"dataSize":"0","replicationConfig":null} | ret=SUCCESS |  
2025-10-16 19:47:40,595 | INFO  | SCMAudit | user=runner | ip=127.0.0.1 | op=GET_CONTAINER_WITH_PIPELINE_BATCH {"containerIDs":"#12,"} | ret=SUCCESS |  
2025-10-16 19:47:40,595 | INFO  | OMAudit | user=null | ip= | op=READ_KEY {"volume":"0d34b779-1995-4e9e-933a-d20dec5fb191","bucket":"1de2e700-748e-4b79-8989-2c454292f9ca","key":"rewriteFailsDueToOutdatedGenerationAtCommit","owner":null,"dataSize":"0","replicationConfig":null} | ret=SUCCESS |  
2025-10-16 19:47:40,604 [om1-OMStateMachineApplyTransactionThread - 0] ERROR key.OMKeyCommitRequest (OMKeyCommitRequest.java:processResult(486)) - Key committed failed. Volume:0d34b779-1995-4e9e-933a-d20dec5fb191, Bucket:1de2e700-748e-4b79-8989-2c454292f9ca, Key:rewriteFailsDueToOutdatedGenerationAtCommit. Exception:{}
KEY_NOT_FOUND org.apache.hadoop.ozone.om.exceptions.OMException: Cannot commit as current generation (166) does not match the expected generation to rewrite (163)
	at org.apache.hadoop.ozone.om.request.key.OMKeyCommitRequest.validateAtomicRewrite(OMKeyCommitRequest.java:615)
	at org.apache.hadoop.ozone.om.request.key.OMKeyCommitRequest.validateAndUpdateCache(OMKeyCommitRequest.java:296)
	at org.apache.hadoop.ozone.protocolPB.OzoneManagerRequestHandler.lambda$0(OzoneManagerRequestHandler.java:418)
	at org.apache.hadoop.ozone.util.MetricUtil.captureLatencyNs(MetricUtil.java:45)
	at org.apache.hadoop.ozone.protocolPB.OzoneManagerRequestHandler.handleWriteRequestImpl(OzoneManagerRequestHandler.java:416)
	at org.apache.hadoop.ozone.protocolPB.RequestHandler.handleWriteRequest(RequestHandler.java:62)
	at org.apache.hadoop.ozone.om.ratis.OzoneManagerStateMachine.runCommand(OzoneManagerStateMachine.java:599)
	at org.apache.hadoop.ozone.om.ratis.OzoneManagerStateMachine.lambda$3(OzoneManagerStateMachine.java:415)
	at java.base/java.util.concurrent.CompletableFuture$AsyncSupply.run(CompletableFuture.java:1768)
	at java.base/java.util.concurrent.ThreadPoolExecutor.runWorker(ThreadPoolExecutor.java:1144)
	at java.base/java.util.concurrent.ThreadPoolExecutor$Worker.run(ThreadPoolExecutor.java:642)
	at java.base/java.lang.Thread.run(Thread.java:1583)
2025-10-16 19:47:40,604 | ERROR | OMAudit | user=runner | ip=127.0.0.1 | op=COMMIT_KEY {"volume":"0d34b779-1995-4e9e-933a-d20dec5fb191","bucket":"1de2e700-748e-4b79-8989-2c454292f9ca","key":"rewriteFailsDueToOutdatedGenerationAtCommit","dataSize":"7","replicationType":"RATIS","replicationFactor":"ONE","rewriteGeneration":"163","Transaction":"167"} | ret=FAILURE | 
org.apache.hadoop.ozone.om.exceptions.OMException: Cannot commit as current generation (166) does not match the expected generation to rewrite (163)
	at org.apache.hadoop.ozone.om.request.key.OMKeyCommitRequest.validateAtomicRewrite(OMKeyCommitRequest.java:615)
	at org.apache.hadoop.ozone.om.request.key.OMKeyCommitRequest.validateAndUpdateCache(OMKeyCommitRequest.java:296)
 
2025-10-16 19:47:40,606 | INFO  | OMAudit | user=runner | ip=127.0.0.1 | op=READ_KEY {"volume":"0d34b779-1995-4e9e-933a-d20dec5fb191","bucket":"1de2e700-748e-4b79-8989-2c454292f9ca","key":"rewriteFailsDueToOutdatedGenerationAtCommit","owner":null,"dataSize":"0","replicationConfig":null} | ret=SUCCESS |  
2025-10-16 19:47:40,608 | INFO  | OMAudit | user=runner | ip=127.0.0.1 | op=READ_KEY {"volume":"0d34b779-1995-4e9e-933a-d20dec5fb191","bucket":"1de2e700-748e-4b79-8989-2c454292f9ca","key":"rewriteFailsDueToOutdatedGenerationAtCommit","owner":null,"dataSize":"0","replicationConfig":null} | ret=SUCCESS |  
2025-10-16 19:47:40,620 | INFO  | SCMAudit | user=runner | ip=127.0.0.1 | op=GET_CONTAINER_WITH_PIPELINE_BATCH {"containerIDs":"#12,"} | ret=SUCCESS |  
2025-10-16 19:47:40,621 | INFO  | OMAudit | user=null | ip= | op=READ_KEY {"volume":"0d34b779-1995-4e9e-933a-d20dec5fb191","bucket":"1de2e700-748e-4b79-8989-2c454292f9ca","key":"rewriteFailsDueToOutdatedGenerationAtCommit","owner":null,"dataSize":"0","replicationConfig":null} | ret=SUCCESS |  
]]></system-out>
  </testcase>
  <testcase name="rewriteKey(BucketLayout)[1]" classname="org.apache.hadoop.ozone.client.rpc.TestSecureOzoneRpcClient" time="0.065">
    <system-out><![CDATA[2025-10-16 19:47:40,624 [ForkJoinPool-1-worker-1] INFO  rpc.RpcClient (RpcClient.java:createVolume(461)) - Creating Volume: d71fef68-02d0-4e04-8ee0-c48931d0d4f5, with runner as owner and space quota set to -1 bytes, counts quota set to -1
2025-10-16 19:47:40,627 [om1-OMStateMachineApplyTransactionThread - 0] INFO  volume.OMVolumeCreateRequest (OMVolumeCreateRequest.java:validateAndUpdateCache(213)) - created volume:d71fef68-02d0-4e04-8ee0-c48931d0d4f5 for user:runner
2025-10-16 19:47:40,627 | INFO  | OMAudit | user=runner | ip=127.0.0.1 | op=CREATE_VOLUME {"admin":"runner","owner":"runner","volume":"d71fef68-02d0-4e04-8ee0-c48931d0d4f5","creationTime":"1760644060625","modificationTime":"1760644060625","quotaInBytes":"-1","quotaInNamespace":"-1","usedNamespace":"0","objectID":"-9223372036854732800","updateID":"168","Transaction":"168"} | ret=SUCCESS |  
2025-10-16 19:47:40,629 | INFO  | OMAudit | user=runner | ip=127.0.0.1 | op=READ_VOLUME {"volume":"d71fef68-02d0-4e04-8ee0-c48931d0d4f5"} | ret=SUCCESS |  
2025-10-16 19:47:40,630 [ForkJoinPool-1-worker-1] INFO  rpc.RpcClient (RpcClient.java:createBucket(686)) - Creating Bucket: d71fef68-02d0-4e04-8ee0-c48931d0d4f5/11faebb9-bd38-49ec-b954-930112bab495, with bucket layout FILE_SYSTEM_OPTIMIZED, runner as owner, Versioning false, Storage Type set to DISK and Encryption set to false, Replication Type set to server-side default replication type, Namespace Quota set to -1, Space Quota set to -1 
2025-10-16 19:47:40,632 [om1-OMStateMachineApplyTransactionThread - 0] INFO  bucket.OMBucketCreateRequest (OMBucketCreateRequest.java:validateAndUpdateCache(303)) - created bucket: 11faebb9-bd38-49ec-b954-930112bab495 of layout FILE_SYSTEM_OPTIMIZED in volume: d71fef68-02d0-4e04-8ee0-c48931d0d4f5
2025-10-16 19:47:40,632 | INFO  | OMAudit | user=runner | ip=127.0.0.1 | op=CREATE_BUCKET {"volume":"d71fef68-02d0-4e04-8ee0-c48931d0d4f5","bucket":"11faebb9-bd38-49ec-b954-930112bab495","bucketLayout":"FILE_SYSTEM_OPTIMIZED","gdprEnabled":null,"acls":"[user:runner:a[ACCESS], group:runner:rl[ACCESS]]","isVersionEnabled":"false","storageType":"DISK","creationTime":"1760644060631","bucketEncryptionKey":null,"modificationTime":"1760644060631","usedBytes":"0","usedNamespace":"0","snapshotUsedBytes":"0","snapshotUsedNamespace":"0","owner":"runner","replicationType":null,"replicationConfig":null,"quotaInBytes":"-1","quotaInNamespace":"-1","Transaction":"169"} | ret=SUCCESS |  
2025-10-16 19:47:40,634 | INFO  | OMAudit | user=runner | ip=127.0.0.1 | op=READ_BUCKET {"volume":"d71fef68-02d0-4e04-8ee0-c48931d0d4f5","bucket":"11faebb9-bd38-49ec-b954-930112bab495"} | ret=SUCCESS |  
2025-10-16 19:47:40,635 | INFO  | OMAudit | user=runner | ip=127.0.0.1 | op=READ_BUCKET {"volume":"d71fef68-02d0-4e04-8ee0-c48931d0d4f5","bucket":"11faebb9-bd38-49ec-b954-930112bab495"} | ret=SUCCESS |  
2025-10-16 19:47:40,636 | INFO  | SCMAudit | user=runner | ip=127.0.0.1 | op=ALLOCATE_BLOCK {"replication":"RATIS/ONE","owner":"omServiceIdDefault","size":"4194304","sampleBlocks":"[conID: 1 locID: 115816896921600058]","num":"1","client":"","allocated":"1"} | ret=SUCCESS |  
2025-10-16 19:47:40,640 | INFO  | OMAudit | user=runner | ip=127.0.0.1 | op=ALLOCATE_KEY {"volume":"d71fef68-02d0-4e04-8ee0-c48931d0d4f5","bucket":"11faebb9-bd38-49ec-b954-930112bab495","key":"rewriteKey","dataSize":"36","replicationType":"RATIS","replicationFactor":"ONE","Transaction":"170"} | ret=SUCCESS |  
2025-10-16 19:47:40,650 | INFO  | OMAudit | user=runner | ip=127.0.0.1 | op=COMMIT_KEY {"volume":"d71fef68-02d0-4e04-8ee0-c48931d0d4f5","bucket":"11faebb9-bd38-49ec-b954-930112bab495","key":"rewriteKey","dataSize":"36","replicationType":"RATIS","replicationFactor":"ONE","Transaction":"171"} | ret=SUCCESS |  
2025-10-16 19:47:40,652 | INFO  | OMAudit | user=runner | ip=127.0.0.1 | op=READ_KEY {"volume":"d71fef68-02d0-4e04-8ee0-c48931d0d4f5","bucket":"11faebb9-bd38-49ec-b954-930112bab495","key":"rewriteKey","owner":null,"dataSize":"0","replicationConfig":null} | ret=SUCCESS |  
2025-10-16 19:47:40,655 | INFO  | SCMAudit | user=runner | ip=127.0.0.1 | op=GET_CONTAINER_WITH_PIPELINE_BATCH {"containerIDs":"#1,"} | ret=SUCCESS |  
2025-10-16 19:47:40,655 | INFO  | OMAudit | user=null | ip= | op=READ_KEY {"volume":"d71fef68-02d0-4e04-8ee0-c48931d0d4f5","bucket":"11faebb9-bd38-49ec-b954-930112bab495","key":"rewriteKey","owner":null,"dataSize":"0","replicationConfig":null} | ret=SUCCESS |  
2025-10-16 19:47:40,656 | INFO  | OMAudit | user=runner | ip=127.0.0.1 | op=READ_BUCKET {"volume":"d71fef68-02d0-4e04-8ee0-c48931d0d4f5","bucket":"11faebb9-bd38-49ec-b954-930112bab495"} | ret=SUCCESS |  
2025-10-16 19:47:40,657 | INFO  | SCMAudit | user=runner | ip=127.0.0.1 | op=ALLOCATE_BLOCK {"replication":"RATIS/ONE","owner":"omServiceIdDefault","size":"4194304","sampleBlocks":"[conID: 8 locID: 115816896921600059]","num":"1","client":"","allocated":"1"} | ret=SUCCESS |  
2025-10-16 19:47:40,661 | INFO  | OMAudit | user=runner | ip=127.0.0.1 | op=ALLOCATE_KEY {"volume":"d71fef68-02d0-4e04-8ee0-c48931d0d4f5","bucket":"11faebb9-bd38-49ec-b954-930112bab495","key":"rewriteKey","dataSize":"36","replicationType":"RATIS","replicationFactor":"ONE","rewriteGeneration":"171","Transaction":"172"} | ret=SUCCESS |  
2025-10-16 19:47:40,673 | INFO  | OMAudit | user=runner | ip=127.0.0.1 | op=COMMIT_KEY {"volume":"d71fef68-02d0-4e04-8ee0-c48931d0d4f5","bucket":"11faebb9-bd38-49ec-b954-930112bab495","key":"rewriteKey","dataSize":"13","replicationType":"RATIS","replicationFactor":"ONE","rewriteGeneration":"171","Transaction":"173"} | ret=SUCCESS |  
2025-10-16 19:47:40,675 | INFO  | OMAudit | user=runner | ip=127.0.0.1 | op=READ_KEY {"volume":"d71fef68-02d0-4e04-8ee0-c48931d0d4f5","bucket":"11faebb9-bd38-49ec-b954-930112bab495","key":"rewriteKey","owner":null,"dataSize":"0","replicationConfig":null} | ret=SUCCESS |  
2025-10-16 19:47:40,678 | INFO  | OMAudit | user=runner | ip=127.0.0.1 | op=READ_KEY {"volume":"d71fef68-02d0-4e04-8ee0-c48931d0d4f5","bucket":"11faebb9-bd38-49ec-b954-930112bab495","key":"rewriteKey","owner":null,"dataSize":"0","replicationConfig":null} | ret=SUCCESS |  
2025-10-16 19:47:40,686 | INFO  | SCMAudit | user=runner | ip=127.0.0.1 | op=GET_CONTAINER_WITH_PIPELINE_BATCH {"containerIDs":"#8,"} | ret=SUCCESS |  
2025-10-16 19:47:40,687 | INFO  | OMAudit | user=null | ip= | op=READ_KEY {"volume":"d71fef68-02d0-4e04-8ee0-c48931d0d4f5","bucket":"11faebb9-bd38-49ec-b954-930112bab495","key":"rewriteKey","owner":null,"dataSize":"0","replicationConfig":null} | ret=SUCCESS |  
]]></system-out>
  </testcase>
  <testcase name="rewriteKey(BucketLayout)[2]" classname="org.apache.hadoop.ozone.client.rpc.TestSecureOzoneRpcClient" time="0.06">
    <system-out><![CDATA[2025-10-16 19:47:40,690 [ForkJoinPool-1-worker-1] INFO  rpc.RpcClient (RpcClient.java:createVolume(461)) - Creating Volume: e65b5774-f7bf-48cf-8618-e8d0987cb1fc, with runner as owner and space quota set to -1 bytes, counts quota set to -1
2025-10-16 19:47:40,692 [om1-OMStateMachineApplyTransactionThread - 0] INFO  volume.OMVolumeCreateRequest (OMVolumeCreateRequest.java:validateAndUpdateCache(213)) - created volume:e65b5774-f7bf-48cf-8618-e8d0987cb1fc for user:runner
2025-10-16 19:47:40,692 | INFO  | OMAudit | user=runner | ip=127.0.0.1 | op=CREATE_VOLUME {"admin":"runner","owner":"runner","volume":"e65b5774-f7bf-48cf-8618-e8d0987cb1fc","creationTime":"1760644060691","modificationTime":"1760644060691","quotaInBytes":"-1","quotaInNamespace":"-1","usedNamespace":"0","objectID":"-9223372036854731264","updateID":"174","Transaction":"174"} | ret=SUCCESS |  
2025-10-16 19:47:40,694 | INFO  | OMAudit | user=runner | ip=127.0.0.1 | op=READ_VOLUME {"volume":"e65b5774-f7bf-48cf-8618-e8d0987cb1fc"} | ret=SUCCESS |  
2025-10-16 19:47:40,694 [ForkJoinPool-1-worker-1] INFO  rpc.RpcClient (RpcClient.java:createBucket(686)) - Creating Bucket: e65b5774-f7bf-48cf-8618-e8d0987cb1fc/a25da560-8a07-421e-b34d-ce9a688a34c8, with bucket layout OBJECT_STORE, runner as owner, Versioning false, Storage Type set to DISK and Encryption set to false, Replication Type set to server-side default replication type, Namespace Quota set to -1, Space Quota set to -1 
2025-10-16 19:47:40,696 [om1-OMStateMachineApplyTransactionThread - 0] INFO  bucket.OMBucketCreateRequest (OMBucketCreateRequest.java:validateAndUpdateCache(303)) - created bucket: a25da560-8a07-421e-b34d-ce9a688a34c8 of layout OBJECT_STORE in volume: e65b5774-f7bf-48cf-8618-e8d0987cb1fc
2025-10-16 19:47:40,696 | INFO  | OMAudit | user=runner | ip=127.0.0.1 | op=CREATE_BUCKET {"volume":"e65b5774-f7bf-48cf-8618-e8d0987cb1fc","bucket":"a25da560-8a07-421e-b34d-ce9a688a34c8","bucketLayout":"OBJECT_STORE","gdprEnabled":null,"acls":"[user:runner:a[ACCESS], group:runner:rl[ACCESS]]","isVersionEnabled":"false","storageType":"DISK","creationTime":"1760644060695","bucketEncryptionKey":null,"modificationTime":"1760644060695","usedBytes":"0","usedNamespace":"0","snapshotUsedBytes":"0","snapshotUsedNamespace":"0","owner":"runner","replicationType":null,"replicationConfig":null,"quotaInBytes":"-1","quotaInNamespace":"-1","Transaction":"175"} | ret=SUCCESS |  
2025-10-16 19:47:40,699 | INFO  | OMAudit | user=runner | ip=127.0.0.1 | op=READ_BUCKET {"volume":"e65b5774-f7bf-48cf-8618-e8d0987cb1fc","bucket":"a25da560-8a07-421e-b34d-ce9a688a34c8"} | ret=SUCCESS |  
2025-10-16 19:47:40,699 | INFO  | SCMAudit | user=runner | ip=127.0.0.1 | op=SEND_HEARTBEAT {"datanodeUUID":"757ca056-973f-4f05-ab2d-6aff6c54d452","term":"2","command":"[]"} | ret=SUCCESS |  
2025-10-16 19:47:40,701 | INFO  | OMAudit | user=runner | ip=127.0.0.1 | op=READ_BUCKET {"volume":"e65b5774-f7bf-48cf-8618-e8d0987cb1fc","bucket":"a25da560-8a07-421e-b34d-ce9a688a34c8"} | ret=SUCCESS |  
2025-10-16 19:47:40,702 | INFO  | SCMAudit | user=runner | ip=127.0.0.1 | op=ALLOCATE_BLOCK {"replication":"RATIS/ONE","owner":"omServiceIdDefault","size":"4194304","sampleBlocks":"[conID: 3 locID: 115816896921600060]","num":"1","client":"","allocated":"1"} | ret=SUCCESS |  
2025-10-16 19:47:40,706 | INFO  | OMAudit | user=runner | ip=127.0.0.1 | op=ALLOCATE_KEY {"volume":"e65b5774-f7bf-48cf-8618-e8d0987cb1fc","bucket":"a25da560-8a07-421e-b34d-ce9a688a34c8","key":"rewriteKey","dataSize":"36","replicationType":"RATIS","replicationFactor":"ONE","Transaction":"176"} | ret=SUCCESS |  
2025-10-16 19:47:40,715 | INFO  | OMAudit | user=runner | ip=127.0.0.1 | op=COMMIT_KEY {"volume":"e65b5774-f7bf-48cf-8618-e8d0987cb1fc","bucket":"a25da560-8a07-421e-b34d-ce9a688a34c8","key":"rewriteKey","dataSize":"36","replicationType":"RATIS","replicationFactor":"ONE","Transaction":"177"} | ret=SUCCESS |  
2025-10-16 19:47:40,717 | INFO  | OMAudit | user=runner | ip=127.0.0.1 | op=READ_KEY {"volume":"e65b5774-f7bf-48cf-8618-e8d0987cb1fc","bucket":"a25da560-8a07-421e-b34d-ce9a688a34c8","key":"rewriteKey","owner":null,"dataSize":"0","replicationConfig":null} | ret=SUCCESS |  
2025-10-16 19:47:40,719 | INFO  | SCMAudit | user=runner | ip=127.0.0.1 | op=GET_CONTAINER_WITH_PIPELINE_BATCH {"containerIDs":"#3,"} | ret=SUCCESS |  
2025-10-16 19:47:40,720 | INFO  | OMAudit | user=null | ip= | op=READ_KEY {"volume":"e65b5774-f7bf-48cf-8618-e8d0987cb1fc","bucket":"a25da560-8a07-421e-b34d-ce9a688a34c8","key":"rewriteKey","owner":null,"dataSize":"0","replicationConfig":null} | ret=SUCCESS |  
2025-10-16 19:47:40,720 | INFO  | OMAudit | user=runner | ip=127.0.0.1 | op=READ_BUCKET {"volume":"e65b5774-f7bf-48cf-8618-e8d0987cb1fc","bucket":"a25da560-8a07-421e-b34d-ce9a688a34c8"} | ret=SUCCESS |  
2025-10-16 19:47:40,721 | INFO  | SCMAudit | user=runner | ip=127.0.0.1 | op=ALLOCATE_BLOCK {"replication":"RATIS/ONE","owner":"omServiceIdDefault","size":"4194304","sampleBlocks":"[conID: 8 locID: 115816896921600061]","num":"1","client":"","allocated":"1"} | ret=SUCCESS |  
2025-10-16 19:47:40,724 | INFO  | OMAudit | user=runner | ip=127.0.0.1 | op=ALLOCATE_KEY {"volume":"e65b5774-f7bf-48cf-8618-e8d0987cb1fc","bucket":"a25da560-8a07-421e-b34d-ce9a688a34c8","key":"rewriteKey","dataSize":"36","replicationType":"RATIS","replicationFactor":"ONE","rewriteGeneration":"177","Transaction":"178"} | ret=SUCCESS |  
2025-10-16 19:47:40,734 | INFO  | OMAudit | user=runner | ip=127.0.0.1 | op=COMMIT_KEY {"volume":"e65b5774-f7bf-48cf-8618-e8d0987cb1fc","bucket":"a25da560-8a07-421e-b34d-ce9a688a34c8","key":"rewriteKey","dataSize":"13","replicationType":"RATIS","replicationFactor":"ONE","rewriteGeneration":"177","Transaction":"179"} | ret=SUCCESS |  
2025-10-16 19:47:40,738 | INFO  | OMAudit | user=runner | ip=127.0.0.1 | op=READ_KEY {"volume":"e65b5774-f7bf-48cf-8618-e8d0987cb1fc","bucket":"a25da560-8a07-421e-b34d-ce9a688a34c8","key":"rewriteKey","owner":null,"dataSize":"0","replicationConfig":null} | ret=SUCCESS |  
2025-10-16 19:47:40,740 | INFO  | OMAudit | user=runner | ip=127.0.0.1 | op=READ_KEY {"volume":"e65b5774-f7bf-48cf-8618-e8d0987cb1fc","bucket":"a25da560-8a07-421e-b34d-ce9a688a34c8","key":"rewriteKey","owner":null,"dataSize":"0","replicationConfig":null} | ret=SUCCESS |  
2025-10-16 19:47:40,748 | INFO  | SCMAudit | user=runner | ip=127.0.0.1 | op=GET_CONTAINER_WITH_PIPELINE_BATCH {"containerIDs":"#8,"} | ret=SUCCESS |  
2025-10-16 19:47:40,749 | INFO  | OMAudit | user=null | ip= | op=READ_KEY {"volume":"e65b5774-f7bf-48cf-8618-e8d0987cb1fc","bucket":"a25da560-8a07-421e-b34d-ce9a688a34c8","key":"rewriteKey","owner":null,"dataSize":"0","replicationConfig":null} | ret=SUCCESS |  
]]></system-out>
  </testcase>
  <testcase name="rewriteKey(BucketLayout)[3]" classname="org.apache.hadoop.ozone.client.rpc.TestSecureOzoneRpcClient" time="0.065">
    <system-out><![CDATA[2025-10-16 19:47:40,750 [ForkJoinPool-1-worker-1] INFO  rpc.RpcClient (RpcClient.java:createVolume(461)) - Creating Volume: f1a46632-95a5-46fd-9977-d3a5fe048579, with runner as owner and space quota set to -1 bytes, counts quota set to -1
2025-10-16 19:47:40,753 [om1-OMStateMachineApplyTransactionThread - 0] INFO  volume.OMVolumeCreateRequest (OMVolumeCreateRequest.java:validateAndUpdateCache(213)) - created volume:f1a46632-95a5-46fd-9977-d3a5fe048579 for user:runner
2025-10-16 19:47:40,753 | INFO  | OMAudit | user=runner | ip=127.0.0.1 | op=CREATE_VOLUME {"admin":"runner","owner":"runner","volume":"f1a46632-95a5-46fd-9977-d3a5fe048579","creationTime":"1760644060751","modificationTime":"1760644060751","quotaInBytes":"-1","quotaInNamespace":"-1","usedNamespace":"0","objectID":"-9223372036854729728","updateID":"180","Transaction":"180"} | ret=SUCCESS |  
2025-10-16 19:47:40,754 | INFO  | OMAudit | user=runner | ip=127.0.0.1 | op=READ_VOLUME {"volume":"f1a46632-95a5-46fd-9977-d3a5fe048579"} | ret=SUCCESS |  
2025-10-16 19:47:40,755 [ForkJoinPool-1-worker-1] INFO  rpc.RpcClient (RpcClient.java:createBucket(686)) - Creating Bucket: f1a46632-95a5-46fd-9977-d3a5fe048579/384c7884-e886-47f4-8f2e-5ab8fef1e847, with bucket layout LEGACY, runner as owner, Versioning false, Storage Type set to DISK and Encryption set to false, Replication Type set to server-side default replication type, Namespace Quota set to -1, Space Quota set to -1 
2025-10-16 19:47:40,757 [om1-OMStateMachineApplyTransactionThread - 0] INFO  bucket.OMBucketCreateRequest (OMBucketCreateRequest.java:validateAndUpdateCache(303)) - created bucket: 384c7884-e886-47f4-8f2e-5ab8fef1e847 of layout LEGACY in volume: f1a46632-95a5-46fd-9977-d3a5fe048579
2025-10-16 19:47:40,757 | INFO  | OMAudit | user=runner | ip=127.0.0.1 | op=CREATE_BUCKET {"volume":"f1a46632-95a5-46fd-9977-d3a5fe048579","bucket":"384c7884-e886-47f4-8f2e-5ab8fef1e847","bucketLayout":"LEGACY","gdprEnabled":null,"acls":"[user:runner:a[ACCESS], group:runner:rl[ACCESS]]","isVersionEnabled":"false","storageType":"DISK","creationTime":"1760644060756","bucketEncryptionKey":null,"modificationTime":"1760644060756","usedBytes":"0","usedNamespace":"0","snapshotUsedBytes":"0","snapshotUsedNamespace":"0","owner":"runner","replicationType":null,"replicationConfig":null,"quotaInBytes":"-1","quotaInNamespace":"-1","Transaction":"181"} | ret=SUCCESS |  
2025-10-16 19:47:40,758 | INFO  | OMAudit | user=runner | ip=127.0.0.1 | op=READ_BUCKET {"volume":"f1a46632-95a5-46fd-9977-d3a5fe048579","bucket":"384c7884-e886-47f4-8f2e-5ab8fef1e847"} | ret=SUCCESS |  
2025-10-16 19:47:40,760 | INFO  | OMAudit | user=runner | ip=127.0.0.1 | op=READ_BUCKET {"volume":"f1a46632-95a5-46fd-9977-d3a5fe048579","bucket":"384c7884-e886-47f4-8f2e-5ab8fef1e847"} | ret=SUCCESS |  
2025-10-16 19:47:40,761 | INFO  | SCMAudit | user=runner | ip=127.0.0.1 | op=ALLOCATE_BLOCK {"replication":"RATIS/ONE","owner":"omServiceIdDefault","size":"4194304","sampleBlocks":"[conID: 3 locID: 115816896921600062]","num":"1","client":"","allocated":"1"} | ret=SUCCESS |  
2025-10-16 19:47:40,764 | INFO  | OMAudit | user=runner | ip=127.0.0.1 | op=ALLOCATE_KEY {"volume":"f1a46632-95a5-46fd-9977-d3a5fe048579","bucket":"384c7884-e886-47f4-8f2e-5ab8fef1e847","key":"rewriteKey","dataSize":"36","replicationType":"RATIS","replicationFactor":"ONE","Transaction":"182"} | ret=SUCCESS |  
2025-10-16 19:47:40,769 | INFO  | SCMAudit | user=runner | ip=127.0.0.1 | op=SEND_HEARTBEAT {"datanodeUUID":"8a0fa2ff-b550-4652-b2fe-0cf91cd4a157","term":"2","command":"[]"} | ret=SUCCESS |  
2025-10-16 19:47:40,772 | INFO  | SCMAudit | user=runner | ip=127.0.0.1 | op=SEND_HEARTBEAT {"datanodeUUID":"e072d245-7694-4d97-8e20-c503ebf8c2fe","term":"2","command":"[]"} | ret=SUCCESS |  
2025-10-16 19:47:40,775 | INFO  | OMAudit | user=runner | ip=127.0.0.1 | op=COMMIT_KEY {"volume":"f1a46632-95a5-46fd-9977-d3a5fe048579","bucket":"384c7884-e886-47f4-8f2e-5ab8fef1e847","key":"rewriteKey","dataSize":"36","replicationType":"RATIS","replicationFactor":"ONE","Transaction":"183"} | ret=SUCCESS |  
2025-10-16 19:47:40,777 | INFO  | OMAudit | user=runner | ip=127.0.0.1 | op=READ_KEY {"volume":"f1a46632-95a5-46fd-9977-d3a5fe048579","bucket":"384c7884-e886-47f4-8f2e-5ab8fef1e847","key":"rewriteKey","owner":null,"dataSize":"0","replicationConfig":null} | ret=SUCCESS |  
2025-10-16 19:47:40,779 | INFO  | SCMAudit | user=runner | ip=127.0.0.1 | op=GET_CONTAINER_WITH_PIPELINE_BATCH {"containerIDs":"#3,"} | ret=SUCCESS |  
2025-10-16 19:47:40,780 | INFO  | OMAudit | user=null | ip= | op=READ_KEY {"volume":"f1a46632-95a5-46fd-9977-d3a5fe048579","bucket":"384c7884-e886-47f4-8f2e-5ab8fef1e847","key":"rewriteKey","owner":null,"dataSize":"0","replicationConfig":null} | ret=SUCCESS |  
2025-10-16 19:47:40,781 | INFO  | OMAudit | user=runner | ip=127.0.0.1 | op=READ_BUCKET {"volume":"f1a46632-95a5-46fd-9977-d3a5fe048579","bucket":"384c7884-e886-47f4-8f2e-5ab8fef1e847"} | ret=SUCCESS |  
2025-10-16 19:47:40,782 | INFO  | SCMAudit | user=runner | ip=127.0.0.1 | op=ALLOCATE_BLOCK {"replication":"RATIS/ONE","owner":"omServiceIdDefault","size":"4194304","sampleBlocks":"[conID: 2 locID: 115816896921600063]","num":"1","client":"","allocated":"1"} | ret=SUCCESS |  
2025-10-16 19:47:40,784 | INFO  | OMAudit | user=runner | ip=127.0.0.1 | op=ALLOCATE_KEY {"volume":"f1a46632-95a5-46fd-9977-d3a5fe048579","bucket":"384c7884-e886-47f4-8f2e-5ab8fef1e847","key":"rewriteKey","dataSize":"36","replicationType":"RATIS","replicationFactor":"ONE","rewriteGeneration":"183","Transaction":"184"} | ret=SUCCESS |  
2025-10-16 19:47:40,796 | INFO  | OMAudit | user=runner | ip=127.0.0.1 | op=COMMIT_KEY {"volume":"f1a46632-95a5-46fd-9977-d3a5fe048579","bucket":"384c7884-e886-47f4-8f2e-5ab8fef1e847","key":"rewriteKey","dataSize":"13","replicationType":"RATIS","replicationFactor":"ONE","rewriteGeneration":"183","Transaction":"185"} | ret=SUCCESS |  
2025-10-16 19:47:40,799 | INFO  | OMAudit | user=runner | ip=127.0.0.1 | op=READ_KEY {"volume":"f1a46632-95a5-46fd-9977-d3a5fe048579","bucket":"384c7884-e886-47f4-8f2e-5ab8fef1e847","key":"rewriteKey","owner":null,"dataSize":"0","replicationConfig":null} | ret=SUCCESS |  
2025-10-16 19:47:40,802 | INFO  | OMAudit | user=runner | ip=127.0.0.1 | op=READ_KEY {"volume":"f1a46632-95a5-46fd-9977-d3a5fe048579","bucket":"384c7884-e886-47f4-8f2e-5ab8fef1e847","key":"rewriteKey","owner":null,"dataSize":"0","replicationConfig":null} | ret=SUCCESS |  
2025-10-16 19:47:40,813 | INFO  | SCMAudit | user=runner | ip=127.0.0.1 | op=GET_CONTAINER_WITH_PIPELINE_BATCH {"containerIDs":"#2,"} | ret=SUCCESS |  
2025-10-16 19:47:40,813 | INFO  | OMAudit | user=null | ip= | op=READ_KEY {"volume":"f1a46632-95a5-46fd-9977-d3a5fe048579","bucket":"384c7884-e886-47f4-8f2e-5ab8fef1e847","key":"rewriteKey","owner":null,"dataSize":"0","replicationConfig":null} | ret=SUCCESS |  
]]></system-out>
  </testcase>
  <testcase name="testAbortUploadFail" classname="org.apache.hadoop.ozone.client.rpc.TestSecureOzoneRpcClient" time="0.028">
    <system-out><![CDATA[2025-10-16 19:47:40,817 [ForkJoinPool-1-worker-1] INFO  rpc.RpcClient (RpcClient.java:createVolume(461)) - Creating Volume: ec8f101b-e912-48f8-a3b5-d39d2a39238c, with runner as owner and space quota set to -1 bytes, counts quota set to -1
2025-10-16 19:47:40,821 [om1-OMStateMachineApplyTransactionThread - 0] INFO  volume.OMVolumeCreateRequest (OMVolumeCreateRequest.java:validateAndUpdateCache(213)) - created volume:ec8f101b-e912-48f8-a3b5-d39d2a39238c for user:runner
2025-10-16 19:47:40,821 | INFO  | OMAudit | user=runner | ip=127.0.0.1 | op=CREATE_VOLUME {"admin":"runner","owner":"runner","volume":"ec8f101b-e912-48f8-a3b5-d39d2a39238c","creationTime":"1760644060818","modificationTime":"1760644060818","quotaInBytes":"-1","quotaInNamespace":"-1","usedNamespace":"0","objectID":"-9223372036854728192","updateID":"186","Transaction":"186"} | ret=SUCCESS |  
2025-10-16 19:47:40,823 | INFO  | OMAudit | user=runner | ip=127.0.0.1 | op=READ_VOLUME {"volume":"ec8f101b-e912-48f8-a3b5-d39d2a39238c"} | ret=SUCCESS |  
2025-10-16 19:47:40,823 [ForkJoinPool-1-worker-1] INFO  rpc.RpcClient (RpcClient.java:createBucket(686)) - Creating Bucket: ec8f101b-e912-48f8-a3b5-d39d2a39238c/30224e5f-67be-4764-8ca4-e456b9de42f4, with server-side default bucket layout, runner as owner, Versioning false, Storage Type set to DISK and Encryption set to false, Replication Type set to server-side default replication type, Namespace Quota set to -1, Space Quota set to -1 
2025-10-16 19:47:40,827 [om1-OMStateMachineApplyTransactionThread - 0] INFO  bucket.OMBucketCreateRequest (OMBucketCreateRequest.java:validateAndUpdateCache(303)) - created bucket: 30224e5f-67be-4764-8ca4-e456b9de42f4 of layout FILE_SYSTEM_OPTIMIZED in volume: ec8f101b-e912-48f8-a3b5-d39d2a39238c
2025-10-16 19:47:40,827 | INFO  | OMAudit | user=runner | ip=127.0.0.1 | op=CREATE_BUCKET {"volume":"ec8f101b-e912-48f8-a3b5-d39d2a39238c","bucket":"30224e5f-67be-4764-8ca4-e456b9de42f4","bucketLayout":"FILE_SYSTEM_OPTIMIZED","gdprEnabled":null,"acls":"[user:runner:a[ACCESS], group:runner:rl[ACCESS]]","isVersionEnabled":"false","storageType":"DISK","creationTime":"1760644060824","bucketEncryptionKey":null,"modificationTime":"1760644060824","usedBytes":"0","usedNamespace":"0","snapshotUsedBytes":"0","snapshotUsedNamespace":"0","owner":"runner","replicationType":null,"replicationConfig":null,"quotaInBytes":"-1","quotaInNamespace":"-1","Transaction":"187"} | ret=SUCCESS |  
2025-10-16 19:47:40,830 | INFO  | OMAudit | user=runner | ip=127.0.0.1 | op=READ_BUCKET {"volume":"ec8f101b-e912-48f8-a3b5-d39d2a39238c","bucket":"30224e5f-67be-4764-8ca4-e456b9de42f4"} | ret=SUCCESS |  
2025-10-16 19:47:40,841 [om1-OMStateMachineApplyTransactionThread - 0] ERROR multipart.S3MultipartUploadAbortRequest (S3MultipartUploadAbortRequest.java:validateAndUpdateCache(216)) - Abort Multipart request is failed for KeyName 87c0ab2d-adf5-42c1-b6e2-4824d1a8eae7 in VolumeName/Bucket ec8f101b-e912-48f8-a3b5-d39d2a39238c/30224e5f-67be-4764-8ca4-e456b9de42f4
NO_SUCH_MULTIPART_UPLOAD_ERROR org.apache.hadoop.ozone.om.exceptions.OMException: Abort Multipart Upload Failed: volume: ec8f101b-e912-48f8-a3b5-d39d2a39238cbucket: 30224e5f-67be-4764-8ca4-e456b9de42f4key: 87c0ab2d-adf5-42c1-b6e2-4824d1a8eae7
	at org.apache.hadoop.ozone.om.request.s3.multipart.S3MultipartUploadAbortRequest.validateAndUpdateCache(S3MultipartUploadAbortRequest.java:156)
	at org.apache.hadoop.ozone.protocolPB.OzoneManagerRequestHandler.lambda$0(OzoneManagerRequestHandler.java:418)
	at org.apache.hadoop.ozone.util.MetricUtil.captureLatencyNs(MetricUtil.java:45)
	at org.apache.hadoop.ozone.protocolPB.OzoneManagerRequestHandler.handleWriteRequestImpl(OzoneManagerRequestHandler.java:416)
	at org.apache.hadoop.ozone.protocolPB.RequestHandler.handleWriteRequest(RequestHandler.java:62)
	at org.apache.hadoop.ozone.om.ratis.OzoneManagerStateMachine.runCommand(OzoneManagerStateMachine.java:599)
	at org.apache.hadoop.ozone.om.ratis.OzoneManagerStateMachine.lambda$3(OzoneManagerStateMachine.java:415)
	at java.base/java.util.concurrent.CompletableFuture$AsyncSupply.run(CompletableFuture.java:1768)
	at java.base/java.util.concurrent.ThreadPoolExecutor.runWorker(ThreadPoolExecutor.java:1144)
	at java.base/java.util.concurrent.ThreadPoolExecutor$Worker.run(ThreadPoolExecutor.java:642)
	at java.base/java.lang.Thread.run(Thread.java:1583)
2025-10-16 19:47:40,842 | ERROR | OMAudit | user=runner | ip=127.0.0.1 | op=ABORT_MULTIPART_UPLOAD {"volume":"ec8f101b-e912-48f8-a3b5-d39d2a39238c","bucket":"30224e5f-67be-4764-8ca4-e456b9de42f4","key":"87c0ab2d-adf5-42c1-b6e2-4824d1a8eae7","dataSize":"0","uploadID":"random","Transaction":"188"} | ret=FAILURE | 
org.apache.hadoop.ozone.om.exceptions.OMException: Abort Multipart Upload Failed: volume: ec8f101b-e912-48f8-a3b5-d39d2a39238cbucket: 30224e5f-67be-4764-8ca4-e456b9de42f4key: 87c0ab2d-adf5-42c1-b6e2-4824d1a8eae7
	at org.apache.hadoop.ozone.om.request.s3.multipart.S3MultipartUploadAbortRequest.validateAndUpdateCache(S3MultipartUploadAbortRequest.java:156)
	at org.apache.hadoop.ozone.protocolPB.OzoneManagerRequestHandler.lambda$0(OzoneManagerRequestHandler.java:418)
 
]]></system-out>
  </testcase>
  <testcase name="testAbortUploadFailWithInProgressPartUpload" classname="org.apache.hadoop.ozone.client.rpc.TestSecureOzoneRpcClient" time="0.062">
    <system-out><![CDATA[2025-10-16 19:47:40,845 [ForkJoinPool-1-worker-1] INFO  rpc.RpcClient (RpcClient.java:createVolume(461)) - Creating Volume: 5648a3d4-cdbe-42c7-bf2f-181a854373f3, with runner as owner and space quota set to -1 bytes, counts quota set to -1
2025-10-16 19:47:40,849 [om1-OMStateMachineApplyTransactionThread - 0] INFO  volume.OMVolumeCreateRequest (OMVolumeCreateRequest.java:validateAndUpdateCache(213)) - created volume:5648a3d4-cdbe-42c7-bf2f-181a854373f3 for user:runner
2025-10-16 19:47:40,849 | INFO  | OMAudit | user=runner | ip=127.0.0.1 | op=CREATE_VOLUME {"admin":"runner","owner":"runner","volume":"5648a3d4-cdbe-42c7-bf2f-181a854373f3","creationTime":"1760644060847","modificationTime":"1760644060847","quotaInBytes":"-1","quotaInNamespace":"-1","usedNamespace":"0","objectID":"-9223372036854727424","updateID":"189","Transaction":"189"} | ret=SUCCESS |  
2025-10-16 19:47:40,852 | INFO  | OMAudit | user=runner | ip=127.0.0.1 | op=READ_VOLUME {"volume":"5648a3d4-cdbe-42c7-bf2f-181a854373f3"} | ret=SUCCESS |  
2025-10-16 19:47:40,853 [ForkJoinPool-1-worker-1] INFO  rpc.RpcClient (RpcClient.java:createBucket(686)) - Creating Bucket: 5648a3d4-cdbe-42c7-bf2f-181a854373f3/6820d6e5-5761-4473-a12e-e7d483ebc51d, with server-side default bucket layout, runner as owner, Versioning false, Storage Type set to DISK and Encryption set to false, Replication Type set to server-side default replication type, Namespace Quota set to -1, Space Quota set to -1 
2025-10-16 19:47:40,857 [om1-OMStateMachineApplyTransactionThread - 0] INFO  bucket.OMBucketCreateRequest (OMBucketCreateRequest.java:validateAndUpdateCache(303)) - created bucket: 6820d6e5-5761-4473-a12e-e7d483ebc51d of layout FILE_SYSTEM_OPTIMIZED in volume: 5648a3d4-cdbe-42c7-bf2f-181a854373f3
2025-10-16 19:47:40,857 | INFO  | OMAudit | user=runner | ip=127.0.0.1 | op=CREATE_BUCKET {"volume":"5648a3d4-cdbe-42c7-bf2f-181a854373f3","bucket":"6820d6e5-5761-4473-a12e-e7d483ebc51d","bucketLayout":"FILE_SYSTEM_OPTIMIZED","gdprEnabled":null,"acls":"[user:runner:a[ACCESS], group:runner:rl[ACCESS]]","isVersionEnabled":"false","storageType":"DISK","creationTime":"1760644060854","bucketEncryptionKey":null,"modificationTime":"1760644060854","usedBytes":"0","usedNamespace":"0","snapshotUsedBytes":"0","snapshotUsedNamespace":"0","owner":"runner","replicationType":null,"replicationConfig":null,"quotaInBytes":"-1","quotaInNamespace":"-1","Transaction":"190"} | ret=SUCCESS |  
2025-10-16 19:47:40,860 | INFO  | OMAudit | user=runner | ip=127.0.0.1 | op=READ_BUCKET {"volume":"5648a3d4-cdbe-42c7-bf2f-181a854373f3","bucket":"6820d6e5-5761-4473-a12e-e7d483ebc51d"} | ret=SUCCESS |  
2025-10-16 19:47:40,870 | INFO  | OMAudit | user=runner | ip=127.0.0.1 | op=INITIATE_MULTIPART_UPLOAD {"volume":"5648a3d4-cdbe-42c7-bf2f-181a854373f3","bucket":"6820d6e5-5761-4473-a12e-e7d483ebc51d","key":"68113062-f3f2-4ba9-9f04-1eea99f8d631","dataSize":"0","replicationType":"RATIS","replicationFactor":"ONE","uploadID":"0199ee90-56c2-75d9-88d0-3ec33dcb69b9-115385569172914240","Transaction":"191"} | ret=SUCCESS |  
2025-10-16 19:47:40,875 | INFO  | OMAudit | user=runner | ip=127.0.0.1 | op=ALLOCATE_KEY {"volume":"5648a3d4-cdbe-42c7-bf2f-181a854373f3","bucket":"6820d6e5-5761-4473-a12e-e7d483ebc51d","key":"68113062-f3f2-4ba9-9f04-1eea99f8d631","dataSize":"4","Transaction":"192"} | ret=SUCCESS |  
2025-10-16 19:47:40,880 | INFO  | SCMAudit | user=runner | ip=127.0.0.1 | op=ALLOCATE_BLOCK {"replication":"RATIS/ONE","owner":"omServiceIdDefault","size":"4194304","sampleBlocks":"[conID: 3 locID: 115816896921600064]","num":"1","client":"","allocated":"1"} | ret=SUCCESS |  
2025-10-16 19:47:40,885 | INFO  | OMAudit | user=runner | ip=127.0.0.1 | op=ALLOCATE_BLOCK {"volume":"5648a3d4-cdbe-42c7-bf2f-181a854373f3","bucket":"6820d6e5-5761-4473-a12e-e7d483ebc51d","key":"68113062-f3f2-4ba9-9f04-1eea99f8d631","dataSize":"4","replicationType":"RATIS","replicationFactor":"ONE","clientID":"115385569173372993","Transaction":"193"} | ret=SUCCESS |  
2025-10-16 19:47:40,891 | INFO  | OMAudit | user=runner | ip=127.0.0.1 | op=ABORT_MULTIPART_UPLOAD {"volume":"5648a3d4-cdbe-42c7-bf2f-181a854373f3","bucket":"6820d6e5-5761-4473-a12e-e7d483ebc51d","key":"68113062-f3f2-4ba9-9f04-1eea99f8d631","dataSize":"0","uploadID":"0199ee90-56c2-75d9-88d0-3ec33dcb69b9-115385569172914240","Transaction":"194"} | ret=SUCCESS |  
2025-10-16 19:47:40,906 [om1-OMStateMachineApplyTransactionThread - 0] ERROR multipart.S3MultipartUploadCommitPartRequest (S3MultipartUploadCommitPartRequest.java:logResult(352)) - MultipartUpload Commit is failed for Key:68113062-f3f2-4ba9-9f04-1eea99f8d631 in Volume/Bucket 5648a3d4-cdbe-42c7-bf2f-181a854373f3/6820d6e5-5761-4473-a12e-e7d483ebc51d
NO_SUCH_MULTIPART_UPLOAD_ERROR org.apache.hadoop.ozone.om.exceptions.OMException: No such Multipart upload is with specified uploadId 0199ee90-56c2-75d9-88d0-3ec33dcb69b9-115385569172914240
	at org.apache.hadoop.ozone.om.request.s3.multipart.S3MultipartUploadCommitPartRequest.validateAndUpdateCache(S3MultipartUploadCommitPartRequest.java:188)
	at org.apache.hadoop.ozone.protocolPB.OzoneManagerRequestHandler.lambda$0(OzoneManagerRequestHandler.java:418)
	at org.apache.hadoop.ozone.util.MetricUtil.captureLatencyNs(MetricUtil.java:45)
	at org.apache.hadoop.ozone.protocolPB.OzoneManagerRequestHandler.handleWriteRequestImpl(OzoneManagerRequestHandler.java:416)
	at org.apache.hadoop.ozone.protocolPB.RequestHandler.handleWriteRequest(RequestHandler.java:62)
	at org.apache.hadoop.ozone.om.ratis.OzoneManagerStateMachine.runCommand(OzoneManagerStateMachine.java:599)
	at org.apache.hadoop.ozone.om.ratis.OzoneManagerStateMachine.lambda$3(OzoneManagerStateMachine.java:415)
	at java.base/java.util.concurrent.CompletableFuture$AsyncSupply.run(CompletableFuture.java:1768)
	at java.base/java.util.concurrent.ThreadPoolExecutor.runWorker(ThreadPoolExecutor.java:1144)
	at java.base/java.util.concurrent.ThreadPoolExecutor$Worker.run(ThreadPoolExecutor.java:642)
	at java.base/java.lang.Thread.run(Thread.java:1583)
2025-10-16 19:47:40,906 | ERROR | OMAudit | user=runner | ip=127.0.0.1 | op=COMMIT_MULTIPART_UPLOAD_PARTKEY {"volume":"5648a3d4-cdbe-42c7-bf2f-181a854373f3","bucket":"6820d6e5-5761-4473-a12e-e7d483ebc51d","key":"68113062-f3f2-4ba9-9f04-1eea99f8d631","dataSize":"4","uploadID":"0199ee90-56c2-75d9-88d0-3ec33dcb69b9-115385569172914240","partNumber":"1","partName":"/5648a3d4-cdbe-42c7-bf2f-181a854373f3/6820d6e5-5761-4473-a12e-e7d483ebc51d/68113062-f3f2-4ba9-9f04-1eea99f8d631-0199ee90-56c2-75d9-88d0-3ec33dcb69b9-115385569172914240-1","Transaction":"195"} | ret=FAILURE | 
org.apache.hadoop.ozone.om.exceptions.OMException: No such Multipart upload is with specified uploadId 0199ee90-56c2-75d9-88d0-3ec33dcb69b9-115385569172914240
	at org.apache.hadoop.ozone.om.request.s3.multipart.S3MultipartUploadCommitPartRequest.validateAndUpdateCache(S3MultipartUploadCommitPartRequest.java:188)
	at org.apache.hadoop.ozone.protocolPB.OzoneManagerRequestHandler.lambda$0(OzoneManagerRequestHandler.java:418)
 
]]></system-out>
  </testcase>
  <testcase name="testAbortUploadSuccessWithOutAnyParts" classname="org.apache.hadoop.ozone.client.rpc.TestSecureOzoneRpcClient" time="0.019">
    <system-out><![CDATA[2025-10-16 19:47:40,908 [ForkJoinPool-1-worker-1] INFO  rpc.RpcClient (RpcClient.java:createVolume(461)) - Creating Volume: de7f3cc1-b7d5-4240-b914-f3e0eedd8853, with runner as owner and space quota set to -1 bytes, counts quota set to -1
2025-10-16 19:47:40,911 [om1-OMStateMachineApplyTransactionThread - 0] INFO  volume.OMVolumeCreateRequest (OMVolumeCreateRequest.java:validateAndUpdateCache(213)) - created volume:de7f3cc1-b7d5-4240-b914-f3e0eedd8853 for user:runner
2025-10-16 19:47:40,911 | INFO  | OMAudit | user=runner | ip=127.0.0.1 | op=CREATE_VOLUME {"admin":"runner","owner":"runner","volume":"de7f3cc1-b7d5-4240-b914-f3e0eedd8853","creationTime":"1760644060909","modificationTime":"1760644060909","quotaInBytes":"-1","quotaInNamespace":"-1","usedNamespace":"0","objectID":"-9223372036854725632","updateID":"196","Transaction":"196"} | ret=SUCCESS |  
2025-10-16 19:47:40,914 | INFO  | OMAudit | user=runner | ip=127.0.0.1 | op=READ_VOLUME {"volume":"de7f3cc1-b7d5-4240-b914-f3e0eedd8853"} | ret=SUCCESS |  
2025-10-16 19:47:40,915 [ForkJoinPool-1-worker-1] INFO  rpc.RpcClient (RpcClient.java:createBucket(686)) - Creating Bucket: de7f3cc1-b7d5-4240-b914-f3e0eedd8853/03bf678e-089f-4157-a683-ccf747ae92dc, with server-side default bucket layout, runner as owner, Versioning false, Storage Type set to DISK and Encryption set to false, Replication Type set to server-side default replication type, Namespace Quota set to -1, Space Quota set to -1 
2025-10-16 19:47:40,917 [om1-OMStateMachineApplyTransactionThread - 0] INFO  bucket.OMBucketCreateRequest (OMBucketCreateRequest.java:validateAndUpdateCache(303)) - created bucket: 03bf678e-089f-4157-a683-ccf747ae92dc of layout FILE_SYSTEM_OPTIMIZED in volume: de7f3cc1-b7d5-4240-b914-f3e0eedd8853
2025-10-16 19:47:40,917 | INFO  | OMAudit | user=runner | ip=127.0.0.1 | op=CREATE_BUCKET {"volume":"de7f3cc1-b7d5-4240-b914-f3e0eedd8853","bucket":"03bf678e-089f-4157-a683-ccf747ae92dc","bucketLayout":"FILE_SYSTEM_OPTIMIZED","gdprEnabled":null,"acls":"[user:runner:a[ACCESS], group:runner:rl[ACCESS]]","isVersionEnabled":"false","storageType":"DISK","creationTime":"1760644060915","bucketEncryptionKey":null,"modificationTime":"1760644060915","usedBytes":"0","usedNamespace":"0","snapshotUsedBytes":"0","snapshotUsedNamespace":"0","owner":"runner","replicationType":null,"replicationConfig":null,"quotaInBytes":"-1","quotaInNamespace":"-1","Transaction":"197"} | ret=SUCCESS |  
2025-10-16 19:47:40,919 | INFO  | OMAudit | user=runner | ip=127.0.0.1 | op=READ_BUCKET {"volume":"de7f3cc1-b7d5-4240-b914-f3e0eedd8853","bucket":"03bf678e-089f-4157-a683-ccf747ae92dc"} | ret=SUCCESS |  
2025-10-16 19:47:40,922 | INFO  | OMAudit | user=runner | ip=127.0.0.1 | op=INITIATE_MULTIPART_UPLOAD {"volume":"de7f3cc1-b7d5-4240-b914-f3e0eedd8853","bucket":"03bf678e-089f-4157-a683-ccf747ae92dc","key":"db08fb8d-f9c9-4f1a-a6f0-780c6608cb0f","dataSize":"0","replicationType":"RATIS","replicationFactor":"ONE","uploadID":"0199ee90-56f8-78cf-97b4-2c4d14739c71-115385569176453186","Transaction":"198"} | ret=SUCCESS |  
2025-10-16 19:47:40,925 | INFO  | OMAudit | user=runner | ip=127.0.0.1 | op=ABORT_MULTIPART_UPLOAD {"volume":"de7f3cc1-b7d5-4240-b914-f3e0eedd8853","bucket":"03bf678e-089f-4157-a683-ccf747ae92dc","key":"db08fb8d-f9c9-4f1a-a6f0-780c6608cb0f","dataSize":"0","uploadID":"0199ee90-56f8-78cf-97b4-2c4d14739c71-115385569176453186","Transaction":"199"} | ret=SUCCESS |  
]]></system-out>
  </testcase>
  <testcase name="testAbortUploadSuccessWithParts" classname="org.apache.hadoop.ozone.client.rpc.TestSecureOzoneRpcClient" time="0.065">
    <system-out><![CDATA[2025-10-16 19:47:40,928 [ForkJoinPool-1-worker-1] INFO  rpc.RpcClient (RpcClient.java:createVolume(461)) - Creating Volume: 944a4351-1325-43fc-8b15-3b3f3070225f, with runner as owner and space quota set to -1 bytes, counts quota set to -1
2025-10-16 19:47:40,931 [om1-OMStateMachineApplyTransactionThread - 0] INFO  volume.OMVolumeCreateRequest (OMVolumeCreateRequest.java:validateAndUpdateCache(213)) - created volume:944a4351-1325-43fc-8b15-3b3f3070225f for user:runner
2025-10-16 19:47:40,931 | INFO  | OMAudit | user=runner | ip=127.0.0.1 | op=CREATE_VOLUME {"admin":"runner","owner":"runner","volume":"944a4351-1325-43fc-8b15-3b3f3070225f","creationTime":"1760644060930","modificationTime":"1760644060930","quotaInBytes":"-1","quotaInNamespace":"-1","usedNamespace":"0","objectID":"-9223372036854724608","updateID":"200","Transaction":"200"} | ret=SUCCESS |  
2025-10-16 19:47:40,933 | INFO  | OMAudit | user=runner | ip=127.0.0.1 | op=READ_VOLUME {"volume":"944a4351-1325-43fc-8b15-3b3f3070225f"} | ret=SUCCESS |  
2025-10-16 19:47:40,934 [ForkJoinPool-1-worker-1] INFO  rpc.RpcClient (RpcClient.java:createBucket(686)) - Creating Bucket: 944a4351-1325-43fc-8b15-3b3f3070225f/d38290fb-43bf-4b4f-ad8f-8f5d5a1f7726, with server-side default bucket layout, runner as owner, Versioning false, Storage Type set to DISK and Encryption set to false, Replication Type set to server-side default replication type, Namespace Quota set to -1, Space Quota set to -1 
2025-10-16 19:47:40,936 [om1-OMStateMachineApplyTransactionThread - 0] INFO  bucket.OMBucketCreateRequest (OMBucketCreateRequest.java:validateAndUpdateCache(303)) - created bucket: d38290fb-43bf-4b4f-ad8f-8f5d5a1f7726 of layout FILE_SYSTEM_OPTIMIZED in volume: 944a4351-1325-43fc-8b15-3b3f3070225f
2025-10-16 19:47:40,936 | INFO  | OMAudit | user=runner | ip=127.0.0.1 | op=CREATE_BUCKET {"volume":"944a4351-1325-43fc-8b15-3b3f3070225f","bucket":"d38290fb-43bf-4b4f-ad8f-8f5d5a1f7726","bucketLayout":"FILE_SYSTEM_OPTIMIZED","gdprEnabled":null,"acls":"[user:runner:a[ACCESS], group:runner:rl[ACCESS]]","isVersionEnabled":"false","storageType":"DISK","creationTime":"1760644060935","bucketEncryptionKey":null,"modificationTime":"1760644060935","usedBytes":"0","usedNamespace":"0","snapshotUsedBytes":"0","snapshotUsedNamespace":"0","owner":"runner","replicationType":null,"replicationConfig":null,"quotaInBytes":"-1","quotaInNamespace":"-1","Transaction":"201"} | ret=SUCCESS |  
2025-10-16 19:47:40,937 | INFO  | OMAudit | user=runner | ip=127.0.0.1 | op=READ_BUCKET {"volume":"944a4351-1325-43fc-8b15-3b3f3070225f","bucket":"d38290fb-43bf-4b4f-ad8f-8f5d5a1f7726"} | ret=SUCCESS |  
2025-10-16 19:47:40,940 | INFO  | OMAudit | user=runner | ip=127.0.0.1 | op=INITIATE_MULTIPART_UPLOAD {"volume":"944a4351-1325-43fc-8b15-3b3f3070225f","bucket":"d38290fb-43bf-4b4f-ad8f-8f5d5a1f7726","key":"1a75ace1-69fd-4836-ba49-45d4b56b2449","dataSize":"0","replicationType":"RATIS","replicationFactor":"ONE","uploadID":"0199ee90-570a-7fe4-a354-3d5383d639b5-115385569177632835","Transaction":"202"} | ret=SUCCESS |  
2025-10-16 19:47:40,943 | INFO  | OMAudit | user=runner | ip=127.0.0.1 | op=ALLOCATE_KEY {"volume":"944a4351-1325-43fc-8b15-3b3f3070225f","bucket":"d38290fb-43bf-4b4f-ad8f-8f5d5a1f7726","key":"1a75ace1-69fd-4836-ba49-45d4b56b2449","dataSize":"4","Transaction":"203"} | ret=SUCCESS |  
2025-10-16 19:47:40,945 | INFO  | SCMAudit | user=runner | ip=127.0.0.1 | op=ALLOCATE_BLOCK {"replication":"RATIS/ONE","owner":"omServiceIdDefault","size":"4194304","sampleBlocks":"[conID: 5 locID: 115816896921600065]","num":"1","client":"","allocated":"1"} | ret=SUCCESS |  
2025-10-16 19:47:40,948 | INFO  | OMAudit | user=runner | ip=127.0.0.1 | op=ALLOCATE_BLOCK {"volume":"944a4351-1325-43fc-8b15-3b3f3070225f","bucket":"d38290fb-43bf-4b4f-ad8f-8f5d5a1f7726","key":"1a75ace1-69fd-4836-ba49-45d4b56b2449","dataSize":"4","replicationType":"RATIS","replicationFactor":"ONE","clientID":"115385569177894980","Transaction":"204"} | ret=SUCCESS |  
2025-10-16 19:47:40,952 | INFO  | SCMAudit | user=runner | ip=127.0.0.1 | op=SEND_HEARTBEAT {"datanodeUUID":"764b18f0-81c5-439a-9fff-25adc4f241fa","term":"2","command":"[]"} | ret=SUCCESS |  
2025-10-16 19:47:40,961 | INFO  | SCMAudit | user=runner | ip=127.0.0.1 | op=SEND_HEARTBEAT {"datanodeUUID":"aa213937-adc5-47da-a770-0ee1e4664344","term":"2","command":"[]"} | ret=SUCCESS |  
2025-10-16 19:47:40,986 | INFO  | OMAudit | user=runner | ip=127.0.0.1 | op=COMMIT_MULTIPART_UPLOAD_PARTKEY {"volume":"944a4351-1325-43fc-8b15-3b3f3070225f","bucket":"d38290fb-43bf-4b4f-ad8f-8f5d5a1f7726","key":"1a75ace1-69fd-4836-ba49-45d4b56b2449","dataSize":"4","ETag":"8d777f385d3dfec8815d20f7496026dc","uploadID":"0199ee90-570a-7fe4-a354-3d5383d639b5-115385569177632835","partNumber":"1","partName":"/944a4351-1325-43fc-8b15-3b3f3070225f/d38290fb-43bf-4b4f-ad8f-8f5d5a1f7726/1a75ace1-69fd-4836-ba49-45d4b56b2449-0199ee90-570a-7fe4-a354-3d5383d639b5-115385569177632835-1","Transaction":"205"} | ret=SUCCESS |  
2025-10-16 19:47:40,990 | INFO  | SCMAudit | user=runner | ip=127.0.0.1 | op=SEND_HEARTBEAT {"datanodeUUID":"f700af26-0e26-4136-9205-9509c82c8c70","term":"2","command":"[]"} | ret=SUCCESS |  
2025-10-16 19:47:40,992 | INFO  | OMAudit | user=runner | ip=127.0.0.1 | op=ABORT_MULTIPART_UPLOAD {"volume":"944a4351-1325-43fc-8b15-3b3f3070225f","bucket":"d38290fb-43bf-4b4f-ad8f-8f5d5a1f7726","key":"1a75ace1-69fd-4836-ba49-45d4b56b2449","dataSize":"0","uploadID":"0199ee90-570a-7fe4-a354-3d5383d639b5-115385569177632835","Transaction":"206"} | ret=SUCCESS |  
]]></system-out>
  </testcase>
  <testcase name="testAclDeDuplication" classname="org.apache.hadoop.ozone.client.rpc.TestSecureOzoneRpcClient" time="0.023">
    <system-out><![CDATA[2025-10-16 19:47:40,994 [ForkJoinPool-1-worker-1] INFO  rpc.RpcClient (RpcClient.java:createVolume(461)) - Creating Volume: 3088f495-a01e-49e3-b3de-3bd85d5b2d0e, with runner as owner and space quota set to -1 bytes, counts quota set to -1
2025-10-16 19:47:40,997 [om1-OMStateMachineApplyTransactionThread - 0] INFO  volume.OMVolumeCreateRequest (OMVolumeCreateRequest.java:validateAndUpdateCache(213)) - created volume:3088f495-a01e-49e3-b3de-3bd85d5b2d0e for user:runner
2025-10-16 19:47:40,997 | INFO  | OMAudit | user=runner | ip=127.0.0.1 | op=CREATE_VOLUME {"admin":"runner","owner":"runner","volume":"3088f495-a01e-49e3-b3de-3bd85d5b2d0e","creationTime":"1760644060995","modificationTime":"1760644060995","quotaInBytes":"-1","quotaInNamespace":"-1","usedNamespace":"0","objectID":"-9223372036854722816","updateID":"207","Transaction":"207"} | ret=SUCCESS |  
2025-10-16 19:47:40,998 | INFO  | OMAudit | user=runner | ip=127.0.0.1 | op=READ_VOLUME {"volume":"3088f495-a01e-49e3-b3de-3bd85d5b2d0e"} | ret=SUCCESS |  
2025-10-16 19:47:41,000 [ForkJoinPool-1-worker-1] INFO  rpc.RpcClient (RpcClient.java:createBucket(686)) - Creating Bucket: 3088f495-a01e-49e3-b3de-3bd85d5b2d0e/0cc9f48b-640c-4b7a-8018-cffba7e7469d, with server-side default bucket layout, runner as owner, Versioning false, Storage Type set to DISK and Encryption set to false, Replication Type set to server-side default replication type, Namespace Quota set to -1, Space Quota set to -1 
2025-10-16 19:47:41,002 [om1-OMStateMachineApplyTransactionThread - 0] INFO  bucket.OMBucketCreateRequest (OMBucketCreateRequest.java:validateAndUpdateCache(303)) - created bucket: 0cc9f48b-640c-4b7a-8018-cffba7e7469d of layout FILE_SYSTEM_OPTIMIZED in volume: 3088f495-a01e-49e3-b3de-3bd85d5b2d0e
2025-10-16 19:47:41,002 | INFO  | OMAudit | user=runner | ip=127.0.0.1 | op=CREATE_BUCKET {"volume":"3088f495-a01e-49e3-b3de-3bd85d5b2d0e","bucket":"0cc9f48b-640c-4b7a-8018-cffba7e7469d","bucketLayout":"FILE_SYSTEM_OPTIMIZED","gdprEnabled":null,"acls":"[user:runner:a[ACCESS], group:runner:rl[ACCESS], user:test:r[ACCESS]]","isVersionEnabled":"false","storageType":"DISK","creationTime":"1760644061001","bucketEncryptionKey":null,"modificationTime":"1760644061001","usedBytes":"0","usedNamespace":"0","snapshotUsedBytes":"0","snapshotUsedNamespace":"0","owner":"runner","replicationType":null,"replicationConfig":null,"quotaInBytes":"-1","quotaInNamespace":"-1","Transaction":"208"} | ret=SUCCESS |  
2025-10-16 19:47:41,003 | INFO  | OMAudit | user=runner | ip=127.0.0.1 | op=READ_BUCKET {"volume":"3088f495-a01e-49e3-b3de-3bd85d5b2d0e","bucket":"0cc9f48b-640c-4b7a-8018-cffba7e7469d"} | ret=SUCCESS |  
2025-10-16 19:47:41,008 | INFO  | OMAudit | user=runner | ip=127.0.0.1 | op=GET_ACL {"resourceType":"bucket","storageType":"ozone","volume":"3088f495-a01e-49e3-b3de-3bd85d5b2d0e","bucket":"0cc9f48b-640c-4b7a-8018-cffba7e7469d","key":null} | ret=SUCCESS |  
2025-10-16 19:47:41,010 [ForkJoinPool-1-worker-1] INFO  rpc.RpcClient (RpcClient.java:createBucket(686)) - Creating Bucket: 3088f495-a01e-49e3-b3de-3bd85d5b2d0e/link-0cc9f48b-640c-4b7a-8018-cffba7e7469d, with server-side default bucket layout, runner as owner, Versioning false, Storage Type set to DISK and Encryption set to false, Replication Type set to server-side default replication type, Namespace Quota set to -1, Space Quota set to -1 
2025-10-16 19:47:41,012 [om1-OMStateMachineApplyTransactionThread - 0] INFO  bucket.OMBucketCreateRequest (OMBucketCreateRequest.java:validateAndUpdateCache(303)) - created bucket: link-0cc9f48b-640c-4b7a-8018-cffba7e7469d of layout FILE_SYSTEM_OPTIMIZED in volume: 3088f495-a01e-49e3-b3de-3bd85d5b2d0e
2025-10-16 19:47:41,013 | INFO  | OMAudit | user=runner | ip=127.0.0.1 | op=CREATE_BUCKET {"volume":"3088f495-a01e-49e3-b3de-3bd85d5b2d0e","bucket":"link-0cc9f48b-640c-4b7a-8018-cffba7e7469d","bucketLayout":"FILE_SYSTEM_OPTIMIZED","gdprEnabled":null,"acls":"[user:runner:a[ACCESS], group:runner:rl[ACCESS], user:test-link:r[DEFAULT], world:WORLD:rw[ACCESS], user:test:r[ACCESS]]","isVersionEnabled":"false","storageType":"DISK","creationTime":"1760644061011","bucketEncryptionKey":null,"modificationTime":"1760644061011","sourceVolume":"3088f495-a01e-49e3-b3de-3bd85d5b2d0e","sourceBucket":"0cc9f48b-640c-4b7a-8018-cffba7e7469d","usedBytes":"0","usedNamespace":"0","snapshotUsedBytes":"0","snapshotUsedNamespace":"0","owner":"runner","replicationType":null,"replicationConfig":null,"quotaInBytes":"-1","quotaInNamespace":"-1","Transaction":"209"} | ret=SUCCESS |  
2025-10-16 19:47:41,014 | INFO  | OMAudit | user=runner | ip=127.0.0.1 | op=READ_BUCKET {"volume":"3088f495-a01e-49e3-b3de-3bd85d5b2d0e","bucket":"link-0cc9f48b-640c-4b7a-8018-cffba7e7469d"} | ret=SUCCESS |  
2025-10-16 19:47:41,015 | INFO  | OMAudit | user=runner | ip=127.0.0.1 | op=GET_ACL {"resourceType":"bucket","storageType":"ozone","volume":"3088f495-a01e-49e3-b3de-3bd85d5b2d0e","bucket":"link-0cc9f48b-640c-4b7a-8018-cffba7e7469d","key":null} | ret=SUCCESS |  
]]></system-out>
  </testcase>
  <testcase name="testAclsAfterCallingSetBucketProperty" classname="org.apache.hadoop.ozone.client.rpc.TestSecureOzoneRpcClient" time="0.019">
    <system-out><![CDATA[2025-10-16 19:47:41,017 [ForkJoinPool-1-worker-1] INFO  rpc.RpcClient (RpcClient.java:createVolume(461)) - Creating Volume: 00238b6b-58f6-436f-bfb5-bfa497758dea, with runner as owner and space quota set to -1 bytes, counts quota set to -1
2025-10-16 19:47:41,019 [om1-OMStateMachineApplyTransactionThread - 0] INFO  volume.OMVolumeCreateRequest (OMVolumeCreateRequest.java:validateAndUpdateCache(213)) - created volume:00238b6b-58f6-436f-bfb5-bfa497758dea for user:runner
2025-10-16 19:47:41,019 | INFO  | OMAudit | user=runner | ip=127.0.0.1 | op=CREATE_VOLUME {"admin":"runner","owner":"runner","volume":"00238b6b-58f6-436f-bfb5-bfa497758dea","creationTime":"1760644061017","modificationTime":"1760644061017","quotaInBytes":"-1","quotaInNamespace":"-1","usedNamespace":"0","objectID":"-9223372036854722048","updateID":"210","Transaction":"210"} | ret=SUCCESS |  
2025-10-16 19:47:41,020 | INFO  | OMAudit | user=runner | ip=127.0.0.1 | op=READ_VOLUME {"volume":"00238b6b-58f6-436f-bfb5-bfa497758dea"} | ret=SUCCESS |  
2025-10-16 19:47:41,021 [ForkJoinPool-1-worker-1] INFO  rpc.RpcClient (RpcClient.java:createBucket(686)) - Creating Bucket: 00238b6b-58f6-436f-bfb5-bfa497758dea/7d039f24-ba02-49c7-9785-77ed271045b4, with server-side default bucket layout, runner as owner, Versioning false, Storage Type set to DISK and Encryption set to false, Replication Type set to server-side default replication type, Namespace Quota set to -1, Space Quota set to -1 
2025-10-16 19:47:41,022 [om1-OMStateMachineApplyTransactionThread - 0] INFO  bucket.OMBucketCreateRequest (OMBucketCreateRequest.java:validateAndUpdateCache(303)) - created bucket: 7d039f24-ba02-49c7-9785-77ed271045b4 of layout FILE_SYSTEM_OPTIMIZED in volume: 00238b6b-58f6-436f-bfb5-bfa497758dea
2025-10-16 19:47:41,022 | INFO  | OMAudit | user=runner | ip=127.0.0.1 | op=CREATE_BUCKET {"volume":"00238b6b-58f6-436f-bfb5-bfa497758dea","bucket":"7d039f24-ba02-49c7-9785-77ed271045b4","bucketLayout":"FILE_SYSTEM_OPTIMIZED","gdprEnabled":null,"acls":"[user:runner:a[ACCESS], group:runner:rl[ACCESS]]","isVersionEnabled":"false","storageType":"DISK","creationTime":"1760644061021","bucketEncryptionKey":null,"modificationTime":"1760644061021","usedBytes":"0","usedNamespace":"0","snapshotUsedBytes":"0","snapshotUsedNamespace":"0","owner":"runner","replicationType":null,"replicationConfig":null,"quotaInBytes":"-1","quotaInNamespace":"-1","Transaction":"211"} | ret=SUCCESS |  
2025-10-16 19:47:41,023 | INFO  | OMAudit | user=runner | ip=127.0.0.1 | op=READ_BUCKET {"volume":"00238b6b-58f6-436f-bfb5-bfa497758dea","bucket":"7d039f24-ba02-49c7-9785-77ed271045b4"} | ret=SUCCESS |  
2025-10-16 19:47:41,025 | INFO  | OMAudit | user=runner | ip=127.0.0.1 | op=GET_ACL {"resourceType":"bucket","storageType":"ozone","volume":"00238b6b-58f6-436f-bfb5-bfa497758dea","bucket":"7d039f24-ba02-49c7-9785-77ed271045b4","key":null} | ret=SUCCESS |  
2025-10-16 19:47:41,032 | INFO  | OMAudit | user=runner | ip=127.0.0.1 | op=UPDATE_BUCKET {"volume":"00238b6b-58f6-436f-bfb5-bfa497758dea","bucket":"7d039f24-ba02-49c7-9785-77ed271045b4","gdprEnabled":null,"isVersionEnabled":"true","Transaction":"212"} | ret=SUCCESS |  
2025-10-16 19:47:41,033 | INFO  | OMAudit | user=runner | ip=127.0.0.1 | op=READ_BUCKET {"volume":"00238b6b-58f6-436f-bfb5-bfa497758dea","bucket":"7d039f24-ba02-49c7-9785-77ed271045b4"} | ret=SUCCESS |  
2025-10-16 19:47:41,034 | INFO  | OMAudit | user=runner | ip=127.0.0.1 | op=GET_ACL {"resourceType":"bucket","storageType":"ozone","volume":"00238b6b-58f6-436f-bfb5-bfa497758dea","bucket":"7d039f24-ba02-49c7-9785-77ed271045b4","key":null} | ret=SUCCESS |  
]]></system-out>
  </testcase>
  <testcase name="testAddBucketAcl" classname="org.apache.hadoop.ozone.client.rpc.TestSecureOzoneRpcClient" time="0.025">
    <system-out><![CDATA[2025-10-16 19:47:41,036 [ForkJoinPool-1-worker-1] INFO  rpc.RpcClient (RpcClient.java:createVolume(461)) - Creating Volume: 955bdfb5-63e4-4756-be5d-b9ef03287eae, with runner as owner and space quota set to -1 bytes, counts quota set to -1
2025-10-16 19:47:41,039 [om1-OMStateMachineApplyTransactionThread - 0] INFO  volume.OMVolumeCreateRequest (OMVolumeCreateRequest.java:validateAndUpdateCache(213)) - created volume:955bdfb5-63e4-4756-be5d-b9ef03287eae for user:runner
2025-10-16 19:47:41,039 | INFO  | OMAudit | user=runner | ip=127.0.0.1 | op=CREATE_VOLUME {"admin":"runner","owner":"runner","volume":"955bdfb5-63e4-4756-be5d-b9ef03287eae","creationTime":"1760644061037","modificationTime":"1760644061037","quotaInBytes":"-1","quotaInNamespace":"-1","usedNamespace":"0","objectID":"-9223372036854721280","updateID":"213","Transaction":"213"} | ret=SUCCESS |  
2025-10-16 19:47:41,040 | INFO  | OMAudit | user=runner | ip=127.0.0.1 | op=READ_VOLUME {"volume":"955bdfb5-63e4-4756-be5d-b9ef03287eae"} | ret=SUCCESS |  
2025-10-16 19:47:41,041 [ForkJoinPool-1-worker-1] INFO  rpc.RpcClient (RpcClient.java:createBucket(686)) - Creating Bucket: 955bdfb5-63e4-4756-be5d-b9ef03287eae/eef61910-65d9-48d6-a511-696ed311a239, with server-side default bucket layout, runner as owner, Versioning false, Storage Type set to DISK and Encryption set to false, Replication Type set to server-side default replication type, Namespace Quota set to -1, Space Quota set to -1 
2025-10-16 19:47:41,043 [om1-OMStateMachineApplyTransactionThread - 0] INFO  bucket.OMBucketCreateRequest (OMBucketCreateRequest.java:validateAndUpdateCache(303)) - created bucket: eef61910-65d9-48d6-a511-696ed311a239 of layout FILE_SYSTEM_OPTIMIZED in volume: 955bdfb5-63e4-4756-be5d-b9ef03287eae
2025-10-16 19:47:41,043 | INFO  | OMAudit | user=runner | ip=127.0.0.1 | op=CREATE_BUCKET {"volume":"955bdfb5-63e4-4756-be5d-b9ef03287eae","bucket":"eef61910-65d9-48d6-a511-696ed311a239","bucketLayout":"FILE_SYSTEM_OPTIMIZED","gdprEnabled":null,"acls":"[user:runner:a[ACCESS], group:runner:rl[ACCESS]]","isVersionEnabled":"false","storageType":"DISK","creationTime":"1760644061042","bucketEncryptionKey":null,"modificationTime":"1760644061042","usedBytes":"0","usedNamespace":"0","snapshotUsedBytes":"0","snapshotUsedNamespace":"0","owner":"runner","replicationType":null,"replicationConfig":null,"quotaInBytes":"-1","quotaInNamespace":"-1","Transaction":"214"} | ret=SUCCESS |  
2025-10-16 19:47:41,044 | INFO  | OMAudit | user=runner | ip=127.0.0.1 | op=READ_BUCKET {"volume":"955bdfb5-63e4-4756-be5d-b9ef03287eae","bucket":"eef61910-65d9-48d6-a511-696ed311a239"} | ret=SUCCESS |  
2025-10-16 19:47:41,051 | INFO  | OMAudit | user=runner | ip=127.0.0.1 | op=ADD_ACL {"resourceType":"bucket","storageType":"ozone","volume":"955bdfb5-63e4-4756-be5d-b9ef03287eae","bucket":"eef61910-65d9-48d6-a511-696ed311a239","key":null,"acl":"[user:test:a[ACCESS]]","Transaction":"215"} | ret=SUCCESS |  
2025-10-16 19:47:41,052 | INFO  | OMAudit | user=runner | ip=127.0.0.1 | op=READ_BUCKET {"volume":"955bdfb5-63e4-4756-be5d-b9ef03287eae","bucket":"eef61910-65d9-48d6-a511-696ed311a239"} | ret=SUCCESS |  
2025-10-16 19:47:41,053 | INFO  | OMAudit | user=runner | ip=127.0.0.1 | op=GET_ACL {"resourceType":"bucket","storageType":"ozone","volume":"955bdfb5-63e4-4756-be5d-b9ef03287eae","bucket":"eef61910-65d9-48d6-a511-696ed311a239","key":null} | ret=SUCCESS |  
]]></system-out>
  </testcase>
  <testcase name="testBucketQuota(ReplicationConfig)[1]" classname="org.apache.hadoop.ozone.client.rpc.TestSecureOzoneRpcClient" time="6.392">
    <system-out><![CDATA[2025-10-16 19:47:41,065 [ForkJoinPool-1-worker-1] INFO  rpc.RpcClient (RpcClient.java:createVolume(461)) - Creating Volume: 6a2db364-20f3-4048-a57e-ca7354d7c27c, with runner as owner and space quota set to -1 bytes, counts quota set to -1
2025-10-16 19:47:41,067 [om1-OMStateMachineApplyTransactionThread - 0] INFO  volume.OMVolumeCreateRequest (OMVolumeCreateRequest.java:validateAndUpdateCache(213)) - created volume:6a2db364-20f3-4048-a57e-ca7354d7c27c for user:runner
2025-10-16 19:47:41,067 | INFO  | OMAudit | user=runner | ip=127.0.0.1 | op=CREATE_VOLUME {"admin":"runner","owner":"runner","volume":"6a2db364-20f3-4048-a57e-ca7354d7c27c","creationTime":"1760644061066","modificationTime":"1760644061066","quotaInBytes":"-1","quotaInNamespace":"-1","usedNamespace":"0","objectID":"-9223372036854720512","updateID":"216","Transaction":"216"} | ret=SUCCESS |  
2025-10-16 19:47:41,069 | INFO  | OMAudit | user=runner | ip=127.0.0.1 | op=READ_VOLUME {"volume":"6a2db364-20f3-4048-a57e-ca7354d7c27c"} | ret=SUCCESS |  
2025-10-16 19:47:41,069 [ForkJoinPool-1-worker-1] INFO  rpc.RpcClient (RpcClient.java:createBucket(686)) - Creating Bucket: 6a2db364-20f3-4048-a57e-ca7354d7c27c/08747254-4040-4833-818e-987c1d8cd6cd, with server-side default bucket layout, runner as owner, Versioning false, Storage Type set to DISK and Encryption set to false, Replication Type set to server-side default replication type, Namespace Quota set to -1, Space Quota set to -1 
2025-10-16 19:47:41,071 [om1-OMStateMachineApplyTransactionThread - 0] INFO  bucket.OMBucketCreateRequest (OMBucketCreateRequest.java:validateAndUpdateCache(303)) - created bucket: 08747254-4040-4833-818e-987c1d8cd6cd of layout FILE_SYSTEM_OPTIMIZED in volume: 6a2db364-20f3-4048-a57e-ca7354d7c27c
2025-10-16 19:47:41,071 | INFO  | OMAudit | user=runner | ip=127.0.0.1 | op=CREATE_BUCKET {"volume":"6a2db364-20f3-4048-a57e-ca7354d7c27c","bucket":"08747254-4040-4833-818e-987c1d8cd6cd","bucketLayout":"FILE_SYSTEM_OPTIMIZED","gdprEnabled":null,"acls":"[user:runner:a[ACCESS], group:runner:rl[ACCESS]]","isVersionEnabled":"false","storageType":"DISK","creationTime":"1760644061070","bucketEncryptionKey":null,"modificationTime":"1760644061070","usedBytes":"0","usedNamespace":"0","snapshotUsedBytes":"0","snapshotUsedNamespace":"0","owner":"runner","replicationType":null,"replicationConfig":null,"quotaInBytes":"-1","quotaInNamespace":"-1","Transaction":"217"} | ret=SUCCESS |  
2025-10-16 19:47:41,072 | INFO  | OMAudit | user=runner | ip=127.0.0.1 | op=READ_BUCKET {"volume":"6a2db364-20f3-4048-a57e-ca7354d7c27c","bucket":"08747254-4040-4833-818e-987c1d8cd6cd"} | ret=SUCCESS |  
2025-10-16 19:47:41,073 | INFO  | OMAudit | user=runner | ip=127.0.0.1 | op=READ_BUCKET {"volume":"6a2db364-20f3-4048-a57e-ca7354d7c27c","bucket":"08747254-4040-4833-818e-987c1d8cd6cd"} | ret=SUCCESS |  
2025-10-16 19:47:41,074 | INFO  | SCMAudit | user=runner | ip=127.0.0.1 | op=ALLOCATE_BLOCK {"replication":"RATIS/ONE","owner":"omServiceIdDefault","size":"4194304","sampleBlocks":"[conID: 2 locID: 115816896921600066]","num":"1","client":"","allocated":"1"} | ret=SUCCESS |  
2025-10-16 19:47:41,077 | INFO  | OMAudit | user=runner | ip=127.0.0.1 | op=ALLOCATE_KEY {"volume":"6a2db364-20f3-4048-a57e-ca7354d7c27c","bucket":"08747254-4040-4833-818e-987c1d8cd6cd","key":"d6b075cc-109e-47eb-a3f8-03c514e77d64","dataSize":"4194304","replicationType":"RATIS","replicationFactor":"ONE","Transaction":"218"} | ret=SUCCESS |  
2025-10-16 19:47:41,080 | INFO  | OMAudit | user=runner | ip=127.0.0.1 | op=READ_VOLUME {"volume":"6a2db364-20f3-4048-a57e-ca7354d7c27c"} | ret=SUCCESS |  
2025-10-16 19:47:41,081 | INFO  | OMAudit | user=runner | ip=127.0.0.1 | op=READ_BUCKET {"volume":"6a2db364-20f3-4048-a57e-ca7354d7c27c","bucket":"08747254-4040-4833-818e-987c1d8cd6cd"} | ret=SUCCESS |  
2025-10-16 19:47:41,086 | INFO  | OMAudit | user=runner | ip=127.0.0.1 | op=COMMIT_KEY {"volume":"6a2db364-20f3-4048-a57e-ca7354d7c27c","bucket":"08747254-4040-4833-818e-987c1d8cd6cd","key":"d6b075cc-109e-47eb-a3f8-03c514e77d64","dataSize":"0","replicationType":"RATIS","replicationFactor":"ONE","Transaction":"219"} | ret=SUCCESS |  
2025-10-16 19:47:41,089 | INFO  | OMAudit | user=runner | ip=127.0.0.1 | op=READ_VOLUME {"volume":"6a2db364-20f3-4048-a57e-ca7354d7c27c"} | ret=SUCCESS |  
2025-10-16 19:47:41,090 | INFO  | OMAudit | user=runner | ip=127.0.0.1 | op=READ_BUCKET {"volume":"6a2db364-20f3-4048-a57e-ca7354d7c27c","bucket":"08747254-4040-4833-818e-987c1d8cd6cd"} | ret=SUCCESS |  
2025-10-16 19:47:41,092 | INFO  | OMAudit | user=runner | ip=127.0.0.1 | op=READ_BUCKET {"volume":"6a2db364-20f3-4048-a57e-ca7354d7c27c","bucket":"08747254-4040-4833-818e-987c1d8cd6cd"} | ret=SUCCESS |  
2025-10-16 19:47:41,093 | INFO  | SCMAudit | user=runner | ip=127.0.0.1 | op=ALLOCATE_BLOCK {"replication":"RATIS/ONE","owner":"omServiceIdDefault","size":"4194304","sampleBlocks":"[conID: 1 locID: 115816896921600067]","num":"1","client":"","allocated":"1"} | ret=SUCCESS |  
2025-10-16 19:47:41,096 | INFO  | OMAudit | user=runner | ip=127.0.0.1 | op=ALLOCATE_KEY {"volume":"6a2db364-20f3-4048-a57e-ca7354d7c27c","bucket":"08747254-4040-4833-818e-987c1d8cd6cd","key":"d6b075cc-109e-47eb-a3f8-03c514e77d64","dataSize":"4194304","replicationType":"RATIS","replicationFactor":"ONE","Transaction":"220"} | ret=SUCCESS |  
2025-10-16 19:47:41,097 | INFO  | SCMAudit | user=runner | ip=127.0.0.1 | op=SEND_HEARTBEAT {"datanodeUUID":"e33e6ec4-6b66-4281-bedd-2bd75bd30070","term":"2","command":"[]"} | ret=SUCCESS |  
2025-10-16 19:47:41,099 | INFO  | OMAudit | user=runner | ip=127.0.0.1 | op=READ_VOLUME {"volume":"6a2db364-20f3-4048-a57e-ca7354d7c27c"} | ret=SUCCESS |  
2025-10-16 19:47:41,100 | INFO  | OMAudit | user=runner | ip=127.0.0.1 | op=READ_BUCKET {"volume":"6a2db364-20f3-4048-a57e-ca7354d7c27c","bucket":"08747254-4040-4833-818e-987c1d8cd6cd"} | ret=SUCCESS |  
2025-10-16 19:47:41,103 | INFO  | OMAudit | user=runner | ip=127.0.0.1 | op=COMMIT_KEY {"volume":"6a2db364-20f3-4048-a57e-ca7354d7c27c","bucket":"08747254-4040-4833-818e-987c1d8cd6cd","key":"d6b075cc-109e-47eb-a3f8-03c514e77d64","dataSize":"0","replicationType":"RATIS","replicationFactor":"ONE","Transaction":"221"} | ret=SUCCESS |  
2025-10-16 19:47:41,105 | INFO  | OMAudit | user=runner | ip=127.0.0.1 | op=READ_VOLUME {"volume":"6a2db364-20f3-4048-a57e-ca7354d7c27c"} | ret=SUCCESS |  
2025-10-16 19:47:41,106 | INFO  | OMAudit | user=runner | ip=127.0.0.1 | op=READ_BUCKET {"volume":"6a2db364-20f3-4048-a57e-ca7354d7c27c","bucket":"08747254-4040-4833-818e-987c1d8cd6cd"} | ret=SUCCESS |  
2025-10-16 19:47:41,109 | INFO  | OMAudit | user=runner | ip=127.0.0.1 | op=DELETE_KEY {"volume":"6a2db364-20f3-4048-a57e-ca7354d7c27c","bucket":"08747254-4040-4833-818e-987c1d8cd6cd","key":"d6b075cc-109e-47eb-a3f8-03c514e77d64","dataSize":"0","replicationConfig":"RATIS/ONE","Transaction":"222"} | ret=SUCCESS |  
2025-10-16 19:47:41,111 | INFO  | OMAudit | user=runner | ip=127.0.0.1 | op=READ_VOLUME {"volume":"6a2db364-20f3-4048-a57e-ca7354d7c27c"} | ret=SUCCESS |  
2025-10-16 19:47:41,112 | INFO  | OMAudit | user=runner | ip=127.0.0.1 | op=READ_BUCKET {"volume":"6a2db364-20f3-4048-a57e-ca7354d7c27c","bucket":"08747254-4040-4833-818e-987c1d8cd6cd"} | ret=SUCCESS |  
2025-10-16 19:47:41,112 [ForkJoinPool-1-worker-1] INFO  rpc.RpcClient (RpcClient.java:createVolume(461)) - Creating Volume: 4ddb2576-4af6-4583-976f-50008d5209bd, with runner as owner and space quota set to -1 bytes, counts quota set to -1
2025-10-16 19:47:41,114 [om1-OMStateMachineApplyTransactionThread - 0] INFO  volume.OMVolumeCreateRequest (OMVolumeCreateRequest.java:validateAndUpdateCache(213)) - created volume:4ddb2576-4af6-4583-976f-50008d5209bd for user:runner
2025-10-16 19:47:41,114 | INFO  | OMAudit | user=runner | ip=127.0.0.1 | op=CREATE_VOLUME {"admin":"runner","owner":"runner","volume":"4ddb2576-4af6-4583-976f-50008d5209bd","creationTime":"1760644061113","modificationTime":"1760644061113","quotaInBytes":"-1","quotaInNamespace":"-1","usedNamespace":"0","objectID":"-9223372036854718720","updateID":"223","Transaction":"223"} | ret=SUCCESS |  
2025-10-16 19:47:41,115 | INFO  | OMAudit | user=runner | ip=127.0.0.1 | op=READ_VOLUME {"volume":"4ddb2576-4af6-4583-976f-50008d5209bd"} | ret=SUCCESS |  
2025-10-16 19:47:41,116 | INFO  | SCMAudit | user=runner | ip=127.0.0.1 | op=SEND_HEARTBEAT {"datanodeUUID":"0e8b6cc7-9945-4141-97fc-6aa017a0d5fa","term":"2","command":"[]"} | ret=SUCCESS |  
2025-10-16 19:47:41,116 [ForkJoinPool-1-worker-1] INFO  rpc.RpcClient (RpcClient.java:createBucket(686)) - Creating Bucket: 4ddb2576-4af6-4583-976f-50008d5209bd/e95fd547-b0b3-45bf-8f37-9afd3e450912, with server-side default bucket layout, runner as owner, Versioning false, Storage Type set to DISK and Encryption set to false, Replication Type set to server-side default replication type, Namespace Quota set to -1, Space Quota set to -1 
2025-10-16 19:47:41,118 [om1-OMStateMachineApplyTransactionThread - 0] INFO  bucket.OMBucketCreateRequest (OMBucketCreateRequest.java:validateAndUpdateCache(303)) - created bucket: e95fd547-b0b3-45bf-8f37-9afd3e450912 of layout FILE_SYSTEM_OPTIMIZED in volume: 4ddb2576-4af6-4583-976f-50008d5209bd
2025-10-16 19:47:41,118 | INFO  | OMAudit | user=runner | ip=127.0.0.1 | op=CREATE_BUCKET {"volume":"4ddb2576-4af6-4583-976f-50008d5209bd","bucket":"e95fd547-b0b3-45bf-8f37-9afd3e450912","bucketLayout":"FILE_SYSTEM_OPTIMIZED","gdprEnabled":null,"acls":"[user:runner:a[ACCESS], group:runner:rl[ACCESS]]","isVersionEnabled":"false","storageType":"DISK","creationTime":"1760644061117","bucketEncryptionKey":null,"modificationTime":"1760644061117","usedBytes":"0","usedNamespace":"0","snapshotUsedBytes":"0","snapshotUsedNamespace":"0","owner":"runner","replicationType":null,"replicationConfig":null,"quotaInBytes":"-1","quotaInNamespace":"-1","Transaction":"224"} | ret=SUCCESS |  
2025-10-16 19:47:41,121 | INFO  | OMAudit | user=runner | ip=127.0.0.1 | op=READ_BUCKET {"volume":"4ddb2576-4af6-4583-976f-50008d5209bd","bucket":"e95fd547-b0b3-45bf-8f37-9afd3e450912"} | ret=SUCCESS |  
2025-10-16 19:47:41,122 | INFO  | OMAudit | user=runner | ip=127.0.0.1 | op=READ_BUCKET {"volume":"4ddb2576-4af6-4583-976f-50008d5209bd","bucket":"e95fd547-b0b3-45bf-8f37-9afd3e450912"} | ret=SUCCESS |  
2025-10-16 19:47:41,123 | INFO  | SCMAudit | user=runner | ip=127.0.0.1 | op=ALLOCATE_BLOCK {"replication":"RATIS/ONE","owner":"omServiceIdDefault","size":"4194304","sampleBlocks":"[conID: 2 locID: 115816896921600068]","num":"1","client":"","allocated":"1"} | ret=SUCCESS |  
2025-10-16 19:47:41,127 | INFO  | OMAudit | user=runner | ip=127.0.0.1 | op=ALLOCATE_KEY {"volume":"4ddb2576-4af6-4583-976f-50008d5209bd","bucket":"e95fd547-b0b3-45bf-8f37-9afd3e450912","key":"81f2bd3f-8722-41bc-a888-5b145381a37b","dataSize":"1","replicationType":"RATIS","replicationFactor":"ONE","Transaction":"225"} | ret=SUCCESS |  
2025-10-16 19:47:41,129 | INFO  | OMAudit | user=runner | ip=127.0.0.1 | op=READ_VOLUME {"volume":"4ddb2576-4af6-4583-976f-50008d5209bd"} | ret=SUCCESS |  
2025-10-16 19:47:41,130 | INFO  | OMAudit | user=runner | ip=127.0.0.1 | op=READ_BUCKET {"volume":"4ddb2576-4af6-4583-976f-50008d5209bd","bucket":"e95fd547-b0b3-45bf-8f37-9afd3e450912"} | ret=SUCCESS |  
2025-10-16 19:47:41,139 | INFO  | OMAudit | user=runner | ip=127.0.0.1 | op=COMMIT_KEY {"volume":"4ddb2576-4af6-4583-976f-50008d5209bd","bucket":"e95fd547-b0b3-45bf-8f37-9afd3e450912","key":"81f2bd3f-8722-41bc-a888-5b145381a37b","dataSize":"1","replicationType":"RATIS","replicationFactor":"ONE","Transaction":"226"} | ret=SUCCESS |  
2025-10-16 19:47:41,141 | INFO  | OMAudit | user=runner | ip=127.0.0.1 | op=READ_VOLUME {"volume":"4ddb2576-4af6-4583-976f-50008d5209bd"} | ret=SUCCESS |  
2025-10-16 19:47:41,142 | INFO  | OMAudit | user=runner | ip=127.0.0.1 | op=READ_BUCKET {"volume":"4ddb2576-4af6-4583-976f-50008d5209bd","bucket":"e95fd547-b0b3-45bf-8f37-9afd3e450912"} | ret=SUCCESS |  
2025-10-16 19:47:41,143 | INFO  | OMAudit | user=runner | ip=127.0.0.1 | op=READ_BUCKET {"volume":"4ddb2576-4af6-4583-976f-50008d5209bd","bucket":"e95fd547-b0b3-45bf-8f37-9afd3e450912"} | ret=SUCCESS |  
2025-10-16 19:47:41,143 | INFO  | SCMAudit | user=runner | ip=127.0.0.1 | op=ALLOCATE_BLOCK {"replication":"RATIS/ONE","owner":"omServiceIdDefault","size":"4194304","sampleBlocks":"[conID: 1 locID: 115816896921600069]","num":"1","client":"","allocated":"1"} | ret=SUCCESS |  
2025-10-16 19:47:41,146 | INFO  | OMAudit | user=runner | ip=127.0.0.1 | op=ALLOCATE_KEY {"volume":"4ddb2576-4af6-4583-976f-50008d5209bd","bucket":"e95fd547-b0b3-45bf-8f37-9afd3e450912","key":"81f2bd3f-8722-41bc-a888-5b145381a37b","dataSize":"1","replicationType":"RATIS","replicationFactor":"ONE","Transaction":"227"} | ret=SUCCESS |  
2025-10-16 19:47:41,148 | INFO  | OMAudit | user=runner | ip=127.0.0.1 | op=READ_VOLUME {"volume":"4ddb2576-4af6-4583-976f-50008d5209bd"} | ret=SUCCESS |  
2025-10-16 19:47:41,148 | INFO  | OMAudit | user=runner | ip=127.0.0.1 | op=READ_BUCKET {"volume":"4ddb2576-4af6-4583-976f-50008d5209bd","bucket":"e95fd547-b0b3-45bf-8f37-9afd3e450912"} | ret=SUCCESS |  
2025-10-16 19:47:41,154 | INFO  | SCMAudit | user=runner | ip=127.0.0.1 | op=SEND_HEARTBEAT {"datanodeUUID":"0428ab3f-efd5-438e-ae11-9ec242443260","term":"2","command":"[]"} | ret=SUCCESS |  
2025-10-16 19:47:41,158 | INFO  | OMAudit | user=runner | ip=127.0.0.1 | op=COMMIT_KEY {"volume":"4ddb2576-4af6-4583-976f-50008d5209bd","bucket":"e95fd547-b0b3-45bf-8f37-9afd3e450912","key":"81f2bd3f-8722-41bc-a888-5b145381a37b","dataSize":"1","replicationType":"RATIS","replicationFactor":"ONE","Transaction":"228"} | ret=SUCCESS |  
2025-10-16 19:47:41,160 | INFO  | OMAudit | user=runner | ip=127.0.0.1 | op=READ_VOLUME {"volume":"4ddb2576-4af6-4583-976f-50008d5209bd"} | ret=SUCCESS |  
2025-10-16 19:47:41,161 | INFO  | OMAudit | user=runner | ip=127.0.0.1 | op=READ_BUCKET {"volume":"4ddb2576-4af6-4583-976f-50008d5209bd","bucket":"e95fd547-b0b3-45bf-8f37-9afd3e450912"} | ret=SUCCESS |  
2025-10-16 19:47:41,194 | INFO  | SCMAudit | user=runner | ip=127.0.0.1 | op=SEND_HEARTBEAT {"datanodeUUID":"702cb173-5c73-4ecc-b5cd-c7b4a6b66aea","term":"2","command":"[]"} | ret=SUCCESS |  
2025-10-16 19:47:41,209 | INFO  | SCMAudit | user=runner | ip=127.0.0.1 | op=SEND_HEARTBEAT {"datanodeUUID":"76d4ba71-5bbb-4b24-8f51-8bc7f78aaca4","term":"2","command":"[]"} | ret=SUCCESS |  
2025-10-16 19:47:41,221 | INFO  | SCMAudit | user=runner | ip=127.0.0.1 | op=SEND_HEARTBEAT {"datanodeUUID":"8a3c3252-9afe-4d3a-8492-25be6557678a","term":"2","command":"[]"} | ret=SUCCESS |  
2025-10-16 19:47:41,257 | INFO  | SCMAudit | user=runner | ip=127.0.0.1 | op=SEND_HEARTBEAT {"datanodeUUID":"58cff6b7-b2a7-446b-a75a-bb98ad6b11b8","term":"2","command":"[]"} | ret=SUCCESS |  
2025-10-16 19:47:41,360 [om1-KeyDeletingService#8] INFO  service.KeyDeletingService (KeyDeletingService.java:processKeyDeletes(151)) - Send 11 key(s) to SCM, first 10 keys: [PurgedKey{blockGroup=BlockGroup[groupID='/6a2db364-20f3-4048-a57e-ca7354d7c27c/08747254-4040-4833-818e-987c1d8cd6cd/d6b075cc-109e-47eb-a3f8-03c514e77d64/-9223372036854719232/0', blockIDs=[conID: 1 locID: 115816896921600067 bcsId: 0 replicaIndex: null]], volume='6a2db364-20f3-4048-a57e-ca7354d7c27c', bucket='08747254-4040-4833-818e-987c1d8cd6cd', bucketId=-9223372036854720256, purgedBytes=4194304, isCommittedKey=false, deleteKeyName='/6a2db364-20f3-4048-a57e-ca7354d7c27c/08747254-4040-4833-818e-987c1d8cd6cd/d6b075cc-109e-47eb-a3f8-03c514e77d64/-9223372036854719232'}, PurgedKey{blockGroup=BlockGroup[groupID='/f1a46632-95a5-46fd-9977-d3a5fe048579/384c7884-e886-47f4-8f2e-5ab8fef1e847/rewriteKey/-9223372036854728448/0', blockIDs=[conID: 3 locID: 115816896921600062 bcsId: 0 replicaIndex: null]], volume='f1a46632-95a5-46fd-9977-d3a5fe048579', bucket='384c7884-e886-47f4-8f2e-5ab8fef1e847', bucketId=-9223372036854729472, purgedBytes=36, isCommittedKey=true, deleteKeyName='/f1a46632-95a5-46fd-9977-d3a5fe048579/384c7884-e886-47f4-8f2e-5ab8fef1e847/rewriteKey/-9223372036854728448'}, PurgedKey{blockGroup=BlockGroup[groupID='/e65b5774-f7bf-48cf-8618-e8d0987cb1fc/a25da560-8a07-421e-b34d-ce9a688a34c8/rewriteKey/-9223372036854729984/0', blockIDs=[conID: 3 locID: 115816896921600060 bcsId: 0 replicaIndex: null]], volume='e65b5774-f7bf-48cf-8618-e8d0987cb1fc', bucket='a25da560-8a07-421e-b34d-ce9a688a34c8', bucketId=-9223372036854731008, purgedBytes=36, isCommittedKey=true, deleteKeyName='/e65b5774-f7bf-48cf-8618-e8d0987cb1fc/a25da560-8a07-421e-b34d-ce9a688a34c8/rewriteKey/-9223372036854729984'}, PurgedKey{blockGroup=BlockGroup[groupID='/5648a3d4-cdbe-42c7-bf2f-181a854373f3/6820d6e5-5761-4473-a12e-e7d483ebc51d/68113062-f3f2-4ba9-9f04-1eea99f8d631/0199ee90-56c2-75d9-88d0-3ec33dcb69b9-115385569172914240/-9223372036854726655/0', blockIDs=[conID: 3 locID: 115816896921600064 bcsId: 0 replicaIndex: null]], volume='5648a3d4-cdbe-42c7-bf2f-181a854373f3', bucket='6820d6e5-5761-4473-a12e-e7d483ebc51d', bucketId=-9223372036854727168, purgedBytes=4, isCommittedKey=false, deleteKeyName='/5648a3d4-cdbe-42c7-bf2f-181a854373f3/6820d6e5-5761-4473-a12e-e7d483ebc51d/68113062-f3f2-4ba9-9f04-1eea99f8d631/0199ee90-56c2-75d9-88d0-3ec33dcb69b9-115385569172914240/-9223372036854726655'}, PurgedKey{blockGroup=BlockGroup[groupID='/d71fef68-02d0-4e04-8ee0-c48931d0d4f5/11faebb9-bd38-49ec-b954-930112bab495/rewriteKey/-9223372036854731520/0', blockIDs=[conID: 1 locID: 115816896921600058 bcsId: 0 replicaIndex: null]], volume='d71fef68-02d0-4e04-8ee0-c48931d0d4f5', bucket='11faebb9-bd38-49ec-b954-930112bab495', bucketId=-9223372036854732544, purgedBytes=36, isCommittedKey=true, deleteKeyName='/d71fef68-02d0-4e04-8ee0-c48931d0d4f5/11faebb9-bd38-49ec-b954-930112bab495/rewriteKey/-9223372036854731520'}, PurgedKey{blockGroup=BlockGroup[groupID='/4ddb2576-4af6-4583-976f-50008d5209bd/e95fd547-b0b3-45bf-8f37-9afd3e450912/81f2bd3f-8722-41bc-a888-5b145381a37b/-9223372036854717440/0', blockIDs=[conID: 2 locID: 115816896921600068 bcsId: 0 replicaIndex: null]], volume='4ddb2576-4af6-4583-976f-50008d5209bd', bucket='e95fd547-b0b3-45bf-8f37-9afd3e450912', bucketId=-9223372036854718464, purgedBytes=1, isCommittedKey=true, deleteKeyName='/4ddb2576-4af6-4583-976f-50008d5209bd/e95fd547-b0b3-45bf-8f37-9afd3e450912/81f2bd3f-8722-41bc-a888-5b145381a37b/-9223372036854717440'}, PurgedKey{blockGroup=BlockGroup[groupID='/e1a7123d-c454-4d7d-a29b-f0138faf84c4/59fde4e4-6a1c-44c8-94e5-76ae757ac806/rewriteFailsDueToOutdatedGenerationAtCommit/-9223372036854737408/0', blockIDs=[conID: 8 locID: 115816896921600049 bcsId: 0 replicaIndex: null]], volume='e1a7123d-c454-4d7d-a29b-f0138faf84c4', bucket='59fde4e4-6a1c-44c8-94e5-76ae757ac806', bucketId=-9223372036854738944, purgedBytes=36, isCommittedKey=true, deleteKeyName='/e1a7123d-c454-4d7d-a29b-f0138faf84c4/59fde4e4-6a1c-44c8-94e5-76ae757ac806/rewriteFailsDueToOutdatedGenerationAtCommit/-9223372036854737408'}, PurgedKey{blockGroup=BlockGroup[groupID='/0d34b779-1995-4e9e-933a-d20dec5fb191/1de2e700-748e-4b79-8989-2c454292f9ca/rewriteFailsDueToOutdatedGenerationAtCommit/-9223372036854733312/0', blockIDs=[conID: 7 locID: 115816896921600055 bcsId: 0 replicaIndex: null]], volume='0d34b779-1995-4e9e-933a-d20dec5fb191', bucket='1de2e700-748e-4b79-8989-2c454292f9ca', bucketId=-9223372036854734592, purgedBytes=36, isCommittedKey=true, deleteKeyName='/0d34b779-1995-4e9e-933a-d20dec5fb191/1de2e700-748e-4b79-8989-2c454292f9ca/rewriteFailsDueToOutdatedGenerationAtCommit/-9223372036854733312'}, PurgedKey{blockGroup=BlockGroup[groupID='/ce53b3f4-b6d8-4d01-9efb-40abfda321ba/56cb5131-3d1e-4255-8284-d8aa54d423d0/rewriteFailsDueToOutdatedGenerationAtCommit/-9223372036854735360/0', blockIDs=[conID: 5 locID: 115816896921600052 bcsId: 0 replicaIndex: null]], volume='ce53b3f4-b6d8-4d01-9efb-40abfda321ba', bucket='56cb5131-3d1e-4255-8284-d8aa54d423d0', bucketId=-9223372036854736640, purgedBytes=36, isCommittedKey=true, deleteKeyName='/ce53b3f4-b6d8-4d01-9efb-40abfda321ba/56cb5131-3d1e-4255-8284-d8aa54d423d0/rewriteFailsDueToOutdatedGenerationAtCommit/-9223372036854735360'}, PurgedKey{blockGroup=BlockGroup[groupID='/6a2db364-20f3-4048-a57e-ca7354d7c27c/08747254-4040-4833-818e-987c1d8cd6cd/d6b075cc-109e-47eb-a3f8-03c514e77d64/-9223372036854719744/0', blockIDs=[conID: 2 locID: 115816896921600066 bcsId: 0 replicaIndex: null]], volume='6a2db364-20f3-4048-a57e-ca7354d7c27c', bucket='08747254-4040-4833-818e-987c1d8cd6cd', bucketId=-9223372036854720256, purgedBytes=4194304, isCommittedKey=false, deleteKeyName='/6a2db364-20f3-4048-a57e-ca7354d7c27c/08747254-4040-4833-818e-987c1d8cd6cd/d6b075cc-109e-47eb-a3f8-03c514e77d64/-9223372036854719744'}]
2025-10-16 19:47:41,364 | INFO  | SCMAudit | user=runner | ip=127.0.0.1 | op=DELETE_KEY_BLOCK {"KeyBlockToDelete":"[BlockGroup[groupID='/6a2db364-20f3-4048-a57e-ca7354d7c27c/08747254-4040-4833-818e-987c1d8cd6cd/d6b075cc-109e-47eb-a3f8-03c514e77d64/-9223372036854719744/0', blockIDs=[conID: 2 locID: 115816896921600066 bcsId: 0 replicaIndex: null]], BlockGroup[groupID='/f1a46632-95a5-46fd-9977-d3a5fe048579/384c7884-e886-47f4-8f2e-5ab8fef1e847/rewriteKey/-9223372036854728448/0', blockIDs=[conID: 3 locID: 115816896921600062 bcsId: 0 replicaIndex: null]], BlockGroup[groupID='/6a2db364-20f3-4048-a57e-ca7354d7c27c/08747254-4040-4833-818e-987c1d8cd6cd/d6b075cc-109e-47eb-a3f8-03c514e77d64/-9223372036854719232/0', blockIDs=[conID: 1 locID: 115816896921600067 bcsId: 0 replicaIndex: null]], BlockGroup[groupID='/ce53b3f4-b6d8-4d01-9efb-40abfda321ba/56cb5131-3d1e-4255-8284-d8aa54d423d0/rewriteFailsDueToOutdatedGenerationAtCommit/-9223372036854735360/0', blockIDs=[conID: 5 locID: 115816896921600052 bcsId: 0 replicaIndex: null]], BlockGroup[groupID='/0d34b779-1995-4e9e-933a-d20dec5fb191/1de2e700-748e-4b79-8989-2c454292f9ca/rewriteFailsDueToOutdatedGenerationAtCommit/-9223372036854733312/0', blockIDs=[conID: 7 locID: 115816896921600055 bcsId: 0 replicaIndex: null]], BlockGroup[groupID='/e65b5774-f7bf-48cf-8618-e8d0987cb1fc/a25da560-8a07-421e-b34d-ce9a688a34c8/rewriteKey/-9223372036854729984/0', blockIDs=[conID: 3 locID: 115816896921600060 bcsId: 0 replicaIndex: null]], BlockGroup[groupID='/d71fef68-02d0-4e04-8ee0-c48931d0d4f5/11faebb9-bd38-49ec-b954-930112bab495/rewriteKey/-9223372036854731520/0', blockIDs=[conID: 1 locID: 115816896921600058 bcsId: 0 replicaIndex: null]], BlockGroup[groupID='/4ddb2576-4af6-4583-976f-50008d5209bd/e95fd547-b0b3-45bf-8f37-9afd3e450912/81f2bd3f-8722-41bc-a888-5b145381a37b/-9223372036854717440/0', blockIDs=[conID: 2 locID: 115816896921600068 bcsId: 0 replicaIndex: null]], BlockGroup[groupID='/e1a7123d-c454-4d7d-a29b-f0138faf84c4/59fde4e4-6a1c-44c8-94e5-76ae757ac806/rewriteFailsDueToOutdatedGenerationAtCommit/-9223372036854737408/0', blockIDs=[conID: 8 locID: 115816896921600049 bcsId: 0 replicaIndex: null]], BlockGroup[groupID='/5648a3d4-cdbe-42c7-bf2f-181a854373f3/6820d6e5-5761-4473-a12e-e7d483ebc51d/68113062-f3f2-4ba9-9f04-1eea99f8d631/0199ee90-56c2-75d9-88d0-3ec33dcb69b9-115385569172914240/-9223372036854726655/0', blockIDs=[conID: 3 locID: 115816896921600064 bcsId: 0 replicaIndex: null]], BlockGroup[groupID='/944a4351-1325-43fc-8b15-3b3f3070225f/d38290fb-43bf-4b4f-ad8f-8f5d5a1f7726/1a75ace1-69fd-4836-ba49-45d4b56b2449/0199ee90-570a-7fe4-a354-3d5383d639b5-115385569177632835/-9223372036854723839/0', blockIDs=[conID: 5 locID: 115816896921600065 bcsId: 0 replicaIndex: null]]]"} | ret=SUCCESS |  
2025-10-16 19:47:41,365 [om1-KeyDeletingService#8] INFO  service.KeyDeletingService (KeyDeletingService.java:processKeyDeletes(158)) - 11 BlockGroup deletion are acked by SCM in 5 ms
2025-10-16 19:47:41,367 [om1-KeyDeletingService#8] INFO  service.KeyDeletingService (KeyDeletingService.java:processKeyDeletes(166)) - Blocks for 11 (out of 11) keys are deleted from DB in 2 ms. Limit per task is 50000.
2025-10-16 19:47:41,372 | INFO  | SCMAudit | user=runner | ip=127.0.0.1 | op=SEND_HEARTBEAT {"datanodeUUID":"c0724e9c-0dd4-4d47-992c-7bfe285fdd38","term":"2","command":"[]"} | ret=SUCCESS |  
2025-10-16 19:47:41,699 | INFO  | SCMAudit | user=runner | ip=127.0.0.1 | op=SEND_HEARTBEAT {"datanodeUUID":"757ca056-973f-4f05-ab2d-6aff6c54d452","term":"2","command":"[]"} | ret=SUCCESS |  
2025-10-16 19:47:41,769 | INFO  | SCMAudit | user=runner | ip=127.0.0.1 | op=SEND_HEARTBEAT {"datanodeUUID":"8a0fa2ff-b550-4652-b2fe-0cf91cd4a157","term":"2","command":"[]"} | ret=SUCCESS |  
2025-10-16 19:47:41,771 | INFO  | SCMAudit | user=runner | ip=127.0.0.1 | op=SEND_HEARTBEAT {"datanodeUUID":"e072d245-7694-4d97-8e20-c503ebf8c2fe","term":"2","command":"[]"} | ret=SUCCESS |  
2025-10-16 19:47:41,951 | INFO  | SCMAudit | user=runner | ip=127.0.0.1 | op=SEND_HEARTBEAT {"datanodeUUID":"764b18f0-81c5-439a-9fff-25adc4f241fa","term":"2","command":"[]"} | ret=SUCCESS |  
2025-10-16 19:47:41,962 | INFO  | SCMAudit | user=runner | ip=127.0.0.1 | op=SEND_HEARTBEAT {"datanodeUUID":"aa213937-adc5-47da-a770-0ee1e4664344","term":"2","command":"[]"} | ret=SUCCESS |  
2025-10-16 19:47:41,990 | INFO  | SCMAudit | user=runner | ip=127.0.0.1 | op=SEND_HEARTBEAT {"datanodeUUID":"f700af26-0e26-4136-9205-9509c82c8c70","term":"2","command":"[]"} | ret=SUCCESS |  
2025-10-16 19:47:42,096 | INFO  | SCMAudit | user=runner | ip=127.0.0.1 | op=SEND_HEARTBEAT {"datanodeUUID":"e33e6ec4-6b66-4281-bedd-2bd75bd30070","term":"2","command":"[]"} | ret=SUCCESS |  
2025-10-16 19:47:42,115 | INFO  | SCMAudit | user=runner | ip=127.0.0.1 | op=SEND_HEARTBEAT {"datanodeUUID":"0e8b6cc7-9945-4141-97fc-6aa017a0d5fa","term":"2","command":"[]"} | ret=SUCCESS |  
2025-10-16 19:47:42,154 | INFO  | SCMAudit | user=runner | ip=127.0.0.1 | op=SEND_HEARTBEAT {"datanodeUUID":"0428ab3f-efd5-438e-ae11-9ec242443260","term":"2","command":"[]"} | ret=SUCCESS |  
2025-10-16 19:47:42,163 | INFO  | OMAudit | user=runner | ip=127.0.0.1 | op=READ_VOLUME {"volume":"4ddb2576-4af6-4583-976f-50008d5209bd"} | ret=SUCCESS |  
2025-10-16 19:47:42,164 | INFO  | OMAudit | user=runner | ip=127.0.0.1 | op=READ_BUCKET {"volume":"4ddb2576-4af6-4583-976f-50008d5209bd","bucket":"e95fd547-b0b3-45bf-8f37-9afd3e450912"} | ret=SUCCESS |  
2025-10-16 19:47:42,167 | INFO  | OMAudit | user=runner | ip=127.0.0.1 | op=DELETE_KEY {"volume":"4ddb2576-4af6-4583-976f-50008d5209bd","bucket":"e95fd547-b0b3-45bf-8f37-9afd3e450912","key":"81f2bd3f-8722-41bc-a888-5b145381a37b","dataSize":"1","replicationConfig":"RATIS/ONE","Transaction":"230"} | ret=SUCCESS |  
2025-10-16 19:47:42,168 | INFO  | OMAudit | user=runner | ip=127.0.0.1 | op=READ_VOLUME {"volume":"4ddb2576-4af6-4583-976f-50008d5209bd"} | ret=SUCCESS |  
2025-10-16 19:47:42,169 | INFO  | OMAudit | user=runner | ip=127.0.0.1 | op=READ_BUCKET {"volume":"4ddb2576-4af6-4583-976f-50008d5209bd","bucket":"e95fd547-b0b3-45bf-8f37-9afd3e450912"} | ret=SUCCESS |  
2025-10-16 19:47:42,195 | INFO  | SCMAudit | user=runner | ip=127.0.0.1 | op=SEND_HEARTBEAT {"datanodeUUID":"702cb173-5c73-4ecc-b5cd-c7b4a6b66aea","term":"2","command":"[]"} | ret=SUCCESS |  
2025-10-16 19:47:42,209 | INFO  | SCMAudit | user=runner | ip=127.0.0.1 | op=SEND_HEARTBEAT {"datanodeUUID":"76d4ba71-5bbb-4b24-8f51-8bc7f78aaca4","term":"2","command":"[]"} | ret=SUCCESS |  
2025-10-16 19:47:42,222 | INFO  | SCMAudit | user=runner | ip=127.0.0.1 | op=SEND_HEARTBEAT {"datanodeUUID":"8a3c3252-9afe-4d3a-8492-25be6557678a","term":"2","command":"[]"} | ret=SUCCESS |  
2025-10-16 19:47:42,257 | INFO  | SCMAudit | user=runner | ip=127.0.0.1 | op=SEND_HEARTBEAT {"datanodeUUID":"58cff6b7-b2a7-446b-a75a-bb98ad6b11b8","term":"2","command":"[]"} | ret=SUCCESS |  
2025-10-16 19:47:42,359 [om1-KeyDeletingService#9] INFO  service.KeyDeletingService (KeyDeletingService.java:processKeyDeletes(151)) - Send 1 key(s) to SCM, first 1 keys: [PurgedKey{blockGroup=BlockGroup[groupID='/4ddb2576-4af6-4583-976f-50008d5209bd/e95fd547-b0b3-45bf-8f37-9afd3e450912/81f2bd3f-8722-41bc-a888-5b145381a37b/-9223372036854718207/0', blockIDs=[conID: 1 locID: 115816896921600069 bcsId: 0 replicaIndex: null]], volume='4ddb2576-4af6-4583-976f-50008d5209bd', bucket='e95fd547-b0b3-45bf-8f37-9afd3e450912', bucketId=-9223372036854718464, purgedBytes=1, isCommittedKey=true, deleteKeyName='/4ddb2576-4af6-4583-976f-50008d5209bd/e95fd547-b0b3-45bf-8f37-9afd3e450912/81f2bd3f-8722-41bc-a888-5b145381a37b/-9223372036854718207'}]
2025-10-16 19:47:42,361 | INFO  | SCMAudit | user=runner | ip=127.0.0.1 | op=DELETE_KEY_BLOCK {"KeyBlockToDelete":"[BlockGroup[groupID='/4ddb2576-4af6-4583-976f-50008d5209bd/e95fd547-b0b3-45bf-8f37-9afd3e450912/81f2bd3f-8722-41bc-a888-5b145381a37b/-9223372036854718207/0', blockIDs=[conID: 1 locID: 115816896921600069 bcsId: 0 replicaIndex: null]]]"} | ret=SUCCESS |  
2025-10-16 19:47:42,361 [om1-KeyDeletingService#9] INFO  service.KeyDeletingService (KeyDeletingService.java:processKeyDeletes(158)) - 1 BlockGroup deletion are acked by SCM in 2 ms
2025-10-16 19:47:42,363 [om1-KeyDeletingService#9] INFO  service.KeyDeletingService (KeyDeletingService.java:processKeyDeletes(166)) - Blocks for 1 (out of 1) keys are deleted from DB in 1 ms. Limit per task is 50000.
2025-10-16 19:47:42,372 | INFO  | SCMAudit | user=runner | ip=127.0.0.1 | op=SEND_HEARTBEAT {"datanodeUUID":"c0724e9c-0dd4-4d47-992c-7bfe285fdd38","term":"2","command":"[]"} | ret=SUCCESS |  
2025-10-16 19:47:42,699 | INFO  | SCMAudit | user=runner | ip=127.0.0.1 | op=SEND_HEARTBEAT {"datanodeUUID":"757ca056-973f-4f05-ab2d-6aff6c54d452","term":"2","command":"[]"} | ret=SUCCESS |  
2025-10-16 19:47:42,769 | INFO  | SCMAudit | user=runner | ip=127.0.0.1 | op=SEND_HEARTBEAT {"datanodeUUID":"8a0fa2ff-b550-4652-b2fe-0cf91cd4a157","term":"2","command":"[]"} | ret=SUCCESS |  
2025-10-16 19:47:42,772 | INFO  | SCMAudit | user=runner | ip=127.0.0.1 | op=SEND_HEARTBEAT {"datanodeUUID":"e072d245-7694-4d97-8e20-c503ebf8c2fe","term":"2","command":"[]"} | ret=SUCCESS |  
2025-10-16 19:47:42,952 | INFO  | SCMAudit | user=runner | ip=127.0.0.1 | op=SEND_HEARTBEAT {"datanodeUUID":"764b18f0-81c5-439a-9fff-25adc4f241fa","term":"2","command":"[]"} | ret=SUCCESS |  
2025-10-16 19:47:42,962 | INFO  | SCMAudit | user=runner | ip=127.0.0.1 | op=SEND_HEARTBEAT {"datanodeUUID":"aa213937-adc5-47da-a770-0ee1e4664344","term":"2","command":"[]"} | ret=SUCCESS |  
2025-10-16 19:47:42,989 | INFO  | SCMAudit | user=runner | ip=127.0.0.1 | op=SEND_HEARTBEAT {"datanodeUUID":"f700af26-0e26-4136-9205-9509c82c8c70","term":"2","command":"[]"} | ret=SUCCESS |  
2025-10-16 19:47:43,097 | INFO  | SCMAudit | user=runner | ip=127.0.0.1 | op=SEND_HEARTBEAT {"datanodeUUID":"e33e6ec4-6b66-4281-bedd-2bd75bd30070","term":"2","command":"[]"} | ret=SUCCESS |  
2025-10-16 19:47:43,115 | INFO  | SCMAudit | user=runner | ip=127.0.0.1 | op=SEND_HEARTBEAT {"datanodeUUID":"0e8b6cc7-9945-4141-97fc-6aa017a0d5fa","term":"2","command":"[]"} | ret=SUCCESS |  
2025-10-16 19:47:43,154 | INFO  | SCMAudit | user=runner | ip=127.0.0.1 | op=SEND_HEARTBEAT {"datanodeUUID":"0428ab3f-efd5-438e-ae11-9ec242443260","term":"2","command":"[]"} | ret=SUCCESS |  
2025-10-16 19:47:43,171 | INFO  | OMAudit | user=runner | ip=127.0.0.1 | op=READ_VOLUME {"volume":"4ddb2576-4af6-4583-976f-50008d5209bd"} | ret=SUCCESS |  
2025-10-16 19:47:43,172 | INFO  | OMAudit | user=runner | ip=127.0.0.1 | op=READ_BUCKET {"volume":"4ddb2576-4af6-4583-976f-50008d5209bd","bucket":"e95fd547-b0b3-45bf-8f37-9afd3e450912"} | ret=SUCCESS |  
2025-10-16 19:47:43,173 [ForkJoinPool-1-worker-1] INFO  rpc.RpcClient (RpcClient.java:createVolume(461)) - Creating Volume: 93706aa3-e991-49c6-8725-be30bfcbf801, with runner as owner and space quota set to -1 bytes, counts quota set to -1
2025-10-16 19:47:43,175 [om1-OMStateMachineApplyTransactionThread - 0] INFO  volume.OMVolumeCreateRequest (OMVolumeCreateRequest.java:validateAndUpdateCache(213)) - created volume:93706aa3-e991-49c6-8725-be30bfcbf801 for user:runner
2025-10-16 19:47:43,175 | INFO  | OMAudit | user=runner | ip=127.0.0.1 | op=CREATE_VOLUME {"admin":"runner","owner":"runner","volume":"93706aa3-e991-49c6-8725-be30bfcbf801","creationTime":"1760644063174","modificationTime":"1760644063174","quotaInBytes":"-1","quotaInNamespace":"-1","usedNamespace":"0","objectID":"-9223372036854716416","updateID":"232","Transaction":"232"} | ret=SUCCESS |  
2025-10-16 19:47:43,176 | INFO  | OMAudit | user=runner | ip=127.0.0.1 | op=READ_VOLUME {"volume":"93706aa3-e991-49c6-8725-be30bfcbf801"} | ret=SUCCESS |  
2025-10-16 19:47:43,177 [ForkJoinPool-1-worker-1] INFO  rpc.RpcClient (RpcClient.java:createBucket(686)) - Creating Bucket: 93706aa3-e991-49c6-8725-be30bfcbf801/0cd6ceb6-6af2-47dc-8f3c-ed52b82b23f6, with server-side default bucket layout, runner as owner, Versioning false, Storage Type set to DISK and Encryption set to false, Replication Type set to server-side default replication type, Namespace Quota set to -1, Space Quota set to -1 
2025-10-16 19:47:43,179 [om1-OMStateMachineApplyTransactionThread - 0] INFO  bucket.OMBucketCreateRequest (OMBucketCreateRequest.java:validateAndUpdateCache(303)) - created bucket: 0cd6ceb6-6af2-47dc-8f3c-ed52b82b23f6 of layout FILE_SYSTEM_OPTIMIZED in volume: 93706aa3-e991-49c6-8725-be30bfcbf801
2025-10-16 19:47:43,179 | INFO  | OMAudit | user=runner | ip=127.0.0.1 | op=CREATE_BUCKET {"volume":"93706aa3-e991-49c6-8725-be30bfcbf801","bucket":"0cd6ceb6-6af2-47dc-8f3c-ed52b82b23f6","bucketLayout":"FILE_SYSTEM_OPTIMIZED","gdprEnabled":null,"acls":"[user:runner:a[ACCESS], group:runner:rl[ACCESS]]","isVersionEnabled":"false","storageType":"DISK","creationTime":"1760644063178","bucketEncryptionKey":null,"modificationTime":"1760644063178","usedBytes":"0","usedNamespace":"0","snapshotUsedBytes":"0","snapshotUsedNamespace":"0","owner":"runner","replicationType":null,"replicationConfig":null,"quotaInBytes":"-1","quotaInNamespace":"-1","Transaction":"233"} | ret=SUCCESS |  
2025-10-16 19:47:43,180 | INFO  | OMAudit | user=runner | ip=127.0.0.1 | op=READ_BUCKET {"volume":"93706aa3-e991-49c6-8725-be30bfcbf801","bucket":"0cd6ceb6-6af2-47dc-8f3c-ed52b82b23f6"} | ret=SUCCESS |  
2025-10-16 19:47:43,199 | INFO  | SCMAudit | user=runner | ip=127.0.0.1 | op=SEND_HEARTBEAT {"datanodeUUID":"702cb173-5c73-4ecc-b5cd-c7b4a6b66aea","term":"2","command":"[]"} | ret=SUCCESS |  
2025-10-16 19:47:43,200 | INFO  | OMAudit | user=runner | ip=127.0.0.1 | op=READ_BUCKET {"volume":"93706aa3-e991-49c6-8725-be30bfcbf801","bucket":"0cd6ceb6-6af2-47dc-8f3c-ed52b82b23f6"} | ret=SUCCESS |  
2025-10-16 19:47:43,202 | INFO  | SCMAudit | user=runner | ip=127.0.0.1 | op=ALLOCATE_BLOCK {"replication":"RATIS/ONE","owner":"omServiceIdDefault","size":"4194304","sampleBlocks":"[conID: 6 locID: 115816896921600070]","num":"1","client":"","allocated":"1"} | ret=SUCCESS |  
2025-10-16 19:47:43,210 | INFO  | OMAudit | user=runner | ip=127.0.0.1 | op=ALLOCATE_KEY {"volume":"93706aa3-e991-49c6-8725-be30bfcbf801","bucket":"0cd6ceb6-6af2-47dc-8f3c-ed52b82b23f6","key":"502e3508-7d3d-4480-8c4a-1fb94c7ab19d","dataSize":"4194304","replicationType":"RATIS","replicationFactor":"ONE","Transaction":"234"} | ret=SUCCESS |  
2025-10-16 19:47:43,210 | INFO  | SCMAudit | user=runner | ip=127.0.0.1 | op=SEND_HEARTBEAT {"datanodeUUID":"76d4ba71-5bbb-4b24-8f51-8bc7f78aaca4","term":"2","command":"[]"} | ret=SUCCESS |  
2025-10-16 19:47:43,214 | INFO  | OMAudit | user=runner | ip=127.0.0.1 | op=READ_VOLUME {"volume":"93706aa3-e991-49c6-8725-be30bfcbf801"} | ret=SUCCESS |  
2025-10-16 19:47:43,216 | INFO  | OMAudit | user=runner | ip=127.0.0.1 | op=READ_BUCKET {"volume":"93706aa3-e991-49c6-8725-be30bfcbf801","bucket":"0cd6ceb6-6af2-47dc-8f3c-ed52b82b23f6"} | ret=SUCCESS |  
2025-10-16 19:47:43,224 | INFO  | SCMAudit | user=runner | ip=127.0.0.1 | op=SEND_HEARTBEAT {"datanodeUUID":"8a3c3252-9afe-4d3a-8492-25be6557678a","term":"2","command":"[]"} | ret=SUCCESS |  
2025-10-16 19:47:43,260 | INFO  | SCMAudit | user=runner | ip=127.0.0.1 | op=SEND_HEARTBEAT {"datanodeUUID":"58cff6b7-b2a7-446b-a75a-bb98ad6b11b8","term":"2","command":"[]"} | ret=SUCCESS |  
2025-10-16 19:47:43,271 | INFO  | OMAudit | user=runner | ip=127.0.0.1 | op=COMMIT_KEY {"volume":"93706aa3-e991-49c6-8725-be30bfcbf801","bucket":"0cd6ceb6-6af2-47dc-8f3c-ed52b82b23f6","key":"502e3508-7d3d-4480-8c4a-1fb94c7ab19d","dataSize":"4194304","replicationType":"RATIS","replicationFactor":"ONE","Transaction":"235"} | ret=SUCCESS |  
2025-10-16 19:47:43,273 | INFO  | OMAudit | user=runner | ip=127.0.0.1 | op=READ_VOLUME {"volume":"93706aa3-e991-49c6-8725-be30bfcbf801"} | ret=SUCCESS |  
2025-10-16 19:47:43,274 | INFO  | OMAudit | user=runner | ip=127.0.0.1 | op=READ_BUCKET {"volume":"93706aa3-e991-49c6-8725-be30bfcbf801","bucket":"0cd6ceb6-6af2-47dc-8f3c-ed52b82b23f6"} | ret=SUCCESS |  
2025-10-16 19:47:43,276 | INFO  | OMAudit | user=runner | ip=127.0.0.1 | op=READ_BUCKET {"volume":"93706aa3-e991-49c6-8725-be30bfcbf801","bucket":"0cd6ceb6-6af2-47dc-8f3c-ed52b82b23f6"} | ret=SUCCESS |  
2025-10-16 19:47:43,277 | INFO  | SCMAudit | user=runner | ip=127.0.0.1 | op=ALLOCATE_BLOCK {"replication":"RATIS/ONE","owner":"omServiceIdDefault","size":"4194304","sampleBlocks":"[conID: 13 locID: 115816896921600071]","num":"1","client":"","allocated":"1"} | ret=SUCCESS |  
2025-10-16 19:47:43,280 | INFO  | OMAudit | user=runner | ip=127.0.0.1 | op=ALLOCATE_KEY {"volume":"93706aa3-e991-49c6-8725-be30bfcbf801","bucket":"0cd6ceb6-6af2-47dc-8f3c-ed52b82b23f6","key":"502e3508-7d3d-4480-8c4a-1fb94c7ab19d","dataSize":"4194304","replicationType":"RATIS","replicationFactor":"ONE","Transaction":"236"} | ret=SUCCESS |  
2025-10-16 19:47:43,282 | INFO  | OMAudit | user=runner | ip=127.0.0.1 | op=READ_VOLUME {"volume":"93706aa3-e991-49c6-8725-be30bfcbf801"} | ret=SUCCESS |  
2025-10-16 19:47:43,283 | INFO  | OMAudit | user=runner | ip=127.0.0.1 | op=READ_BUCKET {"volume":"93706aa3-e991-49c6-8725-be30bfcbf801","bucket":"0cd6ceb6-6af2-47dc-8f3c-ed52b82b23f6"} | ret=SUCCESS |  
2025-10-16 19:47:43,322 | INFO  | OMAudit | user=runner | ip=127.0.0.1 | op=COMMIT_KEY {"volume":"93706aa3-e991-49c6-8725-be30bfcbf801","bucket":"0cd6ceb6-6af2-47dc-8f3c-ed52b82b23f6","key":"502e3508-7d3d-4480-8c4a-1fb94c7ab19d","dataSize":"4194304","replicationType":"RATIS","replicationFactor":"ONE","Transaction":"237"} | ret=SUCCESS |  
2025-10-16 19:47:43,325 | INFO  | OMAudit | user=runner | ip=127.0.0.1 | op=READ_VOLUME {"volume":"93706aa3-e991-49c6-8725-be30bfcbf801"} | ret=SUCCESS |  
2025-10-16 19:47:43,327 | INFO  | OMAudit | user=runner | ip=127.0.0.1 | op=READ_BUCKET {"volume":"93706aa3-e991-49c6-8725-be30bfcbf801","bucket":"0cd6ceb6-6af2-47dc-8f3c-ed52b82b23f6"} | ret=SUCCESS |  
2025-10-16 19:47:43,362 [om1-KeyDeletingService#6] INFO  service.KeyDeletingService (KeyDeletingService.java:processKeyDeletes(151)) - Send 1 key(s) to SCM, first 1 keys: [PurgedKey{blockGroup=BlockGroup[groupID='/93706aa3-e991-49c6-8725-be30bfcbf801/0cd6ceb6-6af2-47dc-8f3c-ed52b82b23f6/502e3508-7d3d-4480-8c4a-1fb94c7ab19d/-9223372036854715136/0', blockIDs=[conID: 6 locID: 115816896921600070 bcsId: 0 replicaIndex: null]], volume='93706aa3-e991-49c6-8725-be30bfcbf801', bucket='0cd6ceb6-6af2-47dc-8f3c-ed52b82b23f6', bucketId=-9223372036854716160, purgedBytes=4194304, isCommittedKey=true, deleteKeyName='/93706aa3-e991-49c6-8725-be30bfcbf801/0cd6ceb6-6af2-47dc-8f3c-ed52b82b23f6/502e3508-7d3d-4480-8c4a-1fb94c7ab19d/-9223372036854715136'}]
2025-10-16 19:47:43,368 | INFO  | SCMAudit | user=runner | ip=127.0.0.1 | op=DELETE_KEY_BLOCK {"KeyBlockToDelete":"[BlockGroup[groupID='/93706aa3-e991-49c6-8725-be30bfcbf801/0cd6ceb6-6af2-47dc-8f3c-ed52b82b23f6/502e3508-7d3d-4480-8c4a-1fb94c7ab19d/-9223372036854715136/0', blockIDs=[conID: 6 locID: 115816896921600070 bcsId: 0 replicaIndex: null]]]"} | ret=SUCCESS |  
2025-10-16 19:47:43,369 [om1-KeyDeletingService#6] INFO  service.KeyDeletingService (KeyDeletingService.java:processKeyDeletes(158)) - 1 BlockGroup deletion are acked by SCM in 7 ms
2025-10-16 19:47:43,376 | INFO  | SCMAudit | user=runner | ip=127.0.0.1 | op=SEND_HEARTBEAT {"datanodeUUID":"c0724e9c-0dd4-4d47-992c-7bfe285fdd38","term":"2","command":"[]"} | ret=SUCCESS |  
2025-10-16 19:47:43,377 [om1-KeyDeletingService#6] INFO  service.KeyDeletingService (KeyDeletingService.java:processKeyDeletes(166)) - Blocks for 1 (out of 1) keys are deleted from DB in 8 ms. Limit per task is 50000.
2025-10-16 19:47:43,698 | INFO  | SCMAudit | user=runner | ip=127.0.0.1 | op=SEND_HEARTBEAT {"datanodeUUID":"757ca056-973f-4f05-ab2d-6aff6c54d452","term":"2","command":"[]"} | ret=SUCCESS |  
2025-10-16 19:47:43,768 | INFO  | SCMAudit | user=runner | ip=127.0.0.1 | op=SEND_HEARTBEAT {"datanodeUUID":"8a0fa2ff-b550-4652-b2fe-0cf91cd4a157","term":"2","command":"[]"} | ret=SUCCESS |  
2025-10-16 19:47:43,772 | INFO  | SCMAudit | user=runner | ip=127.0.0.1 | op=SEND_HEARTBEAT {"datanodeUUID":"e072d245-7694-4d97-8e20-c503ebf8c2fe","term":"2","command":"[]"} | ret=SUCCESS |  
2025-10-16 19:47:43,952 | INFO  | SCMAudit | user=runner | ip=127.0.0.1 | op=SEND_HEARTBEAT {"datanodeUUID":"764b18f0-81c5-439a-9fff-25adc4f241fa","term":"2","command":"[]"} | ret=SUCCESS |  
2025-10-16 19:47:43,961 | INFO  | SCMAudit | user=runner | ip=127.0.0.1 | op=SEND_HEARTBEAT {"datanodeUUID":"aa213937-adc5-47da-a770-0ee1e4664344","term":"2","command":"[]"} | ret=SUCCESS |  
2025-10-16 19:47:43,990 | INFO  | SCMAudit | user=runner | ip=127.0.0.1 | op=SEND_HEARTBEAT {"datanodeUUID":"f700af26-0e26-4136-9205-9509c82c8c70","term":"2","command":"[]"} | ret=SUCCESS |  
2025-10-16 19:47:44,096 | INFO  | SCMAudit | user=runner | ip=127.0.0.1 | op=SEND_HEARTBEAT {"datanodeUUID":"e33e6ec4-6b66-4281-bedd-2bd75bd30070","term":"2","command":"[]"} | ret=SUCCESS |  
2025-10-16 19:47:44,116 | INFO  | SCMAudit | user=runner | ip=127.0.0.1 | op=SEND_HEARTBEAT {"datanodeUUID":"0e8b6cc7-9945-4141-97fc-6aa017a0d5fa","term":"2","command":"[]"} | ret=SUCCESS |  
2025-10-16 19:47:44,153 | INFO  | SCMAudit | user=runner | ip=127.0.0.1 | op=SEND_HEARTBEAT {"datanodeUUID":"0428ab3f-efd5-438e-ae11-9ec242443260","term":"2","command":"[]"} | ret=SUCCESS |  
2025-10-16 19:47:44,198 | INFO  | SCMAudit | user=runner | ip=127.0.0.1 | op=SEND_HEARTBEAT {"datanodeUUID":"702cb173-5c73-4ecc-b5cd-c7b4a6b66aea","term":"2","command":"[]"} | ret=SUCCESS |  
2025-10-16 19:47:44,209 | INFO  | SCMAudit | user=runner | ip=127.0.0.1 | op=SEND_HEARTBEAT {"datanodeUUID":"76d4ba71-5bbb-4b24-8f51-8bc7f78aaca4","term":"2","command":"[]"} | ret=SUCCESS |  
2025-10-16 19:47:44,222 | INFO  | SCMAudit | user=runner | ip=127.0.0.1 | op=SEND_HEARTBEAT {"datanodeUUID":"8a3c3252-9afe-4d3a-8492-25be6557678a","term":"2","command":"[]"} | ret=SUCCESS |  
2025-10-16 19:47:44,259 | INFO  | SCMAudit | user=runner | ip=127.0.0.1 | op=SEND_HEARTBEAT {"datanodeUUID":"58cff6b7-b2a7-446b-a75a-bb98ad6b11b8","term":"2","command":"[]"} | ret=SUCCESS |  
2025-10-16 19:47:44,329 | INFO  | OMAudit | user=runner | ip=127.0.0.1 | op=READ_VOLUME {"volume":"93706aa3-e991-49c6-8725-be30bfcbf801"} | ret=SUCCESS |  
2025-10-16 19:47:44,331 | INFO  | OMAudit | user=runner | ip=127.0.0.1 | op=READ_BUCKET {"volume":"93706aa3-e991-49c6-8725-be30bfcbf801","bucket":"0cd6ceb6-6af2-47dc-8f3c-ed52b82b23f6"} | ret=SUCCESS |  
2025-10-16 19:47:44,334 | INFO  | OMAudit | user=runner | ip=127.0.0.1 | op=DELETE_KEY {"volume":"93706aa3-e991-49c6-8725-be30bfcbf801","bucket":"0cd6ceb6-6af2-47dc-8f3c-ed52b82b23f6","key":"502e3508-7d3d-4480-8c4a-1fb94c7ab19d","dataSize":"4194304","replicationConfig":"RATIS/ONE","Transaction":"239"} | ret=SUCCESS |  
2025-10-16 19:47:44,336 | INFO  | OMAudit | user=runner | ip=127.0.0.1 | op=READ_VOLUME {"volume":"93706aa3-e991-49c6-8725-be30bfcbf801"} | ret=SUCCESS |  
2025-10-16 19:47:44,336 | INFO  | OMAudit | user=runner | ip=127.0.0.1 | op=READ_BUCKET {"volume":"93706aa3-e991-49c6-8725-be30bfcbf801","bucket":"0cd6ceb6-6af2-47dc-8f3c-ed52b82b23f6"} | ret=SUCCESS |  
2025-10-16 19:47:44,359 [om1-KeyDeletingService#3] INFO  service.KeyDeletingService (KeyDeletingService.java:processKeyDeletes(151)) - Send 1 key(s) to SCM, first 1 keys: [PurgedKey{blockGroup=BlockGroup[groupID='/93706aa3-e991-49c6-8725-be30bfcbf801/0cd6ceb6-6af2-47dc-8f3c-ed52b82b23f6/502e3508-7d3d-4480-8c4a-1fb94c7ab19d/-9223372036854715903/0', blockIDs=[conID: 13 locID: 115816896921600071 bcsId: 0 replicaIndex: null]], volume='93706aa3-e991-49c6-8725-be30bfcbf801', bucket='0cd6ceb6-6af2-47dc-8f3c-ed52b82b23f6', bucketId=-9223372036854716160, purgedBytes=4194304, isCommittedKey=true, deleteKeyName='/93706aa3-e991-49c6-8725-be30bfcbf801/0cd6ceb6-6af2-47dc-8f3c-ed52b82b23f6/502e3508-7d3d-4480-8c4a-1fb94c7ab19d/-9223372036854715903'}]
2025-10-16 19:47:44,362 | INFO  | SCMAudit | user=runner | ip=127.0.0.1 | op=DELETE_KEY_BLOCK {"KeyBlockToDelete":"[BlockGroup[groupID='/93706aa3-e991-49c6-8725-be30bfcbf801/0cd6ceb6-6af2-47dc-8f3c-ed52b82b23f6/502e3508-7d3d-4480-8c4a-1fb94c7ab19d/-9223372036854715903/0', blockIDs=[conID: 13 locID: 115816896921600071 bcsId: 0 replicaIndex: null]]]"} | ret=SUCCESS |  
2025-10-16 19:47:44,362 [om1-KeyDeletingService#3] INFO  service.KeyDeletingService (KeyDeletingService.java:processKeyDeletes(158)) - 1 BlockGroup deletion are acked by SCM in 3 ms
2025-10-16 19:47:44,364 [om1-KeyDeletingService#3] INFO  service.KeyDeletingService (KeyDeletingService.java:processKeyDeletes(166)) - Blocks for 1 (out of 1) keys are deleted from DB in 2 ms. Limit per task is 50000.
2025-10-16 19:47:44,373 | INFO  | SCMAudit | user=runner | ip=127.0.0.1 | op=SEND_HEARTBEAT {"datanodeUUID":"c0724e9c-0dd4-4d47-992c-7bfe285fdd38","term":"2","command":"[]"} | ret=SUCCESS |  
2025-10-16 19:47:44,699 | INFO  | SCMAudit | user=runner | ip=127.0.0.1 | op=SEND_HEARTBEAT {"datanodeUUID":"757ca056-973f-4f05-ab2d-6aff6c54d452","term":"2","command":"[]"} | ret=SUCCESS |  
2025-10-16 19:47:44,769 | INFO  | SCMAudit | user=runner | ip=127.0.0.1 | op=SEND_HEARTBEAT {"datanodeUUID":"8a0fa2ff-b550-4652-b2fe-0cf91cd4a157","term":"2","command":"[]"} | ret=SUCCESS |  
2025-10-16 19:47:44,771 | INFO  | SCMAudit | user=runner | ip=127.0.0.1 | op=SEND_HEARTBEAT {"datanodeUUID":"e072d245-7694-4d97-8e20-c503ebf8c2fe","term":"2","command":"[]"} | ret=SUCCESS |  
2025-10-16 19:47:44,952 | INFO  | SCMAudit | user=runner | ip=127.0.0.1 | op=SEND_HEARTBEAT {"datanodeUUID":"764b18f0-81c5-439a-9fff-25adc4f241fa","term":"2","command":"[]"} | ret=SUCCESS |  
2025-10-16 19:47:44,962 | INFO  | SCMAudit | user=runner | ip=127.0.0.1 | op=SEND_HEARTBEAT {"datanodeUUID":"aa213937-adc5-47da-a770-0ee1e4664344","term":"2","command":"[]"} | ret=SUCCESS |  
2025-10-16 19:47:44,990 | INFO  | SCMAudit | user=runner | ip=127.0.0.1 | op=SEND_HEARTBEAT {"datanodeUUID":"f700af26-0e26-4136-9205-9509c82c8c70","term":"2","command":"[]"} | ret=SUCCESS |  
2025-10-16 19:47:45,097 | INFO  | SCMAudit | user=runner | ip=127.0.0.1 | op=SEND_HEARTBEAT {"datanodeUUID":"e33e6ec4-6b66-4281-bedd-2bd75bd30070","term":"2","command":"[]"} | ret=SUCCESS |  
2025-10-16 19:47:45,116 | INFO  | SCMAudit | user=runner | ip=127.0.0.1 | op=SEND_HEARTBEAT {"datanodeUUID":"0e8b6cc7-9945-4141-97fc-6aa017a0d5fa","term":"2","command":"[]"} | ret=SUCCESS |  
2025-10-16 19:47:45,154 | INFO  | SCMAudit | user=runner | ip=127.0.0.1 | op=SEND_HEARTBEAT {"datanodeUUID":"0428ab3f-efd5-438e-ae11-9ec242443260","term":"2","command":"[]"} | ret=SUCCESS |  
2025-10-16 19:47:45,198 | INFO  | SCMAudit | user=runner | ip=127.0.0.1 | op=SEND_HEARTBEAT {"datanodeUUID":"702cb173-5c73-4ecc-b5cd-c7b4a6b66aea","term":"2","command":"[]"} | ret=SUCCESS |  
2025-10-16 19:47:45,209 | INFO  | SCMAudit | user=runner | ip=127.0.0.1 | op=SEND_HEARTBEAT {"datanodeUUID":"76d4ba71-5bbb-4b24-8f51-8bc7f78aaca4","term":"2","command":"[]"} | ret=SUCCESS |  
2025-10-16 19:47:45,222 | INFO  | SCMAudit | user=runner | ip=127.0.0.1 | op=SEND_HEARTBEAT {"datanodeUUID":"8a3c3252-9afe-4d3a-8492-25be6557678a","term":"2","command":"[]"} | ret=SUCCESS |  
2025-10-16 19:47:45,259 | INFO  | SCMAudit | user=runner | ip=127.0.0.1 | op=SEND_HEARTBEAT {"datanodeUUID":"58cff6b7-b2a7-446b-a75a-bb98ad6b11b8","term":"2","command":"[]"} | ret=SUCCESS |  
2025-10-16 19:47:45,338 | INFO  | OMAudit | user=runner | ip=127.0.0.1 | op=READ_VOLUME {"volume":"93706aa3-e991-49c6-8725-be30bfcbf801"} | ret=SUCCESS |  
2025-10-16 19:47:45,339 | INFO  | OMAudit | user=runner | ip=127.0.0.1 | op=READ_BUCKET {"volume":"93706aa3-e991-49c6-8725-be30bfcbf801","bucket":"0cd6ceb6-6af2-47dc-8f3c-ed52b82b23f6"} | ret=SUCCESS |  
2025-10-16 19:47:45,340 [ForkJoinPool-1-worker-1] INFO  rpc.RpcClient (RpcClient.java:createVolume(461)) - Creating Volume: 76fee251-801b-4027-ab9a-029ede015892, with runner as owner and space quota set to -1 bytes, counts quota set to -1
2025-10-16 19:47:45,342 [om1-OMStateMachineApplyTransactionThread - 0] INFO  volume.OMVolumeCreateRequest (OMVolumeCreateRequest.java:validateAndUpdateCache(213)) - created volume:76fee251-801b-4027-ab9a-029ede015892 for user:runner
2025-10-16 19:47:45,342 | INFO  | OMAudit | user=runner | ip=127.0.0.1 | op=CREATE_VOLUME {"admin":"runner","owner":"runner","volume":"76fee251-801b-4027-ab9a-029ede015892","creationTime":"1760644065340","modificationTime":"1760644065340","quotaInBytes":"-1","quotaInNamespace":"-1","usedNamespace":"0","objectID":"-9223372036854714112","updateID":"241","Transaction":"241"} | ret=SUCCESS |  
2025-10-16 19:47:45,343 | INFO  | OMAudit | user=runner | ip=127.0.0.1 | op=READ_VOLUME {"volume":"76fee251-801b-4027-ab9a-029ede015892"} | ret=SUCCESS |  
2025-10-16 19:47:45,344 [ForkJoinPool-1-worker-1] INFO  rpc.RpcClient (RpcClient.java:createBucket(686)) - Creating Bucket: 76fee251-801b-4027-ab9a-029ede015892/62e5ec3d-a188-4597-9ebf-dcfdef61bdba, with server-side default bucket layout, runner as owner, Versioning false, Storage Type set to DISK and Encryption set to false, Replication Type set to server-side default replication type, Namespace Quota set to -1, Space Quota set to -1 
2025-10-16 19:47:45,346 [om1-OMStateMachineApplyTransactionThread - 0] INFO  bucket.OMBucketCreateRequest (OMBucketCreateRequest.java:validateAndUpdateCache(303)) - created bucket: 62e5ec3d-a188-4597-9ebf-dcfdef61bdba of layout FILE_SYSTEM_OPTIMIZED in volume: 76fee251-801b-4027-ab9a-029ede015892
2025-10-16 19:47:45,346 | INFO  | OMAudit | user=runner | ip=127.0.0.1 | op=CREATE_BUCKET {"volume":"76fee251-801b-4027-ab9a-029ede015892","bucket":"62e5ec3d-a188-4597-9ebf-dcfdef61bdba","bucketLayout":"FILE_SYSTEM_OPTIMIZED","gdprEnabled":null,"acls":"[user:runner:a[ACCESS], group:runner:rl[ACCESS]]","isVersionEnabled":"false","storageType":"DISK","creationTime":"1760644065345","bucketEncryptionKey":null,"modificationTime":"1760644065345","usedBytes":"0","usedNamespace":"0","snapshotUsedBytes":"0","snapshotUsedNamespace":"0","owner":"runner","replicationType":null,"replicationConfig":null,"quotaInBytes":"-1","quotaInNamespace":"-1","Transaction":"242"} | ret=SUCCESS |  
2025-10-16 19:47:45,347 | INFO  | OMAudit | user=runner | ip=127.0.0.1 | op=READ_BUCKET {"volume":"76fee251-801b-4027-ab9a-029ede015892","bucket":"62e5ec3d-a188-4597-9ebf-dcfdef61bdba"} | ret=SUCCESS |  
2025-10-16 19:47:45,348 | INFO  | OMAudit | user=runner | ip=127.0.0.1 | op=READ_BUCKET {"volume":"76fee251-801b-4027-ab9a-029ede015892","bucket":"62e5ec3d-a188-4597-9ebf-dcfdef61bdba"} | ret=SUCCESS |  
2025-10-16 19:47:45,349 | INFO  | SCMAudit | user=runner | ip=127.0.0.1 | op=ALLOCATE_BLOCK {"replication":"RATIS/ONE","owner":"omServiceIdDefault","size":"4194304","sampleBlocks":"[conID: 8 locID: 115816896921600072, conID: 8 locID: 115816896921600073]","num":"2","client":"","allocated":"2"} | ret=SUCCESS |  
2025-10-16 19:47:45,353 | INFO  | OMAudit | user=runner | ip=127.0.0.1 | op=ALLOCATE_KEY {"volume":"76fee251-801b-4027-ab9a-029ede015892","bucket":"62e5ec3d-a188-4597-9ebf-dcfdef61bdba","key":"8bc9dc6f-f981-42f5-b4d3-3cddd34164ad","dataSize":"4194305","replicationType":"RATIS","replicationFactor":"ONE","Transaction":"243"} | ret=SUCCESS |  
2025-10-16 19:47:45,355 | INFO  | OMAudit | user=runner | ip=127.0.0.1 | op=READ_VOLUME {"volume":"76fee251-801b-4027-ab9a-029ede015892"} | ret=SUCCESS |  
2025-10-16 19:47:45,356 | INFO  | OMAudit | user=runner | ip=127.0.0.1 | op=READ_BUCKET {"volume":"76fee251-801b-4027-ab9a-029ede015892","bucket":"62e5ec3d-a188-4597-9ebf-dcfdef61bdba"} | ret=SUCCESS |  
2025-10-16 19:47:45,374 | INFO  | SCMAudit | user=runner | ip=127.0.0.1 | op=SEND_HEARTBEAT {"datanodeUUID":"c0724e9c-0dd4-4d47-992c-7bfe285fdd38","term":"2","command":"[]"} | ret=SUCCESS |  
2025-10-16 19:47:45,392 | INFO  | OMAudit | user=runner | ip=127.0.0.1 | op=COMMIT_KEY {"volume":"76fee251-801b-4027-ab9a-029ede015892","bucket":"62e5ec3d-a188-4597-9ebf-dcfdef61bdba","key":"8bc9dc6f-f981-42f5-b4d3-3cddd34164ad","dataSize":"4194305","replicationType":"RATIS","replicationFactor":"ONE","Transaction":"244"} | ret=SUCCESS |  
2025-10-16 19:47:45,393 | INFO  | OMAudit | user=runner | ip=127.0.0.1 | op=READ_VOLUME {"volume":"76fee251-801b-4027-ab9a-029ede015892"} | ret=SUCCESS |  
2025-10-16 19:47:45,394 | INFO  | OMAudit | user=runner | ip=127.0.0.1 | op=READ_BUCKET {"volume":"76fee251-801b-4027-ab9a-029ede015892","bucket":"62e5ec3d-a188-4597-9ebf-dcfdef61bdba"} | ret=SUCCESS |  
2025-10-16 19:47:45,395 | INFO  | OMAudit | user=runner | ip=127.0.0.1 | op=READ_BUCKET {"volume":"76fee251-801b-4027-ab9a-029ede015892","bucket":"62e5ec3d-a188-4597-9ebf-dcfdef61bdba"} | ret=SUCCESS |  
2025-10-16 19:47:45,396 | INFO  | SCMAudit | user=runner | ip=127.0.0.1 | op=ALLOCATE_BLOCK {"replication":"RATIS/ONE","owner":"omServiceIdDefault","size":"4194304","sampleBlocks":"[conID: 9 locID: 115816896921600074, conID: 9 locID: 115816896921600075]","num":"2","client":"","allocated":"2"} | ret=SUCCESS |  
2025-10-16 19:47:45,399 | INFO  | OMAudit | user=runner | ip=127.0.0.1 | op=ALLOCATE_KEY {"volume":"76fee251-801b-4027-ab9a-029ede015892","bucket":"62e5ec3d-a188-4597-9ebf-dcfdef61bdba","key":"8bc9dc6f-f981-42f5-b4d3-3cddd34164ad","dataSize":"4194305","replicationType":"RATIS","replicationFactor":"ONE","Transaction":"245"} | ret=SUCCESS |  
2025-10-16 19:47:45,400 | INFO  | OMAudit | user=runner | ip=127.0.0.1 | op=READ_VOLUME {"volume":"76fee251-801b-4027-ab9a-029ede015892"} | ret=SUCCESS |  
2025-10-16 19:47:45,401 | INFO  | OMAudit | user=runner | ip=127.0.0.1 | op=READ_BUCKET {"volume":"76fee251-801b-4027-ab9a-029ede015892","bucket":"62e5ec3d-a188-4597-9ebf-dcfdef61bdba"} | ret=SUCCESS |  
2025-10-16 19:47:45,442 | INFO  | OMAudit | user=runner | ip=127.0.0.1 | op=COMMIT_KEY {"volume":"76fee251-801b-4027-ab9a-029ede015892","bucket":"62e5ec3d-a188-4597-9ebf-dcfdef61bdba","key":"8bc9dc6f-f981-42f5-b4d3-3cddd34164ad","dataSize":"4194305","replicationType":"RATIS","replicationFactor":"ONE","Transaction":"246"} | ret=SUCCESS |  
2025-10-16 19:47:45,444 | INFO  | OMAudit | user=runner | ip=127.0.0.1 | op=READ_VOLUME {"volume":"76fee251-801b-4027-ab9a-029ede015892"} | ret=SUCCESS |  
2025-10-16 19:47:45,445 | INFO  | OMAudit | user=runner | ip=127.0.0.1 | op=READ_BUCKET {"volume":"76fee251-801b-4027-ab9a-029ede015892","bucket":"62e5ec3d-a188-4597-9ebf-dcfdef61bdba"} | ret=SUCCESS |  
2025-10-16 19:47:45,700 | INFO  | SCMAudit | user=runner | ip=127.0.0.1 | op=SEND_HEARTBEAT {"datanodeUUID":"757ca056-973f-4f05-ab2d-6aff6c54d452","term":"2","command":"[]"} | ret=SUCCESS |  
2025-10-16 19:47:45,769 | INFO  | SCMAudit | user=runner | ip=127.0.0.1 | op=SEND_HEARTBEAT {"datanodeUUID":"8a0fa2ff-b550-4652-b2fe-0cf91cd4a157","term":"2","command":"[]"} | ret=SUCCESS |  
2025-10-16 19:47:45,771 | INFO  | SCMAudit | user=runner | ip=127.0.0.1 | op=SEND_HEARTBEAT {"datanodeUUID":"e072d245-7694-4d97-8e20-c503ebf8c2fe","term":"2","command":"[]"} | ret=SUCCESS |  
2025-10-16 19:47:45,952 | INFO  | SCMAudit | user=runner | ip=127.0.0.1 | op=SEND_HEARTBEAT {"datanodeUUID":"764b18f0-81c5-439a-9fff-25adc4f241fa","term":"2","command":"[]"} | ret=SUCCESS |  
2025-10-16 19:47:45,962 | INFO  | SCMAudit | user=runner | ip=127.0.0.1 | op=SEND_HEARTBEAT {"datanodeUUID":"aa213937-adc5-47da-a770-0ee1e4664344","term":"2","command":"[]"} | ret=SUCCESS |  
2025-10-16 19:47:45,990 | INFO  | SCMAudit | user=runner | ip=127.0.0.1 | op=SEND_HEARTBEAT {"datanodeUUID":"f700af26-0e26-4136-9205-9509c82c8c70","term":"2","command":"[]"} | ret=SUCCESS |  
2025-10-16 19:47:46,097 | INFO  | SCMAudit | user=runner | ip=127.0.0.1 | op=SEND_HEARTBEAT {"datanodeUUID":"e33e6ec4-6b66-4281-bedd-2bd75bd30070","term":"2","command":"[]"} | ret=SUCCESS |  
2025-10-16 19:47:46,116 | INFO  | SCMAudit | user=runner | ip=127.0.0.1 | op=SEND_HEARTBEAT {"datanodeUUID":"0e8b6cc7-9945-4141-97fc-6aa017a0d5fa","term":"2","command":"[]"} | ret=SUCCESS |  
2025-10-16 19:47:46,154 | INFO  | SCMAudit | user=runner | ip=127.0.0.1 | op=SEND_HEARTBEAT {"datanodeUUID":"0428ab3f-efd5-438e-ae11-9ec242443260","term":"2","command":"[]"} | ret=SUCCESS |  
2025-10-16 19:47:46,198 | INFO  | SCMAudit | user=runner | ip=127.0.0.1 | op=SEND_HEARTBEAT {"datanodeUUID":"702cb173-5c73-4ecc-b5cd-c7b4a6b66aea","term":"2","command":"[]"} | ret=SUCCESS |  
2025-10-16 19:47:46,208 | INFO  | SCMAudit | user=runner | ip=127.0.0.1 | op=SEND_HEARTBEAT {"datanodeUUID":"76d4ba71-5bbb-4b24-8f51-8bc7f78aaca4","term":"2","command":"[]"} | ret=SUCCESS |  
2025-10-16 19:47:46,221 | INFO  | SCMAudit | user=runner | ip=127.0.0.1 | op=SEND_HEARTBEAT {"datanodeUUID":"8a3c3252-9afe-4d3a-8492-25be6557678a","term":"2","command":"[]"} | ret=SUCCESS |  
2025-10-16 19:47:46,259 | INFO  | SCMAudit | user=runner | ip=127.0.0.1 | op=SEND_HEARTBEAT {"datanodeUUID":"58cff6b7-b2a7-446b-a75a-bb98ad6b11b8","term":"2","command":"[]"} | ret=SUCCESS |  
2025-10-16 19:47:46,360 [om1-KeyDeletingService#5] INFO  service.KeyDeletingService (KeyDeletingService.java:processKeyDeletes(151)) - Send 1 key(s) to SCM, first 1 keys: [PurgedKey{blockGroup=BlockGroup[groupID='/76fee251-801b-4027-ab9a-029ede015892/62e5ec3d-a188-4597-9ebf-dcfdef61bdba/8bc9dc6f-f981-42f5-b4d3-3cddd34164ad/-9223372036854712832/0', blockIDs=[conID: 8 locID: 115816896921600072 bcsId: 0 replicaIndex: null, conID: 8 locID: 115816896921600073 bcsId: 0 replicaIndex: null]], volume='76fee251-801b-4027-ab9a-029ede015892', bucket='62e5ec3d-a188-4597-9ebf-dcfdef61bdba', bucketId=-9223372036854713856, purgedBytes=4194305, isCommittedKey=true, deleteKeyName='/76fee251-801b-4027-ab9a-029ede015892/62e5ec3d-a188-4597-9ebf-dcfdef61bdba/8bc9dc6f-f981-42f5-b4d3-3cddd34164ad/-9223372036854712832'}]
2025-10-16 19:47:46,362 | INFO  | SCMAudit | user=runner | ip=127.0.0.1 | op=DELETE_KEY_BLOCK {"KeyBlockToDelete":"[BlockGroup[groupID='/76fee251-801b-4027-ab9a-029ede015892/62e5ec3d-a188-4597-9ebf-dcfdef61bdba/8bc9dc6f-f981-42f5-b4d3-3cddd34164ad/-9223372036854712832/0', blockIDs=[conID: 8 locID: 115816896921600072 bcsId: 0 replicaIndex: null, conID: 8 locID: 115816896921600073 bcsId: 0 replicaIndex: null]]]"} | ret=SUCCESS |  
2025-10-16 19:47:46,362 [om1-KeyDeletingService#5] INFO  service.KeyDeletingService (KeyDeletingService.java:processKeyDeletes(158)) - 1 BlockGroup deletion are acked by SCM in 2 ms
2025-10-16 19:47:46,364 [om1-KeyDeletingService#5] INFO  service.KeyDeletingService (KeyDeletingService.java:processKeyDeletes(166)) - Blocks for 1 (out of 1) keys are deleted from DB in 1 ms. Limit per task is 50000.
2025-10-16 19:47:46,373 | INFO  | SCMAudit | user=runner | ip=127.0.0.1 | op=SEND_HEARTBEAT {"datanodeUUID":"c0724e9c-0dd4-4d47-992c-7bfe285fdd38","term":"2","command":"[]"} | ret=SUCCESS |  
2025-10-16 19:47:46,447 | INFO  | OMAudit | user=runner | ip=127.0.0.1 | op=READ_VOLUME {"volume":"76fee251-801b-4027-ab9a-029ede015892"} | ret=SUCCESS |  
2025-10-16 19:47:46,448 | INFO  | OMAudit | user=runner | ip=127.0.0.1 | op=READ_BUCKET {"volume":"76fee251-801b-4027-ab9a-029ede015892","bucket":"62e5ec3d-a188-4597-9ebf-dcfdef61bdba"} | ret=SUCCESS |  
2025-10-16 19:47:46,451 | INFO  | OMAudit | user=runner | ip=127.0.0.1 | op=DELETE_KEY {"volume":"76fee251-801b-4027-ab9a-029ede015892","bucket":"62e5ec3d-a188-4597-9ebf-dcfdef61bdba","key":"8bc9dc6f-f981-42f5-b4d3-3cddd34164ad","dataSize":"4194305","replicationConfig":"RATIS/ONE","Transaction":"248"} | ret=SUCCESS |  
2025-10-16 19:47:46,452 | INFO  | OMAudit | user=runner | ip=127.0.0.1 | op=READ_VOLUME {"volume":"76fee251-801b-4027-ab9a-029ede015892"} | ret=SUCCESS |  
2025-10-16 19:47:46,453 | INFO  | OMAudit | user=runner | ip=127.0.0.1 | op=READ_BUCKET {"volume":"76fee251-801b-4027-ab9a-029ede015892","bucket":"62e5ec3d-a188-4597-9ebf-dcfdef61bdba"} | ret=SUCCESS |  
2025-10-16 19:47:46,700 | INFO  | SCMAudit | user=runner | ip=127.0.0.1 | op=SEND_HEARTBEAT {"datanodeUUID":"757ca056-973f-4f05-ab2d-6aff6c54d452","term":"2","command":"[]"} | ret=SUCCESS |  
2025-10-16 19:47:46,769 | INFO  | SCMAudit | user=runner | ip=127.0.0.1 | op=SEND_HEARTBEAT {"datanodeUUID":"8a0fa2ff-b550-4652-b2fe-0cf91cd4a157","term":"2","command":"[]"} | ret=SUCCESS |  
2025-10-16 19:47:46,771 | INFO  | SCMAudit | user=runner | ip=127.0.0.1 | op=SEND_HEARTBEAT {"datanodeUUID":"e072d245-7694-4d97-8e20-c503ebf8c2fe","term":"2","command":"[]"} | ret=SUCCESS |  
2025-10-16 19:47:46,953 | INFO  | SCMAudit | user=runner | ip=127.0.0.1 | op=SEND_HEARTBEAT {"datanodeUUID":"764b18f0-81c5-439a-9fff-25adc4f241fa","term":"2","command":"[]"} | ret=SUCCESS |  
2025-10-16 19:47:46,963 | INFO  | SCMAudit | user=runner | ip=127.0.0.1 | op=SEND_HEARTBEAT {"datanodeUUID":"aa213937-adc5-47da-a770-0ee1e4664344","term":"2","command":"[]"} | ret=SUCCESS |  
2025-10-16 19:47:46,990 | INFO  | SCMAudit | user=runner | ip=127.0.0.1 | op=SEND_HEARTBEAT {"datanodeUUID":"f700af26-0e26-4136-9205-9509c82c8c70","term":"2","command":"[]"} | ret=SUCCESS |  
2025-10-16 19:47:47,098 | INFO  | SCMAudit | user=runner | ip=127.0.0.1 | op=SEND_HEARTBEAT {"datanodeUUID":"e33e6ec4-6b66-4281-bedd-2bd75bd30070","term":"2","command":"[]"} | ret=SUCCESS |  
2025-10-16 19:47:47,116 | INFO  | SCMAudit | user=runner | ip=127.0.0.1 | op=SEND_HEARTBEAT {"datanodeUUID":"0e8b6cc7-9945-4141-97fc-6aa017a0d5fa","term":"2","command":"[]"} | ret=SUCCESS |  
2025-10-16 19:47:47,153 | INFO  | SCMAudit | user=runner | ip=127.0.0.1 | op=SEND_HEARTBEAT {"datanodeUUID":"0428ab3f-efd5-438e-ae11-9ec242443260","term":"2","command":"[]"} | ret=SUCCESS |  
2025-10-16 19:47:47,197 | INFO  | SCMAudit | user=runner | ip=127.0.0.1 | op=SEND_HEARTBEAT {"datanodeUUID":"702cb173-5c73-4ecc-b5cd-c7b4a6b66aea","term":"2","command":"[]"} | ret=SUCCESS |  
2025-10-16 19:47:47,208 | INFO  | SCMAudit | user=runner | ip=127.0.0.1 | op=SEND_HEARTBEAT {"datanodeUUID":"76d4ba71-5bbb-4b24-8f51-8bc7f78aaca4","term":"2","command":"[]"} | ret=SUCCESS |  
2025-10-16 19:47:47,222 | INFO  | SCMAudit | user=runner | ip=127.0.0.1 | op=SEND_HEARTBEAT {"datanodeUUID":"8a3c3252-9afe-4d3a-8492-25be6557678a","term":"2","command":"[]"} | ret=SUCCESS |  
2025-10-16 19:47:47,260 | INFO  | SCMAudit | user=runner | ip=127.0.0.1 | op=SEND_HEARTBEAT {"datanodeUUID":"58cff6b7-b2a7-446b-a75a-bb98ad6b11b8","term":"2","command":"[]"} | ret=SUCCESS |  
2025-10-16 19:47:47,360 [om1-KeyDeletingService#8] INFO  service.KeyDeletingService (KeyDeletingService.java:processKeyDeletes(151)) - Send 1 key(s) to SCM, first 1 keys: [PurgedKey{blockGroup=BlockGroup[groupID='/76fee251-801b-4027-ab9a-029ede015892/62e5ec3d-a188-4597-9ebf-dcfdef61bdba/8bc9dc6f-f981-42f5-b4d3-3cddd34164ad/-9223372036854713599/0', blockIDs=[conID: 9 locID: 115816896921600074 bcsId: 0 replicaIndex: null, conID: 9 locID: 115816896921600075 bcsId: 0 replicaIndex: null]], volume='76fee251-801b-4027-ab9a-029ede015892', bucket='62e5ec3d-a188-4597-9ebf-dcfdef61bdba', bucketId=-9223372036854713856, purgedBytes=4194305, isCommittedKey=true, deleteKeyName='/76fee251-801b-4027-ab9a-029ede015892/62e5ec3d-a188-4597-9ebf-dcfdef61bdba/8bc9dc6f-f981-42f5-b4d3-3cddd34164ad/-9223372036854713599'}]
2025-10-16 19:47:47,362 | INFO  | SCMAudit | user=runner | ip=127.0.0.1 | op=DELETE_KEY_BLOCK {"KeyBlockToDelete":"[BlockGroup[groupID='/76fee251-801b-4027-ab9a-029ede015892/62e5ec3d-a188-4597-9ebf-dcfdef61bdba/8bc9dc6f-f981-42f5-b4d3-3cddd34164ad/-9223372036854713599/0', blockIDs=[conID: 9 locID: 115816896921600074 bcsId: 0 replicaIndex: null, conID: 9 locID: 115816896921600075 bcsId: 0 replicaIndex: null]]]"} | ret=SUCCESS |  
2025-10-16 19:47:47,362 [om1-KeyDeletingService#8] INFO  service.KeyDeletingService (KeyDeletingService.java:processKeyDeletes(158)) - 1 BlockGroup deletion are acked by SCM in 3 ms
2025-10-16 19:47:47,364 [om1-KeyDeletingService#8] INFO  service.KeyDeletingService (KeyDeletingService.java:processKeyDeletes(166)) - Blocks for 1 (out of 1) keys are deleted from DB in 1 ms. Limit per task is 50000.
2025-10-16 19:47:47,374 | INFO  | SCMAudit | user=runner | ip=127.0.0.1 | op=SEND_HEARTBEAT {"datanodeUUID":"c0724e9c-0dd4-4d47-992c-7bfe285fdd38","term":"2","command":"[]"} | ret=SUCCESS |  
2025-10-16 19:47:47,454 | INFO  | OMAudit | user=runner | ip=127.0.0.1 | op=READ_VOLUME {"volume":"76fee251-801b-4027-ab9a-029ede015892"} | ret=SUCCESS |  
2025-10-16 19:47:47,455 | INFO  | OMAudit | user=runner | ip=127.0.0.1 | op=READ_BUCKET {"volume":"76fee251-801b-4027-ab9a-029ede015892","bucket":"62e5ec3d-a188-4597-9ebf-dcfdef61bdba"} | ret=SUCCESS |  
]]></system-out>
  </testcase>
  <testcase name="testBucketQuota(ReplicationConfig)[2]" classname="org.apache.hadoop.ozone.client.rpc.TestSecureOzoneRpcClient" time="16.296">
    <system-out><![CDATA[2025-10-16 19:47:47,458 [ForkJoinPool-1-worker-1] INFO  rpc.RpcClient (RpcClient.java:createVolume(461)) - Creating Volume: 63f33281-47de-4f7e-8126-c385d72b32ee, with runner as owner and space quota set to -1 bytes, counts quota set to -1
2025-10-16 19:47:47,460 [om1-OMStateMachineApplyTransactionThread - 0] INFO  volume.OMVolumeCreateRequest (OMVolumeCreateRequest.java:validateAndUpdateCache(213)) - created volume:63f33281-47de-4f7e-8126-c385d72b32ee for user:runner
2025-10-16 19:47:47,460 | INFO  | OMAudit | user=runner | ip=127.0.0.1 | op=CREATE_VOLUME {"admin":"runner","owner":"runner","volume":"63f33281-47de-4f7e-8126-c385d72b32ee","creationTime":"1760644067459","modificationTime":"1760644067459","quotaInBytes":"-1","quotaInNamespace":"-1","usedNamespace":"0","objectID":"-9223372036854711808","updateID":"250","Transaction":"250"} | ret=SUCCESS |  
2025-10-16 19:47:47,461 | INFO  | OMAudit | user=runner | ip=127.0.0.1 | op=READ_VOLUME {"volume":"63f33281-47de-4f7e-8126-c385d72b32ee"} | ret=SUCCESS |  
2025-10-16 19:47:47,461 [ForkJoinPool-1-worker-1] INFO  rpc.RpcClient (RpcClient.java:createBucket(686)) - Creating Bucket: 63f33281-47de-4f7e-8126-c385d72b32ee/50cbbc8d-0a11-4724-a589-6b17e3320792, with server-side default bucket layout, runner as owner, Versioning false, Storage Type set to DISK and Encryption set to false, Replication Type set to server-side default replication type, Namespace Quota set to -1, Space Quota set to -1 
2025-10-16 19:47:47,463 [om1-OMStateMachineApplyTransactionThread - 0] INFO  bucket.OMBucketCreateRequest (OMBucketCreateRequest.java:validateAndUpdateCache(303)) - created bucket: 50cbbc8d-0a11-4724-a589-6b17e3320792 of layout FILE_SYSTEM_OPTIMIZED in volume: 63f33281-47de-4f7e-8126-c385d72b32ee
2025-10-16 19:47:47,463 | INFO  | OMAudit | user=runner | ip=127.0.0.1 | op=CREATE_BUCKET {"volume":"63f33281-47de-4f7e-8126-c385d72b32ee","bucket":"50cbbc8d-0a11-4724-a589-6b17e3320792","bucketLayout":"FILE_SYSTEM_OPTIMIZED","gdprEnabled":null,"acls":"[user:runner:a[ACCESS], group:runner:rl[ACCESS]]","isVersionEnabled":"false","storageType":"DISK","creationTime":"1760644067462","bucketEncryptionKey":null,"modificationTime":"1760644067462","usedBytes":"0","usedNamespace":"0","snapshotUsedBytes":"0","snapshotUsedNamespace":"0","owner":"runner","replicationType":null,"replicationConfig":null,"quotaInBytes":"-1","quotaInNamespace":"-1","Transaction":"251"} | ret=SUCCESS |  
2025-10-16 19:47:47,464 | INFO  | OMAudit | user=runner | ip=127.0.0.1 | op=READ_BUCKET {"volume":"63f33281-47de-4f7e-8126-c385d72b32ee","bucket":"50cbbc8d-0a11-4724-a589-6b17e3320792"} | ret=SUCCESS |  
2025-10-16 19:47:47,465 | INFO  | OMAudit | user=runner | ip=127.0.0.1 | op=READ_BUCKET {"volume":"63f33281-47de-4f7e-8126-c385d72b32ee","bucket":"50cbbc8d-0a11-4724-a589-6b17e3320792"} | ret=SUCCESS |  
2025-10-16 19:47:47,468 | INFO  | SCMAudit | user=runner | ip=127.0.0.1 | op=ALLOCATE_BLOCK {"replication":"RATIS/THREE","owner":"omServiceIdDefault","size":"4194304","sampleBlocks":"[conID: 14 locID: 115816896921600076]","num":"1","client":"","allocated":"1"} | ret=SUCCESS |  
2025-10-16 19:47:47,471 | INFO  | OMAudit | user=runner | ip=127.0.0.1 | op=ALLOCATE_KEY {"volume":"63f33281-47de-4f7e-8126-c385d72b32ee","bucket":"50cbbc8d-0a11-4724-a589-6b17e3320792","key":"3fc0f8c2-c051-471c-8a6e-2c8ddd08702b","dataSize":"4194304","replicationType":"RATIS","replicationFactor":"THREE","Transaction":"252"} | ret=SUCCESS |  
2025-10-16 19:47:47,473 | INFO  | OMAudit | user=runner | ip=127.0.0.1 | op=READ_VOLUME {"volume":"63f33281-47de-4f7e-8126-c385d72b32ee"} | ret=SUCCESS |  
2025-10-16 19:47:47,473 | INFO  | OMAudit | user=runner | ip=127.0.0.1 | op=READ_BUCKET {"volume":"63f33281-47de-4f7e-8126-c385d72b32ee","bucket":"50cbbc8d-0a11-4724-a589-6b17e3320792"} | ret=SUCCESS |  
2025-10-16 19:47:47,476 | INFO  | OMAudit | user=runner | ip=127.0.0.1 | op=COMMIT_KEY {"volume":"63f33281-47de-4f7e-8126-c385d72b32ee","bucket":"50cbbc8d-0a11-4724-a589-6b17e3320792","key":"3fc0f8c2-c051-471c-8a6e-2c8ddd08702b","dataSize":"0","replicationType":"RATIS","replicationFactor":"THREE","Transaction":"253"} | ret=SUCCESS |  
2025-10-16 19:47:47,477 | INFO  | OMAudit | user=runner | ip=127.0.0.1 | op=READ_VOLUME {"volume":"63f33281-47de-4f7e-8126-c385d72b32ee"} | ret=SUCCESS |  
2025-10-16 19:47:47,478 | INFO  | OMAudit | user=runner | ip=127.0.0.1 | op=READ_BUCKET {"volume":"63f33281-47de-4f7e-8126-c385d72b32ee","bucket":"50cbbc8d-0a11-4724-a589-6b17e3320792"} | ret=SUCCESS |  
2025-10-16 19:47:47,479 | INFO  | OMAudit | user=runner | ip=127.0.0.1 | op=READ_BUCKET {"volume":"63f33281-47de-4f7e-8126-c385d72b32ee","bucket":"50cbbc8d-0a11-4724-a589-6b17e3320792"} | ret=SUCCESS |  
2025-10-16 19:47:47,481 | INFO  | SCMAudit | user=runner | ip=127.0.0.1 | op=ALLOCATE_BLOCK {"replication":"RATIS/THREE","owner":"omServiceIdDefault","size":"4194304","sampleBlocks":"[conID: 15 locID: 115816896921600077]","num":"1","client":"","allocated":"1"} | ret=SUCCESS |  
2025-10-16 19:47:47,484 | INFO  | OMAudit | user=runner | ip=127.0.0.1 | op=ALLOCATE_KEY {"volume":"63f33281-47de-4f7e-8126-c385d72b32ee","bucket":"50cbbc8d-0a11-4724-a589-6b17e3320792","key":"3fc0f8c2-c051-471c-8a6e-2c8ddd08702b","dataSize":"4194304","replicationType":"RATIS","replicationFactor":"THREE","Transaction":"254"} | ret=SUCCESS |  
2025-10-16 19:47:47,486 | INFO  | OMAudit | user=runner | ip=127.0.0.1 | op=READ_VOLUME {"volume":"63f33281-47de-4f7e-8126-c385d72b32ee"} | ret=SUCCESS |  
2025-10-16 19:47:47,486 | INFO  | OMAudit | user=runner | ip=127.0.0.1 | op=READ_BUCKET {"volume":"63f33281-47de-4f7e-8126-c385d72b32ee","bucket":"50cbbc8d-0a11-4724-a589-6b17e3320792"} | ret=SUCCESS |  
2025-10-16 19:47:47,489 | INFO  | OMAudit | user=runner | ip=127.0.0.1 | op=COMMIT_KEY {"volume":"63f33281-47de-4f7e-8126-c385d72b32ee","bucket":"50cbbc8d-0a11-4724-a589-6b17e3320792","key":"3fc0f8c2-c051-471c-8a6e-2c8ddd08702b","dataSize":"0","replicationType":"RATIS","replicationFactor":"THREE","Transaction":"255"} | ret=SUCCESS |  
2025-10-16 19:47:47,490 | INFO  | OMAudit | user=runner | ip=127.0.0.1 | op=READ_VOLUME {"volume":"63f33281-47de-4f7e-8126-c385d72b32ee"} | ret=SUCCESS |  
2025-10-16 19:47:47,491 | INFO  | OMAudit | user=runner | ip=127.0.0.1 | op=READ_BUCKET {"volume":"63f33281-47de-4f7e-8126-c385d72b32ee","bucket":"50cbbc8d-0a11-4724-a589-6b17e3320792"} | ret=SUCCESS |  
2025-10-16 19:47:47,494 | INFO  | OMAudit | user=runner | ip=127.0.0.1 | op=DELETE_KEY {"volume":"63f33281-47de-4f7e-8126-c385d72b32ee","bucket":"50cbbc8d-0a11-4724-a589-6b17e3320792","key":"3fc0f8c2-c051-471c-8a6e-2c8ddd08702b","dataSize":"0","replicationConfig":"RATIS/THREE","Transaction":"256"} | ret=SUCCESS |  
2025-10-16 19:47:47,495 | INFO  | OMAudit | user=runner | ip=127.0.0.1 | op=READ_VOLUME {"volume":"63f33281-47de-4f7e-8126-c385d72b32ee"} | ret=SUCCESS |  
2025-10-16 19:47:47,496 | INFO  | OMAudit | user=runner | ip=127.0.0.1 | op=READ_BUCKET {"volume":"63f33281-47de-4f7e-8126-c385d72b32ee","bucket":"50cbbc8d-0a11-4724-a589-6b17e3320792"} | ret=SUCCESS |  
2025-10-16 19:47:47,496 [ForkJoinPool-1-worker-1] INFO  rpc.RpcClient (RpcClient.java:createVolume(461)) - Creating Volume: ce96e56f-4dd7-4350-af8e-0764e5b248be, with runner as owner and space quota set to -1 bytes, counts quota set to -1
2025-10-16 19:47:47,498 [om1-OMStateMachineApplyTransactionThread - 0] INFO  volume.OMVolumeCreateRequest (OMVolumeCreateRequest.java:validateAndUpdateCache(213)) - created volume:ce96e56f-4dd7-4350-af8e-0764e5b248be for user:runner
2025-10-16 19:47:47,498 | INFO  | OMAudit | user=runner | ip=127.0.0.1 | op=CREATE_VOLUME {"admin":"runner","owner":"runner","volume":"ce96e56f-4dd7-4350-af8e-0764e5b248be","creationTime":"1760644067497","modificationTime":"1760644067497","quotaInBytes":"-1","quotaInNamespace":"-1","usedNamespace":"0","objectID":"-9223372036854710016","updateID":"257","Transaction":"257"} | ret=SUCCESS |  
2025-10-16 19:47:47,500 | INFO  | OMAudit | user=runner | ip=127.0.0.1 | op=READ_VOLUME {"volume":"ce96e56f-4dd7-4350-af8e-0764e5b248be"} | ret=SUCCESS |  
2025-10-16 19:47:47,500 [ForkJoinPool-1-worker-1] INFO  rpc.RpcClient (RpcClient.java:createBucket(686)) - Creating Bucket: ce96e56f-4dd7-4350-af8e-0764e5b248be/cd439430-079d-48b4-8346-efaad2be788a, with server-side default bucket layout, runner as owner, Versioning false, Storage Type set to DISK and Encryption set to false, Replication Type set to server-side default replication type, Namespace Quota set to -1, Space Quota set to -1 
2025-10-16 19:47:47,502 [om1-OMStateMachineApplyTransactionThread - 0] INFO  bucket.OMBucketCreateRequest (OMBucketCreateRequest.java:validateAndUpdateCache(303)) - created bucket: cd439430-079d-48b4-8346-efaad2be788a of layout FILE_SYSTEM_OPTIMIZED in volume: ce96e56f-4dd7-4350-af8e-0764e5b248be
2025-10-16 19:47:47,502 | INFO  | OMAudit | user=runner | ip=127.0.0.1 | op=CREATE_BUCKET {"volume":"ce96e56f-4dd7-4350-af8e-0764e5b248be","bucket":"cd439430-079d-48b4-8346-efaad2be788a","bucketLayout":"FILE_SYSTEM_OPTIMIZED","gdprEnabled":null,"acls":"[user:runner:a[ACCESS], group:runner:rl[ACCESS]]","isVersionEnabled":"false","storageType":"DISK","creationTime":"1760644067501","bucketEncryptionKey":null,"modificationTime":"1760644067501","usedBytes":"0","usedNamespace":"0","snapshotUsedBytes":"0","snapshotUsedNamespace":"0","owner":"runner","replicationType":null,"replicationConfig":null,"quotaInBytes":"-1","quotaInNamespace":"-1","Transaction":"258"} | ret=SUCCESS |  
2025-10-16 19:47:47,503 | INFO  | OMAudit | user=runner | ip=127.0.0.1 | op=READ_BUCKET {"volume":"ce96e56f-4dd7-4350-af8e-0764e5b248be","bucket":"cd439430-079d-48b4-8346-efaad2be788a"} | ret=SUCCESS |  
2025-10-16 19:47:47,504 | INFO  | OMAudit | user=runner | ip=127.0.0.1 | op=READ_BUCKET {"volume":"ce96e56f-4dd7-4350-af8e-0764e5b248be","bucket":"cd439430-079d-48b4-8346-efaad2be788a"} | ret=SUCCESS |  
2025-10-16 19:47:47,505 | INFO  | SCMAudit | user=runner | ip=127.0.0.1 | op=ALLOCATE_BLOCK {"replication":"RATIS/THREE","owner":"omServiceIdDefault","size":"4194304","sampleBlocks":"[conID: 14 locID: 115816896921600078]","num":"1","client":"","allocated":"1"} | ret=SUCCESS |  
2025-10-16 19:47:47,508 | INFO  | OMAudit | user=runner | ip=127.0.0.1 | op=ALLOCATE_KEY {"volume":"ce96e56f-4dd7-4350-af8e-0764e5b248be","bucket":"cd439430-079d-48b4-8346-efaad2be788a","key":"6dfe14f3-3df3-4557-bd7d-ccaaee3e7784","dataSize":"1","replicationType":"RATIS","replicationFactor":"THREE","Transaction":"259"} | ret=SUCCESS |  
2025-10-16 19:47:47,510 | INFO  | OMAudit | user=runner | ip=127.0.0.1 | op=READ_VOLUME {"volume":"ce96e56f-4dd7-4350-af8e-0764e5b248be"} | ret=SUCCESS |  
2025-10-16 19:47:47,511 | INFO  | OMAudit | user=runner | ip=127.0.0.1 | op=READ_BUCKET {"volume":"ce96e56f-4dd7-4350-af8e-0764e5b248be","bucket":"cd439430-079d-48b4-8346-efaad2be788a"} | ret=SUCCESS |  
2025-10-16 19:47:47,533 | INFO  | ContainerLog | ID=14 | Index=0 | BCSID=0 | State=OPEN | Volume=/home/runner/work/ozone/ozone/hadoop-ozone/integration-test/target/test-dir/MiniOzoneClusterImpl-e7911277-7775-4457-96c8-94071a26a1ce/ozone-metadata/datanode-7/data-0/hdds | DataChecksum=0 |  
2025-10-16 19:47:47,534 | INFO  | ContainerLog | ID=14 | Index=0 | BCSID=0 | State=OPEN | Volume=/home/runner/work/ozone/ozone/hadoop-ozone/integration-test/target/test-dir/MiniOzoneClusterImpl-e7911277-7775-4457-96c8-94071a26a1ce/ozone-metadata/datanode-8/data-0/hdds | DataChecksum=0 |  
2025-10-16 19:47:47,535 | INFO  | ContainerLog | ID=14 | Index=0 | BCSID=0 | State=OPEN | Volume=/home/runner/work/ozone/ozone/hadoop-ozone/integration-test/target/test-dir/MiniOzoneClusterImpl-e7911277-7775-4457-96c8-94071a26a1ce/ozone-metadata/datanode-9/data-0/hdds | DataChecksum=0 |  
2025-10-16 19:47:47,535 | INFO  | SCMAudit | user=runner | ip=127.0.0.1 | op=SEND_HEARTBEAT {"datanodeUUID":"e072d245-7694-4d97-8e20-c503ebf8c2fe","term":"2","command":"[]"} | ret=SUCCESS |  
2025-10-16 19:47:47,535 | INFO  | SCMAudit | user=runner | ip=127.0.0.1 | op=SEND_HEARTBEAT {"datanodeUUID":"76d4ba71-5bbb-4b24-8f51-8bc7f78aaca4","term":"2","command":"[]"} | ret=SUCCESS |  
2025-10-16 19:47:47,537 | INFO  | SCMAudit | user=runner | ip=127.0.0.1 | op=SEND_HEARTBEAT {"datanodeUUID":"8a0fa2ff-b550-4652-b2fe-0cf91cd4a157","term":"2","command":"[]"} | ret=SUCCESS |  
2025-10-16 19:47:47,554 | INFO  | OMAudit | user=runner | ip=127.0.0.1 | op=COMMIT_KEY {"volume":"ce96e56f-4dd7-4350-af8e-0764e5b248be","bucket":"cd439430-079d-48b4-8346-efaad2be788a","key":"6dfe14f3-3df3-4557-bd7d-ccaaee3e7784","dataSize":"1","replicationType":"RATIS","replicationFactor":"THREE","Transaction":"260"} | ret=SUCCESS |  
2025-10-16 19:47:47,556 | INFO  | OMAudit | user=runner | ip=127.0.0.1 | op=READ_VOLUME {"volume":"ce96e56f-4dd7-4350-af8e-0764e5b248be"} | ret=SUCCESS |  
2025-10-16 19:47:47,558 | INFO  | OMAudit | user=runner | ip=127.0.0.1 | op=READ_BUCKET {"volume":"ce96e56f-4dd7-4350-af8e-0764e5b248be","bucket":"cd439430-079d-48b4-8346-efaad2be788a"} | ret=SUCCESS |  
2025-10-16 19:47:47,559 | INFO  | OMAudit | user=runner | ip=127.0.0.1 | op=READ_BUCKET {"volume":"ce96e56f-4dd7-4350-af8e-0764e5b248be","bucket":"cd439430-079d-48b4-8346-efaad2be788a"} | ret=SUCCESS |  
2025-10-16 19:47:47,561 | INFO  | SCMAudit | user=runner | ip=127.0.0.1 | op=ALLOCATE_BLOCK {"replication":"RATIS/THREE","owner":"omServiceIdDefault","size":"4194304","sampleBlocks":"[conID: 15 locID: 115816896921600079]","num":"1","client":"","allocated":"1"} | ret=SUCCESS |  
2025-10-16 19:47:47,565 | INFO  | OMAudit | user=runner | ip=127.0.0.1 | op=ALLOCATE_KEY {"volume":"ce96e56f-4dd7-4350-af8e-0764e5b248be","bucket":"cd439430-079d-48b4-8346-efaad2be788a","key":"6dfe14f3-3df3-4557-bd7d-ccaaee3e7784","dataSize":"1","replicationType":"RATIS","replicationFactor":"THREE","Transaction":"261"} | ret=SUCCESS |  
2025-10-16 19:47:47,567 | INFO  | OMAudit | user=runner | ip=127.0.0.1 | op=READ_VOLUME {"volume":"ce96e56f-4dd7-4350-af8e-0764e5b248be"} | ret=SUCCESS |  
2025-10-16 19:47:47,567 | INFO  | OMAudit | user=runner | ip=127.0.0.1 | op=READ_BUCKET {"volume":"ce96e56f-4dd7-4350-af8e-0764e5b248be","bucket":"cd439430-079d-48b4-8346-efaad2be788a"} | ret=SUCCESS |  
2025-10-16 19:47:47,584 | INFO  | ContainerLog | ID=15 | Index=0 | BCSID=0 | State=OPEN | Volume=/home/runner/work/ozone/ozone/hadoop-ozone/integration-test/target/test-dir/MiniOzoneClusterImpl-e7911277-7775-4457-96c8-94071a26a1ce/ozone-metadata/datanode-2/data-0/hdds | DataChecksum=0 |  
2025-10-16 19:47:47,584 | INFO  | ContainerLog | ID=15 | Index=0 | BCSID=0 | State=OPEN | Volume=/home/runner/work/ozone/ozone/hadoop-ozone/integration-test/target/test-dir/MiniOzoneClusterImpl-e7911277-7775-4457-96c8-94071a26a1ce/ozone-metadata/datanode-1/data-0/hdds | DataChecksum=0 |  
2025-10-16 19:47:47,583 | INFO  | ContainerLog | ID=15 | Index=0 | BCSID=0 | State=OPEN | Volume=/home/runner/work/ozone/ozone/hadoop-ozone/integration-test/target/test-dir/MiniOzoneClusterImpl-e7911277-7775-4457-96c8-94071a26a1ce/ozone-metadata/datanode-3/data-0/hdds | DataChecksum=0 |  
2025-10-16 19:47:47,587 | INFO  | SCMAudit | user=runner | ip=127.0.0.1 | op=SEND_HEARTBEAT {"datanodeUUID":"8a3c3252-9afe-4d3a-8492-25be6557678a","term":"2","command":"[]"} | ret=SUCCESS |  
2025-10-16 19:47:47,588 | INFO  | SCMAudit | user=runner | ip=127.0.0.1 | op=SEND_HEARTBEAT {"datanodeUUID":"f700af26-0e26-4136-9205-9509c82c8c70","term":"2","command":"[]"} | ret=SUCCESS |  
2025-10-16 19:47:47,589 | INFO  | SCMAudit | user=runner | ip=127.0.0.1 | op=SEND_HEARTBEAT {"datanodeUUID":"764b18f0-81c5-439a-9fff-25adc4f241fa","term":"2","command":"[]"} | ret=SUCCESS |  
2025-10-16 19:47:47,600 | INFO  | OMAudit | user=runner | ip=127.0.0.1 | op=COMMIT_KEY {"volume":"ce96e56f-4dd7-4350-af8e-0764e5b248be","bucket":"cd439430-079d-48b4-8346-efaad2be788a","key":"6dfe14f3-3df3-4557-bd7d-ccaaee3e7784","dataSize":"1","replicationType":"RATIS","replicationFactor":"THREE","Transaction":"262"} | ret=SUCCESS |  
2025-10-16 19:47:47,603 | INFO  | OMAudit | user=runner | ip=127.0.0.1 | op=READ_VOLUME {"volume":"ce96e56f-4dd7-4350-af8e-0764e5b248be"} | ret=SUCCESS |  
2025-10-16 19:47:47,604 | INFO  | OMAudit | user=runner | ip=127.0.0.1 | op=READ_BUCKET {"volume":"ce96e56f-4dd7-4350-af8e-0764e5b248be","bucket":"cd439430-079d-48b4-8346-efaad2be788a"} | ret=SUCCESS |  
2025-10-16 19:47:47,700 | INFO  | SCMAudit | user=runner | ip=127.0.0.1 | op=SEND_HEARTBEAT {"datanodeUUID":"757ca056-973f-4f05-ab2d-6aff6c54d452","term":"2","command":"[]"} | ret=SUCCESS |  
2025-10-16 19:47:47,963 | INFO  | SCMAudit | user=runner | ip=127.0.0.1 | op=SEND_HEARTBEAT {"datanodeUUID":"aa213937-adc5-47da-a770-0ee1e4664344","term":"2","command":"[]"} | ret=SUCCESS |  
2025-10-16 19:47:48,098 | INFO  | SCMAudit | user=runner | ip=127.0.0.1 | op=SEND_HEARTBEAT {"datanodeUUID":"e33e6ec4-6b66-4281-bedd-2bd75bd30070","term":"2","command":"[]"} | ret=SUCCESS |  
2025-10-16 19:47:48,116 | INFO  | SCMAudit | user=runner | ip=127.0.0.1 | op=SEND_HEARTBEAT {"datanodeUUID":"0e8b6cc7-9945-4141-97fc-6aa017a0d5fa","term":"2","command":"[]"} | ret=SUCCESS |  
2025-10-16 19:47:48,154 | INFO  | SCMAudit | user=runner | ip=127.0.0.1 | op=SEND_HEARTBEAT {"datanodeUUID":"0428ab3f-efd5-438e-ae11-9ec242443260","term":"2","command":"[]"} | ret=SUCCESS |  
2025-10-16 19:47:48,198 | INFO  | SCMAudit | user=runner | ip=127.0.0.1 | op=SEND_HEARTBEAT {"datanodeUUID":"702cb173-5c73-4ecc-b5cd-c7b4a6b66aea","term":"2","command":"[]"} | ret=SUCCESS |  
2025-10-16 19:47:48,260 | INFO  | SCMAudit | user=runner | ip=127.0.0.1 | op=SEND_HEARTBEAT {"datanodeUUID":"58cff6b7-b2a7-446b-a75a-bb98ad6b11b8","term":"2","command":"[]"} | ret=SUCCESS |  
2025-10-16 19:47:48,360 [om1-KeyDeletingService#9] INFO  service.KeyDeletingService (KeyDeletingService.java:processKeyDeletes(151)) - Send 3 key(s) to SCM, first 3 keys: [PurgedKey{blockGroup=BlockGroup[groupID='/63f33281-47de-4f7e-8126-c385d72b32ee/50cbbc8d-0a11-4724-a589-6b17e3320792/3fc0f8c2-c051-471c-8a6e-2c8ddd08702b/-9223372036854710528/0', blockIDs=[conID: 15 locID: 115816896921600077 bcsId: 0 replicaIndex: null]], volume='63f33281-47de-4f7e-8126-c385d72b32ee', bucket='50cbbc8d-0a11-4724-a589-6b17e3320792', bucketId=-9223372036854711552, purgedBytes=12582912, isCommittedKey=false, deleteKeyName='/63f33281-47de-4f7e-8126-c385d72b32ee/50cbbc8d-0a11-4724-a589-6b17e3320792/3fc0f8c2-c051-471c-8a6e-2c8ddd08702b/-9223372036854710528'}, PurgedKey{blockGroup=BlockGroup[groupID='/63f33281-47de-4f7e-8126-c385d72b32ee/50cbbc8d-0a11-4724-a589-6b17e3320792/3fc0f8c2-c051-471c-8a6e-2c8ddd08702b/-9223372036854711040/0', blockIDs=[conID: 14 locID: 115816896921600076 bcsId: 0 replicaIndex: null]], volume='63f33281-47de-4f7e-8126-c385d72b32ee', bucket='50cbbc8d-0a11-4724-a589-6b17e3320792', bucketId=-9223372036854711552, purgedBytes=12582912, isCommittedKey=false, deleteKeyName='/63f33281-47de-4f7e-8126-c385d72b32ee/50cbbc8d-0a11-4724-a589-6b17e3320792/3fc0f8c2-c051-471c-8a6e-2c8ddd08702b/-9223372036854711040'}, PurgedKey{blockGroup=BlockGroup[groupID='/ce96e56f-4dd7-4350-af8e-0764e5b248be/cd439430-079d-48b4-8346-efaad2be788a/6dfe14f3-3df3-4557-bd7d-ccaaee3e7784/-9223372036854708736/0', blockIDs=[conID: 14 locID: 115816896921600078 bcsId: 0 replicaIndex: null]], volume='ce96e56f-4dd7-4350-af8e-0764e5b248be', bucket='cd439430-079d-48b4-8346-efaad2be788a', bucketId=-9223372036854709760, purgedBytes=3, isCommittedKey=true, deleteKeyName='/ce96e56f-4dd7-4350-af8e-0764e5b248be/cd439430-079d-48b4-8346-efaad2be788a/6dfe14f3-3df3-4557-bd7d-ccaaee3e7784/-9223372036854708736'}]
2025-10-16 19:47:48,363 | INFO  | SCMAudit | user=runner | ip=127.0.0.1 | op=DELETE_KEY_BLOCK {"KeyBlockToDelete":"[BlockGroup[groupID='/ce96e56f-4dd7-4350-af8e-0764e5b248be/cd439430-079d-48b4-8346-efaad2be788a/6dfe14f3-3df3-4557-bd7d-ccaaee3e7784/-9223372036854708736/0', blockIDs=[conID: 14 locID: 115816896921600078 bcsId: 0 replicaIndex: null]], BlockGroup[groupID='/63f33281-47de-4f7e-8126-c385d72b32ee/50cbbc8d-0a11-4724-a589-6b17e3320792/3fc0f8c2-c051-471c-8a6e-2c8ddd08702b/-9223372036854710528/0', blockIDs=[conID: 15 locID: 115816896921600077 bcsId: 0 replicaIndex: null]], BlockGroup[groupID='/63f33281-47de-4f7e-8126-c385d72b32ee/50cbbc8d-0a11-4724-a589-6b17e3320792/3fc0f8c2-c051-471c-8a6e-2c8ddd08702b/-9223372036854711040/0', blockIDs=[conID: 14 locID: 115816896921600076 bcsId: 0 replicaIndex: null]]]"} | ret=SUCCESS |  
2025-10-16 19:47:48,363 [om1-KeyDeletingService#9] INFO  service.KeyDeletingService (KeyDeletingService.java:processKeyDeletes(158)) - 3 BlockGroup deletion are acked by SCM in 3 ms
2025-10-16 19:47:48,365 [om1-KeyDeletingService#9] INFO  service.KeyDeletingService (KeyDeletingService.java:processKeyDeletes(166)) - Blocks for 3 (out of 3) keys are deleted from DB in 2 ms. Limit per task is 50000.
2025-10-16 19:47:48,374 | INFO  | SCMAudit | user=runner | ip=127.0.0.1 | op=SEND_HEARTBEAT {"datanodeUUID":"c0724e9c-0dd4-4d47-992c-7bfe285fdd38","term":"2","command":"[]"} | ret=SUCCESS |  
2025-10-16 19:47:48,535 | INFO  | SCMAudit | user=runner | ip=127.0.0.1 | op=SEND_HEARTBEAT {"datanodeUUID":"e072d245-7694-4d97-8e20-c503ebf8c2fe","term":"2","command":"[]"} | ret=SUCCESS |  
2025-10-16 19:47:48,535 | INFO  | SCMAudit | user=runner | ip=127.0.0.1 | op=SEND_HEARTBEAT {"datanodeUUID":"76d4ba71-5bbb-4b24-8f51-8bc7f78aaca4","term":"2","command":"[]"} | ret=SUCCESS |  
2025-10-16 19:47:48,537 | INFO  | SCMAudit | user=runner | ip=127.0.0.1 | op=SEND_HEARTBEAT {"datanodeUUID":"8a0fa2ff-b550-4652-b2fe-0cf91cd4a157","term":"2","command":"[]"} | ret=SUCCESS |  
2025-10-16 19:47:48,585 | INFO  | SCMAudit | user=runner | ip=127.0.0.1 | op=SEND_HEARTBEAT {"datanodeUUID":"8a3c3252-9afe-4d3a-8492-25be6557678a","term":"2","command":"[]"} | ret=SUCCESS |  
2025-10-16 19:47:48,586 | INFO  | SCMAudit | user=runner | ip=127.0.0.1 | op=SEND_HEARTBEAT {"datanodeUUID":"f700af26-0e26-4136-9205-9509c82c8c70","term":"2","command":"[]"} | ret=SUCCESS |  
2025-10-16 19:47:48,586 | INFO  | SCMAudit | user=runner | ip=127.0.0.1 | op=SEND_HEARTBEAT {"datanodeUUID":"764b18f0-81c5-439a-9fff-25adc4f241fa","term":"2","command":"[]"} | ret=SUCCESS |  
2025-10-16 19:47:48,605 | INFO  | OMAudit | user=runner | ip=127.0.0.1 | op=READ_VOLUME {"volume":"ce96e56f-4dd7-4350-af8e-0764e5b248be"} | ret=SUCCESS |  
2025-10-16 19:47:48,607 | INFO  | OMAudit | user=runner | ip=127.0.0.1 | op=READ_BUCKET {"volume":"ce96e56f-4dd7-4350-af8e-0764e5b248be","bucket":"cd439430-079d-48b4-8346-efaad2be788a"} | ret=SUCCESS |  
2025-10-16 19:47:48,610 | INFO  | OMAudit | user=runner | ip=127.0.0.1 | op=DELETE_KEY {"volume":"ce96e56f-4dd7-4350-af8e-0764e5b248be","bucket":"cd439430-079d-48b4-8346-efaad2be788a","key":"6dfe14f3-3df3-4557-bd7d-ccaaee3e7784","dataSize":"1","replicationConfig":"RATIS/THREE","Transaction":"264"} | ret=SUCCESS |  
2025-10-16 19:47:48,611 | INFO  | OMAudit | user=runner | ip=127.0.0.1 | op=READ_VOLUME {"volume":"ce96e56f-4dd7-4350-af8e-0764e5b248be"} | ret=SUCCESS |  
2025-10-16 19:47:48,612 | INFO  | OMAudit | user=runner | ip=127.0.0.1 | op=READ_BUCKET {"volume":"ce96e56f-4dd7-4350-af8e-0764e5b248be","bucket":"cd439430-079d-48b4-8346-efaad2be788a"} | ret=SUCCESS |  
2025-10-16 19:47:48,700 | INFO  | SCMAudit | user=runner | ip=127.0.0.1 | op=SEND_HEARTBEAT {"datanodeUUID":"757ca056-973f-4f05-ab2d-6aff6c54d452","term":"2","command":"[]"} | ret=SUCCESS |  
2025-10-16 19:47:48,962 | INFO  | SCMAudit | user=runner | ip=127.0.0.1 | op=SEND_HEARTBEAT {"datanodeUUID":"aa213937-adc5-47da-a770-0ee1e4664344","term":"2","command":"[]"} | ret=SUCCESS |  
2025-10-16 19:47:49,097 | INFO  | SCMAudit | user=runner | ip=127.0.0.1 | op=SEND_HEARTBEAT {"datanodeUUID":"e33e6ec4-6b66-4281-bedd-2bd75bd30070","term":"2","command":"[]"} | ret=SUCCESS |  
2025-10-16 19:47:49,117 | INFO  | SCMAudit | user=runner | ip=127.0.0.1 | op=SEND_HEARTBEAT {"datanodeUUID":"0e8b6cc7-9945-4141-97fc-6aa017a0d5fa","term":"2","command":"[]"} | ret=SUCCESS |  
2025-10-16 19:47:49,154 | INFO  | SCMAudit | user=runner | ip=127.0.0.1 | op=SEND_HEARTBEAT {"datanodeUUID":"0428ab3f-efd5-438e-ae11-9ec242443260","term":"2","command":"[]"} | ret=SUCCESS |  
2025-10-16 19:47:49,198 | INFO  | SCMAudit | user=runner | ip=127.0.0.1 | op=SEND_HEARTBEAT {"datanodeUUID":"702cb173-5c73-4ecc-b5cd-c7b4a6b66aea","term":"2","command":"[]"} | ret=SUCCESS |  
2025-10-16 19:47:49,259 | INFO  | SCMAudit | user=runner | ip=127.0.0.1 | op=SEND_HEARTBEAT {"datanodeUUID":"58cff6b7-b2a7-446b-a75a-bb98ad6b11b8","term":"2","command":"[]"} | ret=SUCCESS |  
2025-10-16 19:47:49,360 [om1-KeyDeletingService#6] INFO  service.KeyDeletingService (KeyDeletingService.java:processKeyDeletes(151)) - Send 1 key(s) to SCM, first 1 keys: [PurgedKey{blockGroup=BlockGroup[groupID='/ce96e56f-4dd7-4350-af8e-0764e5b248be/cd439430-079d-48b4-8346-efaad2be788a/6dfe14f3-3df3-4557-bd7d-ccaaee3e7784/-9223372036854709503/0', blockIDs=[conID: 15 locID: 115816896921600079 bcsId: 0 replicaIndex: null]], volume='ce96e56f-4dd7-4350-af8e-0764e5b248be', bucket='cd439430-079d-48b4-8346-efaad2be788a', bucketId=-9223372036854709760, purgedBytes=3, isCommittedKey=true, deleteKeyName='/ce96e56f-4dd7-4350-af8e-0764e5b248be/cd439430-079d-48b4-8346-efaad2be788a/6dfe14f3-3df3-4557-bd7d-ccaaee3e7784/-9223372036854709503'}]
2025-10-16 19:47:49,362 | INFO  | SCMAudit | user=runner | ip=127.0.0.1 | op=DELETE_KEY_BLOCK {"KeyBlockToDelete":"[BlockGroup[groupID='/ce96e56f-4dd7-4350-af8e-0764e5b248be/cd439430-079d-48b4-8346-efaad2be788a/6dfe14f3-3df3-4557-bd7d-ccaaee3e7784/-9223372036854709503/0', blockIDs=[conID: 15 locID: 115816896921600079 bcsId: 0 replicaIndex: null]]]"} | ret=SUCCESS |  
2025-10-16 19:47:49,362 [om1-KeyDeletingService#6] INFO  service.KeyDeletingService (KeyDeletingService.java:processKeyDeletes(158)) - 1 BlockGroup deletion are acked by SCM in 3 ms
2025-10-16 19:47:49,364 [om1-KeyDeletingService#6] INFO  service.KeyDeletingService (KeyDeletingService.java:processKeyDeletes(166)) - Blocks for 1 (out of 1) keys are deleted from DB in 1 ms. Limit per task is 50000.
2025-10-16 19:47:49,374 | INFO  | SCMAudit | user=runner | ip=127.0.0.1 | op=SEND_HEARTBEAT {"datanodeUUID":"c0724e9c-0dd4-4d47-992c-7bfe285fdd38","term":"2","command":"[]"} | ret=SUCCESS |  
2025-10-16 19:47:49,535 | INFO  | SCMAudit | user=runner | ip=127.0.0.1 | op=SEND_HEARTBEAT {"datanodeUUID":"e072d245-7694-4d97-8e20-c503ebf8c2fe","term":"2","command":"[]"} | ret=SUCCESS |  
2025-10-16 19:47:49,535 | INFO  | SCMAudit | user=runner | ip=127.0.0.1 | op=SEND_HEARTBEAT {"datanodeUUID":"76d4ba71-5bbb-4b24-8f51-8bc7f78aaca4","term":"2","command":"[]"} | ret=SUCCESS |  
2025-10-16 19:47:49,536 | INFO  | SCMAudit | user=runner | ip=127.0.0.1 | op=SEND_HEARTBEAT {"datanodeUUID":"8a0fa2ff-b550-4652-b2fe-0cf91cd4a157","term":"2","command":"[]"} | ret=SUCCESS |  
2025-10-16 19:47:49,586 | INFO  | SCMAudit | user=runner | ip=127.0.0.1 | op=SEND_HEARTBEAT {"datanodeUUID":"8a3c3252-9afe-4d3a-8492-25be6557678a","term":"2","command":"[]"} | ret=SUCCESS |  
2025-10-16 19:47:49,586 | INFO  | SCMAudit | user=runner | ip=127.0.0.1 | op=SEND_HEARTBEAT {"datanodeUUID":"764b18f0-81c5-439a-9fff-25adc4f241fa","term":"2","command":"[]"} | ret=SUCCESS |  
2025-10-16 19:47:49,586 | INFO  | SCMAudit | user=runner | ip=127.0.0.1 | op=SEND_HEARTBEAT {"datanodeUUID":"f700af26-0e26-4136-9205-9509c82c8c70","term":"2","command":"[]"} | ret=SUCCESS |  
2025-10-16 19:47:49,613 | INFO  | OMAudit | user=runner | ip=127.0.0.1 | op=READ_VOLUME {"volume":"ce96e56f-4dd7-4350-af8e-0764e5b248be"} | ret=SUCCESS |  
2025-10-16 19:47:49,614 | INFO  | OMAudit | user=runner | ip=127.0.0.1 | op=READ_BUCKET {"volume":"ce96e56f-4dd7-4350-af8e-0764e5b248be","bucket":"cd439430-079d-48b4-8346-efaad2be788a"} | ret=SUCCESS |  
2025-10-16 19:47:49,615 [ForkJoinPool-1-worker-1] INFO  rpc.RpcClient (RpcClient.java:createVolume(461)) - Creating Volume: 2acd7cee-8643-46b7-a70d-1b7ab6619a5a, with runner as owner and space quota set to -1 bytes, counts quota set to -1
2025-10-16 19:47:49,617 [om1-OMStateMachineApplyTransactionThread - 0] INFO  volume.OMVolumeCreateRequest (OMVolumeCreateRequest.java:validateAndUpdateCache(213)) - created volume:2acd7cee-8643-46b7-a70d-1b7ab6619a5a for user:runner
2025-10-16 19:47:49,617 | INFO  | OMAudit | user=runner | ip=127.0.0.1 | op=CREATE_VOLUME {"admin":"runner","owner":"runner","volume":"2acd7cee-8643-46b7-a70d-1b7ab6619a5a","creationTime":"1760644069616","modificationTime":"1760644069616","quotaInBytes":"-1","quotaInNamespace":"-1","usedNamespace":"0","objectID":"-9223372036854707712","updateID":"266","Transaction":"266"} | ret=SUCCESS |  
2025-10-16 19:47:49,618 | INFO  | OMAudit | user=runner | ip=127.0.0.1 | op=READ_VOLUME {"volume":"2acd7cee-8643-46b7-a70d-1b7ab6619a5a"} | ret=SUCCESS |  
2025-10-16 19:47:49,619 [ForkJoinPool-1-worker-1] INFO  rpc.RpcClient (RpcClient.java:createBucket(686)) - Creating Bucket: 2acd7cee-8643-46b7-a70d-1b7ab6619a5a/375561ee-045e-4b44-908d-613fe0139aff, with server-side default bucket layout, runner as owner, Versioning false, Storage Type set to DISK and Encryption set to false, Replication Type set to server-side default replication type, Namespace Quota set to -1, Space Quota set to -1 
2025-10-16 19:47:49,621 [om1-OMStateMachineApplyTransactionThread - 0] INFO  bucket.OMBucketCreateRequest (OMBucketCreateRequest.java:validateAndUpdateCache(303)) - created bucket: 375561ee-045e-4b44-908d-613fe0139aff of layout FILE_SYSTEM_OPTIMIZED in volume: 2acd7cee-8643-46b7-a70d-1b7ab6619a5a
2025-10-16 19:47:49,621 | INFO  | OMAudit | user=runner | ip=127.0.0.1 | op=CREATE_BUCKET {"volume":"2acd7cee-8643-46b7-a70d-1b7ab6619a5a","bucket":"375561ee-045e-4b44-908d-613fe0139aff","bucketLayout":"FILE_SYSTEM_OPTIMIZED","gdprEnabled":null,"acls":"[user:runner:a[ACCESS], group:runner:rl[ACCESS]]","isVersionEnabled":"false","storageType":"DISK","creationTime":"1760644069620","bucketEncryptionKey":null,"modificationTime":"1760644069620","usedBytes":"0","usedNamespace":"0","snapshotUsedBytes":"0","snapshotUsedNamespace":"0","owner":"runner","replicationType":null,"replicationConfig":null,"quotaInBytes":"-1","quotaInNamespace":"-1","Transaction":"267"} | ret=SUCCESS |  
2025-10-16 19:47:49,622 | INFO  | OMAudit | user=runner | ip=127.0.0.1 | op=READ_BUCKET {"volume":"2acd7cee-8643-46b7-a70d-1b7ab6619a5a","bucket":"375561ee-045e-4b44-908d-613fe0139aff"} | ret=SUCCESS |  
2025-10-16 19:47:49,623 | INFO  | OMAudit | user=runner | ip=127.0.0.1 | op=READ_BUCKET {"volume":"2acd7cee-8643-46b7-a70d-1b7ab6619a5a","bucket":"375561ee-045e-4b44-908d-613fe0139aff"} | ret=SUCCESS |  
2025-10-16 19:47:49,625 | INFO  | SCMAudit | user=runner | ip=127.0.0.1 | op=ALLOCATE_BLOCK {"replication":"RATIS/THREE","owner":"omServiceIdDefault","size":"4194304","sampleBlocks":"[conID: 16 locID: 115816896921600080]","num":"1","client":"","allocated":"1"} | ret=SUCCESS |  
2025-10-16 19:47:49,627 | INFO  | OMAudit | user=runner | ip=127.0.0.1 | op=ALLOCATE_KEY {"volume":"2acd7cee-8643-46b7-a70d-1b7ab6619a5a","bucket":"375561ee-045e-4b44-908d-613fe0139aff","key":"11a9fea6-97fa-4543-8220-ddba2b247c80","dataSize":"4194304","replicationType":"RATIS","replicationFactor":"THREE","Transaction":"268"} | ret=SUCCESS |  
2025-10-16 19:47:49,629 | INFO  | OMAudit | user=runner | ip=127.0.0.1 | op=READ_VOLUME {"volume":"2acd7cee-8643-46b7-a70d-1b7ab6619a5a"} | ret=SUCCESS |  
2025-10-16 19:47:49,630 | INFO  | OMAudit | user=runner | ip=127.0.0.1 | op=READ_BUCKET {"volume":"2acd7cee-8643-46b7-a70d-1b7ab6619a5a","bucket":"375561ee-045e-4b44-908d-613fe0139aff"} | ret=SUCCESS |  
2025-10-16 19:47:49,649 | INFO  | ContainerLog | ID=16 | Index=0 | BCSID=0 | State=OPEN | Volume=/home/runner/work/ozone/ozone/hadoop-ozone/integration-test/target/test-dir/MiniOzoneClusterImpl-e7911277-7775-4457-96c8-94071a26a1ce/ozone-metadata/datanode-4/data-0/hdds | DataChecksum=0 |  
2025-10-16 19:47:49,655 | INFO  | SCMAudit | user=runner | ip=127.0.0.1 | op=SEND_HEARTBEAT {"datanodeUUID":"aa213937-adc5-47da-a770-0ee1e4664344","term":"2","command":"[]"} | ret=SUCCESS |  
2025-10-16 19:47:49,657 | INFO  | ContainerLog | ID=16 | Index=0 | BCSID=0 | State=OPEN | Volume=/home/runner/work/ozone/ozone/hadoop-ozone/integration-test/target/test-dir/MiniOzoneClusterImpl-e7911277-7775-4457-96c8-94071a26a1ce/ozone-metadata/datanode-6/data-0/hdds | DataChecksum=0 |  
2025-10-16 19:47:49,661 | INFO  | SCMAudit | user=runner | ip=127.0.0.1 | op=SEND_HEARTBEAT {"datanodeUUID":"0428ab3f-efd5-438e-ae11-9ec242443260","term":"2","command":"[]"} | ret=SUCCESS |  
2025-10-16 19:47:49,660 | INFO  | ContainerLog | ID=16 | Index=0 | BCSID=0 | State=OPEN | Volume=/home/runner/work/ozone/ozone/hadoop-ozone/integration-test/target/test-dir/MiniOzoneClusterImpl-e7911277-7775-4457-96c8-94071a26a1ce/ozone-metadata/datanode-5/data-0/hdds | DataChecksum=0 |  
2025-10-16 19:47:49,666 | INFO  | SCMAudit | user=runner | ip=127.0.0.1 | op=SEND_HEARTBEAT {"datanodeUUID":"58cff6b7-b2a7-446b-a75a-bb98ad6b11b8","term":"2","command":"[]"} | ret=SUCCESS |  
2025-10-16 19:47:49,705 | INFO  | SCMAudit | user=runner | ip=127.0.0.1 | op=SEND_HEARTBEAT {"datanodeUUID":"757ca056-973f-4f05-ab2d-6aff6c54d452","term":"2","command":"[]"} | ret=SUCCESS |  
2025-10-16 19:47:49,720 | INFO  | OMAudit | user=runner | ip=127.0.0.1 | op=COMMIT_KEY {"volume":"2acd7cee-8643-46b7-a70d-1b7ab6619a5a","bucket":"375561ee-045e-4b44-908d-613fe0139aff","key":"11a9fea6-97fa-4543-8220-ddba2b247c80","dataSize":"4194304","replicationType":"RATIS","replicationFactor":"THREE","Transaction":"269"} | ret=SUCCESS |  
2025-10-16 19:47:49,723 | INFO  | OMAudit | user=runner | ip=127.0.0.1 | op=READ_VOLUME {"volume":"2acd7cee-8643-46b7-a70d-1b7ab6619a5a"} | ret=SUCCESS |  
2025-10-16 19:47:49,724 | INFO  | OMAudit | user=runner | ip=127.0.0.1 | op=READ_BUCKET {"volume":"2acd7cee-8643-46b7-a70d-1b7ab6619a5a","bucket":"375561ee-045e-4b44-908d-613fe0139aff"} | ret=SUCCESS |  
2025-10-16 19:47:49,726 | INFO  | OMAudit | user=runner | ip=127.0.0.1 | op=READ_BUCKET {"volume":"2acd7cee-8643-46b7-a70d-1b7ab6619a5a","bucket":"375561ee-045e-4b44-908d-613fe0139aff"} | ret=SUCCESS |  
2025-10-16 19:47:49,727 | INFO  | SCMAudit | user=runner | ip=127.0.0.1 | op=ALLOCATE_BLOCK {"replication":"RATIS/THREE","owner":"omServiceIdDefault","size":"4194304","sampleBlocks":"[conID: 15 locID: 115816896921600081]","num":"1","client":"","allocated":"1"} | ret=SUCCESS |  
2025-10-16 19:47:49,730 | INFO  | OMAudit | user=runner | ip=127.0.0.1 | op=ALLOCATE_KEY {"volume":"2acd7cee-8643-46b7-a70d-1b7ab6619a5a","bucket":"375561ee-045e-4b44-908d-613fe0139aff","key":"11a9fea6-97fa-4543-8220-ddba2b247c80","dataSize":"4194304","replicationType":"RATIS","replicationFactor":"THREE","Transaction":"270"} | ret=SUCCESS |  
2025-10-16 19:47:49,732 | INFO  | OMAudit | user=runner | ip=127.0.0.1 | op=READ_VOLUME {"volume":"2acd7cee-8643-46b7-a70d-1b7ab6619a5a"} | ret=SUCCESS |  
2025-10-16 19:47:49,733 | INFO  | OMAudit | user=runner | ip=127.0.0.1 | op=READ_BUCKET {"volume":"2acd7cee-8643-46b7-a70d-1b7ab6619a5a","bucket":"375561ee-045e-4b44-908d-613fe0139aff"} | ret=SUCCESS |  
2025-10-16 19:47:49,815 | INFO  | OMAudit | user=runner | ip=127.0.0.1 | op=COMMIT_KEY {"volume":"2acd7cee-8643-46b7-a70d-1b7ab6619a5a","bucket":"375561ee-045e-4b44-908d-613fe0139aff","key":"11a9fea6-97fa-4543-8220-ddba2b247c80","dataSize":"4194304","replicationType":"RATIS","replicationFactor":"THREE","Transaction":"271"} | ret=SUCCESS |  
2025-10-16 19:47:49,818 | INFO  | OMAudit | user=runner | ip=127.0.0.1 | op=READ_VOLUME {"volume":"2acd7cee-8643-46b7-a70d-1b7ab6619a5a"} | ret=SUCCESS |  
2025-10-16 19:47:49,819 | INFO  | OMAudit | user=runner | ip=127.0.0.1 | op=READ_BUCKET {"volume":"2acd7cee-8643-46b7-a70d-1b7ab6619a5a","bucket":"375561ee-045e-4b44-908d-613fe0139aff"} | ret=SUCCESS |  
2025-10-16 19:47:50,098 | INFO  | SCMAudit | user=runner | ip=127.0.0.1 | op=SEND_HEARTBEAT {"datanodeUUID":"e33e6ec4-6b66-4281-bedd-2bd75bd30070","term":"2","command":"[]"} | ret=SUCCESS |  
2025-10-16 19:47:50,117 | INFO  | SCMAudit | user=runner | ip=127.0.0.1 | op=SEND_HEARTBEAT {"datanodeUUID":"0e8b6cc7-9945-4141-97fc-6aa017a0d5fa","term":"2","command":"[]"} | ret=SUCCESS |  
2025-10-16 19:47:50,197 | INFO  | SCMAudit | user=runner | ip=127.0.0.1 | op=SEND_HEARTBEAT {"datanodeUUID":"702cb173-5c73-4ecc-b5cd-c7b4a6b66aea","term":"2","command":"[]"} | ret=SUCCESS |  
2025-10-16 19:47:50,361 [om1-KeyDeletingService#7] INFO  service.KeyDeletingService (KeyDeletingService.java:processKeyDeletes(151)) - Send 1 key(s) to SCM, first 1 keys: [PurgedKey{blockGroup=BlockGroup[groupID='/2acd7cee-8643-46b7-a70d-1b7ab6619a5a/375561ee-045e-4b44-908d-613fe0139aff/11a9fea6-97fa-4543-8220-ddba2b247c80/-9223372036854706432/0', blockIDs=[conID: 16 locID: 115816896921600080 bcsId: 0 replicaIndex: null]], volume='2acd7cee-8643-46b7-a70d-1b7ab6619a5a', bucket='375561ee-045e-4b44-908d-613fe0139aff', bucketId=-9223372036854707456, purgedBytes=12582912, isCommittedKey=true, deleteKeyName='/2acd7cee-8643-46b7-a70d-1b7ab6619a5a/375561ee-045e-4b44-908d-613fe0139aff/11a9fea6-97fa-4543-8220-ddba2b247c80/-9223372036854706432'}]
2025-10-16 19:47:50,363 | INFO  | SCMAudit | user=runner | ip=127.0.0.1 | op=DELETE_KEY_BLOCK {"KeyBlockToDelete":"[BlockGroup[groupID='/2acd7cee-8643-46b7-a70d-1b7ab6619a5a/375561ee-045e-4b44-908d-613fe0139aff/11a9fea6-97fa-4543-8220-ddba2b247c80/-9223372036854706432/0', blockIDs=[conID: 16 locID: 115816896921600080 bcsId: 0 replicaIndex: null]]]"} | ret=SUCCESS |  
2025-10-16 19:47:50,363 [om1-KeyDeletingService#7] INFO  service.KeyDeletingService (KeyDeletingService.java:processKeyDeletes(158)) - 1 BlockGroup deletion are acked by SCM in 3 ms
2025-10-16 19:47:50,365 [om1-KeyDeletingService#7] INFO  service.KeyDeletingService (KeyDeletingService.java:processKeyDeletes(166)) - Blocks for 1 (out of 1) keys are deleted from DB in 1 ms. Limit per task is 50000.
2025-10-16 19:47:50,375 | INFO  | SCMAudit | user=runner | ip=127.0.0.1 | op=SEND_HEARTBEAT {"datanodeUUID":"c0724e9c-0dd4-4d47-992c-7bfe285fdd38","term":"2","command":"[]"} | ret=SUCCESS |  
2025-10-16 19:47:50,536 | INFO  | SCMAudit | user=runner | ip=127.0.0.1 | op=SEND_HEARTBEAT {"datanodeUUID":"76d4ba71-5bbb-4b24-8f51-8bc7f78aaca4","term":"2","command":"[]"} | ret=SUCCESS |  
2025-10-16 19:47:50,536 | INFO  | SCMAudit | user=runner | ip=127.0.0.1 | op=SEND_HEARTBEAT {"datanodeUUID":"e072d245-7694-4d97-8e20-c503ebf8c2fe","term":"2","command":"[]"} | ret=SUCCESS |  
2025-10-16 19:47:50,537 | INFO  | SCMAudit | user=runner | ip=127.0.0.1 | op=SEND_HEARTBEAT {"datanodeUUID":"8a0fa2ff-b550-4652-b2fe-0cf91cd4a157","term":"2","command":"[]"} | ret=SUCCESS |  
2025-10-16 19:47:50,586 | INFO  | SCMAudit | user=runner | ip=127.0.0.1 | op=SEND_HEARTBEAT {"datanodeUUID":"8a3c3252-9afe-4d3a-8492-25be6557678a","term":"2","command":"[]"} | ret=SUCCESS |  
2025-10-16 19:47:50,586 | INFO  | SCMAudit | user=runner | ip=127.0.0.1 | op=SEND_HEARTBEAT {"datanodeUUID":"764b18f0-81c5-439a-9fff-25adc4f241fa","term":"2","command":"[]"} | ret=SUCCESS |  
2025-10-16 19:47:50,587 | INFO  | SCMAudit | user=runner | ip=127.0.0.1 | op=SEND_HEARTBEAT {"datanodeUUID":"f700af26-0e26-4136-9205-9509c82c8c70","term":"2","command":"[]"} | ret=SUCCESS |  
2025-10-16 19:47:50,653 | INFO  | SCMAudit | user=runner | ip=127.0.0.1 | op=SEND_HEARTBEAT {"datanodeUUID":"aa213937-adc5-47da-a770-0ee1e4664344","term":"2","command":"[]"} | ret=SUCCESS |  
2025-10-16 19:47:50,658 | INFO  | SCMAudit | user=runner | ip=127.0.0.1 | op=SEND_HEARTBEAT {"datanodeUUID":"0428ab3f-efd5-438e-ae11-9ec242443260","term":"2","command":"[]"} | ret=SUCCESS |  
2025-10-16 19:47:50,663 | INFO  | SCMAudit | user=runner | ip=127.0.0.1 | op=SEND_HEARTBEAT {"datanodeUUID":"58cff6b7-b2a7-446b-a75a-bb98ad6b11b8","term":"2","command":"[]"} | ret=SUCCESS |  
2025-10-16 19:47:50,702 | INFO  | SCMAudit | user=runner | ip=127.0.0.1 | op=SEND_HEARTBEAT {"datanodeUUID":"757ca056-973f-4f05-ab2d-6aff6c54d452","term":"2","command":"[]"} | ret=SUCCESS |  
2025-10-16 19:47:50,821 | INFO  | OMAudit | user=runner | ip=127.0.0.1 | op=READ_VOLUME {"volume":"2acd7cee-8643-46b7-a70d-1b7ab6619a5a"} | ret=SUCCESS |  
2025-10-16 19:47:50,822 | INFO  | OMAudit | user=runner | ip=127.0.0.1 | op=READ_BUCKET {"volume":"2acd7cee-8643-46b7-a70d-1b7ab6619a5a","bucket":"375561ee-045e-4b44-908d-613fe0139aff"} | ret=SUCCESS |  
2025-10-16 19:47:50,825 | INFO  | OMAudit | user=runner | ip=127.0.0.1 | op=DELETE_KEY {"volume":"2acd7cee-8643-46b7-a70d-1b7ab6619a5a","bucket":"375561ee-045e-4b44-908d-613fe0139aff","key":"11a9fea6-97fa-4543-8220-ddba2b247c80","dataSize":"4194304","replicationConfig":"RATIS/THREE","Transaction":"273"} | ret=SUCCESS |  
2025-10-16 19:47:50,826 | INFO  | OMAudit | user=runner | ip=127.0.0.1 | op=READ_VOLUME {"volume":"2acd7cee-8643-46b7-a70d-1b7ab6619a5a"} | ret=SUCCESS |  
2025-10-16 19:47:50,827 | INFO  | OMAudit | user=runner | ip=127.0.0.1 | op=READ_BUCKET {"volume":"2acd7cee-8643-46b7-a70d-1b7ab6619a5a","bucket":"375561ee-045e-4b44-908d-613fe0139aff"} | ret=SUCCESS |  
2025-10-16 19:47:51,097 | INFO  | SCMAudit | user=runner | ip=127.0.0.1 | op=SEND_HEARTBEAT {"datanodeUUID":"e33e6ec4-6b66-4281-bedd-2bd75bd30070","term":"2","command":"[]"} | ret=SUCCESS |  
2025-10-16 19:47:51,116 | INFO  | SCMAudit | user=runner | ip=127.0.0.1 | op=SEND_HEARTBEAT {"datanodeUUID":"0e8b6cc7-9945-4141-97fc-6aa017a0d5fa","term":"2","command":"[]"} | ret=SUCCESS |  
2025-10-16 19:47:51,198 | INFO  | SCMAudit | user=runner | ip=127.0.0.1 | op=SEND_HEARTBEAT {"datanodeUUID":"702cb173-5c73-4ecc-b5cd-c7b4a6b66aea","term":"2","command":"[]"} | ret=SUCCESS |  
2025-10-16 19:47:51,360 [om1-KeyDeletingService#3] INFO  service.KeyDeletingService (KeyDeletingService.java:processKeyDeletes(151)) - Send 1 key(s) to SCM, first 1 keys: [PurgedKey{blockGroup=BlockGroup[groupID='/2acd7cee-8643-46b7-a70d-1b7ab6619a5a/375561ee-045e-4b44-908d-613fe0139aff/11a9fea6-97fa-4543-8220-ddba2b247c80/-9223372036854707199/0', blockIDs=[conID: 15 locID: 115816896921600081 bcsId: 0 replicaIndex: null]], volume='2acd7cee-8643-46b7-a70d-1b7ab6619a5a', bucket='375561ee-045e-4b44-908d-613fe0139aff', bucketId=-9223372036854707456, purgedBytes=12582912, isCommittedKey=true, deleteKeyName='/2acd7cee-8643-46b7-a70d-1b7ab6619a5a/375561ee-045e-4b44-908d-613fe0139aff/11a9fea6-97fa-4543-8220-ddba2b247c80/-9223372036854707199'}]
2025-10-16 19:47:51,362 | INFO  | SCMAudit | user=runner | ip=127.0.0.1 | op=DELETE_KEY_BLOCK {"KeyBlockToDelete":"[BlockGroup[groupID='/2acd7cee-8643-46b7-a70d-1b7ab6619a5a/375561ee-045e-4b44-908d-613fe0139aff/11a9fea6-97fa-4543-8220-ddba2b247c80/-9223372036854707199/0', blockIDs=[conID: 15 locID: 115816896921600081 bcsId: 0 replicaIndex: null]]]"} | ret=SUCCESS |  
2025-10-16 19:47:51,363 [om1-KeyDeletingService#3] INFO  service.KeyDeletingService (KeyDeletingService.java:processKeyDeletes(158)) - 1 BlockGroup deletion are acked by SCM in 3 ms
2025-10-16 19:47:51,364 [om1-KeyDeletingService#3] INFO  service.KeyDeletingService (KeyDeletingService.java:processKeyDeletes(166)) - Blocks for 1 (out of 1) keys are deleted from DB in 1 ms. Limit per task is 50000.
2025-10-16 19:47:51,375 | INFO  | SCMAudit | user=runner | ip=127.0.0.1 | op=SEND_HEARTBEAT {"datanodeUUID":"c0724e9c-0dd4-4d47-992c-7bfe285fdd38","term":"2","command":"[]"} | ret=SUCCESS |  
2025-10-16 19:47:51,536 | INFO  | SCMAudit | user=runner | ip=127.0.0.1 | op=SEND_HEARTBEAT {"datanodeUUID":"76d4ba71-5bbb-4b24-8f51-8bc7f78aaca4","term":"2","command":"[]"} | ret=SUCCESS |  
2025-10-16 19:47:51,536 | INFO  | SCMAudit | user=runner | ip=127.0.0.1 | op=SEND_HEARTBEAT {"datanodeUUID":"e072d245-7694-4d97-8e20-c503ebf8c2fe","term":"2","command":"[]"} | ret=SUCCESS |  
2025-10-16 19:47:51,537 | INFO  | SCMAudit | user=runner | ip=127.0.0.1 | op=SEND_HEARTBEAT {"datanodeUUID":"8a0fa2ff-b550-4652-b2fe-0cf91cd4a157","term":"2","command":"[]"} | ret=SUCCESS |  
2025-10-16 19:47:51,586 | INFO  | SCMAudit | user=runner | ip=127.0.0.1 | op=SEND_HEARTBEAT {"datanodeUUID":"764b18f0-81c5-439a-9fff-25adc4f241fa","term":"2","command":"[]"} | ret=SUCCESS |  
2025-10-16 19:47:51,586 | INFO  | SCMAudit | user=runner | ip=127.0.0.1 | op=SEND_HEARTBEAT {"datanodeUUID":"8a3c3252-9afe-4d3a-8492-25be6557678a","term":"2","command":"[]"} | ret=SUCCESS |  
2025-10-16 19:47:51,586 | INFO  | SCMAudit | user=runner | ip=127.0.0.1 | op=SEND_HEARTBEAT {"datanodeUUID":"f700af26-0e26-4136-9205-9509c82c8c70","term":"2","command":"[]"} | ret=SUCCESS |  
2025-10-16 19:47:51,653 | INFO  | SCMAudit | user=runner | ip=127.0.0.1 | op=SEND_HEARTBEAT {"datanodeUUID":"aa213937-adc5-47da-a770-0ee1e4664344","term":"2","command":"[]"} | ret=SUCCESS |  
2025-10-16 19:47:51,658 | INFO  | SCMAudit | user=runner | ip=127.0.0.1 | op=SEND_HEARTBEAT {"datanodeUUID":"0428ab3f-efd5-438e-ae11-9ec242443260","term":"2","command":"[]"} | ret=SUCCESS |  
2025-10-16 19:47:51,664 | INFO  | SCMAudit | user=runner | ip=127.0.0.1 | op=SEND_HEARTBEAT {"datanodeUUID":"58cff6b7-b2a7-446b-a75a-bb98ad6b11b8","term":"2","command":"[]"} | ret=SUCCESS |  
2025-10-16 19:47:51,702 | INFO  | SCMAudit | user=runner | ip=127.0.0.1 | op=SEND_HEARTBEAT {"datanodeUUID":"757ca056-973f-4f05-ab2d-6aff6c54d452","term":"2","command":"[]"} | ret=SUCCESS |  
2025-10-16 19:47:51,829 | INFO  | OMAudit | user=runner | ip=127.0.0.1 | op=READ_VOLUME {"volume":"2acd7cee-8643-46b7-a70d-1b7ab6619a5a"} | ret=SUCCESS |  
2025-10-16 19:47:51,830 | INFO  | OMAudit | user=runner | ip=127.0.0.1 | op=READ_BUCKET {"volume":"2acd7cee-8643-46b7-a70d-1b7ab6619a5a","bucket":"375561ee-045e-4b44-908d-613fe0139aff"} | ret=SUCCESS |  
2025-10-16 19:47:51,831 [ForkJoinPool-1-worker-1] INFO  rpc.RpcClient (RpcClient.java:createVolume(461)) - Creating Volume: 26b05796-08f7-48e8-8546-fb85e450cb8a, with runner as owner and space quota set to -1 bytes, counts quota set to -1
2025-10-16 19:47:51,833 [om1-OMStateMachineApplyTransactionThread - 0] INFO  volume.OMVolumeCreateRequest (OMVolumeCreateRequest.java:validateAndUpdateCache(213)) - created volume:26b05796-08f7-48e8-8546-fb85e450cb8a for user:runner
2025-10-16 19:47:51,833 | INFO  | OMAudit | user=runner | ip=127.0.0.1 | op=CREATE_VOLUME {"admin":"runner","owner":"runner","volume":"26b05796-08f7-48e8-8546-fb85e450cb8a","creationTime":"1760644071832","modificationTime":"1760644071832","quotaInBytes":"-1","quotaInNamespace":"-1","usedNamespace":"0","objectID":"-9223372036854705408","updateID":"275","Transaction":"275"} | ret=SUCCESS |  
2025-10-16 19:47:51,834 | INFO  | OMAudit | user=runner | ip=127.0.0.1 | op=READ_VOLUME {"volume":"26b05796-08f7-48e8-8546-fb85e450cb8a"} | ret=SUCCESS |  
2025-10-16 19:47:51,835 [ForkJoinPool-1-worker-1] INFO  rpc.RpcClient (RpcClient.java:createBucket(686)) - Creating Bucket: 26b05796-08f7-48e8-8546-fb85e450cb8a/90beb664-aa5c-40c4-b93b-6169ec6b676d, with server-side default bucket layout, runner as owner, Versioning false, Storage Type set to DISK and Encryption set to false, Replication Type set to server-side default replication type, Namespace Quota set to -1, Space Quota set to -1 
2025-10-16 19:47:51,837 [om1-OMStateMachineApplyTransactionThread - 0] INFO  bucket.OMBucketCreateRequest (OMBucketCreateRequest.java:validateAndUpdateCache(303)) - created bucket: 90beb664-aa5c-40c4-b93b-6169ec6b676d of layout FILE_SYSTEM_OPTIMIZED in volume: 26b05796-08f7-48e8-8546-fb85e450cb8a
2025-10-16 19:47:51,837 | INFO  | OMAudit | user=runner | ip=127.0.0.1 | op=CREATE_BUCKET {"volume":"26b05796-08f7-48e8-8546-fb85e450cb8a","bucket":"90beb664-aa5c-40c4-b93b-6169ec6b676d","bucketLayout":"FILE_SYSTEM_OPTIMIZED","gdprEnabled":null,"acls":"[user:runner:a[ACCESS], group:runner:rl[ACCESS]]","isVersionEnabled":"false","storageType":"DISK","creationTime":"1760644071835","bucketEncryptionKey":null,"modificationTime":"1760644071835","usedBytes":"0","usedNamespace":"0","snapshotUsedBytes":"0","snapshotUsedNamespace":"0","owner":"runner","replicationType":null,"replicationConfig":null,"quotaInBytes":"-1","quotaInNamespace":"-1","Transaction":"276"} | ret=SUCCESS |  
2025-10-16 19:47:51,838 | INFO  | OMAudit | user=runner | ip=127.0.0.1 | op=READ_BUCKET {"volume":"26b05796-08f7-48e8-8546-fb85e450cb8a","bucket":"90beb664-aa5c-40c4-b93b-6169ec6b676d"} | ret=SUCCESS |  
2025-10-16 19:47:51,839 | INFO  | OMAudit | user=runner | ip=127.0.0.1 | op=READ_BUCKET {"volume":"26b05796-08f7-48e8-8546-fb85e450cb8a","bucket":"90beb664-aa5c-40c4-b93b-6169ec6b676d"} | ret=SUCCESS |  
2025-10-16 19:47:51,841 | INFO  | SCMAudit | user=runner | ip=127.0.0.1 | op=ALLOCATE_BLOCK {"replication":"RATIS/THREE","owner":"omServiceIdDefault","size":"4194304","sampleBlocks":"[conID: 17 locID: 115816896921600082, conID: 14 locID: 115816896921600083]","num":"2","client":"","allocated":"2"} | ret=SUCCESS |  
2025-10-16 19:47:51,844 | INFO  | OMAudit | user=runner | ip=127.0.0.1 | op=ALLOCATE_KEY {"volume":"26b05796-08f7-48e8-8546-fb85e450cb8a","bucket":"90beb664-aa5c-40c4-b93b-6169ec6b676d","key":"df515c9d-43bc-429b-b199-fe92632904be","dataSize":"4194305","replicationType":"RATIS","replicationFactor":"THREE","Transaction":"277"} | ret=SUCCESS |  
2025-10-16 19:47:51,846 | INFO  | OMAudit | user=runner | ip=127.0.0.1 | op=READ_VOLUME {"volume":"26b05796-08f7-48e8-8546-fb85e450cb8a"} | ret=SUCCESS |  
2025-10-16 19:47:51,848 | INFO  | OMAudit | user=runner | ip=127.0.0.1 | op=READ_BUCKET {"volume":"26b05796-08f7-48e8-8546-fb85e450cb8a","bucket":"90beb664-aa5c-40c4-b93b-6169ec6b676d"} | ret=SUCCESS |  
2025-10-16 19:47:51,873 | INFO  | ContainerLog | ID=17 | Index=0 | BCSID=0 | State=OPEN | Volume=/home/runner/work/ozone/ozone/hadoop-ozone/integration-test/target/test-dir/MiniOzoneClusterImpl-e7911277-7775-4457-96c8-94071a26a1ce/ozone-metadata/datanode-1/data-0/hdds | DataChecksum=0 |  
2025-10-16 19:47:51,877 | INFO  | SCMAudit | user=runner | ip=127.0.0.1 | op=SEND_HEARTBEAT {"datanodeUUID":"f700af26-0e26-4136-9205-9509c82c8c70","term":"2","command":"[]"} | ret=SUCCESS |  
2025-10-16 19:47:51,879 | INFO  | ContainerLog | ID=17 | Index=0 | BCSID=0 | State=OPEN | Volume=/home/runner/work/ozone/ozone/hadoop-ozone/integration-test/target/test-dir/MiniOzoneClusterImpl-e7911277-7775-4457-96c8-94071a26a1ce/ozone-metadata/datanode-2/data-0/hdds | DataChecksum=0 |  
2025-10-16 19:47:51,881 | INFO  | ContainerLog | ID=17 | Index=0 | BCSID=0 | State=OPEN | Volume=/home/runner/work/ozone/ozone/hadoop-ozone/integration-test/target/test-dir/MiniOzoneClusterImpl-e7911277-7775-4457-96c8-94071a26a1ce/ozone-metadata/datanode-3/data-0/hdds | DataChecksum=0 |  
2025-10-16 19:47:51,881 | INFO  | SCMAudit | user=runner | ip=127.0.0.1 | op=SEND_HEARTBEAT {"datanodeUUID":"8a3c3252-9afe-4d3a-8492-25be6557678a","term":"2","command":"[]"} | ret=SUCCESS |  
2025-10-16 19:47:51,884 | INFO  | SCMAudit | user=runner | ip=127.0.0.1 | op=SEND_HEARTBEAT {"datanodeUUID":"764b18f0-81c5-439a-9fff-25adc4f241fa","term":"2","command":"[]"} | ret=SUCCESS |  
2025-10-16 19:47:51,957 | INFO  | OMAudit | user=runner | ip=127.0.0.1 | op=COMMIT_KEY {"volume":"26b05796-08f7-48e8-8546-fb85e450cb8a","bucket":"90beb664-aa5c-40c4-b93b-6169ec6b676d","key":"df515c9d-43bc-429b-b199-fe92632904be","dataSize":"4194305","replicationType":"RATIS","replicationFactor":"THREE","Transaction":"278"} | ret=SUCCESS |  
2025-10-16 19:47:51,960 | INFO  | OMAudit | user=runner | ip=127.0.0.1 | op=READ_VOLUME {"volume":"26b05796-08f7-48e8-8546-fb85e450cb8a"} | ret=SUCCESS |  
2025-10-16 19:47:51,961 | INFO  | OMAudit | user=runner | ip=127.0.0.1 | op=READ_BUCKET {"volume":"26b05796-08f7-48e8-8546-fb85e450cb8a","bucket":"90beb664-aa5c-40c4-b93b-6169ec6b676d"} | ret=SUCCESS |  
2025-10-16 19:47:51,963 | INFO  | OMAudit | user=runner | ip=127.0.0.1 | op=READ_BUCKET {"volume":"26b05796-08f7-48e8-8546-fb85e450cb8a","bucket":"90beb664-aa5c-40c4-b93b-6169ec6b676d"} | ret=SUCCESS |  
2025-10-16 19:47:51,966 | INFO  | SCMAudit | user=runner | ip=127.0.0.1 | op=ALLOCATE_BLOCK {"replication":"RATIS/THREE","owner":"omServiceIdDefault","size":"4194304","sampleBlocks":"[conID: 17 locID: 115816896921600084, conID: 18 locID: 115816896921600085]","num":"2","client":"","allocated":"2"} | ret=SUCCESS |  
2025-10-16 19:47:51,969 | INFO  | OMAudit | user=runner | ip=127.0.0.1 | op=ALLOCATE_KEY {"volume":"26b05796-08f7-48e8-8546-fb85e450cb8a","bucket":"90beb664-aa5c-40c4-b93b-6169ec6b676d","key":"df515c9d-43bc-429b-b199-fe92632904be","dataSize":"4194305","replicationType":"RATIS","replicationFactor":"THREE","Transaction":"279"} | ret=SUCCESS |  
2025-10-16 19:47:51,971 | INFO  | OMAudit | user=runner | ip=127.0.0.1 | op=READ_VOLUME {"volume":"26b05796-08f7-48e8-8546-fb85e450cb8a"} | ret=SUCCESS |  
2025-10-16 19:47:51,972 | INFO  | OMAudit | user=runner | ip=127.0.0.1 | op=READ_BUCKET {"volume":"26b05796-08f7-48e8-8546-fb85e450cb8a","bucket":"90beb664-aa5c-40c4-b93b-6169ec6b676d"} | ret=SUCCESS |  
2025-10-16 19:47:52,065 | INFO  | ContainerLog | ID=18 | Index=0 | BCSID=0 | State=OPEN | Volume=/home/runner/work/ozone/ozone/hadoop-ozone/integration-test/target/test-dir/MiniOzoneClusterImpl-e7911277-7775-4457-96c8-94071a26a1ce/ozone-metadata/datanode-5/data-0/hdds | DataChecksum=0 |  
2025-10-16 19:47:52,068 | INFO  | ContainerLog | ID=18 | Index=0 | BCSID=0 | State=OPEN | Volume=/home/runner/work/ozone/ozone/hadoop-ozone/integration-test/target/test-dir/MiniOzoneClusterImpl-e7911277-7775-4457-96c8-94071a26a1ce/ozone-metadata/datanode-6/data-0/hdds | DataChecksum=0 |  
2025-10-16 19:47:52,071 | INFO  | SCMAudit | user=runner | ip=127.0.0.1 | op=SEND_HEARTBEAT {"datanodeUUID":"0428ab3f-efd5-438e-ae11-9ec242443260","term":"2","command":"[]"} | ret=SUCCESS |  
2025-10-16 19:47:52,071 | INFO  | ContainerLog | ID=18 | Index=0 | BCSID=0 | State=OPEN | Volume=/home/runner/work/ozone/ozone/hadoop-ozone/integration-test/target/test-dir/MiniOzoneClusterImpl-e7911277-7775-4457-96c8-94071a26a1ce/ozone-metadata/datanode-4/data-0/hdds | DataChecksum=0 |  
2025-10-16 19:47:52,070 | INFO  | SCMAudit | user=runner | ip=127.0.0.1 | op=SEND_HEARTBEAT {"datanodeUUID":"58cff6b7-b2a7-446b-a75a-bb98ad6b11b8","term":"2","command":"[]"} | ret=SUCCESS |  
2025-10-16 19:47:52,074 | INFO  | SCMAudit | user=runner | ip=127.0.0.1 | op=SEND_HEARTBEAT {"datanodeUUID":"aa213937-adc5-47da-a770-0ee1e4664344","term":"2","command":"[]"} | ret=SUCCESS |  
2025-10-16 19:47:52,081 | INFO  | OMAudit | user=runner | ip=127.0.0.1 | op=COMMIT_KEY {"volume":"26b05796-08f7-48e8-8546-fb85e450cb8a","bucket":"90beb664-aa5c-40c4-b93b-6169ec6b676d","key":"df515c9d-43bc-429b-b199-fe92632904be","dataSize":"4194305","replicationType":"RATIS","replicationFactor":"THREE","Transaction":"280"} | ret=SUCCESS |  
2025-10-16 19:47:52,082 | INFO  | OMAudit | user=runner | ip=127.0.0.1 | op=READ_VOLUME {"volume":"26b05796-08f7-48e8-8546-fb85e450cb8a"} | ret=SUCCESS |  
2025-10-16 19:47:52,084 | INFO  | OMAudit | user=runner | ip=127.0.0.1 | op=READ_BUCKET {"volume":"26b05796-08f7-48e8-8546-fb85e450cb8a","bucket":"90beb664-aa5c-40c4-b93b-6169ec6b676d"} | ret=SUCCESS |  
2025-10-16 19:47:52,098 | INFO  | SCMAudit | user=runner | ip=127.0.0.1 | op=SEND_HEARTBEAT {"datanodeUUID":"e33e6ec4-6b66-4281-bedd-2bd75bd30070","term":"2","command":"[]"} | ret=SUCCESS |  
2025-10-16 19:47:52,117 | INFO  | SCMAudit | user=runner | ip=127.0.0.1 | op=SEND_HEARTBEAT {"datanodeUUID":"0e8b6cc7-9945-4141-97fc-6aa017a0d5fa","term":"2","command":"[]"} | ret=SUCCESS |  
2025-10-16 19:47:52,198 | INFO  | SCMAudit | user=runner | ip=127.0.0.1 | op=SEND_HEARTBEAT {"datanodeUUID":"702cb173-5c73-4ecc-b5cd-c7b4a6b66aea","term":"2","command":"[]"} | ret=SUCCESS |  
2025-10-16 19:47:52,360 [om1-KeyDeletingService#5] INFO  service.KeyDeletingService (KeyDeletingService.java:processKeyDeletes(151)) - Send 1 key(s) to SCM, first 1 keys: [PurgedKey{blockGroup=BlockGroup[groupID='/26b05796-08f7-48e8-8546-fb85e450cb8a/90beb664-aa5c-40c4-b93b-6169ec6b676d/df515c9d-43bc-429b-b199-fe92632904be/-9223372036854704128/0', blockIDs=[conID: 17 locID: 115816896921600082 bcsId: 0 replicaIndex: null, conID: 14 locID: 115816896921600083 bcsId: 0 replicaIndex: null]], volume='26b05796-08f7-48e8-8546-fb85e450cb8a', bucket='90beb664-aa5c-40c4-b93b-6169ec6b676d', bucketId=-9223372036854705152, purgedBytes=12582915, isCommittedKey=true, deleteKeyName='/26b05796-08f7-48e8-8546-fb85e450cb8a/90beb664-aa5c-40c4-b93b-6169ec6b676d/df515c9d-43bc-429b-b199-fe92632904be/-9223372036854704128'}]
2025-10-16 19:47:52,363 | INFO  | SCMAudit | user=runner | ip=127.0.0.1 | op=DELETE_KEY_BLOCK {"KeyBlockToDelete":"[BlockGroup[groupID='/26b05796-08f7-48e8-8546-fb85e450cb8a/90beb664-aa5c-40c4-b93b-6169ec6b676d/df515c9d-43bc-429b-b199-fe92632904be/-9223372036854704128/0', blockIDs=[conID: 17 locID: 115816896921600082 bcsId: 0 replicaIndex: null, conID: 14 locID: 115816896921600083 bcsId: 0 replicaIndex: null]]]"} | ret=SUCCESS |  
2025-10-16 19:47:52,363 [om1-KeyDeletingService#5] INFO  service.KeyDeletingService (KeyDeletingService.java:processKeyDeletes(158)) - 1 BlockGroup deletion are acked by SCM in 2 ms
2025-10-16 19:47:52,364 [om1-KeyDeletingService#5] INFO  service.KeyDeletingService (KeyDeletingService.java:processKeyDeletes(166)) - Blocks for 1 (out of 1) keys are deleted from DB in 2 ms. Limit per task is 50000.
2025-10-16 19:47:52,375 | INFO  | SCMAudit | user=runner | ip=127.0.0.1 | op=SEND_HEARTBEAT {"datanodeUUID":"c0724e9c-0dd4-4d47-992c-7bfe285fdd38","term":"2","command":"[]"} | ret=SUCCESS |  
2025-10-16 19:47:52,536 | INFO  | SCMAudit | user=runner | ip=127.0.0.1 | op=SEND_HEARTBEAT {"datanodeUUID":"e072d245-7694-4d97-8e20-c503ebf8c2fe","term":"2","command":"[]"} | ret=SUCCESS |  
2025-10-16 19:47:52,536 | INFO  | SCMAudit | user=runner | ip=127.0.0.1 | op=SEND_HEARTBEAT {"datanodeUUID":"76d4ba71-5bbb-4b24-8f51-8bc7f78aaca4","term":"2","command":"[]"} | ret=SUCCESS |  
2025-10-16 19:47:52,537 | INFO  | SCMAudit | user=runner | ip=127.0.0.1 | op=SEND_HEARTBEAT {"datanodeUUID":"8a0fa2ff-b550-4652-b2fe-0cf91cd4a157","term":"2","command":"[]"} | ret=SUCCESS |  
2025-10-16 19:47:52,701 | INFO  | SCMAudit | user=runner | ip=127.0.0.1 | op=SEND_HEARTBEAT {"datanodeUUID":"757ca056-973f-4f05-ab2d-6aff6c54d452","term":"2","command":"[]"} | ret=SUCCESS |  
2025-10-16 19:47:52,875 | INFO  | SCMAudit | user=runner | ip=127.0.0.1 | op=SEND_HEARTBEAT {"datanodeUUID":"f700af26-0e26-4136-9205-9509c82c8c70","term":"2","command":"[]"} | ret=SUCCESS |  
2025-10-16 19:47:52,880 | INFO  | SCMAudit | user=runner | ip=127.0.0.1 | op=SEND_HEARTBEAT {"datanodeUUID":"8a3c3252-9afe-4d3a-8492-25be6557678a","term":"2","command":"[]"} | ret=SUCCESS |  
2025-10-16 19:47:52,882 | INFO  | SCMAudit | user=runner | ip=127.0.0.1 | op=SEND_HEARTBEAT {"datanodeUUID":"764b18f0-81c5-439a-9fff-25adc4f241fa","term":"2","command":"[]"} | ret=SUCCESS |  
2025-10-16 19:47:53,066 | INFO  | SCMAudit | user=runner | ip=127.0.0.1 | op=SEND_HEARTBEAT {"datanodeUUID":"58cff6b7-b2a7-446b-a75a-bb98ad6b11b8","term":"2","command":"[]"} | ret=SUCCESS |  
2025-10-16 19:47:53,068 | INFO  | SCMAudit | user=runner | ip=127.0.0.1 | op=SEND_HEARTBEAT {"datanodeUUID":"0428ab3f-efd5-438e-ae11-9ec242443260","term":"2","command":"[]"} | ret=SUCCESS |  
2025-10-16 19:47:53,073 | INFO  | SCMAudit | user=runner | ip=127.0.0.1 | op=SEND_HEARTBEAT {"datanodeUUID":"aa213937-adc5-47da-a770-0ee1e4664344","term":"2","command":"[]"} | ret=SUCCESS |  
2025-10-16 19:47:53,085 | INFO  | OMAudit | user=runner | ip=127.0.0.1 | op=READ_VOLUME {"volume":"26b05796-08f7-48e8-8546-fb85e450cb8a"} | ret=SUCCESS |  
2025-10-16 19:47:53,086 | INFO  | OMAudit | user=runner | ip=127.0.0.1 | op=READ_BUCKET {"volume":"26b05796-08f7-48e8-8546-fb85e450cb8a","bucket":"90beb664-aa5c-40c4-b93b-6169ec6b676d"} | ret=SUCCESS |  
2025-10-16 19:47:53,089 | INFO  | OMAudit | user=runner | ip=127.0.0.1 | op=DELETE_KEY {"volume":"26b05796-08f7-48e8-8546-fb85e450cb8a","bucket":"90beb664-aa5c-40c4-b93b-6169ec6b676d","key":"df515c9d-43bc-429b-b199-fe92632904be","dataSize":"4194305","replicationConfig":"RATIS/THREE","Transaction":"282"} | ret=SUCCESS |  
2025-10-16 19:47:53,090 | INFO  | OMAudit | user=runner | ip=127.0.0.1 | op=READ_VOLUME {"volume":"26b05796-08f7-48e8-8546-fb85e450cb8a"} | ret=SUCCESS |  
2025-10-16 19:47:53,091 | INFO  | OMAudit | user=runner | ip=127.0.0.1 | op=READ_BUCKET {"volume":"26b05796-08f7-48e8-8546-fb85e450cb8a","bucket":"90beb664-aa5c-40c4-b93b-6169ec6b676d"} | ret=SUCCESS |  
2025-10-16 19:47:53,097 | INFO  | SCMAudit | user=runner | ip=127.0.0.1 | op=SEND_HEARTBEAT {"datanodeUUID":"e33e6ec4-6b66-4281-bedd-2bd75bd30070","term":"2","command":"[]"} | ret=SUCCESS |  
2025-10-16 19:47:53,117 | INFO  | SCMAudit | user=runner | ip=127.0.0.1 | op=SEND_HEARTBEAT {"datanodeUUID":"0e8b6cc7-9945-4141-97fc-6aa017a0d5fa","term":"2","command":"[]"} | ret=SUCCESS |  
2025-10-16 19:47:53,197 | INFO  | SCMAudit | user=runner | ip=127.0.0.1 | op=SEND_HEARTBEAT {"datanodeUUID":"702cb173-5c73-4ecc-b5cd-c7b4a6b66aea","term":"2","command":"[]"} | ret=SUCCESS |  
2025-10-16 19:47:53,361 [om1-KeyDeletingService#8] INFO  service.KeyDeletingService (KeyDeletingService.java:processKeyDeletes(151)) - Send 1 key(s) to SCM, first 1 keys: [PurgedKey{blockGroup=BlockGroup[groupID='/26b05796-08f7-48e8-8546-fb85e450cb8a/90beb664-aa5c-40c4-b93b-6169ec6b676d/df515c9d-43bc-429b-b199-fe92632904be/-9223372036854704895/0', blockIDs=[conID: 17 locID: 115816896921600084 bcsId: 0 replicaIndex: null, conID: 18 locID: 115816896921600085 bcsId: 0 replicaIndex: null]], volume='26b05796-08f7-48e8-8546-fb85e450cb8a', bucket='90beb664-aa5c-40c4-b93b-6169ec6b676d', bucketId=-9223372036854705152, purgedBytes=12582915, isCommittedKey=true, deleteKeyName='/26b05796-08f7-48e8-8546-fb85e450cb8a/90beb664-aa5c-40c4-b93b-6169ec6b676d/df515c9d-43bc-429b-b199-fe92632904be/-9223372036854704895'}]
2025-10-16 19:47:53,363 | INFO  | SCMAudit | user=runner | ip=127.0.0.1 | op=DELETE_KEY_BLOCK {"KeyBlockToDelete":"[BlockGroup[groupID='/26b05796-08f7-48e8-8546-fb85e450cb8a/90beb664-aa5c-40c4-b93b-6169ec6b676d/df515c9d-43bc-429b-b199-fe92632904be/-9223372036854704895/0', blockIDs=[conID: 17 locID: 115816896921600084 bcsId: 0 replicaIndex: null, conID: 18 locID: 115816896921600085 bcsId: 0 replicaIndex: null]]]"} | ret=SUCCESS |  
2025-10-16 19:47:53,363 [om1-KeyDeletingService#8] INFO  service.KeyDeletingService (KeyDeletingService.java:processKeyDeletes(158)) - 1 BlockGroup deletion are acked by SCM in 2 ms
2025-10-16 19:47:53,365 [om1-KeyDeletingService#8] INFO  service.KeyDeletingService (KeyDeletingService.java:processKeyDeletes(166)) - Blocks for 1 (out of 1) keys are deleted from DB in 2 ms. Limit per task is 50000.
2025-10-16 19:47:53,376 | INFO  | SCMAudit | user=runner | ip=127.0.0.1 | op=SEND_HEARTBEAT {"datanodeUUID":"c0724e9c-0dd4-4d47-992c-7bfe285fdd38","term":"2","command":"[]"} | ret=SUCCESS |  
2025-10-16 19:47:53,535 | INFO  | SCMAudit | user=runner | ip=127.0.0.1 | op=SEND_HEARTBEAT {"datanodeUUID":"e072d245-7694-4d97-8e20-c503ebf8c2fe","term":"2","command":"[]"} | ret=SUCCESS |  
2025-10-16 19:47:53,535 | INFO  | SCMAudit | user=runner | ip=127.0.0.1 | op=SEND_HEARTBEAT {"datanodeUUID":"76d4ba71-5bbb-4b24-8f51-8bc7f78aaca4","term":"2","command":"[]"} | ret=SUCCESS |  
2025-10-16 19:47:53,536 | INFO  | SCMAudit | user=runner | ip=127.0.0.1 | op=SEND_HEARTBEAT {"datanodeUUID":"8a0fa2ff-b550-4652-b2fe-0cf91cd4a157","term":"2","command":"[]"} | ret=SUCCESS |  
2025-10-16 19:47:53,702 | INFO  | SCMAudit | user=runner | ip=127.0.0.1 | op=SEND_HEARTBEAT {"datanodeUUID":"757ca056-973f-4f05-ab2d-6aff6c54d452","term":"2","command":"[]"} | ret=SUCCESS |  
2025-10-16 19:47:53,875 | INFO  | SCMAudit | user=runner | ip=127.0.0.1 | op=SEND_HEARTBEAT {"datanodeUUID":"f700af26-0e26-4136-9205-9509c82c8c70","term":"2","command":"[]"} | ret=SUCCESS |  
2025-10-16 19:47:53,880 | INFO  | SCMAudit | user=runner | ip=127.0.0.1 | op=SEND_HEARTBEAT {"datanodeUUID":"8a3c3252-9afe-4d3a-8492-25be6557678a","term":"2","command":"[]"} | ret=SUCCESS |  
2025-10-16 19:47:53,882 | INFO  | SCMAudit | user=runner | ip=127.0.0.1 | op=SEND_HEARTBEAT {"datanodeUUID":"764b18f0-81c5-439a-9fff-25adc4f241fa","term":"2","command":"[]"} | ret=SUCCESS |  
2025-10-16 19:47:54,067 | INFO  | SCMAudit | user=runner | ip=127.0.0.1 | op=SEND_HEARTBEAT {"datanodeUUID":"58cff6b7-b2a7-446b-a75a-bb98ad6b11b8","term":"2","command":"[]"} | ret=SUCCESS |  
2025-10-16 19:47:54,069 | INFO  | SCMAudit | user=runner | ip=127.0.0.1 | op=SEND_HEARTBEAT {"datanodeUUID":"0428ab3f-efd5-438e-ae11-9ec242443260","term":"2","command":"[]"} | ret=SUCCESS |  
2025-10-16 19:47:54,073 | INFO  | SCMAudit | user=runner | ip=127.0.0.1 | op=SEND_HEARTBEAT {"datanodeUUID":"aa213937-adc5-47da-a770-0ee1e4664344","term":"2","command":"[]"} | ret=SUCCESS |  
2025-10-16 19:47:54,092 | INFO  | OMAudit | user=runner | ip=127.0.0.1 | op=READ_VOLUME {"volume":"26b05796-08f7-48e8-8546-fb85e450cb8a"} | ret=SUCCESS |  
2025-10-16 19:47:54,093 | INFO  | OMAudit | user=runner | ip=127.0.0.1 | op=READ_BUCKET {"volume":"26b05796-08f7-48e8-8546-fb85e450cb8a","bucket":"90beb664-aa5c-40c4-b93b-6169ec6b676d"} | ret=SUCCESS |  
2025-10-16 19:47:54,094 [ForkJoinPool-1-worker-1] INFO  rpc.RpcClient (RpcClient.java:createVolume(461)) - Creating Volume: 541a718e-4c29-4b08-84d6-f01d2d5e41df, with runner as owner and space quota set to -1 bytes, counts quota set to -1
2025-10-16 19:47:54,096 [om1-OMStateMachineApplyTransactionThread - 0] INFO  volume.OMVolumeCreateRequest (OMVolumeCreateRequest.java:validateAndUpdateCache(213)) - created volume:541a718e-4c29-4b08-84d6-f01d2d5e41df for user:runner
2025-10-16 19:47:54,096 | INFO  | OMAudit | user=runner | ip=127.0.0.1 | op=CREATE_VOLUME {"admin":"runner","owner":"runner","volume":"541a718e-4c29-4b08-84d6-f01d2d5e41df","creationTime":"1760644074095","modificationTime":"1760644074095","quotaInBytes":"-1","quotaInNamespace":"-1","usedNamespace":"0","objectID":"-9223372036854703104","updateID":"284","Transaction":"284"} | ret=SUCCESS |  
2025-10-16 19:47:54,097 | INFO  | SCMAudit | user=runner | ip=127.0.0.1 | op=SEND_HEARTBEAT {"datanodeUUID":"e33e6ec4-6b66-4281-bedd-2bd75bd30070","term":"2","command":"[]"} | ret=SUCCESS |  
2025-10-16 19:47:54,098 | INFO  | OMAudit | user=runner | ip=127.0.0.1 | op=READ_VOLUME {"volume":"541a718e-4c29-4b08-84d6-f01d2d5e41df"} | ret=SUCCESS |  
2025-10-16 19:47:54,098 [ForkJoinPool-1-worker-1] INFO  rpc.RpcClient (RpcClient.java:createBucket(686)) - Creating Bucket: 541a718e-4c29-4b08-84d6-f01d2d5e41df/c9abbf81-8172-45e9-93bc-a69af9ae104a, with server-side default bucket layout, runner as owner, Versioning false, Storage Type set to DISK and Encryption set to false, Replication Type set to server-side default replication type, Namespace Quota set to -1, Space Quota set to -1 
2025-10-16 19:47:54,099 [om1-OMStateMachineApplyTransactionThread - 0] INFO  bucket.OMBucketCreateRequest (OMBucketCreateRequest.java:validateAndUpdateCache(303)) - created bucket: c9abbf81-8172-45e9-93bc-a69af9ae104a of layout FILE_SYSTEM_OPTIMIZED in volume: 541a718e-4c29-4b08-84d6-f01d2d5e41df
2025-10-16 19:47:54,100 | INFO  | OMAudit | user=runner | ip=127.0.0.1 | op=CREATE_BUCKET {"volume":"541a718e-4c29-4b08-84d6-f01d2d5e41df","bucket":"c9abbf81-8172-45e9-93bc-a69af9ae104a","bucketLayout":"FILE_SYSTEM_OPTIMIZED","gdprEnabled":null,"acls":"[user:runner:a[ACCESS], group:runner:rl[ACCESS]]","isVersionEnabled":"false","storageType":"DISK","creationTime":"1760644074099","bucketEncryptionKey":null,"modificationTime":"1760644074099","usedBytes":"0","usedNamespace":"0","snapshotUsedBytes":"0","snapshotUsedNamespace":"0","owner":"runner","replicationType":null,"replicationConfig":null,"quotaInBytes":"-1","quotaInNamespace":"-1","Transaction":"285"} | ret=SUCCESS |  
2025-10-16 19:47:54,100 | INFO  | OMAudit | user=runner | ip=127.0.0.1 | op=READ_BUCKET {"volume":"541a718e-4c29-4b08-84d6-f01d2d5e41df","bucket":"c9abbf81-8172-45e9-93bc-a69af9ae104a"} | ret=SUCCESS |  
2025-10-16 19:47:54,102 | INFO  | OMAudit | user=runner | ip=127.0.0.1 | op=READ_BUCKET {"volume":"541a718e-4c29-4b08-84d6-f01d2d5e41df","bucket":"c9abbf81-8172-45e9-93bc-a69af9ae104a"} | ret=SUCCESS |  
2025-10-16 19:47:54,104 | INFO  | SCMAudit | user=runner | ip=127.0.0.1 | op=ALLOCATE_BLOCK {"replication":"RATIS/THREE","owner":"omServiceIdDefault","size":"4194304","sampleBlocks":"[conID: 14 locID: 115816896921600086, conID: 19 locID: 115816896921600087]","num":"2","client":"","allocated":"2"} | ret=SUCCESS |  
2025-10-16 19:47:54,107 | INFO  | OMAudit | user=runner | ip=127.0.0.1 | op=ALLOCATE_KEY {"volume":"541a718e-4c29-4b08-84d6-f01d2d5e41df","bucket":"c9abbf81-8172-45e9-93bc-a69af9ae104a","key":"99e43da0-70fc-4a7a-b9a8-574ffcf0a424","dataSize":"8388608","replicationType":"RATIS","replicationFactor":"THREE","Transaction":"286"} | ret=SUCCESS |  
2025-10-16 19:47:54,109 | INFO  | OMAudit | user=runner | ip=127.0.0.1 | op=READ_VOLUME {"volume":"541a718e-4c29-4b08-84d6-f01d2d5e41df"} | ret=SUCCESS |  
2025-10-16 19:47:54,109 | INFO  | OMAudit | user=runner | ip=127.0.0.1 | op=READ_BUCKET {"volume":"541a718e-4c29-4b08-84d6-f01d2d5e41df","bucket":"c9abbf81-8172-45e9-93bc-a69af9ae104a"} | ret=SUCCESS |  
2025-10-16 19:47:54,120 | INFO  | SCMAudit | user=runner | ip=127.0.0.1 | op=SEND_HEARTBEAT {"datanodeUUID":"0e8b6cc7-9945-4141-97fc-6aa017a0d5fa","term":"2","command":"[]"} | ret=SUCCESS |  
2025-10-16 19:47:54,187 | INFO  | ContainerLog | ID=19 | Index=0 | BCSID=0 | State=OPEN | Volume=/home/runner/work/ozone/ozone/hadoop-ozone/integration-test/target/test-dir/MiniOzoneClusterImpl-e7911277-7775-4457-96c8-94071a26a1ce/ozone-metadata/datanode-8/data-0/hdds | DataChecksum=0 |  
2025-10-16 19:47:54,191 | INFO  | SCMAudit | user=runner | ip=127.0.0.1 | op=SEND_HEARTBEAT {"datanodeUUID":"76d4ba71-5bbb-4b24-8f51-8bc7f78aaca4","term":"2","command":"[]"} | ret=SUCCESS |  
2025-10-16 19:47:54,194 | INFO  | ContainerLog | ID=19 | Index=0 | BCSID=0 | State=OPEN | Volume=/home/runner/work/ozone/ozone/hadoop-ozone/integration-test/target/test-dir/MiniOzoneClusterImpl-e7911277-7775-4457-96c8-94071a26a1ce/ozone-metadata/datanode-7/data-0/hdds | DataChecksum=0 |  
2025-10-16 19:47:54,194 | INFO  | ContainerLog | ID=19 | Index=0 | BCSID=0 | State=OPEN | Volume=/home/runner/work/ozone/ozone/hadoop-ozone/integration-test/target/test-dir/MiniOzoneClusterImpl-e7911277-7775-4457-96c8-94071a26a1ce/ozone-metadata/datanode-9/data-0/hdds | DataChecksum=0 |  
2025-10-16 19:47:54,196 | INFO  | SCMAudit | user=runner | ip=127.0.0.1 | op=SEND_HEARTBEAT {"datanodeUUID":"e072d245-7694-4d97-8e20-c503ebf8c2fe","term":"2","command":"[]"} | ret=SUCCESS |  
2025-10-16 19:47:54,198 | INFO  | SCMAudit | user=runner | ip=127.0.0.1 | op=SEND_HEARTBEAT {"datanodeUUID":"8a0fa2ff-b550-4652-b2fe-0cf91cd4a157","term":"2","command":"[]"} | ret=SUCCESS |  
2025-10-16 19:47:54,201 | INFO  | SCMAudit | user=runner | ip=127.0.0.1 | op=SEND_HEARTBEAT {"datanodeUUID":"702cb173-5c73-4ecc-b5cd-c7b4a6b66aea","term":"2","command":"[]"} | ret=SUCCESS |  
2025-10-16 19:47:54,256 | INFO  | OMAudit | user=runner | ip=127.0.0.1 | op=COMMIT_KEY {"volume":"541a718e-4c29-4b08-84d6-f01d2d5e41df","bucket":"c9abbf81-8172-45e9-93bc-a69af9ae104a","key":"99e43da0-70fc-4a7a-b9a8-574ffcf0a424","dataSize":"8388608","replicationType":"RATIS","replicationFactor":"THREE","Transaction":"287"} | ret=SUCCESS |  
2025-10-16 19:47:54,259 | INFO  | OMAudit | user=runner | ip=127.0.0.1 | op=READ_VOLUME {"volume":"541a718e-4c29-4b08-84d6-f01d2d5e41df"} | ret=SUCCESS |  
2025-10-16 19:47:54,261 | INFO  | OMAudit | user=runner | ip=127.0.0.1 | op=READ_BUCKET {"volume":"541a718e-4c29-4b08-84d6-f01d2d5e41df","bucket":"c9abbf81-8172-45e9-93bc-a69af9ae104a"} | ret=SUCCESS |  
2025-10-16 19:47:54,262 | INFO  | OMAudit | user=runner | ip=127.0.0.1 | op=READ_BUCKET {"volume":"541a718e-4c29-4b08-84d6-f01d2d5e41df","bucket":"c9abbf81-8172-45e9-93bc-a69af9ae104a"} | ret=SUCCESS |  
2025-10-16 19:47:54,263 | INFO  | SCMAudit | user=runner | ip=127.0.0.1 | op=ALLOCATE_BLOCK {"replication":"RATIS/THREE","owner":"omServiceIdDefault","size":"4194304","sampleBlocks":"[conID: 16 locID: 115816896921600088, conID: 16 locID: 115816896921600089]","num":"2","client":"","allocated":"2"} | ret=SUCCESS |  
2025-10-16 19:47:54,267 | INFO  | OMAudit | user=runner | ip=127.0.0.1 | op=ALLOCATE_KEY {"volume":"541a718e-4c29-4b08-84d6-f01d2d5e41df","bucket":"c9abbf81-8172-45e9-93bc-a69af9ae104a","key":"99e43da0-70fc-4a7a-b9a8-574ffcf0a424","dataSize":"8388608","replicationType":"RATIS","replicationFactor":"THREE","Transaction":"288"} | ret=SUCCESS |  
2025-10-16 19:47:54,270 | INFO  | OMAudit | user=runner | ip=127.0.0.1 | op=READ_VOLUME {"volume":"541a718e-4c29-4b08-84d6-f01d2d5e41df"} | ret=SUCCESS |  
2025-10-16 19:47:54,270 | INFO  | OMAudit | user=runner | ip=127.0.0.1 | op=READ_BUCKET {"volume":"541a718e-4c29-4b08-84d6-f01d2d5e41df","bucket":"c9abbf81-8172-45e9-93bc-a69af9ae104a"} | ret=SUCCESS |  
2025-10-16 19:47:54,379 | INFO  | SCMAudit | user=runner | ip=127.0.0.1 | op=SEND_HEARTBEAT {"datanodeUUID":"c0724e9c-0dd4-4d47-992c-7bfe285fdd38","term":"2","command":"[]"} | ret=SUCCESS |  
2025-10-16 19:47:54,428 | INFO  | OMAudit | user=runner | ip=127.0.0.1 | op=COMMIT_KEY {"volume":"541a718e-4c29-4b08-84d6-f01d2d5e41df","bucket":"c9abbf81-8172-45e9-93bc-a69af9ae104a","key":"99e43da0-70fc-4a7a-b9a8-574ffcf0a424","dataSize":"8388608","replicationType":"RATIS","replicationFactor":"THREE","Transaction":"289"} | ret=SUCCESS |  
2025-10-16 19:47:54,438 | INFO  | OMAudit | user=runner | ip=127.0.0.1 | op=READ_VOLUME {"volume":"541a718e-4c29-4b08-84d6-f01d2d5e41df"} | ret=SUCCESS |  
2025-10-16 19:47:54,440 | INFO  | OMAudit | user=runner | ip=127.0.0.1 | op=READ_BUCKET {"volume":"541a718e-4c29-4b08-84d6-f01d2d5e41df","bucket":"c9abbf81-8172-45e9-93bc-a69af9ae104a"} | ret=SUCCESS |  
2025-10-16 19:47:54,702 | INFO  | SCMAudit | user=runner | ip=127.0.0.1 | op=SEND_HEARTBEAT {"datanodeUUID":"757ca056-973f-4f05-ab2d-6aff6c54d452","term":"2","command":"[]"} | ret=SUCCESS |  
2025-10-16 19:47:54,875 | INFO  | SCMAudit | user=runner | ip=127.0.0.1 | op=SEND_HEARTBEAT {"datanodeUUID":"f700af26-0e26-4136-9205-9509c82c8c70","term":"2","command":"[]"} | ret=SUCCESS |  
2025-10-16 19:47:54,880 | INFO  | SCMAudit | user=runner | ip=127.0.0.1 | op=SEND_HEARTBEAT {"datanodeUUID":"8a3c3252-9afe-4d3a-8492-25be6557678a","term":"2","command":"[]"} | ret=SUCCESS |  
2025-10-16 19:47:54,882 | INFO  | SCMAudit | user=runner | ip=127.0.0.1 | op=SEND_HEARTBEAT {"datanodeUUID":"764b18f0-81c5-439a-9fff-25adc4f241fa","term":"2","command":"[]"} | ret=SUCCESS |  
2025-10-16 19:47:55,067 | INFO  | SCMAudit | user=runner | ip=127.0.0.1 | op=SEND_HEARTBEAT {"datanodeUUID":"58cff6b7-b2a7-446b-a75a-bb98ad6b11b8","term":"2","command":"[]"} | ret=SUCCESS |  
2025-10-16 19:47:55,068 | INFO  | SCMAudit | user=runner | ip=127.0.0.1 | op=SEND_HEARTBEAT {"datanodeUUID":"0428ab3f-efd5-438e-ae11-9ec242443260","term":"2","command":"[]"} | ret=SUCCESS |  
2025-10-16 19:47:55,073 | INFO  | SCMAudit | user=runner | ip=127.0.0.1 | op=SEND_HEARTBEAT {"datanodeUUID":"aa213937-adc5-47da-a770-0ee1e4664344","term":"2","command":"[]"} | ret=SUCCESS |  
2025-10-16 19:47:55,097 | INFO  | SCMAudit | user=runner | ip=127.0.0.1 | op=SEND_HEARTBEAT {"datanodeUUID":"e33e6ec4-6b66-4281-bedd-2bd75bd30070","term":"2","command":"[]"} | ret=SUCCESS |  
2025-10-16 19:47:55,120 | INFO  | SCMAudit | user=runner | ip=127.0.0.1 | op=SEND_HEARTBEAT {"datanodeUUID":"0e8b6cc7-9945-4141-97fc-6aa017a0d5fa","term":"2","command":"[]"} | ret=SUCCESS |  
2025-10-16 19:47:55,190 | INFO  | SCMAudit | user=runner | ip=127.0.0.1 | op=SEND_HEARTBEAT {"datanodeUUID":"76d4ba71-5bbb-4b24-8f51-8bc7f78aaca4","term":"2","command":"[]"} | ret=SUCCESS |  
2025-10-16 19:47:55,194 | INFO  | SCMAudit | user=runner | ip=127.0.0.1 | op=SEND_HEARTBEAT {"datanodeUUID":"e072d245-7694-4d97-8e20-c503ebf8c2fe","term":"2","command":"[]"} | ret=SUCCESS |  
2025-10-16 19:47:55,197 | INFO  | SCMAudit | user=runner | ip=127.0.0.1 | op=SEND_HEARTBEAT {"datanodeUUID":"8a0fa2ff-b550-4652-b2fe-0cf91cd4a157","term":"2","command":"[]"} | ret=SUCCESS |  
2025-10-16 19:47:55,199 | INFO  | SCMAudit | user=runner | ip=127.0.0.1 | op=SEND_HEARTBEAT {"datanodeUUID":"702cb173-5c73-4ecc-b5cd-c7b4a6b66aea","term":"2","command":"[]"} | ret=SUCCESS |  
2025-10-16 19:47:55,361 [om1-KeyDeletingService#7] INFO  service.KeyDeletingService (KeyDeletingService.java:processKeyDeletes(151)) - Send 1 key(s) to SCM, first 1 keys: [PurgedKey{blockGroup=BlockGroup[groupID='/541a718e-4c29-4b08-84d6-f01d2d5e41df/c9abbf81-8172-45e9-93bc-a69af9ae104a/99e43da0-70fc-4a7a-b9a8-574ffcf0a424/-9223372036854701824/0', blockIDs=[conID: 14 locID: 115816896921600086 bcsId: 0 replicaIndex: null, conID: 19 locID: 115816896921600087 bcsId: 0 replicaIndex: null]], volume='541a718e-4c29-4b08-84d6-f01d2d5e41df', bucket='c9abbf81-8172-45e9-93bc-a69af9ae104a', bucketId=-9223372036854702848, purgedBytes=25165824, isCommittedKey=true, deleteKeyName='/541a718e-4c29-4b08-84d6-f01d2d5e41df/c9abbf81-8172-45e9-93bc-a69af9ae104a/99e43da0-70fc-4a7a-b9a8-574ffcf0a424/-9223372036854701824'}]
2025-10-16 19:47:55,363 | INFO  | SCMAudit | user=runner | ip=127.0.0.1 | op=DELETE_KEY_BLOCK {"KeyBlockToDelete":"[BlockGroup[groupID='/541a718e-4c29-4b08-84d6-f01d2d5e41df/c9abbf81-8172-45e9-93bc-a69af9ae104a/99e43da0-70fc-4a7a-b9a8-574ffcf0a424/-9223372036854701824/0', blockIDs=[conID: 14 locID: 115816896921600086 bcsId: 0 replicaIndex: null, conID: 19 locID: 115816896921600087 bcsId: 0 replicaIndex: null]]]"} | ret=SUCCESS |  
2025-10-16 19:47:55,364 [om1-KeyDeletingService#7] INFO  service.KeyDeletingService (KeyDeletingService.java:processKeyDeletes(158)) - 1 BlockGroup deletion are acked by SCM in 2 ms
2025-10-16 19:47:55,365 [om1-KeyDeletingService#7] INFO  service.KeyDeletingService (KeyDeletingService.java:processKeyDeletes(166)) - Blocks for 1 (out of 1) keys are deleted from DB in 2 ms. Limit per task is 50000.
2025-10-16 19:47:55,376 | INFO  | SCMAudit | user=runner | ip=127.0.0.1 | op=SEND_HEARTBEAT {"datanodeUUID":"c0724e9c-0dd4-4d47-992c-7bfe285fdd38","term":"2","command":"[]"} | ret=SUCCESS |  
2025-10-16 19:47:55,442 | INFO  | OMAudit | user=runner | ip=127.0.0.1 | op=READ_VOLUME {"volume":"541a718e-4c29-4b08-84d6-f01d2d5e41df"} | ret=SUCCESS |  
2025-10-16 19:47:55,443 | INFO  | OMAudit | user=runner | ip=127.0.0.1 | op=READ_BUCKET {"volume":"541a718e-4c29-4b08-84d6-f01d2d5e41df","bucket":"c9abbf81-8172-45e9-93bc-a69af9ae104a"} | ret=SUCCESS |  
2025-10-16 19:47:55,446 | INFO  | OMAudit | user=runner | ip=127.0.0.1 | op=DELETE_KEY {"volume":"541a718e-4c29-4b08-84d6-f01d2d5e41df","bucket":"c9abbf81-8172-45e9-93bc-a69af9ae104a","key":"99e43da0-70fc-4a7a-b9a8-574ffcf0a424","dataSize":"8388608","replicationConfig":"RATIS/THREE","Transaction":"291"} | ret=SUCCESS |  
2025-10-16 19:47:55,446 | INFO  | OMAudit | user=runner | ip=127.0.0.1 | op=READ_VOLUME {"volume":"541a718e-4c29-4b08-84d6-f01d2d5e41df"} | ret=SUCCESS |  
2025-10-16 19:47:55,447 | INFO  | OMAudit | user=runner | ip=127.0.0.1 | op=READ_BUCKET {"volume":"541a718e-4c29-4b08-84d6-f01d2d5e41df","bucket":"c9abbf81-8172-45e9-93bc-a69af9ae104a"} | ret=SUCCESS |  
2025-10-16 19:47:55,701 | INFO  | SCMAudit | user=runner | ip=127.0.0.1 | op=SEND_HEARTBEAT {"datanodeUUID":"757ca056-973f-4f05-ab2d-6aff6c54d452","term":"2","command":"[]"} | ret=SUCCESS |  
2025-10-16 19:47:55,876 | INFO  | SCMAudit | user=runner | ip=127.0.0.1 | op=SEND_HEARTBEAT {"datanodeUUID":"f700af26-0e26-4136-9205-9509c82c8c70","term":"2","command":"[]"} | ret=SUCCESS |  
2025-10-16 19:47:55,881 | INFO  | SCMAudit | user=runner | ip=127.0.0.1 | op=SEND_HEARTBEAT {"datanodeUUID":"8a3c3252-9afe-4d3a-8492-25be6557678a","term":"2","command":"[]"} | ret=SUCCESS |  
2025-10-16 19:47:55,883 | INFO  | SCMAudit | user=runner | ip=127.0.0.1 | op=SEND_HEARTBEAT {"datanodeUUID":"764b18f0-81c5-439a-9fff-25adc4f241fa","term":"2","command":"[]"} | ret=SUCCESS |  
2025-10-16 19:47:56,066 | INFO  | SCMAudit | user=runner | ip=127.0.0.1 | op=SEND_HEARTBEAT {"datanodeUUID":"58cff6b7-b2a7-446b-a75a-bb98ad6b11b8","term":"2","command":"[]"} | ret=SUCCESS |  
2025-10-16 19:47:56,068 | INFO  | SCMAudit | user=runner | ip=127.0.0.1 | op=SEND_HEARTBEAT {"datanodeUUID":"0428ab3f-efd5-438e-ae11-9ec242443260","term":"2","command":"[]"} | ret=SUCCESS |  
2025-10-16 19:47:56,074 | INFO  | SCMAudit | user=runner | ip=127.0.0.1 | op=SEND_HEARTBEAT {"datanodeUUID":"aa213937-adc5-47da-a770-0ee1e4664344","term":"2","command":"[]"} | ret=SUCCESS |  
2025-10-16 19:47:56,097 | INFO  | SCMAudit | user=runner | ip=127.0.0.1 | op=SEND_HEARTBEAT {"datanodeUUID":"e33e6ec4-6b66-4281-bedd-2bd75bd30070","term":"2","command":"[]"} | ret=SUCCESS |  
2025-10-16 19:47:56,120 | INFO  | SCMAudit | user=runner | ip=127.0.0.1 | op=SEND_HEARTBEAT {"datanodeUUID":"0e8b6cc7-9945-4141-97fc-6aa017a0d5fa","term":"2","command":"[]"} | ret=SUCCESS |  
2025-10-16 19:47:56,190 | INFO  | SCMAudit | user=runner | ip=127.0.0.1 | op=SEND_HEARTBEAT {"datanodeUUID":"76d4ba71-5bbb-4b24-8f51-8bc7f78aaca4","term":"2","command":"[]"} | ret=SUCCESS |  
2025-10-16 19:47:56,194 | INFO  | SCMAudit | user=runner | ip=127.0.0.1 | op=SEND_HEARTBEAT {"datanodeUUID":"e072d245-7694-4d97-8e20-c503ebf8c2fe","term":"2","command":"[]"} | ret=SUCCESS |  
2025-10-16 19:47:56,196 | INFO  | SCMAudit | user=runner | ip=127.0.0.1 | op=SEND_HEARTBEAT {"datanodeUUID":"8a0fa2ff-b550-4652-b2fe-0cf91cd4a157","term":"2","command":"[]"} | ret=SUCCESS |  
2025-10-16 19:47:56,200 | INFO  | SCMAudit | user=runner | ip=127.0.0.1 | op=SEND_HEARTBEAT {"datanodeUUID":"702cb173-5c73-4ecc-b5cd-c7b4a6b66aea","term":"2","command":"[]"} | ret=SUCCESS |  
2025-10-16 19:47:56,361 [om1-KeyDeletingService#9] INFO  service.KeyDeletingService (KeyDeletingService.java:processKeyDeletes(151)) - Send 1 key(s) to SCM, first 1 keys: [PurgedKey{blockGroup=BlockGroup[groupID='/541a718e-4c29-4b08-84d6-f01d2d5e41df/c9abbf81-8172-45e9-93bc-a69af9ae104a/99e43da0-70fc-4a7a-b9a8-574ffcf0a424/-9223372036854702591/0', blockIDs=[conID: 16 locID: 115816896921600088 bcsId: 0 replicaIndex: null, conID: 16 locID: 115816896921600089 bcsId: 0 replicaIndex: null]], volume='541a718e-4c29-4b08-84d6-f01d2d5e41df', bucket='c9abbf81-8172-45e9-93bc-a69af9ae104a', bucketId=-9223372036854702848, purgedBytes=25165824, isCommittedKey=true, deleteKeyName='/541a718e-4c29-4b08-84d6-f01d2d5e41df/c9abbf81-8172-45e9-93bc-a69af9ae104a/99e43da0-70fc-4a7a-b9a8-574ffcf0a424/-9223372036854702591'}]
2025-10-16 19:47:56,363 | INFO  | SCMAudit | user=runner | ip=127.0.0.1 | op=DELETE_KEY_BLOCK {"KeyBlockToDelete":"[BlockGroup[groupID='/541a718e-4c29-4b08-84d6-f01d2d5e41df/c9abbf81-8172-45e9-93bc-a69af9ae104a/99e43da0-70fc-4a7a-b9a8-574ffcf0a424/-9223372036854702591/0', blockIDs=[conID: 16 locID: 115816896921600088 bcsId: 0 replicaIndex: null, conID: 16 locID: 115816896921600089 bcsId: 0 replicaIndex: null]]]"} | ret=SUCCESS |  
2025-10-16 19:47:56,364 [om1-KeyDeletingService#9] INFO  service.KeyDeletingService (KeyDeletingService.java:processKeyDeletes(158)) - 1 BlockGroup deletion are acked by SCM in 2 ms
2025-10-16 19:47:56,365 [om1-KeyDeletingService#9] INFO  service.KeyDeletingService (KeyDeletingService.java:processKeyDeletes(166)) - Blocks for 1 (out of 1) keys are deleted from DB in 2 ms. Limit per task is 50000.
2025-10-16 19:47:56,376 | INFO  | SCMAudit | user=runner | ip=127.0.0.1 | op=SEND_HEARTBEAT {"datanodeUUID":"c0724e9c-0dd4-4d47-992c-7bfe285fdd38","term":"2","command":"[]"} | ret=SUCCESS |  
2025-10-16 19:47:56,449 | INFO  | OMAudit | user=runner | ip=127.0.0.1 | op=READ_VOLUME {"volume":"541a718e-4c29-4b08-84d6-f01d2d5e41df"} | ret=SUCCESS |  
2025-10-16 19:47:56,450 | INFO  | OMAudit | user=runner | ip=127.0.0.1 | op=READ_BUCKET {"volume":"541a718e-4c29-4b08-84d6-f01d2d5e41df","bucket":"c9abbf81-8172-45e9-93bc-a69af9ae104a"} | ret=SUCCESS |  
2025-10-16 19:47:56,450 [ForkJoinPool-1-worker-1] INFO  rpc.RpcClient (RpcClient.java:createVolume(461)) - Creating Volume: f1468da5-5600-4640-a0d1-9bacc9176a29, with runner as owner and space quota set to -1 bytes, counts quota set to -1
2025-10-16 19:47:56,452 [om1-OMStateMachineApplyTransactionThread - 0] INFO  volume.OMVolumeCreateRequest (OMVolumeCreateRequest.java:validateAndUpdateCache(213)) - created volume:f1468da5-5600-4640-a0d1-9bacc9176a29 for user:runner
2025-10-16 19:47:56,452 | INFO  | OMAudit | user=runner | ip=127.0.0.1 | op=CREATE_VOLUME {"admin":"runner","owner":"runner","volume":"f1468da5-5600-4640-a0d1-9bacc9176a29","creationTime":"1760644076451","modificationTime":"1760644076451","quotaInBytes":"-1","quotaInNamespace":"-1","usedNamespace":"0","objectID":"-9223372036854700800","updateID":"293","Transaction":"293"} | ret=SUCCESS |  
2025-10-16 19:47:56,453 | INFO  | OMAudit | user=runner | ip=127.0.0.1 | op=READ_VOLUME {"volume":"f1468da5-5600-4640-a0d1-9bacc9176a29"} | ret=SUCCESS |  
2025-10-16 19:47:56,453 [ForkJoinPool-1-worker-1] INFO  rpc.RpcClient (RpcClient.java:createBucket(686)) - Creating Bucket: f1468da5-5600-4640-a0d1-9bacc9176a29/659c214a-89a7-44ab-935e-cd20453c566f, with server-side default bucket layout, runner as owner, Versioning false, Storage Type set to DISK and Encryption set to false, Replication Type set to server-side default replication type, Namespace Quota set to -1, Space Quota set to -1 
2025-10-16 19:47:56,455 [om1-OMStateMachineApplyTransactionThread - 0] INFO  bucket.OMBucketCreateRequest (OMBucketCreateRequest.java:validateAndUpdateCache(303)) - created bucket: 659c214a-89a7-44ab-935e-cd20453c566f of layout FILE_SYSTEM_OPTIMIZED in volume: f1468da5-5600-4640-a0d1-9bacc9176a29
2025-10-16 19:47:56,455 | INFO  | OMAudit | user=runner | ip=127.0.0.1 | op=CREATE_BUCKET {"volume":"f1468da5-5600-4640-a0d1-9bacc9176a29","bucket":"659c214a-89a7-44ab-935e-cd20453c566f","bucketLayout":"FILE_SYSTEM_OPTIMIZED","gdprEnabled":null,"acls":"[user:runner:a[ACCESS], group:runner:rl[ACCESS]]","isVersionEnabled":"false","storageType":"DISK","creationTime":"1760644076454","bucketEncryptionKey":null,"modificationTime":"1760644076454","usedBytes":"0","usedNamespace":"0","snapshotUsedBytes":"0","snapshotUsedNamespace":"0","owner":"runner","replicationType":null,"replicationConfig":null,"quotaInBytes":"-1","quotaInNamespace":"-1","Transaction":"294"} | ret=SUCCESS |  
2025-10-16 19:47:56,456 | INFO  | OMAudit | user=runner | ip=127.0.0.1 | op=READ_BUCKET {"volume":"f1468da5-5600-4640-a0d1-9bacc9176a29","bucket":"659c214a-89a7-44ab-935e-cd20453c566f"} | ret=SUCCESS |  
2025-10-16 19:47:56,458 | INFO  | OMAudit | user=runner | ip=127.0.0.1 | op=READ_BUCKET {"volume":"f1468da5-5600-4640-a0d1-9bacc9176a29","bucket":"659c214a-89a7-44ab-935e-cd20453c566f"} | ret=SUCCESS |  
2025-10-16 19:47:56,459 | INFO  | SCMAudit | user=runner | ip=127.0.0.1 | op=ALLOCATE_BLOCK {"replication":"RATIS/THREE","owner":"omServiceIdDefault","size":"4194304","sampleBlocks":"[conID: 17 locID: 115816896921600090, conID: 17 locID: 115816896921600091, conID: 19 locID: 115816896921600092]","num":"3","client":"","allocated":"3"} | ret=SUCCESS |  
2025-10-16 19:47:56,462 | INFO  | OMAudit | user=runner | ip=127.0.0.1 | op=ALLOCATE_KEY {"volume":"f1468da5-5600-4640-a0d1-9bacc9176a29","bucket":"659c214a-89a7-44ab-935e-cd20453c566f","key":"051990b2-b0ce-4b2f-b578-65e1f2720417","dataSize":"8388609","replicationType":"RATIS","replicationFactor":"THREE","Transaction":"295"} | ret=SUCCESS |  
2025-10-16 19:47:56,463 | INFO  | OMAudit | user=runner | ip=127.0.0.1 | op=READ_VOLUME {"volume":"f1468da5-5600-4640-a0d1-9bacc9176a29"} | ret=SUCCESS |  
2025-10-16 19:47:56,464 | INFO  | OMAudit | user=runner | ip=127.0.0.1 | op=READ_BUCKET {"volume":"f1468da5-5600-4640-a0d1-9bacc9176a29","bucket":"659c214a-89a7-44ab-935e-cd20453c566f"} | ret=SUCCESS |  
2025-10-16 19:47:56,621 | INFO  | OMAudit | user=runner | ip=127.0.0.1 | op=COMMIT_KEY {"volume":"f1468da5-5600-4640-a0d1-9bacc9176a29","bucket":"659c214a-89a7-44ab-935e-cd20453c566f","key":"051990b2-b0ce-4b2f-b578-65e1f2720417","dataSize":"8388609","replicationType":"RATIS","replicationFactor":"THREE","Transaction":"296"} | ret=SUCCESS |  
2025-10-16 19:47:56,624 | INFO  | OMAudit | user=runner | ip=127.0.0.1 | op=READ_VOLUME {"volume":"f1468da5-5600-4640-a0d1-9bacc9176a29"} | ret=SUCCESS |  
2025-10-16 19:47:56,625 | INFO  | OMAudit | user=runner | ip=127.0.0.1 | op=READ_BUCKET {"volume":"f1468da5-5600-4640-a0d1-9bacc9176a29","bucket":"659c214a-89a7-44ab-935e-cd20453c566f"} | ret=SUCCESS |  
2025-10-16 19:47:56,626 | INFO  | OMAudit | user=runner | ip=127.0.0.1 | op=READ_BUCKET {"volume":"f1468da5-5600-4640-a0d1-9bacc9176a29","bucket":"659c214a-89a7-44ab-935e-cd20453c566f"} | ret=SUCCESS |  
2025-10-16 19:47:56,627 | INFO  | SCMAudit | user=runner | ip=127.0.0.1 | op=ALLOCATE_BLOCK {"replication":"RATIS/THREE","owner":"omServiceIdDefault","size":"4194304","sampleBlocks":"[conID: 16 locID: 115816896921600093, conID: 18 locID: 115816896921600094, conID: 18 locID: 115816896921600095]","num":"3","client":"","allocated":"3"} | ret=SUCCESS |  
2025-10-16 19:47:56,631 | INFO  | OMAudit | user=runner | ip=127.0.0.1 | op=ALLOCATE_KEY {"volume":"f1468da5-5600-4640-a0d1-9bacc9176a29","bucket":"659c214a-89a7-44ab-935e-cd20453c566f","key":"051990b2-b0ce-4b2f-b578-65e1f2720417","dataSize":"8388609","replicationType":"RATIS","replicationFactor":"THREE","Transaction":"297"} | ret=SUCCESS |  
2025-10-16 19:47:56,634 | INFO  | OMAudit | user=runner | ip=127.0.0.1 | op=READ_VOLUME {"volume":"f1468da5-5600-4640-a0d1-9bacc9176a29"} | ret=SUCCESS |  
2025-10-16 19:47:56,635 | INFO  | OMAudit | user=runner | ip=127.0.0.1 | op=READ_BUCKET {"volume":"f1468da5-5600-4640-a0d1-9bacc9176a29","bucket":"659c214a-89a7-44ab-935e-cd20453c566f"} | ret=SUCCESS |  
2025-10-16 19:47:56,710 | INFO  | SCMAudit | user=runner | ip=127.0.0.1 | op=SEND_HEARTBEAT {"datanodeUUID":"757ca056-973f-4f05-ab2d-6aff6c54d452","term":"2","command":"[]"} | ret=SUCCESS |  
2025-10-16 19:47:56,768 | INFO  | OMAudit | user=runner | ip=127.0.0.1 | op=COMMIT_KEY {"volume":"f1468da5-5600-4640-a0d1-9bacc9176a29","bucket":"659c214a-89a7-44ab-935e-cd20453c566f","key":"051990b2-b0ce-4b2f-b578-65e1f2720417","dataSize":"8388609","replicationType":"RATIS","replicationFactor":"THREE","Transaction":"298"} | ret=SUCCESS |  
2025-10-16 19:47:56,770 | INFO  | OMAudit | user=runner | ip=127.0.0.1 | op=READ_VOLUME {"volume":"f1468da5-5600-4640-a0d1-9bacc9176a29"} | ret=SUCCESS |  
2025-10-16 19:47:56,771 | INFO  | OMAudit | user=runner | ip=127.0.0.1 | op=READ_BUCKET {"volume":"f1468da5-5600-4640-a0d1-9bacc9176a29","bucket":"659c214a-89a7-44ab-935e-cd20453c566f"} | ret=SUCCESS |  
2025-10-16 19:47:56,876 | INFO  | SCMAudit | user=runner | ip=127.0.0.1 | op=SEND_HEARTBEAT {"datanodeUUID":"f700af26-0e26-4136-9205-9509c82c8c70","term":"2","command":"[]"} | ret=SUCCESS |  
2025-10-16 19:47:56,880 | INFO  | SCMAudit | user=runner | ip=127.0.0.1 | op=SEND_HEARTBEAT {"datanodeUUID":"8a3c3252-9afe-4d3a-8492-25be6557678a","term":"2","command":"[]"} | ret=SUCCESS |  
2025-10-16 19:47:56,883 | INFO  | SCMAudit | user=runner | ip=127.0.0.1 | op=SEND_HEARTBEAT {"datanodeUUID":"764b18f0-81c5-439a-9fff-25adc4f241fa","term":"2","command":"[]"} | ret=SUCCESS |  
2025-10-16 19:47:57,067 | INFO  | SCMAudit | user=runner | ip=127.0.0.1 | op=SEND_HEARTBEAT {"datanodeUUID":"58cff6b7-b2a7-446b-a75a-bb98ad6b11b8","term":"2","command":"[]"} | ret=SUCCESS |  
2025-10-16 19:47:57,068 | INFO  | SCMAudit | user=runner | ip=127.0.0.1 | op=SEND_HEARTBEAT {"datanodeUUID":"0428ab3f-efd5-438e-ae11-9ec242443260","term":"2","command":"[]"} | ret=SUCCESS |  
2025-10-16 19:47:57,073 | INFO  | SCMAudit | user=runner | ip=127.0.0.1 | op=SEND_HEARTBEAT {"datanodeUUID":"aa213937-adc5-47da-a770-0ee1e4664344","term":"2","command":"[]"} | ret=SUCCESS |  
2025-10-16 19:47:57,097 | INFO  | SCMAudit | user=runner | ip=127.0.0.1 | op=SEND_HEARTBEAT {"datanodeUUID":"e33e6ec4-6b66-4281-bedd-2bd75bd30070","term":"2","command":"[]"} | ret=SUCCESS |  
2025-10-16 19:47:57,119 | INFO  | SCMAudit | user=runner | ip=127.0.0.1 | op=SEND_HEARTBEAT {"datanodeUUID":"0e8b6cc7-9945-4141-97fc-6aa017a0d5fa","term":"2","command":"[]"} | ret=SUCCESS |  
2025-10-16 19:47:57,191 | INFO  | SCMAudit | user=runner | ip=127.0.0.1 | op=SEND_HEARTBEAT {"datanodeUUID":"76d4ba71-5bbb-4b24-8f51-8bc7f78aaca4","term":"2","command":"[]"} | ret=SUCCESS |  
2025-10-16 19:47:57,194 | INFO  | SCMAudit | user=runner | ip=127.0.0.1 | op=SEND_HEARTBEAT {"datanodeUUID":"e072d245-7694-4d97-8e20-c503ebf8c2fe","term":"2","command":"[]"} | ret=SUCCESS |  
2025-10-16 19:47:57,196 | INFO  | SCMAudit | user=runner | ip=127.0.0.1 | op=SEND_HEARTBEAT {"datanodeUUID":"8a0fa2ff-b550-4652-b2fe-0cf91cd4a157","term":"2","command":"[]"} | ret=SUCCESS |  
2025-10-16 19:47:57,199 | INFO  | SCMAudit | user=runner | ip=127.0.0.1 | op=SEND_HEARTBEAT {"datanodeUUID":"702cb173-5c73-4ecc-b5cd-c7b4a6b66aea","term":"2","command":"[]"} | ret=SUCCESS |  
2025-10-16 19:47:57,362 [om1-KeyDeletingService#3] INFO  service.KeyDeletingService (KeyDeletingService.java:processKeyDeletes(151)) - Send 1 key(s) to SCM, first 1 keys: [PurgedKey{blockGroup=BlockGroup[groupID='/f1468da5-5600-4640-a0d1-9bacc9176a29/659c214a-89a7-44ab-935e-cd20453c566f/051990b2-b0ce-4b2f-b578-65e1f2720417/-9223372036854699520/0', blockIDs=[conID: 17 locID: 115816896921600090 bcsId: 0 replicaIndex: null, conID: 17 locID: 115816896921600091 bcsId: 0 replicaIndex: null, conID: 19 locID: 115816896921600092 bcsId: 0 replicaIndex: null]], volume='f1468da5-5600-4640-a0d1-9bacc9176a29', bucket='659c214a-89a7-44ab-935e-cd20453c566f', bucketId=-9223372036854700544, purgedBytes=25165827, isCommittedKey=true, deleteKeyName='/f1468da5-5600-4640-a0d1-9bacc9176a29/659c214a-89a7-44ab-935e-cd20453c566f/051990b2-b0ce-4b2f-b578-65e1f2720417/-9223372036854699520'}]
2025-10-16 19:47:57,364 | INFO  | SCMAudit | user=runner | ip=127.0.0.1 | op=DELETE_KEY_BLOCK {"KeyBlockToDelete":"[BlockGroup[groupID='/f1468da5-5600-4640-a0d1-9bacc9176a29/659c214a-89a7-44ab-935e-cd20453c566f/051990b2-b0ce-4b2f-b578-65e1f2720417/-9223372036854699520/0', blockIDs=[conID: 17 locID: 115816896921600090 bcsId: 0 replicaIndex: null, conID: 17 locID: 115816896921600091 bcsId: 0 replicaIndex: null, conID: 19 locID: 115816896921600092 bcsId: 0 replicaIndex: null]]]"} | ret=SUCCESS |  
2025-10-16 19:47:57,364 [om1-KeyDeletingService#3] INFO  service.KeyDeletingService (KeyDeletingService.java:processKeyDeletes(158)) - 1 BlockGroup deletion are acked by SCM in 3 ms
2025-10-16 19:47:57,366 [om1-KeyDeletingService#3] INFO  service.KeyDeletingService (KeyDeletingService.java:processKeyDeletes(166)) - Blocks for 1 (out of 1) keys are deleted from DB in 1 ms. Limit per task is 50000.
2025-10-16 19:47:57,376 | INFO  | SCMAudit | user=runner | ip=127.0.0.1 | op=SEND_HEARTBEAT {"datanodeUUID":"c0724e9c-0dd4-4d47-992c-7bfe285fdd38","term":"2","command":"[]"} | ret=SUCCESS |  
2025-10-16 19:47:57,704 | INFO  | SCMAudit | user=runner | ip=127.0.0.1 | op=SEND_HEARTBEAT {"datanodeUUID":"757ca056-973f-4f05-ab2d-6aff6c54d452","term":"2","command":"[]"} | ret=SUCCESS |  
2025-10-16 19:47:57,774 | INFO  | OMAudit | user=runner | ip=127.0.0.1 | op=READ_VOLUME {"volume":"f1468da5-5600-4640-a0d1-9bacc9176a29"} | ret=SUCCESS |  
2025-10-16 19:47:57,775 | INFO  | OMAudit | user=runner | ip=127.0.0.1 | op=READ_BUCKET {"volume":"f1468da5-5600-4640-a0d1-9bacc9176a29","bucket":"659c214a-89a7-44ab-935e-cd20453c566f"} | ret=SUCCESS |  
2025-10-16 19:47:57,778 | INFO  | OMAudit | user=runner | ip=127.0.0.1 | op=DELETE_KEY {"volume":"f1468da5-5600-4640-a0d1-9bacc9176a29","bucket":"659c214a-89a7-44ab-935e-cd20453c566f","key":"051990b2-b0ce-4b2f-b578-65e1f2720417","dataSize":"8388609","replicationConfig":"RATIS/THREE","Transaction":"300"} | ret=SUCCESS |  
2025-10-16 19:47:57,779 | INFO  | OMAudit | user=runner | ip=127.0.0.1 | op=READ_VOLUME {"volume":"f1468da5-5600-4640-a0d1-9bacc9176a29"} | ret=SUCCESS |  
2025-10-16 19:47:57,780 | INFO  | OMAudit | user=runner | ip=127.0.0.1 | op=READ_BUCKET {"volume":"f1468da5-5600-4640-a0d1-9bacc9176a29","bucket":"659c214a-89a7-44ab-935e-cd20453c566f"} | ret=SUCCESS |  
2025-10-16 19:47:57,875 | INFO  | SCMAudit | user=runner | ip=127.0.0.1 | op=SEND_HEARTBEAT {"datanodeUUID":"f700af26-0e26-4136-9205-9509c82c8c70","term":"2","command":"[]"} | ret=SUCCESS |  
2025-10-16 19:47:57,880 | INFO  | SCMAudit | user=runner | ip=127.0.0.1 | op=SEND_HEARTBEAT {"datanodeUUID":"8a3c3252-9afe-4d3a-8492-25be6557678a","term":"2","command":"[]"} | ret=SUCCESS |  
2025-10-16 19:47:57,882 | INFO  | SCMAudit | user=runner | ip=127.0.0.1 | op=SEND_HEARTBEAT {"datanodeUUID":"764b18f0-81c5-439a-9fff-25adc4f241fa","term":"2","command":"[]"} | ret=SUCCESS |  
2025-10-16 19:47:58,067 | INFO  | SCMAudit | user=runner | ip=127.0.0.1 | op=SEND_HEARTBEAT {"datanodeUUID":"58cff6b7-b2a7-446b-a75a-bb98ad6b11b8","term":"2","command":"[]"} | ret=SUCCESS |  
2025-10-16 19:47:58,068 | INFO  | SCMAudit | user=runner | ip=127.0.0.1 | op=SEND_HEARTBEAT {"datanodeUUID":"0428ab3f-efd5-438e-ae11-9ec242443260","term":"2","command":"[]"} | ret=SUCCESS |  
2025-10-16 19:47:58,073 | INFO  | SCMAudit | user=runner | ip=127.0.0.1 | op=SEND_HEARTBEAT {"datanodeUUID":"aa213937-adc5-47da-a770-0ee1e4664344","term":"2","command":"[]"} | ret=SUCCESS |  
2025-10-16 19:47:58,097 | INFO  | SCMAudit | user=runner | ip=127.0.0.1 | op=SEND_HEARTBEAT {"datanodeUUID":"e33e6ec4-6b66-4281-bedd-2bd75bd30070","term":"2","command":"[]"} | ret=SUCCESS |  
2025-10-16 19:47:58,120 | INFO  | SCMAudit | user=runner | ip=127.0.0.1 | op=SEND_HEARTBEAT {"datanodeUUID":"0e8b6cc7-9945-4141-97fc-6aa017a0d5fa","term":"2","command":"[]"} | ret=SUCCESS |  
2025-10-16 19:47:58,191 | INFO  | SCMAudit | user=runner | ip=127.0.0.1 | op=SEND_HEARTBEAT {"datanodeUUID":"76d4ba71-5bbb-4b24-8f51-8bc7f78aaca4","term":"2","command":"[]"} | ret=SUCCESS |  
2025-10-16 19:47:58,194 | INFO  | SCMAudit | user=runner | ip=127.0.0.1 | op=SEND_HEARTBEAT {"datanodeUUID":"e072d245-7694-4d97-8e20-c503ebf8c2fe","term":"2","command":"[]"} | ret=SUCCESS |  
2025-10-16 19:47:58,196 | INFO  | SCMAudit | user=runner | ip=127.0.0.1 | op=SEND_HEARTBEAT {"datanodeUUID":"8a0fa2ff-b550-4652-b2fe-0cf91cd4a157","term":"2","command":"[]"} | ret=SUCCESS |  
2025-10-16 19:47:58,199 | INFO  | SCMAudit | user=runner | ip=127.0.0.1 | op=SEND_HEARTBEAT {"datanodeUUID":"702cb173-5c73-4ecc-b5cd-c7b4a6b66aea","term":"2","command":"[]"} | ret=SUCCESS |  
2025-10-16 19:47:58,362 [om1-KeyDeletingService#5] INFO  service.KeyDeletingService (KeyDeletingService.java:processKeyDeletes(151)) - Send 1 key(s) to SCM, first 1 keys: [PurgedKey{blockGroup=BlockGroup[groupID='/f1468da5-5600-4640-a0d1-9bacc9176a29/659c214a-89a7-44ab-935e-cd20453c566f/051990b2-b0ce-4b2f-b578-65e1f2720417/-9223372036854700287/0', blockIDs=[conID: 16 locID: 115816896921600093 bcsId: 0 replicaIndex: null, conID: 18 locID: 115816896921600094 bcsId: 0 replicaIndex: null, conID: 18 locID: 115816896921600095 bcsId: 0 replicaIndex: null]], volume='f1468da5-5600-4640-a0d1-9bacc9176a29', bucket='659c214a-89a7-44ab-935e-cd20453c566f', bucketId=-9223372036854700544, purgedBytes=25165827, isCommittedKey=true, deleteKeyName='/f1468da5-5600-4640-a0d1-9bacc9176a29/659c214a-89a7-44ab-935e-cd20453c566f/051990b2-b0ce-4b2f-b578-65e1f2720417/-9223372036854700287'}]
2025-10-16 19:47:58,364 | INFO  | SCMAudit | user=runner | ip=127.0.0.1 | op=DELETE_KEY_BLOCK {"KeyBlockToDelete":"[BlockGroup[groupID='/f1468da5-5600-4640-a0d1-9bacc9176a29/659c214a-89a7-44ab-935e-cd20453c566f/051990b2-b0ce-4b2f-b578-65e1f2720417/-9223372036854700287/0', blockIDs=[conID: 16 locID: 115816896921600093 bcsId: 0 replicaIndex: null, conID: 18 locID: 115816896921600094 bcsId: 0 replicaIndex: null, conID: 18 locID: 115816896921600095 bcsId: 0 replicaIndex: null]]]"} | ret=SUCCESS |  
2025-10-16 19:47:58,364 [om1-KeyDeletingService#5] INFO  service.KeyDeletingService (KeyDeletingService.java:processKeyDeletes(158)) - 1 BlockGroup deletion are acked by SCM in 2 ms
2025-10-16 19:47:58,365 [om1-KeyDeletingService#5] INFO  service.KeyDeletingService (KeyDeletingService.java:processKeyDeletes(166)) - Blocks for 1 (out of 1) keys are deleted from DB in 1 ms. Limit per task is 50000.
2025-10-16 19:47:58,376 | INFO  | SCMAudit | user=runner | ip=127.0.0.1 | op=SEND_HEARTBEAT {"datanodeUUID":"c0724e9c-0dd4-4d47-992c-7bfe285fdd38","term":"2","command":"[]"} | ret=SUCCESS |  
2025-10-16 19:47:58,704 | INFO  | SCMAudit | user=runner | ip=127.0.0.1 | op=SEND_HEARTBEAT {"datanodeUUID":"757ca056-973f-4f05-ab2d-6aff6c54d452","term":"2","command":"[]"} | ret=SUCCESS |  
2025-10-16 19:47:58,781 | INFO  | OMAudit | user=runner | ip=127.0.0.1 | op=READ_VOLUME {"volume":"f1468da5-5600-4640-a0d1-9bacc9176a29"} | ret=SUCCESS |  
2025-10-16 19:47:58,782 | INFO  | OMAudit | user=runner | ip=127.0.0.1 | op=READ_BUCKET {"volume":"f1468da5-5600-4640-a0d1-9bacc9176a29","bucket":"659c214a-89a7-44ab-935e-cd20453c566f"} | ret=SUCCESS |  
2025-10-16 19:47:58,782 [ForkJoinPool-1-worker-1] INFO  rpc.RpcClient (RpcClient.java:createVolume(461)) - Creating Volume: c56a0be2-6184-43e7-b4d1-810636e9d6d0, with runner as owner and space quota set to -1 bytes, counts quota set to -1
2025-10-16 19:47:58,784 [om1-OMStateMachineApplyTransactionThread - 0] INFO  volume.OMVolumeCreateRequest (OMVolumeCreateRequest.java:validateAndUpdateCache(213)) - created volume:c56a0be2-6184-43e7-b4d1-810636e9d6d0 for user:runner
2025-10-16 19:47:58,784 | INFO  | OMAudit | user=runner | ip=127.0.0.1 | op=CREATE_VOLUME {"admin":"runner","owner":"runner","volume":"c56a0be2-6184-43e7-b4d1-810636e9d6d0","creationTime":"1760644078783","modificationTime":"1760644078783","quotaInBytes":"-1","quotaInNamespace":"-1","usedNamespace":"0","objectID":"-9223372036854698496","updateID":"302","Transaction":"302"} | ret=SUCCESS |  
2025-10-16 19:47:58,785 | INFO  | OMAudit | user=runner | ip=127.0.0.1 | op=READ_VOLUME {"volume":"c56a0be2-6184-43e7-b4d1-810636e9d6d0"} | ret=SUCCESS |  
2025-10-16 19:47:58,786 [ForkJoinPool-1-worker-1] INFO  rpc.RpcClient (RpcClient.java:createBucket(686)) - Creating Bucket: c56a0be2-6184-43e7-b4d1-810636e9d6d0/3e00e67c-6599-41f5-b2b5-6cf8d7d44d42, with server-side default bucket layout, runner as owner, Versioning false, Storage Type set to DISK and Encryption set to false, Replication Type set to server-side default replication type, Namespace Quota set to -1, Space Quota set to -1 
2025-10-16 19:47:58,788 [om1-OMStateMachineApplyTransactionThread - 0] INFO  bucket.OMBucketCreateRequest (OMBucketCreateRequest.java:validateAndUpdateCache(303)) - created bucket: 3e00e67c-6599-41f5-b2b5-6cf8d7d44d42 of layout FILE_SYSTEM_OPTIMIZED in volume: c56a0be2-6184-43e7-b4d1-810636e9d6d0
2025-10-16 19:47:58,788 | INFO  | OMAudit | user=runner | ip=127.0.0.1 | op=CREATE_BUCKET {"volume":"c56a0be2-6184-43e7-b4d1-810636e9d6d0","bucket":"3e00e67c-6599-41f5-b2b5-6cf8d7d44d42","bucketLayout":"FILE_SYSTEM_OPTIMIZED","gdprEnabled":null,"acls":"[user:runner:a[ACCESS], group:runner:rl[ACCESS]]","isVersionEnabled":"false","storageType":"DISK","creationTime":"1760644078787","bucketEncryptionKey":null,"modificationTime":"1760644078787","usedBytes":"0","usedNamespace":"0","snapshotUsedBytes":"0","snapshotUsedNamespace":"0","owner":"runner","replicationType":null,"replicationConfig":null,"quotaInBytes":"-1","quotaInNamespace":"-1","Transaction":"303"} | ret=SUCCESS |  
2025-10-16 19:47:58,789 | INFO  | OMAudit | user=runner | ip=127.0.0.1 | op=READ_BUCKET {"volume":"c56a0be2-6184-43e7-b4d1-810636e9d6d0","bucket":"3e00e67c-6599-41f5-b2b5-6cf8d7d44d42"} | ret=SUCCESS |  
2025-10-16 19:47:58,802 | INFO  | OMAudit | user=runner | ip=127.0.0.1 | op=READ_BUCKET {"volume":"c56a0be2-6184-43e7-b4d1-810636e9d6d0","bucket":"3e00e67c-6599-41f5-b2b5-6cf8d7d44d42"} | ret=SUCCESS |  
2025-10-16 19:47:58,805 | INFO  | SCMAudit | user=runner | ip=127.0.0.1 | op=ALLOCATE_BLOCK {"replication":"RATIS/THREE","owner":"omServiceIdDefault","size":"4194304","sampleBlocks":"[conID: 17 locID: 115816896921600096, conID: 16 locID: 115816896921600097, conID: 16 locID: 115816896921600098]","num":"3","client":"","allocated":"3"} | ret=SUCCESS |  
2025-10-16 19:47:58,814 | INFO  | OMAudit | user=runner | ip=127.0.0.1 | op=ALLOCATE_KEY {"volume":"c56a0be2-6184-43e7-b4d1-810636e9d6d0","bucket":"3e00e67c-6599-41f5-b2b5-6cf8d7d44d42","key":"7c3bc98b-9a0a-4519-9efd-b17181a515f6","dataSize":"12582912","replicationType":"RATIS","replicationFactor":"THREE","Transaction":"304"} | ret=SUCCESS |  
2025-10-16 19:47:58,816 | INFO  | OMAudit | user=runner | ip=127.0.0.1 | op=READ_VOLUME {"volume":"c56a0be2-6184-43e7-b4d1-810636e9d6d0"} | ret=SUCCESS |  
2025-10-16 19:47:58,818 | INFO  | OMAudit | user=runner | ip=127.0.0.1 | op=READ_BUCKET {"volume":"c56a0be2-6184-43e7-b4d1-810636e9d6d0","bucket":"3e00e67c-6599-41f5-b2b5-6cf8d7d44d42"} | ret=SUCCESS |  
2025-10-16 19:47:58,886 | INFO  | SCMAudit | user=runner | ip=127.0.0.1 | op=SEND_HEARTBEAT {"datanodeUUID":"f700af26-0e26-4136-9205-9509c82c8c70","term":"2","command":"[]"} | ret=SUCCESS |  
2025-10-16 19:47:58,886 | INFO  | SCMAudit | user=runner | ip=127.0.0.1 | op=SEND_HEARTBEAT {"datanodeUUID":"8a3c3252-9afe-4d3a-8492-25be6557678a","term":"2","command":"[]"} | ret=SUCCESS |  
2025-10-16 19:47:58,886 | INFO  | SCMAudit | user=runner | ip=127.0.0.1 | op=SEND_HEARTBEAT {"datanodeUUID":"764b18f0-81c5-439a-9fff-25adc4f241fa","term":"2","command":"[]"} | ret=SUCCESS |  
2025-10-16 19:47:59,074 | INFO  | SCMAudit | user=runner | ip=127.0.0.1 | op=SEND_HEARTBEAT {"datanodeUUID":"0428ab3f-efd5-438e-ae11-9ec242443260","term":"2","command":"[]"} | ret=SUCCESS |  
2025-10-16 19:47:59,074 | INFO  | SCMAudit | user=runner | ip=127.0.0.1 | op=SEND_HEARTBEAT {"datanodeUUID":"58cff6b7-b2a7-446b-a75a-bb98ad6b11b8","term":"2","command":"[]"} | ret=SUCCESS |  
2025-10-16 19:47:59,076 | INFO  | SCMAudit | user=runner | ip=127.0.0.1 | op=SEND_HEARTBEAT {"datanodeUUID":"aa213937-adc5-47da-a770-0ee1e4664344","term":"2","command":"[]"} | ret=SUCCESS |  
2025-10-16 19:47:59,086 | INFO  | OMAudit | user=runner | ip=127.0.0.1 | op=COMMIT_KEY {"volume":"c56a0be2-6184-43e7-b4d1-810636e9d6d0","bucket":"3e00e67c-6599-41f5-b2b5-6cf8d7d44d42","key":"7c3bc98b-9a0a-4519-9efd-b17181a515f6","dataSize":"12582912","replicationType":"RATIS","replicationFactor":"THREE","Transaction":"305"} | ret=SUCCESS |  
2025-10-16 19:47:59,090 | INFO  | OMAudit | user=runner | ip=127.0.0.1 | op=READ_VOLUME {"volume":"c56a0be2-6184-43e7-b4d1-810636e9d6d0"} | ret=SUCCESS |  
2025-10-16 19:47:59,092 | INFO  | OMAudit | user=runner | ip=127.0.0.1 | op=READ_BUCKET {"volume":"c56a0be2-6184-43e7-b4d1-810636e9d6d0","bucket":"3e00e67c-6599-41f5-b2b5-6cf8d7d44d42"} | ret=SUCCESS |  
2025-10-16 19:47:59,094 | INFO  | OMAudit | user=runner | ip=127.0.0.1 | op=READ_BUCKET {"volume":"c56a0be2-6184-43e7-b4d1-810636e9d6d0","bucket":"3e00e67c-6599-41f5-b2b5-6cf8d7d44d42"} | ret=SUCCESS |  
2025-10-16 19:47:59,096 | INFO  | SCMAudit | user=runner | ip=127.0.0.1 | op=ALLOCATE_BLOCK {"replication":"RATIS/THREE","owner":"omServiceIdDefault","size":"4194304","sampleBlocks":"[conID: 14 locID: 115816896921600099, conID: 19 locID: 115816896921600100, conID: 17 locID: 115816896921600101]","num":"3","client":"","allocated":"3"} | ret=SUCCESS |  
2025-10-16 19:47:59,098 | INFO  | SCMAudit | user=runner | ip=127.0.0.1 | op=SEND_HEARTBEAT {"datanodeUUID":"e33e6ec4-6b66-4281-bedd-2bd75bd30070","term":"2","command":"[]"} | ret=SUCCESS |  
2025-10-16 19:47:59,100 | INFO  | OMAudit | user=runner | ip=127.0.0.1 | op=ALLOCATE_KEY {"volume":"c56a0be2-6184-43e7-b4d1-810636e9d6d0","bucket":"3e00e67c-6599-41f5-b2b5-6cf8d7d44d42","key":"7c3bc98b-9a0a-4519-9efd-b17181a515f6","dataSize":"12582912","replicationType":"RATIS","replicationFactor":"THREE","Transaction":"306"} | ret=SUCCESS |  
2025-10-16 19:47:59,103 | INFO  | OMAudit | user=runner | ip=127.0.0.1 | op=READ_VOLUME {"volume":"c56a0be2-6184-43e7-b4d1-810636e9d6d0"} | ret=SUCCESS |  
2025-10-16 19:47:59,104 | INFO  | OMAudit | user=runner | ip=127.0.0.1 | op=READ_BUCKET {"volume":"c56a0be2-6184-43e7-b4d1-810636e9d6d0","bucket":"3e00e67c-6599-41f5-b2b5-6cf8d7d44d42"} | ret=SUCCESS |  
2025-10-16 19:47:59,127 | INFO  | SCMAudit | user=runner | ip=127.0.0.1 | op=SEND_HEARTBEAT {"datanodeUUID":"0e8b6cc7-9945-4141-97fc-6aa017a0d5fa","term":"2","command":"[]"} | ret=SUCCESS |  
2025-10-16 19:47:59,191 | INFO  | SCMAudit | user=runner | ip=127.0.0.1 | op=SEND_HEARTBEAT {"datanodeUUID":"76d4ba71-5bbb-4b24-8f51-8bc7f78aaca4","term":"2","command":"[]"} | ret=SUCCESS |  
2025-10-16 19:47:59,196 | INFO  | SCMAudit | user=runner | ip=127.0.0.1 | op=SEND_HEARTBEAT {"datanodeUUID":"e072d245-7694-4d97-8e20-c503ebf8c2fe","term":"2","command":"[]"} | ret=SUCCESS |  
2025-10-16 19:47:59,198 | INFO  | SCMAudit | user=runner | ip=127.0.0.1 | op=SEND_HEARTBEAT {"datanodeUUID":"8a0fa2ff-b550-4652-b2fe-0cf91cd4a157","term":"2","command":"[]"} | ret=SUCCESS |  
2025-10-16 19:47:59,200 | INFO  | SCMAudit | user=runner | ip=127.0.0.1 | op=SEND_HEARTBEAT {"datanodeUUID":"702cb173-5c73-4ecc-b5cd-c7b4a6b66aea","term":"2","command":"[]"} | ret=SUCCESS |  
2025-10-16 19:47:59,267 | INFO  | OMAudit | user=runner | ip=127.0.0.1 | op=COMMIT_KEY {"volume":"c56a0be2-6184-43e7-b4d1-810636e9d6d0","bucket":"3e00e67c-6599-41f5-b2b5-6cf8d7d44d42","key":"7c3bc98b-9a0a-4519-9efd-b17181a515f6","dataSize":"12582912","replicationType":"RATIS","replicationFactor":"THREE","Transaction":"307"} | ret=SUCCESS |  
2025-10-16 19:47:59,271 | INFO  | OMAudit | user=runner | ip=127.0.0.1 | op=READ_VOLUME {"volume":"c56a0be2-6184-43e7-b4d1-810636e9d6d0"} | ret=SUCCESS |  
2025-10-16 19:47:59,272 | INFO  | OMAudit | user=runner | ip=127.0.0.1 | op=READ_BUCKET {"volume":"c56a0be2-6184-43e7-b4d1-810636e9d6d0","bucket":"3e00e67c-6599-41f5-b2b5-6cf8d7d44d42"} | ret=SUCCESS |  
2025-10-16 19:47:59,362 [om1-KeyDeletingService#8] INFO  service.KeyDeletingService (KeyDeletingService.java:processKeyDeletes(151)) - Send 1 key(s) to SCM, first 1 keys: [PurgedKey{blockGroup=BlockGroup[groupID='/c56a0be2-6184-43e7-b4d1-810636e9d6d0/3e00e67c-6599-41f5-b2b5-6cf8d7d44d42/7c3bc98b-9a0a-4519-9efd-b17181a515f6/-9223372036854697216/0', blockIDs=[conID: 17 locID: 115816896921600096 bcsId: 0 replicaIndex: null, conID: 16 locID: 115816896921600097 bcsId: 0 replicaIndex: null, conID: 16 locID: 115816896921600098 bcsId: 0 replicaIndex: null]], volume='c56a0be2-6184-43e7-b4d1-810636e9d6d0', bucket='3e00e67c-6599-41f5-b2b5-6cf8d7d44d42', bucketId=-9223372036854698240, purgedBytes=37748736, isCommittedKey=true, deleteKeyName='/c56a0be2-6184-43e7-b4d1-810636e9d6d0/3e00e67c-6599-41f5-b2b5-6cf8d7d44d42/7c3bc98b-9a0a-4519-9efd-b17181a515f6/-9223372036854697216'}]
2025-10-16 19:47:59,365 | INFO  | SCMAudit | user=runner | ip=127.0.0.1 | op=DELETE_KEY_BLOCK {"KeyBlockToDelete":"[BlockGroup[groupID='/c56a0be2-6184-43e7-b4d1-810636e9d6d0/3e00e67c-6599-41f5-b2b5-6cf8d7d44d42/7c3bc98b-9a0a-4519-9efd-b17181a515f6/-9223372036854697216/0', blockIDs=[conID: 17 locID: 115816896921600096 bcsId: 0 replicaIndex: null, conID: 16 locID: 115816896921600097 bcsId: 0 replicaIndex: null, conID: 16 locID: 115816896921600098 bcsId: 0 replicaIndex: null]]]"} | ret=SUCCESS |  
2025-10-16 19:47:59,366 [om1-KeyDeletingService#8] INFO  service.KeyDeletingService (KeyDeletingService.java:processKeyDeletes(158)) - 1 BlockGroup deletion are acked by SCM in 3 ms
2025-10-16 19:47:59,367 [om1-KeyDeletingService#8] INFO  service.KeyDeletingService (KeyDeletingService.java:processKeyDeletes(166)) - Blocks for 1 (out of 1) keys are deleted from DB in 1 ms. Limit per task is 50000.
2025-10-16 19:47:59,376 | INFO  | SCMAudit | user=runner | ip=127.0.0.1 | op=SEND_HEARTBEAT {"datanodeUUID":"c0724e9c-0dd4-4d47-992c-7bfe285fdd38","term":"2","command":"[]"} | ret=SUCCESS |  
2025-10-16 19:47:59,703 | INFO  | SCMAudit | user=runner | ip=127.0.0.1 | op=SEND_HEARTBEAT {"datanodeUUID":"757ca056-973f-4f05-ab2d-6aff6c54d452","term":"2","command":"[]"} | ret=SUCCESS |  
2025-10-16 19:47:59,879 | INFO  | SCMAudit | user=runner | ip=127.0.0.1 | op=SEND_HEARTBEAT {"datanodeUUID":"f700af26-0e26-4136-9205-9509c82c8c70","term":"2","command":"[]"} | ret=SUCCESS |  
2025-10-16 19:47:59,882 | INFO  | SCMAudit | user=runner | ip=127.0.0.1 | op=SEND_HEARTBEAT {"datanodeUUID":"8a3c3252-9afe-4d3a-8492-25be6557678a","term":"2","command":"[]"} | ret=SUCCESS |  
2025-10-16 19:47:59,884 | INFO  | SCMAudit | user=runner | ip=127.0.0.1 | op=SEND_HEARTBEAT {"datanodeUUID":"764b18f0-81c5-439a-9fff-25adc4f241fa","term":"2","command":"[]"} | ret=SUCCESS |  
2025-10-16 19:48:00,067 | INFO  | SCMAudit | user=runner | ip=127.0.0.1 | op=SEND_HEARTBEAT {"datanodeUUID":"58cff6b7-b2a7-446b-a75a-bb98ad6b11b8","term":"2","command":"[]"} | ret=SUCCESS |  
2025-10-16 19:48:00,068 | INFO  | SCMAudit | user=runner | ip=127.0.0.1 | op=SEND_HEARTBEAT {"datanodeUUID":"0428ab3f-efd5-438e-ae11-9ec242443260","term":"2","command":"[]"} | ret=SUCCESS |  
2025-10-16 19:48:00,074 | INFO  | SCMAudit | user=runner | ip=127.0.0.1 | op=SEND_HEARTBEAT {"datanodeUUID":"aa213937-adc5-47da-a770-0ee1e4664344","term":"2","command":"[]"} | ret=SUCCESS |  
2025-10-16 19:48:00,098 | INFO  | SCMAudit | user=runner | ip=127.0.0.1 | op=SEND_HEARTBEAT {"datanodeUUID":"e33e6ec4-6b66-4281-bedd-2bd75bd30070","term":"2","command":"[]"} | ret=SUCCESS |  
2025-10-16 19:48:00,122 | INFO  | SCMAudit | user=runner | ip=127.0.0.1 | op=SEND_HEARTBEAT {"datanodeUUID":"0e8b6cc7-9945-4141-97fc-6aa017a0d5fa","term":"2","command":"[]"} | ret=SUCCESS |  
2025-10-16 19:48:00,190 | INFO  | SCMAudit | user=runner | ip=127.0.0.1 | op=SEND_HEARTBEAT {"datanodeUUID":"76d4ba71-5bbb-4b24-8f51-8bc7f78aaca4","term":"2","command":"[]"} | ret=SUCCESS |  
2025-10-16 19:48:00,194 | INFO  | SCMAudit | user=runner | ip=127.0.0.1 | op=SEND_HEARTBEAT {"datanodeUUID":"e072d245-7694-4d97-8e20-c503ebf8c2fe","term":"2","command":"[]"} | ret=SUCCESS |  
2025-10-16 19:48:00,196 | INFO  | SCMAudit | user=runner | ip=127.0.0.1 | op=SEND_HEARTBEAT {"datanodeUUID":"8a0fa2ff-b550-4652-b2fe-0cf91cd4a157","term":"2","command":"[]"} | ret=SUCCESS |  
2025-10-16 19:48:00,199 | INFO  | SCMAudit | user=runner | ip=127.0.0.1 | op=SEND_HEARTBEAT {"datanodeUUID":"702cb173-5c73-4ecc-b5cd-c7b4a6b66aea","term":"2","command":"[]"} | ret=SUCCESS |  
2025-10-16 19:48:00,273 | INFO  | OMAudit | user=runner | ip=127.0.0.1 | op=READ_VOLUME {"volume":"c56a0be2-6184-43e7-b4d1-810636e9d6d0"} | ret=SUCCESS |  
2025-10-16 19:48:00,274 | INFO  | OMAudit | user=runner | ip=127.0.0.1 | op=READ_BUCKET {"volume":"c56a0be2-6184-43e7-b4d1-810636e9d6d0","bucket":"3e00e67c-6599-41f5-b2b5-6cf8d7d44d42"} | ret=SUCCESS |  
2025-10-16 19:48:00,277 | INFO  | OMAudit | user=runner | ip=127.0.0.1 | op=DELETE_KEY {"volume":"c56a0be2-6184-43e7-b4d1-810636e9d6d0","bucket":"3e00e67c-6599-41f5-b2b5-6cf8d7d44d42","key":"7c3bc98b-9a0a-4519-9efd-b17181a515f6","dataSize":"12582912","replicationConfig":"RATIS/THREE","Transaction":"309"} | ret=SUCCESS |  
2025-10-16 19:48:00,278 | INFO  | OMAudit | user=runner | ip=127.0.0.1 | op=READ_VOLUME {"volume":"c56a0be2-6184-43e7-b4d1-810636e9d6d0"} | ret=SUCCESS |  
2025-10-16 19:48:00,279 | INFO  | OMAudit | user=runner | ip=127.0.0.1 | op=READ_BUCKET {"volume":"c56a0be2-6184-43e7-b4d1-810636e9d6d0","bucket":"3e00e67c-6599-41f5-b2b5-6cf8d7d44d42"} | ret=SUCCESS |  
2025-10-16 19:48:00,362 [om1-KeyDeletingService#0] INFO  service.KeyDeletingService (KeyDeletingService.java:processKeyDeletes(151)) - Send 1 key(s) to SCM, first 1 keys: [PurgedKey{blockGroup=BlockGroup[groupID='/c56a0be2-6184-43e7-b4d1-810636e9d6d0/3e00e67c-6599-41f5-b2b5-6cf8d7d44d42/7c3bc98b-9a0a-4519-9efd-b17181a515f6/-9223372036854697983/0', blockIDs=[conID: 14 locID: 115816896921600099 bcsId: 0 replicaIndex: null, conID: 19 locID: 115816896921600100 bcsId: 0 replicaIndex: null, conID: 17 locID: 115816896921600101 bcsId: 0 replicaIndex: null]], volume='c56a0be2-6184-43e7-b4d1-810636e9d6d0', bucket='3e00e67c-6599-41f5-b2b5-6cf8d7d44d42', bucketId=-9223372036854698240, purgedBytes=37748736, isCommittedKey=true, deleteKeyName='/c56a0be2-6184-43e7-b4d1-810636e9d6d0/3e00e67c-6599-41f5-b2b5-6cf8d7d44d42/7c3bc98b-9a0a-4519-9efd-b17181a515f6/-9223372036854697983'}]
2025-10-16 19:48:00,365 | INFO  | SCMAudit | user=runner | ip=127.0.0.1 | op=DELETE_KEY_BLOCK {"KeyBlockToDelete":"[BlockGroup[groupID='/c56a0be2-6184-43e7-b4d1-810636e9d6d0/3e00e67c-6599-41f5-b2b5-6cf8d7d44d42/7c3bc98b-9a0a-4519-9efd-b17181a515f6/-9223372036854697983/0', blockIDs=[conID: 14 locID: 115816896921600099 bcsId: 0 replicaIndex: null, conID: 19 locID: 115816896921600100 bcsId: 0 replicaIndex: null, conID: 17 locID: 115816896921600101 bcsId: 0 replicaIndex: null]]]"} | ret=SUCCESS |  
2025-10-16 19:48:00,365 [om1-KeyDeletingService#0] INFO  service.KeyDeletingService (KeyDeletingService.java:processKeyDeletes(158)) - 1 BlockGroup deletion are acked by SCM in 3 ms
2025-10-16 19:48:00,367 [om1-KeyDeletingService#0] INFO  service.KeyDeletingService (KeyDeletingService.java:processKeyDeletes(166)) - Blocks for 1 (out of 1) keys are deleted from DB in 2 ms. Limit per task is 50000.
2025-10-16 19:48:00,376 | INFO  | SCMAudit | user=runner | ip=127.0.0.1 | op=SEND_HEARTBEAT {"datanodeUUID":"c0724e9c-0dd4-4d47-992c-7bfe285fdd38","term":"2","command":"[]"} | ret=SUCCESS |  
2025-10-16 19:48:00,704 | INFO  | SCMAudit | user=runner | ip=127.0.0.1 | op=SEND_HEARTBEAT {"datanodeUUID":"757ca056-973f-4f05-ab2d-6aff6c54d452","term":"2","command":"[]"} | ret=SUCCESS |  
2025-10-16 19:48:00,878 | INFO  | SCMAudit | user=runner | ip=127.0.0.1 | op=SEND_HEARTBEAT {"datanodeUUID":"f700af26-0e26-4136-9205-9509c82c8c70","term":"2","command":"[]"} | ret=SUCCESS |  
2025-10-16 19:48:00,882 | INFO  | SCMAudit | user=runner | ip=127.0.0.1 | op=SEND_HEARTBEAT {"datanodeUUID":"8a3c3252-9afe-4d3a-8492-25be6557678a","term":"2","command":"[]"} | ret=SUCCESS |  
2025-10-16 19:48:00,884 | INFO  | SCMAudit | user=runner | ip=127.0.0.1 | op=SEND_HEARTBEAT {"datanodeUUID":"764b18f0-81c5-439a-9fff-25adc4f241fa","term":"2","command":"[]"} | ret=SUCCESS |  
2025-10-16 19:48:01,068 | INFO  | SCMAudit | user=runner | ip=127.0.0.1 | op=SEND_HEARTBEAT {"datanodeUUID":"58cff6b7-b2a7-446b-a75a-bb98ad6b11b8","term":"2","command":"[]"} | ret=SUCCESS |  
2025-10-16 19:48:01,068 | INFO  | SCMAudit | user=runner | ip=127.0.0.1 | op=SEND_HEARTBEAT {"datanodeUUID":"0428ab3f-efd5-438e-ae11-9ec242443260","term":"2","command":"[]"} | ret=SUCCESS |  
2025-10-16 19:48:01,074 | INFO  | SCMAudit | user=runner | ip=127.0.0.1 | op=SEND_HEARTBEAT {"datanodeUUID":"aa213937-adc5-47da-a770-0ee1e4664344","term":"2","command":"[]"} | ret=SUCCESS |  
2025-10-16 19:48:01,098 | INFO  | SCMAudit | user=runner | ip=127.0.0.1 | op=SEND_HEARTBEAT {"datanodeUUID":"e33e6ec4-6b66-4281-bedd-2bd75bd30070","term":"2","command":"[]"} | ret=SUCCESS |  
2025-10-16 19:48:01,122 | INFO  | SCMAudit | user=runner | ip=127.0.0.1 | op=SEND_HEARTBEAT {"datanodeUUID":"0e8b6cc7-9945-4141-97fc-6aa017a0d5fa","term":"2","command":"[]"} | ret=SUCCESS |  
2025-10-16 19:48:01,190 | INFO  | SCMAudit | user=runner | ip=127.0.0.1 | op=SEND_HEARTBEAT {"datanodeUUID":"76d4ba71-5bbb-4b24-8f51-8bc7f78aaca4","term":"2","command":"[]"} | ret=SUCCESS |  
2025-10-16 19:48:01,195 | INFO  | SCMAudit | user=runner | ip=127.0.0.1 | op=SEND_HEARTBEAT {"datanodeUUID":"e072d245-7694-4d97-8e20-c503ebf8c2fe","term":"2","command":"[]"} | ret=SUCCESS |  
2025-10-16 19:48:01,196 | INFO  | SCMAudit | user=runner | ip=127.0.0.1 | op=SEND_HEARTBEAT {"datanodeUUID":"8a0fa2ff-b550-4652-b2fe-0cf91cd4a157","term":"2","command":"[]"} | ret=SUCCESS |  
2025-10-16 19:48:01,199 | INFO  | SCMAudit | user=runner | ip=127.0.0.1 | op=SEND_HEARTBEAT {"datanodeUUID":"702cb173-5c73-4ecc-b5cd-c7b4a6b66aea","term":"2","command":"[]"} | ret=SUCCESS |  
2025-10-16 19:48:01,280 | INFO  | OMAudit | user=runner | ip=127.0.0.1 | op=READ_VOLUME {"volume":"c56a0be2-6184-43e7-b4d1-810636e9d6d0"} | ret=SUCCESS |  
2025-10-16 19:48:01,281 | INFO  | OMAudit | user=runner | ip=127.0.0.1 | op=READ_BUCKET {"volume":"c56a0be2-6184-43e7-b4d1-810636e9d6d0","bucket":"3e00e67c-6599-41f5-b2b5-6cf8d7d44d42"} | ret=SUCCESS |  
2025-10-16 19:48:01,282 [ForkJoinPool-1-worker-1] INFO  rpc.RpcClient (RpcClient.java:createVolume(461)) - Creating Volume: db496743-cf19-45af-a31a-9ded21551f28, with runner as owner and space quota set to -1 bytes, counts quota set to -1
2025-10-16 19:48:01,284 [om1-OMStateMachineApplyTransactionThread - 0] INFO  volume.OMVolumeCreateRequest (OMVolumeCreateRequest.java:validateAndUpdateCache(213)) - created volume:db496743-cf19-45af-a31a-9ded21551f28 for user:runner
2025-10-16 19:48:01,284 | INFO  | OMAudit | user=runner | ip=127.0.0.1 | op=CREATE_VOLUME {"admin":"runner","owner":"runner","volume":"db496743-cf19-45af-a31a-9ded21551f28","creationTime":"1760644081283","modificationTime":"1760644081283","quotaInBytes":"-1","quotaInNamespace":"-1","usedNamespace":"0","objectID":"-9223372036854696192","updateID":"311","Transaction":"311"} | ret=SUCCESS |  
2025-10-16 19:48:01,285 | INFO  | OMAudit | user=runner | ip=127.0.0.1 | op=READ_VOLUME {"volume":"db496743-cf19-45af-a31a-9ded21551f28"} | ret=SUCCESS |  
2025-10-16 19:48:01,286 [ForkJoinPool-1-worker-1] INFO  rpc.RpcClient (RpcClient.java:createBucket(686)) - Creating Bucket: db496743-cf19-45af-a31a-9ded21551f28/95fec463-e52a-4bf6-85bb-0e66f640e5a9, with server-side default bucket layout, runner as owner, Versioning false, Storage Type set to DISK and Encryption set to false, Replication Type set to server-side default replication type, Namespace Quota set to -1, Space Quota set to -1 
2025-10-16 19:48:01,287 [om1-OMStateMachineApplyTransactionThread - 0] INFO  bucket.OMBucketCreateRequest (OMBucketCreateRequest.java:validateAndUpdateCache(303)) - created bucket: 95fec463-e52a-4bf6-85bb-0e66f640e5a9 of layout FILE_SYSTEM_OPTIMIZED in volume: db496743-cf19-45af-a31a-9ded21551f28
2025-10-16 19:48:01,287 | INFO  | OMAudit | user=runner | ip=127.0.0.1 | op=CREATE_BUCKET {"volume":"db496743-cf19-45af-a31a-9ded21551f28","bucket":"95fec463-e52a-4bf6-85bb-0e66f640e5a9","bucketLayout":"FILE_SYSTEM_OPTIMIZED","gdprEnabled":null,"acls":"[user:runner:a[ACCESS], group:runner:rl[ACCESS]]","isVersionEnabled":"false","storageType":"DISK","creationTime":"1760644081286","bucketEncryptionKey":null,"modificationTime":"1760644081286","usedBytes":"0","usedNamespace":"0","snapshotUsedBytes":"0","snapshotUsedNamespace":"0","owner":"runner","replicationType":null,"replicationConfig":null,"quotaInBytes":"-1","quotaInNamespace":"-1","Transaction":"312"} | ret=SUCCESS |  
2025-10-16 19:48:01,289 | INFO  | OMAudit | user=runner | ip=127.0.0.1 | op=READ_BUCKET {"volume":"db496743-cf19-45af-a31a-9ded21551f28","bucket":"95fec463-e52a-4bf6-85bb-0e66f640e5a9"} | ret=SUCCESS |  
2025-10-16 19:48:01,291 | INFO  | OMAudit | user=runner | ip=127.0.0.1 | op=READ_BUCKET {"volume":"db496743-cf19-45af-a31a-9ded21551f28","bucket":"95fec463-e52a-4bf6-85bb-0e66f640e5a9"} | ret=SUCCESS |  
2025-10-16 19:48:01,292 | INFO  | SCMAudit | user=runner | ip=127.0.0.1 | op=ALLOCATE_BLOCK {"replication":"RATIS/THREE","owner":"omServiceIdDefault","size":"4194304","sampleBlocks":"[conID: 14 locID: 115816896921600102, conID: 16 locID: 115816896921600103, conID: 18 locID: 115816896921600104, conID: 17 locID: 115816896921600105]","num":"4","client":"","allocated":"4"} | ret=SUCCESS |  
2025-10-16 19:48:01,296 | INFO  | OMAudit | user=runner | ip=127.0.0.1 | op=ALLOCATE_KEY {"volume":"db496743-cf19-45af-a31a-9ded21551f28","bucket":"95fec463-e52a-4bf6-85bb-0e66f640e5a9","key":"0e4db512-8c26-4559-9db0-922988ef3113","dataSize":"12582913","replicationType":"RATIS","replicationFactor":"THREE","Transaction":"313"} | ret=SUCCESS |  
2025-10-16 19:48:01,298 | INFO  | OMAudit | user=runner | ip=127.0.0.1 | op=READ_VOLUME {"volume":"db496743-cf19-45af-a31a-9ded21551f28"} | ret=SUCCESS |  
2025-10-16 19:48:01,299 | INFO  | OMAudit | user=runner | ip=127.0.0.1 | op=READ_BUCKET {"volume":"db496743-cf19-45af-a31a-9ded21551f28","bucket":"95fec463-e52a-4bf6-85bb-0e66f640e5a9"} | ret=SUCCESS |  
2025-10-16 19:48:01,382 | INFO  | SCMAudit | user=runner | ip=127.0.0.1 | op=SEND_HEARTBEAT {"datanodeUUID":"c0724e9c-0dd4-4d47-992c-7bfe285fdd38","term":"2","command":"[]"} | ret=SUCCESS |  
2025-10-16 19:48:01,488 | INFO  | OMAudit | user=runner | ip=127.0.0.1 | op=COMMIT_KEY {"volume":"db496743-cf19-45af-a31a-9ded21551f28","bucket":"95fec463-e52a-4bf6-85bb-0e66f640e5a9","key":"0e4db512-8c26-4559-9db0-922988ef3113","dataSize":"12582913","replicationType":"RATIS","replicationFactor":"THREE","Transaction":"314"} | ret=SUCCESS |  
2025-10-16 19:48:01,491 | INFO  | OMAudit | user=runner | ip=127.0.0.1 | op=READ_VOLUME {"volume":"db496743-cf19-45af-a31a-9ded21551f28"} | ret=SUCCESS |  
2025-10-16 19:48:01,493 | INFO  | OMAudit | user=runner | ip=127.0.0.1 | op=READ_BUCKET {"volume":"db496743-cf19-45af-a31a-9ded21551f28","bucket":"95fec463-e52a-4bf6-85bb-0e66f640e5a9"} | ret=SUCCESS |  
2025-10-16 19:48:01,494 | INFO  | OMAudit | user=runner | ip=127.0.0.1 | op=READ_BUCKET {"volume":"db496743-cf19-45af-a31a-9ded21551f28","bucket":"95fec463-e52a-4bf6-85bb-0e66f640e5a9"} | ret=SUCCESS |  
2025-10-16 19:48:01,498 | INFO  | SCMAudit | user=runner | ip=127.0.0.1 | op=ALLOCATE_BLOCK {"replication":"RATIS/THREE","owner":"omServiceIdDefault","size":"4194304","sampleBlocks":"[conID: 19 locID: 115816896921600106, conID: 20 locID: 115816896921600107, conID: 16 locID: 115816896921600108, conID: 21 locID: 115816896921600109]","num":"4","client":"","allocated":"4"} | ret=SUCCESS |  
2025-10-16 19:48:01,502 | INFO  | OMAudit | user=runner | ip=127.0.0.1 | op=ALLOCATE_KEY {"volume":"db496743-cf19-45af-a31a-9ded21551f28","bucket":"95fec463-e52a-4bf6-85bb-0e66f640e5a9","key":"0e4db512-8c26-4559-9db0-922988ef3113","dataSize":"12582913","replicationType":"RATIS","replicationFactor":"THREE","Transaction":"315"} | ret=SUCCESS |  
2025-10-16 19:48:01,506 | INFO  | OMAudit | user=runner | ip=127.0.0.1 | op=READ_VOLUME {"volume":"db496743-cf19-45af-a31a-9ded21551f28"} | ret=SUCCESS |  
2025-10-16 19:48:01,507 | INFO  | OMAudit | user=runner | ip=127.0.0.1 | op=READ_BUCKET {"volume":"db496743-cf19-45af-a31a-9ded21551f28","bucket":"95fec463-e52a-4bf6-85bb-0e66f640e5a9"} | ret=SUCCESS |  
2025-10-16 19:48:01,598 | INFO  | ContainerLog | ID=20 | Index=0 | BCSID=0 | State=OPEN | Volume=/home/runner/work/ozone/ozone/hadoop-ozone/integration-test/target/test-dir/MiniOzoneClusterImpl-e7911277-7775-4457-96c8-94071a26a1ce/ozone-metadata/datanode-11/data-0/hdds | DataChecksum=0 |  
2025-10-16 19:48:01,603 | INFO  | SCMAudit | user=runner | ip=127.0.0.1 | op=SEND_HEARTBEAT {"datanodeUUID":"702cb173-5c73-4ecc-b5cd-c7b4a6b66aea","term":"2","command":"[]"} | ret=SUCCESS |  
2025-10-16 19:48:01,604 | INFO  | ContainerLog | ID=20 | Index=0 | BCSID=0 | State=OPEN | Volume=/home/runner/work/ozone/ozone/hadoop-ozone/integration-test/target/test-dir/MiniOzoneClusterImpl-e7911277-7775-4457-96c8-94071a26a1ce/ozone-metadata/datanode-12/data-0/hdds | DataChecksum=0 |  
2025-10-16 19:48:01,604 | INFO  | SCMAudit | user=runner | ip=127.0.0.1 | op=SEND_HEARTBEAT {"datanodeUUID":"e33e6ec4-6b66-4281-bedd-2bd75bd30070","term":"2","command":"[]"} | ret=SUCCESS |  
2025-10-16 19:48:01,606 | INFO  | ContainerLog | ID=20 | Index=0 | BCSID=0 | State=OPEN | Volume=/home/runner/work/ozone/ozone/hadoop-ozone/integration-test/target/test-dir/MiniOzoneClusterImpl-e7911277-7775-4457-96c8-94071a26a1ce/ozone-metadata/datanode-10/data-0/hdds | DataChecksum=0 |  
2025-10-16 19:48:01,607 | INFO  | SCMAudit | user=runner | ip=127.0.0.1 | op=SEND_HEARTBEAT {"datanodeUUID":"0e8b6cc7-9945-4141-97fc-6aa017a0d5fa","term":"2","command":"[]"} | ret=SUCCESS |  
2025-10-16 19:48:01,704 | INFO  | SCMAudit | user=runner | ip=127.0.0.1 | op=SEND_HEARTBEAT {"datanodeUUID":"757ca056-973f-4f05-ab2d-6aff6c54d452","term":"2","command":"[]"} | ret=SUCCESS |  
2025-10-16 19:48:01,723 | INFO  | ContainerLog | ID=21 | Index=0 | BCSID=0 | State=OPEN | Volume=/home/runner/work/ozone/ozone/hadoop-ozone/integration-test/target/test-dir/MiniOzoneClusterImpl-e7911277-7775-4457-96c8-94071a26a1ce/ozone-metadata/datanode-12/data-0/hdds | DataChecksum=0 |  
2025-10-16 19:48:01,724 | INFO  | SCMAudit | user=runner | ip=127.0.0.1 | op=SEND_HEARTBEAT {"datanodeUUID":"e33e6ec4-6b66-4281-bedd-2bd75bd30070","term":"2","command":"[]"} | ret=SUCCESS |  
2025-10-16 19:48:01,725 | INFO  | ContainerLog | ID=21 | Index=0 | BCSID=0 | State=OPEN | Volume=/home/runner/work/ozone/ozone/hadoop-ozone/integration-test/target/test-dir/MiniOzoneClusterImpl-e7911277-7775-4457-96c8-94071a26a1ce/ozone-metadata/datanode-10/data-0/hdds | DataChecksum=0 |  
2025-10-16 19:48:01,725 | INFO  | ContainerLog | ID=21 | Index=0 | BCSID=0 | State=OPEN | Volume=/home/runner/work/ozone/ozone/hadoop-ozone/integration-test/target/test-dir/MiniOzoneClusterImpl-e7911277-7775-4457-96c8-94071a26a1ce/ozone-metadata/datanode-11/data-0/hdds | DataChecksum=0 |  
2025-10-16 19:48:01,727 | INFO  | SCMAudit | user=runner | ip=127.0.0.1 | op=SEND_HEARTBEAT {"datanodeUUID":"0e8b6cc7-9945-4141-97fc-6aa017a0d5fa","term":"2","command":"[]"} | ret=SUCCESS |  
2025-10-16 19:48:01,729 | INFO  | SCMAudit | user=runner | ip=127.0.0.1 | op=SEND_HEARTBEAT {"datanodeUUID":"702cb173-5c73-4ecc-b5cd-c7b4a6b66aea","term":"2","command":"[]"} | ret=SUCCESS |  
2025-10-16 19:48:01,740 | INFO  | OMAudit | user=runner | ip=127.0.0.1 | op=COMMIT_KEY {"volume":"db496743-cf19-45af-a31a-9ded21551f28","bucket":"95fec463-e52a-4bf6-85bb-0e66f640e5a9","key":"0e4db512-8c26-4559-9db0-922988ef3113","dataSize":"12582913","replicationType":"RATIS","replicationFactor":"THREE","Transaction":"316"} | ret=SUCCESS |  
2025-10-16 19:48:01,742 | INFO  | OMAudit | user=runner | ip=127.0.0.1 | op=READ_VOLUME {"volume":"db496743-cf19-45af-a31a-9ded21551f28"} | ret=SUCCESS |  
2025-10-16 19:48:01,743 | INFO  | OMAudit | user=runner | ip=127.0.0.1 | op=READ_BUCKET {"volume":"db496743-cf19-45af-a31a-9ded21551f28","bucket":"95fec463-e52a-4bf6-85bb-0e66f640e5a9"} | ret=SUCCESS |  
2025-10-16 19:48:01,878 | INFO  | SCMAudit | user=runner | ip=127.0.0.1 | op=SEND_HEARTBEAT {"datanodeUUID":"f700af26-0e26-4136-9205-9509c82c8c70","term":"2","command":"[]"} | ret=SUCCESS |  
2025-10-16 19:48:01,882 | INFO  | SCMAudit | user=runner | ip=127.0.0.1 | op=SEND_HEARTBEAT {"datanodeUUID":"8a3c3252-9afe-4d3a-8492-25be6557678a","term":"2","command":"[]"} | ret=SUCCESS |  
2025-10-16 19:48:01,884 | INFO  | SCMAudit | user=runner | ip=127.0.0.1 | op=SEND_HEARTBEAT {"datanodeUUID":"764b18f0-81c5-439a-9fff-25adc4f241fa","term":"2","command":"[]"} | ret=SUCCESS |  
2025-10-16 19:48:02,068 | INFO  | SCMAudit | user=runner | ip=127.0.0.1 | op=SEND_HEARTBEAT {"datanodeUUID":"0428ab3f-efd5-438e-ae11-9ec242443260","term":"2","command":"[]"} | ret=SUCCESS |  
2025-10-16 19:48:02,068 | INFO  | SCMAudit | user=runner | ip=127.0.0.1 | op=SEND_HEARTBEAT {"datanodeUUID":"58cff6b7-b2a7-446b-a75a-bb98ad6b11b8","term":"2","command":"[]"} | ret=SUCCESS |  
2025-10-16 19:48:02,074 | INFO  | SCMAudit | user=runner | ip=127.0.0.1 | op=SEND_HEARTBEAT {"datanodeUUID":"aa213937-adc5-47da-a770-0ee1e4664344","term":"2","command":"[]"} | ret=SUCCESS |  
2025-10-16 19:48:02,191 | INFO  | SCMAudit | user=runner | ip=127.0.0.1 | op=SEND_HEARTBEAT {"datanodeUUID":"76d4ba71-5bbb-4b24-8f51-8bc7f78aaca4","term":"2","command":"[]"} | ret=SUCCESS |  
2025-10-16 19:48:02,195 | INFO  | SCMAudit | user=runner | ip=127.0.0.1 | op=SEND_HEARTBEAT {"datanodeUUID":"e072d245-7694-4d97-8e20-c503ebf8c2fe","term":"2","command":"[]"} | ret=SUCCESS |  
2025-10-16 19:48:02,197 | INFO  | SCMAudit | user=runner | ip=127.0.0.1 | op=SEND_HEARTBEAT {"datanodeUUID":"8a0fa2ff-b550-4652-b2fe-0cf91cd4a157","term":"2","command":"[]"} | ret=SUCCESS |  
2025-10-16 19:48:02,365 [om1-KeyDeletingService#9] INFO  service.KeyDeletingService (KeyDeletingService.java:processKeyDeletes(151)) - Send 1 key(s) to SCM, first 1 keys: [PurgedKey{blockGroup=BlockGroup[groupID='/db496743-cf19-45af-a31a-9ded21551f28/95fec463-e52a-4bf6-85bb-0e66f640e5a9/0e4db512-8c26-4559-9db0-922988ef3113/-9223372036854694912/0', blockIDs=[conID: 14 locID: 115816896921600102 bcsId: 0 replicaIndex: null, conID: 16 locID: 115816896921600103 bcsId: 0 replicaIndex: null, conID: 18 locID: 115816896921600104 bcsId: 0 replicaIndex: null, conID: 17 locID: 115816896921600105 bcsId: 0 replicaIndex: null]], volume='db496743-cf19-45af-a31a-9ded21551f28', bucket='95fec463-e52a-4bf6-85bb-0e66f640e5a9', bucketId=-9223372036854695936, purgedBytes=37748739, isCommittedKey=true, deleteKeyName='/db496743-cf19-45af-a31a-9ded21551f28/95fec463-e52a-4bf6-85bb-0e66f640e5a9/0e4db512-8c26-4559-9db0-922988ef3113/-9223372036854694912'}]
2025-10-16 19:48:02,368 | INFO  | SCMAudit | user=runner | ip=127.0.0.1 | op=DELETE_KEY_BLOCK {"KeyBlockToDelete":"[BlockGroup[groupID='/db496743-cf19-45af-a31a-9ded21551f28/95fec463-e52a-4bf6-85bb-0e66f640e5a9/0e4db512-8c26-4559-9db0-922988ef3113/-9223372036854694912/0', blockIDs=[conID: 14 locID: 115816896921600102 bcsId: 0 replicaIndex: null, conID: 16 locID: 115816896921600103 bcsId: 0 replicaIndex: null, conID: 18 locID: 115816896921600104 bcsId: 0 replicaIndex: null, conID: 17 locID: 115816896921600105 bcsId: 0 replicaIndex: null]]]"} | ret=SUCCESS |  
2025-10-16 19:48:02,368 [om1-KeyDeletingService#9] INFO  service.KeyDeletingService (KeyDeletingService.java:processKeyDeletes(158)) - 1 BlockGroup deletion are acked by SCM in 3 ms
2025-10-16 19:48:02,370 [om1-KeyDeletingService#9] INFO  service.KeyDeletingService (KeyDeletingService.java:processKeyDeletes(166)) - Blocks for 1 (out of 1) keys are deleted from DB in 2 ms. Limit per task is 50000.
2025-10-16 19:48:02,377 | INFO  | SCMAudit | user=runner | ip=127.0.0.1 | op=SEND_HEARTBEAT {"datanodeUUID":"c0724e9c-0dd4-4d47-992c-7bfe285fdd38","term":"2","command":"[]"} | ret=SUCCESS |  
2025-10-16 19:48:02,703 | INFO  | SCMAudit | user=runner | ip=127.0.0.1 | op=SEND_HEARTBEAT {"datanodeUUID":"757ca056-973f-4f05-ab2d-6aff6c54d452","term":"2","command":"[]"} | ret=SUCCESS |  
2025-10-16 19:48:02,724 | INFO  | SCMAudit | user=runner | ip=127.0.0.1 | op=SEND_HEARTBEAT {"datanodeUUID":"e33e6ec4-6b66-4281-bedd-2bd75bd30070","term":"2","command":"[]"} | ret=SUCCESS |  
2025-10-16 19:48:02,726 | INFO  | SCMAudit | user=runner | ip=127.0.0.1 | op=SEND_HEARTBEAT {"datanodeUUID":"0e8b6cc7-9945-4141-97fc-6aa017a0d5fa","term":"2","command":"[]"} | ret=SUCCESS |  
2025-10-16 19:48:02,726 | INFO  | SCMAudit | user=runner | ip=127.0.0.1 | op=SEND_HEARTBEAT {"datanodeUUID":"702cb173-5c73-4ecc-b5cd-c7b4a6b66aea","term":"2","command":"[]"} | ret=SUCCESS |  
2025-10-16 19:48:02,744 | INFO  | OMAudit | user=runner | ip=127.0.0.1 | op=READ_VOLUME {"volume":"db496743-cf19-45af-a31a-9ded21551f28"} | ret=SUCCESS |  
2025-10-16 19:48:02,745 | INFO  | OMAudit | user=runner | ip=127.0.0.1 | op=READ_BUCKET {"volume":"db496743-cf19-45af-a31a-9ded21551f28","bucket":"95fec463-e52a-4bf6-85bb-0e66f640e5a9"} | ret=SUCCESS |  
2025-10-16 19:48:02,748 | INFO  | OMAudit | user=runner | ip=127.0.0.1 | op=DELETE_KEY {"volume":"db496743-cf19-45af-a31a-9ded21551f28","bucket":"95fec463-e52a-4bf6-85bb-0e66f640e5a9","key":"0e4db512-8c26-4559-9db0-922988ef3113","dataSize":"12582913","replicationConfig":"RATIS/THREE","Transaction":"318"} | ret=SUCCESS |  
2025-10-16 19:48:02,749 | INFO  | OMAudit | user=runner | ip=127.0.0.1 | op=READ_VOLUME {"volume":"db496743-cf19-45af-a31a-9ded21551f28"} | ret=SUCCESS |  
2025-10-16 19:48:02,750 | INFO  | OMAudit | user=runner | ip=127.0.0.1 | op=READ_BUCKET {"volume":"db496743-cf19-45af-a31a-9ded21551f28","bucket":"95fec463-e52a-4bf6-85bb-0e66f640e5a9"} | ret=SUCCESS |  
2025-10-16 19:48:02,879 | INFO  | SCMAudit | user=runner | ip=127.0.0.1 | op=SEND_HEARTBEAT {"datanodeUUID":"f700af26-0e26-4136-9205-9509c82c8c70","term":"2","command":"[]"} | ret=SUCCESS |  
2025-10-16 19:48:02,883 | INFO  | SCMAudit | user=runner | ip=127.0.0.1 | op=SEND_HEARTBEAT {"datanodeUUID":"8a3c3252-9afe-4d3a-8492-25be6557678a","term":"2","command":"[]"} | ret=SUCCESS |  
2025-10-16 19:48:02,884 | INFO  | SCMAudit | user=runner | ip=127.0.0.1 | op=SEND_HEARTBEAT {"datanodeUUID":"764b18f0-81c5-439a-9fff-25adc4f241fa","term":"2","command":"[]"} | ret=SUCCESS |  
2025-10-16 19:48:03,067 | INFO  | SCMAudit | user=runner | ip=127.0.0.1 | op=SEND_HEARTBEAT {"datanodeUUID":"58cff6b7-b2a7-446b-a75a-bb98ad6b11b8","term":"2","command":"[]"} | ret=SUCCESS |  
2025-10-16 19:48:03,068 | INFO  | SCMAudit | user=runner | ip=127.0.0.1 | op=SEND_HEARTBEAT {"datanodeUUID":"0428ab3f-efd5-438e-ae11-9ec242443260","term":"2","command":"[]"} | ret=SUCCESS |  
2025-10-16 19:48:03,075 | INFO  | SCMAudit | user=runner | ip=127.0.0.1 | op=SEND_HEARTBEAT {"datanodeUUID":"aa213937-adc5-47da-a770-0ee1e4664344","term":"2","command":"[]"} | ret=SUCCESS |  
2025-10-16 19:48:03,191 | INFO  | SCMAudit | user=runner | ip=127.0.0.1 | op=SEND_HEARTBEAT {"datanodeUUID":"76d4ba71-5bbb-4b24-8f51-8bc7f78aaca4","term":"2","command":"[]"} | ret=SUCCESS |  
2025-10-16 19:48:03,196 | INFO  | SCMAudit | user=runner | ip=127.0.0.1 | op=SEND_HEARTBEAT {"datanodeUUID":"e072d245-7694-4d97-8e20-c503ebf8c2fe","term":"2","command":"[]"} | ret=SUCCESS |  
2025-10-16 19:48:03,198 | INFO  | SCMAudit | user=runner | ip=127.0.0.1 | op=SEND_HEARTBEAT {"datanodeUUID":"8a0fa2ff-b550-4652-b2fe-0cf91cd4a157","term":"2","command":"[]"} | ret=SUCCESS |  
2025-10-16 19:48:03,365 [om1-KeyDeletingService#3] INFO  service.KeyDeletingService (KeyDeletingService.java:processKeyDeletes(151)) - Send 1 key(s) to SCM, first 1 keys: [PurgedKey{blockGroup=BlockGroup[groupID='/db496743-cf19-45af-a31a-9ded21551f28/95fec463-e52a-4bf6-85bb-0e66f640e5a9/0e4db512-8c26-4559-9db0-922988ef3113/-9223372036854695679/0', blockIDs=[conID: 19 locID: 115816896921600106 bcsId: 0 replicaIndex: null, conID: 20 locID: 115816896921600107 bcsId: 0 replicaIndex: null, conID: 16 locID: 115816896921600108 bcsId: 0 replicaIndex: null, conID: 21 locID: 115816896921600109 bcsId: 0 replicaIndex: null]], volume='db496743-cf19-45af-a31a-9ded21551f28', bucket='95fec463-e52a-4bf6-85bb-0e66f640e5a9', bucketId=-9223372036854695936, purgedBytes=37748739, isCommittedKey=true, deleteKeyName='/db496743-cf19-45af-a31a-9ded21551f28/95fec463-e52a-4bf6-85bb-0e66f640e5a9/0e4db512-8c26-4559-9db0-922988ef3113/-9223372036854695679'}]
2025-10-16 19:48:03,368 | INFO  | SCMAudit | user=runner | ip=127.0.0.1 | op=DELETE_KEY_BLOCK {"KeyBlockToDelete":"[BlockGroup[groupID='/db496743-cf19-45af-a31a-9ded21551f28/95fec463-e52a-4bf6-85bb-0e66f640e5a9/0e4db512-8c26-4559-9db0-922988ef3113/-9223372036854695679/0', blockIDs=[conID: 19 locID: 115816896921600106 bcsId: 0 replicaIndex: null, conID: 20 locID: 115816896921600107 bcsId: 0 replicaIndex: null, conID: 16 locID: 115816896921600108 bcsId: 0 replicaIndex: null, conID: 21 locID: 115816896921600109 bcsId: 0 replicaIndex: null]]]"} | ret=SUCCESS |  
2025-10-16 19:48:03,368 [om1-KeyDeletingService#3] INFO  service.KeyDeletingService (KeyDeletingService.java:processKeyDeletes(158)) - 1 BlockGroup deletion are acked by SCM in 4 ms
2025-10-16 19:48:03,370 [om1-KeyDeletingService#3] INFO  service.KeyDeletingService (KeyDeletingService.java:processKeyDeletes(166)) - Blocks for 1 (out of 1) keys are deleted from DB in 1 ms. Limit per task is 50000.
2025-10-16 19:48:03,377 | INFO  | SCMAudit | user=runner | ip=127.0.0.1 | op=SEND_HEARTBEAT {"datanodeUUID":"c0724e9c-0dd4-4d47-992c-7bfe285fdd38","term":"2","command":"[]"} | ret=SUCCESS |  
2025-10-16 19:48:03,703 | INFO  | SCMAudit | user=runner | ip=127.0.0.1 | op=SEND_HEARTBEAT {"datanodeUUID":"757ca056-973f-4f05-ab2d-6aff6c54d452","term":"2","command":"[]"} | ret=SUCCESS |  
2025-10-16 19:48:03,724 | INFO  | SCMAudit | user=runner | ip=127.0.0.1 | op=SEND_HEARTBEAT {"datanodeUUID":"e33e6ec4-6b66-4281-bedd-2bd75bd30070","term":"2","command":"[]"} | ret=SUCCESS |  
2025-10-16 19:48:03,726 | INFO  | SCMAudit | user=runner | ip=127.0.0.1 | op=SEND_HEARTBEAT {"datanodeUUID":"702cb173-5c73-4ecc-b5cd-c7b4a6b66aea","term":"2","command":"[]"} | ret=SUCCESS |  
2025-10-16 19:48:03,727 | INFO  | SCMAudit | user=runner | ip=127.0.0.1 | op=SEND_HEARTBEAT {"datanodeUUID":"0e8b6cc7-9945-4141-97fc-6aa017a0d5fa","term":"2","command":"[]"} | ret=SUCCESS |  
2025-10-16 19:48:03,751 | INFO  | OMAudit | user=runner | ip=127.0.0.1 | op=READ_VOLUME {"volume":"db496743-cf19-45af-a31a-9ded21551f28"} | ret=SUCCESS |  
2025-10-16 19:48:03,752 | INFO  | OMAudit | user=runner | ip=127.0.0.1 | op=READ_BUCKET {"volume":"db496743-cf19-45af-a31a-9ded21551f28","bucket":"95fec463-e52a-4bf6-85bb-0e66f640e5a9"} | ret=SUCCESS |  
]]></system-out>
  </testcase>
  <testcase name="testBucketQuota(ReplicationConfig)[3]" classname="org.apache.hadoop.ozone.client.rpc.TestSecureOzoneRpcClient" time="24.746">
    <system-out><![CDATA[2025-10-16 19:48:03,756 [ForkJoinPool-1-worker-1] INFO  rpc.RpcClient (RpcClient.java:createVolume(461)) - Creating Volume: acceb6b2-ccb9-47a0-8d32-ca0de477c4f5, with runner as owner and space quota set to -1 bytes, counts quota set to -1
2025-10-16 19:48:03,758 [om1-OMStateMachineApplyTransactionThread - 0] INFO  volume.OMVolumeCreateRequest (OMVolumeCreateRequest.java:validateAndUpdateCache(213)) - created volume:acceb6b2-ccb9-47a0-8d32-ca0de477c4f5 for user:runner
2025-10-16 19:48:03,758 | INFO  | OMAudit | user=runner | ip=127.0.0.1 | op=CREATE_VOLUME {"admin":"runner","owner":"runner","volume":"acceb6b2-ccb9-47a0-8d32-ca0de477c4f5","creationTime":"1760644083756","modificationTime":"1760644083756","quotaInBytes":"-1","quotaInNamespace":"-1","usedNamespace":"0","objectID":"-9223372036854693888","updateID":"320","Transaction":"320"} | ret=SUCCESS |  
2025-10-16 19:48:03,759 | INFO  | OMAudit | user=runner | ip=127.0.0.1 | op=READ_VOLUME {"volume":"acceb6b2-ccb9-47a0-8d32-ca0de477c4f5"} | ret=SUCCESS |  
2025-10-16 19:48:03,759 [ForkJoinPool-1-worker-1] INFO  rpc.RpcClient (RpcClient.java:createBucket(686)) - Creating Bucket: acceb6b2-ccb9-47a0-8d32-ca0de477c4f5/033df7df-e748-4ec5-8f51-e63fa0184d74, with server-side default bucket layout, runner as owner, Versioning false, Storage Type set to DISK and Encryption set to false, Replication Type set to server-side default replication type, Namespace Quota set to -1, Space Quota set to -1 
2025-10-16 19:48:03,761 [om1-OMStateMachineApplyTransactionThread - 0] INFO  bucket.OMBucketCreateRequest (OMBucketCreateRequest.java:validateAndUpdateCache(303)) - created bucket: 033df7df-e748-4ec5-8f51-e63fa0184d74 of layout FILE_SYSTEM_OPTIMIZED in volume: acceb6b2-ccb9-47a0-8d32-ca0de477c4f5
2025-10-16 19:48:03,761 | INFO  | OMAudit | user=runner | ip=127.0.0.1 | op=CREATE_BUCKET {"volume":"acceb6b2-ccb9-47a0-8d32-ca0de477c4f5","bucket":"033df7df-e748-4ec5-8f51-e63fa0184d74","bucketLayout":"FILE_SYSTEM_OPTIMIZED","gdprEnabled":null,"acls":"[user:runner:a[ACCESS], group:runner:rl[ACCESS]]","isVersionEnabled":"false","storageType":"DISK","creationTime":"1760644083760","bucketEncryptionKey":null,"modificationTime":"1760644083760","usedBytes":"0","usedNamespace":"0","snapshotUsedBytes":"0","snapshotUsedNamespace":"0","owner":"runner","replicationType":null,"replicationConfig":null,"quotaInBytes":"-1","quotaInNamespace":"-1","Transaction":"321"} | ret=SUCCESS |  
2025-10-16 19:48:03,762 | INFO  | OMAudit | user=runner | ip=127.0.0.1 | op=READ_BUCKET {"volume":"acceb6b2-ccb9-47a0-8d32-ca0de477c4f5","bucket":"033df7df-e748-4ec5-8f51-e63fa0184d74"} | ret=SUCCESS |  
2025-10-16 19:48:03,765 | INFO  | OMAudit | user=runner | ip=127.0.0.1 | op=READ_BUCKET {"volume":"acceb6b2-ccb9-47a0-8d32-ca0de477c4f5","bucket":"033df7df-e748-4ec5-8f51-e63fa0184d74"} | ret=SUCCESS |  
2025-10-16 19:48:03,770 [IPC Server handler 27 on default port 15001] INFO  algorithms.SCMContainerPlacementRackScatter (SCMContainerPlacementRackScatter.java:chooseDatanodesInternal(369)) - Chosen nodes: [76d4ba71-5bbb-4b24-8f51-8bc7f78aaca4(localhost/127.0.0.1), 0e8b6cc7-9945-4141-97fc-6aa017a0d5fa(localhost/127.0.0.1), 764b18f0-81c5-439a-9fff-25adc4f241fa(localhost/127.0.0.1), c0724e9c-0dd4-4d47-992c-7bfe285fdd38(localhost/127.0.0.1), e33e6ec4-6b66-4281-bedd-2bd75bd30070(localhost/127.0.0.1)]. isPolicySatisfied: true.
2025-10-16 19:48:03,775 [IPC Server handler 27 on default port 15001] INFO  pipeline.WritableECContainerProvider (WritableECContainerProvider.java:allocateContainer(215)) - Created and opened new pipeline Pipeline{ Id: 79e61c7a-f856-49ab-8912-1cc48af59ce2, Nodes: [ {76d4ba71-5bbb-4b24-8f51-8bc7f78aaca4(localhost/127.0.0.1), ReplicaIndex: 1}, {0e8b6cc7-9945-4141-97fc-6aa017a0d5fa(localhost/127.0.0.1), ReplicaIndex: 2}, {764b18f0-81c5-439a-9fff-25adc4f241fa(localhost/127.0.0.1), ReplicaIndex: 3}, {c0724e9c-0dd4-4d47-992c-7bfe285fdd38(localhost/127.0.0.1), ReplicaIndex: 4}, {e33e6ec4-6b66-4281-bedd-2bd75bd30070(localhost/127.0.0.1), ReplicaIndex: 5},], ReplicationConfig: EC{rs-3-2-1024k}, State:ALLOCATED, leaderId:, CreationTimestamp2025-10-16T19:48:03.770839900Z[Etc/UTC]}
2025-10-16 19:48:03,775 | INFO  | SCMAudit | user=runner | ip=127.0.0.1 | op=ALLOCATE_BLOCK {"replication":"EC{rs-3-2-1024k}","owner":"omServiceIdDefault","size":"4194304","sampleBlocks":"[conID: 22 locID: 115816896921600110]","num":"1","client":"","allocated":"1"} | ret=SUCCESS |  
2025-10-16 19:48:03,778 | INFO  | OMAudit | user=runner | ip=127.0.0.1 | op=ALLOCATE_KEY {"volume":"acceb6b2-ccb9-47a0-8d32-ca0de477c4f5","bucket":"033df7df-e748-4ec5-8f51-e63fa0184d74","key":"746ed595-6f54-4362-9aab-2c4df48b6b9c","dataSize":"4194304","replicationType":"EC","replicationConfig":"rs-3-2-1048576","Transaction":"322"} | ret=SUCCESS |  
2025-10-16 19:48:03,797 [ForkJoinPool-1-worker-1] WARN  erasurecode.ErasureCodeNative (ErasureCodeNative.java:<clinit>(55)) - ISA-L support is not available in your platform... using builtin-java codec where applicable
2025-10-16 19:48:03,845 | INFO  | OMAudit | user=runner | ip=127.0.0.1 | op=READ_VOLUME {"volume":"acceb6b2-ccb9-47a0-8d32-ca0de477c4f5"} | ret=SUCCESS |  
2025-10-16 19:48:03,846 | INFO  | OMAudit | user=runner | ip=127.0.0.1 | op=READ_BUCKET {"volume":"acceb6b2-ccb9-47a0-8d32-ca0de477c4f5","bucket":"033df7df-e748-4ec5-8f51-e63fa0184d74"} | ret=SUCCESS |  
2025-10-16 19:48:03,849 | INFO  | OMAudit | user=runner | ip=127.0.0.1 | op=COMMIT_KEY {"volume":"acceb6b2-ccb9-47a0-8d32-ca0de477c4f5","bucket":"033df7df-e748-4ec5-8f51-e63fa0184d74","key":"746ed595-6f54-4362-9aab-2c4df48b6b9c","dataSize":"0","replicationType":"EC","replicationConfig":"rs-3-2-1048576","Transaction":"323"} | ret=SUCCESS |  
2025-10-16 19:48:03,850 | INFO  | OMAudit | user=runner | ip=127.0.0.1 | op=READ_VOLUME {"volume":"acceb6b2-ccb9-47a0-8d32-ca0de477c4f5"} | ret=SUCCESS |  
2025-10-16 19:48:03,852 | INFO  | OMAudit | user=runner | ip=127.0.0.1 | op=READ_BUCKET {"volume":"acceb6b2-ccb9-47a0-8d32-ca0de477c4f5","bucket":"033df7df-e748-4ec5-8f51-e63fa0184d74"} | ret=SUCCESS |  
2025-10-16 19:48:03,853 | INFO  | OMAudit | user=runner | ip=127.0.0.1 | op=READ_BUCKET {"volume":"acceb6b2-ccb9-47a0-8d32-ca0de477c4f5","bucket":"033df7df-e748-4ec5-8f51-e63fa0184d74"} | ret=SUCCESS |  
2025-10-16 19:48:03,854 [IPC Server handler 43 on default port 15001] INFO  algorithms.SCMContainerPlacementRackScatter (SCMContainerPlacementRackScatter.java:chooseDatanodesInternal(369)) - Chosen nodes: [e33e6ec4-6b66-4281-bedd-2bd75bd30070(localhost/127.0.0.1), 8a3c3252-9afe-4d3a-8492-25be6557678a(localhost/127.0.0.1), aa213937-adc5-47da-a770-0ee1e4664344(localhost/127.0.0.1), 8a0fa2ff-b550-4652-b2fe-0cf91cd4a157(localhost/127.0.0.1), c0724e9c-0dd4-4d47-992c-7bfe285fdd38(localhost/127.0.0.1)]. isPolicySatisfied: true.
2025-10-16 19:48:03,857 [IPC Server handler 43 on default port 15001] INFO  pipeline.WritableECContainerProvider (WritableECContainerProvider.java:allocateContainer(215)) - Created and opened new pipeline Pipeline{ Id: 583770c8-1c01-4b9e-aad9-f1d5772c66a6, Nodes: [ {e33e6ec4-6b66-4281-bedd-2bd75bd30070(localhost/127.0.0.1), ReplicaIndex: 1}, {8a3c3252-9afe-4d3a-8492-25be6557678a(localhost/127.0.0.1), ReplicaIndex: 2}, {aa213937-adc5-47da-a770-0ee1e4664344(localhost/127.0.0.1), ReplicaIndex: 3}, {8a0fa2ff-b550-4652-b2fe-0cf91cd4a157(localhost/127.0.0.1), ReplicaIndex: 4}, {c0724e9c-0dd4-4d47-992c-7bfe285fdd38(localhost/127.0.0.1), ReplicaIndex: 5},], ReplicationConfig: EC{rs-3-2-1024k}, State:ALLOCATED, leaderId:, CreationTimestamp2025-10-16T19:48:03.854653010Z[Etc/UTC]}
2025-10-16 19:48:03,857 | INFO  | SCMAudit | user=runner | ip=127.0.0.1 | op=ALLOCATE_BLOCK {"replication":"EC{rs-3-2-1024k}","owner":"omServiceIdDefault","size":"4194304","sampleBlocks":"[conID: 23 locID: 115816896921600111]","num":"1","client":"","allocated":"1"} | ret=SUCCESS |  
2025-10-16 19:48:03,860 | INFO  | OMAudit | user=runner | ip=127.0.0.1 | op=ALLOCATE_KEY {"volume":"acceb6b2-ccb9-47a0-8d32-ca0de477c4f5","bucket":"033df7df-e748-4ec5-8f51-e63fa0184d74","key":"746ed595-6f54-4362-9aab-2c4df48b6b9c","dataSize":"4194304","replicationType":"EC","replicationConfig":"rs-3-2-1048576","Transaction":"324"} | ret=SUCCESS |  
2025-10-16 19:48:03,862 | INFO  | OMAudit | user=runner | ip=127.0.0.1 | op=READ_VOLUME {"volume":"acceb6b2-ccb9-47a0-8d32-ca0de477c4f5"} | ret=SUCCESS |  
2025-10-16 19:48:03,863 | INFO  | OMAudit | user=runner | ip=127.0.0.1 | op=READ_BUCKET {"volume":"acceb6b2-ccb9-47a0-8d32-ca0de477c4f5","bucket":"033df7df-e748-4ec5-8f51-e63fa0184d74"} | ret=SUCCESS |  
2025-10-16 19:48:03,865 | INFO  | OMAudit | user=runner | ip=127.0.0.1 | op=COMMIT_KEY {"volume":"acceb6b2-ccb9-47a0-8d32-ca0de477c4f5","bucket":"033df7df-e748-4ec5-8f51-e63fa0184d74","key":"746ed595-6f54-4362-9aab-2c4df48b6b9c","dataSize":"0","replicationType":"EC","replicationConfig":"rs-3-2-1048576","Transaction":"325"} | ret=SUCCESS |  
2025-10-16 19:48:03,866 | INFO  | OMAudit | user=runner | ip=127.0.0.1 | op=READ_VOLUME {"volume":"acceb6b2-ccb9-47a0-8d32-ca0de477c4f5"} | ret=SUCCESS |  
2025-10-16 19:48:03,867 | INFO  | OMAudit | user=runner | ip=127.0.0.1 | op=READ_BUCKET {"volume":"acceb6b2-ccb9-47a0-8d32-ca0de477c4f5","bucket":"033df7df-e748-4ec5-8f51-e63fa0184d74"} | ret=SUCCESS |  
2025-10-16 19:48:03,870 | INFO  | OMAudit | user=runner | ip=127.0.0.1 | op=DELETE_KEY {"volume":"acceb6b2-ccb9-47a0-8d32-ca0de477c4f5","bucket":"033df7df-e748-4ec5-8f51-e63fa0184d74","key":"746ed595-6f54-4362-9aab-2c4df48b6b9c","dataSize":"0","replicationConfig":"EC{rs-3-2-1024k}","Transaction":"326"} | ret=SUCCESS |  
2025-10-16 19:48:03,871 | INFO  | OMAudit | user=runner | ip=127.0.0.1 | op=READ_VOLUME {"volume":"acceb6b2-ccb9-47a0-8d32-ca0de477c4f5"} | ret=SUCCESS |  
2025-10-16 19:48:03,871 | INFO  | OMAudit | user=runner | ip=127.0.0.1 | op=READ_BUCKET {"volume":"acceb6b2-ccb9-47a0-8d32-ca0de477c4f5","bucket":"033df7df-e748-4ec5-8f51-e63fa0184d74"} | ret=SUCCESS |  
2025-10-16 19:48:03,872 [ForkJoinPool-1-worker-1] INFO  rpc.RpcClient (RpcClient.java:createVolume(461)) - Creating Volume: 03498187-6d96-4846-a221-e05223117b34, with runner as owner and space quota set to -1 bytes, counts quota set to -1
2025-10-16 19:48:03,873 [om1-OMStateMachineApplyTransactionThread - 0] INFO  volume.OMVolumeCreateRequest (OMVolumeCreateRequest.java:validateAndUpdateCache(213)) - created volume:03498187-6d96-4846-a221-e05223117b34 for user:runner
2025-10-16 19:48:03,873 | INFO  | OMAudit | user=runner | ip=127.0.0.1 | op=CREATE_VOLUME {"admin":"runner","owner":"runner","volume":"03498187-6d96-4846-a221-e05223117b34","creationTime":"1760644083872","modificationTime":"1760644083872","quotaInBytes":"-1","quotaInNamespace":"-1","usedNamespace":"0","objectID":"-9223372036854692096","updateID":"327","Transaction":"327"} | ret=SUCCESS |  
2025-10-16 19:48:03,875 | INFO  | OMAudit | user=runner | ip=127.0.0.1 | op=READ_VOLUME {"volume":"03498187-6d96-4846-a221-e05223117b34"} | ret=SUCCESS |  
2025-10-16 19:48:03,875 [ForkJoinPool-1-worker-1] INFO  rpc.RpcClient (RpcClient.java:createBucket(686)) - Creating Bucket: 03498187-6d96-4846-a221-e05223117b34/11b40a6c-f2af-435a-8d0b-37d8d3a0f096, with server-side default bucket layout, runner as owner, Versioning false, Storage Type set to DISK and Encryption set to false, Replication Type set to server-side default replication type, Namespace Quota set to -1, Space Quota set to -1 
2025-10-16 19:48:03,876 [om1-OMStateMachineApplyTransactionThread - 0] INFO  bucket.OMBucketCreateRequest (OMBucketCreateRequest.java:validateAndUpdateCache(303)) - created bucket: 11b40a6c-f2af-435a-8d0b-37d8d3a0f096 of layout FILE_SYSTEM_OPTIMIZED in volume: 03498187-6d96-4846-a221-e05223117b34
2025-10-16 19:48:03,876 | INFO  | OMAudit | user=runner | ip=127.0.0.1 | op=CREATE_BUCKET {"volume":"03498187-6d96-4846-a221-e05223117b34","bucket":"11b40a6c-f2af-435a-8d0b-37d8d3a0f096","bucketLayout":"FILE_SYSTEM_OPTIMIZED","gdprEnabled":null,"acls":"[user:runner:a[ACCESS], group:runner:rl[ACCESS]]","isVersionEnabled":"false","storageType":"DISK","creationTime":"1760644083876","bucketEncryptionKey":null,"modificationTime":"1760644083876","usedBytes":"0","usedNamespace":"0","snapshotUsedBytes":"0","snapshotUsedNamespace":"0","owner":"runner","replicationType":null,"replicationConfig":null,"quotaInBytes":"-1","quotaInNamespace":"-1","Transaction":"328"} | ret=SUCCESS |  
2025-10-16 19:48:03,877 | INFO  | OMAudit | user=runner | ip=127.0.0.1 | op=READ_BUCKET {"volume":"03498187-6d96-4846-a221-e05223117b34","bucket":"11b40a6c-f2af-435a-8d0b-37d8d3a0f096"} | ret=SUCCESS |  
2025-10-16 19:48:03,879 | INFO  | SCMAudit | user=runner | ip=127.0.0.1 | op=SEND_HEARTBEAT {"datanodeUUID":"f700af26-0e26-4136-9205-9509c82c8c70","term":"2","command":"[]"} | ret=SUCCESS |  
2025-10-16 19:48:03,879 | INFO  | OMAudit | user=runner | ip=127.0.0.1 | op=READ_BUCKET {"volume":"03498187-6d96-4846-a221-e05223117b34","bucket":"11b40a6c-f2af-435a-8d0b-37d8d3a0f096"} | ret=SUCCESS |  
2025-10-16 19:48:03,880 [IPC Server handler 41 on default port 15001] INFO  algorithms.SCMContainerPlacementRackScatter (SCMContainerPlacementRackScatter.java:chooseDatanodesInternal(369)) - Chosen nodes: [58cff6b7-b2a7-446b-a75a-bb98ad6b11b8(localhost/127.0.0.1), aa213937-adc5-47da-a770-0ee1e4664344(localhost/127.0.0.1), 8a0fa2ff-b550-4652-b2fe-0cf91cd4a157(localhost/127.0.0.1), f700af26-0e26-4136-9205-9509c82c8c70(localhost/127.0.0.1), c0724e9c-0dd4-4d47-992c-7bfe285fdd38(localhost/127.0.0.1)]. isPolicySatisfied: true.
2025-10-16 19:48:03,883 | INFO  | SCMAudit | user=runner | ip=127.0.0.1 | op=SEND_HEARTBEAT {"datanodeUUID":"8a3c3252-9afe-4d3a-8492-25be6557678a","term":"2","command":"[]"} | ret=SUCCESS |  
2025-10-16 19:48:03,883 [IPC Server handler 41 on default port 15001] INFO  pipeline.WritableECContainerProvider (WritableECContainerProvider.java:allocateContainer(215)) - Created and opened new pipeline Pipeline{ Id: 098783cf-60d4-4537-ab19-1596f9b3fc8d, Nodes: [ {58cff6b7-b2a7-446b-a75a-bb98ad6b11b8(localhost/127.0.0.1), ReplicaIndex: 1}, {aa213937-adc5-47da-a770-0ee1e4664344(localhost/127.0.0.1), ReplicaIndex: 2}, {8a0fa2ff-b550-4652-b2fe-0cf91cd4a157(localhost/127.0.0.1), ReplicaIndex: 3}, {f700af26-0e26-4136-9205-9509c82c8c70(localhost/127.0.0.1), ReplicaIndex: 4}, {c0724e9c-0dd4-4d47-992c-7bfe285fdd38(localhost/127.0.0.1), ReplicaIndex: 5},], ReplicationConfig: EC{rs-3-2-1024k}, State:ALLOCATED, leaderId:, CreationTimestamp2025-10-16T19:48:03.880624640Z[Etc/UTC]}
2025-10-16 19:48:03,883 | INFO  | SCMAudit | user=runner | ip=127.0.0.1 | op=ALLOCATE_BLOCK {"replication":"EC{rs-3-2-1024k}","owner":"omServiceIdDefault","size":"4194304","sampleBlocks":"[conID: 24 locID: 115816896921600112]","num":"1","client":"","allocated":"1"} | ret=SUCCESS |  
2025-10-16 19:48:03,884 | INFO  | SCMAudit | user=runner | ip=127.0.0.1 | op=SEND_HEARTBEAT {"datanodeUUID":"764b18f0-81c5-439a-9fff-25adc4f241fa","term":"2","command":"[]"} | ret=SUCCESS |  
2025-10-16 19:48:03,886 | INFO  | OMAudit | user=runner | ip=127.0.0.1 | op=ALLOCATE_KEY {"volume":"03498187-6d96-4846-a221-e05223117b34","bucket":"11b40a6c-f2af-435a-8d0b-37d8d3a0f096","key":"2570cd95-b525-4a21-84a5-a80242b28ae1","dataSize":"1","replicationType":"EC","replicationConfig":"rs-3-2-1048576","Transaction":"329"} | ret=SUCCESS |  
2025-10-16 19:48:03,888 | INFO  | OMAudit | user=runner | ip=127.0.0.1 | op=READ_VOLUME {"volume":"03498187-6d96-4846-a221-e05223117b34"} | ret=SUCCESS |  
2025-10-16 19:48:03,889 | INFO  | OMAudit | user=runner | ip=127.0.0.1 | op=READ_BUCKET {"volume":"03498187-6d96-4846-a221-e05223117b34","bucket":"11b40a6c-f2af-435a-8d0b-37d8d3a0f096"} | ret=SUCCESS |  
2025-10-16 19:48:03,914 | INFO  | ContainerLog | ID=24 | Index=1 | BCSID=0 | State=OPEN | Volume=/home/runner/work/ozone/ozone/hadoop-ozone/integration-test/target/test-dir/MiniOzoneClusterImpl-e7911277-7775-4457-96c8-94071a26a1ce/ozone-metadata/datanode-5/data-0/hdds | DataChecksum=0 |  
2025-10-16 19:48:03,914 | INFO  | ContainerLog | ID=24 | Index=4 | BCSID=0 | State=OPEN | Volume=/home/runner/work/ozone/ozone/hadoop-ozone/integration-test/target/test-dir/MiniOzoneClusterImpl-e7911277-7775-4457-96c8-94071a26a1ce/ozone-metadata/datanode-1/data-0/hdds | DataChecksum=0 |  
2025-10-16 19:48:03,916 | INFO  | SCMAudit | user=runner | ip=127.0.0.1 | op=SEND_HEARTBEAT {"datanodeUUID":"58cff6b7-b2a7-446b-a75a-bb98ad6b11b8","term":"2","command":"[]"} | ret=SUCCESS |  
2025-10-16 19:48:03,916 | INFO  | ContainerLog | ID=24 | Index=5 | BCSID=0 | State=OPEN | Volume=/home/runner/work/ozone/ozone/hadoop-ozone/integration-test/target/test-dir/MiniOzoneClusterImpl-e7911277-7775-4457-96c8-94071a26a1ce/ozone-metadata/datanode-13/data-0/hdds | DataChecksum=0 |  
2025-10-16 19:48:03,916 | INFO  | SCMAudit | user=runner | ip=127.0.0.1 | op=SEND_HEARTBEAT {"datanodeUUID":"f700af26-0e26-4136-9205-9509c82c8c70","term":"2","command":"[]"} | ret=SUCCESS |  
2025-10-16 19:48:03,919 | INFO  | SCMAudit | user=runner | ip=127.0.0.1 | op=SEND_HEARTBEAT {"datanodeUUID":"c0724e9c-0dd4-4d47-992c-7bfe285fdd38","term":"2","command":"[]"} | ret=SUCCESS |  
2025-10-16 19:48:03,931 | INFO  | ContainerLog | ID=24 | Index=2 | BCSID=0 | State=OPEN | Volume=/home/runner/work/ozone/ozone/hadoop-ozone/integration-test/target/test-dir/MiniOzoneClusterImpl-e7911277-7775-4457-96c8-94071a26a1ce/ozone-metadata/datanode-4/data-0/hdds | DataChecksum=0 |  
2025-10-16 19:48:03,931 | INFO  | ContainerLog | ID=24 | Index=3 | BCSID=0 | State=OPEN | Volume=/home/runner/work/ozone/ozone/hadoop-ozone/integration-test/target/test-dir/MiniOzoneClusterImpl-e7911277-7775-4457-96c8-94071a26a1ce/ozone-metadata/datanode-9/data-0/hdds | DataChecksum=0 |  
2025-10-16 19:48:03,933 | INFO  | SCMAudit | user=runner | ip=127.0.0.1 | op=SEND_HEARTBEAT {"datanodeUUID":"aa213937-adc5-47da-a770-0ee1e4664344","term":"2","command":"[]"} | ret=SUCCESS |  
2025-10-16 19:48:03,933 | INFO  | SCMAudit | user=runner | ip=127.0.0.1 | op=SEND_HEARTBEAT {"datanodeUUID":"8a0fa2ff-b550-4652-b2fe-0cf91cd4a157","term":"2","command":"[]"} | ret=SUCCESS |  
2025-10-16 19:48:03,941 | INFO  | OMAudit | user=runner | ip=127.0.0.1 | op=COMMIT_KEY {"volume":"03498187-6d96-4846-a221-e05223117b34","bucket":"11b40a6c-f2af-435a-8d0b-37d8d3a0f096","key":"2570cd95-b525-4a21-84a5-a80242b28ae1","dataSize":"1","replicationType":"EC","replicationConfig":"rs-3-2-1048576","Transaction":"330"} | ret=SUCCESS |  
2025-10-16 19:48:03,943 | INFO  | OMAudit | user=runner | ip=127.0.0.1 | op=READ_VOLUME {"volume":"03498187-6d96-4846-a221-e05223117b34"} | ret=SUCCESS |  
2025-10-16 19:48:03,944 | INFO  | OMAudit | user=runner | ip=127.0.0.1 | op=READ_BUCKET {"volume":"03498187-6d96-4846-a221-e05223117b34","bucket":"11b40a6c-f2af-435a-8d0b-37d8d3a0f096"} | ret=SUCCESS |  
2025-10-16 19:48:03,945 | INFO  | OMAudit | user=runner | ip=127.0.0.1 | op=READ_BUCKET {"volume":"03498187-6d96-4846-a221-e05223117b34","bucket":"11b40a6c-f2af-435a-8d0b-37d8d3a0f096"} | ret=SUCCESS |  
2025-10-16 19:48:03,946 [IPC Server handler 1 on default port 15001] INFO  algorithms.SCMContainerPlacementRackScatter (SCMContainerPlacementRackScatter.java:chooseDatanodesInternal(369)) - Chosen nodes: [e33e6ec4-6b66-4281-bedd-2bd75bd30070(localhost/127.0.0.1), 58cff6b7-b2a7-446b-a75a-bb98ad6b11b8(localhost/127.0.0.1), 8a0fa2ff-b550-4652-b2fe-0cf91cd4a157(localhost/127.0.0.1), 8a3c3252-9afe-4d3a-8492-25be6557678a(localhost/127.0.0.1), 0428ab3f-efd5-438e-ae11-9ec242443260(localhost/127.0.0.1)]. isPolicySatisfied: true.
2025-10-16 19:48:03,951 [IPC Server handler 1 on default port 15001] INFO  pipeline.WritableECContainerProvider (WritableECContainerProvider.java:allocateContainer(215)) - Created and opened new pipeline Pipeline{ Id: 562d49c3-2bad-43bb-8067-fc9305d88ecb, Nodes: [ {e33e6ec4-6b66-4281-bedd-2bd75bd30070(localhost/127.0.0.1), ReplicaIndex: 1}, {58cff6b7-b2a7-446b-a75a-bb98ad6b11b8(localhost/127.0.0.1), ReplicaIndex: 2}, {8a0fa2ff-b550-4652-b2fe-0cf91cd4a157(localhost/127.0.0.1), ReplicaIndex: 3}, {8a3c3252-9afe-4d3a-8492-25be6557678a(localhost/127.0.0.1), ReplicaIndex: 4}, {0428ab3f-efd5-438e-ae11-9ec242443260(localhost/127.0.0.1), ReplicaIndex: 5},], ReplicationConfig: EC{rs-3-2-1024k}, State:ALLOCATED, leaderId:, CreationTimestamp2025-10-16T19:48:03.947134122Z[Etc/UTC]}
2025-10-16 19:48:03,951 | INFO  | SCMAudit | user=runner | ip=127.0.0.1 | op=ALLOCATE_BLOCK {"replication":"EC{rs-3-2-1024k}","owner":"omServiceIdDefault","size":"4194304","sampleBlocks":"[conID: 25 locID: 115816896921600113]","num":"1","client":"","allocated":"1"} | ret=SUCCESS |  
2025-10-16 19:48:03,955 | INFO  | OMAudit | user=runner | ip=127.0.0.1 | op=ALLOCATE_KEY {"volume":"03498187-6d96-4846-a221-e05223117b34","bucket":"11b40a6c-f2af-435a-8d0b-37d8d3a0f096","key":"2570cd95-b525-4a21-84a5-a80242b28ae1","dataSize":"1","replicationType":"EC","replicationConfig":"rs-3-2-1048576","Transaction":"331"} | ret=SUCCESS |  
2025-10-16 19:48:03,958 | INFO  | OMAudit | user=runner | ip=127.0.0.1 | op=READ_VOLUME {"volume":"03498187-6d96-4846-a221-e05223117b34"} | ret=SUCCESS |  
2025-10-16 19:48:03,960 | INFO  | OMAudit | user=runner | ip=127.0.0.1 | op=READ_BUCKET {"volume":"03498187-6d96-4846-a221-e05223117b34","bucket":"11b40a6c-f2af-435a-8d0b-37d8d3a0f096"} | ret=SUCCESS |  
2025-10-16 19:48:03,981 | INFO  | ContainerLog | ID=25 | Index=5 | BCSID=0 | State=OPEN | Volume=/home/runner/work/ozone/ozone/hadoop-ozone/integration-test/target/test-dir/MiniOzoneClusterImpl-e7911277-7775-4457-96c8-94071a26a1ce/ozone-metadata/datanode-6/data-0/hdds | DataChecksum=0 |  
2025-10-16 19:48:03,985 | INFO  | SCMAudit | user=runner | ip=127.0.0.1 | op=SEND_HEARTBEAT {"datanodeUUID":"0428ab3f-efd5-438e-ae11-9ec242443260","term":"2","command":"[]"} | ret=SUCCESS |  
2025-10-16 19:48:03,987 | INFO  | ContainerLog | ID=25 | Index=4 | BCSID=0 | State=OPEN | Volume=/home/runner/work/ozone/ozone/hadoop-ozone/integration-test/target/test-dir/MiniOzoneClusterImpl-e7911277-7775-4457-96c8-94071a26a1ce/ozone-metadata/datanode-2/data-0/hdds | DataChecksum=0 |  
2025-10-16 19:48:03,988 | INFO  | ContainerLog | ID=25 | Index=1 | BCSID=0 | State=OPEN | Volume=/home/runner/work/ozone/ozone/hadoop-ozone/integration-test/target/test-dir/MiniOzoneClusterImpl-e7911277-7775-4457-96c8-94071a26a1ce/ozone-metadata/datanode-12/data-0/hdds | DataChecksum=0 |  
2025-10-16 19:48:03,991 | INFO  | SCMAudit | user=runner | ip=127.0.0.1 | op=SEND_HEARTBEAT {"datanodeUUID":"e33e6ec4-6b66-4281-bedd-2bd75bd30070","term":"2","command":"[]"} | ret=SUCCESS |  
2025-10-16 19:48:03,991 | INFO  | SCMAudit | user=runner | ip=127.0.0.1 | op=SEND_HEARTBEAT {"datanodeUUID":"8a3c3252-9afe-4d3a-8492-25be6557678a","term":"2","command":"[]"} | ret=SUCCESS |  
2025-10-16 19:48:04,003 | INFO  | ContainerLog | ID=25 | Index=3 | BCSID=0 | State=OPEN | Volume=/home/runner/work/ozone/ozone/hadoop-ozone/integration-test/target/test-dir/MiniOzoneClusterImpl-e7911277-7775-4457-96c8-94071a26a1ce/ozone-metadata/datanode-9/data-0/hdds | DataChecksum=0 |  
2025-10-16 19:48:04,005 | INFO  | SCMAudit | user=runner | ip=127.0.0.1 | op=SEND_HEARTBEAT {"datanodeUUID":"8a0fa2ff-b550-4652-b2fe-0cf91cd4a157","term":"2","command":"[]"} | ret=SUCCESS |  
2025-10-16 19:48:04,005 | INFO  | ContainerLog | ID=25 | Index=2 | BCSID=0 | State=OPEN | Volume=/home/runner/work/ozone/ozone/hadoop-ozone/integration-test/target/test-dir/MiniOzoneClusterImpl-e7911277-7775-4457-96c8-94071a26a1ce/ozone-metadata/datanode-5/data-0/hdds | DataChecksum=0 |  
2025-10-16 19:48:04,007 | INFO  | SCMAudit | user=runner | ip=127.0.0.1 | op=SEND_HEARTBEAT {"datanodeUUID":"58cff6b7-b2a7-446b-a75a-bb98ad6b11b8","term":"2","command":"[]"} | ret=SUCCESS |  
2025-10-16 19:48:04,011 | INFO  | OMAudit | user=runner | ip=127.0.0.1 | op=COMMIT_KEY {"volume":"03498187-6d96-4846-a221-e05223117b34","bucket":"11b40a6c-f2af-435a-8d0b-37d8d3a0f096","key":"2570cd95-b525-4a21-84a5-a80242b28ae1","dataSize":"1","replicationType":"EC","replicationConfig":"rs-3-2-1048576","Transaction":"332"} | ret=SUCCESS |  
2025-10-16 19:48:04,014 | INFO  | OMAudit | user=runner | ip=127.0.0.1 | op=READ_VOLUME {"volume":"03498187-6d96-4846-a221-e05223117b34"} | ret=SUCCESS |  
2025-10-16 19:48:04,015 | INFO  | OMAudit | user=runner | ip=127.0.0.1 | op=READ_BUCKET {"volume":"03498187-6d96-4846-a221-e05223117b34","bucket":"11b40a6c-f2af-435a-8d0b-37d8d3a0f096"} | ret=SUCCESS |  
2025-10-16 19:48:04,191 | INFO  | SCMAudit | user=runner | ip=127.0.0.1 | op=SEND_HEARTBEAT {"datanodeUUID":"76d4ba71-5bbb-4b24-8f51-8bc7f78aaca4","term":"2","command":"[]"} | ret=SUCCESS |  
2025-10-16 19:48:04,196 | INFO  | SCMAudit | user=runner | ip=127.0.0.1 | op=SEND_HEARTBEAT {"datanodeUUID":"e072d245-7694-4d97-8e20-c503ebf8c2fe","term":"2","command":"[]"} | ret=SUCCESS |  
2025-10-16 19:48:04,365 [om1-KeyDeletingService#5] INFO  service.KeyDeletingService (KeyDeletingService.java:processKeyDeletes(151)) - Send 3 key(s) to SCM, first 3 keys: [PurgedKey{blockGroup=BlockGroup[groupID='/acceb6b2-ccb9-47a0-8d32-ca0de477c4f5/033df7df-e748-4ec5-8f51-e63fa0184d74/746ed595-6f54-4362-9aab-2c4df48b6b9c/-9223372036854693120/0', blockIDs=[conID: 22 locID: 115816896921600110 bcsId: 0 replicaIndex: null]], volume='acceb6b2-ccb9-47a0-8d32-ca0de477c4f5', bucket='033df7df-e748-4ec5-8f51-e63fa0184d74', bucketId=-9223372036854693632, purgedBytes=8388608, isCommittedKey=false, deleteKeyName='/acceb6b2-ccb9-47a0-8d32-ca0de477c4f5/033df7df-e748-4ec5-8f51-e63fa0184d74/746ed595-6f54-4362-9aab-2c4df48b6b9c/-9223372036854693120'}, PurgedKey{blockGroup=BlockGroup[groupID='/acceb6b2-ccb9-47a0-8d32-ca0de477c4f5/033df7df-e748-4ec5-8f51-e63fa0184d74/746ed595-6f54-4362-9aab-2c4df48b6b9c/-9223372036854692608/0', blockIDs=[conID: 23 locID: 115816896921600111 bcsId: 0 replicaIndex: null]], volume='acceb6b2-ccb9-47a0-8d32-ca0de477c4f5', bucket='033df7df-e748-4ec5-8f51-e63fa0184d74', bucketId=-9223372036854693632, purgedBytes=8388608, isCommittedKey=false, deleteKeyName='/acceb6b2-ccb9-47a0-8d32-ca0de477c4f5/033df7df-e748-4ec5-8f51-e63fa0184d74/746ed595-6f54-4362-9aab-2c4df48b6b9c/-9223372036854692608'}, PurgedKey{blockGroup=BlockGroup[groupID='/03498187-6d96-4846-a221-e05223117b34/11b40a6c-f2af-435a-8d0b-37d8d3a0f096/2570cd95-b525-4a21-84a5-a80242b28ae1/-9223372036854690816/0', blockIDs=[conID: 24 locID: 115816896921600112 bcsId: 0 replicaIndex: null]], volume='03498187-6d96-4846-a221-e05223117b34', bucket='11b40a6c-f2af-435a-8d0b-37d8d3a0f096', bucketId=-9223372036854691840, purgedBytes=3, isCommittedKey=true, deleteKeyName='/03498187-6d96-4846-a221-e05223117b34/11b40a6c-f2af-435a-8d0b-37d8d3a0f096/2570cd95-b525-4a21-84a5-a80242b28ae1/-9223372036854690816'}]
2025-10-16 19:48:04,368 | INFO  | SCMAudit | user=runner | ip=127.0.0.1 | op=DELETE_KEY_BLOCK {"KeyBlockToDelete":"[BlockGroup[groupID='/acceb6b2-ccb9-47a0-8d32-ca0de477c4f5/033df7df-e748-4ec5-8f51-e63fa0184d74/746ed595-6f54-4362-9aab-2c4df48b6b9c/-9223372036854692608/0', blockIDs=[conID: 23 locID: 115816896921600111 bcsId: 0 replicaIndex: null]], BlockGroup[groupID='/acceb6b2-ccb9-47a0-8d32-ca0de477c4f5/033df7df-e748-4ec5-8f51-e63fa0184d74/746ed595-6f54-4362-9aab-2c4df48b6b9c/-9223372036854693120/0', blockIDs=[conID: 22 locID: 115816896921600110 bcsId: 0 replicaIndex: null]], BlockGroup[groupID='/03498187-6d96-4846-a221-e05223117b34/11b40a6c-f2af-435a-8d0b-37d8d3a0f096/2570cd95-b525-4a21-84a5-a80242b28ae1/-9223372036854690816/0', blockIDs=[conID: 24 locID: 115816896921600112 bcsId: 0 replicaIndex: null]]]"} | ret=SUCCESS |  
2025-10-16 19:48:04,368 [om1-KeyDeletingService#5] INFO  service.KeyDeletingService (KeyDeletingService.java:processKeyDeletes(158)) - 3 BlockGroup deletion are acked by SCM in 3 ms
2025-10-16 19:48:04,370 [om1-KeyDeletingService#5] INFO  service.KeyDeletingService (KeyDeletingService.java:processKeyDeletes(166)) - Blocks for 3 (out of 3) keys are deleted from DB in 1 ms. Limit per task is 50000.
2025-10-16 19:48:04,704 | INFO  | SCMAudit | user=runner | ip=127.0.0.1 | op=SEND_HEARTBEAT {"datanodeUUID":"757ca056-973f-4f05-ab2d-6aff6c54d452","term":"2","command":"[]"} | ret=SUCCESS |  
2025-10-16 19:48:04,727 | INFO  | SCMAudit | user=runner | ip=127.0.0.1 | op=SEND_HEARTBEAT {"datanodeUUID":"0e8b6cc7-9945-4141-97fc-6aa017a0d5fa","term":"2","command":"[]"} | ret=SUCCESS |  
2025-10-16 19:48:04,727 | INFO  | SCMAudit | user=runner | ip=127.0.0.1 | op=SEND_HEARTBEAT {"datanodeUUID":"702cb173-5c73-4ecc-b5cd-c7b4a6b66aea","term":"2","command":"[]"} | ret=SUCCESS |  
2025-10-16 19:48:04,885 | INFO  | SCMAudit | user=runner | ip=127.0.0.1 | op=SEND_HEARTBEAT {"datanodeUUID":"764b18f0-81c5-439a-9fff-25adc4f241fa","term":"2","command":"[]"} | ret=SUCCESS |  
2025-10-16 19:48:04,915 | INFO  | SCMAudit | user=runner | ip=127.0.0.1 | op=SEND_HEARTBEAT {"datanodeUUID":"f700af26-0e26-4136-9205-9509c82c8c70","term":"2","command":"[]"} | ret=SUCCESS |  
2025-10-16 19:48:04,917 | INFO  | SCMAudit | user=runner | ip=127.0.0.1 | op=SEND_HEARTBEAT {"datanodeUUID":"c0724e9c-0dd4-4d47-992c-7bfe285fdd38","term":"2","command":"[]"} | ret=SUCCESS |  
2025-10-16 19:48:04,933 | INFO  | SCMAudit | user=runner | ip=127.0.0.1 | op=SEND_HEARTBEAT {"datanodeUUID":"aa213937-adc5-47da-a770-0ee1e4664344","term":"2","command":"[]"} | ret=SUCCESS |  
2025-10-16 19:48:04,985 | INFO  | SCMAudit | user=runner | ip=127.0.0.1 | op=SEND_HEARTBEAT {"datanodeUUID":"0428ab3f-efd5-438e-ae11-9ec242443260","term":"2","command":"[]"} | ret=SUCCESS |  
2025-10-16 19:48:04,988 | INFO  | SCMAudit | user=runner | ip=127.0.0.1 | op=SEND_HEARTBEAT {"datanodeUUID":"8a3c3252-9afe-4d3a-8492-25be6557678a","term":"2","command":"[]"} | ret=SUCCESS |  
2025-10-16 19:48:04,989 | INFO  | SCMAudit | user=runner | ip=127.0.0.1 | op=SEND_HEARTBEAT {"datanodeUUID":"e33e6ec4-6b66-4281-bedd-2bd75bd30070","term":"2","command":"[]"} | ret=SUCCESS |  
2025-10-16 19:48:05,003 | INFO  | SCMAudit | user=runner | ip=127.0.0.1 | op=SEND_HEARTBEAT {"datanodeUUID":"8a0fa2ff-b550-4652-b2fe-0cf91cd4a157","term":"2","command":"[]"} | ret=SUCCESS |  
2025-10-16 19:48:05,006 | INFO  | SCMAudit | user=runner | ip=127.0.0.1 | op=SEND_HEARTBEAT {"datanodeUUID":"58cff6b7-b2a7-446b-a75a-bb98ad6b11b8","term":"2","command":"[]"} | ret=SUCCESS |  
2025-10-16 19:48:05,016 | INFO  | OMAudit | user=runner | ip=127.0.0.1 | op=READ_VOLUME {"volume":"03498187-6d96-4846-a221-e05223117b34"} | ret=SUCCESS |  
2025-10-16 19:48:05,017 | INFO  | OMAudit | user=runner | ip=127.0.0.1 | op=READ_BUCKET {"volume":"03498187-6d96-4846-a221-e05223117b34","bucket":"11b40a6c-f2af-435a-8d0b-37d8d3a0f096"} | ret=SUCCESS |  
2025-10-16 19:48:05,021 | INFO  | OMAudit | user=runner | ip=127.0.0.1 | op=DELETE_KEY {"volume":"03498187-6d96-4846-a221-e05223117b34","bucket":"11b40a6c-f2af-435a-8d0b-37d8d3a0f096","key":"2570cd95-b525-4a21-84a5-a80242b28ae1","dataSize":"1","replicationConfig":"EC{rs-3-2-1024k}","Transaction":"334"} | ret=SUCCESS |  
2025-10-16 19:48:05,022 | INFO  | OMAudit | user=runner | ip=127.0.0.1 | op=READ_VOLUME {"volume":"03498187-6d96-4846-a221-e05223117b34"} | ret=SUCCESS |  
2025-10-16 19:48:05,024 | INFO  | OMAudit | user=runner | ip=127.0.0.1 | op=READ_BUCKET {"volume":"03498187-6d96-4846-a221-e05223117b34","bucket":"11b40a6c-f2af-435a-8d0b-37d8d3a0f096"} | ret=SUCCESS |  
2025-10-16 19:48:05,191 | INFO  | SCMAudit | user=runner | ip=127.0.0.1 | op=SEND_HEARTBEAT {"datanodeUUID":"76d4ba71-5bbb-4b24-8f51-8bc7f78aaca4","term":"2","command":"[]"} | ret=SUCCESS |  
2025-10-16 19:48:05,195 | INFO  | SCMAudit | user=runner | ip=127.0.0.1 | op=SEND_HEARTBEAT {"datanodeUUID":"e072d245-7694-4d97-8e20-c503ebf8c2fe","term":"2","command":"[]"} | ret=SUCCESS |  
2025-10-16 19:48:05,365 [om1-KeyDeletingService#8] INFO  service.KeyDeletingService (KeyDeletingService.java:processKeyDeletes(151)) - Send 1 key(s) to SCM, first 1 keys: [PurgedKey{blockGroup=BlockGroup[groupID='/03498187-6d96-4846-a221-e05223117b34/11b40a6c-f2af-435a-8d0b-37d8d3a0f096/2570cd95-b525-4a21-84a5-a80242b28ae1/-9223372036854691583/0', blockIDs=[conID: 25 locID: 115816896921600113 bcsId: 0 replicaIndex: null]], volume='03498187-6d96-4846-a221-e05223117b34', bucket='11b40a6c-f2af-435a-8d0b-37d8d3a0f096', bucketId=-9223372036854691840, purgedBytes=3, isCommittedKey=true, deleteKeyName='/03498187-6d96-4846-a221-e05223117b34/11b40a6c-f2af-435a-8d0b-37d8d3a0f096/2570cd95-b525-4a21-84a5-a80242b28ae1/-9223372036854691583'}]
2025-10-16 19:48:05,367 | INFO  | SCMAudit | user=runner | ip=127.0.0.1 | op=DELETE_KEY_BLOCK {"KeyBlockToDelete":"[BlockGroup[groupID='/03498187-6d96-4846-a221-e05223117b34/11b40a6c-f2af-435a-8d0b-37d8d3a0f096/2570cd95-b525-4a21-84a5-a80242b28ae1/-9223372036854691583/0', blockIDs=[conID: 25 locID: 115816896921600113 bcsId: 0 replicaIndex: null]]]"} | ret=SUCCESS |  
2025-10-16 19:48:05,368 [om1-KeyDeletingService#8] INFO  service.KeyDeletingService (KeyDeletingService.java:processKeyDeletes(158)) - 1 BlockGroup deletion are acked by SCM in 2 ms
2025-10-16 19:48:05,369 [om1-KeyDeletingService#8] INFO  service.KeyDeletingService (KeyDeletingService.java:processKeyDeletes(166)) - Blocks for 1 (out of 1) keys are deleted from DB in 2 ms. Limit per task is 50000.
2025-10-16 19:48:05,704 | INFO  | SCMAudit | user=runner | ip=127.0.0.1 | op=SEND_HEARTBEAT {"datanodeUUID":"757ca056-973f-4f05-ab2d-6aff6c54d452","term":"2","command":"[]"} | ret=SUCCESS |  
2025-10-16 19:48:05,727 | INFO  | SCMAudit | user=runner | ip=127.0.0.1 | op=SEND_HEARTBEAT {"datanodeUUID":"0e8b6cc7-9945-4141-97fc-6aa017a0d5fa","term":"2","command":"[]"} | ret=SUCCESS |  
2025-10-16 19:48:05,728 | INFO  | SCMAudit | user=runner | ip=127.0.0.1 | op=SEND_HEARTBEAT {"datanodeUUID":"702cb173-5c73-4ecc-b5cd-c7b4a6b66aea","term":"2","command":"[]"} | ret=SUCCESS |  
2025-10-16 19:48:05,885 | INFO  | SCMAudit | user=runner | ip=127.0.0.1 | op=SEND_HEARTBEAT {"datanodeUUID":"764b18f0-81c5-439a-9fff-25adc4f241fa","term":"2","command":"[]"} | ret=SUCCESS |  
2025-10-16 19:48:05,915 | INFO  | SCMAudit | user=runner | ip=127.0.0.1 | op=SEND_HEARTBEAT {"datanodeUUID":"f700af26-0e26-4136-9205-9509c82c8c70","term":"2","command":"[]"} | ret=SUCCESS |  
2025-10-16 19:48:05,917 | INFO  | SCMAudit | user=runner | ip=127.0.0.1 | op=SEND_HEARTBEAT {"datanodeUUID":"c0724e9c-0dd4-4d47-992c-7bfe285fdd38","term":"2","command":"[]"} | ret=SUCCESS |  
2025-10-16 19:48:05,932 | INFO  | SCMAudit | user=runner | ip=127.0.0.1 | op=SEND_HEARTBEAT {"datanodeUUID":"aa213937-adc5-47da-a770-0ee1e4664344","term":"2","command":"[]"} | ret=SUCCESS |  
2025-10-16 19:48:05,985 | INFO  | SCMAudit | user=runner | ip=127.0.0.1 | op=SEND_HEARTBEAT {"datanodeUUID":"0428ab3f-efd5-438e-ae11-9ec242443260","term":"2","command":"[]"} | ret=SUCCESS |  
2025-10-16 19:48:05,988 | INFO  | SCMAudit | user=runner | ip=127.0.0.1 | op=SEND_HEARTBEAT {"datanodeUUID":"8a3c3252-9afe-4d3a-8492-25be6557678a","term":"2","command":"[]"} | ret=SUCCESS |  
2025-10-16 19:48:05,989 | INFO  | SCMAudit | user=runner | ip=127.0.0.1 | op=SEND_HEARTBEAT {"datanodeUUID":"e33e6ec4-6b66-4281-bedd-2bd75bd30070","term":"2","command":"[]"} | ret=SUCCESS |  
2025-10-16 19:48:06,003 | INFO  | SCMAudit | user=runner | ip=127.0.0.1 | op=SEND_HEARTBEAT {"datanodeUUID":"8a0fa2ff-b550-4652-b2fe-0cf91cd4a157","term":"2","command":"[]"} | ret=SUCCESS |  
2025-10-16 19:48:06,006 | INFO  | SCMAudit | user=runner | ip=127.0.0.1 | op=SEND_HEARTBEAT {"datanodeUUID":"58cff6b7-b2a7-446b-a75a-bb98ad6b11b8","term":"2","command":"[]"} | ret=SUCCESS |  
2025-10-16 19:48:06,025 | INFO  | OMAudit | user=runner | ip=127.0.0.1 | op=READ_VOLUME {"volume":"03498187-6d96-4846-a221-e05223117b34"} | ret=SUCCESS |  
2025-10-16 19:48:06,026 | INFO  | OMAudit | user=runner | ip=127.0.0.1 | op=READ_BUCKET {"volume":"03498187-6d96-4846-a221-e05223117b34","bucket":"11b40a6c-f2af-435a-8d0b-37d8d3a0f096"} | ret=SUCCESS |  
2025-10-16 19:48:06,027 [ForkJoinPool-1-worker-1] INFO  rpc.RpcClient (RpcClient.java:createVolume(461)) - Creating Volume: 3b2c6f0d-8946-4ef4-a7ad-e59aed8ae510, with runner as owner and space quota set to -1 bytes, counts quota set to -1
2025-10-16 19:48:06,029 [om1-OMStateMachineApplyTransactionThread - 0] INFO  volume.OMVolumeCreateRequest (OMVolumeCreateRequest.java:validateAndUpdateCache(213)) - created volume:3b2c6f0d-8946-4ef4-a7ad-e59aed8ae510 for user:runner
2025-10-16 19:48:06,029 | INFO  | OMAudit | user=runner | ip=127.0.0.1 | op=CREATE_VOLUME {"admin":"runner","owner":"runner","volume":"3b2c6f0d-8946-4ef4-a7ad-e59aed8ae510","creationTime":"1760644086028","modificationTime":"1760644086028","quotaInBytes":"-1","quotaInNamespace":"-1","usedNamespace":"0","objectID":"-9223372036854689792","updateID":"336","Transaction":"336"} | ret=SUCCESS |  
2025-10-16 19:48:06,030 | INFO  | OMAudit | user=runner | ip=127.0.0.1 | op=READ_VOLUME {"volume":"3b2c6f0d-8946-4ef4-a7ad-e59aed8ae510"} | ret=SUCCESS |  
2025-10-16 19:48:06,030 [ForkJoinPool-1-worker-1] INFO  rpc.RpcClient (RpcClient.java:createBucket(686)) - Creating Bucket: 3b2c6f0d-8946-4ef4-a7ad-e59aed8ae510/364656e9-e9a8-4bbc-a4cf-44915b885528, with server-side default bucket layout, runner as owner, Versioning false, Storage Type set to DISK and Encryption set to false, Replication Type set to server-side default replication type, Namespace Quota set to -1, Space Quota set to -1 
2025-10-16 19:48:06,032 [om1-OMStateMachineApplyTransactionThread - 0] INFO  bucket.OMBucketCreateRequest (OMBucketCreateRequest.java:validateAndUpdateCache(303)) - created bucket: 364656e9-e9a8-4bbc-a4cf-44915b885528 of layout FILE_SYSTEM_OPTIMIZED in volume: 3b2c6f0d-8946-4ef4-a7ad-e59aed8ae510
2025-10-16 19:48:06,032 | INFO  | OMAudit | user=runner | ip=127.0.0.1 | op=CREATE_BUCKET {"volume":"3b2c6f0d-8946-4ef4-a7ad-e59aed8ae510","bucket":"364656e9-e9a8-4bbc-a4cf-44915b885528","bucketLayout":"FILE_SYSTEM_OPTIMIZED","gdprEnabled":null,"acls":"[user:runner:a[ACCESS], group:runner:rl[ACCESS]]","isVersionEnabled":"false","storageType":"DISK","creationTime":"1760644086031","bucketEncryptionKey":null,"modificationTime":"1760644086031","usedBytes":"0","usedNamespace":"0","snapshotUsedBytes":"0","snapshotUsedNamespace":"0","owner":"runner","replicationType":null,"replicationConfig":null,"quotaInBytes":"-1","quotaInNamespace":"-1","Transaction":"337"} | ret=SUCCESS |  
2025-10-16 19:48:06,033 | INFO  | OMAudit | user=runner | ip=127.0.0.1 | op=READ_BUCKET {"volume":"3b2c6f0d-8946-4ef4-a7ad-e59aed8ae510","bucket":"364656e9-e9a8-4bbc-a4cf-44915b885528"} | ret=SUCCESS |  
2025-10-16 19:48:06,034 | INFO  | OMAudit | user=runner | ip=127.0.0.1 | op=READ_BUCKET {"volume":"3b2c6f0d-8946-4ef4-a7ad-e59aed8ae510","bucket":"364656e9-e9a8-4bbc-a4cf-44915b885528"} | ret=SUCCESS |  
2025-10-16 19:48:06,035 [IPC Server handler 2 on default port 15001] INFO  algorithms.SCMContainerPlacementRackScatter (SCMContainerPlacementRackScatter.java:chooseDatanodesInternal(369)) - Chosen nodes: [8a3c3252-9afe-4d3a-8492-25be6557678a(localhost/127.0.0.1), 0428ab3f-efd5-438e-ae11-9ec242443260(localhost/127.0.0.1), e33e6ec4-6b66-4281-bedd-2bd75bd30070(localhost/127.0.0.1), e072d245-7694-4d97-8e20-c503ebf8c2fe(localhost/127.0.0.1), 58cff6b7-b2a7-446b-a75a-bb98ad6b11b8(localhost/127.0.0.1)]. isPolicySatisfied: true.
2025-10-16 19:48:06,039 [IPC Server handler 2 on default port 15001] INFO  pipeline.WritableECContainerProvider (WritableECContainerProvider.java:allocateContainer(215)) - Created and opened new pipeline Pipeline{ Id: 4fc5fea4-700e-45ac-871d-596f5f5ba356, Nodes: [ {8a3c3252-9afe-4d3a-8492-25be6557678a(localhost/127.0.0.1), ReplicaIndex: 1}, {0428ab3f-efd5-438e-ae11-9ec242443260(localhost/127.0.0.1), ReplicaIndex: 2}, {e33e6ec4-6b66-4281-bedd-2bd75bd30070(localhost/127.0.0.1), ReplicaIndex: 3}, {e072d245-7694-4d97-8e20-c503ebf8c2fe(localhost/127.0.0.1), ReplicaIndex: 4}, {58cff6b7-b2a7-446b-a75a-bb98ad6b11b8(localhost/127.0.0.1), ReplicaIndex: 5},], ReplicationConfig: EC{rs-3-2-1024k}, State:ALLOCATED, leaderId:, CreationTimestamp2025-10-16T19:48:06.036072014Z[Etc/UTC]}
2025-10-16 19:48:06,039 | INFO  | SCMAudit | user=runner | ip=127.0.0.1 | op=ALLOCATE_BLOCK {"replication":"EC{rs-3-2-1024k}","owner":"omServiceIdDefault","size":"4194304","sampleBlocks":"[conID: 26 locID: 115816896921600114]","num":"1","client":"","allocated":"1"} | ret=SUCCESS |  
2025-10-16 19:48:06,042 | INFO  | OMAudit | user=runner | ip=127.0.0.1 | op=ALLOCATE_KEY {"volume":"3b2c6f0d-8946-4ef4-a7ad-e59aed8ae510","bucket":"364656e9-e9a8-4bbc-a4cf-44915b885528","key":"e8a43a85-0580-4c46-8ce7-3d279c214370","dataSize":"4194304","replicationType":"EC","replicationConfig":"rs-3-2-1048576","Transaction":"338"} | ret=SUCCESS |  
2025-10-16 19:48:06,043 | INFO  | OMAudit | user=runner | ip=127.0.0.1 | op=READ_VOLUME {"volume":"3b2c6f0d-8946-4ef4-a7ad-e59aed8ae510"} | ret=SUCCESS |  
2025-10-16 19:48:06,044 | INFO  | OMAudit | user=runner | ip=127.0.0.1 | op=READ_BUCKET {"volume":"3b2c6f0d-8946-4ef4-a7ad-e59aed8ae510","bucket":"364656e9-e9a8-4bbc-a4cf-44915b885528"} | ret=SUCCESS |  
2025-10-16 19:48:06,121 | INFO  | ContainerLog | ID=26 | Index=5 | BCSID=0 | State=OPEN | Volume=/home/runner/work/ozone/ozone/hadoop-ozone/integration-test/target/test-dir/MiniOzoneClusterImpl-e7911277-7775-4457-96c8-94071a26a1ce/ozone-metadata/datanode-5/data-0/hdds | DataChecksum=0 |  
2025-10-16 19:48:06,121 | INFO  | ContainerLog | ID=26 | Index=3 | BCSID=0 | State=OPEN | Volume=/home/runner/work/ozone/ozone/hadoop-ozone/integration-test/target/test-dir/MiniOzoneClusterImpl-e7911277-7775-4457-96c8-94071a26a1ce/ozone-metadata/datanode-12/data-0/hdds | DataChecksum=0 |  
2025-10-16 19:48:06,121 | INFO  | ContainerLog | ID=26 | Index=1 | BCSID=0 | State=OPEN | Volume=/home/runner/work/ozone/ozone/hadoop-ozone/integration-test/target/test-dir/MiniOzoneClusterImpl-e7911277-7775-4457-96c8-94071a26a1ce/ozone-metadata/datanode-2/data-0/hdds | DataChecksum=0 |  
2025-10-16 19:48:06,121 | INFO  | ContainerLog | ID=26 | Index=2 | BCSID=0 | State=OPEN | Volume=/home/runner/work/ozone/ozone/hadoop-ozone/integration-test/target/test-dir/MiniOzoneClusterImpl-e7911277-7775-4457-96c8-94071a26a1ce/ozone-metadata/datanode-6/data-0/hdds | DataChecksum=0 |  
2025-10-16 19:48:06,122 | INFO  | ContainerLog | ID=26 | Index=4 | BCSID=0 | State=OPEN | Volume=/home/runner/work/ozone/ozone/hadoop-ozone/integration-test/target/test-dir/MiniOzoneClusterImpl-e7911277-7775-4457-96c8-94071a26a1ce/ozone-metadata/datanode-7/data-0/hdds | DataChecksum=0 |  
2025-10-16 19:48:06,123 | INFO  | SCMAudit | user=runner | ip=127.0.0.1 | op=SEND_HEARTBEAT {"datanodeUUID":"58cff6b7-b2a7-446b-a75a-bb98ad6b11b8","term":"2","command":"[]"} | ret=SUCCESS |  
2025-10-16 19:48:06,123 | INFO  | SCMAudit | user=runner | ip=127.0.0.1 | op=SEND_HEARTBEAT {"datanodeUUID":"e072d245-7694-4d97-8e20-c503ebf8c2fe","term":"2","command":"[]"} | ret=SUCCESS |  
2025-10-16 19:48:06,125 | INFO  | SCMAudit | user=runner | ip=127.0.0.1 | op=SEND_HEARTBEAT {"datanodeUUID":"8a3c3252-9afe-4d3a-8492-25be6557678a","term":"2","command":"[]"} | ret=SUCCESS |  
2025-10-16 19:48:06,125 | INFO  | SCMAudit | user=runner | ip=127.0.0.1 | op=SEND_HEARTBEAT {"datanodeUUID":"0428ab3f-efd5-438e-ae11-9ec242443260","term":"2","command":"[]"} | ret=SUCCESS |  
2025-10-16 19:48:06,126 | INFO  | SCMAudit | user=runner | ip=127.0.0.1 | op=SEND_HEARTBEAT {"datanodeUUID":"e33e6ec4-6b66-4281-bedd-2bd75bd30070","term":"2","command":"[]"} | ret=SUCCESS |  
2025-10-16 19:48:06,166 | INFO  | OMAudit | user=runner | ip=127.0.0.1 | op=COMMIT_KEY {"volume":"3b2c6f0d-8946-4ef4-a7ad-e59aed8ae510","bucket":"364656e9-e9a8-4bbc-a4cf-44915b885528","key":"e8a43a85-0580-4c46-8ce7-3d279c214370","dataSize":"4194304","replicationType":"EC","replicationConfig":"rs-3-2-1048576","Transaction":"339"} | ret=SUCCESS |  
2025-10-16 19:48:06,168 | INFO  | OMAudit | user=runner | ip=127.0.0.1 | op=READ_VOLUME {"volume":"3b2c6f0d-8946-4ef4-a7ad-e59aed8ae510"} | ret=SUCCESS |  
2025-10-16 19:48:06,169 | INFO  | OMAudit | user=runner | ip=127.0.0.1 | op=READ_BUCKET {"volume":"3b2c6f0d-8946-4ef4-a7ad-e59aed8ae510","bucket":"364656e9-e9a8-4bbc-a4cf-44915b885528"} | ret=SUCCESS |  
2025-10-16 19:48:06,171 | INFO  | OMAudit | user=runner | ip=127.0.0.1 | op=READ_BUCKET {"volume":"3b2c6f0d-8946-4ef4-a7ad-e59aed8ae510","bucket":"364656e9-e9a8-4bbc-a4cf-44915b885528"} | ret=SUCCESS |  
2025-10-16 19:48:06,172 | INFO  | SCMAudit | user=runner | ip=127.0.0.1 | op=ALLOCATE_BLOCK {"replication":"EC{rs-3-2-1024k}","owner":"omServiceIdDefault","size":"4194304","sampleBlocks":"[conID: 22 locID: 115816896921600115]","num":"1","client":"","allocated":"1"} | ret=SUCCESS |  
2025-10-16 19:48:06,175 | INFO  | OMAudit | user=runner | ip=127.0.0.1 | op=ALLOCATE_KEY {"volume":"3b2c6f0d-8946-4ef4-a7ad-e59aed8ae510","bucket":"364656e9-e9a8-4bbc-a4cf-44915b885528","key":"e8a43a85-0580-4c46-8ce7-3d279c214370","dataSize":"4194304","replicationType":"EC","replicationConfig":"rs-3-2-1048576","Transaction":"340"} | ret=SUCCESS |  
2025-10-16 19:48:06,177 | INFO  | OMAudit | user=runner | ip=127.0.0.1 | op=READ_VOLUME {"volume":"3b2c6f0d-8946-4ef4-a7ad-e59aed8ae510"} | ret=SUCCESS |  
2025-10-16 19:48:06,178 | INFO  | OMAudit | user=runner | ip=127.0.0.1 | op=READ_BUCKET {"volume":"3b2c6f0d-8946-4ef4-a7ad-e59aed8ae510","bucket":"364656e9-e9a8-4bbc-a4cf-44915b885528"} | ret=SUCCESS |  
2025-10-16 19:48:06,191 | INFO  | SCMAudit | user=runner | ip=127.0.0.1 | op=SEND_HEARTBEAT {"datanodeUUID":"76d4ba71-5bbb-4b24-8f51-8bc7f78aaca4","term":"2","command":"[]"} | ret=SUCCESS |  
2025-10-16 19:48:06,302 | INFO  | ContainerLog | ID=22 | Index=1 | BCSID=0 | State=OPEN | Volume=/home/runner/work/ozone/ozone/hadoop-ozone/integration-test/target/test-dir/MiniOzoneClusterImpl-e7911277-7775-4457-96c8-94071a26a1ce/ozone-metadata/datanode-8/data-0/hdds | DataChecksum=0 |  
2025-10-16 19:48:06,302 | INFO  | ContainerLog | ID=22 | Index=5 | BCSID=0 | State=OPEN | Volume=/home/runner/work/ozone/ozone/hadoop-ozone/integration-test/target/test-dir/MiniOzoneClusterImpl-e7911277-7775-4457-96c8-94071a26a1ce/ozone-metadata/datanode-12/data-0/hdds | DataChecksum=0 |  
2025-10-16 19:48:06,303 | INFO  | ContainerLog | ID=22 | Index=4 | BCSID=0 | State=OPEN | Volume=/home/runner/work/ozone/ozone/hadoop-ozone/integration-test/target/test-dir/MiniOzoneClusterImpl-e7911277-7775-4457-96c8-94071a26a1ce/ozone-metadata/datanode-13/data-0/hdds | DataChecksum=0 |  
2025-10-16 19:48:06,305 | INFO  | ContainerLog | ID=22 | Index=3 | BCSID=0 | State=OPEN | Volume=/home/runner/work/ozone/ozone/hadoop-ozone/integration-test/target/test-dir/MiniOzoneClusterImpl-e7911277-7775-4457-96c8-94071a26a1ce/ozone-metadata/datanode-3/data-0/hdds | DataChecksum=0 |  
2025-10-16 19:48:06,306 | INFO  | SCMAudit | user=runner | ip=127.0.0.1 | op=SEND_HEARTBEAT {"datanodeUUID":"76d4ba71-5bbb-4b24-8f51-8bc7f78aaca4","term":"2","command":"[]"} | ret=SUCCESS |  
2025-10-16 19:48:06,306 | INFO  | SCMAudit | user=runner | ip=127.0.0.1 | op=SEND_HEARTBEAT {"datanodeUUID":"c0724e9c-0dd4-4d47-992c-7bfe285fdd38","term":"2","command":"[]"} | ret=SUCCESS |  
2025-10-16 19:48:06,307 | INFO  | ContainerLog | ID=22 | Index=2 | BCSID=0 | State=OPEN | Volume=/home/runner/work/ozone/ozone/hadoop-ozone/integration-test/target/test-dir/MiniOzoneClusterImpl-e7911277-7775-4457-96c8-94071a26a1ce/ozone-metadata/datanode-10/data-0/hdds | DataChecksum=0 |  
2025-10-16 19:48:06,308 | INFO  | SCMAudit | user=runner | ip=127.0.0.1 | op=SEND_HEARTBEAT {"datanodeUUID":"e33e6ec4-6b66-4281-bedd-2bd75bd30070","term":"2","command":"[]"} | ret=SUCCESS |  
2025-10-16 19:48:06,310 | INFO  | SCMAudit | user=runner | ip=127.0.0.1 | op=SEND_HEARTBEAT {"datanodeUUID":"764b18f0-81c5-439a-9fff-25adc4f241fa","term":"2","command":"[]"} | ret=SUCCESS |  
2025-10-16 19:48:06,311 | INFO  | SCMAudit | user=runner | ip=127.0.0.1 | op=SEND_HEARTBEAT {"datanodeUUID":"0e8b6cc7-9945-4141-97fc-6aa017a0d5fa","term":"2","command":"[]"} | ret=SUCCESS |  
2025-10-16 19:48:06,339 | INFO  | OMAudit | user=runner | ip=127.0.0.1 | op=COMMIT_KEY {"volume":"3b2c6f0d-8946-4ef4-a7ad-e59aed8ae510","bucket":"364656e9-e9a8-4bbc-a4cf-44915b885528","key":"e8a43a85-0580-4c46-8ce7-3d279c214370","dataSize":"4194304","replicationType":"EC","replicationConfig":"rs-3-2-1048576","Transaction":"341"} | ret=SUCCESS |  
2025-10-16 19:48:06,341 | INFO  | OMAudit | user=runner | ip=127.0.0.1 | op=READ_VOLUME {"volume":"3b2c6f0d-8946-4ef4-a7ad-e59aed8ae510"} | ret=SUCCESS |  
2025-10-16 19:48:06,342 | INFO  | OMAudit | user=runner | ip=127.0.0.1 | op=READ_BUCKET {"volume":"3b2c6f0d-8946-4ef4-a7ad-e59aed8ae510","bucket":"364656e9-e9a8-4bbc-a4cf-44915b885528"} | ret=SUCCESS |  
2025-10-16 19:48:06,366 [om1-KeyDeletingService#1] INFO  service.KeyDeletingService (KeyDeletingService.java:processKeyDeletes(151)) - Send 1 key(s) to SCM, first 1 keys: [PurgedKey{blockGroup=BlockGroup[groupID='/3b2c6f0d-8946-4ef4-a7ad-e59aed8ae510/364656e9-e9a8-4bbc-a4cf-44915b885528/e8a43a85-0580-4c46-8ce7-3d279c214370/-9223372036854688512/0', blockIDs=[conID: 26 locID: 115816896921600114 bcsId: 0 replicaIndex: null]], volume='3b2c6f0d-8946-4ef4-a7ad-e59aed8ae510', bucket='364656e9-e9a8-4bbc-a4cf-44915b885528', bucketId=-9223372036854689536, purgedBytes=8388608, isCommittedKey=true, deleteKeyName='/3b2c6f0d-8946-4ef4-a7ad-e59aed8ae510/364656e9-e9a8-4bbc-a4cf-44915b885528/e8a43a85-0580-4c46-8ce7-3d279c214370/-9223372036854688512'}]
2025-10-16 19:48:06,368 | INFO  | SCMAudit | user=runner | ip=127.0.0.1 | op=DELETE_KEY_BLOCK {"KeyBlockToDelete":"[BlockGroup[groupID='/3b2c6f0d-8946-4ef4-a7ad-e59aed8ae510/364656e9-e9a8-4bbc-a4cf-44915b885528/e8a43a85-0580-4c46-8ce7-3d279c214370/-9223372036854688512/0', blockIDs=[conID: 26 locID: 115816896921600114 bcsId: 0 replicaIndex: null]]]"} | ret=SUCCESS |  
2025-10-16 19:48:06,369 [om1-KeyDeletingService#1] INFO  service.KeyDeletingService (KeyDeletingService.java:processKeyDeletes(158)) - 1 BlockGroup deletion are acked by SCM in 3 ms
2025-10-16 19:48:06,371 [om1-KeyDeletingService#1] INFO  service.KeyDeletingService (KeyDeletingService.java:processKeyDeletes(166)) - Blocks for 1 (out of 1) keys are deleted from DB in 2 ms. Limit per task is 50000.
2025-10-16 19:48:06,704 | INFO  | SCMAudit | user=runner | ip=127.0.0.1 | op=SEND_HEARTBEAT {"datanodeUUID":"757ca056-973f-4f05-ab2d-6aff6c54d452","term":"2","command":"[]"} | ret=SUCCESS |  
2025-10-16 19:48:06,728 | INFO  | SCMAudit | user=runner | ip=127.0.0.1 | op=SEND_HEARTBEAT {"datanodeUUID":"702cb173-5c73-4ecc-b5cd-c7b4a6b66aea","term":"2","command":"[]"} | ret=SUCCESS |  
2025-10-16 19:48:06,914 | INFO  | SCMAudit | user=runner | ip=127.0.0.1 | op=SEND_HEARTBEAT {"datanodeUUID":"f700af26-0e26-4136-9205-9509c82c8c70","term":"2","command":"[]"} | ret=SUCCESS |  
2025-10-16 19:48:06,932 | INFO  | SCMAudit | user=runner | ip=127.0.0.1 | op=SEND_HEARTBEAT {"datanodeUUID":"aa213937-adc5-47da-a770-0ee1e4664344","term":"2","command":"[]"} | ret=SUCCESS |  
2025-10-16 19:48:07,003 | INFO  | SCMAudit | user=runner | ip=127.0.0.1 | op=SEND_HEARTBEAT {"datanodeUUID":"8a0fa2ff-b550-4652-b2fe-0cf91cd4a157","term":"2","command":"[]"} | ret=SUCCESS |  
2025-10-16 19:48:07,122 | INFO  | SCMAudit | user=runner | ip=127.0.0.1 | op=SEND_HEARTBEAT {"datanodeUUID":"58cff6b7-b2a7-446b-a75a-bb98ad6b11b8","term":"2","command":"[]"} | ret=SUCCESS |  
2025-10-16 19:48:07,123 | INFO  | SCMAudit | user=runner | ip=127.0.0.1 | op=SEND_HEARTBEAT {"datanodeUUID":"8a3c3252-9afe-4d3a-8492-25be6557678a","term":"2","command":"[]"} | ret=SUCCESS |  
2025-10-16 19:48:07,123 | INFO  | SCMAudit | user=runner | ip=127.0.0.1 | op=SEND_HEARTBEAT {"datanodeUUID":"e072d245-7694-4d97-8e20-c503ebf8c2fe","term":"2","command":"[]"} | ret=SUCCESS |  
2025-10-16 19:48:07,124 | INFO  | SCMAudit | user=runner | ip=127.0.0.1 | op=SEND_HEARTBEAT {"datanodeUUID":"0428ab3f-efd5-438e-ae11-9ec242443260","term":"2","command":"[]"} | ret=SUCCESS |  
2025-10-16 19:48:07,303 | INFO  | SCMAudit | user=runner | ip=127.0.0.1 | op=SEND_HEARTBEAT {"datanodeUUID":"76d4ba71-5bbb-4b24-8f51-8bc7f78aaca4","term":"2","command":"[]"} | ret=SUCCESS |  
2025-10-16 19:48:07,305 | INFO  | SCMAudit | user=runner | ip=127.0.0.1 | op=SEND_HEARTBEAT {"datanodeUUID":"c0724e9c-0dd4-4d47-992c-7bfe285fdd38","term":"2","command":"[]"} | ret=SUCCESS |  
2025-10-16 19:48:07,305 | INFO  | SCMAudit | user=runner | ip=127.0.0.1 | op=SEND_HEARTBEAT {"datanodeUUID":"e33e6ec4-6b66-4281-bedd-2bd75bd30070","term":"2","command":"[]"} | ret=SUCCESS |  
2025-10-16 19:48:07,307 | INFO  | SCMAudit | user=runner | ip=127.0.0.1 | op=SEND_HEARTBEAT {"datanodeUUID":"764b18f0-81c5-439a-9fff-25adc4f241fa","term":"2","command":"[]"} | ret=SUCCESS |  
2025-10-16 19:48:07,308 | INFO  | SCMAudit | user=runner | ip=127.0.0.1 | op=SEND_HEARTBEAT {"datanodeUUID":"0e8b6cc7-9945-4141-97fc-6aa017a0d5fa","term":"2","command":"[]"} | ret=SUCCESS |  
2025-10-16 19:48:07,343 | INFO  | OMAudit | user=runner | ip=127.0.0.1 | op=READ_VOLUME {"volume":"3b2c6f0d-8946-4ef4-a7ad-e59aed8ae510"} | ret=SUCCESS |  
2025-10-16 19:48:07,344 | INFO  | OMAudit | user=runner | ip=127.0.0.1 | op=READ_BUCKET {"volume":"3b2c6f0d-8946-4ef4-a7ad-e59aed8ae510","bucket":"364656e9-e9a8-4bbc-a4cf-44915b885528"} | ret=SUCCESS |  
2025-10-16 19:48:07,347 | INFO  | OMAudit | user=runner | ip=127.0.0.1 | op=DELETE_KEY {"volume":"3b2c6f0d-8946-4ef4-a7ad-e59aed8ae510","bucket":"364656e9-e9a8-4bbc-a4cf-44915b885528","key":"e8a43a85-0580-4c46-8ce7-3d279c214370","dataSize":"4194304","replicationConfig":"EC{rs-3-2-1024k}","Transaction":"343"} | ret=SUCCESS |  
2025-10-16 19:48:07,348 | INFO  | OMAudit | user=runner | ip=127.0.0.1 | op=READ_VOLUME {"volume":"3b2c6f0d-8946-4ef4-a7ad-e59aed8ae510"} | ret=SUCCESS |  
2025-10-16 19:48:07,349 | INFO  | OMAudit | user=runner | ip=127.0.0.1 | op=READ_BUCKET {"volume":"3b2c6f0d-8946-4ef4-a7ad-e59aed8ae510","bucket":"364656e9-e9a8-4bbc-a4cf-44915b885528"} | ret=SUCCESS |  
2025-10-16 19:48:07,366 [om1-KeyDeletingService#0] INFO  service.KeyDeletingService (KeyDeletingService.java:processKeyDeletes(151)) - Send 1 key(s) to SCM, first 1 keys: [PurgedKey{blockGroup=BlockGroup[groupID='/3b2c6f0d-8946-4ef4-a7ad-e59aed8ae510/364656e9-e9a8-4bbc-a4cf-44915b885528/e8a43a85-0580-4c46-8ce7-3d279c214370/-9223372036854689279/0', blockIDs=[conID: 22 locID: 115816896921600115 bcsId: 0 replicaIndex: null]], volume='3b2c6f0d-8946-4ef4-a7ad-e59aed8ae510', bucket='364656e9-e9a8-4bbc-a4cf-44915b885528', bucketId=-9223372036854689536, purgedBytes=8388608, isCommittedKey=true, deleteKeyName='/3b2c6f0d-8946-4ef4-a7ad-e59aed8ae510/364656e9-e9a8-4bbc-a4cf-44915b885528/e8a43a85-0580-4c46-8ce7-3d279c214370/-9223372036854689279'}]
2025-10-16 19:48:07,367 | INFO  | SCMAudit | user=runner | ip=127.0.0.1 | op=DELETE_KEY_BLOCK {"KeyBlockToDelete":"[BlockGroup[groupID='/3b2c6f0d-8946-4ef4-a7ad-e59aed8ae510/364656e9-e9a8-4bbc-a4cf-44915b885528/e8a43a85-0580-4c46-8ce7-3d279c214370/-9223372036854689279/0', blockIDs=[conID: 22 locID: 115816896921600115 bcsId: 0 replicaIndex: null]]]"} | ret=SUCCESS |  
2025-10-16 19:48:07,368 [om1-KeyDeletingService#0] INFO  service.KeyDeletingService (KeyDeletingService.java:processKeyDeletes(158)) - 1 BlockGroup deletion are acked by SCM in 2 ms
2025-10-16 19:48:07,369 [om1-KeyDeletingService#0] INFO  service.KeyDeletingService (KeyDeletingService.java:processKeyDeletes(166)) - Blocks for 1 (out of 1) keys are deleted from DB in 1 ms. Limit per task is 50000.
2025-10-16 19:48:07,705 | INFO  | SCMAudit | user=runner | ip=127.0.0.1 | op=SEND_HEARTBEAT {"datanodeUUID":"757ca056-973f-4f05-ab2d-6aff6c54d452","term":"2","command":"[]"} | ret=SUCCESS |  
2025-10-16 19:48:07,727 | INFO  | SCMAudit | user=runner | ip=127.0.0.1 | op=SEND_HEARTBEAT {"datanodeUUID":"702cb173-5c73-4ecc-b5cd-c7b4a6b66aea","term":"2","command":"[]"} | ret=SUCCESS |  
2025-10-16 19:48:07,914 | INFO  | SCMAudit | user=runner | ip=127.0.0.1 | op=SEND_HEARTBEAT {"datanodeUUID":"f700af26-0e26-4136-9205-9509c82c8c70","term":"2","command":"[]"} | ret=SUCCESS |  
2025-10-16 19:48:07,933 | INFO  | SCMAudit | user=runner | ip=127.0.0.1 | op=SEND_HEARTBEAT {"datanodeUUID":"aa213937-adc5-47da-a770-0ee1e4664344","term":"2","command":"[]"} | ret=SUCCESS |  
2025-10-16 19:48:08,003 | INFO  | SCMAudit | user=runner | ip=127.0.0.1 | op=SEND_HEARTBEAT {"datanodeUUID":"8a0fa2ff-b550-4652-b2fe-0cf91cd4a157","term":"2","command":"[]"} | ret=SUCCESS |  
2025-10-16 19:48:08,123 | INFO  | SCMAudit | user=runner | ip=127.0.0.1 | op=SEND_HEARTBEAT {"datanodeUUID":"8a3c3252-9afe-4d3a-8492-25be6557678a","term":"2","command":"[]"} | ret=SUCCESS |  
2025-10-16 19:48:08,123 | INFO  | SCMAudit | user=runner | ip=127.0.0.1 | op=SEND_HEARTBEAT {"datanodeUUID":"58cff6b7-b2a7-446b-a75a-bb98ad6b11b8","term":"2","command":"[]"} | ret=SUCCESS |  
2025-10-16 19:48:08,123 | INFO  | SCMAudit | user=runner | ip=127.0.0.1 | op=SEND_HEARTBEAT {"datanodeUUID":"e072d245-7694-4d97-8e20-c503ebf8c2fe","term":"2","command":"[]"} | ret=SUCCESS |  
2025-10-16 19:48:08,125 | INFO  | SCMAudit | user=runner | ip=127.0.0.1 | op=SEND_HEARTBEAT {"datanodeUUID":"0428ab3f-efd5-438e-ae11-9ec242443260","term":"2","command":"[]"} | ret=SUCCESS |  
2025-10-16 19:48:08,304 | INFO  | SCMAudit | user=runner | ip=127.0.0.1 | op=SEND_HEARTBEAT {"datanodeUUID":"76d4ba71-5bbb-4b24-8f51-8bc7f78aaca4","term":"2","command":"[]"} | ret=SUCCESS |  
2025-10-16 19:48:08,304 | INFO  | SCMAudit | user=runner | ip=127.0.0.1 | op=SEND_HEARTBEAT {"datanodeUUID":"c0724e9c-0dd4-4d47-992c-7bfe285fdd38","term":"2","command":"[]"} | ret=SUCCESS |  
2025-10-16 19:48:08,306 | INFO  | SCMAudit | user=runner | ip=127.0.0.1 | op=SEND_HEARTBEAT {"datanodeUUID":"e33e6ec4-6b66-4281-bedd-2bd75bd30070","term":"2","command":"[]"} | ret=SUCCESS |  
2025-10-16 19:48:08,307 | INFO  | SCMAudit | user=runner | ip=127.0.0.1 | op=SEND_HEARTBEAT {"datanodeUUID":"764b18f0-81c5-439a-9fff-25adc4f241fa","term":"2","command":"[]"} | ret=SUCCESS |  
2025-10-16 19:48:08,308 | INFO  | SCMAudit | user=runner | ip=127.0.0.1 | op=SEND_HEARTBEAT {"datanodeUUID":"0e8b6cc7-9945-4141-97fc-6aa017a0d5fa","term":"2","command":"[]"} | ret=SUCCESS |  
2025-10-16 19:48:08,350 | INFO  | OMAudit | user=runner | ip=127.0.0.1 | op=READ_VOLUME {"volume":"3b2c6f0d-8946-4ef4-a7ad-e59aed8ae510"} | ret=SUCCESS |  
2025-10-16 19:48:08,351 | INFO  | OMAudit | user=runner | ip=127.0.0.1 | op=READ_BUCKET {"volume":"3b2c6f0d-8946-4ef4-a7ad-e59aed8ae510","bucket":"364656e9-e9a8-4bbc-a4cf-44915b885528"} | ret=SUCCESS |  
2025-10-16 19:48:08,352 [ForkJoinPool-1-worker-1] INFO  rpc.RpcClient (RpcClient.java:createVolume(461)) - Creating Volume: adceb5dd-4933-43ad-9b3d-b8525c11641f, with runner as owner and space quota set to -1 bytes, counts quota set to -1
2025-10-16 19:48:08,354 [om1-OMStateMachineApplyTransactionThread - 0] INFO  volume.OMVolumeCreateRequest (OMVolumeCreateRequest.java:validateAndUpdateCache(213)) - created volume:adceb5dd-4933-43ad-9b3d-b8525c11641f for user:runner
2025-10-16 19:48:08,354 | INFO  | OMAudit | user=runner | ip=127.0.0.1 | op=CREATE_VOLUME {"admin":"runner","owner":"runner","volume":"adceb5dd-4933-43ad-9b3d-b8525c11641f","creationTime":"1760644088353","modificationTime":"1760644088353","quotaInBytes":"-1","quotaInNamespace":"-1","usedNamespace":"0","objectID":"-9223372036854687488","updateID":"345","Transaction":"345"} | ret=SUCCESS |  
2025-10-16 19:48:08,355 | INFO  | OMAudit | user=runner | ip=127.0.0.1 | op=READ_VOLUME {"volume":"adceb5dd-4933-43ad-9b3d-b8525c11641f"} | ret=SUCCESS |  
2025-10-16 19:48:08,355 [ForkJoinPool-1-worker-1] INFO  rpc.RpcClient (RpcClient.java:createBucket(686)) - Creating Bucket: adceb5dd-4933-43ad-9b3d-b8525c11641f/54e060fd-b732-4e23-9b07-abd82b167f58, with server-side default bucket layout, runner as owner, Versioning false, Storage Type set to DISK and Encryption set to false, Replication Type set to server-side default replication type, Namespace Quota set to -1, Space Quota set to -1 
2025-10-16 19:48:08,357 [om1-OMStateMachineApplyTransactionThread - 0] INFO  bucket.OMBucketCreateRequest (OMBucketCreateRequest.java:validateAndUpdateCache(303)) - created bucket: 54e060fd-b732-4e23-9b07-abd82b167f58 of layout FILE_SYSTEM_OPTIMIZED in volume: adceb5dd-4933-43ad-9b3d-b8525c11641f
2025-10-16 19:48:08,357 | INFO  | OMAudit | user=runner | ip=127.0.0.1 | op=CREATE_BUCKET {"volume":"adceb5dd-4933-43ad-9b3d-b8525c11641f","bucket":"54e060fd-b732-4e23-9b07-abd82b167f58","bucketLayout":"FILE_SYSTEM_OPTIMIZED","gdprEnabled":null,"acls":"[user:runner:a[ACCESS], group:runner:rl[ACCESS]]","isVersionEnabled":"false","storageType":"DISK","creationTime":"1760644088356","bucketEncryptionKey":null,"modificationTime":"1760644088356","usedBytes":"0","usedNamespace":"0","snapshotUsedBytes":"0","snapshotUsedNamespace":"0","owner":"runner","replicationType":null,"replicationConfig":null,"quotaInBytes":"-1","quotaInNamespace":"-1","Transaction":"346"} | ret=SUCCESS |  
2025-10-16 19:48:08,358 | INFO  | OMAudit | user=runner | ip=127.0.0.1 | op=READ_BUCKET {"volume":"adceb5dd-4933-43ad-9b3d-b8525c11641f","bucket":"54e060fd-b732-4e23-9b07-abd82b167f58"} | ret=SUCCESS |  
2025-10-16 19:48:08,373 | INFO  | OMAudit | user=runner | ip=127.0.0.1 | op=READ_BUCKET {"volume":"adceb5dd-4933-43ad-9b3d-b8525c11641f","bucket":"54e060fd-b732-4e23-9b07-abd82b167f58"} | ret=SUCCESS |  
2025-10-16 19:48:08,376 | INFO  | SCMAudit | user=runner | ip=127.0.0.1 | op=ALLOCATE_BLOCK {"replication":"EC{rs-3-2-1024k}","owner":"omServiceIdDefault","size":"4194304","sampleBlocks":"[conID: 24 locID: 115816896921600116]","num":"1","client":"","allocated":"1"} | ret=SUCCESS |  
2025-10-16 19:48:08,383 | INFO  | OMAudit | user=runner | ip=127.0.0.1 | op=ALLOCATE_KEY {"volume":"adceb5dd-4933-43ad-9b3d-b8525c11641f","bucket":"54e060fd-b732-4e23-9b07-abd82b167f58","key":"bfe5ca53-32af-40f1-8f4d-636ce761867b","dataSize":"4194305","replicationType":"EC","replicationConfig":"rs-3-2-1048576","Transaction":"347"} | ret=SUCCESS |  
2025-10-16 19:48:08,387 | INFO  | OMAudit | user=runner | ip=127.0.0.1 | op=READ_VOLUME {"volume":"adceb5dd-4933-43ad-9b3d-b8525c11641f"} | ret=SUCCESS |  
2025-10-16 19:48:08,388 | INFO  | OMAudit | user=runner | ip=127.0.0.1 | op=READ_BUCKET {"volume":"adceb5dd-4933-43ad-9b3d-b8525c11641f","bucket":"54e060fd-b732-4e23-9b07-abd82b167f58"} | ret=SUCCESS |  
2025-10-16 19:48:08,453 | INFO  | OMAudit | user=runner | ip=127.0.0.1 | op=COMMIT_KEY {"volume":"adceb5dd-4933-43ad-9b3d-b8525c11641f","bucket":"54e060fd-b732-4e23-9b07-abd82b167f58","key":"bfe5ca53-32af-40f1-8f4d-636ce761867b","dataSize":"4194305","replicationType":"EC","replicationConfig":"rs-3-2-1048576","Transaction":"348"} | ret=SUCCESS |  
2025-10-16 19:48:08,459 | INFO  | OMAudit | user=runner | ip=127.0.0.1 | op=READ_VOLUME {"volume":"adceb5dd-4933-43ad-9b3d-b8525c11641f"} | ret=SUCCESS |  
2025-10-16 19:48:08,461 | INFO  | OMAudit | user=runner | ip=127.0.0.1 | op=READ_BUCKET {"volume":"adceb5dd-4933-43ad-9b3d-b8525c11641f","bucket":"54e060fd-b732-4e23-9b07-abd82b167f58"} | ret=SUCCESS |  
2025-10-16 19:48:08,463 | INFO  | OMAudit | user=runner | ip=127.0.0.1 | op=READ_BUCKET {"volume":"adceb5dd-4933-43ad-9b3d-b8525c11641f","bucket":"54e060fd-b732-4e23-9b07-abd82b167f58"} | ret=SUCCESS |  
2025-10-16 19:48:08,464 | INFO  | SCMAudit | user=runner | ip=127.0.0.1 | op=ALLOCATE_BLOCK {"replication":"EC{rs-3-2-1024k}","owner":"omServiceIdDefault","size":"4194304","sampleBlocks":"[conID: 22 locID: 115816896921600117]","num":"1","client":"","allocated":"1"} | ret=SUCCESS |  
2025-10-16 19:48:08,471 | INFO  | OMAudit | user=runner | ip=127.0.0.1 | op=ALLOCATE_KEY {"volume":"adceb5dd-4933-43ad-9b3d-b8525c11641f","bucket":"54e060fd-b732-4e23-9b07-abd82b167f58","key":"bfe5ca53-32af-40f1-8f4d-636ce761867b","dataSize":"4194305","replicationType":"EC","replicationConfig":"rs-3-2-1048576","Transaction":"349"} | ret=SUCCESS |  
2025-10-16 19:48:08,475 | INFO  | OMAudit | user=runner | ip=127.0.0.1 | op=READ_VOLUME {"volume":"adceb5dd-4933-43ad-9b3d-b8525c11641f"} | ret=SUCCESS |  
2025-10-16 19:48:08,477 | INFO  | OMAudit | user=runner | ip=127.0.0.1 | op=READ_BUCKET {"volume":"adceb5dd-4933-43ad-9b3d-b8525c11641f","bucket":"54e060fd-b732-4e23-9b07-abd82b167f58"} | ret=SUCCESS |  
2025-10-16 19:48:08,576 | INFO  | OMAudit | user=runner | ip=127.0.0.1 | op=COMMIT_KEY {"volume":"adceb5dd-4933-43ad-9b3d-b8525c11641f","bucket":"54e060fd-b732-4e23-9b07-abd82b167f58","key":"bfe5ca53-32af-40f1-8f4d-636ce761867b","dataSize":"4194305","replicationType":"EC","replicationConfig":"rs-3-2-1048576","Transaction":"350"} | ret=SUCCESS |  
2025-10-16 19:48:08,579 | INFO  | OMAudit | user=runner | ip=127.0.0.1 | op=READ_VOLUME {"volume":"adceb5dd-4933-43ad-9b3d-b8525c11641f"} | ret=SUCCESS |  
2025-10-16 19:48:08,581 | INFO  | OMAudit | user=runner | ip=127.0.0.1 | op=READ_BUCKET {"volume":"adceb5dd-4933-43ad-9b3d-b8525c11641f","bucket":"54e060fd-b732-4e23-9b07-abd82b167f58"} | ret=SUCCESS |  
2025-10-16 19:48:08,706 | INFO  | SCMAudit | user=runner | ip=127.0.0.1 | op=SEND_HEARTBEAT {"datanodeUUID":"757ca056-973f-4f05-ab2d-6aff6c54d452","term":"2","command":"[]"} | ret=SUCCESS |  
2025-10-16 19:48:08,727 | INFO  | SCMAudit | user=runner | ip=127.0.0.1 | op=SEND_HEARTBEAT {"datanodeUUID":"702cb173-5c73-4ecc-b5cd-c7b4a6b66aea","term":"2","command":"[]"} | ret=SUCCESS |  
2025-10-16 19:48:08,915 | INFO  | SCMAudit | user=runner | ip=127.0.0.1 | op=SEND_HEARTBEAT {"datanodeUUID":"f700af26-0e26-4136-9205-9509c82c8c70","term":"2","command":"[]"} | ret=SUCCESS |  
2025-10-16 19:48:08,933 | INFO  | SCMAudit | user=runner | ip=127.0.0.1 | op=SEND_HEARTBEAT {"datanodeUUID":"aa213937-adc5-47da-a770-0ee1e4664344","term":"2","command":"[]"} | ret=SUCCESS |  
2025-10-16 19:48:09,003 | INFO  | SCMAudit | user=runner | ip=127.0.0.1 | op=SEND_HEARTBEAT {"datanodeUUID":"8a0fa2ff-b550-4652-b2fe-0cf91cd4a157","term":"2","command":"[]"} | ret=SUCCESS |  
2025-10-16 19:48:09,122 | INFO  | SCMAudit | user=runner | ip=127.0.0.1 | op=SEND_HEARTBEAT {"datanodeUUID":"58cff6b7-b2a7-446b-a75a-bb98ad6b11b8","term":"2","command":"[]"} | ret=SUCCESS |  
2025-10-16 19:48:09,123 | INFO  | SCMAudit | user=runner | ip=127.0.0.1 | op=SEND_HEARTBEAT {"datanodeUUID":"e072d245-7694-4d97-8e20-c503ebf8c2fe","term":"2","command":"[]"} | ret=SUCCESS |  
2025-10-16 19:48:09,124 | INFO  | SCMAudit | user=runner | ip=127.0.0.1 | op=SEND_HEARTBEAT {"datanodeUUID":"8a3c3252-9afe-4d3a-8492-25be6557678a","term":"2","command":"[]"} | ret=SUCCESS |  
2025-10-16 19:48:09,125 | INFO  | SCMAudit | user=runner | ip=127.0.0.1 | op=SEND_HEARTBEAT {"datanodeUUID":"0428ab3f-efd5-438e-ae11-9ec242443260","term":"2","command":"[]"} | ret=SUCCESS |  
2025-10-16 19:48:09,304 | INFO  | SCMAudit | user=runner | ip=127.0.0.1 | op=SEND_HEARTBEAT {"datanodeUUID":"76d4ba71-5bbb-4b24-8f51-8bc7f78aaca4","term":"2","command":"[]"} | ret=SUCCESS |  
2025-10-16 19:48:09,304 | INFO  | SCMAudit | user=runner | ip=127.0.0.1 | op=SEND_HEARTBEAT {"datanodeUUID":"c0724e9c-0dd4-4d47-992c-7bfe285fdd38","term":"2","command":"[]"} | ret=SUCCESS |  
2025-10-16 19:48:09,305 | INFO  | SCMAudit | user=runner | ip=127.0.0.1 | op=SEND_HEARTBEAT {"datanodeUUID":"e33e6ec4-6b66-4281-bedd-2bd75bd30070","term":"2","command":"[]"} | ret=SUCCESS |  
2025-10-16 19:48:09,307 | INFO  | SCMAudit | user=runner | ip=127.0.0.1 | op=SEND_HEARTBEAT {"datanodeUUID":"764b18f0-81c5-439a-9fff-25adc4f241fa","term":"2","command":"[]"} | ret=SUCCESS |  
2025-10-16 19:48:09,308 | INFO  | SCMAudit | user=runner | ip=127.0.0.1 | op=SEND_HEARTBEAT {"datanodeUUID":"0e8b6cc7-9945-4141-97fc-6aa017a0d5fa","term":"2","command":"[]"} | ret=SUCCESS |  
2025-10-16 19:48:09,370 [om1-KeyDeletingService#3] INFO  service.KeyDeletingService (KeyDeletingService.java:processKeyDeletes(151)) - Send 1 key(s) to SCM, first 1 keys: [PurgedKey{blockGroup=BlockGroup[groupID='/adceb5dd-4933-43ad-9b3d-b8525c11641f/54e060fd-b732-4e23-9b07-abd82b167f58/bfe5ca53-32af-40f1-8f4d-636ce761867b/-9223372036854686208/0', blockIDs=[conID: 24 locID: 115816896921600116 bcsId: 0 replicaIndex: null]], volume='adceb5dd-4933-43ad-9b3d-b8525c11641f', bucket='54e060fd-b732-4e23-9b07-abd82b167f58', bucketId=-9223372036854687232, purgedBytes=8388609, isCommittedKey=true, deleteKeyName='/adceb5dd-4933-43ad-9b3d-b8525c11641f/54e060fd-b732-4e23-9b07-abd82b167f58/bfe5ca53-32af-40f1-8f4d-636ce761867b/-9223372036854686208'}]
2025-10-16 19:48:09,373 | INFO  | SCMAudit | user=runner | ip=127.0.0.1 | op=DELETE_KEY_BLOCK {"KeyBlockToDelete":"[BlockGroup[groupID='/adceb5dd-4933-43ad-9b3d-b8525c11641f/54e060fd-b732-4e23-9b07-abd82b167f58/bfe5ca53-32af-40f1-8f4d-636ce761867b/-9223372036854686208/0', blockIDs=[conID: 24 locID: 115816896921600116 bcsId: 0 replicaIndex: null]]]"} | ret=SUCCESS |  
2025-10-16 19:48:09,374 [om1-KeyDeletingService#3] INFO  service.KeyDeletingService (KeyDeletingService.java:processKeyDeletes(158)) - 1 BlockGroup deletion are acked by SCM in 4 ms
2025-10-16 19:48:09,375 [om1-KeyDeletingService#3] INFO  service.KeyDeletingService (KeyDeletingService.java:processKeyDeletes(166)) - Blocks for 1 (out of 1) keys are deleted from DB in 2 ms. Limit per task is 50000.
2025-10-16 19:48:09,583 | INFO  | OMAudit | user=runner | ip=127.0.0.1 | op=READ_VOLUME {"volume":"adceb5dd-4933-43ad-9b3d-b8525c11641f"} | ret=SUCCESS |  
2025-10-16 19:48:09,584 | INFO  | OMAudit | user=runner | ip=127.0.0.1 | op=READ_BUCKET {"volume":"adceb5dd-4933-43ad-9b3d-b8525c11641f","bucket":"54e060fd-b732-4e23-9b07-abd82b167f58"} | ret=SUCCESS |  
2025-10-16 19:48:09,587 | INFO  | OMAudit | user=runner | ip=127.0.0.1 | op=DELETE_KEY {"volume":"adceb5dd-4933-43ad-9b3d-b8525c11641f","bucket":"54e060fd-b732-4e23-9b07-abd82b167f58","key":"bfe5ca53-32af-40f1-8f4d-636ce761867b","dataSize":"4194305","replicationConfig":"EC{rs-3-2-1024k}","Transaction":"352"} | ret=SUCCESS |  
2025-10-16 19:48:09,588 | INFO  | OMAudit | user=runner | ip=127.0.0.1 | op=READ_VOLUME {"volume":"adceb5dd-4933-43ad-9b3d-b8525c11641f"} | ret=SUCCESS |  
2025-10-16 19:48:09,589 | INFO  | OMAudit | user=runner | ip=127.0.0.1 | op=READ_BUCKET {"volume":"adceb5dd-4933-43ad-9b3d-b8525c11641f","bucket":"54e060fd-b732-4e23-9b07-abd82b167f58"} | ret=SUCCESS |  
2025-10-16 19:48:09,705 | INFO  | SCMAudit | user=runner | ip=127.0.0.1 | op=SEND_HEARTBEAT {"datanodeUUID":"757ca056-973f-4f05-ab2d-6aff6c54d452","term":"2","command":"[]"} | ret=SUCCESS |  
2025-10-16 19:48:09,727 | INFO  | SCMAudit | user=runner | ip=127.0.0.1 | op=SEND_HEARTBEAT {"datanodeUUID":"702cb173-5c73-4ecc-b5cd-c7b4a6b66aea","term":"2","command":"[]"} | ret=SUCCESS |  
2025-10-16 19:48:09,915 | INFO  | SCMAudit | user=runner | ip=127.0.0.1 | op=SEND_HEARTBEAT {"datanodeUUID":"f700af26-0e26-4136-9205-9509c82c8c70","term":"2","command":"[]"} | ret=SUCCESS |  
2025-10-16 19:48:09,933 | INFO  | SCMAudit | user=runner | ip=127.0.0.1 | op=SEND_HEARTBEAT {"datanodeUUID":"aa213937-adc5-47da-a770-0ee1e4664344","term":"2","command":"[]"} | ret=SUCCESS |  
2025-10-16 19:48:10,004 | INFO  | SCMAudit | user=runner | ip=127.0.0.1 | op=SEND_HEARTBEAT {"datanodeUUID":"8a0fa2ff-b550-4652-b2fe-0cf91cd4a157","term":"2","command":"[]"} | ret=SUCCESS |  
2025-10-16 19:48:10,122 | INFO  | SCMAudit | user=runner | ip=127.0.0.1 | op=SEND_HEARTBEAT {"datanodeUUID":"58cff6b7-b2a7-446b-a75a-bb98ad6b11b8","term":"2","command":"[]"} | ret=SUCCESS |  
2025-10-16 19:48:10,123 | INFO  | SCMAudit | user=runner | ip=127.0.0.1 | op=SEND_HEARTBEAT {"datanodeUUID":"e072d245-7694-4d97-8e20-c503ebf8c2fe","term":"2","command":"[]"} | ret=SUCCESS |  
2025-10-16 19:48:10,124 | INFO  | SCMAudit | user=runner | ip=127.0.0.1 | op=SEND_HEARTBEAT {"datanodeUUID":"8a3c3252-9afe-4d3a-8492-25be6557678a","term":"2","command":"[]"} | ret=SUCCESS |  
2025-10-16 19:48:10,125 | INFO  | SCMAudit | user=runner | ip=127.0.0.1 | op=SEND_HEARTBEAT {"datanodeUUID":"0428ab3f-efd5-438e-ae11-9ec242443260","term":"2","command":"[]"} | ret=SUCCESS |  
2025-10-16 19:48:10,304 | INFO  | SCMAudit | user=runner | ip=127.0.0.1 | op=SEND_HEARTBEAT {"datanodeUUID":"c0724e9c-0dd4-4d47-992c-7bfe285fdd38","term":"2","command":"[]"} | ret=SUCCESS |  
2025-10-16 19:48:10,304 | INFO  | SCMAudit | user=runner | ip=127.0.0.1 | op=SEND_HEARTBEAT {"datanodeUUID":"76d4ba71-5bbb-4b24-8f51-8bc7f78aaca4","term":"2","command":"[]"} | ret=SUCCESS |  
2025-10-16 19:48:10,305 | INFO  | SCMAudit | user=runner | ip=127.0.0.1 | op=SEND_HEARTBEAT {"datanodeUUID":"e33e6ec4-6b66-4281-bedd-2bd75bd30070","term":"2","command":"[]"} | ret=SUCCESS |  
2025-10-16 19:48:10,307 | INFO  | SCMAudit | user=runner | ip=127.0.0.1 | op=SEND_HEARTBEAT {"datanodeUUID":"764b18f0-81c5-439a-9fff-25adc4f241fa","term":"2","command":"[]"} | ret=SUCCESS |  
2025-10-16 19:48:10,309 | INFO  | SCMAudit | user=runner | ip=127.0.0.1 | op=SEND_HEARTBEAT {"datanodeUUID":"0e8b6cc7-9945-4141-97fc-6aa017a0d5fa","term":"2","command":"[]"} | ret=SUCCESS |  
2025-10-16 19:48:10,370 [om1-KeyDeletingService#5] INFO  service.KeyDeletingService (KeyDeletingService.java:processKeyDeletes(151)) - Send 1 key(s) to SCM, first 1 keys: [PurgedKey{blockGroup=BlockGroup[groupID='/adceb5dd-4933-43ad-9b3d-b8525c11641f/54e060fd-b732-4e23-9b07-abd82b167f58/bfe5ca53-32af-40f1-8f4d-636ce761867b/-9223372036854686975/0', blockIDs=[conID: 22 locID: 115816896921600117 bcsId: 0 replicaIndex: null]], volume='adceb5dd-4933-43ad-9b3d-b8525c11641f', bucket='54e060fd-b732-4e23-9b07-abd82b167f58', bucketId=-9223372036854687232, purgedBytes=8388609, isCommittedKey=true, deleteKeyName='/adceb5dd-4933-43ad-9b3d-b8525c11641f/54e060fd-b732-4e23-9b07-abd82b167f58/bfe5ca53-32af-40f1-8f4d-636ce761867b/-9223372036854686975'}]
2025-10-16 19:48:10,372 | INFO  | SCMAudit | user=runner | ip=127.0.0.1 | op=DELETE_KEY_BLOCK {"KeyBlockToDelete":"[BlockGroup[groupID='/adceb5dd-4933-43ad-9b3d-b8525c11641f/54e060fd-b732-4e23-9b07-abd82b167f58/bfe5ca53-32af-40f1-8f4d-636ce761867b/-9223372036854686975/0', blockIDs=[conID: 22 locID: 115816896921600117 bcsId: 0 replicaIndex: null]]]"} | ret=SUCCESS |  
2025-10-16 19:48:10,373 [om1-KeyDeletingService#5] INFO  service.KeyDeletingService (KeyDeletingService.java:processKeyDeletes(158)) - 1 BlockGroup deletion are acked by SCM in 3 ms
2025-10-16 19:48:10,374 [om1-KeyDeletingService#5] INFO  service.KeyDeletingService (KeyDeletingService.java:processKeyDeletes(166)) - Blocks for 1 (out of 1) keys are deleted from DB in 1 ms. Limit per task is 50000.
2025-10-16 19:48:10,590 | INFO  | OMAudit | user=runner | ip=127.0.0.1 | op=READ_VOLUME {"volume":"adceb5dd-4933-43ad-9b3d-b8525c11641f"} | ret=SUCCESS |  
2025-10-16 19:48:10,591 | INFO  | OMAudit | user=runner | ip=127.0.0.1 | op=READ_BUCKET {"volume":"adceb5dd-4933-43ad-9b3d-b8525c11641f","bucket":"54e060fd-b732-4e23-9b07-abd82b167f58"} | ret=SUCCESS |  
2025-10-16 19:48:10,592 [ForkJoinPool-1-worker-1] INFO  rpc.RpcClient (RpcClient.java:createVolume(461)) - Creating Volume: beb8fed7-bec2-400c-b167-f8086c9502ae, with runner as owner and space quota set to -1 bytes, counts quota set to -1
2025-10-16 19:48:10,594 [om1-OMStateMachineApplyTransactionThread - 0] INFO  volume.OMVolumeCreateRequest (OMVolumeCreateRequest.java:validateAndUpdateCache(213)) - created volume:beb8fed7-bec2-400c-b167-f8086c9502ae for user:runner
2025-10-16 19:48:10,594 | INFO  | OMAudit | user=runner | ip=127.0.0.1 | op=CREATE_VOLUME {"admin":"runner","owner":"runner","volume":"beb8fed7-bec2-400c-b167-f8086c9502ae","creationTime":"1760644090592","modificationTime":"1760644090592","quotaInBytes":"-1","quotaInNamespace":"-1","usedNamespace":"0","objectID":"-9223372036854685184","updateID":"354","Transaction":"354"} | ret=SUCCESS |  
2025-10-16 19:48:10,595 | INFO  | OMAudit | user=runner | ip=127.0.0.1 | op=READ_VOLUME {"volume":"beb8fed7-bec2-400c-b167-f8086c9502ae"} | ret=SUCCESS |  
2025-10-16 19:48:10,595 [ForkJoinPool-1-worker-1] INFO  rpc.RpcClient (RpcClient.java:createBucket(686)) - Creating Bucket: beb8fed7-bec2-400c-b167-f8086c9502ae/19b99ff9-bafe-4e5f-9d9f-5de465b5c769, with server-side default bucket layout, runner as owner, Versioning false, Storage Type set to DISK and Encryption set to false, Replication Type set to server-side default replication type, Namespace Quota set to -1, Space Quota set to -1 
2025-10-16 19:48:10,596 [om1-OMStateMachineApplyTransactionThread - 0] INFO  bucket.OMBucketCreateRequest (OMBucketCreateRequest.java:validateAndUpdateCache(303)) - created bucket: 19b99ff9-bafe-4e5f-9d9f-5de465b5c769 of layout FILE_SYSTEM_OPTIMIZED in volume: beb8fed7-bec2-400c-b167-f8086c9502ae
2025-10-16 19:48:10,597 | INFO  | OMAudit | user=runner | ip=127.0.0.1 | op=CREATE_BUCKET {"volume":"beb8fed7-bec2-400c-b167-f8086c9502ae","bucket":"19b99ff9-bafe-4e5f-9d9f-5de465b5c769","bucketLayout":"FILE_SYSTEM_OPTIMIZED","gdprEnabled":null,"acls":"[user:runner:a[ACCESS], group:runner:rl[ACCESS]]","isVersionEnabled":"false","storageType":"DISK","creationTime":"1760644090596","bucketEncryptionKey":null,"modificationTime":"1760644090596","usedBytes":"0","usedNamespace":"0","snapshotUsedBytes":"0","snapshotUsedNamespace":"0","owner":"runner","replicationType":null,"replicationConfig":null,"quotaInBytes":"-1","quotaInNamespace":"-1","Transaction":"355"} | ret=SUCCESS |  
2025-10-16 19:48:10,599 | INFO  | OMAudit | user=runner | ip=127.0.0.1 | op=READ_BUCKET {"volume":"beb8fed7-bec2-400c-b167-f8086c9502ae","bucket":"19b99ff9-bafe-4e5f-9d9f-5de465b5c769"} | ret=SUCCESS |  
2025-10-16 19:48:10,600 | INFO  | OMAudit | user=runner | ip=127.0.0.1 | op=READ_BUCKET {"volume":"beb8fed7-bec2-400c-b167-f8086c9502ae","bucket":"19b99ff9-bafe-4e5f-9d9f-5de465b5c769"} | ret=SUCCESS |  
2025-10-16 19:48:10,601 | INFO  | SCMAudit | user=runner | ip=127.0.0.1 | op=ALLOCATE_BLOCK {"replication":"EC{rs-3-2-1024k}","owner":"omServiceIdDefault","size":"4194304","sampleBlocks":"[conID: 26 locID: 115816896921600118]","num":"1","client":"","allocated":"1"} | ret=SUCCESS |  
2025-10-16 19:48:10,605 | INFO  | OMAudit | user=runner | ip=127.0.0.1 | op=ALLOCATE_KEY {"volume":"beb8fed7-bec2-400c-b167-f8086c9502ae","bucket":"19b99ff9-bafe-4e5f-9d9f-5de465b5c769","key":"de98194c-52ec-4c3e-abe3-cd9f51cc5bfe","dataSize":"8388608","replicationType":"EC","replicationConfig":"rs-3-2-1048576","Transaction":"356"} | ret=SUCCESS |  
2025-10-16 19:48:10,607 | INFO  | OMAudit | user=runner | ip=127.0.0.1 | op=READ_VOLUME {"volume":"beb8fed7-bec2-400c-b167-f8086c9502ae"} | ret=SUCCESS |  
2025-10-16 19:48:10,607 | INFO  | OMAudit | user=runner | ip=127.0.0.1 | op=READ_BUCKET {"volume":"beb8fed7-bec2-400c-b167-f8086c9502ae","bucket":"19b99ff9-bafe-4e5f-9d9f-5de465b5c769"} | ret=SUCCESS |  
2025-10-16 19:48:10,682 | INFO  | OMAudit | user=runner | ip=127.0.0.1 | op=COMMIT_KEY {"volume":"beb8fed7-bec2-400c-b167-f8086c9502ae","bucket":"19b99ff9-bafe-4e5f-9d9f-5de465b5c769","key":"de98194c-52ec-4c3e-abe3-cd9f51cc5bfe","dataSize":"8388608","replicationType":"EC","replicationConfig":"rs-3-2-1048576","Transaction":"357"} | ret=SUCCESS |  
2025-10-16 19:48:10,684 | INFO  | OMAudit | user=runner | ip=127.0.0.1 | op=READ_VOLUME {"volume":"beb8fed7-bec2-400c-b167-f8086c9502ae"} | ret=SUCCESS |  
2025-10-16 19:48:10,685 | INFO  | OMAudit | user=runner | ip=127.0.0.1 | op=READ_BUCKET {"volume":"beb8fed7-bec2-400c-b167-f8086c9502ae","bucket":"19b99ff9-bafe-4e5f-9d9f-5de465b5c769"} | ret=SUCCESS |  
2025-10-16 19:48:10,686 | INFO  | OMAudit | user=runner | ip=127.0.0.1 | op=READ_BUCKET {"volume":"beb8fed7-bec2-400c-b167-f8086c9502ae","bucket":"19b99ff9-bafe-4e5f-9d9f-5de465b5c769"} | ret=SUCCESS |  
2025-10-16 19:48:10,688 | INFO  | SCMAudit | user=runner | ip=127.0.0.1 | op=ALLOCATE_BLOCK {"replication":"EC{rs-3-2-1024k}","owner":"omServiceIdDefault","size":"4194304","sampleBlocks":"[conID: 25 locID: 115816896921600119]","num":"1","client":"","allocated":"1"} | ret=SUCCESS |  
2025-10-16 19:48:10,691 | INFO  | OMAudit | user=runner | ip=127.0.0.1 | op=ALLOCATE_KEY {"volume":"beb8fed7-bec2-400c-b167-f8086c9502ae","bucket":"19b99ff9-bafe-4e5f-9d9f-5de465b5c769","key":"de98194c-52ec-4c3e-abe3-cd9f51cc5bfe","dataSize":"8388608","replicationType":"EC","replicationConfig":"rs-3-2-1048576","Transaction":"358"} | ret=SUCCESS |  
2025-10-16 19:48:10,694 | INFO  | OMAudit | user=runner | ip=127.0.0.1 | op=READ_VOLUME {"volume":"beb8fed7-bec2-400c-b167-f8086c9502ae"} | ret=SUCCESS |  
2025-10-16 19:48:10,696 | INFO  | OMAudit | user=runner | ip=127.0.0.1 | op=READ_BUCKET {"volume":"beb8fed7-bec2-400c-b167-f8086c9502ae","bucket":"19b99ff9-bafe-4e5f-9d9f-5de465b5c769"} | ret=SUCCESS |  
2025-10-16 19:48:10,711 | INFO  | SCMAudit | user=runner | ip=127.0.0.1 | op=SEND_HEARTBEAT {"datanodeUUID":"757ca056-973f-4f05-ab2d-6aff6c54d452","term":"2","command":"[]"} | ret=SUCCESS |  
2025-10-16 19:48:10,728 | INFO  | SCMAudit | user=runner | ip=127.0.0.1 | op=SEND_HEARTBEAT {"datanodeUUID":"702cb173-5c73-4ecc-b5cd-c7b4a6b66aea","term":"2","command":"[]"} | ret=SUCCESS |  
2025-10-16 19:48:10,765 | INFO  | OMAudit | user=runner | ip=127.0.0.1 | op=COMMIT_KEY {"volume":"beb8fed7-bec2-400c-b167-f8086c9502ae","bucket":"19b99ff9-bafe-4e5f-9d9f-5de465b5c769","key":"de98194c-52ec-4c3e-abe3-cd9f51cc5bfe","dataSize":"8388608","replicationType":"EC","replicationConfig":"rs-3-2-1048576","Transaction":"359"} | ret=SUCCESS |  
2025-10-16 19:48:10,767 | INFO  | OMAudit | user=runner | ip=127.0.0.1 | op=READ_VOLUME {"volume":"beb8fed7-bec2-400c-b167-f8086c9502ae"} | ret=SUCCESS |  
2025-10-16 19:48:10,768 | INFO  | OMAudit | user=runner | ip=127.0.0.1 | op=READ_BUCKET {"volume":"beb8fed7-bec2-400c-b167-f8086c9502ae","bucket":"19b99ff9-bafe-4e5f-9d9f-5de465b5c769"} | ret=SUCCESS |  
2025-10-16 19:48:10,915 | INFO  | SCMAudit | user=runner | ip=127.0.0.1 | op=SEND_HEARTBEAT {"datanodeUUID":"f700af26-0e26-4136-9205-9509c82c8c70","term":"2","command":"[]"} | ret=SUCCESS |  
2025-10-16 19:48:10,933 | INFO  | SCMAudit | user=runner | ip=127.0.0.1 | op=SEND_HEARTBEAT {"datanodeUUID":"aa213937-adc5-47da-a770-0ee1e4664344","term":"2","command":"[]"} | ret=SUCCESS |  
2025-10-16 19:48:11,004 | INFO  | SCMAudit | user=runner | ip=127.0.0.1 | op=SEND_HEARTBEAT {"datanodeUUID":"8a0fa2ff-b550-4652-b2fe-0cf91cd4a157","term":"2","command":"[]"} | ret=SUCCESS |  
2025-10-16 19:48:11,123 | INFO  | SCMAudit | user=runner | ip=127.0.0.1 | op=SEND_HEARTBEAT {"datanodeUUID":"58cff6b7-b2a7-446b-a75a-bb98ad6b11b8","term":"2","command":"[]"} | ret=SUCCESS |  
2025-10-16 19:48:11,123 | INFO  | SCMAudit | user=runner | ip=127.0.0.1 | op=SEND_HEARTBEAT {"datanodeUUID":"e072d245-7694-4d97-8e20-c503ebf8c2fe","term":"2","command":"[]"} | ret=SUCCESS |  
2025-10-16 19:48:11,124 | INFO  | SCMAudit | user=runner | ip=127.0.0.1 | op=SEND_HEARTBEAT {"datanodeUUID":"8a3c3252-9afe-4d3a-8492-25be6557678a","term":"2","command":"[]"} | ret=SUCCESS |  
2025-10-16 19:48:11,125 | INFO  | SCMAudit | user=runner | ip=127.0.0.1 | op=SEND_HEARTBEAT {"datanodeUUID":"0428ab3f-efd5-438e-ae11-9ec242443260","term":"2","command":"[]"} | ret=SUCCESS |  
2025-10-16 19:48:11,303 | INFO  | SCMAudit | user=runner | ip=127.0.0.1 | op=SEND_HEARTBEAT {"datanodeUUID":"76d4ba71-5bbb-4b24-8f51-8bc7f78aaca4","term":"2","command":"[]"} | ret=SUCCESS |  
2025-10-16 19:48:11,304 | INFO  | SCMAudit | user=runner | ip=127.0.0.1 | op=SEND_HEARTBEAT {"datanodeUUID":"c0724e9c-0dd4-4d47-992c-7bfe285fdd38","term":"2","command":"[]"} | ret=SUCCESS |  
2025-10-16 19:48:11,305 | INFO  | SCMAudit | user=runner | ip=127.0.0.1 | op=SEND_HEARTBEAT {"datanodeUUID":"e33e6ec4-6b66-4281-bedd-2bd75bd30070","term":"2","command":"[]"} | ret=SUCCESS |  
2025-10-16 19:48:11,308 | INFO  | SCMAudit | user=runner | ip=127.0.0.1 | op=SEND_HEARTBEAT {"datanodeUUID":"764b18f0-81c5-439a-9fff-25adc4f241fa","term":"2","command":"[]"} | ret=SUCCESS |  
2025-10-16 19:48:11,308 | INFO  | SCMAudit | user=runner | ip=127.0.0.1 | op=SEND_HEARTBEAT {"datanodeUUID":"0e8b6cc7-9945-4141-97fc-6aa017a0d5fa","term":"2","command":"[]"} | ret=SUCCESS |  
2025-10-16 19:48:11,370 [om1-KeyDeletingService#8] INFO  service.KeyDeletingService (KeyDeletingService.java:processKeyDeletes(151)) - Send 1 key(s) to SCM, first 1 keys: [PurgedKey{blockGroup=BlockGroup[groupID='/beb8fed7-bec2-400c-b167-f8086c9502ae/19b99ff9-bafe-4e5f-9d9f-5de465b5c769/de98194c-52ec-4c3e-abe3-cd9f51cc5bfe/-9223372036854683904/0', blockIDs=[conID: 26 locID: 115816896921600118 bcsId: 0 replicaIndex: null]], volume='beb8fed7-bec2-400c-b167-f8086c9502ae', bucket='19b99ff9-bafe-4e5f-9d9f-5de465b5c769', bucketId=-9223372036854684928, purgedBytes=14680064, isCommittedKey=true, deleteKeyName='/beb8fed7-bec2-400c-b167-f8086c9502ae/19b99ff9-bafe-4e5f-9d9f-5de465b5c769/de98194c-52ec-4c3e-abe3-cd9f51cc5bfe/-9223372036854683904'}]
2025-10-16 19:48:11,372 | INFO  | SCMAudit | user=runner | ip=127.0.0.1 | op=DELETE_KEY_BLOCK {"KeyBlockToDelete":"[BlockGroup[groupID='/beb8fed7-bec2-400c-b167-f8086c9502ae/19b99ff9-bafe-4e5f-9d9f-5de465b5c769/de98194c-52ec-4c3e-abe3-cd9f51cc5bfe/-9223372036854683904/0', blockIDs=[conID: 26 locID: 115816896921600118 bcsId: 0 replicaIndex: null]]]"} | ret=SUCCESS |  
2025-10-16 19:48:11,373 [om1-KeyDeletingService#8] INFO  service.KeyDeletingService (KeyDeletingService.java:processKeyDeletes(158)) - 1 BlockGroup deletion are acked by SCM in 3 ms
2025-10-16 19:48:11,374 [om1-KeyDeletingService#8] INFO  service.KeyDeletingService (KeyDeletingService.java:processKeyDeletes(166)) - Blocks for 1 (out of 1) keys are deleted from DB in 1 ms. Limit per task is 50000.
2025-10-16 19:48:11,707 | INFO  | SCMAudit | user=runner | ip=127.0.0.1 | op=SEND_HEARTBEAT {"datanodeUUID":"757ca056-973f-4f05-ab2d-6aff6c54d452","term":"2","command":"[]"} | ret=SUCCESS |  
2025-10-16 19:48:11,728 | INFO  | SCMAudit | user=runner | ip=127.0.0.1 | op=SEND_HEARTBEAT {"datanodeUUID":"702cb173-5c73-4ecc-b5cd-c7b4a6b66aea","term":"2","command":"[]"} | ret=SUCCESS |  
2025-10-16 19:48:11,769 | INFO  | OMAudit | user=runner | ip=127.0.0.1 | op=READ_VOLUME {"volume":"beb8fed7-bec2-400c-b167-f8086c9502ae"} | ret=SUCCESS |  
2025-10-16 19:48:11,770 | INFO  | OMAudit | user=runner | ip=127.0.0.1 | op=READ_BUCKET {"volume":"beb8fed7-bec2-400c-b167-f8086c9502ae","bucket":"19b99ff9-bafe-4e5f-9d9f-5de465b5c769"} | ret=SUCCESS |  
2025-10-16 19:48:11,772 | INFO  | OMAudit | user=runner | ip=127.0.0.1 | op=DELETE_KEY {"volume":"beb8fed7-bec2-400c-b167-f8086c9502ae","bucket":"19b99ff9-bafe-4e5f-9d9f-5de465b5c769","key":"de98194c-52ec-4c3e-abe3-cd9f51cc5bfe","dataSize":"8388608","replicationConfig":"EC{rs-3-2-1024k}","Transaction":"361"} | ret=SUCCESS |  
2025-10-16 19:48:11,773 | INFO  | OMAudit | user=runner | ip=127.0.0.1 | op=READ_VOLUME {"volume":"beb8fed7-bec2-400c-b167-f8086c9502ae"} | ret=SUCCESS |  
2025-10-16 19:48:11,774 | INFO  | OMAudit | user=runner | ip=127.0.0.1 | op=READ_BUCKET {"volume":"beb8fed7-bec2-400c-b167-f8086c9502ae","bucket":"19b99ff9-bafe-4e5f-9d9f-5de465b5c769"} | ret=SUCCESS |  
2025-10-16 19:48:11,915 | INFO  | SCMAudit | user=runner | ip=127.0.0.1 | op=SEND_HEARTBEAT {"datanodeUUID":"f700af26-0e26-4136-9205-9509c82c8c70","term":"2","command":"[]"} | ret=SUCCESS |  
2025-10-16 19:48:11,934 | INFO  | SCMAudit | user=runner | ip=127.0.0.1 | op=SEND_HEARTBEAT {"datanodeUUID":"aa213937-adc5-47da-a770-0ee1e4664344","term":"2","command":"[]"} | ret=SUCCESS |  
2025-10-16 19:48:12,004 | INFO  | SCMAudit | user=runner | ip=127.0.0.1 | op=SEND_HEARTBEAT {"datanodeUUID":"8a0fa2ff-b550-4652-b2fe-0cf91cd4a157","term":"2","command":"[]"} | ret=SUCCESS |  
2025-10-16 19:48:12,123 | INFO  | SCMAudit | user=runner | ip=127.0.0.1 | op=SEND_HEARTBEAT {"datanodeUUID":"58cff6b7-b2a7-446b-a75a-bb98ad6b11b8","term":"2","command":"[]"} | ret=SUCCESS |  
2025-10-16 19:48:12,123 | INFO  | SCMAudit | user=runner | ip=127.0.0.1 | op=SEND_HEARTBEAT {"datanodeUUID":"e072d245-7694-4d97-8e20-c503ebf8c2fe","term":"2","command":"[]"} | ret=SUCCESS |  
2025-10-16 19:48:12,124 | INFO  | SCMAudit | user=runner | ip=127.0.0.1 | op=SEND_HEARTBEAT {"datanodeUUID":"8a3c3252-9afe-4d3a-8492-25be6557678a","term":"2","command":"[]"} | ret=SUCCESS |  
2025-10-16 19:48:12,125 | INFO  | SCMAudit | user=runner | ip=127.0.0.1 | op=SEND_HEARTBEAT {"datanodeUUID":"0428ab3f-efd5-438e-ae11-9ec242443260","term":"2","command":"[]"} | ret=SUCCESS |  
2025-10-16 19:48:12,303 | INFO  | SCMAudit | user=runner | ip=127.0.0.1 | op=SEND_HEARTBEAT {"datanodeUUID":"76d4ba71-5bbb-4b24-8f51-8bc7f78aaca4","term":"2","command":"[]"} | ret=SUCCESS |  
2025-10-16 19:48:12,305 | INFO  | SCMAudit | user=runner | ip=127.0.0.1 | op=SEND_HEARTBEAT {"datanodeUUID":"c0724e9c-0dd4-4d47-992c-7bfe285fdd38","term":"2","command":"[]"} | ret=SUCCESS |  
2025-10-16 19:48:12,305 | INFO  | SCMAudit | user=runner | ip=127.0.0.1 | op=SEND_HEARTBEAT {"datanodeUUID":"e33e6ec4-6b66-4281-bedd-2bd75bd30070","term":"2","command":"[]"} | ret=SUCCESS |  
2025-10-16 19:48:12,307 | INFO  | SCMAudit | user=runner | ip=127.0.0.1 | op=SEND_HEARTBEAT {"datanodeUUID":"764b18f0-81c5-439a-9fff-25adc4f241fa","term":"2","command":"[]"} | ret=SUCCESS |  
2025-10-16 19:48:12,308 | INFO  | SCMAudit | user=runner | ip=127.0.0.1 | op=SEND_HEARTBEAT {"datanodeUUID":"0e8b6cc7-9945-4141-97fc-6aa017a0d5fa","term":"2","command":"[]"} | ret=SUCCESS |  
2025-10-16 19:48:12,370 [om1-KeyDeletingService#1] INFO  service.KeyDeletingService (KeyDeletingService.java:processKeyDeletes(151)) - Send 1 key(s) to SCM, first 1 keys: [PurgedKey{blockGroup=BlockGroup[groupID='/beb8fed7-bec2-400c-b167-f8086c9502ae/19b99ff9-bafe-4e5f-9d9f-5de465b5c769/de98194c-52ec-4c3e-abe3-cd9f51cc5bfe/-9223372036854684671/0', blockIDs=[conID: 25 locID: 115816896921600119 bcsId: 0 replicaIndex: null]], volume='beb8fed7-bec2-400c-b167-f8086c9502ae', bucket='19b99ff9-bafe-4e5f-9d9f-5de465b5c769', bucketId=-9223372036854684928, purgedBytes=14680064, isCommittedKey=true, deleteKeyName='/beb8fed7-bec2-400c-b167-f8086c9502ae/19b99ff9-bafe-4e5f-9d9f-5de465b5c769/de98194c-52ec-4c3e-abe3-cd9f51cc5bfe/-9223372036854684671'}]
2025-10-16 19:48:12,372 | INFO  | SCMAudit | user=runner | ip=127.0.0.1 | op=DELETE_KEY_BLOCK {"KeyBlockToDelete":"[BlockGroup[groupID='/beb8fed7-bec2-400c-b167-f8086c9502ae/19b99ff9-bafe-4e5f-9d9f-5de465b5c769/de98194c-52ec-4c3e-abe3-cd9f51cc5bfe/-9223372036854684671/0', blockIDs=[conID: 25 locID: 115816896921600119 bcsId: 0 replicaIndex: null]]]"} | ret=SUCCESS |  
2025-10-16 19:48:12,373 [om1-KeyDeletingService#1] INFO  service.KeyDeletingService (KeyDeletingService.java:processKeyDeletes(158)) - 1 BlockGroup deletion are acked by SCM in 2 ms
2025-10-16 19:48:12,374 [om1-KeyDeletingService#1] INFO  service.KeyDeletingService (KeyDeletingService.java:processKeyDeletes(166)) - Blocks for 1 (out of 1) keys are deleted from DB in 1 ms. Limit per task is 50000.
2025-10-16 19:48:12,707 | INFO  | SCMAudit | user=runner | ip=127.0.0.1 | op=SEND_HEARTBEAT {"datanodeUUID":"757ca056-973f-4f05-ab2d-6aff6c54d452","term":"2","command":"[]"} | ret=SUCCESS |  
2025-10-16 19:48:12,728 | INFO  | SCMAudit | user=runner | ip=127.0.0.1 | op=SEND_HEARTBEAT {"datanodeUUID":"702cb173-5c73-4ecc-b5cd-c7b4a6b66aea","term":"2","command":"[]"} | ret=SUCCESS |  
2025-10-16 19:48:12,776 | INFO  | OMAudit | user=runner | ip=127.0.0.1 | op=READ_VOLUME {"volume":"beb8fed7-bec2-400c-b167-f8086c9502ae"} | ret=SUCCESS |  
2025-10-16 19:48:12,777 | INFO  | OMAudit | user=runner | ip=127.0.0.1 | op=READ_BUCKET {"volume":"beb8fed7-bec2-400c-b167-f8086c9502ae","bucket":"19b99ff9-bafe-4e5f-9d9f-5de465b5c769"} | ret=SUCCESS |  
2025-10-16 19:48:12,777 [ForkJoinPool-1-worker-1] INFO  rpc.RpcClient (RpcClient.java:createVolume(461)) - Creating Volume: 5e963d7a-0419-4849-9960-06636b969923, with runner as owner and space quota set to -1 bytes, counts quota set to -1
2025-10-16 19:48:12,779 [om1-OMStateMachineApplyTransactionThread - 0] INFO  volume.OMVolumeCreateRequest (OMVolumeCreateRequest.java:validateAndUpdateCache(213)) - created volume:5e963d7a-0419-4849-9960-06636b969923 for user:runner
2025-10-16 19:48:12,779 | INFO  | OMAudit | user=runner | ip=127.0.0.1 | op=CREATE_VOLUME {"admin":"runner","owner":"runner","volume":"5e963d7a-0419-4849-9960-06636b969923","creationTime":"1760644092778","modificationTime":"1760644092778","quotaInBytes":"-1","quotaInNamespace":"-1","usedNamespace":"0","objectID":"-9223372036854682880","updateID":"363","Transaction":"363"} | ret=SUCCESS |  
2025-10-16 19:48:12,780 | INFO  | OMAudit | user=runner | ip=127.0.0.1 | op=READ_VOLUME {"volume":"5e963d7a-0419-4849-9960-06636b969923"} | ret=SUCCESS |  
2025-10-16 19:48:12,780 [ForkJoinPool-1-worker-1] INFO  rpc.RpcClient (RpcClient.java:createBucket(686)) - Creating Bucket: 5e963d7a-0419-4849-9960-06636b969923/7742350e-a3ab-4ffa-b99a-c7a4a99a0b58, with server-side default bucket layout, runner as owner, Versioning false, Storage Type set to DISK and Encryption set to false, Replication Type set to server-side default replication type, Namespace Quota set to -1, Space Quota set to -1 
2025-10-16 19:48:12,782 [om1-OMStateMachineApplyTransactionThread - 0] INFO  bucket.OMBucketCreateRequest (OMBucketCreateRequest.java:validateAndUpdateCache(303)) - created bucket: 7742350e-a3ab-4ffa-b99a-c7a4a99a0b58 of layout FILE_SYSTEM_OPTIMIZED in volume: 5e963d7a-0419-4849-9960-06636b969923
2025-10-16 19:48:12,782 | INFO  | OMAudit | user=runner | ip=127.0.0.1 | op=CREATE_BUCKET {"volume":"5e963d7a-0419-4849-9960-06636b969923","bucket":"7742350e-a3ab-4ffa-b99a-c7a4a99a0b58","bucketLayout":"FILE_SYSTEM_OPTIMIZED","gdprEnabled":null,"acls":"[user:runner:a[ACCESS], group:runner:rl[ACCESS]]","isVersionEnabled":"false","storageType":"DISK","creationTime":"1760644092781","bucketEncryptionKey":null,"modificationTime":"1760644092781","usedBytes":"0","usedNamespace":"0","snapshotUsedBytes":"0","snapshotUsedNamespace":"0","owner":"runner","replicationType":null,"replicationConfig":null,"quotaInBytes":"-1","quotaInNamespace":"-1","Transaction":"364"} | ret=SUCCESS |  
2025-10-16 19:48:12,783 | INFO  | OMAudit | user=runner | ip=127.0.0.1 | op=READ_BUCKET {"volume":"5e963d7a-0419-4849-9960-06636b969923","bucket":"7742350e-a3ab-4ffa-b99a-c7a4a99a0b58"} | ret=SUCCESS |  
2025-10-16 19:48:12,784 | INFO  | OMAudit | user=runner | ip=127.0.0.1 | op=READ_BUCKET {"volume":"5e963d7a-0419-4849-9960-06636b969923","bucket":"7742350e-a3ab-4ffa-b99a-c7a4a99a0b58"} | ret=SUCCESS |  
2025-10-16 19:48:12,785 | INFO  | SCMAudit | user=runner | ip=127.0.0.1 | op=ALLOCATE_BLOCK {"replication":"EC{rs-3-2-1024k}","owner":"omServiceIdDefault","size":"4194304","sampleBlocks":"[conID: 22 locID: 115816896921600120]","num":"1","client":"","allocated":"1"} | ret=SUCCESS |  
2025-10-16 19:48:12,788 | INFO  | OMAudit | user=runner | ip=127.0.0.1 | op=ALLOCATE_KEY {"volume":"5e963d7a-0419-4849-9960-06636b969923","bucket":"7742350e-a3ab-4ffa-b99a-c7a4a99a0b58","key":"b6e8cde8-2847-4f80-b25c-789442207b94","dataSize":"8388609","replicationType":"EC","replicationConfig":"rs-3-2-1048576","Transaction":"365"} | ret=SUCCESS |  
2025-10-16 19:48:12,790 | INFO  | OMAudit | user=runner | ip=127.0.0.1 | op=READ_VOLUME {"volume":"5e963d7a-0419-4849-9960-06636b969923"} | ret=SUCCESS |  
2025-10-16 19:48:12,790 | INFO  | OMAudit | user=runner | ip=127.0.0.1 | op=READ_BUCKET {"volume":"5e963d7a-0419-4849-9960-06636b969923","bucket":"7742350e-a3ab-4ffa-b99a-c7a4a99a0b58"} | ret=SUCCESS |  
2025-10-16 19:48:12,860 | INFO  | OMAudit | user=runner | ip=127.0.0.1 | op=COMMIT_KEY {"volume":"5e963d7a-0419-4849-9960-06636b969923","bucket":"7742350e-a3ab-4ffa-b99a-c7a4a99a0b58","key":"b6e8cde8-2847-4f80-b25c-789442207b94","dataSize":"8388609","replicationType":"EC","replicationConfig":"rs-3-2-1048576","Transaction":"366"} | ret=SUCCESS |  
2025-10-16 19:48:12,862 | INFO  | OMAudit | user=runner | ip=127.0.0.1 | op=READ_VOLUME {"volume":"5e963d7a-0419-4849-9960-06636b969923"} | ret=SUCCESS |  
2025-10-16 19:48:12,864 | INFO  | OMAudit | user=runner | ip=127.0.0.1 | op=READ_BUCKET {"volume":"5e963d7a-0419-4849-9960-06636b969923","bucket":"7742350e-a3ab-4ffa-b99a-c7a4a99a0b58"} | ret=SUCCESS |  
2025-10-16 19:48:12,866 | INFO  | OMAudit | user=runner | ip=127.0.0.1 | op=READ_BUCKET {"volume":"5e963d7a-0419-4849-9960-06636b969923","bucket":"7742350e-a3ab-4ffa-b99a-c7a4a99a0b58"} | ret=SUCCESS |  
2025-10-16 19:48:12,866 | INFO  | SCMAudit | user=runner | ip=127.0.0.1 | op=ALLOCATE_BLOCK {"replication":"EC{rs-3-2-1024k}","owner":"omServiceIdDefault","size":"4194304","sampleBlocks":"[conID: 22 locID: 115816896921600121]","num":"1","client":"","allocated":"1"} | ret=SUCCESS |  
2025-10-16 19:48:12,869 | INFO  | OMAudit | user=runner | ip=127.0.0.1 | op=ALLOCATE_KEY {"volume":"5e963d7a-0419-4849-9960-06636b969923","bucket":"7742350e-a3ab-4ffa-b99a-c7a4a99a0b58","key":"b6e8cde8-2847-4f80-b25c-789442207b94","dataSize":"8388609","replicationType":"EC","replicationConfig":"rs-3-2-1048576","Transaction":"367"} | ret=SUCCESS |  
2025-10-16 19:48:12,877 | INFO  | OMAudit | user=runner | ip=127.0.0.1 | op=READ_VOLUME {"volume":"5e963d7a-0419-4849-9960-06636b969923"} | ret=SUCCESS |  
2025-10-16 19:48:12,879 | INFO  | OMAudit | user=runner | ip=127.0.0.1 | op=READ_BUCKET {"volume":"5e963d7a-0419-4849-9960-06636b969923","bucket":"7742350e-a3ab-4ffa-b99a-c7a4a99a0b58"} | ret=SUCCESS |  
2025-10-16 19:48:12,915 | INFO  | SCMAudit | user=runner | ip=127.0.0.1 | op=SEND_HEARTBEAT {"datanodeUUID":"f700af26-0e26-4136-9205-9509c82c8c70","term":"2","command":"[]"} | ret=SUCCESS |  
2025-10-16 19:48:12,935 | INFO  | SCMAudit | user=runner | ip=127.0.0.1 | op=SEND_HEARTBEAT {"datanodeUUID":"aa213937-adc5-47da-a770-0ee1e4664344","term":"2","command":"[]"} | ret=SUCCESS |  
2025-10-16 19:48:12,944 | INFO  | OMAudit | user=runner | ip=127.0.0.1 | op=COMMIT_KEY {"volume":"5e963d7a-0419-4849-9960-06636b969923","bucket":"7742350e-a3ab-4ffa-b99a-c7a4a99a0b58","key":"b6e8cde8-2847-4f80-b25c-789442207b94","dataSize":"8388609","replicationType":"EC","replicationConfig":"rs-3-2-1048576","Transaction":"368"} | ret=SUCCESS |  
2025-10-16 19:48:12,946 | INFO  | OMAudit | user=runner | ip=127.0.0.1 | op=READ_VOLUME {"volume":"5e963d7a-0419-4849-9960-06636b969923"} | ret=SUCCESS |  
2025-10-16 19:48:12,947 | INFO  | OMAudit | user=runner | ip=127.0.0.1 | op=READ_BUCKET {"volume":"5e963d7a-0419-4849-9960-06636b969923","bucket":"7742350e-a3ab-4ffa-b99a-c7a4a99a0b58"} | ret=SUCCESS |  
2025-10-16 19:48:13,004 | INFO  | SCMAudit | user=runner | ip=127.0.0.1 | op=SEND_HEARTBEAT {"datanodeUUID":"8a0fa2ff-b550-4652-b2fe-0cf91cd4a157","term":"2","command":"[]"} | ret=SUCCESS |  
2025-10-16 19:48:13,123 | INFO  | SCMAudit | user=runner | ip=127.0.0.1 | op=SEND_HEARTBEAT {"datanodeUUID":"58cff6b7-b2a7-446b-a75a-bb98ad6b11b8","term":"2","command":"[]"} | ret=SUCCESS |  
2025-10-16 19:48:13,123 | INFO  | SCMAudit | user=runner | ip=127.0.0.1 | op=SEND_HEARTBEAT {"datanodeUUID":"e072d245-7694-4d97-8e20-c503ebf8c2fe","term":"2","command":"[]"} | ret=SUCCESS |  
2025-10-16 19:48:13,124 | INFO  | SCMAudit | user=runner | ip=127.0.0.1 | op=SEND_HEARTBEAT {"datanodeUUID":"8a3c3252-9afe-4d3a-8492-25be6557678a","term":"2","command":"[]"} | ret=SUCCESS |  
2025-10-16 19:48:13,125 | INFO  | SCMAudit | user=runner | ip=127.0.0.1 | op=SEND_HEARTBEAT {"datanodeUUID":"0428ab3f-efd5-438e-ae11-9ec242443260","term":"2","command":"[]"} | ret=SUCCESS |  
2025-10-16 19:48:13,304 | INFO  | SCMAudit | user=runner | ip=127.0.0.1 | op=SEND_HEARTBEAT {"datanodeUUID":"76d4ba71-5bbb-4b24-8f51-8bc7f78aaca4","term":"2","command":"[]"} | ret=SUCCESS |  
2025-10-16 19:48:13,305 | INFO  | SCMAudit | user=runner | ip=127.0.0.1 | op=SEND_HEARTBEAT {"datanodeUUID":"e33e6ec4-6b66-4281-bedd-2bd75bd30070","term":"2","command":"[]"} | ret=SUCCESS |  
2025-10-16 19:48:13,305 | INFO  | SCMAudit | user=runner | ip=127.0.0.1 | op=SEND_HEARTBEAT {"datanodeUUID":"c0724e9c-0dd4-4d47-992c-7bfe285fdd38","term":"2","command":"[]"} | ret=SUCCESS |  
2025-10-16 19:48:13,307 | INFO  | SCMAudit | user=runner | ip=127.0.0.1 | op=SEND_HEARTBEAT {"datanodeUUID":"764b18f0-81c5-439a-9fff-25adc4f241fa","term":"2","command":"[]"} | ret=SUCCESS |  
2025-10-16 19:48:13,309 | INFO  | SCMAudit | user=runner | ip=127.0.0.1 | op=SEND_HEARTBEAT {"datanodeUUID":"0e8b6cc7-9945-4141-97fc-6aa017a0d5fa","term":"2","command":"[]"} | ret=SUCCESS |  
2025-10-16 19:48:13,371 [om1-KeyDeletingService#0] INFO  service.KeyDeletingService (KeyDeletingService.java:processKeyDeletes(151)) - Send 1 key(s) to SCM, first 1 keys: [PurgedKey{blockGroup=BlockGroup[groupID='/5e963d7a-0419-4849-9960-06636b969923/7742350e-a3ab-4ffa-b99a-c7a4a99a0b58/b6e8cde8-2847-4f80-b25c-789442207b94/-9223372036854681600/0', blockIDs=[conID: 22 locID: 115816896921600120 bcsId: 0 replicaIndex: null]], volume='5e963d7a-0419-4849-9960-06636b969923', bucket='7742350e-a3ab-4ffa-b99a-c7a4a99a0b58', bucketId=-9223372036854682624, purgedBytes=14680065, isCommittedKey=true, deleteKeyName='/5e963d7a-0419-4849-9960-06636b969923/7742350e-a3ab-4ffa-b99a-c7a4a99a0b58/b6e8cde8-2847-4f80-b25c-789442207b94/-9223372036854681600'}]
2025-10-16 19:48:13,373 | INFO  | SCMAudit | user=runner | ip=127.0.0.1 | op=DELETE_KEY_BLOCK {"KeyBlockToDelete":"[BlockGroup[groupID='/5e963d7a-0419-4849-9960-06636b969923/7742350e-a3ab-4ffa-b99a-c7a4a99a0b58/b6e8cde8-2847-4f80-b25c-789442207b94/-9223372036854681600/0', blockIDs=[conID: 22 locID: 115816896921600120 bcsId: 0 replicaIndex: null]]]"} | ret=SUCCESS |  
2025-10-16 19:48:13,373 [om1-KeyDeletingService#0] INFO  service.KeyDeletingService (KeyDeletingService.java:processKeyDeletes(158)) - 1 BlockGroup deletion are acked by SCM in 2 ms
2025-10-16 19:48:13,374 [om1-KeyDeletingService#0] INFO  service.KeyDeletingService (KeyDeletingService.java:processKeyDeletes(166)) - Blocks for 1 (out of 1) keys are deleted from DB in 2 ms. Limit per task is 50000.
2025-10-16 19:48:13,706 | INFO  | SCMAudit | user=runner | ip=127.0.0.1 | op=SEND_HEARTBEAT {"datanodeUUID":"757ca056-973f-4f05-ab2d-6aff6c54d452","term":"2","command":"[]"} | ret=SUCCESS |  
2025-10-16 19:48:13,728 | INFO  | SCMAudit | user=runner | ip=127.0.0.1 | op=SEND_HEARTBEAT {"datanodeUUID":"702cb173-5c73-4ecc-b5cd-c7b4a6b66aea","term":"2","command":"[]"} | ret=SUCCESS |  
2025-10-16 19:48:13,916 | INFO  | SCMAudit | user=runner | ip=127.0.0.1 | op=SEND_HEARTBEAT {"datanodeUUID":"f700af26-0e26-4136-9205-9509c82c8c70","term":"2","command":"[]"} | ret=SUCCESS |  
2025-10-16 19:48:13,935 | INFO  | SCMAudit | user=runner | ip=127.0.0.1 | op=SEND_HEARTBEAT {"datanodeUUID":"aa213937-adc5-47da-a770-0ee1e4664344","term":"2","command":"[]"} | ret=SUCCESS |  
2025-10-16 19:48:13,949 | INFO  | OMAudit | user=runner | ip=127.0.0.1 | op=READ_VOLUME {"volume":"5e963d7a-0419-4849-9960-06636b969923"} | ret=SUCCESS |  
2025-10-16 19:48:13,950 | INFO  | OMAudit | user=runner | ip=127.0.0.1 | op=READ_BUCKET {"volume":"5e963d7a-0419-4849-9960-06636b969923","bucket":"7742350e-a3ab-4ffa-b99a-c7a4a99a0b58"} | ret=SUCCESS |  
2025-10-16 19:48:13,953 | INFO  | OMAudit | user=runner | ip=127.0.0.1 | op=DELETE_KEY {"volume":"5e963d7a-0419-4849-9960-06636b969923","bucket":"7742350e-a3ab-4ffa-b99a-c7a4a99a0b58","key":"b6e8cde8-2847-4f80-b25c-789442207b94","dataSize":"8388609","replicationConfig":"EC{rs-3-2-1024k}","Transaction":"370"} | ret=SUCCESS |  
2025-10-16 19:48:13,954 | INFO  | OMAudit | user=runner | ip=127.0.0.1 | op=READ_VOLUME {"volume":"5e963d7a-0419-4849-9960-06636b969923"} | ret=SUCCESS |  
2025-10-16 19:48:13,954 | INFO  | OMAudit | user=runner | ip=127.0.0.1 | op=READ_BUCKET {"volume":"5e963d7a-0419-4849-9960-06636b969923","bucket":"7742350e-a3ab-4ffa-b99a-c7a4a99a0b58"} | ret=SUCCESS |  
2025-10-16 19:48:14,004 | INFO  | SCMAudit | user=runner | ip=127.0.0.1 | op=SEND_HEARTBEAT {"datanodeUUID":"8a0fa2ff-b550-4652-b2fe-0cf91cd4a157","term":"2","command":"[]"} | ret=SUCCESS |  
2025-10-16 19:48:14,122 | INFO  | SCMAudit | user=runner | ip=127.0.0.1 | op=SEND_HEARTBEAT {"datanodeUUID":"58cff6b7-b2a7-446b-a75a-bb98ad6b11b8","term":"2","command":"[]"} | ret=SUCCESS |  
2025-10-16 19:48:14,123 | INFO  | SCMAudit | user=runner | ip=127.0.0.1 | op=SEND_HEARTBEAT {"datanodeUUID":"e072d245-7694-4d97-8e20-c503ebf8c2fe","term":"2","command":"[]"} | ret=SUCCESS |  
2025-10-16 19:48:14,124 | INFO  | SCMAudit | user=runner | ip=127.0.0.1 | op=SEND_HEARTBEAT {"datanodeUUID":"8a3c3252-9afe-4d3a-8492-25be6557678a","term":"2","command":"[]"} | ret=SUCCESS |  
2025-10-16 19:48:14,125 | INFO  | SCMAudit | user=runner | ip=127.0.0.1 | op=SEND_HEARTBEAT {"datanodeUUID":"0428ab3f-efd5-438e-ae11-9ec242443260","term":"2","command":"[]"} | ret=SUCCESS |  
2025-10-16 19:48:14,304 | INFO  | SCMAudit | user=runner | ip=127.0.0.1 | op=SEND_HEARTBEAT {"datanodeUUID":"76d4ba71-5bbb-4b24-8f51-8bc7f78aaca4","term":"2","command":"[]"} | ret=SUCCESS |  
2025-10-16 19:48:14,305 | INFO  | SCMAudit | user=runner | ip=127.0.0.1 | op=SEND_HEARTBEAT {"datanodeUUID":"e33e6ec4-6b66-4281-bedd-2bd75bd30070","term":"2","command":"[]"} | ret=SUCCESS |  
2025-10-16 19:48:14,305 | INFO  | SCMAudit | user=runner | ip=127.0.0.1 | op=SEND_HEARTBEAT {"datanodeUUID":"c0724e9c-0dd4-4d47-992c-7bfe285fdd38","term":"2","command":"[]"} | ret=SUCCESS |  
2025-10-16 19:48:14,307 | INFO  | SCMAudit | user=runner | ip=127.0.0.1 | op=SEND_HEARTBEAT {"datanodeUUID":"764b18f0-81c5-439a-9fff-25adc4f241fa","term":"2","command":"[]"} | ret=SUCCESS |  
2025-10-16 19:48:14,308 | INFO  | SCMAudit | user=runner | ip=127.0.0.1 | op=SEND_HEARTBEAT {"datanodeUUID":"0e8b6cc7-9945-4141-97fc-6aa017a0d5fa","term":"2","command":"[]"} | ret=SUCCESS |  
2025-10-16 19:48:14,371 [om1-KeyDeletingService#9] INFO  service.KeyDeletingService (KeyDeletingService.java:processKeyDeletes(151)) - Send 1 key(s) to SCM, first 1 keys: [PurgedKey{blockGroup=BlockGroup[groupID='/5e963d7a-0419-4849-9960-06636b969923/7742350e-a3ab-4ffa-b99a-c7a4a99a0b58/b6e8cde8-2847-4f80-b25c-789442207b94/-9223372036854682367/0', blockIDs=[conID: 22 locID: 115816896921600121 bcsId: 0 replicaIndex: null]], volume='5e963d7a-0419-4849-9960-06636b969923', bucket='7742350e-a3ab-4ffa-b99a-c7a4a99a0b58', bucketId=-9223372036854682624, purgedBytes=14680065, isCommittedKey=true, deleteKeyName='/5e963d7a-0419-4849-9960-06636b969923/7742350e-a3ab-4ffa-b99a-c7a4a99a0b58/b6e8cde8-2847-4f80-b25c-789442207b94/-9223372036854682367'}]
2025-10-16 19:48:14,373 | INFO  | SCMAudit | user=runner | ip=127.0.0.1 | op=DELETE_KEY_BLOCK {"KeyBlockToDelete":"[BlockGroup[groupID='/5e963d7a-0419-4849-9960-06636b969923/7742350e-a3ab-4ffa-b99a-c7a4a99a0b58/b6e8cde8-2847-4f80-b25c-789442207b94/-9223372036854682367/0', blockIDs=[conID: 22 locID: 115816896921600121 bcsId: 0 replicaIndex: null]]]"} | ret=SUCCESS |  
2025-10-16 19:48:14,373 [om1-KeyDeletingService#9] INFO  service.KeyDeletingService (KeyDeletingService.java:processKeyDeletes(158)) - 1 BlockGroup deletion are acked by SCM in 2 ms
2025-10-16 19:48:14,374 [om1-KeyDeletingService#9] INFO  service.KeyDeletingService (KeyDeletingService.java:processKeyDeletes(166)) - Blocks for 1 (out of 1) keys are deleted from DB in 2 ms. Limit per task is 50000.
2025-10-16 19:48:14,706 | INFO  | SCMAudit | user=runner | ip=127.0.0.1 | op=SEND_HEARTBEAT {"datanodeUUID":"757ca056-973f-4f05-ab2d-6aff6c54d452","term":"2","command":"[]"} | ret=SUCCESS |  
2025-10-16 19:48:14,728 | INFO  | SCMAudit | user=runner | ip=127.0.0.1 | op=SEND_HEARTBEAT {"datanodeUUID":"702cb173-5c73-4ecc-b5cd-c7b4a6b66aea","term":"2","command":"[]"} | ret=SUCCESS |  
2025-10-16 19:48:14,916 | INFO  | SCMAudit | user=runner | ip=127.0.0.1 | op=SEND_HEARTBEAT {"datanodeUUID":"f700af26-0e26-4136-9205-9509c82c8c70","term":"2","command":"[]"} | ret=SUCCESS |  
2025-10-16 19:48:14,935 | INFO  | SCMAudit | user=runner | ip=127.0.0.1 | op=SEND_HEARTBEAT {"datanodeUUID":"aa213937-adc5-47da-a770-0ee1e4664344","term":"2","command":"[]"} | ret=SUCCESS |  
2025-10-16 19:48:14,956 | INFO  | OMAudit | user=runner | ip=127.0.0.1 | op=READ_VOLUME {"volume":"5e963d7a-0419-4849-9960-06636b969923"} | ret=SUCCESS |  
2025-10-16 19:48:14,956 | INFO  | OMAudit | user=runner | ip=127.0.0.1 | op=READ_BUCKET {"volume":"5e963d7a-0419-4849-9960-06636b969923","bucket":"7742350e-a3ab-4ffa-b99a-c7a4a99a0b58"} | ret=SUCCESS |  
2025-10-16 19:48:14,957 [ForkJoinPool-1-worker-1] INFO  rpc.RpcClient (RpcClient.java:createVolume(461)) - Creating Volume: e655bc64-a6ec-497f-9f30-3d45fb96fb65, with runner as owner and space quota set to -1 bytes, counts quota set to -1
2025-10-16 19:48:14,959 [om1-OMStateMachineApplyTransactionThread - 0] INFO  volume.OMVolumeCreateRequest (OMVolumeCreateRequest.java:validateAndUpdateCache(213)) - created volume:e655bc64-a6ec-497f-9f30-3d45fb96fb65 for user:runner
2025-10-16 19:48:14,959 | INFO  | OMAudit | user=runner | ip=127.0.0.1 | op=CREATE_VOLUME {"admin":"runner","owner":"runner","volume":"e655bc64-a6ec-497f-9f30-3d45fb96fb65","creationTime":"1760644094958","modificationTime":"1760644094958","quotaInBytes":"-1","quotaInNamespace":"-1","usedNamespace":"0","objectID":"-9223372036854680576","updateID":"372","Transaction":"372"} | ret=SUCCESS |  
2025-10-16 19:48:14,960 | INFO  | OMAudit | user=runner | ip=127.0.0.1 | op=READ_VOLUME {"volume":"e655bc64-a6ec-497f-9f30-3d45fb96fb65"} | ret=SUCCESS |  
2025-10-16 19:48:14,960 [ForkJoinPool-1-worker-1] INFO  rpc.RpcClient (RpcClient.java:createBucket(686)) - Creating Bucket: e655bc64-a6ec-497f-9f30-3d45fb96fb65/c571b316-2079-4749-a394-50d6d3a0cb1b, with server-side default bucket layout, runner as owner, Versioning false, Storage Type set to DISK and Encryption set to false, Replication Type set to server-side default replication type, Namespace Quota set to -1, Space Quota set to -1 
2025-10-16 19:48:14,962 [om1-OMStateMachineApplyTransactionThread - 0] INFO  bucket.OMBucketCreateRequest (OMBucketCreateRequest.java:validateAndUpdateCache(303)) - created bucket: c571b316-2079-4749-a394-50d6d3a0cb1b of layout FILE_SYSTEM_OPTIMIZED in volume: e655bc64-a6ec-497f-9f30-3d45fb96fb65
2025-10-16 19:48:14,962 | INFO  | OMAudit | user=runner | ip=127.0.0.1 | op=CREATE_BUCKET {"volume":"e655bc64-a6ec-497f-9f30-3d45fb96fb65","bucket":"c571b316-2079-4749-a394-50d6d3a0cb1b","bucketLayout":"FILE_SYSTEM_OPTIMIZED","gdprEnabled":null,"acls":"[user:runner:a[ACCESS], group:runner:rl[ACCESS]]","isVersionEnabled":"false","storageType":"DISK","creationTime":"1760644094961","bucketEncryptionKey":null,"modificationTime":"1760644094961","usedBytes":"0","usedNamespace":"0","snapshotUsedBytes":"0","snapshotUsedNamespace":"0","owner":"runner","replicationType":null,"replicationConfig":null,"quotaInBytes":"-1","quotaInNamespace":"-1","Transaction":"373"} | ret=SUCCESS |  
2025-10-16 19:48:14,963 | INFO  | OMAudit | user=runner | ip=127.0.0.1 | op=READ_BUCKET {"volume":"e655bc64-a6ec-497f-9f30-3d45fb96fb65","bucket":"c571b316-2079-4749-a394-50d6d3a0cb1b"} | ret=SUCCESS |  
2025-10-16 19:48:14,964 | INFO  | OMAudit | user=runner | ip=127.0.0.1 | op=READ_BUCKET {"volume":"e655bc64-a6ec-497f-9f30-3d45fb96fb65","bucket":"c571b316-2079-4749-a394-50d6d3a0cb1b"} | ret=SUCCESS |  
2025-10-16 19:48:14,965 | INFO  | SCMAudit | user=runner | ip=127.0.0.1 | op=ALLOCATE_BLOCK {"replication":"EC{rs-3-2-1024k}","owner":"omServiceIdDefault","size":"4194304","sampleBlocks":"[conID: 22 locID: 115816896921600122]","num":"1","client":"","allocated":"1"} | ret=SUCCESS |  
2025-10-16 19:48:14,968 | INFO  | OMAudit | user=runner | ip=127.0.0.1 | op=ALLOCATE_KEY {"volume":"e655bc64-a6ec-497f-9f30-3d45fb96fb65","bucket":"c571b316-2079-4749-a394-50d6d3a0cb1b","key":"c367644d-70f3-48f0-b11f-45f8946e11fa","dataSize":"12582912","replicationType":"EC","replicationConfig":"rs-3-2-1048576","Transaction":"374"} | ret=SUCCESS |  
2025-10-16 19:48:14,969 | INFO  | OMAudit | user=runner | ip=127.0.0.1 | op=READ_VOLUME {"volume":"e655bc64-a6ec-497f-9f30-3d45fb96fb65"} | ret=SUCCESS |  
2025-10-16 19:48:14,970 | INFO  | OMAudit | user=runner | ip=127.0.0.1 | op=READ_BUCKET {"volume":"e655bc64-a6ec-497f-9f30-3d45fb96fb65","bucket":"c571b316-2079-4749-a394-50d6d3a0cb1b"} | ret=SUCCESS |  
2025-10-16 19:48:15,007 | INFO  | SCMAudit | user=runner | ip=127.0.0.1 | op=SEND_HEARTBEAT {"datanodeUUID":"8a0fa2ff-b550-4652-b2fe-0cf91cd4a157","term":"2","command":"[]"} | ret=SUCCESS |  
2025-10-16 19:48:15,054 | INFO  | OMAudit | user=runner | ip=127.0.0.1 | op=COMMIT_KEY {"volume":"e655bc64-a6ec-497f-9f30-3d45fb96fb65","bucket":"c571b316-2079-4749-a394-50d6d3a0cb1b","key":"c367644d-70f3-48f0-b11f-45f8946e11fa","dataSize":"12582912","replicationType":"EC","replicationConfig":"rs-3-2-1048576","Transaction":"375"} | ret=SUCCESS |  
2025-10-16 19:48:15,056 | INFO  | OMAudit | user=runner | ip=127.0.0.1 | op=READ_VOLUME {"volume":"e655bc64-a6ec-497f-9f30-3d45fb96fb65"} | ret=SUCCESS |  
2025-10-16 19:48:15,057 | INFO  | OMAudit | user=runner | ip=127.0.0.1 | op=READ_BUCKET {"volume":"e655bc64-a6ec-497f-9f30-3d45fb96fb65","bucket":"c571b316-2079-4749-a394-50d6d3a0cb1b"} | ret=SUCCESS |  
2025-10-16 19:48:15,058 | INFO  | OMAudit | user=runner | ip=127.0.0.1 | op=READ_BUCKET {"volume":"e655bc64-a6ec-497f-9f30-3d45fb96fb65","bucket":"c571b316-2079-4749-a394-50d6d3a0cb1b"} | ret=SUCCESS |  
2025-10-16 19:48:15,059 | INFO  | SCMAudit | user=runner | ip=127.0.0.1 | op=ALLOCATE_BLOCK {"replication":"EC{rs-3-2-1024k}","owner":"omServiceIdDefault","size":"4194304","sampleBlocks":"[conID: 23 locID: 115816896921600123]","num":"1","client":"","allocated":"1"} | ret=SUCCESS |  
2025-10-16 19:48:15,062 | INFO  | OMAudit | user=runner | ip=127.0.0.1 | op=ALLOCATE_KEY {"volume":"e655bc64-a6ec-497f-9f30-3d45fb96fb65","bucket":"c571b316-2079-4749-a394-50d6d3a0cb1b","key":"c367644d-70f3-48f0-b11f-45f8946e11fa","dataSize":"12582912","replicationType":"EC","replicationConfig":"rs-3-2-1048576","Transaction":"376"} | ret=SUCCESS |  
2025-10-16 19:48:15,064 | INFO  | OMAudit | user=runner | ip=127.0.0.1 | op=READ_VOLUME {"volume":"e655bc64-a6ec-497f-9f30-3d45fb96fb65"} | ret=SUCCESS |  
2025-10-16 19:48:15,065 | INFO  | OMAudit | user=runner | ip=127.0.0.1 | op=READ_BUCKET {"volume":"e655bc64-a6ec-497f-9f30-3d45fb96fb65","bucket":"c571b316-2079-4749-a394-50d6d3a0cb1b"} | ret=SUCCESS |  
2025-10-16 19:48:15,107 | INFO  | ContainerLog | ID=23 | Index=5 | BCSID=0 | State=OPEN | Volume=/home/runner/work/ozone/ozone/hadoop-ozone/integration-test/target/test-dir/MiniOzoneClusterImpl-e7911277-7775-4457-96c8-94071a26a1ce/ozone-metadata/datanode-13/data-0/hdds | DataChecksum=0 |  
2025-10-16 19:48:15,107 | INFO  | ContainerLog | ID=23 | Index=2 | BCSID=0 | State=OPEN | Volume=/home/runner/work/ozone/ozone/hadoop-ozone/integration-test/target/test-dir/MiniOzoneClusterImpl-e7911277-7775-4457-96c8-94071a26a1ce/ozone-metadata/datanode-2/data-0/hdds | DataChecksum=0 |  
2025-10-16 19:48:15,109 | INFO  | ContainerLog | ID=23 | Index=1 | BCSID=0 | State=OPEN | Volume=/home/runner/work/ozone/ozone/hadoop-ozone/integration-test/target/test-dir/MiniOzoneClusterImpl-e7911277-7775-4457-96c8-94071a26a1ce/ozone-metadata/datanode-12/data-0/hdds | DataChecksum=0 |  
2025-10-16 19:48:15,111 | INFO  | ContainerLog | ID=23 | Index=4 | BCSID=0 | State=OPEN | Volume=/home/runner/work/ozone/ozone/hadoop-ozone/integration-test/target/test-dir/MiniOzoneClusterImpl-e7911277-7775-4457-96c8-94071a26a1ce/ozone-metadata/datanode-9/data-0/hdds | DataChecksum=0 |  
2025-10-16 19:48:15,114 | INFO  | SCMAudit | user=runner | ip=127.0.0.1 | op=SEND_HEARTBEAT {"datanodeUUID":"c0724e9c-0dd4-4d47-992c-7bfe285fdd38","term":"2","command":"[]"} | ret=SUCCESS |  
2025-10-16 19:48:15,115 | INFO  | SCMAudit | user=runner | ip=127.0.0.1 | op=SEND_HEARTBEAT {"datanodeUUID":"e33e6ec4-6b66-4281-bedd-2bd75bd30070","term":"2","command":"[]"} | ret=SUCCESS |  
2025-10-16 19:48:15,115 | INFO  | SCMAudit | user=runner | ip=127.0.0.1 | op=SEND_HEARTBEAT {"datanodeUUID":"8a3c3252-9afe-4d3a-8492-25be6557678a","term":"2","command":"[]"} | ret=SUCCESS |  
2025-10-16 19:48:15,116 | INFO  | SCMAudit | user=runner | ip=127.0.0.1 | op=SEND_HEARTBEAT {"datanodeUUID":"8a0fa2ff-b550-4652-b2fe-0cf91cd4a157","term":"2","command":"[]"} | ret=SUCCESS |  
2025-10-16 19:48:15,119 | INFO  | ContainerLog | ID=23 | Index=3 | BCSID=0 | State=OPEN | Volume=/home/runner/work/ozone/ozone/hadoop-ozone/integration-test/target/test-dir/MiniOzoneClusterImpl-e7911277-7775-4457-96c8-94071a26a1ce/ozone-metadata/datanode-4/data-0/hdds | DataChecksum=0 |  
2025-10-16 19:48:15,121 | INFO  | SCMAudit | user=runner | ip=127.0.0.1 | op=SEND_HEARTBEAT {"datanodeUUID":"aa213937-adc5-47da-a770-0ee1e4664344","term":"2","command":"[]"} | ret=SUCCESS |  
2025-10-16 19:48:15,123 | INFO  | SCMAudit | user=runner | ip=127.0.0.1 | op=SEND_HEARTBEAT {"datanodeUUID":"58cff6b7-b2a7-446b-a75a-bb98ad6b11b8","term":"2","command":"[]"} | ret=SUCCESS |  
2025-10-16 19:48:15,124 | INFO  | SCMAudit | user=runner | ip=127.0.0.1 | op=SEND_HEARTBEAT {"datanodeUUID":"e072d245-7694-4d97-8e20-c503ebf8c2fe","term":"2","command":"[]"} | ret=SUCCESS |  
2025-10-16 19:48:15,127 | INFO  | SCMAudit | user=runner | ip=127.0.0.1 | op=SEND_HEARTBEAT {"datanodeUUID":"0428ab3f-efd5-438e-ae11-9ec242443260","term":"2","command":"[]"} | ret=SUCCESS |  
2025-10-16 19:48:15,180 | INFO  | OMAudit | user=runner | ip=127.0.0.1 | op=COMMIT_KEY {"volume":"e655bc64-a6ec-497f-9f30-3d45fb96fb65","bucket":"c571b316-2079-4749-a394-50d6d3a0cb1b","key":"c367644d-70f3-48f0-b11f-45f8946e11fa","dataSize":"12582912","replicationType":"EC","replicationConfig":"rs-3-2-1048576","Transaction":"377"} | ret=SUCCESS |  
2025-10-16 19:48:15,182 | INFO  | OMAudit | user=runner | ip=127.0.0.1 | op=READ_VOLUME {"volume":"e655bc64-a6ec-497f-9f30-3d45fb96fb65"} | ret=SUCCESS |  
2025-10-16 19:48:15,183 | INFO  | OMAudit | user=runner | ip=127.0.0.1 | op=READ_BUCKET {"volume":"e655bc64-a6ec-497f-9f30-3d45fb96fb65","bucket":"c571b316-2079-4749-a394-50d6d3a0cb1b"} | ret=SUCCESS |  
2025-10-16 19:48:15,304 | INFO  | SCMAudit | user=runner | ip=127.0.0.1 | op=SEND_HEARTBEAT {"datanodeUUID":"76d4ba71-5bbb-4b24-8f51-8bc7f78aaca4","term":"2","command":"[]"} | ret=SUCCESS |  
2025-10-16 19:48:15,307 | INFO  | SCMAudit | user=runner | ip=127.0.0.1 | op=SEND_HEARTBEAT {"datanodeUUID":"764b18f0-81c5-439a-9fff-25adc4f241fa","term":"2","command":"[]"} | ret=SUCCESS |  
2025-10-16 19:48:15,308 | INFO  | SCMAudit | user=runner | ip=127.0.0.1 | op=SEND_HEARTBEAT {"datanodeUUID":"0e8b6cc7-9945-4141-97fc-6aa017a0d5fa","term":"2","command":"[]"} | ret=SUCCESS |  
2025-10-16 19:48:15,371 [om1-KeyDeletingService#3] INFO  service.KeyDeletingService (KeyDeletingService.java:processKeyDeletes(151)) - Send 1 key(s) to SCM, first 1 keys: [PurgedKey{blockGroup=BlockGroup[groupID='/e655bc64-a6ec-497f-9f30-3d45fb96fb65/c571b316-2079-4749-a394-50d6d3a0cb1b/c367644d-70f3-48f0-b11f-45f8946e11fa/-9223372036854679296/0', blockIDs=[conID: 22 locID: 115816896921600122 bcsId: 0 replicaIndex: null]], volume='e655bc64-a6ec-497f-9f30-3d45fb96fb65', bucket='c571b316-2079-4749-a394-50d6d3a0cb1b', bucketId=-9223372036854680320, purgedBytes=20971520, isCommittedKey=true, deleteKeyName='/e655bc64-a6ec-497f-9f30-3d45fb96fb65/c571b316-2079-4749-a394-50d6d3a0cb1b/c367644d-70f3-48f0-b11f-45f8946e11fa/-9223372036854679296'}]
2025-10-16 19:48:15,373 | INFO  | SCMAudit | user=runner | ip=127.0.0.1 | op=DELETE_KEY_BLOCK {"KeyBlockToDelete":"[BlockGroup[groupID='/e655bc64-a6ec-497f-9f30-3d45fb96fb65/c571b316-2079-4749-a394-50d6d3a0cb1b/c367644d-70f3-48f0-b11f-45f8946e11fa/-9223372036854679296/0', blockIDs=[conID: 22 locID: 115816896921600122 bcsId: 0 replicaIndex: null]]]"} | ret=SUCCESS |  
2025-10-16 19:48:15,373 [om1-KeyDeletingService#3] INFO  service.KeyDeletingService (KeyDeletingService.java:processKeyDeletes(158)) - 1 BlockGroup deletion are acked by SCM in 2 ms
2025-10-16 19:48:15,375 [om1-KeyDeletingService#3] INFO  service.KeyDeletingService (KeyDeletingService.java:processKeyDeletes(166)) - Blocks for 1 (out of 1) keys are deleted from DB in 2 ms. Limit per task is 50000.
2025-10-16 19:48:15,706 | INFO  | SCMAudit | user=runner | ip=127.0.0.1 | op=SEND_HEARTBEAT {"datanodeUUID":"757ca056-973f-4f05-ab2d-6aff6c54d452","term":"2","command":"[]"} | ret=SUCCESS |  
2025-10-16 19:48:15,729 | INFO  | SCMAudit | user=runner | ip=127.0.0.1 | op=SEND_HEARTBEAT {"datanodeUUID":"702cb173-5c73-4ecc-b5cd-c7b4a6b66aea","term":"2","command":"[]"} | ret=SUCCESS |  
2025-10-16 19:48:15,916 | INFO  | SCMAudit | user=runner | ip=127.0.0.1 | op=SEND_HEARTBEAT {"datanodeUUID":"f700af26-0e26-4136-9205-9509c82c8c70","term":"2","command":"[]"} | ret=SUCCESS |  
2025-10-16 19:48:16,109 | INFO  | SCMAudit | user=runner | ip=127.0.0.1 | op=SEND_HEARTBEAT {"datanodeUUID":"8a3c3252-9afe-4d3a-8492-25be6557678a","term":"2","command":"[]"} | ret=SUCCESS |  
2025-10-16 19:48:16,109 | INFO  | SCMAudit | user=runner | ip=127.0.0.1 | op=SEND_HEARTBEAT {"datanodeUUID":"c0724e9c-0dd4-4d47-992c-7bfe285fdd38","term":"2","command":"[]"} | ret=SUCCESS |  
2025-10-16 19:48:16,110 | INFO  | SCMAudit | user=runner | ip=127.0.0.1 | op=SEND_HEARTBEAT {"datanodeUUID":"e33e6ec4-6b66-4281-bedd-2bd75bd30070","term":"2","command":"[]"} | ret=SUCCESS |  
2025-10-16 19:48:16,111 | INFO  | SCMAudit | user=runner | ip=127.0.0.1 | op=SEND_HEARTBEAT {"datanodeUUID":"8a0fa2ff-b550-4652-b2fe-0cf91cd4a157","term":"2","command":"[]"} | ret=SUCCESS |  
2025-10-16 19:48:16,121 | INFO  | SCMAudit | user=runner | ip=127.0.0.1 | op=SEND_HEARTBEAT {"datanodeUUID":"aa213937-adc5-47da-a770-0ee1e4664344","term":"2","command":"[]"} | ret=SUCCESS |  
2025-10-16 19:48:16,123 | INFO  | SCMAudit | user=runner | ip=127.0.0.1 | op=SEND_HEARTBEAT {"datanodeUUID":"58cff6b7-b2a7-446b-a75a-bb98ad6b11b8","term":"2","command":"[]"} | ret=SUCCESS |  
2025-10-16 19:48:16,125 | INFO  | SCMAudit | user=runner | ip=127.0.0.1 | op=SEND_HEARTBEAT {"datanodeUUID":"e072d245-7694-4d97-8e20-c503ebf8c2fe","term":"2","command":"[]"} | ret=SUCCESS |  
2025-10-16 19:48:16,126 | INFO  | SCMAudit | user=runner | ip=127.0.0.1 | op=SEND_HEARTBEAT {"datanodeUUID":"0428ab3f-efd5-438e-ae11-9ec242443260","term":"2","command":"[]"} | ret=SUCCESS |  
2025-10-16 19:48:16,184 | INFO  | OMAudit | user=runner | ip=127.0.0.1 | op=READ_VOLUME {"volume":"e655bc64-a6ec-497f-9f30-3d45fb96fb65"} | ret=SUCCESS |  
2025-10-16 19:48:16,185 | INFO  | OMAudit | user=runner | ip=127.0.0.1 | op=READ_BUCKET {"volume":"e655bc64-a6ec-497f-9f30-3d45fb96fb65","bucket":"c571b316-2079-4749-a394-50d6d3a0cb1b"} | ret=SUCCESS |  
2025-10-16 19:48:16,188 | INFO  | OMAudit | user=runner | ip=127.0.0.1 | op=DELETE_KEY {"volume":"e655bc64-a6ec-497f-9f30-3d45fb96fb65","bucket":"c571b316-2079-4749-a394-50d6d3a0cb1b","key":"c367644d-70f3-48f0-b11f-45f8946e11fa","dataSize":"12582912","replicationConfig":"EC{rs-3-2-1024k}","Transaction":"379"} | ret=SUCCESS |  
2025-10-16 19:48:16,189 | INFO  | OMAudit | user=runner | ip=127.0.0.1 | op=READ_VOLUME {"volume":"e655bc64-a6ec-497f-9f30-3d45fb96fb65"} | ret=SUCCESS |  
2025-10-16 19:48:16,190 | INFO  | OMAudit | user=runner | ip=127.0.0.1 | op=READ_BUCKET {"volume":"e655bc64-a6ec-497f-9f30-3d45fb96fb65","bucket":"c571b316-2079-4749-a394-50d6d3a0cb1b"} | ret=SUCCESS |  
2025-10-16 19:48:16,305 | INFO  | SCMAudit | user=runner | ip=127.0.0.1 | op=SEND_HEARTBEAT {"datanodeUUID":"76d4ba71-5bbb-4b24-8f51-8bc7f78aaca4","term":"2","command":"[]"} | ret=SUCCESS |  
2025-10-16 19:48:16,307 | INFO  | SCMAudit | user=runner | ip=127.0.0.1 | op=SEND_HEARTBEAT {"datanodeUUID":"764b18f0-81c5-439a-9fff-25adc4f241fa","term":"2","command":"[]"} | ret=SUCCESS |  
2025-10-16 19:48:16,309 | INFO  | SCMAudit | user=runner | ip=127.0.0.1 | op=SEND_HEARTBEAT {"datanodeUUID":"0e8b6cc7-9945-4141-97fc-6aa017a0d5fa","term":"2","command":"[]"} | ret=SUCCESS |  
2025-10-16 19:48:16,371 [om1-KeyDeletingService#5] INFO  service.KeyDeletingService (KeyDeletingService.java:processKeyDeletes(151)) - Send 1 key(s) to SCM, first 1 keys: [PurgedKey{blockGroup=BlockGroup[groupID='/e655bc64-a6ec-497f-9f30-3d45fb96fb65/c571b316-2079-4749-a394-50d6d3a0cb1b/c367644d-70f3-48f0-b11f-45f8946e11fa/-9223372036854680063/0', blockIDs=[conID: 23 locID: 115816896921600123 bcsId: 0 replicaIndex: null]], volume='e655bc64-a6ec-497f-9f30-3d45fb96fb65', bucket='c571b316-2079-4749-a394-50d6d3a0cb1b', bucketId=-9223372036854680320, purgedBytes=20971520, isCommittedKey=true, deleteKeyName='/e655bc64-a6ec-497f-9f30-3d45fb96fb65/c571b316-2079-4749-a394-50d6d3a0cb1b/c367644d-70f3-48f0-b11f-45f8946e11fa/-9223372036854680063'}]
2025-10-16 19:48:16,373 | INFO  | SCMAudit | user=runner | ip=127.0.0.1 | op=DELETE_KEY_BLOCK {"KeyBlockToDelete":"[BlockGroup[groupID='/e655bc64-a6ec-497f-9f30-3d45fb96fb65/c571b316-2079-4749-a394-50d6d3a0cb1b/c367644d-70f3-48f0-b11f-45f8946e11fa/-9223372036854680063/0', blockIDs=[conID: 23 locID: 115816896921600123 bcsId: 0 replicaIndex: null]]]"} | ret=SUCCESS |  
2025-10-16 19:48:16,374 [om1-KeyDeletingService#5] INFO  service.KeyDeletingService (KeyDeletingService.java:processKeyDeletes(158)) - 1 BlockGroup deletion are acked by SCM in 2 ms
2025-10-16 19:48:16,375 [om1-KeyDeletingService#5] INFO  service.KeyDeletingService (KeyDeletingService.java:processKeyDeletes(166)) - Blocks for 1 (out of 1) keys are deleted from DB in 2 ms. Limit per task is 50000.
2025-10-16 19:48:16,706 | INFO  | SCMAudit | user=runner | ip=127.0.0.1 | op=SEND_HEARTBEAT {"datanodeUUID":"757ca056-973f-4f05-ab2d-6aff6c54d452","term":"2","command":"[]"} | ret=SUCCESS |  
2025-10-16 19:48:16,729 | INFO  | SCMAudit | user=runner | ip=127.0.0.1 | op=SEND_HEARTBEAT {"datanodeUUID":"702cb173-5c73-4ecc-b5cd-c7b4a6b66aea","term":"2","command":"[]"} | ret=SUCCESS |  
2025-10-16 19:48:16,916 | INFO  | SCMAudit | user=runner | ip=127.0.0.1 | op=SEND_HEARTBEAT {"datanodeUUID":"f700af26-0e26-4136-9205-9509c82c8c70","term":"2","command":"[]"} | ret=SUCCESS |  
2025-10-16 19:48:17,110 | INFO  | SCMAudit | user=runner | ip=127.0.0.1 | op=SEND_HEARTBEAT {"datanodeUUID":"8a3c3252-9afe-4d3a-8492-25be6557678a","term":"2","command":"[]"} | ret=SUCCESS |  
2025-10-16 19:48:17,110 | INFO  | SCMAudit | user=runner | ip=127.0.0.1 | op=SEND_HEARTBEAT {"datanodeUUID":"c0724e9c-0dd4-4d47-992c-7bfe285fdd38","term":"2","command":"[]"} | ret=SUCCESS |  
2025-10-16 19:48:17,110 | INFO  | SCMAudit | user=runner | ip=127.0.0.1 | op=SEND_HEARTBEAT {"datanodeUUID":"e33e6ec4-6b66-4281-bedd-2bd75bd30070","term":"2","command":"[]"} | ret=SUCCESS |  
2025-10-16 19:48:17,112 | INFO  | SCMAudit | user=runner | ip=127.0.0.1 | op=SEND_HEARTBEAT {"datanodeUUID":"8a0fa2ff-b550-4652-b2fe-0cf91cd4a157","term":"2","command":"[]"} | ret=SUCCESS |  
2025-10-16 19:48:17,121 | INFO  | SCMAudit | user=runner | ip=127.0.0.1 | op=SEND_HEARTBEAT {"datanodeUUID":"aa213937-adc5-47da-a770-0ee1e4664344","term":"2","command":"[]"} | ret=SUCCESS |  
2025-10-16 19:48:17,122 | INFO  | SCMAudit | user=runner | ip=127.0.0.1 | op=SEND_HEARTBEAT {"datanodeUUID":"58cff6b7-b2a7-446b-a75a-bb98ad6b11b8","term":"2","command":"[]"} | ret=SUCCESS |  
2025-10-16 19:48:17,124 | INFO  | SCMAudit | user=runner | ip=127.0.0.1 | op=SEND_HEARTBEAT {"datanodeUUID":"e072d245-7694-4d97-8e20-c503ebf8c2fe","term":"2","command":"[]"} | ret=SUCCESS |  
2025-10-16 19:48:17,127 | INFO  | SCMAudit | user=runner | ip=127.0.0.1 | op=SEND_HEARTBEAT {"datanodeUUID":"0428ab3f-efd5-438e-ae11-9ec242443260","term":"2","command":"[]"} | ret=SUCCESS |  
2025-10-16 19:48:17,191 | INFO  | OMAudit | user=runner | ip=127.0.0.1 | op=READ_VOLUME {"volume":"e655bc64-a6ec-497f-9f30-3d45fb96fb65"} | ret=SUCCESS |  
2025-10-16 19:48:17,193 | INFO  | OMAudit | user=runner | ip=127.0.0.1 | op=READ_BUCKET {"volume":"e655bc64-a6ec-497f-9f30-3d45fb96fb65","bucket":"c571b316-2079-4749-a394-50d6d3a0cb1b"} | ret=SUCCESS |  
2025-10-16 19:48:17,193 [ForkJoinPool-1-worker-1] INFO  rpc.RpcClient (RpcClient.java:createVolume(461)) - Creating Volume: 65cdeab6-e495-464b-aa77-fee0820c03e4, with runner as owner and space quota set to -1 bytes, counts quota set to -1
2025-10-16 19:48:17,195 [om1-OMStateMachineApplyTransactionThread - 0] INFO  volume.OMVolumeCreateRequest (OMVolumeCreateRequest.java:validateAndUpdateCache(213)) - created volume:65cdeab6-e495-464b-aa77-fee0820c03e4 for user:runner
2025-10-16 19:48:17,195 | INFO  | OMAudit | user=runner | ip=127.0.0.1 | op=CREATE_VOLUME {"admin":"runner","owner":"runner","volume":"65cdeab6-e495-464b-aa77-fee0820c03e4","creationTime":"1760644097194","modificationTime":"1760644097194","quotaInBytes":"-1","quotaInNamespace":"-1","usedNamespace":"0","objectID":"-9223372036854678272","updateID":"381","Transaction":"381"} | ret=SUCCESS |  
2025-10-16 19:48:17,196 | INFO  | OMAudit | user=runner | ip=127.0.0.1 | op=READ_VOLUME {"volume":"65cdeab6-e495-464b-aa77-fee0820c03e4"} | ret=SUCCESS |  
2025-10-16 19:48:17,196 [ForkJoinPool-1-worker-1] INFO  rpc.RpcClient (RpcClient.java:createBucket(686)) - Creating Bucket: 65cdeab6-e495-464b-aa77-fee0820c03e4/16f4463c-3a9a-4ec4-9aa2-471361def2e7, with server-side default bucket layout, runner as owner, Versioning false, Storage Type set to DISK and Encryption set to false, Replication Type set to server-side default replication type, Namespace Quota set to -1, Space Quota set to -1 
2025-10-16 19:48:17,198 [om1-OMStateMachineApplyTransactionThread - 0] INFO  bucket.OMBucketCreateRequest (OMBucketCreateRequest.java:validateAndUpdateCache(303)) - created bucket: 16f4463c-3a9a-4ec4-9aa2-471361def2e7 of layout FILE_SYSTEM_OPTIMIZED in volume: 65cdeab6-e495-464b-aa77-fee0820c03e4
2025-10-16 19:48:17,198 | INFO  | OMAudit | user=runner | ip=127.0.0.1 | op=CREATE_BUCKET {"volume":"65cdeab6-e495-464b-aa77-fee0820c03e4","bucket":"16f4463c-3a9a-4ec4-9aa2-471361def2e7","bucketLayout":"FILE_SYSTEM_OPTIMIZED","gdprEnabled":null,"acls":"[user:runner:a[ACCESS], group:runner:rl[ACCESS]]","isVersionEnabled":"false","storageType":"DISK","creationTime":"1760644097197","bucketEncryptionKey":null,"modificationTime":"1760644097197","usedBytes":"0","usedNamespace":"0","snapshotUsedBytes":"0","snapshotUsedNamespace":"0","owner":"runner","replicationType":null,"replicationConfig":null,"quotaInBytes":"-1","quotaInNamespace":"-1","Transaction":"382"} | ret=SUCCESS |  
2025-10-16 19:48:17,199 | INFO  | OMAudit | user=runner | ip=127.0.0.1 | op=READ_BUCKET {"volume":"65cdeab6-e495-464b-aa77-fee0820c03e4","bucket":"16f4463c-3a9a-4ec4-9aa2-471361def2e7"} | ret=SUCCESS |  
2025-10-16 19:48:17,201 | INFO  | OMAudit | user=runner | ip=127.0.0.1 | op=READ_BUCKET {"volume":"65cdeab6-e495-464b-aa77-fee0820c03e4","bucket":"16f4463c-3a9a-4ec4-9aa2-471361def2e7"} | ret=SUCCESS |  
2025-10-16 19:48:17,201 | INFO  | SCMAudit | user=runner | ip=127.0.0.1 | op=ALLOCATE_BLOCK {"replication":"EC{rs-3-2-1024k}","owner":"omServiceIdDefault","size":"4194304","sampleBlocks":"[conID: 24 locID: 115816896921600124, conID: 25 locID: 115816896921600125]","num":"2","client":"","allocated":"2"} | ret=SUCCESS |  
2025-10-16 19:48:17,204 | INFO  | OMAudit | user=runner | ip=127.0.0.1 | op=ALLOCATE_KEY {"volume":"65cdeab6-e495-464b-aa77-fee0820c03e4","bucket":"16f4463c-3a9a-4ec4-9aa2-471361def2e7","key":"53d54d20-8e66-472c-ad13-d44649af15e3","dataSize":"12582913","replicationType":"EC","replicationConfig":"rs-3-2-1048576","Transaction":"383"} | ret=SUCCESS |  
2025-10-16 19:48:17,206 | INFO  | OMAudit | user=runner | ip=127.0.0.1 | op=READ_VOLUME {"volume":"65cdeab6-e495-464b-aa77-fee0820c03e4"} | ret=SUCCESS |  
2025-10-16 19:48:17,207 | INFO  | OMAudit | user=runner | ip=127.0.0.1 | op=READ_BUCKET {"volume":"65cdeab6-e495-464b-aa77-fee0820c03e4","bucket":"16f4463c-3a9a-4ec4-9aa2-471361def2e7"} | ret=SUCCESS |  
2025-10-16 19:48:17,294 | INFO  | OMAudit | user=runner | ip=127.0.0.1 | op=COMMIT_KEY {"volume":"65cdeab6-e495-464b-aa77-fee0820c03e4","bucket":"16f4463c-3a9a-4ec4-9aa2-471361def2e7","key":"53d54d20-8e66-472c-ad13-d44649af15e3","dataSize":"12582913","replicationType":"EC","replicationConfig":"rs-3-2-1048576","Transaction":"384"} | ret=SUCCESS |  
2025-10-16 19:48:17,297 | INFO  | OMAudit | user=runner | ip=127.0.0.1 | op=READ_VOLUME {"volume":"65cdeab6-e495-464b-aa77-fee0820c03e4"} | ret=SUCCESS |  
2025-10-16 19:48:17,298 | INFO  | OMAudit | user=runner | ip=127.0.0.1 | op=READ_BUCKET {"volume":"65cdeab6-e495-464b-aa77-fee0820c03e4","bucket":"16f4463c-3a9a-4ec4-9aa2-471361def2e7"} | ret=SUCCESS |  
2025-10-16 19:48:17,300 | INFO  | OMAudit | user=runner | ip=127.0.0.1 | op=READ_BUCKET {"volume":"65cdeab6-e495-464b-aa77-fee0820c03e4","bucket":"16f4463c-3a9a-4ec4-9aa2-471361def2e7"} | ret=SUCCESS |  
2025-10-16 19:48:17,300 | INFO  | SCMAudit | user=runner | ip=127.0.0.1 | op=ALLOCATE_BLOCK {"replication":"EC{rs-3-2-1024k}","owner":"omServiceIdDefault","size":"4194304","sampleBlocks":"[conID: 25 locID: 115816896921600126, conID: 25 locID: 115816896921600127]","num":"2","client":"","allocated":"2"} | ret=SUCCESS |  
2025-10-16 19:48:17,303 | INFO  | OMAudit | user=runner | ip=127.0.0.1 | op=ALLOCATE_KEY {"volume":"65cdeab6-e495-464b-aa77-fee0820c03e4","bucket":"16f4463c-3a9a-4ec4-9aa2-471361def2e7","key":"53d54d20-8e66-472c-ad13-d44649af15e3","dataSize":"12582913","replicationType":"EC","replicationConfig":"rs-3-2-1048576","Transaction":"385"} | ret=SUCCESS |  
2025-10-16 19:48:17,304 | INFO  | SCMAudit | user=runner | ip=127.0.0.1 | op=SEND_HEARTBEAT {"datanodeUUID":"76d4ba71-5bbb-4b24-8f51-8bc7f78aaca4","term":"2","command":"[]"} | ret=SUCCESS |  
2025-10-16 19:48:17,305 | INFO  | OMAudit | user=runner | ip=127.0.0.1 | op=READ_VOLUME {"volume":"65cdeab6-e495-464b-aa77-fee0820c03e4"} | ret=SUCCESS |  
2025-10-16 19:48:17,306 | INFO  | OMAudit | user=runner | ip=127.0.0.1 | op=READ_BUCKET {"volume":"65cdeab6-e495-464b-aa77-fee0820c03e4","bucket":"16f4463c-3a9a-4ec4-9aa2-471361def2e7"} | ret=SUCCESS |  
2025-10-16 19:48:17,308 | INFO  | SCMAudit | user=runner | ip=127.0.0.1 | op=SEND_HEARTBEAT {"datanodeUUID":"764b18f0-81c5-439a-9fff-25adc4f241fa","term":"2","command":"[]"} | ret=SUCCESS |  
2025-10-16 19:48:17,308 | INFO  | SCMAudit | user=runner | ip=127.0.0.1 | op=SEND_HEARTBEAT {"datanodeUUID":"0e8b6cc7-9945-4141-97fc-6aa017a0d5fa","term":"2","command":"[]"} | ret=SUCCESS |  
2025-10-16 19:48:17,413 | INFO  | OMAudit | user=runner | ip=127.0.0.1 | op=COMMIT_KEY {"volume":"65cdeab6-e495-464b-aa77-fee0820c03e4","bucket":"16f4463c-3a9a-4ec4-9aa2-471361def2e7","key":"53d54d20-8e66-472c-ad13-d44649af15e3","dataSize":"12582913","replicationType":"EC","replicationConfig":"rs-3-2-1048576","Transaction":"386"} | ret=SUCCESS |  
2025-10-16 19:48:17,415 | INFO  | OMAudit | user=runner | ip=127.0.0.1 | op=READ_VOLUME {"volume":"65cdeab6-e495-464b-aa77-fee0820c03e4"} | ret=SUCCESS |  
2025-10-16 19:48:17,416 | INFO  | OMAudit | user=runner | ip=127.0.0.1 | op=READ_BUCKET {"volume":"65cdeab6-e495-464b-aa77-fee0820c03e4","bucket":"16f4463c-3a9a-4ec4-9aa2-471361def2e7"} | ret=SUCCESS |  
2025-10-16 19:48:17,706 | INFO  | SCMAudit | user=runner | ip=127.0.0.1 | op=SEND_HEARTBEAT {"datanodeUUID":"757ca056-973f-4f05-ab2d-6aff6c54d452","term":"2","command":"[]"} | ret=SUCCESS |  
2025-10-16 19:48:17,729 | INFO  | SCMAudit | user=runner | ip=127.0.0.1 | op=SEND_HEARTBEAT {"datanodeUUID":"702cb173-5c73-4ecc-b5cd-c7b4a6b66aea","term":"2","command":"[]"} | ret=SUCCESS |  
2025-10-16 19:48:17,917 | INFO  | SCMAudit | user=runner | ip=127.0.0.1 | op=SEND_HEARTBEAT {"datanodeUUID":"f700af26-0e26-4136-9205-9509c82c8c70","term":"2","command":"[]"} | ret=SUCCESS |  
2025-10-16 19:48:18,110 | INFO  | SCMAudit | user=runner | ip=127.0.0.1 | op=SEND_HEARTBEAT {"datanodeUUID":"c0724e9c-0dd4-4d47-992c-7bfe285fdd38","term":"2","command":"[]"} | ret=SUCCESS |  
2025-10-16 19:48:18,110 | INFO  | SCMAudit | user=runner | ip=127.0.0.1 | op=SEND_HEARTBEAT {"datanodeUUID":"8a3c3252-9afe-4d3a-8492-25be6557678a","term":"2","command":"[]"} | ret=SUCCESS |  
2025-10-16 19:48:18,110 | INFO  | SCMAudit | user=runner | ip=127.0.0.1 | op=SEND_HEARTBEAT {"datanodeUUID":"e33e6ec4-6b66-4281-bedd-2bd75bd30070","term":"2","command":"[]"} | ret=SUCCESS |  
2025-10-16 19:48:18,112 | INFO  | SCMAudit | user=runner | ip=127.0.0.1 | op=SEND_HEARTBEAT {"datanodeUUID":"8a0fa2ff-b550-4652-b2fe-0cf91cd4a157","term":"2","command":"[]"} | ret=SUCCESS |  
2025-10-16 19:48:18,121 | INFO  | SCMAudit | user=runner | ip=127.0.0.1 | op=SEND_HEARTBEAT {"datanodeUUID":"aa213937-adc5-47da-a770-0ee1e4664344","term":"2","command":"[]"} | ret=SUCCESS |  
2025-10-16 19:48:18,122 | INFO  | SCMAudit | user=runner | ip=127.0.0.1 | op=SEND_HEARTBEAT {"datanodeUUID":"58cff6b7-b2a7-446b-a75a-bb98ad6b11b8","term":"2","command":"[]"} | ret=SUCCESS |  
2025-10-16 19:48:18,124 | INFO  | SCMAudit | user=runner | ip=127.0.0.1 | op=SEND_HEARTBEAT {"datanodeUUID":"e072d245-7694-4d97-8e20-c503ebf8c2fe","term":"2","command":"[]"} | ret=SUCCESS |  
2025-10-16 19:48:18,127 | INFO  | SCMAudit | user=runner | ip=127.0.0.1 | op=SEND_HEARTBEAT {"datanodeUUID":"0428ab3f-efd5-438e-ae11-9ec242443260","term":"2","command":"[]"} | ret=SUCCESS |  
2025-10-16 19:48:18,304 | INFO  | SCMAudit | user=runner | ip=127.0.0.1 | op=SEND_HEARTBEAT {"datanodeUUID":"76d4ba71-5bbb-4b24-8f51-8bc7f78aaca4","term":"2","command":"[]"} | ret=SUCCESS |  
2025-10-16 19:48:18,307 | INFO  | SCMAudit | user=runner | ip=127.0.0.1 | op=SEND_HEARTBEAT {"datanodeUUID":"764b18f0-81c5-439a-9fff-25adc4f241fa","term":"2","command":"[]"} | ret=SUCCESS |  
2025-10-16 19:48:18,308 | INFO  | SCMAudit | user=runner | ip=127.0.0.1 | op=SEND_HEARTBEAT {"datanodeUUID":"0e8b6cc7-9945-4141-97fc-6aa017a0d5fa","term":"2","command":"[]"} | ret=SUCCESS |  
2025-10-16 19:48:18,378 [om1-KeyDeletingService#0] INFO  service.KeyDeletingService (KeyDeletingService.java:processKeyDeletes(151)) - Send 1 key(s) to SCM, first 1 keys: [PurgedKey{blockGroup=BlockGroup[groupID='/65cdeab6-e495-464b-aa77-fee0820c03e4/16f4463c-3a9a-4ec4-9aa2-471361def2e7/53d54d20-8e66-472c-ad13-d44649af15e3/-9223372036854676992/0', blockIDs=[conID: 24 locID: 115816896921600124 bcsId: 0 replicaIndex: null, conID: 25 locID: 115816896921600125 bcsId: 0 replicaIndex: null]], volume='65cdeab6-e495-464b-aa77-fee0820c03e4', bucket='16f4463c-3a9a-4ec4-9aa2-471361def2e7', bucketId=-9223372036854678016, purgedBytes=20971523, isCommittedKey=true, deleteKeyName='/65cdeab6-e495-464b-aa77-fee0820c03e4/16f4463c-3a9a-4ec4-9aa2-471361def2e7/53d54d20-8e66-472c-ad13-d44649af15e3/-9223372036854676992'}]
2025-10-16 19:48:18,381 | INFO  | SCMAudit | user=runner | ip=127.0.0.1 | op=DELETE_KEY_BLOCK {"KeyBlockToDelete":"[BlockGroup[groupID='/65cdeab6-e495-464b-aa77-fee0820c03e4/16f4463c-3a9a-4ec4-9aa2-471361def2e7/53d54d20-8e66-472c-ad13-d44649af15e3/-9223372036854676992/0', blockIDs=[conID: 24 locID: 115816896921600124 bcsId: 0 replicaIndex: null, conID: 25 locID: 115816896921600125 bcsId: 0 replicaIndex: null]]]"} | ret=SUCCESS |  
2025-10-16 19:48:18,381 [om1-KeyDeletingService#0] INFO  service.KeyDeletingService (KeyDeletingService.java:processKeyDeletes(158)) - 1 BlockGroup deletion are acked by SCM in 3 ms
2025-10-16 19:48:18,383 [om1-KeyDeletingService#0] INFO  service.KeyDeletingService (KeyDeletingService.java:processKeyDeletes(166)) - Blocks for 1 (out of 1) keys are deleted from DB in 1 ms. Limit per task is 50000.
2025-10-16 19:48:18,417 | INFO  | OMAudit | user=runner | ip=127.0.0.1 | op=READ_VOLUME {"volume":"65cdeab6-e495-464b-aa77-fee0820c03e4"} | ret=SUCCESS |  
2025-10-16 19:48:18,419 | INFO  | OMAudit | user=runner | ip=127.0.0.1 | op=READ_BUCKET {"volume":"65cdeab6-e495-464b-aa77-fee0820c03e4","bucket":"16f4463c-3a9a-4ec4-9aa2-471361def2e7"} | ret=SUCCESS |  
2025-10-16 19:48:18,422 | INFO  | OMAudit | user=runner | ip=127.0.0.1 | op=DELETE_KEY {"volume":"65cdeab6-e495-464b-aa77-fee0820c03e4","bucket":"16f4463c-3a9a-4ec4-9aa2-471361def2e7","key":"53d54d20-8e66-472c-ad13-d44649af15e3","dataSize":"12582913","replicationConfig":"EC{rs-3-2-1024k}","Transaction":"388"} | ret=SUCCESS |  
2025-10-16 19:48:18,425 | INFO  | OMAudit | user=runner | ip=127.0.0.1 | op=READ_VOLUME {"volume":"65cdeab6-e495-464b-aa77-fee0820c03e4"} | ret=SUCCESS |  
2025-10-16 19:48:18,427 | INFO  | OMAudit | user=runner | ip=127.0.0.1 | op=READ_BUCKET {"volume":"65cdeab6-e495-464b-aa77-fee0820c03e4","bucket":"16f4463c-3a9a-4ec4-9aa2-471361def2e7"} | ret=SUCCESS |  
2025-10-16 19:48:18,707 | INFO  | SCMAudit | user=runner | ip=127.0.0.1 | op=SEND_HEARTBEAT {"datanodeUUID":"757ca056-973f-4f05-ab2d-6aff6c54d452","term":"2","command":"[]"} | ret=SUCCESS |  
2025-10-16 19:48:18,728 | INFO  | SCMAudit | user=runner | ip=127.0.0.1 | op=SEND_HEARTBEAT {"datanodeUUID":"702cb173-5c73-4ecc-b5cd-c7b4a6b66aea","term":"2","command":"[]"} | ret=SUCCESS |  
2025-10-16 19:48:18,917 | INFO  | SCMAudit | user=runner | ip=127.0.0.1 | op=SEND_HEARTBEAT {"datanodeUUID":"f700af26-0e26-4136-9205-9509c82c8c70","term":"2","command":"[]"} | ret=SUCCESS |  
2025-10-16 19:48:19,109 | INFO  | SCMAudit | user=runner | ip=127.0.0.1 | op=SEND_HEARTBEAT {"datanodeUUID":"8a3c3252-9afe-4d3a-8492-25be6557678a","term":"2","command":"[]"} | ret=SUCCESS |  
2025-10-16 19:48:19,109 | INFO  | SCMAudit | user=runner | ip=127.0.0.1 | op=SEND_HEARTBEAT {"datanodeUUID":"c0724e9c-0dd4-4d47-992c-7bfe285fdd38","term":"2","command":"[]"} | ret=SUCCESS |  
2025-10-16 19:48:19,110 | INFO  | SCMAudit | user=runner | ip=127.0.0.1 | op=SEND_HEARTBEAT {"datanodeUUID":"e33e6ec4-6b66-4281-bedd-2bd75bd30070","term":"2","command":"[]"} | ret=SUCCESS |  
2025-10-16 19:48:19,112 | INFO  | SCMAudit | user=runner | ip=127.0.0.1 | op=SEND_HEARTBEAT {"datanodeUUID":"8a0fa2ff-b550-4652-b2fe-0cf91cd4a157","term":"2","command":"[]"} | ret=SUCCESS |  
2025-10-16 19:48:19,120 | INFO  | SCMAudit | user=runner | ip=127.0.0.1 | op=SEND_HEARTBEAT {"datanodeUUID":"aa213937-adc5-47da-a770-0ee1e4664344","term":"2","command":"[]"} | ret=SUCCESS |  
2025-10-16 19:48:19,122 | INFO  | SCMAudit | user=runner | ip=127.0.0.1 | op=SEND_HEARTBEAT {"datanodeUUID":"58cff6b7-b2a7-446b-a75a-bb98ad6b11b8","term":"2","command":"[]"} | ret=SUCCESS |  
2025-10-16 19:48:19,125 | INFO  | SCMAudit | user=runner | ip=127.0.0.1 | op=SEND_HEARTBEAT {"datanodeUUID":"e072d245-7694-4d97-8e20-c503ebf8c2fe","term":"2","command":"[]"} | ret=SUCCESS |  
2025-10-16 19:48:19,127 | INFO  | SCMAudit | user=runner | ip=127.0.0.1 | op=SEND_HEARTBEAT {"datanodeUUID":"0428ab3f-efd5-438e-ae11-9ec242443260","term":"2","command":"[]"} | ret=SUCCESS |  
2025-10-16 19:48:19,304 | INFO  | SCMAudit | user=runner | ip=127.0.0.1 | op=SEND_HEARTBEAT {"datanodeUUID":"76d4ba71-5bbb-4b24-8f51-8bc7f78aaca4","term":"2","command":"[]"} | ret=SUCCESS |  
2025-10-16 19:48:19,307 | INFO  | SCMAudit | user=runner | ip=127.0.0.1 | op=SEND_HEARTBEAT {"datanodeUUID":"764b18f0-81c5-439a-9fff-25adc4f241fa","term":"2","command":"[]"} | ret=SUCCESS |  
2025-10-16 19:48:19,309 | INFO  | SCMAudit | user=runner | ip=127.0.0.1 | op=SEND_HEARTBEAT {"datanodeUUID":"0e8b6cc7-9945-4141-97fc-6aa017a0d5fa","term":"2","command":"[]"} | ret=SUCCESS |  
2025-10-16 19:48:19,378 [om1-KeyDeletingService#9] INFO  service.KeyDeletingService (KeyDeletingService.java:processKeyDeletes(151)) - Send 1 key(s) to SCM, first 1 keys: [PurgedKey{blockGroup=BlockGroup[groupID='/65cdeab6-e495-464b-aa77-fee0820c03e4/16f4463c-3a9a-4ec4-9aa2-471361def2e7/53d54d20-8e66-472c-ad13-d44649af15e3/-9223372036854677759/0', blockIDs=[conID: 25 locID: 115816896921600126 bcsId: 0 replicaIndex: null, conID: 25 locID: 115816896921600127 bcsId: 0 replicaIndex: null]], volume='65cdeab6-e495-464b-aa77-fee0820c03e4', bucket='16f4463c-3a9a-4ec4-9aa2-471361def2e7', bucketId=-9223372036854678016, purgedBytes=20971523, isCommittedKey=true, deleteKeyName='/65cdeab6-e495-464b-aa77-fee0820c03e4/16f4463c-3a9a-4ec4-9aa2-471361def2e7/53d54d20-8e66-472c-ad13-d44649af15e3/-9223372036854677759'}]
2025-10-16 19:48:19,380 | INFO  | SCMAudit | user=runner | ip=127.0.0.1 | op=DELETE_KEY_BLOCK {"KeyBlockToDelete":"[BlockGroup[groupID='/65cdeab6-e495-464b-aa77-fee0820c03e4/16f4463c-3a9a-4ec4-9aa2-471361def2e7/53d54d20-8e66-472c-ad13-d44649af15e3/-9223372036854677759/0', blockIDs=[conID: 25 locID: 115816896921600126 bcsId: 0 replicaIndex: null, conID: 25 locID: 115816896921600127 bcsId: 0 replicaIndex: null]]]"} | ret=SUCCESS |  
2025-10-16 19:48:19,381 [om1-KeyDeletingService#9] INFO  service.KeyDeletingService (KeyDeletingService.java:processKeyDeletes(158)) - 1 BlockGroup deletion are acked by SCM in 2 ms
2025-10-16 19:48:19,382 [om1-KeyDeletingService#9] INFO  service.KeyDeletingService (KeyDeletingService.java:processKeyDeletes(166)) - Blocks for 1 (out of 1) keys are deleted from DB in 2 ms. Limit per task is 50000.
2025-10-16 19:48:19,428 | INFO  | OMAudit | user=runner | ip=127.0.0.1 | op=READ_VOLUME {"volume":"65cdeab6-e495-464b-aa77-fee0820c03e4"} | ret=SUCCESS |  
2025-10-16 19:48:19,430 | INFO  | OMAudit | user=runner | ip=127.0.0.1 | op=READ_BUCKET {"volume":"65cdeab6-e495-464b-aa77-fee0820c03e4","bucket":"16f4463c-3a9a-4ec4-9aa2-471361def2e7"} | ret=SUCCESS |  
2025-10-16 19:48:19,430 [ForkJoinPool-1-worker-1] INFO  rpc.RpcClient (RpcClient.java:createVolume(461)) - Creating Volume: bd4e4b29-b8ca-4b2b-8744-25679be0e41b, with runner as owner and space quota set to -1 bytes, counts quota set to -1
2025-10-16 19:48:19,432 [om1-OMStateMachineApplyTransactionThread - 0] INFO  volume.OMVolumeCreateRequest (OMVolumeCreateRequest.java:validateAndUpdateCache(213)) - created volume:bd4e4b29-b8ca-4b2b-8744-25679be0e41b for user:runner
2025-10-16 19:48:19,433 | INFO  | OMAudit | user=runner | ip=127.0.0.1 | op=CREATE_VOLUME {"admin":"runner","owner":"runner","volume":"bd4e4b29-b8ca-4b2b-8744-25679be0e41b","creationTime":"1760644099431","modificationTime":"1760644099431","quotaInBytes":"-1","quotaInNamespace":"-1","usedNamespace":"0","objectID":"-9223372036854675968","updateID":"390","Transaction":"390"} | ret=SUCCESS |  
2025-10-16 19:48:19,434 | INFO  | OMAudit | user=runner | ip=127.0.0.1 | op=READ_VOLUME {"volume":"bd4e4b29-b8ca-4b2b-8744-25679be0e41b"} | ret=SUCCESS |  
2025-10-16 19:48:19,434 [ForkJoinPool-1-worker-1] INFO  rpc.RpcClient (RpcClient.java:createBucket(686)) - Creating Bucket: bd4e4b29-b8ca-4b2b-8744-25679be0e41b/0918f7e1-bc78-4516-b0af-de344683615d, with server-side default bucket layout, runner as owner, Versioning false, Storage Type set to DISK and Encryption set to false, Replication Type set to server-side default replication type, Namespace Quota set to -1, Space Quota set to -1 
2025-10-16 19:48:19,436 [om1-OMStateMachineApplyTransactionThread - 0] INFO  bucket.OMBucketCreateRequest (OMBucketCreateRequest.java:validateAndUpdateCache(303)) - created bucket: 0918f7e1-bc78-4516-b0af-de344683615d of layout FILE_SYSTEM_OPTIMIZED in volume: bd4e4b29-b8ca-4b2b-8744-25679be0e41b
2025-10-16 19:48:19,436 | INFO  | OMAudit | user=runner | ip=127.0.0.1 | op=CREATE_BUCKET {"volume":"bd4e4b29-b8ca-4b2b-8744-25679be0e41b","bucket":"0918f7e1-bc78-4516-b0af-de344683615d","bucketLayout":"FILE_SYSTEM_OPTIMIZED","gdprEnabled":null,"acls":"[user:runner:a[ACCESS], group:runner:rl[ACCESS]]","isVersionEnabled":"false","storageType":"DISK","creationTime":"1760644099435","bucketEncryptionKey":null,"modificationTime":"1760644099435","usedBytes":"0","usedNamespace":"0","snapshotUsedBytes":"0","snapshotUsedNamespace":"0","owner":"runner","replicationType":null,"replicationConfig":null,"quotaInBytes":"-1","quotaInNamespace":"-1","Transaction":"391"} | ret=SUCCESS |  
2025-10-16 19:48:19,436 | INFO  | OMAudit | user=runner | ip=127.0.0.1 | op=READ_BUCKET {"volume":"bd4e4b29-b8ca-4b2b-8744-25679be0e41b","bucket":"0918f7e1-bc78-4516-b0af-de344683615d"} | ret=SUCCESS |  
2025-10-16 19:48:19,438 | INFO  | OMAudit | user=runner | ip=127.0.0.1 | op=READ_BUCKET {"volume":"bd4e4b29-b8ca-4b2b-8744-25679be0e41b","bucket":"0918f7e1-bc78-4516-b0af-de344683615d"} | ret=SUCCESS |  
2025-10-16 19:48:19,439 | INFO  | SCMAudit | user=runner | ip=127.0.0.1 | op=ALLOCATE_BLOCK {"replication":"EC{rs-3-2-1024k}","owner":"omServiceIdDefault","size":"4194304","sampleBlocks":"[conID: 22 locID: 115816896921600128, conID: 23 locID: 115816896921600129]","num":"2","client":"","allocated":"2"} | ret=SUCCESS |  
2025-10-16 19:48:19,442 | INFO  | OMAudit | user=runner | ip=127.0.0.1 | op=ALLOCATE_KEY {"volume":"bd4e4b29-b8ca-4b2b-8744-25679be0e41b","bucket":"0918f7e1-bc78-4516-b0af-de344683615d","key":"17cb2386-7a6a-4b0e-894b-2fdd1d83a9f8","dataSize":"16777216","replicationType":"EC","replicationConfig":"rs-3-2-1048576","Transaction":"392"} | ret=SUCCESS |  
2025-10-16 19:48:19,444 | INFO  | OMAudit | user=runner | ip=127.0.0.1 | op=READ_VOLUME {"volume":"bd4e4b29-b8ca-4b2b-8744-25679be0e41b"} | ret=SUCCESS |  
2025-10-16 19:48:19,445 | INFO  | OMAudit | user=runner | ip=127.0.0.1 | op=READ_BUCKET {"volume":"bd4e4b29-b8ca-4b2b-8744-25679be0e41b","bucket":"0918f7e1-bc78-4516-b0af-de344683615d"} | ret=SUCCESS |  
2025-10-16 19:48:19,548 | INFO  | OMAudit | user=runner | ip=127.0.0.1 | op=COMMIT_KEY {"volume":"bd4e4b29-b8ca-4b2b-8744-25679be0e41b","bucket":"0918f7e1-bc78-4516-b0af-de344683615d","key":"17cb2386-7a6a-4b0e-894b-2fdd1d83a9f8","dataSize":"16777216","replicationType":"EC","replicationConfig":"rs-3-2-1048576","Transaction":"393"} | ret=SUCCESS |  
2025-10-16 19:48:19,550 | INFO  | OMAudit | user=runner | ip=127.0.0.1 | op=READ_VOLUME {"volume":"bd4e4b29-b8ca-4b2b-8744-25679be0e41b"} | ret=SUCCESS |  
2025-10-16 19:48:19,551 | INFO  | OMAudit | user=runner | ip=127.0.0.1 | op=READ_BUCKET {"volume":"bd4e4b29-b8ca-4b2b-8744-25679be0e41b","bucket":"0918f7e1-bc78-4516-b0af-de344683615d"} | ret=SUCCESS |  
2025-10-16 19:48:19,553 | INFO  | OMAudit | user=runner | ip=127.0.0.1 | op=READ_BUCKET {"volume":"bd4e4b29-b8ca-4b2b-8744-25679be0e41b","bucket":"0918f7e1-bc78-4516-b0af-de344683615d"} | ret=SUCCESS |  
2025-10-16 19:48:19,554 | INFO  | SCMAudit | user=runner | ip=127.0.0.1 | op=ALLOCATE_BLOCK {"replication":"EC{rs-3-2-1024k}","owner":"omServiceIdDefault","size":"4194304","sampleBlocks":"[conID: 23 locID: 115816896921600130, conID: 23 locID: 115816896921600131]","num":"2","client":"","allocated":"2"} | ret=SUCCESS |  
2025-10-16 19:48:19,558 | INFO  | OMAudit | user=runner | ip=127.0.0.1 | op=ALLOCATE_KEY {"volume":"bd4e4b29-b8ca-4b2b-8744-25679be0e41b","bucket":"0918f7e1-bc78-4516-b0af-de344683615d","key":"17cb2386-7a6a-4b0e-894b-2fdd1d83a9f8","dataSize":"16777216","replicationType":"EC","replicationConfig":"rs-3-2-1048576","Transaction":"394"} | ret=SUCCESS |  
2025-10-16 19:48:19,561 | INFO  | OMAudit | user=runner | ip=127.0.0.1 | op=READ_VOLUME {"volume":"bd4e4b29-b8ca-4b2b-8744-25679be0e41b"} | ret=SUCCESS |  
2025-10-16 19:48:19,562 | INFO  | OMAudit | user=runner | ip=127.0.0.1 | op=READ_BUCKET {"volume":"bd4e4b29-b8ca-4b2b-8744-25679be0e41b","bucket":"0918f7e1-bc78-4516-b0af-de344683615d"} | ret=SUCCESS |  
2025-10-16 19:48:19,676 | INFO  | OMAudit | user=runner | ip=127.0.0.1 | op=COMMIT_KEY {"volume":"bd4e4b29-b8ca-4b2b-8744-25679be0e41b","bucket":"0918f7e1-bc78-4516-b0af-de344683615d","key":"17cb2386-7a6a-4b0e-894b-2fdd1d83a9f8","dataSize":"16777216","replicationType":"EC","replicationConfig":"rs-3-2-1048576","Transaction":"395"} | ret=SUCCESS |  
2025-10-16 19:48:19,677 | INFO  | OMAudit | user=runner | ip=127.0.0.1 | op=READ_VOLUME {"volume":"bd4e4b29-b8ca-4b2b-8744-25679be0e41b"} | ret=SUCCESS |  
2025-10-16 19:48:19,678 | INFO  | OMAudit | user=runner | ip=127.0.0.1 | op=READ_BUCKET {"volume":"bd4e4b29-b8ca-4b2b-8744-25679be0e41b","bucket":"0918f7e1-bc78-4516-b0af-de344683615d"} | ret=SUCCESS |  
2025-10-16 19:48:19,707 | INFO  | SCMAudit | user=runner | ip=127.0.0.1 | op=SEND_HEARTBEAT {"datanodeUUID":"757ca056-973f-4f05-ab2d-6aff6c54d452","term":"2","command":"[]"} | ret=SUCCESS |  
2025-10-16 19:48:19,728 | INFO  | SCMAudit | user=runner | ip=127.0.0.1 | op=SEND_HEARTBEAT {"datanodeUUID":"702cb173-5c73-4ecc-b5cd-c7b4a6b66aea","term":"2","command":"[]"} | ret=SUCCESS |  
2025-10-16 19:48:19,917 | INFO  | SCMAudit | user=runner | ip=127.0.0.1 | op=SEND_HEARTBEAT {"datanodeUUID":"f700af26-0e26-4136-9205-9509c82c8c70","term":"2","command":"[]"} | ret=SUCCESS |  
2025-10-16 19:48:20,110 | INFO  | SCMAudit | user=runner | ip=127.0.0.1 | op=SEND_HEARTBEAT {"datanodeUUID":"8a3c3252-9afe-4d3a-8492-25be6557678a","term":"2","command":"[]"} | ret=SUCCESS |  
2025-10-16 19:48:20,110 | INFO  | SCMAudit | user=runner | ip=127.0.0.1 | op=SEND_HEARTBEAT {"datanodeUUID":"c0724e9c-0dd4-4d47-992c-7bfe285fdd38","term":"2","command":"[]"} | ret=SUCCESS |  
2025-10-16 19:48:20,111 | INFO  | SCMAudit | user=runner | ip=127.0.0.1 | op=SEND_HEARTBEAT {"datanodeUUID":"e33e6ec4-6b66-4281-bedd-2bd75bd30070","term":"2","command":"[]"} | ret=SUCCESS |  
2025-10-16 19:48:20,113 | INFO  | SCMAudit | user=runner | ip=127.0.0.1 | op=SEND_HEARTBEAT {"datanodeUUID":"8a0fa2ff-b550-4652-b2fe-0cf91cd4a157","term":"2","command":"[]"} | ret=SUCCESS |  
2025-10-16 19:48:20,120 | INFO  | SCMAudit | user=runner | ip=127.0.0.1 | op=SEND_HEARTBEAT {"datanodeUUID":"aa213937-adc5-47da-a770-0ee1e4664344","term":"2","command":"[]"} | ret=SUCCESS |  
2025-10-16 19:48:20,122 | INFO  | SCMAudit | user=runner | ip=127.0.0.1 | op=SEND_HEARTBEAT {"datanodeUUID":"58cff6b7-b2a7-446b-a75a-bb98ad6b11b8","term":"2","command":"[]"} | ret=SUCCESS |  
2025-10-16 19:48:20,124 | INFO  | SCMAudit | user=runner | ip=127.0.0.1 | op=SEND_HEARTBEAT {"datanodeUUID":"e072d245-7694-4d97-8e20-c503ebf8c2fe","term":"2","command":"[]"} | ret=SUCCESS |  
2025-10-16 19:48:20,128 | INFO  | SCMAudit | user=runner | ip=127.0.0.1 | op=SEND_HEARTBEAT {"datanodeUUID":"0428ab3f-efd5-438e-ae11-9ec242443260","term":"2","command":"[]"} | ret=SUCCESS |  
2025-10-16 19:48:20,304 | INFO  | SCMAudit | user=runner | ip=127.0.0.1 | op=SEND_HEARTBEAT {"datanodeUUID":"76d4ba71-5bbb-4b24-8f51-8bc7f78aaca4","term":"2","command":"[]"} | ret=SUCCESS |  
2025-10-16 19:48:20,307 | INFO  | SCMAudit | user=runner | ip=127.0.0.1 | op=SEND_HEARTBEAT {"datanodeUUID":"764b18f0-81c5-439a-9fff-25adc4f241fa","term":"2","command":"[]"} | ret=SUCCESS |  
2025-10-16 19:48:20,308 | INFO  | SCMAudit | user=runner | ip=127.0.0.1 | op=SEND_HEARTBEAT {"datanodeUUID":"0e8b6cc7-9945-4141-97fc-6aa017a0d5fa","term":"2","command":"[]"} | ret=SUCCESS |  
2025-10-16 19:48:20,379 [om1-KeyDeletingService#8] INFO  service.KeyDeletingService (KeyDeletingService.java:processKeyDeletes(151)) - Send 1 key(s) to SCM, first 1 keys: [PurgedKey{blockGroup=BlockGroup[groupID='/bd4e4b29-b8ca-4b2b-8744-25679be0e41b/0918f7e1-bc78-4516-b0af-de344683615d/17cb2386-7a6a-4b0e-894b-2fdd1d83a9f8/-9223372036854674688/0', blockIDs=[conID: 22 locID: 115816896921600128 bcsId: 0 replicaIndex: null, conID: 23 locID: 115816896921600129 bcsId: 0 replicaIndex: null]], volume='bd4e4b29-b8ca-4b2b-8744-25679be0e41b', bucket='0918f7e1-bc78-4516-b0af-de344683615d', bucketId=-9223372036854675712, purgedBytes=29360128, isCommittedKey=true, deleteKeyName='/bd4e4b29-b8ca-4b2b-8744-25679be0e41b/0918f7e1-bc78-4516-b0af-de344683615d/17cb2386-7a6a-4b0e-894b-2fdd1d83a9f8/-9223372036854674688'}]
2025-10-16 19:48:20,381 | INFO  | SCMAudit | user=runner | ip=127.0.0.1 | op=DELETE_KEY_BLOCK {"KeyBlockToDelete":"[BlockGroup[groupID='/bd4e4b29-b8ca-4b2b-8744-25679be0e41b/0918f7e1-bc78-4516-b0af-de344683615d/17cb2386-7a6a-4b0e-894b-2fdd1d83a9f8/-9223372036854674688/0', blockIDs=[conID: 22 locID: 115816896921600128 bcsId: 0 replicaIndex: null, conID: 23 locID: 115816896921600129 bcsId: 0 replicaIndex: null]]]"} | ret=SUCCESS |  
2025-10-16 19:48:20,381 [om1-KeyDeletingService#8] INFO  service.KeyDeletingService (KeyDeletingService.java:processKeyDeletes(158)) - 1 BlockGroup deletion are acked by SCM in 3 ms
2025-10-16 19:48:20,383 [om1-KeyDeletingService#8] INFO  service.KeyDeletingService (KeyDeletingService.java:processKeyDeletes(166)) - Blocks for 1 (out of 1) keys are deleted from DB in 1 ms. Limit per task is 50000.
2025-10-16 19:48:20,680 | INFO  | OMAudit | user=runner | ip=127.0.0.1 | op=READ_VOLUME {"volume":"bd4e4b29-b8ca-4b2b-8744-25679be0e41b"} | ret=SUCCESS |  
2025-10-16 19:48:20,681 | INFO  | OMAudit | user=runner | ip=127.0.0.1 | op=READ_BUCKET {"volume":"bd4e4b29-b8ca-4b2b-8744-25679be0e41b","bucket":"0918f7e1-bc78-4516-b0af-de344683615d"} | ret=SUCCESS |  
2025-10-16 19:48:20,684 | INFO  | OMAudit | user=runner | ip=127.0.0.1 | op=DELETE_KEY {"volume":"bd4e4b29-b8ca-4b2b-8744-25679be0e41b","bucket":"0918f7e1-bc78-4516-b0af-de344683615d","key":"17cb2386-7a6a-4b0e-894b-2fdd1d83a9f8","dataSize":"16777216","replicationConfig":"EC{rs-3-2-1024k}","Transaction":"397"} | ret=SUCCESS |  
2025-10-16 19:48:20,685 | INFO  | OMAudit | user=runner | ip=127.0.0.1 | op=READ_VOLUME {"volume":"bd4e4b29-b8ca-4b2b-8744-25679be0e41b"} | ret=SUCCESS |  
2025-10-16 19:48:20,686 | INFO  | OMAudit | user=runner | ip=127.0.0.1 | op=READ_BUCKET {"volume":"bd4e4b29-b8ca-4b2b-8744-25679be0e41b","bucket":"0918f7e1-bc78-4516-b0af-de344683615d"} | ret=SUCCESS |  
2025-10-16 19:48:20,706 | INFO  | SCMAudit | user=runner | ip=127.0.0.1 | op=SEND_HEARTBEAT {"datanodeUUID":"757ca056-973f-4f05-ab2d-6aff6c54d452","term":"2","command":"[]"} | ret=SUCCESS |  
2025-10-16 19:48:20,729 | INFO  | SCMAudit | user=runner | ip=127.0.0.1 | op=SEND_HEARTBEAT {"datanodeUUID":"702cb173-5c73-4ecc-b5cd-c7b4a6b66aea","term":"2","command":"[]"} | ret=SUCCESS |  
2025-10-16 19:48:20,916 | INFO  | SCMAudit | user=runner | ip=127.0.0.1 | op=SEND_HEARTBEAT {"datanodeUUID":"f700af26-0e26-4136-9205-9509c82c8c70","term":"2","command":"[]"} | ret=SUCCESS |  
2025-10-16 19:48:21,110 | INFO  | SCMAudit | user=runner | ip=127.0.0.1 | op=SEND_HEARTBEAT {"datanodeUUID":"c0724e9c-0dd4-4d47-992c-7bfe285fdd38","term":"2","command":"[]"} | ret=SUCCESS |  
2025-10-16 19:48:21,110 | INFO  | SCMAudit | user=runner | ip=127.0.0.1 | op=SEND_HEARTBEAT {"datanodeUUID":"8a3c3252-9afe-4d3a-8492-25be6557678a","term":"2","command":"[]"} | ret=SUCCESS |  
2025-10-16 19:48:21,111 | INFO  | SCMAudit | user=runner | ip=127.0.0.1 | op=SEND_HEARTBEAT {"datanodeUUID":"e33e6ec4-6b66-4281-bedd-2bd75bd30070","term":"2","command":"[]"} | ret=SUCCESS |  
2025-10-16 19:48:21,112 | INFO  | SCMAudit | user=runner | ip=127.0.0.1 | op=SEND_HEARTBEAT {"datanodeUUID":"8a0fa2ff-b550-4652-b2fe-0cf91cd4a157","term":"2","command":"[]"} | ret=SUCCESS |  
2025-10-16 19:48:21,121 | INFO  | SCMAudit | user=runner | ip=127.0.0.1 | op=SEND_HEARTBEAT {"datanodeUUID":"aa213937-adc5-47da-a770-0ee1e4664344","term":"2","command":"[]"} | ret=SUCCESS |  
2025-10-16 19:48:21,123 | INFO  | SCMAudit | user=runner | ip=127.0.0.1 | op=SEND_HEARTBEAT {"datanodeUUID":"58cff6b7-b2a7-446b-a75a-bb98ad6b11b8","term":"2","command":"[]"} | ret=SUCCESS |  
2025-10-16 19:48:21,124 | INFO  | SCMAudit | user=runner | ip=127.0.0.1 | op=SEND_HEARTBEAT {"datanodeUUID":"e072d245-7694-4d97-8e20-c503ebf8c2fe","term":"2","command":"[]"} | ret=SUCCESS |  
2025-10-16 19:48:21,128 | INFO  | SCMAudit | user=runner | ip=127.0.0.1 | op=SEND_HEARTBEAT {"datanodeUUID":"0428ab3f-efd5-438e-ae11-9ec242443260","term":"2","command":"[]"} | ret=SUCCESS |  
2025-10-16 19:48:21,304 | INFO  | SCMAudit | user=runner | ip=127.0.0.1 | op=SEND_HEARTBEAT {"datanodeUUID":"76d4ba71-5bbb-4b24-8f51-8bc7f78aaca4","term":"2","command":"[]"} | ret=SUCCESS |  
2025-10-16 19:48:21,307 | INFO  | SCMAudit | user=runner | ip=127.0.0.1 | op=SEND_HEARTBEAT {"datanodeUUID":"764b18f0-81c5-439a-9fff-25adc4f241fa","term":"2","command":"[]"} | ret=SUCCESS |  
2025-10-16 19:48:21,308 | INFO  | SCMAudit | user=runner | ip=127.0.0.1 | op=SEND_HEARTBEAT {"datanodeUUID":"0e8b6cc7-9945-4141-97fc-6aa017a0d5fa","term":"2","command":"[]"} | ret=SUCCESS |  
2025-10-16 19:48:21,379 [om1-KeyDeletingService#3] INFO  service.KeyDeletingService (KeyDeletingService.java:processKeyDeletes(151)) - Send 1 key(s) to SCM, first 1 keys: [PurgedKey{blockGroup=BlockGroup[groupID='/bd4e4b29-b8ca-4b2b-8744-25679be0e41b/0918f7e1-bc78-4516-b0af-de344683615d/17cb2386-7a6a-4b0e-894b-2fdd1d83a9f8/-9223372036854675455/0', blockIDs=[conID: 23 locID: 115816896921600130 bcsId: 0 replicaIndex: null, conID: 23 locID: 115816896921600131 bcsId: 0 replicaIndex: null]], volume='bd4e4b29-b8ca-4b2b-8744-25679be0e41b', bucket='0918f7e1-bc78-4516-b0af-de344683615d', bucketId=-9223372036854675712, purgedBytes=29360128, isCommittedKey=true, deleteKeyName='/bd4e4b29-b8ca-4b2b-8744-25679be0e41b/0918f7e1-bc78-4516-b0af-de344683615d/17cb2386-7a6a-4b0e-894b-2fdd1d83a9f8/-9223372036854675455'}]
2025-10-16 19:48:21,381 | INFO  | SCMAudit | user=runner | ip=127.0.0.1 | op=DELETE_KEY_BLOCK {"KeyBlockToDelete":"[BlockGroup[groupID='/bd4e4b29-b8ca-4b2b-8744-25679be0e41b/0918f7e1-bc78-4516-b0af-de344683615d/17cb2386-7a6a-4b0e-894b-2fdd1d83a9f8/-9223372036854675455/0', blockIDs=[conID: 23 locID: 115816896921600130 bcsId: 0 replicaIndex: null, conID: 23 locID: 115816896921600131 bcsId: 0 replicaIndex: null]]]"} | ret=SUCCESS |  
2025-10-16 19:48:21,381 [om1-KeyDeletingService#3] INFO  service.KeyDeletingService (KeyDeletingService.java:processKeyDeletes(158)) - 1 BlockGroup deletion are acked by SCM in 3 ms
2025-10-16 19:48:21,383 [om1-KeyDeletingService#3] INFO  service.KeyDeletingService (KeyDeletingService.java:processKeyDeletes(166)) - Blocks for 1 (out of 1) keys are deleted from DB in 1 ms. Limit per task is 50000.
2025-10-16 19:48:21,687 | INFO  | OMAudit | user=runner | ip=127.0.0.1 | op=READ_VOLUME {"volume":"bd4e4b29-b8ca-4b2b-8744-25679be0e41b"} | ret=SUCCESS |  
2025-10-16 19:48:21,688 | INFO  | OMAudit | user=runner | ip=127.0.0.1 | op=READ_BUCKET {"volume":"bd4e4b29-b8ca-4b2b-8744-25679be0e41b","bucket":"0918f7e1-bc78-4516-b0af-de344683615d"} | ret=SUCCESS |  
2025-10-16 19:48:21,689 [ForkJoinPool-1-worker-1] INFO  rpc.RpcClient (RpcClient.java:createVolume(461)) - Creating Volume: 04516f7c-c675-4e07-ab8b-d32651b1f2a5, with runner as owner and space quota set to -1 bytes, counts quota set to -1
2025-10-16 19:48:21,690 [om1-OMStateMachineApplyTransactionThread - 0] INFO  volume.OMVolumeCreateRequest (OMVolumeCreateRequest.java:validateAndUpdateCache(213)) - created volume:04516f7c-c675-4e07-ab8b-d32651b1f2a5 for user:runner
2025-10-16 19:48:21,691 | INFO  | OMAudit | user=runner | ip=127.0.0.1 | op=CREATE_VOLUME {"admin":"runner","owner":"runner","volume":"04516f7c-c675-4e07-ab8b-d32651b1f2a5","creationTime":"1760644101689","modificationTime":"1760644101689","quotaInBytes":"-1","quotaInNamespace":"-1","usedNamespace":"0","objectID":"-9223372036854673664","updateID":"399","Transaction":"399"} | ret=SUCCESS |  
2025-10-16 19:48:21,692 | INFO  | OMAudit | user=runner | ip=127.0.0.1 | op=READ_VOLUME {"volume":"04516f7c-c675-4e07-ab8b-d32651b1f2a5"} | ret=SUCCESS |  
2025-10-16 19:48:21,692 [ForkJoinPool-1-worker-1] INFO  rpc.RpcClient (RpcClient.java:createBucket(686)) - Creating Bucket: 04516f7c-c675-4e07-ab8b-d32651b1f2a5/b617c769-bd46-4e33-82fc-fce41d9c0ff4, with server-side default bucket layout, runner as owner, Versioning false, Storage Type set to DISK and Encryption set to false, Replication Type set to server-side default replication type, Namespace Quota set to -1, Space Quota set to -1 
2025-10-16 19:48:21,693 [om1-OMStateMachineApplyTransactionThread - 0] INFO  bucket.OMBucketCreateRequest (OMBucketCreateRequest.java:validateAndUpdateCache(303)) - created bucket: b617c769-bd46-4e33-82fc-fce41d9c0ff4 of layout FILE_SYSTEM_OPTIMIZED in volume: 04516f7c-c675-4e07-ab8b-d32651b1f2a5
2025-10-16 19:48:21,693 | INFO  | OMAudit | user=runner | ip=127.0.0.1 | op=CREATE_BUCKET {"volume":"04516f7c-c675-4e07-ab8b-d32651b1f2a5","bucket":"b617c769-bd46-4e33-82fc-fce41d9c0ff4","bucketLayout":"FILE_SYSTEM_OPTIMIZED","gdprEnabled":null,"acls":"[user:runner:a[ACCESS], group:runner:rl[ACCESS]]","isVersionEnabled":"false","storageType":"DISK","creationTime":"1760644101693","bucketEncryptionKey":null,"modificationTime":"1760644101693","usedBytes":"0","usedNamespace":"0","snapshotUsedBytes":"0","snapshotUsedNamespace":"0","owner":"runner","replicationType":null,"replicationConfig":null,"quotaInBytes":"-1","quotaInNamespace":"-1","Transaction":"400"} | ret=SUCCESS |  
2025-10-16 19:48:21,695 | INFO  | OMAudit | user=runner | ip=127.0.0.1 | op=READ_BUCKET {"volume":"04516f7c-c675-4e07-ab8b-d32651b1f2a5","bucket":"b617c769-bd46-4e33-82fc-fce41d9c0ff4"} | ret=SUCCESS |  
2025-10-16 19:48:21,697 | INFO  | OMAudit | user=runner | ip=127.0.0.1 | op=READ_BUCKET {"volume":"04516f7c-c675-4e07-ab8b-d32651b1f2a5","bucket":"b617c769-bd46-4e33-82fc-fce41d9c0ff4"} | ret=SUCCESS |  
2025-10-16 19:48:21,698 | INFO  | SCMAudit | user=runner | ip=127.0.0.1 | op=ALLOCATE_BLOCK {"replication":"EC{rs-3-2-1024k}","owner":"omServiceIdDefault","size":"4194304","sampleBlocks":"[conID: 24 locID: 115816896921600132, conID: 22 locID: 115816896921600133]","num":"2","client":"","allocated":"2"} | ret=SUCCESS |  
2025-10-16 19:48:21,701 | INFO  | OMAudit | user=runner | ip=127.0.0.1 | op=ALLOCATE_KEY {"volume":"04516f7c-c675-4e07-ab8b-d32651b1f2a5","bucket":"b617c769-bd46-4e33-82fc-fce41d9c0ff4","key":"ce4664d6-f330-46c2-ba17-3de2144b252e","dataSize":"16777217","replicationType":"EC","replicationConfig":"rs-3-2-1048576","Transaction":"401"} | ret=SUCCESS |  
2025-10-16 19:48:21,702 | INFO  | OMAudit | user=runner | ip=127.0.0.1 | op=READ_VOLUME {"volume":"04516f7c-c675-4e07-ab8b-d32651b1f2a5"} | ret=SUCCESS |  
2025-10-16 19:48:21,703 | INFO  | OMAudit | user=runner | ip=127.0.0.1 | op=READ_BUCKET {"volume":"04516f7c-c675-4e07-ab8b-d32651b1f2a5","bucket":"b617c769-bd46-4e33-82fc-fce41d9c0ff4"} | ret=SUCCESS |  
2025-10-16 19:48:21,706 | INFO  | SCMAudit | user=runner | ip=127.0.0.1 | op=SEND_HEARTBEAT {"datanodeUUID":"757ca056-973f-4f05-ab2d-6aff6c54d452","term":"2","command":"[]"} | ret=SUCCESS |  
2025-10-16 19:48:21,732 | INFO  | SCMAudit | user=runner | ip=127.0.0.1 | op=SEND_HEARTBEAT {"datanodeUUID":"702cb173-5c73-4ecc-b5cd-c7b4a6b66aea","term":"2","command":"[]"} | ret=SUCCESS |  
2025-10-16 19:48:21,815 | INFO  | OMAudit | user=runner | ip=127.0.0.1 | op=COMMIT_KEY {"volume":"04516f7c-c675-4e07-ab8b-d32651b1f2a5","bucket":"b617c769-bd46-4e33-82fc-fce41d9c0ff4","key":"ce4664d6-f330-46c2-ba17-3de2144b252e","dataSize":"16777217","replicationType":"EC","replicationConfig":"rs-3-2-1048576","Transaction":"402"} | ret=SUCCESS |  
2025-10-16 19:48:21,816 | INFO  | OMAudit | user=runner | ip=127.0.0.1 | op=READ_VOLUME {"volume":"04516f7c-c675-4e07-ab8b-d32651b1f2a5"} | ret=SUCCESS |  
2025-10-16 19:48:21,818 | INFO  | OMAudit | user=runner | ip=127.0.0.1 | op=READ_BUCKET {"volume":"04516f7c-c675-4e07-ab8b-d32651b1f2a5","bucket":"b617c769-bd46-4e33-82fc-fce41d9c0ff4"} | ret=SUCCESS |  
2025-10-16 19:48:21,819 | INFO  | OMAudit | user=runner | ip=127.0.0.1 | op=READ_BUCKET {"volume":"04516f7c-c675-4e07-ab8b-d32651b1f2a5","bucket":"b617c769-bd46-4e33-82fc-fce41d9c0ff4"} | ret=SUCCESS |  
2025-10-16 19:48:21,821 | INFO  | SCMAudit | user=runner | ip=127.0.0.1 | op=ALLOCATE_BLOCK {"replication":"EC{rs-3-2-1024k}","owner":"omServiceIdDefault","size":"4194304","sampleBlocks":"[conID: 24 locID: 115816896921600134, conID: 26 locID: 115816896921600135]","num":"2","client":"","allocated":"2"} | ret=SUCCESS |  
2025-10-16 19:48:21,824 | INFO  | OMAudit | user=runner | ip=127.0.0.1 | op=ALLOCATE_KEY {"volume":"04516f7c-c675-4e07-ab8b-d32651b1f2a5","bucket":"b617c769-bd46-4e33-82fc-fce41d9c0ff4","key":"ce4664d6-f330-46c2-ba17-3de2144b252e","dataSize":"16777217","replicationType":"EC","replicationConfig":"rs-3-2-1048576","Transaction":"403"} | ret=SUCCESS |  
2025-10-16 19:48:21,826 | INFO  | OMAudit | user=runner | ip=127.0.0.1 | op=READ_VOLUME {"volume":"04516f7c-c675-4e07-ab8b-d32651b1f2a5"} | ret=SUCCESS |  
2025-10-16 19:48:21,828 | INFO  | OMAudit | user=runner | ip=127.0.0.1 | op=READ_BUCKET {"volume":"04516f7c-c675-4e07-ab8b-d32651b1f2a5","bucket":"b617c769-bd46-4e33-82fc-fce41d9c0ff4"} | ret=SUCCESS |  
2025-10-16 19:48:21,918 | INFO  | SCMAudit | user=runner | ip=127.0.0.1 | op=SEND_HEARTBEAT {"datanodeUUID":"f700af26-0e26-4136-9205-9509c82c8c70","term":"2","command":"[]"} | ret=SUCCESS |  
2025-10-16 19:48:21,941 | INFO  | OMAudit | user=runner | ip=127.0.0.1 | op=COMMIT_KEY {"volume":"04516f7c-c675-4e07-ab8b-d32651b1f2a5","bucket":"b617c769-bd46-4e33-82fc-fce41d9c0ff4","key":"ce4664d6-f330-46c2-ba17-3de2144b252e","dataSize":"16777217","replicationType":"EC","replicationConfig":"rs-3-2-1048576","Transaction":"404"} | ret=SUCCESS |  
2025-10-16 19:48:21,943 | INFO  | OMAudit | user=runner | ip=127.0.0.1 | op=READ_VOLUME {"volume":"04516f7c-c675-4e07-ab8b-d32651b1f2a5"} | ret=SUCCESS |  
2025-10-16 19:48:21,944 | INFO  | OMAudit | user=runner | ip=127.0.0.1 | op=READ_BUCKET {"volume":"04516f7c-c675-4e07-ab8b-d32651b1f2a5","bucket":"b617c769-bd46-4e33-82fc-fce41d9c0ff4"} | ret=SUCCESS |  
2025-10-16 19:48:22,110 | INFO  | SCMAudit | user=runner | ip=127.0.0.1 | op=SEND_HEARTBEAT {"datanodeUUID":"c0724e9c-0dd4-4d47-992c-7bfe285fdd38","term":"2","command":"[]"} | ret=SUCCESS |  
2025-10-16 19:48:22,110 | INFO  | SCMAudit | user=runner | ip=127.0.0.1 | op=SEND_HEARTBEAT {"datanodeUUID":"8a3c3252-9afe-4d3a-8492-25be6557678a","term":"2","command":"[]"} | ret=SUCCESS |  
2025-10-16 19:48:22,110 | INFO  | SCMAudit | user=runner | ip=127.0.0.1 | op=SEND_HEARTBEAT {"datanodeUUID":"e33e6ec4-6b66-4281-bedd-2bd75bd30070","term":"2","command":"[]"} | ret=SUCCESS |  
2025-10-16 19:48:22,112 | INFO  | SCMAudit | user=runner | ip=127.0.0.1 | op=SEND_HEARTBEAT {"datanodeUUID":"8a0fa2ff-b550-4652-b2fe-0cf91cd4a157","term":"2","command":"[]"} | ret=SUCCESS |  
2025-10-16 19:48:22,122 | INFO  | SCMAudit | user=runner | ip=127.0.0.1 | op=SEND_HEARTBEAT {"datanodeUUID":"aa213937-adc5-47da-a770-0ee1e4664344","term":"2","command":"[]"} | ret=SUCCESS |  
2025-10-16 19:48:22,123 | INFO  | SCMAudit | user=runner | ip=127.0.0.1 | op=SEND_HEARTBEAT {"datanodeUUID":"58cff6b7-b2a7-446b-a75a-bb98ad6b11b8","term":"2","command":"[]"} | ret=SUCCESS |  
2025-10-16 19:48:22,124 | INFO  | SCMAudit | user=runner | ip=127.0.0.1 | op=SEND_HEARTBEAT {"datanodeUUID":"e072d245-7694-4d97-8e20-c503ebf8c2fe","term":"2","command":"[]"} | ret=SUCCESS |  
2025-10-16 19:48:22,128 | INFO  | SCMAudit | user=runner | ip=127.0.0.1 | op=SEND_HEARTBEAT {"datanodeUUID":"0428ab3f-efd5-438e-ae11-9ec242443260","term":"2","command":"[]"} | ret=SUCCESS |  
2025-10-16 19:48:22,303 | INFO  | SCMAudit | user=runner | ip=127.0.0.1 | op=SEND_HEARTBEAT {"datanodeUUID":"76d4ba71-5bbb-4b24-8f51-8bc7f78aaca4","term":"2","command":"[]"} | ret=SUCCESS |  
2025-10-16 19:48:22,308 | INFO  | SCMAudit | user=runner | ip=127.0.0.1 | op=SEND_HEARTBEAT {"datanodeUUID":"764b18f0-81c5-439a-9fff-25adc4f241fa","term":"2","command":"[]"} | ret=SUCCESS |  
2025-10-16 19:48:22,309 | INFO  | SCMAudit | user=runner | ip=127.0.0.1 | op=SEND_HEARTBEAT {"datanodeUUID":"0e8b6cc7-9945-4141-97fc-6aa017a0d5fa","term":"2","command":"[]"} | ret=SUCCESS |  
2025-10-16 19:48:22,379 [om1-KeyDeletingService#5] INFO  service.KeyDeletingService (KeyDeletingService.java:processKeyDeletes(151)) - Send 1 key(s) to SCM, first 1 keys: [PurgedKey{blockGroup=BlockGroup[groupID='/04516f7c-c675-4e07-ab8b-d32651b1f2a5/b617c769-bd46-4e33-82fc-fce41d9c0ff4/ce4664d6-f330-46c2-ba17-3de2144b252e/-9223372036854672384/0', blockIDs=[conID: 24 locID: 115816896921600132 bcsId: 0 replicaIndex: null, conID: 22 locID: 115816896921600133 bcsId: 0 replicaIndex: null]], volume='04516f7c-c675-4e07-ab8b-d32651b1f2a5', bucket='b617c769-bd46-4e33-82fc-fce41d9c0ff4', bucketId=-9223372036854673408, purgedBytes=29360129, isCommittedKey=true, deleteKeyName='/04516f7c-c675-4e07-ab8b-d32651b1f2a5/b617c769-bd46-4e33-82fc-fce41d9c0ff4/ce4664d6-f330-46c2-ba17-3de2144b252e/-9223372036854672384'}]
2025-10-16 19:48:22,382 | INFO  | SCMAudit | user=runner | ip=127.0.0.1 | op=DELETE_KEY_BLOCK {"KeyBlockToDelete":"[BlockGroup[groupID='/04516f7c-c675-4e07-ab8b-d32651b1f2a5/b617c769-bd46-4e33-82fc-fce41d9c0ff4/ce4664d6-f330-46c2-ba17-3de2144b252e/-9223372036854672384/0', blockIDs=[conID: 24 locID: 115816896921600132 bcsId: 0 replicaIndex: null, conID: 22 locID: 115816896921600133 bcsId: 0 replicaIndex: null]]]"} | ret=SUCCESS |  
2025-10-16 19:48:22,382 [om1-KeyDeletingService#5] INFO  service.KeyDeletingService (KeyDeletingService.java:processKeyDeletes(158)) - 1 BlockGroup deletion are acked by SCM in 3 ms
2025-10-16 19:48:22,383 [om1-KeyDeletingService#5] INFO  service.KeyDeletingService (KeyDeletingService.java:processKeyDeletes(166)) - Blocks for 1 (out of 1) keys are deleted from DB in 2 ms. Limit per task is 50000.
2025-10-16 19:48:22,706 | INFO  | SCMAudit | user=runner | ip=127.0.0.1 | op=SEND_HEARTBEAT {"datanodeUUID":"757ca056-973f-4f05-ab2d-6aff6c54d452","term":"2","command":"[]"} | ret=SUCCESS |  
2025-10-16 19:48:22,730 | INFO  | SCMAudit | user=runner | ip=127.0.0.1 | op=SEND_HEARTBEAT {"datanodeUUID":"702cb173-5c73-4ecc-b5cd-c7b4a6b66aea","term":"2","command":"[]"} | ret=SUCCESS |  
2025-10-16 19:48:22,916 | INFO  | SCMAudit | user=runner | ip=127.0.0.1 | op=SEND_HEARTBEAT {"datanodeUUID":"f700af26-0e26-4136-9205-9509c82c8c70","term":"2","command":"[]"} | ret=SUCCESS |  
2025-10-16 19:48:22,945 | INFO  | OMAudit | user=runner | ip=127.0.0.1 | op=READ_VOLUME {"volume":"04516f7c-c675-4e07-ab8b-d32651b1f2a5"} | ret=SUCCESS |  
2025-10-16 19:48:22,946 | INFO  | OMAudit | user=runner | ip=127.0.0.1 | op=READ_BUCKET {"volume":"04516f7c-c675-4e07-ab8b-d32651b1f2a5","bucket":"b617c769-bd46-4e33-82fc-fce41d9c0ff4"} | ret=SUCCESS |  
2025-10-16 19:48:22,949 | INFO  | OMAudit | user=runner | ip=127.0.0.1 | op=DELETE_KEY {"volume":"04516f7c-c675-4e07-ab8b-d32651b1f2a5","bucket":"b617c769-bd46-4e33-82fc-fce41d9c0ff4","key":"ce4664d6-f330-46c2-ba17-3de2144b252e","dataSize":"16777217","replicationConfig":"EC{rs-3-2-1024k}","Transaction":"406"} | ret=SUCCESS |  
2025-10-16 19:48:22,950 | INFO  | OMAudit | user=runner | ip=127.0.0.1 | op=READ_VOLUME {"volume":"04516f7c-c675-4e07-ab8b-d32651b1f2a5"} | ret=SUCCESS |  
2025-10-16 19:48:22,950 | INFO  | OMAudit | user=runner | ip=127.0.0.1 | op=READ_BUCKET {"volume":"04516f7c-c675-4e07-ab8b-d32651b1f2a5","bucket":"b617c769-bd46-4e33-82fc-fce41d9c0ff4"} | ret=SUCCESS |  
2025-10-16 19:48:23,109 | INFO  | SCMAudit | user=runner | ip=127.0.0.1 | op=SEND_HEARTBEAT {"datanodeUUID":"c0724e9c-0dd4-4d47-992c-7bfe285fdd38","term":"2","command":"[]"} | ret=SUCCESS |  
2025-10-16 19:48:23,109 | INFO  | SCMAudit | user=runner | ip=127.0.0.1 | op=SEND_HEARTBEAT {"datanodeUUID":"8a3c3252-9afe-4d3a-8492-25be6557678a","term":"2","command":"[]"} | ret=SUCCESS |  
2025-10-16 19:48:23,110 | INFO  | SCMAudit | user=runner | ip=127.0.0.1 | op=SEND_HEARTBEAT {"datanodeUUID":"e33e6ec4-6b66-4281-bedd-2bd75bd30070","term":"2","command":"[]"} | ret=SUCCESS |  
2025-10-16 19:48:23,113 | INFO  | SCMAudit | user=runner | ip=127.0.0.1 | op=SEND_HEARTBEAT {"datanodeUUID":"8a0fa2ff-b550-4652-b2fe-0cf91cd4a157","term":"2","command":"[]"} | ret=SUCCESS |  
2025-10-16 19:48:23,121 | INFO  | SCMAudit | user=runner | ip=127.0.0.1 | op=SEND_HEARTBEAT {"datanodeUUID":"aa213937-adc5-47da-a770-0ee1e4664344","term":"2","command":"[]"} | ret=SUCCESS |  
2025-10-16 19:48:23,123 | INFO  | SCMAudit | user=runner | ip=127.0.0.1 | op=SEND_HEARTBEAT {"datanodeUUID":"58cff6b7-b2a7-446b-a75a-bb98ad6b11b8","term":"2","command":"[]"} | ret=SUCCESS |  
2025-10-16 19:48:23,125 | INFO  | SCMAudit | user=runner | ip=127.0.0.1 | op=SEND_HEARTBEAT {"datanodeUUID":"e072d245-7694-4d97-8e20-c503ebf8c2fe","term":"2","command":"[]"} | ret=SUCCESS |  
2025-10-16 19:48:23,128 | INFO  | SCMAudit | user=runner | ip=127.0.0.1 | op=SEND_HEARTBEAT {"datanodeUUID":"0428ab3f-efd5-438e-ae11-9ec242443260","term":"2","command":"[]"} | ret=SUCCESS |  
2025-10-16 19:48:23,303 | INFO  | SCMAudit | user=runner | ip=127.0.0.1 | op=SEND_HEARTBEAT {"datanodeUUID":"76d4ba71-5bbb-4b24-8f51-8bc7f78aaca4","term":"2","command":"[]"} | ret=SUCCESS |  
2025-10-16 19:48:23,307 | INFO  | SCMAudit | user=runner | ip=127.0.0.1 | op=SEND_HEARTBEAT {"datanodeUUID":"764b18f0-81c5-439a-9fff-25adc4f241fa","term":"2","command":"[]"} | ret=SUCCESS |  
2025-10-16 19:48:23,308 | INFO  | SCMAudit | user=runner | ip=127.0.0.1 | op=SEND_HEARTBEAT {"datanodeUUID":"0e8b6cc7-9945-4141-97fc-6aa017a0d5fa","term":"2","command":"[]"} | ret=SUCCESS |  
2025-10-16 19:48:23,380 [om1-KeyDeletingService#7] INFO  service.KeyDeletingService (KeyDeletingService.java:processKeyDeletes(151)) - Send 1 key(s) to SCM, first 1 keys: [PurgedKey{blockGroup=BlockGroup[groupID='/04516f7c-c675-4e07-ab8b-d32651b1f2a5/b617c769-bd46-4e33-82fc-fce41d9c0ff4/ce4664d6-f330-46c2-ba17-3de2144b252e/-9223372036854673151/0', blockIDs=[conID: 24 locID: 115816896921600134 bcsId: 0 replicaIndex: null, conID: 26 locID: 115816896921600135 bcsId: 0 replicaIndex: null]], volume='04516f7c-c675-4e07-ab8b-d32651b1f2a5', bucket='b617c769-bd46-4e33-82fc-fce41d9c0ff4', bucketId=-9223372036854673408, purgedBytes=29360129, isCommittedKey=true, deleteKeyName='/04516f7c-c675-4e07-ab8b-d32651b1f2a5/b617c769-bd46-4e33-82fc-fce41d9c0ff4/ce4664d6-f330-46c2-ba17-3de2144b252e/-9223372036854673151'}]
2025-10-16 19:48:23,382 | INFO  | SCMAudit | user=runner | ip=127.0.0.1 | op=DELETE_KEY_BLOCK {"KeyBlockToDelete":"[BlockGroup[groupID='/04516f7c-c675-4e07-ab8b-d32651b1f2a5/b617c769-bd46-4e33-82fc-fce41d9c0ff4/ce4664d6-f330-46c2-ba17-3de2144b252e/-9223372036854673151/0', blockIDs=[conID: 24 locID: 115816896921600134 bcsId: 0 replicaIndex: null, conID: 26 locID: 115816896921600135 bcsId: 0 replicaIndex: null]]]"} | ret=SUCCESS |  
2025-10-16 19:48:23,382 [om1-KeyDeletingService#7] INFO  service.KeyDeletingService (KeyDeletingService.java:processKeyDeletes(158)) - 1 BlockGroup deletion are acked by SCM in 3 ms
2025-10-16 19:48:23,384 [om1-KeyDeletingService#7] INFO  service.KeyDeletingService (KeyDeletingService.java:processKeyDeletes(166)) - Blocks for 1 (out of 1) keys are deleted from DB in 1 ms. Limit per task is 50000.
2025-10-16 19:48:23,707 | INFO  | SCMAudit | user=runner | ip=127.0.0.1 | op=SEND_HEARTBEAT {"datanodeUUID":"757ca056-973f-4f05-ab2d-6aff6c54d452","term":"2","command":"[]"} | ret=SUCCESS |  
2025-10-16 19:48:23,730 | INFO  | SCMAudit | user=runner | ip=127.0.0.1 | op=SEND_HEARTBEAT {"datanodeUUID":"702cb173-5c73-4ecc-b5cd-c7b4a6b66aea","term":"2","command":"[]"} | ret=SUCCESS |  
2025-10-16 19:48:23,917 | INFO  | SCMAudit | user=runner | ip=127.0.0.1 | op=SEND_HEARTBEAT {"datanodeUUID":"f700af26-0e26-4136-9205-9509c82c8c70","term":"2","command":"[]"} | ret=SUCCESS |  
2025-10-16 19:48:23,952 | INFO  | OMAudit | user=runner | ip=127.0.0.1 | op=READ_VOLUME {"volume":"04516f7c-c675-4e07-ab8b-d32651b1f2a5"} | ret=SUCCESS |  
2025-10-16 19:48:23,953 | INFO  | OMAudit | user=runner | ip=127.0.0.1 | op=READ_BUCKET {"volume":"04516f7c-c675-4e07-ab8b-d32651b1f2a5","bucket":"b617c769-bd46-4e33-82fc-fce41d9c0ff4"} | ret=SUCCESS |  
2025-10-16 19:48:23,954 [ForkJoinPool-1-worker-1] INFO  rpc.RpcClient (RpcClient.java:createVolume(461)) - Creating Volume: 1b1a1c55-50aa-46c3-a916-f8693a1fc796, with runner as owner and space quota set to -1 bytes, counts quota set to -1
2025-10-16 19:48:23,956 [om1-OMStateMachineApplyTransactionThread - 0] INFO  volume.OMVolumeCreateRequest (OMVolumeCreateRequest.java:validateAndUpdateCache(213)) - created volume:1b1a1c55-50aa-46c3-a916-f8693a1fc796 for user:runner
2025-10-16 19:48:23,956 | INFO  | OMAudit | user=runner | ip=127.0.0.1 | op=CREATE_VOLUME {"admin":"runner","owner":"runner","volume":"1b1a1c55-50aa-46c3-a916-f8693a1fc796","creationTime":"1760644103955","modificationTime":"1760644103955","quotaInBytes":"-1","quotaInNamespace":"-1","usedNamespace":"0","objectID":"-9223372036854671360","updateID":"408","Transaction":"408"} | ret=SUCCESS |  
2025-10-16 19:48:23,957 | INFO  | OMAudit | user=runner | ip=127.0.0.1 | op=READ_VOLUME {"volume":"1b1a1c55-50aa-46c3-a916-f8693a1fc796"} | ret=SUCCESS |  
2025-10-16 19:48:23,958 [ForkJoinPool-1-worker-1] INFO  rpc.RpcClient (RpcClient.java:createBucket(686)) - Creating Bucket: 1b1a1c55-50aa-46c3-a916-f8693a1fc796/feb38355-6bbb-481c-8bb2-63eb00ae1742, with server-side default bucket layout, runner as owner, Versioning false, Storage Type set to DISK and Encryption set to false, Replication Type set to server-side default replication type, Namespace Quota set to -1, Space Quota set to -1 
2025-10-16 19:48:23,960 [om1-OMStateMachineApplyTransactionThread - 0] INFO  bucket.OMBucketCreateRequest (OMBucketCreateRequest.java:validateAndUpdateCache(303)) - created bucket: feb38355-6bbb-481c-8bb2-63eb00ae1742 of layout FILE_SYSTEM_OPTIMIZED in volume: 1b1a1c55-50aa-46c3-a916-f8693a1fc796
2025-10-16 19:48:23,960 | INFO  | OMAudit | user=runner | ip=127.0.0.1 | op=CREATE_BUCKET {"volume":"1b1a1c55-50aa-46c3-a916-f8693a1fc796","bucket":"feb38355-6bbb-481c-8bb2-63eb00ae1742","bucketLayout":"FILE_SYSTEM_OPTIMIZED","gdprEnabled":null,"acls":"[user:runner:a[ACCESS], group:runner:rl[ACCESS]]","isVersionEnabled":"false","storageType":"DISK","creationTime":"1760644103959","bucketEncryptionKey":null,"modificationTime":"1760644103959","usedBytes":"0","usedNamespace":"0","snapshotUsedBytes":"0","snapshotUsedNamespace":"0","owner":"runner","replicationType":null,"replicationConfig":null,"quotaInBytes":"-1","quotaInNamespace":"-1","Transaction":"409"} | ret=SUCCESS |  
2025-10-16 19:48:23,961 | INFO  | OMAudit | user=runner | ip=127.0.0.1 | op=READ_BUCKET {"volume":"1b1a1c55-50aa-46c3-a916-f8693a1fc796","bucket":"feb38355-6bbb-481c-8bb2-63eb00ae1742"} | ret=SUCCESS |  
2025-10-16 19:48:23,963 | INFO  | OMAudit | user=runner | ip=127.0.0.1 | op=READ_BUCKET {"volume":"1b1a1c55-50aa-46c3-a916-f8693a1fc796","bucket":"feb38355-6bbb-481c-8bb2-63eb00ae1742"} | ret=SUCCESS |  
2025-10-16 19:48:23,964 | INFO  | SCMAudit | user=runner | ip=127.0.0.1 | op=ALLOCATE_BLOCK {"replication":"EC{rs-3-2-1024k}","owner":"omServiceIdDefault","size":"4194304","sampleBlocks":"[conID: 22 locID: 115816896921600136, conID: 24 locID: 115816896921600137]","num":"2","client":"","allocated":"2"} | ret=SUCCESS |  
2025-10-16 19:48:23,967 | INFO  | OMAudit | user=runner | ip=127.0.0.1 | op=ALLOCATE_KEY {"volume":"1b1a1c55-50aa-46c3-a916-f8693a1fc796","bucket":"feb38355-6bbb-481c-8bb2-63eb00ae1742","key":"34fbc158-b532-453d-a327-36532c90c082","dataSize":"20971520","replicationType":"EC","replicationConfig":"rs-3-2-1048576","Transaction":"410"} | ret=SUCCESS |  
2025-10-16 19:48:23,971 | INFO  | OMAudit | user=runner | ip=127.0.0.1 | op=READ_VOLUME {"volume":"1b1a1c55-50aa-46c3-a916-f8693a1fc796"} | ret=SUCCESS |  
2025-10-16 19:48:23,972 | INFO  | OMAudit | user=runner | ip=127.0.0.1 | op=READ_BUCKET {"volume":"1b1a1c55-50aa-46c3-a916-f8693a1fc796","bucket":"feb38355-6bbb-481c-8bb2-63eb00ae1742"} | ret=SUCCESS |  
2025-10-16 19:48:24,068 | INFO  | OMAudit | user=runner | ip=127.0.0.1 | op=COMMIT_KEY {"volume":"1b1a1c55-50aa-46c3-a916-f8693a1fc796","bucket":"feb38355-6bbb-481c-8bb2-63eb00ae1742","key":"34fbc158-b532-453d-a327-36532c90c082","dataSize":"20971520","replicationType":"EC","replicationConfig":"rs-3-2-1048576","Transaction":"411"} | ret=SUCCESS |  
2025-10-16 19:48:24,069 | INFO  | OMAudit | user=runner | ip=127.0.0.1 | op=READ_VOLUME {"volume":"1b1a1c55-50aa-46c3-a916-f8693a1fc796"} | ret=SUCCESS |  
2025-10-16 19:48:24,071 | INFO  | OMAudit | user=runner | ip=127.0.0.1 | op=READ_BUCKET {"volume":"1b1a1c55-50aa-46c3-a916-f8693a1fc796","bucket":"feb38355-6bbb-481c-8bb2-63eb00ae1742"} | ret=SUCCESS |  
2025-10-16 19:48:24,072 | INFO  | OMAudit | user=runner | ip=127.0.0.1 | op=READ_BUCKET {"volume":"1b1a1c55-50aa-46c3-a916-f8693a1fc796","bucket":"feb38355-6bbb-481c-8bb2-63eb00ae1742"} | ret=SUCCESS |  
2025-10-16 19:48:24,073 | INFO  | SCMAudit | user=runner | ip=127.0.0.1 | op=ALLOCATE_BLOCK {"replication":"EC{rs-3-2-1024k}","owner":"omServiceIdDefault","size":"4194304","sampleBlocks":"[conID: 26 locID: 115816896921600138, conID: 26 locID: 115816896921600139]","num":"2","client":"","allocated":"2"} | ret=SUCCESS |  
2025-10-16 19:48:24,077 | INFO  | OMAudit | user=runner | ip=127.0.0.1 | op=ALLOCATE_KEY {"volume":"1b1a1c55-50aa-46c3-a916-f8693a1fc796","bucket":"feb38355-6bbb-481c-8bb2-63eb00ae1742","key":"34fbc158-b532-453d-a327-36532c90c082","dataSize":"20971520","replicationType":"EC","replicationConfig":"rs-3-2-1048576","Transaction":"412"} | ret=SUCCESS |  
2025-10-16 19:48:24,079 | INFO  | OMAudit | user=runner | ip=127.0.0.1 | op=READ_VOLUME {"volume":"1b1a1c55-50aa-46c3-a916-f8693a1fc796"} | ret=SUCCESS |  
2025-10-16 19:48:24,080 | INFO  | OMAudit | user=runner | ip=127.0.0.1 | op=READ_BUCKET {"volume":"1b1a1c55-50aa-46c3-a916-f8693a1fc796","bucket":"feb38355-6bbb-481c-8bb2-63eb00ae1742"} | ret=SUCCESS |  
2025-10-16 19:48:24,111 | INFO  | SCMAudit | user=runner | ip=127.0.0.1 | op=SEND_HEARTBEAT {"datanodeUUID":"c0724e9c-0dd4-4d47-992c-7bfe285fdd38","term":"2","command":"[]"} | ret=SUCCESS |  
2025-10-16 19:48:24,112 | INFO  | SCMAudit | user=runner | ip=127.0.0.1 | op=SEND_HEARTBEAT {"datanodeUUID":"e33e6ec4-6b66-4281-bedd-2bd75bd30070","term":"2","command":"[]"} | ret=SUCCESS |  
2025-10-16 19:48:24,112 | INFO  | SCMAudit | user=runner | ip=127.0.0.1 | op=SEND_HEARTBEAT {"datanodeUUID":"8a3c3252-9afe-4d3a-8492-25be6557678a","term":"2","command":"[]"} | ret=SUCCESS |  
2025-10-16 19:48:24,117 | INFO  | SCMAudit | user=runner | ip=127.0.0.1 | op=SEND_HEARTBEAT {"datanodeUUID":"8a0fa2ff-b550-4652-b2fe-0cf91cd4a157","term":"2","command":"[]"} | ret=SUCCESS |  
2025-10-16 19:48:24,123 | INFO  | SCMAudit | user=runner | ip=127.0.0.1 | op=SEND_HEARTBEAT {"datanodeUUID":"aa213937-adc5-47da-a770-0ee1e4664344","term":"2","command":"[]"} | ret=SUCCESS |  
2025-10-16 19:48:24,124 | INFO  | SCMAudit | user=runner | ip=127.0.0.1 | op=SEND_HEARTBEAT {"datanodeUUID":"58cff6b7-b2a7-446b-a75a-bb98ad6b11b8","term":"2","command":"[]"} | ret=SUCCESS |  
2025-10-16 19:48:24,128 | INFO  | SCMAudit | user=runner | ip=127.0.0.1 | op=SEND_HEARTBEAT {"datanodeUUID":"e072d245-7694-4d97-8e20-c503ebf8c2fe","term":"2","command":"[]"} | ret=SUCCESS |  
2025-10-16 19:48:24,129 | INFO  | SCMAudit | user=runner | ip=127.0.0.1 | op=SEND_HEARTBEAT {"datanodeUUID":"0428ab3f-efd5-438e-ae11-9ec242443260","term":"2","command":"[]"} | ret=SUCCESS |  
2025-10-16 19:48:24,193 | INFO  | OMAudit | user=runner | ip=127.0.0.1 | op=COMMIT_KEY {"volume":"1b1a1c55-50aa-46c3-a916-f8693a1fc796","bucket":"feb38355-6bbb-481c-8bb2-63eb00ae1742","key":"34fbc158-b532-453d-a327-36532c90c082","dataSize":"20971520","replicationType":"EC","replicationConfig":"rs-3-2-1048576","Transaction":"413"} | ret=SUCCESS |  
2025-10-16 19:48:24,195 | INFO  | OMAudit | user=runner | ip=127.0.0.1 | op=READ_VOLUME {"volume":"1b1a1c55-50aa-46c3-a916-f8693a1fc796"} | ret=SUCCESS |  
2025-10-16 19:48:24,196 | INFO  | OMAudit | user=runner | ip=127.0.0.1 | op=READ_BUCKET {"volume":"1b1a1c55-50aa-46c3-a916-f8693a1fc796","bucket":"feb38355-6bbb-481c-8bb2-63eb00ae1742"} | ret=SUCCESS |  
2025-10-16 19:48:24,303 | INFO  | SCMAudit | user=runner | ip=127.0.0.1 | op=SEND_HEARTBEAT {"datanodeUUID":"76d4ba71-5bbb-4b24-8f51-8bc7f78aaca4","term":"2","command":"[]"} | ret=SUCCESS |  
2025-10-16 19:48:24,307 | INFO  | SCMAudit | user=runner | ip=127.0.0.1 | op=SEND_HEARTBEAT {"datanodeUUID":"764b18f0-81c5-439a-9fff-25adc4f241fa","term":"2","command":"[]"} | ret=SUCCESS |  
2025-10-16 19:48:24,308 | INFO  | SCMAudit | user=runner | ip=127.0.0.1 | op=SEND_HEARTBEAT {"datanodeUUID":"0e8b6cc7-9945-4141-97fc-6aa017a0d5fa","term":"2","command":"[]"} | ret=SUCCESS |  
2025-10-16 19:48:24,380 [om1-KeyDeletingService#0] INFO  service.KeyDeletingService (KeyDeletingService.java:processKeyDeletes(151)) - Send 1 key(s) to SCM, first 1 keys: [PurgedKey{blockGroup=BlockGroup[groupID='/1b1a1c55-50aa-46c3-a916-f8693a1fc796/feb38355-6bbb-481c-8bb2-63eb00ae1742/34fbc158-b532-453d-a327-36532c90c082/-9223372036854670080/0', blockIDs=[conID: 22 locID: 115816896921600136 bcsId: 0 replicaIndex: null, conID: 24 locID: 115816896921600137 bcsId: 0 replicaIndex: null]], volume='1b1a1c55-50aa-46c3-a916-f8693a1fc796', bucket='feb38355-6bbb-481c-8bb2-63eb00ae1742', bucketId=-9223372036854671104, purgedBytes=35651584, isCommittedKey=true, deleteKeyName='/1b1a1c55-50aa-46c3-a916-f8693a1fc796/feb38355-6bbb-481c-8bb2-63eb00ae1742/34fbc158-b532-453d-a327-36532c90c082/-9223372036854670080'}]
2025-10-16 19:48:24,382 | INFO  | SCMAudit | user=runner | ip=127.0.0.1 | op=DELETE_KEY_BLOCK {"KeyBlockToDelete":"[BlockGroup[groupID='/1b1a1c55-50aa-46c3-a916-f8693a1fc796/feb38355-6bbb-481c-8bb2-63eb00ae1742/34fbc158-b532-453d-a327-36532c90c082/-9223372036854670080/0', blockIDs=[conID: 22 locID: 115816896921600136 bcsId: 0 replicaIndex: null, conID: 24 locID: 115816896921600137 bcsId: 0 replicaIndex: null]]]"} | ret=SUCCESS |  
2025-10-16 19:48:24,383 [om1-KeyDeletingService#0] INFO  service.KeyDeletingService (KeyDeletingService.java:processKeyDeletes(158)) - 1 BlockGroup deletion are acked by SCM in 3 ms
2025-10-16 19:48:24,384 [om1-KeyDeletingService#0] INFO  service.KeyDeletingService (KeyDeletingService.java:processKeyDeletes(166)) - Blocks for 1 (out of 1) keys are deleted from DB in 1 ms. Limit per task is 50000.
2025-10-16 19:48:24,707 | INFO  | SCMAudit | user=runner | ip=127.0.0.1 | op=SEND_HEARTBEAT {"datanodeUUID":"757ca056-973f-4f05-ab2d-6aff6c54d452","term":"2","command":"[]"} | ret=SUCCESS |  
2025-10-16 19:48:24,730 | INFO  | SCMAudit | user=runner | ip=127.0.0.1 | op=SEND_HEARTBEAT {"datanodeUUID":"702cb173-5c73-4ecc-b5cd-c7b4a6b66aea","term":"2","command":"[]"} | ret=SUCCESS |  
2025-10-16 19:48:24,916 | INFO  | SCMAudit | user=runner | ip=127.0.0.1 | op=SEND_HEARTBEAT {"datanodeUUID":"f700af26-0e26-4136-9205-9509c82c8c70","term":"2","command":"[]"} | ret=SUCCESS |  
2025-10-16 19:48:25,109 | INFO  | SCMAudit | user=runner | ip=127.0.0.1 | op=SEND_HEARTBEAT {"datanodeUUID":"c0724e9c-0dd4-4d47-992c-7bfe285fdd38","term":"2","command":"[]"} | ret=SUCCESS |  
2025-10-16 19:48:25,109 | INFO  | SCMAudit | user=runner | ip=127.0.0.1 | op=SEND_HEARTBEAT {"datanodeUUID":"8a3c3252-9afe-4d3a-8492-25be6557678a","term":"2","command":"[]"} | ret=SUCCESS |  
2025-10-16 19:48:25,110 | INFO  | SCMAudit | user=runner | ip=127.0.0.1 | op=SEND_HEARTBEAT {"datanodeUUID":"e33e6ec4-6b66-4281-bedd-2bd75bd30070","term":"2","command":"[]"} | ret=SUCCESS |  
2025-10-16 19:48:25,112 | INFO  | SCMAudit | user=runner | ip=127.0.0.1 | op=SEND_HEARTBEAT {"datanodeUUID":"8a0fa2ff-b550-4652-b2fe-0cf91cd4a157","term":"2","command":"[]"} | ret=SUCCESS |  
2025-10-16 19:48:25,121 | INFO  | SCMAudit | user=runner | ip=127.0.0.1 | op=SEND_HEARTBEAT {"datanodeUUID":"aa213937-adc5-47da-a770-0ee1e4664344","term":"2","command":"[]"} | ret=SUCCESS |  
2025-10-16 19:48:25,123 | INFO  | SCMAudit | user=runner | ip=127.0.0.1 | op=SEND_HEARTBEAT {"datanodeUUID":"58cff6b7-b2a7-446b-a75a-bb98ad6b11b8","term":"2","command":"[]"} | ret=SUCCESS |  
2025-10-16 19:48:25,126 | INFO  | SCMAudit | user=runner | ip=127.0.0.1 | op=SEND_HEARTBEAT {"datanodeUUID":"e072d245-7694-4d97-8e20-c503ebf8c2fe","term":"2","command":"[]"} | ret=SUCCESS |  
2025-10-16 19:48:25,130 | INFO  | SCMAudit | user=runner | ip=127.0.0.1 | op=SEND_HEARTBEAT {"datanodeUUID":"0428ab3f-efd5-438e-ae11-9ec242443260","term":"2","command":"[]"} | ret=SUCCESS |  
2025-10-16 19:48:25,197 | INFO  | OMAudit | user=runner | ip=127.0.0.1 | op=READ_VOLUME {"volume":"1b1a1c55-50aa-46c3-a916-f8693a1fc796"} | ret=SUCCESS |  
2025-10-16 19:48:25,198 | INFO  | OMAudit | user=runner | ip=127.0.0.1 | op=READ_BUCKET {"volume":"1b1a1c55-50aa-46c3-a916-f8693a1fc796","bucket":"feb38355-6bbb-481c-8bb2-63eb00ae1742"} | ret=SUCCESS |  
2025-10-16 19:48:25,202 | INFO  | OMAudit | user=runner | ip=127.0.0.1 | op=DELETE_KEY {"volume":"1b1a1c55-50aa-46c3-a916-f8693a1fc796","bucket":"feb38355-6bbb-481c-8bb2-63eb00ae1742","key":"34fbc158-b532-453d-a327-36532c90c082","dataSize":"20971520","replicationConfig":"EC{rs-3-2-1024k}","Transaction":"415"} | ret=SUCCESS |  
2025-10-16 19:48:25,205 | INFO  | OMAudit | user=runner | ip=127.0.0.1 | op=READ_VOLUME {"volume":"1b1a1c55-50aa-46c3-a916-f8693a1fc796"} | ret=SUCCESS |  
2025-10-16 19:48:25,205 | INFO  | OMAudit | user=runner | ip=127.0.0.1 | op=READ_BUCKET {"volume":"1b1a1c55-50aa-46c3-a916-f8693a1fc796","bucket":"feb38355-6bbb-481c-8bb2-63eb00ae1742"} | ret=SUCCESS |  
2025-10-16 19:48:25,303 | INFO  | SCMAudit | user=runner | ip=127.0.0.1 | op=SEND_HEARTBEAT {"datanodeUUID":"76d4ba71-5bbb-4b24-8f51-8bc7f78aaca4","term":"2","command":"[]"} | ret=SUCCESS |  
2025-10-16 19:48:25,307 | INFO  | SCMAudit | user=runner | ip=127.0.0.1 | op=SEND_HEARTBEAT {"datanodeUUID":"764b18f0-81c5-439a-9fff-25adc4f241fa","term":"2","command":"[]"} | ret=SUCCESS |  
2025-10-16 19:48:25,309 | INFO  | SCMAudit | user=runner | ip=127.0.0.1 | op=SEND_HEARTBEAT {"datanodeUUID":"0e8b6cc7-9945-4141-97fc-6aa017a0d5fa","term":"2","command":"[]"} | ret=SUCCESS |  
2025-10-16 19:48:25,381 [om1-KeyDeletingService#9] INFO  service.KeyDeletingService (KeyDeletingService.java:processKeyDeletes(151)) - Send 1 key(s) to SCM, first 1 keys: [PurgedKey{blockGroup=BlockGroup[groupID='/1b1a1c55-50aa-46c3-a916-f8693a1fc796/feb38355-6bbb-481c-8bb2-63eb00ae1742/34fbc158-b532-453d-a327-36532c90c082/-9223372036854670847/0', blockIDs=[conID: 26 locID: 115816896921600138 bcsId: 0 replicaIndex: null, conID: 26 locID: 115816896921600139 bcsId: 0 replicaIndex: null]], volume='1b1a1c55-50aa-46c3-a916-f8693a1fc796', bucket='feb38355-6bbb-481c-8bb2-63eb00ae1742', bucketId=-9223372036854671104, purgedBytes=35651584, isCommittedKey=true, deleteKeyName='/1b1a1c55-50aa-46c3-a916-f8693a1fc796/feb38355-6bbb-481c-8bb2-63eb00ae1742/34fbc158-b532-453d-a327-36532c90c082/-9223372036854670847'}]
2025-10-16 19:48:25,383 | INFO  | SCMAudit | user=runner | ip=127.0.0.1 | op=DELETE_KEY_BLOCK {"KeyBlockToDelete":"[BlockGroup[groupID='/1b1a1c55-50aa-46c3-a916-f8693a1fc796/feb38355-6bbb-481c-8bb2-63eb00ae1742/34fbc158-b532-453d-a327-36532c90c082/-9223372036854670847/0', blockIDs=[conID: 26 locID: 115816896921600138 bcsId: 0 replicaIndex: null, conID: 26 locID: 115816896921600139 bcsId: 0 replicaIndex: null]]]"} | ret=SUCCESS |  
2025-10-16 19:48:25,383 [om1-KeyDeletingService#9] INFO  service.KeyDeletingService (KeyDeletingService.java:processKeyDeletes(158)) - 1 BlockGroup deletion are acked by SCM in 3 ms
2025-10-16 19:48:25,385 [om1-KeyDeletingService#9] INFO  service.KeyDeletingService (KeyDeletingService.java:processKeyDeletes(166)) - Blocks for 1 (out of 1) keys are deleted from DB in 1 ms. Limit per task is 50000.
2025-10-16 19:48:25,707 | INFO  | SCMAudit | user=runner | ip=127.0.0.1 | op=SEND_HEARTBEAT {"datanodeUUID":"757ca056-973f-4f05-ab2d-6aff6c54d452","term":"2","command":"[]"} | ret=SUCCESS |  
2025-10-16 19:48:25,730 | INFO  | SCMAudit | user=runner | ip=127.0.0.1 | op=SEND_HEARTBEAT {"datanodeUUID":"702cb173-5c73-4ecc-b5cd-c7b4a6b66aea","term":"2","command":"[]"} | ret=SUCCESS |  
2025-10-16 19:48:25,916 | INFO  | SCMAudit | user=runner | ip=127.0.0.1 | op=SEND_HEARTBEAT {"datanodeUUID":"f700af26-0e26-4136-9205-9509c82c8c70","term":"2","command":"[]"} | ret=SUCCESS |  
2025-10-16 19:48:26,110 | INFO  | SCMAudit | user=runner | ip=127.0.0.1 | op=SEND_HEARTBEAT {"datanodeUUID":"8a3c3252-9afe-4d3a-8492-25be6557678a","term":"2","command":"[]"} | ret=SUCCESS |  
2025-10-16 19:48:26,110 | INFO  | SCMAudit | user=runner | ip=127.0.0.1 | op=SEND_HEARTBEAT {"datanodeUUID":"c0724e9c-0dd4-4d47-992c-7bfe285fdd38","term":"2","command":"[]"} | ret=SUCCESS |  
2025-10-16 19:48:26,110 | INFO  | SCMAudit | user=runner | ip=127.0.0.1 | op=SEND_HEARTBEAT {"datanodeUUID":"e33e6ec4-6b66-4281-bedd-2bd75bd30070","term":"2","command":"[]"} | ret=SUCCESS |  
2025-10-16 19:48:26,113 | INFO  | SCMAudit | user=runner | ip=127.0.0.1 | op=SEND_HEARTBEAT {"datanodeUUID":"8a0fa2ff-b550-4652-b2fe-0cf91cd4a157","term":"2","command":"[]"} | ret=SUCCESS |  
2025-10-16 19:48:26,121 | INFO  | SCMAudit | user=runner | ip=127.0.0.1 | op=SEND_HEARTBEAT {"datanodeUUID":"aa213937-adc5-47da-a770-0ee1e4664344","term":"2","command":"[]"} | ret=SUCCESS |  
2025-10-16 19:48:26,123 | INFO  | SCMAudit | user=runner | ip=127.0.0.1 | op=SEND_HEARTBEAT {"datanodeUUID":"58cff6b7-b2a7-446b-a75a-bb98ad6b11b8","term":"2","command":"[]"} | ret=SUCCESS |  
2025-10-16 19:48:26,127 | INFO  | SCMAudit | user=runner | ip=127.0.0.1 | op=SEND_HEARTBEAT {"datanodeUUID":"e072d245-7694-4d97-8e20-c503ebf8c2fe","term":"2","command":"[]"} | ret=SUCCESS |  
2025-10-16 19:48:26,130 | INFO  | SCMAudit | user=runner | ip=127.0.0.1 | op=SEND_HEARTBEAT {"datanodeUUID":"0428ab3f-efd5-438e-ae11-9ec242443260","term":"2","command":"[]"} | ret=SUCCESS |  
2025-10-16 19:48:26,207 | INFO  | OMAudit | user=runner | ip=127.0.0.1 | op=READ_VOLUME {"volume":"1b1a1c55-50aa-46c3-a916-f8693a1fc796"} | ret=SUCCESS |  
2025-10-16 19:48:26,208 | INFO  | OMAudit | user=runner | ip=127.0.0.1 | op=READ_BUCKET {"volume":"1b1a1c55-50aa-46c3-a916-f8693a1fc796","bucket":"feb38355-6bbb-481c-8bb2-63eb00ae1742"} | ret=SUCCESS |  
2025-10-16 19:48:26,208 [ForkJoinPool-1-worker-1] INFO  rpc.RpcClient (RpcClient.java:createVolume(461)) - Creating Volume: cd8038ef-f905-40a8-baf1-0229c349262e, with runner as owner and space quota set to -1 bytes, counts quota set to -1
2025-10-16 19:48:26,210 [om1-OMStateMachineApplyTransactionThread - 0] INFO  volume.OMVolumeCreateRequest (OMVolumeCreateRequest.java:validateAndUpdateCache(213)) - created volume:cd8038ef-f905-40a8-baf1-0229c349262e for user:runner
2025-10-16 19:48:26,210 | INFO  | OMAudit | user=runner | ip=127.0.0.1 | op=CREATE_VOLUME {"admin":"runner","owner":"runner","volume":"cd8038ef-f905-40a8-baf1-0229c349262e","creationTime":"1760644106209","modificationTime":"1760644106209","quotaInBytes":"-1","quotaInNamespace":"-1","usedNamespace":"0","objectID":"-9223372036854669056","updateID":"417","Transaction":"417"} | ret=SUCCESS |  
2025-10-16 19:48:26,211 | INFO  | OMAudit | user=runner | ip=127.0.0.1 | op=READ_VOLUME {"volume":"cd8038ef-f905-40a8-baf1-0229c349262e"} | ret=SUCCESS |  
2025-10-16 19:48:26,212 [ForkJoinPool-1-worker-1] INFO  rpc.RpcClient (RpcClient.java:createBucket(686)) - Creating Bucket: cd8038ef-f905-40a8-baf1-0229c349262e/4e67272b-bbc8-4e39-90c6-90aa1515b836, with server-side default bucket layout, runner as owner, Versioning false, Storage Type set to DISK and Encryption set to false, Replication Type set to server-side default replication type, Namespace Quota set to -1, Space Quota set to -1 
2025-10-16 19:48:26,213 [om1-OMStateMachineApplyTransactionThread - 0] INFO  bucket.OMBucketCreateRequest (OMBucketCreateRequest.java:validateAndUpdateCache(303)) - created bucket: 4e67272b-bbc8-4e39-90c6-90aa1515b836 of layout FILE_SYSTEM_OPTIMIZED in volume: cd8038ef-f905-40a8-baf1-0229c349262e
2025-10-16 19:48:26,213 | INFO  | OMAudit | user=runner | ip=127.0.0.1 | op=CREATE_BUCKET {"volume":"cd8038ef-f905-40a8-baf1-0229c349262e","bucket":"4e67272b-bbc8-4e39-90c6-90aa1515b836","bucketLayout":"FILE_SYSTEM_OPTIMIZED","gdprEnabled":null,"acls":"[user:runner:a[ACCESS], group:runner:rl[ACCESS]]","isVersionEnabled":"false","storageType":"DISK","creationTime":"1760644106212","bucketEncryptionKey":null,"modificationTime":"1760644106212","usedBytes":"0","usedNamespace":"0","snapshotUsedBytes":"0","snapshotUsedNamespace":"0","owner":"runner","replicationType":null,"replicationConfig":null,"quotaInBytes":"-1","quotaInNamespace":"-1","Transaction":"418"} | ret=SUCCESS |  
2025-10-16 19:48:26,214 | INFO  | OMAudit | user=runner | ip=127.0.0.1 | op=READ_BUCKET {"volume":"cd8038ef-f905-40a8-baf1-0229c349262e","bucket":"4e67272b-bbc8-4e39-90c6-90aa1515b836"} | ret=SUCCESS |  
2025-10-16 19:48:26,218 | INFO  | OMAudit | user=runner | ip=127.0.0.1 | op=READ_BUCKET {"volume":"cd8038ef-f905-40a8-baf1-0229c349262e","bucket":"4e67272b-bbc8-4e39-90c6-90aa1515b836"} | ret=SUCCESS |  
2025-10-16 19:48:26,219 | INFO  | SCMAudit | user=runner | ip=127.0.0.1 | op=ALLOCATE_BLOCK {"replication":"EC{rs-3-2-1024k}","owner":"omServiceIdDefault","size":"4194304","sampleBlocks":"[conID: 25 locID: 115816896921600140, conID: 26 locID: 115816896921600141]","num":"2","client":"","allocated":"2"} | ret=SUCCESS |  
2025-10-16 19:48:26,222 | INFO  | OMAudit | user=runner | ip=127.0.0.1 | op=ALLOCATE_KEY {"volume":"cd8038ef-f905-40a8-baf1-0229c349262e","bucket":"4e67272b-bbc8-4e39-90c6-90aa1515b836","key":"0d3cc2f5-c2c0-4613-b04b-9ccc11123c30","dataSize":"20971521","replicationType":"EC","replicationConfig":"rs-3-2-1048576","Transaction":"419"} | ret=SUCCESS |  
2025-10-16 19:48:26,224 | INFO  | OMAudit | user=runner | ip=127.0.0.1 | op=READ_VOLUME {"volume":"cd8038ef-f905-40a8-baf1-0229c349262e"} | ret=SUCCESS |  
2025-10-16 19:48:26,225 | INFO  | OMAudit | user=runner | ip=127.0.0.1 | op=READ_BUCKET {"volume":"cd8038ef-f905-40a8-baf1-0229c349262e","bucket":"4e67272b-bbc8-4e39-90c6-90aa1515b836"} | ret=SUCCESS |  
2025-10-16 19:48:26,304 | INFO  | SCMAudit | user=runner | ip=127.0.0.1 | op=SEND_HEARTBEAT {"datanodeUUID":"76d4ba71-5bbb-4b24-8f51-8bc7f78aaca4","term":"2","command":"[]"} | ret=SUCCESS |  
2025-10-16 19:48:26,309 | INFO  | SCMAudit | user=runner | ip=127.0.0.1 | op=SEND_HEARTBEAT {"datanodeUUID":"764b18f0-81c5-439a-9fff-25adc4f241fa","term":"2","command":"[]"} | ret=SUCCESS |  
2025-10-16 19:48:26,309 | INFO  | SCMAudit | user=runner | ip=127.0.0.1 | op=SEND_HEARTBEAT {"datanodeUUID":"0e8b6cc7-9945-4141-97fc-6aa017a0d5fa","term":"2","command":"[]"} | ret=SUCCESS |  
2025-10-16 19:48:26,348 | INFO  | OMAudit | user=runner | ip=127.0.0.1 | op=COMMIT_KEY {"volume":"cd8038ef-f905-40a8-baf1-0229c349262e","bucket":"4e67272b-bbc8-4e39-90c6-90aa1515b836","key":"0d3cc2f5-c2c0-4613-b04b-9ccc11123c30","dataSize":"20971521","replicationType":"EC","replicationConfig":"rs-3-2-1048576","Transaction":"420"} | ret=SUCCESS |  
2025-10-16 19:48:26,350 | INFO  | OMAudit | user=runner | ip=127.0.0.1 | op=READ_VOLUME {"volume":"cd8038ef-f905-40a8-baf1-0229c349262e"} | ret=SUCCESS |  
2025-10-16 19:48:26,352 | INFO  | OMAudit | user=runner | ip=127.0.0.1 | op=READ_BUCKET {"volume":"cd8038ef-f905-40a8-baf1-0229c349262e","bucket":"4e67272b-bbc8-4e39-90c6-90aa1515b836"} | ret=SUCCESS |  
2025-10-16 19:48:26,353 | INFO  | OMAudit | user=runner | ip=127.0.0.1 | op=READ_BUCKET {"volume":"cd8038ef-f905-40a8-baf1-0229c349262e","bucket":"4e67272b-bbc8-4e39-90c6-90aa1515b836"} | ret=SUCCESS |  
2025-10-16 19:48:26,354 | INFO  | SCMAudit | user=runner | ip=127.0.0.1 | op=ALLOCATE_BLOCK {"replication":"EC{rs-3-2-1024k}","owner":"omServiceIdDefault","size":"4194304","sampleBlocks":"[conID: 22 locID: 115816896921600142, conID: 24 locID: 115816896921600143]","num":"2","client":"","allocated":"2"} | ret=SUCCESS |  
2025-10-16 19:48:26,358 | INFO  | OMAudit | user=runner | ip=127.0.0.1 | op=ALLOCATE_KEY {"volume":"cd8038ef-f905-40a8-baf1-0229c349262e","bucket":"4e67272b-bbc8-4e39-90c6-90aa1515b836","key":"0d3cc2f5-c2c0-4613-b04b-9ccc11123c30","dataSize":"20971521","replicationType":"EC","replicationConfig":"rs-3-2-1048576","Transaction":"421"} | ret=SUCCESS |  
2025-10-16 19:48:26,360 | INFO  | OMAudit | user=runner | ip=127.0.0.1 | op=READ_VOLUME {"volume":"cd8038ef-f905-40a8-baf1-0229c349262e"} | ret=SUCCESS |  
2025-10-16 19:48:26,361 | INFO  | OMAudit | user=runner | ip=127.0.0.1 | op=READ_BUCKET {"volume":"cd8038ef-f905-40a8-baf1-0229c349262e","bucket":"4e67272b-bbc8-4e39-90c6-90aa1515b836"} | ret=SUCCESS |  
2025-10-16 19:48:26,487 | INFO  | OMAudit | user=runner | ip=127.0.0.1 | op=COMMIT_KEY {"volume":"cd8038ef-f905-40a8-baf1-0229c349262e","bucket":"4e67272b-bbc8-4e39-90c6-90aa1515b836","key":"0d3cc2f5-c2c0-4613-b04b-9ccc11123c30","dataSize":"20971521","replicationType":"EC","replicationConfig":"rs-3-2-1048576","Transaction":"422"} | ret=SUCCESS |  
2025-10-16 19:48:26,489 | INFO  | OMAudit | user=runner | ip=127.0.0.1 | op=READ_VOLUME {"volume":"cd8038ef-f905-40a8-baf1-0229c349262e"} | ret=SUCCESS |  
2025-10-16 19:48:26,490 | INFO  | OMAudit | user=runner | ip=127.0.0.1 | op=READ_BUCKET {"volume":"cd8038ef-f905-40a8-baf1-0229c349262e","bucket":"4e67272b-bbc8-4e39-90c6-90aa1515b836"} | ret=SUCCESS |  
2025-10-16 19:48:26,708 | INFO  | SCMAudit | user=runner | ip=127.0.0.1 | op=SEND_HEARTBEAT {"datanodeUUID":"757ca056-973f-4f05-ab2d-6aff6c54d452","term":"2","command":"[]"} | ret=SUCCESS |  
2025-10-16 19:48:26,730 | INFO  | SCMAudit | user=runner | ip=127.0.0.1 | op=SEND_HEARTBEAT {"datanodeUUID":"702cb173-5c73-4ecc-b5cd-c7b4a6b66aea","term":"2","command":"[]"} | ret=SUCCESS |  
2025-10-16 19:48:26,916 | INFO  | SCMAudit | user=runner | ip=127.0.0.1 | op=SEND_HEARTBEAT {"datanodeUUID":"f700af26-0e26-4136-9205-9509c82c8c70","term":"2","command":"[]"} | ret=SUCCESS |  
2025-10-16 19:48:27,110 | INFO  | SCMAudit | user=runner | ip=127.0.0.1 | op=SEND_HEARTBEAT {"datanodeUUID":"8a3c3252-9afe-4d3a-8492-25be6557678a","term":"2","command":"[]"} | ret=SUCCESS |  
2025-10-16 19:48:27,110 | INFO  | SCMAudit | user=runner | ip=127.0.0.1 | op=SEND_HEARTBEAT {"datanodeUUID":"c0724e9c-0dd4-4d47-992c-7bfe285fdd38","term":"2","command":"[]"} | ret=SUCCESS |  
2025-10-16 19:48:27,110 | INFO  | SCMAudit | user=runner | ip=127.0.0.1 | op=SEND_HEARTBEAT {"datanodeUUID":"e33e6ec4-6b66-4281-bedd-2bd75bd30070","term":"2","command":"[]"} | ret=SUCCESS |  
2025-10-16 19:48:27,114 | INFO  | SCMAudit | user=runner | ip=127.0.0.1 | op=SEND_HEARTBEAT {"datanodeUUID":"8a0fa2ff-b550-4652-b2fe-0cf91cd4a157","term":"2","command":"[]"} | ret=SUCCESS |  
2025-10-16 19:48:27,121 | INFO  | SCMAudit | user=runner | ip=127.0.0.1 | op=SEND_HEARTBEAT {"datanodeUUID":"aa213937-adc5-47da-a770-0ee1e4664344","term":"2","command":"[]"} | ret=SUCCESS |  
2025-10-16 19:48:27,123 | INFO  | SCMAudit | user=runner | ip=127.0.0.1 | op=SEND_HEARTBEAT {"datanodeUUID":"58cff6b7-b2a7-446b-a75a-bb98ad6b11b8","term":"2","command":"[]"} | ret=SUCCESS |  
2025-10-16 19:48:27,126 | INFO  | SCMAudit | user=runner | ip=127.0.0.1 | op=SEND_HEARTBEAT {"datanodeUUID":"e072d245-7694-4d97-8e20-c503ebf8c2fe","term":"2","command":"[]"} | ret=SUCCESS |  
2025-10-16 19:48:27,130 | INFO  | SCMAudit | user=runner | ip=127.0.0.1 | op=SEND_HEARTBEAT {"datanodeUUID":"0428ab3f-efd5-438e-ae11-9ec242443260","term":"2","command":"[]"} | ret=SUCCESS |  
2025-10-16 19:48:27,303 | INFO  | SCMAudit | user=runner | ip=127.0.0.1 | op=SEND_HEARTBEAT {"datanodeUUID":"76d4ba71-5bbb-4b24-8f51-8bc7f78aaca4","term":"2","command":"[]"} | ret=SUCCESS |  
2025-10-16 19:48:27,308 | INFO  | SCMAudit | user=runner | ip=127.0.0.1 | op=SEND_HEARTBEAT {"datanodeUUID":"0e8b6cc7-9945-4141-97fc-6aa017a0d5fa","term":"2","command":"[]"} | ret=SUCCESS |  
2025-10-16 19:48:27,309 | INFO  | SCMAudit | user=runner | ip=127.0.0.1 | op=SEND_HEARTBEAT {"datanodeUUID":"764b18f0-81c5-439a-9fff-25adc4f241fa","term":"2","command":"[]"} | ret=SUCCESS |  
2025-10-16 19:48:27,381 [om1-KeyDeletingService#3] INFO  service.KeyDeletingService (KeyDeletingService.java:processKeyDeletes(151)) - Send 1 key(s) to SCM, first 1 keys: [PurgedKey{blockGroup=BlockGroup[groupID='/cd8038ef-f905-40a8-baf1-0229c349262e/4e67272b-bbc8-4e39-90c6-90aa1515b836/0d3cc2f5-c2c0-4613-b04b-9ccc11123c30/-9223372036854667776/0', blockIDs=[conID: 25 locID: 115816896921600140 bcsId: 0 replicaIndex: null, conID: 26 locID: 115816896921600141 bcsId: 0 replicaIndex: null]], volume='cd8038ef-f905-40a8-baf1-0229c349262e', bucket='4e67272b-bbc8-4e39-90c6-90aa1515b836', bucketId=-9223372036854668800, purgedBytes=35651585, isCommittedKey=true, deleteKeyName='/cd8038ef-f905-40a8-baf1-0229c349262e/4e67272b-bbc8-4e39-90c6-90aa1515b836/0d3cc2f5-c2c0-4613-b04b-9ccc11123c30/-9223372036854667776'}]
2025-10-16 19:48:27,384 | INFO  | SCMAudit | user=runner | ip=127.0.0.1 | op=DELETE_KEY_BLOCK {"KeyBlockToDelete":"[BlockGroup[groupID='/cd8038ef-f905-40a8-baf1-0229c349262e/4e67272b-bbc8-4e39-90c6-90aa1515b836/0d3cc2f5-c2c0-4613-b04b-9ccc11123c30/-9223372036854667776/0', blockIDs=[conID: 25 locID: 115816896921600140 bcsId: 0 replicaIndex: null, conID: 26 locID: 115816896921600141 bcsId: 0 replicaIndex: null]]]"} | ret=SUCCESS |  
2025-10-16 19:48:27,384 [om1-KeyDeletingService#3] INFO  service.KeyDeletingService (KeyDeletingService.java:processKeyDeletes(158)) - 1 BlockGroup deletion are acked by SCM in 3 ms
2025-10-16 19:48:27,385 [om1-KeyDeletingService#3] INFO  service.KeyDeletingService (KeyDeletingService.java:processKeyDeletes(166)) - Blocks for 1 (out of 1) keys are deleted from DB in 2 ms. Limit per task is 50000.
2025-10-16 19:48:27,492 | INFO  | OMAudit | user=runner | ip=127.0.0.1 | op=READ_VOLUME {"volume":"cd8038ef-f905-40a8-baf1-0229c349262e"} | ret=SUCCESS |  
2025-10-16 19:48:27,493 | INFO  | OMAudit | user=runner | ip=127.0.0.1 | op=READ_BUCKET {"volume":"cd8038ef-f905-40a8-baf1-0229c349262e","bucket":"4e67272b-bbc8-4e39-90c6-90aa1515b836"} | ret=SUCCESS |  
2025-10-16 19:48:27,495 | INFO  | OMAudit | user=runner | ip=127.0.0.1 | op=DELETE_KEY {"volume":"cd8038ef-f905-40a8-baf1-0229c349262e","bucket":"4e67272b-bbc8-4e39-90c6-90aa1515b836","key":"0d3cc2f5-c2c0-4613-b04b-9ccc11123c30","dataSize":"20971521","replicationConfig":"EC{rs-3-2-1024k}","Transaction":"424"} | ret=SUCCESS |  
2025-10-16 19:48:27,496 | INFO  | OMAudit | user=runner | ip=127.0.0.1 | op=READ_VOLUME {"volume":"cd8038ef-f905-40a8-baf1-0229c349262e"} | ret=SUCCESS |  
2025-10-16 19:48:27,497 | INFO  | OMAudit | user=runner | ip=127.0.0.1 | op=READ_BUCKET {"volume":"cd8038ef-f905-40a8-baf1-0229c349262e","bucket":"4e67272b-bbc8-4e39-90c6-90aa1515b836"} | ret=SUCCESS |  
2025-10-16 19:48:27,708 | INFO  | SCMAudit | user=runner | ip=127.0.0.1 | op=SEND_HEARTBEAT {"datanodeUUID":"757ca056-973f-4f05-ab2d-6aff6c54d452","term":"2","command":"[]"} | ret=SUCCESS |  
2025-10-16 19:48:27,730 | INFO  | SCMAudit | user=runner | ip=127.0.0.1 | op=SEND_HEARTBEAT {"datanodeUUID":"702cb173-5c73-4ecc-b5cd-c7b4a6b66aea","term":"2","command":"[]"} | ret=SUCCESS |  
2025-10-16 19:48:27,917 | INFO  | SCMAudit | user=runner | ip=127.0.0.1 | op=SEND_HEARTBEAT {"datanodeUUID":"f700af26-0e26-4136-9205-9509c82c8c70","term":"2","command":"[]"} | ret=SUCCESS |  
2025-10-16 19:48:28,110 | INFO  | SCMAudit | user=runner | ip=127.0.0.1 | op=SEND_HEARTBEAT {"datanodeUUID":"c0724e9c-0dd4-4d47-992c-7bfe285fdd38","term":"2","command":"[]"} | ret=SUCCESS |  
2025-10-16 19:48:28,110 | INFO  | SCMAudit | user=runner | ip=127.0.0.1 | op=SEND_HEARTBEAT {"datanodeUUID":"e33e6ec4-6b66-4281-bedd-2bd75bd30070","term":"2","command":"[]"} | ret=SUCCESS |  
2025-10-16 19:48:28,110 | INFO  | SCMAudit | user=runner | ip=127.0.0.1 | op=SEND_HEARTBEAT {"datanodeUUID":"8a3c3252-9afe-4d3a-8492-25be6557678a","term":"2","command":"[]"} | ret=SUCCESS |  
2025-10-16 19:48:28,113 | INFO  | SCMAudit | user=runner | ip=127.0.0.1 | op=SEND_HEARTBEAT {"datanodeUUID":"8a0fa2ff-b550-4652-b2fe-0cf91cd4a157","term":"2","command":"[]"} | ret=SUCCESS |  
2025-10-16 19:48:28,122 | INFO  | SCMAudit | user=runner | ip=127.0.0.1 | op=SEND_HEARTBEAT {"datanodeUUID":"aa213937-adc5-47da-a770-0ee1e4664344","term":"2","command":"[]"} | ret=SUCCESS |  
2025-10-16 19:48:28,123 | INFO  | SCMAudit | user=runner | ip=127.0.0.1 | op=SEND_HEARTBEAT {"datanodeUUID":"58cff6b7-b2a7-446b-a75a-bb98ad6b11b8","term":"2","command":"[]"} | ret=SUCCESS |  
2025-10-16 19:48:28,126 | INFO  | SCMAudit | user=runner | ip=127.0.0.1 | op=SEND_HEARTBEAT {"datanodeUUID":"e072d245-7694-4d97-8e20-c503ebf8c2fe","term":"2","command":"[]"} | ret=SUCCESS |  
2025-10-16 19:48:28,130 | INFO  | SCMAudit | user=runner | ip=127.0.0.1 | op=SEND_HEARTBEAT {"datanodeUUID":"0428ab3f-efd5-438e-ae11-9ec242443260","term":"2","command":"[]"} | ret=SUCCESS |  
2025-10-16 19:48:28,303 | INFO  | SCMAudit | user=runner | ip=127.0.0.1 | op=SEND_HEARTBEAT {"datanodeUUID":"76d4ba71-5bbb-4b24-8f51-8bc7f78aaca4","term":"2","command":"[]"} | ret=SUCCESS |  
2025-10-16 19:48:28,308 | INFO  | SCMAudit | user=runner | ip=127.0.0.1 | op=SEND_HEARTBEAT {"datanodeUUID":"0e8b6cc7-9945-4141-97fc-6aa017a0d5fa","term":"2","command":"[]"} | ret=SUCCESS |  
2025-10-16 19:48:28,308 | INFO  | SCMAudit | user=runner | ip=127.0.0.1 | op=SEND_HEARTBEAT {"datanodeUUID":"764b18f0-81c5-439a-9fff-25adc4f241fa","term":"2","command":"[]"} | ret=SUCCESS |  
2025-10-16 19:48:28,381 [om1-KeyDeletingService#5] INFO  service.KeyDeletingService (KeyDeletingService.java:processKeyDeletes(151)) - Send 1 key(s) to SCM, first 1 keys: [PurgedKey{blockGroup=BlockGroup[groupID='/cd8038ef-f905-40a8-baf1-0229c349262e/4e67272b-bbc8-4e39-90c6-90aa1515b836/0d3cc2f5-c2c0-4613-b04b-9ccc11123c30/-9223372036854668543/0', blockIDs=[conID: 22 locID: 115816896921600142 bcsId: 0 replicaIndex: null, conID: 24 locID: 115816896921600143 bcsId: 0 replicaIndex: null]], volume='cd8038ef-f905-40a8-baf1-0229c349262e', bucket='4e67272b-bbc8-4e39-90c6-90aa1515b836', bucketId=-9223372036854668800, purgedBytes=35651585, isCommittedKey=true, deleteKeyName='/cd8038ef-f905-40a8-baf1-0229c349262e/4e67272b-bbc8-4e39-90c6-90aa1515b836/0d3cc2f5-c2c0-4613-b04b-9ccc11123c30/-9223372036854668543'}]
2025-10-16 19:48:28,384 | INFO  | SCMAudit | user=runner | ip=127.0.0.1 | op=DELETE_KEY_BLOCK {"KeyBlockToDelete":"[BlockGroup[groupID='/cd8038ef-f905-40a8-baf1-0229c349262e/4e67272b-bbc8-4e39-90c6-90aa1515b836/0d3cc2f5-c2c0-4613-b04b-9ccc11123c30/-9223372036854668543/0', blockIDs=[conID: 22 locID: 115816896921600142 bcsId: 0 replicaIndex: null, conID: 24 locID: 115816896921600143 bcsId: 0 replicaIndex: null]]]"} | ret=SUCCESS |  
2025-10-16 19:48:28,384 [om1-KeyDeletingService#5] INFO  service.KeyDeletingService (KeyDeletingService.java:processKeyDeletes(158)) - 1 BlockGroup deletion are acked by SCM in 3 ms
2025-10-16 19:48:28,385 [om1-KeyDeletingService#5] INFO  service.KeyDeletingService (KeyDeletingService.java:processKeyDeletes(166)) - Blocks for 1 (out of 1) keys are deleted from DB in 1 ms. Limit per task is 50000.
2025-10-16 19:48:28,498 | INFO  | OMAudit | user=runner | ip=127.0.0.1 | op=READ_VOLUME {"volume":"cd8038ef-f905-40a8-baf1-0229c349262e"} | ret=SUCCESS |  
2025-10-16 19:48:28,500 | INFO  | OMAudit | user=runner | ip=127.0.0.1 | op=READ_BUCKET {"volume":"cd8038ef-f905-40a8-baf1-0229c349262e","bucket":"4e67272b-bbc8-4e39-90c6-90aa1515b836"} | ret=SUCCESS |  
]]></system-out>
  </testcase>
  <testcase name="testBucketQuotaInNamespace" classname="org.apache.hadoop.ozone.client.rpc.TestSecureOzoneRpcClient" time="1.083">
    <system-out><![CDATA[2025-10-16 19:48:28,502 [ForkJoinPool-1-worker-1] INFO  rpc.RpcClient (RpcClient.java:createVolume(461)) - Creating Volume: 1811f628-7bdd-4ed0-8f68-ed689107bf0c, with runner as owner and space quota set to -1 bytes, counts quota set to -1
2025-10-16 19:48:28,504 [om1-OMStateMachineApplyTransactionThread - 0] INFO  volume.OMVolumeCreateRequest (OMVolumeCreateRequest.java:validateAndUpdateCache(213)) - created volume:1811f628-7bdd-4ed0-8f68-ed689107bf0c for user:runner
2025-10-16 19:48:28,504 | INFO  | OMAudit | user=runner | ip=127.0.0.1 | op=CREATE_VOLUME {"admin":"runner","owner":"runner","volume":"1811f628-7bdd-4ed0-8f68-ed689107bf0c","creationTime":"1760644108503","modificationTime":"1760644108503","quotaInBytes":"-1","quotaInNamespace":"-1","usedNamespace":"0","objectID":"-9223372036854666752","updateID":"426","Transaction":"426"} | ret=SUCCESS |  
2025-10-16 19:48:28,505 | INFO  | OMAudit | user=runner | ip=127.0.0.1 | op=READ_VOLUME {"volume":"1811f628-7bdd-4ed0-8f68-ed689107bf0c"} | ret=SUCCESS |  
2025-10-16 19:48:28,506 [ForkJoinPool-1-worker-1] INFO  rpc.RpcClient (RpcClient.java:createBucket(686)) - Creating Bucket: 1811f628-7bdd-4ed0-8f68-ed689107bf0c/41b7f705-4e97-4d1c-bbe9-2ef1d95053e0, with server-side default bucket layout, runner as owner, Versioning false, Storage Type set to DISK and Encryption set to false, Replication Type set to server-side default replication type, Namespace Quota set to -1, Space Quota set to -1 
2025-10-16 19:48:28,507 [om1-OMStateMachineApplyTransactionThread - 0] INFO  bucket.OMBucketCreateRequest (OMBucketCreateRequest.java:validateAndUpdateCache(303)) - created bucket: 41b7f705-4e97-4d1c-bbe9-2ef1d95053e0 of layout FILE_SYSTEM_OPTIMIZED in volume: 1811f628-7bdd-4ed0-8f68-ed689107bf0c
2025-10-16 19:48:28,507 | INFO  | OMAudit | user=runner | ip=127.0.0.1 | op=CREATE_BUCKET {"volume":"1811f628-7bdd-4ed0-8f68-ed689107bf0c","bucket":"41b7f705-4e97-4d1c-bbe9-2ef1d95053e0","bucketLayout":"FILE_SYSTEM_OPTIMIZED","gdprEnabled":null,"acls":"[user:runner:a[ACCESS], group:runner:rl[ACCESS]]","isVersionEnabled":"false","storageType":"DISK","creationTime":"1760644108506","bucketEncryptionKey":null,"modificationTime":"1760644108506","usedBytes":"0","usedNamespace":"0","snapshotUsedBytes":"0","snapshotUsedNamespace":"0","owner":"runner","replicationType":null,"replicationConfig":null,"quotaInBytes":"-1","quotaInNamespace":"-1","Transaction":"427"} | ret=SUCCESS |  
2025-10-16 19:48:28,508 | INFO  | OMAudit | user=runner | ip=127.0.0.1 | op=READ_BUCKET {"volume":"1811f628-7bdd-4ed0-8f68-ed689107bf0c","bucket":"41b7f705-4e97-4d1c-bbe9-2ef1d95053e0"} | ret=SUCCESS |  
2025-10-16 19:48:28,511 | INFO  | OMAudit | user=runner | ip=127.0.0.1 | op=READ_BUCKET {"volume":"1811f628-7bdd-4ed0-8f68-ed689107bf0c","bucket":"41b7f705-4e97-4d1c-bbe9-2ef1d95053e0"} | ret=SUCCESS |  
2025-10-16 19:48:28,513 | INFO  | OMAudit | user=runner | ip=127.0.0.1 | op=UPDATE_BUCKET {"volume":"1811f628-7bdd-4ed0-8f68-ed689107bf0c","bucket":"41b7f705-4e97-4d1c-bbe9-2ef1d95053e0","gdprEnabled":null,"isVersionEnabled":"null","quotaInBytes":"9223372036854775807","quotaInNamespace":"2","Transaction":"428"} | ret=SUCCESS |  
2025-10-16 19:48:28,515 | INFO  | OMAudit | user=runner | ip=127.0.0.1 | op=READ_BUCKET {"volume":"1811f628-7bdd-4ed0-8f68-ed689107bf0c","bucket":"41b7f705-4e97-4d1c-bbe9-2ef1d95053e0"} | ret=SUCCESS |  
2025-10-16 19:48:28,516 | INFO  | SCMAudit | user=runner | ip=127.0.0.1 | op=ALLOCATE_BLOCK {"replication":"RATIS/ONE","owner":"omServiceIdDefault","size":"4194304","sampleBlocks":"[conID: 5 locID: 115816896921600144]","num":"1","client":"","allocated":"1"} | ret=SUCCESS |  
2025-10-16 19:48:28,518 | INFO  | OMAudit | user=runner | ip=127.0.0.1 | op=ALLOCATE_KEY {"volume":"1811f628-7bdd-4ed0-8f68-ed689107bf0c","bucket":"41b7f705-4e97-4d1c-bbe9-2ef1d95053e0","key":"c1acab48-7040-4f17-908d-db0e14cba395","dataSize":"12","replicationType":"RATIS","replicationFactor":"ONE","Transaction":"429"} | ret=SUCCESS |  
2025-10-16 19:48:28,532 | INFO  | OMAudit | user=runner | ip=127.0.0.1 | op=COMMIT_KEY {"volume":"1811f628-7bdd-4ed0-8f68-ed689107bf0c","bucket":"41b7f705-4e97-4d1c-bbe9-2ef1d95053e0","key":"c1acab48-7040-4f17-908d-db0e14cba395","dataSize":"12","replicationType":"RATIS","replicationFactor":"ONE","Transaction":"430"} | ret=SUCCESS |  
2025-10-16 19:48:28,533 | INFO  | OMAudit | user=runner | ip=127.0.0.1 | op=READ_VOLUME {"volume":"1811f628-7bdd-4ed0-8f68-ed689107bf0c"} | ret=SUCCESS |  
2025-10-16 19:48:28,534 | INFO  | OMAudit | user=runner | ip=127.0.0.1 | op=READ_BUCKET {"volume":"1811f628-7bdd-4ed0-8f68-ed689107bf0c","bucket":"41b7f705-4e97-4d1c-bbe9-2ef1d95053e0"} | ret=SUCCESS |  
2025-10-16 19:48:28,535 | INFO  | OMAudit | user=runner | ip=127.0.0.1 | op=READ_BUCKET {"volume":"1811f628-7bdd-4ed0-8f68-ed689107bf0c","bucket":"41b7f705-4e97-4d1c-bbe9-2ef1d95053e0"} | ret=SUCCESS |  
2025-10-16 19:48:28,536 | INFO  | SCMAudit | user=runner | ip=127.0.0.1 | op=ALLOCATE_BLOCK {"replication":"RATIS/ONE","owner":"omServiceIdDefault","size":"4194304","sampleBlocks":"[conID: 10 locID: 115816896921600145]","num":"1","client":"","allocated":"1"} | ret=SUCCESS |  
2025-10-16 19:48:28,539 | INFO  | OMAudit | user=runner | ip=127.0.0.1 | op=ALLOCATE_KEY {"volume":"1811f628-7bdd-4ed0-8f68-ed689107bf0c","bucket":"41b7f705-4e97-4d1c-bbe9-2ef1d95053e0","key":"833ee962-bc3c-4cac-a058-1d9e1e615bd8","dataSize":"12","replicationType":"RATIS","replicationFactor":"ONE","Transaction":"431"} | ret=SUCCESS |  
2025-10-16 19:48:28,551 | INFO  | OMAudit | user=runner | ip=127.0.0.1 | op=COMMIT_KEY {"volume":"1811f628-7bdd-4ed0-8f68-ed689107bf0c","bucket":"41b7f705-4e97-4d1c-bbe9-2ef1d95053e0","key":"833ee962-bc3c-4cac-a058-1d9e1e615bd8","dataSize":"12","replicationType":"RATIS","replicationFactor":"ONE","Transaction":"432"} | ret=SUCCESS |  
2025-10-16 19:48:28,553 | INFO  | OMAudit | user=runner | ip=127.0.0.1 | op=READ_VOLUME {"volume":"1811f628-7bdd-4ed0-8f68-ed689107bf0c"} | ret=SUCCESS |  
2025-10-16 19:48:28,554 | INFO  | OMAudit | user=runner | ip=127.0.0.1 | op=READ_BUCKET {"volume":"1811f628-7bdd-4ed0-8f68-ed689107bf0c","bucket":"41b7f705-4e97-4d1c-bbe9-2ef1d95053e0"} | ret=SUCCESS |  
2025-10-16 19:48:28,555 | INFO  | OMAudit | user=runner | ip=127.0.0.1 | op=READ_BUCKET {"volume":"1811f628-7bdd-4ed0-8f68-ed689107bf0c","bucket":"41b7f705-4e97-4d1c-bbe9-2ef1d95053e0"} | ret=SUCCESS |  
2025-10-16 19:48:28,556 | INFO  | SCMAudit | user=runner | ip=127.0.0.1 | op=ALLOCATE_BLOCK {"replication":"RATIS/ONE","owner":"omServiceIdDefault","size":"4194304","sampleBlocks":"[conID: 3 locID: 115816896921600146]","num":"1","client":"","allocated":"1"} | ret=SUCCESS |  
2025-10-16 19:48:28,558 [om1-OMStateMachineApplyTransactionThread - 0] ERROR key.OMKeyCreateRequest (OMKeyCreateRequest.java:logResult(400)) - Key creation failed. Volume:1811f628-7bdd-4ed0-8f68-ed689107bf0c, Bucket:41b7f705-4e97-4d1c-bbe9-2ef1d95053e0, Key:df95efd0-609e-459f-81b4-410ad187f9cf. 
QUOTA_EXCEEDED org.apache.hadoop.ozone.om.exceptions.OMException: The namespace quota of Bucket:41b7f705-4e97-4d1c-bbe9-2ef1d95053e0 exceeded: quotaInNamespace: 2 but namespace consumed: 3.
	at org.apache.hadoop.ozone.om.request.key.OMKeyRequest.checkBucketQuotaInNamespace(OMKeyRequest.java:863)
	at org.apache.hadoop.ozone.om.request.key.OMKeyCreateRequestWithFSO.validateAndUpdateCache(OMKeyCreateRequestWithFSO.java:184)
	at org.apache.hadoop.ozone.protocolPB.OzoneManagerRequestHandler.lambda$0(OzoneManagerRequestHandler.java:418)
	at org.apache.hadoop.ozone.util.MetricUtil.captureLatencyNs(MetricUtil.java:45)
	at org.apache.hadoop.ozone.protocolPB.OzoneManagerRequestHandler.handleWriteRequestImpl(OzoneManagerRequestHandler.java:416)
	at org.apache.hadoop.ozone.protocolPB.RequestHandler.handleWriteRequest(RequestHandler.java:62)
	at org.apache.hadoop.ozone.om.ratis.OzoneManagerStateMachine.runCommand(OzoneManagerStateMachine.java:599)
	at org.apache.hadoop.ozone.om.ratis.OzoneManagerStateMachine.lambda$3(OzoneManagerStateMachine.java:415)
	at java.base/java.util.concurrent.CompletableFuture$AsyncSupply.run(CompletableFuture.java:1768)
	at java.base/java.util.concurrent.ThreadPoolExecutor.runWorker(ThreadPoolExecutor.java:1144)
	at java.base/java.util.concurrent.ThreadPoolExecutor$Worker.run(ThreadPoolExecutor.java:642)
	at java.base/java.lang.Thread.run(Thread.java:1583)
2025-10-16 19:48:28,558 | ERROR | OMAudit | user=runner | ip=127.0.0.1 | op=ALLOCATE_KEY {"volume":"1811f628-7bdd-4ed0-8f68-ed689107bf0c","bucket":"41b7f705-4e97-4d1c-bbe9-2ef1d95053e0","key":"df95efd0-609e-459f-81b4-410ad187f9cf","dataSize":"12","replicationType":"RATIS","replicationFactor":"ONE","Transaction":"433"} | ret=FAILURE | 
org.apache.hadoop.ozone.om.exceptions.OMException: The namespace quota of Bucket:41b7f705-4e97-4d1c-bbe9-2ef1d95053e0 exceeded: quotaInNamespace: 2 but namespace consumed: 3.
	at org.apache.hadoop.ozone.om.request.key.OMKeyRequest.checkBucketQuotaInNamespace(OMKeyRequest.java:863)
	at org.apache.hadoop.ozone.om.request.key.OMKeyCreateRequestWithFSO.validateAndUpdateCache(OMKeyCreateRequestWithFSO.java:184)
 
2025-10-16 19:48:28,562 | INFO  | OMAudit | user=runner | ip=127.0.0.1 | op=READ_VOLUME {"volume":"1811f628-7bdd-4ed0-8f68-ed689107bf0c"} | ret=SUCCESS |  
2025-10-16 19:48:28,563 | INFO  | OMAudit | user=runner | ip=127.0.0.1 | op=READ_BUCKET {"volume":"1811f628-7bdd-4ed0-8f68-ed689107bf0c","bucket":"41b7f705-4e97-4d1c-bbe9-2ef1d95053e0"} | ret=SUCCESS |  
2025-10-16 19:48:28,564 | INFO  | OMAudit | user=runner | ip=127.0.0.1 | op=READ_BUCKET {"volume":"1811f628-7bdd-4ed0-8f68-ed689107bf0c","bucket":"41b7f705-4e97-4d1c-bbe9-2ef1d95053e0"} | ret=SUCCESS |  
2025-10-16 19:48:28,565 | INFO  | OMAudit | user=runner | ip=127.0.0.1 | op=UPDATE_BUCKET {"volume":"1811f628-7bdd-4ed0-8f68-ed689107bf0c","bucket":"41b7f705-4e97-4d1c-bbe9-2ef1d95053e0","gdprEnabled":null,"isVersionEnabled":"null","quotaInBytes":"9223372036854775807","quotaInNamespace":"100","Transaction":"434"} | ret=SUCCESS |  
2025-10-16 19:48:28,566 | INFO  | OMAudit | user=runner | ip=127.0.0.1 | op=READ_VOLUME {"volume":"1811f628-7bdd-4ed0-8f68-ed689107bf0c"} | ret=SUCCESS |  
2025-10-16 19:48:28,567 | INFO  | OMAudit | user=runner | ip=127.0.0.1 | op=READ_BUCKET {"volume":"1811f628-7bdd-4ed0-8f68-ed689107bf0c","bucket":"41b7f705-4e97-4d1c-bbe9-2ef1d95053e0"} | ret=SUCCESS |  
2025-10-16 19:48:28,578 | INFO  | OMAudit | user=runner | ip=127.0.0.1 | op=DELETE_KEYS {"volume":"1811f628-7bdd-4ed0-8f68-ed689107bf0c","bucket":"41b7f705-4e97-4d1c-bbe9-2ef1d95053e0","deletedKeysList":"{key=c1acab48-7040-4f17-908d-db0e14cba395, dataSize=12, replicationConfig=RATIS/ONE}, {key=833ee962-bc3c-4cac-a058-1d9e1e615bd8, dataSize=12, replicationConfig=RATIS/ONE}","unDeletedKeysList":"","Transaction":"435"} | ret=SUCCESS |  
2025-10-16 19:48:28,581 | INFO  | OMAudit | user=runner | ip=127.0.0.1 | op=READ_VOLUME {"volume":"1811f628-7bdd-4ed0-8f68-ed689107bf0c"} | ret=SUCCESS |  
2025-10-16 19:48:28,582 | INFO  | OMAudit | user=runner | ip=127.0.0.1 | op=READ_BUCKET {"volume":"1811f628-7bdd-4ed0-8f68-ed689107bf0c","bucket":"41b7f705-4e97-4d1c-bbe9-2ef1d95053e0"} | ret=SUCCESS |  
2025-10-16 19:48:28,708 | INFO  | SCMAudit | user=runner | ip=127.0.0.1 | op=SEND_HEARTBEAT {"datanodeUUID":"757ca056-973f-4f05-ab2d-6aff6c54d452","term":"2","command":"[]"} | ret=SUCCESS |  
2025-10-16 19:48:28,730 | INFO  | SCMAudit | user=runner | ip=127.0.0.1 | op=SEND_HEARTBEAT {"datanodeUUID":"702cb173-5c73-4ecc-b5cd-c7b4a6b66aea","term":"2","command":"[]"} | ret=SUCCESS |  
2025-10-16 19:48:28,917 | INFO  | SCMAudit | user=runner | ip=127.0.0.1 | op=SEND_HEARTBEAT {"datanodeUUID":"f700af26-0e26-4136-9205-9509c82c8c70","term":"2","command":"[]"} | ret=SUCCESS |  
2025-10-16 19:48:29,109 | INFO  | SCMAudit | user=runner | ip=127.0.0.1 | op=SEND_HEARTBEAT {"datanodeUUID":"8a3c3252-9afe-4d3a-8492-25be6557678a","term":"2","command":"[]"} | ret=SUCCESS |  
2025-10-16 19:48:29,110 | INFO  | SCMAudit | user=runner | ip=127.0.0.1 | op=SEND_HEARTBEAT {"datanodeUUID":"e33e6ec4-6b66-4281-bedd-2bd75bd30070","term":"2","command":"[]"} | ret=SUCCESS |  
2025-10-16 19:48:29,110 | INFO  | SCMAudit | user=runner | ip=127.0.0.1 | op=SEND_HEARTBEAT {"datanodeUUID":"c0724e9c-0dd4-4d47-992c-7bfe285fdd38","term":"2","command":"[]"} | ret=SUCCESS |  
2025-10-16 19:48:29,113 | INFO  | SCMAudit | user=runner | ip=127.0.0.1 | op=SEND_HEARTBEAT {"datanodeUUID":"8a0fa2ff-b550-4652-b2fe-0cf91cd4a157","term":"2","command":"[]"} | ret=SUCCESS |  
2025-10-16 19:48:29,122 | INFO  | SCMAudit | user=runner | ip=127.0.0.1 | op=SEND_HEARTBEAT {"datanodeUUID":"aa213937-adc5-47da-a770-0ee1e4664344","term":"2","command":"[]"} | ret=SUCCESS |  
2025-10-16 19:48:29,124 | INFO  | SCMAudit | user=runner | ip=127.0.0.1 | op=SEND_HEARTBEAT {"datanodeUUID":"58cff6b7-b2a7-446b-a75a-bb98ad6b11b8","term":"2","command":"[]"} | ret=SUCCESS |  
2025-10-16 19:48:29,126 | INFO  | SCMAudit | user=runner | ip=127.0.0.1 | op=SEND_HEARTBEAT {"datanodeUUID":"e072d245-7694-4d97-8e20-c503ebf8c2fe","term":"2","command":"[]"} | ret=SUCCESS |  
2025-10-16 19:48:29,130 | INFO  | SCMAudit | user=runner | ip=127.0.0.1 | op=SEND_HEARTBEAT {"datanodeUUID":"0428ab3f-efd5-438e-ae11-9ec242443260","term":"2","command":"[]"} | ret=SUCCESS |  
2025-10-16 19:48:29,304 | INFO  | SCMAudit | user=runner | ip=127.0.0.1 | op=SEND_HEARTBEAT {"datanodeUUID":"76d4ba71-5bbb-4b24-8f51-8bc7f78aaca4","term":"2","command":"[]"} | ret=SUCCESS |  
2025-10-16 19:48:29,308 | INFO  | SCMAudit | user=runner | ip=127.0.0.1 | op=SEND_HEARTBEAT {"datanodeUUID":"0e8b6cc7-9945-4141-97fc-6aa017a0d5fa","term":"2","command":"[]"} | ret=SUCCESS |  
2025-10-16 19:48:29,308 | INFO  | SCMAudit | user=runner | ip=127.0.0.1 | op=SEND_HEARTBEAT {"datanodeUUID":"764b18f0-81c5-439a-9fff-25adc4f241fa","term":"2","command":"[]"} | ret=SUCCESS |  
2025-10-16 19:48:29,382 [om1-KeyDeletingService#7] INFO  service.KeyDeletingService (KeyDeletingService.java:processKeyDeletes(151)) - Send 2 key(s) to SCM, first 2 keys: [PurgedKey{blockGroup=BlockGroup[groupID='/1811f628-7bdd-4ed0-8f68-ed689107bf0c/41b7f705-4e97-4d1c-bbe9-2ef1d95053e0/c1acab48-7040-4f17-908d-db0e14cba395/-9223372036854665983/0', blockIDs=[conID: 5 locID: 115816896921600144 bcsId: 0 replicaIndex: null]], volume='1811f628-7bdd-4ed0-8f68-ed689107bf0c', bucket='41b7f705-4e97-4d1c-bbe9-2ef1d95053e0', bucketId=-9223372036854666496, purgedBytes=12, isCommittedKey=true, deleteKeyName='/1811f628-7bdd-4ed0-8f68-ed689107bf0c/41b7f705-4e97-4d1c-bbe9-2ef1d95053e0/c1acab48-7040-4f17-908d-db0e14cba395/-9223372036854665983'}, PurgedKey{blockGroup=BlockGroup[groupID='/1811f628-7bdd-4ed0-8f68-ed689107bf0c/41b7f705-4e97-4d1c-bbe9-2ef1d95053e0/833ee962-bc3c-4cac-a058-1d9e1e615bd8/-9223372036854665471/0', blockIDs=[conID: 10 locID: 115816896921600145 bcsId: 0 replicaIndex: null]], volume='1811f628-7bdd-4ed0-8f68-ed689107bf0c', bucket='41b7f705-4e97-4d1c-bbe9-2ef1d95053e0', bucketId=-9223372036854666496, purgedBytes=12, isCommittedKey=true, deleteKeyName='/1811f628-7bdd-4ed0-8f68-ed689107bf0c/41b7f705-4e97-4d1c-bbe9-2ef1d95053e0/833ee962-bc3c-4cac-a058-1d9e1e615bd8/-9223372036854665471'}]
2025-10-16 19:48:29,384 | INFO  | SCMAudit | user=runner | ip=127.0.0.1 | op=DELETE_KEY_BLOCK {"KeyBlockToDelete":"[BlockGroup[groupID='/1811f628-7bdd-4ed0-8f68-ed689107bf0c/41b7f705-4e97-4d1c-bbe9-2ef1d95053e0/833ee962-bc3c-4cac-a058-1d9e1e615bd8/-9223372036854665471/0', blockIDs=[conID: 10 locID: 115816896921600145 bcsId: 0 replicaIndex: null]], BlockGroup[groupID='/1811f628-7bdd-4ed0-8f68-ed689107bf0c/41b7f705-4e97-4d1c-bbe9-2ef1d95053e0/c1acab48-7040-4f17-908d-db0e14cba395/-9223372036854665983/0', blockIDs=[conID: 5 locID: 115816896921600144 bcsId: 0 replicaIndex: null]]]"} | ret=SUCCESS |  
2025-10-16 19:48:29,385 [om1-KeyDeletingService#7] INFO  service.KeyDeletingService (KeyDeletingService.java:processKeyDeletes(158)) - 2 BlockGroup deletion are acked by SCM in 3 ms
2025-10-16 19:48:29,386 [om1-KeyDeletingService#7] INFO  service.KeyDeletingService (KeyDeletingService.java:processKeyDeletes(166)) - Blocks for 2 (out of 2) keys are deleted from DB in 2 ms. Limit per task is 50000.
2025-10-16 19:48:29,583 | INFO  | OMAudit | user=runner | ip=127.0.0.1 | op=READ_VOLUME {"volume":"1811f628-7bdd-4ed0-8f68-ed689107bf0c"} | ret=SUCCESS |  
2025-10-16 19:48:29,584 | INFO  | OMAudit | user=runner | ip=127.0.0.1 | op=READ_BUCKET {"volume":"1811f628-7bdd-4ed0-8f68-ed689107bf0c","bucket":"41b7f705-4e97-4d1c-bbe9-2ef1d95053e0"} | ret=SUCCESS |  
]]></system-out>
  </testcase>
  <testcase name="testBucketSetOwner" classname="org.apache.hadoop.ozone.client.rpc.TestSecureOzoneRpcClient" time="0.024">
    <system-out><![CDATA[2025-10-16 19:48:29,586 [ForkJoinPool-1-worker-1] INFO  rpc.RpcClient (RpcClient.java:createVolume(461)) - Creating Volume: 37baae01-1a59-4683-8418-60c29bc0fa7b, with runner as owner and space quota set to -1 bytes, counts quota set to -1
2025-10-16 19:48:29,588 [om1-OMStateMachineApplyTransactionThread - 0] INFO  volume.OMVolumeCreateRequest (OMVolumeCreateRequest.java:validateAndUpdateCache(213)) - created volume:37baae01-1a59-4683-8418-60c29bc0fa7b for user:runner
2025-10-16 19:48:29,588 | INFO  | OMAudit | user=runner | ip=127.0.0.1 | op=CREATE_VOLUME {"admin":"runner","owner":"runner","volume":"37baae01-1a59-4683-8418-60c29bc0fa7b","creationTime":"1760644109587","modificationTime":"1760644109587","quotaInBytes":"-1","quotaInNamespace":"-1","usedNamespace":"0","objectID":"-9223372036854663936","updateID":"437","Transaction":"437"} | ret=SUCCESS |  
2025-10-16 19:48:29,589 | INFO  | OMAudit | user=runner | ip=127.0.0.1 | op=READ_VOLUME {"volume":"37baae01-1a59-4683-8418-60c29bc0fa7b"} | ret=SUCCESS |  
2025-10-16 19:48:29,590 [ForkJoinPool-1-worker-1] INFO  rpc.RpcClient (RpcClient.java:createBucket(686)) - Creating Bucket: 37baae01-1a59-4683-8418-60c29bc0fa7b/0433de23-bd4f-4cb2-b233-ef1a9016630e, with server-side default bucket layout, runner as owner, Versioning false, Storage Type set to DISK and Encryption set to false, Replication Type set to server-side default replication type, Namespace Quota set to -1, Space Quota set to -1 
2025-10-16 19:48:29,591 [om1-OMStateMachineApplyTransactionThread - 0] INFO  bucket.OMBucketCreateRequest (OMBucketCreateRequest.java:validateAndUpdateCache(303)) - created bucket: 0433de23-bd4f-4cb2-b233-ef1a9016630e of layout FILE_SYSTEM_OPTIMIZED in volume: 37baae01-1a59-4683-8418-60c29bc0fa7b
2025-10-16 19:48:29,592 | INFO  | OMAudit | user=runner | ip=127.0.0.1 | op=CREATE_BUCKET {"volume":"37baae01-1a59-4683-8418-60c29bc0fa7b","bucket":"0433de23-bd4f-4cb2-b233-ef1a9016630e","bucketLayout":"FILE_SYSTEM_OPTIMIZED","gdprEnabled":null,"acls":"[user:runner:a[ACCESS], group:runner:rl[ACCESS]]","isVersionEnabled":"false","storageType":"DISK","creationTime":"1760644109591","bucketEncryptionKey":null,"modificationTime":"1760644109591","usedBytes":"0","usedNamespace":"0","snapshotUsedBytes":"0","snapshotUsedNamespace":"0","owner":"runner","replicationType":null,"replicationConfig":null,"quotaInBytes":"-1","quotaInNamespace":"-1","Transaction":"438"} | ret=SUCCESS |  
2025-10-16 19:48:29,593 | INFO  | OMAudit | user=runner | ip=127.0.0.1 | op=READ_VOLUME {"volume":"37baae01-1a59-4683-8418-60c29bc0fa7b"} | ret=SUCCESS |  
2025-10-16 19:48:29,593 | INFO  | OMAudit | user=runner | ip=127.0.0.1 | op=READ_BUCKET {"volume":"37baae01-1a59-4683-8418-60c29bc0fa7b","bucket":"0433de23-bd4f-4cb2-b233-ef1a9016630e"} | ret=SUCCESS |  
2025-10-16 19:48:29,596 | INFO  | OMAudit | user=runner | ip=127.0.0.1 | op=SET_OWNER {"volume":"37baae01-1a59-4683-8418-60c29bc0fa7b","bucket":"0433de23-bd4f-4cb2-b233-ef1a9016630e","gdprEnabled":null,"isVersionEnabled":"null","owner":"testUser","Transaction":"439"} | ret=SUCCESS |  
2025-10-16 19:48:29,597 | INFO  | OMAudit | user=runner | ip=127.0.0.1 | op=READ_VOLUME {"volume":"37baae01-1a59-4683-8418-60c29bc0fa7b"} | ret=SUCCESS |  
2025-10-16 19:48:29,598 | INFO  | OMAudit | user=runner | ip=127.0.0.1 | op=READ_BUCKET {"volume":"37baae01-1a59-4683-8418-60c29bc0fa7b","bucket":"0433de23-bd4f-4cb2-b233-ef1a9016630e"} | ret=SUCCESS |  
2025-10-16 19:48:29,599 | INFO  | OMAudit | user=runner | ip=127.0.0.1 | op=READ_VOLUME {"volume":"37baae01-1a59-4683-8418-60c29bc0fa7b"} | ret=SUCCESS |  
2025-10-16 19:48:29,604 | INFO  | OMAudit | user=runner | ip=127.0.0.1 | op=DELETE_BUCKET {"volume":"37baae01-1a59-4683-8418-60c29bc0fa7b","bucket":"0433de23-bd4f-4cb2-b233-ef1a9016630e","Transaction":"440"} | ret=SUCCESS |  
2025-10-16 19:48:29,609 | INFO  | OMAudit | user=runner | ip=127.0.0.1 | op=DELETE_VOLUME {"volume":"37baae01-1a59-4683-8418-60c29bc0fa7b","Transaction":"441"} | ret=SUCCESS |  
]]></system-out>
  </testcase>
  <testcase name="testBucketUsedBytes" classname="org.apache.hadoop.ozone.client.rpc.TestSecureOzoneRpcClient" time="3.075">
    <system-out><![CDATA[2025-10-16 19:48:29,611 [ForkJoinPool-1-worker-1] INFO  rpc.RpcClient (RpcClient.java:createVolume(461)) - Creating Volume: 4e5068ec-5ede-4f46-b4c0-ba544d65b5f6, with runner as owner and space quota set to -1 bytes, counts quota set to -1
2025-10-16 19:48:29,612 [om1-OMStateMachineApplyTransactionThread - 0] INFO  volume.OMVolumeCreateRequest (OMVolumeCreateRequest.java:validateAndUpdateCache(213)) - created volume:4e5068ec-5ede-4f46-b4c0-ba544d65b5f6 for user:runner
2025-10-16 19:48:29,613 | INFO  | OMAudit | user=runner | ip=127.0.0.1 | op=CREATE_VOLUME {"admin":"runner","owner":"runner","volume":"4e5068ec-5ede-4f46-b4c0-ba544d65b5f6","creationTime":"1760644109612","modificationTime":"1760644109612","quotaInBytes":"-1","quotaInNamespace":"-1","usedNamespace":"0","objectID":"-9223372036854662656","updateID":"442","Transaction":"442"} | ret=SUCCESS |  
2025-10-16 19:48:29,613 | INFO  | OMAudit | user=runner | ip=127.0.0.1 | op=READ_VOLUME {"volume":"4e5068ec-5ede-4f46-b4c0-ba544d65b5f6"} | ret=SUCCESS |  
2025-10-16 19:48:29,614 [ForkJoinPool-1-worker-1] INFO  rpc.RpcClient (RpcClient.java:createBucket(686)) - Creating Bucket: 4e5068ec-5ede-4f46-b4c0-ba544d65b5f6/22bf7bc4-3be2-48a6-859d-c2e41f83b63a, with bucket layout OBJECT_STORE, runner as owner, Versioning false, Storage Type set to DISK and Encryption set to false, Replication Type set to server-side default replication type, Namespace Quota set to -1, Space Quota set to -1 
2025-10-16 19:48:29,615 [om1-OMStateMachineApplyTransactionThread - 0] INFO  bucket.OMBucketCreateRequest (OMBucketCreateRequest.java:validateAndUpdateCache(303)) - created bucket: 22bf7bc4-3be2-48a6-859d-c2e41f83b63a of layout OBJECT_STORE in volume: 4e5068ec-5ede-4f46-b4c0-ba544d65b5f6
2025-10-16 19:48:29,615 | INFO  | OMAudit | user=runner | ip=127.0.0.1 | op=CREATE_BUCKET {"volume":"4e5068ec-5ede-4f46-b4c0-ba544d65b5f6","bucket":"22bf7bc4-3be2-48a6-859d-c2e41f83b63a","bucketLayout":"OBJECT_STORE","gdprEnabled":null,"acls":"[user:runner:a[ACCESS], group:runner:rl[ACCESS]]","isVersionEnabled":"false","storageType":"DISK","creationTime":"1760644109614","bucketEncryptionKey":null,"modificationTime":"1760644109614","usedBytes":"0","usedNamespace":"0","snapshotUsedBytes":"0","snapshotUsedNamespace":"0","owner":"runner","replicationType":null,"replicationConfig":null,"quotaInBytes":"-1","quotaInNamespace":"-1","Transaction":"443"} | ret=SUCCESS |  
2025-10-16 19:48:29,616 | INFO  | OMAudit | user=runner | ip=127.0.0.1 | op=READ_BUCKET {"volume":"4e5068ec-5ede-4f46-b4c0-ba544d65b5f6","bucket":"22bf7bc4-3be2-48a6-859d-c2e41f83b63a"} | ret=SUCCESS |  
2025-10-16 19:48:29,617 | INFO  | OMAudit | user=runner | ip=127.0.0.1 | op=READ_BUCKET {"volume":"4e5068ec-5ede-4f46-b4c0-ba544d65b5f6","bucket":"22bf7bc4-3be2-48a6-859d-c2e41f83b63a"} | ret=SUCCESS |  
2025-10-16 19:48:29,619 | INFO  | SCMAudit | user=runner | ip=127.0.0.1 | op=ALLOCATE_BLOCK {"replication":"RATIS/ONE","owner":"omServiceIdDefault","size":"4194304","sampleBlocks":"[conID: 27 locID: 115816896921600147]","num":"1","client":"","allocated":"1"} | ret=SUCCESS |  
2025-10-16 19:48:29,621 | INFO  | OMAudit | user=runner | ip=127.0.0.1 | op=ALLOCATE_KEY {"volume":"4e5068ec-5ede-4f46-b4c0-ba544d65b5f6","bucket":"22bf7bc4-3be2-48a6-859d-c2e41f83b63a","key":"8cd128b0-016e-4c54-979e-e21e8c3ee1f0","dataSize":"12","replicationType":"RATIS","replicationFactor":"ONE","Transaction":"444"} | ret=SUCCESS |  
2025-10-16 19:48:29,633 | INFO  | ContainerLog | ID=27 | Index=0 | BCSID=0 | State=OPEN | Volume=/home/runner/work/ozone/ozone/hadoop-ozone/integration-test/target/test-dir/MiniOzoneClusterImpl-e7911277-7775-4457-96c8-94071a26a1ce/ozone-metadata/datanode-10/data-0/hdds | DataChecksum=0 |  
2025-10-16 19:48:29,634 | INFO  | SCMAudit | user=runner | ip=127.0.0.1 | op=SEND_HEARTBEAT {"datanodeUUID":"0e8b6cc7-9945-4141-97fc-6aa017a0d5fa","term":"2","command":"[]"} | ret=SUCCESS |  
2025-10-16 19:48:29,638 | INFO  | OMAudit | user=runner | ip=127.0.0.1 | op=COMMIT_KEY {"volume":"4e5068ec-5ede-4f46-b4c0-ba544d65b5f6","bucket":"22bf7bc4-3be2-48a6-859d-c2e41f83b63a","key":"8cd128b0-016e-4c54-979e-e21e8c3ee1f0","dataSize":"12","replicationType":"RATIS","replicationFactor":"ONE","Transaction":"445"} | ret=SUCCESS |  
2025-10-16 19:48:29,640 | INFO  | OMAudit | user=runner | ip=127.0.0.1 | op=READ_VOLUME {"volume":"4e5068ec-5ede-4f46-b4c0-ba544d65b5f6"} | ret=SUCCESS |  
2025-10-16 19:48:29,641 | INFO  | OMAudit | user=runner | ip=127.0.0.1 | op=READ_BUCKET {"volume":"4e5068ec-5ede-4f46-b4c0-ba544d65b5f6","bucket":"22bf7bc4-3be2-48a6-859d-c2e41f83b63a"} | ret=SUCCESS |  
2025-10-16 19:48:29,642 | INFO  | OMAudit | user=runner | ip=127.0.0.1 | op=READ_BUCKET {"volume":"4e5068ec-5ede-4f46-b4c0-ba544d65b5f6","bucket":"22bf7bc4-3be2-48a6-859d-c2e41f83b63a"} | ret=SUCCESS |  
2025-10-16 19:48:29,643 | INFO  | SCMAudit | user=runner | ip=127.0.0.1 | op=ALLOCATE_BLOCK {"replication":"RATIS/ONE","owner":"omServiceIdDefault","size":"4194304","sampleBlocks":"[conID: 27 locID: 115816896921600148]","num":"1","client":"","allocated":"1"} | ret=SUCCESS |  
2025-10-16 19:48:29,645 | INFO  | OMAudit | user=runner | ip=127.0.0.1 | op=ALLOCATE_KEY {"volume":"4e5068ec-5ede-4f46-b4c0-ba544d65b5f6","bucket":"22bf7bc4-3be2-48a6-859d-c2e41f83b63a","key":"8cd128b0-016e-4c54-979e-e21e8c3ee1f0","dataSize":"12","replicationType":"RATIS","replicationFactor":"ONE","Transaction":"446"} | ret=SUCCESS |  
2025-10-16 19:48:29,652 | INFO  | OMAudit | user=runner | ip=127.0.0.1 | op=COMMIT_KEY {"volume":"4e5068ec-5ede-4f46-b4c0-ba544d65b5f6","bucket":"22bf7bc4-3be2-48a6-859d-c2e41f83b63a","key":"8cd128b0-016e-4c54-979e-e21e8c3ee1f0","dataSize":"12","replicationType":"RATIS","replicationFactor":"ONE","Transaction":"447"} | ret=SUCCESS |  
2025-10-16 19:48:29,654 | INFO  | OMAudit | user=runner | ip=127.0.0.1 | op=READ_VOLUME {"volume":"4e5068ec-5ede-4f46-b4c0-ba544d65b5f6"} | ret=SUCCESS |  
2025-10-16 19:48:29,655 | INFO  | OMAudit | user=runner | ip=127.0.0.1 | op=READ_BUCKET {"volume":"4e5068ec-5ede-4f46-b4c0-ba544d65b5f6","bucket":"22bf7bc4-3be2-48a6-859d-c2e41f83b63a"} | ret=SUCCESS |  
2025-10-16 19:48:29,708 | INFO  | SCMAudit | user=runner | ip=127.0.0.1 | op=SEND_HEARTBEAT {"datanodeUUID":"757ca056-973f-4f05-ab2d-6aff6c54d452","term":"2","command":"[]"} | ret=SUCCESS |  
2025-10-16 19:48:29,730 | INFO  | SCMAudit | user=runner | ip=127.0.0.1 | op=SEND_HEARTBEAT {"datanodeUUID":"702cb173-5c73-4ecc-b5cd-c7b4a6b66aea","term":"2","command":"[]"} | ret=SUCCESS |  
2025-10-16 19:48:29,917 | INFO  | SCMAudit | user=runner | ip=127.0.0.1 | op=SEND_HEARTBEAT {"datanodeUUID":"f700af26-0e26-4136-9205-9509c82c8c70","term":"2","command":"[]"} | ret=SUCCESS |  
2025-10-16 19:48:30,109 | INFO  | SCMAudit | user=runner | ip=127.0.0.1 | op=SEND_HEARTBEAT {"datanodeUUID":"8a3c3252-9afe-4d3a-8492-25be6557678a","term":"2","command":"[]"} | ret=SUCCESS |  
2025-10-16 19:48:30,111 | INFO  | SCMAudit | user=runner | ip=127.0.0.1 | op=SEND_HEARTBEAT {"datanodeUUID":"e33e6ec4-6b66-4281-bedd-2bd75bd30070","term":"2","command":"[]"} | ret=SUCCESS |  
2025-10-16 19:48:30,111 | INFO  | SCMAudit | user=runner | ip=127.0.0.1 | op=SEND_HEARTBEAT {"datanodeUUID":"c0724e9c-0dd4-4d47-992c-7bfe285fdd38","term":"2","command":"[]"} | ret=SUCCESS |  
2025-10-16 19:48:30,114 | INFO  | SCMAudit | user=runner | ip=127.0.0.1 | op=SEND_HEARTBEAT {"datanodeUUID":"8a0fa2ff-b550-4652-b2fe-0cf91cd4a157","term":"2","command":"[]"} | ret=SUCCESS |  
2025-10-16 19:48:30,122 | INFO  | SCMAudit | user=runner | ip=127.0.0.1 | op=SEND_HEARTBEAT {"datanodeUUID":"aa213937-adc5-47da-a770-0ee1e4664344","term":"2","command":"[]"} | ret=SUCCESS |  
2025-10-16 19:48:30,124 | INFO  | SCMAudit | user=runner | ip=127.0.0.1 | op=SEND_HEARTBEAT {"datanodeUUID":"58cff6b7-b2a7-446b-a75a-bb98ad6b11b8","term":"2","command":"[]"} | ret=SUCCESS |  
2025-10-16 19:48:30,127 | INFO  | SCMAudit | user=runner | ip=127.0.0.1 | op=SEND_HEARTBEAT {"datanodeUUID":"e072d245-7694-4d97-8e20-c503ebf8c2fe","term":"2","command":"[]"} | ret=SUCCESS |  
2025-10-16 19:48:30,131 | INFO  | SCMAudit | user=runner | ip=127.0.0.1 | op=SEND_HEARTBEAT {"datanodeUUID":"0428ab3f-efd5-438e-ae11-9ec242443260","term":"2","command":"[]"} | ret=SUCCESS |  
2025-10-16 19:48:30,304 | INFO  | SCMAudit | user=runner | ip=127.0.0.1 | op=SEND_HEARTBEAT {"datanodeUUID":"76d4ba71-5bbb-4b24-8f51-8bc7f78aaca4","term":"2","command":"[]"} | ret=SUCCESS |  
2025-10-16 19:48:30,308 | INFO  | SCMAudit | user=runner | ip=127.0.0.1 | op=SEND_HEARTBEAT {"datanodeUUID":"764b18f0-81c5-439a-9fff-25adc4f241fa","term":"2","command":"[]"} | ret=SUCCESS |  
2025-10-16 19:48:30,382 [om1-KeyDeletingService#0] INFO  service.KeyDeletingService (KeyDeletingService.java:processKeyDeletes(151)) - Send 1 key(s) to SCM, first 1 keys: [PurgedKey{blockGroup=BlockGroup[groupID='/4e5068ec-5ede-4f46-b4c0-ba544d65b5f6/22bf7bc4-3be2-48a6-859d-c2e41f83b63a/8cd128b0-016e-4c54-979e-e21e8c3ee1f0/-9223372036854661376/0', blockIDs=[conID: 27 locID: 115816896921600147 bcsId: 0 replicaIndex: null]], volume='4e5068ec-5ede-4f46-b4c0-ba544d65b5f6', bucket='22bf7bc4-3be2-48a6-859d-c2e41f83b63a', bucketId=-9223372036854662400, purgedBytes=12, isCommittedKey=true, deleteKeyName='/4e5068ec-5ede-4f46-b4c0-ba544d65b5f6/22bf7bc4-3be2-48a6-859d-c2e41f83b63a/8cd128b0-016e-4c54-979e-e21e8c3ee1f0/-9223372036854661376'}]
2025-10-16 19:48:30,384 | INFO  | SCMAudit | user=runner | ip=127.0.0.1 | op=DELETE_KEY_BLOCK {"KeyBlockToDelete":"[BlockGroup[groupID='/4e5068ec-5ede-4f46-b4c0-ba544d65b5f6/22bf7bc4-3be2-48a6-859d-c2e41f83b63a/8cd128b0-016e-4c54-979e-e21e8c3ee1f0/-9223372036854661376/0', blockIDs=[conID: 27 locID: 115816896921600147 bcsId: 0 replicaIndex: null]]]"} | ret=SUCCESS |  
2025-10-16 19:48:30,384 [om1-KeyDeletingService#0] INFO  service.KeyDeletingService (KeyDeletingService.java:processKeyDeletes(158)) - 1 BlockGroup deletion are acked by SCM in 2 ms
2025-10-16 19:48:30,385 [om1-KeyDeletingService#0] INFO  service.KeyDeletingService (KeyDeletingService.java:processKeyDeletes(166)) - Blocks for 1 (out of 1) keys are deleted from DB in 2 ms. Limit per task is 50000.
2025-10-16 19:48:30,635 | INFO  | SCMAudit | user=runner | ip=127.0.0.1 | op=SEND_HEARTBEAT {"datanodeUUID":"0e8b6cc7-9945-4141-97fc-6aa017a0d5fa","term":"2","command":"[]"} | ret=SUCCESS |  
2025-10-16 19:48:30,656 | INFO  | OMAudit | user=runner | ip=127.0.0.1 | op=READ_VOLUME {"volume":"4e5068ec-5ede-4f46-b4c0-ba544d65b5f6"} | ret=SUCCESS |  
2025-10-16 19:48:30,657 | INFO  | OMAudit | user=runner | ip=127.0.0.1 | op=READ_BUCKET {"volume":"4e5068ec-5ede-4f46-b4c0-ba544d65b5f6","bucket":"22bf7bc4-3be2-48a6-859d-c2e41f83b63a"} | ret=SUCCESS |  
2025-10-16 19:48:30,658 | INFO  | OMAudit | user=runner | ip=127.0.0.1 | op=READ_BUCKET {"volume":"4e5068ec-5ede-4f46-b4c0-ba544d65b5f6","bucket":"22bf7bc4-3be2-48a6-859d-c2e41f83b63a"} | ret=SUCCESS |  
2025-10-16 19:48:30,659 | INFO  | SCMAudit | user=runner | ip=127.0.0.1 | op=ALLOCATE_BLOCK {"replication":"RATIS/ONE","owner":"omServiceIdDefault","size":"4194304","sampleBlocks":"[conID: 1 locID: 115816896921600149, conID: 27 locID: 115816896921600150]","num":"2","client":"","allocated":"2"} | ret=SUCCESS |  
2025-10-16 19:48:30,661 | INFO  | OMAudit | user=runner | ip=127.0.0.1 | op=ALLOCATE_KEY {"volume":"4e5068ec-5ede-4f46-b4c0-ba544d65b5f6","bucket":"22bf7bc4-3be2-48a6-859d-c2e41f83b63a","key":"8cd128b0-016e-4c54-979e-e21e8c3ee1f0","dataSize":"4194316","replicationType":"RATIS","replicationFactor":"ONE","Transaction":"449"} | ret=SUCCESS |  
2025-10-16 19:48:30,673 | INFO  | OMAudit | user=runner | ip=127.0.0.1 | op=COMMIT_KEY {"volume":"4e5068ec-5ede-4f46-b4c0-ba544d65b5f6","bucket":"22bf7bc4-3be2-48a6-859d-c2e41f83b63a","key":"8cd128b0-016e-4c54-979e-e21e8c3ee1f0","dataSize":"12","replicationType":"RATIS","replicationFactor":"ONE","Transaction":"450"} | ret=SUCCESS |  
2025-10-16 19:48:30,675 | INFO  | OMAudit | user=runner | ip=127.0.0.1 | op=READ_VOLUME {"volume":"4e5068ec-5ede-4f46-b4c0-ba544d65b5f6"} | ret=SUCCESS |  
2025-10-16 19:48:30,675 | INFO  | OMAudit | user=runner | ip=127.0.0.1 | op=READ_BUCKET {"volume":"4e5068ec-5ede-4f46-b4c0-ba544d65b5f6","bucket":"22bf7bc4-3be2-48a6-859d-c2e41f83b63a"} | ret=SUCCESS |  
2025-10-16 19:48:30,708 | INFO  | SCMAudit | user=runner | ip=127.0.0.1 | op=SEND_HEARTBEAT {"datanodeUUID":"757ca056-973f-4f05-ab2d-6aff6c54d452","term":"2","command":"[]"} | ret=SUCCESS |  
2025-10-16 19:48:30,730 | INFO  | SCMAudit | user=runner | ip=127.0.0.1 | op=SEND_HEARTBEAT {"datanodeUUID":"702cb173-5c73-4ecc-b5cd-c7b4a6b66aea","term":"2","command":"[]"} | ret=SUCCESS |  
2025-10-16 19:48:30,917 | INFO  | SCMAudit | user=runner | ip=127.0.0.1 | op=SEND_HEARTBEAT {"datanodeUUID":"f700af26-0e26-4136-9205-9509c82c8c70","term":"2","command":"[]"} | ret=SUCCESS |  
2025-10-16 19:48:31,110 | INFO  | SCMAudit | user=runner | ip=127.0.0.1 | op=SEND_HEARTBEAT {"datanodeUUID":"8a3c3252-9afe-4d3a-8492-25be6557678a","term":"2","command":"[]"} | ret=SUCCESS |  
2025-10-16 19:48:31,111 | INFO  | SCMAudit | user=runner | ip=127.0.0.1 | op=SEND_HEARTBEAT {"datanodeUUID":"c0724e9c-0dd4-4d47-992c-7bfe285fdd38","term":"2","command":"[]"} | ret=SUCCESS |  
2025-10-16 19:48:31,111 | INFO  | SCMAudit | user=runner | ip=127.0.0.1 | op=SEND_HEARTBEAT {"datanodeUUID":"e33e6ec4-6b66-4281-bedd-2bd75bd30070","term":"2","command":"[]"} | ret=SUCCESS |  
2025-10-16 19:48:31,113 | INFO  | SCMAudit | user=runner | ip=127.0.0.1 | op=SEND_HEARTBEAT {"datanodeUUID":"8a0fa2ff-b550-4652-b2fe-0cf91cd4a157","term":"2","command":"[]"} | ret=SUCCESS |  
2025-10-16 19:48:31,122 | INFO  | SCMAudit | user=runner | ip=127.0.0.1 | op=SEND_HEARTBEAT {"datanodeUUID":"aa213937-adc5-47da-a770-0ee1e4664344","term":"2","command":"[]"} | ret=SUCCESS |  
2025-10-16 19:48:31,124 | INFO  | SCMAudit | user=runner | ip=127.0.0.1 | op=SEND_HEARTBEAT {"datanodeUUID":"58cff6b7-b2a7-446b-a75a-bb98ad6b11b8","term":"2","command":"[]"} | ret=SUCCESS |  
2025-10-16 19:48:31,127 | INFO  | SCMAudit | user=runner | ip=127.0.0.1 | op=SEND_HEARTBEAT {"datanodeUUID":"e072d245-7694-4d97-8e20-c503ebf8c2fe","term":"2","command":"[]"} | ret=SUCCESS |  
2025-10-16 19:48:31,130 | INFO  | SCMAudit | user=runner | ip=127.0.0.1 | op=SEND_HEARTBEAT {"datanodeUUID":"0428ab3f-efd5-438e-ae11-9ec242443260","term":"2","command":"[]"} | ret=SUCCESS |  
2025-10-16 19:48:31,303 | INFO  | SCMAudit | user=runner | ip=127.0.0.1 | op=SEND_HEARTBEAT {"datanodeUUID":"76d4ba71-5bbb-4b24-8f51-8bc7f78aaca4","term":"2","command":"[]"} | ret=SUCCESS |  
2025-10-16 19:48:31,309 | INFO  | SCMAudit | user=runner | ip=127.0.0.1 | op=SEND_HEARTBEAT {"datanodeUUID":"764b18f0-81c5-439a-9fff-25adc4f241fa","term":"2","command":"[]"} | ret=SUCCESS |  
2025-10-16 19:48:31,382 [om1-KeyDeletingService#9] INFO  service.KeyDeletingService (KeyDeletingService.java:processKeyDeletes(151)) - Send 2 key(s) to SCM, first 2 keys: [PurgedKey{blockGroup=BlockGroup[groupID='/4e5068ec-5ede-4f46-b4c0-ba544d65b5f6/22bf7bc4-3be2-48a6-859d-c2e41f83b63a/8cd128b0-016e-4c54-979e-e21e8c3ee1f0/-9223372036854660608/1', blockIDs=[conID: 27 locID: 115816896921600150 bcsId: 0 replicaIndex: null]], volume='4e5068ec-5ede-4f46-b4c0-ba544d65b5f6', bucket='22bf7bc4-3be2-48a6-859d-c2e41f83b63a', bucketId=-9223372036854662400, purgedBytes=4194304, isCommittedKey=false, deleteKeyName='/4e5068ec-5ede-4f46-b4c0-ba544d65b5f6/22bf7bc4-3be2-48a6-859d-c2e41f83b63a/8cd128b0-016e-4c54-979e-e21e8c3ee1f0/-9223372036854660608'}, PurgedKey{blockGroup=BlockGroup[groupID='/4e5068ec-5ede-4f46-b4c0-ba544d65b5f6/22bf7bc4-3be2-48a6-859d-c2e41f83b63a/8cd128b0-016e-4c54-979e-e21e8c3ee1f0/-9223372036854660608/0', blockIDs=[conID: 27 locID: 115816896921600148 bcsId: 0 replicaIndex: null]], volume='4e5068ec-5ede-4f46-b4c0-ba544d65b5f6', bucket='22bf7bc4-3be2-48a6-859d-c2e41f83b63a', bucketId=-9223372036854662400, purgedBytes=12, isCommittedKey=true, deleteKeyName='/4e5068ec-5ede-4f46-b4c0-ba544d65b5f6/22bf7bc4-3be2-48a6-859d-c2e41f83b63a/8cd128b0-016e-4c54-979e-e21e8c3ee1f0/-9223372036854660608'}]
2025-10-16 19:48:31,384 | INFO  | SCMAudit | user=runner | ip=127.0.0.1 | op=DELETE_KEY_BLOCK {"KeyBlockToDelete":"[BlockGroup[groupID='/4e5068ec-5ede-4f46-b4c0-ba544d65b5f6/22bf7bc4-3be2-48a6-859d-c2e41f83b63a/8cd128b0-016e-4c54-979e-e21e8c3ee1f0/-9223372036854660608/1', blockIDs=[conID: 27 locID: 115816896921600150 bcsId: 0 replicaIndex: null]], BlockGroup[groupID='/4e5068ec-5ede-4f46-b4c0-ba544d65b5f6/22bf7bc4-3be2-48a6-859d-c2e41f83b63a/8cd128b0-016e-4c54-979e-e21e8c3ee1f0/-9223372036854660608/0', blockIDs=[conID: 27 locID: 115816896921600148 bcsId: 0 replicaIndex: null]]]"} | ret=SUCCESS |  
2025-10-16 19:48:31,384 [om1-KeyDeletingService#9] INFO  service.KeyDeletingService (KeyDeletingService.java:processKeyDeletes(158)) - 2 BlockGroup deletion are acked by SCM in 3 ms
2025-10-16 19:48:31,386 [om1-KeyDeletingService#9] INFO  service.KeyDeletingService (KeyDeletingService.java:processKeyDeletes(166)) - Blocks for 2 (out of 2) keys are deleted from DB in 1 ms. Limit per task is 50000.
2025-10-16 19:48:31,635 | INFO  | SCMAudit | user=runner | ip=127.0.0.1 | op=SEND_HEARTBEAT {"datanodeUUID":"0e8b6cc7-9945-4141-97fc-6aa017a0d5fa","term":"2","command":"[]"} | ret=SUCCESS |  
2025-10-16 19:48:31,677 | INFO  | OMAudit | user=runner | ip=127.0.0.1 | op=READ_VOLUME {"volume":"4e5068ec-5ede-4f46-b4c0-ba544d65b5f6"} | ret=SUCCESS |  
2025-10-16 19:48:31,678 | INFO  | OMAudit | user=runner | ip=127.0.0.1 | op=READ_BUCKET {"volume":"4e5068ec-5ede-4f46-b4c0-ba544d65b5f6","bucket":"22bf7bc4-3be2-48a6-859d-c2e41f83b63a"} | ret=SUCCESS |  
2025-10-16 19:48:31,680 | INFO  | OMAudit | user=runner | ip=127.0.0.1 | op=DELETE_KEY {"volume":"4e5068ec-5ede-4f46-b4c0-ba544d65b5f6","bucket":"22bf7bc4-3be2-48a6-859d-c2e41f83b63a","key":"8cd128b0-016e-4c54-979e-e21e8c3ee1f0","dataSize":"12","replicationConfig":"RATIS/ONE","Transaction":"452"} | ret=SUCCESS |  
2025-10-16 19:48:31,681 | INFO  | OMAudit | user=runner | ip=127.0.0.1 | op=READ_VOLUME {"volume":"4e5068ec-5ede-4f46-b4c0-ba544d65b5f6"} | ret=SUCCESS |  
2025-10-16 19:48:31,682 | INFO  | OMAudit | user=runner | ip=127.0.0.1 | op=READ_BUCKET {"volume":"4e5068ec-5ede-4f46-b4c0-ba544d65b5f6","bucket":"22bf7bc4-3be2-48a6-859d-c2e41f83b63a"} | ret=SUCCESS |  
2025-10-16 19:48:31,708 | INFO  | SCMAudit | user=runner | ip=127.0.0.1 | op=SEND_HEARTBEAT {"datanodeUUID":"757ca056-973f-4f05-ab2d-6aff6c54d452","term":"2","command":"[]"} | ret=SUCCESS |  
2025-10-16 19:48:31,730 | INFO  | SCMAudit | user=runner | ip=127.0.0.1 | op=SEND_HEARTBEAT {"datanodeUUID":"702cb173-5c73-4ecc-b5cd-c7b4a6b66aea","term":"2","command":"[]"} | ret=SUCCESS |  
2025-10-16 19:48:31,916 | INFO  | SCMAudit | user=runner | ip=127.0.0.1 | op=SEND_HEARTBEAT {"datanodeUUID":"f700af26-0e26-4136-9205-9509c82c8c70","term":"2","command":"[]"} | ret=SUCCESS |  
2025-10-16 19:48:32,110 | INFO  | SCMAudit | user=runner | ip=127.0.0.1 | op=SEND_HEARTBEAT {"datanodeUUID":"8a3c3252-9afe-4d3a-8492-25be6557678a","term":"2","command":"[]"} | ret=SUCCESS |  
2025-10-16 19:48:32,110 | INFO  | SCMAudit | user=runner | ip=127.0.0.1 | op=SEND_HEARTBEAT {"datanodeUUID":"c0724e9c-0dd4-4d47-992c-7bfe285fdd38","term":"2","command":"[]"} | ret=SUCCESS |  
2025-10-16 19:48:32,110 | INFO  | SCMAudit | user=runner | ip=127.0.0.1 | op=SEND_HEARTBEAT {"datanodeUUID":"e33e6ec4-6b66-4281-bedd-2bd75bd30070","term":"2","command":"[]"} | ret=SUCCESS |  
2025-10-16 19:48:32,113 | INFO  | SCMAudit | user=runner | ip=127.0.0.1 | op=SEND_HEARTBEAT {"datanodeUUID":"8a0fa2ff-b550-4652-b2fe-0cf91cd4a157","term":"2","command":"[]"} | ret=SUCCESS |  
2025-10-16 19:48:32,122 | INFO  | SCMAudit | user=runner | ip=127.0.0.1 | op=SEND_HEARTBEAT {"datanodeUUID":"aa213937-adc5-47da-a770-0ee1e4664344","term":"2","command":"[]"} | ret=SUCCESS |  
2025-10-16 19:48:32,125 | INFO  | SCMAudit | user=runner | ip=127.0.0.1 | op=SEND_HEARTBEAT {"datanodeUUID":"58cff6b7-b2a7-446b-a75a-bb98ad6b11b8","term":"2","command":"[]"} | ret=SUCCESS |  
2025-10-16 19:48:32,127 | INFO  | SCMAudit | user=runner | ip=127.0.0.1 | op=SEND_HEARTBEAT {"datanodeUUID":"e072d245-7694-4d97-8e20-c503ebf8c2fe","term":"2","command":"[]"} | ret=SUCCESS |  
2025-10-16 19:48:32,130 | INFO  | SCMAudit | user=runner | ip=127.0.0.1 | op=SEND_HEARTBEAT {"datanodeUUID":"0428ab3f-efd5-438e-ae11-9ec242443260","term":"2","command":"[]"} | ret=SUCCESS |  
2025-10-16 19:48:32,303 | INFO  | SCMAudit | user=runner | ip=127.0.0.1 | op=SEND_HEARTBEAT {"datanodeUUID":"76d4ba71-5bbb-4b24-8f51-8bc7f78aaca4","term":"2","command":"[]"} | ret=SUCCESS |  
2025-10-16 19:48:32,308 | INFO  | SCMAudit | user=runner | ip=127.0.0.1 | op=SEND_HEARTBEAT {"datanodeUUID":"764b18f0-81c5-439a-9fff-25adc4f241fa","term":"2","command":"[]"} | ret=SUCCESS |  
2025-10-16 19:48:32,382 [om1-KeyDeletingService#8] INFO  service.KeyDeletingService (KeyDeletingService.java:processKeyDeletes(151)) - Send 1 key(s) to SCM, first 1 keys: [PurgedKey{blockGroup=BlockGroup[groupID='/4e5068ec-5ede-4f46-b4c0-ba544d65b5f6/22bf7bc4-3be2-48a6-859d-c2e41f83b63a/8cd128b0-016e-4c54-979e-e21e8c3ee1f0/-9223372036854662144/0', blockIDs=[conID: 1 locID: 115816896921600149 bcsId: 0 replicaIndex: null]], volume='4e5068ec-5ede-4f46-b4c0-ba544d65b5f6', bucket='22bf7bc4-3be2-48a6-859d-c2e41f83b63a', bucketId=-9223372036854662400, purgedBytes=12, isCommittedKey=true, deleteKeyName='/4e5068ec-5ede-4f46-b4c0-ba544d65b5f6/22bf7bc4-3be2-48a6-859d-c2e41f83b63a/8cd128b0-016e-4c54-979e-e21e8c3ee1f0/-9223372036854662144'}]
2025-10-16 19:48:32,384 | INFO  | SCMAudit | user=runner | ip=127.0.0.1 | op=DELETE_KEY_BLOCK {"KeyBlockToDelete":"[BlockGroup[groupID='/4e5068ec-5ede-4f46-b4c0-ba544d65b5f6/22bf7bc4-3be2-48a6-859d-c2e41f83b63a/8cd128b0-016e-4c54-979e-e21e8c3ee1f0/-9223372036854662144/0', blockIDs=[conID: 1 locID: 115816896921600149 bcsId: 0 replicaIndex: null]]]"} | ret=SUCCESS |  
2025-10-16 19:48:32,385 [om1-KeyDeletingService#8] INFO  service.KeyDeletingService (KeyDeletingService.java:processKeyDeletes(158)) - 1 BlockGroup deletion are acked by SCM in 3 ms
2025-10-16 19:48:32,386 [om1-KeyDeletingService#8] INFO  service.KeyDeletingService (KeyDeletingService.java:processKeyDeletes(166)) - Blocks for 1 (out of 1) keys are deleted from DB in 1 ms. Limit per task is 50000.
2025-10-16 19:48:32,635 | INFO  | SCMAudit | user=runner | ip=127.0.0.1 | op=SEND_HEARTBEAT {"datanodeUUID":"0e8b6cc7-9945-4141-97fc-6aa017a0d5fa","term":"2","command":"[]"} | ret=SUCCESS |  
2025-10-16 19:48:32,683 | INFO  | OMAudit | user=runner | ip=127.0.0.1 | op=READ_VOLUME {"volume":"4e5068ec-5ede-4f46-b4c0-ba544d65b5f6"} | ret=SUCCESS |  
2025-10-16 19:48:32,684 | INFO  | OMAudit | user=runner | ip=127.0.0.1 | op=READ_BUCKET {"volume":"4e5068ec-5ede-4f46-b4c0-ba544d65b5f6","bucket":"22bf7bc4-3be2-48a6-859d-c2e41f83b63a"} | ret=SUCCESS |  
]]></system-out>
  </testcase>
  <testcase name="testBucketUsedNamespace(BucketLayout, boolean)[1]" classname="org.apache.hadoop.ozone.client.rpc.TestSecureOzoneRpcClient" time="3.114">
    <system-out><![CDATA[2025-10-16 19:48:32,690 [ForkJoinPool-1-worker-1] INFO  rpc.RpcClient (RpcClient.java:createVolume(461)) - Creating Volume: 1b1efaa4-0ad0-42ed-a026-7d4041f6bba3, with runner as owner and space quota set to -1 bytes, counts quota set to -1
2025-10-16 19:48:32,694 [om1-OMStateMachineApplyTransactionThread - 0] INFO  volume.OMVolumeCreateRequest (OMVolumeCreateRequest.java:validateAndUpdateCache(213)) - created volume:1b1efaa4-0ad0-42ed-a026-7d4041f6bba3 for user:runner
2025-10-16 19:48:32,694 | INFO  | OMAudit | user=runner | ip=127.0.0.1 | op=CREATE_VOLUME {"admin":"runner","owner":"runner","volume":"1b1efaa4-0ad0-42ed-a026-7d4041f6bba3","creationTime":"1760644112692","modificationTime":"1760644112692","quotaInBytes":"-1","quotaInNamespace":"-1","usedNamespace":"0","objectID":"-9223372036854659584","updateID":"454","Transaction":"454"} | ret=SUCCESS |  
2025-10-16 19:48:32,695 | INFO  | OMAudit | user=runner | ip=127.0.0.1 | op=READ_VOLUME {"volume":"1b1efaa4-0ad0-42ed-a026-7d4041f6bba3"} | ret=SUCCESS |  
2025-10-16 19:48:32,696 [ForkJoinPool-1-worker-1] INFO  rpc.RpcClient (RpcClient.java:createBucket(686)) - Creating Bucket: 1b1efaa4-0ad0-42ed-a026-7d4041f6bba3/2b5289cc-2787-4447-9cbe-25b88a85e793, with bucket layout OBJECT_STORE, runner as owner, Versioning false, Storage Type set to DISK and Encryption set to false, Replication Type set to server-side default replication type, Namespace Quota set to -1, Space Quota set to -1 
2025-10-16 19:48:32,698 [om1-OMStateMachineApplyTransactionThread - 0] INFO  bucket.OMBucketCreateRequest (OMBucketCreateRequest.java:validateAndUpdateCache(303)) - created bucket: 2b5289cc-2787-4447-9cbe-25b88a85e793 of layout OBJECT_STORE in volume: 1b1efaa4-0ad0-42ed-a026-7d4041f6bba3
2025-10-16 19:48:32,698 | INFO  | OMAudit | user=runner | ip=127.0.0.1 | op=CREATE_BUCKET {"volume":"1b1efaa4-0ad0-42ed-a026-7d4041f6bba3","bucket":"2b5289cc-2787-4447-9cbe-25b88a85e793","bucketLayout":"OBJECT_STORE","gdprEnabled":null,"acls":"[user:runner:a[ACCESS], group:runner:rl[ACCESS]]","isVersionEnabled":"false","storageType":"DISK","creationTime":"1760644112697","bucketEncryptionKey":null,"modificationTime":"1760644112697","usedBytes":"0","usedNamespace":"0","snapshotUsedBytes":"0","snapshotUsedNamespace":"0","owner":"runner","replicationType":null,"replicationConfig":null,"quotaInBytes":"-1","quotaInNamespace":"-1","Transaction":"455"} | ret=SUCCESS |  
2025-10-16 19:48:32,700 | INFO  | OMAudit | user=runner | ip=127.0.0.1 | op=READ_BUCKET {"volume":"1b1efaa4-0ad0-42ed-a026-7d4041f6bba3","bucket":"2b5289cc-2787-4447-9cbe-25b88a85e793"} | ret=SUCCESS |  
2025-10-16 19:48:32,701 | INFO  | OMAudit | user=runner | ip=127.0.0.1 | op=READ_BUCKET {"volume":"1b1efaa4-0ad0-42ed-a026-7d4041f6bba3","bucket":"2b5289cc-2787-4447-9cbe-25b88a85e793"} | ret=SUCCESS |  
2025-10-16 19:48:32,702 | INFO  | SCMAudit | user=runner | ip=127.0.0.1 | op=ALLOCATE_BLOCK {"replication":"RATIS/ONE","owner":"omServiceIdDefault","size":"4194304","sampleBlocks":"[conID: 27 locID: 115816896921600151]","num":"1","client":"","allocated":"1"} | ret=SUCCESS |  
2025-10-16 19:48:32,705 | INFO  | OMAudit | user=runner | ip=127.0.0.1 | op=ALLOCATE_KEY {"volume":"1b1efaa4-0ad0-42ed-a026-7d4041f6bba3","bucket":"2b5289cc-2787-4447-9cbe-25b88a85e793","key":"078aca6e-1150-4f1b-8a63-b0266ec72503","dataSize":"12","replicationType":"RATIS","replicationFactor":"ONE","Transaction":"456"} | ret=SUCCESS |  
2025-10-16 19:48:32,709 | INFO  | SCMAudit | user=runner | ip=127.0.0.1 | op=SEND_HEARTBEAT {"datanodeUUID":"757ca056-973f-4f05-ab2d-6aff6c54d452","term":"2","command":"[]"} | ret=SUCCESS |  
2025-10-16 19:48:32,713 | INFO  | OMAudit | user=runner | ip=127.0.0.1 | op=COMMIT_KEY {"volume":"1b1efaa4-0ad0-42ed-a026-7d4041f6bba3","bucket":"2b5289cc-2787-4447-9cbe-25b88a85e793","key":"078aca6e-1150-4f1b-8a63-b0266ec72503","dataSize":"12","replicationType":"RATIS","replicationFactor":"ONE","Transaction":"457"} | ret=SUCCESS |  
2025-10-16 19:48:32,715 | INFO  | OMAudit | user=runner | ip=127.0.0.1 | op=READ_VOLUME {"volume":"1b1efaa4-0ad0-42ed-a026-7d4041f6bba3"} | ret=SUCCESS |  
2025-10-16 19:48:32,716 | INFO  | OMAudit | user=runner | ip=127.0.0.1 | op=READ_BUCKET {"volume":"1b1efaa4-0ad0-42ed-a026-7d4041f6bba3","bucket":"2b5289cc-2787-4447-9cbe-25b88a85e793"} | ret=SUCCESS |  
2025-10-16 19:48:32,717 | INFO  | OMAudit | user=runner | ip=127.0.0.1 | op=READ_BUCKET {"volume":"1b1efaa4-0ad0-42ed-a026-7d4041f6bba3","bucket":"2b5289cc-2787-4447-9cbe-25b88a85e793"} | ret=SUCCESS |  
2025-10-16 19:48:32,718 | INFO  | SCMAudit | user=runner | ip=127.0.0.1 | op=ALLOCATE_BLOCK {"replication":"RATIS/ONE","owner":"omServiceIdDefault","size":"4194304","sampleBlocks":"[conID: 3 locID: 115816896921600152]","num":"1","client":"","allocated":"1"} | ret=SUCCESS |  
2025-10-16 19:48:32,720 | INFO  | OMAudit | user=runner | ip=127.0.0.1 | op=ALLOCATE_KEY {"volume":"1b1efaa4-0ad0-42ed-a026-7d4041f6bba3","bucket":"2b5289cc-2787-4447-9cbe-25b88a85e793","key":"078aca6e-1150-4f1b-8a63-b0266ec72503","dataSize":"12","replicationType":"RATIS","replicationFactor":"ONE","Transaction":"458"} | ret=SUCCESS |  
2025-10-16 19:48:32,731 | INFO  | SCMAudit | user=runner | ip=127.0.0.1 | op=SEND_HEARTBEAT {"datanodeUUID":"702cb173-5c73-4ecc-b5cd-c7b4a6b66aea","term":"2","command":"[]"} | ret=SUCCESS |  
2025-10-16 19:48:32,733 | INFO  | OMAudit | user=runner | ip=127.0.0.1 | op=COMMIT_KEY {"volume":"1b1efaa4-0ad0-42ed-a026-7d4041f6bba3","bucket":"2b5289cc-2787-4447-9cbe-25b88a85e793","key":"078aca6e-1150-4f1b-8a63-b0266ec72503","dataSize":"12","replicationType":"RATIS","replicationFactor":"ONE","Transaction":"459"} | ret=SUCCESS |  
2025-10-16 19:48:32,734 | INFO  | OMAudit | user=runner | ip=127.0.0.1 | op=READ_VOLUME {"volume":"1b1efaa4-0ad0-42ed-a026-7d4041f6bba3"} | ret=SUCCESS |  
2025-10-16 19:48:32,735 | INFO  | OMAudit | user=runner | ip=127.0.0.1 | op=READ_BUCKET {"volume":"1b1efaa4-0ad0-42ed-a026-7d4041f6bba3","bucket":"2b5289cc-2787-4447-9cbe-25b88a85e793"} | ret=SUCCESS |  
2025-10-16 19:48:32,916 | INFO  | SCMAudit | user=runner | ip=127.0.0.1 | op=SEND_HEARTBEAT {"datanodeUUID":"f700af26-0e26-4136-9205-9509c82c8c70","term":"2","command":"[]"} | ret=SUCCESS |  
2025-10-16 19:48:33,109 | INFO  | SCMAudit | user=runner | ip=127.0.0.1 | op=SEND_HEARTBEAT {"datanodeUUID":"8a3c3252-9afe-4d3a-8492-25be6557678a","term":"2","command":"[]"} | ret=SUCCESS |  
2025-10-16 19:48:33,110 | INFO  | SCMAudit | user=runner | ip=127.0.0.1 | op=SEND_HEARTBEAT {"datanodeUUID":"e33e6ec4-6b66-4281-bedd-2bd75bd30070","term":"2","command":"[]"} | ret=SUCCESS |  
2025-10-16 19:48:33,110 | INFO  | SCMAudit | user=runner | ip=127.0.0.1 | op=SEND_HEARTBEAT {"datanodeUUID":"c0724e9c-0dd4-4d47-992c-7bfe285fdd38","term":"2","command":"[]"} | ret=SUCCESS |  
2025-10-16 19:48:33,114 | INFO  | SCMAudit | user=runner | ip=127.0.0.1 | op=SEND_HEARTBEAT {"datanodeUUID":"8a0fa2ff-b550-4652-b2fe-0cf91cd4a157","term":"2","command":"[]"} | ret=SUCCESS |  
2025-10-16 19:48:33,123 | INFO  | SCMAudit | user=runner | ip=127.0.0.1 | op=SEND_HEARTBEAT {"datanodeUUID":"aa213937-adc5-47da-a770-0ee1e4664344","term":"2","command":"[]"} | ret=SUCCESS |  
2025-10-16 19:48:33,125 | INFO  | SCMAudit | user=runner | ip=127.0.0.1 | op=SEND_HEARTBEAT {"datanodeUUID":"58cff6b7-b2a7-446b-a75a-bb98ad6b11b8","term":"2","command":"[]"} | ret=SUCCESS |  
2025-10-16 19:48:33,128 | INFO  | SCMAudit | user=runner | ip=127.0.0.1 | op=SEND_HEARTBEAT {"datanodeUUID":"e072d245-7694-4d97-8e20-c503ebf8c2fe","term":"2","command":"[]"} | ret=SUCCESS |  
2025-10-16 19:48:33,131 | INFO  | SCMAudit | user=runner | ip=127.0.0.1 | op=SEND_HEARTBEAT {"datanodeUUID":"0428ab3f-efd5-438e-ae11-9ec242443260","term":"2","command":"[]"} | ret=SUCCESS |  
2025-10-16 19:48:33,304 | INFO  | SCMAudit | user=runner | ip=127.0.0.1 | op=SEND_HEARTBEAT {"datanodeUUID":"76d4ba71-5bbb-4b24-8f51-8bc7f78aaca4","term":"2","command":"[]"} | ret=SUCCESS |  
2025-10-16 19:48:33,308 | INFO  | SCMAudit | user=runner | ip=127.0.0.1 | op=SEND_HEARTBEAT {"datanodeUUID":"764b18f0-81c5-439a-9fff-25adc4f241fa","term":"2","command":"[]"} | ret=SUCCESS |  
2025-10-16 19:48:33,382 [om1-KeyDeletingService#3] INFO  service.KeyDeletingService (KeyDeletingService.java:processKeyDeletes(151)) - Send 1 key(s) to SCM, first 1 keys: [PurgedKey{blockGroup=BlockGroup[groupID='/1b1efaa4-0ad0-42ed-a026-7d4041f6bba3/2b5289cc-2787-4447-9cbe-25b88a85e793/078aca6e-1150-4f1b-8a63-b0266ec72503/-9223372036854658304/0', blockIDs=[conID: 27 locID: 115816896921600151 bcsId: 0 replicaIndex: null]], volume='1b1efaa4-0ad0-42ed-a026-7d4041f6bba3', bucket='2b5289cc-2787-4447-9cbe-25b88a85e793', bucketId=-9223372036854659328, purgedBytes=12, isCommittedKey=true, deleteKeyName='/1b1efaa4-0ad0-42ed-a026-7d4041f6bba3/2b5289cc-2787-4447-9cbe-25b88a85e793/078aca6e-1150-4f1b-8a63-b0266ec72503/-9223372036854658304'}]
2025-10-16 19:48:33,385 | INFO  | SCMAudit | user=runner | ip=127.0.0.1 | op=DELETE_KEY_BLOCK {"KeyBlockToDelete":"[BlockGroup[groupID='/1b1efaa4-0ad0-42ed-a026-7d4041f6bba3/2b5289cc-2787-4447-9cbe-25b88a85e793/078aca6e-1150-4f1b-8a63-b0266ec72503/-9223372036854658304/0', blockIDs=[conID: 27 locID: 115816896921600151 bcsId: 0 replicaIndex: null]]]"} | ret=SUCCESS |  
2025-10-16 19:48:33,385 [om1-KeyDeletingService#3] INFO  service.KeyDeletingService (KeyDeletingService.java:processKeyDeletes(158)) - 1 BlockGroup deletion are acked by SCM in 2 ms
2025-10-16 19:48:33,386 [om1-KeyDeletingService#3] INFO  service.KeyDeletingService (KeyDeletingService.java:processKeyDeletes(166)) - Blocks for 1 (out of 1) keys are deleted from DB in 2 ms. Limit per task is 50000.
2025-10-16 19:48:33,635 | INFO  | SCMAudit | user=runner | ip=127.0.0.1 | op=SEND_HEARTBEAT {"datanodeUUID":"0e8b6cc7-9945-4141-97fc-6aa017a0d5fa","term":"2","command":"[]"} | ret=SUCCESS |  
2025-10-16 19:48:33,709 | INFO  | SCMAudit | user=runner | ip=127.0.0.1 | op=SEND_HEARTBEAT {"datanodeUUID":"757ca056-973f-4f05-ab2d-6aff6c54d452","term":"2","command":"[]"} | ret=SUCCESS |  
2025-10-16 19:48:33,731 | INFO  | SCMAudit | user=runner | ip=127.0.0.1 | op=SEND_HEARTBEAT {"datanodeUUID":"702cb173-5c73-4ecc-b5cd-c7b4a6b66aea","term":"2","command":"[]"} | ret=SUCCESS |  
2025-10-16 19:48:33,737 | INFO  | OMAudit | user=runner | ip=127.0.0.1 | op=READ_VOLUME {"volume":"1b1efaa4-0ad0-42ed-a026-7d4041f6bba3"} | ret=SUCCESS |  
2025-10-16 19:48:33,738 | INFO  | OMAudit | user=runner | ip=127.0.0.1 | op=READ_BUCKET {"volume":"1b1efaa4-0ad0-42ed-a026-7d4041f6bba3","bucket":"2b5289cc-2787-4447-9cbe-25b88a85e793"} | ret=SUCCESS |  
2025-10-16 19:48:33,739 | INFO  | OMAudit | user=runner | ip=127.0.0.1 | op=READ_BUCKET {"volume":"1b1efaa4-0ad0-42ed-a026-7d4041f6bba3","bucket":"2b5289cc-2787-4447-9cbe-25b88a85e793"} | ret=SUCCESS |  
2025-10-16 19:48:33,739 | INFO  | SCMAudit | user=runner | ip=127.0.0.1 | op=ALLOCATE_BLOCK {"replication":"RATIS/ONE","owner":"omServiceIdDefault","size":"4194304","sampleBlocks":"[conID: 2 locID: 115816896921600153]","num":"1","client":"","allocated":"1"} | ret=SUCCESS |  
2025-10-16 19:48:33,742 | INFO  | OMAudit | user=runner | ip=127.0.0.1 | op=ALLOCATE_KEY {"volume":"1b1efaa4-0ad0-42ed-a026-7d4041f6bba3","bucket":"2b5289cc-2787-4447-9cbe-25b88a85e793","key":"0f33cc4b-49af-4971-be89-8442126f42a1","dataSize":"12","replicationType":"RATIS","replicationFactor":"ONE","Transaction":"461"} | ret=SUCCESS |  
2025-10-16 19:48:33,753 | INFO  | OMAudit | user=runner | ip=127.0.0.1 | op=COMMIT_KEY {"volume":"1b1efaa4-0ad0-42ed-a026-7d4041f6bba3","bucket":"2b5289cc-2787-4447-9cbe-25b88a85e793","key":"0f33cc4b-49af-4971-be89-8442126f42a1","dataSize":"12","replicationType":"RATIS","replicationFactor":"ONE","Transaction":"462"} | ret=SUCCESS |  
2025-10-16 19:48:33,755 | INFO  | OMAudit | user=runner | ip=127.0.0.1 | op=READ_VOLUME {"volume":"1b1efaa4-0ad0-42ed-a026-7d4041f6bba3"} | ret=SUCCESS |  
2025-10-16 19:48:33,756 | INFO  | OMAudit | user=runner | ip=127.0.0.1 | op=READ_BUCKET {"volume":"1b1efaa4-0ad0-42ed-a026-7d4041f6bba3","bucket":"2b5289cc-2787-4447-9cbe-25b88a85e793"} | ret=SUCCESS |  
2025-10-16 19:48:33,758 | INFO  | OMAudit | user=runner | ip=127.0.0.1 | op=DELETE_KEY {"volume":"1b1efaa4-0ad0-42ed-a026-7d4041f6bba3","bucket":"2b5289cc-2787-4447-9cbe-25b88a85e793","key":"078aca6e-1150-4f1b-8a63-b0266ec72503","dataSize":"12","replicationConfig":"RATIS/ONE","Transaction":"463"} | ret=SUCCESS |  
2025-10-16 19:48:33,759 | INFO  | OMAudit | user=runner | ip=127.0.0.1 | op=READ_VOLUME {"volume":"1b1efaa4-0ad0-42ed-a026-7d4041f6bba3"} | ret=SUCCESS |  
2025-10-16 19:48:33,760 | INFO  | OMAudit | user=runner | ip=127.0.0.1 | op=READ_BUCKET {"volume":"1b1efaa4-0ad0-42ed-a026-7d4041f6bba3","bucket":"2b5289cc-2787-4447-9cbe-25b88a85e793"} | ret=SUCCESS |  
2025-10-16 19:48:33,916 | INFO  | SCMAudit | user=runner | ip=127.0.0.1 | op=SEND_HEARTBEAT {"datanodeUUID":"f700af26-0e26-4136-9205-9509c82c8c70","term":"2","command":"[]"} | ret=SUCCESS |  
2025-10-16 19:48:34,109 | INFO  | SCMAudit | user=runner | ip=127.0.0.1 | op=SEND_HEARTBEAT {"datanodeUUID":"8a3c3252-9afe-4d3a-8492-25be6557678a","term":"2","command":"[]"} | ret=SUCCESS |  
2025-10-16 19:48:34,110 | INFO  | SCMAudit | user=runner | ip=127.0.0.1 | op=SEND_HEARTBEAT {"datanodeUUID":"e33e6ec4-6b66-4281-bedd-2bd75bd30070","term":"2","command":"[]"} | ret=SUCCESS |  
2025-10-16 19:48:34,110 | INFO  | SCMAudit | user=runner | ip=127.0.0.1 | op=SEND_HEARTBEAT {"datanodeUUID":"c0724e9c-0dd4-4d47-992c-7bfe285fdd38","term":"2","command":"[]"} | ret=SUCCESS |  
2025-10-16 19:48:34,113 | INFO  | SCMAudit | user=runner | ip=127.0.0.1 | op=SEND_HEARTBEAT {"datanodeUUID":"8a0fa2ff-b550-4652-b2fe-0cf91cd4a157","term":"2","command":"[]"} | ret=SUCCESS |  
2025-10-16 19:48:34,123 | INFO  | SCMAudit | user=runner | ip=127.0.0.1 | op=SEND_HEARTBEAT {"datanodeUUID":"aa213937-adc5-47da-a770-0ee1e4664344","term":"2","command":"[]"} | ret=SUCCESS |  
2025-10-16 19:48:34,125 | INFO  | SCMAudit | user=runner | ip=127.0.0.1 | op=SEND_HEARTBEAT {"datanodeUUID":"58cff6b7-b2a7-446b-a75a-bb98ad6b11b8","term":"2","command":"[]"} | ret=SUCCESS |  
2025-10-16 19:48:34,127 | INFO  | SCMAudit | user=runner | ip=127.0.0.1 | op=SEND_HEARTBEAT {"datanodeUUID":"e072d245-7694-4d97-8e20-c503ebf8c2fe","term":"2","command":"[]"} | ret=SUCCESS |  
2025-10-16 19:48:34,131 | INFO  | SCMAudit | user=runner | ip=127.0.0.1 | op=SEND_HEARTBEAT {"datanodeUUID":"0428ab3f-efd5-438e-ae11-9ec242443260","term":"2","command":"[]"} | ret=SUCCESS |  
2025-10-16 19:48:34,304 | INFO  | SCMAudit | user=runner | ip=127.0.0.1 | op=SEND_HEARTBEAT {"datanodeUUID":"76d4ba71-5bbb-4b24-8f51-8bc7f78aaca4","term":"2","command":"[]"} | ret=SUCCESS |  
2025-10-16 19:48:34,308 | INFO  | SCMAudit | user=runner | ip=127.0.0.1 | op=SEND_HEARTBEAT {"datanodeUUID":"764b18f0-81c5-439a-9fff-25adc4f241fa","term":"2","command":"[]"} | ret=SUCCESS |  
2025-10-16 19:48:34,382 [om1-KeyDeletingService#5] INFO  service.KeyDeletingService (KeyDeletingService.java:processKeyDeletes(151)) - Send 1 key(s) to SCM, first 1 keys: [PurgedKey{blockGroup=BlockGroup[groupID='/1b1efaa4-0ad0-42ed-a026-7d4041f6bba3/2b5289cc-2787-4447-9cbe-25b88a85e793/078aca6e-1150-4f1b-8a63-b0266ec72503/-9223372036854659072/0', blockIDs=[conID: 3 locID: 115816896921600152 bcsId: 0 replicaIndex: null]], volume='1b1efaa4-0ad0-42ed-a026-7d4041f6bba3', bucket='2b5289cc-2787-4447-9cbe-25b88a85e793', bucketId=-9223372036854659328, purgedBytes=12, isCommittedKey=true, deleteKeyName='/1b1efaa4-0ad0-42ed-a026-7d4041f6bba3/2b5289cc-2787-4447-9cbe-25b88a85e793/078aca6e-1150-4f1b-8a63-b0266ec72503/-9223372036854659072'}]
2025-10-16 19:48:34,384 | INFO  | SCMAudit | user=runner | ip=127.0.0.1 | op=DELETE_KEY_BLOCK {"KeyBlockToDelete":"[BlockGroup[groupID='/1b1efaa4-0ad0-42ed-a026-7d4041f6bba3/2b5289cc-2787-4447-9cbe-25b88a85e793/078aca6e-1150-4f1b-8a63-b0266ec72503/-9223372036854659072/0', blockIDs=[conID: 3 locID: 115816896921600152 bcsId: 0 replicaIndex: null]]]"} | ret=SUCCESS |  
2025-10-16 19:48:34,385 [om1-KeyDeletingService#5] INFO  service.KeyDeletingService (KeyDeletingService.java:processKeyDeletes(158)) - 1 BlockGroup deletion are acked by SCM in 2 ms
2025-10-16 19:48:34,386 [om1-KeyDeletingService#5] INFO  service.KeyDeletingService (KeyDeletingService.java:processKeyDeletes(166)) - Blocks for 1 (out of 1) keys are deleted from DB in 1 ms. Limit per task is 50000.
2025-10-16 19:48:34,634 | INFO  | SCMAudit | user=runner | ip=127.0.0.1 | op=SEND_HEARTBEAT {"datanodeUUID":"0e8b6cc7-9945-4141-97fc-6aa017a0d5fa","term":"2","command":"[]"} | ret=SUCCESS |  
2025-10-16 19:48:34,709 | INFO  | SCMAudit | user=runner | ip=127.0.0.1 | op=SEND_HEARTBEAT {"datanodeUUID":"757ca056-973f-4f05-ab2d-6aff6c54d452","term":"2","command":"[]"} | ret=SUCCESS |  
2025-10-16 19:48:34,731 | INFO  | SCMAudit | user=runner | ip=127.0.0.1 | op=SEND_HEARTBEAT {"datanodeUUID":"702cb173-5c73-4ecc-b5cd-c7b4a6b66aea","term":"2","command":"[]"} | ret=SUCCESS |  
2025-10-16 19:48:34,761 | INFO  | OMAudit | user=runner | ip=127.0.0.1 | op=READ_VOLUME {"volume":"1b1efaa4-0ad0-42ed-a026-7d4041f6bba3"} | ret=SUCCESS |  
2025-10-16 19:48:34,762 | INFO  | OMAudit | user=runner | ip=127.0.0.1 | op=READ_BUCKET {"volume":"1b1efaa4-0ad0-42ed-a026-7d4041f6bba3","bucket":"2b5289cc-2787-4447-9cbe-25b88a85e793"} | ret=SUCCESS |  
2025-10-16 19:48:34,764 | INFO  | OMAudit | user=runner | ip=127.0.0.1 | op=DELETE_KEY {"volume":"1b1efaa4-0ad0-42ed-a026-7d4041f6bba3","bucket":"2b5289cc-2787-4447-9cbe-25b88a85e793","key":"0f33cc4b-49af-4971-be89-8442126f42a1","dataSize":"12","replicationConfig":"RATIS/ONE","Transaction":"465"} | ret=SUCCESS |  
2025-10-16 19:48:34,765 | INFO  | OMAudit | user=runner | ip=127.0.0.1 | op=READ_VOLUME {"volume":"1b1efaa4-0ad0-42ed-a026-7d4041f6bba3"} | ret=SUCCESS |  
2025-10-16 19:48:34,766 | INFO  | OMAudit | user=runner | ip=127.0.0.1 | op=READ_BUCKET {"volume":"1b1efaa4-0ad0-42ed-a026-7d4041f6bba3","bucket":"2b5289cc-2787-4447-9cbe-25b88a85e793"} | ret=SUCCESS |  
2025-10-16 19:48:34,916 | INFO  | SCMAudit | user=runner | ip=127.0.0.1 | op=SEND_HEARTBEAT {"datanodeUUID":"f700af26-0e26-4136-9205-9509c82c8c70","term":"2","command":"[]"} | ret=SUCCESS |  
2025-10-16 19:48:35,110 | INFO  | SCMAudit | user=runner | ip=127.0.0.1 | op=SEND_HEARTBEAT {"datanodeUUID":"8a3c3252-9afe-4d3a-8492-25be6557678a","term":"2","command":"[]"} | ret=SUCCESS |  
2025-10-16 19:48:35,110 | INFO  | SCMAudit | user=runner | ip=127.0.0.1 | op=SEND_HEARTBEAT {"datanodeUUID":"e33e6ec4-6b66-4281-bedd-2bd75bd30070","term":"2","command":"[]"} | ret=SUCCESS |  
2025-10-16 19:48:35,110 | INFO  | SCMAudit | user=runner | ip=127.0.0.1 | op=SEND_HEARTBEAT {"datanodeUUID":"c0724e9c-0dd4-4d47-992c-7bfe285fdd38","term":"2","command":"[]"} | ret=SUCCESS |  
2025-10-16 19:48:35,113 | INFO  | SCMAudit | user=runner | ip=127.0.0.1 | op=SEND_HEARTBEAT {"datanodeUUID":"8a0fa2ff-b550-4652-b2fe-0cf91cd4a157","term":"2","command":"[]"} | ret=SUCCESS |  
2025-10-16 19:48:35,122 | INFO  | SCMAudit | user=runner | ip=127.0.0.1 | op=SEND_HEARTBEAT {"datanodeUUID":"aa213937-adc5-47da-a770-0ee1e4664344","term":"2","command":"[]"} | ret=SUCCESS |  
2025-10-16 19:48:35,126 | INFO  | SCMAudit | user=runner | ip=127.0.0.1 | op=SEND_HEARTBEAT {"datanodeUUID":"58cff6b7-b2a7-446b-a75a-bb98ad6b11b8","term":"2","command":"[]"} | ret=SUCCESS |  
2025-10-16 19:48:35,127 | INFO  | SCMAudit | user=runner | ip=127.0.0.1 | op=SEND_HEARTBEAT {"datanodeUUID":"e072d245-7694-4d97-8e20-c503ebf8c2fe","term":"2","command":"[]"} | ret=SUCCESS |  
2025-10-16 19:48:35,130 | INFO  | SCMAudit | user=runner | ip=127.0.0.1 | op=SEND_HEARTBEAT {"datanodeUUID":"0428ab3f-efd5-438e-ae11-9ec242443260","term":"2","command":"[]"} | ret=SUCCESS |  
2025-10-16 19:48:35,304 | INFO  | SCMAudit | user=runner | ip=127.0.0.1 | op=SEND_HEARTBEAT {"datanodeUUID":"76d4ba71-5bbb-4b24-8f51-8bc7f78aaca4","term":"2","command":"[]"} | ret=SUCCESS |  
2025-10-16 19:48:35,308 | INFO  | SCMAudit | user=runner | ip=127.0.0.1 | op=SEND_HEARTBEAT {"datanodeUUID":"764b18f0-81c5-439a-9fff-25adc4f241fa","term":"2","command":"[]"} | ret=SUCCESS |  
2025-10-16 19:48:35,383 [om1-KeyDeletingService#7] INFO  service.KeyDeletingService (KeyDeletingService.java:processKeyDeletes(151)) - Send 1 key(s) to SCM, first 1 keys: [PurgedKey{blockGroup=BlockGroup[groupID='/1b1efaa4-0ad0-42ed-a026-7d4041f6bba3/2b5289cc-2787-4447-9cbe-25b88a85e793/0f33cc4b-49af-4971-be89-8442126f42a1/-9223372036854657792/0', blockIDs=[conID: 2 locID: 115816896921600153 bcsId: 0 replicaIndex: null]], volume='1b1efaa4-0ad0-42ed-a026-7d4041f6bba3', bucket='2b5289cc-2787-4447-9cbe-25b88a85e793', bucketId=-9223372036854659328, purgedBytes=12, isCommittedKey=true, deleteKeyName='/1b1efaa4-0ad0-42ed-a026-7d4041f6bba3/2b5289cc-2787-4447-9cbe-25b88a85e793/0f33cc4b-49af-4971-be89-8442126f42a1/-9223372036854657792'}]
2025-10-16 19:48:35,384 | INFO  | SCMAudit | user=runner | ip=127.0.0.1 | op=DELETE_KEY_BLOCK {"KeyBlockToDelete":"[BlockGroup[groupID='/1b1efaa4-0ad0-42ed-a026-7d4041f6bba3/2b5289cc-2787-4447-9cbe-25b88a85e793/0f33cc4b-49af-4971-be89-8442126f42a1/-9223372036854657792/0', blockIDs=[conID: 2 locID: 115816896921600153 bcsId: 0 replicaIndex: null]]]"} | ret=SUCCESS |  
2025-10-16 19:48:35,385 [om1-KeyDeletingService#7] INFO  service.KeyDeletingService (KeyDeletingService.java:processKeyDeletes(158)) - 1 BlockGroup deletion are acked by SCM in 2 ms
2025-10-16 19:48:35,386 [om1-KeyDeletingService#7] INFO  service.KeyDeletingService (KeyDeletingService.java:processKeyDeletes(166)) - Blocks for 1 (out of 1) keys are deleted from DB in 1 ms. Limit per task is 50000.
2025-10-16 19:48:35,634 | INFO  | SCMAudit | user=runner | ip=127.0.0.1 | op=SEND_HEARTBEAT {"datanodeUUID":"0e8b6cc7-9945-4141-97fc-6aa017a0d5fa","term":"2","command":"[]"} | ret=SUCCESS |  
2025-10-16 19:48:35,709 | INFO  | SCMAudit | user=runner | ip=127.0.0.1 | op=SEND_HEARTBEAT {"datanodeUUID":"757ca056-973f-4f05-ab2d-6aff6c54d452","term":"2","command":"[]"} | ret=SUCCESS |  
2025-10-16 19:48:35,731 | INFO  | SCMAudit | user=runner | ip=127.0.0.1 | op=SEND_HEARTBEAT {"datanodeUUID":"702cb173-5c73-4ecc-b5cd-c7b4a6b66aea","term":"2","command":"[]"} | ret=SUCCESS |  
2025-10-16 19:48:35,768 | INFO  | OMAudit | user=runner | ip=127.0.0.1 | op=READ_VOLUME {"volume":"1b1efaa4-0ad0-42ed-a026-7d4041f6bba3"} | ret=SUCCESS |  
2025-10-16 19:48:35,769 | INFO  | OMAudit | user=runner | ip=127.0.0.1 | op=READ_BUCKET {"volume":"1b1efaa4-0ad0-42ed-a026-7d4041f6bba3","bucket":"2b5289cc-2787-4447-9cbe-25b88a85e793"} | ret=SUCCESS |  
2025-10-16 19:48:35,773 | INFO  | OMAudit | user=runner | ip=127.0.0.1 | op=GET_SERVICE_LIST {} | ret=SUCCESS |  
2025-10-16 19:48:35,781 | INFO  | OMAudit | user=runner | ip=127.0.0.1 | op=CREATE_DIRECTORY {"volume":"1b1efaa4-0ad0-42ed-a026-7d4041f6bba3","bucket":"2b5289cc-2787-4447-9cbe-25b88a85e793","key":"3f8ebfba-5fa1-41fe-92f1-662762867084","dataSize":"0","Transaction":"467"} | ret=SUCCESS |  
2025-10-16 19:48:35,783 | INFO  | OMAudit | user=runner | ip=127.0.0.1 | op=READ_VOLUME {"volume":"1b1efaa4-0ad0-42ed-a026-7d4041f6bba3"} | ret=SUCCESS |  
2025-10-16 19:48:35,783 | INFO  | OMAudit | user=runner | ip=127.0.0.1 | op=READ_BUCKET {"volume":"1b1efaa4-0ad0-42ed-a026-7d4041f6bba3","bucket":"2b5289cc-2787-4447-9cbe-25b88a85e793"} | ret=SUCCESS |  
2025-10-16 19:48:35,786 | INFO  | OMAudit | user=runner | ip=127.0.0.1 | op=CREATE_DIRECTORY {"volume":"1b1efaa4-0ad0-42ed-a026-7d4041f6bba3","bucket":"2b5289cc-2787-4447-9cbe-25b88a85e793","key":"f0e4d43e-e590-4a9b-b218-2dc8abed422c","dataSize":"0","Transaction":"468"} | ret=SUCCESS |  
2025-10-16 19:48:35,788 | INFO  | OMAudit | user=runner | ip=127.0.0.1 | op=READ_VOLUME {"volume":"1b1efaa4-0ad0-42ed-a026-7d4041f6bba3"} | ret=SUCCESS |  
2025-10-16 19:48:35,789 | INFO  | OMAudit | user=runner | ip=127.0.0.1 | op=READ_BUCKET {"volume":"1b1efaa4-0ad0-42ed-a026-7d4041f6bba3","bucket":"2b5289cc-2787-4447-9cbe-25b88a85e793"} | ret=SUCCESS |  
2025-10-16 19:48:35,791 | INFO  | OMAudit | user=runner | ip=127.0.0.1 | op=DELETE_KEY {"volume":"1b1efaa4-0ad0-42ed-a026-7d4041f6bba3","bucket":"2b5289cc-2787-4447-9cbe-25b88a85e793","key":"3f8ebfba-5fa1-41fe-92f1-662762867084/","Transaction":"469"} | ret=SUCCESS |  
2025-10-16 19:48:35,793 | INFO  | OMAudit | user=runner | ip=127.0.0.1 | op=READ_VOLUME {"volume":"1b1efaa4-0ad0-42ed-a026-7d4041f6bba3"} | ret=SUCCESS |  
2025-10-16 19:48:35,793 | INFO  | OMAudit | user=runner | ip=127.0.0.1 | op=READ_BUCKET {"volume":"1b1efaa4-0ad0-42ed-a026-7d4041f6bba3","bucket":"2b5289cc-2787-4447-9cbe-25b88a85e793"} | ret=SUCCESS |  
2025-10-16 19:48:35,796 | INFO  | OMAudit | user=runner | ip=127.0.0.1 | op=DELETE_KEY {"volume":"1b1efaa4-0ad0-42ed-a026-7d4041f6bba3","bucket":"2b5289cc-2787-4447-9cbe-25b88a85e793","key":"f0e4d43e-e590-4a9b-b218-2dc8abed422c/","Transaction":"470"} | ret=SUCCESS |  
2025-10-16 19:48:35,797 | INFO  | OMAudit | user=runner | ip=127.0.0.1 | op=READ_VOLUME {"volume":"1b1efaa4-0ad0-42ed-a026-7d4041f6bba3"} | ret=SUCCESS |  
2025-10-16 19:48:35,798 | INFO  | OMAudit | user=runner | ip=127.0.0.1 | op=READ_BUCKET {"volume":"1b1efaa4-0ad0-42ed-a026-7d4041f6bba3","bucket":"2b5289cc-2787-4447-9cbe-25b88a85e793"} | ret=SUCCESS |  
2025-10-16 19:48:35,800 | INFO  | OMAudit | user=runner | ip=127.0.0.1 | op=CREATE_DIRECTORY {"volume":"1b1efaa4-0ad0-42ed-a026-7d4041f6bba3","bucket":"2b5289cc-2787-4447-9cbe-25b88a85e793","key":"dir1/dir2/dir3/dir4","dataSize":"0","Transaction":"471"} | ret=SUCCESS |  
2025-10-16 19:48:35,801 | INFO  | OMAudit | user=runner | ip=127.0.0.1 | op=READ_VOLUME {"volume":"1b1efaa4-0ad0-42ed-a026-7d4041f6bba3"} | ret=SUCCESS |  
2025-10-16 19:48:35,802 | INFO  | OMAudit | user=runner | ip=127.0.0.1 | op=READ_BUCKET {"volume":"1b1efaa4-0ad0-42ed-a026-7d4041f6bba3","bucket":"2b5289cc-2787-4447-9cbe-25b88a85e793"} | ret=SUCCESS |  
]]></system-out>
  </testcase>
  <testcase name="testBucketUsedNamespace(BucketLayout, boolean)[2]" classname="org.apache.hadoop.ozone.client.rpc.TestSecureOzoneRpcClient" time="3.102">
    <system-out><![CDATA[2025-10-16 19:48:35,805 [ForkJoinPool-1-worker-1] INFO  rpc.RpcClient (RpcClient.java:createVolume(461)) - Creating Volume: 18c5c3ae-cc34-4029-ad6e-d25b7a1575fe, with runner as owner and space quota set to -1 bytes, counts quota set to -1
2025-10-16 19:48:35,807 [om1-OMStateMachineApplyTransactionThread - 0] INFO  volume.OMVolumeCreateRequest (OMVolumeCreateRequest.java:validateAndUpdateCache(213)) - created volume:18c5c3ae-cc34-4029-ad6e-d25b7a1575fe for user:runner
2025-10-16 19:48:35,807 | INFO  | OMAudit | user=runner | ip=127.0.0.1 | op=CREATE_VOLUME {"admin":"runner","owner":"runner","volume":"18c5c3ae-cc34-4029-ad6e-d25b7a1575fe","creationTime":"1760644115806","modificationTime":"1760644115806","quotaInBytes":"-1","quotaInNamespace":"-1","usedNamespace":"0","objectID":"-9223372036854654976","updateID":"472","Transaction":"472"} | ret=SUCCESS |  
2025-10-16 19:48:35,808 | INFO  | OMAudit | user=runner | ip=127.0.0.1 | op=READ_VOLUME {"volume":"18c5c3ae-cc34-4029-ad6e-d25b7a1575fe"} | ret=SUCCESS |  
2025-10-16 19:48:35,809 [ForkJoinPool-1-worker-1] INFO  rpc.RpcClient (RpcClient.java:createBucket(686)) - Creating Bucket: 18c5c3ae-cc34-4029-ad6e-d25b7a1575fe/d949196d-faaf-4651-bce5-0b190517b79d, with bucket layout OBJECT_STORE, runner as owner, Versioning false, Storage Type set to DISK and Encryption set to false, Replication Type set to server-side default replication type, Namespace Quota set to -1, Space Quota set to -1 
2025-10-16 19:48:35,811 [om1-OMStateMachineApplyTransactionThread - 0] INFO  bucket.OMBucketCreateRequest (OMBucketCreateRequest.java:validateAndUpdateCache(303)) - created bucket: d949196d-faaf-4651-bce5-0b190517b79d of layout OBJECT_STORE in volume: 18c5c3ae-cc34-4029-ad6e-d25b7a1575fe
2025-10-16 19:48:35,811 | INFO  | OMAudit | user=runner | ip=127.0.0.1 | op=CREATE_BUCKET {"volume":"18c5c3ae-cc34-4029-ad6e-d25b7a1575fe","bucket":"d949196d-faaf-4651-bce5-0b190517b79d","bucketLayout":"OBJECT_STORE","gdprEnabled":null,"acls":"[user:runner:a[ACCESS], group:runner:rl[ACCESS]]","isVersionEnabled":"false","storageType":"DISK","creationTime":"1760644115810","bucketEncryptionKey":null,"modificationTime":"1760644115810","usedBytes":"0","usedNamespace":"0","snapshotUsedBytes":"0","snapshotUsedNamespace":"0","owner":"runner","replicationType":null,"replicationConfig":null,"quotaInBytes":"-1","quotaInNamespace":"-1","Transaction":"473"} | ret=SUCCESS |  
2025-10-16 19:48:35,812 | INFO  | OMAudit | user=runner | ip=127.0.0.1 | op=READ_BUCKET {"volume":"18c5c3ae-cc34-4029-ad6e-d25b7a1575fe","bucket":"d949196d-faaf-4651-bce5-0b190517b79d"} | ret=SUCCESS |  
2025-10-16 19:48:35,813 | INFO  | OMAudit | user=runner | ip=127.0.0.1 | op=READ_BUCKET {"volume":"18c5c3ae-cc34-4029-ad6e-d25b7a1575fe","bucket":"d949196d-faaf-4651-bce5-0b190517b79d"} | ret=SUCCESS |  
2025-10-16 19:48:35,814 | INFO  | SCMAudit | user=runner | ip=127.0.0.1 | op=ALLOCATE_BLOCK {"replication":"RATIS/ONE","owner":"omServiceIdDefault","size":"4194304","sampleBlocks":"[conID: 2 locID: 115816896921600154]","num":"1","client":"","allocated":"1"} | ret=SUCCESS |  
2025-10-16 19:48:35,816 | INFO  | OMAudit | user=runner | ip=127.0.0.1 | op=ALLOCATE_KEY {"volume":"18c5c3ae-cc34-4029-ad6e-d25b7a1575fe","bucket":"d949196d-faaf-4651-bce5-0b190517b79d","key":"4f19cc84-747a-4afd-8fa9-0c6f958807b4","dataSize":"12","replicationType":"RATIS","replicationFactor":"ONE","Transaction":"474"} | ret=SUCCESS |  
2025-10-16 19:48:35,824 | INFO  | OMAudit | user=runner | ip=127.0.0.1 | op=COMMIT_KEY {"volume":"18c5c3ae-cc34-4029-ad6e-d25b7a1575fe","bucket":"d949196d-faaf-4651-bce5-0b190517b79d","key":"4f19cc84-747a-4afd-8fa9-0c6f958807b4","dataSize":"12","replicationType":"RATIS","replicationFactor":"ONE","Transaction":"475"} | ret=SUCCESS |  
2025-10-16 19:48:35,825 | INFO  | OMAudit | user=runner | ip=127.0.0.1 | op=READ_VOLUME {"volume":"18c5c3ae-cc34-4029-ad6e-d25b7a1575fe"} | ret=SUCCESS |  
2025-10-16 19:48:35,826 | INFO  | OMAudit | user=runner | ip=127.0.0.1 | op=READ_BUCKET {"volume":"18c5c3ae-cc34-4029-ad6e-d25b7a1575fe","bucket":"d949196d-faaf-4651-bce5-0b190517b79d"} | ret=SUCCESS |  
2025-10-16 19:48:35,827 | INFO  | OMAudit | user=runner | ip=127.0.0.1 | op=READ_BUCKET {"volume":"18c5c3ae-cc34-4029-ad6e-d25b7a1575fe","bucket":"d949196d-faaf-4651-bce5-0b190517b79d"} | ret=SUCCESS |  
2025-10-16 19:48:35,828 | INFO  | SCMAudit | user=runner | ip=127.0.0.1 | op=ALLOCATE_BLOCK {"replication":"RATIS/ONE","owner":"omServiceIdDefault","size":"4194304","sampleBlocks":"[conID: 6 locID: 115816896921600155]","num":"1","client":"","allocated":"1"} | ret=SUCCESS |  
2025-10-16 19:48:35,829 | INFO  | OMAudit | user=runner | ip=127.0.0.1 | op=ALLOCATE_KEY {"volume":"18c5c3ae-cc34-4029-ad6e-d25b7a1575fe","bucket":"d949196d-faaf-4651-bce5-0b190517b79d","key":"4f19cc84-747a-4afd-8fa9-0c6f958807b4","dataSize":"12","replicationType":"RATIS","replicationFactor":"ONE","Transaction":"476"} | ret=SUCCESS |  
2025-10-16 19:48:35,841 | INFO  | OMAudit | user=runner | ip=127.0.0.1 | op=COMMIT_KEY {"volume":"18c5c3ae-cc34-4029-ad6e-d25b7a1575fe","bucket":"d949196d-faaf-4651-bce5-0b190517b79d","key":"4f19cc84-747a-4afd-8fa9-0c6f958807b4","dataSize":"12","replicationType":"RATIS","replicationFactor":"ONE","Transaction":"477"} | ret=SUCCESS |  
2025-10-16 19:48:35,842 | INFO  | OMAudit | user=runner | ip=127.0.0.1 | op=READ_VOLUME {"volume":"18c5c3ae-cc34-4029-ad6e-d25b7a1575fe"} | ret=SUCCESS |  
2025-10-16 19:48:35,843 | INFO  | OMAudit | user=runner | ip=127.0.0.1 | op=READ_BUCKET {"volume":"18c5c3ae-cc34-4029-ad6e-d25b7a1575fe","bucket":"d949196d-faaf-4651-bce5-0b190517b79d"} | ret=SUCCESS |  
2025-10-16 19:48:35,917 | INFO  | SCMAudit | user=runner | ip=127.0.0.1 | op=SEND_HEARTBEAT {"datanodeUUID":"f700af26-0e26-4136-9205-9509c82c8c70","term":"2","command":"[]"} | ret=SUCCESS |  
2025-10-16 19:48:36,110 | INFO  | SCMAudit | user=runner | ip=127.0.0.1 | op=SEND_HEARTBEAT {"datanodeUUID":"8a3c3252-9afe-4d3a-8492-25be6557678a","term":"2","command":"[]"} | ret=SUCCESS |  
2025-10-16 19:48:36,110 | INFO  | SCMAudit | user=runner | ip=127.0.0.1 | op=SEND_HEARTBEAT {"datanodeUUID":"c0724e9c-0dd4-4d47-992c-7bfe285fdd38","term":"2","command":"[]"} | ret=SUCCESS |  
2025-10-16 19:48:36,111 | INFO  | SCMAudit | user=runner | ip=127.0.0.1 | op=SEND_HEARTBEAT {"datanodeUUID":"e33e6ec4-6b66-4281-bedd-2bd75bd30070","term":"2","command":"[]"} | ret=SUCCESS |  
2025-10-16 19:48:36,113 | INFO  | SCMAudit | user=runner | ip=127.0.0.1 | op=SEND_HEARTBEAT {"datanodeUUID":"8a0fa2ff-b550-4652-b2fe-0cf91cd4a157","term":"2","command":"[]"} | ret=SUCCESS |  
2025-10-16 19:48:36,122 | INFO  | SCMAudit | user=runner | ip=127.0.0.1 | op=SEND_HEARTBEAT {"datanodeUUID":"aa213937-adc5-47da-a770-0ee1e4664344","term":"2","command":"[]"} | ret=SUCCESS |  
2025-10-16 19:48:36,125 | INFO  | SCMAudit | user=runner | ip=127.0.0.1 | op=SEND_HEARTBEAT {"datanodeUUID":"58cff6b7-b2a7-446b-a75a-bb98ad6b11b8","term":"2","command":"[]"} | ret=SUCCESS |  
2025-10-16 19:48:36,127 | INFO  | SCMAudit | user=runner | ip=127.0.0.1 | op=SEND_HEARTBEAT {"datanodeUUID":"e072d245-7694-4d97-8e20-c503ebf8c2fe","term":"2","command":"[]"} | ret=SUCCESS |  
2025-10-16 19:48:36,130 | INFO  | SCMAudit | user=runner | ip=127.0.0.1 | op=SEND_HEARTBEAT {"datanodeUUID":"0428ab3f-efd5-438e-ae11-9ec242443260","term":"2","command":"[]"} | ret=SUCCESS |  
2025-10-16 19:48:36,304 | INFO  | SCMAudit | user=runner | ip=127.0.0.1 | op=SEND_HEARTBEAT {"datanodeUUID":"76d4ba71-5bbb-4b24-8f51-8bc7f78aaca4","term":"2","command":"[]"} | ret=SUCCESS |  
2025-10-16 19:48:36,309 | INFO  | SCMAudit | user=runner | ip=127.0.0.1 | op=SEND_HEARTBEAT {"datanodeUUID":"764b18f0-81c5-439a-9fff-25adc4f241fa","term":"2","command":"[]"} | ret=SUCCESS |  
2025-10-16 19:48:36,383 [om1-KeyDeletingService#0] INFO  service.KeyDeletingService (KeyDeletingService.java:processKeyDeletes(151)) - Send 1 key(s) to SCM, first 1 keys: [PurgedKey{blockGroup=BlockGroup[groupID='/18c5c3ae-cc34-4029-ad6e-d25b7a1575fe/d949196d-faaf-4651-bce5-0b190517b79d/4f19cc84-747a-4afd-8fa9-0c6f958807b4/-9223372036854653696/0', blockIDs=[conID: 2 locID: 115816896921600154 bcsId: 0 replicaIndex: null]], volume='18c5c3ae-cc34-4029-ad6e-d25b7a1575fe', bucket='d949196d-faaf-4651-bce5-0b190517b79d', bucketId=-9223372036854654720, purgedBytes=12, isCommittedKey=true, deleteKeyName='/18c5c3ae-cc34-4029-ad6e-d25b7a1575fe/d949196d-faaf-4651-bce5-0b190517b79d/4f19cc84-747a-4afd-8fa9-0c6f958807b4/-9223372036854653696'}]
2025-10-16 19:48:36,385 | INFO  | SCMAudit | user=runner | ip=127.0.0.1 | op=DELETE_KEY_BLOCK {"KeyBlockToDelete":"[BlockGroup[groupID='/18c5c3ae-cc34-4029-ad6e-d25b7a1575fe/d949196d-faaf-4651-bce5-0b190517b79d/4f19cc84-747a-4afd-8fa9-0c6f958807b4/-9223372036854653696/0', blockIDs=[conID: 2 locID: 115816896921600154 bcsId: 0 replicaIndex: null]]]"} | ret=SUCCESS |  
2025-10-16 19:48:36,385 [om1-KeyDeletingService#0] INFO  service.KeyDeletingService (KeyDeletingService.java:processKeyDeletes(158)) - 1 BlockGroup deletion are acked by SCM in 2 ms
2025-10-16 19:48:36,386 [om1-KeyDeletingService#0] INFO  service.KeyDeletingService (KeyDeletingService.java:processKeyDeletes(166)) - Blocks for 1 (out of 1) keys are deleted from DB in 2 ms. Limit per task is 50000.
2025-10-16 19:48:36,634 | INFO  | SCMAudit | user=runner | ip=127.0.0.1 | op=SEND_HEARTBEAT {"datanodeUUID":"0e8b6cc7-9945-4141-97fc-6aa017a0d5fa","term":"2","command":"[]"} | ret=SUCCESS |  
2025-10-16 19:48:36,709 | INFO  | SCMAudit | user=runner | ip=127.0.0.1 | op=SEND_HEARTBEAT {"datanodeUUID":"757ca056-973f-4f05-ab2d-6aff6c54d452","term":"2","command":"[]"} | ret=SUCCESS |  
2025-10-16 19:48:36,731 | INFO  | SCMAudit | user=runner | ip=127.0.0.1 | op=SEND_HEARTBEAT {"datanodeUUID":"702cb173-5c73-4ecc-b5cd-c7b4a6b66aea","term":"2","command":"[]"} | ret=SUCCESS |  
2025-10-16 19:48:36,844 | INFO  | OMAudit | user=runner | ip=127.0.0.1 | op=READ_VOLUME {"volume":"18c5c3ae-cc34-4029-ad6e-d25b7a1575fe"} | ret=SUCCESS |  
2025-10-16 19:48:36,845 | INFO  | OMAudit | user=runner | ip=127.0.0.1 | op=READ_BUCKET {"volume":"18c5c3ae-cc34-4029-ad6e-d25b7a1575fe","bucket":"d949196d-faaf-4651-bce5-0b190517b79d"} | ret=SUCCESS |  
2025-10-16 19:48:36,846 | INFO  | OMAudit | user=runner | ip=127.0.0.1 | op=READ_BUCKET {"volume":"18c5c3ae-cc34-4029-ad6e-d25b7a1575fe","bucket":"d949196d-faaf-4651-bce5-0b190517b79d"} | ret=SUCCESS |  
2025-10-16 19:48:36,847 | INFO  | SCMAudit | user=runner | ip=127.0.0.1 | op=ALLOCATE_BLOCK {"replication":"RATIS/ONE","owner":"omServiceIdDefault","size":"4194304","sampleBlocks":"[conID: 12 locID: 115816896921600156]","num":"1","client":"","allocated":"1"} | ret=SUCCESS |  
2025-10-16 19:48:36,849 | INFO  | OMAudit | user=runner | ip=127.0.0.1 | op=ALLOCATE_KEY {"volume":"18c5c3ae-cc34-4029-ad6e-d25b7a1575fe","bucket":"d949196d-faaf-4651-bce5-0b190517b79d","key":"2469b713-86f0-4dd9-beb8-59d53a0edb5b","dataSize":"12","replicationType":"RATIS","replicationFactor":"ONE","Transaction":"479"} | ret=SUCCESS |  
2025-10-16 19:48:36,864 | INFO  | OMAudit | user=runner | ip=127.0.0.1 | op=COMMIT_KEY {"volume":"18c5c3ae-cc34-4029-ad6e-d25b7a1575fe","bucket":"d949196d-faaf-4651-bce5-0b190517b79d","key":"2469b713-86f0-4dd9-beb8-59d53a0edb5b","dataSize":"12","replicationType":"RATIS","replicationFactor":"ONE","Transaction":"480"} | ret=SUCCESS |  
2025-10-16 19:48:36,865 | INFO  | OMAudit | user=runner | ip=127.0.0.1 | op=READ_VOLUME {"volume":"18c5c3ae-cc34-4029-ad6e-d25b7a1575fe"} | ret=SUCCESS |  
2025-10-16 19:48:36,866 | INFO  | OMAudit | user=runner | ip=127.0.0.1 | op=READ_BUCKET {"volume":"18c5c3ae-cc34-4029-ad6e-d25b7a1575fe","bucket":"d949196d-faaf-4651-bce5-0b190517b79d"} | ret=SUCCESS |  
2025-10-16 19:48:36,868 | INFO  | OMAudit | user=runner | ip=127.0.0.1 | op=DELETE_KEY {"volume":"18c5c3ae-cc34-4029-ad6e-d25b7a1575fe","bucket":"d949196d-faaf-4651-bce5-0b190517b79d","key":"4f19cc84-747a-4afd-8fa9-0c6f958807b4","dataSize":"12","replicationConfig":"RATIS/ONE","Transaction":"481"} | ret=SUCCESS |  
2025-10-16 19:48:36,869 | INFO  | OMAudit | user=runner | ip=127.0.0.1 | op=READ_VOLUME {"volume":"18c5c3ae-cc34-4029-ad6e-d25b7a1575fe"} | ret=SUCCESS |  
2025-10-16 19:48:36,870 | INFO  | OMAudit | user=runner | ip=127.0.0.1 | op=READ_BUCKET {"volume":"18c5c3ae-cc34-4029-ad6e-d25b7a1575fe","bucket":"d949196d-faaf-4651-bce5-0b190517b79d"} | ret=SUCCESS |  
2025-10-16 19:48:36,917 | INFO  | SCMAudit | user=runner | ip=127.0.0.1 | op=SEND_HEARTBEAT {"datanodeUUID":"f700af26-0e26-4136-9205-9509c82c8c70","term":"2","command":"[]"} | ret=SUCCESS |  
2025-10-16 19:48:37,110 | INFO  | SCMAudit | user=runner | ip=127.0.0.1 | op=SEND_HEARTBEAT {"datanodeUUID":"8a3c3252-9afe-4d3a-8492-25be6557678a","term":"2","command":"[]"} | ret=SUCCESS |  
2025-10-16 19:48:37,110 | INFO  | SCMAudit | user=runner | ip=127.0.0.1 | op=SEND_HEARTBEAT {"datanodeUUID":"e33e6ec4-6b66-4281-bedd-2bd75bd30070","term":"2","command":"[]"} | ret=SUCCESS |  
2025-10-16 19:48:37,111 | INFO  | SCMAudit | user=runner | ip=127.0.0.1 | op=SEND_HEARTBEAT {"datanodeUUID":"c0724e9c-0dd4-4d47-992c-7bfe285fdd38","term":"2","command":"[]"} | ret=SUCCESS |  
2025-10-16 19:48:37,113 | INFO  | SCMAudit | user=runner | ip=127.0.0.1 | op=SEND_HEARTBEAT {"datanodeUUID":"8a0fa2ff-b550-4652-b2fe-0cf91cd4a157","term":"2","command":"[]"} | ret=SUCCESS |  
2025-10-16 19:48:37,122 | INFO  | SCMAudit | user=runner | ip=127.0.0.1 | op=SEND_HEARTBEAT {"datanodeUUID":"aa213937-adc5-47da-a770-0ee1e4664344","term":"2","command":"[]"} | ret=SUCCESS |  
2025-10-16 19:48:37,125 | INFO  | SCMAudit | user=runner | ip=127.0.0.1 | op=SEND_HEARTBEAT {"datanodeUUID":"58cff6b7-b2a7-446b-a75a-bb98ad6b11b8","term":"2","command":"[]"} | ret=SUCCESS |  
2025-10-16 19:48:37,127 | INFO  | SCMAudit | user=runner | ip=127.0.0.1 | op=SEND_HEARTBEAT {"datanodeUUID":"e072d245-7694-4d97-8e20-c503ebf8c2fe","term":"2","command":"[]"} | ret=SUCCESS |  
2025-10-16 19:48:37,131 | INFO  | SCMAudit | user=runner | ip=127.0.0.1 | op=SEND_HEARTBEAT {"datanodeUUID":"0428ab3f-efd5-438e-ae11-9ec242443260","term":"2","command":"[]"} | ret=SUCCESS |  
2025-10-16 19:48:37,304 | INFO  | SCMAudit | user=runner | ip=127.0.0.1 | op=SEND_HEARTBEAT {"datanodeUUID":"76d4ba71-5bbb-4b24-8f51-8bc7f78aaca4","term":"2","command":"[]"} | ret=SUCCESS |  
2025-10-16 19:48:37,309 | INFO  | SCMAudit | user=runner | ip=127.0.0.1 | op=SEND_HEARTBEAT {"datanodeUUID":"764b18f0-81c5-439a-9fff-25adc4f241fa","term":"2","command":"[]"} | ret=SUCCESS |  
2025-10-16 19:48:37,383 [om1-KeyDeletingService#9] INFO  service.KeyDeletingService (KeyDeletingService.java:processKeyDeletes(151)) - Send 1 key(s) to SCM, first 1 keys: [PurgedKey{blockGroup=BlockGroup[groupID='/18c5c3ae-cc34-4029-ad6e-d25b7a1575fe/d949196d-faaf-4651-bce5-0b190517b79d/4f19cc84-747a-4afd-8fa9-0c6f958807b4/-9223372036854654464/0', blockIDs=[conID: 6 locID: 115816896921600155 bcsId: 0 replicaIndex: null]], volume='18c5c3ae-cc34-4029-ad6e-d25b7a1575fe', bucket='d949196d-faaf-4651-bce5-0b190517b79d', bucketId=-9223372036854654720, purgedBytes=12, isCommittedKey=true, deleteKeyName='/18c5c3ae-cc34-4029-ad6e-d25b7a1575fe/d949196d-faaf-4651-bce5-0b190517b79d/4f19cc84-747a-4afd-8fa9-0c6f958807b4/-9223372036854654464'}]
2025-10-16 19:48:37,385 | INFO  | SCMAudit | user=runner | ip=127.0.0.1 | op=DELETE_KEY_BLOCK {"KeyBlockToDelete":"[BlockGroup[groupID='/18c5c3ae-cc34-4029-ad6e-d25b7a1575fe/d949196d-faaf-4651-bce5-0b190517b79d/4f19cc84-747a-4afd-8fa9-0c6f958807b4/-9223372036854654464/0', blockIDs=[conID: 6 locID: 115816896921600155 bcsId: 0 replicaIndex: null]]]"} | ret=SUCCESS |  
2025-10-16 19:48:37,385 [om1-KeyDeletingService#9] INFO  service.KeyDeletingService (KeyDeletingService.java:processKeyDeletes(158)) - 1 BlockGroup deletion are acked by SCM in 2 ms
2025-10-16 19:48:37,386 [om1-KeyDeletingService#9] INFO  service.KeyDeletingService (KeyDeletingService.java:processKeyDeletes(166)) - Blocks for 1 (out of 1) keys are deleted from DB in 2 ms. Limit per task is 50000.
2025-10-16 19:48:37,635 | INFO  | SCMAudit | user=runner | ip=127.0.0.1 | op=SEND_HEARTBEAT {"datanodeUUID":"0e8b6cc7-9945-4141-97fc-6aa017a0d5fa","term":"2","command":"[]"} | ret=SUCCESS |  
2025-10-16 19:48:37,710 | INFO  | SCMAudit | user=runner | ip=127.0.0.1 | op=SEND_HEARTBEAT {"datanodeUUID":"757ca056-973f-4f05-ab2d-6aff6c54d452","term":"2","command":"[]"} | ret=SUCCESS |  
2025-10-16 19:48:37,731 | INFO  | SCMAudit | user=runner | ip=127.0.0.1 | op=SEND_HEARTBEAT {"datanodeUUID":"702cb173-5c73-4ecc-b5cd-c7b4a6b66aea","term":"2","command":"[]"} | ret=SUCCESS |  
2025-10-16 19:48:37,871 | INFO  | OMAudit | user=runner | ip=127.0.0.1 | op=READ_VOLUME {"volume":"18c5c3ae-cc34-4029-ad6e-d25b7a1575fe"} | ret=SUCCESS |  
2025-10-16 19:48:37,872 | INFO  | OMAudit | user=runner | ip=127.0.0.1 | op=READ_BUCKET {"volume":"18c5c3ae-cc34-4029-ad6e-d25b7a1575fe","bucket":"d949196d-faaf-4651-bce5-0b190517b79d"} | ret=SUCCESS |  
2025-10-16 19:48:37,875 | INFO  | OMAudit | user=runner | ip=127.0.0.1 | op=DELETE_KEY {"volume":"18c5c3ae-cc34-4029-ad6e-d25b7a1575fe","bucket":"d949196d-faaf-4651-bce5-0b190517b79d","key":"2469b713-86f0-4dd9-beb8-59d53a0edb5b","dataSize":"12","replicationConfig":"RATIS/ONE","Transaction":"483"} | ret=SUCCESS |  
2025-10-16 19:48:37,876 | INFO  | OMAudit | user=runner | ip=127.0.0.1 | op=READ_VOLUME {"volume":"18c5c3ae-cc34-4029-ad6e-d25b7a1575fe"} | ret=SUCCESS |  
2025-10-16 19:48:37,877 | INFO  | OMAudit | user=runner | ip=127.0.0.1 | op=READ_BUCKET {"volume":"18c5c3ae-cc34-4029-ad6e-d25b7a1575fe","bucket":"d949196d-faaf-4651-bce5-0b190517b79d"} | ret=SUCCESS |  
2025-10-16 19:48:37,917 | INFO  | SCMAudit | user=runner | ip=127.0.0.1 | op=SEND_HEARTBEAT {"datanodeUUID":"f700af26-0e26-4136-9205-9509c82c8c70","term":"2","command":"[]"} | ret=SUCCESS |  
2025-10-16 19:48:38,109 | INFO  | SCMAudit | user=runner | ip=127.0.0.1 | op=SEND_HEARTBEAT {"datanodeUUID":"8a3c3252-9afe-4d3a-8492-25be6557678a","term":"2","command":"[]"} | ret=SUCCESS |  
2025-10-16 19:48:38,110 | INFO  | SCMAudit | user=runner | ip=127.0.0.1 | op=SEND_HEARTBEAT {"datanodeUUID":"e33e6ec4-6b66-4281-bedd-2bd75bd30070","term":"2","command":"[]"} | ret=SUCCESS |  
2025-10-16 19:48:38,110 | INFO  | SCMAudit | user=runner | ip=127.0.0.1 | op=SEND_HEARTBEAT {"datanodeUUID":"c0724e9c-0dd4-4d47-992c-7bfe285fdd38","term":"2","command":"[]"} | ret=SUCCESS |  
2025-10-16 19:48:38,113 | INFO  | SCMAudit | user=runner | ip=127.0.0.1 | op=SEND_HEARTBEAT {"datanodeUUID":"8a0fa2ff-b550-4652-b2fe-0cf91cd4a157","term":"2","command":"[]"} | ret=SUCCESS |  
2025-10-16 19:48:38,122 | INFO  | SCMAudit | user=runner | ip=127.0.0.1 | op=SEND_HEARTBEAT {"datanodeUUID":"aa213937-adc5-47da-a770-0ee1e4664344","term":"2","command":"[]"} | ret=SUCCESS |  
2025-10-16 19:48:38,126 | INFO  | SCMAudit | user=runner | ip=127.0.0.1 | op=SEND_HEARTBEAT {"datanodeUUID":"58cff6b7-b2a7-446b-a75a-bb98ad6b11b8","term":"2","command":"[]"} | ret=SUCCESS |  
2025-10-16 19:48:38,127 | INFO  | SCMAudit | user=runner | ip=127.0.0.1 | op=SEND_HEARTBEAT {"datanodeUUID":"e072d245-7694-4d97-8e20-c503ebf8c2fe","term":"2","command":"[]"} | ret=SUCCESS |  
2025-10-16 19:48:38,130 | INFO  | SCMAudit | user=runner | ip=127.0.0.1 | op=SEND_HEARTBEAT {"datanodeUUID":"0428ab3f-efd5-438e-ae11-9ec242443260","term":"2","command":"[]"} | ret=SUCCESS |  
2025-10-16 19:48:38,304 | INFO  | SCMAudit | user=runner | ip=127.0.0.1 | op=SEND_HEARTBEAT {"datanodeUUID":"76d4ba71-5bbb-4b24-8f51-8bc7f78aaca4","term":"2","command":"[]"} | ret=SUCCESS |  
2025-10-16 19:48:38,308 | INFO  | SCMAudit | user=runner | ip=127.0.0.1 | op=SEND_HEARTBEAT {"datanodeUUID":"764b18f0-81c5-439a-9fff-25adc4f241fa","term":"2","command":"[]"} | ret=SUCCESS |  
2025-10-16 19:48:38,383 [om1-KeyDeletingService#8] INFO  service.KeyDeletingService (KeyDeletingService.java:processKeyDeletes(151)) - Send 1 key(s) to SCM, first 1 keys: [PurgedKey{blockGroup=BlockGroup[groupID='/18c5c3ae-cc34-4029-ad6e-d25b7a1575fe/d949196d-faaf-4651-bce5-0b190517b79d/2469b713-86f0-4dd9-beb8-59d53a0edb5b/-9223372036854653184/0', blockIDs=[conID: 12 locID: 115816896921600156 bcsId: 0 replicaIndex: null]], volume='18c5c3ae-cc34-4029-ad6e-d25b7a1575fe', bucket='d949196d-faaf-4651-bce5-0b190517b79d', bucketId=-9223372036854654720, purgedBytes=12, isCommittedKey=true, deleteKeyName='/18c5c3ae-cc34-4029-ad6e-d25b7a1575fe/d949196d-faaf-4651-bce5-0b190517b79d/2469b713-86f0-4dd9-beb8-59d53a0edb5b/-9223372036854653184'}]
2025-10-16 19:48:38,385 | INFO  | SCMAudit | user=runner | ip=127.0.0.1 | op=DELETE_KEY_BLOCK {"KeyBlockToDelete":"[BlockGroup[groupID='/18c5c3ae-cc34-4029-ad6e-d25b7a1575fe/d949196d-faaf-4651-bce5-0b190517b79d/2469b713-86f0-4dd9-beb8-59d53a0edb5b/-9223372036854653184/0', blockIDs=[conID: 12 locID: 115816896921600156 bcsId: 0 replicaIndex: null]]]"} | ret=SUCCESS |  
2025-10-16 19:48:38,385 [om1-KeyDeletingService#8] INFO  service.KeyDeletingService (KeyDeletingService.java:processKeyDeletes(158)) - 1 BlockGroup deletion are acked by SCM in 3 ms
2025-10-16 19:48:38,387 [om1-KeyDeletingService#8] INFO  service.KeyDeletingService (KeyDeletingService.java:processKeyDeletes(166)) - Blocks for 1 (out of 1) keys are deleted from DB in 1 ms. Limit per task is 50000.
2025-10-16 19:48:38,635 | INFO  | SCMAudit | user=runner | ip=127.0.0.1 | op=SEND_HEARTBEAT {"datanodeUUID":"0e8b6cc7-9945-4141-97fc-6aa017a0d5fa","term":"2","command":"[]"} | ret=SUCCESS |  
2025-10-16 19:48:38,710 | INFO  | SCMAudit | user=runner | ip=127.0.0.1 | op=SEND_HEARTBEAT {"datanodeUUID":"757ca056-973f-4f05-ab2d-6aff6c54d452","term":"2","command":"[]"} | ret=SUCCESS |  
2025-10-16 19:48:38,731 | INFO  | SCMAudit | user=runner | ip=127.0.0.1 | op=SEND_HEARTBEAT {"datanodeUUID":"702cb173-5c73-4ecc-b5cd-c7b4a6b66aea","term":"2","command":"[]"} | ret=SUCCESS |  
2025-10-16 19:48:38,878 | INFO  | OMAudit | user=runner | ip=127.0.0.1 | op=READ_VOLUME {"volume":"18c5c3ae-cc34-4029-ad6e-d25b7a1575fe"} | ret=SUCCESS |  
2025-10-16 19:48:38,879 | INFO  | OMAudit | user=runner | ip=127.0.0.1 | op=READ_BUCKET {"volume":"18c5c3ae-cc34-4029-ad6e-d25b7a1575fe","bucket":"d949196d-faaf-4651-bce5-0b190517b79d"} | ret=SUCCESS |  
2025-10-16 19:48:38,882 | INFO  | OMAudit | user=runner | ip=127.0.0.1 | op=GET_SERVICE_LIST {} | ret=SUCCESS |  
2025-10-16 19:48:38,886 | INFO  | OMAudit | user=runner | ip=127.0.0.1 | op=CREATE_DIRECTORY {"volume":"18c5c3ae-cc34-4029-ad6e-d25b7a1575fe","bucket":"d949196d-faaf-4651-bce5-0b190517b79d","key":"f1b6076a-3c36-486a-9368-f956b1baebdf","dataSize":"0","Transaction":"485"} | ret=SUCCESS |  
2025-10-16 19:48:38,887 | INFO  | OMAudit | user=runner | ip=127.0.0.1 | op=READ_VOLUME {"volume":"18c5c3ae-cc34-4029-ad6e-d25b7a1575fe"} | ret=SUCCESS |  
2025-10-16 19:48:38,888 | INFO  | OMAudit | user=runner | ip=127.0.0.1 | op=READ_BUCKET {"volume":"18c5c3ae-cc34-4029-ad6e-d25b7a1575fe","bucket":"d949196d-faaf-4651-bce5-0b190517b79d"} | ret=SUCCESS |  
2025-10-16 19:48:38,890 | INFO  | OMAudit | user=runner | ip=127.0.0.1 | op=CREATE_DIRECTORY {"volume":"18c5c3ae-cc34-4029-ad6e-d25b7a1575fe","bucket":"d949196d-faaf-4651-bce5-0b190517b79d","key":"14ce5d30-5f66-469e-b051-82ec5e3366e3","dataSize":"0","Transaction":"486"} | ret=SUCCESS |  
2025-10-16 19:48:38,891 | INFO  | OMAudit | user=runner | ip=127.0.0.1 | op=READ_VOLUME {"volume":"18c5c3ae-cc34-4029-ad6e-d25b7a1575fe"} | ret=SUCCESS |  
2025-10-16 19:48:38,892 | INFO  | OMAudit | user=runner | ip=127.0.0.1 | op=READ_BUCKET {"volume":"18c5c3ae-cc34-4029-ad6e-d25b7a1575fe","bucket":"d949196d-faaf-4651-bce5-0b190517b79d"} | ret=SUCCESS |  
2025-10-16 19:48:38,894 | INFO  | OMAudit | user=runner | ip=127.0.0.1 | op=DELETE_KEY {"volume":"18c5c3ae-cc34-4029-ad6e-d25b7a1575fe","bucket":"d949196d-faaf-4651-bce5-0b190517b79d","key":"f1b6076a-3c36-486a-9368-f956b1baebdf/","Transaction":"487"} | ret=SUCCESS |  
2025-10-16 19:48:38,895 | INFO  | OMAudit | user=runner | ip=127.0.0.1 | op=READ_VOLUME {"volume":"18c5c3ae-cc34-4029-ad6e-d25b7a1575fe"} | ret=SUCCESS |  
2025-10-16 19:48:38,896 | INFO  | OMAudit | user=runner | ip=127.0.0.1 | op=READ_BUCKET {"volume":"18c5c3ae-cc34-4029-ad6e-d25b7a1575fe","bucket":"d949196d-faaf-4651-bce5-0b190517b79d"} | ret=SUCCESS |  
2025-10-16 19:48:38,898 | INFO  | OMAudit | user=runner | ip=127.0.0.1 | op=DELETE_KEY {"volume":"18c5c3ae-cc34-4029-ad6e-d25b7a1575fe","bucket":"d949196d-faaf-4651-bce5-0b190517b79d","key":"14ce5d30-5f66-469e-b051-82ec5e3366e3/","Transaction":"488"} | ret=SUCCESS |  
2025-10-16 19:48:38,899 | INFO  | OMAudit | user=runner | ip=127.0.0.1 | op=READ_VOLUME {"volume":"18c5c3ae-cc34-4029-ad6e-d25b7a1575fe"} | ret=SUCCESS |  
2025-10-16 19:48:38,900 | INFO  | OMAudit | user=runner | ip=127.0.0.1 | op=READ_BUCKET {"volume":"18c5c3ae-cc34-4029-ad6e-d25b7a1575fe","bucket":"d949196d-faaf-4651-bce5-0b190517b79d"} | ret=SUCCESS |  
2025-10-16 19:48:38,902 | INFO  | OMAudit | user=runner | ip=127.0.0.1 | op=CREATE_DIRECTORY {"volume":"18c5c3ae-cc34-4029-ad6e-d25b7a1575fe","bucket":"d949196d-faaf-4651-bce5-0b190517b79d","key":"dir1/dir2/dir3/dir4","dataSize":"0","Transaction":"489"} | ret=SUCCESS |  
2025-10-16 19:48:38,904 | INFO  | OMAudit | user=runner | ip=127.0.0.1 | op=READ_VOLUME {"volume":"18c5c3ae-cc34-4029-ad6e-d25b7a1575fe"} | ret=SUCCESS |  
2025-10-16 19:48:38,905 | INFO  | OMAudit | user=runner | ip=127.0.0.1 | op=READ_BUCKET {"volume":"18c5c3ae-cc34-4029-ad6e-d25b7a1575fe","bucket":"d949196d-faaf-4651-bce5-0b190517b79d"} | ret=SUCCESS |  
]]></system-out>
  </testcase>
  <testcase name="testBucketUsedNamespace(BucketLayout, boolean)[3]" classname="org.apache.hadoop.ozone.client.rpc.TestSecureOzoneRpcClient" time="3.333">
    <system-out><![CDATA[2025-10-16 19:48:38,907 [ForkJoinPool-1-worker-1] INFO  rpc.RpcClient (RpcClient.java:createVolume(461)) - Creating Volume: 0c61ff71-138a-4b72-b51d-d234b8bc6797, with runner as owner and space quota set to -1 bytes, counts quota set to -1
2025-10-16 19:48:38,909 [om1-OMStateMachineApplyTransactionThread - 0] INFO  volume.OMVolumeCreateRequest (OMVolumeCreateRequest.java:validateAndUpdateCache(213)) - created volume:0c61ff71-138a-4b72-b51d-d234b8bc6797 for user:runner
2025-10-16 19:48:38,909 | INFO  | OMAudit | user=runner | ip=127.0.0.1 | op=CREATE_VOLUME {"admin":"runner","owner":"runner","volume":"0c61ff71-138a-4b72-b51d-d234b8bc6797","creationTime":"1760644118908","modificationTime":"1760644118908","quotaInBytes":"-1","quotaInNamespace":"-1","usedNamespace":"0","objectID":"-9223372036854650368","updateID":"490","Transaction":"490"} | ret=SUCCESS |  
2025-10-16 19:48:38,911 | INFO  | OMAudit | user=runner | ip=127.0.0.1 | op=READ_VOLUME {"volume":"0c61ff71-138a-4b72-b51d-d234b8bc6797"} | ret=SUCCESS |  
2025-10-16 19:48:38,911 [ForkJoinPool-1-worker-1] INFO  rpc.RpcClient (RpcClient.java:createBucket(686)) - Creating Bucket: 0c61ff71-138a-4b72-b51d-d234b8bc6797/d0ca260e-8abf-4bb3-9bb7-dfde30a9d091, with bucket layout LEGACY, runner as owner, Versioning false, Storage Type set to DISK and Encryption set to false, Replication Type set to server-side default replication type, Namespace Quota set to -1, Space Quota set to -1 
2025-10-16 19:48:38,913 [om1-OMStateMachineApplyTransactionThread - 0] INFO  bucket.OMBucketCreateRequest (OMBucketCreateRequest.java:validateAndUpdateCache(303)) - created bucket: d0ca260e-8abf-4bb3-9bb7-dfde30a9d091 of layout LEGACY in volume: 0c61ff71-138a-4b72-b51d-d234b8bc6797
2025-10-16 19:48:38,913 | INFO  | OMAudit | user=runner | ip=127.0.0.1 | op=CREATE_BUCKET {"volume":"0c61ff71-138a-4b72-b51d-d234b8bc6797","bucket":"d0ca260e-8abf-4bb3-9bb7-dfde30a9d091","bucketLayout":"LEGACY","gdprEnabled":null,"acls":"[user:runner:a[ACCESS], group:runner:rl[ACCESS]]","isVersionEnabled":"false","storageType":"DISK","creationTime":"1760644118912","bucketEncryptionKey":null,"modificationTime":"1760644118912","usedBytes":"0","usedNamespace":"0","snapshotUsedBytes":"0","snapshotUsedNamespace":"0","owner":"runner","replicationType":null,"replicationConfig":null,"quotaInBytes":"-1","quotaInNamespace":"-1","Transaction":"491"} | ret=SUCCESS |  
2025-10-16 19:48:38,914 | INFO  | OMAudit | user=runner | ip=127.0.0.1 | op=READ_BUCKET {"volume":"0c61ff71-138a-4b72-b51d-d234b8bc6797","bucket":"d0ca260e-8abf-4bb3-9bb7-dfde30a9d091"} | ret=SUCCESS |  
2025-10-16 19:48:38,916 | INFO  | OMAudit | user=runner | ip=127.0.0.1 | op=READ_BUCKET {"volume":"0c61ff71-138a-4b72-b51d-d234b8bc6797","bucket":"d0ca260e-8abf-4bb3-9bb7-dfde30a9d091"} | ret=SUCCESS |  
2025-10-16 19:48:38,917 | INFO  | SCMAudit | user=runner | ip=127.0.0.1 | op=ALLOCATE_BLOCK {"replication":"RATIS/ONE","owner":"omServiceIdDefault","size":"4194304","sampleBlocks":"[conID: 13 locID: 115816896921600157]","num":"1","client":"","allocated":"1"} | ret=SUCCESS |  
2025-10-16 19:48:38,917 | INFO  | SCMAudit | user=runner | ip=127.0.0.1 | op=SEND_HEARTBEAT {"datanodeUUID":"f700af26-0e26-4136-9205-9509c82c8c70","term":"2","command":"[]"} | ret=SUCCESS |  
2025-10-16 19:48:38,920 | INFO  | OMAudit | user=runner | ip=127.0.0.1 | op=ALLOCATE_KEY {"volume":"0c61ff71-138a-4b72-b51d-d234b8bc6797","bucket":"d0ca260e-8abf-4bb3-9bb7-dfde30a9d091","key":"ec273f96-40a4-4878-9e04-679e57e27e0d","dataSize":"12","replicationType":"RATIS","replicationFactor":"ONE","Transaction":"492"} | ret=SUCCESS |  
2025-10-16 19:48:38,938 | INFO  | OMAudit | user=runner | ip=127.0.0.1 | op=COMMIT_KEY {"volume":"0c61ff71-138a-4b72-b51d-d234b8bc6797","bucket":"d0ca260e-8abf-4bb3-9bb7-dfde30a9d091","key":"ec273f96-40a4-4878-9e04-679e57e27e0d","dataSize":"12","replicationType":"RATIS","replicationFactor":"ONE","Transaction":"493"} | ret=SUCCESS |  
2025-10-16 19:48:38,940 | INFO  | OMAudit | user=runner | ip=127.0.0.1 | op=READ_VOLUME {"volume":"0c61ff71-138a-4b72-b51d-d234b8bc6797"} | ret=SUCCESS |  
2025-10-16 19:48:38,941 | INFO  | OMAudit | user=runner | ip=127.0.0.1 | op=READ_BUCKET {"volume":"0c61ff71-138a-4b72-b51d-d234b8bc6797","bucket":"d0ca260e-8abf-4bb3-9bb7-dfde30a9d091"} | ret=SUCCESS |  
2025-10-16 19:48:38,942 | INFO  | OMAudit | user=runner | ip=127.0.0.1 | op=READ_BUCKET {"volume":"0c61ff71-138a-4b72-b51d-d234b8bc6797","bucket":"d0ca260e-8abf-4bb3-9bb7-dfde30a9d091"} | ret=SUCCESS |  
2025-10-16 19:48:38,943 | INFO  | SCMAudit | user=runner | ip=127.0.0.1 | op=ALLOCATE_BLOCK {"replication":"RATIS/ONE","owner":"omServiceIdDefault","size":"4194304","sampleBlocks":"[conID: 11 locID: 115816896921600158]","num":"1","client":"","allocated":"1"} | ret=SUCCESS |  
2025-10-16 19:48:38,946 | INFO  | OMAudit | user=runner | ip=127.0.0.1 | op=ALLOCATE_KEY {"volume":"0c61ff71-138a-4b72-b51d-d234b8bc6797","bucket":"d0ca260e-8abf-4bb3-9bb7-dfde30a9d091","key":"ec273f96-40a4-4878-9e04-679e57e27e0d","dataSize":"12","replicationType":"RATIS","replicationFactor":"ONE","Transaction":"494"} | ret=SUCCESS |  
2025-10-16 19:48:38,961 | INFO  | OMAudit | user=runner | ip=127.0.0.1 | op=COMMIT_KEY {"volume":"0c61ff71-138a-4b72-b51d-d234b8bc6797","bucket":"d0ca260e-8abf-4bb3-9bb7-dfde30a9d091","key":"ec273f96-40a4-4878-9e04-679e57e27e0d","dataSize":"12","replicationType":"RATIS","replicationFactor":"ONE","Transaction":"495"} | ret=SUCCESS |  
2025-10-16 19:48:38,962 | INFO  | OMAudit | user=runner | ip=127.0.0.1 | op=READ_VOLUME {"volume":"0c61ff71-138a-4b72-b51d-d234b8bc6797"} | ret=SUCCESS |  
2025-10-16 19:48:38,963 | INFO  | OMAudit | user=runner | ip=127.0.0.1 | op=READ_BUCKET {"volume":"0c61ff71-138a-4b72-b51d-d234b8bc6797","bucket":"d0ca260e-8abf-4bb3-9bb7-dfde30a9d091"} | ret=SUCCESS |  
2025-10-16 19:48:39,110 | INFO  | SCMAudit | user=runner | ip=127.0.0.1 | op=SEND_HEARTBEAT {"datanodeUUID":"8a3c3252-9afe-4d3a-8492-25be6557678a","term":"2","command":"[]"} | ret=SUCCESS |  
2025-10-16 19:48:39,110 | INFO  | SCMAudit | user=runner | ip=127.0.0.1 | op=SEND_HEARTBEAT {"datanodeUUID":"e33e6ec4-6b66-4281-bedd-2bd75bd30070","term":"2","command":"[]"} | ret=SUCCESS |  
2025-10-16 19:48:39,110 | INFO  | SCMAudit | user=runner | ip=127.0.0.1 | op=SEND_HEARTBEAT {"datanodeUUID":"c0724e9c-0dd4-4d47-992c-7bfe285fdd38","term":"2","command":"[]"} | ret=SUCCESS |  
2025-10-16 19:48:39,114 | INFO  | SCMAudit | user=runner | ip=127.0.0.1 | op=SEND_HEARTBEAT {"datanodeUUID":"8a0fa2ff-b550-4652-b2fe-0cf91cd4a157","term":"2","command":"[]"} | ret=SUCCESS |  
2025-10-16 19:48:39,123 | INFO  | SCMAudit | user=runner | ip=127.0.0.1 | op=SEND_HEARTBEAT {"datanodeUUID":"aa213937-adc5-47da-a770-0ee1e4664344","term":"2","command":"[]"} | ret=SUCCESS |  
2025-10-16 19:48:39,125 | INFO  | SCMAudit | user=runner | ip=127.0.0.1 | op=SEND_HEARTBEAT {"datanodeUUID":"58cff6b7-b2a7-446b-a75a-bb98ad6b11b8","term":"2","command":"[]"} | ret=SUCCESS |  
2025-10-16 19:48:39,127 | INFO  | SCMAudit | user=runner | ip=127.0.0.1 | op=SEND_HEARTBEAT {"datanodeUUID":"e072d245-7694-4d97-8e20-c503ebf8c2fe","term":"2","command":"[]"} | ret=SUCCESS |  
2025-10-16 19:48:39,130 | INFO  | SCMAudit | user=runner | ip=127.0.0.1 | op=SEND_HEARTBEAT {"datanodeUUID":"0428ab3f-efd5-438e-ae11-9ec242443260","term":"2","command":"[]"} | ret=SUCCESS |  
2025-10-16 19:48:39,304 | INFO  | SCMAudit | user=runner | ip=127.0.0.1 | op=SEND_HEARTBEAT {"datanodeUUID":"76d4ba71-5bbb-4b24-8f51-8bc7f78aaca4","term":"2","command":"[]"} | ret=SUCCESS |  
2025-10-16 19:48:39,308 | INFO  | SCMAudit | user=runner | ip=127.0.0.1 | op=SEND_HEARTBEAT {"datanodeUUID":"764b18f0-81c5-439a-9fff-25adc4f241fa","term":"2","command":"[]"} | ret=SUCCESS |  
2025-10-16 19:48:39,383 [om1-KeyDeletingService#3] INFO  service.KeyDeletingService (KeyDeletingService.java:processKeyDeletes(151)) - Send 1 key(s) to SCM, first 1 keys: [PurgedKey{blockGroup=BlockGroup[groupID='/0c61ff71-138a-4b72-b51d-d234b8bc6797/d0ca260e-8abf-4bb3-9bb7-dfde30a9d091/ec273f96-40a4-4878-9e04-679e57e27e0d/-9223372036854649088/0', blockIDs=[conID: 13 locID: 115816896921600157 bcsId: 0 replicaIndex: null]], volume='0c61ff71-138a-4b72-b51d-d234b8bc6797', bucket='d0ca260e-8abf-4bb3-9bb7-dfde30a9d091', bucketId=-9223372036854650112, purgedBytes=12, isCommittedKey=true, deleteKeyName='/0c61ff71-138a-4b72-b51d-d234b8bc6797/d0ca260e-8abf-4bb3-9bb7-dfde30a9d091/ec273f96-40a4-4878-9e04-679e57e27e0d/-9223372036854649088'}]
2025-10-16 19:48:39,385 | INFO  | SCMAudit | user=runner | ip=127.0.0.1 | op=DELETE_KEY_BLOCK {"KeyBlockToDelete":"[BlockGroup[groupID='/0c61ff71-138a-4b72-b51d-d234b8bc6797/d0ca260e-8abf-4bb3-9bb7-dfde30a9d091/ec273f96-40a4-4878-9e04-679e57e27e0d/-9223372036854649088/0', blockIDs=[conID: 13 locID: 115816896921600157 bcsId: 0 replicaIndex: null]]]"} | ret=SUCCESS |  
2025-10-16 19:48:39,385 [om1-KeyDeletingService#3] INFO  service.KeyDeletingService (KeyDeletingService.java:processKeyDeletes(158)) - 1 BlockGroup deletion are acked by SCM in 3 ms
2025-10-16 19:48:39,387 [om1-KeyDeletingService#3] INFO  service.KeyDeletingService (KeyDeletingService.java:processKeyDeletes(166)) - Blocks for 1 (out of 1) keys are deleted from DB in 1 ms. Limit per task is 50000.
2025-10-16 19:48:39,635 | INFO  | SCMAudit | user=runner | ip=127.0.0.1 | op=SEND_HEARTBEAT {"datanodeUUID":"0e8b6cc7-9945-4141-97fc-6aa017a0d5fa","term":"2","command":"[]"} | ret=SUCCESS |  
2025-10-16 19:48:39,710 | INFO  | SCMAudit | user=runner | ip=127.0.0.1 | op=SEND_HEARTBEAT {"datanodeUUID":"757ca056-973f-4f05-ab2d-6aff6c54d452","term":"2","command":"[]"} | ret=SUCCESS |  
2025-10-16 19:48:39,731 | INFO  | SCMAudit | user=runner | ip=127.0.0.1 | op=SEND_HEARTBEAT {"datanodeUUID":"702cb173-5c73-4ecc-b5cd-c7b4a6b66aea","term":"2","command":"[]"} | ret=SUCCESS |  
2025-10-16 19:48:39,917 | INFO  | SCMAudit | user=runner | ip=127.0.0.1 | op=SEND_HEARTBEAT {"datanodeUUID":"f700af26-0e26-4136-9205-9509c82c8c70","term":"2","command":"[]"} | ret=SUCCESS |  
2025-10-16 19:48:39,964 | INFO  | OMAudit | user=runner | ip=127.0.0.1 | op=READ_VOLUME {"volume":"0c61ff71-138a-4b72-b51d-d234b8bc6797"} | ret=SUCCESS |  
2025-10-16 19:48:39,965 | INFO  | OMAudit | user=runner | ip=127.0.0.1 | op=READ_BUCKET {"volume":"0c61ff71-138a-4b72-b51d-d234b8bc6797","bucket":"d0ca260e-8abf-4bb3-9bb7-dfde30a9d091"} | ret=SUCCESS |  
2025-10-16 19:48:39,966 | INFO  | OMAudit | user=runner | ip=127.0.0.1 | op=READ_BUCKET {"volume":"0c61ff71-138a-4b72-b51d-d234b8bc6797","bucket":"d0ca260e-8abf-4bb3-9bb7-dfde30a9d091"} | ret=SUCCESS |  
2025-10-16 19:48:39,967 | INFO  | SCMAudit | user=runner | ip=127.0.0.1 | op=ALLOCATE_BLOCK {"replication":"RATIS/ONE","owner":"omServiceIdDefault","size":"4194304","sampleBlocks":"[conID: 6 locID: 115816896921600159]","num":"1","client":"","allocated":"1"} | ret=SUCCESS |  
2025-10-16 19:48:39,970 | INFO  | OMAudit | user=runner | ip=127.0.0.1 | op=ALLOCATE_KEY {"volume":"0c61ff71-138a-4b72-b51d-d234b8bc6797","bucket":"d0ca260e-8abf-4bb3-9bb7-dfde30a9d091","key":"32a36b91-9251-4830-a285-87f3b00ed21a","dataSize":"12","replicationType":"RATIS","replicationFactor":"ONE","Transaction":"497"} | ret=SUCCESS |  
2025-10-16 19:48:39,977 | INFO  | OMAudit | user=runner | ip=127.0.0.1 | op=COMMIT_KEY {"volume":"0c61ff71-138a-4b72-b51d-d234b8bc6797","bucket":"d0ca260e-8abf-4bb3-9bb7-dfde30a9d091","key":"32a36b91-9251-4830-a285-87f3b00ed21a","dataSize":"12","replicationType":"RATIS","replicationFactor":"ONE","Transaction":"498"} | ret=SUCCESS |  
2025-10-16 19:48:39,978 | INFO  | OMAudit | user=runner | ip=127.0.0.1 | op=READ_VOLUME {"volume":"0c61ff71-138a-4b72-b51d-d234b8bc6797"} | ret=SUCCESS |  
2025-10-16 19:48:39,979 | INFO  | OMAudit | user=runner | ip=127.0.0.1 | op=READ_BUCKET {"volume":"0c61ff71-138a-4b72-b51d-d234b8bc6797","bucket":"d0ca260e-8abf-4bb3-9bb7-dfde30a9d091"} | ret=SUCCESS |  
2025-10-16 19:48:39,981 | INFO  | OMAudit | user=runner | ip=127.0.0.1 | op=DELETE_KEY {"volume":"0c61ff71-138a-4b72-b51d-d234b8bc6797","bucket":"d0ca260e-8abf-4bb3-9bb7-dfde30a9d091","key":"ec273f96-40a4-4878-9e04-679e57e27e0d","dataSize":"12","replicationConfig":"RATIS/ONE","Transaction":"499"} | ret=SUCCESS |  
2025-10-16 19:48:39,983 | INFO  | OMAudit | user=runner | ip=127.0.0.1 | op=READ_VOLUME {"volume":"0c61ff71-138a-4b72-b51d-d234b8bc6797"} | ret=SUCCESS |  
2025-10-16 19:48:39,983 | INFO  | OMAudit | user=runner | ip=127.0.0.1 | op=READ_BUCKET {"volume":"0c61ff71-138a-4b72-b51d-d234b8bc6797","bucket":"d0ca260e-8abf-4bb3-9bb7-dfde30a9d091"} | ret=SUCCESS |  
2025-10-16 19:48:40,110 | INFO  | SCMAudit | user=runner | ip=127.0.0.1 | op=SEND_HEARTBEAT {"datanodeUUID":"8a3c3252-9afe-4d3a-8492-25be6557678a","term":"2","command":"[]"} | ret=SUCCESS |  
2025-10-16 19:48:40,110 | INFO  | SCMAudit | user=runner | ip=127.0.0.1 | op=SEND_HEARTBEAT {"datanodeUUID":"c0724e9c-0dd4-4d47-992c-7bfe285fdd38","term":"2","command":"[]"} | ret=SUCCESS |  
2025-10-16 19:48:40,110 | INFO  | SCMAudit | user=runner | ip=127.0.0.1 | op=SEND_HEARTBEAT {"datanodeUUID":"e33e6ec4-6b66-4281-bedd-2bd75bd30070","term":"2","command":"[]"} | ret=SUCCESS |  
2025-10-16 19:48:40,114 | INFO  | SCMAudit | user=runner | ip=127.0.0.1 | op=SEND_HEARTBEAT {"datanodeUUID":"8a0fa2ff-b550-4652-b2fe-0cf91cd4a157","term":"2","command":"[]"} | ret=SUCCESS |  
2025-10-16 19:48:40,122 | INFO  | SCMAudit | user=runner | ip=127.0.0.1 | op=SEND_HEARTBEAT {"datanodeUUID":"aa213937-adc5-47da-a770-0ee1e4664344","term":"2","command":"[]"} | ret=SUCCESS |  
2025-10-16 19:48:40,125 | INFO  | SCMAudit | user=runner | ip=127.0.0.1 | op=SEND_HEARTBEAT {"datanodeUUID":"58cff6b7-b2a7-446b-a75a-bb98ad6b11b8","term":"2","command":"[]"} | ret=SUCCESS |  
2025-10-16 19:48:40,128 | INFO  | SCMAudit | user=runner | ip=127.0.0.1 | op=SEND_HEARTBEAT {"datanodeUUID":"e072d245-7694-4d97-8e20-c503ebf8c2fe","term":"2","command":"[]"} | ret=SUCCESS |  
2025-10-16 19:48:40,130 | INFO  | SCMAudit | user=runner | ip=127.0.0.1 | op=SEND_HEARTBEAT {"datanodeUUID":"0428ab3f-efd5-438e-ae11-9ec242443260","term":"2","command":"[]"} | ret=SUCCESS |  
2025-10-16 19:48:40,305 | INFO  | SCMAudit | user=runner | ip=127.0.0.1 | op=SEND_HEARTBEAT {"datanodeUUID":"76d4ba71-5bbb-4b24-8f51-8bc7f78aaca4","term":"2","command":"[]"} | ret=SUCCESS |  
2025-10-16 19:48:40,308 | INFO  | SCMAudit | user=runner | ip=127.0.0.1 | op=SEND_HEARTBEAT {"datanodeUUID":"764b18f0-81c5-439a-9fff-25adc4f241fa","term":"2","command":"[]"} | ret=SUCCESS |  
2025-10-16 19:48:40,383 [om1-KeyDeletingService#5] INFO  service.KeyDeletingService (KeyDeletingService.java:processKeyDeletes(151)) - Send 1 key(s) to SCM, first 1 keys: [PurgedKey{blockGroup=BlockGroup[groupID='/0c61ff71-138a-4b72-b51d-d234b8bc6797/d0ca260e-8abf-4bb3-9bb7-dfde30a9d091/ec273f96-40a4-4878-9e04-679e57e27e0d/-9223372036854649856/0', blockIDs=[conID: 11 locID: 115816896921600158 bcsId: 0 replicaIndex: null]], volume='0c61ff71-138a-4b72-b51d-d234b8bc6797', bucket='d0ca260e-8abf-4bb3-9bb7-dfde30a9d091', bucketId=-9223372036854650112, purgedBytes=12, isCommittedKey=true, deleteKeyName='/0c61ff71-138a-4b72-b51d-d234b8bc6797/d0ca260e-8abf-4bb3-9bb7-dfde30a9d091/ec273f96-40a4-4878-9e04-679e57e27e0d/-9223372036854649856'}]
2025-10-16 19:48:40,385 | INFO  | SCMAudit | user=runner | ip=127.0.0.1 | op=DELETE_KEY_BLOCK {"KeyBlockToDelete":"[BlockGroup[groupID='/0c61ff71-138a-4b72-b51d-d234b8bc6797/d0ca260e-8abf-4bb3-9bb7-dfde30a9d091/ec273f96-40a4-4878-9e04-679e57e27e0d/-9223372036854649856/0', blockIDs=[conID: 11 locID: 115816896921600158 bcsId: 0 replicaIndex: null]]]"} | ret=SUCCESS |  
2025-10-16 19:48:40,385 [om1-KeyDeletingService#5] INFO  service.KeyDeletingService (KeyDeletingService.java:processKeyDeletes(158)) - 1 BlockGroup deletion are acked by SCM in 3 ms
2025-10-16 19:48:40,387 [om1-KeyDeletingService#5] INFO  service.KeyDeletingService (KeyDeletingService.java:processKeyDeletes(166)) - Blocks for 1 (out of 1) keys are deleted from DB in 1 ms. Limit per task is 50000.
2025-10-16 19:48:40,635 | INFO  | SCMAudit | user=runner | ip=127.0.0.1 | op=SEND_HEARTBEAT {"datanodeUUID":"0e8b6cc7-9945-4141-97fc-6aa017a0d5fa","term":"2","command":"[]"} | ret=SUCCESS |  
2025-10-16 19:48:40,710 | INFO  | SCMAudit | user=runner | ip=127.0.0.1 | op=SEND_HEARTBEAT {"datanodeUUID":"757ca056-973f-4f05-ab2d-6aff6c54d452","term":"2","command":"[]"} | ret=SUCCESS |  
2025-10-16 19:48:40,732 | INFO  | SCMAudit | user=runner | ip=127.0.0.1 | op=SEND_HEARTBEAT {"datanodeUUID":"702cb173-5c73-4ecc-b5cd-c7b4a6b66aea","term":"2","command":"[]"} | ret=SUCCESS |  
2025-10-16 19:48:40,918 | INFO  | SCMAudit | user=runner | ip=127.0.0.1 | op=SEND_HEARTBEAT {"datanodeUUID":"f700af26-0e26-4136-9205-9509c82c8c70","term":"2","command":"[]"} | ret=SUCCESS |  
2025-10-16 19:48:40,985 | INFO  | OMAudit | user=runner | ip=127.0.0.1 | op=READ_VOLUME {"volume":"0c61ff71-138a-4b72-b51d-d234b8bc6797"} | ret=SUCCESS |  
2025-10-16 19:48:40,986 | INFO  | OMAudit | user=runner | ip=127.0.0.1 | op=READ_BUCKET {"volume":"0c61ff71-138a-4b72-b51d-d234b8bc6797","bucket":"d0ca260e-8abf-4bb3-9bb7-dfde30a9d091"} | ret=SUCCESS |  
2025-10-16 19:48:40,989 | INFO  | OMAudit | user=runner | ip=127.0.0.1 | op=DELETE_KEY {"volume":"0c61ff71-138a-4b72-b51d-d234b8bc6797","bucket":"d0ca260e-8abf-4bb3-9bb7-dfde30a9d091","key":"32a36b91-9251-4830-a285-87f3b00ed21a","dataSize":"12","replicationConfig":"RATIS/ONE","Transaction":"501"} | ret=SUCCESS |  
2025-10-16 19:48:40,990 | INFO  | OMAudit | user=runner | ip=127.0.0.1 | op=READ_VOLUME {"volume":"0c61ff71-138a-4b72-b51d-d234b8bc6797"} | ret=SUCCESS |  
2025-10-16 19:48:40,990 | INFO  | OMAudit | user=runner | ip=127.0.0.1 | op=READ_BUCKET {"volume":"0c61ff71-138a-4b72-b51d-d234b8bc6797","bucket":"d0ca260e-8abf-4bb3-9bb7-dfde30a9d091"} | ret=SUCCESS |  
2025-10-16 19:48:41,110 | INFO  | SCMAudit | user=runner | ip=127.0.0.1 | op=SEND_HEARTBEAT {"datanodeUUID":"c0724e9c-0dd4-4d47-992c-7bfe285fdd38","term":"2","command":"[]"} | ret=SUCCESS |  
2025-10-16 19:48:41,110 | INFO  | SCMAudit | user=runner | ip=127.0.0.1 | op=SEND_HEARTBEAT {"datanodeUUID":"8a3c3252-9afe-4d3a-8492-25be6557678a","term":"2","command":"[]"} | ret=SUCCESS |  
2025-10-16 19:48:41,110 | INFO  | SCMAudit | user=runner | ip=127.0.0.1 | op=SEND_HEARTBEAT {"datanodeUUID":"e33e6ec4-6b66-4281-bedd-2bd75bd30070","term":"2","command":"[]"} | ret=SUCCESS |  
2025-10-16 19:48:41,114 | INFO  | SCMAudit | user=runner | ip=127.0.0.1 | op=SEND_HEARTBEAT {"datanodeUUID":"8a0fa2ff-b550-4652-b2fe-0cf91cd4a157","term":"2","command":"[]"} | ret=SUCCESS |  
2025-10-16 19:48:41,122 | INFO  | SCMAudit | user=runner | ip=127.0.0.1 | op=SEND_HEARTBEAT {"datanodeUUID":"aa213937-adc5-47da-a770-0ee1e4664344","term":"2","command":"[]"} | ret=SUCCESS |  
2025-10-16 19:48:41,126 | INFO  | SCMAudit | user=runner | ip=127.0.0.1 | op=SEND_HEARTBEAT {"datanodeUUID":"58cff6b7-b2a7-446b-a75a-bb98ad6b11b8","term":"2","command":"[]"} | ret=SUCCESS |  
2025-10-16 19:48:41,127 | INFO  | SCMAudit | user=runner | ip=127.0.0.1 | op=SEND_HEARTBEAT {"datanodeUUID":"e072d245-7694-4d97-8e20-c503ebf8c2fe","term":"2","command":"[]"} | ret=SUCCESS |  
2025-10-16 19:48:41,130 | INFO  | SCMAudit | user=runner | ip=127.0.0.1 | op=SEND_HEARTBEAT {"datanodeUUID":"0428ab3f-efd5-438e-ae11-9ec242443260","term":"2","command":"[]"} | ret=SUCCESS |  
2025-10-16 19:48:41,305 | INFO  | SCMAudit | user=runner | ip=127.0.0.1 | op=SEND_HEARTBEAT {"datanodeUUID":"76d4ba71-5bbb-4b24-8f51-8bc7f78aaca4","term":"2","command":"[]"} | ret=SUCCESS |  
2025-10-16 19:48:41,309 | INFO  | SCMAudit | user=runner | ip=127.0.0.1 | op=SEND_HEARTBEAT {"datanodeUUID":"764b18f0-81c5-439a-9fff-25adc4f241fa","term":"2","command":"[]"} | ret=SUCCESS |  
2025-10-16 19:48:41,383 [om1-KeyDeletingService#0] INFO  service.KeyDeletingService (KeyDeletingService.java:processKeyDeletes(151)) - Send 1 key(s) to SCM, first 1 keys: [PurgedKey{blockGroup=BlockGroup[groupID='/0c61ff71-138a-4b72-b51d-d234b8bc6797/d0ca260e-8abf-4bb3-9bb7-dfde30a9d091/32a36b91-9251-4830-a285-87f3b00ed21a/-9223372036854648576/0', blockIDs=[conID: 6 locID: 115816896921600159 bcsId: 0 replicaIndex: null]], volume='0c61ff71-138a-4b72-b51d-d234b8bc6797', bucket='d0ca260e-8abf-4bb3-9bb7-dfde30a9d091', bucketId=-9223372036854650112, purgedBytes=12, isCommittedKey=true, deleteKeyName='/0c61ff71-138a-4b72-b51d-d234b8bc6797/d0ca260e-8abf-4bb3-9bb7-dfde30a9d091/32a36b91-9251-4830-a285-87f3b00ed21a/-9223372036854648576'}]
2025-10-16 19:48:41,385 | INFO  | SCMAudit | user=runner | ip=127.0.0.1 | op=DELETE_KEY_BLOCK {"KeyBlockToDelete":"[BlockGroup[groupID='/0c61ff71-138a-4b72-b51d-d234b8bc6797/d0ca260e-8abf-4bb3-9bb7-dfde30a9d091/32a36b91-9251-4830-a285-87f3b00ed21a/-9223372036854648576/0', blockIDs=[conID: 6 locID: 115816896921600159 bcsId: 0 replicaIndex: null]]]"} | ret=SUCCESS |  
2025-10-16 19:48:41,386 [om1-KeyDeletingService#0] INFO  service.KeyDeletingService (KeyDeletingService.java:processKeyDeletes(158)) - 1 BlockGroup deletion are acked by SCM in 2 ms
2025-10-16 19:48:41,387 [om1-KeyDeletingService#0] INFO  service.KeyDeletingService (KeyDeletingService.java:processKeyDeletes(166)) - Blocks for 1 (out of 1) keys are deleted from DB in 1 ms. Limit per task is 50000.
2025-10-16 19:48:41,635 | INFO  | SCMAudit | user=runner | ip=127.0.0.1 | op=SEND_HEARTBEAT {"datanodeUUID":"0e8b6cc7-9945-4141-97fc-6aa017a0d5fa","term":"2","command":"[]"} | ret=SUCCESS |  
2025-10-16 19:48:41,710 | INFO  | SCMAudit | user=runner | ip=127.0.0.1 | op=SEND_HEARTBEAT {"datanodeUUID":"757ca056-973f-4f05-ab2d-6aff6c54d452","term":"2","command":"[]"} | ret=SUCCESS |  
2025-10-16 19:48:41,732 | INFO  | SCMAudit | user=runner | ip=127.0.0.1 | op=SEND_HEARTBEAT {"datanodeUUID":"702cb173-5c73-4ecc-b5cd-c7b4a6b66aea","term":"2","command":"[]"} | ret=SUCCESS |  
2025-10-16 19:48:41,918 | INFO  | SCMAudit | user=runner | ip=127.0.0.1 | op=SEND_HEARTBEAT {"datanodeUUID":"f700af26-0e26-4136-9205-9509c82c8c70","term":"2","command":"[]"} | ret=SUCCESS |  
2025-10-16 19:48:41,992 | INFO  | OMAudit | user=runner | ip=127.0.0.1 | op=READ_VOLUME {"volume":"0c61ff71-138a-4b72-b51d-d234b8bc6797"} | ret=SUCCESS |  
2025-10-16 19:48:41,993 | INFO  | OMAudit | user=runner | ip=127.0.0.1 | op=READ_BUCKET {"volume":"0c61ff71-138a-4b72-b51d-d234b8bc6797","bucket":"d0ca260e-8abf-4bb3-9bb7-dfde30a9d091"} | ret=SUCCESS |  
2025-10-16 19:48:41,996 | INFO  | OMAudit | user=runner | ip=127.0.0.1 | op=GET_SERVICE_LIST {} | ret=SUCCESS |  
2025-10-16 19:48:41,999 | INFO  | OMAudit | user=runner | ip=127.0.0.1 | op=CREATE_DIRECTORY {"volume":"0c61ff71-138a-4b72-b51d-d234b8bc6797","bucket":"d0ca260e-8abf-4bb3-9bb7-dfde30a9d091","key":"e95d2190-0769-45d6-81a4-d79a16ec2463","dataSize":"0","Transaction":"503"} | ret=SUCCESS |  
2025-10-16 19:48:41,999 | INFO  | OMAudit | user=runner | ip=127.0.0.1 | op=READ_VOLUME {"volume":"0c61ff71-138a-4b72-b51d-d234b8bc6797"} | ret=SUCCESS |  
2025-10-16 19:48:42,000 | INFO  | OMAudit | user=runner | ip=127.0.0.1 | op=READ_BUCKET {"volume":"0c61ff71-138a-4b72-b51d-d234b8bc6797","bucket":"d0ca260e-8abf-4bb3-9bb7-dfde30a9d091"} | ret=SUCCESS |  
2025-10-16 19:48:42,002 | INFO  | OMAudit | user=runner | ip=127.0.0.1 | op=CREATE_DIRECTORY {"volume":"0c61ff71-138a-4b72-b51d-d234b8bc6797","bucket":"d0ca260e-8abf-4bb3-9bb7-dfde30a9d091","key":"ae24b0c7-89b3-45b7-84fc-b0569adc9445","dataSize":"0","Transaction":"504"} | ret=SUCCESS |  
2025-10-16 19:48:42,003 | INFO  | OMAudit | user=runner | ip=127.0.0.1 | op=READ_VOLUME {"volume":"0c61ff71-138a-4b72-b51d-d234b8bc6797"} | ret=SUCCESS |  
2025-10-16 19:48:42,004 | INFO  | OMAudit | user=runner | ip=127.0.0.1 | op=READ_BUCKET {"volume":"0c61ff71-138a-4b72-b51d-d234b8bc6797","bucket":"d0ca260e-8abf-4bb3-9bb7-dfde30a9d091"} | ret=SUCCESS |  
2025-10-16 19:48:42,092 | INFO  | OMAudit | user=runner | ip=127.0.0.1 | op=GET_SERVICE_LIST {} | ret=SUCCESS |  
2025-10-16 19:48:42,094 | INFO  | OMAudit | user=runner | ip=127.0.0.1 | op=READ_VOLUME {"volume":"0c61ff71-138a-4b72-b51d-d234b8bc6797"} | ret=SUCCESS |  
2025-10-16 19:48:42,095 | INFO  | OMAudit | user=runner | ip=127.0.0.1 | op=READ_BUCKET {"volume":"0c61ff71-138a-4b72-b51d-d234b8bc6797","bucket":"d0ca260e-8abf-4bb3-9bb7-dfde30a9d091"} | ret=SUCCESS |  
2025-10-16 19:48:42,104 | INFO  | OMAudit | user=runner | ip=127.0.0.1 | op=GET_FILE_STATUS {"volume":"0c61ff71-138a-4b72-b51d-d234b8bc6797","bucket":"d0ca260e-8abf-4bb3-9bb7-dfde30a9d091","key":"e95d2190-0769-45d6-81a4-d79a16ec2463","owner":null,"dataSize":"0","replicationConfig":null} | ret=SUCCESS |  
2025-10-16 19:48:42,113 | INFO  | OMAudit | user=runner | ip=127.0.0.1 | op=GET_FILE_STATUS {"volume":"0c61ff71-138a-4b72-b51d-d234b8bc6797","bucket":"d0ca260e-8abf-4bb3-9bb7-dfde30a9d091","key":"e95d2190-0769-45d6-81a4-d79a16ec2463","owner":null,"dataSize":"0","replicationConfig":null} | ret=SUCCESS |  
2025-10-16 19:48:42,166 | INFO  | OMAudit | user=runner | ip=127.0.0.1 | op=LIST_KEYS {"volume":"0c61ff71-138a-4b72-b51d-d234b8bc6797","bucket":"d0ca260e-8abf-4bb3-9bb7-dfde30a9d091","startKey":"","maxKeys":"1000","keyPrefix":"e95d2190-0769-45d6-81a4-d79a16ec2463/"} | ret=SUCCESS |  
2025-10-16 19:48:42,171 | INFO  | SCMAudit | user=runner | ip=127.0.0.1 | op=SEND_HEARTBEAT {"datanodeUUID":"c0724e9c-0dd4-4d47-992c-7bfe285fdd38","term":"2","command":"[]"} | ret=SUCCESS |  
2025-10-16 19:48:42,173 | INFO  | SCMAudit | user=runner | ip=127.0.0.1 | op=SEND_HEARTBEAT {"datanodeUUID":"e33e6ec4-6b66-4281-bedd-2bd75bd30070","term":"2","command":"[]"} | ret=SUCCESS |  
2025-10-16 19:48:42,182 | INFO  | SCMAudit | user=runner | ip=127.0.0.1 | op=SEND_HEARTBEAT {"datanodeUUID":"8a3c3252-9afe-4d3a-8492-25be6557678a","term":"2","command":"[]"} | ret=SUCCESS |  
2025-10-16 19:48:42,183 | INFO  | SCMAudit | user=runner | ip=127.0.0.1 | op=SEND_HEARTBEAT {"datanodeUUID":"8a0fa2ff-b550-4652-b2fe-0cf91cd4a157","term":"2","command":"[]"} | ret=SUCCESS |  
2025-10-16 19:48:42,183 | INFO  | SCMAudit | user=runner | ip=127.0.0.1 | op=SEND_HEARTBEAT {"datanodeUUID":"58cff6b7-b2a7-446b-a75a-bb98ad6b11b8","term":"2","command":"[]"} | ret=SUCCESS |  
2025-10-16 19:48:42,194 | INFO  | SCMAudit | user=runner | ip=127.0.0.1 | op=SEND_HEARTBEAT {"datanodeUUID":"0428ab3f-efd5-438e-ae11-9ec242443260","term":"2","command":"[]"} | ret=SUCCESS |  
2025-10-16 19:48:42,195 | INFO  | SCMAudit | user=runner | ip=127.0.0.1 | op=SEND_HEARTBEAT {"datanodeUUID":"aa213937-adc5-47da-a770-0ee1e4664344","term":"2","command":"[]"} | ret=SUCCESS |  
2025-10-16 19:48:42,195 | INFO  | OMAudit | user=runner | ip=127.0.0.1 | op=LIST_STATUS {"volume":"0c61ff71-138a-4b72-b51d-d234b8bc6797","bucket":"d0ca260e-8abf-4bb3-9bb7-dfde30a9d091","key":"e95d2190-0769-45d6-81a4-d79a16ec2463","owner":null,"dataSize":"0","replicationConfig":null} | ret=SUCCESS |  
2025-10-16 19:48:42,204 | INFO  | SCMAudit | user=runner | ip=127.0.0.1 | op=SEND_HEARTBEAT {"datanodeUUID":"e072d245-7694-4d97-8e20-c503ebf8c2fe","term":"2","command":"[]"} | ret=SUCCESS |  
2025-10-16 19:48:42,207 | INFO  | OMAudit | user=runner | ip=127.0.0.1 | op=LIST_KEYS {"volume":"0c61ff71-138a-4b72-b51d-d234b8bc6797","bucket":"d0ca260e-8abf-4bb3-9bb7-dfde30a9d091","startKey":"e95d2190-0769-45d6-81a4-d79a16ec2463/","maxKeys":"1000","keyPrefix":"e95d2190-0769-45d6-81a4-d79a16ec2463/"} | ret=SUCCESS |  
2025-10-16 19:48:42,210 | INFO  | OMAudit | user=runner | ip=127.0.0.1 | op=DELETE_KEYS {"volume":"0c61ff71-138a-4b72-b51d-d234b8bc6797","bucket":"d0ca260e-8abf-4bb3-9bb7-dfde30a9d091","deletedKeysList":"{key=e95d2190-0769-45d6-81a4-d79a16ec2463/, dataSize=0, replicationConfig=RATIS/THREE}","unDeletedKeysList":"","Transaction":"505"} | ret=SUCCESS |  
2025-10-16 19:48:42,212 | INFO  | OMAudit | user=runner | ip=127.0.0.1 | op=READ_VOLUME {"volume":"0c61ff71-138a-4b72-b51d-d234b8bc6797"} | ret=SUCCESS |  
2025-10-16 19:48:42,213 | INFO  | OMAudit | user=runner | ip=127.0.0.1 | op=READ_BUCKET {"volume":"0c61ff71-138a-4b72-b51d-d234b8bc6797","bucket":"d0ca260e-8abf-4bb3-9bb7-dfde30a9d091"} | ret=SUCCESS |  
2025-10-16 19:48:42,216 | INFO  | OMAudit | user=runner | ip=127.0.0.1 | op=GET_FILE_STATUS {"volume":"0c61ff71-138a-4b72-b51d-d234b8bc6797","bucket":"d0ca260e-8abf-4bb3-9bb7-dfde30a9d091","key":"ae24b0c7-89b3-45b7-84fc-b0569adc9445","owner":null,"dataSize":"0","replicationConfig":null} | ret=SUCCESS |  
2025-10-16 19:48:42,217 | INFO  | OMAudit | user=runner | ip=127.0.0.1 | op=GET_FILE_STATUS {"volume":"0c61ff71-138a-4b72-b51d-d234b8bc6797","bucket":"d0ca260e-8abf-4bb3-9bb7-dfde30a9d091","key":"ae24b0c7-89b3-45b7-84fc-b0569adc9445","owner":null,"dataSize":"0","replicationConfig":null} | ret=SUCCESS |  
2025-10-16 19:48:42,220 | INFO  | OMAudit | user=runner | ip=127.0.0.1 | op=LIST_KEYS {"volume":"0c61ff71-138a-4b72-b51d-d234b8bc6797","bucket":"d0ca260e-8abf-4bb3-9bb7-dfde30a9d091","startKey":"","maxKeys":"1000","keyPrefix":"ae24b0c7-89b3-45b7-84fc-b0569adc9445/"} | ret=SUCCESS |  
2025-10-16 19:48:42,223 | INFO  | OMAudit | user=runner | ip=127.0.0.1 | op=LIST_STATUS {"volume":"0c61ff71-138a-4b72-b51d-d234b8bc6797","bucket":"d0ca260e-8abf-4bb3-9bb7-dfde30a9d091","key":"ae24b0c7-89b3-45b7-84fc-b0569adc9445","owner":null,"dataSize":"0","replicationConfig":null} | ret=SUCCESS |  
2025-10-16 19:48:42,224 | INFO  | OMAudit | user=runner | ip=127.0.0.1 | op=LIST_KEYS {"volume":"0c61ff71-138a-4b72-b51d-d234b8bc6797","bucket":"d0ca260e-8abf-4bb3-9bb7-dfde30a9d091","startKey":"ae24b0c7-89b3-45b7-84fc-b0569adc9445/","maxKeys":"1000","keyPrefix":"ae24b0c7-89b3-45b7-84fc-b0569adc9445/"} | ret=SUCCESS |  
2025-10-16 19:48:42,227 | INFO  | OMAudit | user=runner | ip=127.0.0.1 | op=DELETE_KEYS {"volume":"0c61ff71-138a-4b72-b51d-d234b8bc6797","bucket":"d0ca260e-8abf-4bb3-9bb7-dfde30a9d091","deletedKeysList":"{key=ae24b0c7-89b3-45b7-84fc-b0569adc9445/, dataSize=0, replicationConfig=RATIS/THREE}","unDeletedKeysList":"","Transaction":"506"} | ret=SUCCESS |  
2025-10-16 19:48:42,229 | INFO  | OMAudit | user=runner | ip=127.0.0.1 | op=READ_VOLUME {"volume":"0c61ff71-138a-4b72-b51d-d234b8bc6797"} | ret=SUCCESS |  
2025-10-16 19:48:42,230 | INFO  | OMAudit | user=runner | ip=127.0.0.1 | op=READ_BUCKET {"volume":"0c61ff71-138a-4b72-b51d-d234b8bc6797","bucket":"d0ca260e-8abf-4bb3-9bb7-dfde30a9d091"} | ret=SUCCESS |  
2025-10-16 19:48:42,234 | INFO  | OMAudit | user=runner | ip=127.0.0.1 | op=CREATE_DIRECTORY {"volume":"0c61ff71-138a-4b72-b51d-d234b8bc6797","bucket":"d0ca260e-8abf-4bb3-9bb7-dfde30a9d091","key":"dir1/dir2/dir3/dir4","dataSize":"0","Transaction":"507"} | ret=SUCCESS |  
2025-10-16 19:48:42,237 | INFO  | OMAudit | user=runner | ip=127.0.0.1 | op=READ_VOLUME {"volume":"0c61ff71-138a-4b72-b51d-d234b8bc6797"} | ret=SUCCESS |  
2025-10-16 19:48:42,238 | INFO  | OMAudit | user=runner | ip=127.0.0.1 | op=READ_BUCKET {"volume":"0c61ff71-138a-4b72-b51d-d234b8bc6797","bucket":"d0ca260e-8abf-4bb3-9bb7-dfde30a9d091"} | ret=SUCCESS |  
]]></system-out>
  </testcase>
  <testcase name="testBucketUsedNamespace(BucketLayout, boolean)[4]" classname="org.apache.hadoop.ozone.client.rpc.TestSecureOzoneRpcClient" time="3.156">
    <system-out><![CDATA[2025-10-16 19:48:42,242 [ForkJoinPool-1-worker-1] INFO  rpc.RpcClient (RpcClient.java:createVolume(461)) - Creating Volume: 5c44aad8-81a0-42ee-b689-aa1540fef31f, with runner as owner and space quota set to -1 bytes, counts quota set to -1
2025-10-16 19:48:42,245 [om1-OMStateMachineApplyTransactionThread - 0] INFO  volume.OMVolumeCreateRequest (OMVolumeCreateRequest.java:validateAndUpdateCache(213)) - created volume:5c44aad8-81a0-42ee-b689-aa1540fef31f for user:runner
2025-10-16 19:48:42,245 | INFO  | OMAudit | user=runner | ip=127.0.0.1 | op=CREATE_VOLUME {"admin":"runner","owner":"runner","volume":"5c44aad8-81a0-42ee-b689-aa1540fef31f","creationTime":"1760644122243","modificationTime":"1760644122243","quotaInBytes":"-1","quotaInNamespace":"-1","usedNamespace":"0","objectID":"-9223372036854645760","updateID":"508","Transaction":"508"} | ret=SUCCESS |  
2025-10-16 19:48:42,247 | INFO  | OMAudit | user=runner | ip=127.0.0.1 | op=READ_VOLUME {"volume":"5c44aad8-81a0-42ee-b689-aa1540fef31f"} | ret=SUCCESS |  
2025-10-16 19:48:42,247 [ForkJoinPool-1-worker-1] INFO  rpc.RpcClient (RpcClient.java:createBucket(686)) - Creating Bucket: 5c44aad8-81a0-42ee-b689-aa1540fef31f/e54f5dec-ecc6-4917-bdbe-0718b3b3a36a, with bucket layout LEGACY, runner as owner, Versioning false, Storage Type set to DISK and Encryption set to false, Replication Type set to server-side default replication type, Namespace Quota set to -1, Space Quota set to -1 
2025-10-16 19:48:42,249 [om1-OMStateMachineApplyTransactionThread - 0] INFO  bucket.OMBucketCreateRequest (OMBucketCreateRequest.java:validateAndUpdateCache(303)) - created bucket: e54f5dec-ecc6-4917-bdbe-0718b3b3a36a of layout LEGACY in volume: 5c44aad8-81a0-42ee-b689-aa1540fef31f
2025-10-16 19:48:42,249 | INFO  | OMAudit | user=runner | ip=127.0.0.1 | op=CREATE_BUCKET {"volume":"5c44aad8-81a0-42ee-b689-aa1540fef31f","bucket":"e54f5dec-ecc6-4917-bdbe-0718b3b3a36a","bucketLayout":"LEGACY","gdprEnabled":null,"acls":"[user:runner:a[ACCESS], group:runner:rl[ACCESS]]","isVersionEnabled":"false","storageType":"DISK","creationTime":"1760644122248","bucketEncryptionKey":null,"modificationTime":"1760644122248","usedBytes":"0","usedNamespace":"0","snapshotUsedBytes":"0","snapshotUsedNamespace":"0","owner":"runner","replicationType":null,"replicationConfig":null,"quotaInBytes":"-1","quotaInNamespace":"-1","Transaction":"509"} | ret=SUCCESS |  
2025-10-16 19:48:42,251 | INFO  | OMAudit | user=runner | ip=127.0.0.1 | op=READ_BUCKET {"volume":"5c44aad8-81a0-42ee-b689-aa1540fef31f","bucket":"e54f5dec-ecc6-4917-bdbe-0718b3b3a36a"} | ret=SUCCESS |  
2025-10-16 19:48:42,253 | INFO  | OMAudit | user=runner | ip=127.0.0.1 | op=READ_BUCKET {"volume":"5c44aad8-81a0-42ee-b689-aa1540fef31f","bucket":"e54f5dec-ecc6-4917-bdbe-0718b3b3a36a"} | ret=SUCCESS |  
2025-10-16 19:48:42,254 | INFO  | SCMAudit | user=runner | ip=127.0.0.1 | op=ALLOCATE_BLOCK {"replication":"RATIS/ONE","owner":"omServiceIdDefault","size":"4194304","sampleBlocks":"[conID: 27 locID: 115816896921600160]","num":"1","client":"","allocated":"1"} | ret=SUCCESS |  
2025-10-16 19:48:42,256 | INFO  | OMAudit | user=runner | ip=127.0.0.1 | op=ALLOCATE_KEY {"volume":"5c44aad8-81a0-42ee-b689-aa1540fef31f","bucket":"e54f5dec-ecc6-4917-bdbe-0718b3b3a36a","key":"e9d3f72d-a2c6-45a6-8aa2-92f972d74266","dataSize":"12","replicationType":"RATIS","replicationFactor":"ONE","Transaction":"510"} | ret=SUCCESS |  
2025-10-16 19:48:42,264 | INFO  | OMAudit | user=runner | ip=127.0.0.1 | op=COMMIT_KEY {"volume":"5c44aad8-81a0-42ee-b689-aa1540fef31f","bucket":"e54f5dec-ecc6-4917-bdbe-0718b3b3a36a","key":"e9d3f72d-a2c6-45a6-8aa2-92f972d74266","dataSize":"12","replicationType":"RATIS","replicationFactor":"ONE","Transaction":"511"} | ret=SUCCESS |  
2025-10-16 19:48:42,266 | INFO  | OMAudit | user=runner | ip=127.0.0.1 | op=READ_VOLUME {"volume":"5c44aad8-81a0-42ee-b689-aa1540fef31f"} | ret=SUCCESS |  
2025-10-16 19:48:42,267 | INFO  | OMAudit | user=runner | ip=127.0.0.1 | op=READ_BUCKET {"volume":"5c44aad8-81a0-42ee-b689-aa1540fef31f","bucket":"e54f5dec-ecc6-4917-bdbe-0718b3b3a36a"} | ret=SUCCESS |  
2025-10-16 19:48:42,268 | INFO  | OMAudit | user=runner | ip=127.0.0.1 | op=READ_BUCKET {"volume":"5c44aad8-81a0-42ee-b689-aa1540fef31f","bucket":"e54f5dec-ecc6-4917-bdbe-0718b3b3a36a"} | ret=SUCCESS |  
2025-10-16 19:48:42,269 | INFO  | SCMAudit | user=runner | ip=127.0.0.1 | op=ALLOCATE_BLOCK {"replication":"RATIS/ONE","owner":"omServiceIdDefault","size":"4194304","sampleBlocks":"[conID: 4 locID: 115816896921600161]","num":"1","client":"","allocated":"1"} | ret=SUCCESS |  
2025-10-16 19:48:42,272 | INFO  | OMAudit | user=runner | ip=127.0.0.1 | op=ALLOCATE_KEY {"volume":"5c44aad8-81a0-42ee-b689-aa1540fef31f","bucket":"e54f5dec-ecc6-4917-bdbe-0718b3b3a36a","key":"e9d3f72d-a2c6-45a6-8aa2-92f972d74266","dataSize":"12","replicationType":"RATIS","replicationFactor":"ONE","Transaction":"512"} | ret=SUCCESS |  
2025-10-16 19:48:42,310 | INFO  | OMAudit | user=runner | ip=127.0.0.1 | op=COMMIT_KEY {"volume":"5c44aad8-81a0-42ee-b689-aa1540fef31f","bucket":"e54f5dec-ecc6-4917-bdbe-0718b3b3a36a","key":"e9d3f72d-a2c6-45a6-8aa2-92f972d74266","dataSize":"12","replicationType":"RATIS","replicationFactor":"ONE","Transaction":"513"} | ret=SUCCESS |  
2025-10-16 19:48:42,317 | INFO  | OMAudit | user=runner | ip=127.0.0.1 | op=READ_VOLUME {"volume":"5c44aad8-81a0-42ee-b689-aa1540fef31f"} | ret=SUCCESS |  
2025-10-16 19:48:42,319 | INFO  | OMAudit | user=runner | ip=127.0.0.1 | op=READ_BUCKET {"volume":"5c44aad8-81a0-42ee-b689-aa1540fef31f","bucket":"e54f5dec-ecc6-4917-bdbe-0718b3b3a36a"} | ret=SUCCESS |  
2025-10-16 19:48:42,329 | INFO  | SCMAudit | user=runner | ip=127.0.0.1 | op=SEND_HEARTBEAT {"datanodeUUID":"76d4ba71-5bbb-4b24-8f51-8bc7f78aaca4","term":"2","command":"[]"} | ret=SUCCESS |  
2025-10-16 19:48:42,331 | INFO  | SCMAudit | user=runner | ip=127.0.0.1 | op=SEND_HEARTBEAT {"datanodeUUID":"764b18f0-81c5-439a-9fff-25adc4f241fa","term":"2","command":"[]"} | ret=SUCCESS |  
2025-10-16 19:48:42,383 [om1-KeyDeletingService#7] INFO  service.KeyDeletingService (KeyDeletingService.java:processKeyDeletes(151)) - Send 1 key(s) to SCM, first 1 keys: [PurgedKey{blockGroup=BlockGroup[groupID='/5c44aad8-81a0-42ee-b689-aa1540fef31f/e54f5dec-ecc6-4917-bdbe-0718b3b3a36a/e9d3f72d-a2c6-45a6-8aa2-92f972d74266/-9223372036854644480/0', blockIDs=[conID: 27 locID: 115816896921600160 bcsId: 0 replicaIndex: null]], volume='5c44aad8-81a0-42ee-b689-aa1540fef31f', bucket='e54f5dec-ecc6-4917-bdbe-0718b3b3a36a', bucketId=-9223372036854645504, purgedBytes=12, isCommittedKey=true, deleteKeyName='/5c44aad8-81a0-42ee-b689-aa1540fef31f/e54f5dec-ecc6-4917-bdbe-0718b3b3a36a/e9d3f72d-a2c6-45a6-8aa2-92f972d74266/-9223372036854644480'}]
2025-10-16 19:48:42,386 | INFO  | SCMAudit | user=runner | ip=127.0.0.1 | op=DELETE_KEY_BLOCK {"KeyBlockToDelete":"[BlockGroup[groupID='/5c44aad8-81a0-42ee-b689-aa1540fef31f/e54f5dec-ecc6-4917-bdbe-0718b3b3a36a/e9d3f72d-a2c6-45a6-8aa2-92f972d74266/-9223372036854644480/0', blockIDs=[conID: 27 locID: 115816896921600160 bcsId: 0 replicaIndex: null]]]"} | ret=SUCCESS |  
2025-10-16 19:48:42,386 [om1-KeyDeletingService#7] INFO  service.KeyDeletingService (KeyDeletingService.java:processKeyDeletes(158)) - 1 BlockGroup deletion are acked by SCM in 2 ms
2025-10-16 19:48:42,388 [om1-KeyDeletingService#7] INFO  service.KeyDeletingService (KeyDeletingService.java:processKeyDeletes(166)) - Blocks for 1 (out of 1) keys are deleted from DB in 2 ms. Limit per task is 50000.
2025-10-16 19:48:42,650 | INFO  | SCMAudit | user=runner | ip=127.0.0.1 | op=SEND_HEARTBEAT {"datanodeUUID":"0e8b6cc7-9945-4141-97fc-6aa017a0d5fa","term":"2","command":"[]"} | ret=SUCCESS |  
2025-10-16 19:48:42,726 | INFO  | SCMAudit | user=runner | ip=127.0.0.1 | op=SEND_HEARTBEAT {"datanodeUUID":"757ca056-973f-4f05-ab2d-6aff6c54d452","term":"2","command":"[]"} | ret=SUCCESS |  
2025-10-16 19:48:42,749 | INFO  | SCMAudit | user=runner | ip=127.0.0.1 | op=SEND_HEARTBEAT {"datanodeUUID":"702cb173-5c73-4ecc-b5cd-c7b4a6b66aea","term":"2","command":"[]"} | ret=SUCCESS |  
2025-10-16 19:48:42,934 | INFO  | SCMAudit | user=runner | ip=127.0.0.1 | op=SEND_HEARTBEAT {"datanodeUUID":"f700af26-0e26-4136-9205-9509c82c8c70","term":"2","command":"[]"} | ret=SUCCESS |  
2025-10-16 19:48:43,110 | INFO  | SCMAudit | user=runner | ip=127.0.0.1 | op=SEND_HEARTBEAT {"datanodeUUID":"8a3c3252-9afe-4d3a-8492-25be6557678a","term":"2","command":"[]"} | ret=SUCCESS |  
2025-10-16 19:48:43,110 | INFO  | SCMAudit | user=runner | ip=127.0.0.1 | op=SEND_HEARTBEAT {"datanodeUUID":"c0724e9c-0dd4-4d47-992c-7bfe285fdd38","term":"2","command":"[]"} | ret=SUCCESS |  
2025-10-16 19:48:43,110 | INFO  | SCMAudit | user=runner | ip=127.0.0.1 | op=SEND_HEARTBEAT {"datanodeUUID":"e33e6ec4-6b66-4281-bedd-2bd75bd30070","term":"2","command":"[]"} | ret=SUCCESS |  
2025-10-16 19:48:43,115 | INFO  | SCMAudit | user=runner | ip=127.0.0.1 | op=SEND_HEARTBEAT {"datanodeUUID":"8a0fa2ff-b550-4652-b2fe-0cf91cd4a157","term":"2","command":"[]"} | ret=SUCCESS |  
2025-10-16 19:48:43,123 | INFO  | SCMAudit | user=runner | ip=127.0.0.1 | op=SEND_HEARTBEAT {"datanodeUUID":"aa213937-adc5-47da-a770-0ee1e4664344","term":"2","command":"[]"} | ret=SUCCESS |  
2025-10-16 19:48:43,128 | INFO  | SCMAudit | user=runner | ip=127.0.0.1 | op=SEND_HEARTBEAT {"datanodeUUID":"58cff6b7-b2a7-446b-a75a-bb98ad6b11b8","term":"2","command":"[]"} | ret=SUCCESS |  
2025-10-16 19:48:43,132 | INFO  | SCMAudit | user=runner | ip=127.0.0.1 | op=SEND_HEARTBEAT {"datanodeUUID":"e072d245-7694-4d97-8e20-c503ebf8c2fe","term":"2","command":"[]"} | ret=SUCCESS |  
2025-10-16 19:48:43,134 | INFO  | SCMAudit | user=runner | ip=127.0.0.1 | op=SEND_HEARTBEAT {"datanodeUUID":"0428ab3f-efd5-438e-ae11-9ec242443260","term":"2","command":"[]"} | ret=SUCCESS |  
2025-10-16 19:48:43,304 | INFO  | SCMAudit | user=runner | ip=127.0.0.1 | op=SEND_HEARTBEAT {"datanodeUUID":"76d4ba71-5bbb-4b24-8f51-8bc7f78aaca4","term":"2","command":"[]"} | ret=SUCCESS |  
2025-10-16 19:48:43,309 | INFO  | SCMAudit | user=runner | ip=127.0.0.1 | op=SEND_HEARTBEAT {"datanodeUUID":"764b18f0-81c5-439a-9fff-25adc4f241fa","term":"2","command":"[]"} | ret=SUCCESS |  
2025-10-16 19:48:43,322 | INFO  | OMAudit | user=runner | ip=127.0.0.1 | op=READ_VOLUME {"volume":"5c44aad8-81a0-42ee-b689-aa1540fef31f"} | ret=SUCCESS |  
2025-10-16 19:48:43,323 | INFO  | OMAudit | user=runner | ip=127.0.0.1 | op=READ_BUCKET {"volume":"5c44aad8-81a0-42ee-b689-aa1540fef31f","bucket":"e54f5dec-ecc6-4917-bdbe-0718b3b3a36a"} | ret=SUCCESS |  
2025-10-16 19:48:43,324 | INFO  | OMAudit | user=runner | ip=127.0.0.1 | op=READ_BUCKET {"volume":"5c44aad8-81a0-42ee-b689-aa1540fef31f","bucket":"e54f5dec-ecc6-4917-bdbe-0718b3b3a36a"} | ret=SUCCESS |  
2025-10-16 19:48:43,325 | INFO  | SCMAudit | user=runner | ip=127.0.0.1 | op=ALLOCATE_BLOCK {"replication":"RATIS/ONE","owner":"omServiceIdDefault","size":"4194304","sampleBlocks":"[conID: 3 locID: 115816896921600162]","num":"1","client":"","allocated":"1"} | ret=SUCCESS |  
2025-10-16 19:48:43,328 | INFO  | OMAudit | user=runner | ip=127.0.0.1 | op=ALLOCATE_KEY {"volume":"5c44aad8-81a0-42ee-b689-aa1540fef31f","bucket":"e54f5dec-ecc6-4917-bdbe-0718b3b3a36a","key":"fd8733f1-20ac-4f34-bc7b-1514762008c9","dataSize":"12","replicationType":"RATIS","replicationFactor":"ONE","Transaction":"515"} | ret=SUCCESS |  
2025-10-16 19:48:43,340 | INFO  | OMAudit | user=runner | ip=127.0.0.1 | op=COMMIT_KEY {"volume":"5c44aad8-81a0-42ee-b689-aa1540fef31f","bucket":"e54f5dec-ecc6-4917-bdbe-0718b3b3a36a","key":"fd8733f1-20ac-4f34-bc7b-1514762008c9","dataSize":"12","replicationType":"RATIS","replicationFactor":"ONE","Transaction":"516"} | ret=SUCCESS |  
2025-10-16 19:48:43,342 | INFO  | OMAudit | user=runner | ip=127.0.0.1 | op=READ_VOLUME {"volume":"5c44aad8-81a0-42ee-b689-aa1540fef31f"} | ret=SUCCESS |  
2025-10-16 19:48:43,343 | INFO  | OMAudit | user=runner | ip=127.0.0.1 | op=READ_BUCKET {"volume":"5c44aad8-81a0-42ee-b689-aa1540fef31f","bucket":"e54f5dec-ecc6-4917-bdbe-0718b3b3a36a"} | ret=SUCCESS |  
2025-10-16 19:48:43,345 | INFO  | OMAudit | user=runner | ip=127.0.0.1 | op=DELETE_KEY {"volume":"5c44aad8-81a0-42ee-b689-aa1540fef31f","bucket":"e54f5dec-ecc6-4917-bdbe-0718b3b3a36a","key":"e9d3f72d-a2c6-45a6-8aa2-92f972d74266","dataSize":"12","replicationConfig":"RATIS/ONE","Transaction":"517"} | ret=SUCCESS |  
2025-10-16 19:48:43,346 | INFO  | OMAudit | user=runner | ip=127.0.0.1 | op=READ_VOLUME {"volume":"5c44aad8-81a0-42ee-b689-aa1540fef31f"} | ret=SUCCESS |  
2025-10-16 19:48:43,347 | INFO  | OMAudit | user=runner | ip=127.0.0.1 | op=READ_BUCKET {"volume":"5c44aad8-81a0-42ee-b689-aa1540fef31f","bucket":"e54f5dec-ecc6-4917-bdbe-0718b3b3a36a"} | ret=SUCCESS |  
2025-10-16 19:48:43,384 [om1-KeyDeletingService#9] INFO  service.KeyDeletingService (KeyDeletingService.java:processKeyDeletes(151)) - Send 1 key(s) to SCM, first 1 keys: [PurgedKey{blockGroup=BlockGroup[groupID='/5c44aad8-81a0-42ee-b689-aa1540fef31f/e54f5dec-ecc6-4917-bdbe-0718b3b3a36a/e9d3f72d-a2c6-45a6-8aa2-92f972d74266/-9223372036854645248/0', blockIDs=[conID: 4 locID: 115816896921600161 bcsId: 0 replicaIndex: null]], volume='5c44aad8-81a0-42ee-b689-aa1540fef31f', bucket='e54f5dec-ecc6-4917-bdbe-0718b3b3a36a', bucketId=-9223372036854645504, purgedBytes=12, isCommittedKey=true, deleteKeyName='/5c44aad8-81a0-42ee-b689-aa1540fef31f/e54f5dec-ecc6-4917-bdbe-0718b3b3a36a/e9d3f72d-a2c6-45a6-8aa2-92f972d74266/-9223372036854645248'}]
2025-10-16 19:48:43,386 | INFO  | SCMAudit | user=runner | ip=127.0.0.1 | op=DELETE_KEY_BLOCK {"KeyBlockToDelete":"[BlockGroup[groupID='/5c44aad8-81a0-42ee-b689-aa1540fef31f/e54f5dec-ecc6-4917-bdbe-0718b3b3a36a/e9d3f72d-a2c6-45a6-8aa2-92f972d74266/-9223372036854645248/0', blockIDs=[conID: 4 locID: 115816896921600161 bcsId: 0 replicaIndex: null]]]"} | ret=SUCCESS |  
2025-10-16 19:48:43,386 [om1-KeyDeletingService#9] INFO  service.KeyDeletingService (KeyDeletingService.java:processKeyDeletes(158)) - 1 BlockGroup deletion are acked by SCM in 2 ms
2025-10-16 19:48:43,387 [om1-KeyDeletingService#9] INFO  service.KeyDeletingService (KeyDeletingService.java:processKeyDeletes(166)) - Blocks for 1 (out of 1) keys are deleted from DB in 2 ms. Limit per task is 50000.
2025-10-16 19:48:43,636 | INFO  | SCMAudit | user=runner | ip=127.0.0.1 | op=SEND_HEARTBEAT {"datanodeUUID":"0e8b6cc7-9945-4141-97fc-6aa017a0d5fa","term":"2","command":"[]"} | ret=SUCCESS |  
2025-10-16 19:48:43,711 | INFO  | SCMAudit | user=runner | ip=127.0.0.1 | op=SEND_HEARTBEAT {"datanodeUUID":"757ca056-973f-4f05-ab2d-6aff6c54d452","term":"2","command":"[]"} | ret=SUCCESS |  
2025-10-16 19:48:43,734 | INFO  | SCMAudit | user=runner | ip=127.0.0.1 | op=SEND_HEARTBEAT {"datanodeUUID":"702cb173-5c73-4ecc-b5cd-c7b4a6b66aea","term":"2","command":"[]"} | ret=SUCCESS |  
2025-10-16 19:48:43,917 | INFO  | SCMAudit | user=runner | ip=127.0.0.1 | op=SEND_HEARTBEAT {"datanodeUUID":"f700af26-0e26-4136-9205-9509c82c8c70","term":"2","command":"[]"} | ret=SUCCESS |  
2025-10-16 19:48:44,110 | INFO  | SCMAudit | user=runner | ip=127.0.0.1 | op=SEND_HEARTBEAT {"datanodeUUID":"8a3c3252-9afe-4d3a-8492-25be6557678a","term":"2","command":"[]"} | ret=SUCCESS |  
2025-10-16 19:48:44,111 | INFO  | SCMAudit | user=runner | ip=127.0.0.1 | op=SEND_HEARTBEAT {"datanodeUUID":"c0724e9c-0dd4-4d47-992c-7bfe285fdd38","term":"2","command":"[]"} | ret=SUCCESS |  
2025-10-16 19:48:44,111 | INFO  | SCMAudit | user=runner | ip=127.0.0.1 | op=SEND_HEARTBEAT {"datanodeUUID":"e33e6ec4-6b66-4281-bedd-2bd75bd30070","term":"2","command":"[]"} | ret=SUCCESS |  
2025-10-16 19:48:44,115 | INFO  | SCMAudit | user=runner | ip=127.0.0.1 | op=SEND_HEARTBEAT {"datanodeUUID":"8a0fa2ff-b550-4652-b2fe-0cf91cd4a157","term":"2","command":"[]"} | ret=SUCCESS |  
2025-10-16 19:48:44,124 | INFO  | SCMAudit | user=runner | ip=127.0.0.1 | op=SEND_HEARTBEAT {"datanodeUUID":"aa213937-adc5-47da-a770-0ee1e4664344","term":"2","command":"[]"} | ret=SUCCESS |  
2025-10-16 19:48:44,129 | INFO  | SCMAudit | user=runner | ip=127.0.0.1 | op=SEND_HEARTBEAT {"datanodeUUID":"58cff6b7-b2a7-446b-a75a-bb98ad6b11b8","term":"2","command":"[]"} | ret=SUCCESS |  
2025-10-16 19:48:44,132 | INFO  | SCMAudit | user=runner | ip=127.0.0.1 | op=SEND_HEARTBEAT {"datanodeUUID":"e072d245-7694-4d97-8e20-c503ebf8c2fe","term":"2","command":"[]"} | ret=SUCCESS |  
2025-10-16 19:48:44,134 | INFO  | SCMAudit | user=runner | ip=127.0.0.1 | op=SEND_HEARTBEAT {"datanodeUUID":"0428ab3f-efd5-438e-ae11-9ec242443260","term":"2","command":"[]"} | ret=SUCCESS |  
2025-10-16 19:48:44,305 | INFO  | SCMAudit | user=runner | ip=127.0.0.1 | op=SEND_HEARTBEAT {"datanodeUUID":"76d4ba71-5bbb-4b24-8f51-8bc7f78aaca4","term":"2","command":"[]"} | ret=SUCCESS |  
2025-10-16 19:48:44,309 | INFO  | SCMAudit | user=runner | ip=127.0.0.1 | op=SEND_HEARTBEAT {"datanodeUUID":"764b18f0-81c5-439a-9fff-25adc4f241fa","term":"2","command":"[]"} | ret=SUCCESS |  
2025-10-16 19:48:44,348 | INFO  | OMAudit | user=runner | ip=127.0.0.1 | op=READ_VOLUME {"volume":"5c44aad8-81a0-42ee-b689-aa1540fef31f"} | ret=SUCCESS |  
2025-10-16 19:48:44,349 | INFO  | OMAudit | user=runner | ip=127.0.0.1 | op=READ_BUCKET {"volume":"5c44aad8-81a0-42ee-b689-aa1540fef31f","bucket":"e54f5dec-ecc6-4917-bdbe-0718b3b3a36a"} | ret=SUCCESS |  
2025-10-16 19:48:44,352 | INFO  | OMAudit | user=runner | ip=127.0.0.1 | op=DELETE_KEY {"volume":"5c44aad8-81a0-42ee-b689-aa1540fef31f","bucket":"e54f5dec-ecc6-4917-bdbe-0718b3b3a36a","key":"fd8733f1-20ac-4f34-bc7b-1514762008c9","dataSize":"12","replicationConfig":"RATIS/ONE","Transaction":"519"} | ret=SUCCESS |  
2025-10-16 19:48:44,353 | INFO  | OMAudit | user=runner | ip=127.0.0.1 | op=READ_VOLUME {"volume":"5c44aad8-81a0-42ee-b689-aa1540fef31f"} | ret=SUCCESS |  
2025-10-16 19:48:44,353 | INFO  | OMAudit | user=runner | ip=127.0.0.1 | op=READ_BUCKET {"volume":"5c44aad8-81a0-42ee-b689-aa1540fef31f","bucket":"e54f5dec-ecc6-4917-bdbe-0718b3b3a36a"} | ret=SUCCESS |  
2025-10-16 19:48:44,384 [om1-KeyDeletingService#8] INFO  service.KeyDeletingService (KeyDeletingService.java:processKeyDeletes(151)) - Send 1 key(s) to SCM, first 1 keys: [PurgedKey{blockGroup=BlockGroup[groupID='/5c44aad8-81a0-42ee-b689-aa1540fef31f/e54f5dec-ecc6-4917-bdbe-0718b3b3a36a/fd8733f1-20ac-4f34-bc7b-1514762008c9/-9223372036854643968/0', blockIDs=[conID: 3 locID: 115816896921600162 bcsId: 0 replicaIndex: null]], volume='5c44aad8-81a0-42ee-b689-aa1540fef31f', bucket='e54f5dec-ecc6-4917-bdbe-0718b3b3a36a', bucketId=-9223372036854645504, purgedBytes=12, isCommittedKey=true, deleteKeyName='/5c44aad8-81a0-42ee-b689-aa1540fef31f/e54f5dec-ecc6-4917-bdbe-0718b3b3a36a/fd8733f1-20ac-4f34-bc7b-1514762008c9/-9223372036854643968'}]
2025-10-16 19:48:44,386 | INFO  | SCMAudit | user=runner | ip=127.0.0.1 | op=DELETE_KEY_BLOCK {"KeyBlockToDelete":"[BlockGroup[groupID='/5c44aad8-81a0-42ee-b689-aa1540fef31f/e54f5dec-ecc6-4917-bdbe-0718b3b3a36a/fd8733f1-20ac-4f34-bc7b-1514762008c9/-9223372036854643968/0', blockIDs=[conID: 3 locID: 115816896921600162 bcsId: 0 replicaIndex: null]]]"} | ret=SUCCESS |  
2025-10-16 19:48:44,386 [om1-KeyDeletingService#8] INFO  service.KeyDeletingService (KeyDeletingService.java:processKeyDeletes(158)) - 1 BlockGroup deletion are acked by SCM in 3 ms
2025-10-16 19:48:44,388 [om1-KeyDeletingService#8] INFO  service.KeyDeletingService (KeyDeletingService.java:processKeyDeletes(166)) - Blocks for 1 (out of 1) keys are deleted from DB in 1 ms. Limit per task is 50000.
2025-10-16 19:48:44,635 | INFO  | SCMAudit | user=runner | ip=127.0.0.1 | op=SEND_HEARTBEAT {"datanodeUUID":"0e8b6cc7-9945-4141-97fc-6aa017a0d5fa","term":"2","command":"[]"} | ret=SUCCESS |  
2025-10-16 19:48:44,712 | INFO  | SCMAudit | user=runner | ip=127.0.0.1 | op=SEND_HEARTBEAT {"datanodeUUID":"757ca056-973f-4f05-ab2d-6aff6c54d452","term":"2","command":"[]"} | ret=SUCCESS |  
2025-10-16 19:48:44,734 | INFO  | SCMAudit | user=runner | ip=127.0.0.1 | op=SEND_HEARTBEAT {"datanodeUUID":"702cb173-5c73-4ecc-b5cd-c7b4a6b66aea","term":"2","command":"[]"} | ret=SUCCESS |  
2025-10-16 19:48:44,917 | INFO  | SCMAudit | user=runner | ip=127.0.0.1 | op=SEND_HEARTBEAT {"datanodeUUID":"f700af26-0e26-4136-9205-9509c82c8c70","term":"2","command":"[]"} | ret=SUCCESS |  
2025-10-16 19:48:45,110 | INFO  | SCMAudit | user=runner | ip=127.0.0.1 | op=SEND_HEARTBEAT {"datanodeUUID":"8a3c3252-9afe-4d3a-8492-25be6557678a","term":"2","command":"[]"} | ret=SUCCESS |  
2025-10-16 19:48:45,110 | INFO  | SCMAudit | user=runner | ip=127.0.0.1 | op=SEND_HEARTBEAT {"datanodeUUID":"e33e6ec4-6b66-4281-bedd-2bd75bd30070","term":"2","command":"[]"} | ret=SUCCESS |  
2025-10-16 19:48:45,110 | INFO  | SCMAudit | user=runner | ip=127.0.0.1 | op=SEND_HEARTBEAT {"datanodeUUID":"c0724e9c-0dd4-4d47-992c-7bfe285fdd38","term":"2","command":"[]"} | ret=SUCCESS |  
2025-10-16 19:48:45,115 | INFO  | SCMAudit | user=runner | ip=127.0.0.1 | op=SEND_HEARTBEAT {"datanodeUUID":"8a0fa2ff-b550-4652-b2fe-0cf91cd4a157","term":"2","command":"[]"} | ret=SUCCESS |  
2025-10-16 19:48:45,123 | INFO  | SCMAudit | user=runner | ip=127.0.0.1 | op=SEND_HEARTBEAT {"datanodeUUID":"aa213937-adc5-47da-a770-0ee1e4664344","term":"2","command":"[]"} | ret=SUCCESS |  
2025-10-16 19:48:45,128 | INFO  | SCMAudit | user=runner | ip=127.0.0.1 | op=SEND_HEARTBEAT {"datanodeUUID":"58cff6b7-b2a7-446b-a75a-bb98ad6b11b8","term":"2","command":"[]"} | ret=SUCCESS |  
2025-10-16 19:48:45,132 | INFO  | SCMAudit | user=runner | ip=127.0.0.1 | op=SEND_HEARTBEAT {"datanodeUUID":"e072d245-7694-4d97-8e20-c503ebf8c2fe","term":"2","command":"[]"} | ret=SUCCESS |  
2025-10-16 19:48:45,135 | INFO  | SCMAudit | user=runner | ip=127.0.0.1 | op=SEND_HEARTBEAT {"datanodeUUID":"0428ab3f-efd5-438e-ae11-9ec242443260","term":"2","command":"[]"} | ret=SUCCESS |  
2025-10-16 19:48:45,305 | INFO  | SCMAudit | user=runner | ip=127.0.0.1 | op=SEND_HEARTBEAT {"datanodeUUID":"76d4ba71-5bbb-4b24-8f51-8bc7f78aaca4","term":"2","command":"[]"} | ret=SUCCESS |  
2025-10-16 19:48:45,310 | INFO  | SCMAudit | user=runner | ip=127.0.0.1 | op=SEND_HEARTBEAT {"datanodeUUID":"764b18f0-81c5-439a-9fff-25adc4f241fa","term":"2","command":"[]"} | ret=SUCCESS |  
2025-10-16 19:48:45,354 | INFO  | OMAudit | user=runner | ip=127.0.0.1 | op=READ_VOLUME {"volume":"5c44aad8-81a0-42ee-b689-aa1540fef31f"} | ret=SUCCESS |  
2025-10-16 19:48:45,356 | INFO  | OMAudit | user=runner | ip=127.0.0.1 | op=READ_BUCKET {"volume":"5c44aad8-81a0-42ee-b689-aa1540fef31f","bucket":"e54f5dec-ecc6-4917-bdbe-0718b3b3a36a"} | ret=SUCCESS |  
2025-10-16 19:48:45,359 | INFO  | OMAudit | user=runner | ip=127.0.0.1 | op=GET_SERVICE_LIST {} | ret=SUCCESS |  
2025-10-16 19:48:45,362 | INFO  | OMAudit | user=runner | ip=127.0.0.1 | op=CREATE_DIRECTORY {"volume":"5c44aad8-81a0-42ee-b689-aa1540fef31f","bucket":"e54f5dec-ecc6-4917-bdbe-0718b3b3a36a","key":"7e644fbc-22e2-4c5c-b213-281e4f02ed61","dataSize":"0","Transaction":"521"} | ret=SUCCESS |  
2025-10-16 19:48:45,363 | INFO  | OMAudit | user=runner | ip=127.0.0.1 | op=READ_VOLUME {"volume":"5c44aad8-81a0-42ee-b689-aa1540fef31f"} | ret=SUCCESS |  
2025-10-16 19:48:45,364 | INFO  | OMAudit | user=runner | ip=127.0.0.1 | op=READ_BUCKET {"volume":"5c44aad8-81a0-42ee-b689-aa1540fef31f","bucket":"e54f5dec-ecc6-4917-bdbe-0718b3b3a36a"} | ret=SUCCESS |  
2025-10-16 19:48:45,366 | INFO  | OMAudit | user=runner | ip=127.0.0.1 | op=CREATE_DIRECTORY {"volume":"5c44aad8-81a0-42ee-b689-aa1540fef31f","bucket":"e54f5dec-ecc6-4917-bdbe-0718b3b3a36a","key":"54708bf5-7e31-4f12-805c-c526edf56c48","dataSize":"0","Transaction":"522"} | ret=SUCCESS |  
2025-10-16 19:48:45,367 | INFO  | OMAudit | user=runner | ip=127.0.0.1 | op=READ_VOLUME {"volume":"5c44aad8-81a0-42ee-b689-aa1540fef31f"} | ret=SUCCESS |  
2025-10-16 19:48:45,368 | INFO  | OMAudit | user=runner | ip=127.0.0.1 | op=READ_BUCKET {"volume":"5c44aad8-81a0-42ee-b689-aa1540fef31f","bucket":"e54f5dec-ecc6-4917-bdbe-0718b3b3a36a"} | ret=SUCCESS |  
2025-10-16 19:48:45,371 | INFO  | OMAudit | user=runner | ip=127.0.0.1 | op=GET_SERVICE_LIST {} | ret=SUCCESS |  
2025-10-16 19:48:45,372 | INFO  | OMAudit | user=runner | ip=127.0.0.1 | op=READ_VOLUME {"volume":"5c44aad8-81a0-42ee-b689-aa1540fef31f"} | ret=SUCCESS |  
2025-10-16 19:48:45,373 | INFO  | OMAudit | user=runner | ip=127.0.0.1 | op=READ_BUCKET {"volume":"5c44aad8-81a0-42ee-b689-aa1540fef31f","bucket":"e54f5dec-ecc6-4917-bdbe-0718b3b3a36a"} | ret=SUCCESS |  
2025-10-16 19:48:45,374 | INFO  | OMAudit | user=runner | ip=127.0.0.1 | op=GET_FILE_STATUS {"volume":"5c44aad8-81a0-42ee-b689-aa1540fef31f","bucket":"e54f5dec-ecc6-4917-bdbe-0718b3b3a36a","key":"7e644fbc-22e2-4c5c-b213-281e4f02ed61","owner":null,"dataSize":"0","replicationConfig":null} | ret=SUCCESS |  
2025-10-16 19:48:45,376 | INFO  | OMAudit | user=runner | ip=127.0.0.1 | op=GET_FILE_STATUS {"volume":"5c44aad8-81a0-42ee-b689-aa1540fef31f","bucket":"e54f5dec-ecc6-4917-bdbe-0718b3b3a36a","key":"7e644fbc-22e2-4c5c-b213-281e4f02ed61","owner":null,"dataSize":"0","replicationConfig":null} | ret=SUCCESS |  
2025-10-16 19:48:45,377 | INFO  | OMAudit | user=runner | ip=127.0.0.1 | op=LIST_KEYS {"volume":"5c44aad8-81a0-42ee-b689-aa1540fef31f","bucket":"e54f5dec-ecc6-4917-bdbe-0718b3b3a36a","startKey":"","maxKeys":"1000","keyPrefix":"7e644fbc-22e2-4c5c-b213-281e4f02ed61/"} | ret=SUCCESS |  
2025-10-16 19:48:45,378 | INFO  | OMAudit | user=runner | ip=127.0.0.1 | op=LIST_STATUS {"volume":"5c44aad8-81a0-42ee-b689-aa1540fef31f","bucket":"e54f5dec-ecc6-4917-bdbe-0718b3b3a36a","key":"7e644fbc-22e2-4c5c-b213-281e4f02ed61","owner":null,"dataSize":"0","replicationConfig":null} | ret=SUCCESS |  
2025-10-16 19:48:45,379 | INFO  | OMAudit | user=runner | ip=127.0.0.1 | op=LIST_KEYS {"volume":"5c44aad8-81a0-42ee-b689-aa1540fef31f","bucket":"e54f5dec-ecc6-4917-bdbe-0718b3b3a36a","startKey":"7e644fbc-22e2-4c5c-b213-281e4f02ed61/","maxKeys":"1000","keyPrefix":"7e644fbc-22e2-4c5c-b213-281e4f02ed61/"} | ret=SUCCESS |  
2025-10-16 19:48:45,381 | INFO  | OMAudit | user=runner | ip=127.0.0.1 | op=DELETE_KEYS {"volume":"5c44aad8-81a0-42ee-b689-aa1540fef31f","bucket":"e54f5dec-ecc6-4917-bdbe-0718b3b3a36a","deletedKeysList":"{key=7e644fbc-22e2-4c5c-b213-281e4f02ed61/, dataSize=0, replicationConfig=RATIS/THREE}","unDeletedKeysList":"","Transaction":"523"} | ret=SUCCESS |  
2025-10-16 19:48:45,382 | INFO  | OMAudit | user=runner | ip=127.0.0.1 | op=READ_VOLUME {"volume":"5c44aad8-81a0-42ee-b689-aa1540fef31f"} | ret=SUCCESS |  
2025-10-16 19:48:45,383 | INFO  | OMAudit | user=runner | ip=127.0.0.1 | op=READ_BUCKET {"volume":"5c44aad8-81a0-42ee-b689-aa1540fef31f","bucket":"e54f5dec-ecc6-4917-bdbe-0718b3b3a36a"} | ret=SUCCESS |  
2025-10-16 19:48:45,385 | INFO  | OMAudit | user=runner | ip=127.0.0.1 | op=GET_FILE_STATUS {"volume":"5c44aad8-81a0-42ee-b689-aa1540fef31f","bucket":"e54f5dec-ecc6-4917-bdbe-0718b3b3a36a","key":"54708bf5-7e31-4f12-805c-c526edf56c48","owner":null,"dataSize":"0","replicationConfig":null} | ret=SUCCESS |  
2025-10-16 19:48:45,386 | INFO  | OMAudit | user=runner | ip=127.0.0.1 | op=GET_FILE_STATUS {"volume":"5c44aad8-81a0-42ee-b689-aa1540fef31f","bucket":"e54f5dec-ecc6-4917-bdbe-0718b3b3a36a","key":"54708bf5-7e31-4f12-805c-c526edf56c48","owner":null,"dataSize":"0","replicationConfig":null} | ret=SUCCESS |  
2025-10-16 19:48:45,387 | INFO  | OMAudit | user=runner | ip=127.0.0.1 | op=LIST_KEYS {"volume":"5c44aad8-81a0-42ee-b689-aa1540fef31f","bucket":"e54f5dec-ecc6-4917-bdbe-0718b3b3a36a","startKey":"","maxKeys":"1000","keyPrefix":"54708bf5-7e31-4f12-805c-c526edf56c48/"} | ret=SUCCESS |  
2025-10-16 19:48:45,389 | INFO  | OMAudit | user=runner | ip=127.0.0.1 | op=LIST_STATUS {"volume":"5c44aad8-81a0-42ee-b689-aa1540fef31f","bucket":"e54f5dec-ecc6-4917-bdbe-0718b3b3a36a","key":"54708bf5-7e31-4f12-805c-c526edf56c48","owner":null,"dataSize":"0","replicationConfig":null} | ret=SUCCESS |  
2025-10-16 19:48:45,390 | INFO  | OMAudit | user=runner | ip=127.0.0.1 | op=LIST_KEYS {"volume":"5c44aad8-81a0-42ee-b689-aa1540fef31f","bucket":"e54f5dec-ecc6-4917-bdbe-0718b3b3a36a","startKey":"54708bf5-7e31-4f12-805c-c526edf56c48/","maxKeys":"1000","keyPrefix":"54708bf5-7e31-4f12-805c-c526edf56c48/"} | ret=SUCCESS |  
2025-10-16 19:48:45,392 | INFO  | OMAudit | user=runner | ip=127.0.0.1 | op=DELETE_KEYS {"volume":"5c44aad8-81a0-42ee-b689-aa1540fef31f","bucket":"e54f5dec-ecc6-4917-bdbe-0718b3b3a36a","deletedKeysList":"{key=54708bf5-7e31-4f12-805c-c526edf56c48/, dataSize=0, replicationConfig=RATIS/THREE}","unDeletedKeysList":"","Transaction":"524"} | ret=SUCCESS |  
2025-10-16 19:48:45,392 | INFO  | OMAudit | user=runner | ip=127.0.0.1 | op=READ_VOLUME {"volume":"5c44aad8-81a0-42ee-b689-aa1540fef31f"} | ret=SUCCESS |  
2025-10-16 19:48:45,393 | INFO  | OMAudit | user=runner | ip=127.0.0.1 | op=READ_BUCKET {"volume":"5c44aad8-81a0-42ee-b689-aa1540fef31f","bucket":"e54f5dec-ecc6-4917-bdbe-0718b3b3a36a"} | ret=SUCCESS |  
2025-10-16 19:48:45,395 | INFO  | OMAudit | user=runner | ip=127.0.0.1 | op=CREATE_DIRECTORY {"volume":"5c44aad8-81a0-42ee-b689-aa1540fef31f","bucket":"e54f5dec-ecc6-4917-bdbe-0718b3b3a36a","key":"dir1/dir2/dir3/dir4","dataSize":"0","Transaction":"525"} | ret=SUCCESS |  
2025-10-16 19:48:45,396 | INFO  | OMAudit | user=runner | ip=127.0.0.1 | op=READ_VOLUME {"volume":"5c44aad8-81a0-42ee-b689-aa1540fef31f"} | ret=SUCCESS |  
2025-10-16 19:48:45,397 | INFO  | OMAudit | user=runner | ip=127.0.0.1 | op=READ_BUCKET {"volume":"5c44aad8-81a0-42ee-b689-aa1540fef31f","bucket":"e54f5dec-ecc6-4917-bdbe-0718b3b3a36a"} | ret=SUCCESS |  
]]></system-out>
  </testcase>
  <testcase name="testBucketUsedNamespace(BucketLayout, boolean)[5]" classname="org.apache.hadoop.ozone.client.rpc.TestSecureOzoneRpcClient" time="3.099">
    <system-out><![CDATA[2025-10-16 19:48:45,399 [ForkJoinPool-1-worker-1] INFO  rpc.RpcClient (RpcClient.java:createVolume(461)) - Creating Volume: 8123fdc0-a22d-4c69-8319-76c34d2d3ed2, with runner as owner and space quota set to -1 bytes, counts quota set to -1
2025-10-16 19:48:45,400 [om1-OMStateMachineApplyTransactionThread - 0] INFO  volume.OMVolumeCreateRequest (OMVolumeCreateRequest.java:validateAndUpdateCache(213)) - created volume:8123fdc0-a22d-4c69-8319-76c34d2d3ed2 for user:runner
2025-10-16 19:48:45,400 | INFO  | OMAudit | user=runner | ip=127.0.0.1 | op=CREATE_VOLUME {"admin":"runner","owner":"runner","volume":"8123fdc0-a22d-4c69-8319-76c34d2d3ed2","creationTime":"1760644125399","modificationTime":"1760644125399","quotaInBytes":"-1","quotaInNamespace":"-1","usedNamespace":"0","objectID":"-9223372036854641152","updateID":"526","Transaction":"526"} | ret=SUCCESS |  
2025-10-16 19:48:45,401 | INFO  | OMAudit | user=runner | ip=127.0.0.1 | op=READ_VOLUME {"volume":"8123fdc0-a22d-4c69-8319-76c34d2d3ed2"} | ret=SUCCESS |  
2025-10-16 19:48:45,402 [ForkJoinPool-1-worker-1] INFO  rpc.RpcClient (RpcClient.java:createBucket(686)) - Creating Bucket: 8123fdc0-a22d-4c69-8319-76c34d2d3ed2/4adcee10-445b-4b30-a9fc-b8173a98752f, with bucket layout FILE_SYSTEM_OPTIMIZED, runner as owner, Versioning false, Storage Type set to DISK and Encryption set to false, Replication Type set to server-side default replication type, Namespace Quota set to -1, Space Quota set to -1 
2025-10-16 19:48:45,403 [om1-OMStateMachineApplyTransactionThread - 0] INFO  bucket.OMBucketCreateRequest (OMBucketCreateRequest.java:validateAndUpdateCache(303)) - created bucket: 4adcee10-445b-4b30-a9fc-b8173a98752f of layout FILE_SYSTEM_OPTIMIZED in volume: 8123fdc0-a22d-4c69-8319-76c34d2d3ed2
2025-10-16 19:48:45,403 | INFO  | OMAudit | user=runner | ip=127.0.0.1 | op=CREATE_BUCKET {"volume":"8123fdc0-a22d-4c69-8319-76c34d2d3ed2","bucket":"4adcee10-445b-4b30-a9fc-b8173a98752f","bucketLayout":"FILE_SYSTEM_OPTIMIZED","gdprEnabled":null,"acls":"[user:runner:a[ACCESS], group:runner:rl[ACCESS]]","isVersionEnabled":"false","storageType":"DISK","creationTime":"1760644125402","bucketEncryptionKey":null,"modificationTime":"1760644125402","usedBytes":"0","usedNamespace":"0","snapshotUsedBytes":"0","snapshotUsedNamespace":"0","owner":"runner","replicationType":null,"replicationConfig":null,"quotaInBytes":"-1","quotaInNamespace":"-1","Transaction":"527"} | ret=SUCCESS |  
2025-10-16 19:48:45,404 | INFO  | OMAudit | user=runner | ip=127.0.0.1 | op=READ_BUCKET {"volume":"8123fdc0-a22d-4c69-8319-76c34d2d3ed2","bucket":"4adcee10-445b-4b30-a9fc-b8173a98752f"} | ret=SUCCESS |  
2025-10-16 19:48:45,405 | INFO  | OMAudit | user=runner | ip=127.0.0.1 | op=READ_BUCKET {"volume":"8123fdc0-a22d-4c69-8319-76c34d2d3ed2","bucket":"4adcee10-445b-4b30-a9fc-b8173a98752f"} | ret=SUCCESS |  
2025-10-16 19:48:45,406 | INFO  | SCMAudit | user=runner | ip=127.0.0.1 | op=ALLOCATE_BLOCK {"replication":"RATIS/ONE","owner":"omServiceIdDefault","size":"4194304","sampleBlocks":"[conID: 13 locID: 115816896921600163]","num":"1","client":"","allocated":"1"} | ret=SUCCESS |  
2025-10-16 19:48:45,408 | INFO  | OMAudit | user=runner | ip=127.0.0.1 | op=ALLOCATE_KEY {"volume":"8123fdc0-a22d-4c69-8319-76c34d2d3ed2","bucket":"4adcee10-445b-4b30-a9fc-b8173a98752f","key":"153a1d8d-e99b-4b9a-8fd0-6acbef8117af","dataSize":"12","replicationType":"RATIS","replicationFactor":"ONE","Transaction":"528"} | ret=SUCCESS |  
2025-10-16 19:48:45,414 | INFO  | OMAudit | user=runner | ip=127.0.0.1 | op=COMMIT_KEY {"volume":"8123fdc0-a22d-4c69-8319-76c34d2d3ed2","bucket":"4adcee10-445b-4b30-a9fc-b8173a98752f","key":"153a1d8d-e99b-4b9a-8fd0-6acbef8117af","dataSize":"12","replicationType":"RATIS","replicationFactor":"ONE","Transaction":"529"} | ret=SUCCESS |  
2025-10-16 19:48:45,415 | INFO  | OMAudit | user=runner | ip=127.0.0.1 | op=READ_VOLUME {"volume":"8123fdc0-a22d-4c69-8319-76c34d2d3ed2"} | ret=SUCCESS |  
2025-10-16 19:48:45,416 | INFO  | OMAudit | user=runner | ip=127.0.0.1 | op=READ_BUCKET {"volume":"8123fdc0-a22d-4c69-8319-76c34d2d3ed2","bucket":"4adcee10-445b-4b30-a9fc-b8173a98752f"} | ret=SUCCESS |  
2025-10-16 19:48:45,417 | INFO  | OMAudit | user=runner | ip=127.0.0.1 | op=READ_BUCKET {"volume":"8123fdc0-a22d-4c69-8319-76c34d2d3ed2","bucket":"4adcee10-445b-4b30-a9fc-b8173a98752f"} | ret=SUCCESS |  
2025-10-16 19:48:45,418 | INFO  | SCMAudit | user=runner | ip=127.0.0.1 | op=ALLOCATE_BLOCK {"replication":"RATIS/ONE","owner":"omServiceIdDefault","size":"4194304","sampleBlocks":"[conID: 9 locID: 115816896921600164]","num":"1","client":"","allocated":"1"} | ret=SUCCESS |  
2025-10-16 19:48:45,420 | INFO  | OMAudit | user=runner | ip=127.0.0.1 | op=ALLOCATE_KEY {"volume":"8123fdc0-a22d-4c69-8319-76c34d2d3ed2","bucket":"4adcee10-445b-4b30-a9fc-b8173a98752f","key":"153a1d8d-e99b-4b9a-8fd0-6acbef8117af","dataSize":"12","replicationType":"RATIS","replicationFactor":"ONE","Transaction":"530"} | ret=SUCCESS |  
2025-10-16 19:48:45,435 | INFO  | OMAudit | user=runner | ip=127.0.0.1 | op=COMMIT_KEY {"volume":"8123fdc0-a22d-4c69-8319-76c34d2d3ed2","bucket":"4adcee10-445b-4b30-a9fc-b8173a98752f","key":"153a1d8d-e99b-4b9a-8fd0-6acbef8117af","dataSize":"12","replicationType":"RATIS","replicationFactor":"ONE","Transaction":"531"} | ret=SUCCESS |  
2025-10-16 19:48:45,437 | INFO  | OMAudit | user=runner | ip=127.0.0.1 | op=READ_VOLUME {"volume":"8123fdc0-a22d-4c69-8319-76c34d2d3ed2"} | ret=SUCCESS |  
2025-10-16 19:48:45,438 | INFO  | OMAudit | user=runner | ip=127.0.0.1 | op=READ_BUCKET {"volume":"8123fdc0-a22d-4c69-8319-76c34d2d3ed2","bucket":"4adcee10-445b-4b30-a9fc-b8173a98752f"} | ret=SUCCESS |  
2025-10-16 19:48:45,635 | INFO  | SCMAudit | user=runner | ip=127.0.0.1 | op=SEND_HEARTBEAT {"datanodeUUID":"0e8b6cc7-9945-4141-97fc-6aa017a0d5fa","term":"2","command":"[]"} | ret=SUCCESS |  
2025-10-16 19:48:45,713 | INFO  | SCMAudit | user=runner | ip=127.0.0.1 | op=SEND_HEARTBEAT {"datanodeUUID":"757ca056-973f-4f05-ab2d-6aff6c54d452","term":"2","command":"[]"} | ret=SUCCESS |  
2025-10-16 19:48:45,734 | INFO  | SCMAudit | user=runner | ip=127.0.0.1 | op=SEND_HEARTBEAT {"datanodeUUID":"702cb173-5c73-4ecc-b5cd-c7b4a6b66aea","term":"2","command":"[]"} | ret=SUCCESS |  
2025-10-16 19:48:45,917 | INFO  | SCMAudit | user=runner | ip=127.0.0.1 | op=SEND_HEARTBEAT {"datanodeUUID":"f700af26-0e26-4136-9205-9509c82c8c70","term":"2","command":"[]"} | ret=SUCCESS |  
2025-10-16 19:48:46,110 | INFO  | SCMAudit | user=runner | ip=127.0.0.1 | op=SEND_HEARTBEAT {"datanodeUUID":"8a3c3252-9afe-4d3a-8492-25be6557678a","term":"2","command":"[]"} | ret=SUCCESS |  
2025-10-16 19:48:46,111 | INFO  | SCMAudit | user=runner | ip=127.0.0.1 | op=SEND_HEARTBEAT {"datanodeUUID":"c0724e9c-0dd4-4d47-992c-7bfe285fdd38","term":"2","command":"[]"} | ret=SUCCESS |  
2025-10-16 19:48:46,111 | INFO  | SCMAudit | user=runner | ip=127.0.0.1 | op=SEND_HEARTBEAT {"datanodeUUID":"e33e6ec4-6b66-4281-bedd-2bd75bd30070","term":"2","command":"[]"} | ret=SUCCESS |  
2025-10-16 19:48:46,116 | INFO  | SCMAudit | user=runner | ip=127.0.0.1 | op=SEND_HEARTBEAT {"datanodeUUID":"8a0fa2ff-b550-4652-b2fe-0cf91cd4a157","term":"2","command":"[]"} | ret=SUCCESS |  
2025-10-16 19:48:46,123 | INFO  | SCMAudit | user=runner | ip=127.0.0.1 | op=SEND_HEARTBEAT {"datanodeUUID":"aa213937-adc5-47da-a770-0ee1e4664344","term":"2","command":"[]"} | ret=SUCCESS |  
2025-10-16 19:48:46,128 | INFO  | SCMAudit | user=runner | ip=127.0.0.1 | op=SEND_HEARTBEAT {"datanodeUUID":"58cff6b7-b2a7-446b-a75a-bb98ad6b11b8","term":"2","command":"[]"} | ret=SUCCESS |  
2025-10-16 19:48:46,132 | INFO  | SCMAudit | user=runner | ip=127.0.0.1 | op=SEND_HEARTBEAT {"datanodeUUID":"e072d245-7694-4d97-8e20-c503ebf8c2fe","term":"2","command":"[]"} | ret=SUCCESS |  
2025-10-16 19:48:46,134 | INFO  | SCMAudit | user=runner | ip=127.0.0.1 | op=SEND_HEARTBEAT {"datanodeUUID":"0428ab3f-efd5-438e-ae11-9ec242443260","term":"2","command":"[]"} | ret=SUCCESS |  
2025-10-16 19:48:46,305 | INFO  | SCMAudit | user=runner | ip=127.0.0.1 | op=SEND_HEARTBEAT {"datanodeUUID":"76d4ba71-5bbb-4b24-8f51-8bc7f78aaca4","term":"2","command":"[]"} | ret=SUCCESS |  
2025-10-16 19:48:46,309 | INFO  | SCMAudit | user=runner | ip=127.0.0.1 | op=SEND_HEARTBEAT {"datanodeUUID":"764b18f0-81c5-439a-9fff-25adc4f241fa","term":"2","command":"[]"} | ret=SUCCESS |  
2025-10-16 19:48:46,384 [om1-KeyDeletingService#3] INFO  service.KeyDeletingService (KeyDeletingService.java:processKeyDeletes(151)) - Send 1 key(s) to SCM, first 1 keys: [PurgedKey{blockGroup=BlockGroup[groupID='/8123fdc0-a22d-4c69-8319-76c34d2d3ed2/4adcee10-445b-4b30-a9fc-b8173a98752f/153a1d8d-e99b-4b9a-8fd0-6acbef8117af/-9223372036854639872/0', blockIDs=[conID: 13 locID: 115816896921600163 bcsId: 0 replicaIndex: null]], volume='8123fdc0-a22d-4c69-8319-76c34d2d3ed2', bucket='4adcee10-445b-4b30-a9fc-b8173a98752f', bucketId=-9223372036854640896, purgedBytes=12, isCommittedKey=true, deleteKeyName='/8123fdc0-a22d-4c69-8319-76c34d2d3ed2/4adcee10-445b-4b30-a9fc-b8173a98752f/153a1d8d-e99b-4b9a-8fd0-6acbef8117af/-9223372036854639872'}]
2025-10-16 19:48:46,386 | INFO  | SCMAudit | user=runner | ip=127.0.0.1 | op=DELETE_KEY_BLOCK {"KeyBlockToDelete":"[BlockGroup[groupID='/8123fdc0-a22d-4c69-8319-76c34d2d3ed2/4adcee10-445b-4b30-a9fc-b8173a98752f/153a1d8d-e99b-4b9a-8fd0-6acbef8117af/-9223372036854639872/0', blockIDs=[conID: 13 locID: 115816896921600163 bcsId: 0 replicaIndex: null]]]"} | ret=SUCCESS |  
2025-10-16 19:48:46,386 [om1-KeyDeletingService#3] INFO  service.KeyDeletingService (KeyDeletingService.java:processKeyDeletes(158)) - 1 BlockGroup deletion are acked by SCM in 2 ms
2025-10-16 19:48:46,387 [om1-KeyDeletingService#3] INFO  service.KeyDeletingService (KeyDeletingService.java:processKeyDeletes(166)) - Blocks for 1 (out of 1) keys are deleted from DB in 2 ms. Limit per task is 50000.
2025-10-16 19:48:46,440 | INFO  | OMAudit | user=runner | ip=127.0.0.1 | op=READ_VOLUME {"volume":"8123fdc0-a22d-4c69-8319-76c34d2d3ed2"} | ret=SUCCESS |  
2025-10-16 19:48:46,441 | INFO  | OMAudit | user=runner | ip=127.0.0.1 | op=READ_BUCKET {"volume":"8123fdc0-a22d-4c69-8319-76c34d2d3ed2","bucket":"4adcee10-445b-4b30-a9fc-b8173a98752f"} | ret=SUCCESS |  
2025-10-16 19:48:46,442 | INFO  | OMAudit | user=runner | ip=127.0.0.1 | op=READ_BUCKET {"volume":"8123fdc0-a22d-4c69-8319-76c34d2d3ed2","bucket":"4adcee10-445b-4b30-a9fc-b8173a98752f"} | ret=SUCCESS |  
2025-10-16 19:48:46,443 | INFO  | SCMAudit | user=runner | ip=127.0.0.1 | op=ALLOCATE_BLOCK {"replication":"RATIS/ONE","owner":"omServiceIdDefault","size":"4194304","sampleBlocks":"[conID: 4 locID: 115816896921600165]","num":"1","client":"","allocated":"1"} | ret=SUCCESS |  
2025-10-16 19:48:46,445 | INFO  | OMAudit | user=runner | ip=127.0.0.1 | op=ALLOCATE_KEY {"volume":"8123fdc0-a22d-4c69-8319-76c34d2d3ed2","bucket":"4adcee10-445b-4b30-a9fc-b8173a98752f","key":"89e235ed-5d0b-44c2-9726-bf3e5fab2498","dataSize":"12","replicationType":"RATIS","replicationFactor":"ONE","Transaction":"533"} | ret=SUCCESS |  
2025-10-16 19:48:46,452 | INFO  | OMAudit | user=runner | ip=127.0.0.1 | op=COMMIT_KEY {"volume":"8123fdc0-a22d-4c69-8319-76c34d2d3ed2","bucket":"4adcee10-445b-4b30-a9fc-b8173a98752f","key":"89e235ed-5d0b-44c2-9726-bf3e5fab2498","dataSize":"12","replicationType":"RATIS","replicationFactor":"ONE","Transaction":"534"} | ret=SUCCESS |  
2025-10-16 19:48:46,453 | INFO  | OMAudit | user=runner | ip=127.0.0.1 | op=READ_VOLUME {"volume":"8123fdc0-a22d-4c69-8319-76c34d2d3ed2"} | ret=SUCCESS |  
2025-10-16 19:48:46,453 | INFO  | OMAudit | user=runner | ip=127.0.0.1 | op=READ_BUCKET {"volume":"8123fdc0-a22d-4c69-8319-76c34d2d3ed2","bucket":"4adcee10-445b-4b30-a9fc-b8173a98752f"} | ret=SUCCESS |  
2025-10-16 19:48:46,456 | INFO  | OMAudit | user=runner | ip=127.0.0.1 | op=DELETE_KEY {"volume":"8123fdc0-a22d-4c69-8319-76c34d2d3ed2","bucket":"4adcee10-445b-4b30-a9fc-b8173a98752f","key":"153a1d8d-e99b-4b9a-8fd0-6acbef8117af","dataSize":"12","replicationConfig":"RATIS/ONE","Transaction":"535"} | ret=SUCCESS |  
2025-10-16 19:48:46,457 | INFO  | OMAudit | user=runner | ip=127.0.0.1 | op=READ_VOLUME {"volume":"8123fdc0-a22d-4c69-8319-76c34d2d3ed2"} | ret=SUCCESS |  
2025-10-16 19:48:46,457 | INFO  | OMAudit | user=runner | ip=127.0.0.1 | op=READ_BUCKET {"volume":"8123fdc0-a22d-4c69-8319-76c34d2d3ed2","bucket":"4adcee10-445b-4b30-a9fc-b8173a98752f"} | ret=SUCCESS |  
2025-10-16 19:48:46,635 | INFO  | SCMAudit | user=runner | ip=127.0.0.1 | op=SEND_HEARTBEAT {"datanodeUUID":"0e8b6cc7-9945-4141-97fc-6aa017a0d5fa","term":"2","command":"[]"} | ret=SUCCESS |  
2025-10-16 19:48:46,714 | INFO  | SCMAudit | user=runner | ip=127.0.0.1 | op=SEND_HEARTBEAT {"datanodeUUID":"757ca056-973f-4f05-ab2d-6aff6c54d452","term":"2","command":"[]"} | ret=SUCCESS |  
2025-10-16 19:48:46,734 | INFO  | SCMAudit | user=runner | ip=127.0.0.1 | op=SEND_HEARTBEAT {"datanodeUUID":"702cb173-5c73-4ecc-b5cd-c7b4a6b66aea","term":"2","command":"[]"} | ret=SUCCESS |  
2025-10-16 19:48:46,918 | INFO  | SCMAudit | user=runner | ip=127.0.0.1 | op=SEND_HEARTBEAT {"datanodeUUID":"f700af26-0e26-4136-9205-9509c82c8c70","term":"2","command":"[]"} | ret=SUCCESS |  
2025-10-16 19:48:47,110 | INFO  | SCMAudit | user=runner | ip=127.0.0.1 | op=SEND_HEARTBEAT {"datanodeUUID":"c0724e9c-0dd4-4d47-992c-7bfe285fdd38","term":"2","command":"[]"} | ret=SUCCESS |  
2025-10-16 19:48:47,111 | INFO  | SCMAudit | user=runner | ip=127.0.0.1 | op=SEND_HEARTBEAT {"datanodeUUID":"e33e6ec4-6b66-4281-bedd-2bd75bd30070","term":"2","command":"[]"} | ret=SUCCESS |  
2025-10-16 19:48:47,111 | INFO  | SCMAudit | user=runner | ip=127.0.0.1 | op=SEND_HEARTBEAT {"datanodeUUID":"8a3c3252-9afe-4d3a-8492-25be6557678a","term":"2","command":"[]"} | ret=SUCCESS |  
2025-10-16 19:48:47,116 | INFO  | SCMAudit | user=runner | ip=127.0.0.1 | op=SEND_HEARTBEAT {"datanodeUUID":"8a0fa2ff-b550-4652-b2fe-0cf91cd4a157","term":"2","command":"[]"} | ret=SUCCESS |  
2025-10-16 19:48:47,123 | INFO  | SCMAudit | user=runner | ip=127.0.0.1 | op=SEND_HEARTBEAT {"datanodeUUID":"aa213937-adc5-47da-a770-0ee1e4664344","term":"2","command":"[]"} | ret=SUCCESS |  
2025-10-16 19:48:47,129 | INFO  | SCMAudit | user=runner | ip=127.0.0.1 | op=SEND_HEARTBEAT {"datanodeUUID":"58cff6b7-b2a7-446b-a75a-bb98ad6b11b8","term":"2","command":"[]"} | ret=SUCCESS |  
2025-10-16 19:48:47,132 | INFO  | SCMAudit | user=runner | ip=127.0.0.1 | op=SEND_HEARTBEAT {"datanodeUUID":"e072d245-7694-4d97-8e20-c503ebf8c2fe","term":"2","command":"[]"} | ret=SUCCESS |  
2025-10-16 19:48:47,134 | INFO  | SCMAudit | user=runner | ip=127.0.0.1 | op=SEND_HEARTBEAT {"datanodeUUID":"0428ab3f-efd5-438e-ae11-9ec242443260","term":"2","command":"[]"} | ret=SUCCESS |  
2025-10-16 19:48:47,305 | INFO  | SCMAudit | user=runner | ip=127.0.0.1 | op=SEND_HEARTBEAT {"datanodeUUID":"76d4ba71-5bbb-4b24-8f51-8bc7f78aaca4","term":"2","command":"[]"} | ret=SUCCESS |  
2025-10-16 19:48:47,309 | INFO  | SCMAudit | user=runner | ip=127.0.0.1 | op=SEND_HEARTBEAT {"datanodeUUID":"764b18f0-81c5-439a-9fff-25adc4f241fa","term":"2","command":"[]"} | ret=SUCCESS |  
2025-10-16 19:48:47,384 [om1-KeyDeletingService#0] INFO  service.KeyDeletingService (KeyDeletingService.java:processKeyDeletes(151)) - Send 1 key(s) to SCM, first 1 keys: [PurgedKey{blockGroup=BlockGroup[groupID='/8123fdc0-a22d-4c69-8319-76c34d2d3ed2/4adcee10-445b-4b30-a9fc-b8173a98752f/153a1d8d-e99b-4b9a-8fd0-6acbef8117af/-9223372036854640639/0', blockIDs=[conID: 9 locID: 115816896921600164 bcsId: 0 replicaIndex: null]], volume='8123fdc0-a22d-4c69-8319-76c34d2d3ed2', bucket='4adcee10-445b-4b30-a9fc-b8173a98752f', bucketId=-9223372036854640896, purgedBytes=12, isCommittedKey=true, deleteKeyName='/8123fdc0-a22d-4c69-8319-76c34d2d3ed2/4adcee10-445b-4b30-a9fc-b8173a98752f/153a1d8d-e99b-4b9a-8fd0-6acbef8117af/-9223372036854640639'}]
2025-10-16 19:48:47,386 | INFO  | SCMAudit | user=runner | ip=127.0.0.1 | op=DELETE_KEY_BLOCK {"KeyBlockToDelete":"[BlockGroup[groupID='/8123fdc0-a22d-4c69-8319-76c34d2d3ed2/4adcee10-445b-4b30-a9fc-b8173a98752f/153a1d8d-e99b-4b9a-8fd0-6acbef8117af/-9223372036854640639/0', blockIDs=[conID: 9 locID: 115816896921600164 bcsId: 0 replicaIndex: null]]]"} | ret=SUCCESS |  
2025-10-16 19:48:47,386 [om1-KeyDeletingService#0] INFO  service.KeyDeletingService (KeyDeletingService.java:processKeyDeletes(158)) - 1 BlockGroup deletion are acked by SCM in 3 ms
2025-10-16 19:48:47,388 [om1-KeyDeletingService#0] INFO  service.KeyDeletingService (KeyDeletingService.java:processKeyDeletes(166)) - Blocks for 1 (out of 1) keys are deleted from DB in 1 ms. Limit per task is 50000.
2025-10-16 19:48:47,459 | INFO  | OMAudit | user=runner | ip=127.0.0.1 | op=READ_VOLUME {"volume":"8123fdc0-a22d-4c69-8319-76c34d2d3ed2"} | ret=SUCCESS |  
2025-10-16 19:48:47,460 | INFO  | OMAudit | user=runner | ip=127.0.0.1 | op=READ_BUCKET {"volume":"8123fdc0-a22d-4c69-8319-76c34d2d3ed2","bucket":"4adcee10-445b-4b30-a9fc-b8173a98752f"} | ret=SUCCESS |  
2025-10-16 19:48:47,463 | INFO  | OMAudit | user=runner | ip=127.0.0.1 | op=DELETE_KEY {"volume":"8123fdc0-a22d-4c69-8319-76c34d2d3ed2","bucket":"4adcee10-445b-4b30-a9fc-b8173a98752f","key":"89e235ed-5d0b-44c2-9726-bf3e5fab2498","dataSize":"12","replicationConfig":"RATIS/ONE","Transaction":"537"} | ret=SUCCESS |  
2025-10-16 19:48:47,464 | INFO  | OMAudit | user=runner | ip=127.0.0.1 | op=READ_VOLUME {"volume":"8123fdc0-a22d-4c69-8319-76c34d2d3ed2"} | ret=SUCCESS |  
2025-10-16 19:48:47,465 | INFO  | OMAudit | user=runner | ip=127.0.0.1 | op=READ_BUCKET {"volume":"8123fdc0-a22d-4c69-8319-76c34d2d3ed2","bucket":"4adcee10-445b-4b30-a9fc-b8173a98752f"} | ret=SUCCESS |  
2025-10-16 19:48:47,635 | INFO  | SCMAudit | user=runner | ip=127.0.0.1 | op=SEND_HEARTBEAT {"datanodeUUID":"0e8b6cc7-9945-4141-97fc-6aa017a0d5fa","term":"2","command":"[]"} | ret=SUCCESS |  
2025-10-16 19:48:47,715 | INFO  | SCMAudit | user=runner | ip=127.0.0.1 | op=SEND_HEARTBEAT {"datanodeUUID":"757ca056-973f-4f05-ab2d-6aff6c54d452","term":"2","command":"[]"} | ret=SUCCESS |  
2025-10-16 19:48:47,734 | INFO  | SCMAudit | user=runner | ip=127.0.0.1 | op=SEND_HEARTBEAT {"datanodeUUID":"702cb173-5c73-4ecc-b5cd-c7b4a6b66aea","term":"2","command":"[]"} | ret=SUCCESS |  
2025-10-16 19:48:47,918 | INFO  | SCMAudit | user=runner | ip=127.0.0.1 | op=SEND_HEARTBEAT {"datanodeUUID":"f700af26-0e26-4136-9205-9509c82c8c70","term":"2","command":"[]"} | ret=SUCCESS |  
2025-10-16 19:48:48,111 | INFO  | SCMAudit | user=runner | ip=127.0.0.1 | op=SEND_HEARTBEAT {"datanodeUUID":"c0724e9c-0dd4-4d47-992c-7bfe285fdd38","term":"2","command":"[]"} | ret=SUCCESS |  
2025-10-16 19:48:48,111 | INFO  | SCMAudit | user=runner | ip=127.0.0.1 | op=SEND_HEARTBEAT {"datanodeUUID":"8a3c3252-9afe-4d3a-8492-25be6557678a","term":"2","command":"[]"} | ret=SUCCESS |  
2025-10-16 19:48:48,111 | INFO  | SCMAudit | user=runner | ip=127.0.0.1 | op=SEND_HEARTBEAT {"datanodeUUID":"e33e6ec4-6b66-4281-bedd-2bd75bd30070","term":"2","command":"[]"} | ret=SUCCESS |  
2025-10-16 19:48:48,116 | INFO  | SCMAudit | user=runner | ip=127.0.0.1 | op=SEND_HEARTBEAT {"datanodeUUID":"8a0fa2ff-b550-4652-b2fe-0cf91cd4a157","term":"2","command":"[]"} | ret=SUCCESS |  
2025-10-16 19:48:48,123 | INFO  | SCMAudit | user=runner | ip=127.0.0.1 | op=SEND_HEARTBEAT {"datanodeUUID":"aa213937-adc5-47da-a770-0ee1e4664344","term":"2","command":"[]"} | ret=SUCCESS |  
2025-10-16 19:48:48,128 | INFO  | SCMAudit | user=runner | ip=127.0.0.1 | op=SEND_HEARTBEAT {"datanodeUUID":"58cff6b7-b2a7-446b-a75a-bb98ad6b11b8","term":"2","command":"[]"} | ret=SUCCESS |  
2025-10-16 19:48:48,133 | INFO  | SCMAudit | user=runner | ip=127.0.0.1 | op=SEND_HEARTBEAT {"datanodeUUID":"e072d245-7694-4d97-8e20-c503ebf8c2fe","term":"2","command":"[]"} | ret=SUCCESS |  
2025-10-16 19:48:48,135 | INFO  | SCMAudit | user=runner | ip=127.0.0.1 | op=SEND_HEARTBEAT {"datanodeUUID":"0428ab3f-efd5-438e-ae11-9ec242443260","term":"2","command":"[]"} | ret=SUCCESS |  
2025-10-16 19:48:48,305 | INFO  | SCMAudit | user=runner | ip=127.0.0.1 | op=SEND_HEARTBEAT {"datanodeUUID":"76d4ba71-5bbb-4b24-8f51-8bc7f78aaca4","term":"2","command":"[]"} | ret=SUCCESS |  
2025-10-16 19:48:48,309 | INFO  | SCMAudit | user=runner | ip=127.0.0.1 | op=SEND_HEARTBEAT {"datanodeUUID":"764b18f0-81c5-439a-9fff-25adc4f241fa","term":"2","command":"[]"} | ret=SUCCESS |  
2025-10-16 19:48:48,384 [om1-KeyDeletingService#7] INFO  service.KeyDeletingService (KeyDeletingService.java:processKeyDeletes(151)) - Send 1 key(s) to SCM, first 1 keys: [PurgedKey{blockGroup=BlockGroup[groupID='/8123fdc0-a22d-4c69-8319-76c34d2d3ed2/4adcee10-445b-4b30-a9fc-b8173a98752f/89e235ed-5d0b-44c2-9726-bf3e5fab2498/-9223372036854639359/0', blockIDs=[conID: 4 locID: 115816896921600165 bcsId: 0 replicaIndex: null]], volume='8123fdc0-a22d-4c69-8319-76c34d2d3ed2', bucket='4adcee10-445b-4b30-a9fc-b8173a98752f', bucketId=-9223372036854640896, purgedBytes=12, isCommittedKey=true, deleteKeyName='/8123fdc0-a22d-4c69-8319-76c34d2d3ed2/4adcee10-445b-4b30-a9fc-b8173a98752f/89e235ed-5d0b-44c2-9726-bf3e5fab2498/-9223372036854639359'}]
2025-10-16 19:48:48,386 | INFO  | SCMAudit | user=runner | ip=127.0.0.1 | op=DELETE_KEY_BLOCK {"KeyBlockToDelete":"[BlockGroup[groupID='/8123fdc0-a22d-4c69-8319-76c34d2d3ed2/4adcee10-445b-4b30-a9fc-b8173a98752f/89e235ed-5d0b-44c2-9726-bf3e5fab2498/-9223372036854639359/0', blockIDs=[conID: 4 locID: 115816896921600165 bcsId: 0 replicaIndex: null]]]"} | ret=SUCCESS |  
2025-10-16 19:48:48,387 [om1-KeyDeletingService#7] INFO  service.KeyDeletingService (KeyDeletingService.java:processKeyDeletes(158)) - 1 BlockGroup deletion are acked by SCM in 2 ms
2025-10-16 19:48:48,388 [om1-KeyDeletingService#7] INFO  service.KeyDeletingService (KeyDeletingService.java:processKeyDeletes(166)) - Blocks for 1 (out of 1) keys are deleted from DB in 2 ms. Limit per task is 50000.
2025-10-16 19:48:48,466 | INFO  | OMAudit | user=runner | ip=127.0.0.1 | op=READ_VOLUME {"volume":"8123fdc0-a22d-4c69-8319-76c34d2d3ed2"} | ret=SUCCESS |  
2025-10-16 19:48:48,467 | INFO  | OMAudit | user=runner | ip=127.0.0.1 | op=READ_BUCKET {"volume":"8123fdc0-a22d-4c69-8319-76c34d2d3ed2","bucket":"4adcee10-445b-4b30-a9fc-b8173a98752f"} | ret=SUCCESS |  
2025-10-16 19:48:48,470 | INFO  | OMAudit | user=runner | ip=127.0.0.1 | op=GET_SERVICE_LIST {} | ret=SUCCESS |  
2025-10-16 19:48:48,475 | INFO  | OMAudit | user=runner | ip=127.0.0.1 | op=CREATE_DIRECTORY {"volume":"8123fdc0-a22d-4c69-8319-76c34d2d3ed2","bucket":"4adcee10-445b-4b30-a9fc-b8173a98752f","key":"60e9b9ef-0773-48a3-bbfb-c88bf2235e48","dataSize":"0","Transaction":"539"} | ret=SUCCESS |  
2025-10-16 19:48:48,476 | INFO  | OMAudit | user=runner | ip=127.0.0.1 | op=READ_VOLUME {"volume":"8123fdc0-a22d-4c69-8319-76c34d2d3ed2"} | ret=SUCCESS |  
2025-10-16 19:48:48,477 | INFO  | OMAudit | user=runner | ip=127.0.0.1 | op=READ_BUCKET {"volume":"8123fdc0-a22d-4c69-8319-76c34d2d3ed2","bucket":"4adcee10-445b-4b30-a9fc-b8173a98752f"} | ret=SUCCESS |  
2025-10-16 19:48:48,479 | INFO  | OMAudit | user=runner | ip=127.0.0.1 | op=CREATE_DIRECTORY {"volume":"8123fdc0-a22d-4c69-8319-76c34d2d3ed2","bucket":"4adcee10-445b-4b30-a9fc-b8173a98752f","key":"bda56d6f-ac5a-455e-96b4-3dbcce8db7cc","dataSize":"0","Transaction":"540"} | ret=SUCCESS |  
2025-10-16 19:48:48,480 | INFO  | OMAudit | user=runner | ip=127.0.0.1 | op=READ_VOLUME {"volume":"8123fdc0-a22d-4c69-8319-76c34d2d3ed2"} | ret=SUCCESS |  
2025-10-16 19:48:48,481 | INFO  | OMAudit | user=runner | ip=127.0.0.1 | op=READ_BUCKET {"volume":"8123fdc0-a22d-4c69-8319-76c34d2d3ed2","bucket":"4adcee10-445b-4b30-a9fc-b8173a98752f"} | ret=SUCCESS |  
2025-10-16 19:48:48,485 | INFO  | OMAudit | user=runner | ip=127.0.0.1 | op=DELETE_KEY {"volume":"8123fdc0-a22d-4c69-8319-76c34d2d3ed2","bucket":"4adcee10-445b-4b30-a9fc-b8173a98752f","key":"60e9b9ef-0773-48a3-bbfb-c88bf2235e48","Transaction":"541"} | ret=SUCCESS |  
2025-10-16 19:48:48,487 | INFO  | OMAudit | user=runner | ip=127.0.0.1 | op=READ_VOLUME {"volume":"8123fdc0-a22d-4c69-8319-76c34d2d3ed2"} | ret=SUCCESS |  
2025-10-16 19:48:48,487 | INFO  | OMAudit | user=runner | ip=127.0.0.1 | op=READ_BUCKET {"volume":"8123fdc0-a22d-4c69-8319-76c34d2d3ed2","bucket":"4adcee10-445b-4b30-a9fc-b8173a98752f"} | ret=SUCCESS |  
2025-10-16 19:48:48,490 | INFO  | OMAudit | user=runner | ip=127.0.0.1 | op=DELETE_KEY {"volume":"8123fdc0-a22d-4c69-8319-76c34d2d3ed2","bucket":"4adcee10-445b-4b30-a9fc-b8173a98752f","key":"bda56d6f-ac5a-455e-96b4-3dbcce8db7cc","Transaction":"542"} | ret=SUCCESS |  
2025-10-16 19:48:48,491 | INFO  | OMAudit | user=runner | ip=127.0.0.1 | op=READ_VOLUME {"volume":"8123fdc0-a22d-4c69-8319-76c34d2d3ed2"} | ret=SUCCESS |  
2025-10-16 19:48:48,492 | INFO  | OMAudit | user=runner | ip=127.0.0.1 | op=READ_BUCKET {"volume":"8123fdc0-a22d-4c69-8319-76c34d2d3ed2","bucket":"4adcee10-445b-4b30-a9fc-b8173a98752f"} | ret=SUCCESS |  
2025-10-16 19:48:48,494 | INFO  | OMAudit | user=runner | ip=127.0.0.1 | op=CREATE_DIRECTORY {"volume":"8123fdc0-a22d-4c69-8319-76c34d2d3ed2","bucket":"4adcee10-445b-4b30-a9fc-b8173a98752f","key":"dir1/dir2/dir3/dir4","dataSize":"0","Transaction":"543"} | ret=SUCCESS |  
2025-10-16 19:48:48,495 | INFO  | OMAudit | user=runner | ip=127.0.0.1 | op=READ_VOLUME {"volume":"8123fdc0-a22d-4c69-8319-76c34d2d3ed2"} | ret=SUCCESS |  
2025-10-16 19:48:48,496 | INFO  | OMAudit | user=runner | ip=127.0.0.1 | op=READ_BUCKET {"volume":"8123fdc0-a22d-4c69-8319-76c34d2d3ed2","bucket":"4adcee10-445b-4b30-a9fc-b8173a98752f"} | ret=SUCCESS |  
]]></system-out>
  </testcase>
  <testcase name="testBucketUsedNamespace(BucketLayout, boolean)[6]" classname="org.apache.hadoop.ozone.client.rpc.TestSecureOzoneRpcClient" time="3.091">
    <system-out><![CDATA[2025-10-16 19:48:48,499 [ForkJoinPool-1-worker-1] INFO  rpc.RpcClient (RpcClient.java:createVolume(461)) - Creating Volume: 27505094-0128-42ec-bf93-469d26e0a900, with runner as owner and space quota set to -1 bytes, counts quota set to -1
2025-10-16 19:48:48,501 [om1-OMStateMachineApplyTransactionThread - 0] INFO  volume.OMVolumeCreateRequest (OMVolumeCreateRequest.java:validateAndUpdateCache(213)) - created volume:27505094-0128-42ec-bf93-469d26e0a900 for user:runner
2025-10-16 19:48:48,501 | INFO  | OMAudit | user=runner | ip=127.0.0.1 | op=CREATE_VOLUME {"admin":"runner","owner":"runner","volume":"27505094-0128-42ec-bf93-469d26e0a900","creationTime":"1760644128500","modificationTime":"1760644128500","quotaInBytes":"-1","quotaInNamespace":"-1","usedNamespace":"0","objectID":"-9223372036854636544","updateID":"544","Transaction":"544"} | ret=SUCCESS |  
2025-10-16 19:48:48,502 | INFO  | OMAudit | user=runner | ip=127.0.0.1 | op=READ_VOLUME {"volume":"27505094-0128-42ec-bf93-469d26e0a900"} | ret=SUCCESS |  
2025-10-16 19:48:48,503 [ForkJoinPool-1-worker-1] INFO  rpc.RpcClient (RpcClient.java:createBucket(686)) - Creating Bucket: 27505094-0128-42ec-bf93-469d26e0a900/62a9305b-2a51-4fc5-b22d-b7b6f391678f, with bucket layout FILE_SYSTEM_OPTIMIZED, runner as owner, Versioning false, Storage Type set to DISK and Encryption set to false, Replication Type set to server-side default replication type, Namespace Quota set to -1, Space Quota set to -1 
2025-10-16 19:48:48,505 [om1-OMStateMachineApplyTransactionThread - 0] INFO  bucket.OMBucketCreateRequest (OMBucketCreateRequest.java:validateAndUpdateCache(303)) - created bucket: 62a9305b-2a51-4fc5-b22d-b7b6f391678f of layout FILE_SYSTEM_OPTIMIZED in volume: 27505094-0128-42ec-bf93-469d26e0a900
2025-10-16 19:48:48,505 | INFO  | OMAudit | user=runner | ip=127.0.0.1 | op=CREATE_BUCKET {"volume":"27505094-0128-42ec-bf93-469d26e0a900","bucket":"62a9305b-2a51-4fc5-b22d-b7b6f391678f","bucketLayout":"FILE_SYSTEM_OPTIMIZED","gdprEnabled":null,"acls":"[user:runner:a[ACCESS], group:runner:rl[ACCESS]]","isVersionEnabled":"false","storageType":"DISK","creationTime":"1760644128504","bucketEncryptionKey":null,"modificationTime":"1760644128504","usedBytes":"0","usedNamespace":"0","snapshotUsedBytes":"0","snapshotUsedNamespace":"0","owner":"runner","replicationType":null,"replicationConfig":null,"quotaInBytes":"-1","quotaInNamespace":"-1","Transaction":"545"} | ret=SUCCESS |  
2025-10-16 19:48:48,506 | INFO  | OMAudit | user=runner | ip=127.0.0.1 | op=READ_BUCKET {"volume":"27505094-0128-42ec-bf93-469d26e0a900","bucket":"62a9305b-2a51-4fc5-b22d-b7b6f391678f"} | ret=SUCCESS |  
2025-10-16 19:48:48,507 | INFO  | OMAudit | user=runner | ip=127.0.0.1 | op=READ_BUCKET {"volume":"27505094-0128-42ec-bf93-469d26e0a900","bucket":"62a9305b-2a51-4fc5-b22d-b7b6f391678f"} | ret=SUCCESS |  
2025-10-16 19:48:48,508 | INFO  | SCMAudit | user=runner | ip=127.0.0.1 | op=ALLOCATE_BLOCK {"replication":"RATIS/ONE","owner":"omServiceIdDefault","size":"4194304","sampleBlocks":"[conID: 3 locID: 115816896921600166]","num":"1","client":"","allocated":"1"} | ret=SUCCESS |  
2025-10-16 19:48:48,511 | INFO  | OMAudit | user=runner | ip=127.0.0.1 | op=ALLOCATE_KEY {"volume":"27505094-0128-42ec-bf93-469d26e0a900","bucket":"62a9305b-2a51-4fc5-b22d-b7b6f391678f","key":"2208156b-8893-481d-8f61-ae914efab588","dataSize":"12","replicationType":"RATIS","replicationFactor":"ONE","Transaction":"546"} | ret=SUCCESS |  
2025-10-16 19:48:48,517 | INFO  | OMAudit | user=runner | ip=127.0.0.1 | op=COMMIT_KEY {"volume":"27505094-0128-42ec-bf93-469d26e0a900","bucket":"62a9305b-2a51-4fc5-b22d-b7b6f391678f","key":"2208156b-8893-481d-8f61-ae914efab588","dataSize":"12","replicationType":"RATIS","replicationFactor":"ONE","Transaction":"547"} | ret=SUCCESS |  
2025-10-16 19:48:48,519 | INFO  | OMAudit | user=runner | ip=127.0.0.1 | op=READ_VOLUME {"volume":"27505094-0128-42ec-bf93-469d26e0a900"} | ret=SUCCESS |  
2025-10-16 19:48:48,519 | INFO  | OMAudit | user=runner | ip=127.0.0.1 | op=READ_BUCKET {"volume":"27505094-0128-42ec-bf93-469d26e0a900","bucket":"62a9305b-2a51-4fc5-b22d-b7b6f391678f"} | ret=SUCCESS |  
2025-10-16 19:48:48,520 | INFO  | OMAudit | user=runner | ip=127.0.0.1 | op=READ_BUCKET {"volume":"27505094-0128-42ec-bf93-469d26e0a900","bucket":"62a9305b-2a51-4fc5-b22d-b7b6f391678f"} | ret=SUCCESS |  
2025-10-16 19:48:48,521 | INFO  | SCMAudit | user=runner | ip=127.0.0.1 | op=ALLOCATE_BLOCK {"replication":"RATIS/ONE","owner":"omServiceIdDefault","size":"4194304","sampleBlocks":"[conID: 4 locID: 115816896921600167]","num":"1","client":"","allocated":"1"} | ret=SUCCESS |  
2025-10-16 19:48:48,523 | INFO  | OMAudit | user=runner | ip=127.0.0.1 | op=ALLOCATE_KEY {"volume":"27505094-0128-42ec-bf93-469d26e0a900","bucket":"62a9305b-2a51-4fc5-b22d-b7b6f391678f","key":"2208156b-8893-481d-8f61-ae914efab588","dataSize":"12","replicationType":"RATIS","replicationFactor":"ONE","Transaction":"548"} | ret=SUCCESS |  
2025-10-16 19:48:48,530 | INFO  | OMAudit | user=runner | ip=127.0.0.1 | op=COMMIT_KEY {"volume":"27505094-0128-42ec-bf93-469d26e0a900","bucket":"62a9305b-2a51-4fc5-b22d-b7b6f391678f","key":"2208156b-8893-481d-8f61-ae914efab588","dataSize":"12","replicationType":"RATIS","replicationFactor":"ONE","Transaction":"549"} | ret=SUCCESS |  
2025-10-16 19:48:48,531 | INFO  | OMAudit | user=runner | ip=127.0.0.1 | op=READ_VOLUME {"volume":"27505094-0128-42ec-bf93-469d26e0a900"} | ret=SUCCESS |  
2025-10-16 19:48:48,532 | INFO  | OMAudit | user=runner | ip=127.0.0.1 | op=READ_BUCKET {"volume":"27505094-0128-42ec-bf93-469d26e0a900","bucket":"62a9305b-2a51-4fc5-b22d-b7b6f391678f"} | ret=SUCCESS |  
2025-10-16 19:48:48,636 | INFO  | SCMAudit | user=runner | ip=127.0.0.1 | op=SEND_HEARTBEAT {"datanodeUUID":"0e8b6cc7-9945-4141-97fc-6aa017a0d5fa","term":"2","command":"[]"} | ret=SUCCESS |  
2025-10-16 19:48:48,715 | INFO  | SCMAudit | user=runner | ip=127.0.0.1 | op=SEND_HEARTBEAT {"datanodeUUID":"757ca056-973f-4f05-ab2d-6aff6c54d452","term":"2","command":"[]"} | ret=SUCCESS |  
2025-10-16 19:48:48,734 | INFO  | SCMAudit | user=runner | ip=127.0.0.1 | op=SEND_HEARTBEAT {"datanodeUUID":"702cb173-5c73-4ecc-b5cd-c7b4a6b66aea","term":"2","command":"[]"} | ret=SUCCESS |  
2025-10-16 19:48:48,917 | INFO  | SCMAudit | user=runner | ip=127.0.0.1 | op=SEND_HEARTBEAT {"datanodeUUID":"f700af26-0e26-4136-9205-9509c82c8c70","term":"2","command":"[]"} | ret=SUCCESS |  
2025-10-16 19:48:49,111 | INFO  | SCMAudit | user=runner | ip=127.0.0.1 | op=SEND_HEARTBEAT {"datanodeUUID":"c0724e9c-0dd4-4d47-992c-7bfe285fdd38","term":"2","command":"[]"} | ret=SUCCESS |  
2025-10-16 19:48:49,111 | INFO  | SCMAudit | user=runner | ip=127.0.0.1 | op=SEND_HEARTBEAT {"datanodeUUID":"8a3c3252-9afe-4d3a-8492-25be6557678a","term":"2","command":"[]"} | ret=SUCCESS |  
2025-10-16 19:48:49,111 | INFO  | SCMAudit | user=runner | ip=127.0.0.1 | op=SEND_HEARTBEAT {"datanodeUUID":"e33e6ec4-6b66-4281-bedd-2bd75bd30070","term":"2","command":"[]"} | ret=SUCCESS |  
2025-10-16 19:48:49,116 | INFO  | SCMAudit | user=runner | ip=127.0.0.1 | op=SEND_HEARTBEAT {"datanodeUUID":"8a0fa2ff-b550-4652-b2fe-0cf91cd4a157","term":"2","command":"[]"} | ret=SUCCESS |  
2025-10-16 19:48:49,123 | INFO  | SCMAudit | user=runner | ip=127.0.0.1 | op=SEND_HEARTBEAT {"datanodeUUID":"aa213937-adc5-47da-a770-0ee1e4664344","term":"2","command":"[]"} | ret=SUCCESS |  
2025-10-16 19:48:49,128 | INFO  | SCMAudit | user=runner | ip=127.0.0.1 | op=SEND_HEARTBEAT {"datanodeUUID":"58cff6b7-b2a7-446b-a75a-bb98ad6b11b8","term":"2","command":"[]"} | ret=SUCCESS |  
2025-10-16 19:48:49,132 | INFO  | SCMAudit | user=runner | ip=127.0.0.1 | op=SEND_HEARTBEAT {"datanodeUUID":"e072d245-7694-4d97-8e20-c503ebf8c2fe","term":"2","command":"[]"} | ret=SUCCESS |  
2025-10-16 19:48:49,135 | INFO  | SCMAudit | user=runner | ip=127.0.0.1 | op=SEND_HEARTBEAT {"datanodeUUID":"0428ab3f-efd5-438e-ae11-9ec242443260","term":"2","command":"[]"} | ret=SUCCESS |  
2025-10-16 19:48:49,305 | INFO  | SCMAudit | user=runner | ip=127.0.0.1 | op=SEND_HEARTBEAT {"datanodeUUID":"76d4ba71-5bbb-4b24-8f51-8bc7f78aaca4","term":"2","command":"[]"} | ret=SUCCESS |  
2025-10-16 19:48:49,309 | INFO  | SCMAudit | user=runner | ip=127.0.0.1 | op=SEND_HEARTBEAT {"datanodeUUID":"764b18f0-81c5-439a-9fff-25adc4f241fa","term":"2","command":"[]"} | ret=SUCCESS |  
2025-10-16 19:48:49,385 [om1-KeyDeletingService#9] INFO  service.KeyDeletingService (KeyDeletingService.java:processKeyDeletes(151)) - Send 1 key(s) to SCM, first 1 keys: [PurgedKey{blockGroup=BlockGroup[groupID='/27505094-0128-42ec-bf93-469d26e0a900/62a9305b-2a51-4fc5-b22d-b7b6f391678f/2208156b-8893-481d-8f61-ae914efab588/-9223372036854635264/0', blockIDs=[conID: 3 locID: 115816896921600166 bcsId: 0 replicaIndex: null]], volume='27505094-0128-42ec-bf93-469d26e0a900', bucket='62a9305b-2a51-4fc5-b22d-b7b6f391678f', bucketId=-9223372036854636288, purgedBytes=12, isCommittedKey=true, deleteKeyName='/27505094-0128-42ec-bf93-469d26e0a900/62a9305b-2a51-4fc5-b22d-b7b6f391678f/2208156b-8893-481d-8f61-ae914efab588/-9223372036854635264'}]
2025-10-16 19:48:49,387 | INFO  | SCMAudit | user=runner | ip=127.0.0.1 | op=DELETE_KEY_BLOCK {"KeyBlockToDelete":"[BlockGroup[groupID='/27505094-0128-42ec-bf93-469d26e0a900/62a9305b-2a51-4fc5-b22d-b7b6f391678f/2208156b-8893-481d-8f61-ae914efab588/-9223372036854635264/0', blockIDs=[conID: 3 locID: 115816896921600166 bcsId: 0 replicaIndex: null]]]"} | ret=SUCCESS |  
2025-10-16 19:48:49,387 [om1-KeyDeletingService#9] INFO  service.KeyDeletingService (KeyDeletingService.java:processKeyDeletes(158)) - 1 BlockGroup deletion are acked by SCM in 2 ms
2025-10-16 19:48:49,390 [om1-KeyDeletingService#9] INFO  service.KeyDeletingService (KeyDeletingService.java:processKeyDeletes(166)) - Blocks for 1 (out of 1) keys are deleted from DB in 3 ms. Limit per task is 50000.
2025-10-16 19:48:49,411 [om1-OMStateMachineApplyTransactionThread - 0] INFO  audit.AuditLogger (AuditLogger.java:refreshDebugCmdSet(133)) - Refresh DebugCmdSet for OMSystemAudit to [].
2025-10-16 19:48:49,413 [pool-66-thread-9] INFO  service.DirectoryDeletingService (DirectoryDeletingService.java:optimizeDirDeletesAndSubmitRequest(313)) - Number of dirs deleted: 2, Number of sub-dir deleted: 0, Number of sub-files moved: 0 to DeletedTable, Number of sub-dirs moved 0 to DeletedDirectoryTable, iteration elapsed: 29ms,  totalRunCount: 87
2025-10-16 19:48:49,533 | INFO  | OMAudit | user=runner | ip=127.0.0.1 | op=READ_VOLUME {"volume":"27505094-0128-42ec-bf93-469d26e0a900"} | ret=SUCCESS |  
2025-10-16 19:48:49,535 | INFO  | OMAudit | user=runner | ip=127.0.0.1 | op=READ_BUCKET {"volume":"27505094-0128-42ec-bf93-469d26e0a900","bucket":"62a9305b-2a51-4fc5-b22d-b7b6f391678f"} | ret=SUCCESS |  
2025-10-16 19:48:49,536 | INFO  | OMAudit | user=runner | ip=127.0.0.1 | op=READ_BUCKET {"volume":"27505094-0128-42ec-bf93-469d26e0a900","bucket":"62a9305b-2a51-4fc5-b22d-b7b6f391678f"} | ret=SUCCESS |  
2025-10-16 19:48:49,536 | INFO  | SCMAudit | user=runner | ip=127.0.0.1 | op=ALLOCATE_BLOCK {"replication":"RATIS/ONE","owner":"omServiceIdDefault","size":"4194304","sampleBlocks":"[conID: 9 locID: 115816896921600168]","num":"1","client":"","allocated":"1"} | ret=SUCCESS |  
2025-10-16 19:48:49,539 | INFO  | OMAudit | user=runner | ip=127.0.0.1 | op=ALLOCATE_KEY {"volume":"27505094-0128-42ec-bf93-469d26e0a900","bucket":"62a9305b-2a51-4fc5-b22d-b7b6f391678f","key":"7b2080a7-e69f-4708-9ceb-a13adbfb5638","dataSize":"12","replicationType":"RATIS","replicationFactor":"ONE","Transaction":"552"} | ret=SUCCESS |  
2025-10-16 19:48:49,545 | INFO  | OMAudit | user=runner | ip=127.0.0.1 | op=COMMIT_KEY {"volume":"27505094-0128-42ec-bf93-469d26e0a900","bucket":"62a9305b-2a51-4fc5-b22d-b7b6f391678f","key":"7b2080a7-e69f-4708-9ceb-a13adbfb5638","dataSize":"12","replicationType":"RATIS","replicationFactor":"ONE","Transaction":"553"} | ret=SUCCESS |  
2025-10-16 19:48:49,546 | INFO  | OMAudit | user=runner | ip=127.0.0.1 | op=READ_VOLUME {"volume":"27505094-0128-42ec-bf93-469d26e0a900"} | ret=SUCCESS |  
2025-10-16 19:48:49,547 | INFO  | OMAudit | user=runner | ip=127.0.0.1 | op=READ_BUCKET {"volume":"27505094-0128-42ec-bf93-469d26e0a900","bucket":"62a9305b-2a51-4fc5-b22d-b7b6f391678f"} | ret=SUCCESS |  
2025-10-16 19:48:49,549 | INFO  | OMAudit | user=runner | ip=127.0.0.1 | op=DELETE_KEY {"volume":"27505094-0128-42ec-bf93-469d26e0a900","bucket":"62a9305b-2a51-4fc5-b22d-b7b6f391678f","key":"2208156b-8893-481d-8f61-ae914efab588","dataSize":"12","replicationConfig":"RATIS/ONE","Transaction":"554"} | ret=SUCCESS |  
2025-10-16 19:48:49,550 | INFO  | OMAudit | user=runner | ip=127.0.0.1 | op=READ_VOLUME {"volume":"27505094-0128-42ec-bf93-469d26e0a900"} | ret=SUCCESS |  
2025-10-16 19:48:49,551 | INFO  | OMAudit | user=runner | ip=127.0.0.1 | op=READ_BUCKET {"volume":"27505094-0128-42ec-bf93-469d26e0a900","bucket":"62a9305b-2a51-4fc5-b22d-b7b6f391678f"} | ret=SUCCESS |  
2025-10-16 19:48:49,636 | INFO  | SCMAudit | user=runner | ip=127.0.0.1 | op=SEND_HEARTBEAT {"datanodeUUID":"0e8b6cc7-9945-4141-97fc-6aa017a0d5fa","term":"2","command":"[]"} | ret=SUCCESS |  
2025-10-16 19:48:49,715 | INFO  | SCMAudit | user=runner | ip=127.0.0.1 | op=SEND_HEARTBEAT {"datanodeUUID":"757ca056-973f-4f05-ab2d-6aff6c54d452","term":"2","command":"[]"} | ret=SUCCESS |  
2025-10-16 19:48:49,734 | INFO  | SCMAudit | user=runner | ip=127.0.0.1 | op=SEND_HEARTBEAT {"datanodeUUID":"702cb173-5c73-4ecc-b5cd-c7b4a6b66aea","term":"2","command":"[]"} | ret=SUCCESS |  
2025-10-16 19:48:49,917 | INFO  | SCMAudit | user=runner | ip=127.0.0.1 | op=SEND_HEARTBEAT {"datanodeUUID":"f700af26-0e26-4136-9205-9509c82c8c70","term":"2","command":"[]"} | ret=SUCCESS |  
2025-10-16 19:48:50,111 | INFO  | SCMAudit | user=runner | ip=127.0.0.1 | op=SEND_HEARTBEAT {"datanodeUUID":"8a3c3252-9afe-4d3a-8492-25be6557678a","term":"2","command":"[]"} | ret=SUCCESS |  
2025-10-16 19:48:50,111 | INFO  | SCMAudit | user=runner | ip=127.0.0.1 | op=SEND_HEARTBEAT {"datanodeUUID":"e33e6ec4-6b66-4281-bedd-2bd75bd30070","term":"2","command":"[]"} | ret=SUCCESS |  
2025-10-16 19:48:50,111 | INFO  | SCMAudit | user=runner | ip=127.0.0.1 | op=SEND_HEARTBEAT {"datanodeUUID":"c0724e9c-0dd4-4d47-992c-7bfe285fdd38","term":"2","command":"[]"} | ret=SUCCESS |  
2025-10-16 19:48:50,116 | INFO  | SCMAudit | user=runner | ip=127.0.0.1 | op=SEND_HEARTBEAT {"datanodeUUID":"8a0fa2ff-b550-4652-b2fe-0cf91cd4a157","term":"2","command":"[]"} | ret=SUCCESS |  
2025-10-16 19:48:50,123 | INFO  | SCMAudit | user=runner | ip=127.0.0.1 | op=SEND_HEARTBEAT {"datanodeUUID":"aa213937-adc5-47da-a770-0ee1e4664344","term":"2","command":"[]"} | ret=SUCCESS |  
2025-10-16 19:48:50,128 | INFO  | SCMAudit | user=runner | ip=127.0.0.1 | op=SEND_HEARTBEAT {"datanodeUUID":"58cff6b7-b2a7-446b-a75a-bb98ad6b11b8","term":"2","command":"[]"} | ret=SUCCESS |  
2025-10-16 19:48:50,132 | INFO  | SCMAudit | user=runner | ip=127.0.0.1 | op=SEND_HEARTBEAT {"datanodeUUID":"e072d245-7694-4d97-8e20-c503ebf8c2fe","term":"2","command":"[]"} | ret=SUCCESS |  
2025-10-16 19:48:50,135 | INFO  | SCMAudit | user=runner | ip=127.0.0.1 | op=SEND_HEARTBEAT {"datanodeUUID":"0428ab3f-efd5-438e-ae11-9ec242443260","term":"2","command":"[]"} | ret=SUCCESS |  
2025-10-16 19:48:50,305 | INFO  | SCMAudit | user=runner | ip=127.0.0.1 | op=SEND_HEARTBEAT {"datanodeUUID":"76d4ba71-5bbb-4b24-8f51-8bc7f78aaca4","term":"2","command":"[]"} | ret=SUCCESS |  
2025-10-16 19:48:50,309 | INFO  | SCMAudit | user=runner | ip=127.0.0.1 | op=SEND_HEARTBEAT {"datanodeUUID":"764b18f0-81c5-439a-9fff-25adc4f241fa","term":"2","command":"[]"} | ret=SUCCESS |  
2025-10-16 19:48:50,385 [om1-KeyDeletingService#8] INFO  service.KeyDeletingService (KeyDeletingService.java:processKeyDeletes(151)) - Send 1 key(s) to SCM, first 1 keys: [PurgedKey{blockGroup=BlockGroup[groupID='/27505094-0128-42ec-bf93-469d26e0a900/62a9305b-2a51-4fc5-b22d-b7b6f391678f/2208156b-8893-481d-8f61-ae914efab588/-9223372036854636031/0', blockIDs=[conID: 4 locID: 115816896921600167 bcsId: 0 replicaIndex: null]], volume='27505094-0128-42ec-bf93-469d26e0a900', bucket='62a9305b-2a51-4fc5-b22d-b7b6f391678f', bucketId=-9223372036854636288, purgedBytes=12, isCommittedKey=true, deleteKeyName='/27505094-0128-42ec-bf93-469d26e0a900/62a9305b-2a51-4fc5-b22d-b7b6f391678f/2208156b-8893-481d-8f61-ae914efab588/-9223372036854636031'}]
2025-10-16 19:48:50,387 | INFO  | SCMAudit | user=runner | ip=127.0.0.1 | op=DELETE_KEY_BLOCK {"KeyBlockToDelete":"[BlockGroup[groupID='/27505094-0128-42ec-bf93-469d26e0a900/62a9305b-2a51-4fc5-b22d-b7b6f391678f/2208156b-8893-481d-8f61-ae914efab588/-9223372036854636031/0', blockIDs=[conID: 4 locID: 115816896921600167 bcsId: 0 replicaIndex: null]]]"} | ret=SUCCESS |  
2025-10-16 19:48:50,387 [om1-KeyDeletingService#8] INFO  service.KeyDeletingService (KeyDeletingService.java:processKeyDeletes(158)) - 1 BlockGroup deletion are acked by SCM in 2 ms
2025-10-16 19:48:50,389 [om1-KeyDeletingService#8] INFO  service.KeyDeletingService (KeyDeletingService.java:processKeyDeletes(166)) - Blocks for 1 (out of 1) keys are deleted from DB in 2 ms. Limit per task is 50000.
2025-10-16 19:48:50,552 | INFO  | OMAudit | user=runner | ip=127.0.0.1 | op=READ_VOLUME {"volume":"27505094-0128-42ec-bf93-469d26e0a900"} | ret=SUCCESS |  
2025-10-16 19:48:50,553 | INFO  | OMAudit | user=runner | ip=127.0.0.1 | op=READ_BUCKET {"volume":"27505094-0128-42ec-bf93-469d26e0a900","bucket":"62a9305b-2a51-4fc5-b22d-b7b6f391678f"} | ret=SUCCESS |  
2025-10-16 19:48:50,556 | INFO  | OMAudit | user=runner | ip=127.0.0.1 | op=DELETE_KEY {"volume":"27505094-0128-42ec-bf93-469d26e0a900","bucket":"62a9305b-2a51-4fc5-b22d-b7b6f391678f","key":"7b2080a7-e69f-4708-9ceb-a13adbfb5638","dataSize":"12","replicationConfig":"RATIS/ONE","Transaction":"556"} | ret=SUCCESS |  
2025-10-16 19:48:50,557 | INFO  | OMAudit | user=runner | ip=127.0.0.1 | op=READ_VOLUME {"volume":"27505094-0128-42ec-bf93-469d26e0a900"} | ret=SUCCESS |  
2025-10-16 19:48:50,558 | INFO  | OMAudit | user=runner | ip=127.0.0.1 | op=READ_BUCKET {"volume":"27505094-0128-42ec-bf93-469d26e0a900","bucket":"62a9305b-2a51-4fc5-b22d-b7b6f391678f"} | ret=SUCCESS |  
2025-10-16 19:48:50,636 | INFO  | SCMAudit | user=runner | ip=127.0.0.1 | op=SEND_HEARTBEAT {"datanodeUUID":"0e8b6cc7-9945-4141-97fc-6aa017a0d5fa","term":"2","command":"[]"} | ret=SUCCESS |  
2025-10-16 19:48:50,715 | INFO  | SCMAudit | user=runner | ip=127.0.0.1 | op=SEND_HEARTBEAT {"datanodeUUID":"757ca056-973f-4f05-ab2d-6aff6c54d452","term":"2","command":"[]"} | ret=SUCCESS |  
2025-10-16 19:48:50,734 | INFO  | SCMAudit | user=runner | ip=127.0.0.1 | op=SEND_HEARTBEAT {"datanodeUUID":"702cb173-5c73-4ecc-b5cd-c7b4a6b66aea","term":"2","command":"[]"} | ret=SUCCESS |  
2025-10-16 19:48:50,917 | INFO  | SCMAudit | user=runner | ip=127.0.0.1 | op=SEND_HEARTBEAT {"datanodeUUID":"f700af26-0e26-4136-9205-9509c82c8c70","term":"2","command":"[]"} | ret=SUCCESS |  
2025-10-16 19:48:51,110 | INFO  | SCMAudit | user=runner | ip=127.0.0.1 | op=SEND_HEARTBEAT {"datanodeUUID":"8a3c3252-9afe-4d3a-8492-25be6557678a","term":"2","command":"[]"} | ret=SUCCESS |  
2025-10-16 19:48:51,111 | INFO  | SCMAudit | user=runner | ip=127.0.0.1 | op=SEND_HEARTBEAT {"datanodeUUID":"c0724e9c-0dd4-4d47-992c-7bfe285fdd38","term":"2","command":"[]"} | ret=SUCCESS |  
2025-10-16 19:48:51,111 | INFO  | SCMAudit | user=runner | ip=127.0.0.1 | op=SEND_HEARTBEAT {"datanodeUUID":"e33e6ec4-6b66-4281-bedd-2bd75bd30070","term":"2","command":"[]"} | ret=SUCCESS |  
2025-10-16 19:48:51,117 | INFO  | SCMAudit | user=runner | ip=127.0.0.1 | op=SEND_HEARTBEAT {"datanodeUUID":"8a0fa2ff-b550-4652-b2fe-0cf91cd4a157","term":"2","command":"[]"} | ret=SUCCESS |  
2025-10-16 19:48:51,123 | INFO  | SCMAudit | user=runner | ip=127.0.0.1 | op=SEND_HEARTBEAT {"datanodeUUID":"aa213937-adc5-47da-a770-0ee1e4664344","term":"2","command":"[]"} | ret=SUCCESS |  
2025-10-16 19:48:51,128 | INFO  | SCMAudit | user=runner | ip=127.0.0.1 | op=SEND_HEARTBEAT {"datanodeUUID":"58cff6b7-b2a7-446b-a75a-bb98ad6b11b8","term":"2","command":"[]"} | ret=SUCCESS |  
2025-10-16 19:48:51,132 | INFO  | SCMAudit | user=runner | ip=127.0.0.1 | op=SEND_HEARTBEAT {"datanodeUUID":"e072d245-7694-4d97-8e20-c503ebf8c2fe","term":"2","command":"[]"} | ret=SUCCESS |  
2025-10-16 19:48:51,135 | INFO  | SCMAudit | user=runner | ip=127.0.0.1 | op=SEND_HEARTBEAT {"datanodeUUID":"0428ab3f-efd5-438e-ae11-9ec242443260","term":"2","command":"[]"} | ret=SUCCESS |  
2025-10-16 19:48:51,305 | INFO  | SCMAudit | user=runner | ip=127.0.0.1 | op=SEND_HEARTBEAT {"datanodeUUID":"76d4ba71-5bbb-4b24-8f51-8bc7f78aaca4","term":"2","command":"[]"} | ret=SUCCESS |  
2025-10-16 19:48:51,310 | INFO  | SCMAudit | user=runner | ip=127.0.0.1 | op=SEND_HEARTBEAT {"datanodeUUID":"764b18f0-81c5-439a-9fff-25adc4f241fa","term":"2","command":"[]"} | ret=SUCCESS |  
2025-10-16 19:48:51,385 [om1-KeyDeletingService#1] INFO  service.KeyDeletingService (KeyDeletingService.java:processKeyDeletes(151)) - Send 1 key(s) to SCM, first 1 keys: [PurgedKey{blockGroup=BlockGroup[groupID='/27505094-0128-42ec-bf93-469d26e0a900/62a9305b-2a51-4fc5-b22d-b7b6f391678f/7b2080a7-e69f-4708-9ceb-a13adbfb5638/-9223372036854634495/0', blockIDs=[conID: 9 locID: 115816896921600168 bcsId: 0 replicaIndex: null]], volume='27505094-0128-42ec-bf93-469d26e0a900', bucket='62a9305b-2a51-4fc5-b22d-b7b6f391678f', bucketId=-9223372036854636288, purgedBytes=12, isCommittedKey=true, deleteKeyName='/27505094-0128-42ec-bf93-469d26e0a900/62a9305b-2a51-4fc5-b22d-b7b6f391678f/7b2080a7-e69f-4708-9ceb-a13adbfb5638/-9223372036854634495'}]
2025-10-16 19:48:51,387 | INFO  | SCMAudit | user=runner | ip=127.0.0.1 | op=DELETE_KEY_BLOCK {"KeyBlockToDelete":"[BlockGroup[groupID='/27505094-0128-42ec-bf93-469d26e0a900/62a9305b-2a51-4fc5-b22d-b7b6f391678f/7b2080a7-e69f-4708-9ceb-a13adbfb5638/-9223372036854634495/0', blockIDs=[conID: 9 locID: 115816896921600168 bcsId: 0 replicaIndex: null]]]"} | ret=SUCCESS |  
2025-10-16 19:48:51,387 [om1-KeyDeletingService#1] INFO  service.KeyDeletingService (KeyDeletingService.java:processKeyDeletes(158)) - 1 BlockGroup deletion are acked by SCM in 2 ms
2025-10-16 19:48:51,389 [om1-KeyDeletingService#1] INFO  service.KeyDeletingService (KeyDeletingService.java:processKeyDeletes(166)) - Blocks for 1 (out of 1) keys are deleted from DB in 2 ms. Limit per task is 50000.
2025-10-16 19:48:51,559 | INFO  | OMAudit | user=runner | ip=127.0.0.1 | op=READ_VOLUME {"volume":"27505094-0128-42ec-bf93-469d26e0a900"} | ret=SUCCESS |  
2025-10-16 19:48:51,560 | INFO  | OMAudit | user=runner | ip=127.0.0.1 | op=READ_BUCKET {"volume":"27505094-0128-42ec-bf93-469d26e0a900","bucket":"62a9305b-2a51-4fc5-b22d-b7b6f391678f"} | ret=SUCCESS |  
2025-10-16 19:48:51,564 | INFO  | OMAudit | user=runner | ip=127.0.0.1 | op=GET_SERVICE_LIST {} | ret=SUCCESS |  
2025-10-16 19:48:51,567 | INFO  | OMAudit | user=runner | ip=127.0.0.1 | op=CREATE_DIRECTORY {"volume":"27505094-0128-42ec-bf93-469d26e0a900","bucket":"62a9305b-2a51-4fc5-b22d-b7b6f391678f","key":"fae3d153-eef8-419f-a6ba-e490b752214a","dataSize":"0","Transaction":"558"} | ret=SUCCESS |  
2025-10-16 19:48:51,568 | INFO  | OMAudit | user=runner | ip=127.0.0.1 | op=READ_VOLUME {"volume":"27505094-0128-42ec-bf93-469d26e0a900"} | ret=SUCCESS |  
2025-10-16 19:48:51,569 | INFO  | OMAudit | user=runner | ip=127.0.0.1 | op=READ_BUCKET {"volume":"27505094-0128-42ec-bf93-469d26e0a900","bucket":"62a9305b-2a51-4fc5-b22d-b7b6f391678f"} | ret=SUCCESS |  
2025-10-16 19:48:51,571 | INFO  | OMAudit | user=runner | ip=127.0.0.1 | op=CREATE_DIRECTORY {"volume":"27505094-0128-42ec-bf93-469d26e0a900","bucket":"62a9305b-2a51-4fc5-b22d-b7b6f391678f","key":"2dba598e-8378-4327-8a7b-cf950e98c555","dataSize":"0","Transaction":"559"} | ret=SUCCESS |  
2025-10-16 19:48:51,572 | INFO  | OMAudit | user=runner | ip=127.0.0.1 | op=READ_VOLUME {"volume":"27505094-0128-42ec-bf93-469d26e0a900"} | ret=SUCCESS |  
2025-10-16 19:48:51,573 | INFO  | OMAudit | user=runner | ip=127.0.0.1 | op=READ_BUCKET {"volume":"27505094-0128-42ec-bf93-469d26e0a900","bucket":"62a9305b-2a51-4fc5-b22d-b7b6f391678f"} | ret=SUCCESS |  
2025-10-16 19:48:51,577 | INFO  | OMAudit | user=runner | ip=127.0.0.1 | op=DELETE_KEY {"volume":"27505094-0128-42ec-bf93-469d26e0a900","bucket":"62a9305b-2a51-4fc5-b22d-b7b6f391678f","key":"fae3d153-eef8-419f-a6ba-e490b752214a","Transaction":"560"} | ret=SUCCESS |  
2025-10-16 19:48:51,578 | INFO  | OMAudit | user=runner | ip=127.0.0.1 | op=READ_VOLUME {"volume":"27505094-0128-42ec-bf93-469d26e0a900"} | ret=SUCCESS |  
2025-10-16 19:48:51,579 | INFO  | OMAudit | user=runner | ip=127.0.0.1 | op=READ_BUCKET {"volume":"27505094-0128-42ec-bf93-469d26e0a900","bucket":"62a9305b-2a51-4fc5-b22d-b7b6f391678f"} | ret=SUCCESS |  
2025-10-16 19:48:51,582 | INFO  | OMAudit | user=runner | ip=127.0.0.1 | op=DELETE_KEY {"volume":"27505094-0128-42ec-bf93-469d26e0a900","bucket":"62a9305b-2a51-4fc5-b22d-b7b6f391678f","key":"2dba598e-8378-4327-8a7b-cf950e98c555","Transaction":"561"} | ret=SUCCESS |  
2025-10-16 19:48:51,583 | INFO  | OMAudit | user=runner | ip=127.0.0.1 | op=READ_VOLUME {"volume":"27505094-0128-42ec-bf93-469d26e0a900"} | ret=SUCCESS |  
2025-10-16 19:48:51,584 | INFO  | OMAudit | user=runner | ip=127.0.0.1 | op=READ_BUCKET {"volume":"27505094-0128-42ec-bf93-469d26e0a900","bucket":"62a9305b-2a51-4fc5-b22d-b7b6f391678f"} | ret=SUCCESS |  
2025-10-16 19:48:51,586 | INFO  | OMAudit | user=runner | ip=127.0.0.1 | op=CREATE_DIRECTORY {"volume":"27505094-0128-42ec-bf93-469d26e0a900","bucket":"62a9305b-2a51-4fc5-b22d-b7b6f391678f","key":"dir1/dir2/dir3/dir4","dataSize":"0","Transaction":"562"} | ret=SUCCESS |  
2025-10-16 19:48:51,588 | INFO  | OMAudit | user=runner | ip=127.0.0.1 | op=READ_VOLUME {"volume":"27505094-0128-42ec-bf93-469d26e0a900"} | ret=SUCCESS |  
2025-10-16 19:48:51,588 | INFO  | OMAudit | user=runner | ip=127.0.0.1 | op=READ_BUCKET {"volume":"27505094-0128-42ec-bf93-469d26e0a900","bucket":"62a9305b-2a51-4fc5-b22d-b7b6f391678f"} | ret=SUCCESS |  
]]></system-out>
  </testcase>
  <testcase name="testCheckUsedBytesQuota" classname="org.apache.hadoop.ozone.client.rpc.TestSecureOzoneRpcClient" time="0.556">
    <system-out><![CDATA[2025-10-16 19:48:51,591 [ForkJoinPool-1-worker-1] INFO  rpc.RpcClient (RpcClient.java:createVolume(461)) - Creating Volume: 4737891b-3c6f-4b8c-bf36-016ccd87945b, with runner as owner and space quota set to -1 bytes, counts quota set to -1
2025-10-16 19:48:51,592 [om1-OMStateMachineApplyTransactionThread - 0] INFO  volume.OMVolumeCreateRequest (OMVolumeCreateRequest.java:validateAndUpdateCache(213)) - created volume:4737891b-3c6f-4b8c-bf36-016ccd87945b for user:runner
2025-10-16 19:48:51,592 | INFO  | OMAudit | user=runner | ip=127.0.0.1 | op=CREATE_VOLUME {"admin":"runner","owner":"runner","volume":"4737891b-3c6f-4b8c-bf36-016ccd87945b","creationTime":"1760644131591","modificationTime":"1760644131591","quotaInBytes":"-1","quotaInNamespace":"-1","usedNamespace":"0","objectID":"-9223372036854631680","updateID":"563","Transaction":"563"} | ret=SUCCESS |  
2025-10-16 19:48:51,593 | INFO  | OMAudit | user=runner | ip=127.0.0.1 | op=READ_VOLUME {"volume":"4737891b-3c6f-4b8c-bf36-016ccd87945b"} | ret=SUCCESS |  
2025-10-16 19:48:51,594 [ForkJoinPool-1-worker-1] INFO  rpc.RpcClient (RpcClient.java:createBucket(686)) - Creating Bucket: 4737891b-3c6f-4b8c-bf36-016ccd87945b/7b363c85-465a-4dcf-a6a9-b9c1324a988c, with server-side default bucket layout, runner as owner, Versioning false, Storage Type set to DISK and Encryption set to false, Replication Type set to server-side default replication type, Namespace Quota set to -1, Space Quota set to -1 
2025-10-16 19:48:51,595 [om1-OMStateMachineApplyTransactionThread - 0] INFO  bucket.OMBucketCreateRequest (OMBucketCreateRequest.java:validateAndUpdateCache(303)) - created bucket: 7b363c85-465a-4dcf-a6a9-b9c1324a988c of layout FILE_SYSTEM_OPTIMIZED in volume: 4737891b-3c6f-4b8c-bf36-016ccd87945b
2025-10-16 19:48:51,595 | INFO  | OMAudit | user=runner | ip=127.0.0.1 | op=CREATE_BUCKET {"volume":"4737891b-3c6f-4b8c-bf36-016ccd87945b","bucket":"7b363c85-465a-4dcf-a6a9-b9c1324a988c","bucketLayout":"FILE_SYSTEM_OPTIMIZED","gdprEnabled":null,"acls":"[user:runner:a[ACCESS], group:runner:rl[ACCESS]]","isVersionEnabled":"false","storageType":"DISK","creationTime":"1760644131594","bucketEncryptionKey":null,"modificationTime":"1760644131594","usedBytes":"0","usedNamespace":"0","snapshotUsedBytes":"0","snapshotUsedNamespace":"0","owner":"runner","replicationType":null,"replicationConfig":null,"quotaInBytes":"-1","quotaInNamespace":"-1","Transaction":"564"} | ret=SUCCESS |  
2025-10-16 19:48:51,597 | INFO  | OMAudit | user=runner | ip=127.0.0.1 | op=READ_BUCKET {"volume":"4737891b-3c6f-4b8c-bf36-016ccd87945b","bucket":"7b363c85-465a-4dcf-a6a9-b9c1324a988c"} | ret=SUCCESS |  
2025-10-16 19:48:51,597 | INFO  | OMAudit | user=runner | ip=127.0.0.1 | op=READ_BUCKET {"volume":"4737891b-3c6f-4b8c-bf36-016ccd87945b","bucket":"7b363c85-465a-4dcf-a6a9-b9c1324a988c"} | ret=SUCCESS |  
2025-10-16 19:48:51,599 | INFO  | OMAudit | user=runner | ip=127.0.0.1 | op=UPDATE_BUCKET {"volume":"4737891b-3c6f-4b8c-bf36-016ccd87945b","bucket":"7b363c85-465a-4dcf-a6a9-b9c1324a988c","gdprEnabled":null,"isVersionEnabled":"null","quotaInBytes":"1","quotaInNamespace":"100","Transaction":"565"} | ret=SUCCESS |  
2025-10-16 19:48:51,600 | INFO  | OMAudit | user=runner | ip=127.0.0.1 | op=READ_VOLUME {"volume":"4737891b-3c6f-4b8c-bf36-016ccd87945b"} | ret=SUCCESS |  
2025-10-16 19:48:51,601 | INFO  | OMAudit | user=runner | ip=127.0.0.1 | op=READ_VOLUME {"volume":"4737891b-3c6f-4b8c-bf36-016ccd87945b"} | ret=SUCCESS |  
2025-10-16 19:48:51,608 | INFO  | OMAudit | user=runner | ip=127.0.0.1 | op=SET_QUOTA {"volume":"4737891b-3c6f-4b8c-bf36-016ccd87945b","quotaInBytes":"9223372036854775807","Transaction":"566"} | ret=SUCCESS |  
2025-10-16 19:48:51,611 | INFO  | OMAudit | user=runner | ip=127.0.0.1 | op=READ_BUCKET {"volume":"4737891b-3c6f-4b8c-bf36-016ccd87945b","bucket":"7b363c85-465a-4dcf-a6a9-b9c1324a988c"} | ret=SUCCESS |  
2025-10-16 19:48:51,612 | INFO  | SCMAudit | user=runner | ip=127.0.0.1 | op=ALLOCATE_BLOCK {"replication":"RATIS/ONE","owner":"omServiceIdDefault","size":"4194304","sampleBlocks":"[conID: 6 locID: 115816896921600169]","num":"1","client":"","allocated":"1"} | ret=SUCCESS |  
2025-10-16 19:48:51,615 [om1-OMStateMachineApplyTransactionThread - 0] ERROR key.OMKeyCreateRequest (OMKeyCreateRequest.java:logResult(400)) - Key creation failed. Volume:4737891b-3c6f-4b8c-bf36-016ccd87945b, Bucket:7b363c85-465a-4dcf-a6a9-b9c1324a988c, Key:e2ddf94f-3231-4e7f-8425-0eb2c32fa4a1. 
QUOTA_EXCEEDED org.apache.hadoop.ozone.om.exceptions.OMException: The DiskSpace quota of bucket:7b363c85-465a-4dcf-a6a9-b9c1324a988c exceeded quotaInBytes: 1 Bytes but diskspace consumed: 4194304 Bytes.
	at org.apache.hadoop.ozone.om.request.key.OMKeyRequest.checkBucketQuotaInBytes(OMKeyRequest.java:844)
	at org.apache.hadoop.ozone.om.request.key.OMKeyCreateRequestWithFSO.validateAndUpdateCache(OMKeyCreateRequestWithFSO.java:182)
	at org.apache.hadoop.ozone.protocolPB.OzoneManagerRequestHandler.lambda$0(OzoneManagerRequestHandler.java:418)
	at org.apache.hadoop.ozone.util.MetricUtil.captureLatencyNs(MetricUtil.java:45)
	at org.apache.hadoop.ozone.protocolPB.OzoneManagerRequestHandler.handleWriteRequestImpl(OzoneManagerRequestHandler.java:416)
	at org.apache.hadoop.ozone.protocolPB.RequestHandler.handleWriteRequest(RequestHandler.java:62)
	at org.apache.hadoop.ozone.om.ratis.OzoneManagerStateMachine.runCommand(OzoneManagerStateMachine.java:599)
	at org.apache.hadoop.ozone.om.ratis.OzoneManagerStateMachine.lambda$3(OzoneManagerStateMachine.java:415)
	at java.base/java.util.concurrent.CompletableFuture$AsyncSupply.run(CompletableFuture.java:1768)
	at java.base/java.util.concurrent.ThreadPoolExecutor.runWorker(ThreadPoolExecutor.java:1144)
	at java.base/java.util.concurrent.ThreadPoolExecutor$Worker.run(ThreadPoolExecutor.java:642)
	at java.base/java.lang.Thread.run(Thread.java:1583)
2025-10-16 19:48:51,615 | ERROR | OMAudit | user=runner | ip=127.0.0.1 | op=ALLOCATE_KEY {"volume":"4737891b-3c6f-4b8c-bf36-016ccd87945b","bucket":"7b363c85-465a-4dcf-a6a9-b9c1324a988c","key":"e2ddf94f-3231-4e7f-8425-0eb2c32fa4a1","dataSize":"12","replicationType":"RATIS","replicationFactor":"ONE","Transaction":"567"} | ret=FAILURE | 
org.apache.hadoop.ozone.om.exceptions.OMException: The DiskSpace quota of bucket:7b363c85-465a-4dcf-a6a9-b9c1324a988c exceeded quotaInBytes: 1 Bytes but diskspace consumed: 4194304 Bytes.
	at org.apache.hadoop.ozone.om.request.key.OMKeyRequest.checkBucketQuotaInBytes(OMKeyRequest.java:844)
	at org.apache.hadoop.ozone.om.request.key.OMKeyCreateRequestWithFSO.validateAndUpdateCache(OMKeyCreateRequestWithFSO.java:182)
 
2025-10-16 19:48:51,617 | INFO  | OMAudit | user=runner | ip=127.0.0.1 | op=READ_VOLUME {"volume":"4737891b-3c6f-4b8c-bf36-016ccd87945b"} | ret=SUCCESS |  
2025-10-16 19:48:51,618 | INFO  | OMAudit | user=runner | ip=127.0.0.1 | op=READ_BUCKET {"volume":"4737891b-3c6f-4b8c-bf36-016ccd87945b","bucket":"7b363c85-465a-4dcf-a6a9-b9c1324a988c"} | ret=SUCCESS |  
2025-10-16 19:48:51,622 | INFO  | OMAudit | user=runner | ip=127.0.0.1 | op=READ_BUCKET {"volume":"4737891b-3c6f-4b8c-bf36-016ccd87945b","bucket":"7b363c85-465a-4dcf-a6a9-b9c1324a988c"} | ret=SUCCESS |  
2025-10-16 19:48:51,623 | INFO  | SCMAudit | user=runner | ip=127.0.0.1 | op=ALLOCATE_BLOCK {"replication":"RATIS/ONE","owner":"omServiceIdDefault","size":"4194304","sampleBlocks":"[conID: 1 locID: 115816896921600170]","num":"1","client":"","allocated":"1"} | ret=SUCCESS |  
2025-10-16 19:48:51,626 [om1-OMStateMachineApplyTransactionThread - 0] ERROR file.OMFileCreateRequestWithFSO (OMFileCreateRequestWithFSO.java:validateAndUpdateCache(252)) - File create failed. Volume:4737891b-3c6f-4b8c-bf36-016ccd87945b, Bucket:7b363c85-465a-4dcf-a6a9-b9c1324a988c, Key:84f4fe87-b4fc-4c3a-a167-df1252d2838b.
QUOTA_EXCEEDED org.apache.hadoop.ozone.om.exceptions.OMException: The DiskSpace quota of bucket:7b363c85-465a-4dcf-a6a9-b9c1324a988c exceeded quotaInBytes: 1 Bytes but diskspace consumed: 4194304 Bytes.
	at org.apache.hadoop.ozone.om.request.key.OMKeyRequest.checkBucketQuotaInBytes(OMKeyRequest.java:844)
	at org.apache.hadoop.ozone.om.request.file.OMFileCreateRequestWithFSO.validateAndUpdateCache(OMFileCreateRequestWithFSO.java:192)
	at org.apache.hadoop.ozone.protocolPB.OzoneManagerRequestHandler.lambda$0(OzoneManagerRequestHandler.java:418)
	at org.apache.hadoop.ozone.util.MetricUtil.captureLatencyNs(MetricUtil.java:45)
	at org.apache.hadoop.ozone.protocolPB.OzoneManagerRequestHandler.handleWriteRequestImpl(OzoneManagerRequestHandler.java:416)
	at org.apache.hadoop.ozone.protocolPB.RequestHandler.handleWriteRequest(RequestHandler.java:62)
	at org.apache.hadoop.ozone.om.ratis.OzoneManagerStateMachine.runCommand(OzoneManagerStateMachine.java:599)
	at org.apache.hadoop.ozone.om.ratis.OzoneManagerStateMachine.lambda$3(OzoneManagerStateMachine.java:415)
	at java.base/java.util.concurrent.CompletableFuture$AsyncSupply.run(CompletableFuture.java:1768)
	at java.base/java.util.concurrent.ThreadPoolExecutor.runWorker(ThreadPoolExecutor.java:1144)
	at java.base/java.util.concurrent.ThreadPoolExecutor$Worker.run(ThreadPoolExecutor.java:642)
	at java.base/java.lang.Thread.run(Thread.java:1583)
2025-10-16 19:48:51,626 | ERROR | OMAudit | user=runner | ip=127.0.0.1 | op=CREATE_FILE {"volume":"4737891b-3c6f-4b8c-bf36-016ccd87945b","bucket":"7b363c85-465a-4dcf-a6a9-b9c1324a988c","key":"84f4fe87-b4fc-4c3a-a167-df1252d2838b","dataSize":"4194304","replicationType":"RATIS","replicationFactor":"ONE","Transaction":"568"} | ret=FAILURE | 
org.apache.hadoop.ozone.om.exceptions.OMException: The DiskSpace quota of bucket:7b363c85-465a-4dcf-a6a9-b9c1324a988c exceeded quotaInBytes: 1 Bytes but diskspace consumed: 4194304 Bytes.
	at org.apache.hadoop.ozone.om.request.key.OMKeyRequest.checkBucketQuotaInBytes(OMKeyRequest.java:844)
	at org.apache.hadoop.ozone.om.request.file.OMFileCreateRequestWithFSO.validateAndUpdateCache(OMFileCreateRequestWithFSO.java:192)
 
2025-10-16 19:48:51,628 | INFO  | OMAudit | user=runner | ip=127.0.0.1 | op=READ_VOLUME {"volume":"4737891b-3c6f-4b8c-bf36-016ccd87945b"} | ret=SUCCESS |  
2025-10-16 19:48:51,629 | INFO  | OMAudit | user=runner | ip=127.0.0.1 | op=READ_BUCKET {"volume":"4737891b-3c6f-4b8c-bf36-016ccd87945b","bucket":"7b363c85-465a-4dcf-a6a9-b9c1324a988c"} | ret=SUCCESS |  
2025-10-16 19:48:51,630 | INFO  | OMAudit | user=runner | ip=127.0.0.1 | op=READ_BUCKET {"volume":"4737891b-3c6f-4b8c-bf36-016ccd87945b","bucket":"7b363c85-465a-4dcf-a6a9-b9c1324a988c"} | ret=SUCCESS |  
2025-10-16 19:48:51,632 | INFO  | OMAudit | user=runner | ip=127.0.0.1 | op=UPDATE_BUCKET {"volume":"4737891b-3c6f-4b8c-bf36-016ccd87945b","bucket":"7b363c85-465a-4dcf-a6a9-b9c1324a988c","gdprEnabled":null,"isVersionEnabled":"null","quotaInBytes":"16777216","quotaInNamespace":"100","Transaction":"569"} | ret=SUCCESS |  
2025-10-16 19:48:51,634 | INFO  | OMAudit | user=runner | ip=127.0.0.1 | op=READ_BUCKET {"volume":"4737891b-3c6f-4b8c-bf36-016ccd87945b","bucket":"7b363c85-465a-4dcf-a6a9-b9c1324a988c"} | ret=SUCCESS |  
2025-10-16 19:48:51,635 | INFO  | SCMAudit | user=runner | ip=127.0.0.1 | op=ALLOCATE_BLOCK {"replication":"RATIS/ONE","owner":"omServiceIdDefault","size":"4194304","sampleBlocks":"[conID: 13 locID: 115816896921600171]","num":"1","client":"","allocated":"1"} | ret=SUCCESS |  
2025-10-16 19:48:51,636 | INFO  | SCMAudit | user=runner | ip=127.0.0.1 | op=SEND_HEARTBEAT {"datanodeUUID":"0e8b6cc7-9945-4141-97fc-6aa017a0d5fa","term":"2","command":"[]"} | ret=SUCCESS |  
2025-10-16 19:48:51,637 | INFO  | OMAudit | user=runner | ip=127.0.0.1 | op=ALLOCATE_KEY {"volume":"4737891b-3c6f-4b8c-bf36-016ccd87945b","bucket":"7b363c85-465a-4dcf-a6a9-b9c1324a988c","key":"68211b9d-9d49-49d8-b2f1-5e84fdd67c8a","dataSize":"12","replicationType":"RATIS","replicationFactor":"ONE","Transaction":"570"} | ret=SUCCESS |  
2025-10-16 19:48:51,716 | INFO  | SCMAudit | user=runner | ip=127.0.0.1 | op=SEND_HEARTBEAT {"datanodeUUID":"757ca056-973f-4f05-ab2d-6aff6c54d452","term":"2","command":"[]"} | ret=SUCCESS |  
2025-10-16 19:48:51,735 | INFO  | SCMAudit | user=runner | ip=127.0.0.1 | op=SEND_HEARTBEAT {"datanodeUUID":"702cb173-5c73-4ecc-b5cd-c7b4a6b66aea","term":"2","command":"[]"} | ret=SUCCESS |  
2025-10-16 19:48:51,869 | INFO  | SCMAudit | user=runner | ip=127.0.0.1 | op=ALLOCATE_BLOCK {"replication":"RATIS/ONE","owner":"omServiceIdDefault","size":"4194304","sampleBlocks":"[conID: 7 locID: 115816896921600172]","num":"1","client":"","allocated":"1"} | ret=SUCCESS |  
2025-10-16 19:48:51,872 | INFO  | OMAudit | user=runner | ip=127.0.0.1 | op=ALLOCATE_BLOCK {"volume":"4737891b-3c6f-4b8c-bf36-016ccd87945b","bucket":"7b363c85-465a-4dcf-a6a9-b9c1324a988c","key":"68211b9d-9d49-49d8-b2f1-5e84fdd67c8a","dataSize":"12","replicationType":"RATIS","replicationFactor":"ONE","clientID":"115385573810831503","Transaction":"571"} | ret=SUCCESS |  
2025-10-16 19:48:51,918 | INFO  | SCMAudit | user=runner | ip=127.0.0.1 | op=SEND_HEARTBEAT {"datanodeUUID":"f700af26-0e26-4136-9205-9509c82c8c70","term":"2","command":"[]"} | ret=SUCCESS |  
2025-10-16 19:48:51,937 | INFO  | SCMAudit | user=runner | ip=127.0.0.1 | op=ALLOCATE_BLOCK {"replication":"RATIS/ONE","owner":"omServiceIdDefault","size":"4194304","sampleBlocks":"[conID: 1 locID: 115816896921600173]","num":"1","client":"","allocated":"1"} | ret=SUCCESS |  
2025-10-16 19:48:51,941 | INFO  | OMAudit | user=runner | ip=127.0.0.1 | op=ALLOCATE_BLOCK {"volume":"4737891b-3c6f-4b8c-bf36-016ccd87945b","bucket":"7b363c85-465a-4dcf-a6a9-b9c1324a988c","key":"68211b9d-9d49-49d8-b2f1-5e84fdd67c8a","dataSize":"12","replicationType":"RATIS","replicationFactor":"ONE","clientID":"115385573810831503","Transaction":"572"} | ret=SUCCESS |  
2025-10-16 19:48:52,039 | INFO  | SCMAudit | user=runner | ip=127.0.0.1 | op=ALLOCATE_BLOCK {"replication":"RATIS/ONE","owner":"omServiceIdDefault","size":"4194304","sampleBlocks":"[conID: 3 locID: 115816896921600174]","num":"1","client":"","allocated":"1"} | ret=SUCCESS |  
2025-10-16 19:48:52,041 | INFO  | OMAudit | user=runner | ip=127.0.0.1 | op=ALLOCATE_BLOCK {"volume":"4737891b-3c6f-4b8c-bf36-016ccd87945b","bucket":"7b363c85-465a-4dcf-a6a9-b9c1324a988c","key":"68211b9d-9d49-49d8-b2f1-5e84fdd67c8a","dataSize":"12","replicationType":"RATIS","replicationFactor":"ONE","clientID":"115385573810831503","Transaction":"573"} | ret=SUCCESS |  
2025-10-16 19:48:52,093 | INFO  | SCMAudit | user=runner | ip=127.0.0.1 | op=ALLOCATE_BLOCK {"replication":"RATIS/ONE","owner":"omServiceIdDefault","size":"4194304","sampleBlocks":"[conID: 27 locID: 115816896921600175]","num":"1","client":"","allocated":"1"} | ret=SUCCESS |  
2025-10-16 19:48:52,095 [om1-OMStateMachineApplyTransactionThread - 0] ERROR key.OMAllocateBlockRequestWithFSO (OMAllocateBlockRequestWithFSO.java:validateAndUpdateCache(181)) - Allocate Block failed. Volume:4737891b-3c6f-4b8c-bf36-016ccd87945b, Bucket:7b363c85-465a-4dcf-a6a9-b9c1324a988c, OpenKey:/-9223372036854631680/-9223372036854631424/-9223372036854631424/68211b9d-9d49-49d8-b2f1-5e84fdd67c8a/115385573810831503. Exception:{}
QUOTA_EXCEEDED org.apache.hadoop.ozone.om.exceptions.OMException: The DiskSpace quota of bucket:7b363c85-465a-4dcf-a6a9-b9c1324a988c exceeded quotaInBytes: 16777216 Bytes but diskspace consumed: 20971520 Bytes.
	at org.apache.hadoop.ozone.om.request.key.OMKeyRequest.checkBucketQuotaInBytes(OMKeyRequest.java:844)
	at org.apache.hadoop.ozone.om.request.key.OMAllocateBlockRequestWithFSO.validateAndUpdateCache(OMAllocateBlockRequestWithFSO.java:154)
	at org.apache.hadoop.ozone.protocolPB.OzoneManagerRequestHandler.lambda$0(OzoneManagerRequestHandler.java:418)
	at org.apache.hadoop.ozone.util.MetricUtil.captureLatencyNs(MetricUtil.java:45)
	at org.apache.hadoop.ozone.protocolPB.OzoneManagerRequestHandler.handleWriteRequestImpl(OzoneManagerRequestHandler.java:416)
	at org.apache.hadoop.ozone.protocolPB.RequestHandler.handleWriteRequest(RequestHandler.java:62)
	at org.apache.hadoop.ozone.om.ratis.OzoneManagerStateMachine.runCommand(OzoneManagerStateMachine.java:599)
	at org.apache.hadoop.ozone.om.ratis.OzoneManagerStateMachine.lambda$3(OzoneManagerStateMachine.java:415)
	at java.base/java.util.concurrent.CompletableFuture$AsyncSupply.run(CompletableFuture.java:1768)
	at java.base/java.util.concurrent.ThreadPoolExecutor.runWorker(ThreadPoolExecutor.java:1144)
	at java.base/java.util.concurrent.ThreadPoolExecutor$Worker.run(ThreadPoolExecutor.java:642)
	at java.base/java.lang.Thread.run(Thread.java:1583)
2025-10-16 19:48:52,095 | ERROR | OMAudit | user=runner | ip=127.0.0.1 | op=ALLOCATE_BLOCK {"volume":"4737891b-3c6f-4b8c-bf36-016ccd87945b","bucket":"7b363c85-465a-4dcf-a6a9-b9c1324a988c","key":"68211b9d-9d49-49d8-b2f1-5e84fdd67c8a","dataSize":"12","replicationType":"RATIS","replicationFactor":"ONE","clientID":"115385573810831503","Transaction":"574"} | ret=FAILURE | 
org.apache.hadoop.ozone.om.exceptions.OMException: The DiskSpace quota of bucket:7b363c85-465a-4dcf-a6a9-b9c1324a988c exceeded quotaInBytes: 16777216 Bytes but diskspace consumed: 20971520 Bytes.
	at org.apache.hadoop.ozone.om.request.key.OMKeyRequest.checkBucketQuotaInBytes(OMKeyRequest.java:844)
	at org.apache.hadoop.ozone.om.request.key.OMAllocateBlockRequestWithFSO.validateAndUpdateCache(OMAllocateBlockRequestWithFSO.java:154)
 
2025-10-16 19:48:52,097 | INFO  | OMAudit | user=runner | ip=127.0.0.1 | op=READ_VOLUME {"volume":"4737891b-3c6f-4b8c-bf36-016ccd87945b"} | ret=SUCCESS |  
2025-10-16 19:48:52,098 | INFO  | OMAudit | user=runner | ip=127.0.0.1 | op=READ_BUCKET {"volume":"4737891b-3c6f-4b8c-bf36-016ccd87945b","bucket":"7b363c85-465a-4dcf-a6a9-b9c1324a988c"} | ret=SUCCESS |  
2025-10-16 19:48:52,098 | INFO  | OMAudit | user=runner | ip=127.0.0.1 | op=READ_BUCKET {"volume":"4737891b-3c6f-4b8c-bf36-016ccd87945b","bucket":"7b363c85-465a-4dcf-a6a9-b9c1324a988c"} | ret=SUCCESS |  
2025-10-16 19:48:52,100 | INFO  | OMAudit | user=runner | ip=127.0.0.1 | op=UPDATE_BUCKET {"volume":"4737891b-3c6f-4b8c-bf36-016ccd87945b","bucket":"7b363c85-465a-4dcf-a6a9-b9c1324a988c","gdprEnabled":null,"isVersionEnabled":"null","quotaInBytes":"107374182400","quotaInNamespace":"100","Transaction":"575"} | ret=SUCCESS |  
2025-10-16 19:48:52,101 | INFO  | OMAudit | user=runner | ip=127.0.0.1 | op=READ_VOLUME {"volume":"4737891b-3c6f-4b8c-bf36-016ccd87945b"} | ret=SUCCESS |  
2025-10-16 19:48:52,101 | INFO  | OMAudit | user=runner | ip=127.0.0.1 | op=READ_BUCKET {"volume":"4737891b-3c6f-4b8c-bf36-016ccd87945b","bucket":"7b363c85-465a-4dcf-a6a9-b9c1324a988c"} | ret=SUCCESS |  
2025-10-16 19:48:52,102 | INFO  | OMAudit | user=runner | ip=127.0.0.1 | op=READ_BUCKET {"volume":"4737891b-3c6f-4b8c-bf36-016ccd87945b","bucket":"7b363c85-465a-4dcf-a6a9-b9c1324a988c"} | ret=SUCCESS |  
2025-10-16 19:48:52,104 | INFO  | OMAudit | user=runner | ip=127.0.0.1 | op=UPDATE_BUCKET {"volume":"4737891b-3c6f-4b8c-bf36-016ccd87945b","bucket":"7b363c85-465a-4dcf-a6a9-b9c1324a988c","gdprEnabled":null,"isVersionEnabled":"null","quotaInBytes":"20971520","quotaInNamespace":"100","Transaction":"576"} | ret=SUCCESS |  
2025-10-16 19:48:52,116 | INFO  | SCMAudit | user=runner | ip=127.0.0.1 | op=SEND_HEARTBEAT {"datanodeUUID":"e33e6ec4-6b66-4281-bedd-2bd75bd30070","term":"2","command":"[]"} | ret=SUCCESS |  
2025-10-16 19:48:52,116 | INFO  | SCMAudit | user=runner | ip=127.0.0.1 | op=SEND_HEARTBEAT {"datanodeUUID":"8a3c3252-9afe-4d3a-8492-25be6557678a","term":"2","command":"[]"} | ret=SUCCESS |  
2025-10-16 19:48:52,117 | INFO  | SCMAudit | user=runner | ip=127.0.0.1 | op=SEND_HEARTBEAT {"datanodeUUID":"c0724e9c-0dd4-4d47-992c-7bfe285fdd38","term":"2","command":"[]"} | ret=SUCCESS |  
2025-10-16 19:48:52,118 | INFO  | OMAudit | user=runner | ip=127.0.0.1 | op=READ_BUCKET {"volume":"4737891b-3c6f-4b8c-bf36-016ccd87945b","bucket":"7b363c85-465a-4dcf-a6a9-b9c1324a988c"} | ret=SUCCESS |  
2025-10-16 19:48:52,119 | INFO  | SCMAudit | user=runner | ip=127.0.0.1 | op=SEND_HEARTBEAT {"datanodeUUID":"8a0fa2ff-b550-4652-b2fe-0cf91cd4a157","term":"2","command":"[]"} | ret=SUCCESS |  
2025-10-16 19:48:52,120 | INFO  | SCMAudit | user=runner | ip=127.0.0.1 | op=ALLOCATE_BLOCK {"replication":"RATIS/ONE","owner":"omServiceIdDefault","size":"4194304","sampleBlocks":"[conID: 4 locID: 115816896921600176]","num":"1","client":"","allocated":"1"} | ret=SUCCESS |  
2025-10-16 19:48:52,122 | INFO  | OMAudit | user=runner | ip=127.0.0.1 | op=ALLOCATE_KEY {"volume":"4737891b-3c6f-4b8c-bf36-016ccd87945b","bucket":"7b363c85-465a-4dcf-a6a9-b9c1324a988c","key":"819945cb-a595-487c-8dfb-f7ec1f7e396e","dataSize":"12","replicationType":"RATIS","replicationFactor":"ONE","Transaction":"577"} | ret=SUCCESS |  
2025-10-16 19:48:52,124 | INFO  | SCMAudit | user=runner | ip=127.0.0.1 | op=SEND_HEARTBEAT {"datanodeUUID":"aa213937-adc5-47da-a770-0ee1e4664344","term":"2","command":"[]"} | ret=SUCCESS |  
2025-10-16 19:48:52,125 | INFO  | OMAudit | user=runner | ip=127.0.0.1 | op=COMMIT_KEY {"volume":"4737891b-3c6f-4b8c-bf36-016ccd87945b","bucket":"7b363c85-465a-4dcf-a6a9-b9c1324a988c","key":"819945cb-a595-487c-8dfb-f7ec1f7e396e","dataSize":"0","replicationType":"RATIS","replicationFactor":"ONE","Transaction":"578"} | ret=SUCCESS |  
2025-10-16 19:48:52,127 | INFO  | OMAudit | user=runner | ip=127.0.0.1 | op=READ_VOLUME {"volume":"4737891b-3c6f-4b8c-bf36-016ccd87945b"} | ret=SUCCESS |  
2025-10-16 19:48:52,127 | INFO  | OMAudit | user=runner | ip=127.0.0.1 | op=READ_BUCKET {"volume":"4737891b-3c6f-4b8c-bf36-016ccd87945b","bucket":"7b363c85-465a-4dcf-a6a9-b9c1324a988c"} | ret=SUCCESS |  
2025-10-16 19:48:52,128 | INFO  | SCMAudit | user=runner | ip=127.0.0.1 | op=SEND_HEARTBEAT {"datanodeUUID":"58cff6b7-b2a7-446b-a75a-bb98ad6b11b8","term":"2","command":"[]"} | ret=SUCCESS |  
2025-10-16 19:48:52,128 | INFO  | OMAudit | user=runner | ip=127.0.0.1 | op=READ_BUCKET {"volume":"4737891b-3c6f-4b8c-bf36-016ccd87945b","bucket":"7b363c85-465a-4dcf-a6a9-b9c1324a988c"} | ret=SUCCESS |  
2025-10-16 19:48:52,131 | INFO  | OMAudit | user=runner | ip=127.0.0.1 | op=UPDATE_BUCKET {"volume":"4737891b-3c6f-4b8c-bf36-016ccd87945b","bucket":"7b363c85-465a-4dcf-a6a9-b9c1324a988c","gdprEnabled":null,"isVersionEnabled":"null","quotaInBytes":"20971520","quotaInNamespace":"100","Transaction":"579"} | ret=SUCCESS |  
2025-10-16 19:48:52,133 | INFO  | OMAudit | user=runner | ip=127.0.0.1 | op=READ_BUCKET {"volume":"4737891b-3c6f-4b8c-bf36-016ccd87945b","bucket":"7b363c85-465a-4dcf-a6a9-b9c1324a988c"} | ret=SUCCESS |  
2025-10-16 19:48:52,133 | INFO  | SCMAudit | user=runner | ip=127.0.0.1 | op=SEND_HEARTBEAT {"datanodeUUID":"e072d245-7694-4d97-8e20-c503ebf8c2fe","term":"2","command":"[]"} | ret=SUCCESS |  
2025-10-16 19:48:52,134 | INFO  | SCMAudit | user=runner | ip=127.0.0.1 | op=ALLOCATE_BLOCK {"replication":"RATIS/ONE","owner":"omServiceIdDefault","size":"4194304","sampleBlocks":"[conID: 7 locID: 115816896921600177]","num":"1","client":"","allocated":"1"} | ret=SUCCESS |  
2025-10-16 19:48:52,135 | INFO  | SCMAudit | user=runner | ip=127.0.0.1 | op=SEND_HEARTBEAT {"datanodeUUID":"0428ab3f-efd5-438e-ae11-9ec242443260","term":"2","command":"[]"} | ret=SUCCESS |  
2025-10-16 19:48:52,136 | INFO  | OMAudit | user=runner | ip=127.0.0.1 | op=ALLOCATE_KEY {"volume":"4737891b-3c6f-4b8c-bf36-016ccd87945b","bucket":"7b363c85-465a-4dcf-a6a9-b9c1324a988c","key":"eee41284-02b7-42c0-bda8-b6351cfacabe","dataSize":"12","replicationType":"RATIS","replicationFactor":"ONE","Transaction":"580"} | ret=SUCCESS |  
2025-10-16 19:48:52,143 | INFO  | OMAudit | user=runner | ip=127.0.0.1 | op=COMMIT_KEY {"volume":"4737891b-3c6f-4b8c-bf36-016ccd87945b","bucket":"7b363c85-465a-4dcf-a6a9-b9c1324a988c","key":"eee41284-02b7-42c0-bda8-b6351cfacabe","dataSize":"12","replicationType":"RATIS","replicationFactor":"ONE","Transaction":"581"} | ret=SUCCESS |  
2025-10-16 19:48:52,144 | INFO  | OMAudit | user=runner | ip=127.0.0.1 | op=READ_VOLUME {"volume":"4737891b-3c6f-4b8c-bf36-016ccd87945b"} | ret=SUCCESS |  
2025-10-16 19:48:52,145 | INFO  | OMAudit | user=runner | ip=127.0.0.1 | op=READ_BUCKET {"volume":"4737891b-3c6f-4b8c-bf36-016ccd87945b","bucket":"7b363c85-465a-4dcf-a6a9-b9c1324a988c"} | ret=SUCCESS |  
]]></system-out>
  </testcase>
  <testcase name="testCommitPartAfterCompleteUpload" classname="org.apache.hadoop.ozone.client.rpc.TestSecureOzoneRpcClient" time="0.279">
    <system-out><![CDATA[2025-10-16 19:48:52,148 [ForkJoinPool-1-worker-1] INFO  rpc.RpcClient (RpcClient.java:createVolume(461)) - Creating Volume: a9461b0e-4058-4448-824e-01391f906130, with runner as owner and space quota set to -1 bytes, counts quota set to -1
2025-10-16 19:48:52,150 [om1-OMStateMachineApplyTransactionThread - 0] INFO  volume.OMVolumeCreateRequest (OMVolumeCreateRequest.java:validateAndUpdateCache(213)) - created volume:a9461b0e-4058-4448-824e-01391f906130 for user:runner
2025-10-16 19:48:52,150 | INFO  | OMAudit | user=runner | ip=127.0.0.1 | op=CREATE_VOLUME {"admin":"runner","owner":"runner","volume":"a9461b0e-4058-4448-824e-01391f906130","creationTime":"1760644132149","modificationTime":"1760644132149","quotaInBytes":"-1","quotaInNamespace":"-1","usedNamespace":"0","objectID":"-9223372036854626816","updateID":"582","Transaction":"582"} | ret=SUCCESS |  
2025-10-16 19:48:52,151 | INFO  | OMAudit | user=runner | ip=127.0.0.1 | op=READ_VOLUME {"volume":"a9461b0e-4058-4448-824e-01391f906130"} | ret=SUCCESS |  
2025-10-16 19:48:52,151 [ForkJoinPool-1-worker-1] INFO  rpc.RpcClient (RpcClient.java:createBucket(686)) - Creating Bucket: a9461b0e-4058-4448-824e-01391f906130/5f5c6c02-1073-4e97-a285-ee99cfa16b67, with server-side default bucket layout, runner as owner, Versioning false, Storage Type set to DISK and Encryption set to false, Replication Type set to server-side default replication type, Namespace Quota set to -1, Space Quota set to -1 
2025-10-16 19:48:52,154 [om1-OMStateMachineApplyTransactionThread - 0] INFO  bucket.OMBucketCreateRequest (OMBucketCreateRequest.java:validateAndUpdateCache(303)) - created bucket: 5f5c6c02-1073-4e97-a285-ee99cfa16b67 of layout FILE_SYSTEM_OPTIMIZED in volume: a9461b0e-4058-4448-824e-01391f906130
2025-10-16 19:48:52,154 | INFO  | OMAudit | user=runner | ip=127.0.0.1 | op=CREATE_BUCKET {"volume":"a9461b0e-4058-4448-824e-01391f906130","bucket":"5f5c6c02-1073-4e97-a285-ee99cfa16b67","bucketLayout":"FILE_SYSTEM_OPTIMIZED","gdprEnabled":null,"acls":"[user:runner:a[ACCESS], group:runner:rl[ACCESS]]","isVersionEnabled":"false","storageType":"DISK","creationTime":"1760644132153","bucketEncryptionKey":null,"modificationTime":"1760644132153","usedBytes":"0","usedNamespace":"0","snapshotUsedBytes":"0","snapshotUsedNamespace":"0","owner":"runner","replicationType":null,"replicationConfig":null,"quotaInBytes":"-1","quotaInNamespace":"-1","Transaction":"583"} | ret=SUCCESS |  
2025-10-16 19:48:52,155 | INFO  | OMAudit | user=runner | ip=127.0.0.1 | op=READ_BUCKET {"volume":"a9461b0e-4058-4448-824e-01391f906130","bucket":"5f5c6c02-1073-4e97-a285-ee99cfa16b67"} | ret=SUCCESS |  
2025-10-16 19:48:52,158 | INFO  | OMAudit | user=runner | ip=127.0.0.1 | op=INITIATE_MULTIPART_UPLOAD {"volume":"a9461b0e-4058-4448-824e-01391f906130","bucket":"5f5c6c02-1073-4e97-a285-ee99cfa16b67","key":"310a6efe-bf1e-41a5-b261-d19c1ec272ad","dataSize":"0","replicationType":"RATIS","replicationFactor":"ONE","uploadID":"0199ee91-6d3d-79e5-a069-c753b90f5436-115385573845041298","Transaction":"584"} | ret=SUCCESS |  
2025-10-16 19:48:52,183 | INFO  | OMAudit | user=runner | ip=127.0.0.1 | op=ALLOCATE_KEY {"volume":"a9461b0e-4058-4448-824e-01391f906130","bucket":"5f5c6c02-1073-4e97-a285-ee99cfa16b67","key":"310a6efe-bf1e-41a5-b261-d19c1ec272ad","dataSize":"5242880","Transaction":"585"} | ret=SUCCESS |  
2025-10-16 19:48:52,188 | INFO  | SCMAudit | user=runner | ip=127.0.0.1 | op=ALLOCATE_BLOCK {"replication":"RATIS/ONE","owner":"omServiceIdDefault","size":"4194304","sampleBlocks":"[conID: 5 locID: 115816896921600178]","num":"1","client":"","allocated":"1"} | ret=SUCCESS |  
2025-10-16 19:48:52,192 | INFO  | OMAudit | user=runner | ip=127.0.0.1 | op=ALLOCATE_BLOCK {"volume":"a9461b0e-4058-4448-824e-01391f906130","bucket":"5f5c6c02-1073-4e97-a285-ee99cfa16b67","key":"310a6efe-bf1e-41a5-b261-d19c1ec272ad","dataSize":"5242880","replicationType":"RATIS","replicationFactor":"ONE","clientID":"115385573846417555","Transaction":"586"} | ret=SUCCESS |  
2025-10-16 19:48:52,227 | INFO  | SCMAudit | user=runner | ip=127.0.0.1 | op=ALLOCATE_BLOCK {"replication":"RATIS/ONE","owner":"omServiceIdDefault","size":"4194304","sampleBlocks":"[conID: 4 locID: 115816896921600179]","num":"1","client":"","allocated":"1"} | ret=SUCCESS |  
2025-10-16 19:48:52,230 | INFO  | OMAudit | user=runner | ip=127.0.0.1 | op=ALLOCATE_BLOCK {"volume":"a9461b0e-4058-4448-824e-01391f906130","bucket":"5f5c6c02-1073-4e97-a285-ee99cfa16b67","key":"310a6efe-bf1e-41a5-b261-d19c1ec272ad","dataSize":"5242880","replicationType":"RATIS","replicationFactor":"ONE","clientID":"115385573846417555","Transaction":"587"} | ret=SUCCESS |  
2025-10-16 19:48:52,260 | INFO  | OMAudit | user=runner | ip=127.0.0.1 | op=COMMIT_MULTIPART_UPLOAD_PARTKEY {"volume":"a9461b0e-4058-4448-824e-01391f906130","bucket":"5f5c6c02-1073-4e97-a285-ee99cfa16b67","key":"310a6efe-bf1e-41a5-b261-d19c1ec272ad","dataSize":"5242880","ETag":"fedf813c111c1f39fc99e55d3002546a","uploadID":"0199ee91-6d3d-79e5-a069-c753b90f5436-115385573845041298","partNumber":"1","partName":"/a9461b0e-4058-4448-824e-01391f906130/5f5c6c02-1073-4e97-a285-ee99cfa16b67/310a6efe-bf1e-41a5-b261-d19c1ec272ad-0199ee91-6d3d-79e5-a069-c753b90f5436-115385573845041298-1","Transaction":"588"} | ret=SUCCESS |  
2025-10-16 19:48:52,265 | INFO  | OMAudit | user=runner | ip=127.0.0.1 | op=ALLOCATE_KEY {"volume":"a9461b0e-4058-4448-824e-01391f906130","bucket":"5f5c6c02-1073-4e97-a285-ee99cfa16b67","key":"310a6efe-bf1e-41a5-b261-d19c1ec272ad","dataSize":"5242880","Transaction":"589"} | ret=SUCCESS |  
2025-10-16 19:48:52,276 | INFO  | SCMAudit | user=runner | ip=127.0.0.1 | op=ALLOCATE_BLOCK {"replication":"RATIS/ONE","owner":"omServiceIdDefault","size":"4194304","sampleBlocks":"[conID: 4 locID: 115816896921600180]","num":"1","client":"","allocated":"1"} | ret=SUCCESS |  
2025-10-16 19:48:52,278 | INFO  | OMAudit | user=runner | ip=127.0.0.1 | op=ALLOCATE_BLOCK {"volume":"a9461b0e-4058-4448-824e-01391f906130","bucket":"5f5c6c02-1073-4e97-a285-ee99cfa16b67","key":"310a6efe-bf1e-41a5-b261-d19c1ec272ad","dataSize":"5242880","replicationType":"RATIS","replicationFactor":"ONE","clientID":"115385573851988116","Transaction":"590"} | ret=SUCCESS |  
2025-10-16 19:48:52,295 | INFO  | SCMAudit | user=runner | ip=127.0.0.1 | op=ALLOCATE_BLOCK {"replication":"RATIS/ONE","owner":"omServiceIdDefault","size":"4194304","sampleBlocks":"[conID: 4 locID: 115816896921600181]","num":"1","client":"","allocated":"1"} | ret=SUCCESS |  
2025-10-16 19:48:52,298 | INFO  | OMAudit | user=runner | ip=127.0.0.1 | op=ALLOCATE_BLOCK {"volume":"a9461b0e-4058-4448-824e-01391f906130","bucket":"5f5c6c02-1073-4e97-a285-ee99cfa16b67","key":"310a6efe-bf1e-41a5-b261-d19c1ec272ad","dataSize":"5242880","replicationType":"RATIS","replicationFactor":"ONE","clientID":"115385573851988116","Transaction":"591"} | ret=SUCCESS |  
2025-10-16 19:48:52,309 | INFO  | SCMAudit | user=runner | ip=127.0.0.1 | op=SEND_HEARTBEAT {"datanodeUUID":"76d4ba71-5bbb-4b24-8f51-8bc7f78aaca4","term":"2","command":"[]"} | ret=SUCCESS |  
2025-10-16 19:48:52,312 | INFO  | SCMAudit | user=runner | ip=127.0.0.1 | op=SEND_HEARTBEAT {"datanodeUUID":"764b18f0-81c5-439a-9fff-25adc4f241fa","term":"2","command":"[]"} | ret=SUCCESS |  
2025-10-16 19:48:52,349 | INFO  | OMAudit | user=runner | ip=127.0.0.1 | op=COMPLETE_MULTIPART_UPLOAD {"volume":"a9461b0e-4058-4448-824e-01391f906130","bucket":"5f5c6c02-1073-4e97-a285-ee99cfa16b67","key":"310a6efe-bf1e-41a5-b261-d19c1ec272ad","dataSize":"0","uploadID":"0199ee91-6d3d-79e5-a069-c753b90f5436-115385573845041298","multipartList":"[partNumber: 1 partName: \"fedf813c111c1f39fc99e55d3002546a\" eTag: \"fedf813c111c1f39fc99e55d3002546a\" ]","Transaction":"592"} | ret=SUCCESS |  
2025-10-16 19:48:52,356 | INFO  | OMAudit | user=runner | ip=127.0.0.1 | op=READ_KEY {"volume":"a9461b0e-4058-4448-824e-01391f906130","bucket":"5f5c6c02-1073-4e97-a285-ee99cfa16b67","key":"310a6efe-bf1e-41a5-b261-d19c1ec272ad","owner":null,"dataSize":"0","replicationConfig":null} | ret=SUCCESS |  
2025-10-16 19:48:52,386 [om1-KeyDeletingService#3] INFO  service.KeyDeletingService (KeyDeletingService.java:processKeyDeletes(151)) - Send 1 key(s) to SCM, first 1 keys: [PurgedKey{blockGroup=BlockGroup[groupID='/4737891b-3c6f-4b8c-bf36-016ccd87945b/7b363c85-465a-4dcf-a6a9-b9c1324a988c/819945cb-a595-487c-8dfb-f7ec1f7e396e/-9223372036854627840/0', blockIDs=[conID: 4 locID: 115816896921600176 bcsId: 0 replicaIndex: null]], volume='4737891b-3c6f-4b8c-bf36-016ccd87945b', bucket='7b363c85-465a-4dcf-a6a9-b9c1324a988c', bucketId=-9223372036854631424, purgedBytes=4194304, isCommittedKey=false, deleteKeyName='/4737891b-3c6f-4b8c-bf36-016ccd87945b/7b363c85-465a-4dcf-a6a9-b9c1324a988c/819945cb-a595-487c-8dfb-f7ec1f7e396e/-9223372036854627840'}]
2025-10-16 19:48:52,392 | INFO  | SCMAudit | user=runner | ip=127.0.0.1 | op=DELETE_KEY_BLOCK {"KeyBlockToDelete":"[BlockGroup[groupID='/4737891b-3c6f-4b8c-bf36-016ccd87945b/7b363c85-465a-4dcf-a6a9-b9c1324a988c/819945cb-a595-487c-8dfb-f7ec1f7e396e/-9223372036854627840/0', blockIDs=[conID: 4 locID: 115816896921600176 bcsId: 0 replicaIndex: null]]]"} | ret=SUCCESS |  
2025-10-16 19:48:52,393 [om1-KeyDeletingService#3] INFO  service.KeyDeletingService (KeyDeletingService.java:processKeyDeletes(158)) - 1 BlockGroup deletion are acked by SCM in 7 ms
2025-10-16 19:48:52,396 [pool-66-thread-9] INFO  service.DirectoryDeletingService (DirectoryDeletingService.java:optimizeDirDeletesAndSubmitRequest(313)) - Number of dirs deleted: 2, Number of sub-dir deleted: 0, Number of sub-files moved: 0 to DeletedTable, Number of sub-dirs moved 0 to DeletedDirectoryTable, iteration elapsed: 9ms,  totalRunCount: 90
2025-10-16 19:48:52,398 [om1-KeyDeletingService#3] INFO  service.KeyDeletingService (KeyDeletingService.java:processKeyDeletes(166)) - Blocks for 1 (out of 1) keys are deleted from DB in 4 ms. Limit per task is 50000.
2025-10-16 19:48:52,424 [om1-OMStateMachineApplyTransactionThread - 0] ERROR multipart.S3MultipartUploadCommitPartRequest (S3MultipartUploadCommitPartRequest.java:logResult(352)) - MultipartUpload Commit is failed for Key:310a6efe-bf1e-41a5-b261-d19c1ec272ad in Volume/Bucket a9461b0e-4058-4448-824e-01391f906130/5f5c6c02-1073-4e97-a285-ee99cfa16b67
NO_SUCH_MULTIPART_UPLOAD_ERROR org.apache.hadoop.ozone.om.exceptions.OMException: No such Multipart upload is with specified uploadId 0199ee91-6d3d-79e5-a069-c753b90f5436-115385573845041298
	at org.apache.hadoop.ozone.om.request.s3.multipart.S3MultipartUploadCommitPartRequest.validateAndUpdateCache(S3MultipartUploadCommitPartRequest.java:188)
	at org.apache.hadoop.ozone.protocolPB.OzoneManagerRequestHandler.lambda$0(OzoneManagerRequestHandler.java:418)
	at org.apache.hadoop.ozone.util.MetricUtil.captureLatencyNs(MetricUtil.java:45)
	at org.apache.hadoop.ozone.protocolPB.OzoneManagerRequestHandler.handleWriteRequestImpl(OzoneManagerRequestHandler.java:416)
	at org.apache.hadoop.ozone.protocolPB.RequestHandler.handleWriteRequest(RequestHandler.java:62)
	at org.apache.hadoop.ozone.om.ratis.OzoneManagerStateMachine.runCommand(OzoneManagerStateMachine.java:599)
	at org.apache.hadoop.ozone.om.ratis.OzoneManagerStateMachine.lambda$3(OzoneManagerStateMachine.java:415)
	at java.base/java.util.concurrent.CompletableFuture$AsyncSupply.run(CompletableFuture.java:1768)
	at java.base/java.util.concurrent.ThreadPoolExecutor.runWorker(ThreadPoolExecutor.java:1144)
	at java.base/java.util.concurrent.ThreadPoolExecutor$Worker.run(ThreadPoolExecutor.java:642)
	at java.base/java.lang.Thread.run(Thread.java:1583)
2025-10-16 19:48:52,424 | ERROR | OMAudit | user=runner | ip=127.0.0.1 | op=COMMIT_MULTIPART_UPLOAD_PARTKEY {"volume":"a9461b0e-4058-4448-824e-01391f906130","bucket":"5f5c6c02-1073-4e97-a285-ee99cfa16b67","key":"310a6efe-bf1e-41a5-b261-d19c1ec272ad","dataSize":"5242880","ETag":"fedf813c111c1f39fc99e55d3002546a","uploadID":"0199ee91-6d3d-79e5-a069-c753b90f5436-115385573845041298","partNumber":"2","partName":"/a9461b0e-4058-4448-824e-01391f906130/5f5c6c02-1073-4e97-a285-ee99cfa16b67/310a6efe-bf1e-41a5-b261-d19c1ec272ad-0199ee91-6d3d-79e5-a069-c753b90f5436-115385573845041298-2","Transaction":"595"} | ret=FAILURE | 
org.apache.hadoop.ozone.om.exceptions.OMException: No such Multipart upload is with specified uploadId 0199ee91-6d3d-79e5-a069-c753b90f5436-115385573845041298
	at org.apache.hadoop.ozone.om.request.s3.multipart.S3MultipartUploadCommitPartRequest.validateAndUpdateCache(S3MultipartUploadCommitPartRequest.java:188)
	at org.apache.hadoop.ozone.protocolPB.OzoneManagerRequestHandler.lambda$0(OzoneManagerRequestHandler.java:418)
 
]]></system-out>
  </testcase>
  <testcase name="testCreateBucket" classname="org.apache.hadoop.ozone.client.rpc.TestSecureOzoneRpcClient" time="0.027">
    <system-out><![CDATA[2025-10-16 19:48:52,431 [ForkJoinPool-1-worker-1] INFO  rpc.RpcClient (RpcClient.java:createVolume(461)) - Creating Volume: 7b44fb45-7561-4aa3-b701-4f35fde83454, with runner as owner and space quota set to -1 bytes, counts quota set to -1
2025-10-16 19:48:52,437 [om1-OMStateMachineApplyTransactionThread - 0] INFO  volume.OMVolumeCreateRequest (OMVolumeCreateRequest.java:validateAndUpdateCache(213)) - created volume:7b44fb45-7561-4aa3-b701-4f35fde83454 for user:runner
2025-10-16 19:48:52,437 | INFO  | OMAudit | user=runner | ip=127.0.0.1 | op=CREATE_VOLUME {"admin":"runner","owner":"runner","volume":"7b44fb45-7561-4aa3-b701-4f35fde83454","creationTime":"1760644132435","modificationTime":"1760644132435","quotaInBytes":"-1","quotaInNamespace":"-1","usedNamespace":"0","objectID":"-9223372036854623232","updateID":"596","Transaction":"596"} | ret=SUCCESS |  
2025-10-16 19:48:52,443 | INFO  | OMAudit | user=runner | ip=127.0.0.1 | op=READ_VOLUME {"volume":"7b44fb45-7561-4aa3-b701-4f35fde83454"} | ret=SUCCESS |  
2025-10-16 19:48:52,444 [ForkJoinPool-1-worker-1] INFO  rpc.RpcClient (RpcClient.java:createBucket(686)) - Creating Bucket: 7b44fb45-7561-4aa3-b701-4f35fde83454/e1739cc1-3a6e-42d8-bf6b-d13bc042cc84, with server-side default bucket layout, runner as owner, Versioning false, Storage Type set to DISK and Encryption set to false, Replication Type set to server-side default replication type, Namespace Quota set to -1, Space Quota set to -1 
2025-10-16 19:48:52,449 [om1-OMStateMachineApplyTransactionThread - 0] INFO  bucket.OMBucketCreateRequest (OMBucketCreateRequest.java:validateAndUpdateCache(303)) - created bucket: e1739cc1-3a6e-42d8-bf6b-d13bc042cc84 of layout FILE_SYSTEM_OPTIMIZED in volume: 7b44fb45-7561-4aa3-b701-4f35fde83454
2025-10-16 19:48:52,449 | INFO  | OMAudit | user=runner | ip=127.0.0.1 | op=CREATE_BUCKET {"volume":"7b44fb45-7561-4aa3-b701-4f35fde83454","bucket":"e1739cc1-3a6e-42d8-bf6b-d13bc042cc84","bucketLayout":"FILE_SYSTEM_OPTIMIZED","gdprEnabled":null,"acls":"[user:runner:a[ACCESS], group:runner:rl[ACCESS]]","isVersionEnabled":"false","storageType":"DISK","creationTime":"1760644132448","bucketEncryptionKey":null,"modificationTime":"1760644132448","usedBytes":"0","usedNamespace":"0","snapshotUsedBytes":"0","snapshotUsedNamespace":"0","owner":"runner","replicationType":null,"replicationConfig":null,"quotaInBytes":"-1","quotaInNamespace":"-1","Transaction":"597"} | ret=SUCCESS |  
2025-10-16 19:48:52,452 | INFO  | OMAudit | user=runner | ip=127.0.0.1 | op=READ_BUCKET {"volume":"7b44fb45-7561-4aa3-b701-4f35fde83454","bucket":"e1739cc1-3a6e-42d8-bf6b-d13bc042cc84"} | ret=SUCCESS |  
]]></system-out>
  </testcase>
  <testcase name="testCreateBucketWithAcls" classname="org.apache.hadoop.ozone.client.rpc.TestSecureOzoneRpcClient" time="0.01">
    <system-out><![CDATA[2025-10-16 19:48:52,455 [ForkJoinPool-1-worker-1] INFO  rpc.RpcClient (RpcClient.java:createVolume(461)) - Creating Volume: 49d3995e-2e71-4b1b-b3ba-4e34aa9d2d56, with runner as owner and space quota set to -1 bytes, counts quota set to -1
2025-10-16 19:48:52,457 [om1-OMStateMachineApplyTransactionThread - 0] INFO  volume.OMVolumeCreateRequest (OMVolumeCreateRequest.java:validateAndUpdateCache(213)) - created volume:49d3995e-2e71-4b1b-b3ba-4e34aa9d2d56 for user:runner
2025-10-16 19:48:52,457 | INFO  | OMAudit | user=runner | ip=127.0.0.1 | op=CREATE_VOLUME {"admin":"runner","owner":"runner","volume":"49d3995e-2e71-4b1b-b3ba-4e34aa9d2d56","creationTime":"1760644132456","modificationTime":"1760644132456","quotaInBytes":"-1","quotaInNamespace":"-1","usedNamespace":"0","objectID":"-9223372036854622720","updateID":"598","Transaction":"598"} | ret=SUCCESS |  
2025-10-16 19:48:52,459 | INFO  | OMAudit | user=runner | ip=127.0.0.1 | op=READ_VOLUME {"volume":"49d3995e-2e71-4b1b-b3ba-4e34aa9d2d56"} | ret=SUCCESS |  
2025-10-16 19:48:52,459 [ForkJoinPool-1-worker-1] INFO  rpc.RpcClient (RpcClient.java:createBucket(686)) - Creating Bucket: 49d3995e-2e71-4b1b-b3ba-4e34aa9d2d56/f9083fab-0936-462c-bf13-a35d14cb75a3, with server-side default bucket layout, runner as owner, Versioning false, Storage Type set to DISK and Encryption set to false, Replication Type set to server-side default replication type, Namespace Quota set to -1, Space Quota set to -1 
2025-10-16 19:48:52,461 [om1-OMStateMachineApplyTransactionThread - 0] INFO  bucket.OMBucketCreateRequest (OMBucketCreateRequest.java:validateAndUpdateCache(303)) - created bucket: f9083fab-0936-462c-bf13-a35d14cb75a3 of layout FILE_SYSTEM_OPTIMIZED in volume: 49d3995e-2e71-4b1b-b3ba-4e34aa9d2d56
2025-10-16 19:48:52,462 | INFO  | OMAudit | user=runner | ip=127.0.0.1 | op=CREATE_BUCKET {"volume":"49d3995e-2e71-4b1b-b3ba-4e34aa9d2d56","bucket":"f9083fab-0936-462c-bf13-a35d14cb75a3","bucketLayout":"FILE_SYSTEM_OPTIMIZED","gdprEnabled":null,"acls":"[user:runner:a[ACCESS], group:runner:rl[ACCESS], user:test:r[ACCESS]]","isVersionEnabled":"false","storageType":"DISK","creationTime":"1760644132460","bucketEncryptionKey":null,"modificationTime":"1760644132460","usedBytes":"0","usedNamespace":"0","snapshotUsedBytes":"0","snapshotUsedNamespace":"0","owner":"runner","replicationType":null,"replicationConfig":null,"quotaInBytes":"-1","quotaInNamespace":"-1","Transaction":"599"} | ret=SUCCESS |  
2025-10-16 19:48:52,463 | INFO  | OMAudit | user=runner | ip=127.0.0.1 | op=READ_BUCKET {"volume":"49d3995e-2e71-4b1b-b3ba-4e34aa9d2d56","bucket":"f9083fab-0936-462c-bf13-a35d14cb75a3"} | ret=SUCCESS |  
2025-10-16 19:48:52,464 | INFO  | OMAudit | user=runner | ip=127.0.0.1 | op=GET_ACL {"resourceType":"bucket","storageType":"ozone","volume":"49d3995e-2e71-4b1b-b3ba-4e34aa9d2d56","bucket":"f9083fab-0936-462c-bf13-a35d14cb75a3","key":null} | ret=SUCCESS |  
]]></system-out>
  </testcase>
  <testcase name="testCreateBucketWithAllArgument" classname="org.apache.hadoop.ozone.client.rpc.TestSecureOzoneRpcClient" time="0.013">
    <system-out><![CDATA[2025-10-16 19:48:52,466 [ForkJoinPool-1-worker-1] INFO  rpc.RpcClient (RpcClient.java:createVolume(461)) - Creating Volume: fb6d6b61-a224-42d2-a75d-eb06347c0e75, with runner as owner and space quota set to -1 bytes, counts quota set to -1
2025-10-16 19:48:52,468 [om1-OMStateMachineApplyTransactionThread - 0] INFO  volume.OMVolumeCreateRequest (OMVolumeCreateRequest.java:validateAndUpdateCache(213)) - created volume:fb6d6b61-a224-42d2-a75d-eb06347c0e75 for user:runner
2025-10-16 19:48:52,468 | INFO  | OMAudit | user=runner | ip=127.0.0.1 | op=CREATE_VOLUME {"admin":"runner","owner":"runner","volume":"fb6d6b61-a224-42d2-a75d-eb06347c0e75","creationTime":"1760644132467","modificationTime":"1760644132467","quotaInBytes":"-1","quotaInNamespace":"-1","usedNamespace":"0","objectID":"-9223372036854622208","updateID":"600","Transaction":"600"} | ret=SUCCESS |  
2025-10-16 19:48:52,470 | INFO  | OMAudit | user=runner | ip=127.0.0.1 | op=READ_VOLUME {"volume":"fb6d6b61-a224-42d2-a75d-eb06347c0e75"} | ret=SUCCESS |  
2025-10-16 19:48:52,471 [ForkJoinPool-1-worker-1] INFO  rpc.RpcClient (RpcClient.java:createBucket(686)) - Creating Bucket: fb6d6b61-a224-42d2-a75d-eb06347c0e75/036b4bff-ecb9-45a8-850a-210ad815a384, with server-side default bucket layout, runner as owner, Versioning true, Storage Type set to SSD and Encryption set to false, Replication Type set to EC, Namespace Quota set to -1, Space Quota set to -1 
2025-10-16 19:48:52,475 [om1-OMStateMachineApplyTransactionThread - 0] INFO  bucket.OMBucketCreateRequest (OMBucketCreateRequest.java:validateAndUpdateCache(303)) - created bucket: 036b4bff-ecb9-45a8-850a-210ad815a384 of layout FILE_SYSTEM_OPTIMIZED in volume: fb6d6b61-a224-42d2-a75d-eb06347c0e75
2025-10-16 19:48:52,476 | INFO  | OMAudit | user=runner | ip=127.0.0.1 | op=CREATE_BUCKET {"volume":"fb6d6b61-a224-42d2-a75d-eb06347c0e75","bucket":"036b4bff-ecb9-45a8-850a-210ad815a384","bucketLayout":"FILE_SYSTEM_OPTIMIZED","gdprEnabled":null,"acls":"[user:runner:a[ACCESS], group:runner:rl[ACCESS], user:test:a[ACCESS]]","isVersionEnabled":"true","storageType":"SSD","creationTime":"1760644132474","bucketEncryptionKey":null,"modificationTime":"1760644132474","usedBytes":"0","usedNamespace":"0","snapshotUsedBytes":"0","snapshotUsedNamespace":"0","owner":"runner","replicationType":"EC","replicationConfig":"rs-3-2-1024k","quotaInBytes":"-1","quotaInNamespace":"-1","Transaction":"601"} | ret=SUCCESS |  
2025-10-16 19:48:52,477 | INFO  | OMAudit | user=runner | ip=127.0.0.1 | op=READ_BUCKET {"volume":"fb6d6b61-a224-42d2-a75d-eb06347c0e75","bucket":"036b4bff-ecb9-45a8-850a-210ad815a384"} | ret=SUCCESS |  
2025-10-16 19:48:52,478 | INFO  | OMAudit | user=runner | ip=127.0.0.1 | op=GET_ACL {"resourceType":"bucket","storageType":"ozone","volume":"fb6d6b61-a224-42d2-a75d-eb06347c0e75","bucket":"036b4bff-ecb9-45a8-850a-210ad815a384","key":null} | ret=SUCCESS |  
]]></system-out>
  </testcase>
  <testcase name="testCreateBucketWithMetadata" classname="org.apache.hadoop.ozone.client.rpc.TestSecureOzoneRpcClient" time="0.008">
    <system-out><![CDATA[2025-10-16 19:48:52,480 [ForkJoinPool-1-worker-1] INFO  rpc.RpcClient (RpcClient.java:createVolume(461)) - Creating Volume: 44559ad1-83ec-468c-9ee2-f3d754537265, with runner as owner and space quota set to -1 bytes, counts quota set to -1
2025-10-16 19:48:52,482 [om1-OMStateMachineApplyTransactionThread - 0] INFO  volume.OMVolumeCreateRequest (OMVolumeCreateRequest.java:validateAndUpdateCache(213)) - created volume:44559ad1-83ec-468c-9ee2-f3d754537265 for user:runner
2025-10-16 19:48:52,482 | INFO  | OMAudit | user=runner | ip=127.0.0.1 | op=CREATE_VOLUME {"admin":"runner","owner":"runner","volume":"44559ad1-83ec-468c-9ee2-f3d754537265","creationTime":"1760644132481","modificationTime":"1760644132481","quotaInBytes":"-1","quotaInNamespace":"-1","usedNamespace":"0","objectID":"-9223372036854621696","updateID":"602","Transaction":"602"} | ret=SUCCESS |  
2025-10-16 19:48:52,483 | INFO  | OMAudit | user=runner | ip=127.0.0.1 | op=READ_VOLUME {"volume":"44559ad1-83ec-468c-9ee2-f3d754537265"} | ret=SUCCESS |  
2025-10-16 19:48:52,484 [ForkJoinPool-1-worker-1] INFO  rpc.RpcClient (RpcClient.java:createBucket(686)) - Creating Bucket: 44559ad1-83ec-468c-9ee2-f3d754537265/54caf7a4-b043-41de-8cf4-3b5091bcac2e, with server-side default bucket layout, runner as owner, Versioning false, Storage Type set to DISK and Encryption set to false, Replication Type set to server-side default replication type, Namespace Quota set to -1, Space Quota set to -1 
2025-10-16 19:48:52,486 [om1-OMStateMachineApplyTransactionThread - 0] INFO  bucket.OMBucketCreateRequest (OMBucketCreateRequest.java:validateAndUpdateCache(303)) - created bucket: 54caf7a4-b043-41de-8cf4-3b5091bcac2e of layout FILE_SYSTEM_OPTIMIZED in volume: 44559ad1-83ec-468c-9ee2-f3d754537265
2025-10-16 19:48:52,486 | INFO  | OMAudit | user=runner | ip=127.0.0.1 | op=CREATE_BUCKET {"volume":"44559ad1-83ec-468c-9ee2-f3d754537265","bucket":"54caf7a4-b043-41de-8cf4-3b5091bcac2e","bucketLayout":"FILE_SYSTEM_OPTIMIZED","gdprEnabled":null,"acls":"[user:runner:a[ACCESS], group:runner:rl[ACCESS]]","isVersionEnabled":"false","storageType":"DISK","creationTime":"1760644132485","bucketEncryptionKey":null,"modificationTime":"1760644132485","usedBytes":"0","usedNamespace":"0","snapshotUsedBytes":"0","snapshotUsedNamespace":"0","owner":"runner","replicationType":null,"replicationConfig":null,"quotaInBytes":"-1","quotaInNamespace":"-1","Transaction":"603"} | ret=SUCCESS |  
2025-10-16 19:48:52,488 | INFO  | OMAudit | user=runner | ip=127.0.0.1 | op=READ_BUCKET {"volume":"44559ad1-83ec-468c-9ee2-f3d754537265","bucket":"54caf7a4-b043-41de-8cf4-3b5091bcac2e"} | ret=SUCCESS |  
]]></system-out>
  </testcase>
  <testcase name="testCreateBucketWithReplicationConfig" classname="org.apache.hadoop.ozone.client.rpc.TestSecureOzoneRpcClient" time="0.008">
    <system-out><![CDATA[2025-10-16 19:48:52,490 [ForkJoinPool-1-worker-1] INFO  rpc.RpcClient (RpcClient.java:createVolume(461)) - Creating Volume: 1c62d575-6b59-4641-84ea-e9cbe257d974, with runner as owner and space quota set to -1 bytes, counts quota set to -1
2025-10-16 19:48:52,491 [om1-OMStateMachineApplyTransactionThread - 0] INFO  volume.OMVolumeCreateRequest (OMVolumeCreateRequest.java:validateAndUpdateCache(213)) - created volume:1c62d575-6b59-4641-84ea-e9cbe257d974 for user:runner
2025-10-16 19:48:52,492 | INFO  | OMAudit | user=runner | ip=127.0.0.1 | op=CREATE_VOLUME {"admin":"runner","owner":"runner","volume":"1c62d575-6b59-4641-84ea-e9cbe257d974","creationTime":"1760644132490","modificationTime":"1760644132490","quotaInBytes":"-1","quotaInNamespace":"-1","usedNamespace":"0","objectID":"-9223372036854621184","updateID":"604","Transaction":"604"} | ret=SUCCESS |  
2025-10-16 19:48:52,493 | INFO  | OMAudit | user=runner | ip=127.0.0.1 | op=READ_VOLUME {"volume":"1c62d575-6b59-4641-84ea-e9cbe257d974"} | ret=SUCCESS |  
2025-10-16 19:48:52,493 [ForkJoinPool-1-worker-1] INFO  rpc.RpcClient (RpcClient.java:createBucket(686)) - Creating Bucket: 1c62d575-6b59-4641-84ea-e9cbe257d974/2637d77f-83ba-43c4-ac2c-f8a77634f44b, with server-side default bucket layout, runner as owner, Versioning false, Storage Type set to DISK and Encryption set to false, Replication Type set to EC, Namespace Quota set to -1, Space Quota set to -1 
2025-10-16 19:48:52,495 [om1-OMStateMachineApplyTransactionThread - 0] INFO  bucket.OMBucketCreateRequest (OMBucketCreateRequest.java:validateAndUpdateCache(303)) - created bucket: 2637d77f-83ba-43c4-ac2c-f8a77634f44b of layout FILE_SYSTEM_OPTIMIZED in volume: 1c62d575-6b59-4641-84ea-e9cbe257d974
2025-10-16 19:48:52,495 | INFO  | OMAudit | user=runner | ip=127.0.0.1 | op=CREATE_BUCKET {"volume":"1c62d575-6b59-4641-84ea-e9cbe257d974","bucket":"2637d77f-83ba-43c4-ac2c-f8a77634f44b","bucketLayout":"FILE_SYSTEM_OPTIMIZED","gdprEnabled":null,"acls":"[user:runner:a[ACCESS], group:runner:rl[ACCESS]]","isVersionEnabled":"false","storageType":"DISK","creationTime":"1760644132494","bucketEncryptionKey":null,"modificationTime":"1760644132494","usedBytes":"0","usedNamespace":"0","snapshotUsedBytes":"0","snapshotUsedNamespace":"0","owner":"runner","replicationType":"EC","replicationConfig":"rs-3-2-1024k","quotaInBytes":"-1","quotaInNamespace":"-1","Transaction":"605"} | ret=SUCCESS |  
2025-10-16 19:48:52,496 | INFO  | OMAudit | user=runner | ip=127.0.0.1 | op=READ_BUCKET {"volume":"1c62d575-6b59-4641-84ea-e9cbe257d974","bucket":"2637d77f-83ba-43c4-ac2c-f8a77634f44b"} | ret=SUCCESS |  
]]></system-out>
  </testcase>
  <testcase name="testCreateBucketWithStorageType" classname="org.apache.hadoop.ozone.client.rpc.TestSecureOzoneRpcClient" time="0.008">
    <system-out><![CDATA[2025-10-16 19:48:52,498 [ForkJoinPool-1-worker-1] INFO  rpc.RpcClient (RpcClient.java:createVolume(461)) - Creating Volume: fb4c93d1-a29f-4fc8-819d-586261618662, with runner as owner and space quota set to -1 bytes, counts quota set to -1
2025-10-16 19:48:52,500 [om1-OMStateMachineApplyTransactionThread - 0] INFO  volume.OMVolumeCreateRequest (OMVolumeCreateRequest.java:validateAndUpdateCache(213)) - created volume:fb4c93d1-a29f-4fc8-819d-586261618662 for user:runner
2025-10-16 19:48:52,500 | INFO  | OMAudit | user=runner | ip=127.0.0.1 | op=CREATE_VOLUME {"admin":"runner","owner":"runner","volume":"fb4c93d1-a29f-4fc8-819d-586261618662","creationTime":"1760644132499","modificationTime":"1760644132499","quotaInBytes":"-1","quotaInNamespace":"-1","usedNamespace":"0","objectID":"-9223372036854620672","updateID":"606","Transaction":"606"} | ret=SUCCESS |  
2025-10-16 19:48:52,501 | INFO  | OMAudit | user=runner | ip=127.0.0.1 | op=READ_VOLUME {"volume":"fb4c93d1-a29f-4fc8-819d-586261618662"} | ret=SUCCESS |  
2025-10-16 19:48:52,502 [ForkJoinPool-1-worker-1] INFO  rpc.RpcClient (RpcClient.java:createBucket(686)) - Creating Bucket: fb4c93d1-a29f-4fc8-819d-586261618662/8d33a671-1256-43e2-b281-aa9ac36dba19, with server-side default bucket layout, runner as owner, Versioning false, Storage Type set to SSD and Encryption set to false, Replication Type set to server-side default replication type, Namespace Quota set to -1, Space Quota set to -1 
2025-10-16 19:48:52,503 [om1-OMStateMachineApplyTransactionThread - 0] INFO  bucket.OMBucketCreateRequest (OMBucketCreateRequest.java:validateAndUpdateCache(303)) - created bucket: 8d33a671-1256-43e2-b281-aa9ac36dba19 of layout FILE_SYSTEM_OPTIMIZED in volume: fb4c93d1-a29f-4fc8-819d-586261618662
2025-10-16 19:48:52,504 | INFO  | OMAudit | user=runner | ip=127.0.0.1 | op=CREATE_BUCKET {"volume":"fb4c93d1-a29f-4fc8-819d-586261618662","bucket":"8d33a671-1256-43e2-b281-aa9ac36dba19","bucketLayout":"FILE_SYSTEM_OPTIMIZED","gdprEnabled":null,"acls":"[user:runner:a[ACCESS], group:runner:rl[ACCESS]]","isVersionEnabled":"false","storageType":"SSD","creationTime":"1760644132502","bucketEncryptionKey":null,"modificationTime":"1760644132502","usedBytes":"0","usedNamespace":"0","snapshotUsedBytes":"0","snapshotUsedNamespace":"0","owner":"runner","replicationType":null,"replicationConfig":null,"quotaInBytes":"-1","quotaInNamespace":"-1","Transaction":"607"} | ret=SUCCESS |  
2025-10-16 19:48:52,505 | INFO  | OMAudit | user=runner | ip=127.0.0.1 | op=READ_BUCKET {"volume":"fb4c93d1-a29f-4fc8-819d-586261618662","bucket":"8d33a671-1256-43e2-b281-aa9ac36dba19"} | ret=SUCCESS |  
]]></system-out>
  </testcase>
  <testcase name="testCreateBucketWithVersioning" classname="org.apache.hadoop.ozone.client.rpc.TestSecureOzoneRpcClient" time="0.01">
    <system-out><![CDATA[2025-10-16 19:48:52,508 [ForkJoinPool-1-worker-1] INFO  rpc.RpcClient (RpcClient.java:createVolume(461)) - Creating Volume: 61bf6872-a141-421b-8ac3-277c3ff51ba8, with runner as owner and space quota set to -1 bytes, counts quota set to -1
2025-10-16 19:48:52,510 [om1-OMStateMachineApplyTransactionThread - 0] INFO  volume.OMVolumeCreateRequest (OMVolumeCreateRequest.java:validateAndUpdateCache(213)) - created volume:61bf6872-a141-421b-8ac3-277c3ff51ba8 for user:runner
2025-10-16 19:48:52,510 | INFO  | OMAudit | user=runner | ip=127.0.0.1 | op=CREATE_VOLUME {"admin":"runner","owner":"runner","volume":"61bf6872-a141-421b-8ac3-277c3ff51ba8","creationTime":"1760644132508","modificationTime":"1760644132508","quotaInBytes":"-1","quotaInNamespace":"-1","usedNamespace":"0","objectID":"-9223372036854620160","updateID":"608","Transaction":"608"} | ret=SUCCESS |  
2025-10-16 19:48:52,511 | INFO  | OMAudit | user=runner | ip=127.0.0.1 | op=READ_VOLUME {"volume":"61bf6872-a141-421b-8ac3-277c3ff51ba8"} | ret=SUCCESS |  
2025-10-16 19:48:52,512 [ForkJoinPool-1-worker-1] INFO  rpc.RpcClient (RpcClient.java:createBucket(686)) - Creating Bucket: 61bf6872-a141-421b-8ac3-277c3ff51ba8/1859d882-d723-47c5-8bb3-be700328e44a, with server-side default bucket layout, runner as owner, Versioning true, Storage Type set to DISK and Encryption set to false, Replication Type set to server-side default replication type, Namespace Quota set to -1, Space Quota set to -1 
2025-10-16 19:48:52,514 [om1-OMStateMachineApplyTransactionThread - 0] INFO  bucket.OMBucketCreateRequest (OMBucketCreateRequest.java:validateAndUpdateCache(303)) - created bucket: 1859d882-d723-47c5-8bb3-be700328e44a of layout FILE_SYSTEM_OPTIMIZED in volume: 61bf6872-a141-421b-8ac3-277c3ff51ba8
2025-10-16 19:48:52,514 | INFO  | OMAudit | user=runner | ip=127.0.0.1 | op=CREATE_BUCKET {"volume":"61bf6872-a141-421b-8ac3-277c3ff51ba8","bucket":"1859d882-d723-47c5-8bb3-be700328e44a","bucketLayout":"FILE_SYSTEM_OPTIMIZED","gdprEnabled":null,"acls":"[user:runner:a[ACCESS], group:runner:rl[ACCESS]]","isVersionEnabled":"true","storageType":"DISK","creationTime":"1760644132513","bucketEncryptionKey":null,"modificationTime":"1760644132513","usedBytes":"0","usedNamespace":"0","snapshotUsedBytes":"0","snapshotUsedNamespace":"0","owner":"runner","replicationType":null,"replicationConfig":null,"quotaInBytes":"-1","quotaInNamespace":"-1","Transaction":"609"} | ret=SUCCESS |  
2025-10-16 19:48:52,516 | INFO  | OMAudit | user=runner | ip=127.0.0.1 | op=READ_BUCKET {"volume":"61bf6872-a141-421b-8ac3-277c3ff51ba8","bucket":"1859d882-d723-47c5-8bb3-be700328e44a"} | ret=SUCCESS |  
]]></system-out>
  </testcase>
  <testcase name="testCreateKeyWithMetadataAndTags(BucketLayout)[1]" classname="org.apache.hadoop.ozone.client.rpc.TestSecureOzoneRpcClient" time="0.029">
    <system-out><![CDATA[2025-10-16 19:48:52,521 [ForkJoinPool-1-worker-1] INFO  rpc.RpcClient (RpcClient.java:createVolume(461)) - Creating Volume: e1c6ebab-4cd4-4316-a978-19cbcabdc686, with runner as owner and space quota set to -1 bytes, counts quota set to -1
2025-10-16 19:48:52,523 [om1-OMStateMachineApplyTransactionThread - 0] INFO  volume.OMVolumeCreateRequest (OMVolumeCreateRequest.java:validateAndUpdateCache(213)) - created volume:e1c6ebab-4cd4-4316-a978-19cbcabdc686 for user:runner
2025-10-16 19:48:52,523 | INFO  | OMAudit | user=runner | ip=127.0.0.1 | op=CREATE_VOLUME {"admin":"runner","owner":"runner","volume":"e1c6ebab-4cd4-4316-a978-19cbcabdc686","creationTime":"1760644132522","modificationTime":"1760644132522","quotaInBytes":"-1","quotaInNamespace":"-1","usedNamespace":"0","objectID":"-9223372036854619648","updateID":"610","Transaction":"610"} | ret=SUCCESS |  
2025-10-16 19:48:52,525 | INFO  | OMAudit | user=runner | ip=127.0.0.1 | op=READ_VOLUME {"volume":"e1c6ebab-4cd4-4316-a978-19cbcabdc686"} | ret=SUCCESS |  
2025-10-16 19:48:52,526 [ForkJoinPool-1-worker-1] INFO  rpc.RpcClient (RpcClient.java:createBucket(686)) - Creating Bucket: e1c6ebab-4cd4-4316-a978-19cbcabdc686/b0390083-ca7f-46c8-8baf-11c67c603677, with bucket layout OBJECT_STORE, runner as owner, Versioning false, Storage Type set to DISK and Encryption set to false, Replication Type set to server-side default replication type, Namespace Quota set to -1, Space Quota set to -1 
2025-10-16 19:48:52,527 [om1-OMStateMachineApplyTransactionThread - 0] INFO  bucket.OMBucketCreateRequest (OMBucketCreateRequest.java:validateAndUpdateCache(303)) - created bucket: b0390083-ca7f-46c8-8baf-11c67c603677 of layout OBJECT_STORE in volume: e1c6ebab-4cd4-4316-a978-19cbcabdc686
2025-10-16 19:48:52,528 | INFO  | OMAudit | user=runner | ip=127.0.0.1 | op=CREATE_BUCKET {"volume":"e1c6ebab-4cd4-4316-a978-19cbcabdc686","bucket":"b0390083-ca7f-46c8-8baf-11c67c603677","bucketLayout":"OBJECT_STORE","gdprEnabled":null,"acls":"[user:runner:a[ACCESS], group:runner:rl[ACCESS]]","isVersionEnabled":"false","storageType":"DISK","creationTime":"1760644132526","bucketEncryptionKey":null,"modificationTime":"1760644132526","usedBytes":"0","usedNamespace":"0","snapshotUsedBytes":"0","snapshotUsedNamespace":"0","owner":"runner","replicationType":null,"replicationConfig":null,"quotaInBytes":"-1","quotaInNamespace":"-1","Transaction":"611"} | ret=SUCCESS |  
2025-10-16 19:48:52,529 | INFO  | OMAudit | user=runner | ip=127.0.0.1 | op=READ_BUCKET {"volume":"e1c6ebab-4cd4-4316-a978-19cbcabdc686","bucket":"b0390083-ca7f-46c8-8baf-11c67c603677"} | ret=SUCCESS |  
2025-10-16 19:48:52,530 | INFO  | OMAudit | user=runner | ip=127.0.0.1 | op=READ_BUCKET {"volume":"e1c6ebab-4cd4-4316-a978-19cbcabdc686","bucket":"b0390083-ca7f-46c8-8baf-11c67c603677"} | ret=SUCCESS |  
2025-10-16 19:48:52,531 | INFO  | SCMAudit | user=runner | ip=127.0.0.1 | op=ALLOCATE_BLOCK {"replication":"RATIS/ONE","owner":"omServiceIdDefault","size":"4194304","sampleBlocks":"[conID: 7 locID: 115816896921600182]","num":"1","client":"","allocated":"1"} | ret=SUCCESS |  
2025-10-16 19:48:52,534 | INFO  | OMAudit | user=runner | ip=127.0.0.1 | op=ALLOCATE_KEY {"volume":"e1c6ebab-4cd4-4316-a978-19cbcabdc686","bucket":"b0390083-ca7f-46c8-8baf-11c67c603677","key":"38b81285-9e00-4d69-b9b2-fa96a280baba","dataSize":"12","replicationType":"RATIS","replicationFactor":"ONE","Transaction":"612"} | ret=SUCCESS |  
2025-10-16 19:48:52,542 | INFO  | OMAudit | user=runner | ip=127.0.0.1 | op=COMMIT_KEY {"volume":"e1c6ebab-4cd4-4316-a978-19cbcabdc686","bucket":"b0390083-ca7f-46c8-8baf-11c67c603677","key":"38b81285-9e00-4d69-b9b2-fa96a280baba","dataSize":"12","replicationType":"RATIS","replicationFactor":"ONE","Transaction":"613"} | ret=SUCCESS |  
2025-10-16 19:48:52,544 | INFO  | OMAudit | user=runner | ip=127.0.0.1 | op=READ_KEY {"volume":"e1c6ebab-4cd4-4316-a978-19cbcabdc686","bucket":"b0390083-ca7f-46c8-8baf-11c67c603677","key":"38b81285-9e00-4d69-b9b2-fa96a280baba","owner":null,"dataSize":"0","replicationConfig":null} | ret=SUCCESS |  
]]></system-out>
  </testcase>
  <testcase name="testCreateKeyWithMetadataAndTags(BucketLayout)[2]" classname="org.apache.hadoop.ozone.client.rpc.TestSecureOzoneRpcClient" time="0.019">
    <system-out><![CDATA[2025-10-16 19:48:52,550 [ForkJoinPool-1-worker-1] INFO  rpc.RpcClient (RpcClient.java:createVolume(461)) - Creating Volume: d7406e12-af7e-437e-9c74-c12ad0d184ec, with runner as owner and space quota set to -1 bytes, counts quota set to -1
2025-10-16 19:48:52,552 [om1-OMStateMachineApplyTransactionThread - 0] INFO  volume.OMVolumeCreateRequest (OMVolumeCreateRequest.java:validateAndUpdateCache(213)) - created volume:d7406e12-af7e-437e-9c74-c12ad0d184ec for user:runner
2025-10-16 19:48:52,552 | INFO  | OMAudit | user=runner | ip=127.0.0.1 | op=CREATE_VOLUME {"admin":"runner","owner":"runner","volume":"d7406e12-af7e-437e-9c74-c12ad0d184ec","creationTime":"1760644132551","modificationTime":"1760644132551","quotaInBytes":"-1","quotaInNamespace":"-1","usedNamespace":"0","objectID":"-9223372036854618624","updateID":"614","Transaction":"614"} | ret=SUCCESS |  
2025-10-16 19:48:52,554 | INFO  | OMAudit | user=runner | ip=127.0.0.1 | op=READ_VOLUME {"volume":"d7406e12-af7e-437e-9c74-c12ad0d184ec"} | ret=SUCCESS |  
2025-10-16 19:48:52,554 [ForkJoinPool-1-worker-1] INFO  rpc.RpcClient (RpcClient.java:createBucket(686)) - Creating Bucket: d7406e12-af7e-437e-9c74-c12ad0d184ec/5fe577f4-084a-4583-ac50-12857cd78d55, with bucket layout LEGACY, runner as owner, Versioning false, Storage Type set to DISK and Encryption set to false, Replication Type set to server-side default replication type, Namespace Quota set to -1, Space Quota set to -1 
2025-10-16 19:48:52,555 [om1-OMStateMachineApplyTransactionThread - 0] INFO  bucket.OMBucketCreateRequest (OMBucketCreateRequest.java:validateAndUpdateCache(303)) - created bucket: 5fe577f4-084a-4583-ac50-12857cd78d55 of layout LEGACY in volume: d7406e12-af7e-437e-9c74-c12ad0d184ec
2025-10-16 19:48:52,555 | INFO  | OMAudit | user=runner | ip=127.0.0.1 | op=CREATE_BUCKET {"volume":"d7406e12-af7e-437e-9c74-c12ad0d184ec","bucket":"5fe577f4-084a-4583-ac50-12857cd78d55","bucketLayout":"LEGACY","gdprEnabled":null,"acls":"[user:runner:a[ACCESS], group:runner:rl[ACCESS]]","isVersionEnabled":"false","storageType":"DISK","creationTime":"1760644132555","bucketEncryptionKey":null,"modificationTime":"1760644132555","usedBytes":"0","usedNamespace":"0","snapshotUsedBytes":"0","snapshotUsedNamespace":"0","owner":"runner","replicationType":null,"replicationConfig":null,"quotaInBytes":"-1","quotaInNamespace":"-1","Transaction":"615"} | ret=SUCCESS |  
2025-10-16 19:48:52,557 | INFO  | OMAudit | user=runner | ip=127.0.0.1 | op=READ_BUCKET {"volume":"d7406e12-af7e-437e-9c74-c12ad0d184ec","bucket":"5fe577f4-084a-4583-ac50-12857cd78d55"} | ret=SUCCESS |  
2025-10-16 19:48:52,557 | INFO  | OMAudit | user=runner | ip=127.0.0.1 | op=READ_BUCKET {"volume":"d7406e12-af7e-437e-9c74-c12ad0d184ec","bucket":"5fe577f4-084a-4583-ac50-12857cd78d55"} | ret=SUCCESS |  
2025-10-16 19:48:52,558 | INFO  | SCMAudit | user=runner | ip=127.0.0.1 | op=ALLOCATE_BLOCK {"replication":"RATIS/ONE","owner":"omServiceIdDefault","size":"4194304","sampleBlocks":"[conID: 7 locID: 115816896921600183]","num":"1","client":"","allocated":"1"} | ret=SUCCESS |  
2025-10-16 19:48:52,560 | INFO  | OMAudit | user=runner | ip=127.0.0.1 | op=ALLOCATE_KEY {"volume":"d7406e12-af7e-437e-9c74-c12ad0d184ec","bucket":"5fe577f4-084a-4583-ac50-12857cd78d55","key":"57d080fe-33bb-4b0c-bf38-e0d7e4d5bdf1","dataSize":"12","replicationType":"RATIS","replicationFactor":"ONE","Transaction":"616"} | ret=SUCCESS |  
2025-10-16 19:48:52,566 | INFO  | OMAudit | user=runner | ip=127.0.0.1 | op=COMMIT_KEY {"volume":"d7406e12-af7e-437e-9c74-c12ad0d184ec","bucket":"5fe577f4-084a-4583-ac50-12857cd78d55","key":"57d080fe-33bb-4b0c-bf38-e0d7e4d5bdf1","dataSize":"12","replicationType":"RATIS","replicationFactor":"ONE","Transaction":"617"} | ret=SUCCESS |  
2025-10-16 19:48:52,568 | INFO  | OMAudit | user=runner | ip=127.0.0.1 | op=READ_KEY {"volume":"d7406e12-af7e-437e-9c74-c12ad0d184ec","bucket":"5fe577f4-084a-4583-ac50-12857cd78d55","key":"57d080fe-33bb-4b0c-bf38-e0d7e4d5bdf1","owner":null,"dataSize":"0","replicationConfig":null} | ret=SUCCESS |  
]]></system-out>
  </testcase>
  <testcase name="testCreateKeyWithMetadataAndTags(BucketLayout)[3]" classname="org.apache.hadoop.ozone.client.rpc.TestSecureOzoneRpcClient" time="0.03">
    <system-out><![CDATA[2025-10-16 19:48:52,570 [ForkJoinPool-1-worker-1] INFO  rpc.RpcClient (RpcClient.java:createVolume(461)) - Creating Volume: 52f5221e-6d76-4484-98c3-6b0f1c98b713, with runner as owner and space quota set to -1 bytes, counts quota set to -1
2025-10-16 19:48:52,572 [om1-OMStateMachineApplyTransactionThread - 0] INFO  volume.OMVolumeCreateRequest (OMVolumeCreateRequest.java:validateAndUpdateCache(213)) - created volume:52f5221e-6d76-4484-98c3-6b0f1c98b713 for user:runner
2025-10-16 19:48:52,572 | INFO  | OMAudit | user=runner | ip=127.0.0.1 | op=CREATE_VOLUME {"admin":"runner","owner":"runner","volume":"52f5221e-6d76-4484-98c3-6b0f1c98b713","creationTime":"1760644132571","modificationTime":"1760644132571","quotaInBytes":"-1","quotaInNamespace":"-1","usedNamespace":"0","objectID":"-9223372036854617600","updateID":"618","Transaction":"618"} | ret=SUCCESS |  
2025-10-16 19:48:52,573 | INFO  | OMAudit | user=runner | ip=127.0.0.1 | op=READ_VOLUME {"volume":"52f5221e-6d76-4484-98c3-6b0f1c98b713"} | ret=SUCCESS |  
2025-10-16 19:48:52,573 [ForkJoinPool-1-worker-1] INFO  rpc.RpcClient (RpcClient.java:createBucket(686)) - Creating Bucket: 52f5221e-6d76-4484-98c3-6b0f1c98b713/47f2e61f-305f-4f89-bd2f-477dc73a0fe7, with bucket layout FILE_SYSTEM_OPTIMIZED, runner as owner, Versioning false, Storage Type set to DISK and Encryption set to false, Replication Type set to server-side default replication type, Namespace Quota set to -1, Space Quota set to -1 
2025-10-16 19:48:52,575 [om1-OMStateMachineApplyTransactionThread - 0] INFO  bucket.OMBucketCreateRequest (OMBucketCreateRequest.java:validateAndUpdateCache(303)) - created bucket: 47f2e61f-305f-4f89-bd2f-477dc73a0fe7 of layout FILE_SYSTEM_OPTIMIZED in volume: 52f5221e-6d76-4484-98c3-6b0f1c98b713
2025-10-16 19:48:52,575 | INFO  | OMAudit | user=runner | ip=127.0.0.1 | op=CREATE_BUCKET {"volume":"52f5221e-6d76-4484-98c3-6b0f1c98b713","bucket":"47f2e61f-305f-4f89-bd2f-477dc73a0fe7","bucketLayout":"FILE_SYSTEM_OPTIMIZED","gdprEnabled":null,"acls":"[user:runner:a[ACCESS], group:runner:rl[ACCESS]]","isVersionEnabled":"false","storageType":"DISK","creationTime":"1760644132574","bucketEncryptionKey":null,"modificationTime":"1760644132574","usedBytes":"0","usedNamespace":"0","snapshotUsedBytes":"0","snapshotUsedNamespace":"0","owner":"runner","replicationType":null,"replicationConfig":null,"quotaInBytes":"-1","quotaInNamespace":"-1","Transaction":"619"} | ret=SUCCESS |  
2025-10-16 19:48:52,576 | INFO  | OMAudit | user=runner | ip=127.0.0.1 | op=READ_BUCKET {"volume":"52f5221e-6d76-4484-98c3-6b0f1c98b713","bucket":"47f2e61f-305f-4f89-bd2f-477dc73a0fe7"} | ret=SUCCESS |  
2025-10-16 19:48:52,577 | INFO  | OMAudit | user=runner | ip=127.0.0.1 | op=READ_BUCKET {"volume":"52f5221e-6d76-4484-98c3-6b0f1c98b713","bucket":"47f2e61f-305f-4f89-bd2f-477dc73a0fe7"} | ret=SUCCESS |  
2025-10-16 19:48:52,578 | INFO  | SCMAudit | user=runner | ip=127.0.0.1 | op=ALLOCATE_BLOCK {"replication":"RATIS/ONE","owner":"omServiceIdDefault","size":"4194304","sampleBlocks":"[conID: 12 locID: 115816896921600184]","num":"1","client":"","allocated":"1"} | ret=SUCCESS |  
2025-10-16 19:48:52,580 | INFO  | OMAudit | user=runner | ip=127.0.0.1 | op=ALLOCATE_KEY {"volume":"52f5221e-6d76-4484-98c3-6b0f1c98b713","bucket":"47f2e61f-305f-4f89-bd2f-477dc73a0fe7","key":"291ade93-b02d-4672-a46e-04758a49d456","dataSize":"12","replicationType":"RATIS","replicationFactor":"ONE","Transaction":"620"} | ret=SUCCESS |  
2025-10-16 19:48:52,597 | INFO  | OMAudit | user=runner | ip=127.0.0.1 | op=COMMIT_KEY {"volume":"52f5221e-6d76-4484-98c3-6b0f1c98b713","bucket":"47f2e61f-305f-4f89-bd2f-477dc73a0fe7","key":"291ade93-b02d-4672-a46e-04758a49d456","dataSize":"12","replicationType":"RATIS","replicationFactor":"ONE","Transaction":"621"} | ret=SUCCESS |  
2025-10-16 19:48:52,599 | INFO  | OMAudit | user=runner | ip=127.0.0.1 | op=READ_KEY {"volume":"52f5221e-6d76-4484-98c3-6b0f1c98b713","bucket":"47f2e61f-305f-4f89-bd2f-477dc73a0fe7","key":"291ade93-b02d-4672-a46e-04758a49d456","owner":null,"dataSize":"0","replicationConfig":null} | ret=SUCCESS |  
]]></system-out>
  </testcase>
  <testcase name="testCreateS3Bucket" classname="org.apache.hadoop.ozone.client.rpc.TestSecureOzoneRpcClient" time="0.009">
    <system-out><![CDATA[2025-10-16 19:48:52,603 | INFO  | OMAudit | user=runner | ip=127.0.0.1 | op=READ_VOLUME {"volume":"s3v"} | ret=SUCCESS |  
2025-10-16 19:48:52,605 [ForkJoinPool-1-worker-1] INFO  rpc.RpcClient (RpcClient.java:createBucket(686)) - Creating Bucket: s3v/78220434-0991-4298-affe-3f2a95f46893, with bucket layout OBJECT_STORE, runner as owner, Versioning false, Storage Type set to DISK and Encryption set to false, Replication Type set to server-side default replication type, Namespace Quota set to -1, Space Quota set to -1 
2025-10-16 19:48:52,607 [om1-OMStateMachineApplyTransactionThread - 0] INFO  bucket.OMBucketCreateRequest (OMBucketCreateRequest.java:validateAndUpdateCache(303)) - created bucket: 78220434-0991-4298-affe-3f2a95f46893 of layout OBJECT_STORE in volume: s3v
2025-10-16 19:48:52,607 | INFO  | OMAudit | user=runner | ip=127.0.0.1 | op=CREATE_BUCKET {"volume":"s3v","bucket":"78220434-0991-4298-affe-3f2a95f46893","bucketLayout":"OBJECT_STORE","gdprEnabled":null,"acls":"[user:runner:a[ACCESS], group:runner:rl[ACCESS]]","isVersionEnabled":"false","storageType":"DISK","creationTime":"1760644132606","bucketEncryptionKey":null,"modificationTime":"1760644132606","usedBytes":"0","usedNamespace":"0","snapshotUsedBytes":"0","snapshotUsedNamespace":"0","owner":"runner","replicationType":null,"replicationConfig":null,"quotaInBytes":"-1","quotaInNamespace":"-1","Transaction":"622"} | ret=SUCCESS |  
2025-10-16 19:48:52,609 | INFO  | OMAudit | user=runner | ip=127.0.0.1 | op=READ_VOLUME {"volume":"s3v"} | ret=SUCCESS |  
2025-10-16 19:48:52,610 | INFO  | OMAudit | user=runner | ip=127.0.0.1 | op=READ_BUCKET {"volume":"s3v","bucket":"78220434-0991-4298-affe-3f2a95f46893"} | ret=SUCCESS |  
]]></system-out>
  </testcase>
  <testcase name="testCreateVolumeWithMetadata" classname="org.apache.hadoop.ozone.client.rpc.TestSecureOzoneRpcClient" time="0.006">
    <system-out><![CDATA[2025-10-16 19:48:52,612 [ForkJoinPool-1-worker-1] INFO  rpc.RpcClient (RpcClient.java:createVolume(461)) - Creating Volume: e9ec6ff6-3d74-41e1-9e70-b9cd6a855cd1, with runner as owner and space quota set to -1 bytes, counts quota set to -1
2025-10-16 19:48:52,615 [om1-OMStateMachineApplyTransactionThread - 0] INFO  volume.OMVolumeCreateRequest (OMVolumeCreateRequest.java:validateAndUpdateCache(213)) - created volume:e9ec6ff6-3d74-41e1-9e70-b9cd6a855cd1 for user:runner
2025-10-16 19:48:52,615 | INFO  | OMAudit | user=runner | ip=127.0.0.1 | op=CREATE_VOLUME {"admin":"runner","owner":"runner","volume":"e9ec6ff6-3d74-41e1-9e70-b9cd6a855cd1","creationTime":"1760644132613","modificationTime":"1760644132613","quotaInBytes":"-1","quotaInNamespace":"-1","usedNamespace":"0","objectID":"-9223372036854616320","updateID":"623","Transaction":"623"} | ret=SUCCESS |  
2025-10-16 19:48:52,616 | INFO  | OMAudit | user=runner | ip=127.0.0.1 | op=READ_VOLUME {"volume":"e9ec6ff6-3d74-41e1-9e70-b9cd6a855cd1"} | ret=SUCCESS |  
]]></system-out>
  </testcase>
  <testcase name="testDefaultS3GVolumeExists" classname="org.apache.hadoop.ozone.client.rpc.TestSecureOzoneRpcClient" time="0.003">
    <system-out><![CDATA[2025-10-16 19:48:52,619 | INFO  | OMAudit | user=runner | ip=127.0.0.1 | op=READ_VOLUME {"volume":"s3v"} | ret=SUCCESS |  
]]></system-out>
  </testcase>
  <testcase name="testDeleteAuditLog" classname="org.apache.hadoop.ozone.client.rpc.TestSecureOzoneRpcClient" time="0.155">
    <system-out><![CDATA[2025-10-16 19:48:52,621 [ForkJoinPool-1-worker-1] INFO  rpc.RpcClient (RpcClient.java:createVolume(461)) - Creating Volume: 55c5a4de-5614-46f5-a11d-fff3de617e6f, with runner as owner and space quota set to -1 bytes, counts quota set to -1
2025-10-16 19:48:52,622 [om1-OMStateMachineApplyTransactionThread - 0] INFO  volume.OMVolumeCreateRequest (OMVolumeCreateRequest.java:validateAndUpdateCache(213)) - created volume:55c5a4de-5614-46f5-a11d-fff3de617e6f for user:runner
2025-10-16 19:48:52,622 | INFO  | OMAudit | user=runner | ip=127.0.0.1 | op=CREATE_VOLUME {"admin":"runner","owner":"runner","volume":"55c5a4de-5614-46f5-a11d-fff3de617e6f","creationTime":"1760644132621","modificationTime":"1760644132621","quotaInBytes":"-1","quotaInNamespace":"-1","usedNamespace":"0","objectID":"-9223372036854616064","updateID":"624","Transaction":"624"} | ret=SUCCESS |  
2025-10-16 19:48:52,623 | INFO  | OMAudit | user=runner | ip=127.0.0.1 | op=READ_VOLUME {"volume":"55c5a4de-5614-46f5-a11d-fff3de617e6f"} | ret=SUCCESS |  
2025-10-16 19:48:52,624 [ForkJoinPool-1-worker-1] INFO  rpc.RpcClient (RpcClient.java:createBucket(686)) - Creating Bucket: 55c5a4de-5614-46f5-a11d-fff3de617e6f/4521d894-62a3-4894-b483-43b59afd5a18, with server-side default bucket layout, runner as owner, Versioning false, Storage Type set to DISK and Encryption set to false, Replication Type set to server-side default replication type, Namespace Quota set to -1, Space Quota set to -1 
2025-10-16 19:48:52,626 [om1-OMStateMachineApplyTransactionThread - 0] INFO  bucket.OMBucketCreateRequest (OMBucketCreateRequest.java:validateAndUpdateCache(303)) - created bucket: 4521d894-62a3-4894-b483-43b59afd5a18 of layout FILE_SYSTEM_OPTIMIZED in volume: 55c5a4de-5614-46f5-a11d-fff3de617e6f
2025-10-16 19:48:52,626 | INFO  | OMAudit | user=runner | ip=127.0.0.1 | op=CREATE_BUCKET {"volume":"55c5a4de-5614-46f5-a11d-fff3de617e6f","bucket":"4521d894-62a3-4894-b483-43b59afd5a18","bucketLayout":"FILE_SYSTEM_OPTIMIZED","gdprEnabled":null,"acls":"[user:runner:a[ACCESS], group:runner:rl[ACCESS]]","isVersionEnabled":"false","storageType":"DISK","creationTime":"1760644132625","bucketEncryptionKey":null,"modificationTime":"1760644132625","usedBytes":"0","usedNamespace":"0","snapshotUsedBytes":"0","snapshotUsedNamespace":"0","owner":"runner","replicationType":null,"replicationConfig":null,"quotaInBytes":"-1","quotaInNamespace":"-1","Transaction":"625"} | ret=SUCCESS |  
2025-10-16 19:48:52,627 | INFO  | OMAudit | user=runner | ip=127.0.0.1 | op=READ_BUCKET {"volume":"55c5a4de-5614-46f5-a11d-fff3de617e6f","bucket":"4521d894-62a3-4894-b483-43b59afd5a18"} | ret=SUCCESS |  
2025-10-16 19:48:52,630 | INFO  | OMAudit | user=runner | ip=127.0.0.1 | op=READ_BUCKET {"volume":"55c5a4de-5614-46f5-a11d-fff3de617e6f","bucket":"4521d894-62a3-4894-b483-43b59afd5a18"} | ret=SUCCESS |  
2025-10-16 19:48:52,631 | INFO  | SCMAudit | user=runner | ip=127.0.0.1 | op=ALLOCATE_BLOCK {"replication":"RATIS/THREE","owner":"omServiceIdDefault","size":"4194304","sampleBlocks":"[conID: 18 locID: 115816896921600185]","num":"1","client":"","allocated":"1"} | ret=SUCCESS |  
2025-10-16 19:48:52,633 | INFO  | OMAudit | user=runner | ip=127.0.0.1 | op=ALLOCATE_KEY {"volume":"55c5a4de-5614-46f5-a11d-fff3de617e6f","bucket":"4521d894-62a3-4894-b483-43b59afd5a18","key":"key1","dataSize":"12","replicationType":"RATIS","replicationFactor":"THREE","Transaction":"626"} | ret=SUCCESS |  
2025-10-16 19:48:52,637 | INFO  | SCMAudit | user=runner | ip=127.0.0.1 | op=SEND_HEARTBEAT {"datanodeUUID":"0e8b6cc7-9945-4141-97fc-6aa017a0d5fa","term":"2","command":"[]"} | ret=SUCCESS |  
2025-10-16 19:48:52,654 | INFO  | OMAudit | user=runner | ip=127.0.0.1 | op=COMMIT_KEY {"volume":"55c5a4de-5614-46f5-a11d-fff3de617e6f","bucket":"4521d894-62a3-4894-b483-43b59afd5a18","key":"key1","dataSize":"12","replicationType":"RATIS","replicationFactor":"THREE","Transaction":"627"} | ret=SUCCESS |  
2025-10-16 19:48:52,655 | INFO  | OMAudit | user=runner | ip=127.0.0.1 | op=READ_BUCKET {"volume":"55c5a4de-5614-46f5-a11d-fff3de617e6f","bucket":"4521d894-62a3-4894-b483-43b59afd5a18"} | ret=SUCCESS |  
2025-10-16 19:48:52,656 | INFO  | SCMAudit | user=runner | ip=127.0.0.1 | op=ALLOCATE_BLOCK {"replication":"EC{rs-3-2-1024k}","owner":"omServiceIdDefault","size":"4194304","sampleBlocks":"[conID: 23 locID: 115816896921600186]","num":"1","client":"","allocated":"1"} | ret=SUCCESS |  
2025-10-16 19:48:52,658 | INFO  | OMAudit | user=runner | ip=127.0.0.1 | op=ALLOCATE_KEY {"volume":"55c5a4de-5614-46f5-a11d-fff3de617e6f","bucket":"4521d894-62a3-4894-b483-43b59afd5a18","key":"key2","dataSize":"12","replicationType":"EC","replicationConfig":"rs-3-2-1048576","Transaction":"628"} | ret=SUCCESS |  
2025-10-16 19:48:52,675 | INFO  | OMAudit | user=runner | ip=127.0.0.1 | op=COMMIT_KEY {"volume":"55c5a4de-5614-46f5-a11d-fff3de617e6f","bucket":"4521d894-62a3-4894-b483-43b59afd5a18","key":"key2","dataSize":"12","replicationType":"EC","replicationConfig":"rs-3-2-1048576","Transaction":"629"} | ret=SUCCESS |  
2025-10-16 19:48:52,678 | INFO  | OMAudit | user=runner | ip=127.0.0.1 | op=CREATE_DIRECTORY {"volume":"55c5a4de-5614-46f5-a11d-fff3de617e6f","bucket":"4521d894-62a3-4894-b483-43b59afd5a18","key":"dir1","dataSize":"0","Transaction":"630"} | ret=SUCCESS |  
2025-10-16 19:48:52,679 | INFO  | OMAudit | user=runner | ip=127.0.0.1 | op=READ_BUCKET {"volume":"55c5a4de-5614-46f5-a11d-fff3de617e6f","bucket":"4521d894-62a3-4894-b483-43b59afd5a18"} | ret=SUCCESS |  
2025-10-16 19:48:52,680 | INFO  | SCMAudit | user=runner | ip=127.0.0.1 | op=ALLOCATE_BLOCK {"replication":"RATIS/THREE","owner":"omServiceIdDefault","size":"4194304","sampleBlocks":"[conID: 17 locID: 115816896921600187]","num":"1","client":"","allocated":"1"} | ret=SUCCESS |  
2025-10-16 19:48:52,682 | INFO  | OMAudit | user=runner | ip=127.0.0.1 | op=ALLOCATE_KEY {"volume":"55c5a4de-5614-46f5-a11d-fff3de617e6f","bucket":"4521d894-62a3-4894-b483-43b59afd5a18","key":"key3","dataSize":"12","replicationType":"RATIS","replicationFactor":"THREE","Transaction":"631"} | ret=SUCCESS |  
2025-10-16 19:48:52,698 | INFO  | OMAudit | user=runner | ip=127.0.0.1 | op=COMMIT_KEY {"volume":"55c5a4de-5614-46f5-a11d-fff3de617e6f","bucket":"4521d894-62a3-4894-b483-43b59afd5a18","key":"key3","dataSize":"12","replicationType":"RATIS","replicationFactor":"THREE","Transaction":"632"} | ret=SUCCESS |  
2025-10-16 19:48:52,702 | INFO  | OMAudit | user=runner | ip=127.0.0.1 | op=DELETE_KEY {"volume":"55c5a4de-5614-46f5-a11d-fff3de617e6f","bucket":"4521d894-62a3-4894-b483-43b59afd5a18","key":"key1","dataSize":"12","replicationConfig":"RATIS/THREE","Transaction":"633"} | ret=SUCCESS |  
2025-10-16 19:48:52,711 | INFO  | OMAudit | user=runner | ip=127.0.0.1 | op=DELETE_KEY {"volume":"55c5a4de-5614-46f5-a11d-fff3de617e6f","bucket":"4521d894-62a3-4894-b483-43b59afd5a18","key":"key2","dataSize":"12","replicationConfig":"EC{rs-3-2-1024k}","Transaction":"634"} | ret=SUCCESS |  
2025-10-16 19:48:52,715 | INFO  | SCMAudit | user=runner | ip=127.0.0.1 | op=SEND_HEARTBEAT {"datanodeUUID":"757ca056-973f-4f05-ab2d-6aff6c54d452","term":"2","command":"[]"} | ret=SUCCESS |  
2025-10-16 19:48:52,717 | INFO  | OMAudit | user=runner | ip=127.0.0.1 | op=DELETE_KEY {"volume":"55c5a4de-5614-46f5-a11d-fff3de617e6f","bucket":"4521d894-62a3-4894-b483-43b59afd5a18","key":"dir1","Transaction":"635"} | ret=SUCCESS |  
2025-10-16 19:48:52,719 | INFO  | OMAudit | user=runner | ip=127.0.0.1 | op=READ_BUCKET {"volume":"55c5a4de-5614-46f5-a11d-fff3de617e6f","bucket":"4521d894-62a3-4894-b483-43b59afd5a18"} | ret=SUCCESS |  
2025-10-16 19:48:52,720 | INFO  | SCMAudit | user=runner | ip=127.0.0.1 | op=ALLOCATE_BLOCK {"replication":"RATIS/THREE","owner":"omServiceIdDefault","size":"4194304","sampleBlocks":"[conID: 17 locID: 115816896921600188]","num":"1","client":"","allocated":"1"} | ret=SUCCESS |  
2025-10-16 19:48:52,723 | INFO  | OMAudit | user=runner | ip=127.0.0.1 | op=ALLOCATE_KEY {"volume":"55c5a4de-5614-46f5-a11d-fff3de617e6f","bucket":"4521d894-62a3-4894-b483-43b59afd5a18","key":"dir1/key4","dataSize":"12","replicationType":"RATIS","replicationFactor":"THREE","Transaction":"636"} | ret=SUCCESS |  
2025-10-16 19:48:52,735 | INFO  | SCMAudit | user=runner | ip=127.0.0.1 | op=SEND_HEARTBEAT {"datanodeUUID":"702cb173-5c73-4ecc-b5cd-c7b4a6b66aea","term":"2","command":"[]"} | ret=SUCCESS |  
2025-10-16 19:48:52,736 | INFO  | OMAudit | user=runner | ip=127.0.0.1 | op=COMMIT_KEY {"volume":"55c5a4de-5614-46f5-a11d-fff3de617e6f","bucket":"4521d894-62a3-4894-b483-43b59afd5a18","key":"dir1/key4","dataSize":"12","replicationType":"RATIS","replicationFactor":"THREE","Transaction":"637"} | ret=SUCCESS |  
2025-10-16 19:48:52,738 | INFO  | OMAudit | user=runner | ip=127.0.0.1 | op=READ_BUCKET {"volume":"55c5a4de-5614-46f5-a11d-fff3de617e6f","bucket":"4521d894-62a3-4894-b483-43b59afd5a18"} | ret=SUCCESS |  
2025-10-16 19:48:52,740 | INFO  | SCMAudit | user=runner | ip=127.0.0.1 | op=ALLOCATE_BLOCK {"replication":"EC{rs-3-2-1024k}","owner":"omServiceIdDefault","size":"4194304","sampleBlocks":"[conID: 26 locID: 115816896921600189]","num":"1","client":"","allocated":"1"} | ret=SUCCESS |  
2025-10-16 19:48:52,743 | INFO  | OMAudit | user=runner | ip=127.0.0.1 | op=ALLOCATE_KEY {"volume":"55c5a4de-5614-46f5-a11d-fff3de617e6f","bucket":"4521d894-62a3-4894-b483-43b59afd5a18","key":"dir1/key5","dataSize":"12","replicationType":"EC","replicationConfig":"rs-3-2-1048576","Transaction":"638"} | ret=SUCCESS |  
2025-10-16 19:48:52,766 | INFO  | OMAudit | user=runner | ip=127.0.0.1 | op=COMMIT_KEY {"volume":"55c5a4de-5614-46f5-a11d-fff3de617e6f","bucket":"4521d894-62a3-4894-b483-43b59afd5a18","key":"dir1/key5","dataSize":"12","replicationType":"EC","replicationConfig":"rs-3-2-1048576","Transaction":"639"} | ret=SUCCESS |  
2025-10-16 19:48:52,773 | INFO  | OMAudit | user=runner | ip=127.0.0.1 | op=DELETE_KEYS {"volume":"55c5a4de-5614-46f5-a11d-fff3de617e6f","bucket":"4521d894-62a3-4894-b483-43b59afd5a18","deletedKeysList":"{key=dir1/key4, dataSize=12, replicationConfig=RATIS/THREE}, {key=dir1/key5, dataSize=12, replicationConfig=EC{rs-3-2-1024k}}","unDeletedKeysList":"","Transaction":"640"} | ret=SUCCESS |  
]]></system-out>
  </testcase>
  <testcase name="testDeleteBucket" classname="org.apache.hadoop.ozone.client.rpc.TestSecureOzoneRpcClient" time="0.017">
    <system-out><![CDATA[2025-10-16 19:48:52,777 [ForkJoinPool-1-worker-1] INFO  rpc.RpcClient (RpcClient.java:createVolume(461)) - Creating Volume: de649745-5a3a-4cd1-b067-23c1c9da5aa1, with runner as owner and space quota set to -1 bytes, counts quota set to -1
2025-10-16 19:48:52,780 [om1-OMStateMachineApplyTransactionThread - 0] INFO  volume.OMVolumeCreateRequest (OMVolumeCreateRequest.java:validateAndUpdateCache(213)) - created volume:de649745-5a3a-4cd1-b067-23c1c9da5aa1 for user:runner
2025-10-16 19:48:52,780 | INFO  | OMAudit | user=runner | ip=127.0.0.1 | op=CREATE_VOLUME {"admin":"runner","owner":"runner","volume":"de649745-5a3a-4cd1-b067-23c1c9da5aa1","creationTime":"1760644132778","modificationTime":"1760644132778","quotaInBytes":"-1","quotaInNamespace":"-1","usedNamespace":"0","objectID":"-9223372036854611712","updateID":"641","Transaction":"641"} | ret=SUCCESS |  
2025-10-16 19:48:52,782 | INFO  | OMAudit | user=runner | ip=127.0.0.1 | op=READ_VOLUME {"volume":"de649745-5a3a-4cd1-b067-23c1c9da5aa1"} | ret=SUCCESS |  
2025-10-16 19:48:52,782 [ForkJoinPool-1-worker-1] INFO  rpc.RpcClient (RpcClient.java:createBucket(686)) - Creating Bucket: de649745-5a3a-4cd1-b067-23c1c9da5aa1/ca47e33b-744f-4194-ae89-7f07fd47f6d8, with server-side default bucket layout, runner as owner, Versioning false, Storage Type set to DISK and Encryption set to false, Replication Type set to server-side default replication type, Namespace Quota set to -1, Space Quota set to -1 
2025-10-16 19:48:52,784 [om1-OMStateMachineApplyTransactionThread - 0] INFO  bucket.OMBucketCreateRequest (OMBucketCreateRequest.java:validateAndUpdateCache(303)) - created bucket: ca47e33b-744f-4194-ae89-7f07fd47f6d8 of layout FILE_SYSTEM_OPTIMIZED in volume: de649745-5a3a-4cd1-b067-23c1c9da5aa1
2025-10-16 19:48:52,784 | INFO  | OMAudit | user=runner | ip=127.0.0.1 | op=CREATE_BUCKET {"volume":"de649745-5a3a-4cd1-b067-23c1c9da5aa1","bucket":"ca47e33b-744f-4194-ae89-7f07fd47f6d8","bucketLayout":"FILE_SYSTEM_OPTIMIZED","gdprEnabled":null,"acls":"[user:runner:a[ACCESS], group:runner:rl[ACCESS]]","isVersionEnabled":"false","storageType":"DISK","creationTime":"1760644132783","bucketEncryptionKey":null,"modificationTime":"1760644132783","usedBytes":"0","usedNamespace":"0","snapshotUsedBytes":"0","snapshotUsedNamespace":"0","owner":"runner","replicationType":null,"replicationConfig":null,"quotaInBytes":"-1","quotaInNamespace":"-1","Transaction":"642"} | ret=SUCCESS |  
2025-10-16 19:48:52,786 | INFO  | OMAudit | user=runner | ip=127.0.0.1 | op=READ_BUCKET {"volume":"de649745-5a3a-4cd1-b067-23c1c9da5aa1","bucket":"ca47e33b-744f-4194-ae89-7f07fd47f6d8"} | ret=SUCCESS |  
2025-10-16 19:48:52,789 | INFO  | OMAudit | user=runner | ip=127.0.0.1 | op=DELETE_BUCKET {"volume":"de649745-5a3a-4cd1-b067-23c1c9da5aa1","bucket":"ca47e33b-744f-4194-ae89-7f07fd47f6d8","Transaction":"643"} | ret=SUCCESS |  
2025-10-16 19:48:52,791 | ERROR | OMAudit | user=runner | ip=127.0.0.1 | op=READ_BUCKET {"volume":"de649745-5a3a-4cd1-b067-23c1c9da5aa1","bucket":"ca47e33b-744f-4194-ae89-7f07fd47f6d8"} | ret=FAILURE | 
org.apache.hadoop.ozone.om.exceptions.OMException: Bucket not found
	at org.apache.hadoop.ozone.om.OzoneManager.getBucketOwner(OzoneManager.java:2726)
	at org.apache.hadoop.ozone.om.OzoneManager.getBucketOwner(OzoneManager.java:2694)
 
]]></system-out>
  </testcase>
  <testcase name="testDeleteBucketWithTheSamePrefix(BucketLayout)[1]" classname="org.apache.hadoop.ozone.client.rpc.TestSecureOzoneRpcClient" time="0.025">
    <system-out><![CDATA[2025-10-16 19:48:52,796 [ForkJoinPool-1-worker-1] INFO  rpc.RpcClient (RpcClient.java:createVolume(461)) - Creating Volume: a86d61b6-53ed-4768-8baa-516c280a8078, with runner as owner and space quota set to -1 bytes, counts quota set to -1
2025-10-16 19:48:52,798 [om1-OMStateMachineApplyTransactionThread - 0] INFO  volume.OMVolumeCreateRequest (OMVolumeCreateRequest.java:validateAndUpdateCache(213)) - created volume:a86d61b6-53ed-4768-8baa-516c280a8078 for user:runner
2025-10-16 19:48:52,798 | INFO  | OMAudit | user=runner | ip=127.0.0.1 | op=CREATE_VOLUME {"admin":"runner","owner":"runner","volume":"a86d61b6-53ed-4768-8baa-516c280a8078","creationTime":"1760644132797","modificationTime":"1760644132797","quotaInBytes":"-1","quotaInNamespace":"-1","usedNamespace":"0","objectID":"-9223372036854610944","updateID":"644","Transaction":"644"} | ret=SUCCESS |  
2025-10-16 19:48:52,800 | INFO  | OMAudit | user=runner | ip=127.0.0.1 | op=READ_VOLUME {"volume":"a86d61b6-53ed-4768-8baa-516c280a8078"} | ret=SUCCESS |  
2025-10-16 19:48:52,800 [ForkJoinPool-1-worker-1] INFO  rpc.RpcClient (RpcClient.java:createBucket(686)) - Creating Bucket: a86d61b6-53ed-4768-8baa-516c280a8078/bucket1, with bucket layout OBJECT_STORE, runner as owner, Versioning false, Storage Type set to DISK and Encryption set to false, Replication Type set to server-side default replication type, Namespace Quota set to -1, Space Quota set to -1 
2025-10-16 19:48:52,803 [om1-OMStateMachineApplyTransactionThread - 0] INFO  bucket.OMBucketCreateRequest (OMBucketCreateRequest.java:validateAndUpdateCache(303)) - created bucket: bucket1 of layout OBJECT_STORE in volume: a86d61b6-53ed-4768-8baa-516c280a8078
2025-10-16 19:48:52,803 | INFO  | OMAudit | user=runner | ip=127.0.0.1 | op=CREATE_BUCKET {"volume":"a86d61b6-53ed-4768-8baa-516c280a8078","bucket":"bucket1","bucketLayout":"OBJECT_STORE","gdprEnabled":null,"acls":"[user:runner:a[ACCESS], group:runner:rl[ACCESS]]","isVersionEnabled":"false","storageType":"DISK","creationTime":"1760644132801","bucketEncryptionKey":null,"modificationTime":"1760644132801","usedBytes":"0","usedNamespace":"0","snapshotUsedBytes":"0","snapshotUsedNamespace":"0","owner":"runner","replicationType":null,"replicationConfig":null,"quotaInBytes":"-1","quotaInNamespace":"-1","Transaction":"645"} | ret=SUCCESS |  
2025-10-16 19:48:52,804 [ForkJoinPool-1-worker-1] INFO  rpc.RpcClient (RpcClient.java:createBucket(686)) - Creating Bucket: a86d61b6-53ed-4768-8baa-516c280a8078/bucket11, with bucket layout OBJECT_STORE, runner as owner, Versioning false, Storage Type set to DISK and Encryption set to false, Replication Type set to server-side default replication type, Namespace Quota set to -1, Space Quota set to -1 
2025-10-16 19:48:52,805 [om1-OMStateMachineApplyTransactionThread - 0] INFO  bucket.OMBucketCreateRequest (OMBucketCreateRequest.java:validateAndUpdateCache(303)) - created bucket: bucket11 of layout OBJECT_STORE in volume: a86d61b6-53ed-4768-8baa-516c280a8078
2025-10-16 19:48:52,805 | INFO  | OMAudit | user=runner | ip=127.0.0.1 | op=CREATE_BUCKET {"volume":"a86d61b6-53ed-4768-8baa-516c280a8078","bucket":"bucket11","bucketLayout":"OBJECT_STORE","gdprEnabled":null,"acls":"[user:runner:a[ACCESS], group:runner:rl[ACCESS]]","isVersionEnabled":"false","storageType":"DISK","creationTime":"1760644132805","bucketEncryptionKey":null,"modificationTime":"1760644132805","usedBytes":"0","usedNamespace":"0","snapshotUsedBytes":"0","snapshotUsedNamespace":"0","owner":"runner","replicationType":null,"replicationConfig":null,"quotaInBytes":"-1","quotaInNamespace":"-1","Transaction":"646"} | ret=SUCCESS |  
2025-10-16 19:48:52,807 | INFO  | OMAudit | user=runner | ip=127.0.0.1 | op=READ_BUCKET {"volume":"a86d61b6-53ed-4768-8baa-516c280a8078","bucket":"bucket11"} | ret=SUCCESS |  
2025-10-16 19:48:52,808 | INFO  | OMAudit | user=runner | ip=127.0.0.1 | op=READ_BUCKET {"volume":"a86d61b6-53ed-4768-8baa-516c280a8078","bucket":"bucket11"} | ret=SUCCESS |  
2025-10-16 19:48:52,809 | INFO  | SCMAudit | user=runner | ip=127.0.0.1 | op=ALLOCATE_BLOCK {"replication":"RATIS/THREE","owner":"omServiceIdDefault","size":"4194304","sampleBlocks":"[conID: 16 locID: 115816896921600190]","num":"1","client":"","allocated":"1"} | ret=SUCCESS |  
2025-10-16 19:48:52,812 | INFO  | OMAudit | user=runner | ip=127.0.0.1 | op=ALLOCATE_KEY {"volume":"a86d61b6-53ed-4768-8baa-516c280a8078","bucket":"bucket11","key":"key","dataSize":"1","replicationType":"NONE","Transaction":"647"} | ret=SUCCESS |  
2025-10-16 19:48:52,815 | INFO  | OMAudit | user=runner | ip=127.0.0.1 | op=COMMIT_KEY {"volume":"a86d61b6-53ed-4768-8baa-516c280a8078","bucket":"bucket11","key":"key","dataSize":"0","replicationType":"RATIS","replicationFactor":"THREE","Transaction":"648"} | ret=SUCCESS |  
2025-10-16 19:48:52,817 | INFO  | OMAudit | user=runner | ip=127.0.0.1 | op=DELETE_BUCKET {"volume":"a86d61b6-53ed-4768-8baa-516c280a8078","bucket":"bucket1","Transaction":"649"} | ret=SUCCESS |  
2025-10-16 19:48:52,819 | ERROR | OMAudit | user=runner | ip=127.0.0.1 | op=READ_BUCKET {"volume":"a86d61b6-53ed-4768-8baa-516c280a8078","bucket":"bucket1"} | ret=FAILURE | 
org.apache.hadoop.ozone.om.exceptions.OMException: Bucket not found
	at org.apache.hadoop.ozone.om.OzoneManager.getBucketOwner(OzoneManager.java:2726)
	at org.apache.hadoop.ozone.om.OzoneManager.getBucketOwner(OzoneManager.java:2694)
 
]]></system-out>
  </testcase>
  <testcase name="testDeleteBucketWithTheSamePrefix(BucketLayout)[2]" classname="org.apache.hadoop.ozone.client.rpc.TestSecureOzoneRpcClient" time="0.027">
    <system-out><![CDATA[2025-10-16 19:48:52,823 [ForkJoinPool-1-worker-1] INFO  rpc.RpcClient (RpcClient.java:createVolume(461)) - Creating Volume: ed62b7e4-eb89-4caf-91fc-9b5f72378914, with runner as owner and space quota set to -1 bytes, counts quota set to -1
2025-10-16 19:48:52,826 [om1-OMStateMachineApplyTransactionThread - 0] INFO  volume.OMVolumeCreateRequest (OMVolumeCreateRequest.java:validateAndUpdateCache(213)) - created volume:ed62b7e4-eb89-4caf-91fc-9b5f72378914 for user:runner
2025-10-16 19:48:52,826 | INFO  | OMAudit | user=runner | ip=127.0.0.1 | op=CREATE_VOLUME {"admin":"runner","owner":"runner","volume":"ed62b7e4-eb89-4caf-91fc-9b5f72378914","creationTime":"1760644132825","modificationTime":"1760644132825","quotaInBytes":"-1","quotaInNamespace":"-1","usedNamespace":"0","objectID":"-9223372036854609408","updateID":"650","Transaction":"650"} | ret=SUCCESS |  
2025-10-16 19:48:52,830 | INFO  | OMAudit | user=runner | ip=127.0.0.1 | op=READ_VOLUME {"volume":"ed62b7e4-eb89-4caf-91fc-9b5f72378914"} | ret=SUCCESS |  
2025-10-16 19:48:52,831 [ForkJoinPool-1-worker-1] INFO  rpc.RpcClient (RpcClient.java:createBucket(686)) - Creating Bucket: ed62b7e4-eb89-4caf-91fc-9b5f72378914/bucket1, with bucket layout LEGACY, runner as owner, Versioning false, Storage Type set to DISK and Encryption set to false, Replication Type set to server-side default replication type, Namespace Quota set to -1, Space Quota set to -1 
2025-10-16 19:48:52,833 [om1-OMStateMachineApplyTransactionThread - 0] INFO  bucket.OMBucketCreateRequest (OMBucketCreateRequest.java:validateAndUpdateCache(303)) - created bucket: bucket1 of layout LEGACY in volume: ed62b7e4-eb89-4caf-91fc-9b5f72378914
2025-10-16 19:48:52,833 | INFO  | OMAudit | user=runner | ip=127.0.0.1 | op=CREATE_BUCKET {"volume":"ed62b7e4-eb89-4caf-91fc-9b5f72378914","bucket":"bucket1","bucketLayout":"LEGACY","gdprEnabled":null,"acls":"[user:runner:a[ACCESS], group:runner:rl[ACCESS]]","isVersionEnabled":"false","storageType":"DISK","creationTime":"1760644132832","bucketEncryptionKey":null,"modificationTime":"1760644132832","usedBytes":"0","usedNamespace":"0","snapshotUsedBytes":"0","snapshotUsedNamespace":"0","owner":"runner","replicationType":null,"replicationConfig":null,"quotaInBytes":"-1","quotaInNamespace":"-1","Transaction":"651"} | ret=SUCCESS |  
2025-10-16 19:48:52,833 [ForkJoinPool-1-worker-1] INFO  rpc.RpcClient (RpcClient.java:createBucket(686)) - Creating Bucket: ed62b7e4-eb89-4caf-91fc-9b5f72378914/bucket11, with bucket layout LEGACY, runner as owner, Versioning false, Storage Type set to DISK and Encryption set to false, Replication Type set to server-side default replication type, Namespace Quota set to -1, Space Quota set to -1 
2025-10-16 19:48:52,836 [om1-OMStateMachineApplyTransactionThread - 0] INFO  bucket.OMBucketCreateRequest (OMBucketCreateRequest.java:validateAndUpdateCache(303)) - created bucket: bucket11 of layout LEGACY in volume: ed62b7e4-eb89-4caf-91fc-9b5f72378914
2025-10-16 19:48:52,836 | INFO  | OMAudit | user=runner | ip=127.0.0.1 | op=CREATE_BUCKET {"volume":"ed62b7e4-eb89-4caf-91fc-9b5f72378914","bucket":"bucket11","bucketLayout":"LEGACY","gdprEnabled":null,"acls":"[user:runner:a[ACCESS], group:runner:rl[ACCESS]]","isVersionEnabled":"false","storageType":"DISK","creationTime":"1760644132835","bucketEncryptionKey":null,"modificationTime":"1760644132835","usedBytes":"0","usedNamespace":"0","snapshotUsedBytes":"0","snapshotUsedNamespace":"0","owner":"runner","replicationType":null,"replicationConfig":null,"quotaInBytes":"-1","quotaInNamespace":"-1","Transaction":"652"} | ret=SUCCESS |  
2025-10-16 19:48:52,837 | INFO  | OMAudit | user=runner | ip=127.0.0.1 | op=READ_BUCKET {"volume":"ed62b7e4-eb89-4caf-91fc-9b5f72378914","bucket":"bucket11"} | ret=SUCCESS |  
2025-10-16 19:48:52,839 | INFO  | OMAudit | user=runner | ip=127.0.0.1 | op=READ_BUCKET {"volume":"ed62b7e4-eb89-4caf-91fc-9b5f72378914","bucket":"bucket11"} | ret=SUCCESS |  
2025-10-16 19:48:52,839 | INFO  | SCMAudit | user=runner | ip=127.0.0.1 | op=ALLOCATE_BLOCK {"replication":"RATIS/THREE","owner":"omServiceIdDefault","size":"4194304","sampleBlocks":"[conID: 20 locID: 115816896921600191]","num":"1","client":"","allocated":"1"} | ret=SUCCESS |  
2025-10-16 19:48:52,842 | INFO  | OMAudit | user=runner | ip=127.0.0.1 | op=ALLOCATE_KEY {"volume":"ed62b7e4-eb89-4caf-91fc-9b5f72378914","bucket":"bucket11","key":"key","dataSize":"1","replicationType":"NONE","Transaction":"653"} | ret=SUCCESS |  
2025-10-16 19:48:52,845 | INFO  | OMAudit | user=runner | ip=127.0.0.1 | op=COMMIT_KEY {"volume":"ed62b7e4-eb89-4caf-91fc-9b5f72378914","bucket":"bucket11","key":"key","dataSize":"0","replicationType":"RATIS","replicationFactor":"THREE","Transaction":"654"} | ret=SUCCESS |  
2025-10-16 19:48:52,847 | INFO  | OMAudit | user=runner | ip=127.0.0.1 | op=DELETE_BUCKET {"volume":"ed62b7e4-eb89-4caf-91fc-9b5f72378914","bucket":"bucket1","Transaction":"655"} | ret=SUCCESS |  
2025-10-16 19:48:52,848 | ERROR | OMAudit | user=runner | ip=127.0.0.1 | op=READ_BUCKET {"volume":"ed62b7e4-eb89-4caf-91fc-9b5f72378914","bucket":"bucket1"} | ret=FAILURE | 
org.apache.hadoop.ozone.om.exceptions.OMException: Bucket not found
	at org.apache.hadoop.ozone.om.OzoneManager.getBucketOwner(OzoneManager.java:2726)
	at org.apache.hadoop.ozone.om.OzoneManager.getBucketOwner(OzoneManager.java:2694)
 
]]></system-out>
  </testcase>
  <testcase name="testDeleteBucketWithTheSamePrefix(BucketLayout)[3]" classname="org.apache.hadoop.ozone.client.rpc.TestSecureOzoneRpcClient" time="0.022">
    <system-out><![CDATA[2025-10-16 19:48:52,851 [ForkJoinPool-1-worker-1] INFO  rpc.RpcClient (RpcClient.java:createVolume(461)) - Creating Volume: ce5ac647-9789-4270-b077-e38d2fbb83e6, with runner as owner and space quota set to -1 bytes, counts quota set to -1
2025-10-16 19:48:52,853 [om1-OMStateMachineApplyTransactionThread - 0] INFO  volume.OMVolumeCreateRequest (OMVolumeCreateRequest.java:validateAndUpdateCache(213)) - created volume:ce5ac647-9789-4270-b077-e38d2fbb83e6 for user:runner
2025-10-16 19:48:52,853 | INFO  | OMAudit | user=runner | ip=127.0.0.1 | op=CREATE_VOLUME {"admin":"runner","owner":"runner","volume":"ce5ac647-9789-4270-b077-e38d2fbb83e6","creationTime":"1760644132852","modificationTime":"1760644132852","quotaInBytes":"-1","quotaInNamespace":"-1","usedNamespace":"0","objectID":"-9223372036854607872","updateID":"656","Transaction":"656"} | ret=SUCCESS |  
2025-10-16 19:48:52,855 | INFO  | OMAudit | user=runner | ip=127.0.0.1 | op=READ_VOLUME {"volume":"ce5ac647-9789-4270-b077-e38d2fbb83e6"} | ret=SUCCESS |  
2025-10-16 19:48:52,855 [ForkJoinPool-1-worker-1] INFO  rpc.RpcClient (RpcClient.java:createBucket(686)) - Creating Bucket: ce5ac647-9789-4270-b077-e38d2fbb83e6/bucket1, with bucket layout FILE_SYSTEM_OPTIMIZED, runner as owner, Versioning false, Storage Type set to DISK and Encryption set to false, Replication Type set to server-side default replication type, Namespace Quota set to -1, Space Quota set to -1 
2025-10-16 19:48:52,856 [om1-OMStateMachineApplyTransactionThread - 0] INFO  bucket.OMBucketCreateRequest (OMBucketCreateRequest.java:validateAndUpdateCache(303)) - created bucket: bucket1 of layout FILE_SYSTEM_OPTIMIZED in volume: ce5ac647-9789-4270-b077-e38d2fbb83e6
2025-10-16 19:48:52,857 | INFO  | OMAudit | user=runner | ip=127.0.0.1 | op=CREATE_BUCKET {"volume":"ce5ac647-9789-4270-b077-e38d2fbb83e6","bucket":"bucket1","bucketLayout":"FILE_SYSTEM_OPTIMIZED","gdprEnabled":null,"acls":"[user:runner:a[ACCESS], group:runner:rl[ACCESS]]","isVersionEnabled":"false","storageType":"DISK","creationTime":"1760644132856","bucketEncryptionKey":null,"modificationTime":"1760644132856","usedBytes":"0","usedNamespace":"0","snapshotUsedBytes":"0","snapshotUsedNamespace":"0","owner":"runner","replicationType":null,"replicationConfig":null,"quotaInBytes":"-1","quotaInNamespace":"-1","Transaction":"657"} | ret=SUCCESS |  
2025-10-16 19:48:52,857 [ForkJoinPool-1-worker-1] INFO  rpc.RpcClient (RpcClient.java:createBucket(686)) - Creating Bucket: ce5ac647-9789-4270-b077-e38d2fbb83e6/bucket11, with bucket layout FILE_SYSTEM_OPTIMIZED, runner as owner, Versioning false, Storage Type set to DISK and Encryption set to false, Replication Type set to server-side default replication type, Namespace Quota set to -1, Space Quota set to -1 
2025-10-16 19:48:52,858 [om1-OMStateMachineApplyTransactionThread - 0] INFO  bucket.OMBucketCreateRequest (OMBucketCreateRequest.java:validateAndUpdateCache(303)) - created bucket: bucket11 of layout FILE_SYSTEM_OPTIMIZED in volume: ce5ac647-9789-4270-b077-e38d2fbb83e6
2025-10-16 19:48:52,858 | INFO  | OMAudit | user=runner | ip=127.0.0.1 | op=CREATE_BUCKET {"volume":"ce5ac647-9789-4270-b077-e38d2fbb83e6","bucket":"bucket11","bucketLayout":"FILE_SYSTEM_OPTIMIZED","gdprEnabled":null,"acls":"[user:runner:a[ACCESS], group:runner:rl[ACCESS]]","isVersionEnabled":"false","storageType":"DISK","creationTime":"1760644132858","bucketEncryptionKey":null,"modificationTime":"1760644132858","usedBytes":"0","usedNamespace":"0","snapshotUsedBytes":"0","snapshotUsedNamespace":"0","owner":"runner","replicationType":null,"replicationConfig":null,"quotaInBytes":"-1","quotaInNamespace":"-1","Transaction":"658"} | ret=SUCCESS |  
2025-10-16 19:48:52,860 | INFO  | OMAudit | user=runner | ip=127.0.0.1 | op=READ_BUCKET {"volume":"ce5ac647-9789-4270-b077-e38d2fbb83e6","bucket":"bucket11"} | ret=SUCCESS |  
2025-10-16 19:48:52,861 | INFO  | OMAudit | user=runner | ip=127.0.0.1 | op=READ_BUCKET {"volume":"ce5ac647-9789-4270-b077-e38d2fbb83e6","bucket":"bucket11"} | ret=SUCCESS |  
2025-10-16 19:48:52,862 | INFO  | SCMAudit | user=runner | ip=127.0.0.1 | op=ALLOCATE_BLOCK {"replication":"RATIS/THREE","owner":"omServiceIdDefault","size":"4194304","sampleBlocks":"[conID: 17 locID: 115816896921600192]","num":"1","client":"","allocated":"1"} | ret=SUCCESS |  
2025-10-16 19:48:52,865 | INFO  | OMAudit | user=runner | ip=127.0.0.1 | op=ALLOCATE_KEY {"volume":"ce5ac647-9789-4270-b077-e38d2fbb83e6","bucket":"bucket11","key":"key","dataSize":"1","replicationType":"NONE","Transaction":"659"} | ret=SUCCESS |  
2025-10-16 19:48:52,867 | INFO  | OMAudit | user=runner | ip=127.0.0.1 | op=COMMIT_KEY {"volume":"ce5ac647-9789-4270-b077-e38d2fbb83e6","bucket":"bucket11","key":"key","dataSize":"0","replicationType":"RATIS","replicationFactor":"THREE","Transaction":"660"} | ret=SUCCESS |  
2025-10-16 19:48:52,870 | INFO  | OMAudit | user=runner | ip=127.0.0.1 | op=DELETE_BUCKET {"volume":"ce5ac647-9789-4270-b077-e38d2fbb83e6","bucket":"bucket1","Transaction":"661"} | ret=SUCCESS |  
2025-10-16 19:48:52,872 | ERROR | OMAudit | user=runner | ip=127.0.0.1 | op=READ_BUCKET {"volume":"ce5ac647-9789-4270-b077-e38d2fbb83e6","bucket":"bucket1"} | ret=FAILURE | 
org.apache.hadoop.ozone.om.exceptions.OMException: Bucket not found
	at org.apache.hadoop.ozone.om.OzoneManager.getBucketOwner(OzoneManager.java:2726)
	at org.apache.hadoop.ozone.om.OzoneManager.getBucketOwner(OzoneManager.java:2694)
 
]]></system-out>
  </testcase>
  <testcase name="testDeleteKey" classname="org.apache.hadoop.ozone.client.rpc.TestSecureOzoneRpcClient" time="0.036">
    <system-out><![CDATA[2025-10-16 19:48:52,874 [ForkJoinPool-1-worker-1] INFO  rpc.RpcClient (RpcClient.java:createVolume(461)) - Creating Volume: cfe902b5-b06c-479e-9241-a66f99282cff, with runner as owner and space quota set to -1 bytes, counts quota set to -1
2025-10-16 19:48:52,876 [om1-OMStateMachineApplyTransactionThread - 0] INFO  volume.OMVolumeCreateRequest (OMVolumeCreateRequest.java:validateAndUpdateCache(213)) - created volume:cfe902b5-b06c-479e-9241-a66f99282cff for user:runner
2025-10-16 19:48:52,876 | INFO  | OMAudit | user=runner | ip=127.0.0.1 | op=CREATE_VOLUME {"admin":"runner","owner":"runner","volume":"cfe902b5-b06c-479e-9241-a66f99282cff","creationTime":"1760644132875","modificationTime":"1760644132875","quotaInBytes":"-1","quotaInNamespace":"-1","usedNamespace":"0","objectID":"-9223372036854606336","updateID":"662","Transaction":"662"} | ret=SUCCESS |  
2025-10-16 19:48:52,878 | INFO  | OMAudit | user=runner | ip=127.0.0.1 | op=READ_VOLUME {"volume":"cfe902b5-b06c-479e-9241-a66f99282cff"} | ret=SUCCESS |  
2025-10-16 19:48:52,879 [ForkJoinPool-1-worker-1] INFO  rpc.RpcClient (RpcClient.java:createBucket(686)) - Creating Bucket: cfe902b5-b06c-479e-9241-a66f99282cff/1f8da015-b1fc-42d6-8308-f46bf028d04a, with server-side default bucket layout, runner as owner, Versioning false, Storage Type set to DISK and Encryption set to false, Replication Type set to server-side default replication type, Namespace Quota set to -1, Space Quota set to -1 
2025-10-16 19:48:52,880 [om1-OMStateMachineApplyTransactionThread - 0] INFO  bucket.OMBucketCreateRequest (OMBucketCreateRequest.java:validateAndUpdateCache(303)) - created bucket: 1f8da015-b1fc-42d6-8308-f46bf028d04a of layout FILE_SYSTEM_OPTIMIZED in volume: cfe902b5-b06c-479e-9241-a66f99282cff
2025-10-16 19:48:52,880 | INFO  | OMAudit | user=runner | ip=127.0.0.1 | op=CREATE_BUCKET {"volume":"cfe902b5-b06c-479e-9241-a66f99282cff","bucket":"1f8da015-b1fc-42d6-8308-f46bf028d04a","bucketLayout":"FILE_SYSTEM_OPTIMIZED","gdprEnabled":null,"acls":"[user:runner:a[ACCESS], group:runner:rl[ACCESS]]","isVersionEnabled":"false","storageType":"DISK","creationTime":"1760644132879","bucketEncryptionKey":null,"modificationTime":"1760644132879","usedBytes":"0","usedNamespace":"0","snapshotUsedBytes":"0","snapshotUsedNamespace":"0","owner":"runner","replicationType":null,"replicationConfig":null,"quotaInBytes":"-1","quotaInNamespace":"-1","Transaction":"663"} | ret=SUCCESS |  
2025-10-16 19:48:52,882 | INFO  | OMAudit | user=runner | ip=127.0.0.1 | op=READ_BUCKET {"volume":"cfe902b5-b06c-479e-9241-a66f99282cff","bucket":"1f8da015-b1fc-42d6-8308-f46bf028d04a"} | ret=SUCCESS |  
2025-10-16 19:48:52,883 | INFO  | OMAudit | user=runner | ip=127.0.0.1 | op=READ_BUCKET {"volume":"cfe902b5-b06c-479e-9241-a66f99282cff","bucket":"1f8da015-b1fc-42d6-8308-f46bf028d04a"} | ret=SUCCESS |  
2025-10-16 19:48:52,884 | INFO  | SCMAudit | user=runner | ip=127.0.0.1 | op=ALLOCATE_BLOCK {"replication":"RATIS/ONE","owner":"omServiceIdDefault","size":"4194304","sampleBlocks":"[conID: 11 locID: 115816896921600193]","num":"1","client":"","allocated":"1"} | ret=SUCCESS |  
2025-10-16 19:48:52,886 | INFO  | OMAudit | user=runner | ip=127.0.0.1 | op=ALLOCATE_KEY {"volume":"cfe902b5-b06c-479e-9241-a66f99282cff","bucket":"1f8da015-b1fc-42d6-8308-f46bf028d04a","key":"7cd1277d-6108-48a8-859a-3cf3e29ac08e","dataSize":"12","replicationType":"RATIS","replicationFactor":"ONE","Transaction":"664"} | ret=SUCCESS |  
2025-10-16 19:48:52,901 | INFO  | OMAudit | user=runner | ip=127.0.0.1 | op=COMMIT_KEY {"volume":"cfe902b5-b06c-479e-9241-a66f99282cff","bucket":"1f8da015-b1fc-42d6-8308-f46bf028d04a","key":"7cd1277d-6108-48a8-859a-3cf3e29ac08e","dataSize":"12","replicationType":"RATIS","replicationFactor":"ONE","Transaction":"665"} | ret=SUCCESS |  
2025-10-16 19:48:52,903 | INFO  | OMAudit | user=runner | ip=127.0.0.1 | op=READ_KEY {"volume":"cfe902b5-b06c-479e-9241-a66f99282cff","bucket":"1f8da015-b1fc-42d6-8308-f46bf028d04a","key":"7cd1277d-6108-48a8-859a-3cf3e29ac08e","owner":null,"dataSize":"0","replicationConfig":null} | ret=SUCCESS |  
2025-10-16 19:48:52,906 | INFO  | OMAudit | user=runner | ip=127.0.0.1 | op=DELETE_KEY {"volume":"cfe902b5-b06c-479e-9241-a66f99282cff","bucket":"1f8da015-b1fc-42d6-8308-f46bf028d04a","key":"7cd1277d-6108-48a8-859a-3cf3e29ac08e","dataSize":"12","replicationConfig":"RATIS/ONE","Transaction":"666"} | ret=SUCCESS |  
2025-10-16 19:48:52,909 | ERROR | OMAudit | user=runner | ip=127.0.0.1 | op=READ_KEY {"volume":"cfe902b5-b06c-479e-9241-a66f99282cff","bucket":"1f8da015-b1fc-42d6-8308-f46bf028d04a","key":"7cd1277d-6108-48a8-859a-3cf3e29ac08e","owner":null,"dataSize":"0","replicationConfig":null} | ret=FAILURE | 
org.apache.hadoop.ozone.om.exceptions.OMException: Key:7cd1277d-6108-48a8-859a-3cf3e29ac08e not found
	at org.apache.hadoop.ozone.om.KeyManagerImpl.readKeyInfo(KeyManagerImpl.java:614)
	at org.apache.hadoop.ozone.om.KeyManagerImpl.lambda$22(KeyManagerImpl.java:2340)
 
]]></system-out>
  </testcase>
  <testcase name="testDeleteLinkedBucket" classname="org.apache.hadoop.ozone.client.rpc.TestSecureOzoneRpcClient" time="0.026">
    <system-out><![CDATA[2025-10-16 19:48:52,912 [ForkJoinPool-1-worker-1] INFO  rpc.RpcClient (RpcClient.java:createVolume(461)) - Creating Volume: 6e0b8938-65fe-408f-a987-a0da2c7d96d2, with runner as owner and space quota set to -1 bytes, counts quota set to -1
2025-10-16 19:48:52,914 [om1-OMStateMachineApplyTransactionThread - 0] INFO  volume.OMVolumeCreateRequest (OMVolumeCreateRequest.java:validateAndUpdateCache(213)) - created volume:6e0b8938-65fe-408f-a987-a0da2c7d96d2 for user:runner
2025-10-16 19:48:52,914 | INFO  | OMAudit | user=runner | ip=127.0.0.1 | op=CREATE_VOLUME {"admin":"runner","owner":"runner","volume":"6e0b8938-65fe-408f-a987-a0da2c7d96d2","creationTime":"1760644132913","modificationTime":"1760644132913","quotaInBytes":"-1","quotaInNamespace":"-1","usedNamespace":"0","objectID":"-9223372036854605056","updateID":"667","Transaction":"667"} | ret=SUCCESS |  
2025-10-16 19:48:52,916 | INFO  | OMAudit | user=runner | ip=127.0.0.1 | op=READ_VOLUME {"volume":"6e0b8938-65fe-408f-a987-a0da2c7d96d2"} | ret=SUCCESS |  
2025-10-16 19:48:52,917 [ForkJoinPool-1-worker-1] INFO  rpc.RpcClient (RpcClient.java:createBucket(686)) - Creating Bucket: 6e0b8938-65fe-408f-a987-a0da2c7d96d2/5f1e4982-b280-435c-86ed-f804d516b80b, with server-side default bucket layout, runner as owner, Versioning false, Storage Type set to DISK and Encryption set to false, Replication Type set to server-side default replication type, Namespace Quota set to -1, Space Quota set to -1 
2025-10-16 19:48:52,919 | INFO  | SCMAudit | user=runner | ip=127.0.0.1 | op=SEND_HEARTBEAT {"datanodeUUID":"f700af26-0e26-4136-9205-9509c82c8c70","term":"2","command":"[]"} | ret=SUCCESS |  
2025-10-16 19:48:52,920 [om1-OMStateMachineApplyTransactionThread - 0] INFO  bucket.OMBucketCreateRequest (OMBucketCreateRequest.java:validateAndUpdateCache(303)) - created bucket: 5f1e4982-b280-435c-86ed-f804d516b80b of layout FILE_SYSTEM_OPTIMIZED in volume: 6e0b8938-65fe-408f-a987-a0da2c7d96d2
2025-10-16 19:48:52,920 | INFO  | OMAudit | user=runner | ip=127.0.0.1 | op=CREATE_BUCKET {"volume":"6e0b8938-65fe-408f-a987-a0da2c7d96d2","bucket":"5f1e4982-b280-435c-86ed-f804d516b80b","bucketLayout":"FILE_SYSTEM_OPTIMIZED","gdprEnabled":null,"acls":"[user:runner:a[ACCESS], group:runner:rl[ACCESS]]","isVersionEnabled":"false","storageType":"DISK","creationTime":"1760644132918","bucketEncryptionKey":null,"modificationTime":"1760644132918","usedBytes":"0","usedNamespace":"0","snapshotUsedBytes":"0","snapshotUsedNamespace":"0","owner":"runner","replicationType":null,"replicationConfig":null,"quotaInBytes":"-1","quotaInNamespace":"-1","Transaction":"668"} | ret=SUCCESS |  
2025-10-16 19:48:52,921 | INFO  | OMAudit | user=runner | ip=127.0.0.1 | op=READ_BUCKET {"volume":"6e0b8938-65fe-408f-a987-a0da2c7d96d2","bucket":"5f1e4982-b280-435c-86ed-f804d516b80b"} | ret=SUCCESS |  
2025-10-16 19:48:52,921 [ForkJoinPool-1-worker-1] INFO  rpc.RpcClient (RpcClient.java:createBucket(686)) - Creating Bucket: 6e0b8938-65fe-408f-a987-a0da2c7d96d2/fead1129-168b-43c4-95a6-64ff3f6d9f72, with server-side default bucket layout, runner as owner, Versioning false, Storage Type set to DISK and Encryption set to false, Replication Type set to server-side default replication type, Namespace Quota set to -1, Space Quota set to -1 
2025-10-16 19:48:52,923 [om1-OMStateMachineApplyTransactionThread - 0] INFO  bucket.OMBucketCreateRequest (OMBucketCreateRequest.java:validateAndUpdateCache(303)) - created bucket: fead1129-168b-43c4-95a6-64ff3f6d9f72 of layout FILE_SYSTEM_OPTIMIZED in volume: 6e0b8938-65fe-408f-a987-a0da2c7d96d2
2025-10-16 19:48:52,923 | INFO  | OMAudit | user=runner | ip=127.0.0.1 | op=CREATE_BUCKET {"volume":"6e0b8938-65fe-408f-a987-a0da2c7d96d2","bucket":"fead1129-168b-43c4-95a6-64ff3f6d9f72","bucketLayout":"FILE_SYSTEM_OPTIMIZED","gdprEnabled":null,"acls":"[user:runner:a[ACCESS], group:runner:rl[ACCESS], world:WORLD:rw[ACCESS]]","isVersionEnabled":"false","storageType":"DISK","creationTime":"1760644132922","bucketEncryptionKey":null,"modificationTime":"1760644132922","sourceVolume":"6e0b8938-65fe-408f-a987-a0da2c7d96d2","sourceBucket":"5f1e4982-b280-435c-86ed-f804d516b80b","usedBytes":"0","usedNamespace":"0","snapshotUsedBytes":"0","snapshotUsedNamespace":"0","owner":"runner","replicationType":null,"replicationConfig":null,"quotaInBytes":"-1","quotaInNamespace":"-1","Transaction":"669"} | ret=SUCCESS |  
2025-10-16 19:48:52,924 | INFO  | OMAudit | user=runner | ip=127.0.0.1 | op=READ_BUCKET {"volume":"6e0b8938-65fe-408f-a987-a0da2c7d96d2","bucket":"fead1129-168b-43c4-95a6-64ff3f6d9f72"} | ret=SUCCESS |  
2025-10-16 19:48:52,927 | INFO  | OMAudit | user=runner | ip=127.0.0.1 | op=DELETE_BUCKET {"volume":"6e0b8938-65fe-408f-a987-a0da2c7d96d2","bucket":"5f1e4982-b280-435c-86ed-f804d516b80b","Transaction":"670"} | ret=SUCCESS |  
2025-10-16 19:48:52,928 | ERROR | OMAudit | user=runner | ip=127.0.0.1 | op=READ_BUCKET {"volume":"6e0b8938-65fe-408f-a987-a0da2c7d96d2","bucket":"5f1e4982-b280-435c-86ed-f804d516b80b"} | ret=FAILURE | 
org.apache.hadoop.ozone.om.exceptions.OMException: Bucket not found
	at org.apache.hadoop.ozone.om.OzoneManager.getBucketOwner(OzoneManager.java:2726)
	at org.apache.hadoop.ozone.om.OzoneManager.getBucketOwner(OzoneManager.java:2694)
 
2025-10-16 19:48:52,929 [IPC Server handler 16 on default port 15006] WARN  om.OzoneManager (OzoneManager.java:resolveBucketLink(4602)) - Bucket 5f1e4982-b280-435c-86ed-f804d516b80b not found in volume 6e0b8938-65fe-408f-a987-a0da2c7d96d2
2025-10-16 19:48:52,929 | INFO  | OMAudit | user=runner | ip=127.0.0.1 | op=READ_BUCKET {"volume":"6e0b8938-65fe-408f-a987-a0da2c7d96d2","bucket":"fead1129-168b-43c4-95a6-64ff3f6d9f72"} | ret=SUCCESS |  
2025-10-16 19:48:52,932 | INFO  | OMAudit | user=runner | ip=127.0.0.1 | op=DELETE_BUCKET {"volume":"6e0b8938-65fe-408f-a987-a0da2c7d96d2","bucket":"fead1129-168b-43c4-95a6-64ff3f6d9f72","Transaction":"671"} | ret=SUCCESS |  
2025-10-16 19:48:52,934 | ERROR | OMAudit | user=runner | ip=127.0.0.1 | op=READ_BUCKET {"volume":"6e0b8938-65fe-408f-a987-a0da2c7d96d2","bucket":"fead1129-168b-43c4-95a6-64ff3f6d9f72"} | ret=FAILURE | 
org.apache.hadoop.ozone.om.exceptions.OMException: Bucket not found
	at org.apache.hadoop.ozone.om.OzoneManager.getBucketOwner(OzoneManager.java:2726)
	at org.apache.hadoop.ozone.om.OzoneManager.getBucketOwner(OzoneManager.java:2694)
 
2025-10-16 19:48:52,936 | INFO  | OMAudit | user=runner | ip=127.0.0.1 | op=DELETE_VOLUME {"volume":"6e0b8938-65fe-408f-a987-a0da2c7d96d2","Transaction":"672"} | ret=SUCCESS |  
]]></system-out>
  </testcase>
  <testcase name="testDeleteObjectTagging(BucketLayout)[1]" classname="org.apache.hadoop.ozone.client.rpc.TestSecureOzoneRpcClient" time="0.029">
    <system-out><![CDATA[2025-10-16 19:48:52,940 [ForkJoinPool-1-worker-1] INFO  rpc.RpcClient (RpcClient.java:createVolume(461)) - Creating Volume: f8445ffa-0dc0-4710-8693-8f321e59b41c, with runner as owner and space quota set to -1 bytes, counts quota set to -1
2025-10-16 19:48:52,943 [om1-OMStateMachineApplyTransactionThread - 0] INFO  volume.OMVolumeCreateRequest (OMVolumeCreateRequest.java:validateAndUpdateCache(213)) - created volume:f8445ffa-0dc0-4710-8693-8f321e59b41c for user:runner
2025-10-16 19:48:52,943 | INFO  | OMAudit | user=runner | ip=127.0.0.1 | op=CREATE_VOLUME {"admin":"runner","owner":"runner","volume":"f8445ffa-0dc0-4710-8693-8f321e59b41c","creationTime":"1760644132941","modificationTime":"1760644132941","quotaInBytes":"-1","quotaInNamespace":"-1","usedNamespace":"0","objectID":"-9223372036854603520","updateID":"673","Transaction":"673"} | ret=SUCCESS |  
2025-10-16 19:48:52,944 | INFO  | OMAudit | user=runner | ip=127.0.0.1 | op=READ_VOLUME {"volume":"f8445ffa-0dc0-4710-8693-8f321e59b41c"} | ret=SUCCESS |  
2025-10-16 19:48:52,944 [ForkJoinPool-1-worker-1] INFO  rpc.RpcClient (RpcClient.java:createBucket(686)) - Creating Bucket: f8445ffa-0dc0-4710-8693-8f321e59b41c/ab55b2b2-76e5-447b-89f4-f1857c96c9e8, with bucket layout OBJECT_STORE, runner as owner, Versioning false, Storage Type set to DISK and Encryption set to false, Replication Type set to server-side default replication type, Namespace Quota set to -1, Space Quota set to -1 
2025-10-16 19:48:52,946 [om1-OMStateMachineApplyTransactionThread - 0] INFO  bucket.OMBucketCreateRequest (OMBucketCreateRequest.java:validateAndUpdateCache(303)) - created bucket: ab55b2b2-76e5-447b-89f4-f1857c96c9e8 of layout OBJECT_STORE in volume: f8445ffa-0dc0-4710-8693-8f321e59b41c
2025-10-16 19:48:52,946 | INFO  | OMAudit | user=runner | ip=127.0.0.1 | op=CREATE_BUCKET {"volume":"f8445ffa-0dc0-4710-8693-8f321e59b41c","bucket":"ab55b2b2-76e5-447b-89f4-f1857c96c9e8","bucketLayout":"OBJECT_STORE","gdprEnabled":null,"acls":"[user:runner:a[ACCESS], group:runner:rl[ACCESS]]","isVersionEnabled":"false","storageType":"DISK","creationTime":"1760644132945","bucketEncryptionKey":null,"modificationTime":"1760644132945","usedBytes":"0","usedNamespace":"0","snapshotUsedBytes":"0","snapshotUsedNamespace":"0","owner":"runner","replicationType":null,"replicationConfig":null,"quotaInBytes":"-1","quotaInNamespace":"-1","Transaction":"674"} | ret=SUCCESS |  
2025-10-16 19:48:52,947 | INFO  | OMAudit | user=runner | ip=127.0.0.1 | op=READ_BUCKET {"volume":"f8445ffa-0dc0-4710-8693-8f321e59b41c","bucket":"ab55b2b2-76e5-447b-89f4-f1857c96c9e8"} | ret=SUCCESS |  
2025-10-16 19:48:52,948 | INFO  | OMAudit | user=runner | ip=127.0.0.1 | op=READ_BUCKET {"volume":"f8445ffa-0dc0-4710-8693-8f321e59b41c","bucket":"ab55b2b2-76e5-447b-89f4-f1857c96c9e8"} | ret=SUCCESS |  
2025-10-16 19:48:52,949 | INFO  | SCMAudit | user=runner | ip=127.0.0.1 | op=ALLOCATE_BLOCK {"replication":"RATIS/ONE","owner":"omServiceIdDefault","size":"4194304","sampleBlocks":"[conID: 12 locID: 115816896921600194]","num":"1","client":"","allocated":"1"} | ret=SUCCESS |  
2025-10-16 19:48:52,951 | INFO  | OMAudit | user=runner | ip=127.0.0.1 | op=ALLOCATE_KEY {"volume":"f8445ffa-0dc0-4710-8693-8f321e59b41c","bucket":"ab55b2b2-76e5-447b-89f4-f1857c96c9e8","key":"e48989c1-4c9c-4adf-a44e-20741bb90ca3","dataSize":"12","replicationType":"RATIS","replicationFactor":"ONE","Transaction":"675"} | ret=SUCCESS |  
2025-10-16 19:48:52,958 | INFO  | OMAudit | user=runner | ip=127.0.0.1 | op=COMMIT_KEY {"volume":"f8445ffa-0dc0-4710-8693-8f321e59b41c","bucket":"ab55b2b2-76e5-447b-89f4-f1857c96c9e8","key":"e48989c1-4c9c-4adf-a44e-20741bb90ca3","dataSize":"12","replicationType":"RATIS","replicationFactor":"ONE","Transaction":"676"} | ret=SUCCESS |  
2025-10-16 19:48:52,960 | INFO  | OMAudit | user=runner | ip=127.0.0.1 | op=READ_KEY {"volume":"f8445ffa-0dc0-4710-8693-8f321e59b41c","bucket":"ab55b2b2-76e5-447b-89f4-f1857c96c9e8","key":"e48989c1-4c9c-4adf-a44e-20741bb90ca3","owner":null,"dataSize":"0","replicationConfig":null} | ret=SUCCESS |  
2025-10-16 19:48:52,966 | INFO  | OMAudit | user=runner | ip=127.0.0.1 | op=DELETE_OBJECT_TAGGING {"volume":"f8445ffa-0dc0-4710-8693-8f321e59b41c","bucket":"ab55b2b2-76e5-447b-89f4-f1857c96c9e8","key":"e48989c1-4c9c-4adf-a44e-20741bb90ca3","dataSize":"0","Transaction":"677"} | ret=SUCCESS |  
2025-10-16 19:48:52,968 | INFO  | OMAudit | user=runner | ip=127.0.0.1 | op=READ_KEY {"volume":"f8445ffa-0dc0-4710-8693-8f321e59b41c","bucket":"ab55b2b2-76e5-447b-89f4-f1857c96c9e8","key":"e48989c1-4c9c-4adf-a44e-20741bb90ca3","owner":null,"dataSize":"0","replicationConfig":null} | ret=SUCCESS |  
]]></system-out>
  </testcase>
  <testcase name="testDeleteObjectTagging(BucketLayout)[2]" classname="org.apache.hadoop.ozone.client.rpc.TestSecureOzoneRpcClient" time="0.028">
    <system-out><![CDATA[2025-10-16 19:48:52,970 [ForkJoinPool-1-worker-1] INFO  rpc.RpcClient (RpcClient.java:createVolume(461)) - Creating Volume: 7496306d-bc46-4922-86fc-526cdd3eaef0, with runner as owner and space quota set to -1 bytes, counts quota set to -1
2025-10-16 19:48:52,972 [om1-OMStateMachineApplyTransactionThread - 0] INFO  volume.OMVolumeCreateRequest (OMVolumeCreateRequest.java:validateAndUpdateCache(213)) - created volume:7496306d-bc46-4922-86fc-526cdd3eaef0 for user:runner
2025-10-16 19:48:52,972 | INFO  | OMAudit | user=runner | ip=127.0.0.1 | op=CREATE_VOLUME {"admin":"runner","owner":"runner","volume":"7496306d-bc46-4922-86fc-526cdd3eaef0","creationTime":"1760644132971","modificationTime":"1760644132971","quotaInBytes":"-1","quotaInNamespace":"-1","usedNamespace":"0","objectID":"-9223372036854602240","updateID":"678","Transaction":"678"} | ret=SUCCESS |  
2025-10-16 19:48:52,974 | INFO  | OMAudit | user=runner | ip=127.0.0.1 | op=READ_VOLUME {"volume":"7496306d-bc46-4922-86fc-526cdd3eaef0"} | ret=SUCCESS |  
2025-10-16 19:48:52,975 [ForkJoinPool-1-worker-1] INFO  rpc.RpcClient (RpcClient.java:createBucket(686)) - Creating Bucket: 7496306d-bc46-4922-86fc-526cdd3eaef0/042a9637-9382-47a3-8398-b5abb659a508, with bucket layout LEGACY, runner as owner, Versioning false, Storage Type set to DISK and Encryption set to false, Replication Type set to server-side default replication type, Namespace Quota set to -1, Space Quota set to -1 
2025-10-16 19:48:52,976 [om1-OMStateMachineApplyTransactionThread - 0] INFO  bucket.OMBucketCreateRequest (OMBucketCreateRequest.java:validateAndUpdateCache(303)) - created bucket: 042a9637-9382-47a3-8398-b5abb659a508 of layout LEGACY in volume: 7496306d-bc46-4922-86fc-526cdd3eaef0
2025-10-16 19:48:52,977 | INFO  | OMAudit | user=runner | ip=127.0.0.1 | op=CREATE_BUCKET {"volume":"7496306d-bc46-4922-86fc-526cdd3eaef0","bucket":"042a9637-9382-47a3-8398-b5abb659a508","bucketLayout":"LEGACY","gdprEnabled":null,"acls":"[user:runner:a[ACCESS], group:runner:rl[ACCESS]]","isVersionEnabled":"false","storageType":"DISK","creationTime":"1760644132976","bucketEncryptionKey":null,"modificationTime":"1760644132976","usedBytes":"0","usedNamespace":"0","snapshotUsedBytes":"0","snapshotUsedNamespace":"0","owner":"runner","replicationType":null,"replicationConfig":null,"quotaInBytes":"-1","quotaInNamespace":"-1","Transaction":"679"} | ret=SUCCESS |  
2025-10-16 19:48:52,978 | INFO  | OMAudit | user=runner | ip=127.0.0.1 | op=READ_BUCKET {"volume":"7496306d-bc46-4922-86fc-526cdd3eaef0","bucket":"042a9637-9382-47a3-8398-b5abb659a508"} | ret=SUCCESS |  
2025-10-16 19:48:52,979 | INFO  | OMAudit | user=runner | ip=127.0.0.1 | op=READ_BUCKET {"volume":"7496306d-bc46-4922-86fc-526cdd3eaef0","bucket":"042a9637-9382-47a3-8398-b5abb659a508"} | ret=SUCCESS |  
2025-10-16 19:48:52,979 | INFO  | SCMAudit | user=runner | ip=127.0.0.1 | op=ALLOCATE_BLOCK {"replication":"RATIS/ONE","owner":"omServiceIdDefault","size":"4194304","sampleBlocks":"[conID: 13 locID: 115816896921600195]","num":"1","client":"","allocated":"1"} | ret=SUCCESS |  
2025-10-16 19:48:52,982 | INFO  | OMAudit | user=runner | ip=127.0.0.1 | op=ALLOCATE_KEY {"volume":"7496306d-bc46-4922-86fc-526cdd3eaef0","bucket":"042a9637-9382-47a3-8398-b5abb659a508","key":"c737a90c-8acd-4621-acba-b8526c106ab0","dataSize":"12","replicationType":"RATIS","replicationFactor":"ONE","Transaction":"680"} | ret=SUCCESS |  
2025-10-16 19:48:52,990 | INFO  | OMAudit | user=runner | ip=127.0.0.1 | op=COMMIT_KEY {"volume":"7496306d-bc46-4922-86fc-526cdd3eaef0","bucket":"042a9637-9382-47a3-8398-b5abb659a508","key":"c737a90c-8acd-4621-acba-b8526c106ab0","dataSize":"12","replicationType":"RATIS","replicationFactor":"ONE","Transaction":"681"} | ret=SUCCESS |  
2025-10-16 19:48:52,992 | INFO  | OMAudit | user=runner | ip=127.0.0.1 | op=READ_KEY {"volume":"7496306d-bc46-4922-86fc-526cdd3eaef0","bucket":"042a9637-9382-47a3-8398-b5abb659a508","key":"c737a90c-8acd-4621-acba-b8526c106ab0","owner":null,"dataSize":"0","replicationConfig":null} | ret=SUCCESS |  
2025-10-16 19:48:52,994 | INFO  | OMAudit | user=runner | ip=127.0.0.1 | op=DELETE_OBJECT_TAGGING {"volume":"7496306d-bc46-4922-86fc-526cdd3eaef0","bucket":"042a9637-9382-47a3-8398-b5abb659a508","key":"c737a90c-8acd-4621-acba-b8526c106ab0","dataSize":"0","Transaction":"682"} | ret=SUCCESS |  
2025-10-16 19:48:52,996 | INFO  | OMAudit | user=runner | ip=127.0.0.1 | op=READ_KEY {"volume":"7496306d-bc46-4922-86fc-526cdd3eaef0","bucket":"042a9637-9382-47a3-8398-b5abb659a508","key":"c737a90c-8acd-4621-acba-b8526c106ab0","owner":null,"dataSize":"0","replicationConfig":null} | ret=SUCCESS |  
]]></system-out>
  </testcase>
  <testcase name="testDeleteObjectTagging(BucketLayout)[3]" classname="org.apache.hadoop.ozone.client.rpc.TestSecureOzoneRpcClient" time="0.034">
    <system-out><![CDATA[2025-10-16 19:48:53,000 [ForkJoinPool-1-worker-1] INFO  rpc.RpcClient (RpcClient.java:createVolume(461)) - Creating Volume: f9f5966f-2298-4f6e-8f63-073e9263afca, with runner as owner and space quota set to -1 bytes, counts quota set to -1
2025-10-16 19:48:53,002 [om1-OMStateMachineApplyTransactionThread - 0] INFO  volume.OMVolumeCreateRequest (OMVolumeCreateRequest.java:validateAndUpdateCache(213)) - created volume:f9f5966f-2298-4f6e-8f63-073e9263afca for user:runner
2025-10-16 19:48:53,002 | INFO  | OMAudit | user=runner | ip=127.0.0.1 | op=CREATE_VOLUME {"admin":"runner","owner":"runner","volume":"f9f5966f-2298-4f6e-8f63-073e9263afca","creationTime":"1760644133001","modificationTime":"1760644133001","quotaInBytes":"-1","quotaInNamespace":"-1","usedNamespace":"0","objectID":"-9223372036854600960","updateID":"683","Transaction":"683"} | ret=SUCCESS |  
2025-10-16 19:48:53,003 | INFO  | OMAudit | user=runner | ip=127.0.0.1 | op=READ_VOLUME {"volume":"f9f5966f-2298-4f6e-8f63-073e9263afca"} | ret=SUCCESS |  
2025-10-16 19:48:53,004 [ForkJoinPool-1-worker-1] INFO  rpc.RpcClient (RpcClient.java:createBucket(686)) - Creating Bucket: f9f5966f-2298-4f6e-8f63-073e9263afca/0ae3ccc1-60c1-40ef-9095-f8e3c9377b01, with bucket layout FILE_SYSTEM_OPTIMIZED, runner as owner, Versioning false, Storage Type set to DISK and Encryption set to false, Replication Type set to server-side default replication type, Namespace Quota set to -1, Space Quota set to -1 
2025-10-16 19:48:53,005 [om1-OMStateMachineApplyTransactionThread - 0] INFO  bucket.OMBucketCreateRequest (OMBucketCreateRequest.java:validateAndUpdateCache(303)) - created bucket: 0ae3ccc1-60c1-40ef-9095-f8e3c9377b01 of layout FILE_SYSTEM_OPTIMIZED in volume: f9f5966f-2298-4f6e-8f63-073e9263afca
2025-10-16 19:48:53,005 | INFO  | OMAudit | user=runner | ip=127.0.0.1 | op=CREATE_BUCKET {"volume":"f9f5966f-2298-4f6e-8f63-073e9263afca","bucket":"0ae3ccc1-60c1-40ef-9095-f8e3c9377b01","bucketLayout":"FILE_SYSTEM_OPTIMIZED","gdprEnabled":null,"acls":"[user:runner:a[ACCESS], group:runner:rl[ACCESS]]","isVersionEnabled":"false","storageType":"DISK","creationTime":"1760644133004","bucketEncryptionKey":null,"modificationTime":"1760644133004","usedBytes":"0","usedNamespace":"0","snapshotUsedBytes":"0","snapshotUsedNamespace":"0","owner":"runner","replicationType":null,"replicationConfig":null,"quotaInBytes":"-1","quotaInNamespace":"-1","Transaction":"684"} | ret=SUCCESS |  
2025-10-16 19:48:53,006 | INFO  | OMAudit | user=runner | ip=127.0.0.1 | op=READ_BUCKET {"volume":"f9f5966f-2298-4f6e-8f63-073e9263afca","bucket":"0ae3ccc1-60c1-40ef-9095-f8e3c9377b01"} | ret=SUCCESS |  
2025-10-16 19:48:53,007 | INFO  | OMAudit | user=runner | ip=127.0.0.1 | op=READ_BUCKET {"volume":"f9f5966f-2298-4f6e-8f63-073e9263afca","bucket":"0ae3ccc1-60c1-40ef-9095-f8e3c9377b01"} | ret=SUCCESS |  
2025-10-16 19:48:53,008 | INFO  | SCMAudit | user=runner | ip=127.0.0.1 | op=ALLOCATE_BLOCK {"replication":"RATIS/ONE","owner":"omServiceIdDefault","size":"4194304","sampleBlocks":"[conID: 5 locID: 115816896921600196]","num":"1","client":"","allocated":"1"} | ret=SUCCESS |  
2025-10-16 19:48:53,010 | INFO  | OMAudit | user=runner | ip=127.0.0.1 | op=ALLOCATE_KEY {"volume":"f9f5966f-2298-4f6e-8f63-073e9263afca","bucket":"0ae3ccc1-60c1-40ef-9095-f8e3c9377b01","key":"688d4e59-fd91-49d6-a08e-95c7a7cfb227","dataSize":"12","replicationType":"RATIS","replicationFactor":"ONE","Transaction":"685"} | ret=SUCCESS |  
2025-10-16 19:48:53,018 | INFO  | OMAudit | user=runner | ip=127.0.0.1 | op=COMMIT_KEY {"volume":"f9f5966f-2298-4f6e-8f63-073e9263afca","bucket":"0ae3ccc1-60c1-40ef-9095-f8e3c9377b01","key":"688d4e59-fd91-49d6-a08e-95c7a7cfb227","dataSize":"12","replicationType":"RATIS","replicationFactor":"ONE","Transaction":"686"} | ret=SUCCESS |  
2025-10-16 19:48:53,020 | INFO  | OMAudit | user=runner | ip=127.0.0.1 | op=READ_KEY {"volume":"f9f5966f-2298-4f6e-8f63-073e9263afca","bucket":"0ae3ccc1-60c1-40ef-9095-f8e3c9377b01","key":"688d4e59-fd91-49d6-a08e-95c7a7cfb227","owner":null,"dataSize":"0","replicationConfig":null} | ret=SUCCESS |  
2025-10-16 19:48:53,026 | INFO  | OMAudit | user=runner | ip=127.0.0.1 | op=READ_KEY {"volume":"f9f5966f-2298-4f6e-8f63-073e9263afca","bucket":"0ae3ccc1-60c1-40ef-9095-f8e3c9377b01","key":"688d4e59-fd91-49d6-a08e-95c7a7cfb227","owner":null,"dataSize":"0","replicationConfig":null} | ret=SUCCESS |  
2025-10-16 19:48:53,029 | INFO  | OMAudit | user=runner | ip=127.0.0.1 | op=CREATE_DIRECTORY {"volume":"f9f5966f-2298-4f6e-8f63-073e9263afca","bucket":"0ae3ccc1-60c1-40ef-9095-f8e3c9377b01","key":"dir1/","dataSize":"0","Transaction":"688"} | ret=SUCCESS |  
2025-10-16 19:48:53,032 [om1-OMStateMachineApplyTransactionThread - 0] ERROR tagging.S3DeleteObjectTaggingRequestWithFSO (S3DeleteObjectTaggingRequestWithFSO.java:validateAndUpdateCache(162)) - Delete object tagging failed. Volume:f9f5966f-2298-4f6e-8f63-073e9263afca, Bucket:0ae3ccc1-60c1-40ef-9095-f8e3c9377b01, Key:dir1.
NOT_SUPPORTED_OPERATION org.apache.hadoop.ozone.om.exceptions.OMException: DeleteObjectTagging is not currently supported for FSO directory
	at org.apache.hadoop.ozone.om.request.s3.tagging.S3DeleteObjectTaggingRequestWithFSO.validateAndUpdateCache(S3DeleteObjectTaggingRequestWithFSO.java:105)
	at org.apache.hadoop.ozone.protocolPB.OzoneManagerRequestHandler.lambda$0(OzoneManagerRequestHandler.java:418)
	at org.apache.hadoop.ozone.util.MetricUtil.captureLatencyNs(MetricUtil.java:45)
	at org.apache.hadoop.ozone.protocolPB.OzoneManagerRequestHandler.handleWriteRequestImpl(OzoneManagerRequestHandler.java:416)
	at org.apache.hadoop.ozone.protocolPB.RequestHandler.handleWriteRequest(RequestHandler.java:62)
	at org.apache.hadoop.ozone.om.ratis.OzoneManagerStateMachine.runCommand(OzoneManagerStateMachine.java:599)
	at org.apache.hadoop.ozone.om.ratis.OzoneManagerStateMachine.lambda$3(OzoneManagerStateMachine.java:415)
	at java.base/java.util.concurrent.CompletableFuture$AsyncSupply.run(CompletableFuture.java:1768)
	at java.base/java.util.concurrent.ThreadPoolExecutor.runWorker(ThreadPoolExecutor.java:1144)
	at java.base/java.util.concurrent.ThreadPoolExecutor$Worker.run(ThreadPoolExecutor.java:642)
	at java.base/java.lang.Thread.run(Thread.java:1583)
]]></system-out>
  </testcase>
  <testcase name="testDeleteS3Bucket" classname="org.apache.hadoop.ozone.client.rpc.TestSecureOzoneRpcClient" time="0.013">
    <system-out><![CDATA[2025-10-16 19:48:53,036 | INFO  | OMAudit | user=runner | ip=127.0.0.1 | op=READ_VOLUME {"volume":"s3v"} | ret=SUCCESS |  
2025-10-16 19:48:53,036 [ForkJoinPool-1-worker-1] INFO  rpc.RpcClient (RpcClient.java:createBucket(686)) - Creating Bucket: s3v/484bf39a-19b9-4db6-8397-851a1eea99ec, with bucket layout OBJECT_STORE, runner as owner, Versioning false, Storage Type set to DISK and Encryption set to false, Replication Type set to server-side default replication type, Namespace Quota set to -1, Space Quota set to -1 
2025-10-16 19:48:53,038 [om1-OMStateMachineApplyTransactionThread - 0] INFO  bucket.OMBucketCreateRequest (OMBucketCreateRequest.java:validateAndUpdateCache(303)) - created bucket: 484bf39a-19b9-4db6-8397-851a1eea99ec of layout OBJECT_STORE in volume: s3v
2025-10-16 19:48:53,038 | INFO  | OMAudit | user=runner | ip=127.0.0.1 | op=CREATE_BUCKET {"volume":"s3v","bucket":"484bf39a-19b9-4db6-8397-851a1eea99ec","bucketLayout":"OBJECT_STORE","gdprEnabled":null,"acls":"[user:runner:a[ACCESS], group:runner:rl[ACCESS]]","isVersionEnabled":"false","storageType":"DISK","creationTime":"1760644133037","bucketEncryptionKey":null,"modificationTime":"1760644133037","usedBytes":"0","usedNamespace":"0","snapshotUsedBytes":"0","snapshotUsedNamespace":"0","owner":"runner","replicationType":null,"replicationConfig":null,"quotaInBytes":"-1","quotaInNamespace":"-1","Transaction":"690"} | ret=SUCCESS |  
2025-10-16 19:48:53,039 | INFO  | OMAudit | user=runner | ip=127.0.0.1 | op=READ_VOLUME {"volume":"s3v"} | ret=SUCCESS |  
2025-10-16 19:48:53,040 | INFO  | OMAudit | user=runner | ip=127.0.0.1 | op=READ_BUCKET {"volume":"s3v","bucket":"484bf39a-19b9-4db6-8397-851a1eea99ec"} | ret=SUCCESS |  
2025-10-16 19:48:53,041 | INFO  | OMAudit | user=runner | ip=127.0.0.1 | op=READ_VOLUME {"volume":"s3v"} | ret=SUCCESS |  
2025-10-16 19:48:53,043 | INFO  | OMAudit | user=runner | ip=127.0.0.1 | op=DELETE_BUCKET {"volume":"s3v","bucket":"484bf39a-19b9-4db6-8397-851a1eea99ec","Transaction":"691"} | ret=SUCCESS |  
2025-10-16 19:48:53,045 | INFO  | OMAudit | user=runner | ip=127.0.0.1 | op=READ_VOLUME {"volume":"s3v"} | ret=SUCCESS |  
2025-10-16 19:48:53,046 | ERROR | OMAudit | user=runner | ip=127.0.0.1 | op=READ_BUCKET {"volume":"s3v","bucket":"484bf39a-19b9-4db6-8397-851a1eea99ec"} | ret=FAILURE | 
org.apache.hadoop.ozone.om.exceptions.OMException: Bucket not found
	at org.apache.hadoop.ozone.om.OzoneManager.getBucketOwner(OzoneManager.java:2726)
	at org.apache.hadoop.ozone.om.OzoneManager.getBucketOwner(OzoneManager.java:2694)
 
]]></system-out>
  </testcase>
  <testcase name="testDeleteS3NonExistingBucket" classname="org.apache.hadoop.ozone.client.rpc.TestSecureOzoneRpcClient" time="0.005">
    <system-out><![CDATA[2025-10-16 19:48:53,048 | INFO  | OMAudit | user=runner | ip=127.0.0.1 | op=READ_VOLUME {"volume":"s3v"} | ret=SUCCESS |  
2025-10-16 19:48:53,050 [om1-OMStateMachineApplyTransactionThread - 0] ERROR bucket.OMBucketDeleteRequest (OMBucketDeleteRequest.java:validateAndUpdateCache(220)) - Delete bucket failed for bucket:3bfc475f-ca0e-4783-9b7e-e282467f43a8 in volume:s3v
BUCKET_NOT_FOUND org.apache.hadoop.ozone.om.exceptions.OMException: Bucket not found
	at org.apache.hadoop.ozone.om.OzoneManager.getBucketOwner(OzoneManager.java:2726)
	at org.apache.hadoop.ozone.om.OzoneManager.getBucketOwner(OzoneManager.java:2694)
	at org.apache.hadoop.ozone.om.request.OMClientRequest.checkAcls(OMClientRequest.java:250)
	at org.apache.hadoop.ozone.om.request.bucket.OMBucketDeleteRequest.validateAndUpdateCache(OMBucketDeleteRequest.java:106)
	at org.apache.hadoop.ozone.protocolPB.OzoneManagerRequestHandler.lambda$0(OzoneManagerRequestHandler.java:418)
	at org.apache.hadoop.ozone.util.MetricUtil.captureLatencyNs(MetricUtil.java:45)
	at org.apache.hadoop.ozone.protocolPB.OzoneManagerRequestHandler.handleWriteRequestImpl(OzoneManagerRequestHandler.java:416)
	at org.apache.hadoop.ozone.protocolPB.RequestHandler.handleWriteRequest(RequestHandler.java:62)
	at org.apache.hadoop.ozone.om.ratis.OzoneManagerStateMachine.runCommand(OzoneManagerStateMachine.java:599)
	at org.apache.hadoop.ozone.om.ratis.OzoneManagerStateMachine.lambda$3(OzoneManagerStateMachine.java:415)
	at java.base/java.util.concurrent.CompletableFuture$AsyncSupply.run(CompletableFuture.java:1768)
	at java.base/java.util.concurrent.ThreadPoolExecutor.runWorker(ThreadPoolExecutor.java:1144)
	at java.base/java.util.concurrent.ThreadPoolExecutor$Worker.run(ThreadPoolExecutor.java:642)
	at java.base/java.lang.Thread.run(Thread.java:1583)
2025-10-16 19:48:53,050 | ERROR | OMAudit | user=runner | ip=127.0.0.1 | op=DELETE_BUCKET {"volume":"s3v","bucket":"3bfc475f-ca0e-4783-9b7e-e282467f43a8","Transaction":"692"} | ret=FAILURE | 
org.apache.hadoop.ozone.om.exceptions.OMException: Bucket not found
	at org.apache.hadoop.ozone.om.OzoneManager.getBucketOwner(OzoneManager.java:2726)
	at org.apache.hadoop.ozone.om.OzoneManager.getBucketOwner(OzoneManager.java:2694)
 
]]></system-out>
  </testcase>
  <testcase name="testDeleteVolume" classname="org.apache.hadoop.ozone.client.rpc.TestSecureOzoneRpcClient" time="0.01">
    <system-out><![CDATA[2025-10-16 19:48:53,053 [ForkJoinPool-1-worker-1] INFO  rpc.RpcClient (RpcClient.java:createVolume(461)) - Creating Volume: 1d8536ae-92e8-4292-94c7-665e81930af2, with runner as owner and space quota set to -1 bytes, counts quota set to -1
2025-10-16 19:48:53,056 [om1-OMStateMachineApplyTransactionThread - 0] INFO  volume.OMVolumeCreateRequest (OMVolumeCreateRequest.java:validateAndUpdateCache(213)) - created volume:1d8536ae-92e8-4292-94c7-665e81930af2 for user:runner
2025-10-16 19:48:53,056 | INFO  | OMAudit | user=runner | ip=127.0.0.1 | op=CREATE_VOLUME {"admin":"runner","owner":"runner","volume":"1d8536ae-92e8-4292-94c7-665e81930af2","creationTime":"1760644133055","modificationTime":"1760644133055","quotaInBytes":"-1","quotaInNamespace":"-1","usedNamespace":"0","objectID":"-9223372036854598400","updateID":"693","Transaction":"693"} | ret=SUCCESS |  
2025-10-16 19:48:53,057 | INFO  | OMAudit | user=runner | ip=127.0.0.1 | op=READ_VOLUME {"volume":"1d8536ae-92e8-4292-94c7-665e81930af2"} | ret=SUCCESS |  
2025-10-16 19:48:53,059 | INFO  | OMAudit | user=runner | ip=127.0.0.1 | op=DELETE_VOLUME {"volume":"1d8536ae-92e8-4292-94c7-665e81930af2","Transaction":"694"} | ret=SUCCESS |  
2025-10-16 19:48:53,061 | ERROR | OMAudit | user=runner | ip=127.0.0.1 | op=READ_VOLUME {"volume":"1d8536ae-92e8-4292-94c7-665e81930af2"} | ret=FAILURE | 
org.apache.hadoop.ozone.om.exceptions.OMException: Volume 1d8536ae-92e8-4292-94c7-665e81930af2 is not found
	at org.apache.hadoop.ozone.om.OzoneManager.getVolumeOwner(OzoneManager.java:2679)
	at org.apache.hadoop.ozone.om.OzoneManager.getVolumeOwner(OzoneManager.java:2651)
 
]]></system-out>
  </testcase>
  <testcase name="testDeletedKeyForGDPR" classname="org.apache.hadoop.ozone.client.rpc.TestSecureOzoneRpcClient" time="0.044">
    <system-out><![CDATA[2025-10-16 19:48:53,064 [ForkJoinPool-1-worker-1] INFO  rpc.RpcClient (RpcClient.java:createVolume(461)) - Creating Volume: 3a780d51-9106-445b-9432-66f09123b6f7, with runner as owner and space quota set to -1 bytes, counts quota set to -1
2025-10-16 19:48:53,066 [om1-OMStateMachineApplyTransactionThread - 0] INFO  volume.OMVolumeCreateRequest (OMVolumeCreateRequest.java:validateAndUpdateCache(213)) - created volume:3a780d51-9106-445b-9432-66f09123b6f7 for user:runner
2025-10-16 19:48:53,066 | INFO  | OMAudit | user=runner | ip=127.0.0.1 | op=CREATE_VOLUME {"admin":"runner","owner":"runner","volume":"3a780d51-9106-445b-9432-66f09123b6f7","creationTime":"1760644133065","modificationTime":"1760644133065","quotaInBytes":"-1","quotaInNamespace":"-1","usedNamespace":"0","objectID":"-9223372036854597888","updateID":"695","Transaction":"695"} | ret=SUCCESS |  
2025-10-16 19:48:53,067 | INFO  | OMAudit | user=runner | ip=127.0.0.1 | op=READ_VOLUME {"volume":"3a780d51-9106-445b-9432-66f09123b6f7"} | ret=SUCCESS |  
2025-10-16 19:48:53,068 [ForkJoinPool-1-worker-1] INFO  rpc.RpcClient (RpcClient.java:createBucket(686)) - Creating Bucket: 3a780d51-9106-445b-9432-66f09123b6f7/098f8ab0-789f-4484-8c39-bdec5b971dbf, with server-side default bucket layout, runner as owner, Versioning false, Storage Type set to DISK and Encryption set to false, Replication Type set to server-side default replication type, Namespace Quota set to -1, Space Quota set to -1 
2025-10-16 19:48:53,070 [om1-OMStateMachineApplyTransactionThread - 0] INFO  bucket.OMBucketCreateRequest (OMBucketCreateRequest.java:validateAndUpdateCache(303)) - created bucket: 098f8ab0-789f-4484-8c39-bdec5b971dbf of layout FILE_SYSTEM_OPTIMIZED in volume: 3a780d51-9106-445b-9432-66f09123b6f7
2025-10-16 19:48:53,070 | INFO  | OMAudit | user=runner | ip=127.0.0.1 | op=CREATE_BUCKET {"volume":"3a780d51-9106-445b-9432-66f09123b6f7","bucket":"098f8ab0-789f-4484-8c39-bdec5b971dbf","bucketLayout":"FILE_SYSTEM_OPTIMIZED","gdprEnabled":"true","acls":"[user:runner:a[ACCESS], group:runner:rl[ACCESS]]","isVersionEnabled":"false","storageType":"DISK","creationTime":"1760644133069","bucketEncryptionKey":null,"modificationTime":"1760644133069","usedBytes":"0","usedNamespace":"0","snapshotUsedBytes":"0","snapshotUsedNamespace":"0","owner":"runner","replicationType":null,"replicationConfig":null,"quotaInBytes":"-1","quotaInNamespace":"-1","Transaction":"696"} | ret=SUCCESS |  
2025-10-16 19:48:53,072 | INFO  | OMAudit | user=runner | ip=127.0.0.1 | op=READ_BUCKET {"volume":"3a780d51-9106-445b-9432-66f09123b6f7","bucket":"098f8ab0-789f-4484-8c39-bdec5b971dbf"} | ret=SUCCESS |  
2025-10-16 19:48:53,078 | INFO  | OMAudit | user=runner | ip=127.0.0.1 | op=READ_BUCKET {"volume":"3a780d51-9106-445b-9432-66f09123b6f7","bucket":"098f8ab0-789f-4484-8c39-bdec5b971dbf"} | ret=SUCCESS |  
2025-10-16 19:48:53,079 | INFO  | SCMAudit | user=runner | ip=127.0.0.1 | op=ALLOCATE_BLOCK {"replication":"RATIS/ONE","owner":"omServiceIdDefault","size":"4194304","sampleBlocks":"[conID: 13 locID: 115816896921600197]","num":"1","client":"","allocated":"1"} | ret=SUCCESS |  
2025-10-16 19:48:53,082 | INFO  | OMAudit | user=runner | ip=127.0.0.1 | op=ALLOCATE_KEY {"volume":"3a780d51-9106-445b-9432-66f09123b6f7","bucket":"098f8ab0-789f-4484-8c39-bdec5b971dbf","key":"d94aae40-f5dc-4235-b241-9b8532e6c268","dataSize":"11","replicationType":"RATIS","replicationFactor":"ONE","Transaction":"697"} | ret=SUCCESS |  
2025-10-16 19:48:53,088 | INFO  | OMAudit | user=runner | ip=127.0.0.1 | op=COMMIT_KEY {"volume":"3a780d51-9106-445b-9432-66f09123b6f7","bucket":"098f8ab0-789f-4484-8c39-bdec5b971dbf","key":"d94aae40-f5dc-4235-b241-9b8532e6c268","dataSize":"16","replicationType":"RATIS","replicationFactor":"ONE","Transaction":"698"} | ret=SUCCESS |  
2025-10-16 19:48:53,090 | INFO  | OMAudit | user=runner | ip=127.0.0.1 | op=READ_KEY {"volume":"3a780d51-9106-445b-9432-66f09123b6f7","bucket":"098f8ab0-789f-4484-8c39-bdec5b971dbf","key":"d94aae40-f5dc-4235-b241-9b8532e6c268","owner":null,"dataSize":"0","replicationConfig":null} | ret=SUCCESS |  
2025-10-16 19:48:53,091 | INFO  | OMAudit | user=runner | ip=127.0.0.1 | op=READ_KEY {"volume":"3a780d51-9106-445b-9432-66f09123b6f7","bucket":"098f8ab0-789f-4484-8c39-bdec5b971dbf","key":"d94aae40-f5dc-4235-b241-9b8532e6c268","owner":null,"dataSize":"0","replicationConfig":null} | ret=SUCCESS |  
2025-10-16 19:48:53,098 | INFO  | SCMAudit | user=runner | ip=127.0.0.1 | op=GET_CONTAINER_WITH_PIPELINE_BATCH {"containerIDs":"#13,"} | ret=SUCCESS |  
2025-10-16 19:48:53,099 | INFO  | OMAudit | user=null | ip= | op=READ_KEY {"volume":"3a780d51-9106-445b-9432-66f09123b6f7","bucket":"098f8ab0-789f-4484-8c39-bdec5b971dbf","key":"d94aae40-f5dc-4235-b241-9b8532e6c268","owner":null,"dataSize":"0","replicationConfig":null} | ret=SUCCESS |  
2025-10-16 19:48:53,102 | INFO  | SCMAudit | user=runner | ip=127.0.0.1 | op=GET_CONTAINER {"containerID":"13"} | ret=SUCCESS |  
2025-10-16 19:48:53,105 | INFO  | OMAudit | user=runner | ip=127.0.0.1 | op=DELETE_KEY {"volume":"3a780d51-9106-445b-9432-66f09123b6f7","bucket":"098f8ab0-789f-4484-8c39-bdec5b971dbf","key":"d94aae40-f5dc-4235-b241-9b8532e6c268","dataSize":"16","replicationConfig":"RATIS/ONE","Transaction":"699"} | ret=SUCCESS |  
]]></system-out>
  </testcase>
  <testcase name="testFSOBucketUsedBytes" classname="org.apache.hadoop.ozone.client.rpc.TestSecureOzoneRpcClient" time="3.064">
    <system-out><![CDATA[2025-10-16 19:48:53,108 [ForkJoinPool-1-worker-1] INFO  rpc.RpcClient (RpcClient.java:createVolume(461)) - Creating Volume: 35048663-6bf9-49cc-90b7-c3987f261eb2, with runner as owner and space quota set to -1 bytes, counts quota set to -1
2025-10-16 19:48:53,110 [om1-OMStateMachineApplyTransactionThread - 0] INFO  volume.OMVolumeCreateRequest (OMVolumeCreateRequest.java:validateAndUpdateCache(213)) - created volume:35048663-6bf9-49cc-90b7-c3987f261eb2 for user:runner
2025-10-16 19:48:53,110 | INFO  | OMAudit | user=runner | ip=127.0.0.1 | op=CREATE_VOLUME {"admin":"runner","owner":"runner","volume":"35048663-6bf9-49cc-90b7-c3987f261eb2","creationTime":"1760644133109","modificationTime":"1760644133109","quotaInBytes":"-1","quotaInNamespace":"-1","usedNamespace":"0","objectID":"-9223372036854596608","updateID":"700","Transaction":"700"} | ret=SUCCESS |  
2025-10-16 19:48:53,111 | INFO  | OMAudit | user=runner | ip=127.0.0.1 | op=READ_VOLUME {"volume":"35048663-6bf9-49cc-90b7-c3987f261eb2"} | ret=SUCCESS |  
2025-10-16 19:48:53,112 [ForkJoinPool-1-worker-1] INFO  rpc.RpcClient (RpcClient.java:createBucket(686)) - Creating Bucket: 35048663-6bf9-49cc-90b7-c3987f261eb2/a731f194-db27-41e1-a14e-61f5bccc26bd, with bucket layout FILE_SYSTEM_OPTIMIZED, runner as owner, Versioning false, Storage Type set to DISK and Encryption set to false, Replication Type set to server-side default replication type, Namespace Quota set to -1, Space Quota set to -1 
2025-10-16 19:48:53,113 [om1-OMStateMachineApplyTransactionThread - 0] INFO  bucket.OMBucketCreateRequest (OMBucketCreateRequest.java:validateAndUpdateCache(303)) - created bucket: a731f194-db27-41e1-a14e-61f5bccc26bd of layout FILE_SYSTEM_OPTIMIZED in volume: 35048663-6bf9-49cc-90b7-c3987f261eb2
2025-10-16 19:48:53,113 | INFO  | OMAudit | user=runner | ip=127.0.0.1 | op=CREATE_BUCKET {"volume":"35048663-6bf9-49cc-90b7-c3987f261eb2","bucket":"a731f194-db27-41e1-a14e-61f5bccc26bd","bucketLayout":"FILE_SYSTEM_OPTIMIZED","gdprEnabled":null,"acls":"[user:runner:a[ACCESS], group:runner:rl[ACCESS]]","isVersionEnabled":"false","storageType":"DISK","creationTime":"1760644133112","bucketEncryptionKey":null,"modificationTime":"1760644133112","usedBytes":"0","usedNamespace":"0","snapshotUsedBytes":"0","snapshotUsedNamespace":"0","owner":"runner","replicationType":null,"replicationConfig":null,"quotaInBytes":"-1","quotaInNamespace":"-1","Transaction":"701"} | ret=SUCCESS |  
2025-10-16 19:48:53,115 | INFO  | OMAudit | user=runner | ip=127.0.0.1 | op=READ_BUCKET {"volume":"35048663-6bf9-49cc-90b7-c3987f261eb2","bucket":"a731f194-db27-41e1-a14e-61f5bccc26bd"} | ret=SUCCESS |  
2025-10-16 19:48:53,116 | INFO  | SCMAudit | user=runner | ip=127.0.0.1 | op=SEND_HEARTBEAT {"datanodeUUID":"c0724e9c-0dd4-4d47-992c-7bfe285fdd38","term":"2","command":"[]"} | ret=SUCCESS |  
2025-10-16 19:48:53,116 | INFO  | SCMAudit | user=runner | ip=127.0.0.1 | op=SEND_HEARTBEAT {"datanodeUUID":"e33e6ec4-6b66-4281-bedd-2bd75bd30070","term":"2","command":"[]"} | ret=SUCCESS |  
2025-10-16 19:48:53,116 | INFO  | SCMAudit | user=runner | ip=127.0.0.1 | op=SEND_HEARTBEAT {"datanodeUUID":"8a3c3252-9afe-4d3a-8492-25be6557678a","term":"2","command":"[]"} | ret=SUCCESS |  
2025-10-16 19:48:53,117 | INFO  | OMAudit | user=runner | ip=127.0.0.1 | op=READ_BUCKET {"volume":"35048663-6bf9-49cc-90b7-c3987f261eb2","bucket":"a731f194-db27-41e1-a14e-61f5bccc26bd"} | ret=SUCCESS |  
2025-10-16 19:48:53,118 | INFO  | SCMAudit | user=runner | ip=127.0.0.1 | op=ALLOCATE_BLOCK {"replication":"RATIS/ONE","owner":"omServiceIdDefault","size":"4194304","sampleBlocks":"[conID: 12 locID: 115816896921600198]","num":"1","client":"","allocated":"1"} | ret=SUCCESS |  
2025-10-16 19:48:53,120 | INFO  | SCMAudit | user=runner | ip=127.0.0.1 | op=SEND_HEARTBEAT {"datanodeUUID":"8a0fa2ff-b550-4652-b2fe-0cf91cd4a157","term":"2","command":"[]"} | ret=SUCCESS |  
2025-10-16 19:48:53,121 | INFO  | OMAudit | user=runner | ip=127.0.0.1 | op=ALLOCATE_KEY {"volume":"35048663-6bf9-49cc-90b7-c3987f261eb2","bucket":"a731f194-db27-41e1-a14e-61f5bccc26bd","key":"a67d979e-d3e5-40dc-bc60-b62296ea2fe1","dataSize":"12","replicationType":"RATIS","replicationFactor":"ONE","Transaction":"702"} | ret=SUCCESS |  
2025-10-16 19:48:53,123 | INFO  | SCMAudit | user=runner | ip=127.0.0.1 | op=SEND_HEARTBEAT {"datanodeUUID":"aa213937-adc5-47da-a770-0ee1e4664344","term":"2","command":"[]"} | ret=SUCCESS |  
2025-10-16 19:48:53,128 | INFO  | SCMAudit | user=runner | ip=127.0.0.1 | op=SEND_HEARTBEAT {"datanodeUUID":"58cff6b7-b2a7-446b-a75a-bb98ad6b11b8","term":"2","command":"[]"} | ret=SUCCESS |  
2025-10-16 19:48:53,129 | INFO  | OMAudit | user=runner | ip=127.0.0.1 | op=COMMIT_KEY {"volume":"35048663-6bf9-49cc-90b7-c3987f261eb2","bucket":"a731f194-db27-41e1-a14e-61f5bccc26bd","key":"a67d979e-d3e5-40dc-bc60-b62296ea2fe1","dataSize":"12","replicationType":"RATIS","replicationFactor":"ONE","Transaction":"703"} | ret=SUCCESS |  
2025-10-16 19:48:53,130 | INFO  | OMAudit | user=runner | ip=127.0.0.1 | op=READ_VOLUME {"volume":"35048663-6bf9-49cc-90b7-c3987f261eb2"} | ret=SUCCESS |  
2025-10-16 19:48:53,131 | INFO  | OMAudit | user=runner | ip=127.0.0.1 | op=READ_BUCKET {"volume":"35048663-6bf9-49cc-90b7-c3987f261eb2","bucket":"a731f194-db27-41e1-a14e-61f5bccc26bd"} | ret=SUCCESS |  
2025-10-16 19:48:53,132 | INFO  | OMAudit | user=runner | ip=127.0.0.1 | op=READ_BUCKET {"volume":"35048663-6bf9-49cc-90b7-c3987f261eb2","bucket":"a731f194-db27-41e1-a14e-61f5bccc26bd"} | ret=SUCCESS |  
2025-10-16 19:48:53,133 | INFO  | SCMAudit | user=runner | ip=127.0.0.1 | op=ALLOCATE_BLOCK {"replication":"RATIS/ONE","owner":"omServiceIdDefault","size":"4194304","sampleBlocks":"[conID: 13 locID: 115816896921600199]","num":"1","client":"","allocated":"1"} | ret=SUCCESS |  
2025-10-16 19:48:53,134 | INFO  | SCMAudit | user=runner | ip=127.0.0.1 | op=SEND_HEARTBEAT {"datanodeUUID":"e072d245-7694-4d97-8e20-c503ebf8c2fe","term":"2","command":"[]"} | ret=SUCCESS |  
2025-10-16 19:48:53,136 | INFO  | OMAudit | user=runner | ip=127.0.0.1 | op=ALLOCATE_KEY {"volume":"35048663-6bf9-49cc-90b7-c3987f261eb2","bucket":"a731f194-db27-41e1-a14e-61f5bccc26bd","key":"a67d979e-d3e5-40dc-bc60-b62296ea2fe1","dataSize":"12","replicationType":"RATIS","replicationFactor":"ONE","Transaction":"704"} | ret=SUCCESS |  
2025-10-16 19:48:53,136 | INFO  | SCMAudit | user=runner | ip=127.0.0.1 | op=SEND_HEARTBEAT {"datanodeUUID":"0428ab3f-efd5-438e-ae11-9ec242443260","term":"2","command":"[]"} | ret=SUCCESS |  
2025-10-16 19:48:53,143 | INFO  | OMAudit | user=runner | ip=127.0.0.1 | op=COMMIT_KEY {"volume":"35048663-6bf9-49cc-90b7-c3987f261eb2","bucket":"a731f194-db27-41e1-a14e-61f5bccc26bd","key":"a67d979e-d3e5-40dc-bc60-b62296ea2fe1","dataSize":"12","replicationType":"RATIS","replicationFactor":"ONE","Transaction":"705"} | ret=SUCCESS |  
2025-10-16 19:48:53,146 | INFO  | OMAudit | user=runner | ip=127.0.0.1 | op=READ_VOLUME {"volume":"35048663-6bf9-49cc-90b7-c3987f261eb2"} | ret=SUCCESS |  
2025-10-16 19:48:53,147 | INFO  | OMAudit | user=runner | ip=127.0.0.1 | op=READ_BUCKET {"volume":"35048663-6bf9-49cc-90b7-c3987f261eb2","bucket":"a731f194-db27-41e1-a14e-61f5bccc26bd"} | ret=SUCCESS |  
2025-10-16 19:48:53,308 | INFO  | SCMAudit | user=runner | ip=127.0.0.1 | op=SEND_HEARTBEAT {"datanodeUUID":"76d4ba71-5bbb-4b24-8f51-8bc7f78aaca4","term":"2","command":"[]"} | ret=SUCCESS |  
2025-10-16 19:48:53,310 | INFO  | SCMAudit | user=runner | ip=127.0.0.1 | op=SEND_HEARTBEAT {"datanodeUUID":"764b18f0-81c5-439a-9fff-25adc4f241fa","term":"2","command":"[]"} | ret=SUCCESS |  
2025-10-16 19:48:53,386 [om1-KeyDeletingService#0] INFO  service.KeyDeletingService (KeyDeletingService.java:processKeyDeletes(151)) - Send 11 key(s) to SCM, first 10 keys: [PurgedKey{blockGroup=BlockGroup[groupID='/3a780d51-9106-445b-9432-66f09123b6f7/098f8ab0-789f-4484-8c39-bdec5b971dbf/d94aae40-f5dc-4235-b241-9b8532e6c268/-9223372036854597375/0', blockIDs=[conID: 13 locID: 115816896921600197 bcsId: 0 replicaIndex: null]], volume='3a780d51-9106-445b-9432-66f09123b6f7', bucket='098f8ab0-789f-4484-8c39-bdec5b971dbf', bucketId=-9223372036854597632, purgedBytes=16, isCommittedKey=true, deleteKeyName='/3a780d51-9106-445b-9432-66f09123b6f7/098f8ab0-789f-4484-8c39-bdec5b971dbf/d94aae40-f5dc-4235-b241-9b8532e6c268/-9223372036854597375'}, PurgedKey{blockGroup=BlockGroup[groupID='/a9461b0e-4058-4448-824e-01391f906130/5f5c6c02-1073-4e97-a285-ee99cfa16b67/310a6efe-bf1e-41a5-b261-d19c1ec272ad/0199ee91-6d3d-79e5-a069-c753b90f5436-115385573845041298/-9223372036854625023/0', blockIDs=[conID: 4 locID: 115816896921600180 bcsId: 0 replicaIndex: null, conID: 4 locID: 115816896921600181 bcsId: 0 replicaIndex: null]], volume='a9461b0e-4058-4448-824e-01391f906130', bucket='5f5c6c02-1073-4e97-a285-ee99cfa16b67', bucketId=-9223372036854626560, purgedBytes=5242880, isCommittedKey=false, deleteKeyName='/a9461b0e-4058-4448-824e-01391f906130/5f5c6c02-1073-4e97-a285-ee99cfa16b67/310a6efe-bf1e-41a5-b261-d19c1ec272ad/0199ee91-6d3d-79e5-a069-c753b90f5436-115385573845041298/-9223372036854625023'}, PurgedKey{blockGroup=BlockGroup[groupID='/a86d61b6-53ed-4768-8baa-516c280a8078/bucket11/key/-9223372036854609920/0', blockIDs=[conID: 16 locID: 115816896921600190 bcsId: 0 replicaIndex: null]], volume='a86d61b6-53ed-4768-8baa-516c280a8078', bucket='bucket11', bucketId=-9223372036854610432, purgedBytes=12582912, isCommittedKey=false, deleteKeyName='/a86d61b6-53ed-4768-8baa-516c280a8078/bucket11/key/-9223372036854609920'}, PurgedKey{blockGroup=BlockGroup[groupID='/55c5a4de-5614-46f5-a11d-fff3de617e6f/4521d894-62a3-4894-b483-43b59afd5a18/dir1/key4/-9223372036854612990/0', blockIDs=[conID: 17 locID: 115816896921600188 bcsId: 0 replicaIndex: null]], volume='55c5a4de-5614-46f5-a11d-fff3de617e6f', bucket='4521d894-62a3-4894-b483-43b59afd5a18', bucketId=-9223372036854615808, purgedBytes=36, isCommittedKey=true, deleteKeyName='/55c5a4de-5614-46f5-a11d-fff3de617e6f/4521d894-62a3-4894-b483-43b59afd5a18/dir1/key4/-9223372036854612990'}, PurgedKey{blockGroup=BlockGroup[groupID='/cfe902b5-b06c-479e-9241-a66f99282cff/1f8da015-b1fc-42d6-8308-f46bf028d04a/7cd1277d-6108-48a8-859a-3cf3e29ac08e/-9223372036854605823/0', blockIDs=[conID: 11 locID: 115816896921600193 bcsId: 0 replicaIndex: null]], volume='cfe902b5-b06c-479e-9241-a66f99282cff', bucket='1f8da015-b1fc-42d6-8308-f46bf028d04a', bucketId=-9223372036854606080, purgedBytes=12, isCommittedKey=true, deleteKeyName='/cfe902b5-b06c-479e-9241-a66f99282cff/1f8da015-b1fc-42d6-8308-f46bf028d04a/7cd1277d-6108-48a8-859a-3cf3e29ac08e/-9223372036854605823'}, PurgedKey{blockGroup=BlockGroup[groupID='/ce5ac647-9789-4270-b077-e38d2fbb83e6/bucket11/key/-9223372036854606848/0', blockIDs=[conID: 17 locID: 115816896921600192 bcsId: 0 replicaIndex: null]], volume='ce5ac647-9789-4270-b077-e38d2fbb83e6', bucket='bucket11', bucketId=-9223372036854607360, purgedBytes=12582912, isCommittedKey=false, deleteKeyName='/ce5ac647-9789-4270-b077-e38d2fbb83e6/bucket11/key/-9223372036854606848'}, PurgedKey{blockGroup=BlockGroup[groupID='/55c5a4de-5614-46f5-a11d-fff3de617e6f/4521d894-62a3-4894-b483-43b59afd5a18/key2/-9223372036854615039/0', blockIDs=[conID: 23 locID: 115816896921600186 bcsId: 0 replicaIndex: null]], volume='55c5a4de-5614-46f5-a11d-fff3de617e6f', bucket='4521d894-62a3-4894-b483-43b59afd5a18', bucketId=-9223372036854615808, purgedBytes=36, isCommittedKey=true, deleteKeyName='/55c5a4de-5614-46f5-a11d-fff3de617e6f/4521d894-62a3-4894-b483-43b59afd5a18/key2/-9223372036854615039'}, PurgedKey{blockGroup=BlockGroup[groupID='/55c5a4de-5614-46f5-a11d-fff3de617e6f/4521d894-62a3-4894-b483-43b59afd5a18/key1/-9223372036854615551/0', blockIDs=[conID: 18 locID: 115816896921600185 bcsId: 0 replicaIndex: null]], volume='55c5a4de-5614-46f5-a11d-fff3de617e6f', bucket='4521d894-62a3-4894-b483-43b59afd5a18', bucketId=-9223372036854615808, purgedBytes=36, isCommittedKey=true, deleteKeyName='/55c5a4de-5614-46f5-a11d-fff3de617e6f/4521d894-62a3-4894-b483-43b59afd5a18/key1/-9223372036854615551'}, PurgedKey{blockGroup=BlockGroup[groupID='/55c5a4de-5614-46f5-a11d-fff3de617e6f/4521d894-62a3-4894-b483-43b59afd5a18/dir1/key5/-9223372036854612479/0', blockIDs=[conID: 26 locID: 115816896921600189 bcsId: 0 replicaIndex: null]], volume='55c5a4de-5614-46f5-a11d-fff3de617e6f', bucket='4521d894-62a3-4894-b483-43b59afd5a18', bucketId=-9223372036854615808, purgedBytes=36, isCommittedKey=true, deleteKeyName='/55c5a4de-5614-46f5-a11d-fff3de617e6f/4521d894-62a3-4894-b483-43b59afd5a18/dir1/key5/-9223372036854612479'}, PurgedKey{blockGroup=BlockGroup[groupID='/35048663-6bf9-49cc-90b7-c3987f261eb2/a731f194-db27-41e1-a14e-61f5bccc26bd/a67d979e-d3e5-40dc-bc60-b62296ea2fe1/-9223372036854595328/0', blockIDs=[conID: 12 locID: 115816896921600198 bcsId: 0 replicaIndex: null]], volume='35048663-6bf9-49cc-90b7-c3987f261eb2', bucket='a731f194-db27-41e1-a14e-61f5bccc26bd', bucketId=-9223372036854596352, purgedBytes=12, isCommittedKey=true, deleteKeyName='/35048663-6bf9-49cc-90b7-c3987f261eb2/a731f194-db27-41e1-a14e-61f5bccc26bd/a67d979e-d3e5-40dc-bc60-b62296ea2fe1/-9223372036854595328'}]
2025-10-16 19:48:53,387 [pool-66-thread-9] INFO  service.DirectoryDeletingService (DirectoryDeletingService.java:optimizeDirDeletesAndSubmitRequest(313)) - Number of dirs deleted: 1, Number of sub-dir deleted: 0, Number of sub-files moved: 0 to DeletedTable, Number of sub-dirs moved 0 to DeletedDirectoryTable, iteration elapsed: 2ms,  totalRunCount: 91
2025-10-16 19:48:53,389 | INFO  | SCMAudit | user=runner | ip=127.0.0.1 | op=DELETE_KEY_BLOCK {"KeyBlockToDelete":"[BlockGroup[groupID='/35048663-6bf9-49cc-90b7-c3987f261eb2/a731f194-db27-41e1-a14e-61f5bccc26bd/a67d979e-d3e5-40dc-bc60-b62296ea2fe1/-9223372036854595328/0', blockIDs=[conID: 12 locID: 115816896921600198 bcsId: 0 replicaIndex: null]], BlockGroup[groupID='/55c5a4de-5614-46f5-a11d-fff3de617e6f/4521d894-62a3-4894-b483-43b59afd5a18/key2/-9223372036854615039/0', blockIDs=[conID: 23 locID: 115816896921600186 bcsId: 0 replicaIndex: null]], BlockGroup[groupID='/cfe902b5-b06c-479e-9241-a66f99282cff/1f8da015-b1fc-42d6-8308-f46bf028d04a/7cd1277d-6108-48a8-859a-3cf3e29ac08e/-9223372036854605823/0', blockIDs=[conID: 11 locID: 115816896921600193 bcsId: 0 replicaIndex: null]], BlockGroup[groupID='/55c5a4de-5614-46f5-a11d-fff3de617e6f/4521d894-62a3-4894-b483-43b59afd5a18/dir1/key5/-9223372036854612479/0', blockIDs=[conID: 26 locID: 115816896921600189 bcsId: 0 replicaIndex: null]], BlockGroup[groupID='/ce5ac647-9789-4270-b077-e38d2fbb83e6/bucket11/key/-9223372036854606848/0', blockIDs=[conID: 17 locID: 115816896921600192 bcsId: 0 replicaIndex: null]], BlockGroup[groupID='/a86d61b6-53ed-4768-8baa-516c280a8078/bucket11/key/-9223372036854609920/0', blockIDs=[conID: 16 locID: 115816896921600190 bcsId: 0 replicaIndex: null]], BlockGroup[groupID='/55c5a4de-5614-46f5-a11d-fff3de617e6f/4521d894-62a3-4894-b483-43b59afd5a18/dir1/key4/-9223372036854612990/0', blockIDs=[conID: 17 locID: 115816896921600188 bcsId: 0 replicaIndex: null]], BlockGroup[groupID='/3a780d51-9106-445b-9432-66f09123b6f7/098f8ab0-789f-4484-8c39-bdec5b971dbf/d94aae40-f5dc-4235-b241-9b8532e6c268/-9223372036854597375/0', blockIDs=[conID: 13 locID: 115816896921600197 bcsId: 0 replicaIndex: null]], BlockGroup[groupID='/a9461b0e-4058-4448-824e-01391f906130/5f5c6c02-1073-4e97-a285-ee99cfa16b67/310a6efe-bf1e-41a5-b261-d19c1ec272ad/0199ee91-6d3d-79e5-a069-c753b90f5436-115385573845041298/-9223372036854625023/0', blockIDs=[conID: 4 locID: 115816896921600180 bcsId: 0 replicaIndex: null, conID: 4 locID: 115816896921600181 bcsId: 0 replicaIndex: null]], BlockGroup[groupID='/55c5a4de-5614-46f5-a11d-fff3de617e6f/4521d894-62a3-4894-b483-43b59afd5a18/key1/-9223372036854615551/0', blockIDs=[conID: 18 locID: 115816896921600185 bcsId: 0 replicaIndex: null]], BlockGroup[groupID='/ed62b7e4-eb89-4caf-91fc-9b5f72378914/bucket11/key/-9223372036854608384/0', blockIDs=[conID: 20 locID: 115816896921600191 bcsId: 0 replicaIndex: null]]]"} | ret=SUCCESS |  
2025-10-16 19:48:53,390 [om1-KeyDeletingService#0] INFO  service.KeyDeletingService (KeyDeletingService.java:processKeyDeletes(158)) - 11 BlockGroup deletion are acked by SCM in 4 ms
2025-10-16 19:48:53,391 [om1-KeyDeletingService#0] INFO  service.KeyDeletingService (KeyDeletingService.java:processKeyDeletes(166)) - Blocks for 11 (out of 11) keys are deleted from DB in 1 ms. Limit per task is 50000.
2025-10-16 19:48:53,637 | INFO  | SCMAudit | user=runner | ip=127.0.0.1 | op=SEND_HEARTBEAT {"datanodeUUID":"0e8b6cc7-9945-4141-97fc-6aa017a0d5fa","term":"2","command":"[]"} | ret=SUCCESS |  
2025-10-16 19:48:53,715 | INFO  | SCMAudit | user=runner | ip=127.0.0.1 | op=SEND_HEARTBEAT {"datanodeUUID":"757ca056-973f-4f05-ab2d-6aff6c54d452","term":"2","command":"[]"} | ret=SUCCESS |  
2025-10-16 19:48:53,734 | INFO  | SCMAudit | user=runner | ip=127.0.0.1 | op=SEND_HEARTBEAT {"datanodeUUID":"702cb173-5c73-4ecc-b5cd-c7b4a6b66aea","term":"2","command":"[]"} | ret=SUCCESS |  
2025-10-16 19:48:53,918 | INFO  | SCMAudit | user=runner | ip=127.0.0.1 | op=SEND_HEARTBEAT {"datanodeUUID":"f700af26-0e26-4136-9205-9509c82c8c70","term":"2","command":"[]"} | ret=SUCCESS |  
2025-10-16 19:48:54,115 | INFO  | SCMAudit | user=runner | ip=127.0.0.1 | op=SEND_HEARTBEAT {"datanodeUUID":"e33e6ec4-6b66-4281-bedd-2bd75bd30070","term":"2","command":"[]"} | ret=SUCCESS |  
2025-10-16 19:48:54,116 | INFO  | SCMAudit | user=runner | ip=127.0.0.1 | op=SEND_HEARTBEAT {"datanodeUUID":"c0724e9c-0dd4-4d47-992c-7bfe285fdd38","term":"2","command":"[]"} | ret=SUCCESS |  
2025-10-16 19:48:54,116 | INFO  | SCMAudit | user=runner | ip=127.0.0.1 | op=SEND_HEARTBEAT {"datanodeUUID":"8a3c3252-9afe-4d3a-8492-25be6557678a","term":"2","command":"[]"} | ret=SUCCESS |  
2025-10-16 19:48:54,119 | INFO  | SCMAudit | user=runner | ip=127.0.0.1 | op=SEND_HEARTBEAT {"datanodeUUID":"8a0fa2ff-b550-4652-b2fe-0cf91cd4a157","term":"2","command":"[]"} | ret=SUCCESS |  
2025-10-16 19:48:54,123 | INFO  | SCMAudit | user=runner | ip=127.0.0.1 | op=SEND_HEARTBEAT {"datanodeUUID":"aa213937-adc5-47da-a770-0ee1e4664344","term":"2","command":"[]"} | ret=SUCCESS |  
2025-10-16 19:48:54,128 | INFO  | SCMAudit | user=runner | ip=127.0.0.1 | op=SEND_HEARTBEAT {"datanodeUUID":"58cff6b7-b2a7-446b-a75a-bb98ad6b11b8","term":"2","command":"[]"} | ret=SUCCESS |  
2025-10-16 19:48:54,134 | INFO  | SCMAudit | user=runner | ip=127.0.0.1 | op=SEND_HEARTBEAT {"datanodeUUID":"e072d245-7694-4d97-8e20-c503ebf8c2fe","term":"2","command":"[]"} | ret=SUCCESS |  
2025-10-16 19:48:54,135 | INFO  | SCMAudit | user=runner | ip=127.0.0.1 | op=SEND_HEARTBEAT {"datanodeUUID":"0428ab3f-efd5-438e-ae11-9ec242443260","term":"2","command":"[]"} | ret=SUCCESS |  
2025-10-16 19:48:54,148 | INFO  | OMAudit | user=runner | ip=127.0.0.1 | op=READ_VOLUME {"volume":"35048663-6bf9-49cc-90b7-c3987f261eb2"} | ret=SUCCESS |  
2025-10-16 19:48:54,149 | INFO  | OMAudit | user=runner | ip=127.0.0.1 | op=READ_BUCKET {"volume":"35048663-6bf9-49cc-90b7-c3987f261eb2","bucket":"a731f194-db27-41e1-a14e-61f5bccc26bd"} | ret=SUCCESS |  
2025-10-16 19:48:54,150 | INFO  | OMAudit | user=runner | ip=127.0.0.1 | op=READ_BUCKET {"volume":"35048663-6bf9-49cc-90b7-c3987f261eb2","bucket":"a731f194-db27-41e1-a14e-61f5bccc26bd"} | ret=SUCCESS |  
2025-10-16 19:48:54,150 | INFO  | SCMAudit | user=runner | ip=127.0.0.1 | op=ALLOCATE_BLOCK {"replication":"RATIS/ONE","owner":"omServiceIdDefault","size":"4194304","sampleBlocks":"[conID: 5 locID: 115816896921600200, conID: 7 locID: 115816896921600201]","num":"2","client":"","allocated":"2"} | ret=SUCCESS |  
2025-10-16 19:48:54,153 | INFO  | OMAudit | user=runner | ip=127.0.0.1 | op=ALLOCATE_KEY {"volume":"35048663-6bf9-49cc-90b7-c3987f261eb2","bucket":"a731f194-db27-41e1-a14e-61f5bccc26bd","key":"a67d979e-d3e5-40dc-bc60-b62296ea2fe1","dataSize":"4194316","replicationType":"RATIS","replicationFactor":"ONE","Transaction":"708"} | ret=SUCCESS |  
2025-10-16 19:48:54,159 | INFO  | OMAudit | user=runner | ip=127.0.0.1 | op=COMMIT_KEY {"volume":"35048663-6bf9-49cc-90b7-c3987f261eb2","bucket":"a731f194-db27-41e1-a14e-61f5bccc26bd","key":"a67d979e-d3e5-40dc-bc60-b62296ea2fe1","dataSize":"12","replicationType":"RATIS","replicationFactor":"ONE","Transaction":"709"} | ret=SUCCESS |  
2025-10-16 19:48:54,160 | INFO  | OMAudit | user=runner | ip=127.0.0.1 | op=READ_VOLUME {"volume":"35048663-6bf9-49cc-90b7-c3987f261eb2"} | ret=SUCCESS |  
2025-10-16 19:48:54,161 | INFO  | OMAudit | user=runner | ip=127.0.0.1 | op=READ_BUCKET {"volume":"35048663-6bf9-49cc-90b7-c3987f261eb2","bucket":"a731f194-db27-41e1-a14e-61f5bccc26bd"} | ret=SUCCESS |  
2025-10-16 19:48:54,308 | INFO  | SCMAudit | user=runner | ip=127.0.0.1 | op=SEND_HEARTBEAT {"datanodeUUID":"76d4ba71-5bbb-4b24-8f51-8bc7f78aaca4","term":"2","command":"[]"} | ret=SUCCESS |  
2025-10-16 19:48:54,311 | INFO  | SCMAudit | user=runner | ip=127.0.0.1 | op=SEND_HEARTBEAT {"datanodeUUID":"764b18f0-81c5-439a-9fff-25adc4f241fa","term":"2","command":"[]"} | ret=SUCCESS |  
2025-10-16 19:48:54,385 [om1-KeyDeletingService#9] INFO  service.KeyDeletingService (KeyDeletingService.java:processKeyDeletes(151)) - Send 2 key(s) to SCM, first 2 keys: [PurgedKey{blockGroup=BlockGroup[groupID='/35048663-6bf9-49cc-90b7-c3987f261eb2/a731f194-db27-41e1-a14e-61f5bccc26bd/a67d979e-d3e5-40dc-bc60-b62296ea2fe1/-9223372036854594304/1', blockIDs=[conID: 7 locID: 115816896921600201 bcsId: 0 replicaIndex: null]], volume='35048663-6bf9-49cc-90b7-c3987f261eb2', bucket='a731f194-db27-41e1-a14e-61f5bccc26bd', bucketId=-9223372036854596352, purgedBytes=4194304, isCommittedKey=false, deleteKeyName='/35048663-6bf9-49cc-90b7-c3987f261eb2/a731f194-db27-41e1-a14e-61f5bccc26bd/a67d979e-d3e5-40dc-bc60-b62296ea2fe1/-9223372036854594304'}, PurgedKey{blockGroup=BlockGroup[groupID='/35048663-6bf9-49cc-90b7-c3987f261eb2/a731f194-db27-41e1-a14e-61f5bccc26bd/a67d979e-d3e5-40dc-bc60-b62296ea2fe1/-9223372036854594304/0', blockIDs=[conID: 13 locID: 115816896921600199 bcsId: 0 replicaIndex: null]], volume='35048663-6bf9-49cc-90b7-c3987f261eb2', bucket='a731f194-db27-41e1-a14e-61f5bccc26bd', bucketId=-9223372036854596352, purgedBytes=12, isCommittedKey=true, deleteKeyName='/35048663-6bf9-49cc-90b7-c3987f261eb2/a731f194-db27-41e1-a14e-61f5bccc26bd/a67d979e-d3e5-40dc-bc60-b62296ea2fe1/-9223372036854594304'}]
2025-10-16 19:48:54,388 | INFO  | SCMAudit | user=runner | ip=127.0.0.1 | op=DELETE_KEY_BLOCK {"KeyBlockToDelete":"[BlockGroup[groupID='/35048663-6bf9-49cc-90b7-c3987f261eb2/a731f194-db27-41e1-a14e-61f5bccc26bd/a67d979e-d3e5-40dc-bc60-b62296ea2fe1/-9223372036854594304/1', blockIDs=[conID: 7 locID: 115816896921600201 bcsId: 0 replicaIndex: null]], BlockGroup[groupID='/35048663-6bf9-49cc-90b7-c3987f261eb2/a731f194-db27-41e1-a14e-61f5bccc26bd/a67d979e-d3e5-40dc-bc60-b62296ea2fe1/-9223372036854594304/0', blockIDs=[conID: 13 locID: 115816896921600199 bcsId: 0 replicaIndex: null]]]"} | ret=SUCCESS |  
2025-10-16 19:48:54,388 [om1-KeyDeletingService#9] INFO  service.KeyDeletingService (KeyDeletingService.java:processKeyDeletes(158)) - 2 BlockGroup deletion are acked by SCM in 2 ms
2025-10-16 19:48:54,389 [om1-KeyDeletingService#9] INFO  service.KeyDeletingService (KeyDeletingService.java:processKeyDeletes(166)) - Blocks for 2 (out of 2) keys are deleted from DB in 2 ms. Limit per task is 50000.
2025-10-16 19:48:54,637 | INFO  | SCMAudit | user=runner | ip=127.0.0.1 | op=SEND_HEARTBEAT {"datanodeUUID":"0e8b6cc7-9945-4141-97fc-6aa017a0d5fa","term":"2","command":"[]"} | ret=SUCCESS |  
2025-10-16 19:48:54,715 | INFO  | SCMAudit | user=runner | ip=127.0.0.1 | op=SEND_HEARTBEAT {"datanodeUUID":"757ca056-973f-4f05-ab2d-6aff6c54d452","term":"2","command":"[]"} | ret=SUCCESS |  
2025-10-16 19:48:54,735 | INFO  | SCMAudit | user=runner | ip=127.0.0.1 | op=SEND_HEARTBEAT {"datanodeUUID":"702cb173-5c73-4ecc-b5cd-c7b4a6b66aea","term":"2","command":"[]"} | ret=SUCCESS |  
2025-10-16 19:48:54,918 | INFO  | SCMAudit | user=runner | ip=127.0.0.1 | op=SEND_HEARTBEAT {"datanodeUUID":"f700af26-0e26-4136-9205-9509c82c8c70","term":"2","command":"[]"} | ret=SUCCESS |  
2025-10-16 19:48:55,116 | INFO  | SCMAudit | user=runner | ip=127.0.0.1 | op=SEND_HEARTBEAT {"datanodeUUID":"e33e6ec4-6b66-4281-bedd-2bd75bd30070","term":"2","command":"[]"} | ret=SUCCESS |  
2025-10-16 19:48:55,116 | INFO  | SCMAudit | user=runner | ip=127.0.0.1 | op=SEND_HEARTBEAT {"datanodeUUID":"8a3c3252-9afe-4d3a-8492-25be6557678a","term":"2","command":"[]"} | ret=SUCCESS |  
2025-10-16 19:48:55,116 | INFO  | SCMAudit | user=runner | ip=127.0.0.1 | op=SEND_HEARTBEAT {"datanodeUUID":"c0724e9c-0dd4-4d47-992c-7bfe285fdd38","term":"2","command":"[]"} | ret=SUCCESS |  
2025-10-16 19:48:55,119 | INFO  | SCMAudit | user=runner | ip=127.0.0.1 | op=SEND_HEARTBEAT {"datanodeUUID":"8a0fa2ff-b550-4652-b2fe-0cf91cd4a157","term":"2","command":"[]"} | ret=SUCCESS |  
2025-10-16 19:48:55,124 | INFO  | SCMAudit | user=runner | ip=127.0.0.1 | op=SEND_HEARTBEAT {"datanodeUUID":"aa213937-adc5-47da-a770-0ee1e4664344","term":"2","command":"[]"} | ret=SUCCESS |  
2025-10-16 19:48:55,128 | INFO  | SCMAudit | user=runner | ip=127.0.0.1 | op=SEND_HEARTBEAT {"datanodeUUID":"58cff6b7-b2a7-446b-a75a-bb98ad6b11b8","term":"2","command":"[]"} | ret=SUCCESS |  
2025-10-16 19:48:55,135 | INFO  | SCMAudit | user=runner | ip=127.0.0.1 | op=SEND_HEARTBEAT {"datanodeUUID":"e072d245-7694-4d97-8e20-c503ebf8c2fe","term":"2","command":"[]"} | ret=SUCCESS |  
2025-10-16 19:48:55,136 | INFO  | SCMAudit | user=runner | ip=127.0.0.1 | op=SEND_HEARTBEAT {"datanodeUUID":"0428ab3f-efd5-438e-ae11-9ec242443260","term":"2","command":"[]"} | ret=SUCCESS |  
2025-10-16 19:48:55,162 | INFO  | OMAudit | user=runner | ip=127.0.0.1 | op=READ_VOLUME {"volume":"35048663-6bf9-49cc-90b7-c3987f261eb2"} | ret=SUCCESS |  
2025-10-16 19:48:55,163 | INFO  | OMAudit | user=runner | ip=127.0.0.1 | op=READ_BUCKET {"volume":"35048663-6bf9-49cc-90b7-c3987f261eb2","bucket":"a731f194-db27-41e1-a14e-61f5bccc26bd"} | ret=SUCCESS |  
2025-10-16 19:48:55,166 | INFO  | OMAudit | user=runner | ip=127.0.0.1 | op=DELETE_KEY {"volume":"35048663-6bf9-49cc-90b7-c3987f261eb2","bucket":"a731f194-db27-41e1-a14e-61f5bccc26bd","key":"a67d979e-d3e5-40dc-bc60-b62296ea2fe1","dataSize":"12","replicationConfig":"RATIS/ONE","Transaction":"711"} | ret=SUCCESS |  
2025-10-16 19:48:55,167 | INFO  | OMAudit | user=runner | ip=127.0.0.1 | op=READ_VOLUME {"volume":"35048663-6bf9-49cc-90b7-c3987f261eb2"} | ret=SUCCESS |  
2025-10-16 19:48:55,168 | INFO  | OMAudit | user=runner | ip=127.0.0.1 | op=READ_BUCKET {"volume":"35048663-6bf9-49cc-90b7-c3987f261eb2","bucket":"a731f194-db27-41e1-a14e-61f5bccc26bd"} | ret=SUCCESS |  
2025-10-16 19:48:55,308 | INFO  | SCMAudit | user=runner | ip=127.0.0.1 | op=SEND_HEARTBEAT {"datanodeUUID":"76d4ba71-5bbb-4b24-8f51-8bc7f78aaca4","term":"2","command":"[]"} | ret=SUCCESS |  
2025-10-16 19:48:55,312 | INFO  | SCMAudit | user=runner | ip=127.0.0.1 | op=SEND_HEARTBEAT {"datanodeUUID":"764b18f0-81c5-439a-9fff-25adc4f241fa","term":"2","command":"[]"} | ret=SUCCESS |  
2025-10-16 19:48:55,386 [om1-KeyDeletingService#7] INFO  service.KeyDeletingService (KeyDeletingService.java:processKeyDeletes(151)) - Send 1 key(s) to SCM, first 1 keys: [PurgedKey{blockGroup=BlockGroup[groupID='/35048663-6bf9-49cc-90b7-c3987f261eb2/a731f194-db27-41e1-a14e-61f5bccc26bd/a67d979e-d3e5-40dc-bc60-b62296ea2fe1/-9223372036854596095/0', blockIDs=[conID: 5 locID: 115816896921600200 bcsId: 0 replicaIndex: null]], volume='35048663-6bf9-49cc-90b7-c3987f261eb2', bucket='a731f194-db27-41e1-a14e-61f5bccc26bd', bucketId=-9223372036854596352, purgedBytes=12, isCommittedKey=true, deleteKeyName='/35048663-6bf9-49cc-90b7-c3987f261eb2/a731f194-db27-41e1-a14e-61f5bccc26bd/a67d979e-d3e5-40dc-bc60-b62296ea2fe1/-9223372036854596095'}]
2025-10-16 19:48:55,388 | INFO  | SCMAudit | user=runner | ip=127.0.0.1 | op=DELETE_KEY_BLOCK {"KeyBlockToDelete":"[BlockGroup[groupID='/35048663-6bf9-49cc-90b7-c3987f261eb2/a731f194-db27-41e1-a14e-61f5bccc26bd/a67d979e-d3e5-40dc-bc60-b62296ea2fe1/-9223372036854596095/0', blockIDs=[conID: 5 locID: 115816896921600200 bcsId: 0 replicaIndex: null]]]"} | ret=SUCCESS |  
2025-10-16 19:48:55,388 [om1-KeyDeletingService#7] INFO  service.KeyDeletingService (KeyDeletingService.java:processKeyDeletes(158)) - 1 BlockGroup deletion are acked by SCM in 3 ms
2025-10-16 19:48:55,390 [om1-KeyDeletingService#7] INFO  service.KeyDeletingService (KeyDeletingService.java:processKeyDeletes(166)) - Blocks for 1 (out of 1) keys are deleted from DB in 1 ms. Limit per task is 50000.
2025-10-16 19:48:55,637 | INFO  | SCMAudit | user=runner | ip=127.0.0.1 | op=SEND_HEARTBEAT {"datanodeUUID":"0e8b6cc7-9945-4141-97fc-6aa017a0d5fa","term":"2","command":"[]"} | ret=SUCCESS |  
2025-10-16 19:48:55,715 | INFO  | SCMAudit | user=runner | ip=127.0.0.1 | op=SEND_HEARTBEAT {"datanodeUUID":"757ca056-973f-4f05-ab2d-6aff6c54d452","term":"2","command":"[]"} | ret=SUCCESS |  
2025-10-16 19:48:55,735 | INFO  | SCMAudit | user=runner | ip=127.0.0.1 | op=SEND_HEARTBEAT {"datanodeUUID":"702cb173-5c73-4ecc-b5cd-c7b4a6b66aea","term":"2","command":"[]"} | ret=SUCCESS |  
2025-10-16 19:48:55,918 | INFO  | SCMAudit | user=runner | ip=127.0.0.1 | op=SEND_HEARTBEAT {"datanodeUUID":"f700af26-0e26-4136-9205-9509c82c8c70","term":"2","command":"[]"} | ret=SUCCESS |  
2025-10-16 19:48:56,116 | INFO  | SCMAudit | user=runner | ip=127.0.0.1 | op=SEND_HEARTBEAT {"datanodeUUID":"8a3c3252-9afe-4d3a-8492-25be6557678a","term":"2","command":"[]"} | ret=SUCCESS |  
2025-10-16 19:48:56,116 | INFO  | SCMAudit | user=runner | ip=127.0.0.1 | op=SEND_HEARTBEAT {"datanodeUUID":"e33e6ec4-6b66-4281-bedd-2bd75bd30070","term":"2","command":"[]"} | ret=SUCCESS |  
2025-10-16 19:48:56,117 | INFO  | SCMAudit | user=runner | ip=127.0.0.1 | op=SEND_HEARTBEAT {"datanodeUUID":"c0724e9c-0dd4-4d47-992c-7bfe285fdd38","term":"2","command":"[]"} | ret=SUCCESS |  
2025-10-16 19:48:56,119 | INFO  | SCMAudit | user=runner | ip=127.0.0.1 | op=SEND_HEARTBEAT {"datanodeUUID":"8a0fa2ff-b550-4652-b2fe-0cf91cd4a157","term":"2","command":"[]"} | ret=SUCCESS |  
2025-10-16 19:48:56,123 | INFO  | SCMAudit | user=runner | ip=127.0.0.1 | op=SEND_HEARTBEAT {"datanodeUUID":"aa213937-adc5-47da-a770-0ee1e4664344","term":"2","command":"[]"} | ret=SUCCESS |  
2025-10-16 19:48:56,129 | INFO  | SCMAudit | user=runner | ip=127.0.0.1 | op=SEND_HEARTBEAT {"datanodeUUID":"58cff6b7-b2a7-446b-a75a-bb98ad6b11b8","term":"2","command":"[]"} | ret=SUCCESS |  
2025-10-16 19:48:56,135 | INFO  | SCMAudit | user=runner | ip=127.0.0.1 | op=SEND_HEARTBEAT {"datanodeUUID":"0428ab3f-efd5-438e-ae11-9ec242443260","term":"2","command":"[]"} | ret=SUCCESS |  
2025-10-16 19:48:56,135 | INFO  | SCMAudit | user=runner | ip=127.0.0.1 | op=SEND_HEARTBEAT {"datanodeUUID":"e072d245-7694-4d97-8e20-c503ebf8c2fe","term":"2","command":"[]"} | ret=SUCCESS |  
2025-10-16 19:48:56,169 | INFO  | OMAudit | user=runner | ip=127.0.0.1 | op=READ_VOLUME {"volume":"35048663-6bf9-49cc-90b7-c3987f261eb2"} | ret=SUCCESS |  
2025-10-16 19:48:56,170 | INFO  | OMAudit | user=runner | ip=127.0.0.1 | op=READ_BUCKET {"volume":"35048663-6bf9-49cc-90b7-c3987f261eb2","bucket":"a731f194-db27-41e1-a14e-61f5bccc26bd"} | ret=SUCCESS |  
]]></system-out>
  </testcase>
  <testcase name="testFileRecovery(boolean)[1]" classname="org.apache.hadoop.ozone.client.rpc.TestSecureOzoneRpcClient" time="0.059">
    <system-out><![CDATA[2025-10-16 19:48:56,175 [ForkJoinPool-1-worker-1] INFO  rpc.RpcClient (RpcClient.java:createVolume(461)) - Creating Volume: 6cada7c2-7fee-4bcd-94b9-9b2e0d680a20, with runner as owner and space quota set to -1 bytes, counts quota set to -1
2025-10-16 19:48:56,177 [om1-OMStateMachineApplyTransactionThread - 0] INFO  volume.OMVolumeCreateRequest (OMVolumeCreateRequest.java:validateAndUpdateCache(213)) - created volume:6cada7c2-7fee-4bcd-94b9-9b2e0d680a20 for user:runner
2025-10-16 19:48:56,177 | INFO  | OMAudit | user=runner | ip=127.0.0.1 | op=CREATE_VOLUME {"admin":"runner","owner":"runner","volume":"6cada7c2-7fee-4bcd-94b9-9b2e0d680a20","creationTime":"1760644136175","modificationTime":"1760644136175","quotaInBytes":"-1","quotaInNamespace":"-1","usedNamespace":"0","objectID":"-9223372036854593280","updateID":"713","Transaction":"713"} | ret=SUCCESS |  
2025-10-16 19:48:56,178 | INFO  | OMAudit | user=runner | ip=127.0.0.1 | op=READ_VOLUME {"volume":"6cada7c2-7fee-4bcd-94b9-9b2e0d680a20"} | ret=SUCCESS |  
2025-10-16 19:48:56,179 [ForkJoinPool-1-worker-1] INFO  rpc.RpcClient (RpcClient.java:createBucket(686)) - Creating Bucket: 6cada7c2-7fee-4bcd-94b9-9b2e0d680a20/6f0d1a2c-37d8-4ba8-a781-4d983d613a7d, with bucket layout FILE_SYSTEM_OPTIMIZED, runner as owner, Versioning false, Storage Type set to DISK and Encryption set to false, Replication Type set to server-side default replication type, Namespace Quota set to -1, Space Quota set to -1 
2025-10-16 19:48:56,181 [om1-OMStateMachineApplyTransactionThread - 0] INFO  bucket.OMBucketCreateRequest (OMBucketCreateRequest.java:validateAndUpdateCache(303)) - created bucket: 6f0d1a2c-37d8-4ba8-a781-4d983d613a7d of layout FILE_SYSTEM_OPTIMIZED in volume: 6cada7c2-7fee-4bcd-94b9-9b2e0d680a20
2025-10-16 19:48:56,181 | INFO  | OMAudit | user=runner | ip=127.0.0.1 | op=CREATE_BUCKET {"volume":"6cada7c2-7fee-4bcd-94b9-9b2e0d680a20","bucket":"6f0d1a2c-37d8-4ba8-a781-4d983d613a7d","bucketLayout":"FILE_SYSTEM_OPTIMIZED","gdprEnabled":null,"acls":"[user:runner:a[ACCESS], group:runner:rl[ACCESS]]","isVersionEnabled":"false","storageType":"DISK","creationTime":"1760644136180","bucketEncryptionKey":null,"modificationTime":"1760644136180","usedBytes":"0","usedNamespace":"0","snapshotUsedBytes":"0","snapshotUsedNamespace":"0","owner":"runner","replicationType":null,"replicationConfig":null,"quotaInBytes":"-1","quotaInNamespace":"-1","Transaction":"714"} | ret=SUCCESS |  
2025-10-16 19:48:56,181 | INFO  | OMAudit | user=runner | ip=127.0.0.1 | op=READ_BUCKET {"volume":"6cada7c2-7fee-4bcd-94b9-9b2e0d680a20","bucket":"6f0d1a2c-37d8-4ba8-a781-4d983d613a7d"} | ret=SUCCESS |  
2025-10-16 19:48:56,190 | INFO  | OMAudit | user=runner | ip=127.0.0.1 | op=GET_SERVICE_LIST {} | ret=SUCCESS |  
2025-10-16 19:48:56,192 | INFO  | OMAudit | user=runner | ip=127.0.0.1 | op=READ_BUCKET {"volume":"6cada7c2-7fee-4bcd-94b9-9b2e0d680a20","bucket":"6f0d1a2c-37d8-4ba8-a781-4d983d613a7d"} | ret=SUCCESS |  
2025-10-16 19:48:56,193 | INFO  | SCMAudit | user=runner | ip=127.0.0.1 | op=ALLOCATE_BLOCK {"replication":"RATIS/THREE","owner":"omServiceIdDefault","size":"4194304","sampleBlocks":"[conID: 21 locID: 115816896921600202]","num":"1","client":"","allocated":"1"} | ret=SUCCESS |  
2025-10-16 19:48:56,195 | INFO  | OMAudit | user=runner | ip=127.0.0.1 | op=ALLOCATE_KEY {"volume":"6cada7c2-7fee-4bcd-94b9-9b2e0d680a20","bucket":"6f0d1a2c-37d8-4ba8-a781-4d983d613a7d","key":"228dc89d-445f-483c-8e20-3b2171dc8347","dataSize":"12","replicationType":"RATIS","replicationFactor":"THREE","Transaction":"715"} | ret=SUCCESS |  
2025-10-16 19:48:56,213 | INFO  | OMAudit | user=runner | ip=127.0.0.1 | op=READ_BUCKET {"volume":"6cada7c2-7fee-4bcd-94b9-9b2e0d680a20","bucket":"6f0d1a2c-37d8-4ba8-a781-4d983d613a7d"} | ret=SUCCESS |  
2025-10-16 19:48:56,221 [om1-OMStateMachineApplyTransactionThread - 0] ERROR file.OMRecoverLeaseRequest (OMRecoverLeaseRequest.java:validateAndUpdateCache(160)) - Fail for recovering lease. Volume:6cada7c2-7fee-4bcd-94b9-9b2e0d680a20, Bucket:6f0d1a2c-37d8-4ba8-a781-4d983d613a7d, Key:228dc89d-445f-483c-8e20-3b2171dc8347
KEY_UNDER_LEASE_SOFT_LIMIT_PERIOD org.apache.hadoop.ozone.om.exceptions.OMException: Open Key 228dc89d-445f-483c-8e20-3b2171dc8347 updated recently and is inside soft limit period
	at org.apache.hadoop.ozone.om.request.file.OMRecoverLeaseRequest.doWork(OMRecoverLeaseRequest.java:228)
	at org.apache.hadoop.ozone.om.request.file.OMRecoverLeaseRequest.validateAndUpdateCache(OMRecoverLeaseRequest.java:150)
	at org.apache.hadoop.ozone.protocolPB.OzoneManagerRequestHandler.lambda$0(OzoneManagerRequestHandler.java:418)
	at org.apache.hadoop.ozone.util.MetricUtil.captureLatencyNs(MetricUtil.java:45)
	at org.apache.hadoop.ozone.protocolPB.OzoneManagerRequestHandler.handleWriteRequestImpl(OzoneManagerRequestHandler.java:416)
	at org.apache.hadoop.ozone.protocolPB.RequestHandler.handleWriteRequest(RequestHandler.java:62)
	at org.apache.hadoop.ozone.om.ratis.OzoneManagerStateMachine.runCommand(OzoneManagerStateMachine.java:599)
	at org.apache.hadoop.ozone.om.ratis.OzoneManagerStateMachine.lambda$3(OzoneManagerStateMachine.java:415)
	at java.base/java.util.concurrent.CompletableFuture$AsyncSupply.run(CompletableFuture.java:1768)
	at java.base/java.util.concurrent.ThreadPoolExecutor.runWorker(ThreadPoolExecutor.java:1144)
	at java.base/java.util.concurrent.ThreadPoolExecutor$Worker.run(ThreadPoolExecutor.java:642)
	at java.base/java.lang.Thread.run(Thread.java:1583)
2025-10-16 19:48:56,222 | ERROR | OMAudit | user=runner | ip=127.0.0.1 | op=RECOVER_LEASE {"volume":"6cada7c2-7fee-4bcd-94b9-9b2e0d680a20","bucket":"6f0d1a2c-37d8-4ba8-a781-4d983d613a7d","key":"228dc89d-445f-483c-8e20-3b2171dc8347","Transaction":"717"} | ret=FAILURE | 
org.apache.hadoop.ozone.om.exceptions.OMException: Open Key 228dc89d-445f-483c-8e20-3b2171dc8347 updated recently and is inside soft limit period
	at org.apache.hadoop.ozone.om.request.file.OMRecoverLeaseRequest.doWork(OMRecoverLeaseRequest.java:228)
	at org.apache.hadoop.ozone.om.request.file.OMRecoverLeaseRequest.validateAndUpdateCache(OMRecoverLeaseRequest.java:150)
 
2025-10-16 19:48:56,231 | INFO  | OMAudit | user=runner | ip=127.0.0.1 | op=COMMIT_KEY {"volume":"6cada7c2-7fee-4bcd-94b9-9b2e0d680a20","bucket":"6f0d1a2c-37d8-4ba8-a781-4d983d613a7d","key":"228dc89d-445f-483c-8e20-3b2171dc8347","dataSize":"12","replicationType":"RATIS","replicationFactor":"THREE","Transaction":"718"} | ret=SUCCESS |  
]]></system-out>
  </testcase>
  <testcase name="testFileRecovery(boolean)[2]" classname="org.apache.hadoop.ozone.client.rpc.TestSecureOzoneRpcClient" time="0.094">
    <system-out><![CDATA[2025-10-16 19:48:56,234 [ForkJoinPool-1-worker-1] INFO  rpc.RpcClient (RpcClient.java:createVolume(461)) - Creating Volume: 2beef941-2f0a-4825-a33f-8ec9beb7ebe2, with runner as owner and space quota set to -1 bytes, counts quota set to -1
2025-10-16 19:48:56,236 [om1-OMStateMachineApplyTransactionThread - 0] INFO  volume.OMVolumeCreateRequest (OMVolumeCreateRequest.java:validateAndUpdateCache(213)) - created volume:2beef941-2f0a-4825-a33f-8ec9beb7ebe2 for user:runner
2025-10-16 19:48:56,236 | INFO  | OMAudit | user=runner | ip=127.0.0.1 | op=CREATE_VOLUME {"admin":"runner","owner":"runner","volume":"2beef941-2f0a-4825-a33f-8ec9beb7ebe2","creationTime":"1760644136235","modificationTime":"1760644136235","quotaInBytes":"-1","quotaInNamespace":"-1","usedNamespace":"0","objectID":"-9223372036854591744","updateID":"719","Transaction":"719"} | ret=SUCCESS |  
2025-10-16 19:48:56,237 | INFO  | OMAudit | user=runner | ip=127.0.0.1 | op=READ_VOLUME {"volume":"2beef941-2f0a-4825-a33f-8ec9beb7ebe2"} | ret=SUCCESS |  
2025-10-16 19:48:56,237 [ForkJoinPool-1-worker-1] INFO  rpc.RpcClient (RpcClient.java:createBucket(686)) - Creating Bucket: 2beef941-2f0a-4825-a33f-8ec9beb7ebe2/9f40ccdf-b252-490a-a7f7-c41e3b764081, with bucket layout FILE_SYSTEM_OPTIMIZED, runner as owner, Versioning false, Storage Type set to DISK and Encryption set to false, Replication Type set to server-side default replication type, Namespace Quota set to -1, Space Quota set to -1 
2025-10-16 19:48:56,238 [om1-OMStateMachineApplyTransactionThread - 0] INFO  bucket.OMBucketCreateRequest (OMBucketCreateRequest.java:validateAndUpdateCache(303)) - created bucket: 9f40ccdf-b252-490a-a7f7-c41e3b764081 of layout FILE_SYSTEM_OPTIMIZED in volume: 2beef941-2f0a-4825-a33f-8ec9beb7ebe2
2025-10-16 19:48:56,239 | INFO  | OMAudit | user=runner | ip=127.0.0.1 | op=CREATE_BUCKET {"volume":"2beef941-2f0a-4825-a33f-8ec9beb7ebe2","bucket":"9f40ccdf-b252-490a-a7f7-c41e3b764081","bucketLayout":"FILE_SYSTEM_OPTIMIZED","gdprEnabled":null,"acls":"[user:runner:a[ACCESS], group:runner:rl[ACCESS]]","isVersionEnabled":"false","storageType":"DISK","creationTime":"1760644136238","bucketEncryptionKey":null,"modificationTime":"1760644136238","usedBytes":"0","usedNamespace":"0","snapshotUsedBytes":"0","snapshotUsedNamespace":"0","owner":"runner","replicationType":null,"replicationConfig":null,"quotaInBytes":"-1","quotaInNamespace":"-1","Transaction":"720"} | ret=SUCCESS |  
2025-10-16 19:48:56,239 | INFO  | OMAudit | user=runner | ip=127.0.0.1 | op=READ_BUCKET {"volume":"2beef941-2f0a-4825-a33f-8ec9beb7ebe2","bucket":"9f40ccdf-b252-490a-a7f7-c41e3b764081"} | ret=SUCCESS |  
2025-10-16 19:48:56,243 | INFO  | OMAudit | user=runner | ip=127.0.0.1 | op=GET_SERVICE_LIST {} | ret=SUCCESS |  
2025-10-16 19:48:56,244 | INFO  | OMAudit | user=runner | ip=127.0.0.1 | op=READ_BUCKET {"volume":"2beef941-2f0a-4825-a33f-8ec9beb7ebe2","bucket":"9f40ccdf-b252-490a-a7f7-c41e3b764081"} | ret=SUCCESS |  
2025-10-16 19:48:56,245 | INFO  | SCMAudit | user=runner | ip=127.0.0.1 | op=ALLOCATE_BLOCK {"replication":"RATIS/THREE","owner":"omServiceIdDefault","size":"4194304","sampleBlocks":"[conID: 20 locID: 115816896921600203]","num":"1","client":"","allocated":"1"} | ret=SUCCESS |  
2025-10-16 19:48:56,247 | INFO  | OMAudit | user=runner | ip=127.0.0.1 | op=ALLOCATE_KEY {"volume":"2beef941-2f0a-4825-a33f-8ec9beb7ebe2","bucket":"9f40ccdf-b252-490a-a7f7-c41e3b764081","key":"8b65f2d0-9a62-4227-8940-1e5f3931ee95","dataSize":"12","replicationType":"RATIS","replicationFactor":"THREE","Transaction":"721"} | ret=SUCCESS |  
2025-10-16 19:48:56,264 | INFO  | OMAudit | user=runner | ip=127.0.0.1 | op=READ_BUCKET {"volume":"2beef941-2f0a-4825-a33f-8ec9beb7ebe2","bucket":"9f40ccdf-b252-490a-a7f7-c41e3b764081"} | ret=SUCCESS |  
2025-10-16 19:48:56,268 | INFO  | SCMAudit | user=runner | ip=127.0.0.1 | op=GET_CONTAINER_WITH_PIPELINE {"containerID":"#20"} | ret=SUCCESS |  
2025-10-16 19:48:56,270 | INFO  | SCMAudit | user=runner | ip=127.0.0.1 | op=GET_CONTAINER_WITH_PIPELINE {"containerID":"#20"} | ret=SUCCESS |  
2025-10-16 19:48:56,272 | INFO  | OMAudit | user=runner | ip=127.0.0.1 | op=RECOVER_LEASE {"volume":"2beef941-2f0a-4825-a33f-8ec9beb7ebe2","bucket":"9f40ccdf-b252-490a-a7f7-c41e3b764081","key":"8b65f2d0-9a62-4227-8940-1e5f3931ee95","Transaction":"723"} | ret=SUCCESS |  
2025-10-16 19:48:56,283 [702cb173-5c73-4ecc-b5cd-c7b4a6b66aea-ContainerOp-36270c74-4c8b-4dac-af71-cdbac21eb987-0] INFO  keyvalue.KeyValueHandler (KeyValueHandler.java:handleFinalizeBlock(714)) - Finalized Block request received conID: 20 locID: 115816896921600203 bcsId: 0 replicaIndex: null 
2025-10-16 19:48:56,284 [0e8b6cc7-9945-4141-97fc-6aa017a0d5fa-ContainerOp-36270c74-4c8b-4dac-af71-cdbac21eb987-0] INFO  keyvalue.KeyValueHandler (KeyValueHandler.java:handleFinalizeBlock(714)) - Finalized Block request received conID: 20 locID: 115816896921600203 bcsId: 0 replicaIndex: null 
2025-10-16 19:48:56,285 [702cb173-5c73-4ecc-b5cd-c7b4a6b66aea-ContainerOp-36270c74-4c8b-4dac-af71-cdbac21eb987-0] INFO  keyvalue.KeyValueHandler (KeyValueHandler.java:handleFinalizeBlock(724)) - Block has been finalized conID: 20 locID: 115816896921600203 bcsId: 0 replicaIndex: null 
2025-10-16 19:48:56,285 [0e8b6cc7-9945-4141-97fc-6aa017a0d5fa-ContainerOp-36270c74-4c8b-4dac-af71-cdbac21eb987-0] INFO  keyvalue.KeyValueHandler (KeyValueHandler.java:handleFinalizeBlock(724)) - Block has been finalized conID: 20 locID: 115816896921600203 bcsId: 0 replicaIndex: null 
2025-10-16 19:48:56,285 [e33e6ec4-6b66-4281-bedd-2bd75bd30070-ContainerOp-36270c74-4c8b-4dac-af71-cdbac21eb987-0] INFO  keyvalue.KeyValueHandler (KeyValueHandler.java:handleFinalizeBlock(714)) - Finalized Block request received conID: 20 locID: 115816896921600203 bcsId: 0 replicaIndex: null 
2025-10-16 19:48:56,286 [e33e6ec4-6b66-4281-bedd-2bd75bd30070-ContainerOp-36270c74-4c8b-4dac-af71-cdbac21eb987-0] INFO  keyvalue.KeyValueHandler (KeyValueHandler.java:handleFinalizeBlock(724)) - Block has been finalized conID: 20 locID: 115816896921600203 bcsId: 0 replicaIndex: null 
2025-10-16 19:48:56,291 | INFO  | OMAudit | user=runner | ip=127.0.0.1 | op=COMMIT_KEY {"volume":"2beef941-2f0a-4825-a33f-8ec9beb7ebe2","bucket":"9f40ccdf-b252-490a-a7f7-c41e3b764081","key":"8b65f2d0-9a62-4227-8940-1e5f3931ee95","dataSize":"12","replicationType":"RATIS","replicationFactor":"THREE","Transaction":"724"} | ret=SUCCESS |  
2025-10-16 19:48:56,308 | INFO  | SCMAudit | user=runner | ip=127.0.0.1 | op=SEND_HEARTBEAT {"datanodeUUID":"76d4ba71-5bbb-4b24-8f51-8bc7f78aaca4","term":"2","command":"[]"} | ret=SUCCESS |  
2025-10-16 19:48:56,311 | INFO  | SCMAudit | user=runner | ip=127.0.0.1 | op=SEND_HEARTBEAT {"datanodeUUID":"764b18f0-81c5-439a-9fff-25adc4f241fa","term":"2","command":"[]"} | ret=SUCCESS |  
2025-10-16 19:48:56,319 [grpc-default-executor-6] ERROR impl.OrderedAsync (OrderedAsync.java:lambda$send$4(181)) - Failed to send request, message=cmdType: PutBlock traceID: "" containerID: 20 datanodeUuid: "0e8b6cc7-9945-4141-97fc-6aa017a0d5fa" putBlock { blockData { blockID { containerID: 20 localID: 115816896921600203 blockCommitSequenceId: 0 } metadata { key: "TYPE" value: "KEY" } chunks { chunkName: "115816896921600203_chunk_1" offset: 0 len: 12 } } eof: true } encodedToken: "VAoGcnVubmVyEiNjb25JRDogMjAgbG9jSUQ6IDExNTgxNjg5NjkyMTYwMDIwMxi2st-dnzMoASgCMICAgAI6FQiTnIWAlZbGkkIQ4aOs9Mn9iaiMASBWF1HMkaqdILWjRFHphFtj4LdhD_rK90T4d3wVt7M9OBBIRERTX0JMT0NLX1RPS0VOKWNvbklEOiAyMCBsb2NJRDogMTE1ODE2ODk2OTIxNjAwMjAzAAAAAAAA" version: 3, data.size=0
java.util.concurrent.CompletionException: org.apache.ratis.protocol.exceptions.StateMachineException: org.apache.hadoop.hdds.scm.container.common.helpers.StorageContainerException: Block already finalized
	at org.apache.ratis.client.impl.RaftClientImpl.handleRaftException(RaftClientImpl.java:373)
	at org.apache.ratis.client.impl.OrderedAsync.lambda$send$3(OrderedAsync.java:175)
	at java.base/java.util.concurrent.CompletableFuture$UniApply.tryFire(CompletableFuture.java:646)
	at java.base/java.util.concurrent.CompletableFuture.postComplete(CompletableFuture.java:510)
	at java.base/java.util.concurrent.CompletableFuture.complete(CompletableFuture.java:2179)
	at org.apache.ratis.client.impl.OrderedAsync$PendingOrderedRequest.setReply(OrderedAsync.java:105)
	at org.apache.ratis.client.impl.OrderedAsync$PendingOrderedRequest.setReply(OrderedAsync.java:66)
	at org.apache.ratis.util.SlidingWindow$RequestMap.setReply(SlidingWindow.java:147)
	at org.apache.ratis.util.SlidingWindow$Client.receiveReply(SlidingWindow.java:351)
	at org.apache.ratis.client.impl.OrderedAsync.lambda$sendRequestWithRetry$5(OrderedAsync.java:210)
	at java.base/java.util.concurrent.CompletableFuture$UniAccept.tryFire(CompletableFuture.java:718)
	at java.base/java.util.concurrent.CompletableFuture.postComplete(CompletableFuture.java:510)
	at java.base/java.util.concurrent.CompletableFuture.complete(CompletableFuture.java:2179)
	at org.apache.ratis.grpc.client.GrpcClientProtocolClient$AsyncStreamObservers$1.lambda$onNext$0(GrpcClientProtocolClient.java:325)
	at java.base/java.util.Optional.ifPresent(Optional.java:178)
	at org.apache.ratis.grpc.client.GrpcClientProtocolClient$AsyncStreamObservers.handleReplyFuture(GrpcClientProtocolClient.java:381)
	at org.apache.ratis.grpc.client.GrpcClientProtocolClient$AsyncStreamObservers.access$100(GrpcClientProtocolClient.java:303)
	at org.apache.ratis.grpc.client.GrpcClientProtocolClient$AsyncStreamObservers$1.onNext(GrpcClientProtocolClient.java:325)
	at org.apache.ratis.grpc.client.GrpcClientProtocolClient$AsyncStreamObservers$1.onNext(GrpcClientProtocolClient.java:308)
	at org.apache.ratis.thirdparty.io.grpc.stub.ClientCalls$StreamObserverToCallListenerAdapter.onMessage(ClientCalls.java:551)
	at org.apache.ratis.thirdparty.io.grpc.ForwardingClientCallListener.onMessage(ForwardingClientCallListener.java:33)
	at org.apache.ratis.thirdparty.io.grpc.internal.ClientCallImpl$ClientStreamListenerImpl$1MessagesAvailable.runInternal(ClientCallImpl.java:661)
	at org.apache.ratis.thirdparty.io.grpc.internal.ClientCallImpl$ClientStreamListenerImpl$1MessagesAvailable.runInContext(ClientCallImpl.java:648)
	at org.apache.ratis.thirdparty.io.grpc.internal.ContextRunnable.run(ContextRunnable.java:37)
	at org.apache.ratis.thirdparty.io.grpc.internal.SerializingExecutor.run(SerializingExecutor.java:133)
	at java.base/java.util.concurrent.ThreadPoolExecutor.runWorker(ThreadPoolExecutor.java:1144)
	at java.base/java.util.concurrent.ThreadPoolExecutor$Worker.run(ThreadPoolExecutor.java:642)
	at java.base/java.lang.Thread.run(Thread.java:1583)
Caused by: org.apache.ratis.protocol.exceptions.StateMachineException: org.apache.hadoop.hdds.scm.container.common.helpers.StorageContainerException: Block already finalized
	at org.apache.hadoop.ozone.container.common.transport.server.ratis.ContainerStateMachine.startTransaction(ContainerStateMachine.java:526)
	at org.apache.ratis.server.impl.RaftServerImpl.writeAsyncImpl(RaftServerImpl.java:987)
	at org.apache.ratis.server.impl.RaftServerImpl.writeAsync(RaftServerImpl.java:960)
	at org.apache.ratis.server.impl.RaftServerImpl.replyFuture(RaftServerImpl.java:953)
	at org.apache.ratis.server.impl.RaftServerImpl.submitClientRequestAsync(RaftServerImpl.java:930)
	at org.apache.ratis.server.impl.RaftServerImpl.lambda$null$11(RaftServerImpl.java:919)
	at org.apache.ratis.util.JavaUtils.callAsUnchecked(JavaUtils.java:118)
	at org.apache.ratis.server.impl.RaftServerImpl.lambda$executeSubmitClientRequestAsync$12(RaftServerImpl.java:919)
	at java.base/java.util.concurrent.CompletableFuture$AsyncSupply.run(CompletableFuture.java:1768)
	... 3 more
2025-10-16 19:48:56,321 [ForkJoinPool-1-worker-1] WARN  io.KeyOutputStream (KeyOutputStream.java:handleExceptionInternal(377)) - Encountered exception java.io.IOException: Unexpected Storage Container Exception: java.util.concurrent.CompletionException: java.util.concurrent.CompletionException: org.apache.ratis.protocol.exceptions.StateMachineException: org.apache.hadoop.hdds.scm.container.common.helpers.StorageContainerException: Block already finalized on the pipeline Pipeline{ Id: 36270c74-4c8b-4dac-af71-cdbac21eb987, Nodes: [ {0e8b6cc7-9945-4141-97fc-6aa017a0d5fa(localhost/127.0.0.1), ReplicaIndex: 0}, {702cb173-5c73-4ecc-b5cd-c7b4a6b66aea(localhost/127.0.0.1), ReplicaIndex: 0}, {e33e6ec4-6b66-4281-bedd-2bd75bd30070(localhost/127.0.0.1), ReplicaIndex: 0},], ReplicationConfig: RATIS/THREE, State:OPEN, leaderId:702cb173-5c73-4ecc-b5cd-c7b4a6b66aea, CreationTimestamp2025-10-16T19:47:27.038Z[Etc/UTC]}. The last committed block length is 12, uncommitted data length is 0 retry count 0
2025-10-16 19:48:56,321 [ForkJoinPool-1-worker-1] INFO  io.BlockOutputStreamEntry (BlockOutputStreamEntry.java:finishRetryHandling(141)) - BlockOutputStreamEntry:8b65f2d0-9a62-4227-8940-1e5f3931ee95 conID: 20 locID: 115816896921600203 bcsId: 17 replicaIndex: null: Exiting retry handling mode
2025-10-16 19:48:56,324 [om1-OMStateMachineApplyTransactionThread - 0] ERROR key.OMKeyCommitRequest (OMKeyCommitRequest.java:processResult(486)) - Key committed failed. Volume:2beef941-2f0a-4825-a33f-8ec9beb7ebe2, Bucket:9f40ccdf-b252-490a-a7f7-c41e3b764081, Key:8b65f2d0-9a62-4227-8940-1e5f3931ee95. Exception:{}
KEY_NOT_FOUND org.apache.hadoop.ozone.om.exceptions.OMException: Failed to commit key, as /-9223372036854591744/-9223372036854591488/-9223372036854591488/8b65f2d0-9a62-4227-8940-1e5f3931ee95/115385574113018025 entry is not found in the OpenKey table
	at org.apache.hadoop.ozone.om.request.key.OMKeyCommitRequestWithFSO.validateAndUpdateCache(OMKeyCommitRequestWithFSO.java:181)
	at org.apache.hadoop.ozone.protocolPB.OzoneManagerRequestHandler.lambda$0(OzoneManagerRequestHandler.java:418)
	at org.apache.hadoop.ozone.util.MetricUtil.captureLatencyNs(MetricUtil.java:45)
	at org.apache.hadoop.ozone.protocolPB.OzoneManagerRequestHandler.handleWriteRequestImpl(OzoneManagerRequestHandler.java:416)
	at org.apache.hadoop.ozone.protocolPB.RequestHandler.handleWriteRequest(RequestHandler.java:62)
	at org.apache.hadoop.ozone.om.ratis.OzoneManagerStateMachine.runCommand(OzoneManagerStateMachine.java:599)
	at org.apache.hadoop.ozone.om.ratis.OzoneManagerStateMachine.lambda$3(OzoneManagerStateMachine.java:415)
	at java.base/java.util.concurrent.CompletableFuture$AsyncSupply.run(CompletableFuture.java:1768)
	at java.base/java.util.concurrent.ThreadPoolExecutor.runWorker(ThreadPoolExecutor.java:1144)
	at java.base/java.util.concurrent.ThreadPoolExecutor$Worker.run(ThreadPoolExecutor.java:642)
	at java.base/java.lang.Thread.run(Thread.java:1583)
2025-10-16 19:48:56,324 | ERROR | OMAudit | user=runner | ip=127.0.0.1 | op=COMMIT_KEY {"volume":"2beef941-2f0a-4825-a33f-8ec9beb7ebe2","bucket":"9f40ccdf-b252-490a-a7f7-c41e3b764081","key":"8b65f2d0-9a62-4227-8940-1e5f3931ee95","dataSize":"12","replicationType":"RATIS","replicationFactor":"THREE","Transaction":"725"} | ret=FAILURE | 
org.apache.hadoop.ozone.om.exceptions.OMException: Failed to commit key, as /-9223372036854591744/-9223372036854591488/-9223372036854591488/8b65f2d0-9a62-4227-8940-1e5f3931ee95/115385574113018025 entry is not found in the OpenKey table
	at org.apache.hadoop.ozone.om.request.key.OMKeyCommitRequestWithFSO.validateAndUpdateCache(OMKeyCommitRequestWithFSO.java:181)
	at org.apache.hadoop.ozone.protocolPB.OzoneManagerRequestHandler.lambda$0(OzoneManagerRequestHandler.java:418)
 
]]></system-out>
  </testcase>
  <testcase name="testGetKeyAndFileWithNetworkTopology" classname="org.apache.hadoop.ozone.client.rpc.TestSecureOzoneRpcClient" time="0.059">
    <system-out><![CDATA[2025-10-16 19:48:56,328 [ForkJoinPool-1-worker-1] INFO  rpc.RpcClient (RpcClient.java:createVolume(461)) - Creating Volume: 2b6c5693-c7a7-49cc-8a50-0de150af3b3a, with runner as owner and space quota set to -1 bytes, counts quota set to -1
2025-10-16 19:48:56,330 [om1-OMStateMachineApplyTransactionThread - 0] INFO  volume.OMVolumeCreateRequest (OMVolumeCreateRequest.java:validateAndUpdateCache(213)) - created volume:2b6c5693-c7a7-49cc-8a50-0de150af3b3a for user:runner
2025-10-16 19:48:56,330 | INFO  | OMAudit | user=runner | ip=127.0.0.1 | op=CREATE_VOLUME {"admin":"runner","owner":"runner","volume":"2b6c5693-c7a7-49cc-8a50-0de150af3b3a","creationTime":"1760644136329","modificationTime":"1760644136329","quotaInBytes":"-1","quotaInNamespace":"-1","usedNamespace":"0","objectID":"-9223372036854589952","updateID":"726","Transaction":"726"} | ret=SUCCESS |  
2025-10-16 19:48:56,331 | INFO  | OMAudit | user=runner | ip=127.0.0.1 | op=READ_VOLUME {"volume":"2b6c5693-c7a7-49cc-8a50-0de150af3b3a"} | ret=SUCCESS |  
2025-10-16 19:48:56,332 [ForkJoinPool-1-worker-1] INFO  rpc.RpcClient (RpcClient.java:createBucket(686)) - Creating Bucket: 2b6c5693-c7a7-49cc-8a50-0de150af3b3a/d8d2e056-4dfd-4440-ad1a-e7de74beb1f3, with server-side default bucket layout, runner as owner, Versioning false, Storage Type set to DISK and Encryption set to false, Replication Type set to server-side default replication type, Namespace Quota set to -1, Space Quota set to -1 
2025-10-16 19:48:56,334 [om1-OMStateMachineApplyTransactionThread - 0] INFO  bucket.OMBucketCreateRequest (OMBucketCreateRequest.java:validateAndUpdateCache(303)) - created bucket: d8d2e056-4dfd-4440-ad1a-e7de74beb1f3 of layout FILE_SYSTEM_OPTIMIZED in volume: 2b6c5693-c7a7-49cc-8a50-0de150af3b3a
2025-10-16 19:48:56,334 | INFO  | OMAudit | user=runner | ip=127.0.0.1 | op=CREATE_BUCKET {"volume":"2b6c5693-c7a7-49cc-8a50-0de150af3b3a","bucket":"d8d2e056-4dfd-4440-ad1a-e7de74beb1f3","bucketLayout":"FILE_SYSTEM_OPTIMIZED","gdprEnabled":null,"acls":"[user:runner:a[ACCESS], group:runner:rl[ACCESS]]","isVersionEnabled":"false","storageType":"DISK","creationTime":"1760644136333","bucketEncryptionKey":null,"modificationTime":"1760644136333","usedBytes":"0","usedNamespace":"0","snapshotUsedBytes":"0","snapshotUsedNamespace":"0","owner":"runner","replicationType":null,"replicationConfig":null,"quotaInBytes":"-1","quotaInNamespace":"-1","Transaction":"727"} | ret=SUCCESS |  
2025-10-16 19:48:56,335 | INFO  | OMAudit | user=runner | ip=127.0.0.1 | op=READ_BUCKET {"volume":"2b6c5693-c7a7-49cc-8a50-0de150af3b3a","bucket":"d8d2e056-4dfd-4440-ad1a-e7de74beb1f3"} | ret=SUCCESS |  
2025-10-16 19:48:56,336 | INFO  | OMAudit | user=runner | ip=127.0.0.1 | op=READ_BUCKET {"volume":"2b6c5693-c7a7-49cc-8a50-0de150af3b3a","bucket":"d8d2e056-4dfd-4440-ad1a-e7de74beb1f3"} | ret=SUCCESS |  
2025-10-16 19:48:56,337 | INFO  | SCMAudit | user=runner | ip=127.0.0.1 | op=ALLOCATE_BLOCK {"replication":"RATIS/THREE","owner":"omServiceIdDefault","size":"4194304","sampleBlocks":"[conID: 20 locID: 115816896921600204]","num":"1","client":"","allocated":"1"} | ret=SUCCESS |  
2025-10-16 19:48:56,339 | INFO  | OMAudit | user=runner | ip=127.0.0.1 | op=ALLOCATE_KEY {"volume":"2b6c5693-c7a7-49cc-8a50-0de150af3b3a","bucket":"d8d2e056-4dfd-4440-ad1a-e7de74beb1f3","key":"ae707055-cb6a-43b1-aebe-2bd09ac4355f","dataSize":"12","replicationType":"RATIS","replicationFactor":"THREE","Transaction":"728"} | ret=SUCCESS |  
2025-10-16 19:48:56,349 | INFO  | OMAudit | user=runner | ip=127.0.0.1 | op=COMMIT_KEY {"volume":"2b6c5693-c7a7-49cc-8a50-0de150af3b3a","bucket":"d8d2e056-4dfd-4440-ad1a-e7de74beb1f3","key":"ae707055-cb6a-43b1-aebe-2bd09ac4355f","dataSize":"12","replicationType":"RATIS","replicationFactor":"THREE","Transaction":"729"} | ret=SUCCESS |  
2025-10-16 19:48:56,351 | INFO  | SCMAudit | user=runner | ip=127.0.0.1 | op=GET_CONTAINER_WITH_PIPELINE_BATCH {"containerIDs":"#20,"} | ret=SUCCESS |  
2025-10-16 19:48:56,352 | INFO  | OMAudit | user=runner | ip=127.0.0.1 | op=READ_KEY {"volume":"2b6c5693-c7a7-49cc-8a50-0de150af3b3a","bucket":"d8d2e056-4dfd-4440-ad1a-e7de74beb1f3","key":"ae707055-cb6a-43b1-aebe-2bd09ac4355f","owner":null,"dataSize":"0","replicationConfig":null} | ret=SUCCESS |  
2025-10-16 19:48:56,362 | INFO  | OMAudit | user=runner | ip=127.0.0.1 | op=READ_KEY {"volume":"2b6c5693-c7a7-49cc-8a50-0de150af3b3a","bucket":"d8d2e056-4dfd-4440-ad1a-e7de74beb1f3","key":"ae707055-cb6a-43b1-aebe-2bd09ac4355f","owner":null,"dataSize":"0","replicationConfig":null} | ret=SUCCESS |  
2025-10-16 19:48:56,370 | INFO  | OMAudit | user=runner | ip=127.0.0.1 | op=GET_SERVICE_LIST {} | ret=SUCCESS |  
2025-10-16 19:48:56,372 | INFO  | OMAudit | user=runner | ip=127.0.0.1 | op=READ_VOLUME {"volume":"2b6c5693-c7a7-49cc-8a50-0de150af3b3a"} | ret=SUCCESS |  
2025-10-16 19:48:56,372 | INFO  | OMAudit | user=runner | ip=127.0.0.1 | op=READ_BUCKET {"volume":"2b6c5693-c7a7-49cc-8a50-0de150af3b3a","bucket":"d8d2e056-4dfd-4440-ad1a-e7de74beb1f3"} | ret=SUCCESS |  
2025-10-16 19:48:56,374 | INFO  | OMAudit | user=runner | ip=127.0.0.1 | op=READ_KEY {"volume":"2b6c5693-c7a7-49cc-8a50-0de150af3b3a","bucket":"d8d2e056-4dfd-4440-ad1a-e7de74beb1f3","key":"ae707055-cb6a-43b1-aebe-2bd09ac4355f","owner":null,"dataSize":"0","replicationConfig":null} | ret=SUCCESS |  
2025-10-16 19:48:56,382 | INFO  | OMAudit | user=runner | ip=127.0.0.1 | op=READ_KEY {"volume":"2b6c5693-c7a7-49cc-8a50-0de150af3b3a","bucket":"d8d2e056-4dfd-4440-ad1a-e7de74beb1f3","key":"ae707055-cb6a-43b1-aebe-2bd09ac4355f","owner":null,"dataSize":"0","replicationConfig":null} | ret=SUCCESS |  
]]></system-out>
  </testcase>
  <testcase name="testGetKeyDetails" classname="org.apache.hadoop.ozone.client.rpc.TestSecureOzoneRpcClient" time="0.047">
    <system-out><![CDATA[2025-10-16 19:48:56,388 [ForkJoinPool-1-worker-1] INFO  rpc.RpcClient (RpcClient.java:createVolume(461)) - Creating Volume: 7efb8ec6-84c2-424b-af95-4b9351c3f05a, with runner as owner and space quota set to -1 bytes, counts quota set to -1
2025-10-16 19:48:56,390 [om1-OMStateMachineApplyTransactionThread - 0] INFO  volume.OMVolumeCreateRequest (OMVolumeCreateRequest.java:validateAndUpdateCache(213)) - created volume:7efb8ec6-84c2-424b-af95-4b9351c3f05a for user:runner
2025-10-16 19:48:56,390 | INFO  | OMAudit | user=runner | ip=127.0.0.1 | op=CREATE_VOLUME {"admin":"runner","owner":"runner","volume":"7efb8ec6-84c2-424b-af95-4b9351c3f05a","creationTime":"1760644136389","modificationTime":"1760644136389","quotaInBytes":"-1","quotaInNamespace":"-1","usedNamespace":"0","objectID":"-9223372036854588928","updateID":"730","Transaction":"730"} | ret=SUCCESS |  
2025-10-16 19:48:56,392 | INFO  | OMAudit | user=runner | ip=127.0.0.1 | op=READ_VOLUME {"volume":"7efb8ec6-84c2-424b-af95-4b9351c3f05a"} | ret=SUCCESS |  
2025-10-16 19:48:56,393 [ForkJoinPool-1-worker-1] INFO  rpc.RpcClient (RpcClient.java:createBucket(686)) - Creating Bucket: 7efb8ec6-84c2-424b-af95-4b9351c3f05a/ee31e6a9-e6ee-4990-8f8b-2c9424e1c259, with server-side default bucket layout, runner as owner, Versioning false, Storage Type set to DISK and Encryption set to false, Replication Type set to server-side default replication type, Namespace Quota set to -1, Space Quota set to -1 
2025-10-16 19:48:56,395 [om1-OMStateMachineApplyTransactionThread - 0] INFO  bucket.OMBucketCreateRequest (OMBucketCreateRequest.java:validateAndUpdateCache(303)) - created bucket: ee31e6a9-e6ee-4990-8f8b-2c9424e1c259 of layout FILE_SYSTEM_OPTIMIZED in volume: 7efb8ec6-84c2-424b-af95-4b9351c3f05a
2025-10-16 19:48:56,396 | INFO  | OMAudit | user=runner | ip=127.0.0.1 | op=CREATE_BUCKET {"volume":"7efb8ec6-84c2-424b-af95-4b9351c3f05a","bucket":"ee31e6a9-e6ee-4990-8f8b-2c9424e1c259","bucketLayout":"FILE_SYSTEM_OPTIMIZED","gdprEnabled":null,"acls":"[user:runner:a[ACCESS], group:runner:rl[ACCESS]]","isVersionEnabled":"false","storageType":"DISK","creationTime":"1760644136394","bucketEncryptionKey":null,"modificationTime":"1760644136394","usedBytes":"0","usedNamespace":"0","snapshotUsedBytes":"0","snapshotUsedNamespace":"0","owner":"runner","replicationType":null,"replicationConfig":null,"quotaInBytes":"-1","quotaInNamespace":"-1","Transaction":"731"} | ret=SUCCESS |  
2025-10-16 19:48:56,397 | INFO  | OMAudit | user=runner | ip=127.0.0.1 | op=READ_BUCKET {"volume":"7efb8ec6-84c2-424b-af95-4b9351c3f05a","bucket":"ee31e6a9-e6ee-4990-8f8b-2c9424e1c259"} | ret=SUCCESS |  
2025-10-16 19:48:56,401 | INFO  | OMAudit | user=runner | ip=127.0.0.1 | op=READ_BUCKET {"volume":"7efb8ec6-84c2-424b-af95-4b9351c3f05a","bucket":"ee31e6a9-e6ee-4990-8f8b-2c9424e1c259"} | ret=SUCCESS |  
2025-10-16 19:48:56,402 | INFO  | SCMAudit | user=runner | ip=127.0.0.1 | op=ALLOCATE_BLOCK {"replication":"RATIS/ONE","owner":"omServiceIdDefault","size":"4194304","sampleBlocks":"[conID: 27 locID: 115816896921600205]","num":"1","client":"","allocated":"1"} | ret=SUCCESS |  
2025-10-16 19:48:56,404 | INFO  | OMAudit | user=runner | ip=127.0.0.1 | op=ALLOCATE_KEY {"volume":"7efb8ec6-84c2-424b-af95-4b9351c3f05a","bucket":"ee31e6a9-e6ee-4990-8f8b-2c9424e1c259","key":"4505a82c-db59-46eb-9c41-1625908f11c3","dataSize":"276","replicationType":"RATIS","replicationFactor":"ONE","Transaction":"732"} | ret=SUCCESS |  
2025-10-16 19:48:56,417 | INFO  | OMAudit | user=runner | ip=127.0.0.1 | op=COMMIT_KEY {"volume":"7efb8ec6-84c2-424b-af95-4b9351c3f05a","bucket":"ee31e6a9-e6ee-4990-8f8b-2c9424e1c259","key":"4505a82c-db59-46eb-9c41-1625908f11c3","dataSize":"276","replicationType":"RATIS","replicationFactor":"ONE","Transaction":"733"} | ret=SUCCESS |  
2025-10-16 19:48:56,420 | INFO  | SCMAudit | user=runner | ip=127.0.0.1 | op=GET_CONTAINER_WITH_PIPELINE_BATCH {"containerIDs":"#27,"} | ret=SUCCESS |  
2025-10-16 19:48:56,420 | INFO  | OMAudit | user=null | ip= | op=READ_KEY {"volume":"7efb8ec6-84c2-424b-af95-4b9351c3f05a","bucket":"ee31e6a9-e6ee-4990-8f8b-2c9424e1c259","key":"4505a82c-db59-46eb-9c41-1625908f11c3","owner":null,"dataSize":"0","replicationConfig":null} | ret=SUCCESS |  
2025-10-16 19:48:56,422 | INFO  | SCMAudit | user=runner | ip=127.0.0.1 | op=GET_CONTAINER_WITH_PIPELINE_BATCH {"containerIDs":"#27,"} | ret=SUCCESS |  
2025-10-16 19:48:56,422 | INFO  | OMAudit | user=runner | ip=127.0.0.1 | op=READ_KEY {"volume":"7efb8ec6-84c2-424b-af95-4b9351c3f05a","bucket":"ee31e6a9-e6ee-4990-8f8b-2c9424e1c259","key":"4505a82c-db59-46eb-9c41-1625908f11c3","owner":null,"dataSize":"0","replicationConfig":null} | ret=SUCCESS |  
]]></system-out>
  </testcase>
  <testcase name="testGetObjectTagging(BucketLayout)[1]" classname="org.apache.hadoop.ozone.client.rpc.TestSecureOzoneRpcClient" time="0.033">
    <system-out><![CDATA[2025-10-16 19:48:56,441 [ForkJoinPool-1-worker-1] INFO  rpc.RpcClient (RpcClient.java:createVolume(461)) - Creating Volume: ed837549-d4a5-443f-9934-c74b9d5e420b, with runner as owner and space quota set to -1 bytes, counts quota set to -1
2025-10-16 19:48:56,445 [om1-OMStateMachineApplyTransactionThread - 0] INFO  volume.OMVolumeCreateRequest (OMVolumeCreateRequest.java:validateAndUpdateCache(213)) - created volume:ed837549-d4a5-443f-9934-c74b9d5e420b for user:runner
2025-10-16 19:48:56,446 | INFO  | OMAudit | user=runner | ip=127.0.0.1 | op=CREATE_VOLUME {"admin":"runner","owner":"runner","volume":"ed837549-d4a5-443f-9934-c74b9d5e420b","creationTime":"1760644136444","modificationTime":"1760644136444","quotaInBytes":"-1","quotaInNamespace":"-1","usedNamespace":"0","objectID":"-9223372036854587904","updateID":"734","Transaction":"734"} | ret=SUCCESS |  
2025-10-16 19:48:56,448 | INFO  | OMAudit | user=runner | ip=127.0.0.1 | op=READ_VOLUME {"volume":"ed837549-d4a5-443f-9934-c74b9d5e420b"} | ret=SUCCESS |  
2025-10-16 19:48:56,449 [ForkJoinPool-1-worker-1] INFO  rpc.RpcClient (RpcClient.java:createBucket(686)) - Creating Bucket: ed837549-d4a5-443f-9934-c74b9d5e420b/7c16c6f2-847b-4eb7-80d2-ea0e101ececc, with bucket layout OBJECT_STORE, runner as owner, Versioning false, Storage Type set to DISK and Encryption set to false, Replication Type set to server-side default replication type, Namespace Quota set to -1, Space Quota set to -1 
2025-10-16 19:48:56,452 [om1-OMStateMachineApplyTransactionThread - 0] INFO  bucket.OMBucketCreateRequest (OMBucketCreateRequest.java:validateAndUpdateCache(303)) - created bucket: 7c16c6f2-847b-4eb7-80d2-ea0e101ececc of layout OBJECT_STORE in volume: ed837549-d4a5-443f-9934-c74b9d5e420b
2025-10-16 19:48:56,452 | INFO  | OMAudit | user=runner | ip=127.0.0.1 | op=CREATE_BUCKET {"volume":"ed837549-d4a5-443f-9934-c74b9d5e420b","bucket":"7c16c6f2-847b-4eb7-80d2-ea0e101ececc","bucketLayout":"OBJECT_STORE","gdprEnabled":null,"acls":"[user:runner:a[ACCESS], group:runner:rl[ACCESS]]","isVersionEnabled":"false","storageType":"DISK","creationTime":"1760644136451","bucketEncryptionKey":null,"modificationTime":"1760644136451","usedBytes":"0","usedNamespace":"0","snapshotUsedBytes":"0","snapshotUsedNamespace":"0","owner":"runner","replicationType":null,"replicationConfig":null,"quotaInBytes":"-1","quotaInNamespace":"-1","Transaction":"735"} | ret=SUCCESS |  
2025-10-16 19:48:56,453 | INFO  | OMAudit | user=runner | ip=127.0.0.1 | op=READ_BUCKET {"volume":"ed837549-d4a5-443f-9934-c74b9d5e420b","bucket":"7c16c6f2-847b-4eb7-80d2-ea0e101ececc"} | ret=SUCCESS |  
2025-10-16 19:48:56,454 | INFO  | OMAudit | user=runner | ip=127.0.0.1 | op=READ_BUCKET {"volume":"ed837549-d4a5-443f-9934-c74b9d5e420b","bucket":"7c16c6f2-847b-4eb7-80d2-ea0e101ececc"} | ret=SUCCESS |  
2025-10-16 19:48:56,455 | INFO  | SCMAudit | user=runner | ip=127.0.0.1 | op=ALLOCATE_BLOCK {"replication":"RATIS/ONE","owner":"omServiceIdDefault","size":"4194304","sampleBlocks":"[conID: 27 locID: 115816896921600206]","num":"1","client":"","allocated":"1"} | ret=SUCCESS |  
2025-10-16 19:48:56,458 | INFO  | OMAudit | user=runner | ip=127.0.0.1 | op=ALLOCATE_KEY {"volume":"ed837549-d4a5-443f-9934-c74b9d5e420b","bucket":"7c16c6f2-847b-4eb7-80d2-ea0e101ececc","key":"1a7526a5-a630-44d8-93e8-0841cb4e0c03","dataSize":"12","replicationType":"RATIS","replicationFactor":"ONE","Transaction":"736"} | ret=SUCCESS |  
2025-10-16 19:48:56,465 | INFO  | OMAudit | user=runner | ip=127.0.0.1 | op=COMMIT_KEY {"volume":"ed837549-d4a5-443f-9934-c74b9d5e420b","bucket":"7c16c6f2-847b-4eb7-80d2-ea0e101ececc","key":"1a7526a5-a630-44d8-93e8-0841cb4e0c03","dataSize":"12","replicationType":"RATIS","replicationFactor":"ONE","Transaction":"737"} | ret=SUCCESS |  
2025-10-16 19:48:56,467 | INFO  | OMAudit | user=runner | ip=127.0.0.1 | op=READ_KEY {"volume":"ed837549-d4a5-443f-9934-c74b9d5e420b","bucket":"7c16c6f2-847b-4eb7-80d2-ea0e101ececc","key":"1a7526a5-a630-44d8-93e8-0841cb4e0c03","owner":null,"dataSize":"0","replicationConfig":null} | ret=SUCCESS |  
2025-10-16 19:48:56,471 | INFO  | OMAudit | user=runner | ip=127.0.0.1 | op=GET_OBJECT_TAGGING {"volume":"ed837549-d4a5-443f-9934-c74b9d5e420b","bucket":"7c16c6f2-847b-4eb7-80d2-ea0e101ececc","key":"1a7526a5-a630-44d8-93e8-0841cb4e0c03","owner":null,"dataSize":"0","replicationConfig":null} | ret=SUCCESS |  
]]></system-out>
  </testcase>
  <testcase name="testGetObjectTagging(BucketLayout)[2]" classname="org.apache.hadoop.ozone.client.rpc.TestSecureOzoneRpcClient" time="0.021">
    <system-out><![CDATA[2025-10-16 19:48:56,474 [ForkJoinPool-1-worker-1] INFO  rpc.RpcClient (RpcClient.java:createVolume(461)) - Creating Volume: c17992de-d25e-455b-95d2-95be40d85825, with runner as owner and space quota set to -1 bytes, counts quota set to -1
2025-10-16 19:48:56,476 [om1-OMStateMachineApplyTransactionThread - 0] INFO  volume.OMVolumeCreateRequest (OMVolumeCreateRequest.java:validateAndUpdateCache(213)) - created volume:c17992de-d25e-455b-95d2-95be40d85825 for user:runner
2025-10-16 19:48:56,476 | INFO  | OMAudit | user=runner | ip=127.0.0.1 | op=CREATE_VOLUME {"admin":"runner","owner":"runner","volume":"c17992de-d25e-455b-95d2-95be40d85825","creationTime":"1760644136475","modificationTime":"1760644136475","quotaInBytes":"-1","quotaInNamespace":"-1","usedNamespace":"0","objectID":"-9223372036854586880","updateID":"738","Transaction":"738"} | ret=SUCCESS |  
2025-10-16 19:48:56,477 | INFO  | OMAudit | user=runner | ip=127.0.0.1 | op=READ_VOLUME {"volume":"c17992de-d25e-455b-95d2-95be40d85825"} | ret=SUCCESS |  
2025-10-16 19:48:56,478 [ForkJoinPool-1-worker-1] INFO  rpc.RpcClient (RpcClient.java:createBucket(686)) - Creating Bucket: c17992de-d25e-455b-95d2-95be40d85825/d6ba59ed-568b-4f17-9389-0f40d48d453b, with bucket layout LEGACY, runner as owner, Versioning false, Storage Type set to DISK and Encryption set to false, Replication Type set to server-side default replication type, Namespace Quota set to -1, Space Quota set to -1 
2025-10-16 19:48:56,479 [om1-OMStateMachineApplyTransactionThread - 0] INFO  bucket.OMBucketCreateRequest (OMBucketCreateRequest.java:validateAndUpdateCache(303)) - created bucket: d6ba59ed-568b-4f17-9389-0f40d48d453b of layout LEGACY in volume: c17992de-d25e-455b-95d2-95be40d85825
2025-10-16 19:48:56,479 | INFO  | OMAudit | user=runner | ip=127.0.0.1 | op=CREATE_BUCKET {"volume":"c17992de-d25e-455b-95d2-95be40d85825","bucket":"d6ba59ed-568b-4f17-9389-0f40d48d453b","bucketLayout":"LEGACY","gdprEnabled":null,"acls":"[user:runner:a[ACCESS], group:runner:rl[ACCESS]]","isVersionEnabled":"false","storageType":"DISK","creationTime":"1760644136478","bucketEncryptionKey":null,"modificationTime":"1760644136478","usedBytes":"0","usedNamespace":"0","snapshotUsedBytes":"0","snapshotUsedNamespace":"0","owner":"runner","replicationType":null,"replicationConfig":null,"quotaInBytes":"-1","quotaInNamespace":"-1","Transaction":"739"} | ret=SUCCESS |  
2025-10-16 19:48:56,480 | INFO  | OMAudit | user=runner | ip=127.0.0.1 | op=READ_BUCKET {"volume":"c17992de-d25e-455b-95d2-95be40d85825","bucket":"d6ba59ed-568b-4f17-9389-0f40d48d453b"} | ret=SUCCESS |  
2025-10-16 19:48:56,481 | INFO  | OMAudit | user=runner | ip=127.0.0.1 | op=READ_BUCKET {"volume":"c17992de-d25e-455b-95d2-95be40d85825","bucket":"d6ba59ed-568b-4f17-9389-0f40d48d453b"} | ret=SUCCESS |  
2025-10-16 19:48:56,482 | INFO  | SCMAudit | user=runner | ip=127.0.0.1 | op=ALLOCATE_BLOCK {"replication":"RATIS/ONE","owner":"omServiceIdDefault","size":"4194304","sampleBlocks":"[conID: 1 locID: 115816896921600207]","num":"1","client":"","allocated":"1"} | ret=SUCCESS |  
2025-10-16 19:48:56,484 | INFO  | OMAudit | user=runner | ip=127.0.0.1 | op=ALLOCATE_KEY {"volume":"c17992de-d25e-455b-95d2-95be40d85825","bucket":"d6ba59ed-568b-4f17-9389-0f40d48d453b","key":"30046901-daed-4abd-a60d-165b317b50f5","dataSize":"12","replicationType":"RATIS","replicationFactor":"ONE","Transaction":"740"} | ret=SUCCESS |  
2025-10-16 19:48:56,491 | INFO  | OMAudit | user=runner | ip=127.0.0.1 | op=COMMIT_KEY {"volume":"c17992de-d25e-455b-95d2-95be40d85825","bucket":"d6ba59ed-568b-4f17-9389-0f40d48d453b","key":"30046901-daed-4abd-a60d-165b317b50f5","dataSize":"12","replicationType":"RATIS","replicationFactor":"ONE","Transaction":"741"} | ret=SUCCESS |  
2025-10-16 19:48:56,492 | INFO  | OMAudit | user=runner | ip=127.0.0.1 | op=READ_KEY {"volume":"c17992de-d25e-455b-95d2-95be40d85825","bucket":"d6ba59ed-568b-4f17-9389-0f40d48d453b","key":"30046901-daed-4abd-a60d-165b317b50f5","owner":null,"dataSize":"0","replicationConfig":null} | ret=SUCCESS |  
2025-10-16 19:48:56,493 | INFO  | OMAudit | user=runner | ip=127.0.0.1 | op=GET_OBJECT_TAGGING {"volume":"c17992de-d25e-455b-95d2-95be40d85825","bucket":"d6ba59ed-568b-4f17-9389-0f40d48d453b","key":"30046901-daed-4abd-a60d-165b317b50f5","owner":null,"dataSize":"0","replicationConfig":null} | ret=SUCCESS |  
]]></system-out>
  </testcase>
  <testcase name="testGetObjectTagging(BucketLayout)[3]" classname="org.apache.hadoop.ozone.client.rpc.TestSecureOzoneRpcClient" time="0.02">
    <system-out><![CDATA[2025-10-16 19:48:56,496 [ForkJoinPool-1-worker-1] INFO  rpc.RpcClient (RpcClient.java:createVolume(461)) - Creating Volume: 9404ab6f-d968-4c11-a58b-ae294c2f79a7, with runner as owner and space quota set to -1 bytes, counts quota set to -1
2025-10-16 19:48:56,498 [om1-OMStateMachineApplyTransactionThread - 0] INFO  volume.OMVolumeCreateRequest (OMVolumeCreateRequest.java:validateAndUpdateCache(213)) - created volume:9404ab6f-d968-4c11-a58b-ae294c2f79a7 for user:runner
2025-10-16 19:48:56,498 | INFO  | OMAudit | user=runner | ip=127.0.0.1 | op=CREATE_VOLUME {"admin":"runner","owner":"runner","volume":"9404ab6f-d968-4c11-a58b-ae294c2f79a7","creationTime":"1760644136497","modificationTime":"1760644136497","quotaInBytes":"-1","quotaInNamespace":"-1","usedNamespace":"0","objectID":"-9223372036854585856","updateID":"742","Transaction":"742"} | ret=SUCCESS |  
2025-10-16 19:48:56,499 | INFO  | OMAudit | user=runner | ip=127.0.0.1 | op=READ_VOLUME {"volume":"9404ab6f-d968-4c11-a58b-ae294c2f79a7"} | ret=SUCCESS |  
2025-10-16 19:48:56,499 [ForkJoinPool-1-worker-1] INFO  rpc.RpcClient (RpcClient.java:createBucket(686)) - Creating Bucket: 9404ab6f-d968-4c11-a58b-ae294c2f79a7/f1120c35-e882-4854-a5e2-da090f9664a9, with bucket layout FILE_SYSTEM_OPTIMIZED, runner as owner, Versioning false, Storage Type set to DISK and Encryption set to false, Replication Type set to server-side default replication type, Namespace Quota set to -1, Space Quota set to -1 
2025-10-16 19:48:56,501 [om1-OMStateMachineApplyTransactionThread - 0] INFO  bucket.OMBucketCreateRequest (OMBucketCreateRequest.java:validateAndUpdateCache(303)) - created bucket: f1120c35-e882-4854-a5e2-da090f9664a9 of layout FILE_SYSTEM_OPTIMIZED in volume: 9404ab6f-d968-4c11-a58b-ae294c2f79a7
2025-10-16 19:48:56,501 | INFO  | OMAudit | user=runner | ip=127.0.0.1 | op=CREATE_BUCKET {"volume":"9404ab6f-d968-4c11-a58b-ae294c2f79a7","bucket":"f1120c35-e882-4854-a5e2-da090f9664a9","bucketLayout":"FILE_SYSTEM_OPTIMIZED","gdprEnabled":null,"acls":"[user:runner:a[ACCESS], group:runner:rl[ACCESS]]","isVersionEnabled":"false","storageType":"DISK","creationTime":"1760644136500","bucketEncryptionKey":null,"modificationTime":"1760644136500","usedBytes":"0","usedNamespace":"0","snapshotUsedBytes":"0","snapshotUsedNamespace":"0","owner":"runner","replicationType":null,"replicationConfig":null,"quotaInBytes":"-1","quotaInNamespace":"-1","Transaction":"743"} | ret=SUCCESS |  
2025-10-16 19:48:56,502 | INFO  | OMAudit | user=runner | ip=127.0.0.1 | op=READ_BUCKET {"volume":"9404ab6f-d968-4c11-a58b-ae294c2f79a7","bucket":"f1120c35-e882-4854-a5e2-da090f9664a9"} | ret=SUCCESS |  
2025-10-16 19:48:56,503 | INFO  | OMAudit | user=runner | ip=127.0.0.1 | op=READ_BUCKET {"volume":"9404ab6f-d968-4c11-a58b-ae294c2f79a7","bucket":"f1120c35-e882-4854-a5e2-da090f9664a9"} | ret=SUCCESS |  
2025-10-16 19:48:56,504 | INFO  | SCMAudit | user=runner | ip=127.0.0.1 | op=ALLOCATE_BLOCK {"replication":"RATIS/ONE","owner":"omServiceIdDefault","size":"4194304","sampleBlocks":"[conID: 7 locID: 115816896921600208]","num":"1","client":"","allocated":"1"} | ret=SUCCESS |  
2025-10-16 19:48:56,506 | INFO  | OMAudit | user=runner | ip=127.0.0.1 | op=ALLOCATE_KEY {"volume":"9404ab6f-d968-4c11-a58b-ae294c2f79a7","bucket":"f1120c35-e882-4854-a5e2-da090f9664a9","key":"1bf430ee-71e5-41b9-918b-0d9564e99442","dataSize":"12","replicationType":"RATIS","replicationFactor":"ONE","Transaction":"744"} | ret=SUCCESS |  
2025-10-16 19:48:56,512 | INFO  | OMAudit | user=runner | ip=127.0.0.1 | op=COMMIT_KEY {"volume":"9404ab6f-d968-4c11-a58b-ae294c2f79a7","bucket":"f1120c35-e882-4854-a5e2-da090f9664a9","key":"1bf430ee-71e5-41b9-918b-0d9564e99442","dataSize":"12","replicationType":"RATIS","replicationFactor":"ONE","Transaction":"745"} | ret=SUCCESS |  
2025-10-16 19:48:56,514 | INFO  | OMAudit | user=runner | ip=127.0.0.1 | op=READ_KEY {"volume":"9404ab6f-d968-4c11-a58b-ae294c2f79a7","bucket":"f1120c35-e882-4854-a5e2-da090f9664a9","key":"1bf430ee-71e5-41b9-918b-0d9564e99442","owner":null,"dataSize":"0","replicationConfig":null} | ret=SUCCESS |  
2025-10-16 19:48:56,515 | INFO  | OMAudit | user=runner | ip=127.0.0.1 | op=GET_OBJECT_TAGGING {"volume":"9404ab6f-d968-4c11-a58b-ae294c2f79a7","bucket":"f1120c35-e882-4854-a5e2-da090f9664a9","key":"1bf430ee-71e5-41b9-918b-0d9564e99442","owner":null,"dataSize":"0","replicationConfig":null} | ret=SUCCESS |  
]]></system-out>
  </testcase>
  <testcase name="testGetServerDefaults" classname="org.apache.hadoop.ozone.client.rpc.TestSecureOzoneRpcClient" time="0.002">
    <system-out><![CDATA[2025-10-16 19:48:56,517 | INFO  | OMAudit | user=runner | ip=127.0.0.1 | op=GET_SERVICE_LIST {} | ret=SUCCESS |  
]]></system-out>
  </testcase>
  <testcase name="testHeadObject" classname="org.apache.hadoop.ozone.client.rpc.TestSecureOzoneRpcClient" time="0.032">
    <system-out><![CDATA[2025-10-16 19:48:56,519 [ForkJoinPool-1-worker-1] INFO  rpc.RpcClient (RpcClient.java:createVolume(461)) - Creating Volume: d3e22ce6-eae2-4ef3-bc41-ac78a709d656, with runner as owner and space quota set to -1 bytes, counts quota set to -1
2025-10-16 19:48:56,520 [om1-OMStateMachineApplyTransactionThread - 0] INFO  volume.OMVolumeCreateRequest (OMVolumeCreateRequest.java:validateAndUpdateCache(213)) - created volume:d3e22ce6-eae2-4ef3-bc41-ac78a709d656 for user:runner
2025-10-16 19:48:56,520 | INFO  | OMAudit | user=runner | ip=127.0.0.1 | op=CREATE_VOLUME {"admin":"runner","owner":"runner","volume":"d3e22ce6-eae2-4ef3-bc41-ac78a709d656","creationTime":"1760644136520","modificationTime":"1760644136520","quotaInBytes":"-1","quotaInNamespace":"-1","usedNamespace":"0","objectID":"-9223372036854584832","updateID":"746","Transaction":"746"} | ret=SUCCESS |  
2025-10-16 19:48:56,522 | INFO  | OMAudit | user=runner | ip=127.0.0.1 | op=READ_VOLUME {"volume":"d3e22ce6-eae2-4ef3-bc41-ac78a709d656"} | ret=SUCCESS |  
2025-10-16 19:48:56,522 [ForkJoinPool-1-worker-1] INFO  rpc.RpcClient (RpcClient.java:createBucket(686)) - Creating Bucket: d3e22ce6-eae2-4ef3-bc41-ac78a709d656/8199668e-3a6f-4d4d-90ec-c80d564184c4, with server-side default bucket layout, runner as owner, Versioning false, Storage Type set to DISK and Encryption set to false, Replication Type set to server-side default replication type, Namespace Quota set to -1, Space Quota set to -1 
2025-10-16 19:48:56,524 [om1-OMStateMachineApplyTransactionThread - 0] INFO  bucket.OMBucketCreateRequest (OMBucketCreateRequest.java:validateAndUpdateCache(303)) - created bucket: 8199668e-3a6f-4d4d-90ec-c80d564184c4 of layout FILE_SYSTEM_OPTIMIZED in volume: d3e22ce6-eae2-4ef3-bc41-ac78a709d656
2025-10-16 19:48:56,524 | INFO  | OMAudit | user=runner | ip=127.0.0.1 | op=CREATE_BUCKET {"volume":"d3e22ce6-eae2-4ef3-bc41-ac78a709d656","bucket":"8199668e-3a6f-4d4d-90ec-c80d564184c4","bucketLayout":"FILE_SYSTEM_OPTIMIZED","gdprEnabled":null,"acls":"[user:runner:a[ACCESS], group:runner:rl[ACCESS]]","isVersionEnabled":"false","storageType":"DISK","creationTime":"1760644136523","bucketEncryptionKey":null,"modificationTime":"1760644136523","usedBytes":"0","usedNamespace":"0","snapshotUsedBytes":"0","snapshotUsedNamespace":"0","owner":"runner","replicationType":null,"replicationConfig":null,"quotaInBytes":"-1","quotaInNamespace":"-1","Transaction":"747"} | ret=SUCCESS |  
2025-10-16 19:48:56,525 | INFO  | OMAudit | user=runner | ip=127.0.0.1 | op=READ_BUCKET {"volume":"d3e22ce6-eae2-4ef3-bc41-ac78a709d656","bucket":"8199668e-3a6f-4d4d-90ec-c80d564184c4"} | ret=SUCCESS |  
2025-10-16 19:48:56,526 | INFO  | OMAudit | user=runner | ip=127.0.0.1 | op=READ_BUCKET {"volume":"d3e22ce6-eae2-4ef3-bc41-ac78a709d656","bucket":"8199668e-3a6f-4d4d-90ec-c80d564184c4"} | ret=SUCCESS |  
2025-10-16 19:48:56,527 | INFO  | SCMAudit | user=runner | ip=127.0.0.1 | op=ALLOCATE_BLOCK {"replication":"RATIS/THREE","owner":"omServiceIdDefault","size":"4194304","sampleBlocks":"[conID: 14 locID: 115816896921600209]","num":"1","client":"","allocated":"1"} | ret=SUCCESS |  
2025-10-16 19:48:56,529 | INFO  | OMAudit | user=runner | ip=127.0.0.1 | op=ALLOCATE_KEY {"volume":"d3e22ce6-eae2-4ef3-bc41-ac78a709d656","bucket":"8199668e-3a6f-4d4d-90ec-c80d564184c4","key":"7d3c1489-9fa7-4df7-83a6-0f639c838412","dataSize":"12","replicationType":"RATIS","replicationFactor":"THREE","Transaction":"748"} | ret=SUCCESS |  
2025-10-16 19:48:56,546 | INFO  | OMAudit | user=runner | ip=127.0.0.1 | op=COMMIT_KEY {"volume":"d3e22ce6-eae2-4ef3-bc41-ac78a709d656","bucket":"8199668e-3a6f-4d4d-90ec-c80d564184c4","key":"7d3c1489-9fa7-4df7-83a6-0f639c838412","dataSize":"12","replicationType":"RATIS","replicationFactor":"THREE","Transaction":"749"} | ret=SUCCESS |  
2025-10-16 19:48:56,548 | INFO  | OMAudit | user=runner | ip=127.0.0.1 | op=READ_KEY {"volume":"d3e22ce6-eae2-4ef3-bc41-ac78a709d656","bucket":"8199668e-3a6f-4d4d-90ec-c80d564184c4","key":"7d3c1489-9fa7-4df7-83a6-0f639c838412","owner":null,"dataSize":"0","replicationConfig":null} | ret=SUCCESS |  
2025-10-16 19:48:56,549 | ERROR | OMAudit | user=runner | ip=127.0.0.1 | op=READ_KEY {"volume":"d3e22ce6-eae2-4ef3-bc41-ac78a709d656","bucket":"8199668e-3a6f-4d4d-90ec-c80d564184c4","key":"94ce6c95-700f-4fe8-9211-c30da2607a60","owner":null,"dataSize":"0","replicationConfig":null} | ret=FAILURE | 
org.apache.hadoop.ozone.om.exceptions.OMException: Key:94ce6c95-700f-4fe8-9211-c30da2607a60 not found
	at org.apache.hadoop.ozone.om.KeyManagerImpl.readKeyInfo(KeyManagerImpl.java:614)
	at org.apache.hadoop.ozone.om.KeyManagerImpl.lambda$22(KeyManagerImpl.java:2340)
 
]]></system-out>
  </testcase>
  <testcase name="testInitiateMultipartUpload(ReplicationConfig)[1]" classname="org.apache.hadoop.ozone.client.rpc.TestSecureOzoneRpcClient" time="0.013">
    <system-out><![CDATA[2025-10-16 19:48:56,553 [ForkJoinPool-1-worker-1] INFO  rpc.RpcClient (RpcClient.java:createVolume(461)) - Creating Volume: 54cb0723-325b-49d5-8c2b-efc261d38ad5, with runner as owner and space quota set to -1 bytes, counts quota set to -1
2025-10-16 19:48:56,555 [om1-OMStateMachineApplyTransactionThread - 0] INFO  volume.OMVolumeCreateRequest (OMVolumeCreateRequest.java:validateAndUpdateCache(213)) - created volume:54cb0723-325b-49d5-8c2b-efc261d38ad5 for user:runner
2025-10-16 19:48:56,556 | INFO  | OMAudit | user=runner | ip=127.0.0.1 | op=CREATE_VOLUME {"admin":"runner","owner":"runner","volume":"54cb0723-325b-49d5-8c2b-efc261d38ad5","creationTime":"1760644136554","modificationTime":"1760644136554","quotaInBytes":"-1","quotaInNamespace":"-1","usedNamespace":"0","objectID":"-9223372036854583808","updateID":"750","Transaction":"750"} | ret=SUCCESS |  
2025-10-16 19:48:56,557 | INFO  | OMAudit | user=runner | ip=127.0.0.1 | op=READ_VOLUME {"volume":"54cb0723-325b-49d5-8c2b-efc261d38ad5"} | ret=SUCCESS |  
2025-10-16 19:48:56,557 [ForkJoinPool-1-worker-1] INFO  rpc.RpcClient (RpcClient.java:createBucket(686)) - Creating Bucket: 54cb0723-325b-49d5-8c2b-efc261d38ad5/f66dbf28-8b32-4177-903e-fbd3db418d9a, with server-side default bucket layout, runner as owner, Versioning false, Storage Type set to DISK and Encryption set to false, Replication Type set to server-side default replication type, Namespace Quota set to -1, Space Quota set to -1 
2025-10-16 19:48:56,559 [om1-OMStateMachineApplyTransactionThread - 0] INFO  bucket.OMBucketCreateRequest (OMBucketCreateRequest.java:validateAndUpdateCache(303)) - created bucket: f66dbf28-8b32-4177-903e-fbd3db418d9a of layout FILE_SYSTEM_OPTIMIZED in volume: 54cb0723-325b-49d5-8c2b-efc261d38ad5
2025-10-16 19:48:56,559 | INFO  | OMAudit | user=runner | ip=127.0.0.1 | op=CREATE_BUCKET {"volume":"54cb0723-325b-49d5-8c2b-efc261d38ad5","bucket":"f66dbf28-8b32-4177-903e-fbd3db418d9a","bucketLayout":"FILE_SYSTEM_OPTIMIZED","gdprEnabled":null,"acls":"[user:runner:a[ACCESS], group:runner:rl[ACCESS]]","isVersionEnabled":"false","storageType":"DISK","creationTime":"1760644136558","bucketEncryptionKey":null,"modificationTime":"1760644136558","usedBytes":"0","usedNamespace":"0","snapshotUsedBytes":"0","snapshotUsedNamespace":"0","owner":"runner","replicationType":null,"replicationConfig":null,"quotaInBytes":"-1","quotaInNamespace":"-1","Transaction":"751"} | ret=SUCCESS |  
2025-10-16 19:48:56,560 | INFO  | OMAudit | user=runner | ip=127.0.0.1 | op=READ_BUCKET {"volume":"54cb0723-325b-49d5-8c2b-efc261d38ad5","bucket":"f66dbf28-8b32-4177-903e-fbd3db418d9a"} | ret=SUCCESS |  
2025-10-16 19:48:56,563 | INFO  | OMAudit | user=runner | ip=127.0.0.1 | op=INITIATE_MULTIPART_UPLOAD {"volume":"54cb0723-325b-49d5-8c2b-efc261d38ad5","bucket":"f66dbf28-8b32-4177-903e-fbd3db418d9a","key":"8abdbd12-585b-455e-85f7-5feb2f49c0ff","dataSize":"0","replicationType":"RATIS","replicationFactor":"ONE","uploadID":"0199ee91-7e71-7547-b0d1-eb9029e56259-115385574133661872","Transaction":"752"} | ret=SUCCESS |  
2025-10-16 19:48:56,565 | INFO  | OMAudit | user=runner | ip=127.0.0.1 | op=INITIATE_MULTIPART_UPLOAD {"volume":"54cb0723-325b-49d5-8c2b-efc261d38ad5","bucket":"f66dbf28-8b32-4177-903e-fbd3db418d9a","key":"8abdbd12-585b-455e-85f7-5feb2f49c0ff","dataSize":"0","replicationType":"RATIS","replicationFactor":"ONE","uploadID":"0199ee91-7e74-759e-a879-5310d2f120aa-115385574133858481","Transaction":"753"} | ret=SUCCESS |  
]]></system-out>
  </testcase>
  <testcase name="testInitiateMultipartUpload(ReplicationConfig)[2]" classname="org.apache.hadoop.ozone.client.rpc.TestSecureOzoneRpcClient" time="0.016">
    <system-out><![CDATA[2025-10-16 19:48:56,568 [ForkJoinPool-1-worker-1] INFO  rpc.RpcClient (RpcClient.java:createVolume(461)) - Creating Volume: 2c5f2884-851c-40fe-aeba-264d2535ad77, with runner as owner and space quota set to -1 bytes, counts quota set to -1
2025-10-16 19:48:56,569 [om1-OMStateMachineApplyTransactionThread - 0] INFO  volume.OMVolumeCreateRequest (OMVolumeCreateRequest.java:validateAndUpdateCache(213)) - created volume:2c5f2884-851c-40fe-aeba-264d2535ad77 for user:runner
2025-10-16 19:48:56,570 | INFO  | OMAudit | user=runner | ip=127.0.0.1 | op=CREATE_VOLUME {"admin":"runner","owner":"runner","volume":"2c5f2884-851c-40fe-aeba-264d2535ad77","creationTime":"1760644136569","modificationTime":"1760644136569","quotaInBytes":"-1","quotaInNamespace":"-1","usedNamespace":"0","objectID":"-9223372036854582784","updateID":"754","Transaction":"754"} | ret=SUCCESS |  
2025-10-16 19:48:56,571 | INFO  | OMAudit | user=runner | ip=127.0.0.1 | op=READ_VOLUME {"volume":"2c5f2884-851c-40fe-aeba-264d2535ad77"} | ret=SUCCESS |  
2025-10-16 19:48:56,575 [ForkJoinPool-1-worker-1] INFO  rpc.RpcClient (RpcClient.java:createBucket(686)) - Creating Bucket: 2c5f2884-851c-40fe-aeba-264d2535ad77/db7caf81-59ac-447b-a829-24cf9c595656, with server-side default bucket layout, runner as owner, Versioning false, Storage Type set to DISK and Encryption set to false, Replication Type set to server-side default replication type, Namespace Quota set to -1, Space Quota set to -1 
2025-10-16 19:48:56,577 [om1-OMStateMachineApplyTransactionThread - 0] INFO  bucket.OMBucketCreateRequest (OMBucketCreateRequest.java:validateAndUpdateCache(303)) - created bucket: db7caf81-59ac-447b-a829-24cf9c595656 of layout FILE_SYSTEM_OPTIMIZED in volume: 2c5f2884-851c-40fe-aeba-264d2535ad77
2025-10-16 19:48:56,577 | INFO  | OMAudit | user=runner | ip=127.0.0.1 | op=CREATE_BUCKET {"volume":"2c5f2884-851c-40fe-aeba-264d2535ad77","bucket":"db7caf81-59ac-447b-a829-24cf9c595656","bucketLayout":"FILE_SYSTEM_OPTIMIZED","gdprEnabled":null,"acls":"[user:runner:a[ACCESS], group:runner:rl[ACCESS]]","isVersionEnabled":"false","storageType":"DISK","creationTime":"1760644136576","bucketEncryptionKey":null,"modificationTime":"1760644136576","usedBytes":"0","usedNamespace":"0","snapshotUsedBytes":"0","snapshotUsedNamespace":"0","owner":"runner","replicationType":null,"replicationConfig":null,"quotaInBytes":"-1","quotaInNamespace":"-1","Transaction":"755"} | ret=SUCCESS |  
2025-10-16 19:48:56,578 | INFO  | OMAudit | user=runner | ip=127.0.0.1 | op=READ_BUCKET {"volume":"2c5f2884-851c-40fe-aeba-264d2535ad77","bucket":"db7caf81-59ac-447b-a829-24cf9c595656"} | ret=SUCCESS |  
2025-10-16 19:48:56,580 | INFO  | OMAudit | user=runner | ip=127.0.0.1 | op=INITIATE_MULTIPART_UPLOAD {"volume":"2c5f2884-851c-40fe-aeba-264d2535ad77","bucket":"db7caf81-59ac-447b-a829-24cf9c595656","key":"5a0f53c5-614e-45af-b307-731156b88759","dataSize":"0","replicationType":"RATIS","replicationFactor":"THREE","uploadID":"0199ee91-7e83-76b9-bd93-fb578ebc4514-115385574134841522","Transaction":"756"} | ret=SUCCESS |  
2025-10-16 19:48:56,582 | INFO  | OMAudit | user=runner | ip=127.0.0.1 | op=INITIATE_MULTIPART_UPLOAD {"volume":"2c5f2884-851c-40fe-aeba-264d2535ad77","bucket":"db7caf81-59ac-447b-a829-24cf9c595656","key":"5a0f53c5-614e-45af-b307-731156b88759","dataSize":"0","replicationType":"RATIS","replicationFactor":"THREE","uploadID":"0199ee91-7e85-76ff-9e59-3fa0b8b3b1a9-115385574134972595","Transaction":"757"} | ret=SUCCESS |  
]]></system-out>
  </testcase>
  <testcase name="testInitiateMultipartUpload(ReplicationConfig)[3]" classname="org.apache.hadoop.ozone.client.rpc.TestSecureOzoneRpcClient" time="0.013">
    <system-out><![CDATA[2025-10-16 19:48:56,585 [ForkJoinPool-1-worker-1] INFO  rpc.RpcClient (RpcClient.java:createVolume(461)) - Creating Volume: 002e107b-e7bb-4ae7-b764-0c2c7e57967b, with runner as owner and space quota set to -1 bytes, counts quota set to -1
2025-10-16 19:48:56,587 [om1-OMStateMachineApplyTransactionThread - 0] INFO  volume.OMVolumeCreateRequest (OMVolumeCreateRequest.java:validateAndUpdateCache(213)) - created volume:002e107b-e7bb-4ae7-b764-0c2c7e57967b for user:runner
2025-10-16 19:48:56,587 | INFO  | OMAudit | user=runner | ip=127.0.0.1 | op=CREATE_VOLUME {"admin":"runner","owner":"runner","volume":"002e107b-e7bb-4ae7-b764-0c2c7e57967b","creationTime":"1760644136586","modificationTime":"1760644136586","quotaInBytes":"-1","quotaInNamespace":"-1","usedNamespace":"0","objectID":"-9223372036854581760","updateID":"758","Transaction":"758"} | ret=SUCCESS |  
2025-10-16 19:48:56,588 | INFO  | OMAudit | user=runner | ip=127.0.0.1 | op=READ_VOLUME {"volume":"002e107b-e7bb-4ae7-b764-0c2c7e57967b"} | ret=SUCCESS |  
2025-10-16 19:48:56,589 [ForkJoinPool-1-worker-1] INFO  rpc.RpcClient (RpcClient.java:createBucket(686)) - Creating Bucket: 002e107b-e7bb-4ae7-b764-0c2c7e57967b/17a59170-d8e8-4a7c-a864-908701150a23, with server-side default bucket layout, runner as owner, Versioning false, Storage Type set to DISK and Encryption set to false, Replication Type set to server-side default replication type, Namespace Quota set to -1, Space Quota set to -1 
2025-10-16 19:48:56,590 [om1-OMStateMachineApplyTransactionThread - 0] INFO  bucket.OMBucketCreateRequest (OMBucketCreateRequest.java:validateAndUpdateCache(303)) - created bucket: 17a59170-d8e8-4a7c-a864-908701150a23 of layout FILE_SYSTEM_OPTIMIZED in volume: 002e107b-e7bb-4ae7-b764-0c2c7e57967b
2025-10-16 19:48:56,590 | INFO  | OMAudit | user=runner | ip=127.0.0.1 | op=CREATE_BUCKET {"volume":"002e107b-e7bb-4ae7-b764-0c2c7e57967b","bucket":"17a59170-d8e8-4a7c-a864-908701150a23","bucketLayout":"FILE_SYSTEM_OPTIMIZED","gdprEnabled":null,"acls":"[user:runner:a[ACCESS], group:runner:rl[ACCESS]]","isVersionEnabled":"false","storageType":"DISK","creationTime":"1760644136589","bucketEncryptionKey":null,"modificationTime":"1760644136589","usedBytes":"0","usedNamespace":"0","snapshotUsedBytes":"0","snapshotUsedNamespace":"0","owner":"runner","replicationType":null,"replicationConfig":null,"quotaInBytes":"-1","quotaInNamespace":"-1","Transaction":"759"} | ret=SUCCESS |  
2025-10-16 19:48:56,592 | INFO  | OMAudit | user=runner | ip=127.0.0.1 | op=READ_BUCKET {"volume":"002e107b-e7bb-4ae7-b764-0c2c7e57967b","bucket":"17a59170-d8e8-4a7c-a864-908701150a23"} | ret=SUCCESS |  
2025-10-16 19:48:56,594 | INFO  | OMAudit | user=runner | ip=127.0.0.1 | op=INITIATE_MULTIPART_UPLOAD {"volume":"002e107b-e7bb-4ae7-b764-0c2c7e57967b","bucket":"17a59170-d8e8-4a7c-a864-908701150a23","key":"667af3bd-379b-4473-aeb8-d43941cb0536","dataSize":"0","replicationType":"EC","replicationConfig":"rs-3-2-1048576","uploadID":"0199ee91-7e91-74ca-b37b-1c0d84e7dc23-115385574135759028","Transaction":"760"} | ret=SUCCESS |  
2025-10-16 19:48:56,596 | INFO  | OMAudit | user=runner | ip=127.0.0.1 | op=INITIATE_MULTIPART_UPLOAD {"volume":"002e107b-e7bb-4ae7-b764-0c2c7e57967b","bucket":"17a59170-d8e8-4a7c-a864-908701150a23","key":"667af3bd-379b-4473-aeb8-d43941cb0536","dataSize":"0","replicationType":"EC","replicationConfig":"rs-3-2-1048576","uploadID":"0199ee91-7e93-76cd-9a33-192247bfaa3d-115385574135890101","Transaction":"761"} | ret=SUCCESS |  
]]></system-out>
  </testcase>
  <testcase name="testInitiateMultipartUploadWithDefaultReplication" classname="org.apache.hadoop.ozone.client.rpc.TestSecureOzoneRpcClient" time="0.012">
    <system-out><![CDATA[2025-10-16 19:48:56,598 [ForkJoinPool-1-worker-1] INFO  rpc.RpcClient (RpcClient.java:createVolume(461)) - Creating Volume: 4123182f-412e-41b2-8f1d-a7619bf4930c, with runner as owner and space quota set to -1 bytes, counts quota set to -1
2025-10-16 19:48:56,600 [om1-OMStateMachineApplyTransactionThread - 0] INFO  volume.OMVolumeCreateRequest (OMVolumeCreateRequest.java:validateAndUpdateCache(213)) - created volume:4123182f-412e-41b2-8f1d-a7619bf4930c for user:runner
2025-10-16 19:48:56,600 | INFO  | OMAudit | user=runner | ip=127.0.0.1 | op=CREATE_VOLUME {"admin":"runner","owner":"runner","volume":"4123182f-412e-41b2-8f1d-a7619bf4930c","creationTime":"1760644136599","modificationTime":"1760644136599","quotaInBytes":"-1","quotaInNamespace":"-1","usedNamespace":"0","objectID":"-9223372036854580736","updateID":"762","Transaction":"762"} | ret=SUCCESS |  
2025-10-16 19:48:56,601 | INFO  | OMAudit | user=runner | ip=127.0.0.1 | op=READ_VOLUME {"volume":"4123182f-412e-41b2-8f1d-a7619bf4930c"} | ret=SUCCESS |  
2025-10-16 19:48:56,601 [ForkJoinPool-1-worker-1] INFO  rpc.RpcClient (RpcClient.java:createBucket(686)) - Creating Bucket: 4123182f-412e-41b2-8f1d-a7619bf4930c/f2b10eab-f1df-49af-8f71-d523ad8be1a7, with server-side default bucket layout, runner as owner, Versioning false, Storage Type set to DISK and Encryption set to false, Replication Type set to server-side default replication type, Namespace Quota set to -1, Space Quota set to -1 
2025-10-16 19:48:56,603 [om1-OMStateMachineApplyTransactionThread - 0] INFO  bucket.OMBucketCreateRequest (OMBucketCreateRequest.java:validateAndUpdateCache(303)) - created bucket: f2b10eab-f1df-49af-8f71-d523ad8be1a7 of layout FILE_SYSTEM_OPTIMIZED in volume: 4123182f-412e-41b2-8f1d-a7619bf4930c
2025-10-16 19:48:56,603 | INFO  | OMAudit | user=runner | ip=127.0.0.1 | op=CREATE_BUCKET {"volume":"4123182f-412e-41b2-8f1d-a7619bf4930c","bucket":"f2b10eab-f1df-49af-8f71-d523ad8be1a7","bucketLayout":"FILE_SYSTEM_OPTIMIZED","gdprEnabled":null,"acls":"[user:runner:a[ACCESS], group:runner:rl[ACCESS]]","isVersionEnabled":"false","storageType":"DISK","creationTime":"1760644136602","bucketEncryptionKey":null,"modificationTime":"1760644136602","usedBytes":"0","usedNamespace":"0","snapshotUsedBytes":"0","snapshotUsedNamespace":"0","owner":"runner","replicationType":null,"replicationConfig":null,"quotaInBytes":"-1","quotaInNamespace":"-1","Transaction":"763"} | ret=SUCCESS |  
2025-10-16 19:48:56,604 | INFO  | OMAudit | user=runner | ip=127.0.0.1 | op=READ_BUCKET {"volume":"4123182f-412e-41b2-8f1d-a7619bf4930c","bucket":"f2b10eab-f1df-49af-8f71-d523ad8be1a7"} | ret=SUCCESS |  
2025-10-16 19:48:56,606 | INFO  | OMAudit | user=runner | ip=127.0.0.1 | op=INITIATE_MULTIPART_UPLOAD {"volume":"4123182f-412e-41b2-8f1d-a7619bf4930c","bucket":"f2b10eab-f1df-49af-8f71-d523ad8be1a7","key":"5f580836-e188-44b7-b154-aaf5460937d2","dataSize":"0","uploadID":"0199ee91-7e9d-75ca-b4da-d3dbfc6c5dfa-115385574136545462","Transaction":"764"} | ret=SUCCESS |  
2025-10-16 19:48:56,609 | INFO  | OMAudit | user=runner | ip=127.0.0.1 | op=INITIATE_MULTIPART_UPLOAD {"volume":"4123182f-412e-41b2-8f1d-a7619bf4930c","bucket":"f2b10eab-f1df-49af-8f71-d523ad8be1a7","key":"5f580836-e188-44b7-b154-aaf5460937d2","dataSize":"0","uploadID":"0199ee91-7ea0-7f05-a0e5-ec205f44fa99-115385574136742071","Transaction":"765"} | ret=SUCCESS |  
]]></system-out>
  </testcase>
  <testcase name="testInvalidBucketCreation" classname="org.apache.hadoop.ozone.client.rpc.TestSecureOzoneRpcClient" time="0.006">
    <system-out><![CDATA[2025-10-16 19:48:56,611 [ForkJoinPool-1-worker-1] INFO  rpc.RpcClient (RpcClient.java:createVolume(461)) - Creating Volume: d4ab9e8b-412e-466c-a9b7-029fc18f605c, with runner as owner and space quota set to -1 bytes, counts quota set to -1
2025-10-16 19:48:56,614 [om1-OMStateMachineApplyTransactionThread - 0] INFO  volume.OMVolumeCreateRequest (OMVolumeCreateRequest.java:validateAndUpdateCache(213)) - created volume:d4ab9e8b-412e-466c-a9b7-029fc18f605c for user:runner
2025-10-16 19:48:56,614 | INFO  | OMAudit | user=runner | ip=127.0.0.1 | op=CREATE_VOLUME {"admin":"runner","owner":"runner","volume":"d4ab9e8b-412e-466c-a9b7-029fc18f605c","creationTime":"1760644136613","modificationTime":"1760644136613","quotaInBytes":"-1","quotaInNamespace":"-1","usedNamespace":"0","objectID":"-9223372036854579712","updateID":"766","Transaction":"766"} | ret=SUCCESS |  
2025-10-16 19:48:56,616 | INFO  | OMAudit | user=runner | ip=127.0.0.1 | op=READ_VOLUME {"volume":"d4ab9e8b-412e-466c-a9b7-029fc18f605c"} | ret=SUCCESS |  
]]></system-out>
  </testcase>
  <testcase name="testKeyOwner" classname="org.apache.hadoop.ozone.client.rpc.TestSecureOzoneRpcClient" time="0.145">
    <system-out><![CDATA[2025-10-16 19:48:56,637 | INFO  | SCMAudit | user=runner | ip=127.0.0.1 | op=SEND_HEARTBEAT {"datanodeUUID":"0e8b6cc7-9945-4141-97fc-6aa017a0d5fa","term":"2","command":"[]"} | ret=SUCCESS |  
2025-10-16 19:48:56,659 [ForkJoinPool-1-worker-1] INFO  rpc.RpcClient (RpcClient.java:createVolume(461)) - Creating Volume: a462a07e-50a4-4ffa-ad07-58359147da60, with runner as owner and space quota set to -1 bytes, counts quota set to -1
2025-10-16 19:48:56,662 [om1-OMStateMachineApplyTransactionThread - 0] INFO  volume.OMVolumeCreateRequest (OMVolumeCreateRequest.java:validateAndUpdateCache(213)) - created volume:a462a07e-50a4-4ffa-ad07-58359147da60 for user:runner
2025-10-16 19:48:56,662 | INFO  | OMAudit | user=runner | ip=127.0.0.1 | op=CREATE_VOLUME {"admin":"runner","owner":"runner","volume":"a462a07e-50a4-4ffa-ad07-58359147da60","creationTime":"1760644136660","modificationTime":"1760644136660","quotaInBytes":"-1","quotaInNamespace":"-1","usedNamespace":"0","objectID":"-9223372036854579456","updateID":"767","Transaction":"767"} | ret=SUCCESS |  
2025-10-16 19:48:56,663 | INFO  | OMAudit | user=runner | ip=127.0.0.1 | op=READ_VOLUME {"volume":"a462a07e-50a4-4ffa-ad07-58359147da60"} | ret=SUCCESS |  
2025-10-16 19:48:56,664 [ForkJoinPool-1-worker-1] INFO  rpc.RpcClient (RpcClient.java:createBucket(686)) - Creating Bucket: a462a07e-50a4-4ffa-ad07-58359147da60/f0062e05-465f-4066-91cc-4a4ae8fe332d, with server-side default bucket layout, runner as owner, Versioning false, Storage Type set to DISK and Encryption set to false, Replication Type set to server-side default replication type, Namespace Quota set to -1, Space Quota set to -1 
2025-10-16 19:48:56,666 [om1-OMStateMachineApplyTransactionThread - 0] INFO  bucket.OMBucketCreateRequest (OMBucketCreateRequest.java:validateAndUpdateCache(303)) - created bucket: f0062e05-465f-4066-91cc-4a4ae8fe332d of layout FILE_SYSTEM_OPTIMIZED in volume: a462a07e-50a4-4ffa-ad07-58359147da60
2025-10-16 19:48:56,666 | INFO  | OMAudit | user=runner | ip=127.0.0.1 | op=CREATE_BUCKET {"volume":"a462a07e-50a4-4ffa-ad07-58359147da60","bucket":"f0062e05-465f-4066-91cc-4a4ae8fe332d","bucketLayout":"FILE_SYSTEM_OPTIMIZED","gdprEnabled":null,"acls":"[user:runner:a[ACCESS], group:runner:rl[ACCESS]]","isVersionEnabled":"false","storageType":"DISK","creationTime":"1760644136665","bucketEncryptionKey":null,"modificationTime":"1760644136665","usedBytes":"0","usedNamespace":"0","snapshotUsedBytes":"0","snapshotUsedNamespace":"0","owner":"runner","replicationType":null,"replicationConfig":null,"quotaInBytes":"-1","quotaInNamespace":"-1","Transaction":"768"} | ret=SUCCESS |  
2025-10-16 19:48:56,672 | INFO  | OMAudit | user=runner | ip=127.0.0.1 | op=ADD_ACL {"resourceType":"volume","storageType":"ozone","volume":"a462a07e-50a4-4ffa-ad07-58359147da60","bucket":null,"key":null,"acl":"[user:user1:a[ACCESS]]","Transaction":"769"} | ret=SUCCESS |  
2025-10-16 19:48:56,675 | INFO  | OMAudit | user=runner | ip=127.0.0.1 | op=ADD_ACL {"resourceType":"volume","storageType":"ozone","volume":"a462a07e-50a4-4ffa-ad07-58359147da60","bucket":null,"key":null,"acl":"[user:user2:a[ACCESS]]","Transaction":"770"} | ret=SUCCESS |  
2025-10-16 19:48:56,677 | INFO  | OMAudit | user=runner | ip=127.0.0.1 | op=ADD_ACL {"resourceType":"bucket","storageType":"ozone","volume":"a462a07e-50a4-4ffa-ad07-58359147da60","bucket":"f0062e05-465f-4066-91cc-4a4ae8fe332d","key":null,"acl":"[user:user1:a[ACCESS]]","Transaction":"771"} | ret=SUCCESS |  
2025-10-16 19:48:56,679 | INFO  | OMAudit | user=runner | ip=127.0.0.1 | op=ADD_ACL {"resourceType":"bucket","storageType":"ozone","volume":"a462a07e-50a4-4ffa-ad07-58359147da60","bucket":"f0062e05-465f-4066-91cc-4a4ae8fe332d","key":null,"acl":"[user:user2:a[ACCESS]]","Transaction":"772"} | ret=SUCCESS |  
2025-10-16 19:48:56,683 | INFO  | OMAudit | user=user1 | ip=127.0.0.1 | op=GET_SERVICE_LIST {} | ret=SUCCESS |  
2025-10-16 19:48:56,686 | INFO  | OMAudit | user=user1 | ip=127.0.0.1 | op=READ_VOLUME {"volume":"a462a07e-50a4-4ffa-ad07-58359147da60"} | ret=SUCCESS |  
2025-10-16 19:48:56,687 | INFO  | OMAudit | user=user1 | ip=127.0.0.1 | op=READ_BUCKET {"volume":"a462a07e-50a4-4ffa-ad07-58359147da60","bucket":"f0062e05-465f-4066-91cc-4a4ae8fe332d"} | ret=SUCCESS |  
2025-10-16 19:48:56,688 | INFO  | OMAudit | user=user1 | ip=127.0.0.1 | op=READ_BUCKET {"volume":"a462a07e-50a4-4ffa-ad07-58359147da60","bucket":"f0062e05-465f-4066-91cc-4a4ae8fe332d"} | ret=SUCCESS |  
2025-10-16 19:48:56,690 | INFO  | SCMAudit | user=runner | ip=127.0.0.1 | op=ALLOCATE_BLOCK {"replication":"RATIS/ONE","owner":"omServiceIdDefault","size":"4194304","sampleBlocks":"[conID: 11 locID: 115816896921600210]","num":"1","client":"","allocated":"1"} | ret=SUCCESS |  
2025-10-16 19:48:56,693 | INFO  | OMAudit | user=user1 | ip=127.0.0.1 | op=ALLOCATE_KEY {"volume":"a462a07e-50a4-4ffa-ad07-58359147da60","bucket":"f0062e05-465f-4066-91cc-4a4ae8fe332d","key":"key1","dataSize":"10","replicationType":"RATIS","replicationFactor":"ONE","Transaction":"773"} | ret=SUCCESS |  
2025-10-16 19:48:56,710 | INFO  | OMAudit | user=user1 | ip=127.0.0.1 | op=COMMIT_KEY {"volume":"a462a07e-50a4-4ffa-ad07-58359147da60","bucket":"f0062e05-465f-4066-91cc-4a4ae8fe332d","key":"key1","dataSize":"10","replicationType":"RATIS","replicationFactor":"ONE","Transaction":"774"} | ret=SUCCESS |  
2025-10-16 19:48:56,713 | INFO  | OMAudit | user=user1 | ip=127.0.0.1 | op=READ_KEY {"volume":"a462a07e-50a4-4ffa-ad07-58359147da60","bucket":"f0062e05-465f-4066-91cc-4a4ae8fe332d","key":"key1","owner":null,"dataSize":"0","replicationConfig":null} | ret=SUCCESS |  
2025-10-16 19:48:56,716 | INFO  | SCMAudit | user=runner | ip=127.0.0.1 | op=SEND_HEARTBEAT {"datanodeUUID":"757ca056-973f-4f05-ab2d-6aff6c54d452","term":"2","command":"[]"} | ret=SUCCESS |  
2025-10-16 19:48:56,718 | INFO  | OMAudit | user=user2 | ip=127.0.0.1 | op=GET_SERVICE_LIST {} | ret=SUCCESS |  
2025-10-16 19:48:56,719 | INFO  | OMAudit | user=user2 | ip=127.0.0.1 | op=READ_VOLUME {"volume":"a462a07e-50a4-4ffa-ad07-58359147da60"} | ret=SUCCESS |  
2025-10-16 19:48:56,720 | INFO  | OMAudit | user=user2 | ip=127.0.0.1 | op=READ_BUCKET {"volume":"a462a07e-50a4-4ffa-ad07-58359147da60","bucket":"f0062e05-465f-4066-91cc-4a4ae8fe332d"} | ret=SUCCESS |  
2025-10-16 19:48:56,722 | INFO  | OMAudit | user=user2 | ip=127.0.0.1 | op=READ_BUCKET {"volume":"a462a07e-50a4-4ffa-ad07-58359147da60","bucket":"f0062e05-465f-4066-91cc-4a4ae8fe332d"} | ret=SUCCESS |  
2025-10-16 19:48:56,724 | INFO  | SCMAudit | user=runner | ip=127.0.0.1 | op=ALLOCATE_BLOCK {"replication":"RATIS/ONE","owner":"omServiceIdDefault","size":"4194304","sampleBlocks":"[conID: 11 locID: 115816896921600211]","num":"1","client":"","allocated":"1"} | ret=SUCCESS |  
2025-10-16 19:48:56,727 | INFO  | OMAudit | user=user2 | ip=127.0.0.1 | op=ALLOCATE_KEY {"volume":"a462a07e-50a4-4ffa-ad07-58359147da60","bucket":"f0062e05-465f-4066-91cc-4a4ae8fe332d","key":"key2","dataSize":"10","replicationType":"RATIS","replicationFactor":"ONE","Transaction":"775"} | ret=SUCCESS |  
2025-10-16 19:48:56,735 | INFO  | SCMAudit | user=runner | ip=127.0.0.1 | op=SEND_HEARTBEAT {"datanodeUUID":"702cb173-5c73-4ecc-b5cd-c7b4a6b66aea","term":"2","command":"[]"} | ret=SUCCESS |  
2025-10-16 19:48:56,743 | INFO  | OMAudit | user=user2 | ip=127.0.0.1 | op=COMMIT_KEY {"volume":"a462a07e-50a4-4ffa-ad07-58359147da60","bucket":"f0062e05-465f-4066-91cc-4a4ae8fe332d","key":"key2","dataSize":"10","replicationType":"RATIS","replicationFactor":"ONE","Transaction":"776"} | ret=SUCCESS |  
2025-10-16 19:48:56,745 | INFO  | OMAudit | user=user2 | ip=127.0.0.1 | op=READ_KEY {"volume":"a462a07e-50a4-4ffa-ad07-58359147da60","bucket":"f0062e05-465f-4066-91cc-4a4ae8fe332d","key":"key2","owner":null,"dataSize":"0","replicationConfig":null} | ret=SUCCESS |  
2025-10-16 19:48:56,749 | INFO  | OMAudit | user=runner | ip=127.0.0.1 | op=GET_SERVICE_LIST {} | ret=SUCCESS |  
2025-10-16 19:48:56,751 | INFO  | OMAudit | user=runner | ip=127.0.0.1 | op=READ_VOLUME {"volume":"a462a07e-50a4-4ffa-ad07-58359147da60"} | ret=SUCCESS |  
2025-10-16 19:48:56,752 | INFO  | OMAudit | user=runner | ip=127.0.0.1 | op=READ_BUCKET {"volume":"a462a07e-50a4-4ffa-ad07-58359147da60","bucket":"f0062e05-465f-4066-91cc-4a4ae8fe332d"} | ret=SUCCESS |  
2025-10-16 19:48:56,753 | INFO  | OMAudit | user=runner | ip=127.0.0.1 | op=READ_KEY {"volume":"a462a07e-50a4-4ffa-ad07-58359147da60","bucket":"f0062e05-465f-4066-91cc-4a4ae8fe332d","key":"key1","owner":null,"dataSize":"0","replicationConfig":null} | ret=SUCCESS |  
2025-10-16 19:48:56,755 | INFO  | OMAudit | user=runner | ip=127.0.0.1 | op=READ_KEY {"volume":"a462a07e-50a4-4ffa-ad07-58359147da60","bucket":"f0062e05-465f-4066-91cc-4a4ae8fe332d","key":"key2","owner":null,"dataSize":"0","replicationConfig":null} | ret=SUCCESS |  
2025-10-16 19:48:56,756 | INFO  | OMAudit | user=runner | ip=127.0.0.1 | op=READ_KEY {"volume":"a462a07e-50a4-4ffa-ad07-58359147da60","bucket":"f0062e05-465f-4066-91cc-4a4ae8fe332d","key":"key1","owner":null,"dataSize":"0","replicationConfig":null} | ret=SUCCESS |  
2025-10-16 19:48:56,758 | INFO  | OMAudit | user=runner | ip=127.0.0.1 | op=READ_KEY {"volume":"a462a07e-50a4-4ffa-ad07-58359147da60","bucket":"f0062e05-465f-4066-91cc-4a4ae8fe332d","key":"key2","owner":null,"dataSize":"0","replicationConfig":null} | ret=SUCCESS |  
2025-10-16 19:48:56,762 | INFO  | OMAudit | user=runner | ip=127.0.0.1 | op=GET_SERVICE_LIST {} | ret=SUCCESS |  
]]></system-out>
  </testcase>
  <testcase name="testKeyReadWriteForGDPR" classname="org.apache.hadoop.ozone.client.rpc.TestSecureOzoneRpcClient" time="0.049">
    <system-out><![CDATA[2025-10-16 19:48:56,765 [ForkJoinPool-1-worker-1] INFO  rpc.RpcClient (RpcClient.java:createVolume(461)) - Creating Volume: 70f30754-dde3-4b79-a488-8f1ab70c3f65, with runner as owner and space quota set to -1 bytes, counts quota set to -1
2025-10-16 19:48:56,767 [om1-OMStateMachineApplyTransactionThread - 0] INFO  volume.OMVolumeCreateRequest (OMVolumeCreateRequest.java:validateAndUpdateCache(213)) - created volume:70f30754-dde3-4b79-a488-8f1ab70c3f65 for user:runner
2025-10-16 19:48:56,767 | INFO  | OMAudit | user=runner | ip=127.0.0.1 | op=CREATE_VOLUME {"admin":"runner","owner":"runner","volume":"70f30754-dde3-4b79-a488-8f1ab70c3f65","creationTime":"1760644136766","modificationTime":"1760644136766","quotaInBytes":"-1","quotaInNamespace":"-1","usedNamespace":"0","objectID":"-9223372036854576896","updateID":"777","Transaction":"777"} | ret=SUCCESS |  
2025-10-16 19:48:56,769 | INFO  | OMAudit | user=runner | ip=127.0.0.1 | op=READ_VOLUME {"volume":"70f30754-dde3-4b79-a488-8f1ab70c3f65"} | ret=SUCCESS |  
2025-10-16 19:48:56,769 [ForkJoinPool-1-worker-1] INFO  rpc.RpcClient (RpcClient.java:createBucket(686)) - Creating Bucket: 70f30754-dde3-4b79-a488-8f1ab70c3f65/e953b834-b37f-4d46-baee-0a03e01e0b32, with bucket layout OBJECT_STORE, runner as owner, Versioning false, Storage Type set to DISK and Encryption set to false, Replication Type set to server-side default replication type, Namespace Quota set to -1, Space Quota set to -1 
2025-10-16 19:48:56,771 [om1-OMStateMachineApplyTransactionThread - 0] INFO  bucket.OMBucketCreateRequest (OMBucketCreateRequest.java:validateAndUpdateCache(303)) - created bucket: e953b834-b37f-4d46-baee-0a03e01e0b32 of layout OBJECT_STORE in volume: 70f30754-dde3-4b79-a488-8f1ab70c3f65
2025-10-16 19:48:56,771 | INFO  | OMAudit | user=runner | ip=127.0.0.1 | op=CREATE_BUCKET {"volume":"70f30754-dde3-4b79-a488-8f1ab70c3f65","bucket":"e953b834-b37f-4d46-baee-0a03e01e0b32","bucketLayout":"OBJECT_STORE","gdprEnabled":"true","acls":"[user:runner:a[ACCESS], group:runner:rl[ACCESS]]","isVersionEnabled":"false","storageType":"DISK","creationTime":"1760644136770","bucketEncryptionKey":null,"modificationTime":"1760644136770","usedBytes":"0","usedNamespace":"0","snapshotUsedBytes":"0","snapshotUsedNamespace":"0","owner":"runner","replicationType":null,"replicationConfig":null,"quotaInBytes":"-1","quotaInNamespace":"-1","Transaction":"778"} | ret=SUCCESS |  
2025-10-16 19:48:56,773 | INFO  | OMAudit | user=runner | ip=127.0.0.1 | op=READ_BUCKET {"volume":"70f30754-dde3-4b79-a488-8f1ab70c3f65","bucket":"e953b834-b37f-4d46-baee-0a03e01e0b32"} | ret=SUCCESS |  
2025-10-16 19:48:56,774 | INFO  | OMAudit | user=runner | ip=127.0.0.1 | op=READ_BUCKET {"volume":"70f30754-dde3-4b79-a488-8f1ab70c3f65","bucket":"e953b834-b37f-4d46-baee-0a03e01e0b32"} | ret=SUCCESS |  
2025-10-16 19:48:56,775 | INFO  | SCMAudit | user=runner | ip=127.0.0.1 | op=ALLOCATE_BLOCK {"replication":"RATIS/ONE","owner":"omServiceIdDefault","size":"4194304","sampleBlocks":"[conID: 8 locID: 115816896921600212]","num":"1","client":"","allocated":"1"} | ret=SUCCESS |  
2025-10-16 19:48:56,777 | INFO  | OMAudit | user=runner | ip=127.0.0.1 | op=ALLOCATE_KEY {"volume":"70f30754-dde3-4b79-a488-8f1ab70c3f65","bucket":"e953b834-b37f-4d46-baee-0a03e01e0b32","key":"460fbd6c-168a-45f6-a58a-6a92c044447b","dataSize":"11","replicationType":"RATIS","replicationFactor":"ONE","Transaction":"779"} | ret=SUCCESS |  
2025-10-16 19:48:56,791 | INFO  | OMAudit | user=runner | ip=127.0.0.1 | op=COMMIT_KEY {"volume":"70f30754-dde3-4b79-a488-8f1ab70c3f65","bucket":"e953b834-b37f-4d46-baee-0a03e01e0b32","key":"460fbd6c-168a-45f6-a58a-6a92c044447b","dataSize":"16","replicationType":"RATIS","replicationFactor":"ONE","Transaction":"780"} | ret=SUCCESS |  
2025-10-16 19:48:56,794 | INFO  | OMAudit | user=runner | ip=127.0.0.1 | op=READ_KEY {"volume":"70f30754-dde3-4b79-a488-8f1ab70c3f65","bucket":"e953b834-b37f-4d46-baee-0a03e01e0b32","key":"460fbd6c-168a-45f6-a58a-6a92c044447b","owner":null,"dataSize":"0","replicationConfig":null} | ret=SUCCESS |  
2025-10-16 19:48:56,796 | INFO  | OMAudit | user=runner | ip=127.0.0.1 | op=READ_KEY {"volume":"70f30754-dde3-4b79-a488-8f1ab70c3f65","bucket":"e953b834-b37f-4d46-baee-0a03e01e0b32","key":"460fbd6c-168a-45f6-a58a-6a92c044447b","owner":null,"dataSize":"0","replicationConfig":null} | ret=SUCCESS |  
2025-10-16 19:48:56,804 | INFO  | SCMAudit | user=runner | ip=127.0.0.1 | op=GET_CONTAINER_WITH_PIPELINE_BATCH {"containerIDs":"#8,"} | ret=SUCCESS |  
2025-10-16 19:48:56,805 | INFO  | OMAudit | user=null | ip= | op=READ_KEY {"volume":"70f30754-dde3-4b79-a488-8f1ab70c3f65","bucket":"e953b834-b37f-4d46-baee-0a03e01e0b32","key":"460fbd6c-168a-45f6-a58a-6a92c044447b","owner":null,"dataSize":"0","replicationConfig":null} | ret=SUCCESS |  
2025-10-16 19:48:56,805 | INFO  | SCMAudit | user=runner | ip=127.0.0.1 | op=GET_CONTAINER {"containerID":"8"} | ret=SUCCESS |  
2025-10-16 19:48:56,807 | INFO  | OMAudit | user=runner | ip=127.0.0.1 | op=READ_KEY {"volume":"70f30754-dde3-4b79-a488-8f1ab70c3f65","bucket":"e953b834-b37f-4d46-baee-0a03e01e0b32","key":"460fbd6c-168a-45f6-a58a-6a92c044447b","owner":null,"dataSize":"0","replicationConfig":null} | ret=SUCCESS |  
2025-10-16 19:48:56,808 | INFO  | OMAudit | user=runner | ip=127.0.0.1 | op=READ_KEY {"volume":"70f30754-dde3-4b79-a488-8f1ab70c3f65","bucket":"e953b834-b37f-4d46-baee-0a03e01e0b32","key":"460fbd6c-168a-45f6-a58a-6a92c044447b","owner":null,"dataSize":"0","replicationConfig":null} | ret=SUCCESS |  
]]></system-out>
  </testcase>
  <testcase name="testKeysRename" classname="org.apache.hadoop.ozone.client.rpc.TestSecureOzoneRpcClient" time="0.066">
    <system-out><![CDATA[2025-10-16 19:48:56,814 [ForkJoinPool-1-worker-1] INFO  rpc.RpcClient (RpcClient.java:createVolume(461)) - Creating Volume: 24bea544-1358-459c-8cbf-22f979aeec4c, with runner as owner and space quota set to -1 bytes, counts quota set to -1
2025-10-16 19:48:56,816 [om1-OMStateMachineApplyTransactionThread - 0] INFO  volume.OMVolumeCreateRequest (OMVolumeCreateRequest.java:validateAndUpdateCache(213)) - created volume:24bea544-1358-459c-8cbf-22f979aeec4c for user:runner
2025-10-16 19:48:56,816 | INFO  | OMAudit | user=runner | ip=127.0.0.1 | op=CREATE_VOLUME {"admin":"runner","owner":"runner","volume":"24bea544-1358-459c-8cbf-22f979aeec4c","creationTime":"1760644136815","modificationTime":"1760644136815","quotaInBytes":"-1","quotaInNamespace":"-1","usedNamespace":"0","objectID":"-9223372036854575872","updateID":"781","Transaction":"781"} | ret=SUCCESS |  
2025-10-16 19:48:56,817 | INFO  | OMAudit | user=runner | ip=127.0.0.1 | op=READ_VOLUME {"volume":"24bea544-1358-459c-8cbf-22f979aeec4c"} | ret=SUCCESS |  
2025-10-16 19:48:56,818 [ForkJoinPool-1-worker-1] INFO  rpc.RpcClient (RpcClient.java:createBucket(686)) - Creating Bucket: 24bea544-1358-459c-8cbf-22f979aeec4c/44bea61c-ebbe-445b-9b29-5c67c5815ad4, with bucket layout OBJECT_STORE, runner as owner, Versioning false, Storage Type set to DISK and Encryption set to false, Replication Type set to server-side default replication type, Namespace Quota set to -1, Space Quota set to -1 
2025-10-16 19:48:56,820 [om1-OMStateMachineApplyTransactionThread - 0] INFO  bucket.OMBucketCreateRequest (OMBucketCreateRequest.java:validateAndUpdateCache(303)) - created bucket: 44bea61c-ebbe-445b-9b29-5c67c5815ad4 of layout OBJECT_STORE in volume: 24bea544-1358-459c-8cbf-22f979aeec4c
2025-10-16 19:48:56,820 | INFO  | OMAudit | user=runner | ip=127.0.0.1 | op=CREATE_BUCKET {"volume":"24bea544-1358-459c-8cbf-22f979aeec4c","bucket":"44bea61c-ebbe-445b-9b29-5c67c5815ad4","bucketLayout":"OBJECT_STORE","gdprEnabled":null,"acls":"[user:runner:a[ACCESS], group:runner:rl[ACCESS]]","isVersionEnabled":"false","storageType":"DISK","creationTime":"1760644136819","bucketEncryptionKey":null,"modificationTime":"1760644136819","usedBytes":"0","usedNamespace":"0","snapshotUsedBytes":"0","snapshotUsedNamespace":"0","owner":"runner","replicationType":null,"replicationConfig":null,"quotaInBytes":"-1","quotaInNamespace":"-1","Transaction":"782"} | ret=SUCCESS |  
2025-10-16 19:48:56,822 | INFO  | OMAudit | user=runner | ip=127.0.0.1 | op=READ_BUCKET {"volume":"24bea544-1358-459c-8cbf-22f979aeec4c","bucket":"44bea61c-ebbe-445b-9b29-5c67c5815ad4"} | ret=SUCCESS |  
2025-10-16 19:48:56,823 | INFO  | OMAudit | user=runner | ip=127.0.0.1 | op=READ_BUCKET {"volume":"24bea544-1358-459c-8cbf-22f979aeec4c","bucket":"44bea61c-ebbe-445b-9b29-5c67c5815ad4"} | ret=SUCCESS |  
2025-10-16 19:48:56,824 | INFO  | SCMAudit | user=runner | ip=127.0.0.1 | op=ALLOCATE_BLOCK {"replication":"RATIS/ONE","owner":"omServiceIdDefault","size":"4194304","sampleBlocks":"[conID: 5 locID: 115816896921600213]","num":"1","client":"","allocated":"1"} | ret=SUCCESS |  
2025-10-16 19:48:56,827 | INFO  | OMAudit | user=runner | ip=127.0.0.1 | op=ALLOCATE_KEY {"volume":"24bea544-1358-459c-8cbf-22f979aeec4c","bucket":"44bea61c-ebbe-445b-9b29-5c67c5815ad4","key":"dir/file1","dataSize":"12","replicationType":"RATIS","replicationFactor":"ONE","Transaction":"783"} | ret=SUCCESS |  
2025-10-16 19:48:56,840 | INFO  | OMAudit | user=runner | ip=127.0.0.1 | op=COMMIT_KEY {"volume":"24bea544-1358-459c-8cbf-22f979aeec4c","bucket":"44bea61c-ebbe-445b-9b29-5c67c5815ad4","key":"dir/file1","dataSize":"12","replicationType":"RATIS","replicationFactor":"ONE","Transaction":"784"} | ret=SUCCESS |  
2025-10-16 19:48:56,843 | INFO  | OMAudit | user=runner | ip=127.0.0.1 | op=READ_KEY {"volume":"24bea544-1358-459c-8cbf-22f979aeec4c","bucket":"44bea61c-ebbe-445b-9b29-5c67c5815ad4","key":"dir/file1","owner":null,"dataSize":"0","replicationConfig":null} | ret=SUCCESS |  
2025-10-16 19:48:56,844 | INFO  | OMAudit | user=runner | ip=127.0.0.1 | op=READ_BUCKET {"volume":"24bea544-1358-459c-8cbf-22f979aeec4c","bucket":"44bea61c-ebbe-445b-9b29-5c67c5815ad4"} | ret=SUCCESS |  
2025-10-16 19:48:56,845 | INFO  | SCMAudit | user=runner | ip=127.0.0.1 | op=ALLOCATE_BLOCK {"replication":"RATIS/ONE","owner":"omServiceIdDefault","size":"4194304","sampleBlocks":"[conID: 13 locID: 115816896921600214]","num":"1","client":"","allocated":"1"} | ret=SUCCESS |  
2025-10-16 19:48:56,848 | INFO  | OMAudit | user=runner | ip=127.0.0.1 | op=ALLOCATE_KEY {"volume":"24bea544-1358-459c-8cbf-22f979aeec4c","bucket":"44bea61c-ebbe-445b-9b29-5c67c5815ad4","key":"dir/file2","dataSize":"12","replicationType":"RATIS","replicationFactor":"ONE","Transaction":"785"} | ret=SUCCESS |  
2025-10-16 19:48:56,858 | INFO  | OMAudit | user=runner | ip=127.0.0.1 | op=COMMIT_KEY {"volume":"24bea544-1358-459c-8cbf-22f979aeec4c","bucket":"44bea61c-ebbe-445b-9b29-5c67c5815ad4","key":"dir/file2","dataSize":"12","replicationType":"RATIS","replicationFactor":"ONE","Transaction":"786"} | ret=SUCCESS |  
2025-10-16 19:48:56,860 | INFO  | OMAudit | user=runner | ip=127.0.0.1 | op=READ_KEY {"volume":"24bea544-1358-459c-8cbf-22f979aeec4c","bucket":"44bea61c-ebbe-445b-9b29-5c67c5815ad4","key":"dir/file2","owner":null,"dataSize":"0","replicationConfig":null} | ret=SUCCESS |  
2025-10-16 19:48:56,872 | INFO  | OMAudit | user=runner | ip=127.0.0.1 | op=RENAME_KEYS {"volume":"24bea544-1358-459c-8cbf-22f979aeec4c","bucket":"44bea61c-ebbe-445b-9b29-5c67c5815ad4","renamedKeysMap":"{dir/file2=dir/key2, dir/file1=dir/key1}","unRenamedKeysMap":"{}","Transaction":"787"} | ret=SUCCESS |  
2025-10-16 19:48:56,875 | INFO  | OMAudit | user=runner | ip=127.0.0.1 | op=READ_KEY {"volume":"24bea544-1358-459c-8cbf-22f979aeec4c","bucket":"44bea61c-ebbe-445b-9b29-5c67c5815ad4","key":"dir/key1","owner":null,"dataSize":"0","replicationConfig":null} | ret=SUCCESS |  
2025-10-16 19:48:56,876 | INFO  | OMAudit | user=runner | ip=127.0.0.1 | op=READ_KEY {"volume":"24bea544-1358-459c-8cbf-22f979aeec4c","bucket":"44bea61c-ebbe-445b-9b29-5c67c5815ad4","key":"dir/key2","owner":null,"dataSize":"0","replicationConfig":null} | ret=SUCCESS |  
2025-10-16 19:48:56,878 | ERROR | OMAudit | user=runner | ip=127.0.0.1 | op=READ_KEY {"volume":"24bea544-1358-459c-8cbf-22f979aeec4c","bucket":"44bea61c-ebbe-445b-9b29-5c67c5815ad4","key":"dir/file1","owner":null,"dataSize":"0","replicationConfig":null} | ret=FAILURE | 
org.apache.hadoop.ozone.om.exceptions.OMException: Key:dir/file1 not found
	at org.apache.hadoop.ozone.om.KeyManagerImpl.readKeyInfo(KeyManagerImpl.java:614)
	at org.apache.hadoop.ozone.om.KeyManagerImpl.lambda$22(KeyManagerImpl.java:2340)
 
2025-10-16 19:48:56,879 | ERROR | OMAudit | user=runner | ip=127.0.0.1 | op=READ_KEY {"volume":"24bea544-1358-459c-8cbf-22f979aeec4c","bucket":"44bea61c-ebbe-445b-9b29-5c67c5815ad4","key":"dir/file2","owner":null,"dataSize":"0","replicationConfig":null} | ret=FAILURE | 
org.apache.hadoop.ozone.om.exceptions.OMException: Key:dir/file2 not found
	at org.apache.hadoop.ozone.om.KeyManagerImpl.readKeyInfo(KeyManagerImpl.java:614)
	at org.apache.hadoop.ozone.om.KeyManagerImpl.lambda$22(KeyManagerImpl.java:2340)
 
]]></system-out>
  </testcase>
  <testcase name="testKeysRenameFail" classname="org.apache.hadoop.ozone.client.rpc.TestSecureOzoneRpcClient" time="0.032">
    <system-out><![CDATA[2025-10-16 19:48:56,880 [ForkJoinPool-1-worker-1] INFO  rpc.RpcClient (RpcClient.java:createVolume(461)) - Creating Volume: c2279d01-331b-4555-ae3c-fb63c8757de0, with runner as owner and space quota set to -1 bytes, counts quota set to -1
2025-10-16 19:48:56,882 [om1-OMStateMachineApplyTransactionThread - 0] INFO  volume.OMVolumeCreateRequest (OMVolumeCreateRequest.java:validateAndUpdateCache(213)) - created volume:c2279d01-331b-4555-ae3c-fb63c8757de0 for user:runner
2025-10-16 19:48:56,882 | INFO  | OMAudit | user=runner | ip=127.0.0.1 | op=CREATE_VOLUME {"admin":"runner","owner":"runner","volume":"c2279d01-331b-4555-ae3c-fb63c8757de0","creationTime":"1760644136881","modificationTime":"1760644136881","quotaInBytes":"-1","quotaInNamespace":"-1","usedNamespace":"0","objectID":"-9223372036854574080","updateID":"788","Transaction":"788"} | ret=SUCCESS |  
2025-10-16 19:48:56,884 | INFO  | OMAudit | user=runner | ip=127.0.0.1 | op=READ_VOLUME {"volume":"c2279d01-331b-4555-ae3c-fb63c8757de0"} | ret=SUCCESS |  
2025-10-16 19:48:56,885 [ForkJoinPool-1-worker-1] INFO  rpc.RpcClient (RpcClient.java:createBucket(686)) - Creating Bucket: c2279d01-331b-4555-ae3c-fb63c8757de0/57f2d0ca-6898-45ae-a903-dcdf263113f5, with bucket layout OBJECT_STORE, runner as owner, Versioning false, Storage Type set to DISK and Encryption set to false, Replication Type set to server-side default replication type, Namespace Quota set to -1, Space Quota set to -1 
2025-10-16 19:48:56,886 [om1-OMStateMachineApplyTransactionThread - 0] INFO  bucket.OMBucketCreateRequest (OMBucketCreateRequest.java:validateAndUpdateCache(303)) - created bucket: 57f2d0ca-6898-45ae-a903-dcdf263113f5 of layout OBJECT_STORE in volume: c2279d01-331b-4555-ae3c-fb63c8757de0
2025-10-16 19:48:56,886 | INFO  | OMAudit | user=runner | ip=127.0.0.1 | op=CREATE_BUCKET {"volume":"c2279d01-331b-4555-ae3c-fb63c8757de0","bucket":"57f2d0ca-6898-45ae-a903-dcdf263113f5","bucketLayout":"OBJECT_STORE","gdprEnabled":null,"acls":"[user:runner:a[ACCESS], group:runner:rl[ACCESS]]","isVersionEnabled":"false","storageType":"DISK","creationTime":"1760644136885","bucketEncryptionKey":null,"modificationTime":"1760644136885","usedBytes":"0","usedNamespace":"0","snapshotUsedBytes":"0","snapshotUsedNamespace":"0","owner":"runner","replicationType":null,"replicationConfig":null,"quotaInBytes":"-1","quotaInNamespace":"-1","Transaction":"789"} | ret=SUCCESS |  
2025-10-16 19:48:56,888 | INFO  | OMAudit | user=runner | ip=127.0.0.1 | op=READ_BUCKET {"volume":"c2279d01-331b-4555-ae3c-fb63c8757de0","bucket":"57f2d0ca-6898-45ae-a903-dcdf263113f5"} | ret=SUCCESS |  
2025-10-16 19:48:56,889 | INFO  | OMAudit | user=runner | ip=127.0.0.1 | op=READ_BUCKET {"volume":"c2279d01-331b-4555-ae3c-fb63c8757de0","bucket":"57f2d0ca-6898-45ae-a903-dcdf263113f5"} | ret=SUCCESS |  
2025-10-16 19:48:56,890 | INFO  | SCMAudit | user=runner | ip=127.0.0.1 | op=ALLOCATE_BLOCK {"replication":"RATIS/ONE","owner":"omServiceIdDefault","size":"4194304","sampleBlocks":"[conID: 12 locID: 115816896921600215]","num":"1","client":"","allocated":"1"} | ret=SUCCESS |  
2025-10-16 19:48:56,892 | INFO  | OMAudit | user=runner | ip=127.0.0.1 | op=ALLOCATE_KEY {"volume":"c2279d01-331b-4555-ae3c-fb63c8757de0","bucket":"57f2d0ca-6898-45ae-a903-dcdf263113f5","key":"dir/file1","dataSize":"12","replicationType":"RATIS","replicationFactor":"ONE","Transaction":"790"} | ret=SUCCESS |  
2025-10-16 19:48:56,904 | INFO  | OMAudit | user=runner | ip=127.0.0.1 | op=COMMIT_KEY {"volume":"c2279d01-331b-4555-ae3c-fb63c8757de0","bucket":"57f2d0ca-6898-45ae-a903-dcdf263113f5","key":"dir/file1","dataSize":"12","replicationType":"RATIS","replicationFactor":"ONE","Transaction":"791"} | ret=SUCCESS |  
2025-10-16 19:48:56,906 | INFO  | OMAudit | user=runner | ip=127.0.0.1 | op=READ_KEY {"volume":"c2279d01-331b-4555-ae3c-fb63c8757de0","bucket":"57f2d0ca-6898-45ae-a903-dcdf263113f5","key":"dir/file1","owner":null,"dataSize":"0","replicationConfig":null} | ret=SUCCESS |  
2025-10-16 19:48:56,908 [om1-OMStateMachineApplyTransactionThread - 0] ERROR key.OMKeysRenameRequest (OMKeysRenameRequest.java:validateAndUpdateCache(190)) - Received a request to rename a Key does not exist /c2279d01-331b-4555-ae3c-fb63c8757de0/57f2d0ca-6898-45ae-a903-dcdf263113f5/dir/file2
2025-10-16 19:48:56,908 | INFO  | OMAudit | user=runner | ip=127.0.0.1 | op=RENAME_KEYS {"volume":"c2279d01-331b-4555-ae3c-fb63c8757de0","bucket":"57f2d0ca-6898-45ae-a903-dcdf263113f5","renamedKeysMap":"{dir/file1=dir/key1}","unRenamedKeysMap":"{dir/file2=dir/key2}","Transaction":"792"} | ret=SUCCESS |  
2025-10-16 19:48:56,910 | INFO  | OMAudit | user=runner | ip=127.0.0.1 | op=READ_KEY {"volume":"c2279d01-331b-4555-ae3c-fb63c8757de0","bucket":"57f2d0ca-6898-45ae-a903-dcdf263113f5","key":"dir/key1","owner":null,"dataSize":"0","replicationConfig":null} | ret=SUCCESS |  
2025-10-16 19:48:56,911 | ERROR | OMAudit | user=runner | ip=127.0.0.1 | op=READ_KEY {"volume":"c2279d01-331b-4555-ae3c-fb63c8757de0","bucket":"57f2d0ca-6898-45ae-a903-dcdf263113f5","key":"dir/file2","owner":null,"dataSize":"0","replicationConfig":null} | ret=FAILURE | 
org.apache.hadoop.ozone.om.exceptions.OMException: Key:dir/file2 not found
	at org.apache.hadoop.ozone.om.KeyManagerImpl.readKeyInfo(KeyManagerImpl.java:614)
	at org.apache.hadoop.ozone.om.KeyManagerImpl.lambda$22(KeyManagerImpl.java:2340)
 
]]></system-out>
  </testcase>
  <testcase name="testListBucket" classname="org.apache.hadoop.ozone.client.rpc.TestSecureOzoneRpcClient" time="0.304">
    <system-out><![CDATA[2025-10-16 19:48:56,913 [ForkJoinPool-1-worker-1] INFO  rpc.RpcClient (RpcClient.java:createVolume(461)) - Creating Volume: vol-a-52140, with runner as owner and space quota set to -1 bytes, counts quota set to -1
2025-10-16 19:48:56,915 [om1-OMStateMachineApplyTransactionThread - 0] INFO  volume.OMVolumeCreateRequest (OMVolumeCreateRequest.java:validateAndUpdateCache(213)) - created volume:vol-a-52140 for user:runner
2025-10-16 19:48:56,915 | INFO  | OMAudit | user=runner | ip=127.0.0.1 | op=CREATE_VOLUME {"admin":"runner","owner":"runner","volume":"vol-a-52140","creationTime":"1760644136914","modificationTime":"1760644136914","quotaInBytes":"-1","quotaInNamespace":"-1","usedNamespace":"0","objectID":"-9223372036854572800","updateID":"793","Transaction":"793"} | ret=SUCCESS |  
2025-10-16 19:48:56,916 [ForkJoinPool-1-worker-1] INFO  rpc.RpcClient (RpcClient.java:createVolume(461)) - Creating Volume: vol-b-17770, with runner as owner and space quota set to -1 bytes, counts quota set to -1
2025-10-16 19:48:56,918 [om1-OMStateMachineApplyTransactionThread - 0] INFO  volume.OMVolumeCreateRequest (OMVolumeCreateRequest.java:validateAndUpdateCache(213)) - created volume:vol-b-17770 for user:runner
2025-10-16 19:48:56,918 | INFO  | OMAudit | user=runner | ip=127.0.0.1 | op=CREATE_VOLUME {"admin":"runner","owner":"runner","volume":"vol-b-17770","creationTime":"1760644136917","modificationTime":"1760644136917","quotaInBytes":"-1","quotaInNamespace":"-1","usedNamespace":"0","objectID":"-9223372036854572544","updateID":"794","Transaction":"794"} | ret=SUCCESS |  
2025-10-16 19:48:56,918 | INFO  | SCMAudit | user=runner | ip=127.0.0.1 | op=SEND_HEARTBEAT {"datanodeUUID":"f700af26-0e26-4136-9205-9509c82c8c70","term":"2","command":"[]"} | ret=SUCCESS |  
2025-10-16 19:48:56,920 | INFO  | OMAudit | user=runner | ip=127.0.0.1 | op=READ_VOLUME {"volume":"vol-a-52140"} | ret=SUCCESS |  
2025-10-16 19:48:56,921 | INFO  | OMAudit | user=runner | ip=127.0.0.1 | op=READ_VOLUME {"volume":"vol-b-17770"} | ret=SUCCESS |  
2025-10-16 19:48:56,921 [ForkJoinPool-1-worker-1] INFO  rpc.RpcClient (RpcClient.java:createBucket(686)) - Creating Bucket: vol-a-52140/bucket-a-0-10626, with server-side default bucket layout, runner as owner, Versioning false, Storage Type set to DISK and Encryption set to false, Replication Type set to server-side default replication type, Namespace Quota set to -1, Space Quota set to -1 
2025-10-16 19:48:56,923 [om1-OMStateMachineApplyTransactionThread - 0] INFO  bucket.OMBucketCreateRequest (OMBucketCreateRequest.java:validateAndUpdateCache(303)) - created bucket: bucket-a-0-10626 of layout FILE_SYSTEM_OPTIMIZED in volume: vol-a-52140
2025-10-16 19:48:56,923 | INFO  | OMAudit | user=runner | ip=127.0.0.1 | op=CREATE_BUCKET {"volume":"vol-a-52140","bucket":"bucket-a-0-10626","bucketLayout":"FILE_SYSTEM_OPTIMIZED","gdprEnabled":null,"acls":"[user:runner:a[ACCESS], group:runner:rl[ACCESS]]","isVersionEnabled":"false","storageType":"DISK","creationTime":"1760644136922","bucketEncryptionKey":null,"modificationTime":"1760644136922","usedBytes":"0","usedNamespace":"0","snapshotUsedBytes":"0","snapshotUsedNamespace":"0","owner":"runner","replicationType":null,"replicationConfig":null,"quotaInBytes":"-1","quotaInNamespace":"-1","Transaction":"795"} | ret=SUCCESS |  
2025-10-16 19:48:56,937 [om1-OMStateMachineApplyTransactionThread - 0] INFO  snapshot.OMSnapshotCreateRequest (OMSnapshotCreateRequest.java:validateAndUpdateCache(228)) - Created snapshot: 's20251016-194856.931' with snapshotId: '9f859ff6-ddc5-4977-887f-7c8868625390' under path 'vol-a-52140/bucket-a-0-10626'
2025-10-16 19:48:56,937 | INFO  | OMAudit | user=runner | ip=127.0.0.1 | op=CREATE_SNAPSHOT {"volume":"vol-a-52140","bucket":"bucket-a-0-10626","snapshotName":"s20251016-194856.931","Transaction":"796"} | ret=SUCCESS |  
2025-10-16 19:48:56,939 [ForkJoinPool-1-worker-1] INFO  rpc.RpcClient (RpcClient.java:createBucket(686)) - Creating Bucket: vol-b-17770/bucket-a-0-72561, with server-side default bucket layout, runner as owner, Versioning false, Storage Type set to DISK and Encryption set to false, Replication Type set to server-side default replication type, Namespace Quota set to -1, Space Quota set to -1 
2025-10-16 19:48:56,942 [om1-OMStateMachineApplyTransactionThread - 0] INFO  bucket.OMBucketCreateRequest (OMBucketCreateRequest.java:validateAndUpdateCache(303)) - created bucket: bucket-a-0-72561 of layout FILE_SYSTEM_OPTIMIZED in volume: vol-b-17770
2025-10-16 19:48:56,942 | INFO  | OMAudit | user=runner | ip=127.0.0.1 | op=CREATE_BUCKET {"volume":"vol-b-17770","bucket":"bucket-a-0-72561","bucketLayout":"FILE_SYSTEM_OPTIMIZED","gdprEnabled":null,"acls":"[user:runner:a[ACCESS], group:runner:rl[ACCESS]]","isVersionEnabled":"false","storageType":"DISK","creationTime":"1760644136941","bucketEncryptionKey":null,"modificationTime":"1760644136941","usedBytes":"0","usedNamespace":"0","snapshotUsedBytes":"0","snapshotUsedNamespace":"0","owner":"runner","replicationType":null,"replicationConfig":null,"quotaInBytes":"-1","quotaInNamespace":"-1","Transaction":"797"} | ret=SUCCESS |  
2025-10-16 19:48:56,944 [om1-OMStateMachineApplyTransactionThread - 0] INFO  snapshot.OMSnapshotCreateRequest (OMSnapshotCreateRequest.java:validateAndUpdateCache(228)) - Created snapshot: 's20251016-194856.943' with snapshotId: 'c70b61dd-b310-4443-b1a6-f980155f0ea7' under path 'vol-b-17770/bucket-a-0-72561'
2025-10-16 19:48:56,944 | INFO  | OMAudit | user=runner | ip=127.0.0.1 | op=CREATE_SNAPSHOT {"volume":"vol-b-17770","bucket":"bucket-a-0-72561","snapshotName":"s20251016-194856.943","Transaction":"798"} | ret=SUCCESS |  
2025-10-16 19:48:56,945 [ForkJoinPool-1-worker-1] INFO  rpc.RpcClient (RpcClient.java:createBucket(686)) - Creating Bucket: vol-a-52140/bucket-a-1-15103, with server-side default bucket layout, runner as owner, Versioning false, Storage Type set to DISK and Encryption set to false, Replication Type set to server-side default replication type, Namespace Quota set to -1, Space Quota set to -1 
2025-10-16 19:48:56,946 [om1-OMStateMachineApplyTransactionThread - 0] INFO  bucket.OMBucketCreateRequest (OMBucketCreateRequest.java:validateAndUpdateCache(303)) - created bucket: bucket-a-1-15103 of layout FILE_SYSTEM_OPTIMIZED in volume: vol-a-52140
2025-10-16 19:48:56,947 | INFO  | OMAudit | user=runner | ip=127.0.0.1 | op=CREATE_BUCKET {"volume":"vol-a-52140","bucket":"bucket-a-1-15103","bucketLayout":"FILE_SYSTEM_OPTIMIZED","gdprEnabled":null,"acls":"[user:runner:a[ACCESS], group:runner:rl[ACCESS]]","isVersionEnabled":"false","storageType":"DISK","creationTime":"1760644136946","bucketEncryptionKey":null,"modificationTime":"1760644136946","usedBytes":"0","usedNamespace":"0","snapshotUsedBytes":"0","snapshotUsedNamespace":"0","owner":"runner","replicationType":null,"replicationConfig":null,"quotaInBytes":"-1","quotaInNamespace":"-1","Transaction":"799"} | ret=SUCCESS |  
2025-10-16 19:48:56,948 [om1-OMStateMachineApplyTransactionThread - 0] INFO  snapshot.OMSnapshotCreateRequest (OMSnapshotCreateRequest.java:validateAndUpdateCache(228)) - Created snapshot: 's20251016-194856.948' with snapshotId: 'ddfa98b1-fb7f-4e23-b3ae-091e9d5645b3' under path 'vol-a-52140/bucket-a-1-15103'
2025-10-16 19:48:56,948 | INFO  | OMAudit | user=runner | ip=127.0.0.1 | op=CREATE_SNAPSHOT {"volume":"vol-a-52140","bucket":"bucket-a-1-15103","snapshotName":"s20251016-194856.948","Transaction":"800"} | ret=SUCCESS |  
2025-10-16 19:48:56,949 [ForkJoinPool-1-worker-1] INFO  rpc.RpcClient (RpcClient.java:createBucket(686)) - Creating Bucket: vol-b-17770/bucket-a-1-69726, with server-side default bucket layout, runner as owner, Versioning false, Storage Type set to DISK and Encryption set to false, Replication Type set to server-side default replication type, Namespace Quota set to -1, Space Quota set to -1 
2025-10-16 19:48:56,950 [om1-OMStateMachineApplyTransactionThread - 0] INFO  bucket.OMBucketCreateRequest (OMBucketCreateRequest.java:validateAndUpdateCache(303)) - created bucket: bucket-a-1-69726 of layout FILE_SYSTEM_OPTIMIZED in volume: vol-b-17770
2025-10-16 19:48:56,950 | INFO  | OMAudit | user=runner | ip=127.0.0.1 | op=CREATE_BUCKET {"volume":"vol-b-17770","bucket":"bucket-a-1-69726","bucketLayout":"FILE_SYSTEM_OPTIMIZED","gdprEnabled":null,"acls":"[user:runner:a[ACCESS], group:runner:rl[ACCESS]]","isVersionEnabled":"false","storageType":"DISK","creationTime":"1760644136950","bucketEncryptionKey":null,"modificationTime":"1760644136950","usedBytes":"0","usedNamespace":"0","snapshotUsedBytes":"0","snapshotUsedNamespace":"0","owner":"runner","replicationType":null,"replicationConfig":null,"quotaInBytes":"-1","quotaInNamespace":"-1","Transaction":"801"} | ret=SUCCESS |  
2025-10-16 19:48:56,953 [om1-OMStateMachineApplyTransactionThread - 0] INFO  snapshot.OMSnapshotCreateRequest (OMSnapshotCreateRequest.java:validateAndUpdateCache(228)) - Created snapshot: 's20251016-194856.952' with snapshotId: '824bd4be-bddc-4c7d-9bf4-37cc1e8f62d9' under path 'vol-b-17770/bucket-a-1-69726'
2025-10-16 19:48:56,953 | INFO  | OMAudit | user=runner | ip=127.0.0.1 | op=CREATE_SNAPSHOT {"volume":"vol-b-17770","bucket":"bucket-a-1-69726","snapshotName":"s20251016-194856.952","Transaction":"802"} | ret=SUCCESS |  
2025-10-16 19:48:56,955 [ForkJoinPool-1-worker-1] INFO  rpc.RpcClient (RpcClient.java:createBucket(686)) - Creating Bucket: vol-a-52140/bucket-a-2-15644, with server-side default bucket layout, runner as owner, Versioning false, Storage Type set to DISK and Encryption set to false, Replication Type set to server-side default replication type, Namespace Quota set to -1, Space Quota set to -1 
2025-10-16 19:48:56,956 [om1-OMStateMachineApplyTransactionThread - 0] INFO  bucket.OMBucketCreateRequest (OMBucketCreateRequest.java:validateAndUpdateCache(303)) - created bucket: bucket-a-2-15644 of layout FILE_SYSTEM_OPTIMIZED in volume: vol-a-52140
2025-10-16 19:48:56,956 | INFO  | OMAudit | user=runner | ip=127.0.0.1 | op=CREATE_BUCKET {"volume":"vol-a-52140","bucket":"bucket-a-2-15644","bucketLayout":"FILE_SYSTEM_OPTIMIZED","gdprEnabled":null,"acls":"[user:runner:a[ACCESS], group:runner:rl[ACCESS]]","isVersionEnabled":"false","storageType":"DISK","creationTime":"1760644136955","bucketEncryptionKey":null,"modificationTime":"1760644136955","usedBytes":"0","usedNamespace":"0","snapshotUsedBytes":"0","snapshotUsedNamespace":"0","owner":"runner","replicationType":null,"replicationConfig":null,"quotaInBytes":"-1","quotaInNamespace":"-1","Transaction":"803"} | ret=SUCCESS |  
2025-10-16 19:48:56,959 [om1-OMStateMachineApplyTransactionThread - 0] INFO  snapshot.OMSnapshotCreateRequest (OMSnapshotCreateRequest.java:validateAndUpdateCache(228)) - Created snapshot: 's20251016-194856.958' with snapshotId: 'ee9cf801-4b00-4094-aaaa-d37e589ebe80' under path 'vol-a-52140/bucket-a-2-15644'
2025-10-16 19:48:56,959 | INFO  | OMAudit | user=runner | ip=127.0.0.1 | op=CREATE_SNAPSHOT {"volume":"vol-a-52140","bucket":"bucket-a-2-15644","snapshotName":"s20251016-194856.958","Transaction":"804"} | ret=SUCCESS |  
2025-10-16 19:48:56,959 [ForkJoinPool-1-worker-1] INFO  rpc.RpcClient (RpcClient.java:createBucket(686)) - Creating Bucket: vol-b-17770/bucket-a-2-95351, with server-side default bucket layout, runner as owner, Versioning false, Storage Type set to DISK and Encryption set to false, Replication Type set to server-side default replication type, Namespace Quota set to -1, Space Quota set to -1 
2025-10-16 19:48:56,962 [om1-OMStateMachineApplyTransactionThread - 0] INFO  bucket.OMBucketCreateRequest (OMBucketCreateRequest.java:validateAndUpdateCache(303)) - created bucket: bucket-a-2-95351 of layout FILE_SYSTEM_OPTIMIZED in volume: vol-b-17770
2025-10-16 19:48:56,962 | INFO  | OMAudit | user=runner | ip=127.0.0.1 | op=CREATE_BUCKET {"volume":"vol-b-17770","bucket":"bucket-a-2-95351","bucketLayout":"FILE_SYSTEM_OPTIMIZED","gdprEnabled":null,"acls":"[user:runner:a[ACCESS], group:runner:rl[ACCESS]]","isVersionEnabled":"false","storageType":"DISK","creationTime":"1760644136961","bucketEncryptionKey":null,"modificationTime":"1760644136961","usedBytes":"0","usedNamespace":"0","snapshotUsedBytes":"0","snapshotUsedNamespace":"0","owner":"runner","replicationType":null,"replicationConfig":null,"quotaInBytes":"-1","quotaInNamespace":"-1","Transaction":"805"} | ret=SUCCESS |  
2025-10-16 19:48:56,965 [om1-OMStateMachineApplyTransactionThread - 0] INFO  snapshot.OMSnapshotCreateRequest (OMSnapshotCreateRequest.java:validateAndUpdateCache(228)) - Created snapshot: 's20251016-194856.964' with snapshotId: '55efc420-f432-4243-a542-f514fe12283a' under path 'vol-b-17770/bucket-a-2-95351'
2025-10-16 19:48:56,965 | INFO  | OMAudit | user=runner | ip=127.0.0.1 | op=CREATE_SNAPSHOT {"volume":"vol-b-17770","bucket":"bucket-a-2-95351","snapshotName":"s20251016-194856.964","Transaction":"806"} | ret=SUCCESS |  
2025-10-16 19:48:56,967 [ForkJoinPool-1-worker-1] INFO  rpc.RpcClient (RpcClient.java:createBucket(686)) - Creating Bucket: vol-a-52140/bucket-a-3-64340, with server-side default bucket layout, runner as owner, Versioning false, Storage Type set to DISK and Encryption set to false, Replication Type set to server-side default replication type, Namespace Quota set to -1, Space Quota set to -1 
2025-10-16 19:48:56,971 [om1-OMStateMachineApplyTransactionThread - 0] INFO  bucket.OMBucketCreateRequest (OMBucketCreateRequest.java:validateAndUpdateCache(303)) - created bucket: bucket-a-3-64340 of layout FILE_SYSTEM_OPTIMIZED in volume: vol-a-52140
2025-10-16 19:48:56,972 | INFO  | OMAudit | user=runner | ip=127.0.0.1 | op=CREATE_BUCKET {"volume":"vol-a-52140","bucket":"bucket-a-3-64340","bucketLayout":"FILE_SYSTEM_OPTIMIZED","gdprEnabled":null,"acls":"[user:runner:a[ACCESS], group:runner:rl[ACCESS]]","isVersionEnabled":"false","storageType":"DISK","creationTime":"1760644136970","bucketEncryptionKey":null,"modificationTime":"1760644136970","usedBytes":"0","usedNamespace":"0","snapshotUsedBytes":"0","snapshotUsedNamespace":"0","owner":"runner","replicationType":null,"replicationConfig":null,"quotaInBytes":"-1","quotaInNamespace":"-1","Transaction":"807"} | ret=SUCCESS |  
2025-10-16 19:48:56,976 [om1-OMStateMachineApplyTransactionThread - 0] INFO  snapshot.OMSnapshotCreateRequest (OMSnapshotCreateRequest.java:validateAndUpdateCache(228)) - Created snapshot: 's20251016-194856.974' with snapshotId: '1ba6e125-c4a9-46cf-85a1-cb0c4519bec3' under path 'vol-a-52140/bucket-a-3-64340'
2025-10-16 19:48:56,976 | INFO  | OMAudit | user=runner | ip=127.0.0.1 | op=CREATE_SNAPSHOT {"volume":"vol-a-52140","bucket":"bucket-a-3-64340","snapshotName":"s20251016-194856.974","Transaction":"808"} | ret=SUCCESS |  
2025-10-16 19:48:56,977 [ForkJoinPool-1-worker-1] INFO  rpc.RpcClient (RpcClient.java:createBucket(686)) - Creating Bucket: vol-b-17770/bucket-a-3-36503, with server-side default bucket layout, runner as owner, Versioning false, Storage Type set to DISK and Encryption set to false, Replication Type set to server-side default replication type, Namespace Quota set to -1, Space Quota set to -1 
2025-10-16 19:48:56,980 [om1-OMStateMachineApplyTransactionThread - 0] INFO  bucket.OMBucketCreateRequest (OMBucketCreateRequest.java:validateAndUpdateCache(303)) - created bucket: bucket-a-3-36503 of layout FILE_SYSTEM_OPTIMIZED in volume: vol-b-17770
2025-10-16 19:48:56,981 | INFO  | OMAudit | user=runner | ip=127.0.0.1 | op=CREATE_BUCKET {"volume":"vol-b-17770","bucket":"bucket-a-3-36503","bucketLayout":"FILE_SYSTEM_OPTIMIZED","gdprEnabled":null,"acls":"[user:runner:a[ACCESS], group:runner:rl[ACCESS]]","isVersionEnabled":"false","storageType":"DISK","creationTime":"1760644136979","bucketEncryptionKey":null,"modificationTime":"1760644136979","usedBytes":"0","usedNamespace":"0","snapshotUsedBytes":"0","snapshotUsedNamespace":"0","owner":"runner","replicationType":null,"replicationConfig":null,"quotaInBytes":"-1","quotaInNamespace":"-1","Transaction":"809"} | ret=SUCCESS |  
2025-10-16 19:48:56,985 [om1-OMStateMachineApplyTransactionThread - 0] INFO  snapshot.OMSnapshotCreateRequest (OMSnapshotCreateRequest.java:validateAndUpdateCache(228)) - Created snapshot: 's20251016-194856.984' with snapshotId: '99ea0138-6ffd-4c49-9351-f6c285922c59' under path 'vol-b-17770/bucket-a-3-36503'
2025-10-16 19:48:56,985 | INFO  | OMAudit | user=runner | ip=127.0.0.1 | op=CREATE_SNAPSHOT {"volume":"vol-b-17770","bucket":"bucket-a-3-36503","snapshotName":"s20251016-194856.984","Transaction":"810"} | ret=SUCCESS |  
2025-10-16 19:48:56,986 [ForkJoinPool-1-worker-1] INFO  rpc.RpcClient (RpcClient.java:createBucket(686)) - Creating Bucket: vol-a-52140/bucket-a-4-38065, with server-side default bucket layout, runner as owner, Versioning false, Storage Type set to DISK and Encryption set to false, Replication Type set to server-side default replication type, Namespace Quota set to -1, Space Quota set to -1 
2025-10-16 19:48:56,988 [om1-OMStateMachineApplyTransactionThread - 0] INFO  bucket.OMBucketCreateRequest (OMBucketCreateRequest.java:validateAndUpdateCache(303)) - created bucket: bucket-a-4-38065 of layout FILE_SYSTEM_OPTIMIZED in volume: vol-a-52140
2025-10-16 19:48:56,988 | INFO  | OMAudit | user=runner | ip=127.0.0.1 | op=CREATE_BUCKET {"volume":"vol-a-52140","bucket":"bucket-a-4-38065","bucketLayout":"FILE_SYSTEM_OPTIMIZED","gdprEnabled":null,"acls":"[user:runner:a[ACCESS], group:runner:rl[ACCESS]]","isVersionEnabled":"false","storageType":"DISK","creationTime":"1760644136987","bucketEncryptionKey":null,"modificationTime":"1760644136987","usedBytes":"0","usedNamespace":"0","snapshotUsedBytes":"0","snapshotUsedNamespace":"0","owner":"runner","replicationType":null,"replicationConfig":null,"quotaInBytes":"-1","quotaInNamespace":"-1","Transaction":"811"} | ret=SUCCESS |  
2025-10-16 19:48:56,994 [om1-OMStateMachineApplyTransactionThread - 0] INFO  snapshot.OMSnapshotCreateRequest (OMSnapshotCreateRequest.java:validateAndUpdateCache(228)) - Created snapshot: 's20251016-194856.993' with snapshotId: '9be7b7d6-2641-4cc5-958b-dc0fc4e8efc9' under path 'vol-a-52140/bucket-a-4-38065'
2025-10-16 19:48:56,995 | INFO  | OMAudit | user=runner | ip=127.0.0.1 | op=CREATE_SNAPSHOT {"volume":"vol-a-52140","bucket":"bucket-a-4-38065","snapshotName":"s20251016-194856.993","Transaction":"812"} | ret=SUCCESS |  
2025-10-16 19:48:56,996 [ForkJoinPool-1-worker-1] INFO  rpc.RpcClient (RpcClient.java:createBucket(686)) - Creating Bucket: vol-b-17770/bucket-a-4-14852, with server-side default bucket layout, runner as owner, Versioning false, Storage Type set to DISK and Encryption set to false, Replication Type set to server-side default replication type, Namespace Quota set to -1, Space Quota set to -1 
2025-10-16 19:48:56,999 [om1-OMStateMachineApplyTransactionThread - 0] INFO  bucket.OMBucketCreateRequest (OMBucketCreateRequest.java:validateAndUpdateCache(303)) - created bucket: bucket-a-4-14852 of layout FILE_SYSTEM_OPTIMIZED in volume: vol-b-17770
2025-10-16 19:48:56,999 | INFO  | OMAudit | user=runner | ip=127.0.0.1 | op=CREATE_BUCKET {"volume":"vol-b-17770","bucket":"bucket-a-4-14852","bucketLayout":"FILE_SYSTEM_OPTIMIZED","gdprEnabled":null,"acls":"[user:runner:a[ACCESS], group:runner:rl[ACCESS]]","isVersionEnabled":"false","storageType":"DISK","creationTime":"1760644136998","bucketEncryptionKey":null,"modificationTime":"1760644136998","usedBytes":"0","usedNamespace":"0","snapshotUsedBytes":"0","snapshotUsedNamespace":"0","owner":"runner","replicationType":null,"replicationConfig":null,"quotaInBytes":"-1","quotaInNamespace":"-1","Transaction":"813"} | ret=SUCCESS |  
2025-10-16 19:48:57,001 [om1-OMStateMachineApplyTransactionThread - 0] INFO  snapshot.OMSnapshotCreateRequest (OMSnapshotCreateRequest.java:validateAndUpdateCache(228)) - Created snapshot: 's20251016-194857.000' with snapshotId: '6b29dc9b-1272-42e1-bf6b-72e680c3bc80' under path 'vol-b-17770/bucket-a-4-14852'
2025-10-16 19:48:57,002 | INFO  | OMAudit | user=runner | ip=127.0.0.1 | op=CREATE_SNAPSHOT {"volume":"vol-b-17770","bucket":"bucket-a-4-14852","snapshotName":"s20251016-194857.000","Transaction":"814"} | ret=SUCCESS |  
2025-10-16 19:48:57,002 [ForkJoinPool-1-worker-1] INFO  rpc.RpcClient (RpcClient.java:createBucket(686)) - Creating Bucket: vol-a-52140/bucket-a-5-98371, with server-side default bucket layout, runner as owner, Versioning false, Storage Type set to DISK and Encryption set to false, Replication Type set to server-side default replication type, Namespace Quota set to -1, Space Quota set to -1 
2025-10-16 19:48:57,002 [om1-OMDoubleBufferFlushThread] INFO  db.RDBCheckpointManager (RDBCheckpointManager.java:createCheckpoint(87)) - Created checkpoint in rocksDB at /home/runner/work/ozone/ozone/hadoop-ozone/integration-test/target/test-dir/MiniOzoneClusterImpl-e7911277-7775-4457-96c8-94071a26a1ce/om/data/db.snapshots/checkpointState/om.db-9f859ff6-ddc5-4977-887f-7c8868625390 in 61 milliseconds
2025-10-16 19:48:57,004 [om1-OMStateMachineApplyTransactionThread - 0] INFO  bucket.OMBucketCreateRequest (OMBucketCreateRequest.java:validateAndUpdateCache(303)) - created bucket: bucket-a-5-98371 of layout FILE_SYSTEM_OPTIMIZED in volume: vol-a-52140
2025-10-16 19:48:57,004 | INFO  | OMAudit | user=runner | ip=127.0.0.1 | op=CREATE_BUCKET {"volume":"vol-a-52140","bucket":"bucket-a-5-98371","bucketLayout":"FILE_SYSTEM_OPTIMIZED","gdprEnabled":null,"acls":"[user:runner:a[ACCESS], group:runner:rl[ACCESS]]","isVersionEnabled":"false","storageType":"DISK","creationTime":"1760644137003","bucketEncryptionKey":null,"modificationTime":"1760644137003","usedBytes":"0","usedNamespace":"0","snapshotUsedBytes":"0","snapshotUsedNamespace":"0","owner":"runner","replicationType":null,"replicationConfig":null,"quotaInBytes":"-1","quotaInNamespace":"-1","Transaction":"815"} | ret=SUCCESS |  
2025-10-16 19:48:57,006 [om1-OMStateMachineApplyTransactionThread - 0] INFO  snapshot.OMSnapshotCreateRequest (OMSnapshotCreateRequest.java:validateAndUpdateCache(228)) - Created snapshot: 's20251016-194857.005' with snapshotId: '8b966196-f00a-44b2-8d22-c32317f76ce3' under path 'vol-a-52140/bucket-a-5-98371'
2025-10-16 19:48:57,006 | INFO  | OMAudit | user=runner | ip=127.0.0.1 | op=CREATE_SNAPSHOT {"volume":"vol-a-52140","bucket":"bucket-a-5-98371","snapshotName":"s20251016-194857.005","Transaction":"816"} | ret=SUCCESS |  
2025-10-16 19:48:57,007 [ForkJoinPool-1-worker-1] INFO  rpc.RpcClient (RpcClient.java:createBucket(686)) - Creating Bucket: vol-b-17770/bucket-a-5-38141, with server-side default bucket layout, runner as owner, Versioning false, Storage Type set to DISK and Encryption set to false, Replication Type set to server-side default replication type, Namespace Quota set to -1, Space Quota set to -1 
2025-10-16 19:48:57,008 [om1-OMStateMachineApplyTransactionThread - 0] INFO  bucket.OMBucketCreateRequest (OMBucketCreateRequest.java:validateAndUpdateCache(303)) - created bucket: bucket-a-5-38141 of layout FILE_SYSTEM_OPTIMIZED in volume: vol-b-17770
2025-10-16 19:48:57,008 | INFO  | OMAudit | user=runner | ip=127.0.0.1 | op=CREATE_BUCKET {"volume":"vol-b-17770","bucket":"bucket-a-5-38141","bucketLayout":"FILE_SYSTEM_OPTIMIZED","gdprEnabled":null,"acls":"[user:runner:a[ACCESS], group:runner:rl[ACCESS]]","isVersionEnabled":"false","storageType":"DISK","creationTime":"1760644137008","bucketEncryptionKey":null,"modificationTime":"1760644137008","usedBytes":"0","usedNamespace":"0","snapshotUsedBytes":"0","snapshotUsedNamespace":"0","owner":"runner","replicationType":null,"replicationConfig":null,"quotaInBytes":"-1","quotaInNamespace":"-1","Transaction":"817"} | ret=SUCCESS |  
2025-10-16 19:48:57,011 [om1-OMStateMachineApplyTransactionThread - 0] INFO  snapshot.OMSnapshotCreateRequest (OMSnapshotCreateRequest.java:validateAndUpdateCache(228)) - Created snapshot: 's20251016-194857.010' with snapshotId: '807dc03f-7ed6-4e24-82be-4f340efb19f9' under path 'vol-b-17770/bucket-a-5-38141'
2025-10-16 19:48:57,011 | INFO  | OMAudit | user=runner | ip=127.0.0.1 | op=CREATE_SNAPSHOT {"volume":"vol-b-17770","bucket":"bucket-a-5-38141","snapshotName":"s20251016-194857.010","Transaction":"818"} | ret=SUCCESS |  
2025-10-16 19:48:57,012 [ForkJoinPool-1-worker-1] INFO  rpc.RpcClient (RpcClient.java:createBucket(686)) - Creating Bucket: vol-a-52140/bucket-a-6-53203, with server-side default bucket layout, runner as owner, Versioning false, Storage Type set to DISK and Encryption set to false, Replication Type set to server-side default replication type, Namespace Quota set to -1, Space Quota set to -1 
2025-10-16 19:48:57,014 [om1-OMStateMachineApplyTransactionThread - 0] INFO  bucket.OMBucketCreateRequest (OMBucketCreateRequest.java:validateAndUpdateCache(303)) - created bucket: bucket-a-6-53203 of layout FILE_SYSTEM_OPTIMIZED in volume: vol-a-52140
2025-10-16 19:48:57,014 | INFO  | OMAudit | user=runner | ip=127.0.0.1 | op=CREATE_BUCKET {"volume":"vol-a-52140","bucket":"bucket-a-6-53203","bucketLayout":"FILE_SYSTEM_OPTIMIZED","gdprEnabled":null,"acls":"[user:runner:a[ACCESS], group:runner:rl[ACCESS]]","isVersionEnabled":"false","storageType":"DISK","creationTime":"1760644137013","bucketEncryptionKey":null,"modificationTime":"1760644137013","usedBytes":"0","usedNamespace":"0","snapshotUsedBytes":"0","snapshotUsedNamespace":"0","owner":"runner","replicationType":null,"replicationConfig":null,"quotaInBytes":"-1","quotaInNamespace":"-1","Transaction":"819"} | ret=SUCCESS |  
2025-10-16 19:48:57,019 [om1-OMStateMachineApplyTransactionThread - 0] INFO  snapshot.OMSnapshotCreateRequest (OMSnapshotCreateRequest.java:validateAndUpdateCache(228)) - Created snapshot: 's20251016-194857.018' with snapshotId: 'bef31af7-379c-423d-9535-478b32e51867' under path 'vol-a-52140/bucket-a-6-53203'
2025-10-16 19:48:57,019 | INFO  | OMAudit | user=runner | ip=127.0.0.1 | op=CREATE_SNAPSHOT {"volume":"vol-a-52140","bucket":"bucket-a-6-53203","snapshotName":"s20251016-194857.018","Transaction":"820"} | ret=SUCCESS |  
2025-10-16 19:48:57,021 [ForkJoinPool-1-worker-1] INFO  rpc.RpcClient (RpcClient.java:createBucket(686)) - Creating Bucket: vol-b-17770/bucket-a-6-97320, with server-side default bucket layout, runner as owner, Versioning false, Storage Type set to DISK and Encryption set to false, Replication Type set to server-side default replication type, Namespace Quota set to -1, Space Quota set to -1 
2025-10-16 19:48:57,026 [om1-OMStateMachineApplyTransactionThread - 0] INFO  bucket.OMBucketCreateRequest (OMBucketCreateRequest.java:validateAndUpdateCache(303)) - created bucket: bucket-a-6-97320 of layout FILE_SYSTEM_OPTIMIZED in volume: vol-b-17770
2025-10-16 19:48:57,026 | INFO  | OMAudit | user=runner | ip=127.0.0.1 | op=CREATE_BUCKET {"volume":"vol-b-17770","bucket":"bucket-a-6-97320","bucketLayout":"FILE_SYSTEM_OPTIMIZED","gdprEnabled":null,"acls":"[user:runner:a[ACCESS], group:runner:rl[ACCESS]]","isVersionEnabled":"false","storageType":"DISK","creationTime":"1760644137024","bucketEncryptionKey":null,"modificationTime":"1760644137024","usedBytes":"0","usedNamespace":"0","snapshotUsedBytes":"0","snapshotUsedNamespace":"0","owner":"runner","replicationType":null,"replicationConfig":null,"quotaInBytes":"-1","quotaInNamespace":"-1","Transaction":"821"} | ret=SUCCESS |  
2025-10-16 19:48:57,030 [om1-OMStateMachineApplyTransactionThread - 0] INFO  snapshot.OMSnapshotCreateRequest (OMSnapshotCreateRequest.java:validateAndUpdateCache(228)) - Created snapshot: 's20251016-194857.028' with snapshotId: '688fa79d-f579-424b-a8ed-dbd1ac909ecd' under path 'vol-b-17770/bucket-a-6-97320'
2025-10-16 19:48:57,030 | INFO  | OMAudit | user=runner | ip=127.0.0.1 | op=CREATE_SNAPSHOT {"volume":"vol-b-17770","bucket":"bucket-a-6-97320","snapshotName":"s20251016-194857.028","Transaction":"822"} | ret=SUCCESS |  
2025-10-16 19:48:57,031 [ForkJoinPool-1-worker-1] INFO  rpc.RpcClient (RpcClient.java:createBucket(686)) - Creating Bucket: vol-a-52140/bucket-a-7-14080, with server-side default bucket layout, runner as owner, Versioning false, Storage Type set to DISK and Encryption set to false, Replication Type set to server-side default replication type, Namespace Quota set to -1, Space Quota set to -1 
2025-10-16 19:48:57,033 [om1-OMStateMachineApplyTransactionThread - 0] INFO  bucket.OMBucketCreateRequest (OMBucketCreateRequest.java:validateAndUpdateCache(303)) - created bucket: bucket-a-7-14080 of layout FILE_SYSTEM_OPTIMIZED in volume: vol-a-52140
2025-10-16 19:48:57,033 | INFO  | OMAudit | user=runner | ip=127.0.0.1 | op=CREATE_BUCKET {"volume":"vol-a-52140","bucket":"bucket-a-7-14080","bucketLayout":"FILE_SYSTEM_OPTIMIZED","gdprEnabled":null,"acls":"[user:runner:a[ACCESS], group:runner:rl[ACCESS]]","isVersionEnabled":"false","storageType":"DISK","creationTime":"1760644137032","bucketEncryptionKey":null,"modificationTime":"1760644137032","usedBytes":"0","usedNamespace":"0","snapshotUsedBytes":"0","snapshotUsedNamespace":"0","owner":"runner","replicationType":null,"replicationConfig":null,"quotaInBytes":"-1","quotaInNamespace":"-1","Transaction":"823"} | ret=SUCCESS |  
2025-10-16 19:48:57,037 [om1-OMStateMachineApplyTransactionThread - 0] INFO  snapshot.OMSnapshotCreateRequest (OMSnapshotCreateRequest.java:validateAndUpdateCache(228)) - Created snapshot: 's20251016-194857.036' with snapshotId: '98c6a8de-a0d5-46d0-a2e6-b182bbfbd511' under path 'vol-a-52140/bucket-a-7-14080'
2025-10-16 19:48:57,037 | INFO  | OMAudit | user=runner | ip=127.0.0.1 | op=CREATE_SNAPSHOT {"volume":"vol-a-52140","bucket":"bucket-a-7-14080","snapshotName":"s20251016-194857.036","Transaction":"824"} | ret=SUCCESS |  
2025-10-16 19:48:57,039 [ForkJoinPool-1-worker-1] INFO  rpc.RpcClient (RpcClient.java:createBucket(686)) - Creating Bucket: vol-b-17770/bucket-a-7-37919, with server-side default bucket layout, runner as owner, Versioning false, Storage Type set to DISK and Encryption set to false, Replication Type set to server-side default replication type, Namespace Quota set to -1, Space Quota set to -1 
2025-10-16 19:48:57,041 [om1-OMStateMachineApplyTransactionThread - 0] INFO  bucket.OMBucketCreateRequest (OMBucketCreateRequest.java:validateAndUpdateCache(303)) - created bucket: bucket-a-7-37919 of layout FILE_SYSTEM_OPTIMIZED in volume: vol-b-17770
2025-10-16 19:48:57,041 | INFO  | OMAudit | user=runner | ip=127.0.0.1 | op=CREATE_BUCKET {"volume":"vol-b-17770","bucket":"bucket-a-7-37919","bucketLayout":"FILE_SYSTEM_OPTIMIZED","gdprEnabled":null,"acls":"[user:runner:a[ACCESS], group:runner:rl[ACCESS]]","isVersionEnabled":"false","storageType":"DISK","creationTime":"1760644137040","bucketEncryptionKey":null,"modificationTime":"1760644137040","usedBytes":"0","usedNamespace":"0","snapshotUsedBytes":"0","snapshotUsedNamespace":"0","owner":"runner","replicationType":null,"replicationConfig":null,"quotaInBytes":"-1","quotaInNamespace":"-1","Transaction":"825"} | ret=SUCCESS |  
2025-10-16 19:48:57,045 [om1-OMStateMachineApplyTransactionThread - 0] INFO  snapshot.OMSnapshotCreateRequest (OMSnapshotCreateRequest.java:validateAndUpdateCache(228)) - Created snapshot: 's20251016-194857.043' with snapshotId: '6ad34673-651a-459e-b52c-c62b745ad56e' under path 'vol-b-17770/bucket-a-7-37919'
2025-10-16 19:48:57,045 | INFO  | OMAudit | user=runner | ip=127.0.0.1 | op=CREATE_SNAPSHOT {"volume":"vol-b-17770","bucket":"bucket-a-7-37919","snapshotName":"s20251016-194857.043","Transaction":"826"} | ret=SUCCESS |  
2025-10-16 19:48:57,046 [ForkJoinPool-1-worker-1] INFO  rpc.RpcClient (RpcClient.java:createBucket(686)) - Creating Bucket: vol-a-52140/bucket-a-8-57319, with server-side default bucket layout, runner as owner, Versioning false, Storage Type set to DISK and Encryption set to false, Replication Type set to server-side default replication type, Namespace Quota set to -1, Space Quota set to -1 
2025-10-16 19:48:57,048 [om1-OMStateMachineApplyTransactionThread - 0] INFO  bucket.OMBucketCreateRequest (OMBucketCreateRequest.java:validateAndUpdateCache(303)) - created bucket: bucket-a-8-57319 of layout FILE_SYSTEM_OPTIMIZED in volume: vol-a-52140
2025-10-16 19:48:57,048 | INFO  | OMAudit | user=runner | ip=127.0.0.1 | op=CREATE_BUCKET {"volume":"vol-a-52140","bucket":"bucket-a-8-57319","bucketLayout":"FILE_SYSTEM_OPTIMIZED","gdprEnabled":null,"acls":"[user:runner:a[ACCESS], group:runner:rl[ACCESS]]","isVersionEnabled":"false","storageType":"DISK","creationTime":"1760644137047","bucketEncryptionKey":null,"modificationTime":"1760644137047","usedBytes":"0","usedNamespace":"0","snapshotUsedBytes":"0","snapshotUsedNamespace":"0","owner":"runner","replicationType":null,"replicationConfig":null,"quotaInBytes":"-1","quotaInNamespace":"-1","Transaction":"827"} | ret=SUCCESS |  
2025-10-16 19:48:57,052 [om1-OMStateMachineApplyTransactionThread - 0] INFO  snapshot.OMSnapshotCreateRequest (OMSnapshotCreateRequest.java:validateAndUpdateCache(228)) - Created snapshot: 's20251016-194857.050' with snapshotId: '41c3e626-c04e-43e4-9160-2f0abda5b51b' under path 'vol-a-52140/bucket-a-8-57319'
2025-10-16 19:48:57,052 | INFO  | OMAudit | user=runner | ip=127.0.0.1 | op=CREATE_SNAPSHOT {"volume":"vol-a-52140","bucket":"bucket-a-8-57319","snapshotName":"s20251016-194857.050","Transaction":"828"} | ret=SUCCESS |  
2025-10-16 19:48:57,053 [ForkJoinPool-1-worker-1] INFO  rpc.RpcClient (RpcClient.java:createBucket(686)) - Creating Bucket: vol-b-17770/bucket-a-8-69324, with server-side default bucket layout, runner as owner, Versioning false, Storage Type set to DISK and Encryption set to false, Replication Type set to server-side default replication type, Namespace Quota set to -1, Space Quota set to -1 
2025-10-16 19:48:57,054 [om1-OMStateMachineApplyTransactionThread - 0] INFO  bucket.OMBucketCreateRequest (OMBucketCreateRequest.java:validateAndUpdateCache(303)) - created bucket: bucket-a-8-69324 of layout FILE_SYSTEM_OPTIMIZED in volume: vol-b-17770
2025-10-16 19:48:57,054 | INFO  | OMAudit | user=runner | ip=127.0.0.1 | op=CREATE_BUCKET {"volume":"vol-b-17770","bucket":"bucket-a-8-69324","bucketLayout":"FILE_SYSTEM_OPTIMIZED","gdprEnabled":null,"acls":"[user:runner:a[ACCESS], group:runner:rl[ACCESS]]","isVersionEnabled":"false","storageType":"DISK","creationTime":"1760644137054","bucketEncryptionKey":null,"modificationTime":"1760644137054","usedBytes":"0","usedNamespace":"0","snapshotUsedBytes":"0","snapshotUsedNamespace":"0","owner":"runner","replicationType":null,"replicationConfig":null,"quotaInBytes":"-1","quotaInNamespace":"-1","Transaction":"829"} | ret=SUCCESS |  
2025-10-16 19:48:57,057 [om1-OMStateMachineApplyTransactionThread - 0] INFO  snapshot.OMSnapshotCreateRequest (OMSnapshotCreateRequest.java:validateAndUpdateCache(228)) - Created snapshot: 's20251016-194857.056' with snapshotId: 'dc5e70bd-8187-4de6-a46f-49c572524cf4' under path 'vol-b-17770/bucket-a-8-69324'
2025-10-16 19:48:57,057 | INFO  | OMAudit | user=runner | ip=127.0.0.1 | op=CREATE_SNAPSHOT {"volume":"vol-b-17770","bucket":"bucket-a-8-69324","snapshotName":"s20251016-194857.056","Transaction":"830"} | ret=SUCCESS |  
2025-10-16 19:48:57,059 [ForkJoinPool-1-worker-1] INFO  rpc.RpcClient (RpcClient.java:createBucket(686)) - Creating Bucket: vol-a-52140/bucket-a-9-45468, with server-side default bucket layout, runner as owner, Versioning false, Storage Type set to DISK and Encryption set to false, Replication Type set to server-side default replication type, Namespace Quota set to -1, Space Quota set to -1 
2025-10-16 19:48:57,064 [om1-OMStateMachineApplyTransactionThread - 0] INFO  bucket.OMBucketCreateRequest (OMBucketCreateRequest.java:validateAndUpdateCache(303)) - created bucket: bucket-a-9-45468 of layout FILE_SYSTEM_OPTIMIZED in volume: vol-a-52140
2025-10-16 19:48:57,064 | INFO  | OMAudit | user=runner | ip=127.0.0.1 | op=CREATE_BUCKET {"volume":"vol-a-52140","bucket":"bucket-a-9-45468","bucketLayout":"FILE_SYSTEM_OPTIMIZED","gdprEnabled":null,"acls":"[user:runner:a[ACCESS], group:runner:rl[ACCESS]]","isVersionEnabled":"false","storageType":"DISK","creationTime":"1760644137061","bucketEncryptionKey":null,"modificationTime":"1760644137061","usedBytes":"0","usedNamespace":"0","snapshotUsedBytes":"0","snapshotUsedNamespace":"0","owner":"runner","replicationType":null,"replicationConfig":null,"quotaInBytes":"-1","quotaInNamespace":"-1","Transaction":"831"} | ret=SUCCESS |  
2025-10-16 19:48:57,067 [om1-OMStateMachineApplyTransactionThread - 0] INFO  snapshot.OMSnapshotCreateRequest (OMSnapshotCreateRequest.java:validateAndUpdateCache(228)) - Created snapshot: 's20251016-194857.066' with snapshotId: '869ae2af-e43e-4344-ad0c-a71c1c8afb74' under path 'vol-a-52140/bucket-a-9-45468'
2025-10-16 19:48:57,067 | INFO  | OMAudit | user=runner | ip=127.0.0.1 | op=CREATE_SNAPSHOT {"volume":"vol-a-52140","bucket":"bucket-a-9-45468","snapshotName":"s20251016-194857.066","Transaction":"832"} | ret=SUCCESS |  
2025-10-16 19:48:57,068 [ForkJoinPool-1-worker-1] INFO  rpc.RpcClient (RpcClient.java:createBucket(686)) - Creating Bucket: vol-b-17770/bucket-a-9-23873, with server-side default bucket layout, runner as owner, Versioning false, Storage Type set to DISK and Encryption set to false, Replication Type set to server-side default replication type, Namespace Quota set to -1, Space Quota set to -1 
2025-10-16 19:48:57,069 [om1-OMStateMachineApplyTransactionThread - 0] INFO  bucket.OMBucketCreateRequest (OMBucketCreateRequest.java:validateAndUpdateCache(303)) - created bucket: bucket-a-9-23873 of layout FILE_SYSTEM_OPTIMIZED in volume: vol-b-17770
2025-10-16 19:48:57,069 | INFO  | OMAudit | user=runner | ip=127.0.0.1 | op=CREATE_BUCKET {"volume":"vol-b-17770","bucket":"bucket-a-9-23873","bucketLayout":"FILE_SYSTEM_OPTIMIZED","gdprEnabled":null,"acls":"[user:runner:a[ACCESS], group:runner:rl[ACCESS]]","isVersionEnabled":"false","storageType":"DISK","creationTime":"1760644137069","bucketEncryptionKey":null,"modificationTime":"1760644137069","usedBytes":"0","usedNamespace":"0","snapshotUsedBytes":"0","snapshotUsedNamespace":"0","owner":"runner","replicationType":null,"replicationConfig":null,"quotaInBytes":"-1","quotaInNamespace":"-1","Transaction":"833"} | ret=SUCCESS |  
2025-10-16 19:48:57,071 [om1-OMStateMachineApplyTransactionThread - 0] INFO  snapshot.OMSnapshotCreateRequest (OMSnapshotCreateRequest.java:validateAndUpdateCache(228)) - Created snapshot: 's20251016-194857.071' with snapshotId: '740d446b-b60c-4635-b3a6-c2d5631b009b' under path 'vol-b-17770/bucket-a-9-23873'
2025-10-16 19:48:57,071 | INFO  | OMAudit | user=runner | ip=127.0.0.1 | op=CREATE_SNAPSHOT {"volume":"vol-b-17770","bucket":"bucket-a-9-23873","snapshotName":"s20251016-194857.071","Transaction":"834"} | ret=SUCCESS |  
2025-10-16 19:48:57,072 [ForkJoinPool-1-worker-1] INFO  rpc.RpcClient (RpcClient.java:createBucket(686)) - Creating Bucket: vol-a-52140/bucket-b-0-73958, with server-side default bucket layout, runner as owner, Versioning false, Storage Type set to DISK and Encryption set to false, Replication Type set to server-side default replication type, Namespace Quota set to -1, Space Quota set to -1 
2025-10-16 19:48:57,073 [om1-OMStateMachineApplyTransactionThread - 0] INFO  bucket.OMBucketCreateRequest (OMBucketCreateRequest.java:validateAndUpdateCache(303)) - created bucket: bucket-b-0-73958 of layout FILE_SYSTEM_OPTIMIZED in volume: vol-a-52140
2025-10-16 19:48:57,074 | INFO  | OMAudit | user=runner | ip=127.0.0.1 | op=CREATE_BUCKET {"volume":"vol-a-52140","bucket":"bucket-b-0-73958","bucketLayout":"FILE_SYSTEM_OPTIMIZED","gdprEnabled":null,"acls":"[user:runner:a[ACCESS], group:runner:rl[ACCESS]]","isVersionEnabled":"false","storageType":"DISK","creationTime":"1760644137073","bucketEncryptionKey":null,"modificationTime":"1760644137073","usedBytes":"0","usedNamespace":"0","snapshotUsedBytes":"0","snapshotUsedNamespace":"0","owner":"runner","replicationType":null,"replicationConfig":null,"quotaInBytes":"-1","quotaInNamespace":"-1","Transaction":"835"} | ret=SUCCESS |  
2025-10-16 19:48:57,076 [om1-OMStateMachineApplyTransactionThread - 0] INFO  snapshot.OMSnapshotCreateRequest (OMSnapshotCreateRequest.java:validateAndUpdateCache(228)) - Created snapshot: 's20251016-194857.075' with snapshotId: 'b93c3c1d-66dc-4091-9edc-58c1f320893c' under path 'vol-a-52140/bucket-b-0-73958'
2025-10-16 19:48:57,076 | INFO  | OMAudit | user=runner | ip=127.0.0.1 | op=CREATE_SNAPSHOT {"volume":"vol-a-52140","bucket":"bucket-b-0-73958","snapshotName":"s20251016-194857.075","Transaction":"836"} | ret=SUCCESS |  
2025-10-16 19:48:57,076 [ForkJoinPool-1-worker-1] INFO  rpc.RpcClient (RpcClient.java:createBucket(686)) - Creating Bucket: vol-b-17770/bucket-b-0-54147, with server-side default bucket layout, runner as owner, Versioning false, Storage Type set to DISK and Encryption set to false, Replication Type set to server-side default replication type, Namespace Quota set to -1, Space Quota set to -1 
2025-10-16 19:48:57,078 [om1-OMStateMachineApplyTransactionThread - 0] INFO  bucket.OMBucketCreateRequest (OMBucketCreateRequest.java:validateAndUpdateCache(303)) - created bucket: bucket-b-0-54147 of layout FILE_SYSTEM_OPTIMIZED in volume: vol-b-17770
2025-10-16 19:48:57,078 | INFO  | OMAudit | user=runner | ip=127.0.0.1 | op=CREATE_BUCKET {"volume":"vol-b-17770","bucket":"bucket-b-0-54147","bucketLayout":"FILE_SYSTEM_OPTIMIZED","gdprEnabled":null,"acls":"[user:runner:a[ACCESS], group:runner:rl[ACCESS]]","isVersionEnabled":"false","storageType":"DISK","creationTime":"1760644137077","bucketEncryptionKey":null,"modificationTime":"1760644137077","usedBytes":"0","usedNamespace":"0","snapshotUsedBytes":"0","snapshotUsedNamespace":"0","owner":"runner","replicationType":null,"replicationConfig":null,"quotaInBytes":"-1","quotaInNamespace":"-1","Transaction":"837"} | ret=SUCCESS |  
2025-10-16 19:48:57,079 [ForkJoinPool-1-worker-1] INFO  rpc.RpcClient (RpcClient.java:createBucket(686)) - Creating Bucket: vol-a-52140/bucket-b-1-08846, with server-side default bucket layout, runner as owner, Versioning false, Storage Type set to DISK and Encryption set to false, Replication Type set to server-side default replication type, Namespace Quota set to -1, Space Quota set to -1 
2025-10-16 19:48:57,080 [om1-OMStateMachineApplyTransactionThread - 0] INFO  bucket.OMBucketCreateRequest (OMBucketCreateRequest.java:validateAndUpdateCache(303)) - created bucket: bucket-b-1-08846 of layout FILE_SYSTEM_OPTIMIZED in volume: vol-a-52140
2025-10-16 19:48:57,080 | INFO  | OMAudit | user=runner | ip=127.0.0.1 | op=CREATE_BUCKET {"volume":"vol-a-52140","bucket":"bucket-b-1-08846","bucketLayout":"FILE_SYSTEM_OPTIMIZED","gdprEnabled":null,"acls":"[user:runner:a[ACCESS], group:runner:rl[ACCESS]]","isVersionEnabled":"false","storageType":"DISK","creationTime":"1760644137079","bucketEncryptionKey":null,"modificationTime":"1760644137079","usedBytes":"0","usedNamespace":"0","snapshotUsedBytes":"0","snapshotUsedNamespace":"0","owner":"runner","replicationType":null,"replicationConfig":null,"quotaInBytes":"-1","quotaInNamespace":"-1","Transaction":"838"} | ret=SUCCESS |  
2025-10-16 19:48:57,083 [om1-OMStateMachineApplyTransactionThread - 0] INFO  snapshot.OMSnapshotCreateRequest (OMSnapshotCreateRequest.java:validateAndUpdateCache(228)) - Created snapshot: 's20251016-194857.081' with snapshotId: 'fa3967e5-bc54-466c-925d-2a1ca527b7ae' under path 'vol-a-52140/bucket-b-1-08846'
2025-10-16 19:48:57,083 | INFO  | OMAudit | user=runner | ip=127.0.0.1 | op=CREATE_SNAPSHOT {"volume":"vol-a-52140","bucket":"bucket-b-1-08846","snapshotName":"s20251016-194857.081","Transaction":"839"} | ret=SUCCESS |  
2025-10-16 19:48:57,083 [ForkJoinPool-1-worker-1] INFO  rpc.RpcClient (RpcClient.java:createBucket(686)) - Creating Bucket: vol-b-17770/bucket-b-1-72426, with server-side default bucket layout, runner as owner, Versioning false, Storage Type set to DISK and Encryption set to false, Replication Type set to server-side default replication type, Namespace Quota set to -1, Space Quota set to -1 
2025-10-16 19:48:57,085 [om1-OMStateMachineApplyTransactionThread - 0] INFO  bucket.OMBucketCreateRequest (OMBucketCreateRequest.java:validateAndUpdateCache(303)) - created bucket: bucket-b-1-72426 of layout FILE_SYSTEM_OPTIMIZED in volume: vol-b-17770
2025-10-16 19:48:57,085 | INFO  | OMAudit | user=runner | ip=127.0.0.1 | op=CREATE_BUCKET {"volume":"vol-b-17770","bucket":"bucket-b-1-72426","bucketLayout":"FILE_SYSTEM_OPTIMIZED","gdprEnabled":null,"acls":"[user:runner:a[ACCESS], group:runner:rl[ACCESS]]","isVersionEnabled":"false","storageType":"DISK","creationTime":"1760644137084","bucketEncryptionKey":null,"modificationTime":"1760644137084","usedBytes":"0","usedNamespace":"0","snapshotUsedBytes":"0","snapshotUsedNamespace":"0","owner":"runner","replicationType":null,"replicationConfig":null,"quotaInBytes":"-1","quotaInNamespace":"-1","Transaction":"840"} | ret=SUCCESS |  
2025-10-16 19:48:57,087 [ForkJoinPool-1-worker-1] INFO  rpc.RpcClient (RpcClient.java:createBucket(686)) - Creating Bucket: vol-a-52140/bucket-b-2-35212, with server-side default bucket layout, runner as owner, Versioning false, Storage Type set to DISK and Encryption set to false, Replication Type set to server-side default replication type, Namespace Quota set to -1, Space Quota set to -1 
2025-10-16 19:48:57,089 [om1-OMStateMachineApplyTransactionThread - 0] INFO  bucket.OMBucketCreateRequest (OMBucketCreateRequest.java:validateAndUpdateCache(303)) - created bucket: bucket-b-2-35212 of layout FILE_SYSTEM_OPTIMIZED in volume: vol-a-52140
2025-10-16 19:48:57,089 | INFO  | OMAudit | user=runner | ip=127.0.0.1 | op=CREATE_BUCKET {"volume":"vol-a-52140","bucket":"bucket-b-2-35212","bucketLayout":"FILE_SYSTEM_OPTIMIZED","gdprEnabled":null,"acls":"[user:runner:a[ACCESS], group:runner:rl[ACCESS]]","isVersionEnabled":"false","storageType":"DISK","creationTime":"1760644137088","bucketEncryptionKey":null,"modificationTime":"1760644137088","usedBytes":"0","usedNamespace":"0","snapshotUsedBytes":"0","snapshotUsedNamespace":"0","owner":"runner","replicationType":null,"replicationConfig":null,"quotaInBytes":"-1","quotaInNamespace":"-1","Transaction":"841"} | ret=SUCCESS |  
2025-10-16 19:48:57,091 [om1-OMDoubleBufferFlushThread] INFO  om.OmSnapshotManager (OmSnapshotManager.java:createOmSnapshotCheckpoint(545)) - Created checkpoint: /home/runner/work/ozone/ozone/hadoop-ozone/integration-test/target/test-dir/MiniOzoneClusterImpl-e7911277-7775-4457-96c8-94071a26a1ce/om/data/db.snapshots/checkpointState/om.db-9f859ff6-ddc5-4977-887f-7c8868625390 for snapshot /vol-a-52140/bucket-a-0-10626/s20251016-194856.931
2025-10-16 19:48:57,097 [om1-OMStateMachineApplyTransactionThread - 0] INFO  snapshot.OMSnapshotCreateRequest (OMSnapshotCreateRequest.java:validateAndUpdateCache(228)) - Created snapshot: 's20251016-194857.094' with snapshotId: 'd3960dbb-2975-4341-b25b-848f981f12c8' under path 'vol-a-52140/bucket-b-2-35212'
2025-10-16 19:48:57,098 | INFO  | OMAudit | user=runner | ip=127.0.0.1 | op=CREATE_SNAPSHOT {"volume":"vol-a-52140","bucket":"bucket-b-2-35212","snapshotName":"s20251016-194857.094","Transaction":"842"} | ret=SUCCESS |  
2025-10-16 19:48:57,099 [ForkJoinPool-1-worker-1] INFO  rpc.RpcClient (RpcClient.java:createBucket(686)) - Creating Bucket: vol-b-17770/bucket-b-2-78778, with server-side default bucket layout, runner as owner, Versioning false, Storage Type set to DISK and Encryption set to false, Replication Type set to server-side default replication type, Namespace Quota set to -1, Space Quota set to -1 
2025-10-16 19:48:57,102 [om1-OMStateMachineApplyTransactionThread - 0] INFO  bucket.OMBucketCreateRequest (OMBucketCreateRequest.java:validateAndUpdateCache(303)) - created bucket: bucket-b-2-78778 of layout FILE_SYSTEM_OPTIMIZED in volume: vol-b-17770
2025-10-16 19:48:57,102 | INFO  | OMAudit | user=runner | ip=127.0.0.1 | op=CREATE_BUCKET {"volume":"vol-b-17770","bucket":"bucket-b-2-78778","bucketLayout":"FILE_SYSTEM_OPTIMIZED","gdprEnabled":null,"acls":"[user:runner:a[ACCESS], group:runner:rl[ACCESS]]","isVersionEnabled":"false","storageType":"DISK","creationTime":"1760644137100","bucketEncryptionKey":null,"modificationTime":"1760644137100","usedBytes":"0","usedNamespace":"0","snapshotUsedBytes":"0","snapshotUsedNamespace":"0","owner":"runner","replicationType":null,"replicationConfig":null,"quotaInBytes":"-1","quotaInNamespace":"-1","Transaction":"843"} | ret=SUCCESS |  
2025-10-16 19:48:57,103 [ForkJoinPool-1-worker-1] INFO  rpc.RpcClient (RpcClient.java:createBucket(686)) - Creating Bucket: vol-a-52140/bucket-b-3-89952, with server-side default bucket layout, runner as owner, Versioning false, Storage Type set to DISK and Encryption set to false, Replication Type set to server-side default replication type, Namespace Quota set to -1, Space Quota set to -1 
2025-10-16 19:48:57,105 [om1-OMStateMachineApplyTransactionThread - 0] INFO  bucket.OMBucketCreateRequest (OMBucketCreateRequest.java:validateAndUpdateCache(303)) - created bucket: bucket-b-3-89952 of layout FILE_SYSTEM_OPTIMIZED in volume: vol-a-52140
2025-10-16 19:48:57,105 | INFO  | OMAudit | user=runner | ip=127.0.0.1 | op=CREATE_BUCKET {"volume":"vol-a-52140","bucket":"bucket-b-3-89952","bucketLayout":"FILE_SYSTEM_OPTIMIZED","gdprEnabled":null,"acls":"[user:runner:a[ACCESS], group:runner:rl[ACCESS]]","isVersionEnabled":"false","storageType":"DISK","creationTime":"1760644137104","bucketEncryptionKey":null,"modificationTime":"1760644137104","usedBytes":"0","usedNamespace":"0","snapshotUsedBytes":"0","snapshotUsedNamespace":"0","owner":"runner","replicationType":null,"replicationConfig":null,"quotaInBytes":"-1","quotaInNamespace":"-1","Transaction":"844"} | ret=SUCCESS |  
2025-10-16 19:48:57,108 [om1-OMStateMachineApplyTransactionThread - 0] INFO  snapshot.OMSnapshotCreateRequest (OMSnapshotCreateRequest.java:validateAndUpdateCache(228)) - Created snapshot: 's20251016-194857.106' with snapshotId: '1291d1e0-3545-4c6a-8d97-05a743da6173' under path 'vol-a-52140/bucket-b-3-89952'
2025-10-16 19:48:57,108 | INFO  | OMAudit | user=runner | ip=127.0.0.1 | op=CREATE_SNAPSHOT {"volume":"vol-a-52140","bucket":"bucket-b-3-89952","snapshotName":"s20251016-194857.106","Transaction":"845"} | ret=SUCCESS |  
2025-10-16 19:48:57,109 [ForkJoinPool-1-worker-1] INFO  rpc.RpcClient (RpcClient.java:createBucket(686)) - Creating Bucket: vol-b-17770/bucket-b-3-44260, with server-side default bucket layout, runner as owner, Versioning false, Storage Type set to DISK and Encryption set to false, Replication Type set to server-side default replication type, Namespace Quota set to -1, Space Quota set to -1 
2025-10-16 19:48:57,111 [om1-OMStateMachineApplyTransactionThread - 0] INFO  bucket.OMBucketCreateRequest (OMBucketCreateRequest.java:validateAndUpdateCache(303)) - created bucket: bucket-b-3-44260 of layout FILE_SYSTEM_OPTIMIZED in volume: vol-b-17770
2025-10-16 19:48:57,111 | INFO  | OMAudit | user=runner | ip=127.0.0.1 | op=CREATE_BUCKET {"volume":"vol-b-17770","bucket":"bucket-b-3-44260","bucketLayout":"FILE_SYSTEM_OPTIMIZED","gdprEnabled":null,"acls":"[user:runner:a[ACCESS], group:runner:rl[ACCESS]]","isVersionEnabled":"false","storageType":"DISK","creationTime":"1760644137110","bucketEncryptionKey":null,"modificationTime":"1760644137110","usedBytes":"0","usedNamespace":"0","snapshotUsedBytes":"0","snapshotUsedNamespace":"0","owner":"runner","replicationType":null,"replicationConfig":null,"quotaInBytes":"-1","quotaInNamespace":"-1","Transaction":"846"} | ret=SUCCESS |  
2025-10-16 19:48:57,112 [ForkJoinPool-1-worker-1] INFO  rpc.RpcClient (RpcClient.java:createBucket(686)) - Creating Bucket: vol-a-52140/bucket-b-4-30225, with server-side default bucket layout, runner as owner, Versioning false, Storage Type set to DISK and Encryption set to false, Replication Type set to server-side default replication type, Namespace Quota set to -1, Space Quota set to -1 
2025-10-16 19:48:57,115 [om1-OMStateMachineApplyTransactionThread - 0] INFO  bucket.OMBucketCreateRequest (OMBucketCreateRequest.java:validateAndUpdateCache(303)) - created bucket: bucket-b-4-30225 of layout FILE_SYSTEM_OPTIMIZED in volume: vol-a-52140
2025-10-16 19:48:57,116 | INFO  | OMAudit | user=runner | ip=127.0.0.1 | op=CREATE_BUCKET {"volume":"vol-a-52140","bucket":"bucket-b-4-30225","bucketLayout":"FILE_SYSTEM_OPTIMIZED","gdprEnabled":null,"acls":"[user:runner:a[ACCESS], group:runner:rl[ACCESS]]","isVersionEnabled":"false","storageType":"DISK","creationTime":"1760644137113","bucketEncryptionKey":null,"modificationTime":"1760644137113","usedBytes":"0","usedNamespace":"0","snapshotUsedBytes":"0","snapshotUsedNamespace":"0","owner":"runner","replicationType":null,"replicationConfig":null,"quotaInBytes":"-1","quotaInNamespace":"-1","Transaction":"847"} | ret=SUCCESS |  
2025-10-16 19:48:57,117 | INFO  | SCMAudit | user=runner | ip=127.0.0.1 | op=SEND_HEARTBEAT {"datanodeUUID":"c0724e9c-0dd4-4d47-992c-7bfe285fdd38","term":"2","command":"[]"} | ret=SUCCESS |  
2025-10-16 19:48:57,118 | INFO  | SCMAudit | user=runner | ip=127.0.0.1 | op=SEND_HEARTBEAT {"datanodeUUID":"8a3c3252-9afe-4d3a-8492-25be6557678a","term":"2","command":"[]"} | ret=SUCCESS |  
2025-10-16 19:48:57,118 | INFO  | SCMAudit | user=runner | ip=127.0.0.1 | op=SEND_HEARTBEAT {"datanodeUUID":"e33e6ec4-6b66-4281-bedd-2bd75bd30070","term":"2","command":"[]"} | ret=SUCCESS |  
2025-10-16 19:48:57,120 | INFO  | SCMAudit | user=runner | ip=127.0.0.1 | op=SEND_HEARTBEAT {"datanodeUUID":"8a0fa2ff-b550-4652-b2fe-0cf91cd4a157","term":"2","command":"[]"} | ret=SUCCESS |  
2025-10-16 19:48:57,120 [om1-OMStateMachineApplyTransactionThread - 0] INFO  snapshot.OMSnapshotCreateRequest (OMSnapshotCreateRequest.java:validateAndUpdateCache(228)) - Created snapshot: 's20251016-194857.119' with snapshotId: '286f0186-e1a2-40d1-a9dc-a6aee17fb2f1' under path 'vol-a-52140/bucket-b-4-30225'
2025-10-16 19:48:57,120 | INFO  | OMAudit | user=runner | ip=127.0.0.1 | op=CREATE_SNAPSHOT {"volume":"vol-a-52140","bucket":"bucket-b-4-30225","snapshotName":"s20251016-194857.119","Transaction":"848"} | ret=SUCCESS |  
2025-10-16 19:48:57,121 [ForkJoinPool-1-worker-1] INFO  rpc.RpcClient (RpcClient.java:createBucket(686)) - Creating Bucket: vol-b-17770/bucket-b-4-77931, with server-side default bucket layout, runner as owner, Versioning false, Storage Type set to DISK and Encryption set to false, Replication Type set to server-side default replication type, Namespace Quota set to -1, Space Quota set to -1 
2025-10-16 19:48:57,123 [om1-OMStateMachineApplyTransactionThread - 0] INFO  bucket.OMBucketCreateRequest (OMBucketCreateRequest.java:validateAndUpdateCache(303)) - created bucket: bucket-b-4-77931 of layout FILE_SYSTEM_OPTIMIZED in volume: vol-b-17770
2025-10-16 19:48:57,123 | INFO  | OMAudit | user=runner | ip=127.0.0.1 | op=CREATE_BUCKET {"volume":"vol-b-17770","bucket":"bucket-b-4-77931","bucketLayout":"FILE_SYSTEM_OPTIMIZED","gdprEnabled":null,"acls":"[user:runner:a[ACCESS], group:runner:rl[ACCESS]]","isVersionEnabled":"false","storageType":"DISK","creationTime":"1760644137122","bucketEncryptionKey":null,"modificationTime":"1760644137122","usedBytes":"0","usedNamespace":"0","snapshotUsedBytes":"0","snapshotUsedNamespace":"0","owner":"runner","replicationType":null,"replicationConfig":null,"quotaInBytes":"-1","quotaInNamespace":"-1","Transaction":"849"} | ret=SUCCESS |  
2025-10-16 19:48:57,123 | INFO  | SCMAudit | user=runner | ip=127.0.0.1 | op=SEND_HEARTBEAT {"datanodeUUID":"aa213937-adc5-47da-a770-0ee1e4664344","term":"2","command":"[]"} | ret=SUCCESS |  
2025-10-16 19:48:57,124 [ForkJoinPool-1-worker-1] INFO  rpc.RpcClient (RpcClient.java:createBucket(686)) - Creating Bucket: vol-a-52140/bucket-b-5-78644, with server-side default bucket layout, runner as owner, Versioning false, Storage Type set to DISK and Encryption set to false, Replication Type set to server-side default replication type, Namespace Quota set to -1, Space Quota set to -1 
2025-10-16 19:48:57,125 [om1-OMStateMachineApplyTransactionThread - 0] INFO  bucket.OMBucketCreateRequest (OMBucketCreateRequest.java:validateAndUpdateCache(303)) - created bucket: bucket-b-5-78644 of layout FILE_SYSTEM_OPTIMIZED in volume: vol-a-52140
2025-10-16 19:48:57,125 | INFO  | OMAudit | user=runner | ip=127.0.0.1 | op=CREATE_BUCKET {"volume":"vol-a-52140","bucket":"bucket-b-5-78644","bucketLayout":"FILE_SYSTEM_OPTIMIZED","gdprEnabled":null,"acls":"[user:runner:a[ACCESS], group:runner:rl[ACCESS]]","isVersionEnabled":"false","storageType":"DISK","creationTime":"1760644137124","bucketEncryptionKey":null,"modificationTime":"1760644137124","usedBytes":"0","usedNamespace":"0","snapshotUsedBytes":"0","snapshotUsedNamespace":"0","owner":"runner","replicationType":null,"replicationConfig":null,"quotaInBytes":"-1","quotaInNamespace":"-1","Transaction":"850"} | ret=SUCCESS |  
2025-10-16 19:48:57,127 [om1-OMStateMachineApplyTransactionThread - 0] INFO  snapshot.OMSnapshotCreateRequest (OMSnapshotCreateRequest.java:validateAndUpdateCache(228)) - Created snapshot: 's20251016-194857.126' with snapshotId: '085bc6c0-bfd0-40df-b1ed-78382472f4ae' under path 'vol-a-52140/bucket-b-5-78644'
2025-10-16 19:48:57,127 | INFO  | OMAudit | user=runner | ip=127.0.0.1 | op=CREATE_SNAPSHOT {"volume":"vol-a-52140","bucket":"bucket-b-5-78644","snapshotName":"s20251016-194857.126","Transaction":"851"} | ret=SUCCESS |  
2025-10-16 19:48:57,128 [ForkJoinPool-1-worker-1] INFO  rpc.RpcClient (RpcClient.java:createBucket(686)) - Creating Bucket: vol-b-17770/bucket-b-5-44442, with server-side default bucket layout, runner as owner, Versioning false, Storage Type set to DISK and Encryption set to false, Replication Type set to server-side default replication type, Namespace Quota set to -1, Space Quota set to -1 
2025-10-16 19:48:57,129 | INFO  | SCMAudit | user=runner | ip=127.0.0.1 | op=SEND_HEARTBEAT {"datanodeUUID":"58cff6b7-b2a7-446b-a75a-bb98ad6b11b8","term":"2","command":"[]"} | ret=SUCCESS |  
2025-10-16 19:48:57,129 [om1-OMStateMachineApplyTransactionThread - 0] INFO  bucket.OMBucketCreateRequest (OMBucketCreateRequest.java:validateAndUpdateCache(303)) - created bucket: bucket-b-5-44442 of layout FILE_SYSTEM_OPTIMIZED in volume: vol-b-17770
2025-10-16 19:48:57,130 | INFO  | OMAudit | user=runner | ip=127.0.0.1 | op=CREATE_BUCKET {"volume":"vol-b-17770","bucket":"bucket-b-5-44442","bucketLayout":"FILE_SYSTEM_OPTIMIZED","gdprEnabled":null,"acls":"[user:runner:a[ACCESS], group:runner:rl[ACCESS]]","isVersionEnabled":"false","storageType":"DISK","creationTime":"1760644137129","bucketEncryptionKey":null,"modificationTime":"1760644137129","usedBytes":"0","usedNamespace":"0","snapshotUsedBytes":"0","snapshotUsedNamespace":"0","owner":"runner","replicationType":null,"replicationConfig":null,"quotaInBytes":"-1","quotaInNamespace":"-1","Transaction":"852"} | ret=SUCCESS |  
2025-10-16 19:48:57,130 [ForkJoinPool-1-worker-1] INFO  rpc.RpcClient (RpcClient.java:createBucket(686)) - Creating Bucket: vol-a-52140/bucket-b-6-42556, with server-side default bucket layout, runner as owner, Versioning false, Storage Type set to DISK and Encryption set to false, Replication Type set to server-side default replication type, Namespace Quota set to -1, Space Quota set to -1 
2025-10-16 19:48:57,132 [om1-OMStateMachineApplyTransactionThread - 0] INFO  bucket.OMBucketCreateRequest (OMBucketCreateRequest.java:validateAndUpdateCache(303)) - created bucket: bucket-b-6-42556 of layout FILE_SYSTEM_OPTIMIZED in volume: vol-a-52140
2025-10-16 19:48:57,133 | INFO  | OMAudit | user=runner | ip=127.0.0.1 | op=CREATE_BUCKET {"volume":"vol-a-52140","bucket":"bucket-b-6-42556","bucketLayout":"FILE_SYSTEM_OPTIMIZED","gdprEnabled":null,"acls":"[user:runner:a[ACCESS], group:runner:rl[ACCESS]]","isVersionEnabled":"false","storageType":"DISK","creationTime":"1760644137132","bucketEncryptionKey":null,"modificationTime":"1760644137132","usedBytes":"0","usedNamespace":"0","snapshotUsedBytes":"0","snapshotUsedNamespace":"0","owner":"runner","replicationType":null,"replicationConfig":null,"quotaInBytes":"-1","quotaInNamespace":"-1","Transaction":"853"} | ret=SUCCESS |  
2025-10-16 19:48:57,135 [om1-OMStateMachineApplyTransactionThread - 0] INFO  snapshot.OMSnapshotCreateRequest (OMSnapshotCreateRequest.java:validateAndUpdateCache(228)) - Created snapshot: 's20251016-194857.134' with snapshotId: '8e8fa30b-30aa-42d7-b080-58529fa0b42f' under path 'vol-a-52140/bucket-b-6-42556'
2025-10-16 19:48:57,135 | INFO  | OMAudit | user=runner | ip=127.0.0.1 | op=CREATE_SNAPSHOT {"volume":"vol-a-52140","bucket":"bucket-b-6-42556","snapshotName":"s20251016-194857.134","Transaction":"854"} | ret=SUCCESS |  
2025-10-16 19:48:57,135 | INFO  | SCMAudit | user=runner | ip=127.0.0.1 | op=SEND_HEARTBEAT {"datanodeUUID":"e072d245-7694-4d97-8e20-c503ebf8c2fe","term":"2","command":"[]"} | ret=SUCCESS |  
2025-10-16 19:48:57,135 | INFO  | SCMAudit | user=runner | ip=127.0.0.1 | op=SEND_HEARTBEAT {"datanodeUUID":"0428ab3f-efd5-438e-ae11-9ec242443260","term":"2","command":"[]"} | ret=SUCCESS |  
2025-10-16 19:48:57,136 [om1-OMDoubleBufferFlushThread] INFO  db.RDBCheckpointManager (RDBCheckpointManager.java:createCheckpoint(87)) - Created checkpoint in rocksDB at /home/runner/work/ozone/ozone/hadoop-ozone/integration-test/target/test-dir/MiniOzoneClusterImpl-e7911277-7775-4457-96c8-94071a26a1ce/om/data/db.snapshots/checkpointState/om.db-c70b61dd-b310-4443-b1a6-f980155f0ea7 in 42 milliseconds
2025-10-16 19:48:57,136 [ForkJoinPool-1-worker-1] INFO  rpc.RpcClient (RpcClient.java:createBucket(686)) - Creating Bucket: vol-b-17770/bucket-b-6-09770, with server-side default bucket layout, runner as owner, Versioning false, Storage Type set to DISK and Encryption set to false, Replication Type set to server-side default replication type, Namespace Quota set to -1, Space Quota set to -1 
2025-10-16 19:48:57,138 [om1-OMStateMachineApplyTransactionThread - 0] INFO  bucket.OMBucketCreateRequest (OMBucketCreateRequest.java:validateAndUpdateCache(303)) - created bucket: bucket-b-6-09770 of layout FILE_SYSTEM_OPTIMIZED in volume: vol-b-17770
2025-10-16 19:48:57,138 | INFO  | OMAudit | user=runner | ip=127.0.0.1 | op=CREATE_BUCKET {"volume":"vol-b-17770","bucket":"bucket-b-6-09770","bucketLayout":"FILE_SYSTEM_OPTIMIZED","gdprEnabled":null,"acls":"[user:runner:a[ACCESS], group:runner:rl[ACCESS]]","isVersionEnabled":"false","storageType":"DISK","creationTime":"1760644137137","bucketEncryptionKey":null,"modificationTime":"1760644137137","usedBytes":"0","usedNamespace":"0","snapshotUsedBytes":"0","snapshotUsedNamespace":"0","owner":"runner","replicationType":null,"replicationConfig":null,"quotaInBytes":"-1","quotaInNamespace":"-1","Transaction":"855"} | ret=SUCCESS |  
2025-10-16 19:48:57,139 [ForkJoinPool-1-worker-1] INFO  rpc.RpcClient (RpcClient.java:createBucket(686)) - Creating Bucket: vol-a-52140/bucket-b-7-63285, with server-side default bucket layout, runner as owner, Versioning false, Storage Type set to DISK and Encryption set to false, Replication Type set to server-side default replication type, Namespace Quota set to -1, Space Quota set to -1 
2025-10-16 19:48:57,140 [om1-OMStateMachineApplyTransactionThread - 0] INFO  bucket.OMBucketCreateRequest (OMBucketCreateRequest.java:validateAndUpdateCache(303)) - created bucket: bucket-b-7-63285 of layout FILE_SYSTEM_OPTIMIZED in volume: vol-a-52140
2025-10-16 19:48:57,141 | INFO  | OMAudit | user=runner | ip=127.0.0.1 | op=CREATE_BUCKET {"volume":"vol-a-52140","bucket":"bucket-b-7-63285","bucketLayout":"FILE_SYSTEM_OPTIMIZED","gdprEnabled":null,"acls":"[user:runner:a[ACCESS], group:runner:rl[ACCESS]]","isVersionEnabled":"false","storageType":"DISK","creationTime":"1760644137140","bucketEncryptionKey":null,"modificationTime":"1760644137140","usedBytes":"0","usedNamespace":"0","snapshotUsedBytes":"0","snapshotUsedNamespace":"0","owner":"runner","replicationType":null,"replicationConfig":null,"quotaInBytes":"-1","quotaInNamespace":"-1","Transaction":"856"} | ret=SUCCESS |  
2025-10-16 19:48:57,143 [om1-OMStateMachineApplyTransactionThread - 0] INFO  snapshot.OMSnapshotCreateRequest (OMSnapshotCreateRequest.java:validateAndUpdateCache(228)) - Created snapshot: 's20251016-194857.142' with snapshotId: '05741201-c3fc-4930-a1a5-d20d13a755f3' under path 'vol-a-52140/bucket-b-7-63285'
2025-10-16 19:48:57,143 | INFO  | OMAudit | user=runner | ip=127.0.0.1 | op=CREATE_SNAPSHOT {"volume":"vol-a-52140","bucket":"bucket-b-7-63285","snapshotName":"s20251016-194857.142","Transaction":"857"} | ret=SUCCESS |  
2025-10-16 19:48:57,144 [ForkJoinPool-1-worker-1] INFO  rpc.RpcClient (RpcClient.java:createBucket(686)) - Creating Bucket: vol-b-17770/bucket-b-7-48472, with server-side default bucket layout, runner as owner, Versioning false, Storage Type set to DISK and Encryption set to false, Replication Type set to server-side default replication type, Namespace Quota set to -1, Space Quota set to -1 
2025-10-16 19:48:57,146 [om1-OMStateMachineApplyTransactionThread - 0] INFO  bucket.OMBucketCreateRequest (OMBucketCreateRequest.java:validateAndUpdateCache(303)) - created bucket: bucket-b-7-48472 of layout FILE_SYSTEM_OPTIMIZED in volume: vol-b-17770
2025-10-16 19:48:57,146 | INFO  | OMAudit | user=runner | ip=127.0.0.1 | op=CREATE_BUCKET {"volume":"vol-b-17770","bucket":"bucket-b-7-48472","bucketLayout":"FILE_SYSTEM_OPTIMIZED","gdprEnabled":null,"acls":"[user:runner:a[ACCESS], group:runner:rl[ACCESS]]","isVersionEnabled":"false","storageType":"DISK","creationTime":"1760644137145","bucketEncryptionKey":null,"modificationTime":"1760644137145","usedBytes":"0","usedNamespace":"0","snapshotUsedBytes":"0","snapshotUsedNamespace":"0","owner":"runner","replicationType":null,"replicationConfig":null,"quotaInBytes":"-1","quotaInNamespace":"-1","Transaction":"858"} | ret=SUCCESS |  
2025-10-16 19:48:57,149 [ForkJoinPool-1-worker-1] INFO  rpc.RpcClient (RpcClient.java:createBucket(686)) - Creating Bucket: vol-a-52140/bucket-b-8-20288, with server-side default bucket layout, runner as owner, Versioning false, Storage Type set to DISK and Encryption set to false, Replication Type set to server-side default replication type, Namespace Quota set to -1, Space Quota set to -1 
2025-10-16 19:48:57,153 [om1-OMStateMachineApplyTransactionThread - 0] INFO  bucket.OMBucketCreateRequest (OMBucketCreateRequest.java:validateAndUpdateCache(303)) - created bucket: bucket-b-8-20288 of layout FILE_SYSTEM_OPTIMIZED in volume: vol-a-52140
2025-10-16 19:48:57,153 | INFO  | OMAudit | user=runner | ip=127.0.0.1 | op=CREATE_BUCKET {"volume":"vol-a-52140","bucket":"bucket-b-8-20288","bucketLayout":"FILE_SYSTEM_OPTIMIZED","gdprEnabled":null,"acls":"[user:runner:a[ACCESS], group:runner:rl[ACCESS]]","isVersionEnabled":"false","storageType":"DISK","creationTime":"1760644137151","bucketEncryptionKey":null,"modificationTime":"1760644137151","usedBytes":"0","usedNamespace":"0","snapshotUsedBytes":"0","snapshotUsedNamespace":"0","owner":"runner","replicationType":null,"replicationConfig":null,"quotaInBytes":"-1","quotaInNamespace":"-1","Transaction":"859"} | ret=SUCCESS |  
2025-10-16 19:48:57,159 [om1-OMStateMachineApplyTransactionThread - 0] INFO  snapshot.OMSnapshotCreateRequest (OMSnapshotCreateRequest.java:validateAndUpdateCache(228)) - Created snapshot: 's20251016-194857.156' with snapshotId: 'b8b598d4-afe9-49e1-936c-4fbb6b942417' under path 'vol-a-52140/bucket-b-8-20288'
2025-10-16 19:48:57,159 | INFO  | OMAudit | user=runner | ip=127.0.0.1 | op=CREATE_SNAPSHOT {"volume":"vol-a-52140","bucket":"bucket-b-8-20288","snapshotName":"s20251016-194857.156","Transaction":"860"} | ret=SUCCESS |  
2025-10-16 19:48:57,162 [ForkJoinPool-1-worker-1] INFO  rpc.RpcClient (RpcClient.java:createBucket(686)) - Creating Bucket: vol-b-17770/bucket-b-8-18671, with server-side default bucket layout, runner as owner, Versioning false, Storage Type set to DISK and Encryption set to false, Replication Type set to server-side default replication type, Namespace Quota set to -1, Space Quota set to -1 
2025-10-16 19:48:57,163 [om1-OMStateMachineApplyTransactionThread - 0] INFO  bucket.OMBucketCreateRequest (OMBucketCreateRequest.java:validateAndUpdateCache(303)) - created bucket: bucket-b-8-18671 of layout FILE_SYSTEM_OPTIMIZED in volume: vol-b-17770
2025-10-16 19:48:57,163 | INFO  | OMAudit | user=runner | ip=127.0.0.1 | op=CREATE_BUCKET {"volume":"vol-b-17770","bucket":"bucket-b-8-18671","bucketLayout":"FILE_SYSTEM_OPTIMIZED","gdprEnabled":null,"acls":"[user:runner:a[ACCESS], group:runner:rl[ACCESS]]","isVersionEnabled":"false","storageType":"DISK","creationTime":"1760644137162","bucketEncryptionKey":null,"modificationTime":"1760644137162","usedBytes":"0","usedNamespace":"0","snapshotUsedBytes":"0","snapshotUsedNamespace":"0","owner":"runner","replicationType":null,"replicationConfig":null,"quotaInBytes":"-1","quotaInNamespace":"-1","Transaction":"861"} | ret=SUCCESS |  
2025-10-16 19:48:57,164 [ForkJoinPool-1-worker-1] INFO  rpc.RpcClient (RpcClient.java:createBucket(686)) - Creating Bucket: vol-a-52140/bucket-b-9-07339, with server-side default bucket layout, runner as owner, Versioning false, Storage Type set to DISK and Encryption set to false, Replication Type set to server-side default replication type, Namespace Quota set to -1, Space Quota set to -1 
2025-10-16 19:48:57,166 [om1-OMStateMachineApplyTransactionThread - 0] INFO  bucket.OMBucketCreateRequest (OMBucketCreateRequest.java:validateAndUpdateCache(303)) - created bucket: bucket-b-9-07339 of layout FILE_SYSTEM_OPTIMIZED in volume: vol-a-52140
2025-10-16 19:48:57,166 | INFO  | OMAudit | user=runner | ip=127.0.0.1 | op=CREATE_BUCKET {"volume":"vol-a-52140","bucket":"bucket-b-9-07339","bucketLayout":"FILE_SYSTEM_OPTIMIZED","gdprEnabled":null,"acls":"[user:runner:a[ACCESS], group:runner:rl[ACCESS]]","isVersionEnabled":"false","storageType":"DISK","creationTime":"1760644137165","bucketEncryptionKey":null,"modificationTime":"1760644137165","usedBytes":"0","usedNamespace":"0","snapshotUsedBytes":"0","snapshotUsedNamespace":"0","owner":"runner","replicationType":null,"replicationConfig":null,"quotaInBytes":"-1","quotaInNamespace":"-1","Transaction":"862"} | ret=SUCCESS |  
2025-10-16 19:48:57,169 [om1-OMStateMachineApplyTransactionThread - 0] INFO  snapshot.OMSnapshotCreateRequest (OMSnapshotCreateRequest.java:validateAndUpdateCache(228)) - Created snapshot: 's20251016-194857.168' with snapshotId: '85b2e5fe-7374-4a30-bd16-9fb4a1df6ecb' under path 'vol-a-52140/bucket-b-9-07339'
2025-10-16 19:48:57,169 | INFO  | OMAudit | user=runner | ip=127.0.0.1 | op=CREATE_SNAPSHOT {"volume":"vol-a-52140","bucket":"bucket-b-9-07339","snapshotName":"s20251016-194857.168","Transaction":"863"} | ret=SUCCESS |  
2025-10-16 19:48:57,170 [ForkJoinPool-1-worker-1] INFO  rpc.RpcClient (RpcClient.java:createBucket(686)) - Creating Bucket: vol-b-17770/bucket-b-9-28534, with server-side default bucket layout, runner as owner, Versioning false, Storage Type set to DISK and Encryption set to false, Replication Type set to server-side default replication type, Namespace Quota set to -1, Space Quota set to -1 
2025-10-16 19:48:57,172 [om1-OMDoubleBufferFlushThread] INFO  om.OmSnapshotManager (OmSnapshotManager.java:createOmSnapshotCheckpoint(545)) - Created checkpoint: /home/runner/work/ozone/ozone/hadoop-ozone/integration-test/target/test-dir/MiniOzoneClusterImpl-e7911277-7775-4457-96c8-94071a26a1ce/om/data/db.snapshots/checkpointState/om.db-c70b61dd-b310-4443-b1a6-f980155f0ea7 for snapshot /vol-b-17770/bucket-a-0-72561/s20251016-194856.943
2025-10-16 19:48:57,172 [om1-OMStateMachineApplyTransactionThread - 0] INFO  bucket.OMBucketCreateRequest (OMBucketCreateRequest.java:validateAndUpdateCache(303)) - created bucket: bucket-b-9-28534 of layout FILE_SYSTEM_OPTIMIZED in volume: vol-b-17770
2025-10-16 19:48:57,172 | INFO  | OMAudit | user=runner | ip=127.0.0.1 | op=CREATE_BUCKET {"volume":"vol-b-17770","bucket":"bucket-b-9-28534","bucketLayout":"FILE_SYSTEM_OPTIMIZED","gdprEnabled":null,"acls":"[user:runner:a[ACCESS], group:runner:rl[ACCESS]]","isVersionEnabled":"false","storageType":"DISK","creationTime":"1760644137171","bucketEncryptionKey":null,"modificationTime":"1760644137171","usedBytes":"0","usedNamespace":"0","snapshotUsedBytes":"0","snapshotUsedNamespace":"0","owner":"runner","replicationType":null,"replicationConfig":null,"quotaInBytes":"-1","quotaInNamespace":"-1","Transaction":"864"} | ret=SUCCESS |  
2025-10-16 19:48:57,179 | INFO  | OMAudit | user=runner | ip=127.0.0.1 | op=LIST_BUCKETS {"volume":"vol-a-52140","startKey":"","prefix":"bucket-","maxNumOfBuckets":"1000","hasSnapshot":"false"} | ret=SUCCESS |  
2025-10-16 19:48:57,183 | INFO  | OMAudit | user=runner | ip=127.0.0.1 | op=LIST_BUCKETS {"volume":"vol-a-52140","startKey":"bucket-b-9-07339","prefix":"bucket-","maxNumOfBuckets":"1000","hasSnapshot":"false"} | ret=SUCCESS |  
2025-10-16 19:48:57,186 | INFO  | OMAudit | user=runner | ip=127.0.0.1 | op=LIST_BUCKETS {"volume":"vol-a-52140","startKey":"","prefix":"bucket-","maxNumOfBuckets":"1000","hasSnapshot":"true"} | ret=SUCCESS |  
2025-10-16 19:48:57,188 | INFO  | OMAudit | user=runner | ip=127.0.0.1 | op=LIST_BUCKETS {"volume":"vol-a-52140","startKey":"bucket-b-9-07339","prefix":"bucket-","maxNumOfBuckets":"1000","hasSnapshot":"true"} | ret=SUCCESS |  
2025-10-16 19:48:57,189 | INFO  | OMAudit | user=runner | ip=127.0.0.1 | op=LIST_BUCKETS {"volume":"vol-b-17770","startKey":"","prefix":"bucket-","maxNumOfBuckets":"1000","hasSnapshot":"false"} | ret=SUCCESS |  
2025-10-16 19:48:57,191 | INFO  | OMAudit | user=runner | ip=127.0.0.1 | op=LIST_BUCKETS {"volume":"vol-b-17770","startKey":"bucket-b-9-28534","prefix":"bucket-","maxNumOfBuckets":"1000","hasSnapshot":"false"} | ret=SUCCESS |  
2025-10-16 19:48:57,192 | INFO  | OMAudit | user=runner | ip=127.0.0.1 | op=LIST_BUCKETS {"volume":"vol-b-17770","startKey":"","prefix":"bucket-","maxNumOfBuckets":"1000","hasSnapshot":"true"} | ret=SUCCESS |  
2025-10-16 19:48:57,193 | INFO  | OMAudit | user=runner | ip=127.0.0.1 | op=LIST_BUCKETS {"volume":"vol-b-17770","startKey":"bucket-a-9-23873","prefix":"bucket-","maxNumOfBuckets":"1000","hasSnapshot":"true"} | ret=SUCCESS |  
2025-10-16 19:48:57,195 | INFO  | OMAudit | user=runner | ip=127.0.0.1 | op=LIST_BUCKETS {"volume":"vol-a-52140","startKey":"","prefix":"bucket-a-","maxNumOfBuckets":"1000","hasSnapshot":"false"} | ret=SUCCESS |  
2025-10-16 19:48:57,197 | INFO  | OMAudit | user=runner | ip=127.0.0.1 | op=LIST_BUCKETS {"volume":"vol-a-52140","startKey":"bucket-a-9-45468","prefix":"bucket-a-","maxNumOfBuckets":"1000","hasSnapshot":"false"} | ret=SUCCESS |  
2025-10-16 19:48:57,198 | INFO  | OMAudit | user=runner | ip=127.0.0.1 | op=LIST_BUCKETS {"volume":"vol-a-52140","startKey":"","prefix":"bucket-a-","maxNumOfBuckets":"1000","hasSnapshot":"true"} | ret=SUCCESS |  
2025-10-16 19:48:57,200 | INFO  | OMAudit | user=runner | ip=127.0.0.1 | op=LIST_BUCKETS {"volume":"vol-a-52140","startKey":"bucket-a-9-45468","prefix":"bucket-a-","maxNumOfBuckets":"1000","hasSnapshot":"true"} | ret=SUCCESS |  
2025-10-16 19:48:57,201 | INFO  | OMAudit | user=runner | ip=127.0.0.1 | op=LIST_BUCKETS {"volume":"vol-b-17770","startKey":"","prefix":"bucket-b-","maxNumOfBuckets":"1000","hasSnapshot":"false"} | ret=SUCCESS |  
2025-10-16 19:48:57,203 | INFO  | OMAudit | user=runner | ip=127.0.0.1 | op=LIST_BUCKETS {"volume":"vol-b-17770","startKey":"bucket-b-9-28534","prefix":"bucket-b-","maxNumOfBuckets":"1000","hasSnapshot":"false"} | ret=SUCCESS |  
2025-10-16 19:48:57,204 | INFO  | OMAudit | user=runner | ip=127.0.0.1 | op=LIST_BUCKETS {"volume":"vol-b-17770","startKey":"","prefix":"bucket-b-","maxNumOfBuckets":"1000","hasSnapshot":"true"} | ret=SUCCESS |  
2025-10-16 19:48:57,205 | INFO  | OMAudit | user=runner | ip=127.0.0.1 | op=LIST_BUCKETS {"volume":"vol-a-52140","startKey":"","prefix":"bucket-b-","maxNumOfBuckets":"1000","hasSnapshot":"false"} | ret=SUCCESS |  
2025-10-16 19:48:57,206 | INFO  | OMAudit | user=runner | ip=127.0.0.1 | op=LIST_BUCKETS {"volume":"vol-a-52140","startKey":"bucket-b-9-07339","prefix":"bucket-b-","maxNumOfBuckets":"1000","hasSnapshot":"false"} | ret=SUCCESS |  
2025-10-16 19:48:57,207 | INFO  | OMAudit | user=runner | ip=127.0.0.1 | op=LIST_BUCKETS {"volume":"vol-a-52140","startKey":"","prefix":"bucket-b-","maxNumOfBuckets":"1000","hasSnapshot":"true"} | ret=SUCCESS |  
2025-10-16 19:48:57,210 | INFO  | OMAudit | user=runner | ip=127.0.0.1 | op=LIST_BUCKETS {"volume":"vol-a-52140","startKey":"bucket-b-9-07339","prefix":"bucket-b-","maxNumOfBuckets":"1000","hasSnapshot":"true"} | ret=SUCCESS |  
2025-10-16 19:48:57,211 | INFO  | OMAudit | user=runner | ip=127.0.0.1 | op=LIST_BUCKETS {"volume":"vol-b-17770","startKey":"","prefix":"bucket-a-","maxNumOfBuckets":"1000","hasSnapshot":"false"} | ret=SUCCESS |  
2025-10-16 19:48:57,213 | INFO  | OMAudit | user=runner | ip=127.0.0.1 | op=LIST_BUCKETS {"volume":"vol-b-17770","startKey":"bucket-a-9-23873","prefix":"bucket-a-","maxNumOfBuckets":"1000","hasSnapshot":"false"} | ret=SUCCESS |  
2025-10-16 19:48:57,214 | INFO  | OMAudit | user=runner | ip=127.0.0.1 | op=LIST_BUCKETS {"volume":"vol-b-17770","startKey":"","prefix":"bucket-a-","maxNumOfBuckets":"1000","hasSnapshot":"true"} | ret=SUCCESS |  
2025-10-16 19:48:57,216 | INFO  | OMAudit | user=runner | ip=127.0.0.1 | op=LIST_BUCKETS {"volume":"vol-b-17770","startKey":"bucket-a-9-23873","prefix":"bucket-a-","maxNumOfBuckets":"1000","hasSnapshot":"true"} | ret=SUCCESS |  
]]></system-out>
  </testcase>
  <testcase name="testListBucketsOnEmptyVolume" classname="org.apache.hadoop.ozone.client.rpc.TestSecureOzoneRpcClient" time="0.006">
    <system-out><![CDATA[2025-10-16 19:48:57,218 [ForkJoinPool-1-worker-1] INFO  rpc.RpcClient (RpcClient.java:createVolume(461)) - Creating Volume: vol-empty, with runner as owner and space quota set to -1 bytes, counts quota set to -1
2025-10-16 19:48:57,219 [om1-OMDoubleBufferFlushThread] INFO  db.RDBCheckpointManager (RDBCheckpointManager.java:createCheckpoint(87)) - Created checkpoint in rocksDB at /home/runner/work/ozone/ozone/hadoop-ozone/integration-test/target/test-dir/MiniOzoneClusterImpl-e7911277-7775-4457-96c8-94071a26a1ce/om/data/db.snapshots/checkpointState/om.db-ddfa98b1-fb7f-4e23-b3ae-091e9d5645b3 in 43 milliseconds
2025-10-16 19:48:57,220 [om1-OMStateMachineApplyTransactionThread - 0] INFO  volume.OMVolumeCreateRequest (OMVolumeCreateRequest.java:validateAndUpdateCache(213)) - created volume:vol-empty for user:runner
2025-10-16 19:48:57,220 | INFO  | OMAudit | user=runner | ip=127.0.0.1 | op=CREATE_VOLUME {"admin":"runner","owner":"runner","volume":"vol-empty","creationTime":"1760644137219","modificationTime":"1760644137219","quotaInBytes":"-1","quotaInNamespace":"-1","usedNamespace":"0","objectID":"-9223372036854554368","updateID":"865","Transaction":"865"} | ret=SUCCESS |  
2025-10-16 19:48:57,221 | INFO  | OMAudit | user=runner | ip=127.0.0.1 | op=READ_VOLUME {"volume":"vol-empty"} | ret=SUCCESS |  
2025-10-16 19:48:57,222 | INFO  | OMAudit | user=runner | ip=127.0.0.1 | op=LIST_BUCKETS {"volume":"vol-empty","startKey":"","prefix":"","maxNumOfBuckets":"1000","hasSnapshot":"false"} | ret=SUCCESS |  
]]></system-out>
  </testcase>
  <testcase name="testListBucketsReplicationConfig" classname="org.apache.hadoop.ozone.client.rpc.TestSecureOzoneRpcClient" time="0.027">
    <system-out><![CDATA[2025-10-16 19:48:57,224 [ForkJoinPool-1-worker-1] INFO  rpc.RpcClient (RpcClient.java:createVolume(461)) - Creating Volume: dbb77a58-fd00-46c2-87f6-948ebd908ded, with runner as owner and space quota set to -1 bytes, counts quota set to -1
2025-10-16 19:48:57,227 [om1-OMStateMachineApplyTransactionThread - 0] INFO  volume.OMVolumeCreateRequest (OMVolumeCreateRequest.java:validateAndUpdateCache(213)) - created volume:dbb77a58-fd00-46c2-87f6-948ebd908ded for user:runner
2025-10-16 19:48:57,227 | INFO  | OMAudit | user=runner | ip=127.0.0.1 | op=CREATE_VOLUME {"admin":"runner","owner":"runner","volume":"dbb77a58-fd00-46c2-87f6-948ebd908ded","creationTime":"1760644137226","modificationTime":"1760644137226","quotaInBytes":"-1","quotaInNamespace":"-1","usedNamespace":"0","objectID":"-9223372036854554112","updateID":"866","Transaction":"866"} | ret=SUCCESS |  
2025-10-16 19:48:57,230 | INFO  | OMAudit | user=runner | ip=127.0.0.1 | op=READ_VOLUME {"volume":"dbb77a58-fd00-46c2-87f6-948ebd908ded"} | ret=SUCCESS |  
2025-10-16 19:48:57,231 [ForkJoinPool-1-worker-1] INFO  rpc.RpcClient (RpcClient.java:createBucket(686)) - Creating Bucket: dbb77a58-fd00-46c2-87f6-948ebd908ded/d5e84b39-0239-452e-acf5-27b85a853916, with server-side default bucket layout, runner as owner, Versioning false, Storage Type set to DISK and Encryption set to false, Replication Type set to server-side default replication type, Namespace Quota set to -1, Space Quota set to -1 
2025-10-16 19:48:57,234 [om1-OMStateMachineApplyTransactionThread - 0] INFO  bucket.OMBucketCreateRequest (OMBucketCreateRequest.java:validateAndUpdateCache(303)) - created bucket: d5e84b39-0239-452e-acf5-27b85a853916 of layout FILE_SYSTEM_OPTIMIZED in volume: dbb77a58-fd00-46c2-87f6-948ebd908ded
2025-10-16 19:48:57,234 | INFO  | OMAudit | user=runner | ip=127.0.0.1 | op=CREATE_BUCKET {"volume":"dbb77a58-fd00-46c2-87f6-948ebd908ded","bucket":"d5e84b39-0239-452e-acf5-27b85a853916","bucketLayout":"FILE_SYSTEM_OPTIMIZED","gdprEnabled":null,"acls":"[user:runner:a[ACCESS], group:runner:rl[ACCESS]]","isVersionEnabled":"false","storageType":"DISK","creationTime":"1760644137232","bucketEncryptionKey":null,"modificationTime":"1760644137232","usedBytes":"0","usedNamespace":"0","snapshotUsedBytes":"0","snapshotUsedNamespace":"0","owner":"runner","replicationType":null,"replicationConfig":null,"quotaInBytes":"-1","quotaInNamespace":"-1","Transaction":"867"} | ret=SUCCESS |  
2025-10-16 19:48:57,236 | INFO  | OMAudit | user=runner | ip=127.0.0.1 | op=LIST_BUCKETS {"volume":"dbb77a58-fd00-46c2-87f6-948ebd908ded","startKey":"","prefix":"d5e84b39-0239-452e-acf5-27b85a853916","maxNumOfBuckets":"1000","hasSnapshot":"false"} | ret=SUCCESS |  
2025-10-16 19:48:57,237 [ForkJoinPool-1-worker-1] INFO  rpc.RpcClient (RpcClient.java:createBucket(686)) - Creating Bucket: dbb77a58-fd00-46c2-87f6-948ebd908ded/b0cadee8-972c-4ab3-88a7-c2fb7ca8cca5, with server-side default bucket layout, runner as owner, Versioning false, Storage Type set to DISK and Encryption set to false, Replication Type set to EC, Namespace Quota set to -1, Space Quota set to -1 
2025-10-16 19:48:57,240 [om1-OMStateMachineApplyTransactionThread - 0] INFO  bucket.OMBucketCreateRequest (OMBucketCreateRequest.java:validateAndUpdateCache(303)) - created bucket: b0cadee8-972c-4ab3-88a7-c2fb7ca8cca5 of layout FILE_SYSTEM_OPTIMIZED in volume: dbb77a58-fd00-46c2-87f6-948ebd908ded
2025-10-16 19:48:57,240 | INFO  | OMAudit | user=runner | ip=127.0.0.1 | op=CREATE_BUCKET {"volume":"dbb77a58-fd00-46c2-87f6-948ebd908ded","bucket":"b0cadee8-972c-4ab3-88a7-c2fb7ca8cca5","bucketLayout":"FILE_SYSTEM_OPTIMIZED","gdprEnabled":null,"acls":"[user:runner:a[ACCESS], group:runner:rl[ACCESS]]","isVersionEnabled":"false","storageType":"DISK","creationTime":"1760644137238","bucketEncryptionKey":null,"modificationTime":"1760644137238","usedBytes":"0","usedNamespace":"0","snapshotUsedBytes":"0","snapshotUsedNamespace":"0","owner":"runner","replicationType":"EC","replicationConfig":"rs-3-2-1024k","quotaInBytes":"-1","quotaInNamespace":"-1","Transaction":"868"} | ret=SUCCESS |  
2025-10-16 19:48:57,242 | INFO  | OMAudit | user=runner | ip=127.0.0.1 | op=LIST_BUCKETS {"volume":"dbb77a58-fd00-46c2-87f6-948ebd908ded","startKey":"","prefix":"b0cadee8-972c-4ab3-88a7-c2fb7ca8cca5","maxNumOfBuckets":"1000","hasSnapshot":"false"} | ret=SUCCESS |  
2025-10-16 19:48:57,242 [ForkJoinPool-1-worker-1] INFO  rpc.RpcClient (RpcClient.java:createBucket(686)) - Creating Bucket: dbb77a58-fd00-46c2-87f6-948ebd908ded/3b579636-8d88-4eca-8b19-d2c1ce4ae854, with server-side default bucket layout, runner as owner, Versioning false, Storage Type set to DISK and Encryption set to false, Replication Type set to RATIS, Namespace Quota set to -1, Space Quota set to -1 
2025-10-16 19:48:57,247 [om1-OMDoubleBufferFlushThread] INFO  om.OmSnapshotManager (OmSnapshotManager.java:createOmSnapshotCheckpoint(545)) - Created checkpoint: /home/runner/work/ozone/ozone/hadoop-ozone/integration-test/target/test-dir/MiniOzoneClusterImpl-e7911277-7775-4457-96c8-94071a26a1ce/om/data/db.snapshots/checkpointState/om.db-ddfa98b1-fb7f-4e23-b3ae-091e9d5645b3 for snapshot /vol-a-52140/bucket-a-1-15103/s20251016-194856.948
2025-10-16 19:48:57,247 [om1-OMStateMachineApplyTransactionThread - 0] INFO  bucket.OMBucketCreateRequest (OMBucketCreateRequest.java:validateAndUpdateCache(303)) - created bucket: 3b579636-8d88-4eca-8b19-d2c1ce4ae854 of layout FILE_SYSTEM_OPTIMIZED in volume: dbb77a58-fd00-46c2-87f6-948ebd908ded
2025-10-16 19:48:57,248 | INFO  | OMAudit | user=runner | ip=127.0.0.1 | op=CREATE_BUCKET {"volume":"dbb77a58-fd00-46c2-87f6-948ebd908ded","bucket":"3b579636-8d88-4eca-8b19-d2c1ce4ae854","bucketLayout":"FILE_SYSTEM_OPTIMIZED","gdprEnabled":null,"acls":"[user:runner:a[ACCESS], group:runner:rl[ACCESS]]","isVersionEnabled":"false","storageType":"DISK","creationTime":"1760644137243","bucketEncryptionKey":null,"modificationTime":"1760644137243","usedBytes":"0","usedNamespace":"0","snapshotUsedBytes":"0","snapshotUsedNamespace":"0","owner":"runner","replicationType":"RATIS","replicationConfig":"THREE","quotaInBytes":"-1","quotaInNamespace":"-1","Transaction":"869"} | ret=SUCCESS |  
2025-10-16 19:48:57,249 | INFO  | OMAudit | user=runner | ip=127.0.0.1 | op=LIST_BUCKETS {"volume":"dbb77a58-fd00-46c2-87f6-948ebd908ded","startKey":"","prefix":"3b579636-8d88-4eca-8b19-d2c1ce4ae854","maxNumOfBuckets":"1000","hasSnapshot":"false"} | ret=SUCCESS |  
]]></system-out>
  </testcase>
  <testcase name="testListKey" classname="org.apache.hadoop.ozone.client.rpc.TestSecureOzoneRpcClient" time="1.485">
    <system-out><![CDATA[2025-10-16 19:48:57,252 [ForkJoinPool-1-worker-1] INFO  rpc.RpcClient (RpcClient.java:createVolume(461)) - Creating Volume: vol-a-28403, with runner as owner and space quota set to -1 bytes, counts quota set to -1
2025-10-16 19:48:57,254 [om1-OMStateMachineApplyTransactionThread - 0] INFO  volume.OMVolumeCreateRequest (OMVolumeCreateRequest.java:validateAndUpdateCache(213)) - created volume:vol-a-28403 for user:runner
2025-10-16 19:48:57,254 | INFO  | OMAudit | user=runner | ip=127.0.0.1 | op=CREATE_VOLUME {"admin":"runner","owner":"runner","volume":"vol-a-28403","creationTime":"1760644137252","modificationTime":"1760644137252","quotaInBytes":"-1","quotaInNamespace":"-1","usedNamespace":"0","objectID":"-9223372036854553088","updateID":"870","Transaction":"870"} | ret=SUCCESS |  
2025-10-16 19:48:57,254 [ForkJoinPool-1-worker-1] INFO  rpc.RpcClient (RpcClient.java:createVolume(461)) - Creating Volume: vol-b-66607, with runner as owner and space quota set to -1 bytes, counts quota set to -1
2025-10-16 19:48:57,257 [om1-OMStateMachineApplyTransactionThread - 0] INFO  volume.OMVolumeCreateRequest (OMVolumeCreateRequest.java:validateAndUpdateCache(213)) - created volume:vol-b-66607 for user:runner
2025-10-16 19:48:57,257 | INFO  | OMAudit | user=runner | ip=127.0.0.1 | op=CREATE_VOLUME {"admin":"runner","owner":"runner","volume":"vol-b-66607","creationTime":"1760644137255","modificationTime":"1760644137255","quotaInBytes":"-1","quotaInNamespace":"-1","usedNamespace":"0","objectID":"-9223372036854552832","updateID":"871","Transaction":"871"} | ret=SUCCESS |  
2025-10-16 19:48:57,259 | INFO  | OMAudit | user=runner | ip=127.0.0.1 | op=READ_VOLUME {"volume":"vol-a-28403"} | ret=SUCCESS |  
2025-10-16 19:48:57,260 | INFO  | OMAudit | user=runner | ip=127.0.0.1 | op=READ_VOLUME {"volume":"vol-b-66607"} | ret=SUCCESS |  
2025-10-16 19:48:57,260 [ForkJoinPool-1-worker-1] INFO  rpc.RpcClient (RpcClient.java:createBucket(686)) - Creating Bucket: vol-a-28403/buc-a-09548, with server-side default bucket layout, runner as owner, Versioning false, Storage Type set to DISK and Encryption set to false, Replication Type set to server-side default replication type, Namespace Quota set to -1, Space Quota set to -1 
2025-10-16 19:48:57,262 [om1-OMStateMachineApplyTransactionThread - 0] INFO  bucket.OMBucketCreateRequest (OMBucketCreateRequest.java:validateAndUpdateCache(303)) - created bucket: buc-a-09548 of layout FILE_SYSTEM_OPTIMIZED in volume: vol-a-28403
2025-10-16 19:48:57,262 | INFO  | OMAudit | user=runner | ip=127.0.0.1 | op=CREATE_BUCKET {"volume":"vol-a-28403","bucket":"buc-a-09548","bucketLayout":"FILE_SYSTEM_OPTIMIZED","gdprEnabled":null,"acls":"[user:runner:a[ACCESS], group:runner:rl[ACCESS]]","isVersionEnabled":"false","storageType":"DISK","creationTime":"1760644137261","bucketEncryptionKey":null,"modificationTime":"1760644137261","usedBytes":"0","usedNamespace":"0","snapshotUsedBytes":"0","snapshotUsedNamespace":"0","owner":"runner","replicationType":null,"replicationConfig":null,"quotaInBytes":"-1","quotaInNamespace":"-1","Transaction":"872"} | ret=SUCCESS |  
2025-10-16 19:48:57,263 [ForkJoinPool-1-worker-1] INFO  rpc.RpcClient (RpcClient.java:createBucket(686)) - Creating Bucket: vol-a-28403/buc-b-53888, with server-side default bucket layout, runner as owner, Versioning false, Storage Type set to DISK and Encryption set to false, Replication Type set to server-side default replication type, Namespace Quota set to -1, Space Quota set to -1 
2025-10-16 19:48:57,264 [om1-OMStateMachineApplyTransactionThread - 0] INFO  bucket.OMBucketCreateRequest (OMBucketCreateRequest.java:validateAndUpdateCache(303)) - created bucket: buc-b-53888 of layout FILE_SYSTEM_OPTIMIZED in volume: vol-a-28403
2025-10-16 19:48:57,265 | INFO  | OMAudit | user=runner | ip=127.0.0.1 | op=CREATE_BUCKET {"volume":"vol-a-28403","bucket":"buc-b-53888","bucketLayout":"FILE_SYSTEM_OPTIMIZED","gdprEnabled":null,"acls":"[user:runner:a[ACCESS], group:runner:rl[ACCESS]]","isVersionEnabled":"false","storageType":"DISK","creationTime":"1760644137264","bucketEncryptionKey":null,"modificationTime":"1760644137264","usedBytes":"0","usedNamespace":"0","snapshotUsedBytes":"0","snapshotUsedNamespace":"0","owner":"runner","replicationType":null,"replicationConfig":null,"quotaInBytes":"-1","quotaInNamespace":"-1","Transaction":"873"} | ret=SUCCESS |  
2025-10-16 19:48:57,265 [ForkJoinPool-1-worker-1] INFO  rpc.RpcClient (RpcClient.java:createBucket(686)) - Creating Bucket: vol-b-66607/buc-a-09548, with server-side default bucket layout, runner as owner, Versioning false, Storage Type set to DISK and Encryption set to false, Replication Type set to server-side default replication type, Namespace Quota set to -1, Space Quota set to -1 
2025-10-16 19:48:57,268 [om1-OMStateMachineApplyTransactionThread - 0] INFO  bucket.OMBucketCreateRequest (OMBucketCreateRequest.java:validateAndUpdateCache(303)) - created bucket: buc-a-09548 of layout FILE_SYSTEM_OPTIMIZED in volume: vol-b-66607
2025-10-16 19:48:57,268 | INFO  | OMAudit | user=runner | ip=127.0.0.1 | op=CREATE_BUCKET {"volume":"vol-b-66607","bucket":"buc-a-09548","bucketLayout":"FILE_SYSTEM_OPTIMIZED","gdprEnabled":null,"acls":"[user:runner:a[ACCESS], group:runner:rl[ACCESS]]","isVersionEnabled":"false","storageType":"DISK","creationTime":"1760644137266","bucketEncryptionKey":null,"modificationTime":"1760644137266","usedBytes":"0","usedNamespace":"0","snapshotUsedBytes":"0","snapshotUsedNamespace":"0","owner":"runner","replicationType":null,"replicationConfig":null,"quotaInBytes":"-1","quotaInNamespace":"-1","Transaction":"874"} | ret=SUCCESS |  
2025-10-16 19:48:57,268 [ForkJoinPool-1-worker-1] INFO  rpc.RpcClient (RpcClient.java:createBucket(686)) - Creating Bucket: vol-b-66607/buc-b-53888, with server-side default bucket layout, runner as owner, Versioning false, Storage Type set to DISK and Encryption set to false, Replication Type set to server-side default replication type, Namespace Quota set to -1, Space Quota set to -1 
2025-10-16 19:48:57,270 [om1-OMStateMachineApplyTransactionThread - 0] INFO  bucket.OMBucketCreateRequest (OMBucketCreateRequest.java:validateAndUpdateCache(303)) - created bucket: buc-b-53888 of layout FILE_SYSTEM_OPTIMIZED in volume: vol-b-66607
2025-10-16 19:48:57,270 | INFO  | OMAudit | user=runner | ip=127.0.0.1 | op=CREATE_BUCKET {"volume":"vol-b-66607","bucket":"buc-b-53888","bucketLayout":"FILE_SYSTEM_OPTIMIZED","gdprEnabled":null,"acls":"[user:runner:a[ACCESS], group:runner:rl[ACCESS]]","isVersionEnabled":"false","storageType":"DISK","creationTime":"1760644137269","bucketEncryptionKey":null,"modificationTime":"1760644137269","usedBytes":"0","usedNamespace":"0","snapshotUsedBytes":"0","snapshotUsedNamespace":"0","owner":"runner","replicationType":null,"replicationConfig":null,"quotaInBytes":"-1","quotaInNamespace":"-1","Transaction":"875"} | ret=SUCCESS |  
2025-10-16 19:48:57,271 | INFO  | OMAudit | user=runner | ip=127.0.0.1 | op=READ_BUCKET {"volume":"vol-a-28403","bucket":"buc-a-09548"} | ret=SUCCESS |  
2025-10-16 19:48:57,272 | INFO  | OMAudit | user=runner | ip=127.0.0.1 | op=READ_BUCKET {"volume":"vol-a-28403","bucket":"buc-b-53888"} | ret=SUCCESS |  
2025-10-16 19:48:57,272 | INFO  | OMAudit | user=runner | ip=127.0.0.1 | op=READ_BUCKET {"volume":"vol-b-66607","bucket":"buc-a-09548"} | ret=SUCCESS |  
2025-10-16 19:48:57,273 | INFO  | OMAudit | user=runner | ip=127.0.0.1 | op=READ_BUCKET {"volume":"vol-b-66607","bucket":"buc-b-53888"} | ret=SUCCESS |  
2025-10-16 19:48:57,278 | INFO  | OMAudit | user=runner | ip=127.0.0.1 | op=READ_BUCKET {"volume":"vol-a-28403","bucket":"buc-a-09548"} | ret=SUCCESS |  
2025-10-16 19:48:57,279 | INFO  | SCMAudit | user=runner | ip=127.0.0.1 | op=ALLOCATE_BLOCK {"replication":"RATIS/ONE","owner":"omServiceIdDefault","size":"4194304","sampleBlocks":"[conID: 9 locID: 115816896921600216]","num":"1","client":"","allocated":"1"} | ret=SUCCESS |  
2025-10-16 19:48:57,282 | INFO  | OMAudit | user=runner | ip=127.0.0.1 | op=ALLOCATE_KEY {"volume":"vol-a-28403","bucket":"buc-a-09548","key":"key-a-0-68504","dataSize":"10240","replicationType":"RATIS","replicationFactor":"ONE","Transaction":"876"} | ret=SUCCESS |  
2025-10-16 19:48:57,288 [om1-OMDoubleBufferFlushThread] INFO  db.RDBCheckpointManager (RDBCheckpointManager.java:createCheckpoint(87)) - Created checkpoint in rocksDB at /home/runner/work/ozone/ozone/hadoop-ozone/integration-test/target/test-dir/MiniOzoneClusterImpl-e7911277-7775-4457-96c8-94071a26a1ce/om/data/db.snapshots/checkpointState/om.db-824bd4be-bddc-4c7d-9bf4-37cc1e8f62d9 in 38 milliseconds
2025-10-16 19:48:57,301 | INFO  | OMAudit | user=runner | ip=127.0.0.1 | op=COMMIT_KEY {"volume":"vol-a-28403","bucket":"buc-a-09548","key":"key-a-0-68504","dataSize":"10240","replicationType":"RATIS","replicationFactor":"ONE","Transaction":"877"} | ret=SUCCESS |  
2025-10-16 19:48:57,304 | INFO  | OMAudit | user=runner | ip=127.0.0.1 | op=READ_BUCKET {"volume":"vol-a-28403","bucket":"buc-b-53888"} | ret=SUCCESS |  
2025-10-16 19:48:57,304 | INFO  | SCMAudit | user=runner | ip=127.0.0.1 | op=ALLOCATE_BLOCK {"replication":"RATIS/ONE","owner":"omServiceIdDefault","size":"4194304","sampleBlocks":"[conID: 11 locID: 115816896921600217]","num":"1","client":"","allocated":"1"} | ret=SUCCESS |  
2025-10-16 19:48:57,308 | INFO  | OMAudit | user=runner | ip=127.0.0.1 | op=ALLOCATE_KEY {"volume":"vol-a-28403","bucket":"buc-b-53888","key":"key-a-0-16662","dataSize":"10240","replicationType":"RATIS","replicationFactor":"ONE","Transaction":"878"} | ret=SUCCESS |  
2025-10-16 19:48:57,308 | INFO  | SCMAudit | user=runner | ip=127.0.0.1 | op=SEND_HEARTBEAT {"datanodeUUID":"76d4ba71-5bbb-4b24-8f51-8bc7f78aaca4","term":"2","command":"[]"} | ret=SUCCESS |  
2025-10-16 19:48:57,312 | INFO  | SCMAudit | user=runner | ip=127.0.0.1 | op=SEND_HEARTBEAT {"datanodeUUID":"764b18f0-81c5-439a-9fff-25adc4f241fa","term":"2","command":"[]"} | ret=SUCCESS |  
2025-10-16 19:48:57,313 [om1-OMDoubleBufferFlushThread] INFO  om.OmSnapshotManager (OmSnapshotManager.java:createOmSnapshotCheckpoint(545)) - Created checkpoint: /home/runner/work/ozone/ozone/hadoop-ozone/integration-test/target/test-dir/MiniOzoneClusterImpl-e7911277-7775-4457-96c8-94071a26a1ce/om/data/db.snapshots/checkpointState/om.db-824bd4be-bddc-4c7d-9bf4-37cc1e8f62d9 for snapshot /vol-b-17770/bucket-a-1-69726/s20251016-194856.952
2025-10-16 19:48:57,322 | INFO  | OMAudit | user=runner | ip=127.0.0.1 | op=COMMIT_KEY {"volume":"vol-a-28403","bucket":"buc-b-53888","key":"key-a-0-16662","dataSize":"10240","replicationType":"RATIS","replicationFactor":"ONE","Transaction":"879"} | ret=SUCCESS |  
2025-10-16 19:48:57,323 | INFO  | OMAudit | user=runner | ip=127.0.0.1 | op=READ_BUCKET {"volume":"vol-b-66607","bucket":"buc-a-09548"} | ret=SUCCESS |  
2025-10-16 19:48:57,324 | INFO  | SCMAudit | user=runner | ip=127.0.0.1 | op=ALLOCATE_BLOCK {"replication":"RATIS/ONE","owner":"omServiceIdDefault","size":"4194304","sampleBlocks":"[conID: 3 locID: 115816896921600218]","num":"1","client":"","allocated":"1"} | ret=SUCCESS |  
2025-10-16 19:48:57,326 | INFO  | OMAudit | user=runner | ip=127.0.0.1 | op=ALLOCATE_KEY {"volume":"vol-b-66607","bucket":"buc-a-09548","key":"key-a-0-64698","dataSize":"10240","replicationType":"RATIS","replicationFactor":"ONE","Transaction":"880"} | ret=SUCCESS |  
2025-10-16 19:48:57,339 | INFO  | OMAudit | user=runner | ip=127.0.0.1 | op=COMMIT_KEY {"volume":"vol-b-66607","bucket":"buc-a-09548","key":"key-a-0-64698","dataSize":"10240","replicationType":"RATIS","replicationFactor":"ONE","Transaction":"881"} | ret=SUCCESS |  
2025-10-16 19:48:57,341 | INFO  | OMAudit | user=runner | ip=127.0.0.1 | op=READ_BUCKET {"volume":"vol-b-66607","bucket":"buc-b-53888"} | ret=SUCCESS |  
2025-10-16 19:48:57,342 | INFO  | SCMAudit | user=runner | ip=127.0.0.1 | op=ALLOCATE_BLOCK {"replication":"RATIS/ONE","owner":"omServiceIdDefault","size":"4194304","sampleBlocks":"[conID: 10 locID: 115816896921600219]","num":"1","client":"","allocated":"1"} | ret=SUCCESS |  
2025-10-16 19:48:57,344 | INFO  | OMAudit | user=runner | ip=127.0.0.1 | op=ALLOCATE_KEY {"volume":"vol-b-66607","bucket":"buc-b-53888","key":"key-a-0-92294","dataSize":"10240","replicationType":"RATIS","replicationFactor":"ONE","Transaction":"882"} | ret=SUCCESS |  
2025-10-16 19:48:57,347 [om1-OMDoubleBufferFlushThread] INFO  db.RDBCheckpointManager (RDBCheckpointManager.java:createCheckpoint(87)) - Created checkpoint in rocksDB at /home/runner/work/ozone/ozone/hadoop-ozone/integration-test/target/test-dir/MiniOzoneClusterImpl-e7911277-7775-4457-96c8-94071a26a1ce/om/data/db.snapshots/checkpointState/om.db-ee9cf801-4b00-4094-aaaa-d37e589ebe80 in 32 milliseconds
2025-10-16 19:48:57,362 | INFO  | OMAudit | user=runner | ip=127.0.0.1 | op=COMMIT_KEY {"volume":"vol-b-66607","bucket":"buc-b-53888","key":"key-a-0-92294","dataSize":"10240","replicationType":"RATIS","replicationFactor":"ONE","Transaction":"883"} | ret=SUCCESS |  
2025-10-16 19:48:57,368 | INFO  | OMAudit | user=runner | ip=127.0.0.1 | op=READ_BUCKET {"volume":"vol-a-28403","bucket":"buc-a-09548"} | ret=SUCCESS |  
2025-10-16 19:48:57,368 | INFO  | SCMAudit | user=runner | ip=127.0.0.1 | op=ALLOCATE_BLOCK {"replication":"RATIS/ONE","owner":"omServiceIdDefault","size":"4194304","sampleBlocks":"[conID: 9 locID: 115816896921600220]","num":"1","client":"","allocated":"1"} | ret=SUCCESS |  
2025-10-16 19:48:57,371 [om1-OMDoubleBufferFlushThread] INFO  om.OmSnapshotManager (OmSnapshotManager.java:createOmSnapshotCheckpoint(545)) - Created checkpoint: /home/runner/work/ozone/ozone/hadoop-ozone/integration-test/target/test-dir/MiniOzoneClusterImpl-e7911277-7775-4457-96c8-94071a26a1ce/om/data/db.snapshots/checkpointState/om.db-ee9cf801-4b00-4094-aaaa-d37e589ebe80 for snapshot /vol-a-52140/bucket-a-2-15644/s20251016-194856.958
2025-10-16 19:48:57,371 | INFO  | OMAudit | user=runner | ip=127.0.0.1 | op=ALLOCATE_KEY {"volume":"vol-a-28403","bucket":"buc-a-09548","key":"key-a-1-68406","dataSize":"10240","replicationType":"RATIS","replicationFactor":"ONE","Transaction":"884"} | ret=SUCCESS |  
2025-10-16 19:48:57,381 | INFO  | OMAudit | user=runner | ip=127.0.0.1 | op=COMMIT_KEY {"volume":"vol-a-28403","bucket":"buc-a-09548","key":"key-a-1-68406","dataSize":"10240","replicationType":"RATIS","replicationFactor":"ONE","Transaction":"885"} | ret=SUCCESS |  
2025-10-16 19:48:57,383 | INFO  | OMAudit | user=runner | ip=127.0.0.1 | op=READ_BUCKET {"volume":"vol-a-28403","bucket":"buc-b-53888"} | ret=SUCCESS |  
2025-10-16 19:48:57,384 | INFO  | SCMAudit | user=runner | ip=127.0.0.1 | op=ALLOCATE_BLOCK {"replication":"RATIS/ONE","owner":"omServiceIdDefault","size":"4194304","sampleBlocks":"[conID: 3 locID: 115816896921600221]","num":"1","client":"","allocated":"1"} | ret=SUCCESS |  
2025-10-16 19:48:57,388 | INFO  | OMAudit | user=runner | ip=127.0.0.1 | op=ALLOCATE_KEY {"volume":"vol-a-28403","bucket":"buc-b-53888","key":"key-a-1-12298","dataSize":"10240","replicationType":"RATIS","replicationFactor":"ONE","Transaction":"886"} | ret=SUCCESS |  
2025-10-16 19:48:57,407 | INFO  | OMAudit | user=runner | ip=127.0.0.1 | op=COMMIT_KEY {"volume":"vol-a-28403","bucket":"buc-b-53888","key":"key-a-1-12298","dataSize":"10240","replicationType":"RATIS","replicationFactor":"ONE","Transaction":"887"} | ret=SUCCESS |  
2025-10-16 19:48:57,409 | INFO  | OMAudit | user=runner | ip=127.0.0.1 | op=READ_BUCKET {"volume":"vol-b-66607","bucket":"buc-a-09548"} | ret=SUCCESS |  
2025-10-16 19:48:57,410 | INFO  | SCMAudit | user=runner | ip=127.0.0.1 | op=ALLOCATE_BLOCK {"replication":"RATIS/ONE","owner":"omServiceIdDefault","size":"4194304","sampleBlocks":"[conID: 27 locID: 115816896921600222]","num":"1","client":"","allocated":"1"} | ret=SUCCESS |  
2025-10-16 19:48:57,412 | INFO  | OMAudit | user=runner | ip=127.0.0.1 | op=ALLOCATE_KEY {"volume":"vol-b-66607","bucket":"buc-a-09548","key":"key-a-1-08240","dataSize":"10240","replicationType":"RATIS","replicationFactor":"ONE","Transaction":"888"} | ret=SUCCESS |  
2025-10-16 19:48:57,422 [om1-OMDoubleBufferFlushThread] INFO  db.RDBCheckpointManager (RDBCheckpointManager.java:createCheckpoint(87)) - Created checkpoint in rocksDB at /home/runner/work/ozone/ozone/hadoop-ozone/integration-test/target/test-dir/MiniOzoneClusterImpl-e7911277-7775-4457-96c8-94071a26a1ce/om/data/db.snapshots/checkpointState/om.db-55efc420-f432-4243-a542-f514fe12283a in 49 milliseconds
2025-10-16 19:48:57,426 | INFO  | OMAudit | user=runner | ip=127.0.0.1 | op=COMMIT_KEY {"volume":"vol-b-66607","bucket":"buc-a-09548","key":"key-a-1-08240","dataSize":"10240","replicationType":"RATIS","replicationFactor":"ONE","Transaction":"889"} | ret=SUCCESS |  
2025-10-16 19:48:57,427 | INFO  | OMAudit | user=runner | ip=127.0.0.1 | op=READ_BUCKET {"volume":"vol-b-66607","bucket":"buc-b-53888"} | ret=SUCCESS |  
2025-10-16 19:48:57,428 | INFO  | SCMAudit | user=runner | ip=127.0.0.1 | op=ALLOCATE_BLOCK {"replication":"RATIS/ONE","owner":"omServiceIdDefault","size":"4194304","sampleBlocks":"[conID: 11 locID: 115816896921600223]","num":"1","client":"","allocated":"1"} | ret=SUCCESS |  
2025-10-16 19:48:57,433 | INFO  | OMAudit | user=runner | ip=127.0.0.1 | op=ALLOCATE_KEY {"volume":"vol-b-66607","bucket":"buc-b-53888","key":"key-a-1-13326","dataSize":"10240","replicationType":"RATIS","replicationFactor":"ONE","Transaction":"890"} | ret=SUCCESS |  
2025-10-16 19:48:57,449 | INFO  | OMAudit | user=runner | ip=127.0.0.1 | op=COMMIT_KEY {"volume":"vol-b-66607","bucket":"buc-b-53888","key":"key-a-1-13326","dataSize":"10240","replicationType":"RATIS","replicationFactor":"ONE","Transaction":"891"} | ret=SUCCESS |  
2025-10-16 19:48:57,453 | INFO  | OMAudit | user=runner | ip=127.0.0.1 | op=READ_BUCKET {"volume":"vol-a-28403","bucket":"buc-a-09548"} | ret=SUCCESS |  
2025-10-16 19:48:57,454 [om1-OMDoubleBufferFlushThread] INFO  om.OmSnapshotManager (OmSnapshotManager.java:createOmSnapshotCheckpoint(545)) - Created checkpoint: /home/runner/work/ozone/ozone/hadoop-ozone/integration-test/target/test-dir/MiniOzoneClusterImpl-e7911277-7775-4457-96c8-94071a26a1ce/om/data/db.snapshots/checkpointState/om.db-55efc420-f432-4243-a542-f514fe12283a for snapshot /vol-b-17770/bucket-a-2-95351/s20251016-194856.964
2025-10-16 19:48:57,455 | INFO  | SCMAudit | user=runner | ip=127.0.0.1 | op=ALLOCATE_BLOCK {"replication":"RATIS/ONE","owner":"omServiceIdDefault","size":"4194304","sampleBlocks":"[conID: 27 locID: 115816896921600224]","num":"1","client":"","allocated":"1"} | ret=SUCCESS |  
2025-10-16 19:48:57,459 | INFO  | OMAudit | user=runner | ip=127.0.0.1 | op=ALLOCATE_KEY {"volume":"vol-a-28403","bucket":"buc-a-09548","key":"key-a-2-11970","dataSize":"10240","replicationType":"RATIS","replicationFactor":"ONE","Transaction":"892"} | ret=SUCCESS |  
2025-10-16 19:48:57,469 | INFO  | OMAudit | user=runner | ip=127.0.0.1 | op=COMMIT_KEY {"volume":"vol-a-28403","bucket":"buc-a-09548","key":"key-a-2-11970","dataSize":"10240","replicationType":"RATIS","replicationFactor":"ONE","Transaction":"893"} | ret=SUCCESS |  
2025-10-16 19:48:57,472 | INFO  | OMAudit | user=runner | ip=127.0.0.1 | op=READ_BUCKET {"volume":"vol-a-28403","bucket":"buc-b-53888"} | ret=SUCCESS |  
2025-10-16 19:48:57,473 | INFO  | SCMAudit | user=runner | ip=127.0.0.1 | op=ALLOCATE_BLOCK {"replication":"RATIS/ONE","owner":"omServiceIdDefault","size":"4194304","sampleBlocks":"[conID: 1 locID: 115816896921600225]","num":"1","client":"","allocated":"1"} | ret=SUCCESS |  
2025-10-16 19:48:57,476 | INFO  | OMAudit | user=runner | ip=127.0.0.1 | op=ALLOCATE_KEY {"volume":"vol-a-28403","bucket":"buc-b-53888","key":"key-a-2-99667","dataSize":"10240","replicationType":"RATIS","replicationFactor":"ONE","Transaction":"894"} | ret=SUCCESS |  
2025-10-16 19:48:57,487 | INFO  | OMAudit | user=runner | ip=127.0.0.1 | op=COMMIT_KEY {"volume":"vol-a-28403","bucket":"buc-b-53888","key":"key-a-2-99667","dataSize":"10240","replicationType":"RATIS","replicationFactor":"ONE","Transaction":"895"} | ret=SUCCESS |  
2025-10-16 19:48:57,489 | INFO  | OMAudit | user=runner | ip=127.0.0.1 | op=READ_BUCKET {"volume":"vol-b-66607","bucket":"buc-a-09548"} | ret=SUCCESS |  
2025-10-16 19:48:57,489 | INFO  | SCMAudit | user=runner | ip=127.0.0.1 | op=ALLOCATE_BLOCK {"replication":"RATIS/ONE","owner":"omServiceIdDefault","size":"4194304","sampleBlocks":"[conID: 11 locID: 115816896921600226]","num":"1","client":"","allocated":"1"} | ret=SUCCESS |  
2025-10-16 19:48:57,492 | INFO  | OMAudit | user=runner | ip=127.0.0.1 | op=ALLOCATE_KEY {"volume":"vol-b-66607","bucket":"buc-a-09548","key":"key-a-2-80432","dataSize":"10240","replicationType":"RATIS","replicationFactor":"ONE","Transaction":"896"} | ret=SUCCESS |  
2025-10-16 19:48:57,494 [om1-OMDoubleBufferFlushThread] INFO  db.RDBCheckpointManager (RDBCheckpointManager.java:createCheckpoint(87)) - Created checkpoint in rocksDB at /home/runner/work/ozone/ozone/hadoop-ozone/integration-test/target/test-dir/MiniOzoneClusterImpl-e7911277-7775-4457-96c8-94071a26a1ce/om/data/db.snapshots/checkpointState/om.db-1ba6e125-c4a9-46cf-85a1-cb0c4519bec3 in 37 milliseconds
2025-10-16 19:48:57,500 | INFO  | OMAudit | user=runner | ip=127.0.0.1 | op=COMMIT_KEY {"volume":"vol-b-66607","bucket":"buc-a-09548","key":"key-a-2-80432","dataSize":"10240","replicationType":"RATIS","replicationFactor":"ONE","Transaction":"897"} | ret=SUCCESS |  
2025-10-16 19:48:57,503 | INFO  | OMAudit | user=runner | ip=127.0.0.1 | op=READ_BUCKET {"volume":"vol-b-66607","bucket":"buc-b-53888"} | ret=SUCCESS |  
2025-10-16 19:48:57,504 | INFO  | SCMAudit | user=runner | ip=127.0.0.1 | op=ALLOCATE_BLOCK {"replication":"RATIS/ONE","owner":"omServiceIdDefault","size":"4194304","sampleBlocks":"[conID: 9 locID: 115816896921600227]","num":"1","client":"","allocated":"1"} | ret=SUCCESS |  
2025-10-16 19:48:57,507 | INFO  | OMAudit | user=runner | ip=127.0.0.1 | op=ALLOCATE_KEY {"volume":"vol-b-66607","bucket":"buc-b-53888","key":"key-a-2-64108","dataSize":"10240","replicationType":"RATIS","replicationFactor":"ONE","Transaction":"898"} | ret=SUCCESS |  
2025-10-16 19:48:57,516 | INFO  | OMAudit | user=runner | ip=127.0.0.1 | op=COMMIT_KEY {"volume":"vol-b-66607","bucket":"buc-b-53888","key":"key-a-2-64108","dataSize":"10240","replicationType":"RATIS","replicationFactor":"ONE","Transaction":"899"} | ret=SUCCESS |  
2025-10-16 19:48:57,518 [om1-OMDoubleBufferFlushThread] INFO  om.OmSnapshotManager (OmSnapshotManager.java:createOmSnapshotCheckpoint(545)) - Created checkpoint: /home/runner/work/ozone/ozone/hadoop-ozone/integration-test/target/test-dir/MiniOzoneClusterImpl-e7911277-7775-4457-96c8-94071a26a1ce/om/data/db.snapshots/checkpointState/om.db-1ba6e125-c4a9-46cf-85a1-cb0c4519bec3 for snapshot /vol-a-52140/bucket-a-3-64340/s20251016-194856.974
2025-10-16 19:48:57,520 | INFO  | OMAudit | user=runner | ip=127.0.0.1 | op=READ_BUCKET {"volume":"vol-a-28403","bucket":"buc-a-09548"} | ret=SUCCESS |  
2025-10-16 19:48:57,521 | INFO  | SCMAudit | user=runner | ip=127.0.0.1 | op=ALLOCATE_BLOCK {"replication":"RATIS/ONE","owner":"omServiceIdDefault","size":"4194304","sampleBlocks":"[conID: 2 locID: 115816896921600228]","num":"1","client":"","allocated":"1"} | ret=SUCCESS |  
2025-10-16 19:48:57,523 | INFO  | OMAudit | user=runner | ip=127.0.0.1 | op=ALLOCATE_KEY {"volume":"vol-a-28403","bucket":"buc-a-09548","key":"key-a-3-25615","dataSize":"10240","replicationType":"RATIS","replicationFactor":"ONE","Transaction":"900"} | ret=SUCCESS |  
2025-10-16 19:48:57,536 | INFO  | OMAudit | user=runner | ip=127.0.0.1 | op=COMMIT_KEY {"volume":"vol-a-28403","bucket":"buc-a-09548","key":"key-a-3-25615","dataSize":"10240","replicationType":"RATIS","replicationFactor":"ONE","Transaction":"901"} | ret=SUCCESS |  
2025-10-16 19:48:57,538 | INFO  | OMAudit | user=runner | ip=127.0.0.1 | op=READ_BUCKET {"volume":"vol-a-28403","bucket":"buc-b-53888"} | ret=SUCCESS |  
2025-10-16 19:48:57,538 | INFO  | SCMAudit | user=runner | ip=127.0.0.1 | op=ALLOCATE_BLOCK {"replication":"RATIS/ONE","owner":"omServiceIdDefault","size":"4194304","sampleBlocks":"[conID: 10 locID: 115816896921600229]","num":"1","client":"","allocated":"1"} | ret=SUCCESS |  
2025-10-16 19:48:57,541 | INFO  | OMAudit | user=runner | ip=127.0.0.1 | op=ALLOCATE_KEY {"volume":"vol-a-28403","bucket":"buc-b-53888","key":"key-a-3-51968","dataSize":"10240","replicationType":"RATIS","replicationFactor":"ONE","Transaction":"902"} | ret=SUCCESS |  
2025-10-16 19:48:57,548 | INFO  | OMAudit | user=runner | ip=127.0.0.1 | op=COMMIT_KEY {"volume":"vol-a-28403","bucket":"buc-b-53888","key":"key-a-3-51968","dataSize":"10240","replicationType":"RATIS","replicationFactor":"ONE","Transaction":"903"} | ret=SUCCESS |  
2025-10-16 19:48:57,549 | INFO  | OMAudit | user=runner | ip=127.0.0.1 | op=READ_BUCKET {"volume":"vol-b-66607","bucket":"buc-a-09548"} | ret=SUCCESS |  
2025-10-16 19:48:57,550 | INFO  | SCMAudit | user=runner | ip=127.0.0.1 | op=ALLOCATE_BLOCK {"replication":"RATIS/ONE","owner":"omServiceIdDefault","size":"4194304","sampleBlocks":"[conID: 8 locID: 115816896921600230]","num":"1","client":"","allocated":"1"} | ret=SUCCESS |  
2025-10-16 19:48:57,553 | INFO  | OMAudit | user=runner | ip=127.0.0.1 | op=ALLOCATE_KEY {"volume":"vol-b-66607","bucket":"buc-a-09548","key":"key-a-3-03172","dataSize":"10240","replicationType":"RATIS","replicationFactor":"ONE","Transaction":"904"} | ret=SUCCESS |  
2025-10-16 19:48:57,558 [om1-OMDoubleBufferFlushThread] INFO  db.RDBCheckpointManager (RDBCheckpointManager.java:createCheckpoint(87)) - Created checkpoint in rocksDB at /home/runner/work/ozone/ozone/hadoop-ozone/integration-test/target/test-dir/MiniOzoneClusterImpl-e7911277-7775-4457-96c8-94071a26a1ce/om/data/db.snapshots/checkpointState/om.db-99ea0138-6ffd-4c49-9351-f6c285922c59 in 38 milliseconds
2025-10-16 19:48:57,560 | INFO  | OMAudit | user=runner | ip=127.0.0.1 | op=COMMIT_KEY {"volume":"vol-b-66607","bucket":"buc-a-09548","key":"key-a-3-03172","dataSize":"10240","replicationType":"RATIS","replicationFactor":"ONE","Transaction":"905"} | ret=SUCCESS |  
2025-10-16 19:48:57,562 | INFO  | OMAudit | user=runner | ip=127.0.0.1 | op=READ_BUCKET {"volume":"vol-b-66607","bucket":"buc-b-53888"} | ret=SUCCESS |  
2025-10-16 19:48:57,563 | INFO  | SCMAudit | user=runner | ip=127.0.0.1 | op=ALLOCATE_BLOCK {"replication":"RATIS/ONE","owner":"omServiceIdDefault","size":"4194304","sampleBlocks":"[conID: 12 locID: 115816896921600231]","num":"1","client":"","allocated":"1"} | ret=SUCCESS |  
2025-10-16 19:48:57,566 | INFO  | OMAudit | user=runner | ip=127.0.0.1 | op=ALLOCATE_KEY {"volume":"vol-b-66607","bucket":"buc-b-53888","key":"key-a-3-36761","dataSize":"10240","replicationType":"RATIS","replicationFactor":"ONE","Transaction":"906"} | ret=SUCCESS |  
2025-10-16 19:48:57,580 | INFO  | OMAudit | user=runner | ip=127.0.0.1 | op=COMMIT_KEY {"volume":"vol-b-66607","bucket":"buc-b-53888","key":"key-a-3-36761","dataSize":"10240","replicationType":"RATIS","replicationFactor":"ONE","Transaction":"907"} | ret=SUCCESS |  
2025-10-16 19:48:57,581 [om1-OMDoubleBufferFlushThread] INFO  om.OmSnapshotManager (OmSnapshotManager.java:createOmSnapshotCheckpoint(545)) - Created checkpoint: /home/runner/work/ozone/ozone/hadoop-ozone/integration-test/target/test-dir/MiniOzoneClusterImpl-e7911277-7775-4457-96c8-94071a26a1ce/om/data/db.snapshots/checkpointState/om.db-99ea0138-6ffd-4c49-9351-f6c285922c59 for snapshot /vol-b-17770/bucket-a-3-36503/s20251016-194856.984
2025-10-16 19:48:57,586 | INFO  | OMAudit | user=runner | ip=127.0.0.1 | op=READ_BUCKET {"volume":"vol-a-28403","bucket":"buc-a-09548"} | ret=SUCCESS |  
2025-10-16 19:48:57,589 | INFO  | SCMAudit | user=runner | ip=127.0.0.1 | op=ALLOCATE_BLOCK {"replication":"RATIS/ONE","owner":"omServiceIdDefault","size":"4194304","sampleBlocks":"[conID: 12 locID: 115816896921600232]","num":"1","client":"","allocated":"1"} | ret=SUCCESS |  
2025-10-16 19:48:57,594 | INFO  | OMAudit | user=runner | ip=127.0.0.1 | op=ALLOCATE_KEY {"volume":"vol-a-28403","bucket":"buc-a-09548","key":"key-a-4-87146","dataSize":"10240","replicationType":"RATIS","replicationFactor":"ONE","Transaction":"908"} | ret=SUCCESS |  
2025-10-16 19:48:57,604 | INFO  | OMAudit | user=runner | ip=127.0.0.1 | op=COMMIT_KEY {"volume":"vol-a-28403","bucket":"buc-a-09548","key":"key-a-4-87146","dataSize":"10240","replicationType":"RATIS","replicationFactor":"ONE","Transaction":"909"} | ret=SUCCESS |  
2025-10-16 19:48:57,606 | INFO  | OMAudit | user=runner | ip=127.0.0.1 | op=READ_BUCKET {"volume":"vol-a-28403","bucket":"buc-b-53888"} | ret=SUCCESS |  
2025-10-16 19:48:57,607 | INFO  | SCMAudit | user=runner | ip=127.0.0.1 | op=ALLOCATE_BLOCK {"replication":"RATIS/ONE","owner":"omServiceIdDefault","size":"4194304","sampleBlocks":"[conID: 5 locID: 115816896921600233]","num":"1","client":"","allocated":"1"} | ret=SUCCESS |  
2025-10-16 19:48:57,609 | INFO  | OMAudit | user=runner | ip=127.0.0.1 | op=ALLOCATE_KEY {"volume":"vol-a-28403","bucket":"buc-b-53888","key":"key-a-4-35073","dataSize":"10240","replicationType":"RATIS","replicationFactor":"ONE","Transaction":"910"} | ret=SUCCESS |  
2025-10-16 19:48:57,622 | INFO  | OMAudit | user=runner | ip=127.0.0.1 | op=COMMIT_KEY {"volume":"vol-a-28403","bucket":"buc-b-53888","key":"key-a-4-35073","dataSize":"10240","replicationType":"RATIS","replicationFactor":"ONE","Transaction":"911"} | ret=SUCCESS |  
2025-10-16 19:48:57,623 | INFO  | OMAudit | user=runner | ip=127.0.0.1 | op=READ_BUCKET {"volume":"vol-b-66607","bucket":"buc-a-09548"} | ret=SUCCESS |  
2025-10-16 19:48:57,624 | INFO  | SCMAudit | user=runner | ip=127.0.0.1 | op=ALLOCATE_BLOCK {"replication":"RATIS/ONE","owner":"omServiceIdDefault","size":"4194304","sampleBlocks":"[conID: 8 locID: 115816896921600234]","num":"1","client":"","allocated":"1"} | ret=SUCCESS |  
2025-10-16 19:48:57,628 [om1-OMDoubleBufferFlushThread] INFO  db.RDBCheckpointManager (RDBCheckpointManager.java:createCheckpoint(87)) - Created checkpoint in rocksDB at /home/runner/work/ozone/ozone/hadoop-ozone/integration-test/target/test-dir/MiniOzoneClusterImpl-e7911277-7775-4457-96c8-94071a26a1ce/om/data/db.snapshots/checkpointState/om.db-9be7b7d6-2641-4cc5-958b-dc0fc4e8efc9 in 45 milliseconds
2025-10-16 19:48:57,628 | INFO  | OMAudit | user=runner | ip=127.0.0.1 | op=ALLOCATE_KEY {"volume":"vol-b-66607","bucket":"buc-a-09548","key":"key-a-4-19444","dataSize":"10240","replicationType":"RATIS","replicationFactor":"ONE","Transaction":"912"} | ret=SUCCESS |  
2025-10-16 19:48:57,637 | INFO  | OMAudit | user=runner | ip=127.0.0.1 | op=COMMIT_KEY {"volume":"vol-b-66607","bucket":"buc-a-09548","key":"key-a-4-19444","dataSize":"10240","replicationType":"RATIS","replicationFactor":"ONE","Transaction":"913"} | ret=SUCCESS |  
2025-10-16 19:48:57,639 | INFO  | OMAudit | user=runner | ip=127.0.0.1 | op=READ_BUCKET {"volume":"vol-b-66607","bucket":"buc-b-53888"} | ret=SUCCESS |  
2025-10-16 19:48:57,640 | INFO  | SCMAudit | user=runner | ip=127.0.0.1 | op=ALLOCATE_BLOCK {"replication":"RATIS/ONE","owner":"omServiceIdDefault","size":"4194304","sampleBlocks":"[conID: 6 locID: 115816896921600235]","num":"1","client":"","allocated":"1"} | ret=SUCCESS |  
2025-10-16 19:48:57,641 | INFO  | SCMAudit | user=runner | ip=127.0.0.1 | op=SEND_HEARTBEAT {"datanodeUUID":"0e8b6cc7-9945-4141-97fc-6aa017a0d5fa","term":"2","command":"[]"} | ret=SUCCESS |  
2025-10-16 19:48:57,642 | INFO  | OMAudit | user=runner | ip=127.0.0.1 | op=ALLOCATE_KEY {"volume":"vol-b-66607","bucket":"buc-b-53888","key":"key-a-4-69473","dataSize":"10240","replicationType":"RATIS","replicationFactor":"ONE","Transaction":"914"} | ret=SUCCESS |  
2025-10-16 19:48:57,656 [om1-OMDoubleBufferFlushThread] INFO  om.OmSnapshotManager (OmSnapshotManager.java:createOmSnapshotCheckpoint(545)) - Created checkpoint: /home/runner/work/ozone/ozone/hadoop-ozone/integration-test/target/test-dir/MiniOzoneClusterImpl-e7911277-7775-4457-96c8-94071a26a1ce/om/data/db.snapshots/checkpointState/om.db-9be7b7d6-2641-4cc5-958b-dc0fc4e8efc9 for snapshot /vol-a-52140/bucket-a-4-38065/s20251016-194856.993
2025-10-16 19:48:57,657 | INFO  | OMAudit | user=runner | ip=127.0.0.1 | op=COMMIT_KEY {"volume":"vol-b-66607","bucket":"buc-b-53888","key":"key-a-4-69473","dataSize":"10240","replicationType":"RATIS","replicationFactor":"ONE","Transaction":"915"} | ret=SUCCESS |  
2025-10-16 19:48:57,662 | INFO  | OMAudit | user=runner | ip=127.0.0.1 | op=READ_BUCKET {"volume":"vol-a-28403","bucket":"buc-a-09548"} | ret=SUCCESS |  
2025-10-16 19:48:57,663 | INFO  | SCMAudit | user=runner | ip=127.0.0.1 | op=ALLOCATE_BLOCK {"replication":"RATIS/ONE","owner":"omServiceIdDefault","size":"4194304","sampleBlocks":"[conID: 8 locID: 115816896921600236]","num":"1","client":"","allocated":"1"} | ret=SUCCESS |  
2025-10-16 19:48:57,669 | INFO  | OMAudit | user=runner | ip=127.0.0.1 | op=ALLOCATE_KEY {"volume":"vol-a-28403","bucket":"buc-a-09548","key":"key-a-5-29927","dataSize":"10240","replicationType":"RATIS","replicationFactor":"ONE","Transaction":"916"} | ret=SUCCESS |  
2025-10-16 19:48:57,680 | INFO  | OMAudit | user=runner | ip=127.0.0.1 | op=COMMIT_KEY {"volume":"vol-a-28403","bucket":"buc-a-09548","key":"key-a-5-29927","dataSize":"10240","replicationType":"RATIS","replicationFactor":"ONE","Transaction":"917"} | ret=SUCCESS |  
2025-10-16 19:48:57,682 | INFO  | OMAudit | user=runner | ip=127.0.0.1 | op=READ_BUCKET {"volume":"vol-a-28403","bucket":"buc-b-53888"} | ret=SUCCESS |  
2025-10-16 19:48:57,683 | INFO  | SCMAudit | user=runner | ip=127.0.0.1 | op=ALLOCATE_BLOCK {"replication":"RATIS/ONE","owner":"omServiceIdDefault","size":"4194304","sampleBlocks":"[conID: 6 locID: 115816896921600237]","num":"1","client":"","allocated":"1"} | ret=SUCCESS |  
2025-10-16 19:48:57,686 | INFO  | OMAudit | user=runner | ip=127.0.0.1 | op=ALLOCATE_KEY {"volume":"vol-a-28403","bucket":"buc-b-53888","key":"key-a-5-66439","dataSize":"10240","replicationType":"RATIS","replicationFactor":"ONE","Transaction":"918"} | ret=SUCCESS |  
2025-10-16 19:48:57,695 | INFO  | OMAudit | user=runner | ip=127.0.0.1 | op=COMMIT_KEY {"volume":"vol-a-28403","bucket":"buc-b-53888","key":"key-a-5-66439","dataSize":"10240","replicationType":"RATIS","replicationFactor":"ONE","Transaction":"919"} | ret=SUCCESS |  
2025-10-16 19:48:57,696 [om1-OMDoubleBufferFlushThread] INFO  db.RDBCheckpointManager (RDBCheckpointManager.java:createCheckpoint(87)) - Created checkpoint in rocksDB at /home/runner/work/ozone/ozone/hadoop-ozone/integration-test/target/test-dir/MiniOzoneClusterImpl-e7911277-7775-4457-96c8-94071a26a1ce/om/data/db.snapshots/checkpointState/om.db-6b29dc9b-1272-42e1-bf6b-72e680c3bc80 in 38 milliseconds
2025-10-16 19:48:57,697 | INFO  | OMAudit | user=runner | ip=127.0.0.1 | op=READ_BUCKET {"volume":"vol-b-66607","bucket":"buc-a-09548"} | ret=SUCCESS |  
2025-10-16 19:48:57,698 | INFO  | SCMAudit | user=runner | ip=127.0.0.1 | op=ALLOCATE_BLOCK {"replication":"RATIS/ONE","owner":"omServiceIdDefault","size":"4194304","sampleBlocks":"[conID: 7 locID: 115816896921600238]","num":"1","client":"","allocated":"1"} | ret=SUCCESS |  
2025-10-16 19:48:57,700 | INFO  | OMAudit | user=runner | ip=127.0.0.1 | op=ALLOCATE_KEY {"volume":"vol-b-66607","bucket":"buc-a-09548","key":"key-a-5-12064","dataSize":"10240","replicationType":"RATIS","replicationFactor":"ONE","Transaction":"920"} | ret=SUCCESS |  
2025-10-16 19:48:57,717 | INFO  | SCMAudit | user=runner | ip=127.0.0.1 | op=SEND_HEARTBEAT {"datanodeUUID":"757ca056-973f-4f05-ab2d-6aff6c54d452","term":"2","command":"[]"} | ret=SUCCESS |  
2025-10-16 19:48:57,717 | INFO  | OMAudit | user=runner | ip=127.0.0.1 | op=COMMIT_KEY {"volume":"vol-b-66607","bucket":"buc-a-09548","key":"key-a-5-12064","dataSize":"10240","replicationType":"RATIS","replicationFactor":"ONE","Transaction":"921"} | ret=SUCCESS |  
2025-10-16 19:48:57,719 | INFO  | OMAudit | user=runner | ip=127.0.0.1 | op=READ_BUCKET {"volume":"vol-b-66607","bucket":"buc-b-53888"} | ret=SUCCESS |  
2025-10-16 19:48:57,720 | INFO  | SCMAudit | user=runner | ip=127.0.0.1 | op=ALLOCATE_BLOCK {"replication":"RATIS/ONE","owner":"omServiceIdDefault","size":"4194304","sampleBlocks":"[conID: 8 locID: 115816896921600239]","num":"1","client":"","allocated":"1"} | ret=SUCCESS |  
2025-10-16 19:48:57,723 | INFO  | OMAudit | user=runner | ip=127.0.0.1 | op=ALLOCATE_KEY {"volume":"vol-b-66607","bucket":"buc-b-53888","key":"key-a-5-18418","dataSize":"10240","replicationType":"RATIS","replicationFactor":"ONE","Transaction":"922"} | ret=SUCCESS |  
2025-10-16 19:48:57,726 [om1-OMDoubleBufferFlushThread] INFO  om.OmSnapshotManager (OmSnapshotManager.java:createOmSnapshotCheckpoint(545)) - Created checkpoint: /home/runner/work/ozone/ozone/hadoop-ozone/integration-test/target/test-dir/MiniOzoneClusterImpl-e7911277-7775-4457-96c8-94071a26a1ce/om/data/db.snapshots/checkpointState/om.db-6b29dc9b-1272-42e1-bf6b-72e680c3bc80 for snapshot /vol-b-17770/bucket-a-4-14852/s20251016-194857.000
2025-10-16 19:48:57,732 | INFO  | OMAudit | user=runner | ip=127.0.0.1 | op=COMMIT_KEY {"volume":"vol-b-66607","bucket":"buc-b-53888","key":"key-a-5-18418","dataSize":"10240","replicationType":"RATIS","replicationFactor":"ONE","Transaction":"923"} | ret=SUCCESS |  
2025-10-16 19:48:57,735 | INFO  | SCMAudit | user=runner | ip=127.0.0.1 | op=SEND_HEARTBEAT {"datanodeUUID":"702cb173-5c73-4ecc-b5cd-c7b4a6b66aea","term":"2","command":"[]"} | ret=SUCCESS |  
2025-10-16 19:48:57,736 | INFO  | OMAudit | user=runner | ip=127.0.0.1 | op=READ_BUCKET {"volume":"vol-a-28403","bucket":"buc-a-09548"} | ret=SUCCESS |  
2025-10-16 19:48:57,737 | INFO  | SCMAudit | user=runner | ip=127.0.0.1 | op=ALLOCATE_BLOCK {"replication":"RATIS/ONE","owner":"omServiceIdDefault","size":"4194304","sampleBlocks":"[conID: 13 locID: 115816896921600240]","num":"1","client":"","allocated":"1"} | ret=SUCCESS |  
2025-10-16 19:48:57,740 | INFO  | OMAudit | user=runner | ip=127.0.0.1 | op=ALLOCATE_KEY {"volume":"vol-a-28403","bucket":"buc-a-09548","key":"key-a-6-99768","dataSize":"10240","replicationType":"RATIS","replicationFactor":"ONE","Transaction":"924"} | ret=SUCCESS |  
2025-10-16 19:48:57,750 | INFO  | OMAudit | user=runner | ip=127.0.0.1 | op=COMMIT_KEY {"volume":"vol-a-28403","bucket":"buc-a-09548","key":"key-a-6-99768","dataSize":"10240","replicationType":"RATIS","replicationFactor":"ONE","Transaction":"925"} | ret=SUCCESS |  
2025-10-16 19:48:57,756 | INFO  | OMAudit | user=runner | ip=127.0.0.1 | op=READ_BUCKET {"volume":"vol-a-28403","bucket":"buc-b-53888"} | ret=SUCCESS |  
2025-10-16 19:48:57,756 | INFO  | SCMAudit | user=runner | ip=127.0.0.1 | op=ALLOCATE_BLOCK {"replication":"RATIS/ONE","owner":"omServiceIdDefault","size":"4194304","sampleBlocks":"[conID: 11 locID: 115816896921600241]","num":"1","client":"","allocated":"1"} | ret=SUCCESS |  
2025-10-16 19:48:57,759 | INFO  | OMAudit | user=runner | ip=127.0.0.1 | op=ALLOCATE_KEY {"volume":"vol-a-28403","bucket":"buc-b-53888","key":"key-a-6-81342","dataSize":"10240","replicationType":"RATIS","replicationFactor":"ONE","Transaction":"926"} | ret=SUCCESS |  
2025-10-16 19:48:57,768 | INFO  | OMAudit | user=runner | ip=127.0.0.1 | op=COMMIT_KEY {"volume":"vol-a-28403","bucket":"buc-b-53888","key":"key-a-6-81342","dataSize":"10240","replicationType":"RATIS","replicationFactor":"ONE","Transaction":"927"} | ret=SUCCESS |  
2025-10-16 19:48:57,770 | INFO  | OMAudit | user=runner | ip=127.0.0.1 | op=READ_BUCKET {"volume":"vol-b-66607","bucket":"buc-a-09548"} | ret=SUCCESS |  
2025-10-16 19:48:57,771 | INFO  | SCMAudit | user=runner | ip=127.0.0.1 | op=ALLOCATE_BLOCK {"replication":"RATIS/ONE","owner":"omServiceIdDefault","size":"4194304","sampleBlocks":"[conID: 11 locID: 115816896921600242]","num":"1","client":"","allocated":"1"} | ret=SUCCESS |  
2025-10-16 19:48:57,773 [om1-OMDoubleBufferFlushThread] INFO  db.RDBCheckpointManager (RDBCheckpointManager.java:createCheckpoint(87)) - Created checkpoint in rocksDB at /home/runner/work/ozone/ozone/hadoop-ozone/integration-test/target/test-dir/MiniOzoneClusterImpl-e7911277-7775-4457-96c8-94071a26a1ce/om/data/db.snapshots/checkpointState/om.db-8b966196-f00a-44b2-8d22-c32317f76ce3 in 44 milliseconds
2025-10-16 19:48:57,773 | INFO  | OMAudit | user=runner | ip=127.0.0.1 | op=ALLOCATE_KEY {"volume":"vol-b-66607","bucket":"buc-a-09548","key":"key-a-6-58044","dataSize":"10240","replicationType":"RATIS","replicationFactor":"ONE","Transaction":"928"} | ret=SUCCESS |  
2025-10-16 19:48:57,787 | INFO  | OMAudit | user=runner | ip=127.0.0.1 | op=COMMIT_KEY {"volume":"vol-b-66607","bucket":"buc-a-09548","key":"key-a-6-58044","dataSize":"10240","replicationType":"RATIS","replicationFactor":"ONE","Transaction":"929"} | ret=SUCCESS |  
2025-10-16 19:48:57,789 | INFO  | OMAudit | user=runner | ip=127.0.0.1 | op=READ_BUCKET {"volume":"vol-b-66607","bucket":"buc-b-53888"} | ret=SUCCESS |  
2025-10-16 19:48:57,789 | INFO  | SCMAudit | user=runner | ip=127.0.0.1 | op=ALLOCATE_BLOCK {"replication":"RATIS/ONE","owner":"omServiceIdDefault","size":"4194304","sampleBlocks":"[conID: 11 locID: 115816896921600243]","num":"1","client":"","allocated":"1"} | ret=SUCCESS |  
2025-10-16 19:48:57,793 | INFO  | OMAudit | user=runner | ip=127.0.0.1 | op=ALLOCATE_KEY {"volume":"vol-b-66607","bucket":"buc-b-53888","key":"key-a-6-42439","dataSize":"10240","replicationType":"RATIS","replicationFactor":"ONE","Transaction":"930"} | ret=SUCCESS |  
2025-10-16 19:48:57,797 [om1-OMDoubleBufferFlushThread] INFO  om.OmSnapshotManager (OmSnapshotManager.java:createOmSnapshotCheckpoint(545)) - Created checkpoint: /home/runner/work/ozone/ozone/hadoop-ozone/integration-test/target/test-dir/MiniOzoneClusterImpl-e7911277-7775-4457-96c8-94071a26a1ce/om/data/db.snapshots/checkpointState/om.db-8b966196-f00a-44b2-8d22-c32317f76ce3 for snapshot /vol-a-52140/bucket-a-5-98371/s20251016-194857.005
2025-10-16 19:48:57,799 | INFO  | OMAudit | user=runner | ip=127.0.0.1 | op=COMMIT_KEY {"volume":"vol-b-66607","bucket":"buc-b-53888","key":"key-a-6-42439","dataSize":"10240","replicationType":"RATIS","replicationFactor":"ONE","Transaction":"931"} | ret=SUCCESS |  
2025-10-16 19:48:57,801 | INFO  | OMAudit | user=runner | ip=127.0.0.1 | op=READ_BUCKET {"volume":"vol-a-28403","bucket":"buc-a-09548"} | ret=SUCCESS |  
2025-10-16 19:48:57,802 | INFO  | SCMAudit | user=runner | ip=127.0.0.1 | op=ALLOCATE_BLOCK {"replication":"RATIS/ONE","owner":"omServiceIdDefault","size":"4194304","sampleBlocks":"[conID: 9 locID: 115816896921600244]","num":"1","client":"","allocated":"1"} | ret=SUCCESS |  
2025-10-16 19:48:57,804 | INFO  | OMAudit | user=runner | ip=127.0.0.1 | op=ALLOCATE_KEY {"volume":"vol-a-28403","bucket":"buc-a-09548","key":"key-a-7-02762","dataSize":"10240","replicationType":"RATIS","replicationFactor":"ONE","Transaction":"932"} | ret=SUCCESS |  
2025-10-16 19:48:57,814 | INFO  | OMAudit | user=runner | ip=127.0.0.1 | op=COMMIT_KEY {"volume":"vol-a-28403","bucket":"buc-a-09548","key":"key-a-7-02762","dataSize":"10240","replicationType":"RATIS","replicationFactor":"ONE","Transaction":"933"} | ret=SUCCESS |  
2025-10-16 19:48:57,816 | INFO  | OMAudit | user=runner | ip=127.0.0.1 | op=READ_BUCKET {"volume":"vol-a-28403","bucket":"buc-b-53888"} | ret=SUCCESS |  
2025-10-16 19:48:57,817 | INFO  | SCMAudit | user=runner | ip=127.0.0.1 | op=ALLOCATE_BLOCK {"replication":"RATIS/ONE","owner":"omServiceIdDefault","size":"4194304","sampleBlocks":"[conID: 6 locID: 115816896921600245]","num":"1","client":"","allocated":"1"} | ret=SUCCESS |  
2025-10-16 19:48:57,819 | INFO  | OMAudit | user=runner | ip=127.0.0.1 | op=ALLOCATE_KEY {"volume":"vol-a-28403","bucket":"buc-b-53888","key":"key-a-7-90062","dataSize":"10240","replicationType":"RATIS","replicationFactor":"ONE","Transaction":"934"} | ret=SUCCESS |  
2025-10-16 19:48:57,831 | INFO  | OMAudit | user=runner | ip=127.0.0.1 | op=COMMIT_KEY {"volume":"vol-a-28403","bucket":"buc-b-53888","key":"key-a-7-90062","dataSize":"10240","replicationType":"RATIS","replicationFactor":"ONE","Transaction":"935"} | ret=SUCCESS |  
2025-10-16 19:48:57,832 | INFO  | OMAudit | user=runner | ip=127.0.0.1 | op=READ_BUCKET {"volume":"vol-b-66607","bucket":"buc-a-09548"} | ret=SUCCESS |  
2025-10-16 19:48:57,833 | INFO  | SCMAudit | user=runner | ip=127.0.0.1 | op=ALLOCATE_BLOCK {"replication":"RATIS/ONE","owner":"omServiceIdDefault","size":"4194304","sampleBlocks":"[conID: 11 locID: 115816896921600246]","num":"1","client":"","allocated":"1"} | ret=SUCCESS |  
2025-10-16 19:48:57,836 | INFO  | OMAudit | user=runner | ip=127.0.0.1 | op=ALLOCATE_KEY {"volume":"vol-b-66607","bucket":"buc-a-09548","key":"key-a-7-98857","dataSize":"10240","replicationType":"RATIS","replicationFactor":"ONE","Transaction":"936"} | ret=SUCCESS |  
2025-10-16 19:48:57,845 [om1-OMDoubleBufferFlushThread] INFO  db.RDBCheckpointManager (RDBCheckpointManager.java:createCheckpoint(87)) - Created checkpoint in rocksDB at /home/runner/work/ozone/ozone/hadoop-ozone/integration-test/target/test-dir/MiniOzoneClusterImpl-e7911277-7775-4457-96c8-94071a26a1ce/om/data/db.snapshots/checkpointState/om.db-807dc03f-7ed6-4e24-82be-4f340efb19f9 in 44 milliseconds
2025-10-16 19:48:57,845 | INFO  | OMAudit | user=runner | ip=127.0.0.1 | op=COMMIT_KEY {"volume":"vol-b-66607","bucket":"buc-a-09548","key":"key-a-7-98857","dataSize":"10240","replicationType":"RATIS","replicationFactor":"ONE","Transaction":"937"} | ret=SUCCESS |  
2025-10-16 19:48:57,847 | INFO  | OMAudit | user=runner | ip=127.0.0.1 | op=READ_BUCKET {"volume":"vol-b-66607","bucket":"buc-b-53888"} | ret=SUCCESS |  
2025-10-16 19:48:57,848 | INFO  | SCMAudit | user=runner | ip=127.0.0.1 | op=ALLOCATE_BLOCK {"replication":"RATIS/ONE","owner":"omServiceIdDefault","size":"4194304","sampleBlocks":"[conID: 12 locID: 115816896921600247]","num":"1","client":"","allocated":"1"} | ret=SUCCESS |  
2025-10-16 19:48:57,852 | INFO  | OMAudit | user=runner | ip=127.0.0.1 | op=ALLOCATE_KEY {"volume":"vol-b-66607","bucket":"buc-b-53888","key":"key-a-7-15685","dataSize":"10240","replicationType":"RATIS","replicationFactor":"ONE","Transaction":"938"} | ret=SUCCESS |  
2025-10-16 19:48:57,860 | INFO  | OMAudit | user=runner | ip=127.0.0.1 | op=COMMIT_KEY {"volume":"vol-b-66607","bucket":"buc-b-53888","key":"key-a-7-15685","dataSize":"10240","replicationType":"RATIS","replicationFactor":"ONE","Transaction":"939"} | ret=SUCCESS |  
2025-10-16 19:48:57,862 | INFO  | OMAudit | user=runner | ip=127.0.0.1 | op=READ_BUCKET {"volume":"vol-a-28403","bucket":"buc-a-09548"} | ret=SUCCESS |  
2025-10-16 19:48:57,864 | INFO  | SCMAudit | user=runner | ip=127.0.0.1 | op=ALLOCATE_BLOCK {"replication":"RATIS/ONE","owner":"omServiceIdDefault","size":"4194304","sampleBlocks":"[conID: 12 locID: 115816896921600248]","num":"1","client":"","allocated":"1"} | ret=SUCCESS |  
2025-10-16 19:48:57,867 | INFO  | OMAudit | user=runner | ip=127.0.0.1 | op=ALLOCATE_KEY {"volume":"vol-a-28403","bucket":"buc-a-09548","key":"key-a-8-63181","dataSize":"10240","replicationType":"RATIS","replicationFactor":"ONE","Transaction":"940"} | ret=SUCCESS |  
2025-10-16 19:48:57,870 [om1-OMDoubleBufferFlushThread] INFO  om.OmSnapshotManager (OmSnapshotManager.java:createOmSnapshotCheckpoint(545)) - Created checkpoint: /home/runner/work/ozone/ozone/hadoop-ozone/integration-test/target/test-dir/MiniOzoneClusterImpl-e7911277-7775-4457-96c8-94071a26a1ce/om/data/db.snapshots/checkpointState/om.db-807dc03f-7ed6-4e24-82be-4f340efb19f9 for snapshot /vol-b-17770/bucket-a-5-38141/s20251016-194857.010
2025-10-16 19:48:57,876 | INFO  | OMAudit | user=runner | ip=127.0.0.1 | op=COMMIT_KEY {"volume":"vol-a-28403","bucket":"buc-a-09548","key":"key-a-8-63181","dataSize":"10240","replicationType":"RATIS","replicationFactor":"ONE","Transaction":"941"} | ret=SUCCESS |  
2025-10-16 19:48:57,878 | INFO  | OMAudit | user=runner | ip=127.0.0.1 | op=READ_BUCKET {"volume":"vol-a-28403","bucket":"buc-b-53888"} | ret=SUCCESS |  
2025-10-16 19:48:57,879 | INFO  | SCMAudit | user=runner | ip=127.0.0.1 | op=ALLOCATE_BLOCK {"replication":"RATIS/ONE","owner":"omServiceIdDefault","size":"4194304","sampleBlocks":"[conID: 11 locID: 115816896921600249]","num":"1","client":"","allocated":"1"} | ret=SUCCESS |  
2025-10-16 19:48:57,899 | INFO  | OMAudit | user=runner | ip=127.0.0.1 | op=ALLOCATE_KEY {"volume":"vol-a-28403","bucket":"buc-b-53888","key":"key-a-8-67598","dataSize":"10240","replicationType":"RATIS","replicationFactor":"ONE","Transaction":"942"} | ret=SUCCESS |  
2025-10-16 19:48:57,912 | INFO  | OMAudit | user=runner | ip=127.0.0.1 | op=COMMIT_KEY {"volume":"vol-a-28403","bucket":"buc-b-53888","key":"key-a-8-67598","dataSize":"10240","replicationType":"RATIS","replicationFactor":"ONE","Transaction":"943"} | ret=SUCCESS |  
2025-10-16 19:48:57,914 | INFO  | OMAudit | user=runner | ip=127.0.0.1 | op=READ_BUCKET {"volume":"vol-b-66607","bucket":"buc-a-09548"} | ret=SUCCESS |  
2025-10-16 19:48:57,916 | INFO  | SCMAudit | user=runner | ip=127.0.0.1 | op=ALLOCATE_BLOCK {"replication":"RATIS/ONE","owner":"omServiceIdDefault","size":"4194304","sampleBlocks":"[conID: 1 locID: 115816896921600250]","num":"1","client":"","allocated":"1"} | ret=SUCCESS |  
2025-10-16 19:48:57,919 | INFO  | SCMAudit | user=runner | ip=127.0.0.1 | op=SEND_HEARTBEAT {"datanodeUUID":"f700af26-0e26-4136-9205-9509c82c8c70","term":"2","command":"[]"} | ret=SUCCESS |  
2025-10-16 19:48:57,920 | INFO  | OMAudit | user=runner | ip=127.0.0.1 | op=ALLOCATE_KEY {"volume":"vol-b-66607","bucket":"buc-a-09548","key":"key-a-8-69127","dataSize":"10240","replicationType":"RATIS","replicationFactor":"ONE","Transaction":"944"} | ret=SUCCESS |  
2025-10-16 19:48:57,928 | INFO  | OMAudit | user=runner | ip=127.0.0.1 | op=COMMIT_KEY {"volume":"vol-b-66607","bucket":"buc-a-09548","key":"key-a-8-69127","dataSize":"10240","replicationType":"RATIS","replicationFactor":"ONE","Transaction":"945"} | ret=SUCCESS |  
2025-10-16 19:48:57,930 | INFO  | OMAudit | user=runner | ip=127.0.0.1 | op=READ_BUCKET {"volume":"vol-b-66607","bucket":"buc-b-53888"} | ret=SUCCESS |  
2025-10-16 19:48:57,931 | INFO  | SCMAudit | user=runner | ip=127.0.0.1 | op=ALLOCATE_BLOCK {"replication":"RATIS/ONE","owner":"omServiceIdDefault","size":"4194304","sampleBlocks":"[conID: 5 locID: 115816896921600251]","num":"1","client":"","allocated":"1"} | ret=SUCCESS |  
2025-10-16 19:48:57,933 [om1-OMDoubleBufferFlushThread] INFO  db.RDBCheckpointManager (RDBCheckpointManager.java:createCheckpoint(87)) - Created checkpoint in rocksDB at /home/runner/work/ozone/ozone/hadoop-ozone/integration-test/target/test-dir/MiniOzoneClusterImpl-e7911277-7775-4457-96c8-94071a26a1ce/om/data/db.snapshots/checkpointState/om.db-bef31af7-379c-423d-9535-478b32e51867 in 61 milliseconds
2025-10-16 19:48:57,935 | INFO  | OMAudit | user=runner | ip=127.0.0.1 | op=ALLOCATE_KEY {"volume":"vol-b-66607","bucket":"buc-b-53888","key":"key-a-8-86367","dataSize":"10240","replicationType":"RATIS","replicationFactor":"ONE","Transaction":"946"} | ret=SUCCESS |  
2025-10-16 19:48:57,945 | INFO  | OMAudit | user=runner | ip=127.0.0.1 | op=COMMIT_KEY {"volume":"vol-b-66607","bucket":"buc-b-53888","key":"key-a-8-86367","dataSize":"10240","replicationType":"RATIS","replicationFactor":"ONE","Transaction":"947"} | ret=SUCCESS |  
2025-10-16 19:48:57,948 | INFO  | OMAudit | user=runner | ip=127.0.0.1 | op=READ_BUCKET {"volume":"vol-a-28403","bucket":"buc-a-09548"} | ret=SUCCESS |  
2025-10-16 19:48:57,950 | INFO  | SCMAudit | user=runner | ip=127.0.0.1 | op=ALLOCATE_BLOCK {"replication":"RATIS/ONE","owner":"omServiceIdDefault","size":"4194304","sampleBlocks":"[conID: 10 locID: 115816896921600252]","num":"1","client":"","allocated":"1"} | ret=SUCCESS |  
2025-10-16 19:48:57,953 | INFO  | OMAudit | user=runner | ip=127.0.0.1 | op=ALLOCATE_KEY {"volume":"vol-a-28403","bucket":"buc-a-09548","key":"key-a-9-20080","dataSize":"10240","replicationType":"RATIS","replicationFactor":"ONE","Transaction":"948"} | ret=SUCCESS |  
2025-10-16 19:48:57,963 [om1-OMDoubleBufferFlushThread] INFO  om.OmSnapshotManager (OmSnapshotManager.java:createOmSnapshotCheckpoint(545)) - Created checkpoint: /home/runner/work/ozone/ozone/hadoop-ozone/integration-test/target/test-dir/MiniOzoneClusterImpl-e7911277-7775-4457-96c8-94071a26a1ce/om/data/db.snapshots/checkpointState/om.db-bef31af7-379c-423d-9535-478b32e51867 for snapshot /vol-a-52140/bucket-a-6-53203/s20251016-194857.018
2025-10-16 19:48:57,966 | INFO  | OMAudit | user=runner | ip=127.0.0.1 | op=COMMIT_KEY {"volume":"vol-a-28403","bucket":"buc-a-09548","key":"key-a-9-20080","dataSize":"10240","replicationType":"RATIS","replicationFactor":"ONE","Transaction":"949"} | ret=SUCCESS |  
2025-10-16 19:48:57,969 | INFO  | OMAudit | user=runner | ip=127.0.0.1 | op=READ_BUCKET {"volume":"vol-a-28403","bucket":"buc-b-53888"} | ret=SUCCESS |  
2025-10-16 19:48:57,970 | INFO  | SCMAudit | user=runner | ip=127.0.0.1 | op=ALLOCATE_BLOCK {"replication":"RATIS/ONE","owner":"omServiceIdDefault","size":"4194304","sampleBlocks":"[conID: 8 locID: 115816896921600253]","num":"1","client":"","allocated":"1"} | ret=SUCCESS |  
2025-10-16 19:48:57,974 | INFO  | OMAudit | user=runner | ip=127.0.0.1 | op=ALLOCATE_KEY {"volume":"vol-a-28403","bucket":"buc-b-53888","key":"key-a-9-44307","dataSize":"10240","replicationType":"RATIS","replicationFactor":"ONE","Transaction":"950"} | ret=SUCCESS |  
2025-10-16 19:48:57,983 | INFO  | OMAudit | user=runner | ip=127.0.0.1 | op=COMMIT_KEY {"volume":"vol-a-28403","bucket":"buc-b-53888","key":"key-a-9-44307","dataSize":"10240","replicationType":"RATIS","replicationFactor":"ONE","Transaction":"951"} | ret=SUCCESS |  
2025-10-16 19:48:57,987 | INFO  | OMAudit | user=runner | ip=127.0.0.1 | op=READ_BUCKET {"volume":"vol-b-66607","bucket":"buc-a-09548"} | ret=SUCCESS |  
2025-10-16 19:48:57,988 | INFO  | SCMAudit | user=runner | ip=127.0.0.1 | op=ALLOCATE_BLOCK {"replication":"RATIS/ONE","owner":"omServiceIdDefault","size":"4194304","sampleBlocks":"[conID: 6 locID: 115816896921600254]","num":"1","client":"","allocated":"1"} | ret=SUCCESS |  
2025-10-16 19:48:57,990 | INFO  | OMAudit | user=runner | ip=127.0.0.1 | op=ALLOCATE_KEY {"volume":"vol-b-66607","bucket":"buc-a-09548","key":"key-a-9-19926","dataSize":"10240","replicationType":"RATIS","replicationFactor":"ONE","Transaction":"952"} | ret=SUCCESS |  
2025-10-16 19:48:57,998 | INFO  | OMAudit | user=runner | ip=127.0.0.1 | op=COMMIT_KEY {"volume":"vol-b-66607","bucket":"buc-a-09548","key":"key-a-9-19926","dataSize":"10240","replicationType":"RATIS","replicationFactor":"ONE","Transaction":"953"} | ret=SUCCESS |  
2025-10-16 19:48:58,000 | INFO  | OMAudit | user=runner | ip=127.0.0.1 | op=READ_BUCKET {"volume":"vol-b-66607","bucket":"buc-b-53888"} | ret=SUCCESS |  
2025-10-16 19:48:58,001 | INFO  | SCMAudit | user=runner | ip=127.0.0.1 | op=ALLOCATE_BLOCK {"replication":"RATIS/ONE","owner":"omServiceIdDefault","size":"4194304","sampleBlocks":"[conID: 27 locID: 115816896921600255]","num":"1","client":"","allocated":"1"} | ret=SUCCESS |  
2025-10-16 19:48:58,004 | INFO  | OMAudit | user=runner | ip=127.0.0.1 | op=ALLOCATE_KEY {"volume":"vol-b-66607","bucket":"buc-b-53888","key":"key-a-9-87423","dataSize":"10240","replicationType":"RATIS","replicationFactor":"ONE","Transaction":"954"} | ret=SUCCESS |  
2025-10-16 19:48:58,011 [om1-OMDoubleBufferFlushThread] INFO  db.RDBCheckpointManager (RDBCheckpointManager.java:createCheckpoint(87)) - Created checkpoint in rocksDB at /home/runner/work/ozone/ozone/hadoop-ozone/integration-test/target/test-dir/MiniOzoneClusterImpl-e7911277-7775-4457-96c8-94071a26a1ce/om/data/db.snapshots/checkpointState/om.db-688fa79d-f579-424b-a8ed-dbd1ac909ecd in 45 milliseconds
2025-10-16 19:48:58,016 | INFO  | OMAudit | user=runner | ip=127.0.0.1 | op=COMMIT_KEY {"volume":"vol-b-66607","bucket":"buc-b-53888","key":"key-a-9-87423","dataSize":"10240","replicationType":"RATIS","replicationFactor":"ONE","Transaction":"955"} | ret=SUCCESS |  
2025-10-16 19:48:58,018 | INFO  | OMAudit | user=runner | ip=127.0.0.1 | op=READ_BUCKET {"volume":"vol-a-28403","bucket":"buc-a-09548"} | ret=SUCCESS |  
2025-10-16 19:48:58,020 | INFO  | SCMAudit | user=runner | ip=127.0.0.1 | op=ALLOCATE_BLOCK {"replication":"RATIS/ONE","owner":"omServiceIdDefault","size":"4194304","sampleBlocks":"[conID: 7 locID: 115816896921600256]","num":"1","client":"","allocated":"1"} | ret=SUCCESS |  
2025-10-16 19:48:58,024 | INFO  | OMAudit | user=runner | ip=127.0.0.1 | op=ALLOCATE_KEY {"volume":"vol-a-28403","bucket":"buc-a-09548","key":"key-b-0-99701","dataSize":"10240","replicationType":"RATIS","replicationFactor":"ONE","Transaction":"956"} | ret=SUCCESS |  
2025-10-16 19:48:58,034 | INFO  | OMAudit | user=runner | ip=127.0.0.1 | op=COMMIT_KEY {"volume":"vol-a-28403","bucket":"buc-a-09548","key":"key-b-0-99701","dataSize":"10240","replicationType":"RATIS","replicationFactor":"ONE","Transaction":"957"} | ret=SUCCESS |  
2025-10-16 19:48:58,035 | INFO  | OMAudit | user=runner | ip=127.0.0.1 | op=READ_BUCKET {"volume":"vol-a-28403","bucket":"buc-b-53888"} | ret=SUCCESS |  
2025-10-16 19:48:58,037 | INFO  | SCMAudit | user=runner | ip=127.0.0.1 | op=ALLOCATE_BLOCK {"replication":"RATIS/ONE","owner":"omServiceIdDefault","size":"4194304","sampleBlocks":"[conID: 6 locID: 115816896921600257]","num":"1","client":"","allocated":"1"} | ret=SUCCESS |  
2025-10-16 19:48:58,037 [om1-OMDoubleBufferFlushThread] INFO  om.OmSnapshotManager (OmSnapshotManager.java:createOmSnapshotCheckpoint(545)) - Created checkpoint: /home/runner/work/ozone/ozone/hadoop-ozone/integration-test/target/test-dir/MiniOzoneClusterImpl-e7911277-7775-4457-96c8-94071a26a1ce/om/data/db.snapshots/checkpointState/om.db-688fa79d-f579-424b-a8ed-dbd1ac909ecd for snapshot /vol-b-17770/bucket-a-6-97320/s20251016-194857.028
2025-10-16 19:48:58,040 | INFO  | OMAudit | user=runner | ip=127.0.0.1 | op=ALLOCATE_KEY {"volume":"vol-a-28403","bucket":"buc-b-53888","key":"key-b-0-63998","dataSize":"10240","replicationType":"RATIS","replicationFactor":"ONE","Transaction":"958"} | ret=SUCCESS |  
2025-10-16 19:48:58,052 | INFO  | OMAudit | user=runner | ip=127.0.0.1 | op=COMMIT_KEY {"volume":"vol-a-28403","bucket":"buc-b-53888","key":"key-b-0-63998","dataSize":"10240","replicationType":"RATIS","replicationFactor":"ONE","Transaction":"959"} | ret=SUCCESS |  
2025-10-16 19:48:58,054 | INFO  | OMAudit | user=runner | ip=127.0.0.1 | op=READ_BUCKET {"volume":"vol-b-66607","bucket":"buc-a-09548"} | ret=SUCCESS |  
2025-10-16 19:48:58,055 | INFO  | SCMAudit | user=runner | ip=127.0.0.1 | op=ALLOCATE_BLOCK {"replication":"RATIS/ONE","owner":"omServiceIdDefault","size":"4194304","sampleBlocks":"[conID: 27 locID: 115816896921600258]","num":"1","client":"","allocated":"1"} | ret=SUCCESS |  
2025-10-16 19:48:58,059 | INFO  | OMAudit | user=runner | ip=127.0.0.1 | op=ALLOCATE_KEY {"volume":"vol-b-66607","bucket":"buc-a-09548","key":"key-b-0-67387","dataSize":"10240","replicationType":"RATIS","replicationFactor":"ONE","Transaction":"960"} | ret=SUCCESS |  
2025-10-16 19:48:58,068 | INFO  | OMAudit | user=runner | ip=127.0.0.1 | op=COMMIT_KEY {"volume":"vol-b-66607","bucket":"buc-a-09548","key":"key-b-0-67387","dataSize":"10240","replicationType":"RATIS","replicationFactor":"ONE","Transaction":"961"} | ret=SUCCESS |  
2025-10-16 19:48:58,070 | INFO  | OMAudit | user=runner | ip=127.0.0.1 | op=READ_BUCKET {"volume":"vol-b-66607","bucket":"buc-b-53888"} | ret=SUCCESS |  
2025-10-16 19:48:58,071 | INFO  | SCMAudit | user=runner | ip=127.0.0.1 | op=ALLOCATE_BLOCK {"replication":"RATIS/ONE","owner":"omServiceIdDefault","size":"4194304","sampleBlocks":"[conID: 10 locID: 115816896921600259]","num":"1","client":"","allocated":"1"} | ret=SUCCESS |  
2025-10-16 19:48:58,073 | INFO  | OMAudit | user=runner | ip=127.0.0.1 | op=ALLOCATE_KEY {"volume":"vol-b-66607","bucket":"buc-b-53888","key":"key-b-0-03791","dataSize":"10240","replicationType":"RATIS","replicationFactor":"ONE","Transaction":"962"} | ret=SUCCESS |  
2025-10-16 19:48:58,080 | INFO  | OMAudit | user=runner | ip=127.0.0.1 | op=COMMIT_KEY {"volume":"vol-b-66607","bucket":"buc-b-53888","key":"key-b-0-03791","dataSize":"10240","replicationType":"RATIS","replicationFactor":"ONE","Transaction":"963"} | ret=SUCCESS |  
2025-10-16 19:48:58,081 [om1-OMDoubleBufferFlushThread] INFO  db.RDBCheckpointManager (RDBCheckpointManager.java:createCheckpoint(87)) - Created checkpoint in rocksDB at /home/runner/work/ozone/ozone/hadoop-ozone/integration-test/target/test-dir/MiniOzoneClusterImpl-e7911277-7775-4457-96c8-94071a26a1ce/om/data/db.snapshots/checkpointState/om.db-98c6a8de-a0d5-46d0-a2e6-b182bbfbd511 in 41 milliseconds
2025-10-16 19:48:58,082 | INFO  | OMAudit | user=runner | ip=127.0.0.1 | op=READ_BUCKET {"volume":"vol-a-28403","bucket":"buc-a-09548"} | ret=SUCCESS |  
2025-10-16 19:48:58,083 | INFO  | SCMAudit | user=runner | ip=127.0.0.1 | op=ALLOCATE_BLOCK {"replication":"RATIS/ONE","owner":"omServiceIdDefault","size":"4194304","sampleBlocks":"[conID: 13 locID: 115816896921600260]","num":"1","client":"","allocated":"1"} | ret=SUCCESS |  
2025-10-16 19:48:58,085 | INFO  | OMAudit | user=runner | ip=127.0.0.1 | op=ALLOCATE_KEY {"volume":"vol-a-28403","bucket":"buc-a-09548","key":"key-b-1-63182","dataSize":"10240","replicationType":"RATIS","replicationFactor":"ONE","Transaction":"964"} | ret=SUCCESS |  
2025-10-16 19:48:58,092 | INFO  | OMAudit | user=runner | ip=127.0.0.1 | op=COMMIT_KEY {"volume":"vol-a-28403","bucket":"buc-a-09548","key":"key-b-1-63182","dataSize":"10240","replicationType":"RATIS","replicationFactor":"ONE","Transaction":"965"} | ret=SUCCESS |  
2025-10-16 19:48:58,093 | INFO  | OMAudit | user=runner | ip=127.0.0.1 | op=READ_BUCKET {"volume":"vol-a-28403","bucket":"buc-b-53888"} | ret=SUCCESS |  
2025-10-16 19:48:58,095 | INFO  | SCMAudit | user=runner | ip=127.0.0.1 | op=ALLOCATE_BLOCK {"replication":"RATIS/ONE","owner":"omServiceIdDefault","size":"4194304","sampleBlocks":"[conID: 2 locID: 115816896921600261]","num":"1","client":"","allocated":"1"} | ret=SUCCESS |  
2025-10-16 19:48:58,097 | INFO  | OMAudit | user=runner | ip=127.0.0.1 | op=ALLOCATE_KEY {"volume":"vol-a-28403","bucket":"buc-b-53888","key":"key-b-1-04854","dataSize":"10240","replicationType":"RATIS","replicationFactor":"ONE","Transaction":"966"} | ret=SUCCESS |  
2025-10-16 19:48:58,098 [om1-OMDoubleBufferFlushThread] INFO  om.OmSnapshotManager (OmSnapshotManager.java:createOmSnapshotCheckpoint(545)) - Created checkpoint: /home/runner/work/ozone/ozone/hadoop-ozone/integration-test/target/test-dir/MiniOzoneClusterImpl-e7911277-7775-4457-96c8-94071a26a1ce/om/data/db.snapshots/checkpointState/om.db-98c6a8de-a0d5-46d0-a2e6-b182bbfbd511 for snapshot /vol-a-52140/bucket-a-7-14080/s20251016-194857.036
2025-10-16 19:48:58,105 | INFO  | OMAudit | user=runner | ip=127.0.0.1 | op=COMMIT_KEY {"volume":"vol-a-28403","bucket":"buc-b-53888","key":"key-b-1-04854","dataSize":"10240","replicationType":"RATIS","replicationFactor":"ONE","Transaction":"967"} | ret=SUCCESS |  
2025-10-16 19:48:58,107 | INFO  | OMAudit | user=runner | ip=127.0.0.1 | op=READ_BUCKET {"volume":"vol-b-66607","bucket":"buc-a-09548"} | ret=SUCCESS |  
2025-10-16 19:48:58,109 | INFO  | SCMAudit | user=runner | ip=127.0.0.1 | op=ALLOCATE_BLOCK {"replication":"RATIS/ONE","owner":"omServiceIdDefault","size":"4194304","sampleBlocks":"[conID: 9 locID: 115816896921600262]","num":"1","client":"","allocated":"1"} | ret=SUCCESS |  
2025-10-16 19:48:58,111 | INFO  | OMAudit | user=runner | ip=127.0.0.1 | op=ALLOCATE_KEY {"volume":"vol-b-66607","bucket":"buc-a-09548","key":"key-b-1-16827","dataSize":"10240","replicationType":"RATIS","replicationFactor":"ONE","Transaction":"968"} | ret=SUCCESS |  
2025-10-16 19:48:58,118 | INFO  | SCMAudit | user=runner | ip=127.0.0.1 | op=SEND_HEARTBEAT {"datanodeUUID":"8a3c3252-9afe-4d3a-8492-25be6557678a","term":"2","command":"[]"} | ret=SUCCESS |  
2025-10-16 19:48:58,119 | INFO  | SCMAudit | user=runner | ip=127.0.0.1 | op=SEND_HEARTBEAT {"datanodeUUID":"c0724e9c-0dd4-4d47-992c-7bfe285fdd38","term":"2","command":"[]"} | ret=SUCCESS |  
2025-10-16 19:48:58,119 | INFO  | SCMAudit | user=runner | ip=127.0.0.1 | op=SEND_HEARTBEAT {"datanodeUUID":"e33e6ec4-6b66-4281-bedd-2bd75bd30070","term":"2","command":"[]"} | ret=SUCCESS |  
2025-10-16 19:48:58,119 | INFO  | SCMAudit | user=runner | ip=127.0.0.1 | op=SEND_HEARTBEAT {"datanodeUUID":"8a0fa2ff-b550-4652-b2fe-0cf91cd4a157","term":"2","command":"[]"} | ret=SUCCESS |  
2025-10-16 19:48:58,124 | INFO  | SCMAudit | user=runner | ip=127.0.0.1 | op=SEND_HEARTBEAT {"datanodeUUID":"aa213937-adc5-47da-a770-0ee1e4664344","term":"2","command":"[]"} | ret=SUCCESS |  
2025-10-16 19:48:58,126 | INFO  | OMAudit | user=runner | ip=127.0.0.1 | op=COMMIT_KEY {"volume":"vol-b-66607","bucket":"buc-a-09548","key":"key-b-1-16827","dataSize":"10240","replicationType":"RATIS","replicationFactor":"ONE","Transaction":"969"} | ret=SUCCESS |  
2025-10-16 19:48:58,128 | INFO  | OMAudit | user=runner | ip=127.0.0.1 | op=READ_BUCKET {"volume":"vol-b-66607","bucket":"buc-b-53888"} | ret=SUCCESS |  
2025-10-16 19:48:58,129 | INFO  | SCMAudit | user=runner | ip=127.0.0.1 | op=SEND_HEARTBEAT {"datanodeUUID":"58cff6b7-b2a7-446b-a75a-bb98ad6b11b8","term":"2","command":"[]"} | ret=SUCCESS |  
2025-10-16 19:48:58,129 | INFO  | SCMAudit | user=runner | ip=127.0.0.1 | op=ALLOCATE_BLOCK {"replication":"RATIS/ONE","owner":"omServiceIdDefault","size":"4194304","sampleBlocks":"[conID: 6 locID: 115816896921600263]","num":"1","client":"","allocated":"1"} | ret=SUCCESS |  
2025-10-16 19:48:58,132 | INFO  | OMAudit | user=runner | ip=127.0.0.1 | op=ALLOCATE_KEY {"volume":"vol-b-66607","bucket":"buc-b-53888","key":"key-b-1-19598","dataSize":"10240","replicationType":"RATIS","replicationFactor":"ONE","Transaction":"970"} | ret=SUCCESS |  
2025-10-16 19:48:58,136 | INFO  | SCMAudit | user=runner | ip=127.0.0.1 | op=SEND_HEARTBEAT {"datanodeUUID":"0428ab3f-efd5-438e-ae11-9ec242443260","term":"2","command":"[]"} | ret=SUCCESS |  
2025-10-16 19:48:58,137 | INFO  | SCMAudit | user=runner | ip=127.0.0.1 | op=SEND_HEARTBEAT {"datanodeUUID":"e072d245-7694-4d97-8e20-c503ebf8c2fe","term":"2","command":"[]"} | ret=SUCCESS |  
2025-10-16 19:48:58,142 | INFO  | OMAudit | user=runner | ip=127.0.0.1 | op=COMMIT_KEY {"volume":"vol-b-66607","bucket":"buc-b-53888","key":"key-b-1-19598","dataSize":"10240","replicationType":"RATIS","replicationFactor":"ONE","Transaction":"971"} | ret=SUCCESS |  
2025-10-16 19:48:58,144 [om1-OMDoubleBufferFlushThread] INFO  db.RDBCheckpointManager (RDBCheckpointManager.java:createCheckpoint(87)) - Created checkpoint in rocksDB at /home/runner/work/ozone/ozone/hadoop-ozone/integration-test/target/test-dir/MiniOzoneClusterImpl-e7911277-7775-4457-96c8-94071a26a1ce/om/data/db.snapshots/checkpointState/om.db-6ad34673-651a-459e-b52c-c62b745ad56e in 43 milliseconds
2025-10-16 19:48:58,145 | INFO  | OMAudit | user=runner | ip=127.0.0.1 | op=READ_BUCKET {"volume":"vol-a-28403","bucket":"buc-a-09548"} | ret=SUCCESS |  
2025-10-16 19:48:58,146 | INFO  | SCMAudit | user=runner | ip=127.0.0.1 | op=ALLOCATE_BLOCK {"replication":"RATIS/ONE","owner":"omServiceIdDefault","size":"4194304","sampleBlocks":"[conID: 7 locID: 115816896921600264]","num":"1","client":"","allocated":"1"} | ret=SUCCESS |  
2025-10-16 19:48:58,148 | INFO  | OMAudit | user=runner | ip=127.0.0.1 | op=ALLOCATE_KEY {"volume":"vol-a-28403","bucket":"buc-a-09548","key":"key-b-2-12696","dataSize":"10240","replicationType":"RATIS","replicationFactor":"ONE","Transaction":"972"} | ret=SUCCESS |  
2025-10-16 19:48:58,158 | INFO  | OMAudit | user=runner | ip=127.0.0.1 | op=COMMIT_KEY {"volume":"vol-a-28403","bucket":"buc-a-09548","key":"key-b-2-12696","dataSize":"10240","replicationType":"RATIS","replicationFactor":"ONE","Transaction":"973"} | ret=SUCCESS |  
2025-10-16 19:48:58,160 | INFO  | OMAudit | user=runner | ip=127.0.0.1 | op=READ_BUCKET {"volume":"vol-a-28403","bucket":"buc-b-53888"} | ret=SUCCESS |  
2025-10-16 19:48:58,162 | INFO  | SCMAudit | user=runner | ip=127.0.0.1 | op=ALLOCATE_BLOCK {"replication":"RATIS/ONE","owner":"omServiceIdDefault","size":"4194304","sampleBlocks":"[conID: 1 locID: 115816896921600265]","num":"1","client":"","allocated":"1"} | ret=SUCCESS |  
2025-10-16 19:48:58,165 | INFO  | OMAudit | user=runner | ip=127.0.0.1 | op=ALLOCATE_KEY {"volume":"vol-a-28403","bucket":"buc-b-53888","key":"key-b-2-54638","dataSize":"10240","replicationType":"RATIS","replicationFactor":"ONE","Transaction":"974"} | ret=SUCCESS |  
2025-10-16 19:48:58,174 [om1-OMDoubleBufferFlushThread] INFO  om.OmSnapshotManager (OmSnapshotManager.java:createOmSnapshotCheckpoint(545)) - Created checkpoint: /home/runner/work/ozone/ozone/hadoop-ozone/integration-test/target/test-dir/MiniOzoneClusterImpl-e7911277-7775-4457-96c8-94071a26a1ce/om/data/db.snapshots/checkpointState/om.db-6ad34673-651a-459e-b52c-c62b745ad56e for snapshot /vol-b-17770/bucket-a-7-37919/s20251016-194857.043
2025-10-16 19:48:58,175 | INFO  | OMAudit | user=runner | ip=127.0.0.1 | op=COMMIT_KEY {"volume":"vol-a-28403","bucket":"buc-b-53888","key":"key-b-2-54638","dataSize":"10240","replicationType":"RATIS","replicationFactor":"ONE","Transaction":"975"} | ret=SUCCESS |  
2025-10-16 19:48:58,177 | INFO  | OMAudit | user=runner | ip=127.0.0.1 | op=READ_BUCKET {"volume":"vol-b-66607","bucket":"buc-a-09548"} | ret=SUCCESS |  
2025-10-16 19:48:58,178 | INFO  | SCMAudit | user=runner | ip=127.0.0.1 | op=ALLOCATE_BLOCK {"replication":"RATIS/ONE","owner":"omServiceIdDefault","size":"4194304","sampleBlocks":"[conID: 7 locID: 115816896921600266]","num":"1","client":"","allocated":"1"} | ret=SUCCESS |  
2025-10-16 19:48:58,180 | INFO  | OMAudit | user=runner | ip=127.0.0.1 | op=ALLOCATE_KEY {"volume":"vol-b-66607","bucket":"buc-a-09548","key":"key-b-2-66154","dataSize":"10240","replicationType":"RATIS","replicationFactor":"ONE","Transaction":"976"} | ret=SUCCESS |  
2025-10-16 19:48:58,192 | INFO  | OMAudit | user=runner | ip=127.0.0.1 | op=COMMIT_KEY {"volume":"vol-b-66607","bucket":"buc-a-09548","key":"key-b-2-66154","dataSize":"10240","replicationType":"RATIS","replicationFactor":"ONE","Transaction":"977"} | ret=SUCCESS |  
2025-10-16 19:48:58,193 | INFO  | OMAudit | user=runner | ip=127.0.0.1 | op=READ_BUCKET {"volume":"vol-b-66607","bucket":"buc-b-53888"} | ret=SUCCESS |  
2025-10-16 19:48:58,196 | INFO  | SCMAudit | user=runner | ip=127.0.0.1 | op=ALLOCATE_BLOCK {"replication":"RATIS/ONE","owner":"omServiceIdDefault","size":"4194304","sampleBlocks":"[conID: 13 locID: 115816896921600267]","num":"1","client":"","allocated":"1"} | ret=SUCCESS |  
2025-10-16 19:48:58,199 | INFO  | OMAudit | user=runner | ip=127.0.0.1 | op=ALLOCATE_KEY {"volume":"vol-b-66607","bucket":"buc-b-53888","key":"key-b-2-29153","dataSize":"10240","replicationType":"RATIS","replicationFactor":"ONE","Transaction":"978"} | ret=SUCCESS |  
2025-10-16 19:48:58,209 | INFO  | OMAudit | user=runner | ip=127.0.0.1 | op=COMMIT_KEY {"volume":"vol-b-66607","bucket":"buc-b-53888","key":"key-b-2-29153","dataSize":"10240","replicationType":"RATIS","replicationFactor":"ONE","Transaction":"979"} | ret=SUCCESS |  
2025-10-16 19:48:58,214 | INFO  | OMAudit | user=runner | ip=127.0.0.1 | op=READ_BUCKET {"volume":"vol-a-28403","bucket":"buc-a-09548"} | ret=SUCCESS |  
2025-10-16 19:48:58,215 | INFO  | SCMAudit | user=runner | ip=127.0.0.1 | op=ALLOCATE_BLOCK {"replication":"RATIS/ONE","owner":"omServiceIdDefault","size":"4194304","sampleBlocks":"[conID: 4 locID: 115816896921600268]","num":"1","client":"","allocated":"1"} | ret=SUCCESS |  
2025-10-16 19:48:58,225 | INFO  | OMAudit | user=runner | ip=127.0.0.1 | op=ALLOCATE_KEY {"volume":"vol-a-28403","bucket":"buc-a-09548","key":"key-b-3-02745","dataSize":"10240","replicationType":"RATIS","replicationFactor":"ONE","Transaction":"980"} | ret=SUCCESS |  
2025-10-16 19:48:58,225 [om1-OMDoubleBufferFlushThread] INFO  db.RDBCheckpointManager (RDBCheckpointManager.java:createCheckpoint(87)) - Created checkpoint in rocksDB at /home/runner/work/ozone/ozone/hadoop-ozone/integration-test/target/test-dir/MiniOzoneClusterImpl-e7911277-7775-4457-96c8-94071a26a1ce/om/data/db.snapshots/checkpointState/om.db-41c3e626-c04e-43e4-9160-2f0abda5b51b in 50 milliseconds
2025-10-16 19:48:58,239 | INFO  | OMAudit | user=runner | ip=127.0.0.1 | op=COMMIT_KEY {"volume":"vol-a-28403","bucket":"buc-a-09548","key":"key-b-3-02745","dataSize":"10240","replicationType":"RATIS","replicationFactor":"ONE","Transaction":"981"} | ret=SUCCESS |  
2025-10-16 19:48:58,241 | INFO  | OMAudit | user=runner | ip=127.0.0.1 | op=READ_BUCKET {"volume":"vol-a-28403","bucket":"buc-b-53888"} | ret=SUCCESS |  
2025-10-16 19:48:58,242 | INFO  | SCMAudit | user=runner | ip=127.0.0.1 | op=ALLOCATE_BLOCK {"replication":"RATIS/ONE","owner":"omServiceIdDefault","size":"4194304","sampleBlocks":"[conID: 7 locID: 115816896921600269]","num":"1","client":"","allocated":"1"} | ret=SUCCESS |  
2025-10-16 19:48:58,244 | INFO  | OMAudit | user=runner | ip=127.0.0.1 | op=ALLOCATE_KEY {"volume":"vol-a-28403","bucket":"buc-b-53888","key":"key-b-3-01077","dataSize":"10240","replicationType":"RATIS","replicationFactor":"ONE","Transaction":"982"} | ret=SUCCESS |  
2025-10-16 19:48:58,251 [om1-OMDoubleBufferFlushThread] INFO  om.OmSnapshotManager (OmSnapshotManager.java:createOmSnapshotCheckpoint(545)) - Created checkpoint: /home/runner/work/ozone/ozone/hadoop-ozone/integration-test/target/test-dir/MiniOzoneClusterImpl-e7911277-7775-4457-96c8-94071a26a1ce/om/data/db.snapshots/checkpointState/om.db-41c3e626-c04e-43e4-9160-2f0abda5b51b for snapshot /vol-a-52140/bucket-a-8-57319/s20251016-194857.050
2025-10-16 19:48:58,251 | INFO  | OMAudit | user=runner | ip=127.0.0.1 | op=COMMIT_KEY {"volume":"vol-a-28403","bucket":"buc-b-53888","key":"key-b-3-01077","dataSize":"10240","replicationType":"RATIS","replicationFactor":"ONE","Transaction":"983"} | ret=SUCCESS |  
2025-10-16 19:48:58,254 | INFO  | OMAudit | user=runner | ip=127.0.0.1 | op=READ_BUCKET {"volume":"vol-b-66607","bucket":"buc-a-09548"} | ret=SUCCESS |  
2025-10-16 19:48:58,256 | INFO  | SCMAudit | user=runner | ip=127.0.0.1 | op=ALLOCATE_BLOCK {"replication":"RATIS/ONE","owner":"omServiceIdDefault","size":"4194304","sampleBlocks":"[conID: 10 locID: 115816896921600270]","num":"1","client":"","allocated":"1"} | ret=SUCCESS |  
2025-10-16 19:48:58,258 | INFO  | OMAudit | user=runner | ip=127.0.0.1 | op=ALLOCATE_KEY {"volume":"vol-b-66607","bucket":"buc-a-09548","key":"key-b-3-04853","dataSize":"10240","replicationType":"RATIS","replicationFactor":"ONE","Transaction":"984"} | ret=SUCCESS |  
2025-10-16 19:48:58,274 | INFO  | OMAudit | user=runner | ip=127.0.0.1 | op=COMMIT_KEY {"volume":"vol-b-66607","bucket":"buc-a-09548","key":"key-b-3-04853","dataSize":"10240","replicationType":"RATIS","replicationFactor":"ONE","Transaction":"985"} | ret=SUCCESS |  
2025-10-16 19:48:58,278 | INFO  | OMAudit | user=runner | ip=127.0.0.1 | op=READ_BUCKET {"volume":"vol-b-66607","bucket":"buc-b-53888"} | ret=SUCCESS |  
2025-10-16 19:48:58,278 | INFO  | SCMAudit | user=runner | ip=127.0.0.1 | op=ALLOCATE_BLOCK {"replication":"RATIS/ONE","owner":"omServiceIdDefault","size":"4194304","sampleBlocks":"[conID: 6 locID: 115816896921600271]","num":"1","client":"","allocated":"1"} | ret=SUCCESS |  
2025-10-16 19:48:58,284 | INFO  | OMAudit | user=runner | ip=127.0.0.1 | op=ALLOCATE_KEY {"volume":"vol-b-66607","bucket":"buc-b-53888","key":"key-b-3-80984","dataSize":"10240","replicationType":"RATIS","replicationFactor":"ONE","Transaction":"986"} | ret=SUCCESS |  
2025-10-16 19:48:58,294 | INFO  | OMAudit | user=runner | ip=127.0.0.1 | op=COMMIT_KEY {"volume":"vol-b-66607","bucket":"buc-b-53888","key":"key-b-3-80984","dataSize":"10240","replicationType":"RATIS","replicationFactor":"ONE","Transaction":"987"} | ret=SUCCESS |  
2025-10-16 19:48:58,296 | INFO  | OMAudit | user=runner | ip=127.0.0.1 | op=READ_BUCKET {"volume":"vol-a-28403","bucket":"buc-a-09548"} | ret=SUCCESS |  
2025-10-16 19:48:58,296 | INFO  | SCMAudit | user=runner | ip=127.0.0.1 | op=ALLOCATE_BLOCK {"replication":"RATIS/ONE","owner":"omServiceIdDefault","size":"4194304","sampleBlocks":"[conID: 1 locID: 115816896921600272]","num":"1","client":"","allocated":"1"} | ret=SUCCESS |  
2025-10-16 19:48:58,298 [om1-OMDoubleBufferFlushThread] INFO  db.RDBCheckpointManager (RDBCheckpointManager.java:createCheckpoint(87)) - Created checkpoint in rocksDB at /home/runner/work/ozone/ozone/hadoop-ozone/integration-test/target/test-dir/MiniOzoneClusterImpl-e7911277-7775-4457-96c8-94071a26a1ce/om/data/db.snapshots/checkpointState/om.db-dc5e70bd-8187-4de6-a46f-49c572524cf4 in 44 milliseconds
2025-10-16 19:48:58,299 | INFO  | OMAudit | user=runner | ip=127.0.0.1 | op=ALLOCATE_KEY {"volume":"vol-a-28403","bucket":"buc-a-09548","key":"key-b-4-69584","dataSize":"10240","replicationType":"RATIS","replicationFactor":"ONE","Transaction":"988"} | ret=SUCCESS |  
2025-10-16 19:48:58,308 | INFO  | SCMAudit | user=runner | ip=127.0.0.1 | op=SEND_HEARTBEAT {"datanodeUUID":"76d4ba71-5bbb-4b24-8f51-8bc7f78aaca4","term":"2","command":"[]"} | ret=SUCCESS |  
2025-10-16 19:48:58,310 | INFO  | OMAudit | user=runner | ip=127.0.0.1 | op=COMMIT_KEY {"volume":"vol-a-28403","bucket":"buc-a-09548","key":"key-b-4-69584","dataSize":"10240","replicationType":"RATIS","replicationFactor":"ONE","Transaction":"989"} | ret=SUCCESS |  
2025-10-16 19:48:58,311 | INFO  | SCMAudit | user=runner | ip=127.0.0.1 | op=SEND_HEARTBEAT {"datanodeUUID":"764b18f0-81c5-439a-9fff-25adc4f241fa","term":"2","command":"[]"} | ret=SUCCESS |  
2025-10-16 19:48:58,312 | INFO  | OMAudit | user=runner | ip=127.0.0.1 | op=READ_BUCKET {"volume":"vol-a-28403","bucket":"buc-b-53888"} | ret=SUCCESS |  
2025-10-16 19:48:58,313 | INFO  | SCMAudit | user=runner | ip=127.0.0.1 | op=ALLOCATE_BLOCK {"replication":"RATIS/ONE","owner":"omServiceIdDefault","size":"4194304","sampleBlocks":"[conID: 1 locID: 115816896921600273]","num":"1","client":"","allocated":"1"} | ret=SUCCESS |  
2025-10-16 19:48:58,317 | INFO  | OMAudit | user=runner | ip=127.0.0.1 | op=ALLOCATE_KEY {"volume":"vol-a-28403","bucket":"buc-b-53888","key":"key-b-4-99149","dataSize":"10240","replicationType":"RATIS","replicationFactor":"ONE","Transaction":"990"} | ret=SUCCESS |  
2025-10-16 19:48:58,326 [om1-OMDoubleBufferFlushThread] INFO  om.OmSnapshotManager (OmSnapshotManager.java:createOmSnapshotCheckpoint(545)) - Created checkpoint: /home/runner/work/ozone/ozone/hadoop-ozone/integration-test/target/test-dir/MiniOzoneClusterImpl-e7911277-7775-4457-96c8-94071a26a1ce/om/data/db.snapshots/checkpointState/om.db-dc5e70bd-8187-4de6-a46f-49c572524cf4 for snapshot /vol-b-17770/bucket-a-8-69324/s20251016-194857.056
2025-10-16 19:48:58,328 | INFO  | OMAudit | user=runner | ip=127.0.0.1 | op=COMMIT_KEY {"volume":"vol-a-28403","bucket":"buc-b-53888","key":"key-b-4-99149","dataSize":"10240","replicationType":"RATIS","replicationFactor":"ONE","Transaction":"991"} | ret=SUCCESS |  
2025-10-16 19:48:58,329 | INFO  | OMAudit | user=runner | ip=127.0.0.1 | op=READ_BUCKET {"volume":"vol-b-66607","bucket":"buc-a-09548"} | ret=SUCCESS |  
2025-10-16 19:48:58,331 | INFO  | SCMAudit | user=runner | ip=127.0.0.1 | op=ALLOCATE_BLOCK {"replication":"RATIS/ONE","owner":"omServiceIdDefault","size":"4194304","sampleBlocks":"[conID: 13 locID: 115816896921600274]","num":"1","client":"","allocated":"1"} | ret=SUCCESS |  
2025-10-16 19:48:58,333 | INFO  | OMAudit | user=runner | ip=127.0.0.1 | op=ALLOCATE_KEY {"volume":"vol-b-66607","bucket":"buc-a-09548","key":"key-b-4-00925","dataSize":"10240","replicationType":"RATIS","replicationFactor":"ONE","Transaction":"992"} | ret=SUCCESS |  
2025-10-16 19:48:58,344 | INFO  | OMAudit | user=runner | ip=127.0.0.1 | op=COMMIT_KEY {"volume":"vol-b-66607","bucket":"buc-a-09548","key":"key-b-4-00925","dataSize":"10240","replicationType":"RATIS","replicationFactor":"ONE","Transaction":"993"} | ret=SUCCESS |  
2025-10-16 19:48:58,347 | INFO  | OMAudit | user=runner | ip=127.0.0.1 | op=READ_BUCKET {"volume":"vol-b-66607","bucket":"buc-b-53888"} | ret=SUCCESS |  
2025-10-16 19:48:58,349 | INFO  | SCMAudit | user=runner | ip=127.0.0.1 | op=ALLOCATE_BLOCK {"replication":"RATIS/ONE","owner":"omServiceIdDefault","size":"4194304","sampleBlocks":"[conID: 27 locID: 115816896921600275]","num":"1","client":"","allocated":"1"} | ret=SUCCESS |  
2025-10-16 19:48:58,351 | INFO  | OMAudit | user=runner | ip=127.0.0.1 | op=ALLOCATE_KEY {"volume":"vol-b-66607","bucket":"buc-b-53888","key":"key-b-4-13592","dataSize":"10240","replicationType":"RATIS","replicationFactor":"ONE","Transaction":"994"} | ret=SUCCESS |  
2025-10-16 19:48:58,361 | INFO  | OMAudit | user=runner | ip=127.0.0.1 | op=COMMIT_KEY {"volume":"vol-b-66607","bucket":"buc-b-53888","key":"key-b-4-13592","dataSize":"10240","replicationType":"RATIS","replicationFactor":"ONE","Transaction":"995"} | ret=SUCCESS |  
2025-10-16 19:48:58,364 | INFO  | OMAudit | user=runner | ip=127.0.0.1 | op=READ_BUCKET {"volume":"vol-a-28403","bucket":"buc-a-09548"} | ret=SUCCESS |  
2025-10-16 19:48:58,365 | INFO  | SCMAudit | user=runner | ip=127.0.0.1 | op=ALLOCATE_BLOCK {"replication":"RATIS/ONE","owner":"omServiceIdDefault","size":"4194304","sampleBlocks":"[conID: 3 locID: 115816896921600276]","num":"1","client":"","allocated":"1"} | ret=SUCCESS |  
2025-10-16 19:48:58,367 | INFO  | OMAudit | user=runner | ip=127.0.0.1 | op=ALLOCATE_KEY {"volume":"vol-a-28403","bucket":"buc-a-09548","key":"key-b-5-62998","dataSize":"10240","replicationType":"RATIS","replicationFactor":"ONE","Transaction":"996"} | ret=SUCCESS |  
2025-10-16 19:48:58,375 [om1-OMDoubleBufferFlushThread] INFO  db.RDBCheckpointManager (RDBCheckpointManager.java:createCheckpoint(87)) - Created checkpoint in rocksDB at /home/runner/work/ozone/ozone/hadoop-ozone/integration-test/target/test-dir/MiniOzoneClusterImpl-e7911277-7775-4457-96c8-94071a26a1ce/om/data/db.snapshots/checkpointState/om.db-869ae2af-e43e-4344-ad0c-a71c1c8afb74 in 46 milliseconds
2025-10-16 19:48:58,376 | INFO  | OMAudit | user=runner | ip=127.0.0.1 | op=COMMIT_KEY {"volume":"vol-a-28403","bucket":"buc-a-09548","key":"key-b-5-62998","dataSize":"10240","replicationType":"RATIS","replicationFactor":"ONE","Transaction":"997"} | ret=SUCCESS |  
2025-10-16 19:48:58,379 | INFO  | OMAudit | user=runner | ip=127.0.0.1 | op=READ_BUCKET {"volume":"vol-a-28403","bucket":"buc-b-53888"} | ret=SUCCESS |  
2025-10-16 19:48:58,379 | INFO  | SCMAudit | user=runner | ip=127.0.0.1 | op=ALLOCATE_BLOCK {"replication":"RATIS/ONE","owner":"omServiceIdDefault","size":"4194304","sampleBlocks":"[conID: 4 locID: 115816896921600277]","num":"1","client":"","allocated":"1"} | ret=SUCCESS |  
2025-10-16 19:48:58,382 | INFO  | OMAudit | user=runner | ip=127.0.0.1 | op=ALLOCATE_KEY {"volume":"vol-a-28403","bucket":"buc-b-53888","key":"key-b-5-26949","dataSize":"10240","replicationType":"RATIS","replicationFactor":"ONE","Transaction":"998"} | ret=SUCCESS |  
2025-10-16 19:48:58,391 | INFO  | OMAudit | user=runner | ip=127.0.0.1 | op=COMMIT_KEY {"volume":"vol-a-28403","bucket":"buc-b-53888","key":"key-b-5-26949","dataSize":"10240","replicationType":"RATIS","replicationFactor":"ONE","Transaction":"999"} | ret=SUCCESS |  
2025-10-16 19:48:58,392 | INFO  | OMAudit | user=runner | ip=127.0.0.1 | op=READ_BUCKET {"volume":"vol-b-66607","bucket":"buc-a-09548"} | ret=SUCCESS |  
2025-10-16 19:48:58,393 | INFO  | SCMAudit | user=runner | ip=127.0.0.1 | op=ALLOCATE_BLOCK {"replication":"RATIS/ONE","owner":"omServiceIdDefault","size":"4194304","sampleBlocks":"[conID: 2 locID: 115816896921600278]","num":"1","client":"","allocated":"1"} | ret=SUCCESS |  
2025-10-16 19:48:58,395 | INFO  | OMAudit | user=runner | ip=127.0.0.1 | op=ALLOCATE_KEY {"volume":"vol-b-66607","bucket":"buc-a-09548","key":"key-b-5-00710","dataSize":"10240","replicationType":"RATIS","replicationFactor":"ONE","Transaction":"1000"} | ret=SUCCESS |  
2025-10-16 19:48:58,397 [om1-OMDoubleBufferFlushThread] INFO  om.OmSnapshotManager (OmSnapshotManager.java:createOmSnapshotCheckpoint(545)) - Created checkpoint: /home/runner/work/ozone/ozone/hadoop-ozone/integration-test/target/test-dir/MiniOzoneClusterImpl-e7911277-7775-4457-96c8-94071a26a1ce/om/data/db.snapshots/checkpointState/om.db-869ae2af-e43e-4344-ad0c-a71c1c8afb74 for snapshot /vol-a-52140/bucket-a-9-45468/s20251016-194857.066
2025-10-16 19:48:58,403 | INFO  | OMAudit | user=runner | ip=127.0.0.1 | op=COMMIT_KEY {"volume":"vol-b-66607","bucket":"buc-a-09548","key":"key-b-5-00710","dataSize":"10240","replicationType":"RATIS","replicationFactor":"ONE","Transaction":"1001"} | ret=SUCCESS |  
2025-10-16 19:48:58,405 | INFO  | OMAudit | user=runner | ip=127.0.0.1 | op=READ_BUCKET {"volume":"vol-b-66607","bucket":"buc-b-53888"} | ret=SUCCESS |  
2025-10-16 19:48:58,407 | INFO  | SCMAudit | user=runner | ip=127.0.0.1 | op=ALLOCATE_BLOCK {"replication":"RATIS/ONE","owner":"omServiceIdDefault","size":"4194304","sampleBlocks":"[conID: 12 locID: 115816896921600279]","num":"1","client":"","allocated":"1"} | ret=SUCCESS |  
2025-10-16 19:48:58,409 | INFO  | OMAudit | user=runner | ip=127.0.0.1 | op=ALLOCATE_KEY {"volume":"vol-b-66607","bucket":"buc-b-53888","key":"key-b-5-56293","dataSize":"10240","replicationType":"RATIS","replicationFactor":"ONE","Transaction":"1002"} | ret=SUCCESS |  
2025-10-16 19:48:58,417 | INFO  | OMAudit | user=runner | ip=127.0.0.1 | op=COMMIT_KEY {"volume":"vol-b-66607","bucket":"buc-b-53888","key":"key-b-5-56293","dataSize":"10240","replicationType":"RATIS","replicationFactor":"ONE","Transaction":"1003"} | ret=SUCCESS |  
2025-10-16 19:48:58,419 | INFO  | OMAudit | user=runner | ip=127.0.0.1 | op=READ_BUCKET {"volume":"vol-a-28403","bucket":"buc-a-09548"} | ret=SUCCESS |  
2025-10-16 19:48:58,420 | INFO  | SCMAudit | user=runner | ip=127.0.0.1 | op=ALLOCATE_BLOCK {"replication":"RATIS/ONE","owner":"omServiceIdDefault","size":"4194304","sampleBlocks":"[conID: 3 locID: 115816896921600280]","num":"1","client":"","allocated":"1"} | ret=SUCCESS |  
2025-10-16 19:48:58,422 | INFO  | OMAudit | user=runner | ip=127.0.0.1 | op=ALLOCATE_KEY {"volume":"vol-a-28403","bucket":"buc-a-09548","key":"key-b-6-88054","dataSize":"10240","replicationType":"RATIS","replicationFactor":"ONE","Transaction":"1004"} | ret=SUCCESS |  
2025-10-16 19:48:58,434 | INFO  | OMAudit | user=runner | ip=127.0.0.1 | op=COMMIT_KEY {"volume":"vol-a-28403","bucket":"buc-a-09548","key":"key-b-6-88054","dataSize":"10240","replicationType":"RATIS","replicationFactor":"ONE","Transaction":"1005"} | ret=SUCCESS |  
2025-10-16 19:48:58,439 | INFO  | OMAudit | user=runner | ip=127.0.0.1 | op=READ_BUCKET {"volume":"vol-a-28403","bucket":"buc-b-53888"} | ret=SUCCESS |  
2025-10-16 19:48:58,440 | INFO  | SCMAudit | user=runner | ip=127.0.0.1 | op=ALLOCATE_BLOCK {"replication":"RATIS/ONE","owner":"omServiceIdDefault","size":"4194304","sampleBlocks":"[conID: 6 locID: 115816896921600281]","num":"1","client":"","allocated":"1"} | ret=SUCCESS |  
2025-10-16 19:48:58,442 | INFO  | OMAudit | user=runner | ip=127.0.0.1 | op=ALLOCATE_KEY {"volume":"vol-a-28403","bucket":"buc-b-53888","key":"key-b-6-81692","dataSize":"10240","replicationType":"RATIS","replicationFactor":"ONE","Transaction":"1006"} | ret=SUCCESS |  
2025-10-16 19:48:58,452 [om1-OMDoubleBufferFlushThread] INFO  db.RDBCheckpointManager (RDBCheckpointManager.java:createCheckpoint(87)) - Created checkpoint in rocksDB at /home/runner/work/ozone/ozone/hadoop-ozone/integration-test/target/test-dir/MiniOzoneClusterImpl-e7911277-7775-4457-96c8-94071a26a1ce/om/data/db.snapshots/checkpointState/om.db-740d446b-b60c-4635-b3a6-c2d5631b009b in 51 milliseconds
2025-10-16 19:48:58,453 | INFO  | OMAudit | user=runner | ip=127.0.0.1 | op=COMMIT_KEY {"volume":"vol-a-28403","bucket":"buc-b-53888","key":"key-b-6-81692","dataSize":"10240","replicationType":"RATIS","replicationFactor":"ONE","Transaction":"1007"} | ret=SUCCESS |  
2025-10-16 19:48:58,456 | INFO  | OMAudit | user=runner | ip=127.0.0.1 | op=READ_BUCKET {"volume":"vol-b-66607","bucket":"buc-a-09548"} | ret=SUCCESS |  
2025-10-16 19:48:58,457 | INFO  | SCMAudit | user=runner | ip=127.0.0.1 | op=ALLOCATE_BLOCK {"replication":"RATIS/ONE","owner":"omServiceIdDefault","size":"4194304","sampleBlocks":"[conID: 8 locID: 115816896921600282]","num":"1","client":"","allocated":"1"} | ret=SUCCESS |  
2025-10-16 19:48:58,459 | INFO  | OMAudit | user=runner | ip=127.0.0.1 | op=ALLOCATE_KEY {"volume":"vol-b-66607","bucket":"buc-a-09548","key":"key-b-6-21202","dataSize":"10240","replicationType":"RATIS","replicationFactor":"ONE","Transaction":"1008"} | ret=SUCCESS |  
2025-10-16 19:48:58,470 | INFO  | OMAudit | user=runner | ip=127.0.0.1 | op=COMMIT_KEY {"volume":"vol-b-66607","bucket":"buc-a-09548","key":"key-b-6-21202","dataSize":"10240","replicationType":"RATIS","replicationFactor":"ONE","Transaction":"1009"} | ret=SUCCESS |  
2025-10-16 19:48:58,471 | INFO  | OMAudit | user=runner | ip=127.0.0.1 | op=READ_BUCKET {"volume":"vol-b-66607","bucket":"buc-b-53888"} | ret=SUCCESS |  
2025-10-16 19:48:58,472 | INFO  | SCMAudit | user=runner | ip=127.0.0.1 | op=ALLOCATE_BLOCK {"replication":"RATIS/ONE","owner":"omServiceIdDefault","size":"4194304","sampleBlocks":"[conID: 10 locID: 115816896921600283]","num":"1","client":"","allocated":"1"} | ret=SUCCESS |  
2025-10-16 19:48:58,475 | INFO  | OMAudit | user=runner | ip=127.0.0.1 | op=ALLOCATE_KEY {"volume":"vol-b-66607","bucket":"buc-b-53888","key":"key-b-6-03691","dataSize":"10240","replicationType":"RATIS","replicationFactor":"ONE","Transaction":"1010"} | ret=SUCCESS |  
2025-10-16 19:48:58,480 [om1-OMDoubleBufferFlushThread] INFO  om.OmSnapshotManager (OmSnapshotManager.java:createOmSnapshotCheckpoint(545)) - Created checkpoint: /home/runner/work/ozone/ozone/hadoop-ozone/integration-test/target/test-dir/MiniOzoneClusterImpl-e7911277-7775-4457-96c8-94071a26a1ce/om/data/db.snapshots/checkpointState/om.db-740d446b-b60c-4635-b3a6-c2d5631b009b for snapshot /vol-b-17770/bucket-a-9-23873/s20251016-194857.071
2025-10-16 19:48:58,485 | INFO  | OMAudit | user=runner | ip=127.0.0.1 | op=COMMIT_KEY {"volume":"vol-b-66607","bucket":"buc-b-53888","key":"key-b-6-03691","dataSize":"10240","replicationType":"RATIS","replicationFactor":"ONE","Transaction":"1011"} | ret=SUCCESS |  
2025-10-16 19:48:58,487 | INFO  | OMAudit | user=runner | ip=127.0.0.1 | op=READ_BUCKET {"volume":"vol-a-28403","bucket":"buc-a-09548"} | ret=SUCCESS |  
2025-10-16 19:48:58,488 | INFO  | SCMAudit | user=runner | ip=127.0.0.1 | op=ALLOCATE_BLOCK {"replication":"RATIS/ONE","owner":"omServiceIdDefault","size":"4194304","sampleBlocks":"[conID: 2 locID: 115816896921600284]","num":"1","client":"","allocated":"1"} | ret=SUCCESS |  
2025-10-16 19:48:58,491 | INFO  | OMAudit | user=runner | ip=127.0.0.1 | op=ALLOCATE_KEY {"volume":"vol-a-28403","bucket":"buc-a-09548","key":"key-b-7-35312","dataSize":"10240","replicationType":"RATIS","replicationFactor":"ONE","Transaction":"1012"} | ret=SUCCESS |  
2025-10-16 19:48:58,504 | INFO  | OMAudit | user=runner | ip=127.0.0.1 | op=COMMIT_KEY {"volume":"vol-a-28403","bucket":"buc-a-09548","key":"key-b-7-35312","dataSize":"10240","replicationType":"RATIS","replicationFactor":"ONE","Transaction":"1013"} | ret=SUCCESS |  
2025-10-16 19:48:58,506 | INFO  | OMAudit | user=runner | ip=127.0.0.1 | op=READ_BUCKET {"volume":"vol-a-28403","bucket":"buc-b-53888"} | ret=SUCCESS |  
2025-10-16 19:48:58,507 | INFO  | SCMAudit | user=runner | ip=127.0.0.1 | op=ALLOCATE_BLOCK {"replication":"RATIS/ONE","owner":"omServiceIdDefault","size":"4194304","sampleBlocks":"[conID: 11 locID: 115816896921600285]","num":"1","client":"","allocated":"1"} | ret=SUCCESS |  
2025-10-16 19:48:58,509 | INFO  | OMAudit | user=runner | ip=127.0.0.1 | op=ALLOCATE_KEY {"volume":"vol-a-28403","bucket":"buc-b-53888","key":"key-b-7-96376","dataSize":"10240","replicationType":"RATIS","replicationFactor":"ONE","Transaction":"1014"} | ret=SUCCESS |  
2025-10-16 19:48:58,517 | INFO  | OMAudit | user=runner | ip=127.0.0.1 | op=COMMIT_KEY {"volume":"vol-a-28403","bucket":"buc-b-53888","key":"key-b-7-96376","dataSize":"10240","replicationType":"RATIS","replicationFactor":"ONE","Transaction":"1015"} | ret=SUCCESS |  
2025-10-16 19:48:58,518 | INFO  | OMAudit | user=runner | ip=127.0.0.1 | op=READ_BUCKET {"volume":"vol-b-66607","bucket":"buc-a-09548"} | ret=SUCCESS |  
2025-10-16 19:48:58,519 | INFO  | SCMAudit | user=runner | ip=127.0.0.1 | op=ALLOCATE_BLOCK {"replication":"RATIS/ONE","owner":"omServiceIdDefault","size":"4194304","sampleBlocks":"[conID: 7 locID: 115816896921600286]","num":"1","client":"","allocated":"1"} | ret=SUCCESS |  
2025-10-16 19:48:58,520 [om1-OMDoubleBufferFlushThread] INFO  db.RDBCheckpointManager (RDBCheckpointManager.java:createCheckpoint(87)) - Created checkpoint in rocksDB at /home/runner/work/ozone/ozone/hadoop-ozone/integration-test/target/test-dir/MiniOzoneClusterImpl-e7911277-7775-4457-96c8-94071a26a1ce/om/data/db.snapshots/checkpointState/om.db-b93c3c1d-66dc-4091-9edc-58c1f320893c in 38 milliseconds
2025-10-16 19:48:58,521 | INFO  | OMAudit | user=runner | ip=127.0.0.1 | op=ALLOCATE_KEY {"volume":"vol-b-66607","bucket":"buc-a-09548","key":"key-b-7-28753","dataSize":"10240","replicationType":"RATIS","replicationFactor":"ONE","Transaction":"1016"} | ret=SUCCESS |  
2025-10-16 19:48:58,529 | INFO  | OMAudit | user=runner | ip=127.0.0.1 | op=COMMIT_KEY {"volume":"vol-b-66607","bucket":"buc-a-09548","key":"key-b-7-28753","dataSize":"10240","replicationType":"RATIS","replicationFactor":"ONE","Transaction":"1017"} | ret=SUCCESS |  
2025-10-16 19:48:58,530 | INFO  | OMAudit | user=runner | ip=127.0.0.1 | op=READ_BUCKET {"volume":"vol-b-66607","bucket":"buc-b-53888"} | ret=SUCCESS |  
2025-10-16 19:48:58,531 | INFO  | SCMAudit | user=runner | ip=127.0.0.1 | op=ALLOCATE_BLOCK {"replication":"RATIS/ONE","owner":"omServiceIdDefault","size":"4194304","sampleBlocks":"[conID: 10 locID: 115816896921600287]","num":"1","client":"","allocated":"1"} | ret=SUCCESS |  
2025-10-16 19:48:58,534 | INFO  | OMAudit | user=runner | ip=127.0.0.1 | op=ALLOCATE_KEY {"volume":"vol-b-66607","bucket":"buc-b-53888","key":"key-b-7-51583","dataSize":"10240","replicationType":"RATIS","replicationFactor":"ONE","Transaction":"1018"} | ret=SUCCESS |  
2025-10-16 19:48:58,540 [om1-OMDoubleBufferFlushThread] INFO  om.OmSnapshotManager (OmSnapshotManager.java:createOmSnapshotCheckpoint(545)) - Created checkpoint: /home/runner/work/ozone/ozone/hadoop-ozone/integration-test/target/test-dir/MiniOzoneClusterImpl-e7911277-7775-4457-96c8-94071a26a1ce/om/data/db.snapshots/checkpointState/om.db-b93c3c1d-66dc-4091-9edc-58c1f320893c for snapshot /vol-a-52140/bucket-b-0-73958/s20251016-194857.075
2025-10-16 19:48:58,542 | INFO  | OMAudit | user=runner | ip=127.0.0.1 | op=COMMIT_KEY {"volume":"vol-b-66607","bucket":"buc-b-53888","key":"key-b-7-51583","dataSize":"10240","replicationType":"RATIS","replicationFactor":"ONE","Transaction":"1019"} | ret=SUCCESS |  
2025-10-16 19:48:58,544 | INFO  | OMAudit | user=runner | ip=127.0.0.1 | op=READ_BUCKET {"volume":"vol-a-28403","bucket":"buc-a-09548"} | ret=SUCCESS |  
2025-10-16 19:48:58,545 | INFO  | SCMAudit | user=runner | ip=127.0.0.1 | op=ALLOCATE_BLOCK {"replication":"RATIS/ONE","owner":"omServiceIdDefault","size":"4194304","sampleBlocks":"[conID: 6 locID: 115816896921600288]","num":"1","client":"","allocated":"1"} | ret=SUCCESS |  
2025-10-16 19:48:58,547 | INFO  | OMAudit | user=runner | ip=127.0.0.1 | op=ALLOCATE_KEY {"volume":"vol-a-28403","bucket":"buc-a-09548","key":"key-b-8-53505","dataSize":"10240","replicationType":"RATIS","replicationFactor":"ONE","Transaction":"1020"} | ret=SUCCESS |  
2025-10-16 19:48:58,555 | INFO  | OMAudit | user=runner | ip=127.0.0.1 | op=COMMIT_KEY {"volume":"vol-a-28403","bucket":"buc-a-09548","key":"key-b-8-53505","dataSize":"10240","replicationType":"RATIS","replicationFactor":"ONE","Transaction":"1021"} | ret=SUCCESS |  
2025-10-16 19:48:58,557 | INFO  | OMAudit | user=runner | ip=127.0.0.1 | op=READ_BUCKET {"volume":"vol-a-28403","bucket":"buc-b-53888"} | ret=SUCCESS |  
2025-10-16 19:48:58,558 | INFO  | SCMAudit | user=runner | ip=127.0.0.1 | op=ALLOCATE_BLOCK {"replication":"RATIS/ONE","owner":"omServiceIdDefault","size":"4194304","sampleBlocks":"[conID: 2 locID: 115816896921600289]","num":"1","client":"","allocated":"1"} | ret=SUCCESS |  
2025-10-16 19:48:58,560 | INFO  | OMAudit | user=runner | ip=127.0.0.1 | op=ALLOCATE_KEY {"volume":"vol-a-28403","bucket":"buc-b-53888","key":"key-b-8-76589","dataSize":"10240","replicationType":"RATIS","replicationFactor":"ONE","Transaction":"1022"} | ret=SUCCESS |  
2025-10-16 19:48:58,566 | INFO  | OMAudit | user=runner | ip=127.0.0.1 | op=COMMIT_KEY {"volume":"vol-a-28403","bucket":"buc-b-53888","key":"key-b-8-76589","dataSize":"10240","replicationType":"RATIS","replicationFactor":"ONE","Transaction":"1023"} | ret=SUCCESS |  
2025-10-16 19:48:58,567 | INFO  | OMAudit | user=runner | ip=127.0.0.1 | op=READ_BUCKET {"volume":"vol-b-66607","bucket":"buc-a-09548"} | ret=SUCCESS |  
2025-10-16 19:48:58,568 | INFO  | SCMAudit | user=runner | ip=127.0.0.1 | op=ALLOCATE_BLOCK {"replication":"RATIS/ONE","owner":"omServiceIdDefault","size":"4194304","sampleBlocks":"[conID: 11 locID: 115816896921600290]","num":"1","client":"","allocated":"1"} | ret=SUCCESS |  
2025-10-16 19:48:58,570 | INFO  | OMAudit | user=runner | ip=127.0.0.1 | op=ALLOCATE_KEY {"volume":"vol-b-66607","bucket":"buc-a-09548","key":"key-b-8-56390","dataSize":"10240","replicationType":"RATIS","replicationFactor":"ONE","Transaction":"1024"} | ret=SUCCESS |  
2025-10-16 19:48:58,579 | INFO  | OMAudit | user=runner | ip=127.0.0.1 | op=COMMIT_KEY {"volume":"vol-b-66607","bucket":"buc-a-09548","key":"key-b-8-56390","dataSize":"10240","replicationType":"RATIS","replicationFactor":"ONE","Transaction":"1025"} | ret=SUCCESS |  
2025-10-16 19:48:58,579 [om1-OMDoubleBufferFlushThread] INFO  db.RDBCheckpointManager (RDBCheckpointManager.java:createCheckpoint(87)) - Created checkpoint in rocksDB at /home/runner/work/ozone/ozone/hadoop-ozone/integration-test/target/test-dir/MiniOzoneClusterImpl-e7911277-7775-4457-96c8-94071a26a1ce/om/data/db.snapshots/checkpointState/om.db-fa3967e5-bc54-466c-925d-2a1ca527b7ae in 36 milliseconds
2025-10-16 19:48:58,580 | INFO  | OMAudit | user=runner | ip=127.0.0.1 | op=READ_BUCKET {"volume":"vol-b-66607","bucket":"buc-b-53888"} | ret=SUCCESS |  
2025-10-16 19:48:58,581 | INFO  | SCMAudit | user=runner | ip=127.0.0.1 | op=ALLOCATE_BLOCK {"replication":"RATIS/ONE","owner":"omServiceIdDefault","size":"4194304","sampleBlocks":"[conID: 1 locID: 115816896921600291]","num":"1","client":"","allocated":"1"} | ret=SUCCESS |  
2025-10-16 19:48:58,583 | INFO  | OMAudit | user=runner | ip=127.0.0.1 | op=ALLOCATE_KEY {"volume":"vol-b-66607","bucket":"buc-b-53888","key":"key-b-8-57896","dataSize":"10240","replicationType":"RATIS","replicationFactor":"ONE","Transaction":"1026"} | ret=SUCCESS |  
2025-10-16 19:48:58,591 | INFO  | OMAudit | user=runner | ip=127.0.0.1 | op=COMMIT_KEY {"volume":"vol-b-66607","bucket":"buc-b-53888","key":"key-b-8-57896","dataSize":"10240","replicationType":"RATIS","replicationFactor":"ONE","Transaction":"1027"} | ret=SUCCESS |  
2025-10-16 19:48:58,593 | INFO  | OMAudit | user=runner | ip=127.0.0.1 | op=READ_BUCKET {"volume":"vol-a-28403","bucket":"buc-a-09548"} | ret=SUCCESS |  
2025-10-16 19:48:58,594 | INFO  | SCMAudit | user=runner | ip=127.0.0.1 | op=ALLOCATE_BLOCK {"replication":"RATIS/ONE","owner":"omServiceIdDefault","size":"4194304","sampleBlocks":"[conID: 12 locID: 115816896921600292]","num":"1","client":"","allocated":"1"} | ret=SUCCESS |  
2025-10-16 19:48:58,597 | INFO  | OMAudit | user=runner | ip=127.0.0.1 | op=ALLOCATE_KEY {"volume":"vol-a-28403","bucket":"buc-a-09548","key":"key-b-9-45248","dataSize":"10240","replicationType":"RATIS","replicationFactor":"ONE","Transaction":"1028"} | ret=SUCCESS |  
2025-10-16 19:48:58,603 [om1-OMDoubleBufferFlushThread] INFO  om.OmSnapshotManager (OmSnapshotManager.java:createOmSnapshotCheckpoint(545)) - Created checkpoint: /home/runner/work/ozone/ozone/hadoop-ozone/integration-test/target/test-dir/MiniOzoneClusterImpl-e7911277-7775-4457-96c8-94071a26a1ce/om/data/db.snapshots/checkpointState/om.db-fa3967e5-bc54-466c-925d-2a1ca527b7ae for snapshot /vol-a-52140/bucket-b-1-08846/s20251016-194857.081
2025-10-16 19:48:58,605 | INFO  | OMAudit | user=runner | ip=127.0.0.1 | op=COMMIT_KEY {"volume":"vol-a-28403","bucket":"buc-a-09548","key":"key-b-9-45248","dataSize":"10240","replicationType":"RATIS","replicationFactor":"ONE","Transaction":"1029"} | ret=SUCCESS |  
2025-10-16 19:48:58,606 | INFO  | OMAudit | user=runner | ip=127.0.0.1 | op=READ_BUCKET {"volume":"vol-a-28403","bucket":"buc-b-53888"} | ret=SUCCESS |  
2025-10-16 19:48:58,607 | INFO  | SCMAudit | user=runner | ip=127.0.0.1 | op=ALLOCATE_BLOCK {"replication":"RATIS/ONE","owner":"omServiceIdDefault","size":"4194304","sampleBlocks":"[conID: 8 locID: 115816896921600293]","num":"1","client":"","allocated":"1"} | ret=SUCCESS |  
2025-10-16 19:48:58,610 | INFO  | OMAudit | user=runner | ip=127.0.0.1 | op=ALLOCATE_KEY {"volume":"vol-a-28403","bucket":"buc-b-53888","key":"key-b-9-82468","dataSize":"10240","replicationType":"RATIS","replicationFactor":"ONE","Transaction":"1030"} | ret=SUCCESS |  
2025-10-16 19:48:58,622 | INFO  | OMAudit | user=runner | ip=127.0.0.1 | op=COMMIT_KEY {"volume":"vol-a-28403","bucket":"buc-b-53888","key":"key-b-9-82468","dataSize":"10240","replicationType":"RATIS","replicationFactor":"ONE","Transaction":"1031"} | ret=SUCCESS |  
2025-10-16 19:48:58,625 | INFO  | OMAudit | user=runner | ip=127.0.0.1 | op=READ_BUCKET {"volume":"vol-b-66607","bucket":"buc-a-09548"} | ret=SUCCESS |  
2025-10-16 19:48:58,627 | INFO  | SCMAudit | user=runner | ip=127.0.0.1 | op=ALLOCATE_BLOCK {"replication":"RATIS/ONE","owner":"omServiceIdDefault","size":"4194304","sampleBlocks":"[conID: 5 locID: 115816896921600294]","num":"1","client":"","allocated":"1"} | ret=SUCCESS |  
2025-10-16 19:48:58,629 | INFO  | OMAudit | user=runner | ip=127.0.0.1 | op=ALLOCATE_KEY {"volume":"vol-b-66607","bucket":"buc-a-09548","key":"key-b-9-04746","dataSize":"10240","replicationType":"RATIS","replicationFactor":"ONE","Transaction":"1032"} | ret=SUCCESS |  
2025-10-16 19:48:58,639 | INFO  | SCMAudit | user=runner | ip=127.0.0.1 | op=SEND_HEARTBEAT {"datanodeUUID":"0e8b6cc7-9945-4141-97fc-6aa017a0d5fa","term":"2","command":"[]"} | ret=SUCCESS |  
2025-10-16 19:48:58,639 | INFO  | OMAudit | user=runner | ip=127.0.0.1 | op=COMMIT_KEY {"volume":"vol-b-66607","bucket":"buc-a-09548","key":"key-b-9-04746","dataSize":"10240","replicationType":"RATIS","replicationFactor":"ONE","Transaction":"1033"} | ret=SUCCESS |  
2025-10-16 19:48:58,641 | INFO  | OMAudit | user=runner | ip=127.0.0.1 | op=READ_BUCKET {"volume":"vol-b-66607","bucket":"buc-b-53888"} | ret=SUCCESS |  
2025-10-16 19:48:58,642 | INFO  | SCMAudit | user=runner | ip=127.0.0.1 | op=ALLOCATE_BLOCK {"replication":"RATIS/ONE","owner":"omServiceIdDefault","size":"4194304","sampleBlocks":"[conID: 6 locID: 115816896921600295]","num":"1","client":"","allocated":"1"} | ret=SUCCESS |  
2025-10-16 19:48:58,645 | INFO  | OMAudit | user=runner | ip=127.0.0.1 | op=ALLOCATE_KEY {"volume":"vol-b-66607","bucket":"buc-b-53888","key":"key-b-9-92355","dataSize":"10240","replicationType":"RATIS","replicationFactor":"ONE","Transaction":"1034"} | ret=SUCCESS |  
2025-10-16 19:48:58,652 [om1-OMDoubleBufferFlushThread] INFO  db.RDBCheckpointManager (RDBCheckpointManager.java:createCheckpoint(87)) - Created checkpoint in rocksDB at /home/runner/work/ozone/ozone/hadoop-ozone/integration-test/target/test-dir/MiniOzoneClusterImpl-e7911277-7775-4457-96c8-94071a26a1ce/om/data/db.snapshots/checkpointState/om.db-d3960dbb-2975-4341-b25b-848f981f12c8 in 47 milliseconds
2025-10-16 19:48:58,653 | INFO  | OMAudit | user=runner | ip=127.0.0.1 | op=COMMIT_KEY {"volume":"vol-b-66607","bucket":"buc-b-53888","key":"key-b-9-92355","dataSize":"10240","replicationType":"RATIS","replicationFactor":"ONE","Transaction":"1035"} | ret=SUCCESS |  
2025-10-16 19:48:58,665 | INFO  | OMAudit | user=runner | ip=127.0.0.1 | op=LIST_STATUS {"volume":"vol-a-28403","bucket":"buc-a-09548","key":"key-","owner":null,"dataSize":"0","replicationConfig":null} | ret=SUCCESS |  
2025-10-16 19:48:58,671 | ERROR | OMAudit | user=runner | ip=127.0.0.1 | op=GET_FILE_STATUS {"volume":"vol-a-28403","bucket":"buc-a-09548","key":"key-","owner":null,"dataSize":"0","replicationConfig":null} | ret=FAILURE | 
org.apache.hadoop.ozone.om.exceptions.OMException: Unable to get file status: volume: vol-a-28403 bucket: buc-a-09548 key: key-
	at org.apache.hadoop.ozone.om.KeyManagerImpl.getOzoneFileStatusFSO(KeyManagerImpl.java:1696)
	at org.apache.hadoop.ozone.om.KeyManagerImpl.getFileStatus(KeyManagerImpl.java:1481)
 
2025-10-16 19:48:58,672 [om1-OMDoubleBufferFlushThread] INFO  om.OmSnapshotManager (OmSnapshotManager.java:createOmSnapshotCheckpoint(545)) - Created checkpoint: /home/runner/work/ozone/ozone/hadoop-ozone/integration-test/target/test-dir/MiniOzoneClusterImpl-e7911277-7775-4457-96c8-94071a26a1ce/om/data/db.snapshots/checkpointState/om.db-d3960dbb-2975-4341-b25b-848f981f12c8 for snapshot /vol-a-52140/bucket-b-2-35212/s20251016-194857.094
2025-10-16 19:48:58,675 | INFO  | OMAudit | user=runner | ip=127.0.0.1 | op=LIST_STATUS {"volume":"vol-a-28403","bucket":"buc-a-09548","key":"key-","owner":null,"dataSize":"0","replicationConfig":null} | ret=SUCCESS |  
2025-10-16 19:48:58,678 | INFO  | OMAudit | user=runner | ip=127.0.0.1 | op=LIST_STATUS {"volume":"vol-a-28403","bucket":"buc-b-53888","key":"key-","owner":null,"dataSize":"0","replicationConfig":null} | ret=SUCCESS |  
2025-10-16 19:48:58,682 | ERROR | OMAudit | user=runner | ip=127.0.0.1 | op=GET_FILE_STATUS {"volume":"vol-a-28403","bucket":"buc-b-53888","key":"key-","owner":null,"dataSize":"0","replicationConfig":null} | ret=FAILURE | 
org.apache.hadoop.ozone.om.exceptions.OMException: Unable to get file status: volume: vol-a-28403 bucket: buc-b-53888 key: key-
	at org.apache.hadoop.ozone.om.KeyManagerImpl.getOzoneFileStatusFSO(KeyManagerImpl.java:1696)
	at org.apache.hadoop.ozone.om.KeyManagerImpl.getFileStatus(KeyManagerImpl.java:1481)
 
2025-10-16 19:48:58,686 | INFO  | OMAudit | user=runner | ip=127.0.0.1 | op=LIST_STATUS {"volume":"vol-a-28403","bucket":"buc-b-53888","key":"key-","owner":null,"dataSize":"0","replicationConfig":null} | ret=SUCCESS |  
2025-10-16 19:48:58,691 | INFO  | OMAudit | user=runner | ip=127.0.0.1 | op=LIST_STATUS {"volume":"vol-b-66607","bucket":"buc-a-09548","key":"key-","owner":null,"dataSize":"0","replicationConfig":null} | ret=SUCCESS |  
2025-10-16 19:48:58,694 | ERROR | OMAudit | user=runner | ip=127.0.0.1 | op=GET_FILE_STATUS {"volume":"vol-b-66607","bucket":"buc-a-09548","key":"key-","owner":null,"dataSize":"0","replicationConfig":null} | ret=FAILURE | 
org.apache.hadoop.ozone.om.exceptions.OMException: Unable to get file status: volume: vol-b-66607 bucket: buc-a-09548 key: key-
	at org.apache.hadoop.ozone.om.KeyManagerImpl.getOzoneFileStatusFSO(KeyManagerImpl.java:1696)
	at org.apache.hadoop.ozone.om.KeyManagerImpl.getFileStatus(KeyManagerImpl.java:1481)
 
2025-10-16 19:48:58,697 | INFO  | OMAudit | user=runner | ip=127.0.0.1 | op=LIST_STATUS {"volume":"vol-b-66607","bucket":"buc-a-09548","key":"key-","owner":null,"dataSize":"0","replicationConfig":null} | ret=SUCCESS |  
2025-10-16 19:48:58,702 | INFO  | OMAudit | user=runner | ip=127.0.0.1 | op=LIST_STATUS {"volume":"vol-b-66607","bucket":"buc-b-53888","key":"key-","owner":null,"dataSize":"0","replicationConfig":null} | ret=SUCCESS |  
2025-10-16 19:48:58,705 | ERROR | OMAudit | user=runner | ip=127.0.0.1 | op=GET_FILE_STATUS {"volume":"vol-b-66607","bucket":"buc-b-53888","key":"key-","owner":null,"dataSize":"0","replicationConfig":null} | ret=FAILURE | 
org.apache.hadoop.ozone.om.exceptions.OMException: Unable to get file status: volume: vol-b-66607 bucket: buc-b-53888 key: key-
	at org.apache.hadoop.ozone.om.KeyManagerImpl.getOzoneFileStatusFSO(KeyManagerImpl.java:1696)
	at org.apache.hadoop.ozone.om.KeyManagerImpl.getFileStatus(KeyManagerImpl.java:1481)
 
2025-10-16 19:48:58,711 | INFO  | OMAudit | user=runner | ip=127.0.0.1 | op=LIST_STATUS {"volume":"vol-b-66607","bucket":"buc-b-53888","key":"key-","owner":null,"dataSize":"0","replicationConfig":null} | ret=SUCCESS |  
2025-10-16 19:48:58,717 | INFO  | OMAudit | user=runner | ip=127.0.0.1 | op=LIST_STATUS {"volume":"vol-a-28403","bucket":"buc-a-09548","key":"key-a-","owner":null,"dataSize":"0","replicationConfig":null} | ret=SUCCESS |  
2025-10-16 19:48:58,720 | INFO  | SCMAudit | user=runner | ip=127.0.0.1 | op=SEND_HEARTBEAT {"datanodeUUID":"757ca056-973f-4f05-ab2d-6aff6c54d452","term":"2","command":"[]"} | ret=SUCCESS |  
2025-10-16 19:48:58,720 | ERROR | OMAudit | user=runner | ip=127.0.0.1 | op=GET_FILE_STATUS {"volume":"vol-a-28403","bucket":"buc-a-09548","key":"key-a-","owner":null,"dataSize":"0","replicationConfig":null} | ret=FAILURE | 
org.apache.hadoop.ozone.om.exceptions.OMException: Unable to get file status: volume: vol-a-28403 bucket: buc-a-09548 key: key-a-
	at org.apache.hadoop.ozone.om.KeyManagerImpl.getOzoneFileStatusFSO(KeyManagerImpl.java:1696)
	at org.apache.hadoop.ozone.om.KeyManagerImpl.getFileStatus(KeyManagerImpl.java:1481)
 
2025-10-16 19:48:58,724 | INFO  | OMAudit | user=runner | ip=127.0.0.1 | op=LIST_STATUS {"volume":"vol-a-28403","bucket":"buc-a-09548","key":"key-a-","owner":null,"dataSize":"0","replicationConfig":null} | ret=SUCCESS |  
2025-10-16 19:48:58,725 [om1-OMDoubleBufferFlushThread] INFO  db.RDBCheckpointManager (RDBCheckpointManager.java:createCheckpoint(87)) - Created checkpoint in rocksDB at /home/runner/work/ozone/ozone/hadoop-ozone/integration-test/target/test-dir/MiniOzoneClusterImpl-e7911277-7775-4457-96c8-94071a26a1ce/om/data/db.snapshots/checkpointState/om.db-1291d1e0-3545-4c6a-8d97-05a743da6173 in 51 milliseconds
2025-10-16 19:48:58,727 | INFO  | OMAudit | user=runner | ip=127.0.0.1 | op=LIST_STATUS {"volume":"vol-a-28403","bucket":"buc-a-09548","key":"key-b-","owner":null,"dataSize":"0","replicationConfig":null} | ret=SUCCESS |  
2025-10-16 19:48:58,730 | ERROR | OMAudit | user=runner | ip=127.0.0.1 | op=GET_FILE_STATUS {"volume":"vol-a-28403","bucket":"buc-a-09548","key":"key-b-","owner":null,"dataSize":"0","replicationConfig":null} | ret=FAILURE | 
org.apache.hadoop.ozone.om.exceptions.OMException: Unable to get file status: volume: vol-a-28403 bucket: buc-a-09548 key: key-b-
	at org.apache.hadoop.ozone.om.KeyManagerImpl.getOzoneFileStatusFSO(KeyManagerImpl.java:1696)
	at org.apache.hadoop.ozone.om.KeyManagerImpl.getFileStatus(KeyManagerImpl.java:1481)
 
2025-10-16 19:48:58,734 | INFO  | OMAudit | user=runner | ip=127.0.0.1 | op=LIST_STATUS {"volume":"vol-a-28403","bucket":"buc-b-53888","key":"key-","owner":null,"dataSize":"0","replicationConfig":null} | ret=SUCCESS |  
2025-10-16 19:48:58,736 | INFO  | SCMAudit | user=runner | ip=127.0.0.1 | op=SEND_HEARTBEAT {"datanodeUUID":"702cb173-5c73-4ecc-b5cd-c7b4a6b66aea","term":"2","command":"[]"} | ret=SUCCESS |  
]]></system-out>
  </testcase>
  <testcase name="testListKeyOnEmptyBucket" classname="org.apache.hadoop.ozone.client.rpc.TestSecureOzoneRpcClient" time="0.013">
    <system-out><![CDATA[2025-10-16 19:48:58,740 [ForkJoinPool-1-worker-1] INFO  rpc.RpcClient (RpcClient.java:createVolume(461)) - Creating Volume: vol-10502, with runner as owner and space quota set to -1 bytes, counts quota set to -1
2025-10-16 19:48:58,743 [om1-OMStateMachineApplyTransactionThread - 0] INFO  volume.OMVolumeCreateRequest (OMVolumeCreateRequest.java:validateAndUpdateCache(213)) - created volume:vol-10502 for user:runner
2025-10-16 19:48:58,743 | INFO  | OMAudit | user=runner | ip=127.0.0.1 | op=CREATE_VOLUME {"admin":"runner","owner":"runner","volume":"vol-10502","creationTime":"1760644138742","modificationTime":"1760644138742","quotaInBytes":"-1","quotaInNamespace":"-1","usedNamespace":"0","objectID":"-9223372036854510592","updateID":"1036","Transaction":"1036"} | ret=SUCCESS |  
2025-10-16 19:48:58,744 | INFO  | OMAudit | user=runner | ip=127.0.0.1 | op=READ_VOLUME {"volume":"vol-10502"} | ret=SUCCESS |  
2025-10-16 19:48:58,745 [ForkJoinPool-1-worker-1] INFO  rpc.RpcClient (RpcClient.java:createBucket(686)) - Creating Bucket: vol-10502/buc-98827, with server-side default bucket layout, runner as owner, Versioning false, Storage Type set to DISK and Encryption set to false, Replication Type set to server-side default replication type, Namespace Quota set to -1, Space Quota set to -1 
2025-10-16 19:48:58,746 [om1-OMDoubleBufferFlushThread] INFO  om.OmSnapshotManager (OmSnapshotManager.java:createOmSnapshotCheckpoint(545)) - Created checkpoint: /home/runner/work/ozone/ozone/hadoop-ozone/integration-test/target/test-dir/MiniOzoneClusterImpl-e7911277-7775-4457-96c8-94071a26a1ce/om/data/db.snapshots/checkpointState/om.db-1291d1e0-3545-4c6a-8d97-05a743da6173 for snapshot /vol-a-52140/bucket-b-3-89952/s20251016-194857.106
2025-10-16 19:48:58,747 [om1-OMStateMachineApplyTransactionThread - 0] INFO  bucket.OMBucketCreateRequest (OMBucketCreateRequest.java:validateAndUpdateCache(303)) - created bucket: buc-98827 of layout FILE_SYSTEM_OPTIMIZED in volume: vol-10502
2025-10-16 19:48:58,747 | INFO  | OMAudit | user=runner | ip=127.0.0.1 | op=CREATE_BUCKET {"volume":"vol-10502","bucket":"buc-98827","bucketLayout":"FILE_SYSTEM_OPTIMIZED","gdprEnabled":null,"acls":"[user:runner:a[ACCESS], group:runner:rl[ACCESS]]","isVersionEnabled":"false","storageType":"DISK","creationTime":"1760644138746","bucketEncryptionKey":null,"modificationTime":"1760644138746","usedBytes":"0","usedNamespace":"0","snapshotUsedBytes":"0","snapshotUsedNamespace":"0","owner":"runner","replicationType":null,"replicationConfig":null,"quotaInBytes":"-1","quotaInNamespace":"-1","Transaction":"1037"} | ret=SUCCESS |  
2025-10-16 19:48:58,748 | INFO  | OMAudit | user=runner | ip=127.0.0.1 | op=READ_BUCKET {"volume":"vol-10502","bucket":"buc-98827"} | ret=SUCCESS |  
2025-10-16 19:48:58,751 | INFO  | OMAudit | user=runner | ip=127.0.0.1 | op=LIST_STATUS {"volume":"vol-10502","bucket":"buc-98827","key":"","owner":null,"dataSize":"0","replicationConfig":null} | ret=SUCCESS |  
]]></system-out>
  </testcase>
  <testcase name="testListMultipartUploadParts(ReplicationConfig)[1]" classname="org.apache.hadoop.ozone.client.rpc.TestSecureOzoneRpcClient" time="0.226">
    <system-out><![CDATA[2025-10-16 19:48:58,756 [ForkJoinPool-1-worker-1] INFO  rpc.RpcClient (RpcClient.java:createVolume(461)) - Creating Volume: 779b4f58-238d-4410-96d6-76829dd98d37, with runner as owner and space quota set to -1 bytes, counts quota set to -1
2025-10-16 19:48:58,760 [om1-OMStateMachineApplyTransactionThread - 0] INFO  volume.OMVolumeCreateRequest (OMVolumeCreateRequest.java:validateAndUpdateCache(213)) - created volume:779b4f58-238d-4410-96d6-76829dd98d37 for user:runner
2025-10-16 19:48:58,760 | INFO  | OMAudit | user=runner | ip=127.0.0.1 | op=CREATE_VOLUME {"admin":"runner","owner":"runner","volume":"779b4f58-238d-4410-96d6-76829dd98d37","creationTime":"1760644138758","modificationTime":"1760644138758","quotaInBytes":"-1","quotaInNamespace":"-1","usedNamespace":"0","objectID":"-9223372036854510080","updateID":"1038","Transaction":"1038"} | ret=SUCCESS |  
2025-10-16 19:48:58,761 | INFO  | OMAudit | user=runner | ip=127.0.0.1 | op=READ_VOLUME {"volume":"779b4f58-238d-4410-96d6-76829dd98d37"} | ret=SUCCESS |  
2025-10-16 19:48:58,762 [ForkJoinPool-1-worker-1] INFO  rpc.RpcClient (RpcClient.java:createBucket(686)) - Creating Bucket: 779b4f58-238d-4410-96d6-76829dd98d37/79079e3a-7f51-40f8-8c8a-5dcb23f07e42, with server-side default bucket layout, runner as owner, Versioning false, Storage Type set to DISK and Encryption set to false, Replication Type set to server-side default replication type, Namespace Quota set to -1, Space Quota set to -1 
2025-10-16 19:48:58,765 [om1-OMStateMachineApplyTransactionThread - 0] INFO  bucket.OMBucketCreateRequest (OMBucketCreateRequest.java:validateAndUpdateCache(303)) - created bucket: 79079e3a-7f51-40f8-8c8a-5dcb23f07e42 of layout FILE_SYSTEM_OPTIMIZED in volume: 779b4f58-238d-4410-96d6-76829dd98d37
2025-10-16 19:48:58,765 | INFO  | OMAudit | user=runner | ip=127.0.0.1 | op=CREATE_BUCKET {"volume":"779b4f58-238d-4410-96d6-76829dd98d37","bucket":"79079e3a-7f51-40f8-8c8a-5dcb23f07e42","bucketLayout":"FILE_SYSTEM_OPTIMIZED","gdprEnabled":null,"acls":"[user:runner:a[ACCESS], group:runner:rl[ACCESS]]","isVersionEnabled":"false","storageType":"DISK","creationTime":"1760644138763","bucketEncryptionKey":null,"modificationTime":"1760644138763","usedBytes":"0","usedNamespace":"0","snapshotUsedBytes":"0","snapshotUsedNamespace":"0","owner":"runner","replicationType":null,"replicationConfig":null,"quotaInBytes":"-1","quotaInNamespace":"-1","Transaction":"1039"} | ret=SUCCESS |  
2025-10-16 19:48:58,768 | INFO  | OMAudit | user=runner | ip=127.0.0.1 | op=READ_BUCKET {"volume":"779b4f58-238d-4410-96d6-76829dd98d37","bucket":"79079e3a-7f51-40f8-8c8a-5dcb23f07e42"} | ret=SUCCESS |  
2025-10-16 19:48:58,774 | INFO  | OMAudit | user=runner | ip=127.0.0.1 | op=INITIATE_MULTIPART_UPLOAD {"volume":"779b4f58-238d-4410-96d6-76829dd98d37","bucket":"79079e3a-7f51-40f8-8c8a-5dcb23f07e42","key":"1f284693-e7c8-41c4-8771-4df61d359496","dataSize":"0","replicationType":"RATIS","replicationFactor":"ONE","uploadID":"0199ee91-8713-75a3-b535-3f0f6f091c67-115385574278496526","Transaction":"1040"} | ret=SUCCESS |  
2025-10-16 19:48:58,780 | INFO  | OMAudit | user=runner | ip=127.0.0.1 | op=ALLOCATE_KEY {"volume":"779b4f58-238d-4410-96d6-76829dd98d37","bucket":"79079e3a-7f51-40f8-8c8a-5dcb23f07e42","key":"1f284693-e7c8-41c4-8771-4df61d359496","dataSize":"5242880","Transaction":"1041"} | ret=SUCCESS |  
2025-10-16 19:48:58,784 | INFO  | SCMAudit | user=runner | ip=127.0.0.1 | op=ALLOCATE_BLOCK {"replication":"RATIS/ONE","owner":"omServiceIdDefault","size":"4194304","sampleBlocks":"[conID: 12 locID: 115816896921600296]","num":"1","client":"","allocated":"1"} | ret=SUCCESS |  
2025-10-16 19:48:58,787 | INFO  | OMAudit | user=runner | ip=127.0.0.1 | op=ALLOCATE_BLOCK {"volume":"779b4f58-238d-4410-96d6-76829dd98d37","bucket":"79079e3a-7f51-40f8-8c8a-5dcb23f07e42","key":"1f284693-e7c8-41c4-8771-4df61d359496","dataSize":"5242880","replicationType":"RATIS","replicationFactor":"ONE","clientID":"115385574279020815","Transaction":"1042"} | ret=SUCCESS |  
2025-10-16 19:48:58,791 [om1-OMDoubleBufferFlushThread] INFO  db.RDBCheckpointManager (RDBCheckpointManager.java:createCheckpoint(87)) - Created checkpoint in rocksDB at /home/runner/work/ozone/ozone/hadoop-ozone/integration-test/target/test-dir/MiniOzoneClusterImpl-e7911277-7775-4457-96c8-94071a26a1ce/om/data/db.snapshots/checkpointState/om.db-286f0186-e1a2-40d1-a9dc-a6aee17fb2f1 in 43 milliseconds
2025-10-16 19:48:58,819 [om1-OMDoubleBufferFlushThread] INFO  om.OmSnapshotManager (OmSnapshotManager.java:createOmSnapshotCheckpoint(545)) - Created checkpoint: /home/runner/work/ozone/ozone/hadoop-ozone/integration-test/target/test-dir/MiniOzoneClusterImpl-e7911277-7775-4457-96c8-94071a26a1ce/om/data/db.snapshots/checkpointState/om.db-286f0186-e1a2-40d1-a9dc-a6aee17fb2f1 for snapshot /vol-a-52140/bucket-b-4-30225/s20251016-194857.119
2025-10-16 19:48:58,821 | INFO  | SCMAudit | user=runner | ip=127.0.0.1 | op=ALLOCATE_BLOCK {"replication":"RATIS/ONE","owner":"omServiceIdDefault","size":"4194304","sampleBlocks":"[conID: 6 locID: 115816896921600297]","num":"1","client":"","allocated":"1"} | ret=SUCCESS |  
2025-10-16 19:48:58,823 | INFO  | OMAudit | user=runner | ip=127.0.0.1 | op=ALLOCATE_BLOCK {"volume":"779b4f58-238d-4410-96d6-76829dd98d37","bucket":"79079e3a-7f51-40f8-8c8a-5dcb23f07e42","key":"1f284693-e7c8-41c4-8771-4df61d359496","dataSize":"5242880","replicationType":"RATIS","replicationFactor":"ONE","clientID":"115385574279020815","Transaction":"1043"} | ret=SUCCESS |  
2025-10-16 19:48:58,841 | INFO  | OMAudit | user=runner | ip=127.0.0.1 | op=COMMIT_MULTIPART_UPLOAD_PARTKEY {"volume":"779b4f58-238d-4410-96d6-76829dd98d37","bucket":"79079e3a-7f51-40f8-8c8a-5dcb23f07e42","key":"1f284693-e7c8-41c4-8771-4df61d359496","dataSize":"5242880","ETag":"79b281060d337b9b2b84ccf390adcf74","uploadID":"0199ee91-8713-75a3-b535-3f0f6f091c67-115385574278496526","partNumber":"1","partName":"/779b4f58-238d-4410-96d6-76829dd98d37/79079e3a-7f51-40f8-8c8a-5dcb23f07e42/1f284693-e7c8-41c4-8771-4df61d359496-0199ee91-8713-75a3-b535-3f0f6f091c67-115385574278496526-1","Transaction":"1044"} | ret=SUCCESS |  
2025-10-16 19:48:58,846 | INFO  | OMAudit | user=runner | ip=127.0.0.1 | op=ALLOCATE_KEY {"volume":"779b4f58-238d-4410-96d6-76829dd98d37","bucket":"79079e3a-7f51-40f8-8c8a-5dcb23f07e42","key":"1f284693-e7c8-41c4-8771-4df61d359496","dataSize":"5242880","Transaction":"1045"} | ret=SUCCESS |  
2025-10-16 19:48:58,849 | INFO  | SCMAudit | user=runner | ip=127.0.0.1 | op=ALLOCATE_BLOCK {"replication":"RATIS/ONE","owner":"omServiceIdDefault","size":"4194304","sampleBlocks":"[conID: 11 locID: 115816896921600298]","num":"1","client":"","allocated":"1"} | ret=SUCCESS |  
2025-10-16 19:48:58,851 | INFO  | OMAudit | user=runner | ip=127.0.0.1 | op=ALLOCATE_BLOCK {"volume":"779b4f58-238d-4410-96d6-76829dd98d37","bucket":"79079e3a-7f51-40f8-8c8a-5dcb23f07e42","key":"1f284693-e7c8-41c4-8771-4df61d359496","dataSize":"5242880","replicationType":"RATIS","replicationFactor":"ONE","clientID":"115385574283280656","Transaction":"1046"} | ret=SUCCESS |  
2025-10-16 19:48:58,867 [om1-OMDoubleBufferFlushThread] INFO  db.RDBCheckpointManager (RDBCheckpointManager.java:createCheckpoint(87)) - Created checkpoint in rocksDB at /home/runner/work/ozone/ozone/hadoop-ozone/integration-test/target/test-dir/MiniOzoneClusterImpl-e7911277-7775-4457-96c8-94071a26a1ce/om/data/db.snapshots/checkpointState/om.db-085bc6c0-bfd0-40df-b1ed-78382472f4ae in 44 milliseconds
2025-10-16 19:48:58,882 | INFO  | SCMAudit | user=runner | ip=127.0.0.1 | op=ALLOCATE_BLOCK {"replication":"RATIS/ONE","owner":"omServiceIdDefault","size":"4194304","sampleBlocks":"[conID: 13 locID: 115816896921600299]","num":"1","client":"","allocated":"1"} | ret=SUCCESS |  
2025-10-16 19:48:58,884 | INFO  | OMAudit | user=runner | ip=127.0.0.1 | op=ALLOCATE_BLOCK {"volume":"779b4f58-238d-4410-96d6-76829dd98d37","bucket":"79079e3a-7f51-40f8-8c8a-5dcb23f07e42","key":"1f284693-e7c8-41c4-8771-4df61d359496","dataSize":"5242880","replicationType":"RATIS","replicationFactor":"ONE","clientID":"115385574283280656","Transaction":"1047"} | ret=SUCCESS |  
2025-10-16 19:48:58,894 [om1-OMDoubleBufferFlushThread] INFO  om.OmSnapshotManager (OmSnapshotManager.java:createOmSnapshotCheckpoint(545)) - Created checkpoint: /home/runner/work/ozone/ozone/hadoop-ozone/integration-test/target/test-dir/MiniOzoneClusterImpl-e7911277-7775-4457-96c8-94071a26a1ce/om/data/db.snapshots/checkpointState/om.db-085bc6c0-bfd0-40df-b1ed-78382472f4ae for snapshot /vol-a-52140/bucket-b-5-78644/s20251016-194857.126
2025-10-16 19:48:58,907 | INFO  | OMAudit | user=runner | ip=127.0.0.1 | op=COMMIT_MULTIPART_UPLOAD_PARTKEY {"volume":"779b4f58-238d-4410-96d6-76829dd98d37","bucket":"79079e3a-7f51-40f8-8c8a-5dcb23f07e42","key":"1f284693-e7c8-41c4-8771-4df61d359496","dataSize":"5242880","ETag":"79b281060d337b9b2b84ccf390adcf74","uploadID":"0199ee91-8713-75a3-b535-3f0f6f091c67-115385574278496526","partNumber":"2","partName":"/779b4f58-238d-4410-96d6-76829dd98d37/79079e3a-7f51-40f8-8c8a-5dcb23f07e42/1f284693-e7c8-41c4-8771-4df61d359496-0199ee91-8713-75a3-b535-3f0f6f091c67-115385574278496526-2","Transaction":"1048"} | ret=SUCCESS |  
2025-10-16 19:48:58,911 | INFO  | OMAudit | user=runner | ip=127.0.0.1 | op=ALLOCATE_KEY {"volume":"779b4f58-238d-4410-96d6-76829dd98d37","bucket":"79079e3a-7f51-40f8-8c8a-5dcb23f07e42","key":"1f284693-e7c8-41c4-8771-4df61d359496","dataSize":"5242880","Transaction":"1049"} | ret=SUCCESS |  
2025-10-16 19:48:58,914 | INFO  | SCMAudit | user=runner | ip=127.0.0.1 | op=ALLOCATE_BLOCK {"replication":"RATIS/ONE","owner":"omServiceIdDefault","size":"4194304","sampleBlocks":"[conID: 2 locID: 115816896921600300]","num":"1","client":"","allocated":"1"} | ret=SUCCESS |  
2025-10-16 19:48:58,916 | INFO  | OMAudit | user=runner | ip=127.0.0.1 | op=ALLOCATE_BLOCK {"volume":"779b4f58-238d-4410-96d6-76829dd98d37","bucket":"79079e3a-7f51-40f8-8c8a-5dcb23f07e42","key":"1f284693-e7c8-41c4-8771-4df61d359496","dataSize":"5242880","replicationType":"RATIS","replicationFactor":"ONE","clientID":"115385574287606033","Transaction":"1050"} | ret=SUCCESS |  
2025-10-16 19:48:58,919 | INFO  | SCMAudit | user=runner | ip=127.0.0.1 | op=SEND_HEARTBEAT {"datanodeUUID":"f700af26-0e26-4136-9205-9509c82c8c70","term":"2","command":"[]"} | ret=SUCCESS |  
2025-10-16 19:48:58,942 | INFO  | SCMAudit | user=runner | ip=127.0.0.1 | op=ALLOCATE_BLOCK {"replication":"RATIS/ONE","owner":"omServiceIdDefault","size":"4194304","sampleBlocks":"[conID: 12 locID: 115816896921600301]","num":"1","client":"","allocated":"1"} | ret=SUCCESS |  
2025-10-16 19:48:58,943 [om1-OMDoubleBufferFlushThread] INFO  db.RDBCheckpointManager (RDBCheckpointManager.java:createCheckpoint(87)) - Created checkpoint in rocksDB at /home/runner/work/ozone/ozone/hadoop-ozone/integration-test/target/test-dir/MiniOzoneClusterImpl-e7911277-7775-4457-96c8-94071a26a1ce/om/data/db.snapshots/checkpointState/om.db-8e8fa30b-30aa-42d7-b080-58529fa0b42f in 45 milliseconds
2025-10-16 19:48:58,946 | INFO  | OMAudit | user=runner | ip=127.0.0.1 | op=ALLOCATE_BLOCK {"volume":"779b4f58-238d-4410-96d6-76829dd98d37","bucket":"79079e3a-7f51-40f8-8c8a-5dcb23f07e42","key":"1f284693-e7c8-41c4-8771-4df61d359496","dataSize":"5242880","replicationType":"RATIS","replicationFactor":"ONE","clientID":"115385574287606033","Transaction":"1051"} | ret=SUCCESS |  
2025-10-16 19:48:58,967 | INFO  | OMAudit | user=runner | ip=127.0.0.1 | op=COMMIT_MULTIPART_UPLOAD_PARTKEY {"volume":"779b4f58-238d-4410-96d6-76829dd98d37","bucket":"79079e3a-7f51-40f8-8c8a-5dcb23f07e42","key":"1f284693-e7c8-41c4-8771-4df61d359496","dataSize":"5242880","ETag":"79b281060d337b9b2b84ccf390adcf74","uploadID":"0199ee91-8713-75a3-b535-3f0f6f091c67-115385574278496526","partNumber":"3","partName":"/779b4f58-238d-4410-96d6-76829dd98d37/79079e3a-7f51-40f8-8c8a-5dcb23f07e42/1f284693-e7c8-41c4-8771-4df61d359496-0199ee91-8713-75a3-b535-3f0f6f091c67-115385574278496526-3","Transaction":"1052"} | ret=SUCCESS |  
2025-10-16 19:48:58,972 [om1-OMDoubleBufferFlushThread] INFO  om.OmSnapshotManager (OmSnapshotManager.java:createOmSnapshotCheckpoint(545)) - Created checkpoint: /home/runner/work/ozone/ozone/hadoop-ozone/integration-test/target/test-dir/MiniOzoneClusterImpl-e7911277-7775-4457-96c8-94071a26a1ce/om/data/db.snapshots/checkpointState/om.db-8e8fa30b-30aa-42d7-b080-58529fa0b42f for snapshot /vol-a-52140/bucket-b-6-42556/s20251016-194857.134
2025-10-16 19:48:58,977 | INFO  | OMAudit | user=runner | ip=127.0.0.1 | op=LIST_MULTIPART_UPLOAD_PARTS {"volume":"779b4f58-238d-4410-96d6-76829dd98d37","bucket":"79079e3a-7f51-40f8-8c8a-5dcb23f07e42","key":"1f284693-e7c8-41c4-8771-4df61d359496","uploadID":"0199ee91-8713-75a3-b535-3f0f6f091c67-115385574278496526","partNumberMarker":"0","maxParts":"3"} | ret=SUCCESS |  
]]></system-out>
  </testcase>
  <testcase name="testListMultipartUploadParts(ReplicationConfig)[2]" classname="org.apache.hadoop.ozone.client.rpc.TestSecureOzoneRpcClient" time="0.342">
    <system-out><![CDATA[2025-10-16 19:48:58,985 [ForkJoinPool-1-worker-1] INFO  rpc.RpcClient (RpcClient.java:createVolume(461)) - Creating Volume: 929ee109-d6eb-4822-9f6c-938c88ea0fe9, with runner as owner and space quota set to -1 bytes, counts quota set to -1
2025-10-16 19:48:58,988 [om1-OMStateMachineApplyTransactionThread - 0] INFO  volume.OMVolumeCreateRequest (OMVolumeCreateRequest.java:validateAndUpdateCache(213)) - created volume:929ee109-d6eb-4822-9f6c-938c88ea0fe9 for user:runner
2025-10-16 19:48:58,989 | INFO  | OMAudit | user=runner | ip=127.0.0.1 | op=CREATE_VOLUME {"admin":"runner","owner":"runner","volume":"929ee109-d6eb-4822-9f6c-938c88ea0fe9","creationTime":"1760644138987","modificationTime":"1760644138987","quotaInBytes":"-1","quotaInNamespace":"-1","usedNamespace":"0","objectID":"-9223372036854506240","updateID":"1053","Transaction":"1053"} | ret=SUCCESS |  
2025-10-16 19:48:58,990 | INFO  | OMAudit | user=runner | ip=127.0.0.1 | op=READ_VOLUME {"volume":"929ee109-d6eb-4822-9f6c-938c88ea0fe9"} | ret=SUCCESS |  
2025-10-16 19:48:58,990 [ForkJoinPool-1-worker-1] INFO  rpc.RpcClient (RpcClient.java:createBucket(686)) - Creating Bucket: 929ee109-d6eb-4822-9f6c-938c88ea0fe9/5216aa21-54d9-4296-a1a1-1f55e1ab9b97, with server-side default bucket layout, runner as owner, Versioning false, Storage Type set to DISK and Encryption set to false, Replication Type set to server-side default replication type, Namespace Quota set to -1, Space Quota set to -1 
2025-10-16 19:48:58,992 [om1-OMStateMachineApplyTransactionThread - 0] INFO  bucket.OMBucketCreateRequest (OMBucketCreateRequest.java:validateAndUpdateCache(303)) - created bucket: 5216aa21-54d9-4296-a1a1-1f55e1ab9b97 of layout FILE_SYSTEM_OPTIMIZED in volume: 929ee109-d6eb-4822-9f6c-938c88ea0fe9
2025-10-16 19:48:58,993 | INFO  | OMAudit | user=runner | ip=127.0.0.1 | op=CREATE_BUCKET {"volume":"929ee109-d6eb-4822-9f6c-938c88ea0fe9","bucket":"5216aa21-54d9-4296-a1a1-1f55e1ab9b97","bucketLayout":"FILE_SYSTEM_OPTIMIZED","gdprEnabled":null,"acls":"[user:runner:a[ACCESS], group:runner:rl[ACCESS]]","isVersionEnabled":"false","storageType":"DISK","creationTime":"1760644138991","bucketEncryptionKey":null,"modificationTime":"1760644138991","usedBytes":"0","usedNamespace":"0","snapshotUsedBytes":"0","snapshotUsedNamespace":"0","owner":"runner","replicationType":null,"replicationConfig":null,"quotaInBytes":"-1","quotaInNamespace":"-1","Transaction":"1054"} | ret=SUCCESS |  
2025-10-16 19:48:58,994 | INFO  | OMAudit | user=runner | ip=127.0.0.1 | op=READ_BUCKET {"volume":"929ee109-d6eb-4822-9f6c-938c88ea0fe9","bucket":"5216aa21-54d9-4296-a1a1-1f55e1ab9b97"} | ret=SUCCESS |  
2025-10-16 19:48:58,999 | INFO  | OMAudit | user=runner | ip=127.0.0.1 | op=INITIATE_MULTIPART_UPLOAD {"volume":"929ee109-d6eb-4822-9f6c-938c88ea0fe9","bucket":"5216aa21-54d9-4296-a1a1-1f55e1ab9b97","key":"1c72a11d-86f2-4b3c-832a-12044dcc9614","dataSize":"0","replicationType":"RATIS","replicationFactor":"THREE","uploadID":"0199ee91-87f5-7fa9-a884-2f45dd2b1f2f-115385574293307666","Transaction":"1055"} | ret=SUCCESS |  
2025-10-16 19:48:59,003 | INFO  | OMAudit | user=runner | ip=127.0.0.1 | op=ALLOCATE_KEY {"volume":"929ee109-d6eb-4822-9f6c-938c88ea0fe9","bucket":"5216aa21-54d9-4296-a1a1-1f55e1ab9b97","key":"1c72a11d-86f2-4b3c-832a-12044dcc9614","dataSize":"5242880","Transaction":"1056"} | ret=SUCCESS |  
2025-10-16 19:48:59,008 | INFO  | SCMAudit | user=runner | ip=127.0.0.1 | op=ALLOCATE_BLOCK {"replication":"RATIS/THREE","owner":"omServiceIdDefault","size":"4194304","sampleBlocks":"[conID: 19 locID: 115816896921600302]","num":"1","client":"","allocated":"1"} | ret=SUCCESS |  
2025-10-16 19:48:59,011 | INFO  | OMAudit | user=runner | ip=127.0.0.1 | op=ALLOCATE_BLOCK {"volume":"929ee109-d6eb-4822-9f6c-938c88ea0fe9","bucket":"5216aa21-54d9-4296-a1a1-1f55e1ab9b97","key":"1c72a11d-86f2-4b3c-832a-12044dcc9614","dataSize":"5242880","replicationType":"RATIS","replicationFactor":"THREE","clientID":"115385574293635347","Transaction":"1057"} | ret=SUCCESS |  
2025-10-16 19:48:59,027 [om1-OMDoubleBufferFlushThread] INFO  db.RDBCheckpointManager (RDBCheckpointManager.java:createCheckpoint(87)) - Created checkpoint in rocksDB at /home/runner/work/ozone/ozone/hadoop-ozone/integration-test/target/test-dir/MiniOzoneClusterImpl-e7911277-7775-4457-96c8-94071a26a1ce/om/data/db.snapshots/checkpointState/om.db-05741201-c3fc-4930-a1a5-d20d13a755f3 in 53 milliseconds
2025-10-16 19:48:59,068 | INFO  | SCMAudit | user=runner | ip=127.0.0.1 | op=ALLOCATE_BLOCK {"replication":"RATIS/THREE","owner":"omServiceIdDefault","size":"4194304","sampleBlocks":"[conID: 17 locID: 115816896921600303]","num":"1","client":"","allocated":"1"} | ret=SUCCESS |  
2025-10-16 19:48:59,072 | INFO  | OMAudit | user=runner | ip=127.0.0.1 | op=ALLOCATE_BLOCK {"volume":"929ee109-d6eb-4822-9f6c-938c88ea0fe9","bucket":"5216aa21-54d9-4296-a1a1-1f55e1ab9b97","key":"1c72a11d-86f2-4b3c-832a-12044dcc9614","dataSize":"5242880","replicationType":"RATIS","replicationFactor":"THREE","clientID":"115385574293635347","Transaction":"1058"} | ret=SUCCESS |  
2025-10-16 19:48:59,076 [om1-OMDoubleBufferFlushThread] INFO  om.OmSnapshotManager (OmSnapshotManager.java:createOmSnapshotCheckpoint(545)) - Created checkpoint: /home/runner/work/ozone/ozone/hadoop-ozone/integration-test/target/test-dir/MiniOzoneClusterImpl-e7911277-7775-4457-96c8-94071a26a1ce/om/data/db.snapshots/checkpointState/om.db-05741201-c3fc-4930-a1a5-d20d13a755f3 for snapshot /vol-a-52140/bucket-b-7-63285/s20251016-194857.142
2025-10-16 19:48:59,106 | INFO  | OMAudit | user=runner | ip=127.0.0.1 | op=COMMIT_MULTIPART_UPLOAD_PARTKEY {"volume":"929ee109-d6eb-4822-9f6c-938c88ea0fe9","bucket":"5216aa21-54d9-4296-a1a1-1f55e1ab9b97","key":"1c72a11d-86f2-4b3c-832a-12044dcc9614","dataSize":"5242880","ETag":"79b281060d337b9b2b84ccf390adcf74","uploadID":"0199ee91-87f5-7fa9-a884-2f45dd2b1f2f-115385574293307666","partNumber":"1","partName":"/929ee109-d6eb-4822-9f6c-938c88ea0fe9/5216aa21-54d9-4296-a1a1-1f55e1ab9b97/1c72a11d-86f2-4b3c-832a-12044dcc9614-0199ee91-87f5-7fa9-a884-2f45dd2b1f2f-115385574293307666-1","Transaction":"1059"} | ret=SUCCESS |  
2025-10-16 19:48:59,112 | INFO  | OMAudit | user=runner | ip=127.0.0.1 | op=ALLOCATE_KEY {"volume":"929ee109-d6eb-4822-9f6c-938c88ea0fe9","bucket":"5216aa21-54d9-4296-a1a1-1f55e1ab9b97","key":"1c72a11d-86f2-4b3c-832a-12044dcc9614","dataSize":"5242880","Transaction":"1060"} | ret=SUCCESS |  
2025-10-16 19:48:59,115 | INFO  | SCMAudit | user=runner | ip=127.0.0.1 | op=ALLOCATE_BLOCK {"replication":"RATIS/THREE","owner":"omServiceIdDefault","size":"4194304","sampleBlocks":"[conID: 14 locID: 115816896921600304]","num":"1","client":"","allocated":"1"} | ret=SUCCESS |  
2025-10-16 19:48:59,117 | INFO  | SCMAudit | user=runner | ip=127.0.0.1 | op=SEND_HEARTBEAT {"datanodeUUID":"e33e6ec4-6b66-4281-bedd-2bd75bd30070","term":"2","command":"[]"} | ret=SUCCESS |  
2025-10-16 19:48:59,118 | INFO  | SCMAudit | user=runner | ip=127.0.0.1 | op=SEND_HEARTBEAT {"datanodeUUID":"8a3c3252-9afe-4d3a-8492-25be6557678a","term":"2","command":"[]"} | ret=SUCCESS |  
2025-10-16 19:48:59,118 | INFO  | SCMAudit | user=runner | ip=127.0.0.1 | op=SEND_HEARTBEAT {"datanodeUUID":"c0724e9c-0dd4-4d47-992c-7bfe285fdd38","term":"2","command":"[]"} | ret=SUCCESS |  
2025-10-16 19:48:59,119 | INFO  | SCMAudit | user=runner | ip=127.0.0.1 | op=SEND_HEARTBEAT {"datanodeUUID":"8a0fa2ff-b550-4652-b2fe-0cf91cd4a157","term":"2","command":"[]"} | ret=SUCCESS |  
2025-10-16 19:48:59,121 | INFO  | OMAudit | user=runner | ip=127.0.0.1 | op=ALLOCATE_BLOCK {"volume":"929ee109-d6eb-4822-9f6c-938c88ea0fe9","bucket":"5216aa21-54d9-4296-a1a1-1f55e1ab9b97","key":"1c72a11d-86f2-4b3c-832a-12044dcc9614","dataSize":"5242880","replicationType":"RATIS","replicationFactor":"THREE","clientID":"115385574300713236","Transaction":"1061"} | ret=SUCCESS |  
2025-10-16 19:48:59,124 | INFO  | SCMAudit | user=runner | ip=127.0.0.1 | op=SEND_HEARTBEAT {"datanodeUUID":"aa213937-adc5-47da-a770-0ee1e4664344","term":"2","command":"[]"} | ret=SUCCESS |  
2025-10-16 19:48:59,129 | INFO  | SCMAudit | user=runner | ip=127.0.0.1 | op=SEND_HEARTBEAT {"datanodeUUID":"58cff6b7-b2a7-446b-a75a-bb98ad6b11b8","term":"2","command":"[]"} | ret=SUCCESS |  
2025-10-16 19:48:59,136 | INFO  | SCMAudit | user=runner | ip=127.0.0.1 | op=SEND_HEARTBEAT {"datanodeUUID":"0428ab3f-efd5-438e-ae11-9ec242443260","term":"2","command":"[]"} | ret=SUCCESS |  
2025-10-16 19:48:59,136 | INFO  | SCMAudit | user=runner | ip=127.0.0.1 | op=SEND_HEARTBEAT {"datanodeUUID":"e072d245-7694-4d97-8e20-c503ebf8c2fe","term":"2","command":"[]"} | ret=SUCCESS |  
2025-10-16 19:48:59,160 [om1-OMDoubleBufferFlushThread] INFO  db.RDBCheckpointManager (RDBCheckpointManager.java:createCheckpoint(87)) - Created checkpoint in rocksDB at /home/runner/work/ozone/ozone/hadoop-ozone/integration-test/target/test-dir/MiniOzoneClusterImpl-e7911277-7775-4457-96c8-94071a26a1ce/om/data/db.snapshots/checkpointState/om.db-b8b598d4-afe9-49e1-936c-4fbb6b942417 in 79 milliseconds
2025-10-16 19:48:59,182 | INFO  | SCMAudit | user=runner | ip=127.0.0.1 | op=ALLOCATE_BLOCK {"replication":"RATIS/THREE","owner":"omServiceIdDefault","size":"4194304","sampleBlocks":"[conID: 14 locID: 115816896921600305]","num":"1","client":"","allocated":"1"} | ret=SUCCESS |  
2025-10-16 19:48:59,185 | INFO  | OMAudit | user=runner | ip=127.0.0.1 | op=ALLOCATE_BLOCK {"volume":"929ee109-d6eb-4822-9f6c-938c88ea0fe9","bucket":"5216aa21-54d9-4296-a1a1-1f55e1ab9b97","key":"1c72a11d-86f2-4b3c-832a-12044dcc9614","dataSize":"5242880","replicationType":"RATIS","replicationFactor":"THREE","clientID":"115385574300713236","Transaction":"1062"} | ret=SUCCESS |  
2025-10-16 19:48:59,188 [om1-OMDoubleBufferFlushThread] INFO  om.OmSnapshotManager (OmSnapshotManager.java:createOmSnapshotCheckpoint(545)) - Created checkpoint: /home/runner/work/ozone/ozone/hadoop-ozone/integration-test/target/test-dir/MiniOzoneClusterImpl-e7911277-7775-4457-96c8-94071a26a1ce/om/data/db.snapshots/checkpointState/om.db-b8b598d4-afe9-49e1-936c-4fbb6b942417 for snapshot /vol-a-52140/bucket-b-8-20288/s20251016-194857.156
2025-10-16 19:48:59,209 | INFO  | OMAudit | user=runner | ip=127.0.0.1 | op=COMMIT_MULTIPART_UPLOAD_PARTKEY {"volume":"929ee109-d6eb-4822-9f6c-938c88ea0fe9","bucket":"5216aa21-54d9-4296-a1a1-1f55e1ab9b97","key":"1c72a11d-86f2-4b3c-832a-12044dcc9614","dataSize":"5242880","ETag":"79b281060d337b9b2b84ccf390adcf74","uploadID":"0199ee91-87f5-7fa9-a884-2f45dd2b1f2f-115385574293307666","partNumber":"2","partName":"/929ee109-d6eb-4822-9f6c-938c88ea0fe9/5216aa21-54d9-4296-a1a1-1f55e1ab9b97/1c72a11d-86f2-4b3c-832a-12044dcc9614-0199ee91-87f5-7fa9-a884-2f45dd2b1f2f-115385574293307666-2","Transaction":"1063"} | ret=SUCCESS |  
2025-10-16 19:48:59,214 | INFO  | OMAudit | user=runner | ip=127.0.0.1 | op=ALLOCATE_KEY {"volume":"929ee109-d6eb-4822-9f6c-938c88ea0fe9","bucket":"5216aa21-54d9-4296-a1a1-1f55e1ab9b97","key":"1c72a11d-86f2-4b3c-832a-12044dcc9614","dataSize":"5242880","Transaction":"1064"} | ret=SUCCESS |  
2025-10-16 19:48:59,217 | INFO  | SCMAudit | user=runner | ip=127.0.0.1 | op=ALLOCATE_BLOCK {"replication":"RATIS/THREE","owner":"omServiceIdDefault","size":"4194304","sampleBlocks":"[conID: 17 locID: 115816896921600306]","num":"1","client":"","allocated":"1"} | ret=SUCCESS |  
2025-10-16 19:48:59,220 | INFO  | OMAudit | user=runner | ip=127.0.0.1 | op=ALLOCATE_BLOCK {"volume":"929ee109-d6eb-4822-9f6c-938c88ea0fe9","bucket":"5216aa21-54d9-4296-a1a1-1f55e1ab9b97","key":"1c72a11d-86f2-4b3c-832a-12044dcc9614","dataSize":"5242880","replicationType":"RATIS","replicationFactor":"THREE","clientID":"115385574307397909","Transaction":"1065"} | ret=SUCCESS |  
2025-10-16 19:48:59,255 [om1-OMDoubleBufferFlushThread] INFO  db.RDBCheckpointManager (RDBCheckpointManager.java:createCheckpoint(87)) - Created checkpoint in rocksDB at /home/runner/work/ozone/ozone/hadoop-ozone/integration-test/target/test-dir/MiniOzoneClusterImpl-e7911277-7775-4457-96c8-94071a26a1ce/om/data/db.snapshots/checkpointState/om.db-85b2e5fe-7374-4a30-bd16-9fb4a1df6ecb in 65 milliseconds
2025-10-16 19:48:59,276 | INFO  | SCMAudit | user=runner | ip=127.0.0.1 | op=ALLOCATE_BLOCK {"replication":"RATIS/THREE","owner":"omServiceIdDefault","size":"4194304","sampleBlocks":"[conID: 21 locID: 115816896921600307]","num":"1","client":"","allocated":"1"} | ret=SUCCESS |  
2025-10-16 19:48:59,278 | INFO  | OMAudit | user=runner | ip=127.0.0.1 | op=ALLOCATE_BLOCK {"volume":"929ee109-d6eb-4822-9f6c-938c88ea0fe9","bucket":"5216aa21-54d9-4296-a1a1-1f55e1ab9b97","key":"1c72a11d-86f2-4b3c-832a-12044dcc9614","dataSize":"5242880","replicationType":"RATIS","replicationFactor":"THREE","clientID":"115385574307397909","Transaction":"1066"} | ret=SUCCESS |  
2025-10-16 19:48:59,296 [om1-OMDoubleBufferFlushThread] INFO  om.OmSnapshotManager (OmSnapshotManager.java:createOmSnapshotCheckpoint(545)) - Created checkpoint: /home/runner/work/ozone/ozone/hadoop-ozone/integration-test/target/test-dir/MiniOzoneClusterImpl-e7911277-7775-4457-96c8-94071a26a1ce/om/data/db.snapshots/checkpointState/om.db-85b2e5fe-7374-4a30-bd16-9fb4a1df6ecb for snapshot /vol-a-52140/bucket-b-9-07339/s20251016-194857.168
2025-10-16 19:48:59,311 | INFO  | SCMAudit | user=runner | ip=127.0.0.1 | op=SEND_HEARTBEAT {"datanodeUUID":"76d4ba71-5bbb-4b24-8f51-8bc7f78aaca4","term":"2","command":"[]"} | ret=SUCCESS |  
2025-10-16 19:48:59,313 | INFO  | SCMAudit | user=runner | ip=127.0.0.1 | op=SEND_HEARTBEAT {"datanodeUUID":"764b18f0-81c5-439a-9fff-25adc4f241fa","term":"2","command":"[]"} | ret=SUCCESS |  
2025-10-16 19:48:59,321 | INFO  | OMAudit | user=runner | ip=127.0.0.1 | op=COMMIT_MULTIPART_UPLOAD_PARTKEY {"volume":"929ee109-d6eb-4822-9f6c-938c88ea0fe9","bucket":"5216aa21-54d9-4296-a1a1-1f55e1ab9b97","key":"1c72a11d-86f2-4b3c-832a-12044dcc9614","dataSize":"5242880","ETag":"79b281060d337b9b2b84ccf390adcf74","uploadID":"0199ee91-87f5-7fa9-a884-2f45dd2b1f2f-115385574293307666","partNumber":"3","partName":"/929ee109-d6eb-4822-9f6c-938c88ea0fe9/5216aa21-54d9-4296-a1a1-1f55e1ab9b97/1c72a11d-86f2-4b3c-832a-12044dcc9614-0199ee91-87f5-7fa9-a884-2f45dd2b1f2f-115385574293307666-3","Transaction":"1067"} | ret=SUCCESS |  
2025-10-16 19:48:59,324 | INFO  | OMAudit | user=runner | ip=127.0.0.1 | op=LIST_MULTIPART_UPLOAD_PARTS {"volume":"929ee109-d6eb-4822-9f6c-938c88ea0fe9","bucket":"5216aa21-54d9-4296-a1a1-1f55e1ab9b97","key":"1c72a11d-86f2-4b3c-832a-12044dcc9614","uploadID":"0199ee91-87f5-7fa9-a884-2f45dd2b1f2f-115385574293307666","partNumberMarker":"0","maxParts":"3"} | ret=SUCCESS |  
]]></system-out>
  </testcase>
  <testcase name="testListMultipartUploadParts(ReplicationConfig)[3]" classname="org.apache.hadoop.ozone.client.rpc.TestSecureOzoneRpcClient" time="0.265">
    <system-out><![CDATA[2025-10-16 19:48:59,328 [ForkJoinPool-1-worker-1] INFO  rpc.RpcClient (RpcClient.java:createVolume(461)) - Creating Volume: 3ef10a55-14c8-4ea2-9f17-8e952a3e9d65, with runner as owner and space quota set to -1 bytes, counts quota set to -1
2025-10-16 19:48:59,331 [om1-OMStateMachineApplyTransactionThread - 0] INFO  volume.OMVolumeCreateRequest (OMVolumeCreateRequest.java:validateAndUpdateCache(213)) - created volume:3ef10a55-14c8-4ea2-9f17-8e952a3e9d65 for user:runner
2025-10-16 19:48:59,331 | INFO  | OMAudit | user=runner | ip=127.0.0.1 | op=CREATE_VOLUME {"admin":"runner","owner":"runner","volume":"3ef10a55-14c8-4ea2-9f17-8e952a3e9d65","creationTime":"1760644139329","modificationTime":"1760644139329","quotaInBytes":"-1","quotaInNamespace":"-1","usedNamespace":"0","objectID":"-9223372036854502400","updateID":"1068","Transaction":"1068"} | ret=SUCCESS |  
2025-10-16 19:48:59,333 | INFO  | OMAudit | user=runner | ip=127.0.0.1 | op=READ_VOLUME {"volume":"3ef10a55-14c8-4ea2-9f17-8e952a3e9d65"} | ret=SUCCESS |  
2025-10-16 19:48:59,334 [ForkJoinPool-1-worker-1] INFO  rpc.RpcClient (RpcClient.java:createBucket(686)) - Creating Bucket: 3ef10a55-14c8-4ea2-9f17-8e952a3e9d65/8c38abc0-04d5-4492-9013-f007e7385d41, with server-side default bucket layout, runner as owner, Versioning false, Storage Type set to DISK and Encryption set to false, Replication Type set to server-side default replication type, Namespace Quota set to -1, Space Quota set to -1 
2025-10-16 19:48:59,337 [om1-OMStateMachineApplyTransactionThread - 0] INFO  bucket.OMBucketCreateRequest (OMBucketCreateRequest.java:validateAndUpdateCache(303)) - created bucket: 8c38abc0-04d5-4492-9013-f007e7385d41 of layout FILE_SYSTEM_OPTIMIZED in volume: 3ef10a55-14c8-4ea2-9f17-8e952a3e9d65
2025-10-16 19:48:59,337 | INFO  | OMAudit | user=runner | ip=127.0.0.1 | op=CREATE_BUCKET {"volume":"3ef10a55-14c8-4ea2-9f17-8e952a3e9d65","bucket":"8c38abc0-04d5-4492-9013-f007e7385d41","bucketLayout":"FILE_SYSTEM_OPTIMIZED","gdprEnabled":null,"acls":"[user:runner:a[ACCESS], group:runner:rl[ACCESS]]","isVersionEnabled":"false","storageType":"DISK","creationTime":"1760644139335","bucketEncryptionKey":null,"modificationTime":"1760644139335","usedBytes":"0","usedNamespace":"0","snapshotUsedBytes":"0","snapshotUsedNamespace":"0","owner":"runner","replicationType":null,"replicationConfig":null,"quotaInBytes":"-1","quotaInNamespace":"-1","Transaction":"1069"} | ret=SUCCESS |  
2025-10-16 19:48:59,338 | INFO  | OMAudit | user=runner | ip=127.0.0.1 | op=READ_BUCKET {"volume":"3ef10a55-14c8-4ea2-9f17-8e952a3e9d65","bucket":"8c38abc0-04d5-4492-9013-f007e7385d41"} | ret=SUCCESS |  
2025-10-16 19:48:59,342 | INFO  | OMAudit | user=runner | ip=127.0.0.1 | op=INITIATE_MULTIPART_UPLOAD {"volume":"3ef10a55-14c8-4ea2-9f17-8e952a3e9d65","bucket":"8c38abc0-04d5-4492-9013-f007e7385d41","key":"55d77ed2-3116-4ac0-86c6-64082b374f34","dataSize":"0","replicationType":"EC","replicationConfig":"rs-3-2-1048576","uploadID":"0199ee91-894c-73df-8cd2-fe2c526969b6-115385574315786518","Transaction":"1070"} | ret=SUCCESS |  
2025-10-16 19:48:59,350 | INFO  | OMAudit | user=runner | ip=127.0.0.1 | op=ALLOCATE_KEY {"volume":"3ef10a55-14c8-4ea2-9f17-8e952a3e9d65","bucket":"8c38abc0-04d5-4492-9013-f007e7385d41","key":"55d77ed2-3116-4ac0-86c6-64082b374f34","dataSize":"5242880","Transaction":"1071"} | ret=SUCCESS |  
2025-10-16 19:48:59,362 | INFO  | SCMAudit | user=runner | ip=127.0.0.1 | op=ALLOCATE_BLOCK {"replication":"EC{rs-3-2-1024k}","owner":"omServiceIdDefault","size":"4194304","sampleBlocks":"[conID: 26 locID: 115816896921600308]","num":"1","client":"","allocated":"1"} | ret=SUCCESS |  
2025-10-16 19:48:59,365 | INFO  | OMAudit | user=runner | ip=127.0.0.1 | op=ALLOCATE_BLOCK {"volume":"3ef10a55-14c8-4ea2-9f17-8e952a3e9d65","bucket":"8c38abc0-04d5-4492-9013-f007e7385d41","key":"55d77ed2-3116-4ac0-86c6-64082b374f34","dataSize":"5242880","replicationType":"EC","replicationConfig":"rs-3-2-1048576","clientID":"115385574316310807","Transaction":"1072"} | ret=SUCCESS |  
2025-10-16 19:48:59,412 | INFO  | OMAudit | user=runner | ip=127.0.0.1 | op=COMMIT_MULTIPART_UPLOAD_PARTKEY {"volume":"3ef10a55-14c8-4ea2-9f17-8e952a3e9d65","bucket":"8c38abc0-04d5-4492-9013-f007e7385d41","key":"55d77ed2-3116-4ac0-86c6-64082b374f34","dataSize":"5242880","ETag":"79b281060d337b9b2b84ccf390adcf74","uploadID":"0199ee91-894c-73df-8cd2-fe2c526969b6-115385574315786518","partNumber":"1","partName":"/3ef10a55-14c8-4ea2-9f17-8e952a3e9d65/8c38abc0-04d5-4492-9013-f007e7385d41/55d77ed2-3116-4ac0-86c6-64082b374f34-0199ee91-894c-73df-8cd2-fe2c526969b6-115385574315786518-1","Transaction":"1073"} | ret=SUCCESS |  
2025-10-16 19:48:59,416 | INFO  | OMAudit | user=runner | ip=127.0.0.1 | op=ALLOCATE_KEY {"volume":"3ef10a55-14c8-4ea2-9f17-8e952a3e9d65","bucket":"8c38abc0-04d5-4492-9013-f007e7385d41","key":"55d77ed2-3116-4ac0-86c6-64082b374f34","dataSize":"5242880","Transaction":"1074"} | ret=SUCCESS |  
2025-10-16 19:48:59,425 | INFO  | SCMAudit | user=runner | ip=127.0.0.1 | op=ALLOCATE_BLOCK {"replication":"EC{rs-3-2-1024k}","owner":"omServiceIdDefault","size":"4194304","sampleBlocks":"[conID: 24 locID: 115816896921600309]","num":"1","client":"","allocated":"1"} | ret=SUCCESS |  
2025-10-16 19:48:59,427 | INFO  | OMAudit | user=runner | ip=127.0.0.1 | op=ALLOCATE_BLOCK {"volume":"3ef10a55-14c8-4ea2-9f17-8e952a3e9d65","bucket":"8c38abc0-04d5-4492-9013-f007e7385d41","key":"55d77ed2-3116-4ac0-86c6-64082b374f34","dataSize":"5242880","replicationType":"EC","replicationConfig":"rs-3-2-1048576","clientID":"115385574320636184","Transaction":"1075"} | ret=SUCCESS |  
2025-10-16 19:48:59,493 | INFO  | OMAudit | user=runner | ip=127.0.0.1 | op=COMMIT_MULTIPART_UPLOAD_PARTKEY {"volume":"3ef10a55-14c8-4ea2-9f17-8e952a3e9d65","bucket":"8c38abc0-04d5-4492-9013-f007e7385d41","key":"55d77ed2-3116-4ac0-86c6-64082b374f34","dataSize":"5242880","ETag":"79b281060d337b9b2b84ccf390adcf74","uploadID":"0199ee91-894c-73df-8cd2-fe2c526969b6-115385574315786518","partNumber":"2","partName":"/3ef10a55-14c8-4ea2-9f17-8e952a3e9d65/8c38abc0-04d5-4492-9013-f007e7385d41/55d77ed2-3116-4ac0-86c6-64082b374f34-0199ee91-894c-73df-8cd2-fe2c526969b6-115385574315786518-2","Transaction":"1076"} | ret=SUCCESS |  
2025-10-16 19:48:59,515 | INFO  | OMAudit | user=runner | ip=127.0.0.1 | op=ALLOCATE_KEY {"volume":"3ef10a55-14c8-4ea2-9f17-8e952a3e9d65","bucket":"8c38abc0-04d5-4492-9013-f007e7385d41","key":"55d77ed2-3116-4ac0-86c6-64082b374f34","dataSize":"5242880","Transaction":"1077"} | ret=SUCCESS |  
2025-10-16 19:48:59,532 | INFO  | SCMAudit | user=runner | ip=127.0.0.1 | op=ALLOCATE_BLOCK {"replication":"EC{rs-3-2-1024k}","owner":"omServiceIdDefault","size":"4194304","sampleBlocks":"[conID: 24 locID: 115816896921600310]","num":"1","client":"","allocated":"1"} | ret=SUCCESS |  
2025-10-16 19:48:59,541 | INFO  | OMAudit | user=runner | ip=127.0.0.1 | op=ALLOCATE_BLOCK {"volume":"3ef10a55-14c8-4ea2-9f17-8e952a3e9d65","bucket":"8c38abc0-04d5-4492-9013-f007e7385d41","key":"55d77ed2-3116-4ac0-86c6-64082b374f34","dataSize":"5242880","replicationType":"EC","replicationConfig":"rs-3-2-1048576","clientID":"115385574326862105","Transaction":"1078"} | ret=SUCCESS |  
2025-10-16 19:48:59,589 | INFO  | OMAudit | user=runner | ip=127.0.0.1 | op=COMMIT_MULTIPART_UPLOAD_PARTKEY {"volume":"3ef10a55-14c8-4ea2-9f17-8e952a3e9d65","bucket":"8c38abc0-04d5-4492-9013-f007e7385d41","key":"55d77ed2-3116-4ac0-86c6-64082b374f34","dataSize":"5242880","ETag":"79b281060d337b9b2b84ccf390adcf74","uploadID":"0199ee91-894c-73df-8cd2-fe2c526969b6-115385574315786518","partNumber":"3","partName":"/3ef10a55-14c8-4ea2-9f17-8e952a3e9d65/8c38abc0-04d5-4492-9013-f007e7385d41/55d77ed2-3116-4ac0-86c6-64082b374f34-0199ee91-894c-73df-8cd2-fe2c526969b6-115385574315786518-3","Transaction":"1079"} | ret=SUCCESS |  
2025-10-16 19:48:59,590 | INFO  | OMAudit | user=runner | ip=127.0.0.1 | op=LIST_MULTIPART_UPLOAD_PARTS {"volume":"3ef10a55-14c8-4ea2-9f17-8e952a3e9d65","bucket":"8c38abc0-04d5-4492-9013-f007e7385d41","key":"55d77ed2-3116-4ac0-86c6-64082b374f34","uploadID":"0199ee91-894c-73df-8cd2-fe2c526969b6-115385574315786518","partNumberMarker":"0","maxParts":"3"} | ret=SUCCESS |  
]]></system-out>
  </testcase>
  <testcase name="testListMultipartUploadPartsWithContinuation(ReplicationConfig)[1]" classname="org.apache.hadoop.ozone.client.rpc.TestSecureOzoneRpcClient" time="0.219">
    <system-out><![CDATA[2025-10-16 19:48:59,598 [ForkJoinPool-1-worker-1] INFO  rpc.RpcClient (RpcClient.java:createVolume(461)) - Creating Volume: aa8ac00d-8958-47c6-acb8-22504029769a, with runner as owner and space quota set to -1 bytes, counts quota set to -1
2025-10-16 19:48:59,601 [om1-OMStateMachineApplyTransactionThread - 0] INFO  volume.OMVolumeCreateRequest (OMVolumeCreateRequest.java:validateAndUpdateCache(213)) - created volume:aa8ac00d-8958-47c6-acb8-22504029769a for user:runner
2025-10-16 19:48:59,601 | INFO  | OMAudit | user=runner | ip=127.0.0.1 | op=CREATE_VOLUME {"admin":"runner","owner":"runner","volume":"aa8ac00d-8958-47c6-acb8-22504029769a","creationTime":"1760644139600","modificationTime":"1760644139600","quotaInBytes":"-1","quotaInNamespace":"-1","usedNamespace":"0","objectID":"-9223372036854499328","updateID":"1080","Transaction":"1080"} | ret=SUCCESS |  
2025-10-16 19:48:59,603 | INFO  | OMAudit | user=runner | ip=127.0.0.1 | op=READ_VOLUME {"volume":"aa8ac00d-8958-47c6-acb8-22504029769a"} | ret=SUCCESS |  
2025-10-16 19:48:59,604 [ForkJoinPool-1-worker-1] INFO  rpc.RpcClient (RpcClient.java:createBucket(686)) - Creating Bucket: aa8ac00d-8958-47c6-acb8-22504029769a/a89db36d-47a6-4d80-890f-3eb68bdb04c3, with server-side default bucket layout, runner as owner, Versioning false, Storage Type set to DISK and Encryption set to false, Replication Type set to server-side default replication type, Namespace Quota set to -1, Space Quota set to -1 
2025-10-16 19:48:59,606 [om1-OMStateMachineApplyTransactionThread - 0] INFO  bucket.OMBucketCreateRequest (OMBucketCreateRequest.java:validateAndUpdateCache(303)) - created bucket: a89db36d-47a6-4d80-890f-3eb68bdb04c3 of layout FILE_SYSTEM_OPTIMIZED in volume: aa8ac00d-8958-47c6-acb8-22504029769a
2025-10-16 19:48:59,606 | INFO  | OMAudit | user=runner | ip=127.0.0.1 | op=CREATE_BUCKET {"volume":"aa8ac00d-8958-47c6-acb8-22504029769a","bucket":"a89db36d-47a6-4d80-890f-3eb68bdb04c3","bucketLayout":"FILE_SYSTEM_OPTIMIZED","gdprEnabled":null,"acls":"[user:runner:a[ACCESS], group:runner:rl[ACCESS]]","isVersionEnabled":"false","storageType":"DISK","creationTime":"1760644139605","bucketEncryptionKey":null,"modificationTime":"1760644139605","usedBytes":"0","usedNamespace":"0","snapshotUsedBytes":"0","snapshotUsedNamespace":"0","owner":"runner","replicationType":null,"replicationConfig":null,"quotaInBytes":"-1","quotaInNamespace":"-1","Transaction":"1081"} | ret=SUCCESS |  
2025-10-16 19:48:59,607 | INFO  | OMAudit | user=runner | ip=127.0.0.1 | op=READ_BUCKET {"volume":"aa8ac00d-8958-47c6-acb8-22504029769a","bucket":"a89db36d-47a6-4d80-890f-3eb68bdb04c3"} | ret=SUCCESS |  
2025-10-16 19:48:59,611 | INFO  | OMAudit | user=runner | ip=127.0.0.1 | op=INITIATE_MULTIPART_UPLOAD {"volume":"aa8ac00d-8958-47c6-acb8-22504029769a","bucket":"a89db36d-47a6-4d80-890f-3eb68bdb04c3","key":"99b9d512-874f-4481-9315-659ad1645186","dataSize":"0","replicationType":"RATIS","replicationFactor":"ONE","uploadID":"0199ee91-8a59-7b17-ba78-1444f8e70226-115385574333415706","Transaction":"1082"} | ret=SUCCESS |  
2025-10-16 19:48:59,618 | INFO  | OMAudit | user=runner | ip=127.0.0.1 | op=ALLOCATE_KEY {"volume":"aa8ac00d-8958-47c6-acb8-22504029769a","bucket":"a89db36d-47a6-4d80-890f-3eb68bdb04c3","key":"99b9d512-874f-4481-9315-659ad1645186","dataSize":"5242880","Transaction":"1083"} | ret=SUCCESS |  
2025-10-16 19:48:59,621 | INFO  | SCMAudit | user=runner | ip=127.0.0.1 | op=ALLOCATE_BLOCK {"replication":"RATIS/ONE","owner":"omServiceIdDefault","size":"4194304","sampleBlocks":"[conID: 4 locID: 115816896921600311]","num":"1","client":"","allocated":"1"} | ret=SUCCESS |  
2025-10-16 19:48:59,625 | INFO  | OMAudit | user=runner | ip=127.0.0.1 | op=ALLOCATE_BLOCK {"volume":"aa8ac00d-8958-47c6-acb8-22504029769a","bucket":"a89db36d-47a6-4d80-890f-3eb68bdb04c3","key":"99b9d512-874f-4481-9315-659ad1645186","dataSize":"5242880","replicationType":"RATIS","replicationFactor":"ONE","clientID":"115385574333808923","Transaction":"1084"} | ret=SUCCESS |  
2025-10-16 19:48:59,645 | INFO  | SCMAudit | user=runner | ip=127.0.0.1 | op=SEND_HEARTBEAT {"datanodeUUID":"0e8b6cc7-9945-4141-97fc-6aa017a0d5fa","term":"2","command":"[]"} | ret=SUCCESS |  
2025-10-16 19:48:59,650 | INFO  | SCMAudit | user=runner | ip=127.0.0.1 | op=ALLOCATE_BLOCK {"replication":"RATIS/ONE","owner":"omServiceIdDefault","size":"4194304","sampleBlocks":"[conID: 3 locID: 115816896921600312]","num":"1","client":"","allocated":"1"} | ret=SUCCESS |  
2025-10-16 19:48:59,653 | INFO  | OMAudit | user=runner | ip=127.0.0.1 | op=ALLOCATE_BLOCK {"volume":"aa8ac00d-8958-47c6-acb8-22504029769a","bucket":"a89db36d-47a6-4d80-890f-3eb68bdb04c3","key":"99b9d512-874f-4481-9315-659ad1645186","dataSize":"5242880","replicationType":"RATIS","replicationFactor":"ONE","clientID":"115385574333808923","Transaction":"1085"} | ret=SUCCESS |  
2025-10-16 19:48:59,670 | INFO  | OMAudit | user=runner | ip=127.0.0.1 | op=COMMIT_MULTIPART_UPLOAD_PARTKEY {"volume":"aa8ac00d-8958-47c6-acb8-22504029769a","bucket":"a89db36d-47a6-4d80-890f-3eb68bdb04c3","key":"99b9d512-874f-4481-9315-659ad1645186","dataSize":"5242880","ETag":"79b281060d337b9b2b84ccf390adcf74","uploadID":"0199ee91-8a59-7b17-ba78-1444f8e70226-115385574333415706","partNumber":"1","partName":"/aa8ac00d-8958-47c6-acb8-22504029769a/a89db36d-47a6-4d80-890f-3eb68bdb04c3/99b9d512-874f-4481-9315-659ad1645186-0199ee91-8a59-7b17-ba78-1444f8e70226-115385574333415706-1","Transaction":"1086"} | ret=SUCCESS |  
2025-10-16 19:48:59,674 | INFO  | OMAudit | user=runner | ip=127.0.0.1 | op=ALLOCATE_KEY {"volume":"aa8ac00d-8958-47c6-acb8-22504029769a","bucket":"a89db36d-47a6-4d80-890f-3eb68bdb04c3","key":"99b9d512-874f-4481-9315-659ad1645186","dataSize":"5242880","Transaction":"1087"} | ret=SUCCESS |  
2025-10-16 19:48:59,679 | INFO  | SCMAudit | user=runner | ip=127.0.0.1 | op=ALLOCATE_BLOCK {"replication":"RATIS/ONE","owner":"omServiceIdDefault","size":"4194304","sampleBlocks":"[conID: 3 locID: 115816896921600313]","num":"1","client":"","allocated":"1"} | ret=SUCCESS |  
2025-10-16 19:48:59,682 | INFO  | OMAudit | user=runner | ip=127.0.0.1 | op=ALLOCATE_BLOCK {"volume":"aa8ac00d-8958-47c6-acb8-22504029769a","bucket":"a89db36d-47a6-4d80-890f-3eb68bdb04c3","key":"99b9d512-874f-4481-9315-659ad1645186","dataSize":"5242880","replicationType":"RATIS","replicationFactor":"ONE","clientID":"115385574337610012","Transaction":"1088"} | ret=SUCCESS |  
2025-10-16 19:48:59,720 | INFO  | SCMAudit | user=runner | ip=127.0.0.1 | op=SEND_HEARTBEAT {"datanodeUUID":"757ca056-973f-4f05-ab2d-6aff6c54d452","term":"2","command":"[]"} | ret=SUCCESS |  
2025-10-16 19:48:59,737 | INFO  | SCMAudit | user=runner | ip=127.0.0.1 | op=SEND_HEARTBEAT {"datanodeUUID":"702cb173-5c73-4ecc-b5cd-c7b4a6b66aea","term":"2","command":"[]"} | ret=SUCCESS |  
2025-10-16 19:48:59,738 | INFO  | SCMAudit | user=runner | ip=127.0.0.1 | op=ALLOCATE_BLOCK {"replication":"RATIS/ONE","owner":"omServiceIdDefault","size":"4194304","sampleBlocks":"[conID: 2 locID: 115816896921600314]","num":"1","client":"","allocated":"1"} | ret=SUCCESS |  
2025-10-16 19:48:59,744 | INFO  | OMAudit | user=runner | ip=127.0.0.1 | op=ALLOCATE_BLOCK {"volume":"aa8ac00d-8958-47c6-acb8-22504029769a","bucket":"a89db36d-47a6-4d80-890f-3eb68bdb04c3","key":"99b9d512-874f-4481-9315-659ad1645186","dataSize":"5242880","replicationType":"RATIS","replicationFactor":"ONE","clientID":"115385574337610012","Transaction":"1089"} | ret=SUCCESS |  
2025-10-16 19:48:59,767 | INFO  | OMAudit | user=runner | ip=127.0.0.1 | op=COMMIT_MULTIPART_UPLOAD_PARTKEY {"volume":"aa8ac00d-8958-47c6-acb8-22504029769a","bucket":"a89db36d-47a6-4d80-890f-3eb68bdb04c3","key":"99b9d512-874f-4481-9315-659ad1645186","dataSize":"5242880","ETag":"79b281060d337b9b2b84ccf390adcf74","uploadID":"0199ee91-8a59-7b17-ba78-1444f8e70226-115385574333415706","partNumber":"2","partName":"/aa8ac00d-8958-47c6-acb8-22504029769a/a89db36d-47a6-4d80-890f-3eb68bdb04c3/99b9d512-874f-4481-9315-659ad1645186-0199ee91-8a59-7b17-ba78-1444f8e70226-115385574333415706-2","Transaction":"1090"} | ret=SUCCESS |  
2025-10-16 19:48:59,772 | INFO  | OMAudit | user=runner | ip=127.0.0.1 | op=ALLOCATE_KEY {"volume":"aa8ac00d-8958-47c6-acb8-22504029769a","bucket":"a89db36d-47a6-4d80-890f-3eb68bdb04c3","key":"99b9d512-874f-4481-9315-659ad1645186","dataSize":"5242880","Transaction":"1091"} | ret=SUCCESS |  
2025-10-16 19:48:59,774 | INFO  | SCMAudit | user=runner | ip=127.0.0.1 | op=ALLOCATE_BLOCK {"replication":"RATIS/ONE","owner":"omServiceIdDefault","size":"4194304","sampleBlocks":"[conID: 9 locID: 115816896921600315]","num":"1","client":"","allocated":"1"} | ret=SUCCESS |  
2025-10-16 19:48:59,776 | INFO  | OMAudit | user=runner | ip=127.0.0.1 | op=ALLOCATE_BLOCK {"volume":"aa8ac00d-8958-47c6-acb8-22504029769a","bucket":"a89db36d-47a6-4d80-890f-3eb68bdb04c3","key":"99b9d512-874f-4481-9315-659ad1645186","dataSize":"5242880","replicationType":"RATIS","replicationFactor":"ONE","clientID":"115385574343967005","Transaction":"1092"} | ret=SUCCESS |  
2025-10-16 19:48:59,795 | INFO  | SCMAudit | user=runner | ip=127.0.0.1 | op=ALLOCATE_BLOCK {"replication":"RATIS/ONE","owner":"omServiceIdDefault","size":"4194304","sampleBlocks":"[conID: 9 locID: 115816896921600316]","num":"1","client":"","allocated":"1"} | ret=SUCCESS |  
2025-10-16 19:48:59,796 | INFO  | OMAudit | user=runner | ip=127.0.0.1 | op=ALLOCATE_BLOCK {"volume":"aa8ac00d-8958-47c6-acb8-22504029769a","bucket":"a89db36d-47a6-4d80-890f-3eb68bdb04c3","key":"99b9d512-874f-4481-9315-659ad1645186","dataSize":"5242880","replicationType":"RATIS","replicationFactor":"ONE","clientID":"115385574343967005","Transaction":"1093"} | ret=SUCCESS |  
2025-10-16 19:48:59,811 | INFO  | OMAudit | user=runner | ip=127.0.0.1 | op=COMMIT_MULTIPART_UPLOAD_PARTKEY {"volume":"aa8ac00d-8958-47c6-acb8-22504029769a","bucket":"a89db36d-47a6-4d80-890f-3eb68bdb04c3","key":"99b9d512-874f-4481-9315-659ad1645186","dataSize":"5242880","ETag":"79b281060d337b9b2b84ccf390adcf74","uploadID":"0199ee91-8a59-7b17-ba78-1444f8e70226-115385574333415706","partNumber":"3","partName":"/aa8ac00d-8958-47c6-acb8-22504029769a/a89db36d-47a6-4d80-890f-3eb68bdb04c3/99b9d512-874f-4481-9315-659ad1645186-0199ee91-8a59-7b17-ba78-1444f8e70226-115385574333415706-3","Transaction":"1094"} | ret=SUCCESS |  
2025-10-16 19:48:59,813 [IPC Server handler 9 on default port 15006] DEBUG db.CodecBuffer (CodecBuffer.java:setCapacity(331)) - setCapacity: 4096 -> 5127, max=2147483647
2025-10-16 19:48:59,813 | INFO  | OMAudit | user=runner | ip=127.0.0.1 | op=LIST_MULTIPART_UPLOAD_PARTS {"volume":"aa8ac00d-8958-47c6-acb8-22504029769a","bucket":"a89db36d-47a6-4d80-890f-3eb68bdb04c3","key":"99b9d512-874f-4481-9315-659ad1645186","uploadID":"0199ee91-8a59-7b17-ba78-1444f8e70226-115385574333415706","partNumberMarker":"0","maxParts":"2"} | ret=SUCCESS |  
2025-10-16 19:48:59,814 [IPC Server handler 0 on default port 15006] DEBUG db.CodecBuffer (CodecBuffer.java:setCapacity(331)) - setCapacity: 4096 -> 5127, max=2147483647
2025-10-16 19:48:59,814 | INFO  | OMAudit | user=runner | ip=127.0.0.1 | op=LIST_MULTIPART_UPLOAD_PARTS {"volume":"aa8ac00d-8958-47c6-acb8-22504029769a","bucket":"a89db36d-47a6-4d80-890f-3eb68bdb04c3","key":"99b9d512-874f-4481-9315-659ad1645186","uploadID":"0199ee91-8a59-7b17-ba78-1444f8e70226-115385574333415706","partNumberMarker":"2","maxParts":"2"} | ret=SUCCESS |  
]]></system-out>
  </testcase>
  <testcase name="testListMultipartUploadPartsWithContinuation(ReplicationConfig)[2]" classname="org.apache.hadoop.ozone.client.rpc.TestSecureOzoneRpcClient" time="0.245">
    <system-out><![CDATA[2025-10-16 19:48:59,817 [ForkJoinPool-1-worker-1] INFO  rpc.RpcClient (RpcClient.java:createVolume(461)) - Creating Volume: 74c47b86-fd31-4aaa-9906-51bf7c2814ef, with runner as owner and space quota set to -1 bytes, counts quota set to -1
2025-10-16 19:48:59,819 [om1-OMStateMachineApplyTransactionThread - 0] INFO  volume.OMVolumeCreateRequest (OMVolumeCreateRequest.java:validateAndUpdateCache(213)) - created volume:74c47b86-fd31-4aaa-9906-51bf7c2814ef for user:runner
2025-10-16 19:48:59,819 | INFO  | OMAudit | user=runner | ip=127.0.0.1 | op=CREATE_VOLUME {"admin":"runner","owner":"runner","volume":"74c47b86-fd31-4aaa-9906-51bf7c2814ef","creationTime":"1760644139818","modificationTime":"1760644139818","quotaInBytes":"-1","quotaInNamespace":"-1","usedNamespace":"0","objectID":"-9223372036854495488","updateID":"1095","Transaction":"1095"} | ret=SUCCESS |  
2025-10-16 19:48:59,820 | INFO  | OMAudit | user=runner | ip=127.0.0.1 | op=READ_VOLUME {"volume":"74c47b86-fd31-4aaa-9906-51bf7c2814ef"} | ret=SUCCESS |  
2025-10-16 19:48:59,821 [ForkJoinPool-1-worker-1] INFO  rpc.RpcClient (RpcClient.java:createBucket(686)) - Creating Bucket: 74c47b86-fd31-4aaa-9906-51bf7c2814ef/c021f806-e2f3-4aa9-8e58-4a396ca1c1fb, with server-side default bucket layout, runner as owner, Versioning false, Storage Type set to DISK and Encryption set to false, Replication Type set to server-side default replication type, Namespace Quota set to -1, Space Quota set to -1 
2025-10-16 19:48:59,822 [om1-OMStateMachineApplyTransactionThread - 0] INFO  bucket.OMBucketCreateRequest (OMBucketCreateRequest.java:validateAndUpdateCache(303)) - created bucket: c021f806-e2f3-4aa9-8e58-4a396ca1c1fb of layout FILE_SYSTEM_OPTIMIZED in volume: 74c47b86-fd31-4aaa-9906-51bf7c2814ef
2025-10-16 19:48:59,822 | INFO  | OMAudit | user=runner | ip=127.0.0.1 | op=CREATE_BUCKET {"volume":"74c47b86-fd31-4aaa-9906-51bf7c2814ef","bucket":"c021f806-e2f3-4aa9-8e58-4a396ca1c1fb","bucketLayout":"FILE_SYSTEM_OPTIMIZED","gdprEnabled":null,"acls":"[user:runner:a[ACCESS], group:runner:rl[ACCESS]]","isVersionEnabled":"false","storageType":"DISK","creationTime":"1760644139822","bucketEncryptionKey":null,"modificationTime":"1760644139822","usedBytes":"0","usedNamespace":"0","snapshotUsedBytes":"0","snapshotUsedNamespace":"0","owner":"runner","replicationType":null,"replicationConfig":null,"quotaInBytes":"-1","quotaInNamespace":"-1","Transaction":"1096"} | ret=SUCCESS |  
2025-10-16 19:48:59,824 | INFO  | OMAudit | user=runner | ip=127.0.0.1 | op=READ_BUCKET {"volume":"74c47b86-fd31-4aaa-9906-51bf7c2814ef","bucket":"c021f806-e2f3-4aa9-8e58-4a396ca1c1fb"} | ret=SUCCESS |  
2025-10-16 19:48:59,826 | INFO  | OMAudit | user=runner | ip=127.0.0.1 | op=INITIATE_MULTIPART_UPLOAD {"volume":"74c47b86-fd31-4aaa-9906-51bf7c2814ef","bucket":"c021f806-e2f3-4aa9-8e58-4a396ca1c1fb","key":"7833ae64-0f1a-49b0-ad41-ae0cc732ccc9","dataSize":"0","replicationType":"RATIS","replicationFactor":"THREE","uploadID":"0199ee91-8b31-7131-9dac-0a8f707a3fbc-115385574347571486","Transaction":"1097"} | ret=SUCCESS |  
2025-10-16 19:48:59,830 | INFO  | OMAudit | user=runner | ip=127.0.0.1 | op=ALLOCATE_KEY {"volume":"74c47b86-fd31-4aaa-9906-51bf7c2814ef","bucket":"c021f806-e2f3-4aa9-8e58-4a396ca1c1fb","key":"7833ae64-0f1a-49b0-ad41-ae0cc732ccc9","dataSize":"5242880","Transaction":"1098"} | ret=SUCCESS |  
2025-10-16 19:48:59,834 | INFO  | SCMAudit | user=runner | ip=127.0.0.1 | op=ALLOCATE_BLOCK {"replication":"RATIS/THREE","owner":"omServiceIdDefault","size":"4194304","sampleBlocks":"[conID: 18 locID: 115816896921600317]","num":"1","client":"","allocated":"1"} | ret=SUCCESS |  
2025-10-16 19:48:59,837 | INFO  | OMAudit | user=runner | ip=127.0.0.1 | op=ALLOCATE_BLOCK {"volume":"74c47b86-fd31-4aaa-9906-51bf7c2814ef","bucket":"c021f806-e2f3-4aa9-8e58-4a396ca1c1fb","key":"7833ae64-0f1a-49b0-ad41-ae0cc732ccc9","dataSize":"5242880","replicationType":"RATIS","replicationFactor":"THREE","clientID":"115385574347768095","Transaction":"1099"} | ret=SUCCESS |  
2025-10-16 19:48:59,891 | INFO  | SCMAudit | user=runner | ip=127.0.0.1 | op=ALLOCATE_BLOCK {"replication":"RATIS/THREE","owner":"omServiceIdDefault","size":"4194304","sampleBlocks":"[conID: 18 locID: 115816896921600318]","num":"1","client":"","allocated":"1"} | ret=SUCCESS |  
2025-10-16 19:48:59,895 | INFO  | OMAudit | user=runner | ip=127.0.0.1 | op=ALLOCATE_BLOCK {"volume":"74c47b86-fd31-4aaa-9906-51bf7c2814ef","bucket":"c021f806-e2f3-4aa9-8e58-4a396ca1c1fb","key":"7833ae64-0f1a-49b0-ad41-ae0cc732ccc9","dataSize":"5242880","replicationType":"RATIS","replicationFactor":"THREE","clientID":"115385574347768095","Transaction":"1100"} | ret=SUCCESS |  
2025-10-16 19:48:59,915 | INFO  | OMAudit | user=runner | ip=127.0.0.1 | op=COMMIT_MULTIPART_UPLOAD_PARTKEY {"volume":"74c47b86-fd31-4aaa-9906-51bf7c2814ef","bucket":"c021f806-e2f3-4aa9-8e58-4a396ca1c1fb","key":"7833ae64-0f1a-49b0-ad41-ae0cc732ccc9","dataSize":"5242880","ETag":"79b281060d337b9b2b84ccf390adcf74","uploadID":"0199ee91-8b31-7131-9dac-0a8f707a3fbc-115385574347571486","partNumber":"1","partName":"/74c47b86-fd31-4aaa-9906-51bf7c2814ef/c021f806-e2f3-4aa9-8e58-4a396ca1c1fb/7833ae64-0f1a-49b0-ad41-ae0cc732ccc9-0199ee91-8b31-7131-9dac-0a8f707a3fbc-115385574347571486-1","Transaction":"1101"} | ret=SUCCESS |  
2025-10-16 19:48:59,918 | INFO  | OMAudit | user=runner | ip=127.0.0.1 | op=ALLOCATE_KEY {"volume":"74c47b86-fd31-4aaa-9906-51bf7c2814ef","bucket":"c021f806-e2f3-4aa9-8e58-4a396ca1c1fb","key":"7833ae64-0f1a-49b0-ad41-ae0cc732ccc9","dataSize":"5242880","Transaction":"1102"} | ret=SUCCESS |  
2025-10-16 19:48:59,919 | INFO  | SCMAudit | user=runner | ip=127.0.0.1 | op=SEND_HEARTBEAT {"datanodeUUID":"f700af26-0e26-4136-9205-9509c82c8c70","term":"2","command":"[]"} | ret=SUCCESS |  
2025-10-16 19:48:59,920 | INFO  | SCMAudit | user=runner | ip=127.0.0.1 | op=ALLOCATE_BLOCK {"replication":"RATIS/THREE","owner":"omServiceIdDefault","size":"4194304","sampleBlocks":"[conID: 15 locID: 115816896921600319]","num":"1","client":"","allocated":"1"} | ret=SUCCESS |  
2025-10-16 19:48:59,922 | INFO  | OMAudit | user=runner | ip=127.0.0.1 | op=ALLOCATE_BLOCK {"volume":"74c47b86-fd31-4aaa-9906-51bf7c2814ef","bucket":"c021f806-e2f3-4aa9-8e58-4a396ca1c1fb","key":"7833ae64-0f1a-49b0-ad41-ae0cc732ccc9","dataSize":"5242880","replicationType":"RATIS","replicationFactor":"THREE","clientID":"115385574353600800","Transaction":"1103"} | ret=SUCCESS |  
2025-10-16 19:48:59,972 | INFO  | SCMAudit | user=runner | ip=127.0.0.1 | op=ALLOCATE_BLOCK {"replication":"RATIS/THREE","owner":"omServiceIdDefault","size":"4194304","sampleBlocks":"[conID: 15 locID: 115816896921600320]","num":"1","client":"","allocated":"1"} | ret=SUCCESS |  
2025-10-16 19:48:59,974 | INFO  | OMAudit | user=runner | ip=127.0.0.1 | op=ALLOCATE_BLOCK {"volume":"74c47b86-fd31-4aaa-9906-51bf7c2814ef","bucket":"c021f806-e2f3-4aa9-8e58-4a396ca1c1fb","key":"7833ae64-0f1a-49b0-ad41-ae0cc732ccc9","dataSize":"5242880","replicationType":"RATIS","replicationFactor":"THREE","clientID":"115385574353600800","Transaction":"1104"} | ret=SUCCESS |  
2025-10-16 19:48:59,990 | INFO  | OMAudit | user=runner | ip=127.0.0.1 | op=COMMIT_MULTIPART_UPLOAD_PARTKEY {"volume":"74c47b86-fd31-4aaa-9906-51bf7c2814ef","bucket":"c021f806-e2f3-4aa9-8e58-4a396ca1c1fb","key":"7833ae64-0f1a-49b0-ad41-ae0cc732ccc9","dataSize":"5242880","ETag":"79b281060d337b9b2b84ccf390adcf74","uploadID":"0199ee91-8b31-7131-9dac-0a8f707a3fbc-115385574347571486","partNumber":"2","partName":"/74c47b86-fd31-4aaa-9906-51bf7c2814ef/c021f806-e2f3-4aa9-8e58-4a396ca1c1fb/7833ae64-0f1a-49b0-ad41-ae0cc732ccc9-0199ee91-8b31-7131-9dac-0a8f707a3fbc-115385574347571486-2","Transaction":"1105"} | ret=SUCCESS |  
2025-10-16 19:48:59,993 | INFO  | OMAudit | user=runner | ip=127.0.0.1 | op=ALLOCATE_KEY {"volume":"74c47b86-fd31-4aaa-9906-51bf7c2814ef","bucket":"c021f806-e2f3-4aa9-8e58-4a396ca1c1fb","key":"7833ae64-0f1a-49b0-ad41-ae0cc732ccc9","dataSize":"5242880","Transaction":"1106"} | ret=SUCCESS |  
2025-10-16 19:48:59,996 | INFO  | SCMAudit | user=runner | ip=127.0.0.1 | op=ALLOCATE_BLOCK {"replication":"RATIS/THREE","owner":"omServiceIdDefault","size":"4194304","sampleBlocks":"[conID: 14 locID: 115816896921600321]","num":"1","client":"","allocated":"1"} | ret=SUCCESS |  
2025-10-16 19:48:59,997 | INFO  | OMAudit | user=runner | ip=127.0.0.1 | op=ALLOCATE_BLOCK {"volume":"74c47b86-fd31-4aaa-9906-51bf7c2814ef","bucket":"c021f806-e2f3-4aa9-8e58-4a396ca1c1fb","key":"7833ae64-0f1a-49b0-ad41-ae0cc732ccc9","dataSize":"5242880","replicationType":"RATIS","replicationFactor":"THREE","clientID":"115385574358516001","Transaction":"1107"} | ret=SUCCESS |  
2025-10-16 19:49:00,034 | INFO  | SCMAudit | user=runner | ip=127.0.0.1 | op=ALLOCATE_BLOCK {"replication":"RATIS/THREE","owner":"omServiceIdDefault","size":"4194304","sampleBlocks":"[conID: 19 locID: 115816896921600322]","num":"1","client":"","allocated":"1"} | ret=SUCCESS |  
2025-10-16 19:49:00,036 | INFO  | OMAudit | user=runner | ip=127.0.0.1 | op=ALLOCATE_BLOCK {"volume":"74c47b86-fd31-4aaa-9906-51bf7c2814ef","bucket":"c021f806-e2f3-4aa9-8e58-4a396ca1c1fb","key":"7833ae64-0f1a-49b0-ad41-ae0cc732ccc9","dataSize":"5242880","replicationType":"RATIS","replicationFactor":"THREE","clientID":"115385574358516001","Transaction":"1108"} | ret=SUCCESS |  
2025-10-16 19:49:00,057 [om1-OMStateMachineApplyTransactionThread - 0] DEBUG db.CodecBuffer (CodecBuffer.java:setCapacity(331)) - setCapacity: 4096 -> 5299, max=2147483647
2025-10-16 19:49:00,058 | INFO  | OMAudit | user=runner | ip=127.0.0.1 | op=COMMIT_MULTIPART_UPLOAD_PARTKEY {"volume":"74c47b86-fd31-4aaa-9906-51bf7c2814ef","bucket":"c021f806-e2f3-4aa9-8e58-4a396ca1c1fb","key":"7833ae64-0f1a-49b0-ad41-ae0cc732ccc9","dataSize":"5242880","ETag":"79b281060d337b9b2b84ccf390adcf74","uploadID":"0199ee91-8b31-7131-9dac-0a8f707a3fbc-115385574347571486","partNumber":"3","partName":"/74c47b86-fd31-4aaa-9906-51bf7c2814ef/c021f806-e2f3-4aa9-8e58-4a396ca1c1fb/7833ae64-0f1a-49b0-ad41-ae0cc732ccc9-0199ee91-8b31-7131-9dac-0a8f707a3fbc-115385574347571486-3","Transaction":"1109"} | ret=SUCCESS |  
2025-10-16 19:49:00,059 | INFO  | OMAudit | user=runner | ip=127.0.0.1 | op=LIST_MULTIPART_UPLOAD_PARTS {"volume":"74c47b86-fd31-4aaa-9906-51bf7c2814ef","bucket":"c021f806-e2f3-4aa9-8e58-4a396ca1c1fb","key":"7833ae64-0f1a-49b0-ad41-ae0cc732ccc9","uploadID":"0199ee91-8b31-7131-9dac-0a8f707a3fbc-115385574347571486","partNumberMarker":"0","maxParts":"2"} | ret=SUCCESS |  
2025-10-16 19:49:00,061 [IPC Server handler 9 on default port 15006] DEBUG db.CodecBuffer (CodecBuffer.java:setCapacity(331)) - setCapacity: 4096 -> 7903, max=2147483647
2025-10-16 19:49:00,061 | INFO  | OMAudit | user=runner | ip=127.0.0.1 | op=LIST_MULTIPART_UPLOAD_PARTS {"volume":"74c47b86-fd31-4aaa-9906-51bf7c2814ef","bucket":"c021f806-e2f3-4aa9-8e58-4a396ca1c1fb","key":"7833ae64-0f1a-49b0-ad41-ae0cc732ccc9","uploadID":"0199ee91-8b31-7131-9dac-0a8f707a3fbc-115385574347571486","partNumberMarker":"2","maxParts":"2"} | ret=SUCCESS |  
]]></system-out>
  </testcase>
  <testcase name="testListMultipartUploadPartsWithContinuation(ReplicationConfig)[3]" classname="org.apache.hadoop.ozone.client.rpc.TestSecureOzoneRpcClient" time="0.169">
    <system-out><![CDATA[2025-10-16 19:49:00,064 [ForkJoinPool-1-worker-1] INFO  rpc.RpcClient (RpcClient.java:createVolume(461)) - Creating Volume: 798850d7-6d67-4a65-8ecf-21afd2cba665, with runner as owner and space quota set to -1 bytes, counts quota set to -1
2025-10-16 19:49:00,066 [om1-OMStateMachineApplyTransactionThread - 0] INFO  volume.OMVolumeCreateRequest (OMVolumeCreateRequest.java:validateAndUpdateCache(213)) - created volume:798850d7-6d67-4a65-8ecf-21afd2cba665 for user:runner
2025-10-16 19:49:00,066 | INFO  | OMAudit | user=runner | ip=127.0.0.1 | op=CREATE_VOLUME {"admin":"runner","owner":"runner","volume":"798850d7-6d67-4a65-8ecf-21afd2cba665","creationTime":"1760644140065","modificationTime":"1760644140065","quotaInBytes":"-1","quotaInNamespace":"-1","usedNamespace":"0","objectID":"-9223372036854491648","updateID":"1110","Transaction":"1110"} | ret=SUCCESS |  
2025-10-16 19:49:00,068 | INFO  | OMAudit | user=runner | ip=127.0.0.1 | op=READ_VOLUME {"volume":"798850d7-6d67-4a65-8ecf-21afd2cba665"} | ret=SUCCESS |  
2025-10-16 19:49:00,068 [ForkJoinPool-1-worker-1] INFO  rpc.RpcClient (RpcClient.java:createBucket(686)) - Creating Bucket: 798850d7-6d67-4a65-8ecf-21afd2cba665/27b100db-2c9f-42c3-a5a4-8d94b41f0d49, with server-side default bucket layout, runner as owner, Versioning false, Storage Type set to DISK and Encryption set to false, Replication Type set to server-side default replication type, Namespace Quota set to -1, Space Quota set to -1 
2025-10-16 19:49:00,070 [om1-OMStateMachineApplyTransactionThread - 0] INFO  bucket.OMBucketCreateRequest (OMBucketCreateRequest.java:validateAndUpdateCache(303)) - created bucket: 27b100db-2c9f-42c3-a5a4-8d94b41f0d49 of layout FILE_SYSTEM_OPTIMIZED in volume: 798850d7-6d67-4a65-8ecf-21afd2cba665
2025-10-16 19:49:00,070 | INFO  | OMAudit | user=runner | ip=127.0.0.1 | op=CREATE_BUCKET {"volume":"798850d7-6d67-4a65-8ecf-21afd2cba665","bucket":"27b100db-2c9f-42c3-a5a4-8d94b41f0d49","bucketLayout":"FILE_SYSTEM_OPTIMIZED","gdprEnabled":null,"acls":"[user:runner:a[ACCESS], group:runner:rl[ACCESS]]","isVersionEnabled":"false","storageType":"DISK","creationTime":"1760644140069","bucketEncryptionKey":null,"modificationTime":"1760644140069","usedBytes":"0","usedNamespace":"0","snapshotUsedBytes":"0","snapshotUsedNamespace":"0","owner":"runner","replicationType":null,"replicationConfig":null,"quotaInBytes":"-1","quotaInNamespace":"-1","Transaction":"1111"} | ret=SUCCESS |  
2025-10-16 19:49:00,071 | INFO  | OMAudit | user=runner | ip=127.0.0.1 | op=READ_BUCKET {"volume":"798850d7-6d67-4a65-8ecf-21afd2cba665","bucket":"27b100db-2c9f-42c3-a5a4-8d94b41f0d49"} | ret=SUCCESS |  
2025-10-16 19:49:00,074 | INFO  | OMAudit | user=runner | ip=127.0.0.1 | op=INITIATE_MULTIPART_UPLOAD {"volume":"798850d7-6d67-4a65-8ecf-21afd2cba665","bucket":"27b100db-2c9f-42c3-a5a4-8d94b41f0d49","key":"ba0d119d-e268-4814-b0a6-1e2fe0c61803","dataSize":"0","replicationType":"EC","replicationConfig":"rs-3-2-1048576","uploadID":"0199ee91-8c28-79e2-a79f-0a5716526772-115385574363758882","Transaction":"1112"} | ret=SUCCESS |  
2025-10-16 19:49:00,077 | INFO  | OMAudit | user=runner | ip=127.0.0.1 | op=ALLOCATE_KEY {"volume":"798850d7-6d67-4a65-8ecf-21afd2cba665","bucket":"27b100db-2c9f-42c3-a5a4-8d94b41f0d49","key":"ba0d119d-e268-4814-b0a6-1e2fe0c61803","dataSize":"5242880","Transaction":"1113"} | ret=SUCCESS |  
2025-10-16 19:49:00,085 | INFO  | SCMAudit | user=runner | ip=127.0.0.1 | op=ALLOCATE_BLOCK {"replication":"EC{rs-3-2-1024k}","owner":"omServiceIdDefault","size":"4194304","sampleBlocks":"[conID: 24 locID: 115816896921600323]","num":"1","client":"","allocated":"1"} | ret=SUCCESS |  
2025-10-16 19:49:00,088 | INFO  | OMAudit | user=runner | ip=127.0.0.1 | op=ALLOCATE_BLOCK {"volume":"798850d7-6d67-4a65-8ecf-21afd2cba665","bucket":"27b100db-2c9f-42c3-a5a4-8d94b41f0d49","key":"ba0d119d-e268-4814-b0a6-1e2fe0c61803","dataSize":"5242880","replicationType":"EC","replicationConfig":"rs-3-2-1048576","clientID":"115385574364021027","Transaction":"1114"} | ret=SUCCESS |  
2025-10-16 19:49:00,118 | INFO  | SCMAudit | user=runner | ip=127.0.0.1 | op=SEND_HEARTBEAT {"datanodeUUID":"e33e6ec4-6b66-4281-bedd-2bd75bd30070","term":"2","command":"[]"} | ret=SUCCESS |  
2025-10-16 19:49:00,117 | INFO  | SCMAudit | user=runner | ip=127.0.0.1 | op=SEND_HEARTBEAT {"datanodeUUID":"c0724e9c-0dd4-4d47-992c-7bfe285fdd38","term":"2","command":"[]"} | ret=SUCCESS |  
2025-10-16 19:49:00,118 | INFO  | SCMAudit | user=runner | ip=127.0.0.1 | op=SEND_HEARTBEAT {"datanodeUUID":"8a3c3252-9afe-4d3a-8492-25be6557678a","term":"2","command":"[]"} | ret=SUCCESS |  
2025-10-16 19:49:00,119 | INFO  | SCMAudit | user=runner | ip=127.0.0.1 | op=SEND_HEARTBEAT {"datanodeUUID":"8a0fa2ff-b550-4652-b2fe-0cf91cd4a157","term":"2","command":"[]"} | ret=SUCCESS |  
2025-10-16 19:49:00,120 | INFO  | OMAudit | user=runner | ip=127.0.0.1 | op=COMMIT_MULTIPART_UPLOAD_PARTKEY {"volume":"798850d7-6d67-4a65-8ecf-21afd2cba665","bucket":"27b100db-2c9f-42c3-a5a4-8d94b41f0d49","key":"ba0d119d-e268-4814-b0a6-1e2fe0c61803","dataSize":"5242880","ETag":"79b281060d337b9b2b84ccf390adcf74","uploadID":"0199ee91-8c28-79e2-a79f-0a5716526772-115385574363758882","partNumber":"1","partName":"/798850d7-6d67-4a65-8ecf-21afd2cba665/27b100db-2c9f-42c3-a5a4-8d94b41f0d49/ba0d119d-e268-4814-b0a6-1e2fe0c61803-0199ee91-8c28-79e2-a79f-0a5716526772-115385574363758882-1","Transaction":"1115"} | ret=SUCCESS |  
2025-10-16 19:49:00,123 | INFO  | SCMAudit | user=runner | ip=127.0.0.1 | op=SEND_HEARTBEAT {"datanodeUUID":"aa213937-adc5-47da-a770-0ee1e4664344","term":"2","command":"[]"} | ret=SUCCESS |  
2025-10-16 19:49:00,123 | INFO  | OMAudit | user=runner | ip=127.0.0.1 | op=ALLOCATE_KEY {"volume":"798850d7-6d67-4a65-8ecf-21afd2cba665","bucket":"27b100db-2c9f-42c3-a5a4-8d94b41f0d49","key":"ba0d119d-e268-4814-b0a6-1e2fe0c61803","dataSize":"5242880","Transaction":"1116"} | ret=SUCCESS |  
2025-10-16 19:49:00,128 | INFO  | SCMAudit | user=runner | ip=127.0.0.1 | op=SEND_HEARTBEAT {"datanodeUUID":"58cff6b7-b2a7-446b-a75a-bb98ad6b11b8","term":"2","command":"[]"} | ret=SUCCESS |  
2025-10-16 19:49:00,132 | INFO  | SCMAudit | user=runner | ip=127.0.0.1 | op=ALLOCATE_BLOCK {"replication":"EC{rs-3-2-1024k}","owner":"omServiceIdDefault","size":"4194304","sampleBlocks":"[conID: 25 locID: 115816896921600324]","num":"1","client":"","allocated":"1"} | ret=SUCCESS |  
2025-10-16 19:49:00,134 | INFO  | OMAudit | user=runner | ip=127.0.0.1 | op=ALLOCATE_BLOCK {"volume":"798850d7-6d67-4a65-8ecf-21afd2cba665","bucket":"27b100db-2c9f-42c3-a5a4-8d94b41f0d49","key":"ba0d119d-e268-4814-b0a6-1e2fe0c61803","dataSize":"5242880","replicationType":"EC","replicationConfig":"rs-3-2-1048576","clientID":"115385574367035684","Transaction":"1117"} | ret=SUCCESS |  
2025-10-16 19:49:00,136 | INFO  | SCMAudit | user=runner | ip=127.0.0.1 | op=SEND_HEARTBEAT {"datanodeUUID":"0428ab3f-efd5-438e-ae11-9ec242443260","term":"2","command":"[]"} | ret=SUCCESS |  
2025-10-16 19:49:00,136 | INFO  | SCMAudit | user=runner | ip=127.0.0.1 | op=SEND_HEARTBEAT {"datanodeUUID":"e072d245-7694-4d97-8e20-c503ebf8c2fe","term":"2","command":"[]"} | ret=SUCCESS |  
2025-10-16 19:49:00,177 | INFO  | OMAudit | user=runner | ip=127.0.0.1 | op=COMMIT_MULTIPART_UPLOAD_PARTKEY {"volume":"798850d7-6d67-4a65-8ecf-21afd2cba665","bucket":"27b100db-2c9f-42c3-a5a4-8d94b41f0d49","key":"ba0d119d-e268-4814-b0a6-1e2fe0c61803","dataSize":"5242880","ETag":"79b281060d337b9b2b84ccf390adcf74","uploadID":"0199ee91-8c28-79e2-a79f-0a5716526772-115385574363758882","partNumber":"2","partName":"/798850d7-6d67-4a65-8ecf-21afd2cba665/27b100db-2c9f-42c3-a5a4-8d94b41f0d49/ba0d119d-e268-4814-b0a6-1e2fe0c61803-0199ee91-8c28-79e2-a79f-0a5716526772-115385574363758882-2","Transaction":"1118"} | ret=SUCCESS |  
2025-10-16 19:49:00,180 | INFO  | OMAudit | user=runner | ip=127.0.0.1 | op=ALLOCATE_KEY {"volume":"798850d7-6d67-4a65-8ecf-21afd2cba665","bucket":"27b100db-2c9f-42c3-a5a4-8d94b41f0d49","key":"ba0d119d-e268-4814-b0a6-1e2fe0c61803","dataSize":"5242880","Transaction":"1119"} | ret=SUCCESS |  
2025-10-16 19:49:00,188 | INFO  | SCMAudit | user=runner | ip=127.0.0.1 | op=ALLOCATE_BLOCK {"replication":"EC{rs-3-2-1024k}","owner":"omServiceIdDefault","size":"4194304","sampleBlocks":"[conID: 23 locID: 115816896921600325]","num":"1","client":"","allocated":"1"} | ret=SUCCESS |  
2025-10-16 19:49:00,194 | INFO  | OMAudit | user=runner | ip=127.0.0.1 | op=ALLOCATE_BLOCK {"volume":"798850d7-6d67-4a65-8ecf-21afd2cba665","bucket":"27b100db-2c9f-42c3-a5a4-8d94b41f0d49","key":"ba0d119d-e268-4814-b0a6-1e2fe0c61803","dataSize":"5242880","replicationType":"EC","replicationConfig":"rs-3-2-1048576","clientID":"115385574370771237","Transaction":"1120"} | ret=SUCCESS |  
2025-10-16 19:49:00,228 | INFO  | OMAudit | user=runner | ip=127.0.0.1 | op=COMMIT_MULTIPART_UPLOAD_PARTKEY {"volume":"798850d7-6d67-4a65-8ecf-21afd2cba665","bucket":"27b100db-2c9f-42c3-a5a4-8d94b41f0d49","key":"ba0d119d-e268-4814-b0a6-1e2fe0c61803","dataSize":"5242880","ETag":"79b281060d337b9b2b84ccf390adcf74","uploadID":"0199ee91-8c28-79e2-a79f-0a5716526772-115385574363758882","partNumber":"3","partName":"/798850d7-6d67-4a65-8ecf-21afd2cba665/27b100db-2c9f-42c3-a5a4-8d94b41f0d49/ba0d119d-e268-4814-b0a6-1e2fe0c61803-0199ee91-8c28-79e2-a79f-0a5716526772-115385574363758882-3","Transaction":"1121"} | ret=SUCCESS |  
2025-10-16 19:49:00,230 [IPC Server handler 4 on default port 15006] DEBUG db.CodecBuffer (CodecBuffer.java:setCapacity(331)) - setCapacity: 4096 -> 5835, max=2147483647
2025-10-16 19:49:00,231 | INFO  | OMAudit | user=runner | ip=127.0.0.1 | op=LIST_MULTIPART_UPLOAD_PARTS {"volume":"798850d7-6d67-4a65-8ecf-21afd2cba665","bucket":"27b100db-2c9f-42c3-a5a4-8d94b41f0d49","key":"ba0d119d-e268-4814-b0a6-1e2fe0c61803","uploadID":"0199ee91-8c28-79e2-a79f-0a5716526772-115385574363758882","partNumberMarker":"0","maxParts":"2"} | ret=SUCCESS |  
2025-10-16 19:49:00,232 [IPC Server handler 3 on default port 15006] DEBUG db.CodecBuffer (CodecBuffer.java:setCapacity(331)) - setCapacity: 4096 -> 5835, max=2147483647
2025-10-16 19:49:00,232 | INFO  | OMAudit | user=runner | ip=127.0.0.1 | op=LIST_MULTIPART_UPLOAD_PARTS {"volume":"798850d7-6d67-4a65-8ecf-21afd2cba665","bucket":"27b100db-2c9f-42c3-a5a4-8d94b41f0d49","key":"ba0d119d-e268-4814-b0a6-1e2fe0c61803","uploadID":"0199ee91-8c28-79e2-a79f-0a5716526772-115385574363758882","partNumberMarker":"2","maxParts":"2"} | ret=SUCCESS |  
]]></system-out>
  </testcase>
  <testcase name="testListPartsInvalidInput(int, int, String)[1]" classname="org.apache.hadoop.ozone.client.rpc.TestSecureOzoneRpcClient" time="0.017">
    <system-out><![CDATA[2025-10-16 19:49:00,263 [ForkJoinPool-1-worker-1] INFO  rpc.RpcClient (RpcClient.java:createVolume(461)) - Creating Volume: 09af3c84-780c-4ac8-bbaf-422648f14164, with runner as owner and space quota set to -1 bytes, counts quota set to -1
2025-10-16 19:49:00,265 [om1-OMStateMachineApplyTransactionThread - 0] INFO  volume.OMVolumeCreateRequest (OMVolumeCreateRequest.java:validateAndUpdateCache(213)) - created volume:09af3c84-780c-4ac8-bbaf-422648f14164 for user:runner
2025-10-16 19:49:00,265 | INFO  | OMAudit | user=runner | ip=127.0.0.1 | op=CREATE_VOLUME {"admin":"runner","owner":"runner","volume":"09af3c84-780c-4ac8-bbaf-422648f14164","creationTime":"1760644140264","modificationTime":"1760644140264","quotaInBytes":"-1","quotaInNamespace":"-1","usedNamespace":"0","objectID":"-9223372036854488576","updateID":"1122","Transaction":"1122"} | ret=SUCCESS |  
2025-10-16 19:49:00,266 | INFO  | OMAudit | user=runner | ip=127.0.0.1 | op=READ_VOLUME {"volume":"09af3c84-780c-4ac8-bbaf-422648f14164"} | ret=SUCCESS |  
2025-10-16 19:49:00,267 [ForkJoinPool-1-worker-1] INFO  rpc.RpcClient (RpcClient.java:createBucket(686)) - Creating Bucket: 09af3c84-780c-4ac8-bbaf-422648f14164/3cf8512c-3918-46bc-9d55-b8c7a4d8c40d, with server-side default bucket layout, runner as owner, Versioning false, Storage Type set to DISK and Encryption set to false, Replication Type set to server-side default replication type, Namespace Quota set to -1, Space Quota set to -1 
2025-10-16 19:49:00,268 [om1-OMStateMachineApplyTransactionThread - 0] INFO  bucket.OMBucketCreateRequest (OMBucketCreateRequest.java:validateAndUpdateCache(303)) - created bucket: 3cf8512c-3918-46bc-9d55-b8c7a4d8c40d of layout FILE_SYSTEM_OPTIMIZED in volume: 09af3c84-780c-4ac8-bbaf-422648f14164
2025-10-16 19:49:00,269 | INFO  | OMAudit | user=runner | ip=127.0.0.1 | op=CREATE_BUCKET {"volume":"09af3c84-780c-4ac8-bbaf-422648f14164","bucket":"3cf8512c-3918-46bc-9d55-b8c7a4d8c40d","bucketLayout":"FILE_SYSTEM_OPTIMIZED","gdprEnabled":null,"acls":"[user:runner:a[ACCESS], group:runner:rl[ACCESS]]","isVersionEnabled":"false","storageType":"DISK","creationTime":"1760644140268","bucketEncryptionKey":null,"modificationTime":"1760644140268","usedBytes":"0","usedNamespace":"0","snapshotUsedBytes":"0","snapshotUsedNamespace":"0","owner":"runner","replicationType":null,"replicationConfig":null,"quotaInBytes":"-1","quotaInNamespace":"-1","Transaction":"1123"} | ret=SUCCESS |  
2025-10-16 19:49:00,269 | INFO  | OMAudit | user=runner | ip=127.0.0.1 | op=READ_BUCKET {"volume":"09af3c84-780c-4ac8-bbaf-422648f14164","bucket":"3cf8512c-3918-46bc-9d55-b8c7a4d8c40d"} | ret=SUCCESS |  
]]></system-out>
  </testcase>
  <testcase name="testListPartsInvalidInput(int, int, String)[2]" classname="org.apache.hadoop.ozone.client.rpc.TestSecureOzoneRpcClient" time="0.007">
    <system-out><![CDATA[2025-10-16 19:49:00,273 [ForkJoinPool-1-worker-1] INFO  rpc.RpcClient (RpcClient.java:createVolume(461)) - Creating Volume: 1aa4dd4e-38fa-4de6-a9f8-c86d32d7ed19, with runner as owner and space quota set to -1 bytes, counts quota set to -1
2025-10-16 19:49:00,274 [om1-OMStateMachineApplyTransactionThread - 0] INFO  volume.OMVolumeCreateRequest (OMVolumeCreateRequest.java:validateAndUpdateCache(213)) - created volume:1aa4dd4e-38fa-4de6-a9f8-c86d32d7ed19 for user:runner
2025-10-16 19:49:00,274 | INFO  | OMAudit | user=runner | ip=127.0.0.1 | op=CREATE_VOLUME {"admin":"runner","owner":"runner","volume":"1aa4dd4e-38fa-4de6-a9f8-c86d32d7ed19","creationTime":"1760644140273","modificationTime":"1760644140273","quotaInBytes":"-1","quotaInNamespace":"-1","usedNamespace":"0","objectID":"-9223372036854488064","updateID":"1124","Transaction":"1124"} | ret=SUCCESS |  
2025-10-16 19:49:00,275 | INFO  | OMAudit | user=runner | ip=127.0.0.1 | op=READ_VOLUME {"volume":"1aa4dd4e-38fa-4de6-a9f8-c86d32d7ed19"} | ret=SUCCESS |  
2025-10-16 19:49:00,276 [ForkJoinPool-1-worker-1] INFO  rpc.RpcClient (RpcClient.java:createBucket(686)) - Creating Bucket: 1aa4dd4e-38fa-4de6-a9f8-c86d32d7ed19/45473fa5-8cb2-4f9c-8bf6-d49d858be62a, with server-side default bucket layout, runner as owner, Versioning false, Storage Type set to DISK and Encryption set to false, Replication Type set to server-side default replication type, Namespace Quota set to -1, Space Quota set to -1 
2025-10-16 19:49:00,277 [om1-OMStateMachineApplyTransactionThread - 0] INFO  bucket.OMBucketCreateRequest (OMBucketCreateRequest.java:validateAndUpdateCache(303)) - created bucket: 45473fa5-8cb2-4f9c-8bf6-d49d858be62a of layout FILE_SYSTEM_OPTIMIZED in volume: 1aa4dd4e-38fa-4de6-a9f8-c86d32d7ed19
2025-10-16 19:49:00,277 | INFO  | OMAudit | user=runner | ip=127.0.0.1 | op=CREATE_BUCKET {"volume":"1aa4dd4e-38fa-4de6-a9f8-c86d32d7ed19","bucket":"45473fa5-8cb2-4f9c-8bf6-d49d858be62a","bucketLayout":"FILE_SYSTEM_OPTIMIZED","gdprEnabled":null,"acls":"[user:runner:a[ACCESS], group:runner:rl[ACCESS]]","isVersionEnabled":"false","storageType":"DISK","creationTime":"1760644140276","bucketEncryptionKey":null,"modificationTime":"1760644140276","usedBytes":"0","usedNamespace":"0","snapshotUsedBytes":"0","snapshotUsedNamespace":"0","owner":"runner","replicationType":null,"replicationConfig":null,"quotaInBytes":"-1","quotaInNamespace":"-1","Transaction":"1125"} | ret=SUCCESS |  
2025-10-16 19:49:00,279 | INFO  | OMAudit | user=runner | ip=127.0.0.1 | op=READ_BUCKET {"volume":"1aa4dd4e-38fa-4de6-a9f8-c86d32d7ed19","bucket":"45473fa5-8cb2-4f9c-8bf6-d49d858be62a"} | ret=SUCCESS |  
]]></system-out>
  </testcase>
  <testcase name="testListPartsWithInvalidUploadID" classname="org.apache.hadoop.ozone.client.rpc.TestSecureOzoneRpcClient" time="0.009">
    <system-out><![CDATA[2025-10-16 19:49:00,281 [ForkJoinPool-1-worker-1] INFO  rpc.RpcClient (RpcClient.java:createVolume(461)) - Creating Volume: 3d7f4327-13b1-4691-9af8-3b403213429e, with runner as owner and space quota set to -1 bytes, counts quota set to -1
2025-10-16 19:49:00,283 [om1-OMStateMachineApplyTransactionThread - 0] INFO  volume.OMVolumeCreateRequest (OMVolumeCreateRequest.java:validateAndUpdateCache(213)) - created volume:3d7f4327-13b1-4691-9af8-3b403213429e for user:runner
2025-10-16 19:49:00,283 | INFO  | OMAudit | user=runner | ip=127.0.0.1 | op=CREATE_VOLUME {"admin":"runner","owner":"runner","volume":"3d7f4327-13b1-4691-9af8-3b403213429e","creationTime":"1760644140282","modificationTime":"1760644140282","quotaInBytes":"-1","quotaInNamespace":"-1","usedNamespace":"0","objectID":"-9223372036854487552","updateID":"1126","Transaction":"1126"} | ret=SUCCESS |  
2025-10-16 19:49:00,284 | INFO  | OMAudit | user=runner | ip=127.0.0.1 | op=READ_VOLUME {"volume":"3d7f4327-13b1-4691-9af8-3b403213429e"} | ret=SUCCESS |  
2025-10-16 19:49:00,284 [ForkJoinPool-1-worker-1] INFO  rpc.RpcClient (RpcClient.java:createBucket(686)) - Creating Bucket: 3d7f4327-13b1-4691-9af8-3b403213429e/b033594f-cb37-4716-bbc6-dd4f37bd58b9, with server-side default bucket layout, runner as owner, Versioning false, Storage Type set to DISK and Encryption set to false, Replication Type set to server-side default replication type, Namespace Quota set to -1, Space Quota set to -1 
2025-10-16 19:49:00,286 [om1-OMStateMachineApplyTransactionThread - 0] INFO  bucket.OMBucketCreateRequest (OMBucketCreateRequest.java:validateAndUpdateCache(303)) - created bucket: b033594f-cb37-4716-bbc6-dd4f37bd58b9 of layout FILE_SYSTEM_OPTIMIZED in volume: 3d7f4327-13b1-4691-9af8-3b403213429e
2025-10-16 19:49:00,286 | INFO  | OMAudit | user=runner | ip=127.0.0.1 | op=CREATE_BUCKET {"volume":"3d7f4327-13b1-4691-9af8-3b403213429e","bucket":"b033594f-cb37-4716-bbc6-dd4f37bd58b9","bucketLayout":"FILE_SYSTEM_OPTIMIZED","gdprEnabled":null,"acls":"[user:runner:a[ACCESS], group:runner:rl[ACCESS]]","isVersionEnabled":"false","storageType":"DISK","creationTime":"1760644140285","bucketEncryptionKey":null,"modificationTime":"1760644140285","usedBytes":"0","usedNamespace":"0","snapshotUsedBytes":"0","snapshotUsedNamespace":"0","owner":"runner","replicationType":null,"replicationConfig":null,"quotaInBytes":"-1","quotaInNamespace":"-1","Transaction":"1127"} | ret=SUCCESS |  
2025-10-16 19:49:00,287 | INFO  | OMAudit | user=runner | ip=127.0.0.1 | op=READ_BUCKET {"volume":"3d7f4327-13b1-4691-9af8-3b403213429e","bucket":"b033594f-cb37-4716-bbc6-dd4f37bd58b9"} | ret=SUCCESS |  
2025-10-16 19:49:00,288 | ERROR | OMAudit | user=runner | ip=127.0.0.1 | op=LIST_MULTIPART_UPLOAD_PARTS {"volume":"3d7f4327-13b1-4691-9af8-3b403213429e","bucket":"b033594f-cb37-4716-bbc6-dd4f37bd58b9","key":"d3b8e921-d69f-414a-a718-449ddd9fe9b8","uploadID":"random","partNumberMarker":"100","maxParts":"2"} | ret=FAILURE | 
org.apache.hadoop.ozone.om.exceptions.OMException: No Such Multipart upload exists for this key.
	at org.apache.hadoop.ozone.om.KeyManagerImpl.listParts(KeyManagerImpl.java:1114)
	at org.apache.hadoop.ozone.om.OzoneManager.listParts(OzoneManager.java:3860)
 
]]></system-out>
  </testcase>
  <testcase name="testListPartsWithPartMarkerGreaterThanPartCount" classname="org.apache.hadoop.ozone.client.rpc.TestSecureOzoneRpcClient" time="0.055">
    <system-out><![CDATA[2025-10-16 19:49:00,290 [ForkJoinPool-1-worker-1] INFO  rpc.RpcClient (RpcClient.java:createVolume(461)) - Creating Volume: 2f613672-77c8-4533-85a2-f2509e27bbcf, with runner as owner and space quota set to -1 bytes, counts quota set to -1
2025-10-16 19:49:00,292 [om1-OMStateMachineApplyTransactionThread - 0] INFO  volume.OMVolumeCreateRequest (OMVolumeCreateRequest.java:validateAndUpdateCache(213)) - created volume:2f613672-77c8-4533-85a2-f2509e27bbcf for user:runner
2025-10-16 19:49:00,292 | INFO  | OMAudit | user=runner | ip=127.0.0.1 | op=CREATE_VOLUME {"admin":"runner","owner":"runner","volume":"2f613672-77c8-4533-85a2-f2509e27bbcf","creationTime":"1760644140291","modificationTime":"1760644140291","quotaInBytes":"-1","quotaInNamespace":"-1","usedNamespace":"0","objectID":"-9223372036854487040","updateID":"1128","Transaction":"1128"} | ret=SUCCESS |  
2025-10-16 19:49:00,293 | INFO  | OMAudit | user=runner | ip=127.0.0.1 | op=READ_VOLUME {"volume":"2f613672-77c8-4533-85a2-f2509e27bbcf"} | ret=SUCCESS |  
2025-10-16 19:49:00,294 [ForkJoinPool-1-worker-1] INFO  rpc.RpcClient (RpcClient.java:createBucket(686)) - Creating Bucket: 2f613672-77c8-4533-85a2-f2509e27bbcf/3bb2d350-67cb-498f-a8ea-4fd6ce77dcee, with server-side default bucket layout, runner as owner, Versioning false, Storage Type set to DISK and Encryption set to false, Replication Type set to server-side default replication type, Namespace Quota set to -1, Space Quota set to -1 
2025-10-16 19:49:00,295 [om1-OMStateMachineApplyTransactionThread - 0] INFO  bucket.OMBucketCreateRequest (OMBucketCreateRequest.java:validateAndUpdateCache(303)) - created bucket: 3bb2d350-67cb-498f-a8ea-4fd6ce77dcee of layout FILE_SYSTEM_OPTIMIZED in volume: 2f613672-77c8-4533-85a2-f2509e27bbcf
2025-10-16 19:49:00,296 | INFO  | OMAudit | user=runner | ip=127.0.0.1 | op=CREATE_BUCKET {"volume":"2f613672-77c8-4533-85a2-f2509e27bbcf","bucket":"3bb2d350-67cb-498f-a8ea-4fd6ce77dcee","bucketLayout":"FILE_SYSTEM_OPTIMIZED","gdprEnabled":null,"acls":"[user:runner:a[ACCESS], group:runner:rl[ACCESS]]","isVersionEnabled":"false","storageType":"DISK","creationTime":"1760644140295","bucketEncryptionKey":null,"modificationTime":"1760644140295","usedBytes":"0","usedNamespace":"0","snapshotUsedBytes":"0","snapshotUsedNamespace":"0","owner":"runner","replicationType":null,"replicationConfig":null,"quotaInBytes":"-1","quotaInNamespace":"-1","Transaction":"1129"} | ret=SUCCESS |  
2025-10-16 19:49:00,296 | INFO  | OMAudit | user=runner | ip=127.0.0.1 | op=READ_BUCKET {"volume":"2f613672-77c8-4533-85a2-f2509e27bbcf","bucket":"3bb2d350-67cb-498f-a8ea-4fd6ce77dcee"} | ret=SUCCESS |  
2025-10-16 19:49:00,298 | INFO  | OMAudit | user=runner | ip=127.0.0.1 | op=INITIATE_MULTIPART_UPLOAD {"volume":"2f613672-77c8-4533-85a2-f2509e27bbcf","bucket":"3bb2d350-67cb-498f-a8ea-4fd6ce77dcee","key":"f4659ba4-79f2-4edf-8b97-27c536f20270","dataSize":"0","replicationType":"RATIS","replicationFactor":"ONE","uploadID":"0199ee91-8d09-7d59-87c6-cccb632b833f-115385574378504486","Transaction":"1130"} | ret=SUCCESS |  
2025-10-16 19:49:00,303 | INFO  | OMAudit | user=runner | ip=127.0.0.1 | op=ALLOCATE_KEY {"volume":"2f613672-77c8-4533-85a2-f2509e27bbcf","bucket":"3bb2d350-67cb-498f-a8ea-4fd6ce77dcee","key":"f4659ba4-79f2-4edf-8b97-27c536f20270","dataSize":"5242880","Transaction":"1131"} | ret=SUCCESS |  
2025-10-16 19:49:00,305 | INFO  | SCMAudit | user=runner | ip=127.0.0.1 | op=ALLOCATE_BLOCK {"replication":"RATIS/ONE","owner":"omServiceIdDefault","size":"4194304","sampleBlocks":"[conID: 1 locID: 115816896921600326]","num":"1","client":"","allocated":"1"} | ret=SUCCESS |  
2025-10-16 19:49:00,307 | INFO  | OMAudit | user=runner | ip=127.0.0.1 | op=ALLOCATE_BLOCK {"volume":"2f613672-77c8-4533-85a2-f2509e27bbcf","bucket":"3bb2d350-67cb-498f-a8ea-4fd6ce77dcee","key":"f4659ba4-79f2-4edf-8b97-27c536f20270","dataSize":"5242880","replicationType":"RATIS","replicationFactor":"ONE","clientID":"115385574378832167","Transaction":"1132"} | ret=SUCCESS |  
2025-10-16 19:49:00,308 | INFO  | SCMAudit | user=runner | ip=127.0.0.1 | op=SEND_HEARTBEAT {"datanodeUUID":"76d4ba71-5bbb-4b24-8f51-8bc7f78aaca4","term":"2","command":"[]"} | ret=SUCCESS |  
2025-10-16 19:49:00,311 | INFO  | SCMAudit | user=runner | ip=127.0.0.1 | op=SEND_HEARTBEAT {"datanodeUUID":"764b18f0-81c5-439a-9fff-25adc4f241fa","term":"2","command":"[]"} | ret=SUCCESS |  
2025-10-16 19:49:00,326 | INFO  | SCMAudit | user=runner | ip=127.0.0.1 | op=ALLOCATE_BLOCK {"replication":"RATIS/ONE","owner":"omServiceIdDefault","size":"4194304","sampleBlocks":"[conID: 5 locID: 115816896921600327]","num":"1","client":"","allocated":"1"} | ret=SUCCESS |  
2025-10-16 19:49:00,328 | INFO  | OMAudit | user=runner | ip=127.0.0.1 | op=ALLOCATE_BLOCK {"volume":"2f613672-77c8-4533-85a2-f2509e27bbcf","bucket":"3bb2d350-67cb-498f-a8ea-4fd6ce77dcee","key":"f4659ba4-79f2-4edf-8b97-27c536f20270","dataSize":"5242880","replicationType":"RATIS","replicationFactor":"ONE","clientID":"115385574378832167","Transaction":"1133"} | ret=SUCCESS |  
2025-10-16 19:49:00,342 | INFO  | OMAudit | user=runner | ip=127.0.0.1 | op=COMMIT_MULTIPART_UPLOAD_PARTKEY {"volume":"2f613672-77c8-4533-85a2-f2509e27bbcf","bucket":"3bb2d350-67cb-498f-a8ea-4fd6ce77dcee","key":"f4659ba4-79f2-4edf-8b97-27c536f20270","dataSize":"5242880","ETag":"79b281060d337b9b2b84ccf390adcf74","uploadID":"0199ee91-8d09-7d59-87c6-cccb632b833f-115385574378504486","partNumber":"1","partName":"/2f613672-77c8-4533-85a2-f2509e27bbcf/3bb2d350-67cb-498f-a8ea-4fd6ce77dcee/f4659ba4-79f2-4edf-8b97-27c536f20270-0199ee91-8d09-7d59-87c6-cccb632b833f-115385574378504486-1","Transaction":"1134"} | ret=SUCCESS |  
2025-10-16 19:49:00,343 | INFO  | OMAudit | user=runner | ip=127.0.0.1 | op=LIST_MULTIPART_UPLOAD_PARTS {"volume":"2f613672-77c8-4533-85a2-f2509e27bbcf","bucket":"3bb2d350-67cb-498f-a8ea-4fd6ce77dcee","key":"f4659ba4-79f2-4edf-8b97-27c536f20270","uploadID":"0199ee91-8d09-7d59-87c6-cccb632b833f-115385574378504486","partNumberMarker":"100","maxParts":"2"} | ret=SUCCESS |  
]]></system-out>
  </testcase>
  <testcase name="testListSnapshot" classname="org.apache.hadoop.ozone.client.rpc.TestSecureOzoneRpcClient" time="0.255">
    <system-out><![CDATA[2025-10-16 19:49:00,345 [ForkJoinPool-1-worker-1] INFO  rpc.RpcClient (RpcClient.java:createVolume(461)) - Creating Volume: vol-a-85441, with runner as owner and space quota set to -1 bytes, counts quota set to -1
2025-10-16 19:49:00,348 [om1-OMStateMachineApplyTransactionThread - 0] INFO  volume.OMVolumeCreateRequest (OMVolumeCreateRequest.java:validateAndUpdateCache(213)) - created volume:vol-a-85441 for user:runner
2025-10-16 19:49:00,348 | INFO  | OMAudit | user=runner | ip=127.0.0.1 | op=CREATE_VOLUME {"admin":"runner","owner":"runner","volume":"vol-a-85441","creationTime":"1760644140346","modificationTime":"1760644140346","quotaInBytes":"-1","quotaInNamespace":"-1","usedNamespace":"0","objectID":"-9223372036854485248","updateID":"1135","Transaction":"1135"} | ret=SUCCESS |  
2025-10-16 19:49:00,349 [ForkJoinPool-1-worker-1] INFO  rpc.RpcClient (RpcClient.java:createVolume(461)) - Creating Volume: vol-b-85804, with runner as owner and space quota set to -1 bytes, counts quota set to -1
2025-10-16 19:49:00,351 [om1-OMStateMachineApplyTransactionThread - 0] INFO  volume.OMVolumeCreateRequest (OMVolumeCreateRequest.java:validateAndUpdateCache(213)) - created volume:vol-b-85804 for user:runner
2025-10-16 19:49:00,351 | INFO  | OMAudit | user=runner | ip=127.0.0.1 | op=CREATE_VOLUME {"admin":"runner","owner":"runner","volume":"vol-b-85804","creationTime":"1760644140350","modificationTime":"1760644140350","quotaInBytes":"-1","quotaInNamespace":"-1","usedNamespace":"0","objectID":"-9223372036854484992","updateID":"1136","Transaction":"1136"} | ret=SUCCESS |  
2025-10-16 19:49:00,353 | INFO  | OMAudit | user=runner | ip=127.0.0.1 | op=READ_VOLUME {"volume":"vol-a-85441"} | ret=SUCCESS |  
2025-10-16 19:49:00,353 | INFO  | OMAudit | user=runner | ip=127.0.0.1 | op=READ_VOLUME {"volume":"vol-b-85804"} | ret=SUCCESS |  
2025-10-16 19:49:00,354 [ForkJoinPool-1-worker-1] INFO  rpc.RpcClient (RpcClient.java:createBucket(686)) - Creating Bucket: vol-a-85441/buc-a-13854, with server-side default bucket layout, runner as owner, Versioning false, Storage Type set to DISK and Encryption set to false, Replication Type set to server-side default replication type, Namespace Quota set to -1, Space Quota set to -1 
2025-10-16 19:49:00,355 [om1-OMStateMachineApplyTransactionThread - 0] INFO  bucket.OMBucketCreateRequest (OMBucketCreateRequest.java:validateAndUpdateCache(303)) - created bucket: buc-a-13854 of layout FILE_SYSTEM_OPTIMIZED in volume: vol-a-85441
2025-10-16 19:49:00,355 | INFO  | OMAudit | user=runner | ip=127.0.0.1 | op=CREATE_BUCKET {"volume":"vol-a-85441","bucket":"buc-a-13854","bucketLayout":"FILE_SYSTEM_OPTIMIZED","gdprEnabled":null,"acls":"[user:runner:a[ACCESS], group:runner:rl[ACCESS]]","isVersionEnabled":"false","storageType":"DISK","creationTime":"1760644140354","bucketEncryptionKey":null,"modificationTime":"1760644140354","usedBytes":"0","usedNamespace":"0","snapshotUsedBytes":"0","snapshotUsedNamespace":"0","owner":"runner","replicationType":null,"replicationConfig":null,"quotaInBytes":"-1","quotaInNamespace":"-1","Transaction":"1137"} | ret=SUCCESS |  
2025-10-16 19:49:00,356 [ForkJoinPool-1-worker-1] INFO  rpc.RpcClient (RpcClient.java:createBucket(686)) - Creating Bucket: vol-a-85441/buc-b-43844, with server-side default bucket layout, runner as owner, Versioning false, Storage Type set to DISK and Encryption set to false, Replication Type set to server-side default replication type, Namespace Quota set to -1, Space Quota set to -1 
2025-10-16 19:49:00,357 [om1-OMStateMachineApplyTransactionThread - 0] INFO  bucket.OMBucketCreateRequest (OMBucketCreateRequest.java:validateAndUpdateCache(303)) - created bucket: buc-b-43844 of layout FILE_SYSTEM_OPTIMIZED in volume: vol-a-85441
2025-10-16 19:49:00,357 | INFO  | OMAudit | user=runner | ip=127.0.0.1 | op=CREATE_BUCKET {"volume":"vol-a-85441","bucket":"buc-b-43844","bucketLayout":"FILE_SYSTEM_OPTIMIZED","gdprEnabled":null,"acls":"[user:runner:a[ACCESS], group:runner:rl[ACCESS]]","isVersionEnabled":"false","storageType":"DISK","creationTime":"1760644140356","bucketEncryptionKey":null,"modificationTime":"1760644140356","usedBytes":"0","usedNamespace":"0","snapshotUsedBytes":"0","snapshotUsedNamespace":"0","owner":"runner","replicationType":null,"replicationConfig":null,"quotaInBytes":"-1","quotaInNamespace":"-1","Transaction":"1138"} | ret=SUCCESS |  
2025-10-16 19:49:00,358 [ForkJoinPool-1-worker-1] INFO  rpc.RpcClient (RpcClient.java:createBucket(686)) - Creating Bucket: vol-b-85804/buc-a-13854, with server-side default bucket layout, runner as owner, Versioning false, Storage Type set to DISK and Encryption set to false, Replication Type set to server-side default replication type, Namespace Quota set to -1, Space Quota set to -1 
2025-10-16 19:49:00,359 [om1-OMStateMachineApplyTransactionThread - 0] INFO  bucket.OMBucketCreateRequest (OMBucketCreateRequest.java:validateAndUpdateCache(303)) - created bucket: buc-a-13854 of layout FILE_SYSTEM_OPTIMIZED in volume: vol-b-85804
2025-10-16 19:49:00,359 | INFO  | OMAudit | user=runner | ip=127.0.0.1 | op=CREATE_BUCKET {"volume":"vol-b-85804","bucket":"buc-a-13854","bucketLayout":"FILE_SYSTEM_OPTIMIZED","gdprEnabled":null,"acls":"[user:runner:a[ACCESS], group:runner:rl[ACCESS]]","isVersionEnabled":"false","storageType":"DISK","creationTime":"1760644140358","bucketEncryptionKey":null,"modificationTime":"1760644140358","usedBytes":"0","usedNamespace":"0","snapshotUsedBytes":"0","snapshotUsedNamespace":"0","owner":"runner","replicationType":null,"replicationConfig":null,"quotaInBytes":"-1","quotaInNamespace":"-1","Transaction":"1139"} | ret=SUCCESS |  
2025-10-16 19:49:00,360 [ForkJoinPool-1-worker-1] INFO  rpc.RpcClient (RpcClient.java:createBucket(686)) - Creating Bucket: vol-b-85804/buc-b-43844, with server-side default bucket layout, runner as owner, Versioning false, Storage Type set to DISK and Encryption set to false, Replication Type set to server-side default replication type, Namespace Quota set to -1, Space Quota set to -1 
2025-10-16 19:49:00,361 [om1-OMStateMachineApplyTransactionThread - 0] INFO  bucket.OMBucketCreateRequest (OMBucketCreateRequest.java:validateAndUpdateCache(303)) - created bucket: buc-b-43844 of layout FILE_SYSTEM_OPTIMIZED in volume: vol-b-85804
2025-10-16 19:49:00,362 | INFO  | OMAudit | user=runner | ip=127.0.0.1 | op=CREATE_BUCKET {"volume":"vol-b-85804","bucket":"buc-b-43844","bucketLayout":"FILE_SYSTEM_OPTIMIZED","gdprEnabled":null,"acls":"[user:runner:a[ACCESS], group:runner:rl[ACCESS]]","isVersionEnabled":"false","storageType":"DISK","creationTime":"1760644140360","bucketEncryptionKey":null,"modificationTime":"1760644140360","usedBytes":"0","usedNamespace":"0","snapshotUsedBytes":"0","snapshotUsedNamespace":"0","owner":"runner","replicationType":null,"replicationConfig":null,"quotaInBytes":"-1","quotaInNamespace":"-1","Transaction":"1140"} | ret=SUCCESS |  
2025-10-16 19:49:00,365 [om1-OMStateMachineApplyTransactionThread - 0] INFO  snapshot.OMSnapshotCreateRequest (OMSnapshotCreateRequest.java:validateAndUpdateCache(228)) - Created snapshot: 'snapshot-a-0-41883' with snapshotId: '43df3972-40e4-4ab2-af64-200757d009b8' under path 'vol-a-85441/buc-a-13854'
2025-10-16 19:49:00,365 | INFO  | OMAudit | user=runner | ip=127.0.0.1 | op=CREATE_SNAPSHOT {"volume":"vol-a-85441","bucket":"buc-a-13854","snapshotName":"snapshot-a-0-41883","Transaction":"1141"} | ret=SUCCESS |  
2025-10-16 19:49:00,368 [om1-OMStateMachineApplyTransactionThread - 0] INFO  snapshot.OMSnapshotCreateRequest (OMSnapshotCreateRequest.java:validateAndUpdateCache(228)) - Created snapshot: 'snapshot-a-0-68405' with snapshotId: '0286db2d-f3c2-48e3-84b2-afbd1ce8dcff' under path 'vol-a-85441/buc-b-43844'
2025-10-16 19:49:00,368 | INFO  | OMAudit | user=runner | ip=127.0.0.1 | op=CREATE_SNAPSHOT {"volume":"vol-a-85441","bucket":"buc-b-43844","snapshotName":"snapshot-a-0-68405","Transaction":"1142"} | ret=SUCCESS |  
2025-10-16 19:49:00,371 [om1-OMStateMachineApplyTransactionThread - 0] INFO  snapshot.OMSnapshotCreateRequest (OMSnapshotCreateRequest.java:validateAndUpdateCache(228)) - Created snapshot: 'snapshot-a-0-47180' with snapshotId: '7b1b435f-7fe2-4ba9-a545-4c13d185b4f4' under path 'vol-b-85804/buc-a-13854'
2025-10-16 19:49:00,371 | INFO  | OMAudit | user=runner | ip=127.0.0.1 | op=CREATE_SNAPSHOT {"volume":"vol-b-85804","bucket":"buc-a-13854","snapshotName":"snapshot-a-0-47180","Transaction":"1143"} | ret=SUCCESS |  
2025-10-16 19:49:00,375 [om1-OMStateMachineApplyTransactionThread - 0] INFO  snapshot.OMSnapshotCreateRequest (OMSnapshotCreateRequest.java:validateAndUpdateCache(228)) - Created snapshot: 'snapshot-a-0-21215' with snapshotId: '32342fbe-d759-4619-9d48-47abc4a07117' under path 'vol-b-85804/buc-b-43844'
2025-10-16 19:49:00,375 | INFO  | OMAudit | user=runner | ip=127.0.0.1 | op=CREATE_SNAPSHOT {"volume":"vol-b-85804","bucket":"buc-b-43844","snapshotName":"snapshot-a-0-21215","Transaction":"1144"} | ret=SUCCESS |  
2025-10-16 19:49:00,377 [om1-OMStateMachineApplyTransactionThread - 0] INFO  snapshot.OMSnapshotCreateRequest (OMSnapshotCreateRequest.java:validateAndUpdateCache(228)) - Created snapshot: 'snapshot-a-1-95628' with snapshotId: '5a6025de-273a-4c36-ab1f-15061a14ee28' under path 'vol-a-85441/buc-a-13854'
2025-10-16 19:49:00,377 | INFO  | OMAudit | user=runner | ip=127.0.0.1 | op=CREATE_SNAPSHOT {"volume":"vol-a-85441","bucket":"buc-a-13854","snapshotName":"snapshot-a-1-95628","Transaction":"1145"} | ret=SUCCESS |  
2025-10-16 19:49:00,380 [om1-OMStateMachineApplyTransactionThread - 0] INFO  snapshot.OMSnapshotCreateRequest (OMSnapshotCreateRequest.java:validateAndUpdateCache(228)) - Created snapshot: 'snapshot-a-1-05624' with snapshotId: '5d108712-c3b1-4d93-851e-eb22257e3f5f' under path 'vol-a-85441/buc-b-43844'
2025-10-16 19:49:00,380 | INFO  | OMAudit | user=runner | ip=127.0.0.1 | op=CREATE_SNAPSHOT {"volume":"vol-a-85441","bucket":"buc-b-43844","snapshotName":"snapshot-a-1-05624","Transaction":"1146"} | ret=SUCCESS |  
2025-10-16 19:49:00,382 [om1-OMStateMachineApplyTransactionThread - 0] INFO  snapshot.OMSnapshotCreateRequest (OMSnapshotCreateRequest.java:validateAndUpdateCache(228)) - Created snapshot: 'snapshot-a-1-63404' with snapshotId: 'ec532946-75a8-44f3-b677-ec91ef8f8692' under path 'vol-b-85804/buc-a-13854'
2025-10-16 19:49:00,382 | INFO  | OMAudit | user=runner | ip=127.0.0.1 | op=CREATE_SNAPSHOT {"volume":"vol-b-85804","bucket":"buc-a-13854","snapshotName":"snapshot-a-1-63404","Transaction":"1147"} | ret=SUCCESS |  
2025-10-16 19:49:00,385 [om1-OMStateMachineApplyTransactionThread - 0] INFO  snapshot.OMSnapshotCreateRequest (OMSnapshotCreateRequest.java:validateAndUpdateCache(228)) - Created snapshot: 'snapshot-a-1-09961' with snapshotId: 'e7b48ad5-36ce-441a-9fb0-5a84ed119a39' under path 'vol-b-85804/buc-b-43844'
2025-10-16 19:49:00,385 | INFO  | OMAudit | user=runner | ip=127.0.0.1 | op=CREATE_SNAPSHOT {"volume":"vol-b-85804","bucket":"buc-b-43844","snapshotName":"snapshot-a-1-09961","Transaction":"1148"} | ret=SUCCESS |  
2025-10-16 19:49:00,386 [om1-OMStateMachineApplyTransactionThread - 0] INFO  snapshot.OMSnapshotCreateRequest (OMSnapshotCreateRequest.java:validateAndUpdateCache(228)) - Created snapshot: 'snapshot-a-2-68562' with snapshotId: '29f216b4-c16b-4682-bcd8-32431c9d14db' under path 'vol-a-85441/buc-a-13854'
2025-10-16 19:49:00,387 | INFO  | OMAudit | user=runner | ip=127.0.0.1 | op=CREATE_SNAPSHOT {"volume":"vol-a-85441","bucket":"buc-a-13854","snapshotName":"snapshot-a-2-68562","Transaction":"1149"} | ret=SUCCESS |  
2025-10-16 19:49:00,388 [om1-OMStateMachineApplyTransactionThread - 0] INFO  snapshot.OMSnapshotCreateRequest (OMSnapshotCreateRequest.java:validateAndUpdateCache(228)) - Created snapshot: 'snapshot-a-2-66302' with snapshotId: '338774a1-20e4-4405-a33e-9a2cdec0fb3f' under path 'vol-a-85441/buc-b-43844'
2025-10-16 19:49:00,388 | INFO  | OMAudit | user=runner | ip=127.0.0.1 | op=CREATE_SNAPSHOT {"volume":"vol-a-85441","bucket":"buc-b-43844","snapshotName":"snapshot-a-2-66302","Transaction":"1150"} | ret=SUCCESS |  
2025-10-16 19:49:00,391 [om1-OMStateMachineApplyTransactionThread - 0] INFO  snapshot.OMSnapshotCreateRequest (OMSnapshotCreateRequest.java:validateAndUpdateCache(228)) - Created snapshot: 'snapshot-a-2-59128' with snapshotId: '21f7c134-618f-4ee7-ac3d-67011f45922e' under path 'vol-b-85804/buc-a-13854'
2025-10-16 19:49:00,391 | INFO  | OMAudit | user=runner | ip=127.0.0.1 | op=CREATE_SNAPSHOT {"volume":"vol-b-85804","bucket":"buc-a-13854","snapshotName":"snapshot-a-2-59128","Transaction":"1151"} | ret=SUCCESS |  
2025-10-16 19:49:00,393 [om1-OMStateMachineApplyTransactionThread - 0] INFO  snapshot.OMSnapshotCreateRequest (OMSnapshotCreateRequest.java:validateAndUpdateCache(228)) - Created snapshot: 'snapshot-a-2-78321' with snapshotId: 'da5820fd-6c2b-4ccf-ab17-f250597208b3' under path 'vol-b-85804/buc-b-43844'
2025-10-16 19:49:00,393 | INFO  | OMAudit | user=runner | ip=127.0.0.1 | op=CREATE_SNAPSHOT {"volume":"vol-b-85804","bucket":"buc-b-43844","snapshotName":"snapshot-a-2-78321","Transaction":"1152"} | ret=SUCCESS |  
2025-10-16 19:49:00,394 [om1-OMStateMachineApplyTransactionThread - 0] INFO  snapshot.OMSnapshotCreateRequest (OMSnapshotCreateRequest.java:validateAndUpdateCache(228)) - Created snapshot: 'snapshot-a-3-51309' with snapshotId: 'c6739d19-f3fd-47f3-9369-dc74d02cc3ac' under path 'vol-a-85441/buc-a-13854'
2025-10-16 19:49:00,394 | INFO  | OMAudit | user=runner | ip=127.0.0.1 | op=CREATE_SNAPSHOT {"volume":"vol-a-85441","bucket":"buc-a-13854","snapshotName":"snapshot-a-3-51309","Transaction":"1153"} | ret=SUCCESS |  
2025-10-16 19:49:00,397 [om1-OMStateMachineApplyTransactionThread - 0] INFO  snapshot.OMSnapshotCreateRequest (OMSnapshotCreateRequest.java:validateAndUpdateCache(228)) - Created snapshot: 'snapshot-a-3-95555' with snapshotId: 'bf4e359e-b716-4bfd-941f-8b439ec94133' under path 'vol-a-85441/buc-b-43844'
2025-10-16 19:49:00,397 | INFO  | OMAudit | user=runner | ip=127.0.0.1 | op=CREATE_SNAPSHOT {"volume":"vol-a-85441","bucket":"buc-b-43844","snapshotName":"snapshot-a-3-95555","Transaction":"1154"} | ret=SUCCESS |  
2025-10-16 19:49:00,399 [om1-OMStateMachineApplyTransactionThread - 0] INFO  snapshot.OMSnapshotCreateRequest (OMSnapshotCreateRequest.java:validateAndUpdateCache(228)) - Created snapshot: 'snapshot-a-3-09292' with snapshotId: 'f9e3305e-8aca-49ec-9021-5de54fa1a878' under path 'vol-b-85804/buc-a-13854'
2025-10-16 19:49:00,400 | INFO  | OMAudit | user=runner | ip=127.0.0.1 | op=CREATE_SNAPSHOT {"volume":"vol-b-85804","bucket":"buc-a-13854","snapshotName":"snapshot-a-3-09292","Transaction":"1155"} | ret=SUCCESS |  
2025-10-16 19:49:00,403 [om1-OMStateMachineApplyTransactionThread - 0] INFO  snapshot.OMSnapshotCreateRequest (OMSnapshotCreateRequest.java:validateAndUpdateCache(228)) - Created snapshot: 'snapshot-a-3-84110' with snapshotId: 'ba23c7ea-426a-4dc3-b617-9ac1770dd778' under path 'vol-b-85804/buc-b-43844'
2025-10-16 19:49:00,403 | INFO  | OMAudit | user=runner | ip=127.0.0.1 | op=CREATE_SNAPSHOT {"volume":"vol-b-85804","bucket":"buc-b-43844","snapshotName":"snapshot-a-3-84110","Transaction":"1156"} | ret=SUCCESS |  
2025-10-16 19:49:00,405 [om1-OMStateMachineApplyTransactionThread - 0] INFO  snapshot.OMSnapshotCreateRequest (OMSnapshotCreateRequest.java:validateAndUpdateCache(228)) - Created snapshot: 'snapshot-a-4-90379' with snapshotId: '58ab0f7c-908a-4f90-9028-44106472486e' under path 'vol-a-85441/buc-a-13854'
2025-10-16 19:49:00,405 | INFO  | OMAudit | user=runner | ip=127.0.0.1 | op=CREATE_SNAPSHOT {"volume":"vol-a-85441","bucket":"buc-a-13854","snapshotName":"snapshot-a-4-90379","Transaction":"1157"} | ret=SUCCESS |  
2025-10-16 19:49:00,408 [om1-OMStateMachineApplyTransactionThread - 0] INFO  snapshot.OMSnapshotCreateRequest (OMSnapshotCreateRequest.java:validateAndUpdateCache(228)) - Created snapshot: 'snapshot-a-4-66073' with snapshotId: '9f0765cc-f901-475b-90fc-5f8afaf229e2' under path 'vol-a-85441/buc-b-43844'
2025-10-16 19:49:00,408 | INFO  | OMAudit | user=runner | ip=127.0.0.1 | op=CREATE_SNAPSHOT {"volume":"vol-a-85441","bucket":"buc-b-43844","snapshotName":"snapshot-a-4-66073","Transaction":"1158"} | ret=SUCCESS |  
2025-10-16 19:49:00,409 [om1-OMStateMachineApplyTransactionThread - 0] INFO  snapshot.OMSnapshotCreateRequest (OMSnapshotCreateRequest.java:validateAndUpdateCache(228)) - Created snapshot: 'snapshot-a-4-04920' with snapshotId: 'f988c556-feaa-4d4f-8c1e-b459eec46578' under path 'vol-b-85804/buc-a-13854'
2025-10-16 19:49:00,410 | INFO  | OMAudit | user=runner | ip=127.0.0.1 | op=CREATE_SNAPSHOT {"volume":"vol-b-85804","bucket":"buc-a-13854","snapshotName":"snapshot-a-4-04920","Transaction":"1159"} | ret=SUCCESS |  
2025-10-16 19:49:00,411 [om1-OMStateMachineApplyTransactionThread - 0] INFO  snapshot.OMSnapshotCreateRequest (OMSnapshotCreateRequest.java:validateAndUpdateCache(228)) - Created snapshot: 'snapshot-a-4-24896' with snapshotId: '1be2704f-ba8a-4d34-94a9-845bf0053313' under path 'vol-b-85804/buc-b-43844'
2025-10-16 19:49:00,411 | INFO  | OMAudit | user=runner | ip=127.0.0.1 | op=CREATE_SNAPSHOT {"volume":"vol-b-85804","bucket":"buc-b-43844","snapshotName":"snapshot-a-4-24896","Transaction":"1160"} | ret=SUCCESS |  
2025-10-16 19:49:00,414 [om1-OMStateMachineApplyTransactionThread - 0] INFO  snapshot.OMSnapshotCreateRequest (OMSnapshotCreateRequest.java:validateAndUpdateCache(228)) - Created snapshot: 'snapshot-a-5-00704' with snapshotId: 'c2c7dd84-f375-43fc-a89c-249dfc6c38e4' under path 'vol-a-85441/buc-a-13854'
2025-10-16 19:49:00,414 | INFO  | OMAudit | user=runner | ip=127.0.0.1 | op=CREATE_SNAPSHOT {"volume":"vol-a-85441","bucket":"buc-a-13854","snapshotName":"snapshot-a-5-00704","Transaction":"1161"} | ret=SUCCESS |  
2025-10-16 19:49:00,416 [om1-OMStateMachineApplyTransactionThread - 0] INFO  snapshot.OMSnapshotCreateRequest (OMSnapshotCreateRequest.java:validateAndUpdateCache(228)) - Created snapshot: 'snapshot-a-5-95727' with snapshotId: '34648c51-195e-4068-9ade-02fef64f8098' under path 'vol-a-85441/buc-b-43844'
2025-10-16 19:49:00,416 | INFO  | OMAudit | user=runner | ip=127.0.0.1 | op=CREATE_SNAPSHOT {"volume":"vol-a-85441","bucket":"buc-b-43844","snapshotName":"snapshot-a-5-95727","Transaction":"1162"} | ret=SUCCESS |  
2025-10-16 19:49:00,417 [om1-OMStateMachineApplyTransactionThread - 0] INFO  snapshot.OMSnapshotCreateRequest (OMSnapshotCreateRequest.java:validateAndUpdateCache(228)) - Created snapshot: 'snapshot-a-5-17198' with snapshotId: 'fdd2dea8-b533-4da2-8744-d036a8cd283d' under path 'vol-b-85804/buc-a-13854'
2025-10-16 19:49:00,418 | INFO  | OMAudit | user=runner | ip=127.0.0.1 | op=CREATE_SNAPSHOT {"volume":"vol-b-85804","bucket":"buc-a-13854","snapshotName":"snapshot-a-5-17198","Transaction":"1163"} | ret=SUCCESS |  
2025-10-16 19:49:00,419 [om1-OMStateMachineApplyTransactionThread - 0] INFO  snapshot.OMSnapshotCreateRequest (OMSnapshotCreateRequest.java:validateAndUpdateCache(228)) - Created snapshot: 'snapshot-a-5-81471' with snapshotId: '194c10ea-5d8f-4cb0-ad46-5333aaee81eb' under path 'vol-b-85804/buc-b-43844'
2025-10-16 19:49:00,420 | INFO  | OMAudit | user=runner | ip=127.0.0.1 | op=CREATE_SNAPSHOT {"volume":"vol-b-85804","bucket":"buc-b-43844","snapshotName":"snapshot-a-5-81471","Transaction":"1164"} | ret=SUCCESS |  
2025-10-16 19:49:00,422 [om1-OMStateMachineApplyTransactionThread - 0] INFO  snapshot.OMSnapshotCreateRequest (OMSnapshotCreateRequest.java:validateAndUpdateCache(228)) - Created snapshot: 'snapshot-a-6-24910' with snapshotId: '7e0c57f8-f514-47e2-9a9e-660e3e2ed39a' under path 'vol-a-85441/buc-a-13854'
2025-10-16 19:49:00,422 | INFO  | OMAudit | user=runner | ip=127.0.0.1 | op=CREATE_SNAPSHOT {"volume":"vol-a-85441","bucket":"buc-a-13854","snapshotName":"snapshot-a-6-24910","Transaction":"1165"} | ret=SUCCESS |  
2025-10-16 19:49:00,423 [om1-OMStateMachineApplyTransactionThread - 0] INFO  snapshot.OMSnapshotCreateRequest (OMSnapshotCreateRequest.java:validateAndUpdateCache(228)) - Created snapshot: 'snapshot-a-6-99018' with snapshotId: '4a5523da-855f-492c-9736-1b1eb473f5fc' under path 'vol-a-85441/buc-b-43844'
2025-10-16 19:49:00,423 | INFO  | OMAudit | user=runner | ip=127.0.0.1 | op=CREATE_SNAPSHOT {"volume":"vol-a-85441","bucket":"buc-b-43844","snapshotName":"snapshot-a-6-99018","Transaction":"1166"} | ret=SUCCESS |  
2025-10-16 19:49:00,424 [om1-OMDoubleBufferFlushThread] INFO  db.RDBCheckpointManager (RDBCheckpointManager.java:createCheckpoint(87)) - Created checkpoint in rocksDB at /home/runner/work/ozone/ozone/hadoop-ozone/integration-test/target/test-dir/MiniOzoneClusterImpl-e7911277-7775-4457-96c8-94071a26a1ce/om/data/db.snapshots/checkpointState/om.db-43df3972-40e4-4ab2-af64-200757d009b8 in 56 milliseconds
2025-10-16 19:49:00,426 [om1-OMStateMachineApplyTransactionThread - 0] INFO  snapshot.OMSnapshotCreateRequest (OMSnapshotCreateRequest.java:validateAndUpdateCache(228)) - Created snapshot: 'snapshot-a-6-44500' with snapshotId: 'c3cf2f1c-cb64-4515-9eff-62b6a6e6048a' under path 'vol-b-85804/buc-a-13854'
2025-10-16 19:49:00,426 | INFO  | OMAudit | user=runner | ip=127.0.0.1 | op=CREATE_SNAPSHOT {"volume":"vol-b-85804","bucket":"buc-a-13854","snapshotName":"snapshot-a-6-44500","Transaction":"1167"} | ret=SUCCESS |  
2025-10-16 19:49:00,428 [om1-OMStateMachineApplyTransactionThread - 0] INFO  snapshot.OMSnapshotCreateRequest (OMSnapshotCreateRequest.java:validateAndUpdateCache(228)) - Created snapshot: 'snapshot-a-6-35755' with snapshotId: '89ecbd07-548d-474a-8959-b5eccaf2a3de' under path 'vol-b-85804/buc-b-43844'
2025-10-16 19:49:00,428 | INFO  | OMAudit | user=runner | ip=127.0.0.1 | op=CREATE_SNAPSHOT {"volume":"vol-b-85804","bucket":"buc-b-43844","snapshotName":"snapshot-a-6-35755","Transaction":"1168"} | ret=SUCCESS |  
2025-10-16 19:49:00,434 [om1-OMStateMachineApplyTransactionThread - 0] INFO  snapshot.OMSnapshotCreateRequest (OMSnapshotCreateRequest.java:validateAndUpdateCache(228)) - Created snapshot: 'snapshot-a-7-05871' with snapshotId: '946e2308-1cea-4c79-bf45-82fbe9fa8747' under path 'vol-a-85441/buc-a-13854'
2025-10-16 19:49:00,434 | INFO  | OMAudit | user=runner | ip=127.0.0.1 | op=CREATE_SNAPSHOT {"volume":"vol-a-85441","bucket":"buc-a-13854","snapshotName":"snapshot-a-7-05871","Transaction":"1169"} | ret=SUCCESS |  
2025-10-16 19:49:00,440 [om1-OMStateMachineApplyTransactionThread - 0] INFO  snapshot.OMSnapshotCreateRequest (OMSnapshotCreateRequest.java:validateAndUpdateCache(228)) - Created snapshot: 'snapshot-a-7-13206' with snapshotId: '26b68fb4-c578-4318-90d5-8df6a5646684' under path 'vol-a-85441/buc-b-43844'
2025-10-16 19:49:00,440 | INFO  | OMAudit | user=runner | ip=127.0.0.1 | op=CREATE_SNAPSHOT {"volume":"vol-a-85441","bucket":"buc-b-43844","snapshotName":"snapshot-a-7-13206","Transaction":"1170"} | ret=SUCCESS |  
2025-10-16 19:49:00,445 [om1-OMStateMachineApplyTransactionThread - 0] INFO  snapshot.OMSnapshotCreateRequest (OMSnapshotCreateRequest.java:validateAndUpdateCache(228)) - Created snapshot: 'snapshot-a-7-34819' with snapshotId: 'd623bc5e-10a8-4989-a76b-5ea71f0578bc' under path 'vol-b-85804/buc-a-13854'
2025-10-16 19:49:00,445 | INFO  | OMAudit | user=runner | ip=127.0.0.1 | op=CREATE_SNAPSHOT {"volume":"vol-b-85804","bucket":"buc-a-13854","snapshotName":"snapshot-a-7-34819","Transaction":"1171"} | ret=SUCCESS |  
2025-10-16 19:49:00,447 [om1-OMStateMachineApplyTransactionThread - 0] INFO  snapshot.OMSnapshotCreateRequest (OMSnapshotCreateRequest.java:validateAndUpdateCache(228)) - Created snapshot: 'snapshot-a-7-58247' with snapshotId: '0d47e0f2-d36a-4488-a574-f1c23f698d05' under path 'vol-b-85804/buc-b-43844'
2025-10-16 19:49:00,448 | INFO  | OMAudit | user=runner | ip=127.0.0.1 | op=CREATE_SNAPSHOT {"volume":"vol-b-85804","bucket":"buc-b-43844","snapshotName":"snapshot-a-7-58247","Transaction":"1172"} | ret=SUCCESS |  
2025-10-16 19:49:00,451 [om1-OMStateMachineApplyTransactionThread - 0] INFO  snapshot.OMSnapshotCreateRequest (OMSnapshotCreateRequest.java:validateAndUpdateCache(228)) - Created snapshot: 'snapshot-a-8-63718' with snapshotId: '5be6947e-865d-4e26-9af2-127eab1daed4' under path 'vol-a-85441/buc-a-13854'
2025-10-16 19:49:00,451 | INFO  | OMAudit | user=runner | ip=127.0.0.1 | op=CREATE_SNAPSHOT {"volume":"vol-a-85441","bucket":"buc-a-13854","snapshotName":"snapshot-a-8-63718","Transaction":"1173"} | ret=SUCCESS |  
2025-10-16 19:49:00,453 [om1-OMStateMachineApplyTransactionThread - 0] INFO  snapshot.OMSnapshotCreateRequest (OMSnapshotCreateRequest.java:validateAndUpdateCache(228)) - Created snapshot: 'snapshot-a-8-83799' with snapshotId: '2d8e0317-c538-4238-9e94-854347927a85' under path 'vol-a-85441/buc-b-43844'
2025-10-16 19:49:00,453 | INFO  | OMAudit | user=runner | ip=127.0.0.1 | op=CREATE_SNAPSHOT {"volume":"vol-a-85441","bucket":"buc-b-43844","snapshotName":"snapshot-a-8-83799","Transaction":"1174"} | ret=SUCCESS |  
2025-10-16 19:49:00,456 [om1-OMStateMachineApplyTransactionThread - 0] INFO  snapshot.OMSnapshotCreateRequest (OMSnapshotCreateRequest.java:validateAndUpdateCache(228)) - Created snapshot: 'snapshot-a-8-21109' with snapshotId: 'f04c33b1-57aa-4521-a870-45d90790a4ea' under path 'vol-b-85804/buc-a-13854'
2025-10-16 19:49:00,456 | INFO  | OMAudit | user=runner | ip=127.0.0.1 | op=CREATE_SNAPSHOT {"volume":"vol-b-85804","bucket":"buc-a-13854","snapshotName":"snapshot-a-8-21109","Transaction":"1175"} | ret=SUCCESS |  
2025-10-16 19:49:00,458 [om1-OMDoubleBufferFlushThread] INFO  om.OmSnapshotManager (OmSnapshotManager.java:createOmSnapshotCheckpoint(545)) - Created checkpoint: /home/runner/work/ozone/ozone/hadoop-ozone/integration-test/target/test-dir/MiniOzoneClusterImpl-e7911277-7775-4457-96c8-94071a26a1ce/om/data/db.snapshots/checkpointState/om.db-43df3972-40e4-4ab2-af64-200757d009b8 for snapshot /vol-a-85441/buc-a-13854/snapshot-a-0-41883
2025-10-16 19:49:00,459 [om1-OMStateMachineApplyTransactionThread - 0] INFO  snapshot.OMSnapshotCreateRequest (OMSnapshotCreateRequest.java:validateAndUpdateCache(228)) - Created snapshot: 'snapshot-a-8-77880' with snapshotId: '40133e17-c520-486d-a5df-bd16bfccb145' under path 'vol-b-85804/buc-b-43844'
2025-10-16 19:49:00,459 | INFO  | OMAudit | user=runner | ip=127.0.0.1 | op=CREATE_SNAPSHOT {"volume":"vol-b-85804","bucket":"buc-b-43844","snapshotName":"snapshot-a-8-77880","Transaction":"1176"} | ret=SUCCESS |  
2025-10-16 19:49:00,464 [om1-OMStateMachineApplyTransactionThread - 0] INFO  snapshot.OMSnapshotCreateRequest (OMSnapshotCreateRequest.java:validateAndUpdateCache(228)) - Created snapshot: 'snapshot-a-9-09929' with snapshotId: 'ade57de4-7473-4d0d-bf8c-2f643ca095c7' under path 'vol-a-85441/buc-a-13854'
2025-10-16 19:49:00,464 | INFO  | OMAudit | user=runner | ip=127.0.0.1 | op=CREATE_SNAPSHOT {"volume":"vol-a-85441","bucket":"buc-a-13854","snapshotName":"snapshot-a-9-09929","Transaction":"1177"} | ret=SUCCESS |  
2025-10-16 19:49:00,466 [om1-OMStateMachineApplyTransactionThread - 0] INFO  snapshot.OMSnapshotCreateRequest (OMSnapshotCreateRequest.java:validateAndUpdateCache(228)) - Created snapshot: 'snapshot-a-9-77378' with snapshotId: 'a14940c8-4c7f-4c95-9cca-1387186a1614' under path 'vol-a-85441/buc-b-43844'
2025-10-16 19:49:00,466 | INFO  | OMAudit | user=runner | ip=127.0.0.1 | op=CREATE_SNAPSHOT {"volume":"vol-a-85441","bucket":"buc-b-43844","snapshotName":"snapshot-a-9-77378","Transaction":"1178"} | ret=SUCCESS |  
2025-10-16 19:49:00,468 [om1-OMStateMachineApplyTransactionThread - 0] INFO  snapshot.OMSnapshotCreateRequest (OMSnapshotCreateRequest.java:validateAndUpdateCache(228)) - Created snapshot: 'snapshot-a-9-47808' with snapshotId: 'b4b9e3f1-8441-4f80-82bb-e68a971305d9' under path 'vol-b-85804/buc-a-13854'
2025-10-16 19:49:00,468 | INFO  | OMAudit | user=runner | ip=127.0.0.1 | op=CREATE_SNAPSHOT {"volume":"vol-b-85804","bucket":"buc-a-13854","snapshotName":"snapshot-a-9-47808","Transaction":"1179"} | ret=SUCCESS |  
2025-10-16 19:49:00,470 [om1-OMStateMachineApplyTransactionThread - 0] INFO  snapshot.OMSnapshotCreateRequest (OMSnapshotCreateRequest.java:validateAndUpdateCache(228)) - Created snapshot: 'snapshot-a-9-13419' with snapshotId: '5dd0a832-ec87-427a-9810-c44d3ad11b53' under path 'vol-b-85804/buc-b-43844'
2025-10-16 19:49:00,471 | INFO  | OMAudit | user=runner | ip=127.0.0.1 | op=CREATE_SNAPSHOT {"volume":"vol-b-85804","bucket":"buc-b-43844","snapshotName":"snapshot-a-9-13419","Transaction":"1180"} | ret=SUCCESS |  
2025-10-16 19:49:00,473 [om1-OMStateMachineApplyTransactionThread - 0] INFO  snapshot.OMSnapshotCreateRequest (OMSnapshotCreateRequest.java:validateAndUpdateCache(228)) - Created snapshot: 'snapshot-b-0-15599' with snapshotId: 'e272947f-9205-4889-aac9-7d0c99cb95df' under path 'vol-a-85441/buc-a-13854'
2025-10-16 19:49:00,473 | INFO  | OMAudit | user=runner | ip=127.0.0.1 | op=CREATE_SNAPSHOT {"volume":"vol-a-85441","bucket":"buc-a-13854","snapshotName":"snapshot-b-0-15599","Transaction":"1181"} | ret=SUCCESS |  
2025-10-16 19:49:00,474 [om1-OMStateMachineApplyTransactionThread - 0] INFO  snapshot.OMSnapshotCreateRequest (OMSnapshotCreateRequest.java:validateAndUpdateCache(228)) - Created snapshot: 'snapshot-b-0-05335' with snapshotId: '81e6bc00-9b0d-4a83-9177-2fe842354a76' under path 'vol-a-85441/buc-b-43844'
2025-10-16 19:49:00,474 | INFO  | OMAudit | user=runner | ip=127.0.0.1 | op=CREATE_SNAPSHOT {"volume":"vol-a-85441","bucket":"buc-b-43844","snapshotName":"snapshot-b-0-05335","Transaction":"1182"} | ret=SUCCESS |  
2025-10-16 19:49:00,476 [om1-OMStateMachineApplyTransactionThread - 0] INFO  snapshot.OMSnapshotCreateRequest (OMSnapshotCreateRequest.java:validateAndUpdateCache(228)) - Created snapshot: 'snapshot-b-0-41400' with snapshotId: '730bf695-5ee6-452d-a79a-205ca5155947' under path 'vol-b-85804/buc-a-13854'
2025-10-16 19:49:00,476 | INFO  | OMAudit | user=runner | ip=127.0.0.1 | op=CREATE_SNAPSHOT {"volume":"vol-b-85804","bucket":"buc-a-13854","snapshotName":"snapshot-b-0-41400","Transaction":"1183"} | ret=SUCCESS |  
2025-10-16 19:49:00,479 [om1-OMStateMachineApplyTransactionThread - 0] INFO  snapshot.OMSnapshotCreateRequest (OMSnapshotCreateRequest.java:validateAndUpdateCache(228)) - Created snapshot: 'snapshot-b-0-83181' with snapshotId: 'd9d389db-4460-47cc-b17d-1f1e23bc1213' under path 'vol-b-85804/buc-b-43844'
2025-10-16 19:49:00,479 | INFO  | OMAudit | user=runner | ip=127.0.0.1 | op=CREATE_SNAPSHOT {"volume":"vol-b-85804","bucket":"buc-b-43844","snapshotName":"snapshot-b-0-83181","Transaction":"1184"} | ret=SUCCESS |  
2025-10-16 19:49:00,482 [om1-OMStateMachineApplyTransactionThread - 0] INFO  snapshot.OMSnapshotCreateRequest (OMSnapshotCreateRequest.java:validateAndUpdateCache(228)) - Created snapshot: 'snapshot-b-1-19096' with snapshotId: '0e904c57-45d4-498e-8f56-db06ee6abd54' under path 'vol-a-85441/buc-a-13854'
2025-10-16 19:49:00,482 | INFO  | OMAudit | user=runner | ip=127.0.0.1 | op=CREATE_SNAPSHOT {"volume":"vol-a-85441","bucket":"buc-a-13854","snapshotName":"snapshot-b-1-19096","Transaction":"1185"} | ret=SUCCESS |  
2025-10-16 19:49:00,484 [om1-OMStateMachineApplyTransactionThread - 0] INFO  snapshot.OMSnapshotCreateRequest (OMSnapshotCreateRequest.java:validateAndUpdateCache(228)) - Created snapshot: 'snapshot-b-1-50263' with snapshotId: '32860aef-fe35-4556-ac41-b46dfafc67c1' under path 'vol-a-85441/buc-b-43844'
2025-10-16 19:49:00,484 | INFO  | OMAudit | user=runner | ip=127.0.0.1 | op=CREATE_SNAPSHOT {"volume":"vol-a-85441","bucket":"buc-b-43844","snapshotName":"snapshot-b-1-50263","Transaction":"1186"} | ret=SUCCESS |  
2025-10-16 19:49:00,487 [om1-OMStateMachineApplyTransactionThread - 0] INFO  snapshot.OMSnapshotCreateRequest (OMSnapshotCreateRequest.java:validateAndUpdateCache(228)) - Created snapshot: 'snapshot-b-1-96381' with snapshotId: '48f6a702-9cb4-41ad-bc5f-9bf7d9f2009c' under path 'vol-b-85804/buc-a-13854'
2025-10-16 19:49:00,487 | INFO  | OMAudit | user=runner | ip=127.0.0.1 | op=CREATE_SNAPSHOT {"volume":"vol-b-85804","bucket":"buc-a-13854","snapshotName":"snapshot-b-1-96381","Transaction":"1187"} | ret=SUCCESS |  
2025-10-16 19:49:00,490 [om1-OMStateMachineApplyTransactionThread - 0] INFO  snapshot.OMSnapshotCreateRequest (OMSnapshotCreateRequest.java:validateAndUpdateCache(228)) - Created snapshot: 'snapshot-b-1-30234' with snapshotId: '70b62bc9-3c65-4123-aa59-dad677dd3048' under path 'vol-b-85804/buc-b-43844'
2025-10-16 19:49:00,490 | INFO  | OMAudit | user=runner | ip=127.0.0.1 | op=CREATE_SNAPSHOT {"volume":"vol-b-85804","bucket":"buc-b-43844","snapshotName":"snapshot-b-1-30234","Transaction":"1188"} | ret=SUCCESS |  
2025-10-16 19:49:00,493 [om1-OMStateMachineApplyTransactionThread - 0] INFO  snapshot.OMSnapshotCreateRequest (OMSnapshotCreateRequest.java:validateAndUpdateCache(228)) - Created snapshot: 'snapshot-b-2-94490' with snapshotId: 'efce71b0-7056-4393-a033-61c30f4ccbf2' under path 'vol-a-85441/buc-a-13854'
2025-10-16 19:49:00,493 | INFO  | OMAudit | user=runner | ip=127.0.0.1 | op=CREATE_SNAPSHOT {"volume":"vol-a-85441","bucket":"buc-a-13854","snapshotName":"snapshot-b-2-94490","Transaction":"1189"} | ret=SUCCESS |  
2025-10-16 19:49:00,494 [om1-OMDoubleBufferFlushThread] INFO  db.RDBCheckpointManager (RDBCheckpointManager.java:createCheckpoint(87)) - Created checkpoint in rocksDB at /home/runner/work/ozone/ozone/hadoop-ozone/integration-test/target/test-dir/MiniOzoneClusterImpl-e7911277-7775-4457-96c8-94071a26a1ce/om/data/db.snapshots/checkpointState/om.db-0286db2d-f3c2-48e3-84b2-afbd1ce8dcff in 34 milliseconds
2025-10-16 19:49:00,496 [om1-OMStateMachineApplyTransactionThread - 0] INFO  snapshot.OMSnapshotCreateRequest (OMSnapshotCreateRequest.java:validateAndUpdateCache(228)) - Created snapshot: 'snapshot-b-2-92317' with snapshotId: '98bcb888-c01d-4371-9d2c-307fee3ae92e' under path 'vol-a-85441/buc-b-43844'
2025-10-16 19:49:00,496 | INFO  | OMAudit | user=runner | ip=127.0.0.1 | op=CREATE_SNAPSHOT {"volume":"vol-a-85441","bucket":"buc-b-43844","snapshotName":"snapshot-b-2-92317","Transaction":"1190"} | ret=SUCCESS |  
2025-10-16 19:49:00,498 [om1-OMStateMachineApplyTransactionThread - 0] INFO  snapshot.OMSnapshotCreateRequest (OMSnapshotCreateRequest.java:validateAndUpdateCache(228)) - Created snapshot: 'snapshot-b-2-86685' with snapshotId: '6126c8b8-31a1-4bac-ae59-c91286dfd268' under path 'vol-b-85804/buc-a-13854'
2025-10-16 19:49:00,499 | INFO  | OMAudit | user=runner | ip=127.0.0.1 | op=CREATE_SNAPSHOT {"volume":"vol-b-85804","bucket":"buc-a-13854","snapshotName":"snapshot-b-2-86685","Transaction":"1191"} | ret=SUCCESS |  
2025-10-16 19:49:00,501 [om1-OMStateMachineApplyTransactionThread - 0] INFO  snapshot.OMSnapshotCreateRequest (OMSnapshotCreateRequest.java:validateAndUpdateCache(228)) - Created snapshot: 'snapshot-b-2-99265' with snapshotId: '14281c10-7009-4827-8f8c-b3336414da9b' under path 'vol-b-85804/buc-b-43844'
2025-10-16 19:49:00,501 | INFO  | OMAudit | user=runner | ip=127.0.0.1 | op=CREATE_SNAPSHOT {"volume":"vol-b-85804","bucket":"buc-b-43844","snapshotName":"snapshot-b-2-99265","Transaction":"1192"} | ret=SUCCESS |  
2025-10-16 19:49:00,505 [om1-OMStateMachineApplyTransactionThread - 0] INFO  snapshot.OMSnapshotCreateRequest (OMSnapshotCreateRequest.java:validateAndUpdateCache(228)) - Created snapshot: 'snapshot-b-3-01606' with snapshotId: 'ada41f22-a1f6-47fe-9e8f-6a798258c758' under path 'vol-a-85441/buc-a-13854'
2025-10-16 19:49:00,506 | INFO  | OMAudit | user=runner | ip=127.0.0.1 | op=CREATE_SNAPSHOT {"volume":"vol-a-85441","bucket":"buc-a-13854","snapshotName":"snapshot-b-3-01606","Transaction":"1193"} | ret=SUCCESS |  
2025-10-16 19:49:00,510 [om1-OMStateMachineApplyTransactionThread - 0] INFO  snapshot.OMSnapshotCreateRequest (OMSnapshotCreateRequest.java:validateAndUpdateCache(228)) - Created snapshot: 'snapshot-b-3-40405' with snapshotId: 'e65e880e-0166-4989-a91f-f4a3e964ffb4' under path 'vol-a-85441/buc-b-43844'
2025-10-16 19:49:00,510 | INFO  | OMAudit | user=runner | ip=127.0.0.1 | op=CREATE_SNAPSHOT {"volume":"vol-a-85441","bucket":"buc-b-43844","snapshotName":"snapshot-b-3-40405","Transaction":"1194"} | ret=SUCCESS |  
2025-10-16 19:49:00,515 [om1-OMStateMachineApplyTransactionThread - 0] INFO  snapshot.OMSnapshotCreateRequest (OMSnapshotCreateRequest.java:validateAndUpdateCache(228)) - Created snapshot: 'snapshot-b-3-66806' with snapshotId: '2b40df02-56f6-49fe-9700-910b057cb9b5' under path 'vol-b-85804/buc-a-13854'
2025-10-16 19:49:00,516 | INFO  | OMAudit | user=runner | ip=127.0.0.1 | op=CREATE_SNAPSHOT {"volume":"vol-b-85804","bucket":"buc-a-13854","snapshotName":"snapshot-b-3-66806","Transaction":"1195"} | ret=SUCCESS |  
2025-10-16 19:49:00,519 [om1-OMStateMachineApplyTransactionThread - 0] INFO  snapshot.OMSnapshotCreateRequest (OMSnapshotCreateRequest.java:validateAndUpdateCache(228)) - Created snapshot: 'snapshot-b-3-85442' with snapshotId: '663f2acb-fb2c-41a7-b892-83150471f022' under path 'vol-b-85804/buc-b-43844'
2025-10-16 19:49:00,519 | INFO  | OMAudit | user=runner | ip=127.0.0.1 | op=CREATE_SNAPSHOT {"volume":"vol-b-85804","bucket":"buc-b-43844","snapshotName":"snapshot-b-3-85442","Transaction":"1196"} | ret=SUCCESS |  
2025-10-16 19:49:00,519 [om1-OMDoubleBufferFlushThread] INFO  om.OmSnapshotManager (OmSnapshotManager.java:createOmSnapshotCheckpoint(545)) - Created checkpoint: /home/runner/work/ozone/ozone/hadoop-ozone/integration-test/target/test-dir/MiniOzoneClusterImpl-e7911277-7775-4457-96c8-94071a26a1ce/om/data/db.snapshots/checkpointState/om.db-0286db2d-f3c2-48e3-84b2-afbd1ce8dcff for snapshot /vol-a-85441/buc-b-43844/snapshot-a-0-68405
2025-10-16 19:49:00,522 [om1-OMStateMachineApplyTransactionThread - 0] INFO  snapshot.OMSnapshotCreateRequest (OMSnapshotCreateRequest.java:validateAndUpdateCache(228)) - Created snapshot: 'snapshot-b-4-74566' with snapshotId: 'c51c909b-572c-4718-94a7-e6dc996ac6b5' under path 'vol-a-85441/buc-a-13854'
2025-10-16 19:49:00,522 | INFO  | OMAudit | user=runner | ip=127.0.0.1 | op=CREATE_SNAPSHOT {"volume":"vol-a-85441","bucket":"buc-a-13854","snapshotName":"snapshot-b-4-74566","Transaction":"1197"} | ret=SUCCESS |  
2025-10-16 19:49:00,525 [om1-OMStateMachineApplyTransactionThread - 0] INFO  snapshot.OMSnapshotCreateRequest (OMSnapshotCreateRequest.java:validateAndUpdateCache(228)) - Created snapshot: 'snapshot-b-4-10978' with snapshotId: '2da4c544-a89e-452c-98d5-0afd4f90841d' under path 'vol-a-85441/buc-b-43844'
2025-10-16 19:49:00,525 | INFO  | OMAudit | user=runner | ip=127.0.0.1 | op=CREATE_SNAPSHOT {"volume":"vol-a-85441","bucket":"buc-b-43844","snapshotName":"snapshot-b-4-10978","Transaction":"1198"} | ret=SUCCESS |  
2025-10-16 19:49:00,527 [om1-OMStateMachineApplyTransactionThread - 0] INFO  snapshot.OMSnapshotCreateRequest (OMSnapshotCreateRequest.java:validateAndUpdateCache(228)) - Created snapshot: 'snapshot-b-4-69245' with snapshotId: '8e219e94-04d9-47c9-8328-860421f2ca13' under path 'vol-b-85804/buc-a-13854'
2025-10-16 19:49:00,528 | INFO  | OMAudit | user=runner | ip=127.0.0.1 | op=CREATE_SNAPSHOT {"volume":"vol-b-85804","bucket":"buc-a-13854","snapshotName":"snapshot-b-4-69245","Transaction":"1199"} | ret=SUCCESS |  
2025-10-16 19:49:00,530 [om1-OMStateMachineApplyTransactionThread - 0] INFO  snapshot.OMSnapshotCreateRequest (OMSnapshotCreateRequest.java:validateAndUpdateCache(228)) - Created snapshot: 'snapshot-b-4-78041' with snapshotId: '9b8f58a6-11ca-412c-a3ba-f7a0c9d91d69' under path 'vol-b-85804/buc-b-43844'
2025-10-16 19:49:00,531 | INFO  | OMAudit | user=runner | ip=127.0.0.1 | op=CREATE_SNAPSHOT {"volume":"vol-b-85804","bucket":"buc-b-43844","snapshotName":"snapshot-b-4-78041","Transaction":"1200"} | ret=SUCCESS |  
2025-10-16 19:49:00,533 [om1-OMStateMachineApplyTransactionThread - 0] INFO  snapshot.OMSnapshotCreateRequest (OMSnapshotCreateRequest.java:validateAndUpdateCache(228)) - Created snapshot: 'snapshot-b-5-52814' with snapshotId: '947bc25e-8ce8-4eb2-b76a-d3809466a44d' under path 'vol-a-85441/buc-a-13854'
2025-10-16 19:49:00,533 | INFO  | OMAudit | user=runner | ip=127.0.0.1 | op=CREATE_SNAPSHOT {"volume":"vol-a-85441","bucket":"buc-a-13854","snapshotName":"snapshot-b-5-52814","Transaction":"1201"} | ret=SUCCESS |  
2025-10-16 19:49:00,537 [om1-OMStateMachineApplyTransactionThread - 0] INFO  snapshot.OMSnapshotCreateRequest (OMSnapshotCreateRequest.java:validateAndUpdateCache(228)) - Created snapshot: 'snapshot-b-5-67116' with snapshotId: '37b8e4aa-f4f1-4a43-bc71-fdf683aec641' under path 'vol-a-85441/buc-b-43844'
2025-10-16 19:49:00,537 | INFO  | OMAudit | user=runner | ip=127.0.0.1 | op=CREATE_SNAPSHOT {"volume":"vol-a-85441","bucket":"buc-b-43844","snapshotName":"snapshot-b-5-67116","Transaction":"1202"} | ret=SUCCESS |  
2025-10-16 19:49:00,540 [om1-OMStateMachineApplyTransactionThread - 0] INFO  snapshot.OMSnapshotCreateRequest (OMSnapshotCreateRequest.java:validateAndUpdateCache(228)) - Created snapshot: 'snapshot-b-5-87901' with snapshotId: 'eee4fe44-983b-4bfb-bdda-88de14eb325a' under path 'vol-b-85804/buc-a-13854'
2025-10-16 19:49:00,540 | INFO  | OMAudit | user=runner | ip=127.0.0.1 | op=CREATE_SNAPSHOT {"volume":"vol-b-85804","bucket":"buc-a-13854","snapshotName":"snapshot-b-5-87901","Transaction":"1203"} | ret=SUCCESS |  
2025-10-16 19:49:00,542 [om1-OMStateMachineApplyTransactionThread - 0] INFO  snapshot.OMSnapshotCreateRequest (OMSnapshotCreateRequest.java:validateAndUpdateCache(228)) - Created snapshot: 'snapshot-b-5-68615' with snapshotId: 'aabbaa0c-201b-4f02-b67b-cd387266063e' under path 'vol-b-85804/buc-b-43844'
2025-10-16 19:49:00,542 | INFO  | OMAudit | user=runner | ip=127.0.0.1 | op=CREATE_SNAPSHOT {"volume":"vol-b-85804","bucket":"buc-b-43844","snapshotName":"snapshot-b-5-68615","Transaction":"1204"} | ret=SUCCESS |  
2025-10-16 19:49:00,545 [om1-OMStateMachineApplyTransactionThread - 0] INFO  snapshot.OMSnapshotCreateRequest (OMSnapshotCreateRequest.java:validateAndUpdateCache(228)) - Created snapshot: 'snapshot-b-6-60536' with snapshotId: '0463ef02-0150-45e7-8db2-baf0c45b5990' under path 'vol-a-85441/buc-a-13854'
2025-10-16 19:49:00,545 | INFO  | OMAudit | user=runner | ip=127.0.0.1 | op=CREATE_SNAPSHOT {"volume":"vol-a-85441","bucket":"buc-a-13854","snapshotName":"snapshot-b-6-60536","Transaction":"1205"} | ret=SUCCESS |  
2025-10-16 19:49:00,547 [om1-OMStateMachineApplyTransactionThread - 0] INFO  snapshot.OMSnapshotCreateRequest (OMSnapshotCreateRequest.java:validateAndUpdateCache(228)) - Created snapshot: 'snapshot-b-6-41880' with snapshotId: 'b82961b3-6218-49de-95fb-b5404a7b1abc' under path 'vol-a-85441/buc-b-43844'
2025-10-16 19:49:00,547 | INFO  | OMAudit | user=runner | ip=127.0.0.1 | op=CREATE_SNAPSHOT {"volume":"vol-a-85441","bucket":"buc-b-43844","snapshotName":"snapshot-b-6-41880","Transaction":"1206"} | ret=SUCCESS |  
2025-10-16 19:49:00,549 [om1-OMStateMachineApplyTransactionThread - 0] INFO  snapshot.OMSnapshotCreateRequest (OMSnapshotCreateRequest.java:validateAndUpdateCache(228)) - Created snapshot: 'snapshot-b-6-19374' with snapshotId: 'd23fb35a-70e9-41e3-bb27-3724919f8b1d' under path 'vol-b-85804/buc-a-13854'
2025-10-16 19:49:00,550 | INFO  | OMAudit | user=runner | ip=127.0.0.1 | op=CREATE_SNAPSHOT {"volume":"vol-b-85804","bucket":"buc-a-13854","snapshotName":"snapshot-b-6-19374","Transaction":"1207"} | ret=SUCCESS |  
2025-10-16 19:49:00,552 [om1-OMStateMachineApplyTransactionThread - 0] INFO  snapshot.OMSnapshotCreateRequest (OMSnapshotCreateRequest.java:validateAndUpdateCache(228)) - Created snapshot: 'snapshot-b-6-00940' with snapshotId: '4bdacfa7-d3bc-4962-9f59-650ef95bb600' under path 'vol-b-85804/buc-b-43844'
2025-10-16 19:49:00,552 | INFO  | OMAudit | user=runner | ip=127.0.0.1 | op=CREATE_SNAPSHOT {"volume":"vol-b-85804","bucket":"buc-b-43844","snapshotName":"snapshot-b-6-00940","Transaction":"1208"} | ret=SUCCESS |  
2025-10-16 19:49:00,553 [om1-OMStateMachineApplyTransactionThread - 0] INFO  snapshot.OMSnapshotCreateRequest (OMSnapshotCreateRequest.java:validateAndUpdateCache(228)) - Created snapshot: 'snapshot-b-7-99770' with snapshotId: '3d41cb0c-624a-4b01-8329-d79b815d66de' under path 'vol-a-85441/buc-a-13854'
2025-10-16 19:49:00,553 | INFO  | OMAudit | user=runner | ip=127.0.0.1 | op=CREATE_SNAPSHOT {"volume":"vol-a-85441","bucket":"buc-a-13854","snapshotName":"snapshot-b-7-99770","Transaction":"1209"} | ret=SUCCESS |  
2025-10-16 19:49:00,555 [om1-OMStateMachineApplyTransactionThread - 0] INFO  snapshot.OMSnapshotCreateRequest (OMSnapshotCreateRequest.java:validateAndUpdateCache(228)) - Created snapshot: 'snapshot-b-7-38250' with snapshotId: 'd33fdd69-9771-49ef-8228-fea2973e8e9e' under path 'vol-a-85441/buc-b-43844'
2025-10-16 19:49:00,555 | INFO  | OMAudit | user=runner | ip=127.0.0.1 | op=CREATE_SNAPSHOT {"volume":"vol-a-85441","bucket":"buc-b-43844","snapshotName":"snapshot-b-7-38250","Transaction":"1210"} | ret=SUCCESS |  
2025-10-16 19:49:00,557 [om1-OMStateMachineApplyTransactionThread - 0] INFO  snapshot.OMSnapshotCreateRequest (OMSnapshotCreateRequest.java:validateAndUpdateCache(228)) - Created snapshot: 'snapshot-b-7-59054' with snapshotId: 'bb27aa2f-4099-47b1-91ac-d00bc118cbab' under path 'vol-b-85804/buc-a-13854'
2025-10-16 19:49:00,557 | INFO  | OMAudit | user=runner | ip=127.0.0.1 | op=CREATE_SNAPSHOT {"volume":"vol-b-85804","bucket":"buc-a-13854","snapshotName":"snapshot-b-7-59054","Transaction":"1211"} | ret=SUCCESS |  
2025-10-16 19:49:00,558 [om1-OMDoubleBufferFlushThread] INFO  db.RDBCheckpointManager (RDBCheckpointManager.java:createCheckpoint(87)) - Created checkpoint in rocksDB at /home/runner/work/ozone/ozone/hadoop-ozone/integration-test/target/test-dir/MiniOzoneClusterImpl-e7911277-7775-4457-96c8-94071a26a1ce/om/data/db.snapshots/checkpointState/om.db-7b1b435f-7fe2-4ba9-a545-4c13d185b4f4 in 36 milliseconds
2025-10-16 19:49:00,559 [om1-OMStateMachineApplyTransactionThread - 0] INFO  snapshot.OMSnapshotCreateRequest (OMSnapshotCreateRequest.java:validateAndUpdateCache(228)) - Created snapshot: 'snapshot-b-7-53901' with snapshotId: '281c9ecc-6d05-4ad1-b04d-eeb8609e3aa4' under path 'vol-b-85804/buc-b-43844'
2025-10-16 19:49:00,559 | INFO  | OMAudit | user=runner | ip=127.0.0.1 | op=CREATE_SNAPSHOT {"volume":"vol-b-85804","bucket":"buc-b-43844","snapshotName":"snapshot-b-7-53901","Transaction":"1212"} | ret=SUCCESS |  
2025-10-16 19:49:00,561 [om1-OMStateMachineApplyTransactionThread - 0] INFO  snapshot.OMSnapshotCreateRequest (OMSnapshotCreateRequest.java:validateAndUpdateCache(228)) - Created snapshot: 'snapshot-b-8-00995' with snapshotId: 'bfc0a8e0-6dca-43b0-8d44-6bb1b2bc527e' under path 'vol-a-85441/buc-a-13854'
2025-10-16 19:49:00,561 | INFO  | OMAudit | user=runner | ip=127.0.0.1 | op=CREATE_SNAPSHOT {"volume":"vol-a-85441","bucket":"buc-a-13854","snapshotName":"snapshot-b-8-00995","Transaction":"1213"} | ret=SUCCESS |  
2025-10-16 19:49:00,562 [om1-OMStateMachineApplyTransactionThread - 0] INFO  snapshot.OMSnapshotCreateRequest (OMSnapshotCreateRequest.java:validateAndUpdateCache(228)) - Created snapshot: 'snapshot-b-8-77475' with snapshotId: '29d96d1d-13c0-409b-80ea-3c1ff254071e' under path 'vol-a-85441/buc-b-43844'
2025-10-16 19:49:00,563 | INFO  | OMAudit | user=runner | ip=127.0.0.1 | op=CREATE_SNAPSHOT {"volume":"vol-a-85441","bucket":"buc-b-43844","snapshotName":"snapshot-b-8-77475","Transaction":"1214"} | ret=SUCCESS |  
2025-10-16 19:49:00,565 [om1-OMStateMachineApplyTransactionThread - 0] INFO  snapshot.OMSnapshotCreateRequest (OMSnapshotCreateRequest.java:validateAndUpdateCache(228)) - Created snapshot: 'snapshot-b-8-69988' with snapshotId: 'c77d2697-6f0b-47ad-990e-1b2729140729' under path 'vol-b-85804/buc-a-13854'
2025-10-16 19:49:00,565 | INFO  | OMAudit | user=runner | ip=127.0.0.1 | op=CREATE_SNAPSHOT {"volume":"vol-b-85804","bucket":"buc-a-13854","snapshotName":"snapshot-b-8-69988","Transaction":"1215"} | ret=SUCCESS |  
2025-10-16 19:49:00,567 [om1-OMStateMachineApplyTransactionThread - 0] INFO  snapshot.OMSnapshotCreateRequest (OMSnapshotCreateRequest.java:validateAndUpdateCache(228)) - Created snapshot: 'snapshot-b-8-88418' with snapshotId: '63a07328-8438-4dd8-a812-13237d25973c' under path 'vol-b-85804/buc-b-43844'
2025-10-16 19:49:00,567 | INFO  | OMAudit | user=runner | ip=127.0.0.1 | op=CREATE_SNAPSHOT {"volume":"vol-b-85804","bucket":"buc-b-43844","snapshotName":"snapshot-b-8-88418","Transaction":"1216"} | ret=SUCCESS |  
2025-10-16 19:49:00,569 [om1-OMStateMachineApplyTransactionThread - 0] INFO  snapshot.OMSnapshotCreateRequest (OMSnapshotCreateRequest.java:validateAndUpdateCache(228)) - Created snapshot: 'snapshot-b-9-54571' with snapshotId: 'fb172642-8848-402b-96f3-1608bf812bbb' under path 'vol-a-85441/buc-a-13854'
2025-10-16 19:49:00,569 | INFO  | OMAudit | user=runner | ip=127.0.0.1 | op=CREATE_SNAPSHOT {"volume":"vol-a-85441","bucket":"buc-a-13854","snapshotName":"snapshot-b-9-54571","Transaction":"1217"} | ret=SUCCESS |  
2025-10-16 19:49:00,570 [om1-OMStateMachineApplyTransactionThread - 0] INFO  snapshot.OMSnapshotCreateRequest (OMSnapshotCreateRequest.java:validateAndUpdateCache(228)) - Created snapshot: 'snapshot-b-9-62326' with snapshotId: 'fddccb85-4347-4f7a-a052-e1dd6afaaca6' under path 'vol-a-85441/buc-b-43844'
2025-10-16 19:49:00,571 | INFO  | OMAudit | user=runner | ip=127.0.0.1 | op=CREATE_SNAPSHOT {"volume":"vol-a-85441","bucket":"buc-b-43844","snapshotName":"snapshot-b-9-62326","Transaction":"1218"} | ret=SUCCESS |  
2025-10-16 19:49:00,573 [om1-OMStateMachineApplyTransactionThread - 0] INFO  snapshot.OMSnapshotCreateRequest (OMSnapshotCreateRequest.java:validateAndUpdateCache(228)) - Created snapshot: 'snapshot-b-9-06354' with snapshotId: '815750ef-caf0-4624-ad60-103020974c90' under path 'vol-b-85804/buc-a-13854'
2025-10-16 19:49:00,573 | INFO  | OMAudit | user=runner | ip=127.0.0.1 | op=CREATE_SNAPSHOT {"volume":"vol-b-85804","bucket":"buc-a-13854","snapshotName":"snapshot-b-9-06354","Transaction":"1219"} | ret=SUCCESS |  
2025-10-16 19:49:00,575 [om1-OMStateMachineApplyTransactionThread - 0] INFO  snapshot.OMSnapshotCreateRequest (OMSnapshotCreateRequest.java:validateAndUpdateCache(228)) - Created snapshot: 'snapshot-b-9-13476' with snapshotId: 'eb75ea9c-fbcb-4e90-ab17-bc8623cc18fa' under path 'vol-b-85804/buc-b-43844'
2025-10-16 19:49:00,575 | INFO  | OMAudit | user=runner | ip=127.0.0.1 | op=CREATE_SNAPSHOT {"volume":"vol-b-85804","bucket":"buc-b-43844","snapshotName":"snapshot-b-9-13476","Transaction":"1220"} | ret=SUCCESS |  
2025-10-16 19:49:00,579 [om1-OMDoubleBufferFlushThread] INFO  om.OmSnapshotManager (OmSnapshotManager.java:createOmSnapshotCheckpoint(545)) - Created checkpoint: /home/runner/work/ozone/ozone/hadoop-ozone/integration-test/target/test-dir/MiniOzoneClusterImpl-e7911277-7775-4457-96c8-94071a26a1ce/om/data/db.snapshots/checkpointState/om.db-7b1b435f-7fe2-4ba9-a545-4c13d185b4f4 for snapshot /vol-b-85804/buc-a-13854/snapshot-a-0-47180
2025-10-16 19:49:00,582 | INFO  | OMAudit | user=runner | ip=127.0.0.1 | op=LIST_SNAPSHOT {"volume":"vol-a-85441","bucket":"buc-a-13854"} | ret=SUCCESS |  
2025-10-16 19:49:00,588 | INFO  | OMAudit | user=runner | ip=127.0.0.1 | op=LIST_SNAPSHOT {"volume":"vol-a-85441","bucket":"buc-b-43844"} | ret=SUCCESS |  
2025-10-16 19:49:00,591 | INFO  | OMAudit | user=runner | ip=127.0.0.1 | op=LIST_SNAPSHOT {"volume":"vol-b-85804","bucket":"buc-a-13854"} | ret=SUCCESS |  
2025-10-16 19:49:00,594 | INFO  | OMAudit | user=runner | ip=127.0.0.1 | op=LIST_SNAPSHOT {"volume":"vol-b-85804","bucket":"buc-b-43844"} | ret=SUCCESS |  
2025-10-16 19:49:00,597 | INFO  | OMAudit | user=runner | ip=127.0.0.1 | op=LIST_SNAPSHOT {"volume":"vol-a-85441","bucket":"buc-a-13854"} | ret=SUCCESS |  
]]></system-out>
  </testcase>
  <testcase name="testListVolume" classname="org.apache.hadoop.ozone.client.rpc.TestSecureOzoneRpcClient" time="0.082">
    <system-out><![CDATA[2025-10-16 19:49:00,600 [ForkJoinPool-1-worker-1] INFO  rpc.RpcClient (RpcClient.java:createVolume(461)) - Creating Volume: vol-list-a-0-60716, with runner as owner and space quota set to -1 bytes, counts quota set to -1
2025-10-16 19:49:00,604 [om1-OMStateMachineApplyTransactionThread - 0] INFO  volume.OMVolumeCreateRequest (OMVolumeCreateRequest.java:validateAndUpdateCache(213)) - created volume:vol-list-a-0-60716 for user:runner
2025-10-16 19:49:00,604 | INFO  | OMAudit | user=runner | ip=127.0.0.1 | op=CREATE_VOLUME {"admin":"runner","owner":"runner","volume":"vol-list-a-0-60716","creationTime":"1760644140602","modificationTime":"1760644140602","quotaInBytes":"-1","quotaInNamespace":"-1","usedNamespace":"0","objectID":"-9223372036854463232","updateID":"1221","Transaction":"1221"} | ret=SUCCESS |  
2025-10-16 19:49:00,605 [ForkJoinPool-1-worker-1] INFO  rpc.RpcClient (RpcClient.java:createVolume(461)) - Creating Volume: vol-list-a-1-86673, with runner as owner and space quota set to -1 bytes, counts quota set to -1
2025-10-16 19:49:00,607 [om1-OMStateMachineApplyTransactionThread - 0] INFO  volume.OMVolumeCreateRequest (OMVolumeCreateRequest.java:validateAndUpdateCache(213)) - created volume:vol-list-a-1-86673 for user:runner
2025-10-16 19:49:00,607 | INFO  | OMAudit | user=runner | ip=127.0.0.1 | op=CREATE_VOLUME {"admin":"runner","owner":"runner","volume":"vol-list-a-1-86673","creationTime":"1760644140606","modificationTime":"1760644140606","quotaInBytes":"-1","quotaInNamespace":"-1","usedNamespace":"0","objectID":"-9223372036854462976","updateID":"1222","Transaction":"1222"} | ret=SUCCESS |  
2025-10-16 19:49:00,608 [ForkJoinPool-1-worker-1] INFO  rpc.RpcClient (RpcClient.java:createVolume(461)) - Creating Volume: vol-list-a-2-30190, with runner as owner and space quota set to -1 bytes, counts quota set to -1
2025-10-16 19:49:00,610 [om1-OMStateMachineApplyTransactionThread - 0] INFO  volume.OMVolumeCreateRequest (OMVolumeCreateRequest.java:validateAndUpdateCache(213)) - created volume:vol-list-a-2-30190 for user:runner
2025-10-16 19:49:00,610 | INFO  | OMAudit | user=runner | ip=127.0.0.1 | op=CREATE_VOLUME {"admin":"runner","owner":"runner","volume":"vol-list-a-2-30190","creationTime":"1760644140608","modificationTime":"1760644140608","quotaInBytes":"-1","quotaInNamespace":"-1","usedNamespace":"0","objectID":"-9223372036854462720","updateID":"1223","Transaction":"1223"} | ret=SUCCESS |  
2025-10-16 19:49:00,611 [ForkJoinPool-1-worker-1] INFO  rpc.RpcClient (RpcClient.java:createVolume(461)) - Creating Volume: vol-list-a-3-77910, with runner as owner and space quota set to -1 bytes, counts quota set to -1
2025-10-16 19:49:00,612 [om1-OMStateMachineApplyTransactionThread - 0] INFO  volume.OMVolumeCreateRequest (OMVolumeCreateRequest.java:validateAndUpdateCache(213)) - created volume:vol-list-a-3-77910 for user:runner
2025-10-16 19:49:00,612 | INFO  | OMAudit | user=runner | ip=127.0.0.1 | op=CREATE_VOLUME {"admin":"runner","owner":"runner","volume":"vol-list-a-3-77910","creationTime":"1760644140611","modificationTime":"1760644140611","quotaInBytes":"-1","quotaInNamespace":"-1","usedNamespace":"0","objectID":"-9223372036854462464","updateID":"1224","Transaction":"1224"} | ret=SUCCESS |  
2025-10-16 19:49:00,613 [ForkJoinPool-1-worker-1] INFO  rpc.RpcClient (RpcClient.java:createVolume(461)) - Creating Volume: vol-list-a-4-22690, with runner as owner and space quota set to -1 bytes, counts quota set to -1
2025-10-16 19:49:00,615 [om1-OMStateMachineApplyTransactionThread - 0] INFO  volume.OMVolumeCreateRequest (OMVolumeCreateRequest.java:validateAndUpdateCache(213)) - created volume:vol-list-a-4-22690 for user:runner
2025-10-16 19:49:00,615 | INFO  | OMAudit | user=runner | ip=127.0.0.1 | op=CREATE_VOLUME {"admin":"runner","owner":"runner","volume":"vol-list-a-4-22690","creationTime":"1760644140614","modificationTime":"1760644140614","quotaInBytes":"-1","quotaInNamespace":"-1","usedNamespace":"0","objectID":"-9223372036854462208","updateID":"1225","Transaction":"1225"} | ret=SUCCESS |  
2025-10-16 19:49:00,616 [ForkJoinPool-1-worker-1] INFO  rpc.RpcClient (RpcClient.java:createVolume(461)) - Creating Volume: vol-list-a-5-50840, with runner as owner and space quota set to -1 bytes, counts quota set to -1
2025-10-16 19:49:00,618 [om1-OMStateMachineApplyTransactionThread - 0] INFO  volume.OMVolumeCreateRequest (OMVolumeCreateRequest.java:validateAndUpdateCache(213)) - created volume:vol-list-a-5-50840 for user:runner
2025-10-16 19:49:00,618 | INFO  | OMAudit | user=runner | ip=127.0.0.1 | op=CREATE_VOLUME {"admin":"runner","owner":"runner","volume":"vol-list-a-5-50840","creationTime":"1760644140617","modificationTime":"1760644140617","quotaInBytes":"-1","quotaInNamespace":"-1","usedNamespace":"0","objectID":"-9223372036854461952","updateID":"1226","Transaction":"1226"} | ret=SUCCESS |  
2025-10-16 19:49:00,619 [ForkJoinPool-1-worker-1] INFO  rpc.RpcClient (RpcClient.java:createVolume(461)) - Creating Volume: vol-list-a-6-87533, with runner as owner and space quota set to -1 bytes, counts quota set to -1
2025-10-16 19:49:00,620 [om1-OMStateMachineApplyTransactionThread - 0] INFO  volume.OMVolumeCreateRequest (OMVolumeCreateRequest.java:validateAndUpdateCache(213)) - created volume:vol-list-a-6-87533 for user:runner
2025-10-16 19:49:00,621 | INFO  | OMAudit | user=runner | ip=127.0.0.1 | op=CREATE_VOLUME {"admin":"runner","owner":"runner","volume":"vol-list-a-6-87533","creationTime":"1760644140619","modificationTime":"1760644140619","quotaInBytes":"-1","quotaInNamespace":"-1","usedNamespace":"0","objectID":"-9223372036854461696","updateID":"1227","Transaction":"1227"} | ret=SUCCESS |  
2025-10-16 19:49:00,622 [om1-OMDoubleBufferFlushThread] INFO  db.RDBCheckpointManager (RDBCheckpointManager.java:createCheckpoint(87)) - Created checkpoint in rocksDB at /home/runner/work/ozone/ozone/hadoop-ozone/integration-test/target/test-dir/MiniOzoneClusterImpl-e7911277-7775-4457-96c8-94071a26a1ce/om/data/db.snapshots/checkpointState/om.db-32342fbe-d759-4619-9d48-47abc4a07117 in 40 milliseconds
2025-10-16 19:49:00,622 [ForkJoinPool-1-worker-1] INFO  rpc.RpcClient (RpcClient.java:createVolume(461)) - Creating Volume: vol-list-a-7-60466, with runner as owner and space quota set to -1 bytes, counts quota set to -1
2025-10-16 19:49:00,625 [om1-OMStateMachineApplyTransactionThread - 0] INFO  volume.OMVolumeCreateRequest (OMVolumeCreateRequest.java:validateAndUpdateCache(213)) - created volume:vol-list-a-7-60466 for user:runner
2025-10-16 19:49:00,625 | INFO  | OMAudit | user=runner | ip=127.0.0.1 | op=CREATE_VOLUME {"admin":"runner","owner":"runner","volume":"vol-list-a-7-60466","creationTime":"1760644140623","modificationTime":"1760644140623","quotaInBytes":"-1","quotaInNamespace":"-1","usedNamespace":"0","objectID":"-9223372036854461440","updateID":"1228","Transaction":"1228"} | ret=SUCCESS |  
2025-10-16 19:49:00,626 [ForkJoinPool-1-worker-1] INFO  rpc.RpcClient (RpcClient.java:createVolume(461)) - Creating Volume: vol-list-a-8-38739, with runner as owner and space quota set to -1 bytes, counts quota set to -1
2025-10-16 19:49:00,628 [om1-OMStateMachineApplyTransactionThread - 0] INFO  volume.OMVolumeCreateRequest (OMVolumeCreateRequest.java:validateAndUpdateCache(213)) - created volume:vol-list-a-8-38739 for user:runner
2025-10-16 19:49:00,628 | INFO  | OMAudit | user=runner | ip=127.0.0.1 | op=CREATE_VOLUME {"admin":"runner","owner":"runner","volume":"vol-list-a-8-38739","creationTime":"1760644140627","modificationTime":"1760644140627","quotaInBytes":"-1","quotaInNamespace":"-1","usedNamespace":"0","objectID":"-9223372036854461184","updateID":"1229","Transaction":"1229"} | ret=SUCCESS |  
2025-10-16 19:49:00,628 [ForkJoinPool-1-worker-1] INFO  rpc.RpcClient (RpcClient.java:createVolume(461)) - Creating Volume: vol-list-a-9-37787, with runner as owner and space quota set to -1 bytes, counts quota set to -1
2025-10-16 19:49:00,630 [om1-OMStateMachineApplyTransactionThread - 0] INFO  volume.OMVolumeCreateRequest (OMVolumeCreateRequest.java:validateAndUpdateCache(213)) - created volume:vol-list-a-9-37787 for user:runner
2025-10-16 19:49:00,630 | INFO  | OMAudit | user=runner | ip=127.0.0.1 | op=CREATE_VOLUME {"admin":"runner","owner":"runner","volume":"vol-list-a-9-37787","creationTime":"1760644140629","modificationTime":"1760644140629","quotaInBytes":"-1","quotaInNamespace":"-1","usedNamespace":"0","objectID":"-9223372036854460928","updateID":"1230","Transaction":"1230"} | ret=SUCCESS |  
2025-10-16 19:49:00,630 [ForkJoinPool-1-worker-1] INFO  rpc.RpcClient (RpcClient.java:createVolume(461)) - Creating Volume: vol-list-b-0-30218, with runner as owner and space quota set to -1 bytes, counts quota set to -1
2025-10-16 19:49:00,631 [om1-OMStateMachineApplyTransactionThread - 0] INFO  volume.OMVolumeCreateRequest (OMVolumeCreateRequest.java:validateAndUpdateCache(213)) - created volume:vol-list-b-0-30218 for user:runner
2025-10-16 19:49:00,631 | INFO  | OMAudit | user=runner | ip=127.0.0.1 | op=CREATE_VOLUME {"admin":"runner","owner":"runner","volume":"vol-list-b-0-30218","creationTime":"1760644140631","modificationTime":"1760644140631","quotaInBytes":"-1","quotaInNamespace":"-1","usedNamespace":"0","objectID":"-9223372036854460672","updateID":"1231","Transaction":"1231"} | ret=SUCCESS |  
2025-10-16 19:49:00,632 [ForkJoinPool-1-worker-1] INFO  rpc.RpcClient (RpcClient.java:createVolume(461)) - Creating Volume: vol-list-b-1-08824, with runner as owner and space quota set to -1 bytes, counts quota set to -1
2025-10-16 19:49:00,634 [om1-OMStateMachineApplyTransactionThread - 0] INFO  volume.OMVolumeCreateRequest (OMVolumeCreateRequest.java:validateAndUpdateCache(213)) - created volume:vol-list-b-1-08824 for user:runner
2025-10-16 19:49:00,634 | INFO  | OMAudit | user=runner | ip=127.0.0.1 | op=CREATE_VOLUME {"admin":"runner","owner":"runner","volume":"vol-list-b-1-08824","creationTime":"1760644140633","modificationTime":"1760644140633","quotaInBytes":"-1","quotaInNamespace":"-1","usedNamespace":"0","objectID":"-9223372036854460416","updateID":"1232","Transaction":"1232"} | ret=SUCCESS |  
2025-10-16 19:49:00,635 [ForkJoinPool-1-worker-1] INFO  rpc.RpcClient (RpcClient.java:createVolume(461)) - Creating Volume: vol-list-b-2-66471, with runner as owner and space quota set to -1 bytes, counts quota set to -1
2025-10-16 19:49:00,636 [om1-OMStateMachineApplyTransactionThread - 0] INFO  volume.OMVolumeCreateRequest (OMVolumeCreateRequest.java:validateAndUpdateCache(213)) - created volume:vol-list-b-2-66471 for user:runner
2025-10-16 19:49:00,636 | INFO  | OMAudit | user=runner | ip=127.0.0.1 | op=CREATE_VOLUME {"admin":"runner","owner":"runner","volume":"vol-list-b-2-66471","creationTime":"1760644140635","modificationTime":"1760644140635","quotaInBytes":"-1","quotaInNamespace":"-1","usedNamespace":"0","objectID":"-9223372036854460160","updateID":"1233","Transaction":"1233"} | ret=SUCCESS |  
2025-10-16 19:49:00,637 [ForkJoinPool-1-worker-1] INFO  rpc.RpcClient (RpcClient.java:createVolume(461)) - Creating Volume: vol-list-b-3-03405, with runner as owner and space quota set to -1 bytes, counts quota set to -1
2025-10-16 19:49:00,639 [om1-OMStateMachineApplyTransactionThread - 0] INFO  volume.OMVolumeCreateRequest (OMVolumeCreateRequest.java:validateAndUpdateCache(213)) - created volume:vol-list-b-3-03405 for user:runner
2025-10-16 19:49:00,639 | INFO  | OMAudit | user=runner | ip=127.0.0.1 | op=CREATE_VOLUME {"admin":"runner","owner":"runner","volume":"vol-list-b-3-03405","creationTime":"1760644140637","modificationTime":"1760644140637","quotaInBytes":"-1","quotaInNamespace":"-1","usedNamespace":"0","objectID":"-9223372036854459904","updateID":"1234","Transaction":"1234"} | ret=SUCCESS |  
2025-10-16 19:49:00,640 [ForkJoinPool-1-worker-1] INFO  rpc.RpcClient (RpcClient.java:createVolume(461)) - Creating Volume: vol-list-b-4-74907, with runner as owner and space quota set to -1 bytes, counts quota set to -1
2025-10-16 19:49:00,640 | INFO  | SCMAudit | user=runner | ip=127.0.0.1 | op=SEND_HEARTBEAT {"datanodeUUID":"0e8b6cc7-9945-4141-97fc-6aa017a0d5fa","term":"2","command":"[]"} | ret=SUCCESS |  
2025-10-16 19:49:00,642 [om1-OMStateMachineApplyTransactionThread - 0] INFO  volume.OMVolumeCreateRequest (OMVolumeCreateRequest.java:validateAndUpdateCache(213)) - created volume:vol-list-b-4-74907 for user:runner
2025-10-16 19:49:00,643 | INFO  | OMAudit | user=runner | ip=127.0.0.1 | op=CREATE_VOLUME {"admin":"runner","owner":"runner","volume":"vol-list-b-4-74907","creationTime":"1760644140641","modificationTime":"1760644140641","quotaInBytes":"-1","quotaInNamespace":"-1","usedNamespace":"0","objectID":"-9223372036854459648","updateID":"1235","Transaction":"1235"} | ret=SUCCESS |  
2025-10-16 19:49:00,644 [ForkJoinPool-1-worker-1] INFO  rpc.RpcClient (RpcClient.java:createVolume(461)) - Creating Volume: vol-list-b-5-10494, with runner as owner and space quota set to -1 bytes, counts quota set to -1
2025-10-16 19:49:00,647 [om1-OMStateMachineApplyTransactionThread - 0] INFO  volume.OMVolumeCreateRequest (OMVolumeCreateRequest.java:validateAndUpdateCache(213)) - created volume:vol-list-b-5-10494 for user:runner
2025-10-16 19:49:00,647 | INFO  | OMAudit | user=runner | ip=127.0.0.1 | op=CREATE_VOLUME {"admin":"runner","owner":"runner","volume":"vol-list-b-5-10494","creationTime":"1760644140645","modificationTime":"1760644140645","quotaInBytes":"-1","quotaInNamespace":"-1","usedNamespace":"0","objectID":"-9223372036854459392","updateID":"1236","Transaction":"1236"} | ret=SUCCESS |  
2025-10-16 19:49:00,648 [ForkJoinPool-1-worker-1] INFO  rpc.RpcClient (RpcClient.java:createVolume(461)) - Creating Volume: vol-list-b-6-43548, with runner as owner and space quota set to -1 bytes, counts quota set to -1
2025-10-16 19:49:00,649 [om1-OMDoubleBufferFlushThread] INFO  om.OmSnapshotManager (OmSnapshotManager.java:createOmSnapshotCheckpoint(545)) - Created checkpoint: /home/runner/work/ozone/ozone/hadoop-ozone/integration-test/target/test-dir/MiniOzoneClusterImpl-e7911277-7775-4457-96c8-94071a26a1ce/om/data/db.snapshots/checkpointState/om.db-32342fbe-d759-4619-9d48-47abc4a07117 for snapshot /vol-b-85804/buc-b-43844/snapshot-a-0-21215
2025-10-16 19:49:00,651 [om1-OMStateMachineApplyTransactionThread - 0] INFO  volume.OMVolumeCreateRequest (OMVolumeCreateRequest.java:validateAndUpdateCache(213)) - created volume:vol-list-b-6-43548 for user:runner
2025-10-16 19:49:00,651 | INFO  | OMAudit | user=runner | ip=127.0.0.1 | op=CREATE_VOLUME {"admin":"runner","owner":"runner","volume":"vol-list-b-6-43548","creationTime":"1760644140648","modificationTime":"1760644140648","quotaInBytes":"-1","quotaInNamespace":"-1","usedNamespace":"0","objectID":"-9223372036854459136","updateID":"1237","Transaction":"1237"} | ret=SUCCESS |  
2025-10-16 19:49:00,652 [ForkJoinPool-1-worker-1] INFO  rpc.RpcClient (RpcClient.java:createVolume(461)) - Creating Volume: vol-list-b-7-05770, with runner as owner and space quota set to -1 bytes, counts quota set to -1
2025-10-16 19:49:00,659 [om1-OMStateMachineApplyTransactionThread - 0] INFO  volume.OMVolumeCreateRequest (OMVolumeCreateRequest.java:validateAndUpdateCache(213)) - created volume:vol-list-b-7-05770 for user:runner
2025-10-16 19:49:00,659 | INFO  | OMAudit | user=runner | ip=127.0.0.1 | op=CREATE_VOLUME {"admin":"runner","owner":"runner","volume":"vol-list-b-7-05770","creationTime":"1760644140657","modificationTime":"1760644140657","quotaInBytes":"-1","quotaInNamespace":"-1","usedNamespace":"0","objectID":"-9223372036854458880","updateID":"1238","Transaction":"1238"} | ret=SUCCESS |  
2025-10-16 19:49:00,660 [ForkJoinPool-1-worker-1] INFO  rpc.RpcClient (RpcClient.java:createVolume(461)) - Creating Volume: vol-list-b-8-96292, with runner as owner and space quota set to -1 bytes, counts quota set to -1
2025-10-16 19:49:00,664 [om1-OMStateMachineApplyTransactionThread - 0] INFO  volume.OMVolumeCreateRequest (OMVolumeCreateRequest.java:validateAndUpdateCache(213)) - created volume:vol-list-b-8-96292 for user:runner
2025-10-16 19:49:00,665 | INFO  | OMAudit | user=runner | ip=127.0.0.1 | op=CREATE_VOLUME {"admin":"runner","owner":"runner","volume":"vol-list-b-8-96292","creationTime":"1760644140663","modificationTime":"1760644140663","quotaInBytes":"-1","quotaInNamespace":"-1","usedNamespace":"0","objectID":"-9223372036854458624","updateID":"1239","Transaction":"1239"} | ret=SUCCESS |  
2025-10-16 19:49:00,665 [ForkJoinPool-1-worker-1] INFO  rpc.RpcClient (RpcClient.java:createVolume(461)) - Creating Volume: vol-list-b-9-30597, with runner as owner and space quota set to -1 bytes, counts quota set to -1
2025-10-16 19:49:00,667 [om1-OMStateMachineApplyTransactionThread - 0] INFO  volume.OMVolumeCreateRequest (OMVolumeCreateRequest.java:validateAndUpdateCache(213)) - created volume:vol-list-b-9-30597 for user:runner
2025-10-16 19:49:00,667 | INFO  | OMAudit | user=runner | ip=127.0.0.1 | op=CREATE_VOLUME {"admin":"runner","owner":"runner","volume":"vol-list-b-9-30597","creationTime":"1760644140666","modificationTime":"1760644140666","quotaInBytes":"-1","quotaInNamespace":"-1","usedNamespace":"0","objectID":"-9223372036854458368","updateID":"1240","Transaction":"1240"} | ret=SUCCESS |  
2025-10-16 19:49:00,671 | INFO  | OMAudit | user=runner | ip=127.0.0.1 | op=LIST_VOLUMES {"prevKey":"","prefix":"vol-list-","maxKeys":"1000","username":null} | ret=SUCCESS |  
2025-10-16 19:49:00,674 | INFO  | OMAudit | user=runner | ip=127.0.0.1 | op=LIST_VOLUMES {"prevKey":"vol-list-b-9-30597","prefix":"vol-list-","maxKeys":"1000","username":null} | ret=SUCCESS |  
2025-10-16 19:49:00,675 | INFO  | OMAudit | user=runner | ip=127.0.0.1 | op=LIST_VOLUMES {"prevKey":"","prefix":"vol-list-a-","maxKeys":"1000","username":null} | ret=SUCCESS |  
2025-10-16 19:49:00,676 | INFO  | OMAudit | user=runner | ip=127.0.0.1 | op=LIST_VOLUMES {"prevKey":"vol-list-a-9-37787","prefix":"vol-list-a-","maxKeys":"1000","username":null} | ret=SUCCESS |  
2025-10-16 19:49:00,678 | INFO  | OMAudit | user=runner | ip=127.0.0.1 | op=LIST_VOLUMES {"prevKey":"","prefix":"vol-list-b-","maxKeys":"1000","username":null} | ret=SUCCESS |  
2025-10-16 19:49:00,679 | INFO  | OMAudit | user=runner | ip=127.0.0.1 | op=LIST_VOLUMES {"prevKey":"vol-list-b-9-30597","prefix":"vol-list-b-","maxKeys":"1000","username":null} | ret=SUCCESS |  
2025-10-16 19:49:00,680 | INFO  | OMAudit | user=runner | ip=127.0.0.1 | op=LIST_VOLUMES {"prevKey":"","prefix":"vol-list-a-1-","maxKeys":"1000","username":null} | ret=SUCCESS |  
2025-10-16 19:49:00,681 | INFO  | OMAudit | user=runner | ip=127.0.0.1 | op=LIST_VOLUMES {"prevKey":"vol-list-a-1-86673","prefix":"vol-list-a-1-","maxKeys":"1000","username":null} | ret=SUCCESS |  
]]></system-out>
  </testcase>
  <testcase name="testMissingParentBucketUsedNamespace(BucketLayout)[1]" classname="org.apache.hadoop.ozone.client.rpc.TestSecureOzoneRpcClient" time="0.026">
    <system-out><![CDATA[2025-10-16 19:49:00,685 [ForkJoinPool-1-worker-1] INFO  rpc.RpcClient (RpcClient.java:createVolume(461)) - Creating Volume: 5846275f-e497-464d-aa71-f9d1e189874b, with runner as owner and space quota set to -1 bytes, counts quota set to -1
2025-10-16 19:49:00,687 [om1-OMStateMachineApplyTransactionThread - 0] INFO  volume.OMVolumeCreateRequest (OMVolumeCreateRequest.java:validateAndUpdateCache(213)) - created volume:5846275f-e497-464d-aa71-f9d1e189874b for user:runner
2025-10-16 19:49:00,687 | INFO  | OMAudit | user=runner | ip=127.0.0.1 | op=CREATE_VOLUME {"admin":"runner","owner":"runner","volume":"5846275f-e497-464d-aa71-f9d1e189874b","creationTime":"1760644140686","modificationTime":"1760644140686","quotaInBytes":"-1","quotaInNamespace":"-1","usedNamespace":"0","objectID":"-9223372036854458112","updateID":"1241","Transaction":"1241"} | ret=SUCCESS |  
2025-10-16 19:49:00,688 [om1-OMDoubleBufferFlushThread] INFO  db.RDBCheckpointManager (RDBCheckpointManager.java:createCheckpoint(87)) - Created checkpoint in rocksDB at /home/runner/work/ozone/ozone/hadoop-ozone/integration-test/target/test-dir/MiniOzoneClusterImpl-e7911277-7775-4457-96c8-94071a26a1ce/om/data/db.snapshots/checkpointState/om.db-5a6025de-273a-4c36-ab1f-15061a14ee28 in 36 milliseconds
2025-10-16 19:49:00,688 | INFO  | OMAudit | user=runner | ip=127.0.0.1 | op=READ_VOLUME {"volume":"5846275f-e497-464d-aa71-f9d1e189874b"} | ret=SUCCESS |  
2025-10-16 19:49:00,689 [ForkJoinPool-1-worker-1] INFO  rpc.RpcClient (RpcClient.java:createBucket(686)) - Creating Bucket: 5846275f-e497-464d-aa71-f9d1e189874b/ea7039d5-2eea-4aed-8b5e-bc0e79b38b39, with bucket layout OBJECT_STORE, runner as owner, Versioning false, Storage Type set to DISK and Encryption set to false, Replication Type set to server-side default replication type, Namespace Quota set to -1, Space Quota set to -1 
2025-10-16 19:49:00,690 [om1-OMStateMachineApplyTransactionThread - 0] INFO  bucket.OMBucketCreateRequest (OMBucketCreateRequest.java:validateAndUpdateCache(303)) - created bucket: ea7039d5-2eea-4aed-8b5e-bc0e79b38b39 of layout OBJECT_STORE in volume: 5846275f-e497-464d-aa71-f9d1e189874b
2025-10-16 19:49:00,690 | INFO  | OMAudit | user=runner | ip=127.0.0.1 | op=CREATE_BUCKET {"volume":"5846275f-e497-464d-aa71-f9d1e189874b","bucket":"ea7039d5-2eea-4aed-8b5e-bc0e79b38b39","bucketLayout":"OBJECT_STORE","gdprEnabled":null,"acls":"[user:runner:a[ACCESS], group:runner:rl[ACCESS]]","isVersionEnabled":"false","storageType":"DISK","creationTime":"1760644140689","bucketEncryptionKey":null,"modificationTime":"1760644140689","usedBytes":"0","usedNamespace":"0","snapshotUsedBytes":"0","snapshotUsedNamespace":"0","owner":"runner","replicationType":null,"replicationConfig":null,"quotaInBytes":"-1","quotaInNamespace":"-1","Transaction":"1242"} | ret=SUCCESS |  
2025-10-16 19:49:00,691 | INFO  | OMAudit | user=runner | ip=127.0.0.1 | op=READ_BUCKET {"volume":"5846275f-e497-464d-aa71-f9d1e189874b","bucket":"ea7039d5-2eea-4aed-8b5e-bc0e79b38b39"} | ret=SUCCESS |  
2025-10-16 19:49:00,692 | INFO  | OMAudit | user=runner | ip=127.0.0.1 | op=READ_BUCKET {"volume":"5846275f-e497-464d-aa71-f9d1e189874b","bucket":"ea7039d5-2eea-4aed-8b5e-bc0e79b38b39"} | ret=SUCCESS |  
2025-10-16 19:49:00,694 | INFO  | SCMAudit | user=runner | ip=127.0.0.1 | op=ALLOCATE_BLOCK {"replication":"RATIS/ONE","owner":"omServiceIdDefault","size":"4194304","sampleBlocks":"[conID: 3 locID: 115816896921600328]","num":"1","client":"","allocated":"1"} | ret=SUCCESS |  
2025-10-16 19:49:00,696 | INFO  | OMAudit | user=runner | ip=127.0.0.1 | op=ALLOCATE_KEY {"volume":"5846275f-e497-464d-aa71-f9d1e189874b","bucket":"ea7039d5-2eea-4aed-8b5e-bc0e79b38b39","key":"dir1/dir2/dir3/file1","dataSize":"12","replicationType":"RATIS","replicationFactor":"ONE","Transaction":"1243"} | ret=SUCCESS |  
2025-10-16 19:49:00,707 | INFO  | OMAudit | user=runner | ip=127.0.0.1 | op=COMMIT_KEY {"volume":"5846275f-e497-464d-aa71-f9d1e189874b","bucket":"ea7039d5-2eea-4aed-8b5e-bc0e79b38b39","key":"dir1/dir2/dir3/file1","dataSize":"12","replicationType":"RATIS","replicationFactor":"ONE","Transaction":"1244"} | ret=SUCCESS |  
2025-10-16 19:49:00,708 [om1-OMDoubleBufferFlushThread] INFO  om.OmSnapshotManager (OmSnapshotManager.java:createOmSnapshotCheckpoint(545)) - Created checkpoint: /home/runner/work/ozone/ozone/hadoop-ozone/integration-test/target/test-dir/MiniOzoneClusterImpl-e7911277-7775-4457-96c8-94071a26a1ce/om/data/db.snapshots/checkpointState/om.db-5a6025de-273a-4c36-ab1f-15061a14ee28 for snapshot /vol-a-85441/buc-a-13854/snapshot-a-1-95628
2025-10-16 19:49:00,709 | INFO  | OMAudit | user=runner | ip=127.0.0.1 | op=READ_VOLUME {"volume":"5846275f-e497-464d-aa71-f9d1e189874b"} | ret=SUCCESS |  
2025-10-16 19:49:00,711 | INFO  | OMAudit | user=runner | ip=127.0.0.1 | op=READ_BUCKET {"volume":"5846275f-e497-464d-aa71-f9d1e189874b","bucket":"ea7039d5-2eea-4aed-8b5e-bc0e79b38b39"} | ret=SUCCESS |  
]]></system-out>
  </testcase>
  <testcase name="testMissingParentBucketUsedNamespace(BucketLayout)[2]" classname="org.apache.hadoop.ozone.client.rpc.TestSecureOzoneRpcClient" time="0.032">
    <system-out><![CDATA[2025-10-16 19:49:00,713 [ForkJoinPool-1-worker-1] INFO  rpc.RpcClient (RpcClient.java:createVolume(461)) - Creating Volume: 40670d73-707b-4d10-b4f8-46912946b003, with runner as owner and space quota set to -1 bytes, counts quota set to -1
2025-10-16 19:49:00,714 [om1-OMStateMachineApplyTransactionThread - 0] INFO  volume.OMVolumeCreateRequest (OMVolumeCreateRequest.java:validateAndUpdateCache(213)) - created volume:40670d73-707b-4d10-b4f8-46912946b003 for user:runner
2025-10-16 19:49:00,715 | INFO  | OMAudit | user=runner | ip=127.0.0.1 | op=CREATE_VOLUME {"admin":"runner","owner":"runner","volume":"40670d73-707b-4d10-b4f8-46912946b003","creationTime":"1760644140714","modificationTime":"1760644140714","quotaInBytes":"-1","quotaInNamespace":"-1","usedNamespace":"0","objectID":"-9223372036854457088","updateID":"1245","Transaction":"1245"} | ret=SUCCESS |  
2025-10-16 19:49:00,716 | INFO  | OMAudit | user=runner | ip=127.0.0.1 | op=READ_VOLUME {"volume":"40670d73-707b-4d10-b4f8-46912946b003"} | ret=SUCCESS |  
2025-10-16 19:49:00,716 [ForkJoinPool-1-worker-1] INFO  rpc.RpcClient (RpcClient.java:createBucket(686)) - Creating Bucket: 40670d73-707b-4d10-b4f8-46912946b003/b40e8d72-a9c1-48c5-9db2-5320107dae63, with bucket layout LEGACY, runner as owner, Versioning false, Storage Type set to DISK and Encryption set to false, Replication Type set to server-side default replication type, Namespace Quota set to -1, Space Quota set to -1 
2025-10-16 19:49:00,718 | INFO  | SCMAudit | user=runner | ip=127.0.0.1 | op=SEND_HEARTBEAT {"datanodeUUID":"757ca056-973f-4f05-ab2d-6aff6c54d452","term":"2","command":"[]"} | ret=SUCCESS |  
2025-10-16 19:49:00,719 [om1-OMStateMachineApplyTransactionThread - 0] INFO  bucket.OMBucketCreateRequest (OMBucketCreateRequest.java:validateAndUpdateCache(303)) - created bucket: b40e8d72-a9c1-48c5-9db2-5320107dae63 of layout LEGACY in volume: 40670d73-707b-4d10-b4f8-46912946b003
2025-10-16 19:49:00,719 | INFO  | OMAudit | user=runner | ip=127.0.0.1 | op=CREATE_BUCKET {"volume":"40670d73-707b-4d10-b4f8-46912946b003","bucket":"b40e8d72-a9c1-48c5-9db2-5320107dae63","bucketLayout":"LEGACY","gdprEnabled":null,"acls":"[user:runner:a[ACCESS], group:runner:rl[ACCESS]]","isVersionEnabled":"false","storageType":"DISK","creationTime":"1760644140717","bucketEncryptionKey":null,"modificationTime":"1760644140717","usedBytes":"0","usedNamespace":"0","snapshotUsedBytes":"0","snapshotUsedNamespace":"0","owner":"runner","replicationType":null,"replicationConfig":null,"quotaInBytes":"-1","quotaInNamespace":"-1","Transaction":"1246"} | ret=SUCCESS |  
2025-10-16 19:49:00,720 | INFO  | OMAudit | user=runner | ip=127.0.0.1 | op=READ_BUCKET {"volume":"40670d73-707b-4d10-b4f8-46912946b003","bucket":"b40e8d72-a9c1-48c5-9db2-5320107dae63"} | ret=SUCCESS |  
2025-10-16 19:49:00,722 | INFO  | OMAudit | user=runner | ip=127.0.0.1 | op=READ_BUCKET {"volume":"40670d73-707b-4d10-b4f8-46912946b003","bucket":"b40e8d72-a9c1-48c5-9db2-5320107dae63"} | ret=SUCCESS |  
2025-10-16 19:49:00,722 | INFO  | SCMAudit | user=runner | ip=127.0.0.1 | op=ALLOCATE_BLOCK {"replication":"RATIS/ONE","owner":"omServiceIdDefault","size":"4194304","sampleBlocks":"[conID: 8 locID: 115816896921600329]","num":"1","client":"","allocated":"1"} | ret=SUCCESS |  
2025-10-16 19:49:00,728 | INFO  | OMAudit | user=runner | ip=127.0.0.1 | op=ALLOCATE_KEY {"volume":"40670d73-707b-4d10-b4f8-46912946b003","bucket":"b40e8d72-a9c1-48c5-9db2-5320107dae63","key":"dir1/dir2/dir3/file1","dataSize":"12","replicationType":"RATIS","replicationFactor":"ONE","Transaction":"1247"} | ret=SUCCESS |  
2025-10-16 19:49:00,736 | INFO  | SCMAudit | user=runner | ip=127.0.0.1 | op=SEND_HEARTBEAT {"datanodeUUID":"702cb173-5c73-4ecc-b5cd-c7b4a6b66aea","term":"2","command":"[]"} | ret=SUCCESS |  
2025-10-16 19:49:00,739 | INFO  | OMAudit | user=runner | ip=127.0.0.1 | op=COMMIT_KEY {"volume":"40670d73-707b-4d10-b4f8-46912946b003","bucket":"b40e8d72-a9c1-48c5-9db2-5320107dae63","key":"dir1/dir2/dir3/file1","dataSize":"12","replicationType":"RATIS","replicationFactor":"ONE","Transaction":"1248"} | ret=SUCCESS |  
2025-10-16 19:49:00,740 | INFO  | OMAudit | user=runner | ip=127.0.0.1 | op=READ_VOLUME {"volume":"40670d73-707b-4d10-b4f8-46912946b003"} | ret=SUCCESS |  
2025-10-16 19:49:00,740 [om1-OMDoubleBufferFlushThread] INFO  db.RDBCheckpointManager (RDBCheckpointManager.java:createCheckpoint(87)) - Created checkpoint in rocksDB at /home/runner/work/ozone/ozone/hadoop-ozone/integration-test/target/test-dir/MiniOzoneClusterImpl-e7911277-7775-4457-96c8-94071a26a1ce/om/data/db.snapshots/checkpointState/om.db-5d108712-c3b1-4d93-851e-eb22257e3f5f in 30 milliseconds
2025-10-16 19:49:00,741 | INFO  | OMAudit | user=runner | ip=127.0.0.1 | op=READ_BUCKET {"volume":"40670d73-707b-4d10-b4f8-46912946b003","bucket":"b40e8d72-a9c1-48c5-9db2-5320107dae63"} | ret=SUCCESS |  
]]></system-out>
  </testcase>
  <testcase name="testMissingParentBucketUsedNamespace(BucketLayout)[3]" classname="org.apache.hadoop.ozone.client.rpc.TestSecureOzoneRpcClient" time="0.02">
    <system-out><![CDATA[2025-10-16 19:49:00,745 [ForkJoinPool-1-worker-1] INFO  rpc.RpcClient (RpcClient.java:createVolume(461)) - Creating Volume: d97abf60-0b68-4912-a9c0-bd38310999d7, with runner as owner and space quota set to -1 bytes, counts quota set to -1
2025-10-16 19:49:00,749 [om1-OMStateMachineApplyTransactionThread - 0] INFO  volume.OMVolumeCreateRequest (OMVolumeCreateRequest.java:validateAndUpdateCache(213)) - created volume:d97abf60-0b68-4912-a9c0-bd38310999d7 for user:runner
2025-10-16 19:49:00,749 | INFO  | OMAudit | user=runner | ip=127.0.0.1 | op=CREATE_VOLUME {"admin":"runner","owner":"runner","volume":"d97abf60-0b68-4912-a9c0-bd38310999d7","creationTime":"1760644140746","modificationTime":"1760644140746","quotaInBytes":"-1","quotaInNamespace":"-1","usedNamespace":"0","objectID":"-9223372036854456064","updateID":"1249","Transaction":"1249"} | ret=SUCCESS |  
2025-10-16 19:49:00,750 | INFO  | OMAudit | user=runner | ip=127.0.0.1 | op=READ_VOLUME {"volume":"d97abf60-0b68-4912-a9c0-bd38310999d7"} | ret=SUCCESS |  
2025-10-16 19:49:00,751 [ForkJoinPool-1-worker-1] INFO  rpc.RpcClient (RpcClient.java:createBucket(686)) - Creating Bucket: d97abf60-0b68-4912-a9c0-bd38310999d7/8b62786e-3ba0-4156-bbf7-903a545eff16, with bucket layout FILE_SYSTEM_OPTIMIZED, runner as owner, Versioning false, Storage Type set to DISK and Encryption set to false, Replication Type set to server-side default replication type, Namespace Quota set to -1, Space Quota set to -1 
2025-10-16 19:49:00,753 [om1-OMStateMachineApplyTransactionThread - 0] INFO  bucket.OMBucketCreateRequest (OMBucketCreateRequest.java:validateAndUpdateCache(303)) - created bucket: 8b62786e-3ba0-4156-bbf7-903a545eff16 of layout FILE_SYSTEM_OPTIMIZED in volume: d97abf60-0b68-4912-a9c0-bd38310999d7
2025-10-16 19:49:00,753 | INFO  | OMAudit | user=runner | ip=127.0.0.1 | op=CREATE_BUCKET {"volume":"d97abf60-0b68-4912-a9c0-bd38310999d7","bucket":"8b62786e-3ba0-4156-bbf7-903a545eff16","bucketLayout":"FILE_SYSTEM_OPTIMIZED","gdprEnabled":null,"acls":"[user:runner:a[ACCESS], group:runner:rl[ACCESS]]","isVersionEnabled":"false","storageType":"DISK","creationTime":"1760644140752","bucketEncryptionKey":null,"modificationTime":"1760644140752","usedBytes":"0","usedNamespace":"0","snapshotUsedBytes":"0","snapshotUsedNamespace":"0","owner":"runner","replicationType":null,"replicationConfig":null,"quotaInBytes":"-1","quotaInNamespace":"-1","Transaction":"1250"} | ret=SUCCESS |  
2025-10-16 19:49:00,754 | INFO  | OMAudit | user=runner | ip=127.0.0.1 | op=READ_BUCKET {"volume":"d97abf60-0b68-4912-a9c0-bd38310999d7","bucket":"8b62786e-3ba0-4156-bbf7-903a545eff16"} | ret=SUCCESS |  
2025-10-16 19:49:00,755 | INFO  | OMAudit | user=runner | ip=127.0.0.1 | op=READ_BUCKET {"volume":"d97abf60-0b68-4912-a9c0-bd38310999d7","bucket":"8b62786e-3ba0-4156-bbf7-903a545eff16"} | ret=SUCCESS |  
2025-10-16 19:49:00,755 | INFO  | SCMAudit | user=runner | ip=127.0.0.1 | op=ALLOCATE_BLOCK {"replication":"RATIS/ONE","owner":"omServiceIdDefault","size":"4194304","sampleBlocks":"[conID: 10 locID: 115816896921600330]","num":"1","client":"","allocated":"1"} | ret=SUCCESS |  
2025-10-16 19:49:00,757 | INFO  | OMAudit | user=runner | ip=127.0.0.1 | op=ALLOCATE_KEY {"volume":"d97abf60-0b68-4912-a9c0-bd38310999d7","bucket":"8b62786e-3ba0-4156-bbf7-903a545eff16","key":"dir1/dir2/dir3/file1","dataSize":"12","replicationType":"RATIS","replicationFactor":"ONE","Transaction":"1251"} | ret=SUCCESS |  
2025-10-16 19:49:00,762 | INFO  | OMAudit | user=runner | ip=127.0.0.1 | op=COMMIT_KEY {"volume":"d97abf60-0b68-4912-a9c0-bd38310999d7","bucket":"8b62786e-3ba0-4156-bbf7-903a545eff16","key":"dir1/dir2/dir3/file1","dataSize":"12","replicationType":"RATIS","replicationFactor":"ONE","Transaction":"1252"} | ret=SUCCESS |  
2025-10-16 19:49:00,763 | INFO  | OMAudit | user=runner | ip=127.0.0.1 | op=READ_VOLUME {"volume":"d97abf60-0b68-4912-a9c0-bd38310999d7"} | ret=SUCCESS |  
2025-10-16 19:49:00,764 | INFO  | OMAudit | user=runner | ip=127.0.0.1 | op=READ_BUCKET {"volume":"d97abf60-0b68-4912-a9c0-bd38310999d7","bucket":"8b62786e-3ba0-4156-bbf7-903a545eff16"} | ret=SUCCESS |  
]]></system-out>
  </testcase>
  <testcase name="testMultiPartUploadWithStream(ReplicationConfig)[1]" classname="org.apache.hadoop.ozone.client.rpc.TestSecureOzoneRpcClient" time="0.162">
    <system-out><![CDATA[2025-10-16 19:49:00,767 [om1-OMDoubleBufferFlushThread] INFO  om.OmSnapshotManager (OmSnapshotManager.java:createOmSnapshotCheckpoint(545)) - Created checkpoint: /home/runner/work/ozone/ozone/hadoop-ozone/integration-test/target/test-dir/MiniOzoneClusterImpl-e7911277-7775-4457-96c8-94071a26a1ce/om/data/db.snapshots/checkpointState/om.db-5d108712-c3b1-4d93-851e-eb22257e3f5f for snapshot /vol-a-85441/buc-b-43844/snapshot-a-1-05624
2025-10-16 19:49:00,768 [ForkJoinPool-1-worker-1] INFO  rpc.RpcClient (RpcClient.java:createVolume(461)) - Creating Volume: 7c22570c-2881-4b16-9b73-c5cc3a3cf945, with runner as owner and space quota set to -1 bytes, counts quota set to -1
2025-10-16 19:49:00,770 [om1-OMStateMachineApplyTransactionThread - 0] INFO  volume.OMVolumeCreateRequest (OMVolumeCreateRequest.java:validateAndUpdateCache(213)) - created volume:7c22570c-2881-4b16-9b73-c5cc3a3cf945 for user:runner
2025-10-16 19:49:00,770 | INFO  | OMAudit | user=runner | ip=127.0.0.1 | op=CREATE_VOLUME {"admin":"runner","owner":"runner","volume":"7c22570c-2881-4b16-9b73-c5cc3a3cf945","creationTime":"1760644140769","modificationTime":"1760644140769","quotaInBytes":"-1","quotaInNamespace":"-1","usedNamespace":"0","objectID":"-9223372036854455040","updateID":"1253","Transaction":"1253"} | ret=SUCCESS |  
2025-10-16 19:49:00,771 | INFO  | OMAudit | user=runner | ip=127.0.0.1 | op=READ_VOLUME {"volume":"7c22570c-2881-4b16-9b73-c5cc3a3cf945"} | ret=SUCCESS |  
2025-10-16 19:49:00,772 [ForkJoinPool-1-worker-1] INFO  rpc.RpcClient (RpcClient.java:createBucket(686)) - Creating Bucket: 7c22570c-2881-4b16-9b73-c5cc3a3cf945/ratis-bucket, with server-side default bucket layout, runner as owner, Versioning false, Storage Type set to DISK and Encryption set to false, Replication Type set to server-side default replication type, Namespace Quota set to -1, Space Quota set to -1 
2025-10-16 19:49:00,773 [om1-OMStateMachineApplyTransactionThread - 0] INFO  bucket.OMBucketCreateRequest (OMBucketCreateRequest.java:validateAndUpdateCache(303)) - created bucket: ratis-bucket of layout FILE_SYSTEM_OPTIMIZED in volume: 7c22570c-2881-4b16-9b73-c5cc3a3cf945
2025-10-16 19:49:00,773 | INFO  | OMAudit | user=runner | ip=127.0.0.1 | op=CREATE_BUCKET {"volume":"7c22570c-2881-4b16-9b73-c5cc3a3cf945","bucket":"ratis-bucket","bucketLayout":"FILE_SYSTEM_OPTIMIZED","gdprEnabled":null,"acls":"[user:runner:a[ACCESS], group:runner:rl[ACCESS]]","isVersionEnabled":"false","storageType":"DISK","creationTime":"1760644140772","bucketEncryptionKey":null,"modificationTime":"1760644140772","usedBytes":"0","usedNamespace":"0","snapshotUsedBytes":"0","snapshotUsedNamespace":"0","owner":"runner","replicationType":null,"replicationConfig":null,"quotaInBytes":"-1","quotaInNamespace":"-1","Transaction":"1254"} | ret=SUCCESS |  
2025-10-16 19:49:00,774 | INFO  | OMAudit | user=runner | ip=127.0.0.1 | op=READ_BUCKET {"volume":"7c22570c-2881-4b16-9b73-c5cc3a3cf945","bucket":"ratis-bucket"} | ret=SUCCESS |  
2025-10-16 19:49:00,778 | INFO  | OMAudit | user=runner | ip=127.0.0.1 | op=INITIATE_MULTIPART_UPLOAD {"volume":"7c22570c-2881-4b16-9b73-c5cc3a3cf945","bucket":"ratis-bucket","key":"ONE","dataSize":"0","replicationType":"RATIS","replicationFactor":"ONE","uploadID":"0199ee91-8ee8-78dc-9df4-1941cd2885f8-115385574409896235","Transaction":"1255"} | ret=SUCCESS |  
2025-10-16 19:49:00,783 | INFO  | OMAudit | user=runner | ip=127.0.0.1 | op=ALLOCATE_KEY {"volume":"7c22570c-2881-4b16-9b73-c5cc3a3cf945","bucket":"ratis-bucket","key":"ONE","dataSize":"8192","Transaction":"1256"} | ret=SUCCESS |  
2025-10-16 19:49:00,790 | INFO  | SCMAudit | user=runner | ip=127.0.0.1 | op=ALLOCATE_BLOCK {"replication":"RATIS/ONE","owner":"omServiceIdDefault","size":"4194304","sampleBlocks":"[conID: 5 locID: 115816896921600331]","num":"1","client":"127.0.0.1","allocated":"1"} | ret=SUCCESS |  
2025-10-16 19:49:00,793 | INFO  | OMAudit | user=runner | ip=127.0.0.1 | op=ALLOCATE_BLOCK {"volume":"7c22570c-2881-4b16-9b73-c5cc3a3cf945","bucket":"ratis-bucket","key":"ONE","dataSize":"8192","replicationType":"RATIS","replicationFactor":"ONE","clientID":"115385574410223916","Transaction":"1257"} | ret=SUCCESS |  
2025-10-16 19:49:00,810 [om1-OMDoubleBufferFlushThread] INFO  db.RDBCheckpointManager (RDBCheckpointManager.java:createCheckpoint(87)) - Created checkpoint in rocksDB at /home/runner/work/ozone/ozone/hadoop-ozone/integration-test/target/test-dir/MiniOzoneClusterImpl-e7911277-7775-4457-96c8-94071a26a1ce/om/data/db.snapshots/checkpointState/om.db-ec532946-75a8-44f3-b677-ec91ef8f8692 in 42 milliseconds
2025-10-16 19:49:00,812 [ForkJoinPool-1-worker-1] INFO  netty.NettyConfigKeys$DataStream (ConfUtils.java:logGet(62)) - raft.netty.dataStream.client.worker-group.share = true (default)
2025-10-16 19:49:00,813 [ForkJoinPool-1-worker-1] INFO  netty.NettyConfigKeys$DataStream (ConfUtils.java:logGet(62)) - raft.netty.dataStream.client.worker-group.size = 8 (default)
2025-10-16 19:49:00,813 [ForkJoinPool-1-worker-1] INFO  netty.NettyConfigKeys$DataStream (ConfUtils.java:logGet(62)) - raft.netty.dataStream.client.use-epoll = true (default)
2025-10-16 19:49:00,813 [ForkJoinPool-1-worker-1] INFO  netty.NettyUtils (NettyUtils.java:newEventLoopGroup(74)) - Create EpollEventLoopGroup for NettyClientStreamRpc-workerGroup; Thread size is 8.
2025-10-16 19:49:00,817 [ForkJoinPool-1-worker-1] INFO  impl.DataStreamClientImpl (ConfUtils.java:logGet(62)) - raft.datastream.skip.send-forward = false (default)
2025-10-16 19:49:00,836 [om1-OMDoubleBufferFlushThread] INFO  om.OmSnapshotManager (OmSnapshotManager.java:createOmSnapshotCheckpoint(545)) - Created checkpoint: /home/runner/work/ozone/ozone/hadoop-ozone/integration-test/target/test-dir/MiniOzoneClusterImpl-e7911277-7775-4457-96c8-94071a26a1ce/om/data/db.snapshots/checkpointState/om.db-ec532946-75a8-44f3-b677-ec91ef8f8692 for snapshot /vol-b-85804/buc-a-13854/snapshot-a-1-63404
2025-10-16 19:49:00,853 [702cb173-5c73-4ecc-b5cd-c7b4a6b66aea-NettyServerStreamRpc-bossGroup--thread1] INFO  logging.LoggingHandler (AbstractInternalLogger.java:log(148)) - [id: 0x95ac06a0, L:/0.0.0.0:15096] READ: [id: 0x3c99a0b8, L:/127.0.0.1:15096 - R:/127.0.0.1:39150]
2025-10-16 19:49:00,853 [702cb173-5c73-4ecc-b5cd-c7b4a6b66aea-NettyServerStreamRpc-bossGroup--thread1] INFO  logging.LoggingHandler (AbstractInternalLogger.java:log(148)) - [id: 0x95ac06a0, L:/0.0.0.0:15096] READ COMPLETE
2025-10-16 19:49:00,865 [om1-OMDoubleBufferFlushThread] INFO  db.RDBCheckpointManager (RDBCheckpointManager.java:createCheckpoint(87)) - Created checkpoint in rocksDB at /home/runner/work/ozone/ozone/hadoop-ozone/integration-test/target/test-dir/MiniOzoneClusterImpl-e7911277-7775-4457-96c8-94071a26a1ce/om/data/db.snapshots/checkpointState/om.db-e7b48ad5-36ce-441a-9fb0-5a84ed119a39 in 27 milliseconds
2025-10-16 19:49:00,894 [om1-OMDoubleBufferFlushThread] INFO  om.OmSnapshotManager (OmSnapshotManager.java:createOmSnapshotCheckpoint(545)) - Created checkpoint: /home/runner/work/ozone/ozone/hadoop-ozone/integration-test/target/test-dir/MiniOzoneClusterImpl-e7911277-7775-4457-96c8-94071a26a1ce/om/data/db.snapshots/checkpointState/om.db-e7b48ad5-36ce-441a-9fb0-5a84ed119a39 for snapshot /vol-b-85804/buc-b-43844/snapshot-a-1-09961
2025-10-16 19:49:00,920 | INFO  | SCMAudit | user=runner | ip=127.0.0.1 | op=SEND_HEARTBEAT {"datanodeUUID":"f700af26-0e26-4136-9205-9509c82c8c70","term":"2","command":"[]"} | ret=SUCCESS |  
2025-10-16 19:49:00,923 | INFO  | OMAudit | user=runner | ip=127.0.0.1 | op=COMMIT_MULTIPART_UPLOAD_PARTKEY {"volume":"7c22570c-2881-4b16-9b73-c5cc3a3cf945","bucket":"ratis-bucket","key":"ONE","dataSize":"8192","ETag":"0829f71740aab1ab98b33eae21dee122","uploadID":"0199ee91-8ee8-78dc-9df4-1941cd2885f8-115385574409896235","partNumber":"1","partName":"/7c22570c-2881-4b16-9b73-c5cc3a3cf945/ratis-bucket/ONE-0199ee91-8ee8-78dc-9df4-1941cd2885f8-115385574409896235-1","Transaction":"1258"} | ret=SUCCESS |  
2025-10-16 19:49:00,927 | INFO  | OMAudit | user=runner | ip=127.0.0.1 | op=LIST_MULTIPART_UPLOAD_PARTS {"volume":"7c22570c-2881-4b16-9b73-c5cc3a3cf945","bucket":"ratis-bucket","key":"ONE","uploadID":"0199ee91-8ee8-78dc-9df4-1941cd2885f8-115385574409896235","partNumberMarker":"0","maxParts":"1"} | ret=SUCCESS |  
]]></system-out>
  </testcase>
  <testcase name="testMultiPartUploadWithStream(ReplicationConfig)[2]" classname="org.apache.hadoop.ozone.client.rpc.TestSecureOzoneRpcClient" time="0.136">
    <system-out><![CDATA[2025-10-16 19:49:00,930 [ForkJoinPool-1-worker-1] INFO  rpc.RpcClient (RpcClient.java:createVolume(461)) - Creating Volume: 16cd4b99-3315-4fe7-ae19-ad5f30667617, with runner as owner and space quota set to -1 bytes, counts quota set to -1
2025-10-16 19:49:00,932 [om1-OMStateMachineApplyTransactionThread - 0] INFO  volume.OMVolumeCreateRequest (OMVolumeCreateRequest.java:validateAndUpdateCache(213)) - created volume:16cd4b99-3315-4fe7-ae19-ad5f30667617 for user:runner
2025-10-16 19:49:00,933 | INFO  | OMAudit | user=runner | ip=127.0.0.1 | op=CREATE_VOLUME {"admin":"runner","owner":"runner","volume":"16cd4b99-3315-4fe7-ae19-ad5f30667617","creationTime":"1760644140931","modificationTime":"1760644140931","quotaInBytes":"-1","quotaInNamespace":"-1","usedNamespace":"0","objectID":"-9223372036854453504","updateID":"1259","Transaction":"1259"} | ret=SUCCESS |  
2025-10-16 19:49:00,936 | INFO  | OMAudit | user=runner | ip=127.0.0.1 | op=READ_VOLUME {"volume":"16cd4b99-3315-4fe7-ae19-ad5f30667617"} | ret=SUCCESS |  
2025-10-16 19:49:00,936 [ForkJoinPool-1-worker-1] INFO  rpc.RpcClient (RpcClient.java:createBucket(686)) - Creating Bucket: 16cd4b99-3315-4fe7-ae19-ad5f30667617/ratis-bucket, with server-side default bucket layout, runner as owner, Versioning false, Storage Type set to DISK and Encryption set to false, Replication Type set to server-side default replication type, Namespace Quota set to -1, Space Quota set to -1 
2025-10-16 19:49:00,939 [om1-OMStateMachineApplyTransactionThread - 0] INFO  bucket.OMBucketCreateRequest (OMBucketCreateRequest.java:validateAndUpdateCache(303)) - created bucket: ratis-bucket of layout FILE_SYSTEM_OPTIMIZED in volume: 16cd4b99-3315-4fe7-ae19-ad5f30667617
2025-10-16 19:49:00,939 | INFO  | OMAudit | user=runner | ip=127.0.0.1 | op=CREATE_BUCKET {"volume":"16cd4b99-3315-4fe7-ae19-ad5f30667617","bucket":"ratis-bucket","bucketLayout":"FILE_SYSTEM_OPTIMIZED","gdprEnabled":null,"acls":"[user:runner:a[ACCESS], group:runner:rl[ACCESS]]","isVersionEnabled":"false","storageType":"DISK","creationTime":"1760644140937","bucketEncryptionKey":null,"modificationTime":"1760644140937","usedBytes":"0","usedNamespace":"0","snapshotUsedBytes":"0","snapshotUsedNamespace":"0","owner":"runner","replicationType":null,"replicationConfig":null,"quotaInBytes":"-1","quotaInNamespace":"-1","Transaction":"1260"} | ret=SUCCESS |  
2025-10-16 19:49:00,941 | INFO  | OMAudit | user=runner | ip=127.0.0.1 | op=READ_BUCKET {"volume":"16cd4b99-3315-4fe7-ae19-ad5f30667617","bucket":"ratis-bucket"} | ret=SUCCESS |  
2025-10-16 19:49:00,955 | INFO  | OMAudit | user=runner | ip=127.0.0.1 | op=INITIATE_MULTIPART_UPLOAD {"volume":"16cd4b99-3315-4fe7-ae19-ad5f30667617","bucket":"ratis-bucket","key":"THREE","dataSize":"0","replicationType":"RATIS","replicationFactor":"THREE","uploadID":"0199ee91-8f8e-7e02-8dac-ac98b96a3264-115385574420775213","Transaction":"1261"} | ret=SUCCESS |  
2025-10-16 19:49:00,962 [om1-OMDoubleBufferFlushThread] INFO  db.RDBCheckpointManager (RDBCheckpointManager.java:createCheckpoint(87)) - Created checkpoint in rocksDB at /home/runner/work/ozone/ozone/hadoop-ozone/integration-test/target/test-dir/MiniOzoneClusterImpl-e7911277-7775-4457-96c8-94071a26a1ce/om/data/db.snapshots/checkpointState/om.db-29f216b4-c16b-4682-bcd8-32431c9d14db in 67 milliseconds
2025-10-16 19:49:00,966 | INFO  | OMAudit | user=runner | ip=127.0.0.1 | op=ALLOCATE_KEY {"volume":"16cd4b99-3315-4fe7-ae19-ad5f30667617","bucket":"ratis-bucket","key":"THREE","dataSize":"8192","Transaction":"1262"} | ret=SUCCESS |  
2025-10-16 19:49:00,969 | INFO  | SCMAudit | user=runner | ip=127.0.0.1 | op=ALLOCATE_BLOCK {"replication":"RATIS/THREE","owner":"omServiceIdDefault","size":"4194304","sampleBlocks":"[conID: 21 locID: 115816896921600332]","num":"1","client":"127.0.0.1","allocated":"1"} | ret=SUCCESS |  
2025-10-16 19:49:00,971 | INFO  | OMAudit | user=runner | ip=127.0.0.1 | op=ALLOCATE_BLOCK {"volume":"16cd4b99-3315-4fe7-ae19-ad5f30667617","bucket":"ratis-bucket","key":"THREE","dataSize":"8192","replicationType":"RATIS","replicationFactor":"THREE","clientID":"115385574422085934","Transaction":"1263"} | ret=SUCCESS |  
2025-10-16 19:49:01,000 [702cb173-5c73-4ecc-b5cd-c7b4a6b66aea-NettyServerStreamRpc-bossGroup--thread1] INFO  logging.LoggingHandler (AbstractInternalLogger.java:log(148)) - [id: 0x95ac06a0, L:/0.0.0.0:15096] READ: [id: 0xa92d4704, L:/127.0.0.1:15096 - R:/127.0.0.1:39152]
2025-10-16 19:49:01,004 [702cb173-5c73-4ecc-b5cd-c7b4a6b66aea-NettyServerStreamRpc-bossGroup--thread1] INFO  logging.LoggingHandler (AbstractInternalLogger.java:log(148)) - [id: 0x95ac06a0, L:/0.0.0.0:15096] READ COMPLETE
2025-10-16 19:49:01,009 [0e8b6cc7-9945-4141-97fc-6aa017a0d5fa-NettyServerStreamRpc-bossGroup--thread1] INFO  logging.LoggingHandler (AbstractInternalLogger.java:log(148)) - [id: 0xb5ddf7b8, L:/0.0.0.0:15088] READ: [id: 0x0ffe1d9b, L:/127.0.0.1:15088 - R:/127.0.0.1:33518]
2025-10-16 19:49:01,009 [om1-OMDoubleBufferFlushThread] INFO  om.OmSnapshotManager (OmSnapshotManager.java:createOmSnapshotCheckpoint(545)) - Created checkpoint: /home/runner/work/ozone/ozone/hadoop-ozone/integration-test/target/test-dir/MiniOzoneClusterImpl-e7911277-7775-4457-96c8-94071a26a1ce/om/data/db.snapshots/checkpointState/om.db-29f216b4-c16b-4682-bcd8-32431c9d14db for snapshot /vol-a-85441/buc-a-13854/snapshot-a-2-68562
2025-10-16 19:49:01,011 [0e8b6cc7-9945-4141-97fc-6aa017a0d5fa-NettyServerStreamRpc-bossGroup--thread1] INFO  logging.LoggingHandler (AbstractInternalLogger.java:log(148)) - [id: 0xb5ddf7b8, L:/0.0.0.0:15088] READ COMPLETE
2025-10-16 19:49:01,015 [e33e6ec4-6b66-4281-bedd-2bd75bd30070-NettyServerStreamRpc-bossGroup--thread1] INFO  logging.LoggingHandler (AbstractInternalLogger.java:log(148)) - [id: 0x4e99a6f9, L:/0.0.0.0:15104] READ: [id: 0x70db0664, L:/127.0.0.1:15104 - R:/127.0.0.1:38486]
2025-10-16 19:49:01,019 [e33e6ec4-6b66-4281-bedd-2bd75bd30070-NettyServerStreamRpc-bossGroup--thread1] INFO  logging.LoggingHandler (AbstractInternalLogger.java:log(148)) - [id: 0x4e99a6f9, L:/0.0.0.0:15104] READ COMPLETE
2025-10-16 19:49:01,061 | INFO  | OMAudit | user=runner | ip=127.0.0.1 | op=COMMIT_MULTIPART_UPLOAD_PARTKEY {"volume":"16cd4b99-3315-4fe7-ae19-ad5f30667617","bucket":"ratis-bucket","key":"THREE","dataSize":"8192","ETag":"0829f71740aab1ab98b33eae21dee122","uploadID":"0199ee91-8f8e-7e02-8dac-ac98b96a3264-115385574420775213","partNumber":"1","partName":"/16cd4b99-3315-4fe7-ae19-ad5f30667617/ratis-bucket/THREE-0199ee91-8f8e-7e02-8dac-ac98b96a3264-115385574420775213-1","Transaction":"1264"} | ret=SUCCESS |  
2025-10-16 19:49:01,065 | INFO  | OMAudit | user=runner | ip=127.0.0.1 | op=LIST_MULTIPART_UPLOAD_PARTS {"volume":"16cd4b99-3315-4fe7-ae19-ad5f30667617","bucket":"ratis-bucket","key":"THREE","uploadID":"0199ee91-8f8e-7e02-8dac-ac98b96a3264-115385574420775213","partNumberMarker":"0","maxParts":"1"} | ret=SUCCESS |  
]]></system-out>
  </testcase>
  <testcase name="testMultiPartUploadWithStream(ReplicationConfig)[3]" classname="org.apache.hadoop.ozone.client.rpc.TestSecureOzoneRpcClient" time="0.044">
    <system-out><![CDATA[2025-10-16 19:49:01,070 [ForkJoinPool-1-worker-1] INFO  rpc.RpcClient (RpcClient.java:createVolume(461)) - Creating Volume: 83626df4-866c-4de5-8716-a5a8edbf65ff, with runner as owner and space quota set to -1 bytes, counts quota set to -1
2025-10-16 19:49:01,074 [om1-OMStateMachineApplyTransactionThread - 0] INFO  volume.OMVolumeCreateRequest (OMVolumeCreateRequest.java:validateAndUpdateCache(213)) - created volume:83626df4-866c-4de5-8716-a5a8edbf65ff for user:runner
2025-10-16 19:49:01,074 | INFO  | OMAudit | user=runner | ip=127.0.0.1 | op=CREATE_VOLUME {"admin":"runner","owner":"runner","volume":"83626df4-866c-4de5-8716-a5a8edbf65ff","creationTime":"1760644141071","modificationTime":"1760644141071","quotaInBytes":"-1","quotaInNamespace":"-1","usedNamespace":"0","objectID":"-9223372036854451968","updateID":"1265","Transaction":"1265"} | ret=SUCCESS |  
2025-10-16 19:49:01,076 | INFO  | OMAudit | user=runner | ip=127.0.0.1 | op=READ_VOLUME {"volume":"83626df4-866c-4de5-8716-a5a8edbf65ff"} | ret=SUCCESS |  
2025-10-16 19:49:01,077 [ForkJoinPool-1-worker-1] INFO  rpc.RpcClient (RpcClient.java:createBucket(686)) - Creating Bucket: 83626df4-866c-4de5-8716-a5a8edbf65ff/ec-bucket, with server-side default bucket layout, runner as owner, Versioning false, Storage Type set to DISK and Encryption set to false, Replication Type set to server-side default replication type, Namespace Quota set to -1, Space Quota set to -1 
2025-10-16 19:49:01,079 [om1-OMStateMachineApplyTransactionThread - 0] INFO  bucket.OMBucketCreateRequest (OMBucketCreateRequest.java:validateAndUpdateCache(303)) - created bucket: ec-bucket of layout FILE_SYSTEM_OPTIMIZED in volume: 83626df4-866c-4de5-8716-a5a8edbf65ff
2025-10-16 19:49:01,079 | INFO  | OMAudit | user=runner | ip=127.0.0.1 | op=CREATE_BUCKET {"volume":"83626df4-866c-4de5-8716-a5a8edbf65ff","bucket":"ec-bucket","bucketLayout":"FILE_SYSTEM_OPTIMIZED","gdprEnabled":null,"acls":"[user:runner:a[ACCESS], group:runner:rl[ACCESS]]","isVersionEnabled":"false","storageType":"DISK","creationTime":"1760644141078","bucketEncryptionKey":null,"modificationTime":"1760644141078","usedBytes":"0","usedNamespace":"0","snapshotUsedBytes":"0","snapshotUsedNamespace":"0","owner":"runner","replicationType":null,"replicationConfig":null,"quotaInBytes":"-1","quotaInNamespace":"-1","Transaction":"1266"} | ret=SUCCESS |  
2025-10-16 19:49:01,080 | INFO  | OMAudit | user=runner | ip=127.0.0.1 | op=READ_BUCKET {"volume":"83626df4-866c-4de5-8716-a5a8edbf65ff","bucket":"ec-bucket"} | ret=SUCCESS |  
2025-10-16 19:49:01,084 | INFO  | OMAudit | user=runner | ip=127.0.0.1 | op=INITIATE_MULTIPART_UPLOAD {"volume":"83626df4-866c-4de5-8716-a5a8edbf65ff","bucket":"ec-bucket","key":"rs-3-2-1024k","dataSize":"0","replicationType":"EC","replicationConfig":"rs-3-2-1048576","uploadID":"0199ee91-901a-79a9-96d2-e6e7ddea7616-115385574430015791","Transaction":"1267"} | ret=SUCCESS |  
2025-10-16 19:49:01,084 [om1-OMDoubleBufferFlushThread] INFO  db.RDBCheckpointManager (RDBCheckpointManager.java:createCheckpoint(87)) - Created checkpoint in rocksDB at /home/runner/work/ozone/ozone/hadoop-ozone/integration-test/target/test-dir/MiniOzoneClusterImpl-e7911277-7775-4457-96c8-94071a26a1ce/om/data/db.snapshots/checkpointState/om.db-338774a1-20e4-4405-a33e-9a2cdec0fb3f in 72 milliseconds
2025-10-16 19:49:01,088 | INFO  | OMAudit | user=runner | ip=127.0.0.1 | op=ALLOCATE_KEY {"volume":"83626df4-866c-4de5-8716-a5a8edbf65ff","bucket":"ec-bucket","key":"rs-3-2-1024k","dataSize":"8192","Transaction":"1268"} | ret=SUCCESS |  
2025-10-16 19:49:01,090 | INFO  | SCMAudit | user=runner | ip=127.0.0.1 | op=ALLOCATE_BLOCK {"replication":"EC{rs-3-2-1024k}","owner":"omServiceIdDefault","size":"4194304","sampleBlocks":"[conID: 23 locID: 115816896921600333]","num":"1","client":"","allocated":"1"} | ret=SUCCESS |  
2025-10-16 19:49:01,093 | INFO  | OMAudit | user=runner | ip=127.0.0.1 | op=ALLOCATE_BLOCK {"volume":"83626df4-866c-4de5-8716-a5a8edbf65ff","bucket":"ec-bucket","key":"rs-3-2-1024k","dataSize":"8192","replicationType":"EC","replicationConfig":"rs-3-2-1048576","clientID":"115385574430212400","Transaction":"1269"} | ret=SUCCESS |  
2025-10-16 19:49:01,110 | INFO  | OMAudit | user=runner | ip=127.0.0.1 | op=COMMIT_MULTIPART_UPLOAD_PARTKEY {"volume":"83626df4-866c-4de5-8716-a5a8edbf65ff","bucket":"ec-bucket","key":"rs-3-2-1024k","dataSize":"8192","ETag":"0829f71740aab1ab98b33eae21dee122","uploadID":"0199ee91-901a-79a9-96d2-e6e7ddea7616-115385574430015791","partNumber":"1","partName":"/83626df4-866c-4de5-8716-a5a8edbf65ff/ec-bucket/rs-3-2-1024k-0199ee91-901a-79a9-96d2-e6e7ddea7616-115385574430015791-1","Transaction":"1270"} | ret=SUCCESS |  
2025-10-16 19:49:01,111 | INFO  | OMAudit | user=runner | ip=127.0.0.1 | op=LIST_MULTIPART_UPLOAD_PARTS {"volume":"83626df4-866c-4de5-8716-a5a8edbf65ff","bucket":"ec-bucket","key":"rs-3-2-1024k","uploadID":"0199ee91-901a-79a9-96d2-e6e7ddea7616-115385574430015791","partNumberMarker":"0","maxParts":"1"} | ret=SUCCESS |  
]]></system-out>
  </testcase>
  <testcase name="testMultipartPartNumberExceedingAllowedRange" classname="org.apache.hadoop.ozone.client.rpc.TestSecureOzoneRpcClient" time="0.027">
    <system-out><![CDATA[2025-10-16 19:49:01,114 [ForkJoinPool-1-worker-1] INFO  rpc.RpcClient (RpcClient.java:createVolume(461)) - Creating Volume: 2330e1cc-21f6-4b1b-b77f-dacf8e6b89be, with runner as owner and space quota set to -1 bytes, counts quota set to -1
2025-10-16 19:49:01,116 [om1-OMStateMachineApplyTransactionThread - 0] INFO  volume.OMVolumeCreateRequest (OMVolumeCreateRequest.java:validateAndUpdateCache(213)) - created volume:2330e1cc-21f6-4b1b-b77f-dacf8e6b89be for user:runner
2025-10-16 19:49:01,116 | INFO  | OMAudit | user=runner | ip=127.0.0.1 | op=CREATE_VOLUME {"admin":"runner","owner":"runner","volume":"2330e1cc-21f6-4b1b-b77f-dacf8e6b89be","creationTime":"1760644141115","modificationTime":"1760644141115","quotaInBytes":"-1","quotaInNamespace":"-1","usedNamespace":"0","objectID":"-9223372036854450432","updateID":"1271","Transaction":"1271"} | ret=SUCCESS |  
2025-10-16 19:49:01,116 [om1-OMDoubleBufferFlushThread] INFO  om.OmSnapshotManager (OmSnapshotManager.java:createOmSnapshotCheckpoint(545)) - Created checkpoint: /home/runner/work/ozone/ozone/hadoop-ozone/integration-test/target/test-dir/MiniOzoneClusterImpl-e7911277-7775-4457-96c8-94071a26a1ce/om/data/db.snapshots/checkpointState/om.db-338774a1-20e4-4405-a33e-9a2cdec0fb3f for snapshot /vol-a-85441/buc-b-43844/snapshot-a-2-66302
2025-10-16 19:49:01,118 | INFO  | OMAudit | user=runner | ip=127.0.0.1 | op=READ_VOLUME {"volume":"2330e1cc-21f6-4b1b-b77f-dacf8e6b89be"} | ret=SUCCESS |  
2025-10-16 19:49:01,118 | INFO  | SCMAudit | user=runner | ip=127.0.0.1 | op=SEND_HEARTBEAT {"datanodeUUID":"c0724e9c-0dd4-4d47-992c-7bfe285fdd38","term":"2","command":"[]"} | ret=SUCCESS |  
2025-10-16 19:49:01,118 | INFO  | SCMAudit | user=runner | ip=127.0.0.1 | op=SEND_HEARTBEAT {"datanodeUUID":"e33e6ec4-6b66-4281-bedd-2bd75bd30070","term":"2","command":"[]"} | ret=SUCCESS |  
2025-10-16 19:49:01,119 [ForkJoinPool-1-worker-1] INFO  rpc.RpcClient (RpcClient.java:createBucket(686)) - Creating Bucket: 2330e1cc-21f6-4b1b-b77f-dacf8e6b89be/66560edb-ee5e-4fec-a7b0-dbb098ee3f40, with server-side default bucket layout, runner as owner, Versioning false, Storage Type set to DISK and Encryption set to false, Replication Type set to server-side default replication type, Namespace Quota set to -1, Space Quota set to -1 
2025-10-16 19:49:01,119 | INFO  | SCMAudit | user=runner | ip=127.0.0.1 | op=SEND_HEARTBEAT {"datanodeUUID":"8a3c3252-9afe-4d3a-8492-25be6557678a","term":"2","command":"[]"} | ret=SUCCESS |  
2025-10-16 19:49:01,121 | INFO  | SCMAudit | user=runner | ip=127.0.0.1 | op=SEND_HEARTBEAT {"datanodeUUID":"8a0fa2ff-b550-4652-b2fe-0cf91cd4a157","term":"2","command":"[]"} | ret=SUCCESS |  
2025-10-16 19:49:01,121 [om1-OMStateMachineApplyTransactionThread - 0] INFO  bucket.OMBucketCreateRequest (OMBucketCreateRequest.java:validateAndUpdateCache(303)) - created bucket: 66560edb-ee5e-4fec-a7b0-dbb098ee3f40 of layout FILE_SYSTEM_OPTIMIZED in volume: 2330e1cc-21f6-4b1b-b77f-dacf8e6b89be
2025-10-16 19:49:01,121 | INFO  | OMAudit | user=runner | ip=127.0.0.1 | op=CREATE_BUCKET {"volume":"2330e1cc-21f6-4b1b-b77f-dacf8e6b89be","bucket":"66560edb-ee5e-4fec-a7b0-dbb098ee3f40","bucketLayout":"FILE_SYSTEM_OPTIMIZED","gdprEnabled":null,"acls":"[user:runner:a[ACCESS], group:runner:rl[ACCESS]]","isVersionEnabled":"false","storageType":"DISK","creationTime":"1760644141121","bucketEncryptionKey":null,"modificationTime":"1760644141121","usedBytes":"0","usedNamespace":"0","snapshotUsedBytes":"0","snapshotUsedNamespace":"0","owner":"runner","replicationType":null,"replicationConfig":null,"quotaInBytes":"-1","quotaInNamespace":"-1","Transaction":"1272"} | ret=SUCCESS |  
2025-10-16 19:49:01,122 | INFO  | OMAudit | user=runner | ip=127.0.0.1 | op=READ_BUCKET {"volume":"2330e1cc-21f6-4b1b-b77f-dacf8e6b89be","bucket":"66560edb-ee5e-4fec-a7b0-dbb098ee3f40"} | ret=SUCCESS |  
2025-10-16 19:49:01,124 | INFO  | SCMAudit | user=runner | ip=127.0.0.1 | op=SEND_HEARTBEAT {"datanodeUUID":"aa213937-adc5-47da-a770-0ee1e4664344","term":"2","command":"[]"} | ret=SUCCESS |  
2025-10-16 19:49:01,126 | INFO  | OMAudit | user=runner | ip=127.0.0.1 | op=INITIATE_MULTIPART_UPLOAD {"volume":"2330e1cc-21f6-4b1b-b77f-dacf8e6b89be","bucket":"66560edb-ee5e-4fec-a7b0-dbb098ee3f40","key":"76aee365-440c-4baa-b95e-528d0b56aa6c","dataSize":"0","uploadID":"0199ee91-9044-7033-ada0-e1094f052887-115385574432702769","Transaction":"1273"} | ret=SUCCESS |  
2025-10-16 19:49:01,128 | INFO  | SCMAudit | user=runner | ip=127.0.0.1 | op=SEND_HEARTBEAT {"datanodeUUID":"58cff6b7-b2a7-446b-a75a-bb98ad6b11b8","term":"2","command":"[]"} | ret=SUCCESS |  
2025-10-16 19:49:01,129 | INFO  | OMAudit | user=runner | ip=127.0.0.1 | op=ALLOCATE_KEY {"volume":"2330e1cc-21f6-4b1b-b77f-dacf8e6b89be","bucket":"66560edb-ee5e-4fec-a7b0-dbb098ee3f40","key":"76aee365-440c-4baa-b95e-528d0b56aa6c","dataSize":"12","Transaction":"1274"} | ret=SUCCESS |  
2025-10-16 19:49:01,132 | INFO  | OMAudit | user=runner | ip=127.0.0.1 | op=ALLOCATE_KEY {"volume":"2330e1cc-21f6-4b1b-b77f-dacf8e6b89be","bucket":"66560edb-ee5e-4fec-a7b0-dbb098ee3f40","key":"76aee365-440c-4baa-b95e-528d0b56aa6c","dataSize":"12","Transaction":"1275"} | ret=SUCCESS |  
2025-10-16 19:49:01,135 | INFO  | SCMAudit | user=runner | ip=127.0.0.1 | op=SEND_HEARTBEAT {"datanodeUUID":"0428ab3f-efd5-438e-ae11-9ec242443260","term":"2","command":"[]"} | ret=SUCCESS |  
2025-10-16 19:49:01,136 | INFO  | SCMAudit | user=runner | ip=127.0.0.1 | op=SEND_HEARTBEAT {"datanodeUUID":"e072d245-7694-4d97-8e20-c503ebf8c2fe","term":"2","command":"[]"} | ret=SUCCESS |  
2025-10-16 19:49:01,138 | INFO  | OMAudit | user=runner | ip=127.0.0.1 | op=ALLOCATE_KEY {"volume":"2330e1cc-21f6-4b1b-b77f-dacf8e6b89be","bucket":"66560edb-ee5e-4fec-a7b0-dbb098ee3f40","key":"76aee365-440c-4baa-b95e-528d0b56aa6c","dataSize":"12","Transaction":"1276"} | ret=SUCCESS |  
]]></system-out>
  </testcase>
  <testcase name="testMultipartUploadOverride(ReplicationConfig)[1]" classname="org.apache.hadoop.ozone.client.rpc.TestSecureOzoneRpcClient" time="0.461">
    <system-out><![CDATA[2025-10-16 19:49:01,142 [ForkJoinPool-1-worker-1] INFO  rpc.RpcClient (RpcClient.java:createVolume(461)) - Creating Volume: 74846bea-5381-4362-8849-9276543b8dd3, with runner as owner and space quota set to -1 bytes, counts quota set to -1
2025-10-16 19:49:01,145 [om1-OMStateMachineApplyTransactionThread - 0] INFO  volume.OMVolumeCreateRequest (OMVolumeCreateRequest.java:validateAndUpdateCache(213)) - created volume:74846bea-5381-4362-8849-9276543b8dd3 for user:runner
2025-10-16 19:49:01,145 | INFO  | OMAudit | user=runner | ip=127.0.0.1 | op=CREATE_VOLUME {"admin":"runner","owner":"runner","volume":"74846bea-5381-4362-8849-9276543b8dd3","creationTime":"1760644141143","modificationTime":"1760644141143","quotaInBytes":"-1","quotaInNamespace":"-1","usedNamespace":"0","objectID":"-9223372036854448896","updateID":"1277","Transaction":"1277"} | ret=SUCCESS |  
2025-10-16 19:49:01,146 | INFO  | OMAudit | user=runner | ip=127.0.0.1 | op=READ_VOLUME {"volume":"74846bea-5381-4362-8849-9276543b8dd3"} | ret=SUCCESS |  
2025-10-16 19:49:01,147 [ForkJoinPool-1-worker-1] INFO  rpc.RpcClient (RpcClient.java:createBucket(686)) - Creating Bucket: 74846bea-5381-4362-8849-9276543b8dd3/f9359961-e25f-4e28-adf6-b889fa549917, with server-side default bucket layout, runner as owner, Versioning false, Storage Type set to DISK and Encryption set to false, Replication Type set to server-side default replication type, Namespace Quota set to -1, Space Quota set to -1 
2025-10-16 19:49:01,149 [om1-OMStateMachineApplyTransactionThread - 0] INFO  bucket.OMBucketCreateRequest (OMBucketCreateRequest.java:validateAndUpdateCache(303)) - created bucket: f9359961-e25f-4e28-adf6-b889fa549917 of layout FILE_SYSTEM_OPTIMIZED in volume: 74846bea-5381-4362-8849-9276543b8dd3
2025-10-16 19:49:01,150 | INFO  | OMAudit | user=runner | ip=127.0.0.1 | op=CREATE_BUCKET {"volume":"74846bea-5381-4362-8849-9276543b8dd3","bucket":"f9359961-e25f-4e28-adf6-b889fa549917","bucketLayout":"FILE_SYSTEM_OPTIMIZED","gdprEnabled":null,"acls":"[user:runner:a[ACCESS], group:runner:rl[ACCESS]]","isVersionEnabled":"false","storageType":"DISK","creationTime":"1760644141148","bucketEncryptionKey":null,"modificationTime":"1760644141148","usedBytes":"0","usedNamespace":"0","snapshotUsedBytes":"0","snapshotUsedNamespace":"0","owner":"runner","replicationType":null,"replicationConfig":null,"quotaInBytes":"-1","quotaInNamespace":"-1","Transaction":"1278"} | ret=SUCCESS |  
2025-10-16 19:49:01,151 | INFO  | OMAudit | user=runner | ip=127.0.0.1 | op=READ_BUCKET {"volume":"74846bea-5381-4362-8849-9276543b8dd3","bucket":"f9359961-e25f-4e28-adf6-b889fa549917"} | ret=SUCCESS |  
2025-10-16 19:49:01,153 | INFO  | OMAudit | user=runner | ip=127.0.0.1 | op=INITIATE_MULTIPART_UPLOAD {"volume":"74846bea-5381-4362-8849-9276543b8dd3","bucket":"f9359961-e25f-4e28-adf6-b889fa549917","key":"2706bf33-ab95-4866-b7ac-c543b6bced1c","dataSize":"0","replicationType":"RATIS","replicationFactor":"ONE","uploadID":"0199ee91-9060-7c4a-ae9e-d15ea406c2b3-115385574434537781","Transaction":"1279"} | ret=SUCCESS |  
2025-10-16 19:49:01,157 | INFO  | OMAudit | user=runner | ip=127.0.0.1 | op=ALLOCATE_KEY {"volume":"74846bea-5381-4362-8849-9276543b8dd3","bucket":"f9359961-e25f-4e28-adf6-b889fa549917","key":"2706bf33-ab95-4866-b7ac-c543b6bced1c","dataSize":"5242880","Transaction":"1280"} | ret=SUCCESS |  
2025-10-16 19:49:01,158 [om1-OMDoubleBufferFlushThread] INFO  db.RDBCheckpointManager (RDBCheckpointManager.java:createCheckpoint(87)) - Created checkpoint in rocksDB at /home/runner/work/ozone/ozone/hadoop-ozone/integration-test/target/test-dir/MiniOzoneClusterImpl-e7911277-7775-4457-96c8-94071a26a1ce/om/data/db.snapshots/checkpointState/om.db-21f7c134-618f-4ee7-ac3d-67011f45922e in 39 milliseconds
2025-10-16 19:49:01,160 | INFO  | SCMAudit | user=runner | ip=127.0.0.1 | op=ALLOCATE_BLOCK {"replication":"RATIS/ONE","owner":"omServiceIdDefault","size":"4194304","sampleBlocks":"[conID: 13 locID: 115816896921600334]","num":"1","client":"","allocated":"1"} | ret=SUCCESS |  
2025-10-16 19:49:01,163 | INFO  | OMAudit | user=runner | ip=127.0.0.1 | op=ALLOCATE_BLOCK {"volume":"74846bea-5381-4362-8849-9276543b8dd3","bucket":"f9359961-e25f-4e28-adf6-b889fa549917","key":"2706bf33-ab95-4866-b7ac-c543b6bced1c","dataSize":"5242880","replicationType":"RATIS","replicationFactor":"ONE","clientID":"115385574434799926","Transaction":"1281"} | ret=SUCCESS |  
2025-10-16 19:49:01,188 | INFO  | SCMAudit | user=runner | ip=127.0.0.1 | op=ALLOCATE_BLOCK {"replication":"RATIS/ONE","owner":"omServiceIdDefault","size":"4194304","sampleBlocks":"[conID: 3 locID: 115816896921600335]","num":"1","client":"","allocated":"1"} | ret=SUCCESS |  
2025-10-16 19:49:01,191 | INFO  | OMAudit | user=runner | ip=127.0.0.1 | op=ALLOCATE_BLOCK {"volume":"74846bea-5381-4362-8849-9276543b8dd3","bucket":"f9359961-e25f-4e28-adf6-b889fa549917","key":"2706bf33-ab95-4866-b7ac-c543b6bced1c","dataSize":"5242880","replicationType":"RATIS","replicationFactor":"ONE","clientID":"115385574434799926","Transaction":"1282"} | ret=SUCCESS |  
2025-10-16 19:49:01,196 [om1-OMDoubleBufferFlushThread] INFO  om.OmSnapshotManager (OmSnapshotManager.java:createOmSnapshotCheckpoint(545)) - Created checkpoint: /home/runner/work/ozone/ozone/hadoop-ozone/integration-test/target/test-dir/MiniOzoneClusterImpl-e7911277-7775-4457-96c8-94071a26a1ce/om/data/db.snapshots/checkpointState/om.db-21f7c134-618f-4ee7-ac3d-67011f45922e for snapshot /vol-b-85804/buc-a-13854/snapshot-a-2-59128
2025-10-16 19:49:01,209 | INFO  | OMAudit | user=runner | ip=127.0.0.1 | op=COMMIT_MULTIPART_UPLOAD_PARTKEY {"volume":"74846bea-5381-4362-8849-9276543b8dd3","bucket":"f9359961-e25f-4e28-adf6-b889fa549917","key":"2706bf33-ab95-4866-b7ac-c543b6bced1c","dataSize":"5242880","ETag":"5ec9ae7549d12b830c2796d79d95cb39","uploadID":"0199ee91-9060-7c4a-ae9e-d15ea406c2b3-115385574434537781","partNumber":"1","partName":"/74846bea-5381-4362-8849-9276543b8dd3/f9359961-e25f-4e28-adf6-b889fa549917/2706bf33-ab95-4866-b7ac-c543b6bced1c-0199ee91-9060-7c4a-ae9e-d15ea406c2b3-115385574434537781-1","Transaction":"1283"} | ret=SUCCESS |  
2025-10-16 19:49:01,212 | INFO  | OMAudit | user=runner | ip=127.0.0.1 | op=ALLOCATE_KEY {"volume":"74846bea-5381-4362-8849-9276543b8dd3","bucket":"f9359961-e25f-4e28-adf6-b889fa549917","key":"2706bf33-ab95-4866-b7ac-c543b6bced1c","dataSize":"5242880","Transaction":"1284"} | ret=SUCCESS |  
2025-10-16 19:49:01,215 | INFO  | SCMAudit | user=runner | ip=127.0.0.1 | op=ALLOCATE_BLOCK {"replication":"RATIS/ONE","owner":"omServiceIdDefault","size":"4194304","sampleBlocks":"[conID: 10 locID: 115816896921600336]","num":"1","client":"","allocated":"1"} | ret=SUCCESS |  
2025-10-16 19:49:01,218 | INFO  | OMAudit | user=runner | ip=127.0.0.1 | op=ALLOCATE_BLOCK {"volume":"74846bea-5381-4362-8849-9276543b8dd3","bucket":"f9359961-e25f-4e28-adf6-b889fa549917","key":"2706bf33-ab95-4866-b7ac-c543b6bced1c","dataSize":"5242880","replicationType":"RATIS","replicationFactor":"ONE","clientID":"115385574438404407","Transaction":"1285"} | ret=SUCCESS |  
2025-10-16 19:49:01,243 | INFO  | SCMAudit | user=runner | ip=127.0.0.1 | op=ALLOCATE_BLOCK {"replication":"RATIS/ONE","owner":"omServiceIdDefault","size":"4194304","sampleBlocks":"[conID: 6 locID: 115816896921600337]","num":"1","client":"","allocated":"1"} | ret=SUCCESS |  
2025-10-16 19:49:01,244 [om1-OMDoubleBufferFlushThread] INFO  db.RDBCheckpointManager (RDBCheckpointManager.java:createCheckpoint(87)) - Created checkpoint in rocksDB at /home/runner/work/ozone/ozone/hadoop-ozone/integration-test/target/test-dir/MiniOzoneClusterImpl-e7911277-7775-4457-96c8-94071a26a1ce/om/data/db.snapshots/checkpointState/om.db-da5820fd-6c2b-4ccf-ab17-f250597208b3 in 44 milliseconds
2025-10-16 19:49:01,245 | INFO  | OMAudit | user=runner | ip=127.0.0.1 | op=ALLOCATE_BLOCK {"volume":"74846bea-5381-4362-8849-9276543b8dd3","bucket":"f9359961-e25f-4e28-adf6-b889fa549917","key":"2706bf33-ab95-4866-b7ac-c543b6bced1c","dataSize":"5242880","replicationType":"RATIS","replicationFactor":"ONE","clientID":"115385574438404407","Transaction":"1286"} | ret=SUCCESS |  
2025-10-16 19:49:01,265 | INFO  | OMAudit | user=runner | ip=127.0.0.1 | op=COMMIT_MULTIPART_UPLOAD_PARTKEY {"volume":"74846bea-5381-4362-8849-9276543b8dd3","bucket":"f9359961-e25f-4e28-adf6-b889fa549917","key":"2706bf33-ab95-4866-b7ac-c543b6bced1c","dataSize":"5242880","ETag":"5ec9ae7549d12b830c2796d79d95cb39","uploadID":"0199ee91-9060-7c4a-ae9e-d15ea406c2b3-115385574434537781","partNumber":"2","partName":"/74846bea-5381-4362-8849-9276543b8dd3/f9359961-e25f-4e28-adf6-b889fa549917/2706bf33-ab95-4866-b7ac-c543b6bced1c-0199ee91-9060-7c4a-ae9e-d15ea406c2b3-115385574434537781-2","Transaction":"1287"} | ret=SUCCESS |  
2025-10-16 19:49:01,270 | INFO  | OMAudit | user=runner | ip=127.0.0.1 | op=ALLOCATE_KEY {"volume":"74846bea-5381-4362-8849-9276543b8dd3","bucket":"f9359961-e25f-4e28-adf6-b889fa549917","key":"2706bf33-ab95-4866-b7ac-c543b6bced1c","dataSize":"36","Transaction":"1288"} | ret=SUCCESS |  
2025-10-16 19:49:01,272 | INFO  | SCMAudit | user=runner | ip=127.0.0.1 | op=ALLOCATE_BLOCK {"replication":"RATIS/ONE","owner":"omServiceIdDefault","size":"4194304","sampleBlocks":"[conID: 11 locID: 115816896921600338]","num":"1","client":"","allocated":"1"} | ret=SUCCESS |  
2025-10-16 19:49:01,273 [om1-OMDoubleBufferFlushThread] INFO  om.OmSnapshotManager (OmSnapshotManager.java:createOmSnapshotCheckpoint(545)) - Created checkpoint: /home/runner/work/ozone/ozone/hadoop-ozone/integration-test/target/test-dir/MiniOzoneClusterImpl-e7911277-7775-4457-96c8-94071a26a1ce/om/data/db.snapshots/checkpointState/om.db-da5820fd-6c2b-4ccf-ab17-f250597208b3 for snapshot /vol-b-85804/buc-b-43844/snapshot-a-2-78321
2025-10-16 19:49:01,273 | INFO  | OMAudit | user=runner | ip=127.0.0.1 | op=ALLOCATE_BLOCK {"volume":"74846bea-5381-4362-8849-9276543b8dd3","bucket":"f9359961-e25f-4e28-adf6-b889fa549917","key":"2706bf33-ab95-4866-b7ac-c543b6bced1c","dataSize":"36","replicationType":"RATIS","replicationFactor":"ONE","clientID":"115385574442205496","Transaction":"1289"} | ret=SUCCESS |  
2025-10-16 19:49:01,285 | INFO  | OMAudit | user=runner | ip=127.0.0.1 | op=COMMIT_MULTIPART_UPLOAD_PARTKEY {"volume":"74846bea-5381-4362-8849-9276543b8dd3","bucket":"f9359961-e25f-4e28-adf6-b889fa549917","key":"2706bf33-ab95-4866-b7ac-c543b6bced1c","dataSize":"36","ETag":"d52e6666f47acc78c11e8d0c70482722","uploadID":"0199ee91-9060-7c4a-ae9e-d15ea406c2b3-115385574434537781","partNumber":"3","partName":"/74846bea-5381-4362-8849-9276543b8dd3/f9359961-e25f-4e28-adf6-b889fa549917/2706bf33-ab95-4866-b7ac-c543b6bced1c-0199ee91-9060-7c4a-ae9e-d15ea406c2b3-115385574434537781-3","Transaction":"1290"} | ret=SUCCESS |  
2025-10-16 19:49:01,290 | INFO  | OMAudit | user=runner | ip=127.0.0.1 | op=COMPLETE_MULTIPART_UPLOAD {"volume":"74846bea-5381-4362-8849-9276543b8dd3","bucket":"f9359961-e25f-4e28-adf6-b889fa549917","key":"2706bf33-ab95-4866-b7ac-c543b6bced1c","dataSize":"0","uploadID":"0199ee91-9060-7c4a-ae9e-d15ea406c2b3-115385574434537781","multipartList":"[partNumber: 1 partName: \"5ec9ae7549d12b830c2796d79d95cb39\" eTag: \"5ec9ae7549d12b830c2796d79d95cb39\" , partNumber: 2 partName: \"5ec9ae7549d12b830c2796d79d95cb39\" eTag: \"5ec9ae7549d12b830c2796d79d95cb39\" , partNumber: 3 partName: \"d52e6666f47acc78c11e8d0c70482722\" eTag: \"d52e6666f47acc78c11e8d0c70482722\" ]","Transaction":"1291"} | ret=SUCCESS |  
2025-10-16 19:49:01,293 | INFO  | OMAudit | user=runner | ip=127.0.0.1 | op=READ_KEY {"volume":"74846bea-5381-4362-8849-9276543b8dd3","bucket":"f9359961-e25f-4e28-adf6-b889fa549917","key":"2706bf33-ab95-4866-b7ac-c543b6bced1c","owner":null,"dataSize":"0","replicationConfig":null} | ret=SUCCESS |  
2025-10-16 19:49:01,309 | INFO  | SCMAudit | user=runner | ip=127.0.0.1 | op=SEND_HEARTBEAT {"datanodeUUID":"76d4ba71-5bbb-4b24-8f51-8bc7f78aaca4","term":"2","command":"[]"} | ret=SUCCESS |  
2025-10-16 19:49:01,311 | INFO  | SCMAudit | user=runner | ip=127.0.0.1 | op=SEND_HEARTBEAT {"datanodeUUID":"764b18f0-81c5-439a-9fff-25adc4f241fa","term":"2","command":"[]"} | ret=SUCCESS |  
2025-10-16 19:49:01,318 [om1-OMDoubleBufferFlushThread] INFO  db.RDBCheckpointManager (RDBCheckpointManager.java:createCheckpoint(87)) - Created checkpoint in rocksDB at /home/runner/work/ozone/ozone/hadoop-ozone/integration-test/target/test-dir/MiniOzoneClusterImpl-e7911277-7775-4457-96c8-94071a26a1ce/om/data/db.snapshots/checkpointState/om.db-c6739d19-f3fd-47f3-9369-dc74d02cc3ac in 42 milliseconds
2025-10-16 19:49:01,348 [om1-OMDoubleBufferFlushThread] INFO  om.OmSnapshotManager (OmSnapshotManager.java:createOmSnapshotCheckpoint(545)) - Created checkpoint: /home/runner/work/ozone/ozone/hadoop-ozone/integration-test/target/test-dir/MiniOzoneClusterImpl-e7911277-7775-4457-96c8-94071a26a1ce/om/data/db.snapshots/checkpointState/om.db-c6739d19-f3fd-47f3-9369-dc74d02cc3ac for snapshot /vol-a-85441/buc-a-13854/snapshot-a-3-51309
2025-10-16 19:49:01,378 | INFO  | SCMAudit | user=runner | ip=127.0.0.1 | op=GET_CONTAINER_WITH_PIPELINE_BATCH {"containerIDs":"#3,#6,#10,#11,#13,"} | ret=SUCCESS |  
2025-10-16 19:49:01,379 | INFO  | OMAudit | user=null | ip= | op=READ_KEY {"volume":"74846bea-5381-4362-8849-9276543b8dd3","bucket":"f9359961-e25f-4e28-adf6-b889fa549917","key":"2706bf33-ab95-4866-b7ac-c543b6bced1c","owner":null,"dataSize":"0","replicationConfig":null} | ret=SUCCESS |  
2025-10-16 19:49:01,380 | INFO  | SCMAudit | user=runner | ip=127.0.0.1 | op=GET_CONTAINER {"containerID":"13"} | ret=SUCCESS |  
2025-10-16 19:49:01,380 | INFO  | SCMAudit | user=runner | ip=127.0.0.1 | op=GET_CONTAINER {"containerID":"3"} | ret=SUCCESS |  
2025-10-16 19:49:01,381 | INFO  | SCMAudit | user=runner | ip=127.0.0.1 | op=GET_CONTAINER {"containerID":"10"} | ret=SUCCESS |  
2025-10-16 19:49:01,382 | INFO  | SCMAudit | user=runner | ip=127.0.0.1 | op=GET_CONTAINER {"containerID":"6"} | ret=SUCCESS |  
2025-10-16 19:49:01,383 | INFO  | SCMAudit | user=runner | ip=127.0.0.1 | op=GET_CONTAINER {"containerID":"11"} | ret=SUCCESS |  
2025-10-16 19:49:01,391 | INFO  | OMAudit | user=runner | ip=127.0.0.1 | op=INITIATE_MULTIPART_UPLOAD {"volume":"74846bea-5381-4362-8849-9276543b8dd3","bucket":"f9359961-e25f-4e28-adf6-b889fa549917","key":"2706bf33-ab95-4866-b7ac-c543b6bced1c","dataSize":"0","replicationType":"RATIS","replicationFactor":"ONE","uploadID":"0199ee91-914e-720c-8848-b7379e8f75f5-115385574450135353","Transaction":"1292"} | ret=SUCCESS |  
2025-10-16 19:49:01,391 [om1-OMDoubleBufferFlushThread] INFO  db.RDBCheckpointManager (RDBCheckpointManager.java:createCheckpoint(87)) - Created checkpoint in rocksDB at /home/runner/work/ozone/ozone/hadoop-ozone/integration-test/target/test-dir/MiniOzoneClusterImpl-e7911277-7775-4457-96c8-94071a26a1ce/om/data/db.snapshots/checkpointState/om.db-bf4e359e-b716-4bfd-941f-8b439ec94133 in 40 milliseconds
2025-10-16 19:49:01,394 | INFO  | OMAudit | user=runner | ip=127.0.0.1 | op=ALLOCATE_KEY {"volume":"74846bea-5381-4362-8849-9276543b8dd3","bucket":"f9359961-e25f-4e28-adf6-b889fa549917","key":"2706bf33-ab95-4866-b7ac-c543b6bced1c","dataSize":"5242880","Transaction":"1293"} | ret=SUCCESS |  
2025-10-16 19:49:01,396 | INFO  | SCMAudit | user=runner | ip=127.0.0.1 | op=ALLOCATE_BLOCK {"replication":"RATIS/ONE","owner":"omServiceIdDefault","size":"4194304","sampleBlocks":"[conID: 6 locID: 115816896921600339]","num":"1","client":"","allocated":"1"} | ret=SUCCESS |  
2025-10-16 19:49:01,397 | INFO  | OMAudit | user=runner | ip=127.0.0.1 | op=ALLOCATE_BLOCK {"volume":"74846bea-5381-4362-8849-9276543b8dd3","bucket":"f9359961-e25f-4e28-adf6-b889fa549917","key":"2706bf33-ab95-4866-b7ac-c543b6bced1c","dataSize":"5242880","replicationType":"RATIS","replicationFactor":"ONE","clientID":"115385574450331962","Transaction":"1294"} | ret=SUCCESS |  
2025-10-16 19:49:01,418 [om1-OMDoubleBufferFlushThread] INFO  om.OmSnapshotManager (OmSnapshotManager.java:createOmSnapshotCheckpoint(545)) - Created checkpoint: /home/runner/work/ozone/ozone/hadoop-ozone/integration-test/target/test-dir/MiniOzoneClusterImpl-e7911277-7775-4457-96c8-94071a26a1ce/om/data/db.snapshots/checkpointState/om.db-bf4e359e-b716-4bfd-941f-8b439ec94133 for snapshot /vol-a-85441/buc-b-43844/snapshot-a-3-95555
2025-10-16 19:49:01,420 | INFO  | SCMAudit | user=runner | ip=127.0.0.1 | op=ALLOCATE_BLOCK {"replication":"RATIS/ONE","owner":"omServiceIdDefault","size":"4194304","sampleBlocks":"[conID: 1 locID: 115816896921600340]","num":"1","client":"","allocated":"1"} | ret=SUCCESS |  
2025-10-16 19:49:01,422 | INFO  | OMAudit | user=runner | ip=127.0.0.1 | op=ALLOCATE_BLOCK {"volume":"74846bea-5381-4362-8849-9276543b8dd3","bucket":"f9359961-e25f-4e28-adf6-b889fa549917","key":"2706bf33-ab95-4866-b7ac-c543b6bced1c","dataSize":"5242880","replicationType":"RATIS","replicationFactor":"ONE","clientID":"115385574450331962","Transaction":"1295"} | ret=SUCCESS |  
2025-10-16 19:49:01,446 | INFO  | OMAudit | user=runner | ip=127.0.0.1 | op=COMMIT_MULTIPART_UPLOAD_PARTKEY {"volume":"74846bea-5381-4362-8849-9276543b8dd3","bucket":"f9359961-e25f-4e28-adf6-b889fa549917","key":"2706bf33-ab95-4866-b7ac-c543b6bced1c","dataSize":"5242880","ETag":"79b281060d337b9b2b84ccf390adcf74","uploadID":"0199ee91-914e-720c-8848-b7379e8f75f5-115385574450135353","partNumber":"1","partName":"/74846bea-5381-4362-8849-9276543b8dd3/f9359961-e25f-4e28-adf6-b889fa549917/2706bf33-ab95-4866-b7ac-c543b6bced1c-0199ee91-914e-720c-8848-b7379e8f75f5-115385574450135353-1","Transaction":"1296"} | ret=SUCCESS |  
2025-10-16 19:49:01,452 | INFO  | OMAudit | user=runner | ip=127.0.0.1 | op=ALLOCATE_KEY {"volume":"74846bea-5381-4362-8849-9276543b8dd3","bucket":"f9359961-e25f-4e28-adf6-b889fa549917","key":"2706bf33-ab95-4866-b7ac-c543b6bced1c","dataSize":"5242880","Transaction":"1297"} | ret=SUCCESS |  
2025-10-16 19:49:01,455 | INFO  | SCMAudit | user=runner | ip=127.0.0.1 | op=ALLOCATE_BLOCK {"replication":"RATIS/ONE","owner":"omServiceIdDefault","size":"4194304","sampleBlocks":"[conID: 3 locID: 115816896921600341]","num":"1","client":"","allocated":"1"} | ret=SUCCESS |  
2025-10-16 19:49:01,458 | INFO  | OMAudit | user=runner | ip=127.0.0.1 | op=ALLOCATE_BLOCK {"volume":"74846bea-5381-4362-8849-9276543b8dd3","bucket":"f9359961-e25f-4e28-adf6-b889fa549917","key":"2706bf33-ab95-4866-b7ac-c543b6bced1c","dataSize":"5242880","replicationType":"RATIS","replicationFactor":"ONE","clientID":"115385574454133051","Transaction":"1298"} | ret=SUCCESS |  
2025-10-16 19:49:01,475 [om1-OMDoubleBufferFlushThread] INFO  db.RDBCheckpointManager (RDBCheckpointManager.java:createCheckpoint(87)) - Created checkpoint in rocksDB at /home/runner/work/ozone/ozone/hadoop-ozone/integration-test/target/test-dir/MiniOzoneClusterImpl-e7911277-7775-4457-96c8-94071a26a1ce/om/data/db.snapshots/checkpointState/om.db-f9e3305e-8aca-49ec-9021-5de54fa1a878 in 55 milliseconds
2025-10-16 19:49:01,488 | INFO  | SCMAudit | user=runner | ip=127.0.0.1 | op=ALLOCATE_BLOCK {"replication":"RATIS/ONE","owner":"omServiceIdDefault","size":"4194304","sampleBlocks":"[conID: 6 locID: 115816896921600342]","num":"1","client":"","allocated":"1"} | ret=SUCCESS |  
2025-10-16 19:49:01,490 | INFO  | OMAudit | user=runner | ip=127.0.0.1 | op=ALLOCATE_BLOCK {"volume":"74846bea-5381-4362-8849-9276543b8dd3","bucket":"f9359961-e25f-4e28-adf6-b889fa549917","key":"2706bf33-ab95-4866-b7ac-c543b6bced1c","dataSize":"5242880","replicationType":"RATIS","replicationFactor":"ONE","clientID":"115385574454133051","Transaction":"1299"} | ret=SUCCESS |  
2025-10-16 19:49:01,501 [om1-OMDoubleBufferFlushThread] INFO  om.OmSnapshotManager (OmSnapshotManager.java:createOmSnapshotCheckpoint(545)) - Created checkpoint: /home/runner/work/ozone/ozone/hadoop-ozone/integration-test/target/test-dir/MiniOzoneClusterImpl-e7911277-7775-4457-96c8-94071a26a1ce/om/data/db.snapshots/checkpointState/om.db-f9e3305e-8aca-49ec-9021-5de54fa1a878 for snapshot /vol-b-85804/buc-a-13854/snapshot-a-3-09292
2025-10-16 19:49:01,505 | INFO  | OMAudit | user=runner | ip=127.0.0.1 | op=COMMIT_MULTIPART_UPLOAD_PARTKEY {"volume":"74846bea-5381-4362-8849-9276543b8dd3","bucket":"f9359961-e25f-4e28-adf6-b889fa549917","key":"2706bf33-ab95-4866-b7ac-c543b6bced1c","dataSize":"5242880","ETag":"79b281060d337b9b2b84ccf390adcf74","uploadID":"0199ee91-914e-720c-8848-b7379e8f75f5-115385574450135353","partNumber":"2","partName":"/74846bea-5381-4362-8849-9276543b8dd3/f9359961-e25f-4e28-adf6-b889fa549917/2706bf33-ab95-4866-b7ac-c543b6bced1c-0199ee91-914e-720c-8848-b7379e8f75f5-115385574450135353-2","Transaction":"1300"} | ret=SUCCESS |  
2025-10-16 19:49:01,508 | INFO  | OMAudit | user=runner | ip=127.0.0.1 | op=ALLOCATE_KEY {"volume":"74846bea-5381-4362-8849-9276543b8dd3","bucket":"f9359961-e25f-4e28-adf6-b889fa549917","key":"2706bf33-ab95-4866-b7ac-c543b6bced1c","dataSize":"36","Transaction":"1301"} | ret=SUCCESS |  
2025-10-16 19:49:01,510 | INFO  | SCMAudit | user=runner | ip=127.0.0.1 | op=ALLOCATE_BLOCK {"replication":"RATIS/ONE","owner":"omServiceIdDefault","size":"4194304","sampleBlocks":"[conID: 7 locID: 115816896921600343]","num":"1","client":"","allocated":"1"} | ret=SUCCESS |  
2025-10-16 19:49:01,512 | INFO  | OMAudit | user=runner | ip=127.0.0.1 | op=ALLOCATE_BLOCK {"volume":"74846bea-5381-4362-8849-9276543b8dd3","bucket":"f9359961-e25f-4e28-adf6-b889fa549917","key":"2706bf33-ab95-4866-b7ac-c543b6bced1c","dataSize":"36","replicationType":"RATIS","replicationFactor":"ONE","clientID":"115385574457803068","Transaction":"1302"} | ret=SUCCESS |  
2025-10-16 19:49:01,517 | INFO  | OMAudit | user=runner | ip=127.0.0.1 | op=COMMIT_MULTIPART_UPLOAD_PARTKEY {"volume":"74846bea-5381-4362-8849-9276543b8dd3","bucket":"f9359961-e25f-4e28-adf6-b889fa549917","key":"2706bf33-ab95-4866-b7ac-c543b6bced1c","dataSize":"36","ETag":"1c36638ed5098c635cb6929f130b9c2e","uploadID":"0199ee91-914e-720c-8848-b7379e8f75f5-115385574450135353","partNumber":"3","partName":"/74846bea-5381-4362-8849-9276543b8dd3/f9359961-e25f-4e28-adf6-b889fa549917/2706bf33-ab95-4866-b7ac-c543b6bced1c-0199ee91-914e-720c-8848-b7379e8f75f5-115385574450135353-3","Transaction":"1303"} | ret=SUCCESS |  
2025-10-16 19:49:01,520 | INFO  | OMAudit | user=runner | ip=127.0.0.1 | op=COMPLETE_MULTIPART_UPLOAD {"volume":"74846bea-5381-4362-8849-9276543b8dd3","bucket":"f9359961-e25f-4e28-adf6-b889fa549917","key":"2706bf33-ab95-4866-b7ac-c543b6bced1c","dataSize":"0","uploadID":"0199ee91-914e-720c-8848-b7379e8f75f5-115385574450135353","multipartList":"[partNumber: 1 partName: \"79b281060d337b9b2b84ccf390adcf74\" eTag: \"79b281060d337b9b2b84ccf390adcf74\" , partNumber: 2 partName: \"79b281060d337b9b2b84ccf390adcf74\" eTag: \"79b281060d337b9b2b84ccf390adcf74\" , partNumber: 3 partName: \"1c36638ed5098c635cb6929f130b9c2e\" eTag: \"1c36638ed5098c635cb6929f130b9c2e\" ]","Transaction":"1304"} | ret=SUCCESS |  
2025-10-16 19:49:01,522 | INFO  | OMAudit | user=runner | ip=127.0.0.1 | op=READ_KEY {"volume":"74846bea-5381-4362-8849-9276543b8dd3","bucket":"f9359961-e25f-4e28-adf6-b889fa549917","key":"2706bf33-ab95-4866-b7ac-c543b6bced1c","owner":null,"dataSize":"0","replicationConfig":null} | ret=SUCCESS |  
2025-10-16 19:49:01,539 [om1-OMDoubleBufferFlushThread] INFO  db.RDBCheckpointManager (RDBCheckpointManager.java:createCheckpoint(87)) - Created checkpoint in rocksDB at /home/runner/work/ozone/ozone/hadoop-ozone/integration-test/target/test-dir/MiniOzoneClusterImpl-e7911277-7775-4457-96c8-94071a26a1ce/om/data/db.snapshots/checkpointState/om.db-ba23c7ea-426a-4dc3-b617-9ac1770dd778 in 36 milliseconds
2025-10-16 19:49:01,567 [om1-OMDoubleBufferFlushThread] INFO  om.OmSnapshotManager (OmSnapshotManager.java:createOmSnapshotCheckpoint(545)) - Created checkpoint: /home/runner/work/ozone/ozone/hadoop-ozone/integration-test/target/test-dir/MiniOzoneClusterImpl-e7911277-7775-4457-96c8-94071a26a1ce/om/data/db.snapshots/checkpointState/om.db-ba23c7ea-426a-4dc3-b617-9ac1770dd778 for snapshot /vol-b-85804/buc-b-43844/snapshot-a-3-84110
2025-10-16 19:49:01,591 | INFO  | SCMAudit | user=runner | ip=127.0.0.1 | op=GET_CONTAINER_WITH_PIPELINE_BATCH {"containerIDs":"#1,#3,#6,#7,"} | ret=SUCCESS |  
2025-10-16 19:49:01,592 | INFO  | OMAudit | user=null | ip= | op=READ_KEY {"volume":"74846bea-5381-4362-8849-9276543b8dd3","bucket":"f9359961-e25f-4e28-adf6-b889fa549917","key":"2706bf33-ab95-4866-b7ac-c543b6bced1c","owner":null,"dataSize":"0","replicationConfig":null} | ret=SUCCESS |  
2025-10-16 19:49:01,593 | INFO  | SCMAudit | user=runner | ip=127.0.0.1 | op=GET_CONTAINER {"containerID":"6"} | ret=SUCCESS |  
2025-10-16 19:49:01,594 | INFO  | SCMAudit | user=runner | ip=127.0.0.1 | op=GET_CONTAINER {"containerID":"1"} | ret=SUCCESS |  
2025-10-16 19:49:01,595 | INFO  | SCMAudit | user=runner | ip=127.0.0.1 | op=GET_CONTAINER {"containerID":"3"} | ret=SUCCESS |  
2025-10-16 19:49:01,595 | INFO  | SCMAudit | user=runner | ip=127.0.0.1 | op=GET_CONTAINER {"containerID":"6"} | ret=SUCCESS |  
2025-10-16 19:49:01,596 | INFO  | SCMAudit | user=runner | ip=127.0.0.1 | op=GET_CONTAINER {"containerID":"7"} | ret=SUCCESS |  
]]></system-out>
  </testcase>
  <testcase name="testMultipartUploadOverride(ReplicationConfig)[2]" classname="org.apache.hadoop.ozone.client.rpc.TestSecureOzoneRpcClient" time="0.792">
    <system-out><![CDATA[2025-10-16 19:49:01,605 [ForkJoinPool-1-worker-1] INFO  rpc.RpcClient (RpcClient.java:createVolume(461)) - Creating Volume: 297dd2f2-e9f1-4871-9f1e-128dab63a05d, with runner as owner and space quota set to -1 bytes, counts quota set to -1
2025-10-16 19:49:01,610 [om1-OMStateMachineApplyTransactionThread - 0] INFO  volume.OMVolumeCreateRequest (OMVolumeCreateRequest.java:validateAndUpdateCache(213)) - created volume:297dd2f2-e9f1-4871-9f1e-128dab63a05d for user:runner
2025-10-16 19:49:01,610 | INFO  | OMAudit | user=runner | ip=127.0.0.1 | op=CREATE_VOLUME {"admin":"runner","owner":"runner","volume":"297dd2f2-e9f1-4871-9f1e-128dab63a05d","creationTime":"1760644141607","modificationTime":"1760644141607","quotaInBytes":"-1","quotaInNamespace":"-1","usedNamespace":"0","objectID":"-9223372036854441728","updateID":"1305","Transaction":"1305"} | ret=SUCCESS |  
2025-10-16 19:49:01,610 [om1-OMDoubleBufferFlushThread] INFO  db.RDBCheckpointManager (RDBCheckpointManager.java:createCheckpoint(87)) - Created checkpoint in rocksDB at /home/runner/work/ozone/ozone/hadoop-ozone/integration-test/target/test-dir/MiniOzoneClusterImpl-e7911277-7775-4457-96c8-94071a26a1ce/om/data/db.snapshots/checkpointState/om.db-58ab0f7c-908a-4f90-9028-44106472486e in 41 milliseconds
2025-10-16 19:49:01,611 | INFO  | OMAudit | user=runner | ip=127.0.0.1 | op=READ_VOLUME {"volume":"297dd2f2-e9f1-4871-9f1e-128dab63a05d"} | ret=SUCCESS |  
2025-10-16 19:49:01,611 [ForkJoinPool-1-worker-1] INFO  rpc.RpcClient (RpcClient.java:createBucket(686)) - Creating Bucket: 297dd2f2-e9f1-4871-9f1e-128dab63a05d/93c6f05f-ec1c-4292-965d-a27c9184f851, with server-side default bucket layout, runner as owner, Versioning false, Storage Type set to DISK and Encryption set to false, Replication Type set to server-side default replication type, Namespace Quota set to -1, Space Quota set to -1 
2025-10-16 19:49:01,615 [om1-OMStateMachineApplyTransactionThread - 0] INFO  bucket.OMBucketCreateRequest (OMBucketCreateRequest.java:validateAndUpdateCache(303)) - created bucket: 93c6f05f-ec1c-4292-965d-a27c9184f851 of layout FILE_SYSTEM_OPTIMIZED in volume: 297dd2f2-e9f1-4871-9f1e-128dab63a05d
2025-10-16 19:49:01,615 | INFO  | OMAudit | user=runner | ip=127.0.0.1 | op=CREATE_BUCKET {"volume":"297dd2f2-e9f1-4871-9f1e-128dab63a05d","bucket":"93c6f05f-ec1c-4292-965d-a27c9184f851","bucketLayout":"FILE_SYSTEM_OPTIMIZED","gdprEnabled":null,"acls":"[user:runner:a[ACCESS], group:runner:rl[ACCESS]]","isVersionEnabled":"false","storageType":"DISK","creationTime":"1760644141613","bucketEncryptionKey":null,"modificationTime":"1760644141613","usedBytes":"0","usedNamespace":"0","snapshotUsedBytes":"0","snapshotUsedNamespace":"0","owner":"runner","replicationType":null,"replicationConfig":null,"quotaInBytes":"-1","quotaInNamespace":"-1","Transaction":"1306"} | ret=SUCCESS |  
2025-10-16 19:49:01,616 | INFO  | OMAudit | user=runner | ip=127.0.0.1 | op=READ_BUCKET {"volume":"297dd2f2-e9f1-4871-9f1e-128dab63a05d","bucket":"93c6f05f-ec1c-4292-965d-a27c9184f851"} | ret=SUCCESS |  
2025-10-16 19:49:01,619 | INFO  | OMAudit | user=runner | ip=127.0.0.1 | op=INITIATE_MULTIPART_UPLOAD {"volume":"297dd2f2-e9f1-4871-9f1e-128dab63a05d","bucket":"93c6f05f-ec1c-4292-965d-a27c9184f851","key":"13c7be52-bc03-49e1-a6c5-f423374d3abc","dataSize":"0","replicationType":"RATIS","replicationFactor":"THREE","uploadID":"0199ee91-9232-7dc7-a64f-ac62e50cc4a1-115385574465077565","Transaction":"1307"} | ret=SUCCESS |  
2025-10-16 19:49:01,623 | INFO  | OMAudit | user=runner | ip=127.0.0.1 | op=ALLOCATE_KEY {"volume":"297dd2f2-e9f1-4871-9f1e-128dab63a05d","bucket":"93c6f05f-ec1c-4292-965d-a27c9184f851","key":"13c7be52-bc03-49e1-a6c5-f423374d3abc","dataSize":"5242880","Transaction":"1308"} | ret=SUCCESS |  
2025-10-16 19:49:01,626 | INFO  | SCMAudit | user=runner | ip=127.0.0.1 | op=ALLOCATE_BLOCK {"replication":"RATIS/THREE","owner":"omServiceIdDefault","size":"4194304","sampleBlocks":"[conID: 19 locID: 115816896921600344]","num":"1","client":"","allocated":"1"} | ret=SUCCESS |  
2025-10-16 19:49:01,629 | INFO  | OMAudit | user=runner | ip=127.0.0.1 | op=ALLOCATE_BLOCK {"volume":"297dd2f2-e9f1-4871-9f1e-128dab63a05d","bucket":"93c6f05f-ec1c-4292-965d-a27c9184f851","key":"13c7be52-bc03-49e1-a6c5-f423374d3abc","dataSize":"5242880","replicationType":"RATIS","replicationFactor":"THREE","clientID":"115385574465339710","Transaction":"1309"} | ret=SUCCESS |  
2025-10-16 19:49:01,639 [om1-OMDoubleBufferFlushThread] INFO  om.OmSnapshotManager (OmSnapshotManager.java:createOmSnapshotCheckpoint(545)) - Created checkpoint: /home/runner/work/ozone/ozone/hadoop-ozone/integration-test/target/test-dir/MiniOzoneClusterImpl-e7911277-7775-4457-96c8-94071a26a1ce/om/data/db.snapshots/checkpointState/om.db-58ab0f7c-908a-4f90-9028-44106472486e for snapshot /vol-a-85441/buc-a-13854/snapshot-a-4-90379
2025-10-16 19:49:01,641 | INFO  | SCMAudit | user=runner | ip=127.0.0.1 | op=SEND_HEARTBEAT {"datanodeUUID":"0e8b6cc7-9945-4141-97fc-6aa017a0d5fa","term":"2","command":"[]"} | ret=SUCCESS |  
2025-10-16 19:49:01,680 | INFO  | SCMAudit | user=runner | ip=127.0.0.1 | op=ALLOCATE_BLOCK {"replication":"RATIS/THREE","owner":"omServiceIdDefault","size":"4194304","sampleBlocks":"[conID: 18 locID: 115816896921600345]","num":"1","client":"","allocated":"1"} | ret=SUCCESS |  
2025-10-16 19:49:01,682 | INFO  | OMAudit | user=runner | ip=127.0.0.1 | op=ALLOCATE_BLOCK {"volume":"297dd2f2-e9f1-4871-9f1e-128dab63a05d","bucket":"93c6f05f-ec1c-4292-965d-a27c9184f851","key":"13c7be52-bc03-49e1-a6c5-f423374d3abc","dataSize":"5242880","replicationType":"RATIS","replicationFactor":"THREE","clientID":"115385574465339710","Transaction":"1310"} | ret=SUCCESS |  
2025-10-16 19:49:01,710 [om1-OMDoubleBufferFlushThread] INFO  db.RDBCheckpointManager (RDBCheckpointManager.java:createCheckpoint(87)) - Created checkpoint in rocksDB at /home/runner/work/ozone/ozone/hadoop-ozone/integration-test/target/test-dir/MiniOzoneClusterImpl-e7911277-7775-4457-96c8-94071a26a1ce/om/data/db.snapshots/checkpointState/om.db-9f0765cc-f901-475b-90fc-5f8afaf229e2 in 68 milliseconds
2025-10-16 19:49:01,713 | INFO  | OMAudit | user=runner | ip=127.0.0.1 | op=COMMIT_MULTIPART_UPLOAD_PARTKEY {"volume":"297dd2f2-e9f1-4871-9f1e-128dab63a05d","bucket":"93c6f05f-ec1c-4292-965d-a27c9184f851","key":"13c7be52-bc03-49e1-a6c5-f423374d3abc","dataSize":"5242880","ETag":"5ec9ae7549d12b830c2796d79d95cb39","uploadID":"0199ee91-9232-7dc7-a64f-ac62e50cc4a1-115385574465077565","partNumber":"1","partName":"/297dd2f2-e9f1-4871-9f1e-128dab63a05d/93c6f05f-ec1c-4292-965d-a27c9184f851/13c7be52-bc03-49e1-a6c5-f423374d3abc-0199ee91-9232-7dc7-a64f-ac62e50cc4a1-115385574465077565-1","Transaction":"1311"} | ret=SUCCESS |  
2025-10-16 19:49:01,716 | INFO  | OMAudit | user=runner | ip=127.0.0.1 | op=ALLOCATE_KEY {"volume":"297dd2f2-e9f1-4871-9f1e-128dab63a05d","bucket":"93c6f05f-ec1c-4292-965d-a27c9184f851","key":"13c7be52-bc03-49e1-a6c5-f423374d3abc","dataSize":"5242880","Transaction":"1312"} | ret=SUCCESS |  
2025-10-16 19:49:01,719 | INFO  | SCMAudit | user=runner | ip=127.0.0.1 | op=SEND_HEARTBEAT {"datanodeUUID":"757ca056-973f-4f05-ab2d-6aff6c54d452","term":"2","command":"[]"} | ret=SUCCESS |  
2025-10-16 19:49:01,720 | INFO  | SCMAudit | user=runner | ip=127.0.0.1 | op=ALLOCATE_BLOCK {"replication":"RATIS/THREE","owner":"omServiceIdDefault","size":"4194304","sampleBlocks":"[conID: 19 locID: 115816896921600346]","num":"1","client":"","allocated":"1"} | ret=SUCCESS |  
2025-10-16 19:49:01,722 | INFO  | OMAudit | user=runner | ip=127.0.0.1 | op=ALLOCATE_BLOCK {"volume":"297dd2f2-e9f1-4871-9f1e-128dab63a05d","bucket":"93c6f05f-ec1c-4292-965d-a27c9184f851","key":"13c7be52-bc03-49e1-a6c5-f423374d3abc","dataSize":"5242880","replicationType":"RATIS","replicationFactor":"THREE","clientID":"115385574471434559","Transaction":"1313"} | ret=SUCCESS |  
2025-10-16 19:49:01,737 | INFO  | SCMAudit | user=runner | ip=127.0.0.1 | op=SEND_HEARTBEAT {"datanodeUUID":"702cb173-5c73-4ecc-b5cd-c7b4a6b66aea","term":"2","command":"[]"} | ret=SUCCESS |  
2025-10-16 19:49:01,743 [om1-OMDoubleBufferFlushThread] INFO  om.OmSnapshotManager (OmSnapshotManager.java:createOmSnapshotCheckpoint(545)) - Created checkpoint: /home/runner/work/ozone/ozone/hadoop-ozone/integration-test/target/test-dir/MiniOzoneClusterImpl-e7911277-7775-4457-96c8-94071a26a1ce/om/data/db.snapshots/checkpointState/om.db-9f0765cc-f901-475b-90fc-5f8afaf229e2 for snapshot /vol-a-85441/buc-b-43844/snapshot-a-4-66073
2025-10-16 19:49:01,785 | INFO  | SCMAudit | user=runner | ip=127.0.0.1 | op=ALLOCATE_BLOCK {"replication":"RATIS/THREE","owner":"omServiceIdDefault","size":"4194304","sampleBlocks":"[conID: 15 locID: 115816896921600347]","num":"1","client":"","allocated":"1"} | ret=SUCCESS |  
2025-10-16 19:49:01,788 | INFO  | OMAudit | user=runner | ip=127.0.0.1 | op=ALLOCATE_BLOCK {"volume":"297dd2f2-e9f1-4871-9f1e-128dab63a05d","bucket":"93c6f05f-ec1c-4292-965d-a27c9184f851","key":"13c7be52-bc03-49e1-a6c5-f423374d3abc","dataSize":"5242880","replicationType":"RATIS","replicationFactor":"THREE","clientID":"115385574471434559","Transaction":"1314"} | ret=SUCCESS |  
2025-10-16 19:49:01,813 [om1-OMDoubleBufferFlushThread] INFO  db.RDBCheckpointManager (RDBCheckpointManager.java:createCheckpoint(87)) - Created checkpoint in rocksDB at /home/runner/work/ozone/ozone/hadoop-ozone/integration-test/target/test-dir/MiniOzoneClusterImpl-e7911277-7775-4457-96c8-94071a26a1ce/om/data/db.snapshots/checkpointState/om.db-f988c556-feaa-4d4f-8c1e-b459eec46578 in 68 milliseconds
2025-10-16 19:49:01,822 | INFO  | OMAudit | user=runner | ip=127.0.0.1 | op=COMMIT_MULTIPART_UPLOAD_PARTKEY {"volume":"297dd2f2-e9f1-4871-9f1e-128dab63a05d","bucket":"93c6f05f-ec1c-4292-965d-a27c9184f851","key":"13c7be52-bc03-49e1-a6c5-f423374d3abc","dataSize":"5242880","ETag":"5ec9ae7549d12b830c2796d79d95cb39","uploadID":"0199ee91-9232-7dc7-a64f-ac62e50cc4a1-115385574465077565","partNumber":"2","partName":"/297dd2f2-e9f1-4871-9f1e-128dab63a05d/93c6f05f-ec1c-4292-965d-a27c9184f851/13c7be52-bc03-49e1-a6c5-f423374d3abc-0199ee91-9232-7dc7-a64f-ac62e50cc4a1-115385574465077565-2","Transaction":"1315"} | ret=SUCCESS |  
2025-10-16 19:49:01,826 | INFO  | OMAudit | user=runner | ip=127.0.0.1 | op=ALLOCATE_KEY {"volume":"297dd2f2-e9f1-4871-9f1e-128dab63a05d","bucket":"93c6f05f-ec1c-4292-965d-a27c9184f851","key":"13c7be52-bc03-49e1-a6c5-f423374d3abc","dataSize":"36","Transaction":"1316"} | ret=SUCCESS |  
2025-10-16 19:49:01,831 | INFO  | SCMAudit | user=runner | ip=127.0.0.1 | op=ALLOCATE_BLOCK {"replication":"RATIS/THREE","owner":"omServiceIdDefault","size":"4194304","sampleBlocks":"[conID: 19 locID: 115816896921600348]","num":"1","client":"","allocated":"1"} | ret=SUCCESS |  
2025-10-16 19:49:01,833 | INFO  | OMAudit | user=runner | ip=127.0.0.1 | op=ALLOCATE_BLOCK {"volume":"297dd2f2-e9f1-4871-9f1e-128dab63a05d","bucket":"93c6f05f-ec1c-4292-965d-a27c9184f851","key":"13c7be52-bc03-49e1-a6c5-f423374d3abc","dataSize":"36","replicationType":"RATIS","replicationFactor":"THREE","clientID":"115385574478643520","Transaction":"1317"} | ret=SUCCESS |  
2025-10-16 19:49:01,840 [om1-OMDoubleBufferFlushThread] INFO  om.OmSnapshotManager (OmSnapshotManager.java:createOmSnapshotCheckpoint(545)) - Created checkpoint: /home/runner/work/ozone/ozone/hadoop-ozone/integration-test/target/test-dir/MiniOzoneClusterImpl-e7911277-7775-4457-96c8-94071a26a1ce/om/data/db.snapshots/checkpointState/om.db-f988c556-feaa-4d4f-8c1e-b459eec46578 for snapshot /vol-b-85804/buc-a-13854/snapshot-a-4-04920
2025-10-16 19:49:01,846 | INFO  | OMAudit | user=runner | ip=127.0.0.1 | op=COMMIT_MULTIPART_UPLOAD_PARTKEY {"volume":"297dd2f2-e9f1-4871-9f1e-128dab63a05d","bucket":"93c6f05f-ec1c-4292-965d-a27c9184f851","key":"13c7be52-bc03-49e1-a6c5-f423374d3abc","dataSize":"36","ETag":"24caf82e06ee2345fdc0646ad877cd8c","uploadID":"0199ee91-9232-7dc7-a64f-ac62e50cc4a1-115385574465077565","partNumber":"3","partName":"/297dd2f2-e9f1-4871-9f1e-128dab63a05d/93c6f05f-ec1c-4292-965d-a27c9184f851/13c7be52-bc03-49e1-a6c5-f423374d3abc-0199ee91-9232-7dc7-a64f-ac62e50cc4a1-115385574465077565-3","Transaction":"1318"} | ret=SUCCESS |  
2025-10-16 19:49:01,850 | INFO  | OMAudit | user=runner | ip=127.0.0.1 | op=COMPLETE_MULTIPART_UPLOAD {"volume":"297dd2f2-e9f1-4871-9f1e-128dab63a05d","bucket":"93c6f05f-ec1c-4292-965d-a27c9184f851","key":"13c7be52-bc03-49e1-a6c5-f423374d3abc","dataSize":"0","uploadID":"0199ee91-9232-7dc7-a64f-ac62e50cc4a1-115385574465077565","multipartList":"[partNumber: 1 partName: \"5ec9ae7549d12b830c2796d79d95cb39\" eTag: \"5ec9ae7549d12b830c2796d79d95cb39\" , partNumber: 2 partName: \"5ec9ae7549d12b830c2796d79d95cb39\" eTag: \"5ec9ae7549d12b830c2796d79d95cb39\" , partNumber: 3 partName: \"24caf82e06ee2345fdc0646ad877cd8c\" eTag: \"24caf82e06ee2345fdc0646ad877cd8c\" ]","Transaction":"1319"} | ret=SUCCESS |  
2025-10-16 19:49:01,869 | INFO  | SCMAudit | user=runner | ip=127.0.0.1 | op=GET_CONTAINER_WITH_PIPELINE_BATCH {"containerIDs":"#18,#19,#15,"} | ret=SUCCESS |  
2025-10-16 19:49:01,873 | INFO  | OMAudit | user=runner | ip=127.0.0.1 | op=READ_KEY {"volume":"297dd2f2-e9f1-4871-9f1e-128dab63a05d","bucket":"93c6f05f-ec1c-4292-965d-a27c9184f851","key":"13c7be52-bc03-49e1-a6c5-f423374d3abc","owner":null,"dataSize":"0","replicationConfig":null} | ret=SUCCESS |  
2025-10-16 19:49:01,895 [om1-OMDoubleBufferFlushThread] INFO  db.RDBCheckpointManager (RDBCheckpointManager.java:createCheckpoint(87)) - Created checkpoint in rocksDB at /home/runner/work/ozone/ozone/hadoop-ozone/integration-test/target/test-dir/MiniOzoneClusterImpl-e7911277-7775-4457-96c8-94071a26a1ce/om/data/db.snapshots/checkpointState/om.db-1be2704f-ba8a-4d34-94a9-845bf0053313 in 52 milliseconds
2025-10-16 19:49:01,922 | INFO  | SCMAudit | user=runner | ip=127.0.0.1 | op=SEND_HEARTBEAT {"datanodeUUID":"f700af26-0e26-4136-9205-9509c82c8c70","term":"2","command":"[]"} | ret=SUCCESS |  
2025-10-16 19:49:01,936 [om1-OMDoubleBufferFlushThread] INFO  om.OmSnapshotManager (OmSnapshotManager.java:createOmSnapshotCheckpoint(545)) - Created checkpoint: /home/runner/work/ozone/ozone/hadoop-ozone/integration-test/target/test-dir/MiniOzoneClusterImpl-e7911277-7775-4457-96c8-94071a26a1ce/om/data/db.snapshots/checkpointState/om.db-1be2704f-ba8a-4d34-94a9-845bf0053313 for snapshot /vol-b-85804/buc-b-43844/snapshot-a-4-24896
2025-10-16 19:49:01,982 | INFO  | SCMAudit | user=runner | ip=127.0.0.1 | op=GET_CONTAINER_WITH_PIPELINE_BATCH {"containerIDs":"#18,#19,#15,"} | ret=SUCCESS |  
2025-10-16 19:49:01,984 | INFO  | OMAudit | user=null | ip= | op=READ_KEY {"volume":"297dd2f2-e9f1-4871-9f1e-128dab63a05d","bucket":"93c6f05f-ec1c-4292-965d-a27c9184f851","key":"13c7be52-bc03-49e1-a6c5-f423374d3abc","owner":null,"dataSize":"0","replicationConfig":null} | ret=SUCCESS |  
2025-10-16 19:49:01,985 [om1-OMDoubleBufferFlushThread] INFO  db.RDBCheckpointManager (RDBCheckpointManager.java:createCheckpoint(87)) - Created checkpoint in rocksDB at /home/runner/work/ozone/ozone/hadoop-ozone/integration-test/target/test-dir/MiniOzoneClusterImpl-e7911277-7775-4457-96c8-94071a26a1ce/om/data/db.snapshots/checkpointState/om.db-c2c7dd84-f375-43fc-a89c-249dfc6c38e4 in 46 milliseconds
2025-10-16 19:49:01,986 | INFO  | SCMAudit | user=runner | ip=127.0.0.1 | op=GET_CONTAINER {"containerID":"19"} | ret=SUCCESS |  
2025-10-16 19:49:01,986 | INFO  | SCMAudit | user=runner | ip=127.0.0.1 | op=GET_CONTAINER {"containerID":"18"} | ret=SUCCESS |  
2025-10-16 19:49:01,987 | INFO  | SCMAudit | user=runner | ip=127.0.0.1 | op=GET_CONTAINER {"containerID":"19"} | ret=SUCCESS |  
2025-10-16 19:49:01,990 | INFO  | SCMAudit | user=runner | ip=127.0.0.1 | op=GET_CONTAINER {"containerID":"15"} | ret=SUCCESS |  
2025-10-16 19:49:01,990 | INFO  | SCMAudit | user=runner | ip=127.0.0.1 | op=GET_CONTAINER {"containerID":"19"} | ret=SUCCESS |  
2025-10-16 19:49:02,004 | INFO  | OMAudit | user=runner | ip=127.0.0.1 | op=INITIATE_MULTIPART_UPLOAD {"volume":"297dd2f2-e9f1-4871-9f1e-128dab63a05d","bucket":"93c6f05f-ec1c-4292-965d-a27c9184f851","key":"13c7be52-bc03-49e1-a6c5-f423374d3abc","dataSize":"0","replicationType":"RATIS","replicationFactor":"THREE","uploadID":"0199ee91-93b0-7910-ac57-d5fe237570b2-115385574490112321","Transaction":"1320"} | ret=SUCCESS |  
2025-10-16 19:49:02,013 | INFO  | OMAudit | user=runner | ip=127.0.0.1 | op=ALLOCATE_KEY {"volume":"297dd2f2-e9f1-4871-9f1e-128dab63a05d","bucket":"93c6f05f-ec1c-4292-965d-a27c9184f851","key":"13c7be52-bc03-49e1-a6c5-f423374d3abc","dataSize":"5242880","Transaction":"1321"} | ret=SUCCESS |  
2025-10-16 19:49:02,014 [om1-OMDoubleBufferFlushThread] INFO  om.OmSnapshotManager (OmSnapshotManager.java:createOmSnapshotCheckpoint(545)) - Created checkpoint: /home/runner/work/ozone/ozone/hadoop-ozone/integration-test/target/test-dir/MiniOzoneClusterImpl-e7911277-7775-4457-96c8-94071a26a1ce/om/data/db.snapshots/checkpointState/om.db-c2c7dd84-f375-43fc-a89c-249dfc6c38e4 for snapshot /vol-a-85441/buc-a-13854/snapshot-a-5-00704
2025-10-16 19:49:02,020 | INFO  | SCMAudit | user=runner | ip=127.0.0.1 | op=ALLOCATE_BLOCK {"replication":"RATIS/THREE","owner":"omServiceIdDefault","size":"4194304","sampleBlocks":"[conID: 18 locID: 115816896921600349]","num":"1","client":"","allocated":"1"} | ret=SUCCESS |  
2025-10-16 19:49:02,028 | INFO  | OMAudit | user=runner | ip=127.0.0.1 | op=ALLOCATE_BLOCK {"volume":"297dd2f2-e9f1-4871-9f1e-128dab63a05d","bucket":"93c6f05f-ec1c-4292-965d-a27c9184f851","key":"13c7be52-bc03-49e1-a6c5-f423374d3abc","dataSize":"5242880","replicationType":"RATIS","replicationFactor":"THREE","clientID":"115385574490833218","Transaction":"1322"} | ret=SUCCESS |  
2025-10-16 19:49:02,062 [om1-OMDoubleBufferFlushThread] INFO  db.RDBCheckpointManager (RDBCheckpointManager.java:createCheckpoint(87)) - Created checkpoint in rocksDB at /home/runner/work/ozone/ozone/hadoop-ozone/integration-test/target/test-dir/MiniOzoneClusterImpl-e7911277-7775-4457-96c8-94071a26a1ce/om/data/db.snapshots/checkpointState/om.db-34648c51-195e-4068-9ade-02fef64f8098 in 46 milliseconds
2025-10-16 19:49:02,116 | INFO  | SCMAudit | user=runner | ip=127.0.0.1 | op=ALLOCATE_BLOCK {"replication":"RATIS/THREE","owner":"omServiceIdDefault","size":"4194304","sampleBlocks":"[conID: 20 locID: 115816896921600350]","num":"1","client":"","allocated":"1"} | ret=SUCCESS |  
2025-10-16 19:49:02,121 | INFO  | SCMAudit | user=runner | ip=127.0.0.1 | op=SEND_HEARTBEAT {"datanodeUUID":"e33e6ec4-6b66-4281-bedd-2bd75bd30070","term":"2","command":"[]"} | ret=SUCCESS |  
2025-10-16 19:49:02,121 | INFO  | SCMAudit | user=runner | ip=127.0.0.1 | op=SEND_HEARTBEAT {"datanodeUUID":"c0724e9c-0dd4-4d47-992c-7bfe285fdd38","term":"2","command":"[]"} | ret=SUCCESS |  
2025-10-16 19:49:02,121 [om1-OMDoubleBufferFlushThread] INFO  om.OmSnapshotManager (OmSnapshotManager.java:createOmSnapshotCheckpoint(545)) - Created checkpoint: /home/runner/work/ozone/ozone/hadoop-ozone/integration-test/target/test-dir/MiniOzoneClusterImpl-e7911277-7775-4457-96c8-94071a26a1ce/om/data/db.snapshots/checkpointState/om.db-34648c51-195e-4068-9ade-02fef64f8098 for snapshot /vol-a-85441/buc-b-43844/snapshot-a-5-95727
2025-10-16 19:49:02,121 | INFO  | SCMAudit | user=runner | ip=127.0.0.1 | op=SEND_HEARTBEAT {"datanodeUUID":"8a3c3252-9afe-4d3a-8492-25be6557678a","term":"2","command":"[]"} | ret=SUCCESS |  
2025-10-16 19:49:02,122 | INFO  | SCMAudit | user=runner | ip=127.0.0.1 | op=SEND_HEARTBEAT {"datanodeUUID":"8a0fa2ff-b550-4652-b2fe-0cf91cd4a157","term":"2","command":"[]"} | ret=SUCCESS |  
2025-10-16 19:49:02,123 | INFO  | SCMAudit | user=runner | ip=127.0.0.1 | op=SEND_HEARTBEAT {"datanodeUUID":"aa213937-adc5-47da-a770-0ee1e4664344","term":"2","command":"[]"} | ret=SUCCESS |  
2025-10-16 19:49:02,127 | INFO  | OMAudit | user=runner | ip=127.0.0.1 | op=ALLOCATE_BLOCK {"volume":"297dd2f2-e9f1-4871-9f1e-128dab63a05d","bucket":"93c6f05f-ec1c-4292-965d-a27c9184f851","key":"13c7be52-bc03-49e1-a6c5-f423374d3abc","dataSize":"5242880","replicationType":"RATIS","replicationFactor":"THREE","clientID":"115385574490833218","Transaction":"1323"} | ret=SUCCESS |  
2025-10-16 19:49:02,129 | INFO  | SCMAudit | user=runner | ip=127.0.0.1 | op=SEND_HEARTBEAT {"datanodeUUID":"58cff6b7-b2a7-446b-a75a-bb98ad6b11b8","term":"2","command":"[]"} | ret=SUCCESS |  
2025-10-16 19:49:02,136 | INFO  | SCMAudit | user=runner | ip=127.0.0.1 | op=SEND_HEARTBEAT {"datanodeUUID":"0428ab3f-efd5-438e-ae11-9ec242443260","term":"2","command":"[]"} | ret=SUCCESS |  
2025-10-16 19:49:02,137 | INFO  | SCMAudit | user=runner | ip=127.0.0.1 | op=SEND_HEARTBEAT {"datanodeUUID":"e072d245-7694-4d97-8e20-c503ebf8c2fe","term":"2","command":"[]"} | ret=SUCCESS |  
2025-10-16 19:49:02,164 | INFO  | OMAudit | user=runner | ip=127.0.0.1 | op=COMMIT_MULTIPART_UPLOAD_PARTKEY {"volume":"297dd2f2-e9f1-4871-9f1e-128dab63a05d","bucket":"93c6f05f-ec1c-4292-965d-a27c9184f851","key":"13c7be52-bc03-49e1-a6c5-f423374d3abc","dataSize":"5242880","ETag":"79b281060d337b9b2b84ccf390adcf74","uploadID":"0199ee91-93b0-7910-ac57-d5fe237570b2-115385574490112321","partNumber":"1","partName":"/297dd2f2-e9f1-4871-9f1e-128dab63a05d/93c6f05f-ec1c-4292-965d-a27c9184f851/13c7be52-bc03-49e1-a6c5-f423374d3abc-0199ee91-93b0-7910-ac57-d5fe237570b2-115385574490112321-1","Transaction":"1324"} | ret=SUCCESS |  
2025-10-16 19:49:02,169 | INFO  | OMAudit | user=runner | ip=127.0.0.1 | op=ALLOCATE_KEY {"volume":"297dd2f2-e9f1-4871-9f1e-128dab63a05d","bucket":"93c6f05f-ec1c-4292-965d-a27c9184f851","key":"13c7be52-bc03-49e1-a6c5-f423374d3abc","dataSize":"5242880","Transaction":"1325"} | ret=SUCCESS |  
2025-10-16 19:49:02,172 | INFO  | SCMAudit | user=runner | ip=127.0.0.1 | op=ALLOCATE_BLOCK {"replication":"RATIS/THREE","owner":"omServiceIdDefault","size":"4194304","sampleBlocks":"[conID: 16 locID: 115816896921600351]","num":"1","client":"","allocated":"1"} | ret=SUCCESS |  
2025-10-16 19:49:02,174 | INFO  | OMAudit | user=runner | ip=127.0.0.1 | op=ALLOCATE_BLOCK {"volume":"297dd2f2-e9f1-4871-9f1e-128dab63a05d","bucket":"93c6f05f-ec1c-4292-965d-a27c9184f851","key":"13c7be52-bc03-49e1-a6c5-f423374d3abc","dataSize":"5242880","replicationType":"RATIS","replicationFactor":"THREE","clientID":"115385574501056835","Transaction":"1326"} | ret=SUCCESS |  
2025-10-16 19:49:02,193 [om1-OMDoubleBufferFlushThread] INFO  db.RDBCheckpointManager (RDBCheckpointManager.java:createCheckpoint(87)) - Created checkpoint in rocksDB at /home/runner/work/ozone/ozone/hadoop-ozone/integration-test/target/test-dir/MiniOzoneClusterImpl-e7911277-7775-4457-96c8-94071a26a1ce/om/data/db.snapshots/checkpointState/om.db-fdd2dea8-b533-4da2-8744-d036a8cd283d in 68 milliseconds
2025-10-16 19:49:02,233 | INFO  | SCMAudit | user=runner | ip=127.0.0.1 | op=ALLOCATE_BLOCK {"replication":"RATIS/THREE","owner":"omServiceIdDefault","size":"4194304","sampleBlocks":"[conID: 21 locID: 115816896921600352]","num":"1","client":"","allocated":"1"} | ret=SUCCESS |  
2025-10-16 19:49:02,239 | INFO  | OMAudit | user=runner | ip=127.0.0.1 | op=ALLOCATE_BLOCK {"volume":"297dd2f2-e9f1-4871-9f1e-128dab63a05d","bucket":"93c6f05f-ec1c-4292-965d-a27c9184f851","key":"13c7be52-bc03-49e1-a6c5-f423374d3abc","dataSize":"5242880","replicationType":"RATIS","replicationFactor":"THREE","clientID":"115385574501056835","Transaction":"1327"} | ret=SUCCESS |  
2025-10-16 19:49:02,240 [om1-OMDoubleBufferFlushThread] INFO  om.OmSnapshotManager (OmSnapshotManager.java:createOmSnapshotCheckpoint(545)) - Created checkpoint: /home/runner/work/ozone/ozone/hadoop-ozone/integration-test/target/test-dir/MiniOzoneClusterImpl-e7911277-7775-4457-96c8-94071a26a1ce/om/data/db.snapshots/checkpointState/om.db-fdd2dea8-b533-4da2-8744-d036a8cd283d for snapshot /vol-b-85804/buc-a-13854/snapshot-a-5-17198
2025-10-16 19:49:02,263 | INFO  | OMAudit | user=runner | ip=127.0.0.1 | op=COMMIT_MULTIPART_UPLOAD_PARTKEY {"volume":"297dd2f2-e9f1-4871-9f1e-128dab63a05d","bucket":"93c6f05f-ec1c-4292-965d-a27c9184f851","key":"13c7be52-bc03-49e1-a6c5-f423374d3abc","dataSize":"5242880","ETag":"79b281060d337b9b2b84ccf390adcf74","uploadID":"0199ee91-93b0-7910-ac57-d5fe237570b2-115385574490112321","partNumber":"2","partName":"/297dd2f2-e9f1-4871-9f1e-128dab63a05d/93c6f05f-ec1c-4292-965d-a27c9184f851/13c7be52-bc03-49e1-a6c5-f423374d3abc-0199ee91-93b0-7910-ac57-d5fe237570b2-115385574490112321-2","Transaction":"1328"} | ret=SUCCESS |  
2025-10-16 19:49:02,267 | INFO  | OMAudit | user=runner | ip=127.0.0.1 | op=ALLOCATE_KEY {"volume":"297dd2f2-e9f1-4871-9f1e-128dab63a05d","bucket":"93c6f05f-ec1c-4292-965d-a27c9184f851","key":"13c7be52-bc03-49e1-a6c5-f423374d3abc","dataSize":"36","Transaction":"1329"} | ret=SUCCESS |  
2025-10-16 19:49:02,271 | INFO  | SCMAudit | user=runner | ip=127.0.0.1 | op=ALLOCATE_BLOCK {"replication":"RATIS/THREE","owner":"omServiceIdDefault","size":"4194304","sampleBlocks":"[conID: 20 locID: 115816896921600353]","num":"1","client":"","allocated":"1"} | ret=SUCCESS |  
2025-10-16 19:49:02,274 | INFO  | OMAudit | user=runner | ip=127.0.0.1 | op=ALLOCATE_BLOCK {"volume":"297dd2f2-e9f1-4871-9f1e-128dab63a05d","bucket":"93c6f05f-ec1c-4292-965d-a27c9184f851","key":"13c7be52-bc03-49e1-a6c5-f423374d3abc","dataSize":"36","replicationType":"RATIS","replicationFactor":"THREE","clientID":"115385574507544900","Transaction":"1330"} | ret=SUCCESS |  
2025-10-16 19:49:02,290 | INFO  | OMAudit | user=runner | ip=127.0.0.1 | op=COMMIT_MULTIPART_UPLOAD_PARTKEY {"volume":"297dd2f2-e9f1-4871-9f1e-128dab63a05d","bucket":"93c6f05f-ec1c-4292-965d-a27c9184f851","key":"13c7be52-bc03-49e1-a6c5-f423374d3abc","dataSize":"36","ETag":"52e77323ba37075f4e7ed78c28012a21","uploadID":"0199ee91-93b0-7910-ac57-d5fe237570b2-115385574490112321","partNumber":"3","partName":"/297dd2f2-e9f1-4871-9f1e-128dab63a05d/93c6f05f-ec1c-4292-965d-a27c9184f851/13c7be52-bc03-49e1-a6c5-f423374d3abc-0199ee91-93b0-7910-ac57-d5fe237570b2-115385574490112321-3","Transaction":"1331"} | ret=SUCCESS |  
2025-10-16 19:49:02,293 | INFO  | OMAudit | user=runner | ip=127.0.0.1 | op=COMPLETE_MULTIPART_UPLOAD {"volume":"297dd2f2-e9f1-4871-9f1e-128dab63a05d","bucket":"93c6f05f-ec1c-4292-965d-a27c9184f851","key":"13c7be52-bc03-49e1-a6c5-f423374d3abc","dataSize":"0","uploadID":"0199ee91-93b0-7910-ac57-d5fe237570b2-115385574490112321","multipartList":"[partNumber: 1 partName: \"79b281060d337b9b2b84ccf390adcf74\" eTag: \"79b281060d337b9b2b84ccf390adcf74\" , partNumber: 2 partName: \"79b281060d337b9b2b84ccf390adcf74\" eTag: \"79b281060d337b9b2b84ccf390adcf74\" , partNumber: 3 partName: \"52e77323ba37075f4e7ed78c28012a21\" eTag: \"52e77323ba37075f4e7ed78c28012a21\" ]","Transaction":"1332"} | ret=SUCCESS |  
2025-10-16 19:49:02,295 | INFO  | SCMAudit | user=runner | ip=127.0.0.1 | op=GET_CONTAINER_WITH_PIPELINE_BATCH {"containerIDs":"#16,#21,"} | ret=SUCCESS |  
2025-10-16 19:49:02,297 | INFO  | OMAudit | user=runner | ip=127.0.0.1 | op=READ_KEY {"volume":"297dd2f2-e9f1-4871-9f1e-128dab63a05d","bucket":"93c6f05f-ec1c-4292-965d-a27c9184f851","key":"13c7be52-bc03-49e1-a6c5-f423374d3abc","owner":null,"dataSize":"0","replicationConfig":null} | ret=SUCCESS |  
2025-10-16 19:49:02,298 [om1-OMDoubleBufferFlushThread] INFO  db.RDBCheckpointManager (RDBCheckpointManager.java:createCheckpoint(87)) - Created checkpoint in rocksDB at /home/runner/work/ozone/ozone/hadoop-ozone/integration-test/target/test-dir/MiniOzoneClusterImpl-e7911277-7775-4457-96c8-94071a26a1ce/om/data/db.snapshots/checkpointState/om.db-194c10ea-5d8f-4cb0-ad46-5333aaee81eb in 56 milliseconds
2025-10-16 19:49:02,313 | INFO  | SCMAudit | user=runner | ip=127.0.0.1 | op=SEND_HEARTBEAT {"datanodeUUID":"764b18f0-81c5-439a-9fff-25adc4f241fa","term":"2","command":"[]"} | ret=SUCCESS |  
2025-10-16 19:49:02,313 | INFO  | SCMAudit | user=runner | ip=127.0.0.1 | op=SEND_HEARTBEAT {"datanodeUUID":"76d4ba71-5bbb-4b24-8f51-8bc7f78aaca4","term":"2","command":"[]"} | ret=SUCCESS |  
2025-10-16 19:49:02,326 [om1-OMDoubleBufferFlushThread] INFO  om.OmSnapshotManager (OmSnapshotManager.java:createOmSnapshotCheckpoint(545)) - Created checkpoint: /home/runner/work/ozone/ozone/hadoop-ozone/integration-test/target/test-dir/MiniOzoneClusterImpl-e7911277-7775-4457-96c8-94071a26a1ce/om/data/db.snapshots/checkpointState/om.db-194c10ea-5d8f-4cb0-ad46-5333aaee81eb for snapshot /vol-b-85804/buc-b-43844/snapshot-a-5-81471
2025-10-16 19:49:02,377 [om1-OMDoubleBufferFlushThread] INFO  db.RDBCheckpointManager (RDBCheckpointManager.java:createCheckpoint(87)) - Created checkpoint in rocksDB at /home/runner/work/ozone/ozone/hadoop-ozone/integration-test/target/test-dir/MiniOzoneClusterImpl-e7911277-7775-4457-96c8-94071a26a1ce/om/data/db.snapshots/checkpointState/om.db-7e0c57f8-f514-47e2-9a9e-660e3e2ed39a in 49 milliseconds
2025-10-16 19:49:02,381 | INFO  | SCMAudit | user=runner | ip=127.0.0.1 | op=GET_CONTAINER_WITH_PIPELINE_BATCH {"containerIDs":"#16,#18,#20,#21,"} | ret=SUCCESS |  
2025-10-16 19:49:02,382 | INFO  | OMAudit | user=null | ip= | op=READ_KEY {"volume":"297dd2f2-e9f1-4871-9f1e-128dab63a05d","bucket":"93c6f05f-ec1c-4292-965d-a27c9184f851","key":"13c7be52-bc03-49e1-a6c5-f423374d3abc","owner":null,"dataSize":"0","replicationConfig":null} | ret=SUCCESS |  
2025-10-16 19:49:02,383 | INFO  | SCMAudit | user=runner | ip=127.0.0.1 | op=GET_CONTAINER {"containerID":"18"} | ret=SUCCESS |  
2025-10-16 19:49:02,384 | INFO  | SCMAudit | user=runner | ip=127.0.0.1 | op=GET_CONTAINER {"containerID":"20"} | ret=SUCCESS |  
2025-10-16 19:49:02,385 | INFO  | SCMAudit | user=runner | ip=127.0.0.1 | op=GET_CONTAINER {"containerID":"16"} | ret=SUCCESS |  
2025-10-16 19:49:02,386 | INFO  | SCMAudit | user=runner | ip=127.0.0.1 | op=GET_CONTAINER {"containerID":"21"} | ret=SUCCESS |  
2025-10-16 19:49:02,388 | INFO  | SCMAudit | user=runner | ip=127.0.0.1 | op=GET_CONTAINER {"containerID":"20"} | ret=SUCCESS |  
]]></system-out>
  </testcase>
  <testcase name="testMultipartUploadOverride(ReplicationConfig)[3]" classname="org.apache.hadoop.ozone.client.rpc.TestSecureOzoneRpcClient" time="0.568">
    <system-out><![CDATA[2025-10-16 19:49:02,403 [ForkJoinPool-1-worker-1] INFO  rpc.RpcClient (RpcClient.java:createVolume(461)) - Creating Volume: 98b7752d-37f6-459b-bc2a-a8dcd80ef3a6, with runner as owner and space quota set to -1 bytes, counts quota set to -1
2025-10-16 19:49:02,405 [om1-OMStateMachineApplyTransactionThread - 0] INFO  volume.OMVolumeCreateRequest (OMVolumeCreateRequest.java:validateAndUpdateCache(213)) - created volume:98b7752d-37f6-459b-bc2a-a8dcd80ef3a6 for user:runner
2025-10-16 19:49:02,406 | INFO  | OMAudit | user=runner | ip=127.0.0.1 | op=CREATE_VOLUME {"admin":"runner","owner":"runner","volume":"98b7752d-37f6-459b-bc2a-a8dcd80ef3a6","creationTime":"1760644142404","modificationTime":"1760644142404","quotaInBytes":"-1","quotaInNamespace":"-1","usedNamespace":"0","objectID":"-9223372036854434560","updateID":"1333","Transaction":"1333"} | ret=SUCCESS |  
2025-10-16 19:49:02,407 | INFO  | OMAudit | user=runner | ip=127.0.0.1 | op=READ_VOLUME {"volume":"98b7752d-37f6-459b-bc2a-a8dcd80ef3a6"} | ret=SUCCESS |  
2025-10-16 19:49:02,408 [om1-OMDoubleBufferFlushThread] INFO  om.OmSnapshotManager (OmSnapshotManager.java:createOmSnapshotCheckpoint(545)) - Created checkpoint: /home/runner/work/ozone/ozone/hadoop-ozone/integration-test/target/test-dir/MiniOzoneClusterImpl-e7911277-7775-4457-96c8-94071a26a1ce/om/data/db.snapshots/checkpointState/om.db-7e0c57f8-f514-47e2-9a9e-660e3e2ed39a for snapshot /vol-a-85441/buc-a-13854/snapshot-a-6-24910
2025-10-16 19:49:02,408 [ForkJoinPool-1-worker-1] INFO  rpc.RpcClient (RpcClient.java:createBucket(686)) - Creating Bucket: 98b7752d-37f6-459b-bc2a-a8dcd80ef3a6/47f179ca-5159-46f0-936d-7c3a3356a497, with server-side default bucket layout, runner as owner, Versioning false, Storage Type set to DISK and Encryption set to false, Replication Type set to server-side default replication type, Namespace Quota set to -1, Space Quota set to -1 
2025-10-16 19:49:02,413 [om1-OMStateMachineApplyTransactionThread - 0] INFO  bucket.OMBucketCreateRequest (OMBucketCreateRequest.java:validateAndUpdateCache(303)) - created bucket: 47f179ca-5159-46f0-936d-7c3a3356a497 of layout FILE_SYSTEM_OPTIMIZED in volume: 98b7752d-37f6-459b-bc2a-a8dcd80ef3a6
2025-10-16 19:49:02,413 | INFO  | OMAudit | user=runner | ip=127.0.0.1 | op=CREATE_BUCKET {"volume":"98b7752d-37f6-459b-bc2a-a8dcd80ef3a6","bucket":"47f179ca-5159-46f0-936d-7c3a3356a497","bucketLayout":"FILE_SYSTEM_OPTIMIZED","gdprEnabled":null,"acls":"[user:runner:a[ACCESS], group:runner:rl[ACCESS]]","isVersionEnabled":"false","storageType":"DISK","creationTime":"1760644142411","bucketEncryptionKey":null,"modificationTime":"1760644142411","usedBytes":"0","usedNamespace":"0","snapshotUsedBytes":"0","snapshotUsedNamespace":"0","owner":"runner","replicationType":null,"replicationConfig":null,"quotaInBytes":"-1","quotaInNamespace":"-1","Transaction":"1334"} | ret=SUCCESS |  
2025-10-16 19:49:02,416 | INFO  | OMAudit | user=runner | ip=127.0.0.1 | op=READ_BUCKET {"volume":"98b7752d-37f6-459b-bc2a-a8dcd80ef3a6","bucket":"47f179ca-5159-46f0-936d-7c3a3356a497"} | ret=SUCCESS |  
2025-10-16 19:49:02,420 | INFO  | OMAudit | user=runner | ip=127.0.0.1 | op=INITIATE_MULTIPART_UPLOAD {"volume":"98b7752d-37f6-459b-bc2a-a8dcd80ef3a6","bucket":"47f179ca-5159-46f0-936d-7c3a3356a497","key":"72bc8bb7-65f7-48cf-8744-11026e73bf1a","dataSize":"0","replicationType":"EC","replicationConfig":"rs-3-2-1048576","uploadID":"0199ee91-9552-7442-9adc-205482b1cf9a-115385574517506373","Transaction":"1335"} | ret=SUCCESS |  
2025-10-16 19:49:02,425 | INFO  | OMAudit | user=runner | ip=127.0.0.1 | op=ALLOCATE_KEY {"volume":"98b7752d-37f6-459b-bc2a-a8dcd80ef3a6","bucket":"47f179ca-5159-46f0-936d-7c3a3356a497","key":"72bc8bb7-65f7-48cf-8744-11026e73bf1a","dataSize":"5242880","Transaction":"1336"} | ret=SUCCESS |  
2025-10-16 19:49:02,445 | INFO  | SCMAudit | user=runner | ip=127.0.0.1 | op=ALLOCATE_BLOCK {"replication":"EC{rs-3-2-1024k}","owner":"omServiceIdDefault","size":"4194304","sampleBlocks":"[conID: 26 locID: 115816896921600354]","num":"1","client":"","allocated":"1"} | ret=SUCCESS |  
2025-10-16 19:49:02,453 | INFO  | OMAudit | user=runner | ip=127.0.0.1 | op=ALLOCATE_BLOCK {"volume":"98b7752d-37f6-459b-bc2a-a8dcd80ef3a6","bucket":"47f179ca-5159-46f0-936d-7c3a3356a497","key":"72bc8bb7-65f7-48cf-8744-11026e73bf1a","dataSize":"5242880","replicationType":"EC","replicationConfig":"rs-3-2-1048576","clientID":"115385574517834054","Transaction":"1337"} | ret=SUCCESS |  
2025-10-16 19:49:02,474 [om1-OMDoubleBufferFlushThread] INFO  db.RDBCheckpointManager (RDBCheckpointManager.java:createCheckpoint(87)) - Created checkpoint in rocksDB at /home/runner/work/ozone/ozone/hadoop-ozone/integration-test/target/test-dir/MiniOzoneClusterImpl-e7911277-7775-4457-96c8-94071a26a1ce/om/data/db.snapshots/checkpointState/om.db-4a5523da-855f-492c-9736-1b1eb473f5fc in 63 milliseconds
2025-10-16 19:49:02,494 | INFO  | OMAudit | user=runner | ip=127.0.0.1 | op=COMMIT_MULTIPART_UPLOAD_PARTKEY {"volume":"98b7752d-37f6-459b-bc2a-a8dcd80ef3a6","bucket":"47f179ca-5159-46f0-936d-7c3a3356a497","key":"72bc8bb7-65f7-48cf-8744-11026e73bf1a","dataSize":"5242880","ETag":"5ec9ae7549d12b830c2796d79d95cb39","uploadID":"0199ee91-9552-7442-9adc-205482b1cf9a-115385574517506373","partNumber":"1","partName":"/98b7752d-37f6-459b-bc2a-a8dcd80ef3a6/47f179ca-5159-46f0-936d-7c3a3356a497/72bc8bb7-65f7-48cf-8744-11026e73bf1a-0199ee91-9552-7442-9adc-205482b1cf9a-115385574517506373-1","Transaction":"1338"} | ret=SUCCESS |  
2025-10-16 19:49:02,499 | INFO  | OMAudit | user=runner | ip=127.0.0.1 | op=ALLOCATE_KEY {"volume":"98b7752d-37f6-459b-bc2a-a8dcd80ef3a6","bucket":"47f179ca-5159-46f0-936d-7c3a3356a497","key":"72bc8bb7-65f7-48cf-8744-11026e73bf1a","dataSize":"5242880","Transaction":"1339"} | ret=SUCCESS |  
2025-10-16 19:49:02,507 [om1-OMDoubleBufferFlushThread] INFO  om.OmSnapshotManager (OmSnapshotManager.java:createOmSnapshotCheckpoint(545)) - Created checkpoint: /home/runner/work/ozone/ozone/hadoop-ozone/integration-test/target/test-dir/MiniOzoneClusterImpl-e7911277-7775-4457-96c8-94071a26a1ce/om/data/db.snapshots/checkpointState/om.db-4a5523da-855f-492c-9736-1b1eb473f5fc for snapshot /vol-a-85441/buc-b-43844/snapshot-a-6-99018
2025-10-16 19:49:02,512 | INFO  | SCMAudit | user=runner | ip=127.0.0.1 | op=ALLOCATE_BLOCK {"replication":"EC{rs-3-2-1024k}","owner":"omServiceIdDefault","size":"4194304","sampleBlocks":"[conID: 26 locID: 115816896921600355]","num":"1","client":"","allocated":"1"} | ret=SUCCESS |  
2025-10-16 19:49:02,517 | INFO  | OMAudit | user=runner | ip=127.0.0.1 | op=ALLOCATE_BLOCK {"volume":"98b7752d-37f6-459b-bc2a-a8dcd80ef3a6","bucket":"47f179ca-5159-46f0-936d-7c3a3356a497","key":"72bc8bb7-65f7-48cf-8744-11026e73bf1a","dataSize":"5242880","replicationType":"EC","replicationConfig":"rs-3-2-1048576","clientID":"115385574522683719","Transaction":"1340"} | ret=SUCCESS |  
2025-10-16 19:49:02,555 | INFO  | OMAudit | user=runner | ip=127.0.0.1 | op=COMMIT_MULTIPART_UPLOAD_PARTKEY {"volume":"98b7752d-37f6-459b-bc2a-a8dcd80ef3a6","bucket":"47f179ca-5159-46f0-936d-7c3a3356a497","key":"72bc8bb7-65f7-48cf-8744-11026e73bf1a","dataSize":"5242880","ETag":"5ec9ae7549d12b830c2796d79d95cb39","uploadID":"0199ee91-9552-7442-9adc-205482b1cf9a-115385574517506373","partNumber":"2","partName":"/98b7752d-37f6-459b-bc2a-a8dcd80ef3a6/47f179ca-5159-46f0-936d-7c3a3356a497/72bc8bb7-65f7-48cf-8744-11026e73bf1a-0199ee91-9552-7442-9adc-205482b1cf9a-115385574517506373-2","Transaction":"1341"} | ret=SUCCESS |  
2025-10-16 19:49:02,558 | INFO  | OMAudit | user=runner | ip=127.0.0.1 | op=ALLOCATE_KEY {"volume":"98b7752d-37f6-459b-bc2a-a8dcd80ef3a6","bucket":"47f179ca-5159-46f0-936d-7c3a3356a497","key":"72bc8bb7-65f7-48cf-8744-11026e73bf1a","dataSize":"36","Transaction":"1342"} | ret=SUCCESS |  
2025-10-16 19:49:02,561 | INFO  | SCMAudit | user=runner | ip=127.0.0.1 | op=ALLOCATE_BLOCK {"replication":"EC{rs-3-2-1024k}","owner":"omServiceIdDefault","size":"4194304","sampleBlocks":"[conID: 22 locID: 115816896921600356]","num":"1","client":"","allocated":"1"} | ret=SUCCESS |  
2025-10-16 19:49:02,563 | INFO  | OMAudit | user=runner | ip=127.0.0.1 | op=ALLOCATE_BLOCK {"volume":"98b7752d-37f6-459b-bc2a-a8dcd80ef3a6","bucket":"47f179ca-5159-46f0-936d-7c3a3356a497","key":"72bc8bb7-65f7-48cf-8744-11026e73bf1a","dataSize":"36","replicationType":"EC","replicationConfig":"rs-3-2-1048576","clientID":"115385574526615880","Transaction":"1343"} | ret=SUCCESS |  
2025-10-16 19:49:02,564 [om1-OMDoubleBufferFlushThread] INFO  db.RDBCheckpointManager (RDBCheckpointManager.java:createCheckpoint(87)) - Created checkpoint in rocksDB at /home/runner/work/ozone/ozone/hadoop-ozone/integration-test/target/test-dir/MiniOzoneClusterImpl-e7911277-7775-4457-96c8-94071a26a1ce/om/data/db.snapshots/checkpointState/om.db-c3cf2f1c-cb64-4515-9eff-62b6a6e6048a in 55 milliseconds
2025-10-16 19:49:02,582 | INFO  | OMAudit | user=runner | ip=127.0.0.1 | op=COMMIT_MULTIPART_UPLOAD_PARTKEY {"volume":"98b7752d-37f6-459b-bc2a-a8dcd80ef3a6","bucket":"47f179ca-5159-46f0-936d-7c3a3356a497","key":"72bc8bb7-65f7-48cf-8744-11026e73bf1a","dataSize":"36","ETag":"284d1ef28e4782e6be754777213c5720","uploadID":"0199ee91-9552-7442-9adc-205482b1cf9a-115385574517506373","partNumber":"3","partName":"/98b7752d-37f6-459b-bc2a-a8dcd80ef3a6/47f179ca-5159-46f0-936d-7c3a3356a497/72bc8bb7-65f7-48cf-8744-11026e73bf1a-0199ee91-9552-7442-9adc-205482b1cf9a-115385574517506373-3","Transaction":"1344"} | ret=SUCCESS |  
2025-10-16 19:49:02,585 | INFO  | OMAudit | user=runner | ip=127.0.0.1 | op=COMPLETE_MULTIPART_UPLOAD {"volume":"98b7752d-37f6-459b-bc2a-a8dcd80ef3a6","bucket":"47f179ca-5159-46f0-936d-7c3a3356a497","key":"72bc8bb7-65f7-48cf-8744-11026e73bf1a","dataSize":"0","uploadID":"0199ee91-9552-7442-9adc-205482b1cf9a-115385574517506373","multipartList":"[partNumber: 1 partName: \"5ec9ae7549d12b830c2796d79d95cb39\" eTag: \"5ec9ae7549d12b830c2796d79d95cb39\" , partNumber: 2 partName: \"5ec9ae7549d12b830c2796d79d95cb39\" eTag: \"5ec9ae7549d12b830c2796d79d95cb39\" , partNumber: 3 partName: \"284d1ef28e4782e6be754777213c5720\" eTag: \"284d1ef28e4782e6be754777213c5720\" ]","Transaction":"1345"} | ret=SUCCESS |  
2025-10-16 19:49:02,588 | INFO  | SCMAudit | user=runner | ip=127.0.0.1 | op=GET_CONTAINER_WITH_PIPELINE_BATCH {"containerIDs":"#22,#26,"} | ret=SUCCESS |  
2025-10-16 19:49:02,589 | INFO  | OMAudit | user=runner | ip=127.0.0.1 | op=READ_KEY {"volume":"98b7752d-37f6-459b-bc2a-a8dcd80ef3a6","bucket":"47f179ca-5159-46f0-936d-7c3a3356a497","key":"72bc8bb7-65f7-48cf-8744-11026e73bf1a","owner":null,"dataSize":"0","replicationConfig":null} | ret=SUCCESS |  
2025-10-16 19:49:02,595 [om1-OMDoubleBufferFlushThread] INFO  om.OmSnapshotManager (OmSnapshotManager.java:createOmSnapshotCheckpoint(545)) - Created checkpoint: /home/runner/work/ozone/ozone/hadoop-ozone/integration-test/target/test-dir/MiniOzoneClusterImpl-e7911277-7775-4457-96c8-94071a26a1ce/om/data/db.snapshots/checkpointState/om.db-c3cf2f1c-cb64-4515-9eff-62b6a6e6048a for snapshot /vol-b-85804/buc-a-13854/snapshot-a-6-44500
2025-10-16 19:49:02,636 [om1-OMDoubleBufferFlushThread] INFO  db.RDBCheckpointManager (RDBCheckpointManager.java:createCheckpoint(87)) - Created checkpoint in rocksDB at /home/runner/work/ozone/ozone/hadoop-ozone/integration-test/target/test-dir/MiniOzoneClusterImpl-e7911277-7775-4457-96c8-94071a26a1ce/om/data/db.snapshots/checkpointState/om.db-89ecbd07-548d-474a-8959-b5eccaf2a3de in 40 milliseconds
2025-10-16 19:49:02,641 | INFO  | SCMAudit | user=runner | ip=127.0.0.1 | op=SEND_HEARTBEAT {"datanodeUUID":"0e8b6cc7-9945-4141-97fc-6aa017a0d5fa","term":"2","command":"[]"} | ret=SUCCESS |  
2025-10-16 19:49:02,666 [om1-OMDoubleBufferFlushThread] INFO  om.OmSnapshotManager (OmSnapshotManager.java:createOmSnapshotCheckpoint(545)) - Created checkpoint: /home/runner/work/ozone/ozone/hadoop-ozone/integration-test/target/test-dir/MiniOzoneClusterImpl-e7911277-7775-4457-96c8-94071a26a1ce/om/data/db.snapshots/checkpointState/om.db-89ecbd07-548d-474a-8959-b5eccaf2a3de for snapshot /vol-b-85804/buc-b-43844/snapshot-a-6-35755
2025-10-16 19:49:02,705 | INFO  | SCMAudit | user=runner | ip=127.0.0.1 | op=GET_CONTAINER_WITH_PIPELINE_BATCH {"containerIDs":"#22,#26,"} | ret=SUCCESS |  
2025-10-16 19:49:02,706 | INFO  | OMAudit | user=null | ip= | op=READ_KEY {"volume":"98b7752d-37f6-459b-bc2a-a8dcd80ef3a6","bucket":"47f179ca-5159-46f0-936d-7c3a3356a497","key":"72bc8bb7-65f7-48cf-8744-11026e73bf1a","owner":null,"dataSize":"0","replicationConfig":null} | ret=SUCCESS |  
2025-10-16 19:49:02,708 | INFO  | SCMAudit | user=runner | ip=127.0.0.1 | op=GET_CONTAINER {"containerID":"26"} | ret=SUCCESS |  
2025-10-16 19:49:02,708 | INFO  | SCMAudit | user=runner | ip=127.0.0.1 | op=GET_CONTAINER {"containerID":"26"} | ret=SUCCESS |  
2025-10-16 19:49:02,709 | INFO  | SCMAudit | user=runner | ip=127.0.0.1 | op=GET_CONTAINER {"containerID":"22"} | ret=SUCCESS |  
2025-10-16 19:49:02,718 | INFO  | OMAudit | user=runner | ip=127.0.0.1 | op=INITIATE_MULTIPART_UPLOAD {"volume":"98b7752d-37f6-459b-bc2a-a8dcd80ef3a6","bucket":"47f179ca-5159-46f0-936d-7c3a3356a497","key":"72bc8bb7-65f7-48cf-8744-11026e73bf1a","dataSize":"0","replicationType":"EC","replicationConfig":"rs-3-2-1048576","uploadID":"0199ee91-967d-75b2-b041-d1e903363074-115385574537101641","Transaction":"1346"} | ret=SUCCESS |  
2025-10-16 19:49:02,719 | INFO  | SCMAudit | user=runner | ip=127.0.0.1 | op=SEND_HEARTBEAT {"datanodeUUID":"757ca056-973f-4f05-ab2d-6aff6c54d452","term":"2","command":"[]"} | ret=SUCCESS |  
2025-10-16 19:49:02,723 | INFO  | OMAudit | user=runner | ip=127.0.0.1 | op=ALLOCATE_KEY {"volume":"98b7752d-37f6-459b-bc2a-a8dcd80ef3a6","bucket":"47f179ca-5159-46f0-936d-7c3a3356a497","key":"72bc8bb7-65f7-48cf-8744-11026e73bf1a","dataSize":"5242880","Transaction":"1347"} | ret=SUCCESS |  
2025-10-16 19:49:02,724 [om1-OMDoubleBufferFlushThread] INFO  db.RDBCheckpointManager (RDBCheckpointManager.java:createCheckpoint(87)) - Created checkpoint in rocksDB at /home/runner/work/ozone/ozone/hadoop-ozone/integration-test/target/test-dir/MiniOzoneClusterImpl-e7911277-7775-4457-96c8-94071a26a1ce/om/data/db.snapshots/checkpointState/om.db-946e2308-1cea-4c79-bf45-82fbe9fa8747 in 55 milliseconds
2025-10-16 19:49:02,732 | INFO  | SCMAudit | user=runner | ip=127.0.0.1 | op=ALLOCATE_BLOCK {"replication":"EC{rs-3-2-1024k}","owner":"omServiceIdDefault","size":"4194304","sampleBlocks":"[conID: 23 locID: 115816896921600357]","num":"1","client":"","allocated":"1"} | ret=SUCCESS |  
2025-10-16 19:49:02,735 | INFO  | OMAudit | user=runner | ip=127.0.0.1 | op=ALLOCATE_BLOCK {"volume":"98b7752d-37f6-459b-bc2a-a8dcd80ef3a6","bucket":"47f179ca-5159-46f0-936d-7c3a3356a497","key":"72bc8bb7-65f7-48cf-8744-11026e73bf1a","dataSize":"5242880","replicationType":"EC","replicationConfig":"rs-3-2-1048576","clientID":"115385574537363786","Transaction":"1348"} | ret=SUCCESS |  
2025-10-16 19:49:02,736 | INFO  | SCMAudit | user=runner | ip=127.0.0.1 | op=SEND_HEARTBEAT {"datanodeUUID":"702cb173-5c73-4ecc-b5cd-c7b4a6b66aea","term":"2","command":"[]"} | ret=SUCCESS |  
2025-10-16 19:49:02,751 [om1-OMDoubleBufferFlushThread] INFO  om.OmSnapshotManager (OmSnapshotManager.java:createOmSnapshotCheckpoint(545)) - Created checkpoint: /home/runner/work/ozone/ozone/hadoop-ozone/integration-test/target/test-dir/MiniOzoneClusterImpl-e7911277-7775-4457-96c8-94071a26a1ce/om/data/db.snapshots/checkpointState/om.db-946e2308-1cea-4c79-bf45-82fbe9fa8747 for snapshot /vol-a-85441/buc-a-13854/snapshot-a-7-05871
2025-10-16 19:49:02,776 | INFO  | OMAudit | user=runner | ip=127.0.0.1 | op=COMMIT_MULTIPART_UPLOAD_PARTKEY {"volume":"98b7752d-37f6-459b-bc2a-a8dcd80ef3a6","bucket":"47f179ca-5159-46f0-936d-7c3a3356a497","key":"72bc8bb7-65f7-48cf-8744-11026e73bf1a","dataSize":"5242880","ETag":"79b281060d337b9b2b84ccf390adcf74","uploadID":"0199ee91-967d-75b2-b041-d1e903363074-115385574537101641","partNumber":"1","partName":"/98b7752d-37f6-459b-bc2a-a8dcd80ef3a6/47f179ca-5159-46f0-936d-7c3a3356a497/72bc8bb7-65f7-48cf-8744-11026e73bf1a-0199ee91-967d-75b2-b041-d1e903363074-115385574537101641-1","Transaction":"1349"} | ret=SUCCESS |  
2025-10-16 19:49:02,780 | INFO  | OMAudit | user=runner | ip=127.0.0.1 | op=ALLOCATE_KEY {"volume":"98b7752d-37f6-459b-bc2a-a8dcd80ef3a6","bucket":"47f179ca-5159-46f0-936d-7c3a3356a497","key":"72bc8bb7-65f7-48cf-8744-11026e73bf1a","dataSize":"5242880","Transaction":"1350"} | ret=SUCCESS |  
2025-10-16 19:49:02,791 | INFO  | SCMAudit | user=runner | ip=127.0.0.1 | op=ALLOCATE_BLOCK {"replication":"EC{rs-3-2-1024k}","owner":"omServiceIdDefault","size":"4194304","sampleBlocks":"[conID: 22 locID: 115816896921600358]","num":"1","client":"","allocated":"1"} | ret=SUCCESS |  
2025-10-16 19:49:02,795 | INFO  | OMAudit | user=runner | ip=127.0.0.1 | op=ALLOCATE_BLOCK {"volume":"98b7752d-37f6-459b-bc2a-a8dcd80ef3a6","bucket":"47f179ca-5159-46f0-936d-7c3a3356a497","key":"72bc8bb7-65f7-48cf-8744-11026e73bf1a","dataSize":"5242880","replicationType":"EC","replicationConfig":"rs-3-2-1048576","clientID":"115385574541099339","Transaction":"1351"} | ret=SUCCESS |  
2025-10-16 19:49:02,805 [om1-OMDoubleBufferFlushThread] INFO  db.RDBCheckpointManager (RDBCheckpointManager.java:createCheckpoint(87)) - Created checkpoint in rocksDB at /home/runner/work/ozone/ozone/hadoop-ozone/integration-test/target/test-dir/MiniOzoneClusterImpl-e7911277-7775-4457-96c8-94071a26a1ce/om/data/db.snapshots/checkpointState/om.db-26b68fb4-c578-4318-90d5-8df6a5646684 in 51 milliseconds
2025-10-16 19:49:02,839 | INFO  | OMAudit | user=runner | ip=127.0.0.1 | op=COMMIT_MULTIPART_UPLOAD_PARTKEY {"volume":"98b7752d-37f6-459b-bc2a-a8dcd80ef3a6","bucket":"47f179ca-5159-46f0-936d-7c3a3356a497","key":"72bc8bb7-65f7-48cf-8744-11026e73bf1a","dataSize":"5242880","ETag":"79b281060d337b9b2b84ccf390adcf74","uploadID":"0199ee91-967d-75b2-b041-d1e903363074-115385574537101641","partNumber":"2","partName":"/98b7752d-37f6-459b-bc2a-a8dcd80ef3a6/47f179ca-5159-46f0-936d-7c3a3356a497/72bc8bb7-65f7-48cf-8744-11026e73bf1a-0199ee91-967d-75b2-b041-d1e903363074-115385574537101641-2","Transaction":"1352"} | ret=SUCCESS |  
2025-10-16 19:49:02,843 | INFO  | OMAudit | user=runner | ip=127.0.0.1 | op=ALLOCATE_KEY {"volume":"98b7752d-37f6-459b-bc2a-a8dcd80ef3a6","bucket":"47f179ca-5159-46f0-936d-7c3a3356a497","key":"72bc8bb7-65f7-48cf-8744-11026e73bf1a","dataSize":"36","Transaction":"1353"} | ret=SUCCESS |  
2025-10-16 19:49:02,843 [om1-OMDoubleBufferFlushThread] INFO  om.OmSnapshotManager (OmSnapshotManager.java:createOmSnapshotCheckpoint(545)) - Created checkpoint: /home/runner/work/ozone/ozone/hadoop-ozone/integration-test/target/test-dir/MiniOzoneClusterImpl-e7911277-7775-4457-96c8-94071a26a1ce/om/data/db.snapshots/checkpointState/om.db-26b68fb4-c578-4318-90d5-8df6a5646684 for snapshot /vol-a-85441/buc-b-43844/snapshot-a-7-13206
2025-10-16 19:49:02,846 | INFO  | SCMAudit | user=runner | ip=127.0.0.1 | op=ALLOCATE_BLOCK {"replication":"EC{rs-3-2-1024k}","owner":"omServiceIdDefault","size":"4194304","sampleBlocks":"[conID: 26 locID: 115816896921600359]","num":"1","client":"","allocated":"1"} | ret=SUCCESS |  
2025-10-16 19:49:02,849 | INFO  | OMAudit | user=runner | ip=127.0.0.1 | op=ALLOCATE_BLOCK {"volume":"98b7752d-37f6-459b-bc2a-a8dcd80ef3a6","bucket":"47f179ca-5159-46f0-936d-7c3a3356a497","key":"72bc8bb7-65f7-48cf-8744-11026e73bf1a","dataSize":"36","replicationType":"EC","replicationConfig":"rs-3-2-1048576","clientID":"115385574545228108","Transaction":"1354"} | ret=SUCCESS |  
2025-10-16 19:49:02,861 | INFO  | OMAudit | user=runner | ip=127.0.0.1 | op=COMMIT_MULTIPART_UPLOAD_PARTKEY {"volume":"98b7752d-37f6-459b-bc2a-a8dcd80ef3a6","bucket":"47f179ca-5159-46f0-936d-7c3a3356a497","key":"72bc8bb7-65f7-48cf-8744-11026e73bf1a","dataSize":"36","ETag":"87d4c8c25607fdc3303d5e4a87961858","uploadID":"0199ee91-967d-75b2-b041-d1e903363074-115385574537101641","partNumber":"3","partName":"/98b7752d-37f6-459b-bc2a-a8dcd80ef3a6/47f179ca-5159-46f0-936d-7c3a3356a497/72bc8bb7-65f7-48cf-8744-11026e73bf1a-0199ee91-967d-75b2-b041-d1e903363074-115385574537101641-3","Transaction":"1355"} | ret=SUCCESS |  
2025-10-16 19:49:02,864 | INFO  | OMAudit | user=runner | ip=127.0.0.1 | op=COMPLETE_MULTIPART_UPLOAD {"volume":"98b7752d-37f6-459b-bc2a-a8dcd80ef3a6","bucket":"47f179ca-5159-46f0-936d-7c3a3356a497","key":"72bc8bb7-65f7-48cf-8744-11026e73bf1a","dataSize":"0","uploadID":"0199ee91-967d-75b2-b041-d1e903363074-115385574537101641","multipartList":"[partNumber: 1 partName: \"79b281060d337b9b2b84ccf390adcf74\" eTag: \"79b281060d337b9b2b84ccf390adcf74\" , partNumber: 2 partName: \"79b281060d337b9b2b84ccf390adcf74\" eTag: \"79b281060d337b9b2b84ccf390adcf74\" , partNumber: 3 partName: \"87d4c8c25607fdc3303d5e4a87961858\" eTag: \"87d4c8c25607fdc3303d5e4a87961858\" ]","Transaction":"1356"} | ret=SUCCESS |  
2025-10-16 19:49:02,869 | INFO  | SCMAudit | user=runner | ip=127.0.0.1 | op=GET_CONTAINER_WITH_PIPELINE_BATCH {"containerIDs":"#23,"} | ret=SUCCESS |  
2025-10-16 19:49:02,871 | INFO  | OMAudit | user=runner | ip=127.0.0.1 | op=READ_KEY {"volume":"98b7752d-37f6-459b-bc2a-a8dcd80ef3a6","bucket":"47f179ca-5159-46f0-936d-7c3a3356a497","key":"72bc8bb7-65f7-48cf-8744-11026e73bf1a","owner":null,"dataSize":"0","replicationConfig":null} | ret=SUCCESS |  
2025-10-16 19:49:02,885 [om1-OMDoubleBufferFlushThread] INFO  db.RDBCheckpointManager (RDBCheckpointManager.java:createCheckpoint(87)) - Created checkpoint in rocksDB at /home/runner/work/ozone/ozone/hadoop-ozone/integration-test/target/test-dir/MiniOzoneClusterImpl-e7911277-7775-4457-96c8-94071a26a1ce/om/data/db.snapshots/checkpointState/om.db-d623bc5e-10a8-4989-a76b-5ea71f0578bc in 40 milliseconds
2025-10-16 19:49:02,917 [om1-OMDoubleBufferFlushThread] INFO  om.OmSnapshotManager (OmSnapshotManager.java:createOmSnapshotCheckpoint(545)) - Created checkpoint: /home/runner/work/ozone/ozone/hadoop-ozone/integration-test/target/test-dir/MiniOzoneClusterImpl-e7911277-7775-4457-96c8-94071a26a1ce/om/data/db.snapshots/checkpointState/om.db-d623bc5e-10a8-4989-a76b-5ea71f0578bc for snapshot /vol-b-85804/buc-a-13854/snapshot-a-7-34819
2025-10-16 19:49:02,922 | INFO  | SCMAudit | user=runner | ip=127.0.0.1 | op=SEND_HEARTBEAT {"datanodeUUID":"f700af26-0e26-4136-9205-9509c82c8c70","term":"2","command":"[]"} | ret=SUCCESS |  
2025-10-16 19:49:02,952 | INFO  | SCMAudit | user=runner | ip=127.0.0.1 | op=GET_CONTAINER_WITH_PIPELINE_BATCH {"containerIDs":"#22,#23,#26,"} | ret=SUCCESS |  
2025-10-16 19:49:02,954 | INFO  | OMAudit | user=null | ip= | op=READ_KEY {"volume":"98b7752d-37f6-459b-bc2a-a8dcd80ef3a6","bucket":"47f179ca-5159-46f0-936d-7c3a3356a497","key":"72bc8bb7-65f7-48cf-8744-11026e73bf1a","owner":null,"dataSize":"0","replicationConfig":null} | ret=SUCCESS |  
2025-10-16 19:49:02,955 | INFO  | SCMAudit | user=runner | ip=127.0.0.1 | op=GET_CONTAINER {"containerID":"23"} | ret=SUCCESS |  
2025-10-16 19:49:02,956 | INFO  | SCMAudit | user=runner | ip=127.0.0.1 | op=GET_CONTAINER {"containerID":"22"} | ret=SUCCESS |  
2025-10-16 19:49:02,957 | INFO  | SCMAudit | user=runner | ip=127.0.0.1 | op=GET_CONTAINER {"containerID":"26"} | ret=SUCCESS |  
2025-10-16 19:49:02,967 [om1-OMDoubleBufferFlushThread] INFO  db.RDBCheckpointManager (RDBCheckpointManager.java:createCheckpoint(87)) - Created checkpoint in rocksDB at /home/runner/work/ozone/ozone/hadoop-ozone/integration-test/target/test-dir/MiniOzoneClusterImpl-e7911277-7775-4457-96c8-94071a26a1ce/om/data/db.snapshots/checkpointState/om.db-0d47e0f2-d36a-4488-a574-f1c23f698d05 in 48 milliseconds
]]></system-out>
  </testcase>
  <testcase name="testMultipartUploadOwner" classname="org.apache.hadoop.ozone.client.rpc.TestSecureOzoneRpcClient" time="0.715">
    <system-out><![CDATA[2025-10-16 19:49:02,969 [ForkJoinPool-1-worker-1] INFO  rpc.RpcClient (RpcClient.java:createVolume(461)) - Creating Volume: 4d7c144f-d84b-4378-85af-46807f5c1742, with runner as owner and space quota set to -1 bytes, counts quota set to -1
2025-10-16 19:49:02,971 [om1-OMStateMachineApplyTransactionThread - 0] INFO  volume.OMVolumeCreateRequest (OMVolumeCreateRequest.java:validateAndUpdateCache(213)) - created volume:4d7c144f-d84b-4378-85af-46807f5c1742 for user:runner
2025-10-16 19:49:02,971 | INFO  | OMAudit | user=runner | ip=127.0.0.1 | op=CREATE_VOLUME {"admin":"runner","owner":"runner","volume":"4d7c144f-d84b-4378-85af-46807f5c1742","creationTime":"1760644142970","modificationTime":"1760644142970","quotaInBytes":"-1","quotaInNamespace":"-1","usedNamespace":"0","objectID":"-9223372036854428416","updateID":"1357","Transaction":"1357"} | ret=SUCCESS |  
2025-10-16 19:49:02,973 | INFO  | OMAudit | user=runner | ip=127.0.0.1 | op=READ_VOLUME {"volume":"4d7c144f-d84b-4378-85af-46807f5c1742"} | ret=SUCCESS |  
2025-10-16 19:49:02,974 [ForkJoinPool-1-worker-1] INFO  rpc.RpcClient (RpcClient.java:createBucket(686)) - Creating Bucket: 4d7c144f-d84b-4378-85af-46807f5c1742/6d1f5e2c-4ed1-4106-82c0-eb91e92ae194, with server-side default bucket layout, runner as owner, Versioning false, Storage Type set to DISK and Encryption set to false, Replication Type set to server-side default replication type, Namespace Quota set to -1, Space Quota set to -1 
2025-10-16 19:49:02,975 [om1-OMStateMachineApplyTransactionThread - 0] INFO  bucket.OMBucketCreateRequest (OMBucketCreateRequest.java:validateAndUpdateCache(303)) - created bucket: 6d1f5e2c-4ed1-4106-82c0-eb91e92ae194 of layout FILE_SYSTEM_OPTIMIZED in volume: 4d7c144f-d84b-4378-85af-46807f5c1742
2025-10-16 19:49:02,975 | INFO  | OMAudit | user=runner | ip=127.0.0.1 | op=CREATE_BUCKET {"volume":"4d7c144f-d84b-4378-85af-46807f5c1742","bucket":"6d1f5e2c-4ed1-4106-82c0-eb91e92ae194","bucketLayout":"FILE_SYSTEM_OPTIMIZED","gdprEnabled":null,"acls":"[user:runner:a[ACCESS], group:runner:rl[ACCESS]]","isVersionEnabled":"false","storageType":"DISK","creationTime":"1760644142974","bucketEncryptionKey":null,"modificationTime":"1760644142974","usedBytes":"0","usedNamespace":"0","snapshotUsedBytes":"0","snapshotUsedNamespace":"0","owner":"runner","replicationType":null,"replicationConfig":null,"quotaInBytes":"-1","quotaInNamespace":"-1","Transaction":"1358"} | ret=SUCCESS |  
2025-10-16 19:49:02,977 | INFO  | OMAudit | user=runner | ip=127.0.0.1 | op=ADD_ACL {"resourceType":"volume","storageType":"ozone","volume":"4d7c144f-d84b-4378-85af-46807f5c1742","bucket":null,"key":null,"acl":"[user:user1:a[ACCESS]]","Transaction":"1359"} | ret=SUCCESS |  
2025-10-16 19:49:02,980 | INFO  | OMAudit | user=runner | ip=127.0.0.1 | op=ADD_ACL {"resourceType":"volume","storageType":"ozone","volume":"4d7c144f-d84b-4378-85af-46807f5c1742","bucket":null,"key":null,"acl":"[user:awsUser1:a[ACCESS]]","Transaction":"1360"} | ret=SUCCESS |  
2025-10-16 19:49:02,982 | INFO  | OMAudit | user=runner | ip=127.0.0.1 | op=ADD_ACL {"resourceType":"bucket","storageType":"ozone","volume":"4d7c144f-d84b-4378-85af-46807f5c1742","bucket":"6d1f5e2c-4ed1-4106-82c0-eb91e92ae194","key":null,"acl":"[user:user1:a[ACCESS]]","Transaction":"1361"} | ret=SUCCESS |  
2025-10-16 19:49:02,984 | INFO  | OMAudit | user=runner | ip=127.0.0.1 | op=ADD_ACL {"resourceType":"bucket","storageType":"ozone","volume":"4d7c144f-d84b-4378-85af-46807f5c1742","bucket":"6d1f5e2c-4ed1-4106-82c0-eb91e92ae194","key":null,"acl":"[user:awsUser1:a[ACCESS]]","Transaction":"1362"} | ret=SUCCESS |  
2025-10-16 19:49:02,988 | INFO  | OMAudit | user=user1 | ip=127.0.0.1 | op=GET_SERVICE_LIST {} | ret=SUCCESS |  
2025-10-16 19:49:02,991 | INFO  | OMAudit | user=user1 | ip=127.0.0.1 | op=READ_VOLUME {"volume":"4d7c144f-d84b-4378-85af-46807f5c1742"} | ret=SUCCESS |  
2025-10-16 19:49:02,992 | INFO  | OMAudit | user=user1 | ip=127.0.0.1 | op=READ_BUCKET {"volume":"4d7c144f-d84b-4378-85af-46807f5c1742","bucket":"6d1f5e2c-4ed1-4106-82c0-eb91e92ae194"} | ret=SUCCESS |  
2025-10-16 19:49:02,994 | INFO  | OMAudit | user=user1 | ip=127.0.0.1 | op=INITIATE_MULTIPART_UPLOAD {"volume":"4d7c144f-d84b-4378-85af-46807f5c1742","bucket":"6d1f5e2c-4ed1-4106-82c0-eb91e92ae194","key":"0bcefdf3-ddd9-45a4-b71a-dd978a9ef853","dataSize":"0","replicationType":"RATIS","replicationFactor":"THREE","uploadID":"0199ee91-9791-75af-ba2e-389677dad49f-115385574555189581","Transaction":"1363"} | ret=SUCCESS |  
2025-10-16 19:49:02,995 [om1-OMDoubleBufferFlushThread] INFO  om.OmSnapshotManager (OmSnapshotManager.java:createOmSnapshotCheckpoint(545)) - Created checkpoint: /home/runner/work/ozone/ozone/hadoop-ozone/integration-test/target/test-dir/MiniOzoneClusterImpl-e7911277-7775-4457-96c8-94071a26a1ce/om/data/db.snapshots/checkpointState/om.db-0d47e0f2-d36a-4488-a574-f1c23f698d05 for snapshot /vol-b-85804/buc-b-43844/snapshot-a-7-58247
2025-10-16 19:49:02,999 | INFO  | OMAudit | user=user1 | ip=127.0.0.1 | op=ALLOCATE_KEY {"volume":"4d7c144f-d84b-4378-85af-46807f5c1742","bucket":"6d1f5e2c-4ed1-4106-82c0-eb91e92ae194","key":"0bcefdf3-ddd9-45a4-b71a-dd978a9ef853","dataSize":"5242880","Transaction":"1364"} | ret=SUCCESS |  
2025-10-16 19:49:03,001 | INFO  | SCMAudit | user=runner | ip=127.0.0.1 | op=ALLOCATE_BLOCK {"replication":"RATIS/THREE","owner":"omServiceIdDefault","size":"4194304","sampleBlocks":"[conID: 18 locID: 115816896921600360]","num":"1","client":"","allocated":"1"} | ret=SUCCESS |  
2025-10-16 19:49:03,004 | INFO  | OMAudit | user=user1 | ip=127.0.0.1 | op=ALLOCATE_BLOCK {"volume":"4d7c144f-d84b-4378-85af-46807f5c1742","bucket":"6d1f5e2c-4ed1-4106-82c0-eb91e92ae194","key":"0bcefdf3-ddd9-45a4-b71a-dd978a9ef853","dataSize":"5242880","replicationType":"RATIS","replicationFactor":"THREE","clientID":"115385574555451726","Transaction":"1365"} | ret=SUCCESS |  
2025-10-16 19:49:03,048 [om1-OMDoubleBufferFlushThread] INFO  db.RDBCheckpointManager (RDBCheckpointManager.java:createCheckpoint(87)) - Created checkpoint in rocksDB at /home/runner/work/ozone/ozone/hadoop-ozone/integration-test/target/test-dir/MiniOzoneClusterImpl-e7911277-7775-4457-96c8-94071a26a1ce/om/data/db.snapshots/checkpointState/om.db-5be6947e-865d-4e26-9af2-127eab1daed4 in 51 milliseconds
2025-10-16 19:49:03,056 | INFO  | SCMAudit | user=runner | ip=127.0.0.1 | op=ALLOCATE_BLOCK {"replication":"RATIS/THREE","owner":"omServiceIdDefault","size":"4194304","sampleBlocks":"[conID: 17 locID: 115816896921600361]","num":"1","client":"","allocated":"1"} | ret=SUCCESS |  
2025-10-16 19:49:03,061 | INFO  | OMAudit | user=user1 | ip=127.0.0.1 | op=ALLOCATE_BLOCK {"volume":"4d7c144f-d84b-4378-85af-46807f5c1742","bucket":"6d1f5e2c-4ed1-4106-82c0-eb91e92ae194","key":"0bcefdf3-ddd9-45a4-b71a-dd978a9ef853","dataSize":"5242880","replicationType":"RATIS","replicationFactor":"THREE","clientID":"115385574555451726","Transaction":"1366"} | ret=SUCCESS |  
2025-10-16 19:49:03,093 | INFO  | OMAudit | user=user1 | ip=127.0.0.1 | op=COMMIT_MULTIPART_UPLOAD_PARTKEY {"volume":"4d7c144f-d84b-4378-85af-46807f5c1742","bucket":"6d1f5e2c-4ed1-4106-82c0-eb91e92ae194","key":"0bcefdf3-ddd9-45a4-b71a-dd978a9ef853","dataSize":"5242880","ETag":"5ec9ae7549d12b830c2796d79d95cb39","uploadID":"0199ee91-9791-75af-ba2e-389677dad49f-115385574555189581","partNumber":"1","partName":"/4d7c144f-d84b-4378-85af-46807f5c1742/6d1f5e2c-4ed1-4106-82c0-eb91e92ae194/0bcefdf3-ddd9-45a4-b71a-dd978a9ef853-0199ee91-9791-75af-ba2e-389677dad49f-115385574555189581-1","Transaction":"1367"} | ret=SUCCESS |  
2025-10-16 19:49:03,093 [om1-OMDoubleBufferFlushThread] INFO  om.OmSnapshotManager (OmSnapshotManager.java:createOmSnapshotCheckpoint(545)) - Created checkpoint: /home/runner/work/ozone/ozone/hadoop-ozone/integration-test/target/test-dir/MiniOzoneClusterImpl-e7911277-7775-4457-96c8-94071a26a1ce/om/data/db.snapshots/checkpointState/om.db-5be6947e-865d-4e26-9af2-127eab1daed4 for snapshot /vol-a-85441/buc-a-13854/snapshot-a-8-63718
2025-10-16 19:49:03,096 | INFO  | OMAudit | user=user1 | ip=127.0.0.1 | op=ALLOCATE_KEY {"volume":"4d7c144f-d84b-4378-85af-46807f5c1742","bucket":"6d1f5e2c-4ed1-4106-82c0-eb91e92ae194","key":"0bcefdf3-ddd9-45a4-b71a-dd978a9ef853","dataSize":"5242880","Transaction":"1368"} | ret=SUCCESS |  
2025-10-16 19:49:03,098 | INFO  | SCMAudit | user=runner | ip=127.0.0.1 | op=ALLOCATE_BLOCK {"replication":"RATIS/THREE","owner":"omServiceIdDefault","size":"4194304","sampleBlocks":"[conID: 19 locID: 115816896921600362]","num":"1","client":"","allocated":"1"} | ret=SUCCESS |  
2025-10-16 19:49:03,101 | INFO  | OMAudit | user=user1 | ip=127.0.0.1 | op=ALLOCATE_BLOCK {"volume":"4d7c144f-d84b-4378-85af-46807f5c1742","bucket":"6d1f5e2c-4ed1-4106-82c0-eb91e92ae194","key":"0bcefdf3-ddd9-45a4-b71a-dd978a9ef853","dataSize":"5242880","replicationType":"RATIS","replicationFactor":"THREE","clientID":"115385574561874255","Transaction":"1369"} | ret=SUCCESS |  
2025-10-16 19:49:03,118 | INFO  | SCMAudit | user=runner | ip=127.0.0.1 | op=SEND_HEARTBEAT {"datanodeUUID":"c0724e9c-0dd4-4d47-992c-7bfe285fdd38","term":"2","command":"[]"} | ret=SUCCESS |  
2025-10-16 19:49:03,119 | INFO  | SCMAudit | user=runner | ip=127.0.0.1 | op=SEND_HEARTBEAT {"datanodeUUID":"e33e6ec4-6b66-4281-bedd-2bd75bd30070","term":"2","command":"[]"} | ret=SUCCESS |  
2025-10-16 19:49:03,124 | INFO  | SCMAudit | user=runner | ip=127.0.0.1 | op=SEND_HEARTBEAT {"datanodeUUID":"8a3c3252-9afe-4d3a-8492-25be6557678a","term":"2","command":"[]"} | ret=SUCCESS |  
2025-10-16 19:49:03,125 | INFO  | SCMAudit | user=runner | ip=127.0.0.1 | op=SEND_HEARTBEAT {"datanodeUUID":"8a0fa2ff-b550-4652-b2fe-0cf91cd4a157","term":"2","command":"[]"} | ret=SUCCESS |  
2025-10-16 19:49:03,126 | INFO  | SCMAudit | user=runner | ip=127.0.0.1 | op=SEND_HEARTBEAT {"datanodeUUID":"aa213937-adc5-47da-a770-0ee1e4664344","term":"2","command":"[]"} | ret=SUCCESS |  
2025-10-16 19:49:03,129 | INFO  | SCMAudit | user=runner | ip=127.0.0.1 | op=SEND_HEARTBEAT {"datanodeUUID":"58cff6b7-b2a7-446b-a75a-bb98ad6b11b8","term":"2","command":"[]"} | ret=SUCCESS |  
2025-10-16 19:49:03,137 | INFO  | SCMAudit | user=runner | ip=127.0.0.1 | op=SEND_HEARTBEAT {"datanodeUUID":"0428ab3f-efd5-438e-ae11-9ec242443260","term":"2","command":"[]"} | ret=SUCCESS |  
2025-10-16 19:49:03,138 | INFO  | SCMAudit | user=runner | ip=127.0.0.1 | op=SEND_HEARTBEAT {"datanodeUUID":"e072d245-7694-4d97-8e20-c503ebf8c2fe","term":"2","command":"[]"} | ret=SUCCESS |  
2025-10-16 19:49:03,158 | INFO  | SCMAudit | user=runner | ip=127.0.0.1 | op=ALLOCATE_BLOCK {"replication":"RATIS/THREE","owner":"omServiceIdDefault","size":"4194304","sampleBlocks":"[conID: 19 locID: 115816896921600363]","num":"1","client":"","allocated":"1"} | ret=SUCCESS |  
2025-10-16 19:49:03,160 [om1-OMDoubleBufferFlushThread] INFO  db.RDBCheckpointManager (RDBCheckpointManager.java:createCheckpoint(87)) - Created checkpoint in rocksDB at /home/runner/work/ozone/ozone/hadoop-ozone/integration-test/target/test-dir/MiniOzoneClusterImpl-e7911277-7775-4457-96c8-94071a26a1ce/om/data/db.snapshots/checkpointState/om.db-2d8e0317-c538-4238-9e94-854347927a85 in 65 milliseconds
2025-10-16 19:49:03,164 | INFO  | OMAudit | user=user1 | ip=127.0.0.1 | op=ALLOCATE_BLOCK {"volume":"4d7c144f-d84b-4378-85af-46807f5c1742","bucket":"6d1f5e2c-4ed1-4106-82c0-eb91e92ae194","key":"0bcefdf3-ddd9-45a4-b71a-dd978a9ef853","dataSize":"5242880","replicationType":"RATIS","replicationFactor":"THREE","clientID":"115385574561874255","Transaction":"1370"} | ret=SUCCESS |  
2025-10-16 19:49:03,188 | INFO  | OMAudit | user=user1 | ip=127.0.0.1 | op=COMMIT_MULTIPART_UPLOAD_PARTKEY {"volume":"4d7c144f-d84b-4378-85af-46807f5c1742","bucket":"6d1f5e2c-4ed1-4106-82c0-eb91e92ae194","key":"0bcefdf3-ddd9-45a4-b71a-dd978a9ef853","dataSize":"5242880","ETag":"5ec9ae7549d12b830c2796d79d95cb39","uploadID":"0199ee91-9791-75af-ba2e-389677dad49f-115385574555189581","partNumber":"2","partName":"/4d7c144f-d84b-4378-85af-46807f5c1742/6d1f5e2c-4ed1-4106-82c0-eb91e92ae194/0bcefdf3-ddd9-45a4-b71a-dd978a9ef853-0199ee91-9791-75af-ba2e-389677dad49f-115385574555189581-2","Transaction":"1371"} | ret=SUCCESS |  
2025-10-16 19:49:03,194 | INFO  | OMAudit | user=user1 | ip=127.0.0.1 | op=ALLOCATE_KEY {"volume":"4d7c144f-d84b-4378-85af-46807f5c1742","bucket":"6d1f5e2c-4ed1-4106-82c0-eb91e92ae194","key":"0bcefdf3-ddd9-45a4-b71a-dd978a9ef853","dataSize":"36","Transaction":"1372"} | ret=SUCCESS |  
2025-10-16 19:49:03,196 | INFO  | SCMAudit | user=runner | ip=127.0.0.1 | op=ALLOCATE_BLOCK {"replication":"RATIS/THREE","owner":"omServiceIdDefault","size":"4194304","sampleBlocks":"[conID: 17 locID: 115816896921600364]","num":"1","client":"","allocated":"1"} | ret=SUCCESS |  
2025-10-16 19:49:03,198 | INFO  | OMAudit | user=user1 | ip=127.0.0.1 | op=ALLOCATE_BLOCK {"volume":"4d7c144f-d84b-4378-85af-46807f5c1742","bucket":"6d1f5e2c-4ed1-4106-82c0-eb91e92ae194","key":"0bcefdf3-ddd9-45a4-b71a-dd978a9ef853","dataSize":"36","replicationType":"RATIS","replicationFactor":"THREE","clientID":"115385574568100176","Transaction":"1373"} | ret=SUCCESS |  
2025-10-16 19:49:03,199 [om1-OMDoubleBufferFlushThread] INFO  om.OmSnapshotManager (OmSnapshotManager.java:createOmSnapshotCheckpoint(545)) - Created checkpoint: /home/runner/work/ozone/ozone/hadoop-ozone/integration-test/target/test-dir/MiniOzoneClusterImpl-e7911277-7775-4457-96c8-94071a26a1ce/om/data/db.snapshots/checkpointState/om.db-2d8e0317-c538-4238-9e94-854347927a85 for snapshot /vol-a-85441/buc-b-43844/snapshot-a-8-83799
2025-10-16 19:49:03,210 | INFO  | OMAudit | user=user1 | ip=127.0.0.1 | op=COMMIT_MULTIPART_UPLOAD_PARTKEY {"volume":"4d7c144f-d84b-4378-85af-46807f5c1742","bucket":"6d1f5e2c-4ed1-4106-82c0-eb91e92ae194","key":"0bcefdf3-ddd9-45a4-b71a-dd978a9ef853","dataSize":"36","ETag":"40f2c575d9ac71968f68b619b525c994","uploadID":"0199ee91-9791-75af-ba2e-389677dad49f-115385574555189581","partNumber":"3","partName":"/4d7c144f-d84b-4378-85af-46807f5c1742/6d1f5e2c-4ed1-4106-82c0-eb91e92ae194/0bcefdf3-ddd9-45a4-b71a-dd978a9ef853-0199ee91-9791-75af-ba2e-389677dad49f-115385574555189581-3","Transaction":"1374"} | ret=SUCCESS |  
2025-10-16 19:49:03,214 | INFO  | OMAudit | user=user1 | ip=127.0.0.1 | op=COMPLETE_MULTIPART_UPLOAD {"volume":"4d7c144f-d84b-4378-85af-46807f5c1742","bucket":"6d1f5e2c-4ed1-4106-82c0-eb91e92ae194","key":"0bcefdf3-ddd9-45a4-b71a-dd978a9ef853","dataSize":"0","uploadID":"0199ee91-9791-75af-ba2e-389677dad49f-115385574555189581","multipartList":"[partNumber: 1 partName: \"5ec9ae7549d12b830c2796d79d95cb39\" eTag: \"5ec9ae7549d12b830c2796d79d95cb39\" , partNumber: 2 partName: \"5ec9ae7549d12b830c2796d79d95cb39\" eTag: \"5ec9ae7549d12b830c2796d79d95cb39\" , partNumber: 3 partName: \"40f2c575d9ac71968f68b619b525c994\" eTag: \"40f2c575d9ac71968f68b619b525c994\" ]","Transaction":"1375"} | ret=SUCCESS |  
2025-10-16 19:49:03,220 | INFO  | SCMAudit | user=runner | ip=127.0.0.1 | op=GET_CONTAINER_WITH_PIPELINE_BATCH {"containerIDs":"#17,"} | ret=SUCCESS |  
2025-10-16 19:49:03,221 | INFO  | OMAudit | user=user1 | ip=127.0.0.1 | op=READ_KEY {"volume":"4d7c144f-d84b-4378-85af-46807f5c1742","bucket":"6d1f5e2c-4ed1-4106-82c0-eb91e92ae194","key":"0bcefdf3-ddd9-45a4-b71a-dd978a9ef853","owner":null,"dataSize":"0","replicationConfig":null} | ret=SUCCESS |  
2025-10-16 19:49:03,249 [om1-OMDoubleBufferFlushThread] INFO  db.RDBCheckpointManager (RDBCheckpointManager.java:createCheckpoint(87)) - Created checkpoint in rocksDB at /home/runner/work/ozone/ozone/hadoop-ozone/integration-test/target/test-dir/MiniOzoneClusterImpl-e7911277-7775-4457-96c8-94071a26a1ce/om/data/db.snapshots/checkpointState/om.db-f04c33b1-57aa-4521-a870-45d90790a4ea in 47 milliseconds
2025-10-16 19:49:03,276 [om1-OMDoubleBufferFlushThread] INFO  om.OmSnapshotManager (OmSnapshotManager.java:createOmSnapshotCheckpoint(545)) - Created checkpoint: /home/runner/work/ozone/ozone/hadoop-ozone/integration-test/target/test-dir/MiniOzoneClusterImpl-e7911277-7775-4457-96c8-94071a26a1ce/om/data/db.snapshots/checkpointState/om.db-f04c33b1-57aa-4521-a870-45d90790a4ea for snapshot /vol-b-85804/buc-a-13854/snapshot-a-8-21109
2025-10-16 19:49:03,291 | INFO  | SCMAudit | user=runner | ip=127.0.0.1 | op=GET_CONTAINER_WITH_PIPELINE_BATCH {"containerIDs":"#17,#18,#19,"} | ret=SUCCESS |  
2025-10-16 19:49:03,293 | INFO  | OMAudit | user=null | ip= | op=READ_KEY {"volume":"4d7c144f-d84b-4378-85af-46807f5c1742","bucket":"6d1f5e2c-4ed1-4106-82c0-eb91e92ae194","key":"0bcefdf3-ddd9-45a4-b71a-dd978a9ef853","owner":null,"dataSize":"0","replicationConfig":null} | ret=SUCCESS |  
2025-10-16 19:49:03,294 | INFO  | SCMAudit | user=runner | ip=127.0.0.1 | op=GET_CONTAINER {"containerID":"18"} | ret=SUCCESS |  
2025-10-16 19:49:03,295 | INFO  | SCMAudit | user=runner | ip=127.0.0.1 | op=GET_CONTAINER {"containerID":"17"} | ret=SUCCESS |  
2025-10-16 19:49:03,296 | INFO  | SCMAudit | user=runner | ip=127.0.0.1 | op=GET_CONTAINER {"containerID":"19"} | ret=SUCCESS |  
2025-10-16 19:49:03,296 | INFO  | SCMAudit | user=runner | ip=127.0.0.1 | op=GET_CONTAINER {"containerID":"19"} | ret=SUCCESS |  
2025-10-16 19:49:03,297 | INFO  | SCMAudit | user=runner | ip=127.0.0.1 | op=GET_CONTAINER {"containerID":"17"} | ret=SUCCESS |  
2025-10-16 19:49:03,309 | INFO  | OMAudit | user=user1 | ip=127.0.0.1 | op=READ_KEY {"volume":"4d7c144f-d84b-4378-85af-46807f5c1742","bucket":"6d1f5e2c-4ed1-4106-82c0-eb91e92ae194","key":"0bcefdf3-ddd9-45a4-b71a-dd978a9ef853","owner":null,"dataSize":"0","replicationConfig":null} | ret=SUCCESS |  
2025-10-16 19:49:03,310 | INFO  | SCMAudit | user=runner | ip=127.0.0.1 | op=SEND_HEARTBEAT {"datanodeUUID":"76d4ba71-5bbb-4b24-8f51-8bc7f78aaca4","term":"2","command":"[]"} | ret=SUCCESS |  
2025-10-16 19:49:03,312 | INFO  | SCMAudit | user=runner | ip=127.0.0.1 | op=SEND_HEARTBEAT {"datanodeUUID":"764b18f0-81c5-439a-9fff-25adc4f241fa","term":"2","command":"[]"} | ret=SUCCESS |  
2025-10-16 19:49:03,312 [ForkJoinPool-1-worker-1] INFO  om.S3SecretManager (S3SecretManager.java:updateCache(103)) - Updating cache for accessId/user: awsUser1.
2025-10-16 19:49:03,315 | INFO  | OMAudit | user=user1 | ip=127.0.0.1 | op=GET_SERVICE_LIST {} | ret=SUCCESS |  
2025-10-16 19:49:03,323 [om1-OMDoubleBufferFlushThread] INFO  db.RDBCheckpointManager (RDBCheckpointManager.java:createCheckpoint(87)) - Created checkpoint in rocksDB at /home/runner/work/ozone/ozone/hadoop-ozone/integration-test/target/test-dir/MiniOzoneClusterImpl-e7911277-7775-4457-96c8-94071a26a1ce/om/data/db.snapshots/checkpointState/om.db-40133e17-c520-486d-a5df-bd16bfccb145 in 45 milliseconds
2025-10-16 19:49:03,330 | INFO  | OMAudit | user=user1 | ip=127.0.0.1 | op=READ_VOLUME {"volume":"4d7c144f-d84b-4378-85af-46807f5c1742"} | ret=SUCCESS |  
2025-10-16 19:49:03,332 | INFO  | OMAudit | user=user1 | ip=127.0.0.1 | op=READ_BUCKET {"volume":"4d7c144f-d84b-4378-85af-46807f5c1742","bucket":"6d1f5e2c-4ed1-4106-82c0-eb91e92ae194"} | ret=SUCCESS |  
2025-10-16 19:49:03,335 | INFO  | OMAudit | user=awsUser1 | ip=127.0.0.1 | op=INITIATE_MULTIPART_UPLOAD {"volume":"4d7c144f-d84b-4378-85af-46807f5c1742","bucket":"6d1f5e2c-4ed1-4106-82c0-eb91e92ae194","key":"f750acfc-6a58-4ace-bb2f-005601c569f9","dataSize":"0","replicationType":"RATIS","replicationFactor":"THREE","uploadID":"0199ee91-98e6-733b-a222-9a8135064e15-115385574577537361","Transaction":"1376"} | ret=SUCCESS |  
2025-10-16 19:49:03,342 | INFO  | OMAudit | user=awsUser1 | ip=127.0.0.1 | op=ALLOCATE_KEY {"volume":"4d7c144f-d84b-4378-85af-46807f5c1742","bucket":"6d1f5e2c-4ed1-4106-82c0-eb91e92ae194","key":"f750acfc-6a58-4ace-bb2f-005601c569f9","dataSize":"5242880","Transaction":"1377"} | ret=SUCCESS |  
2025-10-16 19:49:03,345 | INFO  | SCMAudit | user=runner | ip=127.0.0.1 | op=ALLOCATE_BLOCK {"replication":"RATIS/THREE","owner":"omServiceIdDefault","size":"4194304","sampleBlocks":"[conID: 19 locID: 115816896921600365]","num":"1","client":"","allocated":"1"} | ret=SUCCESS |  
2025-10-16 19:49:03,347 | INFO  | OMAudit | user=awsUser1 | ip=127.0.0.1 | op=ALLOCATE_BLOCK {"volume":"4d7c144f-d84b-4378-85af-46807f5c1742","bucket":"6d1f5e2c-4ed1-4106-82c0-eb91e92ae194","key":"f750acfc-6a58-4ace-bb2f-005601c569f9","dataSize":"5242880","replicationType":"RATIS","replicationFactor":"THREE","clientID":"115385574577865042","Transaction":"1378"} | ret=SUCCESS |  
2025-10-16 19:49:03,351 [om1-OMDoubleBufferFlushThread] INFO  om.OmSnapshotManager (OmSnapshotManager.java:createOmSnapshotCheckpoint(545)) - Created checkpoint: /home/runner/work/ozone/ozone/hadoop-ozone/integration-test/target/test-dir/MiniOzoneClusterImpl-e7911277-7775-4457-96c8-94071a26a1ce/om/data/db.snapshots/checkpointState/om.db-40133e17-c520-486d-a5df-bd16bfccb145 for snapshot /vol-b-85804/buc-b-43844/snapshot-a-8-77880
2025-10-16 19:49:03,408 | INFO  | SCMAudit | user=runner | ip=127.0.0.1 | op=ALLOCATE_BLOCK {"replication":"RATIS/THREE","owner":"omServiceIdDefault","size":"4194304","sampleBlocks":"[conID: 20 locID: 115816896921600366]","num":"1","client":"","allocated":"1"} | ret=SUCCESS |  
2025-10-16 19:49:03,412 | INFO  | OMAudit | user=awsUser1 | ip=127.0.0.1 | op=ALLOCATE_BLOCK {"volume":"4d7c144f-d84b-4378-85af-46807f5c1742","bucket":"6d1f5e2c-4ed1-4106-82c0-eb91e92ae194","key":"f750acfc-6a58-4ace-bb2f-005601c569f9","dataSize":"5242880","replicationType":"RATIS","replicationFactor":"THREE","clientID":"115385574577865042","Transaction":"1379"} | ret=SUCCESS |  
2025-10-16 19:49:03,429 [om1-OMDoubleBufferFlushThread] INFO  db.RDBCheckpointManager (RDBCheckpointManager.java:createCheckpoint(87)) - Created checkpoint in rocksDB at /home/runner/work/ozone/ozone/hadoop-ozone/integration-test/target/test-dir/MiniOzoneClusterImpl-e7911277-7775-4457-96c8-94071a26a1ce/om/data/db.snapshots/checkpointState/om.db-ade57de4-7473-4d0d-bf8c-2f643ca095c7 in 76 milliseconds
2025-10-16 19:49:03,450 | INFO  | OMAudit | user=awsUser1 | ip=127.0.0.1 | op=COMMIT_MULTIPART_UPLOAD_PARTKEY {"volume":"4d7c144f-d84b-4378-85af-46807f5c1742","bucket":"6d1f5e2c-4ed1-4106-82c0-eb91e92ae194","key":"f750acfc-6a58-4ace-bb2f-005601c569f9","dataSize":"5242880","ETag":"5ec9ae7549d12b830c2796d79d95cb39","uploadID":"0199ee91-98e6-733b-a222-9a8135064e15-115385574577537361","partNumber":"1","partName":"/4d7c144f-d84b-4378-85af-46807f5c1742/6d1f5e2c-4ed1-4106-82c0-eb91e92ae194/f750acfc-6a58-4ace-bb2f-005601c569f9-0199ee91-98e6-733b-a222-9a8135064e15-115385574577537361-1","Transaction":"1380"} | ret=SUCCESS |  
2025-10-16 19:49:03,455 | INFO  | OMAudit | user=awsUser1 | ip=127.0.0.1 | op=ALLOCATE_KEY {"volume":"4d7c144f-d84b-4378-85af-46807f5c1742","bucket":"6d1f5e2c-4ed1-4106-82c0-eb91e92ae194","key":"f750acfc-6a58-4ace-bb2f-005601c569f9","dataSize":"5242880","Transaction":"1381"} | ret=SUCCESS |  
2025-10-16 19:49:03,460 | INFO  | SCMAudit | user=runner | ip=127.0.0.1 | op=ALLOCATE_BLOCK {"replication":"RATIS/THREE","owner":"omServiceIdDefault","size":"4194304","sampleBlocks":"[conID: 18 locID: 115816896921600367]","num":"1","client":"","allocated":"1"} | ret=SUCCESS |  
2025-10-16 19:49:03,463 | INFO  | OMAudit | user=awsUser1 | ip=127.0.0.1 | op=ALLOCATE_BLOCK {"volume":"4d7c144f-d84b-4378-85af-46807f5c1742","bucket":"6d1f5e2c-4ed1-4106-82c0-eb91e92ae194","key":"f750acfc-6a58-4ace-bb2f-005601c569f9","dataSize":"5242880","replicationType":"RATIS","replicationFactor":"THREE","clientID":"115385574585336147","Transaction":"1382"} | ret=SUCCESS |  
2025-10-16 19:49:03,471 [om1-OMDoubleBufferFlushThread] INFO  om.OmSnapshotManager (OmSnapshotManager.java:createOmSnapshotCheckpoint(545)) - Created checkpoint: /home/runner/work/ozone/ozone/hadoop-ozone/integration-test/target/test-dir/MiniOzoneClusterImpl-e7911277-7775-4457-96c8-94071a26a1ce/om/data/db.snapshots/checkpointState/om.db-ade57de4-7473-4d0d-bf8c-2f643ca095c7 for snapshot /vol-a-85441/buc-a-13854/snapshot-a-9-09929
2025-10-16 19:49:03,534 | INFO  | SCMAudit | user=runner | ip=127.0.0.1 | op=ALLOCATE_BLOCK {"replication":"RATIS/THREE","owner":"omServiceIdDefault","size":"4194304","sampleBlocks":"[conID: 20 locID: 115816896921600368]","num":"1","client":"","allocated":"1"} | ret=SUCCESS |  
2025-10-16 19:49:03,540 | INFO  | OMAudit | user=awsUser1 | ip=127.0.0.1 | op=ALLOCATE_BLOCK {"volume":"4d7c144f-d84b-4378-85af-46807f5c1742","bucket":"6d1f5e2c-4ed1-4106-82c0-eb91e92ae194","key":"f750acfc-6a58-4ace-bb2f-005601c569f9","dataSize":"5242880","replicationType":"RATIS","replicationFactor":"THREE","clientID":"115385574585336147","Transaction":"1383"} | ret=SUCCESS |  
2025-10-16 19:49:03,568 | INFO  | OMAudit | user=awsUser1 | ip=127.0.0.1 | op=COMMIT_MULTIPART_UPLOAD_PARTKEY {"volume":"4d7c144f-d84b-4378-85af-46807f5c1742","bucket":"6d1f5e2c-4ed1-4106-82c0-eb91e92ae194","key":"f750acfc-6a58-4ace-bb2f-005601c569f9","dataSize":"5242880","ETag":"5ec9ae7549d12b830c2796d79d95cb39","uploadID":"0199ee91-98e6-733b-a222-9a8135064e15-115385574577537361","partNumber":"2","partName":"/4d7c144f-d84b-4378-85af-46807f5c1742/6d1f5e2c-4ed1-4106-82c0-eb91e92ae194/f750acfc-6a58-4ace-bb2f-005601c569f9-0199ee91-98e6-733b-a222-9a8135064e15-115385574577537361-2","Transaction":"1384"} | ret=SUCCESS |  
2025-10-16 19:49:03,568 [om1-OMDoubleBufferFlushThread] INFO  db.RDBCheckpointManager (RDBCheckpointManager.java:createCheckpoint(87)) - Created checkpoint in rocksDB at /home/runner/work/ozone/ozone/hadoop-ozone/integration-test/target/test-dir/MiniOzoneClusterImpl-e7911277-7775-4457-96c8-94071a26a1ce/om/data/db.snapshots/checkpointState/om.db-a14940c8-4c7f-4c95-9cca-1387186a1614 in 78 milliseconds
2025-10-16 19:49:03,571 | INFO  | OMAudit | user=awsUser1 | ip=127.0.0.1 | op=ALLOCATE_KEY {"volume":"4d7c144f-d84b-4378-85af-46807f5c1742","bucket":"6d1f5e2c-4ed1-4106-82c0-eb91e92ae194","key":"f750acfc-6a58-4ace-bb2f-005601c569f9","dataSize":"36","Transaction":"1385"} | ret=SUCCESS |  
2025-10-16 19:49:03,575 | INFO  | SCMAudit | user=runner | ip=127.0.0.1 | op=ALLOCATE_BLOCK {"replication":"RATIS/THREE","owner":"omServiceIdDefault","size":"4194304","sampleBlocks":"[conID: 21 locID: 115816896921600369]","num":"1","client":"","allocated":"1"} | ret=SUCCESS |  
2025-10-16 19:49:03,577 | INFO  | OMAudit | user=awsUser1 | ip=127.0.0.1 | op=ALLOCATE_BLOCK {"volume":"4d7c144f-d84b-4378-85af-46807f5c1742","bucket":"6d1f5e2c-4ed1-4106-82c0-eb91e92ae194","key":"f750acfc-6a58-4ace-bb2f-005601c569f9","dataSize":"36","replicationType":"RATIS","replicationFactor":"THREE","clientID":"115385574593003860","Transaction":"1386"} | ret=SUCCESS |  
2025-10-16 19:49:03,594 | INFO  | OMAudit | user=awsUser1 | ip=127.0.0.1 | op=COMMIT_MULTIPART_UPLOAD_PARTKEY {"volume":"4d7c144f-d84b-4378-85af-46807f5c1742","bucket":"6d1f5e2c-4ed1-4106-82c0-eb91e92ae194","key":"f750acfc-6a58-4ace-bb2f-005601c569f9","dataSize":"36","ETag":"f20d7beaec6400396986b96ad4747dac","uploadID":"0199ee91-98e6-733b-a222-9a8135064e15-115385574577537361","partNumber":"3","partName":"/4d7c144f-d84b-4378-85af-46807f5c1742/6d1f5e2c-4ed1-4106-82c0-eb91e92ae194/f750acfc-6a58-4ace-bb2f-005601c569f9-0199ee91-98e6-733b-a222-9a8135064e15-115385574577537361-3","Transaction":"1387"} | ret=SUCCESS |  
2025-10-16 19:49:03,599 | INFO  | OMAudit | user=awsUser1 | ip=127.0.0.1 | op=COMPLETE_MULTIPART_UPLOAD {"volume":"4d7c144f-d84b-4378-85af-46807f5c1742","bucket":"6d1f5e2c-4ed1-4106-82c0-eb91e92ae194","key":"f750acfc-6a58-4ace-bb2f-005601c569f9","dataSize":"0","uploadID":"0199ee91-98e6-733b-a222-9a8135064e15-115385574577537361","multipartList":"[partNumber: 1 partName: \"5ec9ae7549d12b830c2796d79d95cb39\" eTag: \"5ec9ae7549d12b830c2796d79d95cb39\" , partNumber: 2 partName: \"5ec9ae7549d12b830c2796d79d95cb39\" eTag: \"5ec9ae7549d12b830c2796d79d95cb39\" , partNumber: 3 partName: \"f20d7beaec6400396986b96ad4747dac\" eTag: \"f20d7beaec6400396986b96ad4747dac\" ]","Transaction":"1388"} | ret=SUCCESS |  
2025-10-16 19:49:03,601 [om1-OMDoubleBufferFlushThread] INFO  om.OmSnapshotManager (OmSnapshotManager.java:createOmSnapshotCheckpoint(545)) - Created checkpoint: /home/runner/work/ozone/ozone/hadoop-ozone/integration-test/target/test-dir/MiniOzoneClusterImpl-e7911277-7775-4457-96c8-94071a26a1ce/om/data/db.snapshots/checkpointState/om.db-a14940c8-4c7f-4c95-9cca-1387186a1614 for snapshot /vol-a-85441/buc-b-43844/snapshot-a-9-77378
2025-10-16 19:49:03,602 | INFO  | OMAudit | user=user1 | ip=127.0.0.1 | op=READ_KEY {"volume":"4d7c144f-d84b-4378-85af-46807f5c1742","bucket":"6d1f5e2c-4ed1-4106-82c0-eb91e92ae194","key":"f750acfc-6a58-4ace-bb2f-005601c569f9","owner":null,"dataSize":"0","replicationConfig":null} | ret=SUCCESS |  
2025-10-16 19:49:03,637 [om1-OMDoubleBufferFlushThread] INFO  db.RDBCheckpointManager (RDBCheckpointManager.java:createCheckpoint(87)) - Created checkpoint in rocksDB at /home/runner/work/ozone/ozone/hadoop-ozone/integration-test/target/test-dir/MiniOzoneClusterImpl-e7911277-7775-4457-96c8-94071a26a1ce/om/data/db.snapshots/checkpointState/om.db-b4b9e3f1-8441-4f80-82bb-e68a971305d9 in 34 milliseconds
2025-10-16 19:49:03,641 | INFO  | SCMAudit | user=runner | ip=127.0.0.1 | op=SEND_HEARTBEAT {"datanodeUUID":"0e8b6cc7-9945-4141-97fc-6aa017a0d5fa","term":"2","command":"[]"} | ret=SUCCESS |  
2025-10-16 19:49:03,661 [om1-OMDoubleBufferFlushThread] INFO  om.OmSnapshotManager (OmSnapshotManager.java:createOmSnapshotCheckpoint(545)) - Created checkpoint: /home/runner/work/ozone/ozone/hadoop-ozone/integration-test/target/test-dir/MiniOzoneClusterImpl-e7911277-7775-4457-96c8-94071a26a1ce/om/data/db.snapshots/checkpointState/om.db-b4b9e3f1-8441-4f80-82bb-e68a971305d9 for snapshot /vol-b-85804/buc-a-13854/snapshot-a-9-47808
2025-10-16 19:49:03,662 | INFO  | SCMAudit | user=runner | ip=127.0.0.1 | op=GET_CONTAINER_WITH_PIPELINE_BATCH {"containerIDs":"#18,#19,#20,#21,"} | ret=SUCCESS |  
2025-10-16 19:49:03,663 | INFO  | OMAudit | user=null | ip= | op=READ_KEY {"volume":"4d7c144f-d84b-4378-85af-46807f5c1742","bucket":"6d1f5e2c-4ed1-4106-82c0-eb91e92ae194","key":"f750acfc-6a58-4ace-bb2f-005601c569f9","owner":null,"dataSize":"0","replicationConfig":null} | ret=SUCCESS |  
2025-10-16 19:49:03,664 | INFO  | SCMAudit | user=runner | ip=127.0.0.1 | op=GET_CONTAINER {"containerID":"19"} | ret=SUCCESS |  
2025-10-16 19:49:03,665 | INFO  | SCMAudit | user=runner | ip=127.0.0.1 | op=GET_CONTAINER {"containerID":"20"} | ret=SUCCESS |  
2025-10-16 19:49:03,665 | INFO  | SCMAudit | user=runner | ip=127.0.0.1 | op=GET_CONTAINER {"containerID":"18"} | ret=SUCCESS |  
2025-10-16 19:49:03,666 | INFO  | SCMAudit | user=runner | ip=127.0.0.1 | op=GET_CONTAINER {"containerID":"20"} | ret=SUCCESS |  
2025-10-16 19:49:03,667 | INFO  | SCMAudit | user=runner | ip=127.0.0.1 | op=GET_CONTAINER {"containerID":"21"} | ret=SUCCESS |  
2025-10-16 19:49:03,675 | INFO  | OMAudit | user=user1 | ip=127.0.0.1 | op=READ_KEY {"volume":"4d7c144f-d84b-4378-85af-46807f5c1742","bucket":"6d1f5e2c-4ed1-4106-82c0-eb91e92ae194","key":"f750acfc-6a58-4ace-bb2f-005601c569f9","owner":null,"dataSize":"0","replicationConfig":null} | ret=SUCCESS |  
2025-10-16 19:49:03,681 | INFO  | OMAudit | user=runner | ip=127.0.0.1 | op=GET_SERVICE_LIST {} | ret=SUCCESS |  
]]></system-out>
  </testcase>
  <testcase name="testMultipartUploadWithACL" classname="org.apache.hadoop.ozone.client.rpc.TestSecureOzoneRpcClient" time="0.493">
    <system-out><![CDATA[2025-10-16 19:49:03,684 [ForkJoinPool-1-worker-1] INFO  rpc.RpcClient (RpcClient.java:createVolume(461)) - Creating Volume: a2ea98fb-829a-4ef1-b7d1-14b97845c14d, with runner as owner and space quota set to -1 bytes, counts quota set to -1
2025-10-16 19:49:03,686 [om1-OMStateMachineApplyTransactionThread - 0] INFO  volume.OMVolumeCreateRequest (OMVolumeCreateRequest.java:validateAndUpdateCache(213)) - created volume:a2ea98fb-829a-4ef1-b7d1-14b97845c14d for user:runner
2025-10-16 19:49:03,687 | INFO  | OMAudit | user=runner | ip=127.0.0.1 | op=CREATE_VOLUME {"admin":"runner","owner":"runner","volume":"a2ea98fb-829a-4ef1-b7d1-14b97845c14d","creationTime":"1760644143685","modificationTime":"1760644143685","quotaInBytes":"-1","quotaInNamespace":"-1","usedNamespace":"0","objectID":"-9223372036854420224","updateID":"1389","Transaction":"1389"} | ret=SUCCESS |  
2025-10-16 19:49:03,688 | INFO  | OMAudit | user=runner | ip=127.0.0.1 | op=READ_VOLUME {"volume":"a2ea98fb-829a-4ef1-b7d1-14b97845c14d"} | ret=SUCCESS |  
2025-10-16 19:49:03,689 [ForkJoinPool-1-worker-1] INFO  rpc.RpcClient (RpcClient.java:createBucket(686)) - Creating Bucket: a2ea98fb-829a-4ef1-b7d1-14b97845c14d/2178fafe-624c-4c6c-b5f1-f1c2a5fd05c0, with bucket layout OBJECT_STORE, runner as owner, Versioning false, Storage Type set to DISK and Encryption set to false, Replication Type set to server-side default replication type, Namespace Quota set to -1, Space Quota set to -1 
2025-10-16 19:49:03,691 [om1-OMStateMachineApplyTransactionThread - 0] INFO  bucket.OMBucketCreateRequest (OMBucketCreateRequest.java:validateAndUpdateCache(303)) - created bucket: 2178fafe-624c-4c6c-b5f1-f1c2a5fd05c0 of layout OBJECT_STORE in volume: a2ea98fb-829a-4ef1-b7d1-14b97845c14d
2025-10-16 19:49:03,691 | INFO  | OMAudit | user=runner | ip=127.0.0.1 | op=CREATE_BUCKET {"volume":"a2ea98fb-829a-4ef1-b7d1-14b97845c14d","bucket":"2178fafe-624c-4c6c-b5f1-f1c2a5fd05c0","bucketLayout":"OBJECT_STORE","gdprEnabled":null,"acls":"[user:runner:a[ACCESS], group:runner:rl[ACCESS]]","isVersionEnabled":"false","storageType":"DISK","creationTime":"1760644143690","bucketEncryptionKey":null,"modificationTime":"1760644143690","usedBytes":"0","usedNamespace":"0","snapshotUsedBytes":"0","snapshotUsedNamespace":"0","owner":"runner","replicationType":null,"replicationConfig":null,"quotaInBytes":"-1","quotaInNamespace":"-1","Transaction":"1390"} | ret=SUCCESS |  
2025-10-16 19:49:03,692 | INFO  | OMAudit | user=runner | ip=127.0.0.1 | op=READ_BUCKET {"volume":"a2ea98fb-829a-4ef1-b7d1-14b97845c14d","bucket":"2178fafe-624c-4c6c-b5f1-f1c2a5fd05c0"} | ret=SUCCESS |  
2025-10-16 19:49:03,693 | INFO  | OMAudit | user=runner | ip=127.0.0.1 | op=ADD_ACL {"resourceType":"bucket","storageType":"ozone","volume":"a2ea98fb-829a-4ef1-b7d1-14b97845c14d","bucket":"2178fafe-624c-4c6c-b5f1-f1c2a5fd05c0","key":null,"acl":"[user:Monday:a[DEFAULT]]","Transaction":"1391"} | ret=SUCCESS |  
2025-10-16 19:49:03,695 | INFO  | OMAudit | user=runner | ip=127.0.0.1 | op=ADD_ACL {"resourceType":"bucket","storageType":"ozone","volume":"a2ea98fb-829a-4ef1-b7d1-14b97845c14d","bucket":"2178fafe-624c-4c6c-b5f1-f1c2a5fd05c0","key":null,"acl":"[user:Friday:a[DEFAULT]]","Transaction":"1392"} | ret=SUCCESS |  
2025-10-16 19:49:03,696 | INFO  | OMAudit | user=runner | ip=127.0.0.1 | op=ADD_ACL {"resourceType":"bucket","storageType":"ozone","volume":"a2ea98fb-829a-4ef1-b7d1-14b97845c14d","bucket":"2178fafe-624c-4c6c-b5f1-f1c2a5fd05c0","key":null,"acl":"[user:Jan:a[ACCESS]]","Transaction":"1393"} | ret=SUCCESS |  
2025-10-16 19:49:03,698 | INFO  | OMAudit | user=runner | ip=127.0.0.1 | op=ADD_ACL {"resourceType":"bucket","storageType":"ozone","volume":"a2ea98fb-829a-4ef1-b7d1-14b97845c14d","bucket":"2178fafe-624c-4c6c-b5f1-f1c2a5fd05c0","key":null,"acl":"[user:Feb:a[ACCESS]]","Transaction":"1394"} | ret=SUCCESS |  
2025-10-16 19:49:03,699 [om1-OMDoubleBufferFlushThread] INFO  db.RDBCheckpointManager (RDBCheckpointManager.java:createCheckpoint(87)) - Created checkpoint in rocksDB at /home/runner/work/ozone/ozone/hadoop-ozone/integration-test/target/test-dir/MiniOzoneClusterImpl-e7911277-7775-4457-96c8-94071a26a1ce/om/data/db.snapshots/checkpointState/om.db-5dd0a832-ec87-427a-9810-c44d3ad11b53 in 36 milliseconds
2025-10-16 19:49:03,701 | INFO  | OMAudit | user=runner | ip=127.0.0.1 | op=INITIATE_MULTIPART_UPLOAD {"volume":"a2ea98fb-829a-4ef1-b7d1-14b97845c14d","bucket":"2178fafe-624c-4c6c-b5f1-f1c2a5fd05c0","key":"861402b5-6e38-4bad-82eb-a9114e714589","dataSize":"0","replicationType":"RATIS","replicationFactor":"ONE","uploadID":"0199ee91-9a53-7cd8-ae49-cba68e8be9fb-115385574601458005","Transaction":"1395"} | ret=SUCCESS |  
2025-10-16 19:49:03,705 | INFO  | OMAudit | user=runner | ip=127.0.0.1 | op=ALLOCATE_KEY {"volume":"a2ea98fb-829a-4ef1-b7d1-14b97845c14d","bucket":"2178fafe-624c-4c6c-b5f1-f1c2a5fd05c0","key":"861402b5-6e38-4bad-82eb-a9114e714589","dataSize":"5242880","Transaction":"1396"} | ret=SUCCESS |  
2025-10-16 19:49:03,707 | INFO  | SCMAudit | user=runner | ip=127.0.0.1 | op=ALLOCATE_BLOCK {"replication":"RATIS/ONE","owner":"omServiceIdDefault","size":"4194304","sampleBlocks":"[conID: 7 locID: 115816896921600370]","num":"1","client":"","allocated":"1"} | ret=SUCCESS |  
2025-10-16 19:49:03,709 | INFO  | OMAudit | user=runner | ip=127.0.0.1 | op=ALLOCATE_BLOCK {"volume":"a2ea98fb-829a-4ef1-b7d1-14b97845c14d","bucket":"2178fafe-624c-4c6c-b5f1-f1c2a5fd05c0","key":"861402b5-6e38-4bad-82eb-a9114e714589","dataSize":"5242880","replicationType":"RATIS","replicationFactor":"ONE","clientID":"115385574601720150","Transaction":"1397"} | ret=SUCCESS |  
2025-10-16 19:49:03,719 | INFO  | SCMAudit | user=runner | ip=127.0.0.1 | op=SEND_HEARTBEAT {"datanodeUUID":"757ca056-973f-4f05-ab2d-6aff6c54d452","term":"2","command":"[]"} | ret=SUCCESS |  
2025-10-16 19:49:03,723 [om1-OMDoubleBufferFlushThread] INFO  om.OmSnapshotManager (OmSnapshotManager.java:createOmSnapshotCheckpoint(545)) - Created checkpoint: /home/runner/work/ozone/ozone/hadoop-ozone/integration-test/target/test-dir/MiniOzoneClusterImpl-e7911277-7775-4457-96c8-94071a26a1ce/om/data/db.snapshots/checkpointState/om.db-5dd0a832-ec87-427a-9810-c44d3ad11b53 for snapshot /vol-b-85804/buc-b-43844/snapshot-a-9-13419
2025-10-16 19:49:03,735 | INFO  | SCMAudit | user=runner | ip=127.0.0.1 | op=ALLOCATE_BLOCK {"replication":"RATIS/ONE","owner":"omServiceIdDefault","size":"4194304","sampleBlocks":"[conID: 7 locID: 115816896921600371]","num":"1","client":"","allocated":"1"} | ret=SUCCESS |  
2025-10-16 19:49:03,736 | INFO  | SCMAudit | user=runner | ip=127.0.0.1 | op=SEND_HEARTBEAT {"datanodeUUID":"702cb173-5c73-4ecc-b5cd-c7b4a6b66aea","term":"2","command":"[]"} | ret=SUCCESS |  
2025-10-16 19:49:03,737 | INFO  | OMAudit | user=runner | ip=127.0.0.1 | op=ALLOCATE_BLOCK {"volume":"a2ea98fb-829a-4ef1-b7d1-14b97845c14d","bucket":"2178fafe-624c-4c6c-b5f1-f1c2a5fd05c0","key":"861402b5-6e38-4bad-82eb-a9114e714589","dataSize":"5242880","replicationType":"RATIS","replicationFactor":"ONE","clientID":"115385574601720150","Transaction":"1398"} | ret=SUCCESS |  
2025-10-16 19:49:03,753 | INFO  | OMAudit | user=runner | ip=127.0.0.1 | op=COMMIT_MULTIPART_UPLOAD_PARTKEY {"volume":"a2ea98fb-829a-4ef1-b7d1-14b97845c14d","bucket":"2178fafe-624c-4c6c-b5f1-f1c2a5fd05c0","key":"861402b5-6e38-4bad-82eb-a9114e714589","dataSize":"5242880","ETag":"74843a3ab193a389bced899402d99d5f","uploadID":"0199ee91-9a53-7cd8-ae49-cba68e8be9fb-115385574601458005","partNumber":"1","partName":"/a2ea98fb-829a-4ef1-b7d1-14b97845c14d/2178fafe-624c-4c6c-b5f1-f1c2a5fd05c0/861402b5-6e38-4bad-82eb-a9114e714589-0199ee91-9a53-7cd8-ae49-cba68e8be9fb-115385574601458005-1","Transaction":"1399"} | ret=SUCCESS |  
2025-10-16 19:49:03,756 | INFO  | OMAudit | user=runner | ip=127.0.0.1 | op=ALLOCATE_KEY {"volume":"a2ea98fb-829a-4ef1-b7d1-14b97845c14d","bucket":"2178fafe-624c-4c6c-b5f1-f1c2a5fd05c0","key":"861402b5-6e38-4bad-82eb-a9114e714589","dataSize":"5242880","Transaction":"1400"} | ret=SUCCESS |  
2025-10-16 19:49:03,758 | INFO  | SCMAudit | user=runner | ip=127.0.0.1 | op=ALLOCATE_BLOCK {"replication":"RATIS/ONE","owner":"omServiceIdDefault","size":"4194304","sampleBlocks":"[conID: 27 locID: 115816896921600372]","num":"1","client":"","allocated":"1"} | ret=SUCCESS |  
2025-10-16 19:49:03,759 | INFO  | OMAudit | user=runner | ip=127.0.0.1 | op=ALLOCATE_BLOCK {"volume":"a2ea98fb-829a-4ef1-b7d1-14b97845c14d","bucket":"2178fafe-624c-4c6c-b5f1-f1c2a5fd05c0","key":"861402b5-6e38-4bad-82eb-a9114e714589","dataSize":"5242880","replicationType":"RATIS","replicationFactor":"ONE","clientID":"115385574605128023","Transaction":"1401"} | ret=SUCCESS |  
2025-10-16 19:49:03,765 [om1-OMDoubleBufferFlushThread] INFO  db.RDBCheckpointManager (RDBCheckpointManager.java:createCheckpoint(87)) - Created checkpoint in rocksDB at /home/runner/work/ozone/ozone/hadoop-ozone/integration-test/target/test-dir/MiniOzoneClusterImpl-e7911277-7775-4457-96c8-94071a26a1ce/om/data/db.snapshots/checkpointState/om.db-e272947f-9205-4889-aac9-7d0c99cb95df in 40 milliseconds
2025-10-16 19:49:03,783 | INFO  | SCMAudit | user=runner | ip=127.0.0.1 | op=ALLOCATE_BLOCK {"replication":"RATIS/ONE","owner":"omServiceIdDefault","size":"4194304","sampleBlocks":"[conID: 6 locID: 115816896921600373]","num":"1","client":"","allocated":"1"} | ret=SUCCESS |  
2025-10-16 19:49:03,787 | INFO  | OMAudit | user=runner | ip=127.0.0.1 | op=ALLOCATE_BLOCK {"volume":"a2ea98fb-829a-4ef1-b7d1-14b97845c14d","bucket":"2178fafe-624c-4c6c-b5f1-f1c2a5fd05c0","key":"861402b5-6e38-4bad-82eb-a9114e714589","dataSize":"5242880","replicationType":"RATIS","replicationFactor":"ONE","clientID":"115385574605128023","Transaction":"1402"} | ret=SUCCESS |  
2025-10-16 19:49:03,795 [om1-OMDoubleBufferFlushThread] INFO  om.OmSnapshotManager (OmSnapshotManager.java:createOmSnapshotCheckpoint(545)) - Created checkpoint: /home/runner/work/ozone/ozone/hadoop-ozone/integration-test/target/test-dir/MiniOzoneClusterImpl-e7911277-7775-4457-96c8-94071a26a1ce/om/data/db.snapshots/checkpointState/om.db-e272947f-9205-4889-aac9-7d0c99cb95df for snapshot /vol-a-85441/buc-a-13854/snapshot-b-0-15599
2025-10-16 19:49:03,808 | INFO  | OMAudit | user=runner | ip=127.0.0.1 | op=COMMIT_MULTIPART_UPLOAD_PARTKEY {"volume":"a2ea98fb-829a-4ef1-b7d1-14b97845c14d","bucket":"2178fafe-624c-4c6c-b5f1-f1c2a5fd05c0","key":"861402b5-6e38-4bad-82eb-a9114e714589","dataSize":"5242880","ETag":"74843a3ab193a389bced899402d99d5f","uploadID":"0199ee91-9a53-7cd8-ae49-cba68e8be9fb-115385574601458005","partNumber":"2","partName":"/a2ea98fb-829a-4ef1-b7d1-14b97845c14d/2178fafe-624c-4c6c-b5f1-f1c2a5fd05c0/861402b5-6e38-4bad-82eb-a9114e714589-0199ee91-9a53-7cd8-ae49-cba68e8be9fb-115385574601458005-2","Transaction":"1403"} | ret=SUCCESS |  
2025-10-16 19:49:03,810 | INFO  | OMAudit | user=runner | ip=127.0.0.1 | op=ALLOCATE_KEY {"volume":"a2ea98fb-829a-4ef1-b7d1-14b97845c14d","bucket":"2178fafe-624c-4c6c-b5f1-f1c2a5fd05c0","key":"861402b5-6e38-4bad-82eb-a9114e714589","dataSize":"36","Transaction":"1404"} | ret=SUCCESS |  
2025-10-16 19:49:03,814 | INFO  | SCMAudit | user=runner | ip=127.0.0.1 | op=ALLOCATE_BLOCK {"replication":"RATIS/ONE","owner":"omServiceIdDefault","size":"4194304","sampleBlocks":"[conID: 11 locID: 115816896921600374]","num":"1","client":"","allocated":"1"} | ret=SUCCESS |  
2025-10-16 19:49:03,817 | INFO  | OMAudit | user=runner | ip=127.0.0.1 | op=ALLOCATE_BLOCK {"volume":"a2ea98fb-829a-4ef1-b7d1-14b97845c14d","bucket":"2178fafe-624c-4c6c-b5f1-f1c2a5fd05c0","key":"861402b5-6e38-4bad-82eb-a9114e714589","dataSize":"36","replicationType":"RATIS","replicationFactor":"ONE","clientID":"115385574608666968","Transaction":"1405"} | ret=SUCCESS |  
2025-10-16 19:49:03,835 | INFO  | OMAudit | user=runner | ip=127.0.0.1 | op=COMMIT_MULTIPART_UPLOAD_PARTKEY {"volume":"a2ea98fb-829a-4ef1-b7d1-14b97845c14d","bucket":"2178fafe-624c-4c6c-b5f1-f1c2a5fd05c0","key":"861402b5-6e38-4bad-82eb-a9114e714589","dataSize":"36","ETag":"bceb07e57c857437da254243deef1ba9","uploadID":"0199ee91-9a53-7cd8-ae49-cba68e8be9fb-115385574601458005","partNumber":"3","partName":"/a2ea98fb-829a-4ef1-b7d1-14b97845c14d/2178fafe-624c-4c6c-b5f1-f1c2a5fd05c0/861402b5-6e38-4bad-82eb-a9114e714589-0199ee91-9a53-7cd8-ae49-cba68e8be9fb-115385574601458005-3","Transaction":"1406"} | ret=SUCCESS |  
2025-10-16 19:49:03,839 | INFO  | OMAudit | user=runner | ip=127.0.0.1 | op=COMPLETE_MULTIPART_UPLOAD {"volume":"a2ea98fb-829a-4ef1-b7d1-14b97845c14d","bucket":"2178fafe-624c-4c6c-b5f1-f1c2a5fd05c0","key":"861402b5-6e38-4bad-82eb-a9114e714589","dataSize":"0","uploadID":"0199ee91-9a53-7cd8-ae49-cba68e8be9fb-115385574601458005","multipartList":"[partNumber: 1 partName: \"74843a3ab193a389bced899402d99d5f\" eTag: \"74843a3ab193a389bced899402d99d5f\" , partNumber: 2 partName: \"74843a3ab193a389bced899402d99d5f\" eTag: \"74843a3ab193a389bced899402d99d5f\" , partNumber: 3 partName: \"bceb07e57c857437da254243deef1ba9\" eTag: \"bceb07e57c857437da254243deef1ba9\" ]","Transaction":"1407"} | ret=SUCCESS |  
2025-10-16 19:49:03,841 | INFO  | OMAudit | user=runner | ip=127.0.0.1 | op=READ_KEY {"volume":"a2ea98fb-829a-4ef1-b7d1-14b97845c14d","bucket":"2178fafe-624c-4c6c-b5f1-f1c2a5fd05c0","key":"861402b5-6e38-4bad-82eb-a9114e714589","owner":null,"dataSize":"0","replicationConfig":null} | ret=SUCCESS |  
2025-10-16 19:49:03,847 [om1-OMDoubleBufferFlushThread] INFO  db.RDBCheckpointManager (RDBCheckpointManager.java:createCheckpoint(87)) - Created checkpoint in rocksDB at /home/runner/work/ozone/ozone/hadoop-ozone/integration-test/target/test-dir/MiniOzoneClusterImpl-e7911277-7775-4457-96c8-94071a26a1ce/om/data/db.snapshots/checkpointState/om.db-81e6bc00-9b0d-4a83-9177-2fe842354a76 in 50 milliseconds
2025-10-16 19:49:03,878 [om1-OMDoubleBufferFlushThread] INFO  om.OmSnapshotManager (OmSnapshotManager.java:createOmSnapshotCheckpoint(545)) - Created checkpoint: /home/runner/work/ozone/ozone/hadoop-ozone/integration-test/target/test-dir/MiniOzoneClusterImpl-e7911277-7775-4457-96c8-94071a26a1ce/om/data/db.snapshots/checkpointState/om.db-81e6bc00-9b0d-4a83-9177-2fe842354a76 for snapshot /vol-a-85441/buc-b-43844/snapshot-b-0-05335
2025-10-16 19:49:03,918 [om1-OMDoubleBufferFlushThread] INFO  db.RDBCheckpointManager (RDBCheckpointManager.java:createCheckpoint(87)) - Created checkpoint in rocksDB at /home/runner/work/ozone/ozone/hadoop-ozone/integration-test/target/test-dir/MiniOzoneClusterImpl-e7911277-7775-4457-96c8-94071a26a1ce/om/data/db.snapshots/checkpointState/om.db-730bf695-5ee6-452d-a79a-205ca5155947 in 38 milliseconds
2025-10-16 19:49:03,922 | INFO  | SCMAudit | user=runner | ip=127.0.0.1 | op=SEND_HEARTBEAT {"datanodeUUID":"f700af26-0e26-4136-9205-9509c82c8c70","term":"2","command":"[]"} | ret=SUCCESS |  
2025-10-16 19:49:03,925 | INFO  | SCMAudit | user=runner | ip=127.0.0.1 | op=GET_CONTAINER_WITH_PIPELINE_BATCH {"containerIDs":"#6,#7,#27,#11,"} | ret=SUCCESS |  
2025-10-16 19:49:03,926 | INFO  | OMAudit | user=null | ip= | op=READ_KEY {"volume":"a2ea98fb-829a-4ef1-b7d1-14b97845c14d","bucket":"2178fafe-624c-4c6c-b5f1-f1c2a5fd05c0","key":"861402b5-6e38-4bad-82eb-a9114e714589","owner":null,"dataSize":"0","replicationConfig":null} | ret=SUCCESS |  
2025-10-16 19:49:03,927 | INFO  | SCMAudit | user=runner | ip=127.0.0.1 | op=GET_CONTAINER {"containerID":"7"} | ret=SUCCESS |  
2025-10-16 19:49:03,929 | INFO  | SCMAudit | user=runner | ip=127.0.0.1 | op=GET_CONTAINER {"containerID":"7"} | ret=SUCCESS |  
2025-10-16 19:49:03,931 | INFO  | SCMAudit | user=runner | ip=127.0.0.1 | op=GET_CONTAINER {"containerID":"27"} | ret=SUCCESS |  
2025-10-16 19:49:03,931 | INFO  | SCMAudit | user=runner | ip=127.0.0.1 | op=GET_CONTAINER {"containerID":"6"} | ret=SUCCESS |  
2025-10-16 19:49:03,933 | INFO  | SCMAudit | user=runner | ip=127.0.0.1 | op=GET_CONTAINER {"containerID":"11"} | ret=SUCCESS |  
2025-10-16 19:49:03,981 | INFO  | OMAudit | user=runner | ip=127.0.0.1 | op=GET_ACL {"resourceType":"key","storageType":"ozone","volume":"a2ea98fb-829a-4ef1-b7d1-14b97845c14d","bucket":"2178fafe-624c-4c6c-b5f1-f1c2a5fd05c0","key":"861402b5-6e38-4bad-82eb-a9114e714589"} | ret=SUCCESS |  
2025-10-16 19:49:03,990 [om1-OMDoubleBufferFlushThread] INFO  om.OmSnapshotManager (OmSnapshotManager.java:createOmSnapshotCheckpoint(545)) - Created checkpoint: /home/runner/work/ozone/ozone/hadoop-ozone/integration-test/target/test-dir/MiniOzoneClusterImpl-e7911277-7775-4457-96c8-94071a26a1ce/om/data/db.snapshots/checkpointState/om.db-730bf695-5ee6-452d-a79a-205ca5155947 for snapshot /vol-b-85804/buc-a-13854/snapshot-b-0-41400
2025-10-16 19:49:03,992 | INFO  | OMAudit | user=test-user | ip=127.0.0.1 | op=GET_SERVICE_LIST {} | ret=SUCCESS |  
2025-10-16 19:49:03,999 | INFO  | OMAudit | user=runner | ip=127.0.0.1 | op=ADD_ACL {"resourceType":"volume","storageType":"ozone","volume":"a2ea98fb-829a-4ef1-b7d1-14b97845c14d","bucket":null,"key":null,"acl":"[user:test-user:r[DEFAULT]]","Transaction":"1408"} | ret=SUCCESS |  
2025-10-16 19:49:04,002 | INFO  | OMAudit | user=runner | ip=127.0.0.1 | op=ADD_ACL {"resourceType":"volume","storageType":"ozone","volume":"a2ea98fb-829a-4ef1-b7d1-14b97845c14d","bucket":null,"key":null,"acl":"[user:test-user:r[ACCESS]]","Transaction":"1409"} | ret=SUCCESS |  
2025-10-16 19:49:04,005 | INFO  | OMAudit | user=runner | ip=127.0.0.1 | op=ADD_ACL {"resourceType":"bucket","storageType":"ozone","volume":"a2ea98fb-829a-4ef1-b7d1-14b97845c14d","bucket":"2178fafe-624c-4c6c-b5f1-f1c2a5fd05c0","key":null,"acl":"[user:test-user:r[DEFAULT]]","Transaction":"1410"} | ret=SUCCESS |  
2025-10-16 19:49:04,007 | INFO  | OMAudit | user=runner | ip=127.0.0.1 | op=ADD_ACL {"resourceType":"bucket","storageType":"ozone","volume":"a2ea98fb-829a-4ef1-b7d1-14b97845c14d","bucket":"2178fafe-624c-4c6c-b5f1-f1c2a5fd05c0","key":null,"acl":"[user:test-user:r[ACCESS]]","Transaction":"1411"} | ret=SUCCESS |  
2025-10-16 19:49:04,025 | INFO  | OMAudit | user=test-user | ip=127.0.0.1 | op=READ_VOLUME {"volume":"a2ea98fb-829a-4ef1-b7d1-14b97845c14d"} | ret=SUCCESS |  
2025-10-16 19:49:04,027 | INFO  | OMAudit | user=test-user | ip=127.0.0.1 | op=READ_BUCKET {"volume":"a2ea98fb-829a-4ef1-b7d1-14b97845c14d","bucket":"2178fafe-624c-4c6c-b5f1-f1c2a5fd05c0"} | ret=SUCCESS |  
2025-10-16 19:49:04,033 [IPC Server handler 12 on default port 15006] WARN  om.OzoneManager (OmMetadataReader.java:checkAcls(595)) - User test-user doesn't have CREATE permission to access key Volume:a2ea98fb-829a-4ef1-b7d1-14b97845c14d Bucket:2178fafe-624c-4c6c-b5f1-f1c2a5fd05c0 Key:5a79437b-ff11-4683-81c0-f13c5eedf91d
2025-10-16 19:49:04,034 [om1-OMDoubleBufferFlushThread] INFO  db.RDBCheckpointManager (RDBCheckpointManager.java:createCheckpoint(87)) - Created checkpoint in rocksDB at /home/runner/work/ozone/ozone/hadoop-ozone/integration-test/target/test-dir/MiniOzoneClusterImpl-e7911277-7775-4457-96c8-94071a26a1ce/om/data/db.snapshots/checkpointState/om.db-d9d389db-4460-47cc-b17d-1f1e23bc1213 in 41 milliseconds
2025-10-16 19:49:04,038 | INFO  | OMAudit | user=runner | ip=127.0.0.1 | op=ADD_ACL {"resourceType":"volume","storageType":"ozone","volume":"a2ea98fb-829a-4ef1-b7d1-14b97845c14d","bucket":null,"key":null,"acl":"[user:test-user:c[DEFAULT]]","Transaction":"1412"} | ret=SUCCESS |  
2025-10-16 19:49:04,041 | INFO  | OMAudit | user=runner | ip=127.0.0.1 | op=ADD_ACL {"resourceType":"volume","storageType":"ozone","volume":"a2ea98fb-829a-4ef1-b7d1-14b97845c14d","bucket":null,"key":null,"acl":"[user:test-user:c[ACCESS]]","Transaction":"1413"} | ret=SUCCESS |  
2025-10-16 19:49:04,045 | INFO  | OMAudit | user=runner | ip=127.0.0.1 | op=ADD_ACL {"resourceType":"volume","storageType":"ozone","volume":"a2ea98fb-829a-4ef1-b7d1-14b97845c14d","bucket":null,"key":null,"acl":"[user:test-user:w[DEFAULT]]","Transaction":"1414"} | ret=SUCCESS |  
2025-10-16 19:49:04,048 | INFO  | OMAudit | user=runner | ip=127.0.0.1 | op=ADD_ACL {"resourceType":"volume","storageType":"ozone","volume":"a2ea98fb-829a-4ef1-b7d1-14b97845c14d","bucket":null,"key":null,"acl":"[user:test-user:w[ACCESS]]","Transaction":"1415"} | ret=SUCCESS |  
2025-10-16 19:49:04,049 | INFO  | OMAudit | user=runner | ip=127.0.0.1 | op=ADD_ACL {"resourceType":"bucket","storageType":"ozone","volume":"a2ea98fb-829a-4ef1-b7d1-14b97845c14d","bucket":"2178fafe-624c-4c6c-b5f1-f1c2a5fd05c0","key":null,"acl":"[user:test-user:c[DEFAULT]]","Transaction":"1416"} | ret=SUCCESS |  
2025-10-16 19:49:04,052 | INFO  | OMAudit | user=runner | ip=127.0.0.1 | op=ADD_ACL {"resourceType":"bucket","storageType":"ozone","volume":"a2ea98fb-829a-4ef1-b7d1-14b97845c14d","bucket":"2178fafe-624c-4c6c-b5f1-f1c2a5fd05c0","key":null,"acl":"[user:test-user:c[ACCESS]]","Transaction":"1417"} | ret=SUCCESS |  
2025-10-16 19:49:04,055 | INFO  | OMAudit | user=runner | ip=127.0.0.1 | op=ADD_ACL {"resourceType":"bucket","storageType":"ozone","volume":"a2ea98fb-829a-4ef1-b7d1-14b97845c14d","bucket":"2178fafe-624c-4c6c-b5f1-f1c2a5fd05c0","key":null,"acl":"[user:test-user:w[DEFAULT]]","Transaction":"1418"} | ret=SUCCESS |  
2025-10-16 19:49:04,057 | INFO  | OMAudit | user=runner | ip=127.0.0.1 | op=ADD_ACL {"resourceType":"bucket","storageType":"ozone","volume":"a2ea98fb-829a-4ef1-b7d1-14b97845c14d","bucket":"2178fafe-624c-4c6c-b5f1-f1c2a5fd05c0","key":null,"acl":"[user:test-user:w[ACCESS]]","Transaction":"1419"} | ret=SUCCESS |  
2025-10-16 19:49:04,061 [om1-OMStateMachineApplyTransactionThread - 0] WARN  helpers.OzoneAclUtil (OzoneAclUtil.java:getDefaultAclList(68)) - Failed to get primary group from user test-user (auth:SIMPLE)
2025-10-16 19:49:04,061 | INFO  | OMAudit | user=test-user | ip=127.0.0.1 | op=INITIATE_MULTIPART_UPLOAD {"volume":"a2ea98fb-829a-4ef1-b7d1-14b97845c14d","bucket":"2178fafe-624c-4c6c-b5f1-f1c2a5fd05c0","key":"5a79437b-ff11-4683-81c0-f13c5eedf91d","dataSize":"0","replicationType":"RATIS","replicationFactor":"ONE","uploadID":"0199ee91-9bbb-77a8-9a9a-c21677740fb8-115385574625050970","Transaction":"1420"} | ret=SUCCESS |  
2025-10-16 19:49:04,062 [om1-OMDoubleBufferFlushThread] INFO  om.OmSnapshotManager (OmSnapshotManager.java:createOmSnapshotCheckpoint(545)) - Created checkpoint: /home/runner/work/ozone/ozone/hadoop-ozone/integration-test/target/test-dir/MiniOzoneClusterImpl-e7911277-7775-4457-96c8-94071a26a1ce/om/data/db.snapshots/checkpointState/om.db-d9d389db-4460-47cc-b17d-1f1e23bc1213 for snapshot /vol-b-85804/buc-b-43844/snapshot-b-0-83181
2025-10-16 19:49:04,067 | INFO  | OMAudit | user=runner | ip=127.0.0.1 | op=ALLOCATE_KEY {"volume":"a2ea98fb-829a-4ef1-b7d1-14b97845c14d","bucket":"2178fafe-624c-4c6c-b5f1-f1c2a5fd05c0","key":"5a79437b-ff11-4683-81c0-f13c5eedf91d","dataSize":"5242880","Transaction":"1421"} | ret=SUCCESS |  
2025-10-16 19:49:04,071 | INFO  | SCMAudit | user=runner | ip=127.0.0.1 | op=ALLOCATE_BLOCK {"replication":"RATIS/ONE","owner":"omServiceIdDefault","size":"4194304","sampleBlocks":"[conID: 2 locID: 115816896921600375]","num":"1","client":"","allocated":"1"} | ret=SUCCESS |  
2025-10-16 19:49:04,074 | INFO  | OMAudit | user=runner | ip=127.0.0.1 | op=ALLOCATE_BLOCK {"volume":"a2ea98fb-829a-4ef1-b7d1-14b97845c14d","bucket":"2178fafe-624c-4c6c-b5f1-f1c2a5fd05c0","key":"5a79437b-ff11-4683-81c0-f13c5eedf91d","dataSize":"5242880","replicationType":"RATIS","replicationFactor":"ONE","clientID":"115385574625444187","Transaction":"1422"} | ret=SUCCESS |  
2025-10-16 19:49:04,122 | INFO  | SCMAudit | user=runner | ip=127.0.0.1 | op=SEND_HEARTBEAT {"datanodeUUID":"e33e6ec4-6b66-4281-bedd-2bd75bd30070","term":"2","command":"[]"} | ret=SUCCESS |  
2025-10-16 19:49:04,123 | INFO  | SCMAudit | user=runner | ip=127.0.0.1 | op=SEND_HEARTBEAT {"datanodeUUID":"8a3c3252-9afe-4d3a-8492-25be6557678a","term":"2","command":"[]"} | ret=SUCCESS |  
2025-10-16 19:49:04,123 | INFO  | SCMAudit | user=runner | ip=127.0.0.1 | op=SEND_HEARTBEAT {"datanodeUUID":"c0724e9c-0dd4-4d47-992c-7bfe285fdd38","term":"2","command":"[]"} | ret=SUCCESS |  
2025-10-16 19:49:04,123 | INFO  | SCMAudit | user=runner | ip=127.0.0.1 | op=SEND_HEARTBEAT {"datanodeUUID":"aa213937-adc5-47da-a770-0ee1e4664344","term":"2","command":"[]"} | ret=SUCCESS |  
2025-10-16 19:49:04,124 | INFO  | SCMAudit | user=runner | ip=127.0.0.1 | op=SEND_HEARTBEAT {"datanodeUUID":"8a0fa2ff-b550-4652-b2fe-0cf91cd4a157","term":"2","command":"[]"} | ret=SUCCESS |  
2025-10-16 19:49:04,125 | INFO  | SCMAudit | user=runner | ip=127.0.0.1 | op=ALLOCATE_BLOCK {"replication":"RATIS/ONE","owner":"omServiceIdDefault","size":"4194304","sampleBlocks":"[conID: 10 locID: 115816896921600376]","num":"1","client":"","allocated":"1"} | ret=SUCCESS |  
2025-10-16 19:49:04,129 | INFO  | SCMAudit | user=runner | ip=127.0.0.1 | op=SEND_HEARTBEAT {"datanodeUUID":"58cff6b7-b2a7-446b-a75a-bb98ad6b11b8","term":"2","command":"[]"} | ret=SUCCESS |  
2025-10-16 19:49:04,129 | INFO  | OMAudit | user=runner | ip=127.0.0.1 | op=ALLOCATE_BLOCK {"volume":"a2ea98fb-829a-4ef1-b7d1-14b97845c14d","bucket":"2178fafe-624c-4c6c-b5f1-f1c2a5fd05c0","key":"5a79437b-ff11-4683-81c0-f13c5eedf91d","dataSize":"5242880","replicationType":"RATIS","replicationFactor":"ONE","clientID":"115385574625444187","Transaction":"1423"} | ret=SUCCESS |  
2025-10-16 19:49:04,138 [om1-OMDoubleBufferFlushThread] INFO  db.RDBCheckpointManager (RDBCheckpointManager.java:createCheckpoint(87)) - Created checkpoint in rocksDB at /home/runner/work/ozone/ozone/hadoop-ozone/integration-test/target/test-dir/MiniOzoneClusterImpl-e7911277-7775-4457-96c8-94071a26a1ce/om/data/db.snapshots/checkpointState/om.db-0e904c57-45d4-498e-8f56-db06ee6abd54 in 73 milliseconds
2025-10-16 19:49:04,139 | INFO  | SCMAudit | user=runner | ip=127.0.0.1 | op=SEND_HEARTBEAT {"datanodeUUID":"0428ab3f-efd5-438e-ae11-9ec242443260","term":"2","command":"[]"} | ret=SUCCESS |  
2025-10-16 19:49:04,146 | INFO  | SCMAudit | user=runner | ip=127.0.0.1 | op=SEND_HEARTBEAT {"datanodeUUID":"e072d245-7694-4d97-8e20-c503ebf8c2fe","term":"2","command":"[]"} | ret=SUCCESS |  
2025-10-16 19:49:04,164 | INFO  | OMAudit | user=runner | ip=127.0.0.1 | op=COMMIT_MULTIPART_UPLOAD_PARTKEY {"volume":"a2ea98fb-829a-4ef1-b7d1-14b97845c14d","bucket":"2178fafe-624c-4c6c-b5f1-f1c2a5fd05c0","key":"5a79437b-ff11-4683-81c0-f13c5eedf91d","dataSize":"5242880","ETag":"08b46181d7094b5ece88bb389c7499af","uploadID":"0199ee91-9bbb-77a8-9a9a-c21677740fb8-115385574625050970","partNumber":"1","partName":"/a2ea98fb-829a-4ef1-b7d1-14b97845c14d/2178fafe-624c-4c6c-b5f1-f1c2a5fd05c0/5a79437b-ff11-4683-81c0-f13c5eedf91d-0199ee91-9bbb-77a8-9a9a-c21677740fb8-115385574625050970-1","Transaction":"1424"} | ret=SUCCESS |  
2025-10-16 19:49:04,170 [om1-OMStateMachineApplyTransactionThread - 0] WARN  helpers.OzoneAclUtil (OzoneAclUtil.java:getDefaultAclList(68)) - Failed to get primary group from user test-user (auth:SIMPLE)
2025-10-16 19:49:04,171 | INFO  | OMAudit | user=test-user | ip=127.0.0.1 | op=COMPLETE_MULTIPART_UPLOAD {"volume":"a2ea98fb-829a-4ef1-b7d1-14b97845c14d","bucket":"2178fafe-624c-4c6c-b5f1-f1c2a5fd05c0","key":"5a79437b-ff11-4683-81c0-f13c5eedf91d","dataSize":"0","uploadID":"0199ee91-9bbb-77a8-9a9a-c21677740fb8-115385574625050970","multipartList":"[partNumber: 1 partName: \"08b46181d7094b5ece88bb389c7499af\" eTag: \"08b46181d7094b5ece88bb389c7499af\" ]","Transaction":"1425"} | ret=SUCCESS |  
2025-10-16 19:49:04,173 [IPC Server handler 0 on default port 15006] WARN  om.OzoneManager (OmMetadataReader.java:checkAcls(595)) - User test-user doesn't have READ permission to access key Volume:a2ea98fb-829a-4ef1-b7d1-14b97845c14d Bucket:2178fafe-624c-4c6c-b5f1-f1c2a5fd05c0 Key:861402b5-6e38-4bad-82eb-a9114e714589
2025-10-16 19:49:04,173 | ERROR | OMAudit | user=test-user | ip=127.0.0.1 | op=READ_KEY {"volume":"a2ea98fb-829a-4ef1-b7d1-14b97845c14d","bucket":"2178fafe-624c-4c6c-b5f1-f1c2a5fd05c0","key":"861402b5-6e38-4bad-82eb-a9114e714589","owner":null,"dataSize":"0","replicationConfig":null} | ret=FAILURE | 
org.apache.hadoop.ozone.om.exceptions.OMException: User test-user doesn't have READ permission to access key Volume:a2ea98fb-829a-4ef1-b7d1-14b97845c14d Bucket:2178fafe-624c-4c6c-b5f1-f1c2a5fd05c0 Key:861402b5-6e38-4bad-82eb-a9114e714589
	at org.apache.hadoop.ozone.om.OmMetadataReader.checkAcls(OmMetadataReader.java:598)
	at org.apache.hadoop.ozone.om.OmMetadataReader.checkAcls(OmMetadataReader.java:573)
 
2025-10-16 19:49:04,176 [om1-OMDoubleBufferFlushThread] INFO  om.OmSnapshotManager (OmSnapshotManager.java:createOmSnapshotCheckpoint(545)) - Created checkpoint: /home/runner/work/ozone/ozone/hadoop-ozone/integration-test/target/test-dir/MiniOzoneClusterImpl-e7911277-7775-4457-96c8-94071a26a1ce/om/data/db.snapshots/checkpointState/om.db-0e904c57-45d4-498e-8f56-db06ee6abd54 for snapshot /vol-a-85441/buc-a-13854/snapshot-b-1-19096
]]></system-out>
  </testcase>
  <testcase name="testMultipartUploadWithCustomMetadata(ReplicationConfig)[1]" classname="org.apache.hadoop.ozone.client.rpc.TestSecureOzoneRpcClient" time="0.286">
    <system-out><![CDATA[2025-10-16 19:49:04,180 [ForkJoinPool-1-worker-1] INFO  rpc.RpcClient (RpcClient.java:createVolume(461)) - Creating Volume: 59033688-c02b-498d-8a5a-455160e2a83f, with runner as owner and space quota set to -1 bytes, counts quota set to -1
2025-10-16 19:49:04,182 [om1-OMStateMachineApplyTransactionThread - 0] INFO  volume.OMVolumeCreateRequest (OMVolumeCreateRequest.java:validateAndUpdateCache(213)) - created volume:59033688-c02b-498d-8a5a-455160e2a83f for user:runner
2025-10-16 19:49:04,183 | INFO  | OMAudit | user=runner | ip=127.0.0.1 | op=CREATE_VOLUME {"admin":"runner","owner":"runner","volume":"59033688-c02b-498d-8a5a-455160e2a83f","creationTime":"1760644144181","modificationTime":"1760644144181","quotaInBytes":"-1","quotaInNamespace":"-1","usedNamespace":"0","objectID":"-9223372036854410752","updateID":"1426","Transaction":"1426"} | ret=SUCCESS |  
2025-10-16 19:49:04,185 | INFO  | OMAudit | user=runner | ip=127.0.0.1 | op=READ_VOLUME {"volume":"59033688-c02b-498d-8a5a-455160e2a83f"} | ret=SUCCESS |  
2025-10-16 19:49:04,185 [ForkJoinPool-1-worker-1] INFO  rpc.RpcClient (RpcClient.java:createBucket(686)) - Creating Bucket: 59033688-c02b-498d-8a5a-455160e2a83f/67cedda1-22b4-4075-8860-18b28cf2eb88, with server-side default bucket layout, runner as owner, Versioning false, Storage Type set to DISK and Encryption set to false, Replication Type set to server-side default replication type, Namespace Quota set to -1, Space Quota set to -1 
2025-10-16 19:49:04,210 [om1-OMStateMachineApplyTransactionThread - 0] INFO  bucket.OMBucketCreateRequest (OMBucketCreateRequest.java:validateAndUpdateCache(303)) - created bucket: 67cedda1-22b4-4075-8860-18b28cf2eb88 of layout FILE_SYSTEM_OPTIMIZED in volume: 59033688-c02b-498d-8a5a-455160e2a83f
2025-10-16 19:49:04,211 | INFO  | OMAudit | user=runner | ip=127.0.0.1 | op=CREATE_BUCKET {"volume":"59033688-c02b-498d-8a5a-455160e2a83f","bucket":"67cedda1-22b4-4075-8860-18b28cf2eb88","bucketLayout":"FILE_SYSTEM_OPTIMIZED","gdprEnabled":null,"acls":"[user:runner:a[ACCESS], group:runner:rl[ACCESS]]","isVersionEnabled":"false","storageType":"DISK","creationTime":"1760644144187","bucketEncryptionKey":null,"modificationTime":"1760644144187","usedBytes":"0","usedNamespace":"0","snapshotUsedBytes":"0","snapshotUsedNamespace":"0","owner":"runner","replicationType":null,"replicationConfig":null,"quotaInBytes":"-1","quotaInNamespace":"-1","Transaction":"1427"} | ret=SUCCESS |  
2025-10-16 19:49:04,215 | INFO  | OMAudit | user=runner | ip=127.0.0.1 | op=READ_BUCKET {"volume":"59033688-c02b-498d-8a5a-455160e2a83f","bucket":"67cedda1-22b4-4075-8860-18b28cf2eb88"} | ret=SUCCESS |  
2025-10-16 19:49:04,221 | INFO  | OMAudit | user=runner | ip=127.0.0.1 | op=INITIATE_MULTIPART_UPLOAD {"volume":"59033688-c02b-498d-8a5a-455160e2a83f","bucket":"67cedda1-22b4-4075-8860-18b28cf2eb88","key":"6fbcbc79-791f-4860-a5f3-eaa7571d1adc","dataSize":"0","replicationType":"RATIS","replicationFactor":"ONE","uploadID":"0199ee91-9c5b-793e-b2cf-516898ac7301-115385574635536732","Transaction":"1428"} | ret=SUCCESS |  
2025-10-16 19:49:04,226 | INFO  | OMAudit | user=runner | ip=127.0.0.1 | op=ALLOCATE_KEY {"volume":"59033688-c02b-498d-8a5a-455160e2a83f","bucket":"67cedda1-22b4-4075-8860-18b28cf2eb88","key":"6fbcbc79-791f-4860-a5f3-eaa7571d1adc","dataSize":"5242880","Transaction":"1429"} | ret=SUCCESS |  
2025-10-16 19:49:04,229 | INFO  | SCMAudit | user=runner | ip=127.0.0.1 | op=ALLOCATE_BLOCK {"replication":"RATIS/ONE","owner":"omServiceIdDefault","size":"4194304","sampleBlocks":"[conID: 5 locID: 115816896921600377]","num":"1","client":"","allocated":"1"} | ret=SUCCESS |  
2025-10-16 19:49:04,231 [om1-OMDoubleBufferFlushThread] INFO  db.RDBCheckpointManager (RDBCheckpointManager.java:createCheckpoint(87)) - Created checkpoint in rocksDB at /home/runner/work/ozone/ozone/hadoop-ozone/integration-test/target/test-dir/MiniOzoneClusterImpl-e7911277-7775-4457-96c8-94071a26a1ce/om/data/db.snapshots/checkpointState/om.db-32860aef-fe35-4556-ac41-b46dfafc67c1 in 54 milliseconds
2025-10-16 19:49:04,233 | INFO  | OMAudit | user=runner | ip=127.0.0.1 | op=ALLOCATE_BLOCK {"volume":"59033688-c02b-498d-8a5a-455160e2a83f","bucket":"67cedda1-22b4-4075-8860-18b28cf2eb88","key":"6fbcbc79-791f-4860-a5f3-eaa7571d1adc","dataSize":"5242880","replicationType":"RATIS","replicationFactor":"ONE","clientID":"115385574635864413","Transaction":"1430"} | ret=SUCCESS |  
2025-10-16 19:49:04,272 [om1-OMDoubleBufferFlushThread] INFO  om.OmSnapshotManager (OmSnapshotManager.java:createOmSnapshotCheckpoint(545)) - Created checkpoint: /home/runner/work/ozone/ozone/hadoop-ozone/integration-test/target/test-dir/MiniOzoneClusterImpl-e7911277-7775-4457-96c8-94071a26a1ce/om/data/db.snapshots/checkpointState/om.db-32860aef-fe35-4556-ac41-b46dfafc67c1 for snapshot /vol-a-85441/buc-b-43844/snapshot-b-1-50263
2025-10-16 19:49:04,277 | INFO  | SCMAudit | user=runner | ip=127.0.0.1 | op=ALLOCATE_BLOCK {"replication":"RATIS/ONE","owner":"omServiceIdDefault","size":"4194304","sampleBlocks":"[conID: 2 locID: 115816896921600378]","num":"1","client":"","allocated":"1"} | ret=SUCCESS |  
2025-10-16 19:49:04,279 | INFO  | OMAudit | user=runner | ip=127.0.0.1 | op=ALLOCATE_BLOCK {"volume":"59033688-c02b-498d-8a5a-455160e2a83f","bucket":"67cedda1-22b4-4075-8860-18b28cf2eb88","key":"6fbcbc79-791f-4860-a5f3-eaa7571d1adc","dataSize":"5242880","replicationType":"RATIS","replicationFactor":"ONE","clientID":"115385574635864413","Transaction":"1431"} | ret=SUCCESS |  
2025-10-16 19:49:04,295 | INFO  | OMAudit | user=runner | ip=127.0.0.1 | op=COMMIT_MULTIPART_UPLOAD_PARTKEY {"volume":"59033688-c02b-498d-8a5a-455160e2a83f","bucket":"67cedda1-22b4-4075-8860-18b28cf2eb88","key":"6fbcbc79-791f-4860-a5f3-eaa7571d1adc","dataSize":"5242880","ETag":"74843a3ab193a389bced899402d99d5f","uploadID":"0199ee91-9c5b-793e-b2cf-516898ac7301-115385574635536732","partNumber":"1","partName":"/59033688-c02b-498d-8a5a-455160e2a83f/67cedda1-22b4-4075-8860-18b28cf2eb88/6fbcbc79-791f-4860-a5f3-eaa7571d1adc-0199ee91-9c5b-793e-b2cf-516898ac7301-115385574635536732-1","Transaction":"1432"} | ret=SUCCESS |  
2025-10-16 19:49:04,298 | INFO  | OMAudit | user=runner | ip=127.0.0.1 | op=ALLOCATE_KEY {"volume":"59033688-c02b-498d-8a5a-455160e2a83f","bucket":"67cedda1-22b4-4075-8860-18b28cf2eb88","key":"6fbcbc79-791f-4860-a5f3-eaa7571d1adc","dataSize":"5242880","Transaction":"1433"} | ret=SUCCESS |  
2025-10-16 19:49:04,300 | INFO  | SCMAudit | user=runner | ip=127.0.0.1 | op=ALLOCATE_BLOCK {"replication":"RATIS/ONE","owner":"omServiceIdDefault","size":"4194304","sampleBlocks":"[conID: 12 locID: 115816896921600379]","num":"1","client":"","allocated":"1"} | ret=SUCCESS |  
2025-10-16 19:49:04,302 | INFO  | OMAudit | user=runner | ip=127.0.0.1 | op=ALLOCATE_BLOCK {"volume":"59033688-c02b-498d-8a5a-455160e2a83f","bucket":"67cedda1-22b4-4075-8860-18b28cf2eb88","key":"6fbcbc79-791f-4860-a5f3-eaa7571d1adc","dataSize":"5242880","replicationType":"RATIS","replicationFactor":"ONE","clientID":"115385574640648542","Transaction":"1434"} | ret=SUCCESS |  
2025-10-16 19:49:04,312 | INFO  | SCMAudit | user=runner | ip=127.0.0.1 | op=SEND_HEARTBEAT {"datanodeUUID":"764b18f0-81c5-439a-9fff-25adc4f241fa","term":"2","command":"[]"} | ret=SUCCESS |  
2025-10-16 19:49:04,312 | INFO  | SCMAudit | user=runner | ip=127.0.0.1 | op=SEND_HEARTBEAT {"datanodeUUID":"76d4ba71-5bbb-4b24-8f51-8bc7f78aaca4","term":"2","command":"[]"} | ret=SUCCESS |  
2025-10-16 19:49:04,314 [om1-OMDoubleBufferFlushThread] INFO  db.RDBCheckpointManager (RDBCheckpointManager.java:createCheckpoint(87)) - Created checkpoint in rocksDB at /home/runner/work/ozone/ozone/hadoop-ozone/integration-test/target/test-dir/MiniOzoneClusterImpl-e7911277-7775-4457-96c8-94071a26a1ce/om/data/db.snapshots/checkpointState/om.db-48f6a702-9cb4-41ad-bc5f-9bf7d9f2009c in 40 milliseconds
2025-10-16 19:49:04,330 | INFO  | SCMAudit | user=runner | ip=127.0.0.1 | op=ALLOCATE_BLOCK {"replication":"RATIS/ONE","owner":"omServiceIdDefault","size":"4194304","sampleBlocks":"[conID: 5 locID: 115816896921600380]","num":"1","client":"","allocated":"1"} | ret=SUCCESS |  
2025-10-16 19:49:04,332 | INFO  | OMAudit | user=runner | ip=127.0.0.1 | op=ALLOCATE_BLOCK {"volume":"59033688-c02b-498d-8a5a-455160e2a83f","bucket":"67cedda1-22b4-4075-8860-18b28cf2eb88","key":"6fbcbc79-791f-4860-a5f3-eaa7571d1adc","dataSize":"5242880","replicationType":"RATIS","replicationFactor":"ONE","clientID":"115385574640648542","Transaction":"1435"} | ret=SUCCESS |  
2025-10-16 19:49:04,342 [om1-OMDoubleBufferFlushThread] INFO  om.OmSnapshotManager (OmSnapshotManager.java:createOmSnapshotCheckpoint(545)) - Created checkpoint: /home/runner/work/ozone/ozone/hadoop-ozone/integration-test/target/test-dir/MiniOzoneClusterImpl-e7911277-7775-4457-96c8-94071a26a1ce/om/data/db.snapshots/checkpointState/om.db-48f6a702-9cb4-41ad-bc5f-9bf7d9f2009c for snapshot /vol-b-85804/buc-a-13854/snapshot-b-1-96381
2025-10-16 19:49:04,348 | INFO  | OMAudit | user=runner | ip=127.0.0.1 | op=COMMIT_MULTIPART_UPLOAD_PARTKEY {"volume":"59033688-c02b-498d-8a5a-455160e2a83f","bucket":"67cedda1-22b4-4075-8860-18b28cf2eb88","key":"6fbcbc79-791f-4860-a5f3-eaa7571d1adc","dataSize":"5242880","ETag":"74843a3ab193a389bced899402d99d5f","uploadID":"0199ee91-9c5b-793e-b2cf-516898ac7301-115385574635536732","partNumber":"2","partName":"/59033688-c02b-498d-8a5a-455160e2a83f/67cedda1-22b4-4075-8860-18b28cf2eb88/6fbcbc79-791f-4860-a5f3-eaa7571d1adc-0199ee91-9c5b-793e-b2cf-516898ac7301-115385574635536732-2","Transaction":"1436"} | ret=SUCCESS |  
2025-10-16 19:49:04,351 | INFO  | OMAudit | user=runner | ip=127.0.0.1 | op=ALLOCATE_KEY {"volume":"59033688-c02b-498d-8a5a-455160e2a83f","bucket":"67cedda1-22b4-4075-8860-18b28cf2eb88","key":"6fbcbc79-791f-4860-a5f3-eaa7571d1adc","dataSize":"36","Transaction":"1437"} | ret=SUCCESS |  
2025-10-16 19:49:04,354 | INFO  | SCMAudit | user=runner | ip=127.0.0.1 | op=ALLOCATE_BLOCK {"replication":"RATIS/ONE","owner":"omServiceIdDefault","size":"4194304","sampleBlocks":"[conID: 2 locID: 115816896921600381]","num":"1","client":"","allocated":"1"} | ret=SUCCESS |  
2025-10-16 19:49:04,357 | INFO  | OMAudit | user=runner | ip=127.0.0.1 | op=ALLOCATE_BLOCK {"volume":"59033688-c02b-498d-8a5a-455160e2a83f","bucket":"67cedda1-22b4-4075-8860-18b28cf2eb88","key":"6fbcbc79-791f-4860-a5f3-eaa7571d1adc","dataSize":"36","replicationType":"RATIS","replicationFactor":"ONE","clientID":"115385574644121951","Transaction":"1438"} | ret=SUCCESS |  
2025-10-16 19:49:04,364 | INFO  | OMAudit | user=runner | ip=127.0.0.1 | op=COMMIT_MULTIPART_UPLOAD_PARTKEY {"volume":"59033688-c02b-498d-8a5a-455160e2a83f","bucket":"67cedda1-22b4-4075-8860-18b28cf2eb88","key":"6fbcbc79-791f-4860-a5f3-eaa7571d1adc","dataSize":"36","ETag":"39c5369d40caec65eebd87f589d21f71","uploadID":"0199ee91-9c5b-793e-b2cf-516898ac7301-115385574635536732","partNumber":"3","partName":"/59033688-c02b-498d-8a5a-455160e2a83f/67cedda1-22b4-4075-8860-18b28cf2eb88/6fbcbc79-791f-4860-a5f3-eaa7571d1adc-0199ee91-9c5b-793e-b2cf-516898ac7301-115385574635536732-3","Transaction":"1439"} | ret=SUCCESS |  
2025-10-16 19:49:04,368 | INFO  | OMAudit | user=runner | ip=127.0.0.1 | op=COMPLETE_MULTIPART_UPLOAD {"volume":"59033688-c02b-498d-8a5a-455160e2a83f","bucket":"67cedda1-22b4-4075-8860-18b28cf2eb88","key":"6fbcbc79-791f-4860-a5f3-eaa7571d1adc","dataSize":"0","uploadID":"0199ee91-9c5b-793e-b2cf-516898ac7301-115385574635536732","multipartList":"[partNumber: 1 partName: \"74843a3ab193a389bced899402d99d5f\" eTag: \"74843a3ab193a389bced899402d99d5f\" , partNumber: 2 partName: \"74843a3ab193a389bced899402d99d5f\" eTag: \"74843a3ab193a389bced899402d99d5f\" , partNumber: 3 partName: \"39c5369d40caec65eebd87f589d21f71\" eTag: \"39c5369d40caec65eebd87f589d21f71\" ]","Transaction":"1440"} | ret=SUCCESS |  
2025-10-16 19:49:04,371 | INFO  | OMAudit | user=runner | ip=127.0.0.1 | op=READ_KEY {"volume":"59033688-c02b-498d-8a5a-455160e2a83f","bucket":"67cedda1-22b4-4075-8860-18b28cf2eb88","key":"6fbcbc79-791f-4860-a5f3-eaa7571d1adc","owner":null,"dataSize":"0","replicationConfig":null} | ret=SUCCESS |  
2025-10-16 19:49:04,382 [om1-OMDoubleBufferFlushThread] INFO  db.RDBCheckpointManager (RDBCheckpointManager.java:createCheckpoint(87)) - Created checkpoint in rocksDB at /home/runner/work/ozone/ozone/hadoop-ozone/integration-test/target/test-dir/MiniOzoneClusterImpl-e7911277-7775-4457-96c8-94071a26a1ce/om/data/db.snapshots/checkpointState/om.db-70b62bc9-3c65-4123-aa59-dad677dd3048 in 37 milliseconds
2025-10-16 19:49:04,413 [om1-OMDoubleBufferFlushThread] INFO  om.OmSnapshotManager (OmSnapshotManager.java:createOmSnapshotCheckpoint(545)) - Created checkpoint: /home/runner/work/ozone/ozone/hadoop-ozone/integration-test/target/test-dir/MiniOzoneClusterImpl-e7911277-7775-4457-96c8-94071a26a1ce/om/data/db.snapshots/checkpointState/om.db-70b62bc9-3c65-4123-aa59-dad677dd3048 for snapshot /vol-b-85804/buc-b-43844/snapshot-b-1-30234
2025-10-16 19:49:04,447 | INFO  | SCMAudit | user=runner | ip=127.0.0.1 | op=GET_CONTAINER_WITH_PIPELINE_BATCH {"containerIDs":"#2,#5,#12,"} | ret=SUCCESS |  
2025-10-16 19:49:04,448 | INFO  | OMAudit | user=null | ip= | op=READ_KEY {"volume":"59033688-c02b-498d-8a5a-455160e2a83f","bucket":"67cedda1-22b4-4075-8860-18b28cf2eb88","key":"6fbcbc79-791f-4860-a5f3-eaa7571d1adc","owner":null,"dataSize":"0","replicationConfig":null} | ret=SUCCESS |  
2025-10-16 19:49:04,449 | INFO  | SCMAudit | user=runner | ip=127.0.0.1 | op=GET_CONTAINER {"containerID":"5"} | ret=SUCCESS |  
2025-10-16 19:49:04,449 | INFO  | SCMAudit | user=runner | ip=127.0.0.1 | op=GET_CONTAINER {"containerID":"2"} | ret=SUCCESS |  
2025-10-16 19:49:04,450 | INFO  | SCMAudit | user=runner | ip=127.0.0.1 | op=GET_CONTAINER {"containerID":"12"} | ret=SUCCESS |  
2025-10-16 19:49:04,451 | INFO  | SCMAudit | user=runner | ip=127.0.0.1 | op=GET_CONTAINER {"containerID":"5"} | ret=SUCCESS |  
2025-10-16 19:49:04,452 | INFO  | SCMAudit | user=runner | ip=127.0.0.1 | op=GET_CONTAINER {"containerID":"2"} | ret=SUCCESS |  
]]></system-out>
  </testcase>
  <testcase name="testMultipartUploadWithCustomMetadata(ReplicationConfig)[2]" classname="org.apache.hadoop.ozone.client.rpc.TestSecureOzoneRpcClient" time="0.334">
    <system-out><![CDATA[2025-10-16 19:49:04,468 [ForkJoinPool-1-worker-1] INFO  rpc.RpcClient (RpcClient.java:createVolume(461)) - Creating Volume: a5740dbd-3e84-46f8-b0c5-ce851280f566, with runner as owner and space quota set to -1 bytes, counts quota set to -1
2025-10-16 19:49:04,477 [om1-OMStateMachineApplyTransactionThread - 0] INFO  volume.OMVolumeCreateRequest (OMVolumeCreateRequest.java:validateAndUpdateCache(213)) - created volume:a5740dbd-3e84-46f8-b0c5-ce851280f566 for user:runner
2025-10-16 19:49:04,477 | INFO  | OMAudit | user=runner | ip=127.0.0.1 | op=CREATE_VOLUME {"admin":"runner","owner":"runner","volume":"a5740dbd-3e84-46f8-b0c5-ce851280f566","creationTime":"1760644144471","modificationTime":"1760644144471","quotaInBytes":"-1","quotaInNamespace":"-1","usedNamespace":"0","objectID":"-9223372036854406912","updateID":"1441","Transaction":"1441"} | ret=SUCCESS |  
2025-10-16 19:49:04,479 | INFO  | OMAudit | user=runner | ip=127.0.0.1 | op=READ_VOLUME {"volume":"a5740dbd-3e84-46f8-b0c5-ce851280f566"} | ret=SUCCESS |  
2025-10-16 19:49:04,480 [ForkJoinPool-1-worker-1] INFO  rpc.RpcClient (RpcClient.java:createBucket(686)) - Creating Bucket: a5740dbd-3e84-46f8-b0c5-ce851280f566/ff2f1ed1-00e9-4032-81d9-1e1c5b3a4c90, with server-side default bucket layout, runner as owner, Versioning false, Storage Type set to DISK and Encryption set to false, Replication Type set to server-side default replication type, Namespace Quota set to -1, Space Quota set to -1 
2025-10-16 19:49:04,481 [om1-OMStateMachineApplyTransactionThread - 0] INFO  bucket.OMBucketCreateRequest (OMBucketCreateRequest.java:validateAndUpdateCache(303)) - created bucket: ff2f1ed1-00e9-4032-81d9-1e1c5b3a4c90 of layout FILE_SYSTEM_OPTIMIZED in volume: a5740dbd-3e84-46f8-b0c5-ce851280f566
2025-10-16 19:49:04,482 | INFO  | OMAudit | user=runner | ip=127.0.0.1 | op=CREATE_BUCKET {"volume":"a5740dbd-3e84-46f8-b0c5-ce851280f566","bucket":"ff2f1ed1-00e9-4032-81d9-1e1c5b3a4c90","bucketLayout":"FILE_SYSTEM_OPTIMIZED","gdprEnabled":null,"acls":"[user:runner:a[ACCESS], group:runner:rl[ACCESS]]","isVersionEnabled":"false","storageType":"DISK","creationTime":"1760644144481","bucketEncryptionKey":null,"modificationTime":"1760644144481","usedBytes":"0","usedNamespace":"0","snapshotUsedBytes":"0","snapshotUsedNamespace":"0","owner":"runner","replicationType":null,"replicationConfig":null,"quotaInBytes":"-1","quotaInNamespace":"-1","Transaction":"1442"} | ret=SUCCESS |  
2025-10-16 19:49:04,483 [om1-OMDoubleBufferFlushThread] INFO  db.RDBCheckpointManager (RDBCheckpointManager.java:createCheckpoint(87)) - Created checkpoint in rocksDB at /home/runner/work/ozone/ozone/hadoop-ozone/integration-test/target/test-dir/MiniOzoneClusterImpl-e7911277-7775-4457-96c8-94071a26a1ce/om/data/db.snapshots/checkpointState/om.db-efce71b0-7056-4393-a033-61c30f4ccbf2 in 67 milliseconds
2025-10-16 19:49:04,483 | INFO  | OMAudit | user=runner | ip=127.0.0.1 | op=READ_BUCKET {"volume":"a5740dbd-3e84-46f8-b0c5-ce851280f566","bucket":"ff2f1ed1-00e9-4032-81d9-1e1c5b3a4c90"} | ret=SUCCESS |  
2025-10-16 19:49:04,486 | INFO  | OMAudit | user=runner | ip=127.0.0.1 | op=INITIATE_MULTIPART_UPLOAD {"volume":"a5740dbd-3e84-46f8-b0c5-ce851280f566","bucket":"ff2f1ed1-00e9-4032-81d9-1e1c5b3a4c90","key":"24e12154-339c-4d71-ac2e-1421aafcc902","dataSize":"0","replicationType":"RATIS","replicationFactor":"THREE","uploadID":"0199ee91-9d64-7ddb-8fbb-5c0559d1d75c-115385574652903776","Transaction":"1443"} | ret=SUCCESS |  
2025-10-16 19:49:04,489 | INFO  | OMAudit | user=runner | ip=127.0.0.1 | op=ALLOCATE_KEY {"volume":"a5740dbd-3e84-46f8-b0c5-ce851280f566","bucket":"ff2f1ed1-00e9-4032-81d9-1e1c5b3a4c90","key":"24e12154-339c-4d71-ac2e-1421aafcc902","dataSize":"5242880","Transaction":"1444"} | ret=SUCCESS |  
2025-10-16 19:49:04,492 | INFO  | SCMAudit | user=runner | ip=127.0.0.1 | op=ALLOCATE_BLOCK {"replication":"RATIS/THREE","owner":"omServiceIdDefault","size":"4194304","sampleBlocks":"[conID: 18 locID: 115816896921600382]","num":"1","client":"","allocated":"1"} | ret=SUCCESS |  
2025-10-16 19:49:04,494 | INFO  | OMAudit | user=runner | ip=127.0.0.1 | op=ALLOCATE_BLOCK {"volume":"a5740dbd-3e84-46f8-b0c5-ce851280f566","bucket":"ff2f1ed1-00e9-4032-81d9-1e1c5b3a4c90","key":"24e12154-339c-4d71-ac2e-1421aafcc902","dataSize":"5242880","replicationType":"RATIS","replicationFactor":"THREE","clientID":"115385574653165921","Transaction":"1445"} | ret=SUCCESS |  
2025-10-16 19:49:04,524 [om1-OMDoubleBufferFlushThread] INFO  om.OmSnapshotManager (OmSnapshotManager.java:createOmSnapshotCheckpoint(545)) - Created checkpoint: /home/runner/work/ozone/ozone/hadoop-ozone/integration-test/target/test-dir/MiniOzoneClusterImpl-e7911277-7775-4457-96c8-94071a26a1ce/om/data/db.snapshots/checkpointState/om.db-efce71b0-7056-4393-a033-61c30f4ccbf2 for snapshot /vol-a-85441/buc-a-13854/snapshot-b-2-94490
2025-10-16 19:49:04,551 | INFO  | SCMAudit | user=runner | ip=127.0.0.1 | op=ALLOCATE_BLOCK {"replication":"RATIS/THREE","owner":"omServiceIdDefault","size":"4194304","sampleBlocks":"[conID: 16 locID: 115816896921600383]","num":"1","client":"","allocated":"1"} | ret=SUCCESS |  
2025-10-16 19:49:04,554 | INFO  | OMAudit | user=runner | ip=127.0.0.1 | op=ALLOCATE_BLOCK {"volume":"a5740dbd-3e84-46f8-b0c5-ce851280f566","bucket":"ff2f1ed1-00e9-4032-81d9-1e1c5b3a4c90","key":"24e12154-339c-4d71-ac2e-1421aafcc902","dataSize":"5242880","replicationType":"RATIS","replicationFactor":"THREE","clientID":"115385574653165921","Transaction":"1446"} | ret=SUCCESS |  
2025-10-16 19:49:04,584 | INFO  | OMAudit | user=runner | ip=127.0.0.1 | op=COMMIT_MULTIPART_UPLOAD_PARTKEY {"volume":"a5740dbd-3e84-46f8-b0c5-ce851280f566","bucket":"ff2f1ed1-00e9-4032-81d9-1e1c5b3a4c90","key":"24e12154-339c-4d71-ac2e-1421aafcc902","dataSize":"5242880","ETag":"74843a3ab193a389bced899402d99d5f","uploadID":"0199ee91-9d64-7ddb-8fbb-5c0559d1d75c-115385574652903776","partNumber":"1","partName":"/a5740dbd-3e84-46f8-b0c5-ce851280f566/ff2f1ed1-00e9-4032-81d9-1e1c5b3a4c90/24e12154-339c-4d71-ac2e-1421aafcc902-0199ee91-9d64-7ddb-8fbb-5c0559d1d75c-115385574652903776-1","Transaction":"1447"} | ret=SUCCESS |  
2025-10-16 19:49:04,588 | INFO  | OMAudit | user=runner | ip=127.0.0.1 | op=ALLOCATE_KEY {"volume":"a5740dbd-3e84-46f8-b0c5-ce851280f566","bucket":"ff2f1ed1-00e9-4032-81d9-1e1c5b3a4c90","key":"24e12154-339c-4d71-ac2e-1421aafcc902","dataSize":"5242880","Transaction":"1448"} | ret=SUCCESS |  
2025-10-16 19:49:04,590 | INFO  | SCMAudit | user=runner | ip=127.0.0.1 | op=ALLOCATE_BLOCK {"replication":"RATIS/THREE","owner":"omServiceIdDefault","size":"4194304","sampleBlocks":"[conID: 18 locID: 115816896921600384]","num":"1","client":"","allocated":"1"} | ret=SUCCESS |  
2025-10-16 19:49:04,594 | INFO  | OMAudit | user=runner | ip=127.0.0.1 | op=ALLOCATE_BLOCK {"volume":"a5740dbd-3e84-46f8-b0c5-ce851280f566","bucket":"ff2f1ed1-00e9-4032-81d9-1e1c5b3a4c90","key":"24e12154-339c-4d71-ac2e-1421aafcc902","dataSize":"5242880","replicationType":"RATIS","replicationFactor":"THREE","clientID":"115385574659588450","Transaction":"1449"} | ret=SUCCESS |  
2025-10-16 19:49:04,600 [om1-OMDoubleBufferFlushThread] INFO  db.RDBCheckpointManager (RDBCheckpointManager.java:createCheckpoint(87)) - Created checkpoint in rocksDB at /home/runner/work/ozone/ozone/hadoop-ozone/integration-test/target/test-dir/MiniOzoneClusterImpl-e7911277-7775-4457-96c8-94071a26a1ce/om/data/db.snapshots/checkpointState/om.db-98bcb888-c01d-4371-9d2c-307fee3ae92e in 74 milliseconds
2025-10-16 19:49:04,641 | INFO  | SCMAudit | user=runner | ip=127.0.0.1 | op=ALLOCATE_BLOCK {"replication":"RATIS/THREE","owner":"omServiceIdDefault","size":"4194304","sampleBlocks":"[conID: 21 locID: 115816896921600385]","num":"1","client":"","allocated":"1"} | ret=SUCCESS |  
2025-10-16 19:49:04,641 | INFO  | SCMAudit | user=runner | ip=127.0.0.1 | op=SEND_HEARTBEAT {"datanodeUUID":"0e8b6cc7-9945-4141-97fc-6aa017a0d5fa","term":"2","command":"[]"} | ret=SUCCESS |  
2025-10-16 19:49:04,644 | INFO  | OMAudit | user=runner | ip=127.0.0.1 | op=ALLOCATE_BLOCK {"volume":"a5740dbd-3e84-46f8-b0c5-ce851280f566","bucket":"ff2f1ed1-00e9-4032-81d9-1e1c5b3a4c90","key":"24e12154-339c-4d71-ac2e-1421aafcc902","dataSize":"5242880","replicationType":"RATIS","replicationFactor":"THREE","clientID":"115385574659588450","Transaction":"1450"} | ret=SUCCESS |  
2025-10-16 19:49:04,645 [om1-OMDoubleBufferFlushThread] INFO  om.OmSnapshotManager (OmSnapshotManager.java:createOmSnapshotCheckpoint(545)) - Created checkpoint: /home/runner/work/ozone/ozone/hadoop-ozone/integration-test/target/test-dir/MiniOzoneClusterImpl-e7911277-7775-4457-96c8-94071a26a1ce/om/data/db.snapshots/checkpointState/om.db-98bcb888-c01d-4371-9d2c-307fee3ae92e for snapshot /vol-a-85441/buc-b-43844/snapshot-b-2-92317
2025-10-16 19:49:04,672 | INFO  | OMAudit | user=runner | ip=127.0.0.1 | op=COMMIT_MULTIPART_UPLOAD_PARTKEY {"volume":"a5740dbd-3e84-46f8-b0c5-ce851280f566","bucket":"ff2f1ed1-00e9-4032-81d9-1e1c5b3a4c90","key":"24e12154-339c-4d71-ac2e-1421aafcc902","dataSize":"5242880","ETag":"74843a3ab193a389bced899402d99d5f","uploadID":"0199ee91-9d64-7ddb-8fbb-5c0559d1d75c-115385574652903776","partNumber":"2","partName":"/a5740dbd-3e84-46f8-b0c5-ce851280f566/ff2f1ed1-00e9-4032-81d9-1e1c5b3a4c90/24e12154-339c-4d71-ac2e-1421aafcc902-0199ee91-9d64-7ddb-8fbb-5c0559d1d75c-115385574652903776-2","Transaction":"1451"} | ret=SUCCESS |  
2025-10-16 19:49:04,675 | INFO  | OMAudit | user=runner | ip=127.0.0.1 | op=ALLOCATE_KEY {"volume":"a5740dbd-3e84-46f8-b0c5-ce851280f566","bucket":"ff2f1ed1-00e9-4032-81d9-1e1c5b3a4c90","key":"24e12154-339c-4d71-ac2e-1421aafcc902","dataSize":"36","Transaction":"1452"} | ret=SUCCESS |  
2025-10-16 19:49:04,678 | INFO  | SCMAudit | user=runner | ip=127.0.0.1 | op=ALLOCATE_BLOCK {"replication":"RATIS/THREE","owner":"omServiceIdDefault","size":"4194304","sampleBlocks":"[conID: 21 locID: 115816896921600386]","num":"1","client":"","allocated":"1"} | ret=SUCCESS |  
2025-10-16 19:49:04,681 | INFO  | OMAudit | user=runner | ip=127.0.0.1 | op=ALLOCATE_BLOCK {"volume":"a5740dbd-3e84-46f8-b0c5-ce851280f566","bucket":"ff2f1ed1-00e9-4032-81d9-1e1c5b3a4c90","key":"24e12154-339c-4d71-ac2e-1421aafcc902","dataSize":"36","replicationType":"RATIS","replicationFactor":"THREE","clientID":"115385574665355619","Transaction":"1453"} | ret=SUCCESS |  
2025-10-16 19:49:04,697 | INFO  | OMAudit | user=runner | ip=127.0.0.1 | op=COMMIT_MULTIPART_UPLOAD_PARTKEY {"volume":"a5740dbd-3e84-46f8-b0c5-ce851280f566","bucket":"ff2f1ed1-00e9-4032-81d9-1e1c5b3a4c90","key":"24e12154-339c-4d71-ac2e-1421aafcc902","dataSize":"36","ETag":"6fe2f3cee70d4bc43e6cf7ada3a51ec8","uploadID":"0199ee91-9d64-7ddb-8fbb-5c0559d1d75c-115385574652903776","partNumber":"3","partName":"/a5740dbd-3e84-46f8-b0c5-ce851280f566/ff2f1ed1-00e9-4032-81d9-1e1c5b3a4c90/24e12154-339c-4d71-ac2e-1421aafcc902-0199ee91-9d64-7ddb-8fbb-5c0559d1d75c-115385574652903776-3","Transaction":"1454"} | ret=SUCCESS |  
2025-10-16 19:49:04,705 | INFO  | OMAudit | user=runner | ip=127.0.0.1 | op=COMPLETE_MULTIPART_UPLOAD {"volume":"a5740dbd-3e84-46f8-b0c5-ce851280f566","bucket":"ff2f1ed1-00e9-4032-81d9-1e1c5b3a4c90","key":"24e12154-339c-4d71-ac2e-1421aafcc902","dataSize":"0","uploadID":"0199ee91-9d64-7ddb-8fbb-5c0559d1d75c-115385574652903776","multipartList":"[partNumber: 1 partName: \"74843a3ab193a389bced899402d99d5f\" eTag: \"74843a3ab193a389bced899402d99d5f\" , partNumber: 2 partName: \"74843a3ab193a389bced899402d99d5f\" eTag: \"74843a3ab193a389bced899402d99d5f\" , partNumber: 3 partName: \"6fe2f3cee70d4bc43e6cf7ada3a51ec8\" eTag: \"6fe2f3cee70d4bc43e6cf7ada3a51ec8\" ]","Transaction":"1455"} | ret=SUCCESS |  
2025-10-16 19:49:04,709 | INFO  | OMAudit | user=runner | ip=127.0.0.1 | op=READ_KEY {"volume":"a5740dbd-3e84-46f8-b0c5-ce851280f566","bucket":"ff2f1ed1-00e9-4032-81d9-1e1c5b3a4c90","key":"24e12154-339c-4d71-ac2e-1421aafcc902","owner":null,"dataSize":"0","replicationConfig":null} | ret=SUCCESS |  
2025-10-16 19:49:04,711 [om1-OMDoubleBufferFlushThread] INFO  db.RDBCheckpointManager (RDBCheckpointManager.java:createCheckpoint(87)) - Created checkpoint in rocksDB at /home/runner/work/ozone/ozone/hadoop-ozone/integration-test/target/test-dir/MiniOzoneClusterImpl-e7911277-7775-4457-96c8-94071a26a1ce/om/data/db.snapshots/checkpointState/om.db-6126c8b8-31a1-4bac-ae59-c91286dfd268 in 65 milliseconds
2025-10-16 19:49:04,719 | INFO  | SCMAudit | user=runner | ip=127.0.0.1 | op=SEND_HEARTBEAT {"datanodeUUID":"757ca056-973f-4f05-ab2d-6aff6c54d452","term":"2","command":"[]"} | ret=SUCCESS |  
2025-10-16 19:49:04,737 | INFO  | SCMAudit | user=runner | ip=127.0.0.1 | op=SEND_HEARTBEAT {"datanodeUUID":"702cb173-5c73-4ecc-b5cd-c7b4a6b66aea","term":"2","command":"[]"} | ret=SUCCESS |  
2025-10-16 19:49:04,747 [om1-OMDoubleBufferFlushThread] INFO  om.OmSnapshotManager (OmSnapshotManager.java:createOmSnapshotCheckpoint(545)) - Created checkpoint: /home/runner/work/ozone/ozone/hadoop-ozone/integration-test/target/test-dir/MiniOzoneClusterImpl-e7911277-7775-4457-96c8-94071a26a1ce/om/data/db.snapshots/checkpointState/om.db-6126c8b8-31a1-4bac-ae59-c91286dfd268 for snapshot /vol-b-85804/buc-a-13854/snapshot-b-2-86685
2025-10-16 19:49:04,787 | INFO  | SCMAudit | user=runner | ip=127.0.0.1 | op=GET_CONTAINER_WITH_PIPELINE_BATCH {"containerIDs":"#16,#18,#21,"} | ret=SUCCESS |  
2025-10-16 19:49:04,789 | INFO  | OMAudit | user=null | ip= | op=READ_KEY {"volume":"a5740dbd-3e84-46f8-b0c5-ce851280f566","bucket":"ff2f1ed1-00e9-4032-81d9-1e1c5b3a4c90","key":"24e12154-339c-4d71-ac2e-1421aafcc902","owner":null,"dataSize":"0","replicationConfig":null} | ret=SUCCESS |  
2025-10-16 19:49:04,790 | INFO  | SCMAudit | user=runner | ip=127.0.0.1 | op=GET_CONTAINER {"containerID":"18"} | ret=SUCCESS |  
2025-10-16 19:49:04,790 | INFO  | SCMAudit | user=runner | ip=127.0.0.1 | op=GET_CONTAINER {"containerID":"16"} | ret=SUCCESS |  
2025-10-16 19:49:04,791 | INFO  | SCMAudit | user=runner | ip=127.0.0.1 | op=GET_CONTAINER {"containerID":"18"} | ret=SUCCESS |  
2025-10-16 19:49:04,792 | INFO  | SCMAudit | user=runner | ip=127.0.0.1 | op=GET_CONTAINER {"containerID":"21"} | ret=SUCCESS |  
2025-10-16 19:49:04,793 | INFO  | SCMAudit | user=runner | ip=127.0.0.1 | op=GET_CONTAINER {"containerID":"21"} | ret=SUCCESS |  
2025-10-16 19:49:04,795 [om1-OMDoubleBufferFlushThread] INFO  db.RDBCheckpointManager (RDBCheckpointManager.java:createCheckpoint(87)) - Created checkpoint in rocksDB at /home/runner/work/ozone/ozone/hadoop-ozone/integration-test/target/test-dir/MiniOzoneClusterImpl-e7911277-7775-4457-96c8-94071a26a1ce/om/data/db.snapshots/checkpointState/om.db-14281c10-7009-4827-8f8c-b3336414da9b in 47 milliseconds
]]></system-out>
  </testcase>
  <testcase name="testMultipartUploadWithCustomMetadata(ReplicationConfig)[3]" classname="org.apache.hadoop.ozone.client.rpc.TestSecureOzoneRpcClient" time="0.256">
    <system-out><![CDATA[2025-10-16 19:49:04,803 [ForkJoinPool-1-worker-1] INFO  rpc.RpcClient (RpcClient.java:createVolume(461)) - Creating Volume: 8715fe1e-4d1a-4c3d-96b5-f72705604438, with runner as owner and space quota set to -1 bytes, counts quota set to -1
2025-10-16 19:49:04,806 [om1-OMStateMachineApplyTransactionThread - 0] INFO  volume.OMVolumeCreateRequest (OMVolumeCreateRequest.java:validateAndUpdateCache(213)) - created volume:8715fe1e-4d1a-4c3d-96b5-f72705604438 for user:runner
2025-10-16 19:49:04,806 | INFO  | OMAudit | user=runner | ip=127.0.0.1 | op=CREATE_VOLUME {"admin":"runner","owner":"runner","volume":"8715fe1e-4d1a-4c3d-96b5-f72705604438","creationTime":"1760644144804","modificationTime":"1760644144804","quotaInBytes":"-1","quotaInNamespace":"-1","usedNamespace":"0","objectID":"-9223372036854403072","updateID":"1456","Transaction":"1456"} | ret=SUCCESS |  
2025-10-16 19:49:04,807 | INFO  | OMAudit | user=runner | ip=127.0.0.1 | op=READ_VOLUME {"volume":"8715fe1e-4d1a-4c3d-96b5-f72705604438"} | ret=SUCCESS |  
2025-10-16 19:49:04,807 [ForkJoinPool-1-worker-1] INFO  rpc.RpcClient (RpcClient.java:createBucket(686)) - Creating Bucket: 8715fe1e-4d1a-4c3d-96b5-f72705604438/bafa85c8-9cd6-40b8-bfeb-dee6ffc17143, with server-side default bucket layout, runner as owner, Versioning false, Storage Type set to DISK and Encryption set to false, Replication Type set to server-side default replication type, Namespace Quota set to -1, Space Quota set to -1 
2025-10-16 19:49:04,810 [om1-OMStateMachineApplyTransactionThread - 0] INFO  bucket.OMBucketCreateRequest (OMBucketCreateRequest.java:validateAndUpdateCache(303)) - created bucket: bafa85c8-9cd6-40b8-bfeb-dee6ffc17143 of layout FILE_SYSTEM_OPTIMIZED in volume: 8715fe1e-4d1a-4c3d-96b5-f72705604438
2025-10-16 19:49:04,810 | INFO  | OMAudit | user=runner | ip=127.0.0.1 | op=CREATE_BUCKET {"volume":"8715fe1e-4d1a-4c3d-96b5-f72705604438","bucket":"bafa85c8-9cd6-40b8-bfeb-dee6ffc17143","bucketLayout":"FILE_SYSTEM_OPTIMIZED","gdprEnabled":null,"acls":"[user:runner:a[ACCESS], group:runner:rl[ACCESS]]","isVersionEnabled":"false","storageType":"DISK","creationTime":"1760644144809","bucketEncryptionKey":null,"modificationTime":"1760644144809","usedBytes":"0","usedNamespace":"0","snapshotUsedBytes":"0","snapshotUsedNamespace":"0","owner":"runner","replicationType":null,"replicationConfig":null,"quotaInBytes":"-1","quotaInNamespace":"-1","Transaction":"1457"} | ret=SUCCESS |  
2025-10-16 19:49:04,811 | INFO  | OMAudit | user=runner | ip=127.0.0.1 | op=READ_BUCKET {"volume":"8715fe1e-4d1a-4c3d-96b5-f72705604438","bucket":"bafa85c8-9cd6-40b8-bfeb-dee6ffc17143"} | ret=SUCCESS |  
2025-10-16 19:49:04,813 | INFO  | OMAudit | user=runner | ip=127.0.0.1 | op=INITIATE_MULTIPART_UPLOAD {"volume":"8715fe1e-4d1a-4c3d-96b5-f72705604438","bucket":"bafa85c8-9cd6-40b8-bfeb-dee6ffc17143","key":"b8959759-65a0-4108-a866-55624a8f9b24","dataSize":"0","replicationType":"EC","replicationConfig":"rs-3-2-1048576","uploadID":"0199ee91-9eac-76a5-950a-973d01e51b97-115385574674399588","Transaction":"1458"} | ret=SUCCESS |  
2025-10-16 19:49:04,816 | INFO  | OMAudit | user=runner | ip=127.0.0.1 | op=ALLOCATE_KEY {"volume":"8715fe1e-4d1a-4c3d-96b5-f72705604438","bucket":"bafa85c8-9cd6-40b8-bfeb-dee6ffc17143","key":"b8959759-65a0-4108-a866-55624a8f9b24","dataSize":"5242880","Transaction":"1459"} | ret=SUCCESS |  
2025-10-16 19:49:04,819 [om1-OMDoubleBufferFlushThread] INFO  om.OmSnapshotManager (OmSnapshotManager.java:createOmSnapshotCheckpoint(545)) - Created checkpoint: /home/runner/work/ozone/ozone/hadoop-ozone/integration-test/target/test-dir/MiniOzoneClusterImpl-e7911277-7775-4457-96c8-94071a26a1ce/om/data/db.snapshots/checkpointState/om.db-14281c10-7009-4827-8f8c-b3336414da9b for snapshot /vol-b-85804/buc-b-43844/snapshot-b-2-99265
2025-10-16 19:49:04,825 | INFO  | SCMAudit | user=runner | ip=127.0.0.1 | op=ALLOCATE_BLOCK {"replication":"EC{rs-3-2-1024k}","owner":"omServiceIdDefault","size":"4194304","sampleBlocks":"[conID: 26 locID: 115816896921600387]","num":"1","client":"","allocated":"1"} | ret=SUCCESS |  
2025-10-16 19:49:04,828 | INFO  | OMAudit | user=runner | ip=127.0.0.1 | op=ALLOCATE_BLOCK {"volume":"8715fe1e-4d1a-4c3d-96b5-f72705604438","bucket":"bafa85c8-9cd6-40b8-bfeb-dee6ffc17143","key":"b8959759-65a0-4108-a866-55624a8f9b24","dataSize":"5242880","replicationType":"EC","replicationConfig":"rs-3-2-1048576","clientID":"115385574674596197","Transaction":"1460"} | ret=SUCCESS |  
2025-10-16 19:49:04,866 | INFO  | OMAudit | user=runner | ip=127.0.0.1 | op=COMMIT_MULTIPART_UPLOAD_PARTKEY {"volume":"8715fe1e-4d1a-4c3d-96b5-f72705604438","bucket":"bafa85c8-9cd6-40b8-bfeb-dee6ffc17143","key":"b8959759-65a0-4108-a866-55624a8f9b24","dataSize":"5242880","ETag":"74843a3ab193a389bced899402d99d5f","uploadID":"0199ee91-9eac-76a5-950a-973d01e51b97-115385574674399588","partNumber":"1","partName":"/8715fe1e-4d1a-4c3d-96b5-f72705604438/bafa85c8-9cd6-40b8-bfeb-dee6ffc17143/b8959759-65a0-4108-a866-55624a8f9b24-0199ee91-9eac-76a5-950a-973d01e51b97-115385574674399588-1","Transaction":"1461"} | ret=SUCCESS |  
2025-10-16 19:49:04,870 [om1-OMDoubleBufferFlushThread] INFO  db.RDBCheckpointManager (RDBCheckpointManager.java:createCheckpoint(87)) - Created checkpoint in rocksDB at /home/runner/work/ozone/ozone/hadoop-ozone/integration-test/target/test-dir/MiniOzoneClusterImpl-e7911277-7775-4457-96c8-94071a26a1ce/om/data/db.snapshots/checkpointState/om.db-ada41f22-a1f6-47fe-9e8f-6a798258c758 in 49 milliseconds
2025-10-16 19:49:04,874 | INFO  | OMAudit | user=runner | ip=127.0.0.1 | op=ALLOCATE_KEY {"volume":"8715fe1e-4d1a-4c3d-96b5-f72705604438","bucket":"bafa85c8-9cd6-40b8-bfeb-dee6ffc17143","key":"b8959759-65a0-4108-a866-55624a8f9b24","dataSize":"5242880","Transaction":"1462"} | ret=SUCCESS |  
2025-10-16 19:49:04,888 | INFO  | SCMAudit | user=runner | ip=127.0.0.1 | op=ALLOCATE_BLOCK {"replication":"EC{rs-3-2-1024k}","owner":"omServiceIdDefault","size":"4194304","sampleBlocks":"[conID: 24 locID: 115816896921600388]","num":"1","client":"","allocated":"1"} | ret=SUCCESS |  
2025-10-16 19:49:04,892 | INFO  | OMAudit | user=runner | ip=127.0.0.1 | op=ALLOCATE_BLOCK {"volume":"8715fe1e-4d1a-4c3d-96b5-f72705604438","bucket":"bafa85c8-9cd6-40b8-bfeb-dee6ffc17143","key":"b8959759-65a0-4108-a866-55624a8f9b24","dataSize":"5242880","replicationType":"EC","replicationConfig":"rs-3-2-1048576","clientID":"115385574678200678","Transaction":"1463"} | ret=SUCCESS |  
2025-10-16 19:49:04,903 [om1-OMDoubleBufferFlushThread] INFO  om.OmSnapshotManager (OmSnapshotManager.java:createOmSnapshotCheckpoint(545)) - Created checkpoint: /home/runner/work/ozone/ozone/hadoop-ozone/integration-test/target/test-dir/MiniOzoneClusterImpl-e7911277-7775-4457-96c8-94071a26a1ce/om/data/db.snapshots/checkpointState/om.db-ada41f22-a1f6-47fe-9e8f-6a798258c758 for snapshot /vol-a-85441/buc-a-13854/snapshot-b-3-01606
2025-10-16 19:49:04,924 | INFO  | SCMAudit | user=runner | ip=127.0.0.1 | op=SEND_HEARTBEAT {"datanodeUUID":"f700af26-0e26-4136-9205-9509c82c8c70","term":"2","command":"[]"} | ret=SUCCESS |  
2025-10-16 19:49:04,939 | INFO  | OMAudit | user=runner | ip=127.0.0.1 | op=COMMIT_MULTIPART_UPLOAD_PARTKEY {"volume":"8715fe1e-4d1a-4c3d-96b5-f72705604438","bucket":"bafa85c8-9cd6-40b8-bfeb-dee6ffc17143","key":"b8959759-65a0-4108-a866-55624a8f9b24","dataSize":"5242880","ETag":"74843a3ab193a389bced899402d99d5f","uploadID":"0199ee91-9eac-76a5-950a-973d01e51b97-115385574674399588","partNumber":"2","partName":"/8715fe1e-4d1a-4c3d-96b5-f72705604438/bafa85c8-9cd6-40b8-bfeb-dee6ffc17143/b8959759-65a0-4108-a866-55624a8f9b24-0199ee91-9eac-76a5-950a-973d01e51b97-115385574674399588-2","Transaction":"1464"} | ret=SUCCESS |  
2025-10-16 19:49:04,941 | INFO  | OMAudit | user=runner | ip=127.0.0.1 | op=ALLOCATE_KEY {"volume":"8715fe1e-4d1a-4c3d-96b5-f72705604438","bucket":"bafa85c8-9cd6-40b8-bfeb-dee6ffc17143","key":"b8959759-65a0-4108-a866-55624a8f9b24","dataSize":"36","Transaction":"1465"} | ret=SUCCESS |  
2025-10-16 19:49:04,944 | INFO  | SCMAudit | user=runner | ip=127.0.0.1 | op=ALLOCATE_BLOCK {"replication":"EC{rs-3-2-1024k}","owner":"omServiceIdDefault","size":"4194304","sampleBlocks":"[conID: 24 locID: 115816896921600389]","num":"1","client":"","allocated":"1"} | ret=SUCCESS |  
2025-10-16 19:49:04,949 | INFO  | OMAudit | user=runner | ip=127.0.0.1 | op=ALLOCATE_BLOCK {"volume":"8715fe1e-4d1a-4c3d-96b5-f72705604438","bucket":"bafa85c8-9cd6-40b8-bfeb-dee6ffc17143","key":"b8959759-65a0-4108-a866-55624a8f9b24","dataSize":"36","replicationType":"EC","replicationConfig":"rs-3-2-1048576","clientID":"115385574682788199","Transaction":"1466"} | ret=SUCCESS |  
2025-10-16 19:49:04,964 | INFO  | OMAudit | user=runner | ip=127.0.0.1 | op=COMMIT_MULTIPART_UPLOAD_PARTKEY {"volume":"8715fe1e-4d1a-4c3d-96b5-f72705604438","bucket":"bafa85c8-9cd6-40b8-bfeb-dee6ffc17143","key":"b8959759-65a0-4108-a866-55624a8f9b24","dataSize":"36","ETag":"9010031b025327e4b0a87c0a84429fdb","uploadID":"0199ee91-9eac-76a5-950a-973d01e51b97-115385574674399588","partNumber":"3","partName":"/8715fe1e-4d1a-4c3d-96b5-f72705604438/bafa85c8-9cd6-40b8-bfeb-dee6ffc17143/b8959759-65a0-4108-a866-55624a8f9b24-0199ee91-9eac-76a5-950a-973d01e51b97-115385574674399588-3","Transaction":"1467"} | ret=SUCCESS |  
2025-10-16 19:49:04,967 | INFO  | OMAudit | user=runner | ip=127.0.0.1 | op=COMPLETE_MULTIPART_UPLOAD {"volume":"8715fe1e-4d1a-4c3d-96b5-f72705604438","bucket":"bafa85c8-9cd6-40b8-bfeb-dee6ffc17143","key":"b8959759-65a0-4108-a866-55624a8f9b24","dataSize":"0","uploadID":"0199ee91-9eac-76a5-950a-973d01e51b97-115385574674399588","multipartList":"[partNumber: 1 partName: \"74843a3ab193a389bced899402d99d5f\" eTag: \"74843a3ab193a389bced899402d99d5f\" , partNumber: 2 partName: \"74843a3ab193a389bced899402d99d5f\" eTag: \"74843a3ab193a389bced899402d99d5f\" , partNumber: 3 partName: \"9010031b025327e4b0a87c0a84429fdb\" eTag: \"9010031b025327e4b0a87c0a84429fdb\" ]","Transaction":"1468"} | ret=SUCCESS |  
2025-10-16 19:49:04,968 [om1-OMDoubleBufferFlushThread] INFO  db.RDBCheckpointManager (RDBCheckpointManager.java:createCheckpoint(87)) - Created checkpoint in rocksDB at /home/runner/work/ozone/ozone/hadoop-ozone/integration-test/target/test-dir/MiniOzoneClusterImpl-e7911277-7775-4457-96c8-94071a26a1ce/om/data/db.snapshots/checkpointState/om.db-e65e880e-0166-4989-a91f-f4a3e964ffb4 in 63 milliseconds
2025-10-16 19:49:04,971 | INFO  | SCMAudit | user=runner | ip=127.0.0.1 | op=GET_CONTAINER_WITH_PIPELINE_BATCH {"containerIDs":"#24,"} | ret=SUCCESS |  
2025-10-16 19:49:04,972 | INFO  | OMAudit | user=runner | ip=127.0.0.1 | op=READ_KEY {"volume":"8715fe1e-4d1a-4c3d-96b5-f72705604438","bucket":"bafa85c8-9cd6-40b8-bfeb-dee6ffc17143","key":"b8959759-65a0-4108-a866-55624a8f9b24","owner":null,"dataSize":"0","replicationConfig":null} | ret=SUCCESS |  
2025-10-16 19:49:04,997 [om1-OMDoubleBufferFlushThread] INFO  om.OmSnapshotManager (OmSnapshotManager.java:createOmSnapshotCheckpoint(545)) - Created checkpoint: /home/runner/work/ozone/ozone/hadoop-ozone/integration-test/target/test-dir/MiniOzoneClusterImpl-e7911277-7775-4457-96c8-94071a26a1ce/om/data/db.snapshots/checkpointState/om.db-e65e880e-0166-4989-a91f-f4a3e964ffb4 for snapshot /vol-a-85441/buc-b-43844/snapshot-b-3-40405
2025-10-16 19:49:05,044 [om1-OMDoubleBufferFlushThread] INFO  db.RDBCheckpointManager (RDBCheckpointManager.java:createCheckpoint(87)) - Created checkpoint in rocksDB at /home/runner/work/ozone/ozone/hadoop-ozone/integration-test/target/test-dir/MiniOzoneClusterImpl-e7911277-7775-4457-96c8-94071a26a1ce/om/data/db.snapshots/checkpointState/om.db-2b40df02-56f6-49fe-9700-910b057cb9b5 in 43 milliseconds
2025-10-16 19:49:05,049 | INFO  | SCMAudit | user=runner | ip=127.0.0.1 | op=GET_CONTAINER_WITH_PIPELINE_BATCH {"containerIDs":"#24,#26,"} | ret=SUCCESS |  
2025-10-16 19:49:05,050 | INFO  | OMAudit | user=null | ip= | op=READ_KEY {"volume":"8715fe1e-4d1a-4c3d-96b5-f72705604438","bucket":"bafa85c8-9cd6-40b8-bfeb-dee6ffc17143","key":"b8959759-65a0-4108-a866-55624a8f9b24","owner":null,"dataSize":"0","replicationConfig":null} | ret=SUCCESS |  
2025-10-16 19:49:05,050 | INFO  | SCMAudit | user=runner | ip=127.0.0.1 | op=GET_CONTAINER {"containerID":"26"} | ret=SUCCESS |  
2025-10-16 19:49:05,051 | INFO  | SCMAudit | user=runner | ip=127.0.0.1 | op=GET_CONTAINER {"containerID":"24"} | ret=SUCCESS |  
2025-10-16 19:49:05,051 | INFO  | SCMAudit | user=runner | ip=127.0.0.1 | op=GET_CONTAINER {"containerID":"24"} | ret=SUCCESS |  
]]></system-out>
  </testcase>
  <testcase name="testMultipartUploadWithMissingParts" classname="org.apache.hadoop.ozone.client.rpc.TestSecureOzoneRpcClient" time="0.037">
    <system-out><![CDATA[2025-10-16 19:49:05,059 [ForkJoinPool-1-worker-1] INFO  rpc.RpcClient (RpcClient.java:createVolume(461)) - Creating Volume: b27629fe-b963-4ca7-8d03-39cf1db0318b, with runner as owner and space quota set to -1 bytes, counts quota set to -1
2025-10-16 19:49:05,062 [om1-OMStateMachineApplyTransactionThread - 0] INFO  volume.OMVolumeCreateRequest (OMVolumeCreateRequest.java:validateAndUpdateCache(213)) - created volume:b27629fe-b963-4ca7-8d03-39cf1db0318b for user:runner
2025-10-16 19:49:05,062 | INFO  | OMAudit | user=runner | ip=127.0.0.1 | op=CREATE_VOLUME {"admin":"runner","owner":"runner","volume":"b27629fe-b963-4ca7-8d03-39cf1db0318b","creationTime":"1760644145060","modificationTime":"1760644145060","quotaInBytes":"-1","quotaInNamespace":"-1","usedNamespace":"0","objectID":"-9223372036854399744","updateID":"1469","Transaction":"1469"} | ret=SUCCESS |  
2025-10-16 19:49:05,063 | INFO  | OMAudit | user=runner | ip=127.0.0.1 | op=READ_VOLUME {"volume":"b27629fe-b963-4ca7-8d03-39cf1db0318b"} | ret=SUCCESS |  
2025-10-16 19:49:05,063 [ForkJoinPool-1-worker-1] INFO  rpc.RpcClient (RpcClient.java:createBucket(686)) - Creating Bucket: b27629fe-b963-4ca7-8d03-39cf1db0318b/9cd54cb7-610b-448a-9979-f190ffbe547d, with server-side default bucket layout, runner as owner, Versioning false, Storage Type set to DISK and Encryption set to false, Replication Type set to server-side default replication type, Namespace Quota set to -1, Space Quota set to -1 
2025-10-16 19:49:05,065 [om1-OMStateMachineApplyTransactionThread - 0] INFO  bucket.OMBucketCreateRequest (OMBucketCreateRequest.java:validateAndUpdateCache(303)) - created bucket: 9cd54cb7-610b-448a-9979-f190ffbe547d of layout FILE_SYSTEM_OPTIMIZED in volume: b27629fe-b963-4ca7-8d03-39cf1db0318b
2025-10-16 19:49:05,066 | INFO  | OMAudit | user=runner | ip=127.0.0.1 | op=CREATE_BUCKET {"volume":"b27629fe-b963-4ca7-8d03-39cf1db0318b","bucket":"9cd54cb7-610b-448a-9979-f190ffbe547d","bucketLayout":"FILE_SYSTEM_OPTIMIZED","gdprEnabled":null,"acls":"[user:runner:a[ACCESS], group:runner:rl[ACCESS]]","isVersionEnabled":"false","storageType":"DISK","creationTime":"1760644145064","bucketEncryptionKey":null,"modificationTime":"1760644145064","usedBytes":"0","usedNamespace":"0","snapshotUsedBytes":"0","snapshotUsedNamespace":"0","owner":"runner","replicationType":null,"replicationConfig":null,"quotaInBytes":"-1","quotaInNamespace":"-1","Transaction":"1470"} | ret=SUCCESS |  
2025-10-16 19:49:05,069 | INFO  | OMAudit | user=runner | ip=127.0.0.1 | op=READ_BUCKET {"volume":"b27629fe-b963-4ca7-8d03-39cf1db0318b","bucket":"9cd54cb7-610b-448a-9979-f190ffbe547d"} | ret=SUCCESS |  
2025-10-16 19:49:05,071 [om1-OMDoubleBufferFlushThread] INFO  om.OmSnapshotManager (OmSnapshotManager.java:createOmSnapshotCheckpoint(545)) - Created checkpoint: /home/runner/work/ozone/ozone/hadoop-ozone/integration-test/target/test-dir/MiniOzoneClusterImpl-e7911277-7775-4457-96c8-94071a26a1ce/om/data/db.snapshots/checkpointState/om.db-2b40df02-56f6-49fe-9700-910b057cb9b5 for snapshot /vol-b-85804/buc-a-13854/snapshot-b-3-66806
2025-10-16 19:49:05,073 | INFO  | OMAudit | user=runner | ip=127.0.0.1 | op=INITIATE_MULTIPART_UPLOAD {"volume":"b27629fe-b963-4ca7-8d03-39cf1db0318b","bucket":"9cd54cb7-610b-448a-9979-f190ffbe547d","key":"8a2ce26f-08ec-4edf-9c5a-6de8c27a3fd4","dataSize":"0","replicationType":"RATIS","replicationFactor":"ONE","uploadID":"0199ee91-9fae-7417-bb35-7fab31546691-115385574691307880","Transaction":"1471"} | ret=SUCCESS |  
2025-10-16 19:49:05,075 | INFO  | OMAudit | user=runner | ip=127.0.0.1 | op=ALLOCATE_KEY {"volume":"b27629fe-b963-4ca7-8d03-39cf1db0318b","bucket":"9cd54cb7-610b-448a-9979-f190ffbe547d","key":"8a2ce26f-08ec-4edf-9c5a-6de8c27a3fd4","dataSize":"4","Transaction":"1472"} | ret=SUCCESS |  
2025-10-16 19:49:05,077 | INFO  | SCMAudit | user=runner | ip=127.0.0.1 | op=ALLOCATE_BLOCK {"replication":"RATIS/ONE","owner":"omServiceIdDefault","size":"4194304","sampleBlocks":"[conID: 3 locID: 115816896921600390]","num":"1","client":"","allocated":"1"} | ret=SUCCESS |  
2025-10-16 19:49:05,079 | INFO  | OMAudit | user=runner | ip=127.0.0.1 | op=ALLOCATE_BLOCK {"volume":"b27629fe-b963-4ca7-8d03-39cf1db0318b","bucket":"9cd54cb7-610b-448a-9979-f190ffbe547d","key":"8a2ce26f-08ec-4edf-9c5a-6de8c27a3fd4","dataSize":"4","replicationType":"RATIS","replicationFactor":"ONE","clientID":"115385574691570025","Transaction":"1473"} | ret=SUCCESS |  
2025-10-16 19:49:05,091 | INFO  | OMAudit | user=runner | ip=127.0.0.1 | op=COMMIT_MULTIPART_UPLOAD_PARTKEY {"volume":"b27629fe-b963-4ca7-8d03-39cf1db0318b","bucket":"9cd54cb7-610b-448a-9979-f190ffbe547d","key":"8a2ce26f-08ec-4edf-9c5a-6de8c27a3fd4","dataSize":"4","ETag":"8d777f385d3dfec8815d20f7496026dc","uploadID":"0199ee91-9fae-7417-bb35-7fab31546691-115385574691307880","partNumber":"1","partName":"/b27629fe-b963-4ca7-8d03-39cf1db0318b/9cd54cb7-610b-448a-9979-f190ffbe547d/8a2ce26f-08ec-4edf-9c5a-6de8c27a3fd4-0199ee91-9fae-7417-bb35-7fab31546691-115385574691307880-1","Transaction":"1474"} | ret=SUCCESS |  
2025-10-16 19:49:05,094 [om1-OMStateMachineApplyTransactionThread - 0] ERROR multipart.S3MultipartUploadCompleteRequest (S3MultipartUploadCompleteRequest.java:logResult(444)) - MultipartUpload Complete request failed for Key: 8a2ce26f-08ec-4edf-9c5a-6de8c27a3fd4 in Volume/Bucket b27629fe-b963-4ca7-8d03-39cf1db0318b/9cd54cb7-610b-448a-9979-f190ffbe547d
INVALID_PART org.apache.hadoop.ozone.om.exceptions.OMException: Complete Multipart Upload Failed: volume: b27629fe-b963-4ca7-8d03-39cf1db0318b bucket: 9cd54cb7-610b-448a-9979-f190ffbe547d key: 8a2ce26f-08ec-4edf-9c5a-6de8c27a3fd4. Provided Part info is { 7ddf32e17a6ac5ce04a8ecbf782ca509, 3}, whereas OM has eTag null
	at org.apache.hadoop.ozone.om.request.s3.multipart.S3MultipartUploadCompleteRequest.getMultipartDataSize(S3MultipartUploadCompleteRequest.java:625)
	at org.apache.hadoop.ozone.om.request.s3.multipart.S3MultipartUploadCompleteRequest.validateAndUpdateCache(S3MultipartUploadCompleteRequest.java:289)
	at org.apache.hadoop.ozone.protocolPB.OzoneManagerRequestHandler.lambda$0(OzoneManagerRequestHandler.java:418)
	at org.apache.hadoop.ozone.util.MetricUtil.captureLatencyNs(MetricUtil.java:45)
	at org.apache.hadoop.ozone.protocolPB.OzoneManagerRequestHandler.handleWriteRequestImpl(OzoneManagerRequestHandler.java:416)
	at org.apache.hadoop.ozone.protocolPB.RequestHandler.handleWriteRequest(RequestHandler.java:62)
	at org.apache.hadoop.ozone.om.ratis.OzoneManagerStateMachine.runCommand(OzoneManagerStateMachine.java:599)
	at org.apache.hadoop.ozone.om.ratis.OzoneManagerStateMachine.lambda$3(OzoneManagerStateMachine.java:415)
	at java.base/java.util.concurrent.CompletableFuture$AsyncSupply.run(CompletableFuture.java:1768)
	at java.base/java.util.concurrent.ThreadPoolExecutor.runWorker(ThreadPoolExecutor.java:1144)
	at java.base/java.util.concurrent.ThreadPoolExecutor$Worker.run(ThreadPoolExecutor.java:642)
	at java.base/java.lang.Thread.run(Thread.java:1583)
2025-10-16 19:49:05,094 | ERROR | OMAudit | user=runner | ip=127.0.0.1 | op=COMPLETE_MULTIPART_UPLOAD {"volume":"b27629fe-b963-4ca7-8d03-39cf1db0318b","bucket":"9cd54cb7-610b-448a-9979-f190ffbe547d","key":"8a2ce26f-08ec-4edf-9c5a-6de8c27a3fd4","dataSize":"0","uploadID":"0199ee91-9fae-7417-bb35-7fab31546691-115385574691307880","multipartList":"[partNumber: 3 partName: \"7ddf32e17a6ac5ce04a8ecbf782ca509\" eTag: \"7ddf32e17a6ac5ce04a8ecbf782ca509\" ]","Transaction":"1475"} | ret=FAILURE | 
org.apache.hadoop.ozone.om.exceptions.OMException: Complete Multipart Upload Failed: volume: b27629fe-b963-4ca7-8d03-39cf1db0318b bucket: 9cd54cb7-610b-448a-9979-f190ffbe547d key: 8a2ce26f-08ec-4edf-9c5a-6de8c27a3fd4. Provided Part info is { 7ddf32e17a6ac5ce04a8ecbf782ca509, 3}, whereas OM has eTag null
	at org.apache.hadoop.ozone.om.request.s3.multipart.S3MultipartUploadCompleteRequest.getMultipartDataSize(S3MultipartUploadCompleteRequest.java:625)
	at org.apache.hadoop.ozone.om.request.s3.multipart.S3MultipartUploadCompleteRequest.validateAndUpdateCache(S3MultipartUploadCompleteRequest.java:289)
 
]]></system-out>
  </testcase>
  <testcase name="testMultipartUploadWithPartsLessThanMinSize" classname="org.apache.hadoop.ozone.client.rpc.TestSecureOzoneRpcClient" time="0.063">
    <system-out><![CDATA[2025-10-16 19:49:05,098 [ForkJoinPool-1-worker-1] INFO  rpc.RpcClient (RpcClient.java:createVolume(461)) - Creating Volume: 0de56dd3-22f2-427d-9204-39b917f055ab, with runner as owner and space quota set to -1 bytes, counts quota set to -1
2025-10-16 19:49:05,100 [om1-OMStateMachineApplyTransactionThread - 0] INFO  volume.OMVolumeCreateRequest (OMVolumeCreateRequest.java:validateAndUpdateCache(213)) - created volume:0de56dd3-22f2-427d-9204-39b917f055ab for user:runner
2025-10-16 19:49:05,100 | INFO  | OMAudit | user=runner | ip=127.0.0.1 | op=CREATE_VOLUME {"admin":"runner","owner":"runner","volume":"0de56dd3-22f2-427d-9204-39b917f055ab","creationTime":"1760644145099","modificationTime":"1760644145099","quotaInBytes":"-1","quotaInNamespace":"-1","usedNamespace":"0","objectID":"-9223372036854397952","updateID":"1476","Transaction":"1476"} | ret=SUCCESS |  
2025-10-16 19:49:05,101 | INFO  | OMAudit | user=runner | ip=127.0.0.1 | op=READ_VOLUME {"volume":"0de56dd3-22f2-427d-9204-39b917f055ab"} | ret=SUCCESS |  
2025-10-16 19:49:05,102 [ForkJoinPool-1-worker-1] INFO  rpc.RpcClient (RpcClient.java:createBucket(686)) - Creating Bucket: 0de56dd3-22f2-427d-9204-39b917f055ab/fef82914-d991-40a6-8b46-0da6c791c263, with server-side default bucket layout, runner as owner, Versioning false, Storage Type set to DISK and Encryption set to false, Replication Type set to server-side default replication type, Namespace Quota set to -1, Space Quota set to -1 
2025-10-16 19:49:05,103 [om1-OMStateMachineApplyTransactionThread - 0] INFO  bucket.OMBucketCreateRequest (OMBucketCreateRequest.java:validateAndUpdateCache(303)) - created bucket: fef82914-d991-40a6-8b46-0da6c791c263 of layout FILE_SYSTEM_OPTIMIZED in volume: 0de56dd3-22f2-427d-9204-39b917f055ab
2025-10-16 19:49:05,103 | INFO  | OMAudit | user=runner | ip=127.0.0.1 | op=CREATE_BUCKET {"volume":"0de56dd3-22f2-427d-9204-39b917f055ab","bucket":"fef82914-d991-40a6-8b46-0da6c791c263","bucketLayout":"FILE_SYSTEM_OPTIMIZED","gdprEnabled":null,"acls":"[user:runner:a[ACCESS], group:runner:rl[ACCESS]]","isVersionEnabled":"false","storageType":"DISK","creationTime":"1760644145102","bucketEncryptionKey":null,"modificationTime":"1760644145102","usedBytes":"0","usedNamespace":"0","snapshotUsedBytes":"0","snapshotUsedNamespace":"0","owner":"runner","replicationType":null,"replicationConfig":null,"quotaInBytes":"-1","quotaInNamespace":"-1","Transaction":"1477"} | ret=SUCCESS |  
2025-10-16 19:49:05,104 | INFO  | OMAudit | user=runner | ip=127.0.0.1 | op=READ_BUCKET {"volume":"0de56dd3-22f2-427d-9204-39b917f055ab","bucket":"fef82914-d991-40a6-8b46-0da6c791c263"} | ret=SUCCESS |  
2025-10-16 19:49:05,106 | INFO  | OMAudit | user=runner | ip=127.0.0.1 | op=INITIATE_MULTIPART_UPLOAD {"volume":"0de56dd3-22f2-427d-9204-39b917f055ab","bucket":"fef82914-d991-40a6-8b46-0da6c791c263","key":"0e18c9ce-7f71-4d09-a0f0-663bb116215c","dataSize":"0","replicationType":"RATIS","replicationFactor":"ONE","uploadID":"0199ee91-9fd1-77f4-b9f4-c79f68acb626-115385574693601642","Transaction":"1478"} | ret=SUCCESS |  
2025-10-16 19:49:05,107 [om1-OMDoubleBufferFlushThread] INFO  db.RDBCheckpointManager (RDBCheckpointManager.java:createCheckpoint(87)) - Created checkpoint in rocksDB at /home/runner/work/ozone/ozone/hadoop-ozone/integration-test/target/test-dir/MiniOzoneClusterImpl-e7911277-7775-4457-96c8-94071a26a1ce/om/data/db.snapshots/checkpointState/om.db-663f2acb-fb2c-41a7-b892-83150471f022 in 33 milliseconds
2025-10-16 19:49:05,112 | INFO  | OMAudit | user=runner | ip=127.0.0.1 | op=ALLOCATE_KEY {"volume":"0de56dd3-22f2-427d-9204-39b917f055ab","bucket":"fef82914-d991-40a6-8b46-0da6c791c263","key":"0e18c9ce-7f71-4d09-a0f0-663bb116215c","dataSize":"4","Transaction":"1479"} | ret=SUCCESS |  
2025-10-16 19:49:05,115 | INFO  | SCMAudit | user=runner | ip=127.0.0.1 | op=ALLOCATE_BLOCK {"replication":"RATIS/ONE","owner":"omServiceIdDefault","size":"4194304","sampleBlocks":"[conID: 7 locID: 115816896921600391]","num":"1","client":"","allocated":"1"} | ret=SUCCESS |  
2025-10-16 19:49:05,117 | INFO  | OMAudit | user=runner | ip=127.0.0.1 | op=ALLOCATE_BLOCK {"volume":"0de56dd3-22f2-427d-9204-39b917f055ab","bucket":"fef82914-d991-40a6-8b46-0da6c791c263","key":"0e18c9ce-7f71-4d09-a0f0-663bb116215c","dataSize":"4","replicationType":"RATIS","replicationFactor":"ONE","clientID":"115385574693929323","Transaction":"1480"} | ret=SUCCESS |  
2025-10-16 19:49:05,119 | INFO  | SCMAudit | user=runner | ip=127.0.0.1 | op=SEND_HEARTBEAT {"datanodeUUID":"c0724e9c-0dd4-4d47-992c-7bfe285fdd38","term":"2","command":"[]"} | ret=SUCCESS |  
2025-10-16 19:49:05,120 | INFO  | SCMAudit | user=runner | ip=127.0.0.1 | op=SEND_HEARTBEAT {"datanodeUUID":"e33e6ec4-6b66-4281-bedd-2bd75bd30070","term":"2","command":"[]"} | ret=SUCCESS |  
2025-10-16 19:49:05,121 | INFO  | SCMAudit | user=runner | ip=127.0.0.1 | op=SEND_HEARTBEAT {"datanodeUUID":"8a3c3252-9afe-4d3a-8492-25be6557678a","term":"2","command":"[]"} | ret=SUCCESS |  
2025-10-16 19:49:05,123 | INFO  | SCMAudit | user=runner | ip=127.0.0.1 | op=SEND_HEARTBEAT {"datanodeUUID":"aa213937-adc5-47da-a770-0ee1e4664344","term":"2","command":"[]"} | ret=SUCCESS |  
2025-10-16 19:49:05,124 | INFO  | SCMAudit | user=runner | ip=127.0.0.1 | op=SEND_HEARTBEAT {"datanodeUUID":"8a0fa2ff-b550-4652-b2fe-0cf91cd4a157","term":"2","command":"[]"} | ret=SUCCESS |  
2025-10-16 19:49:05,129 | INFO  | OMAudit | user=runner | ip=127.0.0.1 | op=COMMIT_MULTIPART_UPLOAD_PARTKEY {"volume":"0de56dd3-22f2-427d-9204-39b917f055ab","bucket":"fef82914-d991-40a6-8b46-0da6c791c263","key":"0e18c9ce-7f71-4d09-a0f0-663bb116215c","dataSize":"4","ETag":"8d777f385d3dfec8815d20f7496026dc","uploadID":"0199ee91-9fd1-77f4-b9f4-c79f68acb626-115385574693601642","partNumber":"1","partName":"/0de56dd3-22f2-427d-9204-39b917f055ab/fef82914-d991-40a6-8b46-0da6c791c263/0e18c9ce-7f71-4d09-a0f0-663bb116215c-0199ee91-9fd1-77f4-b9f4-c79f68acb626-115385574693601642-1","Transaction":"1481"} | ret=SUCCESS |  
2025-10-16 19:49:05,130 | INFO  | SCMAudit | user=runner | ip=127.0.0.1 | op=SEND_HEARTBEAT {"datanodeUUID":"58cff6b7-b2a7-446b-a75a-bb98ad6b11b8","term":"2","command":"[]"} | ret=SUCCESS |  
2025-10-16 19:49:05,132 | INFO  | OMAudit | user=runner | ip=127.0.0.1 | op=ALLOCATE_KEY {"volume":"0de56dd3-22f2-427d-9204-39b917f055ab","bucket":"fef82914-d991-40a6-8b46-0da6c791c263","key":"0e18c9ce-7f71-4d09-a0f0-663bb116215c","dataSize":"4","Transaction":"1482"} | ret=SUCCESS |  
2025-10-16 19:49:05,134 | INFO  | SCMAudit | user=runner | ip=127.0.0.1 | op=ALLOCATE_BLOCK {"replication":"RATIS/ONE","owner":"omServiceIdDefault","size":"4194304","sampleBlocks":"[conID: 1 locID: 115816896921600392]","num":"1","client":"","allocated":"1"} | ret=SUCCESS |  
2025-10-16 19:49:05,136 | INFO  | OMAudit | user=runner | ip=127.0.0.1 | op=ALLOCATE_BLOCK {"volume":"0de56dd3-22f2-427d-9204-39b917f055ab","bucket":"fef82914-d991-40a6-8b46-0da6c791c263","key":"0e18c9ce-7f71-4d09-a0f0-663bb116215c","dataSize":"4","replicationType":"RATIS","replicationFactor":"ONE","clientID":"115385574695305580","Transaction":"1483"} | ret=SUCCESS |  
2025-10-16 19:49:05,137 [om1-OMDoubleBufferFlushThread] INFO  om.OmSnapshotManager (OmSnapshotManager.java:createOmSnapshotCheckpoint(545)) - Created checkpoint: /home/runner/work/ozone/ozone/hadoop-ozone/integration-test/target/test-dir/MiniOzoneClusterImpl-e7911277-7775-4457-96c8-94071a26a1ce/om/data/db.snapshots/checkpointState/om.db-663f2acb-fb2c-41a7-b892-83150471f022 for snapshot /vol-b-85804/buc-b-43844/snapshot-b-3-85442
2025-10-16 19:49:05,139 | INFO  | SCMAudit | user=runner | ip=127.0.0.1 | op=SEND_HEARTBEAT {"datanodeUUID":"e072d245-7694-4d97-8e20-c503ebf8c2fe","term":"2","command":"[]"} | ret=SUCCESS |  
2025-10-16 19:49:05,139 | INFO  | SCMAudit | user=runner | ip=127.0.0.1 | op=SEND_HEARTBEAT {"datanodeUUID":"0428ab3f-efd5-438e-ae11-9ec242443260","term":"2","command":"[]"} | ret=SUCCESS |  
2025-10-16 19:49:05,150 | INFO  | OMAudit | user=runner | ip=127.0.0.1 | op=COMMIT_MULTIPART_UPLOAD_PARTKEY {"volume":"0de56dd3-22f2-427d-9204-39b917f055ab","bucket":"fef82914-d991-40a6-8b46-0da6c791c263","key":"0e18c9ce-7f71-4d09-a0f0-663bb116215c","dataSize":"4","ETag":"8d777f385d3dfec8815d20f7496026dc","uploadID":"0199ee91-9fd1-77f4-b9f4-c79f68acb626-115385574693601642","partNumber":"2","partName":"/0de56dd3-22f2-427d-9204-39b917f055ab/fef82914-d991-40a6-8b46-0da6c791c263/0e18c9ce-7f71-4d09-a0f0-663bb116215c-0199ee91-9fd1-77f4-b9f4-c79f68acb626-115385574693601642-2","Transaction":"1484"} | ret=SUCCESS |  
2025-10-16 19:49:05,157 [om1-OMStateMachineApplyTransactionThread - 0] ERROR multipart.S3MultipartUploadCompleteRequest (S3MultipartUploadCompleteRequest.java:getMultipartDataSize(638)) - MultipartUpload: /0de56dd3-22f2-427d-9204-39b917f055ab/fef82914-d991-40a6-8b46-0da6c791c263/0e18c9ce-7f71-4d09-a0f0-663bb116215c Part number: 1 size 4  is less than minimum part size 5242880
2025-10-16 19:49:05,158 [om1-OMStateMachineApplyTransactionThread - 0] ERROR multipart.S3MultipartUploadCompleteRequest (S3MultipartUploadCompleteRequest.java:logResult(444)) - MultipartUpload Complete request failed for Key: 0e18c9ce-7f71-4d09-a0f0-663bb116215c in Volume/Bucket 0de56dd3-22f2-427d-9204-39b917f055ab/fef82914-d991-40a6-8b46-0da6c791c263
ENTITY_TOO_SMALL org.apache.hadoop.ozone.om.exceptions.OMException: Complete Multipart Upload Failed: volume: 0de56dd3-22f2-427d-9204-39b917f055ab bucket: fef82914-d991-40a6-8b46-0da6c791c263 key: 0e18c9ce-7f71-4d09-a0f0-663bb116215c. Entity too small.
	at org.apache.hadoop.ozone.om.request.s3.multipart.S3MultipartUploadCompleteRequest.getMultipartDataSize(S3MultipartUploadCompleteRequest.java:642)
	at org.apache.hadoop.ozone.om.request.s3.multipart.S3MultipartUploadCompleteRequest.validateAndUpdateCache(S3MultipartUploadCompleteRequest.java:289)
	at org.apache.hadoop.ozone.protocolPB.OzoneManagerRequestHandler.lambda$0(OzoneManagerRequestHandler.java:418)
	at org.apache.hadoop.ozone.util.MetricUtil.captureLatencyNs(MetricUtil.java:45)
	at org.apache.hadoop.ozone.protocolPB.OzoneManagerRequestHandler.handleWriteRequestImpl(OzoneManagerRequestHandler.java:416)
	at org.apache.hadoop.ozone.protocolPB.RequestHandler.handleWriteRequest(RequestHandler.java:62)
	at org.apache.hadoop.ozone.om.ratis.OzoneManagerStateMachine.runCommand(OzoneManagerStateMachine.java:599)
	at org.apache.hadoop.ozone.om.ratis.OzoneManagerStateMachine.lambda$3(OzoneManagerStateMachine.java:415)
	at java.base/java.util.concurrent.CompletableFuture$AsyncSupply.run(CompletableFuture.java:1768)
	at java.base/java.util.concurrent.ThreadPoolExecutor.runWorker(ThreadPoolExecutor.java:1144)
	at java.base/java.util.concurrent.ThreadPoolExecutor$Worker.run(ThreadPoolExecutor.java:642)
	at java.base/java.lang.Thread.run(Thread.java:1583)
2025-10-16 19:49:05,158 | ERROR | OMAudit | user=runner | ip=127.0.0.1 | op=COMPLETE_MULTIPART_UPLOAD {"volume":"0de56dd3-22f2-427d-9204-39b917f055ab","bucket":"fef82914-d991-40a6-8b46-0da6c791c263","key":"0e18c9ce-7f71-4d09-a0f0-663bb116215c","dataSize":"0","uploadID":"0199ee91-9fd1-77f4-b9f4-c79f68acb626-115385574693601642","multipartList":"[partNumber: 1 partName: \"8d777f385d3dfec8815d20f7496026dc\" eTag: \"8d777f385d3dfec8815d20f7496026dc\" , partNumber: 2 partName: \"8d777f385d3dfec8815d20f7496026dc\" eTag: \"8d777f385d3dfec8815d20f7496026dc\" ]","Transaction":"1485"} | ret=FAILURE | 
org.apache.hadoop.ozone.om.exceptions.OMException: Complete Multipart Upload Failed: volume: 0de56dd3-22f2-427d-9204-39b917f055ab bucket: fef82914-d991-40a6-8b46-0da6c791c263 key: 0e18c9ce-7f71-4d09-a0f0-663bb116215c. Entity too small.
	at org.apache.hadoop.ozone.om.request.s3.multipart.S3MultipartUploadCompleteRequest.getMultipartDataSize(S3MultipartUploadCompleteRequest.java:642)
	at org.apache.hadoop.ozone.om.request.s3.multipart.S3MultipartUploadCompleteRequest.validateAndUpdateCache(S3MultipartUploadCompleteRequest.java:289)
 
]]></system-out>
  </testcase>
  <testcase name="testMultipartUploadWithPartsMisMatchWithIncorrectPartName" classname="org.apache.hadoop.ozone.client.rpc.TestSecureOzoneRpcClient" time="0.033">
    <system-out><![CDATA[2025-10-16 19:49:05,161 [ForkJoinPool-1-worker-1] INFO  rpc.RpcClient (RpcClient.java:createVolume(461)) - Creating Volume: e8f00261-6e70-4023-a853-f3911916211a, with runner as owner and space quota set to -1 bytes, counts quota set to -1
2025-10-16 19:49:05,163 [om1-OMStateMachineApplyTransactionThread - 0] INFO  volume.OMVolumeCreateRequest (OMVolumeCreateRequest.java:validateAndUpdateCache(213)) - created volume:e8f00261-6e70-4023-a853-f3911916211a for user:runner
2025-10-16 19:49:05,163 | INFO  | OMAudit | user=runner | ip=127.0.0.1 | op=CREATE_VOLUME {"admin":"runner","owner":"runner","volume":"e8f00261-6e70-4023-a853-f3911916211a","creationTime":"1760644145162","modificationTime":"1760644145162","quotaInBytes":"-1","quotaInNamespace":"-1","usedNamespace":"0","objectID":"-9223372036854395392","updateID":"1486","Transaction":"1486"} | ret=SUCCESS |  
2025-10-16 19:49:05,165 | INFO  | OMAudit | user=runner | ip=127.0.0.1 | op=READ_VOLUME {"volume":"e8f00261-6e70-4023-a853-f3911916211a"} | ret=SUCCESS |  
2025-10-16 19:49:05,165 [ForkJoinPool-1-worker-1] INFO  rpc.RpcClient (RpcClient.java:createBucket(686)) - Creating Bucket: e8f00261-6e70-4023-a853-f3911916211a/f3f32cc8-d585-46cf-9b63-ad4581c77f59, with server-side default bucket layout, runner as owner, Versioning false, Storage Type set to DISK and Encryption set to false, Replication Type set to server-side default replication type, Namespace Quota set to -1, Space Quota set to -1 
2025-10-16 19:49:05,168 [om1-OMStateMachineApplyTransactionThread - 0] INFO  bucket.OMBucketCreateRequest (OMBucketCreateRequest.java:validateAndUpdateCache(303)) - created bucket: f3f32cc8-d585-46cf-9b63-ad4581c77f59 of layout FILE_SYSTEM_OPTIMIZED in volume: e8f00261-6e70-4023-a853-f3911916211a
2025-10-16 19:49:05,168 | INFO  | OMAudit | user=runner | ip=127.0.0.1 | op=CREATE_BUCKET {"volume":"e8f00261-6e70-4023-a853-f3911916211a","bucket":"f3f32cc8-d585-46cf-9b63-ad4581c77f59","bucketLayout":"FILE_SYSTEM_OPTIMIZED","gdprEnabled":null,"acls":"[user:runner:a[ACCESS], group:runner:rl[ACCESS]]","isVersionEnabled":"false","storageType":"DISK","creationTime":"1760644145167","bucketEncryptionKey":null,"modificationTime":"1760644145167","usedBytes":"0","usedNamespace":"0","snapshotUsedBytes":"0","snapshotUsedNamespace":"0","owner":"runner","replicationType":null,"replicationConfig":null,"quotaInBytes":"-1","quotaInNamespace":"-1","Transaction":"1487"} | ret=SUCCESS |  
2025-10-16 19:49:05,169 | INFO  | OMAudit | user=runner | ip=127.0.0.1 | op=READ_BUCKET {"volume":"e8f00261-6e70-4023-a853-f3911916211a","bucket":"f3f32cc8-d585-46cf-9b63-ad4581c77f59"} | ret=SUCCESS |  
2025-10-16 19:49:05,171 | INFO  | OMAudit | user=runner | ip=127.0.0.1 | op=INITIATE_MULTIPART_UPLOAD {"volume":"e8f00261-6e70-4023-a853-f3911916211a","bucket":"f3f32cc8-d585-46cf-9b63-ad4581c77f59","key":"9685242c-26d9-4997-81fe-81c6df66abc8","dataSize":"0","replicationType":"RATIS","replicationFactor":"ONE","uploadID":"0199ee91-a012-7fbc-ad7f-0c341b30d4bc-115385574697861485","Transaction":"1488"} | ret=SUCCESS |  
2025-10-16 19:49:05,174 | INFO  | OMAudit | user=runner | ip=127.0.0.1 | op=ALLOCATE_KEY {"volume":"e8f00261-6e70-4023-a853-f3911916211a","bucket":"f3f32cc8-d585-46cf-9b63-ad4581c77f59","key":"9685242c-26d9-4997-81fe-81c6df66abc8","dataSize":"4","Transaction":"1489"} | ret=SUCCESS |  
2025-10-16 19:49:05,178 | INFO  | SCMAudit | user=runner | ip=127.0.0.1 | op=ALLOCATE_BLOCK {"replication":"RATIS/ONE","owner":"omServiceIdDefault","size":"4194304","sampleBlocks":"[conID: 12 locID: 115816896921600393]","num":"1","client":"","allocated":"1"} | ret=SUCCESS |  
2025-10-16 19:49:05,180 | INFO  | OMAudit | user=runner | ip=127.0.0.1 | op=ALLOCATE_BLOCK {"volume":"e8f00261-6e70-4023-a853-f3911916211a","bucket":"f3f32cc8-d585-46cf-9b63-ad4581c77f59","key":"9685242c-26d9-4997-81fe-81c6df66abc8","dataSize":"4","replicationType":"RATIS","replicationFactor":"ONE","clientID":"115385574698058094","Transaction":"1490"} | ret=SUCCESS |  
2025-10-16 19:49:05,189 | INFO  | OMAudit | user=runner | ip=127.0.0.1 | op=COMMIT_MULTIPART_UPLOAD_PARTKEY {"volume":"e8f00261-6e70-4023-a853-f3911916211a","bucket":"f3f32cc8-d585-46cf-9b63-ad4581c77f59","key":"9685242c-26d9-4997-81fe-81c6df66abc8","dataSize":"4","ETag":"8d777f385d3dfec8815d20f7496026dc","uploadID":"0199ee91-a012-7fbc-ad7f-0c341b30d4bc-115385574697861485","partNumber":"1","partName":"/e8f00261-6e70-4023-a853-f3911916211a/f3f32cc8-d585-46cf-9b63-ad4581c77f59/9685242c-26d9-4997-81fe-81c6df66abc8-0199ee91-a012-7fbc-ad7f-0c341b30d4bc-115385574697861485-1","Transaction":"1491"} | ret=SUCCESS |  
2025-10-16 19:49:05,191 [om1-OMDoubleBufferFlushThread] INFO  db.RDBCheckpointManager (RDBCheckpointManager.java:createCheckpoint(87)) - Created checkpoint in rocksDB at /home/runner/work/ozone/ozone/hadoop-ozone/integration-test/target/test-dir/MiniOzoneClusterImpl-e7911277-7775-4457-96c8-94071a26a1ce/om/data/db.snapshots/checkpointState/om.db-c51c909b-572c-4718-94a7-e6dc996ac6b5 in 50 milliseconds
2025-10-16 19:49:05,192 [om1-OMStateMachineApplyTransactionThread - 0] ERROR multipart.S3MultipartUploadCompleteRequest (S3MultipartUploadCompleteRequest.java:logResult(444)) - MultipartUpload Complete request failed for Key: 9685242c-26d9-4997-81fe-81c6df66abc8 in Volume/Bucket e8f00261-6e70-4023-a853-f3911916211a/f3f32cc8-d585-46cf-9b63-ad4581c77f59
INVALID_PART org.apache.hadoop.ozone.om.exceptions.OMException: Complete Multipart Upload Failed: volume: e8f00261-6e70-4023-a853-f3911916211a bucket: f3f32cc8-d585-46cf-9b63-ad4581c77f59 key: 9685242c-26d9-4997-81fe-81c6df66abc8. Provided Part info is { 558909e28dbb8f002968be2774ad1399, 1}, whereas OM has eTag 8d777f385d3dfec8815d20f7496026dc
	at org.apache.hadoop.ozone.om.request.s3.multipart.S3MultipartUploadCompleteRequest.getMultipartDataSize(S3MultipartUploadCompleteRequest.java:625)
	at org.apache.hadoop.ozone.om.request.s3.multipart.S3MultipartUploadCompleteRequest.validateAndUpdateCache(S3MultipartUploadCompleteRequest.java:289)
	at org.apache.hadoop.ozone.protocolPB.OzoneManagerRequestHandler.lambda$0(OzoneManagerRequestHandler.java:418)
	at org.apache.hadoop.ozone.util.MetricUtil.captureLatencyNs(MetricUtil.java:45)
	at org.apache.hadoop.ozone.protocolPB.OzoneManagerRequestHandler.handleWriteRequestImpl(OzoneManagerRequestHandler.java:416)
	at org.apache.hadoop.ozone.protocolPB.RequestHandler.handleWriteRequest(RequestHandler.java:62)
	at org.apache.hadoop.ozone.om.ratis.OzoneManagerStateMachine.runCommand(OzoneManagerStateMachine.java:599)
	at org.apache.hadoop.ozone.om.ratis.OzoneManagerStateMachine.lambda$3(OzoneManagerStateMachine.java:415)
	at java.base/java.util.concurrent.CompletableFuture$AsyncSupply.run(CompletableFuture.java:1768)
	at java.base/java.util.concurrent.ThreadPoolExecutor.runWorker(ThreadPoolExecutor.java:1144)
	at java.base/java.util.concurrent.ThreadPoolExecutor$Worker.run(ThreadPoolExecutor.java:642)
	at java.base/java.lang.Thread.run(Thread.java:1583)
2025-10-16 19:49:05,192 | ERROR | OMAudit | user=runner | ip=127.0.0.1 | op=COMPLETE_MULTIPART_UPLOAD {"volume":"e8f00261-6e70-4023-a853-f3911916211a","bucket":"f3f32cc8-d585-46cf-9b63-ad4581c77f59","key":"9685242c-26d9-4997-81fe-81c6df66abc8","dataSize":"0","uploadID":"0199ee91-a012-7fbc-ad7f-0c341b30d4bc-115385574697861485","multipartList":"[partNumber: 1 partName: \"558909e28dbb8f002968be2774ad1399\" eTag: \"558909e28dbb8f002968be2774ad1399\" ]","Transaction":"1492"} | ret=FAILURE | 
org.apache.hadoop.ozone.om.exceptions.OMException: Complete Multipart Upload Failed: volume: e8f00261-6e70-4023-a853-f3911916211a bucket: f3f32cc8-d585-46cf-9b63-ad4581c77f59 key: 9685242c-26d9-4997-81fe-81c6df66abc8. Provided Part info is { 558909e28dbb8f002968be2774ad1399, 1}, whereas OM has eTag 8d777f385d3dfec8815d20f7496026dc
	at org.apache.hadoop.ozone.om.request.s3.multipart.S3MultipartUploadCompleteRequest.getMultipartDataSize(S3MultipartUploadCompleteRequest.java:625)
	at org.apache.hadoop.ozone.om.request.s3.multipart.S3MultipartUploadCompleteRequest.validateAndUpdateCache(S3MultipartUploadCompleteRequest.java:289)
 
]]></system-out>
  </testcase>
  <testcase name="testMultipartUploadWithPartsMisMatchWithListSizeDifferent" classname="org.apache.hadoop.ozone.client.rpc.TestSecureOzoneRpcClient" time="0.016">
    <system-out><![CDATA[2025-10-16 19:49:05,195 [ForkJoinPool-1-worker-1] INFO  rpc.RpcClient (RpcClient.java:createVolume(461)) - Creating Volume: 879272fe-22d0-4dd2-bd49-9c6a2aec2480, with runner as owner and space quota set to -1 bytes, counts quota set to -1
2025-10-16 19:49:05,197 [om1-OMStateMachineApplyTransactionThread - 0] INFO  volume.OMVolumeCreateRequest (OMVolumeCreateRequest.java:validateAndUpdateCache(213)) - created volume:879272fe-22d0-4dd2-bd49-9c6a2aec2480 for user:runner
2025-10-16 19:49:05,197 | INFO  | OMAudit | user=runner | ip=127.0.0.1 | op=CREATE_VOLUME {"admin":"runner","owner":"runner","volume":"879272fe-22d0-4dd2-bd49-9c6a2aec2480","creationTime":"1760644145196","modificationTime":"1760644145196","quotaInBytes":"-1","quotaInNamespace":"-1","usedNamespace":"0","objectID":"-9223372036854393600","updateID":"1493","Transaction":"1493"} | ret=SUCCESS |  
2025-10-16 19:49:05,198 | INFO  | OMAudit | user=runner | ip=127.0.0.1 | op=READ_VOLUME {"volume":"879272fe-22d0-4dd2-bd49-9c6a2aec2480"} | ret=SUCCESS |  
2025-10-16 19:49:05,199 [ForkJoinPool-1-worker-1] INFO  rpc.RpcClient (RpcClient.java:createBucket(686)) - Creating Bucket: 879272fe-22d0-4dd2-bd49-9c6a2aec2480/3a77681a-4a5c-437f-91db-3491624183ac, with server-side default bucket layout, runner as owner, Versioning false, Storage Type set to DISK and Encryption set to false, Replication Type set to server-side default replication type, Namespace Quota set to -1, Space Quota set to -1 
2025-10-16 19:49:05,200 [om1-OMStateMachineApplyTransactionThread - 0] INFO  bucket.OMBucketCreateRequest (OMBucketCreateRequest.java:validateAndUpdateCache(303)) - created bucket: 3a77681a-4a5c-437f-91db-3491624183ac of layout FILE_SYSTEM_OPTIMIZED in volume: 879272fe-22d0-4dd2-bd49-9c6a2aec2480
2025-10-16 19:49:05,200 | INFO  | OMAudit | user=runner | ip=127.0.0.1 | op=CREATE_BUCKET {"volume":"879272fe-22d0-4dd2-bd49-9c6a2aec2480","bucket":"3a77681a-4a5c-437f-91db-3491624183ac","bucketLayout":"FILE_SYSTEM_OPTIMIZED","gdprEnabled":null,"acls":"[user:runner:a[ACCESS], group:runner:rl[ACCESS]]","isVersionEnabled":"false","storageType":"DISK","creationTime":"1760644145200","bucketEncryptionKey":null,"modificationTime":"1760644145200","usedBytes":"0","usedNamespace":"0","snapshotUsedBytes":"0","snapshotUsedNamespace":"0","owner":"runner","replicationType":null,"replicationConfig":null,"quotaInBytes":"-1","quotaInNamespace":"-1","Transaction":"1494"} | ret=SUCCESS |  
2025-10-16 19:49:05,201 | INFO  | OMAudit | user=runner | ip=127.0.0.1 | op=READ_BUCKET {"volume":"879272fe-22d0-4dd2-bd49-9c6a2aec2480","bucket":"3a77681a-4a5c-437f-91db-3491624183ac"} | ret=SUCCESS |  
2025-10-16 19:49:05,204 | INFO  | OMAudit | user=runner | ip=127.0.0.1 | op=INITIATE_MULTIPART_UPLOAD {"volume":"879272fe-22d0-4dd2-bd49-9c6a2aec2480","bucket":"3a77681a-4a5c-437f-91db-3491624183ac","key":"038a9369-b617-47e4-a7e3-9dfbeff976f7","dataSize":"0","replicationType":"RATIS","replicationFactor":"ONE","uploadID":"0199ee91-a033-72fd-9b37-c3af5a520e9e-115385574700024175","Transaction":"1495"} | ret=SUCCESS |  
2025-10-16 19:49:05,209 [om1-OMStateMachineApplyTransactionThread - 0] ERROR multipart.S3MultipartUploadCompleteRequest (S3MultipartUploadCompleteRequest.java:validateAndUpdateCache(275)) - Complete MultipartUpload failed for key /879272fe-22d0-4dd2-bd49-9c6a2aec2480/3a77681a-4a5c-437f-91db-3491624183ac/038a9369-b617-47e4-a7e3-9dfbeff976f7 , MPU Key has no parts in OM, parts given to upload are [partNumber: 1
partName: "9b295b04-067a-4c14-92d6-b99a3870d343"
eTag: "9b295b04-067a-4c14-92d6-b99a3870d343"
]
2025-10-16 19:49:05,209 [om1-OMStateMachineApplyTransactionThread - 0] ERROR multipart.S3MultipartUploadCompleteRequest (S3MultipartUploadCompleteRequest.java:logResult(444)) - MultipartUpload Complete request failed for Key: 038a9369-b617-47e4-a7e3-9dfbeff976f7 in Volume/Bucket 879272fe-22d0-4dd2-bd49-9c6a2aec2480/3a77681a-4a5c-437f-91db-3491624183ac
INVALID_PART org.apache.hadoop.ozone.om.exceptions.OMException: Complete Multipart Upload Failed: volume: 879272fe-22d0-4dd2-bd49-9c6a2aec2480 bucket: 3a77681a-4a5c-437f-91db-3491624183ac key: 038a9369-b617-47e4-a7e3-9dfbeff976f7
	at org.apache.hadoop.ozone.om.request.s3.multipart.S3MultipartUploadCompleteRequest.validateAndUpdateCache(S3MultipartUploadCompleteRequest.java:278)
	at org.apache.hadoop.ozone.protocolPB.OzoneManagerRequestHandler.lambda$0(OzoneManagerRequestHandler.java:418)
	at org.apache.hadoop.ozone.util.MetricUtil.captureLatencyNs(MetricUtil.java:45)
	at org.apache.hadoop.ozone.protocolPB.OzoneManagerRequestHandler.handleWriteRequestImpl(OzoneManagerRequestHandler.java:416)
	at org.apache.hadoop.ozone.protocolPB.RequestHandler.handleWriteRequest(RequestHandler.java:62)
	at org.apache.hadoop.ozone.om.ratis.OzoneManagerStateMachine.runCommand(OzoneManagerStateMachine.java:599)
	at org.apache.hadoop.ozone.om.ratis.OzoneManagerStateMachine.lambda$3(OzoneManagerStateMachine.java:415)
	at java.base/java.util.concurrent.CompletableFuture$AsyncSupply.run(CompletableFuture.java:1768)
	at java.base/java.util.concurrent.ThreadPoolExecutor.runWorker(ThreadPoolExecutor.java:1144)
	at java.base/java.util.concurrent.ThreadPoolExecutor$Worker.run(ThreadPoolExecutor.java:642)
	at java.base/java.lang.Thread.run(Thread.java:1583)
2025-10-16 19:49:05,209 | ERROR | OMAudit | user=runner | ip=127.0.0.1 | op=COMPLETE_MULTIPART_UPLOAD {"volume":"879272fe-22d0-4dd2-bd49-9c6a2aec2480","bucket":"3a77681a-4a5c-437f-91db-3491624183ac","key":"038a9369-b617-47e4-a7e3-9dfbeff976f7","dataSize":"0","uploadID":"0199ee91-a033-72fd-9b37-c3af5a520e9e-115385574700024175","multipartList":"[partNumber: 1 partName: \"9b295b04-067a-4c14-92d6-b99a3870d343\" eTag: \"9b295b04-067a-4c14-92d6-b99a3870d343\" ]","Transaction":"1496"} | ret=FAILURE | 
org.apache.hadoop.ozone.om.exceptions.OMException: Complete Multipart Upload Failed: volume: 879272fe-22d0-4dd2-bd49-9c6a2aec2480 bucket: 3a77681a-4a5c-437f-91db-3491624183ac key: 038a9369-b617-47e4-a7e3-9dfbeff976f7
	at org.apache.hadoop.ozone.om.request.s3.multipart.S3MultipartUploadCompleteRequest.validateAndUpdateCache(S3MultipartUploadCompleteRequest.java:278)
	at org.apache.hadoop.ozone.protocolPB.OzoneManagerRequestHandler.lambda$0(OzoneManagerRequestHandler.java:418)
 
]]></system-out>
  </testcase>
  <testcase name="testMultipartUploadWithTags(ReplicationConfig)[1]" classname="org.apache.hadoop.ozone.client.rpc.TestSecureOzoneRpcClient" time="0.265">
    <system-out><![CDATA[2025-10-16 19:49:05,216 [ForkJoinPool-1-worker-1] INFO  rpc.RpcClient (RpcClient.java:createVolume(461)) - Creating Volume: 1f64e42c-cec5-4b30-bbbd-149a41140588, with runner as owner and space quota set to -1 bytes, counts quota set to -1
2025-10-16 19:49:05,220 [om1-OMStateMachineApplyTransactionThread - 0] INFO  volume.OMVolumeCreateRequest (OMVolumeCreateRequest.java:validateAndUpdateCache(213)) - created volume:1f64e42c-cec5-4b30-bbbd-149a41140588 for user:runner
2025-10-16 19:49:05,221 | INFO  | OMAudit | user=runner | ip=127.0.0.1 | op=CREATE_VOLUME {"admin":"runner","owner":"runner","volume":"1f64e42c-cec5-4b30-bbbd-149a41140588","creationTime":"1760644145218","modificationTime":"1760644145218","quotaInBytes":"-1","quotaInNamespace":"-1","usedNamespace":"0","objectID":"-9223372036854392576","updateID":"1497","Transaction":"1497"} | ret=SUCCESS |  
2025-10-16 19:49:05,222 | INFO  | OMAudit | user=runner | ip=127.0.0.1 | op=READ_VOLUME {"volume":"1f64e42c-cec5-4b30-bbbd-149a41140588"} | ret=SUCCESS |  
2025-10-16 19:49:05,222 [ForkJoinPool-1-worker-1] INFO  rpc.RpcClient (RpcClient.java:createBucket(686)) - Creating Bucket: 1f64e42c-cec5-4b30-bbbd-149a41140588/85304bdd-6703-4222-ab00-ed200f9b35ae, with bucket layout OBJECT_STORE, runner as owner, Versioning false, Storage Type set to DISK and Encryption set to false, Replication Type set to server-side default replication type, Namespace Quota set to -1, Space Quota set to -1 
2025-10-16 19:49:05,223 [om1-OMDoubleBufferFlushThread] INFO  om.OmSnapshotManager (OmSnapshotManager.java:createOmSnapshotCheckpoint(545)) - Created checkpoint: /home/runner/work/ozone/ozone/hadoop-ozone/integration-test/target/test-dir/MiniOzoneClusterImpl-e7911277-7775-4457-96c8-94071a26a1ce/om/data/db.snapshots/checkpointState/om.db-c51c909b-572c-4718-94a7-e6dc996ac6b5 for snapshot /vol-a-85441/buc-a-13854/snapshot-b-4-74566
2025-10-16 19:49:05,224 [om1-OMStateMachineApplyTransactionThread - 0] INFO  bucket.OMBucketCreateRequest (OMBucketCreateRequest.java:validateAndUpdateCache(303)) - created bucket: 85304bdd-6703-4222-ab00-ed200f9b35ae of layout OBJECT_STORE in volume: 1f64e42c-cec5-4b30-bbbd-149a41140588
2025-10-16 19:49:05,224 | INFO  | OMAudit | user=runner | ip=127.0.0.1 | op=CREATE_BUCKET {"volume":"1f64e42c-cec5-4b30-bbbd-149a41140588","bucket":"85304bdd-6703-4222-ab00-ed200f9b35ae","bucketLayout":"OBJECT_STORE","gdprEnabled":null,"acls":"[user:runner:a[ACCESS], group:runner:rl[ACCESS]]","isVersionEnabled":"false","storageType":"DISK","creationTime":"1760644145223","bucketEncryptionKey":null,"modificationTime":"1760644145223","usedBytes":"0","usedNamespace":"0","snapshotUsedBytes":"0","snapshotUsedNamespace":"0","owner":"runner","replicationType":null,"replicationConfig":null,"quotaInBytes":"-1","quotaInNamespace":"-1","Transaction":"1498"} | ret=SUCCESS |  
2025-10-16 19:49:05,226 | INFO  | OMAudit | user=runner | ip=127.0.0.1 | op=READ_BUCKET {"volume":"1f64e42c-cec5-4b30-bbbd-149a41140588","bucket":"85304bdd-6703-4222-ab00-ed200f9b35ae"} | ret=SUCCESS |  
2025-10-16 19:49:05,228 | INFO  | OMAudit | user=runner | ip=127.0.0.1 | op=INITIATE_MULTIPART_UPLOAD {"volume":"1f64e42c-cec5-4b30-bbbd-149a41140588","bucket":"85304bdd-6703-4222-ab00-ed200f9b35ae","key":"898803e4-7e5b-4c0c-a445-b7b42851a8fa","dataSize":"0","replicationType":"RATIS","replicationFactor":"ONE","uploadID":"0199ee91-a04b-7f9e-bbe2-d4a410d77bcd-115385574701597040","Transaction":"1499"} | ret=SUCCESS |  
2025-10-16 19:49:05,234 | INFO  | OMAudit | user=runner | ip=127.0.0.1 | op=ALLOCATE_KEY {"volume":"1f64e42c-cec5-4b30-bbbd-149a41140588","bucket":"85304bdd-6703-4222-ab00-ed200f9b35ae","key":"898803e4-7e5b-4c0c-a445-b7b42851a8fa","dataSize":"5242880","Transaction":"1500"} | ret=SUCCESS |  
2025-10-16 19:49:05,237 | INFO  | SCMAudit | user=runner | ip=127.0.0.1 | op=ALLOCATE_BLOCK {"replication":"RATIS/ONE","owner":"omServiceIdDefault","size":"4194304","sampleBlocks":"[conID: 27 locID: 115816896921600394]","num":"1","client":"","allocated":"1"} | ret=SUCCESS |  
2025-10-16 19:49:05,241 | INFO  | OMAudit | user=runner | ip=127.0.0.1 | op=ALLOCATE_BLOCK {"volume":"1f64e42c-cec5-4b30-bbbd-149a41140588","bucket":"85304bdd-6703-4222-ab00-ed200f9b35ae","key":"898803e4-7e5b-4c0c-a445-b7b42851a8fa","dataSize":"5242880","replicationType":"RATIS","replicationFactor":"ONE","clientID":"115385574701859185","Transaction":"1501"} | ret=SUCCESS |  
2025-10-16 19:49:05,267 | INFO  | SCMAudit | user=runner | ip=127.0.0.1 | op=ALLOCATE_BLOCK {"replication":"RATIS/ONE","owner":"omServiceIdDefault","size":"4194304","sampleBlocks":"[conID: 12 locID: 115816896921600395]","num":"1","client":"","allocated":"1"} | ret=SUCCESS |  
2025-10-16 19:49:05,271 | INFO  | OMAudit | user=runner | ip=127.0.0.1 | op=ALLOCATE_BLOCK {"volume":"1f64e42c-cec5-4b30-bbbd-149a41140588","bucket":"85304bdd-6703-4222-ab00-ed200f9b35ae","key":"898803e4-7e5b-4c0c-a445-b7b42851a8fa","dataSize":"5242880","replicationType":"RATIS","replicationFactor":"ONE","clientID":"115385574701859185","Transaction":"1502"} | ret=SUCCESS |  
2025-10-16 19:49:05,271 [om1-OMDoubleBufferFlushThread] INFO  db.RDBCheckpointManager (RDBCheckpointManager.java:createCheckpoint(87)) - Created checkpoint in rocksDB at /home/runner/work/ozone/ozone/hadoop-ozone/integration-test/target/test-dir/MiniOzoneClusterImpl-e7911277-7775-4457-96c8-94071a26a1ce/om/data/db.snapshots/checkpointState/om.db-2da4c544-a89e-452c-98d5-0afd4f90841d in 46 milliseconds
2025-10-16 19:49:05,293 | INFO  | OMAudit | user=runner | ip=127.0.0.1 | op=COMMIT_MULTIPART_UPLOAD_PARTKEY {"volume":"1f64e42c-cec5-4b30-bbbd-149a41140588","bucket":"85304bdd-6703-4222-ab00-ed200f9b35ae","key":"898803e4-7e5b-4c0c-a445-b7b42851a8fa","dataSize":"5242880","ETag":"5ec9ae7549d12b830c2796d79d95cb39","uploadID":"0199ee91-a04b-7f9e-bbe2-d4a410d77bcd-115385574701597040","partNumber":"1","partName":"/1f64e42c-cec5-4b30-bbbd-149a41140588/85304bdd-6703-4222-ab00-ed200f9b35ae/898803e4-7e5b-4c0c-a445-b7b42851a8fa-0199ee91-a04b-7f9e-bbe2-d4a410d77bcd-115385574701597040-1","Transaction":"1503"} | ret=SUCCESS |  
2025-10-16 19:49:05,296 | INFO  | OMAudit | user=runner | ip=127.0.0.1 | op=ALLOCATE_KEY {"volume":"1f64e42c-cec5-4b30-bbbd-149a41140588","bucket":"85304bdd-6703-4222-ab00-ed200f9b35ae","key":"898803e4-7e5b-4c0c-a445-b7b42851a8fa","dataSize":"5242880","Transaction":"1504"} | ret=SUCCESS |  
2025-10-16 19:49:05,298 | INFO  | SCMAudit | user=runner | ip=127.0.0.1 | op=ALLOCATE_BLOCK {"replication":"RATIS/ONE","owner":"omServiceIdDefault","size":"4194304","sampleBlocks":"[conID: 3 locID: 115816896921600396]","num":"1","client":"","allocated":"1"} | ret=SUCCESS |  
2025-10-16 19:49:05,300 | INFO  | OMAudit | user=runner | ip=127.0.0.1 | op=ALLOCATE_BLOCK {"volume":"1f64e42c-cec5-4b30-bbbd-149a41140588","bucket":"85304bdd-6703-4222-ab00-ed200f9b35ae","key":"898803e4-7e5b-4c0c-a445-b7b42851a8fa","dataSize":"5242880","replicationType":"RATIS","replicationFactor":"ONE","clientID":"115385574706053490","Transaction":"1505"} | ret=SUCCESS |  
2025-10-16 19:49:05,302 [om1-OMDoubleBufferFlushThread] INFO  om.OmSnapshotManager (OmSnapshotManager.java:createOmSnapshotCheckpoint(545)) - Created checkpoint: /home/runner/work/ozone/ozone/hadoop-ozone/integration-test/target/test-dir/MiniOzoneClusterImpl-e7911277-7775-4457-96c8-94071a26a1ce/om/data/db.snapshots/checkpointState/om.db-2da4c544-a89e-452c-98d5-0afd4f90841d for snapshot /vol-a-85441/buc-b-43844/snapshot-b-4-10978
2025-10-16 19:49:05,312 | INFO  | SCMAudit | user=runner | ip=127.0.0.1 | op=SEND_HEARTBEAT {"datanodeUUID":"76d4ba71-5bbb-4b24-8f51-8bc7f78aaca4","term":"2","command":"[]"} | ret=SUCCESS |  
2025-10-16 19:49:05,313 | INFO  | SCMAudit | user=runner | ip=127.0.0.1 | op=SEND_HEARTBEAT {"datanodeUUID":"764b18f0-81c5-439a-9fff-25adc4f241fa","term":"2","command":"[]"} | ret=SUCCESS |  
2025-10-16 19:49:05,321 | INFO  | SCMAudit | user=runner | ip=127.0.0.1 | op=ALLOCATE_BLOCK {"replication":"RATIS/ONE","owner":"omServiceIdDefault","size":"4194304","sampleBlocks":"[conID: 11 locID: 115816896921600397]","num":"1","client":"","allocated":"1"} | ret=SUCCESS |  
2025-10-16 19:49:05,324 | INFO  | OMAudit | user=runner | ip=127.0.0.1 | op=ALLOCATE_BLOCK {"volume":"1f64e42c-cec5-4b30-bbbd-149a41140588","bucket":"85304bdd-6703-4222-ab00-ed200f9b35ae","key":"898803e4-7e5b-4c0c-a445-b7b42851a8fa","dataSize":"5242880","replicationType":"RATIS","replicationFactor":"ONE","clientID":"115385574706053490","Transaction":"1506"} | ret=SUCCESS |  
2025-10-16 19:49:05,346 | INFO  | OMAudit | user=runner | ip=127.0.0.1 | op=COMMIT_MULTIPART_UPLOAD_PARTKEY {"volume":"1f64e42c-cec5-4b30-bbbd-149a41140588","bucket":"85304bdd-6703-4222-ab00-ed200f9b35ae","key":"898803e4-7e5b-4c0c-a445-b7b42851a8fa","dataSize":"5242880","ETag":"5ec9ae7549d12b830c2796d79d95cb39","uploadID":"0199ee91-a04b-7f9e-bbe2-d4a410d77bcd-115385574701597040","partNumber":"2","partName":"/1f64e42c-cec5-4b30-bbbd-149a41140588/85304bdd-6703-4222-ab00-ed200f9b35ae/898803e4-7e5b-4c0c-a445-b7b42851a8fa-0199ee91-a04b-7f9e-bbe2-d4a410d77bcd-115385574701597040-2","Transaction":"1507"} | ret=SUCCESS |  
2025-10-16 19:49:05,351 | INFO  | OMAudit | user=runner | ip=127.0.0.1 | op=ALLOCATE_KEY {"volume":"1f64e42c-cec5-4b30-bbbd-149a41140588","bucket":"85304bdd-6703-4222-ab00-ed200f9b35ae","key":"898803e4-7e5b-4c0c-a445-b7b42851a8fa","dataSize":"36","Transaction":"1508"} | ret=SUCCESS |  
2025-10-16 19:49:05,354 | INFO  | SCMAudit | user=runner | ip=127.0.0.1 | op=ALLOCATE_BLOCK {"replication":"RATIS/ONE","owner":"omServiceIdDefault","size":"4194304","sampleBlocks":"[conID: 12 locID: 115816896921600398]","num":"1","client":"","allocated":"1"} | ret=SUCCESS |  
2025-10-16 19:49:05,355 | INFO  | OMAudit | user=runner | ip=127.0.0.1 | op=ALLOCATE_BLOCK {"volume":"1f64e42c-cec5-4b30-bbbd-149a41140588","bucket":"85304bdd-6703-4222-ab00-ed200f9b35ae","key":"898803e4-7e5b-4c0c-a445-b7b42851a8fa","dataSize":"36","replicationType":"RATIS","replicationFactor":"ONE","clientID":"115385574709592435","Transaction":"1509"} | ret=SUCCESS |  
2025-10-16 19:49:05,355 [om1-OMDoubleBufferFlushThread] INFO  db.RDBCheckpointManager (RDBCheckpointManager.java:createCheckpoint(87)) - Created checkpoint in rocksDB at /home/runner/work/ozone/ozone/hadoop-ozone/integration-test/target/test-dir/MiniOzoneClusterImpl-e7911277-7775-4457-96c8-94071a26a1ce/om/data/db.snapshots/checkpointState/om.db-8e219e94-04d9-47c9-8328-860421f2ca13 in 51 milliseconds
2025-10-16 19:49:05,362 | INFO  | OMAudit | user=runner | ip=127.0.0.1 | op=COMMIT_MULTIPART_UPLOAD_PARTKEY {"volume":"1f64e42c-cec5-4b30-bbbd-149a41140588","bucket":"85304bdd-6703-4222-ab00-ed200f9b35ae","key":"898803e4-7e5b-4c0c-a445-b7b42851a8fa","dataSize":"36","ETag":"b61aebeea121278bbd5794b972062cb5","uploadID":"0199ee91-a04b-7f9e-bbe2-d4a410d77bcd-115385574701597040","partNumber":"3","partName":"/1f64e42c-cec5-4b30-bbbd-149a41140588/85304bdd-6703-4222-ab00-ed200f9b35ae/898803e4-7e5b-4c0c-a445-b7b42851a8fa-0199ee91-a04b-7f9e-bbe2-d4a410d77bcd-115385574701597040-3","Transaction":"1510"} | ret=SUCCESS |  
2025-10-16 19:49:05,367 | INFO  | OMAudit | user=runner | ip=127.0.0.1 | op=COMPLETE_MULTIPART_UPLOAD {"volume":"1f64e42c-cec5-4b30-bbbd-149a41140588","bucket":"85304bdd-6703-4222-ab00-ed200f9b35ae","key":"898803e4-7e5b-4c0c-a445-b7b42851a8fa","dataSize":"0","uploadID":"0199ee91-a04b-7f9e-bbe2-d4a410d77bcd-115385574701597040","multipartList":"[partNumber: 1 partName: \"5ec9ae7549d12b830c2796d79d95cb39\" eTag: \"5ec9ae7549d12b830c2796d79d95cb39\" , partNumber: 2 partName: \"5ec9ae7549d12b830c2796d79d95cb39\" eTag: \"5ec9ae7549d12b830c2796d79d95cb39\" , partNumber: 3 partName: \"b61aebeea121278bbd5794b972062cb5\" eTag: \"b61aebeea121278bbd5794b972062cb5\" ]","Transaction":"1511"} | ret=SUCCESS |  
2025-10-16 19:49:05,371 | INFO  | OMAudit | user=runner | ip=127.0.0.1 | op=READ_KEY {"volume":"1f64e42c-cec5-4b30-bbbd-149a41140588","bucket":"85304bdd-6703-4222-ab00-ed200f9b35ae","key":"898803e4-7e5b-4c0c-a445-b7b42851a8fa","owner":null,"dataSize":"0","replicationConfig":null} | ret=SUCCESS |  
2025-10-16 19:49:05,404 [om1-OMDoubleBufferFlushThread] INFO  om.OmSnapshotManager (OmSnapshotManager.java:createOmSnapshotCheckpoint(545)) - Created checkpoint: /home/runner/work/ozone/ozone/hadoop-ozone/integration-test/target/test-dir/MiniOzoneClusterImpl-e7911277-7775-4457-96c8-94071a26a1ce/om/data/db.snapshots/checkpointState/om.db-8e219e94-04d9-47c9-8328-860421f2ca13 for snapshot /vol-b-85804/buc-a-13854/snapshot-b-4-69245
2025-10-16 19:49:05,464 [om1-OMDoubleBufferFlushThread] INFO  db.RDBCheckpointManager (RDBCheckpointManager.java:createCheckpoint(87)) - Created checkpoint in rocksDB at /home/runner/work/ozone/ozone/hadoop-ozone/integration-test/target/test-dir/MiniOzoneClusterImpl-e7911277-7775-4457-96c8-94071a26a1ce/om/data/db.snapshots/checkpointState/om.db-9b8f58a6-11ca-412c-a3ba-f7a0c9d91d69 in 57 milliseconds
2025-10-16 19:49:05,466 | INFO  | SCMAudit | user=runner | ip=127.0.0.1 | op=GET_CONTAINER_WITH_PIPELINE_BATCH {"containerIDs":"#3,#27,#11,#12,"} | ret=SUCCESS |  
2025-10-16 19:49:05,466 | INFO  | OMAudit | user=null | ip= | op=READ_KEY {"volume":"1f64e42c-cec5-4b30-bbbd-149a41140588","bucket":"85304bdd-6703-4222-ab00-ed200f9b35ae","key":"898803e4-7e5b-4c0c-a445-b7b42851a8fa","owner":null,"dataSize":"0","replicationConfig":null} | ret=SUCCESS |  
2025-10-16 19:49:05,468 | INFO  | SCMAudit | user=runner | ip=127.0.0.1 | op=GET_CONTAINER {"containerID":"27"} | ret=SUCCESS |  
2025-10-16 19:49:05,469 | INFO  | SCMAudit | user=runner | ip=127.0.0.1 | op=GET_CONTAINER {"containerID":"12"} | ret=SUCCESS |  
2025-10-16 19:49:05,470 | INFO  | SCMAudit | user=runner | ip=127.0.0.1 | op=GET_CONTAINER {"containerID":"3"} | ret=SUCCESS |  
2025-10-16 19:49:05,471 | INFO  | SCMAudit | user=runner | ip=127.0.0.1 | op=GET_CONTAINER {"containerID":"11"} | ret=SUCCESS |  
2025-10-16 19:49:05,472 | INFO  | SCMAudit | user=runner | ip=127.0.0.1 | op=GET_CONTAINER {"containerID":"12"} | ret=SUCCESS |  
]]></system-out>
  </testcase>
  <testcase name="testMultipartUploadWithTags(ReplicationConfig)[2]" classname="org.apache.hadoop.ozone.client.rpc.TestSecureOzoneRpcClient" time="0.301">
    <system-out><![CDATA[2025-10-16 19:49:05,481 [ForkJoinPool-1-worker-1] INFO  rpc.RpcClient (RpcClient.java:createVolume(461)) - Creating Volume: 61433c98-59b1-4140-9c1d-806c1d0b5c62, with runner as owner and space quota set to -1 bytes, counts quota set to -1
2025-10-16 19:49:05,484 [om1-OMStateMachineApplyTransactionThread - 0] INFO  volume.OMVolumeCreateRequest (OMVolumeCreateRequest.java:validateAndUpdateCache(213)) - created volume:61433c98-59b1-4140-9c1d-806c1d0b5c62 for user:runner
2025-10-16 19:49:05,485 | INFO  | OMAudit | user=runner | ip=127.0.0.1 | op=CREATE_VOLUME {"admin":"runner","owner":"runner","volume":"61433c98-59b1-4140-9c1d-806c1d0b5c62","creationTime":"1760644145482","modificationTime":"1760644145482","quotaInBytes":"-1","quotaInNamespace":"-1","usedNamespace":"0","objectID":"-9223372036854388736","updateID":"1512","Transaction":"1512"} | ret=SUCCESS |  
2025-10-16 19:49:05,487 | INFO  | OMAudit | user=runner | ip=127.0.0.1 | op=READ_VOLUME {"volume":"61433c98-59b1-4140-9c1d-806c1d0b5c62"} | ret=SUCCESS |  
2025-10-16 19:49:05,487 [ForkJoinPool-1-worker-1] INFO  rpc.RpcClient (RpcClient.java:createBucket(686)) - Creating Bucket: 61433c98-59b1-4140-9c1d-806c1d0b5c62/70796531-4473-4fcf-9ae6-7643fc07ebf9, with bucket layout OBJECT_STORE, runner as owner, Versioning false, Storage Type set to DISK and Encryption set to false, Replication Type set to server-side default replication type, Namespace Quota set to -1, Space Quota set to -1 
2025-10-16 19:49:05,489 [om1-OMStateMachineApplyTransactionThread - 0] INFO  bucket.OMBucketCreateRequest (OMBucketCreateRequest.java:validateAndUpdateCache(303)) - created bucket: 70796531-4473-4fcf-9ae6-7643fc07ebf9 of layout OBJECT_STORE in volume: 61433c98-59b1-4140-9c1d-806c1d0b5c62
2025-10-16 19:49:05,489 | INFO  | OMAudit | user=runner | ip=127.0.0.1 | op=CREATE_BUCKET {"volume":"61433c98-59b1-4140-9c1d-806c1d0b5c62","bucket":"70796531-4473-4fcf-9ae6-7643fc07ebf9","bucketLayout":"OBJECT_STORE","gdprEnabled":null,"acls":"[user:runner:a[ACCESS], group:runner:rl[ACCESS]]","isVersionEnabled":"false","storageType":"DISK","creationTime":"1760644145488","bucketEncryptionKey":null,"modificationTime":"1760644145488","usedBytes":"0","usedNamespace":"0","snapshotUsedBytes":"0","snapshotUsedNamespace":"0","owner":"runner","replicationType":null,"replicationConfig":null,"quotaInBytes":"-1","quotaInNamespace":"-1","Transaction":"1513"} | ret=SUCCESS |  
2025-10-16 19:49:05,491 | INFO  | OMAudit | user=runner | ip=127.0.0.1 | op=READ_BUCKET {"volume":"61433c98-59b1-4140-9c1d-806c1d0b5c62","bucket":"70796531-4473-4fcf-9ae6-7643fc07ebf9"} | ret=SUCCESS |  
2025-10-16 19:49:05,494 [om1-OMDoubleBufferFlushThread] INFO  om.OmSnapshotManager (OmSnapshotManager.java:createOmSnapshotCheckpoint(545)) - Created checkpoint: /home/runner/work/ozone/ozone/hadoop-ozone/integration-test/target/test-dir/MiniOzoneClusterImpl-e7911277-7775-4457-96c8-94071a26a1ce/om/data/db.snapshots/checkpointState/om.db-9b8f58a6-11ca-412c-a3ba-f7a0c9d91d69 for snapshot /vol-b-85804/buc-b-43844/snapshot-b-4-78041
2025-10-16 19:49:05,494 | INFO  | OMAudit | user=runner | ip=127.0.0.1 | op=INITIATE_MULTIPART_UPLOAD {"volume":"61433c98-59b1-4140-9c1d-806c1d0b5c62","bucket":"70796531-4473-4fcf-9ae6-7643fc07ebf9","key":"e4e78d56-61f6-4728-89f5-26665ce10edb","dataSize":"0","replicationType":"RATIS","replicationFactor":"THREE","uploadID":"0199ee91-a154-76da-aa7b-56d7632990b0-115385574718964084","Transaction":"1514"} | ret=SUCCESS |  
2025-10-16 19:49:05,498 | INFO  | OMAudit | user=runner | ip=127.0.0.1 | op=ALLOCATE_KEY {"volume":"61433c98-59b1-4140-9c1d-806c1d0b5c62","bucket":"70796531-4473-4fcf-9ae6-7643fc07ebf9","key":"e4e78d56-61f6-4728-89f5-26665ce10edb","dataSize":"5242880","Transaction":"1515"} | ret=SUCCESS |  
2025-10-16 19:49:05,499 | INFO  | SCMAudit | user=runner | ip=127.0.0.1 | op=ALLOCATE_BLOCK {"replication":"RATIS/THREE","owner":"omServiceIdDefault","size":"4194304","sampleBlocks":"[conID: 15 locID: 115816896921600399]","num":"1","client":"","allocated":"1"} | ret=SUCCESS |  
2025-10-16 19:49:05,501 | INFO  | OMAudit | user=runner | ip=127.0.0.1 | op=ALLOCATE_BLOCK {"volume":"61433c98-59b1-4140-9c1d-806c1d0b5c62","bucket":"70796531-4473-4fcf-9ae6-7643fc07ebf9","key":"e4e78d56-61f6-4728-89f5-26665ce10edb","dataSize":"5242880","replicationType":"RATIS","replicationFactor":"THREE","clientID":"115385574719226229","Transaction":"1516"} | ret=SUCCESS |  
2025-10-16 19:49:05,551 | INFO  | SCMAudit | user=runner | ip=127.0.0.1 | op=ALLOCATE_BLOCK {"replication":"RATIS/THREE","owner":"omServiceIdDefault","size":"4194304","sampleBlocks":"[conID: 20 locID: 115816896921600400]","num":"1","client":"","allocated":"1"} | ret=SUCCESS |  
2025-10-16 19:49:05,553 | INFO  | OMAudit | user=runner | ip=127.0.0.1 | op=ALLOCATE_BLOCK {"volume":"61433c98-59b1-4140-9c1d-806c1d0b5c62","bucket":"70796531-4473-4fcf-9ae6-7643fc07ebf9","key":"e4e78d56-61f6-4728-89f5-26665ce10edb","dataSize":"5242880","replicationType":"RATIS","replicationFactor":"THREE","clientID":"115385574719226229","Transaction":"1517"} | ret=SUCCESS |  
2025-10-16 19:49:05,558 [om1-OMDoubleBufferFlushThread] INFO  db.RDBCheckpointManager (RDBCheckpointManager.java:createCheckpoint(87)) - Created checkpoint in rocksDB at /home/runner/work/ozone/ozone/hadoop-ozone/integration-test/target/test-dir/MiniOzoneClusterImpl-e7911277-7775-4457-96c8-94071a26a1ce/om/data/db.snapshots/checkpointState/om.db-947bc25e-8ce8-4eb2-b76a-d3809466a44d in 62 milliseconds
2025-10-16 19:49:05,583 | INFO  | OMAudit | user=runner | ip=127.0.0.1 | op=COMMIT_MULTIPART_UPLOAD_PARTKEY {"volume":"61433c98-59b1-4140-9c1d-806c1d0b5c62","bucket":"70796531-4473-4fcf-9ae6-7643fc07ebf9","key":"e4e78d56-61f6-4728-89f5-26665ce10edb","dataSize":"5242880","ETag":"5ec9ae7549d12b830c2796d79d95cb39","uploadID":"0199ee91-a154-76da-aa7b-56d7632990b0-115385574718964084","partNumber":"1","partName":"/61433c98-59b1-4140-9c1d-806c1d0b5c62/70796531-4473-4fcf-9ae6-7643fc07ebf9/e4e78d56-61f6-4728-89f5-26665ce10edb-0199ee91-a154-76da-aa7b-56d7632990b0-115385574718964084-1","Transaction":"1518"} | ret=SUCCESS |  
2025-10-16 19:49:05,586 | INFO  | OMAudit | user=runner | ip=127.0.0.1 | op=ALLOCATE_KEY {"volume":"61433c98-59b1-4140-9c1d-806c1d0b5c62","bucket":"70796531-4473-4fcf-9ae6-7643fc07ebf9","key":"e4e78d56-61f6-4728-89f5-26665ce10edb","dataSize":"5242880","Transaction":"1519"} | ret=SUCCESS |  
2025-10-16 19:49:05,588 | INFO  | SCMAudit | user=runner | ip=127.0.0.1 | op=ALLOCATE_BLOCK {"replication":"RATIS/THREE","owner":"omServiceIdDefault","size":"4194304","sampleBlocks":"[conID: 14 locID: 115816896921600401]","num":"1","client":"","allocated":"1"} | ret=SUCCESS |  
2025-10-16 19:49:05,590 | INFO  | OMAudit | user=runner | ip=127.0.0.1 | op=ALLOCATE_BLOCK {"volume":"61433c98-59b1-4140-9c1d-806c1d0b5c62","bucket":"70796531-4473-4fcf-9ae6-7643fc07ebf9","key":"e4e78d56-61f6-4728-89f5-26665ce10edb","dataSize":"5242880","replicationType":"RATIS","replicationFactor":"THREE","clientID":"115385574725058934","Transaction":"1520"} | ret=SUCCESS |  
2025-10-16 19:49:05,590 [om1-OMDoubleBufferFlushThread] INFO  om.OmSnapshotManager (OmSnapshotManager.java:createOmSnapshotCheckpoint(545)) - Created checkpoint: /home/runner/work/ozone/ozone/hadoop-ozone/integration-test/target/test-dir/MiniOzoneClusterImpl-e7911277-7775-4457-96c8-94071a26a1ce/om/data/db.snapshots/checkpointState/om.db-947bc25e-8ce8-4eb2-b76a-d3809466a44d for snapshot /vol-a-85441/buc-a-13854/snapshot-b-5-52814
2025-10-16 19:49:05,642 | INFO  | SCMAudit | user=runner | ip=127.0.0.1 | op=ALLOCATE_BLOCK {"replication":"RATIS/THREE","owner":"omServiceIdDefault","size":"4194304","sampleBlocks":"[conID: 21 locID: 115816896921600402]","num":"1","client":"","allocated":"1"} | ret=SUCCESS |  
2025-10-16 19:49:05,642 | INFO  | SCMAudit | user=runner | ip=127.0.0.1 | op=SEND_HEARTBEAT {"datanodeUUID":"0e8b6cc7-9945-4141-97fc-6aa017a0d5fa","term":"2","command":"[]"} | ret=SUCCESS |  
2025-10-16 19:49:05,646 | INFO  | OMAudit | user=runner | ip=127.0.0.1 | op=ALLOCATE_BLOCK {"volume":"61433c98-59b1-4140-9c1d-806c1d0b5c62","bucket":"70796531-4473-4fcf-9ae6-7643fc07ebf9","key":"e4e78d56-61f6-4728-89f5-26665ce10edb","dataSize":"5242880","replicationType":"RATIS","replicationFactor":"THREE","clientID":"115385574725058934","Transaction":"1521"} | ret=SUCCESS |  
2025-10-16 19:49:05,672 | INFO  | OMAudit | user=runner | ip=127.0.0.1 | op=COMMIT_MULTIPART_UPLOAD_PARTKEY {"volume":"61433c98-59b1-4140-9c1d-806c1d0b5c62","bucket":"70796531-4473-4fcf-9ae6-7643fc07ebf9","key":"e4e78d56-61f6-4728-89f5-26665ce10edb","dataSize":"5242880","ETag":"5ec9ae7549d12b830c2796d79d95cb39","uploadID":"0199ee91-a154-76da-aa7b-56d7632990b0-115385574718964084","partNumber":"2","partName":"/61433c98-59b1-4140-9c1d-806c1d0b5c62/70796531-4473-4fcf-9ae6-7643fc07ebf9/e4e78d56-61f6-4728-89f5-26665ce10edb-0199ee91-a154-76da-aa7b-56d7632990b0-115385574718964084-2","Transaction":"1522"} | ret=SUCCESS |  
2025-10-16 19:49:05,675 | INFO  | OMAudit | user=runner | ip=127.0.0.1 | op=ALLOCATE_KEY {"volume":"61433c98-59b1-4140-9c1d-806c1d0b5c62","bucket":"70796531-4473-4fcf-9ae6-7643fc07ebf9","key":"e4e78d56-61f6-4728-89f5-26665ce10edb","dataSize":"36","Transaction":"1523"} | ret=SUCCESS |  
2025-10-16 19:49:05,676 [om1-OMDoubleBufferFlushThread] INFO  db.RDBCheckpointManager (RDBCheckpointManager.java:createCheckpoint(87)) - Created checkpoint in rocksDB at /home/runner/work/ozone/ozone/hadoop-ozone/integration-test/target/test-dir/MiniOzoneClusterImpl-e7911277-7775-4457-96c8-94071a26a1ce/om/data/db.snapshots/checkpointState/om.db-37b8e4aa-f4f1-4a43-bc71-fdf683aec641 in 83 milliseconds
2025-10-16 19:49:05,678 | INFO  | SCMAudit | user=runner | ip=127.0.0.1 | op=ALLOCATE_BLOCK {"replication":"RATIS/THREE","owner":"omServiceIdDefault","size":"4194304","sampleBlocks":"[conID: 14 locID: 115816896921600403]","num":"1","client":"","allocated":"1"} | ret=SUCCESS |  
2025-10-16 19:49:05,680 | INFO  | OMAudit | user=runner | ip=127.0.0.1 | op=ALLOCATE_BLOCK {"volume":"61433c98-59b1-4140-9c1d-806c1d0b5c62","bucket":"70796531-4473-4fcf-9ae6-7643fc07ebf9","key":"e4e78d56-61f6-4728-89f5-26665ce10edb","dataSize":"36","replicationType":"RATIS","replicationFactor":"THREE","clientID":"115385574730826103","Transaction":"1524"} | ret=SUCCESS |  
2025-10-16 19:49:05,693 | INFO  | OMAudit | user=runner | ip=127.0.0.1 | op=COMMIT_MULTIPART_UPLOAD_PARTKEY {"volume":"61433c98-59b1-4140-9c1d-806c1d0b5c62","bucket":"70796531-4473-4fcf-9ae6-7643fc07ebf9","key":"e4e78d56-61f6-4728-89f5-26665ce10edb","dataSize":"36","ETag":"77c6a00a4576897dd13b2e49ddffaa83","uploadID":"0199ee91-a154-76da-aa7b-56d7632990b0-115385574718964084","partNumber":"3","partName":"/61433c98-59b1-4140-9c1d-806c1d0b5c62/70796531-4473-4fcf-9ae6-7643fc07ebf9/e4e78d56-61f6-4728-89f5-26665ce10edb-0199ee91-a154-76da-aa7b-56d7632990b0-115385574718964084-3","Transaction":"1525"} | ret=SUCCESS |  
2025-10-16 19:49:05,697 | INFO  | OMAudit | user=runner | ip=127.0.0.1 | op=COMPLETE_MULTIPART_UPLOAD {"volume":"61433c98-59b1-4140-9c1d-806c1d0b5c62","bucket":"70796531-4473-4fcf-9ae6-7643fc07ebf9","key":"e4e78d56-61f6-4728-89f5-26665ce10edb","dataSize":"0","uploadID":"0199ee91-a154-76da-aa7b-56d7632990b0-115385574718964084","multipartList":"[partNumber: 1 partName: \"5ec9ae7549d12b830c2796d79d95cb39\" eTag: \"5ec9ae7549d12b830c2796d79d95cb39\" , partNumber: 2 partName: \"5ec9ae7549d12b830c2796d79d95cb39\" eTag: \"5ec9ae7549d12b830c2796d79d95cb39\" , partNumber: 3 partName: \"77c6a00a4576897dd13b2e49ddffaa83\" eTag: \"77c6a00a4576897dd13b2e49ddffaa83\" ]","Transaction":"1526"} | ret=SUCCESS |  
2025-10-16 19:49:05,701 | INFO  | SCMAudit | user=runner | ip=127.0.0.1 | op=GET_CONTAINER_WITH_PIPELINE_BATCH {"containerIDs":"#14,"} | ret=SUCCESS |  
2025-10-16 19:49:05,702 | INFO  | OMAudit | user=runner | ip=127.0.0.1 | op=READ_KEY {"volume":"61433c98-59b1-4140-9c1d-806c1d0b5c62","bucket":"70796531-4473-4fcf-9ae6-7643fc07ebf9","key":"e4e78d56-61f6-4728-89f5-26665ce10edb","owner":null,"dataSize":"0","replicationConfig":null} | ret=SUCCESS |  
2025-10-16 19:49:05,714 [om1-OMDoubleBufferFlushThread] INFO  om.OmSnapshotManager (OmSnapshotManager.java:createOmSnapshotCheckpoint(545)) - Created checkpoint: /home/runner/work/ozone/ozone/hadoop-ozone/integration-test/target/test-dir/MiniOzoneClusterImpl-e7911277-7775-4457-96c8-94071a26a1ce/om/data/db.snapshots/checkpointState/om.db-37b8e4aa-f4f1-4a43-bc71-fdf683aec641 for snapshot /vol-a-85441/buc-b-43844/snapshot-b-5-67116
2025-10-16 19:49:05,718 | INFO  | SCMAudit | user=runner | ip=127.0.0.1 | op=SEND_HEARTBEAT {"datanodeUUID":"757ca056-973f-4f05-ab2d-6aff6c54d452","term":"2","command":"[]"} | ret=SUCCESS |  
2025-10-16 19:49:05,736 | INFO  | SCMAudit | user=runner | ip=127.0.0.1 | op=SEND_HEARTBEAT {"datanodeUUID":"702cb173-5c73-4ecc-b5cd-c7b4a6b66aea","term":"2","command":"[]"} | ret=SUCCESS |  
2025-10-16 19:49:05,754 [om1-OMDoubleBufferFlushThread] INFO  db.RDBCheckpointManager (RDBCheckpointManager.java:createCheckpoint(87)) - Created checkpoint in rocksDB at /home/runner/work/ozone/ozone/hadoop-ozone/integration-test/target/test-dir/MiniOzoneClusterImpl-e7911277-7775-4457-96c8-94071a26a1ce/om/data/db.snapshots/checkpointState/om.db-eee4fe44-983b-4bfb-bdda-88de14eb325a in 38 milliseconds
2025-10-16 19:49:05,767 | INFO  | SCMAudit | user=runner | ip=127.0.0.1 | op=GET_CONTAINER_WITH_PIPELINE_BATCH {"containerIDs":"#20,#21,#14,#15,"} | ret=SUCCESS |  
2025-10-16 19:49:05,770 | INFO  | OMAudit | user=null | ip= | op=READ_KEY {"volume":"61433c98-59b1-4140-9c1d-806c1d0b5c62","bucket":"70796531-4473-4fcf-9ae6-7643fc07ebf9","key":"e4e78d56-61f6-4728-89f5-26665ce10edb","owner":null,"dataSize":"0","replicationConfig":null} | ret=SUCCESS |  
2025-10-16 19:49:05,772 | INFO  | SCMAudit | user=runner | ip=127.0.0.1 | op=GET_CONTAINER {"containerID":"15"} | ret=SUCCESS |  
2025-10-16 19:49:05,773 | INFO  | SCMAudit | user=runner | ip=127.0.0.1 | op=GET_CONTAINER {"containerID":"20"} | ret=SUCCESS |  
2025-10-16 19:49:05,774 | INFO  | SCMAudit | user=runner | ip=127.0.0.1 | op=GET_CONTAINER {"containerID":"14"} | ret=SUCCESS |  
2025-10-16 19:49:05,774 | INFO  | SCMAudit | user=runner | ip=127.0.0.1 | op=GET_CONTAINER {"containerID":"21"} | ret=SUCCESS |  
2025-10-16 19:49:05,775 | INFO  | SCMAudit | user=runner | ip=127.0.0.1 | op=GET_CONTAINER {"containerID":"14"} | ret=SUCCESS |  
]]></system-out>
  </testcase>
  <testcase name="testMultipartUploadWithTags(ReplicationConfig)[3]" classname="org.apache.hadoop.ozone.client.rpc.TestSecureOzoneRpcClient" time="0.205">
    <system-out><![CDATA[2025-10-16 19:49:05,783 [om1-OMDoubleBufferFlushThread] INFO  om.OmSnapshotManager (OmSnapshotManager.java:createOmSnapshotCheckpoint(545)) - Created checkpoint: /home/runner/work/ozone/ozone/hadoop-ozone/integration-test/target/test-dir/MiniOzoneClusterImpl-e7911277-7775-4457-96c8-94071a26a1ce/om/data/db.snapshots/checkpointState/om.db-eee4fe44-983b-4bfb-bdda-88de14eb325a for snapshot /vol-b-85804/buc-a-13854/snapshot-b-5-87901
2025-10-16 19:49:05,785 [ForkJoinPool-1-worker-1] INFO  rpc.RpcClient (RpcClient.java:createVolume(461)) - Creating Volume: 0f50aee9-ab1f-4766-aca2-c40005ea1b97, with runner as owner and space quota set to -1 bytes, counts quota set to -1
2025-10-16 19:49:05,787 [om1-OMStateMachineApplyTransactionThread - 0] INFO  volume.OMVolumeCreateRequest (OMVolumeCreateRequest.java:validateAndUpdateCache(213)) - created volume:0f50aee9-ab1f-4766-aca2-c40005ea1b97 for user:runner
2025-10-16 19:49:05,787 | INFO  | OMAudit | user=runner | ip=127.0.0.1 | op=CREATE_VOLUME {"admin":"runner","owner":"runner","volume":"0f50aee9-ab1f-4766-aca2-c40005ea1b97","creationTime":"1760644145786","modificationTime":"1760644145786","quotaInBytes":"-1","quotaInNamespace":"-1","usedNamespace":"0","objectID":"-9223372036854384896","updateID":"1527","Transaction":"1527"} | ret=SUCCESS |  
2025-10-16 19:49:05,789 | INFO  | OMAudit | user=runner | ip=127.0.0.1 | op=READ_VOLUME {"volume":"0f50aee9-ab1f-4766-aca2-c40005ea1b97"} | ret=SUCCESS |  
2025-10-16 19:49:05,790 [ForkJoinPool-1-worker-1] INFO  rpc.RpcClient (RpcClient.java:createBucket(686)) - Creating Bucket: 0f50aee9-ab1f-4766-aca2-c40005ea1b97/22025b43-0f93-4e12-a433-32c2172c55c8, with bucket layout OBJECT_STORE, runner as owner, Versioning false, Storage Type set to DISK and Encryption set to false, Replication Type set to server-side default replication type, Namespace Quota set to -1, Space Quota set to -1 
2025-10-16 19:49:05,793 [om1-OMStateMachineApplyTransactionThread - 0] INFO  bucket.OMBucketCreateRequest (OMBucketCreateRequest.java:validateAndUpdateCache(303)) - created bucket: 22025b43-0f93-4e12-a433-32c2172c55c8 of layout OBJECT_STORE in volume: 0f50aee9-ab1f-4766-aca2-c40005ea1b97
2025-10-16 19:49:05,793 | INFO  | OMAudit | user=runner | ip=127.0.0.1 | op=CREATE_BUCKET {"volume":"0f50aee9-ab1f-4766-aca2-c40005ea1b97","bucket":"22025b43-0f93-4e12-a433-32c2172c55c8","bucketLayout":"OBJECT_STORE","gdprEnabled":null,"acls":"[user:runner:a[ACCESS], group:runner:rl[ACCESS]]","isVersionEnabled":"false","storageType":"DISK","creationTime":"1760644145791","bucketEncryptionKey":null,"modificationTime":"1760644145791","usedBytes":"0","usedNamespace":"0","snapshotUsedBytes":"0","snapshotUsedNamespace":"0","owner":"runner","replicationType":null,"replicationConfig":null,"quotaInBytes":"-1","quotaInNamespace":"-1","Transaction":"1528"} | ret=SUCCESS |  
2025-10-16 19:49:05,795 | INFO  | OMAudit | user=runner | ip=127.0.0.1 | op=READ_BUCKET {"volume":"0f50aee9-ab1f-4766-aca2-c40005ea1b97","bucket":"22025b43-0f93-4e12-a433-32c2172c55c8"} | ret=SUCCESS |  
2025-10-16 19:49:05,797 | INFO  | OMAudit | user=runner | ip=127.0.0.1 | op=INITIATE_MULTIPART_UPLOAD {"volume":"0f50aee9-ab1f-4766-aca2-c40005ea1b97","bucket":"22025b43-0f93-4e12-a433-32c2172c55c8","key":"cd363d71-2dca-463b-938a-87bd47db92ab","dataSize":"0","replicationType":"EC","replicationConfig":"rs-3-2-1048576","uploadID":"0199ee91-a284-7b22-b757-e367557f76c2-115385574738887032","Transaction":"1529"} | ret=SUCCESS |  
2025-10-16 19:49:05,802 | INFO  | OMAudit | user=runner | ip=127.0.0.1 | op=ALLOCATE_KEY {"volume":"0f50aee9-ab1f-4766-aca2-c40005ea1b97","bucket":"22025b43-0f93-4e12-a433-32c2172c55c8","key":"cd363d71-2dca-463b-938a-87bd47db92ab","dataSize":"5242880","Transaction":"1530"} | ret=SUCCESS |  
2025-10-16 19:49:05,810 | INFO  | SCMAudit | user=runner | ip=127.0.0.1 | op=ALLOCATE_BLOCK {"replication":"EC{rs-3-2-1024k}","owner":"omServiceIdDefault","size":"4194304","sampleBlocks":"[conID: 25 locID: 115816896921600404]","num":"1","client":"","allocated":"1"} | ret=SUCCESS |  
2025-10-16 19:49:05,812 | INFO  | OMAudit | user=runner | ip=127.0.0.1 | op=ALLOCATE_BLOCK {"volume":"0f50aee9-ab1f-4766-aca2-c40005ea1b97","bucket":"22025b43-0f93-4e12-a433-32c2172c55c8","key":"cd363d71-2dca-463b-938a-87bd47db92ab","dataSize":"5242880","replicationType":"EC","replicationConfig":"rs-3-2-1048576","clientID":"115385574739214713","Transaction":"1531"} | ret=SUCCESS |  
2025-10-16 19:49:05,827 [om1-OMDoubleBufferFlushThread] INFO  db.RDBCheckpointManager (RDBCheckpointManager.java:createCheckpoint(87)) - Created checkpoint in rocksDB at /home/runner/work/ozone/ozone/hadoop-ozone/integration-test/target/test-dir/MiniOzoneClusterImpl-e7911277-7775-4457-96c8-94071a26a1ce/om/data/db.snapshots/checkpointState/om.db-aabbaa0c-201b-4f02-b67b-cd387266063e in 42 milliseconds
2025-10-16 19:49:05,850 | INFO  | OMAudit | user=runner | ip=127.0.0.1 | op=COMMIT_MULTIPART_UPLOAD_PARTKEY {"volume":"0f50aee9-ab1f-4766-aca2-c40005ea1b97","bucket":"22025b43-0f93-4e12-a433-32c2172c55c8","key":"cd363d71-2dca-463b-938a-87bd47db92ab","dataSize":"5242880","ETag":"5ec9ae7549d12b830c2796d79d95cb39","uploadID":"0199ee91-a284-7b22-b757-e367557f76c2-115385574738887032","partNumber":"1","partName":"/0f50aee9-ab1f-4766-aca2-c40005ea1b97/22025b43-0f93-4e12-a433-32c2172c55c8/cd363d71-2dca-463b-938a-87bd47db92ab-0199ee91-a284-7b22-b757-e367557f76c2-115385574738887032-1","Transaction":"1532"} | ret=SUCCESS |  
2025-10-16 19:49:05,852 | INFO  | OMAudit | user=runner | ip=127.0.0.1 | op=ALLOCATE_KEY {"volume":"0f50aee9-ab1f-4766-aca2-c40005ea1b97","bucket":"22025b43-0f93-4e12-a433-32c2172c55c8","key":"cd363d71-2dca-463b-938a-87bd47db92ab","dataSize":"5242880","Transaction":"1533"} | ret=SUCCESS |  
2025-10-16 19:49:05,860 | INFO  | SCMAudit | user=runner | ip=127.0.0.1 | op=ALLOCATE_BLOCK {"replication":"EC{rs-3-2-1024k}","owner":"omServiceIdDefault","size":"4194304","sampleBlocks":"[conID: 25 locID: 115816896921600405]","num":"1","client":"","allocated":"1"} | ret=SUCCESS |  
2025-10-16 19:49:05,861 [om1-OMDoubleBufferFlushThread] INFO  om.OmSnapshotManager (OmSnapshotManager.java:createOmSnapshotCheckpoint(545)) - Created checkpoint: /home/runner/work/ozone/ozone/hadoop-ozone/integration-test/target/test-dir/MiniOzoneClusterImpl-e7911277-7775-4457-96c8-94071a26a1ce/om/data/db.snapshots/checkpointState/om.db-aabbaa0c-201b-4f02-b67b-cd387266063e for snapshot /vol-b-85804/buc-b-43844/snapshot-b-5-68615
2025-10-16 19:49:05,864 | INFO  | OMAudit | user=runner | ip=127.0.0.1 | op=ALLOCATE_BLOCK {"volume":"0f50aee9-ab1f-4766-aca2-c40005ea1b97","bucket":"22025b43-0f93-4e12-a433-32c2172c55c8","key":"cd363d71-2dca-463b-938a-87bd47db92ab","dataSize":"5242880","replicationType":"EC","replicationConfig":"rs-3-2-1048576","clientID":"115385574742491514","Transaction":"1534"} | ret=SUCCESS |  
2025-10-16 19:49:05,896 | INFO  | OMAudit | user=runner | ip=127.0.0.1 | op=COMMIT_MULTIPART_UPLOAD_PARTKEY {"volume":"0f50aee9-ab1f-4766-aca2-c40005ea1b97","bucket":"22025b43-0f93-4e12-a433-32c2172c55c8","key":"cd363d71-2dca-463b-938a-87bd47db92ab","dataSize":"5242880","ETag":"5ec9ae7549d12b830c2796d79d95cb39","uploadID":"0199ee91-a284-7b22-b757-e367557f76c2-115385574738887032","partNumber":"2","partName":"/0f50aee9-ab1f-4766-aca2-c40005ea1b97/22025b43-0f93-4e12-a433-32c2172c55c8/cd363d71-2dca-463b-938a-87bd47db92ab-0199ee91-a284-7b22-b757-e367557f76c2-115385574738887032-2","Transaction":"1535"} | ret=SUCCESS |  
2025-10-16 19:49:05,899 | INFO  | OMAudit | user=runner | ip=127.0.0.1 | op=ALLOCATE_KEY {"volume":"0f50aee9-ab1f-4766-aca2-c40005ea1b97","bucket":"22025b43-0f93-4e12-a433-32c2172c55c8","key":"cd363d71-2dca-463b-938a-87bd47db92ab","dataSize":"36","Transaction":"1536"} | ret=SUCCESS |  
2025-10-16 19:49:05,902 | INFO  | SCMAudit | user=runner | ip=127.0.0.1 | op=ALLOCATE_BLOCK {"replication":"EC{rs-3-2-1024k}","owner":"omServiceIdDefault","size":"4194304","sampleBlocks":"[conID: 26 locID: 115816896921600406]","num":"1","client":"","allocated":"1"} | ret=SUCCESS |  
2025-10-16 19:49:05,906 | INFO  | OMAudit | user=runner | ip=127.0.0.1 | op=ALLOCATE_BLOCK {"volume":"0f50aee9-ab1f-4766-aca2-c40005ea1b97","bucket":"22025b43-0f93-4e12-a433-32c2172c55c8","key":"cd363d71-2dca-463b-938a-87bd47db92ab","dataSize":"36","replicationType":"EC","replicationConfig":"rs-3-2-1048576","clientID":"115385574745571707","Transaction":"1537"} | ret=SUCCESS |  
2025-10-16 19:49:05,911 [om1-OMDoubleBufferFlushThread] INFO  db.RDBCheckpointManager (RDBCheckpointManager.java:createCheckpoint(87)) - Created checkpoint in rocksDB at /home/runner/work/ozone/ozone/hadoop-ozone/integration-test/target/test-dir/MiniOzoneClusterImpl-e7911277-7775-4457-96c8-94071a26a1ce/om/data/db.snapshots/checkpointState/om.db-0463ef02-0150-45e7-8db2-baf0c45b5990 in 48 milliseconds
2025-10-16 19:49:05,919 | INFO  | OMAudit | user=runner | ip=127.0.0.1 | op=COMMIT_MULTIPART_UPLOAD_PARTKEY {"volume":"0f50aee9-ab1f-4766-aca2-c40005ea1b97","bucket":"22025b43-0f93-4e12-a433-32c2172c55c8","key":"cd363d71-2dca-463b-938a-87bd47db92ab","dataSize":"36","ETag":"7eaaa171ac73a5311dcc3394f6540fb5","uploadID":"0199ee91-a284-7b22-b757-e367557f76c2-115385574738887032","partNumber":"3","partName":"/0f50aee9-ab1f-4766-aca2-c40005ea1b97/22025b43-0f93-4e12-a433-32c2172c55c8/cd363d71-2dca-463b-938a-87bd47db92ab-0199ee91-a284-7b22-b757-e367557f76c2-115385574738887032-3","Transaction":"1538"} | ret=SUCCESS |  
2025-10-16 19:49:05,924 | INFO  | SCMAudit | user=runner | ip=127.0.0.1 | op=SEND_HEARTBEAT {"datanodeUUID":"f700af26-0e26-4136-9205-9509c82c8c70","term":"2","command":"[]"} | ret=SUCCESS |  
2025-10-16 19:49:05,925 | INFO  | OMAudit | user=runner | ip=127.0.0.1 | op=COMPLETE_MULTIPART_UPLOAD {"volume":"0f50aee9-ab1f-4766-aca2-c40005ea1b97","bucket":"22025b43-0f93-4e12-a433-32c2172c55c8","key":"cd363d71-2dca-463b-938a-87bd47db92ab","dataSize":"0","uploadID":"0199ee91-a284-7b22-b757-e367557f76c2-115385574738887032","multipartList":"[partNumber: 1 partName: \"5ec9ae7549d12b830c2796d79d95cb39\" eTag: \"5ec9ae7549d12b830c2796d79d95cb39\" , partNumber: 2 partName: \"5ec9ae7549d12b830c2796d79d95cb39\" eTag: \"5ec9ae7549d12b830c2796d79d95cb39\" , partNumber: 3 partName: \"7eaaa171ac73a5311dcc3394f6540fb5\" eTag: \"7eaaa171ac73a5311dcc3394f6540fb5\" ]","Transaction":"1539"} | ret=SUCCESS |  
2025-10-16 19:49:05,929 | INFO  | SCMAudit | user=runner | ip=127.0.0.1 | op=GET_CONTAINER_WITH_PIPELINE_BATCH {"containerIDs":"#25,"} | ret=SUCCESS |  
2025-10-16 19:49:05,930 | INFO  | OMAudit | user=runner | ip=127.0.0.1 | op=READ_KEY {"volume":"0f50aee9-ab1f-4766-aca2-c40005ea1b97","bucket":"22025b43-0f93-4e12-a433-32c2172c55c8","key":"cd363d71-2dca-463b-938a-87bd47db92ab","owner":null,"dataSize":"0","replicationConfig":null} | ret=SUCCESS |  
2025-10-16 19:49:05,941 [om1-OMDoubleBufferFlushThread] INFO  om.OmSnapshotManager (OmSnapshotManager.java:createOmSnapshotCheckpoint(545)) - Created checkpoint: /home/runner/work/ozone/ozone/hadoop-ozone/integration-test/target/test-dir/MiniOzoneClusterImpl-e7911277-7775-4457-96c8-94071a26a1ce/om/data/db.snapshots/checkpointState/om.db-0463ef02-0150-45e7-8db2-baf0c45b5990 for snapshot /vol-a-85441/buc-a-13854/snapshot-b-6-60536
2025-10-16 19:49:05,981 | INFO  | SCMAudit | user=runner | ip=127.0.0.1 | op=GET_CONTAINER_WITH_PIPELINE_BATCH {"containerIDs":"#25,#26,"} | ret=SUCCESS |  
2025-10-16 19:49:05,982 | INFO  | OMAudit | user=null | ip= | op=READ_KEY {"volume":"0f50aee9-ab1f-4766-aca2-c40005ea1b97","bucket":"22025b43-0f93-4e12-a433-32c2172c55c8","key":"cd363d71-2dca-463b-938a-87bd47db92ab","owner":null,"dataSize":"0","replicationConfig":null} | ret=SUCCESS |  
2025-10-16 19:49:05,983 | INFO  | SCMAudit | user=runner | ip=127.0.0.1 | op=GET_CONTAINER {"containerID":"25"} | ret=SUCCESS |  
2025-10-16 19:49:05,983 [om1-OMDoubleBufferFlushThread] INFO  db.RDBCheckpointManager (RDBCheckpointManager.java:createCheckpoint(87)) - Created checkpoint in rocksDB at /home/runner/work/ozone/ozone/hadoop-ozone/integration-test/target/test-dir/MiniOzoneClusterImpl-e7911277-7775-4457-96c8-94071a26a1ce/om/data/db.snapshots/checkpointState/om.db-b82961b3-6218-49de-95fb-b5404a7b1abc in 40 milliseconds
2025-10-16 19:49:05,983 | INFO  | SCMAudit | user=runner | ip=127.0.0.1 | op=GET_CONTAINER {"containerID":"25"} | ret=SUCCESS |  
2025-10-16 19:49:05,984 | INFO  | SCMAudit | user=runner | ip=127.0.0.1 | op=GET_CONTAINER {"containerID":"26"} | ret=SUCCESS |  
]]></system-out>
  </testcase>
  <testcase name="testMultipartUploadWithTags(BucketLayout)[1]" classname="org.apache.hadoop.ozone.client.rpc.TestSecureOzoneRpcClient" time="0.262">
    <system-out><![CDATA[2025-10-16 19:49:05,994 [ForkJoinPool-1-worker-1] INFO  rpc.RpcClient (RpcClient.java:createVolume(461)) - Creating Volume: 098c8ae3-eed7-4cc1-ac3f-28e60c181ff9, with runner as owner and space quota set to -1 bytes, counts quota set to -1
2025-10-16 19:49:05,996 [om1-OMStateMachineApplyTransactionThread - 0] INFO  volume.OMVolumeCreateRequest (OMVolumeCreateRequest.java:validateAndUpdateCache(213)) - created volume:098c8ae3-eed7-4cc1-ac3f-28e60c181ff9 for user:runner
2025-10-16 19:49:05,997 | INFO  | OMAudit | user=runner | ip=127.0.0.1 | op=CREATE_VOLUME {"admin":"runner","owner":"runner","volume":"098c8ae3-eed7-4cc1-ac3f-28e60c181ff9","creationTime":"1760644145995","modificationTime":"1760644145995","quotaInBytes":"-1","quotaInNamespace":"-1","usedNamespace":"0","objectID":"-9223372036854381568","updateID":"1540","Transaction":"1540"} | ret=SUCCESS |  
2025-10-16 19:49:05,998 | INFO  | OMAudit | user=runner | ip=127.0.0.1 | op=READ_VOLUME {"volume":"098c8ae3-eed7-4cc1-ac3f-28e60c181ff9"} | ret=SUCCESS |  
2025-10-16 19:49:05,998 [ForkJoinPool-1-worker-1] INFO  rpc.RpcClient (RpcClient.java:createBucket(686)) - Creating Bucket: 098c8ae3-eed7-4cc1-ac3f-28e60c181ff9/071dce79-72da-46f6-8aea-c2d756eef1e9, with bucket layout OBJECT_STORE, runner as owner, Versioning false, Storage Type set to DISK and Encryption set to false, Replication Type set to server-side default replication type, Namespace Quota set to -1, Space Quota set to -1 
2025-10-16 19:49:06,000 [om1-OMStateMachineApplyTransactionThread - 0] INFO  bucket.OMBucketCreateRequest (OMBucketCreateRequest.java:validateAndUpdateCache(303)) - created bucket: 071dce79-72da-46f6-8aea-c2d756eef1e9 of layout OBJECT_STORE in volume: 098c8ae3-eed7-4cc1-ac3f-28e60c181ff9
2025-10-16 19:49:06,000 | INFO  | OMAudit | user=runner | ip=127.0.0.1 | op=CREATE_BUCKET {"volume":"098c8ae3-eed7-4cc1-ac3f-28e60c181ff9","bucket":"071dce79-72da-46f6-8aea-c2d756eef1e9","bucketLayout":"OBJECT_STORE","gdprEnabled":null,"acls":"[user:runner:a[ACCESS], group:runner:rl[ACCESS]]","isVersionEnabled":"false","storageType":"DISK","creationTime":"1760644145999","bucketEncryptionKey":null,"modificationTime":"1760644145999","usedBytes":"0","usedNamespace":"0","snapshotUsedBytes":"0","snapshotUsedNamespace":"0","owner":"runner","replicationType":null,"replicationConfig":null,"quotaInBytes":"-1","quotaInNamespace":"-1","Transaction":"1541"} | ret=SUCCESS |  
2025-10-16 19:49:06,001 | INFO  | OMAudit | user=runner | ip=127.0.0.1 | op=READ_BUCKET {"volume":"098c8ae3-eed7-4cc1-ac3f-28e60c181ff9","bucket":"071dce79-72da-46f6-8aea-c2d756eef1e9"} | ret=SUCCESS |  
2025-10-16 19:49:06,003 | INFO  | OMAudit | user=runner | ip=127.0.0.1 | op=INITIATE_MULTIPART_UPLOAD {"volume":"098c8ae3-eed7-4cc1-ac3f-28e60c181ff9","bucket":"071dce79-72da-46f6-8aea-c2d756eef1e9","key":"ab22baa8-62b9-47c2-9ec5-1bf1f56e513b","dataSize":"0","replicationType":"RATIS","replicationFactor":"THREE","uploadID":"0199ee91-a352-7730-b8db-a40660a66c2f-115385574752387452","Transaction":"1542"} | ret=SUCCESS |  
2025-10-16 19:49:06,005 | INFO  | OMAudit | user=runner | ip=127.0.0.1 | op=ALLOCATE_KEY {"volume":"098c8ae3-eed7-4cc1-ac3f-28e60c181ff9","bucket":"071dce79-72da-46f6-8aea-c2d756eef1e9","key":"ab22baa8-62b9-47c2-9ec5-1bf1f56e513b","dataSize":"5242880","Transaction":"1543"} | ret=SUCCESS |  
2025-10-16 19:49:06,007 | INFO  | SCMAudit | user=runner | ip=127.0.0.1 | op=ALLOCATE_BLOCK {"replication":"RATIS/THREE","owner":"omServiceIdDefault","size":"4194304","sampleBlocks":"[conID: 14 locID: 115816896921600407]","num":"1","client":"","allocated":"1"} | ret=SUCCESS |  
2025-10-16 19:49:06,008 [om1-OMDoubleBufferFlushThread] INFO  om.OmSnapshotManager (OmSnapshotManager.java:createOmSnapshotCheckpoint(545)) - Created checkpoint: /home/runner/work/ozone/ozone/hadoop-ozone/integration-test/target/test-dir/MiniOzoneClusterImpl-e7911277-7775-4457-96c8-94071a26a1ce/om/data/db.snapshots/checkpointState/om.db-b82961b3-6218-49de-95fb-b5404a7b1abc for snapshot /vol-a-85441/buc-b-43844/snapshot-b-6-41880
2025-10-16 19:49:06,009 | INFO  | OMAudit | user=runner | ip=127.0.0.1 | op=ALLOCATE_BLOCK {"volume":"098c8ae3-eed7-4cc1-ac3f-28e60c181ff9","bucket":"071dce79-72da-46f6-8aea-c2d756eef1e9","key":"ab22baa8-62b9-47c2-9ec5-1bf1f56e513b","dataSize":"5242880","replicationType":"RATIS","replicationFactor":"THREE","clientID":"115385574752584061","Transaction":"1544"} | ret=SUCCESS |  
2025-10-16 19:49:06,062 | INFO  | SCMAudit | user=runner | ip=127.0.0.1 | op=ALLOCATE_BLOCK {"replication":"RATIS/THREE","owner":"omServiceIdDefault","size":"4194304","sampleBlocks":"[conID: 20 locID: 115816896921600408]","num":"1","client":"","allocated":"1"} | ret=SUCCESS |  
2025-10-16 19:49:06,065 | INFO  | OMAudit | user=runner | ip=127.0.0.1 | op=ALLOCATE_BLOCK {"volume":"098c8ae3-eed7-4cc1-ac3f-28e60c181ff9","bucket":"071dce79-72da-46f6-8aea-c2d756eef1e9","key":"ab22baa8-62b9-47c2-9ec5-1bf1f56e513b","dataSize":"5242880","replicationType":"RATIS","replicationFactor":"THREE","clientID":"115385574752584061","Transaction":"1545"} | ret=SUCCESS |  
2025-10-16 19:49:06,087 | INFO  | OMAudit | user=runner | ip=127.0.0.1 | op=COMMIT_MULTIPART_UPLOAD_PARTKEY {"volume":"098c8ae3-eed7-4cc1-ac3f-28e60c181ff9","bucket":"071dce79-72da-46f6-8aea-c2d756eef1e9","key":"ab22baa8-62b9-47c2-9ec5-1bf1f56e513b","dataSize":"5242880","ETag":"5ec9ae7549d12b830c2796d79d95cb39","uploadID":"0199ee91-a352-7730-b8db-a40660a66c2f-115385574752387452","partNumber":"1","partName":"/098c8ae3-eed7-4cc1-ac3f-28e60c181ff9/071dce79-72da-46f6-8aea-c2d756eef1e9/ab22baa8-62b9-47c2-9ec5-1bf1f56e513b-0199ee91-a352-7730-b8db-a40660a66c2f-115385574752387452-1","Transaction":"1546"} | ret=SUCCESS |  
2025-10-16 19:49:06,087 [om1-OMDoubleBufferFlushThread] INFO  db.RDBCheckpointManager (RDBCheckpointManager.java:createCheckpoint(87)) - Created checkpoint in rocksDB at /home/runner/work/ozone/ozone/hadoop-ozone/integration-test/target/test-dir/MiniOzoneClusterImpl-e7911277-7775-4457-96c8-94071a26a1ce/om/data/db.snapshots/checkpointState/om.db-d23fb35a-70e9-41e3-bb27-3724919f8b1d in 77 milliseconds
2025-10-16 19:49:06,090 | INFO  | OMAudit | user=runner | ip=127.0.0.1 | op=ALLOCATE_KEY {"volume":"098c8ae3-eed7-4cc1-ac3f-28e60c181ff9","bucket":"071dce79-72da-46f6-8aea-c2d756eef1e9","key":"ab22baa8-62b9-47c2-9ec5-1bf1f56e513b","dataSize":"5242880","Transaction":"1547"} | ret=SUCCESS |  
2025-10-16 19:49:06,092 | INFO  | SCMAudit | user=runner | ip=127.0.0.1 | op=ALLOCATE_BLOCK {"replication":"RATIS/THREE","owner":"omServiceIdDefault","size":"4194304","sampleBlocks":"[conID: 16 locID: 115816896921600409]","num":"1","client":"","allocated":"1"} | ret=SUCCESS |  
2025-10-16 19:49:06,095 | INFO  | OMAudit | user=runner | ip=127.0.0.1 | op=ALLOCATE_BLOCK {"volume":"098c8ae3-eed7-4cc1-ac3f-28e60c181ff9","bucket":"071dce79-72da-46f6-8aea-c2d756eef1e9","key":"ab22baa8-62b9-47c2-9ec5-1bf1f56e513b","dataSize":"5242880","replicationType":"RATIS","replicationFactor":"THREE","clientID":"115385574758089086","Transaction":"1548"} | ret=SUCCESS |  
2025-10-16 19:49:06,120 | INFO  | SCMAudit | user=runner | ip=127.0.0.1 | op=SEND_HEARTBEAT {"datanodeUUID":"e33e6ec4-6b66-4281-bedd-2bd75bd30070","term":"2","command":"[]"} | ret=SUCCESS |  
2025-10-16 19:49:06,122 | INFO  | SCMAudit | user=runner | ip=127.0.0.1 | op=SEND_HEARTBEAT {"datanodeUUID":"c0724e9c-0dd4-4d47-992c-7bfe285fdd38","term":"2","command":"[]"} | ret=SUCCESS |  
2025-10-16 19:49:06,123 [om1-OMDoubleBufferFlushThread] INFO  om.OmSnapshotManager (OmSnapshotManager.java:createOmSnapshotCheckpoint(545)) - Created checkpoint: /home/runner/work/ozone/ozone/hadoop-ozone/integration-test/target/test-dir/MiniOzoneClusterImpl-e7911277-7775-4457-96c8-94071a26a1ce/om/data/db.snapshots/checkpointState/om.db-d23fb35a-70e9-41e3-bb27-3724919f8b1d for snapshot /vol-b-85804/buc-a-13854/snapshot-b-6-19374
2025-10-16 19:49:06,123 | INFO  | SCMAudit | user=runner | ip=127.0.0.1 | op=SEND_HEARTBEAT {"datanodeUUID":"8a3c3252-9afe-4d3a-8492-25be6557678a","term":"2","command":"[]"} | ret=SUCCESS |  
2025-10-16 19:49:06,123 | INFO  | SCMAudit | user=runner | ip=127.0.0.1 | op=SEND_HEARTBEAT {"datanodeUUID":"aa213937-adc5-47da-a770-0ee1e4664344","term":"2","command":"[]"} | ret=SUCCESS |  
2025-10-16 19:49:06,128 | INFO  | SCMAudit | user=runner | ip=127.0.0.1 | op=SEND_HEARTBEAT {"datanodeUUID":"8a0fa2ff-b550-4652-b2fe-0cf91cd4a157","term":"2","command":"[]"} | ret=SUCCESS |  
2025-10-16 19:49:06,130 | INFO  | SCMAudit | user=runner | ip=127.0.0.1 | op=SEND_HEARTBEAT {"datanodeUUID":"58cff6b7-b2a7-446b-a75a-bb98ad6b11b8","term":"2","command":"[]"} | ret=SUCCESS |  
2025-10-16 19:49:06,135 | INFO  | SCMAudit | user=runner | ip=127.0.0.1 | op=ALLOCATE_BLOCK {"replication":"RATIS/THREE","owner":"omServiceIdDefault","size":"4194304","sampleBlocks":"[conID: 15 locID: 115816896921600410]","num":"1","client":"","allocated":"1"} | ret=SUCCESS |  
2025-10-16 19:49:06,137 | INFO  | SCMAudit | user=runner | ip=127.0.0.1 | op=SEND_HEARTBEAT {"datanodeUUID":"0428ab3f-efd5-438e-ae11-9ec242443260","term":"2","command":"[]"} | ret=SUCCESS |  
2025-10-16 19:49:06,138 | INFO  | OMAudit | user=runner | ip=127.0.0.1 | op=ALLOCATE_BLOCK {"volume":"098c8ae3-eed7-4cc1-ac3f-28e60c181ff9","bucket":"071dce79-72da-46f6-8aea-c2d756eef1e9","key":"ab22baa8-62b9-47c2-9ec5-1bf1f56e513b","dataSize":"5242880","replicationType":"RATIS","replicationFactor":"THREE","clientID":"115385574758089086","Transaction":"1549"} | ret=SUCCESS |  
2025-10-16 19:49:06,139 | INFO  | SCMAudit | user=runner | ip=127.0.0.1 | op=SEND_HEARTBEAT {"datanodeUUID":"e072d245-7694-4d97-8e20-c503ebf8c2fe","term":"2","command":"[]"} | ret=SUCCESS |  
2025-10-16 19:49:06,160 | INFO  | OMAudit | user=runner | ip=127.0.0.1 | op=COMMIT_MULTIPART_UPLOAD_PARTKEY {"volume":"098c8ae3-eed7-4cc1-ac3f-28e60c181ff9","bucket":"071dce79-72da-46f6-8aea-c2d756eef1e9","key":"ab22baa8-62b9-47c2-9ec5-1bf1f56e513b","dataSize":"5242880","ETag":"5ec9ae7549d12b830c2796d79d95cb39","uploadID":"0199ee91-a352-7730-b8db-a40660a66c2f-115385574752387452","partNumber":"2","partName":"/098c8ae3-eed7-4cc1-ac3f-28e60c181ff9/071dce79-72da-46f6-8aea-c2d756eef1e9/ab22baa8-62b9-47c2-9ec5-1bf1f56e513b-0199ee91-a352-7730-b8db-a40660a66c2f-115385574752387452-2","Transaction":"1550"} | ret=SUCCESS |  
2025-10-16 19:49:06,169 | INFO  | OMAudit | user=runner | ip=127.0.0.1 | op=ALLOCATE_KEY {"volume":"098c8ae3-eed7-4cc1-ac3f-28e60c181ff9","bucket":"071dce79-72da-46f6-8aea-c2d756eef1e9","key":"ab22baa8-62b9-47c2-9ec5-1bf1f56e513b","dataSize":"36","Transaction":"1551"} | ret=SUCCESS |  
2025-10-16 19:49:06,171 | INFO  | SCMAudit | user=runner | ip=127.0.0.1 | op=ALLOCATE_BLOCK {"replication":"RATIS/THREE","owner":"omServiceIdDefault","size":"4194304","sampleBlocks":"[conID: 14 locID: 115816896921600411]","num":"1","client":"","allocated":"1"} | ret=SUCCESS |  
2025-10-16 19:49:06,172 | INFO  | OMAudit | user=runner | ip=127.0.0.1 | op=ALLOCATE_BLOCK {"volume":"098c8ae3-eed7-4cc1-ac3f-28e60c181ff9","bucket":"071dce79-72da-46f6-8aea-c2d756eef1e9","key":"ab22baa8-62b9-47c2-9ec5-1bf1f56e513b","dataSize":"36","replicationType":"RATIS","replicationFactor":"THREE","clientID":"115385574762873215","Transaction":"1552"} | ret=SUCCESS |  
2025-10-16 19:49:06,184 | INFO  | OMAudit | user=runner | ip=127.0.0.1 | op=COMMIT_MULTIPART_UPLOAD_PARTKEY {"volume":"098c8ae3-eed7-4cc1-ac3f-28e60c181ff9","bucket":"071dce79-72da-46f6-8aea-c2d756eef1e9","key":"ab22baa8-62b9-47c2-9ec5-1bf1f56e513b","dataSize":"36","ETag":"c9796b5cf4221b4fad159918ffb62fc3","uploadID":"0199ee91-a352-7730-b8db-a40660a66c2f-115385574752387452","partNumber":"3","partName":"/098c8ae3-eed7-4cc1-ac3f-28e60c181ff9/071dce79-72da-46f6-8aea-c2d756eef1e9/ab22baa8-62b9-47c2-9ec5-1bf1f56e513b-0199ee91-a352-7730-b8db-a40660a66c2f-115385574752387452-3","Transaction":"1553"} | ret=SUCCESS |  
2025-10-16 19:49:06,187 | INFO  | OMAudit | user=runner | ip=127.0.0.1 | op=COMPLETE_MULTIPART_UPLOAD {"volume":"098c8ae3-eed7-4cc1-ac3f-28e60c181ff9","bucket":"071dce79-72da-46f6-8aea-c2d756eef1e9","key":"ab22baa8-62b9-47c2-9ec5-1bf1f56e513b","dataSize":"0","uploadID":"0199ee91-a352-7730-b8db-a40660a66c2f-115385574752387452","multipartList":"[partNumber: 1 partName: \"5ec9ae7549d12b830c2796d79d95cb39\" eTag: \"5ec9ae7549d12b830c2796d79d95cb39\" , partNumber: 2 partName: \"5ec9ae7549d12b830c2796d79d95cb39\" eTag: \"5ec9ae7549d12b830c2796d79d95cb39\" , partNumber: 3 partName: \"c9796b5cf4221b4fad159918ffb62fc3\" eTag: \"c9796b5cf4221b4fad159918ffb62fc3\" ]","Transaction":"1554"} | ret=SUCCESS |  
2025-10-16 19:49:06,188 [om1-OMDoubleBufferFlushThread] INFO  db.RDBCheckpointManager (RDBCheckpointManager.java:createCheckpoint(87)) - Created checkpoint in rocksDB at /home/runner/work/ozone/ozone/hadoop-ozone/integration-test/target/test-dir/MiniOzoneClusterImpl-e7911277-7775-4457-96c8-94071a26a1ce/om/data/db.snapshots/checkpointState/om.db-4bdacfa7-d3bc-4962-9f59-650ef95bb600 in 61 milliseconds
2025-10-16 19:49:06,189 | INFO  | OMAudit | user=runner | ip=127.0.0.1 | op=READ_KEY {"volume":"098c8ae3-eed7-4cc1-ac3f-28e60c181ff9","bucket":"071dce79-72da-46f6-8aea-c2d756eef1e9","key":"ab22baa8-62b9-47c2-9ec5-1bf1f56e513b","owner":null,"dataSize":"0","replicationConfig":null} | ret=SUCCESS |  
2025-10-16 19:49:06,227 [om1-OMDoubleBufferFlushThread] INFO  om.OmSnapshotManager (OmSnapshotManager.java:createOmSnapshotCheckpoint(545)) - Created checkpoint: /home/runner/work/ozone/ozone/hadoop-ozone/integration-test/target/test-dir/MiniOzoneClusterImpl-e7911277-7775-4457-96c8-94071a26a1ce/om/data/db.snapshots/checkpointState/om.db-4bdacfa7-d3bc-4962-9f59-650ef95bb600 for snapshot /vol-b-85804/buc-b-43844/snapshot-b-6-00940
2025-10-16 19:49:06,241 | INFO  | SCMAudit | user=runner | ip=127.0.0.1 | op=GET_CONTAINER_WITH_PIPELINE_BATCH {"containerIDs":"#16,#20,#14,#15,"} | ret=SUCCESS |  
2025-10-16 19:49:06,243 | INFO  | OMAudit | user=null | ip= | op=READ_KEY {"volume":"098c8ae3-eed7-4cc1-ac3f-28e60c181ff9","bucket":"071dce79-72da-46f6-8aea-c2d756eef1e9","key":"ab22baa8-62b9-47c2-9ec5-1bf1f56e513b","owner":null,"dataSize":"0","replicationConfig":null} | ret=SUCCESS |  
2025-10-16 19:49:06,243 | INFO  | SCMAudit | user=runner | ip=127.0.0.1 | op=GET_CONTAINER {"containerID":"14"} | ret=SUCCESS |  
2025-10-16 19:49:06,245 | INFO  | SCMAudit | user=runner | ip=127.0.0.1 | op=GET_CONTAINER {"containerID":"20"} | ret=SUCCESS |  
2025-10-16 19:49:06,246 | INFO  | SCMAudit | user=runner | ip=127.0.0.1 | op=GET_CONTAINER {"containerID":"16"} | ret=SUCCESS |  
2025-10-16 19:49:06,248 | INFO  | SCMAudit | user=runner | ip=127.0.0.1 | op=GET_CONTAINER {"containerID":"15"} | ret=SUCCESS |  
2025-10-16 19:49:06,249 | INFO  | SCMAudit | user=runner | ip=127.0.0.1 | op=GET_CONTAINER {"containerID":"14"} | ret=SUCCESS |  
]]></system-out>
  </testcase>
  <testcase name="testMultipartUploadWithTags(BucketLayout)[2]" classname="org.apache.hadoop.ozone.client.rpc.TestSecureOzoneRpcClient" time="0.304">
    <system-out><![CDATA[2025-10-16 19:49:06,258 [ForkJoinPool-1-worker-1] INFO  rpc.RpcClient (RpcClient.java:createVolume(461)) - Creating Volume: 78dc38b8-58a9-4be9-92ba-d99801addba1, with runner as owner and space quota set to -1 bytes, counts quota set to -1
2025-10-16 19:49:06,260 [om1-OMStateMachineApplyTransactionThread - 0] INFO  volume.OMVolumeCreateRequest (OMVolumeCreateRequest.java:validateAndUpdateCache(213)) - created volume:78dc38b8-58a9-4be9-92ba-d99801addba1 for user:runner
2025-10-16 19:49:06,260 | INFO  | OMAudit | user=runner | ip=127.0.0.1 | op=CREATE_VOLUME {"admin":"runner","owner":"runner","volume":"78dc38b8-58a9-4be9-92ba-d99801addba1","creationTime":"1760644146259","modificationTime":"1760644146259","quotaInBytes":"-1","quotaInNamespace":"-1","usedNamespace":"0","objectID":"-9223372036854377728","updateID":"1555","Transaction":"1555"} | ret=SUCCESS |  
2025-10-16 19:49:06,261 | INFO  | OMAudit | user=runner | ip=127.0.0.1 | op=READ_VOLUME {"volume":"78dc38b8-58a9-4be9-92ba-d99801addba1"} | ret=SUCCESS |  
2025-10-16 19:49:06,262 [ForkJoinPool-1-worker-1] INFO  rpc.RpcClient (RpcClient.java:createBucket(686)) - Creating Bucket: 78dc38b8-58a9-4be9-92ba-d99801addba1/eeac1a5e-f965-41ff-8f7d-55bee99d8f8b, with bucket layout LEGACY, runner as owner, Versioning false, Storage Type set to DISK and Encryption set to false, Replication Type set to server-side default replication type, Namespace Quota set to -1, Space Quota set to -1 
2025-10-16 19:49:06,263 [om1-OMStateMachineApplyTransactionThread - 0] INFO  bucket.OMBucketCreateRequest (OMBucketCreateRequest.java:validateAndUpdateCache(303)) - created bucket: eeac1a5e-f965-41ff-8f7d-55bee99d8f8b of layout LEGACY in volume: 78dc38b8-58a9-4be9-92ba-d99801addba1
2025-10-16 19:49:06,263 | INFO  | OMAudit | user=runner | ip=127.0.0.1 | op=CREATE_BUCKET {"volume":"78dc38b8-58a9-4be9-92ba-d99801addba1","bucket":"eeac1a5e-f965-41ff-8f7d-55bee99d8f8b","bucketLayout":"LEGACY","gdprEnabled":null,"acls":"[user:runner:a[ACCESS], group:runner:rl[ACCESS]]","isVersionEnabled":"false","storageType":"DISK","creationTime":"1760644146263","bucketEncryptionKey":null,"modificationTime":"1760644146263","usedBytes":"0","usedNamespace":"0","snapshotUsedBytes":"0","snapshotUsedNamespace":"0","owner":"runner","replicationType":null,"replicationConfig":null,"quotaInBytes":"-1","quotaInNamespace":"-1","Transaction":"1556"} | ret=SUCCESS |  
2025-10-16 19:49:06,264 | INFO  | OMAudit | user=runner | ip=127.0.0.1 | op=READ_BUCKET {"volume":"78dc38b8-58a9-4be9-92ba-d99801addba1","bucket":"eeac1a5e-f965-41ff-8f7d-55bee99d8f8b"} | ret=SUCCESS |  
2025-10-16 19:49:06,266 | INFO  | OMAudit | user=runner | ip=127.0.0.1 | op=INITIATE_MULTIPART_UPLOAD {"volume":"78dc38b8-58a9-4be9-92ba-d99801addba1","bucket":"eeac1a5e-f965-41ff-8f7d-55bee99d8f8b","key":"ee0fdc38-10e1-47b7-81af-417b32cebee0","dataSize":"0","replicationType":"RATIS","replicationFactor":"THREE","uploadID":"0199ee91-a459-7b2b-bc90-13cf3385064a-115385574769623424","Transaction":"1557"} | ret=SUCCESS |  
2025-10-16 19:49:06,268 | INFO  | OMAudit | user=runner | ip=127.0.0.1 | op=ALLOCATE_KEY {"volume":"78dc38b8-58a9-4be9-92ba-d99801addba1","bucket":"eeac1a5e-f965-41ff-8f7d-55bee99d8f8b","key":"ee0fdc38-10e1-47b7-81af-417b32cebee0","dataSize":"5242880","Transaction":"1558"} | ret=SUCCESS |  
2025-10-16 19:49:06,270 | INFO  | SCMAudit | user=runner | ip=127.0.0.1 | op=ALLOCATE_BLOCK {"replication":"RATIS/THREE","owner":"omServiceIdDefault","size":"4194304","sampleBlocks":"[conID: 17 locID: 115816896921600412]","num":"1","client":"","allocated":"1"} | ret=SUCCESS |  
2025-10-16 19:49:06,272 | INFO  | OMAudit | user=runner | ip=127.0.0.1 | op=ALLOCATE_BLOCK {"volume":"78dc38b8-58a9-4be9-92ba-d99801addba1","bucket":"eeac1a5e-f965-41ff-8f7d-55bee99d8f8b","key":"ee0fdc38-10e1-47b7-81af-417b32cebee0","dataSize":"5242880","replicationType":"RATIS","replicationFactor":"THREE","clientID":"115385574769820033","Transaction":"1559"} | ret=SUCCESS |  
2025-10-16 19:49:06,272 [om1-OMDoubleBufferFlushThread] INFO  db.RDBCheckpointManager (RDBCheckpointManager.java:createCheckpoint(87)) - Created checkpoint in rocksDB at /home/runner/work/ozone/ozone/hadoop-ozone/integration-test/target/test-dir/MiniOzoneClusterImpl-e7911277-7775-4457-96c8-94071a26a1ce/om/data/db.snapshots/checkpointState/om.db-3d41cb0c-624a-4b01-8329-d79b815d66de in 42 milliseconds
2025-10-16 19:49:06,311 | INFO  | SCMAudit | user=runner | ip=127.0.0.1 | op=SEND_HEARTBEAT {"datanodeUUID":"76d4ba71-5bbb-4b24-8f51-8bc7f78aaca4","term":"2","command":"[]"} | ret=SUCCESS |  
2025-10-16 19:49:06,312 | INFO  | SCMAudit | user=runner | ip=127.0.0.1 | op=SEND_HEARTBEAT {"datanodeUUID":"764b18f0-81c5-439a-9fff-25adc4f241fa","term":"2","command":"[]"} | ret=SUCCESS |  
2025-10-16 19:49:06,313 [om1-OMDoubleBufferFlushThread] INFO  om.OmSnapshotManager (OmSnapshotManager.java:createOmSnapshotCheckpoint(545)) - Created checkpoint: /home/runner/work/ozone/ozone/hadoop-ozone/integration-test/target/test-dir/MiniOzoneClusterImpl-e7911277-7775-4457-96c8-94071a26a1ce/om/data/db.snapshots/checkpointState/om.db-3d41cb0c-624a-4b01-8329-d79b815d66de for snapshot /vol-a-85441/buc-a-13854/snapshot-b-7-99770
2025-10-16 19:49:06,315 | INFO  | SCMAudit | user=runner | ip=127.0.0.1 | op=ALLOCATE_BLOCK {"replication":"RATIS/THREE","owner":"omServiceIdDefault","size":"4194304","sampleBlocks":"[conID: 14 locID: 115816896921600413]","num":"1","client":"","allocated":"1"} | ret=SUCCESS |  
2025-10-16 19:49:06,316 | INFO  | OMAudit | user=runner | ip=127.0.0.1 | op=ALLOCATE_BLOCK {"volume":"78dc38b8-58a9-4be9-92ba-d99801addba1","bucket":"eeac1a5e-f965-41ff-8f7d-55bee99d8f8b","key":"ee0fdc38-10e1-47b7-81af-417b32cebee0","dataSize":"5242880","replicationType":"RATIS","replicationFactor":"THREE","clientID":"115385574769820033","Transaction":"1560"} | ret=SUCCESS |  
2025-10-16 19:49:06,341 | INFO  | OMAudit | user=runner | ip=127.0.0.1 | op=COMMIT_MULTIPART_UPLOAD_PARTKEY {"volume":"78dc38b8-58a9-4be9-92ba-d99801addba1","bucket":"eeac1a5e-f965-41ff-8f7d-55bee99d8f8b","key":"ee0fdc38-10e1-47b7-81af-417b32cebee0","dataSize":"5242880","ETag":"5ec9ae7549d12b830c2796d79d95cb39","uploadID":"0199ee91-a459-7b2b-bc90-13cf3385064a-115385574769623424","partNumber":"1","partName":"/78dc38b8-58a9-4be9-92ba-d99801addba1/eeac1a5e-f965-41ff-8f7d-55bee99d8f8b/ee0fdc38-10e1-47b7-81af-417b32cebee0-0199ee91-a459-7b2b-bc90-13cf3385064a-115385574769623424-1","Transaction":"1561"} | ret=SUCCESS |  
2025-10-16 19:49:06,345 | INFO  | OMAudit | user=runner | ip=127.0.0.1 | op=ALLOCATE_KEY {"volume":"78dc38b8-58a9-4be9-92ba-d99801addba1","bucket":"eeac1a5e-f965-41ff-8f7d-55bee99d8f8b","key":"ee0fdc38-10e1-47b7-81af-417b32cebee0","dataSize":"5242880","Transaction":"1562"} | ret=SUCCESS |  
2025-10-16 19:49:06,352 | INFO  | SCMAudit | user=runner | ip=127.0.0.1 | op=ALLOCATE_BLOCK {"replication":"RATIS/THREE","owner":"omServiceIdDefault","size":"4194304","sampleBlocks":"[conID: 14 locID: 115816896921600414]","num":"1","client":"","allocated":"1"} | ret=SUCCESS |  
2025-10-16 19:49:06,354 | INFO  | OMAudit | user=runner | ip=127.0.0.1 | op=ALLOCATE_BLOCK {"volume":"78dc38b8-58a9-4be9-92ba-d99801addba1","bucket":"eeac1a5e-f965-41ff-8f7d-55bee99d8f8b","key":"ee0fdc38-10e1-47b7-81af-417b32cebee0","dataSize":"5242880","replicationType":"RATIS","replicationFactor":"THREE","clientID":"115385574774800770","Transaction":"1563"} | ret=SUCCESS |  
2025-10-16 19:49:06,380 [om1-OMDoubleBufferFlushThread] INFO  db.RDBCheckpointManager (RDBCheckpointManager.java:createCheckpoint(87)) - Created checkpoint in rocksDB at /home/runner/work/ozone/ozone/hadoop-ozone/integration-test/target/test-dir/MiniOzoneClusterImpl-e7911277-7775-4457-96c8-94071a26a1ce/om/data/db.snapshots/checkpointState/om.db-d33fdd69-9771-49ef-8228-fea2973e8e9e in 64 milliseconds
2025-10-16 19:49:06,401 | INFO  | SCMAudit | user=runner | ip=127.0.0.1 | op=ALLOCATE_BLOCK {"replication":"RATIS/THREE","owner":"omServiceIdDefault","size":"4194304","sampleBlocks":"[conID: 16 locID: 115816896921600415]","num":"1","client":"","allocated":"1"} | ret=SUCCESS |  
2025-10-16 19:49:06,404 | INFO  | OMAudit | user=runner | ip=127.0.0.1 | op=ALLOCATE_BLOCK {"volume":"78dc38b8-58a9-4be9-92ba-d99801addba1","bucket":"eeac1a5e-f965-41ff-8f7d-55bee99d8f8b","key":"ee0fdc38-10e1-47b7-81af-417b32cebee0","dataSize":"5242880","replicationType":"RATIS","replicationFactor":"THREE","clientID":"115385574774800770","Transaction":"1564"} | ret=SUCCESS |  
2025-10-16 19:49:06,425 [om1-OMDoubleBufferFlushThread] INFO  om.OmSnapshotManager (OmSnapshotManager.java:createOmSnapshotCheckpoint(545)) - Created checkpoint: /home/runner/work/ozone/ozone/hadoop-ozone/integration-test/target/test-dir/MiniOzoneClusterImpl-e7911277-7775-4457-96c8-94071a26a1ce/om/data/db.snapshots/checkpointState/om.db-d33fdd69-9771-49ef-8228-fea2973e8e9e for snapshot /vol-a-85441/buc-b-43844/snapshot-b-7-38250
2025-10-16 19:49:06,426 | INFO  | OMAudit | user=runner | ip=127.0.0.1 | op=COMMIT_MULTIPART_UPLOAD_PARTKEY {"volume":"78dc38b8-58a9-4be9-92ba-d99801addba1","bucket":"eeac1a5e-f965-41ff-8f7d-55bee99d8f8b","key":"ee0fdc38-10e1-47b7-81af-417b32cebee0","dataSize":"5242880","ETag":"5ec9ae7549d12b830c2796d79d95cb39","uploadID":"0199ee91-a459-7b2b-bc90-13cf3385064a-115385574769623424","partNumber":"2","partName":"/78dc38b8-58a9-4be9-92ba-d99801addba1/eeac1a5e-f965-41ff-8f7d-55bee99d8f8b/ee0fdc38-10e1-47b7-81af-417b32cebee0-0199ee91-a459-7b2b-bc90-13cf3385064a-115385574769623424-2","Transaction":"1565"} | ret=SUCCESS |  
2025-10-16 19:49:06,428 | INFO  | OMAudit | user=runner | ip=127.0.0.1 | op=ALLOCATE_KEY {"volume":"78dc38b8-58a9-4be9-92ba-d99801addba1","bucket":"eeac1a5e-f965-41ff-8f7d-55bee99d8f8b","key":"ee0fdc38-10e1-47b7-81af-417b32cebee0","dataSize":"36","Transaction":"1566"} | ret=SUCCESS |  
2025-10-16 19:49:06,429 | INFO  | SCMAudit | user=runner | ip=127.0.0.1 | op=ALLOCATE_BLOCK {"replication":"RATIS/THREE","owner":"omServiceIdDefault","size":"4194304","sampleBlocks":"[conID: 21 locID: 115816896921600416]","num":"1","client":"","allocated":"1"} | ret=SUCCESS |  
2025-10-16 19:49:06,431 | INFO  | OMAudit | user=runner | ip=127.0.0.1 | op=ALLOCATE_BLOCK {"volume":"78dc38b8-58a9-4be9-92ba-d99801addba1","bucket":"eeac1a5e-f965-41ff-8f7d-55bee99d8f8b","key":"ee0fdc38-10e1-47b7-81af-417b32cebee0","dataSize":"36","replicationType":"RATIS","replicationFactor":"THREE","clientID":"115385574780240259","Transaction":"1567"} | ret=SUCCESS |  
2025-10-16 19:49:06,452 | INFO  | OMAudit | user=runner | ip=127.0.0.1 | op=COMMIT_MULTIPART_UPLOAD_PARTKEY {"volume":"78dc38b8-58a9-4be9-92ba-d99801addba1","bucket":"eeac1a5e-f965-41ff-8f7d-55bee99d8f8b","key":"ee0fdc38-10e1-47b7-81af-417b32cebee0","dataSize":"36","ETag":"65b1f5748b6a755eacdb06987f9dce44","uploadID":"0199ee91-a459-7b2b-bc90-13cf3385064a-115385574769623424","partNumber":"3","partName":"/78dc38b8-58a9-4be9-92ba-d99801addba1/eeac1a5e-f965-41ff-8f7d-55bee99d8f8b/ee0fdc38-10e1-47b7-81af-417b32cebee0-0199ee91-a459-7b2b-bc90-13cf3385064a-115385574769623424-3","Transaction":"1568"} | ret=SUCCESS |  
2025-10-16 19:49:06,456 | INFO  | OMAudit | user=runner | ip=127.0.0.1 | op=COMPLETE_MULTIPART_UPLOAD {"volume":"78dc38b8-58a9-4be9-92ba-d99801addba1","bucket":"eeac1a5e-f965-41ff-8f7d-55bee99d8f8b","key":"ee0fdc38-10e1-47b7-81af-417b32cebee0","dataSize":"0","uploadID":"0199ee91-a459-7b2b-bc90-13cf3385064a-115385574769623424","multipartList":"[partNumber: 1 partName: \"5ec9ae7549d12b830c2796d79d95cb39\" eTag: \"5ec9ae7549d12b830c2796d79d95cb39\" , partNumber: 2 partName: \"5ec9ae7549d12b830c2796d79d95cb39\" eTag: \"5ec9ae7549d12b830c2796d79d95cb39\" , partNumber: 3 partName: \"65b1f5748b6a755eacdb06987f9dce44\" eTag: \"65b1f5748b6a755eacdb06987f9dce44\" ]","Transaction":"1569"} | ret=SUCCESS |  
2025-10-16 19:49:06,484 | INFO  | OMAudit | user=runner | ip=127.0.0.1 | op=READ_KEY {"volume":"78dc38b8-58a9-4be9-92ba-d99801addba1","bucket":"eeac1a5e-f965-41ff-8f7d-55bee99d8f8b","key":"ee0fdc38-10e1-47b7-81af-417b32cebee0","owner":null,"dataSize":"0","replicationConfig":null} | ret=SUCCESS |  
2025-10-16 19:49:06,506 [om1-OMDoubleBufferFlushThread] INFO  db.RDBCheckpointManager (RDBCheckpointManager.java:createCheckpoint(87)) - Created checkpoint in rocksDB at /home/runner/work/ozone/ozone/hadoop-ozone/integration-test/target/test-dir/MiniOzoneClusterImpl-e7911277-7775-4457-96c8-94071a26a1ce/om/data/db.snapshots/checkpointState/om.db-bb27aa2f-4099-47b1-91ac-d00bc118cbab in 78 milliseconds
2025-10-16 19:49:06,532 [om1-OMDoubleBufferFlushThread] INFO  om.OmSnapshotManager (OmSnapshotManager.java:createOmSnapshotCheckpoint(545)) - Created checkpoint: /home/runner/work/ozone/ozone/hadoop-ozone/integration-test/target/test-dir/MiniOzoneClusterImpl-e7911277-7775-4457-96c8-94071a26a1ce/om/data/db.snapshots/checkpointState/om.db-bb27aa2f-4099-47b1-91ac-d00bc118cbab for snapshot /vol-b-85804/buc-a-13854/snapshot-b-7-59054
2025-10-16 19:49:06,535 | INFO  | SCMAudit | user=runner | ip=127.0.0.1 | op=GET_CONTAINER_WITH_PIPELINE_BATCH {"containerIDs":"#16,#17,#21,#14,"} | ret=SUCCESS |  
2025-10-16 19:49:06,536 | INFO  | OMAudit | user=null | ip= | op=READ_KEY {"volume":"78dc38b8-58a9-4be9-92ba-d99801addba1","bucket":"eeac1a5e-f965-41ff-8f7d-55bee99d8f8b","key":"ee0fdc38-10e1-47b7-81af-417b32cebee0","owner":null,"dataSize":"0","replicationConfig":null} | ret=SUCCESS |  
2025-10-16 19:49:06,537 | INFO  | SCMAudit | user=runner | ip=127.0.0.1 | op=GET_CONTAINER {"containerID":"17"} | ret=SUCCESS |  
2025-10-16 19:49:06,537 | INFO  | SCMAudit | user=runner | ip=127.0.0.1 | op=GET_CONTAINER {"containerID":"14"} | ret=SUCCESS |  
2025-10-16 19:49:06,539 | INFO  | SCMAudit | user=runner | ip=127.0.0.1 | op=GET_CONTAINER {"containerID":"14"} | ret=SUCCESS |  
2025-10-16 19:49:06,540 | INFO  | SCMAudit | user=runner | ip=127.0.0.1 | op=GET_CONTAINER {"containerID":"16"} | ret=SUCCESS |  
2025-10-16 19:49:06,541 | INFO  | SCMAudit | user=runner | ip=127.0.0.1 | op=GET_CONTAINER {"containerID":"21"} | ret=SUCCESS |  
]]></system-out>
  </testcase>
  <testcase name="testMultipartUploadWithTags(BucketLayout)[3]" classname="org.apache.hadoop.ozone.client.rpc.TestSecureOzoneRpcClient" time="0.367">
    <system-out><![CDATA[2025-10-16 19:49:06,564 [ForkJoinPool-1-worker-1] INFO  rpc.RpcClient (RpcClient.java:createVolume(461)) - Creating Volume: ebb3b837-6b5c-4b8d-957e-04eab496095e, with runner as owner and space quota set to -1 bytes, counts quota set to -1
2025-10-16 19:49:06,571 [om1-OMStateMachineApplyTransactionThread - 0] INFO  volume.OMVolumeCreateRequest (OMVolumeCreateRequest.java:validateAndUpdateCache(213)) - created volume:ebb3b837-6b5c-4b8d-957e-04eab496095e for user:runner
2025-10-16 19:49:06,572 | INFO  | OMAudit | user=runner | ip=127.0.0.1 | op=CREATE_VOLUME {"admin":"runner","owner":"runner","volume":"ebb3b837-6b5c-4b8d-957e-04eab496095e","creationTime":"1760644146568","modificationTime":"1760644146568","quotaInBytes":"-1","quotaInNamespace":"-1","usedNamespace":"0","objectID":"-9223372036854373888","updateID":"1570","Transaction":"1570"} | ret=SUCCESS |  
2025-10-16 19:49:06,574 | INFO  | OMAudit | user=runner | ip=127.0.0.1 | op=READ_VOLUME {"volume":"ebb3b837-6b5c-4b8d-957e-04eab496095e"} | ret=SUCCESS |  
2025-10-16 19:49:06,575 [ForkJoinPool-1-worker-1] INFO  rpc.RpcClient (RpcClient.java:createBucket(686)) - Creating Bucket: ebb3b837-6b5c-4b8d-957e-04eab496095e/5e17d724-c3fd-478c-b68d-52b659f67ffe, with bucket layout FILE_SYSTEM_OPTIMIZED, runner as owner, Versioning false, Storage Type set to DISK and Encryption set to false, Replication Type set to server-side default replication type, Namespace Quota set to -1, Space Quota set to -1 
2025-10-16 19:49:06,577 [om1-OMStateMachineApplyTransactionThread - 0] INFO  bucket.OMBucketCreateRequest (OMBucketCreateRequest.java:validateAndUpdateCache(303)) - created bucket: 5e17d724-c3fd-478c-b68d-52b659f67ffe of layout FILE_SYSTEM_OPTIMIZED in volume: ebb3b837-6b5c-4b8d-957e-04eab496095e
2025-10-16 19:49:06,577 | INFO  | OMAudit | user=runner | ip=127.0.0.1 | op=CREATE_BUCKET {"volume":"ebb3b837-6b5c-4b8d-957e-04eab496095e","bucket":"5e17d724-c3fd-478c-b68d-52b659f67ffe","bucketLayout":"FILE_SYSTEM_OPTIMIZED","gdprEnabled":null,"acls":"[user:runner:a[ACCESS], group:runner:rl[ACCESS]]","isVersionEnabled":"false","storageType":"DISK","creationTime":"1760644146576","bucketEncryptionKey":null,"modificationTime":"1760644146576","usedBytes":"0","usedNamespace":"0","snapshotUsedBytes":"0","snapshotUsedNamespace":"0","owner":"runner","replicationType":null,"replicationConfig":null,"quotaInBytes":"-1","quotaInNamespace":"-1","Transaction":"1571"} | ret=SUCCESS |  
2025-10-16 19:49:06,578 | INFO  | OMAudit | user=runner | ip=127.0.0.1 | op=READ_BUCKET {"volume":"ebb3b837-6b5c-4b8d-957e-04eab496095e","bucket":"5e17d724-c3fd-478c-b68d-52b659f67ffe"} | ret=SUCCESS |  
2025-10-16 19:49:06,581 | INFO  | OMAudit | user=runner | ip=127.0.0.1 | op=INITIATE_MULTIPART_UPLOAD {"volume":"ebb3b837-6b5c-4b8d-957e-04eab496095e","bucket":"5e17d724-c3fd-478c-b68d-52b659f67ffe","key":"a1493f07-baca-4755-8ad5-199adeec0dbf","dataSize":"0","replicationType":"RATIS","replicationFactor":"THREE","uploadID":"0199ee91-a594-7d7a-b07c-9e57659544ed-115385574790267268","Transaction":"1572"} | ret=SUCCESS |  
2025-10-16 19:49:06,584 | INFO  | OMAudit | user=runner | ip=127.0.0.1 | op=ALLOCATE_KEY {"volume":"ebb3b837-6b5c-4b8d-957e-04eab496095e","bucket":"5e17d724-c3fd-478c-b68d-52b659f67ffe","key":"a1493f07-baca-4755-8ad5-199adeec0dbf","dataSize":"5242880","Transaction":"1573"} | ret=SUCCESS |  
2025-10-16 19:49:06,584 [om1-OMDoubleBufferFlushThread] INFO  db.RDBCheckpointManager (RDBCheckpointManager.java:createCheckpoint(87)) - Created checkpoint in rocksDB at /home/runner/work/ozone/ozone/hadoop-ozone/integration-test/target/test-dir/MiniOzoneClusterImpl-e7911277-7775-4457-96c8-94071a26a1ce/om/data/db.snapshots/checkpointState/om.db-281c9ecc-6d05-4ad1-b04d-eeb8609e3aa4 in 50 milliseconds
2025-10-16 19:49:06,587 | INFO  | SCMAudit | user=runner | ip=127.0.0.1 | op=ALLOCATE_BLOCK {"replication":"RATIS/THREE","owner":"omServiceIdDefault","size":"4194304","sampleBlocks":"[conID: 18 locID: 115816896921600417]","num":"1","client":"","allocated":"1"} | ret=SUCCESS |  
2025-10-16 19:49:06,590 | INFO  | OMAudit | user=runner | ip=127.0.0.1 | op=ALLOCATE_BLOCK {"volume":"ebb3b837-6b5c-4b8d-957e-04eab496095e","bucket":"5e17d724-c3fd-478c-b68d-52b659f67ffe","key":"a1493f07-baca-4755-8ad5-199adeec0dbf","dataSize":"5242880","replicationType":"RATIS","replicationFactor":"THREE","clientID":"115385574790463877","Transaction":"1574"} | ret=SUCCESS |  
2025-10-16 19:49:06,624 [om1-OMDoubleBufferFlushThread] INFO  om.OmSnapshotManager (OmSnapshotManager.java:createOmSnapshotCheckpoint(545)) - Created checkpoint: /home/runner/work/ozone/ozone/hadoop-ozone/integration-test/target/test-dir/MiniOzoneClusterImpl-e7911277-7775-4457-96c8-94071a26a1ce/om/data/db.snapshots/checkpointState/om.db-281c9ecc-6d05-4ad1-b04d-eeb8609e3aa4 for snapshot /vol-b-85804/buc-b-43844/snapshot-b-7-53901
2025-10-16 19:49:06,643 | INFO  | SCMAudit | user=runner | ip=127.0.0.1 | op=ALLOCATE_BLOCK {"replication":"RATIS/THREE","owner":"omServiceIdDefault","size":"4194304","sampleBlocks":"[conID: 17 locID: 115816896921600418]","num":"1","client":"","allocated":"1"} | ret=SUCCESS |  
2025-10-16 19:49:06,645 | INFO  | SCMAudit | user=runner | ip=127.0.0.1 | op=SEND_HEARTBEAT {"datanodeUUID":"0e8b6cc7-9945-4141-97fc-6aa017a0d5fa","term":"2","command":"[]"} | ret=SUCCESS |  
2025-10-16 19:49:06,646 | INFO  | OMAudit | user=runner | ip=127.0.0.1 | op=ALLOCATE_BLOCK {"volume":"ebb3b837-6b5c-4b8d-957e-04eab496095e","bucket":"5e17d724-c3fd-478c-b68d-52b659f67ffe","key":"a1493f07-baca-4755-8ad5-199adeec0dbf","dataSize":"5242880","replicationType":"RATIS","replicationFactor":"THREE","clientID":"115385574790463877","Transaction":"1575"} | ret=SUCCESS |  
2025-10-16 19:49:06,672 | INFO  | OMAudit | user=runner | ip=127.0.0.1 | op=COMMIT_MULTIPART_UPLOAD_PARTKEY {"volume":"ebb3b837-6b5c-4b8d-957e-04eab496095e","bucket":"5e17d724-c3fd-478c-b68d-52b659f67ffe","key":"a1493f07-baca-4755-8ad5-199adeec0dbf","dataSize":"5242880","ETag":"5ec9ae7549d12b830c2796d79d95cb39","uploadID":"0199ee91-a594-7d7a-b07c-9e57659544ed-115385574790267268","partNumber":"1","partName":"/ebb3b837-6b5c-4b8d-957e-04eab496095e/5e17d724-c3fd-478c-b68d-52b659f67ffe/a1493f07-baca-4755-8ad5-199adeec0dbf-0199ee91-a594-7d7a-b07c-9e57659544ed-115385574790267268-1","Transaction":"1576"} | ret=SUCCESS |  
2025-10-16 19:49:06,677 | INFO  | OMAudit | user=runner | ip=127.0.0.1 | op=ALLOCATE_KEY {"volume":"ebb3b837-6b5c-4b8d-957e-04eab496095e","bucket":"5e17d724-c3fd-478c-b68d-52b659f67ffe","key":"a1493f07-baca-4755-8ad5-199adeec0dbf","dataSize":"5242880","Transaction":"1577"} | ret=SUCCESS |  
2025-10-16 19:49:06,679 | INFO  | SCMAudit | user=runner | ip=127.0.0.1 | op=ALLOCATE_BLOCK {"replication":"RATIS/THREE","owner":"omServiceIdDefault","size":"4194304","sampleBlocks":"[conID: 21 locID: 115816896921600419]","num":"1","client":"","allocated":"1"} | ret=SUCCESS |  
2025-10-16 19:49:06,681 | INFO  | OMAudit | user=runner | ip=127.0.0.1 | op=ALLOCATE_BLOCK {"volume":"ebb3b837-6b5c-4b8d-957e-04eab496095e","bucket":"5e17d724-c3fd-478c-b68d-52b659f67ffe","key":"a1493f07-baca-4755-8ad5-199adeec0dbf","dataSize":"5242880","replicationType":"RATIS","replicationFactor":"THREE","clientID":"115385574796427654","Transaction":"1578"} | ret=SUCCESS |  
2025-10-16 19:49:06,709 [om1-OMDoubleBufferFlushThread] INFO  db.RDBCheckpointManager (RDBCheckpointManager.java:createCheckpoint(87)) - Created checkpoint in rocksDB at /home/runner/work/ozone/ozone/hadoop-ozone/integration-test/target/test-dir/MiniOzoneClusterImpl-e7911277-7775-4457-96c8-94071a26a1ce/om/data/db.snapshots/checkpointState/om.db-bfc0a8e0-6dca-43b0-8d44-6bb1b2bc527e in 78 milliseconds
2025-10-16 19:49:06,720 | INFO  | SCMAudit | user=runner | ip=127.0.0.1 | op=SEND_HEARTBEAT {"datanodeUUID":"757ca056-973f-4f05-ab2d-6aff6c54d452","term":"2","command":"[]"} | ret=SUCCESS |  
2025-10-16 19:49:06,735 | INFO  | SCMAudit | user=runner | ip=127.0.0.1 | op=SEND_HEARTBEAT {"datanodeUUID":"702cb173-5c73-4ecc-b5cd-c7b4a6b66aea","term":"2","command":"[]"} | ret=SUCCESS |  
2025-10-16 19:49:06,739 | INFO  | SCMAudit | user=runner | ip=127.0.0.1 | op=ALLOCATE_BLOCK {"replication":"RATIS/THREE","owner":"omServiceIdDefault","size":"4194304","sampleBlocks":"[conID: 16 locID: 115816896921600420]","num":"1","client":"","allocated":"1"} | ret=SUCCESS |  
2025-10-16 19:49:06,743 | INFO  | OMAudit | user=runner | ip=127.0.0.1 | op=ALLOCATE_BLOCK {"volume":"ebb3b837-6b5c-4b8d-957e-04eab496095e","bucket":"5e17d724-c3fd-478c-b68d-52b659f67ffe","key":"a1493f07-baca-4755-8ad5-199adeec0dbf","dataSize":"5242880","replicationType":"RATIS","replicationFactor":"THREE","clientID":"115385574796427654","Transaction":"1579"} | ret=SUCCESS |  
2025-10-16 19:49:06,757 [om1-OMDoubleBufferFlushThread] INFO  om.OmSnapshotManager (OmSnapshotManager.java:createOmSnapshotCheckpoint(545)) - Created checkpoint: /home/runner/work/ozone/ozone/hadoop-ozone/integration-test/target/test-dir/MiniOzoneClusterImpl-e7911277-7775-4457-96c8-94071a26a1ce/om/data/db.snapshots/checkpointState/om.db-bfc0a8e0-6dca-43b0-8d44-6bb1b2bc527e for snapshot /vol-a-85441/buc-a-13854/snapshot-b-8-00995
2025-10-16 19:49:06,776 | INFO  | OMAudit | user=runner | ip=127.0.0.1 | op=COMMIT_MULTIPART_UPLOAD_PARTKEY {"volume":"ebb3b837-6b5c-4b8d-957e-04eab496095e","bucket":"5e17d724-c3fd-478c-b68d-52b659f67ffe","key":"a1493f07-baca-4755-8ad5-199adeec0dbf","dataSize":"5242880","ETag":"5ec9ae7549d12b830c2796d79d95cb39","uploadID":"0199ee91-a594-7d7a-b07c-9e57659544ed-115385574790267268","partNumber":"2","partName":"/ebb3b837-6b5c-4b8d-957e-04eab496095e/5e17d724-c3fd-478c-b68d-52b659f67ffe/a1493f07-baca-4755-8ad5-199adeec0dbf-0199ee91-a594-7d7a-b07c-9e57659544ed-115385574790267268-2","Transaction":"1580"} | ret=SUCCESS |  
2025-10-16 19:49:06,780 | INFO  | OMAudit | user=runner | ip=127.0.0.1 | op=ALLOCATE_KEY {"volume":"ebb3b837-6b5c-4b8d-957e-04eab496095e","bucket":"5e17d724-c3fd-478c-b68d-52b659f67ffe","key":"a1493f07-baca-4755-8ad5-199adeec0dbf","dataSize":"36","Transaction":"1581"} | ret=SUCCESS |  
2025-10-16 19:49:06,784 | INFO  | SCMAudit | user=runner | ip=127.0.0.1 | op=ALLOCATE_BLOCK {"replication":"RATIS/THREE","owner":"omServiceIdDefault","size":"4194304","sampleBlocks":"[conID: 17 locID: 115816896921600421]","num":"1","client":"","allocated":"1"} | ret=SUCCESS |  
2025-10-16 19:49:06,787 | INFO  | OMAudit | user=runner | ip=127.0.0.1 | op=ALLOCATE_BLOCK {"volume":"ebb3b837-6b5c-4b8d-957e-04eab496095e","bucket":"5e17d724-c3fd-478c-b68d-52b659f67ffe","key":"a1493f07-baca-4755-8ad5-199adeec0dbf","dataSize":"36","replicationType":"RATIS","replicationFactor":"THREE","clientID":"115385574803243399","Transaction":"1582"} | ret=SUCCESS |  
2025-10-16 19:49:06,805 | INFO  | OMAudit | user=runner | ip=127.0.0.1 | op=COMMIT_MULTIPART_UPLOAD_PARTKEY {"volume":"ebb3b837-6b5c-4b8d-957e-04eab496095e","bucket":"5e17d724-c3fd-478c-b68d-52b659f67ffe","key":"a1493f07-baca-4755-8ad5-199adeec0dbf","dataSize":"36","ETag":"74ae792ccf9fa03e8e51adcfb7ebb553","uploadID":"0199ee91-a594-7d7a-b07c-9e57659544ed-115385574790267268","partNumber":"3","partName":"/ebb3b837-6b5c-4b8d-957e-04eab496095e/5e17d724-c3fd-478c-b68d-52b659f67ffe/a1493f07-baca-4755-8ad5-199adeec0dbf-0199ee91-a594-7d7a-b07c-9e57659544ed-115385574790267268-3","Transaction":"1583"} | ret=SUCCESS |  
2025-10-16 19:49:06,811 | INFO  | OMAudit | user=runner | ip=127.0.0.1 | op=COMPLETE_MULTIPART_UPLOAD {"volume":"ebb3b837-6b5c-4b8d-957e-04eab496095e","bucket":"5e17d724-c3fd-478c-b68d-52b659f67ffe","key":"a1493f07-baca-4755-8ad5-199adeec0dbf","dataSize":"0","uploadID":"0199ee91-a594-7d7a-b07c-9e57659544ed-115385574790267268","multipartList":"[partNumber: 1 partName: \"5ec9ae7549d12b830c2796d79d95cb39\" eTag: \"5ec9ae7549d12b830c2796d79d95cb39\" , partNumber: 2 partName: \"5ec9ae7549d12b830c2796d79d95cb39\" eTag: \"5ec9ae7549d12b830c2796d79d95cb39\" , partNumber: 3 partName: \"74ae792ccf9fa03e8e51adcfb7ebb553\" eTag: \"74ae792ccf9fa03e8e51adcfb7ebb553\" ]","Transaction":"1584"} | ret=SUCCESS |  
2025-10-16 19:49:06,839 [om1-OMDoubleBufferFlushThread] INFO  db.RDBCheckpointManager (RDBCheckpointManager.java:createCheckpoint(87)) - Created checkpoint in rocksDB at /home/runner/work/ozone/ozone/hadoop-ozone/integration-test/target/test-dir/MiniOzoneClusterImpl-e7911277-7775-4457-96c8-94071a26a1ce/om/data/db.snapshots/checkpointState/om.db-29d96d1d-13c0-409b-80ea-3c1ff254071e in 79 milliseconds
2025-10-16 19:49:06,849 | INFO  | OMAudit | user=runner | ip=127.0.0.1 | op=READ_KEY {"volume":"ebb3b837-6b5c-4b8d-957e-04eab496095e","bucket":"5e17d724-c3fd-478c-b68d-52b659f67ffe","key":"a1493f07-baca-4755-8ad5-199adeec0dbf","owner":null,"dataSize":"0","replicationConfig":null} | ret=SUCCESS |  
2025-10-16 19:49:06,874 [om1-OMDoubleBufferFlushThread] INFO  om.OmSnapshotManager (OmSnapshotManager.java:createOmSnapshotCheckpoint(545)) - Created checkpoint: /home/runner/work/ozone/ozone/hadoop-ozone/integration-test/target/test-dir/MiniOzoneClusterImpl-e7911277-7775-4457-96c8-94071a26a1ce/om/data/db.snapshots/checkpointState/om.db-29d96d1d-13c0-409b-80ea-3c1ff254071e for snapshot /vol-a-85441/buc-b-43844/snapshot-b-8-77475
2025-10-16 19:49:06,915 | INFO  | SCMAudit | user=runner | ip=127.0.0.1 | op=GET_CONTAINER_WITH_PIPELINE_BATCH {"containerIDs":"#16,#17,#18,#21,"} | ret=SUCCESS |  
2025-10-16 19:49:06,917 | INFO  | OMAudit | user=null | ip= | op=READ_KEY {"volume":"ebb3b837-6b5c-4b8d-957e-04eab496095e","bucket":"5e17d724-c3fd-478c-b68d-52b659f67ffe","key":"a1493f07-baca-4755-8ad5-199adeec0dbf","owner":null,"dataSize":"0","replicationConfig":null} | ret=SUCCESS |  
2025-10-16 19:49:06,917 | INFO  | SCMAudit | user=runner | ip=127.0.0.1 | op=GET_CONTAINER {"containerID":"18"} | ret=SUCCESS |  
2025-10-16 19:49:06,919 | INFO  | SCMAudit | user=runner | ip=127.0.0.1 | op=GET_CONTAINER {"containerID":"17"} | ret=SUCCESS |  
2025-10-16 19:49:06,920 | INFO  | SCMAudit | user=runner | ip=127.0.0.1 | op=GET_CONTAINER {"containerID":"21"} | ret=SUCCESS |  
2025-10-16 19:49:06,921 | INFO  | SCMAudit | user=runner | ip=127.0.0.1 | op=GET_CONTAINER {"containerID":"16"} | ret=SUCCESS |  
2025-10-16 19:49:06,922 | INFO  | SCMAudit | user=runner | ip=127.0.0.1 | op=GET_CONTAINER {"containerID":"17"} | ret=SUCCESS |  
2025-10-16 19:49:06,925 [om1-OMDoubleBufferFlushThread] INFO  db.RDBCheckpointManager (RDBCheckpointManager.java:createCheckpoint(87)) - Created checkpoint in rocksDB at /home/runner/work/ozone/ozone/hadoop-ozone/integration-test/target/test-dir/MiniOzoneClusterImpl-e7911277-7775-4457-96c8-94071a26a1ce/om/data/db.snapshots/checkpointState/om.db-c77d2697-6f0b-47ad-990e-1b2729140729 in 48 milliseconds
2025-10-16 19:49:06,926 | INFO  | SCMAudit | user=runner | ip=127.0.0.1 | op=SEND_HEARTBEAT {"datanodeUUID":"f700af26-0e26-4136-9205-9509c82c8c70","term":"2","command":"[]"} | ret=SUCCESS |  
]]></system-out>
  </testcase>
  <testcase name="testNativeAclsForBucket" classname="org.apache.hadoop.ozone.client.rpc.TestSecureOzoneRpcClient" time="0.103">
    <system-out><![CDATA[2025-10-16 19:49:06,933 [ForkJoinPool-1-worker-1] INFO  rpc.RpcClient (RpcClient.java:createVolume(461)) - Creating Volume: 1635ed80-b1ea-4228-81c2-03d6287c7353, with runner as owner and space quota set to -1 bytes, counts quota set to -1
2025-10-16 19:49:06,937 [om1-OMStateMachineApplyTransactionThread - 0] INFO  volume.OMVolumeCreateRequest (OMVolumeCreateRequest.java:validateAndUpdateCache(213)) - created volume:1635ed80-b1ea-4228-81c2-03d6287c7353 for user:runner
2025-10-16 19:49:06,937 | INFO  | OMAudit | user=runner | ip=127.0.0.1 | op=CREATE_VOLUME {"admin":"runner","owner":"runner","volume":"1635ed80-b1ea-4228-81c2-03d6287c7353","creationTime":"1760644146935","modificationTime":"1760644146935","quotaInBytes":"-1","quotaInNamespace":"-1","usedNamespace":"0","objectID":"-9223372036854370048","updateID":"1585","Transaction":"1585"} | ret=SUCCESS |  
2025-10-16 19:49:06,940 | INFO  | OMAudit | user=runner | ip=127.0.0.1 | op=READ_VOLUME {"volume":"1635ed80-b1ea-4228-81c2-03d6287c7353"} | ret=SUCCESS |  
2025-10-16 19:49:06,940 [ForkJoinPool-1-worker-1] INFO  rpc.RpcClient (RpcClient.java:createBucket(686)) - Creating Bucket: 1635ed80-b1ea-4228-81c2-03d6287c7353/fa1f0d3f-c9ef-451c-8368-761fb89ca4d9, with server-side default bucket layout, runner as owner, Versioning false, Storage Type set to DISK and Encryption set to false, Replication Type set to server-side default replication type, Namespace Quota set to -1, Space Quota set to -1 
2025-10-16 19:49:06,942 [om1-OMStateMachineApplyTransactionThread - 0] INFO  bucket.OMBucketCreateRequest (OMBucketCreateRequest.java:validateAndUpdateCache(303)) - created bucket: fa1f0d3f-c9ef-451c-8368-761fb89ca4d9 of layout FILE_SYSTEM_OPTIMIZED in volume: 1635ed80-b1ea-4228-81c2-03d6287c7353
2025-10-16 19:49:06,943 | INFO  | OMAudit | user=runner | ip=127.0.0.1 | op=CREATE_BUCKET {"volume":"1635ed80-b1ea-4228-81c2-03d6287c7353","bucket":"fa1f0d3f-c9ef-451c-8368-761fb89ca4d9","bucketLayout":"FILE_SYSTEM_OPTIMIZED","gdprEnabled":null,"acls":"[user:runner:a[ACCESS], group:runner:rl[ACCESS]]","isVersionEnabled":"false","storageType":"DISK","creationTime":"1760644146941","bucketEncryptionKey":null,"modificationTime":"1760644146941","usedBytes":"0","usedNamespace":"0","snapshotUsedBytes":"0","snapshotUsedNamespace":"0","owner":"runner","replicationType":null,"replicationConfig":null,"quotaInBytes":"-1","quotaInNamespace":"-1","Transaction":"1586"} | ret=SUCCESS |  
2025-10-16 19:49:06,944 | INFO  | OMAudit | user=runner | ip=127.0.0.1 | op=READ_BUCKET {"volume":"1635ed80-b1ea-4228-81c2-03d6287c7353","bucket":"fa1f0d3f-c9ef-451c-8368-761fb89ca4d9"} | ret=SUCCESS |  
2025-10-16 19:49:06,953 [om1-OMDoubleBufferFlushThread] INFO  om.OmSnapshotManager (OmSnapshotManager.java:createOmSnapshotCheckpoint(545)) - Created checkpoint: /home/runner/work/ozone/ozone/hadoop-ozone/integration-test/target/test-dir/MiniOzoneClusterImpl-e7911277-7775-4457-96c8-94071a26a1ce/om/data/db.snapshots/checkpointState/om.db-c77d2697-6f0b-47ad-990e-1b2729140729 for snapshot /vol-b-85804/buc-a-13854/snapshot-b-8-69988
2025-10-16 19:49:06,981 | INFO  | OMAudit | user=runner | ip=127.0.0.1 | op=ADD_ACL {"resourceType":"bucket","storageType":"ozone","volume":"1635ed80-b1ea-4228-81c2-03d6287c7353","bucket":"fa1f0d3f-c9ef-451c-8368-761fb89ca4d9","key":null,"acl":"[user:runner:x[ACCESS]]","Transaction":"1587"} | ret=SUCCESS |  
2025-10-16 19:49:06,982 | INFO  | OMAudit | user=runner | ip=127.0.0.1 | op=GET_ACL {"resourceType":"bucket","storageType":"ozone","volume":"1635ed80-b1ea-4228-81c2-03d6287c7353","bucket":"fa1f0d3f-c9ef-451c-8368-761fb89ca4d9","key":null} | ret=SUCCESS |  
2025-10-16 19:49:06,983 | INFO  | OMAudit | user=runner | ip=127.0.0.1 | op=GET_ACL {"resourceType":"bucket","storageType":"ozone","volume":"1635ed80-b1ea-4228-81c2-03d6287c7353","bucket":"fa1f0d3f-c9ef-451c-8368-761fb89ca4d9","key":null} | ret=SUCCESS |  
2025-10-16 19:49:06,991 | INFO  | OMAudit | user=runner | ip=127.0.0.1 | op=REMOVE_ACL {"resourceType":"bucket","storageType":"ozone","volume":"1635ed80-b1ea-4228-81c2-03d6287c7353","bucket":"fa1f0d3f-c9ef-451c-8368-761fb89ca4d9","key":null,"acl":"[user:runner:x[ACCESS]]","Transaction":"1588"} | ret=SUCCESS |  
2025-10-16 19:49:06,992 | INFO  | OMAudit | user=runner | ip=127.0.0.1 | op=GET_ACL {"resourceType":"bucket","storageType":"ozone","volume":"1635ed80-b1ea-4228-81c2-03d6287c7353","bucket":"fa1f0d3f-c9ef-451c-8368-761fb89ca4d9","key":null} | ret=SUCCESS |  
2025-10-16 19:49:06,992 | INFO  | OMAudit | user=runner | ip=127.0.0.1 | op=GET_ACL {"resourceType":"bucket","storageType":"ozone","volume":"1635ed80-b1ea-4228-81c2-03d6287c7353","bucket":"fa1f0d3f-c9ef-451c-8368-761fb89ca4d9","key":null} | ret=SUCCESS |  
2025-10-16 19:49:06,993 | INFO  | OMAudit | user=runner | ip=127.0.0.1 | op=GET_ACL {"resourceType":"bucket","storageType":"ozone","volume":"1635ed80-b1ea-4228-81c2-03d6287c7353","bucket":"fa1f0d3f-c9ef-451c-8368-761fb89ca4d9","key":null} | ret=SUCCESS |  
2025-10-16 19:49:06,995 | INFO  | OMAudit | user=runner | ip=127.0.0.1 | op=REMOVE_ACL {"resourceType":"bucket","storageType":"ozone","volume":"1635ed80-b1ea-4228-81c2-03d6287c7353","bucket":"fa1f0d3f-c9ef-451c-8368-761fb89ca4d9","key":null,"acl":"[user:runner:a[ACCESS]]","Transaction":"1589"} | ret=SUCCESS |  
2025-10-16 19:49:06,996 [om1-OMDoubleBufferFlushThread] INFO  db.RDBCheckpointManager (RDBCheckpointManager.java:createCheckpoint(87)) - Created checkpoint in rocksDB at /home/runner/work/ozone/ozone/hadoop-ozone/integration-test/target/test-dir/MiniOzoneClusterImpl-e7911277-7775-4457-96c8-94071a26a1ce/om/data/db.snapshots/checkpointState/om.db-63a07328-8438-4dd8-a812-13237d25973c in 41 milliseconds
2025-10-16 19:49:06,999 | INFO  | OMAudit | user=runner | ip=127.0.0.1 | op=REMOVE_ACL {"resourceType":"bucket","storageType":"ozone","volume":"1635ed80-b1ea-4228-81c2-03d6287c7353","bucket":"fa1f0d3f-c9ef-451c-8368-761fb89ca4d9","key":null,"acl":"[group:runner:rl[ACCESS]]","Transaction":"1590"} | ret=SUCCESS |  
2025-10-16 19:49:07,002 | INFO  | OMAudit | user=runner | ip=127.0.0.1 | op=GET_ACL {"resourceType":"bucket","storageType":"ozone","volume":"1635ed80-b1ea-4228-81c2-03d6287c7353","bucket":"fa1f0d3f-c9ef-451c-8368-761fb89ca4d9","key":null} | ret=SUCCESS |  
2025-10-16 19:49:07,004 | INFO  | OMAudit | user=runner | ip=127.0.0.1 | op=ADD_ACL {"resourceType":"bucket","storageType":"ozone","volume":"1635ed80-b1ea-4228-81c2-03d6287c7353","bucket":"fa1f0d3f-c9ef-451c-8368-761fb89ca4d9","key":null,"acl":"[user:runner:a[ACCESS]]","Transaction":"1591"} | ret=SUCCESS |  
2025-10-16 19:49:07,005 | INFO  | OMAudit | user=runner | ip=127.0.0.1 | op=GET_ACL {"resourceType":"bucket","storageType":"ozone","volume":"1635ed80-b1ea-4228-81c2-03d6287c7353","bucket":"fa1f0d3f-c9ef-451c-8368-761fb89ca4d9","key":null} | ret=SUCCESS |  
2025-10-16 19:49:07,007 | INFO  | OMAudit | user=runner | ip=127.0.0.1 | op=ADD_ACL {"resourceType":"bucket","storageType":"ozone","volume":"1635ed80-b1ea-4228-81c2-03d6287c7353","bucket":"fa1f0d3f-c9ef-451c-8368-761fb89ca4d9","key":null,"acl":"[group:runner:rl[ACCESS]]","Transaction":"1592"} | ret=SUCCESS |  
2025-10-16 19:49:07,008 | INFO  | OMAudit | user=runner | ip=127.0.0.1 | op=GET_ACL {"resourceType":"bucket","storageType":"ozone","volume":"1635ed80-b1ea-4228-81c2-03d6287c7353","bucket":"fa1f0d3f-c9ef-451c-8368-761fb89ca4d9","key":null} | ret=SUCCESS |  
2025-10-16 19:49:07,010 | INFO  | OMAudit | user=runner | ip=127.0.0.1 | op=GET_ACL {"resourceType":"bucket","storageType":"ozone","volume":"1635ed80-b1ea-4228-81c2-03d6287c7353","bucket":"fa1f0d3f-c9ef-451c-8368-761fb89ca4d9","key":null} | ret=SUCCESS |  
2025-10-16 19:49:07,018 | INFO  | OMAudit | user=runner | ip=127.0.0.1 | op=SET_ACL {"resourceType":"bucket","storageType":"ozone","volume":"1635ed80-b1ea-4228-81c2-03d6287c7353","bucket":"fa1f0d3f-c9ef-451c-8368-761fb89ca4d9","key":null,"acl":"[user:userx:x[ACCESS], group:userx:a[ACCESS]]","Transaction":"1593"} | ret=SUCCESS |  
2025-10-16 19:49:07,020 | INFO  | OMAudit | user=runner | ip=127.0.0.1 | op=GET_ACL {"resourceType":"bucket","storageType":"ozone","volume":"1635ed80-b1ea-4228-81c2-03d6287c7353","bucket":"fa1f0d3f-c9ef-451c-8368-761fb89ca4d9","key":null} | ret=SUCCESS |  
2025-10-16 19:49:07,022 | INFO  | OMAudit | user=runner | ip=127.0.0.1 | op=ADD_ACL {"resourceType":"volume","storageType":"ozone","volume":"1635ed80-b1ea-4228-81c2-03d6287c7353","bucket":null,"key":null,"acl":"[user:remoteUser:r[DEFAULT]]","Transaction":"1594"} | ret=SUCCESS |  
2025-10-16 19:49:07,023 | INFO  | OMAudit | user=runner | ip=127.0.0.1 | op=ADD_ACL {"resourceType":"volume","storageType":"ozone","volume":"1635ed80-b1ea-4228-81c2-03d6287c7353","bucket":null,"key":null,"acl":"[group:remoteGroup:r[DEFAULT]]","Transaction":"1595"} | ret=SUCCESS |  
2025-10-16 19:49:07,024 [om1-OMDoubleBufferFlushThread] INFO  om.OmSnapshotManager (OmSnapshotManager.java:createOmSnapshotCheckpoint(545)) - Created checkpoint: /home/runner/work/ozone/ozone/hadoop-ozone/integration-test/target/test-dir/MiniOzoneClusterImpl-e7911277-7775-4457-96c8-94071a26a1ce/om/data/db.snapshots/checkpointState/om.db-63a07328-8438-4dd8-a812-13237d25973c for snapshot /vol-b-85804/buc-b-43844/snapshot-b-8-88418
2025-10-16 19:49:07,027 | INFO  | OMAudit | user=runner | ip=127.0.0.1 | op=DELETE_BUCKET {"volume":"1635ed80-b1ea-4228-81c2-03d6287c7353","bucket":"fa1f0d3f-c9ef-451c-8368-761fb89ca4d9","Transaction":"1596"} | ret=SUCCESS |  
2025-10-16 19:49:07,028 [ForkJoinPool-1-worker-1] INFO  rpc.RpcClient (RpcClient.java:createBucket(686)) - Creating Bucket: 1635ed80-b1ea-4228-81c2-03d6287c7353/fa1f0d3f-c9ef-451c-8368-761fb89ca4d9, with server-side default bucket layout, runner as owner, Versioning false, Storage Type set to DISK and Encryption set to false, Replication Type set to server-side default replication type, Namespace Quota set to -1, Space Quota set to -1 
2025-10-16 19:49:07,030 [om1-OMStateMachineApplyTransactionThread - 0] INFO  bucket.OMBucketCreateRequest (OMBucketCreateRequest.java:validateAndUpdateCache(303)) - created bucket: fa1f0d3f-c9ef-451c-8368-761fb89ca4d9 of layout FILE_SYSTEM_OPTIMIZED in volume: 1635ed80-b1ea-4228-81c2-03d6287c7353
2025-10-16 19:49:07,030 | INFO  | OMAudit | user=runner | ip=127.0.0.1 | op=CREATE_BUCKET {"volume":"1635ed80-b1ea-4228-81c2-03d6287c7353","bucket":"fa1f0d3f-c9ef-451c-8368-761fb89ca4d9","bucketLayout":"FILE_SYSTEM_OPTIMIZED","gdprEnabled":null,"acls":"[user:runner:a[ACCESS], group:runner:rl[ACCESS], user:remoteUser:r[ACCESS], group:remoteGroup:r[ACCESS]]","isVersionEnabled":"false","storageType":"DISK","creationTime":"1760644147029","bucketEncryptionKey":null,"modificationTime":"1760644147029","usedBytes":"0","usedNamespace":"0","snapshotUsedBytes":"0","snapshotUsedNamespace":"0","owner":"runner","replicationType":null,"replicationConfig":null,"quotaInBytes":"-1","quotaInNamespace":"-1","Transaction":"1597"} | ret=SUCCESS |  
2025-10-16 19:49:07,031 | INFO  | OMAudit | user=runner | ip=127.0.0.1 | op=GET_ACL {"resourceType":"volume","storageType":"ozone","volume":"1635ed80-b1ea-4228-81c2-03d6287c7353","bucket":null,"key":null} | ret=SUCCESS |  
2025-10-16 19:49:07,034 | INFO  | OMAudit | user=runner | ip=127.0.0.1 | op=GET_ACL {"resourceType":"bucket","storageType":"ozone","volume":"1635ed80-b1ea-4228-81c2-03d6287c7353","bucket":"fa1f0d3f-c9ef-451c-8368-761fb89ca4d9","key":null} | ret=SUCCESS |  
]]></system-out>
  </testcase>
  <testcase name="testNativeAclsForKey" classname="org.apache.hadoop.ozone.client.rpc.TestSecureOzoneRpcClient" time="0.201">
    <system-out><![CDATA[2025-10-16 19:49:07,036 [ForkJoinPool-1-worker-1] INFO  rpc.RpcClient (RpcClient.java:createVolume(461)) - Creating Volume: 11777ff6-7d4f-481e-ada1-81a3de7be112, with runner as owner and space quota set to -1 bytes, counts quota set to -1
2025-10-16 19:49:07,040 [om1-OMStateMachineApplyTransactionThread - 0] INFO  volume.OMVolumeCreateRequest (OMVolumeCreateRequest.java:validateAndUpdateCache(213)) - created volume:11777ff6-7d4f-481e-ada1-81a3de7be112 for user:runner
2025-10-16 19:49:07,040 | INFO  | OMAudit | user=runner | ip=127.0.0.1 | op=CREATE_VOLUME {"admin":"runner","owner":"runner","volume":"11777ff6-7d4f-481e-ada1-81a3de7be112","creationTime":"1760644147038","modificationTime":"1760644147038","quotaInBytes":"-1","quotaInNamespace":"-1","usedNamespace":"0","objectID":"-9223372036854366720","updateID":"1598","Transaction":"1598"} | ret=SUCCESS |  
2025-10-16 19:49:07,041 | INFO  | OMAudit | user=runner | ip=127.0.0.1 | op=READ_VOLUME {"volume":"11777ff6-7d4f-481e-ada1-81a3de7be112"} | ret=SUCCESS |  
2025-10-16 19:49:07,042 [ForkJoinPool-1-worker-1] INFO  rpc.RpcClient (RpcClient.java:createBucket(686)) - Creating Bucket: 11777ff6-7d4f-481e-ada1-81a3de7be112/2b1f5bdc-6ed7-4b86-bd40-f5d2dfda3e94, with server-side default bucket layout, runner as owner, Versioning false, Storage Type set to DISK and Encryption set to false, Replication Type set to server-side default replication type, Namespace Quota set to -1, Space Quota set to -1 
2025-10-16 19:49:07,043 [om1-OMStateMachineApplyTransactionThread - 0] INFO  bucket.OMBucketCreateRequest (OMBucketCreateRequest.java:validateAndUpdateCache(303)) - created bucket: 2b1f5bdc-6ed7-4b86-bd40-f5d2dfda3e94 of layout FILE_SYSTEM_OPTIMIZED in volume: 11777ff6-7d4f-481e-ada1-81a3de7be112
2025-10-16 19:49:07,043 | INFO  | OMAudit | user=runner | ip=127.0.0.1 | op=CREATE_BUCKET {"volume":"11777ff6-7d4f-481e-ada1-81a3de7be112","bucket":"2b1f5bdc-6ed7-4b86-bd40-f5d2dfda3e94","bucketLayout":"FILE_SYSTEM_OPTIMIZED","gdprEnabled":null,"acls":"[user:runner:a[ACCESS], group:runner:rl[ACCESS]]","isVersionEnabled":"false","storageType":"DISK","creationTime":"1760644147043","bucketEncryptionKey":null,"modificationTime":"1760644147043","usedBytes":"0","usedNamespace":"0","snapshotUsedBytes":"0","snapshotUsedNamespace":"0","owner":"runner","replicationType":null,"replicationConfig":null,"quotaInBytes":"-1","quotaInNamespace":"-1","Transaction":"1599"} | ret=SUCCESS |  
2025-10-16 19:49:07,045 | INFO  | OMAudit | user=runner | ip=127.0.0.1 | op=READ_BUCKET {"volume":"11777ff6-7d4f-481e-ada1-81a3de7be112","bucket":"2b1f5bdc-6ed7-4b86-bd40-f5d2dfda3e94"} | ret=SUCCESS |  
2025-10-16 19:49:07,050 | INFO  | OMAudit | user=runner | ip=127.0.0.1 | op=READ_BUCKET {"volume":"11777ff6-7d4f-481e-ada1-81a3de7be112","bucket":"2b1f5bdc-6ed7-4b86-bd40-f5d2dfda3e94"} | ret=SUCCESS |  
2025-10-16 19:49:07,051 | INFO  | SCMAudit | user=runner | ip=127.0.0.1 | op=ALLOCATE_BLOCK {"replication":"RATIS/ONE","owner":"omServiceIdDefault","size":"4194304","sampleBlocks":"[conID: 12 locID: 115816896921600422]","num":"1","client":"","allocated":"1"} | ret=SUCCESS |  
2025-10-16 19:49:07,058 | INFO  | OMAudit | user=runner | ip=127.0.0.1 | op=ALLOCATE_KEY {"volume":"11777ff6-7d4f-481e-ada1-81a3de7be112","bucket":"2b1f5bdc-6ed7-4b86-bd40-f5d2dfda3e94","key":"dir1/dir27f628497-4e33-4857-aedb-a4b54c1a42cc","dataSize":"2298","replicationType":"RATIS","replicationFactor":"ONE","Transaction":"1600"} | ret=SUCCESS |  
2025-10-16 19:49:07,071 | INFO  | OMAudit | user=runner | ip=127.0.0.1 | op=COMMIT_KEY {"volume":"11777ff6-7d4f-481e-ada1-81a3de7be112","bucket":"2b1f5bdc-6ed7-4b86-bd40-f5d2dfda3e94","key":"dir1/dir27f628497-4e33-4857-aedb-a4b54c1a42cc","dataSize":"2298","replicationType":"RATIS","replicationFactor":"ONE","Transaction":"1601"} | ret=SUCCESS |  
2025-10-16 19:49:07,073 [om1-OMDoubleBufferFlushThread] INFO  db.RDBCheckpointManager (RDBCheckpointManager.java:createCheckpoint(87)) - Created checkpoint in rocksDB at /home/runner/work/ozone/ozone/hadoop-ozone/integration-test/target/test-dir/MiniOzoneClusterImpl-e7911277-7775-4457-96c8-94071a26a1ce/om/data/db.snapshots/checkpointState/om.db-fb172642-8848-402b-96f3-1608bf812bbb in 47 milliseconds
2025-10-16 19:49:07,076 | INFO  | OMAudit | user=runner | ip=127.0.0.1 | op=READ_BUCKET {"volume":"11777ff6-7d4f-481e-ada1-81a3de7be112","bucket":"2b1f5bdc-6ed7-4b86-bd40-f5d2dfda3e94"} | ret=SUCCESS |  
2025-10-16 19:49:07,076 | INFO  | SCMAudit | user=runner | ip=127.0.0.1 | op=ALLOCATE_BLOCK {"replication":"RATIS/ONE","owner":"omServiceIdDefault","size":"4194304","sampleBlocks":"[conID: 8 locID: 115816896921600423]","num":"1","client":"","allocated":"1"} | ret=SUCCESS |  
2025-10-16 19:49:07,079 | INFO  | OMAudit | user=runner | ip=127.0.0.1 | op=ALLOCATE_KEY {"volume":"11777ff6-7d4f-481e-ada1-81a3de7be112","bucket":"2b1f5bdc-6ed7-4b86-bd40-f5d2dfda3e94","key":"dir1/dir2de885d78-2145-4d26-9529-9cc73167b2d2","dataSize":"2260","replicationType":"RATIS","replicationFactor":"ONE","Transaction":"1602"} | ret=SUCCESS |  
2025-10-16 19:49:07,093 | INFO  | OMAudit | user=runner | ip=127.0.0.1 | op=COMMIT_KEY {"volume":"11777ff6-7d4f-481e-ada1-81a3de7be112","bucket":"2b1f5bdc-6ed7-4b86-bd40-f5d2dfda3e94","key":"dir1/dir2de885d78-2145-4d26-9529-9cc73167b2d2","dataSize":"2260","replicationType":"RATIS","replicationFactor":"ONE","Transaction":"1603"} | ret=SUCCESS |  
2025-10-16 19:49:07,100 [om1-OMDoubleBufferFlushThread] INFO  om.OmSnapshotManager (OmSnapshotManager.java:createOmSnapshotCheckpoint(545)) - Created checkpoint: /home/runner/work/ozone/ozone/hadoop-ozone/integration-test/target/test-dir/MiniOzoneClusterImpl-e7911277-7775-4457-96c8-94071a26a1ce/om/data/db.snapshots/checkpointState/om.db-fb172642-8848-402b-96f3-1608bf812bbb for snapshot /vol-a-85441/buc-a-13854/snapshot-b-9-54571
2025-10-16 19:49:07,120 | INFO  | SCMAudit | user=runner | ip=127.0.0.1 | op=SEND_HEARTBEAT {"datanodeUUID":"c0724e9c-0dd4-4d47-992c-7bfe285fdd38","term":"2","command":"[]"} | ret=SUCCESS |  
2025-10-16 19:49:07,121 | INFO  | SCMAudit | user=runner | ip=127.0.0.1 | op=SEND_HEARTBEAT {"datanodeUUID":"e33e6ec4-6b66-4281-bedd-2bd75bd30070","term":"2","command":"[]"} | ret=SUCCESS |  
2025-10-16 19:49:07,121 | INFO  | SCMAudit | user=runner | ip=127.0.0.1 | op=SEND_HEARTBEAT {"datanodeUUID":"8a3c3252-9afe-4d3a-8492-25be6557678a","term":"2","command":"[]"} | ret=SUCCESS |  
2025-10-16 19:49:07,121 | INFO  | OMAudit | user=runner | ip=127.0.0.1 | op=ADD_ACL {"resourceType":"key","storageType":"ozone","volume":"11777ff6-7d4f-481e-ada1-81a3de7be112","bucket":"2b1f5bdc-6ed7-4b86-bd40-f5d2dfda3e94","key":"dir1/dir27f628497-4e33-4857-aedb-a4b54c1a42cc","acl":"[user:runner:x[ACCESS]]","Transaction":"1604"} | ret=SUCCESS |  
2025-10-16 19:49:07,125 | INFO  | SCMAudit | user=runner | ip=127.0.0.1 | op=SEND_HEARTBEAT {"datanodeUUID":"aa213937-adc5-47da-a770-0ee1e4664344","term":"2","command":"[]"} | ret=SUCCESS |  
2025-10-16 19:49:07,125 | INFO  | SCMAudit | user=runner | ip=127.0.0.1 | op=SEND_HEARTBEAT {"datanodeUUID":"8a0fa2ff-b550-4652-b2fe-0cf91cd4a157","term":"2","command":"[]"} | ret=SUCCESS |  
2025-10-16 19:49:07,127 | INFO  | OMAudit | user=runner | ip=127.0.0.1 | op=GET_ACL {"resourceType":"key","storageType":"ozone","volume":"11777ff6-7d4f-481e-ada1-81a3de7be112","bucket":"2b1f5bdc-6ed7-4b86-bd40-f5d2dfda3e94","key":"dir1/dir27f628497-4e33-4857-aedb-a4b54c1a42cc"} | ret=SUCCESS |  
2025-10-16 19:49:07,130 | INFO  | SCMAudit | user=runner | ip=127.0.0.1 | op=SEND_HEARTBEAT {"datanodeUUID":"58cff6b7-b2a7-446b-a75a-bb98ad6b11b8","term":"2","command":"[]"} | ret=SUCCESS |  
2025-10-16 19:49:07,131 | INFO  | OMAudit | user=runner | ip=127.0.0.1 | op=GET_ACL {"resourceType":"key","storageType":"ozone","volume":"11777ff6-7d4f-481e-ada1-81a3de7be112","bucket":"2b1f5bdc-6ed7-4b86-bd40-f5d2dfda3e94","key":"dir1/dir27f628497-4e33-4857-aedb-a4b54c1a42cc"} | ret=SUCCESS |  
2025-10-16 19:49:07,134 | INFO  | OMAudit | user=runner | ip=127.0.0.1 | op=REMOVE_ACL {"resourceType":"key","storageType":"ozone","volume":"11777ff6-7d4f-481e-ada1-81a3de7be112","bucket":"2b1f5bdc-6ed7-4b86-bd40-f5d2dfda3e94","key":"dir1/dir27f628497-4e33-4857-aedb-a4b54c1a42cc","acl":"[user:runner:x[ACCESS]]","Transaction":"1605"} | ret=SUCCESS |  
2025-10-16 19:49:07,136 | INFO  | OMAudit | user=runner | ip=127.0.0.1 | op=GET_ACL {"resourceType":"key","storageType":"ozone","volume":"11777ff6-7d4f-481e-ada1-81a3de7be112","bucket":"2b1f5bdc-6ed7-4b86-bd40-f5d2dfda3e94","key":"dir1/dir27f628497-4e33-4857-aedb-a4b54c1a42cc"} | ret=SUCCESS |  
2025-10-16 19:49:07,137 | INFO  | SCMAudit | user=runner | ip=127.0.0.1 | op=SEND_HEARTBEAT {"datanodeUUID":"0428ab3f-efd5-438e-ae11-9ec242443260","term":"2","command":"[]"} | ret=SUCCESS |  
2025-10-16 19:49:07,139 | INFO  | SCMAudit | user=runner | ip=127.0.0.1 | op=SEND_HEARTBEAT {"datanodeUUID":"e072d245-7694-4d97-8e20-c503ebf8c2fe","term":"2","command":"[]"} | ret=SUCCESS |  
2025-10-16 19:49:07,138 | INFO  | OMAudit | user=runner | ip=127.0.0.1 | op=GET_ACL {"resourceType":"key","storageType":"ozone","volume":"11777ff6-7d4f-481e-ada1-81a3de7be112","bucket":"2b1f5bdc-6ed7-4b86-bd40-f5d2dfda3e94","key":"dir1/dir27f628497-4e33-4857-aedb-a4b54c1a42cc"} | ret=SUCCESS |  
2025-10-16 19:49:07,140 | INFO  | OMAudit | user=runner | ip=127.0.0.1 | op=GET_ACL {"resourceType":"key","storageType":"ozone","volume":"11777ff6-7d4f-481e-ada1-81a3de7be112","bucket":"2b1f5bdc-6ed7-4b86-bd40-f5d2dfda3e94","key":"dir1/dir27f628497-4e33-4857-aedb-a4b54c1a42cc"} | ret=SUCCESS |  
2025-10-16 19:49:07,143 | INFO  | OMAudit | user=runner | ip=127.0.0.1 | op=REMOVE_ACL {"resourceType":"key","storageType":"ozone","volume":"11777ff6-7d4f-481e-ada1-81a3de7be112","bucket":"2b1f5bdc-6ed7-4b86-bd40-f5d2dfda3e94","key":"dir1/dir27f628497-4e33-4857-aedb-a4b54c1a42cc","acl":"[user:runner:a[ACCESS]]","Transaction":"1606"} | ret=SUCCESS |  
2025-10-16 19:49:07,145 | INFO  | OMAudit | user=runner | ip=127.0.0.1 | op=REMOVE_ACL {"resourceType":"key","storageType":"ozone","volume":"11777ff6-7d4f-481e-ada1-81a3de7be112","bucket":"2b1f5bdc-6ed7-4b86-bd40-f5d2dfda3e94","key":"dir1/dir27f628497-4e33-4857-aedb-a4b54c1a42cc","acl":"[group:runner:rl[ACCESS]]","Transaction":"1607"} | ret=SUCCESS |  
2025-10-16 19:49:07,146 | INFO  | OMAudit | user=runner | ip=127.0.0.1 | op=GET_ACL {"resourceType":"key","storageType":"ozone","volume":"11777ff6-7d4f-481e-ada1-81a3de7be112","bucket":"2b1f5bdc-6ed7-4b86-bd40-f5d2dfda3e94","key":"dir1/dir27f628497-4e33-4857-aedb-a4b54c1a42cc"} | ret=SUCCESS |  
2025-10-16 19:49:07,147 [om1-OMDoubleBufferFlushThread] INFO  db.RDBCheckpointManager (RDBCheckpointManager.java:createCheckpoint(87)) - Created checkpoint in rocksDB at /home/runner/work/ozone/ozone/hadoop-ozone/integration-test/target/test-dir/MiniOzoneClusterImpl-e7911277-7775-4457-96c8-94071a26a1ce/om/data/db.snapshots/checkpointState/om.db-fddccb85-4347-4f7a-a052-e1dd6afaaca6 in 46 milliseconds
2025-10-16 19:49:07,148 | INFO  | OMAudit | user=runner | ip=127.0.0.1 | op=ADD_ACL {"resourceType":"key","storageType":"ozone","volume":"11777ff6-7d4f-481e-ada1-81a3de7be112","bucket":"2b1f5bdc-6ed7-4b86-bd40-f5d2dfda3e94","key":"dir1/dir27f628497-4e33-4857-aedb-a4b54c1a42cc","acl":"[user:runner:a[ACCESS]]","Transaction":"1608"} | ret=SUCCESS |  
2025-10-16 19:49:07,150 | INFO  | OMAudit | user=runner | ip=127.0.0.1 | op=GET_ACL {"resourceType":"key","storageType":"ozone","volume":"11777ff6-7d4f-481e-ada1-81a3de7be112","bucket":"2b1f5bdc-6ed7-4b86-bd40-f5d2dfda3e94","key":"dir1/dir27f628497-4e33-4857-aedb-a4b54c1a42cc"} | ret=SUCCESS |  
2025-10-16 19:49:07,151 | INFO  | OMAudit | user=runner | ip=127.0.0.1 | op=ADD_ACL {"resourceType":"key","storageType":"ozone","volume":"11777ff6-7d4f-481e-ada1-81a3de7be112","bucket":"2b1f5bdc-6ed7-4b86-bd40-f5d2dfda3e94","key":"dir1/dir27f628497-4e33-4857-aedb-a4b54c1a42cc","acl":"[group:runner:rl[ACCESS]]","Transaction":"1609"} | ret=SUCCESS |  
2025-10-16 19:49:07,152 | INFO  | OMAudit | user=runner | ip=127.0.0.1 | op=GET_ACL {"resourceType":"key","storageType":"ozone","volume":"11777ff6-7d4f-481e-ada1-81a3de7be112","bucket":"2b1f5bdc-6ed7-4b86-bd40-f5d2dfda3e94","key":"dir1/dir27f628497-4e33-4857-aedb-a4b54c1a42cc"} | ret=SUCCESS |  
2025-10-16 19:49:07,153 | INFO  | OMAudit | user=runner | ip=127.0.0.1 | op=GET_ACL {"resourceType":"key","storageType":"ozone","volume":"11777ff6-7d4f-481e-ada1-81a3de7be112","bucket":"2b1f5bdc-6ed7-4b86-bd40-f5d2dfda3e94","key":"dir1/dir27f628497-4e33-4857-aedb-a4b54c1a42cc"} | ret=SUCCESS |  
2025-10-16 19:49:07,156 | INFO  | OMAudit | user=runner | ip=127.0.0.1 | op=SET_ACL {"resourceType":"key","storageType":"ozone","volume":"11777ff6-7d4f-481e-ada1-81a3de7be112","bucket":"2b1f5bdc-6ed7-4b86-bd40-f5d2dfda3e94","key":"dir1/dir27f628497-4e33-4857-aedb-a4b54c1a42cc","acl":"[user:userx:x[ACCESS], group:userx:a[ACCESS]]","Transaction":"1610"} | ret=SUCCESS |  
2025-10-16 19:49:07,157 | INFO  | OMAudit | user=runner | ip=127.0.0.1 | op=GET_ACL {"resourceType":"key","storageType":"ozone","volume":"11777ff6-7d4f-481e-ada1-81a3de7be112","bucket":"2b1f5bdc-6ed7-4b86-bd40-f5d2dfda3e94","key":"dir1/dir27f628497-4e33-4857-aedb-a4b54c1a42cc"} | ret=SUCCESS |  
2025-10-16 19:49:07,159 | INFO  | OMAudit | user=runner | ip=127.0.0.1 | op=ADD_ACL {"resourceType":"bucket","storageType":"ozone","volume":"11777ff6-7d4f-481e-ada1-81a3de7be112","bucket":"2b1f5bdc-6ed7-4b86-bd40-f5d2dfda3e94","key":null,"acl":"[user:remoteUser:r[DEFAULT]]","Transaction":"1611"} | ret=SUCCESS |  
2025-10-16 19:49:07,161 | INFO  | OMAudit | user=runner | ip=127.0.0.1 | op=ADD_ACL {"resourceType":"bucket","storageType":"ozone","volume":"11777ff6-7d4f-481e-ada1-81a3de7be112","bucket":"2b1f5bdc-6ed7-4b86-bd40-f5d2dfda3e94","key":null,"acl":"[group:remoteGroup:r[DEFAULT]]","Transaction":"1612"} | ret=SUCCESS |  
2025-10-16 19:49:07,163 | INFO  | OMAudit | user=runner | ip=127.0.0.1 | op=DELETE_KEY {"volume":"11777ff6-7d4f-481e-ada1-81a3de7be112","bucket":"2b1f5bdc-6ed7-4b86-bd40-f5d2dfda3e94","key":"dir1/dir27f628497-4e33-4857-aedb-a4b54c1a42cc","dataSize":"2298","replicationConfig":"RATIS/ONE","Transaction":"1613"} | ret=SUCCESS |  
2025-10-16 19:49:07,167 | INFO  | OMAudit | user=runner | ip=127.0.0.1 | op=READ_BUCKET {"volume":"11777ff6-7d4f-481e-ada1-81a3de7be112","bucket":"2b1f5bdc-6ed7-4b86-bd40-f5d2dfda3e94"} | ret=SUCCESS |  
2025-10-16 19:49:07,167 | INFO  | SCMAudit | user=runner | ip=127.0.0.1 | op=ALLOCATE_BLOCK {"replication":"RATIS/ONE","owner":"omServiceIdDefault","size":"4194304","sampleBlocks":"[conID: 7 locID: 115816896921600424]","num":"1","client":"","allocated":"1"} | ret=SUCCESS |  
2025-10-16 19:49:07,169 | INFO  | OMAudit | user=runner | ip=127.0.0.1 | op=ALLOCATE_KEY {"volume":"11777ff6-7d4f-481e-ada1-81a3de7be112","bucket":"2b1f5bdc-6ed7-4b86-bd40-f5d2dfda3e94","key":"dir1/dir27f628497-4e33-4857-aedb-a4b54c1a42cc","dataSize":"2294","replicationType":"RATIS","replicationFactor":"ONE","Transaction":"1614"} | ret=SUCCESS |  
2025-10-16 19:49:07,178 [om1-OMDoubleBufferFlushThread] INFO  om.OmSnapshotManager (OmSnapshotManager.java:createOmSnapshotCheckpoint(545)) - Created checkpoint: /home/runner/work/ozone/ozone/hadoop-ozone/integration-test/target/test-dir/MiniOzoneClusterImpl-e7911277-7775-4457-96c8-94071a26a1ce/om/data/db.snapshots/checkpointState/om.db-fddccb85-4347-4f7a-a052-e1dd6afaaca6 for snapshot /vol-a-85441/buc-b-43844/snapshot-b-9-62326
2025-10-16 19:49:07,182 | INFO  | OMAudit | user=runner | ip=127.0.0.1 | op=COMMIT_KEY {"volume":"11777ff6-7d4f-481e-ada1-81a3de7be112","bucket":"2b1f5bdc-6ed7-4b86-bd40-f5d2dfda3e94","key":"dir1/dir27f628497-4e33-4857-aedb-a4b54c1a42cc","dataSize":"2294","replicationType":"RATIS","replicationFactor":"ONE","Transaction":"1615"} | ret=SUCCESS |  
2025-10-16 19:49:07,184 | INFO  | OMAudit | user=runner | ip=127.0.0.1 | op=GET_ACL {"resourceType":"bucket","storageType":"ozone","volume":"11777ff6-7d4f-481e-ada1-81a3de7be112","bucket":"2b1f5bdc-6ed7-4b86-bd40-f5d2dfda3e94","key":null} | ret=SUCCESS |  
2025-10-16 19:49:07,186 | INFO  | OMAudit | user=runner | ip=127.0.0.1 | op=GET_ACL {"resourceType":"key","storageType":"ozone","volume":"11777ff6-7d4f-481e-ada1-81a3de7be112","bucket":"2b1f5bdc-6ed7-4b86-bd40-f5d2dfda3e94","key":"dir1/dir27f628497-4e33-4857-aedb-a4b54c1a42cc"} | ret=SUCCESS |  
2025-10-16 19:49:07,212 | INFO  | OMAudit | user=runner | ip=127.0.0.1 | op=SET_ACL {"resourceType":"prefix","storageType":"ozone","volume":"11777ff6-7d4f-481e-ada1-81a3de7be112","bucket":"2b1f5bdc-6ed7-4b86-bd40-f5d2dfda3e94","key":"dir1/","acl":"[user:runner:a[ACCESS], group:runner:rl[ACCESS]]","Transaction":"1616"} | ret=SUCCESS |  
2025-10-16 19:49:07,213 | INFO  | OMAudit | user=runner | ip=127.0.0.1 | op=GET_ACL {"resourceType":"prefix","storageType":"ozone","volume":"11777ff6-7d4f-481e-ada1-81a3de7be112","bucket":"2b1f5bdc-6ed7-4b86-bd40-f5d2dfda3e94","key":"dir1/"} | ret=SUCCESS |  
2025-10-16 19:49:07,216 | INFO  | OMAudit | user=runner | ip=127.0.0.1 | op=REMOVE_ACL {"resourceType":"prefix","storageType":"ozone","volume":"11777ff6-7d4f-481e-ada1-81a3de7be112","bucket":"2b1f5bdc-6ed7-4b86-bd40-f5d2dfda3e94","key":"dir1/","acl":"[user:remoteUser:r[ACCESS]]","Transaction":"1617"} | ret=SUCCESS |  
2025-10-16 19:49:07,217 | INFO  | OMAudit | user=runner | ip=127.0.0.1 | op=REMOVE_ACL {"resourceType":"prefix","storageType":"ozone","volume":"11777ff6-7d4f-481e-ada1-81a3de7be112","bucket":"2b1f5bdc-6ed7-4b86-bd40-f5d2dfda3e94","key":"dir1/","acl":"[group:remoteGroup:r[ACCESS]]","Transaction":"1618"} | ret=SUCCESS |  
2025-10-16 19:49:07,218 [om1-OMDoubleBufferFlushThread] INFO  db.RDBCheckpointManager (RDBCheckpointManager.java:createCheckpoint(87)) - Created checkpoint in rocksDB at /home/runner/work/ozone/ozone/hadoop-ozone/integration-test/target/test-dir/MiniOzoneClusterImpl-e7911277-7775-4457-96c8-94071a26a1ce/om/data/db.snapshots/checkpointState/om.db-815750ef-caf0-4624-ad60-103020974c90 in 36 milliseconds
2025-10-16 19:49:07,219 | INFO  | OMAudit | user=runner | ip=127.0.0.1 | op=ADD_ACL {"resourceType":"prefix","storageType":"ozone","volume":"11777ff6-7d4f-481e-ada1-81a3de7be112","bucket":"2b1f5bdc-6ed7-4b86-bd40-f5d2dfda3e94","key":"dir1/","acl":"user:remoteUser:r[DEFAULT]","Transaction":"1619"} | ret=SUCCESS |  
2025-10-16 19:49:07,221 | INFO  | OMAudit | user=runner | ip=127.0.0.1 | op=ADD_ACL {"resourceType":"prefix","storageType":"ozone","volume":"11777ff6-7d4f-481e-ada1-81a3de7be112","bucket":"2b1f5bdc-6ed7-4b86-bd40-f5d2dfda3e94","key":"dir1/","acl":"group:remoteGroup:r[DEFAULT]","Transaction":"1620"} | ret=SUCCESS |  
2025-10-16 19:49:07,223 | INFO  | OMAudit | user=runner | ip=127.0.0.1 | op=DELETE_KEY {"volume":"11777ff6-7d4f-481e-ada1-81a3de7be112","bucket":"2b1f5bdc-6ed7-4b86-bd40-f5d2dfda3e94","key":"dir1/dir27f628497-4e33-4857-aedb-a4b54c1a42cc","dataSize":"2294","replicationConfig":"RATIS/ONE","Transaction":"1621"} | ret=SUCCESS |  
2025-10-16 19:49:07,225 | INFO  | OMAudit | user=runner | ip=127.0.0.1 | op=READ_BUCKET {"volume":"11777ff6-7d4f-481e-ada1-81a3de7be112","bucket":"2b1f5bdc-6ed7-4b86-bd40-f5d2dfda3e94"} | ret=SUCCESS |  
2025-10-16 19:49:07,225 | INFO  | SCMAudit | user=runner | ip=127.0.0.1 | op=ALLOCATE_BLOCK {"replication":"RATIS/ONE","owner":"omServiceIdDefault","size":"4194304","sampleBlocks":"[conID: 12 locID: 115816896921600425]","num":"1","client":"","allocated":"1"} | ret=SUCCESS |  
2025-10-16 19:49:07,228 | INFO  | OMAudit | user=runner | ip=127.0.0.1 | op=ALLOCATE_KEY {"volume":"11777ff6-7d4f-481e-ada1-81a3de7be112","bucket":"2b1f5bdc-6ed7-4b86-bd40-f5d2dfda3e94","key":"dir1/dir27f628497-4e33-4857-aedb-a4b54c1a42cc","dataSize":"2283","replicationType":"RATIS","replicationFactor":"ONE","Transaction":"1622"} | ret=SUCCESS |  
2025-10-16 19:49:07,233 | INFO  | OMAudit | user=runner | ip=127.0.0.1 | op=COMMIT_KEY {"volume":"11777ff6-7d4f-481e-ada1-81a3de7be112","bucket":"2b1f5bdc-6ed7-4b86-bd40-f5d2dfda3e94","key":"dir1/dir27f628497-4e33-4857-aedb-a4b54c1a42cc","dataSize":"2283","replicationType":"RATIS","replicationFactor":"ONE","Transaction":"1623"} | ret=SUCCESS |  
2025-10-16 19:49:07,234 | INFO  | OMAudit | user=runner | ip=127.0.0.1 | op=GET_ACL {"resourceType":"prefix","storageType":"ozone","volume":"11777ff6-7d4f-481e-ada1-81a3de7be112","bucket":"2b1f5bdc-6ed7-4b86-bd40-f5d2dfda3e94","key":"dir1/"} | ret=SUCCESS |  
2025-10-16 19:49:07,235 | INFO  | OMAudit | user=runner | ip=127.0.0.1 | op=GET_ACL {"resourceType":"key","storageType":"ozone","volume":"11777ff6-7d4f-481e-ada1-81a3de7be112","bucket":"2b1f5bdc-6ed7-4b86-bd40-f5d2dfda3e94","key":"dir1/dir27f628497-4e33-4857-aedb-a4b54c1a42cc"} | ret=SUCCESS |  
]]></system-out>
  </testcase>
  <testcase name="testNativeAclsForPrefix" classname="org.apache.hadoop.ozone.client.rpc.TestSecureOzoneRpcClient" time="0.123">
    <system-out><![CDATA[2025-10-16 19:49:07,237 [ForkJoinPool-1-worker-1] INFO  rpc.RpcClient (RpcClient.java:createVolume(461)) - Creating Volume: b55e526d-0666-4e40-a603-7dc7c6ad5dbd, with runner as owner and space quota set to -1 bytes, counts quota set to -1
2025-10-16 19:49:07,239 [om1-OMDoubleBufferFlushThread] INFO  om.OmSnapshotManager (OmSnapshotManager.java:createOmSnapshotCheckpoint(545)) - Created checkpoint: /home/runner/work/ozone/ozone/hadoop-ozone/integration-test/target/test-dir/MiniOzoneClusterImpl-e7911277-7775-4457-96c8-94071a26a1ce/om/data/db.snapshots/checkpointState/om.db-815750ef-caf0-4624-ad60-103020974c90 for snapshot /vol-b-85804/buc-a-13854/snapshot-b-9-06354
2025-10-16 19:49:07,240 [om1-OMStateMachineApplyTransactionThread - 0] INFO  volume.OMVolumeCreateRequest (OMVolumeCreateRequest.java:validateAndUpdateCache(213)) - created volume:b55e526d-0666-4e40-a603-7dc7c6ad5dbd for user:runner
2025-10-16 19:49:07,240 | INFO  | OMAudit | user=runner | ip=127.0.0.1 | op=CREATE_VOLUME {"admin":"runner","owner":"runner","volume":"b55e526d-0666-4e40-a603-7dc7c6ad5dbd","creationTime":"1760644147238","modificationTime":"1760644147238","quotaInBytes":"-1","quotaInNamespace":"-1","usedNamespace":"0","objectID":"-9223372036854360064","updateID":"1624","Transaction":"1624"} | ret=SUCCESS |  
2025-10-16 19:49:07,242 | INFO  | OMAudit | user=runner | ip=127.0.0.1 | op=READ_VOLUME {"volume":"b55e526d-0666-4e40-a603-7dc7c6ad5dbd"} | ret=SUCCESS |  
2025-10-16 19:49:07,243 [ForkJoinPool-1-worker-1] INFO  rpc.RpcClient (RpcClient.java:createBucket(686)) - Creating Bucket: b55e526d-0666-4e40-a603-7dc7c6ad5dbd/3296081a-3580-49e6-bbbc-f937e03a681c, with server-side default bucket layout, runner as owner, Versioning false, Storage Type set to DISK and Encryption set to false, Replication Type set to server-side default replication type, Namespace Quota set to -1, Space Quota set to -1 
2025-10-16 19:49:07,244 [om1-OMStateMachineApplyTransactionThread - 0] INFO  bucket.OMBucketCreateRequest (OMBucketCreateRequest.java:validateAndUpdateCache(303)) - created bucket: 3296081a-3580-49e6-bbbc-f937e03a681c of layout FILE_SYSTEM_OPTIMIZED in volume: b55e526d-0666-4e40-a603-7dc7c6ad5dbd
2025-10-16 19:49:07,245 | INFO  | OMAudit | user=runner | ip=127.0.0.1 | op=CREATE_BUCKET {"volume":"b55e526d-0666-4e40-a603-7dc7c6ad5dbd","bucket":"3296081a-3580-49e6-bbbc-f937e03a681c","bucketLayout":"FILE_SYSTEM_OPTIMIZED","gdprEnabled":null,"acls":"[user:runner:a[ACCESS], group:runner:rl[ACCESS]]","isVersionEnabled":"false","storageType":"DISK","creationTime":"1760644147244","bucketEncryptionKey":null,"modificationTime":"1760644147244","usedBytes":"0","usedNamespace":"0","snapshotUsedBytes":"0","snapshotUsedNamespace":"0","owner":"runner","replicationType":null,"replicationConfig":null,"quotaInBytes":"-1","quotaInNamespace":"-1","Transaction":"1625"} | ret=SUCCESS |  
2025-10-16 19:49:07,246 | INFO  | OMAudit | user=runner | ip=127.0.0.1 | op=READ_BUCKET {"volume":"b55e526d-0666-4e40-a603-7dc7c6ad5dbd","bucket":"3296081a-3580-49e6-bbbc-f937e03a681c"} | ret=SUCCESS |  
2025-10-16 19:49:07,249 | INFO  | OMAudit | user=runner | ip=127.0.0.1 | op=READ_BUCKET {"volume":"b55e526d-0666-4e40-a603-7dc7c6ad5dbd","bucket":"3296081a-3580-49e6-bbbc-f937e03a681c"} | ret=SUCCESS |  
2025-10-16 19:49:07,250 | INFO  | SCMAudit | user=runner | ip=127.0.0.1 | op=ALLOCATE_BLOCK {"replication":"RATIS/ONE","owner":"omServiceIdDefault","size":"4194304","sampleBlocks":"[conID: 1 locID: 115816896921600426]","num":"1","client":"","allocated":"1"} | ret=SUCCESS |  
2025-10-16 19:49:07,253 | INFO  | OMAudit | user=runner | ip=127.0.0.1 | op=ALLOCATE_KEY {"volume":"b55e526d-0666-4e40-a603-7dc7c6ad5dbd","bucket":"3296081a-3580-49e6-bbbc-f937e03a681c","key":"PF757de5d0-f74a-4c0d-b647-2c2a1ec6dc9c/KEY64e227f5-b5bd-47df-b498-8ef78344b998","dataSize":"2260","replicationType":"RATIS","replicationFactor":"ONE","Transaction":"1626"} | ret=SUCCESS |  
2025-10-16 19:49:07,260 | INFO  | OMAudit | user=runner | ip=127.0.0.1 | op=COMMIT_KEY {"volume":"b55e526d-0666-4e40-a603-7dc7c6ad5dbd","bucket":"3296081a-3580-49e6-bbbc-f937e03a681c","key":"PF757de5d0-f74a-4c0d-b647-2c2a1ec6dc9c/KEY64e227f5-b5bd-47df-b498-8ef78344b998","dataSize":"2260","replicationType":"RATIS","replicationFactor":"ONE","Transaction":"1627"} | ret=SUCCESS |  
2025-10-16 19:49:07,264 | INFO  | OMAudit | user=runner | ip=127.0.0.1 | op=READ_BUCKET {"volume":"b55e526d-0666-4e40-a603-7dc7c6ad5dbd","bucket":"3296081a-3580-49e6-bbbc-f937e03a681c"} | ret=SUCCESS |  
2025-10-16 19:49:07,265 | INFO  | SCMAudit | user=runner | ip=127.0.0.1 | op=ALLOCATE_BLOCK {"replication":"RATIS/ONE","owner":"omServiceIdDefault","size":"4194304","sampleBlocks":"[conID: 27 locID: 115816896921600427]","num":"1","client":"","allocated":"1"} | ret=SUCCESS |  
2025-10-16 19:49:07,268 | INFO  | OMAudit | user=runner | ip=127.0.0.1 | op=ALLOCATE_KEY {"volume":"b55e526d-0666-4e40-a603-7dc7c6ad5dbd","bucket":"3296081a-3580-49e6-bbbc-f937e03a681c","key":"PFf5d6ef0a-a44e-4213-a332-c6aab94783b6/KEY21ef4481-f5d7-435d-8bda-698cb422e58e","dataSize":"2285","replicationType":"RATIS","replicationFactor":"ONE","Transaction":"1628"} | ret=SUCCESS |  
2025-10-16 19:49:07,279 | INFO  | OMAudit | user=runner | ip=127.0.0.1 | op=COMMIT_KEY {"volume":"b55e526d-0666-4e40-a603-7dc7c6ad5dbd","bucket":"3296081a-3580-49e6-bbbc-f937e03a681c","key":"PFf5d6ef0a-a44e-4213-a332-c6aab94783b6/KEY21ef4481-f5d7-435d-8bda-698cb422e58e","dataSize":"2285","replicationType":"RATIS","replicationFactor":"ONE","Transaction":"1629"} | ret=SUCCESS |  
2025-10-16 19:49:07,282 | INFO  | OMAudit | user=runner | ip=127.0.0.1 | op=ADD_ACL {"resourceType":"prefix","storageType":"ozone","volume":"b55e526d-0666-4e40-a603-7dc7c6ad5dbd","bucket":"3296081a-3580-49e6-bbbc-f937e03a681c","key":"PF757de5d0-f74a-4c0d-b647-2c2a1ec6dc9c/","acl":"user:user1:r[ACCESS]","Transaction":"1630"} | ret=SUCCESS |  
2025-10-16 19:49:07,283 | INFO  | OMAudit | user=runner | ip=127.0.0.1 | op=GET_ACL {"resourceType":"prefix","storageType":"ozone","volume":"b55e526d-0666-4e40-a603-7dc7c6ad5dbd","bucket":"3296081a-3580-49e6-bbbc-f937e03a681c","key":"PF757de5d0-f74a-4c0d-b647-2c2a1ec6dc9c/"} | ret=SUCCESS |  
2025-10-16 19:49:07,285 [om1-OMDoubleBufferFlushThread] INFO  db.RDBCheckpointManager (RDBCheckpointManager.java:createCheckpoint(87)) - Created checkpoint in rocksDB at /home/runner/work/ozone/ozone/hadoop-ozone/integration-test/target/test-dir/MiniOzoneClusterImpl-e7911277-7775-4457-96c8-94071a26a1ce/om/data/db.snapshots/checkpointState/om.db-eb75ea9c-fbcb-4e90-ab17-bc8623cc18fa in 44 milliseconds
2025-10-16 19:49:07,287 | INFO  | OMAudit | user=runner | ip=127.0.0.1 | op=REMOVE_ACL {"resourceType":"prefix","storageType":"ozone","volume":"b55e526d-0666-4e40-a603-7dc7c6ad5dbd","bucket":"3296081a-3580-49e6-bbbc-f937e03a681c","key":"PF757de5d0-f74a-4c0d-b647-2c2a1ec6dc9c/","acl":"[user:user1:r[ACCESS]]","Transaction":"1631"} | ret=SUCCESS |  
2025-10-16 19:49:07,289 | INFO  | OMAudit | user=runner | ip=127.0.0.1 | op=GET_ACL {"resourceType":"prefix","storageType":"ozone","volume":"b55e526d-0666-4e40-a603-7dc7c6ad5dbd","bucket":"3296081a-3580-49e6-bbbc-f937e03a681c","key":"PF757de5d0-f74a-4c0d-b647-2c2a1ec6dc9c/"} | ret=SUCCESS |  
2025-10-16 19:49:07,293 | INFO  | OMAudit | user=runner | ip=127.0.0.1 | op=SET_ACL {"resourceType":"prefix","storageType":"ozone","volume":"b55e526d-0666-4e40-a603-7dc7c6ad5dbd","bucket":"3296081a-3580-49e6-bbbc-f937e03a681c","key":"PF757de5d0-f74a-4c0d-b647-2c2a1ec6dc9c/","acl":"[user:user1:r[ACCESS], group:group1:a[ACCESS]]","Transaction":"1632"} | ret=SUCCESS |  
2025-10-16 19:49:07,295 | INFO  | OMAudit | user=runner | ip=127.0.0.1 | op=GET_ACL {"resourceType":"prefix","storageType":"ozone","volume":"b55e526d-0666-4e40-a603-7dc7c6ad5dbd","bucket":"3296081a-3580-49e6-bbbc-f937e03a681c","key":"PF757de5d0-f74a-4c0d-b647-2c2a1ec6dc9c/"} | ret=SUCCESS |  
2025-10-16 19:49:07,297 | INFO  | OMAudit | user=runner | ip=127.0.0.1 | op=ADD_ACL {"resourceType":"prefix","storageType":"ozone","volume":"b55e526d-0666-4e40-a603-7dc7c6ad5dbd","bucket":"3296081a-3580-49e6-bbbc-f937e03a681c","key":"PF757de5d0-f74a-4c0d-b647-2c2a1ec6dc9c/","acl":"user:remoteUser:r[DEFAULT]","Transaction":"1633"} | ret=SUCCESS |  
2025-10-16 19:49:07,300 | INFO  | OMAudit | user=runner | ip=127.0.0.1 | op=ADD_ACL {"resourceType":"prefix","storageType":"ozone","volume":"b55e526d-0666-4e40-a603-7dc7c6ad5dbd","bucket":"3296081a-3580-49e6-bbbc-f937e03a681c","key":"PF757de5d0-f74a-4c0d-b647-2c2a1ec6dc9c/","acl":"group:remoteGroup:r[DEFAULT]","Transaction":"1634"} | ret=SUCCESS |  
2025-10-16 19:49:07,303 | INFO  | OMAudit | user=runner | ip=127.0.0.1 | op=DELETE_KEY {"volume":"b55e526d-0666-4e40-a603-7dc7c6ad5dbd","bucket":"3296081a-3580-49e6-bbbc-f937e03a681c","key":"PF757de5d0-f74a-4c0d-b647-2c2a1ec6dc9c/KEY64e227f5-b5bd-47df-b498-8ef78344b998","dataSize":"2260","replicationConfig":"RATIS/ONE","Transaction":"1635"} | ret=SUCCESS |  
2025-10-16 19:49:07,307 | INFO  | OMAudit | user=runner | ip=127.0.0.1 | op=READ_BUCKET {"volume":"b55e526d-0666-4e40-a603-7dc7c6ad5dbd","bucket":"3296081a-3580-49e6-bbbc-f937e03a681c"} | ret=SUCCESS |  
2025-10-16 19:49:07,308 | INFO  | SCMAudit | user=runner | ip=127.0.0.1 | op=ALLOCATE_BLOCK {"replication":"RATIS/ONE","owner":"omServiceIdDefault","size":"4194304","sampleBlocks":"[conID: 13 locID: 115816896921600428]","num":"1","client":"","allocated":"1"} | ret=SUCCESS |  
2025-10-16 19:49:07,310 | INFO  | SCMAudit | user=runner | ip=127.0.0.1 | op=SEND_HEARTBEAT {"datanodeUUID":"76d4ba71-5bbb-4b24-8f51-8bc7f78aaca4","term":"2","command":"[]"} | ret=SUCCESS |  
2025-10-16 19:49:07,311 | INFO  | SCMAudit | user=runner | ip=127.0.0.1 | op=SEND_HEARTBEAT {"datanodeUUID":"764b18f0-81c5-439a-9fff-25adc4f241fa","term":"2","command":"[]"} | ret=SUCCESS |  
2025-10-16 19:49:07,312 | INFO  | OMAudit | user=runner | ip=127.0.0.1 | op=ALLOCATE_KEY {"volume":"b55e526d-0666-4e40-a603-7dc7c6ad5dbd","bucket":"3296081a-3580-49e6-bbbc-f937e03a681c","key":"PF757de5d0-f74a-4c0d-b647-2c2a1ec6dc9c/KEY64e227f5-b5bd-47df-b498-8ef78344b998","dataSize":"2282","replicationType":"RATIS","replicationFactor":"ONE","Transaction":"1636"} | ret=SUCCESS |  
2025-10-16 19:49:07,324 | INFO  | OMAudit | user=runner | ip=127.0.0.1 | op=COMMIT_KEY {"volume":"b55e526d-0666-4e40-a603-7dc7c6ad5dbd","bucket":"3296081a-3580-49e6-bbbc-f937e03a681c","key":"PF757de5d0-f74a-4c0d-b647-2c2a1ec6dc9c/KEY64e227f5-b5bd-47df-b498-8ef78344b998","dataSize":"2282","replicationType":"RATIS","replicationFactor":"ONE","Transaction":"1637"} | ret=SUCCESS |  
2025-10-16 19:49:07,324 [om1-OMDoubleBufferFlushThread] INFO  om.OmSnapshotManager (OmSnapshotManager.java:createOmSnapshotCheckpoint(545)) - Created checkpoint: /home/runner/work/ozone/ozone/hadoop-ozone/integration-test/target/test-dir/MiniOzoneClusterImpl-e7911277-7775-4457-96c8-94071a26a1ce/om/data/db.snapshots/checkpointState/om.db-eb75ea9c-fbcb-4e90-ab17-bc8623cc18fa for snapshot /vol-b-85804/buc-b-43844/snapshot-b-9-13476
2025-10-16 19:49:07,328 | INFO  | OMAudit | user=runner | ip=127.0.0.1 | op=GET_ACL {"resourceType":"prefix","storageType":"ozone","volume":"b55e526d-0666-4e40-a603-7dc7c6ad5dbd","bucket":"3296081a-3580-49e6-bbbc-f937e03a681c","key":"PF757de5d0-f74a-4c0d-b647-2c2a1ec6dc9c/"} | ret=SUCCESS |  
2025-10-16 19:49:07,329 | INFO  | OMAudit | user=runner | ip=127.0.0.1 | op=GET_ACL {"resourceType":"key","storageType":"ozone","volume":"b55e526d-0666-4e40-a603-7dc7c6ad5dbd","bucket":"3296081a-3580-49e6-bbbc-f937e03a681c","key":"PF757de5d0-f74a-4c0d-b647-2c2a1ec6dc9c/KEY64e227f5-b5bd-47df-b498-8ef78344b998"} | ret=SUCCESS |  
2025-10-16 19:49:07,331 | INFO  | OMAudit | user=runner | ip=127.0.0.1 | op=ADD_ACL {"resourceType":"prefix","storageType":"ozone","volume":"b55e526d-0666-4e40-a603-7dc7c6ad5dbd","bucket":"3296081a-3580-49e6-bbbc-f937e03a681c","key":"PFf5d6ef0a-a44e-4213-a332-c6aab94783b6/","acl":"user:remoteUser:r[DEFAULT]","Transaction":"1638"} | ret=SUCCESS |  
2025-10-16 19:49:07,335 | INFO  | OMAudit | user=runner | ip=127.0.0.1 | op=ADD_ACL {"resourceType":"prefix","storageType":"ozone","volume":"b55e526d-0666-4e40-a603-7dc7c6ad5dbd","bucket":"3296081a-3580-49e6-bbbc-f937e03a681c","key":"PFf5d6ef0a-a44e-4213-a332-c6aab94783b6/","acl":"group:remoteGroup:r[DEFAULT]","Transaction":"1639"} | ret=SUCCESS |  
2025-10-16 19:49:07,339 | INFO  | OMAudit | user=runner | ip=127.0.0.1 | op=DELETE_KEY {"volume":"b55e526d-0666-4e40-a603-7dc7c6ad5dbd","bucket":"3296081a-3580-49e6-bbbc-f937e03a681c","key":"PF757de5d0-f74a-4c0d-b647-2c2a1ec6dc9c/KEY64e227f5-b5bd-47df-b498-8ef78344b998","dataSize":"2282","replicationConfig":"RATIS/ONE","Transaction":"1640"} | ret=SUCCESS |  
2025-10-16 19:49:07,341 | INFO  | OMAudit | user=runner | ip=127.0.0.1 | op=READ_BUCKET {"volume":"b55e526d-0666-4e40-a603-7dc7c6ad5dbd","bucket":"3296081a-3580-49e6-bbbc-f937e03a681c"} | ret=SUCCESS |  
2025-10-16 19:49:07,343 | INFO  | SCMAudit | user=runner | ip=127.0.0.1 | op=ALLOCATE_BLOCK {"replication":"RATIS/ONE","owner":"omServiceIdDefault","size":"4194304","sampleBlocks":"[conID: 2 locID: 115816896921600429]","num":"1","client":"","allocated":"1"} | ret=SUCCESS |  
2025-10-16 19:49:07,346 | INFO  | OMAudit | user=runner | ip=127.0.0.1 | op=ALLOCATE_KEY {"volume":"b55e526d-0666-4e40-a603-7dc7c6ad5dbd","bucket":"3296081a-3580-49e6-bbbc-f937e03a681c","key":"PF757de5d0-f74a-4c0d-b647-2c2a1ec6dc9c/KEY64e227f5-b5bd-47df-b498-8ef78344b998","dataSize":"2255","replicationType":"RATIS","replicationFactor":"ONE","Transaction":"1641"} | ret=SUCCESS |  
2025-10-16 19:49:07,354 | INFO  | OMAudit | user=runner | ip=127.0.0.1 | op=COMMIT_KEY {"volume":"b55e526d-0666-4e40-a603-7dc7c6ad5dbd","bucket":"3296081a-3580-49e6-bbbc-f937e03a681c","key":"PF757de5d0-f74a-4c0d-b647-2c2a1ec6dc9c/KEY64e227f5-b5bd-47df-b498-8ef78344b998","dataSize":"2255","replicationType":"RATIS","replicationFactor":"ONE","Transaction":"1642"} | ret=SUCCESS |  
2025-10-16 19:49:07,359 | INFO  | OMAudit | user=runner | ip=127.0.0.1 | op=GET_ACL {"resourceType":"prefix","storageType":"ozone","volume":"b55e526d-0666-4e40-a603-7dc7c6ad5dbd","bucket":"3296081a-3580-49e6-bbbc-f937e03a681c","key":"PFf5d6ef0a-a44e-4213-a332-c6aab94783b6/"} | ret=SUCCESS |  
2025-10-16 19:49:07,360 | INFO  | OMAudit | user=runner | ip=127.0.0.1 | op=GET_ACL {"resourceType":"key","storageType":"ozone","volume":"b55e526d-0666-4e40-a603-7dc7c6ad5dbd","bucket":"3296081a-3580-49e6-bbbc-f937e03a681c","key":"PF757de5d0-f74a-4c0d-b647-2c2a1ec6dc9c/KEY64e227f5-b5bd-47df-b498-8ef78344b998"} | ret=SUCCESS |  
]]></system-out>
  </testcase>
  <testcase name="testNativeAclsForVolume" classname="org.apache.hadoop.ozone.client.rpc.TestSecureOzoneRpcClient" time="0.054">
    <system-out><![CDATA[2025-10-16 19:49:07,363 [ForkJoinPool-1-worker-1] INFO  rpc.RpcClient (RpcClient.java:createVolume(461)) - Creating Volume: e33acf73-df64-41ff-9c3b-d8dda15b4b73, with runner as owner and space quota set to -1 bytes, counts quota set to -1
2025-10-16 19:49:07,365 [om1-OMStateMachineApplyTransactionThread - 0] INFO  volume.OMVolumeCreateRequest (OMVolumeCreateRequest.java:validateAndUpdateCache(213)) - created volume:e33acf73-df64-41ff-9c3b-d8dda15b4b73 for user:runner
2025-10-16 19:49:07,366 | INFO  | OMAudit | user=runner | ip=127.0.0.1 | op=CREATE_VOLUME {"admin":"runner","owner":"runner","volume":"e33acf73-df64-41ff-9c3b-d8dda15b4b73","creationTime":"1760644147365","modificationTime":"1760644147365","quotaInBytes":"-1","quotaInNamespace":"-1","usedNamespace":"0","objectID":"-9223372036854355200","updateID":"1643","Transaction":"1643"} | ret=SUCCESS |  
2025-10-16 19:49:07,388 | INFO  | OMAudit | user=runner | ip=127.0.0.1 | op=ADD_ACL {"resourceType":"volume","storageType":"ozone","volume":"e33acf73-df64-41ff-9c3b-d8dda15b4b73","bucket":null,"key":null,"acl":"[user:runner:x[ACCESS]]","Transaction":"1644"} | ret=SUCCESS |  
2025-10-16 19:49:07,389 | INFO  | OMAudit | user=runner | ip=127.0.0.1 | op=GET_ACL {"resourceType":"volume","storageType":"ozone","volume":"e33acf73-df64-41ff-9c3b-d8dda15b4b73","bucket":null,"key":null} | ret=SUCCESS |  
2025-10-16 19:49:07,390 | INFO  | OMAudit | user=runner | ip=127.0.0.1 | op=GET_ACL {"resourceType":"volume","storageType":"ozone","volume":"e33acf73-df64-41ff-9c3b-d8dda15b4b73","bucket":null,"key":null} | ret=SUCCESS |  
2025-10-16 19:49:07,392 | INFO  | OMAudit | user=runner | ip=127.0.0.1 | op=REMOVE_ACL {"resourceType":"volume","storageType":"ozone","volume":"e33acf73-df64-41ff-9c3b-d8dda15b4b73","bucket":null,"key":null,"acl":"[user:runner:x[ACCESS]]","Transaction":"1645"} | ret=SUCCESS |  
2025-10-16 19:49:07,393 | INFO  | OMAudit | user=runner | ip=127.0.0.1 | op=GET_ACL {"resourceType":"volume","storageType":"ozone","volume":"e33acf73-df64-41ff-9c3b-d8dda15b4b73","bucket":null,"key":null} | ret=SUCCESS |  
2025-10-16 19:49:07,394 | INFO  | OMAudit | user=runner | ip=127.0.0.1 | op=GET_ACL {"resourceType":"volume","storageType":"ozone","volume":"e33acf73-df64-41ff-9c3b-d8dda15b4b73","bucket":null,"key":null} | ret=SUCCESS |  
2025-10-16 19:49:07,396 | INFO  | OMAudit | user=runner | ip=127.0.0.1 | op=GET_ACL {"resourceType":"volume","storageType":"ozone","volume":"e33acf73-df64-41ff-9c3b-d8dda15b4b73","bucket":null,"key":null} | ret=SUCCESS |  
2025-10-16 19:49:07,397 [om1-KeyDeletingService#7] INFO  service.KeyDeletingService (KeyDeletingService.java:processKeyDeletes(151)) - Send 3 key(s) to SCM, first 3 keys: [PurgedKey{blockGroup=BlockGroup[groupID='/98b7752d-37f6-459b-bc2a-a8dcd80ef3a6/47f179ca-5159-46f0-936d-7c3a3356a497/72bc8bb7-65f7-48cf-8744-11026e73bf1a/0199ee91-967d-75b2-b041-d1e903363074-115385574537101641/-9223372036854434047/0', blockIDs=[conID: 26 locID: 115816896921600354 bcsId: 0 replicaIndex: null, conID: 26 locID: 115816896921600355 bcsId: 0 replicaIndex: null, conID: 22 locID: 115816896921600356 bcsId: 0 replicaIndex: null]], volume='98b7752d-37f6-459b-bc2a-a8dcd80ef3a6', bucket='47f179ca-5159-46f0-936d-7c3a3356a497', bucketId=-9223372036854434304, purgedBytes=18874476, isCommittedKey=false, deleteKeyName='/98b7752d-37f6-459b-bc2a-a8dcd80ef3a6/47f179ca-5159-46f0-936d-7c3a3356a497/72bc8bb7-65f7-48cf-8744-11026e73bf1a/0199ee91-967d-75b2-b041-d1e903363074-115385574537101641/-9223372036854434047'}, PurgedKey{blockGroup=BlockGroup[groupID='/74846bea-5381-4362-8849-9276543b8dd3/f9359961-e25f-4e28-adf6-b889fa549917/2706bf33-ab95-4866-b7ac-c543b6bced1c/0199ee91-914e-720c-8848-b7379e8f75f5-115385574450135353/-9223372036854448383/0', blockIDs=[conID: 13 locID: 115816896921600334 bcsId: 0 replicaIndex: null, conID: 3 locID: 115816896921600335 bcsId: 0 replicaIndex: null, conID: 10 locID: 115816896921600336 bcsId: 0 replicaIndex: null, conID: 6 locID: 115816896921600337 bcsId: 0 replicaIndex: null, conID: 11 locID: 115816896921600338 bcsId: 0 replicaIndex: null]], volume='74846bea-5381-4362-8849-9276543b8dd3', bucket='f9359961-e25f-4e28-adf6-b889fa549917', bucketId=-9223372036854448640, purgedBytes=10485796, isCommittedKey=false, deleteKeyName='/74846bea-5381-4362-8849-9276543b8dd3/f9359961-e25f-4e28-adf6-b889fa549917/2706bf33-ab95-4866-b7ac-c543b6bced1c/0199ee91-914e-720c-8848-b7379e8f75f5-115385574450135353/-9223372036854448383'}, PurgedKey{blockGroup=BlockGroup[groupID='/297dd2f2-e9f1-4871-9f1e-128dab63a05d/93c6f05f-ec1c-4292-965d-a27c9184f851/13c7be52-bc03-49e1-a6c5-f423374d3abc/0199ee91-93b0-7910-ac57-d5fe237570b2-115385574490112321/-9223372036854441215/0', blockIDs=[conID: 19 locID: 115816896921600344 bcsId: 0 replicaIndex: null, conID: 18 locID: 115816896921600345 bcsId: 0 replicaIndex: null, conID: 19 locID: 115816896921600346 bcsId: 0 replicaIndex: null, conID: 15 locID: 115816896921600347 bcsId: 0 replicaIndex: null, conID: 19 locID: 115816896921600348 bcsId: 0 replicaIndex: null]], volume='297dd2f2-e9f1-4871-9f1e-128dab63a05d', bucket='93c6f05f-ec1c-4292-965d-a27c9184f851', bucketId=-9223372036854441472, purgedBytes=31457388, isCommittedKey=false, deleteKeyName='/297dd2f2-e9f1-4871-9f1e-128dab63a05d/93c6f05f-ec1c-4292-965d-a27c9184f851/13c7be52-bc03-49e1-a6c5-f423374d3abc/0199ee91-93b0-7910-ac57-d5fe237570b2-115385574490112321/-9223372036854441215'}]
2025-10-16 19:49:07,402 | INFO  | OMAudit | user=runner | ip=127.0.0.1 | op=REMOVE_ACL {"resourceType":"volume","storageType":"ozone","volume":"e33acf73-df64-41ff-9c3b-d8dda15b4b73","bucket":null,"key":null,"acl":"[user:runner:a[ACCESS]]","Transaction":"1646"} | ret=SUCCESS |  
2025-10-16 19:49:07,404 | INFO  | SCMAudit | user=runner | ip=127.0.0.1 | op=DELETE_KEY_BLOCK {"KeyBlockToDelete":"[BlockGroup[groupID='/297dd2f2-e9f1-4871-9f1e-128dab63a05d/93c6f05f-ec1c-4292-965d-a27c9184f851/13c7be52-bc03-49e1-a6c5-f423374d3abc/0199ee91-93b0-7910-ac57-d5fe237570b2-115385574490112321/-9223372036854441215/0', blockIDs=[conID: 19 locID: 115816896921600344 bcsId: 0 replicaIndex: null, conID: 18 locID: 115816896921600345 bcsId: 0 replicaIndex: null, conID: 19 locID: 115816896921600346 bcsId: 0 replicaIndex: null, conID: 15 locID: 115816896921600347 bcsId: 0 replicaIndex: null, conID: 19 locID: 115816896921600348 bcsId: 0 replicaIndex: null]], BlockGroup[groupID='/74846bea-5381-4362-8849-9276543b8dd3/f9359961-e25f-4e28-adf6-b889fa549917/2706bf33-ab95-4866-b7ac-c543b6bced1c/0199ee91-914e-720c-8848-b7379e8f75f5-115385574450135353/-9223372036854448383/0', blockIDs=[conID: 13 locID: 115816896921600334 bcsId: 0 replicaIndex: null, conID: 3 locID: 115816896921600335 bcsId: 0 replicaIndex: null, conID: 10 locID: 115816896921600336 bcsId: 0 replicaIndex: null, conID: 6 locID: 115816896921600337 bcsId: 0 replicaIndex: null, conID: 11 locID: 115816896921600338 bcsId: 0 replicaIndex: null]], BlockGroup[groupID='/98b7752d-37f6-459b-bc2a-a8dcd80ef3a6/47f179ca-5159-46f0-936d-7c3a3356a497/72bc8bb7-65f7-48cf-8744-11026e73bf1a/0199ee91-967d-75b2-b041-d1e903363074-115385574537101641/-9223372036854434047/0', blockIDs=[conID: 26 locID: 115816896921600354 bcsId: 0 replicaIndex: null, conID: 26 locID: 115816896921600355 bcsId: 0 replicaIndex: null, conID: 22 locID: 115816896921600356 bcsId: 0 replicaIndex: null]]]"} | ret=SUCCESS |  
2025-10-16 19:49:07,404 | INFO  | OMAudit | user=runner | ip=127.0.0.1 | op=REMOVE_ACL {"resourceType":"volume","storageType":"ozone","volume":"e33acf73-df64-41ff-9c3b-d8dda15b4b73","bucket":null,"key":null,"acl":"[group:runner:rl[ACCESS]]","Transaction":"1647"} | ret=SUCCESS |  
2025-10-16 19:49:07,404 [om1-KeyDeletingService#7] INFO  service.KeyDeletingService (KeyDeletingService.java:processKeyDeletes(158)) - 3 BlockGroup deletion are acked by SCM in 7 ms
2025-10-16 19:49:07,406 | INFO  | OMAudit | user=runner | ip=127.0.0.1 | op=GET_ACL {"resourceType":"volume","storageType":"ozone","volume":"e33acf73-df64-41ff-9c3b-d8dda15b4b73","bucket":null,"key":null} | ret=SUCCESS |  
2025-10-16 19:49:07,406 [om1-KeyDeletingService#7] INFO  service.KeyDeletingService (KeyDeletingService.java:processKeyDeletes(166)) - Blocks for 3 (out of 3) keys are deleted from DB in 1 ms. Limit per task is 50000.
2025-10-16 19:49:07,408 | INFO  | OMAudit | user=runner | ip=127.0.0.1 | op=ADD_ACL {"resourceType":"volume","storageType":"ozone","volume":"e33acf73-df64-41ff-9c3b-d8dda15b4b73","bucket":null,"key":null,"acl":"[user:runner:a[ACCESS]]","Transaction":"1649"} | ret=SUCCESS |  
2025-10-16 19:49:07,409 | INFO  | OMAudit | user=runner | ip=127.0.0.1 | op=GET_ACL {"resourceType":"volume","storageType":"ozone","volume":"e33acf73-df64-41ff-9c3b-d8dda15b4b73","bucket":null,"key":null} | ret=SUCCESS |  
2025-10-16 19:49:07,411 | INFO  | OMAudit | user=runner | ip=127.0.0.1 | op=ADD_ACL {"resourceType":"volume","storageType":"ozone","volume":"e33acf73-df64-41ff-9c3b-d8dda15b4b73","bucket":null,"key":null,"acl":"[group:runner:rl[ACCESS]]","Transaction":"1650"} | ret=SUCCESS |  
2025-10-16 19:49:07,411 | INFO  | OMAudit | user=runner | ip=127.0.0.1 | op=GET_ACL {"resourceType":"volume","storageType":"ozone","volume":"e33acf73-df64-41ff-9c3b-d8dda15b4b73","bucket":null,"key":null} | ret=SUCCESS |  
2025-10-16 19:49:07,412 | INFO  | OMAudit | user=runner | ip=127.0.0.1 | op=GET_ACL {"resourceType":"volume","storageType":"ozone","volume":"e33acf73-df64-41ff-9c3b-d8dda15b4b73","bucket":null,"key":null} | ret=SUCCESS |  
2025-10-16 19:49:07,414 | INFO  | OMAudit | user=runner | ip=127.0.0.1 | op=SET_ACL {"resourceType":"volume","storageType":"ozone","volume":"e33acf73-df64-41ff-9c3b-d8dda15b4b73","bucket":null,"key":null,"acl":"[user:userx:x[ACCESS], group:userx:a[ACCESS]]","Transaction":"1651"} | ret=SUCCESS |  
2025-10-16 19:49:07,415 | INFO  | OMAudit | user=runner | ip=127.0.0.1 | op=GET_ACL {"resourceType":"volume","storageType":"ozone","volume":"e33acf73-df64-41ff-9c3b-d8dda15b4b73","bucket":null,"key":null} | ret=SUCCESS |  
]]></system-out>
  </testcase>
  <testcase name="testNoSuchUploadError" classname="org.apache.hadoop.ozone.client.rpc.TestSecureOzoneRpcClient" time="0.009">
    <system-out><![CDATA[2025-10-16 19:49:07,417 [ForkJoinPool-1-worker-1] INFO  rpc.RpcClient (RpcClient.java:createVolume(461)) - Creating Volume: 86abc88a-af82-43f6-acd0-77303445ac21, with runner as owner and space quota set to -1 bytes, counts quota set to -1
2025-10-16 19:49:07,418 [om1-OMStateMachineApplyTransactionThread - 0] INFO  volume.OMVolumeCreateRequest (OMVolumeCreateRequest.java:validateAndUpdateCache(213)) - created volume:86abc88a-af82-43f6-acd0-77303445ac21 for user:runner
2025-10-16 19:49:07,418 | INFO  | OMAudit | user=runner | ip=127.0.0.1 | op=CREATE_VOLUME {"admin":"runner","owner":"runner","volume":"86abc88a-af82-43f6-acd0-77303445ac21","creationTime":"1760644147417","modificationTime":"1760644147417","quotaInBytes":"-1","quotaInNamespace":"-1","usedNamespace":"0","objectID":"-9223372036854352896","updateID":"1652","Transaction":"1652"} | ret=SUCCESS |  
2025-10-16 19:49:07,419 | INFO  | OMAudit | user=runner | ip=127.0.0.1 | op=READ_VOLUME {"volume":"86abc88a-af82-43f6-acd0-77303445ac21"} | ret=SUCCESS |  
2025-10-16 19:49:07,420 [ForkJoinPool-1-worker-1] INFO  rpc.RpcClient (RpcClient.java:createBucket(686)) - Creating Bucket: 86abc88a-af82-43f6-acd0-77303445ac21/dfb22dd8-07f6-4b03-8d04-a28ea28e955f, with server-side default bucket layout, runner as owner, Versioning false, Storage Type set to DISK and Encryption set to false, Replication Type set to server-side default replication type, Namespace Quota set to -1, Space Quota set to -1 
2025-10-16 19:49:07,421 [om1-OMStateMachineApplyTransactionThread - 0] INFO  bucket.OMBucketCreateRequest (OMBucketCreateRequest.java:validateAndUpdateCache(303)) - created bucket: dfb22dd8-07f6-4b03-8d04-a28ea28e955f of layout FILE_SYSTEM_OPTIMIZED in volume: 86abc88a-af82-43f6-acd0-77303445ac21
2025-10-16 19:49:07,421 | INFO  | OMAudit | user=runner | ip=127.0.0.1 | op=CREATE_BUCKET {"volume":"86abc88a-af82-43f6-acd0-77303445ac21","bucket":"dfb22dd8-07f6-4b03-8d04-a28ea28e955f","bucketLayout":"FILE_SYSTEM_OPTIMIZED","gdprEnabled":null,"acls":"[user:runner:a[ACCESS], group:runner:rl[ACCESS]]","isVersionEnabled":"false","storageType":"DISK","creationTime":"1760644147420","bucketEncryptionKey":null,"modificationTime":"1760644147420","usedBytes":"0","usedNamespace":"0","snapshotUsedBytes":"0","snapshotUsedNamespace":"0","owner":"runner","replicationType":null,"replicationConfig":null,"quotaInBytes":"-1","quotaInNamespace":"-1","Transaction":"1653"} | ret=SUCCESS |  
2025-10-16 19:49:07,422 | INFO  | OMAudit | user=runner | ip=127.0.0.1 | op=READ_BUCKET {"volume":"86abc88a-af82-43f6-acd0-77303445ac21","bucket":"dfb22dd8-07f6-4b03-8d04-a28ea28e955f"} | ret=SUCCESS |  
2025-10-16 19:49:07,423 [IPC Server handler 3 on default port 15006] WARN  key.OMKeyRequest (OMKeyRequest.java:getFileEncryptionInfoForMpuKey(805)) - omKeyInfo not found. Key: /-9223372036854352896/-9223372036854352640/-9223372036854352640/cf9cb0be-38c9-4285-8719-509e8b3fc403/random. The upload id random may be invalid.
2025-10-16 19:49:07,424 [om1-OMStateMachineApplyTransactionThread - 0] ERROR key.OMKeyCreateRequest (OMKeyCreateRequest.java:logResult(400)) - Key creation failed. Volume:86abc88a-af82-43f6-acd0-77303445ac21, Bucket:dfb22dd8-07f6-4b03-8d04-a28ea28e955f, Key:cf9cb0be-38c9-4285-8719-509e8b3fc403. 
NO_SUCH_MULTIPART_UPLOAD_ERROR org.apache.hadoop.ozone.om.exceptions.OMException: No such Multipart upload is with specified uploadId random
	at org.apache.hadoop.ozone.om.request.key.OMKeyRequest.prepareMultipartFileInfo(OMKeyRequest.java:1102)
	at org.apache.hadoop.ozone.om.request.key.OMKeyRequest.prepareFileInfo(OMKeyRequest.java:961)
	at org.apache.hadoop.ozone.om.request.key.OMKeyCreateRequestWithFSO.validateAndUpdateCache(OMKeyCreateRequestWithFSO.java:154)
	at org.apache.hadoop.ozone.protocolPB.OzoneManagerRequestHandler.lambda$0(OzoneManagerRequestHandler.java:418)
	at org.apache.hadoop.ozone.util.MetricUtil.captureLatencyNs(MetricUtil.java:45)
	at org.apache.hadoop.ozone.protocolPB.OzoneManagerRequestHandler.handleWriteRequestImpl(OzoneManagerRequestHandler.java:416)
	at org.apache.hadoop.ozone.protocolPB.RequestHandler.handleWriteRequest(RequestHandler.java:62)
	at org.apache.hadoop.ozone.om.ratis.OzoneManagerStateMachine.runCommand(OzoneManagerStateMachine.java:599)
	at org.apache.hadoop.ozone.om.ratis.OzoneManagerStateMachine.lambda$3(OzoneManagerStateMachine.java:415)
	at java.base/java.util.concurrent.CompletableFuture$AsyncSupply.run(CompletableFuture.java:1768)
	at java.base/java.util.concurrent.ThreadPoolExecutor.runWorker(ThreadPoolExecutor.java:1144)
	at java.base/java.util.concurrent.ThreadPoolExecutor$Worker.run(ThreadPoolExecutor.java:642)
	at java.base/java.lang.Thread.run(Thread.java:1583)
2025-10-16 19:49:07,425 | ERROR | OMAudit | user=runner | ip=127.0.0.1 | op=ALLOCATE_KEY {"volume":"86abc88a-af82-43f6-acd0-77303445ac21","bucket":"dfb22dd8-07f6-4b03-8d04-a28ea28e955f","key":"cf9cb0be-38c9-4285-8719-509e8b3fc403","dataSize":"12","Transaction":"1654"} | ret=FAILURE | 
org.apache.hadoop.ozone.om.exceptions.OMException: No such Multipart upload is with specified uploadId random
	at org.apache.hadoop.ozone.om.request.key.OMKeyRequest.prepareMultipartFileInfo(OMKeyRequest.java:1102)
	at org.apache.hadoop.ozone.om.request.key.OMKeyRequest.prepareFileInfo(OMKeyRequest.java:961)
 
]]></system-out>
  </testcase>
  <testcase name="testOMClientProxyProvider" classname="org.apache.hadoop.ozone.client.rpc.TestSecureOzoneRpcClient" time="0.001"/>
  <testcase name="testOverWriteKeyWithAndWithOutVersioning" classname="org.apache.hadoop.ozone.client.rpc.TestSecureOzoneRpcClient" time="0.981">
    <failure message="&#10;Expecting actual:&#10;  0&#10;to be greater than:&#10;  0&#10;" type="java.lang.AssertionError"><![CDATA[java.lang.AssertionError: 

Expecting actual:
  0
to be greater than:
  0

	at org.apache.hadoop.ozone.client.rpc.OzoneRpcClientTests.checkExceptedResultForVersioningTest(OzoneRpcClientTests.java:4659)
	at org.apache.hadoop.ozone.client.rpc.OzoneRpcClientTests.testOverWriteKeyWithAndWithOutVersioning(OzoneRpcClientTests.java:4682)
	at java.base/java.lang.reflect.Method.invoke(Method.java:580)
	at java.base/java.util.concurrent.ForkJoinTask.doExec(ForkJoinTask.java:387)
	at java.base/java.util.concurrent.ForkJoinPool$WorkQueue.topLevelExec(ForkJoinPool.java:1312)
	at java.base/java.util.concurrent.ForkJoinPool.scan(ForkJoinPool.java:1843)
	at java.base/java.util.concurrent.ForkJoinPool.runWorker(ForkJoinPool.java:1808)
	at java.base/java.util.concurrent.ForkJoinWorkerThread.run(ForkJoinWorkerThread.java:188)
]]></failure>
    <system-out><![CDATA[2025-10-16 19:49:07,427 [ForkJoinPool-1-worker-1] INFO  rpc.RpcClient (RpcClient.java:createVolume(461)) - Creating Volume: 8ff81410-1fd8-4e1a-a632-b9e87773f388, with runner as owner and space quota set to -1 bytes, counts quota set to -1
2025-10-16 19:49:07,429 [om1-OMStateMachineApplyTransactionThread - 0] INFO  volume.OMVolumeCreateRequest (OMVolumeCreateRequest.java:validateAndUpdateCache(213)) - created volume:8ff81410-1fd8-4e1a-a632-b9e87773f388 for user:runner
2025-10-16 19:49:07,429 | INFO  | OMAudit | user=runner | ip=127.0.0.1 | op=CREATE_VOLUME {"admin":"runner","owner":"runner","volume":"8ff81410-1fd8-4e1a-a632-b9e87773f388","creationTime":"1760644147428","modificationTime":"1760644147428","quotaInBytes":"-1","quotaInNamespace":"-1","usedNamespace":"0","objectID":"-9223372036854352128","updateID":"1655","Transaction":"1655"} | ret=SUCCESS |  
2025-10-16 19:49:07,429 | INFO  | OMAudit | user=runner | ip=127.0.0.1 | op=READ_VOLUME {"volume":"8ff81410-1fd8-4e1a-a632-b9e87773f388"} | ret=SUCCESS |  
2025-10-16 19:49:07,430 [ForkJoinPool-1-worker-1] INFO  rpc.RpcClient (RpcClient.java:createBucket(686)) - Creating Bucket: 8ff81410-1fd8-4e1a-a632-b9e87773f388/bc502553-add6-438c-9063-30ca1e2cf8a4, with bucket layout OBJECT_STORE, runner as owner, Versioning false, Storage Type set to DISK and Encryption set to false, Replication Type set to server-side default replication type, Namespace Quota set to -1, Space Quota set to -1 
2025-10-16 19:49:07,431 [om1-OMStateMachineApplyTransactionThread - 0] INFO  bucket.OMBucketCreateRequest (OMBucketCreateRequest.java:validateAndUpdateCache(303)) - created bucket: bc502553-add6-438c-9063-30ca1e2cf8a4 of layout OBJECT_STORE in volume: 8ff81410-1fd8-4e1a-a632-b9e87773f388
2025-10-16 19:49:07,431 | INFO  | OMAudit | user=runner | ip=127.0.0.1 | op=CREATE_BUCKET {"volume":"8ff81410-1fd8-4e1a-a632-b9e87773f388","bucket":"bc502553-add6-438c-9063-30ca1e2cf8a4","bucketLayout":"OBJECT_STORE","gdprEnabled":null,"acls":"[user:runner:a[ACCESS], group:runner:rl[ACCESS]]","isVersionEnabled":"false","storageType":"DISK","creationTime":"1760644147430","bucketEncryptionKey":null,"modificationTime":"1760644147430","usedBytes":"0","usedNamespace":"0","snapshotUsedBytes":"0","snapshotUsedNamespace":"0","owner":"runner","replicationType":null,"replicationConfig":null,"quotaInBytes":"-1","quotaInNamespace":"-1","Transaction":"1656"} | ret=SUCCESS |  
2025-10-16 19:49:07,432 | INFO  | OMAudit | user=runner | ip=127.0.0.1 | op=READ_BUCKET {"volume":"8ff81410-1fd8-4e1a-a632-b9e87773f388","bucket":"bc502553-add6-438c-9063-30ca1e2cf8a4"} | ret=SUCCESS |  
2025-10-16 19:49:07,433 | INFO  | OMAudit | user=runner | ip=127.0.0.1 | op=READ_BUCKET {"volume":"8ff81410-1fd8-4e1a-a632-b9e87773f388","bucket":"bc502553-add6-438c-9063-30ca1e2cf8a4"} | ret=SUCCESS |  
2025-10-16 19:49:07,436 | INFO  | SCMAudit | user=runner | ip=127.0.0.1 | op=ALLOCATE_BLOCK {"replication":"RATIS/THREE","owner":"omServiceIdDefault","size":"4194304","sampleBlocks":"[conID: 15 locID: 115816896921600430]","num":"1","client":"","allocated":"1"} | ret=SUCCESS |  
2025-10-16 19:49:07,439 | INFO  | OMAudit | user=runner | ip=127.0.0.1 | op=ALLOCATE_KEY {"volume":"8ff81410-1fd8-4e1a-a632-b9e87773f388","bucket":"bc502553-add6-438c-9063-30ca1e2cf8a4","key":"b6b929db-1dd0-4319-978d-22fcc30f469a","dataSize":"12","replicationType":"RATIS","replicationFactor":"THREE","Transaction":"1657"} | ret=SUCCESS |  
2025-10-16 19:49:07,454 | INFO  | OMAudit | user=runner | ip=127.0.0.1 | op=COMMIT_KEY {"volume":"8ff81410-1fd8-4e1a-a632-b9e87773f388","bucket":"bc502553-add6-438c-9063-30ca1e2cf8a4","key":"b6b929db-1dd0-4319-978d-22fcc30f469a","dataSize":"12","replicationType":"RATIS","replicationFactor":"THREE","Transaction":"1658"} | ret=SUCCESS |  
2025-10-16 19:49:07,455 | INFO  | OMAudit | user=runner | ip=127.0.0.1 | op=READ_BUCKET {"volume":"8ff81410-1fd8-4e1a-a632-b9e87773f388","bucket":"bc502553-add6-438c-9063-30ca1e2cf8a4"} | ret=SUCCESS |  
2025-10-16 19:49:07,456 | INFO  | SCMAudit | user=runner | ip=127.0.0.1 | op=ALLOCATE_BLOCK {"replication":"RATIS/THREE","owner":"omServiceIdDefault","size":"4194304","sampleBlocks":"[conID: 20 locID: 115816896921600431]","num":"1","client":"","allocated":"1"} | ret=SUCCESS |  
2025-10-16 19:49:07,458 | INFO  | OMAudit | user=runner | ip=127.0.0.1 | op=ALLOCATE_KEY {"volume":"8ff81410-1fd8-4e1a-a632-b9e87773f388","bucket":"bc502553-add6-438c-9063-30ca1e2cf8a4","key":"b6b929db-1dd0-4319-978d-22fcc30f469a","dataSize":"12","replicationType":"RATIS","replicationFactor":"THREE","Transaction":"1659"} | ret=SUCCESS |  
2025-10-16 19:49:07,472 | INFO  | OMAudit | user=runner | ip=127.0.0.1 | op=COMMIT_KEY {"volume":"8ff81410-1fd8-4e1a-a632-b9e87773f388","bucket":"bc502553-add6-438c-9063-30ca1e2cf8a4","key":"b6b929db-1dd0-4319-978d-22fcc30f469a","dataSize":"12","replicationType":"RATIS","replicationFactor":"THREE","Transaction":"1660"} | ret=SUCCESS |  
2025-10-16 19:49:07,644 | INFO  | SCMAudit | user=runner | ip=127.0.0.1 | op=SEND_HEARTBEAT {"datanodeUUID":"0e8b6cc7-9945-4141-97fc-6aa017a0d5fa","term":"2","command":"[]"} | ret=SUCCESS |  
2025-10-16 19:49:07,719 | INFO  | SCMAudit | user=runner | ip=127.0.0.1 | op=SEND_HEARTBEAT {"datanodeUUID":"757ca056-973f-4f05-ab2d-6aff6c54d452","term":"2","command":"[]"} | ret=SUCCESS |  
2025-10-16 19:49:07,735 | INFO  | SCMAudit | user=runner | ip=127.0.0.1 | op=SEND_HEARTBEAT {"datanodeUUID":"702cb173-5c73-4ecc-b5cd-c7b4a6b66aea","term":"2","command":"[]"} | ret=SUCCESS |  
2025-10-16 19:49:07,923 | INFO  | SCMAudit | user=runner | ip=127.0.0.1 | op=SEND_HEARTBEAT {"datanodeUUID":"f700af26-0e26-4136-9205-9509c82c8c70","term":"2","command":"[]"} | ret=SUCCESS |  
2025-10-16 19:49:08,120 | INFO  | SCMAudit | user=runner | ip=127.0.0.1 | op=SEND_HEARTBEAT {"datanodeUUID":"c0724e9c-0dd4-4d47-992c-7bfe285fdd38","term":"2","command":"[]"} | ret=SUCCESS |  
2025-10-16 19:49:08,120 | INFO  | SCMAudit | user=runner | ip=127.0.0.1 | op=SEND_HEARTBEAT {"datanodeUUID":"e33e6ec4-6b66-4281-bedd-2bd75bd30070","term":"2","command":"[]"} | ret=SUCCESS |  
2025-10-16 19:49:08,122 | INFO  | SCMAudit | user=runner | ip=127.0.0.1 | op=SEND_HEARTBEAT {"datanodeUUID":"8a3c3252-9afe-4d3a-8492-25be6557678a","term":"2","command":"[]"} | ret=SUCCESS |  
2025-10-16 19:49:08,123 | INFO  | SCMAudit | user=runner | ip=127.0.0.1 | op=SEND_HEARTBEAT {"datanodeUUID":"aa213937-adc5-47da-a770-0ee1e4664344","term":"2","command":"[]"} | ret=SUCCESS |  
2025-10-16 19:49:08,124 | INFO  | SCMAudit | user=runner | ip=127.0.0.1 | op=SEND_HEARTBEAT {"datanodeUUID":"8a0fa2ff-b550-4652-b2fe-0cf91cd4a157","term":"2","command":"[]"} | ret=SUCCESS |  
2025-10-16 19:49:08,129 | INFO  | SCMAudit | user=runner | ip=127.0.0.1 | op=SEND_HEARTBEAT {"datanodeUUID":"58cff6b7-b2a7-446b-a75a-bb98ad6b11b8","term":"2","command":"[]"} | ret=SUCCESS |  
2025-10-16 19:49:08,137 | INFO  | SCMAudit | user=runner | ip=127.0.0.1 | op=SEND_HEARTBEAT {"datanodeUUID":"0428ab3f-efd5-438e-ae11-9ec242443260","term":"2","command":"[]"} | ret=SUCCESS |  
2025-10-16 19:49:08,138 | INFO  | SCMAudit | user=runner | ip=127.0.0.1 | op=SEND_HEARTBEAT {"datanodeUUID":"e072d245-7694-4d97-8e20-c503ebf8c2fe","term":"2","command":"[]"} | ret=SUCCESS |  
2025-10-16 19:49:08,311 | INFO  | SCMAudit | user=runner | ip=127.0.0.1 | op=SEND_HEARTBEAT {"datanodeUUID":"764b18f0-81c5-439a-9fff-25adc4f241fa","term":"2","command":"[]"} | ret=SUCCESS |  
2025-10-16 19:49:08,311 | INFO  | SCMAudit | user=runner | ip=127.0.0.1 | op=SEND_HEARTBEAT {"datanodeUUID":"76d4ba71-5bbb-4b24-8f51-8bc7f78aaca4","term":"2","command":"[]"} | ret=SUCCESS |  
2025-10-16 19:49:08,396 [om1-KeyDeletingService#5] INFO  service.KeyDeletingService (KeyDeletingService.java:processKeyDeletes(151)) - Send 5 key(s) to SCM, first 5 keys: [PurgedKey{blockGroup=BlockGroup[groupID='/11777ff6-7d4f-481e-ada1-81a3de7be112/2b1f5bdc-6ed7-4b86-bd40-f5d2dfda3e94/dir1/dir27f628497-4e33-4857-aedb-a4b54c1a42cc/-9223372036854366206/0', blockIDs=[conID: 12 locID: 115816896921600422 bcsId: 0 replicaIndex: null]], volume='11777ff6-7d4f-481e-ada1-81a3de7be112', bucket='2b1f5bdc-6ed7-4b86-bd40-f5d2dfda3e94', bucketId=-9223372036854366464, purgedBytes=2298, isCommittedKey=true, deleteKeyName='/11777ff6-7d4f-481e-ada1-81a3de7be112/2b1f5bdc-6ed7-4b86-bd40-f5d2dfda3e94/dir1/dir27f628497-4e33-4857-aedb-a4b54c1a42cc/-9223372036854366206'}, PurgedKey{blockGroup=BlockGroup[groupID='/b55e526d-0666-4e40-a603-7dc7c6ad5dbd/3296081a-3580-49e6-bbbc-f937e03a681c/PF757de5d0-f74a-4c0d-b647-2c2a1ec6dc9c/KEY64e227f5-b5bd-47df-b498-8ef78344b998/-9223372036854359550/0', blockIDs=[conID: 1 locID: 115816896921600426 bcsId: 0 replicaIndex: null]], volume='b55e526d-0666-4e40-a603-7dc7c6ad5dbd', bucket='3296081a-3580-49e6-bbbc-f937e03a681c', bucketId=-9223372036854359808, purgedBytes=2260, isCommittedKey=true, deleteKeyName='/b55e526d-0666-4e40-a603-7dc7c6ad5dbd/3296081a-3580-49e6-bbbc-f937e03a681c/PF757de5d0-f74a-4c0d-b647-2c2a1ec6dc9c/KEY64e227f5-b5bd-47df-b498-8ef78344b998/-9223372036854359550'}, PurgedKey{blockGroup=BlockGroup[groupID='/b55e526d-0666-4e40-a603-7dc7c6ad5dbd/3296081a-3580-49e6-bbbc-f937e03a681c/PF757de5d0-f74a-4c0d-b647-2c2a1ec6dc9c/KEY64e227f5-b5bd-47df-b498-8ef78344b998/-9223372036854356991/0', blockIDs=[conID: 13 locID: 115816896921600428 bcsId: 0 replicaIndex: null]], volume='b55e526d-0666-4e40-a603-7dc7c6ad5dbd', bucket='3296081a-3580-49e6-bbbc-f937e03a681c', bucketId=-9223372036854359808, purgedBytes=2282, isCommittedKey=true, deleteKeyName='/b55e526d-0666-4e40-a603-7dc7c6ad5dbd/3296081a-3580-49e6-bbbc-f937e03a681c/PF757de5d0-f74a-4c0d-b647-2c2a1ec6dc9c/KEY64e227f5-b5bd-47df-b498-8ef78344b998/-9223372036854356991'}, PurgedKey{blockGroup=BlockGroup[groupID='/11777ff6-7d4f-481e-ada1-81a3de7be112/2b1f5bdc-6ed7-4b86-bd40-f5d2dfda3e94/dir1/dir27f628497-4e33-4857-aedb-a4b54c1a42cc/-9223372036854362623/0', blockIDs=[conID: 7 locID: 115816896921600424 bcsId: 0 replicaIndex: null]], volume='11777ff6-7d4f-481e-ada1-81a3de7be112', bucket='2b1f5bdc-6ed7-4b86-bd40-f5d2dfda3e94', bucketId=-9223372036854366464, purgedBytes=2294, isCommittedKey=true, deleteKeyName='/11777ff6-7d4f-481e-ada1-81a3de7be112/2b1f5bdc-6ed7-4b86-bd40-f5d2dfda3e94/dir1/dir27f628497-4e33-4857-aedb-a4b54c1a42cc/-9223372036854362623'}, PurgedKey{blockGroup=BlockGroup[groupID='/8ff81410-1fd8-4e1a-a632-b9e87773f388/bc502553-add6-438c-9063-30ca1e2cf8a4/b6b929db-1dd0-4319-978d-22fcc30f469a/-9223372036854350848/0', blockIDs=[conID: 15 locID: 115816896921600430 bcsId: 0 replicaIndex: null]], volume='8ff81410-1fd8-4e1a-a632-b9e87773f388', bucket='bc502553-add6-438c-9063-30ca1e2cf8a4', bucketId=-9223372036854351872, purgedBytes=36, isCommittedKey=true, deleteKeyName='/8ff81410-1fd8-4e1a-a632-b9e87773f388/bc502553-add6-438c-9063-30ca1e2cf8a4/b6b929db-1dd0-4319-978d-22fcc30f469a/-9223372036854350848'}]
2025-10-16 19:49:08,398 | INFO  | SCMAudit | user=runner | ip=127.0.0.1 | op=DELETE_KEY_BLOCK {"KeyBlockToDelete":"[BlockGroup[groupID='/11777ff6-7d4f-481e-ada1-81a3de7be112/2b1f5bdc-6ed7-4b86-bd40-f5d2dfda3e94/dir1/dir27f628497-4e33-4857-aedb-a4b54c1a42cc/-9223372036854366206/0', blockIDs=[conID: 12 locID: 115816896921600422 bcsId: 0 replicaIndex: null]], BlockGroup[groupID='/b55e526d-0666-4e40-a603-7dc7c6ad5dbd/3296081a-3580-49e6-bbbc-f937e03a681c/PF757de5d0-f74a-4c0d-b647-2c2a1ec6dc9c/KEY64e227f5-b5bd-47df-b498-8ef78344b998/-9223372036854356991/0', blockIDs=[conID: 13 locID: 115816896921600428 bcsId: 0 replicaIndex: null]], BlockGroup[groupID='/b55e526d-0666-4e40-a603-7dc7c6ad5dbd/3296081a-3580-49e6-bbbc-f937e03a681c/PF757de5d0-f74a-4c0d-b647-2c2a1ec6dc9c/KEY64e227f5-b5bd-47df-b498-8ef78344b998/-9223372036854359550/0', blockIDs=[conID: 1 locID: 115816896921600426 bcsId: 0 replicaIndex: null]], BlockGroup[groupID='/11777ff6-7d4f-481e-ada1-81a3de7be112/2b1f5bdc-6ed7-4b86-bd40-f5d2dfda3e94/dir1/dir27f628497-4e33-4857-aedb-a4b54c1a42cc/-9223372036854362623/0', blockIDs=[conID: 7 locID: 115816896921600424 bcsId: 0 replicaIndex: null]], BlockGroup[groupID='/8ff81410-1fd8-4e1a-a632-b9e87773f388/bc502553-add6-438c-9063-30ca1e2cf8a4/b6b929db-1dd0-4319-978d-22fcc30f469a/-9223372036854350848/0', blockIDs=[conID: 15 locID: 115816896921600430 bcsId: 0 replicaIndex: null]]]"} | ret=SUCCESS |  
2025-10-16 19:49:08,398 [om1-KeyDeletingService#5] INFO  service.KeyDeletingService (KeyDeletingService.java:processKeyDeletes(158)) - 5 BlockGroup deletion are acked by SCM in 3 ms
2025-10-16 19:49:08,400 [om1-KeyDeletingService#5] INFO  service.KeyDeletingService (KeyDeletingService.java:processKeyDeletes(166)) - Blocks for 5 (out of 5) keys are deleted from DB in 1 ms. Limit per task is 50000.
]]></system-out>
  </testcase>
  <testcase name="testPreallocateFileRecovery(long)[1]" classname="org.apache.hadoop.ozone.client.rpc.TestSecureOzoneRpcClient" time="0.378">
    <system-out><![CDATA[2025-10-16 19:49:08,475 [ForkJoinPool-1-worker-1] INFO  rpc.RpcClient (RpcClient.java:createVolume(461)) - Creating Volume: df39c3ae-7002-4067-876a-38da608a3d83, with runner as owner and space quota set to -1 bytes, counts quota set to -1
2025-10-16 19:49:08,477 [om1-OMStateMachineApplyTransactionThread - 0] INFO  volume.OMVolumeCreateRequest (OMVolumeCreateRequest.java:validateAndUpdateCache(213)) - created volume:df39c3ae-7002-4067-876a-38da608a3d83 for user:runner
2025-10-16 19:49:08,478 | INFO  | OMAudit | user=runner | ip=127.0.0.1 | op=CREATE_VOLUME {"admin":"runner","owner":"runner","volume":"df39c3ae-7002-4067-876a-38da608a3d83","creationTime":"1760644148476","modificationTime":"1760644148476","quotaInBytes":"-1","quotaInNamespace":"-1","usedNamespace":"0","objectID":"-9223372036854350336","updateID":"1662","Transaction":"1662"} | ret=SUCCESS |  
2025-10-16 19:49:08,482 | INFO  | OMAudit | user=runner | ip=127.0.0.1 | op=READ_VOLUME {"volume":"df39c3ae-7002-4067-876a-38da608a3d83"} | ret=SUCCESS |  
2025-10-16 19:49:08,483 [ForkJoinPool-1-worker-1] INFO  rpc.RpcClient (RpcClient.java:createBucket(686)) - Creating Bucket: df39c3ae-7002-4067-876a-38da608a3d83/53f043d8-fe7a-4272-93e5-d1d756a82c69, with bucket layout FILE_SYSTEM_OPTIMIZED, runner as owner, Versioning false, Storage Type set to DISK and Encryption set to false, Replication Type set to server-side default replication type, Namespace Quota set to 100, Space Quota set to 1073741824 
2025-10-16 19:49:08,485 [om1-OMStateMachineApplyTransactionThread - 0] INFO  bucket.OMBucketCreateRequest (OMBucketCreateRequest.java:validateAndUpdateCache(303)) - created bucket: 53f043d8-fe7a-4272-93e5-d1d756a82c69 of layout FILE_SYSTEM_OPTIMIZED in volume: df39c3ae-7002-4067-876a-38da608a3d83
2025-10-16 19:49:08,485 | INFO  | OMAudit | user=runner | ip=127.0.0.1 | op=CREATE_BUCKET {"volume":"df39c3ae-7002-4067-876a-38da608a3d83","bucket":"53f043d8-fe7a-4272-93e5-d1d756a82c69","bucketLayout":"FILE_SYSTEM_OPTIMIZED","gdprEnabled":null,"acls":"[user:runner:a[ACCESS], group:runner:rl[ACCESS]]","isVersionEnabled":"false","storageType":"DISK","creationTime":"1760644148484","bucketEncryptionKey":null,"modificationTime":"1760644148484","usedBytes":"0","usedNamespace":"0","snapshotUsedBytes":"0","snapshotUsedNamespace":"0","owner":"runner","replicationType":null,"replicationConfig":null,"quotaInBytes":"1073741824","quotaInNamespace":"100","Transaction":"1663"} | ret=SUCCESS |  
2025-10-16 19:49:08,486 | INFO  | OMAudit | user=runner | ip=127.0.0.1 | op=READ_BUCKET {"volume":"df39c3ae-7002-4067-876a-38da608a3d83","bucket":"53f043d8-fe7a-4272-93e5-d1d756a82c69"} | ret=SUCCESS |  
2025-10-16 19:49:08,491 | INFO  | OMAudit | user=runner | ip=127.0.0.1 | op=GET_SERVICE_LIST {} | ret=SUCCESS |  
2025-10-16 19:49:08,493 | INFO  | OMAudit | user=runner | ip=127.0.0.1 | op=READ_BUCKET {"volume":"df39c3ae-7002-4067-876a-38da608a3d83","bucket":"53f043d8-fe7a-4272-93e5-d1d756a82c69"} | ret=SUCCESS |  
2025-10-16 19:49:08,495 | INFO  | SCMAudit | user=runner | ip=127.0.0.1 | op=ALLOCATE_BLOCK {"replication":"RATIS/THREE","owner":"omServiceIdDefault","size":"4194304","sampleBlocks":"[conID: 17 locID: 115816896921600432, conID: 16 locID: 115816896921600433, conID: 21 locID: 115816896921600434, conID: 21 locID: 115816896921600435, conID: 17 locID: 115816896921600436, conID: 21 locID: 115816896921600437, conID: 14 locID: 115816896921600438, conID: 18 locID: 115816896921600439, conID: 21 locID: 115816896921600440, conID: 21 locID: 115816896921600441]","num":"10","client":"","allocated":"10"} | ret=SUCCESS |  
2025-10-16 19:49:08,501 | INFO  | OMAudit | user=runner | ip=127.0.0.1 | op=ALLOCATE_KEY {"volume":"df39c3ae-7002-4067-876a-38da608a3d83","bucket":"53f043d8-fe7a-4272-93e5-d1d756a82c69","key":"3bae387f-73fe-4f94-95a5-846eaef977f8","dataSize":"41943040","replicationType":"RATIS","replicationFactor":"THREE","Transaction":"1664"} | ret=SUCCESS |  
2025-10-16 19:49:08,503 | INFO  | OMAudit | user=runner | ip=127.0.0.1 | op=READ_BUCKET {"volume":"df39c3ae-7002-4067-876a-38da608a3d83","bucket":"53f043d8-fe7a-4272-93e5-d1d756a82c69"} | ret=SUCCESS |  
2025-10-16 19:49:08,631 | INFO  | OMAudit | user=runner | ip=127.0.0.1 | op=READ_BUCKET {"volume":"df39c3ae-7002-4067-876a-38da608a3d83","bucket":"53f043d8-fe7a-4272-93e5-d1d756a82c69"} | ret=SUCCESS |  
2025-10-16 19:49:08,634 | INFO  | SCMAudit | user=runner | ip=127.0.0.1 | op=GET_CONTAINER_WITH_PIPELINE {"containerID":"#21"} | ret=SUCCESS |  
2025-10-16 19:49:08,634 | INFO  | SCMAudit | user=runner | ip=127.0.0.1 | op=GET_CONTAINER_WITH_PIPELINE {"containerID":"#21"} | ret=SUCCESS |  
2025-10-16 19:49:08,636 | INFO  | SCMAudit | user=runner | ip=127.0.0.1 | op=GET_CONTAINER_WITH_PIPELINE {"containerID":"#21"} | ret=SUCCESS |  
2025-10-16 19:49:08,639 | INFO  | OMAudit | user=runner | ip=127.0.0.1 | op=RECOVER_LEASE {"volume":"df39c3ae-7002-4067-876a-38da608a3d83","bucket":"53f043d8-fe7a-4272-93e5-d1d756a82c69","key":"3bae387f-73fe-4f94-95a5-846eaef977f8","Transaction":"1666"} | ret=SUCCESS |  
2025-10-16 19:49:08,644 | INFO  | SCMAudit | user=runner | ip=127.0.0.1 | op=SEND_HEARTBEAT {"datanodeUUID":"0e8b6cc7-9945-4141-97fc-6aa017a0d5fa","term":"2","command":"[]"} | ret=SUCCESS |  
2025-10-16 19:49:08,647 [e33e6ec4-6b66-4281-bedd-2bd75bd30070-ContainerOp-a6d455ad-cb8f-42d4-aaf7-6ca5f15a0415-0] INFO  keyvalue.KeyValueHandler (KeyValueHandler.java:handleFinalizeBlock(714)) - Finalized Block request received conID: 21 locID: 115816896921600441 bcsId: 0 replicaIndex: null 
2025-10-16 19:49:08,649 [0e8b6cc7-9945-4141-97fc-6aa017a0d5fa-ContainerOp-a6d455ad-cb8f-42d4-aaf7-6ca5f15a0415-2] INFO  keyvalue.KeyValueHandler (KeyValueHandler.java:handleFinalizeBlock(714)) - Finalized Block request received conID: 21 locID: 115816896921600441 bcsId: 0 replicaIndex: null 
2025-10-16 19:49:08,650 [702cb173-5c73-4ecc-b5cd-c7b4a6b66aea-ContainerOp-a6d455ad-cb8f-42d4-aaf7-6ca5f15a0415-2] INFO  keyvalue.KeyValueHandler (KeyValueHandler.java:handleFinalizeBlock(714)) - Finalized Block request received conID: 21 locID: 115816896921600441 bcsId: 0 replicaIndex: null 
2025-10-16 19:49:08,650 [e33e6ec4-6b66-4281-bedd-2bd75bd30070-ContainerOp-a6d455ad-cb8f-42d4-aaf7-6ca5f15a0415-0] WARN  keyvalue.KeyValueHandler (ContainerUtils.java:logAndReturnError(94)) - Operation: FinalizeBlock , Trace ID:  , Message: Unable to find the block. BlockID : conID: 21 locID: 115816896921600441 bcsId: 0 replicaIndex: null , Result: NO_SUCH_BLOCK , StorageContainerException Occurred.
org.apache.hadoop.hdds.scm.container.common.helpers.StorageContainerException: Unable to find the block. BlockID : conID: 21 locID: 115816896921600441 bcsId: 0 replicaIndex: null
	at org.apache.hadoop.ozone.container.metadata.DatanodeStoreWithIncrementalChunkList.getCompleteBlockData(DatanodeStoreWithIncrementalChunkList.java:67)
	at org.apache.hadoop.ozone.container.metadata.DatanodeStore.getBlockByID(DatanodeStore.java:90)
	at org.apache.hadoop.ozone.container.keyvalue.impl.BlockManagerImpl.getBlockByID(BlockManagerImpl.java:462)
	at org.apache.hadoop.ozone.container.keyvalue.impl.BlockManagerImpl.getBlock(BlockManagerImpl.java:347)
	at org.apache.hadoop.ozone.container.keyvalue.KeyValueHandler.handleFinalizeBlock(KeyValueHandler.java:716)
	at org.apache.hadoop.ozone.container.keyvalue.KeyValueHandler.dispatchRequest(KeyValueHandler.java:357)
	at org.apache.hadoop.ozone.container.keyvalue.KeyValueHandler.handle(KeyValueHandler.java:293)
	at org.apache.hadoop.ozone.container.common.impl.HddsDispatcher.dispatchRequest(HddsDispatcher.java:365)
	at org.apache.hadoop.ozone.container.common.impl.HddsDispatcher.lambda$dispatch$1(HddsDispatcher.java:190)
	at org.apache.hadoop.hdds.server.OzoneProtocolMessageDispatcher.processRequest(OzoneProtocolMessageDispatcher.java:89)
	at org.apache.hadoop.ozone.container.common.impl.HddsDispatcher.dispatch(HddsDispatcher.java:189)
	at org.apache.hadoop.ozone.container.common.transport.server.ratis.ContainerStateMachine.dispatchCommand(ContainerStateMachine.java:567)
	at org.apache.hadoop.ozone.container.common.transport.server.ratis.ContainerStateMachine.lambda$applyTransaction$8(ContainerStateMachine.java:1061)
	at org.apache.ratis.util.TaskQueue.lambda$submit$0(TaskQueue.java:121)
	at org.apache.ratis.util.LogUtils.runAndLog(LogUtils.java:38)
	at org.apache.ratis.util.LogUtils$1.run(LogUtils.java:78)
	at java.base/java.util.concurrent.Executors$RunnableAdapter.call(Executors.java:572)
	at java.base/java.util.concurrent.FutureTask.run(FutureTask.java:317)
	at java.base/java.util.concurrent.ThreadPoolExecutor.runWorker(ThreadPoolExecutor.java:1144)
	at java.base/java.util.concurrent.ThreadPoolExecutor$Worker.run(ThreadPoolExecutor.java:642)
	at java.base/java.lang.Thread.run(Thread.java:1583)
2025-10-16 19:49:08,650 [702cb173-5c73-4ecc-b5cd-c7b4a6b66aea-ContainerOp-a6d455ad-cb8f-42d4-aaf7-6ca5f15a0415-2] WARN  keyvalue.KeyValueHandler (ContainerUtils.java:logAndReturnError(94)) - Operation: FinalizeBlock , Trace ID:  , Message: Unable to find the block. BlockID : conID: 21 locID: 115816896921600441 bcsId: 0 replicaIndex: null , Result: NO_SUCH_BLOCK , StorageContainerException Occurred.
org.apache.hadoop.hdds.scm.container.common.helpers.StorageContainerException: Unable to find the block. BlockID : conID: 21 locID: 115816896921600441 bcsId: 0 replicaIndex: null
	at org.apache.hadoop.ozone.container.metadata.DatanodeStoreWithIncrementalChunkList.getCompleteBlockData(DatanodeStoreWithIncrementalChunkList.java:67)
	at org.apache.hadoop.ozone.container.metadata.DatanodeStore.getBlockByID(DatanodeStore.java:90)
	at org.apache.hadoop.ozone.container.keyvalue.impl.BlockManagerImpl.getBlockByID(BlockManagerImpl.java:462)
	at org.apache.hadoop.ozone.container.keyvalue.impl.BlockManagerImpl.getBlock(BlockManagerImpl.java:347)
	at org.apache.hadoop.ozone.container.keyvalue.KeyValueHandler.handleFinalizeBlock(KeyValueHandler.java:716)
	at org.apache.hadoop.ozone.container.keyvalue.KeyValueHandler.dispatchRequest(KeyValueHandler.java:357)
	at org.apache.hadoop.ozone.container.keyvalue.KeyValueHandler.handle(KeyValueHandler.java:293)
	at org.apache.hadoop.ozone.container.common.impl.HddsDispatcher.dispatchRequest(HddsDispatcher.java:365)
	at org.apache.hadoop.ozone.container.common.impl.HddsDispatcher.lambda$dispatch$1(HddsDispatcher.java:190)
	at org.apache.hadoop.hdds.server.OzoneProtocolMessageDispatcher.processRequest(OzoneProtocolMessageDispatcher.java:89)
	at org.apache.hadoop.ozone.container.common.impl.HddsDispatcher.dispatch(HddsDispatcher.java:189)
	at org.apache.hadoop.ozone.container.common.transport.server.ratis.ContainerStateMachine.dispatchCommand(ContainerStateMachine.java:567)
	at org.apache.hadoop.ozone.container.common.transport.server.ratis.ContainerStateMachine.lambda$applyTransaction$8(ContainerStateMachine.java:1061)
	at org.apache.ratis.util.TaskQueue.lambda$submit$0(TaskQueue.java:121)
	at org.apache.ratis.util.LogUtils.runAndLog(LogUtils.java:38)
	at org.apache.ratis.util.LogUtils$1.run(LogUtils.java:78)
	at java.base/java.util.concurrent.Executors$RunnableAdapter.call(Executors.java:572)
	at java.base/java.util.concurrent.FutureTask.run(FutureTask.java:317)
	at java.base/java.util.concurrent.ThreadPoolExecutor.runWorker(ThreadPoolExecutor.java:1144)
	at java.base/java.util.concurrent.ThreadPoolExecutor$Worker.run(ThreadPoolExecutor.java:642)
	at java.base/java.lang.Thread.run(Thread.java:1583)
2025-10-16 19:49:08,650 [0e8b6cc7-9945-4141-97fc-6aa017a0d5fa-ContainerOp-a6d455ad-cb8f-42d4-aaf7-6ca5f15a0415-2] WARN  keyvalue.KeyValueHandler (ContainerUtils.java:logAndReturnError(94)) - Operation: FinalizeBlock , Trace ID:  , Message: Unable to find the block. BlockID : conID: 21 locID: 115816896921600441 bcsId: 0 replicaIndex: null , Result: NO_SUCH_BLOCK , StorageContainerException Occurred.
org.apache.hadoop.hdds.scm.container.common.helpers.StorageContainerException: Unable to find the block. BlockID : conID: 21 locID: 115816896921600441 bcsId: 0 replicaIndex: null
	at org.apache.hadoop.ozone.container.metadata.DatanodeStoreWithIncrementalChunkList.getCompleteBlockData(DatanodeStoreWithIncrementalChunkList.java:67)
	at org.apache.hadoop.ozone.container.metadata.DatanodeStore.getBlockByID(DatanodeStore.java:90)
	at org.apache.hadoop.ozone.container.keyvalue.impl.BlockManagerImpl.getBlockByID(BlockManagerImpl.java:462)
	at org.apache.hadoop.ozone.container.keyvalue.impl.BlockManagerImpl.getBlock(BlockManagerImpl.java:347)
	at org.apache.hadoop.ozone.container.keyvalue.KeyValueHandler.handleFinalizeBlock(KeyValueHandler.java:716)
	at org.apache.hadoop.ozone.container.keyvalue.KeyValueHandler.dispatchRequest(KeyValueHandler.java:357)
	at org.apache.hadoop.ozone.container.keyvalue.KeyValueHandler.handle(KeyValueHandler.java:293)
	at org.apache.hadoop.ozone.container.common.impl.HddsDispatcher.dispatchRequest(HddsDispatcher.java:365)
	at org.apache.hadoop.ozone.container.common.impl.HddsDispatcher.lambda$dispatch$1(HddsDispatcher.java:190)
	at org.apache.hadoop.hdds.server.OzoneProtocolMessageDispatcher.processRequest(OzoneProtocolMessageDispatcher.java:89)
	at org.apache.hadoop.ozone.container.common.impl.HddsDispatcher.dispatch(HddsDispatcher.java:189)
	at org.apache.hadoop.ozone.container.common.transport.server.ratis.ContainerStateMachine.dispatchCommand(ContainerStateMachine.java:567)
	at org.apache.hadoop.ozone.container.common.transport.server.ratis.ContainerStateMachine.lambda$applyTransaction$8(ContainerStateMachine.java:1061)
	at org.apache.ratis.util.TaskQueue.lambda$submit$0(TaskQueue.java:121)
	at org.apache.ratis.util.LogUtils.runAndLog(LogUtils.java:38)
	at org.apache.ratis.util.LogUtils$1.run(LogUtils.java:78)
	at java.base/java.util.concurrent.Executors$RunnableAdapter.call(Executors.java:572)
	at java.base/java.util.concurrent.FutureTask.run(FutureTask.java:317)
	at java.base/java.util.concurrent.ThreadPoolExecutor.runWorker(ThreadPoolExecutor.java:1144)
	at java.base/java.util.concurrent.ThreadPoolExecutor$Worker.run(ThreadPoolExecutor.java:642)
	at java.base/java.lang.Thread.run(Thread.java:1583)
2025-10-16 19:49:08,665 [e33e6ec4-6b66-4281-bedd-2bd75bd30070-ContainerOp-a6d455ad-cb8f-42d4-aaf7-6ca5f15a0415-0] WARN  keyvalue.KeyValueContainer (KeyValueContainer.java:markContainerUnhealthy(397)) - Marked container UNHEALTHY from OPEN: KeyValueContainerData #21 (UNHEALTHY, non-empty, ri=0, origin=[dn_e33e6ec4-6b66-4281-bedd-2bd75bd30070, pipeline_a6d455ad-cb8f-42d4-aaf7-6ca5f15a0415])
2025-10-16 19:49:08,665 [702cb173-5c73-4ecc-b5cd-c7b4a6b66aea-ContainerOp-a6d455ad-cb8f-42d4-aaf7-6ca5f15a0415-2] WARN  keyvalue.KeyValueContainer (KeyValueContainer.java:markContainerUnhealthy(397)) - Marked container UNHEALTHY from OPEN: KeyValueContainerData #21 (UNHEALTHY, non-empty, ri=0, origin=[dn_702cb173-5c73-4ecc-b5cd-c7b4a6b66aea, pipeline_a6d455ad-cb8f-42d4-aaf7-6ca5f15a0415])
2025-10-16 19:49:08,665 [0e8b6cc7-9945-4141-97fc-6aa017a0d5fa-ContainerOp-a6d455ad-cb8f-42d4-aaf7-6ca5f15a0415-2] WARN  keyvalue.KeyValueContainer (KeyValueContainer.java:markContainerUnhealthy(397)) - Marked container UNHEALTHY from OPEN: KeyValueContainerData #21 (UNHEALTHY, non-empty, ri=0, origin=[dn_0e8b6cc7-9945-4141-97fc-6aa017a0d5fa, pipeline_a6d455ad-cb8f-42d4-aaf7-6ca5f15a0415])
2025-10-16 19:49:08,706 | ERROR | ContainerLog | ID=21 | Index=0 | BCSID=89 | State=UNHEALTHY | Volume=/home/runner/work/ozone/ozone/hadoop-ozone/integration-test/target/test-dir/MiniOzoneClusterImpl-e7911277-7775-4457-96c8-94071a26a1ce/ozone-metadata/datanode-12/data-0/hdds | DataChecksum=f201c16f | Container has 1 error: WRITE_FAILURE for file /home/runner/work/ozone/ozone/hadoop-ozone/integration-test/target/test-dir/MiniOzoneClusterImpl-e7911277-7775-4457-96c8-94071a26a1ce/ozone-metadata/datanode-12/data-0/hdds/e7911277-7775-4457-96c8-94071a26a1ce/current/containerDir0/21 with exception: org.apache.hadoop.hdds.scm.container.common.helpers.StorageContainerException |  
2025-10-16 19:49:08,705 | ERROR | ContainerLog | ID=21 | Index=0 | BCSID=89 | State=UNHEALTHY | Volume=/home/runner/work/ozone/ozone/hadoop-ozone/integration-test/target/test-dir/MiniOzoneClusterImpl-e7911277-7775-4457-96c8-94071a26a1ce/ozone-metadata/datanode-11/data-0/hdds | DataChecksum=f201c16f | Container has 1 error: WRITE_FAILURE for file /home/runner/work/ozone/ozone/hadoop-ozone/integration-test/target/test-dir/MiniOzoneClusterImpl-e7911277-7775-4457-96c8-94071a26a1ce/ozone-metadata/datanode-11/data-0/hdds/e7911277-7775-4457-96c8-94071a26a1ce/current/containerDir0/21 with exception: org.apache.hadoop.hdds.scm.container.common.helpers.StorageContainerException |  
2025-10-16 19:49:08,707 | ERROR | ContainerLog | ID=21 | Index=0 | BCSID=89 | State=UNHEALTHY | Volume=/home/runner/work/ozone/ozone/hadoop-ozone/integration-test/target/test-dir/MiniOzoneClusterImpl-e7911277-7775-4457-96c8-94071a26a1ce/ozone-metadata/datanode-10/data-0/hdds | DataChecksum=f201c16f | Container has 1 error: WRITE_FAILURE for file /home/runner/work/ozone/ozone/hadoop-ozone/integration-test/target/test-dir/MiniOzoneClusterImpl-e7911277-7775-4457-96c8-94071a26a1ce/ozone-metadata/datanode-10/data-0/hdds/e7911277-7775-4457-96c8-94071a26a1ce/current/containerDir0/21 with exception: org.apache.hadoop.hdds.scm.container.common.helpers.StorageContainerException |  
2025-10-16 19:49:08,708 [702cb173-5c73-4ecc-b5cd-c7b4a6b66aea-ContainerOp-a6d455ad-cb8f-42d4-aaf7-6ca5f15a0415-2] INFO  impl.HddsDispatcher (HddsDispatcher.java:dispatchRequest(412)) - Marked Container UNHEALTHY, ContainerID: 21
2025-10-16 19:49:08,710 | INFO  | SCMAudit | user=runner | ip=127.0.0.1 | op=SEND_HEARTBEAT {"datanodeUUID":"702cb173-5c73-4ecc-b5cd-c7b4a6b66aea","term":"2","command":"[]"} | ret=SUCCESS |  
2025-10-16 19:49:08,710 [FixedThreadPoolWithAffinityExecutor-1-0] INFO  container.IncrementalContainerReportHandler (AbstractContainerReportHandler.java:updateContainerState(253)) - FINALIZE (i.e. CLOSING) Container #21 (OPEN, sid=0) r0 (UNHEALTHY, bcsid=89, origin=702cb173-5c73-4ecc-b5cd-c7b4a6b66aea, non-empty) from dn 702cb173-5c73-4ecc-b5cd-c7b4a6b66aea(localhost/127.0.0.1)
2025-10-16 19:49:08,711 [e33e6ec4-6b66-4281-bedd-2bd75bd30070-ContainerOp-a6d455ad-cb8f-42d4-aaf7-6ca5f15a0415-0] INFO  impl.HddsDispatcher (HddsDispatcher.java:dispatchRequest(412)) - Marked Container UNHEALTHY, ContainerID: 21
2025-10-16 19:49:08,713 | INFO  | SCMAudit | user=runner | ip=127.0.0.1 | op=SEND_HEARTBEAT {"datanodeUUID":"0e8b6cc7-9945-4141-97fc-6aa017a0d5fa","term":"2","command":"[]"} | ret=SUCCESS |  
2025-10-16 19:49:08,713 [0e8b6cc7-9945-4141-97fc-6aa017a0d5fa-ContainerOp-a6d455ad-cb8f-42d4-aaf7-6ca5f15a0415-2] INFO  impl.HddsDispatcher (HddsDispatcher.java:dispatchRequest(412)) - Marked Container UNHEALTHY, ContainerID: 21
2025-10-16 19:49:08,714 | INFO  | SCMAudit | user=runner | ip=127.0.0.1 | op=SEND_HEARTBEAT {"datanodeUUID":"e33e6ec4-6b66-4281-bedd-2bd75bd30070","term":"2","command":"[]"} | ret=SUCCESS |  
2025-10-16 19:49:08,716 | ERROR | DNAudit | user=null | ip=null | op=FINALIZE_BLOCK {"blockData":"conID: 21 locID: 115816896921600441 bcsId: 0 replicaIndex: null"} | ret=FAILURE | 
java.lang.Exception: Unable to find the block. BlockID : conID: 21 locID: 115816896921600441 bcsId: 0 replicaIndex: null
	at org.apache.hadoop.ozone.container.common.impl.HddsDispatcher.dispatchRequest(HddsDispatcher.java:440)
	at org.apache.hadoop.ozone.container.common.impl.HddsDispatcher.lambda$dispatch$1(HddsDispatcher.java:190)
 
2025-10-16 19:49:08,717 [0e8b6cc7-9945-4141-97fc-6aa017a0d5fa-ContainerOp-a6d455ad-cb8f-42d4-aaf7-6ca5f15a0415-2] ERROR ratis.ContainerStateMachine (ContainerStateMachine.java:lambda$applyTransaction$11(1163)) - gid group-6CA5F15A0415 : ApplyTransaction failed. cmd FinalizeBlock logIndex 93 msg : Unable to find the block. BlockID : conID: 21 locID: 115816896921600441 bcsId: 0 replicaIndex: null Container Result: NO_SUCH_BLOCK
2025-10-16 19:49:08,717 | ERROR | DNAudit | user=null | ip=null | op=FINALIZE_BLOCK {"blockData":"conID: 21 locID: 115816896921600441 bcsId: 0 replicaIndex: null"} | ret=FAILURE | 
java.lang.Exception: Unable to find the block. BlockID : conID: 21 locID: 115816896921600441 bcsId: 0 replicaIndex: null
	at org.apache.hadoop.ozone.container.common.impl.HddsDispatcher.dispatchRequest(HddsDispatcher.java:440)
	at org.apache.hadoop.ozone.container.common.impl.HddsDispatcher.lambda$dispatch$1(HddsDispatcher.java:190)
 
2025-10-16 19:49:08,717 [0e8b6cc7-9945-4141-97fc-6aa017a0d5fa-ContainerOp-a6d455ad-cb8f-42d4-aaf7-6ca5f15a0415-2] ERROR impl.StateMachineUpdater (StateMachineUpdater.java:lambda$applyLog$3(259)) - Exception while 0e8b6cc7-9945-4141-97fc-6aa017a0d5fa@group-6CA5F15A0415-StateMachineUpdater: applying txn index=93, nextLog=(t:1, i:93), STATEMACHINELOGENTRY, WRITE: logData.size=104, stateMachineData.size=0, logEntryProtoSerializedSize=0
java.util.concurrent.CompletionException: org.apache.hadoop.hdds.scm.container.common.helpers.StorageContainerException: Unable to find the block. BlockID : conID: 21 locID: 115816896921600441 bcsId: 0 replicaIndex: null
	at java.base/java.util.concurrent.CompletableFuture.encodeThrowable(CompletableFuture.java:332)
	at java.base/java.util.concurrent.CompletableFuture.completeThrowable(CompletableFuture.java:347)
	at java.base/java.util.concurrent.CompletableFuture.uniWhenComplete(CompletableFuture.java:874)
	at java.base/java.util.concurrent.CompletableFuture$UniWhenComplete.tryFire(CompletableFuture.java:841)
	at java.base/java.util.concurrent.CompletableFuture.postComplete(CompletableFuture.java:510)
	at java.base/java.util.concurrent.CompletableFuture.completeExceptionally(CompletableFuture.java:2194)
	at org.apache.hadoop.ozone.container.common.transport.server.ratis.ContainerStateMachine.lambda$applyTransaction$11(ContainerStateMachine.java:1172)
	at java.base/java.util.concurrent.CompletableFuture$UniApply.tryFire(CompletableFuture.java:646)
	at java.base/java.util.concurrent.CompletableFuture.postComplete(CompletableFuture.java:510)
	at java.base/java.util.concurrent.CompletableFuture.complete(CompletableFuture.java:2179)
	at org.apache.ratis.util.TaskQueue.lambda$submit$0(TaskQueue.java:133)
	at org.apache.ratis.util.LogUtils.runAndLog(LogUtils.java:38)
	at org.apache.ratis.util.LogUtils$1.run(LogUtils.java:78)
	at java.base/java.util.concurrent.Executors$RunnableAdapter.call(Executors.java:572)
	at java.base/java.util.concurrent.FutureTask.run(FutureTask.java:317)
	at java.base/java.util.concurrent.ThreadPoolExecutor.runWorker(ThreadPoolExecutor.java:1144)
	at java.base/java.util.concurrent.ThreadPoolExecutor$Worker.run(ThreadPoolExecutor.java:642)
	at java.base/java.lang.Thread.run(Thread.java:1583)
Caused by: org.apache.hadoop.hdds.scm.container.common.helpers.StorageContainerException: Unable to find the block. BlockID : conID: 21 locID: 115816896921600441 bcsId: 0 replicaIndex: null
	at org.apache.hadoop.ozone.container.common.transport.server.ratis.ContainerStateMachine.lambda$applyTransaction$11(ContainerStateMachine.java:1162)
	... 11 more
2025-10-16 19:49:08,717 [e33e6ec4-6b66-4281-bedd-2bd75bd30070-ContainerOp-a6d455ad-cb8f-42d4-aaf7-6ca5f15a0415-0] ERROR ratis.ContainerStateMachine (ContainerStateMachine.java:lambda$applyTransaction$11(1163)) - gid group-6CA5F15A0415 : ApplyTransaction failed. cmd FinalizeBlock logIndex 93 msg : Unable to find the block. BlockID : conID: 21 locID: 115816896921600441 bcsId: 0 replicaIndex: null Container Result: NO_SUCH_BLOCK
2025-10-16 19:49:08,718 [e33e6ec4-6b66-4281-bedd-2bd75bd30070-ContainerOp-a6d455ad-cb8f-42d4-aaf7-6ca5f15a0415-0] ERROR impl.StateMachineUpdater (StateMachineUpdater.java:lambda$applyLog$3(259)) - Exception while e33e6ec4-6b66-4281-bedd-2bd75bd30070@group-6CA5F15A0415-StateMachineUpdater: applying txn index=93, nextLog=(t:1, i:93), STATEMACHINELOGENTRY, WRITE: logData.size=104, stateMachineData.size=0, logEntryProtoSerializedSize=0
java.util.concurrent.CompletionException: org.apache.hadoop.hdds.scm.container.common.helpers.StorageContainerException: Unable to find the block. BlockID : conID: 21 locID: 115816896921600441 bcsId: 0 replicaIndex: null
	at java.base/java.util.concurrent.CompletableFuture.encodeThrowable(CompletableFuture.java:332)
	at java.base/java.util.concurrent.CompletableFuture.completeThrowable(CompletableFuture.java:347)
	at java.base/java.util.concurrent.CompletableFuture.uniWhenComplete(CompletableFuture.java:874)
	at java.base/java.util.concurrent.CompletableFuture$UniWhenComplete.tryFire(CompletableFuture.java:841)
	at java.base/java.util.concurrent.CompletableFuture.postComplete(CompletableFuture.java:510)
	at java.base/java.util.concurrent.CompletableFuture.completeExceptionally(CompletableFuture.java:2194)
	at org.apache.hadoop.ozone.container.common.transport.server.ratis.ContainerStateMachine.lambda$applyTransaction$11(ContainerStateMachine.java:1172)
	at java.base/java.util.concurrent.CompletableFuture$UniApply.tryFire(CompletableFuture.java:646)
	at java.base/java.util.concurrent.CompletableFuture.postComplete(CompletableFuture.java:510)
	at java.base/java.util.concurrent.CompletableFuture.complete(CompletableFuture.java:2179)
	at org.apache.ratis.util.TaskQueue.lambda$submit$0(TaskQueue.java:133)
	at org.apache.ratis.util.LogUtils.runAndLog(LogUtils.java:38)
	at org.apache.ratis.util.LogUtils$1.run(LogUtils.java:78)
	at java.base/java.util.concurrent.Executors$RunnableAdapter.call(Executors.java:572)
	at java.base/java.util.concurrent.FutureTask.run(FutureTask.java:317)
	at java.base/java.util.concurrent.ThreadPoolExecutor.runWorker(ThreadPoolExecutor.java:1144)
	at java.base/java.util.concurrent.ThreadPoolExecutor$Worker.run(ThreadPoolExecutor.java:642)
	at java.base/java.lang.Thread.run(Thread.java:1583)
Caused by: org.apache.hadoop.hdds.scm.container.common.helpers.StorageContainerException: Unable to find the block. BlockID : conID: 21 locID: 115816896921600441 bcsId: 0 replicaIndex: null
	at org.apache.hadoop.ozone.container.common.transport.server.ratis.ContainerStateMachine.lambda$applyTransaction$11(ContainerStateMachine.java:1162)
	... 11 more
2025-10-16 19:49:08,719 | ERROR | DNAudit | user=null | ip=null | op=FINALIZE_BLOCK {"blockData":"conID: 21 locID: 115816896921600441 bcsId: 0 replicaIndex: null"} | ret=FAILURE | 
java.lang.Exception: Unable to find the block. BlockID : conID: 21 locID: 115816896921600441 bcsId: 0 replicaIndex: null
	at org.apache.hadoop.ozone.container.common.impl.HddsDispatcher.dispatchRequest(HddsDispatcher.java:440)
	at org.apache.hadoop.ozone.container.common.impl.HddsDispatcher.lambda$dispatch$1(HddsDispatcher.java:190)
 
2025-10-16 19:49:08,719 [702cb173-5c73-4ecc-b5cd-c7b4a6b66aea-ContainerOp-a6d455ad-cb8f-42d4-aaf7-6ca5f15a0415-2] ERROR ratis.ContainerStateMachine (ContainerStateMachine.java:lambda$applyTransaction$11(1163)) - gid group-6CA5F15A0415 : ApplyTransaction failed. cmd FinalizeBlock logIndex 93 msg : Unable to find the block. BlockID : conID: 21 locID: 115816896921600441 bcsId: 0 replicaIndex: null Container Result: NO_SUCH_BLOCK
2025-10-16 19:49:08,719 [702cb173-5c73-4ecc-b5cd-c7b4a6b66aea-ContainerOp-a6d455ad-cb8f-42d4-aaf7-6ca5f15a0415-2] ERROR impl.StateMachineUpdater (StateMachineUpdater.java:lambda$applyLog$3(259)) - Exception while 702cb173-5c73-4ecc-b5cd-c7b4a6b66aea@group-6CA5F15A0415-StateMachineUpdater: applying txn index=93, nextLog=(t:1, i:93), STATEMACHINELOGENTRY, WRITE: logData.size=104, stateMachineData.size=0, logEntryProtoSerializedSize=0
java.util.concurrent.CompletionException: org.apache.hadoop.hdds.scm.container.common.helpers.StorageContainerException: Unable to find the block. BlockID : conID: 21 locID: 115816896921600441 bcsId: 0 replicaIndex: null
	at java.base/java.util.concurrent.CompletableFuture.encodeThrowable(CompletableFuture.java:332)
	at java.base/java.util.concurrent.CompletableFuture.completeThrowable(CompletableFuture.java:347)
	at java.base/java.util.concurrent.CompletableFuture.uniWhenComplete(CompletableFuture.java:874)
	at java.base/java.util.concurrent.CompletableFuture$UniWhenComplete.tryFire(CompletableFuture.java:841)
	at java.base/java.util.concurrent.CompletableFuture.postComplete(CompletableFuture.java:510)
	at java.base/java.util.concurrent.CompletableFuture.completeExceptionally(CompletableFuture.java:2194)
	at org.apache.hadoop.ozone.container.common.transport.server.ratis.ContainerStateMachine.lambda$applyTransaction$11(ContainerStateMachine.java:1172)
	at java.base/java.util.concurrent.CompletableFuture$UniApply.tryFire(CompletableFuture.java:646)
	at java.base/java.util.concurrent.CompletableFuture.postComplete(CompletableFuture.java:510)
	at java.base/java.util.concurrent.CompletableFuture.complete(CompletableFuture.java:2179)
	at org.apache.ratis.util.TaskQueue.lambda$submit$0(TaskQueue.java:133)
	at org.apache.ratis.util.LogUtils.runAndLog(LogUtils.java:38)
	at org.apache.ratis.util.LogUtils$1.run(LogUtils.java:78)
	at java.base/java.util.concurrent.Executors$RunnableAdapter.call(Executors.java:572)
	at java.base/java.util.concurrent.FutureTask.run(FutureTask.java:317)
	at java.base/java.util.concurrent.ThreadPoolExecutor.runWorker(ThreadPoolExecutor.java:1144)
	at java.base/java.util.concurrent.ThreadPoolExecutor$Worker.run(ThreadPoolExecutor.java:642)
	at java.base/java.lang.Thread.run(Thread.java:1583)
Caused by: org.apache.hadoop.hdds.scm.container.common.helpers.StorageContainerException: Unable to find the block. BlockID : conID: 21 locID: 115816896921600441 bcsId: 0 replicaIndex: null
	at org.apache.hadoop.ozone.container.common.transport.server.ratis.ContainerStateMachine.lambda$applyTransaction$11(ContainerStateMachine.java:1162)
	... 11 more
2025-10-16 19:49:08,720 | INFO  | SCMAudit | user=runner | ip=127.0.0.1 | op=SEND_HEARTBEAT {"datanodeUUID":"702cb173-5c73-4ecc-b5cd-c7b4a6b66aea","term":"2","command":"[]"} | ret=SUCCESS |  
2025-10-16 19:49:08,721 | INFO  | SCMAudit | user=runner | ip=127.0.0.1 | op=SEND_HEARTBEAT {"datanodeUUID":"757ca056-973f-4f05-ab2d-6aff6c54d452","term":"2","command":"[]"} | ret=SUCCESS |  
2025-10-16 19:49:08,721 | INFO  | SCMAudit | user=runner | ip=127.0.0.1 | op=SEND_HEARTBEAT {"datanodeUUID":"0e8b6cc7-9945-4141-97fc-6aa017a0d5fa","term":"2","command":"[]"} | ret=SUCCESS |  
2025-10-16 19:49:08,721 | INFO  | SCMAudit | user=runner | ip=127.0.0.1 | op=SEND_HEARTBEAT {"datanodeUUID":"e33e6ec4-6b66-4281-bedd-2bd75bd30070","term":"2","command":"[]"} | ret=SUCCESS |  
2025-10-16 19:49:08,725 [EventQueue-CloseContainerForCloseContainerEventHandler] INFO  container.CloseContainerEventHandler (CloseContainerEventHandler.java:onMessage(88)) - Close container Event triggered for container : #21, current state: CLOSING
2025-10-16 19:49:08,730 [grpc-default-executor-8] ERROR impl.OrderedAsync (OrderedAsync.java:lambda$send$4(181)) - Failed to send request, message=cmdType: FinalizeBlock traceID: "" containerID: 21 datanodeUuid: "702cb173-5c73-4ecc-b5cd-c7b4a6b66aea" encodedToken: "VAoGcnVubmVyEiNjb25JRDogMjEgbG9jSUQ6IDExNTgxNjg5NjkyMTYwMDQ0MRiak-CdnzMoASgCMICAgAI6FQiTnIWAlZbGkkIQ4aOs9Mn9iaiMASC4eqcXeRTkq5alO2sneXTVm2uz6zZHI2JE-RfAfK85LBBIRERTX0JMT0NLX1RPS0VOJmNvbklEOiAyMSBsb2NJRDogMTE1ODE2ODk2OTIxNjAwNDQxAAAA" version: 3 finalizeBlock { blockID { containerID: 21 localID: 115816896921600441 blockCommitSequenceId: 0 } }, data.size=0
java.util.concurrent.CompletionException: org.apache.ratis.protocol.exceptions.StateMachineException: org.apache.hadoop.hdds.scm.container.common.helpers.StorageContainerException: Unable to find the block. BlockID : conID: 21 locID: 115816896921600441 bcsId: 0 replicaIndex: null
	at org.apache.ratis.client.impl.RaftClientImpl.handleRaftException(RaftClientImpl.java:373)
	at org.apache.ratis.client.impl.OrderedAsync.lambda$send$3(OrderedAsync.java:175)
	at java.base/java.util.concurrent.CompletableFuture$UniApply.tryFire(CompletableFuture.java:646)
	at java.base/java.util.concurrent.CompletableFuture.postComplete(CompletableFuture.java:510)
	at java.base/java.util.concurrent.CompletableFuture.complete(CompletableFuture.java:2179)
	at org.apache.ratis.client.impl.OrderedAsync$PendingOrderedRequest.setReply(OrderedAsync.java:105)
	at org.apache.ratis.client.impl.OrderedAsync$PendingOrderedRequest.setReply(OrderedAsync.java:66)
	at org.apache.ratis.util.SlidingWindow$RequestMap.setReply(SlidingWindow.java:147)
	at org.apache.ratis.util.SlidingWindow$Client.receiveReply(SlidingWindow.java:351)
	at org.apache.ratis.client.impl.OrderedAsync.lambda$sendRequestWithRetry$5(OrderedAsync.java:210)
	at java.base/java.util.concurrent.CompletableFuture$UniAccept.tryFire(CompletableFuture.java:718)
	at java.base/java.util.concurrent.CompletableFuture.postComplete(CompletableFuture.java:510)
	at java.base/java.util.concurrent.CompletableFuture.complete(CompletableFuture.java:2179)
	at org.apache.ratis.grpc.client.GrpcClientProtocolClient$AsyncStreamObservers$1.lambda$onNext$0(GrpcClientProtocolClient.java:325)
	at java.base/java.util.Optional.ifPresent(Optional.java:178)
	at org.apache.ratis.grpc.client.GrpcClientProtocolClient$AsyncStreamObservers.handleReplyFuture(GrpcClientProtocolClient.java:381)
	at org.apache.ratis.grpc.client.GrpcClientProtocolClient$AsyncStreamObservers.access$100(GrpcClientProtocolClient.java:303)
	at org.apache.ratis.grpc.client.GrpcClientProtocolClient$AsyncStreamObservers$1.onNext(GrpcClientProtocolClient.java:325)
	at org.apache.ratis.grpc.client.GrpcClientProtocolClient$AsyncStreamObservers$1.onNext(GrpcClientProtocolClient.java:308)
	at org.apache.ratis.thirdparty.io.grpc.stub.ClientCalls$StreamObserverToCallListenerAdapter.onMessage(ClientCalls.java:551)
	at org.apache.ratis.thirdparty.io.grpc.ForwardingClientCallListener.onMessage(ForwardingClientCallListener.java:33)
	at org.apache.ratis.thirdparty.io.grpc.internal.ClientCallImpl$ClientStreamListenerImpl$1MessagesAvailable.runInternal(ClientCallImpl.java:661)
	at org.apache.ratis.thirdparty.io.grpc.internal.ClientCallImpl$ClientStreamListenerImpl$1MessagesAvailable.runInContext(ClientCallImpl.java:648)
	at org.apache.ratis.thirdparty.io.grpc.internal.ContextRunnable.run(ContextRunnable.java:37)
	at org.apache.ratis.thirdparty.io.grpc.internal.SerializingExecutor.run(SerializingExecutor.java:133)
	at java.base/java.util.concurrent.ThreadPoolExecutor.runWorker(ThreadPoolExecutor.java:1144)
	at java.base/java.util.concurrent.ThreadPoolExecutor$Worker.run(ThreadPoolExecutor.java:642)
	at java.base/java.lang.Thread.run(Thread.java:1583)
Caused by: org.apache.ratis.protocol.exceptions.StateMachineException: org.apache.hadoop.hdds.scm.container.common.helpers.StorageContainerException: Unable to find the block. BlockID : conID: 21 locID: 115816896921600441 bcsId: 0 replicaIndex: null
	at org.apache.hadoop.ozone.container.common.transport.server.ratis.ContainerStateMachine.lambda$applyTransaction$11(ContainerStateMachine.java:1162)
	at java.base/java.util.concurrent.CompletableFuture$UniApply.tryFire(CompletableFuture.java:646)
	at java.base/java.util.concurrent.CompletableFuture.postComplete(CompletableFuture.java:510)
	at java.base/java.util.concurrent.CompletableFuture.complete(CompletableFuture.java:2179)
	at org.apache.ratis.util.TaskQueue.lambda$submit$0(TaskQueue.java:133)
	at org.apache.ratis.util.LogUtils.runAndLog(LogUtils.java:38)
	at org.apache.ratis.util.LogUtils$1.run(LogUtils.java:78)
	at java.base/java.util.concurrent.Executors$RunnableAdapter.call(Executors.java:572)
	at java.base/java.util.concurrent.FutureTask.run(FutureTask.java:317)
	... 3 more
2025-10-16 19:49:08,732 [ForkJoinPool-1-worker-1] WARN  ozone.BasicRootedOzoneClientAdapterImpl (BasicRootedOzoneClientAdapterImpl.java:finalizeBlock(1489)) - Failed to execute finalizeBlock command
java.io.IOException: Failed to execute command cmdType: FinalizeBlock containerID: 21 datanodeUuid: "702cb173-5c73-4ecc-b5cd-c7b4a6b66aea" encodedToken: "VAoGcnVubmVyEiNjb25JRDogMjEgbG9jSUQ6IDExNTgxNjg5NjkyMTYwMDQ0MRiak-CdnzMoASgCMICAgAI6FQiTnIWAlZbGkkIQ4aOs9Mn9iaiMASC4eqcXeRTkq5alO2sneXTVm2uz6zZHI2JE-RfAfK85LBBIRERTX0JMT0NLX1RPS0VOJmNvbklEOiAyMSBsb2NJRDogMTE1ODE2ODk2OTIxNjAwNDQxAAAA" finalizeBlock { blockID { containerID: 21 localID: 115816896921600441 blockCommitSequenceId: 0 } }
	at org.apache.hadoop.hdds.scm.XceiverClientSpi.getIOExceptionForSendCommand(XceiverClientSpi.java:150)
	at org.apache.hadoop.hdds.scm.XceiverClientSpi.sendCommand(XceiverClientSpi.java:143)
	at org.apache.hadoop.hdds.scm.storage.ContainerProtocolCalls.finalizeBlock(ContainerProtocolCalls.java:322)
	at org.apache.hadoop.fs.ozone.BasicRootedOzoneClientAdapterImpl.finalizeBlock(BasicRootedOzoneClientAdapterImpl.java:1484)
	at org.apache.hadoop.fs.ozone.LeaseRecoveryClientDNHandler.getOmKeyLocationInfos(LeaseRecoveryClientDNHandler.java:81)
	at org.apache.hadoop.fs.ozone.RootedOzoneFileSystem.recoverLeaseTraced(RootedOzoneFileSystem.java:165)
	at org.apache.hadoop.fs.ozone.RootedOzoneFileSystem.lambda$recoverLease$0(RootedOzoneFileSystem.java:143)
	at org.apache.hadoop.hdds.tracing.TracingUtil.executeInSpan(TracingUtil.java:205)
	at org.apache.hadoop.hdds.tracing.TracingUtil.executeInNewSpan(TracingUtil.java:195)
	at org.apache.hadoop.fs.ozone.RootedOzoneFileSystem.recoverLease(RootedOzoneFileSystem.java:142)
	at org.apache.hadoop.ozone.client.rpc.TestSecureOzoneRpcClient.testPreallocateFileRecovery(TestSecureOzoneRpcClient.java:305)
	at java.base/jdk.internal.reflect.DirectMethodHandleAccessor.invoke(DirectMethodHandleAccessor.java:103)
	at java.base/java.lang.reflect.Method.invoke(Method.java:580)
	at org.junit.platform.commons.util.ReflectionUtils.invokeMethod(ReflectionUtils.java:786)
	at org.junit.platform.commons.support.ReflectionSupport.invokeMethod(ReflectionSupport.java:514)
	at org.junit.jupiter.engine.execution.MethodInvocation.proceed(MethodInvocation.java:60)
	at org.junit.jupiter.engine.execution.InvocationInterceptorChain$ValidatingInvocation.proceed(InvocationInterceptorChain.java:131)
	at org.junit.jupiter.engine.extension.SameThreadTimeoutInvocation.proceed(SameThreadTimeoutInvocation.java:49)
	at org.junit.jupiter.engine.extension.TimeoutExtension.intercept(TimeoutExtension.java:161)
	at org.junit.jupiter.engine.extension.TimeoutExtension.interceptTestableMethod(TimeoutExtension.java:152)
	at org.junit.jupiter.engine.extension.TimeoutExtension.interceptTestTemplateMethod(TimeoutExtension.java:99)
	at org.junit.jupiter.engine.execution.InterceptingExecutableInvoker$ReflectiveInterceptorCall.lambda$ofVoidMethod$0(InterceptingExecutableInvoker.java:112)
	at org.junit.jupiter.engine.execution.InterceptingExecutableInvoker.lambda$invoke$0(InterceptingExecutableInvoker.java:94)
	at org.junit.jupiter.engine.execution.InvocationInterceptorChain$InterceptedInvocation.proceed(InvocationInterceptorChain.java:106)
	at org.junit.jupiter.engine.execution.InvocationInterceptorChain.proceed(InvocationInterceptorChain.java:64)
	at org.junit.jupiter.engine.execution.InvocationInterceptorChain.chainAndInvoke(InvocationInterceptorChain.java:45)
	at org.junit.jupiter.engine.execution.InvocationInterceptorChain.invoke(InvocationInterceptorChain.java:37)
	at org.junit.jupiter.engine.execution.InterceptingExecutableInvoker.invoke(InterceptingExecutableInvoker.java:93)
	at org.junit.jupiter.engine.execution.InterceptingExecutableInvoker.invoke(InterceptingExecutableInvoker.java:87)
	at org.junit.jupiter.engine.descriptor.TestMethodTestDescriptor.lambda$invokeTestMethod$4(TestMethodTestDescriptor.java:221)
	at org.junit.platform.engine.support.hierarchical.ThrowableCollector.execute(ThrowableCollector.java:73)
	at org.junit.jupiter.engine.descriptor.TestMethodTestDescriptor.invokeTestMethod(TestMethodTestDescriptor.java:217)
	at org.junit.jupiter.engine.descriptor.TestMethodTestDescriptor.execute(TestMethodTestDescriptor.java:159)
	at org.junit.jupiter.engine.descriptor.TestMethodTestDescriptor.execute(TestMethodTestDescriptor.java:70)
	at org.junit.platform.engine.support.hierarchical.NodeTestTask.lambda$executeRecursively$6(NodeTestTask.java:157)
	at org.junit.platform.engine.support.hierarchical.ThrowableCollector.execute(ThrowableCollector.java:73)
	at org.junit.platform.engine.support.hierarchical.NodeTestTask.lambda$executeRecursively$8(NodeTestTask.java:147)
	at org.junit.platform.engine.support.hierarchical.Node.around(Node.java:137)
	at org.junit.platform.engine.support.hierarchical.NodeTestTask.lambda$executeRecursively$9(NodeTestTask.java:145)
	at org.junit.platform.engine.support.hierarchical.ThrowableCollector.execute(ThrowableCollector.java:73)
	at org.junit.platform.engine.support.hierarchical.NodeTestTask.executeRecursively(NodeTestTask.java:144)
	at org.junit.platform.engine.support.hierarchical.NodeTestTask.execute(NodeTestTask.java:101)
	at org.junit.platform.engine.support.hierarchical.ForkJoinPoolHierarchicalTestExecutorService$ExclusiveTask.exec(ForkJoinPoolHierarchicalTestExecutorService.java:274)
	at org.junit.platform.engine.support.hierarchical.ForkJoinPoolHierarchicalTestExecutorService$ExclusiveTask.execSync(ForkJoinPoolHierarchicalTestExecutorService.java:247)
	at org.junit.platform.engine.support.hierarchical.ForkJoinPoolHierarchicalTestExecutorService.submit(ForkJoinPoolHierarchicalTestExecutorService.java:148)
	at org.junit.platform.engine.support.hierarchical.NodeTestTask$DefaultDynamicTestExecutor.execute(NodeTestTask.java:232)
	at org.junit.platform.engine.support.hierarchical.NodeTestTask$DefaultDynamicTestExecutor.execute(NodeTestTask.java:210)
	at org.junit.jupiter.engine.descriptor.TemplateExecutor.execute(TemplateExecutor.java:98)
	at org.junit.jupiter.engine.descriptor.TemplateExecutor.lambda$executeForProvider$0(TemplateExecutor.java:61)
	at java.base/java.util.Optional.ifPresent(Optional.java:178)
	at org.junit.jupiter.engine.descriptor.TemplateExecutor.lambda$executeForProvider$1(TemplateExecutor.java:61)
	at java.base/java.util.stream.ForEachOps$ForEachOp$OfRef.accept(ForEachOps.java:184)
	at java.base/java.util.stream.ReferencePipeline$3$1.accept(ReferencePipeline.java:197)
	at java.base/java.util.stream.ForEachOps$ForEachOp$OfRef.accept(ForEachOps.java:184)
	at java.base/java.util.stream.ForEachOps$ForEachOp$OfRef.accept(ForEachOps.java:184)
	at java.base/java.util.stream.ReferencePipeline$3$1.accept(ReferencePipeline.java:197)
	at java.base/java.util.Spliterators$ArraySpliterator.forEachRemaining(Spliterators.java:1024)
	at java.base/java.util.stream.AbstractPipeline.copyInto(AbstractPipeline.java:509)
	at java.base/java.util.stream.AbstractPipeline.wrapAndCopyInto(AbstractPipeline.java:499)
	at java.base/java.util.stream.ForEachOps$ForEachOp.evaluateSequential(ForEachOps.java:151)
	at java.base/java.util.stream.ForEachOps$ForEachOp$OfRef.evaluateSequential(ForEachOps.java:174)
	at java.base/java.util.stream.AbstractPipeline.evaluate(AbstractPipeline.java:234)
	at java.base/java.util.stream.ReferencePipeline.forEach(ReferencePipeline.java:596)
	at java.base/java.util.stream.ReferencePipeline$7$1.accept(ReferencePipeline.java:276)
	at java.base/java.util.ArrayList$ArrayListSpliterator.forEachRemaining(ArrayList.java:1708)
	at java.base/java.util.stream.AbstractPipeline.copyInto(AbstractPipeline.java:509)
	at java.base/java.util.stream.AbstractPipeline.wrapAndCopyInto(AbstractPipeline.java:499)
	at java.base/java.util.stream.ForEachOps$ForEachOp.evaluateSequential(ForEachOps.java:151)
	at java.base/java.util.stream.ForEachOps$ForEachOp$OfRef.evaluateSequential(ForEachOps.java:174)
	at java.base/java.util.stream.AbstractPipeline.evaluate(AbstractPipeline.java:234)
	at java.base/java.util.stream.ReferencePipeline.forEach(ReferencePipeline.java:596)
	at java.base/java.util.stream.ReferencePipeline$7$1.accept(ReferencePipeline.java:276)
	at java.base/java.util.stream.ReferencePipeline$3$1.accept(ReferencePipeline.java:197)
	at java.base/java.util.stream.ReferencePipeline$3$1.accept(ReferencePipeline.java:197)
	at java.base/java.util.stream.ReferencePipeline$3$1.accept(ReferencePipeline.java:197)
	at java.base/java.util.ArrayList$ArrayListSpliterator.forEachRemaining(ArrayList.java:1708)
	at java.base/java.util.stream.AbstractPipeline.copyInto(AbstractPipeline.java:509)
	at java.base/java.util.stream.AbstractPipeline.wrapAndCopyInto(AbstractPipeline.java:499)
	at java.base/java.util.stream.ForEachOps$ForEachOp.evaluateSequential(ForEachOps.java:151)
	at java.base/java.util.stream.ForEachOps$ForEachOp$OfRef.evaluateSequential(ForEachOps.java:174)
	at java.base/java.util.stream.AbstractPipeline.evaluate(AbstractPipeline.java:234)
	at java.base/java.util.stream.ReferencePipeline.forEach(ReferencePipeline.java:596)
	at org.junit.jupiter.engine.descriptor.TemplateExecutor.executeForProvider(TemplateExecutor.java:59)
	at org.junit.jupiter.engine.descriptor.TemplateExecutor.execute(TemplateExecutor.java:48)
	at org.junit.jupiter.engine.descriptor.TestTemplateTestDescriptor.execute(TestTemplateTestDescriptor.java:112)
	at org.junit.jupiter.engine.descriptor.TestTemplateTestDescriptor.execute(TestTemplateTestDescriptor.java:40)
	at org.junit.platform.engine.support.hierarchical.NodeTestTask.lambda$executeRecursively$6(NodeTestTask.java:157)
	at org.junit.platform.engine.support.hierarchical.ThrowableCollector.execute(ThrowableCollector.java:73)
	at org.junit.platform.engine.support.hierarchical.NodeTestTask.lambda$executeRecursively$8(NodeTestTask.java:147)
	at org.junit.platform.engine.support.hierarchical.Node.around(Node.java:137)
	at org.junit.platform.engine.support.hierarchical.NodeTestTask.lambda$executeRecursively$9(NodeTestTask.java:145)
	at org.junit.platform.engine.support.hierarchical.ThrowableCollector.execute(ThrowableCollector.java:73)
	at org.junit.platform.engine.support.hierarchical.NodeTestTask.executeRecursively(NodeTestTask.java:144)
	at org.junit.platform.engine.support.hierarchical.NodeTestTask.execute(NodeTestTask.java:101)
	at org.junit.platform.engine.support.hierarchical.ForkJoinPoolHierarchicalTestExecutorService$ExclusiveTask.exec(ForkJoinPoolHierarchicalTestExecutorService.java:274)
	at org.junit.platform.engine.support.hierarchical.ForkJoinPoolHierarchicalTestExecutorService$ExclusiveTask.execSync(ForkJoinPoolHierarchicalTestExecutorService.java:247)
	at org.junit.platform.engine.support.hierarchical.ForkJoinPoolHierarchicalTestExecutorService.executeSync(ForkJoinPoolHierarchicalTestExecutorService.java:194)
	at org.junit.platform.engine.support.hierarchical.ForkJoinPoolHierarchicalTestExecutorService.invokeAll(ForkJoinPoolHierarchicalTestExecutorService.java:166)
	at org.junit.platform.engine.support.hierarchical.NodeTestTask.lambda$executeRecursively$6(NodeTestTask.java:161)
	at org.junit.platform.engine.support.hierarchical.ThrowableCollector.execute(ThrowableCollector.java:73)
	at org.junit.platform.engine.support.hierarchical.NodeTestTask.lambda$executeRecursively$8(NodeTestTask.java:147)
	at org.junit.platform.engine.support.hierarchical.Node.around(Node.java:137)
	at org.junit.platform.engine.support.hierarchical.NodeTestTask.lambda$executeRecursively$9(NodeTestTask.java:145)
	at org.junit.platform.engine.support.hierarchical.ThrowableCollector.execute(ThrowableCollector.java:73)
	at org.junit.platform.engine.support.hierarchical.NodeTestTask.executeRecursively(NodeTestTask.java:144)
	at org.junit.platform.engine.support.hierarchical.NodeTestTask.execute(NodeTestTask.java:101)
	at org.junit.platform.engine.support.hierarchical.ForkJoinPoolHierarchicalTestExecutorService$ExclusiveTask.exec(ForkJoinPoolHierarchicalTestExecutorService.java:274)
	at org.junit.platform.engine.support.hierarchical.ForkJoinPoolHierarchicalTestExecutorService$ExclusiveTask.execSync(ForkJoinPoolHierarchicalTestExecutorService.java:247)
	at org.junit.platform.engine.support.hierarchical.ForkJoinPoolHierarchicalTestExecutorService.invokeAll(ForkJoinPoolHierarchicalTestExecutorService.java:159)
	at org.junit.platform.engine.support.hierarchical.NodeTestTask.lambda$executeRecursively$6(NodeTestTask.java:161)
	at org.junit.platform.engine.support.hierarchical.ThrowableCollector.execute(ThrowableCollector.java:73)
	at org.junit.platform.engine.support.hierarchical.NodeTestTask.lambda$executeRecursively$8(NodeTestTask.java:147)
	at org.junit.platform.engine.support.hierarchical.Node.around(Node.java:137)
	at org.junit.platform.engine.support.hierarchical.NodeTestTask.lambda$executeRecursively$9(NodeTestTask.java:145)
	at org.junit.platform.engine.support.hierarchical.ThrowableCollector.execute(ThrowableCollector.java:73)
	at org.junit.platform.engine.support.hierarchical.NodeTestTask.executeRecursively(NodeTestTask.java:144)
	at org.junit.platform.engine.support.hierarchical.NodeTestTask.execute(NodeTestTask.java:101)
	at org.junit.platform.engine.support.hierarchical.ForkJoinPoolHierarchicalTestExecutorService$ExclusiveTask.exec(ForkJoinPoolHierarchicalTestExecutorService.java:274)
	at java.base/java.util.concurrent.ForkJoinTask.doExec(ForkJoinTask.java:387)
	at java.base/java.util.concurrent.ForkJoinPool$WorkQueue.topLevelExec(ForkJoinPool.java:1312)
	at java.base/java.util.concurrent.ForkJoinPool.scan(ForkJoinPool.java:1843)
	at java.base/java.util.concurrent.ForkJoinPool.runWorker(ForkJoinPool.java:1808)
	at java.base/java.util.concurrent.ForkJoinWorkerThread.run(ForkJoinWorkerThread.java:188)
Caused by: java.util.concurrent.ExecutionException: org.apache.ratis.protocol.exceptions.StateMachineException: org.apache.hadoop.hdds.scm.container.common.helpers.StorageContainerException: Unable to find the block. BlockID : conID: 21 locID: 115816896921600441 bcsId: 0 replicaIndex: null
	at java.base/java.util.concurrent.CompletableFuture.reportGet(CompletableFuture.java:396)
	at java.base/java.util.concurrent.CompletableFuture.get(CompletableFuture.java:2073)
	at org.apache.hadoop.hdds.scm.XceiverClientSpi.sendCommand(XceiverClientSpi.java:133)
	... 121 more
Caused by: org.apache.ratis.protocol.exceptions.StateMachineException: org.apache.hadoop.hdds.scm.container.common.helpers.StorageContainerException: Unable to find the block. BlockID : conID: 21 locID: 115816896921600441 bcsId: 0 replicaIndex: null
	at org.apache.hadoop.ozone.container.common.transport.server.ratis.ContainerStateMachine.lambda$applyTransaction$11(ContainerStateMachine.java:1162)
	at java.base/java.util.concurrent.CompletableFuture$UniApply.tryFire(CompletableFuture.java:646)
	at java.base/java.util.concurrent.CompletableFuture.postComplete(CompletableFuture.java:510)
	at java.base/java.util.concurrent.CompletableFuture.complete(CompletableFuture.java:2179)
	at org.apache.ratis.util.TaskQueue.lambda$submit$0(TaskQueue.java:133)
	at org.apache.ratis.util.LogUtils.runAndLog(LogUtils.java:38)
	at org.apache.ratis.util.LogUtils$1.run(LogUtils.java:78)
	at java.base/java.util.concurrent.Executors$RunnableAdapter.call(Executors.java:572)
	at java.base/java.util.concurrent.FutureTask.run(FutureTask.java:317)
	at java.base/java.util.concurrent.ThreadPoolExecutor.runWorker(ThreadPoolExecutor.java:1144)
	at java.base/java.util.concurrent.ThreadPoolExecutor$Worker.run(ThreadPoolExecutor.java:642)
	at java.base/java.lang.Thread.run(Thread.java:1583)
2025-10-16 19:49:08,738 [e33e6ec4-6b66-4281-bedd-2bd75bd30070-ContainerOp-a6d455ad-cb8f-42d4-aaf7-6ca5f15a0415-0] WARN  ratis.XceiverServerRatis (XceiverServerRatis.java:triggerPipelineClose(767)) - pipeline Action CLOSE on pipeline Pipeline-a6d455ad-cb8f-42d4-aaf7-6ca5f15a0415.Reason : Ratis Transaction failure in datanode e33e6ec4-6b66-4281-bedd-2bd75bd30070 with role LEADER .Triggering pipeline close action.
2025-10-16 19:49:08,739 [702cb173-5c73-4ecc-b5cd-c7b4a6b66aea-ContainerOp-a6d455ad-cb8f-42d4-aaf7-6ca5f15a0415-2] WARN  ratis.XceiverServerRatis (XceiverServerRatis.java:triggerPipelineClose(767)) - pipeline Action CLOSE on pipeline Pipeline-a6d455ad-cb8f-42d4-aaf7-6ca5f15a0415.Reason : Ratis Transaction failure in datanode 702cb173-5c73-4ecc-b5cd-c7b4a6b66aea with role FOLLOWER .Triggering pipeline close action.
2025-10-16 19:49:08,739 [0e8b6cc7-9945-4141-97fc-6aa017a0d5fa-ContainerOp-a6d455ad-cb8f-42d4-aaf7-6ca5f15a0415-2] WARN  ratis.XceiverServerRatis (XceiverServerRatis.java:triggerPipelineClose(767)) - pipeline Action CLOSE on pipeline Pipeline-a6d455ad-cb8f-42d4-aaf7-6ca5f15a0415.Reason : Ratis Transaction failure in datanode 0e8b6cc7-9945-4141-97fc-6aa017a0d5fa with role FOLLOWER .Triggering pipeline close action.
2025-10-16 19:49:08,739 [EventQueue-CloseContainerForCloseContainerEventHandler] INFO  container.CloseContainerEventHandler (CloseContainerEventHandler.java:onMessage(88)) - Close container Event triggered for container : #21, current state: CLOSING
2025-10-16 19:49:08,741 | INFO  | SCMAudit | user=runner | ip=127.0.0.1 | op=SEND_HEARTBEAT {"datanodeUUID":"e33e6ec4-6b66-4281-bedd-2bd75bd30070","term":"2","command":"[]"} | ret=SUCCESS |  
2025-10-16 19:49:08,741 | INFO  | SCMAudit | user=runner | ip=127.0.0.1 | op=SEND_HEARTBEAT {"datanodeUUID":"0e8b6cc7-9945-4141-97fc-6aa017a0d5fa","term":"2","command":"[]"} | ret=SUCCESS |  
2025-10-16 19:49:08,743 [EventQueue-CloseContainerForCloseContainerEventHandler] INFO  container.CloseContainerEventHandler (CloseContainerEventHandler.java:onMessage(88)) - Close container Event triggered for container : #21, current state: CLOSING
2025-10-16 19:49:08,744 [EventQueue-PipelineActionsForPipelineActionHandler] INFO  pipeline.PipelineActionHandler (PipelineActionHandler.java:processPipelineAction(89)) - Received pipeline action CLOSE for Pipeline-a6d455ad-cb8f-42d4-aaf7-6ca5f15a0415 from datanode 702cb173-5c73-4ecc-b5cd-c7b4a6b66aea(localhost/127.0.0.1). Reason : Ratis Transaction failure in datanode 702cb173-5c73-4ecc-b5cd-c7b4a6b66aea with role FOLLOWER .Triggering pipeline close action.
2025-10-16 19:49:08,746 | INFO  | SCMAudit | user=runner | ip=127.0.0.1 | op=SEND_HEARTBEAT {"datanodeUUID":"702cb173-5c73-4ecc-b5cd-c7b4a6b66aea","term":"2","command":"[]"} | ret=SUCCESS |  
2025-10-16 19:49:08,747 [702cb173-5c73-4ecc-b5cd-c7b4a6b66aea-ChunkReader-7] WARN  keyvalue.KeyValueHandler (ContainerUtils.java:logAndReturnError(94)) - Operation: GetCommittedBlockLength , Trace ID:  , Message: Unable to find the block. BlockID : conID: 21 locID: 115816896921600441 bcsId: 0 replicaIndex: null , Result: NO_SUCH_BLOCK , StorageContainerException Occurred.
org.apache.hadoop.hdds.scm.container.common.helpers.StorageContainerException: Unable to find the block. BlockID : conID: 21 locID: 115816896921600441 bcsId: 0 replicaIndex: null
	at org.apache.hadoop.ozone.container.metadata.DatanodeStoreWithIncrementalChunkList.getCompleteBlockData(DatanodeStoreWithIncrementalChunkList.java:67)
	at org.apache.hadoop.ozone.container.metadata.DatanodeStore.getBlockByID(DatanodeStore.java:90)
	at org.apache.hadoop.ozone.container.keyvalue.impl.BlockManagerImpl.getBlockByID(BlockManagerImpl.java:462)
	at org.apache.hadoop.ozone.container.keyvalue.impl.BlockManagerImpl.getCommittedBlockLength(BlockManagerImpl.java:367)
	at org.apache.hadoop.ozone.container.keyvalue.KeyValueHandler.handleGetCommittedBlockLength(KeyValueHandler.java:860)
	at org.apache.hadoop.ozone.container.keyvalue.KeyValueHandler.dispatchRequest(KeyValueHandler.java:355)
	at org.apache.hadoop.ozone.container.keyvalue.KeyValueHandler.handle(KeyValueHandler.java:293)
	at org.apache.hadoop.ozone.container.common.impl.HddsDispatcher.dispatchRequest(HddsDispatcher.java:365)
	at org.apache.hadoop.ozone.container.common.impl.HddsDispatcher.lambda$dispatch$1(HddsDispatcher.java:190)
	at org.apache.hadoop.hdds.server.OzoneProtocolMessageDispatcher.processRequest(OzoneProtocolMessageDispatcher.java:89)
	at org.apache.hadoop.ozone.container.common.impl.HddsDispatcher.dispatch(HddsDispatcher.java:189)
	at org.apache.hadoop.ozone.container.common.transport.server.GrpcXceiverService$1.onNext(GrpcXceiverService.java:107)
	at org.apache.hadoop.ozone.container.common.transport.server.GrpcXceiverService$1.onNext(GrpcXceiverService.java:96)
	at org.apache.ratis.thirdparty.io.grpc.stub.ServerCalls$StreamingServerCallHandler$StreamingServerCallListener.onMessage(ServerCalls.java:262)
	at org.apache.ratis.thirdparty.io.grpc.ForwardingServerCallListener.onMessage(ForwardingServerCallListener.java:33)
	at org.apache.hadoop.hdds.tracing.GrpcServerInterceptor$1.onMessage(GrpcServerInterceptor.java:49)
	at org.apache.ratis.thirdparty.io.grpc.internal.ServerCallImpl$ServerStreamListenerImpl.messagesAvailableInternal(ServerCallImpl.java:334)
	at org.apache.ratis.thirdparty.io.grpc.internal.ServerCallImpl$ServerStreamListenerImpl.messagesAvailable(ServerCallImpl.java:319)
	at org.apache.ratis.thirdparty.io.grpc.internal.ServerImpl$JumpToApplicationThreadServerStreamListener$1MessagesAvailable.runInContext(ServerImpl.java:834)
	at org.apache.ratis.thirdparty.io.grpc.internal.ContextRunnable.run(ContextRunnable.java:37)
	at org.apache.ratis.thirdparty.io.grpc.internal.SerializingExecutor.run(SerializingExecutor.java:133)
	at java.base/java.util.concurrent.ThreadPoolExecutor.runWorker(ThreadPoolExecutor.java:1144)
	at java.base/java.util.concurrent.ThreadPoolExecutor$Worker.run(ThreadPoolExecutor.java:642)
	at java.base/java.lang.Thread.run(Thread.java:1583)
2025-10-16 19:49:08,747 | ERROR | DNAudit | user=null | ip=null | op=GET_COMMITTED_BLOCK_LENGTH {"blockData":"conID: 21 locID: 115816896921600441 bcsId: 0 replicaIndex: null"} | ret=FAILURE | 
java.lang.Exception: Unable to find the block. BlockID : conID: 21 locID: 115816896921600441 bcsId: 0 replicaIndex: null
	at org.apache.hadoop.ozone.container.common.impl.HddsDispatcher.dispatchRequest(HddsDispatcher.java:440)
	at org.apache.hadoop.ozone.container.common.impl.HddsDispatcher.lambda$dispatch$1(HddsDispatcher.java:190)
 
2025-10-16 19:49:08,748 [EventQueue-PipelineActionsForPipelineActionHandler] INFO  pipeline.PipelineManagerImpl (PipelineManagerImpl.java:closePipeline(511)) - Pipeline Pipeline-a6d455ad-cb8f-42d4-aaf7-6ca5f15a0415 moved to CLOSED state
2025-10-16 19:49:08,749 [EventQueue-PipelineActionsForPipelineActionHandler] INFO  pipeline.PipelineActionHandler (PipelineActionHandler.java:processPipelineAction(89)) - Received pipeline action CLOSE for Pipeline-a6d455ad-cb8f-42d4-aaf7-6ca5f15a0415 from datanode e33e6ec4-6b66-4281-bedd-2bd75bd30070(localhost/127.0.0.1). Reason : Ratis Transaction failure in datanode e33e6ec4-6b66-4281-bedd-2bd75bd30070 with role LEADER .Triggering pipeline close action.
2025-10-16 19:49:08,749 [EventQueue-PipelineActionsForPipelineActionHandler] INFO  pipeline.PipelineActionHandler (PipelineActionHandler.java:processPipelineAction(89)) - Received pipeline action CLOSE for Pipeline-a6d455ad-cb8f-42d4-aaf7-6ca5f15a0415 from datanode 0e8b6cc7-9945-4141-97fc-6aa017a0d5fa(localhost/127.0.0.1). Reason : Ratis Transaction failure in datanode 0e8b6cc7-9945-4141-97fc-6aa017a0d5fa with role FOLLOWER .Triggering pipeline close action.
2025-10-16 19:49:08,756 [0e8b6cc7-9945-4141-97fc-6aa017a0d5fa-ChunkReader-9] WARN  keyvalue.KeyValueHandler (ContainerUtils.java:logAndReturnError(94)) - Operation: GetCommittedBlockLength , Trace ID:  , Message: Unable to find the block. BlockID : conID: 21 locID: 115816896921600441 bcsId: 0 replicaIndex: null , Result: NO_SUCH_BLOCK , StorageContainerException Occurred.
org.apache.hadoop.hdds.scm.container.common.helpers.StorageContainerException: Unable to find the block. BlockID : conID: 21 locID: 115816896921600441 bcsId: 0 replicaIndex: null
	at org.apache.hadoop.ozone.container.metadata.DatanodeStoreWithIncrementalChunkList.getCompleteBlockData(DatanodeStoreWithIncrementalChunkList.java:67)
	at org.apache.hadoop.ozone.container.metadata.DatanodeStore.getBlockByID(DatanodeStore.java:90)
	at org.apache.hadoop.ozone.container.keyvalue.impl.BlockManagerImpl.getBlockByID(BlockManagerImpl.java:462)
	at org.apache.hadoop.ozone.container.keyvalue.impl.BlockManagerImpl.getCommittedBlockLength(BlockManagerImpl.java:367)
	at org.apache.hadoop.ozone.container.keyvalue.KeyValueHandler.handleGetCommittedBlockLength(KeyValueHandler.java:860)
	at org.apache.hadoop.ozone.container.keyvalue.KeyValueHandler.dispatchRequest(KeyValueHandler.java:355)
	at org.apache.hadoop.ozone.container.keyvalue.KeyValueHandler.handle(KeyValueHandler.java:293)
	at org.apache.hadoop.ozone.container.common.impl.HddsDispatcher.dispatchRequest(HddsDispatcher.java:365)
	at org.apache.hadoop.ozone.container.common.impl.HddsDispatcher.lambda$dispatch$1(HddsDispatcher.java:190)
	at org.apache.hadoop.hdds.server.OzoneProtocolMessageDispatcher.processRequest(OzoneProtocolMessageDispatcher.java:89)
	at org.apache.hadoop.ozone.container.common.impl.HddsDispatcher.dispatch(HddsDispatcher.java:189)
	at org.apache.hadoop.ozone.container.common.transport.server.GrpcXceiverService$1.onNext(GrpcXceiverService.java:107)
	at org.apache.hadoop.ozone.container.common.transport.server.GrpcXceiverService$1.onNext(GrpcXceiverService.java:96)
	at org.apache.ratis.thirdparty.io.grpc.stub.ServerCalls$StreamingServerCallHandler$StreamingServerCallListener.onMessage(ServerCalls.java:262)
	at org.apache.ratis.thirdparty.io.grpc.ForwardingServerCallListener.onMessage(ForwardingServerCallListener.java:33)
	at org.apache.hadoop.hdds.tracing.GrpcServerInterceptor$1.onMessage(GrpcServerInterceptor.java:49)
	at org.apache.ratis.thirdparty.io.grpc.internal.ServerCallImpl$ServerStreamListenerImpl.messagesAvailableInternal(ServerCallImpl.java:334)
	at org.apache.ratis.thirdparty.io.grpc.internal.ServerCallImpl$ServerStreamListenerImpl.messagesAvailable(ServerCallImpl.java:319)
	at org.apache.ratis.thirdparty.io.grpc.internal.ServerImpl$JumpToApplicationThreadServerStreamListener$1MessagesAvailable.runInContext(ServerImpl.java:834)
	at org.apache.ratis.thirdparty.io.grpc.internal.ContextRunnable.run(ContextRunnable.java:37)
	at org.apache.ratis.thirdparty.io.grpc.internal.SerializingExecutor.run(SerializingExecutor.java:133)
	at java.base/java.util.concurrent.ThreadPoolExecutor.runWorker(ThreadPoolExecutor.java:1144)
	at java.base/java.util.concurrent.ThreadPoolExecutor$Worker.run(ThreadPoolExecutor.java:642)
	at java.base/java.lang.Thread.run(Thread.java:1583)
2025-10-16 19:49:08,756 | ERROR | DNAudit | user=null | ip=null | op=GET_COMMITTED_BLOCK_LENGTH {"blockData":"conID: 21 locID: 115816896921600441 bcsId: 0 replicaIndex: null"} | ret=FAILURE | 
java.lang.Exception: Unable to find the block. BlockID : conID: 21 locID: 115816896921600441 bcsId: 0 replicaIndex: null
	at org.apache.hadoop.ozone.container.common.impl.HddsDispatcher.dispatchRequest(HddsDispatcher.java:440)
	at org.apache.hadoop.ozone.container.common.impl.HddsDispatcher.lambda$dispatch$1(HddsDispatcher.java:190)
 
2025-10-16 19:49:08,761 [e33e6ec4-6b66-4281-bedd-2bd75bd30070-ChunkReader-1] WARN  keyvalue.KeyValueHandler (ContainerUtils.java:logAndReturnError(94)) - Operation: GetCommittedBlockLength , Trace ID:  , Message: Unable to find the block. BlockID : conID: 21 locID: 115816896921600441 bcsId: 0 replicaIndex: null , Result: NO_SUCH_BLOCK , StorageContainerException Occurred.
org.apache.hadoop.hdds.scm.container.common.helpers.StorageContainerException: Unable to find the block. BlockID : conID: 21 locID: 115816896921600441 bcsId: 0 replicaIndex: null
	at org.apache.hadoop.ozone.container.metadata.DatanodeStoreWithIncrementalChunkList.getCompleteBlockData(DatanodeStoreWithIncrementalChunkList.java:67)
	at org.apache.hadoop.ozone.container.metadata.DatanodeStore.getBlockByID(DatanodeStore.java:90)
	at org.apache.hadoop.ozone.container.keyvalue.impl.BlockManagerImpl.getBlockByID(BlockManagerImpl.java:462)
	at org.apache.hadoop.ozone.container.keyvalue.impl.BlockManagerImpl.getCommittedBlockLength(BlockManagerImpl.java:367)
	at org.apache.hadoop.ozone.container.keyvalue.KeyValueHandler.handleGetCommittedBlockLength(KeyValueHandler.java:860)
	at org.apache.hadoop.ozone.container.keyvalue.KeyValueHandler.dispatchRequest(KeyValueHandler.java:355)
	at org.apache.hadoop.ozone.container.keyvalue.KeyValueHandler.handle(KeyValueHandler.java:293)
	at org.apache.hadoop.ozone.container.common.impl.HddsDispatcher.dispatchRequest(HddsDispatcher.java:365)
	at org.apache.hadoop.ozone.container.common.impl.HddsDispatcher.lambda$dispatch$1(HddsDispatcher.java:190)
	at org.apache.hadoop.hdds.server.OzoneProtocolMessageDispatcher.processRequest(OzoneProtocolMessageDispatcher.java:89)
	at org.apache.hadoop.ozone.container.common.impl.HddsDispatcher.dispatch(HddsDispatcher.java:189)
	at org.apache.hadoop.ozone.container.common.transport.server.GrpcXceiverService$1.onNext(GrpcXceiverService.java:107)
	at org.apache.hadoop.ozone.container.common.transport.server.GrpcXceiverService$1.onNext(GrpcXceiverService.java:96)
	at org.apache.ratis.thirdparty.io.grpc.stub.ServerCalls$StreamingServerCallHandler$StreamingServerCallListener.onMessage(ServerCalls.java:262)
	at org.apache.ratis.thirdparty.io.grpc.ForwardingServerCallListener.onMessage(ForwardingServerCallListener.java:33)
	at org.apache.hadoop.hdds.tracing.GrpcServerInterceptor$1.onMessage(GrpcServerInterceptor.java:49)
	at org.apache.ratis.thirdparty.io.grpc.internal.ServerCallImpl$ServerStreamListenerImpl.messagesAvailableInternal(ServerCallImpl.java:334)
	at org.apache.ratis.thirdparty.io.grpc.internal.ServerCallImpl$ServerStreamListenerImpl.messagesAvailable(ServerCallImpl.java:319)
	at org.apache.ratis.thirdparty.io.grpc.internal.ServerImpl$JumpToApplicationThreadServerStreamListener$1MessagesAvailable.runInContext(ServerImpl.java:834)
	at org.apache.ratis.thirdparty.io.grpc.internal.ContextRunnable.run(ContextRunnable.java:37)
	at org.apache.ratis.thirdparty.io.grpc.internal.SerializingExecutor.run(SerializingExecutor.java:133)
	at java.base/java.util.concurrent.ThreadPoolExecutor.runWorker(ThreadPoolExecutor.java:1144)
	at java.base/java.util.concurrent.ThreadPoolExecutor$Worker.run(ThreadPoolExecutor.java:642)
	at java.base/java.lang.Thread.run(Thread.java:1583)
2025-10-16 19:49:08,761 | ERROR | DNAudit | user=null | ip=null | op=GET_COMMITTED_BLOCK_LENGTH {"blockData":"conID: 21 locID: 115816896921600441 bcsId: 0 replicaIndex: null"} | ret=FAILURE | 
java.lang.Exception: Unable to find the block. BlockID : conID: 21 locID: 115816896921600441 bcsId: 0 replicaIndex: null
	at org.apache.hadoop.ozone.container.common.impl.HddsDispatcher.dispatchRequest(HddsDispatcher.java:440)
	at org.apache.hadoop.ozone.container.common.impl.HddsDispatcher.lambda$dispatch$1(HddsDispatcher.java:190)
 
2025-10-16 19:49:08,762 [ForkJoinPool-1-worker-1] WARN  scm.XceiverClientGrpc (XceiverClientGrpc.java:sendCommandWithRetry(500)) - Failed to execute command GetCommittedBlockLength on the pipeline Pipeline{ Id: 19dbc0db-8e29-4bd3-8c36-46d5ec7fd5f0, Nodes: [ {702cb173-5c73-4ecc-b5cd-c7b4a6b66aea(localhost/127.0.0.1), ReplicaIndex: 0}, {0e8b6cc7-9945-4141-97fc-6aa017a0d5fa(localhost/127.0.0.1), ReplicaIndex: 0}, {e33e6ec4-6b66-4281-bedd-2bd75bd30070(localhost/127.0.0.1), ReplicaIndex: 0},], ReplicationConfig: STANDALONE/THREE, State:OPEN, leaderId:, CreationTimestamp2025-10-16T19:49:08.737846Z[Etc/UTC]}.
2025-10-16 19:49:08,763 [ForkJoinPool-1-worker-1] WARN  ozone.LeaseRecoveryClientDNHandler (LeaseRecoveryClientDNHandler.java:getOmKeyLocationInfos(114)) - Failed to finalize block. Continue to recover the file since OZONE.CLIENT.RECOVER.LEASE.FORCE is enabled.
org.apache.hadoop.hdds.scm.container.common.helpers.StorageContainerException: Unable to find the block. BlockID : conID: 21 locID: 115816896921600441 bcsId: 0 replicaIndex: null
	at org.apache.hadoop.hdds.scm.storage.ContainerProtocolCalls.validateContainerResponse(ContainerProtocolCalls.java:822)
	at org.apache.hadoop.hdds.scm.storage.ContainerProtocolCalls.lambda$createValidators$4(ContainerProtocolCalls.java:831)
	at org.apache.hadoop.hdds.scm.XceiverClientGrpc.sendCommandWithRetry(XceiverClientGrpc.java:457)
	at org.apache.hadoop.hdds.scm.XceiverClientGrpc.lambda$sendCommandWithTraceIDAndRetry$1(XceiverClientGrpc.java:383)
	at org.apache.hadoop.hdds.tracing.TracingUtil.executeInSpan(TracingUtil.java:205)
	at org.apache.hadoop.hdds.tracing.TracingUtil.executeInNewSpan(TracingUtil.java:195)
	at org.apache.hadoop.hdds.scm.XceiverClientGrpc.sendCommandWithTraceIDAndRetry(XceiverClientGrpc.java:375)
	at org.apache.hadoop.hdds.scm.XceiverClientGrpc.sendCommand(XceiverClientGrpc.java:356)
	at org.apache.hadoop.hdds.scm.storage.ContainerProtocolCalls.getCommittedBlockLength(ContainerProtocolCalls.java:272)
	at org.apache.hadoop.fs.ozone.BasicRootedOzoneClientAdapterImpl.finalizeBlock(BasicRootedOzoneClientAdapterImpl.java:1509)
	at org.apache.hadoop.fs.ozone.LeaseRecoveryClientDNHandler.getOmKeyLocationInfos(LeaseRecoveryClientDNHandler.java:81)
	at org.apache.hadoop.fs.ozone.RootedOzoneFileSystem.recoverLeaseTraced(RootedOzoneFileSystem.java:165)
	at org.apache.hadoop.fs.ozone.RootedOzoneFileSystem.lambda$recoverLease$0(RootedOzoneFileSystem.java:143)
	at org.apache.hadoop.hdds.tracing.TracingUtil.executeInSpan(TracingUtil.java:205)
	at org.apache.hadoop.hdds.tracing.TracingUtil.executeInNewSpan(TracingUtil.java:195)
	at org.apache.hadoop.fs.ozone.RootedOzoneFileSystem.recoverLease(RootedOzoneFileSystem.java:142)
	at org.apache.hadoop.ozone.client.rpc.TestSecureOzoneRpcClient.testPreallocateFileRecovery(TestSecureOzoneRpcClient.java:305)
	at java.base/jdk.internal.reflect.DirectMethodHandleAccessor.invoke(DirectMethodHandleAccessor.java:103)
	at java.base/java.lang.reflect.Method.invoke(Method.java:580)
	at org.junit.platform.commons.util.ReflectionUtils.invokeMethod(ReflectionUtils.java:786)
	at org.junit.platform.commons.support.ReflectionSupport.invokeMethod(ReflectionSupport.java:514)
	at org.junit.jupiter.engine.execution.MethodInvocation.proceed(MethodInvocation.java:60)
	at org.junit.jupiter.engine.execution.InvocationInterceptorChain$ValidatingInvocation.proceed(InvocationInterceptorChain.java:131)
	at org.junit.jupiter.engine.extension.SameThreadTimeoutInvocation.proceed(SameThreadTimeoutInvocation.java:49)
	at org.junit.jupiter.engine.extension.TimeoutExtension.intercept(TimeoutExtension.java:161)
	at org.junit.jupiter.engine.extension.TimeoutExtension.interceptTestableMethod(TimeoutExtension.java:152)
	at org.junit.jupiter.engine.extension.TimeoutExtension.interceptTestTemplateMethod(TimeoutExtension.java:99)
	at org.junit.jupiter.engine.execution.InterceptingExecutableInvoker$ReflectiveInterceptorCall.lambda$ofVoidMethod$0(InterceptingExecutableInvoker.java:112)
	at org.junit.jupiter.engine.execution.InterceptingExecutableInvoker.lambda$invoke$0(InterceptingExecutableInvoker.java:94)
	at org.junit.jupiter.engine.execution.InvocationInterceptorChain$InterceptedInvocation.proceed(InvocationInterceptorChain.java:106)
	at org.junit.jupiter.engine.execution.InvocationInterceptorChain.proceed(InvocationInterceptorChain.java:64)
	at org.junit.jupiter.engine.execution.InvocationInterceptorChain.chainAndInvoke(InvocationInterceptorChain.java:45)
	at org.junit.jupiter.engine.execution.InvocationInterceptorChain.invoke(InvocationInterceptorChain.java:37)
	at org.junit.jupiter.engine.execution.InterceptingExecutableInvoker.invoke(InterceptingExecutableInvoker.java:93)
	at org.junit.jupiter.engine.execution.InterceptingExecutableInvoker.invoke(InterceptingExecutableInvoker.java:87)
	at org.junit.jupiter.engine.descriptor.TestMethodTestDescriptor.lambda$invokeTestMethod$4(TestMethodTestDescriptor.java:221)
	at org.junit.platform.engine.support.hierarchical.ThrowableCollector.execute(ThrowableCollector.java:73)
	at org.junit.jupiter.engine.descriptor.TestMethodTestDescriptor.invokeTestMethod(TestMethodTestDescriptor.java:217)
	at org.junit.jupiter.engine.descriptor.TestMethodTestDescriptor.execute(TestMethodTestDescriptor.java:159)
	at org.junit.jupiter.engine.descriptor.TestMethodTestDescriptor.execute(TestMethodTestDescriptor.java:70)
	at org.junit.platform.engine.support.hierarchical.NodeTestTask.lambda$executeRecursively$6(NodeTestTask.java:157)
	at org.junit.platform.engine.support.hierarchical.ThrowableCollector.execute(ThrowableCollector.java:73)
	at org.junit.platform.engine.support.hierarchical.NodeTestTask.lambda$executeRecursively$8(NodeTestTask.java:147)
	at org.junit.platform.engine.support.hierarchical.Node.around(Node.java:137)
	at org.junit.platform.engine.support.hierarchical.NodeTestTask.lambda$executeRecursively$9(NodeTestTask.java:145)
	at org.junit.platform.engine.support.hierarchical.ThrowableCollector.execute(ThrowableCollector.java:73)
	at org.junit.platform.engine.support.hierarchical.NodeTestTask.executeRecursively(NodeTestTask.java:144)
	at org.junit.platform.engine.support.hierarchical.NodeTestTask.execute(NodeTestTask.java:101)
	at org.junit.platform.engine.support.hierarchical.ForkJoinPoolHierarchicalTestExecutorService$ExclusiveTask.exec(ForkJoinPoolHierarchicalTestExecutorService.java:274)
	at org.junit.platform.engine.support.hierarchical.ForkJoinPoolHierarchicalTestExecutorService$ExclusiveTask.execSync(ForkJoinPoolHierarchicalTestExecutorService.java:247)
	at org.junit.platform.engine.support.hierarchical.ForkJoinPoolHierarchicalTestExecutorService.submit(ForkJoinPoolHierarchicalTestExecutorService.java:148)
	at org.junit.platform.engine.support.hierarchical.NodeTestTask$DefaultDynamicTestExecutor.execute(NodeTestTask.java:232)
	at org.junit.platform.engine.support.hierarchical.NodeTestTask$DefaultDynamicTestExecutor.execute(NodeTestTask.java:210)
	at org.junit.jupiter.engine.descriptor.TemplateExecutor.execute(TemplateExecutor.java:98)
	at org.junit.jupiter.engine.descriptor.TemplateExecutor.lambda$executeForProvider$0(TemplateExecutor.java:61)
	at java.base/java.util.Optional.ifPresent(Optional.java:178)
	at org.junit.jupiter.engine.descriptor.TemplateExecutor.lambda$executeForProvider$1(TemplateExecutor.java:61)
	at java.base/java.util.stream.ForEachOps$ForEachOp$OfRef.accept(ForEachOps.java:184)
	at java.base/java.util.stream.ReferencePipeline$3$1.accept(ReferencePipeline.java:197)
	at java.base/java.util.stream.ForEachOps$ForEachOp$OfRef.accept(ForEachOps.java:184)
	at java.base/java.util.stream.ForEachOps$ForEachOp$OfRef.accept(ForEachOps.java:184)
	at java.base/java.util.stream.ReferencePipeline$3$1.accept(ReferencePipeline.java:197)
	at java.base/java.util.Spliterators$ArraySpliterator.forEachRemaining(Spliterators.java:1024)
	at java.base/java.util.stream.AbstractPipeline.copyInto(AbstractPipeline.java:509)
	at java.base/java.util.stream.AbstractPipeline.wrapAndCopyInto(AbstractPipeline.java:499)
	at java.base/java.util.stream.ForEachOps$ForEachOp.evaluateSequential(ForEachOps.java:151)
	at java.base/java.util.stream.ForEachOps$ForEachOp$OfRef.evaluateSequential(ForEachOps.java:174)
	at java.base/java.util.stream.AbstractPipeline.evaluate(AbstractPipeline.java:234)
	at java.base/java.util.stream.ReferencePipeline.forEach(ReferencePipeline.java:596)
	at java.base/java.util.stream.ReferencePipeline$7$1.accept(ReferencePipeline.java:276)
	at java.base/java.util.ArrayList$ArrayListSpliterator.forEachRemaining(ArrayList.java:1708)
	at java.base/java.util.stream.AbstractPipeline.copyInto(AbstractPipeline.java:509)
	at java.base/java.util.stream.AbstractPipeline.wrapAndCopyInto(AbstractPipeline.java:499)
	at java.base/java.util.stream.ForEachOps$ForEachOp.evaluateSequential(ForEachOps.java:151)
	at java.base/java.util.stream.ForEachOps$ForEachOp$OfRef.evaluateSequential(ForEachOps.java:174)
	at java.base/java.util.stream.AbstractPipeline.evaluate(AbstractPipeline.java:234)
	at java.base/java.util.stream.ReferencePipeline.forEach(ReferencePipeline.java:596)
	at java.base/java.util.stream.ReferencePipeline$7$1.accept(ReferencePipeline.java:276)
	at java.base/java.util.stream.ReferencePipeline$3$1.accept(ReferencePipeline.java:197)
	at java.base/java.util.stream.ReferencePipeline$3$1.accept(ReferencePipeline.java:197)
	at java.base/java.util.stream.ReferencePipeline$3$1.accept(ReferencePipeline.java:197)
	at java.base/java.util.ArrayList$ArrayListSpliterator.forEachRemaining(ArrayList.java:1708)
	at java.base/java.util.stream.AbstractPipeline.copyInto(AbstractPipeline.java:509)
	at java.base/java.util.stream.AbstractPipeline.wrapAndCopyInto(AbstractPipeline.java:499)
	at java.base/java.util.stream.ForEachOps$ForEachOp.evaluateSequential(ForEachOps.java:151)
	at java.base/java.util.stream.ForEachOps$ForEachOp$OfRef.evaluateSequential(ForEachOps.java:174)
	at java.base/java.util.stream.AbstractPipeline.evaluate(AbstractPipeline.java:234)
	at java.base/java.util.stream.ReferencePipeline.forEach(ReferencePipeline.java:596)
	at org.junit.jupiter.engine.descriptor.TemplateExecutor.executeForProvider(TemplateExecutor.java:59)
	at org.junit.jupiter.engine.descriptor.TemplateExecutor.execute(TemplateExecutor.java:48)
	at org.junit.jupiter.engine.descriptor.TestTemplateTestDescriptor.execute(TestTemplateTestDescriptor.java:112)
	at org.junit.jupiter.engine.descriptor.TestTemplateTestDescriptor.execute(TestTemplateTestDescriptor.java:40)
	at org.junit.platform.engine.support.hierarchical.NodeTestTask.lambda$executeRecursively$6(NodeTestTask.java:157)
	at org.junit.platform.engine.support.hierarchical.ThrowableCollector.execute(ThrowableCollector.java:73)
	at org.junit.platform.engine.support.hierarchical.NodeTestTask.lambda$executeRecursively$8(NodeTestTask.java:147)
	at org.junit.platform.engine.support.hierarchical.Node.around(Node.java:137)
	at org.junit.platform.engine.support.hierarchical.NodeTestTask.lambda$executeRecursively$9(NodeTestTask.java:145)
	at org.junit.platform.engine.support.hierarchical.ThrowableCollector.execute(ThrowableCollector.java:73)
	at org.junit.platform.engine.support.hierarchical.NodeTestTask.executeRecursively(NodeTestTask.java:144)
	at org.junit.platform.engine.support.hierarchical.NodeTestTask.execute(NodeTestTask.java:101)
	at org.junit.platform.engine.support.hierarchical.ForkJoinPoolHierarchicalTestExecutorService$ExclusiveTask.exec(ForkJoinPoolHierarchicalTestExecutorService.java:274)
	at org.junit.platform.engine.support.hierarchical.ForkJoinPoolHierarchicalTestExecutorService$ExclusiveTask.execSync(ForkJoinPoolHierarchicalTestExecutorService.java:247)
	at org.junit.platform.engine.support.hierarchical.ForkJoinPoolHierarchicalTestExecutorService.executeSync(ForkJoinPoolHierarchicalTestExecutorService.java:194)
	at org.junit.platform.engine.support.hierarchical.ForkJoinPoolHierarchicalTestExecutorService.invokeAll(ForkJoinPoolHierarchicalTestExecutorService.java:166)
	at org.junit.platform.engine.support.hierarchical.NodeTestTask.lambda$executeRecursively$6(NodeTestTask.java:161)
	at org.junit.platform.engine.support.hierarchical.ThrowableCollector.execute(ThrowableCollector.java:73)
	at org.junit.platform.engine.support.hierarchical.NodeTestTask.lambda$executeRecursively$8(NodeTestTask.java:147)
	at org.junit.platform.engine.support.hierarchical.Node.around(Node.java:137)
	at org.junit.platform.engine.support.hierarchical.NodeTestTask.lambda$executeRecursively$9(NodeTestTask.java:145)
	at org.junit.platform.engine.support.hierarchical.ThrowableCollector.execute(ThrowableCollector.java:73)
	at org.junit.platform.engine.support.hierarchical.NodeTestTask.executeRecursively(NodeTestTask.java:144)
	at org.junit.platform.engine.support.hierarchical.NodeTestTask.execute(NodeTestTask.java:101)
	at org.junit.platform.engine.support.hierarchical.ForkJoinPoolHierarchicalTestExecutorService$ExclusiveTask.exec(ForkJoinPoolHierarchicalTestExecutorService.java:274)
	at org.junit.platform.engine.support.hierarchical.ForkJoinPoolHierarchicalTestExecutorService$ExclusiveTask.execSync(ForkJoinPoolHierarchicalTestExecutorService.java:247)
	at org.junit.platform.engine.support.hierarchical.ForkJoinPoolHierarchicalTestExecutorService.invokeAll(ForkJoinPoolHierarchicalTestExecutorService.java:159)
	at org.junit.platform.engine.support.hierarchical.NodeTestTask.lambda$executeRecursively$6(NodeTestTask.java:161)
	at org.junit.platform.engine.support.hierarchical.ThrowableCollector.execute(ThrowableCollector.java:73)
	at org.junit.platform.engine.support.hierarchical.NodeTestTask.lambda$executeRecursively$8(NodeTestTask.java:147)
	at org.junit.platform.engine.support.hierarchical.Node.around(Node.java:137)
	at org.junit.platform.engine.support.hierarchical.NodeTestTask.lambda$executeRecursively$9(NodeTestTask.java:145)
	at org.junit.platform.engine.support.hierarchical.ThrowableCollector.execute(ThrowableCollector.java:73)
	at org.junit.platform.engine.support.hierarchical.NodeTestTask.executeRecursively(NodeTestTask.java:144)
	at org.junit.platform.engine.support.hierarchical.NodeTestTask.execute(NodeTestTask.java:101)
	at org.junit.platform.engine.support.hierarchical.ForkJoinPoolHierarchicalTestExecutorService$ExclusiveTask.exec(ForkJoinPoolHierarchicalTestExecutorService.java:274)
	at java.base/java.util.concurrent.ForkJoinTask.doExec(ForkJoinTask.java:387)
	at java.base/java.util.concurrent.ForkJoinPool$WorkQueue.topLevelExec(ForkJoinPool.java:1312)
	at java.base/java.util.concurrent.ForkJoinPool.scan(ForkJoinPool.java:1843)
	at java.base/java.util.concurrent.ForkJoinPool.runWorker(ForkJoinPool.java:1808)
	at java.base/java.util.concurrent.ForkJoinWorkerThread.run(ForkJoinWorkerThread.java:188)
2025-10-16 19:49:08,768 | INFO  | OMAudit | user=runner | ip=127.0.0.1 | op=COMMIT_KEY {"volume":"df39c3ae-7002-4067-876a-38da608a3d83","bucket":"53f043d8-fe7a-4272-93e5-d1d756a82c69","key":"3bae387f-73fe-4f94-95a5-846eaef977f8","dataSize":"16777216","replicationType":"RATIS","replicationFactor":"THREE","Transaction":"1667"} | ret=SUCCESS |  
2025-10-16 19:49:08,772 | INFO  | OMAudit | user=runner | ip=127.0.0.1 | op=READ_BUCKET {"volume":"df39c3ae-7002-4067-876a-38da608a3d83","bucket":"53f043d8-fe7a-4272-93e5-d1d756a82c69"} | ret=SUCCESS |  
2025-10-16 19:49:08,776 | INFO  | SCMAudit | user=runner | ip=127.0.0.1 | op=GET_CONTAINER_WITH_PIPELINE_BATCH {"containerIDs":"#16,#17,#21,"} | ret=SUCCESS |  
2025-10-16 19:49:08,779 | INFO  | OMAudit | user=runner | ip=127.0.0.1 | op=GET_FILE_STATUS {"volume":"df39c3ae-7002-4067-876a-38da608a3d83","bucket":"53f043d8-fe7a-4272-93e5-d1d756a82c69","key":"3bae387f-73fe-4f94-95a5-846eaef977f8","owner":null,"dataSize":"0","replicationConfig":null} | ret=SUCCESS |  
2025-10-16 19:49:08,785 | INFO  | OMAudit | user=runner | ip=127.0.0.1 | op=READ_BUCKET {"volume":"df39c3ae-7002-4067-876a-38da608a3d83","bucket":"53f043d8-fe7a-4272-93e5-d1d756a82c69"} | ret=SUCCESS |  
2025-10-16 19:49:08,786 | INFO  | OMAudit | user=runner | ip=127.0.0.1 | op=READ_BUCKET {"volume":"df39c3ae-7002-4067-876a-38da608a3d83","bucket":"53f043d8-fe7a-4272-93e5-d1d756a82c69"} | ret=SUCCESS |  
2025-10-16 19:49:08,790 [om1-OMStateMachineApplyTransactionThread - 0] ERROR key.OMKeyCommitRequest (OMKeyCommitRequest.java:processResult(486)) - Key committed failed. Volume:df39c3ae-7002-4067-876a-38da608a3d83, Bucket:53f043d8-fe7a-4272-93e5-d1d756a82c69, Key:3bae387f-73fe-4f94-95a5-846eaef977f8. Exception:{}
KEY_NOT_FOUND org.apache.hadoop.ozone.om.exceptions.OMException: Failed to commit key, as /-9223372036854350336/-9223372036854350080/-9223372036854350080/3bae387f-73fe-4f94-95a5-846eaef977f8/115385574915965331 entry is not found in the OpenKey table
	at org.apache.hadoop.ozone.om.request.key.OMKeyCommitRequestWithFSO.validateAndUpdateCache(OMKeyCommitRequestWithFSO.java:181)
	at org.apache.hadoop.ozone.protocolPB.OzoneManagerRequestHandler.lambda$0(OzoneManagerRequestHandler.java:418)
	at org.apache.hadoop.ozone.util.MetricUtil.captureLatencyNs(MetricUtil.java:45)
	at org.apache.hadoop.ozone.protocolPB.OzoneManagerRequestHandler.handleWriteRequestImpl(OzoneManagerRequestHandler.java:416)
	at org.apache.hadoop.ozone.protocolPB.RequestHandler.handleWriteRequest(RequestHandler.java:62)
	at org.apache.hadoop.ozone.om.ratis.OzoneManagerStateMachine.runCommand(OzoneManagerStateMachine.java:599)
	at org.apache.hadoop.ozone.om.ratis.OzoneManagerStateMachine.lambda$3(OzoneManagerStateMachine.java:415)
	at java.base/java.util.concurrent.CompletableFuture$AsyncSupply.run(CompletableFuture.java:1768)
	at java.base/java.util.concurrent.ThreadPoolExecutor.runWorker(ThreadPoolExecutor.java:1144)
	at java.base/java.util.concurrent.ThreadPoolExecutor$Worker.run(ThreadPoolExecutor.java:642)
	at java.base/java.lang.Thread.run(Thread.java:1583)
2025-10-16 19:49:08,791 | ERROR | OMAudit | user=runner | ip=127.0.0.1 | op=COMMIT_KEY {"volume":"df39c3ae-7002-4067-876a-38da608a3d83","bucket":"53f043d8-fe7a-4272-93e5-d1d756a82c69","key":"3bae387f-73fe-4f94-95a5-846eaef977f8","dataSize":"16777216","replicationType":"RATIS","replicationFactor":"THREE","Transaction":"1668"} | ret=FAILURE | 
org.apache.hadoop.ozone.om.exceptions.OMException: Failed to commit key, as /-9223372036854350336/-9223372036854350080/-9223372036854350080/3bae387f-73fe-4f94-95a5-846eaef977f8/115385574915965331 entry is not found in the OpenKey table
	at org.apache.hadoop.ozone.om.request.key.OMKeyCommitRequestWithFSO.validateAndUpdateCache(OMKeyCommitRequestWithFSO.java:181)
	at org.apache.hadoop.ozone.protocolPB.OzoneManagerRequestHandler.lambda$0(OzoneManagerRequestHandler.java:418)
 
]]></system-out>
  </testcase>
  <testcase name="testPreallocateFileRecovery(long)[2]" classname="org.apache.hadoop.ozone.client.rpc.TestSecureOzoneRpcClient" time="0.292">
    <system-out><![CDATA[2025-10-16 19:49:08,833 [ForkJoinPool-1-worker-1] INFO  rpc.RpcClient (RpcClient.java:createVolume(461)) - Creating Volume: 886c5fe4-6fed-43b8-9035-1eac43363990, with runner as owner and space quota set to -1 bytes, counts quota set to -1
2025-10-16 19:49:08,834 [om1-OMStateMachineApplyTransactionThread - 0] INFO  volume.OMVolumeCreateRequest (OMVolumeCreateRequest.java:validateAndUpdateCache(213)) - created volume:886c5fe4-6fed-43b8-9035-1eac43363990 for user:runner
2025-10-16 19:49:08,834 | INFO  | OMAudit | user=runner | ip=127.0.0.1 | op=CREATE_VOLUME {"admin":"runner","owner":"runner","volume":"886c5fe4-6fed-43b8-9035-1eac43363990","creationTime":"1760644148834","modificationTime":"1760644148834","quotaInBytes":"-1","quotaInNamespace":"-1","usedNamespace":"0","objectID":"-9223372036854348544","updateID":"1669","Transaction":"1669"} | ret=SUCCESS |  
2025-10-16 19:49:08,836 | INFO  | OMAudit | user=runner | ip=127.0.0.1 | op=READ_VOLUME {"volume":"886c5fe4-6fed-43b8-9035-1eac43363990"} | ret=SUCCESS |  
2025-10-16 19:49:08,836 [ForkJoinPool-1-worker-1] INFO  rpc.RpcClient (RpcClient.java:createBucket(686)) - Creating Bucket: 886c5fe4-6fed-43b8-9035-1eac43363990/c2e597b8-3528-4bb1-b16a-b5f4c0391862, with bucket layout FILE_SYSTEM_OPTIMIZED, runner as owner, Versioning false, Storage Type set to DISK and Encryption set to false, Replication Type set to server-side default replication type, Namespace Quota set to 100, Space Quota set to 1073741824 
2025-10-16 19:49:08,837 [om1-OMStateMachineApplyTransactionThread - 0] INFO  bucket.OMBucketCreateRequest (OMBucketCreateRequest.java:validateAndUpdateCache(303)) - created bucket: c2e597b8-3528-4bb1-b16a-b5f4c0391862 of layout FILE_SYSTEM_OPTIMIZED in volume: 886c5fe4-6fed-43b8-9035-1eac43363990
2025-10-16 19:49:08,837 | INFO  | OMAudit | user=runner | ip=127.0.0.1 | op=CREATE_BUCKET {"volume":"886c5fe4-6fed-43b8-9035-1eac43363990","bucket":"c2e597b8-3528-4bb1-b16a-b5f4c0391862","bucketLayout":"FILE_SYSTEM_OPTIMIZED","gdprEnabled":null,"acls":"[user:runner:a[ACCESS], group:runner:rl[ACCESS]]","isVersionEnabled":"false","storageType":"DISK","creationTime":"1760644148836","bucketEncryptionKey":null,"modificationTime":"1760644148836","usedBytes":"0","usedNamespace":"0","snapshotUsedBytes":"0","snapshotUsedNamespace":"0","owner":"runner","replicationType":null,"replicationConfig":null,"quotaInBytes":"1073741824","quotaInNamespace":"100","Transaction":"1670"} | ret=SUCCESS |  
2025-10-16 19:49:08,838 | INFO  | OMAudit | user=runner | ip=127.0.0.1 | op=READ_BUCKET {"volume":"886c5fe4-6fed-43b8-9035-1eac43363990","bucket":"c2e597b8-3528-4bb1-b16a-b5f4c0391862"} | ret=SUCCESS |  
2025-10-16 19:49:08,841 | INFO  | OMAudit | user=runner | ip=127.0.0.1 | op=GET_SERVICE_LIST {} | ret=SUCCESS |  
2025-10-16 19:49:08,843 | INFO  | OMAudit | user=runner | ip=127.0.0.1 | op=READ_BUCKET {"volume":"886c5fe4-6fed-43b8-9035-1eac43363990","bucket":"c2e597b8-3528-4bb1-b16a-b5f4c0391862"} | ret=SUCCESS |  
2025-10-16 19:49:08,844 | INFO  | SCMAudit | user=runner | ip=127.0.0.1 | op=ALLOCATE_BLOCK {"replication":"RATIS/THREE","owner":"omServiceIdDefault","size":"4194304","sampleBlocks":"[conID: 15 locID: 115816896921600442, conID: 18 locID: 115816896921600443, conID: 19 locID: 115816896921600444, conID: 17 locID: 115816896921600445, conID: 15 locID: 115816896921600446, conID: 16 locID: 115816896921600447, conID: 19 locID: 115816896921600448, conID: 17 locID: 115816896921600449, conID: 14 locID: 115816896921600450, conID: 19 locID: 115816896921600451]","num":"10","client":"","allocated":"10"} | ret=SUCCESS |  
2025-10-16 19:49:08,847 | INFO  | OMAudit | user=runner | ip=127.0.0.1 | op=ALLOCATE_KEY {"volume":"886c5fe4-6fed-43b8-9035-1eac43363990","bucket":"c2e597b8-3528-4bb1-b16a-b5f4c0391862","key":"d338d4e6-ed2e-4613-8468-0e702495c57e","dataSize":"41943040","replicationType":"RATIS","replicationFactor":"THREE","Transaction":"1671"} | ret=SUCCESS |  
2025-10-16 19:49:08,849 | INFO  | OMAudit | user=runner | ip=127.0.0.1 | op=READ_BUCKET {"volume":"886c5fe4-6fed-43b8-9035-1eac43363990","bucket":"c2e597b8-3528-4bb1-b16a-b5f4c0391862"} | ret=SUCCESS |  
2025-10-16 19:49:08,924 | INFO  | SCMAudit | user=runner | ip=127.0.0.1 | op=SEND_HEARTBEAT {"datanodeUUID":"f700af26-0e26-4136-9205-9509c82c8c70","term":"2","command":"[]"} | ret=SUCCESS |  
2025-10-16 19:49:09,009 | INFO  | OMAudit | user=runner | ip=127.0.0.1 | op=READ_BUCKET {"volume":"886c5fe4-6fed-43b8-9035-1eac43363990","bucket":"c2e597b8-3528-4bb1-b16a-b5f4c0391862"} | ret=SUCCESS |  
2025-10-16 19:49:09,011 | INFO  | SCMAudit | user=runner | ip=127.0.0.1 | op=GET_CONTAINER_WITH_PIPELINE {"containerID":"#15"} | ret=SUCCESS |  
2025-10-16 19:49:09,012 | INFO  | SCMAudit | user=runner | ip=127.0.0.1 | op=GET_CONTAINER_WITH_PIPELINE {"containerID":"#19"} | ret=SUCCESS |  
2025-10-16 19:49:09,012 | INFO  | SCMAudit | user=runner | ip=127.0.0.1 | op=GET_CONTAINER_WITH_PIPELINE {"containerID":"#14"} | ret=SUCCESS |  
2025-10-16 19:49:09,015 | INFO  | OMAudit | user=runner | ip=127.0.0.1 | op=RECOVER_LEASE {"volume":"886c5fe4-6fed-43b8-9035-1eac43363990","bucket":"c2e597b8-3528-4bb1-b16a-b5f4c0391862","key":"d338d4e6-ed2e-4613-8468-0e702495c57e","Transaction":"1673"} | ret=SUCCESS |  
2025-10-16 19:49:09,022 [76d4ba71-5bbb-4b24-8f51-8bc7f78aaca4-ContainerOp-36c7da6a-14e2-433e-b882-35c832a27f16-2] INFO  keyvalue.KeyValueHandler (KeyValueHandler.java:handleFinalizeBlock(714)) - Finalized Block request received conID: 19 locID: 115816896921600451 bcsId: 0 replicaIndex: null 
2025-10-16 19:49:09,022 [76d4ba71-5bbb-4b24-8f51-8bc7f78aaca4-ContainerOp-36c7da6a-14e2-433e-b882-35c832a27f16-2] WARN  keyvalue.KeyValueHandler (ContainerUtils.java:logAndReturnError(94)) - Operation: FinalizeBlock , Trace ID:  , Message: Unable to find the block. BlockID : conID: 19 locID: 115816896921600451 bcsId: 0 replicaIndex: null , Result: NO_SUCH_BLOCK , StorageContainerException Occurred.
org.apache.hadoop.hdds.scm.container.common.helpers.StorageContainerException: Unable to find the block. BlockID : conID: 19 locID: 115816896921600451 bcsId: 0 replicaIndex: null
	at org.apache.hadoop.ozone.container.metadata.DatanodeStoreWithIncrementalChunkList.getCompleteBlockData(DatanodeStoreWithIncrementalChunkList.java:67)
	at org.apache.hadoop.ozone.container.metadata.DatanodeStore.getBlockByID(DatanodeStore.java:90)
	at org.apache.hadoop.ozone.container.keyvalue.impl.BlockManagerImpl.getBlockByID(BlockManagerImpl.java:462)
	at org.apache.hadoop.ozone.container.keyvalue.impl.BlockManagerImpl.getBlock(BlockManagerImpl.java:347)
	at org.apache.hadoop.ozone.container.keyvalue.KeyValueHandler.handleFinalizeBlock(KeyValueHandler.java:716)
	at org.apache.hadoop.ozone.container.keyvalue.KeyValueHandler.dispatchRequest(KeyValueHandler.java:357)
	at org.apache.hadoop.ozone.container.keyvalue.KeyValueHandler.handle(KeyValueHandler.java:293)
	at org.apache.hadoop.ozone.container.common.impl.HddsDispatcher.dispatchRequest(HddsDispatcher.java:365)
	at org.apache.hadoop.ozone.container.common.impl.HddsDispatcher.lambda$dispatch$1(HddsDispatcher.java:190)
	at org.apache.hadoop.hdds.server.OzoneProtocolMessageDispatcher.processRequest(OzoneProtocolMessageDispatcher.java:89)
	at org.apache.hadoop.ozone.container.common.impl.HddsDispatcher.dispatch(HddsDispatcher.java:189)
	at org.apache.hadoop.ozone.container.common.transport.server.ratis.ContainerStateMachine.dispatchCommand(ContainerStateMachine.java:567)
	at org.apache.hadoop.ozone.container.common.transport.server.ratis.ContainerStateMachine.lambda$applyTransaction$8(ContainerStateMachine.java:1061)
	at org.apache.ratis.util.TaskQueue.lambda$submit$0(TaskQueue.java:121)
	at org.apache.ratis.util.LogUtils.runAndLog(LogUtils.java:38)
	at org.apache.ratis.util.LogUtils$1.run(LogUtils.java:78)
	at java.base/java.util.concurrent.Executors$RunnableAdapter.call(Executors.java:572)
	at java.base/java.util.concurrent.FutureTask.run(FutureTask.java:317)
	at java.base/java.util.concurrent.ThreadPoolExecutor.runWorker(ThreadPoolExecutor.java:1144)
	at java.base/java.util.concurrent.ThreadPoolExecutor$Worker.run(ThreadPoolExecutor.java:642)
	at java.base/java.lang.Thread.run(Thread.java:1583)
2025-10-16 19:49:09,025 [e072d245-7694-4d97-8e20-c503ebf8c2fe-ContainerOp-36c7da6a-14e2-433e-b882-35c832a27f16-0] INFO  keyvalue.KeyValueHandler (KeyValueHandler.java:handleFinalizeBlock(714)) - Finalized Block request received conID: 19 locID: 115816896921600451 bcsId: 0 replicaIndex: null 
2025-10-16 19:49:09,026 [e072d245-7694-4d97-8e20-c503ebf8c2fe-ContainerOp-36c7da6a-14e2-433e-b882-35c832a27f16-0] WARN  keyvalue.KeyValueHandler (ContainerUtils.java:logAndReturnError(94)) - Operation: FinalizeBlock , Trace ID:  , Message: Unable to find the block. BlockID : conID: 19 locID: 115816896921600451 bcsId: 0 replicaIndex: null , Result: NO_SUCH_BLOCK , StorageContainerException Occurred.
org.apache.hadoop.hdds.scm.container.common.helpers.StorageContainerException: Unable to find the block. BlockID : conID: 19 locID: 115816896921600451 bcsId: 0 replicaIndex: null
	at org.apache.hadoop.ozone.container.metadata.DatanodeStoreWithIncrementalChunkList.getCompleteBlockData(DatanodeStoreWithIncrementalChunkList.java:67)
	at org.apache.hadoop.ozone.container.metadata.DatanodeStore.getBlockByID(DatanodeStore.java:90)
	at org.apache.hadoop.ozone.container.keyvalue.impl.BlockManagerImpl.getBlockByID(BlockManagerImpl.java:462)
	at org.apache.hadoop.ozone.container.keyvalue.impl.BlockManagerImpl.getBlock(BlockManagerImpl.java:347)
	at org.apache.hadoop.ozone.container.keyvalue.KeyValueHandler.handleFinalizeBlock(KeyValueHandler.java:716)
	at org.apache.hadoop.ozone.container.keyvalue.KeyValueHandler.dispatchRequest(KeyValueHandler.java:357)
	at org.apache.hadoop.ozone.container.keyvalue.KeyValueHandler.handle(KeyValueHandler.java:293)
	at org.apache.hadoop.ozone.container.common.impl.HddsDispatcher.dispatchRequest(HddsDispatcher.java:365)
	at org.apache.hadoop.ozone.container.common.impl.HddsDispatcher.lambda$dispatch$1(HddsDispatcher.java:190)
	at org.apache.hadoop.hdds.server.OzoneProtocolMessageDispatcher.processRequest(OzoneProtocolMessageDispatcher.java:89)
	at org.apache.hadoop.ozone.container.common.impl.HddsDispatcher.dispatch(HddsDispatcher.java:189)
	at org.apache.hadoop.ozone.container.common.transport.server.ratis.ContainerStateMachine.dispatchCommand(ContainerStateMachine.java:567)
	at org.apache.hadoop.ozone.container.common.transport.server.ratis.ContainerStateMachine.lambda$applyTransaction$8(ContainerStateMachine.java:1061)
	at org.apache.ratis.util.TaskQueue.lambda$submit$0(TaskQueue.java:121)
	at org.apache.ratis.util.LogUtils.runAndLog(LogUtils.java:38)
	at org.apache.ratis.util.LogUtils$1.run(LogUtils.java:78)
	at java.base/java.util.concurrent.Executors$RunnableAdapter.call(Executors.java:572)
	at java.base/java.util.concurrent.FutureTask.run(FutureTask.java:317)
	at java.base/java.util.concurrent.ThreadPoolExecutor.runWorker(ThreadPoolExecutor.java:1144)
	at java.base/java.util.concurrent.ThreadPoolExecutor$Worker.run(ThreadPoolExecutor.java:642)
	at java.base/java.lang.Thread.run(Thread.java:1583)
2025-10-16 19:49:09,026 [8a0fa2ff-b550-4652-b2fe-0cf91cd4a157-ContainerOp-36c7da6a-14e2-433e-b882-35c832a27f16-3] INFO  keyvalue.KeyValueHandler (KeyValueHandler.java:handleFinalizeBlock(714)) - Finalized Block request received conID: 19 locID: 115816896921600451 bcsId: 0 replicaIndex: null 
2025-10-16 19:49:09,027 [8a0fa2ff-b550-4652-b2fe-0cf91cd4a157-ContainerOp-36c7da6a-14e2-433e-b882-35c832a27f16-3] WARN  keyvalue.KeyValueHandler (ContainerUtils.java:logAndReturnError(94)) - Operation: FinalizeBlock , Trace ID:  , Message: Unable to find the block. BlockID : conID: 19 locID: 115816896921600451 bcsId: 0 replicaIndex: null , Result: NO_SUCH_BLOCK , StorageContainerException Occurred.
org.apache.hadoop.hdds.scm.container.common.helpers.StorageContainerException: Unable to find the block. BlockID : conID: 19 locID: 115816896921600451 bcsId: 0 replicaIndex: null
	at org.apache.hadoop.ozone.container.metadata.DatanodeStoreWithIncrementalChunkList.getCompleteBlockData(DatanodeStoreWithIncrementalChunkList.java:67)
	at org.apache.hadoop.ozone.container.metadata.DatanodeStore.getBlockByID(DatanodeStore.java:90)
	at org.apache.hadoop.ozone.container.keyvalue.impl.BlockManagerImpl.getBlockByID(BlockManagerImpl.java:462)
	at org.apache.hadoop.ozone.container.keyvalue.impl.BlockManagerImpl.getBlock(BlockManagerImpl.java:347)
	at org.apache.hadoop.ozone.container.keyvalue.KeyValueHandler.handleFinalizeBlock(KeyValueHandler.java:716)
	at org.apache.hadoop.ozone.container.keyvalue.KeyValueHandler.dispatchRequest(KeyValueHandler.java:357)
	at org.apache.hadoop.ozone.container.keyvalue.KeyValueHandler.handle(KeyValueHandler.java:293)
	at org.apache.hadoop.ozone.container.common.impl.HddsDispatcher.dispatchRequest(HddsDispatcher.java:365)
	at org.apache.hadoop.ozone.container.common.impl.HddsDispatcher.lambda$dispatch$1(HddsDispatcher.java:190)
	at org.apache.hadoop.hdds.server.OzoneProtocolMessageDispatcher.processRequest(OzoneProtocolMessageDispatcher.java:89)
	at org.apache.hadoop.ozone.container.common.impl.HddsDispatcher.dispatch(HddsDispatcher.java:189)
	at org.apache.hadoop.ozone.container.common.transport.server.ratis.ContainerStateMachine.dispatchCommand(ContainerStateMachine.java:567)
	at org.apache.hadoop.ozone.container.common.transport.server.ratis.ContainerStateMachine.lambda$applyTransaction$8(ContainerStateMachine.java:1061)
	at org.apache.ratis.util.TaskQueue.lambda$submit$0(TaskQueue.java:121)
	at org.apache.ratis.util.LogUtils.runAndLog(LogUtils.java:38)
	at org.apache.ratis.util.LogUtils$1.run(LogUtils.java:78)
	at java.base/java.util.concurrent.Executors$RunnableAdapter.call(Executors.java:572)
	at java.base/java.util.concurrent.FutureTask.run(FutureTask.java:317)
	at java.base/java.util.concurrent.ThreadPoolExecutor.runWorker(ThreadPoolExecutor.java:1144)
	at java.base/java.util.concurrent.ThreadPoolExecutor$Worker.run(ThreadPoolExecutor.java:642)
	at java.base/java.lang.Thread.run(Thread.java:1583)
2025-10-16 19:49:09,030 [76d4ba71-5bbb-4b24-8f51-8bc7f78aaca4-ContainerOp-36c7da6a-14e2-433e-b882-35c832a27f16-2] WARN  keyvalue.KeyValueContainer (KeyValueContainer.java:markContainerUnhealthy(397)) - Marked container UNHEALTHY from OPEN: KeyValueContainerData #19 (UNHEALTHY, non-empty, ri=0, origin=[dn_76d4ba71-5bbb-4b24-8f51-8bc7f78aaca4, pipeline_36c7da6a-14e2-433e-b882-35c832a27f16])
2025-10-16 19:49:09,030 [8a0fa2ff-b550-4652-b2fe-0cf91cd4a157-ContainerOp-36c7da6a-14e2-433e-b882-35c832a27f16-3] WARN  keyvalue.KeyValueContainer (KeyValueContainer.java:markContainerUnhealthy(397)) - Marked container UNHEALTHY from OPEN: KeyValueContainerData #19 (UNHEALTHY, non-empty, ri=0, origin=[dn_8a0fa2ff-b550-4652-b2fe-0cf91cd4a157, pipeline_36c7da6a-14e2-433e-b882-35c832a27f16])
2025-10-16 19:49:09,030 [e072d245-7694-4d97-8e20-c503ebf8c2fe-ContainerOp-36c7da6a-14e2-433e-b882-35c832a27f16-0] WARN  keyvalue.KeyValueContainer (KeyValueContainer.java:markContainerUnhealthy(397)) - Marked container UNHEALTHY from OPEN: KeyValueContainerData #19 (UNHEALTHY, non-empty, ri=0, origin=[dn_e072d245-7694-4d97-8e20-c503ebf8c2fe, pipeline_36c7da6a-14e2-433e-b882-35c832a27f16])
2025-10-16 19:49:09,035 | ERROR | ContainerLog | ID=19 | Index=0 | BCSID=154 | State=UNHEALTHY | Volume=/home/runner/work/ozone/ozone/hadoop-ozone/integration-test/target/test-dir/MiniOzoneClusterImpl-e7911277-7775-4457-96c8-94071a26a1ce/ozone-metadata/datanode-9/data-0/hdds | DataChecksum=231d7a9c | Container has 1 error: WRITE_FAILURE for file /home/runner/work/ozone/ozone/hadoop-ozone/integration-test/target/test-dir/MiniOzoneClusterImpl-e7911277-7775-4457-96c8-94071a26a1ce/ozone-metadata/datanode-9/data-0/hdds/e7911277-7775-4457-96c8-94071a26a1ce/current/containerDir0/19 with exception: org.apache.hadoop.hdds.scm.container.common.helpers.StorageContainerException |  
2025-10-16 19:49:09,037 | ERROR | ContainerLog | ID=19 | Index=0 | BCSID=154 | State=UNHEALTHY | Volume=/home/runner/work/ozone/ozone/hadoop-ozone/integration-test/target/test-dir/MiniOzoneClusterImpl-e7911277-7775-4457-96c8-94071a26a1ce/ozone-metadata/datanode-8/data-0/hdds | DataChecksum=231d7a9c | Container has 1 error: WRITE_FAILURE for file /home/runner/work/ozone/ozone/hadoop-ozone/integration-test/target/test-dir/MiniOzoneClusterImpl-e7911277-7775-4457-96c8-94071a26a1ce/ozone-metadata/datanode-8/data-0/hdds/e7911277-7775-4457-96c8-94071a26a1ce/current/containerDir0/19 with exception: org.apache.hadoop.hdds.scm.container.common.helpers.StorageContainerException |  
2025-10-16 19:49:09,037 | ERROR | ContainerLog | ID=19 | Index=0 | BCSID=154 | State=UNHEALTHY | Volume=/home/runner/work/ozone/ozone/hadoop-ozone/integration-test/target/test-dir/MiniOzoneClusterImpl-e7911277-7775-4457-96c8-94071a26a1ce/ozone-metadata/datanode-7/data-0/hdds | DataChecksum=231d7a9c | Container has 1 error: WRITE_FAILURE for file /home/runner/work/ozone/ozone/hadoop-ozone/integration-test/target/test-dir/MiniOzoneClusterImpl-e7911277-7775-4457-96c8-94071a26a1ce/ozone-metadata/datanode-7/data-0/hdds/e7911277-7775-4457-96c8-94071a26a1ce/current/containerDir0/19 with exception: org.apache.hadoop.hdds.scm.container.common.helpers.StorageContainerException |  
2025-10-16 19:49:09,038 [8a0fa2ff-b550-4652-b2fe-0cf91cd4a157-ContainerOp-36c7da6a-14e2-433e-b882-35c832a27f16-3] INFO  impl.HddsDispatcher (HddsDispatcher.java:dispatchRequest(412)) - Marked Container UNHEALTHY, ContainerID: 19
2025-10-16 19:49:09,038 | ERROR | DNAudit | user=null | ip=null | op=FINALIZE_BLOCK {"blockData":"conID: 19 locID: 115816896921600451 bcsId: 0 replicaIndex: null"} | ret=FAILURE | 
java.lang.Exception: Unable to find the block. BlockID : conID: 19 locID: 115816896921600451 bcsId: 0 replicaIndex: null
	at org.apache.hadoop.ozone.container.common.impl.HddsDispatcher.dispatchRequest(HddsDispatcher.java:440)
	at org.apache.hadoop.ozone.container.common.impl.HddsDispatcher.lambda$dispatch$1(HddsDispatcher.java:190)
 
2025-10-16 19:49:09,040 | INFO  | SCMAudit | user=runner | ip=127.0.0.1 | op=SEND_HEARTBEAT {"datanodeUUID":"8a0fa2ff-b550-4652-b2fe-0cf91cd4a157","term":"2","command":"[]"} | ret=SUCCESS |  
2025-10-16 19:49:09,041 | INFO  | SCMAudit | user=runner | ip=127.0.0.1 | op=SEND_HEARTBEAT {"datanodeUUID":"e072d245-7694-4d97-8e20-c503ebf8c2fe","term":"2","command":"[]"} | ret=SUCCESS |  
2025-10-16 19:49:09,038 [76d4ba71-5bbb-4b24-8f51-8bc7f78aaca4-ContainerOp-36c7da6a-14e2-433e-b882-35c832a27f16-2] INFO  impl.HddsDispatcher (HddsDispatcher.java:dispatchRequest(412)) - Marked Container UNHEALTHY, ContainerID: 19
2025-10-16 19:49:09,041 [FixedThreadPoolWithAffinityExecutor-9-0] INFO  container.IncrementalContainerReportHandler (AbstractContainerReportHandler.java:updateContainerState(253)) - FINALIZE (i.e. CLOSING) Container #19 (OPEN, sid=0) r0 (UNHEALTHY, bcsid=154, origin=e072d245-7694-4d97-8e20-c503ebf8c2fe, non-empty) from dn e072d245-7694-4d97-8e20-c503ebf8c2fe(localhost/127.0.0.1)
2025-10-16 19:49:09,044 | ERROR | DNAudit | user=null | ip=null | op=FINALIZE_BLOCK {"blockData":"conID: 19 locID: 115816896921600451 bcsId: 0 replicaIndex: null"} | ret=FAILURE | 
java.lang.Exception: Unable to find the block. BlockID : conID: 19 locID: 115816896921600451 bcsId: 0 replicaIndex: null
	at org.apache.hadoop.ozone.container.common.impl.HddsDispatcher.dispatchRequest(HddsDispatcher.java:440)
	at org.apache.hadoop.ozone.container.common.impl.HddsDispatcher.lambda$dispatch$1(HddsDispatcher.java:190)
 
2025-10-16 19:49:09,045 [76d4ba71-5bbb-4b24-8f51-8bc7f78aaca4-ContainerOp-36c7da6a-14e2-433e-b882-35c832a27f16-2] ERROR ratis.ContainerStateMachine (ContainerStateMachine.java:lambda$applyTransaction$11(1163)) - gid group-35C832A27F16 : ApplyTransaction failed. cmd FinalizeBlock logIndex 159 msg : Unable to find the block. BlockID : conID: 19 locID: 115816896921600451 bcsId: 0 replicaIndex: null Container Result: NO_SUCH_BLOCK
2025-10-16 19:49:09,040 [8a0fa2ff-b550-4652-b2fe-0cf91cd4a157-ContainerOp-36c7da6a-14e2-433e-b882-35c832a27f16-3] ERROR ratis.ContainerStateMachine (ContainerStateMachine.java:lambda$applyTransaction$11(1163)) - gid group-35C832A27F16 : ApplyTransaction failed. cmd FinalizeBlock logIndex 159 msg : Unable to find the block. BlockID : conID: 19 locID: 115816896921600451 bcsId: 0 replicaIndex: null Container Result: NO_SUCH_BLOCK
2025-10-16 19:49:09,045 [76d4ba71-5bbb-4b24-8f51-8bc7f78aaca4-ContainerOp-36c7da6a-14e2-433e-b882-35c832a27f16-2] ERROR impl.StateMachineUpdater (StateMachineUpdater.java:lambda$applyLog$3(259)) - Exception while 76d4ba71-5bbb-4b24-8f51-8bc7f78aaca4@group-35C832A27F16-StateMachineUpdater: applying txn index=159, nextLog=(t:1, i:159), STATEMACHINELOGENTRY, WRITE: logData.size=104, stateMachineData.size=0, logEntryProtoSerializedSize=0
java.util.concurrent.CompletionException: org.apache.hadoop.hdds.scm.container.common.helpers.StorageContainerException: Unable to find the block. BlockID : conID: 19 locID: 115816896921600451 bcsId: 0 replicaIndex: null
	at java.base/java.util.concurrent.CompletableFuture.encodeThrowable(CompletableFuture.java:332)
	at java.base/java.util.concurrent.CompletableFuture.completeThrowable(CompletableFuture.java:347)
	at java.base/java.util.concurrent.CompletableFuture.uniWhenComplete(CompletableFuture.java:874)
	at java.base/java.util.concurrent.CompletableFuture$UniWhenComplete.tryFire(CompletableFuture.java:841)
	at java.base/java.util.concurrent.CompletableFuture.postComplete(CompletableFuture.java:510)
	at java.base/java.util.concurrent.CompletableFuture.completeExceptionally(CompletableFuture.java:2194)
	at org.apache.hadoop.ozone.container.common.transport.server.ratis.ContainerStateMachine.lambda$applyTransaction$11(ContainerStateMachine.java:1172)
	at java.base/java.util.concurrent.CompletableFuture$UniApply.tryFire(CompletableFuture.java:646)
	at java.base/java.util.concurrent.CompletableFuture.postComplete(CompletableFuture.java:510)
	at java.base/java.util.concurrent.CompletableFuture.complete(CompletableFuture.java:2179)
	at org.apache.ratis.util.TaskQueue.lambda$submit$0(TaskQueue.java:133)
	at org.apache.ratis.util.LogUtils.runAndLog(LogUtils.java:38)
	at org.apache.ratis.util.LogUtils$1.run(LogUtils.java:78)
	at java.base/java.util.concurrent.Executors$RunnableAdapter.call(Executors.java:572)
	at java.base/java.util.concurrent.FutureTask.run(FutureTask.java:317)
	at java.base/java.util.concurrent.ThreadPoolExecutor.runWorker(ThreadPoolExecutor.java:1144)
	at java.base/java.util.concurrent.ThreadPoolExecutor$Worker.run(ThreadPoolExecutor.java:642)
	at java.base/java.lang.Thread.run(Thread.java:1583)
Caused by: org.apache.hadoop.hdds.scm.container.common.helpers.StorageContainerException: Unable to find the block. BlockID : conID: 19 locID: 115816896921600451 bcsId: 0 replicaIndex: null
	at org.apache.hadoop.ozone.container.common.transport.server.ratis.ContainerStateMachine.lambda$applyTransaction$11(ContainerStateMachine.java:1162)
	... 11 more
2025-10-16 19:49:09,038 [e072d245-7694-4d97-8e20-c503ebf8c2fe-ContainerOp-36c7da6a-14e2-433e-b882-35c832a27f16-0] INFO  impl.HddsDispatcher (HddsDispatcher.java:dispatchRequest(412)) - Marked Container UNHEALTHY, ContainerID: 19
2025-10-16 19:49:09,045 | ERROR | DNAudit | user=null | ip=null | op=FINALIZE_BLOCK {"blockData":"conID: 19 locID: 115816896921600451 bcsId: 0 replicaIndex: null"} | ret=FAILURE | 
java.lang.Exception: Unable to find the block. BlockID : conID: 19 locID: 115816896921600451 bcsId: 0 replicaIndex: null
	at org.apache.hadoop.ozone.container.common.impl.HddsDispatcher.dispatchRequest(HddsDispatcher.java:440)
	at org.apache.hadoop.ozone.container.common.impl.HddsDispatcher.lambda$dispatch$1(HddsDispatcher.java:190)
 
2025-10-16 19:49:09,045 [e072d245-7694-4d97-8e20-c503ebf8c2fe-ContainerOp-36c7da6a-14e2-433e-b882-35c832a27f16-0] ERROR ratis.ContainerStateMachine (ContainerStateMachine.java:lambda$applyTransaction$11(1163)) - gid group-35C832A27F16 : ApplyTransaction failed. cmd FinalizeBlock logIndex 159 msg : Unable to find the block. BlockID : conID: 19 locID: 115816896921600451 bcsId: 0 replicaIndex: null Container Result: NO_SUCH_BLOCK
2025-10-16 19:49:09,045 | INFO  | SCMAudit | user=runner | ip=127.0.0.1 | op=SEND_HEARTBEAT {"datanodeUUID":"76d4ba71-5bbb-4b24-8f51-8bc7f78aaca4","term":"2","command":"[]"} | ret=SUCCESS |  
2025-10-16 19:49:09,046 [e072d245-7694-4d97-8e20-c503ebf8c2fe-ContainerOp-36c7da6a-14e2-433e-b882-35c832a27f16-0] ERROR impl.StateMachineUpdater (StateMachineUpdater.java:lambda$applyLog$3(259)) - Exception while e072d245-7694-4d97-8e20-c503ebf8c2fe@group-35C832A27F16-StateMachineUpdater: applying txn index=159, nextLog=(t:1, i:159), STATEMACHINELOGENTRY, WRITE: logData.size=104, stateMachineData.size=0, logEntryProtoSerializedSize=0
java.util.concurrent.CompletionException: org.apache.hadoop.hdds.scm.container.common.helpers.StorageContainerException: Unable to find the block. BlockID : conID: 19 locID: 115816896921600451 bcsId: 0 replicaIndex: null
	at java.base/java.util.concurrent.CompletableFuture.encodeThrowable(CompletableFuture.java:332)
	at java.base/java.util.concurrent.CompletableFuture.completeThrowable(CompletableFuture.java:347)
	at java.base/java.util.concurrent.CompletableFuture.uniWhenComplete(CompletableFuture.java:874)
	at java.base/java.util.concurrent.CompletableFuture$UniWhenComplete.tryFire(CompletableFuture.java:841)
	at java.base/java.util.concurrent.CompletableFuture.postComplete(CompletableFuture.java:510)
	at java.base/java.util.concurrent.CompletableFuture.completeExceptionally(CompletableFuture.java:2194)
	at org.apache.hadoop.ozone.container.common.transport.server.ratis.ContainerStateMachine.lambda$applyTransaction$11(ContainerStateMachine.java:1172)
	at java.base/java.util.concurrent.CompletableFuture$UniApply.tryFire(CompletableFuture.java:646)
	at java.base/java.util.concurrent.CompletableFuture.postComplete(CompletableFuture.java:510)
	at java.base/java.util.concurrent.CompletableFuture.complete(CompletableFuture.java:2179)
	at org.apache.ratis.util.TaskQueue.lambda$submit$0(TaskQueue.java:133)
	at org.apache.ratis.util.LogUtils.runAndLog(LogUtils.java:38)
	at org.apache.ratis.util.LogUtils$1.run(LogUtils.java:78)
	at java.base/java.util.concurrent.Executors$RunnableAdapter.call(Executors.java:572)
	at java.base/java.util.concurrent.FutureTask.run(FutureTask.java:317)
	at java.base/java.util.concurrent.ThreadPoolExecutor.runWorker(ThreadPoolExecutor.java:1144)
	at java.base/java.util.concurrent.ThreadPoolExecutor$Worker.run(ThreadPoolExecutor.java:642)
	at java.base/java.lang.Thread.run(Thread.java:1583)
Caused by: org.apache.hadoop.hdds.scm.container.common.helpers.StorageContainerException: Unable to find the block. BlockID : conID: 19 locID: 115816896921600451 bcsId: 0 replicaIndex: null
	at org.apache.hadoop.ozone.container.common.transport.server.ratis.ContainerStateMachine.lambda$applyTransaction$11(ContainerStateMachine.java:1162)
	... 11 more
2025-10-16 19:49:09,046 | INFO  | SCMAudit | user=runner | ip=127.0.0.1 | op=SEND_HEARTBEAT {"datanodeUUID":"8a0fa2ff-b550-4652-b2fe-0cf91cd4a157","term":"2","command":"[]"} | ret=SUCCESS |  
2025-10-16 19:49:09,046 [e072d245-7694-4d97-8e20-c503ebf8c2fe-ContainerOp-36c7da6a-14e2-433e-b882-35c832a27f16-0] WARN  ratis.XceiverServerRatis (XceiverServerRatis.java:triggerPipelineClose(767)) - pipeline Action CLOSE on pipeline Pipeline-36c7da6a-14e2-433e-b882-35c832a27f16.Reason : Ratis Transaction failure in datanode e072d245-7694-4d97-8e20-c503ebf8c2fe with role FOLLOWER .Triggering pipeline close action.
2025-10-16 19:49:09,047 | INFO  | SCMAudit | user=runner | ip=127.0.0.1 | op=SEND_HEARTBEAT {"datanodeUUID":"e072d245-7694-4d97-8e20-c503ebf8c2fe","term":"2","command":"[]"} | ret=SUCCESS |  
2025-10-16 19:49:09,045 [76d4ba71-5bbb-4b24-8f51-8bc7f78aaca4-ContainerOp-36c7da6a-14e2-433e-b882-35c832a27f16-2] WARN  ratis.XceiverServerRatis (XceiverServerRatis.java:triggerPipelineClose(767)) - pipeline Action CLOSE on pipeline Pipeline-36c7da6a-14e2-433e-b882-35c832a27f16.Reason : Ratis Transaction failure in datanode 76d4ba71-5bbb-4b24-8f51-8bc7f78aaca4 with role LEADER .Triggering pipeline close action.
2025-10-16 19:49:09,045 [8a0fa2ff-b550-4652-b2fe-0cf91cd4a157-ContainerOp-36c7da6a-14e2-433e-b882-35c832a27f16-3] ERROR impl.StateMachineUpdater (StateMachineUpdater.java:lambda$applyLog$3(259)) - Exception while 8a0fa2ff-b550-4652-b2fe-0cf91cd4a157@group-35C832A27F16-StateMachineUpdater: applying txn index=159, nextLog=(t:1, i:159), STATEMACHINELOGENTRY, WRITE: logData.size=104, stateMachineData.size=0, logEntryProtoSerializedSize=0
java.util.concurrent.CompletionException: org.apache.hadoop.hdds.scm.container.common.helpers.StorageContainerException: Unable to find the block. BlockID : conID: 19 locID: 115816896921600451 bcsId: 0 replicaIndex: null
	at java.base/java.util.concurrent.CompletableFuture.encodeThrowable(CompletableFuture.java:332)
	at java.base/java.util.concurrent.CompletableFuture.completeThrowable(CompletableFuture.java:347)
	at java.base/java.util.concurrent.CompletableFuture.uniWhenComplete(CompletableFuture.java:874)
	at java.base/java.util.concurrent.CompletableFuture$UniWhenComplete.tryFire(CompletableFuture.java:841)
	at java.base/java.util.concurrent.CompletableFuture.postComplete(CompletableFuture.java:510)
	at java.base/java.util.concurrent.CompletableFuture.completeExceptionally(CompletableFuture.java:2194)
	at org.apache.hadoop.ozone.container.common.transport.server.ratis.ContainerStateMachine.lambda$applyTransaction$11(ContainerStateMachine.java:1172)
	at java.base/java.util.concurrent.CompletableFuture$UniApply.tryFire(CompletableFuture.java:646)
	at java.base/java.util.concurrent.CompletableFuture.postComplete(CompletableFuture.java:510)
	at java.base/java.util.concurrent.CompletableFuture.complete(CompletableFuture.java:2179)
	at org.apache.ratis.util.TaskQueue.lambda$submit$0(TaskQueue.java:133)
	at org.apache.ratis.util.LogUtils.runAndLog(LogUtils.java:38)
	at org.apache.ratis.util.LogUtils$1.run(LogUtils.java:78)
	at java.base/java.util.concurrent.Executors$RunnableAdapter.call(Executors.java:572)
	at java.base/java.util.concurrent.FutureTask.run(FutureTask.java:317)
	at java.base/java.util.concurrent.ThreadPoolExecutor.runWorker(ThreadPoolExecutor.java:1144)
	at java.base/java.util.concurrent.ThreadPoolExecutor$Worker.run(ThreadPoolExecutor.java:642)
	at java.base/java.lang.Thread.run(Thread.java:1583)
Caused by: org.apache.hadoop.hdds.scm.container.common.helpers.StorageContainerException: Unable to find the block. BlockID : conID: 19 locID: 115816896921600451 bcsId: 0 replicaIndex: null
	at org.apache.hadoop.ozone.container.common.transport.server.ratis.ContainerStateMachine.lambda$applyTransaction$11(ContainerStateMachine.java:1162)
	... 11 more
2025-10-16 19:49:09,047 [EventQueue-PipelineActionsForPipelineActionHandler] INFO  pipeline.PipelineActionHandler (PipelineActionHandler.java:processPipelineAction(89)) - Received pipeline action CLOSE for Pipeline-36c7da6a-14e2-433e-b882-35c832a27f16 from datanode e072d245-7694-4d97-8e20-c503ebf8c2fe(localhost/127.0.0.1). Reason : Ratis Transaction failure in datanode e072d245-7694-4d97-8e20-c503ebf8c2fe with role FOLLOWER .Triggering pipeline close action.
2025-10-16 19:49:09,047 [8a0fa2ff-b550-4652-b2fe-0cf91cd4a157-ContainerOp-36c7da6a-14e2-433e-b882-35c832a27f16-3] WARN  ratis.XceiverServerRatis (XceiverServerRatis.java:triggerPipelineClose(767)) - pipeline Action CLOSE on pipeline Pipeline-36c7da6a-14e2-433e-b882-35c832a27f16.Reason : Ratis Transaction failure in datanode 8a0fa2ff-b550-4652-b2fe-0cf91cd4a157 with role FOLLOWER .Triggering pipeline close action.
2025-10-16 19:49:09,049 [EventQueue-PipelineActionsForPipelineActionHandler] INFO  pipeline.PipelineManagerImpl (PipelineManagerImpl.java:closePipeline(511)) - Pipeline Pipeline-36c7da6a-14e2-433e-b882-35c832a27f16 moved to CLOSED state
2025-10-16 19:49:09,049 [EventQueue-CloseContainerForCloseContainerEventHandler] INFO  container.CloseContainerEventHandler (CloseContainerEventHandler.java:onMessage(88)) - Close container Event triggered for container : #19, current state: CLOSING
2025-10-16 19:49:09,049 [EventQueue-CloseContainerForCloseContainerEventHandler] INFO  container.CloseContainerEventHandler (CloseContainerEventHandler.java:onMessage(88)) - Close container Event triggered for container : #19, current state: CLOSING
2025-10-16 19:49:09,050 | INFO  | SCMAudit | user=runner | ip=127.0.0.1 | op=SEND_HEARTBEAT {"datanodeUUID":"8a0fa2ff-b550-4652-b2fe-0cf91cd4a157","term":"2","command":"[]"} | ret=SUCCESS |  
2025-10-16 19:49:09,050 [EventQueue-PipelineActionsForPipelineActionHandler] INFO  pipeline.PipelineActionHandler (PipelineActionHandler.java:processPipelineAction(89)) - Received pipeline action CLOSE for Pipeline-36c7da6a-14e2-433e-b882-35c832a27f16 from datanode 8a0fa2ff-b550-4652-b2fe-0cf91cd4a157(localhost/127.0.0.1). Reason : Ratis Transaction failure in datanode 8a0fa2ff-b550-4652-b2fe-0cf91cd4a157 with role FOLLOWER .Triggering pipeline close action.
2025-10-16 19:49:09,050 | INFO  | SCMAudit | user=runner | ip=127.0.0.1 | op=SEND_HEARTBEAT {"datanodeUUID":"76d4ba71-5bbb-4b24-8f51-8bc7f78aaca4","term":"2","command":"[]"} | ret=SUCCESS |  
2025-10-16 19:49:09,051 [EventQueue-CloseContainerForCloseContainerEventHandler] INFO  container.CloseContainerEventHandler (CloseContainerEventHandler.java:onMessage(88)) - Close container Event triggered for container : #19, current state: CLOSING
2025-10-16 19:49:09,051 [EventQueue-PipelineActionsForPipelineActionHandler] INFO  pipeline.PipelineActionHandler (PipelineActionHandler.java:processPipelineAction(89)) - Received pipeline action CLOSE for Pipeline-36c7da6a-14e2-433e-b882-35c832a27f16 from datanode 76d4ba71-5bbb-4b24-8f51-8bc7f78aaca4(localhost/127.0.0.1). Reason : Ratis Transaction failure in datanode 76d4ba71-5bbb-4b24-8f51-8bc7f78aaca4 with role LEADER .Triggering pipeline close action.
2025-10-16 19:49:09,051 [EventQueue-PipelineActionsForPipelineActionHandler] INFO  pipeline.PipelineActionHandler (PipelineActionHandler.java:processPipelineAction(89)) - Received pipeline action CLOSE for Pipeline-36c7da6a-14e2-433e-b882-35c832a27f16 from datanode 76d4ba71-5bbb-4b24-8f51-8bc7f78aaca4(localhost/127.0.0.1). Reason : Ratis Transaction failure in datanode 76d4ba71-5bbb-4b24-8f51-8bc7f78aaca4 with role LEADER .Triggering pipeline close action.
2025-10-16 19:49:09,051 | INFO  | SCMAudit | user=runner | ip=127.0.0.1 | op=SEND_HEARTBEAT {"datanodeUUID":"76d4ba71-5bbb-4b24-8f51-8bc7f78aaca4","term":"2","command":"[]"} | ret=SUCCESS |  
2025-10-16 19:49:09,052 [grpc-default-executor-5] ERROR impl.OrderedAsync (OrderedAsync.java:lambda$send$4(181)) - Failed to send request, message=cmdType: FinalizeBlock traceID: "" containerID: 19 datanodeUuid: "e072d245-7694-4d97-8e20-c503ebf8c2fe" encodedToken: "VAoGcnVubmVyEiNjb25JRDogMTkgbG9jSUQ6IDExNTgxNjg5NjkyMTYwMDQ1MRiTluCdnzMoASgCMICAgAI6FQiTnIWAlZbGkkIQ4aOs9Mn9iaiMASB86gqMmUhaflsuxtVDPLOvT6od17oFvtITpeYFABETlxBIRERTX0JMT0NLX1RPS0VOJmNvbklEOiAxOSBsb2NJRDogMTE1ODE2ODk2OTIxNjAwNDUxAAAA" version: 3 finalizeBlock { blockID { containerID: 19 localID: 115816896921600451 blockCommitSequenceId: 0 } }, data.size=0
java.util.concurrent.CompletionException: org.apache.ratis.protocol.exceptions.StateMachineException: org.apache.hadoop.hdds.scm.container.common.helpers.StorageContainerException: Unable to find the block. BlockID : conID: 19 locID: 115816896921600451 bcsId: 0 replicaIndex: null
	at org.apache.ratis.client.impl.RaftClientImpl.handleRaftException(RaftClientImpl.java:373)
	at org.apache.ratis.client.impl.OrderedAsync.lambda$send$3(OrderedAsync.java:175)
	at java.base/java.util.concurrent.CompletableFuture$UniApply.tryFire(CompletableFuture.java:646)
	at java.base/java.util.concurrent.CompletableFuture.postComplete(CompletableFuture.java:510)
	at java.base/java.util.concurrent.CompletableFuture.complete(CompletableFuture.java:2179)
	at org.apache.ratis.client.impl.OrderedAsync$PendingOrderedRequest.setReply(OrderedAsync.java:105)
	at org.apache.ratis.client.impl.OrderedAsync$PendingOrderedRequest.setReply(OrderedAsync.java:66)
	at org.apache.ratis.util.SlidingWindow$RequestMap.setReply(SlidingWindow.java:147)
	at org.apache.ratis.util.SlidingWindow$Client.receiveReply(SlidingWindow.java:351)
	at org.apache.ratis.client.impl.OrderedAsync.lambda$sendRequestWithRetry$5(OrderedAsync.java:210)
	at java.base/java.util.concurrent.CompletableFuture$UniAccept.tryFire(CompletableFuture.java:718)
	at java.base/java.util.concurrent.CompletableFuture.postComplete(CompletableFuture.java:510)
	at java.base/java.util.concurrent.CompletableFuture.complete(CompletableFuture.java:2179)
	at org.apache.ratis.grpc.client.GrpcClientProtocolClient$AsyncStreamObservers$1.lambda$onNext$0(GrpcClientProtocolClient.java:325)
	at java.base/java.util.Optional.ifPresent(Optional.java:178)
	at org.apache.ratis.grpc.client.GrpcClientProtocolClient$AsyncStreamObservers.handleReplyFuture(GrpcClientProtocolClient.java:381)
	at org.apache.ratis.grpc.client.GrpcClientProtocolClient$AsyncStreamObservers.access$100(GrpcClientProtocolClient.java:303)
	at org.apache.ratis.grpc.client.GrpcClientProtocolClient$AsyncStreamObservers$1.onNext(GrpcClientProtocolClient.java:325)
	at org.apache.ratis.grpc.client.GrpcClientProtocolClient$AsyncStreamObservers$1.onNext(GrpcClientProtocolClient.java:308)
	at org.apache.ratis.thirdparty.io.grpc.stub.ClientCalls$StreamObserverToCallListenerAdapter.onMessage(ClientCalls.java:551)
	at org.apache.ratis.thirdparty.io.grpc.ForwardingClientCallListener.onMessage(ForwardingClientCallListener.java:33)
	at org.apache.ratis.thirdparty.io.grpc.internal.ClientCallImpl$ClientStreamListenerImpl$1MessagesAvailable.runInternal(ClientCallImpl.java:661)
	at org.apache.ratis.thirdparty.io.grpc.internal.ClientCallImpl$ClientStreamListenerImpl$1MessagesAvailable.runInContext(ClientCallImpl.java:648)
	at org.apache.ratis.thirdparty.io.grpc.internal.ContextRunnable.run(ContextRunnable.java:37)
	at org.apache.ratis.thirdparty.io.grpc.internal.SerializingExecutor.run(SerializingExecutor.java:133)
	at java.base/java.util.concurrent.ThreadPoolExecutor.runWorker(ThreadPoolExecutor.java:1144)
	at java.base/java.util.concurrent.ThreadPoolExecutor$Worker.run(ThreadPoolExecutor.java:642)
	at java.base/java.lang.Thread.run(Thread.java:1583)
Caused by: org.apache.ratis.protocol.exceptions.StateMachineException: org.apache.hadoop.hdds.scm.container.common.helpers.StorageContainerException: Unable to find the block. BlockID : conID: 19 locID: 115816896921600451 bcsId: 0 replicaIndex: null
	at org.apache.hadoop.ozone.container.common.transport.server.ratis.ContainerStateMachine.lambda$applyTransaction$11(ContainerStateMachine.java:1162)
	at java.base/java.util.concurrent.CompletableFuture$UniApply.tryFire(CompletableFuture.java:646)
	at java.base/java.util.concurrent.CompletableFuture.postComplete(CompletableFuture.java:510)
	at java.base/java.util.concurrent.CompletableFuture.complete(CompletableFuture.java:2179)
	at org.apache.ratis.util.TaskQueue.lambda$submit$0(TaskQueue.java:133)
	at org.apache.ratis.util.LogUtils.runAndLog(LogUtils.java:38)
	at org.apache.ratis.util.LogUtils$1.run(LogUtils.java:78)
	at java.base/java.util.concurrent.Executors$RunnableAdapter.call(Executors.java:572)
	at java.base/java.util.concurrent.FutureTask.run(FutureTask.java:317)
	... 3 more
2025-10-16 19:49:09,052 [ForkJoinPool-1-worker-1] WARN  ozone.BasicRootedOzoneClientAdapterImpl (BasicRootedOzoneClientAdapterImpl.java:finalizeBlock(1489)) - Failed to execute finalizeBlock command
java.io.IOException: Failed to execute command cmdType: FinalizeBlock containerID: 19 datanodeUuid: "e072d245-7694-4d97-8e20-c503ebf8c2fe" encodedToken: "VAoGcnVubmVyEiNjb25JRDogMTkgbG9jSUQ6IDExNTgxNjg5NjkyMTYwMDQ1MRiTluCdnzMoASgCMICAgAI6FQiTnIWAlZbGkkIQ4aOs9Mn9iaiMASB86gqMmUhaflsuxtVDPLOvT6od17oFvtITpeYFABETlxBIRERTX0JMT0NLX1RPS0VOJmNvbklEOiAxOSBsb2NJRDogMTE1ODE2ODk2OTIxNjAwNDUxAAAA" finalizeBlock { blockID { containerID: 19 localID: 115816896921600451 blockCommitSequenceId: 0 } }
	at org.apache.hadoop.hdds.scm.XceiverClientSpi.getIOExceptionForSendCommand(XceiverClientSpi.java:150)
	at org.apache.hadoop.hdds.scm.XceiverClientSpi.sendCommand(XceiverClientSpi.java:143)
	at org.apache.hadoop.hdds.scm.storage.ContainerProtocolCalls.finalizeBlock(ContainerProtocolCalls.java:322)
	at org.apache.hadoop.fs.ozone.BasicRootedOzoneClientAdapterImpl.finalizeBlock(BasicRootedOzoneClientAdapterImpl.java:1484)
	at org.apache.hadoop.fs.ozone.LeaseRecoveryClientDNHandler.getOmKeyLocationInfos(LeaseRecoveryClientDNHandler.java:81)
	at org.apache.hadoop.fs.ozone.RootedOzoneFileSystem.recoverLeaseTraced(RootedOzoneFileSystem.java:165)
	at org.apache.hadoop.fs.ozone.RootedOzoneFileSystem.lambda$recoverLease$0(RootedOzoneFileSystem.java:143)
	at org.apache.hadoop.hdds.tracing.TracingUtil.executeInSpan(TracingUtil.java:205)
	at org.apache.hadoop.hdds.tracing.TracingUtil.executeInNewSpan(TracingUtil.java:195)
	at org.apache.hadoop.fs.ozone.RootedOzoneFileSystem.recoverLease(RootedOzoneFileSystem.java:142)
	at org.apache.hadoop.ozone.client.rpc.TestSecureOzoneRpcClient.testPreallocateFileRecovery(TestSecureOzoneRpcClient.java:305)
	at java.base/jdk.internal.reflect.DirectMethodHandleAccessor.invoke(DirectMethodHandleAccessor.java:103)
	at java.base/java.lang.reflect.Method.invoke(Method.java:580)
	at org.junit.platform.commons.util.ReflectionUtils.invokeMethod(ReflectionUtils.java:786)
	at org.junit.platform.commons.support.ReflectionSupport.invokeMethod(ReflectionSupport.java:514)
	at org.junit.jupiter.engine.execution.MethodInvocation.proceed(MethodInvocation.java:60)
	at org.junit.jupiter.engine.execution.InvocationInterceptorChain$ValidatingInvocation.proceed(InvocationInterceptorChain.java:131)
	at org.junit.jupiter.engine.extension.SameThreadTimeoutInvocation.proceed(SameThreadTimeoutInvocation.java:49)
	at org.junit.jupiter.engine.extension.TimeoutExtension.intercept(TimeoutExtension.java:161)
	at org.junit.jupiter.engine.extension.TimeoutExtension.interceptTestableMethod(TimeoutExtension.java:152)
	at org.junit.jupiter.engine.extension.TimeoutExtension.interceptTestTemplateMethod(TimeoutExtension.java:99)
	at org.junit.jupiter.engine.execution.InterceptingExecutableInvoker$ReflectiveInterceptorCall.lambda$ofVoidMethod$0(InterceptingExecutableInvoker.java:112)
	at org.junit.jupiter.engine.execution.InterceptingExecutableInvoker.lambda$invoke$0(InterceptingExecutableInvoker.java:94)
	at org.junit.jupiter.engine.execution.InvocationInterceptorChain$InterceptedInvocation.proceed(InvocationInterceptorChain.java:106)
	at org.junit.jupiter.engine.execution.InvocationInterceptorChain.proceed(InvocationInterceptorChain.java:64)
	at org.junit.jupiter.engine.execution.InvocationInterceptorChain.chainAndInvoke(InvocationInterceptorChain.java:45)
	at org.junit.jupiter.engine.execution.InvocationInterceptorChain.invoke(InvocationInterceptorChain.java:37)
	at org.junit.jupiter.engine.execution.InterceptingExecutableInvoker.invoke(InterceptingExecutableInvoker.java:93)
	at org.junit.jupiter.engine.execution.InterceptingExecutableInvoker.invoke(InterceptingExecutableInvoker.java:87)
	at org.junit.jupiter.engine.descriptor.TestMethodTestDescriptor.lambda$invokeTestMethod$4(TestMethodTestDescriptor.java:221)
	at org.junit.platform.engine.support.hierarchical.ThrowableCollector.execute(ThrowableCollector.java:73)
	at org.junit.jupiter.engine.descriptor.TestMethodTestDescriptor.invokeTestMethod(TestMethodTestDescriptor.java:217)
	at org.junit.jupiter.engine.descriptor.TestMethodTestDescriptor.execute(TestMethodTestDescriptor.java:159)
	at org.junit.jupiter.engine.descriptor.TestMethodTestDescriptor.execute(TestMethodTestDescriptor.java:70)
	at org.junit.platform.engine.support.hierarchical.NodeTestTask.lambda$executeRecursively$6(NodeTestTask.java:157)
	at org.junit.platform.engine.support.hierarchical.ThrowableCollector.execute(ThrowableCollector.java:73)
	at org.junit.platform.engine.support.hierarchical.NodeTestTask.lambda$executeRecursively$8(NodeTestTask.java:147)
	at org.junit.platform.engine.support.hierarchical.Node.around(Node.java:137)
	at org.junit.platform.engine.support.hierarchical.NodeTestTask.lambda$executeRecursively$9(NodeTestTask.java:145)
	at org.junit.platform.engine.support.hierarchical.ThrowableCollector.execute(ThrowableCollector.java:73)
	at org.junit.platform.engine.support.hierarchical.NodeTestTask.executeRecursively(NodeTestTask.java:144)
	at org.junit.platform.engine.support.hierarchical.NodeTestTask.execute(NodeTestTask.java:101)
	at org.junit.platform.engine.support.hierarchical.ForkJoinPoolHierarchicalTestExecutorService$ExclusiveTask.exec(ForkJoinPoolHierarchicalTestExecutorService.java:274)
	at org.junit.platform.engine.support.hierarchical.ForkJoinPoolHierarchicalTestExecutorService$ExclusiveTask.execSync(ForkJoinPoolHierarchicalTestExecutorService.java:247)
	at org.junit.platform.engine.support.hierarchical.ForkJoinPoolHierarchicalTestExecutorService.submit(ForkJoinPoolHierarchicalTestExecutorService.java:148)
	at org.junit.platform.engine.support.hierarchical.NodeTestTask$DefaultDynamicTestExecutor.execute(NodeTestTask.java:232)
	at org.junit.platform.engine.support.hierarchical.NodeTestTask$DefaultDynamicTestExecutor.execute(NodeTestTask.java:210)
	at org.junit.jupiter.engine.descriptor.TemplateExecutor.execute(TemplateExecutor.java:98)
	at org.junit.jupiter.engine.descriptor.TemplateExecutor.lambda$executeForProvider$0(TemplateExecutor.java:61)
	at java.base/java.util.Optional.ifPresent(Optional.java:178)
	at org.junit.jupiter.engine.descriptor.TemplateExecutor.lambda$executeForProvider$1(TemplateExecutor.java:61)
	at java.base/java.util.stream.ForEachOps$ForEachOp$OfRef.accept(ForEachOps.java:184)
	at java.base/java.util.stream.ReferencePipeline$3$1.accept(ReferencePipeline.java:197)
	at java.base/java.util.stream.ForEachOps$ForEachOp$OfRef.accept(ForEachOps.java:184)
	at java.base/java.util.stream.ForEachOps$ForEachOp$OfRef.accept(ForEachOps.java:184)
	at java.base/java.util.stream.ReferencePipeline$3$1.accept(ReferencePipeline.java:197)
	at java.base/java.util.Spliterators$ArraySpliterator.forEachRemaining(Spliterators.java:1024)
	at java.base/java.util.stream.AbstractPipeline.copyInto(AbstractPipeline.java:509)
	at java.base/java.util.stream.AbstractPipeline.wrapAndCopyInto(AbstractPipeline.java:499)
	at java.base/java.util.stream.ForEachOps$ForEachOp.evaluateSequential(ForEachOps.java:151)
	at java.base/java.util.stream.ForEachOps$ForEachOp$OfRef.evaluateSequential(ForEachOps.java:174)
	at java.base/java.util.stream.AbstractPipeline.evaluate(AbstractPipeline.java:234)
	at java.base/java.util.stream.ReferencePipeline.forEach(ReferencePipeline.java:596)
	at java.base/java.util.stream.ReferencePipeline$7$1.accept(ReferencePipeline.java:276)
	at java.base/java.util.ArrayList$ArrayListSpliterator.forEachRemaining(ArrayList.java:1708)
	at java.base/java.util.stream.AbstractPipeline.copyInto(AbstractPipeline.java:509)
	at java.base/java.util.stream.AbstractPipeline.wrapAndCopyInto(AbstractPipeline.java:499)
	at java.base/java.util.stream.ForEachOps$ForEachOp.evaluateSequential(ForEachOps.java:151)
	at java.base/java.util.stream.ForEachOps$ForEachOp$OfRef.evaluateSequential(ForEachOps.java:174)
	at java.base/java.util.stream.AbstractPipeline.evaluate(AbstractPipeline.java:234)
	at java.base/java.util.stream.ReferencePipeline.forEach(ReferencePipeline.java:596)
	at java.base/java.util.stream.ReferencePipeline$7$1.accept(ReferencePipeline.java:276)
	at java.base/java.util.stream.ReferencePipeline$3$1.accept(ReferencePipeline.java:197)
	at java.base/java.util.stream.ReferencePipeline$3$1.accept(ReferencePipeline.java:197)
	at java.base/java.util.stream.ReferencePipeline$3$1.accept(ReferencePipeline.java:197)
	at java.base/java.util.ArrayList$ArrayListSpliterator.forEachRemaining(ArrayList.java:1708)
	at java.base/java.util.stream.AbstractPipeline.copyInto(AbstractPipeline.java:509)
	at java.base/java.util.stream.AbstractPipeline.wrapAndCopyInto(AbstractPipeline.java:499)
	at java.base/java.util.stream.ForEachOps$ForEachOp.evaluateSequential(ForEachOps.java:151)
	at java.base/java.util.stream.ForEachOps$ForEachOp$OfRef.evaluateSequential(ForEachOps.java:174)
	at java.base/java.util.stream.AbstractPipeline.evaluate(AbstractPipeline.java:234)
	at java.base/java.util.stream.ReferencePipeline.forEach(ReferencePipeline.java:596)
	at org.junit.jupiter.engine.descriptor.TemplateExecutor.executeForProvider(TemplateExecutor.java:59)
	at org.junit.jupiter.engine.descriptor.TemplateExecutor.execute(TemplateExecutor.java:48)
	at org.junit.jupiter.engine.descriptor.TestTemplateTestDescriptor.execute(TestTemplateTestDescriptor.java:112)
	at org.junit.jupiter.engine.descriptor.TestTemplateTestDescriptor.execute(TestTemplateTestDescriptor.java:40)
	at org.junit.platform.engine.support.hierarchical.NodeTestTask.lambda$executeRecursively$6(NodeTestTask.java:157)
	at org.junit.platform.engine.support.hierarchical.ThrowableCollector.execute(ThrowableCollector.java:73)
	at org.junit.platform.engine.support.hierarchical.NodeTestTask.lambda$executeRecursively$8(NodeTestTask.java:147)
	at org.junit.platform.engine.support.hierarchical.Node.around(Node.java:137)
	at org.junit.platform.engine.support.hierarchical.NodeTestTask.lambda$executeRecursively$9(NodeTestTask.java:145)
	at org.junit.platform.engine.support.hierarchical.ThrowableCollector.execute(ThrowableCollector.java:73)
	at org.junit.platform.engine.support.hierarchical.NodeTestTask.executeRecursively(NodeTestTask.java:144)
	at org.junit.platform.engine.support.hierarchical.NodeTestTask.execute(NodeTestTask.java:101)
	at org.junit.platform.engine.support.hierarchical.ForkJoinPoolHierarchicalTestExecutorService$ExclusiveTask.exec(ForkJoinPoolHierarchicalTestExecutorService.java:274)
	at org.junit.platform.engine.support.hierarchical.ForkJoinPoolHierarchicalTestExecutorService$ExclusiveTask.execSync(ForkJoinPoolHierarchicalTestExecutorService.java:247)
	at org.junit.platform.engine.support.hierarchical.ForkJoinPoolHierarchicalTestExecutorService.executeSync(ForkJoinPoolHierarchicalTestExecutorService.java:194)
	at org.junit.platform.engine.support.hierarchical.ForkJoinPoolHierarchicalTestExecutorService.invokeAll(ForkJoinPoolHierarchicalTestExecutorService.java:166)
	at org.junit.platform.engine.support.hierarchical.NodeTestTask.lambda$executeRecursively$6(NodeTestTask.java:161)
	at org.junit.platform.engine.support.hierarchical.ThrowableCollector.execute(ThrowableCollector.java:73)
	at org.junit.platform.engine.support.hierarchical.NodeTestTask.lambda$executeRecursively$8(NodeTestTask.java:147)
	at org.junit.platform.engine.support.hierarchical.Node.around(Node.java:137)
	at org.junit.platform.engine.support.hierarchical.NodeTestTask.lambda$executeRecursively$9(NodeTestTask.java:145)
	at org.junit.platform.engine.support.hierarchical.ThrowableCollector.execute(ThrowableCollector.java:73)
	at org.junit.platform.engine.support.hierarchical.NodeTestTask.executeRecursively(NodeTestTask.java:144)
	at org.junit.platform.engine.support.hierarchical.NodeTestTask.execute(NodeTestTask.java:101)
	at org.junit.platform.engine.support.hierarchical.ForkJoinPoolHierarchicalTestExecutorService$ExclusiveTask.exec(ForkJoinPoolHierarchicalTestExecutorService.java:274)
	at org.junit.platform.engine.support.hierarchical.ForkJoinPoolHierarchicalTestExecutorService$ExclusiveTask.execSync(ForkJoinPoolHierarchicalTestExecutorService.java:247)
	at org.junit.platform.engine.support.hierarchical.ForkJoinPoolHierarchicalTestExecutorService.invokeAll(ForkJoinPoolHierarchicalTestExecutorService.java:159)
	at org.junit.platform.engine.support.hierarchical.NodeTestTask.lambda$executeRecursively$6(NodeTestTask.java:161)
	at org.junit.platform.engine.support.hierarchical.ThrowableCollector.execute(ThrowableCollector.java:73)
	at org.junit.platform.engine.support.hierarchical.NodeTestTask.lambda$executeRecursively$8(NodeTestTask.java:147)
	at org.junit.platform.engine.support.hierarchical.Node.around(Node.java:137)
	at org.junit.platform.engine.support.hierarchical.NodeTestTask.lambda$executeRecursively$9(NodeTestTask.java:145)
	at org.junit.platform.engine.support.hierarchical.ThrowableCollector.execute(ThrowableCollector.java:73)
	at org.junit.platform.engine.support.hierarchical.NodeTestTask.executeRecursively(NodeTestTask.java:144)
	at org.junit.platform.engine.support.hierarchical.NodeTestTask.execute(NodeTestTask.java:101)
	at org.junit.platform.engine.support.hierarchical.ForkJoinPoolHierarchicalTestExecutorService$ExclusiveTask.exec(ForkJoinPoolHierarchicalTestExecutorService.java:274)
	at java.base/java.util.concurrent.ForkJoinTask.doExec(ForkJoinTask.java:387)
	at java.base/java.util.concurrent.ForkJoinPool$WorkQueue.topLevelExec(ForkJoinPool.java:1312)
	at java.base/java.util.concurrent.ForkJoinPool.scan(ForkJoinPool.java:1843)
	at java.base/java.util.concurrent.ForkJoinPool.runWorker(ForkJoinPool.java:1808)
	at java.base/java.util.concurrent.ForkJoinWorkerThread.run(ForkJoinWorkerThread.java:188)
Caused by: java.util.concurrent.ExecutionException: org.apache.ratis.protocol.exceptions.StateMachineException: org.apache.hadoop.hdds.scm.container.common.helpers.StorageContainerException: Unable to find the block. BlockID : conID: 19 locID: 115816896921600451 bcsId: 0 replicaIndex: null
	at java.base/java.util.concurrent.CompletableFuture.reportGet(CompletableFuture.java:396)
	at java.base/java.util.concurrent.CompletableFuture.get(CompletableFuture.java:2073)
	at org.apache.hadoop.hdds.scm.XceiverClientSpi.sendCommand(XceiverClientSpi.java:133)
	... 121 more
Caused by: org.apache.ratis.protocol.exceptions.StateMachineException: org.apache.hadoop.hdds.scm.container.common.helpers.StorageContainerException: Unable to find the block. BlockID : conID: 19 locID: 115816896921600451 bcsId: 0 replicaIndex: null
	at org.apache.hadoop.ozone.container.common.transport.server.ratis.ContainerStateMachine.lambda$applyTransaction$11(ContainerStateMachine.java:1162)
	at java.base/java.util.concurrent.CompletableFuture$UniApply.tryFire(CompletableFuture.java:646)
	at java.base/java.util.concurrent.CompletableFuture.postComplete(CompletableFuture.java:510)
	at java.base/java.util.concurrent.CompletableFuture.complete(CompletableFuture.java:2179)
	at org.apache.ratis.util.TaskQueue.lambda$submit$0(TaskQueue.java:133)
	at org.apache.ratis.util.LogUtils.runAndLog(LogUtils.java:38)
	at org.apache.ratis.util.LogUtils$1.run(LogUtils.java:78)
	at java.base/java.util.concurrent.Executors$RunnableAdapter.call(Executors.java:572)
	at java.base/java.util.concurrent.FutureTask.run(FutureTask.java:317)
	at java.base/java.util.concurrent.ThreadPoolExecutor.runWorker(ThreadPoolExecutor.java:1144)
	at java.base/java.util.concurrent.ThreadPoolExecutor$Worker.run(ThreadPoolExecutor.java:642)
	at java.base/java.lang.Thread.run(Thread.java:1583)
2025-10-16 19:49:09,058 [76d4ba71-5bbb-4b24-8f51-8bc7f78aaca4-ChunkReader-7] WARN  keyvalue.KeyValueHandler (ContainerUtils.java:logAndReturnError(94)) - Operation: GetCommittedBlockLength , Trace ID:  , Message: Unable to find the block. BlockID : conID: 19 locID: 115816896921600451 bcsId: 0 replicaIndex: null , Result: NO_SUCH_BLOCK , StorageContainerException Occurred.
org.apache.hadoop.hdds.scm.container.common.helpers.StorageContainerException: Unable to find the block. BlockID : conID: 19 locID: 115816896921600451 bcsId: 0 replicaIndex: null
	at org.apache.hadoop.ozone.container.metadata.DatanodeStoreWithIncrementalChunkList.getCompleteBlockData(DatanodeStoreWithIncrementalChunkList.java:67)
	at org.apache.hadoop.ozone.container.metadata.DatanodeStore.getBlockByID(DatanodeStore.java:90)
	at org.apache.hadoop.ozone.container.keyvalue.impl.BlockManagerImpl.getBlockByID(BlockManagerImpl.java:462)
	at org.apache.hadoop.ozone.container.keyvalue.impl.BlockManagerImpl.getCommittedBlockLength(BlockManagerImpl.java:367)
	at org.apache.hadoop.ozone.container.keyvalue.KeyValueHandler.handleGetCommittedBlockLength(KeyValueHandler.java:860)
	at org.apache.hadoop.ozone.container.keyvalue.KeyValueHandler.dispatchRequest(KeyValueHandler.java:355)
	at org.apache.hadoop.ozone.container.keyvalue.KeyValueHandler.handle(KeyValueHandler.java:293)
	at org.apache.hadoop.ozone.container.common.impl.HddsDispatcher.dispatchRequest(HddsDispatcher.java:365)
	at org.apache.hadoop.ozone.container.common.impl.HddsDispatcher.lambda$dispatch$1(HddsDispatcher.java:190)
	at org.apache.hadoop.hdds.server.OzoneProtocolMessageDispatcher.processRequest(OzoneProtocolMessageDispatcher.java:89)
	at org.apache.hadoop.ozone.container.common.impl.HddsDispatcher.dispatch(HddsDispatcher.java:189)
	at org.apache.hadoop.ozone.container.common.transport.server.GrpcXceiverService$1.onNext(GrpcXceiverService.java:107)
	at org.apache.hadoop.ozone.container.common.transport.server.GrpcXceiverService$1.onNext(GrpcXceiverService.java:96)
	at org.apache.ratis.thirdparty.io.grpc.stub.ServerCalls$StreamingServerCallHandler$StreamingServerCallListener.onMessage(ServerCalls.java:262)
	at org.apache.ratis.thirdparty.io.grpc.ForwardingServerCallListener.onMessage(ForwardingServerCallListener.java:33)
	at org.apache.hadoop.hdds.tracing.GrpcServerInterceptor$1.onMessage(GrpcServerInterceptor.java:49)
	at org.apache.ratis.thirdparty.io.grpc.internal.ServerCallImpl$ServerStreamListenerImpl.messagesAvailableInternal(ServerCallImpl.java:334)
	at org.apache.ratis.thirdparty.io.grpc.internal.ServerCallImpl$ServerStreamListenerImpl.messagesAvailable(ServerCallImpl.java:319)
	at org.apache.ratis.thirdparty.io.grpc.internal.ServerImpl$JumpToApplicationThreadServerStreamListener$1MessagesAvailable.runInContext(ServerImpl.java:834)
	at org.apache.ratis.thirdparty.io.grpc.internal.ContextRunnable.run(ContextRunnable.java:37)
	at org.apache.ratis.thirdparty.io.grpc.internal.SerializingExecutor.run(SerializingExecutor.java:133)
	at java.base/java.util.concurrent.ThreadPoolExecutor.runWorker(ThreadPoolExecutor.java:1144)
	at java.base/java.util.concurrent.ThreadPoolExecutor$Worker.run(ThreadPoolExecutor.java:642)
	at java.base/java.lang.Thread.run(Thread.java:1583)
2025-10-16 19:49:09,058 | ERROR | DNAudit | user=null | ip=null | op=GET_COMMITTED_BLOCK_LENGTH {"blockData":"conID: 19 locID: 115816896921600451 bcsId: 0 replicaIndex: null"} | ret=FAILURE | 
java.lang.Exception: Unable to find the block. BlockID : conID: 19 locID: 115816896921600451 bcsId: 0 replicaIndex: null
	at org.apache.hadoop.ozone.container.common.impl.HddsDispatcher.dispatchRequest(HddsDispatcher.java:440)
	at org.apache.hadoop.ozone.container.common.impl.HddsDispatcher.lambda$dispatch$1(HddsDispatcher.java:190)
 
2025-10-16 19:49:09,061 [8a0fa2ff-b550-4652-b2fe-0cf91cd4a157-ChunkReader-9] WARN  keyvalue.KeyValueHandler (ContainerUtils.java:logAndReturnError(94)) - Operation: GetCommittedBlockLength , Trace ID:  , Message: Unable to find the block. BlockID : conID: 19 locID: 115816896921600451 bcsId: 0 replicaIndex: null , Result: NO_SUCH_BLOCK , StorageContainerException Occurred.
org.apache.hadoop.hdds.scm.container.common.helpers.StorageContainerException: Unable to find the block. BlockID : conID: 19 locID: 115816896921600451 bcsId: 0 replicaIndex: null
	at org.apache.hadoop.ozone.container.metadata.DatanodeStoreWithIncrementalChunkList.getCompleteBlockData(DatanodeStoreWithIncrementalChunkList.java:67)
	at org.apache.hadoop.ozone.container.metadata.DatanodeStore.getBlockByID(DatanodeStore.java:90)
	at org.apache.hadoop.ozone.container.keyvalue.impl.BlockManagerImpl.getBlockByID(BlockManagerImpl.java:462)
	at org.apache.hadoop.ozone.container.keyvalue.impl.BlockManagerImpl.getCommittedBlockLength(BlockManagerImpl.java:367)
	at org.apache.hadoop.ozone.container.keyvalue.KeyValueHandler.handleGetCommittedBlockLength(KeyValueHandler.java:860)
	at org.apache.hadoop.ozone.container.keyvalue.KeyValueHandler.dispatchRequest(KeyValueHandler.java:355)
	at org.apache.hadoop.ozone.container.keyvalue.KeyValueHandler.handle(KeyValueHandler.java:293)
	at org.apache.hadoop.ozone.container.common.impl.HddsDispatcher.dispatchRequest(HddsDispatcher.java:365)
	at org.apache.hadoop.ozone.container.common.impl.HddsDispatcher.lambda$dispatch$1(HddsDispatcher.java:190)
	at org.apache.hadoop.hdds.server.OzoneProtocolMessageDispatcher.processRequest(OzoneProtocolMessageDispatcher.java:89)
	at org.apache.hadoop.ozone.container.common.impl.HddsDispatcher.dispatch(HddsDispatcher.java:189)
	at org.apache.hadoop.ozone.container.common.transport.server.GrpcXceiverService$1.onNext(GrpcXceiverService.java:107)
	at org.apache.hadoop.ozone.container.common.transport.server.GrpcXceiverService$1.onNext(GrpcXceiverService.java:96)
	at org.apache.ratis.thirdparty.io.grpc.stub.ServerCalls$StreamingServerCallHandler$StreamingServerCallListener.onMessage(ServerCalls.java:262)
	at org.apache.ratis.thirdparty.io.grpc.ForwardingServerCallListener.onMessage(ForwardingServerCallListener.java:33)
	at org.apache.hadoop.hdds.tracing.GrpcServerInterceptor$1.onMessage(GrpcServerInterceptor.java:49)
	at org.apache.ratis.thirdparty.io.grpc.internal.ServerCallImpl$ServerStreamListenerImpl.messagesAvailableInternal(ServerCallImpl.java:334)
	at org.apache.ratis.thirdparty.io.grpc.internal.ServerCallImpl$ServerStreamListenerImpl.messagesAvailable(ServerCallImpl.java:319)
	at org.apache.ratis.thirdparty.io.grpc.internal.ServerImpl$JumpToApplicationThreadServerStreamListener$1MessagesAvailable.runInContext(ServerImpl.java:834)
	at org.apache.ratis.thirdparty.io.grpc.internal.ContextRunnable.run(ContextRunnable.java:37)
	at org.apache.ratis.thirdparty.io.grpc.internal.SerializingExecutor.run(SerializingExecutor.java:133)
	at java.base/java.util.concurrent.ThreadPoolExecutor.runWorker(ThreadPoolExecutor.java:1144)
	at java.base/java.util.concurrent.ThreadPoolExecutor$Worker.run(ThreadPoolExecutor.java:642)
	at java.base/java.lang.Thread.run(Thread.java:1583)
2025-10-16 19:49:09,062 | ERROR | DNAudit | user=null | ip=null | op=GET_COMMITTED_BLOCK_LENGTH {"blockData":"conID: 19 locID: 115816896921600451 bcsId: 0 replicaIndex: null"} | ret=FAILURE | 
java.lang.Exception: Unable to find the block. BlockID : conID: 19 locID: 115816896921600451 bcsId: 0 replicaIndex: null
	at org.apache.hadoop.ozone.container.common.impl.HddsDispatcher.dispatchRequest(HddsDispatcher.java:440)
	at org.apache.hadoop.ozone.container.common.impl.HddsDispatcher.lambda$dispatch$1(HddsDispatcher.java:190)
 
2025-10-16 19:49:09,065 [e072d245-7694-4d97-8e20-c503ebf8c2fe-ChunkReader-4] WARN  keyvalue.KeyValueHandler (ContainerUtils.java:logAndReturnError(94)) - Operation: GetCommittedBlockLength , Trace ID:  , Message: Unable to find the block. BlockID : conID: 19 locID: 115816896921600451 bcsId: 0 replicaIndex: null , Result: NO_SUCH_BLOCK , StorageContainerException Occurred.
org.apache.hadoop.hdds.scm.container.common.helpers.StorageContainerException: Unable to find the block. BlockID : conID: 19 locID: 115816896921600451 bcsId: 0 replicaIndex: null
	at org.apache.hadoop.ozone.container.metadata.DatanodeStoreWithIncrementalChunkList.getCompleteBlockData(DatanodeStoreWithIncrementalChunkList.java:67)
	at org.apache.hadoop.ozone.container.metadata.DatanodeStore.getBlockByID(DatanodeStore.java:90)
	at org.apache.hadoop.ozone.container.keyvalue.impl.BlockManagerImpl.getBlockByID(BlockManagerImpl.java:462)
	at org.apache.hadoop.ozone.container.keyvalue.impl.BlockManagerImpl.getCommittedBlockLength(BlockManagerImpl.java:367)
	at org.apache.hadoop.ozone.container.keyvalue.KeyValueHandler.handleGetCommittedBlockLength(KeyValueHandler.java:860)
	at org.apache.hadoop.ozone.container.keyvalue.KeyValueHandler.dispatchRequest(KeyValueHandler.java:355)
	at org.apache.hadoop.ozone.container.keyvalue.KeyValueHandler.handle(KeyValueHandler.java:293)
	at org.apache.hadoop.ozone.container.common.impl.HddsDispatcher.dispatchRequest(HddsDispatcher.java:365)
	at org.apache.hadoop.ozone.container.common.impl.HddsDispatcher.lambda$dispatch$1(HddsDispatcher.java:190)
	at org.apache.hadoop.hdds.server.OzoneProtocolMessageDispatcher.processRequest(OzoneProtocolMessageDispatcher.java:89)
	at org.apache.hadoop.ozone.container.common.impl.HddsDispatcher.dispatch(HddsDispatcher.java:189)
	at org.apache.hadoop.ozone.container.common.transport.server.GrpcXceiverService$1.onNext(GrpcXceiverService.java:107)
	at org.apache.hadoop.ozone.container.common.transport.server.GrpcXceiverService$1.onNext(GrpcXceiverService.java:96)
	at org.apache.ratis.thirdparty.io.grpc.stub.ServerCalls$StreamingServerCallHandler$StreamingServerCallListener.onMessage(ServerCalls.java:262)
	at org.apache.ratis.thirdparty.io.grpc.ForwardingServerCallListener.onMessage(ForwardingServerCallListener.java:33)
	at org.apache.hadoop.hdds.tracing.GrpcServerInterceptor$1.onMessage(GrpcServerInterceptor.java:49)
	at org.apache.ratis.thirdparty.io.grpc.internal.ServerCallImpl$ServerStreamListenerImpl.messagesAvailableInternal(ServerCallImpl.java:334)
	at org.apache.ratis.thirdparty.io.grpc.internal.ServerCallImpl$ServerStreamListenerImpl.messagesAvailable(ServerCallImpl.java:319)
	at org.apache.ratis.thirdparty.io.grpc.internal.ServerImpl$JumpToApplicationThreadServerStreamListener$1MessagesAvailable.runInContext(ServerImpl.java:834)
	at org.apache.ratis.thirdparty.io.grpc.internal.ContextRunnable.run(ContextRunnable.java:37)
	at org.apache.ratis.thirdparty.io.grpc.internal.SerializingExecutor.run(SerializingExecutor.java:133)
	at java.base/java.util.concurrent.ThreadPoolExecutor.runWorker(ThreadPoolExecutor.java:1144)
	at java.base/java.util.concurrent.ThreadPoolExecutor$Worker.run(ThreadPoolExecutor.java:642)
	at java.base/java.lang.Thread.run(Thread.java:1583)
2025-10-16 19:49:09,065 | ERROR | DNAudit | user=null | ip=null | op=GET_COMMITTED_BLOCK_LENGTH {"blockData":"conID: 19 locID: 115816896921600451 bcsId: 0 replicaIndex: null"} | ret=FAILURE | 
java.lang.Exception: Unable to find the block. BlockID : conID: 19 locID: 115816896921600451 bcsId: 0 replicaIndex: null
	at org.apache.hadoop.ozone.container.common.impl.HddsDispatcher.dispatchRequest(HddsDispatcher.java:440)
	at org.apache.hadoop.ozone.container.common.impl.HddsDispatcher.lambda$dispatch$1(HddsDispatcher.java:190)
 
2025-10-16 19:49:09,066 [ForkJoinPool-1-worker-1] WARN  scm.XceiverClientGrpc (XceiverClientGrpc.java:sendCommandWithRetry(500)) - Failed to execute command GetCommittedBlockLength on the pipeline Pipeline{ Id: da9f132c-cbb1-4ed9-89e6-a621add563d6, Nodes: [ {e072d245-7694-4d97-8e20-c503ebf8c2fe(localhost/127.0.0.1), ReplicaIndex: 0}, {76d4ba71-5bbb-4b24-8f51-8bc7f78aaca4(localhost/127.0.0.1), ReplicaIndex: 0}, {8a0fa2ff-b550-4652-b2fe-0cf91cd4a157(localhost/127.0.0.1), ReplicaIndex: 0},], ReplicationConfig: STANDALONE/THREE, State:OPEN, leaderId:, CreationTimestamp2025-10-16T19:49:09.053579845Z[Etc/UTC]}.
2025-10-16 19:49:09,066 [ForkJoinPool-1-worker-1] WARN  ozone.LeaseRecoveryClientDNHandler (LeaseRecoveryClientDNHandler.java:getOmKeyLocationInfos(114)) - Failed to finalize block. Continue to recover the file since OZONE.CLIENT.RECOVER.LEASE.FORCE is enabled.
org.apache.hadoop.hdds.scm.container.common.helpers.StorageContainerException: Unable to find the block. BlockID : conID: 19 locID: 115816896921600451 bcsId: 0 replicaIndex: null
	at org.apache.hadoop.hdds.scm.storage.ContainerProtocolCalls.validateContainerResponse(ContainerProtocolCalls.java:822)
	at org.apache.hadoop.hdds.scm.storage.ContainerProtocolCalls.lambda$createValidators$4(ContainerProtocolCalls.java:831)
	at org.apache.hadoop.hdds.scm.XceiverClientGrpc.sendCommandWithRetry(XceiverClientGrpc.java:457)
	at org.apache.hadoop.hdds.scm.XceiverClientGrpc.lambda$sendCommandWithTraceIDAndRetry$1(XceiverClientGrpc.java:383)
	at org.apache.hadoop.hdds.tracing.TracingUtil.executeInSpan(TracingUtil.java:205)
	at org.apache.hadoop.hdds.tracing.TracingUtil.executeInNewSpan(TracingUtil.java:195)
	at org.apache.hadoop.hdds.scm.XceiverClientGrpc.sendCommandWithTraceIDAndRetry(XceiverClientGrpc.java:375)
	at org.apache.hadoop.hdds.scm.XceiverClientGrpc.sendCommand(XceiverClientGrpc.java:356)
	at org.apache.hadoop.hdds.scm.storage.ContainerProtocolCalls.getCommittedBlockLength(ContainerProtocolCalls.java:272)
	at org.apache.hadoop.fs.ozone.BasicRootedOzoneClientAdapterImpl.finalizeBlock(BasicRootedOzoneClientAdapterImpl.java:1509)
	at org.apache.hadoop.fs.ozone.LeaseRecoveryClientDNHandler.getOmKeyLocationInfos(LeaseRecoveryClientDNHandler.java:81)
	at org.apache.hadoop.fs.ozone.RootedOzoneFileSystem.recoverLeaseTraced(RootedOzoneFileSystem.java:165)
	at org.apache.hadoop.fs.ozone.RootedOzoneFileSystem.lambda$recoverLease$0(RootedOzoneFileSystem.java:143)
	at org.apache.hadoop.hdds.tracing.TracingUtil.executeInSpan(TracingUtil.java:205)
	at org.apache.hadoop.hdds.tracing.TracingUtil.executeInNewSpan(TracingUtil.java:195)
	at org.apache.hadoop.fs.ozone.RootedOzoneFileSystem.recoverLease(RootedOzoneFileSystem.java:142)
	at org.apache.hadoop.ozone.client.rpc.TestSecureOzoneRpcClient.testPreallocateFileRecovery(TestSecureOzoneRpcClient.java:305)
	at java.base/jdk.internal.reflect.DirectMethodHandleAccessor.invoke(DirectMethodHandleAccessor.java:103)
	at java.base/java.lang.reflect.Method.invoke(Method.java:580)
	at org.junit.platform.commons.util.ReflectionUtils.invokeMethod(ReflectionUtils.java:786)
	at org.junit.platform.commons.support.ReflectionSupport.invokeMethod(ReflectionSupport.java:514)
	at org.junit.jupiter.engine.execution.MethodInvocation.proceed(MethodInvocation.java:60)
	at org.junit.jupiter.engine.execution.InvocationInterceptorChain$ValidatingInvocation.proceed(InvocationInterceptorChain.java:131)
	at org.junit.jupiter.engine.extension.SameThreadTimeoutInvocation.proceed(SameThreadTimeoutInvocation.java:49)
	at org.junit.jupiter.engine.extension.TimeoutExtension.intercept(TimeoutExtension.java:161)
	at org.junit.jupiter.engine.extension.TimeoutExtension.interceptTestableMethod(TimeoutExtension.java:152)
	at org.junit.jupiter.engine.extension.TimeoutExtension.interceptTestTemplateMethod(TimeoutExtension.java:99)
	at org.junit.jupiter.engine.execution.InterceptingExecutableInvoker$ReflectiveInterceptorCall.lambda$ofVoidMethod$0(InterceptingExecutableInvoker.java:112)
	at org.junit.jupiter.engine.execution.InterceptingExecutableInvoker.lambda$invoke$0(InterceptingExecutableInvoker.java:94)
	at org.junit.jupiter.engine.execution.InvocationInterceptorChain$InterceptedInvocation.proceed(InvocationInterceptorChain.java:106)
	at org.junit.jupiter.engine.execution.InvocationInterceptorChain.proceed(InvocationInterceptorChain.java:64)
	at org.junit.jupiter.engine.execution.InvocationInterceptorChain.chainAndInvoke(InvocationInterceptorChain.java:45)
	at org.junit.jupiter.engine.execution.InvocationInterceptorChain.invoke(InvocationInterceptorChain.java:37)
	at org.junit.jupiter.engine.execution.InterceptingExecutableInvoker.invoke(InterceptingExecutableInvoker.java:93)
	at org.junit.jupiter.engine.execution.InterceptingExecutableInvoker.invoke(InterceptingExecutableInvoker.java:87)
	at org.junit.jupiter.engine.descriptor.TestMethodTestDescriptor.lambda$invokeTestMethod$4(TestMethodTestDescriptor.java:221)
	at org.junit.platform.engine.support.hierarchical.ThrowableCollector.execute(ThrowableCollector.java:73)
	at org.junit.jupiter.engine.descriptor.TestMethodTestDescriptor.invokeTestMethod(TestMethodTestDescriptor.java:217)
	at org.junit.jupiter.engine.descriptor.TestMethodTestDescriptor.execute(TestMethodTestDescriptor.java:159)
	at org.junit.jupiter.engine.descriptor.TestMethodTestDescriptor.execute(TestMethodTestDescriptor.java:70)
	at org.junit.platform.engine.support.hierarchical.NodeTestTask.lambda$executeRecursively$6(NodeTestTask.java:157)
	at org.junit.platform.engine.support.hierarchical.ThrowableCollector.execute(ThrowableCollector.java:73)
	at org.junit.platform.engine.support.hierarchical.NodeTestTask.lambda$executeRecursively$8(NodeTestTask.java:147)
	at org.junit.platform.engine.support.hierarchical.Node.around(Node.java:137)
	at org.junit.platform.engine.support.hierarchical.NodeTestTask.lambda$executeRecursively$9(NodeTestTask.java:145)
	at org.junit.platform.engine.support.hierarchical.ThrowableCollector.execute(ThrowableCollector.java:73)
	at org.junit.platform.engine.support.hierarchical.NodeTestTask.executeRecursively(NodeTestTask.java:144)
	at org.junit.platform.engine.support.hierarchical.NodeTestTask.execute(NodeTestTask.java:101)
	at org.junit.platform.engine.support.hierarchical.ForkJoinPoolHierarchicalTestExecutorService$ExclusiveTask.exec(ForkJoinPoolHierarchicalTestExecutorService.java:274)
	at org.junit.platform.engine.support.hierarchical.ForkJoinPoolHierarchicalTestExecutorService$ExclusiveTask.execSync(ForkJoinPoolHierarchicalTestExecutorService.java:247)
	at org.junit.platform.engine.support.hierarchical.ForkJoinPoolHierarchicalTestExecutorService.submit(ForkJoinPoolHierarchicalTestExecutorService.java:148)
	at org.junit.platform.engine.support.hierarchical.NodeTestTask$DefaultDynamicTestExecutor.execute(NodeTestTask.java:232)
	at org.junit.platform.engine.support.hierarchical.NodeTestTask$DefaultDynamicTestExecutor.execute(NodeTestTask.java:210)
	at org.junit.jupiter.engine.descriptor.TemplateExecutor.execute(TemplateExecutor.java:98)
	at org.junit.jupiter.engine.descriptor.TemplateExecutor.lambda$executeForProvider$0(TemplateExecutor.java:61)
	at java.base/java.util.Optional.ifPresent(Optional.java:178)
	at org.junit.jupiter.engine.descriptor.TemplateExecutor.lambda$executeForProvider$1(TemplateExecutor.java:61)
	at java.base/java.util.stream.ForEachOps$ForEachOp$OfRef.accept(ForEachOps.java:184)
	at java.base/java.util.stream.ReferencePipeline$3$1.accept(ReferencePipeline.java:197)
	at java.base/java.util.stream.ForEachOps$ForEachOp$OfRef.accept(ForEachOps.java:184)
	at java.base/java.util.stream.ForEachOps$ForEachOp$OfRef.accept(ForEachOps.java:184)
	at java.base/java.util.stream.ReferencePipeline$3$1.accept(ReferencePipeline.java:197)
	at java.base/java.util.Spliterators$ArraySpliterator.forEachRemaining(Spliterators.java:1024)
	at java.base/java.util.stream.AbstractPipeline.copyInto(AbstractPipeline.java:509)
	at java.base/java.util.stream.AbstractPipeline.wrapAndCopyInto(AbstractPipeline.java:499)
	at java.base/java.util.stream.ForEachOps$ForEachOp.evaluateSequential(ForEachOps.java:151)
	at java.base/java.util.stream.ForEachOps$ForEachOp$OfRef.evaluateSequential(ForEachOps.java:174)
	at java.base/java.util.stream.AbstractPipeline.evaluate(AbstractPipeline.java:234)
	at java.base/java.util.stream.ReferencePipeline.forEach(ReferencePipeline.java:596)
	at java.base/java.util.stream.ReferencePipeline$7$1.accept(ReferencePipeline.java:276)
	at java.base/java.util.ArrayList$ArrayListSpliterator.forEachRemaining(ArrayList.java:1708)
	at java.base/java.util.stream.AbstractPipeline.copyInto(AbstractPipeline.java:509)
	at java.base/java.util.stream.AbstractPipeline.wrapAndCopyInto(AbstractPipeline.java:499)
	at java.base/java.util.stream.ForEachOps$ForEachOp.evaluateSequential(ForEachOps.java:151)
	at java.base/java.util.stream.ForEachOps$ForEachOp$OfRef.evaluateSequential(ForEachOps.java:174)
	at java.base/java.util.stream.AbstractPipeline.evaluate(AbstractPipeline.java:234)
	at java.base/java.util.stream.ReferencePipeline.forEach(ReferencePipeline.java:596)
	at java.base/java.util.stream.ReferencePipeline$7$1.accept(ReferencePipeline.java:276)
	at java.base/java.util.stream.ReferencePipeline$3$1.accept(ReferencePipeline.java:197)
	at java.base/java.util.stream.ReferencePipeline$3$1.accept(ReferencePipeline.java:197)
	at java.base/java.util.stream.ReferencePipeline$3$1.accept(ReferencePipeline.java:197)
	at java.base/java.util.ArrayList$ArrayListSpliterator.forEachRemaining(ArrayList.java:1708)
	at java.base/java.util.stream.AbstractPipeline.copyInto(AbstractPipeline.java:509)
	at java.base/java.util.stream.AbstractPipeline.wrapAndCopyInto(AbstractPipeline.java:499)
	at java.base/java.util.stream.ForEachOps$ForEachOp.evaluateSequential(ForEachOps.java:151)
	at java.base/java.util.stream.ForEachOps$ForEachOp$OfRef.evaluateSequential(ForEachOps.java:174)
	at java.base/java.util.stream.AbstractPipeline.evaluate(AbstractPipeline.java:234)
	at java.base/java.util.stream.ReferencePipeline.forEach(ReferencePipeline.java:596)
	at org.junit.jupiter.engine.descriptor.TemplateExecutor.executeForProvider(TemplateExecutor.java:59)
	at org.junit.jupiter.engine.descriptor.TemplateExecutor.execute(TemplateExecutor.java:48)
	at org.junit.jupiter.engine.descriptor.TestTemplateTestDescriptor.execute(TestTemplateTestDescriptor.java:112)
	at org.junit.jupiter.engine.descriptor.TestTemplateTestDescriptor.execute(TestTemplateTestDescriptor.java:40)
	at org.junit.platform.engine.support.hierarchical.NodeTestTask.lambda$executeRecursively$6(NodeTestTask.java:157)
	at org.junit.platform.engine.support.hierarchical.ThrowableCollector.execute(ThrowableCollector.java:73)
	at org.junit.platform.engine.support.hierarchical.NodeTestTask.lambda$executeRecursively$8(NodeTestTask.java:147)
	at org.junit.platform.engine.support.hierarchical.Node.around(Node.java:137)
	at org.junit.platform.engine.support.hierarchical.NodeTestTask.lambda$executeRecursively$9(NodeTestTask.java:145)
	at org.junit.platform.engine.support.hierarchical.ThrowableCollector.execute(ThrowableCollector.java:73)
	at org.junit.platform.engine.support.hierarchical.NodeTestTask.executeRecursively(NodeTestTask.java:144)
	at org.junit.platform.engine.support.hierarchical.NodeTestTask.execute(NodeTestTask.java:101)
	at org.junit.platform.engine.support.hierarchical.ForkJoinPoolHierarchicalTestExecutorService$ExclusiveTask.exec(ForkJoinPoolHierarchicalTestExecutorService.java:274)
	at org.junit.platform.engine.support.hierarchical.ForkJoinPoolHierarchicalTestExecutorService$ExclusiveTask.execSync(ForkJoinPoolHierarchicalTestExecutorService.java:247)
	at org.junit.platform.engine.support.hierarchical.ForkJoinPoolHierarchicalTestExecutorService.executeSync(ForkJoinPoolHierarchicalTestExecutorService.java:194)
	at org.junit.platform.engine.support.hierarchical.ForkJoinPoolHierarchicalTestExecutorService.invokeAll(ForkJoinPoolHierarchicalTestExecutorService.java:166)
	at org.junit.platform.engine.support.hierarchical.NodeTestTask.lambda$executeRecursively$6(NodeTestTask.java:161)
	at org.junit.platform.engine.support.hierarchical.ThrowableCollector.execute(ThrowableCollector.java:73)
	at org.junit.platform.engine.support.hierarchical.NodeTestTask.lambda$executeRecursively$8(NodeTestTask.java:147)
	at org.junit.platform.engine.support.hierarchical.Node.around(Node.java:137)
	at org.junit.platform.engine.support.hierarchical.NodeTestTask.lambda$executeRecursively$9(NodeTestTask.java:145)
	at org.junit.platform.engine.support.hierarchical.ThrowableCollector.execute(ThrowableCollector.java:73)
	at org.junit.platform.engine.support.hierarchical.NodeTestTask.executeRecursively(NodeTestTask.java:144)
	at org.junit.platform.engine.support.hierarchical.NodeTestTask.execute(NodeTestTask.java:101)
	at org.junit.platform.engine.support.hierarchical.ForkJoinPoolHierarchicalTestExecutorService$ExclusiveTask.exec(ForkJoinPoolHierarchicalTestExecutorService.java:274)
	at org.junit.platform.engine.support.hierarchical.ForkJoinPoolHierarchicalTestExecutorService$ExclusiveTask.execSync(ForkJoinPoolHierarchicalTestExecutorService.java:247)
	at org.junit.platform.engine.support.hierarchical.ForkJoinPoolHierarchicalTestExecutorService.invokeAll(ForkJoinPoolHierarchicalTestExecutorService.java:159)
	at org.junit.platform.engine.support.hierarchical.NodeTestTask.lambda$executeRecursively$6(NodeTestTask.java:161)
	at org.junit.platform.engine.support.hierarchical.ThrowableCollector.execute(ThrowableCollector.java:73)
	at org.junit.platform.engine.support.hierarchical.NodeTestTask.lambda$executeRecursively$8(NodeTestTask.java:147)
	at org.junit.platform.engine.support.hierarchical.Node.around(Node.java:137)
	at org.junit.platform.engine.support.hierarchical.NodeTestTask.lambda$executeRecursively$9(NodeTestTask.java:145)
	at org.junit.platform.engine.support.hierarchical.ThrowableCollector.execute(ThrowableCollector.java:73)
	at org.junit.platform.engine.support.hierarchical.NodeTestTask.executeRecursively(NodeTestTask.java:144)
	at org.junit.platform.engine.support.hierarchical.NodeTestTask.execute(NodeTestTask.java:101)
	at org.junit.platform.engine.support.hierarchical.ForkJoinPoolHierarchicalTestExecutorService$ExclusiveTask.exec(ForkJoinPoolHierarchicalTestExecutorService.java:274)
	at java.base/java.util.concurrent.ForkJoinTask.doExec(ForkJoinTask.java:387)
	at java.base/java.util.concurrent.ForkJoinPool$WorkQueue.topLevelExec(ForkJoinPool.java:1312)
	at java.base/java.util.concurrent.ForkJoinPool.scan(ForkJoinPool.java:1843)
	at java.base/java.util.concurrent.ForkJoinPool.runWorker(ForkJoinPool.java:1808)
	at java.base/java.util.concurrent.ForkJoinWorkerThread.run(ForkJoinWorkerThread.java:188)
2025-10-16 19:49:09,070 | INFO  | OMAudit | user=runner | ip=127.0.0.1 | op=COMMIT_KEY {"volume":"886c5fe4-6fed-43b8-9035-1eac43363990","bucket":"c2e597b8-3528-4bb1-b16a-b5f4c0391862","key":"d338d4e6-ed2e-4613-8468-0e702495c57e","dataSize":"16777217","replicationType":"RATIS","replicationFactor":"THREE","Transaction":"1674"} | ret=SUCCESS |  
2025-10-16 19:49:09,073 | INFO  | OMAudit | user=runner | ip=127.0.0.1 | op=READ_BUCKET {"volume":"886c5fe4-6fed-43b8-9035-1eac43363990","bucket":"c2e597b8-3528-4bb1-b16a-b5f4c0391862"} | ret=SUCCESS |  
2025-10-16 19:49:09,075 | INFO  | SCMAudit | user=runner | ip=127.0.0.1 | op=GET_CONTAINER_WITH_PIPELINE_BATCH {"containerIDs":"#17,#18,#19,#15,"} | ret=SUCCESS |  
2025-10-16 19:49:09,076 | INFO  | OMAudit | user=runner | ip=127.0.0.1 | op=GET_FILE_STATUS {"volume":"886c5fe4-6fed-43b8-9035-1eac43363990","bucket":"c2e597b8-3528-4bb1-b16a-b5f4c0391862","key":"d338d4e6-ed2e-4613-8468-0e702495c57e","owner":null,"dataSize":"0","replicationConfig":null} | ret=SUCCESS |  
2025-10-16 19:49:09,078 | INFO  | OMAudit | user=runner | ip=127.0.0.1 | op=READ_BUCKET {"volume":"886c5fe4-6fed-43b8-9035-1eac43363990","bucket":"c2e597b8-3528-4bb1-b16a-b5f4c0391862"} | ret=SUCCESS |  
2025-10-16 19:49:09,078 | INFO  | OMAudit | user=runner | ip=127.0.0.1 | op=READ_BUCKET {"volume":"886c5fe4-6fed-43b8-9035-1eac43363990","bucket":"c2e597b8-3528-4bb1-b16a-b5f4c0391862"} | ret=SUCCESS |  
2025-10-16 19:49:09,085 [om1-OMStateMachineApplyTransactionThread - 0] ERROR key.OMKeyCommitRequest (OMKeyCommitRequest.java:processResult(486)) - Key committed failed. Volume:886c5fe4-6fed-43b8-9035-1eac43363990, Bucket:c2e597b8-3528-4bb1-b16a-b5f4c0391862, Key:d338d4e6-ed2e-4613-8468-0e702495c57e. Exception:{}
KEY_NOT_FOUND org.apache.hadoop.ozone.om.exceptions.OMException: Failed to commit key, as /-9223372036854348544/-9223372036854348288/-9223372036854348288/d338d4e6-ed2e-4613-8468-0e702495c57e/115385574938706324 entry is not found in the OpenKey table
	at org.apache.hadoop.ozone.om.request.key.OMKeyCommitRequestWithFSO.validateAndUpdateCache(OMKeyCommitRequestWithFSO.java:181)
	at org.apache.hadoop.ozone.protocolPB.OzoneManagerRequestHandler.lambda$0(OzoneManagerRequestHandler.java:418)
	at org.apache.hadoop.ozone.util.MetricUtil.captureLatencyNs(MetricUtil.java:45)
	at org.apache.hadoop.ozone.protocolPB.OzoneManagerRequestHandler.handleWriteRequestImpl(OzoneManagerRequestHandler.java:416)
	at org.apache.hadoop.ozone.protocolPB.RequestHandler.handleWriteRequest(RequestHandler.java:62)
	at org.apache.hadoop.ozone.om.ratis.OzoneManagerStateMachine.runCommand(OzoneManagerStateMachine.java:599)
	at org.apache.hadoop.ozone.om.ratis.OzoneManagerStateMachine.lambda$3(OzoneManagerStateMachine.java:415)
	at java.base/java.util.concurrent.CompletableFuture$AsyncSupply.run(CompletableFuture.java:1768)
	at java.base/java.util.concurrent.ThreadPoolExecutor.runWorker(ThreadPoolExecutor.java:1144)
	at java.base/java.util.concurrent.ThreadPoolExecutor$Worker.run(ThreadPoolExecutor.java:642)
	at java.base/java.lang.Thread.run(Thread.java:1583)
2025-10-16 19:49:09,085 | ERROR | OMAudit | user=runner | ip=127.0.0.1 | op=COMMIT_KEY {"volume":"886c5fe4-6fed-43b8-9035-1eac43363990","bucket":"c2e597b8-3528-4bb1-b16a-b5f4c0391862","key":"d338d4e6-ed2e-4613-8468-0e702495c57e","dataSize":"16777217","replicationType":"RATIS","replicationFactor":"THREE","Transaction":"1675"} | ret=FAILURE | 
org.apache.hadoop.ozone.om.exceptions.OMException: Failed to commit key, as /-9223372036854348544/-9223372036854348288/-9223372036854348288/d338d4e6-ed2e-4613-8468-0e702495c57e/115385574938706324 entry is not found in the OpenKey table
	at org.apache.hadoop.ozone.om.request.key.OMKeyCommitRequestWithFSO.validateAndUpdateCache(OMKeyCommitRequestWithFSO.java:181)
	at org.apache.hadoop.ozone.protocolPB.OzoneManagerRequestHandler.lambda$0(OzoneManagerRequestHandler.java:418)
 
]]></system-out>
  </testcase>
  <testcase name="testPreallocateFileRecovery(long)[3]" classname="org.apache.hadoop.ozone.client.rpc.TestSecureOzoneRpcClient" time="0.269">
    <system-out><![CDATA[2025-10-16 19:49:09,113 [ForkJoinPool-1-worker-1] INFO  rpc.RpcClient (RpcClient.java:createVolume(461)) - Creating Volume: 8f5f2212-9736-43f2-bab6-9fe6042be8db, with runner as owner and space quota set to -1 bytes, counts quota set to -1
2025-10-16 19:49:09,115 [om1-OMStateMachineApplyTransactionThread - 0] INFO  volume.OMVolumeCreateRequest (OMVolumeCreateRequest.java:validateAndUpdateCache(213)) - created volume:8f5f2212-9736-43f2-bab6-9fe6042be8db for user:runner
2025-10-16 19:49:09,115 | INFO  | OMAudit | user=runner | ip=127.0.0.1 | op=CREATE_VOLUME {"admin":"runner","owner":"runner","volume":"8f5f2212-9736-43f2-bab6-9fe6042be8db","creationTime":"1760644149114","modificationTime":"1760644149114","quotaInBytes":"-1","quotaInNamespace":"-1","usedNamespace":"0","objectID":"-9223372036854346752","updateID":"1676","Transaction":"1676"} | ret=SUCCESS |  
2025-10-16 19:49:09,116 | INFO  | OMAudit | user=runner | ip=127.0.0.1 | op=READ_VOLUME {"volume":"8f5f2212-9736-43f2-bab6-9fe6042be8db"} | ret=SUCCESS |  
2025-10-16 19:49:09,117 [ForkJoinPool-1-worker-1] INFO  rpc.RpcClient (RpcClient.java:createBucket(686)) - Creating Bucket: 8f5f2212-9736-43f2-bab6-9fe6042be8db/30366ba3-fbac-4ddf-967c-a5d067d8ca5b, with bucket layout FILE_SYSTEM_OPTIMIZED, runner as owner, Versioning false, Storage Type set to DISK and Encryption set to false, Replication Type set to server-side default replication type, Namespace Quota set to 100, Space Quota set to 1073741824 
2025-10-16 19:49:09,118 [om1-OMStateMachineApplyTransactionThread - 0] INFO  bucket.OMBucketCreateRequest (OMBucketCreateRequest.java:validateAndUpdateCache(303)) - created bucket: 30366ba3-fbac-4ddf-967c-a5d067d8ca5b of layout FILE_SYSTEM_OPTIMIZED in volume: 8f5f2212-9736-43f2-bab6-9fe6042be8db
2025-10-16 19:49:09,118 | INFO  | OMAudit | user=runner | ip=127.0.0.1 | op=CREATE_BUCKET {"volume":"8f5f2212-9736-43f2-bab6-9fe6042be8db","bucket":"30366ba3-fbac-4ddf-967c-a5d067d8ca5b","bucketLayout":"FILE_SYSTEM_OPTIMIZED","gdprEnabled":null,"acls":"[user:runner:a[ACCESS], group:runner:rl[ACCESS]]","isVersionEnabled":"false","storageType":"DISK","creationTime":"1760644149117","bucketEncryptionKey":null,"modificationTime":"1760644149117","usedBytes":"0","usedNamespace":"0","snapshotUsedBytes":"0","snapshotUsedNamespace":"0","owner":"runner","replicationType":null,"replicationConfig":null,"quotaInBytes":"1073741824","quotaInNamespace":"100","Transaction":"1677"} | ret=SUCCESS |  
2025-10-16 19:49:09,119 | INFO  | OMAudit | user=runner | ip=127.0.0.1 | op=READ_BUCKET {"volume":"8f5f2212-9736-43f2-bab6-9fe6042be8db","bucket":"30366ba3-fbac-4ddf-967c-a5d067d8ca5b"} | ret=SUCCESS |  
2025-10-16 19:49:09,120 | INFO  | SCMAudit | user=runner | ip=127.0.0.1 | op=SEND_HEARTBEAT {"datanodeUUID":"c0724e9c-0dd4-4d47-992c-7bfe285fdd38","term":"2","command":"[]"} | ret=SUCCESS |  
2025-10-16 19:49:09,123 | INFO  | SCMAudit | user=runner | ip=127.0.0.1 | op=SEND_HEARTBEAT {"datanodeUUID":"8a3c3252-9afe-4d3a-8492-25be6557678a","term":"2","command":"[]"} | ret=SUCCESS |  
2025-10-16 19:49:09,124 | INFO  | SCMAudit | user=runner | ip=127.0.0.1 | op=SEND_HEARTBEAT {"datanodeUUID":"aa213937-adc5-47da-a770-0ee1e4664344","term":"2","command":"[]"} | ret=SUCCESS |  
2025-10-16 19:49:09,125 | INFO  | OMAudit | user=runner | ip=127.0.0.1 | op=GET_SERVICE_LIST {} | ret=SUCCESS |  
2025-10-16 19:49:09,128 | INFO  | OMAudit | user=runner | ip=127.0.0.1 | op=READ_BUCKET {"volume":"8f5f2212-9736-43f2-bab6-9fe6042be8db","bucket":"30366ba3-fbac-4ddf-967c-a5d067d8ca5b"} | ret=SUCCESS |  
2025-10-16 19:49:09,129 | INFO  | SCMAudit | user=runner | ip=127.0.0.1 | op=ALLOCATE_BLOCK {"replication":"RATIS/THREE","owner":"omServiceIdDefault","size":"4194304","sampleBlocks":"[conID: 16 locID: 115816896921600452, conID: 15 locID: 115816896921600453, conID: 14 locID: 115816896921600454, conID: 14 locID: 115816896921600455, conID: 20 locID: 115816896921600456, conID: 18 locID: 115816896921600457, conID: 20 locID: 115816896921600458, conID: 18 locID: 115816896921600459, conID: 17 locID: 115816896921600460, conID: 20 locID: 115816896921600461]","num":"10","client":"","allocated":"10"} | ret=SUCCESS |  
2025-10-16 19:49:09,131 | INFO  | SCMAudit | user=runner | ip=127.0.0.1 | op=SEND_HEARTBEAT {"datanodeUUID":"58cff6b7-b2a7-446b-a75a-bb98ad6b11b8","term":"2","command":"[]"} | ret=SUCCESS |  
2025-10-16 19:49:09,134 | INFO  | OMAudit | user=runner | ip=127.0.0.1 | op=ALLOCATE_KEY {"volume":"8f5f2212-9736-43f2-bab6-9fe6042be8db","bucket":"30366ba3-fbac-4ddf-967c-a5d067d8ca5b","key":"07af6231-ee69-4d62-933b-07eaf3b73309","dataSize":"41943040","replicationType":"RATIS","replicationFactor":"THREE","Transaction":"1678"} | ret=SUCCESS |  
2025-10-16 19:49:09,138 | INFO  | SCMAudit | user=runner | ip=127.0.0.1 | op=SEND_HEARTBEAT {"datanodeUUID":"0428ab3f-efd5-438e-ae11-9ec242443260","term":"2","command":"[]"} | ret=SUCCESS |  
2025-10-16 19:49:09,138 | INFO  | OMAudit | user=runner | ip=127.0.0.1 | op=READ_BUCKET {"volume":"8f5f2212-9736-43f2-bab6-9fe6042be8db","bucket":"30366ba3-fbac-4ddf-967c-a5d067d8ca5b"} | ret=SUCCESS |  
2025-10-16 19:49:09,285 | INFO  | OMAudit | user=runner | ip=127.0.0.1 | op=READ_BUCKET {"volume":"8f5f2212-9736-43f2-bab6-9fe6042be8db","bucket":"30366ba3-fbac-4ddf-967c-a5d067d8ca5b"} | ret=SUCCESS |  
2025-10-16 19:49:09,289 | INFO  | SCMAudit | user=runner | ip=127.0.0.1 | op=GET_CONTAINER_WITH_PIPELINE {"containerID":"#14"} | ret=SUCCESS |  
2025-10-16 19:49:09,290 | INFO  | SCMAudit | user=runner | ip=127.0.0.1 | op=GET_CONTAINER_WITH_PIPELINE {"containerID":"#20"} | ret=SUCCESS |  
2025-10-16 19:49:09,291 | INFO  | SCMAudit | user=runner | ip=127.0.0.1 | op=GET_CONTAINER_WITH_PIPELINE {"containerID":"#17"} | ret=SUCCESS |  
2025-10-16 19:49:09,293 | INFO  | OMAudit | user=runner | ip=127.0.0.1 | op=RECOVER_LEASE {"volume":"8f5f2212-9736-43f2-bab6-9fe6042be8db","bucket":"30366ba3-fbac-4ddf-967c-a5d067d8ca5b","key":"07af6231-ee69-4d62-933b-07eaf3b73309","Transaction":"1680"} | ret=SUCCESS |  
2025-10-16 19:49:09,301 [702cb173-5c73-4ecc-b5cd-c7b4a6b66aea-ContainerOp-36270c74-4c8b-4dac-af71-cdbac21eb987-2] INFO  keyvalue.KeyValueHandler (KeyValueHandler.java:handleFinalizeBlock(714)) - Finalized Block request received conID: 20 locID: 115816896921600461 bcsId: 0 replicaIndex: null 
2025-10-16 19:49:09,301 [702cb173-5c73-4ecc-b5cd-c7b4a6b66aea-ContainerOp-36270c74-4c8b-4dac-af71-cdbac21eb987-2] WARN  keyvalue.KeyValueHandler (ContainerUtils.java:logAndReturnError(94)) - Operation: FinalizeBlock , Trace ID:  , Message: Unable to find the block. BlockID : conID: 20 locID: 115816896921600461 bcsId: 0 replicaIndex: null , Result: NO_SUCH_BLOCK , StorageContainerException Occurred.
org.apache.hadoop.hdds.scm.container.common.helpers.StorageContainerException: Unable to find the block. BlockID : conID: 20 locID: 115816896921600461 bcsId: 0 replicaIndex: null
	at org.apache.hadoop.ozone.container.metadata.DatanodeStoreWithIncrementalChunkList.getCompleteBlockData(DatanodeStoreWithIncrementalChunkList.java:67)
	at org.apache.hadoop.ozone.container.metadata.DatanodeStore.getBlockByID(DatanodeStore.java:90)
	at org.apache.hadoop.ozone.container.keyvalue.impl.BlockManagerImpl.getBlockByID(BlockManagerImpl.java:462)
	at org.apache.hadoop.ozone.container.keyvalue.impl.BlockManagerImpl.getBlock(BlockManagerImpl.java:347)
	at org.apache.hadoop.ozone.container.keyvalue.KeyValueHandler.handleFinalizeBlock(KeyValueHandler.java:716)
	at org.apache.hadoop.ozone.container.keyvalue.KeyValueHandler.dispatchRequest(KeyValueHandler.java:357)
	at org.apache.hadoop.ozone.container.keyvalue.KeyValueHandler.handle(KeyValueHandler.java:293)
	at org.apache.hadoop.ozone.container.common.impl.HddsDispatcher.dispatchRequest(HddsDispatcher.java:365)
	at org.apache.hadoop.ozone.container.common.impl.HddsDispatcher.lambda$dispatch$1(HddsDispatcher.java:190)
	at org.apache.hadoop.hdds.server.OzoneProtocolMessageDispatcher.processRequest(OzoneProtocolMessageDispatcher.java:89)
	at org.apache.hadoop.ozone.container.common.impl.HddsDispatcher.dispatch(HddsDispatcher.java:189)
	at org.apache.hadoop.ozone.container.common.transport.server.ratis.ContainerStateMachine.dispatchCommand(ContainerStateMachine.java:567)
	at org.apache.hadoop.ozone.container.common.transport.server.ratis.ContainerStateMachine.lambda$applyTransaction$8(ContainerStateMachine.java:1061)
	at org.apache.ratis.util.TaskQueue.lambda$submit$0(TaskQueue.java:121)
	at org.apache.ratis.util.LogUtils.runAndLog(LogUtils.java:38)
	at org.apache.ratis.util.LogUtils$1.run(LogUtils.java:78)
	at java.base/java.util.concurrent.Executors$RunnableAdapter.call(Executors.java:572)
	at java.base/java.util.concurrent.FutureTask.run(FutureTask.java:317)
	at java.base/java.util.concurrent.ThreadPoolExecutor.runWorker(ThreadPoolExecutor.java:1144)
	at java.base/java.util.concurrent.ThreadPoolExecutor$Worker.run(ThreadPoolExecutor.java:642)
	at java.base/java.lang.Thread.run(Thread.java:1583)
2025-10-16 19:49:09,302 [0e8b6cc7-9945-4141-97fc-6aa017a0d5fa-ContainerOp-36270c74-4c8b-4dac-af71-cdbac21eb987-1] INFO  keyvalue.KeyValueHandler (KeyValueHandler.java:handleFinalizeBlock(714)) - Finalized Block request received conID: 20 locID: 115816896921600461 bcsId: 0 replicaIndex: null 
2025-10-16 19:49:09,302 [0e8b6cc7-9945-4141-97fc-6aa017a0d5fa-ContainerOp-36270c74-4c8b-4dac-af71-cdbac21eb987-1] WARN  keyvalue.KeyValueHandler (ContainerUtils.java:logAndReturnError(94)) - Operation: FinalizeBlock , Trace ID:  , Message: Unable to find the block. BlockID : conID: 20 locID: 115816896921600461 bcsId: 0 replicaIndex: null , Result: NO_SUCH_BLOCK , StorageContainerException Occurred.
org.apache.hadoop.hdds.scm.container.common.helpers.StorageContainerException: Unable to find the block. BlockID : conID: 20 locID: 115816896921600461 bcsId: 0 replicaIndex: null
	at org.apache.hadoop.ozone.container.metadata.DatanodeStoreWithIncrementalChunkList.getCompleteBlockData(DatanodeStoreWithIncrementalChunkList.java:67)
	at org.apache.hadoop.ozone.container.metadata.DatanodeStore.getBlockByID(DatanodeStore.java:90)
	at org.apache.hadoop.ozone.container.keyvalue.impl.BlockManagerImpl.getBlockByID(BlockManagerImpl.java:462)
	at org.apache.hadoop.ozone.container.keyvalue.impl.BlockManagerImpl.getBlock(BlockManagerImpl.java:347)
	at org.apache.hadoop.ozone.container.keyvalue.KeyValueHandler.handleFinalizeBlock(KeyValueHandler.java:716)
	at org.apache.hadoop.ozone.container.keyvalue.KeyValueHandler.dispatchRequest(KeyValueHandler.java:357)
	at org.apache.hadoop.ozone.container.keyvalue.KeyValueHandler.handle(KeyValueHandler.java:293)
	at org.apache.hadoop.ozone.container.common.impl.HddsDispatcher.dispatchRequest(HddsDispatcher.java:365)
	at org.apache.hadoop.ozone.container.common.impl.HddsDispatcher.lambda$dispatch$1(HddsDispatcher.java:190)
	at org.apache.hadoop.hdds.server.OzoneProtocolMessageDispatcher.processRequest(OzoneProtocolMessageDispatcher.java:89)
	at org.apache.hadoop.ozone.container.common.impl.HddsDispatcher.dispatch(HddsDispatcher.java:189)
	at org.apache.hadoop.ozone.container.common.transport.server.ratis.ContainerStateMachine.dispatchCommand(ContainerStateMachine.java:567)
	at org.apache.hadoop.ozone.container.common.transport.server.ratis.ContainerStateMachine.lambda$applyTransaction$8(ContainerStateMachine.java:1061)
	at org.apache.ratis.util.TaskQueue.lambda$submit$0(TaskQueue.java:121)
	at org.apache.ratis.util.LogUtils.runAndLog(LogUtils.java:38)
	at org.apache.ratis.util.LogUtils$1.run(LogUtils.java:78)
	at java.base/java.util.concurrent.Executors$RunnableAdapter.call(Executors.java:572)
	at java.base/java.util.concurrent.FutureTask.run(FutureTask.java:317)
	at java.base/java.util.concurrent.ThreadPoolExecutor.runWorker(ThreadPoolExecutor.java:1144)
	at java.base/java.util.concurrent.ThreadPoolExecutor$Worker.run(ThreadPoolExecutor.java:642)
	at java.base/java.lang.Thread.run(Thread.java:1583)
2025-10-16 19:49:09,303 [e33e6ec4-6b66-4281-bedd-2bd75bd30070-ContainerOp-36270c74-4c8b-4dac-af71-cdbac21eb987-2] INFO  keyvalue.KeyValueHandler (KeyValueHandler.java:handleFinalizeBlock(714)) - Finalized Block request received conID: 20 locID: 115816896921600461 bcsId: 0 replicaIndex: null 
2025-10-16 19:49:09,304 [e33e6ec4-6b66-4281-bedd-2bd75bd30070-ContainerOp-36270c74-4c8b-4dac-af71-cdbac21eb987-2] WARN  keyvalue.KeyValueHandler (ContainerUtils.java:logAndReturnError(94)) - Operation: FinalizeBlock , Trace ID:  , Message: Unable to find the block. BlockID : conID: 20 locID: 115816896921600461 bcsId: 0 replicaIndex: null , Result: NO_SUCH_BLOCK , StorageContainerException Occurred.
org.apache.hadoop.hdds.scm.container.common.helpers.StorageContainerException: Unable to find the block. BlockID : conID: 20 locID: 115816896921600461 bcsId: 0 replicaIndex: null
	at org.apache.hadoop.ozone.container.metadata.DatanodeStoreWithIncrementalChunkList.getCompleteBlockData(DatanodeStoreWithIncrementalChunkList.java:67)
	at org.apache.hadoop.ozone.container.metadata.DatanodeStore.getBlockByID(DatanodeStore.java:90)
	at org.apache.hadoop.ozone.container.keyvalue.impl.BlockManagerImpl.getBlockByID(BlockManagerImpl.java:462)
	at org.apache.hadoop.ozone.container.keyvalue.impl.BlockManagerImpl.getBlock(BlockManagerImpl.java:347)
	at org.apache.hadoop.ozone.container.keyvalue.KeyValueHandler.handleFinalizeBlock(KeyValueHandler.java:716)
	at org.apache.hadoop.ozone.container.keyvalue.KeyValueHandler.dispatchRequest(KeyValueHandler.java:357)
	at org.apache.hadoop.ozone.container.keyvalue.KeyValueHandler.handle(KeyValueHandler.java:293)
	at org.apache.hadoop.ozone.container.common.impl.HddsDispatcher.dispatchRequest(HddsDispatcher.java:365)
	at org.apache.hadoop.ozone.container.common.impl.HddsDispatcher.lambda$dispatch$1(HddsDispatcher.java:190)
	at org.apache.hadoop.hdds.server.OzoneProtocolMessageDispatcher.processRequest(OzoneProtocolMessageDispatcher.java:89)
	at org.apache.hadoop.ozone.container.common.impl.HddsDispatcher.dispatch(HddsDispatcher.java:189)
	at org.apache.hadoop.ozone.container.common.transport.server.ratis.ContainerStateMachine.dispatchCommand(ContainerStateMachine.java:567)
	at org.apache.hadoop.ozone.container.common.transport.server.ratis.ContainerStateMachine.lambda$applyTransaction$8(ContainerStateMachine.java:1061)
	at org.apache.ratis.util.TaskQueue.lambda$submit$0(TaskQueue.java:121)
	at org.apache.ratis.util.LogUtils.runAndLog(LogUtils.java:38)
	at org.apache.ratis.util.LogUtils$1.run(LogUtils.java:78)
	at java.base/java.util.concurrent.Executors$RunnableAdapter.call(Executors.java:572)
	at java.base/java.util.concurrent.FutureTask.run(FutureTask.java:317)
	at java.base/java.util.concurrent.ThreadPoolExecutor.runWorker(ThreadPoolExecutor.java:1144)
	at java.base/java.util.concurrent.ThreadPoolExecutor$Worker.run(ThreadPoolExecutor.java:642)
	at java.base/java.lang.Thread.run(Thread.java:1583)
2025-10-16 19:49:09,308 [e33e6ec4-6b66-4281-bedd-2bd75bd30070-ContainerOp-36270c74-4c8b-4dac-af71-cdbac21eb987-2] WARN  keyvalue.KeyValueContainer (KeyValueContainer.java:markContainerUnhealthy(397)) - Marked container UNHEALTHY from OPEN: KeyValueContainerData #20 (UNHEALTHY, non-empty, ri=0, origin=[dn_e33e6ec4-6b66-4281-bedd-2bd75bd30070, pipeline_36270c74-4c8b-4dac-af71-cdbac21eb987])
2025-10-16 19:49:09,308 [0e8b6cc7-9945-4141-97fc-6aa017a0d5fa-ContainerOp-36270c74-4c8b-4dac-af71-cdbac21eb987-1] WARN  keyvalue.KeyValueContainer (KeyValueContainer.java:markContainerUnhealthy(397)) - Marked container UNHEALTHY from OPEN: KeyValueContainerData #20 (UNHEALTHY, non-empty, ri=0, origin=[dn_0e8b6cc7-9945-4141-97fc-6aa017a0d5fa, pipeline_36270c74-4c8b-4dac-af71-cdbac21eb987])
2025-10-16 19:49:09,310 [702cb173-5c73-4ecc-b5cd-c7b4a6b66aea-ContainerOp-36270c74-4c8b-4dac-af71-cdbac21eb987-2] WARN  keyvalue.KeyValueContainer (KeyValueContainer.java:markContainerUnhealthy(397)) - Marked container UNHEALTHY from OPEN: KeyValueContainerData #20 (UNHEALTHY, non-empty, ri=0, origin=[dn_702cb173-5c73-4ecc-b5cd-c7b4a6b66aea, pipeline_36270c74-4c8b-4dac-af71-cdbac21eb987])
2025-10-16 19:49:09,310 | ERROR | ContainerLog | ID=20 | Index=0 | BCSID=59 | State=UNHEALTHY | Volume=/home/runner/work/ozone/ozone/hadoop-ozone/integration-test/target/test-dir/MiniOzoneClusterImpl-e7911277-7775-4457-96c8-94071a26a1ce/ozone-metadata/datanode-12/data-0/hdds | DataChecksum=4f163ec7 | Container has 1 error: WRITE_FAILURE for file /home/runner/work/ozone/ozone/hadoop-ozone/integration-test/target/test-dir/MiniOzoneClusterImpl-e7911277-7775-4457-96c8-94071a26a1ce/ozone-metadata/datanode-12/data-0/hdds/e7911277-7775-4457-96c8-94071a26a1ce/current/containerDir0/20 with exception: org.apache.hadoop.hdds.scm.container.common.helpers.StorageContainerException |  
2025-10-16 19:49:09,310 [e33e6ec4-6b66-4281-bedd-2bd75bd30070-ContainerOp-36270c74-4c8b-4dac-af71-cdbac21eb987-2] INFO  impl.HddsDispatcher (HddsDispatcher.java:dispatchRequest(412)) - Marked Container UNHEALTHY, ContainerID: 20
2025-10-16 19:49:09,310 | ERROR | DNAudit | user=null | ip=null | op=FINALIZE_BLOCK {"blockData":"conID: 20 locID: 115816896921600461 bcsId: 0 replicaIndex: null"} | ret=FAILURE | 
java.lang.Exception: Unable to find the block. BlockID : conID: 20 locID: 115816896921600461 bcsId: 0 replicaIndex: null
	at org.apache.hadoop.ozone.container.common.impl.HddsDispatcher.dispatchRequest(HddsDispatcher.java:440)
	at org.apache.hadoop.ozone.container.common.impl.HddsDispatcher.lambda$dispatch$1(HddsDispatcher.java:190)
 
2025-10-16 19:49:09,310 [e33e6ec4-6b66-4281-bedd-2bd75bd30070-ContainerOp-36270c74-4c8b-4dac-af71-cdbac21eb987-2] ERROR ratis.ContainerStateMachine (ContainerStateMachine.java:lambda$applyTransaction$11(1163)) - gid group-CDBAC21EB987 : ApplyTransaction failed. cmd FinalizeBlock logIndex 62 msg : Unable to find the block. BlockID : conID: 20 locID: 115816896921600461 bcsId: 0 replicaIndex: null Container Result: NO_SUCH_BLOCK
2025-10-16 19:49:09,311 [e33e6ec4-6b66-4281-bedd-2bd75bd30070-ContainerOp-36270c74-4c8b-4dac-af71-cdbac21eb987-2] ERROR impl.StateMachineUpdater (StateMachineUpdater.java:lambda$applyLog$3(259)) - Exception while e33e6ec4-6b66-4281-bedd-2bd75bd30070@group-CDBAC21EB987-StateMachineUpdater: applying txn index=62, nextLog=(t:1, i:62), STATEMACHINELOGENTRY, WRITE: logData.size=104, stateMachineData.size=0, logEntryProtoSerializedSize=0
java.util.concurrent.CompletionException: org.apache.hadoop.hdds.scm.container.common.helpers.StorageContainerException: Unable to find the block. BlockID : conID: 20 locID: 115816896921600461 bcsId: 0 replicaIndex: null
	at java.base/java.util.concurrent.CompletableFuture.encodeThrowable(CompletableFuture.java:332)
	at java.base/java.util.concurrent.CompletableFuture.completeThrowable(CompletableFuture.java:347)
	at java.base/java.util.concurrent.CompletableFuture.uniWhenComplete(CompletableFuture.java:874)
	at java.base/java.util.concurrent.CompletableFuture$UniWhenComplete.tryFire(CompletableFuture.java:841)
	at java.base/java.util.concurrent.CompletableFuture.postComplete(CompletableFuture.java:510)
	at java.base/java.util.concurrent.CompletableFuture.completeExceptionally(CompletableFuture.java:2194)
	at org.apache.hadoop.ozone.container.common.transport.server.ratis.ContainerStateMachine.lambda$applyTransaction$11(ContainerStateMachine.java:1172)
	at java.base/java.util.concurrent.CompletableFuture$UniApply.tryFire(CompletableFuture.java:646)
	at java.base/java.util.concurrent.CompletableFuture.postComplete(CompletableFuture.java:510)
	at java.base/java.util.concurrent.CompletableFuture.complete(CompletableFuture.java:2179)
	at org.apache.ratis.util.TaskQueue.lambda$submit$0(TaskQueue.java:133)
	at org.apache.ratis.util.LogUtils.runAndLog(LogUtils.java:38)
	at org.apache.ratis.util.LogUtils$1.run(LogUtils.java:78)
	at java.base/java.util.concurrent.Executors$RunnableAdapter.call(Executors.java:572)
	at java.base/java.util.concurrent.FutureTask.run(FutureTask.java:317)
	at java.base/java.util.concurrent.ThreadPoolExecutor.runWorker(ThreadPoolExecutor.java:1144)
	at java.base/java.util.concurrent.ThreadPoolExecutor$Worker.run(ThreadPoolExecutor.java:642)
	at java.base/java.lang.Thread.run(Thread.java:1583)
Caused by: org.apache.hadoop.hdds.scm.container.common.helpers.StorageContainerException: Unable to find the block. BlockID : conID: 20 locID: 115816896921600461 bcsId: 0 replicaIndex: null
	at org.apache.hadoop.ozone.container.common.transport.server.ratis.ContainerStateMachine.lambda$applyTransaction$11(ContainerStateMachine.java:1162)
	... 11 more
2025-10-16 19:49:09,311 [e33e6ec4-6b66-4281-bedd-2bd75bd30070-ContainerOp-36270c74-4c8b-4dac-af71-cdbac21eb987-2] WARN  ratis.XceiverServerRatis (XceiverServerRatis.java:triggerPipelineClose(767)) - pipeline Action CLOSE on pipeline Pipeline-36270c74-4c8b-4dac-af71-cdbac21eb987.Reason : Ratis Transaction failure in datanode e33e6ec4-6b66-4281-bedd-2bd75bd30070 with role FOLLOWER .Triggering pipeline close action.
2025-10-16 19:49:09,312 [FixedThreadPoolWithAffinityExecutor-0-0] INFO  container.IncrementalContainerReportHandler (AbstractContainerReportHandler.java:updateContainerState(253)) - FINALIZE (i.e. CLOSING) Container #20 (OPEN, sid=0) r0 (UNHEALTHY, bcsid=59, origin=e33e6ec4-6b66-4281-bedd-2bd75bd30070, non-empty) from dn e33e6ec4-6b66-4281-bedd-2bd75bd30070(localhost/127.0.0.1)
2025-10-16 19:49:09,312 | ERROR | ContainerLog | ID=20 | Index=0 | BCSID=59 | State=UNHEALTHY | Volume=/home/runner/work/ozone/ozone/hadoop-ozone/integration-test/target/test-dir/MiniOzoneClusterImpl-e7911277-7775-4457-96c8-94071a26a1ce/ozone-metadata/datanode-11/data-0/hdds | DataChecksum=4f163ec7 | Container has 1 error: WRITE_FAILURE for file /home/runner/work/ozone/ozone/hadoop-ozone/integration-test/target/test-dir/MiniOzoneClusterImpl-e7911277-7775-4457-96c8-94071a26a1ce/ozone-metadata/datanode-11/data-0/hdds/e7911277-7775-4457-96c8-94071a26a1ce/current/containerDir0/20 with exception: org.apache.hadoop.hdds.scm.container.common.helpers.StorageContainerException |  
2025-10-16 19:49:09,312 [702cb173-5c73-4ecc-b5cd-c7b4a6b66aea-ContainerOp-36270c74-4c8b-4dac-af71-cdbac21eb987-2] INFO  impl.HddsDispatcher (HddsDispatcher.java:dispatchRequest(412)) - Marked Container UNHEALTHY, ContainerID: 20
2025-10-16 19:49:09,312 | ERROR | DNAudit | user=null | ip=null | op=FINALIZE_BLOCK {"blockData":"conID: 20 locID: 115816896921600461 bcsId: 0 replicaIndex: null"} | ret=FAILURE | 
java.lang.Exception: Unable to find the block. BlockID : conID: 20 locID: 115816896921600461 bcsId: 0 replicaIndex: null
	at org.apache.hadoop.ozone.container.common.impl.HddsDispatcher.dispatchRequest(HddsDispatcher.java:440)
	at org.apache.hadoop.ozone.container.common.impl.HddsDispatcher.lambda$dispatch$1(HddsDispatcher.java:190)
 
2025-10-16 19:49:09,312 [702cb173-5c73-4ecc-b5cd-c7b4a6b66aea-ContainerOp-36270c74-4c8b-4dac-af71-cdbac21eb987-2] ERROR ratis.ContainerStateMachine (ContainerStateMachine.java:lambda$applyTransaction$11(1163)) - gid group-CDBAC21EB987 : ApplyTransaction failed. cmd FinalizeBlock logIndex 62 msg : Unable to find the block. BlockID : conID: 20 locID: 115816896921600461 bcsId: 0 replicaIndex: null Container Result: NO_SUCH_BLOCK
2025-10-16 19:49:09,312 [EventQueue-PipelineActionsForPipelineActionHandler] INFO  pipeline.PipelineActionHandler (PipelineActionHandler.java:processPipelineAction(89)) - Received pipeline action CLOSE for Pipeline-a6d455ad-cb8f-42d4-aaf7-6ca5f15a0415 from datanode e33e6ec4-6b66-4281-bedd-2bd75bd30070(localhost/127.0.0.1). Reason : Ratis Transaction failure in datanode e33e6ec4-6b66-4281-bedd-2bd75bd30070 with role LEADER .Triggering pipeline close action.
2025-10-16 19:49:09,312 | INFO  | SCMAudit | user=runner | ip=127.0.0.1 | op=SEND_HEARTBEAT {"datanodeUUID":"e33e6ec4-6b66-4281-bedd-2bd75bd30070","term":"2","command":"[]"} | ret=SUCCESS |  
2025-10-16 19:49:09,312 [702cb173-5c73-4ecc-b5cd-c7b4a6b66aea-ContainerOp-36270c74-4c8b-4dac-af71-cdbac21eb987-2] ERROR impl.StateMachineUpdater (StateMachineUpdater.java:lambda$applyLog$3(259)) - Exception while 702cb173-5c73-4ecc-b5cd-c7b4a6b66aea@group-CDBAC21EB987-StateMachineUpdater: applying txn index=62, nextLog=(t:1, i:62), STATEMACHINELOGENTRY, WRITE: logData.size=104, stateMachineData.size=0, logEntryProtoSerializedSize=0
java.util.concurrent.CompletionException: org.apache.hadoop.hdds.scm.container.common.helpers.StorageContainerException: Unable to find the block. BlockID : conID: 20 locID: 115816896921600461 bcsId: 0 replicaIndex: null
	at java.base/java.util.concurrent.CompletableFuture.encodeThrowable(CompletableFuture.java:332)
	at java.base/java.util.concurrent.CompletableFuture.completeThrowable(CompletableFuture.java:347)
	at java.base/java.util.concurrent.CompletableFuture.uniWhenComplete(CompletableFuture.java:874)
	at java.base/java.util.concurrent.CompletableFuture$UniWhenComplete.tryFire(CompletableFuture.java:841)
	at java.base/java.util.concurrent.CompletableFuture.postComplete(CompletableFuture.java:510)
	at java.base/java.util.concurrent.CompletableFuture.completeExceptionally(CompletableFuture.java:2194)
	at org.apache.hadoop.ozone.container.common.transport.server.ratis.ContainerStateMachine.lambda$applyTransaction$11(ContainerStateMachine.java:1172)
	at java.base/java.util.concurrent.CompletableFuture$UniApply.tryFire(CompletableFuture.java:646)
	at java.base/java.util.concurrent.CompletableFuture.postComplete(CompletableFuture.java:510)
	at java.base/java.util.concurrent.CompletableFuture.complete(CompletableFuture.java:2179)
	at org.apache.ratis.util.TaskQueue.lambda$submit$0(TaskQueue.java:133)
	at org.apache.ratis.util.LogUtils.runAndLog(LogUtils.java:38)
	at org.apache.ratis.util.LogUtils$1.run(LogUtils.java:78)
	at java.base/java.util.concurrent.Executors$RunnableAdapter.call(Executors.java:572)
	at java.base/java.util.concurrent.FutureTask.run(FutureTask.java:317)
	at java.base/java.util.concurrent.ThreadPoolExecutor.runWorker(ThreadPoolExecutor.java:1144)
	at java.base/java.util.concurrent.ThreadPoolExecutor$Worker.run(ThreadPoolExecutor.java:642)
	at java.base/java.lang.Thread.run(Thread.java:1583)
Caused by: org.apache.hadoop.hdds.scm.container.common.helpers.StorageContainerException: Unable to find the block. BlockID : conID: 20 locID: 115816896921600461 bcsId: 0 replicaIndex: null
	at org.apache.hadoop.ozone.container.common.transport.server.ratis.ContainerStateMachine.lambda$applyTransaction$11(ContainerStateMachine.java:1162)
	... 11 more
2025-10-16 19:49:09,313 | ERROR | ContainerLog | ID=20 | Index=0 | BCSID=59 | State=UNHEALTHY | Volume=/home/runner/work/ozone/ozone/hadoop-ozone/integration-test/target/test-dir/MiniOzoneClusterImpl-e7911277-7775-4457-96c8-94071a26a1ce/ozone-metadata/datanode-10/data-0/hdds | DataChecksum=4f163ec7 | Container has 1 error: WRITE_FAILURE for file /home/runner/work/ozone/ozone/hadoop-ozone/integration-test/target/test-dir/MiniOzoneClusterImpl-e7911277-7775-4457-96c8-94071a26a1ce/ozone-metadata/datanode-10/data-0/hdds/e7911277-7775-4457-96c8-94071a26a1ce/current/containerDir0/20 with exception: org.apache.hadoop.hdds.scm.container.common.helpers.StorageContainerException |  
2025-10-16 19:49:09,313 [0e8b6cc7-9945-4141-97fc-6aa017a0d5fa-ContainerOp-36270c74-4c8b-4dac-af71-cdbac21eb987-1] INFO  impl.HddsDispatcher (HddsDispatcher.java:dispatchRequest(412)) - Marked Container UNHEALTHY, ContainerID: 20
2025-10-16 19:49:09,313 | ERROR | DNAudit | user=null | ip=null | op=FINALIZE_BLOCK {"blockData":"conID: 20 locID: 115816896921600461 bcsId: 0 replicaIndex: null"} | ret=FAILURE | 
java.lang.Exception: Unable to find the block. BlockID : conID: 20 locID: 115816896921600461 bcsId: 0 replicaIndex: null
	at org.apache.hadoop.ozone.container.common.impl.HddsDispatcher.dispatchRequest(HddsDispatcher.java:440)
	at org.apache.hadoop.ozone.container.common.impl.HddsDispatcher.lambda$dispatch$1(HddsDispatcher.java:190)
 
2025-10-16 19:49:09,313 [0e8b6cc7-9945-4141-97fc-6aa017a0d5fa-ContainerOp-36270c74-4c8b-4dac-af71-cdbac21eb987-1] ERROR ratis.ContainerStateMachine (ContainerStateMachine.java:lambda$applyTransaction$11(1163)) - gid group-CDBAC21EB987 : ApplyTransaction failed. cmd FinalizeBlock logIndex 62 msg : Unable to find the block. BlockID : conID: 20 locID: 115816896921600461 bcsId: 0 replicaIndex: null Container Result: NO_SUCH_BLOCK
2025-10-16 19:49:09,313 [0e8b6cc7-9945-4141-97fc-6aa017a0d5fa-ContainerOp-36270c74-4c8b-4dac-af71-cdbac21eb987-1] ERROR impl.StateMachineUpdater (StateMachineUpdater.java:lambda$applyLog$3(259)) - Exception while 0e8b6cc7-9945-4141-97fc-6aa017a0d5fa@group-CDBAC21EB987-StateMachineUpdater: applying txn index=62, nextLog=(t:1, i:62), STATEMACHINELOGENTRY, WRITE: logData.size=104, stateMachineData.size=0, logEntryProtoSerializedSize=0
java.util.concurrent.CompletionException: org.apache.hadoop.hdds.scm.container.common.helpers.StorageContainerException: Unable to find the block. BlockID : conID: 20 locID: 115816896921600461 bcsId: 0 replicaIndex: null
	at java.base/java.util.concurrent.CompletableFuture.encodeThrowable(CompletableFuture.java:332)
	at java.base/java.util.concurrent.CompletableFuture.completeThrowable(CompletableFuture.java:347)
	at java.base/java.util.concurrent.CompletableFuture.uniWhenComplete(CompletableFuture.java:874)
	at java.base/java.util.concurrent.CompletableFuture$UniWhenComplete.tryFire(CompletableFuture.java:841)
	at java.base/java.util.concurrent.CompletableFuture.postComplete(CompletableFuture.java:510)
	at java.base/java.util.concurrent.CompletableFuture.completeExceptionally(CompletableFuture.java:2194)
	at org.apache.hadoop.ozone.container.common.transport.server.ratis.ContainerStateMachine.lambda$applyTransaction$11(ContainerStateMachine.java:1172)
	at java.base/java.util.concurrent.CompletableFuture$UniApply.tryFire(CompletableFuture.java:646)
	at java.base/java.util.concurrent.CompletableFuture.postComplete(CompletableFuture.java:510)
	at java.base/java.util.concurrent.CompletableFuture.complete(CompletableFuture.java:2179)
	at org.apache.ratis.util.TaskQueue.lambda$submit$0(TaskQueue.java:133)
	at org.apache.ratis.util.LogUtils.runAndLog(LogUtils.java:38)
	at org.apache.ratis.util.LogUtils$1.run(LogUtils.java:78)
	at java.base/java.util.concurrent.Executors$RunnableAdapter.call(Executors.java:572)
	at java.base/java.util.concurrent.FutureTask.run(FutureTask.java:317)
	at java.base/java.util.concurrent.ThreadPoolExecutor.runWorker(ThreadPoolExecutor.java:1144)
	at java.base/java.util.concurrent.ThreadPoolExecutor$Worker.run(ThreadPoolExecutor.java:642)
	at java.base/java.lang.Thread.run(Thread.java:1583)
Caused by: org.apache.hadoop.hdds.scm.container.common.helpers.StorageContainerException: Unable to find the block. BlockID : conID: 20 locID: 115816896921600461 bcsId: 0 replicaIndex: null
	at org.apache.hadoop.ozone.container.common.transport.server.ratis.ContainerStateMachine.lambda$applyTransaction$11(ContainerStateMachine.java:1162)
	... 11 more
2025-10-16 19:49:09,313 [0e8b6cc7-9945-4141-97fc-6aa017a0d5fa-ContainerOp-36270c74-4c8b-4dac-af71-cdbac21eb987-1] WARN  ratis.XceiverServerRatis (XceiverServerRatis.java:triggerPipelineClose(767)) - pipeline Action CLOSE on pipeline Pipeline-36270c74-4c8b-4dac-af71-cdbac21eb987.Reason : Ratis Transaction failure in datanode 0e8b6cc7-9945-4141-97fc-6aa017a0d5fa with role FOLLOWER .Triggering pipeline close action.
2025-10-16 19:49:09,314 [EventQueue-CloseContainerForCloseContainerEventHandler] INFO  container.CloseContainerEventHandler (CloseContainerEventHandler.java:onMessage(88)) - Close container Event triggered for container : #20, current state: OPEN
2025-10-16 19:49:09,314 [EventQueue-PipelineActionsForPipelineActionHandler] INFO  pipeline.PipelineActionHandler (PipelineActionHandler.java:processPipelineAction(89)) - Received pipeline action CLOSE for Pipeline-a6d455ad-cb8f-42d4-aaf7-6ca5f15a0415 from datanode 0e8b6cc7-9945-4141-97fc-6aa017a0d5fa(localhost/127.0.0.1). Reason : Ratis Transaction failure in datanode 0e8b6cc7-9945-4141-97fc-6aa017a0d5fa with role FOLLOWER .Triggering pipeline close action.
2025-10-16 19:49:09,314 | INFO  | SCMAudit | user=runner | ip=127.0.0.1 | op=SEND_HEARTBEAT {"datanodeUUID":"0e8b6cc7-9945-4141-97fc-6aa017a0d5fa","term":"2","command":"[]"} | ret=SUCCESS |  
2025-10-16 19:49:09,315 [grpc-default-executor-6] ERROR impl.OrderedAsync (OrderedAsync.java:lambda$send$4(181)) - Failed to send request, message=cmdType: FinalizeBlock traceID: "" containerID: 20 datanodeUuid: "0e8b6cc7-9945-4141-97fc-6aa017a0d5fa" encodedToken: "VAoGcnVubmVyEiNjb25JRDogMjAgbG9jSUQ6IDExNTgxNjg5NjkyMTYwMDQ2MRiqmOCdnzMoASgCMICAgAI6FQiTnIWAlZbGkkIQ4aOs9Mn9iaiMASCPMRTUhV67zgxnNO52Bfz8UbLor9jm7thR8ehS8sTDzxBIRERTX0JMT0NLX1RPS0VOJmNvbklEOiAyMCBsb2NJRDogMTE1ODE2ODk2OTIxNjAwNDYxAAAA" version: 3 finalizeBlock { blockID { containerID: 20 localID: 115816896921600461 blockCommitSequenceId: 0 } }, data.size=0
java.util.concurrent.CompletionException: org.apache.ratis.protocol.exceptions.StateMachineException: org.apache.hadoop.hdds.scm.container.common.helpers.StorageContainerException: Unable to find the block. BlockID : conID: 20 locID: 115816896921600461 bcsId: 0 replicaIndex: null
	at org.apache.ratis.client.impl.RaftClientImpl.handleRaftException(RaftClientImpl.java:373)
	at org.apache.ratis.client.impl.OrderedAsync.lambda$send$3(OrderedAsync.java:175)
	at java.base/java.util.concurrent.CompletableFuture$UniApply.tryFire(CompletableFuture.java:646)
	at java.base/java.util.concurrent.CompletableFuture.postComplete(CompletableFuture.java:510)
	at java.base/java.util.concurrent.CompletableFuture.complete(CompletableFuture.java:2179)
	at org.apache.ratis.client.impl.OrderedAsync$PendingOrderedRequest.setReply(OrderedAsync.java:105)
	at org.apache.ratis.client.impl.OrderedAsync$PendingOrderedRequest.setReply(OrderedAsync.java:66)
	at org.apache.ratis.util.SlidingWindow$RequestMap.setReply(SlidingWindow.java:147)
	at org.apache.ratis.util.SlidingWindow$Client.receiveReply(SlidingWindow.java:351)
	at org.apache.ratis.client.impl.OrderedAsync.lambda$sendRequestWithRetry$5(OrderedAsync.java:210)
	at java.base/java.util.concurrent.CompletableFuture$UniAccept.tryFire(CompletableFuture.java:718)
	at java.base/java.util.concurrent.CompletableFuture.postComplete(CompletableFuture.java:510)
	at java.base/java.util.concurrent.CompletableFuture.complete(CompletableFuture.java:2179)
	at org.apache.ratis.grpc.client.GrpcClientProtocolClient$AsyncStreamObservers$1.lambda$onNext$0(GrpcClientProtocolClient.java:325)
	at java.base/java.util.Optional.ifPresent(Optional.java:178)
	at org.apache.ratis.grpc.client.GrpcClientProtocolClient$AsyncStreamObservers.handleReplyFuture(GrpcClientProtocolClient.java:381)
	at org.apache.ratis.grpc.client.GrpcClientProtocolClient$AsyncStreamObservers.access$100(GrpcClientProtocolClient.java:303)
	at org.apache.ratis.grpc.client.GrpcClientProtocolClient$AsyncStreamObservers$1.onNext(GrpcClientProtocolClient.java:325)
	at org.apache.ratis.grpc.client.GrpcClientProtocolClient$AsyncStreamObservers$1.onNext(GrpcClientProtocolClient.java:308)
	at org.apache.ratis.thirdparty.io.grpc.stub.ClientCalls$StreamObserverToCallListenerAdapter.onMessage(ClientCalls.java:551)
	at org.apache.ratis.thirdparty.io.grpc.ForwardingClientCallListener.onMessage(ForwardingClientCallListener.java:33)
	at org.apache.ratis.thirdparty.io.grpc.internal.ClientCallImpl$ClientStreamListenerImpl$1MessagesAvailable.runInternal(ClientCallImpl.java:661)
	at org.apache.ratis.thirdparty.io.grpc.internal.ClientCallImpl$ClientStreamListenerImpl$1MessagesAvailable.runInContext(ClientCallImpl.java:648)
	at org.apache.ratis.thirdparty.io.grpc.internal.ContextRunnable.run(ContextRunnable.java:37)
	at org.apache.ratis.thirdparty.io.grpc.internal.SerializingExecutor.run(SerializingExecutor.java:133)
	at java.base/java.util.concurrent.ThreadPoolExecutor.runWorker(ThreadPoolExecutor.java:1144)
	at java.base/java.util.concurrent.ThreadPoolExecutor$Worker.run(ThreadPoolExecutor.java:642)
	at java.base/java.lang.Thread.run(Thread.java:1583)
Caused by: org.apache.ratis.protocol.exceptions.StateMachineException: org.apache.hadoop.hdds.scm.container.common.helpers.StorageContainerException: Unable to find the block. BlockID : conID: 20 locID: 115816896921600461 bcsId: 0 replicaIndex: null
	at org.apache.hadoop.ozone.container.common.transport.server.ratis.ContainerStateMachine.lambda$applyTransaction$11(ContainerStateMachine.java:1162)
	at java.base/java.util.concurrent.CompletableFuture$UniApply.tryFire(CompletableFuture.java:646)
	at java.base/java.util.concurrent.CompletableFuture.postComplete(CompletableFuture.java:510)
	at java.base/java.util.concurrent.CompletableFuture.complete(CompletableFuture.java:2179)
	at org.apache.ratis.util.TaskQueue.lambda$submit$0(TaskQueue.java:133)
	at org.apache.ratis.util.LogUtils.runAndLog(LogUtils.java:38)
	at org.apache.ratis.util.LogUtils$1.run(LogUtils.java:78)
	at java.base/java.util.concurrent.Executors$RunnableAdapter.call(Executors.java:572)
	at java.base/java.util.concurrent.FutureTask.run(FutureTask.java:317)
	... 3 more
2025-10-16 19:49:09,315 | INFO  | SCMAudit | user=runner | ip=127.0.0.1 | op=SEND_HEARTBEAT {"datanodeUUID":"702cb173-5c73-4ecc-b5cd-c7b4a6b66aea","term":"2","command":"[]"} | ret=SUCCESS |  
2025-10-16 19:49:09,315 [702cb173-5c73-4ecc-b5cd-c7b4a6b66aea-ContainerOp-36270c74-4c8b-4dac-af71-cdbac21eb987-2] WARN  ratis.XceiverServerRatis (XceiverServerRatis.java:triggerPipelineClose(767)) - pipeline Action CLOSE on pipeline Pipeline-36270c74-4c8b-4dac-af71-cdbac21eb987.Reason : Ratis Transaction failure in datanode 702cb173-5c73-4ecc-b5cd-c7b4a6b66aea with role LEADER .Triggering pipeline close action.
2025-10-16 19:49:09,315 [EventQueue-PipelineActionsForPipelineActionHandler] INFO  pipeline.PipelineActionHandler (PipelineActionHandler.java:processPipelineAction(89)) - Received pipeline action CLOSE for Pipeline-a6d455ad-cb8f-42d4-aaf7-6ca5f15a0415 from datanode 702cb173-5c73-4ecc-b5cd-c7b4a6b66aea(localhost/127.0.0.1). Reason : Ratis Transaction failure in datanode 702cb173-5c73-4ecc-b5cd-c7b4a6b66aea with role FOLLOWER .Triggering pipeline close action.
2025-10-16 19:49:09,315 | INFO  | SCMAudit | user=runner | ip=127.0.0.1 | op=SEND_HEARTBEAT {"datanodeUUID":"0e8b6cc7-9945-4141-97fc-6aa017a0d5fa","term":"2","command":"[]"} | ret=SUCCESS |  
2025-10-16 19:49:09,315 [EventQueue-PipelineActionsForPipelineActionHandler] INFO  pipeline.PipelineActionHandler (PipelineActionHandler.java:processPipelineAction(89)) - Received pipeline action CLOSE for Pipeline-a6d455ad-cb8f-42d4-aaf7-6ca5f15a0415 from datanode 0e8b6cc7-9945-4141-97fc-6aa017a0d5fa(localhost/127.0.0.1). Reason : Ratis Transaction failure in datanode 0e8b6cc7-9945-4141-97fc-6aa017a0d5fa with role FOLLOWER .Triggering pipeline close action.
2025-10-16 19:49:09,316 [EventQueue-PipelineActionsForPipelineActionHandler] INFO  pipeline.PipelineActionHandler (PipelineActionHandler.java:processPipelineAction(89)) - Received pipeline action CLOSE for Pipeline-36270c74-4c8b-4dac-af71-cdbac21eb987 from datanode 0e8b6cc7-9945-4141-97fc-6aa017a0d5fa(localhost/127.0.0.1). Reason : Ratis Transaction failure in datanode 0e8b6cc7-9945-4141-97fc-6aa017a0d5fa with role FOLLOWER .Triggering pipeline close action.
2025-10-16 19:49:09,316 [ForkJoinPool-1-worker-1] WARN  ozone.BasicRootedOzoneClientAdapterImpl (BasicRootedOzoneClientAdapterImpl.java:finalizeBlock(1489)) - Failed to execute finalizeBlock command
java.io.IOException: Failed to execute command cmdType: FinalizeBlock containerID: 20 datanodeUuid: "0e8b6cc7-9945-4141-97fc-6aa017a0d5fa" encodedToken: "VAoGcnVubmVyEiNjb25JRDogMjAgbG9jSUQ6IDExNTgxNjg5NjkyMTYwMDQ2MRiqmOCdnzMoASgCMICAgAI6FQiTnIWAlZbGkkIQ4aOs9Mn9iaiMASCPMRTUhV67zgxnNO52Bfz8UbLor9jm7thR8ehS8sTDzxBIRERTX0JMT0NLX1RPS0VOJmNvbklEOiAyMCBsb2NJRDogMTE1ODE2ODk2OTIxNjAwNDYxAAAA" finalizeBlock { blockID { containerID: 20 localID: 115816896921600461 blockCommitSequenceId: 0 } }
	at org.apache.hadoop.hdds.scm.XceiverClientSpi.getIOExceptionForSendCommand(XceiverClientSpi.java:150)
	at org.apache.hadoop.hdds.scm.XceiverClientSpi.sendCommand(XceiverClientSpi.java:143)
	at org.apache.hadoop.hdds.scm.storage.ContainerProtocolCalls.finalizeBlock(ContainerProtocolCalls.java:322)
	at org.apache.hadoop.fs.ozone.BasicRootedOzoneClientAdapterImpl.finalizeBlock(BasicRootedOzoneClientAdapterImpl.java:1484)
	at org.apache.hadoop.fs.ozone.LeaseRecoveryClientDNHandler.getOmKeyLocationInfos(LeaseRecoveryClientDNHandler.java:81)
	at org.apache.hadoop.fs.ozone.RootedOzoneFileSystem.recoverLeaseTraced(RootedOzoneFileSystem.java:165)
	at org.apache.hadoop.fs.ozone.RootedOzoneFileSystem.lambda$recoverLease$0(RootedOzoneFileSystem.java:143)
	at org.apache.hadoop.hdds.tracing.TracingUtil.executeInSpan(TracingUtil.java:205)
	at org.apache.hadoop.hdds.tracing.TracingUtil.executeInNewSpan(TracingUtil.java:195)
	at org.apache.hadoop.fs.ozone.RootedOzoneFileSystem.recoverLease(RootedOzoneFileSystem.java:142)
	at org.apache.hadoop.ozone.client.rpc.TestSecureOzoneRpcClient.testPreallocateFileRecovery(TestSecureOzoneRpcClient.java:305)
	at java.base/jdk.internal.reflect.DirectMethodHandleAccessor.invoke(DirectMethodHandleAccessor.java:103)
	at java.base/java.lang.reflect.Method.invoke(Method.java:580)
	at org.junit.platform.commons.util.ReflectionUtils.invokeMethod(ReflectionUtils.java:786)
	at org.junit.platform.commons.support.ReflectionSupport.invokeMethod(ReflectionSupport.java:514)
	at org.junit.jupiter.engine.execution.MethodInvocation.proceed(MethodInvocation.java:60)
	at org.junit.jupiter.engine.execution.InvocationInterceptorChain$ValidatingInvocation.proceed(InvocationInterceptorChain.java:131)
	at org.junit.jupiter.engine.extension.SameThreadTimeoutInvocation.proceed(SameThreadTimeoutInvocation.java:49)
	at org.junit.jupiter.engine.extension.TimeoutExtension.intercept(TimeoutExtension.java:161)
	at org.junit.jupiter.engine.extension.TimeoutExtension.interceptTestableMethod(TimeoutExtension.java:152)
	at org.junit.jupiter.engine.extension.TimeoutExtension.interceptTestTemplateMethod(TimeoutExtension.java:99)
	at org.junit.jupiter.engine.execution.InterceptingExecutableInvoker$ReflectiveInterceptorCall.lambda$ofVoidMethod$0(InterceptingExecutableInvoker.java:112)
	at org.junit.jupiter.engine.execution.InterceptingExecutableInvoker.lambda$invoke$0(InterceptingExecutableInvoker.java:94)
	at org.junit.jupiter.engine.execution.InvocationInterceptorChain$InterceptedInvocation.proceed(InvocationInterceptorChain.java:106)
	at org.junit.jupiter.engine.execution.InvocationInterceptorChain.proceed(InvocationInterceptorChain.java:64)
	at org.junit.jupiter.engine.execution.InvocationInterceptorChain.chainAndInvoke(InvocationInterceptorChain.java:45)
	at org.junit.jupiter.engine.execution.InvocationInterceptorChain.invoke(InvocationInterceptorChain.java:37)
	at org.junit.jupiter.engine.execution.InterceptingExecutableInvoker.invoke(InterceptingExecutableInvoker.java:93)
	at org.junit.jupiter.engine.execution.InterceptingExecutableInvoker.invoke(InterceptingExecutableInvoker.java:87)
	at org.junit.jupiter.engine.descriptor.TestMethodTestDescriptor.lambda$invokeTestMethod$4(TestMethodTestDescriptor.java:221)
	at org.junit.platform.engine.support.hierarchical.ThrowableCollector.execute(ThrowableCollector.java:73)
	at org.junit.jupiter.engine.descriptor.TestMethodTestDescriptor.invokeTestMethod(TestMethodTestDescriptor.java:217)
	at org.junit.jupiter.engine.descriptor.TestMethodTestDescriptor.execute(TestMethodTestDescriptor.java:159)
	at org.junit.jupiter.engine.descriptor.TestMethodTestDescriptor.execute(TestMethodTestDescriptor.java:70)
	at org.junit.platform.engine.support.hierarchical.NodeTestTask.lambda$executeRecursively$6(NodeTestTask.java:157)
	at org.junit.platform.engine.support.hierarchical.ThrowableCollector.execute(ThrowableCollector.java:73)
	at org.junit.platform.engine.support.hierarchical.NodeTestTask.lambda$executeRecursively$8(NodeTestTask.java:147)
	at org.junit.platform.engine.support.hierarchical.Node.around(Node.java:137)
	at org.junit.platform.engine.support.hierarchical.NodeTestTask.lambda$executeRecursively$9(NodeTestTask.java:145)
	at org.junit.platform.engine.support.hierarchical.ThrowableCollector.execute(ThrowableCollector.java:73)
	at org.junit.platform.engine.support.hierarchical.NodeTestTask.executeRecursively(NodeTestTask.java:144)
	at org.junit.platform.engine.support.hierarchical.NodeTestTask.execute(NodeTestTask.java:101)
	at org.junit.platform.engine.support.hierarchical.ForkJoinPoolHierarchicalTestExecutorService$ExclusiveTask.exec(ForkJoinPoolHierarchicalTestExecutorService.java:274)
	at org.junit.platform.engine.support.hierarchical.ForkJoinPoolHierarchicalTestExecutorService$ExclusiveTask.execSync(ForkJoinPoolHierarchicalTestExecutorService.java:247)
	at org.junit.platform.engine.support.hierarchical.ForkJoinPoolHierarchicalTestExecutorService.submit(ForkJoinPoolHierarchicalTestExecutorService.java:148)
	at org.junit.platform.engine.support.hierarchical.NodeTestTask$DefaultDynamicTestExecutor.execute(NodeTestTask.java:232)
	at org.junit.platform.engine.support.hierarchical.NodeTestTask$DefaultDynamicTestExecutor.execute(NodeTestTask.java:210)
	at org.junit.jupiter.engine.descriptor.TemplateExecutor.execute(TemplateExecutor.java:98)
	at org.junit.jupiter.engine.descriptor.TemplateExecutor.lambda$executeForProvider$0(TemplateExecutor.java:61)
	at java.base/java.util.Optional.ifPresent(Optional.java:178)
	at org.junit.jupiter.engine.descriptor.TemplateExecutor.lambda$executeForProvider$1(TemplateExecutor.java:61)
	at java.base/java.util.stream.ForEachOps$ForEachOp$OfRef.accept(ForEachOps.java:184)
	at java.base/java.util.stream.ReferencePipeline$3$1.accept(ReferencePipeline.java:197)
	at java.base/java.util.stream.ForEachOps$ForEachOp$OfRef.accept(ForEachOps.java:184)
	at java.base/java.util.stream.ForEachOps$ForEachOp$OfRef.accept(ForEachOps.java:184)
	at java.base/java.util.stream.ReferencePipeline$3$1.accept(ReferencePipeline.java:197)
	at java.base/java.util.Spliterators$ArraySpliterator.forEachRemaining(Spliterators.java:1024)
	at java.base/java.util.stream.AbstractPipeline.copyInto(AbstractPipeline.java:509)
	at java.base/java.util.stream.AbstractPipeline.wrapAndCopyInto(AbstractPipeline.java:499)
	at java.base/java.util.stream.ForEachOps$ForEachOp.evaluateSequential(ForEachOps.java:151)
	at java.base/java.util.stream.ForEachOps$ForEachOp$OfRef.evaluateSequential(ForEachOps.java:174)
	at java.base/java.util.stream.AbstractPipeline.evaluate(AbstractPipeline.java:234)
	at java.base/java.util.stream.ReferencePipeline.forEach(ReferencePipeline.java:596)
	at java.base/java.util.stream.ReferencePipeline$7$1.accept(ReferencePipeline.java:276)
	at java.base/java.util.ArrayList$ArrayListSpliterator.forEachRemaining(ArrayList.java:1708)
	at java.base/java.util.stream.AbstractPipeline.copyInto(AbstractPipeline.java:509)
	at java.base/java.util.stream.AbstractPipeline.wrapAndCopyInto(AbstractPipeline.java:499)
	at java.base/java.util.stream.ForEachOps$ForEachOp.evaluateSequential(ForEachOps.java:151)
	at java.base/java.util.stream.ForEachOps$ForEachOp$OfRef.evaluateSequential(ForEachOps.java:174)
	at java.base/java.util.stream.AbstractPipeline.evaluate(AbstractPipeline.java:234)
	at java.base/java.util.stream.ReferencePipeline.forEach(ReferencePipeline.java:596)
	at java.base/java.util.stream.ReferencePipeline$7$1.accept(ReferencePipeline.java:276)
	at java.base/java.util.stream.ReferencePipeline$3$1.accept(ReferencePipeline.java:197)
	at java.base/java.util.stream.ReferencePipeline$3$1.accept(ReferencePipeline.java:197)
	at java.base/java.util.stream.ReferencePipeline$3$1.accept(ReferencePipeline.java:197)
	at java.base/java.util.ArrayList$ArrayListSpliterator.forEachRemaining(ArrayList.java:1708)
	at java.base/java.util.stream.AbstractPipeline.copyInto(AbstractPipeline.java:509)
	at java.base/java.util.stream.AbstractPipeline.wrapAndCopyInto(AbstractPipeline.java:499)
	at java.base/java.util.stream.ForEachOps$ForEachOp.evaluateSequential(ForEachOps.java:151)
	at java.base/java.util.stream.ForEachOps$ForEachOp$OfRef.evaluateSequential(ForEachOps.java:174)
	at java.base/java.util.stream.AbstractPipeline.evaluate(AbstractPipeline.java:234)
	at java.base/java.util.stream.ReferencePipeline.forEach(ReferencePipeline.java:596)
	at org.junit.jupiter.engine.descriptor.TemplateExecutor.executeForProvider(TemplateExecutor.java:59)
	at org.junit.jupiter.engine.descriptor.TemplateExecutor.execute(TemplateExecutor.java:48)
	at org.junit.jupiter.engine.descriptor.TestTemplateTestDescriptor.execute(TestTemplateTestDescriptor.java:112)
	at org.junit.jupiter.engine.descriptor.TestTemplateTestDescriptor.execute(TestTemplateTestDescriptor.java:40)
	at org.junit.platform.engine.support.hierarchical.NodeTestTask.lambda$executeRecursively$6(NodeTestTask.java:157)
	at org.junit.platform.engine.support.hierarchical.ThrowableCollector.execute(ThrowableCollector.java:73)
	at org.junit.platform.engine.support.hierarchical.NodeTestTask.lambda$executeRecursively$8(NodeTestTask.java:147)
	at org.junit.platform.engine.support.hierarchical.Node.around(Node.java:137)
	at org.junit.platform.engine.support.hierarchical.NodeTestTask.lambda$executeRecursively$9(NodeTestTask.java:145)
	at org.junit.platform.engine.support.hierarchical.ThrowableCollector.execute(ThrowableCollector.java:73)
	at org.junit.platform.engine.support.hierarchical.NodeTestTask.executeRecursively(NodeTestTask.java:144)
	at org.junit.platform.engine.support.hierarchical.NodeTestTask.execute(NodeTestTask.java:101)
	at org.junit.platform.engine.support.hierarchical.ForkJoinPoolHierarchicalTestExecutorService$ExclusiveTask.exec(ForkJoinPoolHierarchicalTestExecutorService.java:274)
	at org.junit.platform.engine.support.hierarchical.ForkJoinPoolHierarchicalTestExecutorService$ExclusiveTask.execSync(ForkJoinPoolHierarchicalTestExecutorService.java:247)
	at org.junit.platform.engine.support.hierarchical.ForkJoinPoolHierarchicalTestExecutorService.executeSync(ForkJoinPoolHierarchicalTestExecutorService.java:194)
	at org.junit.platform.engine.support.hierarchical.ForkJoinPoolHierarchicalTestExecutorService.invokeAll(ForkJoinPoolHierarchicalTestExecutorService.java:166)
	at org.junit.platform.engine.support.hierarchical.NodeTestTask.lambda$executeRecursively$6(NodeTestTask.java:161)
	at org.junit.platform.engine.support.hierarchical.ThrowableCollector.execute(ThrowableCollector.java:73)
	at org.junit.platform.engine.support.hierarchical.NodeTestTask.lambda$executeRecursively$8(NodeTestTask.java:147)
	at org.junit.platform.engine.support.hierarchical.Node.around(Node.java:137)
	at org.junit.platform.engine.support.hierarchical.NodeTestTask.lambda$executeRecursively$9(NodeTestTask.java:145)
	at org.junit.platform.engine.support.hierarchical.ThrowableCollector.execute(ThrowableCollector.java:73)
	at org.junit.platform.engine.support.hierarchical.NodeTestTask.executeRecursively(NodeTestTask.java:144)
	at org.junit.platform.engine.support.hierarchical.NodeTestTask.execute(NodeTestTask.java:101)
	at org.junit.platform.engine.support.hierarchical.ForkJoinPoolHierarchicalTestExecutorService$ExclusiveTask.exec(ForkJoinPoolHierarchicalTestExecutorService.java:274)
	at org.junit.platform.engine.support.hierarchical.ForkJoinPoolHierarchicalTestExecutorService$ExclusiveTask.execSync(ForkJoinPoolHierarchicalTestExecutorService.java:247)
	at org.junit.platform.engine.support.hierarchical.ForkJoinPoolHierarchicalTestExecutorService.invokeAll(ForkJoinPoolHierarchicalTestExecutorService.java:159)
	at org.junit.platform.engine.support.hierarchical.NodeTestTask.lambda$executeRecursively$6(NodeTestTask.java:161)
	at org.junit.platform.engine.support.hierarchical.ThrowableCollector.execute(ThrowableCollector.java:73)
	at org.junit.platform.engine.support.hierarchical.NodeTestTask.lambda$executeRecursively$8(NodeTestTask.java:147)
	at org.junit.platform.engine.support.hierarchical.Node.around(Node.java:137)
	at org.junit.platform.engine.support.hierarchical.NodeTestTask.lambda$executeRecursively$9(NodeTestTask.java:145)
	at org.junit.platform.engine.support.hierarchical.ThrowableCollector.execute(ThrowableCollector.java:73)
	at org.junit.platform.engine.support.hierarchical.NodeTestTask.executeRecursively(NodeTestTask.java:144)
	at org.junit.platform.engine.support.hierarchical.NodeTestTask.execute(NodeTestTask.java:101)
	at org.junit.platform.engine.support.hierarchical.ForkJoinPoolHierarchicalTestExecutorService$ExclusiveTask.exec(ForkJoinPoolHierarchicalTestExecutorService.java:274)
	at java.base/java.util.concurrent.ForkJoinTask.doExec(ForkJoinTask.java:387)
	at java.base/java.util.concurrent.ForkJoinPool$WorkQueue.topLevelExec(ForkJoinPool.java:1312)
	at java.base/java.util.concurrent.ForkJoinPool.scan(ForkJoinPool.java:1843)
	at java.base/java.util.concurrent.ForkJoinPool.runWorker(ForkJoinPool.java:1808)
	at java.base/java.util.concurrent.ForkJoinWorkerThread.run(ForkJoinWorkerThread.java:188)
Caused by: java.util.concurrent.ExecutionException: org.apache.ratis.protocol.exceptions.StateMachineException: org.apache.hadoop.hdds.scm.container.common.helpers.StorageContainerException: Unable to find the block. BlockID : conID: 20 locID: 115816896921600461 bcsId: 0 replicaIndex: null
	at java.base/java.util.concurrent.CompletableFuture.reportGet(CompletableFuture.java:396)
	at java.base/java.util.concurrent.CompletableFuture.get(CompletableFuture.java:2073)
	at org.apache.hadoop.hdds.scm.XceiverClientSpi.sendCommand(XceiverClientSpi.java:133)
	... 121 more
Caused by: org.apache.ratis.protocol.exceptions.StateMachineException: org.apache.hadoop.hdds.scm.container.common.helpers.StorageContainerException: Unable to find the block. BlockID : conID: 20 locID: 115816896921600461 bcsId: 0 replicaIndex: null
	at org.apache.hadoop.ozone.container.common.transport.server.ratis.ContainerStateMachine.lambda$applyTransaction$11(ContainerStateMachine.java:1162)
	at java.base/java.util.concurrent.CompletableFuture$UniApply.tryFire(CompletableFuture.java:646)
	at java.base/java.util.concurrent.CompletableFuture.postComplete(CompletableFuture.java:510)
	at java.base/java.util.concurrent.CompletableFuture.complete(CompletableFuture.java:2179)
	at org.apache.ratis.util.TaskQueue.lambda$submit$0(TaskQueue.java:133)
	at org.apache.ratis.util.LogUtils.runAndLog(LogUtils.java:38)
	at org.apache.ratis.util.LogUtils$1.run(LogUtils.java:78)
	at java.base/java.util.concurrent.Executors$RunnableAdapter.call(Executors.java:572)
	at java.base/java.util.concurrent.FutureTask.run(FutureTask.java:317)
	at java.base/java.util.concurrent.ThreadPoolExecutor.runWorker(ThreadPoolExecutor.java:1144)
	at java.base/java.util.concurrent.ThreadPoolExecutor$Worker.run(ThreadPoolExecutor.java:642)
	at java.base/java.lang.Thread.run(Thread.java:1583)
2025-10-16 19:49:09,318 | INFO  | SCMAudit | user=runner | ip=127.0.0.1 | op=SEND_HEARTBEAT {"datanodeUUID":"0e8b6cc7-9945-4141-97fc-6aa017a0d5fa","term":"2","command":"[]"} | ret=SUCCESS |  
2025-10-16 19:49:09,318 | INFO  | SCMAudit | user=runner | ip=127.0.0.1 | op=SEND_HEARTBEAT {"datanodeUUID":"764b18f0-81c5-439a-9fff-25adc4f241fa","term":"2","command":"[]"} | ret=SUCCESS |  
2025-10-16 19:49:09,319 [EventQueue-CloseContainerForCloseContainerEventHandler] INFO  container.CloseContainerEventHandler (CloseContainerEventHandler.java:onMessage(88)) - Close container Event triggered for container : #20, current state: CLOSING
2025-10-16 19:49:09,320 | INFO  | SCMAudit | user=runner | ip=127.0.0.1 | op=SEND_HEARTBEAT {"datanodeUUID":"702cb173-5c73-4ecc-b5cd-c7b4a6b66aea","term":"2","command":"[]"} | ret=SUCCESS |  
2025-10-16 19:49:09,321 | INFO  | SCMAudit | user=runner | ip=127.0.0.1 | op=SEND_HEARTBEAT {"datanodeUUID":"e33e6ec4-6b66-4281-bedd-2bd75bd30070","term":"2","command":"[]"} | ret=SUCCESS |  
2025-10-16 19:49:09,321 [EventQueue-CloseContainerForCloseContainerEventHandler] INFO  container.CloseContainerEventHandler (CloseContainerEventHandler.java:onMessage(88)) - Close container Event triggered for container : #20, current state: CLOSING
2025-10-16 19:49:09,321 [EventQueue-PipelineActionsForPipelineActionHandler] INFO  pipeline.PipelineManagerImpl (PipelineManagerImpl.java:closeContainersForPipeline(489)) - Container #20 closed for pipeline=Pipeline-36270c74-4c8b-4dac-af71-cdbac21eb987
2025-10-16 19:49:09,321 [EventQueue-CloseContainerForCloseContainerEventHandler] INFO  container.CloseContainerEventHandler (CloseContainerEventHandler.java:onMessage(88)) - Close container Event triggered for container : #20, current state: CLOSING
2025-10-16 19:49:09,322 [EventQueue-PipelineActionsForPipelineActionHandler] INFO  pipeline.PipelineManagerImpl (PipelineManagerImpl.java:closePipeline(511)) - Pipeline Pipeline-36270c74-4c8b-4dac-af71-cdbac21eb987 moved to CLOSED state
2025-10-16 19:49:09,322 [EventQueue-PipelineActionsForPipelineActionHandler] INFO  pipeline.PipelineActionHandler (PipelineActionHandler.java:processPipelineAction(89)) - Received pipeline action CLOSE for Pipeline-a6d455ad-cb8f-42d4-aaf7-6ca5f15a0415 from datanode 0e8b6cc7-9945-4141-97fc-6aa017a0d5fa(localhost/127.0.0.1). Reason : Ratis Transaction failure in datanode 0e8b6cc7-9945-4141-97fc-6aa017a0d5fa with role FOLLOWER .Triggering pipeline close action.
2025-10-16 19:49:09,322 [EventQueue-PipelineActionsForPipelineActionHandler] INFO  pipeline.PipelineActionHandler (PipelineActionHandler.java:processPipelineAction(89)) - Received pipeline action CLOSE for Pipeline-36270c74-4c8b-4dac-af71-cdbac21eb987 from datanode 0e8b6cc7-9945-4141-97fc-6aa017a0d5fa(localhost/127.0.0.1). Reason : Ratis Transaction failure in datanode 0e8b6cc7-9945-4141-97fc-6aa017a0d5fa with role FOLLOWER .Triggering pipeline close action.
2025-10-16 19:49:09,322 [EventQueue-PipelineActionsForPipelineActionHandler] INFO  pipeline.PipelineActionHandler (PipelineActionHandler.java:processPipelineAction(89)) - Received pipeline action CLOSE for Pipeline-a6d455ad-cb8f-42d4-aaf7-6ca5f15a0415 from datanode 702cb173-5c73-4ecc-b5cd-c7b4a6b66aea(localhost/127.0.0.1). Reason : Ratis Transaction failure in datanode 702cb173-5c73-4ecc-b5cd-c7b4a6b66aea with role FOLLOWER .Triggering pipeline close action.
2025-10-16 19:49:09,322 [EventQueue-PipelineActionsForPipelineActionHandler] INFO  pipeline.PipelineActionHandler (PipelineActionHandler.java:processPipelineAction(89)) - Received pipeline action CLOSE for Pipeline-36270c74-4c8b-4dac-af71-cdbac21eb987 from datanode 702cb173-5c73-4ecc-b5cd-c7b4a6b66aea(localhost/127.0.0.1). Reason : Ratis Transaction failure in datanode 702cb173-5c73-4ecc-b5cd-c7b4a6b66aea with role LEADER .Triggering pipeline close action.
2025-10-16 19:49:09,322 [EventQueue-PipelineActionsForPipelineActionHandler] INFO  pipeline.PipelineActionHandler (PipelineActionHandler.java:processPipelineAction(89)) - Received pipeline action CLOSE for Pipeline-a6d455ad-cb8f-42d4-aaf7-6ca5f15a0415 from datanode e33e6ec4-6b66-4281-bedd-2bd75bd30070(localhost/127.0.0.1). Reason : Ratis Transaction failure in datanode e33e6ec4-6b66-4281-bedd-2bd75bd30070 with role LEADER .Triggering pipeline close action.
2025-10-16 19:49:09,322 [EventQueue-PipelineActionsForPipelineActionHandler] INFO  pipeline.PipelineActionHandler (PipelineActionHandler.java:processPipelineAction(89)) - Received pipeline action CLOSE for Pipeline-36270c74-4c8b-4dac-af71-cdbac21eb987 from datanode e33e6ec4-6b66-4281-bedd-2bd75bd30070(localhost/127.0.0.1). Reason : Ratis Transaction failure in datanode e33e6ec4-6b66-4281-bedd-2bd75bd30070 with role FOLLOWER .Triggering pipeline close action.
2025-10-16 19:49:09,323 | INFO  | SCMAudit | user=runner | ip=127.0.0.1 | op=SEND_HEARTBEAT {"datanodeUUID":"e33e6ec4-6b66-4281-bedd-2bd75bd30070","term":"2","command":"[]"} | ret=SUCCESS |  
2025-10-16 19:49:09,323 [EventQueue-PipelineActionsForPipelineActionHandler] INFO  pipeline.PipelineActionHandler (PipelineActionHandler.java:processPipelineAction(89)) - Received pipeline action CLOSE for Pipeline-a6d455ad-cb8f-42d4-aaf7-6ca5f15a0415 from datanode e33e6ec4-6b66-4281-bedd-2bd75bd30070(localhost/127.0.0.1). Reason : Ratis Transaction failure in datanode e33e6ec4-6b66-4281-bedd-2bd75bd30070 with role LEADER .Triggering pipeline close action.
2025-10-16 19:49:09,323 [EventQueue-PipelineActionsForPipelineActionHandler] INFO  pipeline.PipelineActionHandler (PipelineActionHandler.java:processPipelineAction(89)) - Received pipeline action CLOSE for Pipeline-36270c74-4c8b-4dac-af71-cdbac21eb987 from datanode e33e6ec4-6b66-4281-bedd-2bd75bd30070(localhost/127.0.0.1). Reason : Ratis Transaction failure in datanode e33e6ec4-6b66-4281-bedd-2bd75bd30070 with role FOLLOWER .Triggering pipeline close action.
2025-10-16 19:49:09,323 [702cb173-5c73-4ecc-b5cd-c7b4a6b66aea-ChunkReader-0] WARN  keyvalue.KeyValueHandler (ContainerUtils.java:logAndReturnError(94)) - Operation: GetCommittedBlockLength , Trace ID:  , Message: Unable to find the block. BlockID : conID: 20 locID: 115816896921600461 bcsId: 0 replicaIndex: null , Result: NO_SUCH_BLOCK , StorageContainerException Occurred.
org.apache.hadoop.hdds.scm.container.common.helpers.StorageContainerException: Unable to find the block. BlockID : conID: 20 locID: 115816896921600461 bcsId: 0 replicaIndex: null
	at org.apache.hadoop.ozone.container.metadata.DatanodeStoreWithIncrementalChunkList.getCompleteBlockData(DatanodeStoreWithIncrementalChunkList.java:67)
	at org.apache.hadoop.ozone.container.metadata.DatanodeStore.getBlockByID(DatanodeStore.java:90)
	at org.apache.hadoop.ozone.container.keyvalue.impl.BlockManagerImpl.getBlockByID(BlockManagerImpl.java:462)
	at org.apache.hadoop.ozone.container.keyvalue.impl.BlockManagerImpl.getCommittedBlockLength(BlockManagerImpl.java:367)
	at org.apache.hadoop.ozone.container.keyvalue.KeyValueHandler.handleGetCommittedBlockLength(KeyValueHandler.java:860)
	at org.apache.hadoop.ozone.container.keyvalue.KeyValueHandler.dispatchRequest(KeyValueHandler.java:355)
	at org.apache.hadoop.ozone.container.keyvalue.KeyValueHandler.handle(KeyValueHandler.java:293)
	at org.apache.hadoop.ozone.container.common.impl.HddsDispatcher.dispatchRequest(HddsDispatcher.java:365)
	at org.apache.hadoop.ozone.container.common.impl.HddsDispatcher.lambda$dispatch$1(HddsDispatcher.java:190)
	at org.apache.hadoop.hdds.server.OzoneProtocolMessageDispatcher.processRequest(OzoneProtocolMessageDispatcher.java:89)
	at org.apache.hadoop.ozone.container.common.impl.HddsDispatcher.dispatch(HddsDispatcher.java:189)
	at org.apache.hadoop.ozone.container.common.transport.server.GrpcXceiverService$1.onNext(GrpcXceiverService.java:107)
	at org.apache.hadoop.ozone.container.common.transport.server.GrpcXceiverService$1.onNext(GrpcXceiverService.java:96)
	at org.apache.ratis.thirdparty.io.grpc.stub.ServerCalls$StreamingServerCallHandler$StreamingServerCallListener.onMessage(ServerCalls.java:262)
	at org.apache.ratis.thirdparty.io.grpc.ForwardingServerCallListener.onMessage(ForwardingServerCallListener.java:33)
	at org.apache.hadoop.hdds.tracing.GrpcServerInterceptor$1.onMessage(GrpcServerInterceptor.java:49)
	at org.apache.ratis.thirdparty.io.grpc.internal.ServerCallImpl$ServerStreamListenerImpl.messagesAvailableInternal(ServerCallImpl.java:334)
	at org.apache.ratis.thirdparty.io.grpc.internal.ServerCallImpl$ServerStreamListenerImpl.messagesAvailable(ServerCallImpl.java:319)
	at org.apache.ratis.thirdparty.io.grpc.internal.ServerImpl$JumpToApplicationThreadServerStreamListener$1MessagesAvailable.runInContext(ServerImpl.java:834)
	at org.apache.ratis.thirdparty.io.grpc.internal.ContextRunnable.run(ContextRunnable.java:37)
	at org.apache.ratis.thirdparty.io.grpc.internal.SerializingExecutor.run(SerializingExecutor.java:133)
	at java.base/java.util.concurrent.ThreadPoolExecutor.runWorker(ThreadPoolExecutor.java:1144)
	at java.base/java.util.concurrent.ThreadPoolExecutor$Worker.run(ThreadPoolExecutor.java:642)
	at java.base/java.lang.Thread.run(Thread.java:1583)
2025-10-16 19:49:09,324 | ERROR | DNAudit | user=null | ip=null | op=GET_COMMITTED_BLOCK_LENGTH {"blockData":"conID: 20 locID: 115816896921600461 bcsId: 0 replicaIndex: null"} | ret=FAILURE | 
java.lang.Exception: Unable to find the block. BlockID : conID: 20 locID: 115816896921600461 bcsId: 0 replicaIndex: null
	at org.apache.hadoop.ozone.container.common.impl.HddsDispatcher.dispatchRequest(HddsDispatcher.java:440)
	at org.apache.hadoop.ozone.container.common.impl.HddsDispatcher.lambda$dispatch$1(HddsDispatcher.java:190)
 
2025-10-16 19:49:09,331 [e33e6ec4-6b66-4281-bedd-2bd75bd30070-ChunkReader-4] WARN  keyvalue.KeyValueHandler (ContainerUtils.java:logAndReturnError(94)) - Operation: GetCommittedBlockLength , Trace ID:  , Message: Unable to find the block. BlockID : conID: 20 locID: 115816896921600461 bcsId: 0 replicaIndex: null , Result: NO_SUCH_BLOCK , StorageContainerException Occurred.
org.apache.hadoop.hdds.scm.container.common.helpers.StorageContainerException: Unable to find the block. BlockID : conID: 20 locID: 115816896921600461 bcsId: 0 replicaIndex: null
	at org.apache.hadoop.ozone.container.metadata.DatanodeStoreWithIncrementalChunkList.getCompleteBlockData(DatanodeStoreWithIncrementalChunkList.java:67)
	at org.apache.hadoop.ozone.container.metadata.DatanodeStore.getBlockByID(DatanodeStore.java:90)
	at org.apache.hadoop.ozone.container.keyvalue.impl.BlockManagerImpl.getBlockByID(BlockManagerImpl.java:462)
	at org.apache.hadoop.ozone.container.keyvalue.impl.BlockManagerImpl.getCommittedBlockLength(BlockManagerImpl.java:367)
	at org.apache.hadoop.ozone.container.keyvalue.KeyValueHandler.handleGetCommittedBlockLength(KeyValueHandler.java:860)
	at org.apache.hadoop.ozone.container.keyvalue.KeyValueHandler.dispatchRequest(KeyValueHandler.java:355)
	at org.apache.hadoop.ozone.container.keyvalue.KeyValueHandler.handle(KeyValueHandler.java:293)
	at org.apache.hadoop.ozone.container.common.impl.HddsDispatcher.dispatchRequest(HddsDispatcher.java:365)
	at org.apache.hadoop.ozone.container.common.impl.HddsDispatcher.lambda$dispatch$1(HddsDispatcher.java:190)
	at org.apache.hadoop.hdds.server.OzoneProtocolMessageDispatcher.processRequest(OzoneProtocolMessageDispatcher.java:89)
	at org.apache.hadoop.ozone.container.common.impl.HddsDispatcher.dispatch(HddsDispatcher.java:189)
	at org.apache.hadoop.ozone.container.common.transport.server.GrpcXceiverService$1.onNext(GrpcXceiverService.java:107)
	at org.apache.hadoop.ozone.container.common.transport.server.GrpcXceiverService$1.onNext(GrpcXceiverService.java:96)
	at org.apache.ratis.thirdparty.io.grpc.stub.ServerCalls$StreamingServerCallHandler$StreamingServerCallListener.onMessage(ServerCalls.java:262)
	at org.apache.ratis.thirdparty.io.grpc.ForwardingServerCallListener.onMessage(ForwardingServerCallListener.java:33)
	at org.apache.hadoop.hdds.tracing.GrpcServerInterceptor$1.onMessage(GrpcServerInterceptor.java:49)
	at org.apache.ratis.thirdparty.io.grpc.internal.ServerCallImpl$ServerStreamListenerImpl.messagesAvailableInternal(ServerCallImpl.java:334)
	at org.apache.ratis.thirdparty.io.grpc.internal.ServerCallImpl$ServerStreamListenerImpl.messagesAvailable(ServerCallImpl.java:319)
	at org.apache.ratis.thirdparty.io.grpc.internal.ServerImpl$JumpToApplicationThreadServerStreamListener$1MessagesAvailable.runInContext(ServerImpl.java:834)
	at org.apache.ratis.thirdparty.io.grpc.internal.ContextRunnable.run(ContextRunnable.java:37)
	at org.apache.ratis.thirdparty.io.grpc.internal.SerializingExecutor.run(SerializingExecutor.java:133)
	at java.base/java.util.concurrent.ThreadPoolExecutor.runWorker(ThreadPoolExecutor.java:1144)
	at java.base/java.util.concurrent.ThreadPoolExecutor$Worker.run(ThreadPoolExecutor.java:642)
	at java.base/java.lang.Thread.run(Thread.java:1583)
2025-10-16 19:49:09,332 | ERROR | DNAudit | user=null | ip=null | op=GET_COMMITTED_BLOCK_LENGTH {"blockData":"conID: 20 locID: 115816896921600461 bcsId: 0 replicaIndex: null"} | ret=FAILURE | 
java.lang.Exception: Unable to find the block. BlockID : conID: 20 locID: 115816896921600461 bcsId: 0 replicaIndex: null
	at org.apache.hadoop.ozone.container.common.impl.HddsDispatcher.dispatchRequest(HddsDispatcher.java:440)
	at org.apache.hadoop.ozone.container.common.impl.HddsDispatcher.lambda$dispatch$1(HddsDispatcher.java:190)
 
2025-10-16 19:49:09,335 [0e8b6cc7-9945-4141-97fc-6aa017a0d5fa-ChunkReader-3] WARN  keyvalue.KeyValueHandler (ContainerUtils.java:logAndReturnError(94)) - Operation: GetCommittedBlockLength , Trace ID:  , Message: Unable to find the block. BlockID : conID: 20 locID: 115816896921600461 bcsId: 0 replicaIndex: null , Result: NO_SUCH_BLOCK , StorageContainerException Occurred.
org.apache.hadoop.hdds.scm.container.common.helpers.StorageContainerException: Unable to find the block. BlockID : conID: 20 locID: 115816896921600461 bcsId: 0 replicaIndex: null
	at org.apache.hadoop.ozone.container.metadata.DatanodeStoreWithIncrementalChunkList.getCompleteBlockData(DatanodeStoreWithIncrementalChunkList.java:67)
	at org.apache.hadoop.ozone.container.metadata.DatanodeStore.getBlockByID(DatanodeStore.java:90)
	at org.apache.hadoop.ozone.container.keyvalue.impl.BlockManagerImpl.getBlockByID(BlockManagerImpl.java:462)
	at org.apache.hadoop.ozone.container.keyvalue.impl.BlockManagerImpl.getCommittedBlockLength(BlockManagerImpl.java:367)
	at org.apache.hadoop.ozone.container.keyvalue.KeyValueHandler.handleGetCommittedBlockLength(KeyValueHandler.java:860)
	at org.apache.hadoop.ozone.container.keyvalue.KeyValueHandler.dispatchRequest(KeyValueHandler.java:355)
	at org.apache.hadoop.ozone.container.keyvalue.KeyValueHandler.handle(KeyValueHandler.java:293)
	at org.apache.hadoop.ozone.container.common.impl.HddsDispatcher.dispatchRequest(HddsDispatcher.java:365)
	at org.apache.hadoop.ozone.container.common.impl.HddsDispatcher.lambda$dispatch$1(HddsDispatcher.java:190)
	at org.apache.hadoop.hdds.server.OzoneProtocolMessageDispatcher.processRequest(OzoneProtocolMessageDispatcher.java:89)
	at org.apache.hadoop.ozone.container.common.impl.HddsDispatcher.dispatch(HddsDispatcher.java:189)
	at org.apache.hadoop.ozone.container.common.transport.server.GrpcXceiverService$1.onNext(GrpcXceiverService.java:107)
	at org.apache.hadoop.ozone.container.common.transport.server.GrpcXceiverService$1.onNext(GrpcXceiverService.java:96)
	at org.apache.ratis.thirdparty.io.grpc.stub.ServerCalls$StreamingServerCallHandler$StreamingServerCallListener.onMessage(ServerCalls.java:262)
	at org.apache.ratis.thirdparty.io.grpc.ForwardingServerCallListener.onMessage(ForwardingServerCallListener.java:33)
	at org.apache.hadoop.hdds.tracing.GrpcServerInterceptor$1.onMessage(GrpcServerInterceptor.java:49)
	at org.apache.ratis.thirdparty.io.grpc.internal.ServerCallImpl$ServerStreamListenerImpl.messagesAvailableInternal(ServerCallImpl.java:334)
	at org.apache.ratis.thirdparty.io.grpc.internal.ServerCallImpl$ServerStreamListenerImpl.messagesAvailable(ServerCallImpl.java:319)
	at org.apache.ratis.thirdparty.io.grpc.internal.ServerImpl$JumpToApplicationThreadServerStreamListener$1MessagesAvailable.runInContext(ServerImpl.java:834)
	at org.apache.ratis.thirdparty.io.grpc.internal.ContextRunnable.run(ContextRunnable.java:37)
	at org.apache.ratis.thirdparty.io.grpc.internal.SerializingExecutor.run(SerializingExecutor.java:133)
	at java.base/java.util.concurrent.ThreadPoolExecutor.runWorker(ThreadPoolExecutor.java:1144)
	at java.base/java.util.concurrent.ThreadPoolExecutor$Worker.run(ThreadPoolExecutor.java:642)
	at java.base/java.lang.Thread.run(Thread.java:1583)
2025-10-16 19:49:09,335 | ERROR | DNAudit | user=null | ip=null | op=GET_COMMITTED_BLOCK_LENGTH {"blockData":"conID: 20 locID: 115816896921600461 bcsId: 0 replicaIndex: null"} | ret=FAILURE | 
java.lang.Exception: Unable to find the block. BlockID : conID: 20 locID: 115816896921600461 bcsId: 0 replicaIndex: null
	at org.apache.hadoop.ozone.container.common.impl.HddsDispatcher.dispatchRequest(HddsDispatcher.java:440)
	at org.apache.hadoop.ozone.container.common.impl.HddsDispatcher.lambda$dispatch$1(HddsDispatcher.java:190)
 
2025-10-16 19:49:09,336 [ForkJoinPool-1-worker-1] WARN  scm.XceiverClientGrpc (XceiverClientGrpc.java:sendCommandWithRetry(500)) - Failed to execute command GetCommittedBlockLength on the pipeline Pipeline{ Id: 793abd35-5851-4ff3-9398-e1d24467706d, Nodes: [ {0e8b6cc7-9945-4141-97fc-6aa017a0d5fa(localhost/127.0.0.1), ReplicaIndex: 0}, {702cb173-5c73-4ecc-b5cd-c7b4a6b66aea(localhost/127.0.0.1), ReplicaIndex: 0}, {e33e6ec4-6b66-4281-bedd-2bd75bd30070(localhost/127.0.0.1), ReplicaIndex: 0},], ReplicationConfig: STANDALONE/THREE, State:OPEN, leaderId:, CreationTimestamp2025-10-16T19:49:09.317085611Z[Etc/UTC]}.
2025-10-16 19:49:09,336 [ForkJoinPool-1-worker-1] WARN  ozone.LeaseRecoveryClientDNHandler (LeaseRecoveryClientDNHandler.java:getOmKeyLocationInfos(114)) - Failed to finalize block. Continue to recover the file since OZONE.CLIENT.RECOVER.LEASE.FORCE is enabled.
org.apache.hadoop.hdds.scm.container.common.helpers.StorageContainerException: Unable to find the block. BlockID : conID: 20 locID: 115816896921600461 bcsId: 0 replicaIndex: null
	at org.apache.hadoop.hdds.scm.storage.ContainerProtocolCalls.validateContainerResponse(ContainerProtocolCalls.java:822)
	at org.apache.hadoop.hdds.scm.storage.ContainerProtocolCalls.lambda$createValidators$4(ContainerProtocolCalls.java:831)
	at org.apache.hadoop.hdds.scm.XceiverClientGrpc.sendCommandWithRetry(XceiverClientGrpc.java:457)
	at org.apache.hadoop.hdds.scm.XceiverClientGrpc.lambda$sendCommandWithTraceIDAndRetry$1(XceiverClientGrpc.java:383)
	at org.apache.hadoop.hdds.tracing.TracingUtil.executeInSpan(TracingUtil.java:205)
	at org.apache.hadoop.hdds.tracing.TracingUtil.executeInNewSpan(TracingUtil.java:195)
	at org.apache.hadoop.hdds.scm.XceiverClientGrpc.sendCommandWithTraceIDAndRetry(XceiverClientGrpc.java:375)
	at org.apache.hadoop.hdds.scm.XceiverClientGrpc.sendCommand(XceiverClientGrpc.java:356)
	at org.apache.hadoop.hdds.scm.storage.ContainerProtocolCalls.getCommittedBlockLength(ContainerProtocolCalls.java:272)
	at org.apache.hadoop.fs.ozone.BasicRootedOzoneClientAdapterImpl.finalizeBlock(BasicRootedOzoneClientAdapterImpl.java:1509)
	at org.apache.hadoop.fs.ozone.LeaseRecoveryClientDNHandler.getOmKeyLocationInfos(LeaseRecoveryClientDNHandler.java:81)
	at org.apache.hadoop.fs.ozone.RootedOzoneFileSystem.recoverLeaseTraced(RootedOzoneFileSystem.java:165)
	at org.apache.hadoop.fs.ozone.RootedOzoneFileSystem.lambda$recoverLease$0(RootedOzoneFileSystem.java:143)
	at org.apache.hadoop.hdds.tracing.TracingUtil.executeInSpan(TracingUtil.java:205)
	at org.apache.hadoop.hdds.tracing.TracingUtil.executeInNewSpan(TracingUtil.java:195)
	at org.apache.hadoop.fs.ozone.RootedOzoneFileSystem.recoverLease(RootedOzoneFileSystem.java:142)
	at org.apache.hadoop.ozone.client.rpc.TestSecureOzoneRpcClient.testPreallocateFileRecovery(TestSecureOzoneRpcClient.java:305)
	at java.base/jdk.internal.reflect.DirectMethodHandleAccessor.invoke(DirectMethodHandleAccessor.java:103)
	at java.base/java.lang.reflect.Method.invoke(Method.java:580)
	at org.junit.platform.commons.util.ReflectionUtils.invokeMethod(ReflectionUtils.java:786)
	at org.junit.platform.commons.support.ReflectionSupport.invokeMethod(ReflectionSupport.java:514)
	at org.junit.jupiter.engine.execution.MethodInvocation.proceed(MethodInvocation.java:60)
	at org.junit.jupiter.engine.execution.InvocationInterceptorChain$ValidatingInvocation.proceed(InvocationInterceptorChain.java:131)
	at org.junit.jupiter.engine.extension.SameThreadTimeoutInvocation.proceed(SameThreadTimeoutInvocation.java:49)
	at org.junit.jupiter.engine.extension.TimeoutExtension.intercept(TimeoutExtension.java:161)
	at org.junit.jupiter.engine.extension.TimeoutExtension.interceptTestableMethod(TimeoutExtension.java:152)
	at org.junit.jupiter.engine.extension.TimeoutExtension.interceptTestTemplateMethod(TimeoutExtension.java:99)
	at org.junit.jupiter.engine.execution.InterceptingExecutableInvoker$ReflectiveInterceptorCall.lambda$ofVoidMethod$0(InterceptingExecutableInvoker.java:112)
	at org.junit.jupiter.engine.execution.InterceptingExecutableInvoker.lambda$invoke$0(InterceptingExecutableInvoker.java:94)
	at org.junit.jupiter.engine.execution.InvocationInterceptorChain$InterceptedInvocation.proceed(InvocationInterceptorChain.java:106)
	at org.junit.jupiter.engine.execution.InvocationInterceptorChain.proceed(InvocationInterceptorChain.java:64)
	at org.junit.jupiter.engine.execution.InvocationInterceptorChain.chainAndInvoke(InvocationInterceptorChain.java:45)
	at org.junit.jupiter.engine.execution.InvocationInterceptorChain.invoke(InvocationInterceptorChain.java:37)
	at org.junit.jupiter.engine.execution.InterceptingExecutableInvoker.invoke(InterceptingExecutableInvoker.java:93)
	at org.junit.jupiter.engine.execution.InterceptingExecutableInvoker.invoke(InterceptingExecutableInvoker.java:87)
	at org.junit.jupiter.engine.descriptor.TestMethodTestDescriptor.lambda$invokeTestMethod$4(TestMethodTestDescriptor.java:221)
	at org.junit.platform.engine.support.hierarchical.ThrowableCollector.execute(ThrowableCollector.java:73)
	at org.junit.jupiter.engine.descriptor.TestMethodTestDescriptor.invokeTestMethod(TestMethodTestDescriptor.java:217)
	at org.junit.jupiter.engine.descriptor.TestMethodTestDescriptor.execute(TestMethodTestDescriptor.java:159)
	at org.junit.jupiter.engine.descriptor.TestMethodTestDescriptor.execute(TestMethodTestDescriptor.java:70)
	at org.junit.platform.engine.support.hierarchical.NodeTestTask.lambda$executeRecursively$6(NodeTestTask.java:157)
	at org.junit.platform.engine.support.hierarchical.ThrowableCollector.execute(ThrowableCollector.java:73)
	at org.junit.platform.engine.support.hierarchical.NodeTestTask.lambda$executeRecursively$8(NodeTestTask.java:147)
	at org.junit.platform.engine.support.hierarchical.Node.around(Node.java:137)
	at org.junit.platform.engine.support.hierarchical.NodeTestTask.lambda$executeRecursively$9(NodeTestTask.java:145)
	at org.junit.platform.engine.support.hierarchical.ThrowableCollector.execute(ThrowableCollector.java:73)
	at org.junit.platform.engine.support.hierarchical.NodeTestTask.executeRecursively(NodeTestTask.java:144)
	at org.junit.platform.engine.support.hierarchical.NodeTestTask.execute(NodeTestTask.java:101)
	at org.junit.platform.engine.support.hierarchical.ForkJoinPoolHierarchicalTestExecutorService$ExclusiveTask.exec(ForkJoinPoolHierarchicalTestExecutorService.java:274)
	at org.junit.platform.engine.support.hierarchical.ForkJoinPoolHierarchicalTestExecutorService$ExclusiveTask.execSync(ForkJoinPoolHierarchicalTestExecutorService.java:247)
	at org.junit.platform.engine.support.hierarchical.ForkJoinPoolHierarchicalTestExecutorService.submit(ForkJoinPoolHierarchicalTestExecutorService.java:148)
	at org.junit.platform.engine.support.hierarchical.NodeTestTask$DefaultDynamicTestExecutor.execute(NodeTestTask.java:232)
	at org.junit.platform.engine.support.hierarchical.NodeTestTask$DefaultDynamicTestExecutor.execute(NodeTestTask.java:210)
	at org.junit.jupiter.engine.descriptor.TemplateExecutor.execute(TemplateExecutor.java:98)
	at org.junit.jupiter.engine.descriptor.TemplateExecutor.lambda$executeForProvider$0(TemplateExecutor.java:61)
	at java.base/java.util.Optional.ifPresent(Optional.java:178)
	at org.junit.jupiter.engine.descriptor.TemplateExecutor.lambda$executeForProvider$1(TemplateExecutor.java:61)
	at java.base/java.util.stream.ForEachOps$ForEachOp$OfRef.accept(ForEachOps.java:184)
	at java.base/java.util.stream.ReferencePipeline$3$1.accept(ReferencePipeline.java:197)
	at java.base/java.util.stream.ForEachOps$ForEachOp$OfRef.accept(ForEachOps.java:184)
	at java.base/java.util.stream.ForEachOps$ForEachOp$OfRef.accept(ForEachOps.java:184)
	at java.base/java.util.stream.ReferencePipeline$3$1.accept(ReferencePipeline.java:197)
	at java.base/java.util.Spliterators$ArraySpliterator.forEachRemaining(Spliterators.java:1024)
	at java.base/java.util.stream.AbstractPipeline.copyInto(AbstractPipeline.java:509)
	at java.base/java.util.stream.AbstractPipeline.wrapAndCopyInto(AbstractPipeline.java:499)
	at java.base/java.util.stream.ForEachOps$ForEachOp.evaluateSequential(ForEachOps.java:151)
	at java.base/java.util.stream.ForEachOps$ForEachOp$OfRef.evaluateSequential(ForEachOps.java:174)
	at java.base/java.util.stream.AbstractPipeline.evaluate(AbstractPipeline.java:234)
	at java.base/java.util.stream.ReferencePipeline.forEach(ReferencePipeline.java:596)
	at java.base/java.util.stream.ReferencePipeline$7$1.accept(ReferencePipeline.java:276)
	at java.base/java.util.ArrayList$ArrayListSpliterator.forEachRemaining(ArrayList.java:1708)
	at java.base/java.util.stream.AbstractPipeline.copyInto(AbstractPipeline.java:509)
	at java.base/java.util.stream.AbstractPipeline.wrapAndCopyInto(AbstractPipeline.java:499)
	at java.base/java.util.stream.ForEachOps$ForEachOp.evaluateSequential(ForEachOps.java:151)
	at java.base/java.util.stream.ForEachOps$ForEachOp$OfRef.evaluateSequential(ForEachOps.java:174)
	at java.base/java.util.stream.AbstractPipeline.evaluate(AbstractPipeline.java:234)
	at java.base/java.util.stream.ReferencePipeline.forEach(ReferencePipeline.java:596)
	at java.base/java.util.stream.ReferencePipeline$7$1.accept(ReferencePipeline.java:276)
	at java.base/java.util.stream.ReferencePipeline$3$1.accept(ReferencePipeline.java:197)
	at java.base/java.util.stream.ReferencePipeline$3$1.accept(ReferencePipeline.java:197)
	at java.base/java.util.stream.ReferencePipeline$3$1.accept(ReferencePipeline.java:197)
	at java.base/java.util.ArrayList$ArrayListSpliterator.forEachRemaining(ArrayList.java:1708)
	at java.base/java.util.stream.AbstractPipeline.copyInto(AbstractPipeline.java:509)
	at java.base/java.util.stream.AbstractPipeline.wrapAndCopyInto(AbstractPipeline.java:499)
	at java.base/java.util.stream.ForEachOps$ForEachOp.evaluateSequential(ForEachOps.java:151)
	at java.base/java.util.stream.ForEachOps$ForEachOp$OfRef.evaluateSequential(ForEachOps.java:174)
	at java.base/java.util.stream.AbstractPipeline.evaluate(AbstractPipeline.java:234)
	at java.base/java.util.stream.ReferencePipeline.forEach(ReferencePipeline.java:596)
	at org.junit.jupiter.engine.descriptor.TemplateExecutor.executeForProvider(TemplateExecutor.java:59)
	at org.junit.jupiter.engine.descriptor.TemplateExecutor.execute(TemplateExecutor.java:48)
	at org.junit.jupiter.engine.descriptor.TestTemplateTestDescriptor.execute(TestTemplateTestDescriptor.java:112)
	at org.junit.jupiter.engine.descriptor.TestTemplateTestDescriptor.execute(TestTemplateTestDescriptor.java:40)
	at org.junit.platform.engine.support.hierarchical.NodeTestTask.lambda$executeRecursively$6(NodeTestTask.java:157)
	at org.junit.platform.engine.support.hierarchical.ThrowableCollector.execute(ThrowableCollector.java:73)
	at org.junit.platform.engine.support.hierarchical.NodeTestTask.lambda$executeRecursively$8(NodeTestTask.java:147)
	at org.junit.platform.engine.support.hierarchical.Node.around(Node.java:137)
	at org.junit.platform.engine.support.hierarchical.NodeTestTask.lambda$executeRecursively$9(NodeTestTask.java:145)
	at org.junit.platform.engine.support.hierarchical.ThrowableCollector.execute(ThrowableCollector.java:73)
	at org.junit.platform.engine.support.hierarchical.NodeTestTask.executeRecursively(NodeTestTask.java:144)
	at org.junit.platform.engine.support.hierarchical.NodeTestTask.execute(NodeTestTask.java:101)
	at org.junit.platform.engine.support.hierarchical.ForkJoinPoolHierarchicalTestExecutorService$ExclusiveTask.exec(ForkJoinPoolHierarchicalTestExecutorService.java:274)
	at org.junit.platform.engine.support.hierarchical.ForkJoinPoolHierarchicalTestExecutorService$ExclusiveTask.execSync(ForkJoinPoolHierarchicalTestExecutorService.java:247)
	at org.junit.platform.engine.support.hierarchical.ForkJoinPoolHierarchicalTestExecutorService.executeSync(ForkJoinPoolHierarchicalTestExecutorService.java:194)
	at org.junit.platform.engine.support.hierarchical.ForkJoinPoolHierarchicalTestExecutorService.invokeAll(ForkJoinPoolHierarchicalTestExecutorService.java:166)
	at org.junit.platform.engine.support.hierarchical.NodeTestTask.lambda$executeRecursively$6(NodeTestTask.java:161)
	at org.junit.platform.engine.support.hierarchical.ThrowableCollector.execute(ThrowableCollector.java:73)
	at org.junit.platform.engine.support.hierarchical.NodeTestTask.lambda$executeRecursively$8(NodeTestTask.java:147)
	at org.junit.platform.engine.support.hierarchical.Node.around(Node.java:137)
	at org.junit.platform.engine.support.hierarchical.NodeTestTask.lambda$executeRecursively$9(NodeTestTask.java:145)
	at org.junit.platform.engine.support.hierarchical.ThrowableCollector.execute(ThrowableCollector.java:73)
	at org.junit.platform.engine.support.hierarchical.NodeTestTask.executeRecursively(NodeTestTask.java:144)
	at org.junit.platform.engine.support.hierarchical.NodeTestTask.execute(NodeTestTask.java:101)
	at org.junit.platform.engine.support.hierarchical.ForkJoinPoolHierarchicalTestExecutorService$ExclusiveTask.exec(ForkJoinPoolHierarchicalTestExecutorService.java:274)
	at org.junit.platform.engine.support.hierarchical.ForkJoinPoolHierarchicalTestExecutorService$ExclusiveTask.execSync(ForkJoinPoolHierarchicalTestExecutorService.java:247)
	at org.junit.platform.engine.support.hierarchical.ForkJoinPoolHierarchicalTestExecutorService.invokeAll(ForkJoinPoolHierarchicalTestExecutorService.java:159)
	at org.junit.platform.engine.support.hierarchical.NodeTestTask.lambda$executeRecursively$6(NodeTestTask.java:161)
	at org.junit.platform.engine.support.hierarchical.ThrowableCollector.execute(ThrowableCollector.java:73)
	at org.junit.platform.engine.support.hierarchical.NodeTestTask.lambda$executeRecursively$8(NodeTestTask.java:147)
	at org.junit.platform.engine.support.hierarchical.Node.around(Node.java:137)
	at org.junit.platform.engine.support.hierarchical.NodeTestTask.lambda$executeRecursively$9(NodeTestTask.java:145)
	at org.junit.platform.engine.support.hierarchical.ThrowableCollector.execute(ThrowableCollector.java:73)
	at org.junit.platform.engine.support.hierarchical.NodeTestTask.executeRecursively(NodeTestTask.java:144)
	at org.junit.platform.engine.support.hierarchical.NodeTestTask.execute(NodeTestTask.java:101)
	at org.junit.platform.engine.support.hierarchical.ForkJoinPoolHierarchicalTestExecutorService$ExclusiveTask.exec(ForkJoinPoolHierarchicalTestExecutorService.java:274)
	at java.base/java.util.concurrent.ForkJoinTask.doExec(ForkJoinTask.java:387)
	at java.base/java.util.concurrent.ForkJoinPool$WorkQueue.topLevelExec(ForkJoinPool.java:1312)
	at java.base/java.util.concurrent.ForkJoinPool.scan(ForkJoinPool.java:1843)
	at java.base/java.util.concurrent.ForkJoinPool.runWorker(ForkJoinPool.java:1808)
	at java.base/java.util.concurrent.ForkJoinWorkerThread.run(ForkJoinWorkerThread.java:188)
2025-10-16 19:49:09,340 | INFO  | OMAudit | user=runner | ip=127.0.0.1 | op=COMMIT_KEY {"volume":"8f5f2212-9736-43f2-bab6-9fe6042be8db","bucket":"30366ba3-fbac-4ddf-967c-a5d067d8ca5b","key":"07af6231-ee69-4d62-933b-07eaf3b73309","dataSize":"16777215","replicationType":"RATIS","replicationFactor":"THREE","Transaction":"1681"} | ret=SUCCESS |  
2025-10-16 19:49:09,341 | INFO  | OMAudit | user=runner | ip=127.0.0.1 | op=READ_BUCKET {"volume":"8f5f2212-9736-43f2-bab6-9fe6042be8db","bucket":"30366ba3-fbac-4ddf-967c-a5d067d8ca5b"} | ret=SUCCESS |  
2025-10-16 19:49:09,343 | INFO  | SCMAudit | user=runner | ip=127.0.0.1 | op=GET_CONTAINER_WITH_PIPELINE_BATCH {"containerIDs":"#16,#14,#15,"} | ret=SUCCESS |  
2025-10-16 19:49:09,344 | INFO  | OMAudit | user=runner | ip=127.0.0.1 | op=GET_FILE_STATUS {"volume":"8f5f2212-9736-43f2-bab6-9fe6042be8db","bucket":"30366ba3-fbac-4ddf-967c-a5d067d8ca5b","key":"07af6231-ee69-4d62-933b-07eaf3b73309","owner":null,"dataSize":"0","replicationConfig":null} | ret=SUCCESS |  
2025-10-16 19:49:09,345 | INFO  | OMAudit | user=runner | ip=127.0.0.1 | op=READ_BUCKET {"volume":"8f5f2212-9736-43f2-bab6-9fe6042be8db","bucket":"30366ba3-fbac-4ddf-967c-a5d067d8ca5b"} | ret=SUCCESS |  
2025-10-16 19:49:09,346 | INFO  | OMAudit | user=runner | ip=127.0.0.1 | op=READ_BUCKET {"volume":"8f5f2212-9736-43f2-bab6-9fe6042be8db","bucket":"30366ba3-fbac-4ddf-967c-a5d067d8ca5b"} | ret=SUCCESS |  
2025-10-16 19:49:09,355 [om1-OMStateMachineApplyTransactionThread - 0] ERROR key.OMKeyCommitRequest (OMKeyCommitRequest.java:processResult(486)) - Key committed failed. Volume:8f5f2212-9736-43f2-bab6-9fe6042be8db, Bucket:30366ba3-fbac-4ddf-967c-a5d067d8ca5b, Key:07af6231-ee69-4d62-933b-07eaf3b73309. Exception:{}
KEY_NOT_FOUND org.apache.hadoop.ozone.om.exceptions.OMException: Failed to commit key, as /-9223372036854346752/-9223372036854346496/-9223372036854346496/07af6231-ee69-4d62-933b-07eaf3b73309/115385574957515157 entry is not found in the OpenKey table
	at org.apache.hadoop.ozone.om.request.key.OMKeyCommitRequestWithFSO.validateAndUpdateCache(OMKeyCommitRequestWithFSO.java:181)
	at org.apache.hadoop.ozone.protocolPB.OzoneManagerRequestHandler.lambda$0(OzoneManagerRequestHandler.java:418)
	at org.apache.hadoop.ozone.util.MetricUtil.captureLatencyNs(MetricUtil.java:45)
	at org.apache.hadoop.ozone.protocolPB.OzoneManagerRequestHandler.handleWriteRequestImpl(OzoneManagerRequestHandler.java:416)
	at org.apache.hadoop.ozone.protocolPB.RequestHandler.handleWriteRequest(RequestHandler.java:62)
	at org.apache.hadoop.ozone.om.ratis.OzoneManagerStateMachine.runCommand(OzoneManagerStateMachine.java:599)
	at org.apache.hadoop.ozone.om.ratis.OzoneManagerStateMachine.lambda$3(OzoneManagerStateMachine.java:415)
	at java.base/java.util.concurrent.CompletableFuture$AsyncSupply.run(CompletableFuture.java:1768)
	at java.base/java.util.concurrent.ThreadPoolExecutor.runWorker(ThreadPoolExecutor.java:1144)
	at java.base/java.util.concurrent.ThreadPoolExecutor$Worker.run(ThreadPoolExecutor.java:642)
	at java.base/java.lang.Thread.run(Thread.java:1583)
2025-10-16 19:49:09,355 | ERROR | OMAudit | user=runner | ip=127.0.0.1 | op=COMMIT_KEY {"volume":"8f5f2212-9736-43f2-bab6-9fe6042be8db","bucket":"30366ba3-fbac-4ddf-967c-a5d067d8ca5b","key":"07af6231-ee69-4d62-933b-07eaf3b73309","dataSize":"16777215","replicationType":"RATIS","replicationFactor":"THREE","Transaction":"1682"} | ret=FAILURE | 
org.apache.hadoop.ozone.om.exceptions.OMException: Failed to commit key, as /-9223372036854346752/-9223372036854346496/-9223372036854346496/07af6231-ee69-4d62-933b-07eaf3b73309/115385574957515157 entry is not found in the OpenKey table
	at org.apache.hadoop.ozone.om.request.key.OMKeyCommitRequestWithFSO.validateAndUpdateCache(OMKeyCommitRequestWithFSO.java:181)
	at org.apache.hadoop.ozone.protocolPB.OzoneManagerRequestHandler.lambda$0(OzoneManagerRequestHandler.java:418)
 
]]></system-out>
  </testcase>
  <testcase name="testPutKey" classname="org.apache.hadoop.ozone.client.rpc.TestSecureOzoneRpcClient" time="0.224">
    <system-out><![CDATA[2025-10-16 19:49:09,360 [ForkJoinPool-1-worker-1] INFO  rpc.RpcClient (RpcClient.java:createVolume(461)) - Creating Volume: 14e0dd89-8392-4a94-98c8-582586be390e, with runner as owner and space quota set to -1 bytes, counts quota set to -1
2025-10-16 19:49:09,362 [om1-OMStateMachineApplyTransactionThread - 0] INFO  volume.OMVolumeCreateRequest (OMVolumeCreateRequest.java:validateAndUpdateCache(213)) - created volume:14e0dd89-8392-4a94-98c8-582586be390e for user:runner
2025-10-16 19:49:09,362 | INFO  | OMAudit | user=runner | ip=127.0.0.1 | op=CREATE_VOLUME {"admin":"runner","owner":"runner","volume":"14e0dd89-8392-4a94-98c8-582586be390e","creationTime":"1760644149361","modificationTime":"1760644149361","quotaInBytes":"-1","quotaInNamespace":"-1","usedNamespace":"0","objectID":"-9223372036854344960","updateID":"1683","Transaction":"1683"} | ret=SUCCESS |  
2025-10-16 19:49:09,363 | INFO  | OMAudit | user=runner | ip=127.0.0.1 | op=READ_VOLUME {"volume":"14e0dd89-8392-4a94-98c8-582586be390e"} | ret=SUCCESS |  
2025-10-16 19:49:09,363 [ForkJoinPool-1-worker-1] INFO  rpc.RpcClient (RpcClient.java:createBucket(686)) - Creating Bucket: 14e0dd89-8392-4a94-98c8-582586be390e/e1f24ace-1d19-4e01-934f-3a59e57b1268, with server-side default bucket layout, runner as owner, Versioning false, Storage Type set to DISK and Encryption set to false, Replication Type set to server-side default replication type, Namespace Quota set to -1, Space Quota set to -1 
2025-10-16 19:49:09,364 [om1-OMStateMachineApplyTransactionThread - 0] INFO  bucket.OMBucketCreateRequest (OMBucketCreateRequest.java:validateAndUpdateCache(303)) - created bucket: e1f24ace-1d19-4e01-934f-3a59e57b1268 of layout FILE_SYSTEM_OPTIMIZED in volume: 14e0dd89-8392-4a94-98c8-582586be390e
2025-10-16 19:49:09,364 | INFO  | OMAudit | user=runner | ip=127.0.0.1 | op=CREATE_BUCKET {"volume":"14e0dd89-8392-4a94-98c8-582586be390e","bucket":"e1f24ace-1d19-4e01-934f-3a59e57b1268","bucketLayout":"FILE_SYSTEM_OPTIMIZED","gdprEnabled":null,"acls":"[user:runner:a[ACCESS], group:runner:rl[ACCESS]]","isVersionEnabled":"false","storageType":"DISK","creationTime":"1760644149364","bucketEncryptionKey":null,"modificationTime":"1760644149364","usedBytes":"0","usedNamespace":"0","snapshotUsedBytes":"0","snapshotUsedNamespace":"0","owner":"runner","replicationType":null,"replicationConfig":null,"quotaInBytes":"-1","quotaInNamespace":"-1","Transaction":"1684"} | ret=SUCCESS |  
2025-10-16 19:49:09,365 | INFO  | OMAudit | user=runner | ip=127.0.0.1 | op=READ_BUCKET {"volume":"14e0dd89-8392-4a94-98c8-582586be390e","bucket":"e1f24ace-1d19-4e01-934f-3a59e57b1268"} | ret=SUCCESS |  
2025-10-16 19:49:09,366 | INFO  | OMAudit | user=runner | ip=127.0.0.1 | op=READ_BUCKET {"volume":"14e0dd89-8392-4a94-98c8-582586be390e","bucket":"e1f24ace-1d19-4e01-934f-3a59e57b1268"} | ret=SUCCESS |  
2025-10-16 19:49:09,366 | INFO  | SCMAudit | user=runner | ip=127.0.0.1 | op=ALLOCATE_BLOCK {"replication":"RATIS/ONE","owner":"omServiceIdDefault","size":"4194304","sampleBlocks":"[conID: 11 locID: 115816896921600462]","num":"1","client":"","allocated":"1"} | ret=SUCCESS |  
2025-10-16 19:49:09,368 | INFO  | OMAudit | user=runner | ip=127.0.0.1 | op=ALLOCATE_KEY {"volume":"14e0dd89-8392-4a94-98c8-582586be390e","bucket":"e1f24ace-1d19-4e01-934f-3a59e57b1268","key":"d5261e9a-f583-461f-9046-266fcc00dd34","dataSize":"12","replicationType":"RATIS","replicationFactor":"ONE","Transaction":"1685"} | ret=SUCCESS |  
2025-10-16 19:49:09,373 | INFO  | OMAudit | user=runner | ip=127.0.0.1 | op=COMMIT_KEY {"volume":"14e0dd89-8392-4a94-98c8-582586be390e","bucket":"e1f24ace-1d19-4e01-934f-3a59e57b1268","key":"d5261e9a-f583-461f-9046-266fcc00dd34","dataSize":"12","replicationType":"RATIS","replicationFactor":"ONE","Transaction":"1686"} | ret=SUCCESS |  
2025-10-16 19:49:09,374 | INFO  | OMAudit | user=runner | ip=127.0.0.1 | op=READ_KEY {"volume":"14e0dd89-8392-4a94-98c8-582586be390e","bucket":"e1f24ace-1d19-4e01-934f-3a59e57b1268","key":"d5261e9a-f583-461f-9046-266fcc00dd34","owner":null,"dataSize":"0","replicationConfig":null} | ret=SUCCESS |  
2025-10-16 19:49:09,375 | INFO  | OMAudit | user=runner | ip=127.0.0.1 | op=READ_KEY {"volume":"14e0dd89-8392-4a94-98c8-582586be390e","bucket":"e1f24ace-1d19-4e01-934f-3a59e57b1268","key":"d5261e9a-f583-461f-9046-266fcc00dd34","owner":null,"dataSize":"0","replicationConfig":null} | ret=SUCCESS |  
2025-10-16 19:49:09,383 | INFO  | SCMAudit | user=runner | ip=127.0.0.1 | op=GET_CONTAINER_WITH_PIPELINE_BATCH {"containerIDs":"#11,"} | ret=SUCCESS |  
2025-10-16 19:49:09,383 | INFO  | OMAudit | user=null | ip= | op=READ_KEY {"volume":"14e0dd89-8392-4a94-98c8-582586be390e","bucket":"e1f24ace-1d19-4e01-934f-3a59e57b1268","key":"d5261e9a-f583-461f-9046-266fcc00dd34","owner":null,"dataSize":"0","replicationConfig":null} | ret=SUCCESS |  
2025-10-16 19:49:09,384 | INFO  | SCMAudit | user=runner | ip=127.0.0.1 | op=GET_CONTAINER {"containerID":"11"} | ret=SUCCESS |  
2025-10-16 19:49:09,385 | INFO  | OMAudit | user=runner | ip=127.0.0.1 | op=READ_BUCKET {"volume":"14e0dd89-8392-4a94-98c8-582586be390e","bucket":"e1f24ace-1d19-4e01-934f-3a59e57b1268"} | ret=SUCCESS |  
2025-10-16 19:49:09,385 | INFO  | SCMAudit | user=runner | ip=127.0.0.1 | op=ALLOCATE_BLOCK {"replication":"RATIS/ONE","owner":"omServiceIdDefault","size":"4194304","sampleBlocks":"[conID: 10 locID: 115816896921600463]","num":"1","client":"","allocated":"1"} | ret=SUCCESS |  
2025-10-16 19:49:09,387 | INFO  | OMAudit | user=runner | ip=127.0.0.1 | op=ALLOCATE_KEY {"volume":"14e0dd89-8392-4a94-98c8-582586be390e","bucket":"e1f24ace-1d19-4e01-934f-3a59e57b1268","key":"107c3969-3516-4b91-ad3f-860935550fde","dataSize":"12","replicationType":"RATIS","replicationFactor":"ONE","Transaction":"1687"} | ret=SUCCESS |  
2025-10-16 19:49:09,392 | INFO  | OMAudit | user=runner | ip=127.0.0.1 | op=COMMIT_KEY {"volume":"14e0dd89-8392-4a94-98c8-582586be390e","bucket":"e1f24ace-1d19-4e01-934f-3a59e57b1268","key":"107c3969-3516-4b91-ad3f-860935550fde","dataSize":"12","replicationType":"RATIS","replicationFactor":"ONE","Transaction":"1688"} | ret=SUCCESS |  
2025-10-16 19:49:09,394 | INFO  | OMAudit | user=runner | ip=127.0.0.1 | op=READ_KEY {"volume":"14e0dd89-8392-4a94-98c8-582586be390e","bucket":"e1f24ace-1d19-4e01-934f-3a59e57b1268","key":"107c3969-3516-4b91-ad3f-860935550fde","owner":null,"dataSize":"0","replicationConfig":null} | ret=SUCCESS |  
2025-10-16 19:49:09,396 [om1-KeyDeletingService#1] INFO  service.KeyDeletingService (KeyDeletingService.java:processKeyDeletes(151)) - Send 1 key(s) to SCM, first 1 keys: [PurgedKey{blockGroup=BlockGroup[groupID='/8f5f2212-9736-43f2-bab6-9fe6042be8db/30366ba3-fbac-4ddf-967c-a5d067d8ca5b/07af6231-ee69-4d62-933b-07eaf3b73309/-9223372036854345472/0', blockIDs=[conID: 20 locID: 115816896921600456 bcsId: 0 replicaIndex: null, conID: 20 locID: 115816896921600458 bcsId: 0 replicaIndex: null, conID: 18 locID: 115816896921600457 bcsId: 0 replicaIndex: null, conID: 18 locID: 115816896921600459 bcsId: 0 replicaIndex: null, conID: 17 locID: 115816896921600460 bcsId: 0 replicaIndex: null, conID: 20 locID: 115816896921600461 bcsId: 0 replicaIndex: null]], volume='8f5f2212-9736-43f2-bab6-9fe6042be8db', bucket='30366ba3-fbac-4ddf-967c-a5d067d8ca5b', bucketId=-9223372036854346496, purgedBytes=75497472, isCommittedKey=false, deleteKeyName='/8f5f2212-9736-43f2-bab6-9fe6042be8db/30366ba3-fbac-4ddf-967c-a5d067d8ca5b/07af6231-ee69-4d62-933b-07eaf3b73309/-9223372036854345472'}]
2025-10-16 19:49:09,398 | INFO  | OMAudit | user=runner | ip=127.0.0.1 | op=READ_KEY {"volume":"14e0dd89-8392-4a94-98c8-582586be390e","bucket":"e1f24ace-1d19-4e01-934f-3a59e57b1268","key":"107c3969-3516-4b91-ad3f-860935550fde","owner":null,"dataSize":"0","replicationConfig":null} | ret=SUCCESS |  
2025-10-16 19:49:09,398 | INFO  | SCMAudit | user=runner | ip=127.0.0.1 | op=DELETE_KEY_BLOCK {"KeyBlockToDelete":"[BlockGroup[groupID='/8f5f2212-9736-43f2-bab6-9fe6042be8db/30366ba3-fbac-4ddf-967c-a5d067d8ca5b/07af6231-ee69-4d62-933b-07eaf3b73309/-9223372036854345472/0', blockIDs=[conID: 20 locID: 115816896921600456 bcsId: 0 replicaIndex: null, conID: 20 locID: 115816896921600458 bcsId: 0 replicaIndex: null, conID: 18 locID: 115816896921600457 bcsId: 0 replicaIndex: null, conID: 18 locID: 115816896921600459 bcsId: 0 replicaIndex: null, conID: 17 locID: 115816896921600460 bcsId: 0 replicaIndex: null, conID: 20 locID: 115816896921600461 bcsId: 0 replicaIndex: null]]]"} | ret=SUCCESS |  
2025-10-16 19:49:09,399 [om1-KeyDeletingService#1] INFO  service.KeyDeletingService (KeyDeletingService.java:processKeyDeletes(158)) - 1 BlockGroup deletion are acked by SCM in 3 ms
2025-10-16 19:49:09,401 [om1-KeyDeletingService#1] INFO  service.KeyDeletingService (KeyDeletingService.java:processKeyDeletes(166)) - Blocks for 1 (out of 1) keys are deleted from DB in 2 ms. Limit per task is 50000.
2025-10-16 19:49:09,404 | INFO  | SCMAudit | user=runner | ip=127.0.0.1 | op=GET_CONTAINER_WITH_PIPELINE_BATCH {"containerIDs":"#10,"} | ret=SUCCESS |  
2025-10-16 19:49:09,405 | INFO  | OMAudit | user=null | ip= | op=READ_KEY {"volume":"14e0dd89-8392-4a94-98c8-582586be390e","bucket":"e1f24ace-1d19-4e01-934f-3a59e57b1268","key":"107c3969-3516-4b91-ad3f-860935550fde","owner":null,"dataSize":"0","replicationConfig":null} | ret=SUCCESS |  
2025-10-16 19:49:09,406 | INFO  | SCMAudit | user=runner | ip=127.0.0.1 | op=GET_CONTAINER {"containerID":"10"} | ret=SUCCESS |  
2025-10-16 19:49:09,408 | INFO  | OMAudit | user=runner | ip=127.0.0.1 | op=READ_BUCKET {"volume":"14e0dd89-8392-4a94-98c8-582586be390e","bucket":"e1f24ace-1d19-4e01-934f-3a59e57b1268"} | ret=SUCCESS |  
2025-10-16 19:49:09,409 | INFO  | SCMAudit | user=runner | ip=127.0.0.1 | op=ALLOCATE_BLOCK {"replication":"RATIS/ONE","owner":"omServiceIdDefault","size":"4194304","sampleBlocks":"[conID: 2 locID: 115816896921600464]","num":"1","client":"","allocated":"1"} | ret=SUCCESS |  
2025-10-16 19:49:09,410 | INFO  | OMAudit | user=runner | ip=127.0.0.1 | op=ALLOCATE_KEY {"volume":"14e0dd89-8392-4a94-98c8-582586be390e","bucket":"e1f24ace-1d19-4e01-934f-3a59e57b1268","key":"96226388-9e3f-47c5-8e98-721b6fcd2f3a","dataSize":"12","replicationType":"RATIS","replicationFactor":"ONE","Transaction":"1690"} | ret=SUCCESS |  
2025-10-16 19:49:09,416 | INFO  | OMAudit | user=runner | ip=127.0.0.1 | op=COMMIT_KEY {"volume":"14e0dd89-8392-4a94-98c8-582586be390e","bucket":"e1f24ace-1d19-4e01-934f-3a59e57b1268","key":"96226388-9e3f-47c5-8e98-721b6fcd2f3a","dataSize":"12","replicationType":"RATIS","replicationFactor":"ONE","Transaction":"1691"} | ret=SUCCESS |  
2025-10-16 19:49:09,418 | INFO  | OMAudit | user=runner | ip=127.0.0.1 | op=READ_KEY {"volume":"14e0dd89-8392-4a94-98c8-582586be390e","bucket":"e1f24ace-1d19-4e01-934f-3a59e57b1268","key":"96226388-9e3f-47c5-8e98-721b6fcd2f3a","owner":null,"dataSize":"0","replicationConfig":null} | ret=SUCCESS |  
2025-10-16 19:49:09,419 | INFO  | OMAudit | user=runner | ip=127.0.0.1 | op=READ_KEY {"volume":"14e0dd89-8392-4a94-98c8-582586be390e","bucket":"e1f24ace-1d19-4e01-934f-3a59e57b1268","key":"96226388-9e3f-47c5-8e98-721b6fcd2f3a","owner":null,"dataSize":"0","replicationConfig":null} | ret=SUCCESS |  
2025-10-16 19:49:09,425 | INFO  | SCMAudit | user=runner | ip=127.0.0.1 | op=GET_CONTAINER_WITH_PIPELINE_BATCH {"containerIDs":"#2,"} | ret=SUCCESS |  
2025-10-16 19:49:09,426 | INFO  | OMAudit | user=null | ip= | op=READ_KEY {"volume":"14e0dd89-8392-4a94-98c8-582586be390e","bucket":"e1f24ace-1d19-4e01-934f-3a59e57b1268","key":"96226388-9e3f-47c5-8e98-721b6fcd2f3a","owner":null,"dataSize":"0","replicationConfig":null} | ret=SUCCESS |  
2025-10-16 19:49:09,426 | INFO  | SCMAudit | user=runner | ip=127.0.0.1 | op=GET_CONTAINER {"containerID":"2"} | ret=SUCCESS |  
2025-10-16 19:49:09,428 | INFO  | OMAudit | user=runner | ip=127.0.0.1 | op=READ_BUCKET {"volume":"14e0dd89-8392-4a94-98c8-582586be390e","bucket":"e1f24ace-1d19-4e01-934f-3a59e57b1268"} | ret=SUCCESS |  
2025-10-16 19:49:09,428 | INFO  | SCMAudit | user=runner | ip=127.0.0.1 | op=ALLOCATE_BLOCK {"replication":"RATIS/ONE","owner":"omServiceIdDefault","size":"4194304","sampleBlocks":"[conID: 4 locID: 115816896921600465]","num":"1","client":"","allocated":"1"} | ret=SUCCESS |  
2025-10-16 19:49:09,430 | INFO  | OMAudit | user=runner | ip=127.0.0.1 | op=ALLOCATE_KEY {"volume":"14e0dd89-8392-4a94-98c8-582586be390e","bucket":"e1f24ace-1d19-4e01-934f-3a59e57b1268","key":"67bf4794-abff-41cc-84ab-a66c9c9be369","dataSize":"12","replicationType":"RATIS","replicationFactor":"ONE","Transaction":"1692"} | ret=SUCCESS |  
2025-10-16 19:49:09,449 | INFO  | OMAudit | user=runner | ip=127.0.0.1 | op=COMMIT_KEY {"volume":"14e0dd89-8392-4a94-98c8-582586be390e","bucket":"e1f24ace-1d19-4e01-934f-3a59e57b1268","key":"67bf4794-abff-41cc-84ab-a66c9c9be369","dataSize":"12","replicationType":"RATIS","replicationFactor":"ONE","Transaction":"1693"} | ret=SUCCESS |  
2025-10-16 19:49:09,452 | INFO  | OMAudit | user=runner | ip=127.0.0.1 | op=READ_KEY {"volume":"14e0dd89-8392-4a94-98c8-582586be390e","bucket":"e1f24ace-1d19-4e01-934f-3a59e57b1268","key":"67bf4794-abff-41cc-84ab-a66c9c9be369","owner":null,"dataSize":"0","replicationConfig":null} | ret=SUCCESS |  
2025-10-16 19:49:09,454 | INFO  | OMAudit | user=runner | ip=127.0.0.1 | op=READ_KEY {"volume":"14e0dd89-8392-4a94-98c8-582586be390e","bucket":"e1f24ace-1d19-4e01-934f-3a59e57b1268","key":"67bf4794-abff-41cc-84ab-a66c9c9be369","owner":null,"dataSize":"0","replicationConfig":null} | ret=SUCCESS |  
2025-10-16 19:49:09,461 | INFO  | SCMAudit | user=runner | ip=127.0.0.1 | op=GET_CONTAINER_WITH_PIPELINE_BATCH {"containerIDs":"#4,"} | ret=SUCCESS |  
2025-10-16 19:49:09,462 | INFO  | OMAudit | user=null | ip= | op=READ_KEY {"volume":"14e0dd89-8392-4a94-98c8-582586be390e","bucket":"e1f24ace-1d19-4e01-934f-3a59e57b1268","key":"67bf4794-abff-41cc-84ab-a66c9c9be369","owner":null,"dataSize":"0","replicationConfig":null} | ret=SUCCESS |  
2025-10-16 19:49:09,462 | INFO  | SCMAudit | user=runner | ip=127.0.0.1 | op=GET_CONTAINER {"containerID":"4"} | ret=SUCCESS |  
2025-10-16 19:49:09,463 | INFO  | OMAudit | user=runner | ip=127.0.0.1 | op=READ_BUCKET {"volume":"14e0dd89-8392-4a94-98c8-582586be390e","bucket":"e1f24ace-1d19-4e01-934f-3a59e57b1268"} | ret=SUCCESS |  
2025-10-16 19:49:09,464 | INFO  | SCMAudit | user=runner | ip=127.0.0.1 | op=ALLOCATE_BLOCK {"replication":"RATIS/ONE","owner":"omServiceIdDefault","size":"4194304","sampleBlocks":"[conID: 1 locID: 115816896921600466]","num":"1","client":"","allocated":"1"} | ret=SUCCESS |  
2025-10-16 19:49:09,465 | INFO  | OMAudit | user=runner | ip=127.0.0.1 | op=ALLOCATE_KEY {"volume":"14e0dd89-8392-4a94-98c8-582586be390e","bucket":"e1f24ace-1d19-4e01-934f-3a59e57b1268","key":"1d82cc14-3e71-4e63-b42d-97570527a534","dataSize":"12","replicationType":"RATIS","replicationFactor":"ONE","Transaction":"1694"} | ret=SUCCESS |  
2025-10-16 19:49:09,473 | INFO  | OMAudit | user=runner | ip=127.0.0.1 | op=COMMIT_KEY {"volume":"14e0dd89-8392-4a94-98c8-582586be390e","bucket":"e1f24ace-1d19-4e01-934f-3a59e57b1268","key":"1d82cc14-3e71-4e63-b42d-97570527a534","dataSize":"12","replicationType":"RATIS","replicationFactor":"ONE","Transaction":"1695"} | ret=SUCCESS |  
2025-10-16 19:49:09,475 | INFO  | OMAudit | user=runner | ip=127.0.0.1 | op=READ_KEY {"volume":"14e0dd89-8392-4a94-98c8-582586be390e","bucket":"e1f24ace-1d19-4e01-934f-3a59e57b1268","key":"1d82cc14-3e71-4e63-b42d-97570527a534","owner":null,"dataSize":"0","replicationConfig":null} | ret=SUCCESS |  
2025-10-16 19:49:09,476 | INFO  | OMAudit | user=runner | ip=127.0.0.1 | op=READ_KEY {"volume":"14e0dd89-8392-4a94-98c8-582586be390e","bucket":"e1f24ace-1d19-4e01-934f-3a59e57b1268","key":"1d82cc14-3e71-4e63-b42d-97570527a534","owner":null,"dataSize":"0","replicationConfig":null} | ret=SUCCESS |  
2025-10-16 19:49:09,482 | INFO  | SCMAudit | user=runner | ip=127.0.0.1 | op=GET_CONTAINER_WITH_PIPELINE_BATCH {"containerIDs":"#1,"} | ret=SUCCESS |  
2025-10-16 19:49:09,483 | INFO  | OMAudit | user=null | ip= | op=READ_KEY {"volume":"14e0dd89-8392-4a94-98c8-582586be390e","bucket":"e1f24ace-1d19-4e01-934f-3a59e57b1268","key":"1d82cc14-3e71-4e63-b42d-97570527a534","owner":null,"dataSize":"0","replicationConfig":null} | ret=SUCCESS |  
2025-10-16 19:49:09,483 | INFO  | SCMAudit | user=runner | ip=127.0.0.1 | op=GET_CONTAINER {"containerID":"1"} | ret=SUCCESS |  
2025-10-16 19:49:09,484 | INFO  | OMAudit | user=runner | ip=127.0.0.1 | op=READ_BUCKET {"volume":"14e0dd89-8392-4a94-98c8-582586be390e","bucket":"e1f24ace-1d19-4e01-934f-3a59e57b1268"} | ret=SUCCESS |  
2025-10-16 19:49:09,485 | INFO  | SCMAudit | user=runner | ip=127.0.0.1 | op=ALLOCATE_BLOCK {"replication":"RATIS/ONE","owner":"omServiceIdDefault","size":"4194304","sampleBlocks":"[conID: 10 locID: 115816896921600467]","num":"1","client":"","allocated":"1"} | ret=SUCCESS |  
2025-10-16 19:49:09,487 | INFO  | OMAudit | user=runner | ip=127.0.0.1 | op=ALLOCATE_KEY {"volume":"14e0dd89-8392-4a94-98c8-582586be390e","bucket":"e1f24ace-1d19-4e01-934f-3a59e57b1268","key":"ad19910a-7fb6-4071-88f8-d47cf1d2ab29","dataSize":"12","replicationType":"RATIS","replicationFactor":"ONE","Transaction":"1696"} | ret=SUCCESS |  
2025-10-16 19:49:09,493 | INFO  | OMAudit | user=runner | ip=127.0.0.1 | op=COMMIT_KEY {"volume":"14e0dd89-8392-4a94-98c8-582586be390e","bucket":"e1f24ace-1d19-4e01-934f-3a59e57b1268","key":"ad19910a-7fb6-4071-88f8-d47cf1d2ab29","dataSize":"12","replicationType":"RATIS","replicationFactor":"ONE","Transaction":"1697"} | ret=SUCCESS |  
2025-10-16 19:49:09,495 | INFO  | OMAudit | user=runner | ip=127.0.0.1 | op=READ_KEY {"volume":"14e0dd89-8392-4a94-98c8-582586be390e","bucket":"e1f24ace-1d19-4e01-934f-3a59e57b1268","key":"ad19910a-7fb6-4071-88f8-d47cf1d2ab29","owner":null,"dataSize":"0","replicationConfig":null} | ret=SUCCESS |  
2025-10-16 19:49:09,497 | INFO  | OMAudit | user=runner | ip=127.0.0.1 | op=READ_KEY {"volume":"14e0dd89-8392-4a94-98c8-582586be390e","bucket":"e1f24ace-1d19-4e01-934f-3a59e57b1268","key":"ad19910a-7fb6-4071-88f8-d47cf1d2ab29","owner":null,"dataSize":"0","replicationConfig":null} | ret=SUCCESS |  
2025-10-16 19:49:09,503 | INFO  | SCMAudit | user=runner | ip=127.0.0.1 | op=GET_CONTAINER_WITH_PIPELINE_BATCH {"containerIDs":"#10,"} | ret=SUCCESS |  
2025-10-16 19:49:09,504 | INFO  | OMAudit | user=null | ip= | op=READ_KEY {"volume":"14e0dd89-8392-4a94-98c8-582586be390e","bucket":"e1f24ace-1d19-4e01-934f-3a59e57b1268","key":"ad19910a-7fb6-4071-88f8-d47cf1d2ab29","owner":null,"dataSize":"0","replicationConfig":null} | ret=SUCCESS |  
2025-10-16 19:49:09,506 | INFO  | SCMAudit | user=runner | ip=127.0.0.1 | op=GET_CONTAINER {"containerID":"10"} | ret=SUCCESS |  
2025-10-16 19:49:09,507 | INFO  | OMAudit | user=runner | ip=127.0.0.1 | op=READ_BUCKET {"volume":"14e0dd89-8392-4a94-98c8-582586be390e","bucket":"e1f24ace-1d19-4e01-934f-3a59e57b1268"} | ret=SUCCESS |  
2025-10-16 19:49:09,508 | INFO  | SCMAudit | user=runner | ip=127.0.0.1 | op=ALLOCATE_BLOCK {"replication":"RATIS/ONE","owner":"omServiceIdDefault","size":"4194304","sampleBlocks":"[conID: 11 locID: 115816896921600468]","num":"1","client":"","allocated":"1"} | ret=SUCCESS |  
2025-10-16 19:49:09,511 | INFO  | OMAudit | user=runner | ip=127.0.0.1 | op=ALLOCATE_KEY {"volume":"14e0dd89-8392-4a94-98c8-582586be390e","bucket":"e1f24ace-1d19-4e01-934f-3a59e57b1268","key":"1372e18f-3051-47ea-8456-b77eb6915464","dataSize":"12","replicationType":"RATIS","replicationFactor":"ONE","Transaction":"1698"} | ret=SUCCESS |  
2025-10-16 19:49:09,518 | INFO  | OMAudit | user=runner | ip=127.0.0.1 | op=COMMIT_KEY {"volume":"14e0dd89-8392-4a94-98c8-582586be390e","bucket":"e1f24ace-1d19-4e01-934f-3a59e57b1268","key":"1372e18f-3051-47ea-8456-b77eb6915464","dataSize":"12","replicationType":"RATIS","replicationFactor":"ONE","Transaction":"1699"} | ret=SUCCESS |  
2025-10-16 19:49:09,520 | INFO  | OMAudit | user=runner | ip=127.0.0.1 | op=READ_KEY {"volume":"14e0dd89-8392-4a94-98c8-582586be390e","bucket":"e1f24ace-1d19-4e01-934f-3a59e57b1268","key":"1372e18f-3051-47ea-8456-b77eb6915464","owner":null,"dataSize":"0","replicationConfig":null} | ret=SUCCESS |  
2025-10-16 19:49:09,522 | INFO  | OMAudit | user=runner | ip=127.0.0.1 | op=READ_KEY {"volume":"14e0dd89-8392-4a94-98c8-582586be390e","bucket":"e1f24ace-1d19-4e01-934f-3a59e57b1268","key":"1372e18f-3051-47ea-8456-b77eb6915464","owner":null,"dataSize":"0","replicationConfig":null} | ret=SUCCESS |  
2025-10-16 19:49:09,526 | INFO  | SCMAudit | user=runner | ip=127.0.0.1 | op=GET_CONTAINER_WITH_PIPELINE_BATCH {"containerIDs":"#11,"} | ret=SUCCESS |  
2025-10-16 19:49:09,527 | INFO  | OMAudit | user=null | ip= | op=READ_KEY {"volume":"14e0dd89-8392-4a94-98c8-582586be390e","bucket":"e1f24ace-1d19-4e01-934f-3a59e57b1268","key":"1372e18f-3051-47ea-8456-b77eb6915464","owner":null,"dataSize":"0","replicationConfig":null} | ret=SUCCESS |  
2025-10-16 19:49:09,527 | INFO  | SCMAudit | user=runner | ip=127.0.0.1 | op=GET_CONTAINER {"containerID":"11"} | ret=SUCCESS |  
2025-10-16 19:49:09,528 | INFO  | OMAudit | user=runner | ip=127.0.0.1 | op=READ_BUCKET {"volume":"14e0dd89-8392-4a94-98c8-582586be390e","bucket":"e1f24ace-1d19-4e01-934f-3a59e57b1268"} | ret=SUCCESS |  
2025-10-16 19:49:09,529 | INFO  | SCMAudit | user=runner | ip=127.0.0.1 | op=ALLOCATE_BLOCK {"replication":"RATIS/ONE","owner":"omServiceIdDefault","size":"4194304","sampleBlocks":"[conID: 13 locID: 115816896921600469]","num":"1","client":"","allocated":"1"} | ret=SUCCESS |  
2025-10-16 19:49:09,532 | INFO  | OMAudit | user=runner | ip=127.0.0.1 | op=ALLOCATE_KEY {"volume":"14e0dd89-8392-4a94-98c8-582586be390e","bucket":"e1f24ace-1d19-4e01-934f-3a59e57b1268","key":"1163dd45-fe1a-431c-bc2c-82482445b918","dataSize":"12","replicationType":"RATIS","replicationFactor":"ONE","Transaction":"1700"} | ret=SUCCESS |  
2025-10-16 19:49:09,539 | INFO  | OMAudit | user=runner | ip=127.0.0.1 | op=COMMIT_KEY {"volume":"14e0dd89-8392-4a94-98c8-582586be390e","bucket":"e1f24ace-1d19-4e01-934f-3a59e57b1268","key":"1163dd45-fe1a-431c-bc2c-82482445b918","dataSize":"12","replicationType":"RATIS","replicationFactor":"ONE","Transaction":"1701"} | ret=SUCCESS |  
2025-10-16 19:49:09,540 | INFO  | OMAudit | user=runner | ip=127.0.0.1 | op=READ_KEY {"volume":"14e0dd89-8392-4a94-98c8-582586be390e","bucket":"e1f24ace-1d19-4e01-934f-3a59e57b1268","key":"1163dd45-fe1a-431c-bc2c-82482445b918","owner":null,"dataSize":"0","replicationConfig":null} | ret=SUCCESS |  
2025-10-16 19:49:09,541 | INFO  | OMAudit | user=runner | ip=127.0.0.1 | op=READ_KEY {"volume":"14e0dd89-8392-4a94-98c8-582586be390e","bucket":"e1f24ace-1d19-4e01-934f-3a59e57b1268","key":"1163dd45-fe1a-431c-bc2c-82482445b918","owner":null,"dataSize":"0","replicationConfig":null} | ret=SUCCESS |  
2025-10-16 19:49:09,548 | INFO  | SCMAudit | user=runner | ip=127.0.0.1 | op=GET_CONTAINER_WITH_PIPELINE_BATCH {"containerIDs":"#13,"} | ret=SUCCESS |  
2025-10-16 19:49:09,549 | INFO  | OMAudit | user=null | ip= | op=READ_KEY {"volume":"14e0dd89-8392-4a94-98c8-582586be390e","bucket":"e1f24ace-1d19-4e01-934f-3a59e57b1268","key":"1163dd45-fe1a-431c-bc2c-82482445b918","owner":null,"dataSize":"0","replicationConfig":null} | ret=SUCCESS |  
2025-10-16 19:49:09,550 | INFO  | SCMAudit | user=runner | ip=127.0.0.1 | op=GET_CONTAINER {"containerID":"13"} | ret=SUCCESS |  
2025-10-16 19:49:09,551 | INFO  | OMAudit | user=runner | ip=127.0.0.1 | op=READ_BUCKET {"volume":"14e0dd89-8392-4a94-98c8-582586be390e","bucket":"e1f24ace-1d19-4e01-934f-3a59e57b1268"} | ret=SUCCESS |  
2025-10-16 19:49:09,551 | INFO  | SCMAudit | user=runner | ip=127.0.0.1 | op=ALLOCATE_BLOCK {"replication":"RATIS/ONE","owner":"omServiceIdDefault","size":"4194304","sampleBlocks":"[conID: 7 locID: 115816896921600470]","num":"1","client":"","allocated":"1"} | ret=SUCCESS |  
2025-10-16 19:49:09,554 | INFO  | OMAudit | user=runner | ip=127.0.0.1 | op=ALLOCATE_KEY {"volume":"14e0dd89-8392-4a94-98c8-582586be390e","bucket":"e1f24ace-1d19-4e01-934f-3a59e57b1268","key":"b0c9acf4-b404-4ae3-b8b2-2f1634c48585","dataSize":"12","replicationType":"RATIS","replicationFactor":"ONE","Transaction":"1702"} | ret=SUCCESS |  
2025-10-16 19:49:09,561 | INFO  | OMAudit | user=runner | ip=127.0.0.1 | op=COMMIT_KEY {"volume":"14e0dd89-8392-4a94-98c8-582586be390e","bucket":"e1f24ace-1d19-4e01-934f-3a59e57b1268","key":"b0c9acf4-b404-4ae3-b8b2-2f1634c48585","dataSize":"12","replicationType":"RATIS","replicationFactor":"ONE","Transaction":"1703"} | ret=SUCCESS |  
2025-10-16 19:49:09,562 | INFO  | OMAudit | user=runner | ip=127.0.0.1 | op=READ_KEY {"volume":"14e0dd89-8392-4a94-98c8-582586be390e","bucket":"e1f24ace-1d19-4e01-934f-3a59e57b1268","key":"b0c9acf4-b404-4ae3-b8b2-2f1634c48585","owner":null,"dataSize":"0","replicationConfig":null} | ret=SUCCESS |  
2025-10-16 19:49:09,563 | INFO  | OMAudit | user=runner | ip=127.0.0.1 | op=READ_KEY {"volume":"14e0dd89-8392-4a94-98c8-582586be390e","bucket":"e1f24ace-1d19-4e01-934f-3a59e57b1268","key":"b0c9acf4-b404-4ae3-b8b2-2f1634c48585","owner":null,"dataSize":"0","replicationConfig":null} | ret=SUCCESS |  
2025-10-16 19:49:09,566 | INFO  | SCMAudit | user=runner | ip=127.0.0.1 | op=GET_CONTAINER_WITH_PIPELINE_BATCH {"containerIDs":"#7,"} | ret=SUCCESS |  
2025-10-16 19:49:09,567 | INFO  | OMAudit | user=null | ip= | op=READ_KEY {"volume":"14e0dd89-8392-4a94-98c8-582586be390e","bucket":"e1f24ace-1d19-4e01-934f-3a59e57b1268","key":"b0c9acf4-b404-4ae3-b8b2-2f1634c48585","owner":null,"dataSize":"0","replicationConfig":null} | ret=SUCCESS |  
2025-10-16 19:49:09,567 | INFO  | SCMAudit | user=runner | ip=127.0.0.1 | op=GET_CONTAINER {"containerID":"7"} | ret=SUCCESS |  
2025-10-16 19:49:09,569 | INFO  | OMAudit | user=runner | ip=127.0.0.1 | op=READ_BUCKET {"volume":"14e0dd89-8392-4a94-98c8-582586be390e","bucket":"e1f24ace-1d19-4e01-934f-3a59e57b1268"} | ret=SUCCESS |  
2025-10-16 19:49:09,570 | INFO  | SCMAudit | user=runner | ip=127.0.0.1 | op=ALLOCATE_BLOCK {"replication":"RATIS/ONE","owner":"omServiceIdDefault","size":"4194304","sampleBlocks":"[conID: 5 locID: 115816896921600471]","num":"1","client":"","allocated":"1"} | ret=SUCCESS |  
2025-10-16 19:49:09,572 | INFO  | OMAudit | user=runner | ip=127.0.0.1 | op=ALLOCATE_KEY {"volume":"14e0dd89-8392-4a94-98c8-582586be390e","bucket":"e1f24ace-1d19-4e01-934f-3a59e57b1268","key":"735ac0ba-68e6-4d8d-9183-114459e9b39c","dataSize":"12","replicationType":"RATIS","replicationFactor":"ONE","Transaction":"1704"} | ret=SUCCESS |  
2025-10-16 19:49:09,576 | INFO  | OMAudit | user=runner | ip=127.0.0.1 | op=COMMIT_KEY {"volume":"14e0dd89-8392-4a94-98c8-582586be390e","bucket":"e1f24ace-1d19-4e01-934f-3a59e57b1268","key":"735ac0ba-68e6-4d8d-9183-114459e9b39c","dataSize":"12","replicationType":"RATIS","replicationFactor":"ONE","Transaction":"1705"} | ret=SUCCESS |  
2025-10-16 19:49:09,577 | INFO  | OMAudit | user=runner | ip=127.0.0.1 | op=READ_KEY {"volume":"14e0dd89-8392-4a94-98c8-582586be390e","bucket":"e1f24ace-1d19-4e01-934f-3a59e57b1268","key":"735ac0ba-68e6-4d8d-9183-114459e9b39c","owner":null,"dataSize":"0","replicationConfig":null} | ret=SUCCESS |  
2025-10-16 19:49:09,578 | INFO  | OMAudit | user=runner | ip=127.0.0.1 | op=READ_KEY {"volume":"14e0dd89-8392-4a94-98c8-582586be390e","bucket":"e1f24ace-1d19-4e01-934f-3a59e57b1268","key":"735ac0ba-68e6-4d8d-9183-114459e9b39c","owner":null,"dataSize":"0","replicationConfig":null} | ret=SUCCESS |  
2025-10-16 19:49:09,581 | INFO  | SCMAudit | user=runner | ip=127.0.0.1 | op=GET_CONTAINER_WITH_PIPELINE_BATCH {"containerIDs":"#5,"} | ret=SUCCESS |  
2025-10-16 19:49:09,582 | INFO  | OMAudit | user=null | ip= | op=READ_KEY {"volume":"14e0dd89-8392-4a94-98c8-582586be390e","bucket":"e1f24ace-1d19-4e01-934f-3a59e57b1268","key":"735ac0ba-68e6-4d8d-9183-114459e9b39c","owner":null,"dataSize":"0","replicationConfig":null} | ret=SUCCESS |  
2025-10-16 19:49:09,582 | INFO  | SCMAudit | user=runner | ip=127.0.0.1 | op=GET_CONTAINER {"containerID":"5"} | ret=SUCCESS |  
]]></system-out>
  </testcase>
  <testcase name="testPutKeyRatisOneNode" classname="org.apache.hadoop.ozone.client.rpc.TestSecureOzoneRpcClient" time="0.22">
    <system-out><![CDATA[2025-10-16 19:49:09,584 [ForkJoinPool-1-worker-1] INFO  rpc.RpcClient (RpcClient.java:createVolume(461)) - Creating Volume: df8bffd0-ab63-41ff-9ee8-f05375e2a2c0, with runner as owner and space quota set to -1 bytes, counts quota set to -1
2025-10-16 19:49:09,586 [om1-OMStateMachineApplyTransactionThread - 0] INFO  volume.OMVolumeCreateRequest (OMVolumeCreateRequest.java:validateAndUpdateCache(213)) - created volume:df8bffd0-ab63-41ff-9ee8-f05375e2a2c0 for user:runner
2025-10-16 19:49:09,586 | INFO  | OMAudit | user=runner | ip=127.0.0.1 | op=CREATE_VOLUME {"admin":"runner","owner":"runner","volume":"df8bffd0-ab63-41ff-9ee8-f05375e2a2c0","creationTime":"1760644149585","modificationTime":"1760644149585","quotaInBytes":"-1","quotaInNamespace":"-1","usedNamespace":"0","objectID":"-9223372036854339072","updateID":"1706","Transaction":"1706"} | ret=SUCCESS |  
2025-10-16 19:49:09,587 | INFO  | OMAudit | user=runner | ip=127.0.0.1 | op=READ_VOLUME {"volume":"df8bffd0-ab63-41ff-9ee8-f05375e2a2c0"} | ret=SUCCESS |  
2025-10-16 19:49:09,587 [ForkJoinPool-1-worker-1] INFO  rpc.RpcClient (RpcClient.java:createBucket(686)) - Creating Bucket: df8bffd0-ab63-41ff-9ee8-f05375e2a2c0/906e8062-26a2-4528-ad32-3a7573829f87, with server-side default bucket layout, runner as owner, Versioning false, Storage Type set to DISK and Encryption set to false, Replication Type set to server-side default replication type, Namespace Quota set to -1, Space Quota set to -1 
2025-10-16 19:49:09,589 [om1-OMStateMachineApplyTransactionThread - 0] INFO  bucket.OMBucketCreateRequest (OMBucketCreateRequest.java:validateAndUpdateCache(303)) - created bucket: 906e8062-26a2-4528-ad32-3a7573829f87 of layout FILE_SYSTEM_OPTIMIZED in volume: df8bffd0-ab63-41ff-9ee8-f05375e2a2c0
2025-10-16 19:49:09,589 | INFO  | OMAudit | user=runner | ip=127.0.0.1 | op=CREATE_BUCKET {"volume":"df8bffd0-ab63-41ff-9ee8-f05375e2a2c0","bucket":"906e8062-26a2-4528-ad32-3a7573829f87","bucketLayout":"FILE_SYSTEM_OPTIMIZED","gdprEnabled":null,"acls":"[user:runner:a[ACCESS], group:runner:rl[ACCESS]]","isVersionEnabled":"false","storageType":"DISK","creationTime":"1760644149588","bucketEncryptionKey":null,"modificationTime":"1760644149588","usedBytes":"0","usedNamespace":"0","snapshotUsedBytes":"0","snapshotUsedNamespace":"0","owner":"runner","replicationType":null,"replicationConfig":null,"quotaInBytes":"-1","quotaInNamespace":"-1","Transaction":"1707"} | ret=SUCCESS |  
2025-10-16 19:49:09,590 | INFO  | OMAudit | user=runner | ip=127.0.0.1 | op=READ_BUCKET {"volume":"df8bffd0-ab63-41ff-9ee8-f05375e2a2c0","bucket":"906e8062-26a2-4528-ad32-3a7573829f87"} | ret=SUCCESS |  
2025-10-16 19:49:09,591 | INFO  | OMAudit | user=runner | ip=127.0.0.1 | op=READ_BUCKET {"volume":"df8bffd0-ab63-41ff-9ee8-f05375e2a2c0","bucket":"906e8062-26a2-4528-ad32-3a7573829f87"} | ret=SUCCESS |  
2025-10-16 19:49:09,592 | INFO  | SCMAudit | user=runner | ip=127.0.0.1 | op=ALLOCATE_BLOCK {"replication":"RATIS/ONE","owner":"omServiceIdDefault","size":"4194304","sampleBlocks":"[conID: 1 locID: 115816896921600472]","num":"1","client":"","allocated":"1"} | ret=SUCCESS |  
2025-10-16 19:49:09,593 | INFO  | OMAudit | user=runner | ip=127.0.0.1 | op=ALLOCATE_KEY {"volume":"df8bffd0-ab63-41ff-9ee8-f05375e2a2c0","bucket":"906e8062-26a2-4528-ad32-3a7573829f87","key":"a434af1d-de10-41c7-a151-f9e49f153055","dataSize":"12","replicationType":"RATIS","replicationFactor":"ONE","Transaction":"1708"} | ret=SUCCESS |  
2025-10-16 19:49:09,599 | INFO  | OMAudit | user=runner | ip=127.0.0.1 | op=COMMIT_KEY {"volume":"df8bffd0-ab63-41ff-9ee8-f05375e2a2c0","bucket":"906e8062-26a2-4528-ad32-3a7573829f87","key":"a434af1d-de10-41c7-a151-f9e49f153055","dataSize":"12","replicationType":"RATIS","replicationFactor":"ONE","Transaction":"1709"} | ret=SUCCESS |  
2025-10-16 19:49:09,600 | INFO  | OMAudit | user=runner | ip=127.0.0.1 | op=READ_KEY {"volume":"df8bffd0-ab63-41ff-9ee8-f05375e2a2c0","bucket":"906e8062-26a2-4528-ad32-3a7573829f87","key":"a434af1d-de10-41c7-a151-f9e49f153055","owner":null,"dataSize":"0","replicationConfig":null} | ret=SUCCESS |  
2025-10-16 19:49:09,602 | INFO  | OMAudit | user=runner | ip=127.0.0.1 | op=READ_KEY {"volume":"df8bffd0-ab63-41ff-9ee8-f05375e2a2c0","bucket":"906e8062-26a2-4528-ad32-3a7573829f87","key":"a434af1d-de10-41c7-a151-f9e49f153055","owner":null,"dataSize":"0","replicationConfig":null} | ret=SUCCESS |  
2025-10-16 19:49:09,607 | INFO  | SCMAudit | user=runner | ip=127.0.0.1 | op=GET_CONTAINER_WITH_PIPELINE_BATCH {"containerIDs":"#1,"} | ret=SUCCESS |  
2025-10-16 19:49:09,607 | INFO  | OMAudit | user=null | ip= | op=READ_KEY {"volume":"df8bffd0-ab63-41ff-9ee8-f05375e2a2c0","bucket":"906e8062-26a2-4528-ad32-3a7573829f87","key":"a434af1d-de10-41c7-a151-f9e49f153055","owner":null,"dataSize":"0","replicationConfig":null} | ret=SUCCESS |  
2025-10-16 19:49:09,610 | INFO  | SCMAudit | user=runner | ip=127.0.0.1 | op=GET_CONTAINER {"containerID":"1"} | ret=SUCCESS |  
2025-10-16 19:49:09,611 | INFO  | OMAudit | user=runner | ip=127.0.0.1 | op=READ_BUCKET {"volume":"df8bffd0-ab63-41ff-9ee8-f05375e2a2c0","bucket":"906e8062-26a2-4528-ad32-3a7573829f87"} | ret=SUCCESS |  
2025-10-16 19:49:09,612 | INFO  | SCMAudit | user=runner | ip=127.0.0.1 | op=ALLOCATE_BLOCK {"replication":"RATIS/ONE","owner":"omServiceIdDefault","size":"4194304","sampleBlocks":"[conID: 9 locID: 115816896921600473]","num":"1","client":"","allocated":"1"} | ret=SUCCESS |  
2025-10-16 19:49:09,614 | INFO  | OMAudit | user=runner | ip=127.0.0.1 | op=ALLOCATE_KEY {"volume":"df8bffd0-ab63-41ff-9ee8-f05375e2a2c0","bucket":"906e8062-26a2-4528-ad32-3a7573829f87","key":"6bf030ee-79ed-4d13-856c-42b25c325c8b","dataSize":"12","replicationType":"RATIS","replicationFactor":"ONE","Transaction":"1710"} | ret=SUCCESS |  
2025-10-16 19:49:09,625 | INFO  | OMAudit | user=runner | ip=127.0.0.1 | op=COMMIT_KEY {"volume":"df8bffd0-ab63-41ff-9ee8-f05375e2a2c0","bucket":"906e8062-26a2-4528-ad32-3a7573829f87","key":"6bf030ee-79ed-4d13-856c-42b25c325c8b","dataSize":"12","replicationType":"RATIS","replicationFactor":"ONE","Transaction":"1711"} | ret=SUCCESS |  
2025-10-16 19:49:09,626 | INFO  | OMAudit | user=runner | ip=127.0.0.1 | op=READ_KEY {"volume":"df8bffd0-ab63-41ff-9ee8-f05375e2a2c0","bucket":"906e8062-26a2-4528-ad32-3a7573829f87","key":"6bf030ee-79ed-4d13-856c-42b25c325c8b","owner":null,"dataSize":"0","replicationConfig":null} | ret=SUCCESS |  
2025-10-16 19:49:09,628 | INFO  | OMAudit | user=runner | ip=127.0.0.1 | op=READ_KEY {"volume":"df8bffd0-ab63-41ff-9ee8-f05375e2a2c0","bucket":"906e8062-26a2-4528-ad32-3a7573829f87","key":"6bf030ee-79ed-4d13-856c-42b25c325c8b","owner":null,"dataSize":"0","replicationConfig":null} | ret=SUCCESS |  
2025-10-16 19:49:09,634 | INFO  | SCMAudit | user=runner | ip=127.0.0.1 | op=GET_CONTAINER_WITH_PIPELINE_BATCH {"containerIDs":"#9,"} | ret=SUCCESS |  
2025-10-16 19:49:09,635 | INFO  | OMAudit | user=null | ip= | op=READ_KEY {"volume":"df8bffd0-ab63-41ff-9ee8-f05375e2a2c0","bucket":"906e8062-26a2-4528-ad32-3a7573829f87","key":"6bf030ee-79ed-4d13-856c-42b25c325c8b","owner":null,"dataSize":"0","replicationConfig":null} | ret=SUCCESS |  
2025-10-16 19:49:09,635 | INFO  | SCMAudit | user=runner | ip=127.0.0.1 | op=GET_CONTAINER {"containerID":"9"} | ret=SUCCESS |  
2025-10-16 19:49:09,636 | INFO  | OMAudit | user=runner | ip=127.0.0.1 | op=READ_BUCKET {"volume":"df8bffd0-ab63-41ff-9ee8-f05375e2a2c0","bucket":"906e8062-26a2-4528-ad32-3a7573829f87"} | ret=SUCCESS |  
2025-10-16 19:49:09,637 | INFO  | SCMAudit | user=runner | ip=127.0.0.1 | op=ALLOCATE_BLOCK {"replication":"RATIS/ONE","owner":"omServiceIdDefault","size":"4194304","sampleBlocks":"[conID: 11 locID: 115816896921600474]","num":"1","client":"","allocated":"1"} | ret=SUCCESS |  
2025-10-16 19:49:09,639 | INFO  | OMAudit | user=runner | ip=127.0.0.1 | op=ALLOCATE_KEY {"volume":"df8bffd0-ab63-41ff-9ee8-f05375e2a2c0","bucket":"906e8062-26a2-4528-ad32-3a7573829f87","key":"d287b814-3381-45b5-a6cc-e2754adfbad9","dataSize":"12","replicationType":"RATIS","replicationFactor":"ONE","Transaction":"1712"} | ret=SUCCESS |  
2025-10-16 19:49:09,644 | INFO  | OMAudit | user=runner | ip=127.0.0.1 | op=COMMIT_KEY {"volume":"df8bffd0-ab63-41ff-9ee8-f05375e2a2c0","bucket":"906e8062-26a2-4528-ad32-3a7573829f87","key":"d287b814-3381-45b5-a6cc-e2754adfbad9","dataSize":"12","replicationType":"RATIS","replicationFactor":"ONE","Transaction":"1713"} | ret=SUCCESS |  
2025-10-16 19:49:09,647 | INFO  | OMAudit | user=runner | ip=127.0.0.1 | op=READ_KEY {"volume":"df8bffd0-ab63-41ff-9ee8-f05375e2a2c0","bucket":"906e8062-26a2-4528-ad32-3a7573829f87","key":"d287b814-3381-45b5-a6cc-e2754adfbad9","owner":null,"dataSize":"0","replicationConfig":null} | ret=SUCCESS |  
2025-10-16 19:49:09,648 | INFO  | OMAudit | user=runner | ip=127.0.0.1 | op=READ_KEY {"volume":"df8bffd0-ab63-41ff-9ee8-f05375e2a2c0","bucket":"906e8062-26a2-4528-ad32-3a7573829f87","key":"d287b814-3381-45b5-a6cc-e2754adfbad9","owner":null,"dataSize":"0","replicationConfig":null} | ret=SUCCESS |  
2025-10-16 19:49:09,653 | INFO  | SCMAudit | user=runner | ip=127.0.0.1 | op=GET_CONTAINER_WITH_PIPELINE_BATCH {"containerIDs":"#11,"} | ret=SUCCESS |  
2025-10-16 19:49:09,654 | INFO  | OMAudit | user=null | ip= | op=READ_KEY {"volume":"df8bffd0-ab63-41ff-9ee8-f05375e2a2c0","bucket":"906e8062-26a2-4528-ad32-3a7573829f87","key":"d287b814-3381-45b5-a6cc-e2754adfbad9","owner":null,"dataSize":"0","replicationConfig":null} | ret=SUCCESS |  
2025-10-16 19:49:09,656 | INFO  | SCMAudit | user=runner | ip=127.0.0.1 | op=GET_CONTAINER {"containerID":"11"} | ret=SUCCESS |  
2025-10-16 19:49:09,657 | INFO  | OMAudit | user=runner | ip=127.0.0.1 | op=READ_BUCKET {"volume":"df8bffd0-ab63-41ff-9ee8-f05375e2a2c0","bucket":"906e8062-26a2-4528-ad32-3a7573829f87"} | ret=SUCCESS |  
2025-10-16 19:49:09,658 | INFO  | SCMAudit | user=runner | ip=127.0.0.1 | op=ALLOCATE_BLOCK {"replication":"RATIS/ONE","owner":"omServiceIdDefault","size":"4194304","sampleBlocks":"[conID: 12 locID: 115816896921600475]","num":"1","client":"","allocated":"1"} | ret=SUCCESS |  
2025-10-16 19:49:09,660 | INFO  | OMAudit | user=runner | ip=127.0.0.1 | op=ALLOCATE_KEY {"volume":"df8bffd0-ab63-41ff-9ee8-f05375e2a2c0","bucket":"906e8062-26a2-4528-ad32-3a7573829f87","key":"030087df-411b-4090-88f9-fbc5d360a03d","dataSize":"12","replicationType":"RATIS","replicationFactor":"ONE","Transaction":"1714"} | ret=SUCCESS |  
2025-10-16 19:49:09,667 | INFO  | OMAudit | user=runner | ip=127.0.0.1 | op=COMMIT_KEY {"volume":"df8bffd0-ab63-41ff-9ee8-f05375e2a2c0","bucket":"906e8062-26a2-4528-ad32-3a7573829f87","key":"030087df-411b-4090-88f9-fbc5d360a03d","dataSize":"12","replicationType":"RATIS","replicationFactor":"ONE","Transaction":"1715"} | ret=SUCCESS |  
2025-10-16 19:49:09,669 | INFO  | OMAudit | user=runner | ip=127.0.0.1 | op=READ_KEY {"volume":"df8bffd0-ab63-41ff-9ee8-f05375e2a2c0","bucket":"906e8062-26a2-4528-ad32-3a7573829f87","key":"030087df-411b-4090-88f9-fbc5d360a03d","owner":null,"dataSize":"0","replicationConfig":null} | ret=SUCCESS |  
2025-10-16 19:49:09,671 | INFO  | OMAudit | user=runner | ip=127.0.0.1 | op=READ_KEY {"volume":"df8bffd0-ab63-41ff-9ee8-f05375e2a2c0","bucket":"906e8062-26a2-4528-ad32-3a7573829f87","key":"030087df-411b-4090-88f9-fbc5d360a03d","owner":null,"dataSize":"0","replicationConfig":null} | ret=SUCCESS |  
2025-10-16 19:49:09,676 | INFO  | SCMAudit | user=runner | ip=127.0.0.1 | op=GET_CONTAINER_WITH_PIPELINE_BATCH {"containerIDs":"#12,"} | ret=SUCCESS |  
2025-10-16 19:49:09,677 | INFO  | OMAudit | user=null | ip= | op=READ_KEY {"volume":"df8bffd0-ab63-41ff-9ee8-f05375e2a2c0","bucket":"906e8062-26a2-4528-ad32-3a7573829f87","key":"030087df-411b-4090-88f9-fbc5d360a03d","owner":null,"dataSize":"0","replicationConfig":null} | ret=SUCCESS |  
2025-10-16 19:49:09,679 | INFO  | SCMAudit | user=runner | ip=127.0.0.1 | op=GET_CONTAINER {"containerID":"12"} | ret=SUCCESS |  
2025-10-16 19:49:09,680 | INFO  | OMAudit | user=runner | ip=127.0.0.1 | op=READ_BUCKET {"volume":"df8bffd0-ab63-41ff-9ee8-f05375e2a2c0","bucket":"906e8062-26a2-4528-ad32-3a7573829f87"} | ret=SUCCESS |  
2025-10-16 19:49:09,681 | INFO  | SCMAudit | user=runner | ip=127.0.0.1 | op=ALLOCATE_BLOCK {"replication":"RATIS/ONE","owner":"omServiceIdDefault","size":"4194304","sampleBlocks":"[conID: 10 locID: 115816896921600476]","num":"1","client":"","allocated":"1"} | ret=SUCCESS |  
2025-10-16 19:49:09,682 | INFO  | OMAudit | user=runner | ip=127.0.0.1 | op=ALLOCATE_KEY {"volume":"df8bffd0-ab63-41ff-9ee8-f05375e2a2c0","bucket":"906e8062-26a2-4528-ad32-3a7573829f87","key":"6e9a254d-f2fc-472f-96f0-9c6acbf52bf6","dataSize":"12","replicationType":"RATIS","replicationFactor":"ONE","Transaction":"1716"} | ret=SUCCESS |  
2025-10-16 19:49:09,688 | INFO  | OMAudit | user=runner | ip=127.0.0.1 | op=COMMIT_KEY {"volume":"df8bffd0-ab63-41ff-9ee8-f05375e2a2c0","bucket":"906e8062-26a2-4528-ad32-3a7573829f87","key":"6e9a254d-f2fc-472f-96f0-9c6acbf52bf6","dataSize":"12","replicationType":"RATIS","replicationFactor":"ONE","Transaction":"1717"} | ret=SUCCESS |  
2025-10-16 19:49:09,690 | INFO  | OMAudit | user=runner | ip=127.0.0.1 | op=READ_KEY {"volume":"df8bffd0-ab63-41ff-9ee8-f05375e2a2c0","bucket":"906e8062-26a2-4528-ad32-3a7573829f87","key":"6e9a254d-f2fc-472f-96f0-9c6acbf52bf6","owner":null,"dataSize":"0","replicationConfig":null} | ret=SUCCESS |  
2025-10-16 19:49:09,691 | INFO  | OMAudit | user=runner | ip=127.0.0.1 | op=READ_KEY {"volume":"df8bffd0-ab63-41ff-9ee8-f05375e2a2c0","bucket":"906e8062-26a2-4528-ad32-3a7573829f87","key":"6e9a254d-f2fc-472f-96f0-9c6acbf52bf6","owner":null,"dataSize":"0","replicationConfig":null} | ret=SUCCESS |  
2025-10-16 19:49:09,695 | INFO  | SCMAudit | user=runner | ip=127.0.0.1 | op=GET_CONTAINER_WITH_PIPELINE_BATCH {"containerIDs":"#10,"} | ret=SUCCESS |  
2025-10-16 19:49:09,696 | INFO  | OMAudit | user=null | ip= | op=READ_KEY {"volume":"df8bffd0-ab63-41ff-9ee8-f05375e2a2c0","bucket":"906e8062-26a2-4528-ad32-3a7573829f87","key":"6e9a254d-f2fc-472f-96f0-9c6acbf52bf6","owner":null,"dataSize":"0","replicationConfig":null} | ret=SUCCESS |  
2025-10-16 19:49:09,696 | INFO  | SCMAudit | user=runner | ip=127.0.0.1 | op=GET_CONTAINER {"containerID":"10"} | ret=SUCCESS |  
2025-10-16 19:49:09,698 | INFO  | OMAudit | user=runner | ip=127.0.0.1 | op=READ_BUCKET {"volume":"df8bffd0-ab63-41ff-9ee8-f05375e2a2c0","bucket":"906e8062-26a2-4528-ad32-3a7573829f87"} | ret=SUCCESS |  
2025-10-16 19:49:09,698 | INFO  | SCMAudit | user=runner | ip=127.0.0.1 | op=ALLOCATE_BLOCK {"replication":"RATIS/ONE","owner":"omServiceIdDefault","size":"4194304","sampleBlocks":"[conID: 11 locID: 115816896921600477]","num":"1","client":"","allocated":"1"} | ret=SUCCESS |  
2025-10-16 19:49:09,700 | INFO  | OMAudit | user=runner | ip=127.0.0.1 | op=ALLOCATE_KEY {"volume":"df8bffd0-ab63-41ff-9ee8-f05375e2a2c0","bucket":"906e8062-26a2-4528-ad32-3a7573829f87","key":"6446cd38-1852-4175-85ab-ee4447aa7d3b","dataSize":"12","replicationType":"RATIS","replicationFactor":"ONE","Transaction":"1718"} | ret=SUCCESS |  
2025-10-16 19:49:09,706 | INFO  | OMAudit | user=runner | ip=127.0.0.1 | op=COMMIT_KEY {"volume":"df8bffd0-ab63-41ff-9ee8-f05375e2a2c0","bucket":"906e8062-26a2-4528-ad32-3a7573829f87","key":"6446cd38-1852-4175-85ab-ee4447aa7d3b","dataSize":"12","replicationType":"RATIS","replicationFactor":"ONE","Transaction":"1719"} | ret=SUCCESS |  
2025-10-16 19:49:09,708 | INFO  | OMAudit | user=runner | ip=127.0.0.1 | op=READ_KEY {"volume":"df8bffd0-ab63-41ff-9ee8-f05375e2a2c0","bucket":"906e8062-26a2-4528-ad32-3a7573829f87","key":"6446cd38-1852-4175-85ab-ee4447aa7d3b","owner":null,"dataSize":"0","replicationConfig":null} | ret=SUCCESS |  
2025-10-16 19:49:09,709 | INFO  | OMAudit | user=runner | ip=127.0.0.1 | op=READ_KEY {"volume":"df8bffd0-ab63-41ff-9ee8-f05375e2a2c0","bucket":"906e8062-26a2-4528-ad32-3a7573829f87","key":"6446cd38-1852-4175-85ab-ee4447aa7d3b","owner":null,"dataSize":"0","replicationConfig":null} | ret=SUCCESS |  
2025-10-16 19:49:09,715 | INFO  | SCMAudit | user=runner | ip=127.0.0.1 | op=GET_CONTAINER_WITH_PIPELINE_BATCH {"containerIDs":"#11,"} | ret=SUCCESS |  
2025-10-16 19:49:09,715 | INFO  | OMAudit | user=null | ip= | op=READ_KEY {"volume":"df8bffd0-ab63-41ff-9ee8-f05375e2a2c0","bucket":"906e8062-26a2-4528-ad32-3a7573829f87","key":"6446cd38-1852-4175-85ab-ee4447aa7d3b","owner":null,"dataSize":"0","replicationConfig":null} | ret=SUCCESS |  
2025-10-16 19:49:09,716 | INFO  | SCMAudit | user=runner | ip=127.0.0.1 | op=GET_CONTAINER {"containerID":"11"} | ret=SUCCESS |  
2025-10-16 19:49:09,717 | INFO  | OMAudit | user=runner | ip=127.0.0.1 | op=READ_BUCKET {"volume":"df8bffd0-ab63-41ff-9ee8-f05375e2a2c0","bucket":"906e8062-26a2-4528-ad32-3a7573829f87"} | ret=SUCCESS |  
2025-10-16 19:49:09,718 | INFO  | SCMAudit | user=runner | ip=127.0.0.1 | op=ALLOCATE_BLOCK {"replication":"RATIS/ONE","owner":"omServiceIdDefault","size":"4194304","sampleBlocks":"[conID: 13 locID: 115816896921600478]","num":"1","client":"","allocated":"1"} | ret=SUCCESS |  
2025-10-16 19:49:09,719 | INFO  | SCMAudit | user=runner | ip=127.0.0.1 | op=SEND_HEARTBEAT {"datanodeUUID":"757ca056-973f-4f05-ab2d-6aff6c54d452","term":"2","command":"[]"} | ret=SUCCESS |  
2025-10-16 19:49:09,720 | INFO  | OMAudit | user=runner | ip=127.0.0.1 | op=ALLOCATE_KEY {"volume":"df8bffd0-ab63-41ff-9ee8-f05375e2a2c0","bucket":"906e8062-26a2-4528-ad32-3a7573829f87","key":"5b07b708-0df0-404d-8be0-886bbe0ffc56","dataSize":"12","replicationType":"RATIS","replicationFactor":"ONE","Transaction":"1720"} | ret=SUCCESS |  
2025-10-16 19:49:09,728 | INFO  | OMAudit | user=runner | ip=127.0.0.1 | op=COMMIT_KEY {"volume":"df8bffd0-ab63-41ff-9ee8-f05375e2a2c0","bucket":"906e8062-26a2-4528-ad32-3a7573829f87","key":"5b07b708-0df0-404d-8be0-886bbe0ffc56","dataSize":"12","replicationType":"RATIS","replicationFactor":"ONE","Transaction":"1721"} | ret=SUCCESS |  
2025-10-16 19:49:09,730 | INFO  | OMAudit | user=runner | ip=127.0.0.1 | op=READ_KEY {"volume":"df8bffd0-ab63-41ff-9ee8-f05375e2a2c0","bucket":"906e8062-26a2-4528-ad32-3a7573829f87","key":"5b07b708-0df0-404d-8be0-886bbe0ffc56","owner":null,"dataSize":"0","replicationConfig":null} | ret=SUCCESS |  
2025-10-16 19:49:09,732 | INFO  | OMAudit | user=runner | ip=127.0.0.1 | op=READ_KEY {"volume":"df8bffd0-ab63-41ff-9ee8-f05375e2a2c0","bucket":"906e8062-26a2-4528-ad32-3a7573829f87","key":"5b07b708-0df0-404d-8be0-886bbe0ffc56","owner":null,"dataSize":"0","replicationConfig":null} | ret=SUCCESS |  
2025-10-16 19:49:09,737 | INFO  | SCMAudit | user=runner | ip=127.0.0.1 | op=GET_CONTAINER_WITH_PIPELINE_BATCH {"containerIDs":"#13,"} | ret=SUCCESS |  
2025-10-16 19:49:09,740 | INFO  | OMAudit | user=null | ip= | op=READ_KEY {"volume":"df8bffd0-ab63-41ff-9ee8-f05375e2a2c0","bucket":"906e8062-26a2-4528-ad32-3a7573829f87","key":"5b07b708-0df0-404d-8be0-886bbe0ffc56","owner":null,"dataSize":"0","replicationConfig":null} | ret=SUCCESS |  
2025-10-16 19:49:09,742 | INFO  | SCMAudit | user=runner | ip=127.0.0.1 | op=GET_CONTAINER {"containerID":"13"} | ret=SUCCESS |  
2025-10-16 19:49:09,744 | INFO  | OMAudit | user=runner | ip=127.0.0.1 | op=READ_BUCKET {"volume":"df8bffd0-ab63-41ff-9ee8-f05375e2a2c0","bucket":"906e8062-26a2-4528-ad32-3a7573829f87"} | ret=SUCCESS |  
2025-10-16 19:49:09,745 | INFO  | SCMAudit | user=runner | ip=127.0.0.1 | op=ALLOCATE_BLOCK {"replication":"RATIS/ONE","owner":"omServiceIdDefault","size":"4194304","sampleBlocks":"[conID: 5 locID: 115816896921600479]","num":"1","client":"","allocated":"1"} | ret=SUCCESS |  
2025-10-16 19:49:09,747 | INFO  | OMAudit | user=runner | ip=127.0.0.1 | op=ALLOCATE_KEY {"volume":"df8bffd0-ab63-41ff-9ee8-f05375e2a2c0","bucket":"906e8062-26a2-4528-ad32-3a7573829f87","key":"d8276af9-b05d-4a67-8c03-fb6930322e6a","dataSize":"12","replicationType":"RATIS","replicationFactor":"ONE","Transaction":"1722"} | ret=SUCCESS |  
2025-10-16 19:49:09,756 | INFO  | OMAudit | user=runner | ip=127.0.0.1 | op=COMMIT_KEY {"volume":"df8bffd0-ab63-41ff-9ee8-f05375e2a2c0","bucket":"906e8062-26a2-4528-ad32-3a7573829f87","key":"d8276af9-b05d-4a67-8c03-fb6930322e6a","dataSize":"12","replicationType":"RATIS","replicationFactor":"ONE","Transaction":"1723"} | ret=SUCCESS |  
2025-10-16 19:49:09,758 | INFO  | OMAudit | user=runner | ip=127.0.0.1 | op=READ_KEY {"volume":"df8bffd0-ab63-41ff-9ee8-f05375e2a2c0","bucket":"906e8062-26a2-4528-ad32-3a7573829f87","key":"d8276af9-b05d-4a67-8c03-fb6930322e6a","owner":null,"dataSize":"0","replicationConfig":null} | ret=SUCCESS |  
2025-10-16 19:49:09,760 | INFO  | OMAudit | user=runner | ip=127.0.0.1 | op=READ_KEY {"volume":"df8bffd0-ab63-41ff-9ee8-f05375e2a2c0","bucket":"906e8062-26a2-4528-ad32-3a7573829f87","key":"d8276af9-b05d-4a67-8c03-fb6930322e6a","owner":null,"dataSize":"0","replicationConfig":null} | ret=SUCCESS |  
2025-10-16 19:49:09,767 | INFO  | SCMAudit | user=runner | ip=127.0.0.1 | op=GET_CONTAINER_WITH_PIPELINE_BATCH {"containerIDs":"#5,"} | ret=SUCCESS |  
2025-10-16 19:49:09,767 | INFO  | OMAudit | user=null | ip= | op=READ_KEY {"volume":"df8bffd0-ab63-41ff-9ee8-f05375e2a2c0","bucket":"906e8062-26a2-4528-ad32-3a7573829f87","key":"d8276af9-b05d-4a67-8c03-fb6930322e6a","owner":null,"dataSize":"0","replicationConfig":null} | ret=SUCCESS |  
2025-10-16 19:49:09,768 | INFO  | SCMAudit | user=runner | ip=127.0.0.1 | op=GET_CONTAINER {"containerID":"5"} | ret=SUCCESS |  
2025-10-16 19:49:09,769 | INFO  | OMAudit | user=runner | ip=127.0.0.1 | op=READ_BUCKET {"volume":"df8bffd0-ab63-41ff-9ee8-f05375e2a2c0","bucket":"906e8062-26a2-4528-ad32-3a7573829f87"} | ret=SUCCESS |  
2025-10-16 19:49:09,770 | INFO  | SCMAudit | user=runner | ip=127.0.0.1 | op=ALLOCATE_BLOCK {"replication":"RATIS/ONE","owner":"omServiceIdDefault","size":"4194304","sampleBlocks":"[conID: 9 locID: 115816896921600480]","num":"1","client":"","allocated":"1"} | ret=SUCCESS |  
2025-10-16 19:49:09,771 | INFO  | OMAudit | user=runner | ip=127.0.0.1 | op=ALLOCATE_KEY {"volume":"df8bffd0-ab63-41ff-9ee8-f05375e2a2c0","bucket":"906e8062-26a2-4528-ad32-3a7573829f87","key":"0f046675-729c-4a54-9e6c-29088b7423bd","dataSize":"12","replicationType":"RATIS","replicationFactor":"ONE","Transaction":"1724"} | ret=SUCCESS |  
2025-10-16 19:49:09,778 | INFO  | OMAudit | user=runner | ip=127.0.0.1 | op=COMMIT_KEY {"volume":"df8bffd0-ab63-41ff-9ee8-f05375e2a2c0","bucket":"906e8062-26a2-4528-ad32-3a7573829f87","key":"0f046675-729c-4a54-9e6c-29088b7423bd","dataSize":"12","replicationType":"RATIS","replicationFactor":"ONE","Transaction":"1725"} | ret=SUCCESS |  
2025-10-16 19:49:09,779 | INFO  | OMAudit | user=runner | ip=127.0.0.1 | op=READ_KEY {"volume":"df8bffd0-ab63-41ff-9ee8-f05375e2a2c0","bucket":"906e8062-26a2-4528-ad32-3a7573829f87","key":"0f046675-729c-4a54-9e6c-29088b7423bd","owner":null,"dataSize":"0","replicationConfig":null} | ret=SUCCESS |  
2025-10-16 19:49:09,781 | INFO  | OMAudit | user=runner | ip=127.0.0.1 | op=READ_KEY {"volume":"df8bffd0-ab63-41ff-9ee8-f05375e2a2c0","bucket":"906e8062-26a2-4528-ad32-3a7573829f87","key":"0f046675-729c-4a54-9e6c-29088b7423bd","owner":null,"dataSize":"0","replicationConfig":null} | ret=SUCCESS |  
2025-10-16 19:49:09,786 | INFO  | SCMAudit | user=runner | ip=127.0.0.1 | op=GET_CONTAINER_WITH_PIPELINE_BATCH {"containerIDs":"#9,"} | ret=SUCCESS |  
2025-10-16 19:49:09,787 | INFO  | OMAudit | user=null | ip= | op=READ_KEY {"volume":"df8bffd0-ab63-41ff-9ee8-f05375e2a2c0","bucket":"906e8062-26a2-4528-ad32-3a7573829f87","key":"0f046675-729c-4a54-9e6c-29088b7423bd","owner":null,"dataSize":"0","replicationConfig":null} | ret=SUCCESS |  
2025-10-16 19:49:09,787 | INFO  | SCMAudit | user=runner | ip=127.0.0.1 | op=GET_CONTAINER {"containerID":"9"} | ret=SUCCESS |  
2025-10-16 19:49:09,788 | INFO  | OMAudit | user=runner | ip=127.0.0.1 | op=READ_BUCKET {"volume":"df8bffd0-ab63-41ff-9ee8-f05375e2a2c0","bucket":"906e8062-26a2-4528-ad32-3a7573829f87"} | ret=SUCCESS |  
2025-10-16 19:49:09,789 | INFO  | SCMAudit | user=runner | ip=127.0.0.1 | op=ALLOCATE_BLOCK {"replication":"RATIS/ONE","owner":"omServiceIdDefault","size":"4194304","sampleBlocks":"[conID: 2 locID: 115816896921600481]","num":"1","client":"","allocated":"1"} | ret=SUCCESS |  
2025-10-16 19:49:09,791 | INFO  | OMAudit | user=runner | ip=127.0.0.1 | op=ALLOCATE_KEY {"volume":"df8bffd0-ab63-41ff-9ee8-f05375e2a2c0","bucket":"906e8062-26a2-4528-ad32-3a7573829f87","key":"341e1660-57d8-45e0-a94e-98a58fde0eda","dataSize":"12","replicationType":"RATIS","replicationFactor":"ONE","Transaction":"1726"} | ret=SUCCESS |  
2025-10-16 19:49:09,795 | INFO  | OMAudit | user=runner | ip=127.0.0.1 | op=COMMIT_KEY {"volume":"df8bffd0-ab63-41ff-9ee8-f05375e2a2c0","bucket":"906e8062-26a2-4528-ad32-3a7573829f87","key":"341e1660-57d8-45e0-a94e-98a58fde0eda","dataSize":"12","replicationType":"RATIS","replicationFactor":"ONE","Transaction":"1727"} | ret=SUCCESS |  
2025-10-16 19:49:09,796 | INFO  | OMAudit | user=runner | ip=127.0.0.1 | op=READ_KEY {"volume":"df8bffd0-ab63-41ff-9ee8-f05375e2a2c0","bucket":"906e8062-26a2-4528-ad32-3a7573829f87","key":"341e1660-57d8-45e0-a94e-98a58fde0eda","owner":null,"dataSize":"0","replicationConfig":null} | ret=SUCCESS |  
2025-10-16 19:49:09,798 | INFO  | OMAudit | user=runner | ip=127.0.0.1 | op=READ_KEY {"volume":"df8bffd0-ab63-41ff-9ee8-f05375e2a2c0","bucket":"906e8062-26a2-4528-ad32-3a7573829f87","key":"341e1660-57d8-45e0-a94e-98a58fde0eda","owner":null,"dataSize":"0","replicationConfig":null} | ret=SUCCESS |  
2025-10-16 19:49:09,801 | INFO  | SCMAudit | user=runner | ip=127.0.0.1 | op=GET_CONTAINER_WITH_PIPELINE_BATCH {"containerIDs":"#2,"} | ret=SUCCESS |  
2025-10-16 19:49:09,802 | INFO  | OMAudit | user=null | ip= | op=READ_KEY {"volume":"df8bffd0-ab63-41ff-9ee8-f05375e2a2c0","bucket":"906e8062-26a2-4528-ad32-3a7573829f87","key":"341e1660-57d8-45e0-a94e-98a58fde0eda","owner":null,"dataSize":"0","replicationConfig":null} | ret=SUCCESS |  
2025-10-16 19:49:09,803 | INFO  | SCMAudit | user=runner | ip=127.0.0.1 | op=GET_CONTAINER {"containerID":"2"} | ret=SUCCESS |  
]]></system-out>
  </testcase>
  <testcase name="testPutKeyRatisThreeNodes" classname="org.apache.hadoop.ozone.client.rpc.TestSecureOzoneRpcClient" time="0.337">
    <system-out><![CDATA[2025-10-16 19:49:09,804 [ForkJoinPool-1-worker-1] INFO  rpc.RpcClient (RpcClient.java:createVolume(461)) - Creating Volume: 03b177db-cfd5-49ae-96d6-15976d7017cd, with runner as owner and space quota set to -1 bytes, counts quota set to -1
2025-10-16 19:49:09,807 [om1-OMStateMachineApplyTransactionThread - 0] INFO  volume.OMVolumeCreateRequest (OMVolumeCreateRequest.java:validateAndUpdateCache(213)) - created volume:03b177db-cfd5-49ae-96d6-15976d7017cd for user:runner
2025-10-16 19:49:09,807 | INFO  | OMAudit | user=runner | ip=127.0.0.1 | op=CREATE_VOLUME {"admin":"runner","owner":"runner","volume":"03b177db-cfd5-49ae-96d6-15976d7017cd","creationTime":"1760644149806","modificationTime":"1760644149806","quotaInBytes":"-1","quotaInNamespace":"-1","usedNamespace":"0","objectID":"-9223372036854333440","updateID":"1728","Transaction":"1728"} | ret=SUCCESS |  
2025-10-16 19:49:09,808 | INFO  | OMAudit | user=runner | ip=127.0.0.1 | op=READ_VOLUME {"volume":"03b177db-cfd5-49ae-96d6-15976d7017cd"} | ret=SUCCESS |  
2025-10-16 19:49:09,808 [ForkJoinPool-1-worker-1] INFO  rpc.RpcClient (RpcClient.java:createBucket(686)) - Creating Bucket: 03b177db-cfd5-49ae-96d6-15976d7017cd/1038ebf5-3658-473a-bf9a-1a812b404879, with server-side default bucket layout, runner as owner, Versioning false, Storage Type set to DISK and Encryption set to false, Replication Type set to server-side default replication type, Namespace Quota set to -1, Space Quota set to -1 
2025-10-16 19:49:09,810 [om1-OMStateMachineApplyTransactionThread - 0] INFO  bucket.OMBucketCreateRequest (OMBucketCreateRequest.java:validateAndUpdateCache(303)) - created bucket: 1038ebf5-3658-473a-bf9a-1a812b404879 of layout FILE_SYSTEM_OPTIMIZED in volume: 03b177db-cfd5-49ae-96d6-15976d7017cd
2025-10-16 19:49:09,810 | INFO  | OMAudit | user=runner | ip=127.0.0.1 | op=CREATE_BUCKET {"volume":"03b177db-cfd5-49ae-96d6-15976d7017cd","bucket":"1038ebf5-3658-473a-bf9a-1a812b404879","bucketLayout":"FILE_SYSTEM_OPTIMIZED","gdprEnabled":null,"acls":"[user:runner:a[ACCESS], group:runner:rl[ACCESS]]","isVersionEnabled":"false","storageType":"DISK","creationTime":"1760644149809","bucketEncryptionKey":null,"modificationTime":"1760644149809","usedBytes":"0","usedNamespace":"0","snapshotUsedBytes":"0","snapshotUsedNamespace":"0","owner":"runner","replicationType":null,"replicationConfig":null,"quotaInBytes":"-1","quotaInNamespace":"-1","Transaction":"1729"} | ret=SUCCESS |  
2025-10-16 19:49:09,811 | INFO  | OMAudit | user=runner | ip=127.0.0.1 | op=READ_BUCKET {"volume":"03b177db-cfd5-49ae-96d6-15976d7017cd","bucket":"1038ebf5-3658-473a-bf9a-1a812b404879"} | ret=SUCCESS |  
2025-10-16 19:49:09,812 | INFO  | OMAudit | user=runner | ip=127.0.0.1 | op=READ_BUCKET {"volume":"03b177db-cfd5-49ae-96d6-15976d7017cd","bucket":"1038ebf5-3658-473a-bf9a-1a812b404879"} | ret=SUCCESS |  
2025-10-16 19:49:09,813 | INFO  | SCMAudit | user=runner | ip=127.0.0.1 | op=ALLOCATE_BLOCK {"replication":"RATIS/THREE","owner":"omServiceIdDefault","size":"4194304","sampleBlocks":"[conID: 16 locID: 115816896921600482]","num":"1","client":"","allocated":"1"} | ret=SUCCESS |  
2025-10-16 19:49:09,815 | INFO  | OMAudit | user=runner | ip=127.0.0.1 | op=ALLOCATE_KEY {"volume":"03b177db-cfd5-49ae-96d6-15976d7017cd","bucket":"1038ebf5-3658-473a-bf9a-1a812b404879","key":"33bf252c-656c-47ee-82dc-0adf4a97cf21","dataSize":"12","replicationType":"RATIS","replicationFactor":"THREE","Transaction":"1730"} | ret=SUCCESS |  
2025-10-16 19:49:09,826 | INFO  | OMAudit | user=runner | ip=127.0.0.1 | op=COMMIT_KEY {"volume":"03b177db-cfd5-49ae-96d6-15976d7017cd","bucket":"1038ebf5-3658-473a-bf9a-1a812b404879","key":"33bf252c-656c-47ee-82dc-0adf4a97cf21","dataSize":"12","replicationType":"RATIS","replicationFactor":"THREE","Transaction":"1731"} | ret=SUCCESS |  
2025-10-16 19:49:09,828 | INFO  | OMAudit | user=runner | ip=127.0.0.1 | op=READ_KEY {"volume":"03b177db-cfd5-49ae-96d6-15976d7017cd","bucket":"1038ebf5-3658-473a-bf9a-1a812b404879","key":"33bf252c-656c-47ee-82dc-0adf4a97cf21","owner":null,"dataSize":"0","replicationConfig":null} | ret=SUCCESS |  
2025-10-16 19:49:09,829 | INFO  | OMAudit | user=runner | ip=127.0.0.1 | op=READ_KEY {"volume":"03b177db-cfd5-49ae-96d6-15976d7017cd","bucket":"1038ebf5-3658-473a-bf9a-1a812b404879","key":"33bf252c-656c-47ee-82dc-0adf4a97cf21","owner":null,"dataSize":"0","replicationConfig":null} | ret=SUCCESS |  
2025-10-16 19:49:09,835 | INFO  | SCMAudit | user=runner | ip=127.0.0.1 | op=GET_CONTAINER_WITH_PIPELINE_BATCH {"containerIDs":"#16,"} | ret=SUCCESS |  
2025-10-16 19:49:09,836 | INFO  | OMAudit | user=null | ip= | op=READ_KEY {"volume":"03b177db-cfd5-49ae-96d6-15976d7017cd","bucket":"1038ebf5-3658-473a-bf9a-1a812b404879","key":"33bf252c-656c-47ee-82dc-0adf4a97cf21","owner":null,"dataSize":"0","replicationConfig":null} | ret=SUCCESS |  
2025-10-16 19:49:09,837 | INFO  | SCMAudit | user=runner | ip=127.0.0.1 | op=GET_CONTAINER {"containerID":"16"} | ret=SUCCESS |  
2025-10-16 19:49:09,838 | INFO  | OMAudit | user=runner | ip=127.0.0.1 | op=READ_BUCKET {"volume":"03b177db-cfd5-49ae-96d6-15976d7017cd","bucket":"1038ebf5-3658-473a-bf9a-1a812b404879"} | ret=SUCCESS |  
2025-10-16 19:49:09,838 | INFO  | SCMAudit | user=runner | ip=127.0.0.1 | op=ALLOCATE_BLOCK {"replication":"RATIS/THREE","owner":"omServiceIdDefault","size":"4194304","sampleBlocks":"[conID: 16 locID: 115816896921600483]","num":"1","client":"","allocated":"1"} | ret=SUCCESS |  
2025-10-16 19:49:09,841 | INFO  | OMAudit | user=runner | ip=127.0.0.1 | op=ALLOCATE_KEY {"volume":"03b177db-cfd5-49ae-96d6-15976d7017cd","bucket":"1038ebf5-3658-473a-bf9a-1a812b404879","key":"dacb81e5-f92c-4b46-8aad-ada561080ee8","dataSize":"12","replicationType":"RATIS","replicationFactor":"THREE","Transaction":"1732"} | ret=SUCCESS |  
2025-10-16 19:49:09,865 | INFO  | OMAudit | user=runner | ip=127.0.0.1 | op=COMMIT_KEY {"volume":"03b177db-cfd5-49ae-96d6-15976d7017cd","bucket":"1038ebf5-3658-473a-bf9a-1a812b404879","key":"dacb81e5-f92c-4b46-8aad-ada561080ee8","dataSize":"12","replicationType":"RATIS","replicationFactor":"THREE","Transaction":"1733"} | ret=SUCCESS |  
2025-10-16 19:49:09,867 | INFO  | OMAudit | user=runner | ip=127.0.0.1 | op=READ_KEY {"volume":"03b177db-cfd5-49ae-96d6-15976d7017cd","bucket":"1038ebf5-3658-473a-bf9a-1a812b404879","key":"dacb81e5-f92c-4b46-8aad-ada561080ee8","owner":null,"dataSize":"0","replicationConfig":null} | ret=SUCCESS |  
2025-10-16 19:49:09,869 | INFO  | OMAudit | user=runner | ip=127.0.0.1 | op=READ_KEY {"volume":"03b177db-cfd5-49ae-96d6-15976d7017cd","bucket":"1038ebf5-3658-473a-bf9a-1a812b404879","key":"dacb81e5-f92c-4b46-8aad-ada561080ee8","owner":null,"dataSize":"0","replicationConfig":null} | ret=SUCCESS |  
2025-10-16 19:49:09,877 | INFO  | SCMAudit | user=runner | ip=127.0.0.1 | op=GET_CONTAINER_WITH_PIPELINE_BATCH {"containerIDs":"#16,"} | ret=SUCCESS |  
2025-10-16 19:49:09,909 | INFO  | OMAudit | user=null | ip= | op=READ_KEY {"volume":"03b177db-cfd5-49ae-96d6-15976d7017cd","bucket":"1038ebf5-3658-473a-bf9a-1a812b404879","key":"dacb81e5-f92c-4b46-8aad-ada561080ee8","owner":null,"dataSize":"0","replicationConfig":null} | ret=SUCCESS |  
2025-10-16 19:49:09,911 | INFO  | SCMAudit | user=runner | ip=127.0.0.1 | op=GET_CONTAINER {"containerID":"16"} | ret=SUCCESS |  
2025-10-16 19:49:09,915 | INFO  | OMAudit | user=runner | ip=127.0.0.1 | op=READ_BUCKET {"volume":"03b177db-cfd5-49ae-96d6-15976d7017cd","bucket":"1038ebf5-3658-473a-bf9a-1a812b404879"} | ret=SUCCESS |  
2025-10-16 19:49:09,916 | INFO  | SCMAudit | user=runner | ip=127.0.0.1 | op=ALLOCATE_BLOCK {"replication":"RATIS/THREE","owner":"omServiceIdDefault","size":"4194304","sampleBlocks":"[conID: 17 locID: 115816896921600484]","num":"1","client":"","allocated":"1"} | ret=SUCCESS |  
2025-10-16 19:49:09,919 | INFO  | OMAudit | user=runner | ip=127.0.0.1 | op=ALLOCATE_KEY {"volume":"03b177db-cfd5-49ae-96d6-15976d7017cd","bucket":"1038ebf5-3658-473a-bf9a-1a812b404879","key":"506e01ef-1a58-4bf9-a678-0c4f05248e58","dataSize":"12","replicationType":"RATIS","replicationFactor":"THREE","Transaction":"1734"} | ret=SUCCESS |  
2025-10-16 19:49:09,924 | INFO  | SCMAudit | user=runner | ip=127.0.0.1 | op=SEND_HEARTBEAT {"datanodeUUID":"f700af26-0e26-4136-9205-9509c82c8c70","term":"2","command":"[]"} | ret=SUCCESS |  
2025-10-16 19:49:09,932 | INFO  | OMAudit | user=runner | ip=127.0.0.1 | op=COMMIT_KEY {"volume":"03b177db-cfd5-49ae-96d6-15976d7017cd","bucket":"1038ebf5-3658-473a-bf9a-1a812b404879","key":"506e01ef-1a58-4bf9-a678-0c4f05248e58","dataSize":"12","replicationType":"RATIS","replicationFactor":"THREE","Transaction":"1735"} | ret=SUCCESS |  
2025-10-16 19:49:09,934 | INFO  | OMAudit | user=runner | ip=127.0.0.1 | op=READ_KEY {"volume":"03b177db-cfd5-49ae-96d6-15976d7017cd","bucket":"1038ebf5-3658-473a-bf9a-1a812b404879","key":"506e01ef-1a58-4bf9-a678-0c4f05248e58","owner":null,"dataSize":"0","replicationConfig":null} | ret=SUCCESS |  
2025-10-16 19:49:09,936 | INFO  | OMAudit | user=runner | ip=127.0.0.1 | op=READ_KEY {"volume":"03b177db-cfd5-49ae-96d6-15976d7017cd","bucket":"1038ebf5-3658-473a-bf9a-1a812b404879","key":"506e01ef-1a58-4bf9-a678-0c4f05248e58","owner":null,"dataSize":"0","replicationConfig":null} | ret=SUCCESS |  
2025-10-16 19:49:09,941 | INFO  | SCMAudit | user=runner | ip=127.0.0.1 | op=GET_CONTAINER_WITH_PIPELINE_BATCH {"containerIDs":"#17,"} | ret=SUCCESS |  
2025-10-16 19:49:09,941 | INFO  | OMAudit | user=null | ip= | op=READ_KEY {"volume":"03b177db-cfd5-49ae-96d6-15976d7017cd","bucket":"1038ebf5-3658-473a-bf9a-1a812b404879","key":"506e01ef-1a58-4bf9-a678-0c4f05248e58","owner":null,"dataSize":"0","replicationConfig":null} | ret=SUCCESS |  
2025-10-16 19:49:09,942 | INFO  | SCMAudit | user=runner | ip=127.0.0.1 | op=GET_CONTAINER {"containerID":"17"} | ret=SUCCESS |  
2025-10-16 19:49:09,943 | INFO  | OMAudit | user=runner | ip=127.0.0.1 | op=READ_BUCKET {"volume":"03b177db-cfd5-49ae-96d6-15976d7017cd","bucket":"1038ebf5-3658-473a-bf9a-1a812b404879"} | ret=SUCCESS |  
2025-10-16 19:49:09,944 | INFO  | SCMAudit | user=runner | ip=127.0.0.1 | op=ALLOCATE_BLOCK {"replication":"RATIS/THREE","owner":"omServiceIdDefault","size":"4194304","sampleBlocks":"[conID: 18 locID: 115816896921600485]","num":"1","client":"","allocated":"1"} | ret=SUCCESS |  
2025-10-16 19:49:09,947 | INFO  | OMAudit | user=runner | ip=127.0.0.1 | op=ALLOCATE_KEY {"volume":"03b177db-cfd5-49ae-96d6-15976d7017cd","bucket":"1038ebf5-3658-473a-bf9a-1a812b404879","key":"8e7b95b9-cda8-4d42-8073-e5561614f221","dataSize":"12","replicationType":"RATIS","replicationFactor":"THREE","Transaction":"1736"} | ret=SUCCESS |  
2025-10-16 19:49:09,959 | INFO  | OMAudit | user=runner | ip=127.0.0.1 | op=COMMIT_KEY {"volume":"03b177db-cfd5-49ae-96d6-15976d7017cd","bucket":"1038ebf5-3658-473a-bf9a-1a812b404879","key":"8e7b95b9-cda8-4d42-8073-e5561614f221","dataSize":"12","replicationType":"RATIS","replicationFactor":"THREE","Transaction":"1737"} | ret=SUCCESS |  
2025-10-16 19:49:09,961 | INFO  | OMAudit | user=runner | ip=127.0.0.1 | op=READ_KEY {"volume":"03b177db-cfd5-49ae-96d6-15976d7017cd","bucket":"1038ebf5-3658-473a-bf9a-1a812b404879","key":"8e7b95b9-cda8-4d42-8073-e5561614f221","owner":null,"dataSize":"0","replicationConfig":null} | ret=SUCCESS |  
2025-10-16 19:49:09,962 | INFO  | OMAudit | user=runner | ip=127.0.0.1 | op=READ_KEY {"volume":"03b177db-cfd5-49ae-96d6-15976d7017cd","bucket":"1038ebf5-3658-473a-bf9a-1a812b404879","key":"8e7b95b9-cda8-4d42-8073-e5561614f221","owner":null,"dataSize":"0","replicationConfig":null} | ret=SUCCESS |  
2025-10-16 19:49:09,967 | INFO  | SCMAudit | user=runner | ip=127.0.0.1 | op=GET_CONTAINER_WITH_PIPELINE_BATCH {"containerIDs":"#18,"} | ret=SUCCESS |  
2025-10-16 19:49:09,970 | INFO  | OMAudit | user=null | ip= | op=READ_KEY {"volume":"03b177db-cfd5-49ae-96d6-15976d7017cd","bucket":"1038ebf5-3658-473a-bf9a-1a812b404879","key":"8e7b95b9-cda8-4d42-8073-e5561614f221","owner":null,"dataSize":"0","replicationConfig":null} | ret=SUCCESS |  
2025-10-16 19:49:09,970 | INFO  | SCMAudit | user=runner | ip=127.0.0.1 | op=GET_CONTAINER {"containerID":"18"} | ret=SUCCESS |  
2025-10-16 19:49:09,972 | INFO  | OMAudit | user=runner | ip=127.0.0.1 | op=READ_BUCKET {"volume":"03b177db-cfd5-49ae-96d6-15976d7017cd","bucket":"1038ebf5-3658-473a-bf9a-1a812b404879"} | ret=SUCCESS |  
2025-10-16 19:49:09,973 | INFO  | SCMAudit | user=runner | ip=127.0.0.1 | op=ALLOCATE_BLOCK {"replication":"RATIS/THREE","owner":"omServiceIdDefault","size":"4194304","sampleBlocks":"[conID: 16 locID: 115816896921600486]","num":"1","client":"","allocated":"1"} | ret=SUCCESS |  
2025-10-16 19:49:09,975 | INFO  | OMAudit | user=runner | ip=127.0.0.1 | op=ALLOCATE_KEY {"volume":"03b177db-cfd5-49ae-96d6-15976d7017cd","bucket":"1038ebf5-3658-473a-bf9a-1a812b404879","key":"f1196678-9d28-4daa-ad6e-012df2ad119b","dataSize":"12","replicationType":"RATIS","replicationFactor":"THREE","Transaction":"1738"} | ret=SUCCESS |  
2025-10-16 19:49:09,988 | INFO  | OMAudit | user=runner | ip=127.0.0.1 | op=COMMIT_KEY {"volume":"03b177db-cfd5-49ae-96d6-15976d7017cd","bucket":"1038ebf5-3658-473a-bf9a-1a812b404879","key":"f1196678-9d28-4daa-ad6e-012df2ad119b","dataSize":"12","replicationType":"RATIS","replicationFactor":"THREE","Transaction":"1739"} | ret=SUCCESS |  
2025-10-16 19:49:09,990 | INFO  | OMAudit | user=runner | ip=127.0.0.1 | op=READ_KEY {"volume":"03b177db-cfd5-49ae-96d6-15976d7017cd","bucket":"1038ebf5-3658-473a-bf9a-1a812b404879","key":"f1196678-9d28-4daa-ad6e-012df2ad119b","owner":null,"dataSize":"0","replicationConfig":null} | ret=SUCCESS |  
2025-10-16 19:49:09,992 | INFO  | OMAudit | user=runner | ip=127.0.0.1 | op=READ_KEY {"volume":"03b177db-cfd5-49ae-96d6-15976d7017cd","bucket":"1038ebf5-3658-473a-bf9a-1a812b404879","key":"f1196678-9d28-4daa-ad6e-012df2ad119b","owner":null,"dataSize":"0","replicationConfig":null} | ret=SUCCESS |  
2025-10-16 19:49:09,997 | INFO  | SCMAudit | user=runner | ip=127.0.0.1 | op=GET_CONTAINER_WITH_PIPELINE_BATCH {"containerIDs":"#16,"} | ret=SUCCESS |  
2025-10-16 19:49:09,998 | INFO  | OMAudit | user=null | ip= | op=READ_KEY {"volume":"03b177db-cfd5-49ae-96d6-15976d7017cd","bucket":"1038ebf5-3658-473a-bf9a-1a812b404879","key":"f1196678-9d28-4daa-ad6e-012df2ad119b","owner":null,"dataSize":"0","replicationConfig":null} | ret=SUCCESS |  
2025-10-16 19:49:09,999 | INFO  | SCMAudit | user=runner | ip=127.0.0.1 | op=GET_CONTAINER {"containerID":"16"} | ret=SUCCESS |  
2025-10-16 19:49:10,001 | INFO  | OMAudit | user=runner | ip=127.0.0.1 | op=READ_BUCKET {"volume":"03b177db-cfd5-49ae-96d6-15976d7017cd","bucket":"1038ebf5-3658-473a-bf9a-1a812b404879"} | ret=SUCCESS |  
2025-10-16 19:49:10,002 | INFO  | SCMAudit | user=runner | ip=127.0.0.1 | op=ALLOCATE_BLOCK {"replication":"RATIS/THREE","owner":"omServiceIdDefault","size":"4194304","sampleBlocks":"[conID: 18 locID: 115816896921600487]","num":"1","client":"","allocated":"1"} | ret=SUCCESS |  
2025-10-16 19:49:10,005 | INFO  | OMAudit | user=runner | ip=127.0.0.1 | op=ALLOCATE_KEY {"volume":"03b177db-cfd5-49ae-96d6-15976d7017cd","bucket":"1038ebf5-3658-473a-bf9a-1a812b404879","key":"46739568-e578-4d30-b8a6-034cda218dcb","dataSize":"12","replicationType":"RATIS","replicationFactor":"THREE","Transaction":"1740"} | ret=SUCCESS |  
2025-10-16 19:49:10,014 | INFO  | OMAudit | user=runner | ip=127.0.0.1 | op=COMMIT_KEY {"volume":"03b177db-cfd5-49ae-96d6-15976d7017cd","bucket":"1038ebf5-3658-473a-bf9a-1a812b404879","key":"46739568-e578-4d30-b8a6-034cda218dcb","dataSize":"12","replicationType":"RATIS","replicationFactor":"THREE","Transaction":"1741"} | ret=SUCCESS |  
2025-10-16 19:49:10,015 | INFO  | OMAudit | user=runner | ip=127.0.0.1 | op=READ_KEY {"volume":"03b177db-cfd5-49ae-96d6-15976d7017cd","bucket":"1038ebf5-3658-473a-bf9a-1a812b404879","key":"46739568-e578-4d30-b8a6-034cda218dcb","owner":null,"dataSize":"0","replicationConfig":null} | ret=SUCCESS |  
2025-10-16 19:49:10,016 | INFO  | OMAudit | user=runner | ip=127.0.0.1 | op=READ_KEY {"volume":"03b177db-cfd5-49ae-96d6-15976d7017cd","bucket":"1038ebf5-3658-473a-bf9a-1a812b404879","key":"46739568-e578-4d30-b8a6-034cda218dcb","owner":null,"dataSize":"0","replicationConfig":null} | ret=SUCCESS |  
2025-10-16 19:49:10,021 | INFO  | SCMAudit | user=runner | ip=127.0.0.1 | op=GET_CONTAINER_WITH_PIPELINE_BATCH {"containerIDs":"#18,"} | ret=SUCCESS |  
2025-10-16 19:49:10,021 | INFO  | OMAudit | user=null | ip= | op=READ_KEY {"volume":"03b177db-cfd5-49ae-96d6-15976d7017cd","bucket":"1038ebf5-3658-473a-bf9a-1a812b404879","key":"46739568-e578-4d30-b8a6-034cda218dcb","owner":null,"dataSize":"0","replicationConfig":null} | ret=SUCCESS |  
2025-10-16 19:49:10,022 | INFO  | SCMAudit | user=runner | ip=127.0.0.1 | op=GET_CONTAINER {"containerID":"18"} | ret=SUCCESS |  
2025-10-16 19:49:10,023 | INFO  | OMAudit | user=runner | ip=127.0.0.1 | op=READ_BUCKET {"volume":"03b177db-cfd5-49ae-96d6-15976d7017cd","bucket":"1038ebf5-3658-473a-bf9a-1a812b404879"} | ret=SUCCESS |  
2025-10-16 19:49:10,024 | INFO  | SCMAudit | user=runner | ip=127.0.0.1 | op=ALLOCATE_BLOCK {"replication":"RATIS/THREE","owner":"omServiceIdDefault","size":"4194304","sampleBlocks":"[conID: 14 locID: 115816896921600488]","num":"1","client":"","allocated":"1"} | ret=SUCCESS |  
2025-10-16 19:49:10,026 | INFO  | OMAudit | user=runner | ip=127.0.0.1 | op=ALLOCATE_KEY {"volume":"03b177db-cfd5-49ae-96d6-15976d7017cd","bucket":"1038ebf5-3658-473a-bf9a-1a812b404879","key":"1e423699-ca7c-4fcf-b8cd-b1ae705e8559","dataSize":"12","replicationType":"RATIS","replicationFactor":"THREE","Transaction":"1742"} | ret=SUCCESS |  
2025-10-16 19:49:10,034 | INFO  | OMAudit | user=runner | ip=127.0.0.1 | op=COMMIT_KEY {"volume":"03b177db-cfd5-49ae-96d6-15976d7017cd","bucket":"1038ebf5-3658-473a-bf9a-1a812b404879","key":"1e423699-ca7c-4fcf-b8cd-b1ae705e8559","dataSize":"12","replicationType":"RATIS","replicationFactor":"THREE","Transaction":"1743"} | ret=SUCCESS |  
2025-10-16 19:49:10,036 | INFO  | OMAudit | user=runner | ip=127.0.0.1 | op=READ_KEY {"volume":"03b177db-cfd5-49ae-96d6-15976d7017cd","bucket":"1038ebf5-3658-473a-bf9a-1a812b404879","key":"1e423699-ca7c-4fcf-b8cd-b1ae705e8559","owner":null,"dataSize":"0","replicationConfig":null} | ret=SUCCESS |  
2025-10-16 19:49:10,038 | INFO  | OMAudit | user=runner | ip=127.0.0.1 | op=READ_KEY {"volume":"03b177db-cfd5-49ae-96d6-15976d7017cd","bucket":"1038ebf5-3658-473a-bf9a-1a812b404879","key":"1e423699-ca7c-4fcf-b8cd-b1ae705e8559","owner":null,"dataSize":"0","replicationConfig":null} | ret=SUCCESS |  
2025-10-16 19:49:10,044 | INFO  | SCMAudit | user=runner | ip=127.0.0.1 | op=GET_CONTAINER_WITH_PIPELINE_BATCH {"containerIDs":"#14,"} | ret=SUCCESS |  
2025-10-16 19:49:10,045 | INFO  | OMAudit | user=null | ip= | op=READ_KEY {"volume":"03b177db-cfd5-49ae-96d6-15976d7017cd","bucket":"1038ebf5-3658-473a-bf9a-1a812b404879","key":"1e423699-ca7c-4fcf-b8cd-b1ae705e8559","owner":null,"dataSize":"0","replicationConfig":null} | ret=SUCCESS |  
2025-10-16 19:49:10,045 | INFO  | SCMAudit | user=runner | ip=127.0.0.1 | op=GET_CONTAINER {"containerID":"14"} | ret=SUCCESS |  
2025-10-16 19:49:10,047 | INFO  | OMAudit | user=runner | ip=127.0.0.1 | op=READ_BUCKET {"volume":"03b177db-cfd5-49ae-96d6-15976d7017cd","bucket":"1038ebf5-3658-473a-bf9a-1a812b404879"} | ret=SUCCESS |  
2025-10-16 19:49:10,047 | INFO  | SCMAudit | user=runner | ip=127.0.0.1 | op=SEND_HEARTBEAT {"datanodeUUID":"e072d245-7694-4d97-8e20-c503ebf8c2fe","term":"2","command":"[]"} | ret=SUCCESS |  
2025-10-16 19:49:10,047 [EventQueue-PipelineActionsForPipelineActionHandler] INFO  pipeline.PipelineActionHandler (PipelineActionHandler.java:processPipelineAction(89)) - Received pipeline action CLOSE for Pipeline-36c7da6a-14e2-433e-b882-35c832a27f16 from datanode e072d245-7694-4d97-8e20-c503ebf8c2fe(localhost/127.0.0.1). Reason : Ratis Transaction failure in datanode e072d245-7694-4d97-8e20-c503ebf8c2fe with role FOLLOWER .Triggering pipeline close action.
2025-10-16 19:49:10,048 | INFO  | SCMAudit | user=runner | ip=127.0.0.1 | op=ALLOCATE_BLOCK {"replication":"RATIS/THREE","owner":"omServiceIdDefault","size":"4194304","sampleBlocks":"[conID: 18 locID: 115816896921600489]","num":"1","client":"","allocated":"1"} | ret=SUCCESS |  
2025-10-16 19:49:10,049 | INFO  | SCMAudit | user=runner | ip=127.0.0.1 | op=SEND_HEARTBEAT {"datanodeUUID":"8a0fa2ff-b550-4652-b2fe-0cf91cd4a157","term":"2","command":"[]"} | ret=SUCCESS |  
2025-10-16 19:49:10,049 [EventQueue-PipelineActionsForPipelineActionHandler] INFO  pipeline.PipelineActionHandler (PipelineActionHandler.java:processPipelineAction(89)) - Received pipeline action CLOSE for Pipeline-36c7da6a-14e2-433e-b882-35c832a27f16 from datanode 8a0fa2ff-b550-4652-b2fe-0cf91cd4a157(localhost/127.0.0.1). Reason : Ratis Transaction failure in datanode 8a0fa2ff-b550-4652-b2fe-0cf91cd4a157 with role FOLLOWER .Triggering pipeline close action.
2025-10-16 19:49:10,049 | INFO  | SCMAudit | user=runner | ip=127.0.0.1 | op=SEND_HEARTBEAT {"datanodeUUID":"76d4ba71-5bbb-4b24-8f51-8bc7f78aaca4","term":"2","command":"[]"} | ret=SUCCESS |  
2025-10-16 19:49:10,049 [EventQueue-PipelineActionsForPipelineActionHandler] INFO  pipeline.PipelineActionHandler (PipelineActionHandler.java:processPipelineAction(89)) - Received pipeline action CLOSE for Pipeline-36c7da6a-14e2-433e-b882-35c832a27f16 from datanode 76d4ba71-5bbb-4b24-8f51-8bc7f78aaca4(localhost/127.0.0.1). Reason : Ratis Transaction failure in datanode 76d4ba71-5bbb-4b24-8f51-8bc7f78aaca4 with role LEADER .Triggering pipeline close action.
2025-10-16 19:49:10,050 | INFO  | OMAudit | user=runner | ip=127.0.0.1 | op=ALLOCATE_KEY {"volume":"03b177db-cfd5-49ae-96d6-15976d7017cd","bucket":"1038ebf5-3658-473a-bf9a-1a812b404879","key":"7dd36e04-796c-4192-945b-af9733a1e9dc","dataSize":"12","replicationType":"RATIS","replicationFactor":"THREE","Transaction":"1744"} | ret=SUCCESS |  
2025-10-16 19:49:10,064 | INFO  | OMAudit | user=runner | ip=127.0.0.1 | op=COMMIT_KEY {"volume":"03b177db-cfd5-49ae-96d6-15976d7017cd","bucket":"1038ebf5-3658-473a-bf9a-1a812b404879","key":"7dd36e04-796c-4192-945b-af9733a1e9dc","dataSize":"12","replicationType":"RATIS","replicationFactor":"THREE","Transaction":"1745"} | ret=SUCCESS |  
2025-10-16 19:49:10,067 | INFO  | OMAudit | user=runner | ip=127.0.0.1 | op=READ_KEY {"volume":"03b177db-cfd5-49ae-96d6-15976d7017cd","bucket":"1038ebf5-3658-473a-bf9a-1a812b404879","key":"7dd36e04-796c-4192-945b-af9733a1e9dc","owner":null,"dataSize":"0","replicationConfig":null} | ret=SUCCESS |  
2025-10-16 19:49:10,068 | INFO  | OMAudit | user=runner | ip=127.0.0.1 | op=READ_KEY {"volume":"03b177db-cfd5-49ae-96d6-15976d7017cd","bucket":"1038ebf5-3658-473a-bf9a-1a812b404879","key":"7dd36e04-796c-4192-945b-af9733a1e9dc","owner":null,"dataSize":"0","replicationConfig":null} | ret=SUCCESS |  
2025-10-16 19:49:10,073 | INFO  | SCMAudit | user=runner | ip=127.0.0.1 | op=GET_CONTAINER_WITH_PIPELINE_BATCH {"containerIDs":"#18,"} | ret=SUCCESS |  
2025-10-16 19:49:10,074 | INFO  | OMAudit | user=null | ip= | op=READ_KEY {"volume":"03b177db-cfd5-49ae-96d6-15976d7017cd","bucket":"1038ebf5-3658-473a-bf9a-1a812b404879","key":"7dd36e04-796c-4192-945b-af9733a1e9dc","owner":null,"dataSize":"0","replicationConfig":null} | ret=SUCCESS |  
2025-10-16 19:49:10,075 | INFO  | SCMAudit | user=runner | ip=127.0.0.1 | op=GET_CONTAINER {"containerID":"18"} | ret=SUCCESS |  
2025-10-16 19:49:10,076 | INFO  | OMAudit | user=runner | ip=127.0.0.1 | op=READ_BUCKET {"volume":"03b177db-cfd5-49ae-96d6-15976d7017cd","bucket":"1038ebf5-3658-473a-bf9a-1a812b404879"} | ret=SUCCESS |  
2025-10-16 19:49:10,077 | INFO  | SCMAudit | user=runner | ip=127.0.0.1 | op=ALLOCATE_BLOCK {"replication":"RATIS/THREE","owner":"omServiceIdDefault","size":"4194304","sampleBlocks":"[conID: 18 locID: 115816896921600490]","num":"1","client":"","allocated":"1"} | ret=SUCCESS |  
2025-10-16 19:49:10,079 | INFO  | OMAudit | user=runner | ip=127.0.0.1 | op=ALLOCATE_KEY {"volume":"03b177db-cfd5-49ae-96d6-15976d7017cd","bucket":"1038ebf5-3658-473a-bf9a-1a812b404879","key":"5e673942-6e4d-4a5d-98a7-619f363a4aae","dataSize":"12","replicationType":"RATIS","replicationFactor":"THREE","Transaction":"1746"} | ret=SUCCESS |  
2025-10-16 19:49:10,091 | INFO  | OMAudit | user=runner | ip=127.0.0.1 | op=COMMIT_KEY {"volume":"03b177db-cfd5-49ae-96d6-15976d7017cd","bucket":"1038ebf5-3658-473a-bf9a-1a812b404879","key":"5e673942-6e4d-4a5d-98a7-619f363a4aae","dataSize":"12","replicationType":"RATIS","replicationFactor":"THREE","Transaction":"1747"} | ret=SUCCESS |  
2025-10-16 19:49:10,094 | INFO  | OMAudit | user=runner | ip=127.0.0.1 | op=READ_KEY {"volume":"03b177db-cfd5-49ae-96d6-15976d7017cd","bucket":"1038ebf5-3658-473a-bf9a-1a812b404879","key":"5e673942-6e4d-4a5d-98a7-619f363a4aae","owner":null,"dataSize":"0","replicationConfig":null} | ret=SUCCESS |  
2025-10-16 19:49:10,097 | INFO  | OMAudit | user=runner | ip=127.0.0.1 | op=READ_KEY {"volume":"03b177db-cfd5-49ae-96d6-15976d7017cd","bucket":"1038ebf5-3658-473a-bf9a-1a812b404879","key":"5e673942-6e4d-4a5d-98a7-619f363a4aae","owner":null,"dataSize":"0","replicationConfig":null} | ret=SUCCESS |  
2025-10-16 19:49:10,103 | INFO  | SCMAudit | user=runner | ip=127.0.0.1 | op=GET_CONTAINER_WITH_PIPELINE_BATCH {"containerIDs":"#18,"} | ret=SUCCESS |  
2025-10-16 19:49:10,104 | INFO  | OMAudit | user=null | ip= | op=READ_KEY {"volume":"03b177db-cfd5-49ae-96d6-15976d7017cd","bucket":"1038ebf5-3658-473a-bf9a-1a812b404879","key":"5e673942-6e4d-4a5d-98a7-619f363a4aae","owner":null,"dataSize":"0","replicationConfig":null} | ret=SUCCESS |  
2025-10-16 19:49:10,105 | INFO  | SCMAudit | user=runner | ip=127.0.0.1 | op=GET_CONTAINER {"containerID":"18"} | ret=SUCCESS |  
2025-10-16 19:49:10,106 | INFO  | OMAudit | user=runner | ip=127.0.0.1 | op=READ_BUCKET {"volume":"03b177db-cfd5-49ae-96d6-15976d7017cd","bucket":"1038ebf5-3658-473a-bf9a-1a812b404879"} | ret=SUCCESS |  
2025-10-16 19:49:10,107 | INFO  | SCMAudit | user=runner | ip=127.0.0.1 | op=ALLOCATE_BLOCK {"replication":"RATIS/THREE","owner":"omServiceIdDefault","size":"4194304","sampleBlocks":"[conID: 18 locID: 115816896921600491]","num":"1","client":"","allocated":"1"} | ret=SUCCESS |  
2025-10-16 19:49:10,109 | INFO  | OMAudit | user=runner | ip=127.0.0.1 | op=ALLOCATE_KEY {"volume":"03b177db-cfd5-49ae-96d6-15976d7017cd","bucket":"1038ebf5-3658-473a-bf9a-1a812b404879","key":"070f05c2-531d-45a1-bdaa-2af816a036c9","dataSize":"12","replicationType":"RATIS","replicationFactor":"THREE","Transaction":"1748"} | ret=SUCCESS |  
2025-10-16 19:49:10,120 | INFO  | SCMAudit | user=runner | ip=127.0.0.1 | op=SEND_HEARTBEAT {"datanodeUUID":"c0724e9c-0dd4-4d47-992c-7bfe285fdd38","term":"2","command":"[]"} | ret=SUCCESS |  
2025-10-16 19:49:10,123 | INFO  | OMAudit | user=runner | ip=127.0.0.1 | op=COMMIT_KEY {"volume":"03b177db-cfd5-49ae-96d6-15976d7017cd","bucket":"1038ebf5-3658-473a-bf9a-1a812b404879","key":"070f05c2-531d-45a1-bdaa-2af816a036c9","dataSize":"12","replicationType":"RATIS","replicationFactor":"THREE","Transaction":"1749"} | ret=SUCCESS |  
2025-10-16 19:49:10,126 | INFO  | SCMAudit | user=runner | ip=127.0.0.1 | op=SEND_HEARTBEAT {"datanodeUUID":"8a3c3252-9afe-4d3a-8492-25be6557678a","term":"2","command":"[]"} | ret=SUCCESS |  
2025-10-16 19:49:10,126 | INFO  | SCMAudit | user=runner | ip=127.0.0.1 | op=SEND_HEARTBEAT {"datanodeUUID":"aa213937-adc5-47da-a770-0ee1e4664344","term":"2","command":"[]"} | ret=SUCCESS |  
2025-10-16 19:49:10,128 | INFO  | OMAudit | user=runner | ip=127.0.0.1 | op=READ_KEY {"volume":"03b177db-cfd5-49ae-96d6-15976d7017cd","bucket":"1038ebf5-3658-473a-bf9a-1a812b404879","key":"070f05c2-531d-45a1-bdaa-2af816a036c9","owner":null,"dataSize":"0","replicationConfig":null} | ret=SUCCESS |  
2025-10-16 19:49:10,130 | INFO  | SCMAudit | user=runner | ip=127.0.0.1 | op=SEND_HEARTBEAT {"datanodeUUID":"58cff6b7-b2a7-446b-a75a-bb98ad6b11b8","term":"2","command":"[]"} | ret=SUCCESS |  
2025-10-16 19:49:10,131 | INFO  | OMAudit | user=runner | ip=127.0.0.1 | op=READ_KEY {"volume":"03b177db-cfd5-49ae-96d6-15976d7017cd","bucket":"1038ebf5-3658-473a-bf9a-1a812b404879","key":"070f05c2-531d-45a1-bdaa-2af816a036c9","owner":null,"dataSize":"0","replicationConfig":null} | ret=SUCCESS |  
2025-10-16 19:49:10,138 | INFO  | SCMAudit | user=runner | ip=127.0.0.1 | op=GET_CONTAINER_WITH_PIPELINE_BATCH {"containerIDs":"#18,"} | ret=SUCCESS |  
2025-10-16 19:49:10,138 | INFO  | OMAudit | user=null | ip= | op=READ_KEY {"volume":"03b177db-cfd5-49ae-96d6-15976d7017cd","bucket":"1038ebf5-3658-473a-bf9a-1a812b404879","key":"070f05c2-531d-45a1-bdaa-2af816a036c9","owner":null,"dataSize":"0","replicationConfig":null} | ret=SUCCESS |  
2025-10-16 19:49:10,138 | INFO  | SCMAudit | user=runner | ip=127.0.0.1 | op=SEND_HEARTBEAT {"datanodeUUID":"0428ab3f-efd5-438e-ae11-9ec242443260","term":"2","command":"[]"} | ret=SUCCESS |  
2025-10-16 19:49:10,139 | INFO  | SCMAudit | user=runner | ip=127.0.0.1 | op=GET_CONTAINER {"containerID":"18"} | ret=SUCCESS |  
]]></system-out>
  </testcase>
  <testcase name="testPutKeySuccessWithBlockToken" classname="org.apache.hadoop.ozone.client.rpc.TestSecureOzoneRpcClient" time="0.441">
    <system-out><![CDATA[2025-10-16 19:49:10,143 [ForkJoinPool-1-worker-1] INFO  rpc.RpcClient (RpcClient.java:createVolume(461)) - Creating Volume: e7263b10-b6b7-4efb-b19f-bca726d8b879, with runner as owner and space quota set to -1 bytes, counts quota set to -1
2025-10-16 19:49:10,145 [om1-OMStateMachineApplyTransactionThread - 0] INFO  volume.OMVolumeCreateRequest (OMVolumeCreateRequest.java:validateAndUpdateCache(213)) - created volume:e7263b10-b6b7-4efb-b19f-bca726d8b879 for user:runner
2025-10-16 19:49:10,145 | INFO  | OMAudit | user=runner | ip=127.0.0.1 | op=CREATE_VOLUME {"admin":"runner","owner":"runner","volume":"e7263b10-b6b7-4efb-b19f-bca726d8b879","creationTime":"1760644150144","modificationTime":"1760644150144","quotaInBytes":"-1","quotaInNamespace":"-1","usedNamespace":"0","objectID":"-9223372036854327808","updateID":"1750","Transaction":"1750"} | ret=SUCCESS |  
2025-10-16 19:49:10,148 | INFO  | OMAudit | user=runner | ip=127.0.0.1 | op=READ_VOLUME {"volume":"e7263b10-b6b7-4efb-b19f-bca726d8b879"} | ret=SUCCESS |  
2025-10-16 19:49:10,149 [ForkJoinPool-1-worker-1] INFO  rpc.RpcClient (RpcClient.java:createBucket(686)) - Creating Bucket: e7263b10-b6b7-4efb-b19f-bca726d8b879/3965f6e3-64ee-4b27-ad30-4e2e306338ff, with bucket layout OBJECT_STORE, runner as owner, Versioning false, Storage Type set to DISK and Encryption set to false, Replication Type set to server-side default replication type, Namespace Quota set to -1, Space Quota set to -1 
2025-10-16 19:49:10,150 [om1-OMStateMachineApplyTransactionThread - 0] INFO  bucket.OMBucketCreateRequest (OMBucketCreateRequest.java:validateAndUpdateCache(303)) - created bucket: 3965f6e3-64ee-4b27-ad30-4e2e306338ff of layout OBJECT_STORE in volume: e7263b10-b6b7-4efb-b19f-bca726d8b879
2025-10-16 19:49:10,151 | INFO  | OMAudit | user=runner | ip=127.0.0.1 | op=CREATE_BUCKET {"volume":"e7263b10-b6b7-4efb-b19f-bca726d8b879","bucket":"3965f6e3-64ee-4b27-ad30-4e2e306338ff","bucketLayout":"OBJECT_STORE","gdprEnabled":null,"acls":"[user:runner:a[ACCESS], group:runner:rl[ACCESS]]","isVersionEnabled":"false","storageType":"DISK","creationTime":"1760644150150","bucketEncryptionKey":null,"modificationTime":"1760644150150","usedBytes":"0","usedNamespace":"0","snapshotUsedBytes":"0","snapshotUsedNamespace":"0","owner":"runner","replicationType":null,"replicationConfig":null,"quotaInBytes":"-1","quotaInNamespace":"-1","Transaction":"1751"} | ret=SUCCESS |  
2025-10-16 19:49:10,152 | INFO  | OMAudit | user=runner | ip=127.0.0.1 | op=READ_BUCKET {"volume":"e7263b10-b6b7-4efb-b19f-bca726d8b879","bucket":"3965f6e3-64ee-4b27-ad30-4e2e306338ff"} | ret=SUCCESS |  
2025-10-16 19:49:10,153 | INFO  | OMAudit | user=runner | ip=127.0.0.1 | op=READ_BUCKET {"volume":"e7263b10-b6b7-4efb-b19f-bca726d8b879","bucket":"3965f6e3-64ee-4b27-ad30-4e2e306338ff"} | ret=SUCCESS |  
2025-10-16 19:49:10,154 | INFO  | SCMAudit | user=runner | ip=127.0.0.1 | op=ALLOCATE_BLOCK {"replication":"RATIS/ONE","owner":"omServiceIdDefault","size":"4194304","sampleBlocks":"[conID: 12 locID: 115816896921600492]","num":"1","client":"","allocated":"1"} | ret=SUCCESS |  
2025-10-16 19:49:10,156 | INFO  | OMAudit | user=runner | ip=127.0.0.1 | op=ALLOCATE_KEY {"volume":"e7263b10-b6b7-4efb-b19f-bca726d8b879","bucket":"3965f6e3-64ee-4b27-ad30-4e2e306338ff","key":"035823d2-a76d-4f66-84c8-d47b97d83257","dataSize":"12","replicationType":"RATIS","replicationFactor":"ONE","Transaction":"1752"} | ret=SUCCESS |  
2025-10-16 19:49:10,162 | INFO  | OMAudit | user=runner | ip=127.0.0.1 | op=COMMIT_KEY {"volume":"e7263b10-b6b7-4efb-b19f-bca726d8b879","bucket":"3965f6e3-64ee-4b27-ad30-4e2e306338ff","key":"035823d2-a76d-4f66-84c8-d47b97d83257","dataSize":"12","replicationType":"RATIS","replicationFactor":"ONE","Transaction":"1753"} | ret=SUCCESS |  
2025-10-16 19:49:10,164 | INFO  | OMAudit | user=runner | ip=127.0.0.1 | op=READ_KEY {"volume":"e7263b10-b6b7-4efb-b19f-bca726d8b879","bucket":"3965f6e3-64ee-4b27-ad30-4e2e306338ff","key":"035823d2-a76d-4f66-84c8-d47b97d83257","owner":null,"dataSize":"0","replicationConfig":null} | ret=SUCCESS |  
2025-10-16 19:49:10,165 | INFO  | OMAudit | user=runner | ip=127.0.0.1 | op=READ_KEY {"volume":"e7263b10-b6b7-4efb-b19f-bca726d8b879","bucket":"3965f6e3-64ee-4b27-ad30-4e2e306338ff","key":"035823d2-a76d-4f66-84c8-d47b97d83257","owner":null,"dataSize":"0","replicationConfig":null} | ret=SUCCESS |  
2025-10-16 19:49:10,171 | INFO  | SCMAudit | user=runner | ip=127.0.0.1 | op=GET_CONTAINER_WITH_PIPELINE_BATCH {"containerIDs":"#12,"} | ret=SUCCESS |  
2025-10-16 19:49:10,171 | INFO  | OMAudit | user=null | ip= | op=READ_KEY {"volume":"e7263b10-b6b7-4efb-b19f-bca726d8b879","bucket":"3965f6e3-64ee-4b27-ad30-4e2e306338ff","key":"035823d2-a76d-4f66-84c8-d47b97d83257","owner":null,"dataSize":"0","replicationConfig":null} | ret=SUCCESS |  
2025-10-16 19:49:10,172 | INFO  | SCMAudit | user=runner | ip=127.0.0.1 | op=GET_CONTAINER {"containerID":"12"} | ret=SUCCESS |  
2025-10-16 19:49:10,173 | INFO  | OMAudit | user=runner | ip=127.0.0.1 | op=READ_BUCKET {"volume":"e7263b10-b6b7-4efb-b19f-bca726d8b879","bucket":"3965f6e3-64ee-4b27-ad30-4e2e306338ff"} | ret=SUCCESS |  
2025-10-16 19:49:10,174 | INFO  | SCMAudit | user=runner | ip=127.0.0.1 | op=ALLOCATE_BLOCK {"replication":"RATIS/ONE","owner":"omServiceIdDefault","size":"4194304","sampleBlocks":"[conID: 27 locID: 115816896921600493]","num":"1","client":"","allocated":"1"} | ret=SUCCESS |  
2025-10-16 19:49:10,176 | INFO  | OMAudit | user=runner | ip=127.0.0.1 | op=ALLOCATE_KEY {"volume":"e7263b10-b6b7-4efb-b19f-bca726d8b879","bucket":"3965f6e3-64ee-4b27-ad30-4e2e306338ff","key":"d7aabd6e-a437-40a4-9fef-4c62459730bf","dataSize":"12","replicationType":"RATIS","replicationFactor":"ONE","Transaction":"1754"} | ret=SUCCESS |  
2025-10-16 19:49:10,182 | INFO  | OMAudit | user=runner | ip=127.0.0.1 | op=COMMIT_KEY {"volume":"e7263b10-b6b7-4efb-b19f-bca726d8b879","bucket":"3965f6e3-64ee-4b27-ad30-4e2e306338ff","key":"d7aabd6e-a437-40a4-9fef-4c62459730bf","dataSize":"12","replicationType":"RATIS","replicationFactor":"ONE","Transaction":"1755"} | ret=SUCCESS |  
2025-10-16 19:49:10,184 | INFO  | OMAudit | user=runner | ip=127.0.0.1 | op=READ_KEY {"volume":"e7263b10-b6b7-4efb-b19f-bca726d8b879","bucket":"3965f6e3-64ee-4b27-ad30-4e2e306338ff","key":"d7aabd6e-a437-40a4-9fef-4c62459730bf","owner":null,"dataSize":"0","replicationConfig":null} | ret=SUCCESS |  
2025-10-16 19:49:10,185 | INFO  | OMAudit | user=runner | ip=127.0.0.1 | op=READ_KEY {"volume":"e7263b10-b6b7-4efb-b19f-bca726d8b879","bucket":"3965f6e3-64ee-4b27-ad30-4e2e306338ff","key":"d7aabd6e-a437-40a4-9fef-4c62459730bf","owner":null,"dataSize":"0","replicationConfig":null} | ret=SUCCESS |  
2025-10-16 19:49:10,191 | INFO  | SCMAudit | user=runner | ip=127.0.0.1 | op=GET_CONTAINER_WITH_PIPELINE_BATCH {"containerIDs":"#27,"} | ret=SUCCESS |  
2025-10-16 19:49:10,191 | INFO  | OMAudit | user=null | ip= | op=READ_KEY {"volume":"e7263b10-b6b7-4efb-b19f-bca726d8b879","bucket":"3965f6e3-64ee-4b27-ad30-4e2e306338ff","key":"d7aabd6e-a437-40a4-9fef-4c62459730bf","owner":null,"dataSize":"0","replicationConfig":null} | ret=SUCCESS |  
2025-10-16 19:49:10,192 | INFO  | SCMAudit | user=runner | ip=127.0.0.1 | op=GET_CONTAINER {"containerID":"27"} | ret=SUCCESS |  
2025-10-16 19:49:10,193 | INFO  | OMAudit | user=runner | ip=127.0.0.1 | op=READ_BUCKET {"volume":"e7263b10-b6b7-4efb-b19f-bca726d8b879","bucket":"3965f6e3-64ee-4b27-ad30-4e2e306338ff"} | ret=SUCCESS |  
2025-10-16 19:49:10,193 | INFO  | SCMAudit | user=runner | ip=127.0.0.1 | op=ALLOCATE_BLOCK {"replication":"RATIS/ONE","owner":"omServiceIdDefault","size":"4194304","sampleBlocks":"[conID: 4 locID: 115816896921600494]","num":"1","client":"","allocated":"1"} | ret=SUCCESS |  
2025-10-16 19:49:10,195 | INFO  | OMAudit | user=runner | ip=127.0.0.1 | op=ALLOCATE_KEY {"volume":"e7263b10-b6b7-4efb-b19f-bca726d8b879","bucket":"3965f6e3-64ee-4b27-ad30-4e2e306338ff","key":"8efe8d85-a3c4-4ce2-9f9a-72f76c61be46","dataSize":"12","replicationType":"RATIS","replicationFactor":"ONE","Transaction":"1756"} | ret=SUCCESS |  
2025-10-16 19:49:10,203 | INFO  | OMAudit | user=runner | ip=127.0.0.1 | op=COMMIT_KEY {"volume":"e7263b10-b6b7-4efb-b19f-bca726d8b879","bucket":"3965f6e3-64ee-4b27-ad30-4e2e306338ff","key":"8efe8d85-a3c4-4ce2-9f9a-72f76c61be46","dataSize":"12","replicationType":"RATIS","replicationFactor":"ONE","Transaction":"1757"} | ret=SUCCESS |  
2025-10-16 19:49:10,205 | INFO  | OMAudit | user=runner | ip=127.0.0.1 | op=READ_KEY {"volume":"e7263b10-b6b7-4efb-b19f-bca726d8b879","bucket":"3965f6e3-64ee-4b27-ad30-4e2e306338ff","key":"8efe8d85-a3c4-4ce2-9f9a-72f76c61be46","owner":null,"dataSize":"0","replicationConfig":null} | ret=SUCCESS |  
2025-10-16 19:49:10,207 | INFO  | OMAudit | user=runner | ip=127.0.0.1 | op=READ_KEY {"volume":"e7263b10-b6b7-4efb-b19f-bca726d8b879","bucket":"3965f6e3-64ee-4b27-ad30-4e2e306338ff","key":"8efe8d85-a3c4-4ce2-9f9a-72f76c61be46","owner":null,"dataSize":"0","replicationConfig":null} | ret=SUCCESS |  
2025-10-16 19:49:10,212 | INFO  | SCMAudit | user=runner | ip=127.0.0.1 | op=GET_CONTAINER_WITH_PIPELINE_BATCH {"containerIDs":"#4,"} | ret=SUCCESS |  
2025-10-16 19:49:10,213 | INFO  | OMAudit | user=null | ip= | op=READ_KEY {"volume":"e7263b10-b6b7-4efb-b19f-bca726d8b879","bucket":"3965f6e3-64ee-4b27-ad30-4e2e306338ff","key":"8efe8d85-a3c4-4ce2-9f9a-72f76c61be46","owner":null,"dataSize":"0","replicationConfig":null} | ret=SUCCESS |  
2025-10-16 19:49:10,213 | INFO  | SCMAudit | user=runner | ip=127.0.0.1 | op=GET_CONTAINER {"containerID":"4"} | ret=SUCCESS |  
2025-10-16 19:49:10,215 | INFO  | OMAudit | user=runner | ip=127.0.0.1 | op=READ_BUCKET {"volume":"e7263b10-b6b7-4efb-b19f-bca726d8b879","bucket":"3965f6e3-64ee-4b27-ad30-4e2e306338ff"} | ret=SUCCESS |  
2025-10-16 19:49:10,215 | INFO  | SCMAudit | user=runner | ip=127.0.0.1 | op=ALLOCATE_BLOCK {"replication":"RATIS/ONE","owner":"omServiceIdDefault","size":"4194304","sampleBlocks":"[conID: 27 locID: 115816896921600495]","num":"1","client":"","allocated":"1"} | ret=SUCCESS |  
2025-10-16 19:49:10,217 | INFO  | OMAudit | user=runner | ip=127.0.0.1 | op=ALLOCATE_KEY {"volume":"e7263b10-b6b7-4efb-b19f-bca726d8b879","bucket":"3965f6e3-64ee-4b27-ad30-4e2e306338ff","key":"c4eee55c-06b1-4640-91f4-3e3268266596","dataSize":"12","replicationType":"RATIS","replicationFactor":"ONE","Transaction":"1758"} | ret=SUCCESS |  
2025-10-16 19:49:10,223 | INFO  | OMAudit | user=runner | ip=127.0.0.1 | op=COMMIT_KEY {"volume":"e7263b10-b6b7-4efb-b19f-bca726d8b879","bucket":"3965f6e3-64ee-4b27-ad30-4e2e306338ff","key":"c4eee55c-06b1-4640-91f4-3e3268266596","dataSize":"12","replicationType":"RATIS","replicationFactor":"ONE","Transaction":"1759"} | ret=SUCCESS |  
2025-10-16 19:49:10,225 | INFO  | OMAudit | user=runner | ip=127.0.0.1 | op=READ_KEY {"volume":"e7263b10-b6b7-4efb-b19f-bca726d8b879","bucket":"3965f6e3-64ee-4b27-ad30-4e2e306338ff","key":"c4eee55c-06b1-4640-91f4-3e3268266596","owner":null,"dataSize":"0","replicationConfig":null} | ret=SUCCESS |  
2025-10-16 19:49:10,226 | INFO  | OMAudit | user=runner | ip=127.0.0.1 | op=READ_KEY {"volume":"e7263b10-b6b7-4efb-b19f-bca726d8b879","bucket":"3965f6e3-64ee-4b27-ad30-4e2e306338ff","key":"c4eee55c-06b1-4640-91f4-3e3268266596","owner":null,"dataSize":"0","replicationConfig":null} | ret=SUCCESS |  
2025-10-16 19:49:10,232 | INFO  | SCMAudit | user=runner | ip=127.0.0.1 | op=GET_CONTAINER_WITH_PIPELINE_BATCH {"containerIDs":"#27,"} | ret=SUCCESS |  
2025-10-16 19:49:10,233 | INFO  | OMAudit | user=null | ip= | op=READ_KEY {"volume":"e7263b10-b6b7-4efb-b19f-bca726d8b879","bucket":"3965f6e3-64ee-4b27-ad30-4e2e306338ff","key":"c4eee55c-06b1-4640-91f4-3e3268266596","owner":null,"dataSize":"0","replicationConfig":null} | ret=SUCCESS |  
2025-10-16 19:49:10,233 | INFO  | SCMAudit | user=runner | ip=127.0.0.1 | op=GET_CONTAINER {"containerID":"27"} | ret=SUCCESS |  
2025-10-16 19:49:10,234 | INFO  | OMAudit | user=runner | ip=127.0.0.1 | op=READ_BUCKET {"volume":"e7263b10-b6b7-4efb-b19f-bca726d8b879","bucket":"3965f6e3-64ee-4b27-ad30-4e2e306338ff"} | ret=SUCCESS |  
2025-10-16 19:49:10,235 | INFO  | SCMAudit | user=runner | ip=127.0.0.1 | op=ALLOCATE_BLOCK {"replication":"RATIS/ONE","owner":"omServiceIdDefault","size":"4194304","sampleBlocks":"[conID: 2 locID: 115816896921600496]","num":"1","client":"","allocated":"1"} | ret=SUCCESS |  
2025-10-16 19:49:10,237 | INFO  | OMAudit | user=runner | ip=127.0.0.1 | op=ALLOCATE_KEY {"volume":"e7263b10-b6b7-4efb-b19f-bca726d8b879","bucket":"3965f6e3-64ee-4b27-ad30-4e2e306338ff","key":"80c21bcb-8e13-4b43-856c-e181a57b8094","dataSize":"12","replicationType":"RATIS","replicationFactor":"ONE","Transaction":"1760"} | ret=SUCCESS |  
2025-10-16 19:49:10,243 | INFO  | OMAudit | user=runner | ip=127.0.0.1 | op=COMMIT_KEY {"volume":"e7263b10-b6b7-4efb-b19f-bca726d8b879","bucket":"3965f6e3-64ee-4b27-ad30-4e2e306338ff","key":"80c21bcb-8e13-4b43-856c-e181a57b8094","dataSize":"12","replicationType":"RATIS","replicationFactor":"ONE","Transaction":"1761"} | ret=SUCCESS |  
2025-10-16 19:49:10,245 | INFO  | OMAudit | user=runner | ip=127.0.0.1 | op=READ_KEY {"volume":"e7263b10-b6b7-4efb-b19f-bca726d8b879","bucket":"3965f6e3-64ee-4b27-ad30-4e2e306338ff","key":"80c21bcb-8e13-4b43-856c-e181a57b8094","owner":null,"dataSize":"0","replicationConfig":null} | ret=SUCCESS |  
2025-10-16 19:49:10,246 | INFO  | OMAudit | user=runner | ip=127.0.0.1 | op=READ_KEY {"volume":"e7263b10-b6b7-4efb-b19f-bca726d8b879","bucket":"3965f6e3-64ee-4b27-ad30-4e2e306338ff","key":"80c21bcb-8e13-4b43-856c-e181a57b8094","owner":null,"dataSize":"0","replicationConfig":null} | ret=SUCCESS |  
2025-10-16 19:49:10,250 | INFO  | SCMAudit | user=runner | ip=127.0.0.1 | op=GET_CONTAINER_WITH_PIPELINE_BATCH {"containerIDs":"#2,"} | ret=SUCCESS |  
2025-10-16 19:49:10,251 | INFO  | OMAudit | user=null | ip= | op=READ_KEY {"volume":"e7263b10-b6b7-4efb-b19f-bca726d8b879","bucket":"3965f6e3-64ee-4b27-ad30-4e2e306338ff","key":"80c21bcb-8e13-4b43-856c-e181a57b8094","owner":null,"dataSize":"0","replicationConfig":null} | ret=SUCCESS |  
2025-10-16 19:49:10,251 | INFO  | SCMAudit | user=runner | ip=127.0.0.1 | op=GET_CONTAINER {"containerID":"2"} | ret=SUCCESS |  
2025-10-16 19:49:10,252 | INFO  | OMAudit | user=runner | ip=127.0.0.1 | op=READ_BUCKET {"volume":"e7263b10-b6b7-4efb-b19f-bca726d8b879","bucket":"3965f6e3-64ee-4b27-ad30-4e2e306338ff"} | ret=SUCCESS |  
2025-10-16 19:49:10,253 | INFO  | SCMAudit | user=runner | ip=127.0.0.1 | op=ALLOCATE_BLOCK {"replication":"RATIS/ONE","owner":"omServiceIdDefault","size":"4194304","sampleBlocks":"[conID: 5 locID: 115816896921600497]","num":"1","client":"","allocated":"1"} | ret=SUCCESS |  
2025-10-16 19:49:10,255 | INFO  | OMAudit | user=runner | ip=127.0.0.1 | op=ALLOCATE_KEY {"volume":"e7263b10-b6b7-4efb-b19f-bca726d8b879","bucket":"3965f6e3-64ee-4b27-ad30-4e2e306338ff","key":"f5f64de1-6261-436b-aa41-557ea353818c","dataSize":"12","replicationType":"RATIS","replicationFactor":"ONE","Transaction":"1762"} | ret=SUCCESS |  
2025-10-16 19:49:10,262 | INFO  | OMAudit | user=runner | ip=127.0.0.1 | op=COMMIT_KEY {"volume":"e7263b10-b6b7-4efb-b19f-bca726d8b879","bucket":"3965f6e3-64ee-4b27-ad30-4e2e306338ff","key":"f5f64de1-6261-436b-aa41-557ea353818c","dataSize":"12","replicationType":"RATIS","replicationFactor":"ONE","Transaction":"1763"} | ret=SUCCESS |  
2025-10-16 19:49:10,263 | INFO  | OMAudit | user=runner | ip=127.0.0.1 | op=READ_KEY {"volume":"e7263b10-b6b7-4efb-b19f-bca726d8b879","bucket":"3965f6e3-64ee-4b27-ad30-4e2e306338ff","key":"f5f64de1-6261-436b-aa41-557ea353818c","owner":null,"dataSize":"0","replicationConfig":null} | ret=SUCCESS |  
2025-10-16 19:49:10,264 | INFO  | OMAudit | user=runner | ip=127.0.0.1 | op=READ_KEY {"volume":"e7263b10-b6b7-4efb-b19f-bca726d8b879","bucket":"3965f6e3-64ee-4b27-ad30-4e2e306338ff","key":"f5f64de1-6261-436b-aa41-557ea353818c","owner":null,"dataSize":"0","replicationConfig":null} | ret=SUCCESS |  
2025-10-16 19:49:10,268 | INFO  | SCMAudit | user=runner | ip=127.0.0.1 | op=GET_CONTAINER_WITH_PIPELINE_BATCH {"containerIDs":"#5,"} | ret=SUCCESS |  
2025-10-16 19:49:10,269 | INFO  | OMAudit | user=null | ip= | op=READ_KEY {"volume":"e7263b10-b6b7-4efb-b19f-bca726d8b879","bucket":"3965f6e3-64ee-4b27-ad30-4e2e306338ff","key":"f5f64de1-6261-436b-aa41-557ea353818c","owner":null,"dataSize":"0","replicationConfig":null} | ret=SUCCESS |  
2025-10-16 19:49:10,269 | INFO  | SCMAudit | user=runner | ip=127.0.0.1 | op=GET_CONTAINER {"containerID":"5"} | ret=SUCCESS |  
2025-10-16 19:49:10,270 | INFO  | OMAudit | user=runner | ip=127.0.0.1 | op=READ_BUCKET {"volume":"e7263b10-b6b7-4efb-b19f-bca726d8b879","bucket":"3965f6e3-64ee-4b27-ad30-4e2e306338ff"} | ret=SUCCESS |  
2025-10-16 19:49:10,271 | INFO  | SCMAudit | user=runner | ip=127.0.0.1 | op=ALLOCATE_BLOCK {"replication":"RATIS/ONE","owner":"omServiceIdDefault","size":"4194304","sampleBlocks":"[conID: 9 locID: 115816896921600498]","num":"1","client":"","allocated":"1"} | ret=SUCCESS |  
2025-10-16 19:49:10,273 | INFO  | OMAudit | user=runner | ip=127.0.0.1 | op=ALLOCATE_KEY {"volume":"e7263b10-b6b7-4efb-b19f-bca726d8b879","bucket":"3965f6e3-64ee-4b27-ad30-4e2e306338ff","key":"5cf70bbf-3be7-4161-a095-4f0f548b42c4","dataSize":"12","replicationType":"RATIS","replicationFactor":"ONE","Transaction":"1764"} | ret=SUCCESS |  
2025-10-16 19:49:10,278 | INFO  | OMAudit | user=runner | ip=127.0.0.1 | op=COMMIT_KEY {"volume":"e7263b10-b6b7-4efb-b19f-bca726d8b879","bucket":"3965f6e3-64ee-4b27-ad30-4e2e306338ff","key":"5cf70bbf-3be7-4161-a095-4f0f548b42c4","dataSize":"12","replicationType":"RATIS","replicationFactor":"ONE","Transaction":"1765"} | ret=SUCCESS |  
2025-10-16 19:49:10,279 | INFO  | OMAudit | user=runner | ip=127.0.0.1 | op=READ_KEY {"volume":"e7263b10-b6b7-4efb-b19f-bca726d8b879","bucket":"3965f6e3-64ee-4b27-ad30-4e2e306338ff","key":"5cf70bbf-3be7-4161-a095-4f0f548b42c4","owner":null,"dataSize":"0","replicationConfig":null} | ret=SUCCESS |  
2025-10-16 19:49:10,280 | INFO  | OMAudit | user=runner | ip=127.0.0.1 | op=READ_KEY {"volume":"e7263b10-b6b7-4efb-b19f-bca726d8b879","bucket":"3965f6e3-64ee-4b27-ad30-4e2e306338ff","key":"5cf70bbf-3be7-4161-a095-4f0f548b42c4","owner":null,"dataSize":"0","replicationConfig":null} | ret=SUCCESS |  
2025-10-16 19:49:10,284 | INFO  | SCMAudit | user=runner | ip=127.0.0.1 | op=GET_CONTAINER_WITH_PIPELINE_BATCH {"containerIDs":"#9,"} | ret=SUCCESS |  
2025-10-16 19:49:10,285 | INFO  | OMAudit | user=null | ip= | op=READ_KEY {"volume":"e7263b10-b6b7-4efb-b19f-bca726d8b879","bucket":"3965f6e3-64ee-4b27-ad30-4e2e306338ff","key":"5cf70bbf-3be7-4161-a095-4f0f548b42c4","owner":null,"dataSize":"0","replicationConfig":null} | ret=SUCCESS |  
2025-10-16 19:49:10,285 | INFO  | SCMAudit | user=runner | ip=127.0.0.1 | op=GET_CONTAINER {"containerID":"9"} | ret=SUCCESS |  
2025-10-16 19:49:10,286 | INFO  | OMAudit | user=runner | ip=127.0.0.1 | op=READ_BUCKET {"volume":"e7263b10-b6b7-4efb-b19f-bca726d8b879","bucket":"3965f6e3-64ee-4b27-ad30-4e2e306338ff"} | ret=SUCCESS |  
2025-10-16 19:49:10,287 | INFO  | SCMAudit | user=runner | ip=127.0.0.1 | op=ALLOCATE_BLOCK {"replication":"RATIS/ONE","owner":"omServiceIdDefault","size":"4194304","sampleBlocks":"[conID: 1 locID: 115816896921600499]","num":"1","client":"","allocated":"1"} | ret=SUCCESS |  
2025-10-16 19:49:10,289 | INFO  | OMAudit | user=runner | ip=127.0.0.1 | op=ALLOCATE_KEY {"volume":"e7263b10-b6b7-4efb-b19f-bca726d8b879","bucket":"3965f6e3-64ee-4b27-ad30-4e2e306338ff","key":"58614f41-ffa3-4e04-a301-d4827083b0f4","dataSize":"12","replicationType":"RATIS","replicationFactor":"ONE","Transaction":"1766"} | ret=SUCCESS |  
2025-10-16 19:49:10,295 | INFO  | OMAudit | user=runner | ip=127.0.0.1 | op=COMMIT_KEY {"volume":"e7263b10-b6b7-4efb-b19f-bca726d8b879","bucket":"3965f6e3-64ee-4b27-ad30-4e2e306338ff","key":"58614f41-ffa3-4e04-a301-d4827083b0f4","dataSize":"12","replicationType":"RATIS","replicationFactor":"ONE","Transaction":"1767"} | ret=SUCCESS |  
2025-10-16 19:49:10,296 | INFO  | OMAudit | user=runner | ip=127.0.0.1 | op=READ_KEY {"volume":"e7263b10-b6b7-4efb-b19f-bca726d8b879","bucket":"3965f6e3-64ee-4b27-ad30-4e2e306338ff","key":"58614f41-ffa3-4e04-a301-d4827083b0f4","owner":null,"dataSize":"0","replicationConfig":null} | ret=SUCCESS |  
2025-10-16 19:49:10,298 | INFO  | OMAudit | user=runner | ip=127.0.0.1 | op=READ_KEY {"volume":"e7263b10-b6b7-4efb-b19f-bca726d8b879","bucket":"3965f6e3-64ee-4b27-ad30-4e2e306338ff","key":"58614f41-ffa3-4e04-a301-d4827083b0f4","owner":null,"dataSize":"0","replicationConfig":null} | ret=SUCCESS |  
2025-10-16 19:49:10,304 | INFO  | SCMAudit | user=runner | ip=127.0.0.1 | op=GET_CONTAINER_WITH_PIPELINE_BATCH {"containerIDs":"#1,"} | ret=SUCCESS |  
2025-10-16 19:49:10,305 | INFO  | OMAudit | user=null | ip= | op=READ_KEY {"volume":"e7263b10-b6b7-4efb-b19f-bca726d8b879","bucket":"3965f6e3-64ee-4b27-ad30-4e2e306338ff","key":"58614f41-ffa3-4e04-a301-d4827083b0f4","owner":null,"dataSize":"0","replicationConfig":null} | ret=SUCCESS |  
2025-10-16 19:49:10,305 | INFO  | SCMAudit | user=runner | ip=127.0.0.1 | op=GET_CONTAINER {"containerID":"1"} | ret=SUCCESS |  
2025-10-16 19:49:10,306 | INFO  | OMAudit | user=runner | ip=127.0.0.1 | op=READ_BUCKET {"volume":"e7263b10-b6b7-4efb-b19f-bca726d8b879","bucket":"3965f6e3-64ee-4b27-ad30-4e2e306338ff"} | ret=SUCCESS |  
2025-10-16 19:49:10,307 | INFO  | SCMAudit | user=runner | ip=127.0.0.1 | op=ALLOCATE_BLOCK {"replication":"RATIS/ONE","owner":"omServiceIdDefault","size":"4194304","sampleBlocks":"[conID: 6 locID: 115816896921600500]","num":"1","client":"","allocated":"1"} | ret=SUCCESS |  
2025-10-16 19:49:10,309 | INFO  | OMAudit | user=runner | ip=127.0.0.1 | op=ALLOCATE_KEY {"volume":"e7263b10-b6b7-4efb-b19f-bca726d8b879","bucket":"3965f6e3-64ee-4b27-ad30-4e2e306338ff","key":"42ffe96e-a94d-4558-ad14-84c604a965cb","dataSize":"12","replicationType":"RATIS","replicationFactor":"ONE","Transaction":"1768"} | ret=SUCCESS |  
2025-10-16 19:49:10,313 | INFO  | SCMAudit | user=runner | ip=127.0.0.1 | op=SEND_HEARTBEAT {"datanodeUUID":"764b18f0-81c5-439a-9fff-25adc4f241fa","term":"2","command":"[]"} | ret=SUCCESS |  
2025-10-16 19:49:10,315 | INFO  | SCMAudit | user=runner | ip=127.0.0.1 | op=SEND_HEARTBEAT {"datanodeUUID":"0e8b6cc7-9945-4141-97fc-6aa017a0d5fa","term":"2","command":"[commandType: closeContainerCommand closeContainerCommandProto { containerID: 21 pipelineID { id: \"a6d455ad-cb8f-42d4-aaf7-6ca5f15a0415\" uuid128 { mostSigBits: -6425416563417988396 leastSigBits: -6127309308039658475 } } cmdId: 21 force: false } term: 2 encodedToken: \"\" deadlineMsSinceEpoch: 0]"} | ret=SUCCESS |  
2025-10-16 19:49:10,315 [EventQueue-PipelineActionsForPipelineActionHandler] INFO  pipeline.PipelineActionHandler (PipelineActionHandler.java:processPipelineAction(89)) - Received pipeline action CLOSE for Pipeline-a6d455ad-cb8f-42d4-aaf7-6ca5f15a0415 from datanode e33e6ec4-6b66-4281-bedd-2bd75bd30070(localhost/127.0.0.1). Reason : Ratis Transaction failure in datanode e33e6ec4-6b66-4281-bedd-2bd75bd30070 with role LEADER .Triggering pipeline close action.
2025-10-16 19:49:10,316 [EventQueue-PipelineActionsForPipelineActionHandler] INFO  pipeline.PipelineActionHandler (PipelineActionHandler.java:processPipelineAction(89)) - Received pipeline action CLOSE for Pipeline-36270c74-4c8b-4dac-af71-cdbac21eb987 from datanode e33e6ec4-6b66-4281-bedd-2bd75bd30070(localhost/127.0.0.1). Reason : Ratis Transaction failure in datanode e33e6ec4-6b66-4281-bedd-2bd75bd30070 with role FOLLOWER .Triggering pipeline close action.
2025-10-16 19:49:10,316 [EventQueue-PipelineActionsForPipelineActionHandler] INFO  pipeline.PipelineActionHandler (PipelineActionHandler.java:processPipelineAction(89)) - Received pipeline action CLOSE for Pipeline-a6d455ad-cb8f-42d4-aaf7-6ca5f15a0415 from datanode 0e8b6cc7-9945-4141-97fc-6aa017a0d5fa(localhost/127.0.0.1). Reason : Ratis Transaction failure in datanode 0e8b6cc7-9945-4141-97fc-6aa017a0d5fa with role FOLLOWER .Triggering pipeline close action.
2025-10-16 19:49:10,316 [EventQueue-PipelineActionsForPipelineActionHandler] INFO  pipeline.PipelineActionHandler (PipelineActionHandler.java:processPipelineAction(89)) - Received pipeline action CLOSE for Pipeline-36270c74-4c8b-4dac-af71-cdbac21eb987 from datanode 0e8b6cc7-9945-4141-97fc-6aa017a0d5fa(localhost/127.0.0.1). Reason : Ratis Transaction failure in datanode 0e8b6cc7-9945-4141-97fc-6aa017a0d5fa with role FOLLOWER .Triggering pipeline close action.
2025-10-16 19:49:10,316 | INFO  | SCMAudit | user=runner | ip=127.0.0.1 | op=SEND_HEARTBEAT {"datanodeUUID":"e33e6ec4-6b66-4281-bedd-2bd75bd30070","term":"2","command":"[commandType: closeContainerCommand closeContainerCommandProto { containerID: 21 pipelineID { id: \"a6d455ad-cb8f-42d4-aaf7-6ca5f15a0415\" uuid128 { mostSigBits: -6425416563417988396 leastSigBits: -6127309308039658475 } } cmdId: 21 force: false } term: 2 encodedToken: \"\" deadlineMsSinceEpoch: 0]"} | ret=SUCCESS |  
2025-10-16 19:49:10,317 [EventQueue-PipelineActionsForPipelineActionHandler] INFO  pipeline.PipelineActionHandler (PipelineActionHandler.java:processPipelineAction(89)) - Received pipeline action CLOSE for Pipeline-a6d455ad-cb8f-42d4-aaf7-6ca5f15a0415 from datanode 702cb173-5c73-4ecc-b5cd-c7b4a6b66aea(localhost/127.0.0.1). Reason : Ratis Transaction failure in datanode 702cb173-5c73-4ecc-b5cd-c7b4a6b66aea with role FOLLOWER .Triggering pipeline close action.
2025-10-16 19:49:10,317 [EventQueue-PipelineActionsForPipelineActionHandler] INFO  pipeline.PipelineActionHandler (PipelineActionHandler.java:processPipelineAction(89)) - Received pipeline action CLOSE for Pipeline-36270c74-4c8b-4dac-af71-cdbac21eb987 from datanode 702cb173-5c73-4ecc-b5cd-c7b4a6b66aea(localhost/127.0.0.1). Reason : Ratis Transaction failure in datanode 702cb173-5c73-4ecc-b5cd-c7b4a6b66aea with role LEADER .Triggering pipeline close action.
2025-10-16 19:49:10,317 | INFO  | SCMAudit | user=runner | ip=127.0.0.1 | op=SEND_HEARTBEAT {"datanodeUUID":"702cb173-5c73-4ecc-b5cd-c7b4a6b66aea","term":"2","command":"[commandType: closeContainerCommand closeContainerCommandProto { containerID: 21 pipelineID { id: \"a6d455ad-cb8f-42d4-aaf7-6ca5f15a0415\" uuid128 { mostSigBits: -6425416563417988396 leastSigBits: -6127309308039658475 } } cmdId: 21 force: false } term: 2 encodedToken: \"\" deadlineMsSinceEpoch: 0]"} | ret=SUCCESS |  
2025-10-16 19:49:10,320 | INFO  | OMAudit | user=runner | ip=127.0.0.1 | op=COMMIT_KEY {"volume":"e7263b10-b6b7-4efb-b19f-bca726d8b879","bucket":"3965f6e3-64ee-4b27-ad30-4e2e306338ff","key":"42ffe96e-a94d-4558-ad14-84c604a965cb","dataSize":"12","replicationType":"RATIS","replicationFactor":"ONE","Transaction":"1769"} | ret=SUCCESS |  
2025-10-16 19:49:10,322 | INFO  | OMAudit | user=runner | ip=127.0.0.1 | op=READ_KEY {"volume":"e7263b10-b6b7-4efb-b19f-bca726d8b879","bucket":"3965f6e3-64ee-4b27-ad30-4e2e306338ff","key":"42ffe96e-a94d-4558-ad14-84c604a965cb","owner":null,"dataSize":"0","replicationConfig":null} | ret=SUCCESS |  
2025-10-16 19:49:10,323 | INFO  | OMAudit | user=runner | ip=127.0.0.1 | op=READ_KEY {"volume":"e7263b10-b6b7-4efb-b19f-bca726d8b879","bucket":"3965f6e3-64ee-4b27-ad30-4e2e306338ff","key":"42ffe96e-a94d-4558-ad14-84c604a965cb","owner":null,"dataSize":"0","replicationConfig":null} | ret=SUCCESS |  
2025-10-16 19:49:10,329 | INFO  | SCMAudit | user=runner | ip=127.0.0.1 | op=GET_CONTAINER_WITH_PIPELINE_BATCH {"containerIDs":"#6,"} | ret=SUCCESS |  
2025-10-16 19:49:10,329 | INFO  | OMAudit | user=null | ip= | op=READ_KEY {"volume":"e7263b10-b6b7-4efb-b19f-bca726d8b879","bucket":"3965f6e3-64ee-4b27-ad30-4e2e306338ff","key":"42ffe96e-a94d-4558-ad14-84c604a965cb","owner":null,"dataSize":"0","replicationConfig":null} | ret=SUCCESS |  
2025-10-16 19:49:10,330 | INFO  | SCMAudit | user=runner | ip=127.0.0.1 | op=GET_CONTAINER {"containerID":"6"} | ret=SUCCESS |  
2025-10-16 19:49:10,331 | INFO  | OMAudit | user=runner | ip=127.0.0.1 | op=READ_BUCKET {"volume":"e7263b10-b6b7-4efb-b19f-bca726d8b879","bucket":"3965f6e3-64ee-4b27-ad30-4e2e306338ff"} | ret=SUCCESS |  
2025-10-16 19:49:10,332 | INFO  | SCMAudit | user=runner | ip=127.0.0.1 | op=ALLOCATE_BLOCK {"replication":"RATIS/ONE","owner":"omServiceIdDefault","size":"4194304","sampleBlocks":"[conID: 2 locID: 115816896921600501]","num":"1","client":"","allocated":"1"} | ret=SUCCESS |  
2025-10-16 19:49:10,333 | INFO  | OMAudit | user=runner | ip=127.0.0.1 | op=ALLOCATE_KEY {"volume":"e7263b10-b6b7-4efb-b19f-bca726d8b879","bucket":"3965f6e3-64ee-4b27-ad30-4e2e306338ff","key":"1add4cf2-9172-4cc5-a74a-945fa5c80ba4","dataSize":"12","replicationType":"RATIS","replicationFactor":"ONE","Transaction":"1770"} | ret=SUCCESS |  
2025-10-16 19:49:10,342 | INFO  | OMAudit | user=runner | ip=127.0.0.1 | op=COMMIT_KEY {"volume":"e7263b10-b6b7-4efb-b19f-bca726d8b879","bucket":"3965f6e3-64ee-4b27-ad30-4e2e306338ff","key":"1add4cf2-9172-4cc5-a74a-945fa5c80ba4","dataSize":"12","replicationType":"RATIS","replicationFactor":"ONE","Transaction":"1771"} | ret=SUCCESS |  
2025-10-16 19:49:10,344 | INFO  | OMAudit | user=runner | ip=127.0.0.1 | op=READ_KEY {"volume":"e7263b10-b6b7-4efb-b19f-bca726d8b879","bucket":"3965f6e3-64ee-4b27-ad30-4e2e306338ff","key":"1add4cf2-9172-4cc5-a74a-945fa5c80ba4","owner":null,"dataSize":"0","replicationConfig":null} | ret=SUCCESS |  
2025-10-16 19:49:10,345 | INFO  | OMAudit | user=runner | ip=127.0.0.1 | op=READ_KEY {"volume":"e7263b10-b6b7-4efb-b19f-bca726d8b879","bucket":"3965f6e3-64ee-4b27-ad30-4e2e306338ff","key":"1add4cf2-9172-4cc5-a74a-945fa5c80ba4","owner":null,"dataSize":"0","replicationConfig":null} | ret=SUCCESS |  
2025-10-16 19:49:10,350 | INFO  | SCMAudit | user=runner | ip=127.0.0.1 | op=GET_CONTAINER_WITH_PIPELINE_BATCH {"containerIDs":"#2,"} | ret=SUCCESS |  
2025-10-16 19:49:10,351 | INFO  | OMAudit | user=null | ip= | op=READ_KEY {"volume":"e7263b10-b6b7-4efb-b19f-bca726d8b879","bucket":"3965f6e3-64ee-4b27-ad30-4e2e306338ff","key":"1add4cf2-9172-4cc5-a74a-945fa5c80ba4","owner":null,"dataSize":"0","replicationConfig":null} | ret=SUCCESS |  
2025-10-16 19:49:10,352 | INFO  | SCMAudit | user=runner | ip=127.0.0.1 | op=GET_CONTAINER {"containerID":"2"} | ret=SUCCESS |  
2025-10-16 19:49:10,352 [ForkJoinPool-1-worker-1] INFO  rpc.RpcClient (RpcClient.java:createVolume(461)) - Creating Volume: 750b4ad7-db5a-412e-a6f4-6e3a7b881a50, with runner as owner and space quota set to -1 bytes, counts quota set to -1
2025-10-16 19:49:10,354 [om1-OMStateMachineApplyTransactionThread - 0] INFO  volume.OMVolumeCreateRequest (OMVolumeCreateRequest.java:validateAndUpdateCache(213)) - created volume:750b4ad7-db5a-412e-a6f4-6e3a7b881a50 for user:runner
2025-10-16 19:49:10,354 | INFO  | OMAudit | user=runner | ip=127.0.0.1 | op=CREATE_VOLUME {"admin":"runner","owner":"runner","volume":"750b4ad7-db5a-412e-a6f4-6e3a7b881a50","creationTime":"1760644150353","modificationTime":"1760644150353","quotaInBytes":"-1","quotaInNamespace":"-1","usedNamespace":"0","objectID":"-9223372036854322176","updateID":"1772","Transaction":"1772"} | ret=SUCCESS |  
2025-10-16 19:49:10,355 | INFO  | OMAudit | user=runner | ip=127.0.0.1 | op=READ_VOLUME {"volume":"750b4ad7-db5a-412e-a6f4-6e3a7b881a50"} | ret=SUCCESS |  
2025-10-16 19:49:10,355 [ForkJoinPool-1-worker-1] INFO  rpc.RpcClient (RpcClient.java:createBucket(686)) - Creating Bucket: 750b4ad7-db5a-412e-a6f4-6e3a7b881a50/a919428e-4ca4-4832-b60c-7fd251d16277, with bucket layout FILE_SYSTEM_OPTIMIZED, runner as owner, Versioning false, Storage Type set to DISK and Encryption set to false, Replication Type set to server-side default replication type, Namespace Quota set to -1, Space Quota set to -1 
2025-10-16 19:49:10,356 [om1-OMStateMachineApplyTransactionThread - 0] INFO  bucket.OMBucketCreateRequest (OMBucketCreateRequest.java:validateAndUpdateCache(303)) - created bucket: a919428e-4ca4-4832-b60c-7fd251d16277 of layout FILE_SYSTEM_OPTIMIZED in volume: 750b4ad7-db5a-412e-a6f4-6e3a7b881a50
2025-10-16 19:49:10,356 | INFO  | OMAudit | user=runner | ip=127.0.0.1 | op=CREATE_BUCKET {"volume":"750b4ad7-db5a-412e-a6f4-6e3a7b881a50","bucket":"a919428e-4ca4-4832-b60c-7fd251d16277","bucketLayout":"FILE_SYSTEM_OPTIMIZED","gdprEnabled":null,"acls":"[user:runner:a[ACCESS], group:runner:rl[ACCESS]]","isVersionEnabled":"false","storageType":"DISK","creationTime":"1760644150356","bucketEncryptionKey":null,"modificationTime":"1760644150356","usedBytes":"0","usedNamespace":"0","snapshotUsedBytes":"0","snapshotUsedNamespace":"0","owner":"runner","replicationType":null,"replicationConfig":null,"quotaInBytes":"-1","quotaInNamespace":"-1","Transaction":"1773"} | ret=SUCCESS |  
2025-10-16 19:49:10,358 | INFO  | OMAudit | user=runner | ip=127.0.0.1 | op=READ_BUCKET {"volume":"750b4ad7-db5a-412e-a6f4-6e3a7b881a50","bucket":"a919428e-4ca4-4832-b60c-7fd251d16277"} | ret=SUCCESS |  
2025-10-16 19:49:10,359 | INFO  | OMAudit | user=runner | ip=127.0.0.1 | op=READ_BUCKET {"volume":"750b4ad7-db5a-412e-a6f4-6e3a7b881a50","bucket":"a919428e-4ca4-4832-b60c-7fd251d16277"} | ret=SUCCESS |  
2025-10-16 19:49:10,359 | INFO  | SCMAudit | user=runner | ip=127.0.0.1 | op=ALLOCATE_BLOCK {"replication":"RATIS/ONE","owner":"omServiceIdDefault","size":"4194304","sampleBlocks":"[conID: 8 locID: 115816896921600502]","num":"1","client":"","allocated":"1"} | ret=SUCCESS |  
2025-10-16 19:49:10,361 | INFO  | OMAudit | user=runner | ip=127.0.0.1 | op=ALLOCATE_KEY {"volume":"750b4ad7-db5a-412e-a6f4-6e3a7b881a50","bucket":"a919428e-4ca4-4832-b60c-7fd251d16277","key":"894e8472-0673-4bd9-99f3-a121afd34c7e","dataSize":"12","replicationType":"RATIS","replicationFactor":"ONE","Transaction":"1774"} | ret=SUCCESS |  
2025-10-16 19:49:10,368 | INFO  | OMAudit | user=runner | ip=127.0.0.1 | op=COMMIT_KEY {"volume":"750b4ad7-db5a-412e-a6f4-6e3a7b881a50","bucket":"a919428e-4ca4-4832-b60c-7fd251d16277","key":"894e8472-0673-4bd9-99f3-a121afd34c7e","dataSize":"12","replicationType":"RATIS","replicationFactor":"ONE","Transaction":"1775"} | ret=SUCCESS |  
2025-10-16 19:49:10,369 | INFO  | OMAudit | user=runner | ip=127.0.0.1 | op=READ_KEY {"volume":"750b4ad7-db5a-412e-a6f4-6e3a7b881a50","bucket":"a919428e-4ca4-4832-b60c-7fd251d16277","key":"894e8472-0673-4bd9-99f3-a121afd34c7e","owner":null,"dataSize":"0","replicationConfig":null} | ret=SUCCESS |  
2025-10-16 19:49:10,371 | INFO  | OMAudit | user=runner | ip=127.0.0.1 | op=READ_KEY {"volume":"750b4ad7-db5a-412e-a6f4-6e3a7b881a50","bucket":"a919428e-4ca4-4832-b60c-7fd251d16277","key":"894e8472-0673-4bd9-99f3-a121afd34c7e","owner":null,"dataSize":"0","replicationConfig":null} | ret=SUCCESS |  
2025-10-16 19:49:10,379 | INFO  | SCMAudit | user=runner | ip=127.0.0.1 | op=GET_CONTAINER_WITH_PIPELINE_BATCH {"containerIDs":"#8,"} | ret=SUCCESS |  
2025-10-16 19:49:10,379 | INFO  | OMAudit | user=null | ip= | op=READ_KEY {"volume":"750b4ad7-db5a-412e-a6f4-6e3a7b881a50","bucket":"a919428e-4ca4-4832-b60c-7fd251d16277","key":"894e8472-0673-4bd9-99f3-a121afd34c7e","owner":null,"dataSize":"0","replicationConfig":null} | ret=SUCCESS |  
2025-10-16 19:49:10,380 | INFO  | SCMAudit | user=runner | ip=127.0.0.1 | op=GET_CONTAINER {"containerID":"8"} | ret=SUCCESS |  
2025-10-16 19:49:10,381 | INFO  | OMAudit | user=runner | ip=127.0.0.1 | op=READ_BUCKET {"volume":"750b4ad7-db5a-412e-a6f4-6e3a7b881a50","bucket":"a919428e-4ca4-4832-b60c-7fd251d16277"} | ret=SUCCESS |  
2025-10-16 19:49:10,382 | INFO  | SCMAudit | user=runner | ip=127.0.0.1 | op=ALLOCATE_BLOCK {"replication":"RATIS/ONE","owner":"omServiceIdDefault","size":"4194304","sampleBlocks":"[conID: 9 locID: 115816896921600503]","num":"1","client":"","allocated":"1"} | ret=SUCCESS |  
2025-10-16 19:49:10,385 | INFO  | OMAudit | user=runner | ip=127.0.0.1 | op=ALLOCATE_KEY {"volume":"750b4ad7-db5a-412e-a6f4-6e3a7b881a50","bucket":"a919428e-4ca4-4832-b60c-7fd251d16277","key":"5c42b49f-2e96-4fc1-8a9e-a21d072e7078","dataSize":"12","replicationType":"RATIS","replicationFactor":"ONE","Transaction":"1776"} | ret=SUCCESS |  
2025-10-16 19:49:10,391 | INFO  | OMAudit | user=runner | ip=127.0.0.1 | op=COMMIT_KEY {"volume":"750b4ad7-db5a-412e-a6f4-6e3a7b881a50","bucket":"a919428e-4ca4-4832-b60c-7fd251d16277","key":"5c42b49f-2e96-4fc1-8a9e-a21d072e7078","dataSize":"12","replicationType":"RATIS","replicationFactor":"ONE","Transaction":"1777"} | ret=SUCCESS |  
2025-10-16 19:49:10,393 | INFO  | OMAudit | user=runner | ip=127.0.0.1 | op=READ_KEY {"volume":"750b4ad7-db5a-412e-a6f4-6e3a7b881a50","bucket":"a919428e-4ca4-4832-b60c-7fd251d16277","key":"5c42b49f-2e96-4fc1-8a9e-a21d072e7078","owner":null,"dataSize":"0","replicationConfig":null} | ret=SUCCESS |  
2025-10-16 19:49:10,394 | INFO  | OMAudit | user=runner | ip=127.0.0.1 | op=READ_KEY {"volume":"750b4ad7-db5a-412e-a6f4-6e3a7b881a50","bucket":"a919428e-4ca4-4832-b60c-7fd251d16277","key":"5c42b49f-2e96-4fc1-8a9e-a21d072e7078","owner":null,"dataSize":"0","replicationConfig":null} | ret=SUCCESS |  
2025-10-16 19:49:10,399 | INFO  | SCMAudit | user=runner | ip=127.0.0.1 | op=GET_CONTAINER_WITH_PIPELINE_BATCH {"containerIDs":"#9,"} | ret=SUCCESS |  
2025-10-16 19:49:10,399 | INFO  | OMAudit | user=null | ip= | op=READ_KEY {"volume":"750b4ad7-db5a-412e-a6f4-6e3a7b881a50","bucket":"a919428e-4ca4-4832-b60c-7fd251d16277","key":"5c42b49f-2e96-4fc1-8a9e-a21d072e7078","owner":null,"dataSize":"0","replicationConfig":null} | ret=SUCCESS |  
2025-10-16 19:49:10,401 | INFO  | SCMAudit | user=runner | ip=127.0.0.1 | op=GET_CONTAINER {"containerID":"9"} | ret=SUCCESS |  
2025-10-16 19:49:10,402 | INFO  | OMAudit | user=runner | ip=127.0.0.1 | op=READ_BUCKET {"volume":"750b4ad7-db5a-412e-a6f4-6e3a7b881a50","bucket":"a919428e-4ca4-4832-b60c-7fd251d16277"} | ret=SUCCESS |  
2025-10-16 19:49:10,403 | INFO  | SCMAudit | user=runner | ip=127.0.0.1 | op=ALLOCATE_BLOCK {"replication":"RATIS/ONE","owner":"omServiceIdDefault","size":"4194304","sampleBlocks":"[conID: 11 locID: 115816896921600504]","num":"1","client":"","allocated":"1"} | ret=SUCCESS |  
2025-10-16 19:49:10,404 | INFO  | OMAudit | user=runner | ip=127.0.0.1 | op=ALLOCATE_KEY {"volume":"750b4ad7-db5a-412e-a6f4-6e3a7b881a50","bucket":"a919428e-4ca4-4832-b60c-7fd251d16277","key":"818eeff6-dc12-4da2-8f8a-d8f848e8f1ae","dataSize":"12","replicationType":"RATIS","replicationFactor":"ONE","Transaction":"1778"} | ret=SUCCESS |  
2025-10-16 19:49:10,411 | INFO  | OMAudit | user=runner | ip=127.0.0.1 | op=COMMIT_KEY {"volume":"750b4ad7-db5a-412e-a6f4-6e3a7b881a50","bucket":"a919428e-4ca4-4832-b60c-7fd251d16277","key":"818eeff6-dc12-4da2-8f8a-d8f848e8f1ae","dataSize":"12","replicationType":"RATIS","replicationFactor":"ONE","Transaction":"1779"} | ret=SUCCESS |  
2025-10-16 19:49:10,412 | INFO  | OMAudit | user=runner | ip=127.0.0.1 | op=READ_KEY {"volume":"750b4ad7-db5a-412e-a6f4-6e3a7b881a50","bucket":"a919428e-4ca4-4832-b60c-7fd251d16277","key":"818eeff6-dc12-4da2-8f8a-d8f848e8f1ae","owner":null,"dataSize":"0","replicationConfig":null} | ret=SUCCESS |  
2025-10-16 19:49:10,414 | INFO  | OMAudit | user=runner | ip=127.0.0.1 | op=READ_KEY {"volume":"750b4ad7-db5a-412e-a6f4-6e3a7b881a50","bucket":"a919428e-4ca4-4832-b60c-7fd251d16277","key":"818eeff6-dc12-4da2-8f8a-d8f848e8f1ae","owner":null,"dataSize":"0","replicationConfig":null} | ret=SUCCESS |  
2025-10-16 19:49:10,419 | INFO  | SCMAudit | user=runner | ip=127.0.0.1 | op=GET_CONTAINER_WITH_PIPELINE_BATCH {"containerIDs":"#11,"} | ret=SUCCESS |  
2025-10-16 19:49:10,420 | INFO  | OMAudit | user=null | ip= | op=READ_KEY {"volume":"750b4ad7-db5a-412e-a6f4-6e3a7b881a50","bucket":"a919428e-4ca4-4832-b60c-7fd251d16277","key":"818eeff6-dc12-4da2-8f8a-d8f848e8f1ae","owner":null,"dataSize":"0","replicationConfig":null} | ret=SUCCESS |  
2025-10-16 19:49:10,420 | INFO  | SCMAudit | user=runner | ip=127.0.0.1 | op=GET_CONTAINER {"containerID":"11"} | ret=SUCCESS |  
2025-10-16 19:49:10,421 | INFO  | OMAudit | user=runner | ip=127.0.0.1 | op=READ_BUCKET {"volume":"750b4ad7-db5a-412e-a6f4-6e3a7b881a50","bucket":"a919428e-4ca4-4832-b60c-7fd251d16277"} | ret=SUCCESS |  
2025-10-16 19:49:10,422 | INFO  | SCMAudit | user=runner | ip=127.0.0.1 | op=ALLOCATE_BLOCK {"replication":"RATIS/ONE","owner":"omServiceIdDefault","size":"4194304","sampleBlocks":"[conID: 3 locID: 115816896921600505]","num":"1","client":"","allocated":"1"} | ret=SUCCESS |  
2025-10-16 19:49:10,424 | INFO  | OMAudit | user=runner | ip=127.0.0.1 | op=ALLOCATE_KEY {"volume":"750b4ad7-db5a-412e-a6f4-6e3a7b881a50","bucket":"a919428e-4ca4-4832-b60c-7fd251d16277","key":"98b7c018-ad4c-48f8-ab1b-46ea01d5b543","dataSize":"12","replicationType":"RATIS","replicationFactor":"ONE","Transaction":"1780"} | ret=SUCCESS |  
2025-10-16 19:49:10,430 | INFO  | OMAudit | user=runner | ip=127.0.0.1 | op=COMMIT_KEY {"volume":"750b4ad7-db5a-412e-a6f4-6e3a7b881a50","bucket":"a919428e-4ca4-4832-b60c-7fd251d16277","key":"98b7c018-ad4c-48f8-ab1b-46ea01d5b543","dataSize":"12","replicationType":"RATIS","replicationFactor":"ONE","Transaction":"1781"} | ret=SUCCESS |  
2025-10-16 19:49:10,432 | INFO  | OMAudit | user=runner | ip=127.0.0.1 | op=READ_KEY {"volume":"750b4ad7-db5a-412e-a6f4-6e3a7b881a50","bucket":"a919428e-4ca4-4832-b60c-7fd251d16277","key":"98b7c018-ad4c-48f8-ab1b-46ea01d5b543","owner":null,"dataSize":"0","replicationConfig":null} | ret=SUCCESS |  
2025-10-16 19:49:10,434 | INFO  | OMAudit | user=runner | ip=127.0.0.1 | op=READ_KEY {"volume":"750b4ad7-db5a-412e-a6f4-6e3a7b881a50","bucket":"a919428e-4ca4-4832-b60c-7fd251d16277","key":"98b7c018-ad4c-48f8-ab1b-46ea01d5b543","owner":null,"dataSize":"0","replicationConfig":null} | ret=SUCCESS |  
2025-10-16 19:49:10,450 | INFO  | SCMAudit | user=runner | ip=127.0.0.1 | op=GET_CONTAINER_WITH_PIPELINE_BATCH {"containerIDs":"#3,"} | ret=SUCCESS |  
2025-10-16 19:49:10,450 | INFO  | OMAudit | user=null | ip= | op=READ_KEY {"volume":"750b4ad7-db5a-412e-a6f4-6e3a7b881a50","bucket":"a919428e-4ca4-4832-b60c-7fd251d16277","key":"98b7c018-ad4c-48f8-ab1b-46ea01d5b543","owner":null,"dataSize":"0","replicationConfig":null} | ret=SUCCESS |  
2025-10-16 19:49:10,451 | INFO  | SCMAudit | user=runner | ip=127.0.0.1 | op=GET_CONTAINER {"containerID":"3"} | ret=SUCCESS |  
2025-10-16 19:49:10,452 | INFO  | OMAudit | user=runner | ip=127.0.0.1 | op=READ_BUCKET {"volume":"750b4ad7-db5a-412e-a6f4-6e3a7b881a50","bucket":"a919428e-4ca4-4832-b60c-7fd251d16277"} | ret=SUCCESS |  
2025-10-16 19:49:10,454 | INFO  | SCMAudit | user=runner | ip=127.0.0.1 | op=ALLOCATE_BLOCK {"replication":"RATIS/ONE","owner":"omServiceIdDefault","size":"4194304","sampleBlocks":"[conID: 4 locID: 115816896921600506]","num":"1","client":"","allocated":"1"} | ret=SUCCESS |  
2025-10-16 19:49:10,456 | INFO  | OMAudit | user=runner | ip=127.0.0.1 | op=ALLOCATE_KEY {"volume":"750b4ad7-db5a-412e-a6f4-6e3a7b881a50","bucket":"a919428e-4ca4-4832-b60c-7fd251d16277","key":"52ecfe25-1f9c-4d88-ba7c-c4e1912fc627","dataSize":"12","replicationType":"RATIS","replicationFactor":"ONE","Transaction":"1782"} | ret=SUCCESS |  
2025-10-16 19:49:10,462 | INFO  | OMAudit | user=runner | ip=127.0.0.1 | op=COMMIT_KEY {"volume":"750b4ad7-db5a-412e-a6f4-6e3a7b881a50","bucket":"a919428e-4ca4-4832-b60c-7fd251d16277","key":"52ecfe25-1f9c-4d88-ba7c-c4e1912fc627","dataSize":"12","replicationType":"RATIS","replicationFactor":"ONE","Transaction":"1783"} | ret=SUCCESS |  
2025-10-16 19:49:10,463 | INFO  | OMAudit | user=runner | ip=127.0.0.1 | op=READ_KEY {"volume":"750b4ad7-db5a-412e-a6f4-6e3a7b881a50","bucket":"a919428e-4ca4-4832-b60c-7fd251d16277","key":"52ecfe25-1f9c-4d88-ba7c-c4e1912fc627","owner":null,"dataSize":"0","replicationConfig":null} | ret=SUCCESS |  
2025-10-16 19:49:10,464 | INFO  | OMAudit | user=runner | ip=127.0.0.1 | op=READ_KEY {"volume":"750b4ad7-db5a-412e-a6f4-6e3a7b881a50","bucket":"a919428e-4ca4-4832-b60c-7fd251d16277","key":"52ecfe25-1f9c-4d88-ba7c-c4e1912fc627","owner":null,"dataSize":"0","replicationConfig":null} | ret=SUCCESS |  
2025-10-16 19:49:10,469 | INFO  | SCMAudit | user=runner | ip=127.0.0.1 | op=GET_CONTAINER_WITH_PIPELINE_BATCH {"containerIDs":"#4,"} | ret=SUCCESS |  
2025-10-16 19:49:10,470 | INFO  | OMAudit | user=null | ip= | op=READ_KEY {"volume":"750b4ad7-db5a-412e-a6f4-6e3a7b881a50","bucket":"a919428e-4ca4-4832-b60c-7fd251d16277","key":"52ecfe25-1f9c-4d88-ba7c-c4e1912fc627","owner":null,"dataSize":"0","replicationConfig":null} | ret=SUCCESS |  
2025-10-16 19:49:10,471 | INFO  | SCMAudit | user=runner | ip=127.0.0.1 | op=GET_CONTAINER {"containerID":"4"} | ret=SUCCESS |  
2025-10-16 19:49:10,472 | INFO  | OMAudit | user=runner | ip=127.0.0.1 | op=READ_BUCKET {"volume":"750b4ad7-db5a-412e-a6f4-6e3a7b881a50","bucket":"a919428e-4ca4-4832-b60c-7fd251d16277"} | ret=SUCCESS |  
2025-10-16 19:49:10,473 | INFO  | SCMAudit | user=runner | ip=127.0.0.1 | op=ALLOCATE_BLOCK {"replication":"RATIS/ONE","owner":"omServiceIdDefault","size":"4194304","sampleBlocks":"[conID: 7 locID: 115816896921600507]","num":"1","client":"","allocated":"1"} | ret=SUCCESS |  
2025-10-16 19:49:10,475 | INFO  | OMAudit | user=runner | ip=127.0.0.1 | op=ALLOCATE_KEY {"volume":"750b4ad7-db5a-412e-a6f4-6e3a7b881a50","bucket":"a919428e-4ca4-4832-b60c-7fd251d16277","key":"ca0a190f-6c80-424e-b764-28b4c97fcc0c","dataSize":"12","replicationType":"RATIS","replicationFactor":"ONE","Transaction":"1784"} | ret=SUCCESS |  
2025-10-16 19:49:10,482 | INFO  | OMAudit | user=runner | ip=127.0.0.1 | op=COMMIT_KEY {"volume":"750b4ad7-db5a-412e-a6f4-6e3a7b881a50","bucket":"a919428e-4ca4-4832-b60c-7fd251d16277","key":"ca0a190f-6c80-424e-b764-28b4c97fcc0c","dataSize":"12","replicationType":"RATIS","replicationFactor":"ONE","Transaction":"1785"} | ret=SUCCESS |  
2025-10-16 19:49:10,483 | INFO  | OMAudit | user=runner | ip=127.0.0.1 | op=READ_KEY {"volume":"750b4ad7-db5a-412e-a6f4-6e3a7b881a50","bucket":"a919428e-4ca4-4832-b60c-7fd251d16277","key":"ca0a190f-6c80-424e-b764-28b4c97fcc0c","owner":null,"dataSize":"0","replicationConfig":null} | ret=SUCCESS |  
2025-10-16 19:49:10,484 | INFO  | OMAudit | user=runner | ip=127.0.0.1 | op=READ_KEY {"volume":"750b4ad7-db5a-412e-a6f4-6e3a7b881a50","bucket":"a919428e-4ca4-4832-b60c-7fd251d16277","key":"ca0a190f-6c80-424e-b764-28b4c97fcc0c","owner":null,"dataSize":"0","replicationConfig":null} | ret=SUCCESS |  
2025-10-16 19:49:10,488 | INFO  | SCMAudit | user=runner | ip=127.0.0.1 | op=GET_CONTAINER_WITH_PIPELINE_BATCH {"containerIDs":"#7,"} | ret=SUCCESS |  
2025-10-16 19:49:10,489 | INFO  | OMAudit | user=null | ip= | op=READ_KEY {"volume":"750b4ad7-db5a-412e-a6f4-6e3a7b881a50","bucket":"a919428e-4ca4-4832-b60c-7fd251d16277","key":"ca0a190f-6c80-424e-b764-28b4c97fcc0c","owner":null,"dataSize":"0","replicationConfig":null} | ret=SUCCESS |  
2025-10-16 19:49:10,489 | INFO  | SCMAudit | user=runner | ip=127.0.0.1 | op=GET_CONTAINER {"containerID":"7"} | ret=SUCCESS |  
2025-10-16 19:49:10,490 | INFO  | OMAudit | user=runner | ip=127.0.0.1 | op=READ_BUCKET {"volume":"750b4ad7-db5a-412e-a6f4-6e3a7b881a50","bucket":"a919428e-4ca4-4832-b60c-7fd251d16277"} | ret=SUCCESS |  
2025-10-16 19:49:10,490 | INFO  | SCMAudit | user=runner | ip=127.0.0.1 | op=ALLOCATE_BLOCK {"replication":"RATIS/ONE","owner":"omServiceIdDefault","size":"4194304","sampleBlocks":"[conID: 1 locID: 115816896921600508]","num":"1","client":"","allocated":"1"} | ret=SUCCESS |  
2025-10-16 19:49:10,492 | INFO  | OMAudit | user=runner | ip=127.0.0.1 | op=ALLOCATE_KEY {"volume":"750b4ad7-db5a-412e-a6f4-6e3a7b881a50","bucket":"a919428e-4ca4-4832-b60c-7fd251d16277","key":"1054e7e3-6b88-47e9-b328-e9768a5d1987","dataSize":"12","replicationType":"RATIS","replicationFactor":"ONE","Transaction":"1786"} | ret=SUCCESS |  
2025-10-16 19:49:10,496 | INFO  | OMAudit | user=runner | ip=127.0.0.1 | op=COMMIT_KEY {"volume":"750b4ad7-db5a-412e-a6f4-6e3a7b881a50","bucket":"a919428e-4ca4-4832-b60c-7fd251d16277","key":"1054e7e3-6b88-47e9-b328-e9768a5d1987","dataSize":"12","replicationType":"RATIS","replicationFactor":"ONE","Transaction":"1787"} | ret=SUCCESS |  
2025-10-16 19:49:10,497 | INFO  | OMAudit | user=runner | ip=127.0.0.1 | op=READ_KEY {"volume":"750b4ad7-db5a-412e-a6f4-6e3a7b881a50","bucket":"a919428e-4ca4-4832-b60c-7fd251d16277","key":"1054e7e3-6b88-47e9-b328-e9768a5d1987","owner":null,"dataSize":"0","replicationConfig":null} | ret=SUCCESS |  
2025-10-16 19:49:10,498 | INFO  | OMAudit | user=runner | ip=127.0.0.1 | op=READ_KEY {"volume":"750b4ad7-db5a-412e-a6f4-6e3a7b881a50","bucket":"a919428e-4ca4-4832-b60c-7fd251d16277","key":"1054e7e3-6b88-47e9-b328-e9768a5d1987","owner":null,"dataSize":"0","replicationConfig":null} | ret=SUCCESS |  
2025-10-16 19:49:10,502 | INFO  | SCMAudit | user=runner | ip=127.0.0.1 | op=GET_CONTAINER_WITH_PIPELINE_BATCH {"containerIDs":"#1,"} | ret=SUCCESS |  
2025-10-16 19:49:10,503 | INFO  | OMAudit | user=null | ip= | op=READ_KEY {"volume":"750b4ad7-db5a-412e-a6f4-6e3a7b881a50","bucket":"a919428e-4ca4-4832-b60c-7fd251d16277","key":"1054e7e3-6b88-47e9-b328-e9768a5d1987","owner":null,"dataSize":"0","replicationConfig":null} | ret=SUCCESS |  
2025-10-16 19:49:10,503 | INFO  | SCMAudit | user=runner | ip=127.0.0.1 | op=GET_CONTAINER {"containerID":"1"} | ret=SUCCESS |  
2025-10-16 19:49:10,504 | INFO  | OMAudit | user=runner | ip=127.0.0.1 | op=READ_BUCKET {"volume":"750b4ad7-db5a-412e-a6f4-6e3a7b881a50","bucket":"a919428e-4ca4-4832-b60c-7fd251d16277"} | ret=SUCCESS |  
2025-10-16 19:49:10,505 | INFO  | SCMAudit | user=runner | ip=127.0.0.1 | op=ALLOCATE_BLOCK {"replication":"RATIS/ONE","owner":"omServiceIdDefault","size":"4194304","sampleBlocks":"[conID: 11 locID: 115816896921600509]","num":"1","client":"","allocated":"1"} | ret=SUCCESS |  
2025-10-16 19:49:10,508 | INFO  | OMAudit | user=runner | ip=127.0.0.1 | op=ALLOCATE_KEY {"volume":"750b4ad7-db5a-412e-a6f4-6e3a7b881a50","bucket":"a919428e-4ca4-4832-b60c-7fd251d16277","key":"53b79736-428a-4520-b649-738b5ef5369f","dataSize":"12","replicationType":"RATIS","replicationFactor":"ONE","Transaction":"1788"} | ret=SUCCESS |  
2025-10-16 19:49:10,516 | INFO  | OMAudit | user=runner | ip=127.0.0.1 | op=COMMIT_KEY {"volume":"750b4ad7-db5a-412e-a6f4-6e3a7b881a50","bucket":"a919428e-4ca4-4832-b60c-7fd251d16277","key":"53b79736-428a-4520-b649-738b5ef5369f","dataSize":"12","replicationType":"RATIS","replicationFactor":"ONE","Transaction":"1789"} | ret=SUCCESS |  
2025-10-16 19:49:10,518 | INFO  | OMAudit | user=runner | ip=127.0.0.1 | op=READ_KEY {"volume":"750b4ad7-db5a-412e-a6f4-6e3a7b881a50","bucket":"a919428e-4ca4-4832-b60c-7fd251d16277","key":"53b79736-428a-4520-b649-738b5ef5369f","owner":null,"dataSize":"0","replicationConfig":null} | ret=SUCCESS |  
2025-10-16 19:49:10,520 | INFO  | OMAudit | user=runner | ip=127.0.0.1 | op=READ_KEY {"volume":"750b4ad7-db5a-412e-a6f4-6e3a7b881a50","bucket":"a919428e-4ca4-4832-b60c-7fd251d16277","key":"53b79736-428a-4520-b649-738b5ef5369f","owner":null,"dataSize":"0","replicationConfig":null} | ret=SUCCESS |  
2025-10-16 19:49:10,527 | INFO  | SCMAudit | user=runner | ip=127.0.0.1 | op=GET_CONTAINER_WITH_PIPELINE_BATCH {"containerIDs":"#11,"} | ret=SUCCESS |  
2025-10-16 19:49:10,528 | INFO  | OMAudit | user=null | ip= | op=READ_KEY {"volume":"750b4ad7-db5a-412e-a6f4-6e3a7b881a50","bucket":"a919428e-4ca4-4832-b60c-7fd251d16277","key":"53b79736-428a-4520-b649-738b5ef5369f","owner":null,"dataSize":"0","replicationConfig":null} | ret=SUCCESS |  
2025-10-16 19:49:10,532 | INFO  | SCMAudit | user=runner | ip=127.0.0.1 | op=GET_CONTAINER {"containerID":"11"} | ret=SUCCESS |  
2025-10-16 19:49:10,533 | INFO  | OMAudit | user=runner | ip=127.0.0.1 | op=READ_BUCKET {"volume":"750b4ad7-db5a-412e-a6f4-6e3a7b881a50","bucket":"a919428e-4ca4-4832-b60c-7fd251d16277"} | ret=SUCCESS |  
2025-10-16 19:49:10,534 | INFO  | SCMAudit | user=runner | ip=127.0.0.1 | op=ALLOCATE_BLOCK {"replication":"RATIS/ONE","owner":"omServiceIdDefault","size":"4194304","sampleBlocks":"[conID: 9 locID: 115816896921600510]","num":"1","client":"","allocated":"1"} | ret=SUCCESS |  
2025-10-16 19:49:10,537 | INFO  | OMAudit | user=runner | ip=127.0.0.1 | op=ALLOCATE_KEY {"volume":"750b4ad7-db5a-412e-a6f4-6e3a7b881a50","bucket":"a919428e-4ca4-4832-b60c-7fd251d16277","key":"5c9dee82-e6ac-4315-9bad-bd3db1755680","dataSize":"12","replicationType":"RATIS","replicationFactor":"ONE","Transaction":"1790"} | ret=SUCCESS |  
2025-10-16 19:49:10,547 | INFO  | OMAudit | user=runner | ip=127.0.0.1 | op=COMMIT_KEY {"volume":"750b4ad7-db5a-412e-a6f4-6e3a7b881a50","bucket":"a919428e-4ca4-4832-b60c-7fd251d16277","key":"5c9dee82-e6ac-4315-9bad-bd3db1755680","dataSize":"12","replicationType":"RATIS","replicationFactor":"ONE","Transaction":"1791"} | ret=SUCCESS |  
2025-10-16 19:49:10,550 | INFO  | OMAudit | user=runner | ip=127.0.0.1 | op=READ_KEY {"volume":"750b4ad7-db5a-412e-a6f4-6e3a7b881a50","bucket":"a919428e-4ca4-4832-b60c-7fd251d16277","key":"5c9dee82-e6ac-4315-9bad-bd3db1755680","owner":null,"dataSize":"0","replicationConfig":null} | ret=SUCCESS |  
2025-10-16 19:49:10,552 | INFO  | OMAudit | user=runner | ip=127.0.0.1 | op=READ_KEY {"volume":"750b4ad7-db5a-412e-a6f4-6e3a7b881a50","bucket":"a919428e-4ca4-4832-b60c-7fd251d16277","key":"5c9dee82-e6ac-4315-9bad-bd3db1755680","owner":null,"dataSize":"0","replicationConfig":null} | ret=SUCCESS |  
2025-10-16 19:49:10,560 | INFO  | SCMAudit | user=runner | ip=127.0.0.1 | op=GET_CONTAINER_WITH_PIPELINE_BATCH {"containerIDs":"#9,"} | ret=SUCCESS |  
2025-10-16 19:49:10,561 | INFO  | OMAudit | user=null | ip= | op=READ_KEY {"volume":"750b4ad7-db5a-412e-a6f4-6e3a7b881a50","bucket":"a919428e-4ca4-4832-b60c-7fd251d16277","key":"5c9dee82-e6ac-4315-9bad-bd3db1755680","owner":null,"dataSize":"0","replicationConfig":null} | ret=SUCCESS |  
2025-10-16 19:49:10,561 | INFO  | SCMAudit | user=runner | ip=127.0.0.1 | op=GET_CONTAINER {"containerID":"9"} | ret=SUCCESS |  
2025-10-16 19:49:10,563 | INFO  | OMAudit | user=runner | ip=127.0.0.1 | op=READ_BUCKET {"volume":"750b4ad7-db5a-412e-a6f4-6e3a7b881a50","bucket":"a919428e-4ca4-4832-b60c-7fd251d16277"} | ret=SUCCESS |  
2025-10-16 19:49:10,563 | INFO  | SCMAudit | user=runner | ip=127.0.0.1 | op=ALLOCATE_BLOCK {"replication":"RATIS/ONE","owner":"omServiceIdDefault","size":"4194304","sampleBlocks":"[conID: 4 locID: 115816896921600511]","num":"1","client":"","allocated":"1"} | ret=SUCCESS |  
2025-10-16 19:49:10,565 | INFO  | OMAudit | user=runner | ip=127.0.0.1 | op=ALLOCATE_KEY {"volume":"750b4ad7-db5a-412e-a6f4-6e3a7b881a50","bucket":"a919428e-4ca4-4832-b60c-7fd251d16277","key":"d6e7a6ac-8815-4ea6-a6fe-7b4bee1de5e3","dataSize":"12","replicationType":"RATIS","replicationFactor":"ONE","Transaction":"1792"} | ret=SUCCESS |  
2025-10-16 19:49:10,573 | INFO  | OMAudit | user=runner | ip=127.0.0.1 | op=COMMIT_KEY {"volume":"750b4ad7-db5a-412e-a6f4-6e3a7b881a50","bucket":"a919428e-4ca4-4832-b60c-7fd251d16277","key":"d6e7a6ac-8815-4ea6-a6fe-7b4bee1de5e3","dataSize":"12","replicationType":"RATIS","replicationFactor":"ONE","Transaction":"1793"} | ret=SUCCESS |  
2025-10-16 19:49:10,575 | INFO  | OMAudit | user=runner | ip=127.0.0.1 | op=READ_KEY {"volume":"750b4ad7-db5a-412e-a6f4-6e3a7b881a50","bucket":"a919428e-4ca4-4832-b60c-7fd251d16277","key":"d6e7a6ac-8815-4ea6-a6fe-7b4bee1de5e3","owner":null,"dataSize":"0","replicationConfig":null} | ret=SUCCESS |  
2025-10-16 19:49:10,576 | INFO  | OMAudit | user=runner | ip=127.0.0.1 | op=READ_KEY {"volume":"750b4ad7-db5a-412e-a6f4-6e3a7b881a50","bucket":"a919428e-4ca4-4832-b60c-7fd251d16277","key":"d6e7a6ac-8815-4ea6-a6fe-7b4bee1de5e3","owner":null,"dataSize":"0","replicationConfig":null} | ret=SUCCESS |  
2025-10-16 19:49:10,581 | INFO  | SCMAudit | user=runner | ip=127.0.0.1 | op=GET_CONTAINER_WITH_PIPELINE_BATCH {"containerIDs":"#4,"} | ret=SUCCESS |  
2025-10-16 19:49:10,582 | INFO  | OMAudit | user=null | ip= | op=READ_KEY {"volume":"750b4ad7-db5a-412e-a6f4-6e3a7b881a50","bucket":"a919428e-4ca4-4832-b60c-7fd251d16277","key":"d6e7a6ac-8815-4ea6-a6fe-7b4bee1de5e3","owner":null,"dataSize":"0","replicationConfig":null} | ret=SUCCESS |  
2025-10-16 19:49:10,582 | INFO  | SCMAudit | user=runner | ip=127.0.0.1 | op=GET_CONTAINER {"containerID":"4"} | ret=SUCCESS |  
]]></system-out>
  </testcase>
  <testcase name="testPutKeyWithReplicationConfig(String, boolean)[1]" classname="org.apache.hadoop.ozone.client.rpc.TestSecureOzoneRpcClient" time="0.011">
    <system-out><![CDATA[2025-10-16 19:49:10,588 [ForkJoinPool-1-worker-1] INFO  rpc.RpcClient (RpcClient.java:createVolume(461)) - Creating Volume: 84fe400e-1377-4eff-859c-31ca1c057674, with runner as owner and space quota set to -1 bytes, counts quota set to -1
2025-10-16 19:49:10,590 [om1-OMStateMachineApplyTransactionThread - 0] INFO  volume.OMVolumeCreateRequest (OMVolumeCreateRequest.java:validateAndUpdateCache(213)) - created volume:84fe400e-1377-4eff-859c-31ca1c057674 for user:runner
2025-10-16 19:49:10,590 | INFO  | OMAudit | user=runner | ip=127.0.0.1 | op=CREATE_VOLUME {"admin":"runner","owner":"runner","volume":"84fe400e-1377-4eff-859c-31ca1c057674","creationTime":"1760644150589","modificationTime":"1760644150589","quotaInBytes":"-1","quotaInNamespace":"-1","usedNamespace":"0","objectID":"-9223372036854316544","updateID":"1794","Transaction":"1794"} | ret=SUCCESS |  
2025-10-16 19:49:10,591 | INFO  | OMAudit | user=runner | ip=127.0.0.1 | op=READ_VOLUME {"volume":"84fe400e-1377-4eff-859c-31ca1c057674"} | ret=SUCCESS |  
2025-10-16 19:49:10,592 [ForkJoinPool-1-worker-1] INFO  rpc.RpcClient (RpcClient.java:createBucket(686)) - Creating Bucket: 84fe400e-1377-4eff-859c-31ca1c057674/5fa451e1-9a94-4762-b6de-9a53a1fd861e, with server-side default bucket layout, runner as owner, Versioning false, Storage Type set to DISK and Encryption set to false, Replication Type set to server-side default replication type, Namespace Quota set to -1, Space Quota set to -1 
2025-10-16 19:49:10,594 [om1-OMStateMachineApplyTransactionThread - 0] INFO  bucket.OMBucketCreateRequest (OMBucketCreateRequest.java:validateAndUpdateCache(303)) - created bucket: 5fa451e1-9a94-4762-b6de-9a53a1fd861e of layout FILE_SYSTEM_OPTIMIZED in volume: 84fe400e-1377-4eff-859c-31ca1c057674
2025-10-16 19:49:10,594 | INFO  | OMAudit | user=runner | ip=127.0.0.1 | op=CREATE_BUCKET {"volume":"84fe400e-1377-4eff-859c-31ca1c057674","bucket":"5fa451e1-9a94-4762-b6de-9a53a1fd861e","bucketLayout":"FILE_SYSTEM_OPTIMIZED","gdprEnabled":null,"acls":"[user:runner:a[ACCESS], group:runner:rl[ACCESS]]","isVersionEnabled":"false","storageType":"DISK","creationTime":"1760644150593","bucketEncryptionKey":null,"modificationTime":"1760644150593","usedBytes":"0","usedNamespace":"0","snapshotUsedBytes":"0","snapshotUsedNamespace":"0","owner":"runner","replicationType":null,"replicationConfig":null,"quotaInBytes":"-1","quotaInNamespace":"-1","Transaction":"1795"} | ret=SUCCESS |  
2025-10-16 19:49:10,595 | INFO  | OMAudit | user=runner | ip=127.0.0.1 | op=READ_BUCKET {"volume":"84fe400e-1377-4eff-859c-31ca1c057674","bucket":"5fa451e1-9a94-4762-b6de-9a53a1fd861e"} | ret=SUCCESS |  
]]></system-out>
  </testcase>
  <testcase name="testPutKeyWithReplicationConfig(String, boolean)[2]" classname="org.apache.hadoop.ozone.client.rpc.TestSecureOzoneRpcClient" time="0.009">
    <system-out><![CDATA[2025-10-16 19:49:10,597 [ForkJoinPool-1-worker-1] INFO  rpc.RpcClient (RpcClient.java:createVolume(461)) - Creating Volume: 463869ad-0cb4-4875-a3f4-a377fe592613, with runner as owner and space quota set to -1 bytes, counts quota set to -1
2025-10-16 19:49:10,599 [om1-OMStateMachineApplyTransactionThread - 0] INFO  volume.OMVolumeCreateRequest (OMVolumeCreateRequest.java:validateAndUpdateCache(213)) - created volume:463869ad-0cb4-4875-a3f4-a377fe592613 for user:runner
2025-10-16 19:49:10,599 | INFO  | OMAudit | user=runner | ip=127.0.0.1 | op=CREATE_VOLUME {"admin":"runner","owner":"runner","volume":"463869ad-0cb4-4875-a3f4-a377fe592613","creationTime":"1760644150598","modificationTime":"1760644150598","quotaInBytes":"-1","quotaInNamespace":"-1","usedNamespace":"0","objectID":"-9223372036854316032","updateID":"1796","Transaction":"1796"} | ret=SUCCESS |  
2025-10-16 19:49:10,601 | INFO  | OMAudit | user=runner | ip=127.0.0.1 | op=READ_VOLUME {"volume":"463869ad-0cb4-4875-a3f4-a377fe592613"} | ret=SUCCESS |  
2025-10-16 19:49:10,601 [ForkJoinPool-1-worker-1] INFO  rpc.RpcClient (RpcClient.java:createBucket(686)) - Creating Bucket: 463869ad-0cb4-4875-a3f4-a377fe592613/71176e13-3308-449a-990d-6561e948ff3c, with server-side default bucket layout, runner as owner, Versioning false, Storage Type set to DISK and Encryption set to false, Replication Type set to server-side default replication type, Namespace Quota set to -1, Space Quota set to -1 
2025-10-16 19:49:10,603 [om1-OMStateMachineApplyTransactionThread - 0] INFO  bucket.OMBucketCreateRequest (OMBucketCreateRequest.java:validateAndUpdateCache(303)) - created bucket: 71176e13-3308-449a-990d-6561e948ff3c of layout FILE_SYSTEM_OPTIMIZED in volume: 463869ad-0cb4-4875-a3f4-a377fe592613
2025-10-16 19:49:10,603 | INFO  | OMAudit | user=runner | ip=127.0.0.1 | op=CREATE_BUCKET {"volume":"463869ad-0cb4-4875-a3f4-a377fe592613","bucket":"71176e13-3308-449a-990d-6561e948ff3c","bucketLayout":"FILE_SYSTEM_OPTIMIZED","gdprEnabled":null,"acls":"[user:runner:a[ACCESS], group:runner:rl[ACCESS]]","isVersionEnabled":"false","storageType":"DISK","creationTime":"1760644150602","bucketEncryptionKey":null,"modificationTime":"1760644150602","usedBytes":"0","usedNamespace":"0","snapshotUsedBytes":"0","snapshotUsedNamespace":"0","owner":"runner","replicationType":null,"replicationConfig":null,"quotaInBytes":"-1","quotaInNamespace":"-1","Transaction":"1797"} | ret=SUCCESS |  
2025-10-16 19:49:10,604 | INFO  | OMAudit | user=runner | ip=127.0.0.1 | op=READ_BUCKET {"volume":"463869ad-0cb4-4875-a3f4-a377fe592613","bucket":"71176e13-3308-449a-990d-6561e948ff3c"} | ret=SUCCESS |  
]]></system-out>
  </testcase>
  <testcase name="testPutKeyWithReplicationConfig(String, boolean)[3]" classname="org.apache.hadoop.ozone.client.rpc.TestSecureOzoneRpcClient" time="0.051">
    <system-out><![CDATA[2025-10-16 19:49:10,608 [ForkJoinPool-1-worker-1] INFO  rpc.RpcClient (RpcClient.java:createVolume(461)) - Creating Volume: 498efbbd-ac79-4df5-accc-7e9265e3708b, with runner as owner and space quota set to -1 bytes, counts quota set to -1
2025-10-16 19:49:10,611 [om1-OMStateMachineApplyTransactionThread - 0] INFO  volume.OMVolumeCreateRequest (OMVolumeCreateRequest.java:validateAndUpdateCache(213)) - created volume:498efbbd-ac79-4df5-accc-7e9265e3708b for user:runner
2025-10-16 19:49:10,611 | INFO  | OMAudit | user=runner | ip=127.0.0.1 | op=CREATE_VOLUME {"admin":"runner","owner":"runner","volume":"498efbbd-ac79-4df5-accc-7e9265e3708b","creationTime":"1760644150610","modificationTime":"1760644150610","quotaInBytes":"-1","quotaInNamespace":"-1","usedNamespace":"0","objectID":"-9223372036854315520","updateID":"1798","Transaction":"1798"} | ret=SUCCESS |  
2025-10-16 19:49:10,612 | INFO  | OMAudit | user=runner | ip=127.0.0.1 | op=READ_VOLUME {"volume":"498efbbd-ac79-4df5-accc-7e9265e3708b"} | ret=SUCCESS |  
2025-10-16 19:49:10,613 [ForkJoinPool-1-worker-1] INFO  rpc.RpcClient (RpcClient.java:createBucket(686)) - Creating Bucket: 498efbbd-ac79-4df5-accc-7e9265e3708b/0af4e435-a174-4b95-8f44-4a9f3106d2b4, with server-side default bucket layout, runner as owner, Versioning false, Storage Type set to DISK and Encryption set to false, Replication Type set to server-side default replication type, Namespace Quota set to -1, Space Quota set to -1 
2025-10-16 19:49:10,616 [om1-OMStateMachineApplyTransactionThread - 0] INFO  bucket.OMBucketCreateRequest (OMBucketCreateRequest.java:validateAndUpdateCache(303)) - created bucket: 0af4e435-a174-4b95-8f44-4a9f3106d2b4 of layout FILE_SYSTEM_OPTIMIZED in volume: 498efbbd-ac79-4df5-accc-7e9265e3708b
2025-10-16 19:49:10,616 | INFO  | OMAudit | user=runner | ip=127.0.0.1 | op=CREATE_BUCKET {"volume":"498efbbd-ac79-4df5-accc-7e9265e3708b","bucket":"0af4e435-a174-4b95-8f44-4a9f3106d2b4","bucketLayout":"FILE_SYSTEM_OPTIMIZED","gdprEnabled":null,"acls":"[user:runner:a[ACCESS], group:runner:rl[ACCESS]]","isVersionEnabled":"false","storageType":"DISK","creationTime":"1760644150614","bucketEncryptionKey":null,"modificationTime":"1760644150614","usedBytes":"0","usedNamespace":"0","snapshotUsedBytes":"0","snapshotUsedNamespace":"0","owner":"runner","replicationType":null,"replicationConfig":null,"quotaInBytes":"-1","quotaInNamespace":"-1","Transaction":"1799"} | ret=SUCCESS |  
2025-10-16 19:49:10,618 | INFO  | OMAudit | user=runner | ip=127.0.0.1 | op=READ_BUCKET {"volume":"498efbbd-ac79-4df5-accc-7e9265e3708b","bucket":"0af4e435-a174-4b95-8f44-4a9f3106d2b4"} | ret=SUCCESS |  
2025-10-16 19:49:10,620 | INFO  | OMAudit | user=runner | ip=127.0.0.1 | op=READ_BUCKET {"volume":"498efbbd-ac79-4df5-accc-7e9265e3708b","bucket":"0af4e435-a174-4b95-8f44-4a9f3106d2b4"} | ret=SUCCESS |  
2025-10-16 19:49:10,622 | INFO  | SCMAudit | user=runner | ip=127.0.0.1 | op=ALLOCATE_BLOCK {"replication":"EC{rs-3-2-1024k}","owner":"omServiceIdDefault","size":"4194304","sampleBlocks":"[conID: 22 locID: 115816896921600512]","num":"1","client":"","allocated":"1"} | ret=SUCCESS |  
2025-10-16 19:49:10,627 | INFO  | OMAudit | user=runner | ip=127.0.0.1 | op=ALLOCATE_KEY {"volume":"498efbbd-ac79-4df5-accc-7e9265e3708b","bucket":"0af4e435-a174-4b95-8f44-4a9f3106d2b4","key":"d129a98b-0d7c-4a9c-a6cd-08adcca05b15","dataSize":"36","replicationType":"EC","replicationConfig":"rs-3-2-1048576","Transaction":"1800"} | ret=SUCCESS |  
2025-10-16 19:49:10,648 | INFO  | OMAudit | user=runner | ip=127.0.0.1 | op=COMMIT_KEY {"volume":"498efbbd-ac79-4df5-accc-7e9265e3708b","bucket":"0af4e435-a174-4b95-8f44-4a9f3106d2b4","key":"d129a98b-0d7c-4a9c-a6cd-08adcca05b15","dataSize":"36","replicationType":"EC","replicationConfig":"rs-3-2-1048576","Transaction":"1801"} | ret=SUCCESS |  
2025-10-16 19:49:10,650 | INFO  | OMAudit | user=runner | ip=127.0.0.1 | op=READ_KEY {"volume":"498efbbd-ac79-4df5-accc-7e9265e3708b","bucket":"0af4e435-a174-4b95-8f44-4a9f3106d2b4","key":"d129a98b-0d7c-4a9c-a6cd-08adcca05b15","owner":null,"dataSize":"0","replicationConfig":null} | ret=SUCCESS |  
2025-10-16 19:49:10,652 | INFO  | OMAudit | user=runner | ip=127.0.0.1 | op=READ_KEY {"volume":"498efbbd-ac79-4df5-accc-7e9265e3708b","bucket":"0af4e435-a174-4b95-8f44-4a9f3106d2b4","key":"d129a98b-0d7c-4a9c-a6cd-08adcca05b15","owner":null,"dataSize":"0","replicationConfig":null} | ret=SUCCESS |  
]]></system-out>
  </testcase>
  <testcase name="testPutKeyWithReplicationConfig(String, boolean)[4]" classname="org.apache.hadoop.ozone.client.rpc.TestSecureOzoneRpcClient" time="0.071">
    <system-out><![CDATA[2025-10-16 19:49:10,659 [ForkJoinPool-1-worker-1] INFO  rpc.RpcClient (RpcClient.java:createVolume(461)) - Creating Volume: 25f86758-a63b-4de3-b2aa-39e1fb1ab3e9, with runner as owner and space quota set to -1 bytes, counts quota set to -1
2025-10-16 19:49:10,663 [om1-OMStateMachineApplyTransactionThread - 0] INFO  volume.OMVolumeCreateRequest (OMVolumeCreateRequest.java:validateAndUpdateCache(213)) - created volume:25f86758-a63b-4de3-b2aa-39e1fb1ab3e9 for user:runner
2025-10-16 19:49:10,664 | INFO  | OMAudit | user=runner | ip=127.0.0.1 | op=CREATE_VOLUME {"admin":"runner","owner":"runner","volume":"25f86758-a63b-4de3-b2aa-39e1fb1ab3e9","creationTime":"1760644150661","modificationTime":"1760644150661","quotaInBytes":"-1","quotaInNamespace":"-1","usedNamespace":"0","objectID":"-9223372036854314496","updateID":"1802","Transaction":"1802"} | ret=SUCCESS |  
2025-10-16 19:49:10,665 | INFO  | OMAudit | user=runner | ip=127.0.0.1 | op=READ_VOLUME {"volume":"25f86758-a63b-4de3-b2aa-39e1fb1ab3e9"} | ret=SUCCESS |  
2025-10-16 19:49:10,666 [ForkJoinPool-1-worker-1] INFO  rpc.RpcClient (RpcClient.java:createBucket(686)) - Creating Bucket: 25f86758-a63b-4de3-b2aa-39e1fb1ab3e9/eefa5c88-80a8-4db1-9f8f-ac6f842779ea, with server-side default bucket layout, runner as owner, Versioning false, Storage Type set to DISK and Encryption set to false, Replication Type set to server-side default replication type, Namespace Quota set to -1, Space Quota set to -1 
2025-10-16 19:49:10,668 [om1-OMStateMachineApplyTransactionThread - 0] INFO  bucket.OMBucketCreateRequest (OMBucketCreateRequest.java:validateAndUpdateCache(303)) - created bucket: eefa5c88-80a8-4db1-9f8f-ac6f842779ea of layout FILE_SYSTEM_OPTIMIZED in volume: 25f86758-a63b-4de3-b2aa-39e1fb1ab3e9
2025-10-16 19:49:10,668 | INFO  | OMAudit | user=runner | ip=127.0.0.1 | op=CREATE_BUCKET {"volume":"25f86758-a63b-4de3-b2aa-39e1fb1ab3e9","bucket":"eefa5c88-80a8-4db1-9f8f-ac6f842779ea","bucketLayout":"FILE_SYSTEM_OPTIMIZED","gdprEnabled":null,"acls":"[user:runner:a[ACCESS], group:runner:rl[ACCESS]]","isVersionEnabled":"false","storageType":"DISK","creationTime":"1760644150667","bucketEncryptionKey":null,"modificationTime":"1760644150667","usedBytes":"0","usedNamespace":"0","snapshotUsedBytes":"0","snapshotUsedNamespace":"0","owner":"runner","replicationType":null,"replicationConfig":null,"quotaInBytes":"-1","quotaInNamespace":"-1","Transaction":"1803"} | ret=SUCCESS |  
2025-10-16 19:49:10,670 | INFO  | OMAudit | user=runner | ip=127.0.0.1 | op=READ_BUCKET {"volume":"25f86758-a63b-4de3-b2aa-39e1fb1ab3e9","bucket":"eefa5c88-80a8-4db1-9f8f-ac6f842779ea"} | ret=SUCCESS |  
2025-10-16 19:49:10,671 | INFO  | OMAudit | user=runner | ip=127.0.0.1 | op=READ_BUCKET {"volume":"25f86758-a63b-4de3-b2aa-39e1fb1ab3e9","bucket":"eefa5c88-80a8-4db1-9f8f-ac6f842779ea"} | ret=SUCCESS |  
2025-10-16 19:49:10,673 [IPC Server handler 68 on default port 15001] INFO  algorithms.SCMContainerPlacementRackScatter (SCMContainerPlacementRackScatter.java:chooseDatanodesInternal(369)) - Chosen nodes: [8a3c3252-9afe-4d3a-8492-25be6557678a(localhost/127.0.0.1), f700af26-0e26-4136-9205-9509c82c8c70(localhost/127.0.0.1), 76d4ba71-5bbb-4b24-8f51-8bc7f78aaca4(localhost/127.0.0.1), 0428ab3f-efd5-438e-ae11-9ec242443260(localhost/127.0.0.1), 0e8b6cc7-9945-4141-97fc-6aa017a0d5fa(localhost/127.0.0.1), e33e6ec4-6b66-4281-bedd-2bd75bd30070(localhost/127.0.0.1), 58cff6b7-b2a7-446b-a75a-bb98ad6b11b8(localhost/127.0.0.1), 702cb173-5c73-4ecc-b5cd-c7b4a6b66aea(localhost/127.0.0.1), 764b18f0-81c5-439a-9fff-25adc4f241fa(localhost/127.0.0.1)]. isPolicySatisfied: true.
2025-10-16 19:49:10,676 [IPC Server handler 68 on default port 15001] INFO  pipeline.WritableECContainerProvider (WritableECContainerProvider.java:allocateContainer(215)) - Created and opened new pipeline Pipeline{ Id: 95023e9d-f95d-4573-832a-ff013ee12051, Nodes: [ {8a3c3252-9afe-4d3a-8492-25be6557678a(localhost/127.0.0.1), ReplicaIndex: 1}, {f700af26-0e26-4136-9205-9509c82c8c70(localhost/127.0.0.1), ReplicaIndex: 2}, {76d4ba71-5bbb-4b24-8f51-8bc7f78aaca4(localhost/127.0.0.1), ReplicaIndex: 3}, {0428ab3f-efd5-438e-ae11-9ec242443260(localhost/127.0.0.1), ReplicaIndex: 4}, {0e8b6cc7-9945-4141-97fc-6aa017a0d5fa(localhost/127.0.0.1), ReplicaIndex: 5}, {e33e6ec4-6b66-4281-bedd-2bd75bd30070(localhost/127.0.0.1), ReplicaIndex: 6}, {58cff6b7-b2a7-446b-a75a-bb98ad6b11b8(localhost/127.0.0.1), ReplicaIndex: 7}, {702cb173-5c73-4ecc-b5cd-c7b4a6b66aea(localhost/127.0.0.1), ReplicaIndex: 8}, {764b18f0-81c5-439a-9fff-25adc4f241fa(localhost/127.0.0.1), ReplicaIndex: 9},], ReplicationConfig: EC{rs-6-3-1024k}, State:ALLOCATED, leaderId:, CreationTimestamp2025-10-16T19:49:10.673389949Z[Etc/UTC]}
2025-10-16 19:49:10,676 | INFO  | SCMAudit | user=runner | ip=127.0.0.1 | op=ALLOCATE_BLOCK {"replication":"EC{rs-6-3-1024k}","owner":"omServiceIdDefault","size":"4194304","sampleBlocks":"[conID: 28 locID: 115816896921600513]","num":"1","client":"","allocated":"1"} | ret=SUCCESS |  
2025-10-16 19:49:10,678 | INFO  | OMAudit | user=runner | ip=127.0.0.1 | op=ALLOCATE_KEY {"volume":"25f86758-a63b-4de3-b2aa-39e1fb1ab3e9","bucket":"eefa5c88-80a8-4db1-9f8f-ac6f842779ea","key":"e17b2eb9-b51d-475e-9e2c-7fea37763d61","dataSize":"36","replicationType":"EC","replicationConfig":"rs-6-3-1048576","Transaction":"1804"} | ret=SUCCESS |  
2025-10-16 19:49:10,692 | INFO  | ContainerLog | ID=28 | Index=8 | BCSID=0 | State=OPEN | Volume=/home/runner/work/ozone/ozone/hadoop-ozone/integration-test/target/test-dir/MiniOzoneClusterImpl-e7911277-7775-4457-96c8-94071a26a1ce/ozone-metadata/datanode-11/data-0/hdds | DataChecksum=0 |  
2025-10-16 19:49:10,692 | INFO  | ContainerLog | ID=28 | Index=1 | BCSID=0 | State=OPEN | Volume=/home/runner/work/ozone/ozone/hadoop-ozone/integration-test/target/test-dir/MiniOzoneClusterImpl-e7911277-7775-4457-96c8-94071a26a1ce/ozone-metadata/datanode-2/data-0/hdds | DataChecksum=0 |  
2025-10-16 19:49:10,694 | INFO  | SCMAudit | user=runner | ip=127.0.0.1 | op=SEND_HEARTBEAT {"datanodeUUID":"8a3c3252-9afe-4d3a-8492-25be6557678a","term":"2","command":"[]"} | ret=SUCCESS |  
2025-10-16 19:49:10,694 | INFO  | SCMAudit | user=runner | ip=127.0.0.1 | op=SEND_HEARTBEAT {"datanodeUUID":"702cb173-5c73-4ecc-b5cd-c7b4a6b66aea","term":"2","command":"[commandType: closeContainerCommand closeContainerCommandProto { containerID: 20 pipelineID { id: \"36270c74-4c8b-4dac-af71-cdbac21eb987\" uuid128 { mostSigBits: 3902101295779761580 leastSigBits: -5804632242699454073 } } cmdId: 20 force: false } term: 2 encodedToken: \"\" deadlineMsSinceEpoch: 0]"} | ret=SUCCESS |  
2025-10-16 19:49:10,694 [EventQueue-PipelineActionsForPipelineActionHandler] INFO  pipeline.PipelineActionHandler (PipelineActionHandler.java:processPipelineAction(89)) - Received pipeline action CLOSE for Pipeline-a6d455ad-cb8f-42d4-aaf7-6ca5f15a0415 from datanode 702cb173-5c73-4ecc-b5cd-c7b4a6b66aea(localhost/127.0.0.1). Reason : Ratis Transaction failure in datanode 702cb173-5c73-4ecc-b5cd-c7b4a6b66aea with role FOLLOWER .Triggering pipeline close action.
2025-10-16 19:49:10,695 [EventQueue-PipelineActionsForPipelineActionHandler] INFO  pipeline.PipelineActionHandler (PipelineActionHandler.java:processPipelineAction(89)) - Received pipeline action CLOSE for Pipeline-36270c74-4c8b-4dac-af71-cdbac21eb987 from datanode 702cb173-5c73-4ecc-b5cd-c7b4a6b66aea(localhost/127.0.0.1). Reason : Ratis Transaction failure in datanode 702cb173-5c73-4ecc-b5cd-c7b4a6b66aea with role LEADER .Triggering pipeline close action.
2025-10-16 19:49:10,696 | INFO  | ContainerLog | ID=28 | Index=7 | BCSID=0 | State=OPEN | Volume=/home/runner/work/ozone/ozone/hadoop-ozone/integration-test/target/test-dir/MiniOzoneClusterImpl-e7911277-7775-4457-96c8-94071a26a1ce/ozone-metadata/datanode-5/data-0/hdds | DataChecksum=0 |  
2025-10-16 19:49:10,696 | INFO  | ContainerLog | ID=28 | Index=9 | BCSID=0 | State=OPEN | Volume=/home/runner/work/ozone/ozone/hadoop-ozone/integration-test/target/test-dir/MiniOzoneClusterImpl-e7911277-7775-4457-96c8-94071a26a1ce/ozone-metadata/datanode-3/data-0/hdds | DataChecksum=0 |  
2025-10-16 19:49:10,697 | INFO  | SCMAudit | user=runner | ip=127.0.0.1 | op=SEND_HEARTBEAT {"datanodeUUID":"58cff6b7-b2a7-446b-a75a-bb98ad6b11b8","term":"2","command":"[]"} | ret=SUCCESS |  
2025-10-16 19:49:10,697 | INFO  | SCMAudit | user=runner | ip=127.0.0.1 | op=SEND_HEARTBEAT {"datanodeUUID":"764b18f0-81c5-439a-9fff-25adc4f241fa","term":"2","command":"[]"} | ret=SUCCESS |  
2025-10-16 19:49:10,710 | INFO  | ContainerLog | ID=28 | Index=3 | BCSID=0 | State=OPEN | Volume=/home/runner/work/ozone/ozone/hadoop-ozone/integration-test/target/test-dir/MiniOzoneClusterImpl-e7911277-7775-4457-96c8-94071a26a1ce/ozone-metadata/datanode-8/data-0/hdds | DataChecksum=0 |  
2025-10-16 19:49:10,711 | INFO  | ContainerLog | ID=28 | Index=5 | BCSID=0 | State=OPEN | Volume=/home/runner/work/ozone/ozone/hadoop-ozone/integration-test/target/test-dir/MiniOzoneClusterImpl-e7911277-7775-4457-96c8-94071a26a1ce/ozone-metadata/datanode-10/data-0/hdds | DataChecksum=0 |  
2025-10-16 19:49:10,711 | INFO  | ContainerLog | ID=28 | Index=2 | BCSID=0 | State=OPEN | Volume=/home/runner/work/ozone/ozone/hadoop-ozone/integration-test/target/test-dir/MiniOzoneClusterImpl-e7911277-7775-4457-96c8-94071a26a1ce/ozone-metadata/datanode-1/data-0/hdds | DataChecksum=0 |  
2025-10-16 19:49:10,713 | INFO  | SCMAudit | user=runner | ip=127.0.0.1 | op=SEND_HEARTBEAT {"datanodeUUID":"f700af26-0e26-4136-9205-9509c82c8c70","term":"2","command":"[]"} | ret=SUCCESS |  
2025-10-16 19:49:10,713 | INFO  | SCMAudit | user=runner | ip=127.0.0.1 | op=SEND_HEARTBEAT {"datanodeUUID":"0e8b6cc7-9945-4141-97fc-6aa017a0d5fa","term":"2","command":"[commandType: closeContainerCommand closeContainerCommandProto { containerID: 20 pipelineID { id: \"36270c74-4c8b-4dac-af71-cdbac21eb987\" uuid128 { mostSigBits: 3902101295779761580 leastSigBits: -5804632242699454073 } } cmdId: 20 force: false } term: 2 encodedToken: \"\" deadlineMsSinceEpoch: 0]"} | ret=SUCCESS |  
2025-10-16 19:49:10,713 [EventQueue-PipelineActionsForPipelineActionHandler] INFO  pipeline.PipelineActionHandler (PipelineActionHandler.java:processPipelineAction(89)) - Received pipeline action CLOSE for Pipeline-a6d455ad-cb8f-42d4-aaf7-6ca5f15a0415 from datanode 0e8b6cc7-9945-4141-97fc-6aa017a0d5fa(localhost/127.0.0.1). Reason : Ratis Transaction failure in datanode 0e8b6cc7-9945-4141-97fc-6aa017a0d5fa with role FOLLOWER .Triggering pipeline close action.
2025-10-16 19:49:10,713 [EventQueue-PipelineActionsForPipelineActionHandler] INFO  pipeline.PipelineActionHandler (PipelineActionHandler.java:processPipelineAction(89)) - Received pipeline action CLOSE for Pipeline-36270c74-4c8b-4dac-af71-cdbac21eb987 from datanode 0e8b6cc7-9945-4141-97fc-6aa017a0d5fa(localhost/127.0.0.1). Reason : Ratis Transaction failure in datanode 0e8b6cc7-9945-4141-97fc-6aa017a0d5fa with role FOLLOWER .Triggering pipeline close action.
2025-10-16 19:49:10,714 [EventQueue-PipelineActionsForPipelineActionHandler] INFO  pipeline.PipelineActionHandler (PipelineActionHandler.java:processPipelineAction(89)) - Received pipeline action CLOSE for Pipeline-36c7da6a-14e2-433e-b882-35c832a27f16 from datanode 76d4ba71-5bbb-4b24-8f51-8bc7f78aaca4(localhost/127.0.0.1). Reason : Ratis Transaction failure in datanode 76d4ba71-5bbb-4b24-8f51-8bc7f78aaca4 with role LEADER .Triggering pipeline close action.
2025-10-16 19:49:10,714 | INFO  | SCMAudit | user=runner | ip=127.0.0.1 | op=SEND_HEARTBEAT {"datanodeUUID":"76d4ba71-5bbb-4b24-8f51-8bc7f78aaca4","term":"2","command":"[commandType: closeContainerCommand closeContainerCommandProto { containerID: 19 pipelineID { id: \"36c7da6a-14e2-433e-b882-35c832a27f16\" uuid128 { mostSigBits: 3947363747565290302 leastSigBits: -5151495889799184618 } } cmdId: 19 force: false } term: 2 encodedToken: \"\" deadlineMsSinceEpoch: 0]"} | ret=SUCCESS |  
2025-10-16 19:49:10,715 | INFO  | ContainerLog | ID=28 | Index=4 | BCSID=0 | State=OPEN | Volume=/home/runner/work/ozone/ozone/hadoop-ozone/integration-test/target/test-dir/MiniOzoneClusterImpl-e7911277-7775-4457-96c8-94071a26a1ce/ozone-metadata/datanode-6/data-0/hdds | DataChecksum=0 |  
2025-10-16 19:49:10,716 | INFO  | ContainerLog | ID=28 | Index=6 | BCSID=0 | State=OPEN | Volume=/home/runner/work/ozone/ozone/hadoop-ozone/integration-test/target/test-dir/MiniOzoneClusterImpl-e7911277-7775-4457-96c8-94071a26a1ce/ozone-metadata/datanode-12/data-0/hdds | DataChecksum=0 |  
2025-10-16 19:49:10,716 | INFO  | SCMAudit | user=runner | ip=127.0.0.1 | op=SEND_HEARTBEAT {"datanodeUUID":"0428ab3f-efd5-438e-ae11-9ec242443260","term":"2","command":"[]"} | ret=SUCCESS |  
2025-10-16 19:49:10,717 | INFO  | SCMAudit | user=runner | ip=127.0.0.1 | op=SEND_HEARTBEAT {"datanodeUUID":"e33e6ec4-6b66-4281-bedd-2bd75bd30070","term":"2","command":"[commandType: closeContainerCommand closeContainerCommandProto { containerID: 20 pipelineID { id: \"36270c74-4c8b-4dac-af71-cdbac21eb987\" uuid128 { mostSigBits: 3902101295779761580 leastSigBits: -5804632242699454073 } } cmdId: 20 force: false } term: 2 encodedToken: \"\" deadlineMsSinceEpoch: 0]"} | ret=SUCCESS |  
2025-10-16 19:49:10,717 [EventQueue-PipelineActionsForPipelineActionHandler] INFO  pipeline.PipelineActionHandler (PipelineActionHandler.java:processPipelineAction(89)) - Received pipeline action CLOSE for Pipeline-a6d455ad-cb8f-42d4-aaf7-6ca5f15a0415 from datanode e33e6ec4-6b66-4281-bedd-2bd75bd30070(localhost/127.0.0.1). Reason : Ratis Transaction failure in datanode e33e6ec4-6b66-4281-bedd-2bd75bd30070 with role LEADER .Triggering pipeline close action.
2025-10-16 19:49:10,718 [EventQueue-PipelineActionsForPipelineActionHandler] INFO  pipeline.PipelineActionHandler (PipelineActionHandler.java:processPipelineAction(89)) - Received pipeline action CLOSE for Pipeline-36270c74-4c8b-4dac-af71-cdbac21eb987 from datanode e33e6ec4-6b66-4281-bedd-2bd75bd30070(localhost/127.0.0.1). Reason : Ratis Transaction failure in datanode e33e6ec4-6b66-4281-bedd-2bd75bd30070 with role FOLLOWER .Triggering pipeline close action.
2025-10-16 19:49:10,718 | INFO  | SCMAudit | user=runner | ip=127.0.0.1 | op=SEND_HEARTBEAT {"datanodeUUID":"757ca056-973f-4f05-ab2d-6aff6c54d452","term":"2","command":"[]"} | ret=SUCCESS |  
2025-10-16 19:49:10,721 | INFO  | OMAudit | user=runner | ip=127.0.0.1 | op=COMMIT_KEY {"volume":"25f86758-a63b-4de3-b2aa-39e1fb1ab3e9","bucket":"eefa5c88-80a8-4db1-9f8f-ac6f842779ea","key":"e17b2eb9-b51d-475e-9e2c-7fea37763d61","dataSize":"36","replicationType":"EC","replicationConfig":"rs-6-3-1048576","Transaction":"1805"} | ret=SUCCESS |  
2025-10-16 19:49:10,723 | INFO  | SCMAudit | user=runner | ip=127.0.0.1 | op=GET_CONTAINER_WITH_PIPELINE_BATCH {"containerIDs":"#28,"} | ret=SUCCESS |  
2025-10-16 19:49:10,724 | INFO  | OMAudit | user=runner | ip=127.0.0.1 | op=READ_KEY {"volume":"25f86758-a63b-4de3-b2aa-39e1fb1ab3e9","bucket":"eefa5c88-80a8-4db1-9f8f-ac6f842779ea","key":"e17b2eb9-b51d-475e-9e2c-7fea37763d61","owner":null,"dataSize":"0","replicationConfig":null} | ret=SUCCESS |  
2025-10-16 19:49:10,726 | INFO  | OMAudit | user=runner | ip=127.0.0.1 | op=READ_KEY {"volume":"25f86758-a63b-4de3-b2aa-39e1fb1ab3e9","bucket":"eefa5c88-80a8-4db1-9f8f-ac6f842779ea","key":"e17b2eb9-b51d-475e-9e2c-7fea37763d61","owner":null,"dataSize":"0","replicationConfig":null} | ret=SUCCESS |  
]]></system-out>
  </testcase>
  <testcase name="testPutKeyWithReplicationConfig(String, boolean)[5]" classname="org.apache.hadoop.ozone.client.rpc.TestSecureOzoneRpcClient" time="0.088">
    <system-out><![CDATA[2025-10-16 19:49:10,731 [ForkJoinPool-1-worker-1] INFO  rpc.RpcClient (RpcClient.java:createVolume(461)) - Creating Volume: f2280f8a-56ef-408a-81fb-269a1a1b1411, with runner as owner and space quota set to -1 bytes, counts quota set to -1
2025-10-16 19:49:10,734 [om1-OMStateMachineApplyTransactionThread - 0] INFO  volume.OMVolumeCreateRequest (OMVolumeCreateRequest.java:validateAndUpdateCache(213)) - created volume:f2280f8a-56ef-408a-81fb-269a1a1b1411 for user:runner
2025-10-16 19:49:10,734 | INFO  | OMAudit | user=runner | ip=127.0.0.1 | op=CREATE_VOLUME {"admin":"runner","owner":"runner","volume":"f2280f8a-56ef-408a-81fb-269a1a1b1411","creationTime":"1760644150733","modificationTime":"1760644150733","quotaInBytes":"-1","quotaInNamespace":"-1","usedNamespace":"0","objectID":"-9223372036854313472","updateID":"1806","Transaction":"1806"} | ret=SUCCESS |  
2025-10-16 19:49:10,735 | INFO  | OMAudit | user=runner | ip=127.0.0.1 | op=READ_VOLUME {"volume":"f2280f8a-56ef-408a-81fb-269a1a1b1411"} | ret=SUCCESS |  
2025-10-16 19:49:10,736 [ForkJoinPool-1-worker-1] INFO  rpc.RpcClient (RpcClient.java:createBucket(686)) - Creating Bucket: f2280f8a-56ef-408a-81fb-269a1a1b1411/33039630-2267-40c8-92ab-a485a7fa7bd7, with server-side default bucket layout, runner as owner, Versioning false, Storage Type set to DISK and Encryption set to false, Replication Type set to server-side default replication type, Namespace Quota set to -1, Space Quota set to -1 
2025-10-16 19:49:10,738 [om1-OMStateMachineApplyTransactionThread - 0] INFO  bucket.OMBucketCreateRequest (OMBucketCreateRequest.java:validateAndUpdateCache(303)) - created bucket: 33039630-2267-40c8-92ab-a485a7fa7bd7 of layout FILE_SYSTEM_OPTIMIZED in volume: f2280f8a-56ef-408a-81fb-269a1a1b1411
2025-10-16 19:49:10,738 | INFO  | OMAudit | user=runner | ip=127.0.0.1 | op=CREATE_BUCKET {"volume":"f2280f8a-56ef-408a-81fb-269a1a1b1411","bucket":"33039630-2267-40c8-92ab-a485a7fa7bd7","bucketLayout":"FILE_SYSTEM_OPTIMIZED","gdprEnabled":null,"acls":"[user:runner:a[ACCESS], group:runner:rl[ACCESS]]","isVersionEnabled":"false","storageType":"DISK","creationTime":"1760644150736","bucketEncryptionKey":null,"modificationTime":"1760644150736","usedBytes":"0","usedNamespace":"0","snapshotUsedBytes":"0","snapshotUsedNamespace":"0","owner":"runner","replicationType":null,"replicationConfig":null,"quotaInBytes":"-1","quotaInNamespace":"-1","Transaction":"1807"} | ret=SUCCESS |  
2025-10-16 19:49:10,739 | INFO  | OMAudit | user=runner | ip=127.0.0.1 | op=READ_BUCKET {"volume":"f2280f8a-56ef-408a-81fb-269a1a1b1411","bucket":"33039630-2267-40c8-92ab-a485a7fa7bd7"} | ret=SUCCESS |  
2025-10-16 19:49:10,740 | INFO  | OMAudit | user=runner | ip=127.0.0.1 | op=READ_BUCKET {"volume":"f2280f8a-56ef-408a-81fb-269a1a1b1411","bucket":"33039630-2267-40c8-92ab-a485a7fa7bd7"} | ret=SUCCESS |  
2025-10-16 19:49:10,742 [IPC Server handler 51 on default port 15001] INFO  algorithms.SCMContainerPlacementRackScatter (SCMContainerPlacementRackScatter.java:chooseDatanodesInternal(369)) - Chosen nodes: [58cff6b7-b2a7-446b-a75a-bb98ad6b11b8(localhost/127.0.0.1), e33e6ec4-6b66-4281-bedd-2bd75bd30070(localhost/127.0.0.1), 757ca056-973f-4f05-ab2d-6aff6c54d452(localhost/127.0.0.1), 8a0fa2ff-b550-4652-b2fe-0cf91cd4a157(localhost/127.0.0.1), 764b18f0-81c5-439a-9fff-25adc4f241fa(localhost/127.0.0.1), 76d4ba71-5bbb-4b24-8f51-8bc7f78aaca4(localhost/127.0.0.1), f700af26-0e26-4136-9205-9509c82c8c70(localhost/127.0.0.1), e072d245-7694-4d97-8e20-c503ebf8c2fe(localhost/127.0.0.1), aa213937-adc5-47da-a770-0ee1e4664344(localhost/127.0.0.1), 0428ab3f-efd5-438e-ae11-9ec242443260(localhost/127.0.0.1), 0e8b6cc7-9945-4141-97fc-6aa017a0d5fa(localhost/127.0.0.1), 8a3c3252-9afe-4d3a-8492-25be6557678a(localhost/127.0.0.1), c0724e9c-0dd4-4d47-992c-7bfe285fdd38(localhost/127.0.0.1), 702cb173-5c73-4ecc-b5cd-c7b4a6b66aea(localhost/127.0.0.1)]. isPolicySatisfied: true.
2025-10-16 19:49:10,746 [IPC Server handler 51 on default port 15001] INFO  pipeline.WritableECContainerProvider (WritableECContainerProvider.java:allocateContainer(215)) - Created and opened new pipeline Pipeline{ Id: 0afd1ba2-fd27-4b16-90b8-660587bfeb20, Nodes: [ {58cff6b7-b2a7-446b-a75a-bb98ad6b11b8(localhost/127.0.0.1), ReplicaIndex: 1}, {e33e6ec4-6b66-4281-bedd-2bd75bd30070(localhost/127.0.0.1), ReplicaIndex: 2}, {757ca056-973f-4f05-ab2d-6aff6c54d452(localhost/127.0.0.1), ReplicaIndex: 3}, {8a0fa2ff-b550-4652-b2fe-0cf91cd4a157(localhost/127.0.0.1), ReplicaIndex: 4}, {764b18f0-81c5-439a-9fff-25adc4f241fa(localhost/127.0.0.1), ReplicaIndex: 5}, {76d4ba71-5bbb-4b24-8f51-8bc7f78aaca4(localhost/127.0.0.1), ReplicaIndex: 6}, {f700af26-0e26-4136-9205-9509c82c8c70(localhost/127.0.0.1), ReplicaIndex: 7}, {e072d245-7694-4d97-8e20-c503ebf8c2fe(localhost/127.0.0.1), ReplicaIndex: 8}, {aa213937-adc5-47da-a770-0ee1e4664344(localhost/127.0.0.1), ReplicaIndex: 9}, {0428ab3f-efd5-438e-ae11-9ec242443260(localhost/127.0.0.1), ReplicaIndex: 10}, {0e8b6cc7-9945-4141-97fc-6aa017a0d5fa(localhost/127.0.0.1), ReplicaIndex: 11}, {8a3c3252-9afe-4d3a-8492-25be6557678a(localhost/127.0.0.1), ReplicaIndex: 12}, {c0724e9c-0dd4-4d47-992c-7bfe285fdd38(localhost/127.0.0.1), ReplicaIndex: 13}, {702cb173-5c73-4ecc-b5cd-c7b4a6b66aea(localhost/127.0.0.1), ReplicaIndex: 14},], ReplicationConfig: EC{rs-10-4-1024k}, State:ALLOCATED, leaderId:, CreationTimestamp2025-10-16T19:49:10.742677180Z[Etc/UTC]}
2025-10-16 19:49:10,746 | INFO  | SCMAudit | user=runner | ip=127.0.0.1 | op=ALLOCATE_BLOCK {"replication":"EC{rs-10-4-1024k}","owner":"omServiceIdDefault","size":"4194304","sampleBlocks":"[conID: 29 locID: 115816896921600514]","num":"1","client":"","allocated":"1"} | ret=SUCCESS |  
2025-10-16 19:49:10,748 | INFO  | OMAudit | user=runner | ip=127.0.0.1 | op=ALLOCATE_KEY {"volume":"f2280f8a-56ef-408a-81fb-269a1a1b1411","bucket":"33039630-2267-40c8-92ab-a485a7fa7bd7","key":"c13ce935-256a-4950-bd23-85baee6fa5f1","dataSize":"36","replicationType":"EC","replicationConfig":"rs-10-4-1048576","Transaction":"1808"} | ret=SUCCESS |  
2025-10-16 19:49:10,768 | INFO  | ContainerLog | ID=29 | Index=14 | BCSID=0 | State=OPEN | Volume=/home/runner/work/ozone/ozone/hadoop-ozone/integration-test/target/test-dir/MiniOzoneClusterImpl-e7911277-7775-4457-96c8-94071a26a1ce/ozone-metadata/datanode-11/data-0/hdds | DataChecksum=0 |  
2025-10-16 19:49:10,768 | INFO  | ContainerLog | ID=29 | Index=12 | BCSID=0 | State=OPEN | Volume=/home/runner/work/ozone/ozone/hadoop-ozone/integration-test/target/test-dir/MiniOzoneClusterImpl-e7911277-7775-4457-96c8-94071a26a1ce/ozone-metadata/datanode-2/data-0/hdds | DataChecksum=0 |  
2025-10-16 19:49:10,769 | INFO  | ContainerLog | ID=29 | Index=13 | BCSID=0 | State=OPEN | Volume=/home/runner/work/ozone/ozone/hadoop-ozone/integration-test/target/test-dir/MiniOzoneClusterImpl-e7911277-7775-4457-96c8-94071a26a1ce/ozone-metadata/datanode-13/data-0/hdds | DataChecksum=0 |  
2025-10-16 19:49:10,769 | INFO  | ContainerLog | ID=29 | Index=1 | BCSID=0 | State=OPEN | Volume=/home/runner/work/ozone/ozone/hadoop-ozone/integration-test/target/test-dir/MiniOzoneClusterImpl-e7911277-7775-4457-96c8-94071a26a1ce/ozone-metadata/datanode-5/data-0/hdds | DataChecksum=0 |  
2025-10-16 19:49:10,770 | INFO  | SCMAudit | user=runner | ip=127.0.0.1 | op=SEND_HEARTBEAT {"datanodeUUID":"702cb173-5c73-4ecc-b5cd-c7b4a6b66aea","term":"2","command":"[]"} | ret=SUCCESS |  
2025-10-16 19:49:10,768 | INFO  | ContainerLog | ID=29 | Index=11 | BCSID=0 | State=OPEN | Volume=/home/runner/work/ozone/ozone/hadoop-ozone/integration-test/target/test-dir/MiniOzoneClusterImpl-e7911277-7775-4457-96c8-94071a26a1ce/ozone-metadata/datanode-10/data-0/hdds | DataChecksum=0 |  
2025-10-16 19:49:10,770 | INFO  | SCMAudit | user=runner | ip=127.0.0.1 | op=SEND_HEARTBEAT {"datanodeUUID":"58cff6b7-b2a7-446b-a75a-bb98ad6b11b8","term":"2","command":"[]"} | ret=SUCCESS |  
2025-10-16 19:49:10,770 [EventQueue-PipelineActionsForPipelineActionHandler] INFO  pipeline.PipelineActionHandler (PipelineActionHandler.java:processPipelineAction(89)) - Received pipeline action CLOSE for Pipeline-a6d455ad-cb8f-42d4-aaf7-6ca5f15a0415 from datanode 702cb173-5c73-4ecc-b5cd-c7b4a6b66aea(localhost/127.0.0.1). Reason : Ratis Transaction failure in datanode 702cb173-5c73-4ecc-b5cd-c7b4a6b66aea with role FOLLOWER .Triggering pipeline close action.
2025-10-16 19:49:10,770 [EventQueue-PipelineActionsForPipelineActionHandler] INFO  pipeline.PipelineActionHandler (PipelineActionHandler.java:processPipelineAction(89)) - Received pipeline action CLOSE for Pipeline-36270c74-4c8b-4dac-af71-cdbac21eb987 from datanode 702cb173-5c73-4ecc-b5cd-c7b4a6b66aea(localhost/127.0.0.1). Reason : Ratis Transaction failure in datanode 702cb173-5c73-4ecc-b5cd-c7b4a6b66aea with role LEADER .Triggering pipeline close action.
2025-10-16 19:49:10,771 | INFO  | SCMAudit | user=runner | ip=127.0.0.1 | op=SEND_HEARTBEAT {"datanodeUUID":"8a3c3252-9afe-4d3a-8492-25be6557678a","term":"2","command":"[]"} | ret=SUCCESS |  
2025-10-16 19:49:10,771 | INFO  | SCMAudit | user=runner | ip=127.0.0.1 | op=SEND_HEARTBEAT {"datanodeUUID":"0e8b6cc7-9945-4141-97fc-6aa017a0d5fa","term":"2","command":"[]"} | ret=SUCCESS |  
2025-10-16 19:49:10,771 [EventQueue-PipelineActionsForPipelineActionHandler] INFO  pipeline.PipelineActionHandler (PipelineActionHandler.java:processPipelineAction(89)) - Received pipeline action CLOSE for Pipeline-a6d455ad-cb8f-42d4-aaf7-6ca5f15a0415 from datanode 0e8b6cc7-9945-4141-97fc-6aa017a0d5fa(localhost/127.0.0.1). Reason : Ratis Transaction failure in datanode 0e8b6cc7-9945-4141-97fc-6aa017a0d5fa with role FOLLOWER .Triggering pipeline close action.
2025-10-16 19:49:10,771 [EventQueue-PipelineActionsForPipelineActionHandler] INFO  pipeline.PipelineActionHandler (PipelineActionHandler.java:processPipelineAction(89)) - Received pipeline action CLOSE for Pipeline-36270c74-4c8b-4dac-af71-cdbac21eb987 from datanode 0e8b6cc7-9945-4141-97fc-6aa017a0d5fa(localhost/127.0.0.1). Reason : Ratis Transaction failure in datanode 0e8b6cc7-9945-4141-97fc-6aa017a0d5fa with role FOLLOWER .Triggering pipeline close action.
2025-10-16 19:49:10,773 | INFO  | SCMAudit | user=runner | ip=127.0.0.1 | op=SEND_HEARTBEAT {"datanodeUUID":"c0724e9c-0dd4-4d47-992c-7bfe285fdd38","term":"2","command":"[]"} | ret=SUCCESS |  
2025-10-16 19:49:10,792 | INFO  | ContainerLog | ID=29 | Index=5 | BCSID=0 | State=OPEN | Volume=/home/runner/work/ozone/ozone/hadoop-ozone/integration-test/target/test-dir/MiniOzoneClusterImpl-e7911277-7775-4457-96c8-94071a26a1ce/ozone-metadata/datanode-3/data-0/hdds | DataChecksum=0 |  
2025-10-16 19:49:10,792 | INFO  | ContainerLog | ID=29 | Index=7 | BCSID=0 | State=OPEN | Volume=/home/runner/work/ozone/ozone/hadoop-ozone/integration-test/target/test-dir/MiniOzoneClusterImpl-e7911277-7775-4457-96c8-94071a26a1ce/ozone-metadata/datanode-1/data-0/hdds | DataChecksum=0 |  
2025-10-16 19:49:10,795 | INFO  | SCMAudit | user=runner | ip=127.0.0.1 | op=SEND_HEARTBEAT {"datanodeUUID":"764b18f0-81c5-439a-9fff-25adc4f241fa","term":"2","command":"[]"} | ret=SUCCESS |  
2025-10-16 19:49:10,795 | INFO  | SCMAudit | user=runner | ip=127.0.0.1 | op=SEND_HEARTBEAT {"datanodeUUID":"f700af26-0e26-4136-9205-9509c82c8c70","term":"2","command":"[]"} | ret=SUCCESS |  
2025-10-16 19:49:10,797 | INFO  | ContainerLog | ID=29 | Index=10 | BCSID=0 | State=OPEN | Volume=/home/runner/work/ozone/ozone/hadoop-ozone/integration-test/target/test-dir/MiniOzoneClusterImpl-e7911277-7775-4457-96c8-94071a26a1ce/ozone-metadata/datanode-6/data-0/hdds | DataChecksum=0 |  
2025-10-16 19:49:10,797 | INFO  | SCMAudit | user=runner | ip=127.0.0.1 | op=SEND_HEARTBEAT {"datanodeUUID":"0428ab3f-efd5-438e-ae11-9ec242443260","term":"2","command":"[]"} | ret=SUCCESS |  
2025-10-16 19:49:10,798 | INFO  | ContainerLog | ID=29 | Index=6 | BCSID=0 | State=OPEN | Volume=/home/runner/work/ozone/ozone/hadoop-ozone/integration-test/target/test-dir/MiniOzoneClusterImpl-e7911277-7775-4457-96c8-94071a26a1ce/ozone-metadata/datanode-8/data-0/hdds | DataChecksum=0 |  
2025-10-16 19:49:10,801 | INFO  | ContainerLog | ID=29 | Index=9 | BCSID=0 | State=OPEN | Volume=/home/runner/work/ozone/ozone/hadoop-ozone/integration-test/target/test-dir/MiniOzoneClusterImpl-e7911277-7775-4457-96c8-94071a26a1ce/ozone-metadata/datanode-4/data-0/hdds | DataChecksum=0 |  
2025-10-16 19:49:10,801 | INFO  | SCMAudit | user=runner | ip=127.0.0.1 | op=SEND_HEARTBEAT {"datanodeUUID":"76d4ba71-5bbb-4b24-8f51-8bc7f78aaca4","term":"2","command":"[]"} | ret=SUCCESS |  
2025-10-16 19:49:10,801 [EventQueue-PipelineActionsForPipelineActionHandler] INFO  pipeline.PipelineActionHandler (PipelineActionHandler.java:processPipelineAction(89)) - Received pipeline action CLOSE for Pipeline-36c7da6a-14e2-433e-b882-35c832a27f16 from datanode 76d4ba71-5bbb-4b24-8f51-8bc7f78aaca4(localhost/127.0.0.1). Reason : Ratis Transaction failure in datanode 76d4ba71-5bbb-4b24-8f51-8bc7f78aaca4 with role LEADER .Triggering pipeline close action.
2025-10-16 19:49:10,802 | INFO  | SCMAudit | user=runner | ip=127.0.0.1 | op=SEND_HEARTBEAT {"datanodeUUID":"aa213937-adc5-47da-a770-0ee1e4664344","term":"2","command":"[]"} | ret=SUCCESS |  
2025-10-16 19:49:10,802 | INFO  | ContainerLog | ID=29 | Index=2 | BCSID=0 | State=OPEN | Volume=/home/runner/work/ozone/ozone/hadoop-ozone/integration-test/target/test-dir/MiniOzoneClusterImpl-e7911277-7775-4457-96c8-94071a26a1ce/ozone-metadata/datanode-12/data-0/hdds | DataChecksum=0 |  
2025-10-16 19:49:10,802 | INFO  | ContainerLog | ID=29 | Index=8 | BCSID=0 | State=OPEN | Volume=/home/runner/work/ozone/ozone/hadoop-ozone/integration-test/target/test-dir/MiniOzoneClusterImpl-e7911277-7775-4457-96c8-94071a26a1ce/ozone-metadata/datanode-7/data-0/hdds | DataChecksum=0 |  
2025-10-16 19:49:10,803 | INFO  | SCMAudit | user=runner | ip=127.0.0.1 | op=SEND_HEARTBEAT {"datanodeUUID":"e33e6ec4-6b66-4281-bedd-2bd75bd30070","term":"2","command":"[]"} | ret=SUCCESS |  
2025-10-16 19:49:10,803 [EventQueue-PipelineActionsForPipelineActionHandler] INFO  pipeline.PipelineActionHandler (PipelineActionHandler.java:processPipelineAction(89)) - Received pipeline action CLOSE for Pipeline-a6d455ad-cb8f-42d4-aaf7-6ca5f15a0415 from datanode e33e6ec4-6b66-4281-bedd-2bd75bd30070(localhost/127.0.0.1). Reason : Ratis Transaction failure in datanode e33e6ec4-6b66-4281-bedd-2bd75bd30070 with role LEADER .Triggering pipeline close action.
2025-10-16 19:49:10,804 [EventQueue-PipelineActionsForPipelineActionHandler] INFO  pipeline.PipelineActionHandler (PipelineActionHandler.java:processPipelineAction(89)) - Received pipeline action CLOSE for Pipeline-36270c74-4c8b-4dac-af71-cdbac21eb987 from datanode e33e6ec4-6b66-4281-bedd-2bd75bd30070(localhost/127.0.0.1). Reason : Ratis Transaction failure in datanode e33e6ec4-6b66-4281-bedd-2bd75bd30070 with role FOLLOWER .Triggering pipeline close action.
2025-10-16 19:49:10,804 | INFO  | SCMAudit | user=runner | ip=127.0.0.1 | op=SEND_HEARTBEAT {"datanodeUUID":"e072d245-7694-4d97-8e20-c503ebf8c2fe","term":"2","command":"[commandType: closeContainerCommand closeContainerCommandProto { containerID: 19 pipelineID { id: \"36c7da6a-14e2-433e-b882-35c832a27f16\" uuid128 { mostSigBits: 3947363747565290302 leastSigBits: -5151495889799184618 } } cmdId: 19 force: false } term: 2 encodedToken: \"\" deadlineMsSinceEpoch: 0]"} | ret=SUCCESS |  
2025-10-16 19:49:10,804 [EventQueue-PipelineActionsForPipelineActionHandler] INFO  pipeline.PipelineActionHandler (PipelineActionHandler.java:processPipelineAction(89)) - Received pipeline action CLOSE for Pipeline-36c7da6a-14e2-433e-b882-35c832a27f16 from datanode e072d245-7694-4d97-8e20-c503ebf8c2fe(localhost/127.0.0.1). Reason : Ratis Transaction failure in datanode e072d245-7694-4d97-8e20-c503ebf8c2fe with role FOLLOWER .Triggering pipeline close action.
2025-10-16 19:49:10,805 | INFO  | ContainerLog | ID=29 | Index=4 | BCSID=0 | State=OPEN | Volume=/home/runner/work/ozone/ozone/hadoop-ozone/integration-test/target/test-dir/MiniOzoneClusterImpl-e7911277-7775-4457-96c8-94071a26a1ce/ozone-metadata/datanode-9/data-0/hdds | DataChecksum=0 |  
2025-10-16 19:49:10,805 | INFO  | ContainerLog | ID=29 | Index=3 | BCSID=0 | State=OPEN | Volume=/home/runner/work/ozone/ozone/hadoop-ozone/integration-test/target/test-dir/MiniOzoneClusterImpl-e7911277-7775-4457-96c8-94071a26a1ce/ozone-metadata/datanode-14/data-0/hdds | DataChecksum=0 |  
2025-10-16 19:49:10,807 | INFO  | SCMAudit | user=runner | ip=127.0.0.1 | op=SEND_HEARTBEAT {"datanodeUUID":"8a0fa2ff-b550-4652-b2fe-0cf91cd4a157","term":"2","command":"[commandType: closeContainerCommand closeContainerCommandProto { containerID: 19 pipelineID { id: \"36c7da6a-14e2-433e-b882-35c832a27f16\" uuid128 { mostSigBits: 3947363747565290302 leastSigBits: -5151495889799184618 } } cmdId: 19 force: false } term: 2 encodedToken: \"\" deadlineMsSinceEpoch: 0]"} | ret=SUCCESS |  
2025-10-16 19:49:10,807 [EventQueue-PipelineActionsForPipelineActionHandler] INFO  pipeline.PipelineActionHandler (PipelineActionHandler.java:processPipelineAction(89)) - Received pipeline action CLOSE for Pipeline-36c7da6a-14e2-433e-b882-35c832a27f16 from datanode 8a0fa2ff-b550-4652-b2fe-0cf91cd4a157(localhost/127.0.0.1). Reason : Ratis Transaction failure in datanode 8a0fa2ff-b550-4652-b2fe-0cf91cd4a157 with role FOLLOWER .Triggering pipeline close action.
2025-10-16 19:49:10,808 | INFO  | SCMAudit | user=runner | ip=127.0.0.1 | op=SEND_HEARTBEAT {"datanodeUUID":"757ca056-973f-4f05-ab2d-6aff6c54d452","term":"2","command":"[]"} | ret=SUCCESS |  
2025-10-16 19:49:10,811 | INFO  | OMAudit | user=runner | ip=127.0.0.1 | op=COMMIT_KEY {"volume":"f2280f8a-56ef-408a-81fb-269a1a1b1411","bucket":"33039630-2267-40c8-92ab-a485a7fa7bd7","key":"c13ce935-256a-4950-bd23-85baee6fa5f1","dataSize":"36","replicationType":"EC","replicationConfig":"rs-10-4-1048576","Transaction":"1809"} | ret=SUCCESS |  
2025-10-16 19:49:10,813 | INFO  | SCMAudit | user=runner | ip=127.0.0.1 | op=GET_CONTAINER_WITH_PIPELINE_BATCH {"containerIDs":"#29,"} | ret=SUCCESS |  
2025-10-16 19:49:10,814 | INFO  | OMAudit | user=runner | ip=127.0.0.1 | op=READ_KEY {"volume":"f2280f8a-56ef-408a-81fb-269a1a1b1411","bucket":"33039630-2267-40c8-92ab-a485a7fa7bd7","key":"c13ce935-256a-4950-bd23-85baee6fa5f1","owner":null,"dataSize":"0","replicationConfig":null} | ret=SUCCESS |  
2025-10-16 19:49:10,816 | INFO  | OMAudit | user=runner | ip=127.0.0.1 | op=READ_KEY {"volume":"f2280f8a-56ef-408a-81fb-269a1a1b1411","bucket":"33039630-2267-40c8-92ab-a485a7fa7bd7","key":"c13ce935-256a-4950-bd23-85baee6fa5f1","owner":null,"dataSize":"0","replicationConfig":null} | ret=SUCCESS |  
]]></system-out>
  </testcase>
  <testcase name="testPutObjectTagging(BucketLayout)[1]" classname="org.apache.hadoop.ozone.client.rpc.TestSecureOzoneRpcClient" time="0.03">
    <system-out><![CDATA[2025-10-16 19:49:10,822 [ForkJoinPool-1-worker-1] INFO  rpc.RpcClient (RpcClient.java:createVolume(461)) - Creating Volume: 34c162c4-131b-4ef3-8aa6-dcfcdfbc6c79, with runner as owner and space quota set to -1 bytes, counts quota set to -1
2025-10-16 19:49:10,825 [om1-OMStateMachineApplyTransactionThread - 0] INFO  volume.OMVolumeCreateRequest (OMVolumeCreateRequest.java:validateAndUpdateCache(213)) - created volume:34c162c4-131b-4ef3-8aa6-dcfcdfbc6c79 for user:runner
2025-10-16 19:49:10,825 | INFO  | OMAudit | user=runner | ip=127.0.0.1 | op=CREATE_VOLUME {"admin":"runner","owner":"runner","volume":"34c162c4-131b-4ef3-8aa6-dcfcdfbc6c79","creationTime":"1760644150823","modificationTime":"1760644150823","quotaInBytes":"-1","quotaInNamespace":"-1","usedNamespace":"0","objectID":"-9223372036854312448","updateID":"1810","Transaction":"1810"} | ret=SUCCESS |  
2025-10-16 19:49:10,826 | INFO  | OMAudit | user=runner | ip=127.0.0.1 | op=READ_VOLUME {"volume":"34c162c4-131b-4ef3-8aa6-dcfcdfbc6c79"} | ret=SUCCESS |  
2025-10-16 19:49:10,827 [ForkJoinPool-1-worker-1] INFO  rpc.RpcClient (RpcClient.java:createBucket(686)) - Creating Bucket: 34c162c4-131b-4ef3-8aa6-dcfcdfbc6c79/15b26b17-22ae-4103-b2c7-8381fd347adf, with bucket layout OBJECT_STORE, runner as owner, Versioning false, Storage Type set to DISK and Encryption set to false, Replication Type set to server-side default replication type, Namespace Quota set to -1, Space Quota set to -1 
2025-10-16 19:49:10,828 [om1-OMStateMachineApplyTransactionThread - 0] INFO  bucket.OMBucketCreateRequest (OMBucketCreateRequest.java:validateAndUpdateCache(303)) - created bucket: 15b26b17-22ae-4103-b2c7-8381fd347adf of layout OBJECT_STORE in volume: 34c162c4-131b-4ef3-8aa6-dcfcdfbc6c79
2025-10-16 19:49:10,828 | INFO  | OMAudit | user=runner | ip=127.0.0.1 | op=CREATE_BUCKET {"volume":"34c162c4-131b-4ef3-8aa6-dcfcdfbc6c79","bucket":"15b26b17-22ae-4103-b2c7-8381fd347adf","bucketLayout":"OBJECT_STORE","gdprEnabled":null,"acls":"[user:runner:a[ACCESS], group:runner:rl[ACCESS]]","isVersionEnabled":"false","storageType":"DISK","creationTime":"1760644150827","bucketEncryptionKey":null,"modificationTime":"1760644150827","usedBytes":"0","usedNamespace":"0","snapshotUsedBytes":"0","snapshotUsedNamespace":"0","owner":"runner","replicationType":null,"replicationConfig":null,"quotaInBytes":"-1","quotaInNamespace":"-1","Transaction":"1811"} | ret=SUCCESS |  
2025-10-16 19:49:10,829 | INFO  | OMAudit | user=runner | ip=127.0.0.1 | op=READ_BUCKET {"volume":"34c162c4-131b-4ef3-8aa6-dcfcdfbc6c79","bucket":"15b26b17-22ae-4103-b2c7-8381fd347adf"} | ret=SUCCESS |  
2025-10-16 19:49:10,830 | INFO  | OMAudit | user=runner | ip=127.0.0.1 | op=READ_BUCKET {"volume":"34c162c4-131b-4ef3-8aa6-dcfcdfbc6c79","bucket":"15b26b17-22ae-4103-b2c7-8381fd347adf"} | ret=SUCCESS |  
2025-10-16 19:49:10,832 | INFO  | SCMAudit | user=runner | ip=127.0.0.1 | op=ALLOCATE_BLOCK {"replication":"RATIS/ONE","owner":"omServiceIdDefault","size":"4194304","sampleBlocks":"[conID: 4 locID: 115816896921600515]","num":"1","client":"","allocated":"1"} | ret=SUCCESS |  
2025-10-16 19:49:10,833 | INFO  | OMAudit | user=runner | ip=127.0.0.1 | op=ALLOCATE_KEY {"volume":"34c162c4-131b-4ef3-8aa6-dcfcdfbc6c79","bucket":"15b26b17-22ae-4103-b2c7-8381fd347adf","key":"a1a181d7-9740-4791-9653-d99a561e0a4c","dataSize":"12","replicationType":"RATIS","replicationFactor":"ONE","Transaction":"1812"} | ret=SUCCESS |  
2025-10-16 19:49:10,840 | INFO  | OMAudit | user=runner | ip=127.0.0.1 | op=COMMIT_KEY {"volume":"34c162c4-131b-4ef3-8aa6-dcfcdfbc6c79","bucket":"15b26b17-22ae-4103-b2c7-8381fd347adf","key":"a1a181d7-9740-4791-9653-d99a561e0a4c","dataSize":"12","replicationType":"RATIS","replicationFactor":"ONE","Transaction":"1813"} | ret=SUCCESS |  
2025-10-16 19:49:10,841 | INFO  | OMAudit | user=runner | ip=127.0.0.1 | op=READ_KEY {"volume":"34c162c4-131b-4ef3-8aa6-dcfcdfbc6c79","bucket":"15b26b17-22ae-4103-b2c7-8381fd347adf","key":"a1a181d7-9740-4791-9653-d99a561e0a4c","owner":null,"dataSize":"0","replicationConfig":null} | ret=SUCCESS |  
2025-10-16 19:49:10,846 | INFO  | OMAudit | user=runner | ip=127.0.0.1 | op=PUT_OBJECT_TAGGING {"volume":"34c162c4-131b-4ef3-8aa6-dcfcdfbc6c79","bucket":"15b26b17-22ae-4103-b2c7-8381fd347adf","key":"a1a181d7-9740-4791-9653-d99a561e0a4c","dataSize":"0","Transaction":"1814"} | ret=SUCCESS |  
2025-10-16 19:49:10,848 | INFO  | OMAudit | user=runner | ip=127.0.0.1 | op=READ_KEY {"volume":"34c162c4-131b-4ef3-8aa6-dcfcdfbc6c79","bucket":"15b26b17-22ae-4103-b2c7-8381fd347adf","key":"a1a181d7-9740-4791-9653-d99a561e0a4c","owner":null,"dataSize":"0","replicationConfig":null} | ret=SUCCESS |  
2025-10-16 19:49:10,850 | INFO  | OMAudit | user=runner | ip=127.0.0.1 | op=PUT_OBJECT_TAGGING {"volume":"34c162c4-131b-4ef3-8aa6-dcfcdfbc6c79","bucket":"15b26b17-22ae-4103-b2c7-8381fd347adf","key":"a1a181d7-9740-4791-9653-d99a561e0a4c","dataSize":"0","Transaction":"1815"} | ret=SUCCESS |  
2025-10-16 19:49:10,850 | INFO  | OMAudit | user=runner | ip=127.0.0.1 | op=READ_KEY {"volume":"34c162c4-131b-4ef3-8aa6-dcfcdfbc6c79","bucket":"15b26b17-22ae-4103-b2c7-8381fd347adf","key":"a1a181d7-9740-4791-9653-d99a561e0a4c","owner":null,"dataSize":"0","replicationConfig":null} | ret=SUCCESS |  
]]></system-out>
  </testcase>
  <testcase name="testPutObjectTagging(BucketLayout)[2]" classname="org.apache.hadoop.ozone.client.rpc.TestSecureOzoneRpcClient" time="0.025">
    <system-out><![CDATA[2025-10-16 19:49:10,853 [ForkJoinPool-1-worker-1] INFO  rpc.RpcClient (RpcClient.java:createVolume(461)) - Creating Volume: 889f5c9a-91bb-44cc-9001-f13b0bde1037, with runner as owner and space quota set to -1 bytes, counts quota set to -1
2025-10-16 19:49:10,854 [om1-OMStateMachineApplyTransactionThread - 0] INFO  volume.OMVolumeCreateRequest (OMVolumeCreateRequest.java:validateAndUpdateCache(213)) - created volume:889f5c9a-91bb-44cc-9001-f13b0bde1037 for user:runner
2025-10-16 19:49:10,854 | INFO  | OMAudit | user=runner | ip=127.0.0.1 | op=CREATE_VOLUME {"admin":"runner","owner":"runner","volume":"889f5c9a-91bb-44cc-9001-f13b0bde1037","creationTime":"1760644150853","modificationTime":"1760644150853","quotaInBytes":"-1","quotaInNamespace":"-1","usedNamespace":"0","objectID":"-9223372036854310912","updateID":"1816","Transaction":"1816"} | ret=SUCCESS |  
2025-10-16 19:49:10,855 | INFO  | OMAudit | user=runner | ip=127.0.0.1 | op=READ_VOLUME {"volume":"889f5c9a-91bb-44cc-9001-f13b0bde1037"} | ret=SUCCESS |  
2025-10-16 19:49:10,856 [ForkJoinPool-1-worker-1] INFO  rpc.RpcClient (RpcClient.java:createBucket(686)) - Creating Bucket: 889f5c9a-91bb-44cc-9001-f13b0bde1037/a51bda83-de58-433a-a8b5-c11879906c59, with bucket layout LEGACY, runner as owner, Versioning false, Storage Type set to DISK and Encryption set to false, Replication Type set to server-side default replication type, Namespace Quota set to -1, Space Quota set to -1 
2025-10-16 19:49:10,858 [om1-OMStateMachineApplyTransactionThread - 0] INFO  bucket.OMBucketCreateRequest (OMBucketCreateRequest.java:validateAndUpdateCache(303)) - created bucket: a51bda83-de58-433a-a8b5-c11879906c59 of layout LEGACY in volume: 889f5c9a-91bb-44cc-9001-f13b0bde1037
2025-10-16 19:49:10,858 | INFO  | OMAudit | user=runner | ip=127.0.0.1 | op=CREATE_BUCKET {"volume":"889f5c9a-91bb-44cc-9001-f13b0bde1037","bucket":"a51bda83-de58-433a-a8b5-c11879906c59","bucketLayout":"LEGACY","gdprEnabled":null,"acls":"[user:runner:a[ACCESS], group:runner:rl[ACCESS]]","isVersionEnabled":"false","storageType":"DISK","creationTime":"1760644150857","bucketEncryptionKey":null,"modificationTime":"1760644150857","usedBytes":"0","usedNamespace":"0","snapshotUsedBytes":"0","snapshotUsedNamespace":"0","owner":"runner","replicationType":null,"replicationConfig":null,"quotaInBytes":"-1","quotaInNamespace":"-1","Transaction":"1817"} | ret=SUCCESS |  
2025-10-16 19:49:10,860 | INFO  | OMAudit | user=runner | ip=127.0.0.1 | op=READ_BUCKET {"volume":"889f5c9a-91bb-44cc-9001-f13b0bde1037","bucket":"a51bda83-de58-433a-a8b5-c11879906c59"} | ret=SUCCESS |  
2025-10-16 19:49:10,861 | INFO  | OMAudit | user=runner | ip=127.0.0.1 | op=READ_BUCKET {"volume":"889f5c9a-91bb-44cc-9001-f13b0bde1037","bucket":"a51bda83-de58-433a-a8b5-c11879906c59"} | ret=SUCCESS |  
2025-10-16 19:49:10,861 | INFO  | SCMAudit | user=runner | ip=127.0.0.1 | op=ALLOCATE_BLOCK {"replication":"RATIS/ONE","owner":"omServiceIdDefault","size":"4194304","sampleBlocks":"[conID: 12 locID: 115816896921600516]","num":"1","client":"","allocated":"1"} | ret=SUCCESS |  
2025-10-16 19:49:10,863 | INFO  | OMAudit | user=runner | ip=127.0.0.1 | op=ALLOCATE_KEY {"volume":"889f5c9a-91bb-44cc-9001-f13b0bde1037","bucket":"a51bda83-de58-433a-a8b5-c11879906c59","key":"8471482c-b00a-4c68-b685-12dfc161daae","dataSize":"12","replicationType":"RATIS","replicationFactor":"ONE","Transaction":"1818"} | ret=SUCCESS |  
2025-10-16 19:49:10,868 | INFO  | OMAudit | user=runner | ip=127.0.0.1 | op=COMMIT_KEY {"volume":"889f5c9a-91bb-44cc-9001-f13b0bde1037","bucket":"a51bda83-de58-433a-a8b5-c11879906c59","key":"8471482c-b00a-4c68-b685-12dfc161daae","dataSize":"12","replicationType":"RATIS","replicationFactor":"ONE","Transaction":"1819"} | ret=SUCCESS |  
2025-10-16 19:49:10,870 | INFO  | OMAudit | user=runner | ip=127.0.0.1 | op=READ_KEY {"volume":"889f5c9a-91bb-44cc-9001-f13b0bde1037","bucket":"a51bda83-de58-433a-a8b5-c11879906c59","key":"8471482c-b00a-4c68-b685-12dfc161daae","owner":null,"dataSize":"0","replicationConfig":null} | ret=SUCCESS |  
2025-10-16 19:49:10,871 | INFO  | OMAudit | user=runner | ip=127.0.0.1 | op=PUT_OBJECT_TAGGING {"volume":"889f5c9a-91bb-44cc-9001-f13b0bde1037","bucket":"a51bda83-de58-433a-a8b5-c11879906c59","key":"8471482c-b00a-4c68-b685-12dfc161daae","dataSize":"0","Transaction":"1820"} | ret=SUCCESS |  
2025-10-16 19:49:10,873 | INFO  | OMAudit | user=runner | ip=127.0.0.1 | op=READ_KEY {"volume":"889f5c9a-91bb-44cc-9001-f13b0bde1037","bucket":"a51bda83-de58-433a-a8b5-c11879906c59","key":"8471482c-b00a-4c68-b685-12dfc161daae","owner":null,"dataSize":"0","replicationConfig":null} | ret=SUCCESS |  
2025-10-16 19:49:10,875 | INFO  | OMAudit | user=runner | ip=127.0.0.1 | op=PUT_OBJECT_TAGGING {"volume":"889f5c9a-91bb-44cc-9001-f13b0bde1037","bucket":"a51bda83-de58-433a-a8b5-c11879906c59","key":"8471482c-b00a-4c68-b685-12dfc161daae","dataSize":"0","Transaction":"1821"} | ret=SUCCESS |  
2025-10-16 19:49:10,876 | INFO  | OMAudit | user=runner | ip=127.0.0.1 | op=READ_KEY {"volume":"889f5c9a-91bb-44cc-9001-f13b0bde1037","bucket":"a51bda83-de58-433a-a8b5-c11879906c59","key":"8471482c-b00a-4c68-b685-12dfc161daae","owner":null,"dataSize":"0","replicationConfig":null} | ret=SUCCESS |  
]]></system-out>
  </testcase>
  <testcase name="testPutObjectTagging(BucketLayout)[3]" classname="org.apache.hadoop.ozone.client.rpc.TestSecureOzoneRpcClient" time="0.031">
    <system-out><![CDATA[2025-10-16 19:49:10,879 [ForkJoinPool-1-worker-1] INFO  rpc.RpcClient (RpcClient.java:createVolume(461)) - Creating Volume: ebc0e587-f32a-4c19-a011-3e7c96ed7a83, with runner as owner and space quota set to -1 bytes, counts quota set to -1
2025-10-16 19:49:10,881 [om1-OMStateMachineApplyTransactionThread - 0] INFO  volume.OMVolumeCreateRequest (OMVolumeCreateRequest.java:validateAndUpdateCache(213)) - created volume:ebc0e587-f32a-4c19-a011-3e7c96ed7a83 for user:runner
2025-10-16 19:49:10,881 | INFO  | OMAudit | user=runner | ip=127.0.0.1 | op=CREATE_VOLUME {"admin":"runner","owner":"runner","volume":"ebc0e587-f32a-4c19-a011-3e7c96ed7a83","creationTime":"1760644150880","modificationTime":"1760644150880","quotaInBytes":"-1","quotaInNamespace":"-1","usedNamespace":"0","objectID":"-9223372036854309376","updateID":"1822","Transaction":"1822"} | ret=SUCCESS |  
2025-10-16 19:49:10,882 | INFO  | OMAudit | user=runner | ip=127.0.0.1 | op=READ_VOLUME {"volume":"ebc0e587-f32a-4c19-a011-3e7c96ed7a83"} | ret=SUCCESS |  
2025-10-16 19:49:10,883 [ForkJoinPool-1-worker-1] INFO  rpc.RpcClient (RpcClient.java:createBucket(686)) - Creating Bucket: ebc0e587-f32a-4c19-a011-3e7c96ed7a83/796d5171-9aac-401b-960a-191f01cd7255, with bucket layout FILE_SYSTEM_OPTIMIZED, runner as owner, Versioning false, Storage Type set to DISK and Encryption set to false, Replication Type set to server-side default replication type, Namespace Quota set to -1, Space Quota set to -1 
2025-10-16 19:49:10,885 [om1-OMStateMachineApplyTransactionThread - 0] INFO  bucket.OMBucketCreateRequest (OMBucketCreateRequest.java:validateAndUpdateCache(303)) - created bucket: 796d5171-9aac-401b-960a-191f01cd7255 of layout FILE_SYSTEM_OPTIMIZED in volume: ebc0e587-f32a-4c19-a011-3e7c96ed7a83
2025-10-16 19:49:10,885 | INFO  | OMAudit | user=runner | ip=127.0.0.1 | op=CREATE_BUCKET {"volume":"ebc0e587-f32a-4c19-a011-3e7c96ed7a83","bucket":"796d5171-9aac-401b-960a-191f01cd7255","bucketLayout":"FILE_SYSTEM_OPTIMIZED","gdprEnabled":null,"acls":"[user:runner:a[ACCESS], group:runner:rl[ACCESS]]","isVersionEnabled":"false","storageType":"DISK","creationTime":"1760644150884","bucketEncryptionKey":null,"modificationTime":"1760644150884","usedBytes":"0","usedNamespace":"0","snapshotUsedBytes":"0","snapshotUsedNamespace":"0","owner":"runner","replicationType":null,"replicationConfig":null,"quotaInBytes":"-1","quotaInNamespace":"-1","Transaction":"1823"} | ret=SUCCESS |  
2025-10-16 19:49:10,886 | INFO  | OMAudit | user=runner | ip=127.0.0.1 | op=READ_BUCKET {"volume":"ebc0e587-f32a-4c19-a011-3e7c96ed7a83","bucket":"796d5171-9aac-401b-960a-191f01cd7255"} | ret=SUCCESS |  
2025-10-16 19:49:10,887 | INFO  | OMAudit | user=runner | ip=127.0.0.1 | op=READ_BUCKET {"volume":"ebc0e587-f32a-4c19-a011-3e7c96ed7a83","bucket":"796d5171-9aac-401b-960a-191f01cd7255"} | ret=SUCCESS |  
2025-10-16 19:49:10,888 | INFO  | SCMAudit | user=runner | ip=127.0.0.1 | op=ALLOCATE_BLOCK {"replication":"RATIS/ONE","owner":"omServiceIdDefault","size":"4194304","sampleBlocks":"[conID: 7 locID: 115816896921600517]","num":"1","client":"","allocated":"1"} | ret=SUCCESS |  
2025-10-16 19:49:10,889 | INFO  | OMAudit | user=runner | ip=127.0.0.1 | op=ALLOCATE_KEY {"volume":"ebc0e587-f32a-4c19-a011-3e7c96ed7a83","bucket":"796d5171-9aac-401b-960a-191f01cd7255","key":"31f56b46-cf68-4864-b96b-6f2a3cbc2595","dataSize":"12","replicationType":"RATIS","replicationFactor":"ONE","Transaction":"1824"} | ret=SUCCESS |  
2025-10-16 19:49:10,895 | INFO  | OMAudit | user=runner | ip=127.0.0.1 | op=COMMIT_KEY {"volume":"ebc0e587-f32a-4c19-a011-3e7c96ed7a83","bucket":"796d5171-9aac-401b-960a-191f01cd7255","key":"31f56b46-cf68-4864-b96b-6f2a3cbc2595","dataSize":"12","replicationType":"RATIS","replicationFactor":"ONE","Transaction":"1825"} | ret=SUCCESS |  
2025-10-16 19:49:10,896 | INFO  | OMAudit | user=runner | ip=127.0.0.1 | op=READ_KEY {"volume":"ebc0e587-f32a-4c19-a011-3e7c96ed7a83","bucket":"796d5171-9aac-401b-960a-191f01cd7255","key":"31f56b46-cf68-4864-b96b-6f2a3cbc2595","owner":null,"dataSize":"0","replicationConfig":null} | ret=SUCCESS |  
2025-10-16 19:49:10,900 | INFO  | OMAudit | user=runner | ip=127.0.0.1 | op=READ_KEY {"volume":"ebc0e587-f32a-4c19-a011-3e7c96ed7a83","bucket":"796d5171-9aac-401b-960a-191f01cd7255","key":"31f56b46-cf68-4864-b96b-6f2a3cbc2595","owner":null,"dataSize":"0","replicationConfig":null} | ret=SUCCESS |  
2025-10-16 19:49:10,903 | INFO  | OMAudit | user=runner | ip=127.0.0.1 | op=READ_KEY {"volume":"ebc0e587-f32a-4c19-a011-3e7c96ed7a83","bucket":"796d5171-9aac-401b-960a-191f01cd7255","key":"31f56b46-cf68-4864-b96b-6f2a3cbc2595","owner":null,"dataSize":"0","replicationConfig":null} | ret=SUCCESS |  
2025-10-16 19:49:10,905 | INFO  | OMAudit | user=runner | ip=127.0.0.1 | op=CREATE_DIRECTORY {"volume":"ebc0e587-f32a-4c19-a011-3e7c96ed7a83","bucket":"796d5171-9aac-401b-960a-191f01cd7255","key":"dir1/","dataSize":"0","Transaction":"1828"} | ret=SUCCESS |  
2025-10-16 19:49:10,908 [om1-OMStateMachineApplyTransactionThread - 0] ERROR tagging.S3PutObjectTaggingRequestWithFSO (S3PutObjectTaggingRequestWithFSO.java:validateAndUpdateCache(164)) - Put object tagging failed. Volume:ebc0e587-f32a-4c19-a011-3e7c96ed7a83, Bucket:796d5171-9aac-401b-960a-191f01cd7255, Key:dir1.
NOT_SUPPORTED_OPERATION org.apache.hadoop.ozone.om.exceptions.OMException: PutObjectTagging is not currently supported for FSO directory
	at org.apache.hadoop.ozone.om.request.s3.tagging.S3PutObjectTaggingRequestWithFSO.validateAndUpdateCache(S3PutObjectTaggingRequestWithFSO.java:106)
	at org.apache.hadoop.ozone.protocolPB.OzoneManagerRequestHandler.lambda$0(OzoneManagerRequestHandler.java:418)
	at org.apache.hadoop.ozone.util.MetricUtil.captureLatencyNs(MetricUtil.java:45)
	at org.apache.hadoop.ozone.protocolPB.OzoneManagerRequestHandler.handleWriteRequestImpl(OzoneManagerRequestHandler.java:416)
	at org.apache.hadoop.ozone.protocolPB.RequestHandler.handleWriteRequest(RequestHandler.java:62)
	at org.apache.hadoop.ozone.om.ratis.OzoneManagerStateMachine.runCommand(OzoneManagerStateMachine.java:599)
	at org.apache.hadoop.ozone.om.ratis.OzoneManagerStateMachine.lambda$3(OzoneManagerStateMachine.java:415)
	at java.base/java.util.concurrent.CompletableFuture$AsyncSupply.run(CompletableFuture.java:1768)
	at java.base/java.util.concurrent.ThreadPoolExecutor.runWorker(ThreadPoolExecutor.java:1144)
	at java.base/java.util.concurrent.ThreadPoolExecutor$Worker.run(ThreadPoolExecutor.java:642)
	at java.base/java.lang.Thread.run(Thread.java:1583)
]]></system-out>
  </testcase>
  <testcase name="testReadKeyWithCorruptedData" classname="org.apache.hadoop.ozone.client.rpc.TestSecureOzoneRpcClient" time="2.038">
    <system-out><![CDATA[2025-10-16 19:49:10,910 [ForkJoinPool-1-worker-1] INFO  rpc.RpcClient (RpcClient.java:createVolume(461)) - Creating Volume: 55cc3b8a-95c4-4ef9-813e-c6012e8cad1d, with runner as owner and space quota set to -1 bytes, counts quota set to -1
2025-10-16 19:49:10,911 [om1-OMStateMachineApplyTransactionThread - 0] INFO  volume.OMVolumeCreateRequest (OMVolumeCreateRequest.java:validateAndUpdateCache(213)) - created volume:55cc3b8a-95c4-4ef9-813e-c6012e8cad1d for user:runner
2025-10-16 19:49:10,912 | INFO  | OMAudit | user=runner | ip=127.0.0.1 | op=CREATE_VOLUME {"admin":"runner","owner":"runner","volume":"55cc3b8a-95c4-4ef9-813e-c6012e8cad1d","creationTime":"1760644150910","modificationTime":"1760644150910","quotaInBytes":"-1","quotaInNamespace":"-1","usedNamespace":"0","objectID":"-9223372036854307328","updateID":"1830","Transaction":"1830"} | ret=SUCCESS |  
2025-10-16 19:49:10,913 | INFO  | OMAudit | user=runner | ip=127.0.0.1 | op=READ_VOLUME {"volume":"55cc3b8a-95c4-4ef9-813e-c6012e8cad1d"} | ret=SUCCESS |  
2025-10-16 19:49:10,913 [ForkJoinPool-1-worker-1] INFO  rpc.RpcClient (RpcClient.java:createBucket(686)) - Creating Bucket: 55cc3b8a-95c4-4ef9-813e-c6012e8cad1d/3574040b-456b-4188-ad1b-ee24ae126dc2, with server-side default bucket layout, runner as owner, Versioning false, Storage Type set to DISK and Encryption set to false, Replication Type set to server-side default replication type, Namespace Quota set to -1, Space Quota set to -1 
2025-10-16 19:49:10,915 [om1-OMStateMachineApplyTransactionThread - 0] INFO  bucket.OMBucketCreateRequest (OMBucketCreateRequest.java:validateAndUpdateCache(303)) - created bucket: 3574040b-456b-4188-ad1b-ee24ae126dc2 of layout FILE_SYSTEM_OPTIMIZED in volume: 55cc3b8a-95c4-4ef9-813e-c6012e8cad1d
2025-10-16 19:49:10,915 | INFO  | OMAudit | user=runner | ip=127.0.0.1 | op=CREATE_BUCKET {"volume":"55cc3b8a-95c4-4ef9-813e-c6012e8cad1d","bucket":"3574040b-456b-4188-ad1b-ee24ae126dc2","bucketLayout":"FILE_SYSTEM_OPTIMIZED","gdprEnabled":null,"acls":"[user:runner:a[ACCESS], group:runner:rl[ACCESS]]","isVersionEnabled":"false","storageType":"DISK","creationTime":"1760644150914","bucketEncryptionKey":null,"modificationTime":"1760644150914","usedBytes":"0","usedNamespace":"0","snapshotUsedBytes":"0","snapshotUsedNamespace":"0","owner":"runner","replicationType":null,"replicationConfig":null,"quotaInBytes":"-1","quotaInNamespace":"-1","Transaction":"1831"} | ret=SUCCESS |  
2025-10-16 19:49:10,916 | INFO  | OMAudit | user=runner | ip=127.0.0.1 | op=READ_BUCKET {"volume":"55cc3b8a-95c4-4ef9-813e-c6012e8cad1d","bucket":"3574040b-456b-4188-ad1b-ee24ae126dc2"} | ret=SUCCESS |  
2025-10-16 19:49:10,917 | INFO  | OMAudit | user=runner | ip=127.0.0.1 | op=READ_BUCKET {"volume":"55cc3b8a-95c4-4ef9-813e-c6012e8cad1d","bucket":"3574040b-456b-4188-ad1b-ee24ae126dc2"} | ret=SUCCESS |  
2025-10-16 19:49:10,917 | INFO  | SCMAudit | user=runner | ip=127.0.0.1 | op=ALLOCATE_BLOCK {"replication":"RATIS/ONE","owner":"omServiceIdDefault","size":"4194304","sampleBlocks":"[conID: 8 locID: 115816896921600518]","num":"1","client":"","allocated":"1"} | ret=SUCCESS |  
2025-10-16 19:49:10,919 | INFO  | OMAudit | user=runner | ip=127.0.0.1 | op=ALLOCATE_KEY {"volume":"55cc3b8a-95c4-4ef9-813e-c6012e8cad1d","bucket":"3574040b-456b-4188-ad1b-ee24ae126dc2","key":"afcd6129-6363-4eef-9622-d841171677f3","dataSize":"12","replicationType":"RATIS","replicationFactor":"ONE","Transaction":"1832"} | ret=SUCCESS |  
2025-10-16 19:49:10,924 | INFO  | OMAudit | user=runner | ip=127.0.0.1 | op=COMMIT_KEY {"volume":"55cc3b8a-95c4-4ef9-813e-c6012e8cad1d","bucket":"3574040b-456b-4188-ad1b-ee24ae126dc2","key":"afcd6129-6363-4eef-9622-d841171677f3","dataSize":"12","replicationType":"RATIS","replicationFactor":"ONE","Transaction":"1833"} | ret=SUCCESS |  
2025-10-16 19:49:10,926 | INFO  | OMAudit | user=runner | ip=127.0.0.1 | op=READ_KEY {"volume":"55cc3b8a-95c4-4ef9-813e-c6012e8cad1d","bucket":"3574040b-456b-4188-ad1b-ee24ae126dc2","key":"afcd6129-6363-4eef-9622-d841171677f3","owner":null,"dataSize":"0","replicationConfig":null} | ret=SUCCESS |  
2025-10-16 19:49:10,927 | INFO  | SCMAudit | user=null | ip=null | op=GET_SCM_INFO {} | ret=SUCCESS |  
2025-10-16 19:49:10,937 | INFO  | OMAudit | user=runner | ip=127.0.0.1 | op=READ_KEY {"volume":"55cc3b8a-95c4-4ef9-813e-c6012e8cad1d","bucket":"3574040b-456b-4188-ad1b-ee24ae126dc2","key":"afcd6129-6363-4eef-9622-d841171677f3","owner":null,"dataSize":"0","replicationConfig":null} | ret=SUCCESS |  
2025-10-16 19:49:10,941 [ForkJoinPool-1-worker-1] WARN  scm.XceiverClientGrpc (XceiverClientGrpc.java:sendCommandWithRetry(500)) - Failed to execute command ReadChunk on the pipeline Pipeline{ Id: 1219bb94-8d23-47e4-a759-769c8b9e0f07, Nodes: [ {757ca056-973f-4f05-ab2d-6aff6c54d452(localhost/127.0.0.1), ReplicaIndex: 0},], ReplicationConfig: STANDALONE/ONE, State:OPEN, leaderId:757ca056-973f-4f05-ab2d-6aff6c54d452, CreationTimestamp2025-10-16T19:47:27.724Z[Etc/UTC]}.
2025-10-16 19:49:11,769 | INFO  | SCMAudit | user=runner | ip=127.0.0.1 | op=SEND_HEARTBEAT {"datanodeUUID":"702cb173-5c73-4ecc-b5cd-c7b4a6b66aea","term":"2","command":"[]"} | ret=SUCCESS |  
2025-10-16 19:49:11,769 [EventQueue-PipelineActionsForPipelineActionHandler] INFO  pipeline.PipelineActionHandler (PipelineActionHandler.java:processPipelineAction(89)) - Received pipeline action CLOSE for Pipeline-a6d455ad-cb8f-42d4-aaf7-6ca5f15a0415 from datanode 702cb173-5c73-4ecc-b5cd-c7b4a6b66aea(localhost/127.0.0.1). Reason : Ratis Transaction failure in datanode 702cb173-5c73-4ecc-b5cd-c7b4a6b66aea with role FOLLOWER .Triggering pipeline close action.
2025-10-16 19:49:11,769 [EventQueue-PipelineActionsForPipelineActionHandler] INFO  pipeline.PipelineActionHandler (PipelineActionHandler.java:processPipelineAction(89)) - Received pipeline action CLOSE for Pipeline-36270c74-4c8b-4dac-af71-cdbac21eb987 from datanode 702cb173-5c73-4ecc-b5cd-c7b4a6b66aea(localhost/127.0.0.1). Reason : Ratis Transaction failure in datanode 702cb173-5c73-4ecc-b5cd-c7b4a6b66aea with role LEADER .Triggering pipeline close action.
2025-10-16 19:49:11,770 | INFO  | SCMAudit | user=runner | ip=127.0.0.1 | op=SEND_HEARTBEAT {"datanodeUUID":"c0724e9c-0dd4-4d47-992c-7bfe285fdd38","term":"2","command":"[]"} | ret=SUCCESS |  
2025-10-16 19:49:11,770 | INFO  | SCMAudit | user=runner | ip=127.0.0.1 | op=SEND_HEARTBEAT {"datanodeUUID":"8a3c3252-9afe-4d3a-8492-25be6557678a","term":"2","command":"[]"} | ret=SUCCESS |  
2025-10-16 19:49:11,770 | INFO  | SCMAudit | user=runner | ip=127.0.0.1 | op=SEND_HEARTBEAT {"datanodeUUID":"0e8b6cc7-9945-4141-97fc-6aa017a0d5fa","term":"2","command":"[]"} | ret=SUCCESS |  
2025-10-16 19:49:11,770 [EventQueue-PipelineActionsForPipelineActionHandler] INFO  pipeline.PipelineActionHandler (PipelineActionHandler.java:processPipelineAction(89)) - Received pipeline action CLOSE for Pipeline-a6d455ad-cb8f-42d4-aaf7-6ca5f15a0415 from datanode 0e8b6cc7-9945-4141-97fc-6aa017a0d5fa(localhost/127.0.0.1). Reason : Ratis Transaction failure in datanode 0e8b6cc7-9945-4141-97fc-6aa017a0d5fa with role FOLLOWER .Triggering pipeline close action.
2025-10-16 19:49:11,770 [EventQueue-PipelineActionsForPipelineActionHandler] INFO  pipeline.PipelineActionHandler (PipelineActionHandler.java:processPipelineAction(89)) - Received pipeline action CLOSE for Pipeline-36270c74-4c8b-4dac-af71-cdbac21eb987 from datanode 0e8b6cc7-9945-4141-97fc-6aa017a0d5fa(localhost/127.0.0.1). Reason : Ratis Transaction failure in datanode 0e8b6cc7-9945-4141-97fc-6aa017a0d5fa with role FOLLOWER .Triggering pipeline close action.
2025-10-16 19:49:11,770 | INFO  | SCMAudit | user=runner | ip=127.0.0.1 | op=SEND_HEARTBEAT {"datanodeUUID":"58cff6b7-b2a7-446b-a75a-bb98ad6b11b8","term":"2","command":"[]"} | ret=SUCCESS |  
2025-10-16 19:49:11,793 | INFO  | SCMAudit | user=runner | ip=127.0.0.1 | op=SEND_HEARTBEAT {"datanodeUUID":"764b18f0-81c5-439a-9fff-25adc4f241fa","term":"2","command":"[]"} | ret=SUCCESS |  
2025-10-16 19:49:11,793 | INFO  | SCMAudit | user=runner | ip=127.0.0.1 | op=SEND_HEARTBEAT {"datanodeUUID":"f700af26-0e26-4136-9205-9509c82c8c70","term":"2","command":"[]"} | ret=SUCCESS |  
2025-10-16 19:49:11,797 | INFO  | SCMAudit | user=runner | ip=127.0.0.1 | op=SEND_HEARTBEAT {"datanodeUUID":"0428ab3f-efd5-438e-ae11-9ec242443260","term":"2","command":"[]"} | ret=SUCCESS |  
2025-10-16 19:49:11,800 | INFO  | SCMAudit | user=runner | ip=127.0.0.1 | op=SEND_HEARTBEAT {"datanodeUUID":"76d4ba71-5bbb-4b24-8f51-8bc7f78aaca4","term":"2","command":"[]"} | ret=SUCCESS |  
2025-10-16 19:49:11,800 [EventQueue-PipelineActionsForPipelineActionHandler] INFO  pipeline.PipelineActionHandler (PipelineActionHandler.java:processPipelineAction(89)) - Received pipeline action CLOSE for Pipeline-36c7da6a-14e2-433e-b882-35c832a27f16 from datanode 76d4ba71-5bbb-4b24-8f51-8bc7f78aaca4(localhost/127.0.0.1). Reason : Ratis Transaction failure in datanode 76d4ba71-5bbb-4b24-8f51-8bc7f78aaca4 with role LEADER .Triggering pipeline close action.
2025-10-16 19:49:11,801 | INFO  | SCMAudit | user=runner | ip=127.0.0.1 | op=SEND_HEARTBEAT {"datanodeUUID":"aa213937-adc5-47da-a770-0ee1e4664344","term":"2","command":"[]"} | ret=SUCCESS |  
2025-10-16 19:49:11,803 | INFO  | SCMAudit | user=runner | ip=127.0.0.1 | op=SEND_HEARTBEAT {"datanodeUUID":"e072d245-7694-4d97-8e20-c503ebf8c2fe","term":"2","command":"[]"} | ret=SUCCESS |  
2025-10-16 19:49:11,803 [EventQueue-PipelineActionsForPipelineActionHandler] INFO  pipeline.PipelineActionHandler (PipelineActionHandler.java:processPipelineAction(89)) - Received pipeline action CLOSE for Pipeline-36c7da6a-14e2-433e-b882-35c832a27f16 from datanode e072d245-7694-4d97-8e20-c503ebf8c2fe(localhost/127.0.0.1). Reason : Ratis Transaction failure in datanode e072d245-7694-4d97-8e20-c503ebf8c2fe with role FOLLOWER .Triggering pipeline close action.
2025-10-16 19:49:11,803 | INFO  | SCMAudit | user=runner | ip=127.0.0.1 | op=SEND_HEARTBEAT {"datanodeUUID":"e33e6ec4-6b66-4281-bedd-2bd75bd30070","term":"2","command":"[]"} | ret=SUCCESS |  
2025-10-16 19:49:11,803 [EventQueue-PipelineActionsForPipelineActionHandler] INFO  pipeline.PipelineActionHandler (PipelineActionHandler.java:processPipelineAction(89)) - Received pipeline action CLOSE for Pipeline-a6d455ad-cb8f-42d4-aaf7-6ca5f15a0415 from datanode e33e6ec4-6b66-4281-bedd-2bd75bd30070(localhost/127.0.0.1). Reason : Ratis Transaction failure in datanode e33e6ec4-6b66-4281-bedd-2bd75bd30070 with role LEADER .Triggering pipeline close action.
2025-10-16 19:49:11,803 [EventQueue-PipelineActionsForPipelineActionHandler] INFO  pipeline.PipelineActionHandler (PipelineActionHandler.java:processPipelineAction(89)) - Received pipeline action CLOSE for Pipeline-36270c74-4c8b-4dac-af71-cdbac21eb987 from datanode e33e6ec4-6b66-4281-bedd-2bd75bd30070(localhost/127.0.0.1). Reason : Ratis Transaction failure in datanode e33e6ec4-6b66-4281-bedd-2bd75bd30070 with role FOLLOWER .Triggering pipeline close action.
2025-10-16 19:49:11,805 | INFO  | SCMAudit | user=runner | ip=127.0.0.1 | op=SEND_HEARTBEAT {"datanodeUUID":"8a0fa2ff-b550-4652-b2fe-0cf91cd4a157","term":"2","command":"[]"} | ret=SUCCESS |  
2025-10-16 19:49:11,805 [EventQueue-PipelineActionsForPipelineActionHandler] INFO  pipeline.PipelineActionHandler (PipelineActionHandler.java:processPipelineAction(89)) - Received pipeline action CLOSE for Pipeline-36c7da6a-14e2-433e-b882-35c832a27f16 from datanode 8a0fa2ff-b550-4652-b2fe-0cf91cd4a157(localhost/127.0.0.1). Reason : Ratis Transaction failure in datanode 8a0fa2ff-b550-4652-b2fe-0cf91cd4a157 with role FOLLOWER .Triggering pipeline close action.
2025-10-16 19:49:11,806 | INFO  | SCMAudit | user=runner | ip=127.0.0.1 | op=SEND_HEARTBEAT {"datanodeUUID":"757ca056-973f-4f05-ab2d-6aff6c54d452","term":"2","command":"[]"} | ret=SUCCESS |  
2025-10-16 19:49:11,944 [ForkJoinPool-1-worker-1] WARN  scm.XceiverClientGrpc (XceiverClientGrpc.java:sendCommandWithRetry(500)) - Failed to execute command ReadChunk on the pipeline Pipeline{ Id: 1219bb94-8d23-47e4-a759-769c8b9e0f07, Nodes: [ {757ca056-973f-4f05-ab2d-6aff6c54d452(localhost/127.0.0.1), ReplicaIndex: 0},], ReplicationConfig: STANDALONE/ONE, State:OPEN, leaderId:757ca056-973f-4f05-ab2d-6aff6c54d452, CreationTimestamp2025-10-16T19:47:27.724Z[Etc/UTC]}.
2025-10-16 19:49:12,769 | INFO  | SCMAudit | user=runner | ip=127.0.0.1 | op=SEND_HEARTBEAT {"datanodeUUID":"702cb173-5c73-4ecc-b5cd-c7b4a6b66aea","term":"2","command":"[]"} | ret=SUCCESS |  
2025-10-16 19:49:12,769 [EventQueue-PipelineActionsForPipelineActionHandler] INFO  pipeline.PipelineActionHandler (PipelineActionHandler.java:processPipelineAction(89)) - Received pipeline action CLOSE for Pipeline-a6d455ad-cb8f-42d4-aaf7-6ca5f15a0415 from datanode 702cb173-5c73-4ecc-b5cd-c7b4a6b66aea(localhost/127.0.0.1). Reason : Ratis Transaction failure in datanode 702cb173-5c73-4ecc-b5cd-c7b4a6b66aea with role FOLLOWER .Triggering pipeline close action.
2025-10-16 19:49:12,769 | INFO  | SCMAudit | user=runner | ip=127.0.0.1 | op=SEND_HEARTBEAT {"datanodeUUID":"c0724e9c-0dd4-4d47-992c-7bfe285fdd38","term":"2","command":"[]"} | ret=SUCCESS |  
2025-10-16 19:49:12,769 [EventQueue-PipelineActionsForPipelineActionHandler] INFO  pipeline.PipelineActionHandler (PipelineActionHandler.java:processPipelineAction(89)) - Received pipeline action CLOSE for Pipeline-36270c74-4c8b-4dac-af71-cdbac21eb987 from datanode 702cb173-5c73-4ecc-b5cd-c7b4a6b66aea(localhost/127.0.0.1). Reason : Ratis Transaction failure in datanode 702cb173-5c73-4ecc-b5cd-c7b4a6b66aea with role LEADER .Triggering pipeline close action.
2025-10-16 19:49:12,770 | INFO  | SCMAudit | user=runner | ip=127.0.0.1 | op=SEND_HEARTBEAT {"datanodeUUID":"8a3c3252-9afe-4d3a-8492-25be6557678a","term":"2","command":"[]"} | ret=SUCCESS |  
2025-10-16 19:49:12,770 | INFO  | SCMAudit | user=runner | ip=127.0.0.1 | op=SEND_HEARTBEAT {"datanodeUUID":"58cff6b7-b2a7-446b-a75a-bb98ad6b11b8","term":"2","command":"[]"} | ret=SUCCESS |  
2025-10-16 19:49:12,770 | INFO  | SCMAudit | user=runner | ip=127.0.0.1 | op=SEND_HEARTBEAT {"datanodeUUID":"0e8b6cc7-9945-4141-97fc-6aa017a0d5fa","term":"2","command":"[]"} | ret=SUCCESS |  
2025-10-16 19:49:12,770 [EventQueue-PipelineActionsForPipelineActionHandler] INFO  pipeline.PipelineActionHandler (PipelineActionHandler.java:processPipelineAction(89)) - Received pipeline action CLOSE for Pipeline-a6d455ad-cb8f-42d4-aaf7-6ca5f15a0415 from datanode 0e8b6cc7-9945-4141-97fc-6aa017a0d5fa(localhost/127.0.0.1). Reason : Ratis Transaction failure in datanode 0e8b6cc7-9945-4141-97fc-6aa017a0d5fa with role FOLLOWER .Triggering pipeline close action.
2025-10-16 19:49:12,770 [EventQueue-PipelineActionsForPipelineActionHandler] INFO  pipeline.PipelineActionHandler (PipelineActionHandler.java:processPipelineAction(89)) - Received pipeline action CLOSE for Pipeline-36270c74-4c8b-4dac-af71-cdbac21eb987 from datanode 0e8b6cc7-9945-4141-97fc-6aa017a0d5fa(localhost/127.0.0.1). Reason : Ratis Transaction failure in datanode 0e8b6cc7-9945-4141-97fc-6aa017a0d5fa with role FOLLOWER .Triggering pipeline close action.
2025-10-16 19:49:12,793 | INFO  | SCMAudit | user=runner | ip=127.0.0.1 | op=SEND_HEARTBEAT {"datanodeUUID":"f700af26-0e26-4136-9205-9509c82c8c70","term":"2","command":"[]"} | ret=SUCCESS |  
2025-10-16 19:49:12,793 | INFO  | SCMAudit | user=runner | ip=127.0.0.1 | op=SEND_HEARTBEAT {"datanodeUUID":"764b18f0-81c5-439a-9fff-25adc4f241fa","term":"2","command":"[]"} | ret=SUCCESS |  
2025-10-16 19:49:12,797 | INFO  | SCMAudit | user=runner | ip=127.0.0.1 | op=SEND_HEARTBEAT {"datanodeUUID":"0428ab3f-efd5-438e-ae11-9ec242443260","term":"2","command":"[]"} | ret=SUCCESS |  
2025-10-16 19:49:12,799 | INFO  | SCMAudit | user=runner | ip=127.0.0.1 | op=SEND_HEARTBEAT {"datanodeUUID":"76d4ba71-5bbb-4b24-8f51-8bc7f78aaca4","term":"2","command":"[]"} | ret=SUCCESS |  
2025-10-16 19:49:12,799 [EventQueue-PipelineActionsForPipelineActionHandler] INFO  pipeline.PipelineActionHandler (PipelineActionHandler.java:processPipelineAction(89)) - Received pipeline action CLOSE for Pipeline-36c7da6a-14e2-433e-b882-35c832a27f16 from datanode 76d4ba71-5bbb-4b24-8f51-8bc7f78aaca4(localhost/127.0.0.1). Reason : Ratis Transaction failure in datanode 76d4ba71-5bbb-4b24-8f51-8bc7f78aaca4 with role LEADER .Triggering pipeline close action.
2025-10-16 19:49:12,801 | INFO  | SCMAudit | user=runner | ip=127.0.0.1 | op=SEND_HEARTBEAT {"datanodeUUID":"aa213937-adc5-47da-a770-0ee1e4664344","term":"2","command":"[]"} | ret=SUCCESS |  
2025-10-16 19:49:12,803 | INFO  | SCMAudit | user=runner | ip=127.0.0.1 | op=SEND_HEARTBEAT {"datanodeUUID":"e33e6ec4-6b66-4281-bedd-2bd75bd30070","term":"2","command":"[]"} | ret=SUCCESS |  
2025-10-16 19:49:12,803 [EventQueue-PipelineActionsForPipelineActionHandler] INFO  pipeline.PipelineActionHandler (PipelineActionHandler.java:processPipelineAction(89)) - Received pipeline action CLOSE for Pipeline-a6d455ad-cb8f-42d4-aaf7-6ca5f15a0415 from datanode e33e6ec4-6b66-4281-bedd-2bd75bd30070(localhost/127.0.0.1). Reason : Ratis Transaction failure in datanode e33e6ec4-6b66-4281-bedd-2bd75bd30070 with role LEADER .Triggering pipeline close action.
2025-10-16 19:49:12,803 [EventQueue-PipelineActionsForPipelineActionHandler] INFO  pipeline.PipelineActionHandler (PipelineActionHandler.java:processPipelineAction(89)) - Received pipeline action CLOSE for Pipeline-36270c74-4c8b-4dac-af71-cdbac21eb987 from datanode e33e6ec4-6b66-4281-bedd-2bd75bd30070(localhost/127.0.0.1). Reason : Ratis Transaction failure in datanode e33e6ec4-6b66-4281-bedd-2bd75bd30070 with role FOLLOWER .Triggering pipeline close action.
2025-10-16 19:49:12,805 | INFO  | SCMAudit | user=runner | ip=127.0.0.1 | op=SEND_HEARTBEAT {"datanodeUUID":"8a0fa2ff-b550-4652-b2fe-0cf91cd4a157","term":"2","command":"[]"} | ret=SUCCESS |  
2025-10-16 19:49:12,805 [EventQueue-PipelineActionsForPipelineActionHandler] INFO  pipeline.PipelineActionHandler (PipelineActionHandler.java:processPipelineAction(89)) - Received pipeline action CLOSE for Pipeline-36c7da6a-14e2-433e-b882-35c832a27f16 from datanode 8a0fa2ff-b550-4652-b2fe-0cf91cd4a157(localhost/127.0.0.1). Reason : Ratis Transaction failure in datanode 8a0fa2ff-b550-4652-b2fe-0cf91cd4a157 with role FOLLOWER .Triggering pipeline close action.
2025-10-16 19:49:12,805 | INFO  | SCMAudit | user=runner | ip=127.0.0.1 | op=SEND_HEARTBEAT {"datanodeUUID":"e072d245-7694-4d97-8e20-c503ebf8c2fe","term":"2","command":"[]"} | ret=SUCCESS |  
2025-10-16 19:49:12,806 [EventQueue-PipelineActionsForPipelineActionHandler] INFO  pipeline.PipelineActionHandler (PipelineActionHandler.java:processPipelineAction(89)) - Received pipeline action CLOSE for Pipeline-36c7da6a-14e2-433e-b882-35c832a27f16 from datanode e072d245-7694-4d97-8e20-c503ebf8c2fe(localhost/127.0.0.1). Reason : Ratis Transaction failure in datanode e072d245-7694-4d97-8e20-c503ebf8c2fe with role FOLLOWER .Triggering pipeline close action.
2025-10-16 19:49:12,806 | INFO  | SCMAudit | user=runner | ip=127.0.0.1 | op=SEND_HEARTBEAT {"datanodeUUID":"757ca056-973f-4f05-ab2d-6aff6c54d452","term":"2","command":"[]"} | ret=SUCCESS |  
2025-10-16 19:49:12,946 [ForkJoinPool-1-worker-1] WARN  scm.XceiverClientGrpc (XceiverClientGrpc.java:sendCommandWithRetry(500)) - Failed to execute command ReadChunk on the pipeline Pipeline{ Id: 1219bb94-8d23-47e4-a759-769c8b9e0f07, Nodes: [ {757ca056-973f-4f05-ab2d-6aff6c54d452(localhost/127.0.0.1), ReplicaIndex: 0},], ReplicationConfig: STANDALONE/ONE, State:OPEN, leaderId:757ca056-973f-4f05-ab2d-6aff6c54d452, CreationTimestamp2025-10-16T19:47:27.724Z[Etc/UTC]}.
]]></system-out>
  </testcase>
  <testcase name="testReadKeyWithCorruptedDataWithMutiNodes" classname="org.apache.hadoop.ozone.client.rpc.TestSecureOzoneRpcClient" time="2.103">
    <system-out><![CDATA[2025-10-16 19:49:12,948 [ForkJoinPool-1-worker-1] INFO  rpc.RpcClient (RpcClient.java:createVolume(461)) - Creating Volume: f618783e-3422-48dc-8188-b3bcc1976b82, with runner as owner and space quota set to -1 bytes, counts quota set to -1
2025-10-16 19:49:12,949 [om1-OMStateMachineApplyTransactionThread - 0] INFO  volume.OMVolumeCreateRequest (OMVolumeCreateRequest.java:validateAndUpdateCache(213)) - created volume:f618783e-3422-48dc-8188-b3bcc1976b82 for user:runner
2025-10-16 19:49:12,949 | INFO  | OMAudit | user=runner | ip=127.0.0.1 | op=CREATE_VOLUME {"admin":"runner","owner":"runner","volume":"f618783e-3422-48dc-8188-b3bcc1976b82","creationTime":"1760644152948","modificationTime":"1760644152948","quotaInBytes":"-1","quotaInNamespace":"-1","usedNamespace":"0","objectID":"-9223372036854306304","updateID":"1834","Transaction":"1834"} | ret=SUCCESS |  
2025-10-16 19:49:12,950 | INFO  | OMAudit | user=runner | ip=127.0.0.1 | op=READ_VOLUME {"volume":"f618783e-3422-48dc-8188-b3bcc1976b82"} | ret=SUCCESS |  
2025-10-16 19:49:12,951 [ForkJoinPool-1-worker-1] INFO  rpc.RpcClient (RpcClient.java:createBucket(686)) - Creating Bucket: f618783e-3422-48dc-8188-b3bcc1976b82/91025b29-1e93-42fd-a9b2-e0d5fc30b776, with server-side default bucket layout, runner as owner, Versioning false, Storage Type set to DISK and Encryption set to false, Replication Type set to server-side default replication type, Namespace Quota set to -1, Space Quota set to -1 
2025-10-16 19:49:12,953 [om1-OMStateMachineApplyTransactionThread - 0] INFO  bucket.OMBucketCreateRequest (OMBucketCreateRequest.java:validateAndUpdateCache(303)) - created bucket: 91025b29-1e93-42fd-a9b2-e0d5fc30b776 of layout FILE_SYSTEM_OPTIMIZED in volume: f618783e-3422-48dc-8188-b3bcc1976b82
2025-10-16 19:49:12,953 | INFO  | OMAudit | user=runner | ip=127.0.0.1 | op=CREATE_BUCKET {"volume":"f618783e-3422-48dc-8188-b3bcc1976b82","bucket":"91025b29-1e93-42fd-a9b2-e0d5fc30b776","bucketLayout":"FILE_SYSTEM_OPTIMIZED","gdprEnabled":null,"acls":"[user:runner:a[ACCESS], group:runner:rl[ACCESS]]","isVersionEnabled":"false","storageType":"DISK","creationTime":"1760644152952","bucketEncryptionKey":null,"modificationTime":"1760644152952","usedBytes":"0","usedNamespace":"0","snapshotUsedBytes":"0","snapshotUsedNamespace":"0","owner":"runner","replicationType":null,"replicationConfig":null,"quotaInBytes":"-1","quotaInNamespace":"-1","Transaction":"1835"} | ret=SUCCESS |  
2025-10-16 19:49:12,954 | INFO  | OMAudit | user=runner | ip=127.0.0.1 | op=READ_BUCKET {"volume":"f618783e-3422-48dc-8188-b3bcc1976b82","bucket":"91025b29-1e93-42fd-a9b2-e0d5fc30b776"} | ret=SUCCESS |  
2025-10-16 19:49:12,955 | INFO  | OMAudit | user=runner | ip=127.0.0.1 | op=READ_BUCKET {"volume":"f618783e-3422-48dc-8188-b3bcc1976b82","bucket":"91025b29-1e93-42fd-a9b2-e0d5fc30b776"} | ret=SUCCESS |  
2025-10-16 19:49:12,956 | INFO  | SCMAudit | user=runner | ip=127.0.0.1 | op=ALLOCATE_BLOCK {"replication":"RATIS/THREE","owner":"omServiceIdDefault","size":"4194304","sampleBlocks":"[conID: 14 locID: 115816896921600519]","num":"1","client":"","allocated":"1"} | ret=SUCCESS |  
2025-10-16 19:49:12,958 | INFO  | OMAudit | user=runner | ip=127.0.0.1 | op=ALLOCATE_KEY {"volume":"f618783e-3422-48dc-8188-b3bcc1976b82","bucket":"91025b29-1e93-42fd-a9b2-e0d5fc30b776","key":"5a64c35b-18a8-4723-b7bf-3cb0505db837","dataSize":"12","replicationType":"RATIS","replicationFactor":"THREE","Transaction":"1836"} | ret=SUCCESS |  
2025-10-16 19:49:12,967 | INFO  | OMAudit | user=runner | ip=127.0.0.1 | op=COMMIT_KEY {"volume":"f618783e-3422-48dc-8188-b3bcc1976b82","bucket":"91025b29-1e93-42fd-a9b2-e0d5fc30b776","key":"5a64c35b-18a8-4723-b7bf-3cb0505db837","dataSize":"12","replicationType":"RATIS","replicationFactor":"THREE","Transaction":"1837"} | ret=SUCCESS |  
2025-10-16 19:49:12,968 | INFO  | OMAudit | user=runner | ip=127.0.0.1 | op=READ_KEY {"volume":"f618783e-3422-48dc-8188-b3bcc1976b82","bucket":"91025b29-1e93-42fd-a9b2-e0d5fc30b776","key":"5a64c35b-18a8-4723-b7bf-3cb0505db837","owner":null,"dataSize":"0","replicationConfig":null} | ret=SUCCESS |  
2025-10-16 19:49:12,970 | INFO  | SCMAudit | user=null | ip=null | op=GET_SCM_INFO {} | ret=SUCCESS |  
2025-10-16 19:49:12,981 | INFO  | OMAudit | user=runner | ip=127.0.0.1 | op=READ_KEY {"volume":"f618783e-3422-48dc-8188-b3bcc1976b82","bucket":"91025b29-1e93-42fd-a9b2-e0d5fc30b776","key":"5a64c35b-18a8-4723-b7bf-3cb0505db837","owner":null,"dataSize":"0","replicationConfig":null} | ret=SUCCESS |  
2025-10-16 19:49:12,988 | INFO  | SCMAudit | user=null | ip=null | op=GET_SCM_INFO {} | ret=SUCCESS |  
2025-10-16 19:49:13,000 | INFO  | OMAudit | user=runner | ip=127.0.0.1 | op=READ_KEY {"volume":"f618783e-3422-48dc-8188-b3bcc1976b82","bucket":"91025b29-1e93-42fd-a9b2-e0d5fc30b776","key":"5a64c35b-18a8-4723-b7bf-3cb0505db837","owner":null,"dataSize":"0","replicationConfig":null} | ret=SUCCESS |  
2025-10-16 19:49:13,005 | INFO  | SCMAudit | user=null | ip=null | op=GET_SCM_INFO {} | ret=SUCCESS |  
2025-10-16 19:49:13,019 | INFO  | OMAudit | user=runner | ip=127.0.0.1 | op=READ_KEY {"volume":"f618783e-3422-48dc-8188-b3bcc1976b82","bucket":"91025b29-1e93-42fd-a9b2-e0d5fc30b776","key":"5a64c35b-18a8-4723-b7bf-3cb0505db837","owner":null,"dataSize":"0","replicationConfig":null} | ret=SUCCESS |  
2025-10-16 19:49:13,023 [ForkJoinPool-1-worker-1] WARN  scm.XceiverClientGrpc (XceiverClientGrpc.java:sendCommandWithRetry(500)) - Failed to execute command ReadChunk on the pipeline Pipeline{ Id: 8f9acfe3-5569-4a29-b935-ee898a0a2821, Nodes: [ {8a0fa2ff-b550-4652-b2fe-0cf91cd4a157(localhost/127.0.0.1), ReplicaIndex: 0}, {76d4ba71-5bbb-4b24-8f51-8bc7f78aaca4(localhost/127.0.0.1), ReplicaIndex: 0}, {e072d245-7694-4d97-8e20-c503ebf8c2fe(localhost/127.0.0.1), ReplicaIndex: 0},], ReplicationConfig: STANDALONE/THREE, State:OPEN, leaderId:e072d245-7694-4d97-8e20-c503ebf8c2fe, CreationTimestamp2025-10-16T19:47:26.320Z[Etc/UTC]}.
2025-10-16 19:49:13,023 [ForkJoinPool-1-worker-1] WARN  storage.ContainerProtocolCalls (ContainerProtocolCalls.java:tryEachDatanode(169)) - Failed to read chunk 115816896921600519_chunk_1 (len=12) containerID: 14
localID: 115816896921600519
blockCommitSequenceId: 189
 from 8a0fa2ff-b550-4652-b2fe-0cf91cd4a157(localhost/127.0.0.1); will try another datanode.
org.apache.hadoop.ozone.common.OzoneChecksumException: Checksum mismatched: this.checksums(0) != that.checksums(0), thisStartIndex=0, this=ChecksumData{CRC32, bytesPerChecksum=16384, checksums=[EF D2 EC 2F]}, that=ChecksumData{CRC32, bytesPerChecksum=16384, checksums=[B5 48 85 73]}
	at org.apache.hadoop.ozone.common.ChecksumData.verifyChecksumDataMatches(ChecksumData.java:127)
	at org.apache.hadoop.ozone.common.Checksum.verifyChecksum(Checksum.java:306)
	at org.apache.hadoop.ozone.common.Checksum.verifyChecksum(Checksum.java:282)
	at org.apache.hadoop.ozone.common.Checksum.verifyChecksum(Checksum.java:330)
	at org.apache.hadoop.hdds.scm.storage.ChunkInputStream.validateChunk(ChunkInputStream.java:500)
	at org.apache.hadoop.hdds.scm.XceiverClientGrpc.sendCommandWithRetry(XceiverClientGrpc.java:457)
	at org.apache.hadoop.hdds.scm.XceiverClientGrpc.lambda$sendCommandWithTraceIDAndRetry$1(XceiverClientGrpc.java:383)
	at org.apache.hadoop.hdds.tracing.TracingUtil.executeInSpan(TracingUtil.java:205)
	at org.apache.hadoop.hdds.tracing.TracingUtil.executeInNewSpan(TracingUtil.java:195)
	at org.apache.hadoop.hdds.scm.XceiverClientGrpc.sendCommandWithTraceIDAndRetry(XceiverClientGrpc.java:375)
	at org.apache.hadoop.hdds.scm.XceiverClientGrpc.sendCommand(XceiverClientGrpc.java:356)
	at org.apache.hadoop.hdds.scm.storage.ContainerProtocolCalls.readChunk(ContainerProtocolCalls.java:397)
	at org.apache.hadoop.hdds.scm.storage.ContainerProtocolCalls.lambda$readChunk$2(ContainerProtocolCalls.java:379)
	at org.apache.hadoop.hdds.scm.storage.ContainerProtocolCalls.tryEachDatanode(ContainerProtocolCalls.java:154)
	at org.apache.hadoop.hdds.scm.storage.ContainerProtocolCalls.readChunk(ContainerProtocolCalls.java:378)
	at org.apache.hadoop.hdds.scm.storage.ChunkInputStream.readChunk(ChunkInputStream.java:440)
	at org.apache.hadoop.hdds.scm.storage.ChunkInputStream.readChunkDataIntoBuffers(ChunkInputStream.java:417)
	at org.apache.hadoop.hdds.scm.storage.ChunkInputStream.readChunkFromContainer(ChunkInputStream.java:402)
	at org.apache.hadoop.hdds.scm.storage.ChunkInputStream.prepareRead(ChunkInputStream.java:344)
	at org.apache.hadoop.hdds.scm.storage.ChunkInputStream.read(ChunkInputStream.java:174)
	at org.apache.hadoop.hdds.scm.storage.ByteArrayReader.readFromBlock(ByteArrayReader.java:51)
	at org.apache.hadoop.hdds.scm.storage.BlockInputStream.readWithStrategy(BlockInputStream.java:376)
	at org.apache.hadoop.hdds.scm.storage.ExtendedInputStream.read(ExtendedInputStream.java:55)
	at org.apache.hadoop.hdds.scm.storage.ByteArrayReader.readFromBlock(ByteArrayReader.java:51)
	at org.apache.hadoop.hdds.scm.storage.MultipartInputStream.readWithStrategy(MultipartInputStream.java:96)
	at org.apache.hadoop.hdds.scm.storage.ExtendedInputStream.read(ExtendedInputStream.java:55)
	at org.apache.hadoop.ozone.client.io.OzoneInputStream.read(OzoneInputStream.java:56)
	at org.apache.commons.io.IOUtils.read(IOUtils.java:1955)
	at org.apache.commons.io.IOUtils.read(IOUtils.java:1931)
	at org.apache.commons.io.IOUtils.readFully(IOUtils.java:2075)
	at org.apache.commons.io.IOUtils.readFully(IOUtils.java:2053)
	at org.apache.hadoop.ozone.client.rpc.OzoneRpcClientTests.lambda$testReadKeyWithCorruptedDataWithMutiNodes$55(OzoneRpcClientTests.java:2539)
	at org.junit.jupiter.api.AssertThrows.assertThrows(AssertThrows.java:53)
	at org.junit.jupiter.api.AssertThrows.assertThrows(AssertThrows.java:35)
	at org.junit.jupiter.api.Assertions.assertThrows(Assertions.java:3128)
	at org.apache.hadoop.ozone.client.rpc.OzoneRpcClientTests.testReadKeyWithCorruptedDataWithMutiNodes(OzoneRpcClientTests.java:2536)
	at java.base/jdk.internal.reflect.DirectMethodHandleAccessor.invoke(DirectMethodHandleAccessor.java:103)
	at java.base/java.lang.reflect.Method.invoke(Method.java:580)
	at org.junit.platform.commons.util.ReflectionUtils.invokeMethod(ReflectionUtils.java:786)
	at org.junit.platform.commons.support.ReflectionSupport.invokeMethod(ReflectionSupport.java:514)
	at org.junit.jupiter.engine.execution.MethodInvocation.proceed(MethodInvocation.java:60)
	at org.junit.jupiter.engine.execution.InvocationInterceptorChain$ValidatingInvocation.proceed(InvocationInterceptorChain.java:131)
	at org.junit.jupiter.engine.extension.SameThreadTimeoutInvocation.proceed(SameThreadTimeoutInvocation.java:49)
	at org.junit.jupiter.engine.extension.TimeoutExtension.intercept(TimeoutExtension.java:161)
	at org.junit.jupiter.engine.extension.TimeoutExtension.interceptTestableMethod(TimeoutExtension.java:152)
	at org.junit.jupiter.engine.extension.TimeoutExtension.interceptTestMethod(TimeoutExtension.java:91)
	at org.junit.jupiter.engine.execution.InterceptingExecutableInvoker$ReflectiveInterceptorCall.lambda$ofVoidMethod$0(InterceptingExecutableInvoker.java:112)
	at org.junit.jupiter.engine.execution.InterceptingExecutableInvoker.lambda$invoke$0(InterceptingExecutableInvoker.java:94)
	at org.junit.jupiter.engine.execution.InvocationInterceptorChain$InterceptedInvocation.proceed(InvocationInterceptorChain.java:106)
	at org.junit.jupiter.engine.execution.InvocationInterceptorChain.proceed(InvocationInterceptorChain.java:64)
	at org.junit.jupiter.engine.execution.InvocationInterceptorChain.chainAndInvoke(InvocationInterceptorChain.java:45)
	at org.junit.jupiter.engine.execution.InvocationInterceptorChain.invoke(InvocationInterceptorChain.java:37)
	at org.junit.jupiter.engine.execution.InterceptingExecutableInvoker.invoke(InterceptingExecutableInvoker.java:93)
	at org.junit.jupiter.engine.execution.InterceptingExecutableInvoker.invoke(InterceptingExecutableInvoker.java:87)
	at org.junit.jupiter.engine.descriptor.TestMethodTestDescriptor.lambda$invokeTestMethod$4(TestMethodTestDescriptor.java:221)
	at org.junit.platform.engine.support.hierarchical.ThrowableCollector.execute(ThrowableCollector.java:73)
	at org.junit.jupiter.engine.descriptor.TestMethodTestDescriptor.invokeTestMethod(TestMethodTestDescriptor.java:217)
	at org.junit.jupiter.engine.descriptor.TestMethodTestDescriptor.execute(TestMethodTestDescriptor.java:159)
	at org.junit.jupiter.engine.descriptor.TestMethodTestDescriptor.execute(TestMethodTestDescriptor.java:70)
	at org.junit.platform.engine.support.hierarchical.NodeTestTask.lambda$executeRecursively$6(NodeTestTask.java:157)
	at org.junit.platform.engine.support.hierarchical.ThrowableCollector.execute(ThrowableCollector.java:73)
	at org.junit.platform.engine.support.hierarchical.NodeTestTask.lambda$executeRecursively$8(NodeTestTask.java:147)
	at org.junit.platform.engine.support.hierarchical.Node.around(Node.java:137)
	at org.junit.platform.engine.support.hierarchical.NodeTestTask.lambda$executeRecursively$9(NodeTestTask.java:145)
	at org.junit.platform.engine.support.hierarchical.ThrowableCollector.execute(ThrowableCollector.java:73)
	at org.junit.platform.engine.support.hierarchical.NodeTestTask.executeRecursively(NodeTestTask.java:144)
	at org.junit.platform.engine.support.hierarchical.NodeTestTask.execute(NodeTestTask.java:101)
	at org.junit.platform.engine.support.hierarchical.ForkJoinPoolHierarchicalTestExecutorService$ExclusiveTask.exec(ForkJoinPoolHierarchicalTestExecutorService.java:274)
	at org.junit.platform.engine.support.hierarchical.ForkJoinPoolHierarchicalTestExecutorService$ExclusiveTask.execSync(ForkJoinPoolHierarchicalTestExecutorService.java:247)
	at org.junit.platform.engine.support.hierarchical.ForkJoinPoolHierarchicalTestExecutorService.executeSync(ForkJoinPoolHierarchicalTestExecutorService.java:194)
	at org.junit.platform.engine.support.hierarchical.ForkJoinPoolHierarchicalTestExecutorService.invokeAll(ForkJoinPoolHierarchicalTestExecutorService.java:166)
	at org.junit.platform.engine.support.hierarchical.NodeTestTask.lambda$executeRecursively$6(NodeTestTask.java:161)
	at org.junit.platform.engine.support.hierarchical.ThrowableCollector.execute(ThrowableCollector.java:73)
	at org.junit.platform.engine.support.hierarchical.NodeTestTask.lambda$executeRecursively$8(NodeTestTask.java:147)
	at org.junit.platform.engine.support.hierarchical.Node.around(Node.java:137)
	at org.junit.platform.engine.support.hierarchical.NodeTestTask.lambda$executeRecursively$9(NodeTestTask.java:145)
	at org.junit.platform.engine.support.hierarchical.ThrowableCollector.execute(ThrowableCollector.java:73)
	at org.junit.platform.engine.support.hierarchical.NodeTestTask.executeRecursively(NodeTestTask.java:144)
	at org.junit.platform.engine.support.hierarchical.NodeTestTask.execute(NodeTestTask.java:101)
	at org.junit.platform.engine.support.hierarchical.ForkJoinPoolHierarchicalTestExecutorService$ExclusiveTask.exec(ForkJoinPoolHierarchicalTestExecutorService.java:274)
	at org.junit.platform.engine.support.hierarchical.ForkJoinPoolHierarchicalTestExecutorService$ExclusiveTask.execSync(ForkJoinPoolHierarchicalTestExecutorService.java:247)
	at org.junit.platform.engine.support.hierarchical.ForkJoinPoolHierarchicalTestExecutorService.invokeAll(ForkJoinPoolHierarchicalTestExecutorService.java:159)
	at org.junit.platform.engine.support.hierarchical.NodeTestTask.lambda$executeRecursively$6(NodeTestTask.java:161)
	at org.junit.platform.engine.support.hierarchical.ThrowableCollector.execute(ThrowableCollector.java:73)
	at org.junit.platform.engine.support.hierarchical.NodeTestTask.lambda$executeRecursively$8(NodeTestTask.java:147)
	at org.junit.platform.engine.support.hierarchical.Node.around(Node.java:137)
	at org.junit.platform.engine.support.hierarchical.NodeTestTask.lambda$executeRecursively$9(NodeTestTask.java:145)
	at org.junit.platform.engine.support.hierarchical.ThrowableCollector.execute(ThrowableCollector.java:73)
	at org.junit.platform.engine.support.hierarchical.NodeTestTask.executeRecursively(NodeTestTask.java:144)
	at org.junit.platform.engine.support.hierarchical.NodeTestTask.execute(NodeTestTask.java:101)
	at org.junit.platform.engine.support.hierarchical.ForkJoinPoolHierarchicalTestExecutorService$ExclusiveTask.exec(ForkJoinPoolHierarchicalTestExecutorService.java:274)
	at java.base/java.util.concurrent.ForkJoinTask.doExec(ForkJoinTask.java:387)
	at java.base/java.util.concurrent.ForkJoinPool$WorkQueue.topLevelExec(ForkJoinPool.java:1312)
	at java.base/java.util.concurrent.ForkJoinPool.scan(ForkJoinPool.java:1843)
	at java.base/java.util.concurrent.ForkJoinPool.runWorker(ForkJoinPool.java:1808)
	at java.base/java.util.concurrent.ForkJoinWorkerThread.run(ForkJoinWorkerThread.java:188)
2025-10-16 19:49:13,027 [ForkJoinPool-1-worker-1] WARN  scm.XceiverClientGrpc (XceiverClientGrpc.java:sendCommandWithRetry(500)) - Failed to execute command ReadChunk on the pipeline Pipeline{ Id: 8f9acfe3-5569-4a29-b935-ee898a0a2821, Nodes: [ {8a0fa2ff-b550-4652-b2fe-0cf91cd4a157(localhost/127.0.0.1), ReplicaIndex: 0}, {76d4ba71-5bbb-4b24-8f51-8bc7f78aaca4(localhost/127.0.0.1), ReplicaIndex: 0}, {e072d245-7694-4d97-8e20-c503ebf8c2fe(localhost/127.0.0.1), ReplicaIndex: 0},], ReplicationConfig: STANDALONE/THREE, State:OPEN, leaderId:e072d245-7694-4d97-8e20-c503ebf8c2fe, CreationTimestamp2025-10-16T19:47:26.320Z[Etc/UTC]}.
2025-10-16 19:49:13,027 [ForkJoinPool-1-worker-1] WARN  storage.ContainerProtocolCalls (ContainerProtocolCalls.java:tryEachDatanode(169)) - Failed to read chunk 115816896921600519_chunk_1 (len=12) containerID: 14
localID: 115816896921600519
blockCommitSequenceId: 189
 from 76d4ba71-5bbb-4b24-8f51-8bc7f78aaca4(localhost/127.0.0.1); will try another datanode.
org.apache.hadoop.ozone.common.OzoneChecksumException: Checksum mismatched: this.checksums(0) != that.checksums(0), thisStartIndex=0, this=ChecksumData{CRC32, bytesPerChecksum=16384, checksums=[EF D2 EC 2F]}, that=ChecksumData{CRC32, bytesPerChecksum=16384, checksums=[B5 48 85 73]}
	at org.apache.hadoop.ozone.common.ChecksumData.verifyChecksumDataMatches(ChecksumData.java:127)
	at org.apache.hadoop.ozone.common.Checksum.verifyChecksum(Checksum.java:306)
	at org.apache.hadoop.ozone.common.Checksum.verifyChecksum(Checksum.java:282)
	at org.apache.hadoop.ozone.common.Checksum.verifyChecksum(Checksum.java:330)
	at org.apache.hadoop.hdds.scm.storage.ChunkInputStream.validateChunk(ChunkInputStream.java:500)
	at org.apache.hadoop.hdds.scm.XceiverClientGrpc.sendCommandWithRetry(XceiverClientGrpc.java:457)
	at org.apache.hadoop.hdds.scm.XceiverClientGrpc.lambda$sendCommandWithTraceIDAndRetry$1(XceiverClientGrpc.java:383)
	at org.apache.hadoop.hdds.tracing.TracingUtil.executeInSpan(TracingUtil.java:205)
	at org.apache.hadoop.hdds.tracing.TracingUtil.executeInNewSpan(TracingUtil.java:195)
	at org.apache.hadoop.hdds.scm.XceiverClientGrpc.sendCommandWithTraceIDAndRetry(XceiverClientGrpc.java:375)
	at org.apache.hadoop.hdds.scm.XceiverClientGrpc.sendCommand(XceiverClientGrpc.java:356)
	at org.apache.hadoop.hdds.scm.storage.ContainerProtocolCalls.readChunk(ContainerProtocolCalls.java:397)
	at org.apache.hadoop.hdds.scm.storage.ContainerProtocolCalls.lambda$readChunk$2(ContainerProtocolCalls.java:379)
	at org.apache.hadoop.hdds.scm.storage.ContainerProtocolCalls.tryEachDatanode(ContainerProtocolCalls.java:154)
	at org.apache.hadoop.hdds.scm.storage.ContainerProtocolCalls.readChunk(ContainerProtocolCalls.java:378)
	at org.apache.hadoop.hdds.scm.storage.ChunkInputStream.readChunk(ChunkInputStream.java:440)
	at org.apache.hadoop.hdds.scm.storage.ChunkInputStream.readChunkDataIntoBuffers(ChunkInputStream.java:417)
	at org.apache.hadoop.hdds.scm.storage.ChunkInputStream.readChunkFromContainer(ChunkInputStream.java:402)
	at org.apache.hadoop.hdds.scm.storage.ChunkInputStream.prepareRead(ChunkInputStream.java:344)
	at org.apache.hadoop.hdds.scm.storage.ChunkInputStream.read(ChunkInputStream.java:174)
	at org.apache.hadoop.hdds.scm.storage.ByteArrayReader.readFromBlock(ByteArrayReader.java:51)
	at org.apache.hadoop.hdds.scm.storage.BlockInputStream.readWithStrategy(BlockInputStream.java:376)
	at org.apache.hadoop.hdds.scm.storage.ExtendedInputStream.read(ExtendedInputStream.java:55)
	at org.apache.hadoop.hdds.scm.storage.ByteArrayReader.readFromBlock(ByteArrayReader.java:51)
	at org.apache.hadoop.hdds.scm.storage.MultipartInputStream.readWithStrategy(MultipartInputStream.java:96)
	at org.apache.hadoop.hdds.scm.storage.ExtendedInputStream.read(ExtendedInputStream.java:55)
	at org.apache.hadoop.ozone.client.io.OzoneInputStream.read(OzoneInputStream.java:56)
	at org.apache.commons.io.IOUtils.read(IOUtils.java:1955)
	at org.apache.commons.io.IOUtils.read(IOUtils.java:1931)
	at org.apache.commons.io.IOUtils.readFully(IOUtils.java:2075)
	at org.apache.commons.io.IOUtils.readFully(IOUtils.java:2053)
	at org.apache.hadoop.ozone.client.rpc.OzoneRpcClientTests.lambda$testReadKeyWithCorruptedDataWithMutiNodes$55(OzoneRpcClientTests.java:2539)
	at org.junit.jupiter.api.AssertThrows.assertThrows(AssertThrows.java:53)
	at org.junit.jupiter.api.AssertThrows.assertThrows(AssertThrows.java:35)
	at org.junit.jupiter.api.Assertions.assertThrows(Assertions.java:3128)
	at org.apache.hadoop.ozone.client.rpc.OzoneRpcClientTests.testReadKeyWithCorruptedDataWithMutiNodes(OzoneRpcClientTests.java:2536)
	at java.base/jdk.internal.reflect.DirectMethodHandleAccessor.invoke(DirectMethodHandleAccessor.java:103)
	at java.base/java.lang.reflect.Method.invoke(Method.java:580)
	at org.junit.platform.commons.util.ReflectionUtils.invokeMethod(ReflectionUtils.java:786)
	at org.junit.platform.commons.support.ReflectionSupport.invokeMethod(ReflectionSupport.java:514)
	at org.junit.jupiter.engine.execution.MethodInvocation.proceed(MethodInvocation.java:60)
	at org.junit.jupiter.engine.execution.InvocationInterceptorChain$ValidatingInvocation.proceed(InvocationInterceptorChain.java:131)
	at org.junit.jupiter.engine.extension.SameThreadTimeoutInvocation.proceed(SameThreadTimeoutInvocation.java:49)
	at org.junit.jupiter.engine.extension.TimeoutExtension.intercept(TimeoutExtension.java:161)
	at org.junit.jupiter.engine.extension.TimeoutExtension.interceptTestableMethod(TimeoutExtension.java:152)
	at org.junit.jupiter.engine.extension.TimeoutExtension.interceptTestMethod(TimeoutExtension.java:91)
	at org.junit.jupiter.engine.execution.InterceptingExecutableInvoker$ReflectiveInterceptorCall.lambda$ofVoidMethod$0(InterceptingExecutableInvoker.java:112)
	at org.junit.jupiter.engine.execution.InterceptingExecutableInvoker.lambda$invoke$0(InterceptingExecutableInvoker.java:94)
	at org.junit.jupiter.engine.execution.InvocationInterceptorChain$InterceptedInvocation.proceed(InvocationInterceptorChain.java:106)
	at org.junit.jupiter.engine.execution.InvocationInterceptorChain.proceed(InvocationInterceptorChain.java:64)
	at org.junit.jupiter.engine.execution.InvocationInterceptorChain.chainAndInvoke(InvocationInterceptorChain.java:45)
	at org.junit.jupiter.engine.execution.InvocationInterceptorChain.invoke(InvocationInterceptorChain.java:37)
	at org.junit.jupiter.engine.execution.InterceptingExecutableInvoker.invoke(InterceptingExecutableInvoker.java:93)
	at org.junit.jupiter.engine.execution.InterceptingExecutableInvoker.invoke(InterceptingExecutableInvoker.java:87)
	at org.junit.jupiter.engine.descriptor.TestMethodTestDescriptor.lambda$invokeTestMethod$4(TestMethodTestDescriptor.java:221)
	at org.junit.platform.engine.support.hierarchical.ThrowableCollector.execute(ThrowableCollector.java:73)
	at org.junit.jupiter.engine.descriptor.TestMethodTestDescriptor.invokeTestMethod(TestMethodTestDescriptor.java:217)
	at org.junit.jupiter.engine.descriptor.TestMethodTestDescriptor.execute(TestMethodTestDescriptor.java:159)
	at org.junit.jupiter.engine.descriptor.TestMethodTestDescriptor.execute(TestMethodTestDescriptor.java:70)
	at org.junit.platform.engine.support.hierarchical.NodeTestTask.lambda$executeRecursively$6(NodeTestTask.java:157)
	at org.junit.platform.engine.support.hierarchical.ThrowableCollector.execute(ThrowableCollector.java:73)
	at org.junit.platform.engine.support.hierarchical.NodeTestTask.lambda$executeRecursively$8(NodeTestTask.java:147)
	at org.junit.platform.engine.support.hierarchical.Node.around(Node.java:137)
	at org.junit.platform.engine.support.hierarchical.NodeTestTask.lambda$executeRecursively$9(NodeTestTask.java:145)
	at org.junit.platform.engine.support.hierarchical.ThrowableCollector.execute(ThrowableCollector.java:73)
	at org.junit.platform.engine.support.hierarchical.NodeTestTask.executeRecursively(NodeTestTask.java:144)
	at org.junit.platform.engine.support.hierarchical.NodeTestTask.execute(NodeTestTask.java:101)
	at org.junit.platform.engine.support.hierarchical.ForkJoinPoolHierarchicalTestExecutorService$ExclusiveTask.exec(ForkJoinPoolHierarchicalTestExecutorService.java:274)
	at org.junit.platform.engine.support.hierarchical.ForkJoinPoolHierarchicalTestExecutorService$ExclusiveTask.execSync(ForkJoinPoolHierarchicalTestExecutorService.java:247)
	at org.junit.platform.engine.support.hierarchical.ForkJoinPoolHierarchicalTestExecutorService.executeSync(ForkJoinPoolHierarchicalTestExecutorService.java:194)
	at org.junit.platform.engine.support.hierarchical.ForkJoinPoolHierarchicalTestExecutorService.invokeAll(ForkJoinPoolHierarchicalTestExecutorService.java:166)
	at org.junit.platform.engine.support.hierarchical.NodeTestTask.lambda$executeRecursively$6(NodeTestTask.java:161)
	at org.junit.platform.engine.support.hierarchical.ThrowableCollector.execute(ThrowableCollector.java:73)
	at org.junit.platform.engine.support.hierarchical.NodeTestTask.lambda$executeRecursively$8(NodeTestTask.java:147)
	at org.junit.platform.engine.support.hierarchical.Node.around(Node.java:137)
	at org.junit.platform.engine.support.hierarchical.NodeTestTask.lambda$executeRecursively$9(NodeTestTask.java:145)
	at org.junit.platform.engine.support.hierarchical.ThrowableCollector.execute(ThrowableCollector.java:73)
	at org.junit.platform.engine.support.hierarchical.NodeTestTask.executeRecursively(NodeTestTask.java:144)
	at org.junit.platform.engine.support.hierarchical.NodeTestTask.execute(NodeTestTask.java:101)
	at org.junit.platform.engine.support.hierarchical.ForkJoinPoolHierarchicalTestExecutorService$ExclusiveTask.exec(ForkJoinPoolHierarchicalTestExecutorService.java:274)
	at org.junit.platform.engine.support.hierarchical.ForkJoinPoolHierarchicalTestExecutorService$ExclusiveTask.execSync(ForkJoinPoolHierarchicalTestExecutorService.java:247)
	at org.junit.platform.engine.support.hierarchical.ForkJoinPoolHierarchicalTestExecutorService.invokeAll(ForkJoinPoolHierarchicalTestExecutorService.java:159)
	at org.junit.platform.engine.support.hierarchical.NodeTestTask.lambda$executeRecursively$6(NodeTestTask.java:161)
	at org.junit.platform.engine.support.hierarchical.ThrowableCollector.execute(ThrowableCollector.java:73)
	at org.junit.platform.engine.support.hierarchical.NodeTestTask.lambda$executeRecursively$8(NodeTestTask.java:147)
	at org.junit.platform.engine.support.hierarchical.Node.around(Node.java:137)
	at org.junit.platform.engine.support.hierarchical.NodeTestTask.lambda$executeRecursively$9(NodeTestTask.java:145)
	at org.junit.platform.engine.support.hierarchical.ThrowableCollector.execute(ThrowableCollector.java:73)
	at org.junit.platform.engine.support.hierarchical.NodeTestTask.executeRecursively(NodeTestTask.java:144)
	at org.junit.platform.engine.support.hierarchical.NodeTestTask.execute(NodeTestTask.java:101)
	at org.junit.platform.engine.support.hierarchical.ForkJoinPoolHierarchicalTestExecutorService$ExclusiveTask.exec(ForkJoinPoolHierarchicalTestExecutorService.java:274)
	at java.base/java.util.concurrent.ForkJoinTask.doExec(ForkJoinTask.java:387)
	at java.base/java.util.concurrent.ForkJoinPool$WorkQueue.topLevelExec(ForkJoinPool.java:1312)
	at java.base/java.util.concurrent.ForkJoinPool.scan(ForkJoinPool.java:1843)
	at java.base/java.util.concurrent.ForkJoinPool.runWorker(ForkJoinPool.java:1808)
	at java.base/java.util.concurrent.ForkJoinWorkerThread.run(ForkJoinWorkerThread.java:188)
2025-10-16 19:49:13,031 [ForkJoinPool-1-worker-1] WARN  scm.XceiverClientGrpc (XceiverClientGrpc.java:sendCommandWithRetry(500)) - Failed to execute command ReadChunk on the pipeline Pipeline{ Id: 8f9acfe3-5569-4a29-b935-ee898a0a2821, Nodes: [ {8a0fa2ff-b550-4652-b2fe-0cf91cd4a157(localhost/127.0.0.1), ReplicaIndex: 0}, {76d4ba71-5bbb-4b24-8f51-8bc7f78aaca4(localhost/127.0.0.1), ReplicaIndex: 0}, {e072d245-7694-4d97-8e20-c503ebf8c2fe(localhost/127.0.0.1), ReplicaIndex: 0},], ReplicationConfig: STANDALONE/THREE, State:OPEN, leaderId:e072d245-7694-4d97-8e20-c503ebf8c2fe, CreationTimestamp2025-10-16T19:47:26.320Z[Etc/UTC]}.
2025-10-16 19:49:13,768 | INFO  | SCMAudit | user=runner | ip=127.0.0.1 | op=SEND_HEARTBEAT {"datanodeUUID":"702cb173-5c73-4ecc-b5cd-c7b4a6b66aea","term":"2","command":"[]"} | ret=SUCCESS |  
2025-10-16 19:49:13,768 [EventQueue-PipelineActionsForPipelineActionHandler] INFO  pipeline.PipelineActionHandler (PipelineActionHandler.java:processPipelineAction(89)) - Received pipeline action CLOSE for Pipeline-a6d455ad-cb8f-42d4-aaf7-6ca5f15a0415 from datanode 702cb173-5c73-4ecc-b5cd-c7b4a6b66aea(localhost/127.0.0.1). Reason : Ratis Transaction failure in datanode 702cb173-5c73-4ecc-b5cd-c7b4a6b66aea with role FOLLOWER .Triggering pipeline close action.
2025-10-16 19:49:13,768 [EventQueue-PipelineActionsForPipelineActionHandler] INFO  pipeline.PipelineActionHandler (PipelineActionHandler.java:processPipelineAction(89)) - Received pipeline action CLOSE for Pipeline-36270c74-4c8b-4dac-af71-cdbac21eb987 from datanode 702cb173-5c73-4ecc-b5cd-c7b4a6b66aea(localhost/127.0.0.1). Reason : Ratis Transaction failure in datanode 702cb173-5c73-4ecc-b5cd-c7b4a6b66aea with role LEADER .Triggering pipeline close action.
2025-10-16 19:49:13,769 | INFO  | SCMAudit | user=runner | ip=127.0.0.1 | op=SEND_HEARTBEAT {"datanodeUUID":"c0724e9c-0dd4-4d47-992c-7bfe285fdd38","term":"2","command":"[]"} | ret=SUCCESS |  
2025-10-16 19:49:13,770 | INFO  | SCMAudit | user=runner | ip=127.0.0.1 | op=SEND_HEARTBEAT {"datanodeUUID":"58cff6b7-b2a7-446b-a75a-bb98ad6b11b8","term":"2","command":"[]"} | ret=SUCCESS |  
2025-10-16 19:49:13,770 | INFO  | SCMAudit | user=runner | ip=127.0.0.1 | op=SEND_HEARTBEAT {"datanodeUUID":"0e8b6cc7-9945-4141-97fc-6aa017a0d5fa","term":"2","command":"[]"} | ret=SUCCESS |  
2025-10-16 19:49:13,770 [EventQueue-PipelineActionsForPipelineActionHandler] INFO  pipeline.PipelineActionHandler (PipelineActionHandler.java:processPipelineAction(89)) - Received pipeline action CLOSE for Pipeline-a6d455ad-cb8f-42d4-aaf7-6ca5f15a0415 from datanode 0e8b6cc7-9945-4141-97fc-6aa017a0d5fa(localhost/127.0.0.1). Reason : Ratis Transaction failure in datanode 0e8b6cc7-9945-4141-97fc-6aa017a0d5fa with role FOLLOWER .Triggering pipeline close action.
2025-10-16 19:49:13,770 [EventQueue-PipelineActionsForPipelineActionHandler] INFO  pipeline.PipelineActionHandler (PipelineActionHandler.java:processPipelineAction(89)) - Received pipeline action CLOSE for Pipeline-36270c74-4c8b-4dac-af71-cdbac21eb987 from datanode 0e8b6cc7-9945-4141-97fc-6aa017a0d5fa(localhost/127.0.0.1). Reason : Ratis Transaction failure in datanode 0e8b6cc7-9945-4141-97fc-6aa017a0d5fa with role FOLLOWER .Triggering pipeline close action.
2025-10-16 19:49:13,771 | INFO  | SCMAudit | user=runner | ip=127.0.0.1 | op=SEND_HEARTBEAT {"datanodeUUID":"8a3c3252-9afe-4d3a-8492-25be6557678a","term":"2","command":"[]"} | ret=SUCCESS |  
2025-10-16 19:49:13,794 | INFO  | SCMAudit | user=runner | ip=127.0.0.1 | op=SEND_HEARTBEAT {"datanodeUUID":"f700af26-0e26-4136-9205-9509c82c8c70","term":"2","command":"[]"} | ret=SUCCESS |  
2025-10-16 19:49:13,794 | INFO  | SCMAudit | user=runner | ip=127.0.0.1 | op=SEND_HEARTBEAT {"datanodeUUID":"764b18f0-81c5-439a-9fff-25adc4f241fa","term":"2","command":"[]"} | ret=SUCCESS |  
2025-10-16 19:49:13,797 | INFO  | SCMAudit | user=runner | ip=127.0.0.1 | op=SEND_HEARTBEAT {"datanodeUUID":"0428ab3f-efd5-438e-ae11-9ec242443260","term":"2","command":"[]"} | ret=SUCCESS |  
2025-10-16 19:49:13,799 | INFO  | SCMAudit | user=runner | ip=127.0.0.1 | op=SEND_HEARTBEAT {"datanodeUUID":"76d4ba71-5bbb-4b24-8f51-8bc7f78aaca4","term":"2","command":"[]"} | ret=SUCCESS |  
2025-10-16 19:49:13,799 [EventQueue-PipelineActionsForPipelineActionHandler] INFO  pipeline.PipelineActionHandler (PipelineActionHandler.java:processPipelineAction(89)) - Received pipeline action CLOSE for Pipeline-36c7da6a-14e2-433e-b882-35c832a27f16 from datanode 76d4ba71-5bbb-4b24-8f51-8bc7f78aaca4(localhost/127.0.0.1). Reason : Ratis Transaction failure in datanode 76d4ba71-5bbb-4b24-8f51-8bc7f78aaca4 with role LEADER .Triggering pipeline close action.
2025-10-16 19:49:13,801 | INFO  | SCMAudit | user=runner | ip=127.0.0.1 | op=SEND_HEARTBEAT {"datanodeUUID":"aa213937-adc5-47da-a770-0ee1e4664344","term":"2","command":"[]"} | ret=SUCCESS |  
2025-10-16 19:49:13,803 | INFO  | SCMAudit | user=runner | ip=127.0.0.1 | op=SEND_HEARTBEAT {"datanodeUUID":"e33e6ec4-6b66-4281-bedd-2bd75bd30070","term":"2","command":"[]"} | ret=SUCCESS |  
2025-10-16 19:49:13,803 [EventQueue-PipelineActionsForPipelineActionHandler] INFO  pipeline.PipelineActionHandler (PipelineActionHandler.java:processPipelineAction(89)) - Received pipeline action CLOSE for Pipeline-a6d455ad-cb8f-42d4-aaf7-6ca5f15a0415 from datanode e33e6ec4-6b66-4281-bedd-2bd75bd30070(localhost/127.0.0.1). Reason : Ratis Transaction failure in datanode e33e6ec4-6b66-4281-bedd-2bd75bd30070 with role LEADER .Triggering pipeline close action.
2025-10-16 19:49:13,803 [EventQueue-PipelineActionsForPipelineActionHandler] INFO  pipeline.PipelineActionHandler (PipelineActionHandler.java:processPipelineAction(89)) - Received pipeline action CLOSE for Pipeline-36270c74-4c8b-4dac-af71-cdbac21eb987 from datanode e33e6ec4-6b66-4281-bedd-2bd75bd30070(localhost/127.0.0.1). Reason : Ratis Transaction failure in datanode e33e6ec4-6b66-4281-bedd-2bd75bd30070 with role FOLLOWER .Triggering pipeline close action.
2025-10-16 19:49:13,805 | INFO  | SCMAudit | user=runner | ip=127.0.0.1 | op=SEND_HEARTBEAT {"datanodeUUID":"8a0fa2ff-b550-4652-b2fe-0cf91cd4a157","term":"2","command":"[]"} | ret=SUCCESS |  
2025-10-16 19:49:13,805 [EventQueue-PipelineActionsForPipelineActionHandler] INFO  pipeline.PipelineActionHandler (PipelineActionHandler.java:processPipelineAction(89)) - Received pipeline action CLOSE for Pipeline-36c7da6a-14e2-433e-b882-35c832a27f16 from datanode 8a0fa2ff-b550-4652-b2fe-0cf91cd4a157(localhost/127.0.0.1). Reason : Ratis Transaction failure in datanode 8a0fa2ff-b550-4652-b2fe-0cf91cd4a157 with role FOLLOWER .Triggering pipeline close action.
2025-10-16 19:49:13,805 | INFO  | SCMAudit | user=runner | ip=127.0.0.1 | op=SEND_HEARTBEAT {"datanodeUUID":"e072d245-7694-4d97-8e20-c503ebf8c2fe","term":"2","command":"[]"} | ret=SUCCESS |  
2025-10-16 19:49:13,805 [EventQueue-PipelineActionsForPipelineActionHandler] INFO  pipeline.PipelineActionHandler (PipelineActionHandler.java:processPipelineAction(89)) - Received pipeline action CLOSE for Pipeline-36c7da6a-14e2-433e-b882-35c832a27f16 from datanode e072d245-7694-4d97-8e20-c503ebf8c2fe(localhost/127.0.0.1). Reason : Ratis Transaction failure in datanode e072d245-7694-4d97-8e20-c503ebf8c2fe with role FOLLOWER .Triggering pipeline close action.
2025-10-16 19:49:13,806 | INFO  | SCMAudit | user=runner | ip=127.0.0.1 | op=SEND_HEARTBEAT {"datanodeUUID":"757ca056-973f-4f05-ab2d-6aff6c54d452","term":"2","command":"[]"} | ret=SUCCESS |  
2025-10-16 19:49:14,034 [ForkJoinPool-1-worker-1] WARN  scm.XceiverClientGrpc (XceiverClientGrpc.java:sendCommandWithRetry(500)) - Failed to execute command ReadChunk on the pipeline Pipeline{ Id: 8f9acfe3-5569-4a29-b935-ee898a0a2821, Nodes: [ {8a0fa2ff-b550-4652-b2fe-0cf91cd4a157(localhost/127.0.0.1), ReplicaIndex: 0}, {76d4ba71-5bbb-4b24-8f51-8bc7f78aaca4(localhost/127.0.0.1), ReplicaIndex: 0}, {e072d245-7694-4d97-8e20-c503ebf8c2fe(localhost/127.0.0.1), ReplicaIndex: 0},], ReplicationConfig: STANDALONE/THREE, State:OPEN, leaderId:e072d245-7694-4d97-8e20-c503ebf8c2fe, CreationTimestamp2025-10-16T19:47:26.320Z[Etc/UTC]}.
2025-10-16 19:49:14,034 [ForkJoinPool-1-worker-1] WARN  storage.ContainerProtocolCalls (ContainerProtocolCalls.java:tryEachDatanode(169)) - Failed to read chunk 115816896921600519_chunk_1 (len=12) containerID: 14
localID: 115816896921600519
blockCommitSequenceId: 189
 from 8a0fa2ff-b550-4652-b2fe-0cf91cd4a157(localhost/127.0.0.1); will try another datanode.
org.apache.hadoop.ozone.common.OzoneChecksumException: Checksum mismatched: this.checksums(0) != that.checksums(0), thisStartIndex=0, this=ChecksumData{CRC32, bytesPerChecksum=16384, checksums=[EF D2 EC 2F]}, that=ChecksumData{CRC32, bytesPerChecksum=16384, checksums=[B5 48 85 73]}
	at org.apache.hadoop.ozone.common.ChecksumData.verifyChecksumDataMatches(ChecksumData.java:127)
	at org.apache.hadoop.ozone.common.Checksum.verifyChecksum(Checksum.java:306)
	at org.apache.hadoop.ozone.common.Checksum.verifyChecksum(Checksum.java:282)
	at org.apache.hadoop.ozone.common.Checksum.verifyChecksum(Checksum.java:330)
	at org.apache.hadoop.hdds.scm.storage.ChunkInputStream.validateChunk(ChunkInputStream.java:500)
	at org.apache.hadoop.hdds.scm.XceiverClientGrpc.sendCommandWithRetry(XceiverClientGrpc.java:457)
	at org.apache.hadoop.hdds.scm.XceiverClientGrpc.lambda$sendCommandWithTraceIDAndRetry$1(XceiverClientGrpc.java:383)
	at org.apache.hadoop.hdds.tracing.TracingUtil.executeInSpan(TracingUtil.java:205)
	at org.apache.hadoop.hdds.tracing.TracingUtil.executeInNewSpan(TracingUtil.java:195)
	at org.apache.hadoop.hdds.scm.XceiverClientGrpc.sendCommandWithTraceIDAndRetry(XceiverClientGrpc.java:375)
	at org.apache.hadoop.hdds.scm.XceiverClientGrpc.sendCommand(XceiverClientGrpc.java:356)
	at org.apache.hadoop.hdds.scm.storage.ContainerProtocolCalls.readChunk(ContainerProtocolCalls.java:397)
	at org.apache.hadoop.hdds.scm.storage.ContainerProtocolCalls.lambda$readChunk$2(ContainerProtocolCalls.java:379)
	at org.apache.hadoop.hdds.scm.storage.ContainerProtocolCalls.tryEachDatanode(ContainerProtocolCalls.java:154)
	at org.apache.hadoop.hdds.scm.storage.ContainerProtocolCalls.readChunk(ContainerProtocolCalls.java:378)
	at org.apache.hadoop.hdds.scm.storage.ChunkInputStream.readChunk(ChunkInputStream.java:440)
	at org.apache.hadoop.hdds.scm.storage.ChunkInputStream.readChunkDataIntoBuffers(ChunkInputStream.java:417)
	at org.apache.hadoop.hdds.scm.storage.ChunkInputStream.readChunkFromContainer(ChunkInputStream.java:402)
	at org.apache.hadoop.hdds.scm.storage.ChunkInputStream.prepareRead(ChunkInputStream.java:334)
	at org.apache.hadoop.hdds.scm.storage.ChunkInputStream.read(ChunkInputStream.java:174)
	at org.apache.hadoop.hdds.scm.storage.ByteArrayReader.readFromBlock(ByteArrayReader.java:51)
	at org.apache.hadoop.hdds.scm.storage.BlockInputStream.readWithStrategy(BlockInputStream.java:376)
	at org.apache.hadoop.hdds.scm.storage.ExtendedInputStream.read(ExtendedInputStream.java:55)
	at org.apache.hadoop.hdds.scm.storage.ByteArrayReader.readFromBlock(ByteArrayReader.java:51)
	at org.apache.hadoop.hdds.scm.storage.MultipartInputStream.readWithStrategy(MultipartInputStream.java:96)
	at org.apache.hadoop.hdds.scm.storage.ExtendedInputStream.read(ExtendedInputStream.java:55)
	at org.apache.hadoop.ozone.client.io.OzoneInputStream.read(OzoneInputStream.java:56)
	at org.apache.commons.io.IOUtils.read(IOUtils.java:1955)
	at org.apache.commons.io.IOUtils.read(IOUtils.java:1931)
	at org.apache.commons.io.IOUtils.readFully(IOUtils.java:2075)
	at org.apache.commons.io.IOUtils.readFully(IOUtils.java:2053)
	at org.apache.hadoop.ozone.client.rpc.OzoneRpcClientTests.lambda$testReadKeyWithCorruptedDataWithMutiNodes$55(OzoneRpcClientTests.java:2539)
	at org.junit.jupiter.api.AssertThrows.assertThrows(AssertThrows.java:53)
	at org.junit.jupiter.api.AssertThrows.assertThrows(AssertThrows.java:35)
	at org.junit.jupiter.api.Assertions.assertThrows(Assertions.java:3128)
	at org.apache.hadoop.ozone.client.rpc.OzoneRpcClientTests.testReadKeyWithCorruptedDataWithMutiNodes(OzoneRpcClientTests.java:2536)
	at java.base/jdk.internal.reflect.DirectMethodHandleAccessor.invoke(DirectMethodHandleAccessor.java:103)
	at java.base/java.lang.reflect.Method.invoke(Method.java:580)
	at org.junit.platform.commons.util.ReflectionUtils.invokeMethod(ReflectionUtils.java:786)
	at org.junit.platform.commons.support.ReflectionSupport.invokeMethod(ReflectionSupport.java:514)
	at org.junit.jupiter.engine.execution.MethodInvocation.proceed(MethodInvocation.java:60)
	at org.junit.jupiter.engine.execution.InvocationInterceptorChain$ValidatingInvocation.proceed(InvocationInterceptorChain.java:131)
	at org.junit.jupiter.engine.extension.SameThreadTimeoutInvocation.proceed(SameThreadTimeoutInvocation.java:49)
	at org.junit.jupiter.engine.extension.TimeoutExtension.intercept(TimeoutExtension.java:161)
	at org.junit.jupiter.engine.extension.TimeoutExtension.interceptTestableMethod(TimeoutExtension.java:152)
	at org.junit.jupiter.engine.extension.TimeoutExtension.interceptTestMethod(TimeoutExtension.java:91)
	at org.junit.jupiter.engine.execution.InterceptingExecutableInvoker$ReflectiveInterceptorCall.lambda$ofVoidMethod$0(InterceptingExecutableInvoker.java:112)
	at org.junit.jupiter.engine.execution.InterceptingExecutableInvoker.lambda$invoke$0(InterceptingExecutableInvoker.java:94)
	at org.junit.jupiter.engine.execution.InvocationInterceptorChain$InterceptedInvocation.proceed(InvocationInterceptorChain.java:106)
	at org.junit.jupiter.engine.execution.InvocationInterceptorChain.proceed(InvocationInterceptorChain.java:64)
	at org.junit.jupiter.engine.execution.InvocationInterceptorChain.chainAndInvoke(InvocationInterceptorChain.java:45)
	at org.junit.jupiter.engine.execution.InvocationInterceptorChain.invoke(InvocationInterceptorChain.java:37)
	at org.junit.jupiter.engine.execution.InterceptingExecutableInvoker.invoke(InterceptingExecutableInvoker.java:93)
	at org.junit.jupiter.engine.execution.InterceptingExecutableInvoker.invoke(InterceptingExecutableInvoker.java:87)
	at org.junit.jupiter.engine.descriptor.TestMethodTestDescriptor.lambda$invokeTestMethod$4(TestMethodTestDescriptor.java:221)
	at org.junit.platform.engine.support.hierarchical.ThrowableCollector.execute(ThrowableCollector.java:73)
	at org.junit.jupiter.engine.descriptor.TestMethodTestDescriptor.invokeTestMethod(TestMethodTestDescriptor.java:217)
	at org.junit.jupiter.engine.descriptor.TestMethodTestDescriptor.execute(TestMethodTestDescriptor.java:159)
	at org.junit.jupiter.engine.descriptor.TestMethodTestDescriptor.execute(TestMethodTestDescriptor.java:70)
	at org.junit.platform.engine.support.hierarchical.NodeTestTask.lambda$executeRecursively$6(NodeTestTask.java:157)
	at org.junit.platform.engine.support.hierarchical.ThrowableCollector.execute(ThrowableCollector.java:73)
	at org.junit.platform.engine.support.hierarchical.NodeTestTask.lambda$executeRecursively$8(NodeTestTask.java:147)
	at org.junit.platform.engine.support.hierarchical.Node.around(Node.java:137)
	at org.junit.platform.engine.support.hierarchical.NodeTestTask.lambda$executeRecursively$9(NodeTestTask.java:145)
	at org.junit.platform.engine.support.hierarchical.ThrowableCollector.execute(ThrowableCollector.java:73)
	at org.junit.platform.engine.support.hierarchical.NodeTestTask.executeRecursively(NodeTestTask.java:144)
	at org.junit.platform.engine.support.hierarchical.NodeTestTask.execute(NodeTestTask.java:101)
	at org.junit.platform.engine.support.hierarchical.ForkJoinPoolHierarchicalTestExecutorService$ExclusiveTask.exec(ForkJoinPoolHierarchicalTestExecutorService.java:274)
	at org.junit.platform.engine.support.hierarchical.ForkJoinPoolHierarchicalTestExecutorService$ExclusiveTask.execSync(ForkJoinPoolHierarchicalTestExecutorService.java:247)
	at org.junit.platform.engine.support.hierarchical.ForkJoinPoolHierarchicalTestExecutorService.executeSync(ForkJoinPoolHierarchicalTestExecutorService.java:194)
	at org.junit.platform.engine.support.hierarchical.ForkJoinPoolHierarchicalTestExecutorService.invokeAll(ForkJoinPoolHierarchicalTestExecutorService.java:166)
	at org.junit.platform.engine.support.hierarchical.NodeTestTask.lambda$executeRecursively$6(NodeTestTask.java:161)
	at org.junit.platform.engine.support.hierarchical.ThrowableCollector.execute(ThrowableCollector.java:73)
	at org.junit.platform.engine.support.hierarchical.NodeTestTask.lambda$executeRecursively$8(NodeTestTask.java:147)
	at org.junit.platform.engine.support.hierarchical.Node.around(Node.java:137)
	at org.junit.platform.engine.support.hierarchical.NodeTestTask.lambda$executeRecursively$9(NodeTestTask.java:145)
	at org.junit.platform.engine.support.hierarchical.ThrowableCollector.execute(ThrowableCollector.java:73)
	at org.junit.platform.engine.support.hierarchical.NodeTestTask.executeRecursively(NodeTestTask.java:144)
	at org.junit.platform.engine.support.hierarchical.NodeTestTask.execute(NodeTestTask.java:101)
	at org.junit.platform.engine.support.hierarchical.ForkJoinPoolHierarchicalTestExecutorService$ExclusiveTask.exec(ForkJoinPoolHierarchicalTestExecutorService.java:274)
	at org.junit.platform.engine.support.hierarchical.ForkJoinPoolHierarchicalTestExecutorService$ExclusiveTask.execSync(ForkJoinPoolHierarchicalTestExecutorService.java:247)
	at org.junit.platform.engine.support.hierarchical.ForkJoinPoolHierarchicalTestExecutorService.invokeAll(ForkJoinPoolHierarchicalTestExecutorService.java:159)
	at org.junit.platform.engine.support.hierarchical.NodeTestTask.lambda$executeRecursively$6(NodeTestTask.java:161)
	at org.junit.platform.engine.support.hierarchical.ThrowableCollector.execute(ThrowableCollector.java:73)
	at org.junit.platform.engine.support.hierarchical.NodeTestTask.lambda$executeRecursively$8(NodeTestTask.java:147)
	at org.junit.platform.engine.support.hierarchical.Node.around(Node.java:137)
	at org.junit.platform.engine.support.hierarchical.NodeTestTask.lambda$executeRecursively$9(NodeTestTask.java:145)
	at org.junit.platform.engine.support.hierarchical.ThrowableCollector.execute(ThrowableCollector.java:73)
	at org.junit.platform.engine.support.hierarchical.NodeTestTask.executeRecursively(NodeTestTask.java:144)
	at org.junit.platform.engine.support.hierarchical.NodeTestTask.execute(NodeTestTask.java:101)
	at org.junit.platform.engine.support.hierarchical.ForkJoinPoolHierarchicalTestExecutorService$ExclusiveTask.exec(ForkJoinPoolHierarchicalTestExecutorService.java:274)
	at java.base/java.util.concurrent.ForkJoinTask.doExec(ForkJoinTask.java:387)
	at java.base/java.util.concurrent.ForkJoinPool$WorkQueue.topLevelExec(ForkJoinPool.java:1312)
	at java.base/java.util.concurrent.ForkJoinPool.scan(ForkJoinPool.java:1843)
	at java.base/java.util.concurrent.ForkJoinPool.runWorker(ForkJoinPool.java:1808)
	at java.base/java.util.concurrent.ForkJoinWorkerThread.run(ForkJoinWorkerThread.java:188)
2025-10-16 19:49:14,037 [ForkJoinPool-1-worker-1] WARN  scm.XceiverClientGrpc (XceiverClientGrpc.java:sendCommandWithRetry(500)) - Failed to execute command ReadChunk on the pipeline Pipeline{ Id: 8f9acfe3-5569-4a29-b935-ee898a0a2821, Nodes: [ {8a0fa2ff-b550-4652-b2fe-0cf91cd4a157(localhost/127.0.0.1), ReplicaIndex: 0}, {76d4ba71-5bbb-4b24-8f51-8bc7f78aaca4(localhost/127.0.0.1), ReplicaIndex: 0}, {e072d245-7694-4d97-8e20-c503ebf8c2fe(localhost/127.0.0.1), ReplicaIndex: 0},], ReplicationConfig: STANDALONE/THREE, State:OPEN, leaderId:e072d245-7694-4d97-8e20-c503ebf8c2fe, CreationTimestamp2025-10-16T19:47:26.320Z[Etc/UTC]}.
2025-10-16 19:49:14,037 [ForkJoinPool-1-worker-1] WARN  storage.ContainerProtocolCalls (ContainerProtocolCalls.java:tryEachDatanode(169)) - Failed to read chunk 115816896921600519_chunk_1 (len=12) containerID: 14
localID: 115816896921600519
blockCommitSequenceId: 189
 from 76d4ba71-5bbb-4b24-8f51-8bc7f78aaca4(localhost/127.0.0.1); will try another datanode.
org.apache.hadoop.ozone.common.OzoneChecksumException: Checksum mismatched: this.checksums(0) != that.checksums(0), thisStartIndex=0, this=ChecksumData{CRC32, bytesPerChecksum=16384, checksums=[EF D2 EC 2F]}, that=ChecksumData{CRC32, bytesPerChecksum=16384, checksums=[B5 48 85 73]}
	at org.apache.hadoop.ozone.common.ChecksumData.verifyChecksumDataMatches(ChecksumData.java:127)
	at org.apache.hadoop.ozone.common.Checksum.verifyChecksum(Checksum.java:306)
	at org.apache.hadoop.ozone.common.Checksum.verifyChecksum(Checksum.java:282)
	at org.apache.hadoop.ozone.common.Checksum.verifyChecksum(Checksum.java:330)
	at org.apache.hadoop.hdds.scm.storage.ChunkInputStream.validateChunk(ChunkInputStream.java:500)
	at org.apache.hadoop.hdds.scm.XceiverClientGrpc.sendCommandWithRetry(XceiverClientGrpc.java:457)
	at org.apache.hadoop.hdds.scm.XceiverClientGrpc.lambda$sendCommandWithTraceIDAndRetry$1(XceiverClientGrpc.java:383)
	at org.apache.hadoop.hdds.tracing.TracingUtil.executeInSpan(TracingUtil.java:205)
	at org.apache.hadoop.hdds.tracing.TracingUtil.executeInNewSpan(TracingUtil.java:195)
	at org.apache.hadoop.hdds.scm.XceiverClientGrpc.sendCommandWithTraceIDAndRetry(XceiverClientGrpc.java:375)
	at org.apache.hadoop.hdds.scm.XceiverClientGrpc.sendCommand(XceiverClientGrpc.java:356)
	at org.apache.hadoop.hdds.scm.storage.ContainerProtocolCalls.readChunk(ContainerProtocolCalls.java:397)
	at org.apache.hadoop.hdds.scm.storage.ContainerProtocolCalls.lambda$readChunk$2(ContainerProtocolCalls.java:379)
	at org.apache.hadoop.hdds.scm.storage.ContainerProtocolCalls.tryEachDatanode(ContainerProtocolCalls.java:154)
	at org.apache.hadoop.hdds.scm.storage.ContainerProtocolCalls.readChunk(ContainerProtocolCalls.java:378)
	at org.apache.hadoop.hdds.scm.storage.ChunkInputStream.readChunk(ChunkInputStream.java:440)
	at org.apache.hadoop.hdds.scm.storage.ChunkInputStream.readChunkDataIntoBuffers(ChunkInputStream.java:417)
	at org.apache.hadoop.hdds.scm.storage.ChunkInputStream.readChunkFromContainer(ChunkInputStream.java:402)
	at org.apache.hadoop.hdds.scm.storage.ChunkInputStream.prepareRead(ChunkInputStream.java:334)
	at org.apache.hadoop.hdds.scm.storage.ChunkInputStream.read(ChunkInputStream.java:174)
	at org.apache.hadoop.hdds.scm.storage.ByteArrayReader.readFromBlock(ByteArrayReader.java:51)
	at org.apache.hadoop.hdds.scm.storage.BlockInputStream.readWithStrategy(BlockInputStream.java:376)
	at org.apache.hadoop.hdds.scm.storage.ExtendedInputStream.read(ExtendedInputStream.java:55)
	at org.apache.hadoop.hdds.scm.storage.ByteArrayReader.readFromBlock(ByteArrayReader.java:51)
	at org.apache.hadoop.hdds.scm.storage.MultipartInputStream.readWithStrategy(MultipartInputStream.java:96)
	at org.apache.hadoop.hdds.scm.storage.ExtendedInputStream.read(ExtendedInputStream.java:55)
	at org.apache.hadoop.ozone.client.io.OzoneInputStream.read(OzoneInputStream.java:56)
	at org.apache.commons.io.IOUtils.read(IOUtils.java:1955)
	at org.apache.commons.io.IOUtils.read(IOUtils.java:1931)
	at org.apache.commons.io.IOUtils.readFully(IOUtils.java:2075)
	at org.apache.commons.io.IOUtils.readFully(IOUtils.java:2053)
	at org.apache.hadoop.ozone.client.rpc.OzoneRpcClientTests.lambda$testReadKeyWithCorruptedDataWithMutiNodes$55(OzoneRpcClientTests.java:2539)
	at org.junit.jupiter.api.AssertThrows.assertThrows(AssertThrows.java:53)
	at org.junit.jupiter.api.AssertThrows.assertThrows(AssertThrows.java:35)
	at org.junit.jupiter.api.Assertions.assertThrows(Assertions.java:3128)
	at org.apache.hadoop.ozone.client.rpc.OzoneRpcClientTests.testReadKeyWithCorruptedDataWithMutiNodes(OzoneRpcClientTests.java:2536)
	at java.base/jdk.internal.reflect.DirectMethodHandleAccessor.invoke(DirectMethodHandleAccessor.java:103)
	at java.base/java.lang.reflect.Method.invoke(Method.java:580)
	at org.junit.platform.commons.util.ReflectionUtils.invokeMethod(ReflectionUtils.java:786)
	at org.junit.platform.commons.support.ReflectionSupport.invokeMethod(ReflectionSupport.java:514)
	at org.junit.jupiter.engine.execution.MethodInvocation.proceed(MethodInvocation.java:60)
	at org.junit.jupiter.engine.execution.InvocationInterceptorChain$ValidatingInvocation.proceed(InvocationInterceptorChain.java:131)
	at org.junit.jupiter.engine.extension.SameThreadTimeoutInvocation.proceed(SameThreadTimeoutInvocation.java:49)
	at org.junit.jupiter.engine.extension.TimeoutExtension.intercept(TimeoutExtension.java:161)
	at org.junit.jupiter.engine.extension.TimeoutExtension.interceptTestableMethod(TimeoutExtension.java:152)
	at org.junit.jupiter.engine.extension.TimeoutExtension.interceptTestMethod(TimeoutExtension.java:91)
	at org.junit.jupiter.engine.execution.InterceptingExecutableInvoker$ReflectiveInterceptorCall.lambda$ofVoidMethod$0(InterceptingExecutableInvoker.java:112)
	at org.junit.jupiter.engine.execution.InterceptingExecutableInvoker.lambda$invoke$0(InterceptingExecutableInvoker.java:94)
	at org.junit.jupiter.engine.execution.InvocationInterceptorChain$InterceptedInvocation.proceed(InvocationInterceptorChain.java:106)
	at org.junit.jupiter.engine.execution.InvocationInterceptorChain.proceed(InvocationInterceptorChain.java:64)
	at org.junit.jupiter.engine.execution.InvocationInterceptorChain.chainAndInvoke(InvocationInterceptorChain.java:45)
	at org.junit.jupiter.engine.execution.InvocationInterceptorChain.invoke(InvocationInterceptorChain.java:37)
	at org.junit.jupiter.engine.execution.InterceptingExecutableInvoker.invoke(InterceptingExecutableInvoker.java:93)
	at org.junit.jupiter.engine.execution.InterceptingExecutableInvoker.invoke(InterceptingExecutableInvoker.java:87)
	at org.junit.jupiter.engine.descriptor.TestMethodTestDescriptor.lambda$invokeTestMethod$4(TestMethodTestDescriptor.java:221)
	at org.junit.platform.engine.support.hierarchical.ThrowableCollector.execute(ThrowableCollector.java:73)
	at org.junit.jupiter.engine.descriptor.TestMethodTestDescriptor.invokeTestMethod(TestMethodTestDescriptor.java:217)
	at org.junit.jupiter.engine.descriptor.TestMethodTestDescriptor.execute(TestMethodTestDescriptor.java:159)
	at org.junit.jupiter.engine.descriptor.TestMethodTestDescriptor.execute(TestMethodTestDescriptor.java:70)
	at org.junit.platform.engine.support.hierarchical.NodeTestTask.lambda$executeRecursively$6(NodeTestTask.java:157)
	at org.junit.platform.engine.support.hierarchical.ThrowableCollector.execute(ThrowableCollector.java:73)
	at org.junit.platform.engine.support.hierarchical.NodeTestTask.lambda$executeRecursively$8(NodeTestTask.java:147)
	at org.junit.platform.engine.support.hierarchical.Node.around(Node.java:137)
	at org.junit.platform.engine.support.hierarchical.NodeTestTask.lambda$executeRecursively$9(NodeTestTask.java:145)
	at org.junit.platform.engine.support.hierarchical.ThrowableCollector.execute(ThrowableCollector.java:73)
	at org.junit.platform.engine.support.hierarchical.NodeTestTask.executeRecursively(NodeTestTask.java:144)
	at org.junit.platform.engine.support.hierarchical.NodeTestTask.execute(NodeTestTask.java:101)
	at org.junit.platform.engine.support.hierarchical.ForkJoinPoolHierarchicalTestExecutorService$ExclusiveTask.exec(ForkJoinPoolHierarchicalTestExecutorService.java:274)
	at org.junit.platform.engine.support.hierarchical.ForkJoinPoolHierarchicalTestExecutorService$ExclusiveTask.execSync(ForkJoinPoolHierarchicalTestExecutorService.java:247)
	at org.junit.platform.engine.support.hierarchical.ForkJoinPoolHierarchicalTestExecutorService.executeSync(ForkJoinPoolHierarchicalTestExecutorService.java:194)
	at org.junit.platform.engine.support.hierarchical.ForkJoinPoolHierarchicalTestExecutorService.invokeAll(ForkJoinPoolHierarchicalTestExecutorService.java:166)
	at org.junit.platform.engine.support.hierarchical.NodeTestTask.lambda$executeRecursively$6(NodeTestTask.java:161)
	at org.junit.platform.engine.support.hierarchical.ThrowableCollector.execute(ThrowableCollector.java:73)
	at org.junit.platform.engine.support.hierarchical.NodeTestTask.lambda$executeRecursively$8(NodeTestTask.java:147)
	at org.junit.platform.engine.support.hierarchical.Node.around(Node.java:137)
	at org.junit.platform.engine.support.hierarchical.NodeTestTask.lambda$executeRecursively$9(NodeTestTask.java:145)
	at org.junit.platform.engine.support.hierarchical.ThrowableCollector.execute(ThrowableCollector.java:73)
	at org.junit.platform.engine.support.hierarchical.NodeTestTask.executeRecursively(NodeTestTask.java:144)
	at org.junit.platform.engine.support.hierarchical.NodeTestTask.execute(NodeTestTask.java:101)
	at org.junit.platform.engine.support.hierarchical.ForkJoinPoolHierarchicalTestExecutorService$ExclusiveTask.exec(ForkJoinPoolHierarchicalTestExecutorService.java:274)
	at org.junit.platform.engine.support.hierarchical.ForkJoinPoolHierarchicalTestExecutorService$ExclusiveTask.execSync(ForkJoinPoolHierarchicalTestExecutorService.java:247)
	at org.junit.platform.engine.support.hierarchical.ForkJoinPoolHierarchicalTestExecutorService.invokeAll(ForkJoinPoolHierarchicalTestExecutorService.java:159)
	at org.junit.platform.engine.support.hierarchical.NodeTestTask.lambda$executeRecursively$6(NodeTestTask.java:161)
	at org.junit.platform.engine.support.hierarchical.ThrowableCollector.execute(ThrowableCollector.java:73)
	at org.junit.platform.engine.support.hierarchical.NodeTestTask.lambda$executeRecursively$8(NodeTestTask.java:147)
	at org.junit.platform.engine.support.hierarchical.Node.around(Node.java:137)
	at org.junit.platform.engine.support.hierarchical.NodeTestTask.lambda$executeRecursively$9(NodeTestTask.java:145)
	at org.junit.platform.engine.support.hierarchical.ThrowableCollector.execute(ThrowableCollector.java:73)
	at org.junit.platform.engine.support.hierarchical.NodeTestTask.executeRecursively(NodeTestTask.java:144)
	at org.junit.platform.engine.support.hierarchical.NodeTestTask.execute(NodeTestTask.java:101)
	at org.junit.platform.engine.support.hierarchical.ForkJoinPoolHierarchicalTestExecutorService$ExclusiveTask.exec(ForkJoinPoolHierarchicalTestExecutorService.java:274)
	at java.base/java.util.concurrent.ForkJoinTask.doExec(ForkJoinTask.java:387)
	at java.base/java.util.concurrent.ForkJoinPool$WorkQueue.topLevelExec(ForkJoinPool.java:1312)
	at java.base/java.util.concurrent.ForkJoinPool.scan(ForkJoinPool.java:1843)
	at java.base/java.util.concurrent.ForkJoinPool.runWorker(ForkJoinPool.java:1808)
	at java.base/java.util.concurrent.ForkJoinWorkerThread.run(ForkJoinWorkerThread.java:188)
2025-10-16 19:49:14,040 [ForkJoinPool-1-worker-1] WARN  scm.XceiverClientGrpc (XceiverClientGrpc.java:sendCommandWithRetry(500)) - Failed to execute command ReadChunk on the pipeline Pipeline{ Id: 8f9acfe3-5569-4a29-b935-ee898a0a2821, Nodes: [ {8a0fa2ff-b550-4652-b2fe-0cf91cd4a157(localhost/127.0.0.1), ReplicaIndex: 0}, {76d4ba71-5bbb-4b24-8f51-8bc7f78aaca4(localhost/127.0.0.1), ReplicaIndex: 0}, {e072d245-7694-4d97-8e20-c503ebf8c2fe(localhost/127.0.0.1), ReplicaIndex: 0},], ReplicationConfig: STANDALONE/THREE, State:OPEN, leaderId:e072d245-7694-4d97-8e20-c503ebf8c2fe, CreationTimestamp2025-10-16T19:47:26.320Z[Etc/UTC]}.
2025-10-16 19:49:14,768 | INFO  | SCMAudit | user=runner | ip=127.0.0.1 | op=SEND_HEARTBEAT {"datanodeUUID":"702cb173-5c73-4ecc-b5cd-c7b4a6b66aea","term":"2","command":"[]"} | ret=SUCCESS |  
2025-10-16 19:49:14,768 [EventQueue-PipelineActionsForPipelineActionHandler] INFO  pipeline.PipelineActionHandler (PipelineActionHandler.java:processPipelineAction(89)) - Received pipeline action CLOSE for Pipeline-a6d455ad-cb8f-42d4-aaf7-6ca5f15a0415 from datanode 702cb173-5c73-4ecc-b5cd-c7b4a6b66aea(localhost/127.0.0.1). Reason : Ratis Transaction failure in datanode 702cb173-5c73-4ecc-b5cd-c7b4a6b66aea with role FOLLOWER .Triggering pipeline close action.
2025-10-16 19:49:14,769 [EventQueue-PipelineActionsForPipelineActionHandler] INFO  pipeline.PipelineActionHandler (PipelineActionHandler.java:processPipelineAction(89)) - Received pipeline action CLOSE for Pipeline-36270c74-4c8b-4dac-af71-cdbac21eb987 from datanode 702cb173-5c73-4ecc-b5cd-c7b4a6b66aea(localhost/127.0.0.1). Reason : Ratis Transaction failure in datanode 702cb173-5c73-4ecc-b5cd-c7b4a6b66aea with role LEADER .Triggering pipeline close action.
2025-10-16 19:49:14,770 | INFO  | SCMAudit | user=runner | ip=127.0.0.1 | op=SEND_HEARTBEAT {"datanodeUUID":"c0724e9c-0dd4-4d47-992c-7bfe285fdd38","term":"2","command":"[]"} | ret=SUCCESS |  
2025-10-16 19:49:14,771 | INFO  | SCMAudit | user=runner | ip=127.0.0.1 | op=SEND_HEARTBEAT {"datanodeUUID":"58cff6b7-b2a7-446b-a75a-bb98ad6b11b8","term":"2","command":"[]"} | ret=SUCCESS |  
2025-10-16 19:49:14,771 | INFO  | SCMAudit | user=runner | ip=127.0.0.1 | op=SEND_HEARTBEAT {"datanodeUUID":"0e8b6cc7-9945-4141-97fc-6aa017a0d5fa","term":"2","command":"[]"} | ret=SUCCESS |  
2025-10-16 19:49:14,771 [EventQueue-PipelineActionsForPipelineActionHandler] INFO  pipeline.PipelineActionHandler (PipelineActionHandler.java:processPipelineAction(89)) - Received pipeline action CLOSE for Pipeline-a6d455ad-cb8f-42d4-aaf7-6ca5f15a0415 from datanode 0e8b6cc7-9945-4141-97fc-6aa017a0d5fa(localhost/127.0.0.1). Reason : Ratis Transaction failure in datanode 0e8b6cc7-9945-4141-97fc-6aa017a0d5fa with role FOLLOWER .Triggering pipeline close action.
2025-10-16 19:49:14,771 [EventQueue-PipelineActionsForPipelineActionHandler] INFO  pipeline.PipelineActionHandler (PipelineActionHandler.java:processPipelineAction(89)) - Received pipeline action CLOSE for Pipeline-36270c74-4c8b-4dac-af71-cdbac21eb987 from datanode 0e8b6cc7-9945-4141-97fc-6aa017a0d5fa(localhost/127.0.0.1). Reason : Ratis Transaction failure in datanode 0e8b6cc7-9945-4141-97fc-6aa017a0d5fa with role FOLLOWER .Triggering pipeline close action.
2025-10-16 19:49:14,772 | INFO  | SCMAudit | user=runner | ip=127.0.0.1 | op=SEND_HEARTBEAT {"datanodeUUID":"8a3c3252-9afe-4d3a-8492-25be6557678a","term":"2","command":"[]"} | ret=SUCCESS |  
2025-10-16 19:49:14,795 | INFO  | SCMAudit | user=runner | ip=127.0.0.1 | op=SEND_HEARTBEAT {"datanodeUUID":"f700af26-0e26-4136-9205-9509c82c8c70","term":"2","command":"[]"} | ret=SUCCESS |  
2025-10-16 19:49:14,795 | INFO  | SCMAudit | user=runner | ip=127.0.0.1 | op=SEND_HEARTBEAT {"datanodeUUID":"764b18f0-81c5-439a-9fff-25adc4f241fa","term":"2","command":"[]"} | ret=SUCCESS |  
2025-10-16 19:49:14,797 | INFO  | SCMAudit | user=runner | ip=127.0.0.1 | op=SEND_HEARTBEAT {"datanodeUUID":"0428ab3f-efd5-438e-ae11-9ec242443260","term":"2","command":"[]"} | ret=SUCCESS |  
2025-10-16 19:49:14,800 | INFO  | SCMAudit | user=runner | ip=127.0.0.1 | op=SEND_HEARTBEAT {"datanodeUUID":"76d4ba71-5bbb-4b24-8f51-8bc7f78aaca4","term":"2","command":"[]"} | ret=SUCCESS |  
2025-10-16 19:49:14,800 [EventQueue-PipelineActionsForPipelineActionHandler] INFO  pipeline.PipelineActionHandler (PipelineActionHandler.java:processPipelineAction(89)) - Received pipeline action CLOSE for Pipeline-36c7da6a-14e2-433e-b882-35c832a27f16 from datanode 76d4ba71-5bbb-4b24-8f51-8bc7f78aaca4(localhost/127.0.0.1). Reason : Ratis Transaction failure in datanode 76d4ba71-5bbb-4b24-8f51-8bc7f78aaca4 with role LEADER .Triggering pipeline close action.
2025-10-16 19:49:14,801 | INFO  | SCMAudit | user=runner | ip=127.0.0.1 | op=SEND_HEARTBEAT {"datanodeUUID":"aa213937-adc5-47da-a770-0ee1e4664344","term":"2","command":"[]"} | ret=SUCCESS |  
2025-10-16 19:49:14,803 | INFO  | SCMAudit | user=runner | ip=127.0.0.1 | op=SEND_HEARTBEAT {"datanodeUUID":"e33e6ec4-6b66-4281-bedd-2bd75bd30070","term":"2","command":"[]"} | ret=SUCCESS |  
2025-10-16 19:49:14,803 [EventQueue-PipelineActionsForPipelineActionHandler] INFO  pipeline.PipelineActionHandler (PipelineActionHandler.java:processPipelineAction(89)) - Received pipeline action CLOSE for Pipeline-a6d455ad-cb8f-42d4-aaf7-6ca5f15a0415 from datanode e33e6ec4-6b66-4281-bedd-2bd75bd30070(localhost/127.0.0.1). Reason : Ratis Transaction failure in datanode e33e6ec4-6b66-4281-bedd-2bd75bd30070 with role LEADER .Triggering pipeline close action.
2025-10-16 19:49:14,803 [EventQueue-PipelineActionsForPipelineActionHandler] INFO  pipeline.PipelineActionHandler (PipelineActionHandler.java:processPipelineAction(89)) - Received pipeline action CLOSE for Pipeline-36270c74-4c8b-4dac-af71-cdbac21eb987 from datanode e33e6ec4-6b66-4281-bedd-2bd75bd30070(localhost/127.0.0.1). Reason : Ratis Transaction failure in datanode e33e6ec4-6b66-4281-bedd-2bd75bd30070 with role FOLLOWER .Triggering pipeline close action.
2025-10-16 19:49:14,805 | INFO  | SCMAudit | user=runner | ip=127.0.0.1 | op=SEND_HEARTBEAT {"datanodeUUID":"8a0fa2ff-b550-4652-b2fe-0cf91cd4a157","term":"2","command":"[]"} | ret=SUCCESS |  
2025-10-16 19:49:14,805 [EventQueue-PipelineActionsForPipelineActionHandler] INFO  pipeline.PipelineActionHandler (PipelineActionHandler.java:processPipelineAction(89)) - Received pipeline action CLOSE for Pipeline-36c7da6a-14e2-433e-b882-35c832a27f16 from datanode 8a0fa2ff-b550-4652-b2fe-0cf91cd4a157(localhost/127.0.0.1). Reason : Ratis Transaction failure in datanode 8a0fa2ff-b550-4652-b2fe-0cf91cd4a157 with role FOLLOWER .Triggering pipeline close action.
2025-10-16 19:49:14,805 | INFO  | SCMAudit | user=runner | ip=127.0.0.1 | op=SEND_HEARTBEAT {"datanodeUUID":"e072d245-7694-4d97-8e20-c503ebf8c2fe","term":"2","command":"[]"} | ret=SUCCESS |  
2025-10-16 19:49:14,805 [EventQueue-PipelineActionsForPipelineActionHandler] INFO  pipeline.PipelineActionHandler (PipelineActionHandler.java:processPipelineAction(89)) - Received pipeline action CLOSE for Pipeline-36c7da6a-14e2-433e-b882-35c832a27f16 from datanode e072d245-7694-4d97-8e20-c503ebf8c2fe(localhost/127.0.0.1). Reason : Ratis Transaction failure in datanode e072d245-7694-4d97-8e20-c503ebf8c2fe with role FOLLOWER .Triggering pipeline close action.
2025-10-16 19:49:14,806 | INFO  | SCMAudit | user=runner | ip=127.0.0.1 | op=SEND_HEARTBEAT {"datanodeUUID":"757ca056-973f-4f05-ab2d-6aff6c54d452","term":"2","command":"[]"} | ret=SUCCESS |  
2025-10-16 19:49:15,043 [ForkJoinPool-1-worker-1] WARN  scm.XceiverClientGrpc (XceiverClientGrpc.java:sendCommandWithRetry(500)) - Failed to execute command ReadChunk on the pipeline Pipeline{ Id: 8f9acfe3-5569-4a29-b935-ee898a0a2821, Nodes: [ {8a0fa2ff-b550-4652-b2fe-0cf91cd4a157(localhost/127.0.0.1), ReplicaIndex: 0}, {76d4ba71-5bbb-4b24-8f51-8bc7f78aaca4(localhost/127.0.0.1), ReplicaIndex: 0}, {e072d245-7694-4d97-8e20-c503ebf8c2fe(localhost/127.0.0.1), ReplicaIndex: 0},], ReplicationConfig: STANDALONE/THREE, State:OPEN, leaderId:e072d245-7694-4d97-8e20-c503ebf8c2fe, CreationTimestamp2025-10-16T19:47:26.320Z[Etc/UTC]}.
2025-10-16 19:49:15,043 [ForkJoinPool-1-worker-1] WARN  storage.ContainerProtocolCalls (ContainerProtocolCalls.java:tryEachDatanode(169)) - Failed to read chunk 115816896921600519_chunk_1 (len=12) containerID: 14
localID: 115816896921600519
blockCommitSequenceId: 189
 from 8a0fa2ff-b550-4652-b2fe-0cf91cd4a157(localhost/127.0.0.1); will try another datanode.
org.apache.hadoop.ozone.common.OzoneChecksumException: Checksum mismatched: this.checksums(0) != that.checksums(0), thisStartIndex=0, this=ChecksumData{CRC32, bytesPerChecksum=16384, checksums=[EF D2 EC 2F]}, that=ChecksumData{CRC32, bytesPerChecksum=16384, checksums=[B5 48 85 73]}
	at org.apache.hadoop.ozone.common.ChecksumData.verifyChecksumDataMatches(ChecksumData.java:127)
	at org.apache.hadoop.ozone.common.Checksum.verifyChecksum(Checksum.java:306)
	at org.apache.hadoop.ozone.common.Checksum.verifyChecksum(Checksum.java:282)
	at org.apache.hadoop.ozone.common.Checksum.verifyChecksum(Checksum.java:330)
	at org.apache.hadoop.hdds.scm.storage.ChunkInputStream.validateChunk(ChunkInputStream.java:500)
	at org.apache.hadoop.hdds.scm.XceiverClientGrpc.sendCommandWithRetry(XceiverClientGrpc.java:457)
	at org.apache.hadoop.hdds.scm.XceiverClientGrpc.lambda$sendCommandWithTraceIDAndRetry$1(XceiverClientGrpc.java:383)
	at org.apache.hadoop.hdds.tracing.TracingUtil.executeInSpan(TracingUtil.java:205)
	at org.apache.hadoop.hdds.tracing.TracingUtil.executeInNewSpan(TracingUtil.java:195)
	at org.apache.hadoop.hdds.scm.XceiverClientGrpc.sendCommandWithTraceIDAndRetry(XceiverClientGrpc.java:375)
	at org.apache.hadoop.hdds.scm.XceiverClientGrpc.sendCommand(XceiverClientGrpc.java:356)
	at org.apache.hadoop.hdds.scm.storage.ContainerProtocolCalls.readChunk(ContainerProtocolCalls.java:397)
	at org.apache.hadoop.hdds.scm.storage.ContainerProtocolCalls.lambda$readChunk$2(ContainerProtocolCalls.java:379)
	at org.apache.hadoop.hdds.scm.storage.ContainerProtocolCalls.tryEachDatanode(ContainerProtocolCalls.java:154)
	at org.apache.hadoop.hdds.scm.storage.ContainerProtocolCalls.readChunk(ContainerProtocolCalls.java:378)
	at org.apache.hadoop.hdds.scm.storage.ChunkInputStream.readChunk(ChunkInputStream.java:440)
	at org.apache.hadoop.hdds.scm.storage.ChunkInputStream.readChunkDataIntoBuffers(ChunkInputStream.java:417)
	at org.apache.hadoop.hdds.scm.storage.ChunkInputStream.readChunkFromContainer(ChunkInputStream.java:402)
	at org.apache.hadoop.hdds.scm.storage.ChunkInputStream.prepareRead(ChunkInputStream.java:334)
	at org.apache.hadoop.hdds.scm.storage.ChunkInputStream.read(ChunkInputStream.java:174)
	at org.apache.hadoop.hdds.scm.storage.ByteArrayReader.readFromBlock(ByteArrayReader.java:51)
	at org.apache.hadoop.hdds.scm.storage.BlockInputStream.readWithStrategy(BlockInputStream.java:376)
	at org.apache.hadoop.hdds.scm.storage.ExtendedInputStream.read(ExtendedInputStream.java:55)
	at org.apache.hadoop.hdds.scm.storage.ByteArrayReader.readFromBlock(ByteArrayReader.java:51)
	at org.apache.hadoop.hdds.scm.storage.MultipartInputStream.readWithStrategy(MultipartInputStream.java:96)
	at org.apache.hadoop.hdds.scm.storage.ExtendedInputStream.read(ExtendedInputStream.java:55)
	at org.apache.hadoop.ozone.client.io.OzoneInputStream.read(OzoneInputStream.java:56)
	at org.apache.commons.io.IOUtils.read(IOUtils.java:1955)
	at org.apache.commons.io.IOUtils.read(IOUtils.java:1931)
	at org.apache.commons.io.IOUtils.readFully(IOUtils.java:2075)
	at org.apache.commons.io.IOUtils.readFully(IOUtils.java:2053)
	at org.apache.hadoop.ozone.client.rpc.OzoneRpcClientTests.lambda$testReadKeyWithCorruptedDataWithMutiNodes$55(OzoneRpcClientTests.java:2539)
	at org.junit.jupiter.api.AssertThrows.assertThrows(AssertThrows.java:53)
	at org.junit.jupiter.api.AssertThrows.assertThrows(AssertThrows.java:35)
	at org.junit.jupiter.api.Assertions.assertThrows(Assertions.java:3128)
	at org.apache.hadoop.ozone.client.rpc.OzoneRpcClientTests.testReadKeyWithCorruptedDataWithMutiNodes(OzoneRpcClientTests.java:2536)
	at java.base/jdk.internal.reflect.DirectMethodHandleAccessor.invoke(DirectMethodHandleAccessor.java:103)
	at java.base/java.lang.reflect.Method.invoke(Method.java:580)
	at org.junit.platform.commons.util.ReflectionUtils.invokeMethod(ReflectionUtils.java:786)
	at org.junit.platform.commons.support.ReflectionSupport.invokeMethod(ReflectionSupport.java:514)
	at org.junit.jupiter.engine.execution.MethodInvocation.proceed(MethodInvocation.java:60)
	at org.junit.jupiter.engine.execution.InvocationInterceptorChain$ValidatingInvocation.proceed(InvocationInterceptorChain.java:131)
	at org.junit.jupiter.engine.extension.SameThreadTimeoutInvocation.proceed(SameThreadTimeoutInvocation.java:49)
	at org.junit.jupiter.engine.extension.TimeoutExtension.intercept(TimeoutExtension.java:161)
	at org.junit.jupiter.engine.extension.TimeoutExtension.interceptTestableMethod(TimeoutExtension.java:152)
	at org.junit.jupiter.engine.extension.TimeoutExtension.interceptTestMethod(TimeoutExtension.java:91)
	at org.junit.jupiter.engine.execution.InterceptingExecutableInvoker$ReflectiveInterceptorCall.lambda$ofVoidMethod$0(InterceptingExecutableInvoker.java:112)
	at org.junit.jupiter.engine.execution.InterceptingExecutableInvoker.lambda$invoke$0(InterceptingExecutableInvoker.java:94)
	at org.junit.jupiter.engine.execution.InvocationInterceptorChain$InterceptedInvocation.proceed(InvocationInterceptorChain.java:106)
	at org.junit.jupiter.engine.execution.InvocationInterceptorChain.proceed(InvocationInterceptorChain.java:64)
	at org.junit.jupiter.engine.execution.InvocationInterceptorChain.chainAndInvoke(InvocationInterceptorChain.java:45)
	at org.junit.jupiter.engine.execution.InvocationInterceptorChain.invoke(InvocationInterceptorChain.java:37)
	at org.junit.jupiter.engine.execution.InterceptingExecutableInvoker.invoke(InterceptingExecutableInvoker.java:93)
	at org.junit.jupiter.engine.execution.InterceptingExecutableInvoker.invoke(InterceptingExecutableInvoker.java:87)
	at org.junit.jupiter.engine.descriptor.TestMethodTestDescriptor.lambda$invokeTestMethod$4(TestMethodTestDescriptor.java:221)
	at org.junit.platform.engine.support.hierarchical.ThrowableCollector.execute(ThrowableCollector.java:73)
	at org.junit.jupiter.engine.descriptor.TestMethodTestDescriptor.invokeTestMethod(TestMethodTestDescriptor.java:217)
	at org.junit.jupiter.engine.descriptor.TestMethodTestDescriptor.execute(TestMethodTestDescriptor.java:159)
	at org.junit.jupiter.engine.descriptor.TestMethodTestDescriptor.execute(TestMethodTestDescriptor.java:70)
	at org.junit.platform.engine.support.hierarchical.NodeTestTask.lambda$executeRecursively$6(NodeTestTask.java:157)
	at org.junit.platform.engine.support.hierarchical.ThrowableCollector.execute(ThrowableCollector.java:73)
	at org.junit.platform.engine.support.hierarchical.NodeTestTask.lambda$executeRecursively$8(NodeTestTask.java:147)
	at org.junit.platform.engine.support.hierarchical.Node.around(Node.java:137)
	at org.junit.platform.engine.support.hierarchical.NodeTestTask.lambda$executeRecursively$9(NodeTestTask.java:145)
	at org.junit.platform.engine.support.hierarchical.ThrowableCollector.execute(ThrowableCollector.java:73)
	at org.junit.platform.engine.support.hierarchical.NodeTestTask.executeRecursively(NodeTestTask.java:144)
	at org.junit.platform.engine.support.hierarchical.NodeTestTask.execute(NodeTestTask.java:101)
	at org.junit.platform.engine.support.hierarchical.ForkJoinPoolHierarchicalTestExecutorService$ExclusiveTask.exec(ForkJoinPoolHierarchicalTestExecutorService.java:274)
	at org.junit.platform.engine.support.hierarchical.ForkJoinPoolHierarchicalTestExecutorService$ExclusiveTask.execSync(ForkJoinPoolHierarchicalTestExecutorService.java:247)
	at org.junit.platform.engine.support.hierarchical.ForkJoinPoolHierarchicalTestExecutorService.executeSync(ForkJoinPoolHierarchicalTestExecutorService.java:194)
	at org.junit.platform.engine.support.hierarchical.ForkJoinPoolHierarchicalTestExecutorService.invokeAll(ForkJoinPoolHierarchicalTestExecutorService.java:166)
	at org.junit.platform.engine.support.hierarchical.NodeTestTask.lambda$executeRecursively$6(NodeTestTask.java:161)
	at org.junit.platform.engine.support.hierarchical.ThrowableCollector.execute(ThrowableCollector.java:73)
	at org.junit.platform.engine.support.hierarchical.NodeTestTask.lambda$executeRecursively$8(NodeTestTask.java:147)
	at org.junit.platform.engine.support.hierarchical.Node.around(Node.java:137)
	at org.junit.platform.engine.support.hierarchical.NodeTestTask.lambda$executeRecursively$9(NodeTestTask.java:145)
	at org.junit.platform.engine.support.hierarchical.ThrowableCollector.execute(ThrowableCollector.java:73)
	at org.junit.platform.engine.support.hierarchical.NodeTestTask.executeRecursively(NodeTestTask.java:144)
	at org.junit.platform.engine.support.hierarchical.NodeTestTask.execute(NodeTestTask.java:101)
	at org.junit.platform.engine.support.hierarchical.ForkJoinPoolHierarchicalTestExecutorService$ExclusiveTask.exec(ForkJoinPoolHierarchicalTestExecutorService.java:274)
	at org.junit.platform.engine.support.hierarchical.ForkJoinPoolHierarchicalTestExecutorService$ExclusiveTask.execSync(ForkJoinPoolHierarchicalTestExecutorService.java:247)
	at org.junit.platform.engine.support.hierarchical.ForkJoinPoolHierarchicalTestExecutorService.invokeAll(ForkJoinPoolHierarchicalTestExecutorService.java:159)
	at org.junit.platform.engine.support.hierarchical.NodeTestTask.lambda$executeRecursively$6(NodeTestTask.java:161)
	at org.junit.platform.engine.support.hierarchical.ThrowableCollector.execute(ThrowableCollector.java:73)
	at org.junit.platform.engine.support.hierarchical.NodeTestTask.lambda$executeRecursively$8(NodeTestTask.java:147)
	at org.junit.platform.engine.support.hierarchical.Node.around(Node.java:137)
	at org.junit.platform.engine.support.hierarchical.NodeTestTask.lambda$executeRecursively$9(NodeTestTask.java:145)
	at org.junit.platform.engine.support.hierarchical.ThrowableCollector.execute(ThrowableCollector.java:73)
	at org.junit.platform.engine.support.hierarchical.NodeTestTask.executeRecursively(NodeTestTask.java:144)
	at org.junit.platform.engine.support.hierarchical.NodeTestTask.execute(NodeTestTask.java:101)
	at org.junit.platform.engine.support.hierarchical.ForkJoinPoolHierarchicalTestExecutorService$ExclusiveTask.exec(ForkJoinPoolHierarchicalTestExecutorService.java:274)
	at java.base/java.util.concurrent.ForkJoinTask.doExec(ForkJoinTask.java:387)
	at java.base/java.util.concurrent.ForkJoinPool$WorkQueue.topLevelExec(ForkJoinPool.java:1312)
	at java.base/java.util.concurrent.ForkJoinPool.scan(ForkJoinPool.java:1843)
	at java.base/java.util.concurrent.ForkJoinPool.runWorker(ForkJoinPool.java:1808)
	at java.base/java.util.concurrent.ForkJoinWorkerThread.run(ForkJoinWorkerThread.java:188)
2025-10-16 19:49:15,046 [ForkJoinPool-1-worker-1] WARN  scm.XceiverClientGrpc (XceiverClientGrpc.java:sendCommandWithRetry(500)) - Failed to execute command ReadChunk on the pipeline Pipeline{ Id: 8f9acfe3-5569-4a29-b935-ee898a0a2821, Nodes: [ {8a0fa2ff-b550-4652-b2fe-0cf91cd4a157(localhost/127.0.0.1), ReplicaIndex: 0}, {76d4ba71-5bbb-4b24-8f51-8bc7f78aaca4(localhost/127.0.0.1), ReplicaIndex: 0}, {e072d245-7694-4d97-8e20-c503ebf8c2fe(localhost/127.0.0.1), ReplicaIndex: 0},], ReplicationConfig: STANDALONE/THREE, State:OPEN, leaderId:e072d245-7694-4d97-8e20-c503ebf8c2fe, CreationTimestamp2025-10-16T19:47:26.320Z[Etc/UTC]}.
2025-10-16 19:49:15,046 [ForkJoinPool-1-worker-1] WARN  storage.ContainerProtocolCalls (ContainerProtocolCalls.java:tryEachDatanode(169)) - Failed to read chunk 115816896921600519_chunk_1 (len=12) containerID: 14
localID: 115816896921600519
blockCommitSequenceId: 189
 from 76d4ba71-5bbb-4b24-8f51-8bc7f78aaca4(localhost/127.0.0.1); will try another datanode.
org.apache.hadoop.ozone.common.OzoneChecksumException: Checksum mismatched: this.checksums(0) != that.checksums(0), thisStartIndex=0, this=ChecksumData{CRC32, bytesPerChecksum=16384, checksums=[EF D2 EC 2F]}, that=ChecksumData{CRC32, bytesPerChecksum=16384, checksums=[B5 48 85 73]}
	at org.apache.hadoop.ozone.common.ChecksumData.verifyChecksumDataMatches(ChecksumData.java:127)
	at org.apache.hadoop.ozone.common.Checksum.verifyChecksum(Checksum.java:306)
	at org.apache.hadoop.ozone.common.Checksum.verifyChecksum(Checksum.java:282)
	at org.apache.hadoop.ozone.common.Checksum.verifyChecksum(Checksum.java:330)
	at org.apache.hadoop.hdds.scm.storage.ChunkInputStream.validateChunk(ChunkInputStream.java:500)
	at org.apache.hadoop.hdds.scm.XceiverClientGrpc.sendCommandWithRetry(XceiverClientGrpc.java:457)
	at org.apache.hadoop.hdds.scm.XceiverClientGrpc.lambda$sendCommandWithTraceIDAndRetry$1(XceiverClientGrpc.java:383)
	at org.apache.hadoop.hdds.tracing.TracingUtil.executeInSpan(TracingUtil.java:205)
	at org.apache.hadoop.hdds.tracing.TracingUtil.executeInNewSpan(TracingUtil.java:195)
	at org.apache.hadoop.hdds.scm.XceiverClientGrpc.sendCommandWithTraceIDAndRetry(XceiverClientGrpc.java:375)
	at org.apache.hadoop.hdds.scm.XceiverClientGrpc.sendCommand(XceiverClientGrpc.java:356)
	at org.apache.hadoop.hdds.scm.storage.ContainerProtocolCalls.readChunk(ContainerProtocolCalls.java:397)
	at org.apache.hadoop.hdds.scm.storage.ContainerProtocolCalls.lambda$readChunk$2(ContainerProtocolCalls.java:379)
	at org.apache.hadoop.hdds.scm.storage.ContainerProtocolCalls.tryEachDatanode(ContainerProtocolCalls.java:154)
	at org.apache.hadoop.hdds.scm.storage.ContainerProtocolCalls.readChunk(ContainerProtocolCalls.java:378)
	at org.apache.hadoop.hdds.scm.storage.ChunkInputStream.readChunk(ChunkInputStream.java:440)
	at org.apache.hadoop.hdds.scm.storage.ChunkInputStream.readChunkDataIntoBuffers(ChunkInputStream.java:417)
	at org.apache.hadoop.hdds.scm.storage.ChunkInputStream.readChunkFromContainer(ChunkInputStream.java:402)
	at org.apache.hadoop.hdds.scm.storage.ChunkInputStream.prepareRead(ChunkInputStream.java:334)
	at org.apache.hadoop.hdds.scm.storage.ChunkInputStream.read(ChunkInputStream.java:174)
	at org.apache.hadoop.hdds.scm.storage.ByteArrayReader.readFromBlock(ByteArrayReader.java:51)
	at org.apache.hadoop.hdds.scm.storage.BlockInputStream.readWithStrategy(BlockInputStream.java:376)
	at org.apache.hadoop.hdds.scm.storage.ExtendedInputStream.read(ExtendedInputStream.java:55)
	at org.apache.hadoop.hdds.scm.storage.ByteArrayReader.readFromBlock(ByteArrayReader.java:51)
	at org.apache.hadoop.hdds.scm.storage.MultipartInputStream.readWithStrategy(MultipartInputStream.java:96)
	at org.apache.hadoop.hdds.scm.storage.ExtendedInputStream.read(ExtendedInputStream.java:55)
	at org.apache.hadoop.ozone.client.io.OzoneInputStream.read(OzoneInputStream.java:56)
	at org.apache.commons.io.IOUtils.read(IOUtils.java:1955)
	at org.apache.commons.io.IOUtils.read(IOUtils.java:1931)
	at org.apache.commons.io.IOUtils.readFully(IOUtils.java:2075)
	at org.apache.commons.io.IOUtils.readFully(IOUtils.java:2053)
	at org.apache.hadoop.ozone.client.rpc.OzoneRpcClientTests.lambda$testReadKeyWithCorruptedDataWithMutiNodes$55(OzoneRpcClientTests.java:2539)
	at org.junit.jupiter.api.AssertThrows.assertThrows(AssertThrows.java:53)
	at org.junit.jupiter.api.AssertThrows.assertThrows(AssertThrows.java:35)
	at org.junit.jupiter.api.Assertions.assertThrows(Assertions.java:3128)
	at org.apache.hadoop.ozone.client.rpc.OzoneRpcClientTests.testReadKeyWithCorruptedDataWithMutiNodes(OzoneRpcClientTests.java:2536)
	at java.base/jdk.internal.reflect.DirectMethodHandleAccessor.invoke(DirectMethodHandleAccessor.java:103)
	at java.base/java.lang.reflect.Method.invoke(Method.java:580)
	at org.junit.platform.commons.util.ReflectionUtils.invokeMethod(ReflectionUtils.java:786)
	at org.junit.platform.commons.support.ReflectionSupport.invokeMethod(ReflectionSupport.java:514)
	at org.junit.jupiter.engine.execution.MethodInvocation.proceed(MethodInvocation.java:60)
	at org.junit.jupiter.engine.execution.InvocationInterceptorChain$ValidatingInvocation.proceed(InvocationInterceptorChain.java:131)
	at org.junit.jupiter.engine.extension.SameThreadTimeoutInvocation.proceed(SameThreadTimeoutInvocation.java:49)
	at org.junit.jupiter.engine.extension.TimeoutExtension.intercept(TimeoutExtension.java:161)
	at org.junit.jupiter.engine.extension.TimeoutExtension.interceptTestableMethod(TimeoutExtension.java:152)
	at org.junit.jupiter.engine.extension.TimeoutExtension.interceptTestMethod(TimeoutExtension.java:91)
	at org.junit.jupiter.engine.execution.InterceptingExecutableInvoker$ReflectiveInterceptorCall.lambda$ofVoidMethod$0(InterceptingExecutableInvoker.java:112)
	at org.junit.jupiter.engine.execution.InterceptingExecutableInvoker.lambda$invoke$0(InterceptingExecutableInvoker.java:94)
	at org.junit.jupiter.engine.execution.InvocationInterceptorChain$InterceptedInvocation.proceed(InvocationInterceptorChain.java:106)
	at org.junit.jupiter.engine.execution.InvocationInterceptorChain.proceed(InvocationInterceptorChain.java:64)
	at org.junit.jupiter.engine.execution.InvocationInterceptorChain.chainAndInvoke(InvocationInterceptorChain.java:45)
	at org.junit.jupiter.engine.execution.InvocationInterceptorChain.invoke(InvocationInterceptorChain.java:37)
	at org.junit.jupiter.engine.execution.InterceptingExecutableInvoker.invoke(InterceptingExecutableInvoker.java:93)
	at org.junit.jupiter.engine.execution.InterceptingExecutableInvoker.invoke(InterceptingExecutableInvoker.java:87)
	at org.junit.jupiter.engine.descriptor.TestMethodTestDescriptor.lambda$invokeTestMethod$4(TestMethodTestDescriptor.java:221)
	at org.junit.platform.engine.support.hierarchical.ThrowableCollector.execute(ThrowableCollector.java:73)
	at org.junit.jupiter.engine.descriptor.TestMethodTestDescriptor.invokeTestMethod(TestMethodTestDescriptor.java:217)
	at org.junit.jupiter.engine.descriptor.TestMethodTestDescriptor.execute(TestMethodTestDescriptor.java:159)
	at org.junit.jupiter.engine.descriptor.TestMethodTestDescriptor.execute(TestMethodTestDescriptor.java:70)
	at org.junit.platform.engine.support.hierarchical.NodeTestTask.lambda$executeRecursively$6(NodeTestTask.java:157)
	at org.junit.platform.engine.support.hierarchical.ThrowableCollector.execute(ThrowableCollector.java:73)
	at org.junit.platform.engine.support.hierarchical.NodeTestTask.lambda$executeRecursively$8(NodeTestTask.java:147)
	at org.junit.platform.engine.support.hierarchical.Node.around(Node.java:137)
	at org.junit.platform.engine.support.hierarchical.NodeTestTask.lambda$executeRecursively$9(NodeTestTask.java:145)
	at org.junit.platform.engine.support.hierarchical.ThrowableCollector.execute(ThrowableCollector.java:73)
	at org.junit.platform.engine.support.hierarchical.NodeTestTask.executeRecursively(NodeTestTask.java:144)
	at org.junit.platform.engine.support.hierarchical.NodeTestTask.execute(NodeTestTask.java:101)
	at org.junit.platform.engine.support.hierarchical.ForkJoinPoolHierarchicalTestExecutorService$ExclusiveTask.exec(ForkJoinPoolHierarchicalTestExecutorService.java:274)
	at org.junit.platform.engine.support.hierarchical.ForkJoinPoolHierarchicalTestExecutorService$ExclusiveTask.execSync(ForkJoinPoolHierarchicalTestExecutorService.java:247)
	at org.junit.platform.engine.support.hierarchical.ForkJoinPoolHierarchicalTestExecutorService.executeSync(ForkJoinPoolHierarchicalTestExecutorService.java:194)
	at org.junit.platform.engine.support.hierarchical.ForkJoinPoolHierarchicalTestExecutorService.invokeAll(ForkJoinPoolHierarchicalTestExecutorService.java:166)
	at org.junit.platform.engine.support.hierarchical.NodeTestTask.lambda$executeRecursively$6(NodeTestTask.java:161)
	at org.junit.platform.engine.support.hierarchical.ThrowableCollector.execute(ThrowableCollector.java:73)
	at org.junit.platform.engine.support.hierarchical.NodeTestTask.lambda$executeRecursively$8(NodeTestTask.java:147)
	at org.junit.platform.engine.support.hierarchical.Node.around(Node.java:137)
	at org.junit.platform.engine.support.hierarchical.NodeTestTask.lambda$executeRecursively$9(NodeTestTask.java:145)
	at org.junit.platform.engine.support.hierarchical.ThrowableCollector.execute(ThrowableCollector.java:73)
	at org.junit.platform.engine.support.hierarchical.NodeTestTask.executeRecursively(NodeTestTask.java:144)
	at org.junit.platform.engine.support.hierarchical.NodeTestTask.execute(NodeTestTask.java:101)
	at org.junit.platform.engine.support.hierarchical.ForkJoinPoolHierarchicalTestExecutorService$ExclusiveTask.exec(ForkJoinPoolHierarchicalTestExecutorService.java:274)
	at org.junit.platform.engine.support.hierarchical.ForkJoinPoolHierarchicalTestExecutorService$ExclusiveTask.execSync(ForkJoinPoolHierarchicalTestExecutorService.java:247)
	at org.junit.platform.engine.support.hierarchical.ForkJoinPoolHierarchicalTestExecutorService.invokeAll(ForkJoinPoolHierarchicalTestExecutorService.java:159)
	at org.junit.platform.engine.support.hierarchical.NodeTestTask.lambda$executeRecursively$6(NodeTestTask.java:161)
	at org.junit.platform.engine.support.hierarchical.ThrowableCollector.execute(ThrowableCollector.java:73)
	at org.junit.platform.engine.support.hierarchical.NodeTestTask.lambda$executeRecursively$8(NodeTestTask.java:147)
	at org.junit.platform.engine.support.hierarchical.Node.around(Node.java:137)
	at org.junit.platform.engine.support.hierarchical.NodeTestTask.lambda$executeRecursively$9(NodeTestTask.java:145)
	at org.junit.platform.engine.support.hierarchical.ThrowableCollector.execute(ThrowableCollector.java:73)
	at org.junit.platform.engine.support.hierarchical.NodeTestTask.executeRecursively(NodeTestTask.java:144)
	at org.junit.platform.engine.support.hierarchical.NodeTestTask.execute(NodeTestTask.java:101)
	at org.junit.platform.engine.support.hierarchical.ForkJoinPoolHierarchicalTestExecutorService$ExclusiveTask.exec(ForkJoinPoolHierarchicalTestExecutorService.java:274)
	at java.base/java.util.concurrent.ForkJoinTask.doExec(ForkJoinTask.java:387)
	at java.base/java.util.concurrent.ForkJoinPool$WorkQueue.topLevelExec(ForkJoinPool.java:1312)
	at java.base/java.util.concurrent.ForkJoinPool.scan(ForkJoinPool.java:1843)
	at java.base/java.util.concurrent.ForkJoinPool.runWorker(ForkJoinPool.java:1808)
	at java.base/java.util.concurrent.ForkJoinWorkerThread.run(ForkJoinWorkerThread.java:188)
2025-10-16 19:49:15,050 [ForkJoinPool-1-worker-1] WARN  scm.XceiverClientGrpc (XceiverClientGrpc.java:sendCommandWithRetry(500)) - Failed to execute command ReadChunk on the pipeline Pipeline{ Id: 8f9acfe3-5569-4a29-b935-ee898a0a2821, Nodes: [ {8a0fa2ff-b550-4652-b2fe-0cf91cd4a157(localhost/127.0.0.1), ReplicaIndex: 0}, {76d4ba71-5bbb-4b24-8f51-8bc7f78aaca4(localhost/127.0.0.1), ReplicaIndex: 0}, {e072d245-7694-4d97-8e20-c503ebf8c2fe(localhost/127.0.0.1), ReplicaIndex: 0},], ReplicationConfig: STANDALONE/THREE, State:OPEN, leaderId:e072d245-7694-4d97-8e20-c503ebf8c2fe, CreationTimestamp2025-10-16T19:47:26.320Z[Etc/UTC]}.
]]></system-out>
  </testcase>
  <testcase name="testReadKeyWithVerifyChecksumFlagDisable" classname="org.apache.hadoop.ozone.client.rpc.TestSecureOzoneRpcClient" time="0.035">
    <system-out><![CDATA[2025-10-16 19:49:15,051 [ForkJoinPool-1-worker-1] INFO  rpc.RpcClient (RpcClient.java:createVolume(461)) - Creating Volume: 8cab7f28-1439-4eca-b655-43ea1045d44d, with runner as owner and space quota set to -1 bytes, counts quota set to -1
2025-10-16 19:49:15,053 [om1-OMStateMachineApplyTransactionThread - 0] INFO  volume.OMVolumeCreateRequest (OMVolumeCreateRequest.java:validateAndUpdateCache(213)) - created volume:8cab7f28-1439-4eca-b655-43ea1045d44d for user:runner
2025-10-16 19:49:15,053 | INFO  | OMAudit | user=runner | ip=127.0.0.1 | op=CREATE_VOLUME {"admin":"runner","owner":"runner","volume":"8cab7f28-1439-4eca-b655-43ea1045d44d","creationTime":"1760644155052","modificationTime":"1760644155052","quotaInBytes":"-1","quotaInNamespace":"-1","usedNamespace":"0","objectID":"-9223372036854305280","updateID":"1838","Transaction":"1838"} | ret=SUCCESS |  
2025-10-16 19:49:15,054 | INFO  | OMAudit | user=runner | ip=127.0.0.1 | op=READ_VOLUME {"volume":"8cab7f28-1439-4eca-b655-43ea1045d44d"} | ret=SUCCESS |  
2025-10-16 19:49:15,055 [ForkJoinPool-1-worker-1] INFO  rpc.RpcClient (RpcClient.java:createBucket(686)) - Creating Bucket: 8cab7f28-1439-4eca-b655-43ea1045d44d/1bdfd5e8-6361-437a-9c26-4d1cf6382858, with server-side default bucket layout, runner as owner, Versioning false, Storage Type set to DISK and Encryption set to false, Replication Type set to server-side default replication type, Namespace Quota set to -1, Space Quota set to -1 
2025-10-16 19:49:15,056 [om1-OMStateMachineApplyTransactionThread - 0] INFO  bucket.OMBucketCreateRequest (OMBucketCreateRequest.java:validateAndUpdateCache(303)) - created bucket: 1bdfd5e8-6361-437a-9c26-4d1cf6382858 of layout FILE_SYSTEM_OPTIMIZED in volume: 8cab7f28-1439-4eca-b655-43ea1045d44d
2025-10-16 19:49:15,056 | INFO  | OMAudit | user=runner | ip=127.0.0.1 | op=CREATE_BUCKET {"volume":"8cab7f28-1439-4eca-b655-43ea1045d44d","bucket":"1bdfd5e8-6361-437a-9c26-4d1cf6382858","bucketLayout":"FILE_SYSTEM_OPTIMIZED","gdprEnabled":null,"acls":"[user:runner:a[ACCESS], group:runner:rl[ACCESS]]","isVersionEnabled":"false","storageType":"DISK","creationTime":"1760644155055","bucketEncryptionKey":null,"modificationTime":"1760644155055","usedBytes":"0","usedNamespace":"0","snapshotUsedBytes":"0","snapshotUsedNamespace":"0","owner":"runner","replicationType":null,"replicationConfig":null,"quotaInBytes":"-1","quotaInNamespace":"-1","Transaction":"1839"} | ret=SUCCESS |  
2025-10-16 19:49:15,057 | INFO  | OMAudit | user=runner | ip=127.0.0.1 | op=READ_BUCKET {"volume":"8cab7f28-1439-4eca-b655-43ea1045d44d","bucket":"1bdfd5e8-6361-437a-9c26-4d1cf6382858"} | ret=SUCCESS |  
2025-10-16 19:49:15,058 | INFO  | OMAudit | user=runner | ip=127.0.0.1 | op=READ_BUCKET {"volume":"8cab7f28-1439-4eca-b655-43ea1045d44d","bucket":"1bdfd5e8-6361-437a-9c26-4d1cf6382858"} | ret=SUCCESS |  
2025-10-16 19:49:15,058 | INFO  | SCMAudit | user=runner | ip=127.0.0.1 | op=ALLOCATE_BLOCK {"replication":"RATIS/ONE","owner":"omServiceIdDefault","size":"4194304","sampleBlocks":"[conID: 13 locID: 115816896921600520]","num":"1","client":"","allocated":"1"} | ret=SUCCESS |  
2025-10-16 19:49:15,060 | INFO  | OMAudit | user=runner | ip=127.0.0.1 | op=ALLOCATE_KEY {"volume":"8cab7f28-1439-4eca-b655-43ea1045d44d","bucket":"1bdfd5e8-6361-437a-9c26-4d1cf6382858","key":"033c203d-b2cc-413e-84ea-3f4e0529f01c","dataSize":"12","replicationType":"RATIS","replicationFactor":"ONE","Transaction":"1840"} | ret=SUCCESS |  
2025-10-16 19:49:15,065 | INFO  | OMAudit | user=runner | ip=127.0.0.1 | op=COMMIT_KEY {"volume":"8cab7f28-1439-4eca-b655-43ea1045d44d","bucket":"1bdfd5e8-6361-437a-9c26-4d1cf6382858","key":"033c203d-b2cc-413e-84ea-3f4e0529f01c","dataSize":"12","replicationType":"RATIS","replicationFactor":"ONE","Transaction":"1841"} | ret=SUCCESS |  
2025-10-16 19:49:15,067 | INFO  | OMAudit | user=runner | ip=127.0.0.1 | op=READ_KEY {"volume":"8cab7f28-1439-4eca-b655-43ea1045d44d","bucket":"1bdfd5e8-6361-437a-9c26-4d1cf6382858","key":"033c203d-b2cc-413e-84ea-3f4e0529f01c","owner":null,"dataSize":"0","replicationConfig":null} | ret=SUCCESS |  
2025-10-16 19:49:15,068 | INFO  | SCMAudit | user=null | ip=null | op=GET_SCM_INFO {} | ret=SUCCESS |  
2025-10-16 19:49:15,076 | INFO  | OMAudit | user=runner | ip=127.0.0.1 | op=GET_SERVICE_LIST {} | ret=SUCCESS |  
2025-10-16 19:49:15,078 | INFO  | OMAudit | user=runner | ip=127.0.0.1 | op=READ_KEY {"volume":"8cab7f28-1439-4eca-b655-43ea1045d44d","bucket":"1bdfd5e8-6361-437a-9c26-4d1cf6382858","key":"033c203d-b2cc-413e-84ea-3f4e0529f01c","owner":null,"dataSize":"0","replicationConfig":null} | ret=SUCCESS |  
2025-10-16 19:49:15,079 | INFO  | OMAudit | user=runner | ip=127.0.0.1 | op=READ_KEY {"volume":"8cab7f28-1439-4eca-b655-43ea1045d44d","bucket":"1bdfd5e8-6361-437a-9c26-4d1cf6382858","key":"033c203d-b2cc-413e-84ea-3f4e0529f01c","owner":null,"dataSize":"0","replicationConfig":null} | ret=SUCCESS |  
]]></system-out>
  </testcase>
  <testcase name="testReadKeyWithVerifyChecksumFlagEnable" classname="org.apache.hadoop.ozone.client.rpc.TestSecureOzoneRpcClient" time="2.047">
    <system-out><![CDATA[2025-10-16 19:49:15,087 [ForkJoinPool-1-worker-1] INFO  rpc.RpcClient (RpcClient.java:createVolume(461)) - Creating Volume: 4854520d-169c-4c57-b6de-82e07bdb0ca7, with runner as owner and space quota set to -1 bytes, counts quota set to -1
2025-10-16 19:49:15,091 [om1-OMStateMachineApplyTransactionThread - 0] INFO  volume.OMVolumeCreateRequest (OMVolumeCreateRequest.java:validateAndUpdateCache(213)) - created volume:4854520d-169c-4c57-b6de-82e07bdb0ca7 for user:runner
2025-10-16 19:49:15,091 | INFO  | OMAudit | user=runner | ip=127.0.0.1 | op=CREATE_VOLUME {"admin":"runner","owner":"runner","volume":"4854520d-169c-4c57-b6de-82e07bdb0ca7","creationTime":"1760644155090","modificationTime":"1760644155090","quotaInBytes":"-1","quotaInNamespace":"-1","usedNamespace":"0","objectID":"-9223372036854304256","updateID":"1842","Transaction":"1842"} | ret=SUCCESS |  
2025-10-16 19:49:15,092 | INFO  | OMAudit | user=runner | ip=127.0.0.1 | op=READ_VOLUME {"volume":"4854520d-169c-4c57-b6de-82e07bdb0ca7"} | ret=SUCCESS |  
2025-10-16 19:49:15,093 [ForkJoinPool-1-worker-1] INFO  rpc.RpcClient (RpcClient.java:createBucket(686)) - Creating Bucket: 4854520d-169c-4c57-b6de-82e07bdb0ca7/fe5e2335-96a3-4273-83ba-1744e856710b, with server-side default bucket layout, runner as owner, Versioning false, Storage Type set to DISK and Encryption set to false, Replication Type set to server-side default replication type, Namespace Quota set to -1, Space Quota set to -1 
2025-10-16 19:49:15,095 [om1-OMStateMachineApplyTransactionThread - 0] INFO  bucket.OMBucketCreateRequest (OMBucketCreateRequest.java:validateAndUpdateCache(303)) - created bucket: fe5e2335-96a3-4273-83ba-1744e856710b of layout FILE_SYSTEM_OPTIMIZED in volume: 4854520d-169c-4c57-b6de-82e07bdb0ca7
2025-10-16 19:49:15,095 | INFO  | OMAudit | user=runner | ip=127.0.0.1 | op=CREATE_BUCKET {"volume":"4854520d-169c-4c57-b6de-82e07bdb0ca7","bucket":"fe5e2335-96a3-4273-83ba-1744e856710b","bucketLayout":"FILE_SYSTEM_OPTIMIZED","gdprEnabled":null,"acls":"[user:runner:a[ACCESS], group:runner:rl[ACCESS]]","isVersionEnabled":"false","storageType":"DISK","creationTime":"1760644155094","bucketEncryptionKey":null,"modificationTime":"1760644155094","usedBytes":"0","usedNamespace":"0","snapshotUsedBytes":"0","snapshotUsedNamespace":"0","owner":"runner","replicationType":null,"replicationConfig":null,"quotaInBytes":"-1","quotaInNamespace":"-1","Transaction":"1843"} | ret=SUCCESS |  
2025-10-16 19:49:15,096 | INFO  | OMAudit | user=runner | ip=127.0.0.1 | op=READ_BUCKET {"volume":"4854520d-169c-4c57-b6de-82e07bdb0ca7","bucket":"fe5e2335-96a3-4273-83ba-1744e856710b"} | ret=SUCCESS |  
2025-10-16 19:49:15,097 | INFO  | OMAudit | user=runner | ip=127.0.0.1 | op=READ_BUCKET {"volume":"4854520d-169c-4c57-b6de-82e07bdb0ca7","bucket":"fe5e2335-96a3-4273-83ba-1744e856710b"} | ret=SUCCESS |  
2025-10-16 19:49:15,098 | INFO  | SCMAudit | user=runner | ip=127.0.0.1 | op=ALLOCATE_BLOCK {"replication":"RATIS/ONE","owner":"omServiceIdDefault","size":"4194304","sampleBlocks":"[conID: 1 locID: 115816896921600521]","num":"1","client":"","allocated":"1"} | ret=SUCCESS |  
2025-10-16 19:49:15,100 | INFO  | OMAudit | user=runner | ip=127.0.0.1 | op=ALLOCATE_KEY {"volume":"4854520d-169c-4c57-b6de-82e07bdb0ca7","bucket":"fe5e2335-96a3-4273-83ba-1744e856710b","key":"b14d7188-384a-4696-831d-72e8aabc531d","dataSize":"12","replicationType":"RATIS","replicationFactor":"ONE","Transaction":"1844"} | ret=SUCCESS |  
2025-10-16 19:49:15,106 | INFO  | OMAudit | user=runner | ip=127.0.0.1 | op=COMMIT_KEY {"volume":"4854520d-169c-4c57-b6de-82e07bdb0ca7","bucket":"fe5e2335-96a3-4273-83ba-1744e856710b","key":"b14d7188-384a-4696-831d-72e8aabc531d","dataSize":"12","replicationType":"RATIS","replicationFactor":"ONE","Transaction":"1845"} | ret=SUCCESS |  
2025-10-16 19:49:15,108 | INFO  | OMAudit | user=runner | ip=127.0.0.1 | op=READ_KEY {"volume":"4854520d-169c-4c57-b6de-82e07bdb0ca7","bucket":"fe5e2335-96a3-4273-83ba-1744e856710b","key":"b14d7188-384a-4696-831d-72e8aabc531d","owner":null,"dataSize":"0","replicationConfig":null} | ret=SUCCESS |  
2025-10-16 19:49:15,110 | INFO  | SCMAudit | user=null | ip=null | op=GET_SCM_INFO {} | ret=SUCCESS |  
2025-10-16 19:49:15,118 | INFO  | OMAudit | user=runner | ip=127.0.0.1 | op=GET_SERVICE_LIST {} | ret=SUCCESS |  
2025-10-16 19:49:15,121 | INFO  | OMAudit | user=runner | ip=127.0.0.1 | op=READ_KEY {"volume":"4854520d-169c-4c57-b6de-82e07bdb0ca7","bucket":"fe5e2335-96a3-4273-83ba-1744e856710b","key":"b14d7188-384a-4696-831d-72e8aabc531d","owner":null,"dataSize":"0","replicationConfig":null} | ret=SUCCESS |  
2025-10-16 19:49:15,123 | INFO  | OMAudit | user=runner | ip=127.0.0.1 | op=READ_KEY {"volume":"4854520d-169c-4c57-b6de-82e07bdb0ca7","bucket":"fe5e2335-96a3-4273-83ba-1744e856710b","key":"b14d7188-384a-4696-831d-72e8aabc531d","owner":null,"dataSize":"0","replicationConfig":null} | ret=SUCCESS |  
2025-10-16 19:49:15,129 [ForkJoinPool-1-worker-1] WARN  scm.XceiverClientGrpc (XceiverClientGrpc.java:sendCommandWithRetry(500)) - Failed to execute command ReadChunk on the pipeline Pipeline{ Id: 601a9733-5f65-4a12-8efd-961de130dc57, Nodes: [ {e072d245-7694-4d97-8e20-c503ebf8c2fe(localhost/127.0.0.1), ReplicaIndex: 0},], ReplicationConfig: STANDALONE/ONE, State:OPEN, leaderId:e072d245-7694-4d97-8e20-c503ebf8c2fe, CreationTimestamp2025-10-16T19:47:25.795Z[Etc/UTC]}.
2025-10-16 19:49:15,768 | INFO  | SCMAudit | user=runner | ip=127.0.0.1 | op=SEND_HEARTBEAT {"datanodeUUID":"702cb173-5c73-4ecc-b5cd-c7b4a6b66aea","term":"2","command":"[]"} | ret=SUCCESS |  
2025-10-16 19:49:15,768 [EventQueue-PipelineActionsForPipelineActionHandler] INFO  pipeline.PipelineActionHandler (PipelineActionHandler.java:processPipelineAction(89)) - Received pipeline action CLOSE for Pipeline-a6d455ad-cb8f-42d4-aaf7-6ca5f15a0415 from datanode 702cb173-5c73-4ecc-b5cd-c7b4a6b66aea(localhost/127.0.0.1). Reason : Ratis Transaction failure in datanode 702cb173-5c73-4ecc-b5cd-c7b4a6b66aea with role FOLLOWER .Triggering pipeline close action.
2025-10-16 19:49:15,769 [EventQueue-PipelineActionsForPipelineActionHandler] INFO  pipeline.PipelineActionHandler (PipelineActionHandler.java:processPipelineAction(89)) - Received pipeline action CLOSE for Pipeline-36270c74-4c8b-4dac-af71-cdbac21eb987 from datanode 702cb173-5c73-4ecc-b5cd-c7b4a6b66aea(localhost/127.0.0.1). Reason : Ratis Transaction failure in datanode 702cb173-5c73-4ecc-b5cd-c7b4a6b66aea with role LEADER .Triggering pipeline close action.
2025-10-16 19:49:15,769 | INFO  | SCMAudit | user=runner | ip=127.0.0.1 | op=SEND_HEARTBEAT {"datanodeUUID":"c0724e9c-0dd4-4d47-992c-7bfe285fdd38","term":"2","command":"[]"} | ret=SUCCESS |  
2025-10-16 19:49:15,771 | INFO  | SCMAudit | user=runner | ip=127.0.0.1 | op=SEND_HEARTBEAT {"datanodeUUID":"8a3c3252-9afe-4d3a-8492-25be6557678a","term":"2","command":"[]"} | ret=SUCCESS |  
2025-10-16 19:49:15,771 | INFO  | SCMAudit | user=runner | ip=127.0.0.1 | op=SEND_HEARTBEAT {"datanodeUUID":"58cff6b7-b2a7-446b-a75a-bb98ad6b11b8","term":"2","command":"[]"} | ret=SUCCESS |  
2025-10-16 19:49:15,772 | INFO  | SCMAudit | user=runner | ip=127.0.0.1 | op=SEND_HEARTBEAT {"datanodeUUID":"0e8b6cc7-9945-4141-97fc-6aa017a0d5fa","term":"2","command":"[]"} | ret=SUCCESS |  
2025-10-16 19:49:15,772 [EventQueue-PipelineActionsForPipelineActionHandler] INFO  pipeline.PipelineActionHandler (PipelineActionHandler.java:processPipelineAction(89)) - Received pipeline action CLOSE for Pipeline-a6d455ad-cb8f-42d4-aaf7-6ca5f15a0415 from datanode 0e8b6cc7-9945-4141-97fc-6aa017a0d5fa(localhost/127.0.0.1). Reason : Ratis Transaction failure in datanode 0e8b6cc7-9945-4141-97fc-6aa017a0d5fa with role FOLLOWER .Triggering pipeline close action.
2025-10-16 19:49:15,772 [EventQueue-PipelineActionsForPipelineActionHandler] INFO  pipeline.PipelineActionHandler (PipelineActionHandler.java:processPipelineAction(89)) - Received pipeline action CLOSE for Pipeline-36270c74-4c8b-4dac-af71-cdbac21eb987 from datanode 0e8b6cc7-9945-4141-97fc-6aa017a0d5fa(localhost/127.0.0.1). Reason : Ratis Transaction failure in datanode 0e8b6cc7-9945-4141-97fc-6aa017a0d5fa with role FOLLOWER .Triggering pipeline close action.
2025-10-16 19:49:15,795 | INFO  | SCMAudit | user=runner | ip=127.0.0.1 | op=SEND_HEARTBEAT {"datanodeUUID":"764b18f0-81c5-439a-9fff-25adc4f241fa","term":"2","command":"[]"} | ret=SUCCESS |  
2025-10-16 19:49:15,795 | INFO  | SCMAudit | user=runner | ip=127.0.0.1 | op=SEND_HEARTBEAT {"datanodeUUID":"f700af26-0e26-4136-9205-9509c82c8c70","term":"2","command":"[]"} | ret=SUCCESS |  
2025-10-16 19:49:15,797 | INFO  | SCMAudit | user=runner | ip=127.0.0.1 | op=SEND_HEARTBEAT {"datanodeUUID":"0428ab3f-efd5-438e-ae11-9ec242443260","term":"2","command":"[]"} | ret=SUCCESS |  
2025-10-16 19:49:15,801 | INFO  | SCMAudit | user=runner | ip=127.0.0.1 | op=SEND_HEARTBEAT {"datanodeUUID":"76d4ba71-5bbb-4b24-8f51-8bc7f78aaca4","term":"2","command":"[]"} | ret=SUCCESS |  
2025-10-16 19:49:15,801 [EventQueue-PipelineActionsForPipelineActionHandler] INFO  pipeline.PipelineActionHandler (PipelineActionHandler.java:processPipelineAction(89)) - Received pipeline action CLOSE for Pipeline-36c7da6a-14e2-433e-b882-35c832a27f16 from datanode 76d4ba71-5bbb-4b24-8f51-8bc7f78aaca4(localhost/127.0.0.1). Reason : Ratis Transaction failure in datanode 76d4ba71-5bbb-4b24-8f51-8bc7f78aaca4 with role LEADER .Triggering pipeline close action.
2025-10-16 19:49:15,801 | INFO  | SCMAudit | user=runner | ip=127.0.0.1 | op=SEND_HEARTBEAT {"datanodeUUID":"aa213937-adc5-47da-a770-0ee1e4664344","term":"2","command":"[]"} | ret=SUCCESS |  
2025-10-16 19:49:15,803 | INFO  | SCMAudit | user=runner | ip=127.0.0.1 | op=SEND_HEARTBEAT {"datanodeUUID":"e33e6ec4-6b66-4281-bedd-2bd75bd30070","term":"2","command":"[]"} | ret=SUCCESS |  
2025-10-16 19:49:15,803 [EventQueue-PipelineActionsForPipelineActionHandler] INFO  pipeline.PipelineActionHandler (PipelineActionHandler.java:processPipelineAction(89)) - Received pipeline action CLOSE for Pipeline-a6d455ad-cb8f-42d4-aaf7-6ca5f15a0415 from datanode e33e6ec4-6b66-4281-bedd-2bd75bd30070(localhost/127.0.0.1). Reason : Ratis Transaction failure in datanode e33e6ec4-6b66-4281-bedd-2bd75bd30070 with role LEADER .Triggering pipeline close action.
2025-10-16 19:49:15,803 [EventQueue-PipelineActionsForPipelineActionHandler] INFO  pipeline.PipelineActionHandler (PipelineActionHandler.java:processPipelineAction(89)) - Received pipeline action CLOSE for Pipeline-36270c74-4c8b-4dac-af71-cdbac21eb987 from datanode e33e6ec4-6b66-4281-bedd-2bd75bd30070(localhost/127.0.0.1). Reason : Ratis Transaction failure in datanode e33e6ec4-6b66-4281-bedd-2bd75bd30070 with role FOLLOWER .Triggering pipeline close action.
2025-10-16 19:49:15,805 | INFO  | SCMAudit | user=runner | ip=127.0.0.1 | op=SEND_HEARTBEAT {"datanodeUUID":"e072d245-7694-4d97-8e20-c503ebf8c2fe","term":"2","command":"[]"} | ret=SUCCESS |  
2025-10-16 19:49:15,805 [EventQueue-PipelineActionsForPipelineActionHandler] INFO  pipeline.PipelineActionHandler (PipelineActionHandler.java:processPipelineAction(89)) - Received pipeline action CLOSE for Pipeline-36c7da6a-14e2-433e-b882-35c832a27f16 from datanode e072d245-7694-4d97-8e20-c503ebf8c2fe(localhost/127.0.0.1). Reason : Ratis Transaction failure in datanode e072d245-7694-4d97-8e20-c503ebf8c2fe with role FOLLOWER .Triggering pipeline close action.
2025-10-16 19:49:15,805 | INFO  | SCMAudit | user=runner | ip=127.0.0.1 | op=SEND_HEARTBEAT {"datanodeUUID":"8a0fa2ff-b550-4652-b2fe-0cf91cd4a157","term":"2","command":"[]"} | ret=SUCCESS |  
2025-10-16 19:49:15,805 [EventQueue-PipelineActionsForPipelineActionHandler] INFO  pipeline.PipelineActionHandler (PipelineActionHandler.java:processPipelineAction(89)) - Received pipeline action CLOSE for Pipeline-36c7da6a-14e2-433e-b882-35c832a27f16 from datanode 8a0fa2ff-b550-4652-b2fe-0cf91cd4a157(localhost/127.0.0.1). Reason : Ratis Transaction failure in datanode 8a0fa2ff-b550-4652-b2fe-0cf91cd4a157 with role FOLLOWER .Triggering pipeline close action.
2025-10-16 19:49:15,806 | INFO  | SCMAudit | user=runner | ip=127.0.0.1 | op=SEND_HEARTBEAT {"datanodeUUID":"757ca056-973f-4f05-ab2d-6aff6c54d452","term":"2","command":"[]"} | ret=SUCCESS |  
2025-10-16 19:49:16,131 [ForkJoinPool-1-worker-1] WARN  scm.XceiverClientGrpc (XceiverClientGrpc.java:sendCommandWithRetry(500)) - Failed to execute command ReadChunk on the pipeline Pipeline{ Id: 601a9733-5f65-4a12-8efd-961de130dc57, Nodes: [ {e072d245-7694-4d97-8e20-c503ebf8c2fe(localhost/127.0.0.1), ReplicaIndex: 0},], ReplicationConfig: STANDALONE/ONE, State:OPEN, leaderId:e072d245-7694-4d97-8e20-c503ebf8c2fe, CreationTimestamp2025-10-16T19:47:25.795Z[Etc/UTC]}.
2025-10-16 19:49:16,769 | INFO  | SCMAudit | user=runner | ip=127.0.0.1 | op=SEND_HEARTBEAT {"datanodeUUID":"702cb173-5c73-4ecc-b5cd-c7b4a6b66aea","term":"2","command":"[]"} | ret=SUCCESS |  
2025-10-16 19:49:16,769 [EventQueue-PipelineActionsForPipelineActionHandler] INFO  pipeline.PipelineActionHandler (PipelineActionHandler.java:processPipelineAction(89)) - Received pipeline action CLOSE for Pipeline-a6d455ad-cb8f-42d4-aaf7-6ca5f15a0415 from datanode 702cb173-5c73-4ecc-b5cd-c7b4a6b66aea(localhost/127.0.0.1). Reason : Ratis Transaction failure in datanode 702cb173-5c73-4ecc-b5cd-c7b4a6b66aea with role FOLLOWER .Triggering pipeline close action.
2025-10-16 19:49:16,769 [EventQueue-PipelineActionsForPipelineActionHandler] INFO  pipeline.PipelineActionHandler (PipelineActionHandler.java:processPipelineAction(89)) - Received pipeline action CLOSE for Pipeline-36270c74-4c8b-4dac-af71-cdbac21eb987 from datanode 702cb173-5c73-4ecc-b5cd-c7b4a6b66aea(localhost/127.0.0.1). Reason : Ratis Transaction failure in datanode 702cb173-5c73-4ecc-b5cd-c7b4a6b66aea with role LEADER .Triggering pipeline close action.
2025-10-16 19:49:16,769 | INFO  | SCMAudit | user=runner | ip=127.0.0.1 | op=SEND_HEARTBEAT {"datanodeUUID":"c0724e9c-0dd4-4d47-992c-7bfe285fdd38","term":"2","command":"[]"} | ret=SUCCESS |  
2025-10-16 19:49:16,771 | INFO  | SCMAudit | user=runner | ip=127.0.0.1 | op=SEND_HEARTBEAT {"datanodeUUID":"8a3c3252-9afe-4d3a-8492-25be6557678a","term":"2","command":"[]"} | ret=SUCCESS |  
2025-10-16 19:49:16,771 | INFO  | SCMAudit | user=runner | ip=127.0.0.1 | op=SEND_HEARTBEAT {"datanodeUUID":"58cff6b7-b2a7-446b-a75a-bb98ad6b11b8","term":"2","command":"[]"} | ret=SUCCESS |  
2025-10-16 19:49:16,772 | INFO  | SCMAudit | user=runner | ip=127.0.0.1 | op=SEND_HEARTBEAT {"datanodeUUID":"0e8b6cc7-9945-4141-97fc-6aa017a0d5fa","term":"2","command":"[]"} | ret=SUCCESS |  
2025-10-16 19:49:16,772 [EventQueue-PipelineActionsForPipelineActionHandler] INFO  pipeline.PipelineActionHandler (PipelineActionHandler.java:processPipelineAction(89)) - Received pipeline action CLOSE for Pipeline-a6d455ad-cb8f-42d4-aaf7-6ca5f15a0415 from datanode 0e8b6cc7-9945-4141-97fc-6aa017a0d5fa(localhost/127.0.0.1). Reason : Ratis Transaction failure in datanode 0e8b6cc7-9945-4141-97fc-6aa017a0d5fa with role FOLLOWER .Triggering pipeline close action.
2025-10-16 19:49:16,772 [EventQueue-PipelineActionsForPipelineActionHandler] INFO  pipeline.PipelineActionHandler (PipelineActionHandler.java:processPipelineAction(89)) - Received pipeline action CLOSE for Pipeline-36270c74-4c8b-4dac-af71-cdbac21eb987 from datanode 0e8b6cc7-9945-4141-97fc-6aa017a0d5fa(localhost/127.0.0.1). Reason : Ratis Transaction failure in datanode 0e8b6cc7-9945-4141-97fc-6aa017a0d5fa with role FOLLOWER .Triggering pipeline close action.
2025-10-16 19:49:16,795 | INFO  | SCMAudit | user=runner | ip=127.0.0.1 | op=SEND_HEARTBEAT {"datanodeUUID":"764b18f0-81c5-439a-9fff-25adc4f241fa","term":"2","command":"[]"} | ret=SUCCESS |  
2025-10-16 19:49:16,795 | INFO  | SCMAudit | user=runner | ip=127.0.0.1 | op=SEND_HEARTBEAT {"datanodeUUID":"f700af26-0e26-4136-9205-9509c82c8c70","term":"2","command":"[]"} | ret=SUCCESS |  
2025-10-16 19:49:16,798 | INFO  | SCMAudit | user=runner | ip=127.0.0.1 | op=SEND_HEARTBEAT {"datanodeUUID":"0428ab3f-efd5-438e-ae11-9ec242443260","term":"2","command":"[]"} | ret=SUCCESS |  
2025-10-16 19:49:16,800 | INFO  | SCMAudit | user=runner | ip=127.0.0.1 | op=SEND_HEARTBEAT {"datanodeUUID":"76d4ba71-5bbb-4b24-8f51-8bc7f78aaca4","term":"2","command":"[]"} | ret=SUCCESS |  
2025-10-16 19:49:16,800 [EventQueue-PipelineActionsForPipelineActionHandler] INFO  pipeline.PipelineActionHandler (PipelineActionHandler.java:processPipelineAction(89)) - Received pipeline action CLOSE for Pipeline-36c7da6a-14e2-433e-b882-35c832a27f16 from datanode 76d4ba71-5bbb-4b24-8f51-8bc7f78aaca4(localhost/127.0.0.1). Reason : Ratis Transaction failure in datanode 76d4ba71-5bbb-4b24-8f51-8bc7f78aaca4 with role LEADER .Triggering pipeline close action.
2025-10-16 19:49:16,801 | INFO  | SCMAudit | user=runner | ip=127.0.0.1 | op=SEND_HEARTBEAT {"datanodeUUID":"aa213937-adc5-47da-a770-0ee1e4664344","term":"2","command":"[]"} | ret=SUCCESS |  
2025-10-16 19:49:16,803 | INFO  | SCMAudit | user=runner | ip=127.0.0.1 | op=SEND_HEARTBEAT {"datanodeUUID":"e33e6ec4-6b66-4281-bedd-2bd75bd30070","term":"2","command":"[]"} | ret=SUCCESS |  
2025-10-16 19:49:16,803 [EventQueue-PipelineActionsForPipelineActionHandler] INFO  pipeline.PipelineActionHandler (PipelineActionHandler.java:processPipelineAction(89)) - Received pipeline action CLOSE for Pipeline-a6d455ad-cb8f-42d4-aaf7-6ca5f15a0415 from datanode e33e6ec4-6b66-4281-bedd-2bd75bd30070(localhost/127.0.0.1). Reason : Ratis Transaction failure in datanode e33e6ec4-6b66-4281-bedd-2bd75bd30070 with role LEADER .Triggering pipeline close action.
2025-10-16 19:49:16,804 [EventQueue-PipelineActionsForPipelineActionHandler] INFO  pipeline.PipelineActionHandler (PipelineActionHandler.java:processPipelineAction(89)) - Received pipeline action CLOSE for Pipeline-36270c74-4c8b-4dac-af71-cdbac21eb987 from datanode e33e6ec4-6b66-4281-bedd-2bd75bd30070(localhost/127.0.0.1). Reason : Ratis Transaction failure in datanode e33e6ec4-6b66-4281-bedd-2bd75bd30070 with role FOLLOWER .Triggering pipeline close action.
2025-10-16 19:49:16,805 | INFO  | SCMAudit | user=runner | ip=127.0.0.1 | op=SEND_HEARTBEAT {"datanodeUUID":"8a0fa2ff-b550-4652-b2fe-0cf91cd4a157","term":"2","command":"[]"} | ret=SUCCESS |  
2025-10-16 19:49:16,805 [EventQueue-PipelineActionsForPipelineActionHandler] INFO  pipeline.PipelineActionHandler (PipelineActionHandler.java:processPipelineAction(89)) - Received pipeline action CLOSE for Pipeline-36c7da6a-14e2-433e-b882-35c832a27f16 from datanode 8a0fa2ff-b550-4652-b2fe-0cf91cd4a157(localhost/127.0.0.1). Reason : Ratis Transaction failure in datanode 8a0fa2ff-b550-4652-b2fe-0cf91cd4a157 with role FOLLOWER .Triggering pipeline close action.
2025-10-16 19:49:16,806 | INFO  | SCMAudit | user=runner | ip=127.0.0.1 | op=SEND_HEARTBEAT {"datanodeUUID":"e072d245-7694-4d97-8e20-c503ebf8c2fe","term":"2","command":"[]"} | ret=SUCCESS |  
2025-10-16 19:49:16,806 [EventQueue-PipelineActionsForPipelineActionHandler] INFO  pipeline.PipelineActionHandler (PipelineActionHandler.java:processPipelineAction(89)) - Received pipeline action CLOSE for Pipeline-36c7da6a-14e2-433e-b882-35c832a27f16 from datanode e072d245-7694-4d97-8e20-c503ebf8c2fe(localhost/127.0.0.1). Reason : Ratis Transaction failure in datanode e072d245-7694-4d97-8e20-c503ebf8c2fe with role FOLLOWER .Triggering pipeline close action.
2025-10-16 19:49:16,807 | INFO  | SCMAudit | user=runner | ip=127.0.0.1 | op=SEND_HEARTBEAT {"datanodeUUID":"757ca056-973f-4f05-ab2d-6aff6c54d452","term":"2","command":"[]"} | ret=SUCCESS |  
2025-10-16 19:49:17,132 [ForkJoinPool-1-worker-1] WARN  scm.XceiverClientGrpc (XceiverClientGrpc.java:sendCommandWithRetry(500)) - Failed to execute command ReadChunk on the pipeline Pipeline{ Id: 601a9733-5f65-4a12-8efd-961de130dc57, Nodes: [ {e072d245-7694-4d97-8e20-c503ebf8c2fe(localhost/127.0.0.1), ReplicaIndex: 0},], ReplicationConfig: STANDALONE/ONE, State:OPEN, leaderId:e072d245-7694-4d97-8e20-c503ebf8c2fe, CreationTimestamp2025-10-16T19:47:25.795Z[Etc/UTC]}.
]]></system-out>
  </testcase>
  <testcase name="testRemoteException" classname="org.apache.hadoop.ozone.client.rpc.TestSecureOzoneRpcClient" time="0.045">
    <system-out><![CDATA[2025-10-16 19:49:17,170 [Socket Reader #7 for port 15006] INFO  ipc.Server (Server.java:authorizeConnection(3032)) - Connection from 127.0.0.1:60468 for protocol org.apache.hadoop.ozone.om.protocol.OzoneManagerProtocol is unauthorized for user user (auth:PROXY) via realUser (auth:SIMPLE)
2025-10-16 19:49:17,178 [ForkJoinPool-1-worker-1] ERROR client.OzoneClientFactory (OzoneClientFactory.java:getClientProtocol(261)) - Couldn't create RpcClient protocol exception: 
org.apache.hadoop.ipc.RemoteException(org.apache.hadoop.security.authorize.AuthorizationException): User: realUser is not allowed to impersonate user
	at org.apache.hadoop.ipc.Client.getRpcResponse(Client.java:1584)
	at org.apache.hadoop.ipc.Client.call(Client.java:1529)
	at org.apache.hadoop.ipc.Client.call(Client.java:1426)
	at org.apache.hadoop.ipc.ProtobufRpcEngine$Invoker.invoke(ProtobufRpcEngine.java:250)
	at org.apache.hadoop.ipc.ProtobufRpcEngine$Invoker.invoke(ProtobufRpcEngine.java:132)
	at jdk.proxy2/jdk.proxy2.$Proxy84.submitRequest(Unknown Source)
	at java.base/jdk.internal.reflect.DirectMethodHandleAccessor.invoke(DirectMethodHandleAccessor.java:103)
	at java.base/java.lang.reflect.Method.invoke(Method.java:580)
	at org.apache.hadoop.io.retry.RetryInvocationHandler.invokeMethod(RetryInvocationHandler.java:437)
	at org.apache.hadoop.io.retry.RetryInvocationHandler$Call.invokeMethod(RetryInvocationHandler.java:170)
	at org.apache.hadoop.io.retry.RetryInvocationHandler$Call.invoke(RetryInvocationHandler.java:162)
	at org.apache.hadoop.io.retry.RetryInvocationHandler$Call.invokeOnce(RetryInvocationHandler.java:100)
	at org.apache.hadoop.io.retry.RetryInvocationHandler.invoke(RetryInvocationHandler.java:366)
	at jdk.proxy2/jdk.proxy2.$Proxy84.submitRequest(Unknown Source)
	at org.apache.hadoop.ozone.om.protocolPB.Hadoop3OmTransport.submitRequest(Hadoop3OmTransport.java:73)
	at org.apache.hadoop.ozone.om.protocolPB.OzoneManagerProtocolClientSideTranslatorPB.submitRequest(OzoneManagerProtocolClientSideTranslatorPB.java:340)
	at org.apache.hadoop.ozone.om.protocolPB.OzoneManagerProtocolClientSideTranslatorPB.getServiceInfo(OzoneManagerProtocolClientSideTranslatorPB.java:1865)
	at org.apache.hadoop.ozone.client.rpc.RpcClient.<init>(RpcClient.java:260)
	at org.apache.hadoop.ozone.client.OzoneClientFactory.getClientProtocol(OzoneClientFactory.java:258)
	at org.apache.hadoop.ozone.client.OzoneClientFactory.getClientProtocol(OzoneClientFactory.java:241)
	at org.apache.hadoop.ozone.client.OzoneClientFactory.getRpcClient(OzoneClientFactory.java:161)
	at org.apache.hadoop.ozone.client.rpc.TestSecureOzoneRpcClient.lambda$testRemoteException$6(TestSecureOzoneRpcClient.java:442)
	at java.base/java.security.AccessController.doPrivileged(AccessController.java:714)
	at java.base/javax.security.auth.Subject.doAs(Subject.java:525)
	at org.apache.hadoop.security.UserGroupInformation.doAs(UserGroupInformation.java:1953)
	at org.apache.hadoop.ozone.client.rpc.TestSecureOzoneRpcClient.lambda$testRemoteException$7(TestSecureOzoneRpcClient.java:441)
	at org.junit.jupiter.api.AssertThrows.assertThrows(AssertThrows.java:53)
	at org.junit.jupiter.api.AssertThrows.assertThrows(AssertThrows.java:35)
	at org.junit.jupiter.api.Assertions.assertThrows(Assertions.java:3128)
	at org.apache.hadoop.ozone.client.rpc.TestSecureOzoneRpcClient.testRemoteException(TestSecureOzoneRpcClient.java:440)
	at java.base/jdk.internal.reflect.DirectMethodHandleAccessor.invoke(DirectMethodHandleAccessor.java:103)
	at java.base/java.lang.reflect.Method.invoke(Method.java:580)
	at org.junit.platform.commons.util.ReflectionUtils.invokeMethod(ReflectionUtils.java:786)
	at org.junit.platform.commons.support.ReflectionSupport.invokeMethod(ReflectionSupport.java:514)
	at org.junit.jupiter.engine.execution.MethodInvocation.proceed(MethodInvocation.java:60)
	at org.junit.jupiter.engine.execution.InvocationInterceptorChain$ValidatingInvocation.proceed(InvocationInterceptorChain.java:131)
	at org.junit.jupiter.engine.extension.SameThreadTimeoutInvocation.proceed(SameThreadTimeoutInvocation.java:49)
	at org.junit.jupiter.engine.extension.TimeoutExtension.intercept(TimeoutExtension.java:161)
	at org.junit.jupiter.engine.extension.TimeoutExtension.interceptTestableMethod(TimeoutExtension.java:152)
	at org.junit.jupiter.engine.extension.TimeoutExtension.interceptTestMethod(TimeoutExtension.java:91)
	at org.junit.jupiter.engine.execution.InterceptingExecutableInvoker$ReflectiveInterceptorCall.lambda$ofVoidMethod$0(InterceptingExecutableInvoker.java:112)
	at org.junit.jupiter.engine.execution.InterceptingExecutableInvoker.lambda$invoke$0(InterceptingExecutableInvoker.java:94)
	at org.junit.jupiter.engine.execution.InvocationInterceptorChain$InterceptedInvocation.proceed(InvocationInterceptorChain.java:106)
	at org.junit.jupiter.engine.execution.InvocationInterceptorChain.proceed(InvocationInterceptorChain.java:64)
	at org.junit.jupiter.engine.execution.InvocationInterceptorChain.chainAndInvoke(InvocationInterceptorChain.java:45)
	at org.junit.jupiter.engine.execution.InvocationInterceptorChain.invoke(InvocationInterceptorChain.java:37)
	at org.junit.jupiter.engine.execution.InterceptingExecutableInvoker.invoke(InterceptingExecutableInvoker.java:93)
	at org.junit.jupiter.engine.execution.InterceptingExecutableInvoker.invoke(InterceptingExecutableInvoker.java:87)
	at org.junit.jupiter.engine.descriptor.TestMethodTestDescriptor.lambda$invokeTestMethod$4(TestMethodTestDescriptor.java:221)
	at org.junit.platform.engine.support.hierarchical.ThrowableCollector.execute(ThrowableCollector.java:73)
	at org.junit.jupiter.engine.descriptor.TestMethodTestDescriptor.invokeTestMethod(TestMethodTestDescriptor.java:217)
	at org.junit.jupiter.engine.descriptor.TestMethodTestDescriptor.execute(TestMethodTestDescriptor.java:159)
	at org.junit.jupiter.engine.descriptor.TestMethodTestDescriptor.execute(TestMethodTestDescriptor.java:70)
	at org.junit.platform.engine.support.hierarchical.NodeTestTask.lambda$executeRecursively$6(NodeTestTask.java:157)
	at org.junit.platform.engine.support.hierarchical.ThrowableCollector.execute(ThrowableCollector.java:73)
	at org.junit.platform.engine.support.hierarchical.NodeTestTask.lambda$executeRecursively$8(NodeTestTask.java:147)
	at org.junit.platform.engine.support.hierarchical.Node.around(Node.java:137)
	at org.junit.platform.engine.support.hierarchical.NodeTestTask.lambda$executeRecursively$9(NodeTestTask.java:145)
	at org.junit.platform.engine.support.hierarchical.ThrowableCollector.execute(ThrowableCollector.java:73)
	at org.junit.platform.engine.support.hierarchical.NodeTestTask.executeRecursively(NodeTestTask.java:144)
	at org.junit.platform.engine.support.hierarchical.NodeTestTask.execute(NodeTestTask.java:101)
	at org.junit.platform.engine.support.hierarchical.ForkJoinPoolHierarchicalTestExecutorService$ExclusiveTask.exec(ForkJoinPoolHierarchicalTestExecutorService.java:274)
	at org.junit.platform.engine.support.hierarchical.ForkJoinPoolHierarchicalTestExecutorService$ExclusiveTask.execSync(ForkJoinPoolHierarchicalTestExecutorService.java:247)
	at org.junit.platform.engine.support.hierarchical.ForkJoinPoolHierarchicalTestExecutorService.executeSync(ForkJoinPoolHierarchicalTestExecutorService.java:194)
	at org.junit.platform.engine.support.hierarchical.ForkJoinPoolHierarchicalTestExecutorService.invokeAll(ForkJoinPoolHierarchicalTestExecutorService.java:166)
	at org.junit.platform.engine.support.hierarchical.NodeTestTask.lambda$executeRecursively$6(NodeTestTask.java:161)
	at org.junit.platform.engine.support.hierarchical.ThrowableCollector.execute(ThrowableCollector.java:73)
	at org.junit.platform.engine.support.hierarchical.NodeTestTask.lambda$executeRecursively$8(NodeTestTask.java:147)
	at org.junit.platform.engine.support.hierarchical.Node.around(Node.java:137)
	at org.junit.platform.engine.support.hierarchical.NodeTestTask.lambda$executeRecursively$9(NodeTestTask.java:145)
	at org.junit.platform.engine.support.hierarchical.ThrowableCollector.execute(ThrowableCollector.java:73)
	at org.junit.platform.engine.support.hierarchical.NodeTestTask.executeRecursively(NodeTestTask.java:144)
	at org.junit.platform.engine.support.hierarchical.NodeTestTask.execute(NodeTestTask.java:101)
	at org.junit.platform.engine.support.hierarchical.ForkJoinPoolHierarchicalTestExecutorService$ExclusiveTask.exec(ForkJoinPoolHierarchicalTestExecutorService.java:274)
	at org.junit.platform.engine.support.hierarchical.ForkJoinPoolHierarchicalTestExecutorService$ExclusiveTask.execSync(ForkJoinPoolHierarchicalTestExecutorService.java:247)
	at org.junit.platform.engine.support.hierarchical.ForkJoinPoolHierarchicalTestExecutorService.invokeAll(ForkJoinPoolHierarchicalTestExecutorService.java:159)
	at org.junit.platform.engine.support.hierarchical.NodeTestTask.lambda$executeRecursively$6(NodeTestTask.java:161)
	at org.junit.platform.engine.support.hierarchical.ThrowableCollector.execute(ThrowableCollector.java:73)
	at org.junit.platform.engine.support.hierarchical.NodeTestTask.lambda$executeRecursively$8(NodeTestTask.java:147)
	at org.junit.platform.engine.support.hierarchical.Node.around(Node.java:137)
	at org.junit.platform.engine.support.hierarchical.NodeTestTask.lambda$executeRecursively$9(NodeTestTask.java:145)
	at org.junit.platform.engine.support.hierarchical.ThrowableCollector.execute(ThrowableCollector.java:73)
	at org.junit.platform.engine.support.hierarchical.NodeTestTask.executeRecursively(NodeTestTask.java:144)
	at org.junit.platform.engine.support.hierarchical.NodeTestTask.execute(NodeTestTask.java:101)
	at org.junit.platform.engine.support.hierarchical.ForkJoinPoolHierarchicalTestExecutorService$ExclusiveTask.exec(ForkJoinPoolHierarchicalTestExecutorService.java:274)
	at java.base/java.util.concurrent.ForkJoinTask.doExec(ForkJoinTask.java:387)
	at java.base/java.util.concurrent.ForkJoinPool$WorkQueue.topLevelExec(ForkJoinPool.java:1312)
	at java.base/java.util.concurrent.ForkJoinPool.scan(ForkJoinPool.java:1843)
	at java.base/java.util.concurrent.ForkJoinPool.runWorker(ForkJoinPool.java:1808)
	at java.base/java.util.concurrent.ForkJoinWorkerThread.run(ForkJoinWorkerThread.java:188)
]]></system-out>
  </testcase>
  <testcase name="testRemoveBucketAcl" classname="org.apache.hadoop.ozone.client.rpc.TestSecureOzoneRpcClient" time="0.01">
    <system-out><![CDATA[2025-10-16 19:49:17,180 [ForkJoinPool-1-worker-1] INFO  rpc.RpcClient (RpcClient.java:createVolume(461)) - Creating Volume: b5c88dc8-1f23-40ab-a559-87aab5845757, with runner as owner and space quota set to -1 bytes, counts quota set to -1
2025-10-16 19:49:17,182 [om1-OMStateMachineApplyTransactionThread - 0] INFO  volume.OMVolumeCreateRequest (OMVolumeCreateRequest.java:validateAndUpdateCache(213)) - created volume:b5c88dc8-1f23-40ab-a559-87aab5845757 for user:runner
2025-10-16 19:49:17,182 | INFO  | OMAudit | user=runner | ip=127.0.0.1 | op=CREATE_VOLUME {"admin":"runner","owner":"runner","volume":"b5c88dc8-1f23-40ab-a559-87aab5845757","creationTime":"1760644157181","modificationTime":"1760644157181","quotaInBytes":"-1","quotaInNamespace":"-1","usedNamespace":"0","objectID":"-9223372036854303232","updateID":"1846","Transaction":"1846"} | ret=SUCCESS |  
2025-10-16 19:49:17,183 | INFO  | OMAudit | user=runner | ip=127.0.0.1 | op=READ_VOLUME {"volume":"b5c88dc8-1f23-40ab-a559-87aab5845757"} | ret=SUCCESS |  
2025-10-16 19:49:17,184 [ForkJoinPool-1-worker-1] INFO  rpc.RpcClient (RpcClient.java:createBucket(686)) - Creating Bucket: b5c88dc8-1f23-40ab-a559-87aab5845757/e57fab0f-79f9-4526-b7ba-fb009431f6b8, with server-side default bucket layout, runner as owner, Versioning false, Storage Type set to DISK and Encryption set to false, Replication Type set to server-side default replication type, Namespace Quota set to -1, Space Quota set to -1 
2025-10-16 19:49:17,185 [om1-OMStateMachineApplyTransactionThread - 0] INFO  bucket.OMBucketCreateRequest (OMBucketCreateRequest.java:validateAndUpdateCache(303)) - created bucket: e57fab0f-79f9-4526-b7ba-fb009431f6b8 of layout FILE_SYSTEM_OPTIMIZED in volume: b5c88dc8-1f23-40ab-a559-87aab5845757
2025-10-16 19:49:17,185 | INFO  | OMAudit | user=runner | ip=127.0.0.1 | op=CREATE_BUCKET {"volume":"b5c88dc8-1f23-40ab-a559-87aab5845757","bucket":"e57fab0f-79f9-4526-b7ba-fb009431f6b8","bucketLayout":"FILE_SYSTEM_OPTIMIZED","gdprEnabled":null,"acls":"[user:runner:a[ACCESS], group:runner:rl[ACCESS], user:test:a[ACCESS]]","isVersionEnabled":"false","storageType":"DISK","creationTime":"1760644157184","bucketEncryptionKey":null,"modificationTime":"1760644157184","usedBytes":"0","usedNamespace":"0","snapshotUsedBytes":"0","snapshotUsedNamespace":"0","owner":"runner","replicationType":null,"replicationConfig":null,"quotaInBytes":"-1","quotaInNamespace":"-1","Transaction":"1847"} | ret=SUCCESS |  
2025-10-16 19:49:17,186 | INFO  | OMAudit | user=runner | ip=127.0.0.1 | op=READ_BUCKET {"volume":"b5c88dc8-1f23-40ab-a559-87aab5845757","bucket":"e57fab0f-79f9-4526-b7ba-fb009431f6b8"} | ret=SUCCESS |  
2025-10-16 19:49:17,188 | INFO  | OMAudit | user=runner | ip=127.0.0.1 | op=REMOVE_ACL {"resourceType":"bucket","storageType":"ozone","volume":"b5c88dc8-1f23-40ab-a559-87aab5845757","bucket":"e57fab0f-79f9-4526-b7ba-fb009431f6b8","key":null,"acl":"[user:test:a[ACCESS]]","Transaction":"1848"} | ret=SUCCESS |  
2025-10-16 19:49:17,189 | INFO  | OMAudit | user=runner | ip=127.0.0.1 | op=READ_BUCKET {"volume":"b5c88dc8-1f23-40ab-a559-87aab5845757","bucket":"e57fab0f-79f9-4526-b7ba-fb009431f6b8"} | ret=SUCCESS |  
2025-10-16 19:49:17,190 | INFO  | OMAudit | user=runner | ip=127.0.0.1 | op=GET_ACL {"resourceType":"bucket","storageType":"ozone","volume":"b5c88dc8-1f23-40ab-a559-87aab5845757","bucket":"e57fab0f-79f9-4526-b7ba-fb009431f6b8","key":null} | ret=SUCCESS |  
]]></system-out>
  </testcase>
  <testcase name="testRemoveBucketAclUsingRpcClientRemoveAcl" classname="org.apache.hadoop.ozone.client.rpc.TestSecureOzoneRpcClient" time="0.008">
    <system-out><![CDATA[2025-10-16 19:49:17,191 [ForkJoinPool-1-worker-1] INFO  rpc.RpcClient (RpcClient.java:createVolume(461)) - Creating Volume: 76e818db-ec40-4487-afe4-8b3dc795c814, with runner as owner and space quota set to -1 bytes, counts quota set to -1
2025-10-16 19:49:17,193 [om1-OMStateMachineApplyTransactionThread - 0] INFO  volume.OMVolumeCreateRequest (OMVolumeCreateRequest.java:validateAndUpdateCache(213)) - created volume:76e818db-ec40-4487-afe4-8b3dc795c814 for user:runner
2025-10-16 19:49:17,193 | INFO  | OMAudit | user=runner | ip=127.0.0.1 | op=CREATE_VOLUME {"admin":"runner","owner":"runner","volume":"76e818db-ec40-4487-afe4-8b3dc795c814","creationTime":"1760644157192","modificationTime":"1760644157192","quotaInBytes":"-1","quotaInNamespace":"-1","usedNamespace":"0","objectID":"-9223372036854302464","updateID":"1849","Transaction":"1849"} | ret=SUCCESS |  
2025-10-16 19:49:17,194 | INFO  | OMAudit | user=runner | ip=127.0.0.1 | op=READ_VOLUME {"volume":"76e818db-ec40-4487-afe4-8b3dc795c814"} | ret=SUCCESS |  
2025-10-16 19:49:17,194 [ForkJoinPool-1-worker-1] INFO  rpc.RpcClient (RpcClient.java:createBucket(686)) - Creating Bucket: 76e818db-ec40-4487-afe4-8b3dc795c814/3af80241-3628-40dd-b037-c04d7c492a9f, with server-side default bucket layout, runner as owner, Versioning false, Storage Type set to DISK and Encryption set to false, Replication Type set to server-side default replication type, Namespace Quota set to -1, Space Quota set to -1 
2025-10-16 19:49:17,195 [om1-OMStateMachineApplyTransactionThread - 0] INFO  bucket.OMBucketCreateRequest (OMBucketCreateRequest.java:validateAndUpdateCache(303)) - created bucket: 3af80241-3628-40dd-b037-c04d7c492a9f of layout FILE_SYSTEM_OPTIMIZED in volume: 76e818db-ec40-4487-afe4-8b3dc795c814
2025-10-16 19:49:17,195 | INFO  | OMAudit | user=runner | ip=127.0.0.1 | op=CREATE_BUCKET {"volume":"76e818db-ec40-4487-afe4-8b3dc795c814","bucket":"3af80241-3628-40dd-b037-c04d7c492a9f","bucketLayout":"FILE_SYSTEM_OPTIMIZED","gdprEnabled":null,"acls":"[user:runner:a[ACCESS], group:runner:rl[ACCESS], user:test:a[ACCESS], user:test1:a[ACCESS]]","isVersionEnabled":"false","storageType":"DISK","creationTime":"1760644157194","bucketEncryptionKey":null,"modificationTime":"1760644157194","usedBytes":"0","usedNamespace":"0","snapshotUsedBytes":"0","snapshotUsedNamespace":"0","owner":"runner","replicationType":null,"replicationConfig":null,"quotaInBytes":"-1","quotaInNamespace":"-1","Transaction":"1850"} | ret=SUCCESS |  
2025-10-16 19:49:17,196 | INFO  | OMAudit | user=runner | ip=127.0.0.1 | op=REMOVE_ACL {"resourceType":"bucket","storageType":"ozone","volume":"76e818db-ec40-4487-afe4-8b3dc795c814","bucket":"3af80241-3628-40dd-b037-c04d7c492a9f","key":null,"acl":"[user:test1:a[ACCESS]]","Transaction":"1851"} | ret=SUCCESS |  
2025-10-16 19:49:17,197 | INFO  | OMAudit | user=runner | ip=127.0.0.1 | op=GET_ACL {"resourceType":"bucket","storageType":"ozone","volume":"76e818db-ec40-4487-afe4-8b3dc795c814","bucket":"3af80241-3628-40dd-b037-c04d7c492a9f","key":null} | ret=SUCCESS |  
2025-10-16 19:49:17,198 | INFO  | OMAudit | user=runner | ip=127.0.0.1 | op=REMOVE_ACL {"resourceType":"bucket","storageType":"ozone","volume":"76e818db-ec40-4487-afe4-8b3dc795c814","bucket":"3af80241-3628-40dd-b037-c04d7c492a9f","key":null,"acl":"[user:test:a[ACCESS]]","Transaction":"1852"} | ret=SUCCESS |  
2025-10-16 19:49:17,199 | INFO  | OMAudit | user=runner | ip=127.0.0.1 | op=GET_ACL {"resourceType":"bucket","storageType":"ozone","volume":"76e818db-ec40-4487-afe4-8b3dc795c814","bucket":"3af80241-3628-40dd-b037-c04d7c492a9f","key":null} | ret=SUCCESS |  
]]></system-out>
  </testcase>
  <testcase name="testRenameKey" classname="org.apache.hadoop.ozone.client.rpc.TestSecureOzoneRpcClient" time="0.028">
    <system-out><![CDATA[2025-10-16 19:49:17,200 [ForkJoinPool-1-worker-1] INFO  rpc.RpcClient (RpcClient.java:createVolume(461)) - Creating Volume: 949f841d-9c6c-4867-b775-660ccd27f24c, with runner as owner and space quota set to -1 bytes, counts quota set to -1
2025-10-16 19:49:17,201 [om1-OMStateMachineApplyTransactionThread - 0] INFO  volume.OMVolumeCreateRequest (OMVolumeCreateRequest.java:validateAndUpdateCache(213)) - created volume:949f841d-9c6c-4867-b775-660ccd27f24c for user:runner
2025-10-16 19:49:17,201 | INFO  | OMAudit | user=runner | ip=127.0.0.1 | op=CREATE_VOLUME {"admin":"runner","owner":"runner","volume":"949f841d-9c6c-4867-b775-660ccd27f24c","creationTime":"1760644157200","modificationTime":"1760644157200","quotaInBytes":"-1","quotaInNamespace":"-1","usedNamespace":"0","objectID":"-9223372036854301440","updateID":"1853","Transaction":"1853"} | ret=SUCCESS |  
2025-10-16 19:49:17,202 | INFO  | OMAudit | user=runner | ip=127.0.0.1 | op=READ_VOLUME {"volume":"949f841d-9c6c-4867-b775-660ccd27f24c"} | ret=SUCCESS |  
2025-10-16 19:49:17,202 [ForkJoinPool-1-worker-1] INFO  rpc.RpcClient (RpcClient.java:createBucket(686)) - Creating Bucket: 949f841d-9c6c-4867-b775-660ccd27f24c/d2af677f-96a2-440e-962e-a91f1e9f68c4, with server-side default bucket layout, runner as owner, Versioning false, Storage Type set to DISK and Encryption set to false, Replication Type set to server-side default replication type, Namespace Quota set to -1, Space Quota set to -1 
2025-10-16 19:49:17,203 [om1-OMStateMachineApplyTransactionThread - 0] INFO  bucket.OMBucketCreateRequest (OMBucketCreateRequest.java:validateAndUpdateCache(303)) - created bucket: d2af677f-96a2-440e-962e-a91f1e9f68c4 of layout FILE_SYSTEM_OPTIMIZED in volume: 949f841d-9c6c-4867-b775-660ccd27f24c
2025-10-16 19:49:17,203 | INFO  | OMAudit | user=runner | ip=127.0.0.1 | op=CREATE_BUCKET {"volume":"949f841d-9c6c-4867-b775-660ccd27f24c","bucket":"d2af677f-96a2-440e-962e-a91f1e9f68c4","bucketLayout":"FILE_SYSTEM_OPTIMIZED","gdprEnabled":null,"acls":"[user:runner:a[ACCESS], group:runner:rl[ACCESS]]","isVersionEnabled":"false","storageType":"DISK","creationTime":"1760644157203","bucketEncryptionKey":null,"modificationTime":"1760644157203","usedBytes":"0","usedNamespace":"0","snapshotUsedBytes":"0","snapshotUsedNamespace":"0","owner":"runner","replicationType":null,"replicationConfig":null,"quotaInBytes":"-1","quotaInNamespace":"-1","Transaction":"1854"} | ret=SUCCESS |  
2025-10-16 19:49:17,204 | INFO  | OMAudit | user=runner | ip=127.0.0.1 | op=READ_BUCKET {"volume":"949f841d-9c6c-4867-b775-660ccd27f24c","bucket":"d2af677f-96a2-440e-962e-a91f1e9f68c4"} | ret=SUCCESS |  
2025-10-16 19:49:17,205 | INFO  | OMAudit | user=runner | ip=127.0.0.1 | op=READ_BUCKET {"volume":"949f841d-9c6c-4867-b775-660ccd27f24c","bucket":"d2af677f-96a2-440e-962e-a91f1e9f68c4"} | ret=SUCCESS |  
2025-10-16 19:49:17,206 | INFO  | SCMAudit | user=runner | ip=127.0.0.1 | op=ALLOCATE_BLOCK {"replication":"RATIS/ONE","owner":"omServiceIdDefault","size":"4194304","sampleBlocks":"[conID: 1 locID: 115816896921600522]","num":"1","client":"","allocated":"1"} | ret=SUCCESS |  
2025-10-16 19:49:17,208 | INFO  | OMAudit | user=runner | ip=127.0.0.1 | op=ALLOCATE_KEY {"volume":"949f841d-9c6c-4867-b775-660ccd27f24c","bucket":"d2af677f-96a2-440e-962e-a91f1e9f68c4","key":"7c5fed73-9d7b-428f-9fad-f0933f8b3ad7","dataSize":"12","replicationType":"RATIS","replicationFactor":"ONE","Transaction":"1855"} | ret=SUCCESS |  
2025-10-16 19:49:17,213 | INFO  | OMAudit | user=runner | ip=127.0.0.1 | op=COMMIT_KEY {"volume":"949f841d-9c6c-4867-b775-660ccd27f24c","bucket":"d2af677f-96a2-440e-962e-a91f1e9f68c4","key":"7c5fed73-9d7b-428f-9fad-f0933f8b3ad7","dataSize":"12","replicationType":"RATIS","replicationFactor":"ONE","Transaction":"1856"} | ret=SUCCESS |  
2025-10-16 19:49:17,215 | INFO  | OMAudit | user=runner | ip=127.0.0.1 | op=READ_KEY {"volume":"949f841d-9c6c-4867-b775-660ccd27f24c","bucket":"d2af677f-96a2-440e-962e-a91f1e9f68c4","key":"7c5fed73-9d7b-428f-9fad-f0933f8b3ad7","owner":null,"dataSize":"0","replicationConfig":null} | ret=SUCCESS |  
2025-10-16 19:49:17,219 | INFO  | OMAudit | user=runner | ip=127.0.0.1 | op=RENAME_KEY {"volume":"949f841d-9c6c-4867-b775-660ccd27f24c","bucket":"d2af677f-96a2-440e-962e-a91f1e9f68c4","dataSize":"0","srcKey":"7c5fed73-9d7b-428f-9fad-f0933f8b3ad7","dstKey":"","Transaction":"1857"} | ret=SUCCESS |  
2025-10-16 19:49:17,221 | INFO  | OMAudit | user=runner | ip=127.0.0.1 | op=READ_KEY {"volume":"949f841d-9c6c-4867-b775-660ccd27f24c","bucket":"d2af677f-96a2-440e-962e-a91f1e9f68c4","key":"7c5fed73-9d7b-428f-9fad-f0933f8b3ad7","owner":null,"dataSize":"0","replicationConfig":null} | ret=SUCCESS |  
2025-10-16 19:49:17,224 | INFO  | OMAudit | user=runner | ip=127.0.0.1 | op=RENAME_KEY {"volume":"949f841d-9c6c-4867-b775-660ccd27f24c","bucket":"d2af677f-96a2-440e-962e-a91f1e9f68c4","dataSize":"0","srcKey":"7c5fed73-9d7b-428f-9fad-f0933f8b3ad7","dstKey":"ce445c47-b936-4eea-aaab-88650c6cbe11","Transaction":"1858"} | ret=SUCCESS |  
2025-10-16 19:49:17,226 | ERROR | OMAudit | user=runner | ip=127.0.0.1 | op=READ_KEY {"volume":"949f841d-9c6c-4867-b775-660ccd27f24c","bucket":"d2af677f-96a2-440e-962e-a91f1e9f68c4","key":"7c5fed73-9d7b-428f-9fad-f0933f8b3ad7","owner":null,"dataSize":"0","replicationConfig":null} | ret=FAILURE | 
org.apache.hadoop.ozone.om.exceptions.OMException: Key:7c5fed73-9d7b-428f-9fad-f0933f8b3ad7 not found
	at org.apache.hadoop.ozone.om.KeyManagerImpl.readKeyInfo(KeyManagerImpl.java:614)
	at org.apache.hadoop.ozone.om.KeyManagerImpl.lambda$22(KeyManagerImpl.java:2340)
 
2025-10-16 19:49:17,227 | INFO  | OMAudit | user=runner | ip=127.0.0.1 | op=READ_KEY {"volume":"949f841d-9c6c-4867-b775-660ccd27f24c","bucket":"d2af677f-96a2-440e-962e-a91f1e9f68c4","key":"ce445c47-b936-4eea-aaab-88650c6cbe11","owner":null,"dataSize":"0","replicationConfig":null} | ret=SUCCESS |  
]]></system-out>
  </testcase>
  <testcase name="testS3Auth" classname="org.apache.hadoop.ozone.client.rpc.TestSecureOzoneRpcClient" time="0.007">
    <system-out><![CDATA[2025-10-16 19:49:17,229 [ForkJoinPool-1-worker-1] INFO  om.S3SecretManager (S3SecretManager.java:updateCache(103)) - Updating cache for accessId/user: runner.
2025-10-16 19:49:17,232 [om1-OMStateMachineApplyTransactionThread - 0] INFO  volume.OMVolumeCreateRequest (OMVolumeCreateRequest.java:validateAndUpdateCache(213)) - created volume:c7314ac7-1258-48a7-ae1a-d3495b9ec38c for user:runner
2025-10-16 19:49:17,232 | INFO  | OMAudit | user=runner | ip= | op=CREATE_VOLUME {"admin":"runner","owner":"runner","volume":"c7314ac7-1258-48a7-ae1a-d3495b9ec38c","creationTime":"1760644157231","modificationTime":"1760644157231","quotaInBytes":"0","quotaInNamespace":"-2","usedNamespace":"0","objectID":"-9223372036854299904","updateID":"1859","Transaction":"1859"} | ret=SUCCESS |  
2025-10-16 19:49:17,233 | INFO  | OMAudit | user=null | ip= | op=READ_VOLUME {"volume":"c7314ac7-1258-48a7-ae1a-d3495b9ec38c"} | ret=SUCCESS |  
2025-10-16 19:49:17,233 [ForkJoinPool-1-worker-1] INFO  om.S3SecretManager (S3SecretManager.java:updateCache(103)) - Updating cache for accessId/user: runner.
2025-10-16 19:49:17,234 [ForkJoinPool-1-worker-1] ERROR protocolPB.OzoneManagerProtocolServerSideTranslatorPB (S3SecurityUtil.java:validateS3Credential(70)) - signatures do NOT match for S3 identifier:OzoneToken owner=runner, renewer=, realUser=, issueDate=1970-01-01T00:00:00Z, maxDate=1970-01-01T00:00:00Z, sequenceNumber=0, masterKeyId=0, strToSign=AWS4-HMAC-SHA256
20150830T123600Z
20150830/us-east-1/iam/aws4_request
f536975d06c0309214f805bb90ccff089219ecd68b2577efef23edd43b7e1a59, signature=5d672d79c15b13162d9279b0855cfba6789a8edb4c82c400e06b5924a6f2b5d7, awsAccessKeyId=runner, omServiceId=null, omCertSerialId=null, secretKeyId=null
org.apache.hadoop.security.token.SecretManager$InvalidToken: Invalid S3 identifier:OzoneToken owner=runner, renewer=, realUser=, issueDate=1970-01-01T00:00:00Z, maxDate=1970-01-01T00:00:00Z, sequenceNumber=0, masterKeyId=0, strToSign=AWS4-HMAC-SHA256
20150830T123600Z
20150830/us-east-1/iam/aws4_request
f536975d06c0309214f805bb90ccff089219ecd68b2577efef23edd43b7e1a59, signature=5d672d79c15b13162d9279b0855cfba6789a8edb4c82c400e06b5924a6f2b5d7, awsAccessKeyId=runner, omServiceId=null, omCertSerialId=null, secretKeyId=null
	at org.apache.hadoop.ozone.security.OzoneDelegationTokenSecretManager.validateS3AuthInfo(OzoneDelegationTokenSecretManager.java:502)
	at org.apache.hadoop.ozone.security.OzoneDelegationTokenSecretManager.retrievePassword(OzoneDelegationTokenSecretManager.java:375)
	at org.apache.hadoop.ozone.security.S3SecurityUtil.validateS3Credential(S3SecurityUtil.java:61)
	at org.apache.hadoop.ozone.protocolPB.OzoneManagerProtocolServerSideTranslatorPB.internalProcessRequest(OzoneManagerProtocolServerSideTranslatorPB.java:151)
	at org.apache.hadoop.ozone.protocolPB.OzoneManagerProtocolServerSideTranslatorPB.processRequest(OzoneManagerProtocolServerSideTranslatorPB.java:124)
	at org.apache.hadoop.hdds.server.OzoneProtocolMessageDispatcher.processRequest(OzoneProtocolMessageDispatcher.java:89)
	at org.apache.hadoop.ozone.protocolPB.OzoneManagerProtocolServerSideTranslatorPB.submitRequest(OzoneManagerProtocolServerSideTranslatorPB.java:115)
	at org.apache.hadoop.ozone.client.rpc.TestSecureOzoneRpcClient.testS3Auth(TestSecureOzoneRpcClient.java:426)
	at java.base/jdk.internal.reflect.DirectMethodHandleAccessor.invoke(DirectMethodHandleAccessor.java:103)
	at java.base/java.lang.reflect.Method.invoke(Method.java:580)
	at org.junit.platform.commons.util.ReflectionUtils.invokeMethod(ReflectionUtils.java:786)
	at org.junit.platform.commons.support.ReflectionSupport.invokeMethod(ReflectionSupport.java:514)
	at org.junit.jupiter.engine.execution.MethodInvocation.proceed(MethodInvocation.java:60)
	at org.junit.jupiter.engine.execution.InvocationInterceptorChain$ValidatingInvocation.proceed(InvocationInterceptorChain.java:131)
	at org.junit.jupiter.engine.extension.SameThreadTimeoutInvocation.proceed(SameThreadTimeoutInvocation.java:49)
	at org.junit.jupiter.engine.extension.TimeoutExtension.intercept(TimeoutExtension.java:161)
	at org.junit.jupiter.engine.extension.TimeoutExtension.interceptTestableMethod(TimeoutExtension.java:152)
	at org.junit.jupiter.engine.extension.TimeoutExtension.interceptTestMethod(TimeoutExtension.java:91)
	at org.junit.jupiter.engine.execution.InterceptingExecutableInvoker$ReflectiveInterceptorCall.lambda$ofVoidMethod$0(InterceptingExecutableInvoker.java:112)
	at org.junit.jupiter.engine.execution.InterceptingExecutableInvoker.lambda$invoke$0(InterceptingExecutableInvoker.java:94)
	at org.junit.jupiter.engine.execution.InvocationInterceptorChain$InterceptedInvocation.proceed(InvocationInterceptorChain.java:106)
	at org.junit.jupiter.engine.execution.InvocationInterceptorChain.proceed(InvocationInterceptorChain.java:64)
	at org.junit.jupiter.engine.execution.InvocationInterceptorChain.chainAndInvoke(InvocationInterceptorChain.java:45)
	at org.junit.jupiter.engine.execution.InvocationInterceptorChain.invoke(InvocationInterceptorChain.java:37)
	at org.junit.jupiter.engine.execution.InterceptingExecutableInvoker.invoke(InterceptingExecutableInvoker.java:93)
	at org.junit.jupiter.engine.execution.InterceptingExecutableInvoker.invoke(InterceptingExecutableInvoker.java:87)
	at org.junit.jupiter.engine.descriptor.TestMethodTestDescriptor.lambda$invokeTestMethod$4(TestMethodTestDescriptor.java:221)
	at org.junit.platform.engine.support.hierarchical.ThrowableCollector.execute(ThrowableCollector.java:73)
	at org.junit.jupiter.engine.descriptor.TestMethodTestDescriptor.invokeTestMethod(TestMethodTestDescriptor.java:217)
	at org.junit.jupiter.engine.descriptor.TestMethodTestDescriptor.execute(TestMethodTestDescriptor.java:159)
	at org.junit.jupiter.engine.descriptor.TestMethodTestDescriptor.execute(TestMethodTestDescriptor.java:70)
	at org.junit.platform.engine.support.hierarchical.NodeTestTask.lambda$executeRecursively$6(NodeTestTask.java:157)
	at org.junit.platform.engine.support.hierarchical.ThrowableCollector.execute(ThrowableCollector.java:73)
	at org.junit.platform.engine.support.hierarchical.NodeTestTask.lambda$executeRecursively$8(NodeTestTask.java:147)
	at org.junit.platform.engine.support.hierarchical.Node.around(Node.java:137)
	at org.junit.platform.engine.support.hierarchical.NodeTestTask.lambda$executeRecursively$9(NodeTestTask.java:145)
	at org.junit.platform.engine.support.hierarchical.ThrowableCollector.execute(ThrowableCollector.java:73)
	at org.junit.platform.engine.support.hierarchical.NodeTestTask.executeRecursively(NodeTestTask.java:144)
	at org.junit.platform.engine.support.hierarchical.NodeTestTask.execute(NodeTestTask.java:101)
	at org.junit.platform.engine.support.hierarchical.ForkJoinPoolHierarchicalTestExecutorService$ExclusiveTask.exec(ForkJoinPoolHierarchicalTestExecutorService.java:274)
	at org.junit.platform.engine.support.hierarchical.ForkJoinPoolHierarchicalTestExecutorService$ExclusiveTask.execSync(ForkJoinPoolHierarchicalTestExecutorService.java:247)
	at org.junit.platform.engine.support.hierarchical.ForkJoinPoolHierarchicalTestExecutorService.executeSync(ForkJoinPoolHierarchicalTestExecutorService.java:194)
	at org.junit.platform.engine.support.hierarchical.ForkJoinPoolHierarchicalTestExecutorService.invokeAll(ForkJoinPoolHierarchicalTestExecutorService.java:166)
	at org.junit.platform.engine.support.hierarchical.NodeTestTask.lambda$executeRecursively$6(NodeTestTask.java:161)
	at org.junit.platform.engine.support.hierarchical.ThrowableCollector.execute(ThrowableCollector.java:73)
	at org.junit.platform.engine.support.hierarchical.NodeTestTask.lambda$executeRecursively$8(NodeTestTask.java:147)
	at org.junit.platform.engine.support.hierarchical.Node.around(Node.java:137)
	at org.junit.platform.engine.support.hierarchical.NodeTestTask.lambda$executeRecursively$9(NodeTestTask.java:145)
	at org.junit.platform.engine.support.hierarchical.ThrowableCollector.execute(ThrowableCollector.java:73)
	at org.junit.platform.engine.support.hierarchical.NodeTestTask.executeRecursively(NodeTestTask.java:144)
	at org.junit.platform.engine.support.hierarchical.NodeTestTask.execute(NodeTestTask.java:101)
	at org.junit.platform.engine.support.hierarchical.ForkJoinPoolHierarchicalTestExecutorService$ExclusiveTask.exec(ForkJoinPoolHierarchicalTestExecutorService.java:274)
	at org.junit.platform.engine.support.hierarchical.ForkJoinPoolHierarchicalTestExecutorService$ExclusiveTask.execSync(ForkJoinPoolHierarchicalTestExecutorService.java:247)
	at org.junit.platform.engine.support.hierarchical.ForkJoinPoolHierarchicalTestExecutorService.invokeAll(ForkJoinPoolHierarchicalTestExecutorService.java:159)
	at org.junit.platform.engine.support.hierarchical.NodeTestTask.lambda$executeRecursively$6(NodeTestTask.java:161)
	at org.junit.platform.engine.support.hierarchical.ThrowableCollector.execute(ThrowableCollector.java:73)
	at org.junit.platform.engine.support.hierarchical.NodeTestTask.lambda$executeRecursively$8(NodeTestTask.java:147)
	at org.junit.platform.engine.support.hierarchical.Node.around(Node.java:137)
	at org.junit.platform.engine.support.hierarchical.NodeTestTask.lambda$executeRecursively$9(NodeTestTask.java:145)
	at org.junit.platform.engine.support.hierarchical.ThrowableCollector.execute(ThrowableCollector.java:73)
	at org.junit.platform.engine.support.hierarchical.NodeTestTask.executeRecursively(NodeTestTask.java:144)
	at org.junit.platform.engine.support.hierarchical.NodeTestTask.execute(NodeTestTask.java:101)
	at org.junit.platform.engine.support.hierarchical.ForkJoinPoolHierarchicalTestExecutorService$ExclusiveTask.exec(ForkJoinPoolHierarchicalTestExecutorService.java:274)
	at java.base/java.util.concurrent.ForkJoinTask.doExec(ForkJoinTask.java:387)
	at java.base/java.util.concurrent.ForkJoinPool$WorkQueue.topLevelExec(ForkJoinPool.java:1312)
	at java.base/java.util.concurrent.ForkJoinPool.scan(ForkJoinPool.java:1843)
	at java.base/java.util.concurrent.ForkJoinPool.runWorker(ForkJoinPool.java:1808)
	at java.base/java.util.concurrent.ForkJoinWorkerThread.run(ForkJoinWorkerThread.java:188)
2025-10-16 19:49:17,235 [ForkJoinPool-1-worker-1] ERROR protocolPB.OzoneManagerProtocolServerSideTranslatorPB (S3SecurityUtil.java:validateS3Credential(70)) - signatures do NOT match for S3 identifier:OzoneToken owner=runner, renewer=, realUser=, issueDate=1970-01-01T00:00:00Z, maxDate=1970-01-01T00:00:00Z, sequenceNumber=0, masterKeyId=0, strToSign=AWS4-HMAC-SHA256
20150830T123600Z
20150830/us-east-1/iam/aws4_request
f536975d06c0309214f805bb90ccff089219ecd68b2577efef23edd43b7e1a59, signature=5d672d79c15b13162d9279b0855cfba6789a8edb4c82c400e06b5924a6f2b5d7, awsAccessKeyId=runner, omServiceId=null, omCertSerialId=null, secretKeyId=null
org.apache.hadoop.security.token.SecretManager$InvalidToken: Invalid S3 identifier:OzoneToken owner=runner, renewer=, realUser=, issueDate=1970-01-01T00:00:00Z, maxDate=1970-01-01T00:00:00Z, sequenceNumber=0, masterKeyId=0, strToSign=AWS4-HMAC-SHA256
20150830T123600Z
20150830/us-east-1/iam/aws4_request
f536975d06c0309214f805bb90ccff089219ecd68b2577efef23edd43b7e1a59, signature=5d672d79c15b13162d9279b0855cfba6789a8edb4c82c400e06b5924a6f2b5d7, awsAccessKeyId=runner, omServiceId=null, omCertSerialId=null, secretKeyId=null
	at org.apache.hadoop.ozone.security.OzoneDelegationTokenSecretManager.validateS3AuthInfo(OzoneDelegationTokenSecretManager.java:502)
	at org.apache.hadoop.ozone.security.OzoneDelegationTokenSecretManager.retrievePassword(OzoneDelegationTokenSecretManager.java:375)
	at org.apache.hadoop.ozone.security.S3SecurityUtil.validateS3Credential(S3SecurityUtil.java:61)
	at org.apache.hadoop.ozone.protocolPB.OzoneManagerProtocolServerSideTranslatorPB.internalProcessRequest(OzoneManagerProtocolServerSideTranslatorPB.java:151)
	at org.apache.hadoop.ozone.protocolPB.OzoneManagerProtocolServerSideTranslatorPB.processRequest(OzoneManagerProtocolServerSideTranslatorPB.java:124)
	at org.apache.hadoop.hdds.server.OzoneProtocolMessageDispatcher.processRequest(OzoneProtocolMessageDispatcher.java:89)
	at org.apache.hadoop.ozone.protocolPB.OzoneManagerProtocolServerSideTranslatorPB.submitRequest(OzoneManagerProtocolServerSideTranslatorPB.java:115)
	at org.apache.hadoop.ozone.client.rpc.TestSecureOzoneRpcClient.testS3Auth(TestSecureOzoneRpcClient.java:431)
	at java.base/jdk.internal.reflect.DirectMethodHandleAccessor.invoke(DirectMethodHandleAccessor.java:103)
	at java.base/java.lang.reflect.Method.invoke(Method.java:580)
	at org.junit.platform.commons.util.ReflectionUtils.invokeMethod(ReflectionUtils.java:786)
	at org.junit.platform.commons.support.ReflectionSupport.invokeMethod(ReflectionSupport.java:514)
	at org.junit.jupiter.engine.execution.MethodInvocation.proceed(MethodInvocation.java:60)
	at org.junit.jupiter.engine.execution.InvocationInterceptorChain$ValidatingInvocation.proceed(InvocationInterceptorChain.java:131)
	at org.junit.jupiter.engine.extension.SameThreadTimeoutInvocation.proceed(SameThreadTimeoutInvocation.java:49)
	at org.junit.jupiter.engine.extension.TimeoutExtension.intercept(TimeoutExtension.java:161)
	at org.junit.jupiter.engine.extension.TimeoutExtension.interceptTestableMethod(TimeoutExtension.java:152)
	at org.junit.jupiter.engine.extension.TimeoutExtension.interceptTestMethod(TimeoutExtension.java:91)
	at org.junit.jupiter.engine.execution.InterceptingExecutableInvoker$ReflectiveInterceptorCall.lambda$ofVoidMethod$0(InterceptingExecutableInvoker.java:112)
	at org.junit.jupiter.engine.execution.InterceptingExecutableInvoker.lambda$invoke$0(InterceptingExecutableInvoker.java:94)
	at org.junit.jupiter.engine.execution.InvocationInterceptorChain$InterceptedInvocation.proceed(InvocationInterceptorChain.java:106)
	at org.junit.jupiter.engine.execution.InvocationInterceptorChain.proceed(InvocationInterceptorChain.java:64)
	at org.junit.jupiter.engine.execution.InvocationInterceptorChain.chainAndInvoke(InvocationInterceptorChain.java:45)
	at org.junit.jupiter.engine.execution.InvocationInterceptorChain.invoke(InvocationInterceptorChain.java:37)
	at org.junit.jupiter.engine.execution.InterceptingExecutableInvoker.invoke(InterceptingExecutableInvoker.java:93)
	at org.junit.jupiter.engine.execution.InterceptingExecutableInvoker.invoke(InterceptingExecutableInvoker.java:87)
	at org.junit.jupiter.engine.descriptor.TestMethodTestDescriptor.lambda$invokeTestMethod$4(TestMethodTestDescriptor.java:221)
	at org.junit.platform.engine.support.hierarchical.ThrowableCollector.execute(ThrowableCollector.java:73)
	at org.junit.jupiter.engine.descriptor.TestMethodTestDescriptor.invokeTestMethod(TestMethodTestDescriptor.java:217)
	at org.junit.jupiter.engine.descriptor.TestMethodTestDescriptor.execute(TestMethodTestDescriptor.java:159)
	at org.junit.jupiter.engine.descriptor.TestMethodTestDescriptor.execute(TestMethodTestDescriptor.java:70)
	at org.junit.platform.engine.support.hierarchical.NodeTestTask.lambda$executeRecursively$6(NodeTestTask.java:157)
	at org.junit.platform.engine.support.hierarchical.ThrowableCollector.execute(ThrowableCollector.java:73)
	at org.junit.platform.engine.support.hierarchical.NodeTestTask.lambda$executeRecursively$8(NodeTestTask.java:147)
	at org.junit.platform.engine.support.hierarchical.Node.around(Node.java:137)
	at org.junit.platform.engine.support.hierarchical.NodeTestTask.lambda$executeRecursively$9(NodeTestTask.java:145)
	at org.junit.platform.engine.support.hierarchical.ThrowableCollector.execute(ThrowableCollector.java:73)
	at org.junit.platform.engine.support.hierarchical.NodeTestTask.executeRecursively(NodeTestTask.java:144)
	at org.junit.platform.engine.support.hierarchical.NodeTestTask.execute(NodeTestTask.java:101)
	at org.junit.platform.engine.support.hierarchical.ForkJoinPoolHierarchicalTestExecutorService$ExclusiveTask.exec(ForkJoinPoolHierarchicalTestExecutorService.java:274)
	at org.junit.platform.engine.support.hierarchical.ForkJoinPoolHierarchicalTestExecutorService$ExclusiveTask.execSync(ForkJoinPoolHierarchicalTestExecutorService.java:247)
	at org.junit.platform.engine.support.hierarchical.ForkJoinPoolHierarchicalTestExecutorService.executeSync(ForkJoinPoolHierarchicalTestExecutorService.java:194)
	at org.junit.platform.engine.support.hierarchical.ForkJoinPoolHierarchicalTestExecutorService.invokeAll(ForkJoinPoolHierarchicalTestExecutorService.java:166)
	at org.junit.platform.engine.support.hierarchical.NodeTestTask.lambda$executeRecursively$6(NodeTestTask.java:161)
	at org.junit.platform.engine.support.hierarchical.ThrowableCollector.execute(ThrowableCollector.java:73)
	at org.junit.platform.engine.support.hierarchical.NodeTestTask.lambda$executeRecursively$8(NodeTestTask.java:147)
	at org.junit.platform.engine.support.hierarchical.Node.around(Node.java:137)
	at org.junit.platform.engine.support.hierarchical.NodeTestTask.lambda$executeRecursively$9(NodeTestTask.java:145)
	at org.junit.platform.engine.support.hierarchical.ThrowableCollector.execute(ThrowableCollector.java:73)
	at org.junit.platform.engine.support.hierarchical.NodeTestTask.executeRecursively(NodeTestTask.java:144)
	at org.junit.platform.engine.support.hierarchical.NodeTestTask.execute(NodeTestTask.java:101)
	at org.junit.platform.engine.support.hierarchical.ForkJoinPoolHierarchicalTestExecutorService$ExclusiveTask.exec(ForkJoinPoolHierarchicalTestExecutorService.java:274)
	at org.junit.platform.engine.support.hierarchical.ForkJoinPoolHierarchicalTestExecutorService$ExclusiveTask.execSync(ForkJoinPoolHierarchicalTestExecutorService.java:247)
	at org.junit.platform.engine.support.hierarchical.ForkJoinPoolHierarchicalTestExecutorService.invokeAll(ForkJoinPoolHierarchicalTestExecutorService.java:159)
	at org.junit.platform.engine.support.hierarchical.NodeTestTask.lambda$executeRecursively$6(NodeTestTask.java:161)
	at org.junit.platform.engine.support.hierarchical.ThrowableCollector.execute(ThrowableCollector.java:73)
	at org.junit.platform.engine.support.hierarchical.NodeTestTask.lambda$executeRecursively$8(NodeTestTask.java:147)
	at org.junit.platform.engine.support.hierarchical.Node.around(Node.java:137)
	at org.junit.platform.engine.support.hierarchical.NodeTestTask.lambda$executeRecursively$9(NodeTestTask.java:145)
	at org.junit.platform.engine.support.hierarchical.ThrowableCollector.execute(ThrowableCollector.java:73)
	at org.junit.platform.engine.support.hierarchical.NodeTestTask.executeRecursively(NodeTestTask.java:144)
	at org.junit.platform.engine.support.hierarchical.NodeTestTask.execute(NodeTestTask.java:101)
	at org.junit.platform.engine.support.hierarchical.ForkJoinPoolHierarchicalTestExecutorService$ExclusiveTask.exec(ForkJoinPoolHierarchicalTestExecutorService.java:274)
	at java.base/java.util.concurrent.ForkJoinTask.doExec(ForkJoinTask.java:387)
	at java.base/java.util.concurrent.ForkJoinPool$WorkQueue.topLevelExec(ForkJoinPool.java:1312)
	at java.base/java.util.concurrent.ForkJoinPool.scan(ForkJoinPool.java:1843)
	at java.base/java.util.concurrent.ForkJoinPool.runWorker(ForkJoinPool.java:1808)
	at java.base/java.util.concurrent.ForkJoinWorkerThread.run(ForkJoinWorkerThread.java:188)
]]></system-out>
  </testcase>
  <testcase name="testSetAndClrQuota" classname="org.apache.hadoop.ozone.client.rpc.TestSecureOzoneRpcClient" time="0.067">
    <system-out><![CDATA[2025-10-16 19:49:17,236 [ForkJoinPool-1-worker-1] INFO  rpc.RpcClient (RpcClient.java:createVolume(461)) - Creating Volume: 34b63009-5b5f-4097-b59e-d619d6d2f158, with runner as owner and space quota set to -1 bytes, counts quota set to -1
2025-10-16 19:49:17,239 [om1-OMStateMachineApplyTransactionThread - 0] INFO  volume.OMVolumeCreateRequest (OMVolumeCreateRequest.java:validateAndUpdateCache(213)) - created volume:34b63009-5b5f-4097-b59e-d619d6d2f158 for user:runner
2025-10-16 19:49:17,239 | INFO  | OMAudit | user=runner | ip=127.0.0.1 | op=CREATE_VOLUME {"admin":"runner","owner":"runner","volume":"34b63009-5b5f-4097-b59e-d619d6d2f158","creationTime":"1760644157238","modificationTime":"1760644157238","quotaInBytes":"-1","quotaInNamespace":"-1","usedNamespace":"0","objectID":"-9223372036854299648","updateID":"1860","Transaction":"1860"} | ret=SUCCESS |  
2025-10-16 19:49:17,240 | INFO  | OMAudit | user=runner | ip=127.0.0.1 | op=READ_VOLUME {"volume":"34b63009-5b5f-4097-b59e-d619d6d2f158"} | ret=SUCCESS |  
2025-10-16 19:49:17,240 [ForkJoinPool-1-worker-1] INFO  rpc.RpcClient (RpcClient.java:createBucket(686)) - Creating Bucket: 34b63009-5b5f-4097-b59e-d619d6d2f158/b09391c4-b783-46e6-8fd1-acf1720f36f6, with server-side default bucket layout, runner as owner, Versioning false, Storage Type set to DISK and Encryption set to false, Replication Type set to server-side default replication type, Namespace Quota set to -1, Space Quota set to -1 
2025-10-16 19:49:17,242 [om1-OMStateMachineApplyTransactionThread - 0] INFO  bucket.OMBucketCreateRequest (OMBucketCreateRequest.java:validateAndUpdateCache(303)) - created bucket: b09391c4-b783-46e6-8fd1-acf1720f36f6 of layout FILE_SYSTEM_OPTIMIZED in volume: 34b63009-5b5f-4097-b59e-d619d6d2f158
2025-10-16 19:49:17,242 | INFO  | OMAudit | user=runner | ip=127.0.0.1 | op=CREATE_BUCKET {"volume":"34b63009-5b5f-4097-b59e-d619d6d2f158","bucket":"b09391c4-b783-46e6-8fd1-acf1720f36f6","bucketLayout":"FILE_SYSTEM_OPTIMIZED","gdprEnabled":null,"acls":"[user:runner:a[ACCESS], group:runner:rl[ACCESS]]","isVersionEnabled":"false","storageType":"DISK","creationTime":"1760644157241","bucketEncryptionKey":null,"modificationTime":"1760644157241","usedBytes":"0","usedNamespace":"0","snapshotUsedBytes":"0","snapshotUsedNamespace":"0","owner":"runner","replicationType":null,"replicationConfig":null,"quotaInBytes":"-1","quotaInNamespace":"-1","Transaction":"1861"} | ret=SUCCESS |  
2025-10-16 19:49:17,243 | INFO  | OMAudit | user=runner | ip=127.0.0.1 | op=READ_VOLUME {"volume":"34b63009-5b5f-4097-b59e-d619d6d2f158"} | ret=SUCCESS |  
2025-10-16 19:49:17,244 | INFO  | OMAudit | user=runner | ip=127.0.0.1 | op=READ_BUCKET {"volume":"34b63009-5b5f-4097-b59e-d619d6d2f158","bucket":"b09391c4-b783-46e6-8fd1-acf1720f36f6"} | ret=SUCCESS |  
2025-10-16 19:49:17,245 | INFO  | OMAudit | user=runner | ip=127.0.0.1 | op=READ_VOLUME {"volume":"34b63009-5b5f-4097-b59e-d619d6d2f158"} | ret=SUCCESS |  
2025-10-16 19:49:17,246 | INFO  | OMAudit | user=runner | ip=127.0.0.1 | op=READ_BUCKET {"volume":"34b63009-5b5f-4097-b59e-d619d6d2f158","bucket":"b09391c4-b783-46e6-8fd1-acf1720f36f6"} | ret=SUCCESS |  
2025-10-16 19:49:17,247 | INFO  | OMAudit | user=runner | ip=127.0.0.1 | op=READ_BUCKET {"volume":"34b63009-5b5f-4097-b59e-d619d6d2f158","bucket":"b09391c4-b783-46e6-8fd1-acf1720f36f6"} | ret=SUCCESS |  
2025-10-16 19:49:17,248 | INFO  | OMAudit | user=runner | ip=127.0.0.1 | op=UPDATE_BUCKET {"volume":"34b63009-5b5f-4097-b59e-d619d6d2f158","bucket":"b09391c4-b783-46e6-8fd1-acf1720f36f6","gdprEnabled":null,"isVersionEnabled":"null","quotaInBytes":"1073741824","quotaInNamespace":"1000","Transaction":"1862"} | ret=SUCCESS |  
2025-10-16 19:49:17,249 | INFO  | OMAudit | user=runner | ip=127.0.0.1 | op=READ_VOLUME {"volume":"34b63009-5b5f-4097-b59e-d619d6d2f158"} | ret=SUCCESS |  
2025-10-16 19:49:17,250 | INFO  | OMAudit | user=runner | ip=127.0.0.1 | op=READ_BUCKET {"volume":"34b63009-5b5f-4097-b59e-d619d6d2f158","bucket":"b09391c4-b783-46e6-8fd1-acf1720f36f6"} | ret=SUCCESS |  
2025-10-16 19:49:17,251 | INFO  | OMAudit | user=runner | ip=127.0.0.1 | op=READ_VOLUME {"volume":"34b63009-5b5f-4097-b59e-d619d6d2f158"} | ret=SUCCESS |  
2025-10-16 19:49:17,251 [ForkJoinPool-1-worker-1] INFO  rpc.RpcClient (RpcClient.java:createBucket(686)) - Creating Bucket: 34b63009-5b5f-4097-b59e-d619d6d2f158/c4831e7d-2167-4db8-aabd-28beed042c3f, with server-side default bucket layout, runner as owner, Versioning false, Storage Type set to DISK and Encryption set to false, Replication Type set to server-side default replication type, Namespace Quota set to -1, Space Quota set to -1 
2025-10-16 19:49:17,253 [om1-OMStateMachineApplyTransactionThread - 0] INFO  bucket.OMBucketCreateRequest (OMBucketCreateRequest.java:validateAndUpdateCache(303)) - created bucket: c4831e7d-2167-4db8-aabd-28beed042c3f of layout FILE_SYSTEM_OPTIMIZED in volume: 34b63009-5b5f-4097-b59e-d619d6d2f158
2025-10-16 19:49:17,253 | INFO  | OMAudit | user=runner | ip=127.0.0.1 | op=CREATE_BUCKET {"volume":"34b63009-5b5f-4097-b59e-d619d6d2f158","bucket":"c4831e7d-2167-4db8-aabd-28beed042c3f","bucketLayout":"FILE_SYSTEM_OPTIMIZED","gdprEnabled":null,"acls":"[user:runner:a[ACCESS], group:runner:rl[ACCESS]]","isVersionEnabled":"false","storageType":"DISK","creationTime":"1760644157252","bucketEncryptionKey":null,"modificationTime":"1760644157252","usedBytes":"0","usedNamespace":"0","snapshotUsedBytes":"0","snapshotUsedNamespace":"0","owner":"runner","replicationType":null,"replicationConfig":null,"quotaInBytes":"-1","quotaInNamespace":"-1","Transaction":"1863"} | ret=SUCCESS |  
2025-10-16 19:49:17,254 | INFO  | OMAudit | user=runner | ip=127.0.0.1 | op=READ_VOLUME {"volume":"34b63009-5b5f-4097-b59e-d619d6d2f158"} | ret=SUCCESS |  
2025-10-16 19:49:17,255 | INFO  | OMAudit | user=runner | ip=127.0.0.1 | op=READ_BUCKET {"volume":"34b63009-5b5f-4097-b59e-d619d6d2f158","bucket":"c4831e7d-2167-4db8-aabd-28beed042c3f"} | ret=SUCCESS |  
2025-10-16 19:49:17,256 | INFO  | OMAudit | user=runner | ip=127.0.0.1 | op=READ_BUCKET {"volume":"34b63009-5b5f-4097-b59e-d619d6d2f158","bucket":"c4831e7d-2167-4db8-aabd-28beed042c3f"} | ret=SUCCESS |  
2025-10-16 19:49:17,257 | INFO  | OMAudit | user=runner | ip=127.0.0.1 | op=UPDATE_BUCKET {"volume":"34b63009-5b5f-4097-b59e-d619d6d2f158","bucket":"c4831e7d-2167-4db8-aabd-28beed042c3f","gdprEnabled":null,"isVersionEnabled":"null","quotaInBytes":"1024","quotaInNamespace":"1000","Transaction":"1864"} | ret=SUCCESS |  
2025-10-16 19:49:17,258 | INFO  | OMAudit | user=runner | ip=127.0.0.1 | op=READ_VOLUME {"volume":"34b63009-5b5f-4097-b59e-d619d6d2f158"} | ret=SUCCESS |  
2025-10-16 19:49:17,259 | INFO  | OMAudit | user=runner | ip=127.0.0.1 | op=READ_BUCKET {"volume":"34b63009-5b5f-4097-b59e-d619d6d2f158","bucket":"c4831e7d-2167-4db8-aabd-28beed042c3f"} | ret=SUCCESS |  
2025-10-16 19:49:17,259 | INFO  | OMAudit | user=runner | ip=127.0.0.1 | op=READ_VOLUME {"volume":"34b63009-5b5f-4097-b59e-d619d6d2f158"} | ret=SUCCESS |  
2025-10-16 19:49:17,260 | INFO  | OMAudit | user=runner | ip=127.0.0.1 | op=READ_VOLUME {"volume":"34b63009-5b5f-4097-b59e-d619d6d2f158"} | ret=SUCCESS |  
2025-10-16 19:49:17,261 | INFO  | OMAudit | user=runner | ip=127.0.0.1 | op=SET_QUOTA {"volume":"34b63009-5b5f-4097-b59e-d619d6d2f158","quotaInBytes":"10737418240","Transaction":"1865"} | ret=SUCCESS |  
2025-10-16 19:49:17,264 | INFO  | OMAudit | user=runner | ip=127.0.0.1 | op=READ_VOLUME {"volume":"34b63009-5b5f-4097-b59e-d619d6d2f158"} | ret=SUCCESS |  
2025-10-16 19:49:17,266 | INFO  | OMAudit | user=runner | ip=127.0.0.1 | op=READ_BUCKET {"volume":"34b63009-5b5f-4097-b59e-d619d6d2f158","bucket":"b09391c4-b783-46e6-8fd1-acf1720f36f6"} | ret=SUCCESS |  
2025-10-16 19:49:17,267 | INFO  | OMAudit | user=runner | ip=127.0.0.1 | op=READ_BUCKET {"volume":"34b63009-5b5f-4097-b59e-d619d6d2f158","bucket":"b09391c4-b783-46e6-8fd1-acf1720f36f6"} | ret=SUCCESS |  
2025-10-16 19:49:17,268 [om1-OMStateMachineApplyTransactionThread - 0] ERROR bucket.OMBucketSetPropertyRequest (OMBucketSetPropertyRequest.java:validateAndUpdateCache(244)) - Setting bucket property failed for bucket:b09391c4-b783-46e6-8fd1-acf1720f36f6 in volume:34b63009-5b5f-4097-b59e-d619d6d2f158
QUOTA_ERROR org.apache.hadoop.ozone.om.exceptions.OMException: Can not clear bucket spaceQuota because volume spaceQuota is not cleared.
	at org.apache.hadoop.ozone.om.request.bucket.OMBucketSetPropertyRequest.checkQuotaBytesValid(OMBucketSetPropertyRequest.java:284)
	at org.apache.hadoop.ozone.om.request.bucket.OMBucketSetPropertyRequest.validateAndUpdateCache(OMBucketSetPropertyRequest.java:187)
	at org.apache.hadoop.ozone.protocolPB.OzoneManagerRequestHandler.lambda$0(OzoneManagerRequestHandler.java:418)
	at org.apache.hadoop.ozone.util.MetricUtil.captureLatencyNs(MetricUtil.java:45)
	at org.apache.hadoop.ozone.protocolPB.OzoneManagerRequestHandler.handleWriteRequestImpl(OzoneManagerRequestHandler.java:416)
	at org.apache.hadoop.ozone.protocolPB.RequestHandler.handleWriteRequest(RequestHandler.java:62)
	at org.apache.hadoop.ozone.om.ratis.OzoneManagerStateMachine.runCommand(OzoneManagerStateMachine.java:599)
	at org.apache.hadoop.ozone.om.ratis.OzoneManagerStateMachine.lambda$3(OzoneManagerStateMachine.java:415)
	at java.base/java.util.concurrent.CompletableFuture$AsyncSupply.run(CompletableFuture.java:1768)
	at java.base/java.util.concurrent.ThreadPoolExecutor.runWorker(ThreadPoolExecutor.java:1144)
	at java.base/java.util.concurrent.ThreadPoolExecutor$Worker.run(ThreadPoolExecutor.java:642)
	at java.base/java.lang.Thread.run(Thread.java:1583)
2025-10-16 19:49:17,269 | ERROR | OMAudit | user=runner | ip=127.0.0.1 | op=UPDATE_BUCKET {"volume":"34b63009-5b5f-4097-b59e-d619d6d2f158","bucket":"b09391c4-b783-46e6-8fd1-acf1720f36f6","gdprEnabled":null,"isVersionEnabled":"null","quotaInNamespace":"1000","Transaction":"1866"} | ret=FAILURE | 
org.apache.hadoop.ozone.om.exceptions.OMException: Can not clear bucket spaceQuota because volume spaceQuota is not cleared.
	at org.apache.hadoop.ozone.om.request.bucket.OMBucketSetPropertyRequest.checkQuotaBytesValid(OMBucketSetPropertyRequest.java:284)
	at org.apache.hadoop.ozone.om.request.bucket.OMBucketSetPropertyRequest.validateAndUpdateCache(OMBucketSetPropertyRequest.java:187)
 
2025-10-16 19:49:17,270 | INFO  | OMAudit | user=runner | ip=127.0.0.1 | op=READ_BUCKET {"volume":"34b63009-5b5f-4097-b59e-d619d6d2f158","bucket":"b09391c4-b783-46e6-8fd1-acf1720f36f6"} | ret=SUCCESS |  
2025-10-16 19:49:17,271 | INFO  | SCMAudit | user=runner | ip=127.0.0.1 | op=ALLOCATE_BLOCK {"replication":"RATIS/ONE","owner":"omServiceIdDefault","size":"4194304","sampleBlocks":"[conID: 1 locID: 115816896921600523]","num":"1","client":"","allocated":"1"} | ret=SUCCESS |  
2025-10-16 19:49:17,272 | INFO  | OMAudit | user=runner | ip=127.0.0.1 | op=ALLOCATE_KEY {"volume":"34b63009-5b5f-4097-b59e-d619d6d2f158","bucket":"b09391c4-b783-46e6-8fd1-acf1720f36f6","key":"6baf1e94-2a77-4486-a1de-bf5f5dd3d108","dataSize":"12","replicationType":"RATIS","replicationFactor":"ONE","Transaction":"1867"} | ret=SUCCESS |  
2025-10-16 19:49:17,277 | INFO  | OMAudit | user=runner | ip=127.0.0.1 | op=COMMIT_KEY {"volume":"34b63009-5b5f-4097-b59e-d619d6d2f158","bucket":"b09391c4-b783-46e6-8fd1-acf1720f36f6","key":"6baf1e94-2a77-4486-a1de-bf5f5dd3d108","dataSize":"12","replicationType":"RATIS","replicationFactor":"ONE","Transaction":"1868"} | ret=SUCCESS |  
2025-10-16 19:49:17,278 | INFO  | OMAudit | user=runner | ip=127.0.0.1 | op=READ_VOLUME {"volume":"34b63009-5b5f-4097-b59e-d619d6d2f158"} | ret=SUCCESS |  
2025-10-16 19:49:17,278 | INFO  | OMAudit | user=runner | ip=127.0.0.1 | op=READ_BUCKET {"volume":"34b63009-5b5f-4097-b59e-d619d6d2f158","bucket":"b09391c4-b783-46e6-8fd1-acf1720f36f6"} | ret=SUCCESS |  
2025-10-16 19:49:17,279 | INFO  | OMAudit | user=runner | ip=127.0.0.1 | op=READ_VOLUME {"volume":"34b63009-5b5f-4097-b59e-d619d6d2f158"} | ret=SUCCESS |  
2025-10-16 19:49:17,280 | INFO  | OMAudit | user=runner | ip=127.0.0.1 | op=READ_BUCKET {"volume":"34b63009-5b5f-4097-b59e-d619d6d2f158","bucket":"b09391c4-b783-46e6-8fd1-acf1720f36f6"} | ret=SUCCESS |  
2025-10-16 19:49:17,281 | INFO  | OMAudit | user=runner | ip=127.0.0.1 | op=READ_VOLUME {"volume":"34b63009-5b5f-4097-b59e-d619d6d2f158"} | ret=SUCCESS |  
2025-10-16 19:49:17,281 | INFO  | OMAudit | user=runner | ip=127.0.0.1 | op=READ_VOLUME {"volume":"34b63009-5b5f-4097-b59e-d619d6d2f158"} | ret=SUCCESS |  
2025-10-16 19:49:17,282 | INFO  | OMAudit | user=runner | ip=127.0.0.1 | op=READ_VOLUME {"volume":"34b63009-5b5f-4097-b59e-d619d6d2f158"} | ret=SUCCESS |  
2025-10-16 19:49:17,283 | INFO  | OMAudit | user=runner | ip=127.0.0.1 | op=READ_VOLUME {"volume":"34b63009-5b5f-4097-b59e-d619d6d2f158"} | ret=SUCCESS |  
2025-10-16 19:49:17,284 | INFO  | OMAudit | user=runner | ip=127.0.0.1 | op=SET_QUOTA {"volume":"34b63009-5b5f-4097-b59e-d619d6d2f158","quotaInBytes":"-1","Transaction":"1869"} | ret=SUCCESS |  
2025-10-16 19:49:17,285 | INFO  | OMAudit | user=runner | ip=127.0.0.1 | op=READ_VOLUME {"volume":"34b63009-5b5f-4097-b59e-d619d6d2f158"} | ret=SUCCESS |  
2025-10-16 19:49:17,286 | INFO  | OMAudit | user=runner | ip=127.0.0.1 | op=READ_VOLUME {"volume":"34b63009-5b5f-4097-b59e-d619d6d2f158"} | ret=SUCCESS |  
2025-10-16 19:49:17,287 | INFO  | OMAudit | user=runner | ip=127.0.0.1 | op=READ_VOLUME {"volume":"34b63009-5b5f-4097-b59e-d619d6d2f158"} | ret=SUCCESS |  
2025-10-16 19:49:17,288 | INFO  | OMAudit | user=runner | ip=127.0.0.1 | op=SET_QUOTA {"volume":"34b63009-5b5f-4097-b59e-d619d6d2f158","quotaInBytes":"-1","Transaction":"1870"} | ret=SUCCESS |  
2025-10-16 19:49:17,289 | INFO  | OMAudit | user=runner | ip=127.0.0.1 | op=READ_VOLUME {"volume":"34b63009-5b5f-4097-b59e-d619d6d2f158"} | ret=SUCCESS |  
2025-10-16 19:49:17,289 | INFO  | OMAudit | user=runner | ip=127.0.0.1 | op=READ_BUCKET {"volume":"34b63009-5b5f-4097-b59e-d619d6d2f158","bucket":"b09391c4-b783-46e6-8fd1-acf1720f36f6"} | ret=SUCCESS |  
2025-10-16 19:49:17,290 | INFO  | OMAudit | user=runner | ip=127.0.0.1 | op=READ_BUCKET {"volume":"34b63009-5b5f-4097-b59e-d619d6d2f158","bucket":"b09391c4-b783-46e6-8fd1-acf1720f36f6"} | ret=SUCCESS |  
2025-10-16 19:49:17,291 | INFO  | OMAudit | user=runner | ip=127.0.0.1 | op=UPDATE_BUCKET {"volume":"34b63009-5b5f-4097-b59e-d619d6d2f158","bucket":"b09391c4-b783-46e6-8fd1-acf1720f36f6","gdprEnabled":null,"isVersionEnabled":"null","quotaInNamespace":"1000","Transaction":"1871"} | ret=SUCCESS |  
2025-10-16 19:49:17,292 | INFO  | OMAudit | user=runner | ip=127.0.0.1 | op=READ_BUCKET {"volume":"34b63009-5b5f-4097-b59e-d619d6d2f158","bucket":"b09391c4-b783-46e6-8fd1-acf1720f36f6"} | ret=SUCCESS |  
2025-10-16 19:49:17,292 | INFO  | OMAudit | user=runner | ip=127.0.0.1 | op=READ_BUCKET {"volume":"34b63009-5b5f-4097-b59e-d619d6d2f158","bucket":"b09391c4-b783-46e6-8fd1-acf1720f36f6"} | ret=SUCCESS |  
2025-10-16 19:49:17,294 | INFO  | OMAudit | user=runner | ip=127.0.0.1 | op=UPDATE_BUCKET {"volume":"34b63009-5b5f-4097-b59e-d619d6d2f158","bucket":"b09391c4-b783-46e6-8fd1-acf1720f36f6","gdprEnabled":null,"isVersionEnabled":"null","Transaction":"1872"} | ret=SUCCESS |  
2025-10-16 19:49:17,295 | INFO  | OMAudit | user=runner | ip=127.0.0.1 | op=READ_VOLUME {"volume":"34b63009-5b5f-4097-b59e-d619d6d2f158"} | ret=SUCCESS |  
2025-10-16 19:49:17,297 | INFO  | OMAudit | user=runner | ip=127.0.0.1 | op=READ_BUCKET {"volume":"34b63009-5b5f-4097-b59e-d619d6d2f158","bucket":"b09391c4-b783-46e6-8fd1-acf1720f36f6"} | ret=SUCCESS |  
2025-10-16 19:49:17,298 | INFO  | OMAudit | user=runner | ip=127.0.0.1 | op=READ_VOLUME {"volume":"34b63009-5b5f-4097-b59e-d619d6d2f158"} | ret=SUCCESS |  
2025-10-16 19:49:17,299 | INFO  | OMAudit | user=runner | ip=127.0.0.1 | op=READ_BUCKET {"volume":"34b63009-5b5f-4097-b59e-d619d6d2f158","bucket":"b09391c4-b783-46e6-8fd1-acf1720f36f6"} | ret=SUCCESS |  
2025-10-16 19:49:17,300 | INFO  | OMAudit | user=runner | ip=127.0.0.1 | op=READ_VOLUME {"volume":"34b63009-5b5f-4097-b59e-d619d6d2f158"} | ret=SUCCESS |  
2025-10-16 19:49:17,301 | INFO  | OMAudit | user=runner | ip=127.0.0.1 | op=READ_BUCKET {"volume":"34b63009-5b5f-4097-b59e-d619d6d2f158","bucket":"b09391c4-b783-46e6-8fd1-acf1720f36f6"} | ret=SUCCESS |  
2025-10-16 19:49:17,302 | INFO  | OMAudit | user=runner | ip=127.0.0.1 | op=READ_VOLUME {"volume":"34b63009-5b5f-4097-b59e-d619d6d2f158"} | ret=SUCCESS |  
]]></system-out>
  </testcase>
  <testcase name="testSetBucketQuotaIllegal" classname="org.apache.hadoop.ozone.client.rpc.TestSecureOzoneRpcClient" time="0.017">
    <system-out><![CDATA[2025-10-16 19:49:17,304 [ForkJoinPool-1-worker-1] INFO  rpc.RpcClient (RpcClient.java:createVolume(461)) - Creating Volume: 0ca6ec8a-8290-4867-baf9-2c402db124bf, with runner as owner and space quota set to -1 bytes, counts quota set to -1
2025-10-16 19:49:17,306 [om1-OMStateMachineApplyTransactionThread - 0] INFO  volume.OMVolumeCreateRequest (OMVolumeCreateRequest.java:validateAndUpdateCache(213)) - created volume:0ca6ec8a-8290-4867-baf9-2c402db124bf for user:runner
2025-10-16 19:49:17,306 | INFO  | OMAudit | user=runner | ip=127.0.0.1 | op=CREATE_VOLUME {"admin":"runner","owner":"runner","volume":"0ca6ec8a-8290-4867-baf9-2c402db124bf","creationTime":"1760644157305","modificationTime":"1760644157305","quotaInBytes":"-1","quotaInNamespace":"-1","usedNamespace":"0","objectID":"-9223372036854296320","updateID":"1873","Transaction":"1873"} | ret=SUCCESS |  
2025-10-16 19:49:17,307 | INFO  | OMAudit | user=runner | ip=127.0.0.1 | op=READ_VOLUME {"volume":"0ca6ec8a-8290-4867-baf9-2c402db124bf"} | ret=SUCCESS |  
2025-10-16 19:49:17,307 [ForkJoinPool-1-worker-1] INFO  rpc.RpcClient (RpcClient.java:createBucket(686)) - Creating Bucket: 0ca6ec8a-8290-4867-baf9-2c402db124bf/272de8b7-37ea-4e73-b0c7-6afad95b5d89, with server-side default bucket layout, runner as owner, Versioning false, Storage Type set to DISK and Encryption set to false, Replication Type set to server-side default replication type, Namespace Quota set to -1, Space Quota set to -1 
2025-10-16 19:49:17,308 [om1-OMStateMachineApplyTransactionThread - 0] INFO  bucket.OMBucketCreateRequest (OMBucketCreateRequest.java:validateAndUpdateCache(303)) - created bucket: 272de8b7-37ea-4e73-b0c7-6afad95b5d89 of layout FILE_SYSTEM_OPTIMIZED in volume: 0ca6ec8a-8290-4867-baf9-2c402db124bf
2025-10-16 19:49:17,308 | INFO  | OMAudit | user=runner | ip=127.0.0.1 | op=CREATE_BUCKET {"volume":"0ca6ec8a-8290-4867-baf9-2c402db124bf","bucket":"272de8b7-37ea-4e73-b0c7-6afad95b5d89","bucketLayout":"FILE_SYSTEM_OPTIMIZED","gdprEnabled":null,"acls":"[user:runner:a[ACCESS], group:runner:rl[ACCESS]]","isVersionEnabled":"false","storageType":"DISK","creationTime":"1760644157308","bucketEncryptionKey":null,"modificationTime":"1760644157308","usedBytes":"0","usedNamespace":"0","snapshotUsedBytes":"0","snapshotUsedNamespace":"0","owner":"runner","replicationType":null,"replicationConfig":null,"quotaInBytes":"-1","quotaInNamespace":"-1","Transaction":"1874"} | ret=SUCCESS |  
2025-10-16 19:49:17,310 | INFO  | OMAudit | user=runner | ip=127.0.0.1 | op=READ_VOLUME {"volume":"0ca6ec8a-8290-4867-baf9-2c402db124bf"} | ret=SUCCESS |  
2025-10-16 19:49:17,311 | INFO  | OMAudit | user=runner | ip=127.0.0.1 | op=READ_BUCKET {"volume":"0ca6ec8a-8290-4867-baf9-2c402db124bf","bucket":"272de8b7-37ea-4e73-b0c7-6afad95b5d89"} | ret=SUCCESS |  
2025-10-16 19:49:17,312 | INFO  | OMAudit | user=runner | ip=127.0.0.1 | op=READ_VOLUME {"volume":"0ca6ec8a-8290-4867-baf9-2c402db124bf"} | ret=SUCCESS |  
2025-10-16 19:49:17,313 | INFO  | OMAudit | user=runner | ip=127.0.0.1 | op=READ_BUCKET {"volume":"0ca6ec8a-8290-4867-baf9-2c402db124bf","bucket":"272de8b7-37ea-4e73-b0c7-6afad95b5d89"} | ret=SUCCESS |  
2025-10-16 19:49:17,314 | INFO  | OMAudit | user=runner | ip=127.0.0.1 | op=READ_VOLUME {"volume":"0ca6ec8a-8290-4867-baf9-2c402db124bf"} | ret=SUCCESS |  
2025-10-16 19:49:17,315 | INFO  | OMAudit | user=runner | ip=127.0.0.1 | op=READ_BUCKET {"volume":"0ca6ec8a-8290-4867-baf9-2c402db124bf","bucket":"272de8b7-37ea-4e73-b0c7-6afad95b5d89"} | ret=SUCCESS |  
2025-10-16 19:49:17,316 | INFO  | OMAudit | user=runner | ip=127.0.0.1 | op=READ_VOLUME {"volume":"0ca6ec8a-8290-4867-baf9-2c402db124bf"} | ret=SUCCESS |  
2025-10-16 19:49:17,316 | INFO  | OMAudit | user=runner | ip=127.0.0.1 | op=READ_BUCKET {"volume":"0ca6ec8a-8290-4867-baf9-2c402db124bf","bucket":"272de8b7-37ea-4e73-b0c7-6afad95b5d89"} | ret=SUCCESS |  
2025-10-16 19:49:17,317 | INFO  | OMAudit | user=runner | ip=127.0.0.1 | op=READ_VOLUME {"volume":"0ca6ec8a-8290-4867-baf9-2c402db124bf"} | ret=SUCCESS |  
2025-10-16 19:49:17,318 | INFO  | OMAudit | user=runner | ip=127.0.0.1 | op=READ_BUCKET {"volume":"0ca6ec8a-8290-4867-baf9-2c402db124bf","bucket":"272de8b7-37ea-4e73-b0c7-6afad95b5d89"} | ret=SUCCESS |  
2025-10-16 19:49:17,319 | INFO  | OMAudit | user=runner | ip=127.0.0.1 | op=READ_VOLUME {"volume":"0ca6ec8a-8290-4867-baf9-2c402db124bf"} | ret=SUCCESS |  
2025-10-16 19:49:17,320 | INFO  | OMAudit | user=runner | ip=127.0.0.1 | op=READ_BUCKET {"volume":"0ca6ec8a-8290-4867-baf9-2c402db124bf","bucket":"272de8b7-37ea-4e73-b0c7-6afad95b5d89"} | ret=SUCCESS |  
]]></system-out>
  </testcase>
  <testcase name="testSetBucketStorageType" classname="org.apache.hadoop.ozone.client.rpc.TestSecureOzoneRpcClient" time="0.01">
    <system-out><![CDATA[2025-10-16 19:49:17,322 [ForkJoinPool-1-worker-1] INFO  rpc.RpcClient (RpcClient.java:createVolume(461)) - Creating Volume: df66636c-4232-4ca9-8dec-b2912573d6fe, with runner as owner and space quota set to -1 bytes, counts quota set to -1
2025-10-16 19:49:17,323 [om1-OMStateMachineApplyTransactionThread - 0] INFO  volume.OMVolumeCreateRequest (OMVolumeCreateRequest.java:validateAndUpdateCache(213)) - created volume:df66636c-4232-4ca9-8dec-b2912573d6fe for user:runner
2025-10-16 19:49:17,323 | INFO  | OMAudit | user=runner | ip=127.0.0.1 | op=CREATE_VOLUME {"admin":"runner","owner":"runner","volume":"df66636c-4232-4ca9-8dec-b2912573d6fe","creationTime":"1760644157322","modificationTime":"1760644157322","quotaInBytes":"-1","quotaInNamespace":"-1","usedNamespace":"0","objectID":"-9223372036854295808","updateID":"1875","Transaction":"1875"} | ret=SUCCESS |  
2025-10-16 19:49:17,325 | INFO  | OMAudit | user=runner | ip=127.0.0.1 | op=READ_VOLUME {"volume":"df66636c-4232-4ca9-8dec-b2912573d6fe"} | ret=SUCCESS |  
2025-10-16 19:49:17,326 [ForkJoinPool-1-worker-1] INFO  rpc.RpcClient (RpcClient.java:createBucket(686)) - Creating Bucket: df66636c-4232-4ca9-8dec-b2912573d6fe/69ffd1bd-d618-4dc1-b44c-9b1208229646, with server-side default bucket layout, runner as owner, Versioning false, Storage Type set to DISK and Encryption set to false, Replication Type set to server-side default replication type, Namespace Quota set to -1, Space Quota set to -1 
2025-10-16 19:49:17,327 [om1-OMStateMachineApplyTransactionThread - 0] INFO  bucket.OMBucketCreateRequest (OMBucketCreateRequest.java:validateAndUpdateCache(303)) - created bucket: 69ffd1bd-d618-4dc1-b44c-9b1208229646 of layout FILE_SYSTEM_OPTIMIZED in volume: df66636c-4232-4ca9-8dec-b2912573d6fe
2025-10-16 19:49:17,327 | INFO  | OMAudit | user=runner | ip=127.0.0.1 | op=CREATE_BUCKET {"volume":"df66636c-4232-4ca9-8dec-b2912573d6fe","bucket":"69ffd1bd-d618-4dc1-b44c-9b1208229646","bucketLayout":"FILE_SYSTEM_OPTIMIZED","gdprEnabled":null,"acls":"[user:runner:a[ACCESS], group:runner:rl[ACCESS]]","isVersionEnabled":"false","storageType":"DISK","creationTime":"1760644157326","bucketEncryptionKey":null,"modificationTime":"1760644157326","usedBytes":"0","usedNamespace":"0","snapshotUsedBytes":"0","snapshotUsedNamespace":"0","owner":"runner","replicationType":null,"replicationConfig":null,"quotaInBytes":"-1","quotaInNamespace":"-1","Transaction":"1876"} | ret=SUCCESS |  
2025-10-16 19:49:17,328 | INFO  | OMAudit | user=runner | ip=127.0.0.1 | op=READ_BUCKET {"volume":"df66636c-4232-4ca9-8dec-b2912573d6fe","bucket":"69ffd1bd-d618-4dc1-b44c-9b1208229646"} | ret=SUCCESS |  
2025-10-16 19:49:17,330 | INFO  | OMAudit | user=runner | ip=127.0.0.1 | op=UPDATE_BUCKET {"volume":"df66636c-4232-4ca9-8dec-b2912573d6fe","bucket":"69ffd1bd-d618-4dc1-b44c-9b1208229646","gdprEnabled":null,"isVersionEnabled":"null","storageType":"SSD","Transaction":"1877"} | ret=SUCCESS |  
2025-10-16 19:49:17,331 | INFO  | OMAudit | user=runner | ip=127.0.0.1 | op=READ_BUCKET {"volume":"df66636c-4232-4ca9-8dec-b2912573d6fe","bucket":"69ffd1bd-d618-4dc1-b44c-9b1208229646"} | ret=SUCCESS |  
]]></system-out>
  </testcase>
  <testcase name="testSetBucketVersioning" classname="org.apache.hadoop.ozone.client.rpc.TestSecureOzoneRpcClient" time="0.008">
    <system-out><![CDATA[2025-10-16 19:49:17,333 [ForkJoinPool-1-worker-1] INFO  rpc.RpcClient (RpcClient.java:createVolume(461)) - Creating Volume: 6a4263f8-32b0-40c7-9be8-22ac6901d3dd, with runner as owner and space quota set to -1 bytes, counts quota set to -1
2025-10-16 19:49:17,335 [om1-OMStateMachineApplyTransactionThread - 0] INFO  volume.OMVolumeCreateRequest (OMVolumeCreateRequest.java:validateAndUpdateCache(213)) - created volume:6a4263f8-32b0-40c7-9be8-22ac6901d3dd for user:runner
2025-10-16 19:49:17,335 | INFO  | OMAudit | user=runner | ip=127.0.0.1 | op=CREATE_VOLUME {"admin":"runner","owner":"runner","volume":"6a4263f8-32b0-40c7-9be8-22ac6901d3dd","creationTime":"1760644157334","modificationTime":"1760644157334","quotaInBytes":"-1","quotaInNamespace":"-1","usedNamespace":"0","objectID":"-9223372036854295040","updateID":"1878","Transaction":"1878"} | ret=SUCCESS |  
2025-10-16 19:49:17,335 | INFO  | OMAudit | user=runner | ip=127.0.0.1 | op=READ_VOLUME {"volume":"6a4263f8-32b0-40c7-9be8-22ac6901d3dd"} | ret=SUCCESS |  
2025-10-16 19:49:17,336 [ForkJoinPool-1-worker-1] INFO  rpc.RpcClient (RpcClient.java:createBucket(686)) - Creating Bucket: 6a4263f8-32b0-40c7-9be8-22ac6901d3dd/faf7b0c8-d182-4602-bbda-6059f52f6b54, with server-side default bucket layout, runner as owner, Versioning false, Storage Type set to DISK and Encryption set to false, Replication Type set to server-side default replication type, Namespace Quota set to -1, Space Quota set to -1 
2025-10-16 19:49:17,337 [om1-OMStateMachineApplyTransactionThread - 0] INFO  bucket.OMBucketCreateRequest (OMBucketCreateRequest.java:validateAndUpdateCache(303)) - created bucket: faf7b0c8-d182-4602-bbda-6059f52f6b54 of layout FILE_SYSTEM_OPTIMIZED in volume: 6a4263f8-32b0-40c7-9be8-22ac6901d3dd
2025-10-16 19:49:17,337 | INFO  | OMAudit | user=runner | ip=127.0.0.1 | op=CREATE_BUCKET {"volume":"6a4263f8-32b0-40c7-9be8-22ac6901d3dd","bucket":"faf7b0c8-d182-4602-bbda-6059f52f6b54","bucketLayout":"FILE_SYSTEM_OPTIMIZED","gdprEnabled":null,"acls":"[user:runner:a[ACCESS], group:runner:rl[ACCESS]]","isVersionEnabled":"false","storageType":"DISK","creationTime":"1760644157336","bucketEncryptionKey":null,"modificationTime":"1760644157336","usedBytes":"0","usedNamespace":"0","snapshotUsedBytes":"0","snapshotUsedNamespace":"0","owner":"runner","replicationType":null,"replicationConfig":null,"quotaInBytes":"-1","quotaInNamespace":"-1","Transaction":"1879"} | ret=SUCCESS |  
2025-10-16 19:49:17,338 | INFO  | OMAudit | user=runner | ip=127.0.0.1 | op=READ_BUCKET {"volume":"6a4263f8-32b0-40c7-9be8-22ac6901d3dd","bucket":"faf7b0c8-d182-4602-bbda-6059f52f6b54"} | ret=SUCCESS |  
2025-10-16 19:49:17,339 | INFO  | OMAudit | user=runner | ip=127.0.0.1 | op=UPDATE_BUCKET {"volume":"6a4263f8-32b0-40c7-9be8-22ac6901d3dd","bucket":"faf7b0c8-d182-4602-bbda-6059f52f6b54","gdprEnabled":null,"isVersionEnabled":"true","Transaction":"1880"} | ret=SUCCESS |  
2025-10-16 19:49:17,340 | INFO  | OMAudit | user=runner | ip=127.0.0.1 | op=READ_BUCKET {"volume":"6a4263f8-32b0-40c7-9be8-22ac6901d3dd","bucket":"faf7b0c8-d182-4602-bbda-6059f52f6b54"} | ret=SUCCESS |  
]]></system-out>
  </testcase>
  <testcase name="testSetECReplicationConfigOnBucket" classname="org.apache.hadoop.ozone.client.rpc.TestSecureOzoneRpcClient" time="0.01">
    <system-out><![CDATA[2025-10-16 19:49:17,341 [ForkJoinPool-1-worker-1] INFO  rpc.RpcClient (RpcClient.java:createVolume(461)) - Creating Volume: 90192ea1-b224-450c-a30e-e03900a8dabd, with runner as owner and space quota set to -1 bytes, counts quota set to -1
2025-10-16 19:49:17,342 [om1-OMStateMachineApplyTransactionThread - 0] INFO  volume.OMVolumeCreateRequest (OMVolumeCreateRequest.java:validateAndUpdateCache(213)) - created volume:90192ea1-b224-450c-a30e-e03900a8dabd for user:runner
2025-10-16 19:49:17,343 | INFO  | OMAudit | user=runner | ip=127.0.0.1 | op=CREATE_VOLUME {"admin":"runner","owner":"runner","volume":"90192ea1-b224-450c-a30e-e03900a8dabd","creationTime":"1760644157342","modificationTime":"1760644157342","quotaInBytes":"-1","quotaInNamespace":"-1","usedNamespace":"0","objectID":"-9223372036854294272","updateID":"1881","Transaction":"1881"} | ret=SUCCESS |  
2025-10-16 19:49:17,343 | INFO  | OMAudit | user=runner | ip=127.0.0.1 | op=READ_VOLUME {"volume":"90192ea1-b224-450c-a30e-e03900a8dabd"} | ret=SUCCESS |  
2025-10-16 19:49:17,344 [ForkJoinPool-1-worker-1] INFO  rpc.RpcClient (RpcClient.java:createBucket(686)) - Creating Bucket: 90192ea1-b224-450c-a30e-e03900a8dabd/96fe4e09-d78a-4c0c-9136-ee7127ae00f3, with server-side default bucket layout, runner as owner, Versioning true, Storage Type set to DISK and Encryption set to false, Replication Type set to STAND_ALONE, Namespace Quota set to -1, Space Quota set to -1 
2025-10-16 19:49:17,345 [om1-OMStateMachineApplyTransactionThread - 0] INFO  bucket.OMBucketCreateRequest (OMBucketCreateRequest.java:validateAndUpdateCache(303)) - created bucket: 96fe4e09-d78a-4c0c-9136-ee7127ae00f3 of layout FILE_SYSTEM_OPTIMIZED in volume: 90192ea1-b224-450c-a30e-e03900a8dabd
2025-10-16 19:49:17,345 | INFO  | OMAudit | user=runner | ip=127.0.0.1 | op=CREATE_BUCKET {"volume":"90192ea1-b224-450c-a30e-e03900a8dabd","bucket":"96fe4e09-d78a-4c0c-9136-ee7127ae00f3","bucketLayout":"FILE_SYSTEM_OPTIMIZED","gdprEnabled":null,"acls":"[user:runner:a[ACCESS], group:runner:rl[ACCESS]]","isVersionEnabled":"true","storageType":"DISK","creationTime":"1760644157344","bucketEncryptionKey":null,"modificationTime":"1760644157344","usedBytes":"0","usedNamespace":"0","snapshotUsedBytes":"0","snapshotUsedNamespace":"0","owner":"runner","replicationType":"STAND_ALONE","replicationConfig":"ONE","quotaInBytes":"-1","quotaInNamespace":"-1","Transaction":"1882"} | ret=SUCCESS |  
2025-10-16 19:49:17,346 | INFO  | OMAudit | user=runner | ip=127.0.0.1 | op=READ_BUCKET {"volume":"90192ea1-b224-450c-a30e-e03900a8dabd","bucket":"96fe4e09-d78a-4c0c-9136-ee7127ae00f3"} | ret=SUCCESS |  
2025-10-16 19:49:17,347 | INFO  | OMAudit | user=runner | ip=127.0.0.1 | op=UPDATE_BUCKET {"volume":"90192ea1-b224-450c-a30e-e03900a8dabd","bucket":"96fe4e09-d78a-4c0c-9136-ee7127ae00f3","gdprEnabled":null,"isVersionEnabled":"null","replicationType":"EC","replicationConfig":"rs-3-2-1024k","Transaction":"1883"} | ret=SUCCESS |  
2025-10-16 19:49:17,348 | INFO  | OMAudit | user=runner | ip=127.0.0.1 | op=READ_BUCKET {"volume":"90192ea1-b224-450c-a30e-e03900a8dabd","bucket":"96fe4e09-d78a-4c0c-9136-ee7127ae00f3"} | ret=SUCCESS |  
2025-10-16 19:49:17,349 | INFO  | OMAudit | user=runner | ip=127.0.0.1 | op=UPDATE_BUCKET {"volume":"90192ea1-b224-450c-a30e-e03900a8dabd","bucket":"96fe4e09-d78a-4c0c-9136-ee7127ae00f3","gdprEnabled":null,"isVersionEnabled":"null","replicationType":"RATIS","replicationConfig":"THREE","Transaction":"1884"} | ret=SUCCESS |  
2025-10-16 19:49:17,350 | INFO  | OMAudit | user=runner | ip=127.0.0.1 | op=READ_BUCKET {"volume":"90192ea1-b224-450c-a30e-e03900a8dabd","bucket":"96fe4e09-d78a-4c0c-9136-ee7127ae00f3"} | ret=SUCCESS |  
2025-10-16 19:49:17,351 | INFO  | OMAudit | user=runner | ip=127.0.0.1 | op=UPDATE_BUCKET {"volume":"90192ea1-b224-450c-a30e-e03900a8dabd","bucket":"96fe4e09-d78a-4c0c-9136-ee7127ae00f3","gdprEnabled":null,"isVersionEnabled":"null","replicationType":"STAND_ALONE","replicationConfig":"ONE","Transaction":"1885"} | ret=SUCCESS |  
]]></system-out>
  </testcase>
  <testcase name="testSetS3VolumeAcl" classname="org.apache.hadoop.ozone.client.rpc.TestSecureOzoneRpcClient" time="0.003">
    <system-out><![CDATA[2025-10-16 19:49:17,353 | INFO  | OMAudit | user=runner | ip=127.0.0.1 | op=ADD_ACL {"resourceType":"volume","storageType":"ozone","volume":"s3v","bucket":null,"key":null,"acl":"[user:remoteUser:w[DEFAULT]]","Transaction":"1886"} | ret=SUCCESS |  
2025-10-16 19:49:17,354 | INFO  | OMAudit | user=runner | ip=127.0.0.1 | op=GET_ACL {"resourceType":"volume","storageType":"ozone","volume":"s3v","bucket":null,"key":null} | ret=SUCCESS |  
]]></system-out>
  </testcase>
  <testcase name="testSetVolumeQuota" classname="org.apache.hadoop.ozone.client.rpc.TestSecureOzoneRpcClient" time="0.01">
    <system-out><![CDATA[2025-10-16 19:49:17,355 [ForkJoinPool-1-worker-1] INFO  rpc.RpcClient (RpcClient.java:createVolume(461)) - Creating Volume: 4f36fda3-45f0-4f09-a42d-739b6deaa7b0, with runner as owner and space quota set to -1 bytes, counts quota set to -1
2025-10-16 19:49:17,357 [om1-OMStateMachineApplyTransactionThread - 0] INFO  volume.OMVolumeCreateRequest (OMVolumeCreateRequest.java:validateAndUpdateCache(213)) - created volume:4f36fda3-45f0-4f09-a42d-739b6deaa7b0 for user:runner
2025-10-16 19:49:17,357 | INFO  | OMAudit | user=runner | ip=127.0.0.1 | op=CREATE_VOLUME {"admin":"runner","owner":"runner","volume":"4f36fda3-45f0-4f09-a42d-739b6deaa7b0","creationTime":"1760644157356","modificationTime":"1760644157356","quotaInBytes":"-1","quotaInNamespace":"-1","usedNamespace":"0","objectID":"-9223372036854292736","updateID":"1887","Transaction":"1887"} | ret=SUCCESS |  
2025-10-16 19:49:17,358 | INFO  | OMAudit | user=runner | ip=127.0.0.1 | op=READ_VOLUME {"volume":"4f36fda3-45f0-4f09-a42d-739b6deaa7b0"} | ret=SUCCESS |  
2025-10-16 19:49:17,359 | INFO  | OMAudit | user=runner | ip=127.0.0.1 | op=READ_VOLUME {"volume":"4f36fda3-45f0-4f09-a42d-739b6deaa7b0"} | ret=SUCCESS |  
2025-10-16 19:49:17,359 | INFO  | OMAudit | user=runner | ip=127.0.0.1 | op=READ_VOLUME {"volume":"4f36fda3-45f0-4f09-a42d-739b6deaa7b0"} | ret=SUCCESS |  
2025-10-16 19:49:17,360 | INFO  | OMAudit | user=runner | ip=127.0.0.1 | op=READ_VOLUME {"volume":"4f36fda3-45f0-4f09-a42d-739b6deaa7b0"} | ret=SUCCESS |  
2025-10-16 19:49:17,363 | INFO  | OMAudit | user=runner | ip=127.0.0.1 | op=SET_QUOTA {"volume":"4f36fda3-45f0-4f09-a42d-739b6deaa7b0","quotaInBytes":"1073741824","Transaction":"1888"} | ret=SUCCESS |  
2025-10-16 19:49:17,364 | INFO  | OMAudit | user=runner | ip=127.0.0.1 | op=READ_VOLUME {"volume":"4f36fda3-45f0-4f09-a42d-739b6deaa7b0"} | ret=SUCCESS |  
]]></system-out>
  </testcase>
  <testcase name="testSetVolumeQuotaIllegal" classname="org.apache.hadoop.ozone.client.rpc.TestSecureOzoneRpcClient" time="0.009">
    <system-out><![CDATA[2025-10-16 19:49:17,368 [ForkJoinPool-1-worker-1] INFO  rpc.RpcClient (RpcClient.java:createVolume(461)) - Creating Volume: 2d6e9401-d71e-424e-88be-44eb9867cce9, with runner as owner and space quota set to -1 bytes, counts quota set to -1
2025-10-16 19:49:17,370 [om1-OMStateMachineApplyTransactionThread - 0] INFO  volume.OMVolumeCreateRequest (OMVolumeCreateRequest.java:validateAndUpdateCache(213)) - created volume:2d6e9401-d71e-424e-88be-44eb9867cce9 for user:runner
2025-10-16 19:49:17,370 | INFO  | OMAudit | user=runner | ip=127.0.0.1 | op=CREATE_VOLUME {"admin":"runner","owner":"runner","volume":"2d6e9401-d71e-424e-88be-44eb9867cce9","creationTime":"1760644157369","modificationTime":"1760644157369","quotaInBytes":"-1","quotaInNamespace":"-1","usedNamespace":"0","objectID":"-9223372036854292224","updateID":"1889","Transaction":"1889"} | ret=SUCCESS |  
2025-10-16 19:49:17,371 | INFO  | OMAudit | user=runner | ip=127.0.0.1 | op=READ_VOLUME {"volume":"2d6e9401-d71e-424e-88be-44eb9867cce9"} | ret=SUCCESS |  
2025-10-16 19:49:17,372 | INFO  | OMAudit | user=runner | ip=127.0.0.1 | op=READ_VOLUME {"volume":"2d6e9401-d71e-424e-88be-44eb9867cce9"} | ret=SUCCESS |  
2025-10-16 19:49:17,373 | INFO  | OMAudit | user=runner | ip=127.0.0.1 | op=READ_VOLUME {"volume":"2d6e9401-d71e-424e-88be-44eb9867cce9"} | ret=SUCCESS |  
2025-10-16 19:49:17,373 | INFO  | OMAudit | user=runner | ip=127.0.0.1 | op=READ_VOLUME {"volume":"2d6e9401-d71e-424e-88be-44eb9867cce9"} | ret=SUCCESS |  
2025-10-16 19:49:17,374 | INFO  | OMAudit | user=runner | ip=127.0.0.1 | op=READ_VOLUME {"volume":"2d6e9401-d71e-424e-88be-44eb9867cce9"} | ret=SUCCESS |  
]]></system-out>
  </testcase>
  <testcase name="testUploadPartOverride(ReplicationConfig)[1]" classname="org.apache.hadoop.ozone.client.rpc.TestSecureOzoneRpcClient" time="0.033">
    <system-out><![CDATA[2025-10-16 19:49:17,378 [ForkJoinPool-1-worker-1] INFO  rpc.RpcClient (RpcClient.java:createVolume(461)) - Creating Volume: c36a2e38-f524-4d1d-81a0-a62a7152044f, with runner as owner and space quota set to -1 bytes, counts quota set to -1
2025-10-16 19:49:17,380 [om1-OMStateMachineApplyTransactionThread - 0] INFO  volume.OMVolumeCreateRequest (OMVolumeCreateRequest.java:validateAndUpdateCache(213)) - created volume:c36a2e38-f524-4d1d-81a0-a62a7152044f for user:runner
2025-10-16 19:49:17,380 | INFO  | OMAudit | user=runner | ip=127.0.0.1 | op=CREATE_VOLUME {"admin":"runner","owner":"runner","volume":"c36a2e38-f524-4d1d-81a0-a62a7152044f","creationTime":"1760644157379","modificationTime":"1760644157379","quotaInBytes":"-1","quotaInNamespace":"-1","usedNamespace":"0","objectID":"-9223372036854291968","updateID":"1890","Transaction":"1890"} | ret=SUCCESS |  
2025-10-16 19:49:17,382 | INFO  | OMAudit | user=runner | ip=127.0.0.1 | op=READ_VOLUME {"volume":"c36a2e38-f524-4d1d-81a0-a62a7152044f"} | ret=SUCCESS |  
2025-10-16 19:49:17,382 [ForkJoinPool-1-worker-1] INFO  rpc.RpcClient (RpcClient.java:createBucket(686)) - Creating Bucket: c36a2e38-f524-4d1d-81a0-a62a7152044f/896a69e7-b615-4be9-a874-d11d50d18636, with server-side default bucket layout, runner as owner, Versioning false, Storage Type set to DISK and Encryption set to false, Replication Type set to server-side default replication type, Namespace Quota set to -1, Space Quota set to -1 
2025-10-16 19:49:17,384 [om1-OMStateMachineApplyTransactionThread - 0] INFO  bucket.OMBucketCreateRequest (OMBucketCreateRequest.java:validateAndUpdateCache(303)) - created bucket: 896a69e7-b615-4be9-a874-d11d50d18636 of layout FILE_SYSTEM_OPTIMIZED in volume: c36a2e38-f524-4d1d-81a0-a62a7152044f
2025-10-16 19:49:17,384 | INFO  | OMAudit | user=runner | ip=127.0.0.1 | op=CREATE_BUCKET {"volume":"c36a2e38-f524-4d1d-81a0-a62a7152044f","bucket":"896a69e7-b615-4be9-a874-d11d50d18636","bucketLayout":"FILE_SYSTEM_OPTIMIZED","gdprEnabled":null,"acls":"[user:runner:a[ACCESS], group:runner:rl[ACCESS]]","isVersionEnabled":"false","storageType":"DISK","creationTime":"1760644157383","bucketEncryptionKey":null,"modificationTime":"1760644157383","usedBytes":"0","usedNamespace":"0","snapshotUsedBytes":"0","snapshotUsedNamespace":"0","owner":"runner","replicationType":null,"replicationConfig":null,"quotaInBytes":"-1","quotaInNamespace":"-1","Transaction":"1891"} | ret=SUCCESS |  
2025-10-16 19:49:17,385 | INFO  | OMAudit | user=runner | ip=127.0.0.1 | op=READ_BUCKET {"volume":"c36a2e38-f524-4d1d-81a0-a62a7152044f","bucket":"896a69e7-b615-4be9-a874-d11d50d18636"} | ret=SUCCESS |  
2025-10-16 19:49:17,387 | INFO  | OMAudit | user=runner | ip=127.0.0.1 | op=INITIATE_MULTIPART_UPLOAD {"volume":"c36a2e38-f524-4d1d-81a0-a62a7152044f","bucket":"896a69e7-b615-4be9-a874-d11d50d18636","key":"4e5ef7ab-2b44-4b28-b0f1-3b24b61ec44c","dataSize":"0","replicationType":"RATIS","replicationFactor":"ONE","uploadID":"0199ee91-cfca-776b-8e4f-a7ce6b986668-115385575498449364","Transaction":"1892"} | ret=SUCCESS |  
2025-10-16 19:49:17,389 | INFO  | OMAudit | user=runner | ip=127.0.0.1 | op=ALLOCATE_KEY {"volume":"c36a2e38-f524-4d1d-81a0-a62a7152044f","bucket":"896a69e7-b615-4be9-a874-d11d50d18636","key":"4e5ef7ab-2b44-4b28-b0f1-3b24b61ec44c","dataSize":"12","Transaction":"1893"} | ret=SUCCESS |  
2025-10-16 19:49:17,391 | INFO  | SCMAudit | user=runner | ip=127.0.0.1 | op=ALLOCATE_BLOCK {"replication":"RATIS/ONE","owner":"omServiceIdDefault","size":"4194304","sampleBlocks":"[conID: 10 locID: 115816896921600524]","num":"1","client":"","allocated":"1"} | ret=SUCCESS |  
2025-10-16 19:49:17,392 | INFO  | OMAudit | user=runner | ip=127.0.0.1 | op=ALLOCATE_BLOCK {"volume":"c36a2e38-f524-4d1d-81a0-a62a7152044f","bucket":"896a69e7-b615-4be9-a874-d11d50d18636","key":"4e5ef7ab-2b44-4b28-b0f1-3b24b61ec44c","dataSize":"12","replicationType":"RATIS","replicationFactor":"ONE","clientID":"115385575498580437","Transaction":"1894"} | ret=SUCCESS |  
2025-10-16 19:49:17,399 | INFO  | OMAudit | user=runner | ip=127.0.0.1 | op=COMMIT_MULTIPART_UPLOAD_PARTKEY {"volume":"c36a2e38-f524-4d1d-81a0-a62a7152044f","bucket":"896a69e7-b615-4be9-a874-d11d50d18636","key":"4e5ef7ab-2b44-4b28-b0f1-3b24b61ec44c","dataSize":"12","ETag":"1f8d5e1785e8ff978c10fa408d915c7e","uploadID":"0199ee91-cfca-776b-8e4f-a7ce6b986668-115385575498449364","partNumber":"1","partName":"/c36a2e38-f524-4d1d-81a0-a62a7152044f/896a69e7-b615-4be9-a874-d11d50d18636/4e5ef7ab-2b44-4b28-b0f1-3b24b61ec44c-0199ee91-cfca-776b-8e4f-a7ce6b986668-115385575498449364-1","Transaction":"1895"} | ret=SUCCESS |  
2025-10-16 19:49:17,401 | INFO  | OMAudit | user=runner | ip=127.0.0.1 | op=ALLOCATE_KEY {"volume":"c36a2e38-f524-4d1d-81a0-a62a7152044f","bucket":"896a69e7-b615-4be9-a874-d11d50d18636","key":"4e5ef7ab-2b44-4b28-b0f1-3b24b61ec44c","dataSize":"19","Transaction":"1896"} | ret=SUCCESS |  
2025-10-16 19:49:17,403 | INFO  | SCMAudit | user=runner | ip=127.0.0.1 | op=ALLOCATE_BLOCK {"replication":"RATIS/ONE","owner":"omServiceIdDefault","size":"4194304","sampleBlocks":"[conID: 10 locID: 115816896921600525]","num":"1","client":"","allocated":"1"} | ret=SUCCESS |  
2025-10-16 19:49:17,404 | INFO  | OMAudit | user=runner | ip=127.0.0.1 | op=ALLOCATE_BLOCK {"volume":"c36a2e38-f524-4d1d-81a0-a62a7152044f","bucket":"896a69e7-b615-4be9-a874-d11d50d18636","key":"4e5ef7ab-2b44-4b28-b0f1-3b24b61ec44c","dataSize":"19","replicationType":"RATIS","replicationFactor":"ONE","clientID":"115385575499366870","Transaction":"1897"} | ret=SUCCESS |  
2025-10-16 19:49:17,409 | INFO  | OMAudit | user=runner | ip=127.0.0.1 | op=COMMIT_MULTIPART_UPLOAD_PARTKEY {"volume":"c36a2e38-f524-4d1d-81a0-a62a7152044f","bucket":"896a69e7-b615-4be9-a874-d11d50d18636","key":"4e5ef7ab-2b44-4b28-b0f1-3b24b61ec44c","dataSize":"4","ETag":"e12719338b2ff7c1f1e2c73fda9b6a17","uploadID":"0199ee91-cfca-776b-8e4f-a7ce6b986668-115385575498449364","partNumber":"1","partName":"/c36a2e38-f524-4d1d-81a0-a62a7152044f/896a69e7-b615-4be9-a874-d11d50d18636/4e5ef7ab-2b44-4b28-b0f1-3b24b61ec44c-0199ee91-cfca-776b-8e4f-a7ce6b986668-115385575498449364-1","Transaction":"1898"} | ret=SUCCESS |  
]]></system-out>
  </testcase>
  <testcase name="testUploadPartOverride(ReplicationConfig)[2]" classname="org.apache.hadoop.ozone.client.rpc.TestSecureOzoneRpcClient" time="0.057">
    <system-out><![CDATA[2025-10-16 19:49:17,411 [ForkJoinPool-1-worker-1] INFO  rpc.RpcClient (RpcClient.java:createVolume(461)) - Creating Volume: 43919c20-c427-484c-b2b8-97b3d9da642a, with runner as owner and space quota set to -1 bytes, counts quota set to -1
2025-10-16 19:49:17,413 [om1-OMStateMachineApplyTransactionThread - 0] INFO  volume.OMVolumeCreateRequest (OMVolumeCreateRequest.java:validateAndUpdateCache(213)) - created volume:43919c20-c427-484c-b2b8-97b3d9da642a for user:runner
2025-10-16 19:49:17,413 | INFO  | OMAudit | user=runner | ip=127.0.0.1 | op=CREATE_VOLUME {"admin":"runner","owner":"runner","volume":"43919c20-c427-484c-b2b8-97b3d9da642a","creationTime":"1760644157412","modificationTime":"1760644157412","quotaInBytes":"-1","quotaInNamespace":"-1","usedNamespace":"0","objectID":"-9223372036854289664","updateID":"1899","Transaction":"1899"} | ret=SUCCESS |  
2025-10-16 19:49:17,414 | INFO  | OMAudit | user=runner | ip=127.0.0.1 | op=READ_VOLUME {"volume":"43919c20-c427-484c-b2b8-97b3d9da642a"} | ret=SUCCESS |  
2025-10-16 19:49:17,414 [ForkJoinPool-1-worker-1] INFO  rpc.RpcClient (RpcClient.java:createBucket(686)) - Creating Bucket: 43919c20-c427-484c-b2b8-97b3d9da642a/57d44215-1ade-490e-a8f4-122073a2a660, with server-side default bucket layout, runner as owner, Versioning false, Storage Type set to DISK and Encryption set to false, Replication Type set to server-side default replication type, Namespace Quota set to -1, Space Quota set to -1 
2025-10-16 19:49:17,415 [om1-OMStateMachineApplyTransactionThread - 0] INFO  bucket.OMBucketCreateRequest (OMBucketCreateRequest.java:validateAndUpdateCache(303)) - created bucket: 57d44215-1ade-490e-a8f4-122073a2a660 of layout FILE_SYSTEM_OPTIMIZED in volume: 43919c20-c427-484c-b2b8-97b3d9da642a
2025-10-16 19:49:17,415 | INFO  | OMAudit | user=runner | ip=127.0.0.1 | op=CREATE_BUCKET {"volume":"43919c20-c427-484c-b2b8-97b3d9da642a","bucket":"57d44215-1ade-490e-a8f4-122073a2a660","bucketLayout":"FILE_SYSTEM_OPTIMIZED","gdprEnabled":null,"acls":"[user:runner:a[ACCESS], group:runner:rl[ACCESS]]","isVersionEnabled":"false","storageType":"DISK","creationTime":"1760644157415","bucketEncryptionKey":null,"modificationTime":"1760644157415","usedBytes":"0","usedNamespace":"0","snapshotUsedBytes":"0","snapshotUsedNamespace":"0","owner":"runner","replicationType":null,"replicationConfig":null,"quotaInBytes":"-1","quotaInNamespace":"-1","Transaction":"1900"} | ret=SUCCESS |  
2025-10-16 19:49:17,416 | INFO  | OMAudit | user=runner | ip=127.0.0.1 | op=READ_BUCKET {"volume":"43919c20-c427-484c-b2b8-97b3d9da642a","bucket":"57d44215-1ade-490e-a8f4-122073a2a660"} | ret=SUCCESS |  
2025-10-16 19:49:17,418 | INFO  | OMAudit | user=runner | ip=127.0.0.1 | op=INITIATE_MULTIPART_UPLOAD {"volume":"43919c20-c427-484c-b2b8-97b3d9da642a","bucket":"57d44215-1ade-490e-a8f4-122073a2a660","key":"cca511c3-4d62-4a13-a613-9ba04831e4df","dataSize":"0","replicationType":"RATIS","replicationFactor":"THREE","uploadID":"0199ee91-cfe9-732c-b1b0-a96339e42c0a-115385575500480983","Transaction":"1901"} | ret=SUCCESS |  
2025-10-16 19:49:17,421 | INFO  | OMAudit | user=runner | ip=127.0.0.1 | op=ALLOCATE_KEY {"volume":"43919c20-c427-484c-b2b8-97b3d9da642a","bucket":"57d44215-1ade-490e-a8f4-122073a2a660","key":"cca511c3-4d62-4a13-a613-9ba04831e4df","dataSize":"12","Transaction":"1902"} | ret=SUCCESS |  
2025-10-16 19:49:17,423 | INFO  | SCMAudit | user=runner | ip=127.0.0.1 | op=ALLOCATE_BLOCK {"replication":"RATIS/THREE","owner":"omServiceIdDefault","size":"4194304","sampleBlocks":"[conID: 15 locID: 115816896921600526]","num":"1","client":"","allocated":"1"} | ret=SUCCESS |  
2025-10-16 19:49:17,427 | INFO  | OMAudit | user=runner | ip=127.0.0.1 | op=ALLOCATE_BLOCK {"volume":"43919c20-c427-484c-b2b8-97b3d9da642a","bucket":"57d44215-1ade-490e-a8f4-122073a2a660","key":"cca511c3-4d62-4a13-a613-9ba04831e4df","dataSize":"12","replicationType":"RATIS","replicationFactor":"THREE","clientID":"115385575500677592","Transaction":"1903"} | ret=SUCCESS |  
2025-10-16 19:49:17,443 | INFO  | OMAudit | user=runner | ip=127.0.0.1 | op=COMMIT_MULTIPART_UPLOAD_PARTKEY {"volume":"43919c20-c427-484c-b2b8-97b3d9da642a","bucket":"57d44215-1ade-490e-a8f4-122073a2a660","key":"cca511c3-4d62-4a13-a613-9ba04831e4df","dataSize":"12","ETag":"1f8d5e1785e8ff978c10fa408d915c7e","uploadID":"0199ee91-cfe9-732c-b1b0-a96339e42c0a-115385575500480983","partNumber":"1","partName":"/43919c20-c427-484c-b2b8-97b3d9da642a/57d44215-1ade-490e-a8f4-122073a2a660/cca511c3-4d62-4a13-a613-9ba04831e4df-0199ee91-cfe9-732c-b1b0-a96339e42c0a-115385575500480983-1","Transaction":"1904"} | ret=SUCCESS |  
2025-10-16 19:49:17,450 | INFO  | OMAudit | user=runner | ip=127.0.0.1 | op=ALLOCATE_KEY {"volume":"43919c20-c427-484c-b2b8-97b3d9da642a","bucket":"57d44215-1ade-490e-a8f4-122073a2a660","key":"cca511c3-4d62-4a13-a613-9ba04831e4df","dataSize":"19","Transaction":"1905"} | ret=SUCCESS |  
2025-10-16 19:49:17,453 | INFO  | SCMAudit | user=runner | ip=127.0.0.1 | op=ALLOCATE_BLOCK {"replication":"RATIS/THREE","owner":"omServiceIdDefault","size":"4194304","sampleBlocks":"[conID: 16 locID: 115816896921600527]","num":"1","client":"","allocated":"1"} | ret=SUCCESS |  
2025-10-16 19:49:17,455 | INFO  | OMAudit | user=runner | ip=127.0.0.1 | op=ALLOCATE_BLOCK {"volume":"43919c20-c427-484c-b2b8-97b3d9da642a","bucket":"57d44215-1ade-490e-a8f4-122073a2a660","key":"cca511c3-4d62-4a13-a613-9ba04831e4df","dataSize":"19","replicationType":"RATIS","replicationFactor":"THREE","clientID":"115385575502578137","Transaction":"1906"} | ret=SUCCESS |  
2025-10-16 19:49:17,467 | INFO  | OMAudit | user=runner | ip=127.0.0.1 | op=COMMIT_MULTIPART_UPLOAD_PARTKEY {"volume":"43919c20-c427-484c-b2b8-97b3d9da642a","bucket":"57d44215-1ade-490e-a8f4-122073a2a660","key":"cca511c3-4d62-4a13-a613-9ba04831e4df","dataSize":"4","ETag":"e12719338b2ff7c1f1e2c73fda9b6a17","uploadID":"0199ee91-cfe9-732c-b1b0-a96339e42c0a-115385575500480983","partNumber":"1","partName":"/43919c20-c427-484c-b2b8-97b3d9da642a/57d44215-1ade-490e-a8f4-122073a2a660/cca511c3-4d62-4a13-a613-9ba04831e4df-0199ee91-cfe9-732c-b1b0-a96339e42c0a-115385575500480983-1","Transaction":"1907"} | ret=SUCCESS |  
]]></system-out>
  </testcase>
  <testcase name="testUploadPartOverride(ReplicationConfig)[3]" classname="org.apache.hadoop.ozone.client.rpc.TestSecureOzoneRpcClient" time="6.082">
    <system-out><![CDATA[2025-10-16 19:49:17,469 [ForkJoinPool-1-worker-1] INFO  rpc.RpcClient (RpcClient.java:createVolume(461)) - Creating Volume: 94cb1d46-b027-41a2-a410-4011744e2755, with runner as owner and space quota set to -1 bytes, counts quota set to -1
2025-10-16 19:49:17,471 [om1-OMStateMachineApplyTransactionThread - 0] INFO  volume.OMVolumeCreateRequest (OMVolumeCreateRequest.java:validateAndUpdateCache(213)) - created volume:94cb1d46-b027-41a2-a410-4011744e2755 for user:runner
2025-10-16 19:49:17,471 | INFO  | OMAudit | user=runner | ip=127.0.0.1 | op=CREATE_VOLUME {"admin":"runner","owner":"runner","volume":"94cb1d46-b027-41a2-a410-4011744e2755","creationTime":"1760644157470","modificationTime":"1760644157470","quotaInBytes":"-1","quotaInNamespace":"-1","usedNamespace":"0","objectID":"-9223372036854287360","updateID":"1908","Transaction":"1908"} | ret=SUCCESS |  
2025-10-16 19:49:17,472 | INFO  | OMAudit | user=runner | ip=127.0.0.1 | op=READ_VOLUME {"volume":"94cb1d46-b027-41a2-a410-4011744e2755"} | ret=SUCCESS |  
2025-10-16 19:49:17,473 [ForkJoinPool-1-worker-1] INFO  rpc.RpcClient (RpcClient.java:createBucket(686)) - Creating Bucket: 94cb1d46-b027-41a2-a410-4011744e2755/e2a56833-7d71-4a3d-b710-bd5a3ef987e4, with server-side default bucket layout, runner as owner, Versioning false, Storage Type set to DISK and Encryption set to false, Replication Type set to server-side default replication type, Namespace Quota set to -1, Space Quota set to -1 
2025-10-16 19:49:17,474 [om1-OMStateMachineApplyTransactionThread - 0] INFO  bucket.OMBucketCreateRequest (OMBucketCreateRequest.java:validateAndUpdateCache(303)) - created bucket: e2a56833-7d71-4a3d-b710-bd5a3ef987e4 of layout FILE_SYSTEM_OPTIMIZED in volume: 94cb1d46-b027-41a2-a410-4011744e2755
2025-10-16 19:49:17,474 | INFO  | OMAudit | user=runner | ip=127.0.0.1 | op=CREATE_BUCKET {"volume":"94cb1d46-b027-41a2-a410-4011744e2755","bucket":"e2a56833-7d71-4a3d-b710-bd5a3ef987e4","bucketLayout":"FILE_SYSTEM_OPTIMIZED","gdprEnabled":null,"acls":"[user:runner:a[ACCESS], group:runner:rl[ACCESS]]","isVersionEnabled":"false","storageType":"DISK","creationTime":"1760644157473","bucketEncryptionKey":null,"modificationTime":"1760644157473","usedBytes":"0","usedNamespace":"0","snapshotUsedBytes":"0","snapshotUsedNamespace":"0","owner":"runner","replicationType":null,"replicationConfig":null,"quotaInBytes":"-1","quotaInNamespace":"-1","Transaction":"1909"} | ret=SUCCESS |  
2025-10-16 19:49:17,475 | INFO  | OMAudit | user=runner | ip=127.0.0.1 | op=READ_BUCKET {"volume":"94cb1d46-b027-41a2-a410-4011744e2755","bucket":"e2a56833-7d71-4a3d-b710-bd5a3ef987e4"} | ret=SUCCESS |  
2025-10-16 19:49:17,477 | INFO  | OMAudit | user=runner | ip=127.0.0.1 | op=INITIATE_MULTIPART_UPLOAD {"volume":"94cb1d46-b027-41a2-a410-4011744e2755","bucket":"e2a56833-7d71-4a3d-b710-bd5a3ef987e4","key":"0f705185-068e-45ff-ae59-e2484636f30c","dataSize":"0","replicationType":"EC","replicationConfig":"rs-3-2-1048576","uploadID":"0199ee91-d024-749d-b9ea-782acd7857fb-115385575504347610","Transaction":"1910"} | ret=SUCCESS |  
2025-10-16 19:49:17,479 | INFO  | OMAudit | user=runner | ip=127.0.0.1 | op=ALLOCATE_KEY {"volume":"94cb1d46-b027-41a2-a410-4011744e2755","bucket":"e2a56833-7d71-4a3d-b710-bd5a3ef987e4","key":"0f705185-068e-45ff-ae59-e2484636f30c","dataSize":"12","Transaction":"1911"} | ret=SUCCESS |  
2025-10-16 19:49:17,481 | INFO  | SCMAudit | user=runner | ip=127.0.0.1 | op=ALLOCATE_BLOCK {"replication":"EC{rs-3-2-1024k}","owner":"omServiceIdDefault","size":"4194304","sampleBlocks":"[conID: 26 locID: 115816896921600528]","num":"1","client":"","allocated":"1"} | ret=SUCCESS |  
2025-10-16 19:49:17,483 | INFO  | OMAudit | user=runner | ip=127.0.0.1 | op=ALLOCATE_BLOCK {"volume":"94cb1d46-b027-41a2-a410-4011744e2755","bucket":"e2a56833-7d71-4a3d-b710-bd5a3ef987e4","key":"0f705185-068e-45ff-ae59-e2484636f30c","dataSize":"12","replicationType":"EC","replicationConfig":"rs-3-2-1048576","clientID":"115385575504478683","Transaction":"1912"} | ret=SUCCESS |  
2025-10-16 19:49:17,769 | INFO  | SCMAudit | user=runner | ip=127.0.0.1 | op=SEND_HEARTBEAT {"datanodeUUID":"c0724e9c-0dd4-4d47-992c-7bfe285fdd38","term":"2","command":"[]"} | ret=SUCCESS |  
2025-10-16 19:49:17,769 | INFO  | SCMAudit | user=runner | ip=127.0.0.1 | op=SEND_HEARTBEAT {"datanodeUUID":"702cb173-5c73-4ecc-b5cd-c7b4a6b66aea","term":"2","command":"[]"} | ret=SUCCESS |  
2025-10-16 19:49:17,769 [EventQueue-PipelineActionsForPipelineActionHandler] INFO  pipeline.PipelineActionHandler (PipelineActionHandler.java:processPipelineAction(89)) - Received pipeline action CLOSE for Pipeline-a6d455ad-cb8f-42d4-aaf7-6ca5f15a0415 from datanode 702cb173-5c73-4ecc-b5cd-c7b4a6b66aea(localhost/127.0.0.1). Reason : Ratis Transaction failure in datanode 702cb173-5c73-4ecc-b5cd-c7b4a6b66aea with role FOLLOWER .Triggering pipeline close action.
2025-10-16 19:49:17,769 [EventQueue-PipelineActionsForPipelineActionHandler] INFO  pipeline.PipelineActionHandler (PipelineActionHandler.java:processPipelineAction(89)) - Received pipeline action CLOSE for Pipeline-36270c74-4c8b-4dac-af71-cdbac21eb987 from datanode 702cb173-5c73-4ecc-b5cd-c7b4a6b66aea(localhost/127.0.0.1). Reason : Ratis Transaction failure in datanode 702cb173-5c73-4ecc-b5cd-c7b4a6b66aea with role LEADER .Triggering pipeline close action.
2025-10-16 19:49:17,771 | INFO  | SCMAudit | user=runner | ip=127.0.0.1 | op=SEND_HEARTBEAT {"datanodeUUID":"58cff6b7-b2a7-446b-a75a-bb98ad6b11b8","term":"2","command":"[]"} | ret=SUCCESS |  
2025-10-16 19:49:17,771 | INFO  | SCMAudit | user=runner | ip=127.0.0.1 | op=SEND_HEARTBEAT {"datanodeUUID":"8a3c3252-9afe-4d3a-8492-25be6557678a","term":"2","command":"[]"} | ret=SUCCESS |  
2025-10-16 19:49:17,771 | INFO  | SCMAudit | user=runner | ip=127.0.0.1 | op=SEND_HEARTBEAT {"datanodeUUID":"0e8b6cc7-9945-4141-97fc-6aa017a0d5fa","term":"2","command":"[]"} | ret=SUCCESS |  
2025-10-16 19:49:17,772 [EventQueue-PipelineActionsForPipelineActionHandler] INFO  pipeline.PipelineActionHandler (PipelineActionHandler.java:processPipelineAction(89)) - Received pipeline action CLOSE for Pipeline-a6d455ad-cb8f-42d4-aaf7-6ca5f15a0415 from datanode 0e8b6cc7-9945-4141-97fc-6aa017a0d5fa(localhost/127.0.0.1). Reason : Ratis Transaction failure in datanode 0e8b6cc7-9945-4141-97fc-6aa017a0d5fa with role FOLLOWER .Triggering pipeline close action.
2025-10-16 19:49:17,772 [EventQueue-PipelineActionsForPipelineActionHandler] INFO  pipeline.PipelineActionHandler (PipelineActionHandler.java:processPipelineAction(89)) - Received pipeline action CLOSE for Pipeline-36270c74-4c8b-4dac-af71-cdbac21eb987 from datanode 0e8b6cc7-9945-4141-97fc-6aa017a0d5fa(localhost/127.0.0.1). Reason : Ratis Transaction failure in datanode 0e8b6cc7-9945-4141-97fc-6aa017a0d5fa with role FOLLOWER .Triggering pipeline close action.
2025-10-16 19:49:17,795 | INFO  | SCMAudit | user=runner | ip=127.0.0.1 | op=SEND_HEARTBEAT {"datanodeUUID":"764b18f0-81c5-439a-9fff-25adc4f241fa","term":"2","command":"[]"} | ret=SUCCESS |  
2025-10-16 19:49:17,795 | INFO  | SCMAudit | user=runner | ip=127.0.0.1 | op=SEND_HEARTBEAT {"datanodeUUID":"f700af26-0e26-4136-9205-9509c82c8c70","term":"2","command":"[]"} | ret=SUCCESS |  
2025-10-16 19:49:17,797 | INFO  | SCMAudit | user=runner | ip=127.0.0.1 | op=SEND_HEARTBEAT {"datanodeUUID":"0428ab3f-efd5-438e-ae11-9ec242443260","term":"2","command":"[]"} | ret=SUCCESS |  
2025-10-16 19:49:17,800 | INFO  | SCMAudit | user=runner | ip=127.0.0.1 | op=SEND_HEARTBEAT {"datanodeUUID":"76d4ba71-5bbb-4b24-8f51-8bc7f78aaca4","term":"2","command":"[]"} | ret=SUCCESS |  
2025-10-16 19:49:17,800 [EventQueue-PipelineActionsForPipelineActionHandler] INFO  pipeline.PipelineActionHandler (PipelineActionHandler.java:processPipelineAction(89)) - Received pipeline action CLOSE for Pipeline-36c7da6a-14e2-433e-b882-35c832a27f16 from datanode 76d4ba71-5bbb-4b24-8f51-8bc7f78aaca4(localhost/127.0.0.1). Reason : Ratis Transaction failure in datanode 76d4ba71-5bbb-4b24-8f51-8bc7f78aaca4 with role LEADER .Triggering pipeline close action.
2025-10-16 19:49:17,801 | INFO  | SCMAudit | user=runner | ip=127.0.0.1 | op=SEND_HEARTBEAT {"datanodeUUID":"aa213937-adc5-47da-a770-0ee1e4664344","term":"2","command":"[]"} | ret=SUCCESS |  
2025-10-16 19:49:17,803 | INFO  | SCMAudit | user=runner | ip=127.0.0.1 | op=SEND_HEARTBEAT {"datanodeUUID":"e33e6ec4-6b66-4281-bedd-2bd75bd30070","term":"2","command":"[]"} | ret=SUCCESS |  
2025-10-16 19:49:17,803 [EventQueue-PipelineActionsForPipelineActionHandler] INFO  pipeline.PipelineActionHandler (PipelineActionHandler.java:processPipelineAction(89)) - Received pipeline action CLOSE for Pipeline-a6d455ad-cb8f-42d4-aaf7-6ca5f15a0415 from datanode e33e6ec4-6b66-4281-bedd-2bd75bd30070(localhost/127.0.0.1). Reason : Ratis Transaction failure in datanode e33e6ec4-6b66-4281-bedd-2bd75bd30070 with role LEADER .Triggering pipeline close action.
2025-10-16 19:49:17,803 [EventQueue-PipelineActionsForPipelineActionHandler] INFO  pipeline.PipelineActionHandler (PipelineActionHandler.java:processPipelineAction(89)) - Received pipeline action CLOSE for Pipeline-36270c74-4c8b-4dac-af71-cdbac21eb987 from datanode e33e6ec4-6b66-4281-bedd-2bd75bd30070(localhost/127.0.0.1). Reason : Ratis Transaction failure in datanode e33e6ec4-6b66-4281-bedd-2bd75bd30070 with role FOLLOWER .Triggering pipeline close action.
2025-10-16 19:49:17,805 | INFO  | SCMAudit | user=runner | ip=127.0.0.1 | op=SEND_HEARTBEAT {"datanodeUUID":"8a0fa2ff-b550-4652-b2fe-0cf91cd4a157","term":"2","command":"[]"} | ret=SUCCESS |  
2025-10-16 19:49:17,805 [EventQueue-PipelineActionsForPipelineActionHandler] INFO  pipeline.PipelineActionHandler (PipelineActionHandler.java:processPipelineAction(89)) - Received pipeline action CLOSE for Pipeline-36c7da6a-14e2-433e-b882-35c832a27f16 from datanode 8a0fa2ff-b550-4652-b2fe-0cf91cd4a157(localhost/127.0.0.1). Reason : Ratis Transaction failure in datanode 8a0fa2ff-b550-4652-b2fe-0cf91cd4a157 with role FOLLOWER .Triggering pipeline close action.
2025-10-16 19:49:17,806 | INFO  | SCMAudit | user=runner | ip=127.0.0.1 | op=SEND_HEARTBEAT {"datanodeUUID":"e072d245-7694-4d97-8e20-c503ebf8c2fe","term":"2","command":"[]"} | ret=SUCCESS |  
2025-10-16 19:49:17,806 [EventQueue-PipelineActionsForPipelineActionHandler] INFO  pipeline.PipelineActionHandler (PipelineActionHandler.java:processPipelineAction(89)) - Received pipeline action CLOSE for Pipeline-36c7da6a-14e2-433e-b882-35c832a27f16 from datanode e072d245-7694-4d97-8e20-c503ebf8c2fe(localhost/127.0.0.1). Reason : Ratis Transaction failure in datanode e072d245-7694-4d97-8e20-c503ebf8c2fe with role FOLLOWER .Triggering pipeline close action.
2025-10-16 19:49:17,807 | INFO  | SCMAudit | user=runner | ip=127.0.0.1 | op=SEND_HEARTBEAT {"datanodeUUID":"757ca056-973f-4f05-ab2d-6aff6c54d452","term":"2","command":"[]"} | ret=SUCCESS |  
2025-10-16 19:49:18,398 [om1-KeyDeletingService#4] INFO  service.KeyDeletingService (KeyDeletingService.java:processKeyDeletes(151)) - Send 2 key(s) to SCM, first 2 keys: [PurgedKey{blockGroup=BlockGroup[groupID='/c36a2e38-f524-4d1d-81a0-a62a7152044f/896a69e7-b615-4be9-a874-d11d50d18636/4e5ef7ab-2b44-4b28-b0f1-3b24b61ec44c/0199ee91-cfca-776b-8e4f-a7ce6b986668-115385575498449364/-9223372036854291199/0', blockIDs=[conID: 10 locID: 115816896921600524 bcsId: 0 replicaIndex: null]], volume='c36a2e38-f524-4d1d-81a0-a62a7152044f', bucket='896a69e7-b615-4be9-a874-d11d50d18636', bucketId=-9223372036854291712, purgedBytes=12, isCommittedKey=false, deleteKeyName='/c36a2e38-f524-4d1d-81a0-a62a7152044f/896a69e7-b615-4be9-a874-d11d50d18636/4e5ef7ab-2b44-4b28-b0f1-3b24b61ec44c/0199ee91-cfca-776b-8e4f-a7ce6b986668-115385575498449364/-9223372036854291199'}, PurgedKey{blockGroup=BlockGroup[groupID='/43919c20-c427-484c-b2b8-97b3d9da642a/57d44215-1ade-490e-a8f4-122073a2a660/cca511c3-4d62-4a13-a613-9ba04831e4df/0199ee91-cfe9-732c-b1b0-a96339e42c0a-115385575500480983/-9223372036854288895/0', blockIDs=[conID: 15 locID: 115816896921600526 bcsId: 0 replicaIndex: null]], volume='43919c20-c427-484c-b2b8-97b3d9da642a', bucket='57d44215-1ade-490e-a8f4-122073a2a660', bucketId=-9223372036854289408, purgedBytes=36, isCommittedKey=false, deleteKeyName='/43919c20-c427-484c-b2b8-97b3d9da642a/57d44215-1ade-490e-a8f4-122073a2a660/cca511c3-4d62-4a13-a613-9ba04831e4df/0199ee91-cfe9-732c-b1b0-a96339e42c0a-115385575500480983/-9223372036854288895'}]
2025-10-16 19:49:18,400 | INFO  | SCMAudit | user=runner | ip=127.0.0.1 | op=DELETE_KEY_BLOCK {"KeyBlockToDelete":"[BlockGroup[groupID='/43919c20-c427-484c-b2b8-97b3d9da642a/57d44215-1ade-490e-a8f4-122073a2a660/cca511c3-4d62-4a13-a613-9ba04831e4df/0199ee91-cfe9-732c-b1b0-a96339e42c0a-115385575500480983/-9223372036854288895/0', blockIDs=[conID: 15 locID: 115816896921600526 bcsId: 0 replicaIndex: null]], BlockGroup[groupID='/c36a2e38-f524-4d1d-81a0-a62a7152044f/896a69e7-b615-4be9-a874-d11d50d18636/4e5ef7ab-2b44-4b28-b0f1-3b24b61ec44c/0199ee91-cfca-776b-8e4f-a7ce6b986668-115385575498449364/-9223372036854291199/0', blockIDs=[conID: 10 locID: 115816896921600524 bcsId: 0 replicaIndex: null]]]"} | ret=SUCCESS |  
2025-10-16 19:49:18,400 [om1-KeyDeletingService#4] INFO  service.KeyDeletingService (KeyDeletingService.java:processKeyDeletes(158)) - 2 BlockGroup deletion are acked by SCM in 3 ms
2025-10-16 19:49:18,401 [om1-KeyDeletingService#4] INFO  service.KeyDeletingService (KeyDeletingService.java:processKeyDeletes(166)) - Blocks for 2 (out of 2) keys are deleted from DB in 1 ms. Limit per task is 50000.
2025-10-16 19:49:18,769 | INFO  | SCMAudit | user=runner | ip=127.0.0.1 | op=SEND_HEARTBEAT {"datanodeUUID":"702cb173-5c73-4ecc-b5cd-c7b4a6b66aea","term":"2","command":"[]"} | ret=SUCCESS |  
2025-10-16 19:49:18,769 [EventQueue-PipelineActionsForPipelineActionHandler] INFO  pipeline.PipelineActionHandler (PipelineActionHandler.java:processPipelineAction(89)) - Received pipeline action CLOSE for Pipeline-a6d455ad-cb8f-42d4-aaf7-6ca5f15a0415 from datanode 702cb173-5c73-4ecc-b5cd-c7b4a6b66aea(localhost/127.0.0.1). Reason : Ratis Transaction failure in datanode 702cb173-5c73-4ecc-b5cd-c7b4a6b66aea with role FOLLOWER .Triggering pipeline close action.
2025-10-16 19:49:18,769 [EventQueue-PipelineActionsForPipelineActionHandler] INFO  pipeline.PipelineActionHandler (PipelineActionHandler.java:processPipelineAction(89)) - Received pipeline action CLOSE for Pipeline-36270c74-4c8b-4dac-af71-cdbac21eb987 from datanode 702cb173-5c73-4ecc-b5cd-c7b4a6b66aea(localhost/127.0.0.1). Reason : Ratis Transaction failure in datanode 702cb173-5c73-4ecc-b5cd-c7b4a6b66aea with role LEADER .Triggering pipeline close action.
2025-10-16 19:49:18,769 | INFO  | SCMAudit | user=runner | ip=127.0.0.1 | op=SEND_HEARTBEAT {"datanodeUUID":"c0724e9c-0dd4-4d47-992c-7bfe285fdd38","term":"2","command":"[]"} | ret=SUCCESS |  
2025-10-16 19:49:18,771 | INFO  | SCMAudit | user=runner | ip=127.0.0.1 | op=SEND_HEARTBEAT {"datanodeUUID":"8a3c3252-9afe-4d3a-8492-25be6557678a","term":"2","command":"[]"} | ret=SUCCESS |  
2025-10-16 19:49:18,771 | INFO  | SCMAudit | user=runner | ip=127.0.0.1 | op=SEND_HEARTBEAT {"datanodeUUID":"0e8b6cc7-9945-4141-97fc-6aa017a0d5fa","term":"2","command":"[]"} | ret=SUCCESS |  
2025-10-16 19:49:18,771 [EventQueue-PipelineActionsForPipelineActionHandler] INFO  pipeline.PipelineActionHandler (PipelineActionHandler.java:processPipelineAction(89)) - Received pipeline action CLOSE for Pipeline-a6d455ad-cb8f-42d4-aaf7-6ca5f15a0415 from datanode 0e8b6cc7-9945-4141-97fc-6aa017a0d5fa(localhost/127.0.0.1). Reason : Ratis Transaction failure in datanode 0e8b6cc7-9945-4141-97fc-6aa017a0d5fa with role FOLLOWER .Triggering pipeline close action.
2025-10-16 19:49:18,771 [EventQueue-PipelineActionsForPipelineActionHandler] INFO  pipeline.PipelineActionHandler (PipelineActionHandler.java:processPipelineAction(89)) - Received pipeline action CLOSE for Pipeline-36270c74-4c8b-4dac-af71-cdbac21eb987 from datanode 0e8b6cc7-9945-4141-97fc-6aa017a0d5fa(localhost/127.0.0.1). Reason : Ratis Transaction failure in datanode 0e8b6cc7-9945-4141-97fc-6aa017a0d5fa with role FOLLOWER .Triggering pipeline close action.
2025-10-16 19:49:18,771 | INFO  | SCMAudit | user=runner | ip=127.0.0.1 | op=SEND_HEARTBEAT {"datanodeUUID":"58cff6b7-b2a7-446b-a75a-bb98ad6b11b8","term":"2","command":"[]"} | ret=SUCCESS |  
2025-10-16 19:49:18,795 | INFO  | SCMAudit | user=runner | ip=127.0.0.1 | op=SEND_HEARTBEAT {"datanodeUUID":"764b18f0-81c5-439a-9fff-25adc4f241fa","term":"2","command":"[]"} | ret=SUCCESS |  
2025-10-16 19:49:18,795 | INFO  | SCMAudit | user=runner | ip=127.0.0.1 | op=SEND_HEARTBEAT {"datanodeUUID":"f700af26-0e26-4136-9205-9509c82c8c70","term":"2","command":"[]"} | ret=SUCCESS |  
2025-10-16 19:49:18,797 | INFO  | SCMAudit | user=runner | ip=127.0.0.1 | op=SEND_HEARTBEAT {"datanodeUUID":"0428ab3f-efd5-438e-ae11-9ec242443260","term":"2","command":"[]"} | ret=SUCCESS |  
2025-10-16 19:49:18,800 | INFO  | SCMAudit | user=runner | ip=127.0.0.1 | op=SEND_HEARTBEAT {"datanodeUUID":"76d4ba71-5bbb-4b24-8f51-8bc7f78aaca4","term":"2","command":"[]"} | ret=SUCCESS |  
2025-10-16 19:49:18,800 [EventQueue-PipelineActionsForPipelineActionHandler] INFO  pipeline.PipelineActionHandler (PipelineActionHandler.java:processPipelineAction(89)) - Received pipeline action CLOSE for Pipeline-36c7da6a-14e2-433e-b882-35c832a27f16 from datanode 76d4ba71-5bbb-4b24-8f51-8bc7f78aaca4(localhost/127.0.0.1). Reason : Ratis Transaction failure in datanode 76d4ba71-5bbb-4b24-8f51-8bc7f78aaca4 with role LEADER .Triggering pipeline close action.
2025-10-16 19:49:18,801 | INFO  | SCMAudit | user=runner | ip=127.0.0.1 | op=SEND_HEARTBEAT {"datanodeUUID":"aa213937-adc5-47da-a770-0ee1e4664344","term":"2","command":"[]"} | ret=SUCCESS |  
2025-10-16 19:49:18,803 | INFO  | SCMAudit | user=runner | ip=127.0.0.1 | op=SEND_HEARTBEAT {"datanodeUUID":"e33e6ec4-6b66-4281-bedd-2bd75bd30070","term":"2","command":"[]"} | ret=SUCCESS |  
2025-10-16 19:49:18,803 [EventQueue-PipelineActionsForPipelineActionHandler] INFO  pipeline.PipelineActionHandler (PipelineActionHandler.java:processPipelineAction(89)) - Received pipeline action CLOSE for Pipeline-a6d455ad-cb8f-42d4-aaf7-6ca5f15a0415 from datanode e33e6ec4-6b66-4281-bedd-2bd75bd30070(localhost/127.0.0.1). Reason : Ratis Transaction failure in datanode e33e6ec4-6b66-4281-bedd-2bd75bd30070 with role LEADER .Triggering pipeline close action.
2025-10-16 19:49:18,803 [EventQueue-PipelineActionsForPipelineActionHandler] INFO  pipeline.PipelineActionHandler (PipelineActionHandler.java:processPipelineAction(89)) - Received pipeline action CLOSE for Pipeline-36270c74-4c8b-4dac-af71-cdbac21eb987 from datanode e33e6ec4-6b66-4281-bedd-2bd75bd30070(localhost/127.0.0.1). Reason : Ratis Transaction failure in datanode e33e6ec4-6b66-4281-bedd-2bd75bd30070 with role FOLLOWER .Triggering pipeline close action.
2025-10-16 19:49:18,806 | INFO  | SCMAudit | user=runner | ip=127.0.0.1 | op=SEND_HEARTBEAT {"datanodeUUID":"8a0fa2ff-b550-4652-b2fe-0cf91cd4a157","term":"2","command":"[]"} | ret=SUCCESS |  
2025-10-16 19:49:18,806 [EventQueue-PipelineActionsForPipelineActionHandler] INFO  pipeline.PipelineActionHandler (PipelineActionHandler.java:processPipelineAction(89)) - Received pipeline action CLOSE for Pipeline-36c7da6a-14e2-433e-b882-35c832a27f16 from datanode 8a0fa2ff-b550-4652-b2fe-0cf91cd4a157(localhost/127.0.0.1). Reason : Ratis Transaction failure in datanode 8a0fa2ff-b550-4652-b2fe-0cf91cd4a157 with role FOLLOWER .Triggering pipeline close action.
2025-10-16 19:49:18,806 | INFO  | SCMAudit | user=runner | ip=127.0.0.1 | op=SEND_HEARTBEAT {"datanodeUUID":"e072d245-7694-4d97-8e20-c503ebf8c2fe","term":"2","command":"[]"} | ret=SUCCESS |  
2025-10-16 19:49:18,806 [EventQueue-PipelineActionsForPipelineActionHandler] INFO  pipeline.PipelineActionHandler (PipelineActionHandler.java:processPipelineAction(89)) - Received pipeline action CLOSE for Pipeline-36c7da6a-14e2-433e-b882-35c832a27f16 from datanode e072d245-7694-4d97-8e20-c503ebf8c2fe(localhost/127.0.0.1). Reason : Ratis Transaction failure in datanode e072d245-7694-4d97-8e20-c503ebf8c2fe with role FOLLOWER .Triggering pipeline close action.
2025-10-16 19:49:18,807 | INFO  | SCMAudit | user=runner | ip=127.0.0.1 | op=SEND_HEARTBEAT {"datanodeUUID":"757ca056-973f-4f05-ab2d-6aff6c54d452","term":"2","command":"[]"} | ret=SUCCESS |  
2025-10-16 19:49:19,769 | INFO  | SCMAudit | user=runner | ip=127.0.0.1 | op=SEND_HEARTBEAT {"datanodeUUID":"702cb173-5c73-4ecc-b5cd-c7b4a6b66aea","term":"2","command":"[]"} | ret=SUCCESS |  
2025-10-16 19:49:19,769 | INFO  | SCMAudit | user=runner | ip=127.0.0.1 | op=SEND_HEARTBEAT {"datanodeUUID":"c0724e9c-0dd4-4d47-992c-7bfe285fdd38","term":"2","command":"[]"} | ret=SUCCESS |  
2025-10-16 19:49:19,769 [EventQueue-PipelineActionsForPipelineActionHandler] INFO  pipeline.PipelineActionHandler (PipelineActionHandler.java:processPipelineAction(89)) - Received pipeline action CLOSE for Pipeline-a6d455ad-cb8f-42d4-aaf7-6ca5f15a0415 from datanode 702cb173-5c73-4ecc-b5cd-c7b4a6b66aea(localhost/127.0.0.1). Reason : Ratis Transaction failure in datanode 702cb173-5c73-4ecc-b5cd-c7b4a6b66aea with role FOLLOWER .Triggering pipeline close action.
2025-10-16 19:49:19,769 [EventQueue-PipelineActionsForPipelineActionHandler] INFO  pipeline.PipelineActionHandler (PipelineActionHandler.java:processPipelineAction(89)) - Received pipeline action CLOSE for Pipeline-36270c74-4c8b-4dac-af71-cdbac21eb987 from datanode 702cb173-5c73-4ecc-b5cd-c7b4a6b66aea(localhost/127.0.0.1). Reason : Ratis Transaction failure in datanode 702cb173-5c73-4ecc-b5cd-c7b4a6b66aea with role LEADER .Triggering pipeline close action.
2025-10-16 19:49:19,771 | INFO  | SCMAudit | user=runner | ip=127.0.0.1 | op=SEND_HEARTBEAT {"datanodeUUID":"8a3c3252-9afe-4d3a-8492-25be6557678a","term":"2","command":"[]"} | ret=SUCCESS |  
2025-10-16 19:49:19,771 | INFO  | SCMAudit | user=runner | ip=127.0.0.1 | op=SEND_HEARTBEAT {"datanodeUUID":"0e8b6cc7-9945-4141-97fc-6aa017a0d5fa","term":"2","command":"[]"} | ret=SUCCESS |  
2025-10-16 19:49:19,771 [EventQueue-PipelineActionsForPipelineActionHandler] INFO  pipeline.PipelineActionHandler (PipelineActionHandler.java:processPipelineAction(89)) - Received pipeline action CLOSE for Pipeline-a6d455ad-cb8f-42d4-aaf7-6ca5f15a0415 from datanode 0e8b6cc7-9945-4141-97fc-6aa017a0d5fa(localhost/127.0.0.1). Reason : Ratis Transaction failure in datanode 0e8b6cc7-9945-4141-97fc-6aa017a0d5fa with role FOLLOWER .Triggering pipeline close action.
2025-10-16 19:49:19,771 | INFO  | SCMAudit | user=runner | ip=127.0.0.1 | op=SEND_HEARTBEAT {"datanodeUUID":"58cff6b7-b2a7-446b-a75a-bb98ad6b11b8","term":"2","command":"[]"} | ret=SUCCESS |  
2025-10-16 19:49:19,771 [EventQueue-PipelineActionsForPipelineActionHandler] INFO  pipeline.PipelineActionHandler (PipelineActionHandler.java:processPipelineAction(89)) - Received pipeline action CLOSE for Pipeline-36270c74-4c8b-4dac-af71-cdbac21eb987 from datanode 0e8b6cc7-9945-4141-97fc-6aa017a0d5fa(localhost/127.0.0.1). Reason : Ratis Transaction failure in datanode 0e8b6cc7-9945-4141-97fc-6aa017a0d5fa with role FOLLOWER .Triggering pipeline close action.
2025-10-16 19:49:19,779 [bed9314d-2aab-40ad-9a80-177434bab325-server-thread1] INFO  server.RaftServer$Division (RaftServerImpl.java:takeSnapshotAsync(1241)) - bed9314d-2aab-40ad-9a80-177434bab325@group-94071A26A1CE: takeSnapshotAsync SnapshotManagementRequest:client-35E58F099E12->bed9314d-2aab-40ad-9a80-177434bab325@group-94071A26A1CE, cid=173, seq=null, RO, null, Create:
2025-10-16 19:49:19,779 [bed9314d-2aab-40ad-9a80-177434bab325-server-thread1] INFO  server.RaftServerConfigKeys (ConfUtils.java:logGet(62)) - raft.server.snapshot.creation.gap = 1024 (default)
2025-10-16 19:49:19,795 | INFO  | SCMAudit | user=runner | ip=127.0.0.1 | op=SEND_HEARTBEAT {"datanodeUUID":"f700af26-0e26-4136-9205-9509c82c8c70","term":"2","command":"[]"} | ret=SUCCESS |  
2025-10-16 19:49:19,795 | INFO  | SCMAudit | user=runner | ip=127.0.0.1 | op=SEND_HEARTBEAT {"datanodeUUID":"764b18f0-81c5-439a-9fff-25adc4f241fa","term":"2","command":"[]"} | ret=SUCCESS |  
2025-10-16 19:49:19,797 | INFO  | SCMAudit | user=runner | ip=127.0.0.1 | op=SEND_HEARTBEAT {"datanodeUUID":"0428ab3f-efd5-438e-ae11-9ec242443260","term":"2","command":"[]"} | ret=SUCCESS |  
2025-10-16 19:49:19,801 | INFO  | SCMAudit | user=runner | ip=127.0.0.1 | op=SEND_HEARTBEAT {"datanodeUUID":"76d4ba71-5bbb-4b24-8f51-8bc7f78aaca4","term":"2","command":"[]"} | ret=SUCCESS |  
2025-10-16 19:49:19,801 [EventQueue-PipelineActionsForPipelineActionHandler] INFO  pipeline.PipelineActionHandler (PipelineActionHandler.java:processPipelineAction(89)) - Received pipeline action CLOSE for Pipeline-36c7da6a-14e2-433e-b882-35c832a27f16 from datanode 76d4ba71-5bbb-4b24-8f51-8bc7f78aaca4(localhost/127.0.0.1). Reason : Ratis Transaction failure in datanode 76d4ba71-5bbb-4b24-8f51-8bc7f78aaca4 with role LEADER .Triggering pipeline close action.
2025-10-16 19:49:19,802 | INFO  | SCMAudit | user=runner | ip=127.0.0.1 | op=SEND_HEARTBEAT {"datanodeUUID":"aa213937-adc5-47da-a770-0ee1e4664344","term":"2","command":"[]"} | ret=SUCCESS |  
2025-10-16 19:49:19,803 | INFO  | SCMAudit | user=runner | ip=127.0.0.1 | op=SEND_HEARTBEAT {"datanodeUUID":"e33e6ec4-6b66-4281-bedd-2bd75bd30070","term":"2","command":"[]"} | ret=SUCCESS |  
2025-10-16 19:49:19,803 [EventQueue-PipelineActionsForPipelineActionHandler] INFO  pipeline.PipelineActionHandler (PipelineActionHandler.java:processPipelineAction(89)) - Received pipeline action CLOSE for Pipeline-a6d455ad-cb8f-42d4-aaf7-6ca5f15a0415 from datanode e33e6ec4-6b66-4281-bedd-2bd75bd30070(localhost/127.0.0.1). Reason : Ratis Transaction failure in datanode e33e6ec4-6b66-4281-bedd-2bd75bd30070 with role LEADER .Triggering pipeline close action.
2025-10-16 19:49:19,803 [EventQueue-PipelineActionsForPipelineActionHandler] INFO  pipeline.PipelineActionHandler (PipelineActionHandler.java:processPipelineAction(89)) - Received pipeline action CLOSE for Pipeline-36270c74-4c8b-4dac-af71-cdbac21eb987 from datanode e33e6ec4-6b66-4281-bedd-2bd75bd30070(localhost/127.0.0.1). Reason : Ratis Transaction failure in datanode e33e6ec4-6b66-4281-bedd-2bd75bd30070 with role FOLLOWER .Triggering pipeline close action.
2025-10-16 19:49:19,806 | INFO  | SCMAudit | user=runner | ip=127.0.0.1 | op=SEND_HEARTBEAT {"datanodeUUID":"e072d245-7694-4d97-8e20-c503ebf8c2fe","term":"2","command":"[]"} | ret=SUCCESS |  
2025-10-16 19:49:19,806 [EventQueue-PipelineActionsForPipelineActionHandler] INFO  pipeline.PipelineActionHandler (PipelineActionHandler.java:processPipelineAction(89)) - Received pipeline action CLOSE for Pipeline-36c7da6a-14e2-433e-b882-35c832a27f16 from datanode e072d245-7694-4d97-8e20-c503ebf8c2fe(localhost/127.0.0.1). Reason : Ratis Transaction failure in datanode e072d245-7694-4d97-8e20-c503ebf8c2fe with role FOLLOWER .Triggering pipeline close action.
2025-10-16 19:49:19,807 | INFO  | SCMAudit | user=runner | ip=127.0.0.1 | op=SEND_HEARTBEAT {"datanodeUUID":"8a0fa2ff-b550-4652-b2fe-0cf91cd4a157","term":"2","command":"[]"} | ret=SUCCESS |  
2025-10-16 19:49:19,807 [EventQueue-PipelineActionsForPipelineActionHandler] INFO  pipeline.PipelineActionHandler (PipelineActionHandler.java:processPipelineAction(89)) - Received pipeline action CLOSE for Pipeline-36c7da6a-14e2-433e-b882-35c832a27f16 from datanode 8a0fa2ff-b550-4652-b2fe-0cf91cd4a157(localhost/127.0.0.1). Reason : Ratis Transaction failure in datanode 8a0fa2ff-b550-4652-b2fe-0cf91cd4a157 with role FOLLOWER .Triggering pipeline close action.
2025-10-16 19:49:19,808 | INFO  | SCMAudit | user=runner | ip=127.0.0.1 | op=SEND_HEARTBEAT {"datanodeUUID":"757ca056-973f-4f05-ab2d-6aff6c54d452","term":"2","command":"[]"} | ret=SUCCESS |  
2025-10-16 19:49:20,496 [Thread-12069] WARN  grpc.GrpcUtil (GrpcUtil.java:shutdownManagedChannel(226)) - Timed out gracefully shutting down connection: ManagedChannelOrphanWrapper{delegate=ManagedChannelImpl{logId=1724, target=127.0.0.1:15093}}. 
2025-10-16 19:49:20,498 [grpc-default-executor-1] WARN  server.GrpcClientProtocolService (LogUtils.java:warn(127)) - 18-UnorderedRequestStreamObserver18: onError: org.apache.ratis.thirdparty.io.grpc.StatusRuntimeException: CANCELLED: client cancelled
2025-10-16 19:49:20,510 | INFO  | OMAudit | user=runner | ip=127.0.0.1 | op=COMMIT_MULTIPART_UPLOAD_PARTKEY {"volume":"94cb1d46-b027-41a2-a410-4011744e2755","bucket":"e2a56833-7d71-4a3d-b710-bd5a3ef987e4","key":"0f705185-068e-45ff-ae59-e2484636f30c","dataSize":"12","ETag":"1f8d5e1785e8ff978c10fa408d915c7e","uploadID":"0199ee91-d024-749d-b9ea-782acd7857fb-115385575504347610","partNumber":"1","partName":"/94cb1d46-b027-41a2-a410-4011744e2755/e2a56833-7d71-4a3d-b710-bd5a3ef987e4/0f705185-068e-45ff-ae59-e2484636f30c-0199ee91-d024-749d-b9ea-782acd7857fb-115385575504347610-1","Transaction":"1914"} | ret=SUCCESS |  
2025-10-16 19:49:20,513 | INFO  | OMAudit | user=runner | ip=127.0.0.1 | op=ALLOCATE_KEY {"volume":"94cb1d46-b027-41a2-a410-4011744e2755","bucket":"e2a56833-7d71-4a3d-b710-bd5a3ef987e4","key":"0f705185-068e-45ff-ae59-e2484636f30c","dataSize":"19","Transaction":"1915"} | ret=SUCCESS |  
2025-10-16 19:49:20,515 | INFO  | SCMAudit | user=runner | ip=127.0.0.1 | op=ALLOCATE_BLOCK {"replication":"EC{rs-3-2-1024k}","owner":"omServiceIdDefault","size":"4194304","sampleBlocks":"[conID: 24 locID: 115816896921600529]","num":"1","client":"","allocated":"1"} | ret=SUCCESS |  
2025-10-16 19:49:20,516 | INFO  | OMAudit | user=runner | ip=127.0.0.1 | op=ALLOCATE_BLOCK {"volume":"94cb1d46-b027-41a2-a410-4011744e2755","bucket":"e2a56833-7d71-4a3d-b710-bd5a3ef987e4","key":"0f705185-068e-45ff-ae59-e2484636f30c","dataSize":"19","replicationType":"EC","replicationConfig":"rs-3-2-1048576","clientID":"115385575703314908","Transaction":"1916"} | ret=SUCCESS |  
2025-10-16 19:49:20,768 | INFO  | SCMAudit | user=runner | ip=127.0.0.1 | op=SEND_HEARTBEAT {"datanodeUUID":"702cb173-5c73-4ecc-b5cd-c7b4a6b66aea","term":"2","command":"[]"} | ret=SUCCESS |  
2025-10-16 19:49:20,768 [EventQueue-PipelineActionsForPipelineActionHandler] INFO  pipeline.PipelineActionHandler (PipelineActionHandler.java:processPipelineAction(89)) - Received pipeline action CLOSE for Pipeline-a6d455ad-cb8f-42d4-aaf7-6ca5f15a0415 from datanode 702cb173-5c73-4ecc-b5cd-c7b4a6b66aea(localhost/127.0.0.1). Reason : Ratis Transaction failure in datanode 702cb173-5c73-4ecc-b5cd-c7b4a6b66aea with role FOLLOWER .Triggering pipeline close action.
2025-10-16 19:49:20,769 [EventQueue-PipelineActionsForPipelineActionHandler] INFO  pipeline.PipelineActionHandler (PipelineActionHandler.java:processPipelineAction(89)) - Received pipeline action CLOSE for Pipeline-36270c74-4c8b-4dac-af71-cdbac21eb987 from datanode 702cb173-5c73-4ecc-b5cd-c7b4a6b66aea(localhost/127.0.0.1). Reason : Ratis Transaction failure in datanode 702cb173-5c73-4ecc-b5cd-c7b4a6b66aea with role LEADER .Triggering pipeline close action.
2025-10-16 19:49:20,769 | INFO  | SCMAudit | user=runner | ip=127.0.0.1 | op=SEND_HEARTBEAT {"datanodeUUID":"c0724e9c-0dd4-4d47-992c-7bfe285fdd38","term":"2","command":"[]"} | ret=SUCCESS |  
2025-10-16 19:49:20,771 | INFO  | SCMAudit | user=runner | ip=127.0.0.1 | op=SEND_HEARTBEAT {"datanodeUUID":"8a3c3252-9afe-4d3a-8492-25be6557678a","term":"2","command":"[]"} | ret=SUCCESS |  
2025-10-16 19:49:20,771 | INFO  | SCMAudit | user=runner | ip=127.0.0.1 | op=SEND_HEARTBEAT {"datanodeUUID":"58cff6b7-b2a7-446b-a75a-bb98ad6b11b8","term":"2","command":"[]"} | ret=SUCCESS |  
2025-10-16 19:49:20,771 [EventQueue-PipelineActionsForPipelineActionHandler] INFO  pipeline.PipelineActionHandler (PipelineActionHandler.java:processPipelineAction(89)) - Received pipeline action CLOSE for Pipeline-a6d455ad-cb8f-42d4-aaf7-6ca5f15a0415 from datanode 0e8b6cc7-9945-4141-97fc-6aa017a0d5fa(localhost/127.0.0.1). Reason : Ratis Transaction failure in datanode 0e8b6cc7-9945-4141-97fc-6aa017a0d5fa with role FOLLOWER .Triggering pipeline close action.
2025-10-16 19:49:20,771 [EventQueue-PipelineActionsForPipelineActionHandler] INFO  pipeline.PipelineActionHandler (PipelineActionHandler.java:processPipelineAction(89)) - Received pipeline action CLOSE for Pipeline-36270c74-4c8b-4dac-af71-cdbac21eb987 from datanode 0e8b6cc7-9945-4141-97fc-6aa017a0d5fa(localhost/127.0.0.1). Reason : Ratis Transaction failure in datanode 0e8b6cc7-9945-4141-97fc-6aa017a0d5fa with role FOLLOWER .Triggering pipeline close action.
2025-10-16 19:49:20,772 | INFO  | SCMAudit | user=runner | ip=127.0.0.1 | op=SEND_HEARTBEAT {"datanodeUUID":"0e8b6cc7-9945-4141-97fc-6aa017a0d5fa","term":"2","command":"[]"} | ret=SUCCESS |  
2025-10-16 19:49:20,795 | INFO  | SCMAudit | user=runner | ip=127.0.0.1 | op=SEND_HEARTBEAT {"datanodeUUID":"f700af26-0e26-4136-9205-9509c82c8c70","term":"2","command":"[]"} | ret=SUCCESS |  
2025-10-16 19:49:20,795 | INFO  | SCMAudit | user=runner | ip=127.0.0.1 | op=SEND_HEARTBEAT {"datanodeUUID":"764b18f0-81c5-439a-9fff-25adc4f241fa","term":"2","command":"[]"} | ret=SUCCESS |  
2025-10-16 19:49:20,797 | INFO  | SCMAudit | user=runner | ip=127.0.0.1 | op=SEND_HEARTBEAT {"datanodeUUID":"0428ab3f-efd5-438e-ae11-9ec242443260","term":"2","command":"[]"} | ret=SUCCESS |  
2025-10-16 19:49:20,800 | INFO  | SCMAudit | user=runner | ip=127.0.0.1 | op=SEND_HEARTBEAT {"datanodeUUID":"76d4ba71-5bbb-4b24-8f51-8bc7f78aaca4","term":"2","command":"[]"} | ret=SUCCESS |  
2025-10-16 19:49:20,800 [EventQueue-PipelineActionsForPipelineActionHandler] INFO  pipeline.PipelineActionHandler (PipelineActionHandler.java:processPipelineAction(89)) - Received pipeline action CLOSE for Pipeline-36c7da6a-14e2-433e-b882-35c832a27f16 from datanode 76d4ba71-5bbb-4b24-8f51-8bc7f78aaca4(localhost/127.0.0.1). Reason : Ratis Transaction failure in datanode 76d4ba71-5bbb-4b24-8f51-8bc7f78aaca4 with role LEADER .Triggering pipeline close action.
2025-10-16 19:49:20,802 | INFO  | SCMAudit | user=runner | ip=127.0.0.1 | op=SEND_HEARTBEAT {"datanodeUUID":"aa213937-adc5-47da-a770-0ee1e4664344","term":"2","command":"[]"} | ret=SUCCESS |  
2025-10-16 19:49:20,803 | INFO  | SCMAudit | user=runner | ip=127.0.0.1 | op=SEND_HEARTBEAT {"datanodeUUID":"e33e6ec4-6b66-4281-bedd-2bd75bd30070","term":"2","command":"[]"} | ret=SUCCESS |  
2025-10-16 19:49:20,803 [EventQueue-PipelineActionsForPipelineActionHandler] INFO  pipeline.PipelineActionHandler (PipelineActionHandler.java:processPipelineAction(89)) - Received pipeline action CLOSE for Pipeline-a6d455ad-cb8f-42d4-aaf7-6ca5f15a0415 from datanode e33e6ec4-6b66-4281-bedd-2bd75bd30070(localhost/127.0.0.1). Reason : Ratis Transaction failure in datanode e33e6ec4-6b66-4281-bedd-2bd75bd30070 with role LEADER .Triggering pipeline close action.
2025-10-16 19:49:20,803 [EventQueue-PipelineActionsForPipelineActionHandler] INFO  pipeline.PipelineActionHandler (PipelineActionHandler.java:processPipelineAction(89)) - Received pipeline action CLOSE for Pipeline-36270c74-4c8b-4dac-af71-cdbac21eb987 from datanode e33e6ec4-6b66-4281-bedd-2bd75bd30070(localhost/127.0.0.1). Reason : Ratis Transaction failure in datanode e33e6ec4-6b66-4281-bedd-2bd75bd30070 with role FOLLOWER .Triggering pipeline close action.
2025-10-16 19:49:20,806 | INFO  | SCMAudit | user=runner | ip=127.0.0.1 | op=SEND_HEARTBEAT {"datanodeUUID":"8a0fa2ff-b550-4652-b2fe-0cf91cd4a157","term":"2","command":"[]"} | ret=SUCCESS |  
2025-10-16 19:49:20,806 [EventQueue-PipelineActionsForPipelineActionHandler] INFO  pipeline.PipelineActionHandler (PipelineActionHandler.java:processPipelineAction(89)) - Received pipeline action CLOSE for Pipeline-36c7da6a-14e2-433e-b882-35c832a27f16 from datanode 8a0fa2ff-b550-4652-b2fe-0cf91cd4a157(localhost/127.0.0.1). Reason : Ratis Transaction failure in datanode 8a0fa2ff-b550-4652-b2fe-0cf91cd4a157 with role FOLLOWER .Triggering pipeline close action.
2025-10-16 19:49:20,807 | INFO  | SCMAudit | user=runner | ip=127.0.0.1 | op=SEND_HEARTBEAT {"datanodeUUID":"e072d245-7694-4d97-8e20-c503ebf8c2fe","term":"2","command":"[]"} | ret=SUCCESS |  
2025-10-16 19:49:20,807 [EventQueue-PipelineActionsForPipelineActionHandler] INFO  pipeline.PipelineActionHandler (PipelineActionHandler.java:processPipelineAction(89)) - Received pipeline action CLOSE for Pipeline-36c7da6a-14e2-433e-b882-35c832a27f16 from datanode e072d245-7694-4d97-8e20-c503ebf8c2fe(localhost/127.0.0.1). Reason : Ratis Transaction failure in datanode e072d245-7694-4d97-8e20-c503ebf8c2fe with role FOLLOWER .Triggering pipeline close action.
2025-10-16 19:49:20,807 | INFO  | SCMAudit | user=runner | ip=127.0.0.1 | op=SEND_HEARTBEAT {"datanodeUUID":"757ca056-973f-4f05-ab2d-6aff6c54d452","term":"2","command":"[]"} | ret=SUCCESS |  
2025-10-16 19:49:21,769 | INFO  | SCMAudit | user=runner | ip=127.0.0.1 | op=SEND_HEARTBEAT {"datanodeUUID":"c0724e9c-0dd4-4d47-992c-7bfe285fdd38","term":"2","command":"[]"} | ret=SUCCESS |  
2025-10-16 19:49:21,769 | INFO  | SCMAudit | user=runner | ip=127.0.0.1 | op=SEND_HEARTBEAT {"datanodeUUID":"702cb173-5c73-4ecc-b5cd-c7b4a6b66aea","term":"2","command":"[]"} | ret=SUCCESS |  
2025-10-16 19:49:21,769 [EventQueue-PipelineActionsForPipelineActionHandler] INFO  pipeline.PipelineActionHandler (PipelineActionHandler.java:processPipelineAction(89)) - Received pipeline action CLOSE for Pipeline-a6d455ad-cb8f-42d4-aaf7-6ca5f15a0415 from datanode 702cb173-5c73-4ecc-b5cd-c7b4a6b66aea(localhost/127.0.0.1). Reason : Ratis Transaction failure in datanode 702cb173-5c73-4ecc-b5cd-c7b4a6b66aea with role FOLLOWER .Triggering pipeline close action.
2025-10-16 19:49:21,769 [EventQueue-PipelineActionsForPipelineActionHandler] INFO  pipeline.PipelineActionHandler (PipelineActionHandler.java:processPipelineAction(89)) - Received pipeline action CLOSE for Pipeline-36270c74-4c8b-4dac-af71-cdbac21eb987 from datanode 702cb173-5c73-4ecc-b5cd-c7b4a6b66aea(localhost/127.0.0.1). Reason : Ratis Transaction failure in datanode 702cb173-5c73-4ecc-b5cd-c7b4a6b66aea with role LEADER .Triggering pipeline close action.
2025-10-16 19:49:21,771 | INFO  | SCMAudit | user=runner | ip=127.0.0.1 | op=SEND_HEARTBEAT {"datanodeUUID":"8a3c3252-9afe-4d3a-8492-25be6557678a","term":"2","command":"[]"} | ret=SUCCESS |  
2025-10-16 19:49:21,772 | INFO  | SCMAudit | user=runner | ip=127.0.0.1 | op=SEND_HEARTBEAT {"datanodeUUID":"58cff6b7-b2a7-446b-a75a-bb98ad6b11b8","term":"2","command":"[]"} | ret=SUCCESS |  
2025-10-16 19:49:21,772 | INFO  | SCMAudit | user=runner | ip=127.0.0.1 | op=SEND_HEARTBEAT {"datanodeUUID":"0e8b6cc7-9945-4141-97fc-6aa017a0d5fa","term":"2","command":"[]"} | ret=SUCCESS |  
2025-10-16 19:49:21,772 [EventQueue-PipelineActionsForPipelineActionHandler] INFO  pipeline.PipelineActionHandler (PipelineActionHandler.java:processPipelineAction(89)) - Received pipeline action CLOSE for Pipeline-a6d455ad-cb8f-42d4-aaf7-6ca5f15a0415 from datanode 0e8b6cc7-9945-4141-97fc-6aa017a0d5fa(localhost/127.0.0.1). Reason : Ratis Transaction failure in datanode 0e8b6cc7-9945-4141-97fc-6aa017a0d5fa with role FOLLOWER .Triggering pipeline close action.
2025-10-16 19:49:21,772 [EventQueue-PipelineActionsForPipelineActionHandler] INFO  pipeline.PipelineActionHandler (PipelineActionHandler.java:processPipelineAction(89)) - Received pipeline action CLOSE for Pipeline-36270c74-4c8b-4dac-af71-cdbac21eb987 from datanode 0e8b6cc7-9945-4141-97fc-6aa017a0d5fa(localhost/127.0.0.1). Reason : Ratis Transaction failure in datanode 0e8b6cc7-9945-4141-97fc-6aa017a0d5fa with role FOLLOWER .Triggering pipeline close action.
2025-10-16 19:49:21,795 | INFO  | SCMAudit | user=runner | ip=127.0.0.1 | op=SEND_HEARTBEAT {"datanodeUUID":"f700af26-0e26-4136-9205-9509c82c8c70","term":"2","command":"[]"} | ret=SUCCESS |  
2025-10-16 19:49:21,795 | INFO  | SCMAudit | user=runner | ip=127.0.0.1 | op=SEND_HEARTBEAT {"datanodeUUID":"764b18f0-81c5-439a-9fff-25adc4f241fa","term":"2","command":"[]"} | ret=SUCCESS |  
2025-10-16 19:49:21,797 | INFO  | SCMAudit | user=runner | ip=127.0.0.1 | op=SEND_HEARTBEAT {"datanodeUUID":"0428ab3f-efd5-438e-ae11-9ec242443260","term":"2","command":"[]"} | ret=SUCCESS |  
2025-10-16 19:49:21,800 | INFO  | SCMAudit | user=runner | ip=127.0.0.1 | op=SEND_HEARTBEAT {"datanodeUUID":"76d4ba71-5bbb-4b24-8f51-8bc7f78aaca4","term":"2","command":"[]"} | ret=SUCCESS |  
2025-10-16 19:49:21,800 [EventQueue-PipelineActionsForPipelineActionHandler] INFO  pipeline.PipelineActionHandler (PipelineActionHandler.java:processPipelineAction(89)) - Received pipeline action CLOSE for Pipeline-36c7da6a-14e2-433e-b882-35c832a27f16 from datanode 76d4ba71-5bbb-4b24-8f51-8bc7f78aaca4(localhost/127.0.0.1). Reason : Ratis Transaction failure in datanode 76d4ba71-5bbb-4b24-8f51-8bc7f78aaca4 with role LEADER .Triggering pipeline close action.
2025-10-16 19:49:21,802 | INFO  | SCMAudit | user=runner | ip=127.0.0.1 | op=SEND_HEARTBEAT {"datanodeUUID":"aa213937-adc5-47da-a770-0ee1e4664344","term":"2","command":"[]"} | ret=SUCCESS |  
2025-10-16 19:49:21,804 | INFO  | SCMAudit | user=runner | ip=127.0.0.1 | op=SEND_HEARTBEAT {"datanodeUUID":"e33e6ec4-6b66-4281-bedd-2bd75bd30070","term":"2","command":"[]"} | ret=SUCCESS |  
2025-10-16 19:49:21,804 [EventQueue-PipelineActionsForPipelineActionHandler] INFO  pipeline.PipelineActionHandler (PipelineActionHandler.java:processPipelineAction(89)) - Received pipeline action CLOSE for Pipeline-a6d455ad-cb8f-42d4-aaf7-6ca5f15a0415 from datanode e33e6ec4-6b66-4281-bedd-2bd75bd30070(localhost/127.0.0.1). Reason : Ratis Transaction failure in datanode e33e6ec4-6b66-4281-bedd-2bd75bd30070 with role LEADER .Triggering pipeline close action.
2025-10-16 19:49:21,804 [EventQueue-PipelineActionsForPipelineActionHandler] INFO  pipeline.PipelineActionHandler (PipelineActionHandler.java:processPipelineAction(89)) - Received pipeline action CLOSE for Pipeline-36270c74-4c8b-4dac-af71-cdbac21eb987 from datanode e33e6ec4-6b66-4281-bedd-2bd75bd30070(localhost/127.0.0.1). Reason : Ratis Transaction failure in datanode e33e6ec4-6b66-4281-bedd-2bd75bd30070 with role FOLLOWER .Triggering pipeline close action.
2025-10-16 19:49:21,806 | INFO  | SCMAudit | user=runner | ip=127.0.0.1 | op=SEND_HEARTBEAT {"datanodeUUID":"8a0fa2ff-b550-4652-b2fe-0cf91cd4a157","term":"2","command":"[]"} | ret=SUCCESS |  
2025-10-16 19:49:21,806 [EventQueue-PipelineActionsForPipelineActionHandler] INFO  pipeline.PipelineActionHandler (PipelineActionHandler.java:processPipelineAction(89)) - Received pipeline action CLOSE for Pipeline-36c7da6a-14e2-433e-b882-35c832a27f16 from datanode 8a0fa2ff-b550-4652-b2fe-0cf91cd4a157(localhost/127.0.0.1). Reason : Ratis Transaction failure in datanode 8a0fa2ff-b550-4652-b2fe-0cf91cd4a157 with role FOLLOWER .Triggering pipeline close action.
2025-10-16 19:49:21,807 | INFO  | SCMAudit | user=runner | ip=127.0.0.1 | op=SEND_HEARTBEAT {"datanodeUUID":"e072d245-7694-4d97-8e20-c503ebf8c2fe","term":"2","command":"[]"} | ret=SUCCESS |  
2025-10-16 19:49:21,807 [EventQueue-PipelineActionsForPipelineActionHandler] INFO  pipeline.PipelineActionHandler (PipelineActionHandler.java:processPipelineAction(89)) - Received pipeline action CLOSE for Pipeline-36c7da6a-14e2-433e-b882-35c832a27f16 from datanode e072d245-7694-4d97-8e20-c503ebf8c2fe(localhost/127.0.0.1). Reason : Ratis Transaction failure in datanode e072d245-7694-4d97-8e20-c503ebf8c2fe with role FOLLOWER .Triggering pipeline close action.
2025-10-16 19:49:21,807 | INFO  | SCMAudit | user=runner | ip=127.0.0.1 | op=SEND_HEARTBEAT {"datanodeUUID":"757ca056-973f-4f05-ab2d-6aff6c54d452","term":"2","command":"[]"} | ret=SUCCESS |  
2025-10-16 19:49:22,354 [om1-SstFilteringService#0] INFO  snapshot.SnapshotCache (SnapshotCache.java:lambda$3(220)) - Loading SnapshotId: '9f859ff6-ddc5-4977-887f-7c8868625390'
2025-10-16 19:49:22,409 [om1-SstFilteringService#0] INFO  audit.AuditLogger (AuditLogger.java:refreshDebugCmdSet(133)) - Refresh DebugCmdSet for OMAudit to [].
2025-10-16 19:49:22,409 [om1-SstFilteringService#0] INFO  acl.OzoneAuthorizerFactory (OzoneAuthorizerFactory.java:create(69)) - om1: Authorizer for Snapshot is class org.apache.hadoop.ozone.security.acl.OzoneNativeAuthorizer
2025-10-16 19:49:22,413 [om1-SstFilteringService#0] INFO  snapshot.SnapshotCache (SnapshotCache.java:lambda$3(220)) - Loading SnapshotId: 'ddfa98b1-fb7f-4e23-b3ae-091e9d5645b3'
2025-10-16 19:49:22,443 [om1-SstFilteringService#0] INFO  acl.OzoneAuthorizerFactory (OzoneAuthorizerFactory.java:create(69)) - om1: Authorizer for Snapshot is class org.apache.hadoop.ozone.security.acl.OzoneNativeAuthorizer
2025-10-16 19:49:22,768 | INFO  | SCMAudit | user=runner | ip=127.0.0.1 | op=SEND_HEARTBEAT {"datanodeUUID":"702cb173-5c73-4ecc-b5cd-c7b4a6b66aea","term":"2","command":"[]"} | ret=SUCCESS |  
2025-10-16 19:49:22,768 [EventQueue-PipelineActionsForPipelineActionHandler] INFO  pipeline.PipelineActionHandler (PipelineActionHandler.java:processPipelineAction(89)) - Received pipeline action CLOSE for Pipeline-a6d455ad-cb8f-42d4-aaf7-6ca5f15a0415 from datanode 702cb173-5c73-4ecc-b5cd-c7b4a6b66aea(localhost/127.0.0.1). Reason : Ratis Transaction failure in datanode 702cb173-5c73-4ecc-b5cd-c7b4a6b66aea with role FOLLOWER .Triggering pipeline close action.
2025-10-16 19:49:22,769 [EventQueue-PipelineActionsForPipelineActionHandler] INFO  pipeline.PipelineActionHandler (PipelineActionHandler.java:processPipelineAction(89)) - Received pipeline action CLOSE for Pipeline-36270c74-4c8b-4dac-af71-cdbac21eb987 from datanode 702cb173-5c73-4ecc-b5cd-c7b4a6b66aea(localhost/127.0.0.1). Reason : Ratis Transaction failure in datanode 702cb173-5c73-4ecc-b5cd-c7b4a6b66aea with role LEADER .Triggering pipeline close action.
2025-10-16 19:49:22,770 | INFO  | SCMAudit | user=runner | ip=127.0.0.1 | op=SEND_HEARTBEAT {"datanodeUUID":"c0724e9c-0dd4-4d47-992c-7bfe285fdd38","term":"2","command":"[]"} | ret=SUCCESS |  
2025-10-16 19:49:22,771 | INFO  | SCMAudit | user=runner | ip=127.0.0.1 | op=SEND_HEARTBEAT {"datanodeUUID":"0e8b6cc7-9945-4141-97fc-6aa017a0d5fa","term":"2","command":"[]"} | ret=SUCCESS |  
2025-10-16 19:49:22,771 [EventQueue-PipelineActionsForPipelineActionHandler] INFO  pipeline.PipelineActionHandler (PipelineActionHandler.java:processPipelineAction(89)) - Received pipeline action CLOSE for Pipeline-a6d455ad-cb8f-42d4-aaf7-6ca5f15a0415 from datanode 0e8b6cc7-9945-4141-97fc-6aa017a0d5fa(localhost/127.0.0.1). Reason : Ratis Transaction failure in datanode 0e8b6cc7-9945-4141-97fc-6aa017a0d5fa with role FOLLOWER .Triggering pipeline close action.
2025-10-16 19:49:22,771 [EventQueue-PipelineActionsForPipelineActionHandler] INFO  pipeline.PipelineActionHandler (PipelineActionHandler.java:processPipelineAction(89)) - Received pipeline action CLOSE for Pipeline-36270c74-4c8b-4dac-af71-cdbac21eb987 from datanode 0e8b6cc7-9945-4141-97fc-6aa017a0d5fa(localhost/127.0.0.1). Reason : Ratis Transaction failure in datanode 0e8b6cc7-9945-4141-97fc-6aa017a0d5fa with role FOLLOWER .Triggering pipeline close action.
2025-10-16 19:49:22,772 | INFO  | SCMAudit | user=runner | ip=127.0.0.1 | op=SEND_HEARTBEAT {"datanodeUUID":"8a3c3252-9afe-4d3a-8492-25be6557678a","term":"2","command":"[]"} | ret=SUCCESS |  
2025-10-16 19:49:22,773 | INFO  | SCMAudit | user=runner | ip=127.0.0.1 | op=SEND_HEARTBEAT {"datanodeUUID":"58cff6b7-b2a7-446b-a75a-bb98ad6b11b8","term":"2","command":"[]"} | ret=SUCCESS |  
2025-10-16 19:49:22,795 | INFO  | SCMAudit | user=runner | ip=127.0.0.1 | op=SEND_HEARTBEAT {"datanodeUUID":"764b18f0-81c5-439a-9fff-25adc4f241fa","term":"2","command":"[]"} | ret=SUCCESS |  
2025-10-16 19:49:22,795 | INFO  | SCMAudit | user=runner | ip=127.0.0.1 | op=SEND_HEARTBEAT {"datanodeUUID":"f700af26-0e26-4136-9205-9509c82c8c70","term":"2","command":"[]"} | ret=SUCCESS |  
2025-10-16 19:49:22,797 | INFO  | SCMAudit | user=runner | ip=127.0.0.1 | op=SEND_HEARTBEAT {"datanodeUUID":"0428ab3f-efd5-438e-ae11-9ec242443260","term":"2","command":"[]"} | ret=SUCCESS |  
2025-10-16 19:49:22,800 | INFO  | SCMAudit | user=runner | ip=127.0.0.1 | op=SEND_HEARTBEAT {"datanodeUUID":"76d4ba71-5bbb-4b24-8f51-8bc7f78aaca4","term":"2","command":"[]"} | ret=SUCCESS |  
2025-10-16 19:49:22,800 [EventQueue-PipelineActionsForPipelineActionHandler] INFO  pipeline.PipelineActionHandler (PipelineActionHandler.java:processPipelineAction(89)) - Received pipeline action CLOSE for Pipeline-36c7da6a-14e2-433e-b882-35c832a27f16 from datanode 76d4ba71-5bbb-4b24-8f51-8bc7f78aaca4(localhost/127.0.0.1). Reason : Ratis Transaction failure in datanode 76d4ba71-5bbb-4b24-8f51-8bc7f78aaca4 with role LEADER .Triggering pipeline close action.
2025-10-16 19:49:22,802 | INFO  | SCMAudit | user=runner | ip=127.0.0.1 | op=SEND_HEARTBEAT {"datanodeUUID":"aa213937-adc5-47da-a770-0ee1e4664344","term":"2","command":"[]"} | ret=SUCCESS |  
2025-10-16 19:49:22,803 | INFO  | SCMAudit | user=runner | ip=127.0.0.1 | op=SEND_HEARTBEAT {"datanodeUUID":"e33e6ec4-6b66-4281-bedd-2bd75bd30070","term":"2","command":"[]"} | ret=SUCCESS |  
2025-10-16 19:49:22,803 [EventQueue-PipelineActionsForPipelineActionHandler] INFO  pipeline.PipelineActionHandler (PipelineActionHandler.java:processPipelineAction(89)) - Received pipeline action CLOSE for Pipeline-a6d455ad-cb8f-42d4-aaf7-6ca5f15a0415 from datanode e33e6ec4-6b66-4281-bedd-2bd75bd30070(localhost/127.0.0.1). Reason : Ratis Transaction failure in datanode e33e6ec4-6b66-4281-bedd-2bd75bd30070 with role LEADER .Triggering pipeline close action.
2025-10-16 19:49:22,803 [EventQueue-PipelineActionsForPipelineActionHandler] INFO  pipeline.PipelineActionHandler (PipelineActionHandler.java:processPipelineAction(89)) - Received pipeline action CLOSE for Pipeline-36270c74-4c8b-4dac-af71-cdbac21eb987 from datanode e33e6ec4-6b66-4281-bedd-2bd75bd30070(localhost/127.0.0.1). Reason : Ratis Transaction failure in datanode e33e6ec4-6b66-4281-bedd-2bd75bd30070 with role FOLLOWER .Triggering pipeline close action.
2025-10-16 19:49:22,806 [EventQueue-PipelineActionsForPipelineActionHandler] INFO  pipeline.PipelineActionHandler (PipelineActionHandler.java:processPipelineAction(89)) - Received pipeline action CLOSE for Pipeline-36c7da6a-14e2-433e-b882-35c832a27f16 from datanode e072d245-7694-4d97-8e20-c503ebf8c2fe(localhost/127.0.0.1). Reason : Ratis Transaction failure in datanode e072d245-7694-4d97-8e20-c503ebf8c2fe with role FOLLOWER .Triggering pipeline close action.
2025-10-16 19:49:22,806 | INFO  | SCMAudit | user=runner | ip=127.0.0.1 | op=SEND_HEARTBEAT {"datanodeUUID":"e072d245-7694-4d97-8e20-c503ebf8c2fe","term":"2","command":"[]"} | ret=SUCCESS |  
2025-10-16 19:49:22,807 | INFO  | SCMAudit | user=runner | ip=127.0.0.1 | op=SEND_HEARTBEAT {"datanodeUUID":"8a0fa2ff-b550-4652-b2fe-0cf91cd4a157","term":"2","command":"[]"} | ret=SUCCESS |  
2025-10-16 19:49:22,807 [EventQueue-PipelineActionsForPipelineActionHandler] INFO  pipeline.PipelineActionHandler (PipelineActionHandler.java:processPipelineAction(89)) - Received pipeline action CLOSE for Pipeline-36c7da6a-14e2-433e-b882-35c832a27f16 from datanode 8a0fa2ff-b550-4652-b2fe-0cf91cd4a157(localhost/127.0.0.1). Reason : Ratis Transaction failure in datanode 8a0fa2ff-b550-4652-b2fe-0cf91cd4a157 with role FOLLOWER .Triggering pipeline close action.
2025-10-16 19:49:22,808 | INFO  | SCMAudit | user=runner | ip=127.0.0.1 | op=SEND_HEARTBEAT {"datanodeUUID":"757ca056-973f-4f05-ab2d-6aff6c54d452","term":"2","command":"[]"} | ret=SUCCESS |  
2025-10-16 19:49:23,522 [Thread-12080] WARN  grpc.GrpcUtil (GrpcUtil.java:shutdownManagedChannel(226)) - Timed out gracefully shutting down connection: ManagedChannelOrphanWrapper{delegate=ManagedChannelImpl{logId=1818, target=127.0.0.1:15069}}. 
2025-10-16 19:49:23,523 [grpc-default-executor-5] WARN  server.GrpcClientProtocolService (LogUtils.java:warn(127)) - 13-UnorderedRequestStreamObserver13: onError: org.apache.ratis.thirdparty.io.grpc.StatusRuntimeException: CANCELLED: client cancelled
2025-10-16 19:49:23,550 | INFO  | OMAudit | user=runner | ip=127.0.0.1 | op=COMMIT_MULTIPART_UPLOAD_PARTKEY {"volume":"94cb1d46-b027-41a2-a410-4011744e2755","bucket":"e2a56833-7d71-4a3d-b710-bd5a3ef987e4","key":"0f705185-068e-45ff-ae59-e2484636f30c","dataSize":"4","ETag":"e12719338b2ff7c1f1e2c73fda9b6a17","uploadID":"0199ee91-d024-749d-b9ea-782acd7857fb-115385575504347610","partNumber":"1","partName":"/94cb1d46-b027-41a2-a410-4011744e2755/e2a56833-7d71-4a3d-b710-bd5a3ef987e4/0f705185-068e-45ff-ae59-e2484636f30c-0199ee91-d024-749d-b9ea-782acd7857fb-115385575504347610-1","Transaction":"1917"} | ret=SUCCESS |  
]]></system-out>
  </testcase>
  <testcase name="testUploadPartWithNoOverride(ReplicationConfig)[1]" classname="org.apache.hadoop.ozone.client.rpc.TestSecureOzoneRpcClient" time="0.019">
    <system-out><![CDATA[2025-10-16 19:49:23,554 [ForkJoinPool-1-worker-1] INFO  rpc.RpcClient (RpcClient.java:createVolume(461)) - Creating Volume: 772d8b09-5ed3-4f4f-a262-ba17b3123a2e, with runner as owner and space quota set to -1 bytes, counts quota set to -1
2025-10-16 19:49:23,556 [om1-OMStateMachineApplyTransactionThread - 0] INFO  volume.OMVolumeCreateRequest (OMVolumeCreateRequest.java:validateAndUpdateCache(213)) - created volume:772d8b09-5ed3-4f4f-a262-ba17b3123a2e for user:runner
2025-10-16 19:49:23,556 | INFO  | OMAudit | user=runner | ip=127.0.0.1 | op=CREATE_VOLUME {"admin":"runner","owner":"runner","volume":"772d8b09-5ed3-4f4f-a262-ba17b3123a2e","creationTime":"1760644163555","modificationTime":"1760644163555","quotaInBytes":"-1","quotaInNamespace":"-1","usedNamespace":"0","objectID":"-9223372036854284800","updateID":"1918","Transaction":"1918"} | ret=SUCCESS |  
2025-10-16 19:49:23,557 | INFO  | OMAudit | user=runner | ip=127.0.0.1 | op=READ_VOLUME {"volume":"772d8b09-5ed3-4f4f-a262-ba17b3123a2e"} | ret=SUCCESS |  
2025-10-16 19:49:23,557 [ForkJoinPool-1-worker-1] INFO  rpc.RpcClient (RpcClient.java:createBucket(686)) - Creating Bucket: 772d8b09-5ed3-4f4f-a262-ba17b3123a2e/5e64eabf-58de-4360-bedc-08060ca5e77e, with server-side default bucket layout, runner as owner, Versioning false, Storage Type set to DISK and Encryption set to false, Replication Type set to server-side default replication type, Namespace Quota set to -1, Space Quota set to -1 
2025-10-16 19:49:23,559 [om1-OMStateMachineApplyTransactionThread - 0] INFO  bucket.OMBucketCreateRequest (OMBucketCreateRequest.java:validateAndUpdateCache(303)) - created bucket: 5e64eabf-58de-4360-bedc-08060ca5e77e of layout FILE_SYSTEM_OPTIMIZED in volume: 772d8b09-5ed3-4f4f-a262-ba17b3123a2e
2025-10-16 19:49:23,559 | INFO  | OMAudit | user=runner | ip=127.0.0.1 | op=CREATE_BUCKET {"volume":"772d8b09-5ed3-4f4f-a262-ba17b3123a2e","bucket":"5e64eabf-58de-4360-bedc-08060ca5e77e","bucketLayout":"FILE_SYSTEM_OPTIMIZED","gdprEnabled":null,"acls":"[user:runner:a[ACCESS], group:runner:rl[ACCESS]]","isVersionEnabled":"false","storageType":"DISK","creationTime":"1760644163558","bucketEncryptionKey":null,"modificationTime":"1760644163558","usedBytes":"0","usedNamespace":"0","snapshotUsedBytes":"0","snapshotUsedNamespace":"0","owner":"runner","replicationType":null,"replicationConfig":null,"quotaInBytes":"-1","quotaInNamespace":"-1","Transaction":"1919"} | ret=SUCCESS |  
2025-10-16 19:49:23,560 | INFO  | OMAudit | user=runner | ip=127.0.0.1 | op=READ_BUCKET {"volume":"772d8b09-5ed3-4f4f-a262-ba17b3123a2e","bucket":"5e64eabf-58de-4360-bedc-08060ca5e77e"} | ret=SUCCESS |  
2025-10-16 19:49:23,561 | INFO  | OMAudit | user=runner | ip=127.0.0.1 | op=INITIATE_MULTIPART_UPLOAD {"volume":"772d8b09-5ed3-4f4f-a262-ba17b3123a2e","bucket":"5e64eabf-58de-4360-bedc-08060ca5e77e","key":"11a7c9ed-b276-475c-8b80-393b0144a798","dataSize":"0","replicationType":"RATIS","replicationFactor":"ONE","uploadID":"0199ee91-e7e9-7f15-afe7-ae47b09e2850-115385575903134173","Transaction":"1920"} | ret=SUCCESS |  
2025-10-16 19:49:23,563 | INFO  | OMAudit | user=runner | ip=127.0.0.1 | op=ALLOCATE_KEY {"volume":"772d8b09-5ed3-4f4f-a262-ba17b3123a2e","bucket":"5e64eabf-58de-4360-bedc-08060ca5e77e","key":"11a7c9ed-b276-475c-8b80-393b0144a798","dataSize":"12","Transaction":"1921"} | ret=SUCCESS |  
2025-10-16 19:49:23,565 | INFO  | SCMAudit | user=runner | ip=127.0.0.1 | op=ALLOCATE_BLOCK {"replication":"RATIS/ONE","owner":"omServiceIdDefault","size":"4194304","sampleBlocks":"[conID: 13 locID: 115816896921600530]","num":"1","client":"","allocated":"1"} | ret=SUCCESS |  
2025-10-16 19:49:23,567 | INFO  | OMAudit | user=runner | ip=127.0.0.1 | op=ALLOCATE_BLOCK {"volume":"772d8b09-5ed3-4f4f-a262-ba17b3123a2e","bucket":"5e64eabf-58de-4360-bedc-08060ca5e77e","key":"11a7c9ed-b276-475c-8b80-393b0144a798","dataSize":"12","replicationType":"RATIS","replicationFactor":"ONE","clientID":"115385575903265246","Transaction":"1922"} | ret=SUCCESS |  
2025-10-16 19:49:23,572 | INFO  | OMAudit | user=runner | ip=127.0.0.1 | op=COMMIT_MULTIPART_UPLOAD_PARTKEY {"volume":"772d8b09-5ed3-4f4f-a262-ba17b3123a2e","bucket":"5e64eabf-58de-4360-bedc-08060ca5e77e","key":"11a7c9ed-b276-475c-8b80-393b0144a798","dataSize":"12","ETag":"1f8d5e1785e8ff978c10fa408d915c7e","uploadID":"0199ee91-e7e9-7f15-afe7-ae47b09e2850-115385575903134173","partNumber":"1","partName":"/772d8b09-5ed3-4f4f-a262-ba17b3123a2e/5e64eabf-58de-4360-bedc-08060ca5e77e/11a7c9ed-b276-475c-8b80-393b0144a798-0199ee91-e7e9-7f15-afe7-ae47b09e2850-115385575903134173-1","Transaction":"1923"} | ret=SUCCESS |  
]]></system-out>
  </testcase>
  <testcase name="testUploadPartWithNoOverride(ReplicationConfig)[2]" classname="org.apache.hadoop.ozone.client.rpc.TestSecureOzoneRpcClient" time="0.032">
    <system-out><![CDATA[2025-10-16 19:49:23,574 [ForkJoinPool-1-worker-1] INFO  rpc.RpcClient (RpcClient.java:createVolume(461)) - Creating Volume: 3898a7f4-7a0b-49a6-85ff-bfe87230fde0, with runner as owner and space quota set to -1 bytes, counts quota set to -1
2025-10-16 19:49:23,577 [om1-OMStateMachineApplyTransactionThread - 0] INFO  volume.OMVolumeCreateRequest (OMVolumeCreateRequest.java:validateAndUpdateCache(213)) - created volume:3898a7f4-7a0b-49a6-85ff-bfe87230fde0 for user:runner
2025-10-16 19:49:23,577 | INFO  | OMAudit | user=runner | ip=127.0.0.1 | op=CREATE_VOLUME {"admin":"runner","owner":"runner","volume":"3898a7f4-7a0b-49a6-85ff-bfe87230fde0","creationTime":"1760644163576","modificationTime":"1760644163576","quotaInBytes":"-1","quotaInNamespace":"-1","usedNamespace":"0","objectID":"-9223372036854283264","updateID":"1924","Transaction":"1924"} | ret=SUCCESS |  
2025-10-16 19:49:23,579 | INFO  | OMAudit | user=runner | ip=127.0.0.1 | op=READ_VOLUME {"volume":"3898a7f4-7a0b-49a6-85ff-bfe87230fde0"} | ret=SUCCESS |  
2025-10-16 19:49:23,580 [ForkJoinPool-1-worker-1] INFO  rpc.RpcClient (RpcClient.java:createBucket(686)) - Creating Bucket: 3898a7f4-7a0b-49a6-85ff-bfe87230fde0/64f4e04c-01f9-400c-ae18-be24684d9800, with server-side default bucket layout, runner as owner, Versioning false, Storage Type set to DISK and Encryption set to false, Replication Type set to server-side default replication type, Namespace Quota set to -1, Space Quota set to -1 
2025-10-16 19:49:23,581 [om1-OMStateMachineApplyTransactionThread - 0] INFO  bucket.OMBucketCreateRequest (OMBucketCreateRequest.java:validateAndUpdateCache(303)) - created bucket: 64f4e04c-01f9-400c-ae18-be24684d9800 of layout FILE_SYSTEM_OPTIMIZED in volume: 3898a7f4-7a0b-49a6-85ff-bfe87230fde0
2025-10-16 19:49:23,581 | INFO  | OMAudit | user=runner | ip=127.0.0.1 | op=CREATE_BUCKET {"volume":"3898a7f4-7a0b-49a6-85ff-bfe87230fde0","bucket":"64f4e04c-01f9-400c-ae18-be24684d9800","bucketLayout":"FILE_SYSTEM_OPTIMIZED","gdprEnabled":null,"acls":"[user:runner:a[ACCESS], group:runner:rl[ACCESS]]","isVersionEnabled":"false","storageType":"DISK","creationTime":"1760644163580","bucketEncryptionKey":null,"modificationTime":"1760644163580","usedBytes":"0","usedNamespace":"0","snapshotUsedBytes":"0","snapshotUsedNamespace":"0","owner":"runner","replicationType":null,"replicationConfig":null,"quotaInBytes":"-1","quotaInNamespace":"-1","Transaction":"1925"} | ret=SUCCESS |  
2025-10-16 19:49:23,583 | INFO  | OMAudit | user=runner | ip=127.0.0.1 | op=READ_BUCKET {"volume":"3898a7f4-7a0b-49a6-85ff-bfe87230fde0","bucket":"64f4e04c-01f9-400c-ae18-be24684d9800"} | ret=SUCCESS |  
2025-10-16 19:49:23,584 | INFO  | OMAudit | user=runner | ip=127.0.0.1 | op=INITIATE_MULTIPART_UPLOAD {"volume":"3898a7f4-7a0b-49a6-85ff-bfe87230fde0","bucket":"64f4e04c-01f9-400c-ae18-be24684d9800","key":"629594b7-205d-4b92-8721-7492e69d2b93","dataSize":"0","replicationType":"RATIS","replicationFactor":"THREE","uploadID":"0199ee91-e7ff-7869-8897-648d4516a9ca-115385575904575967","Transaction":"1926"} | ret=SUCCESS |  
2025-10-16 19:49:23,588 | INFO  | OMAudit | user=runner | ip=127.0.0.1 | op=ALLOCATE_KEY {"volume":"3898a7f4-7a0b-49a6-85ff-bfe87230fde0","bucket":"64f4e04c-01f9-400c-ae18-be24684d9800","key":"629594b7-205d-4b92-8721-7492e69d2b93","dataSize":"12","Transaction":"1927"} | ret=SUCCESS |  
2025-10-16 19:49:23,591 | INFO  | SCMAudit | user=runner | ip=127.0.0.1 | op=ALLOCATE_BLOCK {"replication":"RATIS/THREE","owner":"omServiceIdDefault","size":"4194304","sampleBlocks":"[conID: 16 locID: 115816896921600531]","num":"1","client":"","allocated":"1"} | ret=SUCCESS |  
2025-10-16 19:49:23,593 | INFO  | OMAudit | user=runner | ip=127.0.0.1 | op=ALLOCATE_BLOCK {"volume":"3898a7f4-7a0b-49a6-85ff-bfe87230fde0","bucket":"64f4e04c-01f9-400c-ae18-be24684d9800","key":"629594b7-205d-4b92-8721-7492e69d2b93","dataSize":"12","replicationType":"RATIS","replicationFactor":"THREE","clientID":"115385575904838112","Transaction":"1928"} | ret=SUCCESS |  
2025-10-16 19:49:23,604 | INFO  | OMAudit | user=runner | ip=127.0.0.1 | op=COMMIT_MULTIPART_UPLOAD_PARTKEY {"volume":"3898a7f4-7a0b-49a6-85ff-bfe87230fde0","bucket":"64f4e04c-01f9-400c-ae18-be24684d9800","key":"629594b7-205d-4b92-8721-7492e69d2b93","dataSize":"12","ETag":"1f8d5e1785e8ff978c10fa408d915c7e","uploadID":"0199ee91-e7ff-7869-8897-648d4516a9ca-115385575904575967","partNumber":"1","partName":"/3898a7f4-7a0b-49a6-85ff-bfe87230fde0/64f4e04c-01f9-400c-ae18-be24684d9800/629594b7-205d-4b92-8721-7492e69d2b93-0199ee91-e7ff-7869-8897-648d4516a9ca-115385575904575967-1","Transaction":"1929"} | ret=SUCCESS |  
]]></system-out>
  </testcase>
  <testcase name="testUploadPartWithNoOverride(ReplicationConfig)[3]" classname="org.apache.hadoop.ozone.client.rpc.TestSecureOzoneRpcClient" time="0.031">
    <system-out><![CDATA[2025-10-16 19:49:23,608 [ForkJoinPool-1-worker-1] INFO  rpc.RpcClient (RpcClient.java:createVolume(461)) - Creating Volume: b80a137a-9e13-45a8-88f9-f6f7136fabf2, with runner as owner and space quota set to -1 bytes, counts quota set to -1
2025-10-16 19:49:23,611 [om1-OMStateMachineApplyTransactionThread - 0] INFO  volume.OMVolumeCreateRequest (OMVolumeCreateRequest.java:validateAndUpdateCache(213)) - created volume:b80a137a-9e13-45a8-88f9-f6f7136fabf2 for user:runner
2025-10-16 19:49:23,611 | INFO  | OMAudit | user=runner | ip=127.0.0.1 | op=CREATE_VOLUME {"admin":"runner","owner":"runner","volume":"b80a137a-9e13-45a8-88f9-f6f7136fabf2","creationTime":"1760644163609","modificationTime":"1760644163609","quotaInBytes":"-1","quotaInNamespace":"-1","usedNamespace":"0","objectID":"-9223372036854281728","updateID":"1930","Transaction":"1930"} | ret=SUCCESS |  
2025-10-16 19:49:23,612 | INFO  | OMAudit | user=runner | ip=127.0.0.1 | op=READ_VOLUME {"volume":"b80a137a-9e13-45a8-88f9-f6f7136fabf2"} | ret=SUCCESS |  
2025-10-16 19:49:23,612 [ForkJoinPool-1-worker-1] INFO  rpc.RpcClient (RpcClient.java:createBucket(686)) - Creating Bucket: b80a137a-9e13-45a8-88f9-f6f7136fabf2/58bb892b-15ee-4099-9dbe-6143a85a3ed7, with server-side default bucket layout, runner as owner, Versioning false, Storage Type set to DISK and Encryption set to false, Replication Type set to server-side default replication type, Namespace Quota set to -1, Space Quota set to -1 
2025-10-16 19:49:23,614 [om1-OMStateMachineApplyTransactionThread - 0] INFO  bucket.OMBucketCreateRequest (OMBucketCreateRequest.java:validateAndUpdateCache(303)) - created bucket: 58bb892b-15ee-4099-9dbe-6143a85a3ed7 of layout FILE_SYSTEM_OPTIMIZED in volume: b80a137a-9e13-45a8-88f9-f6f7136fabf2
2025-10-16 19:49:23,614 | INFO  | OMAudit | user=runner | ip=127.0.0.1 | op=CREATE_BUCKET {"volume":"b80a137a-9e13-45a8-88f9-f6f7136fabf2","bucket":"58bb892b-15ee-4099-9dbe-6143a85a3ed7","bucketLayout":"FILE_SYSTEM_OPTIMIZED","gdprEnabled":null,"acls":"[user:runner:a[ACCESS], group:runner:rl[ACCESS]]","isVersionEnabled":"false","storageType":"DISK","creationTime":"1760644163613","bucketEncryptionKey":null,"modificationTime":"1760644163613","usedBytes":"0","usedNamespace":"0","snapshotUsedBytes":"0","snapshotUsedNamespace":"0","owner":"runner","replicationType":null,"replicationConfig":null,"quotaInBytes":"-1","quotaInNamespace":"-1","Transaction":"1931"} | ret=SUCCESS |  
2025-10-16 19:49:23,615 | INFO  | OMAudit | user=runner | ip=127.0.0.1 | op=READ_BUCKET {"volume":"b80a137a-9e13-45a8-88f9-f6f7136fabf2","bucket":"58bb892b-15ee-4099-9dbe-6143a85a3ed7"} | ret=SUCCESS |  
2025-10-16 19:49:23,618 | INFO  | OMAudit | user=runner | ip=127.0.0.1 | op=INITIATE_MULTIPART_UPLOAD {"volume":"b80a137a-9e13-45a8-88f9-f6f7136fabf2","bucket":"58bb892b-15ee-4099-9dbe-6143a85a3ed7","key":"f4f66c46-8173-447c-aba3-54ab1b7bd259","dataSize":"0","replicationType":"EC","replicationConfig":"rs-3-2-1048576","uploadID":"0199ee91-e821-7144-be92-d818896781a2-115385575906804193","Transaction":"1932"} | ret=SUCCESS |  
2025-10-16 19:49:23,621 | INFO  | OMAudit | user=runner | ip=127.0.0.1 | op=ALLOCATE_KEY {"volume":"b80a137a-9e13-45a8-88f9-f6f7136fabf2","bucket":"58bb892b-15ee-4099-9dbe-6143a85a3ed7","key":"f4f66c46-8173-447c-aba3-54ab1b7bd259","dataSize":"12","Transaction":"1933"} | ret=SUCCESS |  
2025-10-16 19:49:23,624 | INFO  | SCMAudit | user=runner | ip=127.0.0.1 | op=ALLOCATE_BLOCK {"replication":"EC{rs-3-2-1024k}","owner":"omServiceIdDefault","size":"4194304","sampleBlocks":"[conID: 24 locID: 115816896921600532]","num":"1","client":"","allocated":"1"} | ret=SUCCESS |  
2025-10-16 19:49:23,625 | INFO  | OMAudit | user=runner | ip=127.0.0.1 | op=ALLOCATE_BLOCK {"volume":"b80a137a-9e13-45a8-88f9-f6f7136fabf2","bucket":"58bb892b-15ee-4099-9dbe-6143a85a3ed7","key":"f4f66c46-8173-447c-aba3-54ab1b7bd259","dataSize":"12","replicationType":"EC","replicationConfig":"rs-3-2-1048576","clientID":"115385575907000802","Transaction":"1934"} | ret=SUCCESS |  
2025-10-16 19:49:23,635 | INFO  | OMAudit | user=runner | ip=127.0.0.1 | op=COMMIT_MULTIPART_UPLOAD_PARTKEY {"volume":"b80a137a-9e13-45a8-88f9-f6f7136fabf2","bucket":"58bb892b-15ee-4099-9dbe-6143a85a3ed7","key":"f4f66c46-8173-447c-aba3-54ab1b7bd259","dataSize":"12","ETag":"1f8d5e1785e8ff978c10fa408d915c7e","uploadID":"0199ee91-e821-7144-be92-d818896781a2-115385575906804193","partNumber":"1","partName":"/b80a137a-9e13-45a8-88f9-f6f7136fabf2/58bb892b-15ee-4099-9dbe-6143a85a3ed7/f4f66c46-8173-447c-aba3-54ab1b7bd259-0199ee91-e821-7144-be92-d818896781a2-115385575906804193-1","Transaction":"1935"} | ret=SUCCESS |  
]]></system-out>
  </testcase>
  <testcase name="testUploadWithStreamAndMemoryMappedBuffer(Path)" classname="org.apache.hadoop.ozone.client.rpc.TestSecureOzoneRpcClient" time="0.068">
    <system-out><![CDATA[2025-10-16 19:49:23,640 [ForkJoinPool-1-worker-1] INFO  rpc.RpcClient (RpcClient.java:createVolume(461)) - Creating Volume: vol-b50dd260-a842-4040-a24c-695486c4c65a, with runner as owner and space quota set to -1 bytes, counts quota set to -1
2025-10-16 19:49:23,642 [om1-OMStateMachineApplyTransactionThread - 0] INFO  volume.OMVolumeCreateRequest (OMVolumeCreateRequest.java:validateAndUpdateCache(213)) - created volume:vol-b50dd260-a842-4040-a24c-695486c4c65a for user:runner
2025-10-16 19:49:23,642 | INFO  | OMAudit | user=runner | ip=127.0.0.1 | op=CREATE_VOLUME {"admin":"runner","owner":"runner","volume":"vol-b50dd260-a842-4040-a24c-695486c4c65a","creationTime":"1760644163641","modificationTime":"1760644163641","quotaInBytes":"-1","quotaInNamespace":"-1","usedNamespace":"0","objectID":"-9223372036854280192","updateID":"1936","Transaction":"1936"} | ret=SUCCESS |  
2025-10-16 19:49:23,643 | INFO  | OMAudit | user=runner | ip=127.0.0.1 | op=READ_VOLUME {"volume":"vol-b50dd260-a842-4040-a24c-695486c4c65a"} | ret=SUCCESS |  
2025-10-16 19:49:23,644 [ForkJoinPool-1-worker-1] INFO  rpc.RpcClient (RpcClient.java:createBucket(686)) - Creating Bucket: vol-b50dd260-a842-4040-a24c-695486c4c65a/buck-70a3a46e-d03b-42b9-91a1-acbe63d7f563, with server-side default bucket layout, runner as owner, Versioning false, Storage Type set to DISK and Encryption set to false, Replication Type set to RATIS, Namespace Quota set to -1, Space Quota set to -1 
2025-10-16 19:49:23,645 [om1-OMStateMachineApplyTransactionThread - 0] INFO  bucket.OMBucketCreateRequest (OMBucketCreateRequest.java:validateAndUpdateCache(303)) - created bucket: buck-70a3a46e-d03b-42b9-91a1-acbe63d7f563 of layout FILE_SYSTEM_OPTIMIZED in volume: vol-b50dd260-a842-4040-a24c-695486c4c65a
2025-10-16 19:49:23,645 | INFO  | OMAudit | user=runner | ip=127.0.0.1 | op=CREATE_BUCKET {"volume":"vol-b50dd260-a842-4040-a24c-695486c4c65a","bucket":"buck-70a3a46e-d03b-42b9-91a1-acbe63d7f563","bucketLayout":"FILE_SYSTEM_OPTIMIZED","gdprEnabled":null,"acls":"[user:runner:a[ACCESS], group:runner:rl[ACCESS]]","isVersionEnabled":"false","storageType":"DISK","creationTime":"1760644163644","bucketEncryptionKey":null,"modificationTime":"1760644163644","usedBytes":"0","usedNamespace":"0","snapshotUsedBytes":"0","snapshotUsedNamespace":"0","owner":"runner","replicationType":"RATIS","replicationConfig":"THREE","quotaInBytes":"-1","quotaInNamespace":"-1","Transaction":"1937"} | ret=SUCCESS |  
2025-10-16 19:49:23,646 | INFO  | OMAudit | user=runner | ip=127.0.0.1 | op=READ_BUCKET {"volume":"vol-b50dd260-a842-4040-a24c-695486c4c65a","bucket":"buck-70a3a46e-d03b-42b9-91a1-acbe63d7f563"} | ret=SUCCESS |  
2025-10-16 19:49:23,647 | INFO  | OMAudit | user=runner | ip=127.0.0.1 | op=READ_BUCKET {"volume":"vol-b50dd260-a842-4040-a24c-695486c4c65a","bucket":"buck-70a3a46e-d03b-42b9-91a1-acbe63d7f563"} | ret=SUCCESS |  
2025-10-16 19:49:23,648 | INFO  | SCMAudit | user=runner | ip=127.0.0.1 | op=ALLOCATE_BLOCK {"replication":"RATIS/THREE","owner":"omServiceIdDefault","size":"4194304","sampleBlocks":"[conID: 15 locID: 115816896921600533]","num":"1","client":"127.0.0.1","allocated":"1"} | ret=SUCCESS |  
2025-10-16 19:49:23,651 | INFO  | OMAudit | user=runner | ip=127.0.0.1 | op=ALLOCATE_KEY {"volume":"vol-b50dd260-a842-4040-a24c-695486c4c65a","bucket":"buck-70a3a46e-d03b-42b9-91a1-acbe63d7f563","key":"key-042a2b60-fa79-43ef-a1a5-ad2f80694f58","dataSize":"8192","replicationType":"RATIS","replicationFactor":"THREE","Transaction":"1938"} | ret=SUCCESS |  
2025-10-16 19:49:23,663 [764b18f0-81c5-439a-9fff-25adc4f241fa-NettyServerStreamRpc-bossGroup--thread1] INFO  logging.LoggingHandler (AbstractInternalLogger.java:log(148)) - [id: 0x86b9cd21, L:/0.0.0.0:15032] READ: [id: 0x6475bcca, L:/127.0.0.1:15032 - R:/127.0.0.1:46200]
2025-10-16 19:49:23,664 [764b18f0-81c5-439a-9fff-25adc4f241fa-NettyServerStreamRpc-bossGroup--thread1] INFO  logging.LoggingHandler (AbstractInternalLogger.java:log(148)) - [id: 0x86b9cd21, L:/0.0.0.0:15032] READ COMPLETE
2025-10-16 19:49:23,666 [f700af26-0e26-4136-9205-9509c82c8c70-NettyServerStreamRpc-bossGroup--thread1] INFO  logging.LoggingHandler (AbstractInternalLogger.java:log(148)) - [id: 0x562b36cb, L:/0.0.0.0:15016] READ: [id: 0x4bd77828, L:/127.0.0.1:15016 - R:/127.0.0.1:42362]
2025-10-16 19:49:23,668 [f700af26-0e26-4136-9205-9509c82c8c70-NettyServerStreamRpc-bossGroup--thread1] INFO  logging.LoggingHandler (AbstractInternalLogger.java:log(148)) - [id: 0x562b36cb, L:/0.0.0.0:15016] READ COMPLETE
2025-10-16 19:49:23,671 [8a3c3252-9afe-4d3a-8492-25be6557678a-NettyServerStreamRpc-bossGroup--thread1] INFO  logging.LoggingHandler (AbstractInternalLogger.java:log(148)) - [id: 0x893a8b48, L:/0.0.0.0:15024] READ: [id: 0x64e025ac, L:/127.0.0.1:15024 - R:/127.0.0.1:33254]
2025-10-16 19:49:23,671 [8a3c3252-9afe-4d3a-8492-25be6557678a-NettyServerStreamRpc-bossGroup--thread1] INFO  logging.LoggingHandler (AbstractInternalLogger.java:log(148)) - [id: 0x893a8b48, L:/0.0.0.0:15024] READ COMPLETE
2025-10-16 19:49:23,696 | INFO  | OMAudit | user=runner | ip=127.0.0.1 | op=COMMIT_KEY {"volume":"vol-b50dd260-a842-4040-a24c-695486c4c65a","bucket":"buck-70a3a46e-d03b-42b9-91a1-acbe63d7f563","key":"key-042a2b60-fa79-43ef-a1a5-ad2f80694f58","dataSize":"8192","replicationType":"RATIS","replicationFactor":"THREE","Transaction":"1939"} | ret=SUCCESS |  
2025-10-16 19:49:23,698 | INFO  | OMAudit | user=runner | ip=127.0.0.1 | op=READ_KEY {"volume":"vol-b50dd260-a842-4040-a24c-695486c4c65a","bucket":"buck-70a3a46e-d03b-42b9-91a1-acbe63d7f563","key":"key-042a2b60-fa79-43ef-a1a5-ad2f80694f58","owner":null,"dataSize":"0","replicationConfig":null} | ret=SUCCESS |  
]]></system-out>
  </testcase>
  <testcase name="testUsedBytesWithUploadPart" classname="org.apache.hadoop.ozone.client.rpc.TestSecureOzoneRpcClient" time="0.28">
    <system-out><![CDATA[2025-10-16 19:49:23,769 [EventQueue-PipelineActionsForPipelineActionHandler] INFO  pipeline.PipelineActionHandler (PipelineActionHandler.java:processPipelineAction(89)) - Received pipeline action CLOSE for Pipeline-a6d455ad-cb8f-42d4-aaf7-6ca5f15a0415 from datanode 702cb173-5c73-4ecc-b5cd-c7b4a6b66aea(localhost/127.0.0.1). Reason : Ratis Transaction failure in datanode 702cb173-5c73-4ecc-b5cd-c7b4a6b66aea with role FOLLOWER .Triggering pipeline close action.
2025-10-16 19:49:23,769 [EventQueue-PipelineActionsForPipelineActionHandler] INFO  pipeline.PipelineActionHandler (PipelineActionHandler.java:processPipelineAction(89)) - Received pipeline action CLOSE for Pipeline-36270c74-4c8b-4dac-af71-cdbac21eb987 from datanode 702cb173-5c73-4ecc-b5cd-c7b4a6b66aea(localhost/127.0.0.1). Reason : Ratis Transaction failure in datanode 702cb173-5c73-4ecc-b5cd-c7b4a6b66aea with role LEADER .Triggering pipeline close action.
2025-10-16 19:49:23,769 | INFO  | SCMAudit | user=runner | ip=127.0.0.1 | op=SEND_HEARTBEAT {"datanodeUUID":"702cb173-5c73-4ecc-b5cd-c7b4a6b66aea","term":"2","command":"[]"} | ret=SUCCESS |  
2025-10-16 19:49:23,770 | INFO  | SCMAudit | user=runner | ip=127.0.0.1 | op=SEND_HEARTBEAT {"datanodeUUID":"c0724e9c-0dd4-4d47-992c-7bfe285fdd38","term":"2","command":"[]"} | ret=SUCCESS |  
2025-10-16 19:49:23,771 | INFO  | SCMAudit | user=runner | ip=127.0.0.1 | op=SEND_HEARTBEAT {"datanodeUUID":"0e8b6cc7-9945-4141-97fc-6aa017a0d5fa","term":"2","command":"[]"} | ret=SUCCESS |  
2025-10-16 19:49:23,771 [EventQueue-PipelineActionsForPipelineActionHandler] INFO  pipeline.PipelineActionHandler (PipelineActionHandler.java:processPipelineAction(89)) - Received pipeline action CLOSE for Pipeline-a6d455ad-cb8f-42d4-aaf7-6ca5f15a0415 from datanode 0e8b6cc7-9945-4141-97fc-6aa017a0d5fa(localhost/127.0.0.1). Reason : Ratis Transaction failure in datanode 0e8b6cc7-9945-4141-97fc-6aa017a0d5fa with role FOLLOWER .Triggering pipeline close action.
2025-10-16 19:49:23,771 [EventQueue-PipelineActionsForPipelineActionHandler] INFO  pipeline.PipelineActionHandler (PipelineActionHandler.java:processPipelineAction(89)) - Received pipeline action CLOSE for Pipeline-36270c74-4c8b-4dac-af71-cdbac21eb987 from datanode 0e8b6cc7-9945-4141-97fc-6aa017a0d5fa(localhost/127.0.0.1). Reason : Ratis Transaction failure in datanode 0e8b6cc7-9945-4141-97fc-6aa017a0d5fa with role FOLLOWER .Triggering pipeline close action.
2025-10-16 19:49:23,772 | INFO  | SCMAudit | user=runner | ip=127.0.0.1 | op=SEND_HEARTBEAT {"datanodeUUID":"8a3c3252-9afe-4d3a-8492-25be6557678a","term":"2","command":"[]"} | ret=SUCCESS |  
2025-10-16 19:49:23,772 | INFO  | SCMAudit | user=runner | ip=127.0.0.1 | op=SEND_HEARTBEAT {"datanodeUUID":"58cff6b7-b2a7-446b-a75a-bb98ad6b11b8","term":"2","command":"[]"} | ret=SUCCESS |  
2025-10-16 19:49:23,791 [ForkJoinPool-1-worker-1] INFO  rpc.RpcClient (RpcClient.java:createVolume(461)) - Creating Volume: 5c1ca8b1-d94e-4674-b2e6-0721ff6b1f02, with runner as owner and space quota set to -1 bytes, counts quota set to -1
2025-10-16 19:49:23,793 [om1-OMStateMachineApplyTransactionThread - 0] INFO  volume.OMVolumeCreateRequest (OMVolumeCreateRequest.java:validateAndUpdateCache(213)) - created volume:5c1ca8b1-d94e-4674-b2e6-0721ff6b1f02 for user:runner
2025-10-16 19:49:23,793 | INFO  | OMAudit | user=runner | ip=127.0.0.1 | op=CREATE_VOLUME {"admin":"runner","owner":"runner","volume":"5c1ca8b1-d94e-4674-b2e6-0721ff6b1f02","creationTime":"1760644163792","modificationTime":"1760644163792","quotaInBytes":"-1","quotaInNamespace":"-1","usedNamespace":"0","objectID":"-9223372036854279168","updateID":"1940","Transaction":"1940"} | ret=SUCCESS |  
2025-10-16 19:49:23,794 | INFO  | OMAudit | user=runner | ip=127.0.0.1 | op=READ_VOLUME {"volume":"5c1ca8b1-d94e-4674-b2e6-0721ff6b1f02"} | ret=SUCCESS |  
2025-10-16 19:49:23,794 [ForkJoinPool-1-worker-1] INFO  rpc.RpcClient (RpcClient.java:createBucket(686)) - Creating Bucket: 5c1ca8b1-d94e-4674-b2e6-0721ff6b1f02/dfd75845-1e5c-4e5e-b8e2-6690ebd0f800, with server-side default bucket layout, runner as owner, Versioning false, Storage Type set to DISK and Encryption set to false, Replication Type set to server-side default replication type, Namespace Quota set to -1, Space Quota set to -1 
2025-10-16 19:49:23,795 | INFO  | SCMAudit | user=runner | ip=127.0.0.1 | op=SEND_HEARTBEAT {"datanodeUUID":"764b18f0-81c5-439a-9fff-25adc4f241fa","term":"2","command":"[]"} | ret=SUCCESS |  
2025-10-16 19:49:23,796 [om1-OMStateMachineApplyTransactionThread - 0] INFO  bucket.OMBucketCreateRequest (OMBucketCreateRequest.java:validateAndUpdateCache(303)) - created bucket: dfd75845-1e5c-4e5e-b8e2-6690ebd0f800 of layout FILE_SYSTEM_OPTIMIZED in volume: 5c1ca8b1-d94e-4674-b2e6-0721ff6b1f02
2025-10-16 19:49:23,796 | INFO  | OMAudit | user=runner | ip=127.0.0.1 | op=CREATE_BUCKET {"volume":"5c1ca8b1-d94e-4674-b2e6-0721ff6b1f02","bucket":"dfd75845-1e5c-4e5e-b8e2-6690ebd0f800","bucketLayout":"FILE_SYSTEM_OPTIMIZED","gdprEnabled":null,"acls":"[user:runner:a[ACCESS], group:runner:rl[ACCESS]]","isVersionEnabled":"false","storageType":"DISK","creationTime":"1760644163795","bucketEncryptionKey":null,"modificationTime":"1760644163795","usedBytes":"0","usedNamespace":"0","snapshotUsedBytes":"0","snapshotUsedNamespace":"0","owner":"runner","replicationType":null,"replicationConfig":null,"quotaInBytes":"-1","quotaInNamespace":"-1","Transaction":"1941"} | ret=SUCCESS |  
2025-10-16 19:49:23,796 | INFO  | SCMAudit | user=runner | ip=127.0.0.1 | op=SEND_HEARTBEAT {"datanodeUUID":"f700af26-0e26-4136-9205-9509c82c8c70","term":"2","command":"[]"} | ret=SUCCESS |  
2025-10-16 19:49:23,797 | INFO  | OMAudit | user=runner | ip=127.0.0.1 | op=READ_BUCKET {"volume":"5c1ca8b1-d94e-4674-b2e6-0721ff6b1f02","bucket":"dfd75845-1e5c-4e5e-b8e2-6690ebd0f800"} | ret=SUCCESS |  
2025-10-16 19:49:23,797 | INFO  | SCMAudit | user=runner | ip=127.0.0.1 | op=SEND_HEARTBEAT {"datanodeUUID":"0428ab3f-efd5-438e-ae11-9ec242443260","term":"2","command":"[]"} | ret=SUCCESS |  
2025-10-16 19:49:23,799 | INFO  | OMAudit | user=runner | ip=127.0.0.1 | op=INITIATE_MULTIPART_UPLOAD {"volume":"5c1ca8b1-d94e-4674-b2e6-0721ff6b1f02","bucket":"dfd75845-1e5c-4e5e-b8e2-6690ebd0f800","key":"c8a38914-64ec-434a-8292-e25fbd427ecd","dataSize":"0","replicationType":"RATIS","replicationFactor":"ONE","uploadID":"0199ee91-e8d5-784a-93b9-878fce1a8ac6-115385575918600676","Transaction":"1942"} | ret=SUCCESS |  
2025-10-16 19:49:23,801 | INFO  | SCMAudit | user=runner | ip=127.0.0.1 | op=SEND_HEARTBEAT {"datanodeUUID":"76d4ba71-5bbb-4b24-8f51-8bc7f78aaca4","term":"2","command":"[]"} | ret=SUCCESS |  
2025-10-16 19:49:23,801 | INFO  | OMAudit | user=runner | ip=127.0.0.1 | op=ALLOCATE_KEY {"volume":"5c1ca8b1-d94e-4674-b2e6-0721ff6b1f02","bucket":"dfd75845-1e5c-4e5e-b8e2-6690ebd0f800","key":"c8a38914-64ec-434a-8292-e25fbd427ecd","dataSize":"20972020","Transaction":"1943"} | ret=SUCCESS |  
2025-10-16 19:49:23,801 [EventQueue-PipelineActionsForPipelineActionHandler] INFO  pipeline.PipelineActionHandler (PipelineActionHandler.java:processPipelineAction(89)) - Received pipeline action CLOSE for Pipeline-36c7da6a-14e2-433e-b882-35c832a27f16 from datanode 76d4ba71-5bbb-4b24-8f51-8bc7f78aaca4(localhost/127.0.0.1). Reason : Ratis Transaction failure in datanode 76d4ba71-5bbb-4b24-8f51-8bc7f78aaca4 with role LEADER .Triggering pipeline close action.
2025-10-16 19:49:23,805 | INFO  | SCMAudit | user=runner | ip=127.0.0.1 | op=SEND_HEARTBEAT {"datanodeUUID":"aa213937-adc5-47da-a770-0ee1e4664344","term":"2","command":"[]"} | ret=SUCCESS |  
2025-10-16 19:49:23,807 | INFO  | SCMAudit | user=runner | ip=127.0.0.1 | op=SEND_HEARTBEAT {"datanodeUUID":"e33e6ec4-6b66-4281-bedd-2bd75bd30070","term":"2","command":"[]"} | ret=SUCCESS |  
2025-10-16 19:49:23,808 | INFO  | SCMAudit | user=runner | ip=127.0.0.1 | op=SEND_HEARTBEAT {"datanodeUUID":"757ca056-973f-4f05-ab2d-6aff6c54d452","term":"2","command":"[]"} | ret=SUCCESS |  
2025-10-16 19:49:23,807 | INFO  | SCMAudit | user=runner | ip=127.0.0.1 | op=SEND_HEARTBEAT {"datanodeUUID":"e072d245-7694-4d97-8e20-c503ebf8c2fe","term":"2","command":"[]"} | ret=SUCCESS |  
2025-10-16 19:49:23,807 | INFO  | SCMAudit | user=runner | ip=127.0.0.1 | op=SEND_HEARTBEAT {"datanodeUUID":"8a0fa2ff-b550-4652-b2fe-0cf91cd4a157","term":"2","command":"[]"} | ret=SUCCESS |  
2025-10-16 19:49:23,807 [EventQueue-PipelineActionsForPipelineActionHandler] INFO  pipeline.PipelineActionHandler (PipelineActionHandler.java:processPipelineAction(89)) - Received pipeline action CLOSE for Pipeline-a6d455ad-cb8f-42d4-aaf7-6ca5f15a0415 from datanode e33e6ec4-6b66-4281-bedd-2bd75bd30070(localhost/127.0.0.1). Reason : Ratis Transaction failure in datanode e33e6ec4-6b66-4281-bedd-2bd75bd30070 with role LEADER .Triggering pipeline close action.
2025-10-16 19:49:23,809 [EventQueue-PipelineActionsForPipelineActionHandler] INFO  pipeline.PipelineActionHandler (PipelineActionHandler.java:processPipelineAction(89)) - Received pipeline action CLOSE for Pipeline-36270c74-4c8b-4dac-af71-cdbac21eb987 from datanode e33e6ec4-6b66-4281-bedd-2bd75bd30070(localhost/127.0.0.1). Reason : Ratis Transaction failure in datanode e33e6ec4-6b66-4281-bedd-2bd75bd30070 with role FOLLOWER .Triggering pipeline close action.
2025-10-16 19:49:23,809 [EventQueue-PipelineActionsForPipelineActionHandler] INFO  pipeline.PipelineActionHandler (PipelineActionHandler.java:processPipelineAction(89)) - Received pipeline action CLOSE for Pipeline-36c7da6a-14e2-433e-b882-35c832a27f16 from datanode 8a0fa2ff-b550-4652-b2fe-0cf91cd4a157(localhost/127.0.0.1). Reason : Ratis Transaction failure in datanode 8a0fa2ff-b550-4652-b2fe-0cf91cd4a157 with role FOLLOWER .Triggering pipeline close action.
2025-10-16 19:49:23,809 [EventQueue-PipelineActionsForPipelineActionHandler] INFO  pipeline.PipelineActionHandler (PipelineActionHandler.java:processPipelineAction(89)) - Received pipeline action CLOSE for Pipeline-36c7da6a-14e2-433e-b882-35c832a27f16 from datanode e072d245-7694-4d97-8e20-c503ebf8c2fe(localhost/127.0.0.1). Reason : Ratis Transaction failure in datanode e072d245-7694-4d97-8e20-c503ebf8c2fe with role FOLLOWER .Triggering pipeline close action.
2025-10-16 19:49:23,814 | INFO  | SCMAudit | user=runner | ip=127.0.0.1 | op=ALLOCATE_BLOCK {"replication":"RATIS/ONE","owner":"omServiceIdDefault","size":"4194304","sampleBlocks":"[conID: 7 locID: 115816896921600534]","num":"1","client":"","allocated":"1"} | ret=SUCCESS |  
2025-10-16 19:49:23,816 | INFO  | OMAudit | user=runner | ip=127.0.0.1 | op=ALLOCATE_BLOCK {"volume":"5c1ca8b1-d94e-4674-b2e6-0721ff6b1f02","bucket":"dfd75845-1e5c-4e5e-b8e2-6690ebd0f800","key":"c8a38914-64ec-434a-8292-e25fbd427ecd","dataSize":"20972020","replicationType":"RATIS","replicationFactor":"ONE","clientID":"115385575918797285","Transaction":"1944"} | ret=SUCCESS |  
2025-10-16 19:49:23,837 | INFO  | SCMAudit | user=runner | ip=127.0.0.1 | op=ALLOCATE_BLOCK {"replication":"RATIS/ONE","owner":"omServiceIdDefault","size":"4194304","sampleBlocks":"[conID: 10 locID: 115816896921600535]","num":"1","client":"","allocated":"1"} | ret=SUCCESS |  
2025-10-16 19:49:23,839 | INFO  | OMAudit | user=runner | ip=127.0.0.1 | op=ALLOCATE_BLOCK {"volume":"5c1ca8b1-d94e-4674-b2e6-0721ff6b1f02","bucket":"dfd75845-1e5c-4e5e-b8e2-6690ebd0f800","key":"c8a38914-64ec-434a-8292-e25fbd427ecd","dataSize":"20972020","replicationType":"RATIS","replicationFactor":"ONE","clientID":"115385575918797285","Transaction":"1945"} | ret=SUCCESS |  
2025-10-16 19:49:23,854 | INFO  | SCMAudit | user=runner | ip=127.0.0.1 | op=ALLOCATE_BLOCK {"replication":"RATIS/ONE","owner":"omServiceIdDefault","size":"4194304","sampleBlocks":"[conID: 9 locID: 115816896921600536]","num":"1","client":"","allocated":"1"} | ret=SUCCESS |  
2025-10-16 19:49:23,857 | INFO  | OMAudit | user=runner | ip=127.0.0.1 | op=ALLOCATE_BLOCK {"volume":"5c1ca8b1-d94e-4674-b2e6-0721ff6b1f02","bucket":"dfd75845-1e5c-4e5e-b8e2-6690ebd0f800","key":"c8a38914-64ec-434a-8292-e25fbd427ecd","dataSize":"20972020","replicationType":"RATIS","replicationFactor":"ONE","clientID":"115385575918797285","Transaction":"1946"} | ret=SUCCESS |  
2025-10-16 19:49:23,887 | INFO  | SCMAudit | user=runner | ip=127.0.0.1 | op=ALLOCATE_BLOCK {"replication":"RATIS/ONE","owner":"omServiceIdDefault","size":"4194304","sampleBlocks":"[conID: 5 locID: 115816896921600537]","num":"1","client":"","allocated":"1"} | ret=SUCCESS |  
2025-10-16 19:49:23,889 | INFO  | OMAudit | user=runner | ip=127.0.0.1 | op=ALLOCATE_BLOCK {"volume":"5c1ca8b1-d94e-4674-b2e6-0721ff6b1f02","bucket":"dfd75845-1e5c-4e5e-b8e2-6690ebd0f800","key":"c8a38914-64ec-434a-8292-e25fbd427ecd","dataSize":"20972020","replicationType":"RATIS","replicationFactor":"ONE","clientID":"115385575918797285","Transaction":"1947"} | ret=SUCCESS |  
2025-10-16 19:49:23,911 | INFO  | SCMAudit | user=runner | ip=127.0.0.1 | op=ALLOCATE_BLOCK {"replication":"RATIS/ONE","owner":"omServiceIdDefault","size":"4194304","sampleBlocks":"[conID: 9 locID: 115816896921600538]","num":"1","client":"","allocated":"1"} | ret=SUCCESS |  
2025-10-16 19:49:23,913 | INFO  | OMAudit | user=runner | ip=127.0.0.1 | op=ALLOCATE_BLOCK {"volume":"5c1ca8b1-d94e-4674-b2e6-0721ff6b1f02","bucket":"dfd75845-1e5c-4e5e-b8e2-6690ebd0f800","key":"c8a38914-64ec-434a-8292-e25fbd427ecd","dataSize":"20972020","replicationType":"RATIS","replicationFactor":"ONE","clientID":"115385575918797285","Transaction":"1948"} | ret=SUCCESS |  
2025-10-16 19:49:23,930 | INFO  | SCMAudit | user=runner | ip=127.0.0.1 | op=ALLOCATE_BLOCK {"replication":"RATIS/ONE","owner":"omServiceIdDefault","size":"4194304","sampleBlocks":"[conID: 12 locID: 115816896921600539]","num":"1","client":"","allocated":"1"} | ret=SUCCESS |  
2025-10-16 19:49:23,932 | INFO  | OMAudit | user=runner | ip=127.0.0.1 | op=ALLOCATE_BLOCK {"volume":"5c1ca8b1-d94e-4674-b2e6-0721ff6b1f02","bucket":"dfd75845-1e5c-4e5e-b8e2-6690ebd0f800","key":"c8a38914-64ec-434a-8292-e25fbd427ecd","dataSize":"20972020","replicationType":"RATIS","replicationFactor":"ONE","clientID":"115385575918797285","Transaction":"1949"} | ret=SUCCESS |  
2025-10-16 19:49:23,980 | INFO  | OMAudit | user=runner | ip=127.0.0.1 | op=COMMIT_MULTIPART_UPLOAD_PARTKEY {"volume":"5c1ca8b1-d94e-4674-b2e6-0721ff6b1f02","bucket":"dfd75845-1e5c-4e5e-b8e2-6690ebd0f800","key":"c8a38914-64ec-434a-8292-e25fbd427ecd","dataSize":"20972020","ETag":"43167ada35a69f92e504c8f80e922d23","uploadID":"0199ee91-e8d5-784a-93b9-878fce1a8ac6-115385575918600676","partNumber":"1","partName":"/5c1ca8b1-d94e-4674-b2e6-0721ff6b1f02/dfd75845-1e5c-4e5e-b8e2-6690ebd0f800/c8a38914-64ec-434a-8292-e25fbd427ecd-0199ee91-e8d5-784a-93b9-878fce1a8ac6-115385575918600676-1","Transaction":"1950"} | ret=SUCCESS |  
2025-10-16 19:49:23,982 | INFO  | OMAudit | user=runner | ip=127.0.0.1 | op=READ_VOLUME {"volume":"5c1ca8b1-d94e-4674-b2e6-0721ff6b1f02"} | ret=SUCCESS |  
2025-10-16 19:49:23,983 | INFO  | OMAudit | user=runner | ip=127.0.0.1 | op=READ_BUCKET {"volume":"5c1ca8b1-d94e-4674-b2e6-0721ff6b1f02","bucket":"dfd75845-1e5c-4e5e-b8e2-6690ebd0f800"} | ret=SUCCESS |  
2025-10-16 19:49:23,985 [om1-OMStateMachineApplyTransactionThread - 0] DEBUG db.CodecBuffer (CodecBuffer.java:setCapacity(331)) - setCapacity: 4096 -> 4260, max=2147483647
2025-10-16 19:49:23,985 | INFO  | OMAudit | user=runner | ip=127.0.0.1 | op=ABORT_MULTIPART_UPLOAD {"volume":"5c1ca8b1-d94e-4674-b2e6-0721ff6b1f02","bucket":"dfd75845-1e5c-4e5e-b8e2-6690ebd0f800","key":"c8a38914-64ec-434a-8292-e25fbd427ecd","dataSize":"0","uploadID":"0199ee91-e8d5-784a-93b9-878fce1a8ac6-115385575918600676","Transaction":"1951"} | ret=SUCCESS |  
2025-10-16 19:49:23,986 | INFO  | OMAudit | user=runner | ip=127.0.0.1 | op=READ_VOLUME {"volume":"5c1ca8b1-d94e-4674-b2e6-0721ff6b1f02"} | ret=SUCCESS |  
2025-10-16 19:49:23,987 | INFO  | OMAudit | user=runner | ip=127.0.0.1 | op=READ_BUCKET {"volume":"5c1ca8b1-d94e-4674-b2e6-0721ff6b1f02","bucket":"dfd75845-1e5c-4e5e-b8e2-6690ebd0f800"} | ret=SUCCESS |  
]]></system-out>
  </testcase>
  <testcase name="testValidateBlockLengthWithCommitKey" classname="org.apache.hadoop.ozone.client.rpc.TestSecureOzoneRpcClient" time="0.025">
    <system-out><![CDATA[2025-10-16 19:49:23,990 [ForkJoinPool-1-worker-1] INFO  rpc.RpcClient (RpcClient.java:createVolume(461)) - Creating Volume: 2232f3e3-d242-4c63-a0f5-01438d61e338, with runner as owner and space quota set to -1 bytes, counts quota set to -1
2025-10-16 19:49:23,991 [om1-OMStateMachineApplyTransactionThread - 0] INFO  volume.OMVolumeCreateRequest (OMVolumeCreateRequest.java:validateAndUpdateCache(213)) - created volume:2232f3e3-d242-4c63-a0f5-01438d61e338 for user:runner
2025-10-16 19:49:23,992 | INFO  | OMAudit | user=runner | ip=127.0.0.1 | op=CREATE_VOLUME {"admin":"runner","owner":"runner","volume":"2232f3e3-d242-4c63-a0f5-01438d61e338","creationTime":"1760644163990","modificationTime":"1760644163990","quotaInBytes":"-1","quotaInNamespace":"-1","usedNamespace":"0","objectID":"-9223372036854276096","updateID":"1952","Transaction":"1952"} | ret=SUCCESS |  
2025-10-16 19:49:23,993 | INFO  | OMAudit | user=runner | ip=127.0.0.1 | op=READ_VOLUME {"volume":"2232f3e3-d242-4c63-a0f5-01438d61e338"} | ret=SUCCESS |  
2025-10-16 19:49:23,993 [ForkJoinPool-1-worker-1] INFO  rpc.RpcClient (RpcClient.java:createBucket(686)) - Creating Bucket: 2232f3e3-d242-4c63-a0f5-01438d61e338/0ece1780-50a4-48cd-ba6c-a134f4368e27, with server-side default bucket layout, runner as owner, Versioning false, Storage Type set to DISK and Encryption set to false, Replication Type set to server-side default replication type, Namespace Quota set to -1, Space Quota set to -1 
2025-10-16 19:49:23,995 [om1-OMStateMachineApplyTransactionThread - 0] INFO  bucket.OMBucketCreateRequest (OMBucketCreateRequest.java:validateAndUpdateCache(303)) - created bucket: 0ece1780-50a4-48cd-ba6c-a134f4368e27 of layout FILE_SYSTEM_OPTIMIZED in volume: 2232f3e3-d242-4c63-a0f5-01438d61e338
2025-10-16 19:49:23,995 | INFO  | OMAudit | user=runner | ip=127.0.0.1 | op=CREATE_BUCKET {"volume":"2232f3e3-d242-4c63-a0f5-01438d61e338","bucket":"0ece1780-50a4-48cd-ba6c-a134f4368e27","bucketLayout":"FILE_SYSTEM_OPTIMIZED","gdprEnabled":null,"acls":"[user:runner:a[ACCESS], group:runner:rl[ACCESS]]","isVersionEnabled":"false","storageType":"DISK","creationTime":"1760644163994","bucketEncryptionKey":null,"modificationTime":"1760644163994","usedBytes":"0","usedNamespace":"0","snapshotUsedBytes":"0","snapshotUsedNamespace":"0","owner":"runner","replicationType":null,"replicationConfig":null,"quotaInBytes":"-1","quotaInNamespace":"-1","Transaction":"1953"} | ret=SUCCESS |  
2025-10-16 19:49:23,996 | INFO  | OMAudit | user=runner | ip=127.0.0.1 | op=READ_BUCKET {"volume":"2232f3e3-d242-4c63-a0f5-01438d61e338","bucket":"0ece1780-50a4-48cd-ba6c-a134f4368e27"} | ret=SUCCESS |  
2025-10-16 19:49:23,997 | INFO  | OMAudit | user=runner | ip=127.0.0.1 | op=READ_BUCKET {"volume":"2232f3e3-d242-4c63-a0f5-01438d61e338","bucket":"0ece1780-50a4-48cd-ba6c-a134f4368e27"} | ret=SUCCESS |  
2025-10-16 19:49:23,998 | INFO  | SCMAudit | user=runner | ip=127.0.0.1 | op=ALLOCATE_BLOCK {"replication":"RATIS/ONE","owner":"omServiceIdDefault","size":"4194304","sampleBlocks":"[conID: 3 locID: 115816896921600540]","num":"1","client":"","allocated":"1"} | ret=SUCCESS |  
2025-10-16 19:49:23,999 | INFO  | OMAudit | user=runner | ip=127.0.0.1 | op=ALLOCATE_KEY {"volume":"2232f3e3-d242-4c63-a0f5-01438d61e338","bucket":"0ece1780-50a4-48cd-ba6c-a134f4368e27","key":"a51b64b9-eef3-4cf1-99fb-a377f2200ed8","dataSize":"417","replicationType":"RATIS","replicationFactor":"ONE","Transaction":"1954"} | ret=SUCCESS |  
2025-10-16 19:49:24,009 | INFO  | OMAudit | user=runner | ip=127.0.0.1 | op=COMMIT_KEY {"volume":"2232f3e3-d242-4c63-a0f5-01438d61e338","bucket":"0ece1780-50a4-48cd-ba6c-a134f4368e27","key":"a51b64b9-eef3-4cf1-99fb-a377f2200ed8","dataSize":"417","replicationType":"RATIS","replicationFactor":"ONE","Transaction":"1955"} | ret=SUCCESS |  
2025-10-16 19:49:24,013 | INFO  | SCMAudit | user=runner | ip=127.0.0.1 | op=GET_CONTAINER_WITH_PIPELINE_BATCH {"containerIDs":"#3,"} | ret=SUCCESS |  
2025-10-16 19:49:24,013 | INFO  | OMAudit | user=null | ip= | op=READ_KEY {"volume":"2232f3e3-d242-4c63-a0f5-01438d61e338","bucket":"0ece1780-50a4-48cd-ba6c-a134f4368e27","key":"a51b64b9-eef3-4cf1-99fb-a377f2200ed8","owner":null,"dataSize":"0","replicationConfig":null} | ret=SUCCESS |  
]]></system-out>
  </testcase>
  <testcase name="testVolumeSetOwner" classname="org.apache.hadoop.ozone.client.rpc.TestSecureOzoneRpcClient" time="0.01">
    <system-out><![CDATA[2025-10-16 19:49:24,015 [ForkJoinPool-1-worker-1] INFO  rpc.RpcClient (RpcClient.java:createVolume(461)) - Creating Volume: dadd4acb-f006-43f5-b7da-0de813490d99, with runner as owner and space quota set to -1 bytes, counts quota set to -1
2025-10-16 19:49:24,017 [om1-OMStateMachineApplyTransactionThread - 0] INFO  volume.OMVolumeCreateRequest (OMVolumeCreateRequest.java:validateAndUpdateCache(213)) - created volume:dadd4acb-f006-43f5-b7da-0de813490d99 for user:runner
2025-10-16 19:49:24,018 | INFO  | OMAudit | user=runner | ip=127.0.0.1 | op=CREATE_VOLUME {"admin":"runner","owner":"runner","volume":"dadd4acb-f006-43f5-b7da-0de813490d99","creationTime":"1760644164016","modificationTime":"1760644164016","quotaInBytes":"-1","quotaInNamespace":"-1","usedNamespace":"0","objectID":"-9223372036854275072","updateID":"1956","Transaction":"1956"} | ret=SUCCESS |  
2025-10-16 19:49:24,022 | INFO  | OMAudit | user=runner | ip=127.0.0.1 | op=SET_OWNER {"volume":"dadd4acb-f006-43f5-b7da-0de813490d99","owner":"someRandomUser1","Transaction":"1957"} | ret=SUCCESS |  
2025-10-16 19:49:24,024 [om1-OMStateMachineApplyTransactionThread - 0] WARN  volume.OMVolumeSetOwnerRequest (OMVolumeSetOwnerRequest.java:validateAndUpdateCache(131)) - Volume 'dadd4acb-f006-43f5-b7da-0de813490d99' owner is already user 'someRandomUser1'.
]]></system-out>
  </testcase>
  <testcase name="testVolumeUsedNamespace" classname="org.apache.hadoop.ozone.client.rpc.TestSecureOzoneRpcClient" time="0.025">
    <system-out><![CDATA[2025-10-16 19:49:24,026 [ForkJoinPool-1-worker-1] INFO  rpc.RpcClient (RpcClient.java:createVolume(461)) - Creating Volume: 1b67ffe4-9628-468d-8698-b9e639c85dc0, with runner as owner and space quota set to -1 bytes, counts quota set to 1
2025-10-16 19:49:24,028 [om1-OMStateMachineApplyTransactionThread - 0] INFO  volume.OMVolumeCreateRequest (OMVolumeCreateRequest.java:validateAndUpdateCache(213)) - created volume:1b67ffe4-9628-468d-8698-b9e639c85dc0 for user:runner
2025-10-16 19:49:24,028 | INFO  | OMAudit | user=runner | ip=127.0.0.1 | op=CREATE_VOLUME {"admin":"runner","owner":"runner","volume":"1b67ffe4-9628-468d-8698-b9e639c85dc0","creationTime":"1760644164027","modificationTime":"1760644164027","quotaInBytes":"-1","quotaInNamespace":"1","usedNamespace":"0","objectID":"-9223372036854274304","updateID":"1959","Transaction":"1959"} | ret=SUCCESS |  
2025-10-16 19:49:24,030 | INFO  | OMAudit | user=runner | ip=127.0.0.1 | op=READ_VOLUME {"volume":"1b67ffe4-9628-468d-8698-b9e639c85dc0"} | ret=SUCCESS |  
2025-10-16 19:49:24,030 [ForkJoinPool-1-worker-1] INFO  rpc.RpcClient (RpcClient.java:createBucket(686)) - Creating Bucket: 1b67ffe4-9628-468d-8698-b9e639c85dc0/e1235a5d-0e5a-4d5e-a4a4-8a8ca89be8f0, with server-side default bucket layout, runner as owner, Versioning false, Storage Type set to DISK and Encryption set to false, Replication Type set to server-side default replication type, Namespace Quota set to -1, Space Quota set to -1 
2025-10-16 19:49:24,032 [om1-OMStateMachineApplyTransactionThread - 0] INFO  bucket.OMBucketCreateRequest (OMBucketCreateRequest.java:validateAndUpdateCache(303)) - created bucket: e1235a5d-0e5a-4d5e-a4a4-8a8ca89be8f0 of layout FILE_SYSTEM_OPTIMIZED in volume: 1b67ffe4-9628-468d-8698-b9e639c85dc0
2025-10-16 19:49:24,032 | INFO  | OMAudit | user=runner | ip=127.0.0.1 | op=CREATE_BUCKET {"volume":"1b67ffe4-9628-468d-8698-b9e639c85dc0","bucket":"e1235a5d-0e5a-4d5e-a4a4-8a8ca89be8f0","bucketLayout":"FILE_SYSTEM_OPTIMIZED","gdprEnabled":null,"acls":"[user:runner:a[ACCESS], group:runner:rl[ACCESS]]","isVersionEnabled":"false","storageType":"DISK","creationTime":"1760644164031","bucketEncryptionKey":null,"modificationTime":"1760644164031","usedBytes":"0","usedNamespace":"0","snapshotUsedBytes":"0","snapshotUsedNamespace":"0","owner":"runner","replicationType":null,"replicationConfig":null,"quotaInBytes":"-1","quotaInNamespace":"-1","Transaction":"1960"} | ret=SUCCESS |  
2025-10-16 19:49:24,033 | INFO  | OMAudit | user=runner | ip=127.0.0.1 | op=READ_VOLUME {"volume":"1b67ffe4-9628-468d-8698-b9e639c85dc0"} | ret=SUCCESS |  
2025-10-16 19:49:24,034 [ForkJoinPool-1-worker-1] INFO  rpc.RpcClient (RpcClient.java:createBucket(686)) - Creating Bucket: 1b67ffe4-9628-468d-8698-b9e639c85dc0/466c678c-584a-4ad4-9586-9c35103ec16c, with server-side default bucket layout, runner as owner, Versioning false, Storage Type set to DISK and Encryption set to false, Replication Type set to server-side default replication type, Namespace Quota set to -1, Space Quota set to -1 
2025-10-16 19:49:24,035 [om1-OMStateMachineApplyTransactionThread - 0] ERROR bucket.OMBucketCreateRequest (OMBucketCreateRequest.java:validateAndUpdateCache(315)) - Bucket creation failed for bucket:466c678c-584a-4ad4-9586-9c35103ec16c in volume:1b67ffe4-9628-468d-8698-b9e639c85dc0
QUOTA_EXCEEDED org.apache.hadoop.ozone.om.exceptions.OMException: The namespace quota of Volume:1b67ffe4-9628-468d-8698-b9e639c85dc0 exceeded: quotaInNamespace: 1 but namespace consumed: 2.
	at org.apache.hadoop.ozone.om.request.bucket.OMBucketCreateRequest.checkQuotaInNamespace(OMBucketCreateRequest.java:361)
	at org.apache.hadoop.ozone.om.request.bucket.OMBucketCreateRequest.validateAndUpdateCache(OMBucketCreateRequest.java:263)
	at org.apache.hadoop.ozone.protocolPB.OzoneManagerRequestHandler.lambda$0(OzoneManagerRequestHandler.java:418)
	at org.apache.hadoop.ozone.util.MetricUtil.captureLatencyNs(MetricUtil.java:45)
	at org.apache.hadoop.ozone.protocolPB.OzoneManagerRequestHandler.handleWriteRequestImpl(OzoneManagerRequestHandler.java:416)
	at org.apache.hadoop.ozone.protocolPB.RequestHandler.handleWriteRequest(RequestHandler.java:62)
	at org.apache.hadoop.ozone.om.ratis.OzoneManagerStateMachine.runCommand(OzoneManagerStateMachine.java:599)
	at org.apache.hadoop.ozone.om.ratis.OzoneManagerStateMachine.lambda$3(OzoneManagerStateMachine.java:415)
	at java.base/java.util.concurrent.CompletableFuture$AsyncSupply.run(CompletableFuture.java:1768)
	at java.base/java.util.concurrent.ThreadPoolExecutor.runWorker(ThreadPoolExecutor.java:1144)
	at java.base/java.util.concurrent.ThreadPoolExecutor$Worker.run(ThreadPoolExecutor.java:642)
	at java.base/java.lang.Thread.run(Thread.java:1583)
2025-10-16 19:49:24,035 | ERROR | OMAudit | user=runner | ip=127.0.0.1 | op=CREATE_BUCKET {"volume":"1b67ffe4-9628-468d-8698-b9e639c85dc0","bucket":"466c678c-584a-4ad4-9586-9c35103ec16c","bucketLayout":"FILE_SYSTEM_OPTIMIZED","gdprEnabled":null,"acls":"[user:runner:a[ACCESS], group:runner:rl[ACCESS]]","isVersionEnabled":"false","storageType":"DISK","creationTime":"1760644164034","bucketEncryptionKey":null,"modificationTime":"1760644164034","usedBytes":"0","usedNamespace":"0","snapshotUsedBytes":"0","snapshotUsedNamespace":"0","owner":"runner","replicationType":null,"replicationConfig":null,"quotaInBytes":"-1","quotaInNamespace":"-1","Transaction":"1961"} | ret=FAILURE | 
org.apache.hadoop.ozone.om.exceptions.OMException: The namespace quota of Volume:1b67ffe4-9628-468d-8698-b9e639c85dc0 exceeded: quotaInNamespace: 1 but namespace consumed: 2.
	at org.apache.hadoop.ozone.om.request.bucket.OMBucketCreateRequest.checkQuotaInNamespace(OMBucketCreateRequest.java:361)
	at org.apache.hadoop.ozone.om.request.bucket.OMBucketCreateRequest.validateAndUpdateCache(OMBucketCreateRequest.java:263)
 
2025-10-16 19:49:24,036 [ForkJoinPool-1-worker-1] INFO  rpc.RpcClient (RpcClient.java:createVolume(461)) - Creating Volume: 9b780dc5-7281-45ec-9658-1c9559c10d75, with runner as owner and space quota set to -1 bytes, counts quota set to -1
2025-10-16 19:49:24,038 [om1-OMStateMachineApplyTransactionThread - 0] INFO  volume.OMVolumeCreateRequest (OMVolumeCreateRequest.java:validateAndUpdateCache(213)) - created volume:9b780dc5-7281-45ec-9658-1c9559c10d75 for user:runner
2025-10-16 19:49:24,038 | INFO  | OMAudit | user=runner | ip=127.0.0.1 | op=CREATE_VOLUME {"admin":"runner","owner":"runner","volume":"9b780dc5-7281-45ec-9658-1c9559c10d75","creationTime":"1760644164037","modificationTime":"1760644164037","quotaInBytes":"-1","quotaInNamespace":"-1","usedNamespace":"0","objectID":"-9223372036854273536","updateID":"1962","Transaction":"1962"} | ret=SUCCESS |  
2025-10-16 19:49:24,039 | INFO  | OMAudit | user=runner | ip=127.0.0.1 | op=READ_VOLUME {"volume":"9b780dc5-7281-45ec-9658-1c9559c10d75"} | ret=SUCCESS |  
2025-10-16 19:49:24,039 [ForkJoinPool-1-worker-1] INFO  rpc.RpcClient (RpcClient.java:createBucket(686)) - Creating Bucket: 9b780dc5-7281-45ec-9658-1c9559c10d75/a390d30d-e0be-4912-ac93-00c6dfa7cf5d, with server-side default bucket layout, runner as owner, Versioning false, Storage Type set to DISK and Encryption set to false, Replication Type set to server-side default replication type, Namespace Quota set to -1, Space Quota set to -1 
2025-10-16 19:49:24,041 [om1-OMStateMachineApplyTransactionThread - 0] INFO  bucket.OMBucketCreateRequest (OMBucketCreateRequest.java:validateAndUpdateCache(303)) - created bucket: a390d30d-e0be-4912-ac93-00c6dfa7cf5d of layout FILE_SYSTEM_OPTIMIZED in volume: 9b780dc5-7281-45ec-9658-1c9559c10d75
2025-10-16 19:49:24,042 | INFO  | OMAudit | user=runner | ip=127.0.0.1 | op=CREATE_BUCKET {"volume":"9b780dc5-7281-45ec-9658-1c9559c10d75","bucket":"a390d30d-e0be-4912-ac93-00c6dfa7cf5d","bucketLayout":"FILE_SYSTEM_OPTIMIZED","gdprEnabled":null,"acls":"[user:runner:a[ACCESS], group:runner:rl[ACCESS], world:WORLD:rw[ACCESS]]","isVersionEnabled":"false","storageType":"DISK","creationTime":"1760644164041","bucketEncryptionKey":null,"modificationTime":"1760644164041","sourceVolume":"1b67ffe4-9628-468d-8698-b9e639c85dc0","sourceBucket":"e1235a5d-0e5a-4d5e-a4a4-8a8ca89be8f0","usedBytes":"0","usedNamespace":"0","snapshotUsedBytes":"0","snapshotUsedNamespace":"0","owner":"runner","replicationType":null,"replicationConfig":null,"quotaInBytes":"-1","quotaInNamespace":"-1","Transaction":"1963"} | ret=SUCCESS |  
2025-10-16 19:49:24,043 | INFO  | OMAudit | user=runner | ip=127.0.0.1 | op=READ_VOLUME {"volume":"1b67ffe4-9628-468d-8698-b9e639c85dc0"} | ret=SUCCESS |  
2025-10-16 19:49:24,044 | INFO  | OMAudit | user=runner | ip=127.0.0.1 | op=READ_VOLUME {"volume":"1b67ffe4-9628-468d-8698-b9e639c85dc0"} | ret=SUCCESS |  
2025-10-16 19:49:24,045 | INFO  | OMAudit | user=runner | ip=127.0.0.1 | op=SET_QUOTA {"volume":"1b67ffe4-9628-468d-8698-b9e639c85dc0","quotaInBytes":"-1","Transaction":"1964"} | ret=SUCCESS |  
2025-10-16 19:49:24,046 | INFO  | OMAudit | user=runner | ip=127.0.0.1 | op=READ_VOLUME {"volume":"1b67ffe4-9628-468d-8698-b9e639c85dc0"} | ret=SUCCESS |  
2025-10-16 19:49:24,049 | INFO  | OMAudit | user=runner | ip=127.0.0.1 | op=DELETE_BUCKET {"volume":"1b67ffe4-9628-468d-8698-b9e639c85dc0","bucket":"e1235a5d-0e5a-4d5e-a4a4-8a8ca89be8f0","Transaction":"1965"} | ret=SUCCESS |  
2025-10-16 19:49:24,050 | INFO  | OMAudit | user=runner | ip=127.0.0.1 | op=READ_VOLUME {"volume":"1b67ffe4-9628-468d-8698-b9e639c85dc0"} | ret=SUCCESS |  
]]></system-out>
  </testcase>
  <testcase name="testZReadKeyWithUnhealthyContainerReplica" classname="org.apache.hadoop.ozone.client.rpc.TestSecureOzoneRpcClient" time="0.001"/>
</testsuite>